[
  {
    "Plan": {
      "Node Type": "Aggregate",
      "Strategy": "Plain",
      "Partial Mode": "Finalize",
      "Parallel Aware": false,
      "Startup Cost": 316845.15,
      "Total Cost": 316845.16,
      "Plan Rows": 1,
      "Plan Width": 8,
      "Actual Startup Time": 222.1,
      "Actual Total Time": 259.097,
      "Actual Rows": 1,
      "Actual Loops": 1,
      "Plans": [
        {
          "Node Type": "Gather",
          "Parent Relationship": "Outer",
          "Parallel Aware": false,
          "Startup Cost": 316844.73,
          "Total Cost": 316845.14,
          "Plan Rows": 4,
          "Plan Width": 8,
          "Actual Startup Time": 221.952,
          "Actual Total Time": 259.082,
          "Actual Rows": 5,
          "Actual Loops": 1,
          "Workers Planned": 4,
          "Workers Launched": 4,
          "Single Copy": false,
          "Plans": [
            {
              "Node Type": "Aggregate",
              "Strategy": "Plain",
              "Partial Mode": "Partial",
              "Parent Relationship": "Outer",
              "Parallel Aware": false,
              "Startup Cost": 315844.73,
              "Total Cost": 315844.74,
              "Plan Rows": 1,
              "Plan Width": 8,
              "Actual Startup Time": 213.144,
              "Actual Total Time": 213.145,
              "Actual Rows": 1,
              "Actual Loops": 5,
              "Plans": [
                {
                  "Node Type": "Nested Loop",
                  "Parent Relationship": "Outer",
                  "Parallel Aware": false,
                  "Join Type": "Inner",
                  "Startup Cost": 0.56,
                  "Total Cost": 315769.44,
                  "Plan Rows": 30114,
                  "Plan Width": 0,
                  "Actual Startup Time": 0.778,
                  "Actual Total Time": 211.345,
                  "Actual Rows": 18597,
                  "Actual Loops": 5,
                  "Inner Unique": false,
                  "Plans": [
                    {
                      "Node Type": "Seq Scan",
                      "Parent Relationship": "Outer",
                      "Parallel Aware": true,
                      "Relation Name": "title",
                      "Alias": "t",
                      "Startup Cost": 0.0,
                      "Total Cost": 43898.92,
                      "Plan Rows": 3540,
                      "Plan Width": 4,
                      "Actual Startup Time": 0.367,
                      "Actual Total Time": 70.429,
                      "Actual Rows": 2870,
                      "Actual Loops": 5,
                      "Filter": "(production_year = 1969)",
                      "Rows Removed by Filter": 502793
                    },
                    {
                      "Node Type": "Index Scan",
                      "Parent Relationship": "Inner",
                      "Parallel Aware": false,
                      "Scan Direction": "Forward",
                      "Index Name": "movie_id_cast_info",
                      "Relation Name": "cast_info",
                      "Alias": "ci",
                      "Startup Cost": 0.56,
                      "Total Cost": 76.58,
                      "Plan Rows": 22,
                      "Plan Width": 4,
                      "Actual Startup Time": 0.028,
                      "Actual Total Time": 0.048,
                      "Actual Rows": 6,
                      "Actual Loops": 14349,
                      "Index Cond": "(movie_id = t.id)",
                      "Rows Removed by Index Recheck": 0,
                      "Filter": "((person_id < 3459377) AND (role_id > 1))",
                      "Rows Removed by Filter": 6
                    }
                  ]
                }
              ]
            }
          ]
        }
      ]
    },
    "Planning Time": 0.526,
    "Triggers": [],
    "Execution Time": 259.177
  }
]