[
  {
    "Plan": {
      "Node Type": "Aggregate",
      "Strategy": "Plain",
      "Partial Mode": "Simple",
      "Parallel Aware": false,
      "Startup Cost": 598792.18,
      "Total Cost": 598792.19,
      "Plan Rows": 1,
      "Plan Width": 64,
      "Actual Startup Time": 48028.691,
      "Actual Total Time": 48028.825,
      "Actual Rows": 1,
      "Actual Loops": 1,
      "Output": [
        "min(an1.name)",
        "min(t.title)"
      ],
      "Plans": [
        {
          "Node Type": "Hash Join",
          "Parent Relationship": "Outer",
          "Parallel Aware": false,
          "Join Type": "Inner",
          "Startup Cost": 530188.35,
          "Total Cost": 562711.79,
          "Plan Rows": 7216078,
          "Plan Width": 33,
          "Actual Startup Time": 45382.455,
          "Actual Total Time": 47999.991,
          "Actual Rows": 323005,
          "Actual Loops": 1,
          "Output": [
            "an1.name",
            "t.title"
          ],
          "Inner Unique": false,
          "Hash Cond": "(an1.person_id = n1.id)",
          "Plans": [
            {
              "Node Type": "Seq Scan",
              "Parent Relationship": "Outer",
              "Parallel Aware": false,
              "Relation Name": "aka_name",
              "Schema": "public",
              "Alias": "an1",
              "Startup Cost": 0.0,
              "Total Cost": 20409.43,
              "Plan Rows": 901343,
              "Plan Width": 20,
              "Actual Startup Time": 0.074,
              "Actual Total Time": 735.686,
              "Actual Rows": 901343,
              "Actual Loops": 1,
              "Output": [
                "an1.id",
                "an1.person_id",
                "an1.name",
                "an1.imdb_index",
                "an1.name_pcode_cf",
                "an1.name_pcode_nf",
                "an1.surname_pcode",
                "an1.md5sum"
              ]
            },
            {
              "Node Type": "Hash",
              "Parent Relationship": "Inner",
              "Parallel Aware": false,
              "Startup Cost": 492732.79,
              "Total Cost": 492732.79,
              "Plan Rows": 2996445,
              "Plan Width": 25,
              "Actual Startup Time": 45275.929,
              "Actual Total Time": 45276.05,
              "Actual Rows": 285538,
              "Actual Loops": 1,
              "Output": [
                "ci.person_id",
                "n1.id",
                "t.title"
              ],
              "Hash Buckets": 4194304,
              "Original Hash Buckets": 4194304,
              "Hash Batches": 1,
              "Original Hash Batches": 1,
              "Peak Memory Usage": 48720,
              "Plans": [
                {
                  "Node Type": "Hash Join",
                  "Parent Relationship": "Outer",
                  "Parallel Aware": false,
                  "Join Type": "Inner",
                  "Startup Cost": 314782.11,
                  "Total Cost": 492732.79,
                  "Plan Rows": 2996445,
                  "Plan Width": 25,
                  "Actual Startup Time": 42272.318,
                  "Actual Total Time": 44974.799,
                  "Actual Rows": 285538,
                  "Actual Loops": 1,
                  "Output": [
                    "ci.person_id",
                    "n1.id",
                    "t.title"
                  ],
                  "Inner Unique": true,
                  "Hash Cond": "(ci.person_id = n1.id)",
                  "Plans": [
                    {
                      "Node Type": "Hash Join",
                      "Parent Relationship": "Outer",
                      "Parallel Aware": false,
                      "Join Type": "Inner",
                      "Startup Cost": 165399.26,
                      "Total Cost": 335484.26,
                      "Plan Rows": 2996445,
                      "Plan Width": 21,
                      "Actual Startup Time": 23382.167,
                      "Actual Total Time": 25806.661,
                      "Actual Rows": 285538,
                      "Actual Loops": 1,
                      "Output": [
                        "ci.person_id",
                        "t.title"
                      ],
                      "Inner Unique": false,
                      "Hash Cond": "(ci.movie_id = t.id)",
                      "Plans": [
                        {
                          "Node Type": "Nested Loop",
                          "Parent Relationship": "Outer",
                          "Parallel Aware": false,
                          "Join Type": "Inner",
                          "Startup Cost": 0.56,
                          "Total Cost": 147572.66,
                          "Plan Rows": 3021065,
                          "Plan Width": 8,
                          "Actual Startup Time": 1.211,
                          "Actual Total Time": 334.175,
                          "Actual Rows": 276403,
                          "Actual Loops": 1,
                          "Output": [
                            "ci.person_id",
                            "ci.movie_id"
                          ],
                          "Inner Unique": false,
                          "Plans": [
                            {
                              "Node Type": "Seq Scan",
                              "Parent Relationship": "Outer",
                              "Parallel Aware": false,
                              "Relation Name": "role_type",
                              "Schema": "public",
                              "Alias": "rt",
                              "Startup Cost": 0.0,
                              "Total Cost": 1.15,
                              "Plan Rows": 1,
                              "Plan Width": 4,
                              "Actual Startup Time": 0.199,
                              "Actual Total Time": 0.618,
                              "Actual Rows": 1,
                              "Actual Loops": 1,
                              "Output": [
                                "rt.id",
                                "rt.role"
                              ],
                              "Filter": "((rt.role)::text = 'costume designer'::text)",
                              "Rows Removed by Filter": 11
                            },
                            {
                              "Node Type": "Index Scan",
                              "Parent Relationship": "Inner",
                              "Parallel Aware": false,
                              "Scan Direction": "Forward",
                              "Index Name": "role_id_cast_info",
                              "Relation Name": "cast_info",
                              "Schema": "public",
                              "Alias": "ci",
                              "Startup Cost": 0.56,
                              "Total Cost": 114614.44,
                              "Plan Rows": 3295707,
                              "Plan Width": 12,
                              "Actual Startup Time": 0.583,
                              "Actual Total Time": 303.437,
                              "Actual Rows": 276403,
                              "Actual Loops": 1,
                              "Output": [
                                "ci.id",
                                "ci.person_id",
                                "ci.movie_id",
                                "ci.person_role_id",
                                "ci.note",
                                "ci.nr_order",
                                "ci.role_id"
                              ],
                              "Index Cond": "(ci.role_id = rt.id)",
                              "Rows Removed by Index Recheck": 0
                            }
                          ]
                        },
                        {
                          "Node Type": "Hash",
                          "Parent Relationship": "Inner",
                          "Parallel Aware": false,
                          "Startup Cost": 153698.96,
                          "Total Cost": 153698.96,
                          "Plan Rows": 935979,
                          "Plan Width": 25,
                          "Actual Startup Time": 23357.231,
                          "Actual Total Time": 23357.288,
                          "Actual Rows": 1153798,
                          "Actual Loops": 1,
                          "Output": [
                            "mc.movie_id",
                            "t.title",
                            "t.id"
                          ],
                          "Hash Buckets": 2097152,
                          "Original Hash Buckets": 1048576,
                          "Hash Batches": 1,
                          "Original Hash Batches": 1,
                          "Peak Memory Usage": 84892,
                          "Plans": [
                            {
                              "Node Type": "Hash Join",
                              "Parent Relationship": "Outer",
                              "Parallel Aware": false,
                              "Join Type": "Inner",
                              "Startup Cost": 70416.34,
                              "Total Cost": 153698.96,
                              "Plan Rows": 935979,
                              "Plan Width": 25,
                              "Actual Startup Time": 4248.658,
                              "Actual Total Time": 20265.843,
                              "Actual Rows": 1153798,
                              "Actual Loops": 1,
                              "Output": [
                                "mc.movie_id",
                                "t.title",
                                "t.id"
                              ],
                              "Inner Unique": false,
                              "Hash Cond": "(t.id = mc.movie_id)",
                              "Plans": [
                                {
                                  "Node Type": "Seq Scan",
                                  "Parent Relationship": "Outer",
                                  "Parallel Aware": false,
                                  "Relation Name": "title",
                                  "Schema": "public",
                                  "Alias": "t",
                                  "Startup Cost": 0.0,
                                  "Total Cost": 61281.22,
                                  "Plan Rows": 2528322,
                                  "Plan Width": 21,
                                  "Actual Startup Time": 0.128,
                                  "Actual Total Time": 2880.141,
                                  "Actual Rows": 2528312,
                                  "Actual Loops": 1,
                                  "Output": [
                                    "t.id",
                                    "t.title",
                                    "t.imdb_index",
                                    "t.kind_id",
                                    "t.production_year",
                                    "t.imdb_id",
                                    "t.phonetic_code",
                                    "t.episode_of_id",
                                    "t.season_nr",
                                    "t.episode_nr",
                                    "t.series_years",
                                    "t.md5sum"
                                  ]
                                },
                                {
                                  "Node Type": "Hash",
                                  "Parent Relationship": "Inner",
                                  "Parallel Aware": false,
                                  "Startup Cost": 58716.6,
                                  "Total Cost": 58716.6,
                                  "Plan Rows": 935979,
                                  "Plan Width": 4,
                                  "Actual Startup Time": 4216.571,
                                  "Actual Total Time": 4216.615,
                                  "Actual Rows": 1153798,
                                  "Actual Loops": 1,
                                  "Output": [
                                    "mc.movie_id"
                                  ],
                                  "Hash Buckets": 2097152,
                                  "Original Hash Buckets": 1048576,
                                  "Hash Batches": 1,
                                  "Original Hash Batches": 1,
                                  "Peak Memory Usage": 56948,
                                  "Plans": [
                                    {
                                      "Node Type": "Hash Join",
                                      "Parent Relationship": "Outer",
                                      "Parallel Aware": false,
                                      "Join Type": "Inner",
                                      "Startup Cost": 6986.22,
                                      "Total Cost": 58716.6,
                                      "Plan Rows": 935979,
                                      "Plan Width": 4,
                                      "Actual Startup Time": 177.827,
                                      "Actual Total Time": 2625.306,
                                      "Actual Rows": 1153798,
                                      "Actual Loops": 1,
                                      "Output": [
                                        "mc.movie_id"
                                      ],
                                      "Inner Unique": true,
                                      "Hash Cond": "(mc.company_id = cn.id)",
                                      "Plans": [
                                        {
                                          "Node Type": "Seq Scan",
                                          "Parent Relationship": "Outer",
                                          "Parallel Aware": false,
                                          "Relation Name": "movie_companies",
                                          "Schema": "public",
                                          "Alias": "mc",
                                          "Startup Cost": 0.0,
                                          "Total Cost": 44881.29,
                                          "Plan Rows": 2609129,
                                          "Plan Width": 8,
                                          "Actual Startup Time": 0.879,
                                          "Actual Total Time": 1472.486,
                                          "Actual Rows": 2609129,
                                          "Actual Loops": 1,
                                          "Output": [
                                            "mc.id",
                                            "mc.movie_id",
                                            "mc.company_id",
                                            "mc.company_type_id",
                                            "mc.note"
                                          ]
                                        },
                                        {
                                          "Node Type": "Hash",
                                          "Parent Relationship": "Inner",
                                          "Parallel Aware": false,
                                          "Startup Cost": 5932.46,
                                          "Total Cost": 5932.46,
                                          "Plan Rows": 84301,
                                          "Plan Width": 4,
                                          "Actual Startup Time": 173.196,
                                          "Actual Total Time": 173.199,
                                          "Actual Rows": 84843,
                                          "Actual Loops": 1,
                                          "Output": [
                                            "cn.id"
                                          ],
                                          "Hash Buckets": 131072,
                                          "Original Hash Buckets": 131072,
                                          "Hash Batches": 1,
                                          "Original Hash Batches": 1,
                                          "Peak Memory Usage": 4007,
                                          "Plans": [
                                            {
                                              "Node Type": "Seq Scan",
                                              "Parent Relationship": "Outer",
                                              "Parallel Aware": false,
                                              "Relation Name": "company_name",
                                              "Schema": "public",
                                              "Alias": "cn",
                                              "Startup Cost": 0.0,
                                              "Total Cost": 5932.46,
                                              "Plan Rows": 84301,
                                              "Plan Width": 4,
                                              "Actual Startup Time": 0.114,
                                              "Actual Total Time": 135.987,
                                              "Actual Rows": 84843,
                                              "Actual Loops": 1,
                                              "Output": [
                                                "cn.id"
                                              ],
                                              "Filter": "((cn.country_code)::text = '[us]'::text)",
                                              "Rows Removed by Filter": 150154
                                            }
                                          ]
                                        }
                                      ]
                                    }
                                  ]
                                }
                              ]
                            }
                          ]
                        }
                      ]
                    },
                    {
                      "Node Type": "Hash",
                      "Parent Relationship": "Inner",
                      "Parallel Aware": false,
                      "Startup Cost": 97288.49,
                      "Total Cost": 97288.49,
                      "Plan Rows": 4167549,
                      "Plan Width": 4,
                      "Actual Startup Time": 18762.631,
                      "Actual Total Time": 18762.632,
                      "Actual Rows": 4167491,
                      "Actual Loops": 1,
                      "Output": [
                        "n1.id"
                      ],
                      "Hash Buckets": 4194304,
                      "Original Hash Buckets": 4194304,
                      "Hash Batches": 1,
                      "Original Hash Batches": 1,
                      "Peak Memory Usage": 179282,
                      "Plans": [
                        {
                          "Node Type": "Seq Scan",
                          "Parent Relationship": "Outer",
                          "Parallel Aware": false,
                          "Relation Name": "name",
                          "Schema": "public",
                          "Alias": "n1",
                          "Startup Cost": 0.0,
                          "Total Cost": 97288.49,
                          "Plan Rows": 4167549,
                          "Plan Width": 4,
                          "Actual Startup Time": 1.115,
                          "Actual Total Time": 5844.607,
                          "Actual Rows": 4167491,
                          "Actual Loops": 1,
                          "Output": [
                            "n1.id"
                          ]
                        }
                      ]
                    }
                  ]
                }
              ]
            }
          ]
        }
      ]
    },
    "Planning Time": 18.079,
    "Triggers": [],
    "Execution Time": 48135.517
  }
]