[
  {
    "Plan": {
      "Node Type": "Aggregate",
      "Strategy": "Plain",
      "Partial Mode": "Simple",
      "Parallel Aware": false,
      "Startup Cost": 12095.85,
      "Total Cost": 12095.86,
      "Plan Rows": 1,
      "Plan Width": 8,
      "Actual Startup Time": 1.896,
      "Actual Total Time": 1.897,
      "Actual Rows": 1,
      "Actual Loops": 1,
      "Plans": [
        {
          "Node Type": "Bitmap Heap Scan",
          "Parent Relationship": "Outer",
          "Parallel Aware": false,
          "Relation Name": "movie_companies",
          "Alias": "mc",
          "Startup Cost": 122.89,
          "Total Cost": 12082.15,
          "Plan Rows": 5479,
          "Plan Width": 0,
          "Actual Startup Time": 0.475,
          "Actual Total Time": 1.651,
          "Actual Rows": 4726,
          "Actual Loops": 1,
          "Recheck Cond": "(company_id = 394)",
          "Rows Removed by Index Recheck": 0,
          "Exact Heap Blocks": 386,
          "Lossy Heap Blocks": 0,
          "Plans": [
            {
              "Node Type": "Bitmap Index Scan",
              "Parent Relationship": "Outer",
              "Parallel Aware": false,
              "Index Name": "company_id_movie_companies",
              "Startup Cost": 0.0,
              "Total Cost": 121.52,
              "Plan Rows": 5479,
              "Plan Width": 0,
              "Actual Startup Time": 0.43,
              "Actual Total Time": 0.431,
              "Actual Rows": 4726,
              "Actual Loops": 1,
              "Index Cond": "(company_id = 394)"
            }
          ]
        }
      ]
    },
    "Planning Time": 0.054,
    "Triggers": [],
    "Execution Time": 1.919
  }
]