[
  {
    "Plan": {
      "Node Type": "Aggregate",
      "Strategy": "Plain",
      "Partial Mode": "Simple",
      "Parallel Aware": false,
      "Startup Cost": 8542.83,
      "Total Cost": 8542.84,
      "Plan Rows": 1,
      "Plan Width": 8,
      "Actual Startup Time": 4.945,
      "Actual Total Time": 4.947,
      "Actual Rows": 1,
      "Actual Loops": 1,
      "Plans": [
        {
          "Node Type": "Index Only Scan",
          "Parent Relationship": "Outer",
          "Parallel Aware": false,
          "Scan Direction": "Forward",
          "Index Name": "company_id_movie_companies",
          "Relation Name": "movie_companies",
          "Alias": "mc",
          "Startup Cost": 0.43,
          "Total Cost": 8533.91,
          "Plan Rows": 3566,
          "Plan Width": 0,
          "Actual Startup Time": 0.155,
          "Actual Total Time": 4.121,
          "Actual Rows": 4726,
          "Actual Loops": 1,
          "Index Cond": "(company_id = 394)",
          "Rows Removed by Index Recheck": 0,
          "Heap Fetches": 4726
        }
      ]
    },
    "Planning Time": 0.171,
    "Triggers": [],
    "Execution Time": 4.996
  }
]