[
  {
    "Plan": {
      "Node Type": "Aggregate",
      "Strategy": "Plain",
      "Partial Mode": "Finalize",
      "Parallel Aware": false,
      "Startup Cost": 147936.5,
      "Total Cost": 147936.51,
      "Plan Rows": 1,
      "Plan Width": 8,
      "Actual Startup Time": 276.263,
      "Actual Total Time": 292.928,
      "Actual Rows": 1,
      "Actual Loops": 1,
      "Plans": [
        {
          "Node Type": "Gather",
          "Parent Relationship": "Outer",
          "Parallel Aware": false,
          "Startup Cost": 147936.18,
          "Total Cost": 147936.49,
          "Plan Rows": 3,
          "Plan Width": 8,
          "Actual Startup Time": 269.194,
          "Actual Total Time": 292.919,
          "Actual Rows": 4,
          "Actual Loops": 1,
          "Workers Planned": 3,
          "Workers Launched": 3,
          "Single Copy": false,
          "Plans": [
            {
              "Node Type": "Aggregate",
              "Strategy": "Plain",
              "Partial Mode": "Partial",
              "Parent Relationship": "Outer",
              "Parallel Aware": false,
              "Startup Cost": 146936.18,
              "Total Cost": 146936.19,
              "Plan Rows": 1,
              "Plan Width": 8,
              "Actual Startup Time": 265.258,
              "Actual Total Time": 265.266,
              "Actual Rows": 1,
              "Actual Loops": 4,
              "Plans": [
                {
                  "Node Type": "Nested Loop",
                  "Parent Relationship": "Outer",
                  "Parallel Aware": false,
                  "Join Type": "Inner",
                  "Startup Cost": 53243.7,
                  "Total Cost": 146535.14,
                  "Plan Rows": 160415,
                  "Plan Width": 0,
                  "Actual Startup Time": 197.881,
                  "Actual Total Time": 264.324,
                  "Actual Rows": 15147,
                  "Actual Loops": 4,
                  "Inner Unique": false,
                  "Plans": [
                    {
                      "Node Type": "Hash Join",
                      "Parent Relationship": "Outer",
                      "Parallel Aware": true,
                      "Join Type": "Inner",
                      "Startup Cost": 53243.27,
                      "Total Cost": 78804.75,
                      "Plan Rows": 27320,
                      "Plan Width": 8,
                      "Actual Startup Time": 197.751,
                      "Actual Total Time": 248.358,
                      "Actual Rows": 1454,
                      "Actual Loops": 4,
                      "Inner Unique": true,
                      "Hash Cond": "(mk.movie_id = t.id)",
                      "Plans": [
                        {
                          "Node Type": "Bitmap Heap Scan",
                          "Parent Relationship": "Outer",
                          "Parallel Aware": true,
                          "Relation Name": "movie_keyword",
                          "Alias": "mk",
                          "Startup Cost": 4815.58,
                          "Total Cost": 30184.85,
                          "Plan Rows": 73222,
                          "Plan Width": 4,
                          "Actual Startup Time": 17.564,
                          "Actual Total Time": 53.353,
                          "Actual Rows": 58027,
                          "Actual Loops": 4,
                          "Recheck Cond": "(keyword_id > 63010)",
                          "Rows Removed by Index Recheck": 0,
                          "Exact Heap Blocks": 7356,
                          "Lossy Heap Blocks": 0,
                          "Plans": [
                            {
                              "Node Type": "Bitmap Index Scan",
                              "Parent Relationship": "Outer",
                              "Parallel Aware": false,
                              "Index Name": "keyword_id_movie_keyword",
                              "Startup Cost": 0.0,
                              "Total Cost": 4758.84,
                              "Plan Rows": 226987,
                              "Plan Width": 0,
                              "Actual Startup Time": 14.505,
                              "Actual Total Time": 14.506,
                              "Actual Rows": 232108,
                              "Actual Loops": 1,
                              "Index Cond": "(keyword_id > 63010)"
                            }
                          ]
                        },
                        {
                          "Node Type": "Hash",
                          "Parent Relationship": "Inner",
                          "Parallel Aware": true,
                          "Startup Cost": 45479.59,
                          "Total Cost": 45479.59,
                          "Plan Rows": 235848,
                          "Plan Width": 4,
                          "Actual Startup Time": 177.572,
                          "Actual Total Time": 177.573,
                          "Actual Rows": 256052,
                          "Actual Loops": 4,
                          "Hash Buckets": 1048576,
                          "Original Hash Buckets": 1048576,
                          "Hash Batches": 1,
                          "Original Hash Batches": 1,
                          "Peak Memory Usage": 48320,
                          "Plans": [
                            {
                              "Node Type": "Seq Scan",
                              "Parent Relationship": "Outer",
                              "Parallel Aware": true,
                              "Relation Name": "title",
                              "Alias": "t",
                              "Startup Cost": 0.0,
                              "Total Cost": 45479.59,
                              "Plan Rows": 235848,
                              "Plan Width": 4,
                              "Actual Startup Time": 0.012,
                              "Actual Total Time": 99.362,
                              "Actual Rows": 256052,
                              "Actual Loops": 4,
                              "Filter": "((production_year > 1997) AND (kind_id = 7))",
                              "Rows Removed by Filter": 376026
                            }
                          ]
                        }
                      ]
                    },
                    {
                      "Node Type": "Index Only Scan",
                      "Parent Relationship": "Inner",
                      "Parallel Aware": false,
                      "Scan Direction": "Forward",
                      "Index Name": "movie_id_movie_info",
                      "Relation Name": "movie_info",
                      "Alias": "mi",
                      "Startup Cost": 0.43,
                      "Total Cost": 2.07,
                      "Plan Rows": 41,
                      "Plan Width": 4,
                      "Actual Startup Time": 0.004,
                      "Actual Total Time": 0.01,
                      "Actual Rows": 10,
                      "Actual Loops": 5817,
                      "Index Cond": "(movie_id = t.id)",
                      "Rows Removed by Index Recheck": 0,
                      "Heap Fetches": 60589
                    }
                  ]
                }
              ]
            }
          ]
        }
      ]
    },
    "Planning Time": 0.497,
    "Triggers": [],
    "Execution Time": 292.978
  }
]