[
  {
    "Plan": {
      "Node Type": "Aggregate",
      "Strategy": "Plain",
      "Partial Mode": "Finalize",
      "Parallel Aware": false,
      "Startup Cost": 10416.93,
      "Total Cost": 10416.94,
      "Plan Rows": 1,
      "Plan Width": 64,
      "Actual Startup Time": 33.266,
      "Actual Total Time": 35.559,
      "Actual Rows": 1,
      "Actual Loops": 1,
      "Plans": [
        {
          "Node Type": "Gather",
          "Parent Relationship": "Outer",
          "Parallel Aware": false,
          "Startup Cost": 10416.81,
          "Total Cost": 10416.92,
          "Plan Rows": 1,
          "Plan Width": 64,
          "Actual Startup Time": 33.111,
          "Actual Total Time": 35.55,
          "Actual Rows": 2,
          "Actual Loops": 1,
          "Workers Planned": 1,
          "Workers Launched": 1,
          "Single Copy": false,
          "Plans": [
            {
              "Node Type": "Aggregate",
              "Strategy": "Plain",
              "Partial Mode": "Partial",
              "Parent Relationship": "Outer",
              "Parallel Aware": false,
              "Startup Cost": 9416.81,
              "Total Cost": 9416.82,
              "Plan Rows": 1,
              "Plan Width": 64,
              "Actual Startup Time": 26.218,
              "Actual Total Time": 26.224,
              "Actual Rows": 1,
              "Actual Loops": 2,
              "Plans": [
                {
                  "Node Type": "Nested Loop",
                  "Parent Relationship": "Outer",
                  "Parallel Aware": false,
                  "Join Type": "Inner",
                  "Startup Cost": 3.44,
                  "Total Cost": 9412.25,
                  "Plan Rows": 912,
                  "Plan Width": 33,
                  "Actual Startup Time": 15.809,
                  "Actual Total Time": 26.213,
                  "Actual Rows": 2,
                  "Actual Loops": 2,
                  "Inner Unique": false,
                  "Join Filter": "(n1.id = a1.person_id)",
                  "Rows Removed by Join Filter": 0,
                  "Plans": [
                    {
                      "Node Type": "Nested Loop",
                      "Parent Relationship": "Outer",
                      "Parallel Aware": false,
                      "Join Type": "Inner",
                      "Startup Cost": 3.02,
                      "Total Cost": 9227.34,
                      "Plan Rows": 380,
                      "Plan Width": 25,
                      "Actual Startup Time": 15.575,
                      "Actual Total Time": 26.169,
                      "Actual Rows": 1,
                      "Actual Loops": 2,
                      "Inner Unique": true,
                      "Plans": [
                        {
                          "Node Type": "Hash Join",
                          "Parent Relationship": "Outer",
                          "Parallel Aware": false,
                          "Join Type": "Inner",
                          "Startup Cost": 2.59,
                          "Total Cost": 9054.33,
                          "Plan Rows": 380,
                          "Plan Width": 21,
                          "Actual Startup Time": 15.53,
                          "Actual Total Time": 26.089,
                          "Actual Rows": 1,
                          "Actual Loops": 2,
                          "Inner Unique": true,
                          "Hash Cond": "(ci.role_id = rt.id)",
                          "Plans": [
                            {
                              "Node Type": "Nested Loop",
                              "Parent Relationship": "Outer",
                              "Parallel Aware": false,
                              "Join Type": "Inner",
                              "Startup Cost": 1.42,
                              "Total Cost": 9036.96,
                              "Plan Rows": 4564,
                              "Plan Width": 25,
                              "Actual Startup Time": 15.088,
                              "Actual Total Time": 25.793,
                              "Actual Rows": 12,
                              "Actual Loops": 2,
                              "Inner Unique": false,
                              "Plans": [
                                {
                                  "Node Type": "Nested Loop",
                                  "Parent Relationship": "Outer",
                                  "Parallel Aware": false,
                                  "Join Type": "Inner",
                                  "Startup Cost": 0.86,
                                  "Total Cost": 8757.53,
                                  "Plan Rows": 131,
                                  "Plan Width": 25,
                                  "Actual Startup Time": 15.049,
                                  "Actual Total Time": 25.477,
                                  "Actual Rows": 1,
                                  "Actual Loops": 2,
                                  "Inner Unique": true,
                                  "Plans": [
                                    {
                                      "Node Type": "Nested Loop",
                                      "Parent Relationship": "Outer",
                                      "Parallel Aware": false,
                                      "Join Type": "Inner",
                                      "Startup Cost": 0.43,
                                      "Total Cost": 8689.87,
                                      "Plan Rows": 131,
                                      "Plan Width": 4,
                                      "Actual Startup Time": 15.01,
                                      "Actual Total Time": 25.416,
                                      "Actual Rows": 1,
                                      "Actual Loops": 2,
                                      "Inner Unique": false,
                                      "Plans": [
                                        {
                                          "Node Type": "Seq Scan",
                                          "Parent Relationship": "Outer",
                                          "Parallel Aware": true,
                                          "Relation Name": "company_name",
                                          "Alias": "cn",
                                          "Startup Cost": 0.0,
                                          "Total Cost": 4722.92,
                                          "Plan Rows": 12,
                                          "Plan Width": 4,
                                          "Actual Startup Time": 14.956,
                                          "Actual Total Time": 25.351,
                                          "Actual Rows": 0,
                                          "Actual Loops": 2,
                                          "Filter": "((country_code)::text = '[sm]'::text)",
                                          "Rows Removed by Filter": 117498
                                        },
                                        {
                                          "Node Type": "Index Scan",
                                          "Parent Relationship": "Inner",
                                          "Parallel Aware": false,
                                          "Scan Direction": "Forward",
                                          "Index Name": "company_id_movie_companies",
                                          "Relation Name": "movie_companies",
                                          "Alias": "mc",
                                          "Startup Cost": 0.43,
                                          "Total Cost": 329.26,
                                          "Plan Rows": 132,
                                          "Plan Width": 8,
                                          "Actual Startup Time": 0.102,
                                          "Actual Total Time": 0.119,
                                          "Actual Rows": 2,
                                          "Actual Loops": 1,
                                          "Index Cond": "(company_id = cn.id)",
                                          "Rows Removed by Index Recheck": 0
                                        }
                                      ]
                                    },
                                    {
                                      "Node Type": "Index Scan",
                                      "Parent Relationship": "Inner",
                                      "Parallel Aware": false,
                                      "Scan Direction": "Forward",
                                      "Index Name": "title_pkey",
                                      "Relation Name": "title",
                                      "Alias": "t",
                                      "Startup Cost": 0.43,
                                      "Total Cost": 0.52,
                                      "Plan Rows": 1,
                                      "Plan Width": 21,
                                      "Actual Startup Time": 0.057,
                                      "Actual Total Time": 0.057,
                                      "Actual Rows": 1,
                                      "Actual Loops": 2,
                                      "Index Cond": "(id = mc.movie_id)",
                                      "Rows Removed by Index Recheck": 0
                                    }
                                  ]
                                },
                                {
                                  "Node Type": "Index Scan",
                                  "Parent Relationship": "Inner",
                                  "Parallel Aware": false,
                                  "Scan Direction": "Forward",
                                  "Index Name": "movie_id_cast_info",
                                  "Relation Name": "cast_info",
                                  "Alias": "ci",
                                  "Startup Cost": 0.56,
                                  "Total Cost": 1.78,
                                  "Plan Rows": 35,
                                  "Plan Width": 12,
                                  "Actual Startup Time": 0.069,
                                  "Actual Total Time": 0.307,
                                  "Actual Rows": 12,
                                  "Actual Loops": 2,
                                  "Index Cond": "(movie_id = t.id)",
                                  "Rows Removed by Index Recheck": 0
                                }
                              ]
                            },
                            {
                              "Node Type": "Hash",
                              "Parent Relationship": "Inner",
                              "Parallel Aware": false,
                              "Startup Cost": 1.15,
                              "Total Cost": 1.15,
                              "Plan Rows": 1,
                              "Plan Width": 4,
                              "Actual Startup Time": 0.08,
                              "Actual Total Time": 0.081,
                              "Actual Rows": 1,
                              "Actual Loops": 2,
                              "Hash Buckets": 1024,
                              "Original Hash Buckets": 1024,
                              "Hash Batches": 1,
                              "Original Hash Batches": 1,
                              "Peak Memory Usage": 9,
                              "Plans": [
                                {
                                  "Node Type": "Seq Scan",
                                  "Parent Relationship": "Outer",
                                  "Parallel Aware": false,
                                  "Relation Name": "role_type",
                                  "Alias": "rt",
                                  "Startup Cost": 0.0,
                                  "Total Cost": 1.15,
                                  "Plan Rows": 1,
                                  "Plan Width": 4,
                                  "Actual Startup Time": 0.061,
                                  "Actual Total Time": 0.064,
                                  "Actual Rows": 1,
                                  "Actual Loops": 2,
                                  "Filter": "((role)::text = 'director'::text)",
                                  "Rows Removed by Filter": 11
                                }
                              ]
                            }
                          ]
                        },
                        {
                          "Node Type": "Index Only Scan",
                          "Parent Relationship": "Inner",
                          "Parallel Aware": false,
                          "Scan Direction": "Forward",
                          "Index Name": "name_pkey",
                          "Relation Name": "name",
                          "Alias": "n1",
                          "Startup Cost": 0.43,
                          "Total Cost": 0.46,
                          "Plan Rows": 1,
                          "Plan Width": 4,
                          "Actual Startup Time": 0.077,
                          "Actual Total Time": 0.077,
                          "Actual Rows": 1,
                          "Actual Loops": 2,
                          "Index Cond": "(id = ci.person_id)",
                          "Rows Removed by Index Recheck": 0,
                          "Heap Fetches": 2
                        }
                      ]
                    },
                    {
                      "Node Type": "Index Scan",
                      "Parent Relationship": "Inner",
                      "Parallel Aware": false,
                      "Scan Direction": "Forward",
                      "Index Name": "person_id_aka_name",
                      "Relation Name": "aka_name",
                      "Alias": "a1",
                      "Startup Cost": 0.42,
                      "Total Cost": 0.46,
                      "Plan Rows": 2,
                      "Plan Width": 20,
                      "Actual Startup Time": 0.039,
                      "Actual Total Time": 0.04,
                      "Actual Rows": 2,
                      "Actual Loops": 2,
                      "Index Cond": "(person_id = ci.person_id)",
                      "Rows Removed by Index Recheck": 0
                    }
                  ]
                }
              ]
            }
          ]
        }
      ]
    },
    "Planning Time": 13.106,
    "Triggers": [],
    "Execution Time": 35.991
  }
]