{
  "Plan": {
    "Node Type": "Aggregate",
    "Strategy": "Plain",
    "Partial Mode": "Finalize",
    "Parallel Aware": false,
    "Startup Cost": 752394.08,
    "Total Cost": 752394.09,
    "Plan Rows": 1,
    "Plan Width": 8,
    "Actual Startup Time": 4089.064,
    "Actual Total Time": 4150.536,
    "Actual Rows": 1,
    "Actual Loops": 1,
    "Plans": [
      {
        "Node Type": "Gather",
        "Parent Relationship": "Outer",
        "Parallel Aware": false,
        "Startup Cost": 752393.97,
        "Total Cost": 752394.08,
        "Plan Rows": 1,
        "Plan Width": 8,
        "Actual Startup Time": 4087.049,
        "Actual Total Time": 4150.529,
        "Actual Rows": 2,
        "Actual Loops": 1,
        "Workers Planned": 1,
        "Workers Launched": 1,
        "Single Copy": false,
        "Plans": [
          {
            "Node Type": "Aggregate",
            "Strategy": "Plain",
            "Partial Mode": "Partial",
            "Parent Relationship": "Outer",
            "Parallel Aware": false,
            "Startup Cost": 751393.97,
            "Total Cost": 751393.98,
            "Plan Rows": 1,
            "Plan Width": 8,
            "Actual Startup Time": 4080.745,
            "Actual Total Time": 4080.752,
            "Actual Rows": 1,
            "Actual Loops": 2,
            "Plans": [
              {
                "Node Type": "Hash Join",
                "Parent Relationship": "Outer",
                "Parallel Aware": true,
                "Join Type": "Inner",
                "Startup Cost": 129708.19,
                "Total Cost": 740036.22,
                "Plan Rows": 4543102,
                "Plan Width": 0,
                "Actual Startup Time": 614.9,
                "Actual Total Time": 3991.645,
                "Actual Rows": 2237312,
                "Actual Loops": 2,
                "Inner Unique": false,
                "Hash Cond": "(ci.movie_id = t.id)",
                "Plans": [
                  {
                    "Node Type": "Seq Scan",
                    "Parent Relationship": "Outer",
                    "Parallel Aware": true,
                    "Relation Name": "cast_info",
                    "Alias": "ci",
                    "Startup Cost": 0.0,
                    "Total Cost": 519069.44,
                    "Plan Rows": 17209193,
                    "Plan Width": 4,
                    "Actual Startup Time": 0.018,
                    "Actual Total Time": 1660.5,
                    "Actual Rows": 14709704,
                    "Actual Loops": 2,
                    "Filter": "(person_id < 2980048)",
                    "Rows Removed by Filter": 3412468
                  },
                  {
                    "Node Type": "Hash",
                    "Parent Relationship": "Inner",
                    "Parallel Aware": true,
                    "Startup Cost": 124800.47,
                    "Total Cost": 124800.47,
                    "Plan Rows": 392618,
                    "Plan Width": 8,
                    "Actual Startup Time": 605.358,
                    "Actual Total Time": 605.363,
                    "Actual Rows": 130958,
                    "Actual Loops": 2,
                    "Hash Buckets": 1048576,
                    "Original Hash Buckets": 1048576,
                    "Hash Batches": 1,
                    "Original Hash Batches": 1,
                    "Peak Memory Usage": 18464,
                    "Plans": [
                      {
                        "Node Type": "Hash Join",
                        "Parent Relationship": "Outer",
                        "Parallel Aware": true,
                        "Join Type": "Inner",
                        "Startup Cost": 62387.78,
                        "Total Cost": 124800.47,
                        "Plan Rows": 392618,
                        "Plan Width": 8,
                        "Actual Startup Time": 234.47,
                        "Actual Total Time": 572.939,
                        "Actual Rows": 130958,
                        "Actual Loops": 2,
                        "Inner Unique": true,
                        "Hash Cond": "(mk.movie_id = t.id)",
                        "Plans": [
                          {
                            "Node Type": "Seq Scan",
                            "Parent Relationship": "Outer",
                            "Parallel Aware": true,
                            "Relation Name": "movie_keyword",
                            "Alias": "mk",
                            "Startup Cost": 0.0,
                            "Total Cost": 57718.19,
                            "Plan Rows": 1788375,
                            "Plan Width": 4,
                            "Actual Startup Time": 0.188,
                            "Actual Total Time": 202.253,
                            "Actual Rows": 1512938,
                            "Actual Loops": 2,
                            "Filter": "(keyword_id > 2155)",
                            "Rows Removed by Filter": 749026
                          },
                          {
                            "Node Type": "Hash",
                            "Parent Relationship": "Inner",
                            "Parallel Aware": true,
                            "Startup Cost": 58306.47,
                            "Total Cost": 58306.47,
                            "Plan Rows": 326505,
                            "Plan Width": 4,
                            "Actual Startup Time": 228.662,
                            "Actual Total Time": 228.663,
                            "Actual Rows": 212340,
                            "Actual Loops": 2,
                            "Hash Buckets": 1048576,
                            "Original Hash Buckets": 1048576,
                            "Hash Batches": 1,
                            "Original Hash Batches": 1,
                            "Peak Memory Usage": 24832,
                            "Plans": [
                              {
                                "Node Type": "Seq Scan",
                                "Parent Relationship": "Outer",
                                "Parallel Aware": true,
                                "Relation Name": "title",
                                "Alias": "t",
                                "Startup Cost": 0.0,
                                "Total Cost": 58306.47,
                                "Plan Rows": 326505,
                                "Plan Width": 4,
                                "Actual Startup Time": 0.039,
                                "Actual Total Time": 156.88,
                                "Actual Rows": 212340,
                                "Actual Loops": 2,
                                "Filter": "((kind_id > 1) AND (production_year < 1993))",
                                "Rows Removed by Filter": 1051816
                              }
                            ]
                          }
                        ]
                      }
                    ]
                  }
                ]
              }
            ]
          }
        ]
      }
    ]
  },
  "Planning Time": 1.039,
  "Triggers": [],
  "Execution Time": 4150.664
}