[
  {
    "Plan": {
      "Node Type": "Aggregate",
      "Strategy": "Plain",
      "Partial Mode": "Simple",
      "Parallel Aware": false,
      "Startup Cost": 22488.72,
      "Total Cost": 22488.73,
      "Plan Rows": 1,
      "Plan Width": 8,
      "Actual Startup Time": 46.802,
      "Actual Total Time": 46.804,
      "Actual Rows": 1,
      "Actual Loops": 1,
      "Plans": [
        {
          "Node Type": "Bitmap Heap Scan",
          "Parent Relationship": "Outer",
          "Parallel Aware": false,
          "Relation Name": "movie_companies",
          "Alias": "mc",
          "Startup Cost": 2186.0,
          "Total Cost": 22236.6,
          "Plan Rows": 100848,
          "Plan Width": 0,
          "Actual Startup Time": 14.785,
          "Actual Total Time": 39.482,
          "Actual Rows": 100375,
          "Actual Loops": 1,
          "Recheck Cond": "(company_id > 157294)",
          "Rows Removed by Index Recheck": 0,
          "Exact Heap Blocks": 3165,
          "Lossy Heap Blocks": 0,
          "Plans": [
            {
              "Node Type": "Bitmap Index Scan",
              "Parent Relationship": "Outer",
              "Parallel Aware": false,
              "Index Name": "company_id_movie_companies",
              "Startup Cost": 0.0,
              "Total Cost": 2160.79,
              "Plan Rows": 100848,
              "Plan Width": 0,
              "Actual Startup Time": 13.477,
              "Actual Total Time": 13.477,
              "Actual Rows": 100375,
              "Actual Loops": 1,
              "Index Cond": "(company_id > 157294)"
            }
          ]
        }
      ]
    },
    "Planning Time": 0.15,
    "Triggers": [],
    "Execution Time": 46.857
  }
]