[
  {
    "Plan": {
      "Node Type": "Aggregate",
      "Strategy": "Plain",
      "Partial Mode": "Simple",
      "Parallel Aware": false,
      "Startup Cost": 22676.09,
      "Total Cost": 22676.1,
      "Plan Rows": 1,
      "Plan Width": 8,
      "Actual Startup Time": 44.439,
      "Actual Total Time": 44.44,
      "Actual Rows": 1,
      "Actual Loops": 1,
      "Plans": [
        {
          "Node Type": "Bitmap Heap Scan",
          "Parent Relationship": "Outer",
          "Parallel Aware": false,
          "Relation Name": "movie_companies",
          "Alias": "mc",
          "Startup Cost": 2297.3,
          "Total Cost": 22411.29,
          "Plan Rows": 105919,
          "Plan Width": 0,
          "Actual Startup Time": 12.511,
          "Actual Total Time": 37.03,
          "Actual Rows": 100375,
          "Actual Loops": 1,
          "Recheck Cond": "(company_id > 157294)",
          "Rows Removed by Index Recheck": 0,
          "Exact Heap Blocks": 3165,
          "Lossy Heap Blocks": 0,
          "Plans": [
            {
              "Node Type": "Bitmap Index Scan",
              "Parent Relationship": "Outer",
              "Parallel Aware": false,
              "Index Name": "company_id_movie_companies",
              "Startup Cost": 0.0,
              "Total Cost": 2270.82,
              "Plan Rows": 105919,
              "Plan Width": 0,
              "Actual Startup Time": 11.444,
              "Actual Total Time": 11.444,
              "Actual Rows": 100375,
              "Actual Loops": 1,
              "Index Cond": "(company_id > 157294)"
            }
          ]
        }
      ]
    },
    "Planning Time": 0.178,
    "Triggers": [],
    "Execution Time": 44.5
  }
]