{
  "Plan": {
    "Node Type": "Aggregate",
    "Strategy": "Plain",
    "Partial Mode": "Finalize",
    "Parallel Aware": false,
    "Startup Cost": 905361.26,
    "Total Cost": 905361.27,
    "Plan Rows": 1,
    "Plan Width": 8,
    "Actual Startup Time": 5329.552,
    "Actual Total Time": 5396.68,
    "Actual Rows": 1,
    "Actual Loops": 1,
    "Plans": [
      {
        "Node Type": "Gather",
        "Parent Relationship": "Outer",
        "Parallel Aware": false,
        "Startup Cost": 905361.15,
        "Total Cost": 905361.26,
        "Plan Rows": 1,
        "Plan Width": 8,
        "Actual Startup Time": 5319.154,
        "Actual Total Time": 5396.673,
        "Actual Rows": 2,
        "Actual Loops": 1,
        "Workers Planned": 1,
        "Workers Launched": 1,
        "Single Copy": false,
        "Plans": [
          {
            "Node Type": "Aggregate",
            "Strategy": "Plain",
            "Partial Mode": "Partial",
            "Parent Relationship": "Outer",
            "Parallel Aware": false,
            "Startup Cost": 904361.15,
            "Total Cost": 904361.16,
            "Plan Rows": 1,
            "Plan Width": 8,
            "Actual Startup Time": 5299.441,
            "Actual Total Time": 5299.447,
            "Actual Rows": 1,
            "Actual Loops": 2,
            "Plans": [
              {
                "Node Type": "Hash Join",
                "Parent Relationship": "Outer",
                "Parallel Aware": true,
                "Join Type": "Inner",
                "Startup Cost": 716912.49,
                "Total Cost": 900915.67,
                "Plan Rows": 1378192,
                "Plan Width": 0,
                "Actual Startup Time": 4893.423,
                "Actual Total Time": 5267.337,
                "Actual Rows": 741908,
                "Actual Loops": 2,
                "Inner Unique": false,
                "Hash Cond": "(mi.movie_id = t.id)",
                "Plans": [
                  {
                    "Node Type": "Bitmap Heap Scan",
                    "Parent Relationship": "Outer",
                    "Parallel Aware": true,
                    "Relation Name": "movie_info",
                    "Alias": "mi",
                    "Startup Cost": 22837.73,
                    "Total Cost": 194099.51,
                    "Plan Rows": 741502,
                    "Plan Width": 4,
                    "Actual Startup Time": 44.369,
                    "Actual Total Time": 99.314,
                    "Actual Rows": 644464,
                    "Actual Loops": 2,
                    "Recheck Cond": "(info_type_id = 2)",
                    "Rows Removed by Index Recheck": 0,
                    "Exact Heap Blocks": 4278,
                    "Lossy Heap Blocks": 0,
                    "Plans": [
                      {
                        "Node Type": "Bitmap Index Scan",
                        "Parent Relationship": "Outer",
                        "Parallel Aware": false,
                        "Index Name": "info_type_id_movie_info",
                        "Startup Cost": 0.0,
                        "Total Cost": 22522.59,
                        "Plan Rows": 1260554,
                        "Plan Width": 0,
                        "Actual Startup Time": 43.113,
                        "Actual Total Time": 43.114,
                        "Actual Rows": 1288928,
                        "Actual Loops": 1,
                        "Index Cond": "(info_type_id = 2)"
                      }
                    ]
                  },
                  {
                    "Node Type": "Hash",
                    "Parent Relationship": "Inner",
                    "Parallel Aware": true,
                    "Startup Cost": 659521.78,
                    "Total Cost": 659521.78,
                    "Plan Rows": 2764239,
                    "Plan Width": 8,
                    "Actual Startup Time": 4816.466,
                    "Actual Total Time": 4816.47,
                    "Actual Rows": 2418787,
                    "Actual Loops": 2,
                    "Hash Buckets": 8388608,
                    "Original Hash Buckets": 8388608,
                    "Hash Batches": 1,
                    "Original Hash Batches": 1,
                    "Peak Memory Usage": 254816,
                    "Plans": [
                      {
                        "Node Type": "Hash Join",
                        "Parent Relationship": "Outer",
                        "Parallel Aware": true,
                        "Join Type": "Inner",
                        "Startup Cost": 64169.94,
                        "Total Cost": 659521.78,
                        "Plan Rows": 2764239,
                        "Plan Width": 8,
                        "Actual Startup Time": 597.189,
                        "Actual Total Time": 3991.906,
                        "Actual Rows": 2418787,
                        "Actual Loops": 2,
                        "Inner Unique": true,
                        "Hash Cond": "(ci.movie_id = t.id)",
                        "Plans": [
                          {
                            "Node Type": "Seq Scan",
                            "Parent Relationship": "Outer",
                            "Parallel Aware": true,
                            "Relation Name": "cast_info",
                            "Alias": "ci",
                            "Startup Cost": 0.0,
                            "Total Cost": 572345.93,
                            "Plan Rows": 8764142,
                            "Plan Width": 4,
                            "Actual Startup Time": 296.871,
                            "Actual Total Time": 1788.347,
                            "Actual Rows": 6763263,
                            "Actual Loops": 2,
                            "Filter": "((person_id > 901663) AND (role_id < 3))",
                            "Rows Removed by Filter": 11358909
                          },
                          {
                            "Node Type": "Hash",
                            "Parent Relationship": "Inner",
                            "Parallel Aware": true,
                            "Startup Cost": 58306.47,
                            "Total Cost": 58306.47,
                            "Plan Rows": 469078,
                            "Plan Width": 4,
                            "Actual Startup Time": 297.234,
                            "Actual Total Time": 297.235,
                            "Actual Rows": 436220,
                            "Actual Loops": 2,
                            "Hash Buckets": 1048576,
                            "Original Hash Buckets": 1048576,
                            "Hash Batches": 1,
                            "Original Hash Batches": 1,
                            "Peak Memory Usage": 42336,
                            "Plans": [
                              {
                                "Node Type": "Seq Scan",
                                "Parent Relationship": "Outer",
                                "Parallel Aware": true,
                                "Relation Name": "title",
                                "Alias": "t",
                                "Startup Cost": 0.0,
                                "Total Cost": 58306.47,
                                "Plan Rows": 469078,
                                "Plan Width": 4,
                                "Actual Startup Time": 0.033,
                                "Actual Total Time": 179.409,
                                "Actual Rows": 436220,
                                "Actual Loops": 2,
                                "Filter": "((kind_id > 3) AND (production_year > 2003))",
                                "Rows Removed by Filter": 827936
                              }
                            ]
                          }
                        ]
                      }
                    ]
                  }
                ]
              }
            ]
          }
        ]
      }
    ]
  },
  "Planning Time": 0.898,
  "Triggers": [],
  "Execution Time": 5396.78
}