[
  {
    "Plan": {
      "Node Type": "Aggregate",
      "Strategy": "Plain",
      "Partial Mode": "Finalize",
      "Parallel Aware": false,
      "Startup Cost": 86043.61,
      "Total Cost": 86043.62,
      "Plan Rows": 1,
      "Plan Width": 8,
      "Actual Startup Time": 459.009,
      "Actual Total Time": 473.445,
      "Actual Rows": 1,
      "Actual Loops": 1,
      "Plans": [
        {
          "Node Type": "Gather",
          "Parent Relationship": "Outer",
          "Parallel Aware": false,
          "Startup Cost": 86043.29,
          "Total Cost": 86043.6,
          "Plan Rows": 3,
          "Plan Width": 8,
          "Actual Startup Time": 451.894,
          "Actual Total Time": 473.436,
          "Actual Rows": 4,
          "Actual Loops": 1,
          "Workers Planned": 3,
          "Workers Launched": 3,
          "Single Copy": false,
          "Plans": [
            {
              "Node Type": "Aggregate",
              "Strategy": "Plain",
              "Partial Mode": "Partial",
              "Parent Relationship": "Outer",
              "Parallel Aware": false,
              "Startup Cost": 85043.29,
              "Total Cost": 85043.3,
              "Plan Rows": 1,
              "Plan Width": 8,
              "Actual Startup Time": 432.441,
              "Actual Total Time": 432.444,
              "Actual Rows": 1,
              "Actual Loops": 4,
              "Plans": [
                {
                  "Node Type": "Hash Join",
                  "Parent Relationship": "Outer",
                  "Parallel Aware": true,
                  "Join Type": "Inner",
                  "Startup Cost": 58559.73,
                  "Total Cost": 84785.39,
                  "Plan Rows": 103159,
                  "Plan Width": 0,
                  "Actual Startup Time": 354.079,
                  "Actual Total Time": 428.505,
                  "Actual Rows": 83562,
                  "Actual Loops": 4,
                  "Inner Unique": true,
                  "Hash Cond": "(mk.movie_id = t.id)",
                  "Plans": [
                    {
                      "Node Type": "Bitmap Heap Scan",
                      "Parent Relationship": "Outer",
                      "Parallel Aware": true,
                      "Relation Name": "movie_keyword",
                      "Alias": "mk",
                      "Startup Cost": 7702.59,
                      "Total Cost": 33620.77,
                      "Plan Rows": 117135,
                      "Plan Width": 4,
                      "Actual Startup Time": 24.76,
                      "Actual Total Time": 69.718,
                      "Actual Rows": 87808,
                      "Actual Loops": 4,
                      "Recheck Cond": "(keyword_id > 47402)",
                      "Rows Removed by Index Recheck": 0,
                      "Exact Heap Blocks": 6720,
                      "Lossy Heap Blocks": 0,
                      "Plans": [
                        {
                          "Node Type": "Bitmap Index Scan",
                          "Parent Relationship": "Outer",
                          "Parallel Aware": false,
                          "Index Name": "keyword_id_movie_keyword",
                          "Startup Cost": 0.0,
                          "Total Cost": 7611.81,
                          "Plan Rows": 363117,
                          "Plan Width": 0,
                          "Actual Startup Time": 21.398,
                          "Actual Total Time": 21.399,
                          "Actual Rows": 351230,
                          "Actual Loops": 1,
                          "Index Cond": "(keyword_id > 47402)"
                        }
                      ]
                    },
                    {
                      "Node Type": "Hash",
                      "Parent Relationship": "Inner",
                      "Parallel Aware": true,
                      "Startup Cost": 43898.92,
                      "Total Cost": 43898.92,
                      "Plan Rows": 556658,
                      "Plan Width": 4,
                      "Actual Startup Time": 317.9,
                      "Actual Total Time": 317.901,
                      "Actual Rows": 556142,
                      "Actual Loops": 4,
                      "Hash Buckets": 4194304,
                      "Original Hash Buckets": 4194304,
                      "Hash Batches": 1,
                      "Original Hash Batches": 1,
                      "Peak Memory Usage": 119840,
                      "Plans": [
                        {
                          "Node Type": "Seq Scan",
                          "Parent Relationship": "Outer",
                          "Parallel Aware": true,
                          "Relation Name": "title",
                          "Alias": "t",
                          "Startup Cost": 0.0,
                          "Total Cost": 43898.92,
                          "Plan Rows": 556658,
                          "Plan Width": 4,
                          "Actual Startup Time": 0.043,
                          "Actual Total Time": 111.364,
                          "Actual Rows": 556142,
                          "Actual Loops": 4,
                          "Filter": "(production_year < 2012)",
                          "Rows Removed by Filter": 75936
                        }
                      ]
                    }
                  ]
                }
              ]
            }
          ]
        }
      ]
    },
    "Planning Time": 0.651,
    "Triggers": [],
    "Execution Time": 473.539
  }
]