{
  "Plan": {
    "Node Type": "Aggregate",
    "Strategy": "Plain",
    "Partial Mode": "Finalize",
    "Parallel Aware": false,
    "Startup Cost": 311124.23,
    "Total Cost": 311124.24,
    "Plan Rows": 1,
    "Plan Width": 8,
    "Actual Startup Time": 2081.571,
    "Actual Total Time": 2121.658,
    "Actual Rows": 1,
    "Actual Loops": 1,
    "Plans": [
      {
        "Node Type": "Gather",
        "Parent Relationship": "Outer",
        "Parallel Aware": false,
        "Startup Cost": 311124.11,
        "Total Cost": 311124.22,
        "Plan Rows": 1,
        "Plan Width": 8,
        "Actual Startup Time": 2081.537,
        "Actual Total Time": 2121.651,
        "Actual Rows": 2,
        "Actual Loops": 1,
        "Workers Planned": 1,
        "Workers Launched": 1,
        "Single Copy": false,
        "Plans": [
          {
            "Node Type": "Aggregate",
            "Strategy": "Plain",
            "Partial Mode": "Partial",
            "Parent Relationship": "Outer",
            "Parallel Aware": false,
            "Startup Cost": 310124.11,
            "Total Cost": 310124.12,
            "Plan Rows": 1,
            "Plan Width": 8,
            "Actual Startup Time": 2075.532,
            "Actual Total Time": 2075.535,
            "Actual Rows": 1,
            "Actual Loops": 2,
            "Plans": [
              {
                "Node Type": "Nested Loop",
                "Parent Relationship": "Outer",
                "Parallel Aware": false,
                "Join Type": "Inner",
                "Startup Cost": 55502.85,
                "Total Cost": 308698.84,
                "Plan Rows": 570111,
                "Plan Width": 0,
                "Actual Startup Time": 155.177,
                "Actual Total Time": 1885.247,
                "Actual Rows": 3958200,
                "Actual Loops": 2,
                "Inner Unique": false,
                "Join Filter": "(t.id = mi.movie_id)",
                "Rows Removed by Join Filter": 0,
                "Plans": [
                  {
                    "Node Type": "Hash Join",
                    "Parent Relationship": "Outer",
                    "Parallel Aware": true,
                    "Join Type": "Inner",
                    "Startup Cost": 55502.41,
                    "Total Cost": 118426.13,
                    "Plan Rows": 97500,
                    "Plan Width": 8,
                    "Actual Startup Time": 155.106,
                    "Actual Total Time": 523.288,
                    "Actual Rows": 68290,
                    "Actual Loops": 2,
                    "Inner Unique": true,
                    "Hash Cond": "(mk.movie_id = t.id)",
                    "Plans": [
                      {
                        "Node Type": "Seq Scan",
                        "Parent Relationship": "Outer",
                        "Parallel Aware": true,
                        "Relation Name": "movie_keyword",
                        "Alias": "mk",
                        "Startup Cost": 0.0,
                        "Total Cost": 57718.19,
                        "Plan Rows": 1983051,
                        "Plan Width": 4,
                        "Actual Startup Time": 0.014,
                        "Actual Total Time": 205.291,
                        "Actual Rows": 1681396,
                        "Actual Loops": 2,
                        "Filter": "(keyword_id < 16131)",
                        "Rows Removed by Filter": 580568
                      },
                      {
                        "Node Type": "Hash",
                        "Parent Relationship": "Inner",
                        "Parallel Aware": true,
                        "Startup Cost": 54588.39,
                        "Total Cost": 54588.39,
                        "Plan Rows": 73122,
                        "Plan Width": 4,
                        "Actual Startup Time": 153.432,
                        "Actual Total Time": 153.433,
                        "Actual Rows": 59782,
                        "Actual Loops": 2,
                        "Hash Buckets": 131072,
                        "Original Hash Buckets": 131072,
                        "Hash Batches": 1,
                        "Original Hash Batches": 1,
                        "Peak Memory Usage": 5728,
                        "Plans": [
                          {
                            "Node Type": "Seq Scan",
                            "Parent Relationship": "Outer",
                            "Parallel Aware": true,
                            "Relation Name": "title",
                            "Alias": "t",
                            "Startup Cost": 0.0,
                            "Total Cost": 54588.39,
                            "Plan Rows": 73122,
                            "Plan Width": 4,
                            "Actual Startup Time": 0.045,
                            "Actual Total Time": 136.749,
                            "Actual Rows": 59782,
                            "Actual Loops": 2,
                            "Filter": "(production_year = 2007)",
                            "Rows Removed by Filter": 1204374
                          }
                        ]
                      }
                    ]
                  },
                  {
                    "Node Type": "Index Only Scan",
                    "Parent Relationship": "Inner",
                    "Parallel Aware": false,
                    "Scan Direction": "Forward",
                    "Index Name": "movie_id_movie_info",
                    "Relation Name": "movie_info",
                    "Alias": "mi",
                    "Startup Cost": 0.43,
                    "Total Cost": 1.43,
                    "Plan Rows": 42,
                    "Plan Width": 4,
                    "Actual Startup Time": 0.003,
                    "Actual Total Time": 0.015,
                    "Actual Rows": 58,
                    "Actual Loops": 136580,
                    "Index Cond": "(movie_id = mk.movie_id)",
                    "Rows Removed by Index Recheck": 0,
                    "Heap Fetches": 7916401
                  }
                ]
              }
            ]
          }
        ]
      }
    ]
  },
  "Planning Time": 0.728,
  "Triggers": [],
  "Execution Time": 2121.741
}