[
  {
    "Plan": {
      "Node Type": "Aggregate",
      "Strategy": "Plain",
      "Partial Mode": "Finalize",
      "Parallel Aware": false,
      "Startup Cost": 72171.13,
      "Total Cost": 72171.14,
      "Plan Rows": 1,
      "Plan Width": 8,
      "Actual Startup Time": 169.936,
      "Actual Total Time": 191.963,
      "Actual Rows": 1,
      "Actual Loops": 1,
      "Plans": [
        {
          "Node Type": "Gather",
          "Parent Relationship": "Outer",
          "Parallel Aware": false,
          "Startup Cost": 72170.71,
          "Total Cost": 72171.12,
          "Plan Rows": 4,
          "Plan Width": 8,
          "Actual Startup Time": 169.677,
          "Actual Total Time": 191.953,
          "Actual Rows": 5,
          "Actual Loops": 1,
          "Workers Planned": 4,
          "Workers Launched": 4,
          "Single Copy": false,
          "Plans": [
            {
              "Node Type": "Aggregate",
              "Strategy": "Plain",
              "Partial Mode": "Partial",
              "Parent Relationship": "Outer",
              "Parallel Aware": false,
              "Startup Cost": 71170.71,
              "Total Cost": 71170.72,
              "Plan Rows": 1,
              "Plan Width": 8,
              "Actual Startup Time": 159.356,
              "Actual Total Time": 159.358,
              "Actual Rows": 1,
              "Actual Loops": 5,
              "Plans": [
                {
                  "Node Type": "Nested Loop",
                  "Parent Relationship": "Outer",
                  "Parallel Aware": false,
                  "Join Type": "Inner",
                  "Startup Cost": 0.86,
                  "Total Cost": 71150.14,
                  "Plan Rows": 8227,
                  "Plan Width": 0,
                  "Actual Startup Time": 1.732,
                  "Actual Total Time": 155.664,
                  "Actual Rows": 81591,
                  "Actual Loops": 5,
                  "Inner Unique": false,
                  "Join Filter": "(t.id = mi.movie_id)",
                  "Rows Removed by Join Filter": 0,
                  "Plans": [
                    {
                      "Node Type": "Nested Loop",
                      "Parent Relationship": "Outer",
                      "Parallel Aware": false,
                      "Join Type": "Inner",
                      "Startup Cost": 0.43,
                      "Total Cost": 67422.19,
                      "Plan Rows": 1858,
                      "Plan Width": 8,
                      "Actual Startup Time": 1.559,
                      "Actual Total Time": 90.493,
                      "Actual Rows": 2692,
                      "Actual Loops": 5,
                      "Inner Unique": false,
                      "Plans": [
                        {
                          "Node Type": "Seq Scan",
                          "Parent Relationship": "Outer",
                          "Parallel Aware": true,
                          "Relation Name": "title",
                          "Alias": "t",
                          "Startup Cost": 0.0,
                          "Total Cost": 45479.1,
                          "Plan Rows": 1801,
                          "Plan Width": 4,
                          "Actual Startup Time": 1.069,
                          "Actual Total Time": 73.276,
                          "Actual Rows": 1417,
                          "Actual Loops": 5,
                          "Filter": "((kind_id < 7) AND (production_year = 1983))",
                          "Rows Removed by Filter": 504245
                        },
                        {
                          "Node Type": "Index Only Scan",
                          "Parent Relationship": "Inner",
                          "Parallel Aware": false,
                          "Scan Direction": "Forward",
                          "Index Name": "movie_id_movie_companies",
                          "Relation Name": "movie_companies",
                          "Alias": "mc",
                          "Startup Cost": 0.43,
                          "Total Cost": 12.13,
                          "Plan Rows": 5,
                          "Plan Width": 4,
                          "Actual Startup Time": 0.01,
                          "Actual Total Time": 0.012,
                          "Actual Rows": 2,
                          "Actual Loops": 7085,
                          "Index Cond": "(movie_id = t.id)",
                          "Rows Removed by Index Recheck": 0,
                          "Heap Fetches": 13460
                        }
                      ]
                    },
                    {
                      "Node Type": "Index Scan",
                      "Parent Relationship": "Inner",
                      "Parallel Aware": false,
                      "Scan Direction": "Forward",
                      "Index Name": "movie_id_movie_info",
                      "Relation Name": "movie_info",
                      "Alias": "mi",
                      "Startup Cost": 0.43,
                      "Total Cost": 1.61,
                      "Plan Rows": 32,
                      "Plan Width": 4,
                      "Actual Startup Time": 0.007,
                      "Actual Total Time": 0.021,
                      "Actual Rows": 30,
                      "Actual Loops": 13460,
                      "Index Cond": "(movie_id = mc.movie_id)",
                      "Rows Removed by Index Recheck": 0,
                      "Filter": "(info_type_id > 3)",
                      "Rows Removed by Filter": 4
                    }
                  ]
                }
              ]
            }
          ]
        }
      ]
    },
    "Planning Time": 1.486,
    "Triggers": [],
    "Execution Time": 192.047
  }
]