[
  {
    "Plan": {
      "Node Type": "Aggregate",
      "Strategy": "Plain",
      "Partial Mode": "Finalize",
      "Parallel Aware": false,
      "Startup Cost": 404290.21,
      "Total Cost": 404290.22,
      "Plan Rows": 1,
      "Plan Width": 8,
      "Actual Startup Time": 3031.91,
      "Actual Total Time": 3084.135,
      "Actual Rows": 1,
      "Actual Loops": 1,
      "Plans": [
        {
          "Node Type": "Gather",
          "Parent Relationship": "Outer",
          "Parallel Aware": false,
          "Startup Cost": 404289.59,
          "Total Cost": 404290.2,
          "Plan Rows": 6,
          "Plan Width": 8,
          "Actual Startup Time": 3021.061,
          "Actual Total Time": 3084.125,
          "Actual Rows": 7,
          "Actual Loops": 1,
          "Workers Planned": 6,
          "Workers Launched": 6,
          "Single Copy": false,
          "Plans": [
            {
              "Node Type": "Aggregate",
              "Strategy": "Plain",
              "Partial Mode": "Partial",
              "Parent Relationship": "Outer",
              "Parallel Aware": false,
              "Startup Cost": 403289.59,
              "Total Cost": 403289.6,
              "Plan Rows": 1,
              "Plan Width": 8,
              "Actual Startup Time": 3008.877,
              "Actual Total Time": 3008.881,
              "Actual Rows": 1,
              "Actual Loops": 7,
              "Plans": [
                {
                  "Node Type": "Hash Join",
                  "Parent Relationship": "Outer",
                  "Parallel Aware": true,
                  "Join Type": "Inner",
                  "Startup Cost": 49737.61,
                  "Total Cost": 392822.74,
                  "Plan Rows": 4186739,
                  "Plan Width": 0,
                  "Actual Startup Time": 239.393,
                  "Actual Total Time": 2846.028,
                  "Actual Rows": 3459883,
                  "Actual Loops": 7,
                  "Inner Unique": true,
                  "Hash Cond": "(ci.movie_id = t.id)",
                  "Plans": [
                    {
                      "Node Type": "Seq Scan",
                      "Parent Relationship": "Outer",
                      "Parallel Aware": true,
                      "Relation Name": "cast_info",
                      "Alias": "ci",
                      "Startup Cost": 0.0,
                      "Total Cost": 328211.39,
                      "Plan Rows": 5666177,
                      "Plan Width": 4,
                      "Actual Startup Time": 26.572,
                      "Actual Total Time": 689.789,
                      "Actual Rows": 4846522,
                      "Actual Loops": 7,
                      "Filter": "(person_id > 226014)",
                      "Rows Removed by Filter": 331241
                    },
                    {
                      "Node Type": "Hash",
                      "Parent Relationship": "Inner",
                      "Parallel Aware": true,
                      "Startup Cost": 43899.32,
                      "Total Cost": 43899.32,
                      "Plan Rows": 467063,
                      "Plan Width": 4,
                      "Actual Startup Time": 209.261,
                      "Actual Total Time": 209.262,
                      "Actual Rows": 266498,
                      "Actual Loops": 7,
                      "Hash Buckets": 2097152,
                      "Original Hash Buckets": 2097152,
                      "Hash Batches": 1,
                      "Original Hash Batches": 1,
                      "Peak Memory Usage": 89472,
                      "Plans": [
                        {
                          "Node Type": "Seq Scan",
                          "Parent Relationship": "Outer",
                          "Parallel Aware": true,
                          "Relation Name": "title",
                          "Alias": "t",
                          "Startup Cost": 0.0,
                          "Total Cost": 43899.32,
                          "Plan Rows": 467063,
                          "Plan Width": 4,
                          "Actual Startup Time": 0.042,
                          "Actual Total Time": 82.638,
                          "Actual Rows": 266498,
                          "Actual Loops": 7,
                          "Filter": "(kind_id > 1)",
                          "Rows Removed by Filter": 94689
                        }
                      ]
                    }
                  ]
                }
              ]
            }
          ]
        }
      ]
    },
    "Planning Time": 0.305,
    "Triggers": [],
    "Execution Time": 3084.189
  }
]