{
  "Plan": {
    "Node Type": "Aggregate",
    "Strategy": "Plain",
    "Partial Mode": "Finalize",
    "Parallel Aware": false,
    "Startup Cost": 107412.84,
    "Total Cost": 107412.85,
    "Plan Rows": 1,
    "Plan Width": 8,
    "Actual Startup Time": 605.221,
    "Actual Total Time": 620.806,
    "Actual Rows": 1,
    "Actual Loops": 1,
    "Plans": [
      {
        "Node Type": "Gather",
        "Parent Relationship": "Outer",
        "Parallel Aware": false,
        "Startup Cost": 107412.73,
        "Total Cost": 107412.84,
        "Plan Rows": 1,
        "Plan Width": 8,
        "Actual Startup Time": 603.271,
        "Actual Total Time": 620.796,
        "Actual Rows": 2,
        "Actual Loops": 1,
        "Workers Planned": 1,
        "Workers Launched": 1,
        "Single Copy": false,
        "Plans": [
          {
            "Node Type": "Aggregate",
            "Strategy": "Plain",
            "Partial Mode": "Partial",
            "Parent Relationship": "Outer",
            "Parallel Aware": false,
            "Startup Cost": 106412.73,
            "Total Cost": 106412.74,
            "Plan Rows": 1,
            "Plan Width": 8,
            "Actual Startup Time": 597.635,
            "Actual Total Time": 597.638,
            "Actual Rows": 1,
            "Actual Loops": 2,
            "Plans": [
              {
                "Node Type": "Hash Join",
                "Parent Relationship": "Outer",
                "Parallel Aware": true,
                "Join Type": "Inner",
                "Startup Cost": 43289.3,
                "Total Cost": 105707.24,
                "Plan Rows": 282196,
                "Plan Width": 0,
                "Actual Startup Time": 216.367,
                "Actual Total Time": 589.29,
                "Actual Rows": 197412,
                "Actual Loops": 2,
                "Inner Unique": false,
                "Hash Cond": "(t.id = mc.movie_id)",
                "Plans": [
                  {
                    "Node Type": "Seq Scan",
                    "Parent Relationship": "Outer",
                    "Parallel Aware": true,
                    "Relation Name": "title",
                    "Alias": "t",
                    "Startup Cost": 0.0,
                    "Total Cost": 54588.39,
                    "Plan Rows": 987132,
                    "Plan Width": 4,
                    "Actual Startup Time": 0.018,
                    "Actual Total Time": 158.281,
                    "Actual Rows": 836770,
                    "Actual Loops": 2,
                    "Filter": "(production_year > 1993)",
                    "Rows Removed by Filter": 427386
                  },
                  {
                    "Node Type": "Hash",
                    "Parent Relationship": "Inner",
                    "Parallel Aware": true,
                    "Startup Cost": 37974.77,
                    "Total Cost": 37974.77,
                    "Plan Rows": 425162,
                    "Plan Width": 4,
                    "Actual Startup Time": 206.67,
                    "Actual Total Time": 206.671,
                    "Actual Rows": 359724,
                    "Actual Loops": 2,
                    "Hash Buckets": 1048576,
                    "Original Hash Buckets": 1048576,
                    "Hash Batches": 1,
                    "Original Hash Batches": 1,
                    "Peak Memory Usage": 36352,
                    "Plans": [
                      {
                        "Node Type": "Seq Scan",
                        "Parent Relationship": "Outer",
                        "Parallel Aware": true,
                        "Relation Name": "movie_companies",
                        "Alias": "mc",
                        "Startup Cost": 0.0,
                        "Total Cost": 37974.77,
                        "Plan Rows": 425162,
                        "Plan Width": 4,
                        "Actual Startup Time": 0.051,
                        "Actual Total Time": 121.152,
                        "Actual Rows": 359724,
                        "Actual Loops": 2,
                        "Filter": "(company_id < 1402)",
                        "Rows Removed by Filter": 944841
                      }
                    ]
                  }
                ]
              }
            ]
          }
        ]
      }
    ]
  },
  "Planning Time": 0.514,
  "Triggers": [],
  "Execution Time": 620.904
}