[
    {
        "Bao": {
            "Bao prediction": "NaN",
            "Bao recommended hint": "(no hint)"
        }
    },
    {
        "Plan": {
            "Node Type": "Aggregate",
            "Strategy": "Plain",
            "Partial Mode": "Finalize",
            "Parallel Aware": false,
            "Startup Cost": 33455.69,
            "Total Cost": 33455.7,
            "Plan Rows": 1,
            "Plan Width": 8,
            "Actual Startup Time": 103.558,
            "Actual Total Time": 108.409,
            "Actual Rows": 1,
            "Actual Loops": 1,
            "Output": [
                "count(*)"
            ],
            "Plans": [
                {
                    "Node Type": "Gather",
                    "Parent Relationship": "Outer",
                    "Parallel Aware": false,
                    "Startup Cost": 33455.37,
                    "Total Cost": 33455.68,
                    "Plan Rows": 3,
                    "Plan Width": 8,
                    "Actual Startup Time": 103.485,
                    "Actual Total Time": 108.402,
                    "Actual Rows": 4,
                    "Actual Loops": 1,
                    "Output": [
                        "(PARTIAL count(*))"
                    ],
                    "Workers Planned": 3,
                    "Workers Launched": 3,
                    "Single Copy": false,
                    "Plans": [
                        {
                            "Node Type": "Aggregate",
                            "Strategy": "Plain",
                            "Partial Mode": "Partial",
                            "Parent Relationship": "Outer",
                            "Parallel Aware": false,
                            "Startup Cost": 32455.37,
                            "Total Cost": 32455.38,
                            "Plan Rows": 1,
                            "Plan Width": 8,
                            "Actual Startup Time": 96.629,
                            "Actual Total Time": 96.63,
                            "Actual Rows": 1,
                            "Actual Loops": 4,
                            "Output": [
                                "PARTIAL count(*)"
                            ],
                            "Workers": [
                                {
                                    "Worker Number": 0,
                                    "Actual Startup Time": 91.981,
                                    "Actual Total Time": 91.982,
                                    "Actual Rows": 1,
                                    "Actual Loops": 1
                                },
                                {
                                    "Worker Number": 1,
                                    "Actual Startup Time": 92.324,
                                    "Actual Total Time": 92.325,
                                    "Actual Rows": 1,
                                    "Actual Loops": 1
                                },
                                {
                                    "Worker Number": 2,
                                    "Actual Startup Time": 99.379,
                                    "Actual Total Time": 99.381,
                                    "Actual Rows": 1,
                                    "Actual Loops": 1
                                }
                            ],
                            "Plans": [
                                {
                                    "Node Type": "Seq Scan",
                                    "Parent Relationship": "Outer",
                                    "Parallel Aware": true,
                                    "Relation Name": "movie_companies",
                                    "Schema": "public",
                                    "Alias": "mc",
                                    "Startup Cost": 0.0,
                                    "Total Cost": 31414.82,
                                    "Plan Rows": 416220,
                                    "Plan Width": 0,
                                    "Actual Startup Time": 42.002,
                                    "Actual Total Time": 82.666,
                                    "Actual Rows": 313664,
                                    "Actual Loops": 4,
                                    "Output": [
                                        "id",
                                        "movie_id",
                                        "company_id",
                                        "company_type_id",
                                        "note"
                                    ],
                                    "Filter": "((mc.company_id < 169928) AND (mc.company_type_id > 1))",
                                    "Rows Removed by Filter": 338618,
                                    "Workers": [
                                        {
                                            "Worker Number": 0,
                                            "Actual Startup Time": 37.353,
                                            "Actual Total Time": 78.092,
                                            "Actual Rows": 343806,
                                            "Actual Loops": 1
                                        },
                                        {
                                            "Worker Number": 1,
                                            "Actual Startup Time": 37.699,
                                            "Actual Total Time": 78.306,
                                            "Actual Rows": 213416,
                                            "Actual Loops": 1
                                        },
                                        {
                                            "Worker Number": 2,
                                            "Actual Startup Time": 44.765,
                                            "Actual Total Time": 85.31,
                                            "Actual Rows": 348521,
                                            "Actual Loops": 1
                                        }
                                    ]
                                }
                            ]
                        }
                    ]
                }
            ]
        },
        "Planning Time": 183.695,
        "Triggers": [],
        "Execution Time": 108.495
    }
]