[
  {
    "Plan": {
      "Node Type": "Aggregate",
      "Strategy": "Plain",
      "Partial Mode": "Finalize",
      "Parallel Aware": false,
      "Startup Cost": 126788.58,
      "Total Cost": 126788.59,
      "Plan Rows": 1,
      "Plan Width": 8,
      "Actual Startup Time": 927.044,
      "Actual Total Time": 948.101,
      "Actual Rows": 1,
      "Actual Loops": 1,
      "Plans": [
        {
          "Node Type": "Gather",
          "Parent Relationship": "Outer",
          "Parallel Aware": false,
          "Startup Cost": 126788.27,
          "Total Cost": 126788.58,
          "Plan Rows": 3,
          "Plan Width": 8,
          "Actual Startup Time": 922.121,
          "Actual Total Time": 948.093,
          "Actual Rows": 4,
          "Actual Loops": 1,
          "Workers Planned": 3,
          "Workers Launched": 3,
          "Single Copy": false,
          "Plans": [
            {
              "Node Type": "Aggregate",
              "Strategy": "Plain",
              "Partial Mode": "Partial",
              "Parent Relationship": "Outer",
              "Parallel Aware": false,
              "Startup Cost": 125788.27,
              "Total Cost": 125788.28,
              "Plan Rows": 1,
              "Plan Width": 8,
              "Actual Startup Time": 915.333,
              "Actual Total Time": 915.338,
              "Actual Rows": 1,
              "Actual Loops": 4,
              "Plans": [
                {
                  "Node Type": "Hash Join",
                  "Parent Relationship": "Outer",
                  "Parallel Aware": true,
                  "Join Type": "Inner",
                  "Startup Cost": 79962.69,
                  "Total Cost": 125218.15,
                  "Plan Rows": 228048,
                  "Plan Width": 0,
                  "Actual Startup Time": 368.814,
                  "Actual Total Time": 782.97,
                  "Actual Rows": 3429446,
                  "Actual Loops": 4,
                  "Inner Unique": false,
                  "Hash Cond": "(mk.movie_id = t.id)",
                  "Plans": [
                    {
                      "Node Type": "Seq Scan",
                      "Parent Relationship": "Outer",
                      "Parallel Aware": true,
                      "Relation Name": "movie_keyword",
                      "Alias": "mk",
                      "Startup Cost": 0.0,
                      "Total Cost": 39047.32,
                      "Plan Rows": 1459332,
                      "Plan Width": 4,
                      "Actual Startup Time": 0.038,
                      "Actual Total Time": 86.507,
                      "Actual Rows": 1130982,
                      "Actual Loops": 4
                    },
                    {
                      "Node Type": "Hash",
                      "Parent Relationship": "Inner",
                      "Parallel Aware": true,
                      "Startup Cost": 78369.56,
                      "Total Cost": 78369.56,
                      "Plan Rows": 127450,
                      "Plan Width": 8,
                      "Actual Startup Time": 366.358,
                      "Actual Total Time": 366.362,
                      "Actual Rows": 133422,
                      "Actual Loops": 4,
                      "Hash Buckets": 1048576,
                      "Original Hash Buckets": 524288,
                      "Hash Batches": 1,
                      "Original Hash Batches": 1,
                      "Peak Memory Usage": 33216,
                      "Plans": [
                        {
                          "Node Type": "Hash Join",
                          "Parent Relationship": "Outer",
                          "Parallel Aware": true,
                          "Join Type": "Inner",
                          "Startup Cost": 48017.6,
                          "Total Cost": 78369.56,
                          "Plan Rows": 127450,
                          "Plan Width": 8,
                          "Actual Startup Time": 171.634,
                          "Actual Total Time": 317.183,
                          "Actual Rows": 133422,
                          "Actual Loops": 4,
                          "Inner Unique": true,
                          "Hash Cond": "(mc.movie_id = t.id)",
                          "Plans": [
                            {
                              "Node Type": "Seq Scan",
                              "Parent Relationship": "Outer",
                              "Parallel Aware": true,
                              "Relation Name": "movie_companies",
                              "Alias": "mc",
                              "Startup Cost": 0.0,
                              "Total Cost": 29310.68,
                              "Plan Rows": 396679,
                              "Plan Width": 4,
                              "Actual Startup Time": 0.019,
                              "Actual Total Time": 66.178,
                              "Actual Rows": 304794,
                              "Actual Loops": 4,
                              "Filter": "(company_id < 11138)",
                              "Rows Removed by Filter": 347489
                            },
                            {
                              "Node Type": "Hash",
                              "Parent Relationship": "Inner",
                              "Parallel Aware": true,
                              "Startup Cost": 45479.1,
                              "Total Cost": 45479.1,
                              "Plan Rows": 203080,
                              "Plan Width": 4,
                              "Actual Startup Time": 168.816,
                              "Actual Total Time": 168.818,
                              "Actual Rows": 179932,
                              "Actual Loops": 4,
                              "Hash Buckets": 1048576,
                              "Original Hash Buckets": 1048576,
                              "Hash Batches": 1,
                              "Original Hash Batches": 1,
                              "Peak Memory Usage": 36416,
                              "Plans": [
                                {
                                  "Node Type": "Seq Scan",
                                  "Parent Relationship": "Outer",
                                  "Parallel Aware": true,
                                  "Relation Name": "title",
                                  "Alias": "t",
                                  "Startup Cost": 0.0,
                                  "Total Cost": 45479.1,
                                  "Plan Rows": 203080,
                                  "Plan Width": 4,
                                  "Actual Startup Time": 0.028,
                                  "Actual Total Time": 100.92,
                                  "Actual Rows": 179932,
                                  "Actual Loops": 4,
                                  "Filter": "((kind_id < 7) AND (production_year > 1971))",
                                  "Rows Removed by Filter": 452146
                                }
                              ]
                            }
                          ]
                        }
                      ]
                    }
                  ]
                }
              ]
            }
          ]
        }
      ]
    },
    "Planning Time": 1.081,
    "Triggers": [],
    "Execution Time": 948.172
  }
]