[
  {
    "Plan": {
      "Node Type": "Aggregate",
      "Strategy": "Plain",
      "Partial Mode": "Finalize",
      "Parallel Aware": false,
      "Startup Cost": 97293.5,
      "Total Cost": 97293.51,
      "Plan Rows": 1,
      "Plan Width": 8,
      "Actual Startup Time": 572.309,
      "Actual Total Time": 589.57,
      "Actual Rows": 1,
      "Actual Loops": 1,
      "Plans": [
        {
          "Node Type": "Gather",
          "Parent Relationship": "Outer",
          "Parallel Aware": false,
          "Startup Cost": 97293.19,
          "Total Cost": 97293.5,
          "Plan Rows": 3,
          "Plan Width": 8,
          "Actual Startup Time": 563.617,
          "Actual Total Time": 589.561,
          "Actual Rows": 4,
          "Actual Loops": 1,
          "Workers Planned": 3,
          "Workers Launched": 3,
          "Single Copy": false,
          "Plans": [
            {
              "Node Type": "Aggregate",
              "Strategy": "Plain",
              "Partial Mode": "Partial",
              "Parent Relationship": "Outer",
              "Parallel Aware": false,
              "Startup Cost": 96293.19,
              "Total Cost": 96293.2,
              "Plan Rows": 1,
              "Plan Width": 8,
              "Actual Startup Time": 544.693,
              "Actual Total Time": 544.696,
              "Actual Rows": 1,
              "Actual Loops": 4,
              "Plans": [
                {
                  "Node Type": "Hash Join",
                  "Parent Relationship": "Outer",
                  "Parallel Aware": true,
                  "Join Type": "Inner",
                  "Startup Cost": 50855.99,
                  "Total Cost": 95042.74,
                  "Plan Rows": 500179,
                  "Plan Width": 0,
                  "Actual Startup Time": 336.49,
                  "Actual Total Time": 528.142,
                  "Actual Rows": 369825,
                  "Actual Loops": 4,
                  "Inner Unique": true,
                  "Hash Cond": "(mk.movie_id = t.id)",
                  "Plans": [
                    {
                      "Node Type": "Seq Scan",
                      "Parent Relationship": "Outer",
                      "Parallel Aware": true,
                      "Relation Name": "movie_keyword",
                      "Alias": "mk",
                      "Startup Cost": 0.0,
                      "Total Cost": 42695.65,
                      "Plan Rows": 568036,
                      "Plan Width": 4,
                      "Actual Startup Time": 0.494,
                      "Actual Total Time": 106.779,
                      "Actual Rows": 441318,
                      "Actual Loops": 4,
                      "Filter": "(keyword_id > 7858)",
                      "Rows Removed by Filter": 689665
                    },
                    {
                      "Node Type": "Hash",
                      "Parent Relationship": "Inner",
                      "Parallel Aware": true,
                      "Startup Cost": 43898.92,
                      "Total Cost": 43898.92,
                      "Plan Rows": 556566,
                      "Plan Width": 4,
                      "Actual Startup Time": 324.338,
                      "Actual Total Time": 324.339,
                      "Actual Rows": 553704,
                      "Actual Loops": 4,
                      "Hash Buckets": 4194304,
                      "Original Hash Buckets": 4194304,
                      "Hash Batches": 1,
                      "Original Hash Batches": 1,
                      "Peak Memory Usage": 119456,
                      "Plans": [
                        {
                          "Node Type": "Seq Scan",
                          "Parent Relationship": "Outer",
                          "Parallel Aware": true,
                          "Relation Name": "title",
                          "Alias": "t",
                          "Startup Cost": 0.0,
                          "Total Cost": 43898.92,
                          "Plan Rows": 556566,
                          "Plan Width": 4,
                          "Actual Startup Time": 0.036,
                          "Actual Total Time": 116.136,
                          "Actual Rows": 553704,
                          "Actual Loops": 4,
                          "Filter": "(production_year > 1959)",
                          "Rows Removed by Filter": 78374
                        }
                      ]
                    }
                  ]
                }
              ]
            }
          ]
        }
      ]
    },
    "Planning Time": 0.581,
    "Triggers": [],
    "Execution Time": 589.639
  }
]