[
    {
        "Bao": {
            "Bao prediction": 460.73,
            "Bao recommended hint": "(no hint)"
        }
    },
    {
        "Plan": {
            "Node Type": "Aggregate",
            "Strategy": "Plain",
            "Partial Mode": "Finalize",
            "Parallel Aware": false,
            "Startup Cost": 346724.17,
            "Total Cost": 346724.18,
            "Plan Rows": 1,
            "Plan Width": 8,
            "Actual Startup Time": 790.374,
            "Actual Total Time": 822.254,
            "Actual Rows": 1,
            "Actual Loops": 1,
            "Output": [
                "count(*)"
            ],
            "Plans": [
                {
                    "Node Type": "Gather",
                    "Parent Relationship": "Outer",
                    "Parallel Aware": false,
                    "Startup Cost": 346723.54,
                    "Total Cost": 346724.15,
                    "Plan Rows": 6,
                    "Plan Width": 8,
                    "Actual Startup Time": 790.272,
                    "Actual Total Time": 822.245,
                    "Actual Rows": 7,
                    "Actual Loops": 1,
                    "Output": [
                        "(PARTIAL count(*))"
                    ],
                    "Workers Planned": 6,
                    "Workers Launched": 6,
                    "Single Copy": false,
                    "Plans": [
                        {
                            "Node Type": "Aggregate",
                            "Strategy": "Plain",
                            "Partial Mode": "Partial",
                            "Parent Relationship": "Outer",
                            "Parallel Aware": false,
                            "Startup Cost": 345723.54,
                            "Total Cost": 345723.55,
                            "Plan Rows": 1,
                            "Plan Width": 8,
                            "Actual Startup Time": 780.689,
                            "Actual Total Time": 780.69,
                            "Actual Rows": 1,
                            "Actual Loops": 7,
                            "Output": [
                                "PARTIAL count(*)"
                            ],
                            "Workers": [
                                {
                                    "Worker Number": 0,
                                    "Actual Startup Time": 778.963,
                                    "Actual Total Time": 778.964,
                                    "Actual Rows": 1,
                                    "Actual Loops": 1
                                },
                                {
                                    "Worker Number": 1,
                                    "Actual Startup Time": 779.148,
                                    "Actual Total Time": 779.149,
                                    "Actual Rows": 1,
                                    "Actual Loops": 1
                                },
                                {
                                    "Worker Number": 2,
                                    "Actual Startup Time": 779.157,
                                    "Actual Total Time": 779.158,
                                    "Actual Rows": 1,
                                    "Actual Loops": 1
                                },
                                {
                                    "Worker Number": 3,
                                    "Actual Startup Time": 779.279,
                                    "Actual Total Time": 779.28,
                                    "Actual Rows": 1,
                                    "Actual Loops": 1
                                },
                                {
                                    "Worker Number": 4,
                                    "Actual Startup Time": 779.161,
                                    "Actual Total Time": 779.162,
                                    "Actual Rows": 1,
                                    "Actual Loops": 1
                                },
                                {
                                    "Worker Number": 5,
                                    "Actual Startup Time": 779.776,
                                    "Actual Total Time": 779.777,
                                    "Actual Rows": 1,
                                    "Actual Loops": 1
                                }
                            ],
                            "Plans": [
                                {
                                    "Node Type": "Seq Scan",
                                    "Parent Relationship": "Outer",
                                    "Parallel Aware": true,
                                    "Relation Name": "cast_info",
                                    "Schema": "public",
                                    "Alias": "ci",
                                    "Startup Cost": 0.0,
                                    "Total Cost": 343318.94,
                                    "Plan Rows": 961842,
                                    "Plan Width": 0,
                                    "Actual Startup Time": 279.171,
                                    "Actual Total Time": 756.344,
                                    "Actual Rows": 359342,
                                    "Actual Loops": 7,
                                    "Output": [
                                        "id",
                                        "person_id",
                                        "movie_id",
                                        "person_role_id",
                                        "note",
                                        "nr_order",
                                        "role_id"
                                    ],
                                    "Filter": "((ci.person_id < 886245) AND (ci.role_id > 1))",
                                    "Rows Removed by Filter": 4818421,
                                    "Workers": [
                                        {
                                            "Worker Number": 0,
                                            "Actual Startup Time": 274.447,
                                            "Actual Total Time": 755.274,
                                            "Actual Rows": 347263,
                                            "Actual Loops": 1
                                        },
                                        {
                                            "Worker Number": 1,
                                            "Actual Startup Time": 273.081,
                                            "Actual Total Time": 755.418,
                                            "Actual Rows": 348126,
                                            "Actual Loops": 1
                                        },
                                        {
                                            "Worker Number": 2,
                                            "Actual Startup Time": 286.295,
                                            "Actual Total Time": 755.021,
                                            "Actual Rows": 353527,
                                            "Actual Loops": 1
                                        },
                                        {
                                            "Worker Number": 3,
                                            "Actual Startup Time": 272.834,
                                            "Actual Total Time": 755.571,
                                            "Actual Rows": 347493,
                                            "Actual Loops": 1
                                        },
                                        {
                                            "Worker Number": 4,
                                            "Actual Startup Time": 286.621,
                                            "Actual Total Time": 755.541,
                                            "Actual Rows": 346028,
                                            "Actual Loops": 1
                                        },
                                        {
                                            "Worker Number": 5,
                                            "Actual Startup Time": 277.786,
                                            "Actual Total Time": 756.547,
                                            "Actual Rows": 340863,
                                            "Actual Loops": 1
                                        }
                                    ]
                                }
                            ]
                        }
                    ]
                }
            ]
        },
        "Planning Time": 5790.792,
        "Triggers": [],
        "Execution Time": 822.395
    }
]