{
  "Plan": {
    "Node Type": "Aggregate",
    "Strategy": "Plain",
    "Partial Mode": "Simple",
    "Parallel Aware": false,
    "Startup Cost": 8279.99,
    "Total Cost": 8280.0,
    "Plan Rows": 1,
    "Plan Width": 96,
    "Actual Startup Time": 1117.801,
    "Actual Total Time": 1117.816,
    "Actual Rows": 1,
    "Actual Loops": 1,
    "Plans": [
      {
        "Node Type": "Nested Loop",
        "Parent Relationship": "Outer",
        "Parallel Aware": false,
        "Join Type": "Inner",
        "Startup Cost": 14.47,
        "Total Cost": 8279.98,
        "Plan Rows": 1,
        "Plan Width": 42,
        "Actual Startup Time": 11.667,
        "Actual Total Time": 1116.303,
        "Actual Rows": 5946,
        "Actual Loops": 1,
        "Inner Unique": true,
        "Plans": [
          {
            "Node Type": "Hash Join",
            "Parent Relationship": "Outer",
            "Parallel Aware": false,
            "Join Type": "Inner",
            "Startup Cost": 14.05,
            "Total Cost": 8279.43,
            "Plan Rows": 1,
            "Plan Width": 27,
            "Actual Startup Time": 11.652,
            "Actual Total Time": 1097.027,
            "Actual Rows": 6134,
            "Actual Loops": 1,
            "Inner Unique": true,
            "Hash Cond": "(mc.company_type_id = ct.id)",
            "Plans": [
              {
                "Node Type": "Nested Loop",
                "Parent Relationship": "Outer",
                "Parallel Aware": false,
                "Join Type": "Inner",
                "Startup Cost": 12.96,
                "Total Cost": 8278.34,
                "Plan Rows": 1,
                "Plan Width": 31,
                "Actual Startup Time": 11.614,
                "Actual Total Time": 1095.425,
                "Actual Rows": 6134,
                "Actual Loops": 1,
                "Inner Unique": false,
                "Plans": [
                  {
                    "Node Type": "Nested Loop",
                    "Parent Relationship": "Outer",
                    "Parallel Aware": false,
                    "Join Type": "Inner",
                    "Startup Cost": 12.53,
                    "Total Cost": 8277.76,
                    "Plan Rows": 1,
                    "Plan Width": 43,
                    "Actual Startup Time": 11.591,
                    "Actual Total Time": 1081.471,
                    "Actual Rows": 673,
                    "Actual Loops": 1,
                    "Inner Unique": true,
                    "Join Filter": "(t.kind_id = kt.id)",
                    "Rows Removed by Join Filter": 295,
                    "Plans": [
                      {
                        "Node Type": "Nested Loop",
                        "Parent Relationship": "Outer",
                        "Parallel Aware": false,
                        "Join Type": "Inner",
                        "Startup Cost": 12.53,
                        "Total Cost": 8276.65,
                        "Plan Rows": 1,
                        "Plan Width": 47,
                        "Actual Startup Time": 11.577,
                        "Actual Total Time": 1078.067,
                        "Actual Rows": 772,
                        "Actual Loops": 1,
                        "Inner Unique": true,
                        "Join Filter": "(mi_idx.info_type_id = it2.id)",
                        "Rows Removed by Join Filter": 1575,
                        "Plans": [
                          {
                            "Node Type": "Nested Loop",
                            "Parent Relationship": "Outer",
                            "Parallel Aware": false,
                            "Join Type": "Inner",
                            "Startup Cost": 12.53,
                            "Total Cost": 8274.23,
                            "Plan Rows": 1,
                            "Plan Width": 51,
                            "Actual Startup Time": 11.412,
                            "Actual Total Time": 1049.567,
                            "Actual Rows": 2347,
                            "Actual Loops": 1,
                            "Inner Unique": true,
                            "Join Filter": "(cc.subject_id = cct1.id)",
                            "Rows Removed by Join Filter": 6652,
                            "Plans": [
                              {
                                "Node Type": "Nested Loop",
                                "Parent Relationship": "Outer",
                                "Parallel Aware": false,
                                "Join Type": "Inner",
                                "Startup Cost": 12.53,
                                "Total Cost": 8273.16,
                                "Plan Rows": 1,
                                "Plan Width": 55,
                                "Actual Startup Time": 9.439,
                                "Actual Total Time": 1001.984,
                                "Actual Rows": 8999,
                                "Actual Loops": 1,
                                "Inner Unique": false,
                                "Join Filter": "(mi.info_type_id = it1.id)",
                                "Rows Removed by Join Filter": 11843,
                                "Plans": [
                                  {
                                    "Node Type": "Seq Scan",
                                    "Parent Relationship": "Outer",
                                    "Parallel Aware": false,
                                    "Relation Name": "info_type",
                                    "Alias": "it1",
                                    "Startup Cost": 0.0,
                                    "Total Cost": 2.41,
                                    "Plan Rows": 1,
                                    "Plan Width": 4,
                                    "Actual Startup Time": 0.021,
                                    "Actual Total Time": 0.03,
                                    "Actual Rows": 1,
                                    "Actual Loops": 1,
                                    "Filter": "((info)::text = 'countries'::text)",
                                    "Rows Removed by Filter": 112
                                  },
                                  {
                                    "Node Type": "Nested Loop",
                                    "Parent Relationship": "Inner",
                                    "Parallel Aware": false,
                                    "Join Type": "Inner",
                                    "Startup Cost": 12.53,
                                    "Total Cost": 8268.93,
                                    "Plan Rows": 146,
                                    "Plan Width": 59,
                                    "Actual Startup Time": 9.412,
                                    "Actual Total Time": 998.338,
                                    "Actual Rows": 20842,
                                    "Actual Loops": 1,
                                    "Inner Unique": false,
                                    "Plans": [
                                      {
                                        "Node Type": "Nested Loop",
                                        "Parent Relationship": "Outer",
                                        "Parallel Aware": false,
                                        "Join Type": "Inner",
                                        "Startup Cost": 12.1,
                                        "Total Cost": 7793.36,
                                        "Plan Rows": 259,
                                        "Plan Width": 51,
                                        "Actual Startup Time": 9.236,
                                        "Actual Total Time": 353.478,
                                        "Actual Rows": 10178,
                                        "Actual Loops": 1,
                                        "Inner Unique": true,
                                        "Plans": [
                                          {
                                            "Node Type": "Nested Loop",
                                            "Parent Relationship": "Outer",
                                            "Parallel Aware": false,
                                            "Join Type": "Inner",
                                            "Startup Cost": 11.67,
                                            "Total Cost": 7593.53,
                                            "Plan Rows": 408,
                                            "Plan Width": 26,
                                            "Actual Startup Time": 9.179,
                                            "Actual Total Time": 257.427,
                                            "Actual Rows": 29665,
                                            "Actual Loops": 1,
                                            "Inner Unique": false,
                                            "Plans": [
                                              {
                                                "Node Type": "Nested Loop",
                                                "Parent Relationship": "Outer",
                                                "Parallel Aware": false,
                                                "Join Type": "Inner",
                                                "Startup Cost": 11.24,
                                                "Total Cost": 7520.38,
                                                "Plan Rows": 138,
                                                "Plan Width": 12,
                                                "Actual Startup Time": 9.158,
                                                "Actual Total Time": 196.707,
                                                "Actual Rows": 10536,
                                                "Actual Loops": 1,
                                                "Inner Unique": true,
                                                "Join Filter": "(cc.status_id = cct2.id)",
                                                "Rows Removed by Join Filter": 49536,
                                                "Plans": [
                                                  {
                                                    "Node Type": "Nested Loop",
                                                    "Parent Relationship": "Outer",
                                                    "Parallel Aware": false,
                                                    "Join Type": "Inner",
                                                    "Startup Cost": 11.24,
                                                    "Total Cost": 7512.08,
                                                    "Plan Rows": 184,
                                                    "Plan Width": 16,
                                                    "Actual Startup Time": 9.117,
                                                    "Actual Total Time": 184.043,
                                                    "Actual Rows": 20024,
                                                    "Actual Loops": 1,
                                                    "Inner Unique": false,
                                                    "Plans": [
                                                      {
                                                        "Node Type": "Nested Loop",
                                                        "Parent Relationship": "Outer",
                                                        "Parallel Aware": false,
                                                        "Join Type": "Inner",
                                                        "Startup Cost": 10.82,
                                                        "Total Cost": 7447.81,
                                                        "Plan Rows": 135,
                                                        "Plan Width": 4,
                                                        "Actual Startup Time": 8.806,
                                                        "Actual Total Time": 100.225,
                                                        "Actual Rows": 37091,
                                                        "Actual Loops": 1,
                                                        "Inner Unique": false,
                                                        "Plans": [
                                                          {
                                                            "Node Type": "Seq Scan",
                                                            "Parent Relationship": "Outer",
                                                            "Parallel Aware": false,
                                                            "Relation Name": "keyword",
                                                            "Alias": "k",
                                                            "Startup Cost": 0.0,
                                                            "Total Cost": 2961.55,
                                                            "Plan Rows": 4,
                                                            "Plan Width": 4,
                                                            "Actual Startup Time": 2.654,
                                                            "Actual Total Time": 23.334,
                                                            "Actual Rows": 3,
                                                            "Actual Loops": 1,
                                                            "Filter": "(keyword = ANY ('{murder,murder-in-title,blood,violence}'::text[]))",
                                                            "Rows Removed by Filter": 134167
                                                          },
                                                          {
                                                            "Node Type": "Bitmap Heap Scan",
                                                            "Parent Relationship": "Inner",
                                                            "Parallel Aware": false,
                                                            "Relation Name": "movie_keyword",
                                                            "Alias": "mk",
                                                            "Startup Cost": 10.82,
                                                            "Total Cost": 1118.49,
                                                            "Plan Rows": 308,
                                                            "Plan Width": 8,
                                                            "Actual Startup Time": 4.234,
                                                            "Actual Total Time": 24.026,
                                                            "Actual Rows": 12364,
                                                            "Actual Loops": 3,
                                                            "Recheck Cond": "(keyword_id = k.id)",
                                                            "Rows Removed by Index Recheck": 0,
                                                            "Exact Heap Blocks": 26312,
                                                            "Lossy Heap Blocks": 0,
                                                            "Plans": [
                                                              {
                                                                "Node Type": "Bitmap Index Scan",
                                                                "Parent Relationship": "Outer",
                                                                "Parallel Aware": false,
                                                                "Index Name": "keyword_id_movie_keyword",
                                                                "Startup Cost": 0.0,
                                                                "Total Cost": 10.74,
                                                                "Plan Rows": 308,
                                                                "Plan Width": 0,
                                                                "Actual Startup Time": 2.127,
                                                                "Actual Total Time": 2.128,
                                                                "Actual Rows": 12364,
                                                                "Actual Loops": 3,
                                                                "Index Cond": "(keyword_id = k.id)"
                                                              }
                                                            ]
                                                          }
                                                        ]
                                                      },
                                                      {
                                                        "Node Type": "Index Scan",
                                                        "Parent Relationship": "Inner",
                                                        "Parallel Aware": false,
                                                        "Scan Direction": "Forward",
                                                        "Index Name": "movie_id_complete_cast",
                                                        "Relation Name": "complete_cast",
                                                        "Alias": "cc",
                                                        "Startup Cost": 0.42,
                                                        "Total Cost": 0.46,
                                                        "Plan Rows": 2,
                                                        "Plan Width": 12,
                                                        "Actual Startup Time": 0.002,
                                                        "Actual Total Time": 0.002,
                                                        "Actual Rows": 1,
                                                        "Actual Loops": 37091,
                                                        "Index Cond": "(movie_id = mk.movie_id)",
                                                        "Rows Removed by Index Recheck": 0
                                                      }
                                                    ]
                                                  },
                                                  {
                                                    "Node Type": "Materialize",
                                                    "Parent Relationship": "Inner",
                                                    "Parallel Aware": false,
                                                    "Startup Cost": 0.0,
                                                    "Total Cost": 1.06,
                                                    "Plan Rows": 3,
                                                    "Plan Width": 4,
                                                    "Actual Startup Time": 0.0,
                                                    "Actual Total Time": 0.0,
                                                    "Actual Rows": 3,
                                                    "Actual Loops": 20024,
                                                    "Plans": [
                                                      {
                                                        "Node Type": "Seq Scan",
                                                        "Parent Relationship": "Outer",
                                                        "Parallel Aware": false,
                                                        "Relation Name": "comp_cast_type",
                                                        "Alias": "cct2",
                                                        "Startup Cost": 0.0,
                                                        "Total Cost": 1.05,
                                                        "Plan Rows": 3,
                                                        "Plan Width": 4,
                                                        "Actual Startup Time": 0.012,
                                                        "Actual Total Time": 0.015,
                                                        "Actual Rows": 3,
                                                        "Actual Loops": 1,
                                                        "Filter": "((kind)::text <> 'complete+verified'::text)",
                                                        "Rows Removed by Filter": 1
                                                      }
                                                    ]
                                                  }
                                                ]
                                              },
                                              {
                                                "Node Type": "Index Scan",
                                                "Parent Relationship": "Inner",
                                                "Parallel Aware": false,
                                                "Scan Direction": "Forward",
                                                "Index Name": "movie_id_movie_info_idx",
                                                "Relation Name": "movie_info_idx",
                                                "Alias": "mi_idx",
                                                "Startup Cost": 0.43,
                                                "Total Cost": 0.5,
                                                "Plan Rows": 3,
                                                "Plan Width": 14,
                                                "Actual Startup Time": 0.004,
                                                "Actual Total Time": 0.005,
                                                "Actual Rows": 3,
                                                "Actual Loops": 10536,
                                                "Index Cond": "(movie_id = mk.movie_id)",
                                                "Rows Removed by Index Recheck": 0,
                                                "Filter": "(info < '8.5'::text)",
                                                "Rows Removed by Filter": 0
                                              }
                                            ]
                                          },
                                          {
                                            "Node Type": "Index Scan",
                                            "Parent Relationship": "Inner",
                                            "Parallel Aware": false,
                                            "Scan Direction": "Forward",
                                            "Index Name": "title_pkey",
                                            "Relation Name": "title",
                                            "Alias": "t",
                                            "Startup Cost": 0.43,
                                            "Total Cost": 0.49,
                                            "Plan Rows": 1,
                                            "Plan Width": 25,
                                            "Actual Startup Time": 0.003,
                                            "Actual Total Time": 0.003,
                                            "Actual Rows": 0,
                                            "Actual Loops": 29665,
                                            "Index Cond": "(id = mk.movie_id)",
                                            "Rows Removed by Index Recheck": 0,
                                            "Filter": "(production_year > 1995)",
                                            "Rows Removed by Filter": 1
                                          }
                                        ]
                                      },
                                      {
                                        "Node Type": "Index Scan",
                                        "Parent Relationship": "Inner",
                                        "Parallel Aware": false,
                                        "Scan Direction": "Forward",
                                        "Index Name": "movie_id_movie_info",
                                        "Relation Name": "movie_info",
                                        "Alias": "mi",
                                        "Startup Cost": 0.43,
                                        "Total Cost": 1.8,
                                        "Plan Rows": 4,
                                        "Plan Width": 8,
                                        "Actual Startup Time": 0.01,
                                        "Actual Total Time": 0.063,
                                        "Actual Rows": 2,
                                        "Actual Loops": 10178,
                                        "Index Cond": "(movie_id = mk.movie_id)",
                                        "Rows Removed by Index Recheck": 0,
                                        "Filter": "(info = ANY ('{English,Bulgaria,Norway,American,Swedish,Germany,Denmark,USA,German,Sweden}'::text[]))",
                                        "Rows Removed by Filter": 121
                                      }
                                    ]
                                  }
                                ]
                              },
                              {
                                "Node Type": "Seq Scan",
                                "Parent Relationship": "Inner",
                                "Parallel Aware": false,
                                "Relation Name": "comp_cast_type",
                                "Alias": "cct1",
                                "Startup Cost": 0.0,
                                "Total Cost": 1.05,
                                "Plan Rows": 1,
                                "Plan Width": 4,
                                "Actual Startup Time": 0.002,
                                "Actual Total Time": 0.003,
                                "Actual Rows": 1,
                                "Actual Loops": 8999,
                                "Filter": "((kind)::text = 'crew'::text)",
                                "Rows Removed by Filter": 2
                              }
                            ]
                          },
                          {
                            "Node Type": "Seq Scan",
                            "Parent Relationship": "Inner",
                            "Parallel Aware": false,
                            "Relation Name": "info_type",
                            "Alias": "it2",
                            "Startup Cost": 0.0,
                            "Total Cost": 2.41,
                            "Plan Rows": 1,
                            "Plan Width": 4,
                            "Actual Startup Time": 0.009,
                            "Actual Total Time": 0.01,
                            "Actual Rows": 1,
                            "Actual Loops": 2347,
                            "Filter": "((info)::text = 'rating'::text)",
                            "Rows Removed by Filter": 108
                          }
                        ]
                      },
                      {
                        "Node Type": "Seq Scan",
                        "Parent Relationship": "Inner",
                        "Parallel Aware": false,
                        "Relation Name": "kind_type",
                        "Alias": "kt",
                        "Startup Cost": 0.0,
                        "Total Cost": 1.09,
                        "Plan Rows": 2,
                        "Plan Width": 4,
                        "Actual Startup Time": 0.002,
                        "Actual Total Time": 0.002,
                        "Actual Rows": 1,
                        "Actual Loops": 772,
                        "Filter": "((kind)::text = ANY ('{movie,episode}'::text[]))",
                        "Rows Removed by Filter": 1
                      }
                    ]
                  },
                  {
                    "Node Type": "Index Scan",
                    "Parent Relationship": "Inner",
                    "Parallel Aware": false,
                    "Scan Direction": "Forward",
                    "Index Name": "movie_id_movie_companies",
                    "Relation Name": "movie_companies",
                    "Alias": "mc",
                    "Startup Cost": 0.43,
                    "Total Cost": 0.57,
                    "Plan Rows": 1,
                    "Plan Width": 12,
                    "Actual Startup Time": 0.009,
                    "Actual Total Time": 0.019,
                    "Actual Rows": 9,
                    "Actual Loops": 673,
                    "Index Cond": "(movie_id = mk.movie_id)",
                    "Rows Removed by Index Recheck": 0,
                    "Filter": "((note !~~ '%(USA)%'::text) AND (note ~~ '%(200%)%'::text))",
                    "Rows Removed by Filter": 11
                  }
                ]
              },
              {
                "Node Type": "Hash",
                "Parent Relationship": "Inner",
                "Parallel Aware": false,
                "Startup Cost": 1.04,
                "Total Cost": 1.04,
                "Plan Rows": 4,
                "Plan Width": 4,
                "Actual Startup Time": 0.026,
                "Actual Total Time": 0.027,
                "Actual Rows": 4,
                "Actual Loops": 1,
                "Hash Buckets": 1024,
                "Original Hash Buckets": 1024,
                "Hash Batches": 1,
                "Original Hash Batches": 1,
                "Peak Memory Usage": 9,
                "Plans": [
                  {
                    "Node Type": "Seq Scan",
                    "Parent Relationship": "Outer",
                    "Parallel Aware": false,
                    "Relation Name": "company_type",
                    "Alias": "ct",
                    "Startup Cost": 0.0,
                    "Total Cost": 1.04,
                    "Plan Rows": 4,
                    "Plan Width": 4,
                    "Actual Startup Time": 0.015,
                    "Actual Total Time": 0.018,
                    "Actual Rows": 4,
                    "Actual Loops": 1
                  }
                ]
              }
            ]
          },
          {
            "Node Type": "Index Scan",
            "Parent Relationship": "Inner",
            "Parallel Aware": false,
            "Scan Direction": "Forward",
            "Index Name": "company_name_pkey",
            "Relation Name": "company_name",
            "Alias": "cn",
            "Startup Cost": 0.42,
            "Total Cost": 0.55,
            "Plan Rows": 1,
            "Plan Width": 23,
            "Actual Startup Time": 0.003,
            "Actual Total Time": 0.003,
            "Actual Rows": 1,
            "Actual Loops": 6134,
            "Index Cond": "(id = mc.company_id)",
            "Rows Removed by Index Recheck": 0,
            "Filter": "((country_code)::text <> '[us]'::text)",
            "Rows Removed by Filter": 0
          }
        ]
      }
    ]
  },
  "Planning Time": 4.763,
  "Triggers": [],
  "Execution Time": 1118.059
}