[
  {
    "Plan": {
      "Node Type": "Aggregate",
      "Strategy": "Plain",
      "Partial Mode": "Finalize",
      "Parallel Aware": false,
      "Startup Cost": 76070.47,
      "Total Cost": 76070.48,
      "Plan Rows": 1,
      "Plan Width": 8,
      "Actual Startup Time": 273.017,
      "Actual Total Time": 290.784,
      "Actual Rows": 1,
      "Actual Loops": 1,
      "Plans": [
        {
          "Node Type": "Gather",
          "Parent Relationship": "Outer",
          "Parallel Aware": false,
          "Startup Cost": 76070.15,
          "Total Cost": 76070.46,
          "Plan Rows": 3,
          "Plan Width": 8,
          "Actual Startup Time": 272.201,
          "Actual Total Time": 290.773,
          "Actual Rows": 4,
          "Actual Loops": 1,
          "Workers Planned": 3,
          "Workers Launched": 3,
          "Single Copy": false,
          "Plans": [
            {
              "Node Type": "Aggregate",
              "Strategy": "Plain",
              "Partial Mode": "Partial",
              "Parent Relationship": "Outer",
              "Parallel Aware": false,
              "Startup Cost": 75070.15,
              "Total Cost": 75070.16,
              "Plan Rows": 1,
              "Plan Width": 8,
              "Actual Startup Time": 263.394,
              "Actual Total Time": 263.397,
              "Actual Rows": 1,
              "Actual Loops": 4,
              "Plans": [
                {
                  "Node Type": "Hash Join",
                  "Parent Relationship": "Outer",
                  "Parallel Aware": true,
                  "Join Type": "Inner",
                  "Startup Cost": 45617.42,
                  "Total Cost": 75033.31,
                  "Plan Rows": 14735,
                  "Plan Width": 0,
                  "Actual Startup Time": 143.054,
                  "Actual Total Time": 259.614,
                  "Actual Rows": 89034,
                  "Actual Loops": 4,
                  "Inner Unique": true,
                  "Hash Cond": "(mc.movie_id = t.id)",
                  "Plans": [
                    {
                      "Node Type": "Seq Scan",
                      "Parent Relationship": "Outer",
                      "Parallel Aware": true,
                      "Relation Name": "movie_companies",
                      "Alias": "mc",
                      "Startup Cost": 0.0,
                      "Total Cost": 27206.55,
                      "Plan Rows": 841655,
                      "Plan Width": 4,
                      "Actual Startup Time": 0.016,
                      "Actual Total Time": 57.253,
                      "Actual Rows": 652282,
                      "Actual Loops": 4
                    },
                    {
                      "Node Type": "Hash",
                      "Parent Relationship": "Inner",
                      "Parallel Aware": true,
                      "Startup Cost": 45479.1,
                      "Total Cost": 45479.1,
                      "Plan Rows": 11066,
                      "Plan Width": 4,
                      "Actual Startup Time": 116.56,
                      "Actual Total Time": 116.561,
                      "Actual Rows": 41573,
                      "Actual Loops": 4,
                      "Hash Buckets": 262144,
                      "Original Hash Buckets": 65536,
                      "Hash Batches": 1,
                      "Original Hash Batches": 1,
                      "Peak Memory Usage": 10144,
                      "Plans": [
                        {
                          "Node Type": "Seq Scan",
                          "Parent Relationship": "Outer",
                          "Parallel Aware": true,
                          "Relation Name": "title",
                          "Alias": "t",
                          "Startup Cost": 0.0,
                          "Total Cost": 45479.1,
                          "Plan Rows": 11066,
                          "Plan Width": 4,
                          "Actual Startup Time": 59.837,
                          "Actual Total Time": 97.943,
                          "Actual Rows": 41573,
                          "Actual Loops": 4,
                          "Filter": "((production_year < 1952) AND (kind_id = 1))",
                          "Rows Removed by Filter": 590505
                        }
                      ]
                    }
                  ]
                }
              ]
            }
          ]
        }
      ]
    },
    "Planning Time": 0.642,
    "Triggers": [],
    "Execution Time": 290.853
  }
]