[
  {
    "Plan": {
      "Node Type": "Aggregate",
      "Strategy": "Plain",
      "Partial Mode": "Finalize",
      "Parallel Aware": false,
      "Startup Cost": 44742.81,
      "Total Cost": 44742.82,
      "Plan Rows": 1,
      "Plan Width": 8,
      "Actual Startup Time": 139.296,
      "Actual Total Time": 148.12,
      "Actual Rows": 1,
      "Actual Loops": 1,
      "Plans": [
        {
          "Node Type": "Gather",
          "Parent Relationship": "Outer",
          "Parallel Aware": false,
          "Startup Cost": 44742.49,
          "Total Cost": 44742.8,
          "Plan Rows": 3,
          "Plan Width": 8,
          "Actual Startup Time": 139.184,
          "Actual Total Time": 148.111,
          "Actual Rows": 4,
          "Actual Loops": 1,
          "Workers Planned": 3,
          "Workers Launched": 3,
          "Single Copy": false,
          "Plans": [
            {
              "Node Type": "Aggregate",
              "Strategy": "Plain",
              "Partial Mode": "Partial",
              "Parent Relationship": "Outer",
              "Parallel Aware": false,
              "Startup Cost": 43742.49,
              "Total Cost": 43742.5,
              "Plan Rows": 1,
              "Plan Width": 8,
              "Actual Startup Time": 130.643,
              "Actual Total Time": 130.644,
              "Actual Rows": 1,
              "Actual Loops": 4,
              "Plans": [
                {
                  "Node Type": "Seq Scan",
                  "Parent Relationship": "Outer",
                  "Parallel Aware": true,
                  "Relation Name": "movie_keyword",
                  "Alias": "mk",
                  "Startup Cost": 0.0,
                  "Total Cost": 42695.65,
                  "Plan Rows": 418734,
                  "Plan Width": 0,
                  "Actual Startup Time": 1.39,
                  "Actual Total Time": 113.321,
                  "Actual Rows": 327501,
                  "Actual Loops": 4,
                  "Filter": "(keyword_id > 13420)",
                  "Rows Removed by Filter": 803482
                }
              ]
            }
          ]
        }
      ]
    },
    "Planning Time": 0.151,
    "Triggers": [],
    "Execution Time": 148.172
  }
]