[
  {
    "Plan": {
      "Node Type": "Aggregate",
      "Strategy": "Plain",
      "Partial Mode": "Finalize",
      "Parallel Aware": false,
      "Startup Cost": 33279.16,
      "Total Cost": 33279.17,
      "Plan Rows": 1,
      "Plan Width": 8,
      "Actual Startup Time": 88.578,
      "Actual Total Time": 93.961,
      "Actual Rows": 1,
      "Actual Loops": 1,
      "Plans": [
        {
          "Node Type": "Gather",
          "Parent Relationship": "Outer",
          "Parallel Aware": false,
          "Startup Cost": 33278.84,
          "Total Cost": 33279.15,
          "Plan Rows": 3,
          "Plan Width": 8,
          "Actual Startup Time": 88.461,
          "Actual Total Time": 93.952,
          "Actual Rows": 4,
          "Actual Loops": 1,
          "Workers Planned": 3,
          "Workers Launched": 3,
          "Single Copy": false,
          "Plans": [
            {
              "Node Type": "Aggregate",
              "Strategy": "Plain",
              "Partial Mode": "Partial",
              "Parent Relationship": "Outer",
              "Parallel Aware": false,
              "Startup Cost": 32278.84,
              "Total Cost": 32278.85,
              "Plan Rows": 1,
              "Plan Width": 8,
              "Actual Startup Time": 83.42,
              "Actual Total Time": 83.421,
              "Actual Rows": 1,
              "Actual Loops": 4,
              "Plans": [
                {
                  "Node Type": "Seq Scan",
                  "Parent Relationship": "Outer",
                  "Parallel Aware": true,
                  "Relation Name": "movie_companies",
                  "Alias": "mc",
                  "Startup Cost": 0.0,
                  "Total Cost": 31414.82,
                  "Plan Rows": 345608,
                  "Plan Width": 0,
                  "Actual Startup Time": 36.703,
                  "Actual Total Time": 71.19,
                  "Actual Rows": 299615,
                  "Actual Loops": 4,
                  "Filter": "((company_id > 452) AND (company_type_id > 1))",
                  "Rows Removed by Filter": 352668
                }
              ]
            }
          ]
        }
      ]
    },
    "Planning Time": 0.068,
    "Triggers": [],
    "Execution Time": 93.985
  }
]