[
  {
    "Plan": {
      "Node Type": "Aggregate",
      "Strategy": "Plain",
      "Partial Mode": "Finalize",
      "Parallel Aware": false,
      "Startup Cost": 100608.78,
      "Total Cost": 100608.79,
      "Plan Rows": 1,
      "Plan Width": 8,
      "Actual Startup Time": 887.899,
      "Actual Total Time": 902.882,
      "Actual Rows": 1,
      "Actual Loops": 1,
      "Plans": [
        {
          "Node Type": "Gather",
          "Parent Relationship": "Outer",
          "Parallel Aware": false,
          "Startup Cost": 100608.57,
          "Total Cost": 100608.78,
          "Plan Rows": 2,
          "Plan Width": 8,
          "Actual Startup Time": 882.898,
          "Actual Total Time": 902.873,
          "Actual Rows": 3,
          "Actual Loops": 1,
          "Workers Planned": 2,
          "Workers Launched": 2,
          "Single Copy": false,
          "Plans": [
            {
              "Node Type": "Aggregate",
              "Strategy": "Plain",
              "Partial Mode": "Partial",
              "Parent Relationship": "Outer",
              "Parallel Aware": false,
              "Startup Cost": 99608.57,
              "Total Cost": 99608.58,
              "Plan Rows": 1,
              "Plan Width": 8,
              "Actual Startup Time": 874.001,
              "Actual Total Time": 874.021,
              "Actual Rows": 1,
              "Actual Loops": 3,
              "Plans": [
                {
                  "Node Type": "Hash Join",
                  "Parent Relationship": "Outer",
                  "Parallel Aware": true,
                  "Join Type": "Inner",
                  "Startup Cost": 82908.3,
                  "Total Cost": 99179.16,
                  "Plan Rows": 171762,
                  "Plan Width": 0,
                  "Actual Startup Time": 697.43,
                  "Actual Total Time": 853.967,
                  "Actual Rows": 424459,
                  "Actual Loops": 3,
                  "Inner Unique": false,
                  "Hash Cond": "(mi_idx.movie_id = t.id)",
                  "Plans": [
                    {
                      "Node Type": "Seq Scan",
                      "Parent Relationship": "Outer",
                      "Parallel Aware": true,
                      "Relation Name": "movie_info_idx",
                      "Alias": "mi_idx",
                      "Startup Cost": 0.0,
                      "Total Cost": 13685.15,
                      "Plan Rows": 575015,
                      "Plan Width": 4,
                      "Actual Startup Time": 0.029,
                      "Actual Total Time": 39.634,
                      "Actual Rows": 460012,
                      "Actual Loops": 3
                    },
                    {
                      "Node Type": "Hash",
                      "Parent Relationship": "Inner",
                      "Parallel Aware": true,
                      "Startup Cost": 80548.23,
                      "Total Cost": 80548.23,
                      "Plan Rows": 188806,
                      "Plan Width": 8,
                      "Actual Startup Time": 691.062,
                      "Actual Total Time": 691.08,
                      "Actual Rows": 324555,
                      "Actual Loops": 3,
                      "Hash Buckets": 1048576,
                      "Original Hash Buckets": 1048576,
                      "Hash Batches": 1,
                      "Original Hash Batches": 1,
                      "Peak Memory Usage": 46304,
                      "Plans": [
                        {
                          "Node Type": "Hash Join",
                          "Parent Relationship": "Outer",
                          "Parallel Aware": true,
                          "Join Type": "Inner",
                          "Startup Cost": 34460.08,
                          "Total Cost": 80548.23,
                          "Plan Rows": 188806,
                          "Plan Width": 8,
                          "Actual Startup Time": 200.04,
                          "Actual Total Time": 590.905,
                          "Actual Rows": 324555,
                          "Actual Loops": 3,
                          "Inner Unique": false,
                          "Hash Cond": "(t.id = mc.movie_id)",
                          "Plans": [
                            {
                              "Node Type": "Seq Scan",
                              "Parent Relationship": "Outer",
                              "Parallel Aware": true,
                              "Relation Name": "title",
                              "Alias": "t",
                              "Startup Cost": 0.0,
                              "Total Cost": 42318.73,
                              "Plan Rows": 632073,
                              "Plan Width": 4,
                              "Actual Startup Time": 0.01,
                              "Actual Total Time": 97.555,
                              "Actual Rows": 842771,
                              "Actual Loops": 3
                            },
                            {
                              "Node Type": "Hash",
                              "Parent Relationship": "Inner",
                              "Parallel Aware": true,
                              "Startup Cost": 31414.82,
                              "Total Cost": 31414.82,
                              "Plan Rows": 243621,
                              "Plan Width": 4,
                              "Actual Startup Time": 196.473,
                              "Actual Total Time": 196.474,
                              "Actual Rows": 324555,
                              "Actual Loops": 3,
                              "Hash Buckets": 1048576,
                              "Original Hash Buckets": 1048576,
                              "Hash Batches": 1,
                              "Original Hash Batches": 1,
                              "Peak Memory Usage": 46336,
                              "Plans": [
                                {
                                  "Node Type": "Seq Scan",
                                  "Parent Relationship": "Outer",
                                  "Parallel Aware": true,
                                  "Relation Name": "movie_companies",
                                  "Alias": "mc",
                                  "Startup Cost": 0.0,
                                  "Total Cost": 31414.82,
                                  "Plan Rows": 243621,
                                  "Plan Width": 4,
                                  "Actual Startup Time": 60.144,
                                  "Actual Total Time": 116.191,
                                  "Actual Rows": 324555,
                                  "Actual Loops": 3,
                                  "Filter": "((company_id > 7879) AND (company_type_id > 1))",
                                  "Rows Removed by Filter": 545154
                                }
                              ]
                            }
                          ]
                        }
                      ]
                    }
                  ]
                }
              ]
            }
          ]
        }
      ]
    },
    "Planning Time": 1.331,
    "Triggers": [],
    "Execution Time": 902.968
  }
]