[
    {
        "Bao": {
            "Bao prediction": "NaN",
            "Bao recommended hint": "(no hint)"
        }
    },
    {
        "Plan": {
            "Node Type": "Aggregate",
            "Strategy": "Plain",
            "Partial Mode": "Finalize",
            "Parallel Aware": false,
            "Startup Cost": 32656.71,
            "Total Cost": 32656.72,
            "Plan Rows": 1,
            "Plan Width": 8,
            "Actual Startup Time": 77.257,
            "Actual Total Time": 81.777,
            "Actual Rows": 1,
            "Actual Loops": 1,
            "Output": [
                "count(*)"
            ],
            "Plans": [
                {
                    "Node Type": "Gather",
                    "Parent Relationship": "Outer",
                    "Parallel Aware": false,
                    "Startup Cost": 32656.39,
                    "Total Cost": 32656.7,
                    "Plan Rows": 3,
                    "Plan Width": 8,
                    "Actual Startup Time": 77.174,
                    "Actual Total Time": 81.771,
                    "Actual Rows": 4,
                    "Actual Loops": 1,
                    "Output": [
                        "(PARTIAL count(*))"
                    ],
                    "Workers Planned": 3,
                    "Workers Launched": 3,
                    "Single Copy": false,
                    "Plans": [
                        {
                            "Node Type": "Aggregate",
                            "Strategy": "Plain",
                            "Partial Mode": "Partial",
                            "Parent Relationship": "Outer",
                            "Parallel Aware": false,
                            "Startup Cost": 31656.39,
                            "Total Cost": 31656.4,
                            "Plan Rows": 1,
                            "Plan Width": 8,
                            "Actual Startup Time": 69.101,
                            "Actual Total Time": 69.102,
                            "Actual Rows": 1,
                            "Actual Loops": 4,
                            "Output": [
                                "PARTIAL count(*)"
                            ],
                            "Workers": [
                                {
                                    "Worker Number": 0,
                                    "Actual Startup Time": 66.229,
                                    "Actual Total Time": 66.229,
                                    "Actual Rows": 1,
                                    "Actual Loops": 1
                                },
                                {
                                    "Worker Number": 1,
                                    "Actual Startup Time": 66.357,
                                    "Actual Total Time": 66.358,
                                    "Actual Rows": 1,
                                    "Actual Loops": 1
                                },
                                {
                                    "Worker Number": 2,
                                    "Actual Startup Time": 67.021,
                                    "Actual Total Time": 67.022,
                                    "Actual Rows": 1,
                                    "Actual Loops": 1
                                }
                            ],
                            "Plans": [
                                {
                                    "Node Type": "Seq Scan",
                                    "Parent Relationship": "Outer",
                                    "Parallel Aware": true,
                                    "Relation Name": "movie_companies",
                                    "Schema": "public",
                                    "Alias": "mc",
                                    "Startup Cost": 0.0,
                                    "Total Cost": 31414.82,
                                    "Plan Rows": 96630,
                                    "Plan Width": 0,
                                    "Actual Startup Time": 41.544,
                                    "Actual Total Time": 67.373,
                                    "Actual Rows": 40291,
                                    "Actual Loops": 4,
                                    "Output": [
                                        "id",
                                        "movie_id",
                                        "company_id",
                                        "company_type_id",
                                        "note"
                                    ],
                                    "Filter": "((mc.company_id < 663) AND (mc.company_type_id = 2))",
                                    "Rows Removed by Filter": 611992,
                                    "Workers": [
                                        {
                                            "Worker Number": 0,
                                            "Actual Startup Time": 38.675,
                                            "Actual Total Time": 64.541,
                                            "Actual Rows": 38421,
                                            "Actual Loops": 1
                                        },
                                        {
                                            "Worker Number": 1,
                                            "Actual Startup Time": 38.806,
                                            "Actual Total Time": 64.743,
                                            "Actual Rows": 36899,
                                            "Actual Loops": 1
                                        },
                                        {
                                            "Worker Number": 2,
                                            "Actual Startup Time": 39.459,
                                            "Actual Total Time": 65.289,
                                            "Actual Rows": 39252,
                                            "Actual Loops": 1
                                        }
                                    ]
                                }
                            ]
                        }
                    ]
                }
            ]
        },
        "Planning Time": 205.555,
        "Triggers": [],
        "Execution Time": 81.856
    }
]