{
  "Plan": {
    "Node Type": "Aggregate",
    "Strategy": "Plain",
    "Partial Mode": "Finalize",
    "Parallel Aware": false,
    "Startup Cost": 81743.6,
    "Total Cost": 81743.61,
    "Plan Rows": 1,
    "Plan Width": 8,
    "Actual Startup Time": 228.658,
    "Actual Total Time": 244.544,
    "Actual Rows": 1,
    "Actual Loops": 1,
    "Plans": [
      {
        "Node Type": "Gather",
        "Parent Relationship": "Outer",
        "Parallel Aware": false,
        "Startup Cost": 81743.49,
        "Total Cost": 81743.6,
        "Plan Rows": 1,
        "Plan Width": 8,
        "Actual Startup Time": 228.016,
        "Actual Total Time": 244.535,
        "Actual Rows": 2,
        "Actual Loops": 1,
        "Workers Planned": 1,
        "Workers Launched": 1,
        "Single Copy": false,
        "Plans": [
          {
            "Node Type": "Aggregate",
            "Strategy": "Plain",
            "Partial Mode": "Partial",
            "Parent Relationship": "Outer",
            "Parallel Aware": false,
            "Startup Cost": 80743.49,
            "Total Cost": 80743.5,
            "Plan Rows": 1,
            "Plan Width": 8,
            "Actual Startup Time": 221.974,
            "Actual Total Time": 221.978,
            "Actual Rows": 1,
            "Actual Loops": 2,
            "Plans": [
              {
                "Node Type": "Hash Join",
                "Parent Relationship": "Outer",
                "Parallel Aware": true,
                "Join Type": "Inner",
                "Startup Cost": 59935.19,
                "Total Cost": 80736.77,
                "Plan Rows": 2688,
                "Plan Width": 0,
                "Actual Startup Time": 170.209,
                "Actual Total Time": 221.744,
                "Actual Rows": 3050,
                "Actual Loops": 2,
                "Inner Unique": true,
                "Hash Cond": "(mc.movie_id = t.id)",
                "Plans": [
                  {
                    "Node Type": "Bitmap Heap Scan",
                    "Parent Relationship": "Outer",
                    "Parallel Aware": true,
                    "Relation Name": "movie_companies",
                    "Alias": "mc",
                    "Startup Cost": 4524.49,
                    "Total Cost": 25166.52,
                    "Plan Rows": 60780,
                    "Plan Width": 4,
                    "Actual Startup Time": 15.025,
                    "Actual Total Time": 50.992,
                    "Actual Rows": 82238,
                    "Actual Loops": 2,
                    "Recheck Cond": "(company_id < 69)",
                    "Rows Removed by Index Recheck": 0,
                    "Filter": "(company_type_id < 2)",
                    "Rows Removed by Filter": 22796,
                    "Exact Heap Blocks": 10933,
                    "Lossy Heap Blocks": 0,
                    "Plans": [
                      {
                        "Node Type": "Bitmap Index Scan",
                        "Parent Relationship": "Outer",
                        "Parallel Aware": false,
                        "Index Name": "company_id_movie_companies",
                        "Startup Cost": 0.0,
                        "Total Cost": 4498.66,
                        "Plan Rows": 209897,
                        "Plan Width": 0,
                        "Actual Startup Time": 12.479,
                        "Actual Total Time": 12.479,
                        "Actual Rows": 210066,
                        "Actual Loops": 1,
                        "Index Cond": "(company_id < 69)"
                      }
                    ]
                  },
                  {
                    "Node Type": "Hash",
                    "Parent Relationship": "Inner",
                    "Parallel Aware": true,
                    "Startup Cost": 54588.39,
                    "Total Cost": 54588.39,
                    "Plan Rows": 65785,
                    "Plan Width": 4,
                    "Actual Startup Time": 152.873,
                    "Actual Total Time": 152.874,
                    "Actual Rows": 54214,
                    "Actual Loops": 2,
                    "Hash Buckets": 131072,
                    "Original Hash Buckets": 131072,
                    "Hash Batches": 1,
                    "Original Hash Batches": 1,
                    "Peak Memory Usage": 5312,
                    "Plans": [
                      {
                        "Node Type": "Seq Scan",
                        "Parent Relationship": "Outer",
                        "Parallel Aware": true,
                        "Relation Name": "title",
                        "Alias": "t",
                        "Startup Cost": 0.0,
                        "Total Cost": 54588.39,
                        "Plan Rows": 65785,
                        "Plan Width": 4,
                        "Actual Startup Time": 0.038,
                        "Actual Total Time": 137.867,
                        "Actual Rows": 54214,
                        "Actual Loops": 2,
                        "Filter": "(production_year = 2006)",
                        "Rows Removed by Filter": 1209942
                      }
                    ]
                  }
                ]
              }
            ]
          }
        ]
      }
    ]
  },
  "Planning Time": 0.487,
  "Triggers": [],
  "Execution Time": 244.64
}