[
  {
    "Plan": {
      "Node Type": "Aggregate",
      "Strategy": "Plain",
      "Partial Mode": "Finalize",
      "Parallel Aware": false,
      "Startup Cost": 326359.11,
      "Total Cost": 326359.12,
      "Plan Rows": 1,
      "Plan Width": 8,
      "Actual Startup Time": 266.414,
      "Actual Total Time": 278.724,
      "Actual Rows": 1,
      "Actual Loops": 1,
      "Plans": [
        {
          "Node Type": "Gather",
          "Parent Relationship": "Outer",
          "Parallel Aware": false,
          "Startup Cost": 326358.49,
          "Total Cost": 326359.1,
          "Plan Rows": 6,
          "Plan Width": 8,
          "Actual Startup Time": 265.488,
          "Actual Total Time": 278.71,
          "Actual Rows": 7,
          "Actual Loops": 1,
          "Workers Planned": 6,
          "Workers Launched": 6,
          "Single Copy": false,
          "Plans": [
            {
              "Node Type": "Aggregate",
              "Strategy": "Plain",
              "Partial Mode": "Partial",
              "Parent Relationship": "Outer",
              "Parallel Aware": false,
              "Startup Cost": 325358.49,
              "Total Cost": 325358.5,
              "Plan Rows": 1,
              "Plan Width": 8,
              "Actual Startup Time": 259.646,
              "Actual Total Time": 259.649,
              "Actual Rows": 1,
              "Actual Loops": 7,
              "Plans": [
                {
                  "Node Type": "Bitmap Heap Scan",
                  "Parent Relationship": "Outer",
                  "Parallel Aware": true,
                  "Relation Name": "cast_info",
                  "Alias": "ci",
                  "Startup Cost": 65279.56,
                  "Total Cost": 324126.5,
                  "Plan Rows": 492796,
                  "Plan Width": 0,
                  "Actual Startup Time": 130.623,
                  "Actual Total Time": 237.98,
                  "Actual Rows": 411129,
                  "Actual Loops": 7,
                  "Recheck Cond": "(person_id > 3520669)",
                  "Rows Removed by Index Recheck": 0,
                  "Exact Heap Blocks": 9391,
                  "Lossy Heap Blocks": 0,
                  "Plans": [
                    {
                      "Node Type": "Bitmap Index Scan",
                      "Parent Relationship": "Outer",
                      "Parallel Aware": false,
                      "Index Name": "person_id_cast_info",
                      "Startup Cost": 0.0,
                      "Total Cost": 64540.36,
                      "Plan Rows": 2956773,
                      "Plan Width": 0,
                      "Actual Startup Time": 129.157,
                      "Actual Total Time": 129.157,
                      "Actual Rows": 2877903,
                      "Actual Loops": 1,
                      "Index Cond": "(person_id > 3520669)"
                    }
                  ]
                }
              ]
            }
          ]
        }
      ]
    },
    "Planning Time": 0.136,
    "Triggers": [],
    "Execution Time": 278.794
  }
]