[
  {
    "Plan": {
      "Node Type": "Aggregate",
      "Strategy": "Plain",
      "Partial Mode": "Finalize",
      "Parallel Aware": false,
      "Startup Cost": 34114.29,
      "Total Cost": 34114.3,
      "Plan Rows": 1,
      "Plan Width": 8,
      "Actual Startup Time": 116.681,
      "Actual Total Time": 125.229,
      "Actual Rows": 1,
      "Actual Loops": 1,
      "Plans": [
        {
          "Node Type": "Gather",
          "Parent Relationship": "Outer",
          "Parallel Aware": false,
          "Startup Cost": 34113.98,
          "Total Cost": 34114.29,
          "Plan Rows": 3,
          "Plan Width": 8,
          "Actual Startup Time": 116.41,
          "Actual Total Time": 125.218,
          "Actual Rows": 4,
          "Actual Loops": 1,
          "Workers Planned": 3,
          "Workers Launched": 3,
          "Single Copy": false,
          "Plans": [
            {
              "Node Type": "Aggregate",
              "Strategy": "Plain",
              "Partial Mode": "Partial",
              "Parent Relationship": "Outer",
              "Parallel Aware": false,
              "Startup Cost": 33113.98,
              "Total Cost": 33113.99,
              "Plan Rows": 1,
              "Plan Width": 8,
              "Actual Startup Time": 107.283,
              "Actual Total Time": 107.285,
              "Actual Rows": 1,
              "Actual Loops": 4,
              "Plans": [
                {
                  "Node Type": "Bitmap Heap Scan",
                  "Parent Relationship": "Outer",
                  "Parallel Aware": true,
                  "Relation Name": "movie_keyword",
                  "Alias": "mk",
                  "Startup Cost": 7051.95,
                  "Total Cost": 32845.97,
                  "Plan Rows": 107202,
                  "Plan Width": 0,
                  "Actual Startup Time": 35.813,
                  "Actual Total Time": 101.997,
                  "Actual Rows": 81196,
                  "Actual Loops": 4,
                  "Recheck Cond": "(keyword_id > 50553)",
                  "Rows Removed by Index Recheck": 0,
                  "Exact Heap Blocks": 10776,
                  "Lossy Heap Blocks": 0,
                  "Plans": [
                    {
                      "Node Type": "Bitmap Index Scan",
                      "Parent Relationship": "Outer",
                      "Parallel Aware": false,
                      "Index Name": "keyword_id_movie_keyword",
                      "Startup Cost": 0.0,
                      "Total Cost": 6968.87,
                      "Plan Rows": 332325,
                      "Plan Width": 0,
                      "Actual Startup Time": 40.388,
                      "Actual Total Time": 40.388,
                      "Actual Rows": 324784,
                      "Actual Loops": 1,
                      "Index Cond": "(keyword_id > 50553)"
                    }
                  ]
                }
              ]
            }
          ]
        }
      ]
    },
    "Planning Time": 0.157,
    "Triggers": [],
    "Execution Time": 125.311
  }
]