{
  "Plan": {
    "Node Type": "Aggregate",
    "Strategy": "Plain",
    "Partial Mode": "Finalize",
    "Parallel Aware": false,
    "Startup Cost": 120883.14,
    "Total Cost": 120883.15,
    "Plan Rows": 1,
    "Plan Width": 8,
    "Actual Startup Time": 365.935,
    "Actual Total Time": 399.129,
    "Actual Rows": 1,
    "Actual Loops": 1,
    "Plans": [
      {
        "Node Type": "Gather",
        "Parent Relationship": "Outer",
        "Parallel Aware": false,
        "Startup Cost": 120883.03,
        "Total Cost": 120883.14,
        "Plan Rows": 1,
        "Plan Width": 8,
        "Actual Startup Time": 365.676,
        "Actual Total Time": 399.12,
        "Actual Rows": 2,
        "Actual Loops": 1,
        "Workers Planned": 1,
        "Workers Launched": 1,
        "Single Copy": false,
        "Plans": [
          {
            "Node Type": "Aggregate",
            "Strategy": "Plain",
            "Partial Mode": "Partial",
            "Parent Relationship": "Outer",
            "Parallel Aware": false,
            "Startup Cost": 119883.03,
            "Total Cost": 119883.04,
            "Plan Rows": 1,
            "Plan Width": 8,
            "Actual Startup Time": 359.274,
            "Actual Total Time": 359.277,
            "Actual Rows": 1,
            "Actual Loops": 2,
            "Plans": [
              {
                "Node Type": "Nested Loop",
                "Parent Relationship": "Outer",
                "Parallel Aware": false,
                "Join Type": "Inner",
                "Startup Cost": 23061.36,
                "Total Cost": 119726.97,
                "Plan Rows": 62422,
                "Plan Width": 0,
                "Actual Startup Time": 155.238,
                "Actual Total Time": 353.051,
                "Actual Rows": 133234,
                "Actual Loops": 2,
                "Inner Unique": false,
                "Plans": [
                  {
                    "Node Type": "Hash Join",
                    "Parent Relationship": "Outer",
                    "Parallel Aware": true,
                    "Join Type": "Inner",
                    "Startup Cost": 23060.93,
                    "Total Cost": 79149.96,
                    "Plan Rows": 10675,
                    "Plan Width": 8,
                    "Actual Startup Time": 155.166,
                    "Actual Total Time": 212.353,
                    "Actual Rows": 10110,
                    "Actual Loops": 2,
                    "Inner Unique": false,
                    "Hash Cond": "(t.id = mc.movie_id)",
                    "Plans": [
                      {
                        "Node Type": "Seq Scan",
                        "Parent Relationship": "Outer",
                        "Parallel Aware": true,
                        "Relation Name": "title",
                        "Alias": "t",
                        "Startup Cost": 0.0,
                        "Total Cost": 54588.39,
                        "Plan Rows": 230056,
                        "Plan Width": 4,
                        "Actual Startup Time": 0.012,
                        "Actual Total Time": 123.174,
                        "Actual Rows": 195833,
                        "Actual Loops": 2,
                        "Filter": "(production_year > 2010)",
                        "Rows Removed by Filter": 1068323
                      },
                      {
                        "Node Type": "Hash",
                        "Parent Relationship": "Inner",
                        "Parallel Aware": true,
                        "Startup Cost": 22198.29,
                        "Total Cost": 22198.29,
                        "Plan Rows": 69011,
                        "Plan Width": 4,
                        "Actual Startup Time": 49.474,
                        "Actual Total Time": 49.475,
                        "Actual Rows": 56268,
                        "Actual Loops": 2,
                        "Hash Buckets": 131072,
                        "Original Hash Buckets": 131072,
                        "Hash Batches": 1,
                        "Original Hash Batches": 1,
                        "Peak Memory Usage": 5472,
                        "Plans": [
                          {
                            "Node Type": "Bitmap Heap Scan",
                            "Parent Relationship": "Outer",
                            "Parallel Aware": true,
                            "Relation Name": "movie_companies",
                            "Alias": "mc",
                            "Startup Cost": 2545.65,
                            "Total Cost": 22198.29,
                            "Plan Rows": 69011,
                            "Plan Width": 4,
                            "Actual Startup Time": 11.234,
                            "Actual Total Time": 34.664,
                            "Actual Rows": 56268,
                            "Actual Loops": 2,
                            "Recheck Cond": "(company_id > 150483)",
                            "Rows Removed by Index Recheck": 0,
                            "Exact Heap Blocks": 2617,
                            "Lossy Heap Blocks": 0,
                            "Plans": [
                              {
                                "Node Type": "Bitmap Index Scan",
                                "Parent Relationship": "Outer",
                                "Parallel Aware": false,
                                "Index Name": "company_id_movie_companies",
                                "Startup Cost": 0.0,
                                "Total Cost": 2516.32,
                                "Plan Rows": 117319,
                                "Plan Width": 0,
                                "Actual Startup Time": 14.594,
                                "Actual Total Time": 14.595,
                                "Actual Rows": 112537,
                                "Actual Loops": 1,
                                "Index Cond": "(company_id > 150483)"
                              }
                            ]
                          }
                        ]
                      }
                    ]
                  },
                  {
                    "Node Type": "Index Only Scan",
                    "Parent Relationship": "Inner",
                    "Parallel Aware": false,
                    "Scan Direction": "Forward",
                    "Index Name": "movie_id_movie_info",
                    "Relation Name": "movie_info",
                    "Alias": "mi",
                    "Startup Cost": 0.43,
                    "Total Cost": 3.38,
                    "Plan Rows": 42,
                    "Plan Width": 4,
                    "Actual Startup Time": 0.005,
                    "Actual Total Time": 0.013,
                    "Actual Rows": 13,
                    "Actual Loops": 20220,
                    "Index Cond": "(movie_id = t.id)",
                    "Rows Removed by Index Recheck": 0,
                    "Heap Fetches": 266467
                  }
                ]
              }
            ]
          }
        ]
      }
    ]
  },
  "Planning Time": 0.955,
  "Triggers": [],
  "Execution Time": 399.244
}