{
  "Plan": {
    "Node Type": "Aggregate",
    "Strategy": "Plain",
    "Partial Mode": "Finalize",
    "Parallel Aware": false,
    "Startup Cost": 62361.02,
    "Total Cost": 62361.03,
    "Plan Rows": 1,
    "Plan Width": 8,
    "Actual Startup Time": 168.682,
    "Actual Total Time": 195.937,
    "Actual Rows": 1,
    "Actual Loops": 1,
    "Plans": [
      {
        "Node Type": "Gather",
        "Parent Relationship": "Outer",
        "Parallel Aware": false,
        "Startup Cost": 62360.91,
        "Total Cost": 62361.02,
        "Plan Rows": 1,
        "Plan Width": 8,
        "Actual Startup Time": 168.482,
        "Actual Total Time": 195.929,
        "Actual Rows": 2,
        "Actual Loops": 1,
        "Workers Planned": 1,
        "Workers Launched": 1,
        "Single Copy": false,
        "Plans": [
          {
            "Node Type": "Aggregate",
            "Strategy": "Plain",
            "Partial Mode": "Partial",
            "Parent Relationship": "Outer",
            "Parallel Aware": false,
            "Startup Cost": 61360.91,
            "Total Cost": 61360.92,
            "Plan Rows": 1,
            "Plan Width": 8,
            "Actual Startup Time": 162.354,
            "Actual Total Time": 162.355,
            "Actual Rows": 1,
            "Actual Loops": 2,
            "Plans": [
              {
                "Node Type": "Nested Loop",
                "Parent Relationship": "Outer",
                "Parallel Aware": false,
                "Join Type": "Inner",
                "Startup Cost": 183.91,
                "Total Cost": 61287.0,
                "Plan Rows": 29563,
                "Plan Width": 0,
                "Actual Startup Time": 4.111,
                "Actual Total Time": 155.523,
                "Actual Rows": 124965,
                "Actual Loops": 2,
                "Inner Unique": false,
                "Plans": [
                  {
                    "Node Type": "Nested Loop",
                    "Parent Relationship": "Outer",
                    "Parallel Aware": false,
                    "Join Type": "Inner",
                    "Startup Cost": 183.47,
                    "Total Cost": 51518.64,
                    "Plan Rows": 5056,
                    "Plan Width": 8,
                    "Actual Startup Time": 3.976,
                    "Actual Total Time": 36.34,
                    "Actual Rows": 3776,
                    "Actual Loops": 2,
                    "Inner Unique": true,
                    "Plans": [
                      {
                        "Node Type": "Bitmap Heap Scan",
                        "Parent Relationship": "Outer",
                        "Parallel Aware": true,
                        "Relation Name": "movie_keyword",
                        "Alias": "mk",
                        "Startup Cost": 183.04,
                        "Total Cost": 17497.69,
                        "Plan Rows": 5056,
                        "Plan Width": 4,
                        "Actual Startup Time": 3.825,
                        "Actual Total Time": 13.963,
                        "Actual Rows": 3776,
                        "Actual Loops": 2,
                        "Recheck Cond": "(keyword_id = 910)",
                        "Rows Removed by Index Recheck": 0,
                        "Exact Heap Blocks": 4157,
                        "Lossy Heap Blocks": 0,
                        "Plans": [
                          {
                            "Node Type": "Bitmap Index Scan",
                            "Parent Relationship": "Outer",
                            "Parallel Aware": false,
                            "Index Name": "keyword_id_movie_keyword",
                            "Startup Cost": 0.0,
                            "Total Cost": 180.89,
                            "Plan Rows": 8595,
                            "Plan Width": 0,
                            "Actual Startup Time": 4.384,
                            "Actual Total Time": 4.384,
                            "Actual Rows": 7552,
                            "Actual Loops": 1,
                            "Index Cond": "(keyword_id = 910)"
                          }
                        ]
                      },
                      {
                        "Node Type": "Index Only Scan",
                        "Parent Relationship": "Inner",
                        "Parallel Aware": false,
                        "Scan Direction": "Forward",
                        "Index Name": "title_pkey",
                        "Relation Name": "title",
                        "Alias": "t",
                        "Startup Cost": 0.43,
                        "Total Cost": 6.73,
                        "Plan Rows": 1,
                        "Plan Width": 4,
                        "Actual Startup Time": 0.005,
                        "Actual Total Time": 0.005,
                        "Actual Rows": 1,
                        "Actual Loops": 7552,
                        "Index Cond": "(id = mk.movie_id)",
                        "Rows Removed by Index Recheck": 0,
                        "Heap Fetches": 7552
                      }
                    ]
                  },
                  {
                    "Node Type": "Index Only Scan",
                    "Parent Relationship": "Inner",
                    "Parallel Aware": false,
                    "Scan Direction": "Forward",
                    "Index Name": "movie_id_movie_info",
                    "Relation Name": "movie_info",
                    "Alias": "mi",
                    "Startup Cost": 0.43,
                    "Total Cost": 1.51,
                    "Plan Rows": 42,
                    "Plan Width": 4,
                    "Actual Startup Time": 0.008,
                    "Actual Total Time": 0.029,
                    "Actual Rows": 33,
                    "Actual Loops": 7552,
                    "Index Cond": "(movie_id = t.id)",
                    "Rows Removed by Index Recheck": 0,
                    "Heap Fetches": 249930
                  }
                ]
              }
            ]
          }
        ]
      }
    ]
  },
  "Planning Time": 0.908,
  "Triggers": [],
  "Execution Time": 196.04
}