[
  {
    "Plan": {
      "Node Type": "Aggregate",
      "Strategy": "Plain",
      "Partial Mode": "Simple",
      "Parallel Aware": false,
      "Startup Cost": 160000046110.27,
      "Total Cost": 160000046110.28,
      "Plan Rows": 1,
      "Plan Width": 96,
      "Actual Startup Time": 893.899,
      "Actual Total Time": 893.912,
      "Actual Rows": 1,
      "Actual Loops": 1,
      "Plans": [
        {
          "Node Type": "Nested Loop",
          "Parent Relationship": "Outer",
          "Parallel Aware": false,
          "Join Type": "Inner",
          "Startup Cost": 160000000005.95,
          "Total Cost": 160000046110.26,
          "Plan Rows": 1,
          "Plan Width": 48,
          "Actual Startup Time": 491.016,
          "Actual Total Time": 893.641,
          "Actual Rows": 1260,
          "Actual Loops": 1,
          "Inner Unique": true,
          "Join Filter": "(mi.movie_id = t.id)",
          "Rows Removed by Join Filter": 0,
          "Plans": [
            {
              "Node Type": "Nested Loop",
              "Parent Relationship": "Outer",
              "Parallel Aware": false,
              "Join Type": "Inner",
              "Startup Cost": 150000000005.52,
              "Total Cost": 150000046109.75,
              "Plan Rows": 1,
              "Plan Width": 51,
              "Actual Startup Time": 490.964,
              "Actual Total Time": 891.915,
              "Actual Rows": 1260,
              "Actual Loops": 1,
              "Inner Unique": true,
              "Join Filter": "(ci.role_id = rt.id)",
              "Rows Removed by Join Filter": 0,
              "Plans": [
                {
                  "Node Type": "Nested Loop",
                  "Parent Relationship": "Outer",
                  "Parallel Aware": false,
                  "Join Type": "Inner",
                  "Startup Cost": 140000000005.38,
                  "Total Cost": 140000046097.4,
                  "Plan Rows": 1,
                  "Plan Width": 55,
                  "Actual Startup Time": 490.952,
                  "Actual Total Time": 890.86,
                  "Actual Rows": 1260,
                  "Actual Loops": 1,
                  "Inner Unique": false,
                  "Join Filter": "(n.id = an.person_id)",
                  "Rows Removed by Join Filter": 0,
                  "Plans": [
                    {
                      "Node Type": "Nested Loop",
                      "Parent Relationship": "Outer",
                      "Parallel Aware": false,
                      "Join Type": "Inner",
                      "Startup Cost": 130000000004.96,
                      "Total Cost": 130000046096.89,
                      "Plan Rows": 1,
                      "Plan Width": 67,
                      "Actual Startup Time": 490.872,
                      "Actual Total Time": 890.104,
                      "Actual Rows": 252,
                      "Actual Loops": 1,
                      "Inner Unique": true,
                      "Plans": [
                        {
                          "Node Type": "Nested Loop",
                          "Parent Relationship": "Outer",
                          "Parallel Aware": false,
                          "Join Type": "Inner",
                          "Startup Cost": 120000000004.81,
                          "Total Cost": 120000046096.71,
                          "Plan Rows": 1,
                          "Plan Width": 71,
                          "Actual Startup Time": 490.756,
                          "Actual Total Time": 889.009,
                          "Actual Rows": 1452,
                          "Actual Loops": 1,
                          "Inner Unique": false,
                          "Join Filter": "(n.id = pi.person_id)",
                          "Rows Removed by Join Filter": 0,
                          "Plans": [
                            {
                              "Node Type": "Nested Loop",
                              "Parent Relationship": "Outer",
                              "Parallel Aware": false,
                              "Join Type": "Inner",
                              "Startup Cost": 110000000004.38,
                              "Total Cost": 110000046095.26,
                              "Plan Rows": 1,
                              "Plan Width": 63,
                              "Actual Startup Time": 490.668,
                              "Actual Total Time": 888.486,
                              "Actual Rows": 12,
                              "Actual Loops": 1,
                              "Inner Unique": true,
                              "Plans": [
                                {
                                  "Node Type": "Nested Loop",
                                  "Parent Relationship": "Outer",
                                  "Parallel Aware": false,
                                  "Join Type": "Inner",
                                  "Startup Cost": 100000000003.96,
                                  "Total Cost": 100000046094.48,
                                  "Plan Rows": 1,
                                  "Plan Width": 44,
                                  "Actual Startup Time": 211.886,
                                  "Actual Total Time": 870.054,
                                  "Actual Rows": 8318,
                                  "Actual Loops": 1,
                                  "Inner Unique": true,
                                  "Plans": [
                                    {
                                      "Node Type": "Nested Loop",
                                      "Parent Relationship": "Outer",
                                      "Parallel Aware": false,
                                      "Join Type": "Inner",
                                      "Startup Cost": 90000000003.81,
                                      "Total Cost": 90000046094.3,
                                      "Plan Rows": 1,
                                      "Plan Width": 48,
                                      "Actual Startup Time": 211.866,
                                      "Actual Total Time": 862.296,
                                      "Actual Rows": 8318,
                                      "Actual Loops": 1,
                                      "Inner Unique": false,
                                      "Join Filter": "(mc.movie_id = mi.movie_id)",
                                      "Rows Removed by Join Filter": 0,
                                      "Plans": [
                                        {
                                          "Node Type": "Nested Loop",
                                          "Parent Relationship": "Outer",
                                          "Parallel Aware": false,
                                          "Join Type": "Inner",
                                          "Startup Cost": 80000000003.38,
                                          "Total Cost": 80000046092.77,
                                          "Plan Rows": 1,
                                          "Plan Width": 40,
                                          "Actual Startup Time": 154.701,
                                          "Actual Total Time": 640.421,
                                          "Actual Rows": 3237,
                                          "Actual Loops": 1,
                                          "Inner Unique": true,
                                          "Plans": [
                                            {
                                              "Node Type": "Nested Loop",
                                              "Parent Relationship": "Outer",
                                              "Parallel Aware": false,
                                              "Join Type": "Inner",
                                              "Startup Cost": 70000000002.96,
                                              "Total Cost": 70000046092.33,
                                              "Plan Rows": 1,
                                              "Plan Width": 44,
                                              "Actual Startup Time": 154.672,
                                              "Actual Total Time": 615.983,
                                              "Actual Rows": 14342,
                                              "Actual Loops": 1,
                                              "Inner Unique": false,
                                              "Join Filter": "(ci.movie_id = mc.movie_id)",
                                              "Rows Removed by Join Filter": 0,
                                              "Plans": [
                                                {
                                                  "Node Type": "Nested Loop",
                                                  "Parent Relationship": "Outer",
                                                  "Parallel Aware": false,
                                                  "Join Type": "Inner",
                                                  "Startup Cost": 60000000002.53,
                                                  "Total Cost": 60000046091.72,
                                                  "Plan Rows": 1,
                                                  "Plan Width": 36,
                                                  "Actual Startup Time": 154.583,
                                                  "Actual Total Time": 609.941,
                                                  "Actual Rows": 544,
                                                  "Actual Loops": 1,
                                                  "Inner Unique": true,
                                                  "Plans": [
                                                    {
                                                      "Node Type": "Nested Loop",
                                                      "Parent Relationship": "Outer",
                                                      "Parallel Aware": false,
                                                      "Join Type": "Inner",
                                                      "Startup Cost": 50000000002.1,
                                                      "Total Cost": 50000046091.06,
                                                      "Plan Rows": 1,
                                                      "Plan Width": 24,
                                                      "Actual Startup Time": 154.473,
                                                      "Actual Total Time": 600.122,
                                                      "Actual Rows": 703,
                                                      "Actual Loops": 1,
                                                      "Inner Unique": false,
                                                      "Plans": [
                                                        {
                                                          "Node Type": "Nested Loop",
                                                          "Parent Relationship": "Outer",
                                                          "Parallel Aware": false,
                                                          "Join Type": "Inner",
                                                          "Startup Cost": 40000000001.53,
                                                          "Total Cost": 40000046086.02,
                                                          "Plan Rows": 3,
                                                          "Plan Width": 8,
                                                          "Actual Startup Time": 154.387,
                                                          "Actual Total Time": 577.152,
                                                          "Actual Rows": 23,
                                                          "Actual Loops": 1,
                                                          "Inner Unique": true,
                                                          "Join Filter": "(mk.keyword_id = k.id)",
                                                          "Rows Removed by Join Filter": 742243,
                                                          "Plans": [
                                                            {
                                                              "Node Type": "Nested Loop",
                                                              "Parent Relationship": "Outer",
                                                              "Parallel Aware": false,
                                                              "Join Type": "Inner",
                                                              "Startup Cost": 30000000001.11,
                                                              "Total Cost": 30000034949.12,
                                                              "Plan Rows": 386258,
                                                              "Plan Width": 12,
                                                              "Actual Startup Time": 0.613,
                                                              "Actual Total Time": 364.808,
                                                              "Actual Rows": 742266,
                                                              "Actual Loops": 1,
                                                              "Inner Unique": false,
                                                              "Plans": [
                                                                {
                                                                  "Node Type": "Nested Loop",
                                                                  "Parent Relationship": "Outer",
                                                                  "Parallel Aware": false,
                                                                  "Join Type": "Inner",
                                                                  "Startup Cost": 20000000000.68,
                                                                  "Total Cost": 20000009203.71,
                                                                  "Plan Rows": 8443,
                                                                  "Plan Width": 4,
                                                                  "Actual Startup Time": 0.391,
                                                                  "Actual Total Time": 95.685,
                                                                  "Actual Rows": 17879,
                                                                  "Actual Loops": 1,
                                                                  "Inner Unique": true,
                                                                  "Join Filter": "(cc.status_id = cct2.id)",
                                                                  "Rows Removed by Join Filter": 68062,
                                                                  "Plans": [
                                                                    {
                                                                      "Node Type": "Nested Loop",
                                                                      "Parent Relationship": "Outer",
                                                                      "Parallel Aware": false,
                                                                      "Join Type": "Inner",
                                                                      "Startup Cost": 10000000000.55,
                                                                      "Total Cost": 10000008684.92,
                                                                      "Plan Rows": 33772,
                                                                      "Plan Width": 8,
                                                                      "Actual Startup Time": 0.178,
                                                                      "Actual Total Time": 77.82,
                                                                      "Actual Rows": 85941,
                                                                      "Actual Loops": 1,
                                                                      "Inner Unique": true,
                                                                      "Join Filter": "(cc.subject_id = cct1.id)",
                                                                      "Rows Removed by Join Filter": 49145,
                                                                      "Plans": [
                                                                        {
                                                                          "Node Type": "Index Scan",
                                                                          "Parent Relationship": "Outer",
                                                                          "Parallel Aware": false,
                                                                          "Scan Direction": "Forward",
                                                                          "Index Name": "movie_id_complete_cast",
                                                                          "Relation Name": "complete_cast",
                                                                          "Alias": "cc",
                                                                          "Startup Cost": 0.42,
                                                                          "Total Cost": 6646.43,
                                                                          "Plan Rows": 135086,
                                                                          "Plan Width": 12,
                                                                          "Actual Startup Time": 0.12,
                                                                          "Actual Total Time": 46.977,
                                                                          "Actual Rows": 135086,
                                                                          "Actual Loops": 1
                                                                        },
                                                                        {
                                                                          "Node Type": "Materialize",
                                                                          "Parent Relationship": "Inner",
                                                                          "Parallel Aware": false,
                                                                          "Startup Cost": 0.13,
                                                                          "Total Cost": 12.21,
                                                                          "Plan Rows": 1,
                                                                          "Plan Width": 4,
                                                                          "Actual Startup Time": 0.0,
                                                                          "Actual Total Time": 0.0,
                                                                          "Actual Rows": 1,
                                                                          "Actual Loops": 135086,
                                                                          "Plans": [
                                                                            {
                                                                              "Node Type": "Index Scan",
                                                                              "Parent Relationship": "Outer",
                                                                              "Parallel Aware": false,
                                                                              "Scan Direction": "Forward",
                                                                              "Index Name": "comp_cast_type_pkey",
                                                                              "Relation Name": "comp_cast_type",
                                                                              "Alias": "cct1",
                                                                              "Startup Cost": 0.13,
                                                                              "Total Cost": 12.2,
                                                                              "Plan Rows": 1,
                                                                              "Plan Width": 4,
                                                                              "Actual Startup Time": 0.046,
                                                                              "Actual Total Time": 0.049,
                                                                              "Actual Rows": 1,
                                                                              "Actual Loops": 1,
                                                                              "Filter": "((kind)::text = 'cast'::text)",
                                                                              "Rows Removed by Filter": 3
                                                                            }
                                                                          ]
                                                                        }
                                                                      ]
                                                                    },
                                                                    {
                                                                      "Node Type": "Materialize",
                                                                      "Parent Relationship": "Inner",
                                                                      "Parallel Aware": false,
                                                                      "Startup Cost": 0.13,
                                                                      "Total Cost": 12.21,
                                                                      "Plan Rows": 1,
                                                                      "Plan Width": 4,
                                                                      "Actual Startup Time": 0.0,
                                                                      "Actual Total Time": 0.0,
                                                                      "Actual Rows": 1,
                                                                      "Actual Loops": 85941,
                                                                      "Plans": [
                                                                        {
                                                                          "Node Type": "Index Scan",
                                                                          "Parent Relationship": "Outer",
                                                                          "Parallel Aware": false,
                                                                          "Scan Direction": "Forward",
                                                                          "Index Name": "comp_cast_type_pkey",
                                                                          "Relation Name": "comp_cast_type",
                                                                          "Alias": "cct2",
                                                                          "Startup Cost": 0.13,
                                                                          "Total Cost": 12.2,
                                                                          "Plan Rows": 1,
                                                                          "Plan Width": 4,
                                                                          "Actual Startup Time": 0.011,
                                                                          "Actual Total Time": 0.013,
                                                                          "Actual Rows": 1,
                                                                          "Actual Loops": 1,
                                                                          "Filter": "((kind)::text = 'complete+verified'::text)",
                                                                          "Rows Removed by Filter": 3
                                                                        }
                                                                      ]
                                                                    }
                                                                  ]
                                                                },
                                                                {
                                                                  "Node Type": "Index Scan",
                                                                  "Parent Relationship": "Inner",
                                                                  "Parallel Aware": false,
                                                                  "Scan Direction": "Forward",
                                                                  "Index Name": "movie_id_movie_keyword",
                                                                  "Relation Name": "movie_keyword",
                                                                  "Alias": "mk",
                                                                  "Startup Cost": 0.43,
                                                                  "Total Cost": 2.59,
                                                                  "Plan Rows": 46,
                                                                  "Plan Width": 8,
                                                                  "Actual Startup Time": 0.006,
                                                                  "Actual Total Time": 0.011,
                                                                  "Actual Rows": 42,
                                                                  "Actual Loops": 17879,
                                                                  "Index Cond": "(movie_id = cc.movie_id)",
                                                                  "Rows Removed by Index Recheck": 0
                                                                }
                                                              ]
                                                            },
                                                            {
                                                              "Node Type": "Materialize",
                                                              "Parent Relationship": "Inner",
                                                              "Parallel Aware": false,
                                                              "Startup Cost": 0.42,
                                                              "Total Cost": 5343.04,
                                                              "Plan Rows": 1,
                                                              "Plan Width": 4,
                                                              "Actual Startup Time": 0.0,
                                                              "Actual Total Time": 0.0,
                                                              "Actual Rows": 1,
                                                              "Actual Loops": 742266,
                                                              "Plans": [
                                                                {
                                                                  "Node Type": "Index Scan",
                                                                  "Parent Relationship": "Outer",
                                                                  "Parallel Aware": false,
                                                                  "Scan Direction": "Forward",
                                                                  "Index Name": "keyword_pkey",
                                                                  "Relation Name": "keyword",
                                                                  "Alias": "k",
                                                                  "Startup Cost": 0.42,
                                                                  "Total Cost": 5343.03,
                                                                  "Plan Rows": 1,
                                                                  "Plan Width": 4,
                                                                  "Actual Startup Time": 4.512,
                                                                  "Actual Total Time": 72.384,
                                                                  "Actual Rows": 1,
                                                                  "Actual Loops": 1,
                                                                  "Filter": "(keyword = 'computer-animation'::text)",
                                                                  "Rows Removed by Filter": 134169
                                                                }
                                                              ]
                                                            }
                                                          ]
                                                        },
                                                        {
                                                          "Node Type": "Index Scan",
                                                          "Parent Relationship": "Inner",
                                                          "Parallel Aware": false,
                                                          "Scan Direction": "Forward",
                                                          "Index Name": "movie_id_cast_info",
                                                          "Relation Name": "cast_info",
                                                          "Alias": "ci",
                                                          "Startup Cost": 0.56,
                                                          "Total Cost": 1.67,
                                                          "Plan Rows": 1,
                                                          "Plan Width": 16,
                                                          "Actual Startup Time": 0.114,
                                                          "Actual Total Time": 0.992,
                                                          "Actual Rows": 31,
                                                          "Actual Loops": 23,
                                                          "Index Cond": "(movie_id = mk.movie_id)",
                                                          "Rows Removed by Index Recheck": 0,
                                                          "Filter": "(note = ANY ('{(voice),\"(voice: Japanese version)\",\"(voice) (uncredited)\",\"(voice: English version)\"}'::text[]))",
                                                          "Rows Removed by Filter": 116
                                                        }
                                                      ]
                                                    },
                                                    {
                                                      "Node Type": "Index Scan",
                                                      "Parent Relationship": "Inner",
                                                      "Parallel Aware": false,
                                                      "Scan Direction": "Forward",
                                                      "Index Name": "char_name_pkey",
                                                      "Relation Name": "char_name",
                                                      "Alias": "chn",
                                                      "Startup Cost": 0.43,
                                                      "Total Cost": 0.66,
                                                      "Plan Rows": 1,
                                                      "Plan Width": 20,
                                                      "Actual Startup Time": 0.013,
                                                      "Actual Total Time": 0.013,
                                                      "Actual Rows": 1,
                                                      "Actual Loops": 703,
                                                      "Index Cond": "(id = ci.person_role_id)",
                                                      "Rows Removed by Index Recheck": 0
                                                    }
                                                  ]
                                                },
                                                {
                                                  "Node Type": "Index Scan",
                                                  "Parent Relationship": "Inner",
                                                  "Parallel Aware": false,
                                                  "Scan Direction": "Forward",
                                                  "Index Name": "movie_id_movie_companies",
                                                  "Relation Name": "movie_companies",
                                                  "Alias": "mc",
                                                  "Startup Cost": 0.43,
                                                  "Total Cost": 0.54,
                                                  "Plan Rows": 5,
                                                  "Plan Width": 8,
                                                  "Actual Startup Time": 0.004,
                                                  "Actual Total Time": 0.007,
                                                  "Actual Rows": 26,
                                                  "Actual Loops": 544,
                                                  "Index Cond": "(movie_id = mk.movie_id)",
                                                  "Rows Removed by Index Recheck": 0
                                                }
                                              ]
                                            },
                                            {
                                              "Node Type": "Index Scan",
                                              "Parent Relationship": "Inner",
                                              "Parallel Aware": false,
                                              "Scan Direction": "Forward",
                                              "Index Name": "company_name_pkey",
                                              "Relation Name": "company_name",
                                              "Alias": "cn",
                                              "Startup Cost": 0.42,
                                              "Total Cost": 0.45,
                                              "Plan Rows": 1,
                                              "Plan Width": 4,
                                              "Actual Startup Time": 0.002,
                                              "Actual Total Time": 0.002,
                                              "Actual Rows": 0,
                                              "Actual Loops": 14342,
                                              "Index Cond": "(id = mc.company_id)",
                                              "Rows Removed by Index Recheck": 0,
                                              "Filter": "((country_code)::text = '[us]'::text)",
                                              "Rows Removed by Filter": 1
                                            }
                                          ]
                                        },
                                        {
                                          "Node Type": "Index Scan",
                                          "Parent Relationship": "Inner",
                                          "Parallel Aware": false,
                                          "Scan Direction": "Forward",
                                          "Index Name": "movie_id_movie_info",
                                          "Relation Name": "movie_info",
                                          "Alias": "mi",
                                          "Startup Cost": 0.43,
                                          "Total Cost": 1.5,
                                          "Plan Rows": 2,
                                          "Plan Width": 8,
                                          "Actual Startup Time": 0.013,
                                          "Actual Total Time": 0.068,
                                          "Actual Rows": 3,
                                          "Actual Loops": 3237,
                                          "Index Cond": "(movie_id = mk.movie_id)",
                                          "Rows Removed by Index Recheck": 0,
                                          "Filter": "((info IS NOT NULL) AND ((info ~~ 'Japan:%200%'::text) OR (info ~~ 'USA:%200%'::text)))",
                                          "Rows Removed by Filter": 404
                                        }
                                      ]
                                    },
                                    {
                                      "Node Type": "Index Scan",
                                      "Parent Relationship": "Inner",
                                      "Parallel Aware": false,
                                      "Scan Direction": "Forward",
                                      "Index Name": "info_type_pkey",
                                      "Relation Name": "info_type",
                                      "Alias": "it",
                                      "Startup Cost": 0.14,
                                      "Total Cost": 0.16,
                                      "Plan Rows": 1,
                                      "Plan Width": 4,
                                      "Actual Startup Time": 0.001,
                                      "Actual Total Time": 0.001,
                                      "Actual Rows": 1,
                                      "Actual Loops": 8318,
                                      "Index Cond": "(id = mi.info_type_id)",
                                      "Rows Removed by Index Recheck": 0,
                                      "Filter": "((info)::text = 'release dates'::text)",
                                      "Rows Removed by Filter": 0
                                    }
                                  ]
                                },
                                {
                                  "Node Type": "Index Scan",
                                  "Parent Relationship": "Inner",
                                  "Parallel Aware": false,
                                  "Scan Direction": "Forward",
                                  "Index Name": "name_pkey",
                                  "Relation Name": "name",
                                  "Alias": "n",
                                  "Startup Cost": 0.43,
                                  "Total Cost": 0.77,
                                  "Plan Rows": 1,
                                  "Plan Width": 19,
                                  "Actual Startup Time": 0.002,
                                  "Actual Total Time": 0.002,
                                  "Actual Rows": 0,
                                  "Actual Loops": 8318,
                                  "Index Cond": "(id = ci.person_id)",
                                  "Rows Removed by Index Recheck": 0,
                                  "Filter": "((name ~~ '%Sm%'::text) AND ((gender)::text = 'f'::text))",
                                  "Rows Removed by Filter": 1
                                }
                              ]
                            },
                            {
                              "Node Type": "Index Scan",
                              "Parent Relationship": "Inner",
                              "Parallel Aware": false,
                              "Scan Direction": "Forward",
                              "Index Name": "person_id_person_info",
                              "Relation Name": "person_info",
                              "Alias": "pi",
                              "Startup Cost": 0.43,
                              "Total Cost": 1.15,
                              "Plan Rows": 24,
                              "Plan Width": 8,
                              "Actual Startup Time": 0.009,
                              "Actual Total Time": 0.027,
                              "Actual Rows": 121,
                              "Actual Loops": 12,
                              "Index Cond": "(person_id = ci.person_id)",
                              "Rows Removed by Index Recheck": 0
                            }
                          ]
                        },
                        {
                          "Node Type": "Index Scan",
                          "Parent Relationship": "Inner",
                          "Parallel Aware": false,
                          "Scan Direction": "Forward",
                          "Index Name": "info_type_pkey",
                          "Relation Name": "info_type",
                          "Alias": "it3",
                          "Startup Cost": 0.14,
                          "Total Cost": 0.16,
                          "Plan Rows": 1,
                          "Plan Width": 4,
                          "Actual Startup Time": 0.001,
                          "Actual Total Time": 0.001,
                          "Actual Rows": 0,
                          "Actual Loops": 1452,
                          "Index Cond": "(id = pi.info_type_id)",
                          "Rows Removed by Index Recheck": 0,
                          "Filter": "((info)::text = 'trivia'::text)",
                          "Rows Removed by Filter": 1
                        }
                      ]
                    },
                    {
                      "Node Type": "Index Only Scan",
                      "Parent Relationship": "Inner",
                      "Parallel Aware": false,
                      "Scan Direction": "Forward",
                      "Index Name": "person_id_aka_name",
                      "Relation Name": "aka_name",
                      "Alias": "an",
                      "Startup Cost": 0.42,
                      "Total Cost": 0.48,
                      "Plan Rows": 2,
                      "Plan Width": 4,
                      "Actual Startup Time": 0.001,
                      "Actual Total Time": 0.002,
                      "Actual Rows": 5,
                      "Actual Loops": 252,
                      "Index Cond": "(person_id = pi.person_id)",
                      "Rows Removed by Index Recheck": 0,
                      "Heap Fetches": 1260
                    }
                  ]
                },
                {
                  "Node Type": "Index Scan",
                  "Parent Relationship": "Inner",
                  "Parallel Aware": false,
                  "Scan Direction": "Forward",
                  "Index Name": "role_type_pkey",
                  "Relation Name": "role_type",
                  "Alias": "rt",
                  "Startup Cost": 0.14,
                  "Total Cost": 12.35,
                  "Plan Rows": 1,
                  "Plan Width": 4,
                  "Actual Startup Time": 0.001,
                  "Actual Total Time": 0.001,
                  "Actual Rows": 1,
                  "Actual Loops": 1260,
                  "Filter": "((role)::text = 'actress'::text)",
                  "Rows Removed by Filter": 1
                }
              ]
            },
            {
              "Node Type": "Index Scan",
              "Parent Relationship": "Inner",
              "Parallel Aware": false,
              "Scan Direction": "Forward",
              "Index Name": "title_pkey",
              "Relation Name": "title",
              "Alias": "t",
              "Startup Cost": 0.43,
              "Total Cost": 0.49,
              "Plan Rows": 1,
              "Plan Width": 21,
              "Actual Startup Time": 0.001,
              "Actual Total Time": 0.001,
              "Actual Rows": 1,
              "Actual Loops": 1260,
              "Index Cond": "(id = mk.movie_id)",
              "Rows Removed by Index Recheck": 0,
              "Filter": "((production_year >= 2005) AND (production_year <= 2013))",
              "Rows Removed by Filter": 0
            }
          ]
        }
      ]
    },
    "Planning Time": 3154.005,
    "Triggers": [],
    "Execution Time": 894.499
  }
]