[
  {
    "Plan": {
      "Node Type": "Aggregate",
      "Strategy": "Plain",
      "Partial Mode": "Finalize",
      "Parallel Aware": false,
      "Startup Cost": 248976.54,
      "Total Cost": 248976.55,
      "Plan Rows": 1,
      "Plan Width": 8,
      "Actual Startup Time": 907.473,
      "Actual Total Time": 954.665,
      "Actual Rows": 1,
      "Actual Loops": 1,
      "Plans": [
        {
          "Node Type": "Gather",
          "Parent Relationship": "Outer",
          "Parallel Aware": false,
          "Startup Cost": 248976.02,
          "Total Cost": 248976.53,
          "Plan Rows": 5,
          "Plan Width": 8,
          "Actual Startup Time": 902.692,
          "Actual Total Time": 954.652,
          "Actual Rows": 6,
          "Actual Loops": 1,
          "Workers Planned": 5,
          "Workers Launched": 5,
          "Single Copy": false,
          "Plans": [
            {
              "Node Type": "Aggregate",
              "Strategy": "Plain",
              "Partial Mode": "Partial",
              "Parent Relationship": "Outer",
              "Parallel Aware": false,
              "Startup Cost": 247976.02,
              "Total Cost": 247976.03,
              "Plan Rows": 1,
              "Plan Width": 8,
              "Actual Startup Time": 892.992,
              "Actual Total Time": 892.995,
              "Actual Rows": 1,
              "Actual Loops": 6,
              "Plans": [
                {
                  "Node Type": "Hash Join",
                  "Parent Relationship": "Outer",
                  "Parallel Aware": true,
                  "Join Type": "Inner",
                  "Startup Cost": 47119.52,
                  "Total Cost": 246441.29,
                  "Plan Rows": 613892,
                  "Plan Width": 0,
                  "Actual Startup Time": 135.154,
                  "Actual Total Time": 854.155,
                  "Actual Rows": 872049,
                  "Actual Loops": 6,
                  "Inner Unique": true,
                  "Hash Cond": "(mi.movie_id = t.id)",
                  "Plans": [
                    {
                      "Node Type": "Seq Scan",
                      "Parent Relationship": "Outer",
                      "Parallel Aware": true,
                      "Relation Name": "movie_info",
                      "Alias": "mi",
                      "Startup Cost": 0.0,
                      "Total Cost": 191560.33,
                      "Plan Rows": 2956733,
                      "Plan Width": 4,
                      "Actual Startup Time": 0.025,
                      "Actual Total Time": 299.376,
                      "Actual Rows": 2472620,
                      "Actual Loops": 6
                    },
                    {
                      "Node Type": "Hash",
                      "Parent Relationship": "Inner",
                      "Parallel Aware": true,
                      "Startup Cost": 45479.1,
                      "Total Cost": 45479.1,
                      "Plan Rows": 131234,
                      "Plan Width": 4,
                      "Actual Startup Time": 119.557,
                      "Actual Total Time": 119.558,
                      "Actual Rows": 66560,
                      "Actual Loops": 6,
                      "Hash Buckets": 1048576,
                      "Original Hash Buckets": 1048576,
                      "Hash Batches": 1,
                      "Original Hash Batches": 1,
                      "Peak Memory Usage": 23904,
                      "Plans": [
                        {
                          "Node Type": "Seq Scan",
                          "Parent Relationship": "Outer",
                          "Parallel Aware": true,
                          "Relation Name": "title",
                          "Alias": "t",
                          "Startup Cost": 0.0,
                          "Total Cost": 45479.1,
                          "Plan Rows": 131234,
                          "Plan Width": 4,
                          "Actual Startup Time": 47.129,
                          "Actual Total Time": 88.003,
                          "Actual Rows": 66560,
                          "Actual Loops": 6,
                          "Filter": "((production_year > 1976) AND (kind_id = 1))",
                          "Rows Removed by Filter": 354825
                        }
                      ]
                    }
                  ]
                }
              ]
            }
          ]
        }
      ]
    },
    "Planning Time": 0.621,
    "Triggers": [],
    "Execution Time": 954.779
  }
]