[
  {
    "Plan": {
      "Node Type": "Aggregate",
      "Strategy": "Plain",
      "Partial Mode": "Finalize",
      "Parallel Aware": false,
      "Startup Cost": 32266.66,
      "Total Cost": 32266.67,
      "Plan Rows": 1,
      "Plan Width": 8,
      "Actual Startup Time": 115.171,
      "Actual Total Time": 123.402,
      "Actual Rows": 1,
      "Actual Loops": 1,
      "Plans": [
        {
          "Node Type": "Gather",
          "Parent Relationship": "Outer",
          "Parallel Aware": false,
          "Startup Cost": 32266.34,
          "Total Cost": 32266.65,
          "Plan Rows": 3,
          "Plan Width": 8,
          "Actual Startup Time": 115.021,
          "Actual Total Time": 123.392,
          "Actual Rows": 4,
          "Actual Loops": 1,
          "Workers Planned": 3,
          "Workers Launched": 3,
          "Single Copy": false,
          "Plans": [
            {
              "Node Type": "Aggregate",
              "Strategy": "Plain",
              "Partial Mode": "Partial",
              "Parent Relationship": "Outer",
              "Parallel Aware": false,
              "Startup Cost": 31266.34,
              "Total Cost": 31266.35,
              "Plan Rows": 1,
              "Plan Width": 8,
              "Actual Startup Time": 111.295,
              "Actual Total Time": 111.297,
              "Actual Rows": 1,
              "Actual Loops": 4,
              "Plans": [
                {
                  "Node Type": "Seq Scan",
                  "Parent Relationship": "Outer",
                  "Parallel Aware": true,
                  "Relation Name": "movie_companies",
                  "Alias": "mc",
                  "Startup Cost": 0.0,
                  "Total Cost": 29310.68,
                  "Plan Rows": 782264,
                  "Plan Width": 0,
                  "Actual Startup Time": 0.018,
                  "Actual Total Time": 82.429,
                  "Actual Rows": 607086,
                  "Actual Loops": 4,
                  "Filter": "(company_id < 120021)",
                  "Rows Removed by Filter": 45196
                }
              ]
            }
          ]
        }
      ]
    },
    "Planning Time": 0.112,
    "Triggers": [],
    "Execution Time": 123.437
  }
]