[
  {
    "Plan": {
      "Node Type": "Aggregate",
      "Strategy": "Plain",
      "Partial Mode": "Finalize",
      "Parallel Aware": false,
      "Startup Cost": 128530.41,
      "Total Cost": 128530.42,
      "Plan Rows": 1,
      "Plan Width": 8,
      "Actual Startup Time": 728.986,
      "Actual Total Time": 747.901,
      "Actual Rows": 1,
      "Actual Loops": 1,
      "Plans": [
        {
          "Node Type": "Gather",
          "Parent Relationship": "Outer",
          "Parallel Aware": false,
          "Startup Cost": 128530.09,
          "Total Cost": 128530.4,
          "Plan Rows": 3,
          "Plan Width": 8,
          "Actual Startup Time": 725.181,
          "Actual Total Time": 747.892,
          "Actual Rows": 4,
          "Actual Loops": 1,
          "Workers Planned": 3,
          "Workers Launched": 3,
          "Single Copy": false,
          "Plans": [
            {
              "Node Type": "Aggregate",
              "Strategy": "Plain",
              "Partial Mode": "Partial",
              "Parent Relationship": "Outer",
              "Parallel Aware": false,
              "Startup Cost": 127530.09,
              "Total Cost": 127530.1,
              "Plan Rows": 1,
              "Plan Width": 8,
              "Actual Startup Time": 715.604,
              "Actual Total Time": 715.608,
              "Actual Rows": 1,
              "Actual Loops": 4,
              "Plans": [
                {
                  "Node Type": "Hash Join",
                  "Parent Relationship": "Outer",
                  "Parallel Aware": true,
                  "Join Type": "Inner",
                  "Startup Cost": 81383.34,
                  "Total Cost": 126716.62,
                  "Plan Rows": 325388,
                  "Plan Width": 0,
                  "Actual Startup Time": 391.691,
                  "Actual Total Time": 656.04,
                  "Actual Rows": 1390911,
                  "Actual Loops": 4,
                  "Inner Unique": false,
                  "Hash Cond": "(mk.movie_id = t.id)",
                  "Plans": [
                    {
                      "Node Type": "Seq Scan",
                      "Parent Relationship": "Outer",
                      "Parallel Aware": true,
                      "Relation Name": "movie_keyword",
                      "Alias": "mk",
                      "Startup Cost": 0.0,
                      "Total Cost": 39047.32,
                      "Plan Rows": 1459332,
                      "Plan Width": 4,
                      "Actual Startup Time": 0.025,
                      "Actual Total Time": 92.483,
                      "Actual Rows": 1130982,
                      "Actual Loops": 4
                    },
                    {
                      "Node Type": "Hash",
                      "Parent Relationship": "Inner",
                      "Parallel Aware": true,
                      "Startup Cost": 79621.66,
                      "Total Cost": 79621.66,
                      "Plan Rows": 140934,
                      "Plan Width": 8,
                      "Actual Startup Time": 347.496,
                      "Actual Total Time": 347.499,
                      "Actual Rows": 69801,
                      "Actual Loops": 4,
                      "Hash Buckets": 1048576,
                      "Original Hash Buckets": 1048576,
                      "Hash Batches": 1,
                      "Original Hash Batches": 1,
                      "Peak Memory Usage": 19136,
                      "Plans": [
                        {
                          "Node Type": "Hash Join",
                          "Parent Relationship": "Outer",
                          "Parallel Aware": true,
                          "Join Type": "Inner",
                          "Startup Cost": 33687.94,
                          "Total Cost": 79621.66,
                          "Plan Rows": 140934,
                          "Plan Width": 8,
                          "Actual Startup Time": 226.383,
                          "Actual Total Time": 318.779,
                          "Actual Rows": 69801,
                          "Actual Loops": 4,
                          "Inner Unique": false,
                          "Hash Cond": "(t.id = mc.movie_id)",
                          "Plans": [
                            {
                              "Node Type": "Seq Scan",
                              "Parent Relationship": "Outer",
                              "Parallel Aware": true,
                              "Relation Name": "title",
                              "Alias": "t",
                              "Startup Cost": 0.0,
                              "Total Cost": 42318.73,
                              "Plan Rows": 632073,
                              "Plan Width": 4,
                              "Actual Startup Time": 0.01,
                              "Actual Total Time": 78.284,
                              "Actual Rows": 632078,
                              "Actual Loops": 4
                            },
                            {
                              "Node Type": "Hash",
                              "Parent Relationship": "Inner",
                              "Parallel Aware": true,
                              "Startup Cost": 31414.82,
                              "Total Cost": 31414.82,
                              "Plan Rows": 181850,
                              "Plan Width": 4,
                              "Actual Startup Time": 117.39,
                              "Actual Total Time": 117.391,
                              "Actual Rows": 69801,
                              "Actual Loops": 4,
                              "Hash Buckets": 1048576,
                              "Original Hash Buckets": 1048576,
                              "Hash Batches": 1,
                              "Original Hash Batches": 1,
                              "Peak Memory Usage": 19168,
                              "Plans": [
                                {
                                  "Node Type": "Seq Scan",
                                  "Parent Relationship": "Outer",
                                  "Parallel Aware": true,
                                  "Relation Name": "movie_companies",
                                  "Alias": "mc",
                                  "Startup Cost": 0.0,
                                  "Total Cost": 31414.82,
                                  "Plan Rows": 181850,
                                  "Plan Width": 4,
                                  "Actual Startup Time": 23.041,
                                  "Actual Total Time": 84.248,
                                  "Actual Rows": 69801,
                                  "Actual Loops": 4,
                                  "Filter": "((company_id > 13165) AND (company_type_id < 2))",
                                  "Rows Removed by Filter": 582481
                                }
                              ]
                            }
                          ]
                        }
                      ]
                    }
                  ]
                }
              ]
            }
          ]
        }
      ]
    },
    "Planning Time": 1.486,
    "Triggers": [],
    "Execution Time": 748.024
  }
]