{
  "Plan": {
    "Node Type": "Aggregate",
    "Strategy": "Plain",
    "Partial Mode": "Finalize",
    "Parallel Aware": false,
    "Startup Cost": 648648.79,
    "Total Cost": 648648.8,
    "Plan Rows": 1,
    "Plan Width": 8,
    "Actual Startup Time": 5257.99,
    "Actual Total Time": 5314.315,
    "Actual Rows": 1,
    "Actual Loops": 1,
    "Plans": [
      {
        "Node Type": "Gather",
        "Parent Relationship": "Outer",
        "Parallel Aware": false,
        "Startup Cost": 648648.68,
        "Total Cost": 648648.79,
        "Plan Rows": 1,
        "Plan Width": 8,
        "Actual Startup Time": 5256.83,
        "Actual Total Time": 5314.307,
        "Actual Rows": 2,
        "Actual Loops": 1,
        "Workers Planned": 1,
        "Workers Launched": 1,
        "Single Copy": false,
        "Plans": [
          {
            "Node Type": "Aggregate",
            "Strategy": "Plain",
            "Partial Mode": "Partial",
            "Parent Relationship": "Outer",
            "Parallel Aware": false,
            "Startup Cost": 647648.68,
            "Total Cost": 647648.69,
            "Plan Rows": 1,
            "Plan Width": 8,
            "Actual Startup Time": 5250.559,
            "Actual Total Time": 5250.563,
            "Actual Rows": 1,
            "Actual Loops": 2,
            "Plans": [
              {
                "Node Type": "Hash Join",
                "Parent Relationship": "Outer",
                "Parallel Aware": true,
                "Join Type": "Inner",
                "Startup Cost": 60498.0,
                "Total Cost": 635443.75,
                "Plan Rows": 4881969,
                "Plan Width": 0,
                "Actual Startup Time": 233.512,
                "Actual Total Time": 5093.126,
                "Actual Rows": 3876113,
                "Actual Loops": 2,
                "Inner Unique": true,
                "Hash Cond": "(ci.movie_id = t.id)",
                "Plans": [
                  {
                    "Node Type": "Seq Scan",
                    "Parent Relationship": "Outer",
                    "Parallel Aware": true,
                    "Relation Name": "cast_info",
                    "Alias": "ci",
                    "Startup Cost": 0.0,
                    "Total Cost": 519069.44,
                    "Plan Rows": 21286182,
                    "Plan Width": 4,
                    "Actual Startup Time": 0.976,
                    "Actual Total Time": 1752.072,
                    "Actual Rows": 18102644,
                    "Actual Loops": 2,
                    "Filter": "(person_id > 4964)",
                    "Rows Removed by Filter": 19528
                  },
                  {
                    "Node Type": "Hash",
                    "Parent Relationship": "Inner",
                    "Parallel Aware": true,
                    "Startup Cost": 56234.31,
                    "Total Cost": 56234.31,
                    "Plan Rows": 341095,
                    "Plan Width": 4,
                    "Actual Startup Time": 223.475,
                    "Actual Total Time": 223.477,
                    "Actual Rows": 228836,
                    "Actual Loops": 2,
                    "Hash Buckets": 1048576,
                    "Original Hash Buckets": 1048576,
                    "Hash Batches": 1,
                    "Original Hash Batches": 1,
                    "Peak Memory Usage": 26112,
                    "Plans": [
                      {
                        "Node Type": "Bitmap Heap Scan",
                        "Parent Relationship": "Outer",
                        "Parallel Aware": true,
                        "Relation Name": "title",
                        "Alias": "t",
                        "Startup Cost": 13583.92,
                        "Total Cost": 56234.31,
                        "Plan Rows": 341095,
                        "Plan Width": 4,
                        "Actual Startup Time": 42.955,
                        "Actual Total Time": 155.174,
                        "Actual Rows": 228836,
                        "Actual Loops": 2,
                        "Recheck Cond": "(kind_id < 3)",
                        "Rows Removed by Index Recheck": 0,
                        "Filter": "(production_year > 1980)",
                        "Rows Removed by Filter": 148002,
                        "Exact Heap Blocks": 25308,
                        "Lossy Heap Blocks": 0,
                        "Plans": [
                          {
                            "Node Type": "Bitmap Index Scan",
                            "Parent Relationship": "Outer",
                            "Parallel Aware": false,
                            "Index Name": "kind_id_title",
                            "Startup Cost": 0.0,
                            "Total Cost": 13438.96,
                            "Plan Rows": 753937,
                            "Plan Width": 0,
                            "Actual Startup Time": 37.292,
                            "Actual Total Time": 37.292,
                            "Actual Rows": 753677,
                            "Actual Loops": 1,
                            "Index Cond": "(kind_id < 3)"
                          }
                        ]
                      }
                    ]
                  }
                ]
              }
            ]
          }
        ]
      }
    ]
  },
  "Planning Time": 0.737,
  "Triggers": [],
  "Execution Time": 5314.418
}