{
  "Plan": {
    "Node Type": "Aggregate",
    "Strategy": "Plain",
    "Partial Mode": "Finalize",
    "Parallel Aware": false,
    "Startup Cost": 243432.81,
    "Total Cost": 243432.82,
    "Plan Rows": 1,
    "Plan Width": 8,
    "Actual Startup Time": 2042.904,
    "Actual Total Time": 2069.45,
    "Actual Rows": 1,
    "Actual Loops": 1,
    "Plans": [
      {
        "Node Type": "Gather",
        "Parent Relationship": "Outer",
        "Parallel Aware": false,
        "Startup Cost": 243432.7,
        "Total Cost": 243432.81,
        "Plan Rows": 1,
        "Plan Width": 8,
        "Actual Startup Time": 2041.431,
        "Actual Total Time": 2069.439,
        "Actual Rows": 2,
        "Actual Loops": 1,
        "Workers Planned": 1,
        "Workers Launched": 1,
        "Single Copy": false,
        "Plans": [
          {
            "Node Type": "Aggregate",
            "Strategy": "Plain",
            "Partial Mode": "Partial",
            "Parent Relationship": "Outer",
            "Parallel Aware": false,
            "Startup Cost": 242432.7,
            "Total Cost": 242432.71,
            "Plan Rows": 1,
            "Plan Width": 8,
            "Actual Startup Time": 2034.838,
            "Actual Total Time": 2034.843,
            "Actual Rows": 1,
            "Actual Loops": 2,
            "Plans": [
              {
                "Node Type": "Hash Join",
                "Parent Relationship": "Outer",
                "Parallel Aware": true,
                "Join Type": "Inner",
                "Startup Cost": 173982.05,
                "Total Cost": 240223.88,
                "Plan Rows": 883527,
                "Plan Width": 0,
                "Actual Startup Time": 1373.537,
                "Actual Total Time": 1933.53,
                "Actual Rows": 2476452,
                "Actual Loops": 2,
                "Inner Unique": false,
                "Hash Cond": "(mk.movie_id = t.id)",
                "Plans": [
                  {
                    "Node Type": "Seq Scan",
                    "Parent Relationship": "Outer",
                    "Parallel Aware": true,
                    "Relation Name": "movie_keyword",
                    "Alias": "mk",
                    "Startup Cost": 0.0,
                    "Total Cost": 51065.35,
                    "Plan Rows": 2661135,
                    "Plan Width": 4,
                    "Actual Startup Time": 0.014,
                    "Actual Total Time": 165.023,
                    "Actual Rows": 2261965,
                    "Actual Loops": 2
                  },
                  {
                    "Node Type": "Hash",
                    "Parent Relationship": "Inner",
                    "Parallel Aware": true,
                    "Startup Cost": 167809.83,
                    "Total Cost": 167809.83,
                    "Plan Rows": 493778,
                    "Plan Width": 8,
                    "Actual Startup Time": 1363.948,
                    "Actual Total Time": 1363.95,
                    "Actual Rows": 379385,
                    "Actual Loops": 2,
                    "Hash Buckets": 1048576,
                    "Original Hash Buckets": 1048576,
                    "Hash Batches": 1,
                    "Original Hash Batches": 1,
                    "Peak Memory Usage": 37920,
                    "Plans": [
                      {
                        "Node Type": "Merge Join",
                        "Parent Relationship": "Outer",
                        "Parallel Aware": false,
                        "Join Type": "Inner",
                        "Startup Cost": 2.96,
                        "Total Cost": 167809.83,
                        "Plan Rows": 493778,
                        "Plan Width": 8,
                        "Actual Startup Time": 0.69,
                        "Actual Total Time": 1266.601,
                        "Actual Rows": 379385,
                        "Actual Loops": 2,
                        "Inner Unique": false,
                        "Merge Cond": "(t.id = mi_idx.movie_id)",
                        "Plans": [
                          {
                            "Node Type": "Index Scan",
                            "Parent Relationship": "Outer",
                            "Parallel Aware": true,
                            "Scan Direction": "Forward",
                            "Index Name": "title_pkey",
                            "Relation Name": "title",
                            "Alias": "t",
                            "Startup Cost": 0.43,
                            "Total Cost": 103647.43,
                            "Plan Rows": 904625,
                            "Plan Width": 4,
                            "Actual Startup Time": 0.35,
                            "Actual Total Time": 833.556,
                            "Actual Rows": 765606,
                            "Actual Loops": 2,
                            "Filter": "(production_year > 1997)",
                            "Rows Removed by Filter": 497346
                          },
                          {
                            "Node Type": "Index Only Scan",
                            "Parent Relationship": "Inner",
                            "Parallel Aware": false,
                            "Scan Direction": "Forward",
                            "Index Name": "movie_id_movie_info_idx",
                            "Relation Name": "movie_info_idx",
                            "Alias": "mi_idx",
                            "Startup Cost": 0.43,
                            "Total Cost": 53620.22,
                            "Plan Rows": 1380035,
                            "Plan Width": 4,
                            "Actual Startup Time": 0.165,
                            "Actual Total Time": 296.342,
                            "Actual Rows": 1380035,
                            "Actual Loops": 2,
                            "Heap Fetches": 2760070
                          }
                        ]
                      }
                    ]
                  }
                ]
              }
            ]
          }
        ]
      }
    ]
  },
  "Planning Time": 1.065,
  "Triggers": [],
  "Execution Time": 2069.566
}