[
  {
    "Plan": {
      "Node Type": "Aggregate",
      "Strategy": "Plain",
      "Partial Mode": "Finalize",
      "Parallel Aware": false,
      "Startup Cost": 46487.57,
      "Total Cost": 46487.58,
      "Plan Rows": 1,
      "Plan Width": 8,
      "Actual Startup Time": 189.158,
      "Actual Total Time": 199.041,
      "Actual Rows": 1,
      "Actual Loops": 1,
      "Plans": [
        {
          "Node Type": "Gather",
          "Parent Relationship": "Outer",
          "Parallel Aware": false,
          "Startup Cost": 46487.25,
          "Total Cost": 46487.56,
          "Plan Rows": 3,
          "Plan Width": 8,
          "Actual Startup Time": 187.982,
          "Actual Total Time": 199.03,
          "Actual Rows": 4,
          "Actual Loops": 1,
          "Workers Planned": 3,
          "Workers Launched": 3,
          "Single Copy": false,
          "Plans": [
            {
              "Node Type": "Aggregate",
              "Strategy": "Plain",
              "Partial Mode": "Partial",
              "Parent Relationship": "Outer",
              "Parallel Aware": false,
              "Startup Cost": 45487.25,
              "Total Cost": 45487.26,
              "Plan Rows": 1,
              "Plan Width": 8,
              "Actual Startup Time": 183.164,
              "Actual Total Time": 183.165,
              "Actual Rows": 1,
              "Actual Loops": 4,
              "Plans": [
                {
                  "Node Type": "Seq Scan",
                  "Parent Relationship": "Outer",
                  "Parallel Aware": true,
                  "Relation Name": "movie_keyword",
                  "Alias": "mk",
                  "Startup Cost": 0.0,
                  "Total Cost": 42695.65,
                  "Plan Rows": 1116639,
                  "Plan Width": 0,
                  "Actual Startup Time": 0.097,
                  "Actual Total Time": 138.831,
                  "Actual Rows": 863847,
                  "Actual Loops": 4,
                  "Filter": "(keyword_id > 1071)",
                  "Rows Removed by Filter": 267136
                }
              ]
            }
          ]
        }
      ]
    },
    "Planning Time": 0.117,
    "Triggers": [],
    "Execution Time": 199.078
  }
]