[
  {
    "Plan": {
      "Node Type": "Aggregate",
      "Strategy": "Plain",
      "Partial Mode": "Finalize",
      "Parallel Aware": false,
      "Startup Cost": 49322.84,
      "Total Cost": 49322.85,
      "Plan Rows": 1,
      "Plan Width": 8,
      "Actual Startup Time": 181.729,
      "Actual Total Time": 197.69,
      "Actual Rows": 1,
      "Actual Loops": 1,
      "Plans": [
        {
          "Node Type": "Gather",
          "Parent Relationship": "Outer",
          "Parallel Aware": false,
          "Startup Cost": 49322.63,
          "Total Cost": 49322.84,
          "Plan Rows": 2,
          "Plan Width": 8,
          "Actual Startup Time": 181.233,
          "Actual Total Time": 197.681,
          "Actual Rows": 3,
          "Actual Loops": 1,
          "Workers Planned": 2,
          "Workers Launched": 2,
          "Single Copy": false,
          "Plans": [
            {
              "Node Type": "Aggregate",
              "Strategy": "Plain",
              "Partial Mode": "Partial",
              "Parent Relationship": "Outer",
              "Parallel Aware": false,
              "Startup Cost": 48322.63,
              "Total Cost": 48322.64,
              "Plan Rows": 1,
              "Plan Width": 8,
              "Actual Startup Time": 176.254,
              "Actual Total Time": 176.258,
              "Actual Rows": 1,
              "Actual Loops": 3,
              "Plans": [
                {
                  "Node Type": "Nested Loop",
                  "Parent Relationship": "Outer",
                  "Parallel Aware": false,
                  "Join Type": "Inner",
                  "Startup Cost": 26187.54,
                  "Total Cost": 48279.2,
                  "Plan Rows": 17372,
                  "Plan Width": 0,
                  "Actual Startup Time": 58.079,
                  "Actual Total Time": 172.268,
                  "Actual Rows": 75736,
                  "Actual Loops": 3,
                  "Inner Unique": false,
                  "Join Filter": "(t.id = mi.movie_id)",
                  "Rows Removed by Join Filter": 0,
                  "Plans": [
                    {
                      "Node Type": "Hash Join",
                      "Parent Relationship": "Outer",
                      "Parallel Aware": true,
                      "Join Type": "Inner",
                      "Startup Cost": 26187.1,
                      "Total Cost": 41381.66,
                      "Plan Rows": 2971,
                      "Plan Width": 8,
                      "Actual Startup Time": 57.989,
                      "Actual Total Time": 104.731,
                      "Actual Rows": 5554,
                      "Actual Loops": 3,
                      "Inner Unique": true,
                      "Hash Cond": "(mi_idx.movie_id = t.id)",
                      "Plans": [
                        {
                          "Node Type": "Seq Scan",
                          "Parent Relationship": "Outer",
                          "Parallel Aware": true,
                          "Relation Name": "movie_info_idx",
                          "Alias": "mi_idx",
                          "Startup Cost": 0.0,
                          "Total Cost": 13685.15,
                          "Plan Rows": 575015,
                          "Plan Width": 4,
                          "Actual Startup Time": 0.025,
                          "Actual Total Time": 38.389,
                          "Actual Rows": 460012,
                          "Actual Loops": 3
                        },
                        {
                          "Node Type": "Hash",
                          "Parent Relationship": "Inner",
                          "Parallel Aware": true,
                          "Startup Cost": 26134.43,
                          "Total Cost": 26134.43,
                          "Plan Rows": 4214,
                          "Plan Width": 4,
                          "Actual Startup Time": 24.339,
                          "Actual Total Time": 24.34,
                          "Actual Rows": 4200,
                          "Actual Loops": 3,
                          "Hash Buckets": 16384,
                          "Original Hash Buckets": 16384,
                          "Hash Batches": 1,
                          "Original Hash Batches": 1,
                          "Peak Memory Usage": 672,
                          "Plans": [
                            {
                              "Node Type": "Bitmap Heap Scan",
                              "Parent Relationship": "Outer",
                              "Parallel Aware": true,
                              "Relation Name": "title",
                              "Alias": "t",
                              "Startup Cost": 237.67,
                              "Total Cost": 26134.43,
                              "Plan Rows": 4214,
                              "Plan Width": 4,
                              "Actual Startup Time": 5.278,
                              "Actual Total Time": 22.478,
                              "Actual Rows": 4200,
                              "Actual Loops": 3,
                              "Recheck Cond": "(kind_id = 6)",
                              "Rows Removed by Index Recheck": 0,
                              "Exact Heap Blocks": 6227,
                              "Lossy Heap Blocks": 0,
                              "Plans": [
                                {
                                  "Node Type": "Bitmap Index Scan",
                                  "Parent Relationship": "Outer",
                                  "Parallel Aware": false,
                                  "Index Name": "kind_id_title",
                                  "Startup Cost": 0.0,
                                  "Total Cost": 234.4,
                                  "Plan Rows": 13063,
                                  "Plan Width": 0,
                                  "Actual Startup Time": 5.121,
                                  "Actual Total Time": 5.122,
                                  "Actual Rows": 12600,
                                  "Actual Loops": 1,
                                  "Index Cond": "(kind_id = 6)"
                                }
                              ]
                            }
                          ]
                        }
                      ]
                    },
                    {
                      "Node Type": "Index Only Scan",
                      "Parent Relationship": "Inner",
                      "Parallel Aware": false,
                      "Scan Direction": "Forward",
                      "Index Name": "movie_id_movie_info",
                      "Relation Name": "movie_info",
                      "Alias": "mi",
                      "Startup Cost": 0.43,
                      "Total Cost": 1.8,
                      "Plan Rows": 42,
                      "Plan Width": 4,
                      "Actual Startup Time": 0.004,
                      "Actual Total Time": 0.011,
                      "Actual Rows": 14,
                      "Actual Loops": 16662,
                      "Index Cond": "(movie_id = mi_idx.movie_id)",
                      "Rows Removed by Index Recheck": 0,
                      "Heap Fetches": 227208
                    }
                  ]
                }
              ]
            }
          ]
        }
      ]
    },
    "Planning Time": 1.123,
    "Triggers": [],
    "Execution Time": 197.779
  }
]