{
  "Plan": {
    "Node Type": "Aggregate",
    "Strategy": "Plain",
    "Partial Mode": "Finalize",
    "Parallel Aware": false,
    "Startup Cost": 411188.22,
    "Total Cost": 411188.23,
    "Plan Rows": 1,
    "Plan Width": 8,
    "Actual Startup Time": 6353.515,
    "Actual Total Time": 6395.942,
    "Actual Rows": 1,
    "Actual Loops": 1,
    "Plans": [
      {
        "Node Type": "Gather",
        "Parent Relationship": "Outer",
        "Parallel Aware": false,
        "Startup Cost": 411188.1,
        "Total Cost": 411188.21,
        "Plan Rows": 1,
        "Plan Width": 8,
        "Actual Startup Time": 6349.726,
        "Actual Total Time": 6395.933,
        "Actual Rows": 2,
        "Actual Loops": 1,
        "Workers Planned": 1,
        "Workers Launched": 1,
        "Single Copy": false,
        "Plans": [
          {
            "Node Type": "Aggregate",
            "Strategy": "Plain",
            "Partial Mode": "Partial",
            "Parent Relationship": "Outer",
            "Parallel Aware": false,
            "Startup Cost": 410188.1,
            "Total Cost": 410188.11,
            "Plan Rows": 1,
            "Plan Width": 8,
            "Actual Startup Time": 6343.071,
            "Actual Total Time": 6343.079,
            "Actual Rows": 1,
            "Actual Loops": 2,
            "Plans": [
              {
                "Node Type": "Hash Join",
                "Parent Relationship": "Outer",
                "Parallel Aware": true,
                "Join Type": "Inner",
                "Startup Cost": 119747.4,
                "Total Cost": 407541.49,
                "Plan Rows": 1058645,
                "Plan Width": 0,
                "Actual Startup Time": 666.486,
                "Actual Total Time": 4890.63,
                "Actual Rows": 37639488,
                "Actual Loops": 2,
                "Inner Unique": false,
                "Hash Cond": "(mi.movie_id = t.id)",
                "Plans": [
                  {
                    "Node Type": "Seq Scan",
                    "Parent Relationship": "Outer",
                    "Parallel Aware": true,
                    "Relation Name": "movie_info",
                    "Alias": "mi",
                    "Startup Cost": 0.0,
                    "Total Cost": 248955.74,
                    "Plan Rows": 8696274,
                    "Plan Width": 4,
                    "Actual Startup Time": 0.017,
                    "Actual Total Time": 669.206,
                    "Actual Rows": 7417860,
                    "Actual Loops": 2
                  },
                  {
                    "Node Type": "Hash",
                    "Parent Relationship": "Inner",
                    "Parallel Aware": true,
                    "Startup Cost": 117484.29,
                    "Total Cost": 117484.29,
                    "Plan Rows": 181049,
                    "Plan Width": 8,
                    "Actual Startup Time": 629.441,
                    "Actual Total Time": 629.446,
                    "Actual Rows": 513898,
                    "Actual Loops": 2,
                    "Hash Buckets": 1048576,
                    "Original Hash Buckets": 524288,
                    "Hash Batches": 1,
                    "Original Hash Batches": 1,
                    "Peak Memory Usage": 52512,
                    "Plans": [
                      {
                        "Node Type": "Hash Join",
                        "Parent Relationship": "Outer",
                        "Parallel Aware": true,
                        "Join Type": "Inner",
                        "Startup Cost": 56338.05,
                        "Total Cost": 117484.29,
                        "Plan Rows": 181049,
                        "Plan Width": 8,
                        "Actual Startup Time": 224.615,
                        "Actual Total Time": 521.583,
                        "Actual Rows": 513898,
                        "Actual Loops": 2,
                        "Inner Unique": true,
                        "Hash Cond": "(mk.movie_id = t.id)",
                        "Plans": [
                          {
                            "Node Type": "Seq Scan",
                            "Parent Relationship": "Outer",
                            "Parallel Aware": true,
                            "Relation Name": "movie_keyword",
                            "Alias": "mk",
                            "Startup Cost": 0.0,
                            "Total Cost": 57718.19,
                            "Plan Rows": 1305918,
                            "Plan Width": 4,
                            "Actual Startup Time": 0.463,
                            "Actual Total Time": 194.816,
                            "Actual Rows": 1106876,
                            "Actual Loops": 2,
                            "Filter": "(keyword_id > 4963)",
                            "Rows Removed by Filter": 1155090
                          },
                          {
                            "Node Type": "Hash",
                            "Parent Relationship": "Inner",
                            "Parallel Aware": true,
                            "Startup Cost": 53760.74,
                            "Total Cost": 53760.74,
                            "Plan Rows": 206185,
                            "Plan Width": 4,
                            "Actual Startup Time": 164.504,
                            "Actual Total Time": 164.506,
                            "Actual Rows": 212286,
                            "Actual Loops": 2,
                            "Hash Buckets": 524288,
                            "Original Hash Buckets": 524288,
                            "Hash Batches": 1,
                            "Original Hash Batches": 1,
                            "Peak Memory Usage": 20736,
                            "Plans": [
                              {
                                "Node Type": "Bitmap Heap Scan",
                                "Parent Relationship": "Outer",
                                "Parallel Aware": true,
                                "Relation Name": "title",
                                "Alias": "t",
                                "Startup Cost": 11910.48,
                                "Total Cost": 53760.74,
                                "Plan Rows": 206185,
                                "Plan Width": 4,
                                "Actual Startup Time": 30.637,
                                "Actual Total Time": 102.405,
                                "Actual Rows": 212286,
                                "Actual Loops": 2,
                                "Recheck Cond": "(kind_id = 1)",
                                "Rows Removed by Index Recheck": 0,
                                "Filter": "(production_year < 2005)",
                                "Rows Removed by Filter": 119126,
                                "Exact Heap Blocks": 8083,
                                "Lossy Heap Blocks": 0,
                                "Plans": [
                                  {
                                    "Node Type": "Bitmap Index Scan",
                                    "Parent Relationship": "Outer",
                                    "Parallel Aware": false,
                                    "Index Name": "kind_id_title",
                                    "Startup Cost": 0.0,
                                    "Total Cost": 11822.85,
                                    "Plan Rows": 663256,
                                    "Plan Width": 0,
                                    "Actual Startup Time": 28.799,
                                    "Actual Total Time": 28.8,
                                    "Actual Rows": 662825,
                                    "Actual Loops": 1,
                                    "Index Cond": "(kind_id = 1)"
                                  }
                                ]
                              }
                            ]
                          }
                        ]
                      }
                    ]
                  }
                ]
              }
            ]
          }
        ]
      }
    ]
  },
  "Planning Time": 1.008,
  "Triggers": [],
  "Execution Time": 6396.047
}