[
  {
    "Plan": {
      "Node Type": "Aggregate",
      "Strategy": "Plain",
      "Partial Mode": "Finalize",
      "Parallel Aware": false,
      "Startup Cost": 46591.69,
      "Total Cost": 46591.7,
      "Plan Rows": 1,
      "Plan Width": 8,
      "Actual Startup Time": 92.762,
      "Actual Total Time": 104.232,
      "Actual Rows": 1,
      "Actual Loops": 1,
      "Plans": [
        {
          "Node Type": "Gather",
          "Parent Relationship": "Outer",
          "Parallel Aware": false,
          "Startup Cost": 46591.27,
          "Total Cost": 46591.68,
          "Plan Rows": 4,
          "Plan Width": 8,
          "Actual Startup Time": 92.46,
          "Actual Total Time": 104.217,
          "Actual Rows": 5,
          "Actual Loops": 1,
          "Workers Planned": 4,
          "Workers Launched": 4,
          "Single Copy": false,
          "Plans": [
            {
              "Node Type": "Aggregate",
              "Strategy": "Plain",
              "Partial Mode": "Partial",
              "Parent Relationship": "Outer",
              "Parallel Aware": false,
              "Startup Cost": 45591.27,
              "Total Cost": 45591.28,
              "Plan Rows": 1,
              "Plan Width": 8,
              "Actual Startup Time": 84.995,
              "Actual Total Time": 84.996,
              "Actual Rows": 1,
              "Actual Loops": 5,
              "Plans": [
                {
                  "Node Type": "Seq Scan",
                  "Parent Relationship": "Outer",
                  "Parallel Aware": true,
                  "Relation Name": "title",
                  "Alias": "t",
                  "Startup Cost": 0.0,
                  "Total Cost": 45479.59,
                  "Plan Rows": 44672,
                  "Plan Width": 0,
                  "Actual Startup Time": 0.047,
                  "Actual Total Time": 83.678,
                  "Actual Rows": 17383,
                  "Actual Loops": 5,
                  "Filter": "((production_year < 1966) AND (kind_id = 7))",
                  "Rows Removed by Filter": 488279
                }
              ]
            }
          ]
        }
      ]
    },
    "Planning Time": 0.163,
    "Triggers": [],
    "Execution Time": 104.281
  }
]