[
  {
    "Plan": {
      "Node Type": "Aggregate",
      "Strategy": "Plain",
      "Partial Mode": "Finalize",
      "Parallel Aware": false,
      "Startup Cost": 46592.5,
      "Total Cost": 46592.51,
      "Plan Rows": 1,
      "Plan Width": 8,
      "Actual Startup Time": 94.958,
      "Actual Total Time": 107.936,
      "Actual Rows": 1,
      "Actual Loops": 1,
      "Plans": [
        {
          "Node Type": "Gather",
          "Parent Relationship": "Outer",
          "Parallel Aware": false,
          "Startup Cost": 46592.08,
          "Total Cost": 46592.49,
          "Plan Rows": 4,
          "Plan Width": 8,
          "Actual Startup Time": 94.816,
          "Actual Total Time": 107.926,
          "Actual Rows": 5,
          "Actual Loops": 1,
          "Workers Planned": 4,
          "Workers Launched": 4,
          "Single Copy": false,
          "Plans": [
            {
              "Node Type": "Aggregate",
              "Strategy": "Plain",
              "Partial Mode": "Partial",
              "Parent Relationship": "Outer",
              "Parallel Aware": false,
              "Startup Cost": 45592.08,
              "Total Cost": 45592.09,
              "Plan Rows": 1,
              "Plan Width": 8,
              "Actual Startup Time": 87.005,
              "Actual Total Time": 87.006,
              "Actual Rows": 1,
              "Actual Loops": 5,
              "Plans": [
                {
                  "Node Type": "Seq Scan",
                  "Parent Relationship": "Outer",
                  "Parallel Aware": true,
                  "Relation Name": "title",
                  "Alias": "t",
                  "Startup Cost": 0.0,
                  "Total Cost": 45479.1,
                  "Plan Rows": 45192,
                  "Plan Width": 0,
                  "Actual Startup Time": 0.043,
                  "Actual Total Time": 85.534,
                  "Actual Rows": 17383,
                  "Actual Loops": 5,
                  "Filter": "((production_year < 1966) AND (kind_id = 7))",
                  "Rows Removed by Filter": 488279
                }
              ]
            }
          ]
        }
      ]
    },
    "Planning Time": 0.186,
    "Triggers": [],
    "Execution Time": 107.997
  }
]