[
  {
    "Bao": {
      "Bao prediction": 1670.904,
      "Bao recommended hint": "SET enable_nestloop TO off; SET enable_mergejoin TO off; SET enable_indexscan TO off; "
    }
  },
  {
    "Plan": {
      "Node Type": "Aggregate",
      "Strategy": "Plain",
      "Partial Mode": "Finalize",
      "Parallel Aware": false,
      "Startup Cost": 296547.17,
      "Total Cost": 296547.18,
      "Plan Rows": 1,
      "Plan Width": 96,
      "Actual Startup Time": 1688.78,
      "Actual Total Time": 1729.442,
      "Actual Rows": 1,
      "Actual Loops": 1,
      "Plans": [
        {
          "Node Type": "Gather",
          "Parent Relationship": "Outer",
          "Parallel Aware": false,
          "Startup Cost": 296547.06,
          "Total Cost": 296547.17,
          "Plan Rows": 1,
          "Plan Width": 96,
          "Actual Startup Time": 1688.578,
          "Actual Total Time": 1729.423,
          "Actual Rows": 2,
          "Actual Loops": 1,
          "Workers Planned": 1,
          "Workers Launched": 1,
          "Single Copy": false,
          "Plans": [
            {
              "Node Type": "Aggregate",
              "Strategy": "Plain",
              "Partial Mode": "Partial",
              "Parent Relationship": "Outer",
              "Parallel Aware": false,
              "Startup Cost": 295547.06,
              "Total Cost": 295547.07,
              "Plan Rows": 1,
              "Plan Width": 96,
              "Actual Startup Time": 1680.666,
              "Actual Total Time": 1680.683,
              "Actual Rows": 1,
              "Actual Loops": 2,
              "Plans": [
                {
                  "Node Type": "Hash Join",
                  "Parent Relationship": "Outer",
                  "Parallel Aware": false,
                  "Join Type": "Inner",
                  "Startup Cost": 290637.4,
                  "Total Cost": 295547.05,
                  "Plan Rows": 1,
                  "Plan Width": 42,
                  "Actual Startup Time": 1656.775,
                  "Actual Total Time": 1680.606,
                  "Actual Rows": 198,
                  "Actual Loops": 2,
                  "Inner Unique": true,
                  "Hash Cond": "(mc.company_type_id = ct.id)",
                  "Plans": [
                    {
                      "Node Type": "Hash Join",
                      "Parent Relationship": "Outer",
                      "Parallel Aware": true,
                      "Join Type": "Inner",
                      "Startup Cost": 290636.33,
                      "Total Cost": 295545.98,
                      "Plan Rows": 1,
                      "Plan Width": 46,
                      "Actual Startup Time": 1656.261,
                      "Actual Total Time": 1680.023,
                      "Actual Rows": 354,
                      "Actual Loops": 2,
                      "Inner Unique": false,
                      "Hash Cond": "(cn.id = mc.company_id)",
                      "Plans": [
                        {
                          "Node Type": "Seq Scan",
                          "Parent Relationship": "Outer",
                          "Parallel Aware": true,
                          "Relation Name": "company_name",
                          "Alias": "cn",
                          "Startup Cost": 0.0,
                          "Total Cost": 4722.92,
                          "Plan Rows": 49792,
                          "Plan Width": 23,
                          "Actual Startup Time": 0.023,
                          "Actual Total Time": 19.269,
                          "Actual Rows": 42422,
                          "Actual Loops": 2,
                          "Filter": "((country_code)::text = '[us]'::text)",
                          "Rows Removed by Filter": 75077
                        },
                        {
                          "Node Type": "Hash",
                          "Parent Relationship": "Inner",
                          "Parallel Aware": true,
                          "Startup Cost": 290636.32,
                          "Total Cost": 290636.32,
                          "Plan Rows": 1,
                          "Plan Width": 31,
                          "Actual Startup Time": 1655.851,
                          "Actual Total Time": 1655.865,
                          "Actual Rows": 967,
                          "Actual Loops": 2,
                          "Hash Buckets": 2048,
                          "Original Hash Buckets": 1024,
                          "Hash Batches": 1,
                          "Original Hash Batches": 1,
                          "Peak Memory Usage": 184,
                          "Plans": [
                            {
                              "Node Type": "Hash Join",
                              "Parent Relationship": "Outer",
                              "Parallel Aware": true,
                              "Join Type": "Inner",
                              "Startup Cost": 260273.56,
                              "Total Cost": 290636.32,
                              "Plan Rows": 1,
                              "Plan Width": 31,
                              "Actual Startup Time": 1393.743,
                              "Actual Total Time": 1616.9,
                              "Actual Rows": 967,
                              "Actual Loops": 2,
                              "Inner Unique": false,
                              "Hash Cond": "(mc.movie_id = t.id)",
                              "Plans": [
                                {
                                  "Node Type": "Seq Scan",
                                  "Parent Relationship": "Outer",
                                  "Parallel Aware": true,
                                  "Relation Name": "movie_companies",
                                  "Alias": "mc",
                                  "Startup Cost": 0.0,
                                  "Total Cost": 27206.55,
                                  "Plan Rows": 841655,
                                  "Plan Width": 12,
                                  "Actual Startup Time": 0.019,
                                  "Actual Total Time": 117.691,
                                  "Actual Rows": 1304564,
                                  "Actual Loops": 2
                                },
                                {
                                  "Node Type": "Hash",
                                  "Parent Relationship": "Inner",
                                  "Parallel Aware": true,
                                  "Startup Cost": 260273.55,
                                  "Total Cost": 260273.55,
                                  "Plan Rows": 1,
                                  "Plan Width": 35,
                                  "Actual Startup Time": 1390.324,
                                  "Actual Total Time": 1390.336,
                                  "Actual Rows": 278,
                                  "Actual Loops": 2,
                                  "Hash Buckets": 1024,
                                  "Original Hash Buckets": 1024,
                                  "Hash Batches": 1,
                                  "Original Hash Batches": 1,
                                  "Peak Memory Usage": 72,
                                  "Plans": [
                                    {
                                      "Node Type": "Hash Join",
                                      "Parent Relationship": "Outer",
                                      "Parallel Aware": true,
                                      "Join Type": "Inner",
                                      "Startup Cost": 214376.51,
                                      "Total Cost": 260273.55,
                                      "Plan Rows": 1,
                                      "Plan Width": 35,
                                      "Actual Startup Time": 1198.055,
                                      "Actual Total Time": 1390.012,
                                      "Actual Rows": 278,
                                      "Actual Loops": 2,
                                      "Inner Unique": false,
                                      "Hash Cond": "(t.id = mi.movie_id)",
                                      "Plans": [
                                        {
                                          "Node Type": "Seq Scan",
                                          "Parent Relationship": "Outer",
                                          "Parallel Aware": true,
                                          "Relation Name": "title",
                                          "Alias": "t",
                                          "Startup Cost": 0.0,
                                          "Total Cost": 45477.29,
                                          "Plan Rows": 111929,
                                          "Plan Width": 21,
                                          "Actual Startup Time": 0.036,
                                          "Actual Total Time": 174.881,
                                          "Actual Rows": 222930,
                                          "Actual Loops": 2,
                                          "Filter": "((production_year >= 2005) AND (production_year <= 2008))",
                                          "Rows Removed by Filter": 1041226
                                        },
                                        {
                                          "Node Type": "Hash",
                                          "Parent Relationship": "Inner",
                                          "Parallel Aware": true,
                                          "Startup Cost": 214376.5,
                                          "Total Cost": 214376.5,
                                          "Plan Rows": 1,
                                          "Plan Width": 14,
                                          "Actual Startup Time": 1189.294,
                                          "Actual Total Time": 1189.304,
                                          "Actual Rows": 972,
                                          "Actual Loops": 2,
                                          "Hash Buckets": 2048,
                                          "Original Hash Buckets": 1024,
                                          "Hash Batches": 1,
                                          "Original Hash Batches": 1,
                                          "Peak Memory Usage": 152,
                                          "Plans": [
                                            {
                                              "Node Type": "Hash Join",
                                              "Parent Relationship": "Outer",
                                              "Parallel Aware": true,
                                              "Join Type": "Inner",
                                              "Startup Cost": 15190.39,
                                              "Total Cost": 214376.5,
                                              "Plan Rows": 1,
                                              "Plan Width": 14,
                                              "Actual Startup Time": 1010.835,
                                              "Actual Total Time": 1163.048,
                                              "Actual Rows": 972,
                                              "Actual Loops": 2,
                                              "Inner Unique": false,
                                              "Hash Cond": "(mi.movie_id = mi_idx.movie_id)",
                                              "Plans": [
                                                {
                                                  "Node Type": "Hash Join",
                                                  "Parent Relationship": "Outer",
                                                  "Parallel Aware": false,
                                                  "Join Type": "Inner",
                                                  "Startup Cost": 2.43,
                                                  "Total Cost": 199186.7,
                                                  "Plan Rows": 487,
                                                  "Plan Width": 4,
                                                  "Actual Startup Time": 872.516,
                                                  "Actual Total Time": 1007.12,
                                                  "Actual Rows": 136360,
                                                  "Actual Loops": 2,
                                                  "Inner Unique": true,
                                                  "Hash Cond": "(mi.info_type_id = it1.id)",
                                                  "Plans": [
                                                    {
                                                      "Node Type": "Seq Scan",
                                                      "Parent Relationship": "Outer",
                                                      "Parallel Aware": true,
                                                      "Relation Name": "movie_info",
                                                      "Alias": "mi",
                                                      "Startup Cost": 0.0,
                                                      "Total Cost": 199034.43,
                                                      "Plan Rows": 55019,
                                                      "Plan Width": 8,
                                                      "Actual Startup Time": 615.707,
                                                      "Actual Total Time": 986.635,
                                                      "Actual Rows": 137322,
                                                      "Actual Loops": 2,
                                                      "Filter": "(info = ANY ('{Drama,Horror}'::text[]))",
                                                      "Rows Removed by Filter": 7280538
                                                    },
                                                    {
                                                      "Node Type": "Hash",
                                                      "Parent Relationship": "Inner",
                                                      "Parallel Aware": false,
                                                      "Startup Cost": 2.41,
                                                      "Total Cost": 2.41,
                                                      "Plan Rows": 1,
                                                      "Plan Width": 4,
                                                      "Actual Startup Time": 0.033,
                                                      "Actual Total Time": 0.035,
                                                      "Actual Rows": 1,
                                                      "Actual Loops": 2,
                                                      "Hash Buckets": 1024,
                                                      "Original Hash Buckets": 1024,
                                                      "Hash Batches": 1,
                                                      "Original Hash Batches": 1,
                                                      "Peak Memory Usage": 9,
                                                      "Plans": [
                                                        {
                                                          "Node Type": "Seq Scan",
                                                          "Parent Relationship": "Outer",
                                                          "Parallel Aware": false,
                                                          "Relation Name": "info_type",
                                                          "Alias": "it1",
                                                          "Startup Cost": 0.0,
                                                          "Total Cost": 2.41,
                                                          "Plan Rows": 1,
                                                          "Plan Width": 4,
                                                          "Actual Startup Time": 0.018,
                                                          "Actual Total Time": 0.025,
                                                          "Actual Rows": 1,
                                                          "Actual Loops": 2,
                                                          "Filter": "((info)::text = 'genres'::text)",
                                                          "Rows Removed by Filter": 112
                                                        }
                                                      ]
                                                    }
                                                  ]
                                                },
                                                {
                                                  "Node Type": "Hash",
                                                  "Parent Relationship": "Inner",
                                                  "Parallel Aware": true,
                                                  "Startup Cost": 15185.52,
                                                  "Total Cost": 15185.52,
                                                  "Plan Rows": 196,
                                                  "Plan Width": 10,
                                                  "Actual Startup Time": 138.07,
                                                  "Actual Total Time": 138.073,
                                                  "Actual Rows": 7924,
                                                  "Actual Loops": 2,
                                                  "Hash Buckets": 16384,
                                                  "Original Hash Buckets": 1024,
                                                  "Hash Batches": 1,
                                                  "Original Hash Batches": 1,
                                                  "Peak Memory Usage": 920,
                                                  "Plans": [
                                                    {
                                                      "Node Type": "Hash Join",
                                                      "Parent Relationship": "Outer",
                                                      "Parallel Aware": false,
                                                      "Join Type": "Inner",
                                                      "Startup Cost": 2.43,
                                                      "Total Cost": 15185.52,
                                                      "Plan Rows": 196,
                                                      "Plan Width": 10,
                                                      "Actual Startup Time": 0.162,
                                                      "Actual Total Time": 116.704,
                                                      "Actual Rows": 7924,
                                                      "Actual Loops": 2,
                                                      "Inner Unique": true,
                                                      "Hash Cond": "(mi_idx.info_type_id = it2.id)",
                                                      "Plans": [
                                                        {
                                                          "Node Type": "Seq Scan",
                                                          "Parent Relationship": "Outer",
                                                          "Parallel Aware": true,
                                                          "Relation Name": "movie_info_idx",
                                                          "Alias": "mi_idx",
                                                          "Startup Cost": 0.0,
                                                          "Total Cost": 15122.68,
                                                          "Plan Rows": 22183,
                                                          "Plan Width": 14,
                                                          "Actual Startup Time": 0.054,
                                                          "Actual Total Time": 112.096,
                                                          "Actual Rows": 26314,
                                                          "Actual Loops": 2,
                                                          "Filter": "(info > '8.0'::text)",
                                                          "Rows Removed by Filter": 663703
                                                        },
                                                        {
                                                          "Node Type": "Hash",
                                                          "Parent Relationship": "Inner",
                                                          "Parallel Aware": false,
                                                          "Startup Cost": 2.41,
                                                          "Total Cost": 2.41,
                                                          "Plan Rows": 1,
                                                          "Plan Width": 4,
                                                          "Actual Startup Time": 0.062,
                                                          "Actual Total Time": 0.063,
                                                          "Actual Rows": 1,
                                                          "Actual Loops": 2,
                                                          "Hash Buckets": 1024,
                                                          "Original Hash Buckets": 1024,
                                                          "Hash Batches": 1,
                                                          "Original Hash Batches": 1,
                                                          "Peak Memory Usage": 9,
                                                          "Plans": [
                                                            {
                                                              "Node Type": "Seq Scan",
                                                              "Parent Relationship": "Outer",
                                                              "Parallel Aware": false,
                                                              "Relation Name": "info_type",
                                                              "Alias": "it2",
                                                              "Startup Cost": 0.0,
                                                              "Total Cost": 2.41,
                                                              "Plan Rows": 1,
                                                              "Plan Width": 4,
                                                              "Actual Startup Time": 0.046,
                                                              "Actual Total Time": 0.05,
                                                              "Actual Rows": 1,
                                                              "Actual Loops": 2,
                                                              "Filter": "((info)::text = 'rating'::text)",
                                                              "Rows Removed by Filter": 112
                                                            }
                                                          ]
                                                        }
                                                      ]
                                                    }
                                                  ]
                                                }
                                              ]
                                            }
                                          ]
                                        }
                                      ]
                                    }
                                  ]
                                }
                              ]
                            }
                          ]
                        }
                      ]
                    },
                    {
                      "Node Type": "Hash",
                      "Parent Relationship": "Inner",
                      "Parallel Aware": false,
                      "Startup Cost": 1.05,
                      "Total Cost": 1.05,
                      "Plan Rows": 1,
                      "Plan Width": 4,
                      "Actual Startup Time": 0.061,
                      "Actual Total Time": 0.062,
                      "Actual Rows": 1,
                      "Actual Loops": 2,
                      "Hash Buckets": 1024,
                      "Original Hash Buckets": 1024,
                      "Hash Batches": 1,
                      "Original Hash Batches": 1,
                      "Peak Memory Usage": 9,
                      "Plans": [
                        {
                          "Node Type": "Seq Scan",
                          "Parent Relationship": "Outer",
                          "Parallel Aware": false,
                          "Relation Name": "company_type",
                          "Alias": "ct",
                          "Startup Cost": 0.0,
                          "Total Cost": 1.05,
                          "Plan Rows": 1,
                          "Plan Width": 4,
                          "Actual Startup Time": 0.045,
                          "Actual Total Time": 0.048,
                          "Actual Rows": 1,
                          "Actual Loops": 2,
                          "Filter": "((kind)::text = 'production companies'::text)",
                          "Rows Removed by Filter": 3
                        }
                      ]
                    }
                  ]
                }
              ]
            }
          ]
        }
      ]
    },
    "Planning Time": 550.506,
    "Triggers": [],
    "Execution Time": 1730.306
  }
]