[
  {
    "Plan": {
      "Node Type": "Aggregate",
      "Strategy": "Plain",
      "Partial Mode": "Finalize",
      "Parallel Aware": false,
      "Startup Cost": 46510.1,
      "Total Cost": 46510.11,
      "Plan Rows": 1,
      "Plan Width": 8,
      "Actual Startup Time": 106.88,
      "Actual Total Time": 119.167,
      "Actual Rows": 1,
      "Actual Loops": 1,
      "Plans": [
        {
          "Node Type": "Gather",
          "Parent Relationship": "Outer",
          "Parallel Aware": false,
          "Startup Cost": 46509.68,
          "Total Cost": 46510.09,
          "Plan Rows": 4,
          "Plan Width": 8,
          "Actual Startup Time": 106.687,
          "Actual Total Time": 119.135,
          "Actual Rows": 5,
          "Actual Loops": 1,
          "Workers Planned": 4,
          "Workers Launched": 4,
          "Single Copy": false,
          "Plans": [
            {
              "Node Type": "Aggregate",
              "Strategy": "Plain",
              "Partial Mode": "Partial",
              "Parent Relationship": "Outer",
              "Parallel Aware": false,
              "Startup Cost": 45509.68,
              "Total Cost": 45509.69,
              "Plan Rows": 1,
              "Plan Width": 8,
              "Actual Startup Time": 98.637,
              "Actual Total Time": 98.639,
              "Actual Rows": 1,
              "Actual Loops": 5,
              "Plans": [
                {
                  "Node Type": "Seq Scan",
                  "Parent Relationship": "Outer",
                  "Parallel Aware": true,
                  "Relation Name": "title",
                  "Alias": "t",
                  "Startup Cost": 0.0,
                  "Total Cost": 45479.59,
                  "Plan Rows": 12039,
                  "Plan Width": 0,
                  "Actual Startup Time": 0.346,
                  "Actual Total Time": 98.035,
                  "Actual Rows": 7661,
                  "Actual Loops": 5,
                  "Filter": "((kind_id < 6) AND (production_year = 2008))",
                  "Rows Removed by Filter": 498001
                }
              ]
            }
          ]
        }
      ]
    },
    "Planning Time": 0.147,
    "Triggers": [],
    "Execution Time": 119.219
  }
]