[
  {
    "Plan": {
      "Node Type": "Aggregate",
      "Strategy": "Plain",
      "Partial Mode": "Finalize",
      "Parallel Aware": false,
      "Startup Cost": 47234.69,
      "Total Cost": 47234.7,
      "Plan Rows": 1,
      "Plan Width": 8,
      "Actual Startup Time": 265.375,
      "Actual Total Time": 283.442,
      "Actual Rows": 1,
      "Actual Loops": 1,
      "Plans": [
        {
          "Node Type": "Gather",
          "Parent Relationship": "Outer",
          "Parallel Aware": false,
          "Startup Cost": 47234.37,
          "Total Cost": 47234.68,
          "Plan Rows": 3,
          "Plan Width": 8,
          "Actual Startup Time": 265.185,
          "Actual Total Time": 283.429,
          "Actual Rows": 4,
          "Actual Loops": 1,
          "Workers Planned": 3,
          "Workers Launched": 3,
          "Single Copy": false,
          "Plans": [
            {
              "Node Type": "Aggregate",
              "Strategy": "Plain",
              "Partial Mode": "Partial",
              "Parent Relationship": "Outer",
              "Parallel Aware": false,
              "Startup Cost": 46234.37,
              "Total Cost": 46234.38,
              "Plan Rows": 1,
              "Plan Width": 8,
              "Actual Startup Time": 255.761,
              "Actual Total Time": 255.762,
              "Actual Rows": 1,
              "Actual Loops": 4,
              "Plans": [
                {
                  "Node Type": "Seq Scan",
                  "Parent Relationship": "Outer",
                  "Parallel Aware": true,
                  "Relation Name": "movie_keyword",
                  "Alias": "mk",
                  "Startup Cost": 0.0,
                  "Total Cost": 42695.65,
                  "Plan Rows": 1415488,
                  "Plan Width": 0,
                  "Actual Startup Time": 0.07,
                  "Actual Total Time": 184.641,
                  "Actual Rows": 1097672,
                  "Actual Loops": 4,
                  "Filter": "(keyword_id < 75872)",
                  "Rows Removed by Filter": 33310
                }
              ]
            }
          ]
        }
      ]
    },
    "Planning Time": 0.19,
    "Triggers": [],
    "Execution Time": 283.486
  }
]