[
  {
    "Plan": {
      "Node Type": "Aggregate",
      "Strategy": "Plain",
      "Partial Mode": "Finalize",
      "Parallel Aware": false,
      "Startup Cost": 209216.11,
      "Total Cost": 209216.12,
      "Plan Rows": 1,
      "Plan Width": 8,
      "Actual Startup Time": 85.803,
      "Actual Total Time": 96.869,
      "Actual Rows": 1,
      "Actual Loops": 1,
      "Plans": [
        {
          "Node Type": "Gather",
          "Parent Relationship": "Outer",
          "Parallel Aware": false,
          "Startup Cost": 209215.69,
          "Total Cost": 209216.1,
          "Plan Rows": 4,
          "Plan Width": 8,
          "Actual Startup Time": 85.549,
          "Actual Total Time": 96.861,
          "Actual Rows": 5,
          "Actual Loops": 1,
          "Workers Planned": 4,
          "Workers Launched": 4,
          "Single Copy": false,
          "Plans": [
            {
              "Node Type": "Aggregate",
              "Strategy": "Plain",
              "Partial Mode": "Partial",
              "Parent Relationship": "Outer",
              "Parallel Aware": false,
              "Startup Cost": 208215.69,
              "Total Cost": 208215.7,
              "Plan Rows": 1,
              "Plan Width": 8,
              "Actual Startup Time": 75.645,
              "Actual Total Time": 75.647,
              "Actual Rows": 1,
              "Actual Loops": 5,
              "Plans": [
                {
                  "Node Type": "Nested Loop",
                  "Parent Relationship": "Outer",
                  "Parallel Aware": false,
                  "Join Type": "Inner",
                  "Startup Cost": 2183.32,
                  "Total Cost": 208208.78,
                  "Plan Rows": 2763,
                  "Plan Width": 0,
                  "Actual Startup Time": 15.221,
                  "Actual Total Time": 75.18,
                  "Actual Rows": 3768,
                  "Actual Loops": 5,
                  "Inner Unique": false,
                  "Plans": [
                    {
                      "Node Type": "Bitmap Heap Scan",
                      "Parent Relationship": "Outer",
                      "Parallel Aware": true,
                      "Relation Name": "title",
                      "Alias": "t",
                      "Startup Cost": 2182.88,
                      "Total Cost": 38639.14,
                      "Plan Rows": 1945,
                      "Plan Width": 4,
                      "Actual Startup Time": 14.942,
                      "Actual Total Time": 34.709,
                      "Actual Rows": 1037,
                      "Actual Loops": 5,
                      "Recheck Cond": "(kind_id = 4)",
                      "Rows Removed by Index Recheck": 0,
                      "Filter": "(production_year = 2012)",
                      "Rows Removed by Filter": 22610,
                      "Exact Heap Blocks": 6412,
                      "Lossy Heap Blocks": 0,
                      "Plans": [
                        {
                          "Node Type": "Bitmap Index Scan",
                          "Parent Relationship": "Outer",
                          "Parallel Aware": false,
                          "Index Name": "kind_id_title",
                          "Startup Cost": 0.0,
                          "Total Cost": 2180.94,
                          "Plan Rows": 122201,
                          "Plan Width": 0,
                          "Actual Startup Time": 18.899,
                          "Actual Total Time": 18.899,
                          "Actual Rows": 118234,
                          "Actual Loops": 1,
                          "Index Cond": "(kind_id = 4)"
                        }
                      ]
                    },
                    {
                      "Node Type": "Index Scan",
                      "Parent Relationship": "Inner",
                      "Parallel Aware": false,
                      "Scan Direction": "Forward",
                      "Index Name": "movie_id_movie_info",
                      "Relation Name": "movie_info",
                      "Alias": "mi",
                      "Startup Cost": 0.43,
                      "Total Cost": 87.08,
                      "Plan Rows": 10,
                      "Plan Width": 4,
                      "Actual Startup Time": 0.021,
                      "Actual Total Time": 0.038,
                      "Actual Rows": 4,
                      "Actual Loops": 5186,
                      "Index Cond": "(movie_id = t.id)",
                      "Rows Removed by Index Recheck": 0,
                      "Filter": "(info_type_id < 4)",
                      "Rows Removed by Filter": 4
                    }
                  ]
                }
              ]
            }
          ]
        }
      ]
    },
    "Planning Time": 0.65,
    "Triggers": [],
    "Execution Time": 97.01
  }
]