[
  {
    "Plan": {
      "Node Type": "Aggregate",
      "Strategy": "Plain",
      "Partial Mode": "Finalize",
      "Parallel Aware": false,
      "Startup Cost": 46921.91,
      "Total Cost": 46921.92,
      "Plan Rows": 1,
      "Plan Width": 8,
      "Actual Startup Time": 178.297,
      "Actual Total Time": 184.175,
      "Actual Rows": 1,
      "Actual Loops": 1,
      "Plans": [
        {
          "Node Type": "Gather",
          "Parent Relationship": "Outer",
          "Parallel Aware": false,
          "Startup Cost": 46921.59,
          "Total Cost": 46921.9,
          "Plan Rows": 3,
          "Plan Width": 8,
          "Actual Startup Time": 178.223,
          "Actual Total Time": 184.169,
          "Actual Rows": 4,
          "Actual Loops": 1,
          "Workers Planned": 3,
          "Workers Launched": 3,
          "Single Copy": false,
          "Plans": [
            {
              "Node Type": "Aggregate",
              "Strategy": "Plain",
              "Partial Mode": "Partial",
              "Parent Relationship": "Outer",
              "Parallel Aware": false,
              "Startup Cost": 45921.59,
              "Total Cost": 45921.6,
              "Plan Rows": 1,
              "Plan Width": 8,
              "Actual Startup Time": 174.079,
              "Actual Total Time": 174.08,
              "Actual Rows": 1,
              "Actual Loops": 4,
              "Plans": [
                {
                  "Node Type": "Seq Scan",
                  "Parent Relationship": "Outer",
                  "Parallel Aware": true,
                  "Relation Name": "movie_keyword",
                  "Alias": "mk",
                  "Startup Cost": 0.0,
                  "Total Cost": 42695.65,
                  "Plan Rows": 1290374,
                  "Plan Width": 0,
                  "Actual Startup Time": 0.034,
                  "Actual Total Time": 122.883,
                  "Actual Rows": 1000763,
                  "Actual Loops": 4,
                  "Filter": "(keyword_id > 381)",
                  "Rows Removed by Filter": 130220
                }
              ]
            }
          ]
        }
      ]
    },
    "Planning Time": 0.088,
    "Triggers": [],
    "Execution Time": 184.205
  }
]