[
  {
    "Plan": {
      "Node Type": "Aggregate",
      "Strategy": "Plain",
      "Partial Mode": "Finalize",
      "Parallel Aware": false,
      "Startup Cost": 208895.66,
      "Total Cost": 208895.67,
      "Plan Rows": 1,
      "Plan Width": 8,
      "Actual Startup Time": 194.938,
      "Actual Total Time": 224.132,
      "Actual Rows": 1,
      "Actual Loops": 1,
      "Plans": [
        {
          "Node Type": "Gather",
          "Parent Relationship": "Outer",
          "Parallel Aware": false,
          "Startup Cost": 208895.24,
          "Total Cost": 208895.65,
          "Plan Rows": 4,
          "Plan Width": 8,
          "Actual Startup Time": 194.779,
          "Actual Total Time": 224.121,
          "Actual Rows": 5,
          "Actual Loops": 1,
          "Workers Planned": 4,
          "Workers Launched": 4,
          "Single Copy": false,
          "Plans": [
            {
              "Node Type": "Aggregate",
              "Strategy": "Plain",
              "Partial Mode": "Partial",
              "Parent Relationship": "Outer",
              "Parallel Aware": false,
              "Startup Cost": 207895.24,
              "Total Cost": 207895.25,
              "Plan Rows": 1,
              "Plan Width": 8,
              "Actual Startup Time": 186.006,
              "Actual Total Time": 186.008,
              "Actual Rows": 1,
              "Actual Loops": 5,
              "Plans": [
                {
                  "Node Type": "Nested Loop",
                  "Parent Relationship": "Outer",
                  "Parallel Aware": false,
                  "Join Type": "Inner",
                  "Startup Cost": 0.43,
                  "Total Cost": 207877.65,
                  "Plan Rows": 7036,
                  "Plan Width": 0,
                  "Actual Startup Time": 58.857,
                  "Actual Total Time": 183.547,
                  "Actual Rows": 38274,
                  "Actual Loops": 5,
                  "Inner Unique": false,
                  "Plans": [
                    {
                      "Node Type": "Seq Scan",
                      "Parent Relationship": "Outer",
                      "Parallel Aware": true,
                      "Relation Name": "title",
                      "Alias": "t",
                      "Startup Cost": 0.0,
                      "Total Cost": 45479.59,
                      "Plan Rows": 1805,
                      "Plan Width": 4,
                      "Actual Startup Time": 58.71,
                      "Actual Total Time": 83.361,
                      "Actual Rows": 5821,
                      "Actual Loops": 5,
                      "Filter": "((production_year < 1911) AND (kind_id = 1))",
                      "Rows Removed by Filter": 499842
                    },
                    {
                      "Node Type": "Index Scan",
                      "Parent Relationship": "Inner",
                      "Parallel Aware": false,
                      "Scan Direction": "Forward",
                      "Index Name": "movie_id_movie_info",
                      "Relation Name": "movie_info",
                      "Alias": "mi",
                      "Startup Cost": 0.43,
                      "Total Cost": 89.7,
                      "Plan Rows": 27,
                      "Plan Width": 4,
                      "Actual Startup Time": 0.007,
                      "Actual Total Time": 0.016,
                      "Actual Rows": 7,
                      "Actual Loops": 29104,
                      "Index Cond": "(movie_id = t.id)",
                      "Rows Removed by Index Recheck": 0,
                      "Filter": "(info_type_id > 4)",
                      "Rows Removed by Filter": 3
                    }
                  ]
                }
              ]
            }
          ]
        }
      ]
    },
    "Planning Time": 0.551,
    "Triggers": [],
    "Execution Time": 224.197
  }
]