[
  {
    "Plan": {
      "Node Type": "Aggregate",
      "Strategy": "Plain",
      "Partial Mode": "Finalize",
      "Parallel Aware": false,
      "Startup Cost": 44920.01,
      "Total Cost": 44920.02,
      "Plan Rows": 1,
      "Plan Width": 8,
      "Actual Startup Time": 125.41,
      "Actual Total Time": 134.509,
      "Actual Rows": 1,
      "Actual Loops": 1,
      "Plans": [
        {
          "Node Type": "Gather",
          "Parent Relationship": "Outer",
          "Parallel Aware": false,
          "Startup Cost": 44919.69,
          "Total Cost": 44920.0,
          "Plan Rows": 3,
          "Plan Width": 8,
          "Actual Startup Time": 125.315,
          "Actual Total Time": 134.503,
          "Actual Rows": 4,
          "Actual Loops": 1,
          "Workers Planned": 3,
          "Workers Launched": 3,
          "Single Copy": false,
          "Plans": [
            {
              "Node Type": "Aggregate",
              "Strategy": "Plain",
              "Partial Mode": "Partial",
              "Parent Relationship": "Outer",
              "Parallel Aware": false,
              "Startup Cost": 43919.69,
              "Total Cost": 43919.7,
              "Plan Rows": 1,
              "Plan Width": 8,
              "Actual Startup Time": 118.768,
              "Actual Total Time": 118.77,
              "Actual Rows": 1,
              "Actual Loops": 4,
              "Plans": [
                {
                  "Node Type": "Seq Scan",
                  "Parent Relationship": "Outer",
                  "Parallel Aware": true,
                  "Relation Name": "movie_keyword",
                  "Alias": "mk",
                  "Startup Cost": 0.0,
                  "Total Cost": 42695.65,
                  "Plan Rows": 489616,
                  "Plan Width": 0,
                  "Actual Startup Time": 0.507,
                  "Actual Total Time": 101.765,
                  "Actual Rows": 376468,
                  "Actual Loops": 4,
                  "Filter": "(keyword_id > 10756)",
                  "Rows Removed by Filter": 754515
                }
              ]
            }
          ]
        }
      ]
    },
    "Planning Time": 0.052,
    "Triggers": [],
    "Execution Time": 134.531
  }
]