[
    {
        "Bao": {
            "Bao prediction": "NaN",
            "Bao recommended hint": "(no hint)"
        }
    },
    {
        "Plan": {
            "Node Type": "Aggregate",
            "Strategy": "Plain",
            "Partial Mode": "Finalize",
            "Parallel Aware": false,
            "Startup Cost": 29903.79,
            "Total Cost": 29903.8,
            "Plan Rows": 1,
            "Plan Width": 8,
            "Actual Startup Time": 79.378,
            "Actual Total Time": 85.103,
            "Actual Rows": 1,
            "Actual Loops": 1,
            "Output": [
                "count(*)"
            ],
            "Plans": [
                {
                    "Node Type": "Gather",
                    "Parent Relationship": "Outer",
                    "Parallel Aware": false,
                    "Startup Cost": 29903.48,
                    "Total Cost": 29903.79,
                    "Plan Rows": 3,
                    "Plan Width": 8,
                    "Actual Startup Time": 79.169,
                    "Actual Total Time": 85.094,
                    "Actual Rows": 4,
                    "Actual Loops": 1,
                    "Output": [
                        "(PARTIAL count(*))"
                    ],
                    "Workers Planned": 3,
                    "Workers Launched": 3,
                    "Single Copy": false,
                    "Plans": [
                        {
                            "Node Type": "Aggregate",
                            "Strategy": "Plain",
                            "Partial Mode": "Partial",
                            "Parent Relationship": "Outer",
                            "Parallel Aware": false,
                            "Startup Cost": 28903.48,
                            "Total Cost": 28903.49,
                            "Plan Rows": 1,
                            "Plan Width": 8,
                            "Actual Startup Time": 70.573,
                            "Actual Total Time": 70.575,
                            "Actual Rows": 1,
                            "Actual Loops": 4,
                            "Output": [
                                "PARTIAL count(*)"
                            ],
                            "Workers": [
                                {
                                    "Worker Number": 0,
                                    "Actual Startup Time": 67.676,
                                    "Actual Total Time": 67.678,
                                    "Actual Rows": 1,
                                    "Actual Loops": 1
                                },
                                {
                                    "Worker Number": 1,
                                    "Actual Startup Time": 67.75,
                                    "Actual Total Time": 67.751,
                                    "Actual Rows": 1,
                                    "Actual Loops": 1
                                },
                                {
                                    "Worker Number": 2,
                                    "Actual Startup Time": 68.025,
                                    "Actual Total Time": 68.027,
                                    "Actual Rows": 1,
                                    "Actual Loops": 1
                                }
                            ],
                            "Plans": [
                                {
                                    "Node Type": "Bitmap Heap Scan",
                                    "Parent Relationship": "Outer",
                                    "Parallel Aware": true,
                                    "Relation Name": "movie_keyword",
                                    "Schema": "public",
                                    "Alias": "mk",
                                    "Startup Cost": 3623.45,
                                    "Total Cost": 28765.81,
                                    "Plan Rows": 55068,
                                    "Plan Width": 0,
                                    "Actual Startup Time": 15.265,
                                    "Actual Total Time": 67.207,
                                    "Actual Rows": 40366,
                                    "Actual Loops": 4,
                                    "Recheck Cond": "(mk.keyword_id > 72721)",
                                    "Rows Removed by Index Recheck": 0,
                                    "Exact Heap Blocks": 9308,
                                    "Lossy Heap Blocks": 0,
                                    "Workers": [
                                        {
                                            "Worker Number": 0,
                                            "Actual Startup Time": 12.473,
                                            "Actual Total Time": 64.958,
                                            "Actual Rows": 28162,
                                            "Actual Loops": 1
                                        },
                                        {
                                            "Worker Number": 1,
                                            "Actual Startup Time": 12.517,
                                            "Actual Total Time": 65.055,
                                            "Actual Rows": 28649,
                                            "Actual Loops": 1
                                        },
                                        {
                                            "Worker Number": 2,
                                            "Actual Startup Time": 12.771,
                                            "Actual Total Time": 65.331,
                                            "Actual Rows": 27745,
                                            "Actual Loops": 1
                                        }
                                    ],
                                    "Plans": [
                                        {
                                            "Node Type": "Bitmap Index Scan",
                                            "Parent Relationship": "Outer",
                                            "Parallel Aware": false,
                                            "Index Name": "keyword_id_movie_keyword",
                                            "Startup Cost": 0.0,
                                            "Total Cost": 3580.77,
                                            "Plan Rows": 170712,
                                            "Plan Width": 0,
                                            "Actual Startup Time": 18.477,
                                            "Actual Total Time": 18.478,
                                            "Actual Rows": 161462,
                                            "Actual Loops": 1,
                                            "Index Cond": "(mk.keyword_id > 72721)"
                                        }
                                    ]
                                }
                            ]
                        }
                    ]
                }
            ]
        },
        "Planning Time": 316.609,
        "Triggers": [],
        "Execution Time": 85.17
    }
]