[
  {
    "Plan": {
      "Node Type": "Aggregate",
      "Strategy": "Plain",
      "Partial Mode": "Finalize",
      "Parallel Aware": false,
      "Startup Cost": 41153.48,
      "Total Cost": 41153.49,
      "Plan Rows": 1,
      "Plan Width": 8,
      "Actual Startup Time": 70.684,
      "Actual Total Time": 82.483,
      "Actual Rows": 1,
      "Actual Loops": 1,
      "Plans": [
        {
          "Node Type": "Gather",
          "Parent Relationship": "Outer",
          "Parallel Aware": false,
          "Startup Cost": 41153.27,
          "Total Cost": 41153.48,
          "Plan Rows": 2,
          "Plan Width": 8,
          "Actual Startup Time": 70.53,
          "Actual Total Time": 82.477,
          "Actual Rows": 3,
          "Actual Loops": 1,
          "Workers Planned": 2,
          "Workers Launched": 2,
          "Single Copy": false,
          "Plans": [
            {
              "Node Type": "Aggregate",
              "Strategy": "Plain",
              "Partial Mode": "Partial",
              "Parent Relationship": "Outer",
              "Parallel Aware": false,
              "Startup Cost": 40153.27,
              "Total Cost": 40153.28,
              "Plan Rows": 1,
              "Plan Width": 8,
              "Actual Startup Time": 64.909,
              "Actual Total Time": 64.91,
              "Actual Rows": 1,
              "Actual Loops": 3,
              "Plans": [
                {
                  "Node Type": "Nested Loop",
                  "Parent Relationship": "Outer",
                  "Parallel Aware": false,
                  "Join Type": "Inner",
                  "Startup Cost": 175.3,
                  "Total Cost": 40148.09,
                  "Plan Rows": 2070,
                  "Plan Width": 0,
                  "Actual Startup Time": 2.146,
                  "Actual Total Time": 61.829,
                  "Actual Rows": 57657,
                  "Actual Loops": 3,
                  "Inner Unique": false,
                  "Plans": [
                    {
                      "Node Type": "Nested Loop",
                      "Parent Relationship": "Outer",
                      "Parallel Aware": false,
                      "Join Type": "Inner",
                      "Startup Cost": 174.87,
                      "Total Cost": 37614.25,
                      "Plan Rows": 1301,
                      "Plan Width": 8,
                      "Actual Startup Time": 1.994,
                      "Actual Total Time": 27.436,
                      "Actual Rows": 2497,
                      "Actual Loops": 3,
                      "Inner Unique": true,
                      "Plans": [
                        {
                          "Node Type": "Bitmap Heap Scan",
                          "Parent Relationship": "Outer",
                          "Parallel Aware": true,
                          "Relation Name": "movie_companies",
                          "Alias": "mc",
                          "Startup Cost": 174.44,
                          "Total Cost": 14877.36,
                          "Plan Rows": 3334,
                          "Plan Width": 4,
                          "Actual Startup Time": 1.838,
                          "Actual Total Time": 9.715,
                          "Actual Rows": 2520,
                          "Actual Loops": 3,
                          "Recheck Cond": "(company_id = 159)",
                          "Rows Removed by Index Recheck": 0,
                          "Exact Heap Blocks": 2508,
                          "Lossy Heap Blocks": 0,
                          "Plans": [
                            {
                              "Node Type": "Bitmap Index Scan",
                              "Parent Relationship": "Outer",
                              "Parallel Aware": false,
                              "Index Name": "company_id_movie_companies",
                              "Startup Cost": 0.0,
                              "Total Cost": 172.44,
                              "Plan Rows": 8001,
                              "Plan Width": 0,
                              "Actual Startup Time": 3.119,
                              "Actual Total Time": 3.119,
                              "Actual Rows": 7560,
                              "Actual Loops": 1,
                              "Index Cond": "(company_id = 159)"
                            }
                          ]
                        },
                        {
                          "Node Type": "Index Scan",
                          "Parent Relationship": "Inner",
                          "Parallel Aware": false,
                          "Scan Direction": "Forward",
                          "Index Name": "title_pkey",
                          "Relation Name": "title",
                          "Alias": "t",
                          "Startup Cost": 0.43,
                          "Total Cost": 6.82,
                          "Plan Rows": 1,
                          "Plan Width": 4,
                          "Actual Startup Time": 0.007,
                          "Actual Total Time": 0.007,
                          "Actual Rows": 1,
                          "Actual Loops": 7560,
                          "Index Cond": "(id = mc.movie_id)",
                          "Rows Removed by Index Recheck": 0,
                          "Filter": "(kind_id < 7)",
                          "Rows Removed by Filter": 0
                        }
                      ]
                    },
                    {
                      "Node Type": "Index Scan",
                      "Parent Relationship": "Inner",
                      "Parallel Aware": false,
                      "Scan Direction": "Forward",
                      "Index Name": "movie_id_movie_keyword",
                      "Relation Name": "movie_keyword",
                      "Alias": "mk",
                      "Startup Cost": 0.43,
                      "Total Cost": 1.54,
                      "Plan Rows": 41,
                      "Plan Width": 4,
                      "Actual Startup Time": 0.008,
                      "Actual Total Time": 0.012,
                      "Actual Rows": 23,
                      "Actual Loops": 7491,
                      "Index Cond": "(movie_id = t.id)",
                      "Rows Removed by Index Recheck": 0,
                      "Filter": "(keyword_id > 359)",
                      "Rows Removed by Filter": 2
                    }
                  ]
                }
              ]
            }
          ]
        }
      ]
    },
    "Planning Time": 0.925,
    "Triggers": [],
    "Execution Time": 82.55
  }
]