[
  {
    "Plan": {
      "Node Type": "Aggregate",
      "Strategy": "Plain",
      "Partial Mode": "Finalize",
      "Parallel Aware": false,
      "Startup Cost": 39361.81,
      "Total Cost": 39361.82,
      "Plan Rows": 1,
      "Plan Width": 8,
      "Actual Startup Time": 23.568,
      "Actual Total Time": 25.667,
      "Actual Rows": 1,
      "Actual Loops": 1,
      "Plans": [
        {
          "Node Type": "Gather",
          "Parent Relationship": "Outer",
          "Parallel Aware": false,
          "Startup Cost": 39361.59,
          "Total Cost": 39361.8,
          "Plan Rows": 2,
          "Plan Width": 8,
          "Actual Startup Time": 23.35,
          "Actual Total Time": 25.657,
          "Actual Rows": 3,
          "Actual Loops": 1,
          "Workers Planned": 2,
          "Workers Launched": 2,
          "Single Copy": false,
          "Plans": [
            {
              "Node Type": "Aggregate",
              "Strategy": "Plain",
              "Partial Mode": "Partial",
              "Parent Relationship": "Outer",
              "Parallel Aware": false,
              "Startup Cost": 38361.59,
              "Total Cost": 38361.6,
              "Plan Rows": 1,
              "Plan Width": 8,
              "Actual Startup Time": 15.244,
              "Actual Total Time": 15.246,
              "Actual Rows": 1,
              "Actual Loops": 3,
              "Plans": [
                {
                  "Node Type": "Nested Loop",
                  "Parent Relationship": "Outer",
                  "Parallel Aware": false,
                  "Join Type": "Inner",
                  "Startup Cost": 189.12,
                  "Total Cost": 38359.75,
                  "Plan Rows": 738,
                  "Plan Width": 0,
                  "Actual Startup Time": 1.134,
                  "Actual Total Time": 14.829,
                  "Actual Rows": 1917,
                  "Actual Loops": 3,
                  "Inner Unique": true,
                  "Plans": [
                    {
                      "Node Type": "Bitmap Heap Scan",
                      "Parent Relationship": "Outer",
                      "Parallel Aware": true,
                      "Relation Name": "cast_info",
                      "Alias": "ci",
                      "Startup Cost": 188.69,
                      "Total Cost": 28973.29,
                      "Plan Rows": 1213,
                      "Plan Width": 4,
                      "Actual Startup Time": 0.995,
                      "Actual Total Time": 1.933,
                      "Actual Rows": 1917,
                      "Actual Loops": 3,
                      "Recheck Cond": "(person_id = 1737040)",
                      "Rows Removed by Index Recheck": 0,
                      "Filter": "(role_id = 1)",
                      "Rows Removed by Filter": 0,
                      "Exact Heap Blocks": 21,
                      "Lossy Heap Blocks": 0,
                      "Plans": [
                        {
                          "Node Type": "Bitmap Index Scan",
                          "Parent Relationship": "Outer",
                          "Parallel Aware": false,
                          "Index Name": "person_id_cast_info",
                          "Startup Cost": 0.0,
                          "Total Cost": 187.96,
                          "Plan Rows": 8453,
                          "Plan Width": 0,
                          "Actual Startup Time": 2.628,
                          "Actual Total Time": 2.629,
                          "Actual Rows": 5753,
                          "Actual Loops": 1,
                          "Index Cond": "(person_id = 1737040)"
                        }
                      ]
                    },
                    {
                      "Node Type": "Index Scan",
                      "Parent Relationship": "Inner",
                      "Parallel Aware": false,
                      "Scan Direction": "Forward",
                      "Index Name": "title_pkey",
                      "Relation Name": "title",
                      "Alias": "t",
                      "Startup Cost": 0.43,
                      "Total Cost": 7.74,
                      "Plan Rows": 1,
                      "Plan Width": 4,
                      "Actual Startup Time": 0.006,
                      "Actual Total Time": 0.006,
                      "Actual Rows": 1,
                      "Actual Loops": 5752,
                      "Index Cond": "(id = ci.movie_id)",
                      "Rows Removed by Index Recheck": 0,
                      "Filter": "(production_year > 1997)",
                      "Rows Removed by Filter": 0
                    }
                  ]
                }
              ]
            }
          ]
        }
      ]
    },
    "Planning Time": 0.669,
    "Triggers": [],
    "Execution Time": 25.754
  }
]