[
  {
    "Plan": {
      "Node Type": "Aggregate",
      "Strategy": "Plain",
      "Partial Mode": "Finalize",
      "Parallel Aware": false,
      "Startup Cost": 44512.07,
      "Total Cost": 44512.08,
      "Plan Rows": 1,
      "Plan Width": 8,
      "Actual Startup Time": 111.652,
      "Actual Total Time": 118.29,
      "Actual Rows": 1,
      "Actual Loops": 1,
      "Plans": [
        {
          "Node Type": "Gather",
          "Parent Relationship": "Outer",
          "Parallel Aware": false,
          "Startup Cost": 44511.75,
          "Total Cost": 44512.06,
          "Plan Rows": 3,
          "Plan Width": 8,
          "Actual Startup Time": 111.531,
          "Actual Total Time": 118.279,
          "Actual Rows": 4,
          "Actual Loops": 1,
          "Workers Planned": 3,
          "Workers Launched": 3,
          "Single Copy": false,
          "Plans": [
            {
              "Node Type": "Aggregate",
              "Strategy": "Plain",
              "Partial Mode": "Partial",
              "Parent Relationship": "Outer",
              "Parallel Aware": false,
              "Startup Cost": 43511.75,
              "Total Cost": 43511.76,
              "Plan Rows": 1,
              "Plan Width": 8,
              "Actual Startup Time": 106.614,
              "Actual Total Time": 106.615,
              "Actual Rows": 1,
              "Actual Loops": 4,
              "Plans": [
                {
                  "Node Type": "Seq Scan",
                  "Parent Relationship": "Outer",
                  "Parallel Aware": true,
                  "Relation Name": "movie_keyword",
                  "Alias": "mk",
                  "Startup Cost": 0.0,
                  "Total Cost": 42695.65,
                  "Plan Rows": 326440,
                  "Plan Width": 0,
                  "Actual Startup Time": 0.033,
                  "Actual Total Time": 94.543,
                  "Actual Rows": 253592,
                  "Actual Loops": 4,
                  "Filter": "(keyword_id < 987)",
                  "Rows Removed by Filter": 877390
                }
              ]
            }
          ]
        }
      ]
    },
    "Planning Time": 0.106,
    "Triggers": [],
    "Execution Time": 118.327
  }
]