[
  {
    "Plan": {
      "Node Type": "Aggregate",
      "Strategy": "Plain",
      "Partial Mode": "Finalize",
      "Parallel Aware": false,
      "Startup Cost": 44512.34,
      "Total Cost": 44512.35,
      "Plan Rows": 1,
      "Plan Width": 8,
      "Actual Startup Time": 123.651,
      "Actual Total Time": 133.562,
      "Actual Rows": 1,
      "Actual Loops": 1,
      "Plans": [
        {
          "Node Type": "Gather",
          "Parent Relationship": "Outer",
          "Parallel Aware": false,
          "Startup Cost": 44512.02,
          "Total Cost": 44512.33,
          "Plan Rows": 3,
          "Plan Width": 8,
          "Actual Startup Time": 123.543,
          "Actual Total Time": 133.553,
          "Actual Rows": 4,
          "Actual Loops": 1,
          "Workers Planned": 3,
          "Workers Launched": 3,
          "Single Copy": false,
          "Plans": [
            {
              "Node Type": "Aggregate",
              "Strategy": "Plain",
              "Partial Mode": "Partial",
              "Parent Relationship": "Outer",
              "Parallel Aware": false,
              "Startup Cost": 43512.02,
              "Total Cost": 43512.03,
              "Plan Rows": 1,
              "Plan Width": 8,
              "Actual Startup Time": 116.634,
              "Actual Total Time": 116.635,
              "Actual Rows": 1,
              "Actual Loops": 4,
              "Plans": [
                {
                  "Node Type": "Seq Scan",
                  "Parent Relationship": "Outer",
                  "Parallel Aware": true,
                  "Relation Name": "movie_keyword",
                  "Alias": "mk",
                  "Startup Cost": 0.0,
                  "Total Cost": 42695.65,
                  "Plan Rows": 326546,
                  "Plan Width": 0,
                  "Actual Startup Time": 0.059,
                  "Actual Total Time": 103.716,
                  "Actual Rows": 253592,
                  "Actual Loops": 4,
                  "Filter": "(keyword_id < 987)",
                  "Rows Removed by Filter": 877390
                }
              ]
            }
          ]
        }
      ]
    },
    "Planning Time": 0.179,
    "Triggers": [],
    "Execution Time": 133.617
  }
]