[
  {
    "Plan": {
      "Node Type": "Aggregate",
      "Strategy": "Plain",
      "Partial Mode": "Finalize",
      "Parallel Aware": false,
      "Startup Cost": 132060.76,
      "Total Cost": 132060.77,
      "Plan Rows": 1,
      "Plan Width": 8,
      "Actual Startup Time": 1140.751,
      "Actual Total Time": 1160.716,
      "Actual Rows": 1,
      "Actual Loops": 1,
      "Plans": [
        {
          "Node Type": "Gather",
          "Parent Relationship": "Outer",
          "Parallel Aware": false,
          "Startup Cost": 132060.44,
          "Total Cost": 132060.75,
          "Plan Rows": 3,
          "Plan Width": 8,
          "Actual Startup Time": 1134.75,
          "Actual Total Time": 1160.71,
          "Actual Rows": 4,
          "Actual Loops": 1,
          "Workers Planned": 3,
          "Workers Launched": 3,
          "Single Copy": false,
          "Plans": [
            {
              "Node Type": "Aggregate",
              "Strategy": "Plain",
              "Partial Mode": "Partial",
              "Parent Relationship": "Outer",
              "Parallel Aware": false,
              "Startup Cost": 131060.44,
              "Total Cost": 131060.45,
              "Plan Rows": 1,
              "Plan Width": 8,
              "Actual Startup Time": 1125.023,
              "Actual Total Time": 1125.028,
              "Actual Rows": 1,
              "Actual Loops": 4,
              "Plans": [
                {
                  "Node Type": "Hash Join",
                  "Parent Relationship": "Outer",
                  "Parallel Aware": true,
                  "Join Type": "Inner",
                  "Startup Cost": 83974.62,
                  "Total Cost": 129777.44,
                  "Plan Rows": 513202,
                  "Plan Width": 0,
                  "Actual Startup Time": 444.4,
                  "Actual Total Time": 947.401,
                  "Actual Rows": 4540565,
                  "Actual Loops": 4,
                  "Inner Unique": false,
                  "Hash Cond": "(mk.movie_id = t.id)",
                  "Plans": [
                    {
                      "Node Type": "Seq Scan",
                      "Parent Relationship": "Outer",
                      "Parallel Aware": true,
                      "Relation Name": "movie_keyword",
                      "Alias": "mk",
                      "Startup Cost": 0.0,
                      "Total Cost": 39047.32,
                      "Plan Rows": 1459332,
                      "Plan Width": 4,
                      "Actual Startup Time": 0.044,
                      "Actual Total Time": 87.164,
                      "Actual Rows": 1130982,
                      "Actual Loops": 4
                    },
                    {
                      "Node Type": "Hash",
                      "Parent Relationship": "Inner",
                      "Parallel Aware": true,
                      "Startup Cost": 81196.12,
                      "Total Cost": 81196.12,
                      "Plan Rows": 222280,
                      "Plan Width": 8,
                      "Actual Startup Time": 436.38,
                      "Actual Total Time": 436.384,
                      "Actual Rows": 177414,
                      "Actual Loops": 4,
                      "Hash Buckets": 1048576,
                      "Original Hash Buckets": 1048576,
                      "Hash Batches": 1,
                      "Original Hash Batches": 1,
                      "Peak Memory Usage": 36000,
                      "Plans": [
                        {
                          "Node Type": "Hash Join",
                          "Parent Relationship": "Outer",
                          "Parallel Aware": true,
                          "Join Type": "Inner",
                          "Startup Cost": 34999.99,
                          "Total Cost": 81196.12,
                          "Plan Rows": 222280,
                          "Plan Width": 8,
                          "Actual Startup Time": 140.288,
                          "Actual Total Time": 382.623,
                          "Actual Rows": 177414,
                          "Actual Loops": 4,
                          "Inner Unique": false,
                          "Hash Cond": "(t.id = mc.movie_id)",
                          "Plans": [
                            {
                              "Node Type": "Seq Scan",
                              "Parent Relationship": "Outer",
                              "Parallel Aware": true,
                              "Relation Name": "title",
                              "Alias": "t",
                              "Startup Cost": 0.0,
                              "Total Cost": 42318.73,
                              "Plan Rows": 632073,
                              "Plan Width": 4,
                              "Actual Startup Time": 0.014,
                              "Actual Total Time": 74.149,
                              "Actual Rows": 632078,
                              "Actual Loops": 4
                            },
                            {
                              "Node Type": "Hash",
                              "Parent Relationship": "Inner",
                              "Parallel Aware": true,
                              "Startup Cost": 31414.82,
                              "Total Cost": 31414.82,
                              "Plan Rows": 286814,
                              "Plan Width": 4,
                              "Actual Startup Time": 137.388,
                              "Actual Total Time": 137.389,
                              "Actual Rows": 177414,
                              "Actual Loops": 4,
                              "Hash Buckets": 1048576,
                              "Original Hash Buckets": 1048576,
                              "Hash Batches": 1,
                              "Original Hash Batches": 1,
                              "Peak Memory Usage": 36032,
                              "Plans": [
                                {
                                  "Node Type": "Seq Scan",
                                  "Parent Relationship": "Outer",
                                  "Parallel Aware": true,
                                  "Relation Name": "movie_companies",
                                  "Alias": "mc",
                                  "Startup Cost": 0.0,
                                  "Total Cost": 31414.82,
                                  "Plan Rows": 286814,
                                  "Plan Width": 4,
                                  "Actual Startup Time": 1.12,
                                  "Actual Total Time": 80.171,
                                  "Actual Rows": 177414,
                                  "Actual Loops": 4,
                                  "Filter": "((company_id > 1722) AND (company_type_id = 1))",
                                  "Rows Removed by Filter": 474868
                                }
                              ]
                            }
                          ]
                        }
                      ]
                    }
                  ]
                }
              ]
            }
          ]
        }
      ]
    },
    "Planning Time": 1.449,
    "Triggers": [],
    "Execution Time": 1160.798
  }
]