[
  {
    "Plan": {
      "Node Type": "Aggregate",
      "Strategy": "Plain",
      "Partial Mode": "Finalize",
      "Parallel Aware": false,
      "Startup Cost": 451317.52,
      "Total Cost": 451317.53,
      "Plan Rows": 1,
      "Plan Width": 8,
      "Actual Startup Time": 1523.072,
      "Actual Total Time": 1585.297,
      "Actual Rows": 1,
      "Actual Loops": 1,
      "Plans": [
        {
          "Node Type": "Gather",
          "Parent Relationship": "Outer",
          "Parallel Aware": false,
          "Startup Cost": 451316.9,
          "Total Cost": 451317.51,
          "Plan Rows": 6,
          "Plan Width": 8,
          "Actual Startup Time": 1513.38,
          "Actual Total Time": 1585.286,
          "Actual Rows": 7,
          "Actual Loops": 1,
          "Workers Planned": 6,
          "Workers Launched": 6,
          "Single Copy": false,
          "Plans": [
            {
              "Node Type": "Aggregate",
              "Strategy": "Plain",
              "Partial Mode": "Partial",
              "Parent Relationship": "Outer",
              "Parallel Aware": false,
              "Startup Cost": 450316.9,
              "Total Cost": 450316.91,
              "Plan Rows": 1,
              "Plan Width": 8,
              "Actual Startup Time": 1504.66,
              "Actual Total Time": 1504.73,
              "Actual Rows": 1,
              "Actual Loops": 7,
              "Plans": [
                {
                  "Node Type": "Hash Join",
                  "Parent Relationship": "Outer",
                  "Parallel Aware": true,
                  "Join Type": "Inner",
                  "Startup Cost": 94880.74,
                  "Total Cost": 448596.21,
                  "Plan Rows": 688274,
                  "Plan Width": 0,
                  "Actual Startup Time": 687.772,
                  "Actual Total Time": 1442.561,
                  "Actual Rows": 1333821,
                  "Actual Loops": 7,
                  "Inner Unique": false,
                  "Hash Cond": "(ci.movie_id = t.id)",
                  "Plans": [
                    {
                      "Node Type": "Seq Scan",
                      "Parent Relationship": "Outer",
                      "Parallel Aware": true,
                      "Relation Name": "cast_info",
                      "Alias": "ci",
                      "Startup Cost": 0.0,
                      "Total Cost": 343316.27,
                      "Plan Rows": 2181058,
                      "Plan Width": 4,
                      "Actual Startup Time": 349.271,
                      "Actual Total Time": 684.142,
                      "Actual Rows": 2032252,
                      "Actual Loops": 7,
                      "Filter": "((person_id > 654937) AND (role_id > 2))",
                      "Rows Removed by Filter": 3145512
                    },
                    {
                      "Node Type": "Hash",
                      "Parent Relationship": "Inner",
                      "Parallel Aware": true,
                      "Startup Cost": 91663.42,
                      "Total Cost": 91663.42,
                      "Plan Rows": 257385,
                      "Plan Width": 8,
                      "Actual Startup Time": 335.813,
                      "Actual Total Time": 335.881,
                      "Actual Rows": 164111,
                      "Actual Loops": 7,
                      "Hash Buckets": 2097152,
                      "Original Hash Buckets": 1048576,
                      "Hash Batches": 1,
                      "Original Hash Batches": 1,
                      "Peak Memory Usage": 69600,
                      "Plans": [
                        {
                          "Node Type": "Hash Join",
                          "Parent Relationship": "Outer",
                          "Parallel Aware": true,
                          "Join Type": "Inner",
                          "Startup Cost": 45392.46,
                          "Total Cost": 91663.42,
                          "Plan Rows": 257385,
                          "Plan Width": 8,
                          "Actual Startup Time": 109.061,
                          "Actual Total Time": 253.387,
                          "Actual Rows": 164111,
                          "Actual Loops": 7,
                          "Inner Unique": true,
                          "Hash Cond": "(mk.movie_id = t.id)",
                          "Plans": [
                            {
                              "Node Type": "Seq Scan",
                              "Parent Relationship": "Outer",
                              "Parallel Aware": true,
                              "Relation Name": "movie_keyword",
                              "Alias": "mk",
                              "Startup Cost": 0.0,
                              "Total Cost": 42695.65,
                              "Plan Rows": 1362019,
                              "Plan Width": 4,
                              "Actual Startup Time": 0.03,
                              "Actual Total Time": 74.972,
                              "Actual Rows": 602853,
                              "Actual Loops": 7,
                              "Filter": "(keyword_id < 53259)",
                              "Rows Removed by Filter": 43423
                            },
                            {
                              "Node Type": "Hash",
                              "Parent Relationship": "Inner",
                              "Parallel Aware": true,
                              "Startup Cost": 43899.32,
                              "Total Cost": 43899.32,
                              "Plan Rows": 119451,
                              "Plan Width": 4,
                              "Actual Startup Time": 108.175,
                              "Actual Total Time": 108.176,
                              "Actual Rows": 70576,
                              "Actual Loops": 7,
                              "Hash Buckets": 524288,
                              "Original Hash Buckets": 524288,
                              "Hash Batches": 1,
                              "Original Hash Batches": 1,
                              "Peak Memory Usage": 23552,
                              "Plans": [
                                {
                                  "Node Type": "Seq Scan",
                                  "Parent Relationship": "Outer",
                                  "Parallel Aware": true,
                                  "Relation Name": "title",
                                  "Alias": "t",
                                  "Startup Cost": 0.0,
                                  "Total Cost": 43899.32,
                                  "Plan Rows": 119451,
                                  "Plan Width": 4,
                                  "Actual Startup Time": 0.06,
                                  "Actual Total Time": 73.007,
                                  "Actual Rows": 70576,
                                  "Actual Loops": 7,
                                  "Filter": "(production_year < 1979)",
                                  "Rows Removed by Filter": 290612
                                }
                              ]
                            }
                          ]
                        }
                      ]
                    }
                  ]
                }
              ]
            }
          ]
        }
      ]
    },
    "Planning Time": 0.512,
    "Triggers": [],
    "Execution Time": 1585.363
  }
]