[
  {
    "Plan": {
      "Node Type": "Aggregate",
      "Strategy": "Plain",
      "Partial Mode": "Finalize",
      "Parallel Aware": false,
      "Startup Cost": 83627.21,
      "Total Cost": 83627.22,
      "Plan Rows": 1,
      "Plan Width": 8,
      "Actual Startup Time": 453.461,
      "Actual Total Time": 472.622,
      "Actual Rows": 1,
      "Actual Loops": 1,
      "Plans": [
        {
          "Node Type": "Gather",
          "Parent Relationship": "Outer",
          "Parallel Aware": false,
          "Startup Cost": 83626.79,
          "Total Cost": 83627.2,
          "Plan Rows": 4,
          "Plan Width": 8,
          "Actual Startup Time": 442.618,
          "Actual Total Time": 472.612,
          "Actual Rows": 5,
          "Actual Loops": 1,
          "Workers Planned": 4,
          "Workers Launched": 4,
          "Single Copy": false,
          "Plans": [
            {
              "Node Type": "Aggregate",
              "Strategy": "Plain",
              "Partial Mode": "Partial",
              "Parent Relationship": "Outer",
              "Parallel Aware": false,
              "Startup Cost": 82626.79,
              "Total Cost": 82626.8,
              "Plan Rows": 1,
              "Plan Width": 8,
              "Actual Startup Time": 429.079,
              "Actual Total Time": 429.082,
              "Actual Rows": 1,
              "Actual Loops": 5,
              "Plans": [
                {
                  "Node Type": "Hash Join",
                  "Parent Relationship": "Outer",
                  "Parallel Aware": true,
                  "Join Type": "Inner",
                  "Startup Cost": 35645.72,
                  "Total Cost": 81971.0,
                  "Plan Rows": 262316,
                  "Plan Width": 0,
                  "Actual Startup Time": 175.061,
                  "Actual Total Time": 417.876,
                  "Actual Rows": 238767,
                  "Actual Loops": 5,
                  "Inner Unique": false,
                  "Hash Cond": "(t.id = mc.movie_id)",
                  "Plans": [
                    {
                      "Node Type": "Seq Scan",
                      "Parent Relationship": "Outer",
                      "Parallel Aware": true,
                      "Relation Name": "title",
                      "Alias": "t",
                      "Startup Cost": 0.0,
                      "Total Cost": 42318.73,
                      "Plan Rows": 632073,
                      "Plan Width": 4,
                      "Actual Startup Time": 0.011,
                      "Actual Total Time": 68.385,
                      "Actual Rows": 505662,
                      "Actual Loops": 5
                    },
                    {
                      "Node Type": "Hash",
                      "Parent Relationship": "Inner",
                      "Parallel Aware": true,
                      "Startup Cost": 31414.82,
                      "Total Cost": 31414.82,
                      "Plan Rows": 338472,
                      "Plan Width": 4,
                      "Actual Startup Time": 168.625,
                      "Actual Total Time": 168.626,
                      "Actual Rows": 238767,
                      "Actual Loops": 5,
                      "Hash Buckets": 2097152,
                      "Original Hash Buckets": 2097152,
                      "Hash Batches": 1,
                      "Original Hash Batches": 1,
                      "Peak Memory Usage": 63168,
                      "Plans": [
                        {
                          "Node Type": "Seq Scan",
                          "Parent Relationship": "Outer",
                          "Parallel Aware": true,
                          "Relation Name": "movie_companies",
                          "Alias": "mc",
                          "Startup Cost": 0.0,
                          "Total Cost": 31414.82,
                          "Plan Rows": 338472,
                          "Plan Width": 4,
                          "Actual Startup Time": 44.445,
                          "Actual Total Time": 82.385,
                          "Actual Rows": 238767,
                          "Actual Loops": 5,
                          "Filter": "((company_id > 525) AND (company_type_id > 1))",
                          "Rows Removed by Filter": 283059
                        }
                      ]
                    }
                  ]
                }
              ]
            }
          ]
        }
      ]
    },
    "Planning Time": 0.627,
    "Triggers": [],
    "Execution Time": 472.692
  }
]