[
  {
    "Plan": {
      "Node Type": "Aggregate",
      "Strategy": "Plain",
      "Partial Mode": "Finalize",
      "Parallel Aware": false,
      "Startup Cost": 158185.82,
      "Total Cost": 158185.83,
      "Plan Rows": 1,
      "Plan Width": 8,
      "Actual Startup Time": 973.731,
      "Actual Total Time": 1032.641,
      "Actual Rows": 1,
      "Actual Loops": 1,
      "Plans": [
        {
          "Node Type": "Gather",
          "Parent Relationship": "Outer",
          "Parallel Aware": false,
          "Startup Cost": 158185.5,
          "Total Cost": 158185.81,
          "Plan Rows": 3,
          "Plan Width": 8,
          "Actual Startup Time": 971.914,
          "Actual Total Time": 1032.632,
          "Actual Rows": 4,
          "Actual Loops": 1,
          "Workers Planned": 3,
          "Workers Launched": 3,
          "Single Copy": false,
          "Plans": [
            {
              "Node Type": "Aggregate",
              "Strategy": "Plain",
              "Partial Mode": "Partial",
              "Parent Relationship": "Outer",
              "Parallel Aware": false,
              "Startup Cost": 157185.5,
              "Total Cost": 157185.51,
              "Plan Rows": 1,
              "Plan Width": 8,
              "Actual Startup Time": 962.499,
              "Actual Total Time": 962.502,
              "Actual Rows": 1,
              "Actual Loops": 4,
              "Plans": [
                {
                  "Node Type": "Nested Loop",
                  "Parent Relationship": "Outer",
                  "Parallel Aware": false,
                  "Join Type": "Inner",
                  "Startup Cost": 45676.91,
                  "Total Cost": 156811.71,
                  "Plan Rows": 149517,
                  "Plan Width": 0,
                  "Actual Startup Time": 101.203,
                  "Actual Total Time": 949.826,
                  "Actual Rows": 272017,
                  "Actual Loops": 4,
                  "Inner Unique": false,
                  "Join Filter": "(t.id = ci.movie_id)",
                  "Rows Removed by Join Filter": 0,
                  "Plans": [
                    {
                      "Node Type": "Hash Join",
                      "Parent Relationship": "Outer",
                      "Parallel Aware": true,
                      "Join Type": "Inner",
                      "Startup Cost": 45676.35,
                      "Total Cost": 88554.43,
                      "Plan Rows": 36434,
                      "Plan Width": 8,
                      "Actual Startup Time": 100.626,
                      "Actual Total Time": 271.252,
                      "Actual Rows": 19180,
                      "Actual Loops": 4,
                      "Inner Unique": true,
                      "Hash Cond": "(mk.movie_id = t.id)",
                      "Plans": [
                        {
                          "Node Type": "Seq Scan",
                          "Parent Relationship": "Outer",
                          "Parallel Aware": true,
                          "Relation Name": "movie_keyword",
                          "Alias": "mk",
                          "Startup Cost": 0.0,
                          "Total Cost": 39047.32,
                          "Plan Rows": 1459332,
                          "Plan Width": 4,
                          "Actual Startup Time": 0.023,
                          "Actual Total Time": 81.318,
                          "Actual Rows": 1130982,
                          "Actual Loops": 4
                        },
                        {
                          "Node Type": "Hash",
                          "Parent Relationship": "Inner",
                          "Parallel Aware": true,
                          "Startup Cost": 45479.1,
                          "Total Cost": 45479.1,
                          "Plan Rows": 15780,
                          "Plan Width": 4,
                          "Actual Startup Time": 99.027,
                          "Actual Total Time": 99.028,
                          "Actual Rows": 13476,
                          "Actual Loops": 4,
                          "Hash Buckets": 65536,
                          "Original Hash Buckets": 65536,
                          "Hash Batches": 1,
                          "Original Hash Batches": 1,
                          "Peak Memory Usage": 2656,
                          "Plans": [
                            {
                              "Node Type": "Seq Scan",
                              "Parent Relationship": "Outer",
                              "Parallel Aware": true,
                              "Relation Name": "title",
                              "Alias": "t",
                              "Startup Cost": 0.0,
                              "Total Cost": 45479.1,
                              "Plan Rows": 15780,
                              "Plan Width": 4,
                              "Actual Startup Time": 0.124,
                              "Actual Total Time": 94.332,
                              "Actual Rows": 13476,
                              "Actual Loops": 4,
                              "Filter": "((kind_id < 7) AND (production_year = 2012))",
                              "Rows Removed by Filter": 618602
                            }
                          ]
                        }
                      ]
                    },
                    {
                      "Node Type": "Index Scan",
                      "Parent Relationship": "Inner",
                      "Parallel Aware": false,
                      "Scan Direction": "Forward",
                      "Index Name": "movie_id_cast_info",
                      "Relation Name": "cast_info",
                      "Alias": "ci",
                      "Startup Cost": 0.56,
                      "Total Cost": 1.74,
                      "Plan Rows": 11,
                      "Plan Width": 4,
                      "Actual Startup Time": 0.008,
                      "Actual Total Time": 0.034,
                      "Actual Rows": 14,
                      "Actual Loops": 76720,
                      "Index Cond": "(movie_id = mk.movie_id)",
                      "Rows Removed by Index Recheck": 0,
                      "Filter": "((person_id > 606181) AND (role_id < 2))",
                      "Rows Removed by Filter": 56
                    }
                  ]
                }
              ]
            }
          ]
        }
      ]
    },
    "Planning Time": 1.357,
    "Triggers": [],
    "Execution Time": 1032.749
  }
]