[
    {
        "Bao": {
            "Bao prediction": "NaN",
            "Bao recommended hint": "(no hint)"
        }
    },
    {
        "Plan": {
            "Node Type": "Aggregate",
            "Strategy": "Plain",
            "Partial Mode": "Finalize",
            "Parallel Aware": false,
            "Startup Cost": 33238.76,
            "Total Cost": 33238.77,
            "Plan Rows": 1,
            "Plan Width": 8,
            "Actual Startup Time": 99.807,
            "Actual Total Time": 105.471,
            "Actual Rows": 1,
            "Actual Loops": 1,
            "Output": [
                "count(*)"
            ],
            "Plans": [
                {
                    "Node Type": "Gather",
                    "Parent Relationship": "Outer",
                    "Parallel Aware": false,
                    "Startup Cost": 33238.44,
                    "Total Cost": 33238.75,
                    "Plan Rows": 3,
                    "Plan Width": 8,
                    "Actual Startup Time": 99.719,
                    "Actual Total Time": 105.464,
                    "Actual Rows": 4,
                    "Actual Loops": 1,
                    "Output": [
                        "(PARTIAL count(*))"
                    ],
                    "Workers Planned": 3,
                    "Workers Launched": 3,
                    "Single Copy": false,
                    "Plans": [
                        {
                            "Node Type": "Aggregate",
                            "Strategy": "Plain",
                            "Partial Mode": "Partial",
                            "Parent Relationship": "Outer",
                            "Parallel Aware": false,
                            "Startup Cost": 32238.44,
                            "Total Cost": 32238.45,
                            "Plan Rows": 1,
                            "Plan Width": 8,
                            "Actual Startup Time": 91.832,
                            "Actual Total Time": 91.832,
                            "Actual Rows": 1,
                            "Actual Loops": 4,
                            "Output": [
                                "PARTIAL count(*)"
                            ],
                            "Workers": [
                                {
                                    "Worker Number": 0,
                                    "Actual Startup Time": 89.003,
                                    "Actual Total Time": 89.004,
                                    "Actual Rows": 1,
                                    "Actual Loops": 1
                                },
                                {
                                    "Worker Number": 1,
                                    "Actual Startup Time": 89.242,
                                    "Actual Total Time": 89.242,
                                    "Actual Rows": 1,
                                    "Actual Loops": 1
                                },
                                {
                                    "Worker Number": 2,
                                    "Actual Startup Time": 89.606,
                                    "Actual Total Time": 89.607,
                                    "Actual Rows": 1,
                                    "Actual Loops": 1
                                }
                            ],
                            "Plans": [
                                {
                                    "Node Type": "Seq Scan",
                                    "Parent Relationship": "Outer",
                                    "Parallel Aware": true,
                                    "Relation Name": "movie_companies",
                                    "Schema": "public",
                                    "Alias": "mc",
                                    "Startup Cost": 0.0,
                                    "Total Cost": 31414.82,
                                    "Plan Rows": 329450,
                                    "Plan Width": 0,
                                    "Actual Startup Time": 41.351,
                                    "Actual Total Time": 78.965,
                                    "Actual Rows": 290871,
                                    "Actual Loops": 4,
                                    "Output": [
                                        "id",
                                        "movie_id",
                                        "company_id",
                                        "company_type_id",
                                        "note"
                                    ],
                                    "Filter": "((mc.company_id > 708) AND (mc.company_type_id = 2))",
                                    "Rows Removed by Filter": 361411,
                                    "Workers": [
                                        {
                                            "Worker Number": 0,
                                            "Actual Startup Time": 38.52,
                                            "Actual Total Time": 76.44,
                                            "Actual Rows": 192371,
                                            "Actual Loops": 1
                                        },
                                        {
                                            "Worker Number": 1,
                                            "Actual Startup Time": 38.753,
                                            "Actual Total Time": 76.763,
                                            "Actual Rows": 309962,
                                            "Actual Loops": 1
                                        },
                                        {
                                            "Worker Number": 2,
                                            "Actual Startup Time": 39.127,
                                            "Actual Total Time": 77.181,
                                            "Actual Rows": 308467,
                                            "Actual Loops": 1
                                        }
                                    ]
                                }
                            ]
                        }
                    ]
                }
            ]
        },
        "Planning Time": 177.14,
        "Triggers": [],
        "Execution Time": 105.512
    }
]