{
    "Plan": {
        "Node Type": "Aggregate",
        "Strategy": "Plain",
        "Partial Mode": "Finalize",
        "Parallel Aware": false,
        "Startup Cost": 380009.58,
        "Total Cost": 380009.59,
        "Plan Rows": 1,
        "Plan Width": 8,
        "Actual Startup Time": 623.516,
        "Actual Total Time": 699.934,
        "Actual Rows": 1,
        "Actual Loops": 1,
        "Output": [
            "count(*)"
        ],
        "Plans": [
            {
                "Node Type": "Gather",
                "Parent Relationship": "Outer",
                "Parallel Aware": false,
                "Startup Cost": 380009.16,
                "Total Cost": 380009.57,
                "Plan Rows": 4,
                "Plan Width": 8,
                "Actual Startup Time": 623.186,
                "Actual Total Time": 699.924,
                "Actual Rows": 5,
                "Actual Loops": 1,
                "Output": [
                    "(PARTIAL count(*))"
                ],
                "Workers Planned": 4,
                "Workers Launched": 4,
                "Single Copy": false,
                "Plans": [
                    {
                        "Node Type": "Aggregate",
                        "Strategy": "Plain",
                        "Partial Mode": "Partial",
                        "Parent Relationship": "Outer",
                        "Parallel Aware": false,
                        "Startup Cost": 379009.16,
                        "Total Cost": 379009.17,
                        "Plan Rows": 1,
                        "Plan Width": 8,
                        "Actual Startup Time": 613.27,
                        "Actual Total Time": 613.272,
                        "Actual Rows": 1,
                        "Actual Loops": 5,
                        "Output": [
                            "PARTIAL count(*)"
                        ],
                        "Workers": [
                            {
                                "Worker Number": 0,
                                "Actual Startup Time": 610.95,
                                "Actual Total Time": 610.951,
                                "Actual Rows": 1,
                                "Actual Loops": 1
                            },
                            {
                                "Worker Number": 1,
                                "Actual Startup Time": 610.698,
                                "Actual Total Time": 610.699,
                                "Actual Rows": 1,
                                "Actual Loops": 1
                            },
                            {
                                "Worker Number": 2,
                                "Actual Startup Time": 611.075,
                                "Actual Total Time": 611.077,
                                "Actual Rows": 1,
                                "Actual Loops": 1
                            },
                            {
                                "Worker Number": 3,
                                "Actual Startup Time": 611.213,
                                "Actual Total Time": 611.216,
                                "Actual Rows": 1,
                                "Actual Loops": 1
                            }
                        ],
                        "Plans": [
                            {
                                "Node Type": "Nested Loop",
                                "Parent Relationship": "Outer",
                                "Parallel Aware": false,
                                "Join Type": "Inner",
                                "Startup Cost": 0.56,
                                "Total Cost": 378963.65,
                                "Plan Rows": 18205,
                                "Plan Width": 0,
                                "Actual Startup Time": 1.047,
                                "Actual Total Time": 610.748,
                                "Actual Rows": 28672,
                                "Actual Loops": 5,
                                "Inner Unique": false,
                                "Workers": [
                                    {
                                        "Worker Number": 0,
                                        "Actual Startup Time": 0.312,
                                        "Actual Total Time": 608.431,
                                        "Actual Rows": 28190,
                                        "Actual Loops": 1
                                    },
                                    {
                                        "Worker Number": 1,
                                        "Actual Startup Time": 0.752,
                                        "Actual Total Time": 608.202,
                                        "Actual Rows": 28406,
                                        "Actual Loops": 1
                                    },
                                    {
                                        "Worker Number": 2,
                                        "Actual Startup Time": 1.882,
                                        "Actual Total Time": 608.767,
                                        "Actual Rows": 23863,
                                        "Actual Loops": 1
                                    },
                                    {
                                        "Worker Number": 3,
                                        "Actual Startup Time": 2.176,
                                        "Actual Total Time": 608.573,
                                        "Actual Rows": 17314,
                                        "Actual Loops": 1
                                    }
                                ],
                                "Plans": [
                                    {
                                        "Node Type": "Seq Scan",
                                        "Parent Relationship": "Outer",
                                        "Parallel Aware": true,
                                        "Relation Name": "title",
                                        "Schema": "public",
                                        "Alias": "t",
                                        "Startup Cost": 0.0,
                                        "Total Cost": 45479.21,
                                        "Plan Rows": 17566,
                                        "Plan Width": 4,
                                        "Actual Startup Time": 0.118,
                                        "Actual Total Time": 75.4,
                                        "Actual Rows": 13886,
                                        "Actual Loops": 5,
                                        "Output": [
                                            "t.id",
                                            "t.title",
                                            "t.imdb_index",
                                            "t.kind_id",
                                            "t.production_year",
                                            "t.imdb_id",
                                            "t.phonetic_code",
                                            "t.episode_of_id",
                                            "t.season_nr",
                                            "t.episode_nr",
                                            "t.series_years",
                                            "t.md5sum"
                                        ],
                                        "Filter": "((t.kind_id < 3) AND (t.production_year > 2011))",
                                        "Rows Removed by Filter": 491776,
                                        "Workers": [
                                            {
                                                "Worker Number": 0,
                                                "Actual Startup Time": 0.082,
                                                "Actual Total Time": 68.695,
                                                "Actual Rows": 13509,
                                                "Actual Loops": 1
                                            },
                                            {
                                                "Worker Number": 1,
                                                "Actual Startup Time": 0.08,
                                                "Actual Total Time": 69.224,
                                                "Actual Rows": 13440,
                                                "Actual Loops": 1
                                            },
                                            {
                                                "Worker Number": 2,
                                                "Actual Startup Time": 0.288,
                                                "Actual Total Time": 67.784,
                                                "Actual Rows": 11462,
                                                "Actual Loops": 1
                                            },
                                            {
                                                "Worker Number": 3,
                                                "Actual Startup Time": 0.068,
                                                "Actual Total Time": 68.763,
                                                "Actual Rows": 8452,
                                                "Actual Loops": 1
                                            }
                                        ]
                                    },
                                    {
                                        "Node Type": "Index Scan",
                                        "Parent Relationship": "Inner",
                                        "Parallel Aware": false,
                                        "Scan Direction": "Forward",
                                        "Index Name": "movie_id_cast_info",
                                        "Relation Name": "cast_info",
                                        "Schema": "public",
                                        "Alias": "ci",
                                        "Startup Cost": 0.56,
                                        "Total Cost": 18.95,
                                        "Plan Rows": 3,
                                        "Plan Width": 4,
                                        "Actual Startup Time": 0.014,
                                        "Actual Total Time": 0.038,
                                        "Actual Rows": 2,
                                        "Actual Loops": 69431,
                                        "Output": [
                                            "ci.id",
                                            "ci.person_id",
                                            "ci.movie_id",
                                            "ci.person_role_id",
                                            "ci.note",
                                            "ci.nr_order",
                                            "ci.role_id"
                                        ],
                                        "Index Cond": "(ci.movie_id = t.id)",
                                        "Rows Removed by Index Recheck": 0,
                                        "Filter": "((ci.person_id < 743120) AND (ci.role_id = 1))",
                                        "Rows Removed by Filter": 14,
                                        "Workers": [
                                            {
                                                "Worker Number": 0,
                                                "Actual Startup Time": 0.015,
                                                "Actual Total Time": 0.039,
                                                "Actual Rows": 2,
                                                "Actual Loops": 13509
                                            },
                                            {
                                                "Worker Number": 1,
                                                "Actual Startup Time": 0.015,
                                                "Actual Total Time": 0.039,
                                                "Actual Rows": 2,
                                                "Actual Loops": 13440
                                            },
                                            {
                                                "Worker Number": 2,
                                                "Actual Startup Time": 0.017,
                                                "Actual Total Time": 0.047,
                                                "Actual Rows": 2,
                                                "Actual Loops": 11462
                                            },
                                            {
                                                "Worker Number": 3,
                                                "Actual Startup Time": 0.023,
                                                "Actual Total Time": 0.063,
                                                "Actual Rows": 2,
                                                "Actual Loops": 8452
                                            }
                                        ]
                                    }
                                ]
                            }
                        ]
                    }
                ]
            }
        ]
    },
    "Planning Time": 0.769,
    "Triggers": [],
    "Execution Time": 700.029
}