{
  "Plan": {
    "Node Type": "Aggregate",
    "Strategy": "Plain",
    "Partial Mode": "Finalize",
    "Parallel Aware": false,
    "Startup Cost": 73891.89,
    "Total Cost": 73891.9,
    "Plan Rows": 1,
    "Plan Width": 8,
    "Actual Startup Time": 239.758,
    "Actual Total Time": 253.069,
    "Actual Rows": 1,
    "Actual Loops": 1,
    "Plans": [
      {
        "Node Type": "Gather",
        "Parent Relationship": "Outer",
        "Parallel Aware": false,
        "Startup Cost": 73891.77,
        "Total Cost": 73891.88,
        "Plan Rows": 1,
        "Plan Width": 8,
        "Actual Startup Time": 239.605,
        "Actual Total Time": 253.061,
        "Actual Rows": 2,
        "Actual Loops": 1,
        "Workers Planned": 1,
        "Workers Launched": 1,
        "Single Copy": false,
        "Plans": [
          {
            "Node Type": "Aggregate",
            "Strategy": "Plain",
            "Partial Mode": "Partial",
            "Parent Relationship": "Outer",
            "Parallel Aware": false,
            "Startup Cost": 72891.77,
            "Total Cost": 72891.78,
            "Plan Rows": 1,
            "Plan Width": 8,
            "Actual Startup Time": 234.013,
            "Actual Total Time": 234.016,
            "Actual Rows": 1,
            "Actual Loops": 2,
            "Plans": [
              {
                "Node Type": "Hash Join",
                "Parent Relationship": "Outer",
                "Parallel Aware": true,
                "Join Type": "Inner",
                "Startup Cost": 54696.21,
                "Total Cost": 72880.0,
                "Plan Rows": 4708,
                "Plan Width": 0,
                "Actual Startup Time": 137.335,
                "Actual Total Time": 233.77,
                "Actual Rows": 5262,
                "Actual Loops": 2,
                "Inner Unique": true,
                "Hash Cond": "(mi_idx.movie_id = t.id)",
                "Plans": [
                  {
                    "Node Type": "Seq Scan",
                    "Parent Relationship": "Outer",
                    "Parallel Aware": true,
                    "Relation Name": "movie_info_idx",
                    "Alias": "mi_idx",
                    "Startup Cost": 0.0,
                    "Total Cost": 16052.85,
                    "Plan Rows": 811785,
                    "Plan Width": 4,
                    "Actual Startup Time": 0.019,
                    "Actual Total Time": 47.067,
                    "Actual Rows": 690018,
                    "Actual Loops": 2
                  },
                  {
                    "Node Type": "Hash",
                    "Parent Relationship": "Inner",
                    "Parallel Aware": true,
                    "Startup Cost": 54588.39,
                    "Total Cost": 54588.39,
                    "Plan Rows": 8626,
                    "Plan Width": 4,
                    "Actual Startup Time": 135.374,
                    "Actual Total Time": 135.375,
                    "Actual Rows": 7300,
                    "Actual Loops": 2,
                    "Hash Buckets": 16384,
                    "Original Hash Buckets": 16384,
                    "Hash Batches": 1,
                    "Original Hash Batches": 1,
                    "Peak Memory Usage": 736,
                    "Plans": [
                      {
                        "Node Type": "Seq Scan",
                        "Parent Relationship": "Outer",
                        "Parallel Aware": true,
                        "Relation Name": "title",
                        "Alias": "t",
                        "Startup Cost": 0.0,
                        "Total Cost": 54588.39,
                        "Plan Rows": 8626,
                        "Plan Width": 4,
                        "Actual Startup Time": 0.135,
                        "Actual Total Time": 132.848,
                        "Actual Rows": 7300,
                        "Actual Loops": 2,
                        "Filter": "(production_year = 1967)",
                        "Rows Removed by Filter": 1256856
                      }
                    ]
                  }
                ]
              }
            ]
          }
        ]
      }
    ]
  },
  "Planning Time": 0.429,
  "Triggers": [],
  "Execution Time": 253.14
}