[
    {
        "Bao": {
            "Bao prediction": "NaN",
            "Bao recommended hint": "(no hint)"
        }
    },
    {
        "Plan": {
            "Node Type": "Aggregate",
            "Strategy": "Plain",
            "Partial Mode": "Finalize",
            "Parallel Aware": false,
            "Startup Cost": 83573.97,
            "Total Cost": 83573.98,
            "Plan Rows": 1,
            "Plan Width": 8,
            "Actual Startup Time": 231.847,
            "Actual Total Time": 240.68,
            "Actual Rows": 1,
            "Actual Loops": 1,
            "Output": [
                "count(*)"
            ],
            "Plans": [
                {
                    "Node Type": "Gather",
                    "Parent Relationship": "Outer",
                    "Parallel Aware": false,
                    "Startup Cost": 83573.66,
                    "Total Cost": 83573.97,
                    "Plan Rows": 3,
                    "Plan Width": 8,
                    "Actual Startup Time": 231.204,
                    "Actual Total Time": 240.67,
                    "Actual Rows": 4,
                    "Actual Loops": 1,
                    "Output": [
                        "(PARTIAL count(*))"
                    ],
                    "Workers Planned": 3,
                    "Workers Launched": 3,
                    "Single Copy": false,
                    "Plans": [
                        {
                            "Node Type": "Aggregate",
                            "Strategy": "Plain",
                            "Partial Mode": "Partial",
                            "Parent Relationship": "Outer",
                            "Parallel Aware": false,
                            "Startup Cost": 82573.66,
                            "Total Cost": 82573.67,
                            "Plan Rows": 1,
                            "Plan Width": 8,
                            "Actual Startup Time": 222.423,
                            "Actual Total Time": 222.427,
                            "Actual Rows": 1,
                            "Actual Loops": 4,
                            "Output": [
                                "PARTIAL count(*)"
                            ],
                            "Workers": [
                                {
                                    "Worker Number": 0,
                                    "Actual Startup Time": 219.471,
                                    "Actual Total Time": 219.474,
                                    "Actual Rows": 1,
                                    "Actual Loops": 1
                                },
                                {
                                    "Worker Number": 1,
                                    "Actual Startup Time": 219.785,
                                    "Actual Total Time": 219.788,
                                    "Actual Rows": 1,
                                    "Actual Loops": 1
                                },
                                {
                                    "Worker Number": 2,
                                    "Actual Startup Time": 219.758,
                                    "Actual Total Time": 219.761,
                                    "Actual Rows": 1,
                                    "Actual Loops": 1
                                }
                            ],
                            "Plans": [
                                {
                                    "Node Type": "Hash Join",
                                    "Parent Relationship": "Outer",
                                    "Parallel Aware": true,
                                    "Join Type": "Inner",
                                    "Startup Cost": 38839.0,
                                    "Total Cost": 82540.94,
                                    "Plan Rows": 13087,
                                    "Plan Width": 0,
                                    "Actual Startup Time": 95.914,
                                    "Actual Total Time": 220.062,
                                    "Actual Rows": 37034,
                                    "Actual Loops": 4,
                                    "Inner Unique": true,
                                    "Hash Cond": "(mk.movie_id = t.id)",
                                    "Workers": [
                                        {
                                            "Worker Number": 0,
                                            "Actual Startup Time": 92.993,
                                            "Actual Total Time": 217.026,
                                            "Actual Rows": 31522,
                                            "Actual Loops": 1
                                        },
                                        {
                                            "Worker Number": 1,
                                            "Actual Startup Time": 93.204,
                                            "Actual Total Time": 217.267,
                                            "Actual Rows": 31855,
                                            "Actual Loops": 1
                                        },
                                        {
                                            "Worker Number": 2,
                                            "Actual Startup Time": 93.259,
                                            "Actual Total Time": 217.451,
                                            "Actual Rows": 49670,
                                            "Actual Loops": 1
                                        }
                                    ],
                                    "Plans": [
                                        {
                                            "Node Type": "Seq Scan",
                                            "Parent Relationship": "Outer",
                                            "Parallel Aware": true,
                                            "Relation Name": "movie_keyword",
                                            "Schema": "public",
                                            "Alias": "mk",
                                            "Startup Cost": 0.0,
                                            "Total Cost": 42695.65,
                                            "Plan Rows": 383347,
                                            "Plan Width": 4,
                                            "Actual Startup Time": 1.251,
                                            "Actual Total Time": 112.04,
                                            "Actual Rows": 289476,
                                            "Actual Loops": 4,
                                            "Output": [
                                                "mk.id",
                                                "mk.movie_id",
                                                "mk.keyword_id"
                                            ],
                                            "Filter": "(mk.keyword_id > 16131)",
                                            "Rows Removed by Filter": 841507,
                                            "Workers": [
                                                {
                                                    "Worker Number": 0,
                                                    "Actual Startup Time": 1.254,
                                                    "Actual Total Time": 113.425,
                                                    "Actual Rows": 248190,
                                                    "Actual Loops": 1
                                                },
                                                {
                                                    "Worker Number": 1,
                                                    "Actual Startup Time": 1.249,
                                                    "Actual Total Time": 113.7,
                                                    "Actual Rows": 246203,
                                                    "Actual Loops": 1
                                                },
                                                {
                                                    "Worker Number": 2,
                                                    "Actual Startup Time": 1.257,
                                                    "Actual Total Time": 112.111,
                                                    "Actual Rows": 387593,
                                                    "Actual Loops": 1
                                                }
                                            ]
                                        },
                                        {
                                            "Node Type": "Hash",
                                            "Parent Relationship": "Inner",
                                            "Parallel Aware": true,
                                            "Startup Cost": 38569.27,
                                            "Total Cost": 38569.27,
                                            "Plan Rows": 21578,
                                            "Plan Width": 4,
                                            "Actual Startup Time": 67.202,
                                            "Actual Total Time": 67.204,
                                            "Actual Rows": 29126,
                                            "Actual Loops": 4,
                                            "Output": [
                                                "t.id"
                                            ],
                                            "Hash Buckets": 131072,
                                            "Original Hash Buckets": 131072,
                                            "Hash Batches": 1,
                                            "Original Hash Batches": 1,
                                            "Peak Memory Usage": 5632,
                                            "Workers": [
                                                {
                                                    "Worker Number": 0,
                                                    "Actual Startup Time": 64.919,
                                                    "Actual Total Time": 64.92,
                                                    "Actual Rows": 21182,
                                                    "Actual Loops": 1
                                                },
                                                {
                                                    "Worker Number": 1,
                                                    "Actual Startup Time": 65.141,
                                                    "Actual Total Time": 65.142,
                                                    "Actual Rows": 19968,
                                                    "Actual Loops": 1
                                                },
                                                {
                                                    "Worker Number": 2,
                                                    "Actual Startup Time": 65.213,
                                                    "Actual Total Time": 65.214,
                                                    "Actual Rows": 23106,
                                                    "Actual Loops": 1
                                                }
                                            ],
                                            "Plans": [
                                                {
                                                    "Node Type": "Bitmap Heap Scan",
                                                    "Parent Relationship": "Outer",
                                                    "Parallel Aware": true,
                                                    "Relation Name": "title",
                                                    "Schema": "public",
                                                    "Alias": "t",
                                                    "Startup Cost": 2128.19,
                                                    "Total Cost": 38569.27,
                                                    "Plan Rows": 21578,
                                                    "Plan Width": 4,
                                                    "Actual Startup Time": 17.454,
                                                    "Actual Total Time": 54.712,
                                                    "Actual Rows": 29126,
                                                    "Actual Loops": 4,
                                                    "Output": [
                                                        "t.id"
                                                    ],
                                                    "Recheck Cond": "(t.kind_id = 4)",
                                                    "Rows Removed by Index Recheck": 0,
                                                    "Filter": "(t.production_year > 1985)",
                                                    "Rows Removed by Filter": 432,
                                                    "Exact Heap Blocks": 5780,
                                                    "Lossy Heap Blocks": 0,
                                                    "Workers": [
                                                        {
                                                            "Worker Number": 0,
                                                            "Actual Startup Time": 15.344,
                                                            "Actual Total Time": 54.431,
                                                            "Actual Rows": 21182,
                                                            "Actual Loops": 1
                                                        },
                                                        {
                                                            "Worker Number": 1,
                                                            "Actual Startup Time": 15.48,
                                                            "Actual Total Time": 53.871,
                                                            "Actual Rows": 19968,
                                                            "Actual Loops": 1
                                                        },
                                                        {
                                                            "Worker Number": 2,
                                                            "Actual Startup Time": 15.453,
                                                            "Actual Total Time": 54.277,
                                                            "Actual Rows": 23106,
                                                            "Actual Loops": 1
                                                        }
                                                    ],
                                                    "Plans": [
                                                        {
                                                            "Node Type": "Bitmap Index Scan",
                                                            "Parent Relationship": "Outer",
                                                            "Parallel Aware": false,
                                                            "Index Name": "kind_id_title",
                                                            "Startup Cost": 0.0,
                                                            "Total Cost": 2106.61,
                                                            "Plan Rows": 118157,
                                                            "Plan Width": 0,
                                                            "Actual Startup Time": 20.724,
                                                            "Actual Total Time": 20.724,
                                                            "Actual Rows": 118234,
                                                            "Actual Loops": 1,
                                                            "Index Cond": "(t.kind_id = 4)"
                                                        }
                                                    ]
                                                }
                                            ]
                                        }
                                    ]
                                }
                            ]
                        }
                    ]
                }
            ]
        },
        "Planning Time": 286.505,
        "Triggers": [],
        "Execution Time": 240.783
    }
]