[
  {
    "Plan": {
      "Node Type": "Aggregate",
      "Strategy": "Plain",
      "Partial Mode": "Finalize",
      "Parallel Aware": false,
      "Startup Cost": 45282.82,
      "Total Cost": 45282.83,
      "Plan Rows": 1,
      "Plan Width": 8,
      "Actual Startup Time": 140.861,
      "Actual Total Time": 150.598,
      "Actual Rows": 1,
      "Actual Loops": 1,
      "Plans": [
        {
          "Node Type": "Gather",
          "Parent Relationship": "Outer",
          "Parallel Aware": false,
          "Startup Cost": 45282.51,
          "Total Cost": 45282.82,
          "Plan Rows": 3,
          "Plan Width": 8,
          "Actual Startup Time": 140.73,
          "Actual Total Time": 150.589,
          "Actual Rows": 4,
          "Actual Loops": 1,
          "Workers Planned": 3,
          "Workers Launched": 3,
          "Single Copy": false,
          "Plans": [
            {
              "Node Type": "Aggregate",
              "Strategy": "Plain",
              "Partial Mode": "Partial",
              "Parent Relationship": "Outer",
              "Parallel Aware": false,
              "Startup Cost": 44282.51,
              "Total Cost": 44282.52,
              "Plan Rows": 1,
              "Plan Width": 8,
              "Actual Startup Time": 134.873,
              "Actual Total Time": 134.874,
              "Actual Rows": 1,
              "Actual Loops": 4,
              "Plans": [
                {
                  "Node Type": "Seq Scan",
                  "Parent Relationship": "Outer",
                  "Parallel Aware": true,
                  "Relation Name": "movie_keyword",
                  "Alias": "mk",
                  "Startup Cost": 0.0,
                  "Total Cost": 42695.65,
                  "Plan Rows": 634741,
                  "Plan Width": 0,
                  "Actual Startup Time": 0.057,
                  "Actual Total Time": 112.169,
                  "Actual Rows": 494593,
                  "Actual Loops": 4,
                  "Filter": "(keyword_id < 3483)",
                  "Rows Removed by Filter": 636389
                }
              ]
            }
          ]
        }
      ]
    },
    "Planning Time": 0.15,
    "Triggers": [],
    "Execution Time": 150.646
  }
]