[
  {
    "Plan": {
      "Node Type": "Aggregate",
      "Strategy": "Plain",
      "Partial Mode": "Finalize",
      "Parallel Aware": false,
      "Startup Cost": 32604.35,
      "Total Cost": 32604.36,
      "Plan Rows": 1,
      "Plan Width": 8,
      "Actual Startup Time": 70.17,
      "Actual Total Time": 77.991,
      "Actual Rows": 1,
      "Actual Loops": 1,
      "Plans": [
        {
          "Node Type": "Gather",
          "Parent Relationship": "Outer",
          "Parallel Aware": false,
          "Startup Cost": 32604.03,
          "Total Cost": 32604.34,
          "Plan Rows": 3,
          "Plan Width": 8,
          "Actual Startup Time": 69.936,
          "Actual Total Time": 77.985,
          "Actual Rows": 4,
          "Actual Loops": 1,
          "Workers Planned": 3,
          "Workers Launched": 3,
          "Single Copy": false,
          "Plans": [
            {
              "Node Type": "Aggregate",
              "Strategy": "Plain",
              "Partial Mode": "Partial",
              "Parent Relationship": "Outer",
              "Parallel Aware": false,
              "Startup Cost": 31604.03,
              "Total Cost": 31604.04,
              "Plan Rows": 1,
              "Plan Width": 8,
              "Actual Startup Time": 66.592,
              "Actual Total Time": 66.594,
              "Actual Rows": 1,
              "Actual Loops": 4,
              "Plans": [
                {
                  "Node Type": "Bitmap Heap Scan",
                  "Parent Relationship": "Outer",
                  "Parallel Aware": true,
                  "Relation Name": "movie_keyword",
                  "Alias": "mk",
                  "Startup Cost": 5822.58,
                  "Total Cost": 31382.79,
                  "Plan Rows": 88497,
                  "Plan Width": 0,
                  "Actual Startup Time": 16.339,
                  "Actual Total Time": 62.925,
                  "Actual Rows": 70137,
                  "Actual Loops": 4,
                  "Recheck Cond": "(keyword_id > 56850)",
                  "Rows Removed by Index Recheck": 0,
                  "Exact Heap Blocks": 9878,
                  "Lossy Heap Blocks": 0,
                  "Plans": [
                    {
                      "Node Type": "Bitmap Index Scan",
                      "Parent Relationship": "Outer",
                      "Parallel Aware": false,
                      "Index Name": "keyword_id_movie_keyword",
                      "Startup Cost": 0.0,
                      "Total Cost": 5753.99,
                      "Plan Rows": 274341,
                      "Plan Width": 0,
                      "Actual Startup Time": 15.978,
                      "Actual Total Time": 15.978,
                      "Actual Rows": 280548,
                      "Actual Loops": 1,
                      "Index Cond": "(keyword_id > 56850)"
                    }
                  ]
                }
              ]
            }
          ]
        }
      ]
    },
    "Planning Time": 0.078,
    "Triggers": [],
    "Execution Time": 78.024
  }
]