{
  "Plan": {
    "Node Type": "Aggregate",
    "Strategy": "Plain",
    "Partial Mode": "Simple",
    "Parallel Aware": false,
    "Startup Cost": 17189.11,
    "Total Cost": 17189.12,
    "Plan Rows": 1,
    "Plan Width": 32,
    "Actual Startup Time": 351.979,
    "Actual Total Time": 351.982,
    "Actual Rows": 1,
    "Actual Loops": 1,
    "Plans": [
      {
        "Node Type": "Nested Loop",
        "Parent Relationship": "Outer",
        "Parallel Aware": false,
        "Join Type": "Inner",
        "Startup Cost": 11.65,
        "Total Cost": 17189.11,
        "Plan Rows": 2,
        "Plan Width": 17,
        "Actual Startup Time": 171.506,
        "Actual Total Time": 351.966,
        "Actual Rows": 4,
        "Actual Loops": 1,
        "Inner Unique": true,
        "Join Filter": "(mi.movie_id = t.id)",
        "Rows Removed by Join Filter": 0,
        "Plans": [
          {
            "Node Type": "Nested Loop",
            "Parent Relationship": "Outer",
            "Parallel Aware": false,
            "Join Type": "Inner",
            "Startup Cost": 11.22,
            "Total Cost": 17098.69,
            "Plan Rows": 180,
            "Plan Width": 8,
            "Actual Startup Time": 3.713,
            "Actual Total Time": 345.572,
            "Actual Rows": 1766,
            "Actual Loops": 1,
            "Inner Unique": false,
            "Plans": [
              {
                "Node Type": "Nested Loop",
                "Parent Relationship": "Outer",
                "Parallel Aware": false,
                "Join Type": "Inner",
                "Startup Cost": 10.79,
                "Total Cost": 16338.26,
                "Plan Rows": 438,
                "Plan Width": 4,
                "Actual Startup Time": 3.537,
                "Actual Total Time": 39.995,
                "Actual Rows": 12951,
                "Actual Loops": 1,
                "Inner Unique": false,
                "Plans": [
                  {
                    "Node Type": "Seq Scan",
                    "Parent Relationship": "Outer",
                    "Parallel Aware": false,
                    "Relation Name": "keyword",
                    "Alias": "k",
                    "Startup Cost": 0.0,
                    "Total Cost": 2626.12,
                    "Plan Rows": 13,
                    "Plan Width": 4,
                    "Actual Startup Time": 1.169,
                    "Actual Total Time": 21.625,
                    "Actual Rows": 30,
                    "Actual Loops": 1,
                    "Filter": "(keyword ~~ '%sequel%'::text)",
                    "Rows Removed by Filter": 134140
                  },
                  {
                    "Node Type": "Bitmap Heap Scan",
                    "Parent Relationship": "Inner",
                    "Parallel Aware": false,
                    "Relation Name": "movie_keyword",
                    "Alias": "mk",
                    "Startup Cost": 10.79,
                    "Total Cost": 1051.74,
                    "Plan Rows": 304,
                    "Plan Width": 8,
                    "Actual Startup Time": 0.101,
                    "Actual Total Time": 0.547,
                    "Actual Rows": 432,
                    "Actual Loops": 30,
                    "Recheck Cond": "(keyword_id = k.id)",
                    "Rows Removed by Index Recheck": 0,
                    "Exact Heap Blocks": 6979,
                    "Lossy Heap Blocks": 0,
                    "Plans": [
                      {
                        "Node Type": "Bitmap Index Scan",
                        "Parent Relationship": "Outer",
                        "Parallel Aware": false,
                        "Index Name": "keyword_id_movie_keyword",
                        "Startup Cost": 0.0,
                        "Total Cost": 10.71,
                        "Plan Rows": 304,
                        "Plan Width": 0,
                        "Actual Startup Time": 0.061,
                        "Actual Total Time": 0.061,
                        "Actual Rows": 432,
                        "Actual Loops": 30,
                        "Index Cond": "(keyword_id = k.id)"
                      }
                    ]
                  }
                ]
              },
              {
                "Node Type": "Index Scan",
                "Parent Relationship": "Inner",
                "Parallel Aware": false,
                "Scan Direction": "Forward",
                "Index Name": "movie_id_movie_info",
                "Relation Name": "movie_info",
                "Alias": "mi",
                "Startup Cost": 0.43,
                "Total Cost": 1.73,
                "Plan Rows": 1,
                "Plan Width": 4,
                "Actual Startup Time": 0.022,
                "Actual Total Time": 0.023,
                "Actual Rows": 0,
                "Actual Loops": 12951,
                "Index Cond": "(movie_id = mk.movie_id)",
                "Rows Removed by Index Recheck": 0,
                "Filter": "(info = ANY ('{Sweden,Norway,Germany,Denmark,Swedish,Denish,Norwegian,German}'::text[]))",
                "Rows Removed by Filter": 35
              }
            ]
          },
          {
            "Node Type": "Index Scan",
            "Parent Relationship": "Inner",
            "Parallel Aware": false,
            "Scan Direction": "Forward",
            "Index Name": "title_pkey",
            "Relation Name": "title",
            "Alias": "t",
            "Startup Cost": 0.43,
            "Total Cost": 0.49,
            "Plan Rows": 1,
            "Plan Width": 21,
            "Actual Startup Time": 0.003,
            "Actual Total Time": 0.003,
            "Actual Rows": 0,
            "Actual Loops": 1766,
            "Index Cond": "(id = mk.movie_id)",
            "Rows Removed by Index Recheck": 0,
            "Filter": "(production_year < 1910)",
            "Rows Removed by Filter": 1
          }
        ]
      }
    ]
  },
  "Planning Time": 0.535,
  "Triggers": [],
  "Execution Time": 352.036
}