{
  "Plan": {
    "Node Type": "Aggregate",
    "Strategy": "Plain",
    "Partial Mode": "Finalize",
    "Parallel Aware": false,
    "Startup Cost": 711744.12,
    "Total Cost": 711744.13,
    "Plan Rows": 1,
    "Plan Width": 8,
    "Actual Startup Time": 7005.664,
    "Actual Total Time": 7078.105,
    "Actual Rows": 1,
    "Actual Loops": 1,
    "Plans": [
      {
        "Node Type": "Gather",
        "Parent Relationship": "Outer",
        "Parallel Aware": false,
        "Startup Cost": 711744.0,
        "Total Cost": 711744.11,
        "Plan Rows": 1,
        "Plan Width": 8,
        "Actual Startup Time": 6998.62,
        "Actual Total Time": 7078.094,
        "Actual Rows": 2,
        "Actual Loops": 1,
        "Workers Planned": 1,
        "Workers Launched": 1,
        "Single Copy": false,
        "Plans": [
          {
            "Node Type": "Aggregate",
            "Strategy": "Plain",
            "Partial Mode": "Partial",
            "Parent Relationship": "Outer",
            "Parallel Aware": false,
            "Startup Cost": 710744.0,
            "Total Cost": 710744.01,
            "Plan Rows": 1,
            "Plan Width": 8,
            "Actual Startup Time": 6992.545,
            "Actual Total Time": 6992.845,
            "Actual Rows": 1,
            "Actual Loops": 2,
            "Plans": [
              {
                "Node Type": "Hash Join",
                "Parent Relationship": "Outer",
                "Parallel Aware": true,
                "Join Type": "Inner",
                "Startup Cost": 118558.86,
                "Total Cost": 696882.3,
                "Plan Rows": 5544681,
                "Plan Width": 0,
                "Actual Startup Time": 849.298,
                "Actual Total Time": 6438.985,
                "Actual Rows": 13057261,
                "Actual Loops": 2,
                "Inner Unique": false,
                "Hash Cond": "(ci.movie_id = t.id)",
                "Plans": [
                  {
                    "Node Type": "Seq Scan",
                    "Parent Relationship": "Outer",
                    "Parallel Aware": true,
                    "Relation Name": "cast_info",
                    "Alias": "ci",
                    "Startup Cost": 0.0,
                    "Total Cost": 465792.95,
                    "Plan Rows": 21310595,
                    "Plan Width": 4,
                    "Actual Startup Time": 0.015,
                    "Actual Total Time": 1375.233,
                    "Actual Rows": 18122172,
                    "Actual Loops": 2
                  },
                  {
                    "Node Type": "Hash",
                    "Parent Relationship": "Inner",
                    "Parallel Aware": true,
                    "Startup Cost": 113721.93,
                    "Total Cost": 113721.93,
                    "Plan Rows": 386954,
                    "Plan Width": 8,
                    "Actual Startup Time": 840.432,
                    "Actual Total Time": 840.73,
                    "Actual Rows": 334832,
                    "Actual Loops": 2,
                    "Hash Buckets": 1048576,
                    "Original Hash Buckets": 1048576,
                    "Hash Batches": 1,
                    "Original Hash Batches": 1,
                    "Peak Memory Usage": 34432,
                    "Plans": [
                      {
                        "Node Type": "Hash Join",
                        "Parent Relationship": "Outer",
                        "Parallel Aware": true,
                        "Join Type": "Inner",
                        "Startup Cost": 83415.25,
                        "Total Cost": 113721.93,
                        "Plan Rows": 386954,
                        "Plan Width": 8,
                        "Actual Startup Time": 574.805,
                        "Actual Total Time": 759.355,
                        "Actual Rows": 334832,
                        "Actual Loops": 2,
                        "Inner Unique": true,
                        "Hash Cond": "(mk.movie_id = t.id)",
                        "Plans": [
                          {
                            "Node Type": "Bitmap Heap Scan",
                            "Parent Relationship": "Outer",
                            "Parallel Aware": true,
                            "Relation Name": "movie_keyword",
                            "Alias": "mk",
                            "Startup Cost": 13954.55,
                            "Total Cost": 43245.48,
                            "Plan Rows": 386954,
                            "Plan Width": 4,
                            "Actual Startup Time": 41.102,
                            "Actual Total Time": 118.291,
                            "Actual Rows": 334832,
                            "Actual Loops": 2,
                            "Recheck Cond": "(keyword_id < 527)",
                            "Rows Removed by Index Recheck": 0,
                            "Exact Heap Blocks": 13063,
                            "Lossy Heap Blocks": 0,
                            "Plans": [
                              {
                                "Node Type": "Bitmap Index Scan",
                                "Parent Relationship": "Outer",
                                "Parallel Aware": false,
                                "Index Name": "keyword_id_movie_keyword",
                                "Startup Cost": 0.0,
                                "Total Cost": 13790.1,
                                "Plan Rows": 657822,
                                "Plan Width": 0,
                                "Actual Startup Time": 37.481,
                                "Actual Total Time": 37.481,
                                "Actual Rows": 669665,
                                "Actual Loops": 1,
                                "Index Cond": "(keyword_id < 527)"
                              }
                            ]
                          },
                          {
                            "Node Type": "Hash",
                            "Parent Relationship": "Inner",
                            "Parallel Aware": true,
                            "Startup Cost": 50870.31,
                            "Total Cost": 50870.31,
                            "Plan Rows": 1487231,
                            "Plan Width": 4,
                            "Actual Startup Time": 518.224,
                            "Actual Total Time": 518.225,
                            "Actual Rows": 1264156,
                            "Actual Loops": 2,
                            "Hash Buckets": 4194304,
                            "Original Hash Buckets": 4194304,
                            "Hash Batches": 1,
                            "Original Hash Batches": 1,
                            "Peak Memory Usage": 131712,
                            "Plans": [
                              {
                                "Node Type": "Seq Scan",
                                "Parent Relationship": "Outer",
                                "Parallel Aware": true,
                                "Relation Name": "title",
                                "Alias": "t",
                                "Startup Cost": 0.0,
                                "Total Cost": 50870.31,
                                "Plan Rows": 1487231,
                                "Plan Width": 4,
                                "Actual Startup Time": 0.033,
                                "Actual Total Time": 154.002,
                                "Actual Rows": 1264156,
                                "Actual Loops": 2
                              }
                            ]
                          }
                        ]
                      }
                    ]
                  }
                ]
              }
            ]
          }
        ]
      }
    ]
  },
  "Planning Time": 0.89,
  "Triggers": [],
  "Execution Time": 7078.218
}