{
  "Plan": {
    "Node Type": "Aggregate",
    "Strategy": "Plain",
    "Partial Mode": "Finalize",
    "Parallel Aware": false,
    "Startup Cost": 78760.34,
    "Total Cost": 78760.35,
    "Plan Rows": 1,
    "Plan Width": 8,
    "Actual Startup Time": 308.164,
    "Actual Total Time": 321.332,
    "Actual Rows": 1,
    "Actual Loops": 1,
    "Plans": [
      {
        "Node Type": "Gather",
        "Parent Relationship": "Outer",
        "Parallel Aware": false,
        "Startup Cost": 78760.23,
        "Total Cost": 78760.34,
        "Plan Rows": 1,
        "Plan Width": 8,
        "Actual Startup Time": 307.221,
        "Actual Total Time": 321.325,
        "Actual Rows": 2,
        "Actual Loops": 1,
        "Workers Planned": 1,
        "Workers Launched": 1,
        "Single Copy": false,
        "Plans": [
          {
            "Node Type": "Aggregate",
            "Strategy": "Plain",
            "Partial Mode": "Partial",
            "Parent Relationship": "Outer",
            "Parallel Aware": false,
            "Startup Cost": 77760.23,
            "Total Cost": 77760.24,
            "Plan Rows": 1,
            "Plan Width": 8,
            "Actual Startup Time": 301.376,
            "Actual Total Time": 301.379,
            "Actual Rows": 1,
            "Actual Loops": 2,
            "Plans": [
              {
                "Node Type": "Hash Join",
                "Parent Relationship": "Outer",
                "Parallel Aware": true,
                "Join Type": "Inner",
                "Startup Cost": 59451.44,
                "Total Cost": 77635.23,
                "Plan Rows": 49998,
                "Plan Width": 0,
                "Actual Startup Time": 182.208,
                "Actual Total Time": 297.506,
                "Actual Rows": 97869,
                "Actual Loops": 2,
                "Inner Unique": true,
                "Hash Cond": "(mi_idx.movie_id = t.id)",
                "Plans": [
                  {
                    "Node Type": "Seq Scan",
                    "Parent Relationship": "Outer",
                    "Parallel Aware": true,
                    "Relation Name": "movie_info_idx",
                    "Alias": "mi_idx",
                    "Startup Cost": 0.0,
                    "Total Cost": 16052.85,
                    "Plan Rows": 811785,
                    "Plan Width": 4,
                    "Actual Startup Time": 0.018,
                    "Actual Total Time": 46.916,
                    "Actual Rows": 690018,
                    "Actual Loops": 2
                  },
                  {
                    "Node Type": "Hash",
                    "Parent Relationship": "Inner",
                    "Parallel Aware": true,
                    "Startup Cost": 58306.47,
                    "Total Cost": 58306.47,
                    "Plan Rows": 91598,
                    "Plan Width": 4,
                    "Actual Startup Time": 178.308,
                    "Actual Total Time": 178.309,
                    "Actual Rows": 132018,
                    "Actual Loops": 2,
                    "Hash Buckets": 524288,
                    "Original Hash Buckets": 262144,
                    "Hash Batches": 1,
                    "Original Hash Batches": 1,
                    "Peak Memory Usage": 16512,
                    "Plans": [
                      {
                        "Node Type": "Seq Scan",
                        "Parent Relationship": "Outer",
                        "Parallel Aware": true,
                        "Relation Name": "title",
                        "Alias": "t",
                        "Startup Cost": 0.0,
                        "Total Cost": 58306.47,
                        "Plan Rows": 91598,
                        "Plan Width": 4,
                        "Actual Startup Time": 0.102,
                        "Actual Total Time": 144.559,
                        "Actual Rows": 132018,
                        "Actual Loops": 2,
                        "Filter": "((kind_id < 7) AND (production_year < 1973))",
                        "Rows Removed by Filter": 1132138
                      }
                    ]
                  }
                ]
              }
            ]
          }
        ]
      }
    ]
  },
  "Planning Time": 0.44,
  "Triggers": [],
  "Execution Time": 321.401
}