{
    "Plan": {
        "Node Type": "Aggregate",
        "Strategy": "Plain",
        "Partial Mode": "Finalize",
        "Parallel Aware": false,
        "Startup Cost": 62212.31,
        "Total Cost": 62212.32,
        "Plan Rows": 1,
        "Plan Width": 8,
        "Actual Startup Time": 226.462,
        "Actual Total Time": 240.107,
        "Actual Rows": 1,
        "Actual Loops": 1,
        "Output": [
            "count(*)"
        ],
        "Plans": [
            {
                "Node Type": "Gather",
                "Parent Relationship": "Outer",
                "Parallel Aware": false,
                "Startup Cost": 62212.09,
                "Total Cost": 62212.3,
                "Plan Rows": 2,
                "Plan Width": 8,
                "Actual Startup Time": 226.114,
                "Actual Total Time": 240.098,
                "Actual Rows": 3,
                "Actual Loops": 1,
                "Output": [
                    "(PARTIAL count(*))"
                ],
                "Workers Planned": 2,
                "Workers Launched": 2,
                "Single Copy": false,
                "Plans": [
                    {
                        "Node Type": "Aggregate",
                        "Strategy": "Plain",
                        "Partial Mode": "Partial",
                        "Parent Relationship": "Outer",
                        "Parallel Aware": false,
                        "Startup Cost": 61212.09,
                        "Total Cost": 61212.1,
                        "Plan Rows": 1,
                        "Plan Width": 8,
                        "Actual Startup Time": 218.473,
                        "Actual Total Time": 218.477,
                        "Actual Rows": 1,
                        "Actual Loops": 3,
                        "Output": [
                            "PARTIAL count(*)"
                        ],
                        "Workers": [
                            {
                                "Worker Number": 0,
                                "Actual Startup Time": 214.971,
                                "Actual Total Time": 214.974,
                                "Actual Rows": 1,
                                "Actual Loops": 1
                            },
                            {
                                "Worker Number": 1,
                                "Actual Startup Time": 214.951,
                                "Actual Total Time": 214.955,
                                "Actual Rows": 1,
                                "Actual Loops": 1
                            }
                        ],
                        "Plans": [
                            {
                                "Node Type": "Hash Join",
                                "Parent Relationship": "Outer",
                                "Parallel Aware": true,
                                "Join Type": "Inner",
                                "Startup Cost": 45577.56,
                                "Total Cost": 61206.1,
                                "Plan Rows": 2399,
                                "Plan Width": 0,
                                "Actual Startup Time": 148.42,
                                "Actual Total Time": 218.376,
                                "Actual Rows": 1209,
                                "Actual Loops": 3,
                                "Inner Unique": true,
                                "Hash Cond": "(mi_idx.movie_id = t.id)",
                                "Workers": [
                                    {
                                        "Worker Number": 0,
                                        "Actual Startup Time": 144.74,
                                        "Actual Total Time": 214.867,
                                        "Actual Rows": 988,
                                        "Actual Loops": 1
                                    },
                                    {
                                        "Worker Number": 1,
                                        "Actual Startup Time": 144.983,
                                        "Actual Total Time": 214.859,
                                        "Actual Rows": 1436,
                                        "Actual Loops": 1
                                    }
                                ],
                                "Plans": [
                                    {
                                        "Node Type": "Seq Scan",
                                        "Parent Relationship": "Outer",
                                        "Parallel Aware": true,
                                        "Relation Name": "movie_info_idx",
                                        "Schema": "public",
                                        "Alias": "mi_idx",
                                        "Startup Cost": 0.0,
                                        "Total Cost": 15122.68,
                                        "Plan Rows": 192707,
                                        "Plan Width": 4,
                                        "Actual Startup Time": 0.012,
                                        "Actual Total Time": 48.527,
                                        "Actual Rows": 153308,
                                        "Actual Loops": 3,
                                        "Output": [
                                            "mi_idx.id",
                                            "mi_idx.movie_id",
                                            "mi_idx.info_type_id",
                                            "mi_idx.info",
                                            "mi_idx.note"
                                        ],
                                        "Filter": "(mi_idx.info_type_id = 100)",
                                        "Rows Removed by Filter": 306703,
                                        "Workers": [
                                            {
                                                "Worker Number": 0,
                                                "Actual Startup Time": 0.013,
                                                "Actual Total Time": 48.51,
                                                "Actual Rows": 128244,
                                                "Actual Loops": 1
                                            },
                                            {
                                                "Worker Number": 1,
                                                "Actual Startup Time": 0.011,
                                                "Actual Total Time": 48.316,
                                                "Actual Rows": 179677,
                                                "Actual Loops": 1
                                            }
                                        ]
                                    },
                                    {
                                        "Node Type": "Hash",
                                        "Parent Relationship": "Inner",
                                        "Parallel Aware": true,
                                        "Startup Cost": 45479.21,
                                        "Total Cost": 45479.21,
                                        "Plan Rows": 7868,
                                        "Plan Width": 4,
                                        "Actual Startup Time": 146.951,
                                        "Actual Total Time": 146.952,
                                        "Actual Rows": 11885,
                                        "Actual Loops": 3,
                                        "Output": [
                                            "t.id"
                                        ],
                                        "Hash Buckets": 65536,
                                        "Original Hash Buckets": 32768,
                                        "Hash Batches": 1,
                                        "Original Hash Batches": 1,
                                        "Peak Memory Usage": 2240,
                                        "Workers": [
                                            {
                                                "Worker Number": 0,
                                                "Actual Startup Time": 143.848,
                                                "Actual Total Time": 143.849,
                                                "Actual Rows": 9133,
                                                "Actual Loops": 1
                                            },
                                            {
                                                "Worker Number": 1,
                                                "Actual Startup Time": 143.872,
                                                "Actual Total Time": 143.873,
                                                "Actual Rows": 11600,
                                                "Actual Loops": 1
                                            }
                                        ],
                                        "Plans": [
                                            {
                                                "Node Type": "Seq Scan",
                                                "Parent Relationship": "Outer",
                                                "Parallel Aware": true,
                                                "Relation Name": "title",
                                                "Schema": "public",
                                                "Alias": "t",
                                                "Startup Cost": 0.0,
                                                "Total Cost": 45479.21,
                                                "Plan Rows": 7868,
                                                "Plan Width": 4,
                                                "Actual Startup Time": 0.068,
                                                "Actual Total Time": 136.048,
                                                "Actual Rows": 11885,
                                                "Actual Loops": 3,
                                                "Output": [
                                                    "t.id"
                                                ],
                                                "Filter": "((t.kind_id = 7) AND (t.production_year = 2000))",
                                                "Rows Removed by Filter": 830885,
                                                "Workers": [
                                                    {
                                                        "Worker Number": 0,
                                                        "Actual Startup Time": 0.079,
                                                        "Actual Total Time": 136.274,
                                                        "Actual Rows": 9133,
                                                        "Actual Loops": 1
                                                    },
                                                    {
                                                        "Worker Number": 1,
                                                        "Actual Startup Time": 0.073,
                                                        "Actual Total Time": 130.18,
                                                        "Actual Rows": 11600,
                                                        "Actual Loops": 1
                                                    }
                                                ]
                                            }
                                        ]
                                    }
                                ]
                            }
                        ]
                    }
                ]
            }
        ]
    },
    "Planning Time": 0.767,
    "Triggers": [],
    "Execution Time": 240.181
}