[
  {
    "Plan": {
      "Node Type": "Aggregate",
      "Strategy": "Plain",
      "Partial Mode": "Finalize",
      "Parallel Aware": false,
      "Startup Cost": 53548.16,
      "Total Cost": 53548.17,
      "Plan Rows": 1,
      "Plan Width": 8,
      "Actual Startup Time": 101.923,
      "Actual Total Time": 120.334,
      "Actual Rows": 1,
      "Actual Loops": 1,
      "Plans": [
        {
          "Node Type": "Gather",
          "Parent Relationship": "Outer",
          "Parallel Aware": false,
          "Startup Cost": 53547.74,
          "Total Cost": 53548.15,
          "Plan Rows": 4,
          "Plan Width": 8,
          "Actual Startup Time": 101.77,
          "Actual Total Time": 120.325,
          "Actual Rows": 5,
          "Actual Loops": 1,
          "Workers Planned": 4,
          "Workers Launched": 4,
          "Single Copy": false,
          "Plans": [
            {
              "Node Type": "Aggregate",
              "Strategy": "Plain",
              "Partial Mode": "Partial",
              "Parent Relationship": "Outer",
              "Parallel Aware": false,
              "Startup Cost": 52547.74,
              "Total Cost": 52547.75,
              "Plan Rows": 1,
              "Plan Width": 8,
              "Actual Startup Time": 96.14,
              "Actual Total Time": 96.142,
              "Actual Rows": 1,
              "Actual Loops": 5,
              "Plans": [
                {
                  "Node Type": "Nested Loop",
                  "Parent Relationship": "Outer",
                  "Parallel Aware": false,
                  "Join Type": "Inner",
                  "Startup Cost": 0.43,
                  "Total Cost": 52546.29,
                  "Plan Rows": 580,
                  "Plan Width": 0,
                  "Actual Startup Time": 57.915,
                  "Actual Total Time": 96.034,
                  "Actual Rows": 1072,
                  "Actual Loops": 5,
                  "Inner Unique": false,
                  "Plans": [
                    {
                      "Node Type": "Seq Scan",
                      "Parent Relationship": "Outer",
                      "Parallel Aware": true,
                      "Relation Name": "title",
                      "Alias": "t",
                      "Startup Cost": 0.0,
                      "Total Cost": 45479.59,
                      "Plan Rows": 1062,
                      "Plan Width": 4,
                      "Actual Startup Time": 57.732,
                      "Actual Total Time": 87.85,
                      "Actual Rows": 856,
                      "Actual Loops": 5,
                      "Filter": "((kind_id = 1) AND (production_year = 1978))",
                      "Rows Removed by Filter": 504806
                    },
                    {
                      "Node Type": "Index Only Scan",
                      "Parent Relationship": "Inner",
                      "Parallel Aware": false,
                      "Scan Direction": "Forward",
                      "Index Name": "movie_id_movie_info_idx",
                      "Relation Name": "movie_info_idx",
                      "Alias": "mi_idx",
                      "Startup Cost": 0.43,
                      "Total Cost": 6.62,
                      "Plan Rows": 3,
                      "Plan Width": 4,
                      "Actual Startup Time": 0.009,
                      "Actual Total Time": 0.009,
                      "Actual Rows": 1,
                      "Actual Loops": 4281,
                      "Index Cond": "(movie_id = t.id)",
                      "Rows Removed by Index Recheck": 0,
                      "Heap Fetches": 5359
                    }
                  ]
                }
              ]
            }
          ]
        }
      ]
    },
    "Planning Time": 0.328,
    "Triggers": [],
    "Execution Time": 120.38
  }
]