[
  {
    "Plan": {
      "Node Type": "Aggregate",
      "Strategy": "Plain",
      "Partial Mode": "Finalize",
      "Parallel Aware": false,
      "Startup Cost": 34953.01,
      "Total Cost": 34953.02,
      "Plan Rows": 1,
      "Plan Width": 8,
      "Actual Startup Time": 125.932,
      "Actual Total Time": 132.977,
      "Actual Rows": 1,
      "Actual Loops": 1,
      "Plans": [
        {
          "Node Type": "Gather",
          "Parent Relationship": "Outer",
          "Parallel Aware": false,
          "Startup Cost": 34952.69,
          "Total Cost": 34953.0,
          "Plan Rows": 3,
          "Plan Width": 8,
          "Actual Startup Time": 125.693,
          "Actual Total Time": 132.967,
          "Actual Rows": 4,
          "Actual Loops": 1,
          "Workers Planned": 3,
          "Workers Launched": 3,
          "Single Copy": false,
          "Plans": [
            {
              "Node Type": "Aggregate",
              "Strategy": "Plain",
              "Partial Mode": "Partial",
              "Parent Relationship": "Outer",
              "Parallel Aware": false,
              "Startup Cost": 33952.69,
              "Total Cost": 33952.7,
              "Plan Rows": 1,
              "Plan Width": 8,
              "Actual Startup Time": 116.186,
              "Actual Total Time": 116.188,
              "Actual Rows": 1,
              "Actual Loops": 4,
              "Plans": [
                {
                  "Node Type": "Bitmap Heap Scan",
                  "Parent Relationship": "Outer",
                  "Parallel Aware": true,
                  "Relation Name": "movie_keyword",
                  "Alias": "mk",
                  "Startup Cost": 7734.34,
                  "Total Cost": 33658.63,
                  "Plan Rows": 117624,
                  "Plan Width": 0,
                  "Actual Startup Time": 40.424,
                  "Actual Total Time": 110.447,
                  "Actual Rows": 90524,
                  "Actual Loops": 4,
                  "Recheck Cond": "(keyword_id < 333)",
                  "Rows Removed by Index Recheck": 0,
                  "Exact Heap Blocks": 10620,
                  "Lossy Heap Blocks": 0,
                  "Plans": [
                    {
                      "Node Type": "Bitmap Index Scan",
                      "Parent Relationship": "Outer",
                      "Parallel Aware": false,
                      "Index Name": "keyword_id_movie_keyword",
                      "Startup Cost": 0.0,
                      "Total Cost": 7643.18,
                      "Plan Rows": 364633,
                      "Plan Width": 0,
                      "Actual Startup Time": 45.406,
                      "Actual Total Time": 45.407,
                      "Actual Rows": 362095,
                      "Actual Loops": 1,
                      "Index Cond": "(keyword_id < 333)"
                    }
                  ]
                }
              ]
            }
          ]
        }
      ]
    },
    "Planning Time": 0.155,
    "Triggers": [],
    "Execution Time": 133.051
  }
]