[
  {
    "Plan": {
      "Node Type": "Aggregate",
      "Strategy": "Plain",
      "Partial Mode": "Finalize",
      "Parallel Aware": false,
      "Startup Cost": 206778.94,
      "Total Cost": 206778.95,
      "Plan Rows": 1,
      "Plan Width": 8,
      "Actual Startup Time": 327.672,
      "Actual Total Time": 365.01,
      "Actual Rows": 1,
      "Actual Loops": 1,
      "Plans": [
        {
          "Node Type": "Gather",
          "Parent Relationship": "Outer",
          "Parallel Aware": false,
          "Startup Cost": 206778.42,
          "Total Cost": 206778.93,
          "Plan Rows": 5,
          "Plan Width": 8,
          "Actual Startup Time": 327.368,
          "Actual Total Time": 364.999,
          "Actual Rows": 6,
          "Actual Loops": 1,
          "Workers Planned": 5,
          "Workers Launched": 5,
          "Single Copy": false,
          "Plans": [
            {
              "Node Type": "Aggregate",
              "Strategy": "Plain",
              "Partial Mode": "Partial",
              "Parent Relationship": "Outer",
              "Parallel Aware": false,
              "Startup Cost": 205778.42,
              "Total Cost": 205778.43,
              "Plan Rows": 1,
              "Plan Width": 8,
              "Actual Startup Time": 320.446,
              "Actual Total Time": 320.452,
              "Actual Rows": 1,
              "Actual Loops": 6,
              "Plans": [
                {
                  "Node Type": "Nested Loop",
                  "Parent Relationship": "Outer",
                  "Parallel Aware": false,
                  "Join Type": "Inner",
                  "Startup Cost": 45555.4,
                  "Total Cost": 205760.12,
                  "Plan Rows": 7320,
                  "Plan Width": 0,
                  "Actual Startup Time": 75.485,
                  "Actual Total Time": 318.777,
                  "Actual Rows": 27070,
                  "Actual Loops": 6,
                  "Inner Unique": false,
                  "Join Filter": "(t.id = mi.movie_id)",
                  "Rows Removed by Join Filter": 0,
                  "Plans": [
                    {
                      "Node Type": "Hash Join",
                      "Parent Relationship": "Outer",
                      "Parallel Aware": true,
                      "Join Type": "Inner",
                      "Startup Cost": 45554.96,
                      "Total Cost": 201799.05,
                      "Plan Rows": 1343,
                      "Plan Width": 8,
                      "Actual Startup Time": 75.387,
                      "Actual Total Time": 277.363,
                      "Actual Rows": 476,
                      "Actual Loops": 6,
                      "Inner Unique": true,
                      "Hash Cond": "(ci.movie_id = t.id)",
                      "Plans": [
                        {
                          "Node Type": "Index Scan",
                          "Parent Relationship": "Outer",
                          "Parallel Aware": true,
                          "Scan Direction": "Forward",
                          "Index Name": "role_id_cast_info",
                          "Relation Name": "cast_info",
                          "Alias": "ci",
                          "Startup Cost": 0.56,
                          "Total Cost": 155872.35,
                          "Plan Rows": 141832,
                          "Plan Width": 4,
                          "Actual Startup Time": 0.21,
                          "Actual Total Time": 195.162,
                          "Actual Rows": 43366,
                          "Actual Loops": 6,
                          "Index Cond": "(role_id > 8)",
                          "Rows Removed by Index Recheck": 0,
                          "Filter": "(person_id < 451980)",
                          "Rows Removed by Filter": 912083
                        },
                        {
                          "Node Type": "Hash",
                          "Parent Relationship": "Inner",
                          "Parallel Aware": true,
                          "Startup Cost": 45479.59,
                          "Total Cost": 45479.59,
                          "Plan Rows": 5985,
                          "Plan Width": 4,
                          "Actual Startup Time": 74.297,
                          "Actual Total Time": 74.299,
                          "Actual Rows": 3149,
                          "Actual Loops": 6,
                          "Hash Buckets": 32768,
                          "Original Hash Buckets": 32768,
                          "Hash Batches": 1,
                          "Original Hash Batches": 1,
                          "Peak Memory Usage": 1056,
                          "Plans": [
                            {
                              "Node Type": "Seq Scan",
                              "Parent Relationship": "Outer",
                              "Parallel Aware": true,
                              "Relation Name": "title",
                              "Alias": "t",
                              "Startup Cost": 0.0,
                              "Total Cost": 45479.59,
                              "Plan Rows": 5985,
                              "Plan Width": 4,
                              "Actual Startup Time": 0.276,
                              "Actual Total Time": 72.542,
                              "Actual Rows": 3149,
                              "Actual Loops": 6,
                              "Filter": "((kind_id < 7) AND (production_year = 2001))",
                              "Rows Removed by Filter": 418237
                            }
                          ]
                        }
                      ]
                    },
                    {
                      "Node Type": "Index Scan",
                      "Parent Relationship": "Inner",
                      "Parallel Aware": false,
                      "Scan Direction": "Forward",
                      "Index Name": "movie_id_movie_info",
                      "Relation Name": "movie_info",
                      "Alias": "mi",
                      "Startup Cost": 0.43,
                      "Total Cost": 2.47,
                      "Plan Rows": 38,
                      "Plan Width": 4,
                      "Actual Startup Time": 0.018,
                      "Actual Total Time": 0.08,
                      "Actual Rows": 57,
                      "Actual Loops": 2858,
                      "Index Cond": "(movie_id = ci.movie_id)",
                      "Rows Removed by Index Recheck": 0,
                      "Filter": "(info_type_id < 77)",
                      "Rows Removed by Filter": 21
                    }
                  ]
                }
              ]
            }
          ]
        }
      ]
    },
    "Planning Time": 0.447,
    "Triggers": [],
    "Execution Time": 365.067
  }
]