[
  {
    "Plan": {
      "Node Type": "Aggregate",
      "Strategy": "Plain",
      "Partial Mode": "Finalize",
      "Parallel Aware": false,
      "Startup Cost": 340063.47,
      "Total Cost": 340063.48,
      "Plan Rows": 1,
      "Plan Width": 8,
      "Actual Startup Time": 772.631,
      "Actual Total Time": 818.051,
      "Actual Rows": 1,
      "Actual Loops": 1,
      "Plans": [
        {
          "Node Type": "Gather",
          "Parent Relationship": "Outer",
          "Parallel Aware": false,
          "Startup Cost": 340062.85,
          "Total Cost": 340063.46,
          "Plan Rows": 6,
          "Plan Width": 8,
          "Actual Startup Time": 772.371,
          "Actual Total Time": 818.039,
          "Actual Rows": 7,
          "Actual Loops": 1,
          "Workers Planned": 6,
          "Workers Launched": 6,
          "Single Copy": false,
          "Plans": [
            {
              "Node Type": "Aggregate",
              "Strategy": "Plain",
              "Partial Mode": "Partial",
              "Parent Relationship": "Outer",
              "Parallel Aware": false,
              "Startup Cost": 339062.85,
              "Total Cost": 339062.86,
              "Plan Rows": 1,
              "Plan Width": 8,
              "Actual Startup Time": 765.239,
              "Actual Total Time": 765.24,
              "Actual Rows": 1,
              "Actual Loops": 7,
              "Plans": [
                {
                  "Node Type": "Seq Scan",
                  "Parent Relationship": "Outer",
                  "Parallel Aware": true,
                  "Relation Name": "cast_info",
                  "Alias": "ci",
                  "Startup Cost": 0.0,
                  "Total Cost": 328211.39,
                  "Plan Rows": 4340583,
                  "Plan Width": 0,
                  "Actual Startup Time": 0.046,
                  "Actual Total Time": 596.669,
                  "Actual Rows": 3734536,
                  "Actual Loops": 7,
                  "Filter": "(person_id < 2705832)",
                  "Rows Removed by Filter": 1443227
                }
              ]
            }
          ]
        }
      ]
    },
    "Planning Time": 0.205,
    "Triggers": [],
    "Execution Time": 818.121
  }
]