[
  {
    "Plan": {
      "Node Type": "Aggregate",
      "Strategy": "Plain",
      "Partial Mode": "Finalize",
      "Parallel Aware": false,
      "Startup Cost": 348548.9,
      "Total Cost": 348548.91,
      "Plan Rows": 1,
      "Plan Width": 8,
      "Actual Startup Time": 622.718,
      "Actual Total Time": 647.018,
      "Actual Rows": 1,
      "Actual Loops": 1,
      "Plans": [
        {
          "Node Type": "Gather",
          "Parent Relationship": "Outer",
          "Parallel Aware": false,
          "Startup Cost": 348548.27,
          "Total Cost": 348548.88,
          "Plan Rows": 6,
          "Plan Width": 8,
          "Actual Startup Time": 622.621,
          "Actual Total Time": 647.011,
          "Actual Rows": 7,
          "Actual Loops": 1,
          "Workers Planned": 6,
          "Workers Launched": 6,
          "Single Copy": false,
          "Plans": [
            {
              "Node Type": "Aggregate",
              "Strategy": "Plain",
              "Partial Mode": "Partial",
              "Parent Relationship": "Outer",
              "Parallel Aware": false,
              "Startup Cost": 347548.27,
              "Total Cost": 347548.28,
              "Plan Rows": 1,
              "Plan Width": 8,
              "Actual Startup Time": 615.103,
              "Actual Total Time": 615.104,
              "Actual Rows": 1,
              "Actual Loops": 7,
              "Plans": [
                {
                  "Node Type": "Seq Scan",
                  "Parent Relationship": "Outer",
                  "Parallel Aware": true,
                  "Relation Name": "cast_info",
                  "Alias": "ci",
                  "Startup Cost": 0.0,
                  "Total Cost": 343318.94,
                  "Plan Rows": 1691732,
                  "Plan Width": 0,
                  "Actual Startup Time": 322.127,
                  "Actual Total Time": 579.823,
                  "Actual Rows": 796296,
                  "Actual Loops": 7,
                  "Filter": "((person_id < 2334947) AND (role_id > 2))",
                  "Rows Removed by Filter": 4381468
                }
              ]
            }
          ]
        }
      ]
    },
    "Planning Time": 0.23,
    "Triggers": [],
    "Execution Time": 647.078
  }
]