[
  {
    "Plan": {
      "Node Type": "Aggregate",
      "Strategy": "Plain",
      "Partial Mode": "Finalize",
      "Parallel Aware": false,
      "Startup Cost": 46977.08,
      "Total Cost": 46977.09,
      "Plan Rows": 1,
      "Plan Width": 8,
      "Actual Startup Time": 175.438,
      "Actual Total Time": 184.91,
      "Actual Rows": 1,
      "Actual Loops": 1,
      "Plans": [
        {
          "Node Type": "Gather",
          "Parent Relationship": "Outer",
          "Parallel Aware": false,
          "Startup Cost": 46976.76,
          "Total Cost": 46977.07,
          "Plan Rows": 3,
          "Plan Width": 8,
          "Actual Startup Time": 175.291,
          "Actual Total Time": 184.897,
          "Actual Rows": 4,
          "Actual Loops": 1,
          "Workers Planned": 3,
          "Workers Launched": 3,
          "Single Copy": false,
          "Plans": [
            {
              "Node Type": "Aggregate",
              "Strategy": "Plain",
              "Partial Mode": "Partial",
              "Parent Relationship": "Outer",
              "Parallel Aware": false,
              "Startup Cost": 45976.76,
              "Total Cost": 45976.77,
              "Plan Rows": 1,
              "Plan Width": 8,
              "Actual Startup Time": 168.728,
              "Actual Total Time": 168.73,
              "Actual Rows": 1,
              "Actual Loops": 4,
              "Plans": [
                {
                  "Node Type": "Seq Scan",
                  "Parent Relationship": "Outer",
                  "Parallel Aware": true,
                  "Relation Name": "movie_keyword",
                  "Alias": "mk",
                  "Startup Cost": 0.0,
                  "Total Cost": 42695.65,
                  "Plan Rows": 1312444,
                  "Plan Width": 0,
                  "Actual Startup Time": 0.048,
                  "Actual Total Time": 123.175,
                  "Actual Rows": 1018112,
                  "Actual Loops": 4,
                  "Filter": "(keyword_id < 39251)",
                  "Rows Removed by Filter": 112871
                }
              ]
            }
          ]
        }
      ]
    },
    "Planning Time": 0.094,
    "Triggers": [],
    "Execution Time": 184.942
  }
]