[
  {
    "Plan": {
      "Node Type": "Aggregate",
      "Strategy": "Plain",
      "Partial Mode": "Finalize",
      "Parallel Aware": false,
      "Startup Cost": 68156.6,
      "Total Cost": 68156.61,
      "Plan Rows": 1,
      "Plan Width": 8,
      "Actual Startup Time": 170.734,
      "Actual Total Time": 184.945,
      "Actual Rows": 1,
      "Actual Loops": 1,
      "Plans": [
        {
          "Node Type": "Gather",
          "Parent Relationship": "Outer",
          "Parallel Aware": false,
          "Startup Cost": 68156.18,
          "Total Cost": 68156.59,
          "Plan Rows": 4,
          "Plan Width": 8,
          "Actual Startup Time": 170.079,
          "Actual Total Time": 184.935,
          "Actual Rows": 5,
          "Actual Loops": 1,
          "Workers Planned": 4,
          "Workers Launched": 4,
          "Single Copy": false,
          "Plans": [
            {
              "Node Type": "Aggregate",
              "Strategy": "Plain",
              "Partial Mode": "Partial",
              "Parent Relationship": "Outer",
              "Parallel Aware": false,
              "Startup Cost": 67156.18,
              "Total Cost": 67156.19,
              "Plan Rows": 1,
              "Plan Width": 8,
              "Actual Startup Time": 159.918,
              "Actual Total Time": 159.921,
              "Actual Rows": 1,
              "Actual Loops": 5,
              "Plans": [
                {
                  "Node Type": "Hash Join",
                  "Parent Relationship": "Outer",
                  "Parallel Aware": true,
                  "Join Type": "Inner",
                  "Startup Cost": 21858.39,
                  "Total Cost": 67128.9,
                  "Plan Rows": 10909,
                  "Plan Width": 0,
                  "Actual Startup Time": 127.06,
                  "Actual Total Time": 159.498,
                  "Actual Rows": 7633,
                  "Actual Loops": 5,
                  "Inner Unique": false,
                  "Hash Cond": "(t.id = mc.movie_id)",
                  "Plans": [
                    {
                      "Node Type": "Seq Scan",
                      "Parent Relationship": "Outer",
                      "Parallel Aware": true,
                      "Relation Name": "title",
                      "Alias": "t",
                      "Startup Cost": 0.0,
                      "Total Cost": 43898.92,
                      "Plan Rows": 267282,
                      "Plan Width": 4,
                      "Actual Startup Time": 0.018,
                      "Actual Total Time": 82.102,
                      "Actual Rows": 214953,
                      "Actual Loops": 5,
                      "Filter": "(production_year < 2001)",
                      "Rows Removed by Filter": 290709
                    },
                    {
                      "Node Type": "Hash",
                      "Parent Relationship": "Inner",
                      "Parallel Aware": true,
                      "Startup Cost": 21442.29,
                      "Total Cost": 21442.29,
                      "Plan Rows": 33288,
                      "Plan Width": 4,
                      "Actual Startup Time": 40.426,
                      "Actual Total Time": 40.427,
                      "Actual Rows": 19531,
                      "Actual Loops": 5,
                      "Hash Buckets": 131072,
                      "Original Hash Buckets": 131072,
                      "Hash Batches": 1,
                      "Original Hash Batches": 1,
                      "Peak Memory Usage": 4896,
                      "Plans": [
                        {
                          "Node Type": "Bitmap Heap Scan",
                          "Parent Relationship": "Outer",
                          "Parallel Aware": true,
                          "Relation Name": "movie_companies",
                          "Alias": "mc",
                          "Startup Cost": 2236.18,
                          "Total Cost": 21442.29,
                          "Plan Rows": 33288,
                          "Plan Width": 4,
                          "Actual Startup Time": 9.562,
                          "Actual Total Time": 29.052,
                          "Actual Rows": 19531,
                          "Actual Loops": 5,
                          "Recheck Cond": "(company_id > 158922)",
                          "Rows Removed by Index Recheck": 0,
                          "Exact Heap Blocks": 1212,
                          "Lossy Heap Blocks": 0,
                          "Plans": [
                            {
                              "Node Type": "Bitmap Index Scan",
                              "Parent Relationship": "Outer",
                              "Parallel Aware": false,
                              "Index Name": "company_id_movie_companies",
                              "Startup Cost": 0.0,
                              "Total Cost": 2210.38,
                              "Plan Rows": 103194,
                              "Plan Width": 0,
                              "Actual Startup Time": 13.094,
                              "Actual Total Time": 13.094,
                              "Actual Rows": 97655,
                              "Actual Loops": 1,
                              "Index Cond": "(company_id > 158922)"
                            }
                          ]
                        }
                      ]
                    }
                  ]
                }
              ]
            }
          ]
        }
      ]
    },
    "Planning Time": 0.627,
    "Triggers": [],
    "Execution Time": 185.039
  }
]