[
  {
    "Plan": {
      "Node Type": "Aggregate",
      "Strategy": "Plain",
      "Partial Mode": "Finalize",
      "Parallel Aware": false,
      "Startup Cost": 330499.66,
      "Total Cost": 330499.67,
      "Plan Rows": 1,
      "Plan Width": 8,
      "Actual Startup Time": 573.532,
      "Actual Total Time": 627.605,
      "Actual Rows": 1,
      "Actual Loops": 1,
      "Plans": [
        {
          "Node Type": "Gather",
          "Parent Relationship": "Outer",
          "Parallel Aware": false,
          "Startup Cost": 330499.03,
          "Total Cost": 330499.64,
          "Plan Rows": 6,
          "Plan Width": 8,
          "Actual Startup Time": 571.445,
          "Actual Total Time": 627.593,
          "Actual Rows": 7,
          "Actual Loops": 1,
          "Workers Planned": 6,
          "Workers Launched": 6,
          "Single Copy": false,
          "Plans": [
            {
              "Node Type": "Aggregate",
              "Strategy": "Plain",
              "Partial Mode": "Partial",
              "Parent Relationship": "Outer",
              "Parallel Aware": false,
              "Startup Cost": 329499.03,
              "Total Cost": 329499.04,
              "Plan Rows": 1,
              "Plan Width": 8,
              "Actual Startup Time": 562.405,
              "Actual Total Time": 562.406,
              "Actual Rows": 1,
              "Actual Loops": 7,
              "Plans": [
                {
                  "Node Type": "Seq Scan",
                  "Parent Relationship": "Outer",
                  "Parallel Aware": true,
                  "Relation Name": "cast_info",
                  "Alias": "ci",
                  "Startup Cost": 0.0,
                  "Total Cost": 328162.03,
                  "Plan Rows": 534802,
                  "Plan Width": 0,
                  "Actual Startup Time": 0.043,
                  "Actual Total Time": 537.296,
                  "Actual Rows": 470778,
                  "Actual Loops": 7,
                  "Filter": "(person_id < 317777)",
                  "Rows Removed by Filter": 4706985
                }
              ]
            }
          ]
        }
      ]
    },
    "Planning Time": 0.193,
    "Triggers": [],
    "Execution Time": 627.679
  }
]