{
  "Plan": {
    "Node Type": "Aggregate",
    "Strategy": "Plain",
    "Partial Mode": "Finalize",
    "Parallel Aware": false,
    "Startup Cost": 106601.19,
    "Total Cost": 106601.2,
    "Plan Rows": 1,
    "Plan Width": 8,
    "Actual Startup Time": 517.619,
    "Actual Total Time": 533.752,
    "Actual Rows": 1,
    "Actual Loops": 1,
    "Plans": [
      {
        "Node Type": "Gather",
        "Parent Relationship": "Outer",
        "Parallel Aware": false,
        "Startup Cost": 106601.07,
        "Total Cost": 106601.18,
        "Plan Rows": 1,
        "Plan Width": 8,
        "Actual Startup Time": 515.147,
        "Actual Total Time": 533.744,
        "Actual Rows": 2,
        "Actual Loops": 1,
        "Workers Planned": 1,
        "Workers Launched": 1,
        "Single Copy": false,
        "Plans": [
          {
            "Node Type": "Aggregate",
            "Strategy": "Plain",
            "Partial Mode": "Partial",
            "Parent Relationship": "Outer",
            "Parallel Aware": false,
            "Startup Cost": 105601.07,
            "Total Cost": 105601.08,
            "Plan Rows": 1,
            "Plan Width": 8,
            "Actual Startup Time": 509.61,
            "Actual Total Time": 509.614,
            "Actual Rows": 1,
            "Actual Loops": 2,
            "Plans": [
              {
                "Node Type": "Hash Join",
                "Parent Relationship": "Outer",
                "Parallel Aware": true,
                "Join Type": "Inner",
                "Startup Cost": 65769.41,
                "Total Cost": 105087.49,
                "Plan Rows": 205433,
                "Plan Width": 0,
                "Actual Startup Time": 286.523,
                "Actual Total Time": 503.525,
                "Actual Rows": 152386,
                "Actual Loops": 2,
                "Inner Unique": true,
                "Hash Cond": "(mc.movie_id = t.id)",
                "Plans": [
                  {
                    "Node Type": "Seq Scan",
                    "Parent Relationship": "Outer",
                    "Parallel Aware": true,
                    "Relation Name": "movie_companies",
                    "Alias": "mc",
                    "Startup Cost": 0.0,
                    "Total Cost": 37974.77,
                    "Plan Rows": 511739,
                    "Plan Width": 4,
                    "Actual Startup Time": 0.015,
                    "Actual Total Time": 103.01,
                    "Actual Rows": 432234,
                    "Actual Loops": 2,
                    "Filter": "(company_id < 2561)",
                    "Rows Removed by Filter": 872331
                  },
                  {
                    "Node Type": "Hash",
                    "Parent Relationship": "Inner",
                    "Parallel Aware": true,
                    "Startup Cost": 58306.47,
                    "Total Cost": 58306.47,
                    "Plan Rows": 597035,
                    "Plan Width": 4,
                    "Actual Startup Time": 276.978,
                    "Actual Total Time": 276.979,
                    "Actual Rows": 480056,
                    "Actual Loops": 2,
                    "Hash Buckets": 1048576,
                    "Original Hash Buckets": 1048576,
                    "Hash Batches": 1,
                    "Original Hash Batches": 1,
                    "Peak Memory Usage": 45792,
                    "Plans": [
                      {
                        "Node Type": "Seq Scan",
                        "Parent Relationship": "Outer",
                        "Parallel Aware": true,
                        "Relation Name": "title",
                        "Alias": "t",
                        "Startup Cost": 0.0,
                        "Total Cost": 58306.47,
                        "Plan Rows": 597035,
                        "Plan Width": 4,
                        "Actual Startup Time": 0.037,
                        "Actual Total Time": 162.571,
                        "Actual Rows": 480056,
                        "Actual Loops": 2,
                        "Filter": "((production_year < 2008) AND (kind_id = 7))",
                        "Rows Removed by Filter": 784100
                      }
                    ]
                  }
                ]
              }
            ]
          }
        ]
      }
    ]
  },
  "Planning Time": 0.744,
  "Triggers": [],
  "Execution Time": 533.82
}