[
  {
    "Plan": {
      "Node Type": "Aggregate",
      "Strategy": "Plain",
      "Partial Mode": "Finalize",
      "Parallel Aware": false,
      "Startup Cost": 82595.97,
      "Total Cost": 82595.98,
      "Plan Rows": 1,
      "Plan Width": 8,
      "Actual Startup Time": 164.4,
      "Actual Total Time": 176.651,
      "Actual Rows": 1,
      "Actual Loops": 1,
      "Plans": [
        {
          "Node Type": "Gather",
          "Parent Relationship": "Outer",
          "Parallel Aware": false,
          "Startup Cost": 82595.65,
          "Total Cost": 82595.96,
          "Plan Rows": 3,
          "Plan Width": 8,
          "Actual Startup Time": 163.94,
          "Actual Total Time": 176.643,
          "Actual Rows": 4,
          "Actual Loops": 1,
          "Workers Planned": 3,
          "Workers Launched": 3,
          "Single Copy": false,
          "Plans": [
            {
              "Node Type": "Aggregate",
              "Strategy": "Plain",
              "Partial Mode": "Partial",
              "Parent Relationship": "Outer",
              "Parallel Aware": false,
              "Startup Cost": 81595.65,
              "Total Cost": 81595.66,
              "Plan Rows": 1,
              "Plan Width": 8,
              "Actual Startup Time": 158.685,
              "Actual Total Time": 158.689,
              "Actual Rows": 1,
              "Actual Loops": 4,
              "Plans": [
                {
                  "Node Type": "Hash Join",
                  "Parent Relationship": "Outer",
                  "Parallel Aware": true,
                  "Join Type": "Inner",
                  "Startup Cost": 38269.43,
                  "Total Cost": 81580.71,
                  "Plan Rows": 5977,
                  "Plan Width": 0,
                  "Actual Startup Time": 47.392,
                  "Actual Total Time": 158.28,
                  "Actual Rows": 8155,
                  "Actual Loops": 4,
                  "Inner Unique": true,
                  "Hash Cond": "(mk.movie_id = t.id)",
                  "Plans": [
                    {
                      "Node Type": "Seq Scan",
                      "Parent Relationship": "Outer",
                      "Parallel Aware": true,
                      "Relation Name": "movie_keyword",
                      "Alias": "mk",
                      "Startup Cost": 0.0,
                      "Total Cost": 42695.65,
                      "Plan Rows": 234525,
                      "Plan Width": 4,
                      "Actual Startup Time": 0.025,
                      "Actual Total Time": 89.98,
                      "Actual Rows": 181442,
                      "Actual Loops": 4,
                      "Filter": "(keyword_id < 648)",
                      "Rows Removed by Filter": 949540
                    },
                    {
                      "Node Type": "Hash",
                      "Parent Relationship": "Inner",
                      "Parallel Aware": true,
                      "Startup Cost": 38068.07,
                      "Total Cost": 38068.07,
                      "Plan Rows": 16109,
                      "Plan Width": 4,
                      "Actual Startup Time": 47.011,
                      "Actual Total Time": 47.013,
                      "Actual Rows": 15933,
                      "Actual Loops": 4,
                      "Hash Buckets": 65536,
                      "Original Hash Buckets": 65536,
                      "Hash Batches": 1,
                      "Original Hash Batches": 1,
                      "Peak Memory Usage": 3072,
                      "Plans": [
                        {
                          "Node Type": "Bitmap Heap Scan",
                          "Parent Relationship": "Outer",
                          "Parallel Aware": true,
                          "Relation Name": "title",
                          "Alias": "t",
                          "Startup Cost": 1713.56,
                          "Total Cost": 38068.07,
                          "Plan Rows": 16109,
                          "Plan Width": 4,
                          "Actual Startup Time": 7.044,
                          "Actual Total Time": 42.773,
                          "Actual Rows": 15933,
                          "Actual Loops": 4,
                          "Recheck Cond": "(kind_id = 2)",
                          "Rows Removed by Index Recheck": 0,
                          "Filter": "(production_year > 1992)",
                          "Rows Removed by Filter": 6780,
                          "Exact Heap Blocks": 12765,
                          "Lossy Heap Blocks": 0,
                          "Plans": [
                            {
                              "Node Type": "Bitmap Index Scan",
                              "Parent Relationship": "Outer",
                              "Parallel Aware": false,
                              "Index Name": "kind_id_title",
                              "Startup Cost": 0.0,
                              "Total Cost": 1697.45,
                              "Plan Rows": 95069,
                              "Plan Width": 0,
                              "Actual Startup Time": 7.516,
                              "Actual Total Time": 7.517,
                              "Actual Rows": 90852,
                              "Actual Loops": 1,
                              "Index Cond": "(kind_id = 2)"
                            }
                          ]
                        }
                      ]
                    }
                  ]
                }
              ]
            }
          ]
        }
      ]
    },
    "Planning Time": 0.237,
    "Triggers": [],
    "Execution Time": 176.7
  }
]