[
  {
    "Plan": {
      "Node Type": "Aggregate",
      "Strategy": "Plain",
      "Partial Mode": "Finalize",
      "Parallel Aware": false,
      "Startup Cost": 624827.61,
      "Total Cost": 624827.62,
      "Plan Rows": 1,
      "Plan Width": 8,
      "Actual Startup Time": 8725.736,
      "Actual Total Time": 8797.983,
      "Actual Rows": 1,
      "Actual Loops": 1,
      "Plans": [
        {
          "Node Type": "Gather",
          "Parent Relationship": "Outer",
          "Parallel Aware": false,
          "Startup Cost": 624826.99,
          "Total Cost": 624827.6,
          "Plan Rows": 6,
          "Plan Width": 8,
          "Actual Startup Time": 8694.771,
          "Actual Total Time": 8797.971,
          "Actual Rows": 7,
          "Actual Loops": 1,
          "Workers Planned": 6,
          "Workers Launched": 6,
          "Single Copy": false,
          "Plans": [
            {
              "Node Type": "Aggregate",
              "Strategy": "Plain",
              "Partial Mode": "Partial",
              "Parent Relationship": "Outer",
              "Parallel Aware": false,
              "Startup Cost": 623826.99,
              "Total Cost": 623827.0,
              "Plan Rows": 1,
              "Plan Width": 8,
              "Actual Startup Time": 8674.078,
              "Actual Total Time": 8675.098,
              "Actual Rows": 1,
              "Actual Loops": 7,
              "Plans": [
                {
                  "Node Type": "Hash Join",
                  "Parent Relationship": "Outer",
                  "Parallel Aware": true,
                  "Join Type": "Inner",
                  "Startup Cost": 258343.04,
                  "Total Cost": 607315.81,
                  "Plan Rows": 6604472,
                  "Plan Width": 0,
                  "Actual Startup Time": 1244.279,
                  "Actual Total Time": 7236.886,
                  "Actual Rows": 34408952,
                  "Actual Loops": 7,
                  "Inner Unique": false,
                  "Hash Cond": "(ci.movie_id = t.id)",
                  "Plans": [
                    {
                      "Node Type": "Seq Scan",
                      "Parent Relationship": "Outer",
                      "Parallel Aware": true,
                      "Relation Name": "cast_info",
                      "Alias": "ci",
                      "Startup Cost": 0.0,
                      "Total Cost": 313106.51,
                      "Plan Rows": 6041951,
                      "Plan Width": 4,
                      "Actual Startup Time": 0.031,
                      "Actual Total Time": 563.598,
                      "Actual Rows": 5177763,
                      "Actual Loops": 7
                    },
                    {
                      "Node Type": "Hash",
                      "Parent Relationship": "Inner",
                      "Parallel Aware": true,
                      "Startup Cost": 251433.47,
                      "Total Cost": 251433.47,
                      "Plan Rows": 552765,
                      "Plan Width": 8,
                      "Actual Startup Time": 1237.355,
                      "Actual Total Time": 1238.373,
                      "Actual Rows": 687522,
                      "Actual Loops": 7,
                      "Hash Buckets": 8388608,
                      "Original Hash Buckets": 4194304,
                      "Hash Batches": 1,
                      "Original Hash Batches": 1,
                      "Peak Memory Usage": 286688,
                      "Plans": [
                        {
                          "Node Type": "Hash Join",
                          "Parent Relationship": "Outer",
                          "Parallel Aware": true,
                          "Join Type": "Inner",
                          "Startup Cost": 48401.59,
                          "Total Cost": 251433.47,
                          "Plan Rows": 552765,
                          "Plan Width": 8,
                          "Actual Startup Time": 166.928,
                          "Actual Total Time": 786.271,
                          "Actual Rows": 687522,
                          "Actual Loops": 7,
                          "Inner Unique": true,
                          "Hash Cond": "(mi.movie_id = t.id)",
                          "Plans": [
                            {
                              "Node Type": "Seq Scan",
                              "Parent Relationship": "Outer",
                              "Parallel Aware": true,
                              "Relation Name": "movie_info",
                              "Alias": "mi",
                              "Startup Cost": 0.0,
                              "Total Cost": 199108.24,
                              "Plan Rows": 1494718,
                              "Plan Width": 4,
                              "Actual Startup Time": 15.262,
                              "Actual Total Time": 319.949,
                              "Actual Rows": 1078408,
                              "Actual Loops": 7,
                              "Filter": "(info_type_id > 7)",
                              "Rows Removed by Filter": 1040981
                            },
                            {
                              "Node Type": "Hash",
                              "Parent Relationship": "Inner",
                              "Parallel Aware": true,
                              "Startup Cost": 45479.59,
                              "Total Cost": 45479.59,
                              "Plan Rows": 233760,
                              "Plan Width": 4,
                              "Actual Startup Time": 150.586,
                              "Actual Total Time": 150.588,
                              "Actual Rows": 131133,
                              "Actual Loops": 7,
                              "Hash Buckets": 1048576,
                              "Original Hash Buckets": 1048576,
                              "Hash Batches": 1,
                              "Original Hash Batches": 1,
                              "Peak Memory Usage": 44256,
                              "Plans": [
                                {
                                  "Node Type": "Seq Scan",
                                  "Parent Relationship": "Outer",
                                  "Parallel Aware": true,
                                  "Relation Name": "title",
                                  "Alias": "t",
                                  "Startup Cost": 0.0,
                                  "Total Cost": 45479.59,
                                  "Plan Rows": 233760,
                                  "Plan Width": 4,
                                  "Actual Startup Time": 0.055,
                                  "Actual Total Time": 88.293,
                                  "Actual Rows": 131133,
                                  "Actual Loops": 7,
                                  "Filter": "((kind_id < 7) AND (production_year > 1914))",
                                  "Rows Removed by Filter": 230054
                                }
                              ]
                            }
                          ]
                        }
                      ]
                    }
                  ]
                }
              ]
            }
          ]
        }
      ]
    },
    "Planning Time": 1.133,
    "Triggers": [],
    "Execution Time": 8798.065
  }
]