[
  {
    "Plan": {
      "Node Type": "Aggregate",
      "Strategy": "Plain",
      "Partial Mode": "Finalize",
      "Parallel Aware": false,
      "Startup Cost": 199217.77,
      "Total Cost": 199217.78,
      "Plan Rows": 1,
      "Plan Width": 8,
      "Actual Startup Time": 225.074,
      "Actual Total Time": 239.018,
      "Actual Rows": 1,
      "Actual Loops": 1,
      "Plans": [
        {
          "Node Type": "Gather",
          "Parent Relationship": "Outer",
          "Parallel Aware": false,
          "Startup Cost": 199217.15,
          "Total Cost": 199217.76,
          "Plan Rows": 6,
          "Plan Width": 8,
          "Actual Startup Time": 224.966,
          "Actual Total Time": 239.003,
          "Actual Rows": 7,
          "Actual Loops": 1,
          "Workers Planned": 6,
          "Workers Launched": 6,
          "Single Copy": false,
          "Plans": [
            {
              "Node Type": "Aggregate",
              "Strategy": "Plain",
              "Partial Mode": "Partial",
              "Parent Relationship": "Outer",
              "Parallel Aware": false,
              "Startup Cost": 198217.15,
              "Total Cost": 198217.16,
              "Plan Rows": 1,
              "Plan Width": 8,
              "Actual Startup Time": 215.416,
              "Actual Total Time": 215.417,
              "Actual Rows": 1,
              "Actual Loops": 7,
              "Plans": [
                {
                  "Node Type": "Index Scan",
                  "Parent Relationship": "Outer",
                  "Parallel Aware": true,
                  "Scan Direction": "Forward",
                  "Index Name": "role_id_cast_info",
                  "Relation Name": "cast_info",
                  "Alias": "ci",
                  "Startup Cost": 0.56,
                  "Total Cost": 197877.72,
                  "Plan Rows": 135770,
                  "Plan Width": 0,
                  "Actual Startup Time": 7.966,
                  "Actual Total Time": 215.393,
                  "Actual Rows": 166,
                  "Actual Loops": 7,
                  "Index Cond": "(role_id = 2)",
                  "Rows Removed by Index Recheck": 0,
                  "Filter": "(person_id < 397858)",
                  "Rows Removed by Filter": 1064402
                }
              ]
            }
          ]
        }
      ]
    },
    "Planning Time": 0.228,
    "Triggers": [],
    "Execution Time": 239.084
  }
]