{
  "Plan": {
    "Node Type": "Aggregate",
    "Strategy": "Plain",
    "Partial Mode": "Finalize",
    "Parallel Aware": false,
    "Startup Cost": 156500.97,
    "Total Cost": 156500.98,
    "Plan Rows": 1,
    "Plan Width": 8,
    "Actual Startup Time": 1416.411,
    "Actual Total Time": 1441.503,
    "Actual Rows": 1,
    "Actual Loops": 1,
    "Plans": [
      {
        "Node Type": "Gather",
        "Parent Relationship": "Outer",
        "Parallel Aware": false,
        "Startup Cost": 156500.86,
        "Total Cost": 156500.97,
        "Plan Rows": 1,
        "Plan Width": 8,
        "Actual Startup Time": 1408.436,
        "Actual Total Time": 1441.491,
        "Actual Rows": 2,
        "Actual Loops": 1,
        "Workers Planned": 1,
        "Workers Launched": 1,
        "Single Copy": false,
        "Plans": [
          {
            "Node Type": "Aggregate",
            "Strategy": "Plain",
            "Partial Mode": "Partial",
            "Parent Relationship": "Outer",
            "Parallel Aware": false,
            "Startup Cost": 155500.86,
            "Total Cost": 155500.87,
            "Plan Rows": 1,
            "Plan Width": 8,
            "Actual Startup Time": 1402.056,
            "Actual Total Time": 1402.063,
            "Actual Rows": 1,
            "Actual Loops": 2,
            "Plans": [
              {
                "Node Type": "Hash Join",
                "Parent Relationship": "Outer",
                "Parallel Aware": true,
                "Join Type": "Inner",
                "Startup Cost": 113013.66,
                "Total Cost": 154727.22,
                "Plan Rows": 309454,
                "Plan Width": 0,
                "Actual Startup Time": 863.054,
                "Actual Total Time": 1323.724,
                "Actual Rows": 1546928,
                "Actual Loops": 2,
                "Inner Unique": false,
                "Hash Cond": "(mc.movie_id = t.id)",
                "Plans": [
                  {
                    "Node Type": "Seq Scan",
                    "Parent Relationship": "Outer",
                    "Parallel Aware": true,
                    "Relation Name": "movie_companies",
                    "Alias": "mc",
                    "Startup Cost": 0.0,
                    "Total Cost": 34137.82,
                    "Plan Rows": 1534782,
                    "Plan Width": 4,
                    "Actual Startup Time": 0.019,
                    "Actual Total Time": 115.615,
                    "Actual Rows": 1304564,
                    "Actual Loops": 2
                  },
                  {
                    "Node Type": "Hash",
                    "Parent Relationship": "Inner",
                    "Parallel Aware": true,
                    "Startup Cost": 109265.34,
                    "Total Cost": 109265.34,
                    "Plan Rows": 299866,
                    "Plan Width": 8,
                    "Actual Startup Time": 857.205,
                    "Actual Total Time": 857.21,
                    "Actual Rows": 260439,
                    "Actual Loops": 2,
                    "Hash Buckets": 524288,
                    "Original Hash Buckets": 524288,
                    "Hash Batches": 1,
                    "Original Hash Batches": 1,
                    "Peak Memory Usage": 24512,
                    "Plans": [
                      {
                        "Node Type": "Hash Join",
                        "Parent Relationship": "Outer",
                        "Parallel Aware": true,
                        "Join Type": "Inner",
                        "Startup Cost": 80275.86,
                        "Total Cost": 109265.34,
                        "Plan Rows": 299866,
                        "Plan Width": 8,
                        "Actual Startup Time": 621.125,
                        "Actual Total Time": 797.418,
                        "Actual Rows": 260439,
                        "Actual Loops": 2,
                        "Inner Unique": true,
                        "Hash Cond": "(mk.movie_id = t.id)",
                        "Plans": [
                          {
                            "Node Type": "Bitmap Heap Scan",
                            "Parent Relationship": "Outer",
                            "Parallel Aware": true,
                            "Relation Name": "movie_keyword",
                            "Alias": "mk",
                            "Startup Cost": 10815.17,
                            "Total Cost": 39017.49,
                            "Plan Rows": 299866,
                            "Plan Width": 4,
                            "Actual Startup Time": 30.175,
                            "Actual Total Time": 107.977,
                            "Actual Rows": 260439,
                            "Actual Loops": 2,
                            "Recheck Cond": "(keyword_id < 382)",
                            "Rows Removed by Index Recheck": 0,
                            "Exact Heap Blocks": 15451,
                            "Lossy Heap Blocks": 0,
                            "Plans": [
                              {
                                "Node Type": "Bitmap Index Scan",
                                "Parent Relationship": "Outer",
                                "Parallel Aware": false,
                                "Index Name": "keyword_id_movie_keyword",
                                "Startup Cost": 0.0,
                                "Total Cost": 10687.72,
                                "Plan Rows": 509772,
                                "Plan Width": 0,
                                "Actual Startup Time": 26.718,
                                "Actual Total Time": 26.719,
                                "Actual Rows": 520878,
                                "Actual Loops": 1,
                                "Index Cond": "(keyword_id < 382)"
                              }
                            ]
                          },
                          {
                            "Node Type": "Hash",
                            "Parent Relationship": "Inner",
                            "Parallel Aware": true,
                            "Startup Cost": 50870.31,
                            "Total Cost": 50870.31,
                            "Plan Rows": 1487231,
                            "Plan Width": 4,
                            "Actual Startup Time": 573.07,
                            "Actual Total Time": 573.071,
                            "Actual Rows": 1264156,
                            "Actual Loops": 2,
                            "Hash Buckets": 4194304,
                            "Original Hash Buckets": 4194304,
                            "Hash Batches": 1,
                            "Original Hash Batches": 1,
                            "Peak Memory Usage": 131680,
                            "Plans": [
                              {
                                "Node Type": "Seq Scan",
                                "Parent Relationship": "Outer",
                                "Parallel Aware": true,
                                "Relation Name": "title",
                                "Alias": "t",
                                "Startup Cost": 0.0,
                                "Total Cost": 50870.31,
                                "Plan Rows": 1487231,
                                "Plan Width": 4,
                                "Actual Startup Time": 0.041,
                                "Actual Total Time": 181.352,
                                "Actual Rows": 1264156,
                                "Actual Loops": 2
                              }
                            ]
                          }
                        ]
                      }
                    ]
                  }
                ]
              }
            ]
          }
        ]
      }
    ]
  },
  "Planning Time": 1.031,
  "Triggers": [],
  "Execution Time": 1441.606
}