[
  {
    "Plan": {
      "Node Type": "Aggregate",
      "Strategy": "Plain",
      "Partial Mode": "Finalize",
      "Parallel Aware": false,
      "Startup Cost": 31920.24,
      "Total Cost": 31920.25,
      "Plan Rows": 1,
      "Plan Width": 8,
      "Actual Startup Time": 101.833,
      "Actual Total Time": 109.502,
      "Actual Rows": 1,
      "Actual Loops": 1,
      "Plans": [
        {
          "Node Type": "Gather",
          "Parent Relationship": "Outer",
          "Parallel Aware": false,
          "Startup Cost": 31919.92,
          "Total Cost": 31920.23,
          "Plan Rows": 3,
          "Plan Width": 8,
          "Actual Startup Time": 101.724,
          "Actual Total Time": 109.494,
          "Actual Rows": 4,
          "Actual Loops": 1,
          "Workers Planned": 3,
          "Workers Launched": 3,
          "Single Copy": false,
          "Plans": [
            {
              "Node Type": "Aggregate",
              "Strategy": "Plain",
              "Partial Mode": "Partial",
              "Parent Relationship": "Outer",
              "Parallel Aware": false,
              "Startup Cost": 30919.92,
              "Total Cost": 30919.93,
              "Plan Rows": 1,
              "Plan Width": 8,
              "Actual Startup Time": 97.478,
              "Actual Total Time": 97.479,
              "Actual Rows": 1,
              "Actual Loops": 4,
              "Plans": [
                {
                  "Node Type": "Seq Scan",
                  "Parent Relationship": "Outer",
                  "Parallel Aware": true,
                  "Relation Name": "movie_companies",
                  "Alias": "mc",
                  "Startup Cost": 0.0,
                  "Total Cost": 29310.68,
                  "Plan Rows": 643695,
                  "Plan Width": 0,
                  "Actual Startup Time": 0.248,
                  "Actual Total Time": 76.238,
                  "Actual Rows": 499673,
                  "Actual Loops": 4,
                  "Filter": "(company_id > 711)",
                  "Rows Removed by Filter": 152609
                }
              ]
            }
          ]
        }
      ]
    },
    "Planning Time": 0.129,
    "Triggers": [],
    "Execution Time": 109.542
  }
]