[
  {
    "Plan": {
      "Node Type": "Aggregate",
      "Strategy": "Plain",
      "Partial Mode": "Finalize",
      "Parallel Aware": false,
      "Startup Cost": 32732.5,
      "Total Cost": 32732.51,
      "Plan Rows": 1,
      "Plan Width": 8,
      "Actual Startup Time": 80.452,
      "Actual Total Time": 85.962,
      "Actual Rows": 1,
      "Actual Loops": 1,
      "Plans": [
        {
          "Node Type": "Gather",
          "Parent Relationship": "Outer",
          "Parallel Aware": false,
          "Startup Cost": 32732.18,
          "Total Cost": 32732.49,
          "Plan Rows": 3,
          "Plan Width": 8,
          "Actual Startup Time": 80.335,
          "Actual Total Time": 85.955,
          "Actual Rows": 4,
          "Actual Loops": 1,
          "Workers Planned": 3,
          "Workers Launched": 3,
          "Single Copy": false,
          "Plans": [
            {
              "Node Type": "Aggregate",
              "Strategy": "Plain",
              "Partial Mode": "Partial",
              "Parent Relationship": "Outer",
              "Parallel Aware": false,
              "Startup Cost": 31732.18,
              "Total Cost": 31732.19,
              "Plan Rows": 1,
              "Plan Width": 8,
              "Actual Startup Time": 75.047,
              "Actual Total Time": 75.048,
              "Actual Rows": 1,
              "Actual Loops": 4,
              "Plans": [
                {
                  "Node Type": "Seq Scan",
                  "Parent Relationship": "Outer",
                  "Parallel Aware": true,
                  "Relation Name": "movie_companies",
                  "Alias": "mc",
                  "Startup Cost": 0.0,
                  "Total Cost": 31414.82,
                  "Plan Rows": 126946,
                  "Plan Width": 0,
                  "Actual Startup Time": 42.156,
                  "Actual Total Time": 72.21,
                  "Actual Rows": 57294,
                  "Actual Loops": 4,
                  "Filter": "((company_id < 1615) AND (company_type_id = 2))",
                  "Rows Removed by Filter": 594988
                }
              ]
            }
          ]
        }
      ]
    },
    "Planning Time": 0.123,
    "Triggers": [],
    "Execution Time": 86.003
  }
]