{
    "Plan": {
        "Node Type": "Aggregate",
        "Strategy": "Plain",
        "Partial Mode": "Finalize",
        "Parallel Aware": false,
        "Startup Cost": 246762.32,
        "Total Cost": 246762.33,
        "Plan Rows": 1,
        "Plan Width": 8,
        "Actual Startup Time": 401.554,
        "Actual Total Time": 443.785,
        "Actual Rows": 1,
        "Actual Loops": 1,
        "Output": [
            "count(*)"
        ],
        "Plans": [
            {
                "Node Type": "Gather",
                "Parent Relationship": "Outer",
                "Parallel Aware": false,
                "Startup Cost": 246761.8,
                "Total Cost": 246762.31,
                "Plan Rows": 5,
                "Plan Width": 8,
                "Actual Startup Time": 400.461,
                "Actual Total Time": 443.772,
                "Actual Rows": 6,
                "Actual Loops": 1,
                "Output": [
                    "(PARTIAL count(*))"
                ],
                "Workers Planned": 5,
                "Workers Launched": 5,
                "Single Copy": false,
                "Plans": [
                    {
                        "Node Type": "Aggregate",
                        "Strategy": "Plain",
                        "Partial Mode": "Partial",
                        "Parent Relationship": "Outer",
                        "Parallel Aware": false,
                        "Startup Cost": 245761.8,
                        "Total Cost": 245761.81,
                        "Plan Rows": 1,
                        "Plan Width": 8,
                        "Actual Startup Time": 390.086,
                        "Actual Total Time": 390.091,
                        "Actual Rows": 1,
                        "Actual Loops": 6,
                        "Output": [
                            "PARTIAL count(*)"
                        ],
                        "Workers": [
                            {
                                "Worker Number": 0,
                                "Actual Startup Time": 387.907,
                                "Actual Total Time": 387.909,
                                "Actual Rows": 1,
                                "Actual Loops": 1
                            },
                            {
                                "Worker Number": 1,
                                "Actual Startup Time": 388.086,
                                "Actual Total Time": 388.088,
                                "Actual Rows": 1,
                                "Actual Loops": 1
                            },
                            {
                                "Worker Number": 2,
                                "Actual Startup Time": 387.952,
                                "Actual Total Time": 387.955,
                                "Actual Rows": 1,
                                "Actual Loops": 1
                            },
                            {
                                "Worker Number": 3,
                                "Actual Startup Time": 388.055,
                                "Actual Total Time": 388.059,
                                "Actual Rows": 1,
                                "Actual Loops": 1
                            },
                            {
                                "Worker Number": 4,
                                "Actual Startup Time": 388.986,
                                "Actual Total Time": 388.989,
                                "Actual Rows": 1,
                                "Actual Loops": 1
                            }
                        ],
                        "Plans": [
                            {
                                "Node Type": "Hash Join",
                                "Parent Relationship": "Outer",
                                "Parallel Aware": true,
                                "Join Type": "Inner",
                                "Startup Cost": 46125.66,
                                "Total Cost": 245707.19,
                                "Plan Rows": 21843,
                                "Plan Width": 0,
                                "Actual Startup Time": 316.006,
                                "Actual Total Time": 389.983,
                                "Actual Rows": 2337,
                                "Actual Loops": 6,
                                "Inner Unique": true,
                                "Hash Cond": "(mi.movie_id = t.id)",
                                "Workers": [
                                    {
                                        "Worker Number": 0,
                                        "Actual Startup Time": 313.946,
                                        "Actual Total Time": 387.796,
                                        "Actual Rows": 2518,
                                        "Actual Loops": 1
                                    },
                                    {
                                        "Worker Number": 1,
                                        "Actual Startup Time": 313.772,
                                        "Actual Total Time": 388.001,
                                        "Actual Rows": 1771,
                                        "Actual Loops": 1
                                    },
                                    {
                                        "Worker Number": 2,
                                        "Actual Startup Time": 313.797,
                                        "Actual Total Time": 387.856,
                                        "Actual Rows": 2107,
                                        "Actual Loops": 1
                                    },
                                    {
                                        "Worker Number": 3,
                                        "Actual Startup Time": 313.985,
                                        "Actual Total Time": 387.949,
                                        "Actual Rows": 2396,
                                        "Actual Loops": 1
                                    },
                                    {
                                        "Worker Number": 4,
                                        "Actual Startup Time": 314.753,
                                        "Actual Total Time": 388.88,
                                        "Actual Rows": 2309,
                                        "Actual Loops": 1
                                    }
                                ],
                                "Plans": [
                                    {
                                        "Node Type": "Seq Scan",
                                        "Parent Relationship": "Outer",
                                        "Parallel Aware": true,
                                        "Relation Name": "movie_info",
                                        "Schema": "public",
                                        "Alias": "mi",
                                        "Startup Cost": 0.0,
                                        "Total Cost": 198880.74,
                                        "Plan Rows": 266969,
                                        "Plan Width": 4,
                                        "Actual Startup Time": 233.981,
                                        "Actual Total Time": 282.897,
                                        "Actual Rows": 220894,
                                        "Actual Loops": 6,
                                        "Output": [
                                            "mi.id",
                                            "mi.movie_id",
                                            "mi.info_type_id",
                                            "mi.info",
                                            "mi.note"
                                        ],
                                        "Filter": "(mi.info_type_id = 8)",
                                        "Rows Removed by Filter": 2251726,
                                        "Workers": [
                                            {
                                                "Worker Number": 0,
                                                "Actual Startup Time": 234.032,
                                                "Actual Total Time": 283.059,
                                                "Actual Rows": 218055,
                                                "Actual Loops": 1
                                            },
                                            {
                                                "Worker Number": 1,
                                                "Actual Startup Time": 233.893,
                                                "Actual Total Time": 283.003,
                                                "Actual Rows": 219352,
                                                "Actual Loops": 1
                                            },
                                            {
                                                "Worker Number": 2,
                                                "Actual Startup Time": 234.009,
                                                "Actual Total Time": 282.684,
                                                "Actual Rows": 199647,
                                                "Actual Loops": 1
                                            },
                                            {
                                                "Worker Number": 3,
                                                "Actual Startup Time": 234.026,
                                                "Actual Total Time": 282.787,
                                                "Actual Rows": 199897,
                                                "Actual Loops": 1
                                            },
                                            {
                                                "Worker Number": 4,
                                                "Actual Startup Time": 233.878,
                                                "Actual Total Time": 283.046,
                                                "Actual Rows": 218253,
                                                "Actual Loops": 1
                                            }
                                        ]
                                    },
                                    {
                                        "Node Type": "Hash",
                                        "Parent Relationship": "Inner",
                                        "Parallel Aware": true,
                                        "Startup Cost": 45479.21,
                                        "Total Cost": 45479.21,
                                        "Plan Rows": 51716,
                                        "Plan Width": 4,
                                        "Actual Startup Time": 79.551,
                                        "Actual Total Time": 79.552,
                                        "Actual Rows": 17359,
                                        "Actual Loops": 6,
                                        "Output": [
                                            "t.id"
                                        ],
                                        "Hash Buckets": 262144,
                                        "Original Hash Buckets": 262144,
                                        "Hash Batches": 1,
                                        "Original Hash Batches": 1,
                                        "Peak Memory Usage": 6208,
                                        "Workers": [
                                            {
                                                "Worker Number": 0,
                                                "Actual Startup Time": 78.745,
                                                "Actual Total Time": 78.746,
                                                "Actual Rows": 16128,
                                                "Actual Loops": 1
                                            },
                                            {
                                                "Worker Number": 1,
                                                "Actual Startup Time": 78.941,
                                                "Actual Total Time": 78.942,
                                                "Actual Rows": 16220,
                                                "Actual Loops": 1
                                            },
                                            {
                                                "Worker Number": 2,
                                                "Actual Startup Time": 78.761,
                                                "Actual Total Time": 78.762,
                                                "Actual Rows": 14403,
                                                "Actual Loops": 1
                                            },
                                            {
                                                "Worker Number": 3,
                                                "Actual Startup Time": 78.741,
                                                "Actual Total Time": 78.742,
                                                "Actual Rows": 14168,
                                                "Actual Loops": 1
                                            },
                                            {
                                                "Worker Number": 4,
                                                "Actual Startup Time": 79.835,
                                                "Actual Total Time": 79.836,
                                                "Actual Rows": 16200,
                                                "Actual Loops": 1
                                            }
                                        ],
                                        "Plans": [
                                            {
                                                "Node Type": "Seq Scan",
                                                "Parent Relationship": "Outer",
                                                "Parallel Aware": true,
                                                "Relation Name": "title",
                                                "Schema": "public",
                                                "Alias": "t",
                                                "Startup Cost": 0.0,
                                                "Total Cost": 45479.21,
                                                "Plan Rows": 51716,
                                                "Plan Width": 4,
                                                "Actual Startup Time": 0.09,
                                                "Actual Total Time": 71.385,
                                                "Actual Rows": 17359,
                                                "Actual Loops": 6,
                                                "Output": [
                                                    "t.id"
                                                ],
                                                "Filter": "((t.production_year < 1968) AND (t.kind_id = 7))",
                                                "Rows Removed by Filter": 404026,
                                                "Workers": [
                                                    {
                                                        "Worker Number": 0,
                                                        "Actual Startup Time": 0.059,
                                                        "Actual Total Time": 70.792,
                                                        "Actual Rows": 16128,
                                                        "Actual Loops": 1
                                                    },
                                                    {
                                                        "Worker Number": 1,
                                                        "Actual Startup Time": 0.119,
                                                        "Actual Total Time": 71.16,
                                                        "Actual Rows": 16220,
                                                        "Actual Loops": 1
                                                    },
                                                    {
                                                        "Worker Number": 2,
                                                        "Actual Startup Time": 0.171,
                                                        "Actual Total Time": 71.194,
                                                        "Actual Rows": 14403,
                                                        "Actual Loops": 1
                                                    },
                                                    {
                                                        "Worker Number": 3,
                                                        "Actual Startup Time": 0.091,
                                                        "Actual Total Time": 71.282,
                                                        "Actual Rows": 14168,
                                                        "Actual Loops": 1
                                                    },
                                                    {
                                                        "Worker Number": 4,
                                                        "Actual Startup Time": 0.075,
                                                        "Actual Total Time": 71.199,
                                                        "Actual Rows": 16200,
                                                        "Actual Loops": 1
                                                    }
                                                ]
                                            }
                                        ]
                                    }
                                ]
                            }
                        ]
                    }
                ]
            }
        ]
    },
    "Planning Time": 0.765,
    "Triggers": [],
    "Execution Time": 443.862
}