[
  {
    "Plan": {
      "Node Type": "Aggregate",
      "Strategy": "Plain",
      "Partial Mode": "Finalize",
      "Parallel Aware": false,
      "Startup Cost": 83045.89,
      "Total Cost": 83045.9,
      "Plan Rows": 1,
      "Plan Width": 8,
      "Actual Startup Time": 150.498,
      "Actual Total Time": 163.52,
      "Actual Rows": 1,
      "Actual Loops": 1,
      "Plans": [
        {
          "Node Type": "Gather",
          "Parent Relationship": "Outer",
          "Parallel Aware": false,
          "Startup Cost": 83045.57,
          "Total Cost": 83045.88,
          "Plan Rows": 3,
          "Plan Width": 8,
          "Actual Startup Time": 150.057,
          "Actual Total Time": 163.513,
          "Actual Rows": 4,
          "Actual Loops": 1,
          "Workers Planned": 3,
          "Workers Launched": 3,
          "Single Copy": false,
          "Plans": [
            {
              "Node Type": "Aggregate",
              "Strategy": "Plain",
              "Partial Mode": "Partial",
              "Parent Relationship": "Outer",
              "Parallel Aware": false,
              "Startup Cost": 82045.57,
              "Total Cost": 82045.58,
              "Plan Rows": 1,
              "Plan Width": 8,
              "Actual Startup Time": 143.927,
              "Actual Total Time": 143.933,
              "Actual Rows": 1,
              "Actual Loops": 4,
              "Plans": [
                {
                  "Node Type": "Hash Join",
                  "Parent Relationship": "Outer",
                  "Parallel Aware": true,
                  "Join Type": "Inner",
                  "Startup Cost": 38727.15,
                  "Total Cost": 82038.26,
                  "Plan Rows": 2924,
                  "Plan Width": 0,
                  "Actual Startup Time": 63.647,
                  "Actual Total Time": 143.795,
                  "Actual Rows": 2150,
                  "Actual Loops": 4,
                  "Inner Unique": true,
                  "Hash Cond": "(mk.movie_id = t.id)",
                  "Plans": [
                    {
                      "Node Type": "Seq Scan",
                      "Parent Relationship": "Outer",
                      "Parallel Aware": true,
                      "Relation Name": "movie_keyword",
                      "Alias": "mk",
                      "Startup Cost": 0.0,
                      "Total Cost": 42695.65,
                      "Plan Rows": 234460,
                      "Plan Width": 4,
                      "Actual Startup Time": 2.173,
                      "Actual Total Time": 83.729,
                      "Actual Rows": 180138,
                      "Actual Loops": 4,
                      "Filter": "(keyword_id > 26014)",
                      "Rows Removed by Filter": 950844
                    },
                    {
                      "Node Type": "Hash",
                      "Parent Relationship": "Inner",
                      "Parallel Aware": true,
                      "Startup Cost": 38628.61,
                      "Total Cost": 38628.61,
                      "Plan Rows": 7883,
                      "Plan Width": 4,
                      "Actual Startup Time": 44.121,
                      "Actual Total Time": 44.122,
                      "Actual Rows": 7208,
                      "Actual Loops": 4,
                      "Hash Buckets": 32768,
                      "Original Hash Buckets": 32768,
                      "Hash Batches": 1,
                      "Original Hash Batches": 1,
                      "Peak Memory Usage": 1440,
                      "Plans": [
                        {
                          "Node Type": "Bitmap Heap Scan",
                          "Parent Relationship": "Outer",
                          "Parallel Aware": true,
                          "Relation Name": "title",
                          "Alias": "t",
                          "Startup Cost": 2175.18,
                          "Total Cost": 38628.61,
                          "Plan Rows": 7883,
                          "Plan Width": 4,
                          "Actual Startup Time": 8.856,
                          "Actual Total Time": 41.131,
                          "Actual Rows": 7208,
                          "Actual Loops": 4,
                          "Recheck Cond": "(kind_id = 4)",
                          "Rows Removed by Index Recheck": 0,
                          "Filter": "(production_year > 2008)",
                          "Rows Removed by Filter": 22351,
                          "Exact Heap Blocks": 7578,
                          "Lossy Heap Blocks": 0,
                          "Plans": [
                            {
                              "Node Type": "Bitmap Index Scan",
                              "Parent Relationship": "Outer",
                              "Parallel Aware": false,
                              "Index Name": "kind_id_title",
                              "Startup Cost": 0.0,
                              "Total Cost": 2167.3,
                              "Plan Rows": 121449,
                              "Plan Width": 0,
                              "Actual Startup Time": 10.854,
                              "Actual Total Time": 10.854,
                              "Actual Rows": 118234,
                              "Actual Loops": 1,
                              "Index Cond": "(kind_id = 4)"
                            }
                          ]
                        }
                      ]
                    }
                  ]
                }
              ]
            }
          ]
        }
      ]
    },
    "Planning Time": 0.273,
    "Triggers": [],
    "Execution Time": 163.565
  }
]