[
  {
    "Plan": {
      "Node Type": "Aggregate",
      "Strategy": "Plain",
      "Partial Mode": "Finalize",
      "Parallel Aware": false,
      "Startup Cost": 47311.33,
      "Total Cost": 47311.34,
      "Plan Rows": 1,
      "Plan Width": 8,
      "Actual Startup Time": 184.968,
      "Actual Total Time": 194.604,
      "Actual Rows": 1,
      "Actual Loops": 1,
      "Plans": [
        {
          "Node Type": "Gather",
          "Parent Relationship": "Outer",
          "Parallel Aware": false,
          "Startup Cost": 47311.01,
          "Total Cost": 47311.32,
          "Plan Rows": 3,
          "Plan Width": 8,
          "Actual Startup Time": 184.83,
          "Actual Total Time": 194.594,
          "Actual Rows": 4,
          "Actual Loops": 1,
          "Workers Planned": 3,
          "Workers Launched": 3,
          "Single Copy": false,
          "Plans": [
            {
              "Node Type": "Aggregate",
              "Strategy": "Plain",
              "Partial Mode": "Partial",
              "Parent Relationship": "Outer",
              "Parallel Aware": false,
              "Startup Cost": 46311.01,
              "Total Cost": 46311.02,
              "Plan Rows": 1,
              "Plan Width": 8,
              "Actual Startup Time": 178.903,
              "Actual Total Time": 178.904,
              "Actual Rows": 1,
              "Actual Loops": 4,
              "Plans": [
                {
                  "Node Type": "Seq Scan",
                  "Parent Relationship": "Outer",
                  "Parallel Aware": true,
                  "Relation Name": "movie_keyword",
                  "Alias": "mk",
                  "Startup Cost": 0.0,
                  "Total Cost": 42695.65,
                  "Plan Rows": 1446144,
                  "Plan Width": 0,
                  "Actual Startup Time": 0.044,
                  "Actual Total Time": 126.83,
                  "Actual Rows": 1120357,
                  "Actual Loops": 4,
                  "Filter": "(keyword_id < 103338)",
                  "Rows Removed by Filter": 10625
                }
              ]
            }
          ]
        }
      ]
    },
    "Planning Time": 0.212,
    "Triggers": [],
    "Execution Time": 194.639
  }
]