[
  {
    "Plan": {
      "Node Type": "Aggregate",
      "Strategy": "Plain",
      "Partial Mode": "Finalize",
      "Parallel Aware": false,
      "Startup Cost": 44468.04,
      "Total Cost": 44468.05,
      "Plan Rows": 1,
      "Plan Width": 8,
      "Actual Startup Time": 117.787,
      "Actual Total Time": 127.264,
      "Actual Rows": 1,
      "Actual Loops": 1,
      "Plans": [
        {
          "Node Type": "Gather",
          "Parent Relationship": "Outer",
          "Parallel Aware": false,
          "Startup Cost": 44467.73,
          "Total Cost": 44468.04,
          "Plan Rows": 3,
          "Plan Width": 8,
          "Actual Startup Time": 117.685,
          "Actual Total Time": 127.255,
          "Actual Rows": 4,
          "Actual Loops": 1,
          "Workers Planned": 3,
          "Workers Launched": 3,
          "Single Copy": false,
          "Plans": [
            {
              "Node Type": "Aggregate",
              "Strategy": "Plain",
              "Partial Mode": "Partial",
              "Parent Relationship": "Outer",
              "Parallel Aware": false,
              "Startup Cost": 43467.73,
              "Total Cost": 43467.74,
              "Plan Rows": 1,
              "Plan Width": 8,
              "Actual Startup Time": 112.254,
              "Actual Total Time": 112.255,
              "Actual Rows": 1,
              "Actual Loops": 4,
              "Plans": [
                {
                  "Node Type": "Seq Scan",
                  "Parent Relationship": "Outer",
                  "Parallel Aware": true,
                  "Relation Name": "movie_keyword",
                  "Alias": "mk",
                  "Startup Cost": 0.0,
                  "Total Cost": 42695.65,
                  "Plan Rows": 308829,
                  "Plan Width": 0,
                  "Actual Startup Time": 1.869,
                  "Actual Total Time": 100.597,
                  "Actual Rows": 238838,
                  "Actual Loops": 4,
                  "Filter": "(keyword_id > 19849)",
                  "Rows Removed by Filter": 892145
                }
              ]
            }
          ]
        }
      ]
    },
    "Planning Time": 0.181,
    "Triggers": [],
    "Execution Time": 127.314
  }
]