[
  {
    "Plan": {
      "Node Type": "Aggregate",
      "Strategy": "Plain",
      "Partial Mode": "Finalize",
      "Parallel Aware": false,
      "Startup Cost": 219619.79,
      "Total Cost": 219619.8,
      "Plan Rows": 1,
      "Plan Width": 8,
      "Actual Startup Time": 142.503,
      "Actual Total Time": 163.607,
      "Actual Rows": 1,
      "Actual Loops": 1,
      "Plans": [
        {
          "Node Type": "Gather",
          "Parent Relationship": "Outer",
          "Parallel Aware": false,
          "Startup Cost": 219619.37,
          "Total Cost": 219619.78,
          "Plan Rows": 4,
          "Plan Width": 8,
          "Actual Startup Time": 142.384,
          "Actual Total Time": 163.598,
          "Actual Rows": 5,
          "Actual Loops": 1,
          "Workers Planned": 4,
          "Workers Launched": 4,
          "Single Copy": false,
          "Plans": [
            {
              "Node Type": "Aggregate",
              "Strategy": "Plain",
              "Partial Mode": "Partial",
              "Parent Relationship": "Outer",
              "Parallel Aware": false,
              "Startup Cost": 218619.37,
              "Total Cost": 218619.38,
              "Plan Rows": 1,
              "Plan Width": 8,
              "Actual Startup Time": 132.394,
              "Actual Total Time": 132.396,
              "Actual Rows": 1,
              "Actual Loops": 5,
              "Plans": [
                {
                  "Node Type": "Nested Loop",
                  "Parent Relationship": "Outer",
                  "Parallel Aware": false,
                  "Join Type": "Inner",
                  "Startup Cost": 0.43,
                  "Total Cost": 218617.47,
                  "Plan Rows": 758,
                  "Plan Width": 0,
                  "Actual Startup Time": 1.108,
                  "Actual Total Time": 132.292,
                  "Actual Rows": 985,
                  "Actual Loops": 5,
                  "Inner Unique": false,
                  "Plans": [
                    {
                      "Node Type": "Seq Scan",
                      "Parent Relationship": "Outer",
                      "Parallel Aware": true,
                      "Relation Name": "title",
                      "Alias": "t",
                      "Startup Cost": 0.0,
                      "Total Cost": 45479.1,
                      "Plan Rows": 2727,
                      "Plan Width": 4,
                      "Actual Startup Time": 0.621,
                      "Actual Total Time": 75.752,
                      "Actual Rows": 1513,
                      "Actual Loops": 5,
                      "Filter": "((kind_id < 3) AND (production_year = 1996))",
                      "Rows Removed by Filter": 504150
                    },
                    {
                      "Node Type": "Index Scan",
                      "Parent Relationship": "Inner",
                      "Parallel Aware": false,
                      "Scan Direction": "Forward",
                      "Index Name": "movie_id_movie_info",
                      "Relation Name": "movie_info",
                      "Alias": "mi",
                      "Startup Cost": 0.43,
                      "Total Cost": 63.47,
                      "Plan Rows": 2,
                      "Plan Width": 4,
                      "Actual Startup Time": 0.027,
                      "Actual Total Time": 0.037,
                      "Actual Rows": 1,
                      "Actual Loops": 7563,
                      "Index Cond": "(movie_id = t.id)",
                      "Rows Removed by Index Recheck": 0,
                      "Filter": "(info_type_id = 18)",
                      "Rows Removed by Filter": 13
                    }
                  ]
                }
              ]
            }
          ]
        }
      ]
    },
    "Planning Time": 0.654,
    "Triggers": [],
    "Execution Time": 163.682
  }
]