[
  {
    "Plan": {
      "Node Type": "Aggregate",
      "Strategy": "Plain",
      "Partial Mode": "Finalize",
      "Parallel Aware": false,
      "Startup Cost": 46858.52,
      "Total Cost": 46858.53,
      "Plan Rows": 1,
      "Plan Width": 8,
      "Actual Startup Time": 153.505,
      "Actual Total Time": 159.862,
      "Actual Rows": 1,
      "Actual Loops": 1,
      "Plans": [
        {
          "Node Type": "Gather",
          "Parent Relationship": "Outer",
          "Parallel Aware": false,
          "Startup Cost": 46858.2,
          "Total Cost": 46858.51,
          "Plan Rows": 3,
          "Plan Width": 8,
          "Actual Startup Time": 153.427,
          "Actual Total Time": 159.857,
          "Actual Rows": 4,
          "Actual Loops": 1,
          "Workers Planned": 3,
          "Workers Launched": 3,
          "Single Copy": false,
          "Plans": [
            {
              "Node Type": "Aggregate",
              "Strategy": "Plain",
              "Partial Mode": "Partial",
              "Parent Relationship": "Outer",
              "Parallel Aware": false,
              "Startup Cost": 45858.2,
              "Total Cost": 45858.21,
              "Plan Rows": 1,
              "Plan Width": 8,
              "Actual Startup Time": 149.72,
              "Actual Total Time": 149.721,
              "Actual Rows": 1,
              "Actual Loops": 4,
              "Plans": [
                {
                  "Node Type": "Seq Scan",
                  "Parent Relationship": "Outer",
                  "Parallel Aware": true,
                  "Relation Name": "movie_keyword",
                  "Alias": "mk",
                  "Startup Cost": 0.0,
                  "Total Cost": 42695.65,
                  "Plan Rows": 1265018,
                  "Plan Width": 0,
                  "Actual Startup Time": 0.025,
                  "Actual Total Time": 107.606,
                  "Actual Rows": 982180,
                  "Actual Loops": 4,
                  "Filter": "(keyword_id < 30918)",
                  "Rows Removed by Filter": 148802
                }
              ]
            }
          ]
        }
      ]
    },
    "Planning Time": 0.073,
    "Triggers": [],
    "Execution Time": 159.887
  }
]