{
  "Plan": {
    "Node Type": "Aggregate",
    "Strategy": "Plain",
    "Partial Mode": "Finalize",
    "Parallel Aware": false,
    "Startup Cost": 1298340.77,
    "Total Cost": 1298340.78,
    "Plan Rows": 1,
    "Plan Width": 8,
    "Actual Startup Time": 7026.047,
    "Actual Total Time": 7096.151,
    "Actual Rows": 1,
    "Actual Loops": 1,
    "Plans": [
      {
        "Node Type": "Gather",
        "Parent Relationship": "Outer",
        "Parallel Aware": false,
        "Startup Cost": 1298340.66,
        "Total Cost": 1298340.77,
        "Plan Rows": 1,
        "Plan Width": 8,
        "Actual Startup Time": 7022.209,
        "Actual Total Time": 7096.143,
        "Actual Rows": 2,
        "Actual Loops": 1,
        "Workers Planned": 1,
        "Workers Launched": 1,
        "Single Copy": false,
        "Plans": [
          {
            "Node Type": "Aggregate",
            "Strategy": "Plain",
            "Partial Mode": "Partial",
            "Parent Relationship": "Outer",
            "Parallel Aware": false,
            "Startup Cost": 1297340.66,
            "Total Cost": 1297340.67,
            "Plan Rows": 1,
            "Plan Width": 8,
            "Actual Startup Time": 7005.7,
            "Actual Total Time": 7005.707,
            "Actual Rows": 1,
            "Actual Loops": 2,
            "Plans": [
              {
                "Node Type": "Merge Join",
                "Parent Relationship": "Outer",
                "Parallel Aware": false,
                "Join Type": "Inner",
                "Startup Cost": 1236162.03,
                "Total Cost": 1291601.74,
                "Plan Rows": 2295565,
                "Plan Width": 0,
                "Actual Startup Time": 5795.302,
                "Actual Total Time": 6892.064,
                "Actual Rows": 2773049,
                "Actual Loops": 2,
                "Inner Unique": false,
                "Merge Cond": "(t.id = mi_idx.movie_id)",
                "Plans": [
                  {
                    "Node Type": "Sort",
                    "Parent Relationship": "Outer",
                    "Parallel Aware": false,
                    "Startup Cost": 1073688.4,
                    "Total Cost": 1084202.37,
                    "Plan Rows": 4205590,
                    "Plan Width": 8,
                    "Actual Startup Time": 5412.901,
                    "Actual Total Time": 5815.889,
                    "Actual Rows": 3594282,
                    "Actual Loops": 2,
                    "Sort Key": [
                      "t.id"
                    ],
                    "Sort Method": "quicksort",
                    "Sort Space Used": 268995,
                    "Sort Space Type": "Memory",
                    "Workers": [
                      {
                        "Worker Number": 0,
                        "Sort Method": "quicksort",
                        "Sort Space Used": 264581,
                        "Sort Space Type": "Memory"
                      }
                    ],
                    "Plans": [
                      {
                        "Node Type": "Hash Join",
                        "Parent Relationship": "Outer",
                        "Parallel Aware": true,
                        "Join Type": "Inner",
                        "Startup Cost": 61287.7,
                        "Total Cost": 610991.98,
                        "Plan Rows": 4205590,
                        "Plan Width": 8,
                        "Actual Startup Time": 277.905,
                        "Actual Total Time": 4499.936,
                        "Actual Rows": 3594315,
                        "Actual Loops": 2,
                        "Inner Unique": true,
                        "Hash Cond": "(ci.movie_id = t.id)",
                        "Plans": [
                          {
                            "Node Type": "Seq Scan",
                            "Parent Relationship": "Outer",
                            "Parallel Aware": true,
                            "Relation Name": "cast_info",
                            "Alias": "ci",
                            "Startup Cost": 0.0,
                            "Total Cost": 519069.44,
                            "Plan Rows": 11670392,
                            "Plan Width": 4,
                            "Actual Startup Time": 0.014,
                            "Actual Total Time": 1734.824,
                            "Actual Rows": 10061330,
                            "Actual Loops": 2,
                            "Filter": "(role_id < 3)",
                            "Rows Removed by Filter": 8060842
                          },
                          {
                            "Node Type": "Hash",
                            "Parent Relationship": "Inner",
                            "Parallel Aware": true,
                            "Startup Cost": 54588.39,
                            "Total Cost": 54588.39,
                            "Plan Rows": 535945,
                            "Plan Width": 4,
                            "Actual Startup Time": 268.779,
                            "Actual Total Time": 268.78,
                            "Actual Rows": 452246,
                            "Actual Loops": 2,
                            "Hash Buckets": 1048576,
                            "Original Hash Buckets": 1048576,
                            "Hash Batches": 1,
                            "Original Hash Batches": 1,
                            "Peak Memory Usage": 43616,
                            "Plans": [
                              {
                                "Node Type": "Seq Scan",
                                "Parent Relationship": "Outer",
                                "Parallel Aware": true,
                                "Relation Name": "title",
                                "Alias": "t",
                                "Startup Cost": 0.0,
                                "Total Cost": 54588.39,
                                "Plan Rows": 535945,
                                "Plan Width": 4,
                                "Actual Startup Time": 0.035,
                                "Actual Total Time": 157.42,
                                "Actual Rows": 452246,
                                "Actual Loops": 2,
                                "Filter": "(production_year > 2006)",
                                "Rows Removed by Filter": 811910
                              }
                            ]
                          }
                        ]
                      }
                    ]
                  },
                  {
                    "Node Type": "Sort",
                    "Parent Relationship": "Inner",
                    "Parallel Aware": false,
                    "Startup Cost": 162473.21,
                    "Total Cost": 165923.29,
                    "Plan Rows": 1380035,
                    "Plan Width": 4,
                    "Actual Startup Time": 382.388,
                    "Actual Total Time": 523.582,
                    "Actual Rows": 3840696,
                    "Actual Loops": 2,
                    "Sort Key": [
                      "mi_idx.movie_id"
                    ],
                    "Sort Method": "quicksort",
                    "Sort Space Used": 113842,
                    "Sort Space Type": "Memory",
                    "Workers": [
                      {
                        "Worker Number": 0,
                        "Sort Method": "quicksort",
                        "Sort Space Used": 113842,
                        "Sort Space Type": "Memory"
                      }
                    ],
                    "Plans": [
                      {
                        "Node Type": "Seq Scan",
                        "Parent Relationship": "Outer",
                        "Parallel Aware": false,
                        "Relation Name": "movie_info_idx",
                        "Alias": "mi_idx",
                        "Startup Cost": 0.0,
                        "Total Cost": 21735.35,
                        "Plan Rows": 1380035,
                        "Plan Width": 4,
                        "Actual Startup Time": 0.041,
                        "Actual Total Time": 116.741,
                        "Actual Rows": 1380035,
                        "Actual Loops": 2
                      }
                    ]
                  }
                ]
              }
            ]
          }
        ]
      }
    ]
  },
  "Planning Time": 1.088,
  "Triggers": [],
  "Execution Time": 7134.458
}