[
  {
    "Plan": {
      "Node Type": "Aggregate",
      "Strategy": "Plain",
      "Partial Mode": "Simple",
      "Parallel Aware": false,
      "Startup Cost": 712.83,
      "Total Cost": 712.84,
      "Plan Rows": 1,
      "Plan Width": 8,
      "Actual Startup Time": 29.173,
      "Actual Total Time": 29.174,
      "Actual Rows": 1,
      "Actual Loops": 1,
      "Plans": [
        {
          "Node Type": "Nested Loop",
          "Parent Relationship": "Outer",
          "Parallel Aware": false,
          "Join Type": "Inner",
          "Startup Cost": 0.86,
          "Total Cost": 712.81,
          "Plan Rows": 9,
          "Plan Width": 0,
          "Actual Startup Time": 16.375,
          "Actual Total Time": 28.921,
          "Actual Rows": 1734,
          "Actual Loops": 1,
          "Inner Unique": true,
          "Plans": [
            {
              "Node Type": "Index Scan",
              "Parent Relationship": "Outer",
              "Parallel Aware": false,
              "Scan Direction": "Forward",
              "Index Name": "company_id_movie_companies",
              "Relation Name": "movie_companies",
              "Alias": "mc",
              "Startup Cost": 0.43,
              "Total Cost": 273.41,
              "Plan Rows": 52,
              "Plan Width": 4,
              "Actual Startup Time": 16.349,
              "Actual Total Time": 18.864,
              "Actual Rows": 1734,
              "Actual Loops": 1,
              "Index Cond": "(company_id = 11151)",
              "Rows Removed by Index Recheck": 0,
              "Filter": "(company_type_id = 2)",
              "Rows Removed by Filter": 205
            },
            {
              "Node Type": "Index Scan",
              "Parent Relationship": "Inner",
              "Parallel Aware": false,
              "Scan Direction": "Forward",
              "Index Name": "title_pkey",
              "Relation Name": "title",
              "Alias": "t",
              "Startup Cost": 0.43,
              "Total Cost": 8.45,
              "Plan Rows": 1,
              "Plan Width": 4,
              "Actual Startup Time": 0.005,
              "Actual Total Time": 0.005,
              "Actual Rows": 1,
              "Actual Loops": 1734,
              "Index Cond": "(id = mc.movie_id)",
              "Rows Removed by Index Recheck": 0,
              "Filter": "(production_year < 1978)",
              "Rows Removed by Filter": 0
            }
          ]
        }
      ]
    },
    "Planning Time": 0.318,
    "Triggers": [],
    "Execution Time": 29.21
  }
]