{
  "Plan": {
    "Node Type": "Aggregate",
    "Strategy": "Plain",
    "Partial Mode": "Simple",
    "Parallel Aware": false,
    "Startup Cost": 691995.54,
    "Total Cost": 691995.55,
    "Plan Rows": 1,
    "Plan Width": 96,
    "Actual Startup Time": 9068.27,
    "Actual Total Time": 9073.499,
    "Actual Rows": 1,
    "Actual Loops": 1,
    "Plans": [
      {
        "Node Type": "Gather",
        "Parent Relationship": "Outer",
        "Parallel Aware": false,
        "Startup Cost": 82815.82,
        "Total Cost": 691995.53,
        "Plan Rows": 1,
        "Plan Width": 66,
        "Actual Startup Time": 610.965,
        "Actual Total Time": 9070.054,
        "Actual Rows": 11345,
        "Actual Loops": 1,
        "Workers Planned": 1,
        "Workers Launched": 0,
        "Single Copy": false,
        "Plans": [
          {
            "Node Type": "Nested Loop",
            "Parent Relationship": "Outer",
            "Parallel Aware": false,
            "Join Type": "Inner",
            "Startup Cost": 81815.82,
            "Total Cost": 690995.43,
            "Plan Rows": 1,
            "Plan Width": 66,
            "Actual Startup Time": 609.904,
            "Actual Total Time": 9062.342,
            "Actual Rows": 11345,
            "Actual Loops": 1,
            "Inner Unique": true,
            "Plans": [
              {
                "Node Type": "Nested Loop",
                "Parent Relationship": "Outer",
                "Parallel Aware": false,
                "Join Type": "Inner",
                "Startup Cost": 81815.39,
                "Total Cost": 690994.92,
                "Plan Rows": 1,
                "Plan Width": 70,
                "Actual Startup Time": 609.89,
                "Actual Total Time": 8998.859,
                "Actual Rows": 16756,
                "Actual Loops": 1,
                "Inner Unique": true,
                "Plans": [
                  {
                    "Node Type": "Nested Loop",
                    "Parent Relationship": "Outer",
                    "Parallel Aware": false,
                    "Join Type": "Inner",
                    "Startup Cost": 81815.25,
                    "Total Cost": 690992.95,
                    "Plan Rows": 12,
                    "Plan Width": 74,
                    "Actual Startup Time": 609.88,
                    "Actual Total Time": 8979.027,
                    "Actual Rows": 16819,
                    "Actual Loops": 1,
                    "Inner Unique": false,
                    "Join Filter": "(t.id = mi.movie_id)",
                    "Rows Removed by Join Filter": 0,
                    "Plans": [
                      {
                        "Node Type": "Hash Join",
                        "Parent Relationship": "Outer",
                        "Parallel Aware": false,
                        "Join Type": "Inner",
                        "Startup Cost": 81814.81,
                        "Total Cost": 690282.18,
                        "Plan Rows": 501,
                        "Plan Width": 39,
                        "Actual Startup Time": 609.549,
                        "Actual Total Time": 6052.723,
                        "Actual Rows": 198895,
                        "Actual Loops": 1,
                        "Inner Unique": true,
                        "Hash Cond": "(mi_idx.info_type_id = it2.id)",
                        "Plans": [
                          {
                            "Node Type": "Hash Join",
                            "Parent Relationship": "Outer",
                            "Parallel Aware": true,
                            "Join Type": "Inner",
                            "Startup Cost": 81812.39,
                            "Total Cost": 690125.68,
                            "Plan Rows": 56569,
                            "Plan Width": 43,
                            "Actual Startup Time": 609.445,
                            "Actual Total Time": 6010.706,
                            "Actual Rows": 269894,
                            "Actual Loops": 1,
                            "Inner Unique": false,
                            "Hash Cond": "(t.id = mi_idx.movie_id)",
                            "Plans": [
                              {
                                "Node Type": "Hash Join",
                                "Parent Relationship": "Outer",
                                "Parallel Aware": true,
                                "Join Type": "Inner",
                                "Startup Cost": 61106.31,
                                "Total Cost": 667082.83,
                                "Plan Rows": 400802,
                                "Plan Width": 29,
                                "Actual Startup Time": 364.757,
                                "Actual Total Time": 5450.631,
                                "Actual Rows": 662122,
                                "Actual Loops": 1,
                                "Inner Unique": true,
                                "Hash Cond": "(ci.movie_id = t.id)",
                                "Plans": [
                                  {
                                    "Node Type": "Seq Scan",
                                    "Parent Relationship": "Outer",
                                    "Parallel Aware": true,
                                    "Relation Name": "cast_info",
                                    "Alias": "ci",
                                    "Startup Cost": 0.0,
                                    "Total Cost": 598993.12,
                                    "Plan Rows": 2660341,
                                    "Plan Width": 8,
                                    "Actual Startup Time": 0.013,
                                    "Actual Total Time": 3614.389,
                                    "Actual Rows": 4484376,
                                    "Actual Loops": 1,
                                    "Filter": "(note = ANY ('{(voice),(writer),(producer),(uncredited),\"(executive producer)\"}'::text[]))",
                                    "Rows Removed by Filter": 31759968
                                  },
                                  {
                                    "Node Type": "Hash",
                                    "Parent Relationship": "Inner",
                                    "Parallel Aware": true,
                                    "Startup Cost": 58305.62,
                                    "Total Cost": 58305.62,
                                    "Plan Rows": 224055,
                                    "Plan Width": 21,
                                    "Actual Startup Time": 361.502,
                                    "Actual Total Time": 361.503,
                                    "Actual Rows": 377105,
                                    "Actual Loops": 1,
                                    "Hash Buckets": 524288,
                                    "Original Hash Buckets": 524288,
                                    "Hash Batches": 1,
                                    "Original Hash Batches": 1,
                                    "Peak Memory Usage": 25184,
                                    "Plans": [
                                      {
                                        "Node Type": "Seq Scan",
                                        "Parent Relationship": "Outer",
                                        "Parallel Aware": true,
                                        "Relation Name": "title",
                                        "Alias": "t",
                                        "Startup Cost": 0.0,
                                        "Total Cost": 58305.62,
                                        "Plan Rows": 224055,
                                        "Plan Width": 21,
                                        "Actual Startup Time": 0.009,
                                        "Actual Total Time": 245.818,
                                        "Actual Rows": 377105,
                                        "Actual Loops": 1,
                                        "Filter": "((production_year >= 1999) AND (production_year <= 2004))",
                                        "Rows Removed by Filter": 2151207
                                      }
                                    ]
                                  }
                                ]
                              },
                              {
                                "Node Type": "Hash",
                                "Parent Relationship": "Inner",
                                "Parallel Aware": true,
                                "Startup Cost": 18082.32,
                                "Total Cost": 18082.32,
                                "Plan Rows": 209901,
                                "Plan Width": 14,
                                "Actual Startup Time": 235.304,
                                "Actual Total Time": 235.304,
                                "Actual Rows": 361032,
                                "Actual Loops": 1,
                                "Hash Buckets": 524288,
                                "Original Hash Buckets": 524288,
                                "Hash Batches": 1,
                                "Original Hash Batches": 1,
                                "Peak Memory Usage": 21088,
                                "Plans": [
                                  {
                                    "Node Type": "Seq Scan",
                                    "Parent Relationship": "Outer",
                                    "Parallel Aware": true,
                                    "Relation Name": "movie_info_idx",
                                    "Alias": "mi_idx",
                                    "Startup Cost": 0.0,
                                    "Total Cost": 18082.32,
                                    "Plan Rows": 209901,
                                    "Plan Width": 14,
                                    "Actual Startup Time": 0.02,
                                    "Actual Total Time": 141.804,
                                    "Actual Rows": 361032,
                                    "Actual Loops": 1,
                                    "Filter": "(info > '6.1'::text)",
                                    "Rows Removed by Filter": 1019003
                                  }
                                ]
                              }
                            ]
                          },
                          {
                            "Node Type": "Hash",
                            "Parent Relationship": "Inner",
                            "Parallel Aware": false,
                            "Startup Cost": 2.41,
                            "Total Cost": 2.41,
                            "Plan Rows": 1,
                            "Plan Width": 4,
                            "Actual Startup Time": 0.057,
                            "Actual Total Time": 0.058,
                            "Actual Rows": 1,
                            "Actual Loops": 1,
                            "Hash Buckets": 1024,
                            "Original Hash Buckets": 1024,
                            "Hash Batches": 1,
                            "Original Hash Batches": 1,
                            "Peak Memory Usage": 9,
                            "Plans": [
                              {
                                "Node Type": "Seq Scan",
                                "Parent Relationship": "Outer",
                                "Parallel Aware": false,
                                "Relation Name": "info_type",
                                "Alias": "it2",
                                "Startup Cost": 0.0,
                                "Total Cost": 2.41,
                                "Plan Rows": 1,
                                "Plan Width": 4,
                                "Actual Startup Time": 0.045,
                                "Actual Total Time": 0.05,
                                "Actual Rows": 1,
                                "Actual Loops": 1,
                                "Filter": "((info)::text = 'rating'::text)",
                                "Rows Removed by Filter": 112
                              }
                            ]
                          }
                        ]
                      },
                      {
                        "Node Type": "Index Scan",
                        "Parent Relationship": "Inner",
                        "Parallel Aware": false,
                        "Scan Direction": "Forward",
                        "Index Name": "movie_id_movie_info",
                        "Relation Name": "movie_info",
                        "Alias": "mi",
                        "Startup Cost": 0.43,
                        "Total Cost": 1.41,
                        "Plan Rows": 1,
                        "Plan Width": 51,
                        "Actual Startup Time": 0.014,
                        "Actual Total Time": 0.014,
                        "Actual Rows": 0,
                        "Actual Loops": 198895,
                        "Index Cond": "(movie_id = ci.movie_id)",
                        "Rows Removed by Index Recheck": 0,
                        "Filter": "((note IS NULL) AND (info = ANY ('{Action,War}'::text[])))",
                        "Rows Removed by Filter": 29
                      }
                    ]
                  },
                  {
                    "Node Type": "Index Scan",
                    "Parent Relationship": "Inner",
                    "Parallel Aware": false,
                    "Scan Direction": "Forward",
                    "Index Name": "info_type_pkey",
                    "Relation Name": "info_type",
                    "Alias": "it1",
                    "Startup Cost": 0.14,
                    "Total Cost": 0.16,
                    "Plan Rows": 1,
                    "Plan Width": 4,
                    "Actual Startup Time": 0.001,
                    "Actual Total Time": 0.001,
                    "Actual Rows": 1,
                    "Actual Loops": 16819,
                    "Index Cond": "(id = mi.info_type_id)",
                    "Rows Removed by Index Recheck": 0,
                    "Filter": "((info)::text = 'genres'::text)",
                    "Rows Removed by Filter": 0
                  }
                ]
              },
              {
                "Node Type": "Index Scan",
                "Parent Relationship": "Inner",
                "Parallel Aware": false,
                "Scan Direction": "Forward",
                "Index Name": "name_pkey",
                "Relation Name": "name",
                "Alias": "n",
                "Startup Cost": 0.43,
                "Total Cost": 0.51,
                "Plan Rows": 1,
                "Plan Width": 4,
                "Actual Startup Time": 0.003,
                "Actual Total Time": 0.003,
                "Actual Rows": 1,
                "Actual Loops": 16756,
                "Index Cond": "(id = ci.person_id)",
                "Rows Removed by Index Recheck": 0,
                "Filter": "((gender IS NOT NULL) AND ((gender)::text = 'm'::text))",
                "Rows Removed by Filter": 0
              }
            ]
          }
        ]
      }
    ]
  },
  "Planning Time": 2.001,
  "Triggers": [],
  "Execution Time": 9073.651
}