{
  "Plan": {
    "Node Type": "Aggregate",
    "Strategy": "Plain",
    "Partial Mode": "Finalize",
    "Parallel Aware": false,
    "Startup Cost": 160038.49,
    "Total Cost": 160038.5,
    "Plan Rows": 1,
    "Plan Width": 8,
    "Actual Startup Time": 900.218,
    "Actual Total Time": 918.496,
    "Actual Rows": 1,
    "Actual Loops": 1,
    "Plans": [
      {
        "Node Type": "Gather",
        "Parent Relationship": "Outer",
        "Parallel Aware": false,
        "Startup Cost": 160038.38,
        "Total Cost": 160038.49,
        "Plan Rows": 1,
        "Plan Width": 8,
        "Actual Startup Time": 895.588,
        "Actual Total Time": 918.488,
        "Actual Rows": 2,
        "Actual Loops": 1,
        "Workers Planned": 1,
        "Workers Launched": 1,
        "Single Copy": false,
        "Plans": [
          {
            "Node Type": "Aggregate",
            "Strategy": "Plain",
            "Partial Mode": "Partial",
            "Parent Relationship": "Outer",
            "Parallel Aware": false,
            "Startup Cost": 159038.38,
            "Total Cost": 159038.39,
            "Plan Rows": 1,
            "Plan Width": 8,
            "Actual Startup Time": 889.688,
            "Actual Total Time": 890.9,
            "Actual Rows": 1,
            "Actual Loops": 2,
            "Plans": [
              {
                "Node Type": "Hash Join",
                "Parent Relationship": "Outer",
                "Parallel Aware": true,
                "Join Type": "Inner",
                "Startup Cost": 136971.57,
                "Total Cost": 158458.84,
                "Plan Rows": 231815,
                "Plan Width": 0,
                "Actual Startup Time": 742.72,
                "Actual Total Time": 877.092,
                "Actual Rows": 324904,
                "Actual Loops": 2,
                "Inner Unique": false,
                "Hash Cond": "(mi_idx.movie_id = t.id)",
                "Plans": [
                  {
                    "Node Type": "Seq Scan",
                    "Parent Relationship": "Outer",
                    "Parallel Aware": true,
                    "Relation Name": "movie_info_idx",
                    "Alias": "mi_idx",
                    "Startup Cost": 0.0,
                    "Total Cost": 18082.32,
                    "Plan Rows": 544356,
                    "Plan Width": 4,
                    "Actual Startup Time": 0.023,
                    "Actual Total Time": 56.324,
                    "Actual Rows": 460055,
                    "Actual Loops": 2,
                    "Filter": "(info_type_id > 99)",
                    "Rows Removed by Filter": 229962
                  },
                  {
                    "Node Type": "Hash",
                    "Parent Relationship": "Inner",
                    "Parallel Aware": true,
                    "Startup Cost": 129054.79,
                    "Total Cost": 129054.79,
                    "Plan Rows": 633342,
                    "Plan Width": 8,
                    "Actual Startup Time": 730.227,
                    "Actual Total Time": 731.437,
                    "Actual Rows": 287036,
                    "Actual Loops": 2,
                    "Hash Buckets": 2097152,
                    "Original Hash Buckets": 2097152,
                    "Hash Batches": 1,
                    "Original Hash Batches": 1,
                    "Peak Memory Usage": 38880,
                    "Plans": [
                      {
                        "Node Type": "Hash Join",
                        "Parent Relationship": "Outer",
                        "Parallel Aware": true,
                        "Join Type": "Inner",
                        "Startup Cost": 68218.47,
                        "Total Cost": 129054.79,
                        "Plan Rows": 633342,
                        "Plan Width": 8,
                        "Actual Startup Time": 354.106,
                        "Actual Total Time": 668.067,
                        "Actual Rows": 287036,
                        "Actual Loops": 2,
                        "Inner Unique": true,
                        "Hash Cond": "(mk.movie_id = t.id)",
                        "Plans": [
                          {
                            "Node Type": "Seq Scan",
                            "Parent Relationship": "Outer",
                            "Parallel Aware": true,
                            "Relation Name": "movie_keyword",
                            "Alias": "mk",
                            "Startup Cost": 0.0,
                            "Total Cost": 57718.19,
                            "Plan Rows": 1187860,
                            "Plan Width": 4,
                            "Actual Startup Time": 0.543,
                            "Actual Total Time": 181.94,
                            "Actual Rows": 1007850,
                            "Actual Loops": 2,
                            "Filter": "(keyword_id > 6160)",
                            "Rows Removed by Filter": 1254115
                          },
                          {
                            "Node Type": "Hash",
                            "Parent Relationship": "Inner",
                            "Parallel Aware": true,
                            "Startup Cost": 58306.47,
                            "Total Cost": 58306.47,
                            "Plan Rows": 792960,
                            "Plan Width": 4,
                            "Actual Startup Time": 346.896,
                            "Actual Total Time": 346.897,
                            "Actual Rows": 662844,
                            "Actual Loops": 2,
                            "Hash Buckets": 2097152,
                            "Original Hash Buckets": 2097152,
                            "Hash Batches": 1,
                            "Original Hash Batches": 1,
                            "Peak Memory Usage": 68288,
                            "Plans": [
                              {
                                "Node Type": "Seq Scan",
                                "Parent Relationship": "Outer",
                                "Parallel Aware": true,
                                "Relation Name": "title",
                                "Alias": "t",
                                "Startup Cost": 0.0,
                                "Total Cost": 58306.47,
                                "Plan Rows": 792960,
                                "Plan Width": 4,
                                "Actual Startup Time": 0.028,
                                "Actual Total Time": 170.137,
                                "Actual Rows": 662844,
                                "Actual Loops": 2,
                                "Filter": "((kind_id > 2) AND (production_year < 2010))",
                                "Rows Removed by Filter": 601312
                              }
                            ]
                          }
                        ]
                      }
                    ]
                  }
                ]
              }
            ]
          }
        ]
      }
    ]
  },
  "Planning Time": 0.682,
  "Triggers": [],
  "Execution Time": 918.557
}