[
    {
        "Bao": {
            "Bao prediction": "NaN",
            "Bao recommended hint": "(no hint)"
        }
    },
    {
        "Plan": {
            "Node Type": "Aggregate",
            "Strategy": "Plain",
            "Partial Mode": "Finalize",
            "Parallel Aware": false,
            "Startup Cost": 31940.86,
            "Total Cost": 31940.87,
            "Plan Rows": 1,
            "Plan Width": 8,
            "Actual Startup Time": 93.801,
            "Actual Total Time": 97.973,
            "Actual Rows": 1,
            "Actual Loops": 1,
            "Output": [
                "count(*)"
            ],
            "Plans": [
                {
                    "Node Type": "Gather",
                    "Parent Relationship": "Outer",
                    "Parallel Aware": false,
                    "Startup Cost": 31940.54,
                    "Total Cost": 31940.85,
                    "Plan Rows": 3,
                    "Plan Width": 8,
                    "Actual Startup Time": 93.625,
                    "Actual Total Time": 97.964,
                    "Actual Rows": 4,
                    "Actual Loops": 1,
                    "Output": [
                        "(PARTIAL count(*))"
                    ],
                    "Workers Planned": 3,
                    "Workers Launched": 3,
                    "Single Copy": false,
                    "Plans": [
                        {
                            "Node Type": "Aggregate",
                            "Strategy": "Plain",
                            "Partial Mode": "Partial",
                            "Parent Relationship": "Outer",
                            "Parallel Aware": false,
                            "Startup Cost": 30940.54,
                            "Total Cost": 30940.55,
                            "Plan Rows": 1,
                            "Plan Width": 8,
                            "Actual Startup Time": 84.506,
                            "Actual Total Time": 84.508,
                            "Actual Rows": 1,
                            "Actual Loops": 4,
                            "Output": [
                                "PARTIAL count(*)"
                            ],
                            "Workers": [
                                {
                                    "Worker Number": 0,
                                    "Actual Startup Time": 81.397,
                                    "Actual Total Time": 81.398,
                                    "Actual Rows": 1,
                                    "Actual Loops": 1
                                },
                                {
                                    "Worker Number": 1,
                                    "Actual Startup Time": 81.511,
                                    "Actual Total Time": 81.512,
                                    "Actual Rows": 1,
                                    "Actual Loops": 1
                                },
                                {
                                    "Worker Number": 2,
                                    "Actual Startup Time": 81.984,
                                    "Actual Total Time": 81.986,
                                    "Actual Rows": 1,
                                    "Actual Loops": 1
                                }
                            ],
                            "Plans": [
                                {
                                    "Node Type": "Bitmap Heap Scan",
                                    "Parent Relationship": "Outer",
                                    "Parallel Aware": true,
                                    "Relation Name": "movie_companies",
                                    "Schema": "public",
                                    "Alias": "mc",
                                    "Startup Cost": 9770.44,
                                    "Total Cost": 30754.14,
                                    "Plan Rows": 74561,
                                    "Plan Width": 0,
                                    "Actual Startup Time": 28.775,
                                    "Actual Total Time": 75.496,
                                    "Actual Rows": 113944,
                                    "Actual Loops": 4,
                                    "Recheck Cond": "(mc.company_id > 76844)",
                                    "Rows Removed by Index Recheck": 0,
                                    "Filter": "(mc.company_type_id > 1)",
                                    "Rows Removed by Filter": 0,
                                    "Exact Heap Blocks": 2818,
                                    "Lossy Heap Blocks": 0,
                                    "Workers": [
                                        {
                                            "Worker Number": 0,
                                            "Actual Startup Time": 25.735,
                                            "Actual Total Time": 73.116,
                                            "Actual Rows": 106218,
                                            "Actual Loops": 1
                                        },
                                        {
                                            "Worker Number": 1,
                                            "Actual Startup Time": 25.861,
                                            "Actual Total Time": 73.216,
                                            "Actual Rows": 87968,
                                            "Actual Loops": 1
                                        },
                                        {
                                            "Worker Number": 2,
                                            "Actual Startup Time": 26.336,
                                            "Actual Total Time": 73.795,
                                            "Actual Rows": 89134,
                                            "Actual Loops": 1
                                        }
                                    ],
                                    "Plans": [
                                        {
                                            "Node Type": "Bitmap Index Scan",
                                            "Parent Relationship": "Outer",
                                            "Parallel Aware": false,
                                            "Index Name": "company_id_movie_companies",
                                            "Startup Cost": 0.0,
                                            "Total Cost": 9712.66,
                                            "Plan Rows": 453364,
                                            "Plan Width": 0,
                                            "Actual Startup Time": 35.77,
                                            "Actual Total Time": 35.77,
                                            "Actual Rows": 455776,
                                            "Actual Loops": 1,
                                            "Index Cond": "(mc.company_id > 76844)"
                                        }
                                    ]
                                }
                            ]
                        }
                    ]
                }
            ]
        },
        "Planning Time": 307.196,
        "Triggers": [],
        "Execution Time": 98.099
    }
]