[
  {
    "Plan": {
      "Node Type": "Aggregate",
      "Strategy": "Plain",
      "Partial Mode": "Finalize",
      "Parallel Aware": false,
      "Startup Cost": 52854.41,
      "Total Cost": 52854.42,
      "Plan Rows": 1,
      "Plan Width": 8,
      "Actual Startup Time": 93.701,
      "Actual Total Time": 106.52,
      "Actual Rows": 1,
      "Actual Loops": 1,
      "Plans": [
        {
          "Node Type": "Gather",
          "Parent Relationship": "Outer",
          "Parallel Aware": false,
          "Startup Cost": 52853.99,
          "Total Cost": 52854.4,
          "Plan Rows": 4,
          "Plan Width": 8,
          "Actual Startup Time": 93.5,
          "Actual Total Time": 106.511,
          "Actual Rows": 5,
          "Actual Loops": 1,
          "Workers Planned": 4,
          "Workers Launched": 4,
          "Single Copy": false,
          "Plans": [
            {
              "Node Type": "Aggregate",
              "Strategy": "Plain",
              "Partial Mode": "Partial",
              "Parent Relationship": "Outer",
              "Parallel Aware": false,
              "Startup Cost": 51853.99,
              "Total Cost": 51854.0,
              "Plan Rows": 1,
              "Plan Width": 8,
              "Actual Startup Time": 88.731,
              "Actual Total Time": 88.733,
              "Actual Rows": 1,
              "Actual Loops": 5,
              "Plans": [
                {
                  "Node Type": "Nested Loop",
                  "Parent Relationship": "Outer",
                  "Parallel Aware": false,
                  "Join Type": "Inner",
                  "Startup Cost": 0.43,
                  "Total Cost": 51853.56,
                  "Plan Rows": 172,
                  "Plan Width": 0,
                  "Actual Startup Time": 55.556,
                  "Actual Total Time": 88.689,
                  "Actual Rows": 296,
                  "Actual Loops": 5,
                  "Inner Unique": false,
                  "Plans": [
                    {
                      "Node Type": "Seq Scan",
                      "Parent Relationship": "Outer",
                      "Parallel Aware": true,
                      "Relation Name": "title",
                      "Alias": "t",
                      "Startup Cost": 0.0,
                      "Total Cost": 45479.59,
                      "Plan Rows": 935,
                      "Plan Width": 4,
                      "Actual Startup Time": 55.366,
                      "Actual Total Time": 81.983,
                      "Actual Rows": 751,
                      "Actual Loops": 5,
                      "Filter": "((kind_id = 1) AND (production_year = 1965))",
                      "Rows Removed by Filter": 504912
                    },
                    {
                      "Node Type": "Index Scan",
                      "Parent Relationship": "Inner",
                      "Parallel Aware": false,
                      "Scan Direction": "Forward",
                      "Index Name": "movie_id_movie_info_idx",
                      "Relation Name": "movie_info_idx",
                      "Alias": "mi_idx",
                      "Startup Cost": 0.43,
                      "Total Cost": 6.81,
                      "Plan Rows": 1,
                      "Plan Width": 4,
                      "Actual Startup Time": 0.008,
                      "Actual Total Time": 0.008,
                      "Actual Rows": 0,
                      "Actual Loops": 3753,
                      "Index Cond": "(movie_id = t.id)",
                      "Rows Removed by Index Recheck": 0,
                      "Filter": "(info_type_id > 100)",
                      "Rows Removed by Filter": 1
                    }
                  ]
                }
              ]
            }
          ]
        }
      ]
    },
    "Planning Time": 0.635,
    "Triggers": [],
    "Execution Time": 106.594
  }
]