[
    {
        "Bao": {
            "Bao prediction": 271.291,
            "Bao recommended hint": "(no hint)"
        }
    },
    {
        "Plan": {
            "Node Type": "Aggregate",
            "Strategy": "Plain",
            "Partial Mode": "Simple",
            "Parallel Aware": false,
            "Startup Cost": 6242.71,
            "Total Cost": 6242.72,
            "Plan Rows": 1,
            "Plan Width": 96,
            "Actual Startup Time": 142.333,
            "Actual Total Time": 142.341,
            "Actual Rows": 1,
            "Actual Loops": 1,
            "Output": [
                "min(cn.name)",
                "min(mc.note)",
                "min(t.title)"
            ],
            "Plans": [
                {
                    "Node Type": "Nested Loop",
                    "Parent Relationship": "Outer",
                    "Parallel Aware": false,
                    "Join Type": "Inner",
                    "Startup Cost": 12.36,
                    "Total Cost": 6242.71,
                    "Plan Rows": 1,
                    "Plan Width": 60,
                    "Actual Startup Time": 22.05,
                    "Actual Total Time": 142.24,
                    "Actual Rows": 116,
                    "Actual Loops": 1,
                    "Output": [
                        "cn.name",
                        "mc.note",
                        "t.title"
                    ],
                    "Inner Unique": true,
                    "Join Filter": "(ml.movie_id = t.id)",
                    "Rows Removed by Join Filter": 0,
                    "Plans": [
                        {
                            "Node Type": "Nested Loop",
                            "Parent Relationship": "Outer",
                            "Parallel Aware": false,
                            "Join Type": "Inner",
                            "Startup Cost": 11.93,
                            "Total Cost": 6242.2,
                            "Plan Rows": 1,
                            "Plan Width": 55,
                            "Actual Startup Time": 21.96,
                            "Actual Total Time": 141.615,
                            "Actual Rows": 116,
                            "Actual Loops": 1,
                            "Output": [
                                "cn.name",
                                "mc.note",
                                "mc.movie_id",
                                "mk.movie_id",
                                "ml.movie_id"
                            ],
                            "Inner Unique": true,
                            "Join Filter": "(ml.link_type_id = lt.id)",
                            "Rows Removed by Join Filter": 626,
                            "Plans": [
                                {
                                    "Node Type": "Nested Loop",
                                    "Parent Relationship": "Outer",
                                    "Parallel Aware": false,
                                    "Join Type": "Inner",
                                    "Startup Cost": 11.93,
                                    "Total Cost": 6240.8,
                                    "Plan Rows": 1,
                                    "Plan Width": 59,
                                    "Actual Startup Time": 21.948,
                                    "Actual Total Time": 141.001,
                                    "Actual Rows": 116,
                                    "Actual Loops": 1,
                                    "Output": [
                                        "cn.name",
                                        "mc.note",
                                        "mc.movie_id",
                                        "mk.movie_id",
                                        "ml.link_type_id",
                                        "ml.movie_id"
                                    ],
                                    "Inner Unique": true,
                                    "Plans": [
                                        {
                                            "Node Type": "Nested Loop",
                                            "Parent Relationship": "Outer",
                                            "Parallel Aware": false,
                                            "Join Type": "Inner",
                                            "Startup Cost": 11.51,
                                            "Total Cost": 6212.94,
                                            "Plan Rows": 61,
                                            "Plan Width": 44,
                                            "Actual Startup Time": 15.159,
                                            "Actual Total Time": 131.037,
                                            "Actual Rows": 3057,
                                            "Actual Loops": 1,
                                            "Output": [
                                                "mc.note",
                                                "mc.movie_id",
                                                "mc.company_id",
                                                "mk.movie_id",
                                                "ml.link_type_id",
                                                "ml.movie_id"
                                            ],
                                            "Inner Unique": true,
                                            "Join Filter": "(mc.company_type_id = ct.id)",
                                            "Rows Removed by Join Filter": 2085,
                                            "Plans": [
                                                {
                                                    "Node Type": "Nested Loop",
                                                    "Parent Relationship": "Outer",
                                                    "Parallel Aware": false,
                                                    "Join Type": "Inner",
                                                    "Startup Cost": 11.51,
                                                    "Total Cost": 6208.69,
                                                    "Plan Rows": 81,
                                                    "Plan Width": 48,
                                                    "Actual Startup Time": 15.134,
                                                    "Actual Total Time": 129.173,
                                                    "Actual Rows": 3752,
                                                    "Actual Loops": 1,
                                                    "Output": [
                                                        "mk.movie_id",
                                                        "mc.note",
                                                        "mc.movie_id",
                                                        "mc.company_type_id",
                                                        "mc.company_id",
                                                        "ml.link_type_id",
                                                        "ml.movie_id"
                                                    ],
                                                    "Inner Unique": false,
                                                    "Join Filter": "(ml.movie_id = mc.movie_id)",
                                                    "Rows Removed by Join Filter": 0,
                                                    "Plans": [
                                                        {
                                                            "Node Type": "Nested Loop",
                                                            "Parent Relationship": "Outer",
                                                            "Parallel Aware": false,
                                                            "Join Type": "Inner",
                                                            "Startup Cost": 11.08,
                                                            "Total Cost": 6190.71,
                                                            "Plan Rows": 31,
                                                            "Plan Width": 12,
                                                            "Actual Startup Time": 15.055,
                                                            "Actual Total Time": 123.348,
                                                            "Actual Rows": 644,
                                                            "Actual Loops": 1,
                                                            "Output": [
                                                                "mk.movie_id",
                                                                "ml.link_type_id",
                                                                "ml.movie_id"
                                                            ],
                                                            "Inner Unique": false,
                                                            "Plans": [
                                                                {
                                                                    "Node Type": "Nested Loop",
                                                                    "Parent Relationship": "Outer",
                                                                    "Parallel Aware": false,
                                                                    "Join Type": "Inner",
                                                                    "Startup Cost": 10.8,
                                                                    "Total Cost": 6147.76,
                                                                    "Plan Rows": 101,
                                                                    "Plan Width": 4,
                                                                    "Actual Startup Time": 15.028,
                                                                    "Actual Total Time": 91.301,
                                                                    "Actual Rows": 25718,
                                                                    "Actual Loops": 1,
                                                                    "Output": [
                                                                        "mk.movie_id"
                                                                    ],
                                                                    "Inner Unique": false,
                                                                    "Plans": [
                                                                        {
                                                                            "Node Type": "Seq Scan",
                                                                            "Parent Relationship": "Outer",
                                                                            "Parallel Aware": false,
                                                                            "Relation Name": "keyword",
                                                                            "Schema": "public",
                                                                            "Alias": "k",
                                                                            "Startup Cost": 0.0,
                                                                            "Total Cost": 2793.84,
                                                                            "Plan Rows": 3,
                                                                            "Plan Width": 4,
                                                                            "Actual Startup Time": 2.072,
                                                                            "Actual Total Time": 21.015,
                                                                            "Actual Rows": 3,
                                                                            "Actual Loops": 1,
                                                                            "Output": [
                                                                                "k.id",
                                                                                "k.keyword",
                                                                                "k.phonetic_code"
                                                                            ],
                                                                            "Filter": "(k.keyword = ANY ('{female-nudity,second-part,detective}'::text[]))",
                                                                            "Rows Removed by Filter": 134167
                                                                        },
                                                                        {
                                                                            "Node Type": "Bitmap Heap Scan",
                                                                            "Parent Relationship": "Inner",
                                                                            "Parallel Aware": false,
                                                                            "Relation Name": "movie_keyword",
                                                                            "Schema": "public",
                                                                            "Alias": "mk",
                                                                            "Startup Cost": 10.8,
                                                                            "Total Cost": 1114.92,
                                                                            "Plan Rows": 305,
                                                                            "Plan Width": 8,
                                                                            "Actual Startup Time": 4.94,
                                                                            "Actual Total Time": 21.956,
                                                                            "Actual Rows": 8573,
                                                                            "Actual Loops": 3,
                                                                            "Output": [
                                                                                "mk.id",
                                                                                "mk.movie_id",
                                                                                "mk.keyword_id"
                                                                            ],
                                                                            "Recheck Cond": "(mk.keyword_id = k.id)",
                                                                            "Rows Removed by Index Recheck": 0,
                                                                            "Exact Heap Blocks": 15446,
                                                                            "Lossy Heap Blocks": 0,
                                                                            "Plans": [
                                                                                {
                                                                                    "Node Type": "Bitmap Index Scan",
                                                                                    "Parent Relationship": "Outer",
                                                                                    "Parallel Aware": false,
                                                                                    "Index Name": "keyword_id_movie_keyword",
                                                                                    "Startup Cost": 0.0,
                                                                                    "Total Cost": 10.72,
                                                                                    "Plan Rows": 305,
                                                                                    "Plan Width": 0,
                                                                                    "Actual Startup Time": 3.427,
                                                                                    "Actual Total Time": 3.428,
                                                                                    "Actual Rows": 8573,
                                                                                    "Actual Loops": 3,
                                                                                    "Index Cond": "(mk.keyword_id = k.id)"
                                                                                }
                                                                            ]
                                                                        }
                                                                    ]
                                                                },
                                                                {
                                                                    "Node Type": "Index Scan",
                                                                    "Parent Relationship": "Inner",
                                                                    "Parallel Aware": false,
                                                                    "Scan Direction": "Forward",
                                                                    "Index Name": "movie_id_movie_link",
                                                                    "Relation Name": "movie_link",
                                                                    "Schema": "public",
                                                                    "Alias": "ml",
                                                                    "Startup Cost": 0.29,
                                                                    "Total Cost": 0.38,
                                                                    "Plan Rows": 5,
                                                                    "Plan Width": 8,
                                                                    "Actual Startup Time": 0.001,
                                                                    "Actual Total Time": 0.001,
                                                                    "Actual Rows": 0,
                                                                    "Actual Loops": 25718,
                                                                    "Output": [
                                                                        "ml.id",
                                                                        "ml.movie_id",
                                                                        "ml.linked_movie_id",
                                                                        "ml.link_type_id"
                                                                    ],
                                                                    "Index Cond": "(ml.movie_id = mk.movie_id)",
                                                                    "Rows Removed by Index Recheck": 0
                                                                }
                                                            ]
                                                        },
                                                        {
                                                            "Node Type": "Index Scan",
                                                            "Parent Relationship": "Inner",
                                                            "Parallel Aware": false,
                                                            "Scan Direction": "Forward",
                                                            "Index Name": "movie_id_movie_companies",
                                                            "Relation Name": "movie_companies",
                                                            "Schema": "public",
                                                            "Alias": "mc",
                                                            "Startup Cost": 0.43,
                                                            "Total Cost": 0.54,
                                                            "Plan Rows": 3,
                                                            "Plan Width": 36,
                                                            "Actual Startup Time": 0.005,
                                                            "Actual Total Time": 0.008,
                                                            "Actual Rows": 6,
                                                            "Actual Loops": 644,
                                                            "Output": [
                                                                "mc.id",
                                                                "mc.movie_id",
                                                                "mc.company_id",
                                                                "mc.company_type_id",
                                                                "mc.note"
                                                            ],
                                                            "Index Cond": "(mc.movie_id = mk.movie_id)",
                                                            "Rows Removed by Index Recheck": 0,
                                                            "Filter": "(mc.note IS NOT NULL)",
                                                            "Rows Removed by Filter": 3
                                                        }
                                                    ]
                                                },
                                                {
                                                    "Node Type": "Materialize",
                                                    "Parent Relationship": "Inner",
                                                    "Parallel Aware": false,
                                                    "Startup Cost": 0.0,
                                                    "Total Cost": 1.06,
                                                    "Plan Rows": 3,
                                                    "Plan Width": 4,
                                                    "Actual Startup Time": 0.0,
                                                    "Actual Total Time": 0.0,
                                                    "Actual Rows": 1,
                                                    "Actual Loops": 3752,
                                                    "Output": [
                                                        "ct.id"
                                                    ],
                                                    "Plans": [
                                                        {
                                                            "Node Type": "Seq Scan",
                                                            "Parent Relationship": "Outer",
                                                            "Parallel Aware": false,
                                                            "Relation Name": "company_type",
                                                            "Schema": "public",
                                                            "Alias": "ct",
                                                            "Startup Cost": 0.0,
                                                            "Total Cost": 1.05,
                                                            "Plan Rows": 3,
                                                            "Plan Width": 4,
                                                            "Actual Startup Time": 0.015,
                                                            "Actual Total Time": 0.019,
                                                            "Actual Rows": 3,
                                                            "Actual Loops": 1,
                                                            "Output": [
                                                                "ct.id"
                                                            ],
                                                            "Filter": "((ct.kind IS NOT NULL) AND ((ct.kind)::text <> 'production companies'::text))",
                                                            "Rows Removed by Filter": 1
                                                        }
                                                    ]
                                                }
                                            ]
                                        },
                                        {
                                            "Node Type": "Index Scan",
                                            "Parent Relationship": "Inner",
                                            "Parallel Aware": false,
                                            "Scan Direction": "Forward",
                                            "Index Name": "company_name_pkey",
                                            "Relation Name": "company_name",
                                            "Schema": "public",
                                            "Alias": "cn",
                                            "Startup Cost": 0.42,
                                            "Total Cost": 0.46,
                                            "Plan Rows": 1,
                                            "Plan Width": 23,
                                            "Actual Startup Time": 0.003,
                                            "Actual Total Time": 0.003,
                                            "Actual Rows": 0,
                                            "Actual Loops": 3057,
                                            "Output": [
                                                "cn.id",
                                                "cn.name",
                                                "cn.country_code",
                                                "cn.imdb_id",
                                                "cn.name_pcode_nf",
                                                "cn.name_pcode_sf",
                                                "cn.md5sum"
                                            ],
                                            "Index Cond": "(cn.id = mc.company_id)",
                                            "Rows Removed by Index Recheck": 0,
                                            "Filter": "(((cn.country_code)::text <> '[pl]'::text) AND ((cn.name ~~ '20th Century Fox%'::text) OR (cn.name ~~ 'Twentieth Century Fox%'::text)))",
                                            "Rows Removed by Filter": 1
                                        }
                                    ]
                                },
                                {
                                    "Node Type": "Seq Scan",
                                    "Parent Relationship": "Inner",
                                    "Parallel Aware": false,
                                    "Relation Name": "link_type",
                                    "Schema": "public",
                                    "Alias": "lt",
                                    "Startup Cost": 0.0,
                                    "Total Cost": 1.18,
                                    "Plan Rows": 18,
                                    "Plan Width": 4,
                                    "Actual Startup Time": 0.001,
                                    "Actual Total Time": 0.002,
                                    "Actual Rows": 6,
                                    "Actual Loops": 116,
                                    "Output": [
                                        "lt.id",
                                        "lt.link"
                                    ]
                                }
                            ]
                        },
                        {
                            "Node Type": "Index Scan",
                            "Parent Relationship": "Inner",
                            "Parallel Aware": false,
                            "Scan Direction": "Forward",
                            "Index Name": "title_pkey",
                            "Relation Name": "title",
                            "Schema": "public",
                            "Alias": "t",
                            "Startup Cost": 0.43,
                            "Total Cost": 0.49,
                            "Plan Rows": 1,
                            "Plan Width": 21,
                            "Actual Startup Time": 0.004,
                            "Actual Total Time": 0.004,
                            "Actual Rows": 1,
                            "Actual Loops": 116,
                            "Output": [
                                "t.id",
                                "t.title",
                                "t.imdb_index",
                                "t.kind_id",
                                "t.production_year",
                                "t.imdb_id",
                                "t.phonetic_code",
                                "t.episode_of_id",
                                "t.season_nr",
                                "t.episode_nr",
                                "t.series_years",
                                "t.md5sum"
                            ],
                            "Index Cond": "(t.id = mk.movie_id)",
                            "Rows Removed by Index Recheck": 0,
                            "Filter": "(t.production_year > 1985)",
                            "Rows Removed by Filter": 0
                        }
                    ]
                }
            ]
        },
        "Planning Time": 1240.864,
        "Triggers": [],
        "Execution Time": 143.248
    }
]