[
  {
    "Plan": {
      "Node Type": "Aggregate",
      "Strategy": "Plain",
      "Partial Mode": "Finalize",
      "Parallel Aware": false,
      "Startup Cost": 32352.5,
      "Total Cost": 32352.51,
      "Plan Rows": 1,
      "Plan Width": 8,
      "Actual Startup Time": 100.188,
      "Actual Total Time": 106.426,
      "Actual Rows": 1,
      "Actual Loops": 1,
      "Plans": [
        {
          "Node Type": "Gather",
          "Parent Relationship": "Outer",
          "Parallel Aware": false,
          "Startup Cost": 32352.19,
          "Total Cost": 32352.5,
          "Plan Rows": 3,
          "Plan Width": 8,
          "Actual Startup Time": 100.122,
          "Actual Total Time": 106.42,
          "Actual Rows": 4,
          "Actual Loops": 1,
          "Workers Planned": 3,
          "Workers Launched": 3,
          "Single Copy": false,
          "Plans": [
            {
              "Node Type": "Aggregate",
              "Strategy": "Plain",
              "Partial Mode": "Partial",
              "Parent Relationship": "Outer",
              "Parallel Aware": false,
              "Startup Cost": 31352.19,
              "Total Cost": 31352.2,
              "Plan Rows": 1,
              "Plan Width": 8,
              "Actual Startup Time": 97.336,
              "Actual Total Time": 97.337,
              "Actual Rows": 1,
              "Actual Loops": 4,
              "Plans": [
                {
                  "Node Type": "Seq Scan",
                  "Parent Relationship": "Outer",
                  "Parallel Aware": true,
                  "Relation Name": "movie_companies",
                  "Alias": "mc",
                  "Startup Cost": 0.0,
                  "Total Cost": 29310.68,
                  "Plan Rows": 816602,
                  "Plan Width": 0,
                  "Actual Startup Time": 0.019,
                  "Actual Total Time": 69.741,
                  "Actual Rows": 632411,
                  "Actual Loops": 4,
                  "Filter": "(company_id < 170382)",
                  "Rows Removed by Filter": 19872
                }
              ]
            }
          ]
        }
      ]
    },
    "Planning Time": 0.074,
    "Triggers": [],
    "Execution Time": 106.451
  }
]