[
  {
    "Plan": {
      "Node Type": "Aggregate",
      "Strategy": "Plain",
      "Partial Mode": "Finalize",
      "Parallel Aware": false,
      "Startup Cost": 47030.84,
      "Total Cost": 47030.85,
      "Plan Rows": 1,
      "Plan Width": 8,
      "Actual Startup Time": 157.08,
      "Actual Total Time": 166.145,
      "Actual Rows": 1,
      "Actual Loops": 1,
      "Plans": [
        {
          "Node Type": "Gather",
          "Parent Relationship": "Outer",
          "Parallel Aware": false,
          "Startup Cost": 47030.53,
          "Total Cost": 47030.84,
          "Plan Rows": 3,
          "Plan Width": 8,
          "Actual Startup Time": 156.922,
          "Actual Total Time": 166.136,
          "Actual Rows": 4,
          "Actual Loops": 1,
          "Workers Planned": 3,
          "Workers Launched": 3,
          "Single Copy": false,
          "Plans": [
            {
              "Node Type": "Aggregate",
              "Strategy": "Plain",
              "Partial Mode": "Partial",
              "Parent Relationship": "Outer",
              "Parallel Aware": false,
              "Startup Cost": 46030.53,
              "Total Cost": 46030.54,
              "Plan Rows": 1,
              "Plan Width": 8,
              "Actual Startup Time": 153.416,
              "Actual Total Time": 153.418,
              "Actual Rows": 1,
              "Actual Loops": 4,
              "Plans": [
                {
                  "Node Type": "Seq Scan",
                  "Parent Relationship": "Outer",
                  "Parallel Aware": true,
                  "Relation Name": "movie_keyword",
                  "Alias": "mk",
                  "Startup Cost": 0.0,
                  "Total Cost": 42695.65,
                  "Plan Rows": 1333949,
                  "Plan Width": 0,
                  "Actual Startup Time": 0.028,
                  "Actual Total Time": 111.747,
                  "Actual Rows": 1033773,
                  "Actual Loops": 4,
                  "Filter": "(keyword_id < 44221)",
                  "Rows Removed by Filter": 97210
                }
              ]
            }
          ]
        }
      ]
    },
    "Planning Time": 0.134,
    "Triggers": [],
    "Execution Time": 166.184
  }
]