{
  "Plan": {
    "Node Type": "Aggregate",
    "Strategy": "Plain",
    "Partial Mode": "Finalize",
    "Parallel Aware": false,
    "Startup Cost": 121893.8,
    "Total Cost": 121893.81,
    "Plan Rows": 1,
    "Plan Width": 8,
    "Actual Startup Time": 826.885,
    "Actual Total Time": 849.99,
    "Actual Rows": 1,
    "Actual Loops": 1,
    "Plans": [
      {
        "Node Type": "Gather",
        "Parent Relationship": "Outer",
        "Parallel Aware": false,
        "Startup Cost": 121893.69,
        "Total Cost": 121893.8,
        "Plan Rows": 1,
        "Plan Width": 8,
        "Actual Startup Time": 821.117,
        "Actual Total Time": 849.984,
        "Actual Rows": 2,
        "Actual Loops": 1,
        "Workers Planned": 1,
        "Workers Launched": 1,
        "Single Copy": false,
        "Plans": [
          {
            "Node Type": "Aggregate",
            "Strategy": "Plain",
            "Partial Mode": "Partial",
            "Parent Relationship": "Outer",
            "Parallel Aware": false,
            "Startup Cost": 120893.69,
            "Total Cost": 120893.7,
            "Plan Rows": 1,
            "Plan Width": 8,
            "Actual Startup Time": 809.039,
            "Actual Total Time": 809.045,
            "Actual Rows": 1,
            "Actual Loops": 2,
            "Plans": [
              {
                "Node Type": "Hash Join",
                "Parent Relationship": "Outer",
                "Parallel Aware": true,
                "Join Type": "Inner",
                "Startup Cost": 101268.52,
                "Total Cost": 120736.18,
                "Plan Rows": 63004,
                "Plan Width": 0,
                "Actual Startup Time": 669.51,
                "Actual Total Time": 799.985,
                "Actual Rows": 216642,
                "Actual Loops": 2,
                "Inner Unique": false,
                "Hash Cond": "(mi_idx.movie_id = t.id)",
                "Plans": [
                  {
                    "Node Type": "Seq Scan",
                    "Parent Relationship": "Outer",
                    "Parallel Aware": true,
                    "Relation Name": "movie_info_idx",
                    "Alias": "mi_idx",
                    "Startup Cost": 0.0,
                    "Total Cost": 16052.85,
                    "Plan Rows": 811785,
                    "Plan Width": 4,
                    "Actual Startup Time": 0.024,
                    "Actual Total Time": 48.216,
                    "Actual Rows": 690018,
                    "Actual Loops": 2
                  },
                  {
                    "Node Type": "Hash",
                    "Parent Relationship": "Inner",
                    "Parallel Aware": true,
                    "Startup Cost": 99825.7,
                    "Total Cost": 99825.7,
                    "Plan Rows": 115426,
                    "Plan Width": 8,
                    "Actual Startup Time": 666.721,
                    "Actual Total Time": 666.726,
                    "Actual Rows": 104292,
                    "Actual Loops": 2,
                    "Hash Buckets": 262144,
                    "Original Hash Buckets": 262144,
                    "Hash Batches": 1,
                    "Original Hash Batches": 1,
                    "Peak Memory Usage": 10240,
                    "Plans": [
                      {
                        "Node Type": "Hash Join",
                        "Parent Relationship": "Outer",
                        "Parallel Aware": true,
                        "Join Type": "Inner",
                        "Startup Cost": 73625.88,
                        "Total Cost": 99825.7,
                        "Plan Rows": 115426,
                        "Plan Width": 8,
                        "Actual Startup Time": 547.796,
                        "Actual Total Time": 642.291,
                        "Actual Rows": 104292,
                        "Actual Loops": 2,
                        "Inner Unique": true,
                        "Hash Cond": "(mk.movie_id = t.id)",
                        "Plans": [
                          {
                            "Node Type": "Bitmap Heap Scan",
                            "Parent Relationship": "Outer",
                            "Parallel Aware": true,
                            "Relation Name": "movie_keyword",
                            "Alias": "mk",
                            "Startup Cost": 4165.18,
                            "Total Cost": 30062.01,
                            "Plan Rows": 115426,
                            "Plan Width": 4,
                            "Actual Startup Time": 13.691,
                            "Actual Total Time": 61.292,
                            "Actual Rows": 104292,
                            "Actual Loops": 2,
                            "Recheck Cond": "(keyword_id < 140)",
                            "Rows Removed by Index Recheck": 0,
                            "Exact Heap Blocks": 13229,
                            "Lossy Heap Blocks": 0,
                            "Plans": [
                              {
                                "Node Type": "Bitmap Index Scan",
                                "Parent Relationship": "Outer",
                                "Parallel Aware": false,
                                "Index Name": "keyword_id_movie_keyword",
                                "Startup Cost": 0.0,
                                "Total Cost": 4116.12,
                                "Plan Rows": 196225,
                                "Plan Width": 0,
                                "Actual Startup Time": 10.26,
                                "Actual Total Time": 10.26,
                                "Actual Rows": 208584,
                                "Actual Loops": 1,
                                "Index Cond": "(keyword_id < 140)"
                              }
                            ]
                          },
                          {
                            "Node Type": "Hash",
                            "Parent Relationship": "Inner",
                            "Parallel Aware": true,
                            "Startup Cost": 50870.31,
                            "Total Cost": 50870.31,
                            "Plan Rows": 1487231,
                            "Plan Width": 4,
                            "Actual Startup Time": 516.334,
                            "Actual Total Time": 516.334,
                            "Actual Rows": 1264156,
                            "Actual Loops": 2,
                            "Hash Buckets": 4194304,
                            "Original Hash Buckets": 4194304,
                            "Hash Batches": 1,
                            "Original Hash Batches": 1,
                            "Peak Memory Usage": 131712,
                            "Plans": [
                              {
                                "Node Type": "Seq Scan",
                                "Parent Relationship": "Outer",
                                "Parallel Aware": true,
                                "Relation Name": "title",
                                "Alias": "t",
                                "Startup Cost": 0.0,
                                "Total Cost": 50870.31,
                                "Plan Rows": 1487231,
                                "Plan Width": 4,
                                "Actual Startup Time": 0.025,
                                "Actual Total Time": 156.902,
                                "Actual Rows": 1264156,
                                "Actual Loops": 2
                              }
                            ]
                          }
                        ]
                      }
                    ]
                  }
                ]
              }
            ]
          }
        ]
      }
    ]
  },
  "Planning Time": 0.837,
  "Triggers": [],
  "Execution Time": 850.075
}