{
  "Plan": {
    "Node Type": "Aggregate",
    "Strategy": "Plain",
    "Partial Mode": "Finalize",
    "Parallel Aware": false,
    "Startup Cost": 167716.83,
    "Total Cost": 167716.84,
    "Plan Rows": 1,
    "Plan Width": 8,
    "Actual Startup Time": 727.069,
    "Actual Total Time": 739.337,
    "Actual Rows": 1,
    "Actual Loops": 1,
    "Plans": [
      {
        "Node Type": "Gather",
        "Parent Relationship": "Outer",
        "Parallel Aware": false,
        "Startup Cost": 167716.72,
        "Total Cost": 167716.83,
        "Plan Rows": 1,
        "Plan Width": 8,
        "Actual Startup Time": 727.06,
        "Actual Total Time": 739.332,
        "Actual Rows": 2,
        "Actual Loops": 1,
        "Workers Planned": 1,
        "Workers Launched": 1,
        "Single Copy": false,
        "Plans": [
          {
            "Node Type": "Aggregate",
            "Strategy": "Plain",
            "Partial Mode": "Partial",
            "Parent Relationship": "Outer",
            "Parallel Aware": false,
            "Startup Cost": 166716.72,
            "Total Cost": 166716.73,
            "Plan Rows": 1,
            "Plan Width": 8,
            "Actual Startup Time": 716.092,
            "Actual Total Time": 716.098,
            "Actual Rows": 1,
            "Actual Loops": 2,
            "Plans": [
              {
                "Node Type": "Merge Join",
                "Parent Relationship": "Outer",
                "Parallel Aware": false,
                "Join Type": "Inner",
                "Startup Cost": 163941.74,
                "Total Cost": 166656.44,
                "Plan Rows": 24111,
                "Plan Width": 0,
                "Actual Startup Time": 656.474,
                "Actual Total Time": 714.123,
                "Actual Rows": 47676,
                "Actual Loops": 2,
                "Inner Unique": false,
                "Merge Cond": "(t.id = mc.movie_id)",
                "Plans": [
                  {
                    "Node Type": "Sort",
                    "Parent Relationship": "Outer",
                    "Parallel Aware": false,
                    "Startup Cost": 102301.14,
                    "Total Cost": 102877.41,
                    "Plan Rows": 230510,
                    "Plan Width": 8,
                    "Actual Startup Time": 433.424,
                    "Actual Total Time": 437.185,
                    "Actual Rows": 107840,
                    "Actual Loops": 2,
                    "Sort Key": [
                      "mi_idx.movie_id"
                    ],
                    "Sort Method": "quicksort",
                    "Sort Space Used": 8256,
                    "Sort Space Type": "Memory",
                    "Workers": [
                      {
                        "Worker Number": 0,
                        "Sort Method": "quicksort",
                        "Sort Space Used": 7999,
                        "Sort Space Type": "Memory"
                      }
                    ],
                    "Plans": [
                      {
                        "Node Type": "Hash Join",
                        "Parent Relationship": "Outer",
                        "Parallel Aware": true,
                        "Join Type": "Inner",
                        "Startup Cost": 63585.28,
                        "Total Cost": 81769.07,
                        "Plan Rows": 230510,
                        "Plan Width": 8,
                        "Actual Startup Time": 267.525,
                        "Actual Total Time": 413.812,
                        "Actual Rows": 107841,
                        "Actual Loops": 2,
                        "Inner Unique": true,
                        "Hash Cond": "(mi_idx.movie_id = t.id)",
                        "Plans": [
                          {
                            "Node Type": "Seq Scan",
                            "Parent Relationship": "Outer",
                            "Parallel Aware": true,
                            "Relation Name": "movie_info_idx",
                            "Alias": "mi_idx",
                            "Startup Cost": 0.0,
                            "Total Cost": 16052.85,
                            "Plan Rows": 811785,
                            "Plan Width": 4,
                            "Actual Startup Time": 0.018,
                            "Actual Total Time": 48.412,
                            "Actual Rows": 690018,
                            "Actual Loops": 2
                          },
                          {
                            "Node Type": "Hash",
                            "Parent Relationship": "Inner",
                            "Parallel Aware": true,
                            "Startup Cost": 58306.47,
                            "Total Cost": 58306.47,
                            "Plan Rows": 422305,
                            "Plan Width": 4,
                            "Actual Startup Time": 258.402,
                            "Actual Total Time": 258.403,
                            "Actual Rows": 381360,
                            "Actual Loops": 2,
                            "Hash Buckets": 1048576,
                            "Original Hash Buckets": 1048576,
                            "Hash Batches": 1,
                            "Original Hash Batches": 1,
                            "Peak Memory Usage": 38080,
                            "Plans": [
                              {
                                "Node Type": "Seq Scan",
                                "Parent Relationship": "Outer",
                                "Parallel Aware": true,
                                "Relation Name": "title",
                                "Alias": "t",
                                "Startup Cost": 0.0,
                                "Total Cost": 58306.47,
                                "Plan Rows": 422305,
                                "Plan Width": 4,
                                "Actual Startup Time": 0.032,
                                "Actual Total Time": 160.289,
                                "Actual Rows": 381360,
                                "Actual Loops": 2,
                                "Filter": "((kind_id > 2) AND (production_year > 2005))",
                                "Rows Removed by Filter": 882796
                              }
                            ]
                          }
                        ]
                      }
                    ]
                  },
                  {
                    "Node Type": "Sort",
                    "Parent Relationship": "Inner",
                    "Parallel Aware": false,
                    "Startup Cost": 61640.57,
                    "Total Cost": 62301.7,
                    "Plan Rows": 264449,
                    "Plan Width": 4,
                    "Actual Startup Time": 222.66,
                    "Actual Total Time": 241.111,
                    "Actual Rows": 562676,
                    "Actual Loops": 2,
                    "Sort Key": [
                      "mc.movie_id"
                    ],
                    "Sort Method": "quicksort",
                    "Sort Space Used": 49465,
                    "Sort Space Type": "Memory",
                    "Workers": [
                      {
                        "Worker Number": 0,
                        "Sort Method": "quicksort",
                        "Sort Space Used": 49465,
                        "Sort Space Type": "Memory"
                      }
                    ],
                    "Plans": [
                      {
                        "Node Type": "Bitmap Heap Scan",
                        "Parent Relationship": "Outer",
                        "Parallel Aware": false,
                        "Relation Name": "movie_companies",
                        "Alias": "mc",
                        "Startup Cost": 11220.85,
                        "Total Cost": 37823.46,
                        "Plan Rows": 264449,
                        "Plan Width": 4,
                        "Actual Startup Time": 33.151,
                        "Actual Total Time": 111.95,
                        "Actual Rows": 530963,
                        "Actual Loops": 2,
                        "Recheck Cond": "(company_id > 72672)",
                        "Rows Removed by Index Recheck": 0,
                        "Filter": "(company_type_id > 1)",
                        "Rows Removed by Filter": 0,
                        "Exact Heap Blocks": 7288,
                        "Lossy Heap Blocks": 0,
                        "Plans": [
                          {
                            "Node Type": "Bitmap Index Scan",
                            "Parent Relationship": "Outer",
                            "Parallel Aware": false,
                            "Index Name": "company_id_movie_companies",
                            "Startup Cost": 0.0,
                            "Total Cost": 11154.74,
                            "Plan Rows": 520841,
                            "Plan Width": 0,
                            "Actual Startup Time": 32.285,
                            "Actual Total Time": 32.285,
                            "Actual Rows": 530963,
                            "Actual Loops": 2,
                            "Index Cond": "(company_id > 72672)"
                          }
                        ]
                      }
                    ]
                  }
                ]
              }
            ]
          }
        ]
      }
    ]
  },
  "Planning Time": 1.125,
  "Triggers": [],
  "Execution Time": 743.693
}