[
  {
    "Plan": {
      "Node Type": "Aggregate",
      "Strategy": "Plain",
      "Partial Mode": "Finalize",
      "Parallel Aware": false,
      "Startup Cost": 334083.41,
      "Total Cost": 334083.42,
      "Plan Rows": 1,
      "Plan Width": 8,
      "Actual Startup Time": 634.111,
      "Actual Total Time": 675.761,
      "Actual Rows": 1,
      "Actual Loops": 1,
      "Plans": [
        {
          "Node Type": "Gather",
          "Parent Relationship": "Outer",
          "Parallel Aware": false,
          "Startup Cost": 334082.78,
          "Total Cost": 334083.39,
          "Plan Rows": 6,
          "Plan Width": 8,
          "Actual Startup Time": 633.923,
          "Actual Total Time": 675.748,
          "Actual Rows": 7,
          "Actual Loops": 1,
          "Workers Planned": 6,
          "Workers Launched": 6,
          "Single Copy": false,
          "Plans": [
            {
              "Node Type": "Aggregate",
              "Strategy": "Plain",
              "Partial Mode": "Partial",
              "Parent Relationship": "Outer",
              "Parallel Aware": false,
              "Startup Cost": 333082.78,
              "Total Cost": 333082.79,
              "Plan Rows": 1,
              "Plan Width": 8,
              "Actual Startup Time": 626.104,
              "Actual Total Time": 626.105,
              "Actual Rows": 1,
              "Actual Loops": 7,
              "Plans": [
                {
                  "Node Type": "Seq Scan",
                  "Parent Relationship": "Outer",
                  "Parallel Aware": true,
                  "Relation Name": "cast_info",
                  "Alias": "ci",
                  "Startup Cost": 0.0,
                  "Total Cost": 328211.39,
                  "Plan Rows": 1948556,
                  "Plan Width": 0,
                  "Actual Startup Time": 269.26,
                  "Actual Total Time": 550.812,
                  "Actual Rows": 1652164,
                  "Actual Loops": 7,
                  "Filter": "(person_id > 2539321)",
                  "Rows Removed by Filter": 3525600
                }
              ]
            }
          ]
        }
      ]
    },
    "Planning Time": 0.068,
    "Triggers": [],
    "Execution Time": 675.797
  }
]