[
  {
    "Plan": {
      "Node Type": "Aggregate",
      "Strategy": "Plain",
      "Partial Mode": "Finalize",
      "Parallel Aware": false,
      "Startup Cost": 44543.01,
      "Total Cost": 44543.02,
      "Plan Rows": 1,
      "Plan Width": 8,
      "Actual Startup Time": 116.119,
      "Actual Total Time": 125.583,
      "Actual Rows": 1,
      "Actual Loops": 1,
      "Plans": [
        {
          "Node Type": "Gather",
          "Parent Relationship": "Outer",
          "Parallel Aware": false,
          "Startup Cost": 44542.69,
          "Total Cost": 44543.0,
          "Plan Rows": 3,
          "Plan Width": 8,
          "Actual Startup Time": 115.976,
          "Actual Total Time": 125.577,
          "Actual Rows": 4,
          "Actual Loops": 1,
          "Workers Planned": 3,
          "Workers Launched": 3,
          "Single Copy": false,
          "Plans": [
            {
              "Node Type": "Aggregate",
              "Strategy": "Plain",
              "Partial Mode": "Partial",
              "Parent Relationship": "Outer",
              "Parallel Aware": false,
              "Startup Cost": 43542.69,
              "Total Cost": 43542.7,
              "Plan Rows": 1,
              "Plan Width": 8,
              "Actual Startup Time": 110.912,
              "Actual Total Time": 110.914,
              "Actual Rows": 1,
              "Actual Loops": 4,
              "Plans": [
                {
                  "Node Type": "Seq Scan",
                  "Parent Relationship": "Outer",
                  "Parallel Aware": true,
                  "Relation Name": "movie_keyword",
                  "Alias": "mk",
                  "Startup Cost": 0.0,
                  "Total Cost": 42695.65,
                  "Plan Rows": 338814,
                  "Plan Width": 0,
                  "Actual Startup Time": 1.957,
                  "Actual Total Time": 98.544,
                  "Actual Rows": 262529,
                  "Actual Loops": 4,
                  "Filter": "(keyword_id > 16879)",
                  "Rows Removed by Filter": 868453
                }
              ]
            }
          ]
        }
      ]
    },
    "Planning Time": 0.059,
    "Triggers": [],
    "Execution Time": 125.614
  }
]