[
  {
    "Plan": {
      "Node Type": "Aggregate",
      "Strategy": "Plain",
      "Partial Mode": "Finalize",
      "Parallel Aware": false,
      "Startup Cost": 130569.3,
      "Total Cost": 130569.31,
      "Plan Rows": 1,
      "Plan Width": 8,
      "Actual Startup Time": 1009.918,
      "Actual Total Time": 1032.464,
      "Actual Rows": 1,
      "Actual Loops": 1,
      "Plans": [
        {
          "Node Type": "Gather",
          "Parent Relationship": "Outer",
          "Parallel Aware": false,
          "Startup Cost": 130568.98,
          "Total Cost": 130569.29,
          "Plan Rows": 3,
          "Plan Width": 8,
          "Actual Startup Time": 1004.941,
          "Actual Total Time": 1032.451,
          "Actual Rows": 4,
          "Actual Loops": 1,
          "Workers Planned": 3,
          "Workers Launched": 3,
          "Single Copy": false,
          "Plans": [
            {
              "Node Type": "Aggregate",
              "Strategy": "Plain",
              "Partial Mode": "Partial",
              "Parent Relationship": "Outer",
              "Parallel Aware": false,
              "Startup Cost": 129568.98,
              "Total Cost": 129568.99,
              "Plan Rows": 1,
              "Plan Width": 8,
              "Actual Startup Time": 996.191,
              "Actual Total Time": 996.582,
              "Actual Rows": 1,
              "Actual Loops": 4,
              "Plans": [
                {
                  "Node Type": "Hash Join",
                  "Parent Relationship": "Outer",
                  "Parallel Aware": true,
                  "Join Type": "Inner",
                  "Startup Cost": 82879.89,
                  "Total Cost": 128484.34,
                  "Plan Rows": 433856,
                  "Plan Width": 0,
                  "Actual Startup Time": 570.645,
                  "Actual Total Time": 924.039,
                  "Actual Rows": 1618529,
                  "Actual Loops": 4,
                  "Inner Unique": false,
                  "Hash Cond": "(mk.movie_id = t.id)",
                  "Plans": [
                    {
                      "Node Type": "Seq Scan",
                      "Parent Relationship": "Outer",
                      "Parallel Aware": true,
                      "Relation Name": "movie_keyword",
                      "Alias": "mk",
                      "Startup Cost": 0.0,
                      "Total Cost": 39047.32,
                      "Plan Rows": 1459332,
                      "Plan Width": 4,
                      "Actual Startup Time": 0.035,
                      "Actual Total Time": 94.806,
                      "Actual Rows": 1130982,
                      "Actual Loops": 4
                    },
                    {
                      "Node Type": "Hash",
                      "Parent Relationship": "Inner",
                      "Parallel Aware": true,
                      "Startup Cost": 80530.96,
                      "Total Cost": 80530.96,
                      "Plan Rows": 187914,
                      "Plan Width": 8,
                      "Actual Startup Time": 565.484,
                      "Actual Total Time": 565.873,
                      "Actual Rows": 242718,
                      "Actual Loops": 4,
                      "Hash Buckets": 1048576,
                      "Original Hash Buckets": 1048576,
                      "Hash Batches": 1,
                      "Original Hash Batches": 1,
                      "Peak Memory Usage": 46208,
                      "Plans": [
                        {
                          "Node Type": "Hash Join",
                          "Parent Relationship": "Outer",
                          "Parallel Aware": true,
                          "Join Type": "Inner",
                          "Startup Cost": 34445.69,
                          "Total Cost": 80530.96,
                          "Plan Rows": 187914,
                          "Plan Width": 8,
                          "Actual Startup Time": 166.361,
                          "Actual Total Time": 473.25,
                          "Actual Rows": 242718,
                          "Actual Loops": 4,
                          "Inner Unique": false,
                          "Hash Cond": "(t.id = mc.movie_id)",
                          "Plans": [
                            {
                              "Node Type": "Seq Scan",
                              "Parent Relationship": "Outer",
                              "Parallel Aware": true,
                              "Relation Name": "title",
                              "Alias": "t",
                              "Startup Cost": 0.0,
                              "Total Cost": 42318.73,
                              "Plan Rows": 632073,
                              "Plan Width": 4,
                              "Actual Startup Time": 0.016,
                              "Actual Total Time": 80.763,
                              "Actual Rows": 632078,
                              "Actual Loops": 4
                            },
                            {
                              "Node Type": "Hash",
                              "Parent Relationship": "Inner",
                              "Parallel Aware": true,
                              "Startup Cost": 31414.82,
                              "Total Cost": 31414.82,
                              "Plan Rows": 242470,
                              "Plan Width": 4,
                              "Actual Startup Time": 163.637,
                              "Actual Total Time": 163.639,
                              "Actual Rows": 242718,
                              "Actual Loops": 4,
                              "Hash Buckets": 1048576,
                              "Original Hash Buckets": 1048576,
                              "Hash Batches": 1,
                              "Original Hash Batches": 1,
                              "Peak Memory Usage": 46240,
                              "Plans": [
                                {
                                  "Node Type": "Seq Scan",
                                  "Parent Relationship": "Outer",
                                  "Parallel Aware": true,
                                  "Relation Name": "movie_companies",
                                  "Alias": "mc",
                                  "Startup Cost": 0.0,
                                  "Total Cost": 31414.82,
                                  "Plan Rows": 242470,
                                  "Plan Width": 4,
                                  "Actual Startup Time": 48.29,
                                  "Actual Total Time": 91.364,
                                  "Actual Rows": 242718,
                                  "Actual Loops": 4,
                                  "Filter": "((company_id > 8112) AND (company_type_id > 1))",
                                  "Rows Removed by Filter": 409564
                                }
                              ]
                            }
                          ]
                        }
                      ]
                    }
                  ]
                }
              ]
            }
          ]
        }
      ]
    },
    "Planning Time": 1.455,
    "Triggers": [],
    "Execution Time": 1032.562
  }
]