[
  {
    "Plan": {
      "Node Type": "Aggregate",
      "Strategy": "Plain",
      "Partial Mode": "Finalize",
      "Parallel Aware": false,
      "Startup Cost": 32752.07,
      "Total Cost": 32752.08,
      "Plan Rows": 1,
      "Plan Width": 8,
      "Actual Startup Time": 94.807,
      "Actual Total Time": 103.225,
      "Actual Rows": 1,
      "Actual Loops": 1,
      "Plans": [
        {
          "Node Type": "Gather",
          "Parent Relationship": "Outer",
          "Parallel Aware": false,
          "Startup Cost": 32751.76,
          "Total Cost": 32752.07,
          "Plan Rows": 3,
          "Plan Width": 8,
          "Actual Startup Time": 94.686,
          "Actual Total Time": 103.217,
          "Actual Rows": 4,
          "Actual Loops": 1,
          "Workers Planned": 3,
          "Workers Launched": 3,
          "Single Copy": false,
          "Plans": [
            {
              "Node Type": "Aggregate",
              "Strategy": "Plain",
              "Partial Mode": "Partial",
              "Parent Relationship": "Outer",
              "Parallel Aware": false,
              "Startup Cost": 31751.76,
              "Total Cost": 31751.77,
              "Plan Rows": 1,
              "Plan Width": 8,
              "Actual Startup Time": 88.825,
              "Actual Total Time": 88.826,
              "Actual Rows": 1,
              "Actual Loops": 4,
              "Plans": [
                {
                  "Node Type": "Seq Scan",
                  "Parent Relationship": "Outer",
                  "Parallel Aware": true,
                  "Relation Name": "movie_companies",
                  "Alias": "mc",
                  "Startup Cost": 0.0,
                  "Total Cost": 31414.82,
                  "Plan Rows": 134775,
                  "Plan Width": 0,
                  "Actual Startup Time": 0.042,
                  "Actual Total Time": 78.594,
                  "Actual Rows": 149139,
                  "Actual Loops": 4,
                  "Filter": "((company_id < 2256) AND (company_type_id = 1))",
                  "Rows Removed by Filter": 503144
                }
              ]
            }
          ]
        }
      ]
    },
    "Planning Time": 0.194,
    "Triggers": [],
    "Execution Time": 103.277
  }
]