[
  {
    "Plan": {
      "Node Type": "Aggregate",
      "Strategy": "Plain",
      "Partial Mode": "Finalize",
      "Parallel Aware": false,
      "Startup Cost": 31684.92,
      "Total Cost": 31684.93,
      "Plan Rows": 1,
      "Plan Width": 8,
      "Actual Startup Time": 103.184,
      "Actual Total Time": 109.355,
      "Actual Rows": 1,
      "Actual Loops": 1,
      "Plans": [
        {
          "Node Type": "Gather",
          "Parent Relationship": "Outer",
          "Parallel Aware": false,
          "Startup Cost": 31684.6,
          "Total Cost": 31684.91,
          "Plan Rows": 3,
          "Plan Width": 8,
          "Actual Startup Time": 103.063,
          "Actual Total Time": 109.344,
          "Actual Rows": 4,
          "Actual Loops": 1,
          "Workers Planned": 3,
          "Workers Launched": 3,
          "Single Copy": false,
          "Plans": [
            {
              "Node Type": "Aggregate",
              "Strategy": "Plain",
              "Partial Mode": "Partial",
              "Parent Relationship": "Outer",
              "Parallel Aware": false,
              "Startup Cost": 30684.6,
              "Total Cost": 30684.61,
              "Plan Rows": 1,
              "Plan Width": 8,
              "Actual Startup Time": 97.927,
              "Actual Total Time": 97.928,
              "Actual Rows": 1,
              "Actual Loops": 4,
              "Plans": [
                {
                  "Node Type": "Seq Scan",
                  "Parent Relationship": "Outer",
                  "Parallel Aware": true,
                  "Relation Name": "movie_companies",
                  "Alias": "mc",
                  "Startup Cost": 0.0,
                  "Total Cost": 29310.68,
                  "Plan Rows": 549569,
                  "Plan Width": 0,
                  "Actual Startup Time": 0.026,
                  "Actual Total Time": 75.636,
                  "Actual Rows": 427999,
                  "Actual Loops": 4,
                  "Filter": "(company_id < 21587)",
                  "Rows Removed by Filter": 224283
                }
              ]
            }
          ]
        }
      ]
    },
    "Planning Time": 0.191,
    "Triggers": [],
    "Execution Time": 109.409
  }
]