[
  {
    "Plan": {
      "Node Type": "Aggregate",
      "Strategy": "Plain",
      "Partial Mode": "Finalize",
      "Parallel Aware": false,
      "Startup Cost": 31702.92,
      "Total Cost": 31702.93,
      "Plan Rows": 1,
      "Plan Width": 8,
      "Actual Startup Time": 122.843,
      "Actual Total Time": 130.443,
      "Actual Rows": 1,
      "Actual Loops": 1,
      "Plans": [
        {
          "Node Type": "Gather",
          "Parent Relationship": "Outer",
          "Parallel Aware": false,
          "Startup Cost": 31702.61,
          "Total Cost": 31702.92,
          "Plan Rows": 3,
          "Plan Width": 8,
          "Actual Startup Time": 122.768,
          "Actual Total Time": 130.435,
          "Actual Rows": 4,
          "Actual Loops": 1,
          "Workers Planned": 3,
          "Workers Launched": 3,
          "Single Copy": false,
          "Plans": [
            {
              "Node Type": "Aggregate",
              "Strategy": "Plain",
              "Partial Mode": "Partial",
              "Parent Relationship": "Outer",
              "Parallel Aware": false,
              "Startup Cost": 30702.61,
              "Total Cost": 30702.62,
              "Plan Rows": 1,
              "Plan Width": 8,
              "Actual Startup Time": 116.633,
              "Actual Total Time": 116.634,
              "Actual Rows": 1,
              "Actual Loops": 4,
              "Plans": [
                {
                  "Node Type": "Seq Scan",
                  "Parent Relationship": "Outer",
                  "Parallel Aware": true,
                  "Relation Name": "movie_companies",
                  "Alias": "mc",
                  "Startup Cost": 0.0,
                  "Total Cost": 29310.68,
                  "Plan Rows": 556770,
                  "Plan Width": 0,
                  "Actual Startup Time": 0.035,
                  "Actual Total Time": 90.883,
                  "Actual Rows": 427999,
                  "Actual Loops": 4,
                  "Filter": "(company_id < 21587)",
                  "Rows Removed by Filter": 224283
                }
              ]
            }
          ]
        }
      ]
    },
    "Planning Time": 0.188,
    "Triggers": [],
    "Execution Time": 130.501
  }
]