{
  "Plan": {
    "Node Type": "Aggregate",
    "Strategy": "Plain",
    "Partial Mode": "Finalize",
    "Parallel Aware": false,
    "Startup Cost": 812089.16,
    "Total Cost": 812089.17,
    "Plan Rows": 1,
    "Plan Width": 8,
    "Actual Startup Time": 5687.558,
    "Actual Total Time": 5748.277,
    "Actual Rows": 1,
    "Actual Loops": 1,
    "Plans": [
      {
        "Node Type": "Gather",
        "Parent Relationship": "Outer",
        "Parallel Aware": false,
        "Startup Cost": 812089.04,
        "Total Cost": 812089.15,
        "Plan Rows": 1,
        "Plan Width": 8,
        "Actual Startup Time": 5684.103,
        "Actual Total Time": 5748.269,
        "Actual Rows": 2,
        "Actual Loops": 1,
        "Workers Planned": 1,
        "Workers Launched": 1,
        "Single Copy": false,
        "Plans": [
          {
            "Node Type": "Aggregate",
            "Strategy": "Plain",
            "Partial Mode": "Partial",
            "Parent Relationship": "Outer",
            "Parallel Aware": false,
            "Startup Cost": 811089.04,
            "Total Cost": 811089.05,
            "Plan Rows": 1,
            "Plan Width": 8,
            "Actual Startup Time": 5675.58,
            "Actual Total Time": 5675.585,
            "Actual Rows": 1,
            "Actual Loops": 2,
            "Plans": [
              {
                "Node Type": "Hash Join",
                "Parent Relationship": "Outer",
                "Parallel Aware": true,
                "Join Type": "Inner",
                "Startup Cost": 487551.11,
                "Total Cost": 803649.64,
                "Plan Rows": 2975760,
                "Plan Width": 0,
                "Actual Startup Time": 2208.456,
                "Actual Total Time": 5216.526,
                "Actual Rows": 11169190,
                "Actual Loops": 2,
                "Inner Unique": false,
                "Hash Cond": "(mi.movie_id = t.id)",
                "Plans": [
                  {
                    "Node Type": "Seq Scan",
                    "Parent Relationship": "Outer",
                    "Parallel Aware": true,
                    "Relation Name": "movie_info",
                    "Alias": "mi",
                    "Startup Cost": 0.0,
                    "Total Cost": 270696.42,
                    "Plan Rows": 5579529,
                    "Plan Width": 4,
                    "Actual Startup Time": 0.018,
                    "Actual Total Time": 716.95,
                    "Actual Rows": 4782576,
                    "Actual Loops": 2,
                    "Filter": "(info_type_id < 16)",
                    "Rows Removed by Filter": 2635284
                  },
                  {
                    "Node Type": "Hash",
                    "Parent Relationship": "Inner",
                    "Parallel Aware": true,
                    "Startup Cost": 477636.2,
                    "Total Cost": 477636.2,
                    "Plan Rows": 793193,
                    "Plan Width": 8,
                    "Actual Startup Time": 2191.219,
                    "Actual Total Time": 2191.223,
                    "Actual Rows": 829460,
                    "Actual Loops": 2,
                    "Hash Buckets": 2097152,
                    "Original Hash Buckets": 2097152,
                    "Hash Batches": 1,
                    "Original Hash Batches": 1,
                    "Peak Memory Usage": 81312,
                    "Plans": [
                      {
                        "Node Type": "Hash Join",
                        "Parent Relationship": "Outer",
                        "Parallel Aware": true,
                        "Join Type": "Inner",
                        "Startup Cost": 60738.31,
                        "Total Cost": 477636.2,
                        "Plan Rows": 793193,
                        "Plan Width": 8,
                        "Actual Startup Time": 460.5,
                        "Actual Total Time": 1942.606,
                        "Actual Rows": 829460,
                        "Actual Loops": 2,
                        "Inner Unique": true,
                        "Hash Cond": "(ci.movie_id = t.id)",
                        "Plans": [
                          {
                            "Node Type": "Index Scan",
                            "Parent Relationship": "Outer",
                            "Parallel Aware": true,
                            "Scan Direction": "Forward",
                            "Index Name": "role_id_cast_info",
                            "Relation Name": "cast_info",
                            "Alias": "ci",
                            "Startup Cost": 0.56,
                            "Total Cost": 400977.7,
                            "Plan Rows": 6065041,
                            "Plan Width": 4,
                            "Actual Startup Time": 267.581,
                            "Actual Total Time": 907.153,
                            "Actual Rows": 3998450,
                            "Actual Loops": 2,
                            "Index Cond": "(role_id = 1)",
                            "Rows Removed by Index Recheck": 0,
                            "Filter": "(person_id > 626119)",
                            "Rows Removed by Filter": 2336894
                          },
                          {
                            "Node Type": "Hash",
                            "Parent Relationship": "Inner",
                            "Parallel Aware": true,
                            "Startup Cost": 58306.47,
                            "Total Cost": 58306.47,
                            "Plan Rows": 194502,
                            "Plan Width": 4,
                            "Actual Startup Time": 190.566,
                            "Actual Total Time": 190.567,
                            "Actual Rows": 222597,
                            "Actual Loops": 2,
                            "Hash Buckets": 524288,
                            "Original Hash Buckets": 524288,
                            "Hash Batches": 1,
                            "Original Hash Batches": 1,
                            "Peak Memory Usage": 21568,
                            "Plans": [
                              {
                                "Node Type": "Seq Scan",
                                "Parent Relationship": "Outer",
                                "Parallel Aware": true,
                                "Relation Name": "title",
                                "Alias": "t",
                                "Startup Cost": 0.0,
                                "Total Cost": 58306.47,
                                "Plan Rows": 194502,
                                "Plan Width": 4,
                                "Actual Startup Time": 0.033,
                                "Actual Total Time": 140.012,
                                "Actual Rows": 222597,
                                "Actual Loops": 2,
                                "Filter": "((kind_id < 7) AND (production_year < 1996))",
                                "Rows Removed by Filter": 1041559
                              }
                            ]
                          }
                        ]
                      }
                    ]
                  }
                ]
              }
            ]
          }
        ]
      }
    ]
  },
  "Planning Time": 1.06,
  "Triggers": [],
  "Execution Time": 5748.379
}