[
  {
    "Plan": {
      "Node Type": "Aggregate",
      "Strategy": "Plain",
      "Partial Mode": "Finalize",
      "Parallel Aware": false,
      "Startup Cost": 58556.75,
      "Total Cost": 58556.76,
      "Plan Rows": 1,
      "Plan Width": 8,
      "Actual Startup Time": 88.719,
      "Actual Total Time": 101.336,
      "Actual Rows": 1,
      "Actual Loops": 1,
      "Plans": [
        {
          "Node Type": "Gather",
          "Parent Relationship": "Outer",
          "Parallel Aware": false,
          "Startup Cost": 58556.33,
          "Total Cost": 58556.74,
          "Plan Rows": 4,
          "Plan Width": 8,
          "Actual Startup Time": 88.56,
          "Actual Total Time": 101.327,
          "Actual Rows": 5,
          "Actual Loops": 1,
          "Workers Planned": 4,
          "Workers Launched": 4,
          "Single Copy": false,
          "Plans": [
            {
              "Node Type": "Aggregate",
              "Strategy": "Plain",
              "Partial Mode": "Partial",
              "Parent Relationship": "Outer",
              "Parallel Aware": false,
              "Startup Cost": 57556.33,
              "Total Cost": 57556.34,
              "Plan Rows": 1,
              "Plan Width": 8,
              "Actual Startup Time": 82.839,
              "Actual Total Time": 82.841,
              "Actual Rows": 1,
              "Actual Loops": 5,
              "Plans": [
                {
                  "Node Type": "Nested Loop",
                  "Parent Relationship": "Outer",
                  "Parallel Aware": false,
                  "Join Type": "Inner",
                  "Startup Cost": 0.43,
                  "Total Cost": 57553.28,
                  "Plan Rows": 1220,
                  "Plan Width": 0,
                  "Actual Startup Time": 0.424,
                  "Actual Total Time": 82.763,
                  "Actual Rows": 838,
                  "Actual Loops": 5,
                  "Inner Unique": false,
                  "Plans": [
                    {
                      "Node Type": "Seq Scan",
                      "Parent Relationship": "Outer",
                      "Parallel Aware": true,
                      "Relation Name": "title",
                      "Alias": "t",
                      "Startup Cost": 0.0,
                      "Total Cost": 45479.59,
                      "Plan Rows": 2236,
                      "Plan Width": 4,
                      "Actual Startup Time": 0.143,
                      "Actual Total Time": 75.322,
                      "Actual Rows": 1684,
                      "Actual Loops": 5,
                      "Filter": "((kind_id = 7) AND (production_year = 1966))",
                      "Rows Removed by Filter": 503978
                    },
                    {
                      "Node Type": "Index Only Scan",
                      "Parent Relationship": "Inner",
                      "Parallel Aware": false,
                      "Scan Direction": "Forward",
                      "Index Name": "movie_id_movie_info_idx",
                      "Relation Name": "movie_info_idx",
                      "Alias": "mi_idx",
                      "Startup Cost": 0.43,
                      "Total Cost": 5.37,
                      "Plan Rows": 3,
                      "Plan Width": 4,
                      "Actual Startup Time": 0.004,
                      "Actual Total Time": 0.004,
                      "Actual Rows": 0,
                      "Actual Loops": 8420,
                      "Index Cond": "(movie_id = t.id)",
                      "Rows Removed by Index Recheck": 0,
                      "Heap Fetches": 4188
                    }
                  ]
                }
              ]
            }
          ]
        }
      ]
    },
    "Planning Time": 0.244,
    "Triggers": [],
    "Execution Time": 101.368
  }
]