[
  {
    "Plan": {
      "Node Type": "Aggregate",
      "Strategy": "Plain",
      "Partial Mode": "Finalize",
      "Parallel Aware": false,
      "Startup Cost": 351568.91,
      "Total Cost": 351568.92,
      "Plan Rows": 1,
      "Plan Width": 8,
      "Actual Startup Time": 848.451,
      "Actual Total Time": 904.553,
      "Actual Rows": 1,
      "Actual Loops": 1,
      "Plans": [
        {
          "Node Type": "Gather",
          "Parent Relationship": "Outer",
          "Parallel Aware": false,
          "Startup Cost": 351568.28,
          "Total Cost": 351568.89,
          "Plan Rows": 6,
          "Plan Width": 8,
          "Actual Startup Time": 848.314,
          "Actual Total Time": 904.541,
          "Actual Rows": 7,
          "Actual Loops": 1,
          "Workers Planned": 6,
          "Workers Launched": 6,
          "Single Copy": false,
          "Plans": [
            {
              "Node Type": "Aggregate",
              "Strategy": "Plain",
              "Partial Mode": "Partial",
              "Parent Relationship": "Outer",
              "Parallel Aware": false,
              "Startup Cost": 350568.28,
              "Total Cost": 350568.29,
              "Plan Rows": 1,
              "Plan Width": 8,
              "Actual Startup Time": 838.215,
              "Actual Total Time": 838.216,
              "Actual Rows": 1,
              "Actual Loops": 7,
              "Plans": [
                {
                  "Node Type": "Seq Scan",
                  "Parent Relationship": "Outer",
                  "Parallel Aware": true,
                  "Relation Name": "cast_info",
                  "Alias": "ci",
                  "Startup Cost": 0.0,
                  "Total Cost": 343257.03,
                  "Plan Rows": 2924501,
                  "Plan Width": 0,
                  "Actual Startup Time": 222.357,
                  "Actual Total Time": 707.163,
                  "Actual Rows": 2983738,
                  "Actual Loops": 7,
                  "Filter": "((person_id > 939132) AND (role_id > 1))",
                  "Rows Removed by Filter": 2194025
                }
              ]
            }
          ]
        }
      ]
    },
    "Planning Time": 0.233,
    "Triggers": [],
    "Execution Time": 904.622
  }
]