{
    "Plan": {
        "Node Type": "Aggregate",
        "Strategy": "Plain",
        "Partial Mode": "Finalize",
        "Parallel Aware": false,
        "Startup Cost": 85623.33,
        "Total Cost": 85623.34,
        "Plan Rows": 1,
        "Plan Width": 8,
        "Actual Startup Time": 634.631,
        "Actual Total Time": 709.435,
        "Actual Rows": 1,
        "Actual Loops": 1,
        "Output": [
            "count(*)"
        ],
        "Plans": [
            {
                "Node Type": "Gather",
                "Parent Relationship": "Outer",
                "Parallel Aware": false,
                "Startup Cost": 85623.11,
                "Total Cost": 85623.32,
                "Plan Rows": 2,
                "Plan Width": 8,
                "Actual Startup Time": 633.264,
                "Actual Total Time": 709.424,
                "Actual Rows": 3,
                "Actual Loops": 1,
                "Output": [
                    "(PARTIAL count(*))"
                ],
                "Workers Planned": 2,
                "Workers Launched": 2,
                "Single Copy": false,
                "Plans": [
                    {
                        "Node Type": "Aggregate",
                        "Strategy": "Plain",
                        "Partial Mode": "Partial",
                        "Parent Relationship": "Outer",
                        "Parallel Aware": false,
                        "Startup Cost": 84623.11,
                        "Total Cost": 84623.12,
                        "Plan Rows": 1,
                        "Plan Width": 8,
                        "Actual Startup Time": 624.885,
                        "Actual Total Time": 624.889,
                        "Actual Rows": 1,
                        "Actual Loops": 3,
                        "Output": [
                            "PARTIAL count(*)"
                        ],
                        "Workers": [
                            {
                                "Worker Number": 0,
                                "Actual Startup Time": 620.314,
                                "Actual Total Time": 620.317,
                                "Actual Rows": 1,
                                "Actual Loops": 1
                            },
                            {
                                "Worker Number": 1,
                                "Actual Startup Time": 621.872,
                                "Actual Total Time": 621.876,
                                "Actual Rows": 1,
                                "Actual Loops": 1
                            }
                        ],
                        "Plans": [
                            {
                                "Node Type": "Nested Loop",
                                "Parent Relationship": "Outer",
                                "Parallel Aware": false,
                                "Join Type": "Inner",
                                "Startup Cost": 45594.67,
                                "Total Cost": 84323.37,
                                "Plan Rows": 119898,
                                "Plan Width": 0,
                                "Actual Startup Time": 118.884,
                                "Actual Total Time": 608.584,
                                "Actual Rows": 357476,
                                "Actual Loops": 3,
                                "Inner Unique": false,
                                "Join Filter": "(t.id = ci.movie_id)",
                                "Rows Removed by Join Filter": 0,
                                "Workers": [
                                    {
                                        "Worker Number": 0,
                                        "Actual Startup Time": 114.764,
                                        "Actual Total Time": 605.449,
                                        "Actual Rows": 294626,
                                        "Actual Loops": 1
                                    },
                                    {
                                        "Worker Number": 1,
                                        "Actual Startup Time": 115.073,
                                        "Actual Total Time": 607.662,
                                        "Actual Rows": 287203,
                                        "Actual Loops": 1
                                    }
                                ],
                                "Plans": [
                                    {
                                        "Node Type": "Hash Join",
                                        "Parent Relationship": "Outer",
                                        "Parallel Aware": true,
                                        "Join Type": "Inner",
                                        "Startup Cost": 45594.11,
                                        "Total Cost": 60788.67,
                                        "Plan Rows": 8362,
                                        "Plan Width": 8,
                                        "Actual Startup Time": 118.806,
                                        "Actual Total Time": 198.113,
                                        "Actual Rows": 13220,
                                        "Actual Loops": 3,
                                        "Output": [
                                            "t.id",
                                            "mi_idx.movie_id"
                                        ],
                                        "Inner Unique": true,
                                        "Hash Cond": "(mi_idx.movie_id = t.id)",
                                        "Workers": [
                                            {
                                                "Worker Number": 0,
                                                "Actual Startup Time": 114.66,
                                                "Actual Total Time": 180.793,
                                                "Actual Rows": 10748,
                                                "Actual Loops": 1
                                            },
                                            {
                                                "Worker Number": 1,
                                                "Actual Startup Time": 114.97,
                                                "Actual Total Time": 180.071,
                                                "Actual Rows": 10339,
                                                "Actual Loops": 1
                                            }
                                        ],
                                        "Plans": [
                                            {
                                                "Node Type": "Seq Scan",
                                                "Parent Relationship": "Outer",
                                                "Parallel Aware": true,
                                                "Relation Name": "movie_info_idx",
                                                "Schema": "public",
                                                "Alias": "mi_idx",
                                                "Startup Cost": 0.0,
                                                "Total Cost": 13685.15,
                                                "Plan Rows": 575015,
                                                "Plan Width": 4,
                                                "Actual Startup Time": 0.009,
                                                "Actual Total Time": 33.847,
                                                "Actual Rows": 460012,
                                                "Actual Loops": 3,
                                                "Output": [
                                                    "mi_idx.id",
                                                    "mi_idx.movie_id",
                                                    "mi_idx.info_type_id",
                                                    "mi_idx.info",
                                                    "mi_idx.note"
                                                ],
                                                "Workers": [
                                                    {
                                                        "Worker Number": 0,
                                                        "Actual Startup Time": 0.01,
                                                        "Actual Total Time": 28.876,
                                                        "Actual Rows": 361508,
                                                        "Actual Loops": 1
                                                    },
                                                    {
                                                        "Worker Number": 1,
                                                        "Actual Startup Time": 0.009,
                                                        "Actual Total Time": 27.899,
                                                        "Actual Rows": 334802,
                                                        "Actual Loops": 1
                                                    }
                                                ]
                                            },
                                            {
                                                "Node Type": "Hash",
                                                "Parent Relationship": "Inner",
                                                "Parallel Aware": true,
                                                "Startup Cost": 45479.21,
                                                "Total Cost": 45479.21,
                                                "Plan Rows": 9192,
                                                "Plan Width": 4,
                                                "Actual Startup Time": 117.417,
                                                "Actual Total Time": 117.418,
                                                "Actual Rows": 10751,
                                                "Actual Loops": 3,
                                                "Output": [
                                                    "t.id"
                                                ],
                                                "Hash Buckets": 65536,
                                                "Original Hash Buckets": 65536,
                                                "Hash Batches": 1,
                                                "Original Hash Batches": 1,
                                                "Peak Memory Usage": 1792,
                                                "Workers": [
                                                    {
                                                        "Worker Number": 0,
                                                        "Actual Startup Time": 114.02,
                                                        "Actual Total Time": 114.021,
                                                        "Actual Rows": 9703,
                                                        "Actual Loops": 1
                                                    },
                                                    {
                                                        "Worker Number": 1,
                                                        "Actual Startup Time": 114.419,
                                                        "Actual Total Time": 114.42,
                                                        "Actual Rows": 9663,
                                                        "Actual Loops": 1
                                                    }
                                                ],
                                                "Plans": [
                                                    {
                                                        "Node Type": "Seq Scan",
                                                        "Parent Relationship": "Outer",
                                                        "Parallel Aware": true,
                                                        "Relation Name": "title",
                                                        "Schema": "public",
                                                        "Alias": "t",
                                                        "Startup Cost": 0.0,
                                                        "Total Cost": 45479.21,
                                                        "Plan Rows": 9192,
                                                        "Plan Width": 4,
                                                        "Actual Startup Time": 0.344,
                                                        "Actual Total Time": 113.364,
                                                        "Actual Rows": 10751,
                                                        "Actual Loops": 3,
                                                        "Output": [
                                                            "t.id"
                                                        ],
                                                        "Filter": "((t.kind_id < 7) AND (t.production_year = 2005))",
                                                        "Rows Removed by Filter": 832020,
                                                        "Workers": [
                                                            {
                                                                "Worker Number": 0,
                                                                "Actual Startup Time": 0.295,
                                                                "Actual Total Time": 110.06,
                                                                "Actual Rows": 9703,
                                                                "Actual Loops": 1
                                                            },
                                                            {
                                                                "Worker Number": 1,
                                                                "Actual Startup Time": 0.687,
                                                                "Actual Total Time": 110.26,
                                                                "Actual Rows": 9663,
                                                                "Actual Loops": 1
                                                            }
                                                        ]
                                                    }
                                                ]
                                            }
                                        ]
                                    },
                                    {
                                        "Node Type": "Index Only Scan",
                                        "Parent Relationship": "Inner",
                                        "Parallel Aware": false,
                                        "Scan Direction": "Forward",
                                        "Index Name": "movie_id_cast_info",
                                        "Relation Name": "cast_info",
                                        "Schema": "public",
                                        "Alias": "ci",
                                        "Startup Cost": 0.56,
                                        "Total Cost": 2.34,
                                        "Plan Rows": 38,
                                        "Plan Width": 4,
                                        "Actual Startup Time": 0.005,
                                        "Actual Total Time": 0.028,
                                        "Actual Rows": 27,
                                        "Actual Loops": 39660,
                                        "Output": [
                                            "ci.movie_id"
                                        ],
                                        "Index Cond": "(ci.movie_id = mi_idx.movie_id)",
                                        "Rows Removed by Index Recheck": 0,
                                        "Heap Fetches": 1072427,
                                        "Workers": [
                                            {
                                                "Worker Number": 0,
                                                "Actual Startup Time": 0.006,
                                                "Actual Total Time": 0.037,
                                                "Actual Rows": 27,
                                                "Actual Loops": 10748
                                            },
                                            {
                                                "Worker Number": 1,
                                                "Actual Startup Time": 0.006,
                                                "Actual Total Time": 0.038,
                                                "Actual Rows": 28,
                                                "Actual Loops": 10339
                                            }
                                        ]
                                    }
                                ]
                            }
                        ]
                    }
                ]
            }
        ]
    },
    "Planning Time": 1.413,
    "Triggers": [],
    "Execution Time": 709.541
}