[
  {
    "Plan": {
      "Node Type": "Aggregate",
      "Strategy": "Plain",
      "Partial Mode": "Finalize",
      "Parallel Aware": false,
      "Startup Cost": 169152.6,
      "Total Cost": 169152.61,
      "Plan Rows": 1,
      "Plan Width": 8,
      "Actual Startup Time": 112.382,
      "Actual Total Time": 125.687,
      "Actual Rows": 1,
      "Actual Loops": 1,
      "Plans": [
        {
          "Node Type": "Gather",
          "Parent Relationship": "Outer",
          "Parallel Aware": false,
          "Startup Cost": 169152.18,
          "Total Cost": 169152.59,
          "Plan Rows": 4,
          "Plan Width": 8,
          "Actual Startup Time": 112.197,
          "Actual Total Time": 125.681,
          "Actual Rows": 5,
          "Actual Loops": 1,
          "Workers Planned": 4,
          "Workers Launched": 4,
          "Single Copy": false,
          "Plans": [
            {
              "Node Type": "Aggregate",
              "Strategy": "Plain",
              "Partial Mode": "Partial",
              "Parent Relationship": "Outer",
              "Parallel Aware": false,
              "Startup Cost": 168152.18,
              "Total Cost": 168152.19,
              "Plan Rows": 1,
              "Plan Width": 8,
              "Actual Startup Time": 102.294,
              "Actual Total Time": 102.298,
              "Actual Rows": 1,
              "Actual Loops": 5,
              "Plans": [
                {
                  "Node Type": "Hash Join",
                  "Parent Relationship": "Outer",
                  "Parallel Aware": true,
                  "Join Type": "Inner",
                  "Startup Cost": 46654.71,
                  "Total Cost": 168152.06,
                  "Plan Rows": 45,
                  "Plan Width": 0,
                  "Actual Startup Time": 93.273,
                  "Actual Total Time": 102.286,
                  "Actual Rows": 36,
                  "Actual Loops": 5,
                  "Inner Unique": true,
                  "Hash Cond": "(mi.movie_id = t.id)",
                  "Plans": [
                    {
                      "Node Type": "Bitmap Heap Scan",
                      "Parent Relationship": "Outer",
                      "Parallel Aware": true,
                      "Relation Name": "movie_info",
                      "Alias": "mi",
                      "Startup Cost": 1153.1,
                      "Total Cost": 122608.74,
                      "Plan Rows": 15892,
                      "Plan Width": 4,
                      "Actual Startup Time": 3.828,
                      "Actual Total Time": 12.903,
                      "Actual Rows": 12226,
                      "Actual Loops": 5,
                      "Recheck Cond": "(info_type_id = 103)",
                      "Rows Removed by Index Recheck": 0,
                      "Exact Heap Blocks": 1809,
                      "Lossy Heap Blocks": 0,
                      "Plans": [
                        {
                          "Node Type": "Bitmap Index Scan",
                          "Parent Relationship": "Outer",
                          "Parallel Aware": false,
                          "Index Name": "info_type_id_movie_info",
                          "Startup Cost": 0.0,
                          "Total Cost": 1137.21,
                          "Plan Rows": 63570,
                          "Plan Width": 0,
                          "Actual Startup Time": 3.044,
                          "Actual Total Time": 3.045,
                          "Actual Rows": 61128,
                          "Actual Loops": 1,
                          "Index Cond": "(info_type_id = 103)"
                        }
                      ]
                    },
                    {
                      "Node Type": "Hash",
                      "Parent Relationship": "Inner",
                      "Parallel Aware": true,
                      "Startup Cost": 45479.1,
                      "Total Cost": 45479.1,
                      "Plan Rows": 1801,
                      "Plan Width": 4,
                      "Actual Startup Time": 86.588,
                      "Actual Total Time": 86.589,
                      "Actual Rows": 1417,
                      "Actual Loops": 5,
                      "Hash Buckets": 8192,
                      "Original Hash Buckets": 8192,
                      "Hash Batches": 1,
                      "Original Hash Batches": 1,
                      "Peak Memory Usage": 416,
                      "Plans": [
                        {
                          "Node Type": "Seq Scan",
                          "Parent Relationship": "Outer",
                          "Parallel Aware": true,
                          "Relation Name": "title",
                          "Alias": "t",
                          "Startup Cost": 0.0,
                          "Total Cost": 45479.1,
                          "Plan Rows": 1801,
                          "Plan Width": 4,
                          "Actual Startup Time": 0.823,
                          "Actual Total Time": 85.737,
                          "Actual Rows": 1417,
                          "Actual Loops": 5,
                          "Filter": "((kind_id < 7) AND (production_year = 1983))",
                          "Rows Removed by Filter": 504245
                        }
                      ]
                    }
                  ]
                }
              ]
            }
          ]
        }
      ]
    },
    "Planning Time": 0.659,
    "Triggers": [],
    "Execution Time": 125.779
  }
]