{
    "Plan": {
        "Node Type": "Aggregate",
        "Strategy": "Plain",
        "Partial Mode": "Simple",
        "Parallel Aware": false,
        "Startup Cost": 4389.75,
        "Total Cost": 4389.76,
        "Plan Rows": 1,
        "Plan Width": 64,
        "Actual Startup Time": 5162.889,
        "Actual Total Time": 5162.894,
        "Actual Rows": 1,
        "Actual Loops": 1,
        "Plans": [
            {
                "Node Type": "Nested Loop",
                "Parent Relationship": "Outer",
                "Parallel Aware": false,
                "Join Type": "Inner",
                "Startup Cost": 9.08,
                "Total Cost": 4389.75,
                "Plan Rows": 1,
                "Plan Width": 15,
                "Actual Startup Time": 57.606,
                "Actual Total Time": 5162.568,
                "Actual Rows": 1918,
                "Actual Loops": 1,
                "Inner Unique": true,
                "Plans": [
                    {
                        "Node Type": "Nested Loop",
                        "Parent Relationship": "Outer",
                        "Parallel Aware": false,
                        "Join Type": "Inner",
                        "Startup Cost": 8.65,
                        "Total Cost": 4389.29,
                        "Plan Rows": 1,
                        "Plan Width": 27,
                        "Actual Startup Time": 57.594,
                        "Actual Total Time": 5159.014,
                        "Actual Rows": 1918,
                        "Actual Loops": 1,
                        "Inner Unique": true,
                        "Plans": [
                            {
                                "Node Type": "Nested Loop",
                                "Parent Relationship": "Outer",
                                "Parallel Aware": false,
                                "Join Type": "Inner",
                                "Startup Cost": 8.23,
                                "Total Cost": 4388.85,
                                "Plan Rows": 1,
                                "Plan Width": 31,
                                "Actual Startup Time": 57.583,
                                "Actual Total Time": 5151.731,
                                "Actual Rows": 1918,
                                "Actual Loops": 1,
                                "Inner Unique": false,
                                "Plans": [
                                    {
                                        "Node Type": "Nested Loop",
                                        "Parent Relationship": "Outer",
                                        "Parallel Aware": false,
                                        "Join Type": "Inner",
                                        "Startup Cost": 7.8,
                                        "Total Cost": 4388.28,
                                        "Plan Rows": 1,
                                        "Plan Width": 23,
                                        "Actual Startup Time": 57.571,
                                        "Actual Total Time": 5149.348,
                                        "Actual Rows": 250,
                                        "Actual Loops": 1,
                                        "Inner Unique": true,
                                        "Plans": [
                                            {
                                                "Node Type": "Nested Loop",
                                                "Parent Relationship": "Outer",
                                                "Parallel Aware": false,
                                                "Join Type": "Inner",
                                                "Startup Cost": 7.37,
                                                "Total Cost": 3822.02,
                                                "Plan Rows": 1238,
                                                "Plan Width": 12,
                                                "Actual Startup Time": 10.75,
                                                "Actual Total Time": 1568.217,
                                                "Actual Rows": 1038393,
                                                "Actual Loops": 1,
                                                "Inner Unique": false,
                                                "Plans": [
                                                    {
                                                        "Node Type": "Nested Loop",
                                                        "Parent Relationship": "Outer",
                                                        "Parallel Aware": false,
                                                        "Join Type": "Inner",
                                                        "Startup Cost": 6.8,
                                                        "Total Cost": 3757.63,
                                                        "Plan Rows": 34,
                                                        "Plan Width": 4,
                                                        "Actual Startup Time": 10.722,
                                                        "Actual Total Time": 53.874,
                                                        "Actual Rows": 41840,
                                                        "Actual Loops": 1,
                                                        "Inner Unique": false,
                                                        "Plans": [
                                                            {
                                                                "Node Type": "Seq Scan",
                                                                "Parent Relationship": "Outer",
                                                                "Parallel Aware": false,
                                                                "Relation Name": "keyword",
                                                                "Alias": "k",
                                                                "Startup Cost": 0.0,
                                                                "Total Cost": 2626.12,
                                                                "Plan Rows": 1,
                                                                "Plan Width": 4,
                                                                "Actual Startup Time": 1.132,
                                                                "Actual Total Time": 9.624,
                                                                "Actual Rows": 1,
                                                                "Actual Loops": 1,
                                                                "Filter": "(keyword = 'character-name-in-title'::text)",
                                                                "Rows Removed by Filter": 134169
                                                            },
                                                            {
                                                                "Node Type": "Bitmap Heap Scan",
                                                                "Parent Relationship": "Inner",
                                                                "Parallel Aware": false,
                                                                "Relation Name": "movie_keyword",
                                                                "Alias": "mk",
                                                                "Startup Cost": 6.8,
                                                                "Total Cost": 1128.44,
                                                                "Plan Rows": 306,
                                                                "Plan Width": 8,
                                                                "Actual Startup Time": 9.579,
                                                                "Actual Total Time": 39.529,
                                                                "Actual Rows": 41840,
                                                                "Actual Loops": 1,
                                                                "Recheck Cond": "(keyword_id = k.id)",
                                                                "Rows Removed by Index Recheck": 0,
                                                                "Exact Heap Blocks": 11541,
                                                                "Lossy Heap Blocks": 0,
                                                                "Plans": [
                                                                    {
                                                                        "Node Type": "Bitmap Index Scan",
                                                                        "Parent Relationship": "Outer",
                                                                        "Parallel Aware": false,
                                                                        "Index Name": "keyword_id_movie_keyword",
                                                                        "Startup Cost": 0.0,
                                                                        "Total Cost": 6.73,
                                                                        "Plan Rows": 306,
                                                                        "Plan Width": 0,
                                                                        "Actual Startup Time": 5.995,
                                                                        "Actual Total Time": 5.995,
                                                                        "Actual Rows": 41840,
                                                                        "Actual Loops": 1,
                                                                        "Index Cond": "(keyword_id = k.id)"
                                                                    }
                                                                ]
                                                            }
                                                        ]
                                                    },
                                                    {
                                                        "Node Type": "Index Scan",
                                                        "Parent Relationship": "Inner",
                                                        "Parallel Aware": false,
                                                        "Scan Direction": "Forward",
                                                        "Index Name": "movie_id_cast_info",
                                                        "Relation Name": "cast_info",
                                                        "Alias": "ci",
                                                        "Startup Cost": 0.56,
                                                        "Total Cost": 1.52,
                                                        "Plan Rows": 37,
                                                        "Plan Width": 8,
                                                        "Actual Startup Time": 0.004,
                                                        "Actual Total Time": 0.034,
                                                        "Actual Rows": 25,
                                                        "Actual Loops": 41840,
                                                        "Index Cond": "(movie_id = mk.movie_id)",
                                                        "Rows Removed by Index Recheck": 0
                                                    }
                                                ]
                                            },
                                            {
                                                "Node Type": "Index Scan",
                                                "Parent Relationship": "Inner",
                                                "Parallel Aware": false,
                                                "Scan Direction": "Forward",
                                                "Index Name": "name_pkey",
                                                "Relation Name": "name",
                                                "Alias": "n",
                                                "Startup Cost": 0.43,
                                                "Total Cost": 0.46,
                                                "Plan Rows": 1,
                                                "Plan Width": 19,
                                                "Actual Startup Time": 0.003,
                                                "Actual Total Time": 0.003,
                                                "Actual Rows": 0,
                                                "Actual Loops": 1038393,
                                                "Index Cond": "(id = ci.person_id)",
                                                "Rows Removed by Index Recheck": 0,
                                                "Filter": "(name ~~ 'X%'::text)",
                                                "Rows Removed by Filter": 1
                                            }
                                        ]
                                    },
                                    {
                                        "Node Type": "Index Scan",
                                        "Parent Relationship": "Inner",
                                        "Parallel Aware": false,
                                        "Scan Direction": "Forward",
                                        "Index Name": "movie_id_movie_companies",
                                        "Relation Name": "movie_companies",
                                        "Alias": "mc",
                                        "Startup Cost": 0.43,
                                        "Total Cost": 0.52,
                                        "Plan Rows": 5,
                                        "Plan Width": 8,
                                        "Actual Startup Time": 0.006,
                                        "Actual Total Time": 0.008,
                                        "Actual Rows": 8,
                                        "Actual Loops": 250,
                                        "Index Cond": "(movie_id = ci.movie_id)",
                                        "Rows Removed by Index Recheck": 0
                                    }
                                ]
                            },
                            {
                                "Node Type": "Index Only Scan",
                                "Parent Relationship": "Inner",
                                "Parallel Aware": false,
                                "Scan Direction": "Forward",
                                "Index Name": "company_name_pkey",
                                "Relation Name": "company_name",
                                "Alias": "cn",
                                "Startup Cost": 0.42,
                                "Total Cost": 0.44,
                                "Plan Rows": 1,
                                "Plan Width": 4,
                                "Actual Startup Time": 0.003,
                                "Actual Total Time": 0.003,
                                "Actual Rows": 1,
                                "Actual Loops": 1918,
                                "Index Cond": "(id = mc.company_id)",
                                "Rows Removed by Index Recheck": 0,
                                "Heap Fetches": 1918
                            }
                        ]
                    },
                    {
                        "Node Type": "Index Only Scan",
                        "Parent Relationship": "Inner",
                        "Parallel Aware": false,
                        "Scan Direction": "Forward",
                        "Index Name": "title_pkey",
                        "Relation Name": "title",
                        "Alias": "t",
                        "Startup Cost": 0.43,
                        "Total Cost": 0.45,
                        "Plan Rows": 1,
                        "Plan Width": 4,
                        "Actual Startup Time": 0.002,
                        "Actual Total Time": 0.002,
                        "Actual Rows": 1,
                        "Actual Loops": 1918,
                        "Index Cond": "(id = ci.movie_id)",
                        "Rows Removed by Index Recheck": 0,
                        "Heap Fetches": 1918
                    }
                ]
            }
        ]
    },
    "Planning Time": 8.65,
    "Triggers": [],
    "Execution Time": 5163.022
}