[
  {
    "Plan": {
      "Node Type": "Aggregate",
      "Strategy": "Plain",
      "Partial Mode": "Finalize",
      "Parallel Aware": false,
      "Startup Cost": 333484.89,
      "Total Cost": 333484.9,
      "Plan Rows": 1,
      "Plan Width": 8,
      "Actual Startup Time": 614.013,
      "Actual Total Time": 677.308,
      "Actual Rows": 1,
      "Actual Loops": 1,
      "Plans": [
        {
          "Node Type": "Gather",
          "Parent Relationship": "Outer",
          "Parallel Aware": false,
          "Startup Cost": 333484.27,
          "Total Cost": 333484.88,
          "Plan Rows": 6,
          "Plan Width": 8,
          "Actual Startup Time": 613.892,
          "Actual Total Time": 677.298,
          "Actual Rows": 7,
          "Actual Loops": 1,
          "Workers Planned": 6,
          "Workers Launched": 6,
          "Single Copy": false,
          "Plans": [
            {
              "Node Type": "Aggregate",
              "Strategy": "Plain",
              "Partial Mode": "Partial",
              "Parent Relationship": "Outer",
              "Parallel Aware": false,
              "Startup Cost": 332484.27,
              "Total Cost": 332484.28,
              "Plan Rows": 1,
              "Plan Width": 8,
              "Actual Startup Time": 604.25,
              "Actual Total Time": 604.251,
              "Actual Rows": 1,
              "Actual Loops": 7,
              "Plans": [
                {
                  "Node Type": "Seq Scan",
                  "Parent Relationship": "Outer",
                  "Parallel Aware": true,
                  "Relation Name": "cast_info",
                  "Alias": "ci",
                  "Startup Cost": 0.0,
                  "Total Cost": 328162.03,
                  "Plan Rows": 1728897,
                  "Plan Width": 0,
                  "Actual Startup Time": 0.073,
                  "Actual Total Time": 539.302,
                  "Actual Rows": 1489693,
                  "Actual Loops": 7,
                  "Filter": "(person_id < 1023910)",
                  "Rows Removed by Filter": 3688071
                }
              ]
            }
          ]
        }
      ]
    },
    "Planning Time": 0.284,
    "Triggers": [],
    "Execution Time": 677.383
  }
]