[
  {
    "Plan": {
      "Node Type": "Aggregate",
      "Strategy": "Plain",
      "Partial Mode": "Finalize",
      "Parallel Aware": false,
      "Startup Cost": 386937.6,
      "Total Cost": 386937.61,
      "Plan Rows": 1,
      "Plan Width": 8,
      "Actual Startup Time": 2998.045,
      "Actual Total Time": 3078.786,
      "Actual Rows": 1,
      "Actual Loops": 1,
      "Plans": [
        {
          "Node Type": "Gather",
          "Parent Relationship": "Outer",
          "Parallel Aware": false,
          "Startup Cost": 386937.08,
          "Total Cost": 386937.59,
          "Plan Rows": 5,
          "Plan Width": 8,
          "Actual Startup Time": 2992.319,
          "Actual Total Time": 3078.774,
          "Actual Rows": 6,
          "Actual Loops": 1,
          "Workers Planned": 5,
          "Workers Launched": 5,
          "Single Copy": false,
          "Plans": [
            {
              "Node Type": "Aggregate",
              "Strategy": "Plain",
              "Partial Mode": "Partial",
              "Parent Relationship": "Outer",
              "Parallel Aware": false,
              "Startup Cost": 385937.08,
              "Total Cost": 385937.09,
              "Plan Rows": 1,
              "Plan Width": 8,
              "Actual Startup Time": 2986.127,
              "Actual Total Time": 2986.13,
              "Actual Rows": 1,
              "Actual Loops": 6,
              "Plans": [
                {
                  "Node Type": "Nested Loop",
                  "Parent Relationship": "Outer",
                  "Parallel Aware": false,
                  "Join Type": "Inner",
                  "Startup Cost": 83738.69,
                  "Total Cost": 384988.04,
                  "Plan Rows": 379616,
                  "Plan Width": 0,
                  "Actual Startup Time": 250.457,
                  "Actual Total Time": 2946.623,
                  "Actual Rows": 719109,
                  "Actual Loops": 6,
                  "Inner Unique": false,
                  "Plans": [
                    {
                      "Node Type": "Merge Join",
                      "Parent Relationship": "Outer",
                      "Parallel Aware": false,
                      "Join Type": "Inner",
                      "Startup Cost": 83738.13,
                      "Total Cost": 178567.68,
                      "Plan Rows": 100788,
                      "Plan Width": 8,
                      "Actual Startup Time": 250.255,
                      "Actual Total Time": 656.377,
                      "Actual Rows": 83477,
                      "Actual Loops": 6,
                      "Inner Unique": false,
                      "Merge Cond": "(t.id = mc.movie_id)",
                      "Plans": [
                        {
                          "Node Type": "Index Only Scan",
                          "Parent Relationship": "Outer",
                          "Parallel Aware": true,
                          "Scan Direction": "Forward",
                          "Index Name": "title_pkey",
                          "Relation Name": "title",
                          "Alias": "t",
                          "Startup Cost": 0.43,
                          "Total Cost": 90125.02,
                          "Plan Rows": 505685,
                          "Plan Width": 4,
                          "Actual Startup Time": 0.123,
                          "Actual Total Time": 328.681,
                          "Actual Rows": 420958,
                          "Actual Loops": 6,
                          "Heap Fetches": 2525750
                        },
                        {
                          "Node Type": "Sort",
                          "Parent Relationship": "Inner",
                          "Parallel Aware": false,
                          "Startup Cost": 83737.62,
                          "Total Cost": 84997.47,
                          "Plan Rows": 503940,
                          "Plan Width": 4,
                          "Actual Startup Time": 233.033,
                          "Actual Total Time": 261.136,
                          "Actual Rows": 500861,
                          "Actual Loops": 6,
                          "Sort Key": [
                            "mc.movie_id"
                          ],
                          "Sort Method": "quicksort",
                          "Sort Space Used": 35766,
                          "Sort Space Type": "Memory",
                          "Workers": [
                            {
                              "Worker Number": 0,
                              "Sort Method": "quicksort",
                              "Sort Space Used": 35766,
                              "Sort Space Type": "Memory"
                            },
                            {
                              "Worker Number": 1,
                              "Sort Method": "quicksort",
                              "Sort Space Used": 35766,
                              "Sort Space Type": "Memory"
                            },
                            {
                              "Worker Number": 2,
                              "Sort Method": "quicksort",
                              "Sort Space Used": 35766,
                              "Sort Space Type": "Memory"
                            },
                            {
                              "Worker Number": 3,
                              "Sort Method": "quicksort",
                              "Sort Space Used": 35766,
                              "Sort Space Type": "Memory"
                            },
                            {
                              "Worker Number": 4,
                              "Sort Method": "quicksort",
                              "Sort Space Used": 35766,
                              "Sort Space Type": "Memory"
                            }
                          ],
                          "Plans": [
                            {
                              "Node Type": "Bitmap Heap Scan",
                              "Parent Relationship": "Outer",
                              "Parallel Aware": false,
                              "Relation Name": "movie_companies",
                              "Alias": "mc",
                              "Startup Cost": 10917.97,
                              "Total Cost": 36007.21,
                              "Plan Rows": 503940,
                              "Plan Width": 4,
                              "Actual Startup Time": 34.631,
                              "Actual Total Time": 113.323,
                              "Actual Rows": 500861,
                              "Actual Loops": 6,
                              "Recheck Cond": "(company_id > 74156)",
                              "Rows Removed by Index Recheck": 0,
                              "Exact Heap Blocks": 7134,
                              "Lossy Heap Blocks": 0,
                              "Plans": [
                                {
                                  "Node Type": "Bitmap Index Scan",
                                  "Parent Relationship": "Outer",
                                  "Parallel Aware": false,
                                  "Index Name": "company_id_movie_companies",
                                  "Startup Cost": 0.0,
                                  "Total Cost": 10791.98,
                                  "Plan Rows": 503940,
                                  "Plan Width": 0,
                                  "Actual Startup Time": 33.664,
                                  "Actual Total Time": 33.665,
                                  "Actual Rows": 500861,
                                  "Actual Loops": 6,
                                  "Index Cond": "(company_id > 74156)"
                                }
                              ]
                            }
                          ]
                        }
                      ]
                    },
                    {
                      "Node Type": "Index Scan",
                      "Parent Relationship": "Inner",
                      "Parallel Aware": false,
                      "Scan Direction": "Forward",
                      "Index Name": "movie_id_cast_info",
                      "Relation Name": "cast_info",
                      "Alias": "ci",
                      "Startup Cost": 0.56,
                      "Total Cost": 1.96,
                      "Plan Rows": 9,
                      "Plan Width": 4,
                      "Actual Startup Time": 0.019,
                      "Actual Total Time": 0.027,
                      "Actual Rows": 9,
                      "Actual Loops": 500861,
                      "Index Cond": "(movie_id = t.id)",
                      "Rows Removed by Index Recheck": 0,
                      "Filter": "((person_id > 766186) AND (role_id > 3))",
                      "Rows Removed by Filter": 17
                    }
                  ]
                }
              ]
            }
          ]
        }
      ]
    },
    "Planning Time": 1.764,
    "Triggers": [],
    "Execution Time": 3085.557
  }
]