[
  {
    "Plan": {
      "Node Type": "Aggregate",
      "Strategy": "Plain",
      "Partial Mode": "Finalize",
      "Parallel Aware": false,
      "Startup Cost": 32853.05,
      "Total Cost": 32853.06,
      "Plan Rows": 1,
      "Plan Width": 8,
      "Actual Startup Time": 77.679,
      "Actual Total Time": 85.604,
      "Actual Rows": 1,
      "Actual Loops": 1,
      "Plans": [
        {
          "Node Type": "Gather",
          "Parent Relationship": "Outer",
          "Parallel Aware": false,
          "Startup Cost": 32852.73,
          "Total Cost": 32853.04,
          "Plan Rows": 3,
          "Plan Width": 8,
          "Actual Startup Time": 77.555,
          "Actual Total Time": 85.594,
          "Actual Rows": 4,
          "Actual Loops": 1,
          "Workers Planned": 3,
          "Workers Launched": 3,
          "Single Copy": false,
          "Plans": [
            {
              "Node Type": "Aggregate",
              "Strategy": "Plain",
              "Partial Mode": "Partial",
              "Parent Relationship": "Outer",
              "Parallel Aware": false,
              "Startup Cost": 31852.73,
              "Total Cost": 31852.74,
              "Plan Rows": 1,
              "Plan Width": 8,
              "Actual Startup Time": 72.972,
              "Actual Total Time": 72.974,
              "Actual Rows": 1,
              "Actual Loops": 4,
              "Plans": [
                {
                  "Node Type": "Seq Scan",
                  "Parent Relationship": "Outer",
                  "Parallel Aware": true,
                  "Relation Name": "movie_companies",
                  "Alias": "mc",
                  "Startup Cost": 0.0,
                  "Total Cost": 31414.82,
                  "Plan Rows": 175164,
                  "Plan Width": 0,
                  "Actual Startup Time": 41.19,
                  "Actual Total Time": 69.397,
                  "Actual Rows": 83180,
                  "Actual Loops": 4,
                  "Filter": "((company_id < 6558) AND (company_type_id > 1))",
                  "Rows Removed by Filter": 569102
                }
              ]
            }
          ]
        }
      ]
    },
    "Planning Time": 0.22,
    "Triggers": [],
    "Execution Time": 85.66
  }
]