[
  {
    "Plan": {
      "Node Type": "Aggregate",
      "Strategy": "Plain",
      "Partial Mode": "Finalize",
      "Parallel Aware": false,
      "Startup Cost": 81153.19,
      "Total Cost": 81153.2,
      "Plan Rows": 1,
      "Plan Width": 8,
      "Actual Startup Time": 383.213,
      "Actual Total Time": 397.933,
      "Actual Rows": 1,
      "Actual Loops": 1,
      "Plans": [
        {
          "Node Type": "Gather",
          "Parent Relationship": "Outer",
          "Parallel Aware": false,
          "Startup Cost": 81152.88,
          "Total Cost": 81153.19,
          "Plan Rows": 3,
          "Plan Width": 8,
          "Actual Startup Time": 373.55,
          "Actual Total Time": 397.924,
          "Actual Rows": 4,
          "Actual Loops": 1,
          "Workers Planned": 3,
          "Workers Launched": 3,
          "Single Copy": false,
          "Plans": [
            {
              "Node Type": "Aggregate",
              "Strategy": "Plain",
              "Partial Mode": "Partial",
              "Parent Relationship": "Outer",
              "Parallel Aware": false,
              "Startup Cost": 80152.88,
              "Total Cost": 80152.89,
              "Plan Rows": 1,
              "Plan Width": 8,
              "Actual Startup Time": 365.392,
              "Actual Total Time": 365.4,
              "Actual Rows": 1,
              "Actual Loops": 4,
              "Plans": [
                {
                  "Node Type": "Hash Join",
                  "Parent Relationship": "Outer",
                  "Parallel Aware": true,
                  "Join Type": "Inner",
                  "Startup Cost": 47367.21,
                  "Total Cost": 79748.78,
                  "Plan Rows": 161640,
                  "Plan Width": 0,
                  "Actual Startup Time": 259.089,
                  "Actual Total Time": 361.514,
                  "Actual Rows": 86188,
                  "Actual Loops": 4,
                  "Inner Unique": true,
                  "Hash Cond": "(mc.movie_id = t.id)",
                  "Plans": [
                    {
                      "Node Type": "Seq Scan",
                      "Parent Relationship": "Outer",
                      "Parallel Aware": true,
                      "Relation Name": "movie_companies",
                      "Alias": "mc",
                      "Startup Cost": 0.0,
                      "Total Cost": 31414.82,
                      "Plan Rows": 368285,
                      "Plan Width": 4,
                      "Actual Startup Time": 33.381,
                      "Actual Total Time": 71.974,
                      "Actual Rows": 240142,
                      "Actual Loops": 4,
                      "Filter": "((company_id < 85071) AND (company_type_id = 2))",
                      "Rows Removed by Filter": 412141
                    },
                    {
                      "Node Type": "Hash",
                      "Parent Relationship": "Inner",
                      "Parallel Aware": true,
                      "Startup Cost": 43899.32,
                      "Total Cost": 43899.32,
                      "Plan Rows": 277431,
                      "Plan Width": 4,
                      "Actual Startup Time": 220.026,
                      "Actual Total Time": 220.031,
                      "Actual Rows": 276981,
                      "Actual Loops": 4,
                      "Hash Buckets": 2097152,
                      "Original Hash Buckets": 2097152,
                      "Hash Batches": 1,
                      "Original Hash Batches": 1,
                      "Peak Memory Usage": 59808,
                      "Plans": [
                        {
                          "Node Type": "Seq Scan",
                          "Parent Relationship": "Outer",
                          "Parallel Aware": true,
                          "Relation Name": "title",
                          "Alias": "t",
                          "Startup Cost": 0.0,
                          "Total Cost": 43899.32,
                          "Plan Rows": 277431,
                          "Plan Width": 4,
                          "Actual Startup Time": 0.019,
                          "Actual Total Time": 110.654,
                          "Actual Rows": 276981,
                          "Actual Loops": 4,
                          "Filter": "(production_year > 2004)",
                          "Rows Removed by Filter": 355097
                        }
                      ]
                    }
                  ]
                }
              ]
            }
          ]
        }
      ]
    },
    "Planning Time": 0.515,
    "Triggers": [],
    "Execution Time": 397.976
  }
]