[
  {
    "Plan": {
      "Node Type": "Aggregate",
      "Strategy": "Plain",
      "Partial Mode": "Finalize",
      "Parallel Aware": false,
      "Startup Cost": 268509.74,
      "Total Cost": 268509.75,
      "Plan Rows": 1,
      "Plan Width": 8,
      "Actual Startup Time": 86.355,
      "Actual Total Time": 90.658,
      "Actual Rows": 1,
      "Actual Loops": 1,
      "Plans": [
        {
          "Node Type": "Gather",
          "Parent Relationship": "Outer",
          "Parallel Aware": false,
          "Startup Cost": 268509.12,
          "Total Cost": 268509.73,
          "Plan Rows": 6,
          "Plan Width": 8,
          "Actual Startup Time": 85.968,
          "Actual Total Time": 90.65,
          "Actual Rows": 7,
          "Actual Loops": 1,
          "Workers Planned": 6,
          "Workers Launched": 6,
          "Single Copy": false,
          "Plans": [
            {
              "Node Type": "Aggregate",
              "Strategy": "Plain",
              "Partial Mode": "Partial",
              "Parent Relationship": "Outer",
              "Parallel Aware": false,
              "Startup Cost": 267509.12,
              "Total Cost": 267509.13,
              "Plan Rows": 1,
              "Plan Width": 8,
              "Actual Startup Time": 74.785,
              "Actual Total Time": 74.786,
              "Actual Rows": 1,
              "Actual Loops": 7,
              "Plans": [
                {
                  "Node Type": "Bitmap Heap Scan",
                  "Parent Relationship": "Outer",
                  "Parallel Aware": true,
                  "Relation Name": "cast_info",
                  "Alias": "ci",
                  "Startup Cost": 13315.4,
                  "Total Cost": 267258.0,
                  "Plan Rows": 100448,
                  "Plan Width": 0,
                  "Actual Startup Time": 32.628,
                  "Actual Total Time": 68.289,
                  "Actual Rows": 81543,
                  "Actual Loops": 7,
                  "Recheck Cond": "(person_id > 3951978)",
                  "Rows Removed by Index Recheck": 0,
                  "Exact Heap Blocks": 3019,
                  "Lossy Heap Blocks": 0,
                  "Plans": [
                    {
                      "Node Type": "Bitmap Index Scan",
                      "Parent Relationship": "Outer",
                      "Parallel Aware": false,
                      "Index Name": "person_id_cast_info",
                      "Startup Cost": 0.0,
                      "Total Cost": 13164.73,
                      "Plan Rows": 602688,
                      "Plan Width": 0,
                      "Actual Startup Time": 40.916,
                      "Actual Total Time": 40.916,
                      "Actual Rows": 570803,
                      "Actual Loops": 1,
                      "Index Cond": "(person_id > 3951978)"
                    }
                  ]
                }
              ]
            }
          ]
        }
      ]
    },
    "Planning Time": 0.313,
    "Triggers": [],
    "Execution Time": 90.734
  }
]