[
  {
    "Plan": {
      "Node Type": "Aggregate",
      "Strategy": "Plain",
      "Partial Mode": "Finalize",
      "Parallel Aware": false,
      "Startup Cost": 84853.0,
      "Total Cost": 84853.01,
      "Plan Rows": 1,
      "Plan Width": 8,
      "Actual Startup Time": 301.063,
      "Actual Total Time": 312.544,
      "Actual Rows": 1,
      "Actual Loops": 1,
      "Plans": [
        {
          "Node Type": "Gather",
          "Parent Relationship": "Outer",
          "Parallel Aware": false,
          "Startup Cost": 84852.68,
          "Total Cost": 84852.99,
          "Plan Rows": 3,
          "Plan Width": 8,
          "Actual Startup Time": 300.523,
          "Actual Total Time": 312.536,
          "Actual Rows": 4,
          "Actual Loops": 1,
          "Workers Planned": 3,
          "Workers Launched": 3,
          "Single Copy": false,
          "Plans": [
            {
              "Node Type": "Aggregate",
              "Strategy": "Plain",
              "Partial Mode": "Partial",
              "Parent Relationship": "Outer",
              "Parallel Aware": false,
              "Startup Cost": 83852.68,
              "Total Cost": 83852.69,
              "Plan Rows": 1,
              "Plan Width": 8,
              "Actual Startup Time": 291.221,
              "Actual Total Time": 291.224,
              "Actual Rows": 1,
              "Actual Loops": 4,
              "Plans": [
                {
                  "Node Type": "Hash Join",
                  "Parent Relationship": "Outer",
                  "Parallel Aware": true,
                  "Join Type": "Inner",
                  "Startup Cost": 38334.25,
                  "Total Cost": 83766.46,
                  "Plan Rows": 34488,
                  "Plan Width": 0,
                  "Actual Startup Time": 82.584,
                  "Actual Total Time": 289.199,
                  "Actual Rows": 35623,
                  "Actual Loops": 4,
                  "Inner Unique": true,
                  "Hash Cond": "(mk.movie_id = t.id)",
                  "Plans": [
                    {
                      "Node Type": "Seq Scan",
                      "Parent Relationship": "Outer",
                      "Parallel Aware": true,
                      "Relation Name": "movie_keyword",
                      "Alias": "mk",
                      "Startup Cost": 0.0,
                      "Total Cost": 42695.65,
                      "Plan Rows": 1042495,
                      "Plan Width": 4,
                      "Actual Startup Time": 0.036,
                      "Actual Total Time": 131.842,
                      "Actual Rows": 808220,
                      "Actual Loops": 4,
                      "Filter": "(keyword_id < 13692)",
                      "Rows Removed by Filter": 322762
                    },
                    {
                      "Node Type": "Hash",
                      "Parent Relationship": "Inner",
                      "Parallel Aware": true,
                      "Startup Cost": 38072.87,
                      "Total Cost": 38072.87,
                      "Plan Rows": 20911,
                      "Plan Width": 4,
                      "Actual Startup Time": 80.702,
                      "Actual Total Time": 80.703,
                      "Actual Rows": 20701,
                      "Actual Loops": 4,
                      "Hash Buckets": 131072,
                      "Original Hash Buckets": 131072,
                      "Hash Batches": 1,
                      "Original Hash Batches": 1,
                      "Peak Memory Usage": 4320,
                      "Plans": [
                        {
                          "Node Type": "Bitmap Heap Scan",
                          "Parent Relationship": "Outer",
                          "Parallel Aware": true,
                          "Relation Name": "title",
                          "Alias": "t",
                          "Startup Cost": 1718.36,
                          "Total Cost": 38072.87,
                          "Plan Rows": 20911,
                          "Plan Width": 4,
                          "Actual Startup Time": 11.534,
                          "Actual Total Time": 63.08,
                          "Actual Rows": 20701,
                          "Actual Loops": 4,
                          "Recheck Cond": "(kind_id = 2)",
                          "Rows Removed by Index Recheck": 0,
                          "Filter": "(production_year < 2012)",
                          "Rows Removed by Filter": 2012,
                          "Exact Heap Blocks": 15631,
                          "Lossy Heap Blocks": 0,
                          "Plans": [
                            {
                              "Node Type": "Bitmap Index Scan",
                              "Parent Relationship": "Outer",
                              "Parallel Aware": false,
                              "Index Name": "kind_id_title",
                              "Startup Cost": 0.0,
                              "Total Cost": 1697.45,
                              "Plan Rows": 95069,
                              "Plan Width": 0,
                              "Actual Startup Time": 12.856,
                              "Actual Total Time": 12.857,
                              "Actual Rows": 90852,
                              "Actual Loops": 1,
                              "Index Cond": "(kind_id = 2)"
                            }
                          ]
                        }
                      ]
                    }
                  ]
                }
              ]
            }
          ]
        }
      ]
    },
    "Planning Time": 0.488,
    "Triggers": [],
    "Execution Time": 312.609
  }
]