[
  {
    "Plan": {
      "Node Type": "Aggregate",
      "Strategy": "Plain",
      "Partial Mode": "Finalize",
      "Parallel Aware": false,
      "Startup Cost": 348513.38,
      "Total Cost": 348513.39,
      "Plan Rows": 1,
      "Plan Width": 8,
      "Actual Startup Time": 594.015,
      "Actual Total Time": 614.433,
      "Actual Rows": 1,
      "Actual Loops": 1,
      "Plans": [
        {
          "Node Type": "Gather",
          "Parent Relationship": "Outer",
          "Parallel Aware": false,
          "Startup Cost": 348512.75,
          "Total Cost": 348513.36,
          "Plan Rows": 6,
          "Plan Width": 8,
          "Actual Startup Time": 584.048,
          "Actual Total Time": 614.42,
          "Actual Rows": 7,
          "Actual Loops": 1,
          "Workers Planned": 6,
          "Workers Launched": 6,
          "Single Copy": false,
          "Plans": [
            {
              "Node Type": "Aggregate",
              "Strategy": "Plain",
              "Partial Mode": "Partial",
              "Parent Relationship": "Outer",
              "Parallel Aware": false,
              "Startup Cost": 347512.75,
              "Total Cost": 347512.76,
              "Plan Rows": 1,
              "Plan Width": 8,
              "Actual Startup Time": 561.495,
              "Actual Total Time": 561.499,
              "Actual Rows": 1,
              "Actual Loops": 7,
              "Plans": [
                {
                  "Node Type": "Hash Join",
                  "Parent Relationship": "Outer",
                  "Parallel Aware": true,
                  "Join Type": "Inner",
                  "Startup Cost": 89587.92,
                  "Total Cost": 346769.8,
                  "Plan Rows": 297182,
                  "Plan Width": 0,
                  "Actual Startup Time": 357.756,
                  "Actual Total Time": 548.954,
                  "Actual Rows": 243435,
                  "Actual Loops": 7,
                  "Inner Unique": true,
                  "Hash Cond": "(ci.movie_id = t.id)",
                  "Plans": [
                    {
                      "Node Type": "Bitmap Heap Scan",
                      "Parent Relationship": "Outer",
                      "Parallel Aware": true,
                      "Relation Name": "cast_info",
                      "Alias": "ci",
                      "Startup Cost": 39367.54,
                      "Total Cost": 295769.31,
                      "Plan Rows": 297182,
                      "Plan Width": 4,
                      "Actual Startup Time": 75.924,
                      "Actual Total Time": 137.586,
                      "Actual Rows": 243435,
                      "Actual Loops": 7,
                      "Recheck Cond": "(person_id > 3724081)",
                      "Rows Removed by Index Recheck": 0,
                      "Exact Heap Blocks": 3292,
                      "Lossy Heap Blocks": 0,
                      "Plans": [
                        {
                          "Node Type": "Bitmap Index Scan",
                          "Parent Relationship": "Outer",
                          "Parallel Aware": false,
                          "Index Name": "person_id_cast_info",
                          "Startup Cost": 0.0,
                          "Total Cost": 38921.76,
                          "Plan Rows": 1783093,
                          "Plan Width": 0,
                          "Actual Startup Time": 72.012,
                          "Actual Total Time": 72.012,
                          "Actual Rows": 1704042,
                          "Actual Loops": 1,
                          "Index Cond": "(person_id > 3724081)"
                        }
                      ]
                    },
                    {
                      "Node Type": "Hash",
                      "Parent Relationship": "Inner",
                      "Parallel Aware": true,
                      "Startup Cost": 42319.06,
                      "Total Cost": 42319.06,
                      "Plan Rows": 632106,
                      "Plan Width": 4,
                      "Actual Startup Time": 274.539,
                      "Actual Total Time": 274.54,
                      "Actual Rows": 361187,
                      "Actual Loops": 7,
                      "Hash Buckets": 4194304,
                      "Original Hash Buckets": 4194304,
                      "Hash Batches": 1,
                      "Original Hash Batches": 1,
                      "Peak Memory Usage": 131808,
                      "Plans": [
                        {
                          "Node Type": "Seq Scan",
                          "Parent Relationship": "Outer",
                          "Parallel Aware": true,
                          "Relation Name": "title",
                          "Alias": "t",
                          "Startup Cost": 0.0,
                          "Total Cost": 42319.06,
                          "Plan Rows": 632106,
                          "Plan Width": 4,
                          "Actual Startup Time": 0.056,
                          "Actual Total Time": 78.973,
                          "Actual Rows": 361187,
                          "Actual Loops": 7
                        }
                      ]
                    }
                  ]
                }
              ]
            }
          ]
        }
      ]
    },
    "Planning Time": 0.612,
    "Triggers": [],
    "Execution Time": 614.53
  }
]