{
  "Plan": {
    "Node Type": "Aggregate",
    "Strategy": "Plain",
    "Partial Mode": "Finalize",
    "Parallel Aware": false,
    "Startup Cost": 66946.71,
    "Total Cost": 66946.72,
    "Plan Rows": 1,
    "Plan Width": 8,
    "Actual Startup Time": 171.009,
    "Actual Total Time": 190.255,
    "Actual Rows": 1,
    "Actual Loops": 1,
    "Plans": [
      {
        "Node Type": "Gather",
        "Parent Relationship": "Outer",
        "Parallel Aware": false,
        "Startup Cost": 66946.6,
        "Total Cost": 66946.71,
        "Plan Rows": 1,
        "Plan Width": 8,
        "Actual Startup Time": 170.824,
        "Actual Total Time": 190.248,
        "Actual Rows": 2,
        "Actual Loops": 1,
        "Workers Planned": 1,
        "Workers Launched": 1,
        "Single Copy": false,
        "Plans": [
          {
            "Node Type": "Aggregate",
            "Strategy": "Plain",
            "Partial Mode": "Partial",
            "Parent Relationship": "Outer",
            "Parallel Aware": false,
            "Startup Cost": 65946.6,
            "Total Cost": 65946.61,
            "Plan Rows": 1,
            "Plan Width": 8,
            "Actual Startup Time": 164.773,
            "Actual Total Time": 164.776,
            "Actual Rows": 1,
            "Actual Loops": 2,
            "Plans": [
              {
                "Node Type": "Nested Loop",
                "Parent Relationship": "Outer",
                "Parallel Aware": false,
                "Join Type": "Inner",
                "Startup Cost": 38888.23,
                "Total Cost": 65913.12,
                "Plan Rows": 13394,
                "Plan Width": 0,
                "Actual Startup Time": 79.631,
                "Actual Total Time": 163.747,
                "Actual Rows": 17474,
                "Actual Loops": 2,
                "Inner Unique": false,
                "Join Filter": "(t.id = mi.movie_id)",
                "Rows Removed by Join Filter": 0,
                "Plans": [
                  {
                    "Node Type": "Hash Join",
                    "Parent Relationship": "Outer",
                    "Parallel Aware": true,
                    "Join Type": "Inner",
                    "Startup Cost": 38887.8,
                    "Total Cost": 57672.12,
                    "Plan Rows": 2291,
                    "Plan Width": 8,
                    "Actual Startup Time": 79.561,
                    "Actual Total Time": 120.599,
                    "Actual Rows": 1827,
                    "Actual Loops": 2,
                    "Inner Unique": true,
                    "Hash Cond": "(mi_idx.movie_id = t.id)",
                    "Plans": [
                      {
                        "Node Type": "Seq Scan",
                        "Parent Relationship": "Outer",
                        "Parallel Aware": true,
                        "Relation Name": "movie_info_idx",
                        "Alias": "mi_idx",
                        "Startup Cost": 0.0,
                        "Total Cost": 18082.32,
                        "Plan Rows": 267429,
                        "Plan Width": 4,
                        "Actual Startup Time": 0.021,
                        "Actual Total Time": 49.191,
                        "Actual Rows": 229962,
                        "Actual Loops": 2,
                        "Filter": "(info_type_id = 99)",
                        "Rows Removed by Filter": 460055
                      },
                      {
                        "Node Type": "Hash",
                        "Parent Relationship": "Inner",
                        "Parallel Aware": true,
                        "Startup Cost": 38728.55,
                        "Total Cost": 38728.55,
                        "Plan Rows": 12740,
                        "Plan Width": 4,
                        "Actual Startup Time": 51.51,
                        "Actual Total Time": 51.511,
                        "Actual Rows": 5782,
                        "Actual Loops": 2,
                        "Hash Buckets": 32768,
                        "Original Hash Buckets": 32768,
                        "Hash Batches": 1,
                        "Original Hash Batches": 1,
                        "Peak Memory Usage": 736,
                        "Plans": [
                          {
                            "Node Type": "Bitmap Heap Scan",
                            "Parent Relationship": "Outer",
                            "Parallel Aware": true,
                            "Relation Name": "title",
                            "Alias": "t",
                            "Startup Cost": 1828.55,
                            "Total Cost": 38728.55,
                            "Plan Rows": 12740,
                            "Plan Width": 4,
                            "Actual Startup Time": 15.831,
                            "Actual Total Time": 49.652,
                            "Actual Rows": 5782,
                            "Actual Loops": 2,
                            "Recheck Cond": "(kind_id = 3)",
                            "Rows Removed by Index Recheck": 0,
                            "Filter": "(production_year > 2009)",
                            "Rows Removed by Filter": 44486,
                            "Exact Heap Blocks": 10974,
                            "Lossy Heap Blocks": 0,
                            "Plans": [
                              {
                                "Node Type": "Bitmap Index Scan",
                                "Parent Relationship": "Outer",
                                "Parallel Aware": false,
                                "Index Name": "kind_id_title",
                                "Startup Cost": 0.0,
                                "Total Cost": 1823.13,
                                "Plan Rows": 102227,
                                "Plan Width": 0,
                                "Actual Startup Time": 15.684,
                                "Actual Total Time": 15.684,
                                "Actual Rows": 100537,
                                "Actual Loops": 1,
                                "Index Cond": "(kind_id = 3)"
                              }
                            ]
                          }
                        ]
                      }
                    ]
                  },
                  {
                    "Node Type": "Index Only Scan",
                    "Parent Relationship": "Inner",
                    "Parallel Aware": false,
                    "Scan Direction": "Forward",
                    "Index Name": "movie_id_movie_info",
                    "Relation Name": "movie_info",
                    "Alias": "mi",
                    "Startup Cost": 0.43,
                    "Total Cost": 3.07,
                    "Plan Rows": 42,
                    "Plan Width": 4,
                    "Actual Startup Time": 0.008,
                    "Actual Total Time": 0.022,
                    "Actual Rows": 10,
                    "Actual Loops": 3654,
                    "Index Cond": "(movie_id = mi_idx.movie_id)",
                    "Rows Removed by Index Recheck": 0,
                    "Heap Fetches": 34947
                  }
                ]
              }
            ]
          }
        ]
      }
    ]
  },
  "Planning Time": 0.968,
  "Triggers": [],
  "Execution Time": 190.361
}