{
  "Plan": {
    "Node Type": "Aggregate",
    "Strategy": "Plain",
    "Partial Mode": "Finalize",
    "Parallel Aware": false,
    "Startup Cost": 189748.81,
    "Total Cost": 189748.82,
    "Plan Rows": 1,
    "Plan Width": 8,
    "Actual Startup Time": 859.737,
    "Actual Total Time": 880.742,
    "Actual Rows": 1,
    "Actual Loops": 1,
    "Plans": [
      {
        "Node Type": "Gather",
        "Parent Relationship": "Outer",
        "Parallel Aware": false,
        "Startup Cost": 189748.7,
        "Total Cost": 189748.81,
        "Plan Rows": 1,
        "Plan Width": 8,
        "Actual Startup Time": 858.582,
        "Actual Total Time": 880.732,
        "Actual Rows": 2,
        "Actual Loops": 1,
        "Workers Planned": 1,
        "Workers Launched": 1,
        "Single Copy": false,
        "Plans": [
          {
            "Node Type": "Aggregate",
            "Strategy": "Plain",
            "Partial Mode": "Partial",
            "Parent Relationship": "Outer",
            "Parallel Aware": false,
            "Startup Cost": 188748.7,
            "Total Cost": 188748.71,
            "Plan Rows": 1,
            "Plan Width": 8,
            "Actual Startup Time": 852.62,
            "Actual Total Time": 852.624,
            "Actual Rows": 1,
            "Actual Loops": 2,
            "Plans": [
              {
                "Node Type": "Hash Join",
                "Parent Relationship": "Outer",
                "Parallel Aware": true,
                "Join Type": "Inner",
                "Startup Cost": 57464.65,
                "Total Cost": 187828.15,
                "Plan Rows": 368217,
                "Plan Width": 0,
                "Actual Startup Time": 197.5,
                "Actual Total Time": 834.771,
                "Actual Rows": 424552,
                "Actual Loops": 2,
                "Inner Unique": true,
                "Hash Cond": "(ci.movie_id = t.id)",
                "Plans": [
                  {
                    "Node Type": "Index Scan",
                    "Parent Relationship": "Outer",
                    "Parallel Aware": true,
                    "Scan Direction": "Forward",
                    "Index Name": "role_id_cast_info",
                    "Relation Name": "cast_info",
                    "Alias": "ci",
                    "Startup Cost": 0.56,
                    "Total Cost": 124115.52,
                    "Plan Rows": 2380394,
                    "Plan Width": 4,
                    "Actual Startup Time": 0.154,
                    "Actual Total Time": 269.507,
                    "Actual Rows": 2004018,
                    "Actual Loops": 2,
                    "Index Cond": "(role_id = 3)",
                    "Rows Removed by Index Recheck": 0
                  },
                  {
                    "Node Type": "Hash",
                    "Parent Relationship": "Inner",
                    "Parallel Aware": true,
                    "Startup Cost": 54588.39,
                    "Total Cost": 54588.39,
                    "Plan Rows": 230056,
                    "Plan Width": 4,
                    "Actual Startup Time": 191.609,
                    "Actual Total Time": 191.61,
                    "Actual Rows": 195833,
                    "Actual Loops": 2,
                    "Hash Buckets": 524288,
                    "Original Hash Buckets": 524288,
                    "Hash Batches": 1,
                    "Original Hash Batches": 1,
                    "Peak Memory Usage": 19456,
                    "Plans": [
                      {
                        "Node Type": "Seq Scan",
                        "Parent Relationship": "Outer",
                        "Parallel Aware": true,
                        "Relation Name": "title",
                        "Alias": "t",
                        "Startup Cost": 0.0,
                        "Total Cost": 54588.39,
                        "Plan Rows": 230056,
                        "Plan Width": 4,
                        "Actual Startup Time": 0.029,
                        "Actual Total Time": 143.984,
                        "Actual Rows": 195833,
                        "Actual Loops": 2,
                        "Filter": "(production_year > 2010)",
                        "Rows Removed by Filter": 1068323
                      }
                    ]
                  }
                ]
              }
            ]
          }
        ]
      }
    ]
  },
  "Planning Time": 0.662,
  "Triggers": [],
  "Execution Time": 880.821
}