[
  {
    "Plan": {
      "Node Type": "Aggregate",
      "Strategy": "Plain",
      "Partial Mode": "Finalize",
      "Parallel Aware": false,
      "Startup Cost": 23627.77,
      "Total Cost": 23627.78,
      "Plan Rows": 1,
      "Plan Width": 8,
      "Actual Startup Time": 47.529,
      "Actual Total Time": 50.791,
      "Actual Rows": 1,
      "Actual Loops": 1,
      "Plans": [
        {
          "Node Type": "Gather",
          "Parent Relationship": "Outer",
          "Parallel Aware": false,
          "Startup Cost": 23627.45,
          "Total Cost": 23627.76,
          "Plan Rows": 3,
          "Plan Width": 8,
          "Actual Startup Time": 47.277,
          "Actual Total Time": 50.784,
          "Actual Rows": 4,
          "Actual Loops": 1,
          "Workers Planned": 3,
          "Workers Launched": 3,
          "Single Copy": false,
          "Plans": [
            {
              "Node Type": "Aggregate",
              "Strategy": "Plain",
              "Partial Mode": "Partial",
              "Parent Relationship": "Outer",
              "Parallel Aware": false,
              "Startup Cost": 22627.45,
              "Total Cost": 22627.46,
              "Plan Rows": 1,
              "Plan Width": 8,
              "Actual Startup Time": 40.658,
              "Actual Total Time": 40.66,
              "Actual Rows": 1,
              "Actual Loops": 4,
              "Plans": [
                {
                  "Node Type": "Bitmap Heap Scan",
                  "Parent Relationship": "Outer",
                  "Parallel Aware": true,
                  "Relation Name": "movie_companies",
                  "Alias": "mc",
                  "Startup Cost": 3137.51,
                  "Total Cost": 22510.79,
                  "Plan Rows": 46663,
                  "Plan Width": 0,
                  "Actual Startup Time": 14.068,
                  "Actual Total Time": 37.098,
                  "Actual Rows": 35314,
                  "Actual Loops": 4,
                  "Recheck Cond": "(company_id > 135793)",
                  "Rows Removed by Index Recheck": 0,
                  "Exact Heap Blocks": 2211,
                  "Lossy Heap Blocks": 0,
                  "Plans": [
                    {
                      "Node Type": "Bitmap Index Scan",
                      "Parent Relationship": "Outer",
                      "Parallel Aware": false,
                      "Index Name": "company_id_movie_companies",
                      "Startup Cost": 0.0,
                      "Total Cost": 3101.34,
                      "Plan Rows": 144655,
                      "Plan Width": 0,
                      "Actual Startup Time": 18.413,
                      "Actual Total Time": 18.414,
                      "Actual Rows": 141255,
                      "Actual Loops": 1,
                      "Index Cond": "(company_id > 135793)"
                    }
                  ]
                }
              ]
            }
          ]
        }
      ]
    },
    "Planning Time": 0.192,
    "Triggers": [],
    "Execution Time": 50.865
  }
]