[
    {
        "Bao": {
            "Bao prediction": "NaN",
            "Bao recommended hint": "(no hint)"
        }
    },
    {
        "Plan": {
            "Node Type": "Aggregate",
            "Strategy": "Plain",
            "Partial Mode": "Finalize",
            "Parallel Aware": false,
            "Startup Cost": 365970.17,
            "Total Cost": 365970.18,
            "Plan Rows": 1,
            "Plan Width": 8,
            "Actual Startup Time": 938.286,
            "Actual Total Time": 970.934,
            "Actual Rows": 1,
            "Actual Loops": 1,
            "Output": [
                "count(*)"
            ],
            "Plans": [
                {
                    "Node Type": "Gather",
                    "Parent Relationship": "Outer",
                    "Parallel Aware": false,
                    "Startup Cost": 365969.65,
                    "Total Cost": 365970.16,
                    "Plan Rows": 5,
                    "Plan Width": 8,
                    "Actual Startup Time": 931.874,
                    "Actual Total Time": 970.926,
                    "Actual Rows": 6,
                    "Actual Loops": 1,
                    "Output": [
                        "(PARTIAL count(*))"
                    ],
                    "Workers Planned": 5,
                    "Workers Launched": 5,
                    "Single Copy": false,
                    "Plans": [
                        {
                            "Node Type": "Aggregate",
                            "Strategy": "Plain",
                            "Partial Mode": "Partial",
                            "Parent Relationship": "Outer",
                            "Parallel Aware": false,
                            "Startup Cost": 364969.65,
                            "Total Cost": 364969.66,
                            "Plan Rows": 1,
                            "Plan Width": 8,
                            "Actual Startup Time": 921.422,
                            "Actual Total Time": 921.426,
                            "Actual Rows": 1,
                            "Actual Loops": 6,
                            "Output": [
                                "PARTIAL count(*)"
                            ],
                            "Workers": [
                                {
                                    "Worker Number": 0,
                                    "Actual Startup Time": 918.507,
                                    "Actual Total Time": 918.511,
                                    "Actual Rows": 1,
                                    "Actual Loops": 1
                                },
                                {
                                    "Worker Number": 1,
                                    "Actual Startup Time": 919.616,
                                    "Actual Total Time": 919.62,
                                    "Actual Rows": 1,
                                    "Actual Loops": 1
                                },
                                {
                                    "Worker Number": 2,
                                    "Actual Startup Time": 919.321,
                                    "Actual Total Time": 919.325,
                                    "Actual Rows": 1,
                                    "Actual Loops": 1
                                },
                                {
                                    "Worker Number": 3,
                                    "Actual Startup Time": 919.632,
                                    "Actual Total Time": 919.636,
                                    "Actual Rows": 1,
                                    "Actual Loops": 1
                                },
                                {
                                    "Worker Number": 4,
                                    "Actual Startup Time": 920.004,
                                    "Actual Total Time": 920.008,
                                    "Actual Rows": 1,
                                    "Actual Loops": 1
                                }
                            ],
                            "Plans": [
                                {
                                    "Node Type": "Nested Loop",
                                    "Parent Relationship": "Outer",
                                    "Parallel Aware": false,
                                    "Join Type": "Inner",
                                    "Startup Cost": 59175.3,
                                    "Total Cost": 363472.01,
                                    "Plan Rows": 599056,
                                    "Plan Width": 0,
                                    "Actual Startup Time": 150.504,
                                    "Actual Total Time": 872.774,
                                    "Actual Rows": 1006179,
                                    "Actual Loops": 6,
                                    "Inner Unique": false,
                                    "Workers": [
                                        {
                                            "Worker Number": 0,
                                            "Actual Startup Time": 147.565,
                                            "Actual Total Time": 869.681,
                                            "Actual Rows": 975755,
                                            "Actual Loops": 1
                                        },
                                        {
                                            "Worker Number": 1,
                                            "Actual Startup Time": 148.815,
                                            "Actual Total Time": 875.0,
                                            "Actual Rows": 946179,
                                            "Actual Loops": 1
                                        },
                                        {
                                            "Worker Number": 2,
                                            "Actual Startup Time": 148.766,
                                            "Actual Total Time": 874.502,
                                            "Actual Rows": 958408,
                                            "Actual Loops": 1
                                        },
                                        {
                                            "Worker Number": 3,
                                            "Actual Startup Time": 148.665,
                                            "Actual Total Time": 870.454,
                                            "Actual Rows": 981238,
                                            "Actual Loops": 1
                                        },
                                        {
                                            "Worker Number": 4,
                                            "Actual Startup Time": 149.007,
                                            "Actual Total Time": 871.369,
                                            "Actual Rows": 968059,
                                            "Actual Loops": 1
                                        }
                                    ],
                                    "Plans": [
                                        {
                                            "Node Type": "Hash Join",
                                            "Parent Relationship": "Outer",
                                            "Parallel Aware": true,
                                            "Join Type": "Inner",
                                            "Startup Cost": 59174.74,
                                            "Total Cost": 222996.25,
                                            "Plan Rows": 41779,
                                            "Plan Width": 8,
                                            "Actual Startup Time": 150.389,
                                            "Actual Total Time": 201.152,
                                            "Actual Rows": 25690,
                                            "Actual Loops": 6,
                                            "Output": [
                                                "t.id",
                                                "mi.movie_id"
                                            ],
                                            "Inner Unique": true,
                                            "Hash Cond": "(mi.movie_id = t.id)",
                                            "Workers": [
                                                {
                                                    "Worker Number": 0,
                                                    "Actual Startup Time": 147.442,
                                                    "Actual Total Time": 198.613,
                                                    "Actual Rows": 24680,
                                                    "Actual Loops": 1
                                                },
                                                {
                                                    "Worker Number": 1,
                                                    "Actual Startup Time": 148.68,
                                                    "Actual Total Time": 199.817,
                                                    "Actual Rows": 24408,
                                                    "Actual Loops": 1
                                                },
                                                {
                                                    "Worker Number": 2,
                                                    "Actual Startup Time": 148.63,
                                                    "Actual Total Time": 198.485,
                                                    "Actual Rows": 24383,
                                                    "Actual Loops": 1
                                                },
                                                {
                                                    "Worker Number": 3,
                                                    "Actual Startup Time": 148.539,
                                                    "Actual Total Time": 198.677,
                                                    "Actual Rows": 25220,
                                                    "Actual Loops": 1
                                                },
                                                {
                                                    "Worker Number": 4,
                                                    "Actual Startup Time": 148.871,
                                                    "Actual Total Time": 199.11,
                                                    "Actual Rows": 24473,
                                                    "Actual Loops": 1
                                                }
                                            ],
                                            "Plans": [
                                                {
                                                    "Node Type": "Bitmap Heap Scan",
                                                    "Parent Relationship": "Outer",
                                                    "Parallel Aware": true,
                                                    "Relation Name": "movie_info",
                                                    "Schema": "public",
                                                    "Alias": "mi",
                                                    "Startup Cost": 10965.05,
                                                    "Total Cost": 174469.22,
                                                    "Plan Rows": 120893,
                                                    "Plan Width": 4,
                                                    "Actual Startup Time": 24.578,
                                                    "Actual Total Time": 54.039,
                                                    "Actual Rows": 99743,
                                                    "Actual Loops": 6,
                                                    "Output": [
                                                        "mi.id",
                                                        "mi.movie_id",
                                                        "mi.info_type_id",
                                                        "mi.info",
                                                        "mi.note"
                                                    ],
                                                    "Recheck Cond": "(mi.info_type_id = 15)",
                                                    "Rows Removed by Index Recheck": 0,
                                                    "Exact Heap Blocks": 4671,
                                                    "Lossy Heap Blocks": 0,
                                                    "Workers": [
                                                        {
                                                            "Worker Number": 0,
                                                            "Actual Startup Time": 24.379,
                                                            "Actual Total Time": 54.185,
                                                            "Actual Rows": 96030,
                                                            "Actual Loops": 1
                                                        },
                                                        {
                                                            "Worker Number": 1,
                                                            "Actual Startup Time": 24.987,
                                                            "Actual Total Time": 55.996,
                                                            "Actual Rows": 91873,
                                                            "Actual Loops": 1
                                                        },
                                                        {
                                                            "Worker Number": 2,
                                                            "Actual Startup Time": 24.719,
                                                            "Actual Total Time": 55.324,
                                                            "Actual Rows": 92176,
                                                            "Actual Loops": 1
                                                        },
                                                        {
                                                            "Worker Number": 3,
                                                            "Actual Startup Time": 24.531,
                                                            "Actual Total Time": 53.757,
                                                            "Actual Rows": 93419,
                                                            "Actual Loops": 1
                                                        },
                                                        {
                                                            "Worker Number": 4,
                                                            "Actual Startup Time": 24.475,
                                                            "Actual Total Time": 53.9,
                                                            "Actual Rows": 92560,
                                                            "Actual Loops": 1
                                                        }
                                                    ],
                                                    "Plans": [
                                                        {
                                                            "Node Type": "Bitmap Index Scan",
                                                            "Parent Relationship": "Outer",
                                                            "Parallel Aware": false,
                                                            "Index Name": "info_type_id_movie_info",
                                                            "Startup Cost": 0.0,
                                                            "Total Cost": 10813.94,
                                                            "Plan Rows": 604467,
                                                            "Plan Width": 0,
                                                            "Actual Startup Time": 21.302,
                                                            "Actual Total Time": 21.303,
                                                            "Actual Rows": 598457,
                                                            "Actual Loops": 1,
                                                            "Index Cond": "(mi.info_type_id = 15)"
                                                        }
                                                    ]
                                                },
                                                {
                                                    "Node Type": "Hash",
                                                    "Parent Relationship": "Inner",
                                                    "Parallel Aware": true,
                                                    "Startup Cost": 45479.21,
                                                    "Total Cost": 45479.21,
                                                    "Plan Rows": 218438,
                                                    "Plan Width": 4,
                                                    "Actual Startup Time": 123.631,
                                                    "Actual Total Time": 123.632,
                                                    "Actual Rows": 133586,
                                                    "Actual Loops": 6,
                                                    "Output": [
                                                        "t.id"
                                                    ],
                                                    "Hash Buckets": 1048576,
                                                    "Original Hash Buckets": 1048576,
                                                    "Hash Batches": 1,
                                                    "Original Hash Batches": 1,
                                                    "Peak Memory Usage": 39648,
                                                    "Workers": [
                                                        {
                                                            "Worker Number": 0,
                                                            "Actual Startup Time": 122.416,
                                                            "Actual Total Time": 122.418,
                                                            "Actual Rows": 121805,
                                                            "Actual Loops": 1
                                                        },
                                                        {
                                                            "Worker Number": 1,
                                                            "Actual Startup Time": 123.092,
                                                            "Actual Total Time": 123.093,
                                                            "Actual Rows": 117243,
                                                            "Actual Loops": 1
                                                        },
                                                        {
                                                            "Worker Number": 2,
                                                            "Actual Startup Time": 123.246,
                                                            "Actual Total Time": 123.247,
                                                            "Actual Rows": 123846,
                                                            "Actual Loops": 1
                                                        },
                                                        {
                                                            "Worker Number": 3,
                                                            "Actual Startup Time": 123.557,
                                                            "Actual Total Time": 123.558,
                                                            "Actual Rows": 122489,
                                                            "Actual Loops": 1
                                                        },
                                                        {
                                                            "Worker Number": 4,
                                                            "Actual Startup Time": 123.927,
                                                            "Actual Total Time": 123.928,
                                                            "Actual Rows": 121886,
                                                            "Actual Loops": 1
                                                        }
                                                    ],
                                                    "Plans": [
                                                        {
                                                            "Node Type": "Seq Scan",
                                                            "Parent Relationship": "Outer",
                                                            "Parallel Aware": true,
                                                            "Relation Name": "title",
                                                            "Schema": "public",
                                                            "Alias": "t",
                                                            "Startup Cost": 0.0,
                                                            "Total Cost": 45479.21,
                                                            "Plan Rows": 218438,
                                                            "Plan Width": 4,
                                                            "Actual Startup Time": 0.046,
                                                            "Actual Total Time": 74.159,
                                                            "Actual Rows": 133586,
                                                            "Actual Loops": 6,
                                                            "Output": [
                                                                "t.id"
                                                            ],
                                                            "Filter": "((t.production_year < 2006) AND (t.kind_id = 7))",
                                                            "Rows Removed by Filter": 287800,
                                                            "Workers": [
                                                                {
                                                                    "Worker Number": 0,
                                                                    "Actual Startup Time": 0.048,
                                                                    "Actual Total Time": 74.647,
                                                                    "Actual Rows": 121805,
                                                                    "Actual Loops": 1
                                                                },
                                                                {
                                                                    "Worker Number": 1,
                                                                    "Actual Startup Time": 0.043,
                                                                    "Actual Total Time": 74.193,
                                                                    "Actual Rows": 117243,
                                                                    "Actual Loops": 1
                                                                },
                                                                {
                                                                    "Worker Number": 2,
                                                                    "Actual Startup Time": 0.088,
                                                                    "Actual Total Time": 73.545,
                                                                    "Actual Rows": 123846,
                                                                    "Actual Loops": 1
                                                                },
                                                                {
                                                                    "Worker Number": 3,
                                                                    "Actual Startup Time": 0.042,
                                                                    "Actual Total Time": 76.271,
                                                                    "Actual Rows": 122489,
                                                                    "Actual Loops": 1
                                                                },
                                                                {
                                                                    "Worker Number": 4,
                                                                    "Actual Startup Time": 0.046,
                                                                    "Actual Total Time": 76.468,
                                                                    "Actual Rows": 121886,
                                                                    "Actual Loops": 1
                                                                }
                                                            ]
                                                        }
                                                    ]
                                                }
                                            ]
                                        },
                                        {
                                            "Node Type": "Index Only Scan",
                                            "Parent Relationship": "Inner",
                                            "Parallel Aware": false,
                                            "Scan Direction": "Forward",
                                            "Index Name": "movie_id_cast_info",
                                            "Relation Name": "cast_info",
                                            "Schema": "public",
                                            "Alias": "ci",
                                            "Startup Cost": 0.56,
                                            "Total Cost": 2.98,
                                            "Plan Rows": 38,
                                            "Plan Width": 4,
                                            "Actual Startup Time": 0.004,
                                            "Actual Total Time": 0.023,
                                            "Actual Rows": 39,
                                            "Actual Loops": 154143,
                                            "Output": [
                                                "ci.movie_id"
                                            ],
                                            "Index Cond": "(ci.movie_id = t.id)",
                                            "Rows Removed by Index Recheck": 0,
                                            "Heap Fetches": 6037076,
                                            "Workers": [
                                                {
                                                    "Worker Number": 0,
                                                    "Actual Startup Time": 0.005,
                                                    "Actual Total Time": 0.024,
                                                    "Actual Rows": 40,
                                                    "Actual Loops": 24680
                                                },
                                                {
                                                    "Worker Number": 1,
                                                    "Actual Startup Time": 0.005,
                                                    "Actual Total Time": 0.025,
                                                    "Actual Rows": 39,
                                                    "Actual Loops": 24408
                                                },
                                                {
                                                    "Worker Number": 2,
                                                    "Actual Startup Time": 0.005,
                                                    "Actual Total Time": 0.025,
                                                    "Actual Rows": 39,
                                                    "Actual Loops": 24383
                                                },
                                                {
                                                    "Worker Number": 3,
                                                    "Actual Startup Time": 0.004,
                                                    "Actual Total Time": 0.024,
                                                    "Actual Rows": 39,
                                                    "Actual Loops": 25220
                                                },
                                                {
                                                    "Worker Number": 4,
                                                    "Actual Startup Time": 0.005,
                                                    "Actual Total Time": 0.024,
                                                    "Actual Rows": 40,
                                                    "Actual Loops": 24473
                                                }
                                            ]
                                        }
                                    ]
                                }
                            ]
                        }
                    ]
                }
            ]
        },
        "Planning Time": 220.731,
        "Triggers": [],
        "Execution Time": 971.026
    }
]