[
  {
    "Plan": {
      "Node Type": "Aggregate",
      "Strategy": "Plain",
      "Partial Mode": "Finalize",
      "Parallel Aware": false,
      "Startup Cost": 347957.34,
      "Total Cost": 347957.35,
      "Plan Rows": 1,
      "Plan Width": 8,
      "Actual Startup Time": 720.357,
      "Actual Total Time": 765.9,
      "Actual Rows": 1,
      "Actual Loops": 1,
      "Plans": [
        {
          "Node Type": "Gather",
          "Parent Relationship": "Outer",
          "Parallel Aware": false,
          "Startup Cost": 347956.71,
          "Total Cost": 347957.32,
          "Plan Rows": 6,
          "Plan Width": 8,
          "Actual Startup Time": 720.148,
          "Actual Total Time": 765.886,
          "Actual Rows": 7,
          "Actual Loops": 1,
          "Workers Planned": 6,
          "Workers Launched": 6,
          "Single Copy": false,
          "Plans": [
            {
              "Node Type": "Aggregate",
              "Strategy": "Plain",
              "Partial Mode": "Partial",
              "Parent Relationship": "Outer",
              "Parallel Aware": false,
              "Startup Cost": 346956.71,
              "Total Cost": 346956.72,
              "Plan Rows": 1,
              "Plan Width": 8,
              "Actual Startup Time": 712.758,
              "Actual Total Time": 712.759,
              "Actual Rows": 1,
              "Actual Loops": 7,
              "Plans": [
                {
                  "Node Type": "Seq Scan",
                  "Parent Relationship": "Outer",
                  "Parallel Aware": true,
                  "Relation Name": "cast_info",
                  "Alias": "ci",
                  "Startup Cost": 0.0,
                  "Total Cost": 343316.27,
                  "Plan Rows": 1456176,
                  "Plan Width": 0,
                  "Actual Startup Time": 372.363,
                  "Actual Total Time": 671.477,
                  "Actual Rows": 743119,
                  "Actual Loops": 7,
                  "Filter": "((person_id < 2007881) AND (role_id > 2))",
                  "Rows Removed by Filter": 4434644
                }
              ]
            }
          ]
        }
      ]
    },
    "Planning Time": 0.091,
    "Triggers": [],
    "Execution Time": 765.936
  }
]