{
  "Plan": {
    "Node Type": "Aggregate",
    "Strategy": "Plain",
    "Partial Mode": "Finalize",
    "Parallel Aware": false,
    "Startup Cost": 97236.71,
    "Total Cost": 97236.72,
    "Plan Rows": 1,
    "Plan Width": 8,
    "Actual Startup Time": 422.721,
    "Actual Total Time": 435.784,
    "Actual Rows": 1,
    "Actual Loops": 1,
    "Plans": [
      {
        "Node Type": "Gather",
        "Parent Relationship": "Outer",
        "Parallel Aware": false,
        "Startup Cost": 97236.6,
        "Total Cost": 97236.71,
        "Plan Rows": 1,
        "Plan Width": 8,
        "Actual Startup Time": 420.881,
        "Actual Total Time": 435.775,
        "Actual Rows": 2,
        "Actual Loops": 1,
        "Workers Planned": 1,
        "Workers Launched": 1,
        "Single Copy": false,
        "Plans": [
          {
            "Node Type": "Aggregate",
            "Strategy": "Plain",
            "Partial Mode": "Partial",
            "Parent Relationship": "Outer",
            "Parallel Aware": false,
            "Startup Cost": 96236.6,
            "Total Cost": 96236.61,
            "Plan Rows": 1,
            "Plan Width": 8,
            "Actual Startup Time": 416.574,
            "Actual Total Time": 416.579,
            "Actual Rows": 1,
            "Actual Loops": 2,
            "Plans": [
              {
                "Node Type": "Hash Join",
                "Parent Relationship": "Outer",
                "Parallel Aware": true,
                "Join Type": "Inner",
                "Startup Cost": 69625.84,
                "Total Cost": 96119.55,
                "Plan Rows": 46819,
                "Plan Width": 0,
                "Actual Startup Time": 318.32,
                "Actual Total Time": 415.32,
                "Actual Rows": 23274,
                "Actual Loops": 2,
                "Inner Unique": true,
                "Hash Cond": "(mk.movie_id = t.id)",
                "Plans": [
                  {
                    "Node Type": "Bitmap Heap Scan",
                    "Parent Relationship": "Outer",
                    "Parallel Aware": true,
                    "Relation Name": "movie_keyword",
                    "Alias": "mk",
                    "Startup Cost": 4865.17,
                    "Total Cost": 31004.89,
                    "Plan Rows": 134857,
                    "Plan Width": 4,
                    "Actual Startup Time": 17.741,
                    "Actual Total Time": 77.347,
                    "Actual Rows": 117945,
                    "Actual Loops": 2,
                    "Recheck Cond": "(keyword_id < 196)",
                    "Rows Removed by Index Recheck": 0,
                    "Exact Heap Blocks": 13863,
                    "Lossy Heap Blocks": 0,
                    "Plans": [
                      {
                        "Node Type": "Bitmap Index Scan",
                        "Parent Relationship": "Outer",
                        "Parallel Aware": false,
                        "Index Name": "keyword_id_movie_keyword",
                        "Startup Cost": 0.0,
                        "Total Cost": 4807.86,
                        "Plan Rows": 229257,
                        "Plan Width": 0,
                        "Actual Startup Time": 14.204,
                        "Actual Total Time": 14.205,
                        "Actual Rows": 235890,
                        "Actual Loops": 1,
                        "Index Cond": "(keyword_id < 196)"
                      }
                    ]
                  },
                  {
                    "Node Type": "Hash",
                    "Parent Relationship": "Inner",
                    "Parallel Aware": true,
                    "Startup Cost": 58306.47,
                    "Total Cost": 58306.47,
                    "Plan Rows": 516336,
                    "Plan Width": 4,
                    "Actual Startup Time": 292.893,
                    "Actual Total Time": 292.893,
                    "Actual Rows": 401168,
                    "Actual Loops": 2,
                    "Hash Buckets": 1048576,
                    "Original Hash Buckets": 1048576,
                    "Hash Batches": 1,
                    "Original Hash Batches": 1,
                    "Peak Memory Usage": 39616,
                    "Plans": [
                      {
                        "Node Type": "Seq Scan",
                        "Parent Relationship": "Outer",
                        "Parallel Aware": true,
                        "Relation Name": "title",
                        "Alias": "t",
                        "Startup Cost": 0.0,
                        "Total Cost": 58306.47,
                        "Plan Rows": 516336,
                        "Plan Width": 4,
                        "Actual Startup Time": 0.024,
                        "Actual Total Time": 170.222,
                        "Actual Rows": 401168,
                        "Actual Loops": 2,
                        "Filter": "((kind_id > 2) AND (production_year < 2004))",
                        "Rows Removed by Filter": 862988
                      }
                    ]
                  }
                ]
              }
            ]
          }
        ]
      }
    ]
  },
  "Planning Time": 0.418,
  "Triggers": [],
  "Execution Time": 435.848
}