[
  {
    "Plan": {
      "Node Type": "Aggregate",
      "Strategy": "Plain",
      "Partial Mode": "Finalize",
      "Parallel Aware": false,
      "Startup Cost": 84407.36,
      "Total Cost": 84407.37,
      "Plan Rows": 1,
      "Plan Width": 8,
      "Actual Startup Time": 478.931,
      "Actual Total Time": 496.279,
      "Actual Rows": 1,
      "Actual Loops": 1,
      "Plans": [
        {
          "Node Type": "Gather",
          "Parent Relationship": "Outer",
          "Parallel Aware": false,
          "Startup Cost": 84407.05,
          "Total Cost": 84407.36,
          "Plan Rows": 3,
          "Plan Width": 8,
          "Actual Startup Time": 469.908,
          "Actual Total Time": 496.27,
          "Actual Rows": 4,
          "Actual Loops": 1,
          "Workers Planned": 3,
          "Workers Launched": 3,
          "Single Copy": false,
          "Plans": [
            {
              "Node Type": "Aggregate",
              "Strategy": "Plain",
              "Partial Mode": "Partial",
              "Parent Relationship": "Outer",
              "Parallel Aware": false,
              "Startup Cost": 83407.05,
              "Total Cost": 83407.06,
              "Plan Rows": 1,
              "Plan Width": 8,
              "Actual Startup Time": 452.389,
              "Actual Total Time": 452.393,
              "Actual Rows": 1,
              "Actual Loops": 4,
              "Plans": [
                {
                  "Node Type": "Hash Join",
                  "Parent Relationship": "Outer",
                  "Parallel Aware": true,
                  "Join Type": "Inner",
                  "Startup Cost": 57107.62,
                  "Total Cost": 83145.28,
                  "Plan Rows": 104705,
                  "Plan Width": 0,
                  "Actual Startup Time": 362.377,
                  "Actual Total Time": 448.379,
                  "Actual Rows": 84847,
                  "Actual Loops": 4,
                  "Inner Unique": true,
                  "Hash Cond": "(mk.movie_id = t.id)",
                  "Plans": [
                    {
                      "Node Type": "Bitmap Heap Scan",
                      "Parent Relationship": "Outer",
                      "Parallel Aware": true,
                      "Relation Name": "movie_keyword",
                      "Alias": "mk",
                      "Startup Cost": 6887.97,
                      "Total Cost": 32650.79,
                      "Plan Rows": 104705,
                      "Plan Width": 4,
                      "Actual Startup Time": 19.8,
                      "Actual Total Time": 67.957,
                      "Actual Rows": 84847,
                      "Actual Loops": 4,
                      "Recheck Cond": "(keyword_id < 282)",
                      "Rows Removed by Index Recheck": 0,
                      "Exact Heap Blocks": 8028,
                      "Lossy Heap Blocks": 0,
                      "Plans": [
                        {
                          "Node Type": "Bitmap Index Scan",
                          "Parent Relationship": "Outer",
                          "Parallel Aware": false,
                          "Index Name": "keyword_id_movie_keyword",
                          "Startup Cost": 0.0,
                          "Total Cost": 6806.83,
                          "Plan Rows": 324586,
                          "Plan Width": 0,
                          "Actual Startup Time": 16.169,
                          "Actual Total Time": 16.169,
                          "Actual Rows": 339389,
                          "Actual Loops": 1,
                          "Index Cond": "(keyword_id < 282)"
                        }
                      ]
                    },
                    {
                      "Node Type": "Hash",
                      "Parent Relationship": "Inner",
                      "Parallel Aware": true,
                      "Startup Cost": 42318.73,
                      "Total Cost": 42318.73,
                      "Plan Rows": 632073,
                      "Plan Width": 4,
                      "Actual Startup Time": 331.501,
                      "Actual Total Time": 331.502,
                      "Actual Rows": 632078,
                      "Actual Loops": 4,
                      "Hash Buckets": 4194304,
                      "Original Hash Buckets": 4194304,
                      "Hash Batches": 1,
                      "Original Hash Batches": 1,
                      "Peak Memory Usage": 131744,
                      "Plans": [
                        {
                          "Node Type": "Seq Scan",
                          "Parent Relationship": "Outer",
                          "Parallel Aware": true,
                          "Relation Name": "title",
                          "Alias": "t",
                          "Startup Cost": 0.0,
                          "Total Cost": 42318.73,
                          "Plan Rows": 632073,
                          "Plan Width": 4,
                          "Actual Startup Time": 0.043,
                          "Actual Total Time": 95.918,
                          "Actual Rows": 632078,
                          "Actual Loops": 4
                        }
                      ]
                    }
                  ]
                }
              ]
            }
          ]
        }
      ]
    },
    "Planning Time": 0.498,
    "Triggers": [],
    "Execution Time": 496.354
  }
]