[
    {
        "Bao": {
            "Bao prediction": "NaN",
            "Bao recommended hint": "(no hint)"
        }
    },
    {
        "Plan": {
            "Node Type": "Aggregate",
            "Strategy": "Plain",
            "Partial Mode": "Finalize",
            "Parallel Aware": false,
            "Startup Cost": 36290.77,
            "Total Cost": 36290.78,
            "Plan Rows": 1,
            "Plan Width": 8,
            "Actual Startup Time": 120.276,
            "Actual Total Time": 126.766,
            "Actual Rows": 1,
            "Actual Loops": 1,
            "Output": [
                "count(*)"
            ],
            "Plans": [
                {
                    "Node Type": "Gather",
                    "Parent Relationship": "Outer",
                    "Parallel Aware": false,
                    "Startup Cost": 36290.45,
                    "Total Cost": 36290.76,
                    "Plan Rows": 3,
                    "Plan Width": 8,
                    "Actual Startup Time": 119.999,
                    "Actual Total Time": 126.759,
                    "Actual Rows": 4,
                    "Actual Loops": 1,
                    "Output": [
                        "(PARTIAL count(*))"
                    ],
                    "Workers Planned": 3,
                    "Workers Launched": 3,
                    "Single Copy": false,
                    "Plans": [
                        {
                            "Node Type": "Aggregate",
                            "Strategy": "Plain",
                            "Partial Mode": "Partial",
                            "Parent Relationship": "Outer",
                            "Parallel Aware": false,
                            "Startup Cost": 35290.45,
                            "Total Cost": 35290.46,
                            "Plan Rows": 1,
                            "Plan Width": 8,
                            "Actual Startup Time": 111.176,
                            "Actual Total Time": 111.178,
                            "Actual Rows": 1,
                            "Actual Loops": 4,
                            "Output": [
                                "PARTIAL count(*)"
                            ],
                            "Workers": [
                                {
                                    "Worker Number": 0,
                                    "Actual Startup Time": 108.295,
                                    "Actual Total Time": 108.297,
                                    "Actual Rows": 1,
                                    "Actual Loops": 1
                                },
                                {
                                    "Worker Number": 1,
                                    "Actual Startup Time": 108.295,
                                    "Actual Total Time": 108.296,
                                    "Actual Rows": 1,
                                    "Actual Loops": 1
                                },
                                {
                                    "Worker Number": 2,
                                    "Actual Startup Time": 108.607,
                                    "Actual Total Time": 108.609,
                                    "Actual Rows": 1,
                                    "Actual Loops": 1
                                }
                            ],
                            "Plans": [
                                {
                                    "Node Type": "Bitmap Heap Scan",
                                    "Parent Relationship": "Outer",
                                    "Parallel Aware": true,
                                    "Relation Name": "movie_keyword",
                                    "Schema": "public",
                                    "Alias": "mk",
                                    "Startup Cost": 8823.89,
                                    "Total Cost": 34955.03,
                                    "Plan Rows": 134171,
                                    "Plan Width": 0,
                                    "Actual Startup Time": 39.114,
                                    "Actual Total Time": 105.386,
                                    "Actual Rows": 101702,
                                    "Actual Loops": 4,
                                    "Recheck Cond": "(mk.keyword_id > 42599)",
                                    "Rows Removed by Index Recheck": 0,
                                    "Exact Heap Blocks": 10614,
                                    "Lossy Heap Blocks": 0,
                                    "Workers": [
                                        {
                                            "Worker Number": 0,
                                            "Actual Startup Time": 36.275,
                                            "Actual Total Time": 103.034,
                                            "Actual Rows": 72541,
                                            "Actual Loops": 1
                                        },
                                        {
                                            "Worker Number": 1,
                                            "Actual Startup Time": 36.405,
                                            "Actual Total Time": 103.041,
                                            "Actual Rows": 71922,
                                            "Actual Loops": 1
                                        },
                                        {
                                            "Worker Number": 2,
                                            "Actual Startup Time": 36.628,
                                            "Actual Total Time": 103.699,
                                            "Actual Rows": 71632,
                                            "Actual Loops": 1
                                        }
                                    ],
                                    "Plans": [
                                        {
                                            "Node Type": "Bitmap Index Scan",
                                            "Parent Relationship": "Outer",
                                            "Parallel Aware": false,
                                            "Index Name": "keyword_id_movie_keyword",
                                            "Startup Cost": 0.0,
                                            "Total Cost": 8719.91,
                                            "Plan Rows": 415930,
                                            "Plan Width": 0,
                                            "Actual Startup Time": 43.629,
                                            "Actual Total Time": 43.63,
                                            "Actual Rows": 406810,
                                            "Actual Loops": 1,
                                            "Index Cond": "(mk.keyword_id > 42599)"
                                        }
                                    ]
                                }
                            ]
                        }
                    ]
                }
            ]
        },
        "Planning Time": 191.966,
        "Triggers": [],
        "Execution Time": 126.856
    }
]