[
  {
    "Plan": {
      "Node Type": "Aggregate",
      "Strategy": "Plain",
      "Partial Mode": "Finalize",
      "Parallel Aware": false,
      "Startup Cost": 47050.58,
      "Total Cost": 47050.59,
      "Plan Rows": 1,
      "Plan Width": 8,
      "Actual Startup Time": 214.232,
      "Actual Total Time": 224.427,
      "Actual Rows": 1,
      "Actual Loops": 1,
      "Plans": [
        {
          "Node Type": "Gather",
          "Parent Relationship": "Outer",
          "Parallel Aware": false,
          "Startup Cost": 47050.26,
          "Total Cost": 47050.57,
          "Plan Rows": 3,
          "Plan Width": 8,
          "Actual Startup Time": 214.113,
          "Actual Total Time": 224.415,
          "Actual Rows": 4,
          "Actual Loops": 1,
          "Workers Planned": 3,
          "Workers Launched": 3,
          "Single Copy": false,
          "Plans": [
            {
              "Node Type": "Aggregate",
              "Strategy": "Plain",
              "Partial Mode": "Partial",
              "Parent Relationship": "Outer",
              "Parallel Aware": false,
              "Startup Cost": 46050.26,
              "Total Cost": 46050.27,
              "Plan Rows": 1,
              "Plan Width": 8,
              "Actual Startup Time": 208.672,
              "Actual Total Time": 208.674,
              "Actual Rows": 1,
              "Actual Loops": 4,
              "Plans": [
                {
                  "Node Type": "Seq Scan",
                  "Parent Relationship": "Outer",
                  "Parallel Aware": true,
                  "Relation Name": "movie_keyword",
                  "Alias": "mk",
                  "Startup Cost": 0.0,
                  "Total Cost": 42695.65,
                  "Plan Rows": 1341842,
                  "Plan Width": 0,
                  "Actual Startup Time": 0.043,
                  "Actual Total Time": 150.039,
                  "Actual Rows": 1040786,
                  "Actual Loops": 4,
                  "Filter": "(keyword_id < 46195)",
                  "Rows Removed by Filter": 90197
                }
              ]
            }
          ]
        }
      ]
    },
    "Planning Time": 0.195,
    "Triggers": [],
    "Execution Time": 224.546
  }
]