[
  {
    "Plan": {
      "Node Type": "Aggregate",
      "Strategy": "Plain",
      "Partial Mode": "Finalize",
      "Parallel Aware": false,
      "Startup Cost": 80930.35,
      "Total Cost": 80930.36,
      "Plan Rows": 1,
      "Plan Width": 8,
      "Actual Startup Time": 454.871,
      "Actual Total Time": 469.142,
      "Actual Rows": 1,
      "Actual Loops": 1,
      "Plans": [
        {
          "Node Type": "Gather",
          "Parent Relationship": "Outer",
          "Parallel Aware": false,
          "Startup Cost": 80930.03,
          "Total Cost": 80930.34,
          "Plan Rows": 3,
          "Plan Width": 8,
          "Actual Startup Time": 444.025,
          "Actual Total Time": 469.134,
          "Actual Rows": 4,
          "Actual Loops": 1,
          "Workers Planned": 3,
          "Workers Launched": 3,
          "Single Copy": false,
          "Plans": [
            {
              "Node Type": "Aggregate",
              "Strategy": "Plain",
              "Partial Mode": "Partial",
              "Parent Relationship": "Outer",
              "Parallel Aware": false,
              "Startup Cost": 79930.03,
              "Total Cost": 79930.04,
              "Plan Rows": 1,
              "Plan Width": 8,
              "Actual Startup Time": 434.797,
              "Actual Total Time": 434.8,
              "Actual Rows": 1,
              "Actual Loops": 4,
              "Plans": [
                {
                  "Node Type": "Hash Join",
                  "Parent Relationship": "Outer",
                  "Parallel Aware": true,
                  "Join Type": "Inner",
                  "Startup Cost": 49404.12,
                  "Total Cost": 79445.32,
                  "Plan Rows": 193885,
                  "Plan Width": 0,
                  "Actual Startup Time": 297.28,
                  "Actual Total Time": 428.61,
                  "Actual Rows": 135997,
                  "Actual Loops": 4,
                  "Inner Unique": true,
                  "Hash Cond": "(mc.movie_id = t.id)",
                  "Plans": [
                    {
                      "Node Type": "Seq Scan",
                      "Parent Relationship": "Outer",
                      "Parallel Aware": true,
                      "Relation Name": "movie_companies",
                      "Alias": "mc",
                      "Startup Cost": 0.0,
                      "Total Cost": 29310.68,
                      "Plan Rows": 278293,
                      "Plan Width": 4,
                      "Actual Startup Time": 11.649,
                      "Actual Total Time": 66.027,
                      "Actual Rows": 213014,
                      "Actual Loops": 4,
                      "Filter": "(company_id > 24970)",
                      "Rows Removed by Filter": 439268
                    },
                    {
                      "Node Type": "Hash",
                      "Parent Relationship": "Inner",
                      "Parallel Aware": true,
                      "Startup Cost": 43899.32,
                      "Total Cost": 43899.32,
                      "Plan Rows": 440384,
                      "Plan Width": 4,
                      "Actual Startup Time": 280.178,
                      "Actual Total Time": 280.179,
                      "Actual Rows": 437258,
                      "Actual Loops": 4,
                      "Hash Buckets": 2097152,
                      "Original Hash Buckets": 2097152,
                      "Hash Batches": 1,
                      "Original Hash Batches": 1,
                      "Peak Memory Usage": 84864,
                      "Plans": [
                        {
                          "Node Type": "Seq Scan",
                          "Parent Relationship": "Outer",
                          "Parallel Aware": true,
                          "Relation Name": "title",
                          "Alias": "t",
                          "Startup Cost": 0.0,
                          "Total Cost": 43899.32,
                          "Plan Rows": 440384,
                          "Plan Width": 4,
                          "Actual Startup Time": 0.038,
                          "Actual Total Time": 115.902,
                          "Actual Rows": 437258,
                          "Actual Loops": 4,
                          "Filter": "(production_year > 1990)",
                          "Rows Removed by Filter": 194820
                        }
                      ]
                    }
                  ]
                }
              ]
            }
          ]
        }
      ]
    },
    "Planning Time": 0.331,
    "Triggers": [],
    "Execution Time": 469.186
  }
]