[
  {
    "Plan": {
      "Node Type": "Aggregate",
      "Strategy": "Plain",
      "Partial Mode": "Finalize",
      "Parallel Aware": false,
      "Startup Cost": 340339.43,
      "Total Cost": 340339.44,
      "Plan Rows": 1,
      "Plan Width": 8,
      "Actual Startup Time": 784.258,
      "Actual Total Time": 845.359,
      "Actual Rows": 1,
      "Actual Loops": 1,
      "Plans": [
        {
          "Node Type": "Gather",
          "Parent Relationship": "Outer",
          "Parallel Aware": false,
          "Startup Cost": 340338.81,
          "Total Cost": 340339.42,
          "Plan Rows": 6,
          "Plan Width": 8,
          "Actual Startup Time": 784.117,
          "Actual Total Time": 845.348,
          "Actual Rows": 7,
          "Actual Loops": 1,
          "Workers Planned": 6,
          "Workers Launched": 6,
          "Single Copy": false,
          "Plans": [
            {
              "Node Type": "Aggregate",
              "Strategy": "Plain",
              "Partial Mode": "Partial",
              "Parent Relationship": "Outer",
              "Parallel Aware": false,
              "Startup Cost": 339338.81,
              "Total Cost": 339338.82,
              "Plan Rows": 1,
              "Plan Width": 8,
              "Actual Startup Time": 775.182,
              "Actual Total Time": 775.183,
              "Actual Rows": 1,
              "Actual Loops": 7,
              "Plans": [
                {
                  "Node Type": "Seq Scan",
                  "Parent Relationship": "Outer",
                  "Parallel Aware": true,
                  "Relation Name": "cast_info",
                  "Alias": "ci",
                  "Startup Cost": 0.0,
                  "Total Cost": 328162.03,
                  "Plan Rows": 4470713,
                  "Plan Width": 0,
                  "Actual Startup Time": 0.05,
                  "Actual Total Time": 611.708,
                  "Actual Rows": 3848080,
                  "Actual Loops": 7,
                  "Filter": "(person_id < 2770832)",
                  "Rows Removed by Filter": 1329683
                }
              ]
            }
          ]
        }
      ]
    },
    "Planning Time": 0.197,
    "Triggers": [],
    "Execution Time": 845.437
  }
]