{
  "Plan": {
    "Node Type": "Aggregate",
    "Strategy": "Plain",
    "Partial Mode": "Finalize",
    "Parallel Aware": false,
    "Startup Cost": 106478.38,
    "Total Cost": 106478.39,
    "Plan Rows": 1,
    "Plan Width": 8,
    "Actual Startup Time": 608.66,
    "Actual Total Time": 624.563,
    "Actual Rows": 1,
    "Actual Loops": 1,
    "Plans": [
      {
        "Node Type": "Gather",
        "Parent Relationship": "Outer",
        "Parallel Aware": false,
        "Startup Cost": 106478.27,
        "Total Cost": 106478.38,
        "Plan Rows": 1,
        "Plan Width": 8,
        "Actual Startup Time": 607.11,
        "Actual Total Time": 624.556,
        "Actual Rows": 2,
        "Actual Loops": 1,
        "Workers Planned": 1,
        "Workers Launched": 1,
        "Single Copy": false,
        "Plans": [
          {
            "Node Type": "Aggregate",
            "Strategy": "Plain",
            "Partial Mode": "Partial",
            "Parent Relationship": "Outer",
            "Parallel Aware": false,
            "Startup Cost": 105478.27,
            "Total Cost": 105478.28,
            "Plan Rows": 1,
            "Plan Width": 8,
            "Actual Startup Time": 601.054,
            "Actual Total Time": 601.057,
            "Actual Rows": 1,
            "Actual Loops": 2,
            "Plans": [
              {
                "Node Type": "Hash Join",
                "Parent Relationship": "Outer",
                "Parallel Aware": true,
                "Join Type": "Inner",
                "Startup Cost": 64427.37,
                "Total Cost": 104743.94,
                "Plan Rows": 293729,
                "Plan Width": 0,
                "Actual Startup Time": 277.07,
                "Actual Total Time": 582.884,
                "Actual Rows": 450298,
                "Actual Loops": 2,
                "Inner Unique": true,
                "Hash Cond": "(mc.movie_id = t.id)",
                "Plans": [
                  {
                    "Node Type": "Seq Scan",
                    "Parent Relationship": "Outer",
                    "Parallel Aware": true,
                    "Relation Name": "movie_companies",
                    "Alias": "mc",
                    "Startup Cost": 0.0,
                    "Total Cost": 37974.77,
                    "Plan Rows": 892116,
                    "Plan Width": 4,
                    "Actual Startup Time": 0.014,
                    "Actual Total Time": 120.097,
                    "Actual Rows": 754757,
                    "Actual Loops": 2,
                    "Filter": "(company_id < 14069)",
                    "Rows Removed by Filter": 549808
                  },
                  {
                    "Node Type": "Hash",
                    "Parent Relationship": "Inner",
                    "Parallel Aware": true,
                    "Startup Cost": 58306.47,
                    "Total Cost": 58306.47,
                    "Plan Rows": 489672,
                    "Plan Width": 4,
                    "Actual Startup Time": 267.274,
                    "Actual Total Time": 267.275,
                    "Actual Rows": 423712,
                    "Actual Loops": 2,
                    "Hash Buckets": 1048576,
                    "Original Hash Buckets": 1048576,
                    "Hash Batches": 1,
                    "Original Hash Batches": 1,
                    "Peak Memory Usage": 41376,
                    "Plans": [
                      {
                        "Node Type": "Seq Scan",
                        "Parent Relationship": "Outer",
                        "Parallel Aware": true,
                        "Relation Name": "title",
                        "Alias": "t",
                        "Startup Cost": 0.0,
                        "Total Cost": 58306.47,
                        "Plan Rows": 489672,
                        "Plan Width": 4,
                        "Actual Startup Time": 0.042,
                        "Actual Total Time": 164.118,
                        "Actual Rows": 423712,
                        "Actual Loops": 2,
                        "Filter": "((kind_id < 4) AND (production_year > 0))",
                        "Rows Removed by Filter": 840444
                      }
                    ]
                  }
                ]
              }
            ]
          }
        ]
      }
    ]
  },
  "Planning Time": 0.714,
  "Triggers": [],
  "Execution Time": 624.632
}