[
  {
    "Plan": {
      "Node Type": "Aggregate",
      "Strategy": "Plain",
      "Partial Mode": "Finalize",
      "Parallel Aware": false,
      "Startup Cost": 387262.0,
      "Total Cost": 387262.01,
      "Plan Rows": 1,
      "Plan Width": 8,
      "Actual Startup Time": 1406.422,
      "Actual Total Time": 1469.547,
      "Actual Rows": 1,
      "Actual Loops": 1,
      "Plans": [
        {
          "Node Type": "Gather",
          "Parent Relationship": "Outer",
          "Parallel Aware": false,
          "Startup Cost": 387261.37,
          "Total Cost": 387261.98,
          "Plan Rows": 6,
          "Plan Width": 8,
          "Actual Startup Time": 1401.338,
          "Actual Total Time": 1469.538,
          "Actual Rows": 7,
          "Actual Loops": 1,
          "Workers Planned": 6,
          "Workers Launched": 6,
          "Single Copy": false,
          "Plans": [
            {
              "Node Type": "Aggregate",
              "Strategy": "Plain",
              "Partial Mode": "Partial",
              "Parent Relationship": "Outer",
              "Parallel Aware": false,
              "Startup Cost": 386261.37,
              "Total Cost": 386261.38,
              "Plan Rows": 1,
              "Plan Width": 8,
              "Actual Startup Time": 1389.95,
              "Actual Total Time": 1389.952,
              "Actual Rows": 1,
              "Actual Loops": 7,
              "Plans": [
                {
                  "Node Type": "Hash Join",
                  "Parent Relationship": "Outer",
                  "Parallel Aware": true,
                  "Join Type": "Inner",
                  "Startup Cost": 45589.74,
                  "Total Cost": 384143.41,
                  "Plan Rows": 847183,
                  "Plan Width": 0,
                  "Actual Startup Time": 316.003,
                  "Actual Total Time": 1367.483,
                  "Actual Rows": 516697,
                  "Actual Loops": 7,
                  "Inner Unique": true,
                  "Hash Cond": "(ci.movie_id = t.id)",
                  "Plans": [
                    {
                      "Node Type": "Seq Scan",
                      "Parent Relationship": "Outer",
                      "Parallel Aware": true,
                      "Relation Name": "cast_info",
                      "Alias": "ci",
                      "Startup Cost": 0.0,
                      "Total Cost": 328162.03,
                      "Plan Rows": 3958715,
                      "Plan Width": 4,
                      "Actual Startup Time": 197.268,
                      "Actual Total Time": 660.592,
                      "Actual Rows": 3367665,
                      "Actual Loops": 7,
                      "Filter": "(role_id > 1)",
                      "Rows Removed by Filter": 1810098
                    },
                    {
                      "Node Type": "Hash",
                      "Parent Relationship": "Inner",
                      "Parallel Aware": true,
                      "Startup Cost": 43898.92,
                      "Total Cost": 43898.92,
                      "Plan Rows": 135266,
                      "Plan Width": 4,
                      "Actual Startup Time": 115.082,
                      "Actual Total Time": 115.083,
                      "Actual Rows": 78994,
                      "Actual Loops": 7,
                      "Hash Buckets": 1048576,
                      "Original Hash Buckets": 1048576,
                      "Hash Batches": 1,
                      "Original Hash Batches": 1,
                      "Peak Memory Usage": 29920,
                      "Plans": [
                        {
                          "Node Type": "Seq Scan",
                          "Parent Relationship": "Outer",
                          "Parallel Aware": true,
                          "Relation Name": "title",
                          "Alias": "t",
                          "Startup Cost": 0.0,
                          "Total Cost": 43898.92,
                          "Plan Rows": 135266,
                          "Plan Width": 4,
                          "Actual Startup Time": 0.053,
                          "Actual Total Time": 75.674,
                          "Actual Rows": 78994,
                          "Actual Loops": 7,
                          "Filter": "(production_year < 1983)",
                          "Rows Removed by Filter": 282193
                        }
                      ]
                    }
                  ]
                }
              ]
            }
          ]
        }
      ]
    },
    "Planning Time": 0.554,
    "Triggers": [],
    "Execution Time": 1469.631
  }
]