[
  {
    "Plan": {
      "Node Type": "Aggregate",
      "Strategy": "Plain",
      "Partial Mode": "Finalize",
      "Parallel Aware": false,
      "Startup Cost": 285190.47,
      "Total Cost": 285190.48,
      "Plan Rows": 1,
      "Plan Width": 8,
      "Actual Startup Time": 3981.231,
      "Actual Total Time": 4066.203,
      "Actual Rows": 1,
      "Actual Loops": 1,
      "Plans": [
        {
          "Node Type": "Gather",
          "Parent Relationship": "Outer",
          "Parallel Aware": false,
          "Startup Cost": 285190.16,
          "Total Cost": 285190.47,
          "Plan Rows": 3,
          "Plan Width": 8,
          "Actual Startup Time": 3979.865,
          "Actual Total Time": 4066.195,
          "Actual Rows": 4,
          "Actual Loops": 1,
          "Workers Planned": 3,
          "Workers Launched": 3,
          "Single Copy": false,
          "Plans": [
            {
              "Node Type": "Aggregate",
              "Strategy": "Plain",
              "Partial Mode": "Partial",
              "Parent Relationship": "Outer",
              "Parallel Aware": false,
              "Startup Cost": 284190.16,
              "Total Cost": 284190.17,
              "Plan Rows": 1,
              "Plan Width": 8,
              "Actual Startup Time": 3969.873,
              "Actual Total Time": 3969.876,
              "Actual Rows": 1,
              "Actual Loops": 4,
              "Plans": [
                {
                  "Node Type": "Nested Loop",
                  "Parent Relationship": "Outer",
                  "Parallel Aware": false,
                  "Join Type": "Inner",
                  "Startup Cost": 46574.14,
                  "Total Cost": 283666.59,
                  "Plan Rows": 209427,
                  "Plan Width": 0,
                  "Actual Startup Time": 150.013,
                  "Actual Total Time": 3936.922,
                  "Actual Rows": 693394,
                  "Actual Loops": 4,
                  "Inner Unique": false,
                  "Join Filter": "(t.id = ci.movie_id)",
                  "Rows Removed by Join Filter": 0,
                  "Plans": [
                    {
                      "Node Type": "Hash Join",
                      "Parent Relationship": "Outer",
                      "Parallel Aware": true,
                      "Join Type": "Inner",
                      "Startup Cost": 46573.57,
                      "Total Cost": 90869.84,
                      "Plan Rows": 84467,
                      "Plan Width": 8,
                      "Actual Startup Time": 149.247,
                      "Actual Total Time": 287.312,
                      "Actual Rows": 103699,
                      "Actual Loops": 4,
                      "Inner Unique": true,
                      "Hash Cond": "(mk.movie_id = t.id)",
                      "Plans": [
                        {
                          "Node Type": "Seq Scan",
                          "Parent Relationship": "Outer",
                          "Parallel Aware": true,
                          "Relation Name": "movie_keyword",
                          "Alias": "mk",
                          "Startup Cost": 0.0,
                          "Total Cost": 42695.65,
                          "Plan Rows": 609759,
                          "Plan Width": 4,
                          "Actual Startup Time": 0.45,
                          "Actual Total Time": 97.969,
                          "Actual Rows": 472820,
                          "Actual Loops": 4,
                          "Filter": "(keyword_id > 7194)",
                          "Rows Removed by Filter": 658163
                        },
                        {
                          "Node Type": "Hash",
                          "Parent Relationship": "Inner",
                          "Parallel Aware": true,
                          "Startup Cost": 45479.1,
                          "Total Cost": 45479.1,
                          "Plan Rows": 87558,
                          "Plan Width": 4,
                          "Actual Startup Time": 119.43,
                          "Actual Total Time": 119.431,
                          "Actual Rows": 66319,
                          "Actual Loops": 4,
                          "Hash Buckets": 524288,
                          "Original Hash Buckets": 524288,
                          "Hash Batches": 1,
                          "Original Hash Batches": 1,
                          "Peak Memory Usage": 14528,
                          "Plans": [
                            {
                              "Node Type": "Seq Scan",
                              "Parent Relationship": "Outer",
                              "Parallel Aware": true,
                              "Relation Name": "title",
                              "Alias": "t",
                              "Startup Cost": 0.0,
                              "Total Cost": 45479.1,
                              "Plan Rows": 87558,
                              "Plan Width": 4,
                              "Actual Startup Time": 47.005,
                              "Actual Total Time": 98.421,
                              "Actual Rows": 66319,
                              "Actual Loops": 4,
                              "Filter": "((production_year > 2001) AND (kind_id = 1))",
                              "Rows Removed by Filter": 565759
                            }
                          ]
                        }
                      ]
                    },
                    {
                      "Node Type": "Index Scan",
                      "Parent Relationship": "Inner",
                      "Parallel Aware": false,
                      "Scan Direction": "Forward",
                      "Index Name": "movie_id_cast_info",
                      "Relation Name": "cast_info",
                      "Alias": "ci",
                      "Startup Cost": 0.56,
                      "Total Cost": 2.21,
                      "Plan Rows": 6,
                      "Plan Width": 4,
                      "Actual Startup Time": 0.019,
                      "Actual Total Time": 0.034,
                      "Actual Rows": 7,
                      "Actual Loops": 414796,
                      "Index Cond": "(movie_id = mk.movie_id)",
                      "Rows Removed by Index Recheck": 0,
                      "Filter": "((person_id < 947827) AND (role_id > 1))",
                      "Rows Removed by Filter": 76
                    }
                  ]
                }
              ]
            }
          ]
        }
      ]
    },
    "Planning Time": 1.357,
    "Triggers": [],
    "Execution Time": 4066.317
  }
]