[
  {
    "Plan": {
      "Node Type": "Aggregate",
      "Strategy": "Plain",
      "Partial Mode": "Simple",
      "Parallel Aware": false,
      "Startup Cost": 8201.37,
      "Total Cost": 8201.38,
      "Plan Rows": 1,
      "Plan Width": 8,
      "Actual Startup Time": 2.803,
      "Actual Total Time": 2.804,
      "Actual Rows": 1,
      "Actual Loops": 1,
      "Plans": [
        {
          "Node Type": "Index Only Scan",
          "Parent Relationship": "Outer",
          "Parallel Aware": false,
          "Scan Direction": "Forward",
          "Index Name": "company_id_movie_companies",
          "Relation Name": "movie_companies",
          "Alias": "mc",
          "Startup Cost": 0.43,
          "Total Cost": 8192.92,
          "Plan Rows": 3380,
          "Plan Width": 0,
          "Actual Startup Time": 0.045,
          "Actual Total Time": 2.308,
          "Actual Rows": 3101,
          "Actual Loops": 1,
          "Index Cond": "(company_id > 231990)",
          "Rows Removed by Index Recheck": 0,
          "Heap Fetches": 3101
        }
      ]
    },
    "Planning Time": 0.308,
    "Triggers": [],
    "Execution Time": 2.851
  }
]