{
  "Plan": {
    "Node Type": "Aggregate",
    "Strategy": "Plain",
    "Partial Mode": "Finalize",
    "Parallel Aware": false,
    "Startup Cost": 534596.94,
    "Total Cost": 534596.95,
    "Plan Rows": 1,
    "Plan Width": 8,
    "Actual Startup Time": 1057.208,
    "Actual Total Time": 1124.984,
    "Actual Rows": 1,
    "Actual Loops": 1,
    "Plans": [
      {
        "Node Type": "Gather",
        "Parent Relationship": "Outer",
        "Parallel Aware": false,
        "Startup Cost": 534596.83,
        "Total Cost": 534596.94,
        "Plan Rows": 1,
        "Plan Width": 8,
        "Actual Startup Time": 1055.481,
        "Actual Total Time": 1124.976,
        "Actual Rows": 2,
        "Actual Loops": 1,
        "Workers Planned": 1,
        "Workers Launched": 1,
        "Single Copy": false,
        "Plans": [
          {
            "Node Type": "Aggregate",
            "Strategy": "Plain",
            "Partial Mode": "Partial",
            "Parent Relationship": "Outer",
            "Parallel Aware": false,
            "Startup Cost": 533596.83,
            "Total Cost": 533596.84,
            "Plan Rows": 1,
            "Plan Width": 8,
            "Actual Startup Time": 1048.848,
            "Actual Total Time": 1048.853,
            "Actual Rows": 1,
            "Actual Loops": 2,
            "Plans": [
              {
                "Node Type": "Nested Loop",
                "Parent Relationship": "Outer",
                "Parallel Aware": false,
                "Join Type": "Inner",
                "Startup Cost": 78030.42,
                "Total Cost": 529659.92,
                "Plan Rows": 1574762,
                "Plan Width": 0,
                "Actual Startup Time": 311.199,
                "Actual Total Time": 1006.196,
                "Actual Rows": 936068,
                "Actual Loops": 2,
                "Inner Unique": false,
                "Plans": [
                  {
                    "Node Type": "Hash Join",
                    "Parent Relationship": "Outer",
                    "Parallel Aware": true,
                    "Join Type": "Inner",
                    "Startup Cost": 78029.85,
                    "Total Cost": 108654.97,
                    "Plan Rows": 109900,
                    "Plan Width": 8,
                    "Actual Startup Time": 311.097,
                    "Actual Total Time": 443.035,
                    "Actual Rows": 24252,
                    "Actual Loops": 2,
                    "Inner Unique": true,
                    "Hash Cond": "(mk.movie_id = t.id)",
                    "Plans": [
                      {
                        "Node Type": "Bitmap Heap Scan",
                        "Parent Relationship": "Outer",
                        "Parallel Aware": true,
                        "Relation Name": "movie_keyword",
                        "Alias": "mk",
                        "Startup Cost": 14715.93,
                        "Total Cost": 44270.03,
                        "Plan Rows": 408008,
                        "Plan Width": 4,
                        "Actual Startup Time": 51.373,
                        "Actual Total Time": 125.415,
                        "Actual Rows": 339668,
                        "Actual Loops": 2,
                        "Recheck Cond": "(keyword_id > 27569)",
                        "Rows Removed by Index Recheck": 0,
                        "Exact Heap Blocks": 13381,
                        "Lossy Heap Blocks": 0,
                        "Plans": [
                          {
                            "Node Type": "Bitmap Index Scan",
                            "Parent Relationship": "Outer",
                            "Parallel Aware": false,
                            "Index Name": "keyword_id_movie_keyword",
                            "Startup Cost": 0.0,
                            "Total Cost": 14542.53,
                            "Plan Rows": 693613,
                            "Plan Width": 0,
                            "Actual Startup Time": 47.817,
                            "Actual Total Time": 47.818,
                            "Actual Rows": 679336,
                            "Actual Loops": 1,
                            "Index Cond": "(keyword_id > 27569)"
                          }
                        ]
                      },
                      {
                        "Node Type": "Hash",
                        "Parent Relationship": "Inner",
                        "Parallel Aware": true,
                        "Startup Cost": 58306.47,
                        "Total Cost": 58306.47,
                        "Plan Rows": 400596,
                        "Plan Width": 4,
                        "Actual Startup Time": 250.588,
                        "Actual Total Time": 250.589,
                        "Actual Rows": 369840,
                        "Actual Loops": 2,
                        "Hash Buckets": 1048576,
                        "Original Hash Buckets": 1048576,
                        "Hash Batches": 1,
                        "Original Hash Batches": 1,
                        "Peak Memory Usage": 37152,
                        "Plans": [
                          {
                            "Node Type": "Seq Scan",
                            "Parent Relationship": "Outer",
                            "Parallel Aware": true,
                            "Relation Name": "title",
                            "Alias": "t",
                            "Startup Cost": 0.0,
                            "Total Cost": 58306.47,
                            "Plan Rows": 400596,
                            "Plan Width": 4,
                            "Actual Startup Time": 0.04,
                            "Actual Total Time": 157.922,
                            "Actual Rows": 369840,
                            "Actual Loops": 2,
                            "Filter": "((production_year > 2004) AND (kind_id = 7))",
                            "Rows Removed by Filter": 894316
                          }
                        ]
                      }
                    ]
                  },
                  {
                    "Node Type": "Index Only Scan",
                    "Parent Relationship": "Inner",
                    "Parallel Aware": false,
                    "Scan Direction": "Forward",
                    "Index Name": "movie_id_cast_info",
                    "Relation Name": "cast_info",
                    "Alias": "ci",
                    "Startup Cost": 0.56,
                    "Total Cost": 3.46,
                    "Plan Rows": 37,
                    "Plan Width": 4,
                    "Actual Startup Time": 0.003,
                    "Actual Total Time": 0.02,
                    "Actual Rows": 39,
                    "Actual Loops": 48504,
                    "Index Cond": "(movie_id = t.id)",
                    "Rows Removed by Index Recheck": 0,
                    "Heap Fetches": 1872137
                  }
                ]
              }
            ]
          }
        ]
      }
    ]
  },
  "Planning Time": 1.011,
  "Triggers": [],
  "Execution Time": 1125.112
}