[
  {
    "Plan": {
      "Node Type": "Aggregate",
      "Strategy": "Plain",
      "Partial Mode": "Finalize",
      "Parallel Aware": false,
      "Startup Cost": 455735.14,
      "Total Cost": 455735.15,
      "Plan Rows": 1,
      "Plan Width": 64,
      "Actual Startup Time": 4984.905,
      "Actual Total Time": 5127.731,
      "Actual Rows": 1,
      "Actual Loops": 1,
      "Plans": [
        {
          "Node Type": "Gather",
          "Parent Relationship": "Outer",
          "Parallel Aware": false,
          "Startup Cost": 455734.71,
          "Total Cost": 455735.12,
          "Plan Rows": 4,
          "Plan Width": 64,
          "Actual Startup Time": 4967.508,
          "Actual Total Time": 5127.717,
          "Actual Rows": 5,
          "Actual Loops": 1,
          "Workers Planned": 4,
          "Workers Launched": 4,
          "Single Copy": false,
          "Plans": [
            {
              "Node Type": "Aggregate",
              "Strategy": "Plain",
              "Partial Mode": "Partial",
              "Parent Relationship": "Outer",
              "Parallel Aware": false,
              "Startup Cost": 454734.71,
              "Total Cost": 454734.72,
              "Plan Rows": 1,
              "Plan Width": 64,
              "Actual Startup Time": 4954.338,
              "Actual Total Time": 4954.35,
              "Actual Rows": 1,
              "Actual Loops": 5,
              "Plans": [
                {
                  "Node Type": "Hash Join",
                  "Parent Relationship": "Outer",
                  "Parallel Aware": false,
                  "Join Type": "Inner",
                  "Startup Cost": 92647.53,
                  "Total Cost": 453500.46,
                  "Plan Rows": 246850,
                  "Plan Width": 33,
                  "Actual Startup Time": 3918.366,
                  "Actual Total Time": 4954.338,
                  "Actual Rows": 2,
                  "Actual Loops": 5,
                  "Inner Unique": true,
                  "Hash Cond": "(ci.role_id = rt.id)",
                  "Plans": [
                    {
                      "Node Type": "Hash Join",
                      "Parent Relationship": "Outer",
                      "Parallel Aware": true,
                      "Join Type": "Inner",
                      "Startup Cost": 92646.26,
                      "Total Cost": 452622.36,
                      "Plan Rows": 246850,
                      "Plan Width": 37,
                      "Actual Startup Time": 3918.018,
                      "Actual Total Time": 4953.987,
                      "Actual Rows": 2,
                      "Actual Loops": 5,
                      "Inner Unique": true,
                      "Hash Cond": "(ci.person_role_id = chn.id)",
                      "Plans": [
                        {
                          "Node Type": "Nested Loop",
                          "Parent Relationship": "Outer",
                          "Parallel Aware": false,
                          "Join Type": "Inner",
                          "Startup Cost": 38534.48,
                          "Total Cost": 397862.6,
                          "Plan Rows": 246850,
                          "Plan Width": 25,
                          "Actual Startup Time": 319.751,
                          "Actual Total Time": 4458.519,
                          "Actual Rows": 156421,
                          "Actual Loops": 5,
                          "Inner Unique": false,
                          "Join Filter": "(t.id = ci.movie_id)",
                          "Rows Removed by Join Filter": 0,
                          "Plans": [
                            {
                              "Node Type": "Hash Join",
                              "Parent Relationship": "Outer",
                              "Parallel Aware": false,
                              "Join Type": "Inner",
                              "Startup Cost": 38533.92,
                              "Total Cost": 85459.12,
                              "Plan Rows": 161296,
                              "Plan Width": 25,
                              "Actual Startup Time": 318.507,
                              "Actual Total Time": 634.828,
                              "Actual Rows": 119250,
                              "Actual Loops": 5,
                              "Inner Unique": true,
                              "Hash Cond": "(mc.company_type_id = ct.id)",
                              "Plans": [
                                {
                                  "Node Type": "Hash Join",
                                  "Parent Relationship": "Outer",
                                  "Parallel Aware": true,
                                  "Join Type": "Inner",
                                  "Startup Cost": 38532.83,
                                  "Total Cost": 84586.02,
                                  "Plan Rows": 161296,
                                  "Plan Width": 29,
                                  "Actual Startup Time": 318.424,
                                  "Actual Total Time": 608.651,
                                  "Actual Rows": 119250,
                                  "Actual Loops": 5,
                                  "Inner Unique": false,
                                  "Hash Cond": "(t.id = mc.movie_id)",
                                  "Plans": [
                                    {
                                      "Node Type": "Seq Scan",
                                      "Parent Relationship": "Outer",
                                      "Parallel Aware": true,
                                      "Relation Name": "title",
                                      "Alias": "t",
                                      "Startup Cost": 0.0,
                                      "Total Cost": 43899.01,
                                      "Plan Rows": 435701,
                                      "Plan Width": 21,
                                      "Actual Startup Time": 0.037,
                                      "Actual Total Time": 100.495,
                                      "Actual Rows": 349806,
                                      "Actual Loops": 5,
                                      "Filter": "(production_year > 1990)",
                                      "Rows Removed by Filter": 155856
                                    },
                                    {
                                      "Node Type": "Hash",
                                      "Parent Relationship": "Inner",
                                      "Parallel Aware": true,
                                      "Startup Cost": 34758.72,
                                      "Total Cost": 34758.72,
                                      "Plan Rows": 301929,
                                      "Plan Width": 8,
                                      "Actual Startup Time": 317.032,
                                      "Actual Total Time": 317.035,
                                      "Actual Rows": 230760,
                                      "Actual Loops": 5,
                                      "Hash Buckets": 2097152,
                                      "Original Hash Buckets": 1048576,
                                      "Hash Batches": 1,
                                      "Original Hash Batches": 1,
                                      "Peak Memory Usage": 69792,
                                      "Plans": [
                                        {
                                          "Node Type": "Hash Join",
                                          "Parent Relationship": "Outer",
                                          "Parallel Aware": true,
                                          "Join Type": "Inner",
                                          "Startup Cost": 5342.78,
                                          "Total Cost": 34758.72,
                                          "Plan Rows": 301929,
                                          "Plan Width": 8,
                                          "Actual Startup Time": 15.487,
                                          "Actual Total Time": 204.904,
                                          "Actual Rows": 230760,
                                          "Actual Loops": 5,
                                          "Inner Unique": true,
                                          "Hash Cond": "(mc.company_id = cn.id)",
                                          "Plans": [
                                            {
                                              "Node Type": "Seq Scan",
                                              "Parent Relationship": "Outer",
                                              "Parallel Aware": true,
                                              "Relation Name": "movie_companies",
                                              "Alias": "mc",
                                              "Startup Cost": 0.0,
                                              "Total Cost": 27206.55,
                                              "Plan Rows": 841655,
                                              "Plan Width": 12,
                                              "Actual Startup Time": 0.037,
                                              "Actual Total Time": 73.169,
                                              "Actual Rows": 521826,
                                              "Actual Loops": 5
                                            },
                                            {
                                              "Node Type": "Hash",
                                              "Parent Relationship": "Inner",
                                              "Parallel Aware": true,
                                              "Startup Cost": 4722.92,
                                              "Total Cost": 4722.92,
                                              "Plan Rows": 49589,
                                              "Plan Width": 4,
                                              "Actual Startup Time": 15.102,
                                              "Actual Total Time": 15.103,
                                              "Actual Rows": 16969,
                                              "Actual Loops": 5,
                                              "Hash Buckets": 131072,
                                              "Original Hash Buckets": 131072,
                                              "Hash Batches": 1,
                                              "Original Hash Batches": 1,
                                              "Peak Memory Usage": 4416,
                                              "Plans": [
                                                {
                                                  "Node Type": "Seq Scan",
                                                  "Parent Relationship": "Outer",
                                                  "Parallel Aware": true,
                                                  "Relation Name": "company_name",
                                                  "Alias": "cn",
                                                  "Startup Cost": 0.0,
                                                  "Total Cost": 4722.92,
                                                  "Plan Rows": 49589,
                                                  "Plan Width": 4,
                                                  "Actual Startup Time": 0.041,
                                                  "Actual Total Time": 10.029,
                                                  "Actual Rows": 16969,
                                                  "Actual Loops": 5,
                                                  "Filter": "((country_code)::text = '[us]'::text)",
                                                  "Rows Removed by Filter": 30031
                                                }
                                              ]
                                            }
                                          ]
                                        }
                                      ]
                                    }
                                  ]
                                },
                                {
                                  "Node Type": "Hash",
                                  "Parent Relationship": "Inner",
                                  "Parallel Aware": false,
                                  "Startup Cost": 1.04,
                                  "Total Cost": 1.04,
                                  "Plan Rows": 4,
                                  "Plan Width": 4,
                                  "Actual Startup Time": 0.043,
                                  "Actual Total Time": 0.044,
                                  "Actual Rows": 4,
                                  "Actual Loops": 5,
                                  "Hash Buckets": 1024,
                                  "Original Hash Buckets": 1024,
                                  "Hash Batches": 1,
                                  "Original Hash Batches": 1,
                                  "Peak Memory Usage": 9,
                                  "Plans": [
                                    {
                                      "Node Type": "Seq Scan",
                                      "Parent Relationship": "Outer",
                                      "Parallel Aware": false,
                                      "Relation Name": "company_type",
                                      "Alias": "ct",
                                      "Startup Cost": 0.0,
                                      "Total Cost": 1.04,
                                      "Plan Rows": 4,
                                      "Plan Width": 4,
                                      "Actual Startup Time": 0.029,
                                      "Actual Total Time": 0.031,
                                      "Actual Rows": 4,
                                      "Actual Loops": 5
                                    }
                                  ]
                                }
                              ]
                            },
                            {
                              "Node Type": "Index Scan",
                              "Parent Relationship": "Inner",
                              "Parallel Aware": false,
                              "Scan Direction": "Forward",
                              "Index Name": "movie_id_cast_info",
                              "Relation Name": "cast_info",
                              "Alias": "ci",
                              "Startup Cost": 0.56,
                              "Total Cost": 1.91,
                              "Plan Rows": 2,
                              "Plan Width": 12,
                              "Actual Startup Time": 0.02,
                              "Actual Total Time": 0.032,
                              "Actual Rows": 1,
                              "Actual Loops": 596250,
                              "Index Cond": "(movie_id = mc.movie_id)",
                              "Rows Removed by Index Recheck": 0,
                              "Filter": "(note ~~ '%(producer)%'::text)",
                              "Rows Removed by Filter": 34
                            }
                          ]
                        },
                        {
                          "Node Type": "Hash",
                          "Parent Relationship": "Inner",
                          "Parallel Aware": true,
                          "Startup Cost": 44298.57,
                          "Total Cost": 44298.57,
                          "Plan Rows": 785057,
                          "Plan Width": 20,
                          "Actual Startup Time": 474.677,
                          "Actual Total Time": 474.677,
                          "Actual Rows": 628068,
                          "Actual Loops": 5,
                          "Hash Buckets": 4194304,
                          "Original Hash Buckets": 4194304,
                          "Hash Batches": 1,
                          "Original Hash Batches": 1,
                          "Peak Memory Usage": 205088,
                          "Plans": [
                            {
                              "Node Type": "Seq Scan",
                              "Parent Relationship": "Outer",
                              "Parallel Aware": true,
                              "Relation Name": "char_name",
                              "Alias": "chn",
                              "Startup Cost": 0.0,
                              "Total Cost": 44298.57,
                              "Plan Rows": 785057,
                              "Plan Width": 20,
                              "Actual Startup Time": 0.064,
                              "Actual Total Time": 133.402,
                              "Actual Rows": 628068,
                              "Actual Loops": 5
                            }
                          ]
                        }
                      ]
                    },
                    {
                      "Node Type": "Hash",
                      "Parent Relationship": "Inner",
                      "Parallel Aware": false,
                      "Startup Cost": 1.12,
                      "Total Cost": 1.12,
                      "Plan Rows": 12,
                      "Plan Width": 4,
                      "Actual Startup Time": 0.079,
                      "Actual Total Time": 0.08,
                      "Actual Rows": 12,
                      "Actual Loops": 5,
                      "Hash Buckets": 1024,
                      "Original Hash Buckets": 1024,
                      "Hash Batches": 1,
                      "Original Hash Batches": 1,
                      "Peak Memory Usage": 9,
                      "Plans": [
                        {
                          "Node Type": "Seq Scan",
                          "Parent Relationship": "Outer",
                          "Parallel Aware": false,
                          "Relation Name": "role_type",
                          "Alias": "rt",
                          "Startup Cost": 0.0,
                          "Total Cost": 1.12,
                          "Plan Rows": 12,
                          "Plan Width": 4,
                          "Actual Startup Time": 0.048,
                          "Actual Total Time": 0.053,
                          "Actual Rows": 12,
                          "Actual Loops": 5
                        }
                      ]
                    }
                  ]
                }
              ]
            }
          ]
        }
      ]
    },
    "Planning Time": 11.118,
    "Triggers": [],
    "Execution Time": 5128.287
  }
]