[
  {
    "Plan": {
      "Node Type": "Aggregate",
      "Strategy": "Plain",
      "Partial Mode": "Finalize",
      "Parallel Aware": false,
      "Startup Cost": 44771.84,
      "Total Cost": 44771.85,
      "Plan Rows": 1,
      "Plan Width": 8,
      "Actual Startup Time": 108.3,
      "Actual Total Time": 115.583,
      "Actual Rows": 1,
      "Actual Loops": 1,
      "Plans": [
        {
          "Node Type": "Gather",
          "Parent Relationship": "Outer",
          "Parallel Aware": false,
          "Startup Cost": 44771.52,
          "Total Cost": 44771.83,
          "Plan Rows": 3,
          "Plan Width": 8,
          "Actual Startup Time": 108.215,
          "Actual Total Time": 115.577,
          "Actual Rows": 4,
          "Actual Loops": 1,
          "Workers Planned": 3,
          "Workers Launched": 3,
          "Single Copy": false,
          "Plans": [
            {
              "Node Type": "Aggregate",
              "Strategy": "Plain",
              "Partial Mode": "Partial",
              "Parent Relationship": "Outer",
              "Parallel Aware": false,
              "Startup Cost": 43771.52,
              "Total Cost": 43771.53,
              "Plan Rows": 1,
              "Plan Width": 8,
              "Actual Startup Time": 105.084,
              "Actual Total Time": 105.085,
              "Actual Rows": 1,
              "Actual Loops": 4,
              "Plans": [
                {
                  "Node Type": "Seq Scan",
                  "Parent Relationship": "Outer",
                  "Parallel Aware": true,
                  "Relation Name": "movie_keyword",
                  "Alias": "mk",
                  "Startup Cost": 0.0,
                  "Total Cost": 42695.65,
                  "Plan Rows": 430346,
                  "Plan Width": 0,
                  "Actual Startup Time": 0.021,
                  "Actual Total Time": 90.115,
                  "Actual Rows": 332106,
                  "Actual Loops": 4,
                  "Filter": "(keyword_id < 1738)",
                  "Rows Removed by Filter": 798877
                }
              ]
            }
          ]
        }
      ]
    },
    "Planning Time": 0.087,
    "Triggers": [],
    "Execution Time": 115.612
  }
]