{
  "Plan": {
    "Node Type": "Aggregate",
    "Strategy": "Plain",
    "Partial Mode": "Finalize",
    "Parallel Aware": false,
    "Startup Cost": 237754.99,
    "Total Cost": 237755.0,
    "Plan Rows": 1,
    "Plan Width": 8,
    "Actual Startup Time": 657.233,
    "Actual Total Time": 697.568,
    "Actual Rows": 1,
    "Actual Loops": 1,
    "Plans": [
      {
        "Node Type": "Gather",
        "Parent Relationship": "Outer",
        "Parallel Aware": false,
        "Startup Cost": 237754.88,
        "Total Cost": 237754.99,
        "Plan Rows": 1,
        "Plan Width": 8,
        "Actual Startup Time": 655.547,
        "Actual Total Time": 697.561,
        "Actual Rows": 2,
        "Actual Loops": 1,
        "Workers Planned": 1,
        "Workers Launched": 1,
        "Single Copy": false,
        "Plans": [
          {
            "Node Type": "Aggregate",
            "Strategy": "Plain",
            "Partial Mode": "Partial",
            "Parent Relationship": "Outer",
            "Parallel Aware": false,
            "Startup Cost": 236754.88,
            "Total Cost": 236754.89,
            "Plan Rows": 1,
            "Plan Width": 8,
            "Actual Startup Time": 649.771,
            "Actual Total Time": 649.775,
            "Actual Rows": 1,
            "Actual Loops": 2,
            "Plans": [
              {
                "Node Type": "Nested Loop",
                "Parent Relationship": "Outer",
                "Parallel Aware": false,
                "Join Type": "Inner",
                "Startup Cost": 73037.85,
                "Total Cost": 236112.04,
                "Plan Rows": 257136,
                "Plan Width": 0,
                "Actual Startup Time": 291.149,
                "Actual Total Time": 632.843,
                "Actual Rows": 363543,
                "Actual Loops": 2,
                "Inner Unique": false,
                "Plans": [
                  {
                    "Node Type": "Hash Join",
                    "Parent Relationship": "Outer",
                    "Parallel Aware": true,
                    "Join Type": "Inner",
                    "Startup Cost": 73037.41,
                    "Total Cost": 98220.15,
                    "Plan Rows": 43975,
                    "Plan Width": 8,
                    "Actual Startup Time": 291.089,
                    "Actual Total Time": 350.618,
                    "Actual Rows": 31130,
                    "Actual Loops": 2,
                    "Inner Unique": true,
                    "Hash Cond": "(mc.movie_id = t.id)",
                    "Plans": [
                      {
                        "Node Type": "Bitmap Heap Scan",
                        "Parent Relationship": "Outer",
                        "Parallel Aware": true,
                        "Relation Name": "movie_companies",
                        "Alias": "mc",
                        "Startup Cost": 14335.3,
                        "Total Cost": 38996.37,
                        "Plan Rows": 198729,
                        "Plan Width": 4,
                        "Actual Startup Time": 69.159,
                        "Actual Total Time": 91.86,
                        "Actual Rows": 93142,
                        "Actual Loops": 2,
                        "Recheck Cond": "(company_id < 966)",
                        "Rows Removed by Index Recheck": 0,
                        "Filter": "(company_type_id > 1)",
                        "Rows Removed by Filter": 236856,
                        "Exact Heap Blocks": 9715,
                        "Lossy Heap Blocks": 0,
                        "Plans": [
                          {
                            "Node Type": "Bitmap Index Scan",
                            "Parent Relationship": "Outer",
                            "Parallel Aware": false,
                            "Index Name": "company_id_movie_companies",
                            "Startup Cost": 0.0,
                            "Total Cost": 14250.84,
                            "Plan Rows": 665388,
                            "Plan Width": 0,
                            "Actual Startup Time": 26.48,
                            "Actual Total Time": 26.481,
                            "Actual Rows": 659995,
                            "Actual Loops": 1,
                            "Index Cond": "(company_id < 966)"
                          }
                        ]
                      },
                      {
                        "Node Type": "Hash",
                        "Parent Relationship": "Inner",
                        "Parallel Aware": true,
                        "Startup Cost": 54588.39,
                        "Total Cost": 54588.39,
                        "Plan Rows": 329098,
                        "Plan Width": 4,
                        "Actual Startup Time": 214.989,
                        "Actual Total Time": 214.99,
                        "Actual Rows": 284224,
                        "Actual Loops": 2,
                        "Hash Buckets": 1048576,
                        "Original Hash Buckets": 1048576,
                        "Hash Batches": 1,
                        "Original Hash Batches": 1,
                        "Peak Memory Usage": 30464,
                        "Plans": [
                          {
                            "Node Type": "Seq Scan",
                            "Parent Relationship": "Outer",
                            "Parallel Aware": true,
                            "Relation Name": "title",
                            "Alias": "t",
                            "Startup Cost": 0.0,
                            "Total Cost": 54588.39,
                            "Plan Rows": 329098,
                            "Plan Width": 4,
                            "Actual Startup Time": 0.033,
                            "Actual Total Time": 139.386,
                            "Actual Rows": 284224,
                            "Actual Loops": 2,
                            "Filter": "(production_year < 1984)",
                            "Rows Removed by Filter": 979932
                          }
                        ]
                      }
                    ]
                  },
                  {
                    "Node Type": "Index Only Scan",
                    "Parent Relationship": "Inner",
                    "Parallel Aware": false,
                    "Scan Direction": "Forward",
                    "Index Name": "movie_id_movie_info",
                    "Relation Name": "movie_info",
                    "Alias": "mi",
                    "Startup Cost": 0.43,
                    "Total Cost": 2.72,
                    "Plan Rows": 42,
                    "Plan Width": 4,
                    "Actual Startup Time": 0.003,
                    "Actual Total Time": 0.008,
                    "Actual Rows": 12,
                    "Actual Loops": 62261,
                    "Index Cond": "(movie_id = t.id)",
                    "Rows Removed by Index Recheck": 0,
                    "Heap Fetches": 727086
                  }
                ]
              }
            ]
          }
        ]
      }
    ]
  },
  "Planning Time": 0.492,
  "Triggers": [],
  "Execution Time": 697.638
}