{
  "Plan": {
    "Node Type": "Aggregate",
    "Strategy": "Plain",
    "Partial Mode": "Simple",
    "Parallel Aware": false,
    "Startup Cost": 4938.89,
    "Total Cost": 4938.9,
    "Plan Rows": 1,
    "Plan Width": 64,
    "Actual Startup Time": 44.506,
    "Actual Total Time": 44.51,
    "Actual Rows": 1,
    "Actual Loops": 1,
    "Plans": [
      {
        "Node Type": "Nested Loop",
        "Parent Relationship": "Outer",
        "Parallel Aware": false,
        "Join Type": "Inner",
        "Startup Cost": 12.11,
        "Total Cost": 4938.89,
        "Plan Rows": 1,
        "Plan Width": 23,
        "Actual Startup Time": 23.707,
        "Actual Total Time": 44.501,
        "Actual Rows": 1,
        "Actual Loops": 1,
        "Inner Unique": true,
        "Join Filter": "(mi_idx.info_type_id = it2.id)",
        "Rows Removed by Join Filter": 0,
        "Plans": [
          {
            "Node Type": "Nested Loop",
            "Parent Relationship": "Outer",
            "Parallel Aware": false,
            "Join Type": "Inner",
            "Startup Cost": 12.11,
            "Total Cost": 4936.46,
            "Plan Rows": 1,
            "Plan Width": 27,
            "Actual Startup Time": 23.69,
            "Actual Total Time": 44.483,
            "Actual Rows": 1,
            "Actual Loops": 1,
            "Inner Unique": true,
            "Join Filter": "(mi.info_type_id = it1.id)",
            "Rows Removed by Join Filter": 1,
            "Plans": [
              {
                "Node Type": "Nested Loop",
                "Parent Relationship": "Outer",
                "Parallel Aware": false,
                "Join Type": "Inner",
                "Startup Cost": 12.11,
                "Total Cost": 4934.04,
                "Plan Rows": 1,
                "Plan Width": 31,
                "Actual Startup Time": 23.678,
                "Actual Total Time": 44.452,
                "Actual Rows": 2,
                "Actual Loops": 1,
                "Inner Unique": false,
                "Join Filter": "(t.id = mi.movie_id)",
                "Rows Removed by Join Filter": 0,
                "Plans": [
                  {
                    "Node Type": "Nested Loop",
                    "Parent Relationship": "Outer",
                    "Parallel Aware": false,
                    "Join Type": "Inner",
                    "Startup Cost": 11.68,
                    "Total Cost": 4932.18,
                    "Plan Rows": 1,
                    "Plan Width": 39,
                    "Actual Startup Time": 23.626,
                    "Actual Total Time": 44.363,
                    "Actual Rows": 2,
                    "Actual Loops": 1,
                    "Inner Unique": true,
                    "Join Filter": "(t.kind_id = kt.id)",
                    "Rows Removed by Join Filter": 0,
                    "Plans": [
                      {
                        "Node Type": "Nested Loop",
                        "Parent Relationship": "Outer",
                        "Parallel Aware": false,
                        "Join Type": "Inner",
                        "Startup Cost": 11.68,
                        "Total Cost": 4931.08,
                        "Plan Rows": 1,
                        "Plan Width": 43,
                        "Actual Startup Time": 23.617,
                        "Actual Total Time": 44.343,
                        "Actual Rows": 2,
                        "Actual Loops": 1,
                        "Inner Unique": false,
                        "Join Filter": "(t.id = mi_idx.movie_id)",
                        "Rows Removed by Join Filter": 0,
                        "Plans": [
                          {
                            "Node Type": "Nested Loop",
                            "Parent Relationship": "Outer",
                            "Parallel Aware": false,
                            "Join Type": "Inner",
                            "Startup Cost": 11.25,
                            "Total Cost": 4930.57,
                            "Plan Rows": 1,
                            "Plan Width": 29,
                            "Actual Startup Time": 23.598,
                            "Actual Total Time": 44.309,
                            "Actual Rows": 2,
                            "Actual Loops": 1,
                            "Inner Unique": true,
                            "Plans": [
                              {
                                "Node Type": "Nested Loop",
                                "Parent Relationship": "Outer",
                                "Parallel Aware": false,
                                "Join Type": "Inner",
                                "Startup Cost": 10.82,
                                "Total Cost": 4897.25,
                                "Plan Rows": 67,
                                "Plan Width": 4,
                                "Actual Startup Time": 1.371,
                                "Actual Total Time": 21.93,
                                "Actual Rows": 3672,
                                "Actual Loops": 1,
                                "Inner Unique": false,
                                "Plans": [
                                  {
                                    "Node Type": "Seq Scan",
                                    "Parent Relationship": "Outer",
                                    "Parallel Aware": false,
                                    "Relation Name": "keyword",
                                    "Alias": "k",
                                    "Startup Cost": 0.0,
                                    "Total Cost": 2626.12,
                                    "Plan Rows": 2,
                                    "Plan Width": 4,
                                    "Actual Startup Time": 0.162,
                                    "Actual Total Time": 13.284,
                                    "Actual Rows": 2,
                                    "Actual Loops": 1,
                                    "Filter": "(keyword = ANY ('{based-on-comic,gift}'::text[]))",
                                    "Rows Removed by Filter": 134168
                                  },
                                  {
                                    "Node Type": "Bitmap Heap Scan",
                                    "Parent Relationship": "Inner",
                                    "Parallel Aware": false,
                                    "Relation Name": "movie_keyword",
                                    "Alias": "mk",
                                    "Startup Cost": 10.82,
                                    "Total Cost": 1132.48,
                                    "Plan Rows": 308,
                                    "Plan Width": 8,
                                    "Actual Startup Time": 0.795,
                                    "Actual Total Time": 3.92,
                                    "Actual Rows": 1836,
                                    "Actual Loops": 2,
                                    "Recheck Cond": "(keyword_id = k.id)",
                                    "Rows Removed by Index Recheck": 0,
                                    "Exact Heap Blocks": 2559,
                                    "Lossy Heap Blocks": 0,
                                    "Plans": [
                                      {
                                        "Node Type": "Bitmap Index Scan",
                                        "Parent Relationship": "Outer",
                                        "Parallel Aware": false,
                                        "Index Name": "keyword_id_movie_keyword",
                                        "Startup Cost": 0.0,
                                        "Total Cost": 10.74,
                                        "Plan Rows": 308,
                                        "Plan Width": 0,
                                        "Actual Startup Time": 0.409,
                                        "Actual Total Time": 0.409,
                                        "Actual Rows": 1836,
                                        "Actual Loops": 2,
                                        "Index Cond": "(keyword_id = k.id)"
                                      }
                                    ]
                                  }
                                ]
                              },
                              {
                                "Node Type": "Index Scan",
                                "Parent Relationship": "Inner",
                                "Parallel Aware": false,
                                "Scan Direction": "Forward",
                                "Index Name": "title_pkey",
                                "Relation Name": "title",
                                "Alias": "t",
                                "Startup Cost": 0.43,
                                "Total Cost": 0.5,
                                "Plan Rows": 1,
                                "Plan Width": 25,
                                "Actual Startup Time": 0.006,
                                "Actual Total Time": 0.006,
                                "Actual Rows": 0,
                                "Actual Loops": 3672,
                                "Index Cond": "(id = mk.movie_id)",
                                "Rows Removed by Index Recheck": 0,
                                "Filter": "((production_year > 2008) AND ((title ~~ '%murder%'::text) OR (title ~~ '%Murder%'::text) OR (title ~~ '%Mord%'::text)))",
                                "Rows Removed by Filter": 1
                              }
                            ]
                          },
                          {
                            "Node Type": "Index Scan",
                            "Parent Relationship": "Inner",
                            "Parallel Aware": false,
                            "Scan Direction": "Forward",
                            "Index Name": "movie_id_movie_info_idx",
                            "Relation Name": "movie_info_idx",
                            "Alias": "mi_idx",
                            "Startup Cost": 0.43,
                            "Total Cost": 0.5,
                            "Plan Rows": 1,
                            "Plan Width": 14,
                            "Actual Startup Time": 0.013,
                            "Actual Total Time": 0.014,
                            "Actual Rows": 1,
                            "Actual Loops": 2,
                            "Index Cond": "(movie_id = mk.movie_id)",
                            "Rows Removed by Index Recheck": 0,
                            "Filter": "(info > '5'::text)",
                            "Rows Removed by Filter": 2
                          }
                        ]
                      },
                      {
                        "Node Type": "Seq Scan",
                        "Parent Relationship": "Inner",
                        "Parallel Aware": false,
                        "Relation Name": "kind_type",
                        "Alias": "kt",
                        "Startup Cost": 0.0,
                        "Total Cost": 1.09,
                        "Plan Rows": 1,
                        "Plan Width": 4,
                        "Actual Startup Time": 0.006,
                        "Actual Total Time": 0.006,
                        "Actual Rows": 1,
                        "Actual Loops": 2,
                        "Filter": "((kind)::text = 'episode'::text)",
                        "Rows Removed by Filter": 6
                      }
                    ]
                  },
                  {
                    "Node Type": "Index Scan",
                    "Parent Relationship": "Inner",
                    "Parallel Aware": false,
                    "Scan Direction": "Forward",
                    "Index Name": "movie_id_movie_info",
                    "Relation Name": "movie_info",
                    "Alias": "mi",
                    "Startup Cost": 0.43,
                    "Total Cost": 1.8,
                    "Plan Rows": 5,
                    "Plan Width": 8,
                    "Actual Startup Time": 0.039,
                    "Actual Total Time": 0.042,
                    "Actual Rows": 1,
                    "Actual Loops": 2,
                    "Index Cond": "(movie_id = mk.movie_id)",
                    "Rows Removed by Index Recheck": 0,
                    "Filter": "(info = ANY ('{Norwegian,American,Bulgaria,Denmark,America,Danish,USA,English,Norway,USA}'::text[]))",
                    "Rows Removed by Filter": 13
                  }
                ]
              },
              {
                "Node Type": "Seq Scan",
                "Parent Relationship": "Inner",
                "Parallel Aware": false,
                "Relation Name": "info_type",
                "Alias": "it1",
                "Startup Cost": 0.0,
                "Total Cost": 2.41,
                "Plan Rows": 1,
                "Plan Width": 4,
                "Actual Startup Time": 0.008,
                "Actual Total Time": 0.012,
                "Actual Rows": 1,
                "Actual Loops": 2,
                "Filter": "((info)::text = 'countries'::text)",
                "Rows Removed by Filter": 60
              }
            ]
          },
          {
            "Node Type": "Seq Scan",
            "Parent Relationship": "Inner",
            "Parallel Aware": false,
            "Relation Name": "info_type",
            "Alias": "it2",
            "Startup Cost": 0.0,
            "Total Cost": 2.41,
            "Plan Rows": 1,
            "Plan Width": 4,
            "Actual Startup Time": 0.015,
            "Actual Total Time": 0.015,
            "Actual Rows": 1,
            "Actual Loops": 1,
            "Filter": "((info)::text = 'rating'::text)",
            "Rows Removed by Filter": 100
          }
        ]
      }
    ]
  },
  "Planning Time": 2.675,
  "Triggers": [],
  "Execution Time": 44.651
}