{
  "Plan": {
    "Node Type": "Hash Join",
    "Parallel Aware": false,
    "Join Type": "Inner",
    "Startup Cost": 101174.13,
    "Total Cost": 168167.0,
    "Plan Rows": 1048295,
    "Plan Width": 4,
    "Actual Startup Time": 1225.766,
    "Actual Total Time": 2491.391,
    "Actual Rows": 1043520,
    "Actual Loops": 1,
    "Inner Unique": true,
    "Hash Cond": "(t.kind_id = kt.id)",
    "Plans": [
      {
        "Node Type": "Hash Join",
        "Parent Relationship": "Outer",
        "Parallel Aware": false,
        "Join Type": "Inner",
        "Startup Cost": 101172.98,
        "Total Cost": 163748.03,
        "Plan Rows": 1048295,
        "Plan Width": 8,
        "Actual Startup Time": 1225.734,
        "Actual Total Time": 2362.602,
        "Actual Rows": 1043520,
        "Actual Loops": 1,
        "Inner Unique": true,
        "Hash Cond": "(mc.movie_id = t.id)",
        "Plans": [
          {
            "Node Type": "Hash Join",
            "Parent Relationship": "Outer",
            "Parallel Aware": false,
            "Join Type": "Inner",
            "Startup Cost": 8283.52,
            "Total Cost": 68106.8,
            "Plan Rows": 1048295,
            "Plan Width": 8,
            "Actual Startup Time": 71.142,
            "Actual Total Time": 679.316,
            "Actual Rows": 1043520,
            "Actual Loops": 1,
            "Inner Unique": true,
            "Hash Cond": "(mc.company_type_id = ct.id)",
            "Plans": [
              {
                "Node Type": "Hash Join",
                "Parent Relationship": "Outer",
                "Parallel Aware": false,
                "Join Type": "Inner",
                "Startup Cost": 8282.43,
                "Total Cost": 62438.36,
                "Plan Rows": 1048295,
                "Plan Width": 12,
                "Actual Startup Time": 71.131,
                "Actual Total Time": 557.895,
                "Actual Rows": 1043520,
                "Actual Loops": 1,
                "Inner Unique": true,
                "Hash Cond": "(mc.company_id = cn.id)",
                "Plans": [
                  {
                    "Node Type": "Seq Scan",
                    "Parent Relationship": "Outer",
                    "Parallel Aware": false,
                    "Relation Name": "movie_companies",
                    "Alias": "mc",
                    "Startup Cost": 0.0,
                    "Total Cost": 51404.11,
                    "Plan Rows": 1048295,
                    "Plan Width": 12,
                    "Actual Startup Time": 0.011,
                    "Actual Total Time": 282.063,
                    "Actual Rows": 1043520,
                    "Actual Loops": 1,
                    "Filter": "(company_id < 6029)",
                    "Rows Removed by Filter": 1565609
                  },
                  {
                    "Node Type": "Hash",
                    "Parent Relationship": "Inner",
                    "Parallel Aware": false,
                    "Startup Cost": 5344.97,
                    "Total Cost": 5344.97,
                    "Plan Rows": 234997,
                    "Plan Width": 4,
                    "Actual Startup Time": 70.142,
                    "Actual Total Time": 70.144,
                    "Actual Rows": 234997,
                    "Actual Loops": 1,
                    "Hash Buckets": 262144,
                    "Original Hash Buckets": 262144,
                    "Hash Batches": 1,
                    "Original Hash Batches": 1,
                    "Peak Memory Usage": 10310,
                    "Plans": [
                      {
                        "Node Type": "Seq Scan",
                        "Parent Relationship": "Outer",
                        "Parallel Aware": false,
                        "Relation Name": "company_name",
                        "Alias": "cn",
                        "Startup Cost": 0.0,
                        "Total Cost": 5344.97,
                        "Plan Rows": 234997,
                        "Plan Width": 4,
                        "Actual Startup Time": 0.022,
                        "Actual Total Time": 39.019,
                        "Actual Rows": 234997,
                        "Actual Loops": 1
                      }
                    ]
                  }
                ]
              },
              {
                "Node Type": "Hash",
                "Parent Relationship": "Inner",
                "Parallel Aware": false,
                "Startup Cost": 1.04,
                "Total Cost": 1.04,
                "Plan Rows": 4,
                "Plan Width": 4,
                "Actual Startup Time": 0.005,
                "Actual Total Time": 0.006,
                "Actual Rows": 4,
                "Actual Loops": 1,
                "Hash Buckets": 1024,
                "Original Hash Buckets": 1024,
                "Hash Batches": 1,
                "Original Hash Batches": 1,
                "Peak Memory Usage": 9,
                "Plans": [
                  {
                    "Node Type": "Seq Scan",
                    "Parent Relationship": "Outer",
                    "Parallel Aware": false,
                    "Relation Name": "company_type",
                    "Alias": "ct",
                    "Startup Cost": 0.0,
                    "Total Cost": 1.04,
                    "Plan Rows": 4,
                    "Plan Width": 4,
                    "Actual Startup Time": 0.004,
                    "Actual Total Time": 0.004,
                    "Actual Rows": 4,
                    "Actual Loops": 1
                  }
                ]
              }
            ]
          },
          {
            "Node Type": "Hash",
            "Parent Relationship": "Inner",
            "Parallel Aware": false,
            "Startup Cost": 61283.09,
            "Total Cost": 61283.09,
            "Plan Rows": 2528509,
            "Plan Width": 8,
            "Actual Startup Time": 1131.863,
            "Actual Total Time": 1131.864,
            "Actual Rows": 2528312,
            "Actual Loops": 1,
            "Hash Buckets": 4194304,
            "Original Hash Buckets": 4194304,
            "Hash Batches": 1,
            "Original Hash Batches": 1,
            "Peak Memory Usage": 131531,
            "Plans": [
              {
                "Node Type": "Seq Scan",
                "Parent Relationship": "Outer",
                "Parallel Aware": false,
                "Relation Name": "title",
                "Alias": "t",
                "Startup Cost": 0.0,
                "Total Cost": 61283.09,
                "Plan Rows": 2528509,
                "Plan Width": 8,
                "Actual Startup Time": 0.042,
                "Actual Total Time": 393.925,
                "Actual Rows": 2528312,
                "Actual Loops": 1
              }
            ]
          }
        ]
      },
      {
        "Node Type": "Hash",
        "Parent Relationship": "Inner",
        "Parallel Aware": false,
        "Startup Cost": 1.07,
        "Total Cost": 1.07,
        "Plan Rows": 7,
        "Plan Width": 4,
        "Actual Startup Time": 0.012,
        "Actual Total Time": 0.013,
        "Actual Rows": 7,
        "Actual Loops": 1,
        "Hash Buckets": 1024,
        "Original Hash Buckets": 1024,
        "Hash Batches": 1,
        "Original Hash Batches": 1,
        "Peak Memory Usage": 9,
        "Plans": [
          {
            "Node Type": "Seq Scan",
            "Parent Relationship": "Outer",
            "Parallel Aware": false,
            "Relation Name": "kind_type",
            "Alias": "kt",
            "Startup Cost": 0.0,
            "Total Cost": 1.07,
            "Plan Rows": 7,
            "Plan Width": 4,
            "Actual Startup Time": 0.009,
            "Actual Total Time": 0.01,
            "Actual Rows": 7,
            "Actual Loops": 1
          }
        ]
      }
    ]
  },
  "Planning Time": 0.498,
  "Triggers": [],
  "Execution Time": 2523.759
}