{
  "Plan": {
    "Node Type": "Hash Join",
    "Parallel Aware": false,
    "Join Type": "Inner",
    "Startup Cost": 333344.62,
    "Total Cost": 349418.12,
    "Plan Rows": 1048295,
    "Plan Width": 4,
    "Actual Startup Time": 4668.745,
    "Actual Total Time": 4757.589,
    "Actual Rows": 1043520,
    "Actual Loops": 1,
    "Inner Unique": false,
    "Hash Cond": "(kt.id = t.kind_id)",
    "Plans": [
      {
        "Node Type": "Seq Scan",
        "Parent Relationship": "Outer",
        "Parallel Aware": false,
        "Relation Name": "kind_type",
        "Alias": "kt",
        "Startup Cost": 0.0,
        "Total Cost": 1.07,
        "Plan Rows": 7,
        "Plan Width": 4,
        "Actual Startup Time": 0.023,
        "Actual Total Time": 0.049,
        "Actual Rows": 7,
        "Actual Loops": 1
      },
      {
        "Node Type": "Hash",
        "Parent Relationship": "Inner",
        "Parallel Aware": false,
        "Startup Cost": 320240.93,
        "Total Cost": 320240.93,
        "Plan Rows": 1048295,
        "Plan Width": 8,
        "Actual Startup Time": 4655.208,
        "Actual Total Time": 4655.249,
        "Actual Rows": 1043520,
        "Actual Loops": 1,
        "Hash Buckets": 1048576,
        "Original Hash Buckets": 1048576,
        "Hash Batches": 1,
        "Original Hash Batches": 1,
        "Peak Memory Usage": 48955,
        "Plans": [
          {
            "Node Type": "Hash Join",
            "Parent Relationship": "Outer",
            "Parallel Aware": false,
            "Join Type": "Inner",
            "Startup Cost": 304515.45,
            "Total Cost": 320240.93,
            "Plan Rows": 1048295,
            "Plan Width": 8,
            "Actual Startup Time": 4335.703,
            "Actual Total Time": 4446.359,
            "Actual Rows": 1043520,
            "Actual Loops": 1,
            "Inner Unique": false,
            "Hash Cond": "(ct.id = mc.company_type_id)",
            "Plans": [
              {
                "Node Type": "Seq Scan",
                "Parent Relationship": "Outer",
                "Parallel Aware": false,
                "Relation Name": "company_type",
                "Alias": "ct",
                "Startup Cost": 0.0,
                "Total Cost": 1.04,
                "Plan Rows": 4,
                "Plan Width": 4,
                "Actual Startup Time": 0.017,
                "Actual Total Time": 0.047,
                "Actual Rows": 4,
                "Actual Loops": 1
              },
              {
                "Node Type": "Hash",
                "Parent Relationship": "Inner",
                "Parallel Aware": false,
                "Startup Cost": 291411.77,
                "Total Cost": 291411.77,
                "Plan Rows": 1048295,
                "Plan Width": 12,
                "Actual Startup Time": 4325.532,
                "Actual Total Time": 4325.57,
                "Actual Rows": 1043520,
                "Actual Loops": 1,
                "Hash Buckets": 1048576,
                "Original Hash Buckets": 1048576,
                "Hash Batches": 1,
                "Original Hash Batches": 1,
                "Peak Memory Usage": 53031,
                "Plans": [
                  {
                    "Node Type": "Merge Join",
                    "Parent Relationship": "Outer",
                    "Parallel Aware": false,
                    "Join Type": "Inner",
                    "Startup Cost": 263386.45,
                    "Total Cost": 291411.77,
                    "Plan Rows": 1048295,
                    "Plan Width": 12,
                    "Actual Startup Time": 3625.384,
                    "Actual Total Time": 4087.794,
                    "Actual Rows": 1043520,
                    "Actual Loops": 1,
                    "Inner Unique": false,
                    "Merge Cond": "(cn.id = mc.company_id)",
                    "Plans": [
                      {
                        "Node Type": "Index Only Scan",
                        "Parent Relationship": "Outer",
                        "Parallel Aware": false,
                        "Scan Direction": "Forward",
                        "Index Name": "company_name_pkey",
                        "Relation Name": "company_name",
                        "Alias": "cn",
                        "Startup Cost": 0.42,
                        "Total Cost": 11881.93,
                        "Plan Rows": 234997,
                        "Plan Width": 4,
                        "Actual Startup Time": 0.066,
                        "Actual Total Time": 24.901,
                        "Actual Rows": 6029,
                        "Actual Loops": 1,
                        "Heap Fetches": 6029
                      },
                      {
                        "Node Type": "Sort",
                        "Parent Relationship": "Inner",
                        "Parallel Aware": false,
                        "Startup Cost": 263225.77,
                        "Total Cost": 265846.5,
                        "Plan Rows": 1048295,
                        "Plan Width": 12,
                        "Actual Startup Time": 3625.27,
                        "Actual Total Time": 3910.124,
                        "Actual Rows": 1043520,
                        "Actual Loops": 1,
                        "Sort Key": [
                          "mc.company_id"
                        ],
                        "Sort Method": "quicksort",
                        "Sort Space Used": 73492,
                        "Sort Space Type": "Memory",
                        "Plans": [
                          {
                            "Node Type": "Hash Join",
                            "Parent Relationship": "Outer",
                            "Parallel Aware": false,
                            "Join Type": "Inner",
                            "Startup Cost": 64507.8,
                            "Total Cost": 158398.29,
                            "Plan Rows": 1048295,
                            "Plan Width": 12,
                            "Actual Startup Time": 923.238,
                            "Actual Total Time": 3276.294,
                            "Actual Rows": 1043520,
                            "Actual Loops": 1,
                            "Inner Unique": false,
                            "Hash Cond": "(t.id = mc.movie_id)",
                            "Plans": [
                              {
                                "Node Type": "Seq Scan",
                                "Parent Relationship": "Outer",
                                "Parallel Aware": false,
                                "Relation Name": "title",
                                "Alias": "t",
                                "Startup Cost": 0.0,
                                "Total Cost": 61283.09,
                                "Plan Rows": 2528509,
                                "Plan Width": 8,
                                "Actual Startup Time": 0.057,
                                "Actual Total Time": 785.317,
                                "Actual Rows": 2528312,
                                "Actual Loops": 1
                              },
                              {
                                "Node Type": "Hash",
                                "Parent Relationship": "Inner",
                                "Parallel Aware": false,
                                "Startup Cost": 51404.11,
                                "Total Cost": 51404.11,
                                "Plan Rows": 1048295,
                                "Plan Width": 12,
                                "Actual Startup Time": 914.31,
                                "Actual Total Time": 914.315,
                                "Actual Rows": 1043520,
                                "Actual Loops": 1,
                                "Hash Buckets": 1048576,
                                "Original Hash Buckets": 1048576,
                                "Hash Batches": 1,
                                "Original Hash Batches": 1,
                                "Peak Memory Usage": 53031,
                                "Plans": [
                                  {
                                    "Node Type": "Seq Scan",
                                    "Parent Relationship": "Outer",
                                    "Parallel Aware": false,
                                    "Relation Name": "movie_companies",
                                    "Alias": "mc",
                                    "Startup Cost": 0.0,
                                    "Total Cost": 51404.11,
                                    "Plan Rows": 1048295,
                                    "Plan Width": 12,
                                    "Actual Startup Time": 0.042,
                                    "Actual Total Time": 530.314,
                                    "Actual Rows": 1043520,
                                    "Actual Loops": 1,
                                    "Filter": "(company_id < 6029)",
                                    "Rows Removed by Filter": 1565609
                                  }
                                ]
                              }
                            ]
                          }
                        ]
                      }
                    ]
                  }
                ]
              }
            ]
          }
        ]
      }
    ]
  },
  "Planning Time": 5.996,
  "Triggers": [],
  "Execution Time": 4830.178
}