{
    "Plan": {
        "Node Type": "Aggregate",
        "Strategy": "Plain",
        "Partial Mode": "Finalize",
        "Parallel Aware": false,
        "Startup Cost": 447835.65,
        "Total Cost": 447835.66,
        "Plan Rows": 1,
        "Plan Width": 8,
        "Actual Startup Time": 2136.267,
        "Actual Total Time": 2192.79,
        "Actual Rows": 1,
        "Actual Loops": 1,
        "Output": [
            "count(*)"
        ],
        "Plans": [
            {
                "Node Type": "Gather",
                "Parent Relationship": "Outer",
                "Parallel Aware": false,
                "Startup Cost": 447835.02,
                "Total Cost": 447835.63,
                "Plan Rows": 6,
                "Plan Width": 8,
                "Actual Startup Time": 2095.901,
                "Actual Total Time": 2192.776,
                "Actual Rows": 7,
                "Actual Loops": 1,
                "Output": [
                    "(PARTIAL count(*))"
                ],
                "Workers Planned": 6,
                "Workers Launched": 6,
                "Single Copy": false,
                "Plans": [
                    {
                        "Node Type": "Aggregate",
                        "Strategy": "Plain",
                        "Partial Mode": "Partial",
                        "Parent Relationship": "Outer",
                        "Parallel Aware": false,
                        "Startup Cost": 446835.02,
                        "Total Cost": 446835.03,
                        "Plan Rows": 1,
                        "Plan Width": 8,
                        "Actual Startup Time": 2076.454,
                        "Actual Total Time": 2077.172,
                        "Actual Rows": 1,
                        "Actual Loops": 7,
                        "Output": [
                            "PARTIAL count(*)"
                        ],
                        "Workers": [
                            {
                                "Worker Number": 0,
                                "Actual Startup Time": 2072.225,
                                "Actual Total Time": 2072.231,
                                "Actual Rows": 1,
                                "Actual Loops": 1
                            },
                            {
                                "Worker Number": 1,
                                "Actual Startup Time": 2073.381,
                                "Actual Total Time": 2073.387,
                                "Actual Rows": 1,
                                "Actual Loops": 1
                            },
                            {
                                "Worker Number": 2,
                                "Actual Startup Time": 2073.538,
                                "Actual Total Time": 2073.557,
                                "Actual Rows": 1,
                                "Actual Loops": 1
                            },
                            {
                                "Worker Number": 3,
                                "Actual Startup Time": 2072.221,
                                "Actual Total Time": 2072.225,
                                "Actual Rows": 1,
                                "Actual Loops": 1
                            },
                            {
                                "Worker Number": 4,
                                "Actual Startup Time": 2075.255,
                                "Actual Total Time": 2075.26,
                                "Actual Rows": 1,
                                "Actual Loops": 1
                            },
                            {
                                "Worker Number": 5,
                                "Actual Startup Time": 2073.669,
                                "Actual Total Time": 2073.674,
                                "Actual Rows": 1,
                                "Actual Loops": 1
                            }
                        ],
                        "Plans": [
                            {
                                "Node Type": "Hash Join",
                                "Parent Relationship": "Outer",
                                "Parallel Aware": true,
                                "Join Type": "Inner",
                                "Startup Cost": 103215.54,
                                "Total Cost": 443065.34,
                                "Plan Rows": 1507873,
                                "Plan Width": 0,
                                "Actual Startup Time": 789.818,
                                "Actual Total Time": 1867.487,
                                "Actual Rows": 4557583,
                                "Actual Loops": 7,
                                "Inner Unique": false,
                                "Hash Cond": "(ci.movie_id = t.id)",
                                "Workers": [
                                    {
                                        "Worker Number": 0,
                                        "Actual Startup Time": 785.83,
                                        "Actual Total Time": 1852.794,
                                        "Actual Rows": 3563071,
                                        "Actual Loops": 1
                                    },
                                    {
                                        "Worker Number": 1,
                                        "Actual Startup Time": 787.033,
                                        "Actual Total Time": 1853.84,
                                        "Actual Rows": 3564588,
                                        "Actual Loops": 1
                                    },
                                    {
                                        "Worker Number": 2,
                                        "Actual Startup Time": 787.13,
                                        "Actual Total Time": 1853.01,
                                        "Actual Rows": 3580210,
                                        "Actual Loops": 1
                                    },
                                    {
                                        "Worker Number": 3,
                                        "Actual Startup Time": 785.833,
                                        "Actual Total Time": 1870.629,
                                        "Actual Rows": 5267314,
                                        "Actual Loops": 1
                                    },
                                    {
                                        "Worker Number": 4,
                                        "Actual Startup Time": 787.124,
                                        "Actual Total Time": 1874.465,
                                        "Actual Rows": 5243066,
                                        "Actual Loops": 1
                                    },
                                    {
                                        "Worker Number": 5,
                                        "Actual Startup Time": 787.239,
                                        "Actual Total Time": 1874.125,
                                        "Actual Rows": 5259553,
                                        "Actual Loops": 1
                                    }
                                ],
                                "Plans": [
                                    {
                                        "Node Type": "Seq Scan",
                                        "Parent Relationship": "Outer",
                                        "Parallel Aware": true,
                                        "Relation Name": "cast_info",
                                        "Schema": "public",
                                        "Alias": "ci",
                                        "Startup Cost": 0.0,
                                        "Total Cost": 328213.62,
                                        "Plan Rows": 1805887,
                                        "Plan Width": 4,
                                        "Actual Startup Time": 277.002,
                                        "Actual Total Time": 589.395,
                                        "Actual Rows": 1556120,
                                        "Actual Loops": 7,
                                        "Output": [
                                            "ci.id",
                                            "ci.person_id",
                                            "ci.movie_id",
                                            "ci.person_role_id",
                                            "ci.note",
                                            "ci.nr_order",
                                            "ci.role_id"
                                        ],
                                        "Filter": "(ci.person_id > 2617213)",
                                        "Rows Removed by Filter": 3621643,
                                        "Workers": [
                                            {
                                                "Worker Number": 0,
                                                "Actual Startup Time": 276.988,
                                                "Actual Total Time": 597.591,
                                                "Actual Rows": 1216620,
                                                "Actual Loops": 1
                                            },
                                            {
                                                "Worker Number": 1,
                                                "Actual Startup Time": 277.011,
                                                "Actual Total Time": 595.671,
                                                "Actual Rows": 1223331,
                                                "Actual Loops": 1
                                            },
                                            {
                                                "Worker Number": 2,
                                                "Actual Startup Time": 277.012,
                                                "Actual Total Time": 598.224,
                                                "Actual Rows": 1234155,
                                                "Actual Loops": 1
                                            },
                                            {
                                                "Worker Number": 3,
                                                "Actual Startup Time": 277.009,
                                                "Actual Total Time": 603.344,
                                                "Actual Rows": 1786463,
                                                "Actual Loops": 1
                                            },
                                            {
                                                "Worker Number": 4,
                                                "Actual Startup Time": 277.02,
                                                "Actual Total Time": 603.365,
                                                "Actual Rows": 1781594,
                                                "Actual Loops": 1
                                            },
                                            {
                                                "Worker Number": 5,
                                                "Actual Startup Time": 276.967,
                                                "Actual Total Time": 586.331,
                                                "Actual Rows": 1772485,
                                                "Actual Loops": 1
                                            }
                                        ]
                                    },
                                    {
                                        "Node Type": "Hash",
                                        "Parent Relationship": "Inner",
                                        "Parallel Aware": true,
                                        "Startup Cost": 94703.08,
                                        "Total Cost": 94703.08,
                                        "Plan Rows": 680997,
                                        "Plan Width": 8,
                                        "Actual Startup Time": 506.268,
                                        "Actual Total Time": 506.984,
                                        "Actual Rows": 300513,
                                        "Actual Loops": 7,
                                        "Output": [
                                            "t.id",
                                            "mk.movie_id"
                                        ],
                                        "Hash Buckets": 4194304,
                                        "Original Hash Buckets": 4194304,
                                        "Hash Batches": 1,
                                        "Original Hash Batches": 1,
                                        "Peak Memory Usage": 115200,
                                        "Workers": [
                                            {
                                                "Worker Number": 0,
                                                "Actual Startup Time": 507.866,
                                                "Actual Total Time": 507.871,
                                                "Actual Rows": 233062,
                                                "Actual Loops": 1
                                            },
                                            {
                                                "Worker Number": 1,
                                                "Actual Startup Time": 509.33,
                                                "Actual Total Time": 509.334,
                                                "Actual Rows": 233293,
                                                "Actual Loops": 1
                                            },
                                            {
                                                "Worker Number": 2,
                                                "Actual Startup Time": 509.402,
                                                "Actual Total Time": 509.419,
                                                "Actual Rows": 231209,
                                                "Actual Loops": 1
                                            },
                                            {
                                                "Worker Number": 3,
                                                "Actual Startup Time": 507.865,
                                                "Actual Total Time": 507.867,
                                                "Actual Rows": 342830,
                                                "Actual Loops": 1
                                            },
                                            {
                                                "Worker Number": 4,
                                                "Actual Startup Time": 509.371,
                                                "Actual Total Time": 509.375,
                                                "Actual Rows": 314953,
                                                "Actual Loops": 1
                                            },
                                            {
                                                "Worker Number": 5,
                                                "Actual Startup Time": 509.369,
                                                "Actual Total Time": 509.373,
                                                "Actual Rows": 348063,
                                                "Actual Loops": 1
                                            }
                                        ],
                                        "Plans": [
                                            {
                                                "Node Type": "Hash Join",
                                                "Parent Relationship": "Outer",
                                                "Parallel Aware": true,
                                                "Join Type": "Inner",
                                                "Startup Cost": 50219.81,
                                                "Total Cost": 94703.08,
                                                "Plan Rows": 680997,
                                                "Plan Width": 8,
                                                "Actual Startup Time": 246.441,
                                                "Actual Total Time": 406.559,
                                                "Actual Rows": 300513,
                                                "Actual Loops": 7,
                                                "Output": [
                                                    "t.id",
                                                    "mk.movie_id"
                                                ],
                                                "Inner Unique": true,
                                                "Hash Cond": "(mk.movie_id = t.id)",
                                                "Workers": [
                                                    {
                                                        "Worker Number": 0,
                                                        "Actual Startup Time": 246.379,
                                                        "Actual Total Time": 405.984,
                                                        "Actual Rows": 233062,
                                                        "Actual Loops": 1
                                                    },
                                                    {
                                                        "Worker Number": 1,
                                                        "Actual Startup Time": 246.463,
                                                        "Actual Total Time": 405.858,
                                                        "Actual Rows": 233293,
                                                        "Actual Loops": 1
                                                    },
                                                    {
                                                        "Worker Number": 2,
                                                        "Actual Startup Time": 246.435,
                                                        "Actual Total Time": 406.302,
                                                        "Actual Rows": 231209,
                                                        "Actual Loops": 1
                                                    },
                                                    {
                                                        "Worker Number": 3,
                                                        "Actual Startup Time": 246.415,
                                                        "Actual Total Time": 407.07,
                                                        "Actual Rows": 342830,
                                                        "Actual Loops": 1
                                                    },
                                                    {
                                                        "Worker Number": 4,
                                                        "Actual Startup Time": 246.431,
                                                        "Actual Total Time": 406.92,
                                                        "Actual Rows": 314953,
                                                        "Actual Loops": 1
                                                    },
                                                    {
                                                        "Worker Number": 5,
                                                        "Actual Startup Time": 246.425,
                                                        "Actual Total Time": 407.496,
                                                        "Actual Rows": 348063,
                                                        "Actual Loops": 1
                                                    }
                                                ],
                                                "Plans": [
                                                    {
                                                        "Node Type": "Seq Scan",
                                                        "Parent Relationship": "Outer",
                                                        "Parallel Aware": true,
                                                        "Relation Name": "movie_keyword",
                                                        "Schema": "public",
                                                        "Alias": "mk",
                                                        "Startup Cost": 0.0,
                                                        "Total Cost": 42695.65,
                                                        "Plan Rows": 680997,
                                                        "Plan Width": 4,
                                                        "Actual Startup Time": 0.23,
                                                        "Actual Total Time": 87.956,
                                                        "Actual Rows": 300513,
                                                        "Actual Loops": 7,
                                                        "Output": [
                                                            "mk.id",
                                                            "mk.movie_id",
                                                            "mk.keyword_id"
                                                        ],
                                                        "Filter": "(mk.keyword_id > 5706)",
                                                        "Rows Removed by Filter": 345762,
                                                        "Workers": [
                                                            {
                                                                "Worker Number": 0,
                                                                "Actual Startup Time": 0.146,
                                                                "Actual Total Time": 89.222,
                                                                "Actual Rows": 233062,
                                                                "Actual Loops": 1
                                                            },
                                                            {
                                                                "Worker Number": 1,
                                                                "Actual Startup Time": 0.335,
                                                                "Actual Total Time": 89.307,
                                                                "Actual Rows": 233293,
                                                                "Actual Loops": 1
                                                            },
                                                            {
                                                                "Worker Number": 2,
                                                                "Actual Startup Time": 0.266,
                                                                "Actual Total Time": 89.919,
                                                                "Actual Rows": 231209,
                                                                "Actual Loops": 1
                                                            },
                                                            {
                                                                "Worker Number": 3,
                                                                "Actual Startup Time": 0.21,
                                                                "Actual Total Time": 90.975,
                                                                "Actual Rows": 342830,
                                                                "Actual Loops": 1
                                                            },
                                                            {
                                                                "Worker Number": 4,
                                                                "Actual Startup Time": 0.176,
                                                                "Actual Total Time": 90.918,
                                                                "Actual Rows": 314953,
                                                                "Actual Loops": 1
                                                            },
                                                            {
                                                                "Worker Number": 5,
                                                                "Actual Startup Time": 0.35,
                                                                "Actual Total Time": 89.785,
                                                                "Actual Rows": 348063,
                                                                "Actual Loops": 1
                                                            }
                                                        ]
                                                    },
                                                    {
                                                        "Node Type": "Hash",
                                                        "Parent Relationship": "Inner",
                                                        "Parallel Aware": true,
                                                        "Startup Cost": 42318.81,
                                                        "Total Cost": 42318.81,
                                                        "Plan Rows": 632080,
                                                        "Plan Width": 4,
                                                        "Actual Startup Time": 242.99,
                                                        "Actual Total Time": 242.991,
                                                        "Actual Rows": 361187,
                                                        "Actual Loops": 7,
                                                        "Output": [
                                                            "t.id"
                                                        ],
                                                        "Hash Buckets": 4194304,
                                                        "Original Hash Buckets": 4194304,
                                                        "Hash Batches": 1,
                                                        "Original Hash Batches": 1,
                                                        "Peak Memory Usage": 131744,
                                                        "Workers": [
                                                            {
                                                                "Worker Number": 0,
                                                                "Actual Startup Time": 245.959,
                                                                "Actual Total Time": 245.96,
                                                                "Actual Rows": 263212,
                                                                "Actual Loops": 1
                                                            },
                                                            {
                                                                "Worker Number": 1,
                                                                "Actual Startup Time": 246.046,
                                                                "Actual Total Time": 246.047,
                                                                "Actual Rows": 290390,
                                                                "Actual Loops": 1
                                                            },
                                                            {
                                                                "Worker Number": 2,
                                                                "Actual Startup Time": 246.038,
                                                                "Actual Total Time": 246.039,
                                                                "Actual Rows": 327880,
                                                                "Actual Loops": 1
                                                            },
                                                            {
                                                                "Worker Number": 3,
                                                                "Actual Startup Time": 245.958,
                                                                "Actual Total Time": 245.959,
                                                                "Actual Rows": 371022,
                                                                "Actual Loops": 1
                                                            },
                                                            {
                                                                "Worker Number": 4,
                                                                "Actual Startup Time": 246.006,
                                                                "Actual Total Time": 246.007,
                                                                "Actual Rows": 371797,
                                                                "Actual Loops": 1
                                                            },
                                                            {
                                                                "Worker Number": 5,
                                                                "Actual Startup Time": 245.977,
                                                                "Actual Total Time": 245.978,
                                                                "Actual Rows": 384311,
                                                                "Actual Loops": 1
                                                            }
                                                        ],
                                                        "Plans": [
                                                            {
                                                                "Node Type": "Seq Scan",
                                                                "Parent Relationship": "Outer",
                                                                "Parallel Aware": true,
                                                                "Relation Name": "title",
                                                                "Schema": "public",
                                                                "Alias": "t",
                                                                "Startup Cost": 0.0,
                                                                "Total Cost": 42318.81,
                                                                "Plan Rows": 632080,
                                                                "Plan Width": 4,
                                                                "Actual Startup Time": 0.077,
                                                                "Actual Total Time": 75.815,
                                                                "Actual Rows": 361187,
                                                                "Actual Loops": 7,
                                                                "Output": [
                                                                    "t.id"
                                                                ],
                                                                "Workers": [
                                                                    {
                                                                        "Worker Number": 0,
                                                                        "Actual Startup Time": 0.097,
                                                                        "Actual Total Time": 80.637,
                                                                        "Actual Rows": 263212,
                                                                        "Actual Loops": 1
                                                                    },
                                                                    {
                                                                        "Worker Number": 1,
                                                                        "Actual Startup Time": 0.073,
                                                                        "Actual Total Time": 80.766,
                                                                        "Actual Rows": 290390,
                                                                        "Actual Loops": 1
                                                                    },
                                                                    {
                                                                        "Worker Number": 2,
                                                                        "Actual Startup Time": 0.071,
                                                                        "Actual Total Time": 78.009,
                                                                        "Actual Rows": 327880,
                                                                        "Actual Loops": 1
                                                                    },
                                                                    {
                                                                        "Worker Number": 3,
                                                                        "Actual Startup Time": 0.136,
                                                                        "Actual Total Time": 77.113,
                                                                        "Actual Rows": 371022,
                                                                        "Actual Loops": 1
                                                                    },
                                                                    {
                                                                        "Worker Number": 4,
                                                                        "Actual Startup Time": 0.071,
                                                                        "Actual Total Time": 77.544,
                                                                        "Actual Rows": 371797,
                                                                        "Actual Loops": 1
                                                                    },
                                                                    {
                                                                        "Worker Number": 5,
                                                                        "Actual Startup Time": 0.074,
                                                                        "Actual Total Time": 76.277,
                                                                        "Actual Rows": 384311,
                                                                        "Actual Loops": 1
                                                                    }
                                                                ]
                                                            }
                                                        ]
                                                    }
                                                ]
                                            }
                                        ]
                                    }
                                ]
                            }
                        ]
                    }
                ]
            }
        ]
    },
    "Planning Time": 1.514,
    "Triggers": [],
    "Execution Time": 2192.882
}