[
  {
    "Plan": {
      "Node Type": "Aggregate",
      "Strategy": "Plain",
      "Partial Mode": "Finalize",
      "Parallel Aware": false,
      "Startup Cost": 374955.78,
      "Total Cost": 374955.79,
      "Plan Rows": 1,
      "Plan Width": 8,
      "Actual Startup Time": 1512.766,
      "Actual Total Time": 1565.0,
      "Actual Rows": 1,
      "Actual Loops": 1,
      "Plans": [
        {
          "Node Type": "Gather",
          "Parent Relationship": "Outer",
          "Parallel Aware": false,
          "Startup Cost": 374955.16,
          "Total Cost": 374955.77,
          "Plan Rows": 6,
          "Plan Width": 8,
          "Actual Startup Time": 1511.918,
          "Actual Total Time": 1564.99,
          "Actual Rows": 7,
          "Actual Loops": 1,
          "Workers Planned": 6,
          "Workers Launched": 6,
          "Single Copy": false,
          "Plans": [
            {
              "Node Type": "Aggregate",
              "Strategy": "Plain",
              "Partial Mode": "Partial",
              "Parent Relationship": "Outer",
              "Parallel Aware": false,
              "Startup Cost": 373955.16,
              "Total Cost": 373955.17,
              "Plan Rows": 1,
              "Plan Width": 8,
              "Actual Startup Time": 1503.905,
              "Actual Total Time": 1503.909,
              "Actual Rows": 1,
              "Actual Loops": 7,
              "Plans": [
                {
                  "Node Type": "Hash Join",
                  "Parent Relationship": "Outer",
                  "Parallel Aware": true,
                  "Join Type": "Inner",
                  "Startup Cost": 44273.4,
                  "Total Cost": 373240.05,
                  "Plan Rows": 286041,
                  "Plan Width": 0,
                  "Actual Startup Time": 79.764,
                  "Actual Total Time": 1496.961,
                  "Actual Rows": 116472,
                  "Actual Loops": 7,
                  "Inner Unique": true,
                  "Hash Cond": "(ci.movie_id = t.id)",
                  "Plans": [
                    {
                      "Node Type": "Seq Scan",
                      "Parent Relationship": "Outer",
                      "Parallel Aware": true,
                      "Relation Name": "cast_info",
                      "Alias": "ci",
                      "Startup Cost": 0.0,
                      "Total Cost": 313106.51,
                      "Plan Rows": 6041951,
                      "Plan Width": 4,
                      "Actual Startup Time": 0.036,
                      "Actual Total Time": 570.583,
                      "Actual Rows": 5177763,
                      "Actual Loops": 7
                    },
                    {
                      "Node Type": "Hash",
                      "Parent Relationship": "Inner",
                      "Parallel Aware": true,
                      "Startup Cost": 43899.32,
                      "Total Cost": 43899.32,
                      "Plan Rows": 29926,
                      "Plan Width": 4,
                      "Actual Startup Time": 78.495,
                      "Actual Total Time": 78.496,
                      "Actual Rows": 18618,
                      "Actual Loops": 7,
                      "Hash Buckets": 131072,
                      "Original Hash Buckets": 131072,
                      "Hash Batches": 1,
                      "Original Hash Batches": 1,
                      "Peak Memory Usage": 6208,
                      "Plans": [
                        {
                          "Node Type": "Seq Scan",
                          "Parent Relationship": "Outer",
                          "Parallel Aware": true,
                          "Relation Name": "title",
                          "Alias": "t",
                          "Startup Cost": 0.0,
                          "Total Cost": 43899.32,
                          "Plan Rows": 29926,
                          "Plan Width": 4,
                          "Actual Startup Time": 37.445,
                          "Actual Total Time": 71.063,
                          "Actual Rows": 18618,
                          "Actual Loops": 7,
                          "Filter": "(production_year < 1936)",
                          "Rows Removed by Filter": 342570
                        }
                      ]
                    }
                  ]
                }
              ]
            }
          ]
        }
      ]
    },
    "Planning Time": 0.235,
    "Triggers": [],
    "Execution Time": 1565.055
  }
]