[
  {
    "Plan": {
      "Node Type": "Aggregate",
      "Strategy": "Plain",
      "Partial Mode": "Finalize",
      "Parallel Aware": false,
      "Startup Cost": 46727.95,
      "Total Cost": 46727.96,
      "Plan Rows": 1,
      "Plan Width": 8,
      "Actual Startup Time": 108.161,
      "Actual Total Time": 118.482,
      "Actual Rows": 1,
      "Actual Loops": 1,
      "Plans": [
        {
          "Node Type": "Gather",
          "Parent Relationship": "Outer",
          "Parallel Aware": false,
          "Startup Cost": 46727.53,
          "Total Cost": 46727.94,
          "Plan Rows": 4,
          "Plan Width": 8,
          "Actual Startup Time": 107.896,
          "Actual Total Time": 118.466,
          "Actual Rows": 5,
          "Actual Loops": 1,
          "Workers Planned": 4,
          "Workers Launched": 4,
          "Single Copy": false,
          "Plans": [
            {
              "Node Type": "Aggregate",
              "Strategy": "Plain",
              "Partial Mode": "Partial",
              "Parent Relationship": "Outer",
              "Parallel Aware": false,
              "Startup Cost": 45727.53,
              "Total Cost": 45727.54,
              "Plan Rows": 1,
              "Plan Width": 8,
              "Actual Startup Time": 97.826,
              "Actual Total Time": 97.828,
              "Actual Rows": 1,
              "Actual Loops": 5,
              "Plans": [
                {
                  "Node Type": "Seq Scan",
                  "Parent Relationship": "Outer",
                  "Parallel Aware": true,
                  "Relation Name": "title",
                  "Alias": "t",
                  "Startup Cost": 0.0,
                  "Total Cost": 45479.59,
                  "Plan Rows": 99177,
                  "Plan Width": 0,
                  "Actual Startup Time": 0.052,
                  "Actual Total Time": 94.063,
                  "Actual Rows": 54056,
                  "Actual Loops": 5,
                  "Filter": "((kind_id > 1) AND (production_year < 1983))",
                  "Rows Removed by Filter": 451606
                }
              ]
            }
          ]
        }
      ]
    },
    "Planning Time": 0.194,
    "Triggers": [],
    "Execution Time": 118.545
  }
]