[
  {
    "Plan": {
      "Node Type": "Aggregate",
      "Strategy": "Plain",
      "Partial Mode": "Finalize",
      "Parallel Aware": false,
      "Startup Cost": 333241.87,
      "Total Cost": 333241.88,
      "Plan Rows": 1,
      "Plan Width": 8,
      "Actual Startup Time": 653.346,
      "Actual Total Time": 706.45,
      "Actual Rows": 1,
      "Actual Loops": 1,
      "Plans": [
        {
          "Node Type": "Gather",
          "Parent Relationship": "Outer",
          "Parallel Aware": false,
          "Startup Cost": 333241.24,
          "Total Cost": 333241.85,
          "Plan Rows": 6,
          "Plan Width": 8,
          "Actual Startup Time": 653.039,
          "Actual Total Time": 706.434,
          "Actual Rows": 7,
          "Actual Loops": 1,
          "Workers Planned": 6,
          "Workers Launched": 6,
          "Single Copy": false,
          "Plans": [
            {
              "Node Type": "Aggregate",
              "Strategy": "Plain",
              "Partial Mode": "Partial",
              "Parent Relationship": "Outer",
              "Parallel Aware": false,
              "Startup Cost": 332241.24,
              "Total Cost": 332241.25,
              "Plan Rows": 1,
              "Plan Width": 8,
              "Actual Startup Time": 646.177,
              "Actual Total Time": 646.178,
              "Actual Rows": 1,
              "Actual Loops": 7,
              "Plans": [
                {
                  "Node Type": "Seq Scan",
                  "Parent Relationship": "Outer",
                  "Parallel Aware": true,
                  "Relation Name": "cast_info",
                  "Alias": "ci",
                  "Startup Cost": 0.0,
                  "Total Cost": 328211.39,
                  "Plan Rows": 1611940,
                  "Plan Width": 0,
                  "Actual Startup Time": 0.037,
                  "Actual Total Time": 580.502,
                  "Actual Rows": 1392144,
                  "Actual Loops": 7,
                  "Filter": "(person_id < 958024)",
                  "Rows Removed by Filter": 3785619
                }
              ]
            }
          ]
        }
      ]
    },
    "Planning Time": 0.118,
    "Triggers": [],
    "Execution Time": 706.502
  }
]