{
  "Plan": {
    "Node Type": "Aggregate",
    "Strategy": "Plain",
    "Partial Mode": "Finalize",
    "Parallel Aware": false,
    "Startup Cost": 618346.37,
    "Total Cost": 618346.38,
    "Plan Rows": 1,
    "Plan Width": 8,
    "Actual Startup Time": 4103.313,
    "Actual Total Time": 4167.618,
    "Actual Rows": 1,
    "Actual Loops": 1,
    "Plans": [
      {
        "Node Type": "Gather",
        "Parent Relationship": "Outer",
        "Parallel Aware": false,
        "Startup Cost": 618346.26,
        "Total Cost": 618346.37,
        "Plan Rows": 1,
        "Plan Width": 8,
        "Actual Startup Time": 4101.317,
        "Actual Total Time": 4167.609,
        "Actual Rows": 2,
        "Actual Loops": 1,
        "Workers Planned": 1,
        "Workers Launched": 1,
        "Single Copy": false,
        "Plans": [
          {
            "Node Type": "Aggregate",
            "Strategy": "Plain",
            "Partial Mode": "Partial",
            "Parent Relationship": "Outer",
            "Parallel Aware": false,
            "Startup Cost": 617346.26,
            "Total Cost": 617346.27,
            "Plan Rows": 1,
            "Plan Width": 8,
            "Actual Startup Time": 4096.94,
            "Actual Total Time": 4096.943,
            "Actual Rows": 1,
            "Actual Loops": 2,
            "Plans": [
              {
                "Node Type": "Hash Join",
                "Parent Relationship": "Outer",
                "Parallel Aware": true,
                "Join Type": "Inner",
                "Startup Cost": 64278.49,
                "Total Cost": 609381.44,
                "Plan Rows": 3185929,
                "Plan Width": 0,
                "Actual Startup Time": 282.905,
                "Actual Total Time": 3981.016,
                "Actual Rows": 2417782,
                "Actual Loops": 2,
                "Inner Unique": true,
                "Hash Cond": "(ci.movie_id = t.id)",
                "Plans": [
                  {
                    "Node Type": "Seq Scan",
                    "Parent Relationship": "Outer",
                    "Parallel Aware": true,
                    "Relation Name": "cast_info",
                    "Alias": "ci",
                    "Startup Cost": 0.0,
                    "Total Cost": 519069.44,
                    "Plan Rows": 9917509,
                    "Plan Width": 4,
                    "Actual Startup Time": 0.017,
                    "Actual Total Time": 1605.366,
                    "Actual Rows": 8448676,
                    "Actual Loops": 2,
                    "Filter": "(person_id < 1670546)",
                    "Rows Removed by Filter": 9673496
                  },
                  {
                    "Node Type": "Hash",
                    "Parent Relationship": "Inner",
                    "Parallel Aware": true,
                    "Startup Cost": 58306.47,
                    "Total Cost": 58306.47,
                    "Plan Rows": 477762,
                    "Plan Width": 4,
                    "Actual Startup Time": 277.576,
                    "Actual Total Time": 277.577,
                    "Actual Rows": 369380,
                    "Actual Loops": 2,
                    "Hash Buckets": 1048576,
                    "Original Hash Buckets": 1048576,
                    "Hash Batches": 1,
                    "Original Hash Batches": 1,
                    "Peak Memory Usage": 37120,
                    "Plans": [
                      {
                        "Node Type": "Seq Scan",
                        "Parent Relationship": "Outer",
                        "Parallel Aware": true,
                        "Relation Name": "title",
                        "Alias": "t",
                        "Startup Cost": 0.0,
                        "Total Cost": 58306.47,
                        "Plan Rows": 477762,
                        "Plan Width": 4,
                        "Actual Startup Time": 0.026,
                        "Actual Total Time": 177.608,
                        "Actual Rows": 369380,
                        "Actual Loops": 2,
                        "Filter": "((production_year < 2005) AND (kind_id = 7))",
                        "Rows Removed by Filter": 894776
                      }
                    ]
                  }
                ]
              }
            ]
          }
        ]
      }
    ]
  },
  "Planning Time": 0.367,
  "Triggers": [],
  "Execution Time": 4167.672
}