[
  {
    "Plan": {
      "Node Type": "Aggregate",
      "Strategy": "Plain",
      "Partial Mode": "Finalize",
      "Parallel Aware": false,
      "Startup Cost": 466892.45,
      "Total Cost": 466892.46,
      "Plan Rows": 1,
      "Plan Width": 8,
      "Actual Startup Time": 1951.35,
      "Actual Total Time": 2010.595,
      "Actual Rows": 1,
      "Actual Loops": 1,
      "Plans": [
        {
          "Node Type": "Gather",
          "Parent Relationship": "Outer",
          "Parallel Aware": false,
          "Startup Cost": 466891.82,
          "Total Cost": 466892.43,
          "Plan Rows": 6,
          "Plan Width": 8,
          "Actual Startup Time": 1943.547,
          "Actual Total Time": 2010.575,
          "Actual Rows": 7,
          "Actual Loops": 1,
          "Workers Planned": 6,
          "Workers Launched": 6,
          "Single Copy": false,
          "Plans": [
            {
              "Node Type": "Aggregate",
              "Strategy": "Plain",
              "Partial Mode": "Partial",
              "Parent Relationship": "Outer",
              "Parallel Aware": false,
              "Startup Cost": 465891.82,
              "Total Cost": 465891.83,
              "Plan Rows": 1,
              "Plan Width": 8,
              "Actual Startup Time": 1932.403,
              "Actual Total Time": 1932.509,
              "Actual Rows": 1,
              "Actual Loops": 7,
              "Plans": [
                {
                  "Node Type": "Hash Join",
                  "Parent Relationship": "Outer",
                  "Parallel Aware": true,
                  "Join Type": "Inner",
                  "Startup Cost": 101744.12,
                  "Total Cost": 458054.43,
                  "Plan Rows": 3134959,
                  "Plan Width": 0,
                  "Actual Startup Time": 383.164,
                  "Actual Total Time": 1860.999,
                  "Actual Rows": 1417899,
                  "Actual Loops": 7,
                  "Inner Unique": false,
                  "Hash Cond": "(ci.movie_id = t.id)",
                  "Plans": [
                    {
                      "Node Type": "Seq Scan",
                      "Parent Relationship": "Outer",
                      "Parallel Aware": true,
                      "Relation Name": "cast_info",
                      "Alias": "ci",
                      "Startup Cost": 0.0,
                      "Total Cost": 328211.39,
                      "Plan Rows": 4796302,
                      "Plan Width": 4,
                      "Actual Startup Time": 0.052,
                      "Actual Total Time": 761.69,
                      "Actual Rows": 4115444,
                      "Actual Loops": 7,
                      "Filter": "(role_id < 8)",
                      "Rows Removed by Filter": 1062320
                    },
                    {
                      "Node Type": "Hash",
                      "Parent Relationship": "Inner",
                      "Parallel Aware": true,
                      "Startup Cost": 95080.3,
                      "Total Cost": 95080.3,
                      "Plan Rows": 533106,
                      "Plan Width": 8,
                      "Actual Startup Time": 379.293,
                      "Actual Total Time": 379.396,
                      "Actual Rows": 56922,
                      "Actual Loops": 7,
                      "Hash Buckets": 2097152,
                      "Original Hash Buckets": 2097152,
                      "Hash Batches": 1,
                      "Original Hash Batches": 1,
                      "Peak Memory Usage": 32064,
                      "Plans": [
                        {
                          "Node Type": "Hash Join",
                          "Parent Relationship": "Outer",
                          "Parallel Aware": true,
                          "Join Type": "Inner",
                          "Startup Cost": 49861.0,
                          "Total Cost": 95080.3,
                          "Plan Rows": 533106,
                          "Plan Width": 8,
                          "Actual Startup Time": 211.769,
                          "Actual Total Time": 350.313,
                          "Actual Rows": 56922,
                          "Actual Loops": 7,
                          "Inner Unique": true,
                          "Hash Cond": "(mk.movie_id = t.id)",
                          "Plans": [
                            {
                              "Node Type": "Seq Scan",
                              "Parent Relationship": "Outer",
                              "Parallel Aware": true,
                              "Relation Name": "movie_keyword",
                              "Alias": "mk",
                              "Startup Cost": 0.0,
                              "Total Cost": 42695.65,
                              "Plan Rows": 961389,
                              "Plan Width": 4,
                              "Actual Startup Time": 0.037,
                              "Actual Total Time": 77.157,
                              "Actual Rows": 427159,
                              "Actual Loops": 7,
                              "Filter": "(keyword_id < 10414)",
                              "Rows Removed by Filter": 219117
                            },
                            {
                              "Node Type": "Hash",
                              "Parent Relationship": "Inner",
                              "Parallel Aware": true,
                              "Startup Cost": 45479.59,
                              "Total Cost": 45479.59,
                              "Plan Rows": 350513,
                              "Plan Width": 4,
                              "Actual Startup Time": 208.666,
                              "Actual Total Time": 208.669,
                              "Actual Rows": 210632,
                              "Actual Loops": 7,
                              "Hash Buckets": 2097152,
                              "Original Hash Buckets": 2097152,
                              "Hash Batches": 1,
                              "Original Hash Batches": 1,
                              "Peak Memory Usage": 74144,
                              "Plans": [
                                {
                                  "Node Type": "Seq Scan",
                                  "Parent Relationship": "Outer",
                                  "Parallel Aware": true,
                                  "Relation Name": "title",
                                  "Alias": "t",
                                  "Startup Cost": 0.0,
                                  "Total Cost": 45479.59,
                                  "Plan Rows": 350513,
                                  "Plan Width": 4,
                                  "Actual Startup Time": 0.053,
                                  "Actual Total Time": 90.206,
                                  "Actual Rows": 210632,
                                  "Actual Loops": 7,
                                  "Filter": "((production_year > 1950) AND (kind_id = 7))",
                                  "Rows Removed by Filter": 150555
                                }
                              ]
                            }
                          ]
                        }
                      ]
                    }
                  ]
                }
              ]
            }
          ]
        }
      ]
    },
    "Planning Time": 0.622,
    "Triggers": [],
    "Execution Time": 2010.682
  }
]