[
    {
        "Bao": {
            "Bao prediction": 468.906,
            "Bao recommended hint": "SET enable_mergejoin TO off; SET enable_indexscan TO off; "
        }
    },
    {
        "Plan": {
            "Node Type": "Aggregate",
            "Strategy": "Plain",
            "Partial Mode": "Finalize",
            "Parallel Aware": false,
            "Startup Cost": 347333.28,
            "Total Cost": 347333.29,
            "Plan Rows": 1,
            "Plan Width": 8,
            "Actual Startup Time": 868.676,
            "Actual Total Time": 899.529,
            "Actual Rows": 1,
            "Actual Loops": 1,
            "Output": [
                "count(*)"
            ],
            "Plans": [
                {
                    "Node Type": "Gather",
                    "Parent Relationship": "Outer",
                    "Parallel Aware": false,
                    "Startup Cost": 347332.65,
                    "Total Cost": 347333.26,
                    "Plan Rows": 6,
                    "Plan Width": 8,
                    "Actual Startup Time": 868.565,
                    "Actual Total Time": 899.521,
                    "Actual Rows": 7,
                    "Actual Loops": 1,
                    "Output": [
                        "(PARTIAL count(*))"
                    ],
                    "Workers Planned": 6,
                    "Workers Launched": 6,
                    "Single Copy": false,
                    "Plans": [
                        {
                            "Node Type": "Aggregate",
                            "Strategy": "Plain",
                            "Partial Mode": "Partial",
                            "Parent Relationship": "Outer",
                            "Parallel Aware": false,
                            "Startup Cost": 346332.65,
                            "Total Cost": 346332.66,
                            "Plan Rows": 1,
                            "Plan Width": 8,
                            "Actual Startup Time": 859.695,
                            "Actual Total Time": 859.696,
                            "Actual Rows": 1,
                            "Actual Loops": 7,
                            "Output": [
                                "PARTIAL count(*)"
                            ],
                            "Workers": [
                                {
                                    "Worker Number": 0,
                                    "Actual Startup Time": 857.224,
                                    "Actual Total Time": 857.225,
                                    "Actual Rows": 1,
                                    "Actual Loops": 1
                                },
                                {
                                    "Worker Number": 1,
                                    "Actual Startup Time": 857.527,
                                    "Actual Total Time": 857.528,
                                    "Actual Rows": 1,
                                    "Actual Loops": 1
                                },
                                {
                                    "Worker Number": 2,
                                    "Actual Startup Time": 860.874,
                                    "Actual Total Time": 860.876,
                                    "Actual Rows": 1,
                                    "Actual Loops": 1
                                },
                                {
                                    "Worker Number": 3,
                                    "Actual Startup Time": 857.754,
                                    "Actual Total Time": 857.755,
                                    "Actual Rows": 1,
                                    "Actual Loops": 1
                                },
                                {
                                    "Worker Number": 4,
                                    "Actual Startup Time": 858.374,
                                    "Actual Total Time": 858.375,
                                    "Actual Rows": 1,
                                    "Actual Loops": 1
                                },
                                {
                                    "Worker Number": 5,
                                    "Actual Startup Time": 858.42,
                                    "Actual Total Time": 858.421,
                                    "Actual Rows": 1,
                                    "Actual Loops": 1
                                }
                            ],
                            "Plans": [
                                {
                                    "Node Type": "Seq Scan",
                                    "Parent Relationship": "Outer",
                                    "Parallel Aware": true,
                                    "Relation Name": "cast_info",
                                    "Schema": "public",
                                    "Alias": "ci",
                                    "Startup Cost": 0.0,
                                    "Total Cost": 343318.94,
                                    "Plan Rows": 1205484,
                                    "Plan Width": 0,
                                    "Actual Startup Time": 271.507,
                                    "Actual Total Time": 795.91,
                                    "Actual Rows": 1064544,
                                    "Actual Loops": 7,
                                    "Output": [
                                        "id",
                                        "person_id",
                                        "movie_id",
                                        "person_role_id",
                                        "note",
                                        "nr_order",
                                        "role_id"
                                    ],
                                    "Filter": "((ci.person_id > 122314) AND (ci.role_id = 2))",
                                    "Rows Removed by Filter": 4113220,
                                    "Workers": [
                                        {
                                            "Worker Number": 0,
                                            "Actual Startup Time": 269.047,
                                            "Actual Total Time": 794.724,
                                            "Actual Rows": 949337,
                                            "Actual Loops": 1
                                        },
                                        {
                                            "Worker Number": 1,
                                            "Actual Startup Time": 269.347,
                                            "Actual Total Time": 795.032,
                                            "Actual Rows": 948485,
                                            "Actual Loops": 1
                                        },
                                        {
                                            "Worker Number": 2,
                                            "Actual Startup Time": 272.692,
                                            "Actual Total Time": 798.191,
                                            "Actual Rows": 950774,
                                            "Actual Loops": 1
                                        },
                                        {
                                            "Worker Number": 3,
                                            "Actual Startup Time": 269.556,
                                            "Actual Total Time": 794.938,
                                            "Actual Rows": 954044,
                                            "Actual Loops": 1
                                        },
                                        {
                                            "Worker Number": 4,
                                            "Actual Startup Time": 270.19,
                                            "Actual Total Time": 795.679,
                                            "Actual Rows": 951064,
                                            "Actual Loops": 1
                                        },
                                        {
                                            "Worker Number": 5,
                                            "Actual Startup Time": 270.219,
                                            "Actual Total Time": 795.686,
                                            "Actual Rows": 952143,
                                            "Actual Loops": 1
                                        }
                                    ]
                                }
                            ]
                        }
                    ]
                }
            ]
        },
        "Planning Time": 823.329,
        "Triggers": [],
        "Execution Time": 899.633
    }
]