[
  {
    "Plan": {
      "Node Type": "Aggregate",
      "Strategy": "Plain",
      "Partial Mode": "Finalize",
      "Parallel Aware": false,
      "Startup Cost": 564894.69,
      "Total Cost": 564894.7,
      "Plan Rows": 1,
      "Plan Width": 8,
      "Actual Startup Time": 1433.088,
      "Actual Total Time": 1482.395,
      "Actual Rows": 1,
      "Actual Loops": 1,
      "Plans": [
        {
          "Node Type": "Gather",
          "Parent Relationship": "Outer",
          "Parallel Aware": false,
          "Startup Cost": 564894.17,
          "Total Cost": 564894.68,
          "Plan Rows": 5,
          "Plan Width": 8,
          "Actual Startup Time": 1416.875,
          "Actual Total Time": 1482.384,
          "Actual Rows": 6,
          "Actual Loops": 1,
          "Workers Planned": 5,
          "Workers Launched": 5,
          "Single Copy": false,
          "Plans": [
            {
              "Node Type": "Aggregate",
              "Strategy": "Plain",
              "Partial Mode": "Partial",
              "Parent Relationship": "Outer",
              "Parallel Aware": false,
              "Startup Cost": 563894.17,
              "Total Cost": 563894.18,
              "Plan Rows": 1,
              "Plan Width": 8,
              "Actual Startup Time": 1408.494,
              "Actual Total Time": 1409.087,
              "Actual Rows": 1,
              "Actual Loops": 6,
              "Plans": [
                {
                  "Node Type": "Hash Join",
                  "Parent Relationship": "Outer",
                  "Parallel Aware": true,
                  "Join Type": "Inner",
                  "Startup Cost": 358512.33,
                  "Total Cost": 562997.28,
                  "Plan Rows": 358754,
                  "Plan Width": 0,
                  "Actual Startup Time": 697.851,
                  "Actual Total Time": 1367.663,
                  "Actual Rows": 953045,
                  "Actual Loops": 6,
                  "Inner Unique": false,
                  "Hash Cond": "(mi.movie_id = t.id)",
                  "Plans": [
                    {
                      "Node Type": "Seq Scan",
                      "Parent Relationship": "Outer",
                      "Parallel Aware": true,
                      "Relation Name": "movie_info",
                      "Alias": "mi",
                      "Startup Cost": 0.0,
                      "Total Cost": 199108.24,
                      "Plan Rows": 1194621,
                      "Plan Width": 4,
                      "Actual Startup Time": 0.026,
                      "Actual Total Time": 341.345,
                      "Actual Rows": 980827,
                      "Actual Loops": 6,
                      "Filter": "(info_type_id < 7)",
                      "Rows Removed by Filter": 1491793
                    },
                    {
                      "Node Type": "Hash",
                      "Parent Relationship": "Inner",
                      "Parallel Aware": true,
                      "Startup Cost": 356139.51,
                      "Total Cost": 356139.51,
                      "Plan Rows": 189826,
                      "Plan Width": 8,
                      "Actual Startup Time": 694.211,
                      "Actual Total Time": 694.803,
                      "Actual Rows": 265246,
                      "Actual Loops": 6,
                      "Hash Buckets": 2097152,
                      "Original Hash Buckets": 1048576,
                      "Hash Batches": 1,
                      "Original Hash Batches": 1,
                      "Peak Memory Usage": 86880,
                      "Plans": [
                        {
                          "Node Type": "Hash Join",
                          "Parent Relationship": "Outer",
                          "Parallel Aware": true,
                          "Join Type": "Inner",
                          "Startup Cost": 307183.01,
                          "Total Cost": 356139.51,
                          "Plan Rows": 189826,
                          "Plan Width": 8,
                          "Actual Startup Time": 310.751,
                          "Actual Total Time": 577.329,
                          "Actual Rows": 265246,
                          "Actual Loops": 6,
                          "Inner Unique": false,
                          "Hash Cond": "(t.id = ci.movie_id)",
                          "Plans": [
                            {
                              "Node Type": "Seq Scan",
                              "Parent Relationship": "Outer",
                              "Parallel Aware": true,
                              "Relation Name": "title",
                              "Alias": "t",
                              "Startup Cost": 0.0,
                              "Total Cost": 42319.06,
                              "Plan Rows": 632106,
                              "Plan Width": 4,
                              "Actual Startup Time": 0.017,
                              "Actual Total Time": 63.682,
                              "Actual Rows": 421385,
                              "Actual Loops": 6
                            },
                            {
                              "Node Type": "Hash",
                              "Parent Relationship": "Inner",
                              "Parallel Aware": true,
                              "Startup Cost": 305601.12,
                              "Total Cost": 305601.12,
                              "Plan Rows": 126551,
                              "Plan Width": 4,
                              "Actual Startup Time": 309.328,
                              "Actual Total Time": 309.33,
                              "Actual Rows": 265246,
                              "Actual Loops": 6,
                              "Hash Buckets": 2097152,
                              "Original Hash Buckets": 1048576,
                              "Hash Batches": 1,
                              "Original Hash Batches": 1,
                              "Peak Memory Usage": 86912,
                              "Plans": [
                                {
                                  "Node Type": "Bitmap Heap Scan",
                                  "Parent Relationship": "Outer",
                                  "Parallel Aware": true,
                                  "Relation Name": "cast_info",
                                  "Alias": "ci",
                                  "Startup Cost": 47496.19,
                                  "Total Cost": 305601.12,
                                  "Plan Rows": 126551,
                                  "Plan Width": 4,
                                  "Actual Startup Time": 75.07,
                                  "Actual Total Time": 172.591,
                                  "Actual Rows": 265246,
                                  "Actual Loops": 6,
                                  "Recheck Cond": "(person_id < 217596)",
                                  "Rows Removed by Index Recheck": 0,
                                  "Filter": "(role_id = 1)",
                                  "Rows Removed by Filter": 106820,
                                  "Exact Heap Blocks": 5923,
                                  "Lossy Heap Blocks": 0,
                                  "Plans": [
                                    {
                                      "Node Type": "Bitmap Index Scan",
                                      "Parent Relationship": "Outer",
                                      "Parallel Aware": false,
                                      "Index Name": "person_id_cast_info",
                                      "Startup Cost": 0.0,
                                      "Total Cost": 47306.36,
                                      "Plan Rows": 2167173,
                                      "Plan Width": 0,
                                      "Actual Startup Time": 71.329,
                                      "Actual Total Time": 71.33,
                                      "Actual Rows": 2232398,
                                      "Actual Loops": 1,
                                      "Index Cond": "(person_id < 217596)"
                                    }
                                  ]
                                }
                              ]
                            }
                          ]
                        }
                      ]
                    }
                  ]
                }
              ]
            }
          ]
        }
      ]
    },
    "Planning Time": 0.89,
    "Triggers": [],
    "Execution Time": 1482.478
  }
]