[
  {
    "Plan": {
      "Node Type": "Aggregate",
      "Strategy": "Plain",
      "Partial Mode": "Finalize",
      "Parallel Aware": false,
      "Startup Cost": 76417.03,
      "Total Cost": 76417.04,
      "Plan Rows": 1,
      "Plan Width": 8,
      "Actual Startup Time": 263.799,
      "Actual Total Time": 282.151,
      "Actual Rows": 1,
      "Actual Loops": 1,
      "Plans": [
        {
          "Node Type": "Gather",
          "Parent Relationship": "Outer",
          "Parallel Aware": false,
          "Startup Cost": 76416.71,
          "Total Cost": 76417.02,
          "Plan Rows": 3,
          "Plan Width": 8,
          "Actual Startup Time": 263.459,
          "Actual Total Time": 282.14,
          "Actual Rows": 4,
          "Actual Loops": 1,
          "Workers Planned": 3,
          "Workers Launched": 3,
          "Single Copy": false,
          "Plans": [
            {
              "Node Type": "Aggregate",
              "Strategy": "Plain",
              "Partial Mode": "Partial",
              "Parent Relationship": "Outer",
              "Parallel Aware": false,
              "Startup Cost": 75416.71,
              "Total Cost": 75416.72,
              "Plan Rows": 1,
              "Plan Width": 8,
              "Actual Startup Time": 254.808,
              "Actual Total Time": 254.811,
              "Actual Rows": 1,
              "Actual Loops": 4,
              "Plans": [
                {
                  "Node Type": "Hash Join",
                  "Parent Relationship": "Outer",
                  "Parallel Aware": true,
                  "Join Type": "Inner",
                  "Startup Cost": 44037.97,
                  "Total Cost": 75382.62,
                  "Plan Rows": 13637,
                  "Plan Width": 0,
                  "Actual Startup Time": 107.576,
                  "Actual Total Time": 254.215,
                  "Actual Rows": 9148,
                  "Actual Loops": 4,
                  "Inner Unique": true,
                  "Hash Cond": "(mc.movie_id = t.id)",
                  "Plans": [
                    {
                      "Node Type": "Seq Scan",
                      "Parent Relationship": "Outer",
                      "Parallel Aware": true,
                      "Relation Name": "movie_companies",
                      "Alias": "mc",
                      "Startup Cost": 0.0,
                      "Total Cost": 29310.68,
                      "Plan Rows": 774847,
                      "Plan Width": 4,
                      "Actual Startup Time": 0.036,
                      "Actual Total Time": 81.247,
                      "Actual Rows": 600539,
                      "Actual Loops": 4,
                      "Filter": "(company_id > 67)",
                      "Rows Removed by Filter": 51743
                    },
                    {
                      "Node Type": "Hash",
                      "Parent Relationship": "Inner",
                      "Parallel Aware": true,
                      "Startup Cost": 43898.92,
                      "Total Cost": 43898.92,
                      "Plan Rows": 11124,
                      "Plan Width": 4,
                      "Actual Startup Time": 105.621,
                      "Actual Total Time": 105.622,
                      "Actual Rows": 11646,
                      "Actual Loops": 4,
                      "Hash Buckets": 65536,
                      "Original Hash Buckets": 65536,
                      "Hash Batches": 1,
                      "Original Hash Batches": 1,
                      "Peak Memory Usage": 2368,
                      "Plans": [
                        {
                          "Node Type": "Seq Scan",
                          "Parent Relationship": "Outer",
                          "Parallel Aware": true,
                          "Relation Name": "title",
                          "Alias": "t",
                          "Startup Cost": 0.0,
                          "Total Cost": 43898.92,
                          "Plan Rows": 11124,
                          "Plan Width": 4,
                          "Actual Startup Time": 0.046,
                          "Actual Total Time": 99.554,
                          "Actual Rows": 11646,
                          "Actual Loops": 4,
                          "Filter": "(production_year = 1998)",
                          "Rows Removed by Filter": 620432
                        }
                      ]
                    }
                  ]
                }
              ]
            }
          ]
        }
      ]
    },
    "Planning Time": 0.67,
    "Triggers": [],
    "Execution Time": 282.233
  }
]