[
    {
        "Bao": {
            "Bao prediction": "NaN",
            "Bao recommended hint": "(no hint)"
        }
    },
    {
        "Plan": {
            "Node Type": "Aggregate",
            "Strategy": "Plain",
            "Partial Mode": "Finalize",
            "Parallel Aware": false,
            "Startup Cost": 222547.02,
            "Total Cost": 222547.03,
            "Plan Rows": 1,
            "Plan Width": 8,
            "Actual Startup Time": 241.381,
            "Actual Total Time": 250.306,
            "Actual Rows": 1,
            "Actual Loops": 1,
            "Output": [
                "count(*)"
            ],
            "Plans": [
                {
                    "Node Type": "Gather",
                    "Parent Relationship": "Outer",
                    "Parallel Aware": false,
                    "Startup Cost": 222546.49,
                    "Total Cost": 222547.0,
                    "Plan Rows": 5,
                    "Plan Width": 8,
                    "Actual Startup Time": 233.309,
                    "Actual Total Time": 250.298,
                    "Actual Rows": 6,
                    "Actual Loops": 1,
                    "Output": [
                        "(PARTIAL count(*))"
                    ],
                    "Workers Planned": 5,
                    "Workers Launched": 5,
                    "Single Copy": false,
                    "Plans": [
                        {
                            "Node Type": "Aggregate",
                            "Strategy": "Plain",
                            "Partial Mode": "Partial",
                            "Parent Relationship": "Outer",
                            "Parallel Aware": false,
                            "Startup Cost": 221546.49,
                            "Total Cost": 221546.5,
                            "Plan Rows": 1,
                            "Plan Width": 8,
                            "Actual Startup Time": 223.059,
                            "Actual Total Time": 223.062,
                            "Actual Rows": 1,
                            "Actual Loops": 6,
                            "Output": [
                                "PARTIAL count(*)"
                            ],
                            "Workers": [
                                {
                                    "Worker Number": 0,
                                    "Actual Startup Time": 220.373,
                                    "Actual Total Time": 220.377,
                                    "Actual Rows": 1,
                                    "Actual Loops": 1
                                },
                                {
                                    "Worker Number": 1,
                                    "Actual Startup Time": 222.235,
                                    "Actual Total Time": 222.238,
                                    "Actual Rows": 1,
                                    "Actual Loops": 1
                                },
                                {
                                    "Worker Number": 2,
                                    "Actual Startup Time": 220.757,
                                    "Actual Total Time": 220.76,
                                    "Actual Rows": 1,
                                    "Actual Loops": 1
                                },
                                {
                                    "Worker Number": 3,
                                    "Actual Startup Time": 220.74,
                                    "Actual Total Time": 220.744,
                                    "Actual Rows": 1,
                                    "Actual Loops": 1
                                },
                                {
                                    "Worker Number": 4,
                                    "Actual Startup Time": 221.309,
                                    "Actual Total Time": 221.312,
                                    "Actual Rows": 1,
                                    "Actual Loops": 1
                                }
                            ],
                            "Plans": [
                                {
                                    "Node Type": "Hash Join",
                                    "Parent Relationship": "Outer",
                                    "Parallel Aware": true,
                                    "Join Type": "Inner",
                                    "Startup Cost": 51879.24,
                                    "Total Cost": 221493.23,
                                    "Plan Rows": 21304,
                                    "Plan Width": 0,
                                    "Actual Startup Time": 210.415,
                                    "Actual Total Time": 223.044,
                                    "Actual Rows": 28,
                                    "Actual Loops": 6,
                                    "Inner Unique": true,
                                    "Hash Cond": "(mi.movie_id = t.id)",
                                    "Workers": [
                                        {
                                            "Worker Number": 0,
                                            "Actual Startup Time": 207.232,
                                            "Actual Total Time": 220.358,
                                            "Actual Rows": 5,
                                            "Actual Loops": 1
                                        },
                                        {
                                            "Worker Number": 1,
                                            "Actual Startup Time": 208.822,
                                            "Actual Total Time": 222.212,
                                            "Actual Rows": 42,
                                            "Actual Loops": 1
                                        },
                                        {
                                            "Worker Number": 2,
                                            "Actual Startup Time": 207.178,
                                            "Actual Total Time": 220.749,
                                            "Actual Rows": 44,
                                            "Actual Loops": 1
                                        },
                                        {
                                            "Worker Number": 3,
                                            "Actual Startup Time": 213.039,
                                            "Actual Total Time": 220.728,
                                            "Actual Rows": 2,
                                            "Actual Loops": 1
                                        },
                                        {
                                            "Worker Number": 4,
                                            "Actual Startup Time": 206.813,
                                            "Actual Total Time": 221.283,
                                            "Actual Rows": 71,
                                            "Actual Loops": 1
                                        }
                                    ],
                                    "Plans": [
                                        {
                                            "Node Type": "Bitmap Heap Scan",
                                            "Parent Relationship": "Outer",
                                            "Parallel Aware": true,
                                            "Relation Name": "movie_info",
                                            "Schema": "public",
                                            "Alias": "mi",
                                            "Startup Cost": 3190.13,
                                            "Total Cost": 172711.87,
                                            "Plan Rows": 35140,
                                            "Plan Width": 4,
                                            "Actual Startup Time": 9.255,
                                            "Actual Total Time": 19.407,
                                            "Actual Rows": 32959,
                                            "Actual Loops": 6,
                                            "Output": [
                                                "mi.id",
                                                "mi.movie_id",
                                                "mi.info_type_id",
                                                "mi.info",
                                                "mi.note"
                                            ],
                                            "Recheck Cond": "(mi.info_type_id > 106)",
                                            "Rows Removed by Index Recheck": 0,
                                            "Exact Heap Blocks": 1186,
                                            "Lossy Heap Blocks": 0,
                                            "Workers": [
                                                {
                                                    "Worker Number": 0,
                                                    "Actual Startup Time": 9.22,
                                                    "Actual Total Time": 19.46,
                                                    "Actual Rows": 25637,
                                                    "Actual Loops": 1
                                                },
                                                {
                                                    "Worker Number": 1,
                                                    "Actual Startup Time": 9.228,
                                                    "Actual Total Time": 19.524,
                                                    "Actual Rows": 26484,
                                                    "Actual Loops": 1
                                                },
                                                {
                                                    "Worker Number": 2,
                                                    "Actual Startup Time": 9.178,
                                                    "Actual Total Time": 19.721,
                                                    "Actual Rows": 43394,
                                                    "Actual Loops": 1
                                                },
                                                {
                                                    "Worker Number": 3,
                                                    "Actual Startup Time": 9.328,
                                                    "Actual Total Time": 19.658,
                                                    "Actual Rows": 35936,
                                                    "Actual Loops": 1
                                                },
                                                {
                                                    "Worker Number": 4,
                                                    "Actual Startup Time": 9.314,
                                                    "Actual Total Time": 19.489,
                                                    "Actual Rows": 21752,
                                                    "Actual Loops": 1
                                                }
                                            ],
                                            "Plans": [
                                                {
                                                    "Node Type": "Bitmap Index Scan",
                                                    "Parent Relationship": "Outer",
                                                    "Parallel Aware": false,
                                                    "Index Name": "info_type_id_movie_info",
                                                    "Startup Cost": 0.0,
                                                    "Total Cost": 3146.2,
                                                    "Plan Rows": 175702,
                                                    "Plan Width": 0,
                                                    "Actual Startup Time": 8.497,
                                                    "Actual Total Time": 8.497,
                                                    "Actual Rows": 197754,
                                                    "Actual Loops": 1,
                                                    "Index Cond": "(mi.info_type_id > 106)",
                                                    "Workers": [
                                                        {
                                                            "Worker Number": 2,
                                                            "Actual Startup Time": 8.497,
                                                            "Actual Total Time": 8.497,
                                                            "Actual Rows": 197754,
                                                            "Actual Loops": 1
                                                        }
                                                    ]
                                                }
                                            ]
                                        },
                                        {
                                            "Node Type": "Hash",
                                            "Parent Relationship": "Inner",
                                            "Parallel Aware": true,
                                            "Startup Cost": 43899.01,
                                            "Total Cost": 43899.01,
                                            "Plan Rows": 383209,
                                            "Plan Width": 4,
                                            "Actual Startup Time": 192.349,
                                            "Actual Total Time": 192.349,
                                            "Actual Rows": 257211,
                                            "Actual Loops": 6,
                                            "Output": [
                                                "t.id"
                                            ],
                                            "Hash Buckets": 2097152,
                                            "Original Hash Buckets": 2097152,
                                            "Hash Batches": 1,
                                            "Original Hash Batches": 1,
                                            "Peak Memory Usage": 76896,
                                            "Workers": [
                                                {
                                                    "Worker Number": 0,
                                                    "Actual Startup Time": 192.565,
                                                    "Actual Total Time": 192.566,
                                                    "Actual Rows": 202883,
                                                    "Actual Loops": 1
                                                },
                                                {
                                                    "Worker Number": 1,
                                                    "Actual Startup Time": 192.991,
                                                    "Actual Total Time": 192.992,
                                                    "Actual Rows": 207071,
                                                    "Actual Loops": 1
                                                },
                                                {
                                                    "Worker Number": 2,
                                                    "Actual Startup Time": 193.018,
                                                    "Actual Total Time": 193.019,
                                                    "Actual Rows": 286300,
                                                    "Actual Loops": 1
                                                },
                                                {
                                                    "Worker Number": 3,
                                                    "Actual Startup Time": 192.921,
                                                    "Actual Total Time": 192.922,
                                                    "Actual Rows": 275782,
                                                    "Actual Loops": 1
                                                },
                                                {
                                                    "Worker Number": 4,
                                                    "Actual Startup Time": 193.454,
                                                    "Actual Total Time": 193.454,
                                                    "Actual Rows": 177757,
                                                    "Actual Loops": 1
                                                }
                                            ],
                                            "Plans": [
                                                {
                                                    "Node Type": "Seq Scan",
                                                    "Parent Relationship": "Outer",
                                                    "Parallel Aware": true,
                                                    "Relation Name": "title",
                                                    "Schema": "public",
                                                    "Alias": "t",
                                                    "Startup Cost": 0.0,
                                                    "Total Cost": 43899.01,
                                                    "Plan Rows": 383209,
                                                    "Plan Width": 4,
                                                    "Actual Startup Time": 0.045,
                                                    "Actual Total Time": 81.846,
                                                    "Actual Rows": 257211,
                                                    "Actual Loops": 6,
                                                    "Output": [
                                                        "t.id"
                                                    ],
                                                    "Filter": "(t.kind_id = 7)",
                                                    "Rows Removed by Filter": 164175,
                                                    "Workers": [
                                                        {
                                                            "Worker Number": 0,
                                                            "Actual Startup Time": 0.054,
                                                            "Actual Total Time": 85.539,
                                                            "Actual Rows": 202883,
                                                            "Actual Loops": 1
                                                        },
                                                        {
                                                            "Worker Number": 1,
                                                            "Actual Startup Time": 0.048,
                                                            "Actual Total Time": 86.178,
                                                            "Actual Rows": 207071,
                                                            "Actual Loops": 1
                                                        },
                                                        {
                                                            "Worker Number": 2,
                                                            "Actual Startup Time": 0.055,
                                                            "Actual Total Time": 82.01,
                                                            "Actual Rows": 286300,
                                                            "Actual Loops": 1
                                                        },
                                                        {
                                                            "Worker Number": 3,
                                                            "Actual Startup Time": 0.045,
                                                            "Actual Total Time": 81.745,
                                                            "Actual Rows": 275782,
                                                            "Actual Loops": 1
                                                        },
                                                        {
                                                            "Worker Number": 4,
                                                            "Actual Startup Time": 0.055,
                                                            "Actual Total Time": 83.027,
                                                            "Actual Rows": 177757,
                                                            "Actual Loops": 1
                                                        }
                                                    ]
                                                }
                                            ]
                                        }
                                    ]
                                }
                            ]
                        }
                    ]
                }
            ]
        },
        "Planning Time": 195.3,
        "Triggers": [],
        "Execution Time": 250.382
    }
]