{
    "Plan": {
        "Node Type": "Aggregate",
        "Strategy": "Plain",
        "Partial Mode": "Finalize",
        "Parallel Aware": false,
        "Startup Cost": 287259.99,
        "Total Cost": 287260.0,
        "Plan Rows": 1,
        "Plan Width": 8,
        "Actual Startup Time": 944.713,
        "Actual Total Time": 991.024,
        "Actual Rows": 1,
        "Actual Loops": 1,
        "Output": [
            "count(*)"
        ],
        "Plans": [
            {
                "Node Type": "Gather",
                "Parent Relationship": "Outer",
                "Parallel Aware": false,
                "Startup Cost": 287259.46,
                "Total Cost": 287259.97,
                "Plan Rows": 5,
                "Plan Width": 8,
                "Actual Startup Time": 936.679,
                "Actual Total Time": 991.012,
                "Actual Rows": 6,
                "Actual Loops": 1,
                "Output": [
                    "(PARTIAL count(*))"
                ],
                "Workers Planned": 5,
                "Workers Launched": 5,
                "Single Copy": false,
                "Plans": [
                    {
                        "Node Type": "Aggregate",
                        "Strategy": "Plain",
                        "Partial Mode": "Partial",
                        "Parent Relationship": "Outer",
                        "Parallel Aware": false,
                        "Startup Cost": 286259.46,
                        "Total Cost": 286259.47,
                        "Plan Rows": 1,
                        "Plan Width": 8,
                        "Actual Startup Time": 925.897,
                        "Actual Total Time": 926.12,
                        "Actual Rows": 1,
                        "Actual Loops": 6,
                        "Output": [
                            "PARTIAL count(*)"
                        ],
                        "Workers": [
                            {
                                "Worker Number": 0,
                                "Actual Startup Time": 923.317,
                                "Actual Total Time": 923.322,
                                "Actual Rows": 1,
                                "Actual Loops": 1
                            },
                            {
                                "Worker Number": 1,
                                "Actual Startup Time": 923.254,
                                "Actual Total Time": 923.261,
                                "Actual Rows": 1,
                                "Actual Loops": 1
                            },
                            {
                                "Worker Number": 2,
                                "Actual Startup Time": 924.564,
                                "Actual Total Time": 924.569,
                                "Actual Rows": 1,
                                "Actual Loops": 1
                            },
                            {
                                "Worker Number": 3,
                                "Actual Startup Time": 924.126,
                                "Actual Total Time": 924.132,
                                "Actual Rows": 1,
                                "Actual Loops": 1
                            },
                            {
                                "Worker Number": 4,
                                "Actual Startup Time": 924.437,
                                "Actual Total Time": 924.443,
                                "Actual Rows": 1,
                                "Actual Loops": 1
                            }
                        ],
                        "Plans": [
                            {
                                "Node Type": "Hash Join",
                                "Parent Relationship": "Outer",
                                "Parallel Aware": true,
                                "Join Type": "Inner",
                                "Startup Cost": 81619.58,
                                "Total Cost": 285355.5,
                                "Plan Rows": 361587,
                                "Plan Width": 0,
                                "Actual Startup Time": 283.98,
                                "Actual Total Time": 911.331,
                                "Actual Rows": 299028,
                                "Actual Loops": 6,
                                "Inner Unique": false,
                                "Hash Cond": "(mi.movie_id = t.id)",
                                "Workers": [
                                    {
                                        "Worker Number": 0,
                                        "Actual Startup Time": 281.522,
                                        "Actual Total Time": 908.679,
                                        "Actual Rows": 218851,
                                        "Actual Loops": 1
                                    },
                                    {
                                        "Worker Number": 1,
                                        "Actual Startup Time": 281.33,
                                        "Actual Total Time": 909.549,
                                        "Actual Rows": 322146,
                                        "Actual Loops": 1
                                    },
                                    {
                                        "Worker Number": 2,
                                        "Actual Startup Time": 282.132,
                                        "Actual Total Time": 910.297,
                                        "Actual Rows": 318160,
                                        "Actual Loops": 1
                                    },
                                    {
                                        "Worker Number": 3,
                                        "Actual Startup Time": 282.417,
                                        "Actual Total Time": 908.94,
                                        "Actual Rows": 227686,
                                        "Actual Loops": 1
                                    },
                                    {
                                        "Worker Number": 4,
                                        "Actual Startup Time": 282.6,
                                        "Actual Total Time": 911.031,
                                        "Actual Rows": 314571,
                                        "Actual Loops": 1
                                    }
                                ],
                                "Plans": [
                                    {
                                        "Node Type": "Seq Scan",
                                        "Parent Relationship": "Outer",
                                        "Parallel Aware": true,
                                        "Relation Name": "movie_info",
                                        "Schema": "public",
                                        "Alias": "mi",
                                        "Startup Cost": 0.0,
                                        "Total Cost": 191503.19,
                                        "Plan Rows": 2951019,
                                        "Plan Width": 4,
                                        "Actual Startup Time": 0.033,
                                        "Actual Total Time": 312.849,
                                        "Actual Rows": 2472620,
                                        "Actual Loops": 6,
                                        "Output": [
                                            "mi.id",
                                            "mi.movie_id",
                                            "mi.info_type_id",
                                            "mi.info",
                                            "mi.note"
                                        ],
                                        "Workers": [
                                            {
                                                "Worker Number": 0,
                                                "Actual Startup Time": 0.038,
                                                "Actual Total Time": 320.933,
                                                "Actual Rows": 1761965,
                                                "Actual Loops": 1
                                            },
                                            {
                                                "Worker Number": 1,
                                                "Actual Startup Time": 0.039,
                                                "Actual Total Time": 318.26,
                                                "Actual Rows": 2596542,
                                                "Actual Loops": 1
                                            },
                                            {
                                                "Worker Number": 2,
                                                "Actual Startup Time": 0.03,
                                                "Actual Total Time": 317.961,
                                                "Actual Rows": 2641764,
                                                "Actual Loops": 1
                                            },
                                            {
                                                "Worker Number": 3,
                                                "Actual Startup Time": 0.045,
                                                "Actual Total Time": 320.855,
                                                "Actual Rows": 1781033,
                                                "Actual Loops": 1
                                            },
                                            {
                                                "Worker Number": 4,
                                                "Actual Startup Time": 0.034,
                                                "Actual Total Time": 320.212,
                                                "Actual Rows": 2631474,
                                                "Actual Loops": 1
                                            }
                                        ]
                                    },
                                    {
                                        "Node Type": "Hash",
                                        "Parent Relationship": "Inner",
                                        "Parallel Aware": true,
                                        "Startup Cost": 80370.4,
                                        "Total Cost": 80370.4,
                                        "Plan Rows": 99934,
                                        "Plan Width": 8,
                                        "Actual Startup Time": 280.725,
                                        "Actual Total Time": 280.945,
                                        "Actual Rows": 26498,
                                        "Actual Loops": 6,
                                        "Output": [
                                            "t.id",
                                            "mc.movie_id"
                                        ],
                                        "Hash Buckets": 524288,
                                        "Original Hash Buckets": 524288,
                                        "Hash Batches": 1,
                                        "Original Hash Batches": 1,
                                        "Peak Memory Usage": 10432,
                                        "Workers": [
                                            {
                                                "Worker Number": 0,
                                                "Actual Startup Time": 280.103,
                                                "Actual Total Time": 280.107,
                                                "Actual Rows": 19602,
                                                "Actual Loops": 1
                                            },
                                            {
                                                "Worker Number": 1,
                                                "Actual Startup Time": 280.132,
                                                "Actual Total Time": 280.137,
                                                "Actual Rows": 27370,
                                                "Actual Loops": 1
                                            },
                                            {
                                                "Worker Number": 2,
                                                "Actual Startup Time": 280.822,
                                                "Actual Total Time": 280.825,
                                                "Actual Rows": 29516,
                                                "Actual Loops": 1
                                            },
                                            {
                                                "Worker Number": 3,
                                                "Actual Startup Time": 281.0,
                                                "Actual Total Time": 281.004,
                                                "Actual Rows": 21326,
                                                "Actual Loops": 1
                                            },
                                            {
                                                "Worker Number": 4,
                                                "Actual Startup Time": 281.28,
                                                "Actual Total Time": 281.284,
                                                "Actual Rows": 29199,
                                                "Actual Loops": 1
                                            }
                                        ],
                                        "Plans": [
                                            {
                                                "Node Type": "Hash Join",
                                                "Parent Relationship": "Outer",
                                                "Parallel Aware": true,
                                                "Join Type": "Inner",
                                                "Startup Cost": 48191.38,
                                                "Total Cost": 80370.4,
                                                "Plan Rows": 99934,
                                                "Plan Width": 8,
                                                "Actual Startup Time": 164.24,
                                                "Actual Total Time": 270.753,
                                                "Actual Rows": 26498,
                                                "Actual Loops": 6,
                                                "Output": [
                                                    "t.id",
                                                    "mc.movie_id"
                                                ],
                                                "Inner Unique": true,
                                                "Hash Cond": "(mc.movie_id = t.id)",
                                                "Workers": [
                                                    {
                                                        "Worker Number": 0,
                                                        "Actual Startup Time": 163.862,
                                                        "Actual Total Time": 270.883,
                                                        "Actual Rows": 19602,
                                                        "Actual Loops": 1
                                                    },
                                                    {
                                                        "Worker Number": 1,
                                                        "Actual Startup Time": 163.503,
                                                        "Actual Total Time": 269.939,
                                                        "Actual Rows": 27370,
                                                        "Actual Loops": 1
                                                    },
                                                    {
                                                        "Worker Number": 2,
                                                        "Actual Startup Time": 164.337,
                                                        "Actual Total Time": 270.354,
                                                        "Actual Rows": 29516,
                                                        "Actual Loops": 1
                                                    },
                                                    {
                                                        "Worker Number": 3,
                                                        "Actual Startup Time": 164.564,
                                                        "Actual Total Time": 270.846,
                                                        "Actual Rows": 21326,
                                                        "Actual Loops": 1
                                                    },
                                                    {
                                                        "Worker Number": 4,
                                                        "Actual Startup Time": 164.484,
                                                        "Actual Total Time": 270.415,
                                                        "Actual Rows": 29199,
                                                        "Actual Loops": 1
                                                    }
                                                ],
                                                "Plans": [
                                                    {
                                                        "Node Type": "Seq Scan",
                                                        "Parent Relationship": "Outer",
                                                        "Parallel Aware": true,
                                                        "Relation Name": "movie_companies",
                                                        "Schema": "public",
                                                        "Alias": "mc",
                                                        "Startup Cost": 0.0,
                                                        "Total Cost": 31414.82,
                                                        "Plan Rows": 291124,
                                                        "Plan Width": 4,
                                                        "Actual Startup Time": 0.03,
                                                        "Actual Total Time": 55.721,
                                                        "Actual Rows": 202403,
                                                        "Actual Loops": 6,
                                                        "Output": [
                                                            "mc.id",
                                                            "mc.movie_id",
                                                            "mc.company_id",
                                                            "mc.company_type_id",
                                                            "mc.note"
                                                        ],
                                                        "Filter": "((mc.company_id < 34050) AND (mc.company_type_id = 1))",
                                                        "Rows Removed by Filter": 232452,
                                                        "Workers": [
                                                            {
                                                                "Worker Number": 0,
                                                                "Actual Startup Time": 0.041,
                                                                "Actual Total Time": 58.191,
                                                                "Actual Rows": 156062,
                                                                "Actual Loops": 1
                                                            },
                                                            {
                                                                "Worker Number": 1,
                                                                "Actual Startup Time": 0.026,
                                                                "Actual Total Time": 54.493,
                                                                "Actual Rows": 217939,
                                                                "Actual Loops": 1
                                                            },
                                                            {
                                                                "Worker Number": 2,
                                                                "Actual Startup Time": 0.028,
                                                                "Actual Total Time": 55.942,
                                                                "Actual Rows": 214430,
                                                                "Actual Loops": 1
                                                            },
                                                            {
                                                                "Worker Number": 3,
                                                                "Actual Startup Time": 0.042,
                                                                "Actual Total Time": 58.833,
                                                                "Actual Rows": 161379,
                                                                "Actual Loops": 1
                                                            },
                                                            {
                                                                "Worker Number": 4,
                                                                "Actual Startup Time": 0.028,
                                                                "Actual Total Time": 54.409,
                                                                "Actual Rows": 218661,
                                                                "Actual Loops": 1
                                                            }
                                                        ]
                                                    },
                                                    {
                                                        "Node Type": "Hash",
                                                        "Parent Relationship": "Inner",
                                                        "Parallel Aware": true,
                                                        "Startup Cost": 45479.21,
                                                        "Total Cost": 45479.21,
                                                        "Plan Rows": 216974,
                                                        "Plan Width": 4,
                                                        "Actual Startup Time": 162.024,
                                                        "Actual Total Time": 162.025,
                                                        "Actual Rows": 159550,
                                                        "Actual Loops": 6,
                                                        "Output": [
                                                            "t.id"
                                                        ],
                                                        "Hash Buckets": 1048576,
                                                        "Original Hash Buckets": 1048576,
                                                        "Hash Batches": 1,
                                                        "Original Hash Batches": 1,
                                                        "Peak Memory Usage": 45728,
                                                        "Workers": [
                                                            {
                                                                "Worker Number": 0,
                                                                "Actual Startup Time": 163.45,
                                                                "Actual Total Time": 163.451,
                                                                "Actual Rows": 120583,
                                                                "Actual Loops": 1
                                                            },
                                                            {
                                                                "Worker Number": 1,
                                                                "Actual Startup Time": 163.383,
                                                                "Actual Total Time": 163.384,
                                                                "Actual Rows": 158613,
                                                                "Actual Loops": 1
                                                            },
                                                            {
                                                                "Worker Number": 2,
                                                                "Actual Startup Time": 164.07,
                                                                "Actual Total Time": 164.07,
                                                                "Actual Rows": 157564,
                                                                "Actual Loops": 1
                                                            },
                                                            {
                                                                "Worker Number": 3,
                                                                "Actual Startup Time": 164.229,
                                                                "Actual Total Time": 164.23,
                                                                "Actual Rows": 122649,
                                                                "Actual Loops": 1
                                                            },
                                                            {
                                                                "Worker Number": 4,
                                                                "Actual Startup Time": 164.202,
                                                                "Actual Total Time": 164.203,
                                                                "Actual Rows": 157944,
                                                                "Actual Loops": 1
                                                            }
                                                        ],
                                                        "Plans": [
                                                            {
                                                                "Node Type": "Seq Scan",
                                                                "Parent Relationship": "Outer",
                                                                "Parallel Aware": true,
                                                                "Relation Name": "title",
                                                                "Schema": "public",
                                                                "Alias": "t",
                                                                "Startup Cost": 0.0,
                                                                "Total Cost": 45479.21,
                                                                "Plan Rows": 216974,
                                                                "Plan Width": 4,
                                                                "Actual Startup Time": 0.088,
                                                                "Actual Total Time": 87.62,
                                                                "Actual Rows": 159550,
                                                                "Actual Loops": 6,
                                                                "Output": [
                                                                    "t.id"
                                                                ],
                                                                "Filter": "((t.production_year > 1999) AND (t.kind_id = 7))",
                                                                "Rows Removed by Filter": 261836,
                                                                "Workers": [
                                                                    {
                                                                        "Worker Number": 0,
                                                                        "Actual Startup Time": 0.093,
                                                                        "Actual Total Time": 89.776,
                                                                        "Actual Rows": 120583,
                                                                        "Actual Loops": 1
                                                                    },
                                                                    {
                                                                        "Worker Number": 1,
                                                                        "Actual Startup Time": 0.089,
                                                                        "Actual Total Time": 88.228,
                                                                        "Actual Rows": 158613,
                                                                        "Actual Loops": 1
                                                                    },
                                                                    {
                                                                        "Worker Number": 2,
                                                                        "Actual Startup Time": 0.084,
                                                                        "Actual Total Time": 89.306,
                                                                        "Actual Rows": 157564,
                                                                        "Actual Loops": 1
                                                                    },
                                                                    {
                                                                        "Worker Number": 3,
                                                                        "Actual Startup Time": 0.129,
                                                                        "Actual Total Time": 91.092,
                                                                        "Actual Rows": 122649,
                                                                        "Actual Loops": 1
                                                                    },
                                                                    {
                                                                        "Worker Number": 4,
                                                                        "Actual Startup Time": 0.115,
                                                                        "Actual Total Time": 88.684,
                                                                        "Actual Rows": 157944,
                                                                        "Actual Loops": 1
                                                                    }
                                                                ]
                                                            }
                                                        ]
                                                    }
                                                ]
                                            }
                                        ]
                                    }
                                ]
                            }
                        ]
                    }
                ]
            }
        ]
    },
    "Planning Time": 1.634,
    "Triggers": [],
    "Execution Time": 991.125
}