[
  {
    "Plan": {
      "Node Type": "Aggregate",
      "Strategy": "Plain",
      "Partial Mode": "Finalize",
      "Parallel Aware": false,
      "Startup Cost": 93514.31,
      "Total Cost": 93514.32,
      "Plan Rows": 1,
      "Plan Width": 8,
      "Actual Startup Time": 320.121,
      "Actual Total Time": 335.979,
      "Actual Rows": 1,
      "Actual Loops": 1,
      "Plans": [
        {
          "Node Type": "Gather",
          "Parent Relationship": "Outer",
          "Parallel Aware": false,
          "Startup Cost": 93513.99,
          "Total Cost": 93514.3,
          "Plan Rows": 3,
          "Plan Width": 8,
          "Actual Startup Time": 317.408,
          "Actual Total Time": 335.972,
          "Actual Rows": 4,
          "Actual Loops": 1,
          "Workers Planned": 3,
          "Workers Launched": 3,
          "Single Copy": false,
          "Plans": [
            {
              "Node Type": "Aggregate",
              "Strategy": "Plain",
              "Partial Mode": "Partial",
              "Parent Relationship": "Outer",
              "Parallel Aware": false,
              "Startup Cost": 92513.99,
              "Total Cost": 92514.0,
              "Plan Rows": 1,
              "Plan Width": 8,
              "Actual Startup Time": 310.307,
              "Actual Total Time": 310.31,
              "Actual Rows": 1,
              "Actual Loops": 4,
              "Plans": [
                {
                  "Node Type": "Hash Join",
                  "Parent Relationship": "Outer",
                  "Parallel Aware": true,
                  "Join Type": "Inner",
                  "Startup Cost": 46896.66,
                  "Total Cost": 92087.76,
                  "Plan Rows": 170494,
                  "Plan Width": 0,
                  "Actual Startup Time": 155.822,
                  "Actual Total Time": 300.953,
                  "Actual Rows": 234794,
                  "Actual Loops": 4,
                  "Inner Unique": true,
                  "Hash Cond": "(mk.movie_id = t.id)",
                  "Plans": [
                    {
                      "Node Type": "Seq Scan",
                      "Parent Relationship": "Outer",
                      "Parallel Aware": true,
                      "Relation Name": "movie_keyword",
                      "Alias": "mk",
                      "Startup Cost": 0.0,
                      "Total Cost": 42695.65,
                      "Plan Rows": 950645,
                      "Plan Width": 4,
                      "Actual Startup Time": 0.139,
                      "Actual Total Time": 102.843,
                      "Actual Rows": 736710,
                      "Actual Loops": 4,
                      "Filter": "(keyword_id > 2387)",
                      "Rows Removed by Filter": 394272
                    },
                    {
                      "Node Type": "Hash",
                      "Parent Relationship": "Inner",
                      "Parallel Aware": true,
                      "Startup Cost": 45479.59,
                      "Total Cost": 45479.59,
                      "Plan Rows": 113366,
                      "Plan Width": 4,
                      "Actual Startup Time": 122.732,
                      "Actual Total Time": 122.733,
                      "Actual Rows": 82570,
                      "Actual Loops": 4,
                      "Hash Buckets": 524288,
                      "Original Hash Buckets": 524288,
                      "Hash Batches": 1,
                      "Original Hash Batches": 1,
                      "Peak Memory Usage": 17120,
                      "Plans": [
                        {
                          "Node Type": "Seq Scan",
                          "Parent Relationship": "Outer",
                          "Parallel Aware": true,
                          "Relation Name": "title",
                          "Alias": "t",
                          "Startup Cost": 0.0,
                          "Total Cost": 45479.59,
                          "Plan Rows": 113366,
                          "Plan Width": 4,
                          "Actual Startup Time": 41.335,
                          "Actual Total Time": 96.642,
                          "Actual Rows": 82570,
                          "Actual Loops": 4,
                          "Filter": "((production_year > 1991) AND (kind_id = 1))",
                          "Rows Removed by Filter": 549508
                        }
                      ]
                    }
                  ]
                }
              ]
            }
          ]
        }
      ]
    },
    "Planning Time": 0.253,
    "Triggers": [],
    "Execution Time": 336.012
  }
]