[
  {
    "Plan": {
      "Node Type": "Aggregate",
      "Strategy": "Plain",
      "Partial Mode": "Finalize",
      "Parallel Aware": false,
      "Startup Cost": 45265.28,
      "Total Cost": 45265.29,
      "Plan Rows": 1,
      "Plan Width": 8,
      "Actual Startup Time": 87.036,
      "Actual Total Time": 93.861,
      "Actual Rows": 1,
      "Actual Loops": 1,
      "Plans": [
        {
          "Node Type": "Gather",
          "Parent Relationship": "Outer",
          "Parallel Aware": false,
          "Startup Cost": 45265.07,
          "Total Cost": 45265.28,
          "Plan Rows": 2,
          "Plan Width": 8,
          "Actual Startup Time": 86.859,
          "Actual Total Time": 93.853,
          "Actual Rows": 3,
          "Actual Loops": 1,
          "Workers Planned": 2,
          "Workers Launched": 2,
          "Single Copy": false,
          "Plans": [
            {
              "Node Type": "Aggregate",
              "Strategy": "Plain",
              "Partial Mode": "Partial",
              "Parent Relationship": "Outer",
              "Parallel Aware": false,
              "Startup Cost": 44265.07,
              "Total Cost": 44265.08,
              "Plan Rows": 1,
              "Plan Width": 8,
              "Actual Startup Time": 78.442,
              "Actual Total Time": 78.446,
              "Actual Rows": 1,
              "Actual Loops": 3,
              "Plans": [
                {
                  "Node Type": "Nested Loop",
                  "Parent Relationship": "Outer",
                  "Parallel Aware": false,
                  "Join Type": "Inner",
                  "Startup Cost": 20136.24,
                  "Total Cost": 44263.89,
                  "Plan Rows": 471,
                  "Plan Width": 0,
                  "Actual Startup Time": 52.782,
                  "Actual Total Time": 78.439,
                  "Actual Rows": 2,
                  "Actual Loops": 3,
                  "Inner Unique": true,
                  "Join Filter": "(mc.movie_id = t.id)",
                  "Rows Removed by Join Filter": 0,
                  "Plans": [
                    {
                      "Node Type": "Hash Join",
                      "Parent Relationship": "Outer",
                      "Parallel Aware": true,
                      "Join Type": "Inner",
                      "Startup Cost": 20135.81,
                      "Total Cost": 36235.8,
                      "Plan Rows": 9352,
                      "Plan Width": 8,
                      "Actual Startup Time": 23.907,
                      "Actual Total Time": 73.158,
                      "Actual Rows": 468,
                      "Actual Loops": 3,
                      "Inner Unique": false,
                      "Hash Cond": "(mi_idx.movie_id = mc.movie_id)",
                      "Plans": [
                        {
                          "Node Type": "Seq Scan",
                          "Parent Relationship": "Outer",
                          "Parallel Aware": true,
                          "Relation Name": "movie_info_idx",
                          "Alias": "mi_idx",
                          "Startup Cost": 0.0,
                          "Total Cost": 15122.68,
                          "Plan Rows": 189429,
                          "Plan Width": 4,
                          "Actual Startup Time": 0.031,
                          "Actual Total Time": 38.527,
                          "Actual Rows": 153308,
                          "Actual Loops": 3,
                          "Filter": "(info_type_id = 99)",
                          "Rows Removed by Filter": 306703
                        },
                        {
                          "Node Type": "Hash",
                          "Parent Relationship": "Inner",
                          "Parallel Aware": true,
                          "Startup Cost": 20039.12,
                          "Total Cost": 20039.12,
                          "Plan Rows": 7735,
                          "Plan Width": 4,
                          "Actual Startup Time": 21.789,
                          "Actual Total Time": 21.791,
                          "Actual Rows": 1729,
                          "Actual Loops": 3,
                          "Hash Buckets": 32768,
                          "Original Hash Buckets": 32768,
                          "Hash Batches": 1,
                          "Original Hash Batches": 1,
                          "Peak Memory Usage": 512,
                          "Plans": [
                            {
                              "Node Type": "Bitmap Heap Scan",
                              "Parent Relationship": "Outer",
                              "Parallel Aware": true,
                              "Relation Name": "movie_companies",
                              "Alias": "mc",
                              "Startup Cost": 1020.61,
                              "Total Cost": 20039.12,
                              "Plan Rows": 7735,
                              "Plan Width": 4,
                              "Actual Startup Time": 18.988,
                              "Actual Total Time": 21.05,
                              "Actual Rows": 1729,
                              "Actual Loops": 3,
                              "Recheck Cond": "(company_id = 19)",
                              "Rows Removed by Index Recheck": 0,
                              "Filter": "(company_type_id = 2)",
                              "Rows Removed by Filter": 14021,
                              "Exact Heap Blocks": 3597,
                              "Lossy Heap Blocks": 0,
                              "Plans": [
                                {
                                  "Node Type": "Bitmap Index Scan",
                                  "Parent Relationship": "Outer",
                                  "Parallel Aware": false,
                                  "Index Name": "company_id_movie_companies",
                                  "Startup Cost": 0.0,
                                  "Total Cost": 1014.62,
                                  "Plan Rows": 47225,
                                  "Plan Width": 0,
                                  "Actual Startup Time": 8.482,
                                  "Actual Total Time": 8.482,
                                  "Actual Rows": 47252,
                                  "Actual Loops": 1,
                                  "Index Cond": "(company_id = 19)"
                                }
                              ]
                            }
                          ]
                        }
                      ]
                    },
                    {
                      "Node Type": "Index Scan",
                      "Parent Relationship": "Inner",
                      "Parallel Aware": false,
                      "Scan Direction": "Forward",
                      "Index Name": "title_pkey",
                      "Relation Name": "title",
                      "Alias": "t",
                      "Startup Cost": 0.43,
                      "Total Cost": 0.85,
                      "Plan Rows": 1,
                      "Plan Width": 4,
                      "Actual Startup Time": 0.011,
                      "Actual Total Time": 0.011,
                      "Actual Rows": 0,
                      "Actual Loops": 1403,
                      "Index Cond": "(id = mi_idx.movie_id)",
                      "Rows Removed by Index Recheck": 0,
                      "Filter": "(kind_id = 1)",
                      "Rows Removed by Filter": 1
                    }
                  ]
                }
              ]
            }
          ]
        }
      ]
    },
    "Planning Time": 1.495,
    "Triggers": [],
    "Execution Time": 93.987
  }
]