{
    "Plan": {
        "Node Type": "Aggregate",
        "Strategy": "Plain",
        "Partial Mode": "Simple",
        "Parallel Aware": false,
        "Startup Cost": 100000595594.14,
        "Total Cost": 100000595594.15,
        "Plan Rows": 1,
        "Plan Width": 96,
        "Actual Startup Time": 78618.887,
        "Actual Total Time": 78618.956,
        "Actual Rows": 1,
        "Actual Loops": 1,
        "Output": [
            "min(cn.name)",
            "min(mi_idx.info)",
            "min(t.title)"
        ],
        "Plans": [
            {
                "Node Type": "Nested Loop",
                "Parent Relationship": "Outer",
                "Parallel Aware": false,
                "Join Type": "Inner",
                "Startup Cost": 100000594931.68,
                "Total Cost": 100000595594.13,
                "Plan Rows": 1,
                "Plan Width": 41,
                "Actual Startup Time": 73639.396,
                "Actual Total Time": 78617.203,
                "Actual Rows": 6096,
                "Actual Loops": 1,
                "Output": [
                    "cn.name",
                    "mi_idx.info",
                    "t.title"
                ],
                "Inner Unique": true,
                "Plans": [
                    {
                        "Node Type": "Merge Join",
                        "Parent Relationship": "Outer",
                        "Parallel Aware": false,
                        "Join Type": "Inner",
                        "Startup Cost": 90000594931.26,
                        "Total Cost": 90000595561.41,
                        "Plan Rows": 7,
                        "Plan Width": 45,
                        "Actual Startup Time": 73639.127,
                        "Actual Total Time": 74376.399,
                        "Actual Rows": 891624,
                        "Actual Loops": 1,
                        "Output": [
                            "cn.name",
                            "mi_idx.info",
                            "mk.keyword_id",
                            "t.title"
                        ],
                        "Inner Unique": false,
                        "Merge Cond": "(mc.company_id = cn.id)",
                        "Plans": [
                            {
                                "Node Type": "Sort",
                                "Parent Relationship": "Outer",
                                "Parallel Aware": false,
                                "Startup Cost": 80000578314.83,
                                "Total Cost": 80000578314.85,
                                "Plan Rows": 11,
                                "Plan Width": 30,
                                "Actual Startup Time": 73577.818,
                                "Actual Total Time": 73823.332,
                                "Actual Rows": 918515,
                                "Actual Loops": 1,
                                "Output": [
                                    "mc.company_id",
                                    "mi_idx.info",
                                    "mk.keyword_id",
                                    "t.title"
                                ],
                                "Sort Key": [
                                    "mc.company_id"
                                ],
                                "Sort Method": "quicksort",
                                "Sort Space Used": 97755,
                                "Sort Space Type": "Memory",
                                "Plans": [
                                    {
                                        "Node Type": "Hash Join",
                                        "Parent Relationship": "Outer",
                                        "Parallel Aware": false,
                                        "Join Type": "Inner",
                                        "Startup Cost": 80000578293.06,
                                        "Total Cost": 80000578314.64,
                                        "Plan Rows": 11,
                                        "Plan Width": 30,
                                        "Actual Startup Time": 73058.456,
                                        "Actual Total Time": 73394.985,
                                        "Actual Rows": 918515,
                                        "Actual Loops": 1,
                                        "Output": [
                                            "mc.company_id",
                                            "mi_idx.info",
                                            "mk.keyword_id",
                                            "t.title"
                                        ],
                                        "Inner Unique": false,
                                        "Hash Cond": "(t.kind_id = kt.id)",
                                        "Plans": [
                                            {
                                                "Node Type": "Merge Join",
                                                "Parent Relationship": "Outer",
                                                "Parallel Aware": false,
                                                "Join Type": "Inner",
                                                "Startup Cost": 80000578291.95,
                                                "Total Cost": 80000578313.27,
                                                "Plan Rows": 39,
                                                "Plan Width": 34,
                                                "Actual Startup Time": 73058.415,
                                                "Actual Total Time": 73281.854,
                                                "Actual Rows": 934846,
                                                "Actual Loops": 1,
                                                "Output": [
                                                    "mc.company_id",
                                                    "mi_idx.info",
                                                    "mk.keyword_id",
                                                    "t.title",
                                                    "t.kind_id"
                                                ],
                                                "Inner Unique": false,
                                                "Merge Cond": "(mi.info_type_id = it1.id)",
                                                "Plans": [
                                                    {
                                                        "Node Type": "Sort",
                                                        "Parent Relationship": "Outer",
                                                        "Parallel Aware": false,
                                                        "Startup Cost": 70000578289.52,
                                                        "Total Cost": 70000578299.9,
                                                        "Plan Rows": 4152,
                                                        "Plan Width": 38,
                                                        "Actual Startup Time": 72955.147,
                                                        "Actual Total Time": 73053.894,
                                                        "Actual Rows": 1753977,
                                                        "Actual Loops": 1,
                                                        "Output": [
                                                            "mc.company_id",
                                                            "mi.info_type_id",
                                                            "mi_idx.info",
                                                            "mk.keyword_id",
                                                            "t.title",
                                                            "t.kind_id"
                                                        ],
                                                        "Sort Key": [
                                                            "mi.info_type_id"
                                                        ],
                                                        "Sort Method": "quicksort",
                                                        "Sort Space Used": 212888,
                                                        "Sort Space Type": "Memory",
                                                        "Plans": [
                                                            {
                                                                "Node Type": "Nested Loop",
                                                                "Parent Relationship": "Outer",
                                                                "Parallel Aware": false,
                                                                "Join Type": "Inner",
                                                                "Startup Cost": 70000575898.35,
                                                                "Total Cost": 70000578040.0,
                                                                "Plan Rows": 4152,
                                                                "Plan Width": 38,
                                                                "Actual Startup Time": 17341.476,
                                                                "Actual Total Time": 72554.205,
                                                                "Actual Rows": 1983552,
                                                                "Actual Loops": 1,
                                                                "Output": [
                                                                    "mc.company_id",
                                                                    "mi.info_type_id",
                                                                    "mi_idx.info",
                                                                    "mk.keyword_id",
                                                                    "t.title",
                                                                    "t.kind_id"
                                                                ],
                                                                "Inner Unique": false,
                                                                "Join Filter": "(t.id = mi.movie_id)",
                                                                "Rows Removed by Join Filter": 0,
                                                                "Plans": [
                                                                    {
                                                                        "Node Type": "Hash Join",
                                                                        "Parent Relationship": "Outer",
                                                                        "Parallel Aware": false,
                                                                        "Join Type": "Inner",
                                                                        "Startup Cost": 70000575897.92,
                                                                        "Total Cost": 70000575940.92,
                                                                        "Plan Rows": 1137,
                                                                        "Plan Width": 54,
                                                                        "Actual Startup Time": 17341.442,
                                                                        "Actual Total Time": 17807.452,
                                                                        "Actual Rows": 877637,
                                                                        "Actual Loops": 1,
                                                                        "Output": [
                                                                            "cc.movie_id",
                                                                            "mc.movie_id",
                                                                            "mc.company_id",
                                                                            "mi_idx.info",
                                                                            "mi_idx.movie_id",
                                                                            "mk.movie_id",
                                                                            "mk.keyword_id",
                                                                            "t.title",
                                                                            "t.kind_id",
                                                                            "t.id"
                                                                        ],
                                                                        "Inner Unique": true,
                                                                        "Hash Cond": "(cc.status_id = cct2.id)",
                                                                        "Plans": [
                                                                            {
                                                                                "Node Type": "Merge Join",
                                                                                "Parent Relationship": "Outer",
                                                                                "Parallel Aware": false,
                                                                                "Join Type": "Inner",
                                                                                "Startup Cost": 70000575885.68,
                                                                                "Total Cost": 70000575920.49,
                                                                                "Plan Rows": 1516,
                                                                                "Plan Width": 58,
                                                                                "Actual Startup Time": 17341.422,
                                                                                "Actual Total Time": 17625.805,
                                                                                "Actual Rows": 1125576,
                                                                                "Actual Loops": 1,
                                                                                "Output": [
                                                                                    "cc.movie_id",
                                                                                    "cc.status_id",
                                                                                    "mc.movie_id",
                                                                                    "mc.company_id",
                                                                                    "mi_idx.info",
                                                                                    "mi_idx.movie_id",
                                                                                    "mk.movie_id",
                                                                                    "mk.keyword_id",
                                                                                    "t.title",
                                                                                    "t.kind_id",
                                                                                    "t.id"
                                                                                ],
                                                                                "Inner Unique": true,
                                                                                "Merge Cond": "(mc.company_type_id = ct.id)",
                                                                                "Plans": [
                                                                                    {
                                                                                        "Node Type": "Sort",
                                                                                        "Parent Relationship": "Outer",
                                                                                        "Parallel Aware": false,
                                                                                        "Startup Cost": 60000575885.55,
                                                                                        "Total Cost": 60000575889.34,
                                                                                        "Plan Rows": 1516,
                                                                                        "Plan Width": 62,
                                                                                        "Actual Startup Time": 17341.389,
                                                                                        "Actual Total Time": 17409.698,
                                                                                        "Actual Rows": 1125576,
                                                                                        "Actual Loops": 1,
                                                                                        "Output": [
                                                                                            "cc.movie_id",
                                                                                            "cc.status_id",
                                                                                            "mc.movie_id",
                                                                                            "mc.company_type_id",
                                                                                            "mc.company_id",
                                                                                            "mi_idx.info",
                                                                                            "mi_idx.movie_id",
                                                                                            "mk.movie_id",
                                                                                            "mk.keyword_id",
                                                                                            "t.title",
                                                                                            "t.kind_id",
                                                                                            "t.id"
                                                                                        ],
                                                                                        "Sort Key": [
                                                                                            "mc.company_type_id"
                                                                                        ],
                                                                                        "Sort Method": "quicksort",
                                                                                        "Sort Space Used": 207540,
                                                                                        "Sort Space Type": "Memory",
                                                                                        "Plans": [
                                                                                            {
                                                                                                "Node Type": "Merge Join",
                                                                                                "Parent Relationship": "Outer",
                                                                                                "Parallel Aware": false,
                                                                                                "Join Type": "Inner",
                                                                                                "Startup Cost": 60000575759.92,
                                                                                                "Total Cost": 60000575805.46,
                                                                                                "Plan Rows": 1516,
                                                                                                "Plan Width": 62,
                                                                                                "Actual Startup Time": 16896.546,
                                                                                                "Actual Total Time": 17111.96,
                                                                                                "Actual Rows": 1125576,
                                                                                                "Actual Loops": 1,
                                                                                                "Output": [
                                                                                                    "cc.movie_id",
                                                                                                    "cc.status_id",
                                                                                                    "mc.movie_id",
                                                                                                    "mc.company_type_id",
                                                                                                    "mc.company_id",
                                                                                                    "mi_idx.info",
                                                                                                    "mi_idx.movie_id",
                                                                                                    "mk.movie_id",
                                                                                                    "mk.keyword_id",
                                                                                                    "t.title",
                                                                                                    "t.kind_id",
                                                                                                    "t.id"
                                                                                                ],
                                                                                                "Inner Unique": false,
                                                                                                "Merge Cond": "(cct1.id = cc.subject_id)",
                                                                                                "Plans": [
                                                                                                    {
                                                                                                        "Node Type": "Sort",
                                                                                                        "Parent Relationship": "Outer",
                                                                                                        "Parallel Aware": false,
                                                                                                        "Startup Cost": 10000000001.06,
                                                                                                        "Total Cost": 10000000001.06,
                                                                                                        "Plan Rows": 1,
                                                                                                        "Plan Width": 4,
                                                                                                        "Actual Startup Time": 0.01,
                                                                                                        "Actual Total Time": 0.012,
                                                                                                        "Actual Rows": 1,
                                                                                                        "Actual Loops": 1,
                                                                                                        "Output": [
                                                                                                            "cct1.id"
                                                                                                        ],
                                                                                                        "Sort Key": [
                                                                                                            "cct1.id"
                                                                                                        ],
                                                                                                        "Sort Method": "quicksort",
                                                                                                        "Sort Space Used": 25,
                                                                                                        "Sort Space Type": "Memory",
                                                                                                        "Plans": [
                                                                                                            {
                                                                                                                "Node Type": "Seq Scan",
                                                                                                                "Parent Relationship": "Outer",
                                                                                                                "Parallel Aware": false,
                                                                                                                "Relation Name": "comp_cast_type",
                                                                                                                "Schema": "public",
                                                                                                                "Alias": "cct1",
                                                                                                                "Startup Cost": 10000000000.0,
                                                                                                                "Total Cost": 10000000001.05,
                                                                                                                "Plan Rows": 1,
                                                                                                                "Plan Width": 4,
                                                                                                                "Actual Startup Time": 0.006,
                                                                                                                "Actual Total Time": 0.007,
                                                                                                                "Actual Rows": 1,
                                                                                                                "Actual Loops": 1,
                                                                                                                "Output": [
                                                                                                                    "cct1.id"
                                                                                                                ],
                                                                                                                "Filter": "((cct1.kind)::text = 'crew'::text)",
                                                                                                                "Rows Removed by Filter": 3
                                                                                                            }
                                                                                                        ]
                                                                                                    },
                                                                                                    {
                                                                                                        "Node Type": "Sort",
                                                                                                        "Parent Relationship": "Inner",
                                                                                                        "Parallel Aware": false,
                                                                                                        "Startup Cost": 50000575758.86,
                                                                                                        "Total Cost": 50000575774.03,
                                                                                                        "Plan Rows": 6071,
                                                                                                        "Plan Width": 66,
                                                                                                        "Actual Startup Time": 16473.322,
                                                                                                        "Actual Total Time": 16711.969,
                                                                                                        "Actual Rows": 5846857,
                                                                                                        "Actual Loops": 1,
                                                                                                        "Output": [
                                                                                                            "cc.movie_id",
                                                                                                            "cc.subject_id",
                                                                                                            "cc.status_id",
                                                                                                            "mc.movie_id",
                                                                                                            "mc.company_type_id",
                                                                                                            "mc.company_id",
                                                                                                            "mi_idx.info",
                                                                                                            "mi_idx.movie_id",
                                                                                                            "mk.movie_id",
                                                                                                            "mk.keyword_id",
                                                                                                            "t.title",
                                                                                                            "t.kind_id",
                                                                                                            "t.id"
                                                                                                        ],
                                                                                                        "Sort Key": [
                                                                                                            "cc.subject_id"
                                                                                                        ],
                                                                                                        "Sort Method": "quicksort",
                                                                                                        "Sort Space Used": 1020536,
                                                                                                        "Sort Space Type": "Memory",
                                                                                                        "Plans": [
                                                                                                            {
                                                                                                                "Node Type": "Merge Join",
                                                                                                                "Parent Relationship": "Outer",
                                                                                                                "Parallel Aware": false,
                                                                                                                "Join Type": "Inner",
                                                                                                                "Startup Cost": 50000574581.69,
                                                                                                                "Total Cost": 50000575377.36,
                                                                                                                "Plan Rows": 6071,
                                                                                                                "Plan Width": 66,
                                                                                                                "Actual Startup Time": 13413.689,
                                                                                                                "Actual Total Time": 15185.424,
                                                                                                                "Actual Rows": 5846857,
                                                                                                                "Actual Loops": 1,
                                                                                                                "Output": [
                                                                                                                    "cc.movie_id",
                                                                                                                    "cc.subject_id",
                                                                                                                    "cc.status_id",
                                                                                                                    "mc.movie_id",
                                                                                                                    "mc.company_type_id",
                                                                                                                    "mc.company_id",
                                                                                                                    "mi_idx.info",
                                                                                                                    "mi_idx.movie_id",
                                                                                                                    "mk.movie_id",
                                                                                                                    "mk.keyword_id",
                                                                                                                    "t.title",
                                                                                                                    "t.kind_id",
                                                                                                                    "t.id"
                                                                                                                ],
                                                                                                                "Inner Unique": false,
                                                                                                                "Merge Cond": "(t.id = cc.movie_id)",
                                                                                                                "Plans": [
                                                                                                                    {
                                                                                                                        "Node Type": "Sort",
                                                                                                                        "Parent Relationship": "Outer",
                                                                                                                        "Parallel Aware": false,
                                                                                                                        "Startup Cost": 40000560988.12,
                                                                                                                        "Total Cost": 40000561042.51,
                                                                                                                        "Plan Rows": 21756,
                                                                                                                        "Plan Width": 54,
                                                                                                                        "Actual Startup Time": 13377.507,
                                                                                                                        "Actual Total Time": 13661.994,
                                                                                                                        "Actual Rows": 7252888,
                                                                                                                        "Actual Loops": 1,
                                                                                                                        "Output": [
                                                                                                                            "mi_idx.info",
                                                                                                                            "mi_idx.movie_id",
                                                                                                                            "mc.movie_id",
                                                                                                                            "mc.company_type_id",
                                                                                                                            "mc.company_id",
                                                                                                                            "mk.movie_id",
                                                                                                                            "mk.keyword_id",
                                                                                                                            "t.title",
                                                                                                                            "t.kind_id",
                                                                                                                            "t.id"
                                                                                                                        ],
                                                                                                                        "Sort Key": [
                                                                                                                            "mi_idx.movie_id"
                                                                                                                        ],
                                                                                                                        "Sort Method": "quicksort",
                                                                                                                        "Sort Space Used": 1040768,
                                                                                                                        "Sort Space Type": "Memory",
                                                                                                                        "Plans": [
                                                                                                                            {
                                                                                                                                "Node Type": "Hash Join",
                                                                                                                                "Parent Relationship": "Outer",
                                                                                                                                "Parallel Aware": false,
                                                                                                                                "Join Type": "Inner",
                                                                                                                                "Startup Cost": 40000558170.8,
                                                                                                                                "Total Cost": 40000559420.7,
                                                                                                                                "Plan Rows": 21756,
                                                                                                                                "Plan Width": 54,
                                                                                                                                "Actual Startup Time": 10790.826,
                                                                                                                                "Actual Total Time": 11736.285,
                                                                                                                                "Actual Rows": 7252888,
                                                                                                                                "Actual Loops": 1,
                                                                                                                                "Output": [
                                                                                                                                    "mi_idx.info",
                                                                                                                                    "mi_idx.movie_id",
                                                                                                                                    "mc.movie_id",
                                                                                                                                    "mc.company_type_id",
                                                                                                                                    "mc.company_id",
                                                                                                                                    "mk.movie_id",
                                                                                                                                    "mk.keyword_id",
                                                                                                                                    "t.title",
                                                                                                                                    "t.kind_id",
                                                                                                                                    "t.id"
                                                                                                                                ],
                                                                                                                                "Inner Unique": false,
                                                                                                                                "Hash Cond": "(it2.id = mi_idx.info_type_id)",
                                                                                                                                "Plans": [
                                                                                                                                    {
                                                                                                                                        "Node Type": "Seq Scan",
                                                                                                                                        "Parent Relationship": "Outer",
                                                                                                                                        "Parallel Aware": false,
                                                                                                                                        "Relation Name": "info_type",
                                                                                                                                        "Schema": "public",
                                                                                                                                        "Alias": "it2",
                                                                                                                                        "Startup Cost": 10000000000.0,
                                                                                                                                        "Total Cost": 10000000002.41,
                                                                                                                                        "Plan Rows": 1,
                                                                                                                                        "Plan Width": 4,
                                                                                                                                        "Actual Startup Time": 0.016,
                                                                                                                                        "Actual Total Time": 0.025,
                                                                                                                                        "Actual Rows": 1,
                                                                                                                                        "Actual Loops": 1,
                                                                                                                                        "Output": [
                                                                                                                                            "it2.id",
                                                                                                                                            "it2.info"
                                                                                                                                        ],
                                                                                                                                        "Filter": "((it2.info)::text = 'rating'::text)",
                                                                                                                                        "Rows Removed by Filter": 112
                                                                                                                                    },
                                                                                                                                    {
                                                                                                                                        "Node Type": "Hash",
                                                                                                                                        "Parent Relationship": "Inner",
                                                                                                                                        "Parallel Aware": false,
                                                                                                                                        "Startup Cost": 30000527439.38,
                                                                                                                                        "Total Cost": 30000527439.38,
                                                                                                                                        "Plan Rows": 2458514,
                                                                                                                                        "Plan Width": 58,
                                                                                                                                        "Actual Startup Time": 10785.74,
                                                                                                                                        "Actual Total Time": 10785.763,
                                                                                                                                        "Actual Rows": 21762737,
                                                                                                                                        "Actual Loops": 1,
                                                                                                                                        "Output": [
                                                                                                                                            "mc.movie_id",
                                                                                                                                            "mc.company_type_id",
                                                                                                                                            "mc.company_id",
                                                                                                                                            "mi_idx.info",
                                                                                                                                            "mi_idx.movie_id",
                                                                                                                                            "mi_idx.info_type_id",
                                                                                                                                            "mk.movie_id",
                                                                                                                                            "mk.keyword_id",
                                                                                                                                            "t.title",
                                                                                                                                            "t.kind_id",
                                                                                                                                            "t.id"
                                                                                                                                        ],
                                                                                                                                        "Hash Buckets": 33554432,
                                                                                                                                        "Original Hash Buckets": 4194304,
                                                                                                                                        "Hash Batches": 1,
                                                                                                                                        "Original Hash Batches": 1,
                                                                                                                                        "Peak Memory Usage": 2252012,
                                                                                                                                        "Plans": [
                                                                                                                                            {
                                                                                                                                                "Node Type": "Hash Join",
                                                                                                                                                "Parent Relationship": "Outer",
                                                                                                                                                "Parallel Aware": false,
                                                                                                                                                "Join Type": "Inner",
                                                                                                                                                "Startup Cost": 30000436037.63,
                                                                                                                                                "Total Cost": 30000527439.38,
                                                                                                                                                "Plan Rows": 2458514,
                                                                                                                                                "Plan Width": 58,
                                                                                                                                                "Actual Startup Time": 2945.237,
                                                                                                                                                "Actual Total Time": 6255.752,
                                                                                                                                                "Actual Rows": 21762737,
                                                                                                                                                "Actual Loops": 1,
                                                                                                                                                "Output": [
                                                                                                                                                    "mc.movie_id",
                                                                                                                                                    "mc.company_type_id",
                                                                                                                                                    "mc.company_id",
                                                                                                                                                    "mi_idx.info",
                                                                                                                                                    "mi_idx.movie_id",
                                                                                                                                                    "mi_idx.info_type_id",
                                                                                                                                                    "mk.movie_id",
                                                                                                                                                    "mk.keyword_id",
                                                                                                                                                    "t.title",
                                                                                                                                                    "t.kind_id",
                                                                                                                                                    "t.id"
                                                                                                                                                ],
                                                                                                                                                "Inner Unique": false,
                                                                                                                                                "Hash Cond": "(mk.movie_id = t.id)",
                                                                                                                                                "Plans": [
                                                                                                                                                    {
                                                                                                                                                        "Node Type": "Seq Scan",
                                                                                                                                                        "Parent Relationship": "Outer",
                                                                                                                                                        "Parallel Aware": false,
                                                                                                                                                        "Relation Name": "movie_keyword",
                                                                                                                                                        "Schema": "public",
                                                                                                                                                        "Alias": "mk",
                                                                                                                                                        "Startup Cost": 10000000000.0,
                                                                                                                                                        "Total Cost": 10000069693.3,
                                                                                                                                                        "Plan Rows": 4523930,
                                                                                                                                                        "Plan Width": 8,
                                                                                                                                                        "Actual Startup Time": 0.014,
                                                                                                                                                        "Actual Total Time": 298.874,
                                                                                                                                                        "Actual Rows": 4523930,
                                                                                                                                                        "Actual Loops": 1,
                                                                                                                                                        "Output": [
                                                                                                                                                            "mk.id",
                                                                                                                                                            "mk.movie_id",
                                                                                                                                                            "mk.keyword_id"
                                                                                                                                                        ]
                                                                                                                                                    },
                                                                                                                                                    {
                                                                                                                                                        "Node Type": "Hash",
                                                                                                                                                        "Parent Relationship": "Inner",
                                                                                                                                                        "Parallel Aware": false,
                                                                                                                                                        "Startup Cost": 20000432723.69,
                                                                                                                                                        "Total Cost": 20000432723.69,
                                                                                                                                                        "Plan Rows": 265115,
                                                                                                                                                        "Plan Width": 50,
                                                                                                                                                        "Actual Startup Time": 2944.673,
                                                                                                                                                        "Actual Total Time": 2944.694,
                                                                                                                                                        "Actual Rows": 507285,
                                                                                                                                                        "Actual Loops": 1,
                                                                                                                                                        "Output": [
                                                                                                                                                            "mc.movie_id",
                                                                                                                                                            "mc.company_type_id",
                                                                                                                                                            "mc.company_id",
                                                                                                                                                            "mi_idx.info",
                                                                                                                                                            "mi_idx.movie_id",
                                                                                                                                                            "mi_idx.info_type_id",
                                                                                                                                                            "t.title",
                                                                                                                                                            "t.kind_id",
                                                                                                                                                            "t.id"
                                                                                                                                                        ],
                                                                                                                                                        "Hash Buckets": 524288,
                                                                                                                                                        "Original Hash Buckets": 524288,
                                                                                                                                                        "Hash Batches": 1,
                                                                                                                                                        "Original Hash Batches": 1,
                                                                                                                                                        "Peak Memory Usage": 46912,
                                                                                                                                                        "Plans": [
                                                                                                                                                            {
                                                                                                                                                                "Node Type": "Merge Join",
                                                                                                                                                                "Parent Relationship": "Outer",
                                                                                                                                                                "Parallel Aware": false,
                                                                                                                                                                "Join Type": "Inner",
                                                                                                                                                                "Startup Cost": 20000419835.95,
                                                                                                                                                                "Total Cost": 20000432723.69,
                                                                                                                                                                "Plan Rows": 265115,
                                                                                                                                                                "Plan Width": 50,
                                                                                                                                                                "Actual Startup Time": 2346.437,
                                                                                                                                                                "Actual Total Time": 2839.574,
                                                                                                                                                                "Actual Rows": 507285,
                                                                                                                                                                "Actual Loops": 1,
                                                                                                                                                                "Output": [
                                                                                                                                                                    "mc.movie_id",
                                                                                                                                                                    "mc.company_type_id",
                                                                                                                                                                    "mc.company_id",
                                                                                                                                                                    "mi_idx.info",
                                                                                                                                                                    "mi_idx.movie_id",
                                                                                                                                                                    "mi_idx.info_type_id",
                                                                                                                                                                    "t.title",
                                                                                                                                                                    "t.kind_id",
                                                                                                                                                                    "t.id"
                                                                                                                                                                ],
                                                                                                                                                                "Inner Unique": false,
                                                                                                                                                                "Merge Cond": "(mi_idx.movie_id = t.id)",
                                                                                                                                                                "Plans": [
                                                                                                                                                                    {
                                                                                                                                                                        "Node Type": "Sort",
                                                                                                                                                                        "Parent Relationship": "Outer",
                                                                                                                                                                        "Parallel Aware": false,
                                                                                                                                                                        "Startup Cost": 10000182902.44,
                                                                                                                                                                        "Total Cost": 10000183924.01,
                                                                                                                                                                        "Plan Rows": 408626,
                                                                                                                                                                        "Plan Width": 25,
                                                                                                                                                                        "Actual Startup Time": 1594.414,
                                                                                                                                                                        "Actual Total Time": 1624.745,
                                                                                                                                                                        "Actual Rows": 607841,
                                                                                                                                                                        "Actual Loops": 1,
                                                                                                                                                                        "Output": [
                                                                                                                                                                            "mc.movie_id",
                                                                                                                                                                            "mc.company_type_id",
                                                                                                                                                                            "mc.company_id",
                                                                                                                                                                            "mi_idx.info",
                                                                                                                                                                            "mi_idx.movie_id",
                                                                                                                                                                            "mi_idx.info_type_id"
                                                                                                                                                                        ],
                                                                                                                                                                        "Sort Key": [
                                                                                                                                                                            "mc.movie_id"
                                                                                                                                                                        ],
                                                                                                                                                                        "Sort Method": "quicksort",
                                                                                                                                                                        "Sort Space Used": 72064,
                                                                                                                                                                        "Sort Space Type": "Memory",
                                                                                                                                                                        "Plans": [
                                                                                                                                                                            {
                                                                                                                                                                                "Node Type": "Hash Join",
                                                                                                                                                                                "Parent Relationship": "Outer",
                                                                                                                                                                                "Parallel Aware": false,
                                                                                                                                                                                "Join Type": "Inner",
                                                                                                                                                                                "Startup Cost": 10000041925.44,
                                                                                                                                                                                "Total Cost": 10000144817.64,
                                                                                                                                                                                "Plan Rows": 408626,
                                                                                                                                                                                "Plan Width": 25,
                                                                                                                                                                                "Actual Startup Time": 584.239,
                                                                                                                                                                                "Actual Total Time": 1427.459,
                                                                                                                                                                                "Actual Rows": 607841,
                                                                                                                                                                                "Actual Loops": 1,
                                                                                                                                                                                "Output": [
                                                                                                                                                                                    "mc.movie_id",
                                                                                                                                                                                    "mc.company_type_id",
                                                                                                                                                                                    "mc.company_id",
                                                                                                                                                                                    "mi_idx.info",
                                                                                                                                                                                    "mi_idx.movie_id",
                                                                                                                                                                                    "mi_idx.info_type_id"
                                                                                                                                                                                ],
                                                                                                                                                                                "Inner Unique": false,
                                                                                                                                                                                "Hash Cond": "(mc.movie_id = mi_idx.movie_id)",
                                                                                                                                                                                "Plans": [
                                                                                                                                                                                    {
                                                                                                                                                                                        "Node Type": "Index Scan",
                                                                                                                                                                                        "Parent Relationship": "Outer",
                                                                                                                                                                                        "Parallel Aware": false,
                                                                                                                                                                                        "Scan Direction": "Forward",
                                                                                                                                                                                        "Index Name": "company_type_id_movie_companies",
                                                                                                                                                                                        "Relation Name": "movie_companies",
                                                                                                                                                                                        "Schema": "public",
                                                                                                                                                                                        "Alias": "mc",
                                                                                                                                                                                        "Startup Cost": 0.43,
                                                                                                                                                                                        "Total Cost": 97876.01,
                                                                                                                                                                                        "Plan Rows": 148857,
                                                                                                                                                                                        "Plan Width": 12,
                                                                                                                                                                                        "Actual Startup Time": 0.023,
                                                                                                                                                                                        "Actual Total Time": 665.094,
                                                                                                                                                                                        "Actual Rows": 303271,
                                                                                                                                                                                        "Actual Loops": 1,
                                                                                                                                                                                        "Output": [
                                                                                                                                                                                            "mc.id",
                                                                                                                                                                                            "mc.movie_id",
                                                                                                                                                                                            "mc.company_id",
                                                                                                                                                                                            "mc.company_type_id",
                                                                                                                                                                                            "mc.note"
                                                                                                                                                                                        ],
                                                                                                                                                                                        "Filter": "((mc.note !~~ '%(USA)%'::text) AND (mc.note ~~ '%(200%)%'::text))",
                                                                                                                                                                                        "Rows Removed by Filter": 2305858
                                                                                                                                                                                    },
                                                                                                                                                                                    {
                                                                                                                                                                                        "Node Type": "Hash",
                                                                                                                                                                                        "Parent Relationship": "Inner",
                                                                                                                                                                                        "Parallel Aware": false,
                                                                                                                                                                                        "Startup Cost": 10000025185.44,
                                                                                                                                                                                        "Total Cost": 10000025185.44,
                                                                                                                                                                                        "Plan Rows": 1339166,
                                                                                                                                                                                        "Plan Width": 13,
                                                                                                                                                                                        "Actual Startup Time": 581.186,
                                                                                                                                                                                        "Actual Total Time": 581.187,
                                                                                                                                                                                        "Actual Rows": 1337634,
                                                                                                                                                                                        "Actual Loops": 1,
                                                                                                                                                                                        "Output": [
                                                                                                                                                                                            "mi_idx.info",
                                                                                                                                                                                            "mi_idx.movie_id",
                                                                                                                                                                                            "mi_idx.info_type_id"
                                                                                                                                                                                        ],
                                                                                                                                                                                        "Hash Buckets": 2097152,
                                                                                                                                                                                        "Original Hash Buckets": 2097152,
                                                                                                                                                                                        "Hash Batches": 1,
                                                                                                                                                                                        "Original Hash Batches": 1,
                                                                                                                                                                                        "Peak Memory Usage": 77527,
                                                                                                                                                                                        "Plans": [
                                                                                                                                                                                            {
                                                                                                                                                                                                "Node Type": "Seq Scan",
                                                                                                                                                                                                "Parent Relationship": "Outer",
                                                                                                                                                                                                "Parallel Aware": false,
                                                                                                                                                                                                "Relation Name": "movie_info_idx",
                                                                                                                                                                                                "Schema": "public",
                                                                                                                                                                                                "Alias": "mi_idx",
                                                                                                                                                                                                "Startup Cost": 10000000000.0,
                                                                                                                                                                                                "Total Cost": 10000025185.44,
                                                                                                                                                                                                "Plan Rows": 1339166,
                                                                                                                                                                                                "Plan Width": 13,
                                                                                                                                                                                                "Actual Startup Time": 0.018,
                                                                                                                                                                                                "Actual Total Time": 275.345,
                                                                                                                                                                                                "Actual Rows": 1337634,
                                                                                                                                                                                                "Actual Loops": 1,
                                                                                                                                                                                                "Output": [
                                                                                                                                                                                                    "mi_idx.info",
                                                                                                                                                                                                    "mi_idx.movie_id",
                                                                                                                                                                                                    "mi_idx.info_type_id"
                                                                                                                                                                                                ],
                                                                                                                                                                                                "Filter": "(mi_idx.info < '8.5'::text)",
                                                                                                                                                                                                "Rows Removed by Filter": 42401
                                                                                                                                                                                            }
                                                                                                                                                                                        ]
                                                                                                                                                                                    }
                                                                                                                                                                                ]
                                                                                                                                                                            }
                                                                                                                                                                        ]
                                                                                                                                                                    },
                                                                                                                                                                    {
                                                                                                                                                                        "Node Type": "Sort",
                                                                                                                                                                        "Parent Relationship": "Inner",
                                                                                                                                                                        "Parallel Aware": false,
                                                                                                                                                                        "Startup Cost": 10000236933.5,
                                                                                                                                                                        "Total Cost": 10000241034.42,
                                                                                                                                                                        "Plan Rows": 1640365,
                                                                                                                                                                        "Plan Width": 25,
                                                                                                                                                                        "Actual Startup Time": 752.01,
                                                                                                                                                                        "Actual Total Time": 960.076,
                                                                                                                                                                        "Actual Rows": 2075487,
                                                                                                                                                                        "Actual Loops": 1,
                                                                                                                                                                        "Output": [
                                                                                                                                                                            "t.title",
                                                                                                                                                                            "t.kind_id",
                                                                                                                                                                            "t.id"
                                                                                                                                                                        ],
                                                                                                                                                                        "Sort Key": [
                                                                                                                                                                            "t.id"
                                                                                                                                                                        ],
                                                                                                                                                                        "Sort Method": "quicksort",
                                                                                                                                                                        "Sort Space Used": 173654,
                                                                                                                                                                        "Sort Space Type": "Memory",
                                                                                                                                                                        "Plans": [
                                                                                                                                                                            {
                                                                                                                                                                                "Node Type": "Seq Scan",
                                                                                                                                                                                "Parent Relationship": "Outer",
                                                                                                                                                                                "Parallel Aware": false,
                                                                                                                                                                                "Relation Name": "title",
                                                                                                                                                                                "Schema": "public",
                                                                                                                                                                                "Alias": "t",
                                                                                                                                                                                "Startup Cost": 10000000000.0,
                                                                                                                                                                                "Total Cost": 10000067602.02,
                                                                                                                                                                                "Plan Rows": 1640365,
                                                                                                                                                                                "Plan Width": 25,
                                                                                                                                                                                "Actual Startup Time": 0.016,
                                                                                                                                                                                "Actual Total Time": 302.343,
                                                                                                                                                                                "Actual Rows": 1643514,
                                                                                                                                                                                "Actual Loops": 1,
                                                                                                                                                                                "Output": [
                                                                                                                                                                                    "t.title",
                                                                                                                                                                                    "t.kind_id",
                                                                                                                                                                                    "t.id"
                                                                                                                                                                                ],
                                                                                                                                                                                "Filter": "(t.production_year > 1994)",
                                                                                                                                                                                "Rows Removed by Filter": 884798
                                                                                                                                                                            }
                                                                                                                                                                        ]
                                                                                                                                                                    }
                                                                                                                                                                ]
                                                                                                                                                            }
                                                                                                                                                        ]
                                                                                                                                                    }
                                                                                                                                                ]
                                                                                                                                            }
                                                                                                                                        ]
                                                                                                                                    }
                                                                                                                                ]
                                                                                                                            }
                                                                                                                        ]
                                                                                                                    },
                                                                                                                    {
                                                                                                                        "Node Type": "Sort",
                                                                                                                        "Parent Relationship": "Inner",
                                                                                                                        "Parallel Aware": false,
                                                                                                                        "Startup Cost": 10000013593.56,
                                                                                                                        "Total Cost": 10000013931.28,
                                                                                                                        "Plan Rows": 135086,
                                                                                                                        "Plan Width": 12,
                                                                                                                        "Actual Startup Time": 36.039,
                                                                                                                        "Actual Total Time": 246.056,
                                                                                                                        "Actual Rows": 5969287,
                                                                                                                        "Actual Loops": 1,
                                                                                                                        "Output": [
                                                                                                                            "cc.movie_id",
                                                                                                                            "cc.subject_id",
                                                                                                                            "cc.status_id"
                                                                                                                        ],
                                                                                                                        "Sort Key": [
                                                                                                                            "cc.movie_id"
                                                                                                                        ],
                                                                                                                        "Sort Method": "quicksort",
                                                                                                                        "Sort Space Used": 12477,
                                                                                                                        "Sort Space Type": "Memory",
                                                                                                                        "Plans": [
                                                                                                                            {
                                                                                                                                "Node Type": "Seq Scan",
                                                                                                                                "Parent Relationship": "Outer",
                                                                                                                                "Parallel Aware": false,
                                                                                                                                "Relation Name": "complete_cast",
                                                                                                                                "Schema": "public",
                                                                                                                                "Alias": "cc",
                                                                                                                                "Startup Cost": 10000000000.0,
                                                                                                                                "Total Cost": 10000002081.86,
                                                                                                                                "Plan Rows": 135086,
                                                                                                                                "Plan Width": 12,
                                                                                                                                "Actual Startup Time": 0.023,
                                                                                                                                "Actual Total Time": 12.364,
                                                                                                                                "Actual Rows": 135086,
                                                                                                                                "Actual Loops": 1,
                                                                                                                                "Output": [
                                                                                                                                    "cc.movie_id",
                                                                                                                                    "cc.subject_id",
                                                                                                                                    "cc.status_id"
                                                                                                                                ]
                                                                                                                            }
                                                                                                                        ]
                                                                                                                    }
                                                                                                                ]
                                                                                                            }
                                                                                                        ]
                                                                                                    }
                                                                                                ]
                                                                                            }
                                                                                        ]
                                                                                    },
                                                                                    {
                                                                                        "Node Type": "Index Scan",
                                                                                        "Parent Relationship": "Inner",
                                                                                        "Parallel Aware": false,
                                                                                        "Scan Direction": "Forward",
                                                                                        "Index Name": "company_type_pkey",
                                                                                        "Relation Name": "company_type",
                                                                                        "Schema": "public",
                                                                                        "Alias": "ct",
                                                                                        "Startup Cost": 10000000000.13,
                                                                                        "Total Cost": 10000000012.19,
                                                                                        "Plan Rows": 4,
                                                                                        "Plan Width": 4,
                                                                                        "Actual Startup Time": 0.029,
                                                                                        "Actual Total Time": 0.038,
                                                                                        "Actual Rows": 2,
                                                                                        "Actual Loops": 1,
                                                                                        "Output": [
                                                                                            "ct.id",
                                                                                            "ct.kind"
                                                                                        ]
                                                                                    }
                                                                                ]
                                                                            },
                                                                            {
                                                                                "Node Type": "Hash",
                                                                                "Parent Relationship": "Inner",
                                                                                "Parallel Aware": false,
                                                                                "Startup Cost": 12.2,
                                                                                "Total Cost": 12.2,
                                                                                "Plan Rows": 3,
                                                                                "Plan Width": 4,
                                                                                "Actual Startup Time": 0.013,
                                                                                "Actual Total Time": 0.014,
                                                                                "Actual Rows": 3,
                                                                                "Actual Loops": 1,
                                                                                "Output": [
                                                                                    "cct2.id"
                                                                                ],
                                                                                "Hash Buckets": 1024,
                                                                                "Original Hash Buckets": 1024,
                                                                                "Hash Batches": 1,
                                                                                "Original Hash Batches": 1,
                                                                                "Peak Memory Usage": 9,
                                                                                "Plans": [
                                                                                    {
                                                                                        "Node Type": "Index Scan",
                                                                                        "Parent Relationship": "Outer",
                                                                                        "Parallel Aware": false,
                                                                                        "Scan Direction": "Forward",
                                                                                        "Index Name": "comp_cast_type_pkey",
                                                                                        "Relation Name": "comp_cast_type",
                                                                                        "Schema": "public",
                                                                                        "Alias": "cct2",
                                                                                        "Startup Cost": 0.13,
                                                                                        "Total Cost": 12.2,
                                                                                        "Plan Rows": 3,
                                                                                        "Plan Width": 4,
                                                                                        "Actual Startup Time": 0.01,
                                                                                        "Actual Total Time": 0.012,
                                                                                        "Actual Rows": 3,
                                                                                        "Actual Loops": 1,
                                                                                        "Output": [
                                                                                            "cct2.id"
                                                                                        ],
                                                                                        "Filter": "((cct2.kind)::text <> 'complete+verified'::text)",
                                                                                        "Rows Removed by Filter": 1
                                                                                    }
                                                                                ]
                                                                            }
                                                                        ]
                                                                    },
                                                                    {
                                                                        "Node Type": "Index Scan",
                                                                        "Parent Relationship": "Inner",
                                                                        "Parallel Aware": false,
                                                                        "Scan Direction": "Forward",
                                                                        "Index Name": "movie_id_movie_info",
                                                                        "Relation Name": "movie_info",
                                                                        "Schema": "public",
                                                                        "Alias": "mi",
                                                                        "Startup Cost": 0.43,
                                                                        "Total Cost": 1.8,
                                                                        "Plan Rows": 4,
                                                                        "Plan Width": 8,
                                                                        "Actual Startup Time": 0.007,
                                                                        "Actual Total Time": 0.062,
                                                                        "Actual Rows": 2,
                                                                        "Actual Loops": 877637,
                                                                        "Output": [
                                                                            "mi.id",
                                                                            "mi.movie_id",
                                                                            "mi.info_type_id",
                                                                            "mi.info",
                                                                            "mi.note"
                                                                        ],
                                                                        "Index Cond": "(mi.movie_id = mk.movie_id)",
                                                                        "Rows Removed by Index Recheck": 0,
                                                                        "Filter": "(mi.info = ANY ('{Denish,Bulgaria,Danish,Norwegian,Denmark,Sweden,Norway,Germany,English,USA}'::text[]))",
                                                                        "Rows Removed by Filter": 243
                                                                    }
                                                                ]
                                                            }
                                                        ]
                                                    },
                                                    {
                                                        "Node Type": "Materialize",
                                                        "Parent Relationship": "Inner",
                                                        "Parallel Aware": false,
                                                        "Startup Cost": 10000000002.42,
                                                        "Total Cost": 10000000002.43,
                                                        "Plan Rows": 1,
                                                        "Plan Width": 4,
                                                        "Actual Startup Time": 0.065,
                                                        "Actual Total Time": 26.649,
                                                        "Actual Rows": 1,
                                                        "Actual Loops": 1,
                                                        "Output": [
                                                            "it1.id"
                                                        ],
                                                        "Plans": [
                                                            {
                                                                "Node Type": "Sort",
                                                                "Parent Relationship": "Outer",
                                                                "Parallel Aware": false,
                                                                "Startup Cost": 10000000002.42,
                                                                "Total Cost": 10000000002.43,
                                                                "Plan Rows": 1,
                                                                "Plan Width": 4,
                                                                "Actual Startup Time": 0.058,
                                                                "Actual Total Time": 0.06,
                                                                "Actual Rows": 1,
                                                                "Actual Loops": 1,
                                                                "Output": [
                                                                    "it1.id"
                                                                ],
                                                                "Sort Key": [
                                                                    "it1.id"
                                                                ],
                                                                "Sort Method": "quicksort",
                                                                "Sort Space Used": 25,
                                                                "Sort Space Type": "Memory",
                                                                "Plans": [
                                                                    {
                                                                        "Node Type": "Seq Scan",
                                                                        "Parent Relationship": "Outer",
                                                                        "Parallel Aware": false,
                                                                        "Relation Name": "info_type",
                                                                        "Schema": "public",
                                                                        "Alias": "it1",
                                                                        "Startup Cost": 10000000000.0,
                                                                        "Total Cost": 10000000002.41,
                                                                        "Plan Rows": 1,
                                                                        "Plan Width": 4,
                                                                        "Actual Startup Time": 0.022,
                                                                        "Actual Total Time": 0.026,
                                                                        "Actual Rows": 1,
                                                                        "Actual Loops": 1,
                                                                        "Output": [
                                                                            "it1.id"
                                                                        ],
                                                                        "Filter": "((it1.info)::text = 'countries'::text)",
                                                                        "Rows Removed by Filter": 112
                                                                    }
                                                                ]
                                                            }
                                                        ]
                                                    }
                                                ]
                                            },
                                            {
                                                "Node Type": "Hash",
                                                "Parent Relationship": "Inner",
                                                "Parallel Aware": false,
                                                "Startup Cost": 1.09,
                                                "Total Cost": 1.09,
                                                "Plan Rows": 2,
                                                "Plan Width": 4,
                                                "Actual Startup Time": 0.021,
                                                "Actual Total Time": 0.022,
                                                "Actual Rows": 2,
                                                "Actual Loops": 1,
                                                "Output": [
                                                    "kt.id"
                                                ],
                                                "Hash Buckets": 1024,
                                                "Original Hash Buckets": 1024,
                                                "Hash Batches": 1,
                                                "Original Hash Batches": 1,
                                                "Peak Memory Usage": 9,
                                                "Plans": [
                                                    {
                                                        "Node Type": "Seq Scan",
                                                        "Parent Relationship": "Outer",
                                                        "Parallel Aware": false,
                                                        "Relation Name": "kind_type",
                                                        "Schema": "public",
                                                        "Alias": "kt",
                                                        "Startup Cost": 0.0,
                                                        "Total Cost": 1.09,
                                                        "Plan Rows": 2,
                                                        "Plan Width": 4,
                                                        "Actual Startup Time": 0.015,
                                                        "Actual Total Time": 0.017,
                                                        "Actual Rows": 2,
                                                        "Actual Loops": 1,
                                                        "Output": [
                                                            "kt.id"
                                                        ],
                                                        "Filter": "((kt.kind)::text = ANY ('{movie,episode}'::text[]))",
                                                        "Rows Removed by Filter": 5
                                                    }
                                                ]
                                            }
                                        ]
                                    }
                                ]
                            },
                            {
                                "Node Type": "Sort",
                                "Parent Relationship": "Inner",
                                "Parallel Aware": false,
                                "Startup Cost": 10000016616.43,
                                "Total Cost": 10000016931.7,
                                "Plan Rows": 126107,
                                "Plan Width": 23,
                                "Actual Startup Time": 61.3,
                                "Actual Total Time": 252.881,
                                "Actual Rows": 928884,
                                "Actual Loops": 1,
                                "Output": [
                                    "cn.name",
                                    "cn.id"
                                ],
                                "Sort Key": [
                                    "cn.id"
                                ],
                                "Sort Method": "quicksort",
                                "Sort Space Used": 12078,
                                "Sort Space Type": "Memory",
                                "Plans": [
                                    {
                                        "Node Type": "Seq Scan",
                                        "Parent Relationship": "Outer",
                                        "Parallel Aware": false,
                                        "Relation Name": "company_name",
                                        "Schema": "public",
                                        "Alias": "cn",
                                        "Startup Cost": 10000000000.0,
                                        "Total Cost": 10000005932.46,
                                        "Plan Rows": 126107,
                                        "Plan Width": 23,
                                        "Actual Startup Time": 0.02,
                                        "Actual Total Time": 30.228,
                                        "Actual Rows": 126230,
                                        "Actual Loops": 1,
                                        "Output": [
                                            "cn.name",
                                            "cn.id"
                                        ],
                                        "Filter": "((cn.country_code)::text <> '[us]'::text)",
                                        "Rows Removed by Filter": 108767
                                    }
                                ]
                            }
                        ]
                    },
                    {
                        "Node Type": "Bitmap Heap Scan",
                        "Parent Relationship": "Inner",
                        "Parallel Aware": false,
                        "Relation Name": "keyword",
                        "Schema": "public",
                        "Alias": "k",
                        "Startup Cost": 0.43,
                        "Total Cost": 4.45,
                        "Plan Rows": 1,
                        "Plan Width": 4,
                        "Actual Startup Time": 0.003,
                        "Actual Total Time": 0.003,
                        "Actual Rows": 0,
                        "Actual Loops": 891624,
                        "Output": [
                            "k.id",
                            "k.keyword",
                            "k.phonetic_code"
                        ],
                        "Recheck Cond": "(k.id = mk.keyword_id)",
                        "Rows Removed by Index Recheck": 0,
                        "Filter": "(k.keyword = ANY ('{murder,murder-in-title,blood,violence}'::text[]))",
                        "Rows Removed by Filter": 1,
                        "Exact Heap Blocks": 891624,
                        "Lossy Heap Blocks": 0,
                        "Plans": [
                            {
                                "Node Type": "Bitmap Index Scan",
                                "Parent Relationship": "Outer",
                                "Parallel Aware": false,
                                "Index Name": "keyword_pkey",
                                "Startup Cost": 0.0,
                                "Total Cost": 0.43,
                                "Plan Rows": 1,
                                "Plan Width": 0,
                                "Actual Startup Time": 0.002,
                                "Actual Total Time": 0.002,
                                "Actual Rows": 1,
                                "Actual Loops": 891624,
                                "Index Cond": "(k.id = mk.keyword_id)"
                            }
                        ]
                    }
                ]
            }
        ]
    },
    "Planning Time": 119.264,
    "Triggers": [],
    "Execution Time": 78660.402
}