[
  {
    "Plan": {
      "Node Type": "Aggregate",
      "Strategy": "Plain",
      "Partial Mode": "Finalize",
      "Parallel Aware": false,
      "Startup Cost": 329017.76,
      "Total Cost": 329017.77,
      "Plan Rows": 1,
      "Plan Width": 8,
      "Actual Startup Time": 397.775,
      "Actual Total Time": 434.715,
      "Actual Rows": 1,
      "Actual Loops": 1,
      "Plans": [
        {
          "Node Type": "Gather",
          "Parent Relationship": "Outer",
          "Parallel Aware": false,
          "Startup Cost": 329017.13,
          "Total Cost": 329017.74,
          "Plan Rows": 6,
          "Plan Width": 8,
          "Actual Startup Time": 397.612,
          "Actual Total Time": 434.696,
          "Actual Rows": 7,
          "Actual Loops": 1,
          "Workers Planned": 6,
          "Workers Launched": 6,
          "Single Copy": false,
          "Plans": [
            {
              "Node Type": "Aggregate",
              "Strategy": "Plain",
              "Partial Mode": "Partial",
              "Parent Relationship": "Outer",
              "Parallel Aware": false,
              "Startup Cost": 328017.13,
              "Total Cost": 328017.14,
              "Plan Rows": 1,
              "Plan Width": 8,
              "Actual Startup Time": 388.169,
              "Actual Total Time": 388.171,
              "Actual Rows": 1,
              "Actual Loops": 7,
              "Plans": [
                {
                  "Node Type": "Index Scan",
                  "Parent Relationship": "Outer",
                  "Parallel Aware": true,
                  "Scan Direction": "Forward",
                  "Index Name": "role_id_cast_info",
                  "Relation Name": "cast_info",
                  "Alias": "ci",
                  "Startup Cost": 0.56,
                  "Total Cost": 325153.08,
                  "Plan Rows": 1145620,
                  "Plan Width": 0,
                  "Actual Startup Time": 0.234,
                  "Actual Total Time": 361.465,
                  "Actual Rows": 548965,
                  "Actual Loops": 7,
                  "Index Cond": "(role_id > 3)",
                  "Rows Removed by Index Recheck": 0,
                  "Filter": "(person_id < 2104106)",
                  "Rows Removed by Filter": 1181556
                }
              ]
            }
          ]
        }
      ]
    },
    "Planning Time": 0.114,
    "Triggers": [],
    "Execution Time": 434.804
  }
]