[
  {
    "Plan": {
      "Node Type": "Aggregate",
      "Strategy": "Plain",
      "Partial Mode": "Finalize",
      "Parallel Aware": false,
      "Startup Cost": 32049.05,
      "Total Cost": 32049.06,
      "Plan Rows": 1,
      "Plan Width": 8,
      "Actual Startup Time": 126.436,
      "Actual Total Time": 133.935,
      "Actual Rows": 1,
      "Actual Loops": 1,
      "Plans": [
        {
          "Node Type": "Gather",
          "Parent Relationship": "Outer",
          "Parallel Aware": false,
          "Startup Cost": 32048.73,
          "Total Cost": 32049.04,
          "Plan Rows": 3,
          "Plan Width": 8,
          "Actual Startup Time": 126.316,
          "Actual Total Time": 133.926,
          "Actual Rows": 4,
          "Actual Loops": 1,
          "Workers Planned": 3,
          "Workers Launched": 3,
          "Single Copy": false,
          "Plans": [
            {
              "Node Type": "Aggregate",
              "Strategy": "Plain",
              "Partial Mode": "Partial",
              "Parent Relationship": "Outer",
              "Parallel Aware": false,
              "Startup Cost": 31048.73,
              "Total Cost": 31048.74,
              "Plan Rows": 1,
              "Plan Width": 8,
              "Actual Startup Time": 118.976,
              "Actual Total Time": 118.977,
              "Actual Rows": 1,
              "Actual Loops": 4,
              "Plans": [
                {
                  "Node Type": "Seq Scan",
                  "Parent Relationship": "Outer",
                  "Parallel Aware": true,
                  "Relation Name": "movie_companies",
                  "Alias": "mc",
                  "Startup Cost": 0.0,
                  "Total Cost": 29310.68,
                  "Plan Rows": 695221,
                  "Plan Width": 0,
                  "Actual Startup Time": 0.065,
                  "Actual Total Time": 90.447,
                  "Actual Rows": 537002,
                  "Actual Loops": 4,
                  "Filter": "(company_id < 76538)",
                  "Rows Removed by Filter": 115280
                }
              ]
            }
          ]
        }
      ]
    },
    "Planning Time": 0.184,
    "Triggers": [],
    "Execution Time": 133.998
  }
]