[
  {
    "Plan": {
      "Node Type": "Aggregate",
      "Strategy": "Plain",
      "Partial Mode": "Finalize",
      "Parallel Aware": false,
      "Startup Cost": 30856.87,
      "Total Cost": 30856.88,
      "Plan Rows": 1,
      "Plan Width": 8,
      "Actual Startup Time": 95.27,
      "Actual Total Time": 103.031,
      "Actual Rows": 1,
      "Actual Loops": 1,
      "Plans": [
        {
          "Node Type": "Gather",
          "Parent Relationship": "Outer",
          "Parallel Aware": false,
          "Startup Cost": 30856.55,
          "Total Cost": 30856.86,
          "Plan Rows": 3,
          "Plan Width": 8,
          "Actual Startup Time": 95.173,
          "Actual Total Time": 103.023,
          "Actual Rows": 4,
          "Actual Loops": 1,
          "Workers Planned": 3,
          "Workers Launched": 3,
          "Single Copy": false,
          "Plans": [
            {
              "Node Type": "Aggregate",
              "Strategy": "Plain",
              "Partial Mode": "Partial",
              "Parent Relationship": "Outer",
              "Parallel Aware": false,
              "Startup Cost": 29856.55,
              "Total Cost": 29856.56,
              "Plan Rows": 1,
              "Plan Width": 8,
              "Actual Startup Time": 86.414,
              "Actual Total Time": 86.415,
              "Actual Rows": 1,
              "Actual Loops": 4,
              "Plans": [
                {
                  "Node Type": "Seq Scan",
                  "Parent Relationship": "Outer",
                  "Parallel Aware": true,
                  "Relation Name": "movie_companies",
                  "Alias": "mc",
                  "Startup Cost": 0.0,
                  "Total Cost": 29310.68,
                  "Plan Rows": 218348,
                  "Plan Width": 0,
                  "Actual Startup Time": 0.046,
                  "Actual Total Time": 74.917,
                  "Actual Rows": 167522,
                  "Actual Loops": 4,
                  "Filter": "(company_id < 1070)",
                  "Rows Removed by Filter": 484760
                }
              ]
            }
          ]
        }
      ]
    },
    "Planning Time": 0.153,
    "Triggers": [],
    "Execution Time": 103.079
  }
]