[
  {
    "Plan": {
      "Node Type": "Aggregate",
      "Strategy": "Plain",
      "Partial Mode": "Finalize",
      "Parallel Aware": false,
      "Startup Cost": 44602.47,
      "Total Cost": 44602.48,
      "Plan Rows": 1,
      "Plan Width": 8,
      "Actual Startup Time": 126.92,
      "Actual Total Time": 136.123,
      "Actual Rows": 1,
      "Actual Loops": 1,
      "Plans": [
        {
          "Node Type": "Gather",
          "Parent Relationship": "Outer",
          "Parallel Aware": false,
          "Startup Cost": 44602.15,
          "Total Cost": 44602.46,
          "Plan Rows": 3,
          "Plan Width": 8,
          "Actual Startup Time": 126.713,
          "Actual Total Time": 136.044,
          "Actual Rows": 4,
          "Actual Loops": 1,
          "Workers Planned": 3,
          "Workers Launched": 3,
          "Single Copy": false,
          "Plans": [
            {
              "Node Type": "Aggregate",
              "Strategy": "Plain",
              "Partial Mode": "Partial",
              "Parent Relationship": "Outer",
              "Parallel Aware": false,
              "Startup Cost": 43602.15,
              "Total Cost": 43602.16,
              "Plan Rows": 1,
              "Plan Width": 8,
              "Actual Startup Time": 121.052,
              "Actual Total Time": 121.053,
              "Actual Rows": 1,
              "Actual Loops": 4,
              "Plans": [
                {
                  "Node Type": "Seq Scan",
                  "Parent Relationship": "Outer",
                  "Parallel Aware": true,
                  "Relation Name": "movie_keyword",
                  "Alias": "mk",
                  "Startup Cost": 0.0,
                  "Total Cost": 42695.65,
                  "Plan Rows": 362600,
                  "Plan Width": 0,
                  "Actual Startup Time": 0.052,
                  "Actual Total Time": 106.615,
                  "Actual Rows": 283508,
                  "Actual Loops": 4,
                  "Filter": "(keyword_id < 1251)",
                  "Rows Removed by Filter": 847475
                }
              ]
            }
          ]
        }
      ]
    },
    "Planning Time": 0.15,
    "Triggers": [],
    "Execution Time": 136.177
  }
]