[
  {
    "Plan": {
      "Node Type": "Aggregate",
      "Strategy": "Plain",
      "Partial Mode": "Finalize",
      "Parallel Aware": false,
      "Startup Cost": 92218.56,
      "Total Cost": 92218.57,
      "Plan Rows": 1,
      "Plan Width": 8,
      "Actual Startup Time": 491.762,
      "Actual Total Time": 506.482,
      "Actual Rows": 1,
      "Actual Loops": 1,
      "Plans": [
        {
          "Node Type": "Gather",
          "Parent Relationship": "Outer",
          "Parallel Aware": false,
          "Startup Cost": 92218.24,
          "Total Cost": 92218.55,
          "Plan Rows": 3,
          "Plan Width": 8,
          "Actual Startup Time": 484.548,
          "Actual Total Time": 506.471,
          "Actual Rows": 4,
          "Actual Loops": 1,
          "Workers Planned": 3,
          "Workers Launched": 3,
          "Single Copy": false,
          "Plans": [
            {
              "Node Type": "Aggregate",
              "Strategy": "Plain",
              "Partial Mode": "Partial",
              "Parent Relationship": "Outer",
              "Parallel Aware": false,
              "Startup Cost": 91218.24,
              "Total Cost": 91218.25,
              "Plan Rows": 1,
              "Plan Width": 8,
              "Actual Startup Time": 467.976,
              "Actual Total Time": 467.981,
              "Actual Rows": 1,
              "Actual Loops": 4,
              "Plans": [
                {
                  "Node Type": "Hash Join",
                  "Parent Relationship": "Outer",
                  "Parallel Aware": true,
                  "Join Type": "Inner",
                  "Startup Cost": 63267.41,
                  "Total Cost": 90722.24,
                  "Plan Rows": 198402,
                  "Plan Width": 0,
                  "Actual Startup Time": 363.954,
                  "Actual Total Time": 460.532,
                  "Actual Rows": 153608,
                  "Actual Loops": 4,
                  "Inner Unique": true,
                  "Hash Cond": "(mk.movie_id = t.id)",
                  "Plans": [
                    {
                      "Node Type": "Bitmap Heap Scan",
                      "Parent Relationship": "Outer",
                      "Parallel Aware": true,
                      "Relation Name": "movie_keyword",
                      "Alias": "mk",
                      "Startup Cost": 13047.03,
                      "Total Cost": 39981.05,
                      "Plan Rows": 198402,
                      "Plan Width": 4,
                      "Actual Startup Time": 40.113,
                      "Actual Total Time": 88.084,
                      "Actual Rows": 153608,
                      "Actual Loops": 4,
                      "Recheck Cond": "(keyword_id > 29773)",
                      "Rows Removed by Index Recheck": 0,
                      "Exact Heap Blocks": 6171,
                      "Lossy Heap Blocks": 0,
                      "Plans": [
                        {
                          "Node Type": "Bitmap Index Scan",
                          "Parent Relationship": "Outer",
                          "Parallel Aware": false,
                          "Index Name": "keyword_id_movie_keyword",
                          "Startup Cost": 0.0,
                          "Total Cost": 12893.27,
                          "Plan Rows": 615045,
                          "Plan Width": 0,
                          "Actual Startup Time": 36.72,
                          "Actual Total Time": 36.72,
                          "Actual Rows": 614431,
                          "Actual Loops": 1,
                          "Index Cond": "(keyword_id > 29773)"
                        }
                      ]
                    },
                    {
                      "Node Type": "Hash",
                      "Parent Relationship": "Inner",
                      "Parallel Aware": true,
                      "Startup Cost": 42319.06,
                      "Total Cost": 42319.06,
                      "Plan Rows": 632106,
                      "Plan Width": 4,
                      "Actual Startup Time": 313.157,
                      "Actual Total Time": 313.158,
                      "Actual Rows": 632078,
                      "Actual Loops": 4,
                      "Hash Buckets": 4194304,
                      "Original Hash Buckets": 4194304,
                      "Hash Batches": 1,
                      "Original Hash Batches": 1,
                      "Peak Memory Usage": 131744,
                      "Plans": [
                        {
                          "Node Type": "Seq Scan",
                          "Parent Relationship": "Outer",
                          "Parallel Aware": true,
                          "Relation Name": "title",
                          "Alias": "t",
                          "Startup Cost": 0.0,
                          "Total Cost": 42319.06,
                          "Plan Rows": 632106,
                          "Plan Width": 4,
                          "Actual Startup Time": 0.04,
                          "Actual Total Time": 90.3,
                          "Actual Rows": 632078,
                          "Actual Loops": 4
                        }
                      ]
                    }
                  ]
                }
              ]
            }
          ]
        }
      ]
    },
    "Planning Time": 0.407,
    "Triggers": [],
    "Execution Time": 506.553
  }
]