[
  {
    "Plan": {
      "Node Type": "Aggregate",
      "Strategy": "Plain",
      "Partial Mode": "Finalize",
      "Parallel Aware": false,
      "Startup Cost": 92634.26,
      "Total Cost": 92634.27,
      "Plan Rows": 1,
      "Plan Width": 8,
      "Actual Startup Time": 516.408,
      "Actual Total Time": 534.253,
      "Actual Rows": 1,
      "Actual Loops": 1,
      "Plans": [
        {
          "Node Type": "Gather",
          "Parent Relationship": "Outer",
          "Parallel Aware": false,
          "Startup Cost": 92633.94,
          "Total Cost": 92634.25,
          "Plan Rows": 3,
          "Plan Width": 8,
          "Actual Startup Time": 507.365,
          "Actual Total Time": 534.243,
          "Actual Rows": 4,
          "Actual Loops": 1,
          "Workers Planned": 3,
          "Workers Launched": 3,
          "Single Copy": false,
          "Plans": [
            {
              "Node Type": "Aggregate",
              "Strategy": "Plain",
              "Partial Mode": "Partial",
              "Parent Relationship": "Outer",
              "Parallel Aware": false,
              "Startup Cost": 91633.94,
              "Total Cost": 91633.95,
              "Plan Rows": 1,
              "Plan Width": 8,
              "Actual Startup Time": 488.177,
              "Actual Total Time": 488.182,
              "Actual Rows": 1,
              "Actual Loops": 4,
              "Plans": [
                {
                  "Node Type": "Hash Join",
                  "Parent Relationship": "Outer",
                  "Parallel Aware": true,
                  "Join Type": "Inner",
                  "Startup Cost": 63594.91,
                  "Total Cost": 91125.43,
                  "Plan Rows": 203406,
                  "Plan Width": 0,
                  "Actual Startup Time": 376.137,
                  "Actual Total Time": 480.713,
                  "Actual Rows": 153608,
                  "Actual Loops": 4,
                  "Inner Unique": true,
                  "Hash Cond": "(mk.movie_id = t.id)",
                  "Plans": [
                    {
                      "Node Type": "Bitmap Heap Scan",
                      "Parent Relationship": "Outer",
                      "Parallel Aware": true,
                      "Relation Name": "movie_keyword",
                      "Alias": "mk",
                      "Startup Cost": 13375.26,
                      "Total Cost": 40371.84,
                      "Plan Rows": 203406,
                      "Plan Width": 4,
                      "Actual Startup Time": 37.259,
                      "Actual Total Time": 94.388,
                      "Actual Rows": 153608,
                      "Actual Loops": 4,
                      "Recheck Cond": "(keyword_id > 29773)",
                      "Rows Removed by Index Recheck": 0,
                      "Exact Heap Blocks": 6763,
                      "Lossy Heap Blocks": 0,
                      "Plans": [
                        {
                          "Node Type": "Bitmap Index Scan",
                          "Parent Relationship": "Outer",
                          "Parallel Aware": false,
                          "Index Name": "keyword_id_movie_keyword",
                          "Startup Cost": 0.0,
                          "Total Cost": 13217.63,
                          "Plan Rows": 630559,
                          "Plan Width": 0,
                          "Actual Startup Time": 33.748,
                          "Actual Total Time": 33.749,
                          "Actual Rows": 614431,
                          "Actual Loops": 1,
                          "Index Cond": "(keyword_id > 29773)"
                        }
                      ]
                    },
                    {
                      "Node Type": "Hash",
                      "Parent Relationship": "Inner",
                      "Parallel Aware": true,
                      "Startup Cost": 42318.73,
                      "Total Cost": 42318.73,
                      "Plan Rows": 632073,
                      "Plan Width": 4,
                      "Actual Startup Time": 327.306,
                      "Actual Total Time": 327.307,
                      "Actual Rows": 632078,
                      "Actual Loops": 4,
                      "Hash Buckets": 4194304,
                      "Original Hash Buckets": 4194304,
                      "Hash Batches": 1,
                      "Original Hash Batches": 1,
                      "Peak Memory Usage": 131744,
                      "Plans": [
                        {
                          "Node Type": "Seq Scan",
                          "Parent Relationship": "Outer",
                          "Parallel Aware": true,
                          "Relation Name": "title",
                          "Alias": "t",
                          "Startup Cost": 0.0,
                          "Total Cost": 42318.73,
                          "Plan Rows": 632073,
                          "Plan Width": 4,
                          "Actual Startup Time": 0.036,
                          "Actual Total Time": 96.285,
                          "Actual Rows": 632078,
                          "Actual Loops": 4
                        }
                      ]
                    }
                  ]
                }
              ]
            }
          ]
        }
      ]
    },
    "Planning Time": 0.628,
    "Triggers": [],
    "Execution Time": 534.344
  }
]