[
  {
    "Plan": {
      "Node Type": "Aggregate",
      "Strategy": "Plain",
      "Partial Mode": "Finalize",
      "Parallel Aware": false,
      "Startup Cost": 31587.54,
      "Total Cost": 31587.55,
      "Plan Rows": 1,
      "Plan Width": 8,
      "Actual Startup Time": 111.531,
      "Actual Total Time": 119.777,
      "Actual Rows": 1,
      "Actual Loops": 1,
      "Plans": [
        {
          "Node Type": "Gather",
          "Parent Relationship": "Outer",
          "Parallel Aware": false,
          "Startup Cost": 31587.22,
          "Total Cost": 31587.53,
          "Plan Rows": 3,
          "Plan Width": 8,
          "Actual Startup Time": 111.391,
          "Actual Total Time": 119.768,
          "Actual Rows": 4,
          "Actual Loops": 1,
          "Workers Planned": 3,
          "Workers Launched": 3,
          "Single Copy": false,
          "Plans": [
            {
              "Node Type": "Aggregate",
              "Strategy": "Plain",
              "Partial Mode": "Partial",
              "Parent Relationship": "Outer",
              "Parallel Aware": false,
              "Startup Cost": 30587.22,
              "Total Cost": 30587.23,
              "Plan Rows": 1,
              "Plan Width": 8,
              "Actual Startup Time": 105.996,
              "Actual Total Time": 105.997,
              "Actual Rows": 1,
              "Actual Loops": 4,
              "Plans": [
                {
                  "Node Type": "Seq Scan",
                  "Parent Relationship": "Outer",
                  "Parallel Aware": true,
                  "Relation Name": "movie_companies",
                  "Alias": "mc",
                  "Startup Cost": 0.0,
                  "Total Cost": 29310.68,
                  "Plan Rows": 510617,
                  "Plan Width": 0,
                  "Actual Startup Time": 4.033,
                  "Actual Total Time": 85.572,
                  "Actual Rows": 394855,
                  "Actual Loops": 4,
                  "Filter": "(company_id > 5678)",
                  "Rows Removed by Filter": 257428
                }
              ]
            }
          ]
        }
      ]
    },
    "Planning Time": 0.188,
    "Triggers": [],
    "Execution Time": 119.83
  }
]