[
  {
    "Plan": {
      "Node Type": "Aggregate",
      "Strategy": "Plain",
      "Partial Mode": "Finalize",
      "Parallel Aware": false,
      "Startup Cost": 33069.78,
      "Total Cost": 33069.79,
      "Plan Rows": 1,
      "Plan Width": 8,
      "Actual Startup Time": 113.062,
      "Actual Total Time": 121.895,
      "Actual Rows": 1,
      "Actual Loops": 1,
      "Plans": [
        {
          "Node Type": "Gather",
          "Parent Relationship": "Outer",
          "Parallel Aware": false,
          "Startup Cost": 33069.47,
          "Total Cost": 33069.78,
          "Plan Rows": 3,
          "Plan Width": 8,
          "Actual Startup Time": 112.941,
          "Actual Total Time": 121.888,
          "Actual Rows": 4,
          "Actual Loops": 1,
          "Workers Planned": 3,
          "Workers Launched": 3,
          "Single Copy": false,
          "Plans": [
            {
              "Node Type": "Aggregate",
              "Strategy": "Plain",
              "Partial Mode": "Partial",
              "Parent Relationship": "Outer",
              "Parallel Aware": false,
              "Startup Cost": 32069.47,
              "Total Cost": 32069.48,
              "Plan Rows": 1,
              "Plan Width": 8,
              "Actual Startup Time": 104.233,
              "Actual Total Time": 104.234,
              "Actual Rows": 1,
              "Actual Loops": 4,
              "Plans": [
                {
                  "Node Type": "Seq Scan",
                  "Parent Relationship": "Outer",
                  "Parallel Aware": true,
                  "Relation Name": "movie_companies",
                  "Alias": "mc",
                  "Startup Cost": 0.0,
                  "Total Cost": 31414.82,
                  "Plan Rows": 261859,
                  "Plan Width": 0,
                  "Actual Startup Time": 0.053,
                  "Actual Total Time": 87.198,
                  "Actual Rows": 277347,
                  "Actual Loops": 4,
                  "Filter": "((company_id < 17659) AND (company_type_id < 2))",
                  "Rows Removed by Filter": 374935
                }
              ]
            }
          ]
        }
      ]
    },
    "Planning Time": 0.213,
    "Triggers": [],
    "Execution Time": 121.952
  }
]