[
  {
    "Plan": {
      "Node Type": "Aggregate",
      "Strategy": "Plain",
      "Partial Mode": "Finalize",
      "Parallel Aware": false,
      "Startup Cost": 282825.57,
      "Total Cost": 282825.58,
      "Plan Rows": 1,
      "Plan Width": 8,
      "Actual Startup Time": 1368.637,
      "Actual Total Time": 1419.603,
      "Actual Rows": 1,
      "Actual Loops": 1,
      "Plans": [
        {
          "Node Type": "Gather",
          "Parent Relationship": "Outer",
          "Parallel Aware": false,
          "Startup Cost": 282825.05,
          "Total Cost": 282825.56,
          "Plan Rows": 5,
          "Plan Width": 8,
          "Actual Startup Time": 1363.498,
          "Actual Total Time": 1419.591,
          "Actual Rows": 6,
          "Actual Loops": 1,
          "Workers Planned": 5,
          "Workers Launched": 5,
          "Single Copy": false,
          "Plans": [
            {
              "Node Type": "Aggregate",
              "Strategy": "Plain",
              "Partial Mode": "Partial",
              "Parent Relationship": "Outer",
              "Parallel Aware": false,
              "Startup Cost": 281825.05,
              "Total Cost": 281825.06,
              "Plan Rows": 1,
              "Plan Width": 8,
              "Actual Startup Time": 1353.13,
              "Actual Total Time": 1353.298,
              "Actual Rows": 1,
              "Actual Loops": 6,
              "Plans": [
                {
                  "Node Type": "Hash Join",
                  "Parent Relationship": "Outer",
                  "Parallel Aware": true,
                  "Join Type": "Inner",
                  "Startup Cost": 77204.99,
                  "Total Cost": 280964.04,
                  "Plan Rows": 344403,
                  "Plan Width": 0,
                  "Actual Startup Time": 300.59,
                  "Actual Total Time": 1271.326,
                  "Actual Rows": 1554946,
                  "Actual Loops": 6,
                  "Inner Unique": false,
                  "Hash Cond": "(mi.movie_id = t.id)",
                  "Plans": [
                    {
                      "Node Type": "Seq Scan",
                      "Parent Relationship": "Outer",
                      "Parallel Aware": true,
                      "Relation Name": "movie_info",
                      "Alias": "mi",
                      "Startup Cost": 0.0,
                      "Total Cost": 191560.33,
                      "Plan Rows": 2956733,
                      "Plan Width": 4,
                      "Actual Startup Time": 0.018,
                      "Actual Total Time": 352.054,
                      "Actual Rows": 2472620,
                      "Actual Loops": 6
                    },
                    {
                      "Node Type": "Hash",
                      "Parent Relationship": "Inner",
                      "Parallel Aware": true,
                      "Startup Cost": 76017.51,
                      "Total Cost": 76017.51,
                      "Plan Rows": 94999,
                      "Plan Width": 8,
                      "Actual Startup Time": 296.316,
                      "Actual Total Time": 296.482,
                      "Actual Rows": 86453,
                      "Actual Loops": 6,
                      "Hash Buckets": 524288,
                      "Original Hash Buckets": 524288,
                      "Hash Batches": 1,
                      "Original Hash Batches": 1,
                      "Peak Memory Usage": 24480,
                      "Plans": [
                        {
                          "Node Type": "Hash Join",
                          "Parent Relationship": "Outer",
                          "Parallel Aware": true,
                          "Join Type": "Inner",
                          "Startup Cost": 45274.43,
                          "Total Cost": 76017.51,
                          "Plan Rows": 94999,
                          "Plan Width": 8,
                          "Actual Startup Time": 132.594,
                          "Actual Total Time": 263.873,
                          "Actual Rows": 86453,
                          "Actual Loops": 6,
                          "Inner Unique": true,
                          "Hash Cond": "(mc.movie_id = t.id)",
                          "Plans": [
                            {
                              "Node Type": "Seq Scan",
                              "Parent Relationship": "Outer",
                              "Parallel Aware": true,
                              "Relation Name": "movie_companies",
                              "Alias": "mc",
                              "Startup Cost": 0.0,
                              "Total Cost": 29310.68,
                              "Plan Rows": 545675,
                              "Plan Width": 4,
                              "Actual Startup Time": 1.067,
                              "Actual Total Time": 63.541,
                              "Actual Rows": 281970,
                              "Actual Loops": 6,
                              "Filter": "(company_id > 3117)",
                              "Rows Removed by Filter": 152885
                            },
                            {
                              "Node Type": "Hash",
                              "Parent Relationship": "Inner",
                              "Parallel Aware": true,
                              "Startup Cost": 43898.92,
                              "Total Cost": 43898.92,
                              "Plan Rows": 110041,
                              "Plan Width": 4,
                              "Actual Startup Time": 130.005,
                              "Actual Total Time": 130.008,
                              "Actual Rows": 75262,
                              "Actual Loops": 6,
                              "Hash Buckets": 524288,
                              "Original Hash Buckets": 524288,
                              "Hash Batches": 1,
                              "Original Hash Batches": 1,
                              "Peak Memory Usage": 21856,
                              "Plans": [
                                {
                                  "Node Type": "Seq Scan",
                                  "Parent Relationship": "Outer",
                                  "Parallel Aware": true,
                                  "Relation Name": "title",
                                  "Alias": "t",
                                  "Startup Cost": 0.0,
                                  "Total Cost": 43898.92,
                                  "Plan Rows": 110041,
                                  "Plan Width": 4,
                                  "Actual Startup Time": 0.042,
                                  "Actual Total Time": 92.124,
                                  "Actual Rows": 75262,
                                  "Actual Loops": 6,
                                  "Filter": "(production_year < 1976)",
                                  "Rows Removed by Filter": 346124
                                }
                              ]
                            }
                          ]
                        }
                      ]
                    }
                  ]
                }
              ]
            }
          ]
        }
      ]
    },
    "Planning Time": 1.465,
    "Triggers": [],
    "Execution Time": 1419.696
  }
]