[
  {
    "Plan": {
      "Node Type": "Aggregate",
      "Strategy": "Plain",
      "Partial Mode": "Finalize",
      "Parallel Aware": false,
      "Startup Cost": 347152.97,
      "Total Cost": 347152.98,
      "Plan Rows": 1,
      "Plan Width": 8,
      "Actual Startup Time": 676.093,
      "Actual Total Time": 732.363,
      "Actual Rows": 1,
      "Actual Loops": 1,
      "Plans": [
        {
          "Node Type": "Gather",
          "Parent Relationship": "Outer",
          "Parallel Aware": false,
          "Startup Cost": 347152.35,
          "Total Cost": 347152.96,
          "Plan Rows": 6,
          "Plan Width": 8,
          "Actual Startup Time": 675.891,
          "Actual Total Time": 732.349,
          "Actual Rows": 7,
          "Actual Loops": 1,
          "Workers Planned": 6,
          "Workers Launched": 6,
          "Single Copy": false,
          "Plans": [
            {
              "Node Type": "Aggregate",
              "Strategy": "Plain",
              "Partial Mode": "Partial",
              "Parent Relationship": "Outer",
              "Parallel Aware": false,
              "Startup Cost": 346152.35,
              "Total Cost": 346152.36,
              "Plan Rows": 1,
              "Plan Width": 8,
              "Actual Startup Time": 669.386,
              "Actual Total Time": 669.388,
              "Actual Rows": 1,
              "Actual Loops": 7,
              "Plans": [
                {
                  "Node Type": "Seq Scan",
                  "Parent Relationship": "Outer",
                  "Parallel Aware": true,
                  "Relation Name": "cast_info",
                  "Alias": "ci",
                  "Startup Cost": 0.0,
                  "Total Cost": 343316.27,
                  "Plan Rows": 1134431,
                  "Plan Width": 0,
                  "Actual Startup Time": 349.081,
                  "Actual Total Time": 639.111,
                  "Actual Rows": 620231,
                  "Actual Loops": 7,
                  "Filter": "((person_id < 1531816) AND (role_id > 2))",
                  "Rows Removed by Filter": 4557532
                }
              ]
            }
          ]
        }
      ]
    },
    "Planning Time": 0.107,
    "Triggers": [],
    "Execution Time": 732.408
  }
]