[
  {
    "Plan": {
      "Node Type": "Aggregate",
      "Strategy": "Plain",
      "Partial Mode": "Finalize",
      "Parallel Aware": false,
      "Startup Cost": 347192.87,
      "Total Cost": 347192.88,
      "Plan Rows": 1,
      "Plan Width": 8,
      "Actual Startup Time": 643.579,
      "Actual Total Time": 703.259,
      "Actual Rows": 1,
      "Actual Loops": 1,
      "Plans": [
        {
          "Node Type": "Gather",
          "Parent Relationship": "Outer",
          "Parallel Aware": false,
          "Startup Cost": 347192.24,
          "Total Cost": 347192.85,
          "Plan Rows": 6,
          "Plan Width": 8,
          "Actual Startup Time": 643.456,
          "Actual Total Time": 703.249,
          "Actual Rows": 7,
          "Actual Loops": 1,
          "Workers Planned": 6,
          "Workers Launched": 6,
          "Single Copy": false,
          "Plans": [
            {
              "Node Type": "Aggregate",
              "Strategy": "Plain",
              "Partial Mode": "Partial",
              "Parent Relationship": "Outer",
              "Parallel Aware": false,
              "Startup Cost": 346192.24,
              "Total Cost": 346192.26,
              "Plan Rows": 1,
              "Plan Width": 8,
              "Actual Startup Time": 633.935,
              "Actual Total Time": 633.936,
              "Actual Rows": 1,
              "Actual Loops": 7,
              "Plans": [
                {
                  "Node Type": "Seq Scan",
                  "Parent Relationship": "Outer",
                  "Parallel Aware": true,
                  "Relation Name": "cast_info",
                  "Alias": "ci",
                  "Startup Cost": 0.0,
                  "Total Cost": 343257.03,
                  "Plan Rows": 1174086,
                  "Plan Width": 0,
                  "Actual Startup Time": 336.85,
                  "Actual Total Time": 607.062,
                  "Actual Rows": 620231,
                  "Actual Loops": 7,
                  "Filter": "((person_id < 1531816) AND (role_id > 2))",
                  "Rows Removed by Filter": 4557532
                }
              ]
            }
          ]
        }
      ]
    },
    "Planning Time": 0.214,
    "Triggers": [],
    "Execution Time": 703.322
  }
]