{
  "Plan": {
    "Node Type": "Aggregate",
    "Strategy": "Plain",
    "Partial Mode": "Finalize",
    "Parallel Aware": false,
    "Startup Cost": 392971.27,
    "Total Cost": 392971.28,
    "Plan Rows": 1,
    "Plan Width": 8,
    "Actual Startup Time": 2551.139,
    "Actual Total Time": 2609.252,
    "Actual Rows": 1,
    "Actual Loops": 1,
    "Plans": [
      {
        "Node Type": "Gather",
        "Parent Relationship": "Outer",
        "Parallel Aware": false,
        "Startup Cost": 392971.15,
        "Total Cost": 392971.26,
        "Plan Rows": 1,
        "Plan Width": 8,
        "Actual Startup Time": 2546.205,
        "Actual Total Time": 2609.244,
        "Actual Rows": 2,
        "Actual Loops": 1,
        "Workers Planned": 1,
        "Workers Launched": 1,
        "Single Copy": false,
        "Plans": [
          {
            "Node Type": "Aggregate",
            "Strategy": "Plain",
            "Partial Mode": "Partial",
            "Parent Relationship": "Outer",
            "Parallel Aware": false,
            "Startup Cost": 391971.15,
            "Total Cost": 391971.16,
            "Plan Rows": 1,
            "Plan Width": 8,
            "Actual Startup Time": 2540.021,
            "Actual Total Time": 2540.026,
            "Actual Rows": 1,
            "Actual Loops": 2,
            "Plans": [
              {
                "Node Type": "Hash Join",
                "Parent Relationship": "Outer",
                "Parallel Aware": true,
                "Join Type": "Inner",
                "Startup Cost": 84399.69,
                "Total Cost": 388336.31,
                "Plan Rows": 1453936,
                "Plan Width": 0,
                "Actual Startup Time": 592.48,
                "Actual Total Time": 2417.677,
                "Actual Rows": 2355900,
                "Actual Loops": 2,
                "Inner Unique": false,
                "Hash Cond": "(mi.movie_id = t.id)",
                "Plans": [
                  {
                    "Node Type": "Seq Scan",
                    "Parent Relationship": "Outer",
                    "Parallel Aware": true,
                    "Relation Name": "movie_info",
                    "Alias": "mi",
                    "Startup Cost": 0.0,
                    "Total Cost": 270696.42,
                    "Plan Rows": 6583369,
                    "Plan Width": 4,
                    "Actual Startup Time": 0.029,
                    "Actual Total Time": 870.437,
                    "Actual Rows": 5605372,
                    "Actual Loops": 2,
                    "Filter": "(info_type_id > 3)",
                    "Rows Removed by Filter": 1812488
                  },
                  {
                    "Node Type": "Hash",
                    "Parent Relationship": "Inner",
                    "Parallel Aware": true,
                    "Startup Cost": 80294.0,
                    "Total Cost": 80294.0,
                    "Plan Rows": 328455,
                    "Plan Width": 8,
                    "Actual Startup Time": 582.036,
                    "Actual Total Time": 582.039,
                    "Actual Rows": 215374,
                    "Actual Loops": 2,
                    "Hash Buckets": 1048576,
                    "Original Hash Buckets": 1048576,
                    "Hash Batches": 1,
                    "Original Hash Batches": 1,
                    "Peak Memory Usage": 25088,
                    "Plans": [
                      {
                        "Node Type": "Hash Join",
                        "Parent Relationship": "Outer",
                        "Parallel Aware": true,
                        "Join Type": "Inner",
                        "Startup Cost": 62110.21,
                        "Total Cost": 80294.0,
                        "Plan Rows": 328455,
                        "Plan Width": 8,
                        "Actual Startup Time": 325.792,
                        "Actual Total Time": 528.018,
                        "Actual Rows": 215374,
                        "Actual Loops": 2,
                        "Inner Unique": true,
                        "Hash Cond": "(mi_idx.movie_id = t.id)",
                        "Plans": [
                          {
                            "Node Type": "Seq Scan",
                            "Parent Relationship": "Outer",
                            "Parallel Aware": true,
                            "Relation Name": "movie_info_idx",
                            "Alias": "mi_idx",
                            "Startup Cost": 0.0,
                            "Total Cost": 16052.85,
                            "Plan Rows": 811785,
                            "Plan Width": 4,
                            "Actual Startup Time": 0.021,
                            "Actual Total Time": 59.975,
                            "Actual Rows": 690018,
                            "Actual Loops": 2
                          },
                          {
                            "Node Type": "Hash",
                            "Parent Relationship": "Inner",
                            "Parallel Aware": true,
                            "Startup Cost": 54588.39,
                            "Total Cost": 54588.39,
                            "Plan Rows": 601746,
                            "Plan Width": 4,
                            "Actual Startup Time": 320.166,
                            "Actual Total Time": 320.167,
                            "Actual Rows": 506460,
                            "Actual Loops": 2,
                            "Hash Buckets": 1048576,
                            "Original Hash Buckets": 1048576,
                            "Hash Batches": 1,
                            "Original Hash Batches": 1,
                            "Peak Memory Usage": 47872,
                            "Plans": [
                              {
                                "Node Type": "Seq Scan",
                                "Parent Relationship": "Outer",
                                "Parallel Aware": true,
                                "Relation Name": "title",
                                "Alias": "t",
                                "Startup Cost": 0.0,
                                "Total Cost": 54588.39,
                                "Plan Rows": 601746,
                                "Plan Width": 4,
                                "Actual Startup Time": 0.033,
                                "Actual Total Time": 181.791,
                                "Actual Rows": 506460,
                                "Actual Loops": 2,
                                "Filter": "(production_year > 2005)",
                                "Rows Removed by Filter": 757696
                              }
                            ]
                          }
                        ]
                      }
                    ]
                  }
                ]
              }
            ]
          }
        ]
      }
    ]
  },
  "Planning Time": 0.998,
  "Triggers": [],
  "Execution Time": 2609.346
}