[
    {
        "Bao": {
            "Bao prediction": "NaN",
            "Bao recommended hint": "(no hint)"
        }
    },
    {
        "Plan": {
            "Node Type": "Aggregate",
            "Strategy": "Plain",
            "Partial Mode": "Finalize",
            "Parallel Aware": false,
            "Startup Cost": 41099.24,
            "Total Cost": 41099.25,
            "Plan Rows": 1,
            "Plan Width": 8,
            "Actual Startup Time": 43.101,
            "Actual Total Time": 47.878,
            "Actual Rows": 1,
            "Actual Loops": 1,
            "Output": [
                "count(*)"
            ],
            "Plans": [
                {
                    "Node Type": "Gather",
                    "Parent Relationship": "Outer",
                    "Parallel Aware": false,
                    "Startup Cost": 41098.82,
                    "Total Cost": 41099.23,
                    "Plan Rows": 4,
                    "Plan Width": 8,
                    "Actual Startup Time": 42.79,
                    "Actual Total Time": 47.872,
                    "Actual Rows": 5,
                    "Actual Loops": 1,
                    "Output": [
                        "(PARTIAL count(*))"
                    ],
                    "Workers Planned": 4,
                    "Workers Launched": 4,
                    "Single Copy": false,
                    "Plans": [
                        {
                            "Node Type": "Aggregate",
                            "Strategy": "Plain",
                            "Partial Mode": "Partial",
                            "Parent Relationship": "Outer",
                            "Parallel Aware": false,
                            "Startup Cost": 40098.82,
                            "Total Cost": 40098.83,
                            "Plan Rows": 1,
                            "Plan Width": 8,
                            "Actual Startup Time": 32.703,
                            "Actual Total Time": 32.705,
                            "Actual Rows": 1,
                            "Actual Loops": 5,
                            "Output": [
                                "PARTIAL count(*)"
                            ],
                            "Workers": [
                                {
                                    "Worker Number": 0,
                                    "Actual Startup Time": 29.833,
                                    "Actual Total Time": 29.835,
                                    "Actual Rows": 1,
                                    "Actual Loops": 1
                                },
                                {
                                    "Worker Number": 1,
                                    "Actual Startup Time": 30.03,
                                    "Actual Total Time": 30.032,
                                    "Actual Rows": 1,
                                    "Actual Loops": 1
                                },
                                {
                                    "Worker Number": 2,
                                    "Actual Startup Time": 30.468,
                                    "Actual Total Time": 30.469,
                                    "Actual Rows": 1,
                                    "Actual Loops": 1
                                },
                                {
                                    "Worker Number": 3,
                                    "Actual Startup Time": 30.712,
                                    "Actual Total Time": 30.714,
                                    "Actual Rows": 1,
                                    "Actual Loops": 1
                                }
                            ],
                            "Plans": [
                                {
                                    "Node Type": "Nested Loop",
                                    "Parent Relationship": "Outer",
                                    "Parallel Aware": false,
                                    "Join Type": "Inner",
                                    "Startup Cost": 1801.07,
                                    "Total Cost": 40098.6,
                                    "Plan Rows": 88,
                                    "Plan Width": 0,
                                    "Actual Startup Time": 3.581,
                                    "Actual Total Time": 32.663,
                                    "Actual Rows": 254,
                                    "Actual Loops": 5,
                                    "Inner Unique": false,
                                    "Workers": [
                                        {
                                            "Worker Number": 0,
                                            "Actual Startup Time": 1.081,
                                            "Actual Total Time": 29.803,
                                            "Actual Rows": 114,
                                            "Actual Loops": 1
                                        },
                                        {
                                            "Worker Number": 1,
                                            "Actual Startup Time": 1.415,
                                            "Actual Total Time": 30.001,
                                            "Actual Rows": 120,
                                            "Actual Loops": 1
                                        },
                                        {
                                            "Worker Number": 2,
                                            "Actual Startup Time": 0.807,
                                            "Actual Total Time": 30.439,
                                            "Actual Rows": 118,
                                            "Actual Loops": 1
                                        },
                                        {
                                            "Worker Number": 3,
                                            "Actual Startup Time": 4.617,
                                            "Actual Total Time": 30.682,
                                            "Actual Rows": 126,
                                            "Actual Loops": 1
                                        }
                                    ],
                                    "Plans": [
                                        {
                                            "Node Type": "Bitmap Heap Scan",
                                            "Parent Relationship": "Outer",
                                            "Parallel Aware": true,
                                            "Relation Name": "title",
                                            "Schema": "public",
                                            "Alias": "t",
                                            "Startup Cost": 1800.64,
                                            "Total Cost": 38176.63,
                                            "Plan Rows": 240,
                                            "Plan Width": 4,
                                            "Actual Startup Time": 2.77,
                                            "Actual Total Time": 28.169,
                                            "Actual Rows": 306,
                                            "Actual Loops": 5,
                                            "Output": [
                                                "t.id",
                                                "t.title",
                                                "t.imdb_index",
                                                "t.kind_id",
                                                "t.production_year",
                                                "t.imdb_id",
                                                "t.phonetic_code",
                                                "t.episode_of_id",
                                                "t.season_nr",
                                                "t.episode_nr",
                                                "t.series_years",
                                                "t.md5sum"
                                            ],
                                            "Recheck Cond": "(t.kind_id = 3)",
                                            "Rows Removed by Index Recheck": 0,
                                            "Filter": "(t.production_year = 1992)",
                                            "Rows Removed by Filter": 19802,
                                            "Exact Heap Blocks": 7794,
                                            "Lossy Heap Blocks": 0,
                                            "Workers": [
                                                {
                                                    "Worker Number": 0,
                                                    "Actual Startup Time": 0.87,
                                                    "Actual Total Time": 25.026,
                                                    "Actual Rows": 147,
                                                    "Actual Loops": 1
                                                },
                                                {
                                                    "Worker Number": 1,
                                                    "Actual Startup Time": 1.276,
                                                    "Actual Total Time": 25.587,
                                                    "Actual Rows": 144,
                                                    "Actual Loops": 1
                                                },
                                                {
                                                    "Worker Number": 2,
                                                    "Actual Startup Time": 0.619,
                                                    "Actual Total Time": 26.038,
                                                    "Actual Rows": 155,
                                                    "Actual Loops": 1
                                                },
                                                {
                                                    "Worker Number": 3,
                                                    "Actual Startup Time": 1.121,
                                                    "Actual Total Time": 26.207,
                                                    "Actual Rows": 161,
                                                    "Actual Loops": 1
                                                }
                                            ],
                                            "Plans": [
                                                {
                                                    "Node Type": "Bitmap Index Scan",
                                                    "Parent Relationship": "Outer",
                                                    "Parallel Aware": false,
                                                    "Index Name": "kind_id_title",
                                                    "Startup Cost": 0.0,
                                                    "Total Cost": 1800.4,
                                                    "Plan Rows": 100796,
                                                    "Plan Width": 0,
                                                    "Actual Startup Time": 6.103,
                                                    "Actual Total Time": 6.103,
                                                    "Actual Rows": 100537,
                                                    "Actual Loops": 1,
                                                    "Index Cond": "(t.kind_id = 3)"
                                                }
                                            ]
                                        },
                                        {
                                            "Node Type": "Index Scan",
                                            "Parent Relationship": "Inner",
                                            "Parallel Aware": false,
                                            "Scan Direction": "Forward",
                                            "Index Name": "movie_id_movie_info_idx",
                                            "Relation Name": "movie_info_idx",
                                            "Schema": "public",
                                            "Alias": "mi_idx",
                                            "Startup Cost": 0.43,
                                            "Total Cost": 7.99,
                                            "Plan Rows": 2,
                                            "Plan Width": 4,
                                            "Actual Startup Time": 0.014,
                                            "Actual Total Time": 0.014,
                                            "Actual Rows": 1,
                                            "Actual Loops": 1529,
                                            "Output": [
                                                "mi_idx.id",
                                                "mi_idx.movie_id",
                                                "mi_idx.info_type_id",
                                                "mi_idx.info",
                                                "mi_idx.note"
                                            ],
                                            "Index Cond": "(mi_idx.movie_id = t.id)",
                                            "Rows Removed by Index Recheck": 0,
                                            "Filter": "(mi_idx.info_type_id > 99)",
                                            "Rows Removed by Filter": 0,
                                            "Workers": [
                                                {
                                                    "Worker Number": 0,
                                                    "Actual Startup Time": 0.03,
                                                    "Actual Total Time": 0.031,
                                                    "Actual Rows": 1,
                                                    "Actual Loops": 147
                                                },
                                                {
                                                    "Worker Number": 1,
                                                    "Actual Startup Time": 0.029,
                                                    "Actual Total Time": 0.029,
                                                    "Actual Rows": 1,
                                                    "Actual Loops": 144
                                                },
                                                {
                                                    "Worker Number": 2,
                                                    "Actual Startup Time": 0.027,
                                                    "Actual Total Time": 0.027,
                                                    "Actual Rows": 1,
                                                    "Actual Loops": 155
                                                },
                                                {
                                                    "Worker Number": 3,
                                                    "Actual Startup Time": 0.026,
                                                    "Actual Total Time": 0.027,
                                                    "Actual Rows": 1,
                                                    "Actual Loops": 161
                                                }
                                            ]
                                        }
                                    ]
                                }
                            ]
                        }
                    ]
                }
            ]
        },
        "Planning Time": 188.645,
        "Triggers": [],
        "Execution Time": 47.942
    }
]