[
  {
    "Plan": {
      "Node Type": "Aggregate",
      "Strategy": "Plain",
      "Partial Mode": "Finalize",
      "Parallel Aware": false,
      "Startup Cost": 80657.74,
      "Total Cost": 80657.75,
      "Plan Rows": 1,
      "Plan Width": 8,
      "Actual Startup Time": 263.405,
      "Actual Total Time": 278.481,
      "Actual Rows": 1,
      "Actual Loops": 1,
      "Plans": [
        {
          "Node Type": "Gather",
          "Parent Relationship": "Outer",
          "Parallel Aware": false,
          "Startup Cost": 80657.43,
          "Total Cost": 80657.74,
          "Plan Rows": 3,
          "Plan Width": 8,
          "Actual Startup Time": 259.301,
          "Actual Total Time": 278.475,
          "Actual Rows": 4,
          "Actual Loops": 1,
          "Workers Planned": 3,
          "Workers Launched": 3,
          "Single Copy": false,
          "Plans": [
            {
              "Node Type": "Aggregate",
              "Strategy": "Plain",
              "Partial Mode": "Partial",
              "Parent Relationship": "Outer",
              "Parallel Aware": false,
              "Startup Cost": 79657.43,
              "Total Cost": 79657.44,
              "Plan Rows": 1,
              "Plan Width": 8,
              "Actual Startup Time": 254.761,
              "Actual Total Time": 254.764,
              "Actual Rows": 1,
              "Actual Loops": 4,
              "Plans": [
                {
                  "Node Type": "Hash Join",
                  "Parent Relationship": "Outer",
                  "Parallel Aware": true,
                  "Join Type": "Inner",
                  "Startup Cost": 47294.72,
                  "Total Cost": 79487.27,
                  "Plan Rows": 68063,
                  "Plan Width": 0,
                  "Actual Startup Time": 208.528,
                  "Actual Total Time": 252.468,
                  "Actual Rows": 55916,
                  "Actual Loops": 4,
                  "Inner Unique": true,
                  "Hash Cond": "(mc.movie_id = t.id)",
                  "Plans": [
                    {
                      "Node Type": "Seq Scan",
                      "Parent Relationship": "Outer",
                      "Parallel Aware": true,
                      "Relation Name": "movie_companies",
                      "Alias": "mc",
                      "Startup Cost": 0.0,
                      "Total Cost": 31414.82,
                      "Plan Rows": 296277,
                      "Plan Width": 4,
                      "Actual Startup Time": 31.191,
                      "Actual Total Time": 63.872,
                      "Actual Rows": 151470,
                      "Actual Loops": 4,
                      "Filter": "((company_id < 30309) AND (company_type_id > 1))",
                      "Rows Removed by Filter": 500812
                    },
                    {
                      "Node Type": "Hash",
                      "Parent Relationship": "Inner",
                      "Parallel Aware": true,
                      "Startup Cost": 45479.59,
                      "Total Cost": 45479.59,
                      "Plan Rows": 145211,
                      "Plan Width": 4,
                      "Actual Startup Time": 145.826,
                      "Actual Total Time": 145.827,
                      "Actual Rows": 148682,
                      "Actual Loops": 4,
                      "Hash Buckets": 1048576,
                      "Original Hash Buckets": 1048576,
                      "Hash Batches": 1,
                      "Original Hash Batches": 1,
                      "Peak Memory Usage": 31520,
                      "Plans": [
                        {
                          "Node Type": "Seq Scan",
                          "Parent Relationship": "Outer",
                          "Parallel Aware": true,
                          "Relation Name": "title",
                          "Alias": "t",
                          "Startup Cost": 0.0,
                          "Total Cost": 45479.59,
                          "Plan Rows": 145211,
                          "Plan Width": 4,
                          "Actual Startup Time": 51.674,
                          "Actual Total Time": 95.46,
                          "Actual Rows": 148682,
                          "Actual Loops": 4,
                          "Filter": "((kind_id < 2) AND (production_year < 2012))",
                          "Rows Removed by Filter": 483396
                        }
                      ]
                    }
                  ]
                }
              ]
            }
          ]
        }
      ]
    },
    "Planning Time": 0.221,
    "Triggers": [],
    "Execution Time": 278.511
  }
]