[
  {
    "Plan": {
      "Node Type": "Aggregate",
      "Strategy": "Plain",
      "Partial Mode": "Finalize",
      "Parallel Aware": false,
      "Startup Cost": 80675.37,
      "Total Cost": 80675.38,
      "Plan Rows": 1,
      "Plan Width": 8,
      "Actual Startup Time": 294.046,
      "Actual Total Time": 310.374,
      "Actual Rows": 1,
      "Actual Loops": 1,
      "Plans": [
        {
          "Node Type": "Gather",
          "Parent Relationship": "Outer",
          "Parallel Aware": false,
          "Startup Cost": 80675.05,
          "Total Cost": 80675.36,
          "Plan Rows": 3,
          "Plan Width": 8,
          "Actual Startup Time": 291.491,
          "Actual Total Time": 310.365,
          "Actual Rows": 4,
          "Actual Loops": 1,
          "Workers Planned": 3,
          "Workers Launched": 3,
          "Single Copy": false,
          "Plans": [
            {
              "Node Type": "Aggregate",
              "Strategy": "Plain",
              "Partial Mode": "Partial",
              "Parent Relationship": "Outer",
              "Parallel Aware": false,
              "Startup Cost": 79675.05,
              "Total Cost": 79675.06,
              "Plan Rows": 1,
              "Plan Width": 8,
              "Actual Startup Time": 282.739,
              "Actual Total Time": 282.742,
              "Actual Rows": 1,
              "Actual Loops": 4,
              "Plans": [
                {
                  "Node Type": "Hash Join",
                  "Parent Relationship": "Outer",
                  "Parallel Aware": true,
                  "Join Type": "Inner",
                  "Startup Cost": 47304.47,
                  "Total Cost": 79502.68,
                  "Plan Rows": 68948,
                  "Plan Width": 0,
                  "Actual Startup Time": 232.125,
                  "Actual Total Time": 280.227,
                  "Actual Rows": 55916,
                  "Actual Loops": 4,
                  "Inner Unique": true,
                  "Hash Cond": "(mc.movie_id = t.id)",
                  "Plans": [
                    {
                      "Node Type": "Seq Scan",
                      "Parent Relationship": "Outer",
                      "Parallel Aware": true,
                      "Relation Name": "movie_companies",
                      "Alias": "mc",
                      "Startup Cost": 0.0,
                      "Total Cost": 31414.82,
                      "Plan Rows": 298434,
                      "Plan Width": 4,
                      "Actual Startup Time": 31.776,
                      "Actual Total Time": 67.068,
                      "Actual Rows": 151470,
                      "Actual Loops": 4,
                      "Filter": "((company_id < 30309) AND (company_type_id > 1))",
                      "Rows Removed by Filter": 500812
                    },
                    {
                      "Node Type": "Hash",
                      "Parent Relationship": "Inner",
                      "Parallel Aware": true,
                      "Startup Cost": 45479.1,
                      "Total Cost": 45479.1,
                      "Plan Rows": 146030,
                      "Plan Width": 4,
                      "Actual Startup Time": 163.769,
                      "Actual Total Time": 163.77,
                      "Actual Rows": 148682,
                      "Actual Loops": 4,
                      "Hash Buckets": 1048576,
                      "Original Hash Buckets": 1048576,
                      "Hash Batches": 1,
                      "Original Hash Batches": 1,
                      "Peak Memory Usage": 31552,
                      "Plans": [
                        {
                          "Node Type": "Seq Scan",
                          "Parent Relationship": "Outer",
                          "Parallel Aware": true,
                          "Relation Name": "title",
                          "Alias": "t",
                          "Startup Cost": 0.0,
                          "Total Cost": 45479.1,
                          "Plan Rows": 146030,
                          "Plan Width": 4,
                          "Actual Startup Time": 62.395,
                          "Actual Total Time": 107.815,
                          "Actual Rows": 148682,
                          "Actual Loops": 4,
                          "Filter": "((kind_id < 2) AND (production_year < 2012))",
                          "Rows Removed by Filter": 483396
                        }
                      ]
                    }
                  ]
                }
              ]
            }
          ]
        }
      ]
    },
    "Planning Time": 0.667,
    "Triggers": [],
    "Execution Time": 310.445
  }
]