{
  "Plan": {
    "Node Type": "Aggregate",
    "Strategy": "Plain",
    "Partial Mode": "Finalize",
    "Parallel Aware": false,
    "Startup Cost": 113528.08,
    "Total Cost": 113528.09,
    "Plan Rows": 1,
    "Plan Width": 8,
    "Actual Startup Time": 1015.916,
    "Actual Total Time": 1034.183,
    "Actual Rows": 1,
    "Actual Loops": 1,
    "Plans": [
      {
        "Node Type": "Gather",
        "Parent Relationship": "Outer",
        "Parallel Aware": false,
        "Startup Cost": 113527.96,
        "Total Cost": 113528.07,
        "Plan Rows": 1,
        "Plan Width": 8,
        "Actual Startup Time": 1010.522,
        "Actual Total Time": 1034.174,
        "Actual Rows": 2,
        "Actual Loops": 1,
        "Workers Planned": 1,
        "Workers Launched": 1,
        "Single Copy": false,
        "Plans": [
          {
            "Node Type": "Aggregate",
            "Strategy": "Plain",
            "Partial Mode": "Partial",
            "Parent Relationship": "Outer",
            "Parallel Aware": false,
            "Startup Cost": 112527.96,
            "Total Cost": 112527.97,
            "Plan Rows": 1,
            "Plan Width": 8,
            "Actual Startup Time": 1003.582,
            "Actual Total Time": 1003.585,
            "Actual Rows": 1,
            "Actual Loops": 2,
            "Plans": [
              {
                "Node Type": "Hash Join",
                "Parent Relationship": "Outer",
                "Parallel Aware": true,
                "Join Type": "Inner",
                "Startup Cost": 71614.61,
                "Total Cost": 109781.24,
                "Plan Rows": 1098691,
                "Plan Width": 0,
                "Actual Startup Time": 478.556,
                "Actual Total Time": 968.812,
                "Actual Rows": 643460,
                "Actual Loops": 2,
                "Inner Unique": true,
                "Hash Cond": "(mc.movie_id = t.id)",
                "Plans": [
                  {
                    "Node Type": "Seq Scan",
                    "Parent Relationship": "Outer",
                    "Parallel Aware": true,
                    "Relation Name": "movie_companies",
                    "Alias": "mc",
                    "Startup Cost": 0.0,
                    "Total Cost": 34137.82,
                    "Plan Rows": 1534782,
                    "Plan Width": 4,
                    "Actual Startup Time": 0.014,
                    "Actual Total Time": 114.851,
                    "Actual Rows": 1304564,
                    "Actual Loops": 2
                  },
                  {
                    "Node Type": "Hash",
                    "Parent Relationship": "Inner",
                    "Parallel Aware": true,
                    "Startup Cost": 58306.47,
                    "Total Cost": 58306.47,
                    "Plan Rows": 1064651,
                    "Plan Width": 4,
                    "Actual Startup Time": 463.989,
                    "Actual Total Time": 463.99,
                    "Actual Rows": 899804,
                    "Actual Loops": 2,
                    "Hash Buckets": 2097152,
                    "Original Hash Buckets": 2097152,
                    "Hash Batches": 1,
                    "Original Hash Batches": 1,
                    "Peak Memory Usage": 86816,
                    "Plans": [
                      {
                        "Node Type": "Seq Scan",
                        "Parent Relationship": "Outer",
                        "Parallel Aware": true,
                        "Relation Name": "title",
                        "Alias": "t",
                        "Startup Cost": 0.0,
                        "Total Cost": 58306.47,
                        "Plan Rows": 1064651,
                        "Plan Width": 4,
                        "Actual Startup Time": 0.029,
                        "Actual Total Time": 205.616,
                        "Actual Rows": 899804,
                        "Actual Loops": 2,
                        "Filter": "((kind_id > 1) AND (production_year < 2014))",
                        "Rows Removed by Filter": 364352
                      }
                    ]
                  }
                ]
              }
            ]
          }
        ]
      }
    ]
  },
  "Planning Time": 0.436,
  "Triggers": [],
  "Execution Time": 1034.251
}