[
  {
    "Plan": {
      "Node Type": "Aggregate",
      "Strategy": "Plain",
      "Partial Mode": "Finalize",
      "Parallel Aware": false,
      "Startup Cost": 306943.23,
      "Total Cost": 306943.24,
      "Plan Rows": 1,
      "Plan Width": 8,
      "Actual Startup Time": 1024.542,
      "Actual Total Time": 1089.761,
      "Actual Rows": 1,
      "Actual Loops": 1,
      "Plans": [
        {
          "Node Type": "Gather",
          "Parent Relationship": "Outer",
          "Parallel Aware": false,
          "Startup Cost": 306942.71,
          "Total Cost": 306943.22,
          "Plan Rows": 5,
          "Plan Width": 8,
          "Actual Startup Time": 1011.015,
          "Actual Total Time": 1089.748,
          "Actual Rows": 6,
          "Actual Loops": 1,
          "Workers Planned": 5,
          "Workers Launched": 5,
          "Single Copy": false,
          "Plans": [
            {
              "Node Type": "Aggregate",
              "Strategy": "Plain",
              "Partial Mode": "Partial",
              "Parent Relationship": "Outer",
              "Parallel Aware": false,
              "Startup Cost": 305942.71,
              "Total Cost": 305942.72,
              "Plan Rows": 1,
              "Plan Width": 8,
              "Actual Startup Time": 1000.254,
              "Actual Total Time": 1000.434,
              "Actual Rows": 1,
              "Actual Loops": 6,
              "Plans": [
                {
                  "Node Type": "Hash Join",
                  "Parent Relationship": "Outer",
                  "Parallel Aware": true,
                  "Join Type": "Inner",
                  "Startup Cost": 94545.47,
                  "Total Cost": 304735.87,
                  "Plan Rows": 482735,
                  "Plan Width": 0,
                  "Actual Startup Time": 338.901,
                  "Actual Total Time": 992.487,
                  "Actual Rows": 141384,
                  "Actual Loops": 6,
                  "Inner Unique": false,
                  "Hash Cond": "(mi.movie_id = t.id)",
                  "Plans": [
                    {
                      "Node Type": "Seq Scan",
                      "Parent Relationship": "Outer",
                      "Parallel Aware": true,
                      "Relation Name": "movie_info",
                      "Alias": "mi",
                      "Startup Cost": 0.0,
                      "Total Cost": 199108.24,
                      "Plan Rows": 2539986,
                      "Plan Width": 4,
                      "Actual Startup Time": 0.04,
                      "Actual Total Time": 416.079,
                      "Actual Rows": 2124109,
                      "Actual Loops": 6,
                      "Filter": "(info_type_id > 2)",
                      "Rows Removed by Filter": 348511
                    },
                    {
                      "Node Type": "Hash",
                      "Parent Relationship": "Inner",
                      "Parallel Aware": true,
                      "Startup Cost": 92607.82,
                      "Total Cost": 92607.82,
                      "Plan Rows": 155012,
                      "Plan Width": 8,
                      "Actual Startup Time": 336.509,
                      "Actual Total Time": 336.688,
                      "Actual Rows": 17385,
                      "Actual Loops": 6,
                      "Hash Buckets": 524288,
                      "Original Hash Buckets": 524288,
                      "Hash Batches": 1,
                      "Original Hash Batches": 1,
                      "Peak Memory Usage": 8320,
                      "Plans": [
                        {
                          "Node Type": "Hash Join",
                          "Parent Relationship": "Outer",
                          "Parallel Aware": true,
                          "Join Type": "Inner",
                          "Startup Cost": 48998.51,
                          "Total Cost": 92607.82,
                          "Plan Rows": 155012,
                          "Plan Width": 8,
                          "Actual Startup Time": 205.799,
                          "Actual Total Time": 327.736,
                          "Actual Rows": 17385,
                          "Actual Loops": 6,
                          "Inner Unique": true,
                          "Hash Cond": "(mk.movie_id = t.id)",
                          "Plans": [
                            {
                              "Node Type": "Seq Scan",
                              "Parent Relationship": "Outer",
                              "Parallel Aware": true,
                              "Relation Name": "movie_keyword",
                              "Alias": "mk",
                              "Startup Cost": 0.0,
                              "Total Cost": 42695.65,
                              "Plan Rows": 348061,
                              "Plan Width": 4,
                              "Actual Startup Time": 0.042,
                              "Actual Total Time": 82.035,
                              "Actual Rows": 180946,
                              "Actual Loops": 6,
                              "Filter": "(keyword_id < 1105)",
                              "Rows Removed by Filter": 573042
                            },
                            {
                              "Node Type": "Hash",
                              "Parent Relationship": "Inner",
                              "Parallel Aware": true,
                              "Startup Cost": 45479.59,
                              "Total Cost": 45479.59,
                              "Plan Rows": 281514,
                              "Plan Width": 4,
                              "Actual Startup Time": 202.241,
                              "Actual Total Time": 202.242,
                              "Actual Rows": 202181,
                              "Actual Loops": 6,
                              "Hash Buckets": 2097152,
                              "Original Hash Buckets": 2097152,
                              "Hash Batches": 1,
                              "Original Hash Batches": 1,
                              "Peak Memory Usage": 63968,
                              "Plans": [
                                {
                                  "Node Type": "Seq Scan",
                                  "Parent Relationship": "Outer",
                                  "Parallel Aware": true,
                                  "Relation Name": "title",
                                  "Alias": "t",
                                  "Startup Cost": 0.0,
                                  "Total Cost": 45479.59,
                                  "Plan Rows": 281514,
                                  "Plan Width": 4,
                                  "Actual Startup Time": 0.045,
                                  "Actual Total Time": 98.243,
                                  "Actual Rows": 202181,
                                  "Actual Loops": 6,
                                  "Filter": "((production_year > 1986) AND (kind_id = 7))",
                                  "Rows Removed by Filter": 219204
                                }
                              ]
                            }
                          ]
                        }
                      ]
                    }
                  ]
                }
              ]
            }
          ]
        }
      ]
    },
    "Planning Time": 0.934,
    "Triggers": [],
    "Execution Time": 1089.837
  }
]