[
  {
    "Plan": {
      "Node Type": "Aggregate",
      "Strategy": "Plain",
      "Partial Mode": "Finalize",
      "Parallel Aware": false,
      "Startup Cost": 61407.79,
      "Total Cost": 61407.8,
      "Plan Rows": 1,
      "Plan Width": 8,
      "Actual Startup Time": 418.097,
      "Actual Total Time": 437.808,
      "Actual Rows": 1,
      "Actual Loops": 1,
      "Plans": [
        {
          "Node Type": "Gather",
          "Parent Relationship": "Outer",
          "Parallel Aware": false,
          "Startup Cost": 61407.47,
          "Total Cost": 61407.78,
          "Plan Rows": 3,
          "Plan Width": 8,
          "Actual Startup Time": 414.545,
          "Actual Total Time": 437.797,
          "Actual Rows": 4,
          "Actual Loops": 1,
          "Workers Planned": 3,
          "Workers Launched": 3,
          "Single Copy": false,
          "Plans": [
            {
              "Node Type": "Aggregate",
              "Strategy": "Plain",
              "Partial Mode": "Partial",
              "Parent Relationship": "Outer",
              "Parallel Aware": false,
              "Startup Cost": 60407.47,
              "Total Cost": 60407.48,
              "Plan Rows": 1,
              "Plan Width": 8,
              "Actual Startup Time": 401.138,
              "Actual Total Time": 401.142,
              "Actual Rows": 1,
              "Actual Loops": 4,
              "Plans": [
                {
                  "Node Type": "Nested Loop",
                  "Parent Relationship": "Outer",
                  "Parallel Aware": false,
                  "Join Type": "Inner",
                  "Startup Cost": 35963.99,
                  "Total Cost": 60382.35,
                  "Plan Rows": 10049,
                  "Plan Width": 0,
                  "Actual Startup Time": 191.686,
                  "Actual Total Time": 397.779,
                  "Actual Rows": 59564,
                  "Actual Loops": 4,
                  "Inner Unique": true,
                  "Plans": [
                    {
                      "Node Type": "Hash Join",
                      "Parent Relationship": "Outer",
                      "Parallel Aware": true,
                      "Join Type": "Inner",
                      "Startup Cost": 35963.56,
                      "Total Cost": 44759.01,
                      "Plan Rows": 25735,
                      "Plan Width": 8,
                      "Actual Startup Time": 191.604,
                      "Actual Total Time": 241.273,
                      "Actual Rows": 59564,
                      "Actual Loops": 4,
                      "Inner Unique": false,
                      "Hash Cond": "(ci.movie_id = mc.movie_id)",
                      "Plans": [
                        {
                          "Node Type": "Index Scan",
                          "Parent Relationship": "Outer",
                          "Parallel Aware": true,
                          "Scan Direction": "Forward",
                          "Index Name": "role_id_cast_info",
                          "Relation Name": "cast_info",
                          "Alias": "ci",
                          "Startup Cost": 0.56,
                          "Total Cost": 8600.37,
                          "Plan Rows": 22524,
                          "Plan Width": 4,
                          "Actual Startup Time": 0.206,
                          "Actual Total Time": 14.882,
                          "Actual Rows": 55974,
                          "Actual Loops": 4,
                          "Index Cond": "(role_id > 10)",
                          "Rows Removed by Index Recheck": 0,
                          "Filter": "(person_id > 2845198)",
                          "Rows Removed by Filter": 23055
                        },
                        {
                          "Node Type": "Hash",
                          "Parent Relationship": "Inner",
                          "Parallel Aware": true,
                          "Startup Cost": 31414.82,
                          "Total Cost": 31414.82,
                          "Plan Rows": 363854,
                          "Plan Width": 4,
                          "Actual Startup Time": 183.66,
                          "Actual Total Time": 183.661,
                          "Actual Rows": 318562,
                          "Actual Loops": 4,
                          "Hash Buckets": 2097152,
                          "Original Hash Buckets": 2097152,
                          "Hash Batches": 1,
                          "Original Hash Batches": 1,
                          "Peak Memory Usage": 66304,
                          "Plans": [
                            {
                              "Node Type": "Seq Scan",
                              "Parent Relationship": "Outer",
                              "Parallel Aware": true,
                              "Relation Name": "movie_companies",
                              "Alias": "mc",
                              "Startup Cost": 0.0,
                              "Total Cost": 31414.82,
                              "Plan Rows": 363854,
                              "Plan Width": 4,
                              "Actual Startup Time": 0.055,
                              "Actual Total Time": 81.759,
                              "Actual Rows": 318562,
                              "Actual Loops": 4,
                              "Filter": "((company_id < 91908) AND (company_type_id < 2))",
                              "Rows Removed by Filter": 333721
                            }
                          ]
                        }
                      ]
                    },
                    {
                      "Node Type": "Index Only Scan",
                      "Parent Relationship": "Inner",
                      "Parallel Aware": false,
                      "Scan Direction": "Forward",
                      "Index Name": "title_pkey",
                      "Relation Name": "title",
                      "Alias": "t",
                      "Startup Cost": 0.43,
                      "Total Cost": 0.61,
                      "Plan Rows": 1,
                      "Plan Width": 4,
                      "Actual Startup Time": 0.002,
                      "Actual Total Time": 0.002,
                      "Actual Rows": 1,
                      "Actual Loops": 238258,
                      "Index Cond": "(id = mc.movie_id)",
                      "Rows Removed by Index Recheck": 0,
                      "Heap Fetches": 238258
                    }
                  ]
                }
              ]
            }
          ]
        }
      ]
    },
    "Planning Time": 1.467,
    "Triggers": [],
    "Execution Time": 437.912
  }
]