[
  {
    "Plan": {
      "Node Type": "Aggregate",
      "Strategy": "Plain",
      "Partial Mode": "Finalize",
      "Parallel Aware": false,
      "Startup Cost": 32700.88,
      "Total Cost": 32700.89,
      "Plan Rows": 1,
      "Plan Width": 8,
      "Actual Startup Time": 86.319,
      "Actual Total Time": 94.046,
      "Actual Rows": 1,
      "Actual Loops": 1,
      "Plans": [
        {
          "Node Type": "Gather",
          "Parent Relationship": "Outer",
          "Parallel Aware": false,
          "Startup Cost": 32700.56,
          "Total Cost": 32700.87,
          "Plan Rows": 3,
          "Plan Width": 8,
          "Actual Startup Time": 86.186,
          "Actual Total Time": 94.039,
          "Actual Rows": 4,
          "Actual Loops": 1,
          "Workers Planned": 3,
          "Workers Launched": 3,
          "Single Copy": false,
          "Plans": [
            {
              "Node Type": "Aggregate",
              "Strategy": "Plain",
              "Partial Mode": "Partial",
              "Parent Relationship": "Outer",
              "Parallel Aware": false,
              "Startup Cost": 31700.56,
              "Total Cost": 31700.57,
              "Plan Rows": 1,
              "Plan Width": 8,
              "Actual Startup Time": 78.952,
              "Actual Total Time": 78.954,
              "Actual Rows": 1,
              "Actual Loops": 4,
              "Plans": [
                {
                  "Node Type": "Seq Scan",
                  "Parent Relationship": "Outer",
                  "Parallel Aware": true,
                  "Relation Name": "movie_companies",
                  "Alias": "mc",
                  "Startup Cost": 0.0,
                  "Total Cost": 31414.82,
                  "Plan Rows": 114297,
                  "Plan Width": 0,
                  "Actual Startup Time": 0.042,
                  "Actual Total Time": 71.194,
                  "Actual Rows": 128548,
                  "Actual Loops": 4,
                  "Filter": "((company_id < 1408) AND (company_type_id = 1))",
                  "Rows Removed by Filter": 523735
                }
              ]
            }
          ]
        }
      ]
    },
    "Planning Time": 0.071,
    "Triggers": [],
    "Execution Time": 94.068
  }
]