{
  "Plan": {
    "Node Type": "Aggregate",
    "Strategy": "Plain",
    "Partial Mode": "Simple",
    "Parallel Aware": false,
    "Startup Cost": 70000198519.67,
    "Total Cost": 70000198519.68,
    "Plan Rows": 1,
    "Plan Width": 64,
    "Actual Startup Time": 3658.217,
    "Actual Total Time": 3658.224,
    "Actual Rows": 1,
    "Actual Loops": 1,
    "Plans": [
      {
        "Node Type": "Nested Loop",
        "Parent Relationship": "Outer",
        "Parallel Aware": false,
        "Join Type": "Inner",
        "Startup Cost": 70000000002.14,
        "Total Cost": 70000198519.67,
        "Plan Rows": 1,
        "Plan Width": 23,
        "Actual Startup Time": 2550.839,
        "Actual Total Time": 3658.206,
        "Actual Rows": 1,
        "Actual Loops": 1,
        "Inner Unique": false,
        "Join Filter": "(mi_idx.movie_id = t.id)",
        "Rows Removed by Join Filter": 1559087,
        "Plans": [
          {
            "Node Type": "Nested Loop",
            "Parent Relationship": "Outer",
            "Parallel Aware": false,
            "Join Type": "Inner",
            "Startup Cost": 50000000001.72,
            "Total Cost": 50000135820.45,
            "Plan Rows": 1,
            "Plan Width": 29,
            "Actual Startup Time": 1193.99,
            "Actual Total Time": 1739.911,
            "Actual Rows": 6,
            "Actual Loops": 1,
            "Inner Unique": true,
            "Join Filter": "(mi.info_type_id = it1.id)",
            "Rows Removed by Join Filter": 0,
            "Plans": [
              {
                "Node Type": "Nested Loop",
                "Parent Relationship": "Outer",
                "Parallel Aware": false,
                "Join Type": "Inner",
                "Startup Cost": 40000000001.72,
                "Total Cost": 40000135818.03,
                "Plan Rows": 1,
                "Plan Width": 33,
                "Actual Startup Time": 1193.961,
                "Actual Total Time": 1739.798,
                "Actual Rows": 6,
                "Actual Loops": 1,
                "Inner Unique": false,
                "Join Filter": "(t.id = mi.movie_id)",
                "Rows Removed by Join Filter": 0,
                "Plans": [
                  {
                    "Node Type": "Nested Loop",
                    "Parent Relationship": "Outer",
                    "Parallel Aware": false,
                    "Join Type": "Inner",
                    "Startup Cost": 30000000001.28,
                    "Total Cost": 30000135816.15,
                    "Plan Rows": 1,
                    "Plan Width": 25,
                    "Actual Startup Time": 1193.595,
                    "Actual Total Time": 1737.31,
                    "Actual Rows": 10,
                    "Actual Loops": 1,
                    "Inner Unique": true,
                    "Plans": [
                      {
                        "Node Type": "Nested Loop",
                        "Parent Relationship": "Outer",
                        "Parallel Aware": false,
                        "Join Type": "Inner",
                        "Startup Cost": 20000000000.86,
                        "Total Cost": 20000135803.33,
                        "Plan Rows": 29,
                        "Plan Width": 29,
                        "Actual Startup Time": 1193.293,
                        "Actual Total Time": 1735.367,
                        "Actual Rows": 190,
                        "Actual Loops": 1,
                        "Inner Unique": false,
                        "Plans": [
                          {
                            "Node Type": "Nested Loop",
                            "Parent Relationship": "Outer",
                            "Parallel Aware": false,
                            "Join Type": "Inner",
                            "Startup Cost": 10000000000.43,
                            "Total Cost": 10000135646.89,
                            "Plan Rows": 16,
                            "Plan Width": 21,
                            "Actual Startup Time": 1193.127,
                            "Actual Total Time": 1733.154,
                            "Actual Rows": 105,
                            "Actual Loops": 1,
                            "Inner Unique": true,
                            "Join Filter": "(kt.id = t.kind_id)",
                            "Rows Removed by Join Filter": 350,
                            "Plans": [
                              {
                                "Node Type": "Index Scan",
                                "Parent Relationship": "Outer",
                                "Parallel Aware": false,
                                "Scan Direction": "Forward",
                                "Index Name": "title_pkey",
                                "Relation Name": "title",
                                "Alias": "t",
                                "Startup Cost": 0.43,
                                "Total Cost": 135644.15,
                                "Plan Rows": 110,
                                "Plan Width": 25,
                                "Actual Startup Time": 0.598,
                                "Actual Total Time": 1732.709,
                                "Actual Rows": 455,
                                "Actual Loops": 1,
                                "Filter": "((production_year > 2010) AND ((title ~~ '%murder%'::text) OR (title ~~ '%Murder%'::text) OR (title ~~ '%Mord%'::text)))",
                                "Rows Removed by Filter": 2527857
                              },
                              {
                                "Node Type": "Materialize",
                                "Parent Relationship": "Inner",
                                "Parallel Aware": false,
                                "Startup Cost": 0.0,
                                "Total Cost": 1.09,
                                "Plan Rows": 1,
                                "Plan Width": 4,
                                "Actual Startup Time": 0.0,
                                "Actual Total Time": 0.0,
                                "Actual Rows": 1,
                                "Actual Loops": 455,
                                "Plans": [
                                  {
                                    "Node Type": "Seq Scan",
                                    "Parent Relationship": "Outer",
                                    "Parallel Aware": false,
                                    "Relation Name": "kind_type",
                                    "Alias": "kt",
                                    "Startup Cost": 0.0,
                                    "Total Cost": 1.09,
                                    "Plan Rows": 1,
                                    "Plan Width": 4,
                                    "Actual Startup Time": 0.034,
                                    "Actual Total Time": 0.037,
                                    "Actual Rows": 1,
                                    "Actual Loops": 1,
                                    "Filter": "((kind)::text = 'movie'::text)",
                                    "Rows Removed by Filter": 6
                                  }
                                ]
                              }
                            ]
                          },
                          {
                            "Node Type": "Index Scan",
                            "Parent Relationship": "Inner",
                            "Parallel Aware": false,
                            "Scan Direction": "Forward",
                            "Index Name": "movie_id_movie_keyword",
                            "Relation Name": "movie_keyword",
                            "Alias": "mk",
                            "Startup Cost": 0.43,
                            "Total Cost": 9.32,
                            "Plan Rows": 46,
                            "Plan Width": 8,
                            "Actual Startup Time": 0.019,
                            "Actual Total Time": 0.02,
                            "Actual Rows": 2,
                            "Actual Loops": 105,
                            "Index Cond": "(movie_id = t.id)",
                            "Rows Removed by Index Recheck": 0
                          }
                        ]
                      },
                      {
                        "Node Type": "Index Scan",
                        "Parent Relationship": "Inner",
                        "Parallel Aware": false,
                        "Scan Direction": "Forward",
                        "Index Name": "keyword_pkey",
                        "Relation Name": "keyword",
                        "Alias": "k",
                        "Startup Cost": 0.42,
                        "Total Cost": 0.44,
                        "Plan Rows": 1,
                        "Plan Width": 4,
                        "Actual Startup Time": 0.01,
                        "Actual Total Time": 0.01,
                        "Actual Rows": 0,
                        "Actual Loops": 190,
                        "Index Cond": "(id = mk.keyword_id)",
                        "Rows Removed by Index Recheck": 0,
                        "Filter": "(keyword = ANY ('{murder,murder-in-title}'::text[]))",
                        "Rows Removed by Filter": 1
                      }
                    ]
                  },
                  {
                    "Node Type": "Index Scan",
                    "Parent Relationship": "Inner",
                    "Parallel Aware": false,
                    "Scan Direction": "Forward",
                    "Index Name": "movie_id_movie_info",
                    "Relation Name": "movie_info",
                    "Alias": "mi",
                    "Startup Cost": 0.43,
                    "Total Cost": 1.86,
                    "Plan Rows": 2,
                    "Plan Width": 8,
                    "Actual Startup Time": 0.231,
                    "Actual Total Time": 0.246,
                    "Actual Rows": 1,
                    "Actual Loops": 10,
                    "Index Cond": "(movie_id = mk.movie_id)",
                    "Rows Removed by Index Recheck": 0,
                    "Filter": "(info = ANY ('{Sweden,Norway,Germany,Denmark,Swedish,Denish,Norwegian,German,USA,American}'::text[]))",
                    "Rows Removed by Filter": 12
                  }
                ]
              },
              {
                "Node Type": "Seq Scan",
                "Parent Relationship": "Inner",
                "Parallel Aware": false,
                "Relation Name": "info_type",
                "Alias": "it1",
                "Startup Cost": 0.0,
                "Total Cost": 2.41,
                "Plan Rows": 1,
                "Plan Width": 4,
                "Actual Startup Time": 0.01,
                "Actual Total Time": 0.01,
                "Actual Rows": 1,
                "Actual Loops": 6,
                "Filter": "((info)::text = 'countries'::text)",
                "Rows Removed by Filter": 7
              }
            ]
          },
          {
            "Node Type": "Nested Loop",
            "Parent Relationship": "Inner",
            "Parallel Aware": false,
            "Join Type": "Inner",
            "Startup Cost": 10000000000.43,
            "Total Cost": 10000062658.04,
            "Plan Rows": 3294,
            "Plan Width": 10,
            "Actual Startup Time": 0.024,
            "Actual Total Time": 307.037,
            "Actual Rows": 259848,
            "Actual Loops": 6,
            "Inner Unique": true,
            "Join Filter": "(it2.id = mi_idx.info_type_id)",
            "Rows Removed by Join Filter": 113561,
            "Plans": [
              {
                "Node Type": "Index Scan",
                "Parent Relationship": "Outer",
                "Parallel Aware": false,
                "Scan Direction": "Forward",
                "Index Name": "movie_id_movie_info_idx",
                "Relation Name": "movie_info_idx",
                "Alias": "mi_idx",
                "Startup Cost": 0.43,
                "Total Cost": 57072.82,
                "Plan Rows": 372187,
                "Plan Width": 14,
                "Actual Startup Time": 0.019,
                "Actual Total Time": 229.128,
                "Actual Rows": 373409,
                "Actual Loops": 6,
                "Filter": "(info > '6.0'::text)",
                "Rows Removed by Filter": 1006626
              },
              {
                "Node Type": "Materialize",
                "Parent Relationship": "Inner",
                "Parallel Aware": false,
                "Startup Cost": 0.0,
                "Total Cost": 2.42,
                "Plan Rows": 1,
                "Plan Width": 4,
                "Actual Startup Time": 0.0,
                "Actual Total Time": 0.0,
                "Actual Rows": 1,
                "Actual Loops": 2240454,
                "Plans": [
                  {
                    "Node Type": "Seq Scan",
                    "Parent Relationship": "Outer",
                    "Parallel Aware": false,
                    "Relation Name": "info_type",
                    "Alias": "it2",
                    "Startup Cost": 0.0,
                    "Total Cost": 2.41,
                    "Plan Rows": 1,
                    "Plan Width": 4,
                    "Actual Startup Time": 0.013,
                    "Actual Total Time": 0.015,
                    "Actual Rows": 1,
                    "Actual Loops": 1,
                    "Filter": "((info)::text = 'rating'::text)",
                    "Rows Removed by Filter": 112
                  }
                ]
              }
            ]
          }
        ]
      }
    ]
  },
  "Planning Time": 12.657,
  "Triggers": [],
  "Execution Time": 3658.782
}