[
  {
    "Plan": {
      "Node Type": "Aggregate",
      "Strategy": "Plain",
      "Partial Mode": "Finalize",
      "Parallel Aware": false,
      "Startup Cost": 341965.84,
      "Total Cost": 341965.85,
      "Plan Rows": 1,
      "Plan Width": 8,
      "Actual Startup Time": 961.817,
      "Actual Total Time": 1049.296,
      "Actual Rows": 1,
      "Actual Loops": 1,
      "Plans": [
        {
          "Node Type": "Gather",
          "Parent Relationship": "Outer",
          "Parallel Aware": false,
          "Startup Cost": 341965.21,
          "Total Cost": 341965.82,
          "Plan Rows": 6,
          "Plan Width": 8,
          "Actual Startup Time": 961.701,
          "Actual Total Time": 1049.281,
          "Actual Rows": 7,
          "Actual Loops": 1,
          "Workers Planned": 6,
          "Workers Launched": 6,
          "Single Copy": false,
          "Plans": [
            {
              "Node Type": "Aggregate",
              "Strategy": "Plain",
              "Partial Mode": "Partial",
              "Parent Relationship": "Outer",
              "Parallel Aware": false,
              "Startup Cost": 340965.21,
              "Total Cost": 340965.22,
              "Plan Rows": 1,
              "Plan Width": 8,
              "Actual Startup Time": 953.212,
              "Actual Total Time": 953.213,
              "Actual Rows": 1,
              "Actual Loops": 7,
              "Plans": [
                {
                  "Node Type": "Seq Scan",
                  "Parent Relationship": "Outer",
                  "Parallel Aware": true,
                  "Relation Name": "cast_info",
                  "Alias": "ci",
                  "Startup Cost": 0.0,
                  "Total Cost": 328211.39,
                  "Plan Rows": 5101529,
                  "Plan Width": 0,
                  "Actual Startup Time": 79.848,
                  "Actual Total Time": 731.915,
                  "Actual Rows": 4346991,
                  "Actual Loops": 7,
                  "Filter": "(person_id > 563230)",
                  "Rows Removed by Filter": 830772
                }
              ]
            }
          ]
        }
      ]
    },
    "Planning Time": 0.115,
    "Triggers": [],
    "Execution Time": 1049.349
  }
]