[
  {
    "Plan": {
      "Node Type": "Aggregate",
      "Strategy": "Plain",
      "Partial Mode": "Finalize",
      "Parallel Aware": false,
      "Startup Cost": 339332.61,
      "Total Cost": 339332.62,
      "Plan Rows": 1,
      "Plan Width": 8,
      "Actual Startup Time": 881.465,
      "Actual Total Time": 928.796,
      "Actual Rows": 1,
      "Actual Loops": 1,
      "Plans": [
        {
          "Node Type": "Gather",
          "Parent Relationship": "Outer",
          "Parallel Aware": false,
          "Startup Cost": 339331.98,
          "Total Cost": 339332.59,
          "Plan Rows": 6,
          "Plan Width": 8,
          "Actual Startup Time": 881.013,
          "Actual Total Time": 928.785,
          "Actual Rows": 7,
          "Actual Loops": 1,
          "Workers Planned": 6,
          "Workers Launched": 6,
          "Single Copy": false,
          "Plans": [
            {
              "Node Type": "Aggregate",
              "Strategy": "Plain",
              "Partial Mode": "Partial",
              "Parent Relationship": "Outer",
              "Parallel Aware": false,
              "Startup Cost": 338331.98,
              "Total Cost": 338331.99,
              "Plan Rows": 1,
              "Plan Width": 8,
              "Actual Startup Time": 873.77,
              "Actual Total Time": 873.771,
              "Actual Rows": 1,
              "Actual Loops": 7,
              "Plans": [
                {
                  "Node Type": "Seq Scan",
                  "Parent Relationship": "Outer",
                  "Parallel Aware": true,
                  "Relation Name": "cast_info",
                  "Alias": "ci",
                  "Startup Cost": 0.0,
                  "Total Cost": 328211.39,
                  "Plan Rows": 4048236,
                  "Plan Width": 0,
                  "Actual Startup Time": 155.432,
                  "Actual Total Time": 686.628,
                  "Actual Rows": 3452144,
                  "Actual Loops": 7,
                  "Filter": "(person_id > 1189760)",
                  "Rows Removed by Filter": 1725619
                }
              ]
            }
          ]
        }
      ]
    },
    "Planning Time": 0.123,
    "Triggers": [],
    "Execution Time": 928.846
  }
]