[
  {
    "Plan": {
      "Node Type": "Aggregate",
      "Strategy": "Plain",
      "Partial Mode": "Finalize",
      "Parallel Aware": false,
      "Startup Cost": 249727.03,
      "Total Cost": 249727.04,
      "Plan Rows": 1,
      "Plan Width": 8,
      "Actual Startup Time": 872.847,
      "Actual Total Time": 915.838,
      "Actual Rows": 1,
      "Actual Loops": 1,
      "Plans": [
        {
          "Node Type": "Gather",
          "Parent Relationship": "Outer",
          "Parallel Aware": false,
          "Startup Cost": 249726.51,
          "Total Cost": 249727.02,
          "Plan Rows": 5,
          "Plan Width": 8,
          "Actual Startup Time": 869.441,
          "Actual Total Time": 915.827,
          "Actual Rows": 6,
          "Actual Loops": 1,
          "Workers Planned": 5,
          "Workers Launched": 5,
          "Single Copy": false,
          "Plans": [
            {
              "Node Type": "Aggregate",
              "Strategy": "Plain",
              "Partial Mode": "Partial",
              "Parent Relationship": "Outer",
              "Parallel Aware": false,
              "Startup Cost": 248726.51,
              "Total Cost": 248726.52,
              "Plan Rows": 1,
              "Plan Width": 8,
              "Actual Startup Time": 858.88,
              "Actual Total Time": 858.882,
              "Actual Rows": 1,
              "Actual Loops": 6,
              "Plans": [
                {
                  "Node Type": "Hash Join",
                  "Parent Relationship": "Outer",
                  "Parallel Aware": true,
                  "Join Type": "Inner",
                  "Startup Cost": 47507.26,
                  "Total Cost": 246829.03,
                  "Plan Rows": 758994,
                  "Plan Width": 0,
                  "Actual Startup Time": 128.969,
                  "Actual Total Time": 839.724,
                  "Actual Rows": 406461,
                  "Actual Loops": 6,
                  "Inner Unique": true,
                  "Hash Cond": "(mi.movie_id = t.id)",
                  "Plans": [
                    {
                      "Node Type": "Seq Scan",
                      "Parent Relationship": "Outer",
                      "Parallel Aware": true,
                      "Relation Name": "movie_info",
                      "Alias": "mi",
                      "Startup Cost": 0.0,
                      "Total Cost": 191560.33,
                      "Plan Rows": 2956733,
                      "Plan Width": 4,
                      "Actual Startup Time": 0.031,
                      "Actual Total Time": 290.084,
                      "Actual Rows": 2472620,
                      "Actual Loops": 6
                    },
                    {
                      "Node Type": "Hash",
                      "Parent Relationship": "Inner",
                      "Parallel Aware": true,
                      "Startup Cost": 45479.1,
                      "Total Cost": 45479.1,
                      "Plan Rows": 162253,
                      "Plan Width": 4,
                      "Actual Startup Time": 125.009,
                      "Actual Total Time": 125.009,
                      "Actual Rows": 88762,
                      "Actual Loops": 6,
                      "Hash Buckets": 1048576,
                      "Original Hash Buckets": 1048576,
                      "Hash Batches": 1,
                      "Original Hash Batches": 1,
                      "Peak Memory Usage": 29120,
                      "Plans": [
                        {
                          "Node Type": "Seq Scan",
                          "Parent Relationship": "Outer",
                          "Parallel Aware": true,
                          "Relation Name": "title",
                          "Alias": "t",
                          "Startup Cost": 0.0,
                          "Total Cost": 45479.1,
                          "Plan Rows": 162253,
                          "Plan Width": 4,
                          "Actual Startup Time": 0.036,
                          "Actual Total Time": 81.775,
                          "Actual Rows": 88762,
                          "Actual Loops": 6,
                          "Filter": "((kind_id > 1) AND (production_year < 1997))",
                          "Rows Removed by Filter": 332623
                        }
                      ]
                    }
                  ]
                }
              ]
            }
          ]
        }
      ]
    },
    "Planning Time": 0.605,
    "Triggers": [],
    "Execution Time": 915.926
  }
]