{
  "Plan": {
    "Node Type": "Aggregate",
    "Strategy": "Plain",
    "Partial Mode": "Finalize",
    "Parallel Aware": false,
    "Startup Cost": 349522.23,
    "Total Cost": 349522.24,
    "Plan Rows": 1,
    "Plan Width": 8,
    "Actual Startup Time": 1644.425,
    "Actual Total Time": 1694.243,
    "Actual Rows": 1,
    "Actual Loops": 1,
    "Plans": [
      {
        "Node Type": "Gather",
        "Parent Relationship": "Outer",
        "Parallel Aware": false,
        "Startup Cost": 349522.12,
        "Total Cost": 349522.23,
        "Plan Rows": 1,
        "Plan Width": 8,
        "Actual Startup Time": 1642.188,
        "Actual Total Time": 1694.233,
        "Actual Rows": 2,
        "Actual Loops": 1,
        "Workers Planned": 1,
        "Workers Launched": 1,
        "Single Copy": false,
        "Plans": [
          {
            "Node Type": "Aggregate",
            "Strategy": "Plain",
            "Partial Mode": "Partial",
            "Parent Relationship": "Outer",
            "Parallel Aware": false,
            "Startup Cost": 348522.12,
            "Total Cost": 348522.13,
            "Plan Rows": 1,
            "Plan Width": 8,
            "Actual Startup Time": 1636.614,
            "Actual Total Time": 1636.617,
            "Actual Rows": 1,
            "Actual Loops": 2,
            "Plans": [
              {
                "Node Type": "Hash Join",
                "Parent Relationship": "Outer",
                "Parallel Aware": true,
                "Join Type": "Inner",
                "Startup Cost": 63695.63,
                "Total Cost": 345465.04,
                "Plan Rows": 1222834,
                "Plan Width": 0,
                "Actual Startup Time": 270.118,
                "Actual Total Time": 1628.852,
                "Actual Rows": 192648,
                "Actual Loops": 2,
                "Inner Unique": true,
                "Hash Cond": "(mi.movie_id = t.id)",
                "Plans": [
                  {
                    "Node Type": "Seq Scan",
                    "Parent Relationship": "Outer",
                    "Parallel Aware": true,
                    "Relation Name": "movie_info",
                    "Alias": "mi",
                    "Startup Cost": 0.0,
                    "Total Cost": 270696.42,
                    "Plan Rows": 4218272,
                    "Plan Width": 4,
                    "Actual Startup Time": 0.011,
                    "Actual Total Time": 676.935,
                    "Actual Rows": 3643432,
                    "Actual Loops": 2,
                    "Filter": "(info_type_id < 8)",
                    "Rows Removed by Filter": 3774428
                  },
                  {
                    "Node Type": "Hash",
                    "Parent Relationship": "Inner",
                    "Parallel Aware": true,
                    "Startup Cost": 58306.47,
                    "Total Cost": 58306.47,
                    "Plan Rows": 431133,
                    "Plan Width": 4,
                    "Actual Startup Time": 259.431,
                    "Actual Total Time": 259.432,
                    "Actual Rows": 398080,
                    "Actual Loops": 2,
                    "Hash Buckets": 1048576,
                    "Original Hash Buckets": 1048576,
                    "Hash Batches": 1,
                    "Original Hash Batches": 1,
                    "Peak Memory Usage": 39360,
                    "Plans": [
                      {
                        "Node Type": "Seq Scan",
                        "Parent Relationship": "Outer",
                        "Parallel Aware": true,
                        "Relation Name": "title",
                        "Alias": "t",
                        "Startup Cost": 0.0,
                        "Total Cost": 58306.47,
                        "Plan Rows": 431133,
                        "Plan Width": 4,
                        "Actual Startup Time": 0.037,
                        "Actual Total Time": 158.443,
                        "Actual Rows": 398080,
                        "Actual Loops": 2,
                        "Filter": "((production_year > 2003) AND (kind_id = 7))",
                        "Rows Removed by Filter": 866076
                      }
                    ]
                  }
                ]
              }
            ]
          }
        ]
      }
    ]
  },
  "Planning Time": 0.642,
  "Triggers": [],
  "Execution Time": 1694.326
}