{
  "Plan": {
    "Node Type": "Aggregate",
    "Strategy": "Plain",
    "Partial Mode": "Simple",
    "Parallel Aware": false,
    "Startup Cost": 2871325.63,
    "Total Cost": 2871325.64,
    "Plan Rows": 1,
    "Plan Width": 128,
    "Actual Startup Time": 29806.045,
    "Actual Total Time": 29806.066,
    "Actual Rows": 1,
    "Actual Loops": 1,
    "Plans": [
      {
        "Node Type": "Merge Join",
        "Parent Relationship": "Outer",
        "Parallel Aware": false,
        "Join Type": "Inner",
        "Startup Cost": 2687566.93,
        "Total Cost": 2871325.62,
        "Plan Rows": 1,
        "Plan Width": 54,
        "Actual Startup Time": 28832.681,
        "Actual Total Time": 29805.613,
        "Actual Rows": 1728,
        "Actual Loops": 1,
        "Inner Unique": false,
        "Merge Cond": "(n.id = ci.person_id)",
        "Plans": [
          {
            "Node Type": "Index Scan",
            "Parent Relationship": "Outer",
            "Parallel Aware": false,
            "Scan Direction": "Forward",
            "Index Name": "name_pkey",
            "Relation Name": "name",
            "Alias": "n",
            "Startup Cost": 0.43,
            "Total Cost": 178171.22,
            "Plan Rows": 4167377,
            "Plan Width": 19,
            "Actual Startup Time": 0.017,
            "Actual Total Time": 804.912,
            "Actual Rows": 2699680,
            "Actual Loops": 1
          },
          {
            "Node Type": "Sort",
            "Parent Relationship": "Inner",
            "Parallel Aware": false,
            "Startup Cost": 2687566.5,
            "Total Cost": 2687566.5,
            "Plan Rows": 1,
            "Plan Width": 43,
            "Actual Startup Time": 28830.413,
            "Actual Total Time": 28830.777,
            "Actual Rows": 1728,
            "Actual Loops": 1,
            "Sort Key": [
              "ci.person_id"
            ],
            "Sort Method": "quicksort",
            "Sort Space Used": 202,
            "Sort Space Type": "Memory",
            "Plans": [
              {
                "Node Type": "Merge Join",
                "Parent Relationship": "Outer",
                "Parallel Aware": false,
                "Join Type": "Inner",
                "Startup Cost": 2686151.88,
                "Total Cost": 2687566.49,
                "Plan Rows": 1,
                "Plan Width": 43,
                "Actual Startup Time": 28789.602,
                "Actual Total Time": 28829.913,
                "Actual Rows": 1728,
                "Actual Loops": 1,
                "Inner Unique": true,
                "Merge Cond": "(ci.person_role_id = chn.id)",
                "Plans": [
                  {
                    "Node Type": "Sort",
                    "Parent Relationship": "Outer",
                    "Parallel Aware": false,
                    "Startup Cost": 2576982.22,
                    "Total Cost": 2576982.26,
                    "Plan Rows": 14,
                    "Plan Width": 31,
                    "Actual Startup Time": 28251.458,
                    "Actual Total Time": 28254.333,
                    "Actual Rows": 22973,
                    "Actual Loops": 1,
                    "Sort Key": [
                      "ci.person_role_id"
                    ],
                    "Sort Method": "quicksort",
                    "Sort Space Used": 6121,
                    "Sort Space Type": "Memory",
                    "Plans": [
                      {
                        "Node Type": "Merge Join",
                        "Parent Relationship": "Outer",
                        "Parallel Aware": false,
                        "Join Type": "Inner",
                        "Startup Cost": 412085.53,
                        "Total Cost": 2576981.96,
                        "Plan Rows": 14,
                        "Plan Width": 31,
                        "Actual Startup Time": 15239.699,
                        "Actual Total Time": 28240.284,
                        "Actual Rows": 58947,
                        "Actual Loops": 1,
                        "Inner Unique": false,
                        "Merge Cond": "(ci.movie_id = mk.movie_id)",
                        "Plans": [
                          {
                            "Node Type": "Index Scan",
                            "Parent Relationship": "Outer",
                            "Parallel Aware": false,
                            "Scan Direction": "Forward",
                            "Index Name": "movie_id_cast_info",
                            "Relation Name": "cast_info",
                            "Alias": "ci",
                            "Startup Cost": 0.56,
                            "Total Cost": 2074802.47,
                            "Plan Rows": 36257824,
                            "Plan Width": 12,
                            "Actual Startup Time": 0.009,
                            "Actual Total Time": 22491.411,
                            "Actual Rows": 36182548,
                            "Actual Loops": 1
                          },
                          {
                            "Node Type": "Materialize",
                            "Parent Relationship": "Inner",
                            "Parallel Aware": false,
                            "Startup Cost": 411853.95,
                            "Total Cost": 411853.96,
                            "Plan Rows": 1,
                            "Plan Width": 39,
                            "Actual Startup Time": 3431.346,
                            "Actual Total Time": 3435.334,
                            "Actual Rows": 58710,
                            "Actual Loops": 1,
                            "Plans": [
                              {
                                "Node Type": "Sort",
                                "Parent Relationship": "Outer",
                                "Parallel Aware": false,
                                "Startup Cost": 411853.95,
                                "Total Cost": 411853.96,
                                "Plan Rows": 1,
                                "Plan Width": 39,
                                "Actual Startup Time": 3431.343,
                                "Actual Total Time": 3431.548,
                                "Actual Rows": 326,
                                "Actual Loops": 1,
                                "Sort Key": [
                                  "mk.movie_id"
                                ],
                                "Sort Method": "quicksort",
                                "Sort Space Used": 51,
                                "Sort Space Type": "Memory",
                                "Plans": [
                                  {
                                    "Node Type": "Merge Join",
                                    "Parent Relationship": "Outer",
                                    "Parallel Aware": false,
                                    "Join Type": "Inner",
                                    "Startup Cost": 411853.92,
                                    "Total Cost": 411853.94,
                                    "Plan Rows": 1,
                                    "Plan Width": 39,
                                    "Actual Startup Time": 3431.215,
                                    "Actual Total Time": 3431.287,
                                    "Actual Rows": 326,
                                    "Actual Loops": 1,
                                    "Inner Unique": true,
                                    "Merge Cond": "(mi_idx.info_type_id = it2.id)",
                                    "Plans": [
                                      {
                                        "Node Type": "Sort",
                                        "Parent Relationship": "Outer",
                                        "Parallel Aware": false,
                                        "Startup Cost": 411851.49,
                                        "Total Cost": 411851.5,
                                        "Plan Rows": 1,
                                        "Plan Width": 43,
                                        "Actual Startup Time": 3431.181,
                                        "Actual Total Time": 3431.214,
                                        "Actual Rows": 506,
                                        "Actual Loops": 1,
                                        "Sort Key": [
                                          "mi_idx.info_type_id"
                                        ],
                                        "Sort Method": "quicksort",
                                        "Sort Space Used": 69,
                                        "Sort Space Type": "Memory",
                                        "Plans": [
                                          {
                                            "Node Type": "Merge Join",
                                            "Parent Relationship": "Outer",
                                            "Parallel Aware": false,
                                            "Join Type": "Inner",
                                            "Startup Cost": 411851.46,
                                            "Total Cost": 411851.48,
                                            "Plan Rows": 1,
                                            "Plan Width": 43,
                                            "Actual Startup Time": 3431.006,
                                            "Actual Total Time": 3431.104,
                                            "Actual Rows": 507,
                                            "Actual Loops": 1,
                                            "Inner Unique": true,
                                            "Merge Cond": "(cc.subject_id = cct1.id)",
                                            "Plans": [
                                              {
                                                "Node Type": "Sort",
                                                "Parent Relationship": "Outer",
                                                "Parallel Aware": false,
                                                "Startup Cost": 411850.4,
                                                "Total Cost": 411850.4,
                                                "Plan Rows": 1,
                                                "Plan Width": 47,
                                                "Actual Startup Time": 3430.998,
                                                "Actual Total Time": 3431.028,
                                                "Actual Rows": 508,
                                                "Actual Loops": 1,
                                                "Sort Key": [
                                                  "cc.subject_id"
                                                ],
                                                "Sort Method": "quicksort",
                                                "Sort Space Used": 81,
                                                "Sort Space Type": "Memory",
                                                "Plans": [
                                                  {
                                                    "Node Type": "Merge Join",
                                                    "Parent Relationship": "Outer",
                                                    "Parallel Aware": false,
                                                    "Join Type": "Inner",
                                                    "Startup Cost": 411850.36,
                                                    "Total Cost": 411850.39,
                                                    "Plan Rows": 1,
                                                    "Plan Width": 47,
                                                    "Actual Startup Time": 3430.759,
                                                    "Actual Total Time": 3430.88,
                                                    "Actual Rows": 615,
                                                    "Actual Loops": 1,
                                                    "Inner Unique": true,
                                                    "Merge Cond": "(t.kind_id = kt.id)",
                                                    "Plans": [
                                                      {
                                                        "Node Type": "Sort",
                                                        "Parent Relationship": "Outer",
                                                        "Parallel Aware": false,
                                                        "Startup Cost": 411849.27,
                                                        "Total Cost": 411849.27,
                                                        "Plan Rows": 1,
                                                        "Plan Width": 51,
                                                        "Actual Startup Time": 3430.748,
                                                        "Actual Total Time": 3430.782,
                                                        "Actual Rows": 616,
                                                        "Actual Loops": 1,
                                                        "Sort Key": [
                                                          "t.kind_id"
                                                        ],
                                                        "Sort Method": "quicksort",
                                                        "Sort Space Used": 118,
                                                        "Sort Space Type": "Memory",
                                                        "Plans": [
                                                          {
                                                            "Node Type": "Merge Join",
                                                            "Parent Relationship": "Outer",
                                                            "Parallel Aware": false,
                                                            "Join Type": "Inner",
                                                            "Startup Cost": 411849.22,
                                                            "Total Cost": 411849.26,
                                                            "Plan Rows": 1,
                                                            "Plan Width": 51,
                                                            "Actual Startup Time": 3430.396,
                                                            "Actual Total Time": 3430.569,
                                                            "Actual Rows": 883,
                                                            "Actual Loops": 1,
                                                            "Inner Unique": true,
                                                            "Merge Cond": "(cc.status_id = cct2.id)",
                                                            "Plans": [
                                                              {
                                                                "Node Type": "Sort",
                                                                "Parent Relationship": "Outer",
                                                                "Parallel Aware": false,
                                                                "Startup Cost": 411848.16,
                                                                "Total Cost": 411848.17,
                                                                "Plan Rows": 4,
                                                                "Plan Width": 55,
                                                                "Actual Startup Time": 3430.367,
                                                                "Actual Total Time": 3430.412,
                                                                "Actual Rows": 883,
                                                                "Actual Loops": 1,
                                                                "Sort Key": [
                                                                  "cc.status_id"
                                                                ],
                                                                "Sort Method": "quicksort",
                                                                "Sort Space Used": 133,
                                                                "Sort Space Type": "Memory",
                                                                "Plans": [
                                                                  {
                                                                    "Node Type": "Merge Join",
                                                                    "Parent Relationship": "Outer",
                                                                    "Parallel Aware": false,
                                                                    "Join Type": "Inner",
                                                                    "Startup Cost": 283991.61,
                                                                    "Total Cost": 411848.12,
                                                                    "Plan Rows": 4,
                                                                    "Plan Width": 55,
                                                                    "Actual Startup Time": 2249.15,
                                                                    "Actual Total Time": 3429.897,
                                                                    "Actual Rows": 883,
                                                                    "Actual Loops": 1,
                                                                    "Inner Unique": false,
                                                                    "Merge Cond": "(mk.movie_id = cc.movie_id)",
                                                                    "Plans": [
                                                                      {
                                                                        "Node Type": "Merge Join",
                                                                        "Parent Relationship": "Outer",
                                                                        "Parallel Aware": false,
                                                                        "Join Type": "Inner",
                                                                        "Startup Cost": 283991.19,
                                                                        "Total Cost": 404972.13,
                                                                        "Plan Rows": 79,
                                                                        "Plan Width": 43,
                                                                        "Actual Startup Time": 2202.345,
                                                                        "Actual Total Time": 3387.966,
                                                                        "Actual Rows": 3032,
                                                                        "Actual Loops": 1,
                                                                        "Inner Unique": true,
                                                                        "Merge Cond": "(mk.movie_id = t.id)",
                                                                        "Plans": [
                                                                          {
                                                                            "Node Type": "Merge Join",
                                                                            "Parent Relationship": "Outer",
                                                                            "Parallel Aware": false,
                                                                            "Join Type": "Inner",
                                                                            "Startup Cost": 283977.19,
                                                                            "Total Cost": 284945.35,
                                                                            "Plan Rows": 144,
                                                                            "Plan Width": 18,
                                                                            "Actual Startup Time": 2198.779,
                                                                            "Actual Total Time": 2221.586,
                                                                            "Actual Rows": 6606,
                                                                            "Actual Loops": 1,
                                                                            "Inner Unique": false,
                                                                            "Merge Cond": "(mk.movie_id = mi_idx.movie_id)",
                                                                            "Plans": [
                                                                              {
                                                                                "Node Type": "Sort",
                                                                                "Parent Relationship": "Outer",
                                                                                "Parallel Aware": false,
                                                                                "Startup Cost": 241846.08,
                                                                                "Total Cost": 241846.92,
                                                                                "Plan Rows": 337,
                                                                                "Plan Width": 4,
                                                                                "Actual Startup Time": 2052.942,
                                                                                "Actual Total Time": 2054.893,
                                                                                "Actual Rows": 24091,
                                                                                "Actual Loops": 1,
                                                                                "Sort Key": [
                                                                                  "mk.movie_id"
                                                                                ],
                                                                                "Sort Method": "quicksort",
                                                                                "Sort Space Used": 1898,
                                                                                "Sort Space Type": "Memory",
                                                                                "Plans": [
                                                                                  {
                                                                                    "Node Type": "Merge Join",
                                                                                    "Parent Relationship": "Outer",
                                                                                    "Parallel Aware": false,
                                                                                    "Join Type": "Inner",
                                                                                    "Startup Cost": 4810.2,
                                                                                    "Total Cost": 241831.93,
                                                                                    "Plan Rows": 337,
                                                                                    "Plan Width": 4,
                                                                                    "Actual Startup Time": 291.731,
                                                                                    "Actual Total Time": 2049.126,
                                                                                    "Actual Rows": 24091,
                                                                                    "Actual Loops": 1,
                                                                                    "Inner Unique": true,
                                                                                    "Merge Cond": "(mk.keyword_id = k.id)",
                                                                                    "Plans": [
                                                                                      {
                                                                                        "Node Type": "Index Scan",
                                                                                        "Parent Relationship": "Outer",
                                                                                        "Parallel Aware": false,
                                                                                        "Scan Direction": "Forward",
                                                                                        "Index Name": "keyword_id_movie_keyword",
                                                                                        "Relation Name": "movie_keyword",
                                                                                        "Alias": "mk",
                                                                                        "Startup Cost": 0.43,
                                                                                        "Total Cost": 226550.7,
                                                                                        "Plan Rows": 4523930,
                                                                                        "Plan Width": 8,
                                                                                        "Actual Startup Time": 0.013,
                                                                                        "Actual Total Time": 1795.091,
                                                                                        "Actual Rows": 3275605,
                                                                                        "Actual Loops": 1
                                                                                      },
                                                                                      {
                                                                                        "Node Type": "Sort",
                                                                                        "Parent Relationship": "Inner",
                                                                                        "Parallel Aware": false,
                                                                                        "Startup Cost": 3967.99,
                                                                                        "Total Cost": 3968.02,
                                                                                        "Plan Rows": 10,
                                                                                        "Plan Width": 4,
                                                                                        "Actual Startup Time": 45.757,
                                                                                        "Actual Total Time": 45.768,
                                                                                        "Actual Rows": 10,
                                                                                        "Actual Loops": 1,
                                                                                        "Sort Key": [
                                                                                          "k.id"
                                                                                        ],
                                                                                        "Sort Method": "quicksort",
                                                                                        "Sort Space Used": 25,
                                                                                        "Sort Space Type": "Memory",
                                                                                        "Plans": [
                                                                                          {
                                                                                            "Node Type": "Seq Scan",
                                                                                            "Parent Relationship": "Outer",
                                                                                            "Parallel Aware": false,
                                                                                            "Relation Name": "keyword",
                                                                                            "Alias": "k",
                                                                                            "Startup Cost": 0.0,
                                                                                            "Total Cost": 3967.82,
                                                                                            "Plan Rows": 10,
                                                                                            "Plan Width": 4,
                                                                                            "Actual Startup Time": 0.348,
                                                                                            "Actual Total Time": 45.742,
                                                                                            "Actual Rows": 10,
                                                                                            "Actual Loops": 1,
                                                                                            "Filter": "(keyword = ANY ('{superhero,marvel-comics,based-on-comic,tv-special,fight,violence,magnet,web,claw,laser}'::text[]))",
                                                                                            "Rows Removed by Filter": 134160
                                                                                          }
                                                                                        ]
                                                                                      }
                                                                                    ]
                                                                                  }
                                                                                ]
                                                                              },
                                                                              {
                                                                                "Node Type": "Sort",
                                                                                "Parent Relationship": "Inner",
                                                                                "Parallel Aware": false,
                                                                                "Startup Cost": 42131.04,
                                                                                "Total Cost": 42613.59,
                                                                                "Plan Rows": 193020,
                                                                                "Plan Width": 14,
                                                                                "Actual Startup Time": 145.801,
                                                                                "Actual Total Time": 153.258,
                                                                                "Actual Rows": 193831,
                                                                                "Actual Loops": 1,
                                                                                "Sort Key": [
                                                                                  "mi_idx.movie_id"
                                                                                ],
                                                                                "Sort Method": "quicksort",
                                                                                "Sort Space Used": 15241,
                                                                                "Sort Space Type": "Memory",
                                                                                "Plans": [
                                                                                  {
                                                                                    "Node Type": "Seq Scan",
                                                                                    "Parent Relationship": "Outer",
                                                                                    "Parallel Aware": false,
                                                                                    "Relation Name": "movie_info_idx",
                                                                                    "Alias": "mi_idx",
                                                                                    "Startup Cost": 0.0,
                                                                                    "Total Cost": 25185.44,
                                                                                    "Plan Rows": 193020,
                                                                                    "Plan Width": 14,
                                                                                    "Actual Startup Time": 0.028,
                                                                                    "Actual Total Time": 111.808,
                                                                                    "Actual Rows": 192839,
                                                                                    "Actual Loops": 1,
                                                                                    "Filter": "(info > '7.0'::text)",
                                                                                    "Rows Removed by Filter": 1187196
                                                                                  }
                                                                                ]
                                                                              }
                                                                            ]
                                                                          },
                                                                          {
                                                                            "Node Type": "Index Scan",
                                                                            "Parent Relationship": "Inner",
                                                                            "Parallel Aware": false,
                                                                            "Scan Direction": "Forward",
                                                                            "Index Name": "title_pkey",
                                                                            "Relation Name": "title",
                                                                            "Alias": "t",
                                                                            "Startup Cost": 0.43,
                                                                            "Total Cost": 116680.33,
                                                                            "Plan Rows": 1389987,
                                                                            "Plan Width": 25,
                                                                            "Actual Startup Time": 0.025,
                                                                            "Actual Total Time": 1100.278,
                                                                            "Actual Rows": 1380814,
                                                                            "Actual Loops": 1,
                                                                            "Filter": "(production_year > 2000)",
                                                                            "Rows Removed by Filter": 1144163
                                                                          }
                                                                        ]
                                                                      },
                                                                      {
                                                                        "Node Type": "Index Scan",
                                                                        "Parent Relationship": "Inner",
                                                                        "Parallel Aware": false,
                                                                        "Scan Direction": "Forward",
                                                                        "Index Name": "movie_id_complete_cast",
                                                                        "Relation Name": "complete_cast",
                                                                        "Alias": "cc",
                                                                        "Startup Cost": 0.42,
                                                                        "Total Cost": 6650.11,
                                                                        "Plan Rows": 135086,
                                                                        "Plan Width": 12,
                                                                        "Actual Startup Time": 0.017,
                                                                        "Actual Total Time": 33.331,
                                                                        "Actual Rows": 132666,
                                                                        "Actual Loops": 1
                                                                      }
                                                                    ]
                                                                  }
                                                                ]
                                                              },
                                                              {
                                                                "Node Type": "Sort",
                                                                "Parent Relationship": "Inner",
                                                                "Parallel Aware": false,
                                                                "Startup Cost": 1.06,
                                                                "Total Cost": 1.06,
                                                                "Plan Rows": 1,
                                                                "Plan Width": 4,
                                                                "Actual Startup Time": 0.026,
                                                                "Actual Total Time": 0.027,
                                                                "Actual Rows": 2,
                                                                "Actual Loops": 1,
                                                                "Sort Key": [
                                                                  "cct2.id"
                                                                ],
                                                                "Sort Method": "quicksort",
                                                                "Sort Space Used": 25,
                                                                "Sort Space Type": "Memory",
                                                                "Plans": [
                                                                  {
                                                                    "Node Type": "Seq Scan",
                                                                    "Parent Relationship": "Outer",
                                                                    "Parallel Aware": false,
                                                                    "Relation Name": "comp_cast_type",
                                                                    "Alias": "cct2",
                                                                    "Startup Cost": 0.0,
                                                                    "Total Cost": 1.05,
                                                                    "Plan Rows": 1,
                                                                    "Plan Width": 4,
                                                                    "Actual Startup Time": 0.017,
                                                                    "Actual Total Time": 0.018,
                                                                    "Actual Rows": 2,
                                                                    "Actual Loops": 1,
                                                                    "Filter": "((kind)::text ~~ '%complete%'::text)",
                                                                    "Rows Removed by Filter": 2
                                                                  }
                                                                ]
                                                              }
                                                            ]
                                                          }
                                                        ]
                                                      },
                                                      {
                                                        "Node Type": "Sort",
                                                        "Parent Relationship": "Inner",
                                                        "Parallel Aware": false,
                                                        "Startup Cost": 1.1,
                                                        "Total Cost": 1.1,
                                                        "Plan Rows": 1,
                                                        "Plan Width": 4,
                                                        "Actual Startup Time": 0.01,
                                                        "Actual Total Time": 0.01,
                                                        "Actual Rows": 1,
                                                        "Actual Loops": 1,
                                                        "Sort Key": [
                                                          "kt.id"
                                                        ],
                                                        "Sort Method": "quicksort",
                                                        "Sort Space Used": 25,
                                                        "Sort Space Type": "Memory",
                                                        "Plans": [
                                                          {
                                                            "Node Type": "Seq Scan",
                                                            "Parent Relationship": "Outer",
                                                            "Parallel Aware": false,
                                                            "Relation Name": "kind_type",
                                                            "Alias": "kt",
                                                            "Startup Cost": 0.0,
                                                            "Total Cost": 1.09,
                                                            "Plan Rows": 1,
                                                            "Plan Width": 4,
                                                            "Actual Startup Time": 0.007,
                                                            "Actual Total Time": 0.007,
                                                            "Actual Rows": 1,
                                                            "Actual Loops": 1,
                                                            "Filter": "((kind)::text = 'movie'::text)",
                                                            "Rows Removed by Filter": 6
                                                          }
                                                        ]
                                                      }
                                                    ]
                                                  }
                                                ]
                                              },
                                              {
                                                "Node Type": "Sort",
                                                "Parent Relationship": "Inner",
                                                "Parallel Aware": false,
                                                "Startup Cost": 1.06,
                                                "Total Cost": 1.06,
                                                "Plan Rows": 1,
                                                "Plan Width": 4,
                                                "Actual Startup Time": 0.006,
                                                "Actual Total Time": 0.007,
                                                "Actual Rows": 1,
                                                "Actual Loops": 1,
                                                "Sort Key": [
                                                  "cct1.id"
                                                ],
                                                "Sort Method": "quicksort",
                                                "Sort Space Used": 25,
                                                "Sort Space Type": "Memory",
                                                "Plans": [
                                                  {
                                                    "Node Type": "Seq Scan",
                                                    "Parent Relationship": "Outer",
                                                    "Parallel Aware": false,
                                                    "Relation Name": "comp_cast_type",
                                                    "Alias": "cct1",
                                                    "Startup Cost": 0.0,
                                                    "Total Cost": 1.05,
                                                    "Plan Rows": 1,
                                                    "Plan Width": 4,
                                                    "Actual Startup Time": 0.004,
                                                    "Actual Total Time": 0.005,
                                                    "Actual Rows": 1,
                                                    "Actual Loops": 1,
                                                    "Filter": "((kind)::text = 'cast'::text)",
                                                    "Rows Removed by Filter": 3
                                                  }
                                                ]
                                              }
                                            ]
                                          }
                                        ]
                                      },
                                      {
                                        "Node Type": "Sort",
                                        "Parent Relationship": "Inner",
                                        "Parallel Aware": false,
                                        "Startup Cost": 2.42,
                                        "Total Cost": 2.43,
                                        "Plan Rows": 1,
                                        "Plan Width": 4,
                                        "Actual Startup Time": 0.016,
                                        "Actual Total Time": 0.016,
                                        "Actual Rows": 1,
                                        "Actual Loops": 1,
                                        "Sort Key": [
                                          "it2.id"
                                        ],
                                        "Sort Method": "quicksort",
                                        "Sort Space Used": 25,
                                        "Sort Space Type": "Memory",
                                        "Plans": [
                                          {
                                            "Node Type": "Seq Scan",
                                            "Parent Relationship": "Outer",
                                            "Parallel Aware": false,
                                            "Relation Name": "info_type",
                                            "Alias": "it2",
                                            "Startup Cost": 0.0,
                                            "Total Cost": 2.41,
                                            "Plan Rows": 1,
                                            "Plan Width": 4,
                                            "Actual Startup Time": 0.012,
                                            "Actual Total Time": 0.013,
                                            "Actual Rows": 1,
                                            "Actual Loops": 1,
                                            "Filter": "((info)::text = 'rating'::text)",
                                            "Rows Removed by Filter": 112
                                          }
                                        ]
                                      }
                                    ]
                                  }
                                ]
                              }
                            ]
                          }
                        ]
                      }
                    ]
                  },
                  {
                    "Node Type": "Sort",
                    "Parent Relationship": "Inner",
                    "Parallel Aware": false,
                    "Startup Cost": 109169.65,
                    "Total Cost": 109876.93,
                    "Plan Rows": 282914,
                    "Plan Width": 20,
                    "Actual Startup Time": 538.042,
                    "Actual Total Time": 556.896,
                    "Actual Rows": 180075,
                    "Actual Loops": 1,
                    "Sort Key": [
                      "chn.id"
                    ],
                    "Sort Method": "quicksort",
                    "Sort Space Used": 19675,
                    "Sort Space Type": "Memory",
                    "Plans": [
                      {
                        "Node Type": "Seq Scan",
                        "Parent Relationship": "Outer",
                        "Parallel Aware": false,
                        "Relation Name": "char_name",
                        "Alias": "chn",
                        "Startup Cost": 0.0,
                        "Total Cost": 83551.78,
                        "Plan Rows": 282914,
                        "Plan Width": 20,
                        "Actual Startup Time": 0.03,
                        "Actual Total Time": 493.325,
                        "Actual Rows": 180152,
                        "Actual Loops": 1,
                        "Filter": "((name IS NOT NULL) AND ((name ~~ '%man%'::text) OR (name ~~ '%Man%'::text)))",
                        "Rows Removed by Filter": 2960187
                      }
                    ]
                  }
                ]
              }
            ]
          }
        ]
      }
    ]
  },
  "Planning Time": 3.858,
  "Triggers": [],
  "Execution Time": 29806.319
}