[
    {
        "Bao": {
            "Bao prediction": "NaN",
            "Bao recommended hint": "(no hint)"
        }
    },
    {
        "Plan": {
            "Node Type": "Aggregate",
            "Strategy": "Plain",
            "Partial Mode": "Finalize",
            "Parallel Aware": false,
            "Startup Cost": 340625.38,
            "Total Cost": 340625.39,
            "Plan Rows": 1,
            "Plan Width": 8,
            "Actual Startup Time": 270.97,
            "Actual Total Time": 280.352,
            "Actual Rows": 1,
            "Actual Loops": 1,
            "Output": [
                "count(*)"
            ],
            "Plans": [
                {
                    "Node Type": "Gather",
                    "Parent Relationship": "Outer",
                    "Parallel Aware": false,
                    "Startup Cost": 340624.76,
                    "Total Cost": 340625.37,
                    "Plan Rows": 6,
                    "Plan Width": 8,
                    "Actual Startup Time": 267.94,
                    "Actual Total Time": 280.345,
                    "Actual Rows": 7,
                    "Actual Loops": 1,
                    "Output": [
                        "(PARTIAL count(*))"
                    ],
                    "Workers Planned": 6,
                    "Workers Launched": 6,
                    "Single Copy": false,
                    "Plans": [
                        {
                            "Node Type": "Aggregate",
                            "Strategy": "Plain",
                            "Partial Mode": "Partial",
                            "Parent Relationship": "Outer",
                            "Parallel Aware": false,
                            "Startup Cost": 339624.76,
                            "Total Cost": 339624.77,
                            "Plan Rows": 1,
                            "Plan Width": 8,
                            "Actual Startup Time": 257.552,
                            "Actual Total Time": 257.556,
                            "Actual Rows": 1,
                            "Actual Loops": 7,
                            "Output": [
                                "PARTIAL count(*)"
                            ],
                            "Workers": [
                                {
                                    "Worker Number": 0,
                                    "Actual Startup Time": 254.878,
                                    "Actual Total Time": 254.882,
                                    "Actual Rows": 1,
                                    "Actual Loops": 1
                                },
                                {
                                    "Worker Number": 1,
                                    "Actual Startup Time": 254.874,
                                    "Actual Total Time": 254.876,
                                    "Actual Rows": 1,
                                    "Actual Loops": 1
                                },
                                {
                                    "Worker Number": 2,
                                    "Actual Startup Time": 256.127,
                                    "Actual Total Time": 256.129,
                                    "Actual Rows": 1,
                                    "Actual Loops": 1
                                },
                                {
                                    "Worker Number": 3,
                                    "Actual Startup Time": 256.153,
                                    "Actual Total Time": 256.155,
                                    "Actual Rows": 1,
                                    "Actual Loops": 1
                                },
                                {
                                    "Worker Number": 4,
                                    "Actual Startup Time": 256.401,
                                    "Actual Total Time": 256.405,
                                    "Actual Rows": 1,
                                    "Actual Loops": 1
                                },
                                {
                                    "Worker Number": 5,
                                    "Actual Startup Time": 256.848,
                                    "Actual Total Time": 256.852,
                                    "Actual Rows": 1,
                                    "Actual Loops": 1
                                }
                            ],
                            "Plans": [
                                {
                                    "Node Type": "Hash Join",
                                    "Parent Relationship": "Outer",
                                    "Parallel Aware": true,
                                    "Join Type": "Inner",
                                    "Startup Cost": 82373.85,
                                    "Total Cost": 339543.11,
                                    "Plan Rows": 32659,
                                    "Plan Width": 0,
                                    "Actual Startup Time": 217.067,
                                    "Actual Total Time": 256.762,
                                    "Actual Rows": 13905,
                                    "Actual Loops": 7,
                                    "Inner Unique": true,
                                    "Hash Cond": "(ci.movie_id = t.id)",
                                    "Workers": [
                                        {
                                            "Worker Number": 0,
                                            "Actual Startup Time": 214.408,
                                            "Actual Total Time": 254.127,
                                            "Actual Rows": 13583,
                                            "Actual Loops": 1
                                        },
                                        {
                                            "Worker Number": 1,
                                            "Actual Startup Time": 214.548,
                                            "Actual Total Time": 254.106,
                                            "Actual Rows": 13776,
                                            "Actual Loops": 1
                                        },
                                        {
                                            "Worker Number": 2,
                                            "Actual Startup Time": 215.364,
                                            "Actual Total Time": 255.379,
                                            "Actual Rows": 14845,
                                            "Actual Loops": 1
                                        },
                                        {
                                            "Worker Number": 3,
                                            "Actual Startup Time": 215.78,
                                            "Actual Total Time": 255.399,
                                            "Actual Rows": 15108,
                                            "Actual Loops": 1
                                        },
                                        {
                                            "Worker Number": 4,
                                            "Actual Startup Time": 215.933,
                                            "Actual Total Time": 255.463,
                                            "Actual Rows": 11642,
                                            "Actual Loops": 1
                                        },
                                        {
                                            "Worker Number": 5,
                                            "Actual Startup Time": 216.339,
                                            "Actual Total Time": 255.99,
                                            "Actual Rows": 10726,
                                            "Actual Loops": 1
                                        }
                                    ],
                                    "Plans": [
                                        {
                                            "Node Type": "Bitmap Heap Scan",
                                            "Parent Relationship": "Outer",
                                            "Parallel Aware": true,
                                            "Relation Name": "cast_info",
                                            "Schema": "public",
                                            "Alias": "ci",
                                            "Startup Cost": 35410.76,
                                            "Total Cost": 292123.54,
                                            "Plan Rows": 173896,
                                            "Plan Width": 4,
                                            "Actual Startup Time": 116.686,
                                            "Actual Total Time": 136.883,
                                            "Actual Rows": 65593,
                                            "Actual Loops": 7,
                                            "Output": [
                                                "ci.id",
                                                "ci.person_id",
                                                "ci.movie_id",
                                                "ci.person_role_id",
                                                "ci.note",
                                                "ci.nr_order",
                                                "ci.role_id"
                                            ],
                                            "Recheck Cond": "(ci.person_id < 161893)",
                                            "Rows Removed by Index Recheck": 0,
                                            "Filter": "(ci.role_id > 1)",
                                            "Rows Removed by Filter": 166457,
                                            "Exact Heap Blocks": 4267,
                                            "Lossy Heap Blocks": 0,
                                            "Workers": [
                                                {
                                                    "Worker Number": 0,
                                                    "Actual Startup Time": 116.627,
                                                    "Actual Total Time": 136.772,
                                                    "Actual Rows": 66133,
                                                    "Actual Loops": 1
                                                },
                                                {
                                                    "Worker Number": 1,
                                                    "Actual Startup Time": 116.709,
                                                    "Actual Total Time": 136.669,
                                                    "Actual Rows": 65343,
                                                    "Actual Loops": 1
                                                },
                                                {
                                                    "Worker Number": 2,
                                                    "Actual Startup Time": 116.71,
                                                    "Actual Total Time": 137.166,
                                                    "Actual Rows": 70991,
                                                    "Actual Loops": 1
                                                },
                                                {
                                                    "Worker Number": 3,
                                                    "Actual Startup Time": 116.699,
                                                    "Actual Total Time": 137.306,
                                                    "Actual Rows": 70926,
                                                    "Actual Loops": 1
                                                },
                                                {
                                                    "Worker Number": 4,
                                                    "Actual Startup Time": 116.703,
                                                    "Actual Total Time": 137.73,
                                                    "Actual Rows": 51732,
                                                    "Actual Loops": 1
                                                },
                                                {
                                                    "Worker Number": 5,
                                                    "Actual Startup Time": 116.674,
                                                    "Actual Total Time": 137.584,
                                                    "Actual Rows": 50173,
                                                    "Actual Loops": 1
                                                }
                                            ],
                                            "Plans": [
                                                {
                                                    "Node Type": "Bitmap Index Scan",
                                                    "Parent Relationship": "Outer",
                                                    "Parallel Aware": false,
                                                    "Index Name": "person_id_cast_info",
                                                    "Startup Cost": 0.0,
                                                    "Total Cost": 35149.91,
                                                    "Plan Rows": 1610313,
                                                    "Plan Width": 0,
                                                    "Actual Startup Time": 69.144,
                                                    "Actual Total Time": 69.144,
                                                    "Actual Rows": 1624350,
                                                    "Actual Loops": 1,
                                                    "Index Cond": "(ci.person_id < 161893)"
                                                }
                                            ]
                                        },
                                        {
                                            "Node Type": "Hash",
                                            "Parent Relationship": "Inner",
                                            "Parallel Aware": true,
                                            "Startup Cost": 45479.21,
                                            "Total Cost": 45479.21,
                                            "Plan Rows": 118711,
                                            "Plan Width": 4,
                                            "Actual Startup Time": 98.883,
                                            "Actual Total Time": 98.884,
                                            "Actual Rows": 70861,
                                            "Actual Loops": 7,
                                            "Output": [
                                                "t.id"
                                            ],
                                            "Hash Buckets": 524288,
                                            "Original Hash Buckets": 524288,
                                            "Hash Batches": 1,
                                            "Original Hash Batches": 1,
                                            "Peak Memory Usage": 23616,
                                            "Workers": [
                                                {
                                                    "Worker Number": 0,
                                                    "Actual Startup Time": 97.186,
                                                    "Actual Total Time": 97.187,
                                                    "Actual Rows": 72515,
                                                    "Actual Loops": 1
                                                },
                                                {
                                                    "Worker Number": 1,
                                                    "Actual Startup Time": 97.12,
                                                    "Actual Total Time": 97.121,
                                                    "Actual Rows": 72826,
                                                    "Actual Loops": 1
                                                },
                                                {
                                                    "Worker Number": 2,
                                                    "Actual Startup Time": 98.128,
                                                    "Actual Total Time": 98.128,
                                                    "Actual Rows": 75706,
                                                    "Actual Loops": 1
                                                },
                                                {
                                                    "Worker Number": 3,
                                                    "Actual Startup Time": 98.553,
                                                    "Actual Total Time": 98.554,
                                                    "Actual Rows": 75679,
                                                    "Actual Loops": 1
                                                },
                                                {
                                                    "Worker Number": 4,
                                                    "Actual Startup Time": 98.723,
                                                    "Actual Total Time": 98.724,
                                                    "Actual Rows": 53658,
                                                    "Actual Loops": 1
                                                },
                                                {
                                                    "Worker Number": 5,
                                                    "Actual Startup Time": 99.093,
                                                    "Actual Total Time": 99.094,
                                                    "Actual Rows": 52316,
                                                    "Actual Loops": 1
                                                }
                                            ],
                                            "Plans": [
                                                {
                                                    "Node Type": "Seq Scan",
                                                    "Parent Relationship": "Outer",
                                                    "Parallel Aware": true,
                                                    "Relation Name": "title",
                                                    "Schema": "public",
                                                    "Alias": "t",
                                                    "Startup Cost": 0.0,
                                                    "Total Cost": 45479.21,
                                                    "Plan Rows": 118711,
                                                    "Plan Width": 4,
                                                    "Actual Startup Time": 44.065,
                                                    "Actual Total Time": 73.116,
                                                    "Actual Rows": 70861,
                                                    "Actual Loops": 7,
                                                    "Output": [
                                                        "t.id"
                                                    ],
                                                    "Filter": "((t.production_year < 2009) AND (t.kind_id = 1))",
                                                    "Rows Removed by Filter": 290327,
                                                    "Workers": [
                                                        {
                                                            "Worker Number": 0,
                                                            "Actual Startup Time": 42.188,
                                                            "Actual Total Time": 70.979,
                                                            "Actual Rows": 72515,
                                                            "Actual Loops": 1
                                                        },
                                                        {
                                                            "Worker Number": 1,
                                                            "Actual Startup Time": 42.479,
                                                            "Actual Total Time": 71.189,
                                                            "Actual Rows": 72826,
                                                            "Actual Loops": 1
                                                        },
                                                        {
                                                            "Worker Number": 2,
                                                            "Actual Startup Time": 43.327,
                                                            "Actual Total Time": 72.656,
                                                            "Actual Rows": 75706,
                                                            "Actual Loops": 1
                                                        },
                                                        {
                                                            "Worker Number": 3,
                                                            "Actual Startup Time": 43.435,
                                                            "Actual Total Time": 73.039,
                                                            "Actual Rows": 75679,
                                                            "Actual Loops": 1
                                                        },
                                                        {
                                                            "Worker Number": 4,
                                                            "Actual Startup Time": 44.318,
                                                            "Actual Total Time": 74.639,
                                                            "Actual Rows": 53658,
                                                            "Actual Loops": 1
                                                        },
                                                        {
                                                            "Worker Number": 5,
                                                            "Actual Startup Time": 44.157,
                                                            "Actual Total Time": 74.688,
                                                            "Actual Rows": 52316,
                                                            "Actual Loops": 1
                                                        }
                                                    ]
                                                }
                                            ]
                                        }
                                    ]
                                }
                            ]
                        }
                    ]
                }
            ]
        },
        "Planning Time": 180.446,
        "Triggers": [],
        "Execution Time": 280.409
    }
]