{
  "Plan": {
    "Node Type": "Aggregate",
    "Strategy": "Plain",
    "Partial Mode": "Finalize",
    "Parallel Aware": false,
    "Startup Cost": 87075.38,
    "Total Cost": 87075.39,
    "Plan Rows": 1,
    "Plan Width": 8,
    "Actual Startup Time": 302.748,
    "Actual Total Time": 349.394,
    "Actual Rows": 1,
    "Actual Loops": 1,
    "Plans": [
      {
        "Node Type": "Gather",
        "Parent Relationship": "Outer",
        "Parallel Aware": false,
        "Startup Cost": 87075.27,
        "Total Cost": 87075.38,
        "Plan Rows": 1,
        "Plan Width": 8,
        "Actual Startup Time": 302.42,
        "Actual Total Time": 349.385,
        "Actual Rows": 2,
        "Actual Loops": 1,
        "Workers Planned": 1,
        "Workers Launched": 1,
        "Single Copy": false,
        "Plans": [
          {
            "Node Type": "Aggregate",
            "Strategy": "Plain",
            "Partial Mode": "Partial",
            "Parent Relationship": "Outer",
            "Parallel Aware": false,
            "Startup Cost": 86075.27,
            "Total Cost": 86075.28,
            "Plan Rows": 1,
            "Plan Width": 8,
            "Actual Startup Time": 296.45,
            "Actual Total Time": 296.453,
            "Actual Rows": 1,
            "Actual Loops": 2,
            "Plans": [
              {
                "Node Type": "Nested Loop",
                "Parent Relationship": "Outer",
                "Parallel Aware": false,
                "Join Type": "Inner",
                "Startup Cost": 290.48,
                "Total Cost": 85958.56,
                "Plan Rows": 46682,
                "Plan Width": 0,
                "Actual Startup Time": 6.621,
                "Actual Total Time": 280.745,
                "Actual Rows": 271912,
                "Actual Loops": 2,
                "Inner Unique": false,
                "Plans": [
                  {
                    "Node Type": "Nested Loop",
                    "Parent Relationship": "Outer",
                    "Parallel Aware": false,
                    "Join Type": "Inner",
                    "Startup Cost": 290.05,
                    "Total Cost": 70533.21,
                    "Plan Rows": 7984,
                    "Plan Width": 8,
                    "Actual Startup Time": 6.497,
                    "Actual Total Time": 59.368,
                    "Actual Rows": 6322,
                    "Actual Loops": 2,
                    "Inner Unique": true,
                    "Plans": [
                      {
                        "Node Type": "Bitmap Heap Scan",
                        "Parent Relationship": "Outer",
                        "Parallel Aware": true,
                        "Relation Name": "movie_keyword",
                        "Alias": "mk",
                        "Startup Cost": 289.62,
                        "Total Cost": 21877.72,
                        "Plan Rows": 7984,
                        "Plan Width": 4,
                        "Actual Startup Time": 6.338,
                        "Actual Total Time": 21.371,
                        "Actual Rows": 6322,
                        "Actual Loops": 2,
                        "Recheck Cond": "(keyword_id = 245)",
                        "Rows Removed by Index Recheck": 0,
                        "Exact Heap Blocks": 6339,
                        "Lossy Heap Blocks": 0,
                        "Plans": [
                          {
                            "Node Type": "Bitmap Index Scan",
                            "Parent Relationship": "Outer",
                            "Parallel Aware": false,
                            "Index Name": "keyword_id_movie_keyword",
                            "Startup Cost": 0.0,
                            "Total Cost": 286.22,
                            "Plan Rows": 13572,
                            "Plan Width": 0,
                            "Actual Startup Time": 7.344,
                            "Actual Total Time": 7.345,
                            "Actual Rows": 12645,
                            "Actual Loops": 1,
                            "Index Cond": "(keyword_id = 245)"
                          }
                        ]
                      },
                      {
                        "Node Type": "Index Only Scan",
                        "Parent Relationship": "Inner",
                        "Parallel Aware": false,
                        "Scan Direction": "Forward",
                        "Index Name": "title_pkey",
                        "Relation Name": "title",
                        "Alias": "t",
                        "Startup Cost": 0.43,
                        "Total Cost": 6.09,
                        "Plan Rows": 1,
                        "Plan Width": 4,
                        "Actual Startup Time": 0.005,
                        "Actual Total Time": 0.005,
                        "Actual Rows": 1,
                        "Actual Loops": 12645,
                        "Index Cond": "(id = mk.movie_id)",
                        "Rows Removed by Index Recheck": 0,
                        "Heap Fetches": 12645
                      }
                    ]
                  },
                  {
                    "Node Type": "Index Only Scan",
                    "Parent Relationship": "Inner",
                    "Parallel Aware": false,
                    "Scan Direction": "Forward",
                    "Index Name": "movie_id_movie_info",
                    "Relation Name": "movie_info",
                    "Alias": "mi",
                    "Startup Cost": 0.43,
                    "Total Cost": 1.51,
                    "Plan Rows": 42,
                    "Plan Width": 4,
                    "Actual Startup Time": 0.007,
                    "Actual Total Time": 0.031,
                    "Actual Rows": 43,
                    "Actual Loops": 12645,
                    "Index Cond": "(movie_id = t.id)",
                    "Rows Removed by Index Recheck": 0,
                    "Heap Fetches": 543823
                  }
                ]
              }
            ]
          }
        ]
      }
    ]
  },
  "Planning Time": 0.941,
  "Triggers": [],
  "Execution Time": 349.504
}