{
  "Plan": {
    "Node Type": "Aggregate",
    "Strategy": "Plain",
    "Partial Mode": "Finalize",
    "Parallel Aware": false,
    "Startup Cost": 469711.15,
    "Total Cost": 469711.16,
    "Plan Rows": 1,
    "Plan Width": 32,
    "Actual Startup Time": 2694.693,
    "Actual Total Time": 2744.564,
    "Actual Rows": 1,
    "Actual Loops": 1,
    "Plans": [
      {
        "Node Type": "Gather",
        "Parent Relationship": "Outer",
        "Parallel Aware": false,
        "Startup Cost": 469711.03,
        "Total Cost": 469711.14,
        "Plan Rows": 1,
        "Plan Width": 32,
        "Actual Startup Time": 2687.625,
        "Actual Total Time": 2744.554,
        "Actual Rows": 2,
        "Actual Loops": 1,
        "Workers Planned": 1,
        "Workers Launched": 1,
        "Single Copy": false,
        "Plans": [
          {
            "Node Type": "Aggregate",
            "Strategy": "Plain",
            "Partial Mode": "Partial",
            "Parent Relationship": "Outer",
            "Parallel Aware": false,
            "Startup Cost": 468711.03,
            "Total Cost": 468711.04,
            "Plan Rows": 1,
            "Plan Width": 32,
            "Actual Startup Time": 2681.667,
            "Actual Total Time": 2681.887,
            "Actual Rows": 1,
            "Actual Loops": 2,
            "Plans": [
              {
                "Node Type": "Hash Join",
                "Parent Relationship": "Outer",
                "Parallel Aware": false,
                "Join Type": "Inner",
                "Startup Cost": 468367.65,
                "Total Cost": 468700.85,
                "Plan Rows": 4075,
                "Plan Width": 17,
                "Actual Startup Time": 2676.838,
                "Actual Total Time": 2681.861,
                "Actual Rows": 252,
                "Actual Loops": 2,
                "Inner Unique": true,
                "Hash Cond": "(mc.company_type_id = ct.id)",
                "Plans": [
                  {
                    "Node Type": "Merge Join",
                    "Parent Relationship": "Outer",
                    "Parallel Aware": false,
                    "Join Type": "Inner",
                    "Startup Cost": 468366.59,
                    "Total Cost": 468611.66,
                    "Plan Rows": 16301,
                    "Plan Width": 21,
                    "Actual Startup Time": 2676.482,
                    "Actual Total Time": 2680.375,
                    "Actual Rows": 25160,
                    "Actual Loops": 2,
                    "Inner Unique": true,
                    "Merge Cond": "(mi.info_type_id = it.id)",
                    "Plans": [
                      {
                        "Node Type": "Sort",
                        "Parent Relationship": "Outer",
                        "Parallel Aware": false,
                        "Startup Cost": 468360.61,
                        "Total Cost": 468401.36,
                        "Plan Rows": 16301,
                        "Plan Width": 25,
                        "Actual Startup Time": 2676.419,
                        "Actual Total Time": 2677.493,
                        "Actual Rows": 25160,
                        "Actual Loops": 2,
                        "Sort Key": [
                          "mi.info_type_id"
                        ],
                        "Sort Method": "quicksort",
                        "Sort Space Used": 2443,
                        "Sort Space Type": "Memory",
                        "Workers": [
                          {
                            "Worker Number": 0,
                            "Sort Method": "quicksort",
                            "Sort Space Used": 3106,
                            "Sort Space Type": "Memory"
                          }
                        ],
                        "Plans": [
                          {
                            "Node Type": "Hash Join",
                            "Parent Relationship": "Outer",
                            "Parallel Aware": true,
                            "Join Type": "Inner",
                            "Startup Cost": 105798.97,
                            "Total Cost": 467220.13,
                            "Plan Rows": 16301,
                            "Plan Width": 25,
                            "Actual Startup Time": 754.268,
                            "Actual Total Time": 2668.971,
                            "Actual Rows": 25160,
                            "Actual Loops": 2,
                            "Inner Unique": false,
                            "Hash Cond": "(t.id = mc.movie_id)",
                            "Plans": [
                              {
                                "Node Type": "Hash Join",
                                "Parent Relationship": "Outer",
                                "Parallel Aware": true,
                                "Join Type": "Inner",
                                "Startup Cost": 62722.53,
                                "Total Cost": 422550.3,
                                "Plan Rows": 239601,
                                "Plan Width": 29,
                                "Actual Startup Time": 467.801,
                                "Actual Total Time": 2325.153,
                                "Actual Rows": 187996,
                                "Actual Loops": 2,
                                "Inner Unique": true,
                                "Hash Cond": "(mi.movie_id = t.id)",
                                "Plans": [
                                  {
                                    "Node Type": "Seq Scan",
                                    "Parent Relationship": "Outer",
                                    "Parallel Aware": true,
                                    "Relation Name": "movie_info",
                                    "Alias": "mi",
                                    "Startup Cost": 0.0,
                                    "Total Cost": 358390.48,
                                    "Plan Rows": 547535,
                                    "Plan Width": 8,
                                    "Actual Startup Time": 0.021,
                                    "Actual Total Time": 1670.588,
                                    "Actual Rows": 471298,
                                    "Actual Loops": 2,
                                    "Filter": "(info = ANY ('{Denish,Swedish,German,Danish,Sweden,Germany,English,American,Norway,Denmark}'::text[]))",
                                    "Rows Removed by Filter": 6946562
                                  },
                                  {
                                    "Node Type": "Hash",
                                    "Parent Relationship": "Inner",
                                    "Parallel Aware": true,
                                    "Startup Cost": 54587.68,
                                    "Total Cost": 54587.68,
                                    "Plan Rows": 650788,
                                    "Plan Width": 21,
                                    "Actual Startup Time": 455.99,
                                    "Actual Total Time": 455.991,
                                    "Actual Rows": 553962,
                                    "Actual Loops": 2,
                                    "Hash Buckets": 2097152,
                                    "Original Hash Buckets": 2097152,
                                    "Hash Batches": 1,
                                    "Original Hash Batches": 1,
                                    "Peak Memory Usage": 78560,
                                    "Plans": [
                                      {
                                        "Node Type": "Seq Scan",
                                        "Parent Relationship": "Outer",
                                        "Parallel Aware": true,
                                        "Relation Name": "title",
                                        "Alias": "t",
                                        "Startup Cost": 0.0,
                                        "Total Cost": 54587.68,
                                        "Plan Rows": 650788,
                                        "Plan Width": 21,
                                        "Actual Startup Time": 0.032,
                                        "Actual Total Time": 195.965,
                                        "Actual Rows": 553962,
                                        "Actual Loops": 2,
                                        "Filter": "(production_year > 2004)",
                                        "Rows Removed by Filter": 710194
                                      }
                                    ]
                                  }
                                ]
                              },
                              {
                                "Node Type": "Hash",
                                "Parent Relationship": "Inner",
                                "Parallel Aware": true,
                                "Startup Cost": 41811.73,
                                "Total Cost": 41811.73,
                                "Plan Rows": 101177,
                                "Plan Width": 8,
                                "Actual Startup Time": 280.58,
                                "Actual Total Time": 280.582,
                                "Actual Rows": 147814,
                                "Actual Loops": 2,
                                "Hash Buckets": 524288,
                                "Original Hash Buckets": 262144,
                                "Hash Batches": 1,
                                "Original Hash Batches": 1,
                                "Peak Memory Usage": 17728,
                                "Plans": [
                                  {
                                    "Node Type": "Seq Scan",
                                    "Parent Relationship": "Outer",
                                    "Parallel Aware": true,
                                    "Relation Name": "movie_companies",
                                    "Alias": "mc",
                                    "Startup Cost": 0.0,
                                    "Total Cost": 41811.73,
                                    "Plan Rows": 101177,
                                    "Plan Width": 8,
                                    "Actual Startup Time": 0.048,
                                    "Actual Total Time": 227.302,
                                    "Actual Rows": 147814,
                                    "Actual Loops": 2,
                                    "Filter": "((note !~~ '%(TV)%'::text) AND (note ~~ '%(USA)%'::text))",
                                    "Rows Removed by Filter": 1156750
                                  }
                                ]
                              }
                            ]
                          }
                        ]
                      },
                      {
                        "Node Type": "Sort",
                        "Parent Relationship": "Inner",
                        "Parallel Aware": false,
                        "Startup Cost": 5.98,
                        "Total Cost": 6.27,
                        "Plan Rows": 113,
                        "Plan Width": 4,
                        "Actual Startup Time": 0.056,
                        "Actual Total Time": 0.057,
                        "Actual Rows": 18,
                        "Actual Loops": 2,
                        "Sort Key": [
                          "it.id"
                        ],
                        "Sort Method": "quicksort",
                        "Sort Space Used": 30,
                        "Sort Space Type": "Memory",
                        "Workers": [
                          {
                            "Worker Number": 0,
                            "Sort Method": "quicksort",
                            "Sort Space Used": 30,
                            "Sort Space Type": "Memory"
                          }
                        ],
                        "Plans": [
                          {
                            "Node Type": "Seq Scan",
                            "Parent Relationship": "Outer",
                            "Parallel Aware": false,
                            "Relation Name": "info_type",
                            "Alias": "it",
                            "Startup Cost": 0.0,
                            "Total Cost": 2.13,
                            "Plan Rows": 113,
                            "Plan Width": 4,
                            "Actual Startup Time": 0.027,
                            "Actual Total Time": 0.035,
                            "Actual Rows": 113,
                            "Actual Loops": 2
                          }
                        ]
                      }
                    ]
                  },
                  {
                    "Node Type": "Hash",
                    "Parent Relationship": "Inner",
                    "Parallel Aware": false,
                    "Startup Cost": 1.05,
                    "Total Cost": 1.05,
                    "Plan Rows": 1,
                    "Plan Width": 4,
                    "Actual Startup Time": 0.081,
                    "Actual Total Time": 0.081,
                    "Actual Rows": 1,
                    "Actual Loops": 2,
                    "Hash Buckets": 1024,
                    "Original Hash Buckets": 1024,
                    "Hash Batches": 1,
                    "Original Hash Batches": 1,
                    "Peak Memory Usage": 9,
                    "Plans": [
                      {
                        "Node Type": "Seq Scan",
                        "Parent Relationship": "Outer",
                        "Parallel Aware": false,
                        "Relation Name": "company_type",
                        "Alias": "ct",
                        "Startup Cost": 0.0,
                        "Total Cost": 1.05,
                        "Plan Rows": 1,
                        "Plan Width": 4,
                        "Actual Startup Time": 0.064,
                        "Actual Total Time": 0.066,
                        "Actual Rows": 1,
                        "Actual Loops": 2,
                        "Filter": "((kind)::text = 'production companies'::text)",
                        "Rows Removed by Filter": 3
                      }
                    ]
                  }
                ]
              }
            ]
          }
        ]
      }
    ]
  },
  "Planning Time": 2.01,
  "Triggers": [],
  "Execution Time": 2744.74
}