[
  {
    "Plan": {
      "Node Type": "Aggregate",
      "Strategy": "Plain",
      "Partial Mode": "Finalize",
      "Parallel Aware": false,
      "Startup Cost": 32675.46,
      "Total Cost": 32675.47,
      "Plan Rows": 1,
      "Plan Width": 8,
      "Actual Startup Time": 81.858,
      "Actual Total Time": 89.862,
      "Actual Rows": 1,
      "Actual Loops": 1,
      "Plans": [
        {
          "Node Type": "Gather",
          "Parent Relationship": "Outer",
          "Parallel Aware": false,
          "Startup Cost": 32675.14,
          "Total Cost": 32675.45,
          "Plan Rows": 3,
          "Plan Width": 8,
          "Actual Startup Time": 81.755,
          "Actual Total Time": 89.854,
          "Actual Rows": 4,
          "Actual Loops": 1,
          "Workers Planned": 3,
          "Workers Launched": 3,
          "Single Copy": false,
          "Plans": [
            {
              "Node Type": "Aggregate",
              "Strategy": "Plain",
              "Partial Mode": "Partial",
              "Parent Relationship": "Outer",
              "Parallel Aware": false,
              "Startup Cost": 31675.14,
              "Total Cost": 31675.15,
              "Plan Rows": 1,
              "Plan Width": 8,
              "Actual Startup Time": 75.195,
              "Actual Total Time": 75.196,
              "Actual Rows": 1,
              "Actual Loops": 4,
              "Plans": [
                {
                  "Node Type": "Seq Scan",
                  "Parent Relationship": "Outer",
                  "Parallel Aware": true,
                  "Relation Name": "movie_companies",
                  "Alias": "mc",
                  "Startup Cost": 0.0,
                  "Total Cost": 31414.82,
                  "Plan Rows": 104129,
                  "Plan Width": 0,
                  "Actual Startup Time": 46.155,
                  "Actual Total Time": 73.349,
                  "Actual Rows": 44426,
                  "Actual Loops": 4,
                  "Filter": "((company_id < 846) AND (company_type_id = 2))",
                  "Rows Removed by Filter": 607856
                }
              ]
            }
          ]
        }
      ]
    },
    "Planning Time": 0.22,
    "Triggers": [],
    "Execution Time": 89.929
  }
]