[
  {
    "Plan": {
      "Node Type": "Aggregate",
      "Strategy": "Plain",
      "Partial Mode": "Simple",
      "Parallel Aware": false,
      "Startup Cost": 3043.07,
      "Total Cost": 3043.08,
      "Plan Rows": 1,
      "Plan Width": 8,
      "Actual Startup Time": 22.707,
      "Actual Total Time": 22.71,
      "Actual Rows": 1,
      "Actual Loops": 1,
      "Plans": [
        {
          "Node Type": "Nested Loop",
          "Parent Relationship": "Outer",
          "Parallel Aware": false,
          "Join Type": "Inner",
          "Startup Cost": 7.22,
          "Total Cost": 3043.01,
          "Plan Rows": 23,
          "Plan Width": 0,
          "Actual Startup Time": 13.797,
          "Actual Total Time": 22.661,
          "Actual Rows": 252,
          "Actual Loops": 1,
          "Inner Unique": false,
          "Plans": [
            {
              "Node Type": "Nested Loop",
              "Parent Relationship": "Outer",
              "Parallel Aware": false,
              "Join Type": "Inner",
              "Startup Cost": 6.79,
              "Total Cost": 3018.6,
              "Plan Rows": 23,
              "Plan Width": 8,
              "Actual Startup Time": 13.782,
              "Actual Total Time": 21.827,
              "Actual Rows": 62,
              "Actual Loops": 1,
              "Inner Unique": true,
              "Plans": [
                {
                  "Node Type": "Bitmap Heap Scan",
                  "Parent Relationship": "Outer",
                  "Parallel Aware": false,
                  "Relation Name": "movie_keyword",
                  "Alias": "mk",
                  "Startup Cost": 6.36,
                  "Total Cost": 926.55,
                  "Plan Rows": 249,
                  "Plan Width": 4,
                  "Actual Startup Time": 13.704,
                  "Actual Total Time": 15.727,
                  "Actual Rows": 844,
                  "Actual Loops": 1,
                  "Recheck Cond": "(keyword_id = 2845)",
                  "Rows Removed by Index Recheck": 0,
                  "Exact Heap Blocks": 768,
                  "Lossy Heap Blocks": 0,
                  "Plans": [
                    {
                      "Node Type": "Bitmap Index Scan",
                      "Parent Relationship": "Outer",
                      "Parallel Aware": false,
                      "Index Name": "keyword_id_movie_keyword",
                      "Startup Cost": 0.0,
                      "Total Cost": 6.3,
                      "Plan Rows": 249,
                      "Plan Width": 0,
                      "Actual Startup Time": 13.428,
                      "Actual Total Time": 13.429,
                      "Actual Rows": 844,
                      "Actual Loops": 1,
                      "Index Cond": "(keyword_id = 2845)"
                    }
                  ]
                },
                {
                  "Node Type": "Index Scan",
                  "Parent Relationship": "Inner",
                  "Parallel Aware": false,
                  "Scan Direction": "Forward",
                  "Index Name": "title_pkey",
                  "Relation Name": "title",
                  "Alias": "t",
                  "Startup Cost": 0.43,
                  "Total Cost": 8.4,
                  "Plan Rows": 1,
                  "Plan Width": 4,
                  "Actual Startup Time": 0.007,
                  "Actual Total Time": 0.007,
                  "Actual Rows": 0,
                  "Actual Loops": 844,
                  "Index Cond": "(id = mk.movie_id)",
                  "Rows Removed by Index Recheck": 0,
                  "Filter": "(production_year > 2011)",
                  "Rows Removed by Filter": 1
                }
              ]
            },
            {
              "Node Type": "Index Only Scan",
              "Parent Relationship": "Inner",
              "Parallel Aware": false,
              "Scan Direction": "Forward",
              "Index Name": "movie_id_movie_companies",
              "Relation Name": "movie_companies",
              "Alias": "mc",
              "Startup Cost": 0.43,
              "Total Cost": 1.01,
              "Plan Rows": 5,
              "Plan Width": 4,
              "Actual Startup Time": 0.009,
              "Actual Total Time": 0.012,
              "Actual Rows": 4,
              "Actual Loops": 62,
              "Index Cond": "(movie_id = t.id)",
              "Rows Removed by Index Recheck": 0,
              "Heap Fetches": 252
            }
          ]
        }
      ]
    },
    "Planning Time": 0.785,
    "Triggers": [],
    "Execution Time": 22.758
  }
]