[
  {
    "Plan": {
      "Node Type": "Aggregate",
      "Strategy": "Plain",
      "Partial Mode": "Finalize",
      "Parallel Aware": false,
      "Startup Cost": 114124.54,
      "Total Cost": 114124.55,
      "Plan Rows": 1,
      "Plan Width": 8,
      "Actual Startup Time": 608.45,
      "Actual Total Time": 625.523,
      "Actual Rows": 1,
      "Actual Loops": 1,
      "Plans": [
        {
          "Node Type": "Gather",
          "Parent Relationship": "Outer",
          "Parallel Aware": false,
          "Startup Cost": 114124.32,
          "Total Cost": 114124.53,
          "Plan Rows": 2,
          "Plan Width": 8,
          "Actual Startup Time": 601.614,
          "Actual Total Time": 625.5,
          "Actual Rows": 3,
          "Actual Loops": 1,
          "Workers Planned": 2,
          "Workers Launched": 2,
          "Single Copy": false,
          "Plans": [
            {
              "Node Type": "Aggregate",
              "Strategy": "Plain",
              "Partial Mode": "Partial",
              "Parent Relationship": "Outer",
              "Parallel Aware": false,
              "Startup Cost": 113124.32,
              "Total Cost": 113124.33,
              "Plan Rows": 1,
              "Plan Width": 8,
              "Actual Startup Time": 594.29,
              "Actual Total Time": 594.468,
              "Actual Rows": 1,
              "Actual Loops": 3,
              "Plans": [
                {
                  "Node Type": "Hash Join",
                  "Parent Relationship": "Outer",
                  "Parallel Aware": true,
                  "Join Type": "Inner",
                  "Startup Cost": 96414.12,
                  "Total Cost": 112745.01,
                  "Plan Rows": 151725,
                  "Plan Width": 0,
                  "Actual Startup Time": 504.963,
                  "Actual Total Time": 590.575,
                  "Actual Rows": 99350,
                  "Actual Loops": 3,
                  "Inner Unique": false,
                  "Hash Cond": "(mi_idx.movie_id = t.id)",
                  "Plans": [
                    {
                      "Node Type": "Seq Scan",
                      "Parent Relationship": "Outer",
                      "Parallel Aware": true,
                      "Relation Name": "movie_info_idx",
                      "Alias": "mi_idx",
                      "Startup Cost": 0.0,
                      "Total Cost": 13685.15,
                      "Plan Rows": 575015,
                      "Plan Width": 4,
                      "Actual Startup Time": 0.045,
                      "Actual Total Time": 34.556,
                      "Actual Rows": 460012,
                      "Actual Loops": 3
                    },
                    {
                      "Node Type": "Hash",
                      "Parent Relationship": "Inner",
                      "Parallel Aware": true,
                      "Startup Cost": 93724.11,
                      "Total Cost": 93724.11,
                      "Plan Rows": 215201,
                      "Plan Width": 8,
                      "Actual Startup Time": 495.768,
                      "Actual Total Time": 495.945,
                      "Actual Rows": 59324,
                      "Actual Loops": 3,
                      "Hash Buckets": 1048576,
                      "Original Hash Buckets": 1048576,
                      "Hash Batches": 1,
                      "Original Hash Batches": 1,
                      "Peak Memory Usage": 15232,
                      "Plans": [
                        {
                          "Node Type": "Hash Join",
                          "Parent Relationship": "Outer",
                          "Parallel Aware": true,
                          "Join Type": "Inner",
                          "Startup Cost": 50052.55,
                          "Total Cost": 93724.11,
                          "Plan Rows": 215201,
                          "Plan Width": 8,
                          "Actual Startup Time": 298.199,
                          "Actual Total Time": 474.564,
                          "Actual Rows": 59324,
                          "Actual Loops": 3,
                          "Inner Unique": true,
                          "Hash Cond": "(mk.movie_id = t.id)",
                          "Plans": [
                            {
                              "Node Type": "Seq Scan",
                              "Parent Relationship": "Outer",
                              "Parallel Aware": true,
                              "Relation Name": "movie_keyword",
                              "Alias": "mk",
                              "Startup Cost": 0.0,
                              "Total Cost": 42695.65,
                              "Plan Rows": 371773,
                              "Plan Width": 4,
                              "Actual Startup Time": 1.442,
                              "Actual Total Time": 116.237,
                              "Actual Rows": 385967,
                              "Actual Loops": 3,
                              "Filter": "(keyword_id > 16131)",
                              "Rows Removed by Filter": 1122009
                            },
                            {
                              "Node Type": "Hash",
                              "Parent Relationship": "Inner",
                              "Parallel Aware": true,
                              "Startup Cost": 45479.1,
                              "Total Cost": 45479.1,
                              "Plan Rows": 365876,
                              "Plan Width": 4,
                              "Actual Startup Time": 290.549,
                              "Actual Total Time": 290.55,
                              "Actual Rows": 492813,
                              "Actual Loops": 3,
                              "Hash Buckets": 2097152,
                              "Original Hash Buckets": 2097152,
                              "Hash Batches": 1,
                              "Original Hash Batches": 1,
                              "Peak Memory Usage": 74272,
                              "Plans": [
                                {
                                  "Node Type": "Seq Scan",
                                  "Parent Relationship": "Outer",
                                  "Parallel Aware": true,
                                  "Relation Name": "title",
                                  "Alias": "t",
                                  "Startup Cost": 0.0,
                                  "Total Cost": 45479.1,
                                  "Plan Rows": 365876,
                                  "Plan Width": 4,
                                  "Actual Startup Time": 0.04,
                                  "Actual Total Time": 126.903,
                                  "Actual Rows": 492813,
                                  "Actual Loops": 3,
                                  "Filter": "((production_year > 1913) AND (kind_id = 7))",
                                  "Rows Removed by Filter": 349958
                                }
                              ]
                            }
                          ]
                        }
                      ]
                    }
                  ]
                }
              ]
            }
          ]
        }
      ]
    },
    "Planning Time": 1.26,
    "Triggers": [],
    "Execution Time": 625.607
  }
]