{
    "Plan": {
        "Node Type": "Aggregate",
        "Strategy": "Plain",
        "Partial Mode": "Simple",
        "Parallel Aware": false,
        "Startup Cost": 70001445244.46,
        "Total Cost": 70001445244.47,
        "Plan Rows": 1,
        "Plan Width": 64,
        "Actual Startup Time": 11993.93,
        "Actual Total Time": 11993.949,
        "Actual Rows": 1,
        "Actual Loops": 1,
        "Output": [
            "min(n.name)",
            "min(t.title)"
        ],
        "Plans": [
            {
                "Node Type": "Nested Loop",
                "Parent Relationship": "Outer",
                "Parallel Aware": false,
                "Join Type": "Inner",
                "Startup Cost": 70001365605.59,
                "Total Cost": 70001445244.45,
                "Plan Rows": 1,
                "Plan Width": 32,
                "Actual Startup Time": 11577.905,
                "Actual Total Time": 11993.934,
                "Actual Rows": 7,
                "Actual Loops": 1,
                "Output": [
                    "n.name",
                    "t.title"
                ],
                "Inner Unique": true,
                "Plans": [
                    {
                        "Node Type": "Nested Loop",
                        "Parent Relationship": "Outer",
                        "Parallel Aware": false,
                        "Join Type": "Inner",
                        "Startup Cost": 60001365605.44,
                        "Total Cost": 60001445236.27,
                        "Plan Rows": 1,
                        "Plan Width": 36,
                        "Actual Startup Time": 11577.884,
                        "Actual Total Time": 11993.885,
                        "Actual Rows": 7,
                        "Actual Loops": 1,
                        "Output": [
                            "mi.info_type_id",
                            "n.name",
                            "t.title"
                        ],
                        "Inner Unique": false,
                        "Join Filter": "(t.id = mi.movie_id)",
                        "Rows Removed by Join Filter": 0,
                        "Plans": [
                            {
                                "Node Type": "Hash Join",
                                "Parent Relationship": "Outer",
                                "Parallel Aware": false,
                                "Join Type": "Inner",
                                "Startup Cost": 50001365604.64,
                                "Total Cost": 50001445230.77,
                                "Plan Rows": 1,
                                "Plan Width": 44,
                                "Actual Startup Time": 11577.838,
                                "Actual Total Time": 11993.746,
                                "Actual Rows": 7,
                                "Actual Loops": 1,
                                "Output": [
                                    "ci.movie_id",
                                    "mc.movie_id",
                                    "n.name",
                                    "t.title",
                                    "t.id"
                                ],
                                "Inner Unique": false,
                                "Hash Cond": "(chn.id = ci.person_role_id)",
                                "Plans": [
                                    {
                                        "Node Type": "Seq Scan",
                                        "Parent Relationship": "Outer",
                                        "Parallel Aware": false,
                                        "Relation Name": "char_name",
                                        "Schema": "public",
                                        "Alias": "chn",
                                        "Startup Cost": 0.0,
                                        "Total Cost": 67850.27,
                                        "Plan Rows": 3140227,
                                        "Plan Width": 4,
                                        "Actual Startup Time": 0.016,
                                        "Actual Total Time": 248.388,
                                        "Actual Rows": 3140339,
                                        "Actual Loops": 1,
                                        "Output": [
                                            "chn.id",
                                            "chn.name",
                                            "chn.imdb_index",
                                            "chn.imdb_id",
                                            "chn.name_pcode_nf",
                                            "chn.surname_pcode",
                                            "chn.md5sum"
                                        ]
                                    },
                                    {
                                        "Node Type": "Hash",
                                        "Parent Relationship": "Inner",
                                        "Parallel Aware": false,
                                        "Startup Cost": 50001365604.62,
                                        "Total Cost": 50001365604.62,
                                        "Plan Rows": 1,
                                        "Plan Width": 48,
                                        "Actual Startup Time": 11572.066,
                                        "Actual Total Time": 11572.081,
                                        "Actual Rows": 7,
                                        "Actual Loops": 1,
                                        "Output": [
                                            "ci.movie_id",
                                            "ci.person_role_id",
                                            "mc.movie_id",
                                            "n.name",
                                            "t.title",
                                            "t.id"
                                        ],
                                        "Hash Buckets": 1024,
                                        "Original Hash Buckets": 1024,
                                        "Hash Batches": 1,
                                        "Original Hash Batches": 1,
                                        "Peak Memory Usage": 9,
                                        "Plans": [
                                            {
                                                "Node Type": "Hash Join",
                                                "Parent Relationship": "Outer",
                                                "Parallel Aware": false,
                                                "Join Type": "Inner",
                                                "Startup Cost": 50001341815.14,
                                                "Total Cost": 50001365604.62,
                                                "Plan Rows": 1,
                                                "Plan Width": 48,
                                                "Actual Startup Time": 11539.025,
                                                "Actual Total Time": 11572.072,
                                                "Actual Rows": 7,
                                                "Actual Loops": 1,
                                                "Output": [
                                                    "ci.movie_id",
                                                    "ci.person_role_id",
                                                    "mc.movie_id",
                                                    "n.name",
                                                    "t.title",
                                                    "t.id"
                                                ],
                                                "Inner Unique": true,
                                                "Hash Cond": "(mc.company_id = cn.id)",
                                                "Plans": [
                                                    {
                                                        "Node Type": "Hash Join",
                                                        "Parent Relationship": "Outer",
                                                        "Parallel Aware": false,
                                                        "Join Type": "Inner",
                                                        "Startup Cost": 50001328306.94,
                                                        "Total Cost": 50001352096.41,
                                                        "Plan Rows": 2,
                                                        "Plan Width": 52,
                                                        "Actual Startup Time": 11414.701,
                                                        "Actual Total Time": 11447.745,
                                                        "Actual Rows": 7,
                                                        "Actual Loops": 1,
                                                        "Output": [
                                                            "ci.movie_id",
                                                            "ci.person_role_id",
                                                            "mc.movie_id",
                                                            "mc.company_id",
                                                            "n.name",
                                                            "t.title",
                                                            "t.id"
                                                        ],
                                                        "Inner Unique": false,
                                                        "Hash Cond": "(an.person_id = n.id)",
                                                        "Plans": [
                                                            {
                                                                "Node Type": "Seq Scan",
                                                                "Parent Relationship": "Outer",
                                                                "Parallel Aware": false,
                                                                "Relation Name": "aka_name",
                                                                "Schema": "public",
                                                                "Alias": "an",
                                                                "Startup Cost": 10000000000.0,
                                                                "Total Cost": 10000020409.43,
                                                                "Plan Rows": 901343,
                                                                "Plan Width": 4,
                                                                "Actual Startup Time": 0.013,
                                                                "Actual Total Time": 74.042,
                                                                "Actual Rows": 901343,
                                                                "Actual Loops": 1,
                                                                "Output": [
                                                                    "an.id",
                                                                    "an.person_id",
                                                                    "an.name",
                                                                    "an.imdb_index",
                                                                    "an.name_pcode_cf",
                                                                    "an.name_pcode_nf",
                                                                    "an.surname_pcode",
                                                                    "an.md5sum"
                                                                ]
                                                            },
                                                            {
                                                                "Node Type": "Hash",
                                                                "Parent Relationship": "Inner",
                                                                "Parallel Aware": false,
                                                                "Startup Cost": 40001328306.93,
                                                                "Total Cost": 40001328306.93,
                                                                "Plan Rows": 1,
                                                                "Plan Width": 60,
                                                                "Actual Startup Time": 11319.763,
                                                                "Actual Total Time": 11319.774,
                                                                "Actual Rows": 16,
                                                                "Actual Loops": 1,
                                                                "Output": [
                                                                    "ci.movie_id",
                                                                    "ci.person_id",
                                                                    "ci.person_role_id",
                                                                    "mc.movie_id",
                                                                    "mc.company_id",
                                                                    "n.name",
                                                                    "n.id",
                                                                    "t.title",
                                                                    "t.id"
                                                                ],
                                                                "Hash Buckets": 1024,
                                                                "Original Hash Buckets": 1024,
                                                                "Hash Batches": 1,
                                                                "Original Hash Batches": 1,
                                                                "Peak Memory Usage": 10,
                                                                "Plans": [
                                                                    {
                                                                        "Node Type": "Hash Join",
                                                                        "Parent Relationship": "Outer",
                                                                        "Parallel Aware": false,
                                                                        "Join Type": "Inner",
                                                                        "Startup Cost": 40001328305.75,
                                                                        "Total Cost": 40001328306.93,
                                                                        "Plan Rows": 1,
                                                                        "Plan Width": 60,
                                                                        "Actual Startup Time": 11319.746,
                                                                        "Actual Total Time": 11319.764,
                                                                        "Actual Rows": 16,
                                                                        "Actual Loops": 1,
                                                                        "Output": [
                                                                            "ci.movie_id",
                                                                            "ci.person_id",
                                                                            "ci.person_role_id",
                                                                            "mc.movie_id",
                                                                            "mc.company_id",
                                                                            "n.name",
                                                                            "n.id",
                                                                            "t.title",
                                                                            "t.id"
                                                                        ],
                                                                        "Inner Unique": false,
                                                                        "Hash Cond": "(rt.id = ci.role_id)",
                                                                        "Plans": [
                                                                            {
                                                                                "Node Type": "Seq Scan",
                                                                                "Parent Relationship": "Outer",
                                                                                "Parallel Aware": false,
                                                                                "Relation Name": "role_type",
                                                                                "Schema": "public",
                                                                                "Alias": "rt",
                                                                                "Startup Cost": 10000000000.0,
                                                                                "Total Cost": 10000000001.15,
                                                                                "Plan Rows": 1,
                                                                                "Plan Width": 4,
                                                                                "Actual Startup Time": 0.007,
                                                                                "Actual Total Time": 0.012,
                                                                                "Actual Rows": 1,
                                                                                "Actual Loops": 1,
                                                                                "Output": [
                                                                                    "rt.id",
                                                                                    "rt.role"
                                                                                ],
                                                                                "Filter": "((rt.role)::text = 'actress'::text)",
                                                                                "Rows Removed by Filter": 11
                                                                            },
                                                                            {
                                                                                "Node Type": "Hash",
                                                                                "Parent Relationship": "Inner",
                                                                                "Parallel Aware": false,
                                                                                "Startup Cost": 30001328305.65,
                                                                                "Total Cost": 30001328305.65,
                                                                                "Plan Rows": 8,
                                                                                "Plan Width": 64,
                                                                                "Actual Startup Time": 11319.723,
                                                                                "Actual Total Time": 11319.731,
                                                                                "Actual Rows": 17,
                                                                                "Actual Loops": 1,
                                                                                "Output": [
                                                                                    "ci.movie_id",
                                                                                    "ci.person_id",
                                                                                    "ci.role_id",
                                                                                    "ci.person_role_id",
                                                                                    "mc.movie_id",
                                                                                    "mc.company_id",
                                                                                    "n.name",
                                                                                    "n.id",
                                                                                    "t.title",
                                                                                    "t.id"
                                                                                ],
                                                                                "Hash Buckets": 1024,
                                                                                "Original Hash Buckets": 1024,
                                                                                "Hash Batches": 1,
                                                                                "Original Hash Batches": 1,
                                                                                "Peak Memory Usage": 10,
                                                                                "Plans": [
                                                                                    {
                                                                                        "Node Type": "Hash Join",
                                                                                        "Parent Relationship": "Outer",
                                                                                        "Parallel Aware": false,
                                                                                        "Join Type": "Inner",
                                                                                        "Startup Cost": 30001129084.72,
                                                                                        "Total Cost": 30001328305.65,
                                                                                        "Plan Rows": 8,
                                                                                        "Plan Width": 64,
                                                                                        "Actual Startup Time": 10869.347,
                                                                                        "Actual Total Time": 11319.721,
                                                                                        "Actual Rows": 17,
                                                                                        "Actual Loops": 1,
                                                                                        "Output": [
                                                                                            "ci.movie_id",
                                                                                            "ci.person_id",
                                                                                            "ci.role_id",
                                                                                            "ci.person_role_id",
                                                                                            "mc.movie_id",
                                                                                            "mc.company_id",
                                                                                            "n.name",
                                                                                            "n.id",
                                                                                            "t.title",
                                                                                            "t.id"
                                                                                        ],
                                                                                        "Inner Unique": false,
                                                                                        "Hash Cond": "(n.id = ci.person_id)",
                                                                                        "Plans": [
                                                                                            {
                                                                                                "Node Type": "Index Scan",
                                                                                                "Parent Relationship": "Outer",
                                                                                                "Parallel Aware": false,
                                                                                                "Scan Direction": "Forward",
                                                                                                "Index Name": "name_pkey",
                                                                                                "Relation Name": "name",
                                                                                                "Schema": "public",
                                                                                                "Alias": "n",
                                                                                                "Startup Cost": 0.43,
                                                                                                "Total Cost": 199011.55,
                                                                                                "Plan Rows": 94,
                                                                                                "Plan Width": 19,
                                                                                                "Actual Startup Time": 632.098,
                                                                                                "Actual Total Time": 1266.776,
                                                                                                "Actual Rows": 201,
                                                                                                "Actual Loops": 1,
                                                                                                "Output": [
                                                                                                    "n.id",
                                                                                                    "n.name",
                                                                                                    "n.imdb_index",
                                                                                                    "n.imdb_id",
                                                                                                    "n.gender",
                                                                                                    "n.name_pcode_cf",
                                                                                                    "n.name_pcode_nf",
                                                                                                    "n.surname_pcode",
                                                                                                    "n.md5sum"
                                                                                                ],
                                                                                                "Filter": "((n.name ~~ '%Washington,%'::text) AND ((n.gender)::text = 'f'::text))",
                                                                                                "Rows Removed by Filter": 4167290
                                                                                            },
                                                                                            {
                                                                                                "Node Type": "Hash",
                                                                                                "Parent Relationship": "Inner",
                                                                                                "Parallel Aware": false,
                                                                                                "Startup Cost": 30001124509.69,
                                                                                                "Total Cost": 30001124509.69,
                                                                                                "Plan Rows": 365968,
                                                                                                "Plan Width": 45,
                                                                                                "Actual Startup Time": 10052.257,
                                                                                                "Actual Total Time": 10052.263,
                                                                                                "Actual Rows": 352233,
                                                                                                "Actual Loops": 1,
                                                                                                "Output": [
                                                                                                    "ci.movie_id",
                                                                                                    "ci.person_id",
                                                                                                    "ci.role_id",
                                                                                                    "ci.person_role_id",
                                                                                                    "mc.movie_id",
                                                                                                    "mc.company_id",
                                                                                                    "t.title",
                                                                                                    "t.id"
                                                                                                ],
                                                                                                "Hash Buckets": 524288,
                                                                                                "Original Hash Buckets": 524288,
                                                                                                "Hash Batches": 1,
                                                                                                "Original Hash Batches": 1,
                                                                                                "Peak Memory Usage": 31046,
                                                                                                "Plans": [
                                                                                                    {
                                                                                                        "Node Type": "Nested Loop",
                                                                                                        "Parent Relationship": "Outer",
                                                                                                        "Parallel Aware": false,
                                                                                                        "Join Type": "Inner",
                                                                                                        "Startup Cost": 30000354133.68,
                                                                                                        "Total Cost": 30001124509.69,
                                                                                                        "Plan Rows": 365968,
                                                                                                        "Plan Width": 45,
                                                                                                        "Actual Startup Time": 2083.644,
                                                                                                        "Actual Total Time": 9923.056,
                                                                                                        "Actual Rows": 352233,
                                                                                                        "Actual Loops": 1,
                                                                                                        "Output": [
                                                                                                            "ci.movie_id",
                                                                                                            "ci.person_id",
                                                                                                            "ci.role_id",
                                                                                                            "ci.person_role_id",
                                                                                                            "mc.movie_id",
                                                                                                            "mc.company_id",
                                                                                                            "t.title",
                                                                                                            "t.id"
                                                                                                        ],
                                                                                                        "Inner Unique": false,
                                                                                                        "Plans": [
                                                                                                            {
                                                                                                                "Node Type": "Merge Join",
                                                                                                                "Parent Relationship": "Outer",
                                                                                                                "Parallel Aware": false,
                                                                                                                "Join Type": "Inner",
                                                                                                                "Startup Cost": 20000354132.35,
                                                                                                                "Total Cost": 20000362318.04,
                                                                                                                "Plan Rows": 126564,
                                                                                                                "Plan Width": 29,
                                                                                                                "Actual Startup Time": 2083.458,
                                                                                                                "Actual Total Time": 2587.129,
                                                                                                                "Actual Rows": 181054,
                                                                                                                "Actual Loops": 1,
                                                                                                                "Output": [
                                                                                                                    "mc.movie_id",
                                                                                                                    "mc.company_id",
                                                                                                                    "t.title",
                                                                                                                    "t.id"
                                                                                                                ],
                                                                                                                "Inner Unique": false,
                                                                                                                "Merge Cond": "(t.id = mc.movie_id)",
                                                                                                                "Plans": [
                                                                                                                    {
                                                                                                                        "Node Type": "Sort",
                                                                                                                        "Parent Relationship": "Outer",
                                                                                                                        "Parallel Aware": false,
                                                                                                                        "Startup Cost": 10000183467.41,
                                                                                                                        "Total Cost": 10000186197.99,
                                                                                                                        "Plan Rows": 1092232,
                                                                                                                        "Plan Width": 21,
                                                                                                                        "Actual Startup Time": 564.773,
                                                                                                                        "Actual Total Time": 758.631,
                                                                                                                        "Actual Rows": 1093115,
                                                                                                                        "Actual Loops": 1,
                                                                                                                        "Output": [
                                                                                                                            "t.title",
                                                                                                                            "t.id"
                                                                                                                        ],
                                                                                                                        "Sort Key": [
                                                                                                                            "t.id"
                                                                                                                        ],
                                                                                                                        "Sort Method": "quicksort",
                                                                                                                        "Sort Space Used": 125042,
                                                                                                                        "Sort Space Type": "Memory",
                                                                                                                        "Plans": [
                                                                                                                            {
                                                                                                                                "Node Type": "Seq Scan",
                                                                                                                                "Parent Relationship": "Outer",
                                                                                                                                "Parallel Aware": false,
                                                                                                                                "Relation Name": "title",
                                                                                                                                "Schema": "public",
                                                                                                                                "Alias": "t",
                                                                                                                                "Startup Cost": 10000000000.0,
                                                                                                                                "Total Cost": 10000073922.83,
                                                                                                                                "Plan Rows": 1092232,
                                                                                                                                "Plan Width": 21,
                                                                                                                                "Actual Startup Time": 0.017,
                                                                                                                                "Actual Total Time": 281.98,
                                                                                                                                "Actual Rows": 1093364,
                                                                                                                                "Actual Loops": 1,
                                                                                                                                "Output": [
                                                                                                                                    "t.title",
                                                                                                                                    "t.id"
                                                                                                                                ],
                                                                                                                                "Filter": "((t.production_year >= 1999) AND (t.production_year <= 2010))",
                                                                                                                                "Rows Removed by Filter": 1434948
                                                                                                                            }
                                                                                                                        ]
                                                                                                                    },
                                                                                                                    {
                                                                                                                        "Node Type": "Sort",
                                                                                                                        "Parent Relationship": "Inner",
                                                                                                                        "Parallel Aware": false,
                                                                                                                        "Startup Cost": 10000170664.4,
                                                                                                                        "Total Cost": 10000171396.83,
                                                                                                                        "Plan Rows": 292973,
                                                                                                                        "Plan Width": 8,
                                                                                                                        "Actual Startup Time": 1518.674,
                                                                                                                        "Actual Total Time": 1622.491,
                                                                                                                        "Actual Rows": 590994,
                                                                                                                        "Actual Loops": 1,
                                                                                                                        "Output": [
                                                                                                                            "mc.movie_id",
                                                                                                                            "mc.company_id"
                                                                                                                        ],
                                                                                                                        "Sort Key": [
                                                                                                                            "mc.movie_id"
                                                                                                                        ],
                                                                                                                        "Sort Method": "quicksort",
                                                                                                                        "Sort Space Used": 52279,
                                                                                                                        "Sort Space Type": "Memory",
                                                                                                                        "Plans": [
                                                                                                                            {
                                                                                                                                "Node Type": "Index Scan",
                                                                                                                                "Parent Relationship": "Outer",
                                                                                                                                "Parallel Aware": false,
                                                                                                                                "Scan Direction": "Forward",
                                                                                                                                "Index Name": "company_id_movie_companies",
                                                                                                                                "Relation Name": "movie_companies",
                                                                                                                                "Schema": "public",
                                                                                                                                "Alias": "mc",
                                                                                                                                "Startup Cost": 10000000000.43,
                                                                                                                                "Total Cost": 10000144061.85,
                                                                                                                                "Plan Rows": 292973,
                                                                                                                                "Plan Width": 8,
                                                                                                                                "Actual Startup Time": 0.028,
                                                                                                                                "Actual Total Time": 1397.244,
                                                                                                                                "Actual Rows": 590994,
                                                                                                                                "Actual Loops": 1,
                                                                                                                                "Output": [
                                                                                                                                    "mc.movie_id",
                                                                                                                                    "mc.company_id"
                                                                                                                                ],
                                                                                                                                "Filter": "((mc.note IS NOT NULL) AND ((mc.note ~~ '%(USA)%'::text) OR (mc.note ~~ '%(worldwide)%'::text)))",
                                                                                                                                "Rows Removed by Filter": 2018135
                                                                                                                            }
                                                                                                                        ]
                                                                                                                    }
                                                                                                                ]
                                                                                                            },
                                                                                                            {
                                                                                                                "Node Type": "Bitmap Heap Scan",
                                                                                                                "Parent Relationship": "Inner",
                                                                                                                "Parallel Aware": false,
                                                                                                                "Relation Name": "cast_info",
                                                                                                                "Schema": "public",
                                                                                                                "Alias": "ci",
                                                                                                                "Startup Cost": 1.33,
                                                                                                                "Total Cost": 5.99,
                                                                                                                "Plan Rows": 3,
                                                                                                                "Plan Width": 16,
                                                                                                                "Actual Startup Time": 0.025,
                                                                                                                "Actual Total Time": 0.038,
                                                                                                                "Actual Rows": 2,
                                                                                                                "Actual Loops": 181054,
                                                                                                                "Output": [
                                                                                                                    "ci.id",
                                                                                                                    "ci.person_id",
                                                                                                                    "ci.movie_id",
                                                                                                                    "ci.person_role_id",
                                                                                                                    "ci.note",
                                                                                                                    "ci.nr_order",
                                                                                                                    "ci.role_id"
                                                                                                                ],
                                                                                                                "Recheck Cond": "(ci.movie_id = t.id)",
                                                                                                                "Rows Removed by Index Recheck": 0,
                                                                                                                "Filter": "(ci.note = ANY ('{(writer),(voice),(producer),\"(as Marvita) (credit only)\"}'::text[]))",
                                                                                                                "Rows Removed by Filter": 31,
                                                                                                                "Exact Heap Blocks": 5737623,
                                                                                                                "Lossy Heap Blocks": 0,
                                                                                                                "Plans": [
                                                                                                                    {
                                                                                                                        "Node Type": "Bitmap Index Scan",
                                                                                                                        "Parent Relationship": "Outer",
                                                                                                                        "Parallel Aware": false,
                                                                                                                        "Index Name": "movie_id_cast_info",
                                                                                                                        "Startup Cost": 0.0,
                                                                                                                        "Total Cost": 1.33,
                                                                                                                        "Plan Rows": 38,
                                                                                                                        "Plan Width": 0,
                                                                                                                        "Actual Startup Time": 0.007,
                                                                                                                        "Actual Total Time": 0.007,
                                                                                                                        "Actual Rows": 33,
                                                                                                                        "Actual Loops": 181054,
                                                                                                                        "Index Cond": "(ci.movie_id = t.id)"
                                                                                                                    }
                                                                                                                ]
                                                                                                            }
                                                                                                        ]
                                                                                                    }
                                                                                                ]
                                                                                            }
                                                                                        ]
                                                                                    }
                                                                                ]
                                                                            }
                                                                        ]
                                                                    }
                                                                ]
                                                            }
                                                        ]
                                                    },
                                                    {
                                                        "Node Type": "Hash",
                                                        "Parent Relationship": "Inner",
                                                        "Parallel Aware": false,
                                                        "Startup Cost": 12454.44,
                                                        "Total Cost": 12454.44,
                                                        "Plan Rows": 84301,
                                                        "Plan Width": 4,
                                                        "Actual Startup Time": 124.115,
                                                        "Actual Total Time": 124.115,
                                                        "Actual Rows": 84843,
                                                        "Actual Loops": 1,
                                                        "Output": [
                                                            "cn.id"
                                                        ],
                                                        "Hash Buckets": 131072,
                                                        "Original Hash Buckets": 131072,
                                                        "Hash Batches": 1,
                                                        "Original Hash Batches": 1,
                                                        "Peak Memory Usage": 4007,
                                                        "Plans": [
                                                            {
                                                                "Node Type": "Index Scan",
                                                                "Parent Relationship": "Outer",
                                                                "Parallel Aware": false,
                                                                "Scan Direction": "Forward",
                                                                "Index Name": "company_name_pkey",
                                                                "Relation Name": "company_name",
                                                                "Schema": "public",
                                                                "Alias": "cn",
                                                                "Startup Cost": 0.42,
                                                                "Total Cost": 12454.44,
                                                                "Plan Rows": 84301,
                                                                "Plan Width": 4,
                                                                "Actual Startup Time": 0.056,
                                                                "Actual Total Time": 111.603,
                                                                "Actual Rows": 84843,
                                                                "Actual Loops": 1,
                                                                "Output": [
                                                                    "cn.id"
                                                                ],
                                                                "Filter": "((cn.country_code)::text = '[us]'::text)",
                                                                "Rows Removed by Filter": 150154
                                                            }
                                                        ]
                                                    }
                                                ]
                                            }
                                        ]
                                    }
                                ]
                            },
                            {
                                "Node Type": "Bitmap Heap Scan",
                                "Parent Relationship": "Inner",
                                "Parallel Aware": false,
                                "Relation Name": "movie_info",
                                "Schema": "public",
                                "Alias": "mi",
                                "Startup Cost": 0.81,
                                "Total Cost": 5.49,
                                "Plan Rows": 1,
                                "Plan Width": 8,
                                "Actual Startup Time": 0.011,
                                "Actual Total Time": 0.016,
                                "Actual Rows": 1,
                                "Actual Loops": 7,
                                "Output": [
                                    "mi.id",
                                    "mi.movie_id",
                                    "mi.info_type_id",
                                    "mi.info",
                                    "mi.note"
                                ],
                                "Recheck Cond": "(mi.movie_id = ci.movie_id)",
                                "Rows Removed by Index Recheck": 0,
                                "Filter": "((mi.info IS NOT NULL) AND ((mi.info ~~ 'Japan:%200%'::text) OR (mi.info ~~ 'USA:%200%'::text)))",
                                "Rows Removed by Filter": 6,
                                "Exact Heap Blocks": 37,
                                "Lossy Heap Blocks": 0,
                                "Plans": [
                                    {
                                        "Node Type": "Bitmap Index Scan",
                                        "Parent Relationship": "Outer",
                                        "Parallel Aware": false,
                                        "Index Name": "movie_id_movie_info",
                                        "Startup Cost": 0.0,
                                        "Total Cost": 0.81,
                                        "Plan Rows": 39,
                                        "Plan Width": 0,
                                        "Actual Startup Time": 0.008,
                                        "Actual Total Time": 0.008,
                                        "Actual Rows": 7,
                                        "Actual Loops": 7,
                                        "Index Cond": "(mi.movie_id = ci.movie_id)"
                                    }
                                ]
                            }
                        ]
                    },
                    {
                        "Node Type": "Bitmap Heap Scan",
                        "Parent Relationship": "Inner",
                        "Parallel Aware": false,
                        "Relation Name": "info_type",
                        "Schema": "public",
                        "Alias": "it",
                        "Startup Cost": 0.15,
                        "Total Cost": 4.17,
                        "Plan Rows": 1,
                        "Plan Width": 4,
                        "Actual Startup Time": 0.004,
                        "Actual Total Time": 0.004,
                        "Actual Rows": 1,
                        "Actual Loops": 7,
                        "Output": [
                            "it.id",
                            "it.info"
                        ],
                        "Recheck Cond": "(it.id = mi.info_type_id)",
                        "Rows Removed by Index Recheck": 0,
                        "Filter": "((it.info)::text = 'release dates'::text)",
                        "Rows Removed by Filter": 0,
                        "Exact Heap Blocks": 7,
                        "Lossy Heap Blocks": 0,
                        "Plans": [
                            {
                                "Node Type": "Bitmap Index Scan",
                                "Parent Relationship": "Outer",
                                "Parallel Aware": false,
                                "Index Name": "info_type_pkey",
                                "Startup Cost": 0.0,
                                "Total Cost": 0.15,
                                "Plan Rows": 1,
                                "Plan Width": 0,
                                "Actual Startup Time": 0.002,
                                "Actual Total Time": 0.002,
                                "Actual Rows": 1,
                                "Actual Loops": 7,
                                "Index Cond": "(it.id = mi.info_type_id)"
                            }
                        ]
                    }
                ]
            }
        ]
    },
    "Planning Time": 23.199,
    "Triggers": [],
    "Execution Time": 11994.44
}