{
  "Plan": {
    "Node Type": "Aggregate",
    "Strategy": "Plain",
    "Partial Mode": "Finalize",
    "Parallel Aware": false,
    "Startup Cost": 129902.56,
    "Total Cost": 129902.57,
    "Plan Rows": 1,
    "Plan Width": 8,
    "Actual Startup Time": 734.907,
    "Actual Total Time": 755.158,
    "Actual Rows": 1,
    "Actual Loops": 1,
    "Plans": [
      {
        "Node Type": "Gather",
        "Parent Relationship": "Outer",
        "Parallel Aware": false,
        "Startup Cost": 129902.45,
        "Total Cost": 129902.56,
        "Plan Rows": 1,
        "Plan Width": 8,
        "Actual Startup Time": 732.981,
        "Actual Total Time": 755.151,
        "Actual Rows": 2,
        "Actual Loops": 1,
        "Workers Planned": 1,
        "Workers Launched": 1,
        "Single Copy": false,
        "Plans": [
          {
            "Node Type": "Aggregate",
            "Strategy": "Plain",
            "Partial Mode": "Partial",
            "Parent Relationship": "Outer",
            "Parallel Aware": false,
            "Startup Cost": 128902.45,
            "Total Cost": 128902.46,
            "Plan Rows": 1,
            "Plan Width": 8,
            "Actual Startup Time": 725.036,
            "Actual Total Time": 725.04,
            "Actual Rows": 1,
            "Actual Loops": 2,
            "Plans": [
              {
                "Node Type": "Hash Join",
                "Parent Relationship": "Outer",
                "Parallel Aware": true,
                "Join Type": "Inner",
                "Startup Cost": 64405.08,
                "Total Cost": 126633.99,
                "Plan Rows": 907385,
                "Plan Width": 0,
                "Actual Startup Time": 342.463,
                "Actual Total Time": 702.7,
                "Actual Rows": 586896,
                "Actual Loops": 2,
                "Inner Unique": true,
                "Hash Cond": "(mk.movie_id = t.id)",
                "Plans": [
                  {
                    "Node Type": "Seq Scan",
                    "Parent Relationship": "Outer",
                    "Parallel Aware": true,
                    "Relation Name": "movie_keyword",
                    "Alias": "mk",
                    "Startup Cost": 0.0,
                    "Total Cost": 57718.19,
                    "Plan Rows": 1718365,
                    "Plan Width": 4,
                    "Actual Startup Time": 0.02,
                    "Actual Total Time": 191.374,
                    "Actual Rows": 1458182,
                    "Actual Loops": 2,
                    "Filter": "(keyword_id < 9474)",
                    "Rows Removed by Filter": 803783
                  },
                  {
                    "Node Type": "Hash",
                    "Parent Relationship": "Inner",
                    "Parallel Aware": true,
                    "Startup Cost": 54588.39,
                    "Total Cost": 54588.39,
                    "Plan Rows": 785335,
                    "Plan Width": 4,
                    "Actual Startup Time": 327.687,
                    "Actual Total Time": 327.688,
                    "Actual Rows": 661432,
                    "Actual Loops": 2,
                    "Hash Buckets": 2097152,
                    "Original Hash Buckets": 2097152,
                    "Hash Batches": 1,
                    "Original Hash Batches": 1,
                    "Peak Memory Usage": 68192,
                    "Plans": [
                      {
                        "Node Type": "Seq Scan",
                        "Parent Relationship": "Outer",
                        "Parallel Aware": true,
                        "Relation Name": "title",
                        "Alias": "t",
                        "Startup Cost": 0.0,
                        "Total Cost": 54588.39,
                        "Plan Rows": 785335,
                        "Plan Width": 4,
                        "Actual Startup Time": 0.042,
                        "Actual Total Time": 167.33,
                        "Actual Rows": 661432,
                        "Actual Loops": 2,
                        "Filter": "(production_year > 2001)",
                        "Rows Removed by Filter": 602724
                      }
                    ]
                  }
                ]
              }
            ]
          }
        ]
      }
    ]
  },
  "Planning Time": 0.653,
  "Triggers": [],
  "Execution Time": 755.224
}