[
  {
    "Plan": {
      "Node Type": "Aggregate",
      "Strategy": "Plain",
      "Partial Mode": "Finalize",
      "Parallel Aware": false,
      "Startup Cost": 46885.7,
      "Total Cost": 46885.71,
      "Plan Rows": 1,
      "Plan Width": 8,
      "Actual Startup Time": 109.642,
      "Actual Total Time": 121.841,
      "Actual Rows": 1,
      "Actual Loops": 1,
      "Plans": [
        {
          "Node Type": "Gather",
          "Parent Relationship": "Outer",
          "Parallel Aware": false,
          "Startup Cost": 46885.28,
          "Total Cost": 46885.69,
          "Plan Rows": 4,
          "Plan Width": 8,
          "Actual Startup Time": 109.382,
          "Actual Total Time": 121.832,
          "Actual Rows": 5,
          "Actual Loops": 1,
          "Workers Planned": 4,
          "Workers Launched": 4,
          "Single Copy": false,
          "Plans": [
            {
              "Node Type": "Aggregate",
              "Strategy": "Plain",
              "Partial Mode": "Partial",
              "Parent Relationship": "Outer",
              "Parallel Aware": false,
              "Startup Cost": 45885.28,
              "Total Cost": 45885.29,
              "Plan Rows": 1,
              "Plan Width": 8,
              "Actual Startup Time": 100.136,
              "Actual Total Time": 100.138,
              "Actual Rows": 1,
              "Actual Loops": 5,
              "Plans": [
                {
                  "Node Type": "Seq Scan",
                  "Parent Relationship": "Outer",
                  "Parallel Aware": true,
                  "Relation Name": "title",
                  "Alias": "t",
                  "Startup Cost": 0.0,
                  "Total Cost": 45479.1,
                  "Plan Rows": 162472,
                  "Plan Width": 0,
                  "Actual Startup Time": 0.043,
                  "Actual Total Time": 93.069,
                  "Actual Rows": 111359,
                  "Actual Loops": 5,
                  "Filter": "((production_year < 2001) AND (kind_id = 7))",
                  "Rows Removed by Filter": 394303
                }
              ]
            }
          ]
        }
      ]
    },
    "Planning Time": 0.154,
    "Triggers": [],
    "Execution Time": 121.901
  }
]