[
  {
    "Plan": {
      "Node Type": "Aggregate",
      "Strategy": "Plain",
      "Partial Mode": "Finalize",
      "Parallel Aware": false,
      "Startup Cost": 46555.91,
      "Total Cost": 46555.92,
      "Plan Rows": 1,
      "Plan Width": 8,
      "Actual Startup Time": 179.346,
      "Actual Total Time": 189.629,
      "Actual Rows": 1,
      "Actual Loops": 1,
      "Plans": [
        {
          "Node Type": "Gather",
          "Parent Relationship": "Outer",
          "Parallel Aware": false,
          "Startup Cost": 46555.59,
          "Total Cost": 46555.9,
          "Plan Rows": 3,
          "Plan Width": 8,
          "Actual Startup Time": 179.19,
          "Actual Total Time": 189.621,
          "Actual Rows": 4,
          "Actual Loops": 1,
          "Workers Planned": 3,
          "Workers Launched": 3,
          "Single Copy": false,
          "Plans": [
            {
              "Node Type": "Aggregate",
              "Strategy": "Plain",
              "Partial Mode": "Partial",
              "Parent Relationship": "Outer",
              "Parallel Aware": false,
              "Startup Cost": 45555.59,
              "Total Cost": 45555.6,
              "Plan Rows": 1,
              "Plan Width": 8,
              "Actual Startup Time": 174.933,
              "Actual Total Time": 174.934,
              "Actual Rows": 1,
              "Actual Loops": 4,
              "Plans": [
                {
                  "Node Type": "Seq Scan",
                  "Parent Relationship": "Outer",
                  "Parallel Aware": true,
                  "Relation Name": "movie_keyword",
                  "Alias": "mk",
                  "Startup Cost": 0.0,
                  "Total Cost": 42695.65,
                  "Plan Rows": 1143976,
                  "Plan Width": 0,
                  "Actual Startup Time": 0.035,
                  "Actual Total Time": 130.372,
                  "Actual Rows": 887571,
                  "Actual Loops": 4,
                  "Filter": "(keyword_id < 19307)",
                  "Rows Removed by Filter": 243412
                }
              ]
            }
          ]
        }
      ]
    },
    "Planning Time": 0.189,
    "Triggers": [],
    "Execution Time": 189.682
  }
]