[
  {
    "Plan": {
      "Node Type": "Aggregate",
      "Strategy": "Plain",
      "Partial Mode": "Finalize",
      "Parallel Aware": false,
      "Startup Cost": 46552.95,
      "Total Cost": 46552.96,
      "Plan Rows": 1,
      "Plan Width": 8,
      "Actual Startup Time": 189.207,
      "Actual Total Time": 200.095,
      "Actual Rows": 1,
      "Actual Loops": 1,
      "Plans": [
        {
          "Node Type": "Gather",
          "Parent Relationship": "Outer",
          "Parallel Aware": false,
          "Startup Cost": 46552.63,
          "Total Cost": 46552.94,
          "Plan Rows": 3,
          "Plan Width": 8,
          "Actual Startup Time": 189.061,
          "Actual Total Time": 200.084,
          "Actual Rows": 4,
          "Actual Loops": 1,
          "Workers Planned": 3,
          "Workers Launched": 3,
          "Single Copy": false,
          "Plans": [
            {
              "Node Type": "Aggregate",
              "Strategy": "Plain",
              "Partial Mode": "Partial",
              "Parent Relationship": "Outer",
              "Parallel Aware": false,
              "Startup Cost": 45552.63,
              "Total Cost": 45552.64,
              "Plan Rows": 1,
              "Plan Width": 8,
              "Actual Startup Time": 180.579,
              "Actual Total Time": 180.581,
              "Actual Rows": 1,
              "Actual Loops": 4,
              "Plans": [
                {
                  "Node Type": "Seq Scan",
                  "Parent Relationship": "Outer",
                  "Parallel Aware": true,
                  "Relation Name": "movie_keyword",
                  "Alias": "mk",
                  "Startup Cost": 0.0,
                  "Total Cost": 42695.65,
                  "Plan Rows": 1142792,
                  "Plan Width": 0,
                  "Actual Startup Time": 0.065,
                  "Actual Total Time": 135.877,
                  "Actual Rows": 887571,
                  "Actual Loops": 4,
                  "Filter": "(keyword_id < 19307)",
                  "Rows Removed by Filter": 243412
                }
              ]
            }
          ]
        }
      ]
    },
    "Planning Time": 0.188,
    "Triggers": [],
    "Execution Time": 200.158
  }
]