[
  {
    "Plan": {
      "Node Type": "Aggregate",
      "Strategy": "Plain",
      "Partial Mode": "Finalize",
      "Parallel Aware": false,
      "Startup Cost": 46483.03,
      "Total Cost": 46483.04,
      "Plan Rows": 1,
      "Plan Width": 8,
      "Actual Startup Time": 131.577,
      "Actual Total Time": 151.822,
      "Actual Rows": 1,
      "Actual Loops": 1,
      "Plans": [
        {
          "Node Type": "Gather",
          "Parent Relationship": "Outer",
          "Parallel Aware": false,
          "Startup Cost": 46482.61,
          "Total Cost": 46483.02,
          "Plan Rows": 4,
          "Plan Width": 8,
          "Actual Startup Time": 131.377,
          "Actual Total Time": 151.797,
          "Actual Rows": 5,
          "Actual Loops": 1,
          "Workers Planned": 4,
          "Workers Launched": 4,
          "Single Copy": false,
          "Plans": [
            {
              "Node Type": "Aggregate",
              "Strategy": "Plain",
              "Partial Mode": "Partial",
              "Parent Relationship": "Outer",
              "Parallel Aware": false,
              "Startup Cost": 45482.61,
              "Total Cost": 45482.62,
              "Plan Rows": 1,
              "Plan Width": 8,
              "Actual Startup Time": 126.133,
              "Actual Total Time": 126.137,
              "Actual Rows": 1,
              "Actual Loops": 5,
              "Plans": [
                {
                  "Node Type": "Seq Scan",
                  "Parent Relationship": "Outer",
                  "Parallel Aware": true,
                  "Relation Name": "title",
                  "Alias": "t",
                  "Startup Cost": 0.0,
                  "Total Cost": 45479.59,
                  "Plan Rows": 1208,
                  "Plan Width": 0,
                  "Actual Startup Time": 0.191,
                  "Actual Total Time": 125.964,
                  "Actual Rows": 1169,
                  "Actual Loops": 5,
                  "Filter": "((kind_id = 7) AND (production_year = 1957))",
                  "Rows Removed by Filter": 504493
                }
              ]
            }
          ]
        }
      ]
    },
    "Planning Time": 0.192,
    "Triggers": [],
    "Execution Time": 151.885
  }
]