[
  {
    "Plan": {
      "Node Type": "Aggregate",
      "Strategy": "Plain",
      "Partial Mode": "Finalize",
      "Parallel Aware": false,
      "Startup Cost": 46482.43,
      "Total Cost": 46482.44,
      "Plan Rows": 1,
      "Plan Width": 8,
      "Actual Startup Time": 88.632,
      "Actual Total Time": 100.841,
      "Actual Rows": 1,
      "Actual Loops": 1,
      "Plans": [
        {
          "Node Type": "Gather",
          "Parent Relationship": "Outer",
          "Parallel Aware": false,
          "Startup Cost": 46482.01,
          "Total Cost": 46482.42,
          "Plan Rows": 4,
          "Plan Width": 8,
          "Actual Startup Time": 88.494,
          "Actual Total Time": 100.833,
          "Actual Rows": 5,
          "Actual Loops": 1,
          "Workers Planned": 4,
          "Workers Launched": 4,
          "Single Copy": false,
          "Plans": [
            {
              "Node Type": "Aggregate",
              "Strategy": "Plain",
              "Partial Mode": "Partial",
              "Parent Relationship": "Outer",
              "Parallel Aware": false,
              "Startup Cost": 45482.01,
              "Total Cost": 45482.02,
              "Plan Rows": 1,
              "Plan Width": 8,
              "Actual Startup Time": 81.691,
              "Actual Total Time": 81.692,
              "Actual Rows": 1,
              "Actual Loops": 5,
              "Plans": [
                {
                  "Node Type": "Seq Scan",
                  "Parent Relationship": "Outer",
                  "Parallel Aware": true,
                  "Relation Name": "title",
                  "Alias": "t",
                  "Startup Cost": 0.0,
                  "Total Cost": 45479.1,
                  "Plan Rows": 1166,
                  "Plan Width": 0,
                  "Actual Startup Time": 0.176,
                  "Actual Total Time": 81.53,
                  "Actual Rows": 1169,
                  "Actual Loops": 5,
                  "Filter": "((kind_id = 7) AND (production_year = 1957))",
                  "Rows Removed by Filter": 504493
                }
              ]
            }
          ]
        }
      ]
    },
    "Planning Time": 0.193,
    "Triggers": [],
    "Execution Time": 100.903
  }
]