[
  {
    "Plan": {
      "Node Type": "Aggregate",
      "Strategy": "Plain",
      "Partial Mode": "Finalize",
      "Parallel Aware": false,
      "Startup Cost": 35613.36,
      "Total Cost": 35613.37,
      "Plan Rows": 1,
      "Plan Width": 8,
      "Actual Startup Time": 24.386,
      "Actual Total Time": 28.46,
      "Actual Rows": 1,
      "Actual Loops": 1,
      "Plans": [
        {
          "Node Type": "Gather",
          "Parent Relationship": "Outer",
          "Parallel Aware": false,
          "Startup Cost": 35613.14,
          "Total Cost": 35613.35,
          "Plan Rows": 2,
          "Plan Width": 8,
          "Actual Startup Time": 24.089,
          "Actual Total Time": 28.453,
          "Actual Rows": 3,
          "Actual Loops": 1,
          "Workers Planned": 2,
          "Workers Launched": 2,
          "Single Copy": false,
          "Plans": [
            {
              "Node Type": "Aggregate",
              "Strategy": "Plain",
              "Partial Mode": "Partial",
              "Parent Relationship": "Outer",
              "Parallel Aware": false,
              "Startup Cost": 34613.14,
              "Total Cost": 34613.15,
              "Plan Rows": 1,
              "Plan Width": 8,
              "Actual Startup Time": 18.71,
              "Actual Total Time": 18.712,
              "Actual Rows": 1,
              "Actual Loops": 3,
              "Plans": [
                {
                  "Node Type": "Nested Loop",
                  "Parent Relationship": "Outer",
                  "Parallel Aware": false,
                  "Join Type": "Inner",
                  "Startup Cost": 103.41,
                  "Total Cost": 34612.11,
                  "Plan Rows": 414,
                  "Plan Width": 0,
                  "Actual Startup Time": 0.996,
                  "Actual Total Time": 18.579,
                  "Actual Rows": 690,
                  "Actual Loops": 3,
                  "Inner Unique": true,
                  "Join Filter": "(mi.movie_id = t.id)",
                  "Rows Removed by Join Filter": 0,
                  "Plans": [
                    {
                      "Node Type": "Nested Loop",
                      "Parent Relationship": "Outer",
                      "Parallel Aware": false,
                      "Join Type": "Inner",
                      "Startup Cost": 102.98,
                      "Total Cost": 32788.87,
                      "Plan Rows": 2147,
                      "Plan Width": 8,
                      "Actual Startup Time": 0.867,
                      "Actual Total Time": 11.833,
                      "Actual Rows": 690,
                      "Actual Loops": 3,
                      "Inner Unique": false,
                      "Plans": [
                        {
                          "Node Type": "Bitmap Heap Scan",
                          "Parent Relationship": "Outer",
                          "Parallel Aware": true,
                          "Relation Name": "movie_info",
                          "Alias": "mi",
                          "Startup Cost": 102.55,
                          "Total Cost": 18598.16,
                          "Plan Rows": 2264,
                          "Plan Width": 4,
                          "Actual Startup Time": 0.747,
                          "Actual Total Time": 3.17,
                          "Actual Rows": 1043,
                          "Actual Loops": 3,
                          "Recheck Cond": "(info_type_id = 89)",
                          "Rows Removed by Index Recheck": 0,
                          "Exact Heap Blocks": 1121,
                          "Lossy Heap Blocks": 0,
                          "Plans": [
                            {
                              "Node Type": "Bitmap Index Scan",
                              "Parent Relationship": "Outer",
                              "Parallel Aware": false,
                              "Index Name": "info_type_id_movie_info",
                              "Startup Cost": 0.0,
                              "Total Cost": 101.19,
                              "Plan Rows": 5434,
                              "Plan Width": 0,
                              "Actual Startup Time": 1.665,
                              "Actual Total Time": 1.666,
                              "Actual Rows": 3130,
                              "Actual Loops": 1,
                              "Index Cond": "(info_type_id = 89)"
                            }
                          ]
                        },
                        {
                          "Node Type": "Index Scan",
                          "Parent Relationship": "Inner",
                          "Parallel Aware": false,
                          "Scan Direction": "Forward",
                          "Index Name": "movie_id_movie_info_idx",
                          "Relation Name": "movie_info_idx",
                          "Alias": "mi_idx",
                          "Startup Cost": 0.43,
                          "Total Cost": 6.26,
                          "Plan Rows": 1,
                          "Plan Width": 4,
                          "Actual Startup Time": 0.007,
                          "Actual Total Time": 0.008,
                          "Actual Rows": 1,
                          "Actual Loops": 3130,
                          "Index Cond": "(movie_id = mi.movie_id)",
                          "Rows Removed by Index Recheck": 0,
                          "Filter": "(info_type_id = 100)",
                          "Rows Removed by Filter": 1
                        }
                      ]
                    },
                    {
                      "Node Type": "Index Only Scan",
                      "Parent Relationship": "Inner",
                      "Parallel Aware": false,
                      "Scan Direction": "Forward",
                      "Index Name": "title_pkey",
                      "Relation Name": "title",
                      "Alias": "t",
                      "Startup Cost": 0.43,
                      "Total Cost": 0.84,
                      "Plan Rows": 1,
                      "Plan Width": 4,
                      "Actual Startup Time": 0.009,
                      "Actual Total Time": 0.009,
                      "Actual Rows": 1,
                      "Actual Loops": 2070,
                      "Index Cond": "(id = mi_idx.movie_id)",
                      "Rows Removed by Index Recheck": 0,
                      "Heap Fetches": 2070
                    }
                  ]
                }
              ]
            }
          ]
        }
      ]
    },
    "Planning Time": 0.852,
    "Triggers": [],
    "Execution Time": 28.52
  }
]