[
  {
    "Plan": {
      "Node Type": "Aggregate",
      "Strategy": "Plain",
      "Partial Mode": "Finalize",
      "Parallel Aware": false,
      "Startup Cost": 21753.78,
      "Total Cost": 21753.79,
      "Plan Rows": 1,
      "Plan Width": 8,
      "Actual Startup Time": 32.485,
      "Actual Total Time": 37.511,
      "Actual Rows": 1,
      "Actual Loops": 1,
      "Plans": [
        {
          "Node Type": "Gather",
          "Parent Relationship": "Outer",
          "Parallel Aware": false,
          "Startup Cost": 21753.66,
          "Total Cost": 21753.77,
          "Plan Rows": 1,
          "Plan Width": 8,
          "Actual Startup Time": 32.357,
          "Actual Total Time": 37.505,
          "Actual Rows": 2,
          "Actual Loops": 1,
          "Workers Planned": 1,
          "Workers Launched": 1,
          "Single Copy": false,
          "Plans": [
            {
              "Node Type": "Aggregate",
              "Strategy": "Plain",
              "Partial Mode": "Partial",
              "Parent Relationship": "Outer",
              "Parallel Aware": false,
              "Startup Cost": 20753.66,
              "Total Cost": 20753.67,
              "Plan Rows": 1,
              "Plan Width": 8,
              "Actual Startup Time": 27.112,
              "Actual Total Time": 27.114,
              "Actual Rows": 1,
              "Actual Loops": 2,
              "Plans": [
                {
                  "Node Type": "Nested Loop",
                  "Parent Relationship": "Outer",
                  "Parallel Aware": false,
                  "Join Type": "Inner",
                  "Startup Cost": 48.39,
                  "Total Cost": 20753.0,
                  "Plan Rows": 266,
                  "Plan Width": 0,
                  "Actual Startup Time": 1.784,
                  "Actual Total Time": 26.877,
                  "Actual Rows": 1035,
                  "Actual Loops": 2,
                  "Inner Unique": true,
                  "Join Filter": "(mi.movie_id = t.id)",
                  "Rows Removed by Join Filter": 0,
                  "Plans": [
                    {
                      "Node Type": "Nested Loop",
                      "Parent Relationship": "Outer",
                      "Parallel Aware": false,
                      "Join Type": "Inner",
                      "Startup Cost": 47.96,
                      "Total Cost": 19533.33,
                      "Plan Rows": 1439,
                      "Plan Width": 8,
                      "Actual Startup Time": 1.676,
                      "Actual Total Time": 17.55,
                      "Actual Rows": 1035,
                      "Actual Loops": 2,
                      "Inner Unique": false,
                      "Plans": [
                        {
                          "Node Type": "Bitmap Heap Scan",
                          "Parent Relationship": "Outer",
                          "Parallel Aware": true,
                          "Relation Name": "movie_info",
                          "Alias": "mi",
                          "Startup Cost": 47.53,
                          "Total Cost": 8947.96,
                          "Plan Rows": 1449,
                          "Plan Width": 4,
                          "Actual Startup Time": 1.431,
                          "Actual Total Time": 5.332,
                          "Actual Rows": 1565,
                          "Actual Loops": 2,
                          "Recheck Cond": "(info_type_id = 89)",
                          "Rows Removed by Index Recheck": 0,
                          "Exact Heap Blocks": 1308,
                          "Lossy Heap Blocks": 0,
                          "Plans": [
                            {
                              "Node Type": "Bitmap Index Scan",
                              "Parent Relationship": "Outer",
                              "Parallel Aware": false,
                              "Index Name": "info_type_id_movie_info",
                              "Startup Cost": 0.0,
                              "Total Cost": 46.92,
                              "Plan Rows": 2464,
                              "Plan Width": 0,
                              "Actual Startup Time": 2.17,
                              "Actual Total Time": 2.17,
                              "Actual Rows": 3130,
                              "Actual Loops": 1,
                              "Index Cond": "(info_type_id = 89)"
                            }
                          ]
                        },
                        {
                          "Node Type": "Index Scan",
                          "Parent Relationship": "Inner",
                          "Parallel Aware": false,
                          "Scan Direction": "Forward",
                          "Index Name": "movie_id_movie_info_idx",
                          "Relation Name": "movie_info_idx",
                          "Alias": "mi_idx",
                          "Startup Cost": 0.43,
                          "Total Cost": 7.3,
                          "Plan Rows": 1,
                          "Plan Width": 4,
                          "Actual Startup Time": 0.007,
                          "Actual Total Time": 0.007,
                          "Actual Rows": 1,
                          "Actual Loops": 3130,
                          "Index Cond": "(movie_id = mi.movie_id)",
                          "Rows Removed by Index Recheck": 0,
                          "Filter": "(info_type_id = 100)",
                          "Rows Removed by Filter": 1
                        }
                      ]
                    },
                    {
                      "Node Type": "Index Only Scan",
                      "Parent Relationship": "Inner",
                      "Parallel Aware": false,
                      "Scan Direction": "Forward",
                      "Index Name": "title_pkey",
                      "Relation Name": "title",
                      "Alias": "t",
                      "Startup Cost": 0.43,
                      "Total Cost": 0.84,
                      "Plan Rows": 1,
                      "Plan Width": 4,
                      "Actual Startup Time": 0.008,
                      "Actual Total Time": 0.008,
                      "Actual Rows": 1,
                      "Actual Loops": 2070,
                      "Index Cond": "(id = mi_idx.movie_id)",
                      "Rows Removed by Index Recheck": 0,
                      "Heap Fetches": 2070
                    }
                  ]
                }
              ]
            }
          ]
        }
      ]
    },
    "Planning Time": 1.064,
    "Triggers": [],
    "Execution Time": 37.593
  }
]