[
  {
    "Plan": {
      "Node Type": "Aggregate",
      "Strategy": "Plain",
      "Partial Mode": "Finalize",
      "Parallel Aware": false,
      "Startup Cost": 339589.38,
      "Total Cost": 339589.39,
      "Plan Rows": 1,
      "Plan Width": 8,
      "Actual Startup Time": 749.893,
      "Actual Total Time": 810.991,
      "Actual Rows": 1,
      "Actual Loops": 1,
      "Plans": [
        {
          "Node Type": "Gather",
          "Parent Relationship": "Outer",
          "Parallel Aware": false,
          "Startup Cost": 339588.75,
          "Total Cost": 339589.36,
          "Plan Rows": 6,
          "Plan Width": 8,
          "Actual Startup Time": 749.761,
          "Actual Total Time": 810.971,
          "Actual Rows": 7,
          "Actual Loops": 1,
          "Workers Planned": 6,
          "Workers Launched": 6,
          "Single Copy": false,
          "Plans": [
            {
              "Node Type": "Aggregate",
              "Strategy": "Plain",
              "Partial Mode": "Partial",
              "Parent Relationship": "Outer",
              "Parallel Aware": false,
              "Startup Cost": 338588.75,
              "Total Cost": 338588.76,
              "Plan Rows": 1,
              "Plan Width": 8,
              "Actual Startup Time": 742.54,
              "Actual Total Time": 742.541,
              "Actual Rows": 1,
              "Actual Loops": 7,
              "Plans": [
                {
                  "Node Type": "Seq Scan",
                  "Parent Relationship": "Outer",
                  "Parallel Aware": true,
                  "Relation Name": "cast_info",
                  "Alias": "ci",
                  "Startup Cost": 0.0,
                  "Total Cost": 328162.03,
                  "Plan Rows": 4170691,
                  "Plan Width": 0,
                  "Actual Startup Time": 119.328,
                  "Actual Total Time": 597.623,
                  "Actual Rows": 3575551,
                  "Actual Loops": 7,
                  "Filter": "(person_id > 1100702)",
                  "Rows Removed by Filter": 1602212
                }
              ]
            }
          ]
        }
      ]
    },
    "Planning Time": 0.13,
    "Triggers": [],
    "Execution Time": 811.049
  }
]