[
  {
    "Plan": {
      "Node Type": "Aggregate",
      "Strategy": "Plain",
      "Partial Mode": "Finalize",
      "Parallel Aware": false,
      "Startup Cost": 188985.14,
      "Total Cost": 188985.15,
      "Plan Rows": 1,
      "Plan Width": 8,
      "Actual Startup Time": 111.442,
      "Actual Total Time": 131.902,
      "Actual Rows": 1,
      "Actual Loops": 1,
      "Plans": [
        {
          "Node Type": "Gather",
          "Parent Relationship": "Outer",
          "Parallel Aware": false,
          "Startup Cost": 188984.72,
          "Total Cost": 188985.13,
          "Plan Rows": 4,
          "Plan Width": 8,
          "Actual Startup Time": 111.146,
          "Actual Total Time": 131.892,
          "Actual Rows": 5,
          "Actual Loops": 1,
          "Workers Planned": 4,
          "Workers Launched": 4,
          "Single Copy": false,
          "Plans": [
            {
              "Node Type": "Aggregate",
              "Strategy": "Plain",
              "Partial Mode": "Partial",
              "Parent Relationship": "Outer",
              "Parallel Aware": false,
              "Startup Cost": 187984.72,
              "Total Cost": 187984.73,
              "Plan Rows": 1,
              "Plan Width": 8,
              "Actual Startup Time": 103.762,
              "Actual Total Time": 103.763,
              "Actual Rows": 1,
              "Actual Loops": 5,
              "Plans": [
                {
                  "Node Type": "Nested Loop",
                  "Parent Relationship": "Outer",
                  "Parallel Aware": false,
                  "Join Type": "Inner",
                  "Startup Cost": 0.56,
                  "Total Cost": 187968.9,
                  "Plan Rows": 6328,
                  "Plan Width": 0,
                  "Actual Startup Time": 1.556,
                  "Actual Total Time": 103.579,
                  "Actual Rows": 1779,
                  "Actual Loops": 5,
                  "Inner Unique": false,
                  "Plans": [
                    {
                      "Node Type": "Seq Scan",
                      "Parent Relationship": "Outer",
                      "Parallel Aware": true,
                      "Relation Name": "title",
                      "Alias": "t",
                      "Startup Cost": 0.0,
                      "Total Cost": 45479.59,
                      "Plan Rows": 1322,
                      "Plan Width": 4,
                      "Actual Startup Time": 0.413,
                      "Actual Total Time": 71.463,
                      "Actual Rows": 804,
                      "Actual Loops": 5,
                      "Filter": "((kind_id > 4) AND (production_year = 1954))",
                      "Rows Removed by Filter": 504858
                    },
                    {
                      "Node Type": "Index Scan",
                      "Parent Relationship": "Inner",
                      "Parallel Aware": false,
                      "Scan Direction": "Forward",
                      "Index Name": "movie_id_cast_info",
                      "Relation Name": "cast_info",
                      "Alias": "ci",
                      "Startup Cost": 0.56,
                      "Total Cost": 107.66,
                      "Plan Rows": 12,
                      "Plan Width": 4,
                      "Actual Startup Time": 0.033,
                      "Actual Total Time": 0.039,
                      "Actual Rows": 2,
                      "Actual Loops": 4021,
                      "Index Cond": "(movie_id = t.id)",
                      "Rows Removed by Index Recheck": 0,
                      "Filter": "(role_id > 3)",
                      "Rows Removed by Filter": 6
                    }
                  ]
                }
              ]
            }
          ]
        }
      ]
    },
    "Planning Time": 0.443,
    "Triggers": [],
    "Execution Time": 131.947
  }
]