{
  "Plan": {
    "Node Type": "Aggregate",
    "Strategy": "Plain",
    "Partial Mode": "Finalize",
    "Parallel Aware": false,
    "Startup Cost": 333467.34,
    "Total Cost": 333467.35,
    "Plan Rows": 1,
    "Plan Width": 8,
    "Actual Startup Time": 1981.639,
    "Actual Total Time": 2018.069,
    "Actual Rows": 1,
    "Actual Loops": 1,
    "Plans": [
      {
        "Node Type": "Gather",
        "Parent Relationship": "Outer",
        "Parallel Aware": false,
        "Startup Cost": 333467.23,
        "Total Cost": 333467.34,
        "Plan Rows": 1,
        "Plan Width": 8,
        "Actual Startup Time": 1980.752,
        "Actual Total Time": 2018.059,
        "Actual Rows": 2,
        "Actual Loops": 1,
        "Workers Planned": 1,
        "Workers Launched": 1,
        "Single Copy": false,
        "Plans": [
          {
            "Node Type": "Aggregate",
            "Strategy": "Plain",
            "Partial Mode": "Partial",
            "Parent Relationship": "Outer",
            "Parallel Aware": false,
            "Startup Cost": 332467.23,
            "Total Cost": 332467.24,
            "Plan Rows": 1,
            "Plan Width": 8,
            "Actual Startup Time": 1974.779,
            "Actual Total Time": 1974.783,
            "Actual Rows": 1,
            "Actual Loops": 2,
            "Plans": [
              {
                "Node Type": "Hash Join",
                "Parent Relationship": "Outer",
                "Parallel Aware": true,
                "Join Type": "Inner",
                "Startup Cost": 56962.93,
                "Total Cost": 328746.42,
                "Plan Rows": 1488321,
                "Plan Width": 0,
                "Actual Startup Time": 164.684,
                "Actual Total Time": 1889.854,
                "Actual Rows": 2075792,
                "Actual Loops": 2,
                "Inner Unique": true,
                "Hash Cond": "(mi.movie_id = t.id)",
                "Plans": [
                  {
                    "Node Type": "Seq Scan",
                    "Parent Relationship": "Outer",
                    "Parallel Aware": true,
                    "Relation Name": "movie_info",
                    "Alias": "mi",
                    "Startup Cost": 0.0,
                    "Total Cost": 248955.74,
                    "Plan Rows": 8696274,
                    "Plan Width": 4,
                    "Actual Startup Time": 0.011,
                    "Actual Total Time": 616.29,
                    "Actual Rows": 7417860,
                    "Actual Loops": 2
                  },
                  {
                    "Node Type": "Hash",
                    "Parent Relationship": "Inner",
                    "Parallel Aware": true,
                    "Startup Cost": 53781.28,
                    "Total Cost": 53781.28,
                    "Plan Rows": 254532,
                    "Plan Width": 4,
                    "Actual Startup Time": 134.507,
                    "Actual Total Time": 134.508,
                    "Actual Rows": 157342,
                    "Actual Loops": 2,
                    "Hash Buckets": 524288,
                    "Original Hash Buckets": 524288,
                    "Hash Batches": 1,
                    "Original Hash Batches": 1,
                    "Peak Memory Usage": 16448,
                    "Plans": [
                      {
                        "Node Type": "Bitmap Heap Scan",
                        "Parent Relationship": "Outer",
                        "Parallel Aware": true,
                        "Relation Name": "title",
                        "Alias": "t",
                        "Startup Cost": 11931.03,
                        "Total Cost": 53781.28,
                        "Plan Rows": 254532,
                        "Plan Width": 4,
                        "Actual Startup Time": 35.464,
                        "Actual Total Time": 97.926,
                        "Actual Rows": 157342,
                        "Actual Loops": 2,
                        "Recheck Cond": "(kind_id = 1)",
                        "Rows Removed by Index Recheck": 0,
                        "Filter": "(production_year > 1994)",
                        "Rows Removed by Filter": 174070,
                        "Exact Heap Blocks": 8150,
                        "Lossy Heap Blocks": 0,
                        "Plans": [
                          {
                            "Node Type": "Bitmap Index Scan",
                            "Parent Relationship": "Outer",
                            "Parallel Aware": false,
                            "Index Name": "kind_id_title",
                            "Startup Cost": 0.0,
                            "Total Cost": 11822.85,
                            "Plan Rows": 663256,
                            "Plan Width": 0,
                            "Actual Startup Time": 33.957,
                            "Actual Total Time": 33.957,
                            "Actual Rows": 662825,
                            "Actual Loops": 1,
                            "Index Cond": "(kind_id = 1)"
                          }
                        ]
                      }
                    ]
                  }
                ]
              }
            ]
          }
        ]
      }
    ]
  },
  "Planning Time": 0.601,
  "Triggers": [],
  "Execution Time": 2018.194
}