[
  {
    "Plan": {
      "Node Type": "Aggregate",
      "Strategy": "Plain",
      "Partial Mode": "Finalize",
      "Parallel Aware": false,
      "Startup Cost": 441645.91,
      "Total Cost": 441645.92,
      "Plan Rows": 1,
      "Plan Width": 8,
      "Actual Startup Time": 2819.779,
      "Actual Total Time": 2889.832,
      "Actual Rows": 1,
      "Actual Loops": 1,
      "Plans": [
        {
          "Node Type": "Gather",
          "Parent Relationship": "Outer",
          "Parallel Aware": false,
          "Startup Cost": 441645.59,
          "Total Cost": 441645.9,
          "Plan Rows": 3,
          "Plan Width": 8,
          "Actual Startup Time": 2806.582,
          "Actual Total Time": 2889.821,
          "Actual Rows": 4,
          "Actual Loops": 1,
          "Workers Planned": 3,
          "Workers Launched": 3,
          "Single Copy": false,
          "Plans": [
            {
              "Node Type": "Aggregate",
              "Strategy": "Plain",
              "Partial Mode": "Partial",
              "Parent Relationship": "Outer",
              "Parallel Aware": false,
              "Startup Cost": 440645.59,
              "Total Cost": 440645.6,
              "Plan Rows": 1,
              "Plan Width": 8,
              "Actual Startup Time": 2798.591,
              "Actual Total Time": 2798.924,
              "Actual Rows": 1,
              "Actual Loops": 4,
              "Plans": [
                {
                  "Node Type": "Hash Join",
                  "Parent Relationship": "Outer",
                  "Parallel Aware": true,
                  "Join Type": "Inner",
                  "Startup Cost": 394029.5,
                  "Total Cost": 439387.82,
                  "Plan Rows": 503106,
                  "Plan Width": 0,
                  "Actual Startup Time": 1771.375,
                  "Actual Total Time": 2516.472,
                  "Actual Rows": 7274860,
                  "Actual Loops": 4,
                  "Inner Unique": false,
                  "Hash Cond": "(mk.movie_id = t.id)",
                  "Plans": [
                    {
                      "Node Type": "Seq Scan",
                      "Parent Relationship": "Outer",
                      "Parallel Aware": true,
                      "Relation Name": "movie_keyword",
                      "Alias": "mk",
                      "Startup Cost": 0.0,
                      "Total Cost": 39047.32,
                      "Plan Rows": 1459332,
                      "Plan Width": 4,
                      "Actual Startup Time": 0.027,
                      "Actual Total Time": 87.044,
                      "Actual Rows": 1130982,
                      "Actual Loops": 4
                    },
                    {
                      "Node Type": "Hash",
                      "Parent Relationship": "Inner",
                      "Parallel Aware": true,
                      "Startup Cost": 392213.6,
                      "Total Cost": 392213.6,
                      "Plan Rows": 145272,
                      "Plan Width": 8,
                      "Actual Startup Time": 1766.407,
                      "Actual Total Time": 1766.738,
                      "Actual Rows": 497080,
                      "Actual Loops": 4,
                      "Hash Buckets": 2097152,
                      "Original Hash Buckets": 1048576,
                      "Hash Batches": 1,
                      "Original Hash Batches": 1,
                      "Peak Memory Usage": 102400,
                      "Plans": [
                        {
                          "Node Type": "Hash Join",
                          "Parent Relationship": "Outer",
                          "Parallel Aware": true,
                          "Join Type": "Inner",
                          "Startup Cost": 47116.42,
                          "Total Cost": 392213.6,
                          "Plan Rows": 145272,
                          "Plan Width": 8,
                          "Actual Startup Time": 630.654,
                          "Actual Total Time": 1573.525,
                          "Actual Rows": 497080,
                          "Actual Loops": 4,
                          "Inner Unique": true,
                          "Hash Cond": "(ci.movie_id = t.id)",
                          "Plans": [
                            {
                              "Node Type": "Seq Scan",
                              "Parent Relationship": "Outer",
                              "Parallel Aware": true,
                              "Relation Name": "cast_info",
                              "Alias": "ci",
                              "Startup Cost": 0.0,
                              "Total Cost": 343257.03,
                              "Plan Rows": 701007,
                              "Plan Width": 4,
                              "Actual Startup Time": 464.372,
                              "Actual Total Time": 891.007,
                              "Actual Rows": 2302817,
                              "Actual Loops": 4,
                              "Filter": "((person_id > 2779076) AND (role_id > 2))",
                              "Rows Removed by Filter": 6758269
                            },
                            {
                              "Node Type": "Hash",
                              "Parent Relationship": "Inner",
                              "Parallel Aware": true,
                              "Startup Cost": 45479.1,
                              "Total Cost": 45479.1,
                              "Plan Rows": 130986,
                              "Plan Width": 4,
                              "Actual Startup Time": 164.88,
                              "Actual Total Time": 164.881,
                              "Actual Rows": 152383,
                              "Actual Loops": 4,
                              "Hash Buckets": 1048576,
                              "Original Hash Buckets": 524288,
                              "Hash Batches": 1,
                              "Original Hash Batches": 1,
                              "Peak Memory Usage": 36192,
                              "Plans": [
                                {
                                  "Node Type": "Seq Scan",
                                  "Parent Relationship": "Outer",
                                  "Parallel Aware": true,
                                  "Relation Name": "title",
                                  "Alias": "t",
                                  "Startup Cost": 0.0,
                                  "Total Cost": 45479.1,
                                  "Plan Rows": 130986,
                                  "Plan Width": 4,
                                  "Actual Startup Time": 0.055,
                                  "Actual Total Time": 102.853,
                                  "Actual Rows": 152383,
                                  "Actual Loops": 4,
                                  "Filter": "((kind_id < 7) AND (production_year < 2005))",
                                  "Rows Removed by Filter": 479695
                                }
                              ]
                            }
                          ]
                        }
                      ]
                    }
                  ]
                }
              ]
            }
          ]
        }
      ]
    },
    "Planning Time": 1.328,
    "Triggers": [],
    "Execution Time": 2889.984
  }
]