[
    {
        "Bao": {
            "Bao prediction": "NaN",
            "Bao recommended hint": "(no hint)"
        }
    },
    {
        "Plan": {
            "Node Type": "Aggregate",
            "Strategy": "Plain",
            "Partial Mode": "Finalize",
            "Parallel Aware": false,
            "Startup Cost": 606397.06,
            "Total Cost": 606397.07,
            "Plan Rows": 1,
            "Plan Width": 8,
            "Actual Startup Time": 4848.461,
            "Actual Total Time": 4888.482,
            "Actual Rows": 1,
            "Actual Loops": 1,
            "Output": [
                "count(*)"
            ],
            "Plans": [
                {
                    "Node Type": "Gather",
                    "Parent Relationship": "Outer",
                    "Parallel Aware": false,
                    "Startup Cost": 606396.44,
                    "Total Cost": 606397.05,
                    "Plan Rows": 6,
                    "Plan Width": 8,
                    "Actual Startup Time": 4820.433,
                    "Actual Total Time": 4888.472,
                    "Actual Rows": 7,
                    "Actual Loops": 1,
                    "Output": [
                        "(PARTIAL count(*))"
                    ],
                    "Workers Planned": 6,
                    "Workers Launched": 6,
                    "Single Copy": false,
                    "Plans": [
                        {
                            "Node Type": "Aggregate",
                            "Strategy": "Plain",
                            "Partial Mode": "Partial",
                            "Parent Relationship": "Outer",
                            "Parallel Aware": false,
                            "Startup Cost": 605396.44,
                            "Total Cost": 605396.45,
                            "Plan Rows": 1,
                            "Plan Width": 8,
                            "Actual Startup Time": 4810.769,
                            "Actual Total Time": 4811.276,
                            "Actual Rows": 1,
                            "Actual Loops": 7,
                            "Output": [
                                "PARTIAL count(*)"
                            ],
                            "Workers": [
                                {
                                    "Worker Number": 0,
                                    "Actual Startup Time": 4807.711,
                                    "Actual Total Time": 4807.715,
                                    "Actual Rows": 1,
                                    "Actual Loops": 1
                                },
                                {
                                    "Worker Number": 1,
                                    "Actual Startup Time": 4808.229,
                                    "Actual Total Time": 4808.234,
                                    "Actual Rows": 1,
                                    "Actual Loops": 1
                                },
                                {
                                    "Worker Number": 2,
                                    "Actual Startup Time": 4808.188,
                                    "Actual Total Time": 4808.193,
                                    "Actual Rows": 1,
                                    "Actual Loops": 1
                                },
                                {
                                    "Worker Number": 3,
                                    "Actual Startup Time": 4813.106,
                                    "Actual Total Time": 4813.111,
                                    "Actual Rows": 1,
                                    "Actual Loops": 1
                                },
                                {
                                    "Worker Number": 4,
                                    "Actual Startup Time": 4808.83,
                                    "Actual Total Time": 4808.835,
                                    "Actual Rows": 1,
                                    "Actual Loops": 1
                                },
                                {
                                    "Worker Number": 5,
                                    "Actual Startup Time": 4809.324,
                                    "Actual Total Time": 4809.328,
                                    "Actual Rows": 1,
                                    "Actual Loops": 1
                                }
                            ],
                            "Plans": [
                                {
                                    "Node Type": "Hash Join",
                                    "Parent Relationship": "Outer",
                                    "Parallel Aware": true,
                                    "Join Type": "Inner",
                                    "Startup Cost": 250210.36,
                                    "Total Cost": 594607.66,
                                    "Plan Rows": 4315513,
                                    "Plan Width": 0,
                                    "Actual Startup Time": 847.735,
                                    "Actual Total Time": 4272.551,
                                    "Actual Rows": 12770417,
                                    "Actual Loops": 7,
                                    "Inner Unique": false,
                                    "Hash Cond": "(ci.movie_id = t.id)",
                                    "Workers": [
                                        {
                                            "Worker Number": 0,
                                            "Actual Startup Time": 845.395,
                                            "Actual Total Time": 4254.653,
                                            "Actual Rows": 11877699,
                                            "Actual Loops": 1
                                        },
                                        {
                                            "Worker Number": 1,
                                            "Actual Startup Time": 845.834,
                                            "Actual Total Time": 4273.53,
                                            "Actual Rows": 13117311,
                                            "Actual Loops": 1
                                        },
                                        {
                                            "Worker Number": 2,
                                            "Actual Startup Time": 845.874,
                                            "Actual Total Time": 4276.77,
                                            "Actual Rows": 13135977,
                                            "Actual Loops": 1
                                        },
                                        {
                                            "Worker Number": 3,
                                            "Actual Startup Time": 846.317,
                                            "Actual Total Time": 4302.445,
                                            "Actual Rows": 13246565,
                                            "Actual Loops": 1
                                        },
                                        {
                                            "Worker Number": 4,
                                            "Actual Startup Time": 846.372,
                                            "Actual Total Time": 4299.702,
                                            "Actual Rows": 13185103,
                                            "Actual Loops": 1
                                        },
                                        {
                                            "Worker Number": 5,
                                            "Actual Startup Time": 846.834,
                                            "Actual Total Time": 4280.542,
                                            "Actual Rows": 13060173,
                                            "Actual Loops": 1
                                        }
                                    ],
                                    "Plans": [
                                        {
                                            "Node Type": "Seq Scan",
                                            "Parent Relationship": "Outer",
                                            "Parallel Aware": true,
                                            "Relation Name": "cast_info",
                                            "Schema": "public",
                                            "Alias": "ci",
                                            "Startup Cost": 0.0,
                                            "Total Cost": 313108.29,
                                            "Plan Rows": 6042129,
                                            "Plan Width": 4,
                                            "Actual Startup Time": 0.025,
                                            "Actual Total Time": 488.134,
                                            "Actual Rows": 5177763,
                                            "Actual Loops": 7,
                                            "Output": [
                                                "ci.id",
                                                "ci.person_id",
                                                "ci.movie_id",
                                                "ci.person_role_id",
                                                "ci.note",
                                                "ci.nr_order",
                                                "ci.role_id"
                                            ],
                                            "Workers": [
                                                {
                                                    "Worker Number": 0,
                                                    "Actual Startup Time": 0.029,
                                                    "Actual Total Time": 523.536,
                                                    "Actual Rows": 4687340,
                                                    "Actual Loops": 1
                                                },
                                                {
                                                    "Worker Number": 1,
                                                    "Actual Startup Time": 0.026,
                                                    "Actual Total Time": 489.257,
                                                    "Actual Rows": 5337040,
                                                    "Actual Loops": 1
                                                },
                                                {
                                                    "Worker Number": 2,
                                                    "Actual Startup Time": 0.03,
                                                    "Actual Total Time": 489.803,
                                                    "Actual Rows": 5361675,
                                                    "Actual Loops": 1
                                                },
                                                {
                                                    "Worker Number": 3,
                                                    "Actual Startup Time": 0.029,
                                                    "Actual Total Time": 498.008,
                                                    "Actual Rows": 5425469,
                                                    "Actual Loops": 1
                                                },
                                                {
                                                    "Worker Number": 4,
                                                    "Actual Startup Time": 0.025,
                                                    "Actual Total Time": 500.496,
                                                    "Actual Rows": 5405352,
                                                    "Actual Loops": 1
                                                },
                                                {
                                                    "Worker Number": 5,
                                                    "Actual Startup Time": 0.024,
                                                    "Actual Total Time": 495.575,
                                                    "Actual Rows": 5380602,
                                                    "Actual Loops": 1
                                                }
                                            ]
                                        },
                                        {
                                            "Node Type": "Hash",
                                            "Parent Relationship": "Inner",
                                            "Parallel Aware": true,
                                            "Startup Cost": 245695.81,
                                            "Total Cost": 245695.81,
                                            "Plan Rows": 361164,
                                            "Plan Width": 8,
                                            "Actual Startup Time": 844.547,
                                            "Actual Total Time": 845.052,
                                            "Actual Rows": 387308,
                                            "Actual Loops": 7,
                                            "Output": [
                                                "t.id",
                                                "mi.movie_id"
                                            ],
                                            "Hash Buckets": 4194304,
                                            "Original Hash Buckets": 2097152,
                                            "Hash Batches": 1,
                                            "Original Hash Batches": 1,
                                            "Peak Memory Usage": 155328,
                                            "Workers": [
                                                {
                                                    "Worker Number": 0,
                                                    "Actual Startup Time": 844.427,
                                                    "Actual Total Time": 844.431,
                                                    "Actual Rows": 270966,
                                                    "Actual Loops": 1
                                                },
                                                {
                                                    "Worker Number": 1,
                                                    "Actual Startup Time": 844.975,
                                                    "Actual Total Time": 844.978,
                                                    "Actual Rows": 396678,
                                                    "Actual Loops": 1
                                                },
                                                {
                                                    "Worker Number": 2,
                                                    "Actual Startup Time": 844.983,
                                                    "Actual Total Time": 844.986,
                                                    "Actual Rows": 400023,
                                                    "Actual Loops": 1
                                                },
                                                {
                                                    "Worker Number": 3,
                                                    "Actual Startup Time": 845.508,
                                                    "Actual Total Time": 845.511,
                                                    "Actual Rows": 396326,
                                                    "Actual Loops": 1
                                                },
                                                {
                                                    "Worker Number": 4,
                                                    "Actual Startup Time": 845.611,
                                                    "Actual Total Time": 845.614,
                                                    "Actual Rows": 395497,
                                                    "Actual Loops": 1
                                                },
                                                {
                                                    "Worker Number": 5,
                                                    "Actual Startup Time": 845.949,
                                                    "Actual Total Time": 845.952,
                                                    "Actual Rows": 393634,
                                                    "Actual Loops": 1
                                                }
                                            ],
                                            "Plans": [
                                                {
                                                    "Node Type": "Hash Join",
                                                    "Parent Relationship": "Outer",
                                                    "Parallel Aware": true,
                                                    "Join Type": "Inner",
                                                    "Startup Cost": 46446.18,
                                                    "Total Cost": 245695.81,
                                                    "Plan Rows": 361164,
                                                    "Plan Width": 8,
                                                    "Actual Startup Time": 91.534,
                                                    "Actual Total Time": 664.181,
                                                    "Actual Rows": 387308,
                                                    "Actual Loops": 7,
                                                    "Output": [
                                                        "t.id",
                                                        "mi.movie_id"
                                                    ],
                                                    "Inner Unique": true,
                                                    "Hash Cond": "(mi.movie_id = t.id)",
                                                    "Workers": [
                                                        {
                                                            "Worker Number": 0,
                                                            "Actual Startup Time": 91.578,
                                                            "Actual Total Time": 672.923,
                                                            "Actual Rows": 270966,
                                                            "Actual Loops": 1
                                                        },
                                                        {
                                                            "Worker Number": 1,
                                                            "Actual Startup Time": 91.501,
                                                            "Actual Total Time": 663.814,
                                                            "Actual Rows": 396678,
                                                            "Actual Loops": 1
                                                        },
                                                        {
                                                            "Worker Number": 2,
                                                            "Actual Startup Time": 91.473,
                                                            "Actual Total Time": 661.926,
                                                            "Actual Rows": 400023,
                                                            "Actual Loops": 1
                                                        },
                                                        {
                                                            "Worker Number": 3,
                                                            "Actual Startup Time": 91.489,
                                                            "Actual Total Time": 663.779,
                                                            "Actual Rows": 396326,
                                                            "Actual Loops": 1
                                                        },
                                                        {
                                                            "Worker Number": 4,
                                                            "Actual Startup Time": 91.52,
                                                            "Actual Total Time": 663.594,
                                                            "Actual Rows": 395497,
                                                            "Actual Loops": 1
                                                        },
                                                        {
                                                            "Worker Number": 5,
                                                            "Actual Startup Time": 91.53,
                                                            "Actual Total Time": 665.049,
                                                            "Actual Rows": 393634,
                                                            "Actual Loops": 1
                                                        }
                                                    ],
                                                    "Plans": [
                                                        {
                                                            "Node Type": "Seq Scan",
                                                            "Parent Relationship": "Outer",
                                                            "Parallel Aware": true,
                                                            "Relation Name": "movie_info",
                                                            "Schema": "public",
                                                            "Alias": "mi",
                                                            "Startup Cost": 0.0,
                                                            "Total Cost": 191503.19,
                                                            "Plan Rows": 2951019,
                                                            "Plan Width": 4,
                                                            "Actual Startup Time": 0.02,
                                                            "Actual Total Time": 262.553,
                                                            "Actual Rows": 2119389,
                                                            "Actual Loops": 7,
                                                            "Output": [
                                                                "mi.id",
                                                                "mi.movie_id",
                                                                "mi.info_type_id",
                                                                "mi.info",
                                                                "mi.note"
                                                            ],
                                                            "Workers": [
                                                                {
                                                                    "Worker Number": 0,
                                                                    "Actual Startup Time": 0.026,
                                                                    "Actual Total Time": 276.346,
                                                                    "Actual Rows": 1476405,
                                                                    "Actual Loops": 1
                                                                },
                                                                {
                                                                    "Worker Number": 1,
                                                                    "Actual Startup Time": 0.021,
                                                                    "Actual Total Time": 265.245,
                                                                    "Actual Rows": 2152619,
                                                                    "Actual Loops": 1
                                                                },
                                                                {
                                                                    "Worker Number": 2,
                                                                    "Actual Startup Time": 0.018,
                                                                    "Actual Total Time": 264.355,
                                                                    "Actual Rows": 2155357,
                                                                    "Actual Loops": 1
                                                                },
                                                                {
                                                                    "Worker Number": 3,
                                                                    "Actual Startup Time": 0.026,
                                                                    "Actual Total Time": 271.42,
                                                                    "Actual Rows": 2148102,
                                                                    "Actual Loops": 1
                                                                },
                                                                {
                                                                    "Worker Number": 4,
                                                                    "Actual Startup Time": 0.018,
                                                                    "Actual Total Time": 270.988,
                                                                    "Actual Rows": 2140085,
                                                                    "Actual Loops": 1
                                                                },
                                                                {
                                                                    "Worker Number": 5,
                                                                    "Actual Startup Time": 0.025,
                                                                    "Actual Total Time": 265.632,
                                                                    "Actual Rows": 2155320,
                                                                    "Actual Loops": 1
                                                                }
                                                            ]
                                                        },
                                                        {
                                                            "Node Type": "Hash",
                                                            "Parent Relationship": "Inner",
                                                            "Parallel Aware": true,
                                                            "Startup Cost": 45479.21,
                                                            "Total Cost": 45479.21,
                                                            "Plan Rows": 77358,
                                                            "Plan Width": 4,
                                                            "Actual Startup Time": 90.321,
                                                            "Actual Total Time": 90.322,
                                                            "Actual Rows": 38086,
                                                            "Actual Loops": 7,
                                                            "Output": [
                                                                "t.id"
                                                            ],
                                                            "Hash Buckets": 524288,
                                                            "Original Hash Buckets": 524288,
                                                            "Hash Batches": 1,
                                                            "Original Hash Batches": 1,
                                                            "Peak Memory Usage": 14624,
                                                            "Workers": [
                                                                {
                                                                    "Worker Number": 0,
                                                                    "Actual Startup Time": 90.713,
                                                                    "Actual Total Time": 90.714,
                                                                    "Actual Rows": 26650,
                                                                    "Actual Loops": 1
                                                                },
                                                                {
                                                                    "Worker Number": 1,
                                                                    "Actual Startup Time": 90.707,
                                                                    "Actual Total Time": 90.708,
                                                                    "Actual Rows": 36805,
                                                                    "Actual Loops": 1
                                                                },
                                                                {
                                                                    "Worker Number": 2,
                                                                    "Actual Startup Time": 90.682,
                                                                    "Actual Total Time": 90.683,
                                                                    "Actual Rows": 35889,
                                                                    "Actual Loops": 1
                                                                },
                                                                {
                                                                    "Worker Number": 3,
                                                                    "Actual Startup Time": 90.662,
                                                                    "Actual Total Time": 90.663,
                                                                    "Actual Rows": 37020,
                                                                    "Actual Loops": 1
                                                                },
                                                                {
                                                                    "Worker Number": 4,
                                                                    "Actual Startup Time": 90.669,
                                                                    "Actual Total Time": 90.67,
                                                                    "Actual Rows": 37016,
                                                                    "Actual Loops": 1
                                                                },
                                                                {
                                                                    "Worker Number": 5,
                                                                    "Actual Startup Time": 90.715,
                                                                    "Actual Total Time": 90.716,
                                                                    "Actual Rows": 36738,
                                                                    "Actual Loops": 1
                                                                }
                                                            ],
                                                            "Plans": [
                                                                {
                                                                    "Node Type": "Seq Scan",
                                                                    "Parent Relationship": "Outer",
                                                                    "Parallel Aware": true,
                                                                    "Relation Name": "title",
                                                                    "Schema": "public",
                                                                    "Alias": "t",
                                                                    "Startup Cost": 0.0,
                                                                    "Total Cost": 45479.21,
                                                                    "Plan Rows": 77358,
                                                                    "Plan Width": 4,
                                                                    "Actual Startup Time": 0.117,
                                                                    "Actual Total Time": 73.558,
                                                                    "Actual Rows": 38086,
                                                                    "Actual Loops": 7,
                                                                    "Output": [
                                                                        "t.id"
                                                                    ],
                                                                    "Filter": "((t.kind_id < 7) AND (t.production_year > 2007))",
                                                                    "Rows Removed by Filter": 323102,
                                                                    "Workers": [
                                                                        {
                                                                            "Worker Number": 0,
                                                                            "Actual Startup Time": 0.207,
                                                                            "Actual Total Time": 74.898,
                                                                            "Actual Rows": 26650,
                                                                            "Actual Loops": 1
                                                                        },
                                                                        {
                                                                            "Worker Number": 1,
                                                                            "Actual Startup Time": 0.099,
                                                                            "Actual Total Time": 73.962,
                                                                            "Actual Rows": 36805,
                                                                            "Actual Loops": 1
                                                                        },
                                                                        {
                                                                            "Worker Number": 2,
                                                                            "Actual Startup Time": 0.091,
                                                                            "Actual Total Time": 73.727,
                                                                            "Actual Rows": 35889,
                                                                            "Actual Loops": 1
                                                                        },
                                                                        {
                                                                            "Worker Number": 3,
                                                                            "Actual Startup Time": 0.161,
                                                                            "Actual Total Time": 73.669,
                                                                            "Actual Rows": 37020,
                                                                            "Actual Loops": 1
                                                                        },
                                                                        {
                                                                            "Worker Number": 4,
                                                                            "Actual Startup Time": 0.09,
                                                                            "Actual Total Time": 73.755,
                                                                            "Actual Rows": 37016,
                                                                            "Actual Loops": 1
                                                                        },
                                                                        {
                                                                            "Worker Number": 5,
                                                                            "Actual Startup Time": 0.145,
                                                                            "Actual Total Time": 73.969,
                                                                            "Actual Rows": 36738,
                                                                            "Actual Loops": 1
                                                                        }
                                                                    ]
                                                                }
                                                            ]
                                                        }
                                                    ]
                                                }
                                            ]
                                        }
                                    ]
                                }
                            ]
                        }
                    ]
                }
            ]
        },
        "Planning Time": 204.583,
        "Triggers": [],
        "Execution Time": 4888.547
    }
]