[
  {
    "Plan": {
      "Node Type": "Aggregate",
      "Strategy": "Plain",
      "Partial Mode": "Finalize",
      "Parallel Aware": false,
      "Startup Cost": 339033.82,
      "Total Cost": 339033.83,
      "Plan Rows": 1,
      "Plan Width": 8,
      "Actual Startup Time": 751.564,
      "Actual Total Time": 807.429,
      "Actual Rows": 1,
      "Actual Loops": 1,
      "Plans": [
        {
          "Node Type": "Gather",
          "Parent Relationship": "Outer",
          "Parallel Aware": false,
          "Startup Cost": 339033.2,
          "Total Cost": 339033.81,
          "Plan Rows": 6,
          "Plan Width": 8,
          "Actual Startup Time": 751.411,
          "Actual Total Time": 807.418,
          "Actual Rows": 7,
          "Actual Loops": 1,
          "Workers Planned": 6,
          "Workers Launched": 6,
          "Single Copy": false,
          "Plans": [
            {
              "Node Type": "Aggregate",
              "Strategy": "Plain",
              "Partial Mode": "Partial",
              "Parent Relationship": "Outer",
              "Parallel Aware": false,
              "Startup Cost": 338033.2,
              "Total Cost": 338033.21,
              "Plan Rows": 1,
              "Plan Width": 8,
              "Actual Startup Time": 743.062,
              "Actual Total Time": 743.063,
              "Actual Rows": 1,
              "Actual Loops": 7,
              "Plans": [
                {
                  "Node Type": "Seq Scan",
                  "Parent Relationship": "Outer",
                  "Parallel Aware": true,
                  "Relation Name": "cast_info",
                  "Alias": "ci",
                  "Startup Cost": 0.0,
                  "Total Cost": 328162.03,
                  "Plan Rows": 3948469,
                  "Plan Width": 0,
                  "Actual Startup Time": 139.704,
                  "Actual Total Time": 606.359,
                  "Actual Rows": 3387759,
                  "Actual Loops": 7,
                  "Filter": "(person_id > 1234911)",
                  "Rows Removed by Filter": 1790005
                }
              ]
            }
          ]
        }
      ]
    },
    "Planning Time": 0.207,
    "Triggers": [],
    "Execution Time": 807.506
  }
]