[
  {
    "Plan": {
      "Node Type": "Aggregate",
      "Strategy": "Plain",
      "Partial Mode": "Simple",
      "Parallel Aware": false,
      "Startup Cost": 6796.52,
      "Total Cost": 6796.53,
      "Plan Rows": 1,
      "Plan Width": 8,
      "Actual Startup Time": 5.321,
      "Actual Total Time": 5.323,
      "Actual Rows": 1,
      "Actual Loops": 1,
      "Plans": [
        {
          "Node Type": "Index Only Scan",
          "Parent Relationship": "Outer",
          "Parallel Aware": false,
          "Scan Direction": "Forward",
          "Index Name": "company_id_movie_companies",
          "Relation Name": "movie_companies",
          "Alias": "mc",
          "Startup Cost": 0.43,
          "Total Cost": 6789.57,
          "Plan Rows": 2783,
          "Plan Width": 0,
          "Actual Startup Time": 0.217,
          "Actual Total Time": 4.916,
          "Actual Rows": 2221,
          "Actual Loops": 1,
          "Index Cond": "(company_id = 3929)",
          "Rows Removed by Index Recheck": 0,
          "Heap Fetches": 2221
        }
      ]
    },
    "Planning Time": 0.153,
    "Triggers": [],
    "Execution Time": 5.371
  }
]