{
  "Plan": {
    "Node Type": "Aggregate",
    "Strategy": "Plain",
    "Partial Mode": "Finalize",
    "Parallel Aware": false,
    "Startup Cost": 125831.33,
    "Total Cost": 125831.34,
    "Plan Rows": 1,
    "Plan Width": 8,
    "Actual Startup Time": 874.542,
    "Actual Total Time": 896.7,
    "Actual Rows": 1,
    "Actual Loops": 1,
    "Plans": [
      {
        "Node Type": "Gather",
        "Parent Relationship": "Outer",
        "Parallel Aware": false,
        "Startup Cost": 125831.22,
        "Total Cost": 125831.33,
        "Plan Rows": 1,
        "Plan Width": 8,
        "Actual Startup Time": 871.006,
        "Actual Total Time": 896.691,
        "Actual Rows": 2,
        "Actual Loops": 1,
        "Workers Planned": 1,
        "Workers Launched": 1,
        "Single Copy": false,
        "Plans": [
          {
            "Node Type": "Aggregate",
            "Strategy": "Plain",
            "Partial Mode": "Partial",
            "Parent Relationship": "Outer",
            "Parallel Aware": false,
            "Startup Cost": 124831.22,
            "Total Cost": 124831.23,
            "Plan Rows": 1,
            "Plan Width": 8,
            "Actual Startup Time": 858.124,
            "Actual Total Time": 858.129,
            "Actual Rows": 1,
            "Actual Loops": 2,
            "Plans": [
              {
                "Node Type": "Hash Join",
                "Parent Relationship": "Outer",
                "Parallel Aware": true,
                "Join Type": "Inner",
                "Startup Cost": 90227.92,
                "Total Cost": 123391.6,
                "Plan Rows": 575847,
                "Plan Width": 0,
                "Actual Startup Time": 626.842,
                "Actual Total Time": 837.273,
                "Actual Rows": 486214,
                "Actual Loops": 2,
                "Inner Unique": true,
                "Hash Cond": "(mk.movie_id = t.id)",
                "Plans": [
                  {
                    "Node Type": "Bitmap Heap Scan",
                    "Parent Relationship": "Outer",
                    "Parallel Aware": true,
                    "Relation Name": "movie_keyword",
                    "Alias": "mk",
                    "Startup Cost": 20767.22,
                    "Total Cost": 52419.31,
                    "Plan Rows": 575847,
                    "Plan Width": 4,
                    "Actual Startup Time": 55.661,
                    "Actual Total Time": 152.283,
                    "Actual Rows": 486214,
                    "Actual Loops": 2,
                    "Recheck Cond": "(keyword_id > 19386)",
                    "Rows Removed by Index Recheck": 0,
                    "Exact Heap Blocks": 13357,
                    "Lossy Heap Blocks": 0,
                    "Plans": [
                      {
                        "Node Type": "Bitmap Index Scan",
                        "Parent Relationship": "Outer",
                        "Parallel Aware": false,
                        "Index Name": "keyword_id_movie_keyword",
                        "Startup Cost": 0.0,
                        "Total Cost": 20522.48,
                        "Plan Rows": 978940,
                        "Plan Width": 0,
                        "Actual Startup Time": 52.068,
                        "Actual Total Time": 52.068,
                        "Actual Rows": 972427,
                        "Actual Loops": 1,
                        "Index Cond": "(keyword_id > 19386)"
                      }
                    ]
                  },
                  {
                    "Node Type": "Hash",
                    "Parent Relationship": "Inner",
                    "Parallel Aware": true,
                    "Startup Cost": 50870.31,
                    "Total Cost": 50870.31,
                    "Plan Rows": 1487231,
                    "Plan Width": 4,
                    "Actual Startup Time": 548.67,
                    "Actual Total Time": 548.671,
                    "Actual Rows": 1264156,
                    "Actual Loops": 2,
                    "Hash Buckets": 4194304,
                    "Original Hash Buckets": 4194304,
                    "Hash Batches": 1,
                    "Original Hash Batches": 1,
                    "Peak Memory Usage": 131712,
                    "Plans": [
                      {
                        "Node Type": "Seq Scan",
                        "Parent Relationship": "Outer",
                        "Parallel Aware": true,
                        "Relation Name": "title",
                        "Alias": "t",
                        "Startup Cost": 0.0,
                        "Total Cost": 50870.31,
                        "Plan Rows": 1487231,
                        "Plan Width": 4,
                        "Actual Startup Time": 0.03,
                        "Actual Total Time": 153.614,
                        "Actual Rows": 1264156,
                        "Actual Loops": 2
                      }
                    ]
                  }
                ]
              }
            ]
          }
        ]
      }
    ]
  },
  "Planning Time": 0.702,
  "Triggers": [],
  "Execution Time": 896.793
}