[
    {
        "Bao": {
            "Bao prediction": 906.539,
            "Bao recommended hint": "(no hint)"
        }
    },
    {
        "Plan": {
            "Node Type": "Aggregate",
            "Strategy": "Plain",
            "Partial Mode": "Simple",
            "Parallel Aware": false,
            "Startup Cost": 7420.94,
            "Total Cost": 7420.95,
            "Plan Rows": 1,
            "Plan Width": 96,
            "Actual Startup Time": 2799.599,
            "Actual Total Time": 2799.606,
            "Actual Rows": 1,
            "Actual Loops": 1,
            "Output": [
                "min(cn.name)",
                "min(mi_idx.info)",
                "min(t.title)"
            ],
            "Plans": [
                {
                    "Node Type": "Nested Loop",
                    "Parent Relationship": "Outer",
                    "Parallel Aware": false,
                    "Join Type": "Inner",
                    "Startup Cost": 12.9,
                    "Total Cost": 7420.93,
                    "Plan Rows": 1,
                    "Plan Width": 41,
                    "Actual Startup Time": 10.87,
                    "Actual Total Time": 2789.752,
                    "Actual Rows": 21489,
                    "Actual Loops": 1,
                    "Output": [
                        "cn.name",
                        "mi_idx.info",
                        "t.title"
                    ],
                    "Inner Unique": true,
                    "Join Filter": "(mi.info_type_id = it1.id)",
                    "Rows Removed by Join Filter": 3123,
                    "Plans": [
                        {
                            "Node Type": "Nested Loop",
                            "Parent Relationship": "Outer",
                            "Parallel Aware": false,
                            "Join Type": "Inner",
                            "Startup Cost": 12.9,
                            "Total Cost": 7418.51,
                            "Plan Rows": 1,
                            "Plan Width": 45,
                            "Actual Startup Time": 10.849,
                            "Actual Total Time": 2603.234,
                            "Actual Rows": 24612,
                            "Actual Loops": 1,
                            "Output": [
                                "cn.name",
                                "mi.info_type_id",
                                "mi_idx.info",
                                "t.title"
                            ],
                            "Inner Unique": false,
                            "Join Filter": "(t.id = mi.movie_id)",
                            "Rows Removed by Join Filter": 0,
                            "Plans": [
                                {
                                    "Node Type": "Nested Loop",
                                    "Parent Relationship": "Outer",
                                    "Parallel Aware": false,
                                    "Join Type": "Inner",
                                    "Startup Cost": 12.46,
                                    "Total Cost": 7416.68,
                                    "Plan Rows": 1,
                                    "Plan Width": 57,
                                    "Actual Startup Time": 10.795,
                                    "Actual Total Time": 613.284,
                                    "Actual Rows": 23425,
                                    "Actual Loops": 1,
                                    "Output": [
                                        "cn.name",
                                        "mc.movie_id",
                                        "mi_idx.info",
                                        "mi_idx.movie_id",
                                        "mk.movie_id",
                                        "t.title",
                                        "t.id"
                                    ],
                                    "Inner Unique": true,
                                    "Join Filter": "(mc.company_type_id = ct.id)",
                                    "Rows Removed by Join Filter": 0,
                                    "Plans": [
                                        {
                                            "Node Type": "Nested Loop",
                                            "Parent Relationship": "Outer",
                                            "Parallel Aware": false,
                                            "Join Type": "Inner",
                                            "Startup Cost": 12.46,
                                            "Total Cost": 7415.59,
                                            "Plan Rows": 1,
                                            "Plan Width": 61,
                                            "Actual Startup Time": 10.779,
                                            "Actual Total Time": 510.44,
                                            "Actual Rows": 23425,
                                            "Actual Loops": 1,
                                            "Output": [
                                                "cn.name",
                                                "mc.movie_id",
                                                "mc.company_type_id",
                                                "mi_idx.info",
                                                "mi_idx.movie_id",
                                                "mk.movie_id",
                                                "t.title",
                                                "t.id"
                                            ],
                                            "Inner Unique": true,
                                            "Plans": [
                                                {
                                                    "Node Type": "Nested Loop",
                                                    "Parent Relationship": "Outer",
                                                    "Parallel Aware": false,
                                                    "Join Type": "Inner",
                                                    "Startup Cost": 12.04,
                                                    "Total Cost": 7415.05,
                                                    "Plan Rows": 1,
                                                    "Plan Width": 46,
                                                    "Actual Startup Time": 10.757,
                                                    "Actual Total Time": 391.603,
                                                    "Actual Rows": 25316,
                                                    "Actual Loops": 1,
                                                    "Output": [
                                                        "mi_idx.info",
                                                        "mi_idx.movie_id",
                                                        "mc.movie_id",
                                                        "mc.company_type_id",
                                                        "mc.company_id",
                                                        "mk.movie_id",
                                                        "t.title",
                                                        "t.id"
                                                    ],
                                                    "Inner Unique": false,
                                                    "Join Filter": "(t.id = mc.movie_id)",
                                                    "Rows Removed by Join Filter": 0,
                                                    "Plans": [
                                                        {
                                                            "Node Type": "Nested Loop",
                                                            "Parent Relationship": "Outer",
                                                            "Parallel Aware": false,
                                                            "Join Type": "Inner",
                                                            "Startup Cost": 11.61,
                                                            "Total Cost": 7414.47,
                                                            "Plan Rows": 1,
                                                            "Plan Width": 34,
                                                            "Actual Startup Time": 9.564,
                                                            "Actual Total Time": 305.958,
                                                            "Actual Rows": 5949,
                                                            "Actual Loops": 1,
                                                            "Output": [
                                                                "mi_idx.info",
                                                                "mi_idx.movie_id",
                                                                "mk.movie_id",
                                                                "t.title",
                                                                "t.id"
                                                            ],
                                                            "Inner Unique": false,
                                                            "Join Filter": "(mi_idx.info_type_id = it2.id)",
                                                            "Rows Removed by Join Filter": 11839,
                                                            "Plans": [
                                                                {
                                                                    "Node Type": "Seq Scan",
                                                                    "Parent Relationship": "Outer",
                                                                    "Parallel Aware": false,
                                                                    "Relation Name": "info_type",
                                                                    "Schema": "public",
                                                                    "Alias": "it2",
                                                                    "Startup Cost": 0.0,
                                                                    "Total Cost": 2.41,
                                                                    "Plan Rows": 1,
                                                                    "Plan Width": 4,
                                                                    "Actual Startup Time": 0.051,
                                                                    "Actual Total Time": 0.053,
                                                                    "Actual Rows": 1,
                                                                    "Actual Loops": 1,
                                                                    "Output": [
                                                                        "it2.id",
                                                                        "it2.info"
                                                                    ],
                                                                    "Filter": "((it2.info)::text = 'rating'::text)",
                                                                    "Rows Removed by Filter": 112
                                                                },
                                                                {
                                                                    "Node Type": "Nested Loop",
                                                                    "Parent Relationship": "Inner",
                                                                    "Parallel Aware": false,
                                                                    "Join Type": "Inner",
                                                                    "Startup Cost": 11.61,
                                                                    "Total Cost": 7411.53,
                                                                    "Plan Rows": 42,
                                                                    "Plan Width": 38,
                                                                    "Actual Startup Time": 9.504,
                                                                    "Actual Total Time": 303.457,
                                                                    "Actual Rows": 17788,
                                                                    "Actual Loops": 1,
                                                                    "Output": [
                                                                        "mk.movie_id",
                                                                        "mi_idx.info",
                                                                        "mi_idx.movie_id",
                                                                        "mi_idx.info_type_id",
                                                                        "t.title",
                                                                        "t.id"
                                                                    ],
                                                                    "Inner Unique": false,
                                                                    "Join Filter": "(t.id = mi_idx.movie_id)",
                                                                    "Rows Removed by Join Filter": 0,
                                                                    "Plans": [
                                                                        {
                                                                            "Node Type": "Nested Loop",
                                                                            "Parent Relationship": "Outer",
                                                                            "Parallel Aware": false,
                                                                            "Join Type": "Inner",
                                                                            "Startup Cost": 11.19,
                                                                            "Total Cost": 7403.47,
                                                                            "Plan Rows": 15,
                                                                            "Plan Width": 25,
                                                                            "Actual Startup Time": 9.479,
                                                                            "Actual Total Time": 257.823,
                                                                            "Actual Rows": 8073,
                                                                            "Actual Loops": 1,
                                                                            "Output": [
                                                                                "mk.movie_id",
                                                                                "t.title",
                                                                                "t.id"
                                                                            ],
                                                                            "Inner Unique": true,
                                                                            "Join Filter": "(t.kind_id = kt.id)",
                                                                            "Rows Removed by Join Filter": 4332,
                                                                            "Plans": [
                                                                                {
                                                                                    "Node Type": "Nested Loop",
                                                                                    "Parent Relationship": "Outer",
                                                                                    "Parallel Aware": false,
                                                                                    "Join Type": "Inner",
                                                                                    "Startup Cost": 11.19,
                                                                                    "Total Cost": 7400.84,
                                                                                    "Plan Rows": 54,
                                                                                    "Plan Width": 29,
                                                                                    "Actual Startup Time": 9.393,
                                                                                    "Actual Total Time": 252.992,
                                                                                    "Actual Rows": 9739,
                                                                                    "Actual Loops": 1,
                                                                                    "Output": [
                                                                                        "mk.movie_id",
                                                                                        "t.title",
                                                                                        "t.kind_id",
                                                                                        "t.id"
                                                                                    ],
                                                                                    "Inner Unique": true,
                                                                                    "Plans": [
                                                                                        {
                                                                                            "Node Type": "Nested Loop",
                                                                                            "Parent Relationship": "Outer",
                                                                                            "Parallel Aware": false,
                                                                                            "Join Type": "Inner",
                                                                                            "Startup Cost": 10.76,
                                                                                            "Total Cost": 7334.72,
                                                                                            "Plan Rows": 135,
                                                                                            "Plan Width": 4,
                                                                                            "Actual Startup Time": 9.354,
                                                                                            "Actual Total Time": 93.278,
                                                                                            "Actual Rows": 37091,
                                                                                            "Actual Loops": 1,
                                                                                            "Output": [
                                                                                                "mk.movie_id"
                                                                                            ],
                                                                                            "Inner Unique": false,
                                                                                            "Plans": [
                                                                                                {
                                                                                                    "Node Type": "Seq Scan",
                                                                                                    "Parent Relationship": "Outer",
                                                                                                    "Parallel Aware": false,
                                                                                                    "Relation Name": "keyword",
                                                                                                    "Schema": "public",
                                                                                                    "Alias": "k",
                                                                                                    "Startup Cost": 0.0,
                                                                                                    "Total Cost": 2961.55,
                                                                                                    "Plan Rows": 4,
                                                                                                    "Plan Width": 4,
                                                                                                    "Actual Startup Time": 2.643,
                                                                                                    "Actual Total Time": 16.852,
                                                                                                    "Actual Rows": 3,
                                                                                                    "Actual Loops": 1,
                                                                                                    "Output": [
                                                                                                        "k.id",
                                                                                                        "k.keyword",
                                                                                                        "k.phonetic_code"
                                                                                                    ],
                                                                                                    "Filter": "(k.keyword = ANY ('{murder,murder-in-title,blood,violence}'::text[]))",
                                                                                                    "Rows Removed by Filter": 134167
                                                                                                },
                                                                                                {
                                                                                                    "Node Type": "Bitmap Heap Scan",
                                                                                                    "Parent Relationship": "Inner",
                                                                                                    "Parallel Aware": false,
                                                                                                    "Relation Name": "movie_keyword",
                                                                                                    "Schema": "public",
                                                                                                    "Alias": "mk",
                                                                                                    "Startup Cost": 10.76,
                                                                                                    "Total Cost": 1090.29,
                                                                                                    "Plan Rows": 300,
                                                                                                    "Plan Width": 8,
                                                                                                    "Actual Startup Time": 4.377,
                                                                                                    "Actual Total Time": 23.785,
                                                                                                    "Actual Rows": 12364,
                                                                                                    "Actual Loops": 3,
                                                                                                    "Output": [
                                                                                                        "mk.id",
                                                                                                        "mk.movie_id",
                                                                                                        "mk.keyword_id"
                                                                                                    ],
                                                                                                    "Recheck Cond": "(mk.keyword_id = k.id)",
                                                                                                    "Rows Removed by Index Recheck": 0,
                                                                                                    "Exact Heap Blocks": 26312,
                                                                                                    "Lossy Heap Blocks": 0,
                                                                                                    "Plans": [
                                                                                                        {
                                                                                                            "Node Type": "Bitmap Index Scan",
                                                                                                            "Parent Relationship": "Outer",
                                                                                                            "Parallel Aware": false,
                                                                                                            "Index Name": "keyword_id_movie_keyword",
                                                                                                            "Startup Cost": 0.0,
                                                                                                            "Total Cost": 10.68,
                                                                                                            "Plan Rows": 300,
                                                                                                            "Plan Width": 0,
                                                                                                            "Actual Startup Time": 2.031,
                                                                                                            "Actual Total Time": 2.031,
                                                                                                            "Actual Rows": 12364,
                                                                                                            "Actual Loops": 3,
                                                                                                            "Index Cond": "(mk.keyword_id = k.id)"
                                                                                                        }
                                                                                                    ]
                                                                                                }
                                                                                            ]
                                                                                        },
                                                                                        {
                                                                                            "Node Type": "Index Scan",
                                                                                            "Parent Relationship": "Inner",
                                                                                            "Parallel Aware": false,
                                                                                            "Scan Direction": "Forward",
                                                                                            "Index Name": "title_pkey",
                                                                                            "Relation Name": "title",
                                                                                            "Schema": "public",
                                                                                            "Alias": "t",
                                                                                            "Startup Cost": 0.43,
                                                                                            "Total Cost": 0.49,
                                                                                            "Plan Rows": 1,
                                                                                            "Plan Width": 25,
                                                                                            "Actual Startup Time": 0.004,
                                                                                            "Actual Total Time": 0.004,
                                                                                            "Actual Rows": 0,
                                                                                            "Actual Loops": 37091,
                                                                                            "Output": [
                                                                                                "t.id",
                                                                                                "t.title",
                                                                                                "t.imdb_index",
                                                                                                "t.kind_id",
                                                                                                "t.production_year",
                                                                                                "t.imdb_id",
                                                                                                "t.phonetic_code",
                                                                                                "t.episode_of_id",
                                                                                                "t.season_nr",
                                                                                                "t.episode_nr",
                                                                                                "t.series_years",
                                                                                                "t.md5sum"
                                                                                            ],
                                                                                            "Index Cond": "(t.id = mk.movie_id)",
                                                                                            "Rows Removed by Index Recheck": 0,
                                                                                            "Filter": "(t.production_year > 2005)",
                                                                                            "Rows Removed by Filter": 1
                                                                                        }
                                                                                    ]
                                                                                },
                                                                                {
                                                                                    "Node Type": "Materialize",
                                                                                    "Parent Relationship": "Inner",
                                                                                    "Parallel Aware": false,
                                                                                    "Startup Cost": 0.0,
                                                                                    "Total Cost": 1.1,
                                                                                    "Plan Rows": 2,
                                                                                    "Plan Width": 4,
                                                                                    "Actual Startup Time": 0.0,
                                                                                    "Actual Total Time": 0.0,
                                                                                    "Actual Rows": 1,
                                                                                    "Actual Loops": 9739,
                                                                                    "Output": [
                                                                                        "kt.id"
                                                                                    ],
                                                                                    "Plans": [
                                                                                        {
                                                                                            "Node Type": "Seq Scan",
                                                                                            "Parent Relationship": "Outer",
                                                                                            "Parallel Aware": false,
                                                                                            "Relation Name": "kind_type",
                                                                                            "Schema": "public",
                                                                                            "Alias": "kt",
                                                                                            "Startup Cost": 0.0,
                                                                                            "Total Cost": 1.09,
                                                                                            "Plan Rows": 2,
                                                                                            "Plan Width": 4,
                                                                                            "Actual Startup Time": 0.021,
                                                                                            "Actual Total Time": 0.026,
                                                                                            "Actual Rows": 2,
                                                                                            "Actual Loops": 1,
                                                                                            "Output": [
                                                                                                "kt.id"
                                                                                            ],
                                                                                            "Filter": "((kt.kind)::text = ANY ('{movie,episode}'::text[]))",
                                                                                            "Rows Removed by Filter": 5
                                                                                        }
                                                                                    ]
                                                                                }
                                                                            ]
                                                                        },
                                                                        {
                                                                            "Node Type": "Index Scan",
                                                                            "Parent Relationship": "Inner",
                                                                            "Parallel Aware": false,
                                                                            "Scan Direction": "Forward",
                                                                            "Index Name": "movie_id_movie_info_idx",
                                                                            "Relation Name": "movie_info_idx",
                                                                            "Schema": "public",
                                                                            "Alias": "mi_idx",
                                                                            "Startup Cost": 0.43,
                                                                            "Total Cost": 0.5,
                                                                            "Plan Rows": 3,
                                                                            "Plan Width": 13,
                                                                            "Actual Startup Time": 0.004,
                                                                            "Actual Total Time": 0.005,
                                                                            "Actual Rows": 2,
                                                                            "Actual Loops": 8073,
                                                                            "Output": [
                                                                                "mi_idx.id",
                                                                                "mi_idx.movie_id",
                                                                                "mi_idx.info_type_id",
                                                                                "mi_idx.info",
                                                                                "mi_idx.note"
                                                                            ],
                                                                            "Index Cond": "(mi_idx.movie_id = mk.movie_id)",
                                                                            "Rows Removed by Index Recheck": 0,
                                                                            "Filter": "(mi_idx.info < '8.5'::text)",
                                                                            "Rows Removed by Filter": 0
                                                                        }
                                                                    ]
                                                                }
                                                            ]
                                                        },
                                                        {
                                                            "Node Type": "Index Scan",
                                                            "Parent Relationship": "Inner",
                                                            "Parallel Aware": false,
                                                            "Scan Direction": "Forward",
                                                            "Index Name": "movie_id_movie_companies",
                                                            "Relation Name": "movie_companies",
                                                            "Schema": "public",
                                                            "Alias": "mc",
                                                            "Startup Cost": 0.43,
                                                            "Total Cost": 0.57,
                                                            "Plan Rows": 1,
                                                            "Plan Width": 12,
                                                            "Actual Startup Time": 0.008,
                                                            "Actual Total Time": 0.013,
                                                            "Actual Rows": 4,
                                                            "Actual Loops": 5949,
                                                            "Output": [
                                                                "mc.id",
                                                                "mc.movie_id",
                                                                "mc.company_id",
                                                                "mc.company_type_id",
                                                                "mc.note"
                                                            ],
                                                            "Index Cond": "(mc.movie_id = mk.movie_id)",
                                                            "Rows Removed by Index Recheck": 0,
                                                            "Filter": "((mc.note !~~ '%(USA)%'::text) AND (mc.note ~~ '%(200%)%'::text))",
                                                            "Rows Removed by Filter": 8
                                                        }
                                                    ]
                                                },
                                                {
                                                    "Node Type": "Index Scan",
                                                    "Parent Relationship": "Inner",
                                                    "Parallel Aware": false,
                                                    "Scan Direction": "Forward",
                                                    "Index Name": "company_name_pkey",
                                                    "Relation Name": "company_name",
                                                    "Schema": "public",
                                                    "Alias": "cn",
                                                    "Startup Cost": 0.42,
                                                    "Total Cost": 0.54,
                                                    "Plan Rows": 1,
                                                    "Plan Width": 23,
                                                    "Actual Startup Time": 0.004,
                                                    "Actual Total Time": 0.004,
                                                    "Actual Rows": 1,
                                                    "Actual Loops": 25316,
                                                    "Output": [
                                                        "cn.id",
                                                        "cn.name",
                                                        "cn.country_code",
                                                        "cn.imdb_id",
                                                        "cn.name_pcode_nf",
                                                        "cn.name_pcode_sf",
                                                        "cn.md5sum"
                                                    ],
                                                    "Index Cond": "(cn.id = mc.company_id)",
                                                    "Rows Removed by Index Recheck": 0,
                                                    "Filter": "((cn.country_code)::text <> '[us]'::text)",
                                                    "Rows Removed by Filter": 0
                                                }
                                            ]
                                        },
                                        {
                                            "Node Type": "Seq Scan",
                                            "Parent Relationship": "Inner",
                                            "Parallel Aware": false,
                                            "Relation Name": "company_type",
                                            "Schema": "public",
                                            "Alias": "ct",
                                            "Startup Cost": 0.0,
                                            "Total Cost": 1.04,
                                            "Plan Rows": 4,
                                            "Plan Width": 4,
                                            "Actual Startup Time": 0.001,
                                            "Actual Total Time": 0.001,
                                            "Actual Rows": 1,
                                            "Actual Loops": 23425,
                                            "Output": [
                                                "ct.id",
                                                "ct.kind"
                                            ]
                                        }
                                    ]
                                },
                                {
                                    "Node Type": "Index Scan",
                                    "Parent Relationship": "Inner",
                                    "Parallel Aware": false,
                                    "Scan Direction": "Forward",
                                    "Index Name": "movie_id_movie_info",
                                    "Relation Name": "movie_info",
                                    "Schema": "public",
                                    "Alias": "mi",
                                    "Startup Cost": 0.43,
                                    "Total Cost": 1.8,
                                    "Plan Rows": 2,
                                    "Plan Width": 8,
                                    "Actual Startup Time": 0.07,
                                    "Actual Total Time": 0.084,
                                    "Actual Rows": 1,
                                    "Actual Loops": 23425,
                                    "Output": [
                                        "mi.id",
                                        "mi.movie_id",
                                        "mi.info_type_id",
                                        "mi.info",
                                        "mi.note"
                                    ],
                                    "Index Cond": "(mi.movie_id = mk.movie_id)",
                                    "Rows Removed by Index Recheck": 0,
                                    "Filter": "(mi.info = ANY ('{Sweden,Norway,Germany,Denmark,Swedish,Danish,Norwegian,German,USA,American}'::text[]))",
                                    "Rows Removed by Filter": 180
                                }
                            ]
                        },
                        {
                            "Node Type": "Seq Scan",
                            "Parent Relationship": "Inner",
                            "Parallel Aware": false,
                            "Relation Name": "info_type",
                            "Schema": "public",
                            "Alias": "it1",
                            "Startup Cost": 0.0,
                            "Total Cost": 2.41,
                            "Plan Rows": 1,
                            "Plan Width": 4,
                            "Actual Startup Time": 0.004,
                            "Actual Total Time": 0.005,
                            "Actual Rows": 1,
                            "Actual Loops": 24612,
                            "Output": [
                                "it1.id",
                                "it1.info"
                            ],
                            "Filter": "((it1.info)::text = 'countries'::text)",
                            "Rows Removed by Filter": 20
                        }
                    ]
                }
            ]
        },
        "Planning Time": 271.171,
        "Triggers": [],
        "Execution Time": 2799.862
    }
]