{
  "Plan": {
    "Node Type": "Aggregate",
    "Strategy": "Plain",
    "Partial Mode": "Finalize",
    "Parallel Aware": false,
    "Startup Cost": 180680.99,
    "Total Cost": 180681.0,
    "Plan Rows": 1,
    "Plan Width": 8,
    "Actual Startup Time": 493.826,
    "Actual Total Time": 518.53,
    "Actual Rows": 1,
    "Actual Loops": 1,
    "Plans": [
      {
        "Node Type": "Gather",
        "Parent Relationship": "Outer",
        "Parallel Aware": false,
        "Startup Cost": 180680.88,
        "Total Cost": 180680.99,
        "Plan Rows": 1,
        "Plan Width": 8,
        "Actual Startup Time": 491.794,
        "Actual Total Time": 518.521,
        "Actual Rows": 2,
        "Actual Loops": 1,
        "Workers Planned": 1,
        "Workers Launched": 1,
        "Single Copy": false,
        "Plans": [
          {
            "Node Type": "Aggregate",
            "Strategy": "Plain",
            "Partial Mode": "Partial",
            "Parent Relationship": "Outer",
            "Parallel Aware": false,
            "Startup Cost": 179680.88,
            "Total Cost": 179680.89,
            "Plan Rows": 1,
            "Plan Width": 8,
            "Actual Startup Time": 486.06,
            "Actual Total Time": 486.065,
            "Actual Rows": 1,
            "Actual Loops": 2,
            "Plans": [
              {
                "Node Type": "Nested Loop",
                "Parent Relationship": "Outer",
                "Parallel Aware": false,
                "Join Type": "Inner",
                "Startup Cost": 64384.19,
                "Total Cost": 179099.75,
                "Plan Rows": 232451,
                "Plan Width": 0,
                "Actual Startup Time": 310.982,
                "Actual Total Time": 480.881,
                "Actual Rows": 109340,
                "Actual Loops": 2,
                "Inner Unique": false,
                "Plans": [
                  {
                    "Node Type": "Hash Join",
                    "Parent Relationship": "Outer",
                    "Parallel Aware": true,
                    "Join Type": "Inner",
                    "Startup Cost": 64383.76,
                    "Total Cost": 74293.3,
                    "Plan Rows": 39754,
                    "Plan Width": 8,
                    "Actual Startup Time": 310.903,
                    "Actual Total Time": 355.451,
                    "Actual Rows": 12894,
                    "Actual Loops": 2,
                    "Inner Unique": true,
                    "Hash Cond": "(ci.movie_id = t.id)",
                    "Plans": [
                      {
                        "Node Type": "Index Scan",
                        "Parent Relationship": "Outer",
                        "Parallel Aware": true,
                        "Scan Direction": "Forward",
                        "Index Name": "role_id_cast_info",
                        "Relation Name": "cast_info",
                        "Alias": "ci",
                        "Startup Cost": 0.56,
                        "Total Cost": 9590.86,
                        "Plan Rows": 121618,
                        "Plan Width": 4,
                        "Actual Startup Time": 0.064,
                        "Actual Total Time": 20.951,
                        "Actual Rows": 41432,
                        "Actual Loops": 2,
                        "Index Cond": "(role_id > 10)",
                        "Rows Removed by Index Recheck": 0,
                        "Filter": "(person_id < 2602014)",
                        "Rows Removed by Filter": 116626
                      },
                      {
                        "Node Type": "Hash",
                        "Parent Relationship": "Inner",
                        "Parallel Aware": true,
                        "Startup Cost": 58306.47,
                        "Total Cost": 58306.47,
                        "Plan Rows": 486138,
                        "Plan Width": 4,
                        "Actual Startup Time": 301.744,
                        "Actual Total Time": 301.746,
                        "Actual Rows": 438093,
                        "Actual Loops": 2,
                        "Hash Buckets": 1048576,
                        "Original Hash Buckets": 1048576,
                        "Hash Batches": 1,
                        "Original Hash Batches": 1,
                        "Peak Memory Usage": 42528,
                        "Plans": [
                          {
                            "Node Type": "Seq Scan",
                            "Parent Relationship": "Outer",
                            "Parallel Aware": true,
                            "Relation Name": "title",
                            "Alias": "t",
                            "Startup Cost": 0.0,
                            "Total Cost": 58306.47,
                            "Plan Rows": 486138,
                            "Plan Width": 4,
                            "Actual Startup Time": 0.035,
                            "Actual Total Time": 168.985,
                            "Actual Rows": 438093,
                            "Actual Loops": 2,
                            "Filter": "((kind_id > 1) AND (production_year > 2004))",
                            "Rows Removed by Filter": 826063
                          }
                        ]
                      }
                    ]
                  },
                  {
                    "Node Type": "Index Only Scan",
                    "Parent Relationship": "Inner",
                    "Parallel Aware": false,
                    "Scan Direction": "Forward",
                    "Index Name": "movie_id_movie_info",
                    "Relation Name": "movie_info",
                    "Alias": "mi",
                    "Startup Cost": 0.43,
                    "Total Cost": 2.22,
                    "Plan Rows": 42,
                    "Plan Width": 4,
                    "Actual Startup Time": 0.003,
                    "Actual Total Time": 0.009,
                    "Actual Rows": 8,
                    "Actual Loops": 25789,
                    "Index Cond": "(movie_id = t.id)",
                    "Rows Removed by Index Recheck": 0,
                    "Heap Fetches": 218680
                  }
                ]
              }
            ]
          }
        ]
      }
    ]
  },
  "Planning Time": 0.961,
  "Triggers": [],
  "Execution Time": 518.621
}