[
  {
    "Plan": {
      "Node Type": "Aggregate",
      "Strategy": "Plain",
      "Partial Mode": "Finalize",
      "Parallel Aware": false,
      "Startup Cost": 32690.17,
      "Total Cost": 32690.18,
      "Plan Rows": 1,
      "Plan Width": 8,
      "Actual Startup Time": 102.607,
      "Actual Total Time": 110.403,
      "Actual Rows": 1,
      "Actual Loops": 1,
      "Plans": [
        {
          "Node Type": "Gather",
          "Parent Relationship": "Outer",
          "Parallel Aware": false,
          "Startup Cost": 32689.85,
          "Total Cost": 32690.16,
          "Plan Rows": 3,
          "Plan Width": 8,
          "Actual Startup Time": 102.442,
          "Actual Total Time": 110.392,
          "Actual Rows": 4,
          "Actual Loops": 1,
          "Workers Planned": 3,
          "Workers Launched": 3,
          "Single Copy": false,
          "Plans": [
            {
              "Node Type": "Aggregate",
              "Strategy": "Plain",
              "Partial Mode": "Partial",
              "Parent Relationship": "Outer",
              "Parallel Aware": false,
              "Startup Cost": 31689.85,
              "Total Cost": 31689.86,
              "Plan Rows": 1,
              "Plan Width": 8,
              "Actual Startup Time": 94.027,
              "Actual Total Time": 94.028,
              "Actual Rows": 1,
              "Actual Loops": 4,
              "Plans": [
                {
                  "Node Type": "Seq Scan",
                  "Parent Relationship": "Outer",
                  "Parallel Aware": true,
                  "Relation Name": "movie_companies",
                  "Alias": "mc",
                  "Startup Cost": 0.0,
                  "Total Cost": 31414.82,
                  "Plan Rows": 110013,
                  "Plan Width": 0,
                  "Actual Startup Time": 34.552,
                  "Actual Total Time": 93.313,
                  "Actual Rows": 9121,
                  "Actual Loops": 4,
                  "Filter": "((company_id > 44168) AND (company_type_id = 1))",
                  "Rows Removed by Filter": 643161
                }
              ]
            }
          ]
        }
      ]
    },
    "Planning Time": 0.205,
    "Triggers": [],
    "Execution Time": 110.461
  }
]