[
  {
    "Plan": {
      "Node Type": "Aggregate",
      "Strategy": "Plain",
      "Partial Mode": "Finalize",
      "Parallel Aware": false,
      "Startup Cost": 75423.3,
      "Total Cost": 75423.31,
      "Plan Rows": 1,
      "Plan Width": 8,
      "Actual Startup Time": 156.031,
      "Actual Total Time": 175.621,
      "Actual Rows": 1,
      "Actual Loops": 1,
      "Plans": [
        {
          "Node Type": "Gather",
          "Parent Relationship": "Outer",
          "Parallel Aware": false,
          "Startup Cost": 75422.98,
          "Total Cost": 75423.29,
          "Plan Rows": 3,
          "Plan Width": 8,
          "Actual Startup Time": 155.711,
          "Actual Total Time": 175.615,
          "Actual Rows": 4,
          "Actual Loops": 1,
          "Workers Planned": 3,
          "Workers Launched": 3,
          "Single Copy": false,
          "Plans": [
            {
              "Node Type": "Aggregate",
              "Strategy": "Plain",
              "Partial Mode": "Partial",
              "Parent Relationship": "Outer",
              "Parallel Aware": false,
              "Startup Cost": 74422.98,
              "Total Cost": 74422.99,
              "Plan Rows": 1,
              "Plan Width": 8,
              "Actual Startup Time": 146.62,
              "Actual Total Time": 146.624,
              "Actual Rows": 1,
              "Actual Loops": 4,
              "Plans": [
                {
                  "Node Type": "Nested Loop",
                  "Parent Relationship": "Outer",
                  "Parallel Aware": false,
                  "Join Type": "Inner",
                  "Startup Cost": 45595.54,
                  "Total Cost": 74415.03,
                  "Plan Rows": 3181,
                  "Plan Width": 0,
                  "Actual Startup Time": 106.674,
                  "Actual Total Time": 146.261,
                  "Actual Rows": 3504,
                  "Actual Loops": 4,
                  "Inner Unique": false,
                  "Join Filter": "(t.id = ci.movie_id)",
                  "Rows Removed by Join Filter": 0,
                  "Plans": [
                    {
                      "Node Type": "Hash Join",
                      "Parent Relationship": "Outer",
                      "Parallel Aware": true,
                      "Join Type": "Inner",
                      "Startup Cost": 45594.98,
                      "Total Cost": 70422.0,
                      "Plan Rows": 222,
                      "Plan Width": 8,
                      "Actual Startup Time": 106.589,
                      "Actual Total Time": 127.889,
                      "Actual Rows": 266,
                      "Actual Loops": 4,
                      "Inner Unique": true,
                      "Hash Cond": "(mk.movie_id = t.id)",
                      "Plans": [
                        {
                          "Node Type": "Bitmap Heap Scan",
                          "Parent Relationship": "Outer",
                          "Parallel Aware": true,
                          "Relation Name": "movie_keyword",
                          "Alias": "mk",
                          "Startup Cost": 1624.95,
                          "Total Cost": 26387.23,
                          "Plan Rows": 24663,
                          "Plan Width": 4,
                          "Actual Startup Time": 8.02,
                          "Actual Total Time": 26.368,
                          "Actual Rows": 18124,
                          "Actual Loops": 4,
                          "Recheck Cond": "(keyword_id = 335)",
                          "Rows Removed by Index Recheck": 0,
                          "Exact Heap Blocks": 8880,
                          "Lossy Heap Blocks": 0,
                          "Plans": [
                            {
                              "Node Type": "Bitmap Index Scan",
                              "Parent Relationship": "Outer",
                              "Parallel Aware": false,
                              "Index Name": "keyword_id_movie_keyword",
                              "Startup Cost": 0.0,
                              "Total Cost": 1605.84,
                              "Plan Rows": 76454,
                              "Plan Width": 0,
                              "Actual Startup Time": 5.693,
                              "Actual Total Time": 5.694,
                              "Actual Rows": 72496,
                              "Actual Loops": 1,
                              "Index Cond": "(keyword_id = 335)"
                            }
                          ]
                        },
                        {
                          "Node Type": "Hash",
                          "Parent Relationship": "Inner",
                          "Parallel Aware": true,
                          "Startup Cost": 43898.92,
                          "Total Cost": 43898.92,
                          "Plan Rows": 5689,
                          "Plan Width": 4,
                          "Actual Startup Time": 96.468,
                          "Actual Total Time": 96.469,
                          "Actual Rows": 5760,
                          "Actual Loops": 4,
                          "Hash Buckets": 32768,
                          "Original Hash Buckets": 32768,
                          "Hash Batches": 1,
                          "Original Hash Batches": 1,
                          "Peak Memory Usage": 1216,
                          "Plans": [
                            {
                              "Node Type": "Seq Scan",
                              "Parent Relationship": "Outer",
                              "Parallel Aware": true,
                              "Relation Name": "title",
                              "Alias": "t",
                              "Startup Cost": 0.0,
                              "Total Cost": 43898.92,
                              "Plan Rows": 5689,
                              "Plan Width": 4,
                              "Actual Startup Time": 0.07,
                              "Actual Total Time": 93.097,
                              "Actual Rows": 5760,
                              "Actual Loops": 4,
                              "Filter": "(production_year = 1990)",
                              "Rows Removed by Filter": 626318
                            }
                          ]
                        }
                      ]
                    },
                    {
                      "Node Type": "Index Only Scan",
                      "Parent Relationship": "Inner",
                      "Parallel Aware": false,
                      "Scan Direction": "Forward",
                      "Index Name": "movie_id_cast_info",
                      "Relation Name": "cast_info",
                      "Alias": "ci",
                      "Startup Cost": 0.56,
                      "Total Cost": 17.52,
                      "Plan Rows": 37,
                      "Plan Width": 4,
                      "Actual Startup Time": 0.014,
                      "Actual Total Time": 0.067,
                      "Actual Rows": 13,
                      "Actual Loops": 1063,
                      "Index Cond": "(movie_id = mk.movie_id)",
                      "Rows Removed by Index Recheck": 0,
                      "Heap Fetches": 14014
                    }
                  ]
                }
              ]
            }
          ]
        }
      ]
    },
    "Planning Time": 1.363,
    "Triggers": [],
    "Execution Time": 175.725
  }
]