{
    "Plan": {
        "Node Type": "Aggregate",
        "Strategy": "Plain",
        "Partial Mode": "Finalize",
        "Parallel Aware": false,
        "Startup Cost": 90483.91,
        "Total Cost": 90483.92,
        "Plan Rows": 1,
        "Plan Width": 8,
        "Actual Startup Time": 252.637,
        "Actual Total Time": 276.069,
        "Actual Rows": 1,
        "Actual Loops": 1,
        "Output": [
            "count(*)"
        ],
        "Plans": [
            {
                "Node Type": "Gather",
                "Parent Relationship": "Outer",
                "Parallel Aware": false,
                "Startup Cost": 90483.59,
                "Total Cost": 90483.9,
                "Plan Rows": 3,
                "Plan Width": 8,
                "Actual Startup Time": 252.196,
                "Actual Total Time": 276.06,
                "Actual Rows": 4,
                "Actual Loops": 1,
                "Output": [
                    "(PARTIAL count(*))"
                ],
                "Workers Planned": 3,
                "Workers Launched": 3,
                "Single Copy": false,
                "Plans": [
                    {
                        "Node Type": "Aggregate",
                        "Strategy": "Plain",
                        "Partial Mode": "Partial",
                        "Parent Relationship": "Outer",
                        "Parallel Aware": false,
                        "Startup Cost": 89483.59,
                        "Total Cost": 89483.6,
                        "Plan Rows": 1,
                        "Plan Width": 8,
                        "Actual Startup Time": 243.138,
                        "Actual Total Time": 243.141,
                        "Actual Rows": 1,
                        "Actual Loops": 4,
                        "Output": [
                            "PARTIAL count(*)"
                        ],
                        "Workers": [
                            {
                                "Worker Number": 0,
                                "Actual Startup Time": 240.16,
                                "Actual Total Time": 240.162,
                                "Actual Rows": 1,
                                "Actual Loops": 1
                            },
                            {
                                "Worker Number": 1,
                                "Actual Startup Time": 240.345,
                                "Actual Total Time": 240.348,
                                "Actual Rows": 1,
                                "Actual Loops": 1
                            },
                            {
                                "Worker Number": 2,
                                "Actual Startup Time": 240.517,
                                "Actual Total Time": 240.52,
                                "Actual Rows": 1,
                                "Actual Loops": 1
                            }
                        ],
                        "Plans": [
                            {
                                "Node Type": "Hash Join",
                                "Parent Relationship": "Outer",
                                "Parallel Aware": true,
                                "Join Type": "Inner",
                                "Startup Cost": 45748.93,
                                "Total Cost": 89450.87,
                                "Plan Rows": 13087,
                                "Plan Width": 0,
                                "Actual Startup Time": 132.196,
                                "Actual Total Time": 241.392,
                                "Actual Rows": 37034,
                                "Actual Loops": 4,
                                "Inner Unique": true,
                                "Hash Cond": "(mk.movie_id = t.id)",
                                "Workers": [
                                    {
                                        "Worker Number": 0,
                                        "Actual Startup Time": 129.257,
                                        "Actual Total Time": 238.455,
                                        "Actual Rows": 35119,
                                        "Actual Loops": 1
                                    },
                                    {
                                        "Worker Number": 1,
                                        "Actual Startup Time": 129.334,
                                        "Actual Total Time": 238.735,
                                        "Actual Rows": 32865,
                                        "Actual Loops": 1
                                    },
                                    {
                                        "Worker Number": 2,
                                        "Actual Startup Time": 129.589,
                                        "Actual Total Time": 238.811,
                                        "Actual Rows": 34781,
                                        "Actual Loops": 1
                                    }
                                ],
                                "Plans": [
                                    {
                                        "Node Type": "Seq Scan",
                                        "Parent Relationship": "Outer",
                                        "Parallel Aware": true,
                                        "Relation Name": "movie_keyword",
                                        "Schema": "public",
                                        "Alias": "mk",
                                        "Startup Cost": 0.0,
                                        "Total Cost": 42695.65,
                                        "Plan Rows": 383347,
                                        "Plan Width": 4,
                                        "Actual Startup Time": 0.975,
                                        "Actual Total Time": 102.406,
                                        "Actual Rows": 289476,
                                        "Actual Loops": 4,
                                        "Output": [
                                            "mk.id",
                                            "mk.movie_id",
                                            "mk.keyword_id"
                                        ],
                                        "Filter": "(mk.keyword_id > 16131)",
                                        "Rows Removed by Filter": 841507,
                                        "Workers": [
                                            {
                                                "Worker Number": 0,
                                                "Actual Startup Time": 1.004,
                                                "Actual Total Time": 104.309,
                                                "Actual Rows": 269598,
                                                "Actual Loops": 1
                                            },
                                            {
                                                "Worker Number": 1,
                                                "Actual Startup Time": 0.931,
                                                "Actual Total Time": 102.92,
                                                "Actual Rows": 254597,
                                                "Actual Loops": 1
                                            },
                                            {
                                                "Worker Number": 2,
                                                "Actual Startup Time": 0.98,
                                                "Actual Total Time": 104.141,
                                                "Actual Rows": 267897,
                                                "Actual Loops": 1
                                            }
                                        ]
                                    },
                                    {
                                        "Node Type": "Hash",
                                        "Parent Relationship": "Inner",
                                        "Parallel Aware": true,
                                        "Startup Cost": 45479.21,
                                        "Total Cost": 45479.21,
                                        "Plan Rows": 21578,
                                        "Plan Width": 4,
                                        "Actual Startup Time": 104.993,
                                        "Actual Total Time": 104.994,
                                        "Actual Rows": 29126,
                                        "Actual Loops": 4,
                                        "Output": [
                                            "t.id"
                                        ],
                                        "Hash Buckets": 131072,
                                        "Original Hash Buckets": 131072,
                                        "Hash Batches": 1,
                                        "Original Hash Batches": 1,
                                        "Peak Memory Usage": 5632,
                                        "Workers": [
                                            {
                                                "Worker Number": 0,
                                                "Actual Startup Time": 103.361,
                                                "Actual Total Time": 103.362,
                                                "Actual Rows": 27877,
                                                "Actual Loops": 1
                                            },
                                            {
                                                "Worker Number": 1,
                                                "Actual Startup Time": 103.458,
                                                "Actual Total Time": 103.458,
                                                "Actual Rows": 25293,
                                                "Actual Loops": 1
                                            },
                                            {
                                                "Worker Number": 2,
                                                "Actual Startup Time": 103.704,
                                                "Actual Total Time": 103.705,
                                                "Actual Rows": 27612,
                                                "Actual Loops": 1
                                            }
                                        ],
                                        "Plans": [
                                            {
                                                "Node Type": "Seq Scan",
                                                "Parent Relationship": "Outer",
                                                "Parallel Aware": true,
                                                "Relation Name": "title",
                                                "Schema": "public",
                                                "Alias": "t",
                                                "Startup Cost": 0.0,
                                                "Total Cost": 45479.21,
                                                "Plan Rows": 21578,
                                                "Plan Width": 4,
                                                "Actual Startup Time": 61.469,
                                                "Actual Total Time": 96.581,
                                                "Actual Rows": 29126,
                                                "Actual Loops": 4,
                                                "Output": [
                                                    "t.id"
                                                ],
                                                "Filter": "((t.production_year > 1985) AND (t.kind_id = 4))",
                                                "Rows Removed by Filter": 602952,
                                                "Workers": [
                                                    {
                                                        "Worker Number": 0,
                                                        "Actual Startup Time": 59.557,
                                                        "Actual Total Time": 95.15,
                                                        "Actual Rows": 27877,
                                                        "Actual Loops": 1
                                                    },
                                                    {
                                                        "Worker Number": 1,
                                                        "Actual Startup Time": 60.083,
                                                        "Actual Total Time": 95.244,
                                                        "Actual Rows": 25293,
                                                        "Actual Loops": 1
                                                    },
                                                    {
                                                        "Worker Number": 2,
                                                        "Actual Startup Time": 59.858,
                                                        "Actual Total Time": 95.528,
                                                        "Actual Rows": 27612,
                                                        "Actual Loops": 1
                                                    }
                                                ]
                                            }
                                        ]
                                    }
                                ]
                            }
                        ]
                    }
                ]
            }
        ]
    },
    "Planning Time": 0.706,
    "Triggers": [],
    "Execution Time": 276.145
}