[
  {
    "Plan": {
      "Node Type": "Aggregate",
      "Strategy": "Plain",
      "Partial Mode": "Simple",
      "Parallel Aware": false,
      "Startup Cost": 39057.27,
      "Total Cost": 39057.28,
      "Plan Rows": 1,
      "Plan Width": 8,
      "Actual Startup Time": 60.896,
      "Actual Total Time": 60.897,
      "Actual Rows": 1,
      "Actual Loops": 1,
      "Plans": [
        {
          "Node Type": "Bitmap Heap Scan",
          "Parent Relationship": "Outer",
          "Parallel Aware": false,
          "Relation Name": "title",
          "Alias": "t",
          "Startup Cost": 1662.37,
          "Total Cost": 39056.0,
          "Plan Rows": 506,
          "Plan Width": 0,
          "Actual Startup Time": 26.445,
          "Actual Total Time": 60.83,
          "Actual Rows": 826,
          "Actual Loops": 1,
          "Recheck Cond": "(kind_id = 2)",
          "Rows Removed by Index Recheck": 0,
          "Filter": "(production_year = 1982)",
          "Rows Removed by Filter": 90026,
          "Exact Heap Blocks": 23872,
          "Lossy Heap Blocks": 0,
          "Plans": [
            {
              "Node Type": "Bitmap Index Scan",
              "Parent Relationship": "Outer",
              "Parallel Aware": false,
              "Index Name": "kind_id_title",
              "Startup Cost": 0.0,
              "Total Cost": 1662.25,
              "Plan Rows": 93042,
              "Plan Width": 0,
              "Actual Startup Time": 18.29,
              "Actual Total Time": 18.29,
              "Actual Rows": 90852,
              "Actual Loops": 1,
              "Index Cond": "(kind_id = 2)"
            }
          ]
        }
      ]
    },
    "Planning Time": 0.153,
    "Triggers": [],
    "Execution Time": 60.95
  }
]