{
  "Plan": {
    "Node Type": "Aggregate",
    "Strategy": "Plain",
    "Partial Mode": "Finalize",
    "Parallel Aware": false,
    "Startup Cost": 656956.82,
    "Total Cost": 656956.83,
    "Plan Rows": 1,
    "Plan Width": 8,
    "Actual Startup Time": 7837.575,
    "Actual Total Time": 7907.97,
    "Actual Rows": 1,
    "Actual Loops": 1,
    "Plans": [
      {
        "Node Type": "Gather",
        "Parent Relationship": "Outer",
        "Parallel Aware": false,
        "Startup Cost": 656956.71,
        "Total Cost": 656956.82,
        "Plan Rows": 1,
        "Plan Width": 8,
        "Actual Startup Time": 7834.642,
        "Actual Total Time": 7907.961,
        "Actual Rows": 2,
        "Actual Loops": 1,
        "Workers Planned": 1,
        "Workers Launched": 1,
        "Single Copy": false,
        "Plans": [
          {
            "Node Type": "Aggregate",
            "Strategy": "Plain",
            "Partial Mode": "Partial",
            "Parent Relationship": "Outer",
            "Parallel Aware": false,
            "Startup Cost": 655956.71,
            "Total Cost": 655956.72,
            "Plan Rows": 1,
            "Plan Width": 8,
            "Actual Startup Time": 7828.982,
            "Actual Total Time": 7828.986,
            "Actual Rows": 1,
            "Actual Loops": 2,
            "Plans": [
              {
                "Node Type": "Hash Join",
                "Parent Relationship": "Outer",
                "Parallel Aware": true,
                "Join Type": "Inner",
                "Startup Cost": 67549.13,
                "Total Cost": 633675.38,
                "Plan Rows": 8912531,
                "Plan Width": 0,
                "Actual Startup Time": 602.484,
                "Actual Total Time": 7465.964,
                "Actual Rows": 8536094,
                "Actual Loops": 2,
                "Inner Unique": true,
                "Hash Cond": "(ci.movie_id = t.id)",
                "Plans": [
                  {
                    "Node Type": "Seq Scan",
                    "Parent Relationship": "Outer",
                    "Parallel Aware": true,
                    "Relation Name": "cast_info",
                    "Alias": "ci",
                    "Startup Cost": 0.0,
                    "Total Cost": 519069.44,
                    "Plan Rows": 17926374,
                    "Plan Width": 4,
                    "Actual Startup Time": 159.248,
                    "Actual Total Time": 1721.781,
                    "Actual Rows": 15174298,
                    "Actual Loops": 2,
                    "Filter": "(person_id > 570987)",
                    "Rows Removed by Filter": 2947874
                  },
                  {
                    "Node Type": "Hash",
                    "Parent Relationship": "Inner",
                    "Parallel Aware": true,
                    "Startup Cost": 58306.47,
                    "Total Cost": 58306.47,
                    "Plan Rows": 739413,
                    "Plan Width": 4,
                    "Actual Startup Time": 432.798,
                    "Actual Total Time": 432.799,
                    "Actual Rows": 687614,
                    "Actual Loops": 2,
                    "Hash Buckets": 2097152,
                    "Original Hash Buckets": 2097152,
                    "Hash Batches": 1,
                    "Original Hash Batches": 1,
                    "Peak Memory Usage": 70208,
                    "Plans": [
                      {
                        "Node Type": "Seq Scan",
                        "Parent Relationship": "Outer",
                        "Parallel Aware": true,
                        "Relation Name": "title",
                        "Alias": "t",
                        "Startup Cost": 0.0,
                        "Total Cost": 58306.47,
                        "Plan Rows": 739413,
                        "Plan Width": 4,
                        "Actual Startup Time": 0.023,
                        "Actual Total Time": 201.042,
                        "Actual Rows": 687614,
                        "Actual Loops": 2,
                        "Filter": "((kind_id > 1) AND (production_year > 1992))",
                        "Rows Removed by Filter": 576542
                      }
                    ]
                  }
                ]
              }
            ]
          }
        ]
      }
    ]
  },
  "Planning Time": 0.335,
  "Triggers": [],
  "Execution Time": 7908.025
}