{
  "Plan": {
    "Node Type": "Aggregate",
    "Strategy": "Plain",
    "Partial Mode": "Finalize",
    "Parallel Aware": false,
    "Startup Cost": 122006.81,
    "Total Cost": 122006.82,
    "Plan Rows": 1,
    "Plan Width": 8,
    "Actual Startup Time": 427.923,
    "Actual Total Time": 442.812,
    "Actual Rows": 1,
    "Actual Loops": 1,
    "Plans": [
      {
        "Node Type": "Gather",
        "Parent Relationship": "Outer",
        "Parallel Aware": false,
        "Startup Cost": 122006.7,
        "Total Cost": 122006.81,
        "Plan Rows": 1,
        "Plan Width": 8,
        "Actual Startup Time": 427.624,
        "Actual Total Time": 442.805,
        "Actual Rows": 2,
        "Actual Loops": 1,
        "Workers Planned": 1,
        "Workers Launched": 1,
        "Single Copy": false,
        "Plans": [
          {
            "Node Type": "Aggregate",
            "Strategy": "Plain",
            "Partial Mode": "Partial",
            "Parent Relationship": "Outer",
            "Parallel Aware": false,
            "Startup Cost": 121006.7,
            "Total Cost": 121006.71,
            "Plan Rows": 1,
            "Plan Width": 8,
            "Actual Startup Time": 421.998,
            "Actual Total Time": 422.002,
            "Actual Rows": 1,
            "Actual Loops": 2,
            "Plans": [
              {
                "Node Type": "Hash Join",
                "Parent Relationship": "Outer",
                "Parallel Aware": true,
                "Join Type": "Inner",
                "Startup Cost": 58688.04,
                "Total Cost": 120918.49,
                "Plan Rows": 35283,
                "Plan Width": 0,
                "Actual Startup Time": 144.922,
                "Actual Total Time": 421.729,
                "Actual Rows": 6187,
                "Actual Loops": 2,
                "Inner Unique": true,
                "Hash Cond": "(mk.movie_id = t.id)",
                "Plans": [
                  {
                    "Node Type": "Seq Scan",
                    "Parent Relationship": "Outer",
                    "Parallel Aware": true,
                    "Relation Name": "movie_keyword",
                    "Alias": "mk",
                    "Startup Cost": 0.0,
                    "Total Cost": 57718.19,
                    "Plan Rows": 1718951,
                    "Plan Width": 4,
                    "Actual Startup Time": 0.015,
                    "Actual Total Time": 182.26,
                    "Actual Rows": 1458780,
                    "Actual Loops": 2,
                    "Filter": "(keyword_id < 9489)",
                    "Rows Removed by Filter": 803185
                  },
                  {
                    "Node Type": "Hash",
                    "Parent Relationship": "Inner",
                    "Parallel Aware": true,
                    "Startup Cost": 58306.47,
                    "Total Cost": 58306.47,
                    "Plan Rows": 30526,
                    "Plan Width": 4,
                    "Actual Startup Time": 143.197,
                    "Actual Total Time": 143.198,
                    "Actual Rows": 28240,
                    "Actual Loops": 2,
                    "Hash Buckets": 65536,
                    "Original Hash Buckets": 65536,
                    "Hash Batches": 1,
                    "Original Hash Batches": 1,
                    "Peak Memory Usage": 2784,
                    "Plans": [
                      {
                        "Node Type": "Seq Scan",
                        "Parent Relationship": "Outer",
                        "Parallel Aware": true,
                        "Relation Name": "title",
                        "Alias": "t",
                        "Startup Cost": 0.0,
                        "Total Cost": 58306.47,
                        "Plan Rows": 30526,
                        "Plan Width": 4,
                        "Actual Startup Time": 0.038,
                        "Actual Total Time": 134.971,
                        "Actual Rows": 28240,
                        "Actual Loops": 2,
                        "Filter": "((kind_id = 7) AND (production_year = 2004))",
                        "Rows Removed by Filter": 1235916
                      }
                    ]
                  }
                ]
              }
            ]
          }
        ]
      }
    ]
  },
  "Planning Time": 0.515,
  "Triggers": [],
  "Execution Time": 442.879
}