{
    "Plan": {
        "Node Type": "Aggregate",
        "Strategy": "Plain",
        "Partial Mode": "Finalize",
        "Parallel Aware": false,
        "Startup Cost": 118201.97,
        "Total Cost": 118201.98,
        "Plan Rows": 1,
        "Plan Width": 8,
        "Actual Startup Time": 680.984,
        "Actual Total Time": 704.571,
        "Actual Rows": 1,
        "Actual Loops": 1,
        "Output": [
            "count(*)"
        ],
        "Plans": [
            {
                "Node Type": "Gather",
                "Parent Relationship": "Outer",
                "Parallel Aware": false,
                "Startup Cost": 118201.66,
                "Total Cost": 118201.97,
                "Plan Rows": 3,
                "Plan Width": 8,
                "Actual Startup Time": 672.658,
                "Actual Total Time": 704.559,
                "Actual Rows": 4,
                "Actual Loops": 1,
                "Output": [
                    "(PARTIAL count(*))"
                ],
                "Workers Planned": 3,
                "Workers Launched": 3,
                "Single Copy": false,
                "Plans": [
                    {
                        "Node Type": "Aggregate",
                        "Strategy": "Plain",
                        "Partial Mode": "Partial",
                        "Parent Relationship": "Outer",
                        "Parallel Aware": false,
                        "Startup Cost": 117201.66,
                        "Total Cost": 117201.67,
                        "Plan Rows": 1,
                        "Plan Width": 8,
                        "Actual Startup Time": 663.729,
                        "Actual Total Time": 664.205,
                        "Actual Rows": 1,
                        "Actual Loops": 4,
                        "Output": [
                            "PARTIAL count(*)"
                        ],
                        "Workers": [
                            {
                                "Worker Number": 0,
                                "Actual Startup Time": 661.563,
                                "Actual Total Time": 661.568,
                                "Actual Rows": 1,
                                "Actual Loops": 1
                            },
                            {
                                "Worker Number": 1,
                                "Actual Startup Time": 660.553,
                                "Actual Total Time": 660.567,
                                "Actual Rows": 1,
                                "Actual Loops": 1
                            },
                            {
                                "Worker Number": 2,
                                "Actual Startup Time": 660.97,
                                "Actual Total Time": 660.975,
                                "Actual Rows": 1,
                                "Actual Loops": 1
                            }
                        ],
                        "Plans": [
                            {
                                "Node Type": "Hash Join",
                                "Parent Relationship": "Outer",
                                "Parallel Aware": true,
                                "Join Type": "Inner",
                                "Startup Cost": 69555.87,
                                "Total Cost": 116029.42,
                                "Plan Rows": 468896,
                                "Plan Width": 0,
                                "Actual Startup Time": 418.497,
                                "Actual Total Time": 652.121,
                                "Actual Rows": 276776,
                                "Actual Loops": 4,
                                "Inner Unique": false,
                                "Hash Cond": "(mk.movie_id = t.id)",
                                "Workers": [
                                    {
                                        "Worker Number": 0,
                                        "Actual Startup Time": 415.743,
                                        "Actual Total Time": 649.155,
                                        "Actual Rows": 195558,
                                        "Actual Loops": 1
                                    },
                                    {
                                        "Worker Number": 1,
                                        "Actual Startup Time": 415.55,
                                        "Actual Total Time": 648.718,
                                        "Actual Rows": 300225,
                                        "Actual Loops": 1
                                    },
                                    {
                                        "Worker Number": 2,
                                        "Actual Startup Time": 415.912,
                                        "Actual Total Time": 649.476,
                                        "Actual Rows": 292248,
                                        "Actual Loops": 1
                                    }
                                ],
                                "Plans": [
                                    {
                                        "Node Type": "Seq Scan",
                                        "Parent Relationship": "Outer",
                                        "Parallel Aware": true,
                                        "Relation Name": "movie_keyword",
                                        "Schema": "public",
                                        "Alias": "mk",
                                        "Startup Cost": 0.0,
                                        "Total Cost": 39047.32,
                                        "Plan Rows": 1459332,
                                        "Plan Width": 4,
                                        "Actual Startup Time": 0.023,
                                        "Actual Total Time": 108.841,
                                        "Actual Rows": 1130982,
                                        "Actual Loops": 4,
                                        "Output": [
                                            "mk.id",
                                            "mk.movie_id",
                                            "mk.keyword_id"
                                        ],
                                        "Workers": [
                                            {
                                                "Worker Number": 0,
                                                "Actual Startup Time": 0.033,
                                                "Actual Total Time": 111.855,
                                                "Actual Rows": 783045,
                                                "Actual Loops": 1
                                            },
                                            {
                                                "Worker Number": 1,
                                                "Actual Startup Time": 0.022,
                                                "Actual Total Time": 113.23,
                                                "Actual Rows": 1180855,
                                                "Actual Loops": 1
                                            },
                                            {
                                                "Worker Number": 2,
                                                "Actual Startup Time": 0.023,
                                                "Actual Total Time": 114.52,
                                                "Actual Rows": 1170680,
                                                "Actual Loops": 1
                                            }
                                        ]
                                    },
                                    {
                                        "Node Type": "Hash",
                                        "Parent Relationship": "Inner",
                                        "Parallel Aware": true,
                                        "Startup Cost": 65324.77,
                                        "Total Cost": 65324.77,
                                        "Plan Rows": 338488,
                                        "Plan Width": 8,
                                        "Actual Startup Time": 413.453,
                                        "Actual Total Time": 413.927,
                                        "Actual Rows": 106392,
                                        "Actual Loops": 4,
                                        "Output": [
                                            "t.id",
                                            "mi_idx.movie_id"
                                        ],
                                        "Hash Buckets": 1048576,
                                        "Original Hash Buckets": 1048576,
                                        "Hash Batches": 1,
                                        "Original Hash Batches": 1,
                                        "Peak Memory Usage": 24928,
                                        "Workers": [
                                            {
                                                "Worker Number": 0,
                                                "Actual Startup Time": 414.709,
                                                "Actual Total Time": 414.712,
                                                "Actual Rows": 81887,
                                                "Actual Loops": 1
                                            },
                                            {
                                                "Worker Number": 1,
                                                "Actual Startup Time": 414.807,
                                                "Actual Total Time": 414.819,
                                                "Actual Rows": 114190,
                                                "Actual Loops": 1
                                            },
                                            {
                                                "Worker Number": 2,
                                                "Actual Startup Time": 415.235,
                                                "Actual Total Time": 415.238,
                                                "Actual Rows": 113873,
                                                "Actual Loops": 1
                                            }
                                        ],
                                        "Plans": [
                                            {
                                                "Node Type": "Hash Join",
                                                "Parent Relationship": "Outer",
                                                "Parallel Aware": true,
                                                "Join Type": "Inner",
                                                "Startup Cost": 50130.21,
                                                "Total Cost": 65324.77,
                                                "Plan Rows": 338488,
                                                "Plan Width": 8,
                                                "Actual Startup Time": 272.781,
                                                "Actual Total Time": 381.191,
                                                "Actual Rows": 106392,
                                                "Actual Loops": 4,
                                                "Output": [
                                                    "t.id",
                                                    "mi_idx.movie_id"
                                                ],
                                                "Inner Unique": true,
                                                "Hash Cond": "(mi_idx.movie_id = t.id)",
                                                "Workers": [
                                                    {
                                                        "Worker Number": 0,
                                                        "Actual Startup Time": 272.781,
                                                        "Actual Total Time": 380.89,
                                                        "Actual Rows": 81887,
                                                        "Actual Loops": 1
                                                    },
                                                    {
                                                        "Worker Number": 1,
                                                        "Actual Startup Time": 272.744,
                                                        "Actual Total Time": 380.213,
                                                        "Actual Rows": 114190,
                                                        "Actual Loops": 1
                                                    },
                                                    {
                                                        "Worker Number": 2,
                                                        "Actual Startup Time": 272.731,
                                                        "Actual Total Time": 380.715,
                                                        "Actual Rows": 113873,
                                                        "Actual Loops": 1
                                                    }
                                                ],
                                                "Plans": [
                                                    {
                                                        "Node Type": "Seq Scan",
                                                        "Parent Relationship": "Outer",
                                                        "Parallel Aware": true,
                                                        "Relation Name": "movie_info_idx",
                                                        "Schema": "public",
                                                        "Alias": "mi_idx",
                                                        "Startup Cost": 0.0,
                                                        "Total Cost": 13685.15,
                                                        "Plan Rows": 575015,
                                                        "Plan Width": 4,
                                                        "Actual Startup Time": 0.015,
                                                        "Actual Total Time": 31.167,
                                                        "Actual Rows": 345009,
                                                        "Actual Loops": 4,
                                                        "Output": [
                                                            "mi_idx.id",
                                                            "mi_idx.movie_id",
                                                            "mi_idx.info_type_id",
                                                            "mi_idx.info",
                                                            "mi_idx.note"
                                                        ],
                                                        "Workers": [
                                                            {
                                                                "Worker Number": 0,
                                                                "Actual Startup Time": 0.031,
                                                                "Actual Total Time": 33.817,
                                                                "Actual Rows": 266449,
                                                                "Actual Loops": 1
                                                            },
                                                            {
                                                                "Worker Number": 1,
                                                                "Actual Startup Time": 0.008,
                                                                "Actual Total Time": 31.396,
                                                                "Actual Rows": 369517,
                                                                "Actual Loops": 1
                                                            },
                                                            {
                                                                "Worker Number": 2,
                                                                "Actual Startup Time": 0.01,
                                                                "Actual Total Time": 31.419,
                                                                "Actual Rows": 362805,
                                                                "Actual Loops": 1
                                                            }
                                                        ]
                                                    },
                                                    {
                                                        "Node Type": "Hash",
                                                        "Parent Relationship": "Inner",
                                                        "Parallel Aware": true,
                                                        "Startup Cost": 45479.21,
                                                        "Total Cost": 45479.21,
                                                        "Plan Rows": 372080,
                                                        "Plan Width": 4,
                                                        "Actual Startup Time": 267.897,
                                                        "Actual Total Time": 267.901,
                                                        "Actual Rows": 369610,
                                                        "Actual Loops": 4,
                                                        "Output": [
                                                            "t.id"
                                                        ],
                                                        "Hash Buckets": 2097152,
                                                        "Original Hash Buckets": 2097152,
                                                        "Hash Batches": 1,
                                                        "Original Hash Batches": 1,
                                                        "Peak Memory Usage": 74304,
                                                        "Workers": [
                                                            {
                                                                "Worker Number": 0,
                                                                "Actual Startup Time": 272.647,
                                                                "Actual Total Time": 272.648,
                                                                "Actual Rows": 274330,
                                                                "Actual Loops": 1
                                                            },
                                                            {
                                                                "Worker Number": 1,
                                                                "Actual Startup Time": 272.607,
                                                                "Actual Total Time": 272.616,
                                                                "Actual Rows": 363353,
                                                                "Actual Loops": 1
                                                            },
                                                            {
                                                                "Worker Number": 2,
                                                                "Actual Startup Time": 272.567,
                                                                "Actual Total Time": 272.568,
                                                                "Actual Rows": 367939,
                                                                "Actual Loops": 1
                                                            }
                                                        ],
                                                        "Plans": [
                                                            {
                                                                "Node Type": "Seq Scan",
                                                                "Parent Relationship": "Outer",
                                                                "Parallel Aware": true,
                                                                "Relation Name": "title",
                                                                "Schema": "public",
                                                                "Alias": "t",
                                                                "Startup Cost": 0.0,
                                                                "Total Cost": 45479.21,
                                                                "Plan Rows": 372080,
                                                                "Plan Width": 4,
                                                                "Actual Startup Time": 0.068,
                                                                "Actual Total Time": 117.992,
                                                                "Actual Rows": 369610,
                                                                "Actual Loops": 4,
                                                                "Output": [
                                                                    "t.id"
                                                                ],
                                                                "Filter": "((t.production_year > 0) AND (t.kind_id = 7))",
                                                                "Rows Removed by Filter": 262468,
                                                                "Workers": [
                                                                    {
                                                                        "Worker Number": 0,
                                                                        "Actual Startup Time": 0.088,
                                                                        "Actual Total Time": 125.393,
                                                                        "Actual Rows": 274330,
                                                                        "Actual Loops": 1
                                                                    },
                                                                    {
                                                                        "Worker Number": 1,
                                                                        "Actual Startup Time": 0.095,
                                                                        "Actual Total Time": 119.931,
                                                                        "Actual Rows": 363353,
                                                                        "Actual Loops": 1
                                                                    },
                                                                    {
                                                                        "Worker Number": 2,
                                                                        "Actual Startup Time": 0.066,
                                                                        "Actual Total Time": 122.383,
                                                                        "Actual Rows": 367939,
                                                                        "Actual Loops": 1
                                                                    }
                                                                ]
                                                            }
                                                        ]
                                                    }
                                                ]
                                            }
                                        ]
                                    }
                                ]
                            }
                        ]
                    }
                ]
            }
        ]
    },
    "Planning Time": 1.537,
    "Triggers": [],
    "Execution Time": 704.666
}