[
  {
    "Plan": {
      "Node Type": "Aggregate",
      "Strategy": "Plain",
      "Partial Mode": "Finalize",
      "Parallel Aware": false,
      "Startup Cost": 354414.17,
      "Total Cost": 354414.18,
      "Plan Rows": 1,
      "Plan Width": 8,
      "Actual Startup Time": 848.117,
      "Actual Total Time": 910.059,
      "Actual Rows": 1,
      "Actual Loops": 1,
      "Plans": [
        {
          "Node Type": "Gather",
          "Parent Relationship": "Outer",
          "Parallel Aware": false,
          "Startup Cost": 354413.54,
          "Total Cost": 354414.15,
          "Plan Rows": 6,
          "Plan Width": 8,
          "Actual Startup Time": 847.964,
          "Actual Total Time": 910.045,
          "Actual Rows": 7,
          "Actual Loops": 1,
          "Workers Planned": 6,
          "Workers Launched": 6,
          "Single Copy": false,
          "Plans": [
            {
              "Node Type": "Aggregate",
              "Strategy": "Plain",
              "Partial Mode": "Partial",
              "Parent Relationship": "Outer",
              "Parallel Aware": false,
              "Startup Cost": 353413.54,
              "Total Cost": 353413.55,
              "Plan Rows": 1,
              "Plan Width": 8,
              "Actual Startup Time": 840.55,
              "Actual Total Time": 840.551,
              "Actual Rows": 1,
              "Actual Loops": 7,
              "Plans": [
                {
                  "Node Type": "Seq Scan",
                  "Parent Relationship": "Outer",
                  "Parallel Aware": true,
                  "Relation Name": "cast_info",
                  "Alias": "ci",
                  "Startup Cost": 0.0,
                  "Total Cost": 343257.03,
                  "Plan Rows": 4062606,
                  "Plan Width": 0,
                  "Actual Startup Time": 0.043,
                  "Actual Total Time": 687.73,
                  "Actual Rows": 3837092,
                  "Actual Loops": 7,
                  "Filter": "((person_id < 3491778) AND (role_id < 5))",
                  "Rows Removed by Filter": 1340672
                }
              ]
            }
          ]
        }
      ]
    },
    "Planning Time": 0.236,
    "Triggers": [],
    "Execution Time": 910.175
  }
]