{
  "Plan": {
    "Node Type": "Aggregate",
    "Strategy": "Plain",
    "Partial Mode": "Finalize",
    "Parallel Aware": false,
    "Startup Cost": 131313.29,
    "Total Cost": 131313.3,
    "Plan Rows": 1,
    "Plan Width": 8,
    "Actual Startup Time": 151.572,
    "Actual Total Time": 164.679,
    "Actual Rows": 1,
    "Actual Loops": 1,
    "Plans": [
      {
        "Node Type": "Gather",
        "Parent Relationship": "Outer",
        "Parallel Aware": false,
        "Startup Cost": 131313.18,
        "Total Cost": 131313.29,
        "Plan Rows": 1,
        "Plan Width": 8,
        "Actual Startup Time": 151.459,
        "Actual Total Time": 164.673,
        "Actual Rows": 2,
        "Actual Loops": 1,
        "Workers Planned": 1,
        "Workers Launched": 1,
        "Single Copy": false,
        "Plans": [
          {
            "Node Type": "Aggregate",
            "Strategy": "Plain",
            "Partial Mode": "Partial",
            "Parent Relationship": "Outer",
            "Parallel Aware": false,
            "Startup Cost": 130313.18,
            "Total Cost": 130313.19,
            "Plan Rows": 1,
            "Plan Width": 8,
            "Actual Startup Time": 145.429,
            "Actual Total Time": 145.431,
            "Actual Rows": 1,
            "Actual Loops": 2,
            "Plans": [
              {
                "Node Type": "Nested Loop",
                "Parent Relationship": "Outer",
                "Parallel Aware": false,
                "Join Type": "Inner",
                "Startup Cost": 1.0,
                "Total Cost": 130291.04,
                "Plan Rows": 8855,
                "Plan Width": 0,
                "Actual Startup Time": 89.237,
                "Actual Total Time": 145.384,
                "Actual Rows": 564,
                "Actual Loops": 2,
                "Inner Unique": false,
                "Join Filter": "(t.id = mk.movie_id)",
                "Rows Removed by Join Filter": 0,
                "Plans": [
                  {
                    "Node Type": "Nested Loop",
                    "Parent Relationship": "Outer",
                    "Parallel Aware": false,
                    "Join Type": "Inner",
                    "Startup Cost": 0.56,
                    "Total Cost": 119442.98,
                    "Plan Rows": 5985,
                    "Plan Width": 8,
                    "Actual Startup Time": 89.134,
                    "Actual Total Time": 140.7,
                    "Actual Rows": 1010,
                    "Actual Loops": 2,
                    "Inner Unique": false,
                    "Plans": [
                      {
                        "Node Type": "Seq Scan",
                        "Parent Relationship": "Outer",
                        "Parallel Aware": true,
                        "Relation Name": "title",
                        "Alias": "t",
                        "Startup Cost": 0.0,
                        "Total Cost": 58306.47,
                        "Plan Rows": 418,
                        "Plan Width": 4,
                        "Actual Startup Time": 89.012,
                        "Actual Total Time": 131.254,
                        "Actual Rows": 894,
                        "Actual Loops": 2,
                        "Filter": "((kind_id < 7) AND (production_year = 1899))",
                        "Rows Removed by Filter": 1263262
                      },
                      {
                        "Node Type": "Index Only Scan",
                        "Parent Relationship": "Inner",
                        "Parallel Aware": false,
                        "Scan Direction": "Forward",
                        "Index Name": "movie_id_cast_info",
                        "Relation Name": "cast_info",
                        "Alias": "ci",
                        "Startup Cost": 0.56,
                        "Total Cost": 145.89,
                        "Plan Rows": 37,
                        "Plan Width": 4,
                        "Actual Startup Time": 0.009,
                        "Actual Total Time": 0.01,
                        "Actual Rows": 1,
                        "Actual Loops": 1787,
                        "Index Cond": "(movie_id = t.id)",
                        "Rows Removed by Index Recheck": 0,
                        "Heap Fetches": 2020
                      }
                    ]
                  },
                  {
                    "Node Type": "Index Scan",
                    "Parent Relationship": "Inner",
                    "Parallel Aware": false,
                    "Scan Direction": "Forward",
                    "Index Name": "movie_id_movie_keyword",
                    "Relation Name": "movie_keyword",
                    "Alias": "mk",
                    "Startup Cost": 0.43,
                    "Total Cost": 1.34,
                    "Plan Rows": 38,
                    "Plan Width": 4,
                    "Actual Startup Time": 0.004,
                    "Actual Total Time": 0.004,
                    "Actual Rows": 1,
                    "Actual Loops": 2020,
                    "Index Cond": "(movie_id = ci.movie_id)",
                    "Rows Removed by Index Recheck": 0,
                    "Filter": "(keyword_id > 764)",
                    "Rows Removed by Filter": 0
                  }
                ]
              }
            ]
          }
        ]
      }
    ]
  },
  "Planning Time": 1.017,
  "Triggers": [],
  "Execution Time": 164.788
}