{
  "Plan": {
    "Node Type": "Aggregate",
    "Strategy": "Plain",
    "Partial Mode": "Simple",
    "Parallel Aware": false,
    "Startup Cost": 1149.87,
    "Total Cost": 1149.88,
    "Plan Rows": 1,
    "Plan Width": 8,
    "Actual Startup Time": 29.075,
    "Actual Total Time": 29.078,
    "Actual Rows": 1,
    "Actual Loops": 1,
    "Plans": [
      {
        "Node Type": "Nested Loop",
        "Parent Relationship": "Outer",
        "Parallel Aware": false,
        "Join Type": "Inner",
        "Startup Cost": 1.29,
        "Total Cost": 1149.87,
        "Plan Rows": 1,
        "Plan Width": 0,
        "Actual Startup Time": 16.492,
        "Actual Total Time": 29.041,
        "Actual Rows": 69,
        "Actual Loops": 1,
        "Inner Unique": false,
        "Plans": [
          {
            "Node Type": "Nested Loop",
            "Parent Relationship": "Outer",
            "Parallel Aware": false,
            "Join Type": "Inner",
            "Startup Cost": 0.86,
            "Total Cost": 1143.92,
            "Plan Rows": 7,
            "Plan Width": 8,
            "Actual Startup Time": 16.452,
            "Actual Total Time": 27.955,
            "Actual Rows": 71,
            "Actual Loops": 1,
            "Inner Unique": true,
            "Plans": [
              {
                "Node Type": "Index Scan",
                "Parent Relationship": "Outer",
                "Parallel Aware": false,
                "Scan Direction": "Forward",
                "Index Name": "company_id_movie_companies",
                "Relation Name": "movie_companies",
                "Alias": "mc",
                "Startup Cost": 0.43,
                "Total Cost": 273.57,
                "Plan Rows": 103,
                "Plan Width": 4,
                "Actual Startup Time": 16.109,
                "Actual Total Time": 19.042,
                "Actual Rows": 791,
                "Actual Loops": 1,
                "Index Cond": "(company_id = 2962)",
                "Rows Removed by Index Recheck": 0
              },
              {
                "Node Type": "Index Scan",
                "Parent Relationship": "Inner",
                "Parallel Aware": false,
                "Scan Direction": "Forward",
                "Index Name": "title_pkey",
                "Relation Name": "title",
                "Alias": "t",
                "Startup Cost": 0.43,
                "Total Cost": 8.45,
                "Plan Rows": 1,
                "Plan Width": 4,
                "Actual Startup Time": 0.01,
                "Actual Total Time": 0.01,
                "Actual Rows": 0,
                "Actual Loops": 791,
                "Index Cond": "(id = mc.movie_id)",
                "Rows Removed by Index Recheck": 0,
                "Filter": "(production_year = 2012)",
                "Rows Removed by Filter": 1
              }
            ]
          },
          {
            "Node Type": "Index Scan",
            "Parent Relationship": "Inner",
            "Parallel Aware": false,
            "Scan Direction": "Forward",
            "Index Name": "movie_id_movie_info_idx",
            "Relation Name": "movie_info_idx",
            "Alias": "mi_idx",
            "Startup Cost": 0.43,
            "Total Cost": 0.84,
            "Plan Rows": 1,
            "Plan Width": 4,
            "Actual Startup Time": 0.013,
            "Actual Total Time": 0.014,
            "Actual Rows": 1,
            "Actual Loops": 71,
            "Index Cond": "(movie_id = t.id)",
            "Rows Removed by Index Recheck": 0,
            "Filter": "(info_type_id = 99)",
            "Rows Removed by Filter": 2
          }
        ]
      }
    ]
  },
  "Planning Time": 1.247,
  "Triggers": [],
  "Execution Time": 29.154
}