[
  {
    "Plan": {
      "Node Type": "Aggregate",
      "Strategy": "Plain",
      "Partial Mode": "Finalize",
      "Parallel Aware": false,
      "Startup Cost": 270762.18,
      "Total Cost": 270762.19,
      "Plan Rows": 1,
      "Plan Width": 8,
      "Actual Startup Time": 707.471,
      "Actual Total Time": 724.208,
      "Actual Rows": 1,
      "Actual Loops": 1,
      "Plans": [
        {
          "Node Type": "Gather",
          "Parent Relationship": "Outer",
          "Parallel Aware": false,
          "Startup Cost": 270761.87,
          "Total Cost": 270762.18,
          "Plan Rows": 3,
          "Plan Width": 8,
          "Actual Startup Time": 694.081,
          "Actual Total Time": 724.196,
          "Actual Rows": 4,
          "Actual Loops": 1,
          "Workers Planned": 3,
          "Workers Launched": 3,
          "Single Copy": false,
          "Plans": [
            {
              "Node Type": "Aggregate",
              "Strategy": "Plain",
              "Partial Mode": "Partial",
              "Parent Relationship": "Outer",
              "Parallel Aware": false,
              "Startup Cost": 269761.87,
              "Total Cost": 269761.88,
              "Plan Rows": 1,
              "Plan Width": 8,
              "Actual Startup Time": 685.401,
              "Actual Total Time": 685.407,
              "Actual Rows": 1,
              "Actual Loops": 4,
              "Plans": [
                {
                  "Node Type": "Hash Join",
                  "Parent Relationship": "Outer",
                  "Parallel Aware": true,
                  "Join Type": "Inner",
                  "Startup Cost": 223351.01,
                  "Total Cost": 269384.69,
                  "Plan Rows": 150870,
                  "Plan Width": 0,
                  "Actual Startup Time": 459.606,
                  "Actual Total Time": 664.287,
                  "Actual Rows": 486976,
                  "Actual Loops": 4,
                  "Inner Unique": false,
                  "Hash Cond": "(mk.movie_id = t.id)",
                  "Plans": [
                    {
                      "Node Type": "Seq Scan",
                      "Parent Relationship": "Outer",
                      "Parallel Aware": true,
                      "Relation Name": "movie_keyword",
                      "Alias": "mk",
                      "Startup Cost": 0.0,
                      "Total Cost": 42695.65,
                      "Plan Rows": 809677,
                      "Plan Width": 4,
                      "Actual Startup Time": 0.244,
                      "Actual Total Time": 108.309,
                      "Actual Rows": 625704,
                      "Actual Loops": 4,
                      "Filter": "(keyword_id > 3617)",
                      "Rows Removed by Filter": 505279
                    },
                    {
                      "Node Type": "Hash",
                      "Parent Relationship": "Inner",
                      "Parallel Aware": true,
                      "Startup Cost": 222173.25,
                      "Total Cost": 222173.25,
                      "Plan Rows": 94221,
                      "Plan Width": 8,
                      "Actual Startup Time": 456.05,
                      "Actual Total Time": 456.054,
                      "Actual Rows": 118611,
                      "Actual Loops": 4,
                      "Hash Buckets": 524288,
                      "Original Hash Buckets": 524288,
                      "Hash Batches": 1,
                      "Original Hash Batches": 1,
                      "Peak Memory Usage": 22688,
                      "Plans": [
                        {
                          "Node Type": "Hash Join",
                          "Parent Relationship": "Outer",
                          "Parallel Aware": true,
                          "Join Type": "Inner",
                          "Startup Cost": 58755.15,
                          "Total Cost": 222173.25,
                          "Plan Rows": 94221,
                          "Plan Width": 8,
                          "Actual Startup Time": 349.495,
                          "Actual Total Time": 424.054,
                          "Actual Rows": 118611,
                          "Actual Loops": 4,
                          "Inner Unique": true,
                          "Hash Cond": "(mi.movie_id = t.id)",
                          "Plans": [
                            {
                              "Node Type": "Bitmap Heap Scan",
                              "Parent Relationship": "Outer",
                              "Parallel Aware": true,
                              "Relation Name": "movie_info",
                              "Alias": "mi",
                              "Startup Cost": 8535.51,
                              "Total Cost": 171706.27,
                              "Plan Rows": 94221,
                              "Plan Width": 4,
                              "Actual Startup Time": 15.793,
                              "Actual Total Time": 30.982,
                              "Actual Rows": 118611,
                              "Actual Loops": 4,
                              "Recheck Cond": "(info_type_id = 6)",
                              "Rows Removed by Index Recheck": 0,
                              "Exact Heap Blocks": 870,
                              "Lossy Heap Blocks": 0,
                              "Plans": [
                                {
                                  "Node Type": "Bitmap Index Scan",
                                  "Parent Relationship": "Outer",
                                  "Parallel Aware": false,
                                  "Index Name": "info_type_id_movie_info",
                                  "Startup Cost": 0.0,
                                  "Total Cost": 8417.73,
                                  "Plan Rows": 471106,
                                  "Plan Width": 0,
                                  "Actual Startup Time": 15.301,
                                  "Actual Total Time": 15.301,
                                  "Actual Rows": 474443,
                                  "Actual Loops": 1,
                                  "Index Cond": "(info_type_id = 6)"
                                }
                              ]
                            },
                            {
                              "Node Type": "Hash",
                              "Parent Relationship": "Inner",
                              "Parallel Aware": true,
                              "Startup Cost": 42318.73,
                              "Total Cost": 42318.73,
                              "Plan Rows": 632073,
                              "Plan Width": 4,
                              "Actual Startup Time": 325.268,
                              "Actual Total Time": 325.268,
                              "Actual Rows": 632078,
                              "Actual Loops": 4,
                              "Hash Buckets": 4194304,
                              "Original Hash Buckets": 4194304,
                              "Hash Batches": 1,
                              "Original Hash Batches": 1,
                              "Peak Memory Usage": 131744,
                              "Plans": [
                                {
                                  "Node Type": "Seq Scan",
                                  "Parent Relationship": "Outer",
                                  "Parallel Aware": true,
                                  "Relation Name": "title",
                                  "Alias": "t",
                                  "Startup Cost": 0.0,
                                  "Total Cost": 42318.73,
                                  "Plan Rows": 632073,
                                  "Plan Width": 4,
                                  "Actual Startup Time": 0.046,
                                  "Actual Total Time": 97.692,
                                  "Actual Rows": 632078,
                                  "Actual Loops": 4
                                }
                              ]
                            }
                          ]
                        }
                      ]
                    }
                  ]
                }
              ]
            }
          ]
        }
      ]
    },
    "Planning Time": 1.348,
    "Triggers": [],
    "Execution Time": 724.31
  }
]