[
  {
    "Plan": {
      "Node Type": "Aggregate",
      "Strategy": "Plain",
      "Partial Mode": "Finalize",
      "Parallel Aware": false,
      "Startup Cost": 28565.71,
      "Total Cost": 28565.72,
      "Plan Rows": 1,
      "Plan Width": 8,
      "Actual Startup Time": 37.193,
      "Actual Total Time": 42.243,
      "Actual Rows": 1,
      "Actual Loops": 1,
      "Plans": [
        {
          "Node Type": "Gather",
          "Parent Relationship": "Outer",
          "Parallel Aware": false,
          "Startup Cost": 28565.5,
          "Total Cost": 28565.71,
          "Plan Rows": 2,
          "Plan Width": 8,
          "Actual Startup Time": 36.987,
          "Actual Total Time": 42.231,
          "Actual Rows": 3,
          "Actual Loops": 1,
          "Workers Planned": 2,
          "Workers Launched": 2,
          "Single Copy": false,
          "Plans": [
            {
              "Node Type": "Aggregate",
              "Strategy": "Plain",
              "Partial Mode": "Partial",
              "Parent Relationship": "Outer",
              "Parallel Aware": false,
              "Startup Cost": 27565.5,
              "Total Cost": 27565.51,
              "Plan Rows": 1,
              "Plan Width": 8,
              "Actual Startup Time": 28.77,
              "Actual Total Time": 28.771,
              "Actual Rows": 1,
              "Actual Loops": 3,
              "Plans": [
                {
                  "Node Type": "Nested Loop",
                  "Parent Relationship": "Outer",
                  "Parallel Aware": false,
                  "Join Type": "Inner",
                  "Startup Cost": 107.43,
                  "Total Cost": 27564.14,
                  "Plan Rows": 545,
                  "Plan Width": 0,
                  "Actual Startup Time": 2.6,
                  "Actual Total Time": 28.716,
                  "Actual Rows": 177,
                  "Actual Loops": 3,
                  "Inner Unique": true,
                  "Plans": [
                    {
                      "Node Type": "Bitmap Heap Scan",
                      "Parent Relationship": "Outer",
                      "Parallel Aware": true,
                      "Relation Name": "movie_keyword",
                      "Alias": "mk",
                      "Startup Cost": 107.0,
                      "Total Cost": 12376.91,
                      "Plan Rows": 2073,
                      "Plan Width": 4,
                      "Actual Startup Time": 1.874,
                      "Actual Total Time": 9.001,
                      "Actual Rows": 1467,
                      "Actual Loops": 3,
                      "Recheck Cond": "(keyword_id = 7637)",
                      "Rows Removed by Index Recheck": 0,
                      "Exact Heap Blocks": 2353,
                      "Lossy Heap Blocks": 0,
                      "Plans": [
                        {
                          "Node Type": "Bitmap Index Scan",
                          "Parent Relationship": "Outer",
                          "Parallel Aware": false,
                          "Index Name": "keyword_id_movie_keyword",
                          "Startup Cost": 0.0,
                          "Total Cost": 105.75,
                          "Plan Rows": 4976,
                          "Plan Width": 0,
                          "Actual Startup Time": 3.777,
                          "Actual Total Time": 3.778,
                          "Actual Rows": 4400,
                          "Actual Loops": 1,
                          "Index Cond": "(keyword_id = 7637)"
                        }
                      ]
                    },
                    {
                      "Node Type": "Index Scan",
                      "Parent Relationship": "Inner",
                      "Parallel Aware": false,
                      "Scan Direction": "Forward",
                      "Index Name": "title_pkey",
                      "Relation Name": "title",
                      "Alias": "t",
                      "Startup Cost": 0.43,
                      "Total Cost": 7.33,
                      "Plan Rows": 1,
                      "Plan Width": 4,
                      "Actual Startup Time": 0.013,
                      "Actual Total Time": 0.013,
                      "Actual Rows": 0,
                      "Actual Loops": 4400,
                      "Index Cond": "(id = mk.movie_id)",
                      "Rows Removed by Index Recheck": 0,
                      "Filter": "(production_year > 2008)",
                      "Rows Removed by Filter": 1
                    }
                  ]
                }
              ]
            }
          ]
        }
      ]
    },
    "Planning Time": 0.638,
    "Triggers": [],
    "Execution Time": 42.332
  }
]