{
  "Plan": {
    "Node Type": "Aggregate",
    "Strategy": "Plain",
    "Partial Mode": "Finalize",
    "Parallel Aware": false,
    "Startup Cost": 42513.89,
    "Total Cost": 42513.9,
    "Plan Rows": 1,
    "Plan Width": 8,
    "Actual Startup Time": 75.896,
    "Actual Total Time": 83.131,
    "Actual Rows": 1,
    "Actual Loops": 1,
    "Plans": [
      {
        "Node Type": "Gather",
        "Parent Relationship": "Outer",
        "Parallel Aware": false,
        "Startup Cost": 42513.78,
        "Total Cost": 42513.89,
        "Plan Rows": 1,
        "Plan Width": 8,
        "Actual Startup Time": 75.764,
        "Actual Total Time": 83.125,
        "Actual Rows": 2,
        "Actual Loops": 1,
        "Workers Planned": 1,
        "Workers Launched": 1,
        "Single Copy": false,
        "Plans": [
          {
            "Node Type": "Aggregate",
            "Strategy": "Plain",
            "Partial Mode": "Partial",
            "Parent Relationship": "Outer",
            "Parallel Aware": false,
            "Startup Cost": 41513.78,
            "Total Cost": 41513.79,
            "Plan Rows": 1,
            "Plan Width": 8,
            "Actual Startup Time": 69.722,
            "Actual Total Time": 69.724,
            "Actual Rows": 1,
            "Actual Loops": 2,
            "Plans": [
              {
                "Node Type": "Nested Loop",
                "Parent Relationship": "Outer",
                "Parallel Aware": false,
                "Join Type": "Inner",
                "Startup Cost": 1617.11,
                "Total Cost": 41512.81,
                "Plan Rows": 387,
                "Plan Width": 0,
                "Actual Startup Time": 31.517,
                "Actual Total Time": 69.674,
                "Actual Rows": 476,
                "Actual Loops": 2,
                "Inner Unique": false,
                "Plans": [
                  {
                    "Node Type": "Bitmap Heap Scan",
                    "Parent Relationship": "Outer",
                    "Parallel Aware": true,
                    "Relation Name": "title",
                    "Alias": "t",
                    "Startup Cost": 1616.67,
                    "Total Cost": 38414.8,
                    "Plan Rows": 320,
                    "Plan Width": 4,
                    "Actual Startup Time": 24.376,
                    "Actual Total Time": 66.289,
                    "Actual Rows": 314,
                    "Actual Loops": 2,
                    "Recheck Cond": "(kind_id = 2)",
                    "Rows Removed by Index Recheck": 0,
                    "Filter": "(production_year = 1973)",
                    "Rows Removed by Filter": 45112,
                    "Exact Heap Blocks": 20798,
                    "Lossy Heap Blocks": 0,
                    "Plans": [
                      {
                        "Node Type": "Bitmap Index Scan",
                        "Parent Relationship": "Outer",
                        "Parallel Aware": false,
                        "Index Name": "kind_id_title",
                        "Startup Cost": 0.0,
                        "Total Cost": 1616.54,
                        "Plan Rows": 90681,
                        "Plan Width": 0,
                        "Actual Startup Time": 19.966,
                        "Actual Total Time": 19.966,
                        "Actual Rows": 90852,
                        "Actual Loops": 1,
                        "Index Cond": "(kind_id = 2)"
                      }
                    ]
                  },
                  {
                    "Node Type": "Index Scan",
                    "Parent Relationship": "Inner",
                    "Parallel Aware": false,
                    "Scan Direction": "Forward",
                    "Index Name": "movie_id_movie_keyword",
                    "Relation Name": "movie_keyword",
                    "Alias": "mk",
                    "Startup Cost": 0.43,
                    "Total Cost": 9.37,
                    "Plan Rows": 31,
                    "Plan Width": 4,
                    "Actual Startup Time": 0.01,
                    "Actual Total Time": 0.01,
                    "Actual Rows": 2,
                    "Actual Loops": 627,
                    "Index Cond": "(movie_id = t.id)",
                    "Rows Removed by Index Recheck": 0,
                    "Filter": "(keyword_id < 11172)",
                    "Rows Removed by Filter": 0
                  }
                ]
              }
            ]
          }
        ]
      }
    ]
  },
  "Planning Time": 0.478,
  "Triggers": [],
  "Execution Time": 83.225
}