[
  {
    "Plan": {
      "Node Type": "Aggregate",
      "Strategy": "Plain",
      "Partial Mode": "Finalize",
      "Parallel Aware": false,
      "Startup Cost": 39287.69,
      "Total Cost": 39287.7,
      "Plan Rows": 1,
      "Plan Width": 8,
      "Actual Startup Time": 150.465,
      "Actual Total Time": 161.261,
      "Actual Rows": 1,
      "Actual Loops": 1,
      "Plans": [
        {
          "Node Type": "Gather",
          "Parent Relationship": "Outer",
          "Parallel Aware": false,
          "Startup Cost": 39287.38,
          "Total Cost": 39287.69,
          "Plan Rows": 3,
          "Plan Width": 8,
          "Actual Startup Time": 150.129,
          "Actual Total Time": 161.248,
          "Actual Rows": 4,
          "Actual Loops": 1,
          "Workers Planned": 3,
          "Workers Launched": 3,
          "Single Copy": false,
          "Plans": [
            {
              "Node Type": "Aggregate",
              "Strategy": "Plain",
              "Partial Mode": "Partial",
              "Parent Relationship": "Outer",
              "Parallel Aware": false,
              "Startup Cost": 38287.38,
              "Total Cost": 38287.39,
              "Plan Rows": 1,
              "Plan Width": 8,
              "Actual Startup Time": 146.13,
              "Actual Total Time": 146.132,
              "Actual Rows": 1,
              "Actual Loops": 4,
              "Plans": [
                {
                  "Node Type": "Bitmap Heap Scan",
                  "Parent Relationship": "Outer",
                  "Parallel Aware": true,
                  "Relation Name": "movie_keyword",
                  "Alias": "mk",
                  "Startup Cost": 11263.89,
                  "Total Cost": 37859.13,
                  "Plan Rows": 171299,
                  "Plan Width": 0,
                  "Actual Startup Time": 52.757,
                  "Actual Total Time": 136.604,
                  "Actual Rows": 132490,
                  "Actual Loops": 4,
                  "Recheck Cond": "(keyword_id > 34406)",
                  "Rows Removed by Index Recheck": 0,
                  "Exact Heap Blocks": 8859,
                  "Lossy Heap Blocks": 0,
                  "Plans": [
                    {
                      "Node Type": "Bitmap Index Scan",
                      "Parent Relationship": "Outer",
                      "Parallel Aware": false,
                      "Index Name": "keyword_id_movie_keyword",
                      "Startup Cost": 0.0,
                      "Total Cost": 11131.14,
                      "Plan Rows": 531027,
                      "Plan Width": 0,
                      "Actual Startup Time": 50.747,
                      "Actual Total Time": 50.747,
                      "Actual Rows": 529959,
                      "Actual Loops": 1,
                      "Index Cond": "(keyword_id > 34406)"
                    }
                  ]
                }
              ]
            }
          ]
        }
      ]
    },
    "Planning Time": 0.096,
    "Triggers": [],
    "Execution Time": 161.305
  }
]