[
  {
    "Plan": {
      "Node Type": "Aggregate",
      "Strategy": "Plain",
      "Partial Mode": "Finalize",
      "Parallel Aware": false,
      "Startup Cost": 334940.27,
      "Total Cost": 334940.28,
      "Plan Rows": 1,
      "Plan Width": 8,
      "Actual Startup Time": 729.622,
      "Actual Total Time": 776.127,
      "Actual Rows": 1,
      "Actual Loops": 1,
      "Plans": [
        {
          "Node Type": "Gather",
          "Parent Relationship": "Outer",
          "Parallel Aware": false,
          "Startup Cost": 334939.64,
          "Total Cost": 334940.25,
          "Plan Rows": 6,
          "Plan Width": 8,
          "Actual Startup Time": 729.316,
          "Actual Total Time": 776.115,
          "Actual Rows": 7,
          "Actual Loops": 1,
          "Workers Planned": 6,
          "Workers Launched": 6,
          "Single Copy": false,
          "Plans": [
            {
              "Node Type": "Aggregate",
              "Strategy": "Plain",
              "Partial Mode": "Partial",
              "Parent Relationship": "Outer",
              "Parallel Aware": false,
              "Startup Cost": 333939.64,
              "Total Cost": 333939.65,
              "Plan Rows": 1,
              "Plan Width": 8,
              "Actual Startup Time": 722.431,
              "Actual Total Time": 722.433,
              "Actual Rows": 1,
              "Actual Loops": 7,
              "Plans": [
                {
                  "Node Type": "Seq Scan",
                  "Parent Relationship": "Outer",
                  "Parallel Aware": true,
                  "Relation Name": "cast_info",
                  "Alias": "ci",
                  "Startup Cost": 0.0,
                  "Total Cost": 328211.39,
                  "Plan Rows": 2291301,
                  "Plan Width": 0,
                  "Actual Startup Time": 0.045,
                  "Actual Total Time": 617.779,
                  "Actual Rows": 1984109,
                  "Actual Loops": 7,
                  "Filter": "(person_id < 1368599)",
                  "Rows Removed by Filter": 3193655
                }
              ]
            }
          ]
        }
      ]
    },
    "Planning Time": 0.083,
    "Triggers": [],
    "Execution Time": 776.166
  }
]