{
  "Plan": {
    "Node Type": "Aggregate",
    "Strategy": "Plain",
    "Partial Mode": "Finalize",
    "Parallel Aware": false,
    "Startup Cost": 1455032.33,
    "Total Cost": 1455032.34,
    "Plan Rows": 1,
    "Plan Width": 8,
    "Actual Startup Time": 21853.806,
    "Actual Total Time": 21995.89,
    "Actual Rows": 1,
    "Actual Loops": 1,
    "Plans": [
      {
        "Node Type": "Gather",
        "Parent Relationship": "Outer",
        "Parallel Aware": false,
        "Startup Cost": 1455032.21,
        "Total Cost": 1455032.32,
        "Plan Rows": 1,
        "Plan Width": 8,
        "Actual Startup Time": 21822.427,
        "Actual Total Time": 21995.878,
        "Actual Rows": 2,
        "Actual Loops": 1,
        "Workers Planned": 1,
        "Workers Launched": 1,
        "Single Copy": false,
        "Plans": [
          {
            "Node Type": "Aggregate",
            "Strategy": "Plain",
            "Partial Mode": "Partial",
            "Parent Relationship": "Outer",
            "Parallel Aware": false,
            "Startup Cost": 1454032.21,
            "Total Cost": 1454032.22,
            "Plan Rows": 1,
            "Plan Width": 8,
            "Actual Startup Time": 21798.62,
            "Actual Total Time": 21804.714,
            "Actual Rows": 1,
            "Actual Loops": 2,
            "Plans": [
              {
                "Node Type": "Hash Join",
                "Parent Relationship": "Outer",
                "Parallel Aware": true,
                "Join Type": "Inner",
                "Startup Cost": 450139.29,
                "Total Cost": 1341291.89,
                "Plan Rows": 45096131,
                "Plan Width": 0,
                "Actual Startup Time": 6818.929,
                "Actual Total Time": 19198.568,
                "Actual Rows": 63110734,
                "Actual Loops": 2,
                "Inner Unique": false,
                "Hash Cond": "(ci.movie_id = t.id)",
                "Plans": [
                  {
                    "Node Type": "Index Scan",
                    "Parent Relationship": "Outer",
                    "Parallel Aware": true,
                    "Scan Direction": "Forward",
                    "Index Name": "role_id_cast_info",
                    "Relation Name": "cast_info",
                    "Alias": "ci",
                    "Startup Cost": 0.56,
                    "Total Cost": 526730.69,
                    "Plan Rows": 7932088,
                    "Plan Width": 4,
                    "Actual Startup Time": 0.108,
                    "Actual Total Time": 1329.125,
                    "Actual Rows": 4939514,
                    "Actual Loops": 2,
                    "Index Cond": "(role_id > 2)",
                    "Rows Removed by Index Recheck": 0,
                    "Filter": "(person_id < 3027087)",
                    "Rows Removed by Filter": 3121327
                  },
                  {
                    "Node Type": "Hash",
                    "Parent Relationship": "Inner",
                    "Parallel Aware": true,
                    "Startup Cost": 344447.18,
                    "Total Cost": 344447.18,
                    "Plan Rows": 8455324,
                    "Plan Width": 8,
                    "Actual Startup Time": 6762.129,
                    "Actual Total Time": 6768.22,
                    "Actual Rows": 7389688,
                    "Actual Loops": 2,
                    "Hash Buckets": 16777216,
                    "Original Hash Buckets": 16777216,
                    "Hash Batches": 1,
                    "Original Hash Batches": 1,
                    "Peak Memory Usage": 709280,
                    "Plans": [
                      {
                        "Node Type": "Hash Join",
                        "Parent Relationship": "Outer",
                        "Parallel Aware": true,
                        "Join Type": "Inner",
                        "Startup Cost": 72663.69,
                        "Total Cost": 344447.18,
                        "Plan Rows": 8455324,
                        "Plan Width": 8,
                        "Actual Startup Time": 663.947,
                        "Actual Total Time": 4343.059,
                        "Actual Rows": 7389688,
                        "Actual Loops": 2,
                        "Inner Unique": true,
                        "Hash Cond": "(mi.movie_id = t.id)",
                        "Plans": [
                          {
                            "Node Type": "Seq Scan",
                            "Parent Relationship": "Outer",
                            "Parallel Aware": true,
                            "Relation Name": "movie_info",
                            "Alias": "mi",
                            "Startup Cost": 0.0,
                            "Total Cost": 248955.74,
                            "Plan Rows": 8696274,
                            "Plan Width": 4,
                            "Actual Startup Time": 0.011,
                            "Actual Total Time": 768.764,
                            "Actual Rows": 7417860,
                            "Actual Loops": 2
                          },
                          {
                            "Node Type": "Hash",
                            "Parent Relationship": "Inner",
                            "Parallel Aware": true,
                            "Startup Cost": 54588.39,
                            "Total Cost": 54588.39,
                            "Plan Rows": 1446024,
                            "Plan Width": 4,
                            "Actual Startup Time": 652.452,
                            "Actual Total Time": 652.454,
                            "Actual Rows": 1228109,
                            "Actual Loops": 2,
                            "Hash Buckets": 4194304,
                            "Original Hash Buckets": 4194304,
                            "Hash Batches": 1,
                            "Original Hash Batches": 1,
                            "Peak Memory Usage": 128896,
                            "Plans": [
                              {
                                "Node Type": "Seq Scan",
                                "Parent Relationship": "Outer",
                                "Parallel Aware": true,
                                "Relation Name": "title",
                                "Alias": "t",
                                "Startup Cost": 0.0,
                                "Total Cost": 54588.39,
                                "Plan Rows": 1446024,
                                "Plan Width": 4,
                                "Actual Startup Time": 0.028,
                                "Actual Total Time": 225.429,
                                "Actual Rows": 1228109,
                                "Actual Loops": 2,
                                "Filter": "(production_year > 0)",
                                "Rows Removed by Filter": 36047
                              }
                            ]
                          }
                        ]
                      }
                    ]
                  }
                ]
              }
            ]
          }
        ]
      }
    ]
  },
  "Planning Time": 1.074,
  "Triggers": [],
  "Execution Time": 21995.992
}