[
  {
    "Plan": {
      "Node Type": "Aggregate",
      "Strategy": "Plain",
      "Partial Mode": "Finalize",
      "Parallel Aware": false,
      "Startup Cost": 254236.45,
      "Total Cost": 254236.46,
      "Plan Rows": 1,
      "Plan Width": 8,
      "Actual Startup Time": 1222.871,
      "Actual Total Time": 1298.847,
      "Actual Rows": 1,
      "Actual Loops": 1,
      "Plans": [
        {
          "Node Type": "Gather",
          "Parent Relationship": "Outer",
          "Parallel Aware": false,
          "Startup Cost": 254236.14,
          "Total Cost": 254236.45,
          "Plan Rows": 3,
          "Plan Width": 8,
          "Actual Startup Time": 1221.298,
          "Actual Total Time": 1298.837,
          "Actual Rows": 4,
          "Actual Loops": 1,
          "Workers Planned": 3,
          "Workers Launched": 3,
          "Single Copy": false,
          "Plans": [
            {
              "Node Type": "Aggregate",
              "Strategy": "Plain",
              "Partial Mode": "Partial",
              "Parent Relationship": "Outer",
              "Parallel Aware": false,
              "Startup Cost": 253236.14,
              "Total Cost": 253236.15,
              "Plan Rows": 1,
              "Plan Width": 8,
              "Actual Startup Time": 1212.224,
              "Actual Total Time": 1212.228,
              "Actual Rows": 1,
              "Actual Loops": 4,
              "Plans": [
                {
                  "Node Type": "Nested Loop",
                  "Parent Relationship": "Outer",
                  "Parallel Aware": false,
                  "Join Type": "Inner",
                  "Startup Cost": 44616.56,
                  "Total Cost": 251757.97,
                  "Plan Rows": 591268,
                  "Plan Width": 0,
                  "Actual Startup Time": 134.883,
                  "Actual Total Time": 1178.797,
                  "Actual Rows": 575301,
                  "Actual Loops": 4,
                  "Inner Unique": false,
                  "Join Filter": "(t.id = ci.movie_id)",
                  "Rows Removed by Join Filter": 0,
                  "Plans": [
                    {
                      "Node Type": "Hash Join",
                      "Parent Relationship": "Outer",
                      "Parallel Aware": true,
                      "Join Type": "Inner",
                      "Startup Cost": 44616.0,
                      "Total Cost": 89591.29,
                      "Plan Rows": 78770,
                      "Plan Width": 8,
                      "Actual Startup Time": 134.754,
                      "Actual Total Time": 333.025,
                      "Actual Rows": 21403,
                      "Actual Loops": 4,
                      "Inner Unique": true,
                      "Hash Cond": "(mk.movie_id = t.id)",
                      "Plans": [
                        {
                          "Node Type": "Seq Scan",
                          "Parent Relationship": "Outer",
                          "Parallel Aware": true,
                          "Relation Name": "movie_keyword",
                          "Alias": "mk",
                          "Startup Cost": 0.0,
                          "Total Cost": 42695.65,
                          "Plan Rows": 868435,
                          "Plan Width": 4,
                          "Actual Startup Time": 0.028,
                          "Actual Total Time": 116.888,
                          "Actual Rows": 675294,
                          "Actual Loops": 4,
                          "Filter": "(keyword_id < 7637)",
                          "Rows Removed by Filter": 455689
                        },
                        {
                          "Node Type": "Hash",
                          "Parent Relationship": "Inner",
                          "Parallel Aware": true,
                          "Startup Cost": 43899.32,
                          "Total Cost": 43899.32,
                          "Plan Rows": 57334,
                          "Plan Width": 4,
                          "Actual Startup Time": 132.47,
                          "Actual Total Time": 132.471,
                          "Actual Rows": 57912,
                          "Actual Loops": 4,
                          "Hash Buckets": 262144,
                          "Original Hash Buckets": 262144,
                          "Hash Batches": 1,
                          "Original Hash Batches": 1,
                          "Peak Memory Usage": 11168,
                          "Plans": [
                            {
                              "Node Type": "Seq Scan",
                              "Parent Relationship": "Outer",
                              "Parallel Aware": true,
                              "Relation Name": "title",
                              "Alias": "t",
                              "Startup Cost": 0.0,
                              "Total Cost": 43899.32,
                              "Plan Rows": 57334,
                              "Plan Width": 4,
                              "Actual Startup Time": 0.063,
                              "Actual Total Time": 104.652,
                              "Actual Rows": 57912,
                              "Actual Loops": 4,
                              "Filter": "(production_year > 2011)",
                              "Rows Removed by Filter": 574166
                            }
                          ]
                        }
                      ]
                    },
                    {
                      "Node Type": "Index Scan",
                      "Parent Relationship": "Inner",
                      "Parallel Aware": false,
                      "Scan Direction": "Forward",
                      "Index Name": "movie_id_cast_info",
                      "Relation Name": "cast_info",
                      "Alias": "ci",
                      "Startup Cost": 0.56,
                      "Total Cost": 1.83,
                      "Plan Rows": 18,
                      "Plan Width": 4,
                      "Actual Startup Time": 0.005,
                      "Actual Total Time": 0.036,
                      "Actual Rows": 27,
                      "Actual Loops": 85611,
                      "Index Cond": "(movie_id = mk.movie_id)",
                      "Rows Removed by Index Recheck": 0,
                      "Filter": "(person_id < 1915721)",
                      "Rows Removed by Filter": 27
                    }
                  ]
                }
              ]
            }
          ]
        }
      ]
    },
    "Planning Time": 1.297,
    "Triggers": [],
    "Execution Time": 1298.961
  }
]