[
  {
    "Plan": {
      "Node Type": "Aggregate",
      "Strategy": "Plain",
      "Partial Mode": "Finalize",
      "Parallel Aware": false,
      "Startup Cost": 46484.27,
      "Total Cost": 46484.28,
      "Plan Rows": 1,
      "Plan Width": 8,
      "Actual Startup Time": 78.571,
      "Actual Total Time": 83.706,
      "Actual Rows": 1,
      "Actual Loops": 1,
      "Plans": [
        {
          "Node Type": "Gather",
          "Parent Relationship": "Outer",
          "Parallel Aware": false,
          "Startup Cost": 46483.85,
          "Total Cost": 46484.26,
          "Plan Rows": 4,
          "Plan Width": 8,
          "Actual Startup Time": 78.492,
          "Actual Total Time": 83.7,
          "Actual Rows": 5,
          "Actual Loops": 1,
          "Workers Planned": 4,
          "Workers Launched": 4,
          "Single Copy": false,
          "Plans": [
            {
              "Node Type": "Aggregate",
              "Strategy": "Plain",
              "Partial Mode": "Partial",
              "Parent Relationship": "Outer",
              "Parallel Aware": false,
              "Startup Cost": 45483.85,
              "Total Cost": 45483.86,
              "Plan Rows": 1,
              "Plan Width": 8,
              "Actual Startup Time": 71.399,
              "Actual Total Time": 71.4,
              "Actual Rows": 1,
              "Actual Loops": 5,
              "Plans": [
                {
                  "Node Type": "Seq Scan",
                  "Parent Relationship": "Outer",
                  "Parallel Aware": true,
                  "Relation Name": "title",
                  "Alias": "t",
                  "Startup Cost": 0.0,
                  "Total Cost": 45479.21,
                  "Plan Rows": 1857,
                  "Plan Width": 0,
                  "Actual Startup Time": 48.99,
                  "Actual Total Time": 71.025,
                  "Actual Rows": 5821,
                  "Actual Loops": 5,
                  "Filter": "((production_year < 1911) AND (kind_id = 1))",
                  "Rows Removed by Filter": 499842
                }
              ]
            }
          ]
        }
      ]
    },
    "Planning Time": 0.075,
    "Triggers": [],
    "Execution Time": 83.73
  }
]