{
  "Plan": {
    "Node Type": "Aggregate",
    "Strategy": "Plain",
    "Partial Mode": "Finalize",
    "Parallel Aware": false,
    "Startup Cost": 80723.87,
    "Total Cost": 80723.88,
    "Plan Rows": 1,
    "Plan Width": 8,
    "Actual Startup Time": 185.384,
    "Actual Total Time": 197.062,
    "Actual Rows": 1,
    "Actual Loops": 1,
    "Plans": [
      {
        "Node Type": "Gather",
        "Parent Relationship": "Outer",
        "Parallel Aware": false,
        "Startup Cost": 80723.76,
        "Total Cost": 80723.87,
        "Plan Rows": 1,
        "Plan Width": 8,
        "Actual Startup Time": 185.19,
        "Actual Total Time": 197.054,
        "Actual Rows": 2,
        "Actual Loops": 1,
        "Workers Planned": 1,
        "Workers Launched": 1,
        "Single Copy": false,
        "Plans": [
          {
            "Node Type": "Aggregate",
            "Strategy": "Plain",
            "Partial Mode": "Partial",
            "Parent Relationship": "Outer",
            "Parallel Aware": false,
            "Startup Cost": 79723.76,
            "Total Cost": 79723.77,
            "Plan Rows": 1,
            "Plan Width": 8,
            "Actual Startup Time": 179.1,
            "Actual Total Time": 179.104,
            "Actual Rows": 1,
            "Actual Loops": 2,
            "Plans": [
              {
                "Node Type": "Hash Join",
                "Parent Relationship": "Outer",
                "Parallel Aware": true,
                "Join Type": "Inner",
                "Startup Cost": 20113.34,
                "Total Cost": 79719.74,
                "Plan Rows": 1608,
                "Plan Width": 0,
                "Actual Startup Time": 22.583,
                "Actual Total Time": 179.082,
                "Actual Rows": 62,
                "Actual Loops": 2,
                "Inner Unique": false,
                "Hash Cond": "(t.id = mc.movie_id)",
                "Plans": [
                  {
                    "Node Type": "Seq Scan",
                    "Parent Relationship": "Outer",
                    "Parallel Aware": true,
                    "Relation Name": "title",
                    "Alias": "t",
                    "Startup Cost": 0.0,
                    "Total Cost": 58306.47,
                    "Plan Rows": 206476,
                    "Plan Width": 4,
                    "Actual Startup Time": 0.016,
                    "Actual Total Time": 144.887,
                    "Actual Rows": 121576,
                    "Actual Loops": 2,
                    "Filter": "((production_year < 1985) AND (kind_id = 7))",
                    "Rows Removed by Filter": 1142580
                  },
                  {
                    "Node Type": "Hash",
                    "Parent Relationship": "Inner",
                    "Parallel Aware": true,
                    "Startup Cost": 19968.53,
                    "Total Cost": 19968.53,
                    "Plan Rows": 11585,
                    "Plan Width": 4,
                    "Actual Startup Time": 20.475,
                    "Actual Total Time": 20.476,
                    "Actual Rows": 310,
                    "Actual Loops": 2,
                    "Hash Buckets": 32768,
                    "Original Hash Buckets": 32768,
                    "Hash Batches": 1,
                    "Original Hash Batches": 1,
                    "Peak Memory Usage": 320,
                    "Plans": [
                      {
                        "Node Type": "Bitmap Heap Scan",
                        "Parent Relationship": "Outer",
                        "Parallel Aware": true,
                        "Relation Name": "movie_companies",
                        "Alias": "mc",
                        "Startup Cost": 836.27,
                        "Total Cost": 19968.53,
                        "Plan Rows": 11585,
                        "Plan Width": 4,
                        "Actual Startup Time": 19.395,
                        "Actual Total Time": 20.287,
                        "Actual Rows": 310,
                        "Actual Loops": 2,
                        "Recheck Cond": "(company_id = 160)",
                        "Rows Removed by Index Recheck": 0,
                        "Filter": "(company_type_id = 2)",
                        "Rows Removed by Filter": 17758,
                        "Exact Heap Blocks": 3896,
                        "Lossy Heap Blocks": 0,
                        "Plans": [
                          {
                            "Node Type": "Bitmap Index Scan",
                            "Parent Relationship": "Outer",
                            "Parallel Aware": false,
                            "Index Name": "company_id_movie_companies",
                            "Startup Cost": 0.0,
                            "Total Cost": 831.35,
                            "Plan Rows": 38789,
                            "Plan Width": 0,
                            "Actual Startup Time": 7.119,
                            "Actual Total Time": 7.12,
                            "Actual Rows": 36136,
                            "Actual Loops": 1,
                            "Index Cond": "(company_id = 160)"
                          }
                        ]
                      }
                    ]
                  }
                ]
              }
            ]
          }
        ]
      }
    ]
  },
  "Planning Time": 0.481,
  "Triggers": [],
  "Execution Time": 197.154
}