{
  "Plan": {
    "Node Type": "Aggregate",
    "Strategy": "Plain",
    "Partial Mode": "Finalize",
    "Parallel Aware": false,
    "Startup Cost": 102331.31,
    "Total Cost": 102331.32,
    "Plan Rows": 1,
    "Plan Width": 8,
    "Actual Startup Time": 545.636,
    "Actual Total Time": 558.856,
    "Actual Rows": 1,
    "Actual Loops": 1,
    "Plans": [
      {
        "Node Type": "Gather",
        "Parent Relationship": "Outer",
        "Parallel Aware": false,
        "Startup Cost": 102331.19,
        "Total Cost": 102331.3,
        "Plan Rows": 1,
        "Plan Width": 8,
        "Actual Startup Time": 544.164,
        "Actual Total Time": 558.849,
        "Actual Rows": 2,
        "Actual Loops": 1,
        "Workers Planned": 1,
        "Workers Launched": 1,
        "Single Copy": false,
        "Plans": [
          {
            "Node Type": "Aggregate",
            "Strategy": "Plain",
            "Partial Mode": "Partial",
            "Parent Relationship": "Outer",
            "Parallel Aware": false,
            "Startup Cost": 101331.19,
            "Total Cost": 101331.2,
            "Plan Rows": 1,
            "Plan Width": 8,
            "Actual Startup Time": 537.919,
            "Actual Total Time": 537.923,
            "Actual Rows": 1,
            "Actual Loops": 2,
            "Plans": [
              {
                "Node Type": "Hash Join",
                "Parent Relationship": "Outer",
                "Parallel Aware": true,
                "Join Type": "Inner",
                "Startup Cost": 38494.7,
                "Total Cost": 100534.58,
                "Plan Rows": 318645,
                "Plan Width": 0,
                "Actual Startup Time": 156.537,
                "Actual Total Time": 526.815,
                "Actual Rows": 276971,
                "Actual Loops": 2,
                "Inner Unique": false,
                "Hash Cond": "(t.id = mc.movie_id)",
                "Plans": [
                  {
                    "Node Type": "Seq Scan",
                    "Parent Relationship": "Outer",
                    "Parallel Aware": true,
                    "Relation Name": "title",
                    "Alias": "t",
                    "Startup Cost": 0.0,
                    "Total Cost": 50870.31,
                    "Plan Rows": 1487231,
                    "Plan Width": 4,
                    "Actual Startup Time": 0.01,
                    "Actual Total Time": 116.377,
                    "Actual Rows": 1264156,
                    "Actual Loops": 2
                  },
                  {
                    "Node Type": "Hash",
                    "Parent Relationship": "Inner",
                    "Parallel Aware": true,
                    "Startup Cost": 34511.63,
                    "Total Cost": 34511.63,
                    "Plan Rows": 318645,
                    "Plan Width": 4,
                    "Actual Startup Time": 147.844,
                    "Actual Total Time": 147.845,
                    "Actual Rows": 276971,
                    "Actual Loops": 2,
                    "Hash Buckets": 1048576,
                    "Original Hash Buckets": 1048576,
                    "Hash Batches": 1,
                    "Original Hash Batches": 1,
                    "Peak Memory Usage": 29888,
                    "Plans": [
                      {
                        "Node Type": "Bitmap Heap Scan",
                        "Parent Relationship": "Outer",
                        "Parallel Aware": true,
                        "Relation Name": "movie_companies",
                        "Alias": "mc",
                        "Startup Cost": 11738.57,
                        "Total Cost": 34511.63,
                        "Plan Rows": 318645,
                        "Plan Width": 4,
                        "Actual Startup Time": 36.403,
                        "Actual Total Time": 85.466,
                        "Actual Rows": 276971,
                        "Actual Loops": 2,
                        "Recheck Cond": "(company_id > 71767)",
                        "Rows Removed by Index Recheck": 0,
                        "Exact Heap Blocks": 4544,
                        "Lossy Heap Blocks": 0,
                        "Plans": [
                          {
                            "Node Type": "Bitmap Index Scan",
                            "Parent Relationship": "Outer",
                            "Parallel Aware": false,
                            "Index Name": "company_id_movie_companies",
                            "Startup Cost": 0.0,
                            "Total Cost": 11603.15,
                            "Plan Rows": 541696,
                            "Plan Width": 0,
                            "Actual Startup Time": 35.263,
                            "Actual Total Time": 35.263,
                            "Actual Rows": 553942,
                            "Actual Loops": 1,
                            "Index Cond": "(company_id > 71767)"
                          }
                        ]
                      }
                    ]
                  }
                ]
              }
            ]
          }
        ]
      }
    ]
  },
  "Planning Time": 0.521,
  "Triggers": [],
  "Execution Time": 558.935
}