[
  {
    "Plan": {
      "Node Type": "Aggregate",
      "Strategy": "Plain",
      "Partial Mode": "Finalize",
      "Parallel Aware": false,
      "Startup Cost": 270204.62,
      "Total Cost": 270204.63,
      "Plan Rows": 1,
      "Plan Width": 8,
      "Actual Startup Time": 427.145,
      "Actual Total Time": 444.914,
      "Actual Rows": 1,
      "Actual Loops": 1,
      "Plans": [
        {
          "Node Type": "Gather",
          "Parent Relationship": "Outer",
          "Parallel Aware": false,
          "Startup Cost": 270204.3,
          "Total Cost": 270204.61,
          "Plan Rows": 3,
          "Plan Width": 8,
          "Actual Startup Time": 421.852,
          "Actual Total Time": 444.906,
          "Actual Rows": 4,
          "Actual Loops": 1,
          "Workers Planned": 3,
          "Workers Launched": 3,
          "Single Copy": false,
          "Plans": [
            {
              "Node Type": "Aggregate",
              "Strategy": "Plain",
              "Partial Mode": "Partial",
              "Parent Relationship": "Outer",
              "Parallel Aware": false,
              "Startup Cost": 269204.3,
              "Total Cost": 269204.31,
              "Plan Rows": 1,
              "Plan Width": 8,
              "Actual Startup Time": 409.035,
              "Actual Total Time": 409.04,
              "Actual Rows": 1,
              "Actual Loops": 4,
              "Plans": [
                {
                  "Node Type": "Hash Join",
                  "Parent Relationship": "Outer",
                  "Parallel Aware": true,
                  "Join Type": "Inner",
                  "Startup Cost": 222887.06,
                  "Total Cost": 269022.08,
                  "Plan Rows": 72887,
                  "Plan Width": 0,
                  "Actual Startup Time": 261.813,
                  "Actual Total Time": 407.786,
                  "Actual Rows": 27626,
                  "Actual Loops": 4,
                  "Inner Unique": false,
                  "Hash Cond": "(mk.movie_id = t.id)",
                  "Plans": [
                    {
                      "Node Type": "Seq Scan",
                      "Parent Relationship": "Outer",
                      "Parallel Aware": true,
                      "Relation Name": "movie_keyword",
                      "Alias": "mk",
                      "Startup Cost": 0.0,
                      "Total Cost": 42695.65,
                      "Plan Rows": 878290,
                      "Plan Width": 4,
                      "Actual Startup Time": 0.027,
                      "Actual Total Time": 101.507,
                      "Actual Rows": 678763,
                      "Actual Loops": 4,
                      "Filter": "(keyword_id < 7677)",
                      "Rows Removed by Filter": 452219
                    },
                    {
                      "Node Type": "Hash",
                      "Parent Relationship": "Inner",
                      "Parallel Aware": true,
                      "Startup Cost": 222362.51,
                      "Total Cost": 222362.51,
                      "Plan Rows": 41964,
                      "Plan Width": 8,
                      "Actual Startup Time": 259.269,
                      "Actual Total Time": 259.273,
                      "Actual Rows": 7148,
                      "Actual Loops": 4,
                      "Hash Buckets": 262144,
                      "Original Hash Buckets": 262144,
                      "Hash Batches": 1,
                      "Original Hash Batches": 1,
                      "Peak Memory Usage": 3232,
                      "Plans": [
                        {
                          "Node Type": "Hash Join",
                          "Parent Relationship": "Outer",
                          "Parallel Aware": true,
                          "Join Type": "Inner",
                          "Startup Cost": 58658.2,
                          "Total Cost": 222362.51,
                          "Plan Rows": 41964,
                          "Plan Width": 8,
                          "Actual Startup Time": 206.903,
                          "Actual Total Time": 256.387,
                          "Actual Rows": 7148,
                          "Actual Loops": 4,
                          "Inner Unique": true,
                          "Hash Cond": "(mi.movie_id = t.id)",
                          "Plans": [
                            {
                              "Node Type": "Bitmap Heap Scan",
                              "Parent Relationship": "Outer",
                              "Parallel Aware": true,
                              "Relation Name": "movie_info",
                              "Alias": "mi",
                              "Startup Cost": 10248.78,
                              "Total Cost": 173656.09,
                              "Plan Rows": 113144,
                              "Plan Width": 4,
                              "Actual Startup Time": 19.011,
                              "Actual Total Time": 40.922,
                              "Actual Rows": 135842,
                              "Actual Loops": 4,
                              "Recheck Cond": "(info_type_id > 98)",
                              "Rows Removed by Index Recheck": 0,
                              "Exact Heap Blocks": 1784,
                              "Lossy Heap Blocks": 0,
                              "Plans": [
                                {
                                  "Node Type": "Bitmap Index Scan",
                                  "Parent Relationship": "Outer",
                                  "Parallel Aware": false,
                                  "Index Name": "info_type_id_movie_info",
                                  "Startup Cost": 0.0,
                                  "Total Cost": 10107.35,
                                  "Plan Rows": 565722,
                                  "Plan Width": 0,
                                  "Actual Startup Time": 18.149,
                                  "Actual Total Time": 18.15,
                                  "Actual Rows": 543367,
                                  "Actual Loops": 1,
                                  "Index Cond": "(info_type_id > 98)"
                                }
                              ]
                            },
                            {
                              "Node Type": "Hash",
                              "Parent Relationship": "Inner",
                              "Parallel Aware": true,
                              "Startup Cost": 45479.1,
                              "Total Cost": 45479.1,
                              "Plan Rows": 234426,
                              "Plan Width": 4,
                              "Actual Startup Time": 182.927,
                              "Actual Total Time": 182.928,
                              "Actual Rows": 217652,
                              "Actual Loops": 4,
                              "Hash Buckets": 1048576,
                              "Original Hash Buckets": 1048576,
                              "Hash Batches": 1,
                              "Original Hash Batches": 1,
                              "Peak Memory Usage": 42304,
                              "Plans": [
                                {
                                  "Node Type": "Seq Scan",
                                  "Parent Relationship": "Outer",
                                  "Parallel Aware": true,
                                  "Relation Name": "title",
                                  "Alias": "t",
                                  "Startup Cost": 0.0,
                                  "Total Cost": 45479.1,
                                  "Plan Rows": 234426,
                                  "Plan Width": 4,
                                  "Actual Startup Time": 0.037,
                                  "Actual Total Time": 104.971,
                                  "Actual Rows": 217652,
                                  "Actual Loops": 4,
                                  "Filter": "((kind_id > 2) AND (production_year < 2005))",
                                  "Rows Removed by Filter": 414426
                                }
                              ]
                            }
                          ]
                        }
                      ]
                    }
                  ]
                }
              ]
            }
          ]
        }
      ]
    },
    "Planning Time": 1.41,
    "Triggers": [],
    "Execution Time": 445.019
  }
]