{
  "Plan": {
    "Node Type": "Aggregate",
    "Strategy": "Plain",
    "Partial Mode": "Finalize",
    "Parallel Aware": false,
    "Startup Cost": 326749.35,
    "Total Cost": 326749.36,
    "Plan Rows": 1,
    "Plan Width": 8,
    "Actual Startup Time": 1424.792,
    "Actual Total Time": 1468.794,
    "Actual Rows": 1,
    "Actual Loops": 1,
    "Plans": [
      {
        "Node Type": "Gather",
        "Parent Relationship": "Outer",
        "Parallel Aware": false,
        "Startup Cost": 326749.24,
        "Total Cost": 326749.35,
        "Plan Rows": 1,
        "Plan Width": 8,
        "Actual Startup Time": 1424.504,
        "Actual Total Time": 1468.774,
        "Actual Rows": 2,
        "Actual Loops": 1,
        "Workers Planned": 1,
        "Workers Launched": 1,
        "Single Copy": false,
        "Plans": [
          {
            "Node Type": "Aggregate",
            "Strategy": "Plain",
            "Partial Mode": "Partial",
            "Parent Relationship": "Outer",
            "Parallel Aware": false,
            "Startup Cost": 325749.24,
            "Total Cost": 325749.25,
            "Plan Rows": 1,
            "Plan Width": 8,
            "Actual Startup Time": 1418.439,
            "Actual Total Time": 1418.443,
            "Actual Rows": 1,
            "Actual Loops": 2,
            "Plans": [
              {
                "Node Type": "Hash Join",
                "Parent Relationship": "Outer",
                "Parallel Aware": true,
                "Join Type": "Inner",
                "Startup Cost": 53810.44,
                "Total Cost": 325593.92,
                "Plan Rows": 62126,
                "Plan Width": 0,
                "Actual Startup Time": 119.252,
                "Actual Total Time": 1413.728,
                "Actual Rows": 98086,
                "Actual Loops": 2,
                "Inner Unique": true,
                "Hash Cond": "(mi.movie_id = t.id)",
                "Plans": [
                  {
                    "Node Type": "Seq Scan",
                    "Parent Relationship": "Outer",
                    "Parallel Aware": true,
                    "Relation Name": "movie_info",
                    "Alias": "mi",
                    "Startup Cost": 0.0,
                    "Total Cost": 248955.74,
                    "Plan Rows": 8696274,
                    "Plan Width": 4,
                    "Actual Startup Time": 0.011,
                    "Actual Total Time": 677.313,
                    "Actual Rows": 7417860,
                    "Actual Loops": 2
                  },
                  {
                    "Node Type": "Hash",
                    "Parent Relationship": "Inner",
                    "Parallel Aware": true,
                    "Startup Cost": 53677.62,
                    "Total Cost": 53677.62,
                    "Plan Rows": 10625,
                    "Plan Width": 4,
                    "Actual Startup Time": 100.223,
                    "Actual Total Time": 100.224,
                    "Actual Rows": 11010,
                    "Actual Loops": 2,
                    "Hash Buckets": 32768,
                    "Original Hash Buckets": 32768,
                    "Hash Batches": 1,
                    "Original Hash Batches": 1,
                    "Peak Memory Usage": 1152,
                    "Plans": [
                      {
                        "Node Type": "Bitmap Heap Scan",
                        "Parent Relationship": "Outer",
                        "Parallel Aware": true,
                        "Relation Name": "title",
                        "Alias": "t",
                        "Startup Cost": 11827.37,
                        "Total Cost": 53677.62,
                        "Plan Rows": 10625,
                        "Plan Width": 4,
                        "Actual Startup Time": 38.382,
                        "Actual Total Time": 97.107,
                        "Actual Rows": 11010,
                        "Actual Loops": 2,
                        "Recheck Cond": "(kind_id = 1)",
                        "Rows Removed by Index Recheck": 0,
                        "Filter": "(production_year > 2012)",
                        "Rows Removed by Filter": 320402,
                        "Exact Heap Blocks": 9224,
                        "Lossy Heap Blocks": 0,
                        "Plans": [
                          {
                            "Node Type": "Bitmap Index Scan",
                            "Parent Relationship": "Outer",
                            "Parallel Aware": false,
                            "Index Name": "kind_id_title",
                            "Startup Cost": 0.0,
                            "Total Cost": 11822.85,
                            "Plan Rows": 663256,
                            "Plan Width": 0,
                            "Actual Startup Time": 40.887,
                            "Actual Total Time": 40.887,
                            "Actual Rows": 662825,
                            "Actual Loops": 1,
                            "Index Cond": "(kind_id = 1)"
                          }
                        ]
                      }
                    ]
                  }
                ]
              }
            ]
          }
        ]
      }
    ]
  },
  "Planning Time": 0.453,
  "Triggers": [],
  "Execution Time": 1468.9
}