[
  {
    "Plan": {
      "Node Type": "Aggregate",
      "Strategy": "Plain",
      "Partial Mode": "Finalize",
      "Parallel Aware": false,
      "Startup Cost": 79257.13,
      "Total Cost": 79257.14,
      "Plan Rows": 1,
      "Plan Width": 8,
      "Actual Startup Time": 352.408,
      "Actual Total Time": 369.296,
      "Actual Rows": 1,
      "Actual Loops": 1,
      "Plans": [
        {
          "Node Type": "Gather",
          "Parent Relationship": "Outer",
          "Parallel Aware": false,
          "Startup Cost": 79256.71,
          "Total Cost": 79257.12,
          "Plan Rows": 4,
          "Plan Width": 8,
          "Actual Startup Time": 348.362,
          "Actual Total Time": 369.285,
          "Actual Rows": 5,
          "Actual Loops": 1,
          "Workers Planned": 4,
          "Workers Launched": 4,
          "Single Copy": false,
          "Plans": [
            {
              "Node Type": "Aggregate",
              "Strategy": "Plain",
              "Partial Mode": "Partial",
              "Parent Relationship": "Outer",
              "Parallel Aware": false,
              "Startup Cost": 78256.71,
              "Total Cost": 78256.72,
              "Plan Rows": 1,
              "Plan Width": 8,
              "Actual Startup Time": 339.677,
              "Actual Total Time": 339.681,
              "Actual Rows": 1,
              "Actual Loops": 5,
              "Plans": [
                {
                  "Node Type": "Hash Join",
                  "Parent Relationship": "Outer",
                  "Parallel Aware": true,
                  "Join Type": "Inner",
                  "Startup Cost": 31869.31,
                  "Total Cost": 77860.12,
                  "Plan Rows": 158635,
                  "Plan Width": 0,
                  "Actual Startup Time": 127.498,
                  "Actual Total Time": 332.962,
                  "Actual Rows": 129397,
                  "Actual Loops": 5,
                  "Inner Unique": false,
                  "Hash Cond": "(t.id = mc.movie_id)",
                  "Plans": [
                    {
                      "Node Type": "Seq Scan",
                      "Parent Relationship": "Outer",
                      "Parallel Aware": true,
                      "Relation Name": "title",
                      "Alias": "t",
                      "Startup Cost": 0.0,
                      "Total Cost": 42318.73,
                      "Plan Rows": 632073,
                      "Plan Width": 4,
                      "Actual Startup Time": 0.014,
                      "Actual Total Time": 69.798,
                      "Actual Rows": 505662,
                      "Actual Loops": 5
                    },
                    {
                      "Node Type": "Hash",
                      "Parent Relationship": "Inner",
                      "Parallel Aware": true,
                      "Startup Cost": 29310.68,
                      "Total Cost": 29310.68,
                      "Plan Rows": 204690,
                      "Plan Width": 4,
                      "Actual Startup Time": 123.301,
                      "Actual Total Time": 123.302,
                      "Actual Rows": 129397,
                      "Actual Loops": 5,
                      "Hash Buckets": 1048576,
                      "Original Hash Buckets": 1048576,
                      "Hash Batches": 1,
                      "Original Hash Batches": 1,
                      "Peak Memory Usage": 33568,
                      "Plans": [
                        {
                          "Node Type": "Seq Scan",
                          "Parent Relationship": "Outer",
                          "Parallel Aware": true,
                          "Relation Name": "movie_companies",
                          "Alias": "mc",
                          "Startup Cost": 0.0,
                          "Total Cost": 29310.68,
                          "Plan Rows": 204690,
                          "Plan Width": 4,
                          "Actual Startup Time": 36.052,
                          "Actual Total Time": 77.218,
                          "Actual Rows": 129397,
                          "Actual Loops": 5,
                          "Filter": "(company_id > 55453)",
                          "Rows Removed by Filter": 392429
                        }
                      ]
                    }
                  ]
                }
              ]
            }
          ]
        }
      ]
    },
    "Planning Time": 0.636,
    "Triggers": [],
    "Execution Time": 369.373
  }
]