{
  "Plan": {
    "Node Type": "Aggregate",
    "Strategy": "Plain",
    "Partial Mode": "Finalize",
    "Parallel Aware": false,
    "Startup Cost": 334446.98,
    "Total Cost": 334446.99,
    "Plan Rows": 1,
    "Plan Width": 8,
    "Actual Startup Time": 3268.414,
    "Actual Total Time": 3296.593,
    "Actual Rows": 1,
    "Actual Loops": 1,
    "Plans": [
      {
        "Node Type": "Gather",
        "Parent Relationship": "Outer",
        "Parallel Aware": false,
        "Startup Cost": 334446.87,
        "Total Cost": 334446.98,
        "Plan Rows": 1,
        "Plan Width": 8,
        "Actual Startup Time": 3261.957,
        "Actual Total Time": 3296.584,
        "Actual Rows": 2,
        "Actual Loops": 1,
        "Workers Planned": 1,
        "Workers Launched": 1,
        "Single Copy": false,
        "Plans": [
          {
            "Node Type": "Aggregate",
            "Strategy": "Plain",
            "Partial Mode": "Partial",
            "Parent Relationship": "Outer",
            "Parallel Aware": false,
            "Startup Cost": 333446.87,
            "Total Cost": 333446.88,
            "Plan Rows": 1,
            "Plan Width": 8,
            "Actual Startup Time": 3255.25,
            "Actual Total Time": 3255.256,
            "Actual Rows": 1,
            "Actual Loops": 2,
            "Plans": [
              {
                "Node Type": "Hash Join",
                "Parent Relationship": "Outer",
                "Parallel Aware": true,
                "Join Type": "Inner",
                "Startup Cost": 264037.16,
                "Total Cost": 330952.01,
                "Plan Rows": 997943,
                "Plan Width": 0,
                "Actual Startup Time": 936.896,
                "Actual Total Time": 2518.229,
                "Actual Rows": 18575487,
                "Actual Loops": 2,
                "Inner Unique": false,
                "Hash Cond": "(mk.movie_id = t.id)",
                "Plans": [
                  {
                    "Node Type": "Seq Scan",
                    "Parent Relationship": "Outer",
                    "Parallel Aware": true,
                    "Relation Name": "movie_keyword",
                    "Alias": "mk",
                    "Startup Cost": 0.0,
                    "Total Cost": 51065.35,
                    "Plan Rows": 2661135,
                    "Plan Width": 4,
                    "Actual Startup Time": 0.021,
                    "Actual Total Time": 155.703,
                    "Actual Rows": 2261965,
                    "Actual Loops": 2
                  },
                  {
                    "Node Type": "Hash",
                    "Parent Relationship": "Inner",
                    "Parallel Aware": true,
                    "Startup Cost": 257065.64,
                    "Total Cost": 257065.64,
                    "Plan Rows": 557721,
                    "Plan Width": 8,
                    "Actual Startup Time": 927.649,
                    "Actual Total Time": 927.654,
                    "Actual Rows": 450170,
                    "Actual Loops": 2,
                    "Hash Buckets": 1048576,
                    "Original Hash Buckets": 1048576,
                    "Hash Batches": 1,
                    "Original Hash Batches": 1,
                    "Peak Memory Usage": 43456,
                    "Plans": [
                      {
                        "Node Type": "Hash Join",
                        "Parent Relationship": "Outer",
                        "Parallel Aware": true,
                        "Join Type": "Inner",
                        "Startup Cost": 86637.11,
                        "Total Cost": 257065.64,
                        "Plan Rows": 557721,
                        "Plan Width": 8,
                        "Actual Startup Time": 574.303,
                        "Actual Total Time": 821.384,
                        "Actual Rows": 450170,
                        "Actual Loops": 2,
                        "Inner Unique": true,
                        "Hash Cond": "(mi.movie_id = t.id)",
                        "Plans": [
                          {
                            "Node Type": "Bitmap Heap Scan",
                            "Parent Relationship": "Outer",
                            "Parallel Aware": true,
                            "Relation Name": "movie_info",
                            "Alias": "mi",
                            "Startup Cost": 17176.41,
                            "Total Cost": 186140.93,
                            "Plan Rows": 557721,
                            "Plan Width": 4,
                            "Actual Startup Time": 35.758,
                            "Actual Total Time": 122.078,
                            "Actual Rows": 450170,
                            "Actual Loops": 2,
                            "Recheck Cond": "(info_type_id > 94)",
                            "Rows Removed by Index Recheck": 0,
                            "Exact Heap Blocks": 18141,
                            "Lossy Heap Blocks": 0,
                            "Plans": [
                              {
                                "Node Type": "Bitmap Index Scan",
                                "Parent Relationship": "Outer",
                                "Parallel Aware": false,
                                "Index Name": "info_type_id_movie_info",
                                "Startup Cost": 0.0,
                                "Total Cost": 16939.38,
                                "Plan Rows": 948126,
                                "Plan Width": 0,
                                "Actual Startup Time": 30.403,
                                "Actual Total Time": 30.403,
                                "Actual Rows": 900340,
                                "Actual Loops": 1,
                                "Index Cond": "(info_type_id > 94)"
                              }
                            ]
                          },
                          {
                            "Node Type": "Hash",
                            "Parent Relationship": "Inner",
                            "Parallel Aware": true,
                            "Startup Cost": 50870.31,
                            "Total Cost": 50870.31,
                            "Plan Rows": 1487231,
                            "Plan Width": 4,
                            "Actual Startup Time": 523.173,
                            "Actual Total Time": 523.174,
                            "Actual Rows": 1264156,
                            "Actual Loops": 2,
                            "Hash Buckets": 4194304,
                            "Original Hash Buckets": 4194304,
                            "Hash Batches": 1,
                            "Original Hash Batches": 1,
                            "Peak Memory Usage": 131712,
                            "Plans": [
                              {
                                "Node Type": "Seq Scan",
                                "Parent Relationship": "Outer",
                                "Parallel Aware": true,
                                "Relation Name": "title",
                                "Alias": "t",
                                "Startup Cost": 0.0,
                                "Total Cost": 50870.31,
                                "Plan Rows": 1487231,
                                "Plan Width": 4,
                                "Actual Startup Time": 0.032,
                                "Actual Total Time": 154.169,
                                "Actual Rows": 1264156,
                                "Actual Loops": 2
                              }
                            ]
                          }
                        ]
                      }
                    ]
                  }
                ]
              }
            ]
          }
        ]
      }
    ]
  },
  "Planning Time": 0.864,
  "Triggers": [],
  "Execution Time": 3296.699
}