[
  {
    "Plan": {
      "Node Type": "Aggregate",
      "Strategy": "Plain",
      "Partial Mode": "Finalize",
      "Parallel Aware": false,
      "Startup Cost": 32298.3,
      "Total Cost": 32298.31,
      "Plan Rows": 1,
      "Plan Width": 8,
      "Actual Startup Time": 117.793,
      "Actual Total Time": 124.952,
      "Actual Rows": 1,
      "Actual Loops": 1,
      "Plans": [
        {
          "Node Type": "Gather",
          "Parent Relationship": "Outer",
          "Parallel Aware": false,
          "Startup Cost": 32297.98,
          "Total Cost": 32298.29,
          "Plan Rows": 3,
          "Plan Width": 8,
          "Actual Startup Time": 117.665,
          "Actual Total Time": 124.936,
          "Actual Rows": 4,
          "Actual Loops": 1,
          "Workers Planned": 3,
          "Workers Launched": 3,
          "Single Copy": false,
          "Plans": [
            {
              "Node Type": "Aggregate",
              "Strategy": "Plain",
              "Partial Mode": "Partial",
              "Parent Relationship": "Outer",
              "Parallel Aware": false,
              "Startup Cost": 31297.98,
              "Total Cost": 31297.99,
              "Plan Rows": 1,
              "Plan Width": 8,
              "Actual Startup Time": 112.586,
              "Actual Total Time": 112.588,
              "Actual Rows": 1,
              "Actual Loops": 4,
              "Plans": [
                {
                  "Node Type": "Seq Scan",
                  "Parent Relationship": "Outer",
                  "Parallel Aware": true,
                  "Relation Name": "movie_companies",
                  "Alias": "mc",
                  "Startup Cost": 0.0,
                  "Total Cost": 29310.68,
                  "Plan Rows": 794921,
                  "Plan Width": 0,
                  "Actual Startup Time": 0.024,
                  "Actual Total Time": 83.396,
                  "Actual Rows": 616949,
                  "Actual Loops": 4,
                  "Filter": "(company_id < 135763)",
                  "Rows Removed by Filter": 35333
                }
              ]
            }
          ]
        }
      ]
    },
    "Planning Time": 0.115,
    "Triggers": [],
    "Execution Time": 124.984
  }
]