[
  {
    "Plan": {
      "Node Type": "Aggregate",
      "Strategy": "Plain",
      "Partial Mode": "Simple",
      "Parallel Aware": false,
      "Startup Cost": 21234.61,
      "Total Cost": 21234.62,
      "Plan Rows": 1,
      "Plan Width": 8,
      "Actual Startup Time": 32.779,
      "Actual Total Time": 32.78,
      "Actual Rows": 1,
      "Actual Loops": 1,
      "Plans": [
        {
          "Node Type": "Bitmap Heap Scan",
          "Parent Relationship": "Outer",
          "Parallel Aware": false,
          "Relation Name": "movie_keyword",
          "Alias": "mk",
          "Startup Cost": 269.43,
          "Total Cost": 21203.32,
          "Plan Rows": 12516,
          "Plan Width": 0,
          "Actual Startup Time": 9.83,
          "Actual Total Time": 31.331,
          "Actual Rows": 14120,
          "Actual Loops": 1,
          "Recheck Cond": "(keyword_id = 1382)",
          "Rows Removed by Index Recheck": 0,
          "Exact Heap Blocks": 8945,
          "Lossy Heap Blocks": 0,
          "Plans": [
            {
              "Node Type": "Bitmap Index Scan",
              "Parent Relationship": "Outer",
              "Parallel Aware": false,
              "Index Name": "keyword_id_movie_keyword",
              "Startup Cost": 0.0,
              "Total Cost": 266.3,
              "Plan Rows": 12516,
              "Plan Width": 0,
              "Actual Startup Time": 6.125,
              "Actual Total Time": 6.125,
              "Actual Rows": 14120,
              "Actual Loops": 1,
              "Index Cond": "(keyword_id = 1382)"
            }
          ]
        }
      ]
    },
    "Planning Time": 0.157,
    "Triggers": [],
    "Execution Time": 32.837
  }
]