{
  "Plan": {
    "Node Type": "Aggregate",
    "Strategy": "Plain",
    "Partial Mode": "Finalize",
    "Parallel Aware": false,
    "Startup Cost": 694877.4,
    "Total Cost": 694877.41,
    "Plan Rows": 1,
    "Plan Width": 8,
    "Actual Startup Time": 6076.179,
    "Actual Total Time": 6149.525,
    "Actual Rows": 1,
    "Actual Loops": 1,
    "Plans": [
      {
        "Node Type": "Gather",
        "Parent Relationship": "Outer",
        "Parallel Aware": false,
        "Startup Cost": 694877.29,
        "Total Cost": 694877.4,
        "Plan Rows": 1,
        "Plan Width": 8,
        "Actual Startup Time": 6071.434,
        "Actual Total Time": 6149.517,
        "Actual Rows": 2,
        "Actual Loops": 1,
        "Workers Planned": 1,
        "Workers Launched": 1,
        "Single Copy": false,
        "Plans": [
          {
            "Node Type": "Aggregate",
            "Strategy": "Plain",
            "Partial Mode": "Partial",
            "Parent Relationship": "Outer",
            "Parallel Aware": false,
            "Startup Cost": 693877.29,
            "Total Cost": 693877.3,
            "Plan Rows": 1,
            "Plan Width": 8,
            "Actual Startup Time": 6064.828,
            "Actual Total Time": 6064.835,
            "Actual Rows": 1,
            "Actual Loops": 2,
            "Plans": [
              {
                "Node Type": "Hash Join",
                "Parent Relationship": "Outer",
                "Parallel Aware": true,
                "Join Type": "Inner",
                "Startup Cost": 117128.94,
                "Total Cost": 684619.55,
                "Plan Rows": 3703096,
                "Plan Width": 0,
                "Actual Startup Time": 683.683,
                "Actual Total Time": 5622.776,
                "Actual Rows": 11102340,
                "Actual Loops": 2,
                "Inner Unique": false,
                "Hash Cond": "(ci.movie_id = t.id)",
                "Plans": [
                  {
                    "Node Type": "Seq Scan",
                    "Parent Relationship": "Outer",
                    "Parallel Aware": true,
                    "Relation Name": "cast_info",
                    "Alias": "ci",
                    "Startup Cost": 0.0,
                    "Total Cost": 465792.95,
                    "Plan Rows": 21310595,
                    "Plan Width": 4,
                    "Actual Startup Time": 0.015,
                    "Actual Total Time": 1333.551,
                    "Actual Rows": 18122172,
                    "Actual Loops": 2
                  },
                  {
                    "Node Type": "Hash",
                    "Parent Relationship": "Inner",
                    "Parallel Aware": true,
                    "Startup Cost": 113898.53,
                    "Total Cost": 113898.53,
                    "Plan Rows": 258433,
                    "Plan Width": 8,
                    "Actual Startup Time": 678.268,
                    "Actual Total Time": 678.273,
                    "Actual Rows": 292744,
                    "Actual Loops": 2,
                    "Hash Buckets": 1048576,
                    "Original Hash Buckets": 524288,
                    "Hash Batches": 1,
                    "Original Hash Batches": 1,
                    "Peak Memory Usage": 35232,
                    "Plans": [
                      {
                        "Node Type": "Hash Join",
                        "Parent Relationship": "Outer",
                        "Parallel Aware": true,
                        "Join Type": "Inner",
                        "Startup Cost": 82048.17,
                        "Total Cost": 113898.53,
                        "Plan Rows": 258433,
                        "Plan Width": 8,
                        "Actual Startup Time": 415.887,
                        "Actual Total Time": 609.614,
                        "Actual Rows": 292744,
                        "Actual Loops": 2,
                        "Inner Unique": true,
                        "Hash Cond": "(mk.movie_id = t.id)",
                        "Plans": [
                          {
                            "Node Type": "Bitmap Heap Scan",
                            "Parent Relationship": "Outer",
                            "Parallel Aware": true,
                            "Relation Name": "movie_keyword",
                            "Alias": "mk",
                            "Startup Cost": 17635.21,
                            "Total Cost": 48201.9,
                            "Plan Rows": 489015,
                            "Plan Width": 4,
                            "Actual Startup Time": 48.092,
                            "Actual Total Time": 133.651,
                            "Actual Rows": 420830,
                            "Actual Loops": 2,
                            "Recheck Cond": "(keyword_id < 807)",
                            "Rows Removed by Index Recheck": 0,
                            "Exact Heap Blocks": 13246,
                            "Lossy Heap Blocks": 0,
                            "Plans": [
                              {
                                "Node Type": "Bitmap Index Scan",
                                "Parent Relationship": "Outer",
                                "Parallel Aware": false,
                                "Index Name": "keyword_id_movie_keyword",
                                "Startup Cost": 0.0,
                                "Total Cost": 17427.38,
                                "Plan Rows": 831326,
                                "Plan Width": 0,
                                "Actual Startup Time": 44.48,
                                "Actual Total Time": 44.481,
                                "Actual Rows": 841659,
                                "Actual Loops": 1,
                                "Index Cond": "(keyword_id < 807)"
                              }
                            ]
                          },
                          {
                            "Node Type": "Hash",
                            "Parent Relationship": "Inner",
                            "Parallel Aware": true,
                            "Startup Cost": 54588.39,
                            "Total Cost": 54588.39,
                            "Plan Rows": 785966,
                            "Plan Width": 4,
                            "Actual Startup Time": 356.926,
                            "Actual Total Time": 356.927,
                            "Actual Rows": 674146,
                            "Actual Loops": 2,
                            "Hash Buckets": 2097152,
                            "Original Hash Buckets": 2097152,
                            "Hash Batches": 1,
                            "Original Hash Batches": 1,
                            "Peak Memory Usage": 69152,
                            "Plans": [
                              {
                                "Node Type": "Seq Scan",
                                "Parent Relationship": "Outer",
                                "Parallel Aware": true,
                                "Relation Name": "title",
                                "Alias": "t",
                                "Startup Cost": 0.0,
                                "Total Cost": 54588.39,
                                "Plan Rows": 785966,
                                "Plan Width": 4,
                                "Actual Startup Time": 0.038,
                                "Actual Total Time": 169.572,
                                "Actual Rows": 674146,
                                "Actual Loops": 2,
                                "Filter": "(production_year < 2005)",
                                "Rows Removed by Filter": 590010
                              }
                            ]
                          }
                        ]
                      }
                    ]
                  }
                ]
              }
            ]
          }
        ]
      }
    ]
  },
  "Planning Time": 0.964,
  "Triggers": [],
  "Execution Time": 6149.647
}