[
  {
    "Plan": {
      "Node Type": "Aggregate",
      "Strategy": "Plain",
      "Partial Mode": "Finalize",
      "Parallel Aware": false,
      "Startup Cost": 45158.73,
      "Total Cost": 45158.74,
      "Plan Rows": 1,
      "Plan Width": 8,
      "Actual Startup Time": 138.602,
      "Actual Total Time": 148.061,
      "Actual Rows": 1,
      "Actual Loops": 1,
      "Plans": [
        {
          "Node Type": "Gather",
          "Parent Relationship": "Outer",
          "Parallel Aware": false,
          "Startup Cost": 45158.41,
          "Total Cost": 45158.72,
          "Plan Rows": 3,
          "Plan Width": 8,
          "Actual Startup Time": 138.494,
          "Actual Total Time": 148.051,
          "Actual Rows": 4,
          "Actual Loops": 1,
          "Workers Planned": 3,
          "Workers Launched": 3,
          "Single Copy": false,
          "Plans": [
            {
              "Node Type": "Aggregate",
              "Strategy": "Plain",
              "Partial Mode": "Partial",
              "Parent Relationship": "Outer",
              "Parallel Aware": false,
              "Startup Cost": 44158.41,
              "Total Cost": 44158.42,
              "Plan Rows": 1,
              "Plan Width": 8,
              "Actual Startup Time": 131.468,
              "Actual Total Time": 131.469,
              "Actual Rows": 1,
              "Actual Loops": 4,
              "Plans": [
                {
                  "Node Type": "Seq Scan",
                  "Parent Relationship": "Outer",
                  "Parallel Aware": true,
                  "Relation Name": "movie_keyword",
                  "Alias": "mk",
                  "Startup Cost": 0.0,
                  "Total Cost": 42695.65,
                  "Plan Rows": 585104,
                  "Plan Width": 0,
                  "Actual Startup Time": 0.055,
                  "Actual Total Time": 109.967,
                  "Actual Rows": 456432,
                  "Actual Loops": 4,
                  "Filter": "(keyword_id < 2999)",
                  "Rows Removed by Filter": 674550
                }
              ]
            }
          ]
        }
      ]
    },
    "Planning Time": 0.187,
    "Triggers": [],
    "Execution Time": 148.127
  }
]