{
  "Plan": {
    "Node Type": "Aggregate",
    "Strategy": "Plain",
    "Partial Mode": "Finalize",
    "Parallel Aware": false,
    "Startup Cost": 351678.94,
    "Total Cost": 351678.95,
    "Plan Rows": 1,
    "Plan Width": 8,
    "Actual Startup Time": 1461.976,
    "Actual Total Time": 1481.667,
    "Actual Rows": 1,
    "Actual Loops": 1,
    "Plans": [
      {
        "Node Type": "Gather",
        "Parent Relationship": "Outer",
        "Parallel Aware": false,
        "Startup Cost": 351678.82,
        "Total Cost": 351678.93,
        "Plan Rows": 1,
        "Plan Width": 8,
        "Actual Startup Time": 1435.926,
        "Actual Total Time": 1481.657,
        "Actual Rows": 2,
        "Actual Loops": 1,
        "Workers Planned": 1,
        "Workers Launched": 1,
        "Single Copy": false,
        "Plans": [
          {
            "Node Type": "Aggregate",
            "Strategy": "Plain",
            "Partial Mode": "Partial",
            "Parent Relationship": "Outer",
            "Parallel Aware": false,
            "Startup Cost": 350678.82,
            "Total Cost": 350678.83,
            "Plan Rows": 1,
            "Plan Width": 8,
            "Actual Startup Time": 1435.939,
            "Actual Total Time": 1435.946,
            "Actual Rows": 1,
            "Actual Loops": 2,
            "Plans": [
              {
                "Node Type": "Merge Join",
                "Parent Relationship": "Outer",
                "Parallel Aware": false,
                "Join Type": "Inner",
                "Startup Cost": 337752.22,
                "Total Cost": 350013.22,
                "Plan Rows": 266243,
                "Plan Width": 0,
                "Actual Startup Time": 1186.999,
                "Actual Total Time": 1405.273,
                "Actual Rows": 707680,
                "Actual Loops": 2,
                "Inner Unique": false,
                "Merge Cond": "(t.id = mi_idx.movie_id)",
                "Plans": [
                  {
                    "Node Type": "Sort",
                    "Parent Relationship": "Outer",
                    "Parallel Aware": false,
                    "Startup Cost": 272352.86,
                    "Total Cost": 276003.47,
                    "Plan Rows": 1460242,
                    "Plan Width": 8,
                    "Actual Startup Time": 1018.26,
                    "Actual Total Time": 1059.858,
                    "Actual Rows": 985190,
                    "Actual Loops": 2,
                    "Sort Key": [
                      "mk.movie_id"
                    ],
                    "Sort Method": "quicksort",
                    "Sort Space Used": 70848,
                    "Sort Space Type": "Memory",
                    "Workers": [
                      {
                        "Worker Number": 0,
                        "Sort Method": "quicksort",
                        "Sort Space Used": 70667,
                        "Sort Space Type": "Memory"
                      }
                    ],
                    "Plans": [
                      {
                        "Node Type": "Hash Join",
                        "Parent Relationship": "Outer",
                        "Parallel Aware": true,
                        "Join Type": "Inner",
                        "Startup Cost": 64789.48,
                        "Total Cost": 122840.32,
                        "Plan Rows": 1460242,
                        "Plan Width": 8,
                        "Actual Startup Time": 371.556,
                        "Actual Total Time": 834.378,
                        "Actual Rows": 985190,
                        "Actual Loops": 2,
                        "Inner Unique": true,
                        "Hash Cond": "(mk.movie_id = t.id)",
                        "Plans": [
                          {
                            "Node Type": "Seq Scan",
                            "Parent Relationship": "Outer",
                            "Parallel Aware": true,
                            "Relation Name": "movie_keyword",
                            "Alias": "mk",
                            "Startup Cost": 0.0,
                            "Total Cost": 51065.35,
                            "Plan Rows": 2661135,
                            "Plan Width": 4,
                            "Actual Startup Time": 0.013,
                            "Actual Total Time": 159.468,
                            "Actual Rows": 2261965,
                            "Actual Loops": 2
                          },
                          {
                            "Node Type": "Hash",
                            "Parent Relationship": "Inner",
                            "Parallel Aware": true,
                            "Startup Cost": 54588.39,
                            "Total Cost": 54588.39,
                            "Plan Rows": 816087,
                            "Plan Width": 4,
                            "Actual Startup Time": 357.316,
                            "Actual Total Time": 357.318,
                            "Actual Rows": 690726,
                            "Actual Loops": 2,
                            "Hash Buckets": 2097152,
                            "Original Hash Buckets": 2097152,
                            "Hash Batches": 1,
                            "Original Hash Batches": 1,
                            "Peak Memory Usage": 70464,
                            "Plans": [
                              {
                                "Node Type": "Seq Scan",
                                "Parent Relationship": "Outer",
                                "Parallel Aware": true,
                                "Relation Name": "title",
                                "Alias": "t",
                                "Startup Cost": 0.0,
                                "Total Cost": 54588.39,
                                "Plan Rows": 816087,
                                "Plan Width": 4,
                                "Actual Startup Time": 0.045,
                                "Actual Total Time": 167.916,
                                "Actual Rows": 690726,
                                "Actual Loops": 2,
                                "Filter": "(production_year > 2000)",
                                "Rows Removed by Filter": 573430
                              }
                            ]
                          }
                        ]
                      }
                    ]
                  },
                  {
                    "Node Type": "Sort",
                    "Parent Relationship": "Inner",
                    "Parallel Aware": false,
                    "Startup Cost": 65399.21,
                    "Total Cost": 66551.66,
                    "Plan Rows": 460978,
                    "Plan Width": 4,
                    "Actual Startup Time": 168.721,
                    "Actual Total Time": 207.361,
                    "Actual Rows": 1117444,
                    "Actual Loops": 2,
                    "Sort Key": [
                      "mi_idx.movie_id"
                    ],
                    "Sort Method": "quicksort",
                    "Sort Space Used": 33860,
                    "Sort Space Type": "Memory",
                    "Workers": [
                      {
                        "Worker Number": 0,
                        "Sort Method": "quicksort",
                        "Sort Space Used": 33860,
                        "Sort Space Type": "Memory"
                      }
                    ],
                    "Plans": [
                      {
                        "Node Type": "Bitmap Heap Scan",
                        "Parent Relationship": "Outer",
                        "Parallel Aware": false,
                        "Relation Name": "movie_info_idx",
                        "Alias": "mi_idx",
                        "Startup Cost": 8337.01,
                        "Total Cost": 22034.23,
                        "Plan Rows": 460978,
                        "Plan Width": 4,
                        "Actual Startup Time": 25.908,
                        "Actual Total Time": 81.018,
                        "Actual Rows": 460185,
                        "Actual Loops": 2,
                        "Recheck Cond": "(info_type_id > 100)",
                        "Rows Removed by Index Recheck": 0,
                        "Exact Heap Blocks": 7935,
                        "Lossy Heap Blocks": 0,
                        "Plans": [
                          {
                            "Node Type": "Bitmap Index Scan",
                            "Parent Relationship": "Outer",
                            "Parallel Aware": false,
                            "Index Name": "info_type_id_movie_info_idx",
                            "Startup Cost": 0.0,
                            "Total Cost": 8221.76,
                            "Plan Rows": 460978,
                            "Plan Width": 0,
                            "Actual Startup Time": 24.984,
                            "Actual Total Time": 24.984,
                            "Actual Rows": 460185,
                            "Actual Loops": 2,
                            "Index Cond": "(info_type_id > 100)"
                          }
                        ]
                      }
                    ]
                  }
                ]
              }
            ]
          }
        ]
      }
    ]
  },
  "Planning Time": 0.946,
  "Triggers": [],
  "Execution Time": 1489.794
}