[
  {
    "Plan": {
      "Node Type": "Aggregate",
      "Strategy": "Plain",
      "Partial Mode": "Finalize",
      "Parallel Aware": false,
      "Startup Cost": 306373.83,
      "Total Cost": 306373.84,
      "Plan Rows": 1,
      "Plan Width": 32,
      "Actual Startup Time": 1472.8,
      "Actual Total Time": 1549.632,
      "Actual Rows": 1,
      "Actual Loops": 1,
      "Plans": [
        {
          "Node Type": "Gather",
          "Parent Relationship": "Outer",
          "Parallel Aware": false,
          "Startup Cost": 306373.51,
          "Total Cost": 306373.82,
          "Plan Rows": 3,
          "Plan Width": 32,
          "Actual Startup Time": 1471.823,
          "Actual Total Time": 1549.62,
          "Actual Rows": 4,
          "Actual Loops": 1,
          "Workers Planned": 3,
          "Workers Launched": 3,
          "Single Copy": false,
          "Plans": [
            {
              "Node Type": "Aggregate",
              "Strategy": "Plain",
              "Partial Mode": "Partial",
              "Parent Relationship": "Outer",
              "Parallel Aware": false,
              "Startup Cost": 305373.51,
              "Total Cost": 305373.52,
              "Plan Rows": 1,
              "Plan Width": 32,
              "Actual Startup Time": 1463.087,
              "Actual Total Time": 1463.152,
              "Actual Rows": 1,
              "Actual Loops": 4,
              "Plans": [
                {
                  "Node Type": "Hash Join",
                  "Parent Relationship": "Outer",
                  "Parallel Aware": false,
                  "Join Type": "Inner",
                  "Startup Cost": 273720.15,
                  "Total Cost": 305370.82,
                  "Plan Rows": 1075,
                  "Plan Width": 17,
                  "Actual Startup Time": 1444.988,
                  "Actual Total Time": 1463.135,
                  "Actual Rows": 7,
                  "Actual Loops": 4,
                  "Inner Unique": true,
                  "Hash Cond": "(mi.info_type_id = it.id)",
                  "Plans": [
                    {
                      "Node Type": "Hash Join",
                      "Parent Relationship": "Outer",
                      "Parallel Aware": false,
                      "Join Type": "Inner",
                      "Startup Cost": 273716.61,
                      "Total Cost": 305364.35,
                      "Plan Rows": 1075,
                      "Plan Width": 21,
                      "Actual Startup Time": 1444.357,
                      "Actual Total Time": 1462.498,
                      "Actual Rows": 7,
                      "Actual Loops": 4,
                      "Inner Unique": true,
                      "Hash Cond": "(mc.company_type_id = ct.id)",
                      "Plans": [
                        {
                          "Node Type": "Hash Join",
                          "Parent Relationship": "Outer",
                          "Parallel Aware": true,
                          "Join Type": "Inner",
                          "Startup Cost": 273715.55,
                          "Total Cost": 305340.05,
                          "Plan Rows": 4298,
                          "Plan Width": 25,
                          "Actual Startup Time": 1318.349,
                          "Actual Total Time": 1462.255,
                          "Actual Rows": 997,
                          "Actual Loops": 4,
                          "Inner Unique": false,
                          "Hash Cond": "(mc.movie_id = t.id)",
                          "Plans": [
                            {
                              "Node Type": "Seq Scan",
                              "Parent Relationship": "Outer",
                              "Parallel Aware": true,
                              "Relation Name": "movie_companies",
                              "Alias": "mc",
                              "Startup Cost": 0.0,
                              "Total Cost": 31414.82,
                              "Plan Rows": 55484,
                              "Plan Width": 8,
                              "Actual Startup Time": 0.035,
                              "Actual Total Time": 130.414,
                              "Actual Rows": 73907,
                              "Actual Loops": 4,
                              "Filter": "((note !~~ '%(TV)%'::text) AND (note ~~ '%(USA)%'::text))",
                              "Rows Removed by Filter": 578375
                            },
                            {
                              "Node Type": "Hash",
                              "Parent Relationship": "Inner",
                              "Parallel Aware": true,
                              "Startup Cost": 273623.0,
                              "Total Cost": 273623.0,
                              "Plan Rows": 7404,
                              "Plan Width": 29,
                              "Actual Startup Time": 1316.826,
                              "Actual Total Time": 1316.886,
                              "Actual Rows": 9675,
                              "Actual Loops": 4,
                              "Hash Buckets": 65536,
                              "Original Hash Buckets": 65536,
                              "Hash Batches": 1,
                              "Original Hash Batches": 1,
                              "Peak Memory Usage": 3072,
                              "Plans": [
                                {
                                  "Node Type": "Hash Join",
                                  "Parent Relationship": "Outer",
                                  "Parallel Aware": true,
                                  "Join Type": "Inner",
                                  "Startup Cost": 44102.8,
                                  "Total Cost": 273623.0,
                                  "Plan Rows": 7404,
                                  "Plan Width": 29,
                                  "Actual Startup Time": 149.337,
                                  "Actual Total Time": 1311.419,
                                  "Actual Rows": 9675,
                                  "Actual Loops": 4,
                                  "Inner Unique": true,
                                  "Hash Cond": "(mi.movie_id = t.id)",
                                  "Plans": [
                                    {
                                      "Node Type": "Seq Scan",
                                      "Parent Relationship": "Outer",
                                      "Parallel Aware": true,
                                      "Relation Name": "movie_info",
                                      "Alias": "mi",
                                      "Startup Cost": 0.0,
                                      "Total Cost": 228768.14,
                                      "Plan Rows": 286496,
                                      "Plan Width": 8,
                                      "Actual Startup Time": 0.043,
                                      "Actual Total Time": 1095.62,
                                      "Actual Rows": 371889,
                                      "Actual Loops": 4,
                                      "Filter": "(info = ANY ('{English,American,Danish,German,Sweden,Denmark,Norway,America,USA,Germany}'::text[]))",
                                      "Rows Removed by Filter": 3337041
                                    },
                                    {
                                      "Node Type": "Hash",
                                      "Parent Relationship": "Inner",
                                      "Parallel Aware": true,
                                      "Startup Cost": 43898.62,
                                      "Total Cost": 43898.62,
                                      "Plan Rows": 16335,
                                      "Plan Width": 21,
                                      "Actual Startup Time": 147.828,
                                      "Actual Total Time": 147.829,
                                      "Actual Rows": 16836,
                                      "Actual Loops": 4,
                                      "Hash Buckets": 131072,
                                      "Original Hash Buckets": 65536,
                                      "Hash Batches": 1,
                                      "Original Hash Batches": 1,
                                      "Peak Memory Usage": 5376,
                                      "Plans": [
                                        {
                                          "Node Type": "Seq Scan",
                                          "Parent Relationship": "Outer",
                                          "Parallel Aware": true,
                                          "Relation Name": "title",
                                          "Alias": "t",
                                          "Startup Cost": 0.0,
                                          "Total Cost": 43898.62,
                                          "Plan Rows": 16335,
                                          "Plan Width": 21,
                                          "Actual Startup Time": 0.085,
                                          "Actual Total Time": 132.678,
                                          "Actual Rows": 16836,
                                          "Actual Loops": 4,
                                          "Filter": "(production_year > 2012)",
                                          "Rows Removed by Filter": 615242
                                        }
                                      ]
                                    }
                                  ]
                                }
                              ]
                            }
                          ]
                        },
                        {
                          "Node Type": "Hash",
                          "Parent Relationship": "Inner",
                          "Parallel Aware": false,
                          "Startup Cost": 1.05,
                          "Total Cost": 1.05,
                          "Plan Rows": 1,
                          "Plan Width": 4,
                          "Actual Startup Time": 0.065,
                          "Actual Total Time": 0.066,
                          "Actual Rows": 1,
                          "Actual Loops": 4,
                          "Hash Buckets": 1024,
                          "Original Hash Buckets": 1024,
                          "Hash Batches": 1,
                          "Original Hash Batches": 1,
                          "Peak Memory Usage": 9,
                          "Plans": [
                            {
                              "Node Type": "Seq Scan",
                              "Parent Relationship": "Outer",
                              "Parallel Aware": false,
                              "Relation Name": "company_type",
                              "Alias": "ct",
                              "Startup Cost": 0.0,
                              "Total Cost": 1.05,
                              "Plan Rows": 1,
                              "Plan Width": 4,
                              "Actual Startup Time": 0.054,
                              "Actual Total Time": 0.057,
                              "Actual Rows": 1,
                              "Actual Loops": 4,
                              "Filter": "((kind)::text = 'production companies'::text)",
                              "Rows Removed by Filter": 3
                            }
                          ]
                        }
                      ]
                    },
                    {
                      "Node Type": "Hash",
                      "Parent Relationship": "Inner",
                      "Parallel Aware": false,
                      "Startup Cost": 2.13,
                      "Total Cost": 2.13,
                      "Plan Rows": 113,
                      "Plan Width": 4,
                      "Actual Startup Time": 0.145,
                      "Actual Total Time": 0.146,
                      "Actual Rows": 113,
                      "Actual Loops": 4,
                      "Hash Buckets": 1024,
                      "Original Hash Buckets": 1024,
                      "Hash Batches": 1,
                      "Original Hash Batches": 1,
                      "Peak Memory Usage": 12,
                      "Plans": [
                        {
                          "Node Type": "Seq Scan",
                          "Parent Relationship": "Outer",
                          "Parallel Aware": false,
                          "Relation Name": "info_type",
                          "Alias": "it",
                          "Startup Cost": 0.0,
                          "Total Cost": 2.13,
                          "Plan Rows": 113,
                          "Plan Width": 4,
                          "Actual Startup Time": 0.063,
                          "Actual Total Time": 0.086,
                          "Actual Rows": 113,
                          "Actual Loops": 4
                        }
                      ]
                    }
                  ]
                }
              ]
            }
          ]
        }
      ]
    },
    "Planning Time": 7.839,
    "Triggers": [],
    "Execution Time": 1549.987
  }
]