{
  "Plan": {
    "Node Type": "Aggregate",
    "Strategy": "Plain",
    "Partial Mode": "Finalize",
    "Parallel Aware": false,
    "Startup Cost": 421129.36,
    "Total Cost": 421129.37,
    "Plan Rows": 1,
    "Plan Width": 8,
    "Actual Startup Time": 3108.506,
    "Actual Total Time": 3153.154,
    "Actual Rows": 1,
    "Actual Loops": 1,
    "Plans": [
      {
        "Node Type": "Gather",
        "Parent Relationship": "Outer",
        "Parallel Aware": false,
        "Startup Cost": 421129.24,
        "Total Cost": 421129.35,
        "Plan Rows": 1,
        "Plan Width": 8,
        "Actual Startup Time": 3105.605,
        "Actual Total Time": 3153.146,
        "Actual Rows": 2,
        "Actual Loops": 1,
        "Workers Planned": 1,
        "Workers Launched": 1,
        "Single Copy": false,
        "Plans": [
          {
            "Node Type": "Aggregate",
            "Strategy": "Plain",
            "Partial Mode": "Partial",
            "Parent Relationship": "Outer",
            "Parallel Aware": false,
            "Startup Cost": 420129.24,
            "Total Cost": 420129.25,
            "Plan Rows": 1,
            "Plan Width": 8,
            "Actual Startup Time": 3099.009,
            "Actual Total Time": 3099.016,
            "Actual Rows": 1,
            "Actual Loops": 2,
            "Plans": [
              {
                "Node Type": "Hash Join",
                "Parent Relationship": "Outer",
                "Parallel Aware": true,
                "Join Type": "Inner",
                "Startup Cost": 121380.63,
                "Total Cost": 417966.1,
                "Plan Rows": 865256,
                "Plan Width": 0,
                "Actual Startup Time": 717.808,
                "Actual Total Time": 2683.16,
                "Actual Rows": 10912022,
                "Actual Loops": 2,
                "Inner Unique": false,
                "Hash Cond": "(mi.movie_id = t.id)",
                "Plans": [
                  {
                    "Node Type": "Seq Scan",
                    "Parent Relationship": "Outer",
                    "Parallel Aware": true,
                    "Relation Name": "movie_info",
                    "Alias": "mi",
                    "Startup Cost": 0.0,
                    "Total Cost": 270696.42,
                    "Plan Rows": 5546484,
                    "Plan Width": 4,
                    "Actual Startup Time": 35.111,
                    "Actual Total Time": 735.393,
                    "Actual Rows": 4712600,
                    "Actual Loops": 2,
                    "Filter": "(info_type_id > 5)",
                    "Rows Removed by Filter": 2705260
                  },
                  {
                    "Node Type": "Hash",
                    "Parent Relationship": "Inner",
                    "Parallel Aware": true,
                    "Startup Cost": 118480.52,
                    "Total Cost": 118480.52,
                    "Plan Rows": 232009,
                    "Plan Width": 8,
                    "Actual Startup Time": 675.629,
                    "Actual Total Time": 675.634,
                    "Actual Rows": 269070,
                    "Actual Loops": 2,
                    "Hash Buckets": 1048576,
                    "Original Hash Buckets": 524288,
                    "Hash Batches": 1,
                    "Original Hash Batches": 1,
                    "Peak Memory Usage": 33376,
                    "Plans": [
                      {
                        "Node Type": "Hash Join",
                        "Parent Relationship": "Outer",
                        "Parallel Aware": true,
                        "Join Type": "Inner",
                        "Startup Cost": 84368.33,
                        "Total Cost": 118480.52,
                        "Plan Rows": 232009,
                        "Plan Width": 8,
                        "Actual Startup Time": 395.003,
                        "Actual Total Time": 608.035,
                        "Actual Rows": 269070,
                        "Actual Loops": 2,
                        "Inner Unique": true,
                        "Hash Cond": "(mk.movie_id = t.id)",
                        "Plans": [
                          {
                            "Node Type": "Bitmap Heap Scan",
                            "Parent Relationship": "Outer",
                            "Parallel Aware": true,
                            "Relation Name": "movie_keyword",
                            "Alias": "mk",
                            "Startup Cost": 23025.43,
                            "Total Cost": 55461.4,
                            "Plan Rows": 638558,
                            "Plan Width": 4,
                            "Actual Startup Time": 84.236,
                            "Actual Total Time": 190.12,
                            "Actual Rows": 544118,
                            "Actual Loops": 2,
                            "Recheck Cond": "(keyword_id > 16264)",
                            "Rows Removed by Index Recheck": 0,
                            "Exact Heap Blocks": 12311,
                            "Lossy Heap Blocks": 0,
                            "Plans": [
                              {
                                "Node Type": "Bitmap Index Scan",
                                "Parent Relationship": "Outer",
                                "Parallel Aware": false,
                                "Index Name": "keyword_id_movie_keyword",
                                "Startup Cost": 0.0,
                                "Total Cost": 22754.04,
                                "Plan Rows": 1085548,
                                "Plan Width": 0,
                                "Actual Startup Time": 80.618,
                                "Actual Total Time": 80.618,
                                "Actual Rows": 1088237,
                                "Actual Loops": 1,
                                "Index Cond": "(keyword_id > 16264)"
                              }
                            ]
                          },
                          {
                            "Node Type": "Hash",
                            "Parent Relationship": "Inner",
                            "Parallel Aware": true,
                            "Startup Cost": 54588.39,
                            "Total Cost": 54588.39,
                            "Plan Rows": 540361,
                            "Plan Width": 4,
                            "Actual Startup Time": 305.283,
                            "Actual Total Time": 305.284,
                            "Actual Rows": 462302,
                            "Actual Loops": 2,
                            "Hash Buckets": 1048576,
                            "Original Hash Buckets": 1048576,
                            "Hash Batches": 1,
                            "Original Hash Batches": 1,
                            "Peak Memory Usage": 44416,
                            "Plans": [
                              {
                                "Node Type": "Seq Scan",
                                "Parent Relationship": "Outer",
                                "Parallel Aware": true,
                                "Relation Name": "title",
                                "Alias": "t",
                                "Startup Cost": 0.0,
                                "Total Cost": 54588.39,
                                "Plan Rows": 540361,
                                "Plan Width": 4,
                                "Actual Startup Time": 0.037,
                                "Actual Total Time": 162.919,
                                "Actual Rows": 462302,
                                "Actual Loops": 2,
                                "Filter": "(production_year < 1998)",
                                "Rows Removed by Filter": 801854
                              }
                            ]
                          }
                        ]
                      }
                    ]
                  }
                ]
              }
            ]
          }
        ]
      }
    ]
  },
  "Planning Time": 0.807,
  "Triggers": [],
  "Execution Time": 3153.245
}