[
  {
    "Plan": {
      "Node Type": "Aggregate",
      "Strategy": "Plain",
      "Partial Mode": "Finalize",
      "Parallel Aware": false,
      "Startup Cost": 255706.86,
      "Total Cost": 255706.87,
      "Plan Rows": 1,
      "Plan Width": 8,
      "Actual Startup Time": 861.664,
      "Actual Total Time": 908.352,
      "Actual Rows": 1,
      "Actual Loops": 1,
      "Plans": [
        {
          "Node Type": "Gather",
          "Parent Relationship": "Outer",
          "Parallel Aware": false,
          "Startup Cost": 255706.34,
          "Total Cost": 255706.85,
          "Plan Rows": 5,
          "Plan Width": 8,
          "Actual Startup Time": 858.102,
          "Actual Total Time": 908.341,
          "Actual Rows": 6,
          "Actual Loops": 1,
          "Workers Planned": 5,
          "Workers Launched": 5,
          "Single Copy": false,
          "Plans": [
            {
              "Node Type": "Aggregate",
              "Strategy": "Plain",
              "Partial Mode": "Partial",
              "Parent Relationship": "Outer",
              "Parallel Aware": false,
              "Startup Cost": 254706.34,
              "Total Cost": 254706.35,
              "Plan Rows": 1,
              "Plan Width": 8,
              "Actual Startup Time": 847.985,
              "Actual Total Time": 847.988,
              "Actual Rows": 1,
              "Actual Loops": 6,
              "Plans": [
                {
                  "Node Type": "Hash Join",
                  "Parent Relationship": "Outer",
                  "Parallel Aware": true,
                  "Join Type": "Inner",
                  "Startup Cost": 47034.25,
                  "Total Cost": 253329.77,
                  "Plan Rows": 550630,
                  "Plan Width": 0,
                  "Actual Startup Time": 120.43,
                  "Actual Total Time": 815.889,
                  "Actual Rows": 761668,
                  "Actual Loops": 6,
                  "Inner Unique": true,
                  "Hash Cond": "(mi.movie_id = t.id)",
                  "Plans": [
                    {
                      "Node Type": "Seq Scan",
                      "Parent Relationship": "Outer",
                      "Parallel Aware": true,
                      "Relation Name": "movie_info",
                      "Alias": "mi",
                      "Startup Cost": 0.0,
                      "Total Cost": 198952.16,
                      "Plan Rows": 2797464,
                      "Plan Width": 4,
                      "Actual Startup Time": 0.029,
                      "Actual Total Time": 356.17,
                      "Actual Rows": 2338930,
                      "Actual Loops": 6,
                      "Filter": "(info_type_id > 1)",
                      "Rows Removed by Filter": 133690
                    },
                    {
                      "Node Type": "Hash",
                      "Parent Relationship": "Inner",
                      "Parallel Aware": true,
                      "Startup Cost": 45479.1,
                      "Total Cost": 45479.1,
                      "Plan Rows": 124412,
                      "Plan Width": 4,
                      "Actual Startup Time": 105.205,
                      "Actual Total Time": 105.206,
                      "Actual Rows": 61530,
                      "Actual Loops": 6,
                      "Hash Buckets": 524288,
                      "Original Hash Buckets": 524288,
                      "Hash Batches": 1,
                      "Original Hash Batches": 1,
                      "Peak Memory Usage": 18624,
                      "Plans": [
                        {
                          "Node Type": "Seq Scan",
                          "Parent Relationship": "Outer",
                          "Parallel Aware": true,
                          "Relation Name": "title",
                          "Alias": "t",
                          "Startup Cost": 0.0,
                          "Total Cost": 45479.1,
                          "Plan Rows": 124412,
                          "Plan Width": 4,
                          "Actual Startup Time": 43.527,
                          "Actual Total Time": 83.177,
                          "Actual Rows": 61530,
                          "Actual Loops": 6,
                          "Filter": "((kind_id < 2) AND (production_year > 1983))",
                          "Rows Removed by Filter": 359856
                        }
                      ]
                    }
                  ]
                }
              ]
            }
          ]
        }
      ]
    },
    "Planning Time": 0.676,
    "Triggers": [],
    "Execution Time": 908.437
  }
]