{
  "Plan": {
    "Node Type": "Aggregate",
    "Strategy": "Plain",
    "Partial Mode": "Finalize",
    "Parallel Aware": false,
    "Startup Cost": 673015.4,
    "Total Cost": 673015.41,
    "Plan Rows": 1,
    "Plan Width": 8,
    "Actual Startup Time": 2843.329,
    "Actual Total Time": 2879.539,
    "Actual Rows": 1,
    "Actual Loops": 1,
    "Plans": [
      {
        "Node Type": "Gather",
        "Parent Relationship": "Outer",
        "Parallel Aware": false,
        "Startup Cost": 673015.28,
        "Total Cost": 673015.39,
        "Plan Rows": 1,
        "Plan Width": 8,
        "Actual Startup Time": 2835.011,
        "Actual Total Time": 2879.529,
        "Actual Rows": 2,
        "Actual Loops": 1,
        "Workers Planned": 1,
        "Workers Launched": 1,
        "Single Copy": false,
        "Plans": [
          {
            "Node Type": "Aggregate",
            "Strategy": "Plain",
            "Partial Mode": "Partial",
            "Parent Relationship": "Outer",
            "Parallel Aware": false,
            "Startup Cost": 672015.28,
            "Total Cost": 672015.29,
            "Plan Rows": 1,
            "Plan Width": 8,
            "Actual Startup Time": 2822.851,
            "Actual Total Time": 2823.581,
            "Actual Rows": 1,
            "Actual Loops": 2,
            "Plans": [
              {
                "Node Type": "Hash Join",
                "Parent Relationship": "Outer",
                "Parallel Aware": true,
                "Join Type": "Inner",
                "Startup Cost": 303346.91,
                "Total Cost": 658616.76,
                "Plan Rows": 5359409,
                "Plan Width": 0,
                "Actual Startup Time": 1247.092,
                "Actual Total Time": 2624.773,
                "Actual Rows": 4920772,
                "Actual Loops": 2,
                "Inner Unique": false,
                "Hash Cond": "(ci.movie_id = t.id)",
                "Plans": [
                  {
                    "Node Type": "Bitmap Heap Scan",
                    "Parent Relationship": "Outer",
                    "Parallel Aware": true,
                    "Relation Name": "cast_info",
                    "Alias": "ci",
                    "Startup Cost": 152456.27,
                    "Total Cost": 455898.21,
                    "Plan Rows": 4060395,
                    "Plan Width": 4,
                    "Actual Startup Time": 222.904,
                    "Actual Total Time": 600.353,
                    "Actual Rows": 3375854,
                    "Actual Loops": 2,
                    "Recheck Cond": "(person_id > 2986351)",
                    "Rows Removed by Index Recheck": 0,
                    "Exact Heap Blocks": 44974,
                    "Lossy Heap Blocks": 0,
                    "Plans": [
                      {
                        "Node Type": "Bitmap Index Scan",
                        "Parent Relationship": "Outer",
                        "Parallel Aware": false,
                        "Index Name": "person_id_cast_info",
                        "Startup Cost": 0.0,
                        "Total Cost": 150730.61,
                        "Plan Rows": 6902672,
                        "Plan Width": 0,
                        "Actual Startup Time": 208.374,
                        "Actual Total Time": 208.375,
                        "Actual Rows": 6751708,
                        "Actual Loops": 1,
                        "Index Cond": "(person_id > 2986351)"
                      }
                    ]
                  },
                  {
                    "Node Type": "Hash",
                    "Parent Relationship": "Inner",
                    "Parallel Aware": true,
                    "Startup Cost": 126352.75,
                    "Total Cost": 126352.75,
                    "Plan Rows": 1963031,
                    "Plan Width": 8,
                    "Actual Startup Time": 1001.955,
                    "Actual Total Time": 1002.683,
                    "Actual Rows": 818628,
                    "Actual Loops": 2,
                    "Hash Buckets": 4194304,
                    "Original Hash Buckets": 4194304,
                    "Hash Batches": 1,
                    "Original Hash Batches": 1,
                    "Peak Memory Usage": 96864,
                    "Plans": [
                      {
                        "Node Type": "Hash Join",
                        "Parent Relationship": "Outer",
                        "Parallel Aware": true,
                        "Join Type": "Inner",
                        "Startup Cost": 68301.9,
                        "Total Cost": 126352.75,
                        "Plan Rows": 1963031,
                        "Plan Width": 8,
                        "Actual Startup Time": 398.871,
                        "Actual Total Time": 844.191,
                        "Actual Rows": 818628,
                        "Actual Loops": 2,
                        "Inner Unique": true,
                        "Hash Cond": "(mk.movie_id = t.id)",
                        "Plans": [
                          {
                            "Node Type": "Seq Scan",
                            "Parent Relationship": "Outer",
                            "Parallel Aware": true,
                            "Relation Name": "movie_keyword",
                            "Alias": "mk",
                            "Startup Cost": 0.0,
                            "Total Cost": 51065.35,
                            "Plan Rows": 2661135,
                            "Plan Width": 4,
                            "Actual Startup Time": 0.014,
                            "Actual Total Time": 153.08,
                            "Actual Rows": 2261965,
                            "Actual Loops": 2
                          },
                          {
                            "Node Type": "Hash",
                            "Parent Relationship": "Inner",
                            "Parallel Aware": true,
                            "Startup Cost": 54588.39,
                            "Total Cost": 54588.39,
                            "Plan Rows": 1097081,
                            "Plan Width": 4,
                            "Actual Startup Time": 392.659,
                            "Actual Total Time": 392.66,
                            "Actual Rows": 932744,
                            "Actual Loops": 2,
                            "Hash Buckets": 2097152,
                            "Original Hash Buckets": 2097152,
                            "Hash Batches": 1,
                            "Original Hash Batches": 1,
                            "Peak Memory Usage": 89376,
                            "Plans": [
                              {
                                "Node Type": "Seq Scan",
                                "Parent Relationship": "Outer",
                                "Parallel Aware": true,
                                "Relation Name": "title",
                                "Alias": "t",
                                "Startup Cost": 0.0,
                                "Total Cost": 54588.39,
                                "Plan Rows": 1097081,
                                "Plan Width": 4,
                                "Actual Startup Time": 0.029,
                                "Actual Total Time": 169.318,
                                "Actual Rows": 932744,
                                "Actual Loops": 2,
                                "Filter": "(kind_id > 1)",
                                "Rows Removed by Filter": 331412
                              }
                            ]
                          }
                        ]
                      }
                    ]
                  }
                ]
              }
            ]
          }
        ]
      }
    ]
  },
  "Planning Time": 0.996,
  "Triggers": [],
  "Execution Time": 2879.638
}