{
    "Plan": {
        "Node Type": "Aggregate",
        "Strategy": "Plain",
        "Partial Mode": "Finalize",
        "Parallel Aware": false,
        "Startup Cost": 616822.86,
        "Total Cost": 616822.87,
        "Plan Rows": 1,
        "Plan Width": 8,
        "Actual Startup Time": 4048.942,
        "Actual Total Time": 4135.677,
        "Actual Rows": 1,
        "Actual Loops": 1,
        "Output": [
            "count(*)"
        ],
        "Plans": [
            {
                "Node Type": "Gather",
                "Parent Relationship": "Outer",
                "Parallel Aware": false,
                "Startup Cost": 616822.34,
                "Total Cost": 616822.85,
                "Plan Rows": 5,
                "Plan Width": 8,
                "Actual Startup Time": 3978.961,
                "Actual Total Time": 4135.661,
                "Actual Rows": 6,
                "Actual Loops": 1,
                "Output": [
                    "(PARTIAL count(*))"
                ],
                "Workers Planned": 5,
                "Workers Launched": 5,
                "Single Copy": false,
                "Plans": [
                    {
                        "Node Type": "Aggregate",
                        "Strategy": "Plain",
                        "Partial Mode": "Partial",
                        "Parent Relationship": "Outer",
                        "Parallel Aware": false,
                        "Startup Cost": 615822.34,
                        "Total Cost": 615822.35,
                        "Plan Rows": 1,
                        "Plan Width": 8,
                        "Actual Startup Time": 3948.194,
                        "Actual Total Time": 3949.868,
                        "Actual Rows": 1,
                        "Actual Loops": 6,
                        "Output": [
                            "PARTIAL count(*)"
                        ],
                        "Workers": [
                            {
                                "Worker Number": 0,
                                "Actual Startup Time": 3941.271,
                                "Actual Total Time": 3941.276,
                                "Actual Rows": 1,
                                "Actual Loops": 1
                            },
                            {
                                "Worker Number": 1,
                                "Actual Startup Time": 3941.303,
                                "Actual Total Time": 3941.308,
                                "Actual Rows": 1,
                                "Actual Loops": 1
                            },
                            {
                                "Worker Number": 2,
                                "Actual Startup Time": 3941.329,
                                "Actual Total Time": 3941.334,
                                "Actual Rows": 1,
                                "Actual Loops": 1
                            },
                            {
                                "Worker Number": 3,
                                "Actual Startup Time": 3941.383,
                                "Actual Total Time": 3941.388,
                                "Actual Rows": 1,
                                "Actual Loops": 1
                            },
                            {
                                "Worker Number": 4,
                                "Actual Startup Time": 3945.834,
                                "Actual Total Time": 3945.84,
                                "Actual Rows": 1,
                                "Actual Loops": 1
                            }
                        ],
                        "Plans": [
                            {
                                "Node Type": "Hash Join",
                                "Parent Relationship": "Outer",
                                "Parallel Aware": true,
                                "Join Type": "Inner",
                                "Startup Cost": 392408.01,
                                "Total Cost": 605385.98,
                                "Plan Rows": 4174542,
                                "Plan Width": 0,
                                "Actual Startup Time": 1889.144,
                                "Actual Total Time": 3667.908,
                                "Actual Rows": 6929446,
                                "Actual Loops": 6,
                                "Inner Unique": false,
                                "Hash Cond": "(mi.movie_id = t.id)",
                                "Workers": [
                                    {
                                        "Worker Number": 0,
                                        "Actual Startup Time": 1882.96,
                                        "Actual Total Time": 3662.728,
                                        "Actual Rows": 7360621,
                                        "Actual Loops": 1
                                    },
                                    {
                                        "Worker Number": 1,
                                        "Actual Startup Time": 1882.978,
                                        "Actual Total Time": 3682.95,
                                        "Actual Rows": 6776539,
                                        "Actual Loops": 1
                                    },
                                    {
                                        "Worker Number": 2,
                                        "Actual Startup Time": 1883.089,
                                        "Actual Total Time": 3662.2,
                                        "Actual Rows": 7371239,
                                        "Actual Loops": 1
                                    },
                                    {
                                        "Worker Number": 3,
                                        "Actual Startup Time": 1883.017,
                                        "Actual Total Time": 3660.486,
                                        "Actual Rows": 7428823,
                                        "Actual Loops": 1
                                    },
                                    {
                                        "Worker Number": 4,
                                        "Actual Startup Time": 1883.141,
                                        "Actual Total Time": 3647.298,
                                        "Actual Rows": 5010771,
                                        "Actual Loops": 1
                                    }
                                ],
                                "Plans": [
                                    {
                                        "Node Type": "Seq Scan",
                                        "Parent Relationship": "Outer",
                                        "Parallel Aware": true,
                                        "Relation Name": "movie_info",
                                        "Schema": "public",
                                        "Alias": "mi",
                                        "Startup Cost": 0.0,
                                        "Total Cost": 198880.74,
                                        "Plan Rows": 1903910,
                                        "Plan Width": 4,
                                        "Actual Startup Time": 0.036,
                                        "Actual Total Time": 332.446,
                                        "Actual Rows": 1594192,
                                        "Actual Loops": 6,
                                        "Output": [
                                            "mi.id",
                                            "mi.movie_id",
                                            "mi.info_type_id",
                                            "mi.info",
                                            "mi.note"
                                        ],
                                        "Filter": "(mi.info_type_id < 16)",
                                        "Rows Removed by Filter": 878428,
                                        "Workers": [
                                            {
                                                "Worker Number": 0,
                                                "Actual Startup Time": 0.041,
                                                "Actual Total Time": 335.119,
                                                "Actual Rows": 1685751,
                                                "Actual Loops": 1
                                            },
                                            {
                                                "Worker Number": 1,
                                                "Actual Startup Time": 0.042,
                                                "Actual Total Time": 336.4,
                                                "Actual Rows": 1539954,
                                                "Actual Loops": 1
                                            },
                                            {
                                                "Worker Number": 2,
                                                "Actual Startup Time": 0.036,
                                                "Actual Total Time": 337.389,
                                                "Actual Rows": 1707625,
                                                "Actual Loops": 1
                                            },
                                            {
                                                "Worker Number": 3,
                                                "Actual Startup Time": 0.04,
                                                "Actual Total Time": 336.864,
                                                "Actual Rows": 1709093,
                                                "Actual Loops": 1
                                            },
                                            {
                                                "Worker Number": 4,
                                                "Actual Startup Time": 0.044,
                                                "Actual Total Time": 359.885,
                                                "Actual Rows": 1178731,
                                                "Actual Loops": 1
                                            }
                                        ]
                                    },
                                    {
                                        "Node Type": "Hash",
                                        "Parent Relationship": "Inner",
                                        "Parallel Aware": true,
                                        "Startup Cost": 380858.76,
                                        "Total Cost": 380858.76,
                                        "Plan Rows": 923940,
                                        "Plan Width": 8,
                                        "Actual Startup Time": 1877.334,
                                        "Actual Total Time": 1879.006,
                                        "Actual Rows": 949098,
                                        "Actual Loops": 6,
                                        "Output": [
                                            "t.id",
                                            "ci.movie_id"
                                        ],
                                        "Hash Buckets": 8388608,
                                        "Original Hash Buckets": 8388608,
                                        "Hash Batches": 1,
                                        "Original Hash Batches": 1,
                                        "Peak Memory Usage": 288416,
                                        "Workers": [
                                            {
                                                "Worker Number": 0,
                                                "Actual Startup Time": 1882.22,
                                                "Actual Total Time": 1882.223,
                                                "Actual Rows": 996148,
                                                "Actual Loops": 1
                                            },
                                            {
                                                "Worker Number": 1,
                                                "Actual Startup Time": 1882.157,
                                                "Actual Total Time": 1882.161,
                                                "Actual Rows": 901217,
                                                "Actual Loops": 1
                                            },
                                            {
                                                "Worker Number": 2,
                                                "Actual Startup Time": 1882.056,
                                                "Actual Total Time": 1882.06,
                                                "Actual Rows": 998923,
                                                "Actual Loops": 1
                                            },
                                            {
                                                "Worker Number": 3,
                                                "Actual Startup Time": 1882.24,
                                                "Actual Total Time": 1882.244,
                                                "Actual Rows": 1015999,
                                                "Actual Loops": 1
                                            },
                                            {
                                                "Worker Number": 4,
                                                "Actual Startup Time": 1882.443,
                                                "Actual Total Time": 1882.447,
                                                "Actual Rows": 731494,
                                                "Actual Loops": 1
                                            }
                                        ],
                                        "Plans": [
                                            {
                                                "Node Type": "Hash Join",
                                                "Parent Relationship": "Outer",
                                                "Parallel Aware": true,
                                                "Join Type": "Inner",
                                                "Startup Cost": 50219.81,
                                                "Total Cost": 380858.76,
                                                "Plan Rows": 923940,
                                                "Plan Width": 8,
                                                "Actual Startup Time": 279.432,
                                                "Actual Total Time": 1393.851,
                                                "Actual Rows": 949098,
                                                "Actual Loops": 6,
                                                "Output": [
                                                    "t.id",
                                                    "ci.movie_id"
                                                ],
                                                "Inner Unique": true,
                                                "Hash Cond": "(ci.movie_id = t.id)",
                                                "Workers": [
                                                    {
                                                        "Worker Number": 0,
                                                        "Actual Startup Time": 279.363,
                                                        "Actual Total Time": 1393.758,
                                                        "Actual Rows": 996148,
                                                        "Actual Loops": 1
                                                    },
                                                    {
                                                        "Worker Number": 1,
                                                        "Actual Startup Time": 279.445,
                                                        "Actual Total Time": 1394.039,
                                                        "Actual Rows": 901217,
                                                        "Actual Loops": 1
                                                    },
                                                    {
                                                        "Worker Number": 2,
                                                        "Actual Startup Time": 279.456,
                                                        "Actual Total Time": 1395.909,
                                                        "Actual Rows": 998923,
                                                        "Actual Loops": 1
                                                    },
                                                    {
                                                        "Worker Number": 3,
                                                        "Actual Startup Time": 279.429,
                                                        "Actual Total Time": 1394.521,
                                                        "Actual Rows": 1015999,
                                                        "Actual Loops": 1
                                                    },
                                                    {
                                                        "Worker Number": 4,
                                                        "Actual Startup Time": 279.425,
                                                        "Actual Total Time": 1392.922,
                                                        "Actual Rows": 731494,
                                                        "Actual Loops": 1
                                                    }
                                                ],
                                                "Plans": [
                                                    {
                                                        "Node Type": "Seq Scan",
                                                        "Parent Relationship": "Outer",
                                                        "Parallel Aware": true,
                                                        "Relation Name": "cast_info",
                                                        "Schema": "public",
                                                        "Alias": "ci",
                                                        "Startup Cost": 0.0,
                                                        "Total Cost": 328213.62,
                                                        "Plan Rows": 923940,
                                                        "Plan Width": 4,
                                                        "Actual Startup Time": 0.037,
                                                        "Actual Total Time": 588.152,
                                                        "Actual Rows": 949098,
                                                        "Actual Loops": 6,
                                                        "Output": [
                                                            "ci.id",
                                                            "ci.person_id",
                                                            "ci.movie_id",
                                                            "ci.person_role_id",
                                                            "ci.note",
                                                            "ci.nr_order",
                                                            "ci.role_id"
                                                        ],
                                                        "Filter": "(ci.person_id < 551115)",
                                                        "Rows Removed by Filter": 5091626,
                                                        "Workers": [
                                                            {
                                                                "Worker Number": 0,
                                                                "Actual Startup Time": 0.045,
                                                                "Actual Total Time": 593.029,
                                                                "Actual Rows": 996148,
                                                                "Actual Loops": 1
                                                            },
                                                            {
                                                                "Worker Number": 1,
                                                                "Actual Startup Time": 0.038,
                                                                "Actual Total Time": 586.203,
                                                                "Actual Rows": 901217,
                                                                "Actual Loops": 1
                                                            },
                                                            {
                                                                "Worker Number": 2,
                                                                "Actual Startup Time": 0.037,
                                                                "Actual Total Time": 595.445,
                                                                "Actual Rows": 998923,
                                                                "Actual Loops": 1
                                                            },
                                                            {
                                                                "Worker Number": 3,
                                                                "Actual Startup Time": 0.038,
                                                                "Actual Total Time": 594.652,
                                                                "Actual Rows": 1015999,
                                                                "Actual Loops": 1
                                                            },
                                                            {
                                                                "Worker Number": 4,
                                                                "Actual Startup Time": 0.05,
                                                                "Actual Total Time": 605.443,
                                                                "Actual Rows": 731494,
                                                                "Actual Loops": 1
                                                            }
                                                        ]
                                                    },
                                                    {
                                                        "Node Type": "Hash",
                                                        "Parent Relationship": "Inner",
                                                        "Parallel Aware": true,
                                                        "Startup Cost": 42318.81,
                                                        "Total Cost": 42318.81,
                                                        "Plan Rows": 632080,
                                                        "Plan Width": 4,
                                                        "Actual Startup Time": 275.036,
                                                        "Actual Total Time": 275.037,
                                                        "Actual Rows": 421385,
                                                        "Actual Loops": 6,
                                                        "Output": [
                                                            "t.id"
                                                        ],
                                                        "Hash Buckets": 4194304,
                                                        "Original Hash Buckets": 4194304,
                                                        "Hash Batches": 1,
                                                        "Original Hash Batches": 1,
                                                        "Peak Memory Usage": 131776,
                                                        "Workers": [
                                                            {
                                                                "Worker Number": 0,
                                                                "Actual Startup Time": 279.248,
                                                                "Actual Total Time": 279.249,
                                                                "Actual Rows": 423910,
                                                                "Actual Loops": 1
                                                            },
                                                            {
                                                                "Worker Number": 1,
                                                                "Actual Startup Time": 279.087,
                                                                "Actual Total Time": 279.088,
                                                                "Actual Rows": 379887,
                                                                "Actual Loops": 1
                                                            },
                                                            {
                                                                "Worker Number": 2,
                                                                "Actual Startup Time": 279.11,
                                                                "Actual Total Time": 279.112,
                                                                "Actual Rows": 430545,
                                                                "Actual Loops": 1
                                                            },
                                                            {
                                                                "Worker Number": 3,
                                                                "Actual Startup Time": 279.102,
                                                                "Actual Total Time": 279.103,
                                                                "Actual Rows": 431084,
                                                                "Actual Loops": 1
                                                            },
                                                            {
                                                                "Worker Number": 4,
                                                                "Actual Startup Time": 279.048,
                                                                "Actual Total Time": 279.049,
                                                                "Actual Rows": 300764,
                                                                "Actual Loops": 1
                                                            }
                                                        ],
                                                        "Plans": [
                                                            {
                                                                "Node Type": "Seq Scan",
                                                                "Parent Relationship": "Outer",
                                                                "Parallel Aware": true,
                                                                "Relation Name": "title",
                                                                "Schema": "public",
                                                                "Alias": "t",
                                                                "Startup Cost": 0.0,
                                                                "Total Cost": 42318.81,
                                                                "Plan Rows": 632080,
                                                                "Plan Width": 4,
                                                                "Actual Startup Time": 0.078,
                                                                "Actual Total Time": 76.949,
                                                                "Actual Rows": 421385,
                                                                "Actual Loops": 6,
                                                                "Output": [
                                                                    "t.id"
                                                                ],
                                                                "Workers": [
                                                                    {
                                                                        "Worker Number": 0,
                                                                        "Actual Startup Time": 0.091,
                                                                        "Actual Total Time": 79.364,
                                                                        "Actual Rows": 423910,
                                                                        "Actual Loops": 1
                                                                    },
                                                                    {
                                                                        "Worker Number": 1,
                                                                        "Actual Startup Time": 0.1,
                                                                        "Actual Total Time": 77.972,
                                                                        "Actual Rows": 379887,
                                                                        "Actual Loops": 1
                                                                    },
                                                                    {
                                                                        "Worker Number": 2,
                                                                        "Actual Startup Time": 0.094,
                                                                        "Actual Total Time": 79.583,
                                                                        "Actual Rows": 430545,
                                                                        "Actual Loops": 1
                                                                    },
                                                                    {
                                                                        "Worker Number": 3,
                                                                        "Actual Startup Time": 0.077,
                                                                        "Actual Total Time": 79.434,
                                                                        "Actual Rows": 431084,
                                                                        "Actual Loops": 1
                                                                    },
                                                                    {
                                                                        "Worker Number": 4,
                                                                        "Actual Startup Time": 0.087,
                                                                        "Actual Total Time": 82.718,
                                                                        "Actual Rows": 300764,
                                                                        "Actual Loops": 1
                                                                    }
                                                                ]
                                                            }
                                                        ]
                                                    }
                                                ]
                                            }
                                        ]
                                    }
                                ]
                            }
                        ]
                    }
                ]
            }
        ]
    },
    "Planning Time": 1.63,
    "Triggers": [],
    "Execution Time": 4135.791
}