[
  {
    "Plan": {
      "Node Type": "Aggregate",
      "Strategy": "Plain",
      "Partial Mode": "Finalize",
      "Parallel Aware": false,
      "Startup Cost": 395816.53,
      "Total Cost": 395816.54,
      "Plan Rows": 1,
      "Plan Width": 8,
      "Actual Startup Time": 1841.741,
      "Actual Total Time": 1899.722,
      "Actual Rows": 1,
      "Actual Loops": 1,
      "Plans": [
        {
          "Node Type": "Gather",
          "Parent Relationship": "Outer",
          "Parallel Aware": false,
          "Startup Cost": 395815.9,
          "Total Cost": 395816.51,
          "Plan Rows": 6,
          "Plan Width": 8,
          "Actual Startup Time": 1839.487,
          "Actual Total Time": 1899.703,
          "Actual Rows": 7,
          "Actual Loops": 1,
          "Workers Planned": 6,
          "Workers Launched": 6,
          "Single Copy": false,
          "Plans": [
            {
              "Node Type": "Aggregate",
              "Strategy": "Plain",
              "Partial Mode": "Partial",
              "Parent Relationship": "Outer",
              "Parallel Aware": false,
              "Startup Cost": 394815.9,
              "Total Cost": 394815.91,
              "Plan Rows": 1,
              "Plan Width": 8,
              "Actual Startup Time": 1830.067,
              "Actual Total Time": 1830.07,
              "Actual Rows": 1,
              "Actual Loops": 7,
              "Plans": [
                {
                  "Node Type": "Hash Join",
                  "Parent Relationship": "Outer",
                  "Parallel Aware": true,
                  "Join Type": "Inner",
                  "Startup Cost": 47295.27,
                  "Total Cost": 391348.81,
                  "Plan Rows": 1386837,
                  "Plan Width": 0,
                  "Actual Startup Time": 117.043,
                  "Actual Total Time": 1776.513,
                  "Actual Rows": 1107461,
                  "Actual Loops": 7,
                  "Inner Unique": true,
                  "Hash Cond": "(ci.movie_id = t.id)",
                  "Plans": [
                    {
                      "Node Type": "Seq Scan",
                      "Parent Relationship": "Outer",
                      "Parallel Aware": true,
                      "Relation Name": "cast_info",
                      "Alias": "ci",
                      "Startup Cost": 0.0,
                      "Total Cost": 328211.39,
                      "Plan Rows": 6035094,
                      "Plan Width": 4,
                      "Actual Startup Time": 0.684,
                      "Actual Total Time": 686.537,
                      "Actual Rows": 5172184,
                      "Actual Loops": 7,
                      "Filter": "(person_id > 4964)",
                      "Rows Removed by Filter": 5579
                    },
                    {
                      "Node Type": "Hash",
                      "Parent Relationship": "Inner",
                      "Parallel Aware": true,
                      "Startup Cost": 45479.59,
                      "Total Cost": 45479.59,
                      "Plan Rows": 145255,
                      "Plan Width": 4,
                      "Actual Startup Time": 113.83,
                      "Actual Total Time": 113.831,
                      "Actual Rows": 65382,
                      "Actual Loops": 7,
                      "Hash Buckets": 1048576,
                      "Original Hash Buckets": 1048576,
                      "Hash Batches": 1,
                      "Original Hash Batches": 1,
                      "Peak Memory Usage": 26240,
                      "Plans": [
                        {
                          "Node Type": "Seq Scan",
                          "Parent Relationship": "Outer",
                          "Parallel Aware": true,
                          "Relation Name": "title",
                          "Alias": "t",
                          "Startup Cost": 0.0,
                          "Total Cost": 45479.59,
                          "Plan Rows": 145255,
                          "Plan Width": 4,
                          "Actual Startup Time": 0.047,
                          "Actual Total Time": 80.133,
                          "Actual Rows": 65382,
                          "Actual Loops": 7,
                          "Filter": "((kind_id < 3) AND (production_year > 1980))",
                          "Rows Removed by Filter": 295806
                        }
                      ]
                    }
                  ]
                }
              ]
            }
          ]
        }
      ]
    },
    "Planning Time": 0.44,
    "Triggers": [],
    "Execution Time": 1899.781
  }
]