[
  {
    "Plan": {
      "Node Type": "Aggregate",
      "Strategy": "Plain",
      "Partial Mode": "Finalize",
      "Parallel Aware": false,
      "Startup Cost": 395743.5,
      "Total Cost": 395743.51,
      "Plan Rows": 1,
      "Plan Width": 8,
      "Actual Startup Time": 1673.33,
      "Actual Total Time": 1745.108,
      "Actual Rows": 1,
      "Actual Loops": 1,
      "Plans": [
        {
          "Node Type": "Gather",
          "Parent Relationship": "Outer",
          "Parallel Aware": false,
          "Startup Cost": 395742.88,
          "Total Cost": 395743.49,
          "Plan Rows": 6,
          "Plan Width": 8,
          "Actual Startup Time": 1670.893,
          "Actual Total Time": 1745.098,
          "Actual Rows": 7,
          "Actual Loops": 1,
          "Workers Planned": 6,
          "Workers Launched": 6,
          "Single Copy": false,
          "Plans": [
            {
              "Node Type": "Aggregate",
              "Strategy": "Plain",
              "Partial Mode": "Partial",
              "Parent Relationship": "Outer",
              "Parallel Aware": false,
              "Startup Cost": 394742.88,
              "Total Cost": 394742.89,
              "Plan Rows": 1,
              "Plan Width": 8,
              "Actual Startup Time": 1659.552,
              "Actual Total Time": 1659.555,
              "Actual Rows": 1,
              "Actual Loops": 7,
              "Plans": [
                {
                  "Node Type": "Hash Join",
                  "Parent Relationship": "Outer",
                  "Parallel Aware": true,
                  "Join Type": "Inner",
                  "Startup Cost": 47291.17,
                  "Total Cost": 391284.82,
                  "Plan Rows": 1383224,
                  "Plan Width": 0,
                  "Actual Startup Time": 114.067,
                  "Actual Total Time": 1612.776,
                  "Actual Rows": 1107461,
                  "Actual Loops": 7,
                  "Inner Unique": true,
                  "Hash Cond": "(ci.movie_id = t.id)",
                  "Plans": [
                    {
                      "Node Type": "Seq Scan",
                      "Parent Relationship": "Outer",
                      "Parallel Aware": true,
                      "Relation Name": "cast_info",
                      "Alias": "ci",
                      "Startup Cost": 0.0,
                      "Total Cost": 328162.03,
                      "Plan Rows": 6031085,
                      "Plan Width": 4,
                      "Actual Startup Time": 0.424,
                      "Actual Total Time": 621.12,
                      "Actual Rows": 5172184,
                      "Actual Loops": 7,
                      "Filter": "(person_id > 4964)",
                      "Rows Removed by Filter": 5579
                    },
                    {
                      "Node Type": "Hash",
                      "Parent Relationship": "Inner",
                      "Parallel Aware": true,
                      "Startup Cost": 45479.1,
                      "Total Cost": 45479.1,
                      "Plan Rows": 144966,
                      "Plan Width": 4,
                      "Actual Startup Time": 110.08,
                      "Actual Total Time": 110.081,
                      "Actual Rows": 65382,
                      "Actual Loops": 7,
                      "Hash Buckets": 1048576,
                      "Original Hash Buckets": 1048576,
                      "Hash Batches": 1,
                      "Original Hash Batches": 1,
                      "Peak Memory Usage": 26208,
                      "Plans": [
                        {
                          "Node Type": "Seq Scan",
                          "Parent Relationship": "Outer",
                          "Parallel Aware": true,
                          "Relation Name": "title",
                          "Alias": "t",
                          "Startup Cost": 0.0,
                          "Total Cost": 45479.1,
                          "Plan Rows": 144966,
                          "Plan Width": 4,
                          "Actual Startup Time": 0.045,
                          "Actual Total Time": 76.828,
                          "Actual Rows": 65382,
                          "Actual Loops": 7,
                          "Filter": "((kind_id < 3) AND (production_year > 1980))",
                          "Rows Removed by Filter": 295806
                        }
                      ]
                    }
                  ]
                }
              ]
            }
          ]
        }
      ]
    },
    "Planning Time": 0.635,
    "Triggers": [],
    "Execution Time": 1745.217
  }
]