[
  {
    "Plan": {
      "Node Type": "Aggregate",
      "Strategy": "Plain",
      "Partial Mode": "Finalize",
      "Parallel Aware": false,
      "Startup Cost": 332375.23,
      "Total Cost": 332375.24,
      "Plan Rows": 1,
      "Plan Width": 8,
      "Actual Startup Time": 666.71,
      "Actual Total Time": 710.729,
      "Actual Rows": 1,
      "Actual Loops": 1,
      "Plans": [
        {
          "Node Type": "Gather",
          "Parent Relationship": "Outer",
          "Parallel Aware": false,
          "Startup Cost": 332374.61,
          "Total Cost": 332375.22,
          "Plan Rows": 6,
          "Plan Width": 8,
          "Actual Startup Time": 666.541,
          "Actual Total Time": 710.716,
          "Actual Rows": 7,
          "Actual Loops": 1,
          "Workers Planned": 6,
          "Workers Launched": 6,
          "Single Copy": false,
          "Plans": [
            {
              "Node Type": "Aggregate",
              "Strategy": "Plain",
              "Partial Mode": "Partial",
              "Parent Relationship": "Outer",
              "Parallel Aware": false,
              "Startup Cost": 331374.61,
              "Total Cost": 331374.62,
              "Plan Rows": 1,
              "Plan Width": 8,
              "Actual Startup Time": 659.894,
              "Actual Total Time": 659.896,
              "Actual Rows": 1,
              "Actual Loops": 7,
              "Plans": [
                {
                  "Node Type": "Seq Scan",
                  "Parent Relationship": "Outer",
                  "Parallel Aware": true,
                  "Relation Name": "cast_info",
                  "Alias": "ci",
                  "Startup Cost": 0.0,
                  "Total Cost": 328211.39,
                  "Plan Rows": 1265286,
                  "Plan Width": 0,
                  "Actual Startup Time": 348.906,
                  "Actual Total Time": 601.305,
                  "Actual Rows": 1076079,
                  "Actual Loops": 7,
                  "Filter": "(person_id > 2919611)",
                  "Rows Removed by Filter": 4101685
                }
              ]
            }
          ]
        }
      ]
    },
    "Planning Time": 0.143,
    "Triggers": [],
    "Execution Time": 710.774
  }
]