{
  "Plan": {
    "Node Type": "Aggregate",
    "Strategy": "Plain",
    "Partial Mode": "Finalize",
    "Parallel Aware": false,
    "Startup Cost": 96381.1,
    "Total Cost": 96381.11,
    "Plan Rows": 1,
    "Plan Width": 8,
    "Actual Startup Time": 235.483,
    "Actual Total Time": 259.365,
    "Actual Rows": 1,
    "Actual Loops": 1,
    "Plans": [
      {
        "Node Type": "Gather",
        "Parent Relationship": "Outer",
        "Parallel Aware": false,
        "Startup Cost": 96380.99,
        "Total Cost": 96381.1,
        "Plan Rows": 1,
        "Plan Width": 8,
        "Actual Startup Time": 235.152,
        "Actual Total Time": 259.357,
        "Actual Rows": 2,
        "Actual Loops": 1,
        "Workers Planned": 1,
        "Workers Launched": 1,
        "Single Copy": false,
        "Plans": [
          {
            "Node Type": "Aggregate",
            "Strategy": "Plain",
            "Partial Mode": "Partial",
            "Parent Relationship": "Outer",
            "Parallel Aware": false,
            "Startup Cost": 95380.99,
            "Total Cost": 95381.0,
            "Plan Rows": 1,
            "Plan Width": 8,
            "Actual Startup Time": 229.939,
            "Actual Total Time": 229.942,
            "Actual Rows": 1,
            "Actual Loops": 2,
            "Plans": [
              {
                "Node Type": "Nested Loop",
                "Parent Relationship": "Outer",
                "Parallel Aware": false,
                "Join Type": "Inner",
                "Startup Cost": 57035.61,
                "Total Cost": 95378.4,
                "Plan Rows": 1035,
                "Plan Width": 0,
                "Actual Startup Time": 149.076,
                "Actual Total Time": 229.828,
                "Actual Rows": 1378,
                "Actual Loops": 2,
                "Inner Unique": false,
                "Join Filter": "(t.id = ci.movie_id)",
                "Rows Removed by Join Filter": 0,
                "Plans": [
                  {
                    "Node Type": "Hash Join",
                    "Parent Relationship": "Outer",
                    "Parallel Aware": true,
                    "Join Type": "Inner",
                    "Startup Cost": 57035.05,
                    "Total Cost": 82395.02,
                    "Plan Rows": 918,
                    "Plan Width": 8,
                    "Actual Startup Time": 148.222,
                    "Actual Total Time": 176.841,
                    "Actual Rows": 740,
                    "Actual Loops": 2,
                    "Inner Unique": true,
                    "Hash Cond": "(mk.movie_id = t.id)",
                    "Plans": [
                      {
                        "Node Type": "Bitmap Heap Scan",
                        "Parent Relationship": "Outer",
                        "Parallel Aware": true,
                        "Relation Name": "movie_keyword",
                        "Alias": "mk",
                        "Startup Cost": 2161.61,
                        "Total Cost": 27364.35,
                        "Plan Rows": 59899,
                        "Plan Width": 4,
                        "Actual Startup Time": 10.52,
                        "Actual Total Time": 32.626,
                        "Actual Rows": 50112,
                        "Actual Loops": 2,
                        "Recheck Cond": "(keyword_id > 82243)",
                        "Rows Removed by Index Recheck": 0,
                        "Exact Heap Blocks": 12374,
                        "Lossy Heap Blocks": 0,
                        "Plans": [
                          {
                            "Node Type": "Bitmap Index Scan",
                            "Parent Relationship": "Outer",
                            "Parallel Aware": false,
                            "Index Name": "keyword_id_movie_keyword",
                            "Startup Cost": 0.0,
                            "Total Cost": 2136.15,
                            "Plan Rows": 101829,
                            "Plan Width": 0,
                            "Actual Startup Time": 7.925,
                            "Actual Total Time": 7.925,
                            "Actual Rows": 100224,
                            "Actual Loops": 1,
                            "Index Cond": "(keyword_id > 82243)"
                          }
                        ]
                      },
                      {
                        "Node Type": "Hash",
                        "Parent Relationship": "Inner",
                        "Parallel Aware": true,
                        "Startup Cost": 54588.39,
                        "Total Cost": 54588.39,
                        "Plan Rows": 22804,
                        "Plan Width": 4,
                        "Actual Startup Time": 136.38,
                        "Actual Total Time": 136.381,
                        "Actual Rows": 19478,
                        "Actual Loops": 2,
                        "Hash Buckets": 65536,
                        "Original Hash Buckets": 65536,
                        "Hash Batches": 1,
                        "Original Hash Batches": 1,
                        "Peak Memory Usage": 2080,
                        "Plans": [
                          {
                            "Node Type": "Seq Scan",
                            "Parent Relationship": "Outer",
                            "Parallel Aware": true,
                            "Relation Name": "title",
                            "Alias": "t",
                            "Startup Cost": 0.0,
                            "Total Cost": 54588.39,
                            "Plan Rows": 22804,
                            "Plan Width": 4,
                            "Actual Startup Time": 0.063,
                            "Actual Total Time": 130.025,
                            "Actual Rows": 19478,
                            "Actual Loops": 2,
                            "Filter": "(production_year = 1997)",
                            "Rows Removed by Filter": 1244678
                          }
                        ]
                      }
                    ]
                  },
                  {
                    "Node Type": "Index Scan",
                    "Parent Relationship": "Inner",
                    "Parallel Aware": false,
                    "Scan Direction": "Forward",
                    "Index Name": "movie_id_cast_info",
                    "Relation Name": "cast_info",
                    "Alias": "ci",
                    "Startup Cost": 0.56,
                    "Total Cost": 14.11,
                    "Plan Rows": 3,
                    "Plan Width": 4,
                    "Actual Startup Time": 0.046,
                    "Actual Total Time": 0.071,
                    "Actual Rows": 2,
                    "Actual Loops": 1481,
                    "Index Cond": "(movie_id = mk.movie_id)",
                    "Rows Removed by Index Recheck": 0,
                    "Filter": "(role_id = 4)",
                    "Rows Removed by Filter": 66
                  }
                ]
              }
            ]
          }
        ]
      }
    ]
  },
  "Planning Time": 0.997,
  "Triggers": [],
  "Execution Time": 259.475
}