[
  {
    "Plan": {
      "Node Type": "Aggregate",
      "Strategy": "Plain",
      "Partial Mode": "Finalize",
      "Parallel Aware": false,
      "Startup Cost": 331107.63,
      "Total Cost": 331107.64,
      "Plan Rows": 1,
      "Plan Width": 8,
      "Actual Startup Time": 558.08,
      "Actual Total Time": 614.001,
      "Actual Rows": 1,
      "Actual Loops": 1,
      "Plans": [
        {
          "Node Type": "Gather",
          "Parent Relationship": "Outer",
          "Parallel Aware": false,
          "Startup Cost": 331107.0,
          "Total Cost": 331107.61,
          "Plan Rows": 6,
          "Plan Width": 8,
          "Actual Startup Time": 557.921,
          "Actual Total Time": 613.988,
          "Actual Rows": 7,
          "Actual Loops": 1,
          "Workers Planned": 6,
          "Workers Launched": 6,
          "Single Copy": false,
          "Plans": [
            {
              "Node Type": "Aggregate",
              "Strategy": "Plain",
              "Partial Mode": "Partial",
              "Parent Relationship": "Outer",
              "Parallel Aware": false,
              "Startup Cost": 330107.0,
              "Total Cost": 330107.01,
              "Plan Rows": 1,
              "Plan Width": 8,
              "Actual Startup Time": 548.727,
              "Actual Total Time": 548.728,
              "Actual Rows": 1,
              "Actual Loops": 7,
              "Plans": [
                {
                  "Node Type": "Seq Scan",
                  "Parent Relationship": "Outer",
                  "Parallel Aware": true,
                  "Relation Name": "cast_info",
                  "Alias": "ci",
                  "Startup Cost": 0.0,
                  "Total Cost": 328162.03,
                  "Plan Rows": 777991,
                  "Plan Width": 0,
                  "Actual Startup Time": 0.051,
                  "Actual Total Time": 515.944,
                  "Actual Rows": 684613,
                  "Actual Loops": 7,
                  "Filter": "(person_id < 465470)",
                  "Rows Removed by Filter": 4493151
                }
              ]
            }
          ]
        }
      ]
    },
    "Planning Time": 0.113,
    "Triggers": [],
    "Execution Time": 614.055
  }
]