[
    {
        "Bao": {
            "Bao prediction": "NaN",
            "Bao recommended hint": "(no hint)"
        }
    },
    {
        "Plan": {
            "Node Type": "Aggregate",
            "Strategy": "Plain",
            "Partial Mode": "Finalize",
            "Parallel Aware": false,
            "Startup Cost": 246636.63,
            "Total Cost": 246636.64,
            "Plan Rows": 1,
            "Plan Width": 8,
            "Actual Startup Time": 468.922,
            "Actual Total Time": 487.267,
            "Actual Rows": 1,
            "Actual Loops": 1,
            "Output": [
                "count(*)"
            ],
            "Plans": [
                {
                    "Node Type": "Gather",
                    "Parent Relationship": "Outer",
                    "Parallel Aware": false,
                    "Startup Cost": 246636.11,
                    "Total Cost": 246636.62,
                    "Plan Rows": 5,
                    "Plan Width": 8,
                    "Actual Startup Time": 467.457,
                    "Actual Total Time": 487.257,
                    "Actual Rows": 6,
                    "Actual Loops": 1,
                    "Output": [
                        "(PARTIAL count(*))"
                    ],
                    "Workers Planned": 5,
                    "Workers Launched": 5,
                    "Single Copy": false,
                    "Plans": [
                        {
                            "Node Type": "Aggregate",
                            "Strategy": "Plain",
                            "Partial Mode": "Partial",
                            "Parent Relationship": "Outer",
                            "Parallel Aware": false,
                            "Startup Cost": 245636.11,
                            "Total Cost": 245636.12,
                            "Plan Rows": 1,
                            "Plan Width": 8,
                            "Actual Startup Time": 457.862,
                            "Actual Total Time": 457.865,
                            "Actual Rows": 1,
                            "Actual Loops": 6,
                            "Output": [
                                "PARTIAL count(*)"
                            ],
                            "Workers": [
                                {
                                    "Worker Number": 0,
                                    "Actual Startup Time": 455.898,
                                    "Actual Total Time": 455.9,
                                    "Actual Rows": 1,
                                    "Actual Loops": 1
                                },
                                {
                                    "Worker Number": 1,
                                    "Actual Startup Time": 455.647,
                                    "Actual Total Time": 455.65,
                                    "Actual Rows": 1,
                                    "Actual Loops": 1
                                },
                                {
                                    "Worker Number": 2,
                                    "Actual Startup Time": 456.183,
                                    "Actual Total Time": 456.186,
                                    "Actual Rows": 1,
                                    "Actual Loops": 1
                                },
                                {
                                    "Worker Number": 3,
                                    "Actual Startup Time": 456.253,
                                    "Actual Total Time": 456.256,
                                    "Actual Rows": 1,
                                    "Actual Loops": 1
                                },
                                {
                                    "Worker Number": 4,
                                    "Actual Startup Time": 456.249,
                                    "Actual Total Time": 456.252,
                                    "Actual Rows": 1,
                                    "Actual Loops": 1
                                }
                            ],
                            "Plans": [
                                {
                                    "Node Type": "Hash Join",
                                    "Parent Relationship": "Outer",
                                    "Parallel Aware": true,
                                    "Join Type": "Inner",
                                    "Startup Cost": 44689.63,
                                    "Total Cost": 245456.37,
                                    "Plan Rows": 71896,
                                    "Plan Width": 0,
                                    "Actual Startup Time": 111.23,
                                    "Actual Total Time": 453.05,
                                    "Actual Rows": 105301,
                                    "Actual Loops": 6,
                                    "Inner Unique": true,
                                    "Hash Cond": "(mi.movie_id = t.id)",
                                    "Workers": [
                                        {
                                            "Worker Number": 0,
                                            "Actual Startup Time": 108.969,
                                            "Actual Total Time": 450.959,
                                            "Actual Rows": 107844,
                                            "Actual Loops": 1
                                        },
                                        {
                                            "Worker Number": 1,
                                            "Actual Startup Time": 109.305,
                                            "Actual Total Time": 451.5,
                                            "Actual Rows": 76501,
                                            "Actual Loops": 1
                                        },
                                        {
                                            "Worker Number": 2,
                                            "Actual Startup Time": 109.289,
                                            "Actual Total Time": 451.191,
                                            "Actual Rows": 109773,
                                            "Actual Loops": 1
                                        },
                                        {
                                            "Worker Number": 3,
                                            "Actual Startup Time": 109.926,
                                            "Actual Total Time": 451.39,
                                            "Actual Rows": 106721,
                                            "Actual Loops": 1
                                        },
                                        {
                                            "Worker Number": 4,
                                            "Actual Startup Time": 109.498,
                                            "Actual Total Time": 451.338,
                                            "Actual Rows": 106929,
                                            "Actual Loops": 1
                                        }
                                    ],
                                    "Plans": [
                                        {
                                            "Node Type": "Seq Scan",
                                            "Parent Relationship": "Outer",
                                            "Parallel Aware": true,
                                            "Relation Name": "movie_info",
                                            "Schema": "public",
                                            "Alias": "mi",
                                            "Startup Cost": 0.0,
                                            "Total Cost": 198880.74,
                                            "Plan Rows": 718477,
                                            "Plan Width": 4,
                                            "Actual Startup Time": 25.528,
                                            "Actual Total Time": 276.316,
                                            "Actual Rows": 604163,
                                            "Actual Loops": 6,
                                            "Output": [
                                                "mi.id",
                                                "mi.movie_id",
                                                "mi.info_type_id",
                                                "mi.info",
                                                "mi.note"
                                            ],
                                            "Filter": "(mi.info_type_id < 4)",
                                            "Rows Removed by Filter": 1868457,
                                            "Workers": [
                                                {
                                                    "Worker Number": 0,
                                                    "Actual Startup Time": 25.525,
                                                    "Actual Total Time": 277.835,
                                                    "Actual Rows": 618461,
                                                    "Actual Loops": 1
                                                },
                                                {
                                                    "Worker Number": 1,
                                                    "Actual Startup Time": 25.515,
                                                    "Actual Total Time": 270.97,
                                                    "Actual Rows": 445913,
                                                    "Actual Loops": 1
                                                },
                                                {
                                                    "Worker Number": 2,
                                                    "Actual Startup Time": 25.539,
                                                    "Actual Total Time": 278.336,
                                                    "Actual Rows": 620060,
                                                    "Actual Loops": 1
                                                },
                                                {
                                                    "Worker Number": 3,
                                                    "Actual Startup Time": 25.532,
                                                    "Actual Total Time": 277.435,
                                                    "Actual Rows": 613066,
                                                    "Actual Loops": 1
                                                },
                                                {
                                                    "Worker Number": 4,
                                                    "Actual Startup Time": 25.539,
                                                    "Actual Total Time": 277.774,
                                                    "Actual Rows": 612017,
                                                    "Actual Loops": 1
                                                }
                                            ]
                                        },
                                        {
                                            "Node Type": "Hash",
                                            "Parent Relationship": "Inner",
                                            "Parallel Aware": true,
                                            "Startup Cost": 43899.01,
                                            "Total Cost": 43899.01,
                                            "Plan Rows": 63250,
                                            "Plan Width": 4,
                                            "Actual Startup Time": 83.897,
                                            "Actual Total Time": 83.898,
                                            "Actual Rows": 42087,
                                            "Actual Loops": 6,
                                            "Output": [
                                                "t.id"
                                            ],
                                            "Hash Buckets": 262144,
                                            "Original Hash Buckets": 262144,
                                            "Hash Batches": 1,
                                            "Original Hash Batches": 1,
                                            "Peak Memory Usage": 12032,
                                            "Workers": [
                                                {
                                                    "Worker Number": 0,
                                                    "Actual Startup Time": 82.412,
                                                    "Actual Total Time": 82.413,
                                                    "Actual Rows": 39545,
                                                    "Actual Loops": 1
                                                },
                                                {
                                                    "Worker Number": 1,
                                                    "Actual Startup Time": 82.32,
                                                    "Actual Total Time": 82.322,
                                                    "Actual Rows": 34261,
                                                    "Actual Loops": 1
                                                },
                                                {
                                                    "Worker Number": 2,
                                                    "Actual Startup Time": 82.872,
                                                    "Actual Total Time": 82.873,
                                                    "Actual Rows": 38559,
                                                    "Actual Loops": 1
                                                },
                                                {
                                                    "Worker Number": 3,
                                                    "Actual Startup Time": 82.888,
                                                    "Actual Total Time": 82.888,
                                                    "Actual Rows": 38702,
                                                    "Actual Loops": 1
                                                },
                                                {
                                                    "Worker Number": 4,
                                                    "Actual Startup Time": 82.929,
                                                    "Actual Total Time": 82.93,
                                                    "Actual Rows": 38407,
                                                    "Actual Loops": 1
                                                }
                                            ],
                                            "Plans": [
                                                {
                                                    "Node Type": "Seq Scan",
                                                    "Parent Relationship": "Outer",
                                                    "Parallel Aware": true,
                                                    "Relation Name": "title",
                                                    "Schema": "public",
                                                    "Alias": "t",
                                                    "Startup Cost": 0.0,
                                                    "Total Cost": 43899.01,
                                                    "Plan Rows": 63250,
                                                    "Plan Width": 4,
                                                    "Actual Startup Time": 0.062,
                                                    "Actual Total Time": 69.541,
                                                    "Actual Rows": 42087,
                                                    "Actual Loops": 6,
                                                    "Output": [
                                                        "t.id"
                                                    ],
                                                    "Filter": "(t.production_year < 1961)",
                                                    "Rows Removed by Filter": 379298,
                                                    "Workers": [
                                                        {
                                                            "Worker Number": 0,
                                                            "Actual Startup Time": 0.108,
                                                            "Actual Total Time": 69.087,
                                                            "Actual Rows": 39545,
                                                            "Actual Loops": 1
                                                        },
                                                        {
                                                            "Worker Number": 1,
                                                            "Actual Startup Time": 0.051,
                                                            "Actual Total Time": 66.972,
                                                            "Actual Rows": 34261,
                                                            "Actual Loops": 1
                                                        },
                                                        {
                                                            "Worker Number": 2,
                                                            "Actual Startup Time": 0.072,
                                                            "Actual Total Time": 69.108,
                                                            "Actual Rows": 38559,
                                                            "Actual Loops": 1
                                                        },
                                                        {
                                                            "Worker Number": 3,
                                                            "Actual Startup Time": 0.062,
                                                            "Actual Total Time": 69.291,
                                                            "Actual Rows": 38702,
                                                            "Actual Loops": 1
                                                        },
                                                        {
                                                            "Worker Number": 4,
                                                            "Actual Startup Time": 0.063,
                                                            "Actual Total Time": 69.534,
                                                            "Actual Rows": 38407,
                                                            "Actual Loops": 1
                                                        }
                                                    ]
                                                }
                                            ]
                                        }
                                    ]
                                }
                            ]
                        }
                    ]
                }
            ]
        },
        "Planning Time": 183.604,
        "Triggers": [],
        "Execution Time": 487.375
    }
]