[
  {
    "Plan": {
      "Node Type": "Aggregate",
      "Strategy": "Plain",
      "Partial Mode": "Finalize",
      "Parallel Aware": false,
      "Startup Cost": 31041.93,
      "Total Cost": 31041.94,
      "Plan Rows": 1,
      "Plan Width": 8,
      "Actual Startup Time": 97.269,
      "Actual Total Time": 106.179,
      "Actual Rows": 1,
      "Actual Loops": 1,
      "Plans": [
        {
          "Node Type": "Gather",
          "Parent Relationship": "Outer",
          "Parallel Aware": false,
          "Startup Cost": 31041.61,
          "Total Cost": 31041.92,
          "Plan Rows": 3,
          "Plan Width": 8,
          "Actual Startup Time": 97.139,
          "Actual Total Time": 106.166,
          "Actual Rows": 4,
          "Actual Loops": 1,
          "Workers Planned": 3,
          "Workers Launched": 3,
          "Single Copy": false,
          "Plans": [
            {
              "Node Type": "Aggregate",
              "Strategy": "Plain",
              "Partial Mode": "Partial",
              "Parent Relationship": "Outer",
              "Parallel Aware": false,
              "Startup Cost": 30041.61,
              "Total Cost": 30041.62,
              "Plan Rows": 1,
              "Plan Width": 8,
              "Actual Startup Time": 91.109,
              "Actual Total Time": 91.11,
              "Actual Rows": 1,
              "Actual Loops": 4,
              "Plans": [
                {
                  "Node Type": "Seq Scan",
                  "Parent Relationship": "Outer",
                  "Parallel Aware": true,
                  "Relation Name": "movie_companies",
                  "Alias": "mc",
                  "Startup Cost": 0.0,
                  "Total Cost": 29310.68,
                  "Plan Rows": 292372,
                  "Plan Width": 0,
                  "Actual Startup Time": 22.554,
                  "Actual Total Time": 80.735,
                  "Actual Rows": 229614,
                  "Actual Loops": 4,
                  "Filter": "(company_id > 20284)",
                  "Rows Removed by Filter": 422669
                }
              ]
            }
          ]
        }
      ]
    },
    "Planning Time": 0.194,
    "Triggers": [],
    "Execution Time": 106.237
  }
]