[
    {
        "Bao": {
            "Bao prediction": "NaN",
            "Bao recommended hint": "(no hint)"
        }
    },
    {
        "Plan": {
            "Node Type": "Aggregate",
            "Strategy": "Plain",
            "Partial Mode": "Finalize",
            "Parallel Aware": false,
            "Startup Cost": 16184.13,
            "Total Cost": 16184.14,
            "Plan Rows": 1,
            "Plan Width": 8,
            "Actual Startup Time": 16.655,
            "Actual Total Time": 19.554,
            "Actual Rows": 1,
            "Actual Loops": 1,
            "Output": [
                "count(*)"
            ],
            "Plans": [
                {
                    "Node Type": "Gather",
                    "Parent Relationship": "Outer",
                    "Parallel Aware": false,
                    "Startup Cost": 16183.92,
                    "Total Cost": 16184.13,
                    "Plan Rows": 2,
                    "Plan Width": 8,
                    "Actual Startup Time": 16.504,
                    "Actual Total Time": 19.544,
                    "Actual Rows": 3,
                    "Actual Loops": 1,
                    "Output": [
                        "(PARTIAL count(*))"
                    ],
                    "Workers Planned": 2,
                    "Workers Launched": 2,
                    "Single Copy": false,
                    "Plans": [
                        {
                            "Node Type": "Aggregate",
                            "Strategy": "Plain",
                            "Partial Mode": "Partial",
                            "Parent Relationship": "Outer",
                            "Parallel Aware": false,
                            "Startup Cost": 15183.92,
                            "Total Cost": 15183.93,
                            "Plan Rows": 1,
                            "Plan Width": 8,
                            "Actual Startup Time": 8.845,
                            "Actual Total Time": 8.847,
                            "Actual Rows": 1,
                            "Actual Loops": 3,
                            "Output": [
                                "PARTIAL count(*)"
                            ],
                            "Workers": [
                                {
                                    "Worker Number": 0,
                                    "Actual Startup Time": 5.087,
                                    "Actual Total Time": 5.09,
                                    "Actual Rows": 1,
                                    "Actual Loops": 1
                                },
                                {
                                    "Worker Number": 1,
                                    "Actual Startup Time": 5.407,
                                    "Actual Total Time": 5.409,
                                    "Actual Rows": 1,
                                    "Actual Loops": 1
                                }
                            ],
                            "Plans": [
                                {
                                    "Node Type": "Nested Loop",
                                    "Parent Relationship": "Outer",
                                    "Parallel Aware": false,
                                    "Join Type": "Inner",
                                    "Startup Cost": 80.71,
                                    "Total Cost": 15183.03,
                                    "Plan Rows": 355,
                                    "Plan Width": 0,
                                    "Actual Startup Time": 0.74,
                                    "Actual Total Time": 8.709,
                                    "Actual Rows": 622,
                                    "Actual Loops": 3,
                                    "Inner Unique": true,
                                    "Workers": [
                                        {
                                            "Worker Number": 0,
                                            "Actual Startup Time": 0.615,
                                            "Actual Total Time": 5.05,
                                            "Actual Rows": 54,
                                            "Actual Loops": 1
                                        },
                                        {
                                            "Worker Number": 1,
                                            "Actual Startup Time": 0.33,
                                            "Actual Total Time": 5.364,
                                            "Actual Rows": 70,
                                            "Actual Loops": 1
                                        }
                                    ],
                                    "Plans": [
                                        {
                                            "Node Type": "Bitmap Heap Scan",
                                            "Parent Relationship": "Outer",
                                            "Parallel Aware": true,
                                            "Relation Name": "movie_companies",
                                            "Schema": "public",
                                            "Alias": "mc",
                                            "Startup Cost": 80.28,
                                            "Total Cost": 9217.54,
                                            "Plan Rows": 746,
                                            "Plan Width": 4,
                                            "Actual Startup Time": 0.449,
                                            "Actual Total Time": 2.078,
                                            "Actual Rows": 811,
                                            "Actual Loops": 3,
                                            "Output": [
                                                "mc.id",
                                                "mc.movie_id",
                                                "mc.company_id",
                                                "mc.company_type_id",
                                                "mc.note"
                                            ],
                                            "Recheck Cond": "(mc.company_id = 137)",
                                            "Rows Removed by Index Recheck": 0,
                                            "Filter": "(mc.company_type_id = 1)",
                                            "Rows Removed by Filter": 246,
                                            "Exact Heap Blocks": 685,
                                            "Lossy Heap Blocks": 0,
                                            "Workers": [
                                                {
                                                    "Worker Number": 0,
                                                    "Actual Startup Time": 0.11,
                                                    "Actual Total Time": 1.226,
                                                    "Actual Rows": 72,
                                                    "Actual Loops": 1
                                                },
                                                {
                                                    "Worker Number": 1,
                                                    "Actual Startup Time": 0.113,
                                                    "Actual Total Time": 1.399,
                                                    "Actual Rows": 87,
                                                    "Actual Loops": 1
                                                }
                                            ],
                                            "Plans": [
                                                {
                                                    "Node Type": "Bitmap Index Scan",
                                                    "Parent Relationship": "Outer",
                                                    "Parallel Aware": false,
                                                    "Index Name": "company_id_movie_companies",
                                                    "Startup Cost": 0.0,
                                                    "Total Cost": 79.83,
                                                    "Plan Rows": 3653,
                                                    "Plan Width": 0,
                                                    "Actual Startup Time": 0.904,
                                                    "Actual Total Time": 0.904,
                                                    "Actual Rows": 3172,
                                                    "Actual Loops": 1,
                                                    "Index Cond": "(mc.company_id = 137)"
                                                }
                                            ]
                                        },
                                        {
                                            "Node Type": "Index Scan",
                                            "Parent Relationship": "Inner",
                                            "Parallel Aware": false,
                                            "Scan Direction": "Forward",
                                            "Index Name": "title_pkey",
                                            "Relation Name": "title",
                                            "Schema": "public",
                                            "Alias": "t",
                                            "Startup Cost": 0.43,
                                            "Total Cost": 8.0,
                                            "Plan Rows": 1,
                                            "Plan Width": 4,
                                            "Actual Startup Time": 0.007,
                                            "Actual Total Time": 0.007,
                                            "Actual Rows": 1,
                                            "Actual Loops": 2434,
                                            "Output": [
                                                "t.id",
                                                "t.title",
                                                "t.imdb_index",
                                                "t.kind_id",
                                                "t.production_year",
                                                "t.imdb_id",
                                                "t.phonetic_code",
                                                "t.episode_of_id",
                                                "t.season_nr",
                                                "t.episode_nr",
                                                "t.series_years",
                                                "t.md5sum"
                                            ],
                                            "Index Cond": "(t.id = mc.movie_id)",
                                            "Rows Removed by Index Recheck": 0,
                                            "Filter": "((t.kind_id > 4) AND (t.production_year > 1977))",
                                            "Rows Removed by Filter": 0,
                                            "Workers": [
                                                {
                                                    "Worker Number": 0,
                                                    "Actual Startup Time": 0.05,
                                                    "Actual Total Time": 0.05,
                                                    "Actual Rows": 1,
                                                    "Actual Loops": 72
                                                },
                                                {
                                                    "Worker Number": 1,
                                                    "Actual Startup Time": 0.043,
                                                    "Actual Total Time": 0.043,
                                                    "Actual Rows": 1,
                                                    "Actual Loops": 87
                                                }
                                            ]
                                        }
                                    ]
                                }
                            ]
                        }
                    ]
                }
            ]
        },
        "Planning Time": 196.64,
        "Triggers": [],
        "Execution Time": 19.676
    }
]