[
  {
    "Plan": {
      "Node Type": "Aggregate",
      "Strategy": "Plain",
      "Partial Mode": "Finalize",
      "Parallel Aware": false,
      "Startup Cost": 439071.64,
      "Total Cost": 439071.65,
      "Plan Rows": 1,
      "Plan Width": 8,
      "Actual Startup Time": 2614.951,
      "Actual Total Time": 2684.78,
      "Actual Rows": 1,
      "Actual Loops": 1,
      "Plans": [
        {
          "Node Type": "Gather",
          "Parent Relationship": "Outer",
          "Parallel Aware": false,
          "Startup Cost": 439071.01,
          "Total Cost": 439071.62,
          "Plan Rows": 6,
          "Plan Width": 8,
          "Actual Startup Time": 2606.921,
          "Actual Total Time": 2684.759,
          "Actual Rows": 7,
          "Actual Loops": 1,
          "Workers Planned": 6,
          "Workers Launched": 6,
          "Single Copy": false,
          "Plans": [
            {
              "Node Type": "Aggregate",
              "Strategy": "Plain",
              "Partial Mode": "Partial",
              "Parent Relationship": "Outer",
              "Parallel Aware": false,
              "Startup Cost": 438071.01,
              "Total Cost": 438071.02,
              "Plan Rows": 1,
              "Plan Width": 8,
              "Actual Startup Time": 2593.891,
              "Actual Total Time": 2593.897,
              "Actual Rows": 1,
              "Actual Loops": 7,
              "Plans": [
                {
                  "Node Type": "Hash Join",
                  "Parent Relationship": "Outer",
                  "Parallel Aware": true,
                  "Join Type": "Inner",
                  "Startup Cost": 82661.83,
                  "Total Cost": 434305.61,
                  "Plan Rows": 1506162,
                  "Plan Width": 0,
                  "Actual Startup Time": 374.815,
                  "Actual Total Time": 2475.346,
                  "Actual Rows": 2645818,
                  "Actual Loops": 7,
                  "Inner Unique": false,
                  "Hash Cond": "(ci.movie_id = t.id)",
                  "Plans": [
                    {
                      "Node Type": "Seq Scan",
                      "Parent Relationship": "Outer",
                      "Parallel Aware": true,
                      "Relation Name": "cast_info",
                      "Alias": "ci",
                      "Startup Cost": 0.0,
                      "Total Cost": 328162.03,
                      "Plan Rows": 5257691,
                      "Plan Width": 4,
                      "Actual Startup Time": 0.029,
                      "Actual Total Time": 733.585,
                      "Actual Rows": 4515030,
                      "Actual Loops": 7,
                      "Filter": "(role_id < 10)",
                      "Rows Removed by Filter": 662734
                    },
                    {
                      "Node Type": "Hash",
                      "Parent Relationship": "Inner",
                      "Parallel Aware": true,
                      "Startup Cost": 80398.47,
                      "Total Cost": 80398.47,
                      "Plan Rows": 181069,
                      "Plan Width": 8,
                      "Actual Startup Time": 371.356,
                      "Actual Total Time": 371.36,
                      "Actual Rows": 134914,
                      "Actual Loops": 7,
                      "Hash Buckets": 1048576,
                      "Original Hash Buckets": 1048576,
                      "Hash Batches": 1,
                      "Original Hash Batches": 1,
                      "Peak Memory Usage": 45248,
                      "Plans": [
                        {
                          "Node Type": "Hash Join",
                          "Parent Relationship": "Outer",
                          "Parallel Aware": true,
                          "Join Type": "Inner",
                          "Startup Cost": 34335.28,
                          "Total Cost": 80398.47,
                          "Plan Rows": 181069,
                          "Plan Width": 8,
                          "Actual Startup Time": 126.56,
                          "Actual Total Time": 315.365,
                          "Actual Rows": 134914,
                          "Actual Loops": 7,
                          "Inner Unique": false,
                          "Hash Cond": "(t.id = mc.movie_id)",
                          "Plans": [
                            {
                              "Node Type": "Seq Scan",
                              "Parent Relationship": "Outer",
                              "Parallel Aware": true,
                              "Relation Name": "title",
                              "Alias": "t",
                              "Startup Cost": 0.0,
                              "Total Cost": 42318.73,
                              "Plan Rows": 632073,
                              "Plan Width": 4,
                              "Actual Startup Time": 0.013,
                              "Actual Total Time": 57.401,
                              "Actual Rows": 361187,
                              "Actual Loops": 7
                            },
                            {
                              "Node Type": "Hash",
                              "Parent Relationship": "Inner",
                              "Parallel Aware": true,
                              "Startup Cost": 31414.82,
                              "Total Cost": 31414.82,
                              "Plan Rows": 233637,
                              "Plan Width": 4,
                              "Actual Startup Time": 124.977,
                              "Actual Total Time": 124.979,
                              "Actual Rows": 134914,
                              "Actual Loops": 7,
                              "Hash Buckets": 1048576,
                              "Original Hash Buckets": 1048576,
                              "Hash Batches": 1,
                              "Original Hash Batches": 1,
                              "Peak Memory Usage": 45248,
                              "Plans": [
                                {
                                  "Node Type": "Seq Scan",
                                  "Parent Relationship": "Outer",
                                  "Parallel Aware": true,
                                  "Relation Name": "movie_companies",
                                  "Alias": "mc",
                                  "Startup Cost": 0.0,
                                  "Total Cost": 31414.82,
                                  "Plan Rows": 233637,
                                  "Plan Width": 4,
                                  "Actual Startup Time": 42.059,
                                  "Actual Total Time": 69.584,
                                  "Actual Rows": 134914,
                                  "Actual Loops": 7,
                                  "Filter": "((company_id > 10225) AND (company_type_id = 2))",
                                  "Rows Removed by Filter": 237819
                                }
                              ]
                            }
                          ]
                        }
                      ]
                    }
                  ]
                }
              ]
            }
          ]
        }
      ]
    },
    "Planning Time": 1.485,
    "Triggers": [],
    "Execution Time": 2684.889
  }
]