[
  {
    "Plan": {
      "Node Type": "Aggregate",
      "Strategy": "Plain",
      "Partial Mode": "Finalize",
      "Parallel Aware": false,
      "Startup Cost": 30964.08,
      "Total Cost": 30964.09,
      "Plan Rows": 1,
      "Plan Width": 8,
      "Actual Startup Time": 89.948,
      "Actual Total Time": 96.121,
      "Actual Rows": 1,
      "Actual Loops": 1,
      "Plans": [
        {
          "Node Type": "Gather",
          "Parent Relationship": "Outer",
          "Parallel Aware": false,
          "Startup Cost": 30963.76,
          "Total Cost": 30964.07,
          "Plan Rows": 3,
          "Plan Width": 8,
          "Actual Startup Time": 89.842,
          "Actual Total Time": 96.113,
          "Actual Rows": 4,
          "Actual Loops": 1,
          "Workers Planned": 3,
          "Workers Launched": 3,
          "Single Copy": false,
          "Plans": [
            {
              "Node Type": "Aggregate",
              "Strategy": "Plain",
              "Partial Mode": "Partial",
              "Parent Relationship": "Outer",
              "Parallel Aware": false,
              "Startup Cost": 29963.76,
              "Total Cost": 29963.77,
              "Plan Rows": 1,
              "Plan Width": 8,
              "Actual Startup Time": 83.815,
              "Actual Total Time": 83.815,
              "Actual Rows": 1,
              "Actual Loops": 4,
              "Plans": [
                {
                  "Node Type": "Seq Scan",
                  "Parent Relationship": "Outer",
                  "Parallel Aware": true,
                  "Relation Name": "movie_companies",
                  "Alias": "mc",
                  "Startup Cost": 0.0,
                  "Total Cost": 29310.68,
                  "Plan Rows": 261233,
                  "Plan Width": 0,
                  "Actual Startup Time": 0.041,
                  "Actual Total Time": 71.602,
                  "Actual Rows": 200987,
                  "Actual Loops": 4,
                  "Filter": "(company_id < 1787)",
                  "Rows Removed by Filter": 451296
                }
              ]
            }
          ]
        }
      ]
    },
    "Planning Time": 0.163,
    "Triggers": [],
    "Execution Time": 96.178
  }
]