[
  {
    "Plan": {
      "Node Type": "Aggregate",
      "Strategy": "Plain",
      "Partial Mode": "Finalize",
      "Parallel Aware": false,
      "Startup Cost": 121339.76,
      "Total Cost": 121339.77,
      "Plan Rows": 1,
      "Plan Width": 8,
      "Actual Startup Time": 484.303,
      "Actual Total Time": 507.873,
      "Actual Rows": 1,
      "Actual Loops": 1,
      "Plans": [
        {
          "Node Type": "Gather",
          "Parent Relationship": "Outer",
          "Parallel Aware": false,
          "Startup Cost": 121339.44,
          "Total Cost": 121339.75,
          "Plan Rows": 3,
          "Plan Width": 8,
          "Actual Startup Time": 479.333,
          "Actual Total Time": 507.861,
          "Actual Rows": 4,
          "Actual Loops": 1,
          "Workers Planned": 3,
          "Workers Launched": 3,
          "Single Copy": false,
          "Plans": [
            {
              "Node Type": "Aggregate",
              "Strategy": "Plain",
              "Partial Mode": "Partial",
              "Parent Relationship": "Outer",
              "Parallel Aware": false,
              "Startup Cost": 120339.44,
              "Total Cost": 120339.45,
              "Plan Rows": 1,
              "Plan Width": 8,
              "Actual Startup Time": 469.854,
              "Actual Total Time": 469.867,
              "Actual Rows": 1,
              "Actual Loops": 4,
              "Plans": [
                {
                  "Node Type": "Hash Join",
                  "Parent Relationship": "Outer",
                  "Parallel Aware": true,
                  "Join Type": "Inner",
                  "Startup Cost": 89228.43,
                  "Total Cost": 120231.76,
                  "Plan Rows": 43073,
                  "Plan Width": 0,
                  "Actual Startup Time": 378.472,
                  "Actual Total Time": 467.91,
                  "Actual Rows": 46965,
                  "Actual Loops": 4,
                  "Inner Unique": false,
                  "Hash Cond": "(mc.movie_id = t.id)",
                  "Plans": [
                    {
                      "Node Type": "Seq Scan",
                      "Parent Relationship": "Outer",
                      "Parallel Aware": true,
                      "Relation Name": "movie_companies",
                      "Alias": "mc",
                      "Startup Cost": 0.0,
                      "Total Cost": 29310.68,
                      "Plan Rows": 414318,
                      "Plan Width": 4,
                      "Actual Startup Time": 0.023,
                      "Actual Total Time": 63.283,
                      "Actual Rows": 318562,
                      "Actual Loops": 4,
                      "Filter": "(company_type_id < 2)",
                      "Rows Removed by Filter": 333721
                    },
                    {
                      "Node Type": "Hash",
                      "Parent Relationship": "Inner",
                      "Parallel Aware": true,
                      "Startup Cost": 88168.57,
                      "Total Cost": 88168.57,
                      "Plan Rows": 84789,
                      "Plan Width": 8,
                      "Actual Startup Time": 368.738,
                      "Actual Total Time": 368.749,
                      "Actual Rows": 27552,
                      "Actual Loops": 4,
                      "Hash Buckets": 524288,
                      "Original Hash Buckets": 524288,
                      "Hash Batches": 1,
                      "Original Hash Batches": 1,
                      "Peak Memory Usage": 8480,
                      "Plans": [
                        {
                          "Node Type": "Hash Join",
                          "Parent Relationship": "Outer",
                          "Parallel Aware": true,
                          "Join Type": "Inner",
                          "Startup Cost": 61003.31,
                          "Total Cost": 88168.57,
                          "Plan Rows": 84789,
                          "Plan Width": 8,
                          "Actual Startup Time": 272.828,
                          "Actual Total Time": 359.524,
                          "Actual Rows": 27552,
                          "Actual Loops": 4,
                          "Inner Unique": true,
                          "Hash Cond": "(mk.movie_id = t.id)",
                          "Plans": [
                            {
                              "Node Type": "Bitmap Heap Scan",
                              "Parent Relationship": "Outer",
                              "Parallel Aware": true,
                              "Relation Name": "movie_keyword",
                              "Alias": "mk",
                              "Startup Cost": 11787.08,
                              "Total Cost": 38481.79,
                              "Plan Rows": 179257,
                              "Plan Width": 4,
                              "Actual Startup Time": 34.636,
                              "Actual Total Time": 89.045,
                              "Actual Rows": 135885,
                              "Actual Loops": 4,
                              "Recheck Cond": "(keyword_id > 33799)",
                              "Rows Removed by Index Recheck": 0,
                              "Exact Heap Blocks": 6826,
                              "Lossy Heap Blocks": 0,
                              "Plans": [
                                {
                                  "Node Type": "Bitmap Index Scan",
                                  "Parent Relationship": "Outer",
                                  "Parallel Aware": false,
                                  "Index Name": "keyword_id_movie_keyword",
                                  "Startup Cost": 0.0,
                                  "Total Cost": 11648.15,
                                  "Plan Rows": 555696,
                                  "Plan Width": 0,
                                  "Actual Startup Time": 31.063,
                                  "Actual Total Time": 31.064,
                                  "Actual Rows": 543540,
                                  "Actual Loops": 1,
                                  "Index Cond": "(keyword_id > 33799)"
                                }
                              ]
                            },
                            {
                              "Node Type": "Hash",
                              "Parent Relationship": "Inner",
                              "Parallel Aware": true,
                              "Startup Cost": 45479.1,
                              "Total Cost": 45479.1,
                              "Plan Rows": 298971,
                              "Plan Width": 4,
                              "Actual Startup Time": 232.595,
                              "Actual Total Time": 232.596,
                              "Actual Rows": 327874,
                              "Actual Loops": 4,
                              "Hash Buckets": 2097152,
                              "Original Hash Buckets": 2097152,
                              "Hash Batches": 1,
                              "Original Hash Batches": 1,
                              "Peak Memory Usage": 67776,
                              "Plans": [
                                {
                                  "Node Type": "Seq Scan",
                                  "Parent Relationship": "Outer",
                                  "Parallel Aware": true,
                                  "Relation Name": "title",
                                  "Alias": "t",
                                  "Startup Cost": 0.0,
                                  "Total Cost": 45479.1,
                                  "Plan Rows": 298971,
                                  "Plan Width": 4,
                                  "Actual Startup Time": 0.046,
                                  "Actual Total Time": 106.589,
                                  "Actual Rows": 327874,
                                  "Actual Loops": 4,
                                  "Filter": "((kind_id > 2) AND (production_year > 1992))",
                                  "Rows Removed by Filter": 304204
                                }
                              ]
                            }
                          ]
                        }
                      ]
                    }
                  ]
                }
              ]
            }
          ]
        }
      ]
    },
    "Planning Time": 1.492,
    "Triggers": [],
    "Execution Time": 507.993
  }
]