[
    {
        "Bao": {
            "Bao prediction": "NaN",
            "Bao recommended hint": "(no hint)"
        }
    },
    {
        "Plan": {
            "Node Type": "Aggregate",
            "Strategy": "Plain",
            "Partial Mode": "Finalize",
            "Parallel Aware": false,
            "Startup Cost": 457101.91,
            "Total Cost": 457101.92,
            "Plan Rows": 1,
            "Plan Width": 8,
            "Actual Startup Time": 2736.596,
            "Actual Total Time": 2766.149,
            "Actual Rows": 1,
            "Actual Loops": 1,
            "Output": [
                "count(*)"
            ],
            "Plans": [
                {
                    "Node Type": "Gather",
                    "Parent Relationship": "Outer",
                    "Parallel Aware": false,
                    "Startup Cost": 457101.29,
                    "Total Cost": 457101.9,
                    "Plan Rows": 6,
                    "Plan Width": 8,
                    "Actual Startup Time": 2729.872,
                    "Actual Total Time": 2766.137,
                    "Actual Rows": 7,
                    "Actual Loops": 1,
                    "Output": [
                        "(PARTIAL count(*))"
                    ],
                    "Workers Planned": 6,
                    "Workers Launched": 6,
                    "Single Copy": false,
                    "Plans": [
                        {
                            "Node Type": "Aggregate",
                            "Strategy": "Plain",
                            "Partial Mode": "Partial",
                            "Parent Relationship": "Outer",
                            "Parallel Aware": false,
                            "Startup Cost": 456101.29,
                            "Total Cost": 456101.3,
                            "Plan Rows": 1,
                            "Plan Width": 8,
                            "Actual Startup Time": 2720.181,
                            "Actual Total Time": 2720.466,
                            "Actual Rows": 1,
                            "Actual Loops": 7,
                            "Output": [
                                "PARTIAL count(*)"
                            ],
                            "Workers": [
                                {
                                    "Worker Number": 0,
                                    "Actual Startup Time": 2717.784,
                                    "Actual Total Time": 2717.789,
                                    "Actual Rows": 1,
                                    "Actual Loops": 1
                                },
                                {
                                    "Worker Number": 1,
                                    "Actual Startup Time": 2717.951,
                                    "Actual Total Time": 2717.955,
                                    "Actual Rows": 1,
                                    "Actual Loops": 1
                                },
                                {
                                    "Worker Number": 2,
                                    "Actual Startup Time": 2718.433,
                                    "Actual Total Time": 2718.436,
                                    "Actual Rows": 1,
                                    "Actual Loops": 1
                                },
                                {
                                    "Worker Number": 3,
                                    "Actual Startup Time": 2719.899,
                                    "Actual Total Time": 2719.903,
                                    "Actual Rows": 1,
                                    "Actual Loops": 1
                                },
                                {
                                    "Worker Number": 4,
                                    "Actual Startup Time": 2718.689,
                                    "Actual Total Time": 2718.694,
                                    "Actual Rows": 1,
                                    "Actual Loops": 1
                                },
                                {
                                    "Worker Number": 5,
                                    "Actual Startup Time": 2719.006,
                                    "Actual Total Time": 2719.019,
                                    "Actual Rows": 1,
                                    "Actual Loops": 1
                                }
                            ],
                            "Plans": [
                                {
                                    "Node Type": "Hash Join",
                                    "Parent Relationship": "Outer",
                                    "Parallel Aware": true,
                                    "Join Type": "Inner",
                                    "Startup Cost": 99247.72,
                                    "Total Cost": 446894.16,
                                    "Plan Rows": 3682852,
                                    "Plan Width": 0,
                                    "Actual Startup Time": 329.785,
                                    "Actual Total Time": 2334.807,
                                    "Actual Rows": 9750279,
                                    "Actual Loops": 7,
                                    "Inner Unique": false,
                                    "Hash Cond": "(ci.movie_id = t.id)",
                                    "Workers": [
                                        {
                                            "Worker Number": 0,
                                            "Actual Startup Time": 327.534,
                                            "Actual Total Time": 2333.916,
                                            "Actual Rows": 9593852,
                                            "Actual Loops": 1
                                        },
                                        {
                                            "Worker Number": 1,
                                            "Actual Startup Time": 327.721,
                                            "Actual Total Time": 2329.351,
                                            "Actual Rows": 9729849,
                                            "Actual Loops": 1
                                        },
                                        {
                                            "Worker Number": 2,
                                            "Actual Startup Time": 328.2,
                                            "Actual Total Time": 2343.065,
                                            "Actual Rows": 9664765,
                                            "Actual Loops": 1
                                        },
                                        {
                                            "Worker Number": 3,
                                            "Actual Startup Time": 328.37,
                                            "Actual Total Time": 2345.078,
                                            "Actual Rows": 9662977,
                                            "Actual Loops": 1
                                        },
                                        {
                                            "Worker Number": 4,
                                            "Actual Startup Time": 328.498,
                                            "Actual Total Time": 2330.467,
                                            "Actual Rows": 9718656,
                                            "Actual Loops": 1
                                        },
                                        {
                                            "Worker Number": 5,
                                            "Actual Startup Time": 328.825,
                                            "Actual Total Time": 2341.611,
                                            "Actual Rows": 9731102,
                                            "Actual Loops": 1
                                        }
                                    ],
                                    "Plans": [
                                        {
                                            "Node Type": "Seq Scan",
                                            "Parent Relationship": "Outer",
                                            "Parallel Aware": true,
                                            "Relation Name": "cast_info",
                                            "Schema": "public",
                                            "Alias": "ci",
                                            "Startup Cost": 0.0,
                                            "Total Cost": 313108.29,
                                            "Plan Rows": 6042129,
                                            "Plan Width": 4,
                                            "Actual Startup Time": 0.023,
                                            "Actual Total Time": 452.415,
                                            "Actual Rows": 5177763,
                                            "Actual Loops": 7,
                                            "Output": [
                                                "ci.id",
                                                "ci.person_id",
                                                "ci.movie_id",
                                                "ci.person_role_id",
                                                "ci.note",
                                                "ci.nr_order",
                                                "ci.role_id"
                                            ],
                                            "Workers": [
                                                {
                                                    "Worker Number": 0,
                                                    "Actual Startup Time": 0.022,
                                                    "Actual Total Time": 459.646,
                                                    "Actual Rows": 5103115,
                                                    "Actual Loops": 1
                                                },
                                                {
                                                    "Worker Number": 1,
                                                    "Actual Startup Time": 0.025,
                                                    "Actual Total Time": 458.989,
                                                    "Actual Rows": 5118185,
                                                    "Actual Loops": 1
                                                },
                                                {
                                                    "Worker Number": 2,
                                                    "Actual Startup Time": 0.03,
                                                    "Actual Total Time": 473.481,
                                                    "Actual Rows": 5170242,
                                                    "Actual Loops": 1
                                                },
                                                {
                                                    "Worker Number": 3,
                                                    "Actual Startup Time": 0.022,
                                                    "Actual Total Time": 474.161,
                                                    "Actual Rows": 5137567,
                                                    "Actual Loops": 1
                                                },
                                                {
                                                    "Worker Number": 4,
                                                    "Actual Startup Time": 0.025,
                                                    "Actual Total Time": 455.608,
                                                    "Actual Rows": 5079477,
                                                    "Actual Loops": 1
                                                },
                                                {
                                                    "Worker Number": 5,
                                                    "Actual Startup Time": 0.023,
                                                    "Actual Total Time": 474.904,
                                                    "Actual Rows": 5196857,
                                                    "Actual Loops": 1
                                                }
                                            ]
                                        },
                                        {
                                            "Node Type": "Hash",
                                            "Parent Relationship": "Inner",
                                            "Parallel Aware": true,
                                            "Startup Cost": 93033.67,
                                            "Total Cost": 93033.67,
                                            "Plan Rows": 497124,
                                            "Plan Width": 8,
                                            "Actual Startup Time": 326.876,
                                            "Actual Total Time": 327.161,
                                            "Actual Rows": 160306,
                                            "Actual Loops": 7,
                                            "Output": [
                                                "t.id",
                                                "mk.movie_id"
                                            ],
                                            "Hash Buckets": 2097152,
                                            "Original Hash Buckets": 2097152,
                                            "Hash Batches": 1,
                                            "Original Hash Batches": 1,
                                            "Peak Memory Usage": 60416,
                                            "Workers": [
                                                {
                                                    "Worker Number": 0,
                                                    "Actual Startup Time": 326.788,
                                                    "Actual Total Time": 326.792,
                                                    "Actual Rows": 154327,
                                                    "Actual Loops": 1
                                                },
                                                {
                                                    "Worker Number": 1,
                                                    "Actual Startup Time": 326.927,
                                                    "Actual Total Time": 326.93,
                                                    "Actual Rows": 157981,
                                                    "Actual Loops": 1
                                                },
                                                {
                                                    "Worker Number": 2,
                                                    "Actual Startup Time": 327.496,
                                                    "Actual Total Time": 327.498,
                                                    "Actual Rows": 162030,
                                                    "Actual Loops": 1
                                                },
                                                {
                                                    "Worker Number": 3,
                                                    "Actual Startup Time": 327.518,
                                                    "Actual Total Time": 327.521,
                                                    "Actual Rows": 159735,
                                                    "Actual Loops": 1
                                                },
                                                {
                                                    "Worker Number": 4,
                                                    "Actual Startup Time": 327.776,
                                                    "Actual Total Time": 327.78,
                                                    "Actual Rows": 157535,
                                                    "Actual Loops": 1
                                                },
                                                {
                                                    "Worker Number": 5,
                                                    "Actual Startup Time": 328.098,
                                                    "Actual Total Time": 328.109,
                                                    "Actual Rows": 159831,
                                                    "Actual Loops": 1
                                                }
                                            ],
                                            "Plans": [
                                                {
                                                    "Node Type": "Hash Join",
                                                    "Parent Relationship": "Outer",
                                                    "Parallel Aware": true,
                                                    "Join Type": "Inner",
                                                    "Startup Cost": 47352.58,
                                                    "Total Cost": 93033.67,
                                                    "Plan Rows": 497124,
                                                    "Plan Width": 8,
                                                    "Actual Startup Time": 156.899,
                                                    "Actual Total Time": 280.674,
                                                    "Actual Rows": 160306,
                                                    "Actual Loops": 7,
                                                    "Output": [
                                                        "t.id",
                                                        "mk.movie_id"
                                                    ],
                                                    "Inner Unique": true,
                                                    "Hash Cond": "(mk.movie_id = t.id)",
                                                    "Workers": [
                                                        {
                                                            "Worker Number": 0,
                                                            "Actual Startup Time": 156.851,
                                                            "Actual Total Time": 280.555,
                                                            "Actual Rows": 154327,
                                                            "Actual Loops": 1
                                                        },
                                                        {
                                                            "Worker Number": 1,
                                                            "Actual Startup Time": 156.852,
                                                            "Actual Total Time": 279.994,
                                                            "Actual Rows": 157981,
                                                            "Actual Loops": 1
                                                        },
                                                        {
                                                            "Worker Number": 2,
                                                            "Actual Startup Time": 156.897,
                                                            "Actual Total Time": 280.483,
                                                            "Actual Rows": 162030,
                                                            "Actual Loops": 1
                                                        },
                                                        {
                                                            "Worker Number": 3,
                                                            "Actual Startup Time": 156.849,
                                                            "Actual Total Time": 280.628,
                                                            "Actual Rows": 159735,
                                                            "Actual Loops": 1
                                                        },
                                                        {
                                                            "Worker Number": 4,
                                                            "Actual Startup Time": 156.923,
                                                            "Actual Total Time": 280.411,
                                                            "Actual Rows": 157535,
                                                            "Actual Loops": 1
                                                        },
                                                        {
                                                            "Worker Number": 5,
                                                            "Actual Startup Time": 156.923,
                                                            "Actual Total Time": 280.001,
                                                            "Actual Rows": 159831,
                                                            "Actual Loops": 1
                                                        }
                                                    ],
                                                    "Plans": [
                                                        {
                                                            "Node Type": "Seq Scan",
                                                            "Parent Relationship": "Outer",
                                                            "Parallel Aware": true,
                                                            "Relation Name": "movie_keyword",
                                                            "Schema": "public",
                                                            "Alias": "mk",
                                                            "Startup Cost": 0.0,
                                                            "Total Cost": 42695.65,
                                                            "Plan Rows": 1137309,
                                                            "Plan Width": 4,
                                                            "Actual Startup Time": 0.039,
                                                            "Actual Total Time": 66.626,
                                                            "Actual Rows": 502759,
                                                            "Actual Loops": 7,
                                                            "Output": [
                                                                "mk.id",
                                                                "mk.movie_id",
                                                                "mk.keyword_id"
                                                            ],
                                                            "Filter": "(mk.keyword_id > 958)",
                                                            "Rows Removed by Filter": 143517,
                                                            "Workers": [
                                                                {
                                                                    "Worker Number": 0,
                                                                    "Actual Startup Time": 0.031,
                                                                    "Actual Total Time": 67.762,
                                                                    "Actual Rows": 490018,
                                                                    "Actual Loops": 1
                                                                },
                                                                {
                                                                    "Worker Number": 1,
                                                                    "Actual Startup Time": 0.037,
                                                                    "Actual Total Time": 67.359,
                                                                    "Actual Rows": 491630,
                                                                    "Actual Loops": 1
                                                                },
                                                                {
                                                                    "Worker Number": 2,
                                                                    "Actual Startup Time": 0.038,
                                                                    "Actual Total Time": 67.356,
                                                                    "Actual Rows": 504082,
                                                                    "Actual Loops": 1
                                                                },
                                                                {
                                                                    "Worker Number": 3,
                                                                    "Actual Startup Time": 0.033,
                                                                    "Actual Total Time": 67.18,
                                                                    "Actual Rows": 496648,
                                                                    "Actual Loops": 1
                                                                },
                                                                {
                                                                    "Worker Number": 4,
                                                                    "Actual Startup Time": 0.066,
                                                                    "Actual Total Time": 67.432,
                                                                    "Actual Rows": 492049,
                                                                    "Actual Loops": 1
                                                                },
                                                                {
                                                                    "Worker Number": 5,
                                                                    "Actual Startup Time": 0.05,
                                                                    "Actual Total Time": 67.067,
                                                                    "Actual Rows": 496127,
                                                                    "Actual Loops": 1
                                                                }
                                                            ]
                                                        },
                                                        {
                                                            "Node Type": "Hash",
                                                            "Parent Relationship": "Inner",
                                                            "Parallel Aware": true,
                                                            "Startup Cost": 43899.01,
                                                            "Total Cost": 43899.01,
                                                            "Plan Rows": 276286,
                                                            "Plan Width": 4,
                                                            "Actual Startup Time": 155.18,
                                                            "Actual Total Time": 155.181,
                                                            "Actual Rows": 158275,
                                                            "Actual Loops": 7,
                                                            "Output": [
                                                                "t.id"
                                                            ],
                                                            "Hash Buckets": 2097152,
                                                            "Original Hash Buckets": 2097152,
                                                            "Hash Batches": 1,
                                                            "Original Hash Batches": 1,
                                                            "Peak Memory Usage": 59840,
                                                            "Workers": [
                                                                {
                                                                    "Worker Number": 0,
                                                                    "Actual Startup Time": 156.709,
                                                                    "Actual Total Time": 156.71,
                                                                    "Actual Rows": 142210,
                                                                    "Actual Loops": 1
                                                                },
                                                                {
                                                                    "Worker Number": 1,
                                                                    "Actual Startup Time": 156.695,
                                                                    "Actual Total Time": 156.696,
                                                                    "Actual Rows": 143945,
                                                                    "Actual Loops": 1
                                                                },
                                                                {
                                                                    "Worker Number": 2,
                                                                    "Actual Startup Time": 156.734,
                                                                    "Actual Total Time": 156.735,
                                                                    "Actual Rows": 140826,
                                                                    "Actual Loops": 1
                                                                },
                                                                {
                                                                    "Worker Number": 3,
                                                                    "Actual Startup Time": 156.705,
                                                                    "Actual Total Time": 156.707,
                                                                    "Actual Rows": 142850,
                                                                    "Actual Loops": 1
                                                                },
                                                                {
                                                                    "Worker Number": 4,
                                                                    "Actual Startup Time": 156.674,
                                                                    "Actual Total Time": 156.675,
                                                                    "Actual Rows": 145672,
                                                                    "Actual Loops": 1
                                                                },
                                                                {
                                                                    "Worker Number": 5,
                                                                    "Actual Startup Time": 156.706,
                                                                    "Actual Total Time": 156.707,
                                                                    "Actual Rows": 144929,
                                                                    "Actual Loops": 1
                                                                }
                                                            ],
                                                            "Plans": [
                                                                {
                                                                    "Node Type": "Seq Scan",
                                                                    "Parent Relationship": "Outer",
                                                                    "Parallel Aware": true,
                                                                    "Relation Name": "title",
                                                                    "Schema": "public",
                                                                    "Alias": "t",
                                                                    "Startup Cost": 0.0,
                                                                    "Total Cost": 43899.01,
                                                                    "Plan Rows": 276286,
                                                                    "Plan Width": 4,
                                                                    "Actual Startup Time": 0.05,
                                                                    "Actual Total Time": 72.672,
                                                                    "Actual Rows": 158275,
                                                                    "Actual Loops": 7,
                                                                    "Output": [
                                                                        "t.id"
                                                                    ],
                                                                    "Filter": "(t.production_year > 2004)",
                                                                    "Rows Removed by Filter": 202912,
                                                                    "Workers": [
                                                                        {
                                                                            "Worker Number": 0,
                                                                            "Actual Startup Time": 0.073,
                                                                            "Actual Total Time": 74.637,
                                                                            "Actual Rows": 142210,
                                                                            "Actual Loops": 1
                                                                        },
                                                                        {
                                                                            "Worker Number": 1,
                                                                            "Actual Startup Time": 0.056,
                                                                            "Actual Total Time": 74.916,
                                                                            "Actual Rows": 143945,
                                                                            "Actual Loops": 1
                                                                        },
                                                                        {
                                                                            "Worker Number": 2,
                                                                            "Actual Startup Time": 0.057,
                                                                            "Actual Total Time": 73.559,
                                                                            "Actual Rows": 140826,
                                                                            "Actual Loops": 1
                                                                        },
                                                                        {
                                                                            "Worker Number": 3,
                                                                            "Actual Startup Time": 0.034,
                                                                            "Actual Total Time": 73.881,
                                                                            "Actual Rows": 142850,
                                                                            "Actual Loops": 1
                                                                        },
                                                                        {
                                                                            "Worker Number": 4,
                                                                            "Actual Startup Time": 0.059,
                                                                            "Actual Total Time": 74.721,
                                                                            "Actual Rows": 145672,
                                                                            "Actual Loops": 1
                                                                        },
                                                                        {
                                                                            "Worker Number": 5,
                                                                            "Actual Startup Time": 0.056,
                                                                            "Actual Total Time": 74.08,
                                                                            "Actual Rows": 144929,
                                                                            "Actual Loops": 1
                                                                        }
                                                                    ]
                                                                }
                                                            ]
                                                        }
                                                    ]
                                                }
                                            ]
                                        }
                                    ]
                                }
                            ]
                        }
                    ]
                }
            ]
        },
        "Planning Time": 199.452,
        "Triggers": [],
        "Execution Time": 2766.212
    }
]