[
  {
    "Plan": {
      "Node Type": "Aggregate",
      "Strategy": "Plain",
      "Partial Mode": "Finalize",
      "Parallel Aware": false,
      "Startup Cost": 286556.97,
      "Total Cost": 286556.98,
      "Plan Rows": 1,
      "Plan Width": 8,
      "Actual Startup Time": 831.285,
      "Actual Total Time": 879.17,
      "Actual Rows": 1,
      "Actual Loops": 1,
      "Plans": [
        {
          "Node Type": "Gather",
          "Parent Relationship": "Outer",
          "Parallel Aware": false,
          "Startup Cost": 286556.44,
          "Total Cost": 286556.95,
          "Plan Rows": 5,
          "Plan Width": 8,
          "Actual Startup Time": 828.546,
          "Actual Total Time": 879.159,
          "Actual Rows": 6,
          "Actual Loops": 1,
          "Workers Planned": 5,
          "Workers Launched": 5,
          "Single Copy": false,
          "Plans": [
            {
              "Node Type": "Aggregate",
              "Strategy": "Plain",
              "Partial Mode": "Partial",
              "Parent Relationship": "Outer",
              "Parallel Aware": false,
              "Startup Cost": 285556.44,
              "Total Cost": 285556.45,
              "Plan Rows": 1,
              "Plan Width": 8,
              "Actual Startup Time": 817.908,
              "Actual Total Time": 817.959,
              "Actual Rows": 1,
              "Actual Loops": 6,
              "Plans": [
                {
                  "Node Type": "Hash Join",
                  "Parent Relationship": "Outer",
                  "Parallel Aware": true,
                  "Join Type": "Inner",
                  "Startup Cost": 80361.97,
                  "Total Cost": 284283.25,
                  "Plan Rows": 509279,
                  "Plan Width": 0,
                  "Actual Startup Time": 215.597,
                  "Actual Total Time": 796.716,
                  "Actual Rows": 507897,
                  "Actual Loops": 6,
                  "Inner Unique": false,
                  "Hash Cond": "(mi.movie_id = t.id)",
                  "Plans": [
                    {
                      "Node Type": "Seq Scan",
                      "Parent Relationship": "Outer",
                      "Parallel Aware": true,
                      "Relation Name": "movie_info",
                      "Alias": "mi",
                      "Startup Cost": 0.0,
                      "Total Cost": 191560.33,
                      "Plan Rows": 2956733,
                      "Plan Width": 4,
                      "Actual Startup Time": 0.013,
                      "Actual Total Time": 292.774,
                      "Actual Rows": 2472620,
                      "Actual Loops": 6
                    },
                    {
                      "Node Type": "Hash",
                      "Parent Relationship": "Inner",
                      "Parallel Aware": true,
                      "Startup Cost": 79001.08,
                      "Total Cost": 79001.08,
                      "Plan Rows": 108871,
                      "Plan Width": 8,
                      "Actual Startup Time": 201.009,
                      "Actual Total Time": 201.058,
                      "Actual Rows": 20063,
                      "Actual Loops": 6,
                      "Hash Buckets": 524288,
                      "Original Hash Buckets": 524288,
                      "Hash Batches": 1,
                      "Original Hash Batches": 1,
                      "Peak Memory Usage": 8896,
                      "Plans": [
                        {
                          "Node Type": "Hash Join",
                          "Parent Relationship": "Outer",
                          "Parallel Aware": true,
                          "Join Type": "Inner",
                          "Startup Cost": 33170.79,
                          "Total Cost": 79001.08,
                          "Plan Rows": 108871,
                          "Plan Width": 8,
                          "Actual Startup Time": 146.727,
                          "Actual Total Time": 193.168,
                          "Actual Rows": 20063,
                          "Actual Loops": 6,
                          "Inner Unique": false,
                          "Hash Cond": "(t.id = mc.movie_id)",
                          "Plans": [
                            {
                              "Node Type": "Seq Scan",
                              "Parent Relationship": "Outer",
                              "Parallel Aware": true,
                              "Relation Name": "title",
                              "Alias": "t",
                              "Startup Cost": 0.0,
                              "Total Cost": 42318.73,
                              "Plan Rows": 632073,
                              "Plan Width": 4,
                              "Actual Startup Time": 0.014,
                              "Actual Total Time": 58.935,
                              "Actual Rows": 421385,
                              "Actual Loops": 6
                            },
                            {
                              "Node Type": "Hash",
                              "Parent Relationship": "Inner",
                              "Parallel Aware": true,
                              "Startup Cost": 31414.82,
                              "Total Cost": 31414.82,
                              "Plan Rows": 140478,
                              "Plan Width": 4,
                              "Actual Startup Time": 76.514,
                              "Actual Total Time": 76.516,
                              "Actual Rows": 20063,
                              "Actual Loops": 6,
                              "Hash Buckets": 524288,
                              "Original Hash Buckets": 524288,
                              "Hash Batches": 1,
                              "Original Hash Batches": 1,
                              "Peak Memory Usage": 8896,
                              "Plans": [
                                {
                                  "Node Type": "Seq Scan",
                                  "Parent Relationship": "Outer",
                                  "Parallel Aware": true,
                                  "Relation Name": "movie_companies",
                                  "Alias": "mc",
                                  "Startup Cost": 0.0,
                                  "Total Cost": 31414.82,
                                  "Plan Rows": 140478,
                                  "Plan Width": 4,
                                  "Actual Startup Time": 20.683,
                                  "Actual Total Time": 62.229,
                                  "Actual Rows": 20063,
                                  "Actual Loops": 6,
                                  "Filter": "((company_id > 21464) AND (company_type_id = 1))",
                                  "Rows Removed by Filter": 414792
                                }
                              ]
                            }
                          ]
                        }
                      ]
                    }
                  ]
                }
              ]
            }
          ]
        }
      ]
    },
    "Planning Time": 1.476,
    "Triggers": [],
    "Execution Time": 879.266
  }
]