[
  {
    "Plan": {
      "Node Type": "Aggregate",
      "Strategy": "Plain",
      "Partial Mode": "Finalize",
      "Parallel Aware": false,
      "Startup Cost": 348258.93,
      "Total Cost": 348258.94,
      "Plan Rows": 1,
      "Plan Width": 8,
      "Actual Startup Time": 678.092,
      "Actual Total Time": 735.025,
      "Actual Rows": 1,
      "Actual Loops": 1,
      "Plans": [
        {
          "Node Type": "Gather",
          "Parent Relationship": "Outer",
          "Parallel Aware": false,
          "Startup Cost": 348258.3,
          "Total Cost": 348258.91,
          "Plan Rows": 6,
          "Plan Width": 8,
          "Actual Startup Time": 677.97,
          "Actual Total Time": 735.014,
          "Actual Rows": 7,
          "Actual Loops": 1,
          "Workers Planned": 6,
          "Workers Launched": 6,
          "Single Copy": false,
          "Plans": [
            {
              "Node Type": "Aggregate",
              "Strategy": "Plain",
              "Partial Mode": "Partial",
              "Parent Relationship": "Outer",
              "Parallel Aware": false,
              "Startup Cost": 347258.3,
              "Total Cost": 347258.31,
              "Plan Rows": 1,
              "Plan Width": 8,
              "Actual Startup Time": 669.579,
              "Actual Total Time": 669.58,
              "Actual Rows": 1,
              "Actual Loops": 7,
              "Plans": [
                {
                  "Node Type": "Seq Scan",
                  "Parent Relationship": "Outer",
                  "Parallel Aware": true,
                  "Relation Name": "cast_info",
                  "Alias": "ci",
                  "Startup Cost": 0.0,
                  "Total Cost": 343257.03,
                  "Plan Rows": 1600509,
                  "Plan Width": 0,
                  "Actual Startup Time": 235.318,
                  "Actual Total Time": 642.098,
                  "Actual Rows": 583213,
                  "Actual Loops": 7,
                  "Filter": "((person_id < 1443722) AND (role_id > 1))",
                  "Rows Removed by Filter": 4594550
                }
              ]
            }
          ]
        }
      ]
    },
    "Planning Time": 0.22,
    "Triggers": [],
    "Execution Time": 735.096
  }
]