[
  {
    "Plan": {
      "Node Type": "Aggregate",
      "Strategy": "Plain",
      "Partial Mode": "Finalize",
      "Parallel Aware": false,
      "Startup Cost": 62247.79,
      "Total Cost": 62247.8,
      "Plan Rows": 1,
      "Plan Width": 8,
      "Actual Startup Time": 262.417,
      "Actual Total Time": 290.971,
      "Actual Rows": 1,
      "Actual Loops": 1,
      "Plans": [
        {
          "Node Type": "Gather",
          "Parent Relationship": "Outer",
          "Parallel Aware": false,
          "Startup Cost": 62247.57,
          "Total Cost": 62247.78,
          "Plan Rows": 2,
          "Plan Width": 8,
          "Actual Startup Time": 261.753,
          "Actual Total Time": 290.958,
          "Actual Rows": 3,
          "Actual Loops": 1,
          "Workers Planned": 2,
          "Workers Launched": 2,
          "Single Copy": false,
          "Plans": [
            {
              "Node Type": "Aggregate",
              "Strategy": "Plain",
              "Partial Mode": "Partial",
              "Parent Relationship": "Outer",
              "Parallel Aware": false,
              "Startup Cost": 61247.57,
              "Total Cost": 61247.58,
              "Plan Rows": 1,
              "Plan Width": 8,
              "Actual Startup Time": 256.17,
              "Actual Total Time": 256.176,
              "Actual Rows": 1,
              "Actual Loops": 3,
              "Plans": [
                {
                  "Node Type": "Hash Join",
                  "Parent Relationship": "Outer",
                  "Parallel Aware": true,
                  "Join Type": "Inner",
                  "Startup Cost": 45609.29,
                  "Total Cost": 61239.64,
                  "Plan Rows": 3175,
                  "Plan Width": 0,
                  "Actual Startup Time": 194.595,
                  "Actual Total Time": 255.846,
                  "Actual Rows": 2860,
                  "Actual Loops": 3,
                  "Inner Unique": true,
                  "Hash Cond": "(mi_idx.movie_id = t.id)",
                  "Plans": [
                    {
                      "Node Type": "Seq Scan",
                      "Parent Relationship": "Outer",
                      "Parallel Aware": true,
                      "Relation Name": "movie_info_idx",
                      "Alias": "mi_idx",
                      "Startup Cost": 0.0,
                      "Total Cost": 15122.68,
                      "Plan Rows": 193397,
                      "Plan Width": 4,
                      "Actual Startup Time": 0.031,
                      "Actual Total Time": 69.24,
                      "Actual Rows": 153395,
                      "Actual Loops": 3,
                      "Filter": "(info_type_id > 100)",
                      "Rows Removed by Filter": 306617
                    },
                    {
                      "Node Type": "Hash",
                      "Parent Relationship": "Inner",
                      "Parallel Aware": true,
                      "Startup Cost": 45479.59,
                      "Total Cost": 45479.59,
                      "Plan Rows": 10376,
                      "Plan Width": 4,
                      "Actual Startup Time": 153.81,
                      "Actual Total Time": 153.812,
                      "Actual Rows": 12470,
                      "Actual Loops": 3,
                      "Hash Buckets": 65536,
                      "Original Hash Buckets": 65536,
                      "Hash Batches": 1,
                      "Original Hash Batches": 1,
                      "Peak Memory Usage": 2048,
                      "Plans": [
                        {
                          "Node Type": "Seq Scan",
                          "Parent Relationship": "Outer",
                          "Parallel Aware": true,
                          "Relation Name": "title",
                          "Alias": "t",
                          "Startup Cost": 0.0,
                          "Total Cost": 45479.59,
                          "Plan Rows": 10376,
                          "Plan Width": 4,
                          "Actual Startup Time": 78.844,
                          "Actual Total Time": 147.037,
                          "Actual Rows": 12470,
                          "Actual Loops": 3,
                          "Filter": "((kind_id = 1) AND (production_year = 2011))",
                          "Rows Removed by Filter": 830300
                        }
                      ]
                    }
                  ]
                }
              ]
            }
          ]
        }
      ]
    },
    "Planning Time": 0.453,
    "Triggers": [],
    "Execution Time": 291.026
  }
]