{
  "Plan": {
    "Node Type": "Aggregate",
    "Strategy": "Plain",
    "Partial Mode": "Finalize",
    "Parallel Aware": false,
    "Startup Cost": 662263.27,
    "Total Cost": 662263.28,
    "Plan Rows": 1,
    "Plan Width": 8,
    "Actual Startup Time": 3259.376,
    "Actual Total Time": 3327.755,
    "Actual Rows": 1,
    "Actual Loops": 1,
    "Plans": [
      {
        "Node Type": "Gather",
        "Parent Relationship": "Outer",
        "Parallel Aware": false,
        "Startup Cost": 662263.16,
        "Total Cost": 662263.27,
        "Plan Rows": 1,
        "Plan Width": 8,
        "Actual Startup Time": 3254.856,
        "Actual Total Time": 3327.747,
        "Actual Rows": 2,
        "Actual Loops": 1,
        "Workers Planned": 1,
        "Workers Launched": 1,
        "Single Copy": false,
        "Plans": [
          {
            "Node Type": "Aggregate",
            "Strategy": "Plain",
            "Partial Mode": "Partial",
            "Parent Relationship": "Outer",
            "Parallel Aware": false,
            "Startup Cost": 661263.16,
            "Total Cost": 661263.17,
            "Plan Rows": 1,
            "Plan Width": 8,
            "Actual Startup Time": 3248.778,
            "Actual Total Time": 3248.785,
            "Actual Rows": 1,
            "Actual Loops": 2,
            "Plans": [
              {
                "Node Type": "Hash Join",
                "Parent Relationship": "Outer",
                "Parallel Aware": true,
                "Join Type": "Inner",
                "Startup Cost": 92376.72,
                "Total Cost": 656519.23,
                "Plan Rows": 1897574,
                "Plan Width": 0,
                "Actual Startup Time": 1065.591,
                "Actual Total Time": 3142.897,
                "Actual Rows": 2583783,
                "Actual Loops": 2,
                "Inner Unique": false,
                "Hash Cond": "(ci.movie_id = t.id)",
                "Plans": [
                  {
                    "Node Type": "Seq Scan",
                    "Parent Relationship": "Outer",
                    "Parallel Aware": true,
                    "Relation Name": "cast_info",
                    "Alias": "ci",
                    "Startup Cost": 0.0,
                    "Total Cost": 519069.44,
                    "Plan Rows": 9042903,
                    "Plan Width": 4,
                    "Actual Startup Time": 482.692,
                    "Actual Total Time": 1372.779,
                    "Actual Rows": 7668200,
                    "Actual Loops": 2,
                    "Filter": "(person_id > 2107394)",
                    "Rows Removed by Filter": 10453972
                  },
                  {
                    "Node Type": "Hash",
                    "Parent Relationship": "Inner",
                    "Parallel Aware": true,
                    "Startup Cost": 88475.69,
                    "Total Cost": 88475.69,
                    "Plan Rows": 312082,
                    "Plan Width": 8,
                    "Actual Startup Time": 573.485,
                    "Actual Total Time": 573.489,
                    "Actual Rows": 190067,
                    "Actual Loops": 2,
                    "Hash Buckets": 1048576,
                    "Original Hash Buckets": 1048576,
                    "Hash Batches": 1,
                    "Original Hash Batches": 1,
                    "Peak Memory Usage": 23104,
                    "Plans": [
                      {
                        "Node Type": "Hash Join",
                        "Parent Relationship": "Outer",
                        "Parallel Aware": true,
                        "Join Type": "Inner",
                        "Startup Cost": 68964.44,
                        "Total Cost": 88475.69,
                        "Plan Rows": 312082,
                        "Plan Width": 8,
                        "Actual Startup Time": 368.674,
                        "Actual Total Time": 529.045,
                        "Actual Rows": 190067,
                        "Actual Loops": 2,
                        "Inner Unique": true,
                        "Hash Cond": "(mi_idx.movie_id = t.id)",
                        "Plans": [
                          {
                            "Node Type": "Seq Scan",
                            "Parent Relationship": "Outer",
                            "Parallel Aware": true,
                            "Relation Name": "movie_info_idx",
                            "Alias": "mi_idx",
                            "Startup Cost": 0.0,
                            "Total Cost": 18082.32,
                            "Plan Rows": 544356,
                            "Plan Width": 4,
                            "Actual Startup Time": 0.019,
                            "Actual Total Time": 60.621,
                            "Actual Rows": 460055,
                            "Actual Loops": 2,
                            "Filter": "(info_type_id > 99)",
                            "Rows Removed by Filter": 229962
                          },
                          {
                            "Node Type": "Hash",
                            "Parent Relationship": "Inner",
                            "Parallel Aware": true,
                            "Startup Cost": 58306.47,
                            "Total Cost": 58306.47,
                            "Plan Rows": 852638,
                            "Plan Width": 4,
                            "Actual Startup Time": 358.515,
                            "Actual Total Time": 358.516,
                            "Actual Rows": 714890,
                            "Actual Loops": 2,
                            "Hash Buckets": 2097152,
                            "Original Hash Buckets": 2097152,
                            "Hash Batches": 1,
                            "Original Hash Batches": 1,
                            "Peak Memory Usage": 72352,
                            "Plans": [
                              {
                                "Node Type": "Seq Scan",
                                "Parent Relationship": "Outer",
                                "Parallel Aware": true,
                                "Relation Name": "title",
                                "Alias": "t",
                                "Startup Cost": 0.0,
                                "Total Cost": 58306.47,
                                "Plan Rows": 852638,
                                "Plan Width": 4,
                                "Actual Startup Time": 0.036,
                                "Actual Total Time": 171.329,
                                "Actual Rows": 714890,
                                "Actual Loops": 2,
                                "Filter": "((kind_id > 2) AND (production_year < 2011))",
                                "Rows Removed by Filter": 549266
                              }
                            ]
                          }
                        ]
                      }
                    ]
                  }
                ]
              }
            ]
          }
        ]
      }
    ]
  },
  "Planning Time": 1.105,
  "Triggers": [],
  "Execution Time": 3327.853
}