[
  {
    "Plan": {
      "Node Type": "Aggregate",
      "Strategy": "Plain",
      "Partial Mode": "Finalize",
      "Parallel Aware": false,
      "Startup Cost": 46381.84,
      "Total Cost": 46381.85,
      "Plan Rows": 1,
      "Plan Width": 8,
      "Actual Startup Time": 171.275,
      "Actual Total Time": 189.486,
      "Actual Rows": 1,
      "Actual Loops": 1,
      "Plans": [
        {
          "Node Type": "Gather",
          "Parent Relationship": "Outer",
          "Parallel Aware": false,
          "Startup Cost": 46381.42,
          "Total Cost": 46381.83,
          "Plan Rows": 4,
          "Plan Width": 8,
          "Actual Startup Time": 171.052,
          "Actual Total Time": 189.472,
          "Actual Rows": 5,
          "Actual Loops": 1,
          "Workers Planned": 4,
          "Workers Launched": 4,
          "Single Copy": false,
          "Plans": [
            {
              "Node Type": "Aggregate",
              "Strategy": "Plain",
              "Partial Mode": "Partial",
              "Parent Relationship": "Outer",
              "Parallel Aware": false,
              "Startup Cost": 45381.42,
              "Total Cost": 45381.43,
              "Plan Rows": 1,
              "Plan Width": 8,
              "Actual Startup Time": 163.88,
              "Actual Total Time": 163.882,
              "Actual Rows": 1,
              "Actual Loops": 5,
              "Plans": [
                {
                  "Node Type": "Seq Scan",
                  "Parent Relationship": "Outer",
                  "Parallel Aware": true,
                  "Relation Name": "title",
                  "Alias": "t",
                  "Startup Cost": 0.0,
                  "Total Cost": 43899.32,
                  "Plan Rows": 592838,
                  "Plan Width": 0,
                  "Actual Startup Time": 0.051,
                  "Actual Total Time": 132.056,
                  "Actual Rows": 474192,
                  "Actual Loops": 5,
                  "Filter": "(production_year > 1919)",
                  "Rows Removed by Filter": 31471
                }
              ]
            }
          ]
        }
      ]
    },
    "Planning Time": 0.124,
    "Triggers": [],
    "Execution Time": 189.54
  }
]