[
  {
    "Plan": {
      "Node Type": "Aggregate",
      "Strategy": "Plain",
      "Partial Mode": "Finalize",
      "Parallel Aware": false,
      "Startup Cost": 31901.9,
      "Total Cost": 31901.91,
      "Plan Rows": 1,
      "Plan Width": 8,
      "Actual Startup Time": 120.57,
      "Actual Total Time": 129.003,
      "Actual Rows": 1,
      "Actual Loops": 1,
      "Plans": [
        {
          "Node Type": "Gather",
          "Parent Relationship": "Outer",
          "Parallel Aware": false,
          "Startup Cost": 31901.58,
          "Total Cost": 31901.89,
          "Plan Rows": 3,
          "Plan Width": 8,
          "Actual Startup Time": 120.454,
          "Actual Total Time": 128.995,
          "Actual Rows": 4,
          "Actual Loops": 1,
          "Workers Planned": 3,
          "Workers Launched": 3,
          "Single Copy": false,
          "Plans": [
            {
              "Node Type": "Aggregate",
              "Strategy": "Plain",
              "Partial Mode": "Partial",
              "Parent Relationship": "Outer",
              "Parallel Aware": false,
              "Startup Cost": 30901.58,
              "Total Cost": 30901.59,
              "Plan Rows": 1,
              "Plan Width": 8,
              "Actual Startup Time": 113.386,
              "Actual Total Time": 113.387,
              "Actual Rows": 1,
              "Actual Loops": 4,
              "Plans": [
                {
                  "Node Type": "Seq Scan",
                  "Parent Relationship": "Outer",
                  "Parallel Aware": true,
                  "Relation Name": "movie_companies",
                  "Alias": "mc",
                  "Startup Cost": 0.0,
                  "Total Cost": 29310.68,
                  "Plan Rows": 636360,
                  "Plan Width": 0,
                  "Actual Startup Time": 0.051,
                  "Actual Total Time": 87.019,
                  "Actual Rows": 490027,
                  "Actual Loops": 4,
                  "Filter": "(company_id < 55011)",
                  "Rows Removed by Filter": 162256
                }
              ]
            }
          ]
        }
      ]
    },
    "Planning Time": 0.217,
    "Triggers": [],
    "Execution Time": 129.068
  }
]