[
  {
    "Plan": {
      "Node Type": "Aggregate",
      "Strategy": "Plain",
      "Partial Mode": "Finalize",
      "Parallel Aware": false,
      "Startup Cost": 47324.93,
      "Total Cost": 47324.94,
      "Plan Rows": 1,
      "Plan Width": 8,
      "Actual Startup Time": 156.897,
      "Actual Total Time": 164.874,
      "Actual Rows": 1,
      "Actual Loops": 1,
      "Plans": [
        {
          "Node Type": "Gather",
          "Parent Relationship": "Outer",
          "Parallel Aware": false,
          "Startup Cost": 47324.61,
          "Total Cost": 47324.92,
          "Plan Rows": 3,
          "Plan Width": 8,
          "Actual Startup Time": 156.81,
          "Actual Total Time": 164.868,
          "Actual Rows": 4,
          "Actual Loops": 1,
          "Workers Planned": 3,
          "Workers Launched": 3,
          "Single Copy": false,
          "Plans": [
            {
              "Node Type": "Aggregate",
              "Strategy": "Plain",
              "Partial Mode": "Partial",
              "Parent Relationship": "Outer",
              "Parallel Aware": false,
              "Startup Cost": 46324.61,
              "Total Cost": 46324.62,
              "Plan Rows": 1,
              "Plan Width": 8,
              "Actual Startup Time": 154.015,
              "Actual Total Time": 154.016,
              "Actual Rows": 1,
              "Actual Loops": 4,
              "Plans": [
                {
                  "Node Type": "Seq Scan",
                  "Parent Relationship": "Outer",
                  "Parallel Aware": true,
                  "Relation Name": "movie_keyword",
                  "Alias": "mk",
                  "Startup Cost": 0.0,
                  "Total Cost": 42695.65,
                  "Plan Rows": 1451583,
                  "Plan Width": 0,
                  "Actual Startup Time": 0.016,
                  "Actual Total Time": 106.448,
                  "Actual Rows": 1125922,
                  "Actual Loops": 4,
                  "Filter": "(keyword_id < 117174)",
                  "Rows Removed by Filter": 5060
                }
              ]
            }
          ]
        }
      ]
    },
    "Planning Time": 0.114,
    "Triggers": [],
    "Execution Time": 164.902
  }
]