[
  {
    "Plan": {
      "Node Type": "Aggregate",
      "Strategy": "Plain",
      "Partial Mode": "Finalize",
      "Parallel Aware": false,
      "Startup Cost": 47326.39,
      "Total Cost": 47326.4,
      "Plan Rows": 1,
      "Plan Width": 8,
      "Actual Startup Time": 202.964,
      "Actual Total Time": 213.271,
      "Actual Rows": 1,
      "Actual Loops": 1,
      "Plans": [
        {
          "Node Type": "Gather",
          "Parent Relationship": "Outer",
          "Parallel Aware": false,
          "Startup Cost": 47326.07,
          "Total Cost": 47326.38,
          "Plan Rows": 3,
          "Plan Width": 8,
          "Actual Startup Time": 202.843,
          "Actual Total Time": 213.258,
          "Actual Rows": 4,
          "Actual Loops": 1,
          "Workers Planned": 3,
          "Workers Launched": 3,
          "Single Copy": false,
          "Plans": [
            {
              "Node Type": "Aggregate",
              "Strategy": "Plain",
              "Partial Mode": "Partial",
              "Parent Relationship": "Outer",
              "Parallel Aware": false,
              "Startup Cost": 46326.07,
              "Total Cost": 46326.08,
              "Plan Rows": 1,
              "Plan Width": 8,
              "Actual Startup Time": 196.149,
              "Actual Total Time": 196.151,
              "Actual Rows": 1,
              "Actual Loops": 4,
              "Plans": [
                {
                  "Node Type": "Seq Scan",
                  "Parent Relationship": "Outer",
                  "Parallel Aware": true,
                  "Relation Name": "movie_keyword",
                  "Alias": "mk",
                  "Startup Cost": 0.0,
                  "Total Cost": 42695.65,
                  "Plan Rows": 1452166,
                  "Plan Width": 0,
                  "Actual Startup Time": 0.055,
                  "Actual Total Time": 140.228,
                  "Actual Rows": 1125922,
                  "Actual Loops": 4,
                  "Filter": "(keyword_id < 117174)",
                  "Rows Removed by Filter": 5060
                }
              ]
            }
          ]
        }
      ]
    },
    "Planning Time": 0.249,
    "Triggers": [],
    "Execution Time": 213.316
  }
]