{
  "Plan": {
    "Node Type": "Aggregate",
    "Strategy": "Plain",
    "Partial Mode": "Finalize",
    "Parallel Aware": false,
    "Startup Cost": 92988.14,
    "Total Cost": 92988.15,
    "Plan Rows": 1,
    "Plan Width": 8,
    "Actual Startup Time": 260.291,
    "Actual Total Time": 277.675,
    "Actual Rows": 1,
    "Actual Loops": 1,
    "Plans": [
      {
        "Node Type": "Gather",
        "Parent Relationship": "Outer",
        "Parallel Aware": false,
        "Startup Cost": 92988.02,
        "Total Cost": 92988.13,
        "Plan Rows": 1,
        "Plan Width": 8,
        "Actual Startup Time": 259.881,
        "Actual Total Time": 277.667,
        "Actual Rows": 2,
        "Actual Loops": 1,
        "Workers Planned": 1,
        "Workers Launched": 1,
        "Single Copy": false,
        "Plans": [
          {
            "Node Type": "Aggregate",
            "Strategy": "Plain",
            "Partial Mode": "Partial",
            "Parent Relationship": "Outer",
            "Parallel Aware": false,
            "Startup Cost": 91988.02,
            "Total Cost": 91988.03,
            "Plan Rows": 1,
            "Plan Width": 8,
            "Actual Startup Time": 253.758,
            "Actual Total Time": 253.762,
            "Actual Rows": 1,
            "Actual Loops": 2,
            "Plans": [
              {
                "Node Type": "Hash Join",
                "Parent Relationship": "Outer",
                "Parallel Aware": true,
                "Join Type": "Inner",
                "Startup Cost": 63739.88,
                "Total Cost": 91984.2,
                "Plan Rows": 1529,
                "Plan Width": 0,
                "Actual Startup Time": 164.185,
                "Actual Total Time": 253.61,
                "Actual Rows": 1622,
                "Actual Loops": 2,
                "Inner Unique": true,
                "Hash Cond": "(mk.movie_id = t.id)",
                "Plans": [
                  {
                    "Node Type": "Bitmap Heap Scan",
                    "Parent Relationship": "Outer",
                    "Parallel Aware": true,
                    "Relation Name": "movie_keyword",
                    "Alias": "mk",
                    "Startup Cost": 9038.09,
                    "Total Cost": 36624.59,
                    "Plan Rows": 250600,
                    "Plan Width": 4,
                    "Actual Startup Time": 27.373,
                    "Actual Total Time": 93.588,
                    "Actual Rows": 221266,
                    "Actual Loops": 2,
                    "Recheck Cond": "(keyword_id < 347)",
                    "Rows Removed by Index Recheck": 0,
                    "Exact Heap Blocks": 13014,
                    "Lossy Heap Blocks": 0,
                    "Plans": [
                      {
                        "Node Type": "Bitmap Index Scan",
                        "Parent Relationship": "Outer",
                        "Parallel Aware": false,
                        "Index Name": "keyword_id_movie_keyword",
                        "Startup Cost": 0.0,
                        "Total Cost": 8931.58,
                        "Plan Rows": 426020,
                        "Plan Width": 0,
                        "Actual Startup Time": 23.762,
                        "Actual Total Time": 23.762,
                        "Actual Rows": 442531,
                        "Actual Loops": 1,
                        "Index Cond": "(keyword_id < 347)"
                      }
                    ]
                  },
                  {
                    "Node Type": "Hash",
                    "Parent Relationship": "Inner",
                    "Parallel Aware": true,
                    "Startup Cost": 54588.39,
                    "Total Cost": 54588.39,
                    "Plan Rows": 9072,
                    "Plan Width": 4,
                    "Actual Startup Time": 135.657,
                    "Actual Total Time": 135.658,
                    "Actual Rows": 7221,
                    "Actual Loops": 2,
                    "Hash Buckets": 16384,
                    "Original Hash Buckets": 16384,
                    "Hash Batches": 1,
                    "Original Hash Batches": 1,
                    "Peak Memory Usage": 736,
                    "Plans": [
                      {
                        "Node Type": "Seq Scan",
                        "Parent Relationship": "Outer",
                        "Parallel Aware": true,
                        "Relation Name": "title",
                        "Alias": "t",
                        "Startup Cost": 0.0,
                        "Total Cost": 54588.39,
                        "Plan Rows": 9072,
                        "Plan Width": 4,
                        "Actual Startup Time": 0.152,
                        "Actual Total Time": 133.112,
                        "Actual Rows": 7221,
                        "Actual Loops": 2,
                        "Filter": "(production_year = 1971)",
                        "Rows Removed by Filter": 1256935
                      }
                    ]
                  }
                ]
              }
            ]
          }
        ]
      }
    ]
  },
  "Planning Time": 0.414,
  "Triggers": [],
  "Execution Time": 277.777
}