[
  {
    "Plan": {
      "Node Type": "Aggregate",
      "Strategy": "Plain",
      "Partial Mode": "Finalize",
      "Parallel Aware": false,
      "Startup Cost": 44770.53,
      "Total Cost": 44770.54,
      "Plan Rows": 1,
      "Plan Width": 8,
      "Actual Startup Time": 137.112,
      "Actual Total Time": 147.437,
      "Actual Rows": 1,
      "Actual Loops": 1,
      "Plans": [
        {
          "Node Type": "Gather",
          "Parent Relationship": "Outer",
          "Parallel Aware": false,
          "Startup Cost": 44770.21,
          "Total Cost": 44770.52,
          "Plan Rows": 3,
          "Plan Width": 8,
          "Actual Startup Time": 136.817,
          "Actual Total Time": 147.418,
          "Actual Rows": 4,
          "Actual Loops": 1,
          "Workers Planned": 3,
          "Workers Launched": 3,
          "Single Copy": false,
          "Plans": [
            {
              "Node Type": "Aggregate",
              "Strategy": "Plain",
              "Partial Mode": "Partial",
              "Parent Relationship": "Outer",
              "Parallel Aware": false,
              "Startup Cost": 43770.21,
              "Total Cost": 43770.22,
              "Plan Rows": 1,
              "Plan Width": 8,
              "Actual Startup Time": 131.326,
              "Actual Total Time": 131.328,
              "Actual Rows": 1,
              "Actual Loops": 4,
              "Plans": [
                {
                  "Node Type": "Seq Scan",
                  "Parent Relationship": "Outer",
                  "Parallel Aware": true,
                  "Relation Name": "movie_keyword",
                  "Alias": "mk",
                  "Startup Cost": 0.0,
                  "Total Cost": 42695.65,
                  "Plan Rows": 429824,
                  "Plan Width": 0,
                  "Actual Startup Time": 0.041,
                  "Actual Total Time": 113.336,
                  "Actual Rows": 334977,
                  "Actual Loops": 4,
                  "Filter": "(keyword_id < 1748)",
                  "Rows Removed by Filter": 796005
                }
              ]
            }
          ]
        }
      ]
    },
    "Planning Time": 0.104,
    "Triggers": [],
    "Execution Time": 147.493
  }
]