[
  {
    "Plan": {
      "Node Type": "Aggregate",
      "Strategy": "Plain",
      "Partial Mode": "Finalize",
      "Parallel Aware": false,
      "Startup Cost": 339651.71,
      "Total Cost": 339651.72,
      "Plan Rows": 1,
      "Plan Width": 8,
      "Actual Startup Time": 838.698,
      "Actual Total Time": 884.978,
      "Actual Rows": 1,
      "Actual Loops": 1,
      "Plans": [
        {
          "Node Type": "Gather",
          "Parent Relationship": "Outer",
          "Parallel Aware": false,
          "Startup Cost": 339651.08,
          "Total Cost": 339651.69,
          "Plan Rows": 6,
          "Plan Width": 8,
          "Actual Startup Time": 838.51,
          "Actual Total Time": 884.966,
          "Actual Rows": 7,
          "Actual Loops": 1,
          "Workers Planned": 6,
          "Workers Launched": 6,
          "Single Copy": false,
          "Plans": [
            {
              "Node Type": "Aggregate",
              "Strategy": "Plain",
              "Partial Mode": "Partial",
              "Parent Relationship": "Outer",
              "Parallel Aware": false,
              "Startup Cost": 338651.08,
              "Total Cost": 338651.09,
              "Plan Rows": 1,
              "Plan Width": 8,
              "Actual Startup Time": 829.504,
              "Actual Total Time": 829.505,
              "Actual Rows": 1,
              "Actual Loops": 7,
              "Plans": [
                {
                  "Node Type": "Seq Scan",
                  "Parent Relationship": "Outer",
                  "Parallel Aware": true,
                  "Relation Name": "cast_info",
                  "Alias": "ci",
                  "Startup Cost": 0.0,
                  "Total Cost": 328211.39,
                  "Plan Rows": 4175876,
                  "Plan Width": 0,
                  "Actual Startup Time": 137.945,
                  "Actual Total Time": 650.071,
                  "Actual Rows": 3565986,
                  "Actual Loops": 7,
                  "Filter": "(person_id > 1107762)",
                  "Rows Removed by Filter": 1611777
                }
              ]
            }
          ]
        }
      ]
    },
    "Planning Time": 0.067,
    "Triggers": [],
    "Execution Time": 885.02
  }
]