[
  {
    "Plan": {
      "Node Type": "Aggregate",
      "Strategy": "Plain",
      "Partial Mode": "Finalize",
      "Parallel Aware": false,
      "Startup Cost": 80422.72,
      "Total Cost": 80422.73,
      "Plan Rows": 1,
      "Plan Width": 8,
      "Actual Startup Time": 530.843,
      "Actual Total Time": 558.104,
      "Actual Rows": 1,
      "Actual Loops": 1,
      "Plans": [
        {
          "Node Type": "Gather",
          "Parent Relationship": "Outer",
          "Parallel Aware": false,
          "Startup Cost": 80422.41,
          "Total Cost": 80422.72,
          "Plan Rows": 3,
          "Plan Width": 8,
          "Actual Startup Time": 513.075,
          "Actual Total Time": 558.093,
          "Actual Rows": 4,
          "Actual Loops": 1,
          "Workers Planned": 3,
          "Workers Launched": 3,
          "Single Copy": false,
          "Plans": [
            {
              "Node Type": "Aggregate",
              "Strategy": "Plain",
              "Partial Mode": "Partial",
              "Parent Relationship": "Outer",
              "Parallel Aware": false,
              "Startup Cost": 79422.41,
              "Total Cost": 79422.42,
              "Plan Rows": 1,
              "Plan Width": 8,
              "Actual Startup Time": 494.974,
              "Actual Total Time": 494.979,
              "Actual Rows": 1,
              "Actual Loops": 4,
              "Plans": [
                {
                  "Node Type": "Hash Join",
                  "Parent Relationship": "Outer",
                  "Parallel Aware": true,
                  "Join Type": "Inner",
                  "Startup Cost": 53964.82,
                  "Total Cost": 79280.05,
                  "Plan Rows": 56941,
                  "Plan Width": 0,
                  "Actual Startup Time": 416.597,
                  "Actual Total Time": 491.539,
                  "Actual Rows": 44179,
                  "Actual Loops": 4,
                  "Inner Unique": true,
                  "Hash Cond": "(mk.movie_id = t.id)",
                  "Plans": [
                    {
                      "Node Type": "Bitmap Heap Scan",
                      "Parent Relationship": "Outer",
                      "Parallel Aware": true,
                      "Relation Name": "movie_keyword",
                      "Alias": "mk",
                      "Startup Cost": 3744.44,
                      "Total Cost": 28910.2,
                      "Plan Rows": 56941,
                      "Plan Width": 4,
                      "Actual Startup Time": 21.425,
                      "Actual Total Time": 72.493,
                      "Actual Rows": 44179,
                      "Actual Loops": 4,
                      "Recheck Cond": "(keyword_id > 71756)",
                      "Rows Removed by Index Recheck": 0,
                      "Exact Heap Blocks": 7157,
                      "Lossy Heap Blocks": 0,
                      "Plans": [
                        {
                          "Node Type": "Bitmap Index Scan",
                          "Parent Relationship": "Outer",
                          "Parallel Aware": false,
                          "Index Name": "keyword_id_movie_keyword",
                          "Startup Cost": 0.0,
                          "Total Cost": 3700.31,
                          "Plan Rows": 176517,
                          "Plan Width": 0,
                          "Actual Startup Time": 16.717,
                          "Actual Total Time": 16.718,
                          "Actual Rows": 176715,
                          "Actual Loops": 1,
                          "Index Cond": "(keyword_id > 71756)"
                        }
                      ]
                    },
                    {
                      "Node Type": "Hash",
                      "Parent Relationship": "Inner",
                      "Parallel Aware": true,
                      "Startup Cost": 42319.06,
                      "Total Cost": 42319.06,
                      "Plan Rows": 632106,
                      "Plan Width": 4,
                      "Actual Startup Time": 383.438,
                      "Actual Total Time": 383.439,
                      "Actual Rows": 632078,
                      "Actual Loops": 4,
                      "Hash Buckets": 4194304,
                      "Original Hash Buckets": 4194304,
                      "Hash Batches": 1,
                      "Original Hash Batches": 1,
                      "Peak Memory Usage": 131776,
                      "Plans": [
                        {
                          "Node Type": "Seq Scan",
                          "Parent Relationship": "Outer",
                          "Parallel Aware": true,
                          "Relation Name": "title",
                          "Alias": "t",
                          "Startup Cost": 0.0,
                          "Total Cost": 42319.06,
                          "Plan Rows": 632106,
                          "Plan Width": 4,
                          "Actual Startup Time": 0.048,
                          "Actual Total Time": 113.83,
                          "Actual Rows": 632078,
                          "Actual Loops": 4
                        }
                      ]
                    }
                  ]
                }
              ]
            }
          ]
        }
      ]
    },
    "Planning Time": 0.661,
    "Triggers": [],
    "Execution Time": 558.198
  }
]