[
  {
    "Plan": {
      "Node Type": "Aggregate",
      "Strategy": "Plain",
      "Partial Mode": "Finalize",
      "Parallel Aware": false,
      "Startup Cost": 689879.92,
      "Total Cost": 689879.93,
      "Plan Rows": 1,
      "Plan Width": 8,
      "Actual Startup Time": 6681.442,
      "Actual Total Time": 6778.6,
      "Actual Rows": 1,
      "Actual Loops": 1,
      "Plans": [
        {
          "Node Type": "Gather",
          "Parent Relationship": "Outer",
          "Parallel Aware": false,
          "Startup Cost": 689879.3,
          "Total Cost": 689879.91,
          "Plan Rows": 6,
          "Plan Width": 8,
          "Actual Startup Time": 6571.237,
          "Actual Total Time": 6778.587,
          "Actual Rows": 7,
          "Actual Loops": 1,
          "Workers Planned": 6,
          "Workers Launched": 6,
          "Single Copy": false,
          "Plans": [
            {
              "Node Type": "Aggregate",
              "Strategy": "Plain",
              "Partial Mode": "Partial",
              "Parent Relationship": "Outer",
              "Parallel Aware": false,
              "Startup Cost": 688879.3,
              "Total Cost": 688879.31,
              "Plan Rows": 1,
              "Plan Width": 8,
              "Actual Startup Time": 6533.656,
              "Actual Total Time": 6535.039,
              "Actual Rows": 1,
              "Actual Loops": 7,
              "Plans": [
                {
                  "Node Type": "Hash Join",
                  "Parent Relationship": "Outer",
                  "Parallel Aware": true,
                  "Join Type": "Inner",
                  "Startup Cost": 277897.19,
                  "Total Cost": 659854.08,
                  "Plan Rows": 11610086,
                  "Plan Width": 0,
                  "Actual Startup Time": 1537.552,
                  "Actual Total Time": 5758.922,
                  "Actual Rows": 18835818,
                  "Actual Loops": 7,
                  "Inner Unique": false,
                  "Hash Cond": "(ci.movie_id = t.id)",
                  "Plans": [
                    {
                      "Node Type": "Seq Scan",
                      "Parent Relationship": "Outer",
                      "Parallel Aware": true,
                      "Relation Name": "cast_info",
                      "Alias": "ci",
                      "Startup Cost": 0.0,
                      "Total Cost": 343318.94,
                      "Plan Rows": 3083554,
                      "Plan Width": 4,
                      "Actual Startup Time": 0.027,
                      "Actual Total Time": 633.444,
                      "Actual Rows": 2874666,
                      "Actual Loops": 7,
                      "Filter": "((person_id < 3476391) AND (role_id < 3))",
                      "Rows Removed by Filter": 2303098
                    },
                    {
                      "Node Type": "Hash",
                      "Parent Relationship": "Inner",
                      "Parallel Aware": true,
                      "Startup Cost": 254098.32,
                      "Total Cost": 254098.32,
                      "Plan Rows": 1903910,
                      "Plan Width": 8,
                      "Actual Startup Time": 1522.278,
                      "Actual Total Time": 1523.659,
                      "Actual Rows": 1366450,
                      "Actual Loops": 7,
                      "Hash Buckets": 16777216,
                      "Original Hash Buckets": 16777216,
                      "Hash Batches": 1,
                      "Original Hash Batches": 1,
                      "Peak Memory Usage": 505376,
                      "Plans": [
                        {
                          "Node Type": "Hash Join",
                          "Parent Relationship": "Outer",
                          "Parallel Aware": true,
                          "Join Type": "Inner",
                          "Startup Cost": 50219.81,
                          "Total Cost": 254098.32,
                          "Plan Rows": 1903910,
                          "Plan Width": 8,
                          "Actual Startup Time": 224.212,
                          "Actual Total Time": 992.818,
                          "Actual Rows": 1366450,
                          "Actual Loops": 7,
                          "Inner Unique": true,
                          "Hash Cond": "(mi.movie_id = t.id)",
                          "Plans": [
                            {
                              "Node Type": "Seq Scan",
                              "Parent Relationship": "Outer",
                              "Parallel Aware": true,
                              "Relation Name": "movie_info",
                              "Alias": "mi",
                              "Startup Cost": 0.0,
                              "Total Cost": 198880.74,
                              "Plan Rows": 1903910,
                              "Plan Width": 4,
                              "Actual Startup Time": 0.026,
                              "Actual Total Time": 305.341,
                              "Actual Rows": 1366450,
                              "Actual Loops": 7,
                              "Filter": "(info_type_id < 16)",
                              "Rows Removed by Filter": 752938
                            },
                            {
                              "Node Type": "Hash",
                              "Parent Relationship": "Inner",
                              "Parallel Aware": true,
                              "Startup Cost": 42318.81,
                              "Total Cost": 42318.81,
                              "Plan Rows": 632080,
                              "Plan Width": 4,
                              "Actual Startup Time": 220.789,
                              "Actual Total Time": 220.79,
                              "Actual Rows": 361187,
                              "Actual Loops": 7,
                              "Hash Buckets": 4194304,
                              "Original Hash Buckets": 4194304,
                              "Hash Batches": 1,
                              "Original Hash Batches": 1,
                              "Peak Memory Usage": 131808,
                              "Plans": [
                                {
                                  "Node Type": "Seq Scan",
                                  "Parent Relationship": "Outer",
                                  "Parallel Aware": true,
                                  "Relation Name": "title",
                                  "Alias": "t",
                                  "Startup Cost": 0.0,
                                  "Total Cost": 42318.81,
                                  "Plan Rows": 632080,
                                  "Plan Width": 4,
                                  "Actual Startup Time": 0.048,
                                  "Actual Total Time": 64.065,
                                  "Actual Rows": 361187,
                                  "Actual Loops": 7
                                }
                              ]
                            }
                          ]
                        }
                      ]
                    }
                  ]
                }
              ]
            }
          ]
        }
      ]
    },
    "Planning Time": 0.832,
    "Triggers": [],
    "Execution Time": 6778.658
  }
]