[
  {
    "Plan": {
      "Node Type": "Aggregate",
      "Strategy": "Plain",
      "Partial Mode": "Finalize",
      "Parallel Aware": false,
      "Startup Cost": 366550.26,
      "Total Cost": 366550.27,
      "Plan Rows": 1,
      "Plan Width": 8,
      "Actual Startup Time": 1482.802,
      "Actual Total Time": 1538.986,
      "Actual Rows": 1,
      "Actual Loops": 1,
      "Plans": [
        {
          "Node Type": "Gather",
          "Parent Relationship": "Outer",
          "Parallel Aware": false,
          "Startup Cost": 366549.73,
          "Total Cost": 366550.24,
          "Plan Rows": 5,
          "Plan Width": 8,
          "Actual Startup Time": 1469.412,
          "Actual Total Time": 1538.974,
          "Actual Rows": 6,
          "Actual Loops": 1,
          "Workers Planned": 5,
          "Workers Launched": 5,
          "Single Copy": false,
          "Plans": [
            {
              "Node Type": "Aggregate",
              "Strategy": "Plain",
              "Partial Mode": "Partial",
              "Parent Relationship": "Outer",
              "Parallel Aware": false,
              "Startup Cost": 365549.73,
              "Total Cost": 365549.74,
              "Plan Rows": 1,
              "Plan Width": 8,
              "Actual Startup Time": 1455.978,
              "Actual Total Time": 1456.586,
              "Actual Rows": 1,
              "Actual Loops": 6,
              "Plans": [
                {
                  "Node Type": "Hash Join",
                  "Parent Relationship": "Outer",
                  "Parallel Aware": true,
                  "Join Type": "Inner",
                  "Startup Cost": 254854.62,
                  "Total Cost": 364130.72,
                  "Plan Rows": 567604,
                  "Plan Width": 0,
                  "Actual Startup Time": 899.875,
                  "Actual Total Time": 1398.127,
                  "Actual Rows": 1225070,
                  "Actual Loops": 6,
                  "Inner Unique": false,
                  "Hash Cond": "(ci.movie_id = t.id)",
                  "Plans": [
                    {
                      "Node Type": "Index Scan",
                      "Parent Relationship": "Outer",
                      "Parallel Aware": true,
                      "Scan Direction": "Forward",
                      "Index Name": "role_id_cast_info",
                      "Relation Name": "cast_info",
                      "Alias": "ci",
                      "Startup Cost": 0.56,
                      "Total Cost": 105195.1,
                      "Plan Rows": 785695,
                      "Plan Width": 4,
                      "Actual Startup Time": 0.274,
                      "Actual Total Time": 140.221,
                      "Actual Rows": 668006,
                      "Actual Loops": 6,
                      "Index Cond": "(role_id = 3)",
                      "Rows Removed by Index Recheck": 0
                    },
                    {
                      "Node Type": "Hash",
                      "Parent Relationship": "Inner",
                      "Parallel Aware": true,
                      "Startup Cost": 250287.58,
                      "Total Cost": 250287.58,
                      "Plan Rows": 365318,
                      "Plan Width": 8,
                      "Actual Startup Time": 894.075,
                      "Actual Total Time": 894.681,
                      "Actual Rows": 310939,
                      "Actual Loops": 6,
                      "Hash Buckets": 2097152,
                      "Original Hash Buckets": 2097152,
                      "Hash Batches": 1,
                      "Original Hash Batches": 1,
                      "Peak Memory Usage": 89440,
                      "Plans": [
                        {
                          "Node Type": "Hash Join",
                          "Parent Relationship": "Outer",
                          "Parallel Aware": true,
                          "Join Type": "Inner",
                          "Startup Cost": 50220.38,
                          "Total Cost": 250287.58,
                          "Plan Rows": 365318,
                          "Plan Width": 8,
                          "Actual Startup Time": 329.454,
                          "Actual Total Time": 767.232,
                          "Actual Rows": 310939,
                          "Actual Loops": 6,
                          "Inner Unique": true,
                          "Hash Cond": "(mi.movie_id = t.id)",
                          "Plans": [
                            {
                              "Node Type": "Seq Scan",
                              "Parent Relationship": "Outer",
                              "Parallel Aware": true,
                              "Relation Name": "movie_info",
                              "Alias": "mi",
                              "Startup Cost": 0.0,
                              "Total Cost": 199108.24,
                              "Plan Rows": 365318,
                              "Plan Width": 4,
                              "Actual Startup Time": 17.181,
                              "Actual Total Time": 333.92,
                              "Actual Rows": 310939,
                              "Actual Loops": 6,
                              "Filter": "(info_type_id > 17)",
                              "Rows Removed by Filter": 2161681
                            },
                            {
                              "Node Type": "Hash",
                              "Parent Relationship": "Inner",
                              "Parallel Aware": true,
                              "Startup Cost": 42319.06,
                              "Total Cost": 42319.06,
                              "Plan Rows": 632106,
                              "Plan Width": 4,
                              "Actual Startup Time": 305.92,
                              "Actual Total Time": 305.921,
                              "Actual Rows": 421385,
                              "Actual Loops": 6,
                              "Hash Buckets": 4194304,
                              "Original Hash Buckets": 4194304,
                              "Hash Batches": 1,
                              "Original Hash Batches": 1,
                              "Peak Memory Usage": 131776,
                              "Plans": [
                                {
                                  "Node Type": "Seq Scan",
                                  "Parent Relationship": "Outer",
                                  "Parallel Aware": true,
                                  "Relation Name": "title",
                                  "Alias": "t",
                                  "Startup Cost": 0.0,
                                  "Total Cost": 42319.06,
                                  "Plan Rows": 632106,
                                  "Plan Width": 4,
                                  "Actual Startup Time": 0.06,
                                  "Actual Total Time": 84.565,
                                  "Actual Rows": 421385,
                                  "Actual Loops": 6
                                }
                              ]
                            }
                          ]
                        }
                      ]
                    }
                  ]
                }
              ]
            }
          ]
        }
      ]
    },
    "Planning Time": 1.205,
    "Triggers": [],
    "Execution Time": 1539.075
  }
]