[
  {
    "Plan": {
      "Node Type": "Aggregate",
      "Strategy": "Plain",
      "Partial Mode": "Finalize",
      "Parallel Aware": false,
      "Startup Cost": 25115.32,
      "Total Cost": 25115.33,
      "Plan Rows": 1,
      "Plan Width": 8,
      "Actual Startup Time": 22.822,
      "Actual Total Time": 27.817,
      "Actual Rows": 1,
      "Actual Loops": 1,
      "Plans": [
        {
          "Node Type": "Gather",
          "Parent Relationship": "Outer",
          "Parallel Aware": false,
          "Startup Cost": 25115.1,
          "Total Cost": 25115.31,
          "Plan Rows": 2,
          "Plan Width": 8,
          "Actual Startup Time": 22.594,
          "Actual Total Time": 27.811,
          "Actual Rows": 3,
          "Actual Loops": 1,
          "Workers Planned": 2,
          "Workers Launched": 2,
          "Single Copy": false,
          "Plans": [
            {
              "Node Type": "Aggregate",
              "Strategy": "Plain",
              "Partial Mode": "Partial",
              "Parent Relationship": "Outer",
              "Parallel Aware": false,
              "Startup Cost": 24115.1,
              "Total Cost": 24115.11,
              "Plan Rows": 1,
              "Plan Width": 8,
              "Actual Startup Time": 18.727,
              "Actual Total Time": 18.729,
              "Actual Rows": 1,
              "Actual Loops": 3,
              "Plans": [
                {
                  "Node Type": "Nested Loop",
                  "Parent Relationship": "Outer",
                  "Parallel Aware": false,
                  "Join Type": "Inner",
                  "Startup Cost": 88.3,
                  "Total Cost": 24114.65,
                  "Plan Rows": 181,
                  "Plan Width": 0,
                  "Actual Startup Time": 0.529,
                  "Actual Total Time": 18.702,
                  "Actual Rows": 143,
                  "Actual Loops": 3,
                  "Inner Unique": false,
                  "Plans": [
                    {
                      "Node Type": "Nested Loop",
                      "Parent Relationship": "Outer",
                      "Parallel Aware": false,
                      "Join Type": "Inner",
                      "Startup Cost": 87.87,
                      "Total Cost": 22340.03,
                      "Plan Rows": 952,
                      "Plan Width": 8,
                      "Actual Startup Time": 0.376,
                      "Actual Total Time": 9.402,
                      "Actual Rows": 426,
                      "Actual Loops": 3,
                      "Inner Unique": true,
                      "Plans": [
                        {
                          "Node Type": "Bitmap Heap Scan",
                          "Parent Relationship": "Outer",
                          "Parallel Aware": true,
                          "Relation Name": "movie_companies",
                          "Alias": "mc",
                          "Startup Cost": 87.44,
                          "Total Cost": 9815.47,
                          "Plan Rows": 1667,
                          "Plan Width": 4,
                          "Actual Startup Time": 0.267,
                          "Actual Total Time": 1.193,
                          "Actual Rows": 1241,
                          "Actual Loops": 3,
                          "Recheck Cond": "(company_id = 164)",
                          "Rows Removed by Index Recheck": 0,
                          "Exact Heap Blocks": 369,
                          "Lossy Heap Blocks": 0,
                          "Plans": [
                            {
                              "Node Type": "Bitmap Index Scan",
                              "Parent Relationship": "Outer",
                              "Parallel Aware": false,
                              "Index Name": "company_id_movie_companies",
                              "Startup Cost": 0.0,
                              "Total Cost": 86.44,
                              "Plan Rows": 4001,
                              "Plan Width": 0,
                              "Actual Startup Time": 0.611,
                              "Actual Total Time": 0.612,
                              "Actual Rows": 3722,
                              "Actual Loops": 1,
                              "Index Cond": "(company_id = 164)"
                            }
                          ]
                        },
                        {
                          "Node Type": "Index Scan",
                          "Parent Relationship": "Inner",
                          "Parallel Aware": false,
                          "Scan Direction": "Forward",
                          "Index Name": "title_pkey",
                          "Relation Name": "title",
                          "Alias": "t",
                          "Startup Cost": 0.43,
                          "Total Cost": 7.51,
                          "Plan Rows": 1,
                          "Plan Width": 4,
                          "Actual Startup Time": 0.006,
                          "Actual Total Time": 0.006,
                          "Actual Rows": 0,
                          "Actual Loops": 3722,
                          "Index Cond": "(id = mc.movie_id)",
                          "Rows Removed by Index Recheck": 0,
                          "Filter": "(production_year < 2006)",
                          "Rows Removed by Filter": 1
                        }
                      ]
                    },
                    {
                      "Node Type": "Index Scan",
                      "Parent Relationship": "Inner",
                      "Parallel Aware": false,
                      "Scan Direction": "Forward",
                      "Index Name": "movie_id_movie_info",
                      "Relation Name": "movie_info",
                      "Alias": "mi",
                      "Startup Cost": 0.43,
                      "Total Cost": 1.85,
                      "Plan Rows": 1,
                      "Plan Width": 4,
                      "Actual Startup Time": 0.014,
                      "Actual Total Time": 0.021,
                      "Actual Rows": 0,
                      "Actual Loops": 1277,
                      "Index Cond": "(movie_id = t.id)",
                      "Rows Removed by Index Recheck": 0,
                      "Filter": "(info_type_id = 6)",
                      "Rows Removed by Filter": 17
                    }
                  ]
                }
              ]
            }
          ]
        }
      ]
    },
    "Planning Time": 0.543,
    "Triggers": [],
    "Execution Time": 27.863
  }
]