[
  {
    "Plan": {
      "Node Type": "Aggregate",
      "Strategy": "Plain",
      "Partial Mode": "Finalize",
      "Parallel Aware": false,
      "Startup Cost": 46677.03,
      "Total Cost": 46677.04,
      "Plan Rows": 1,
      "Plan Width": 8,
      "Actual Startup Time": 176.904,
      "Actual Total Time": 188.866,
      "Actual Rows": 1,
      "Actual Loops": 1,
      "Plans": [
        {
          "Node Type": "Gather",
          "Parent Relationship": "Outer",
          "Parallel Aware": false,
          "Startup Cost": 46676.71,
          "Total Cost": 46677.02,
          "Plan Rows": 3,
          "Plan Width": 8,
          "Actual Startup Time": 176.781,
          "Actual Total Time": 188.858,
          "Actual Rows": 4,
          "Actual Loops": 1,
          "Workers Planned": 3,
          "Workers Launched": 3,
          "Single Copy": false,
          "Plans": [
            {
              "Node Type": "Aggregate",
              "Strategy": "Plain",
              "Partial Mode": "Partial",
              "Parent Relationship": "Outer",
              "Parallel Aware": false,
              "Startup Cost": 45676.71,
              "Total Cost": 45676.72,
              "Plan Rows": 1,
              "Plan Width": 8,
              "Actual Startup Time": 172.851,
              "Actual Total Time": 172.852,
              "Actual Rows": 1,
              "Actual Loops": 4,
              "Plans": [
                {
                  "Node Type": "Seq Scan",
                  "Parent Relationship": "Outer",
                  "Parallel Aware": true,
                  "Relation Name": "movie_keyword",
                  "Alias": "mk",
                  "Startup Cost": 0.0,
                  "Total Cost": 42695.65,
                  "Plan Rows": 1192422,
                  "Plan Width": 0,
                  "Actual Startup Time": 0.054,
                  "Actual Total Time": 128.351,
                  "Actual Rows": 924266,
                  "Actual Loops": 4,
                  "Filter": "(keyword_id > 791)",
                  "Rows Removed by Filter": 206717
                }
              ]
            }
          ]
        }
      ]
    },
    "Planning Time": 0.092,
    "Triggers": [],
    "Execution Time": 188.895
  }
]