[
  {
    "Plan": {
      "Node Type": "Aggregate",
      "Strategy": "Plain",
      "Partial Mode": "Finalize",
      "Parallel Aware": false,
      "Startup Cost": 300198.22,
      "Total Cost": 300198.23,
      "Plan Rows": 1,
      "Plan Width": 8,
      "Actual Startup Time": 3914.008,
      "Actual Total Time": 3956.952,
      "Actual Rows": 1,
      "Actual Loops": 1,
      "Plans": [
        {
          "Node Type": "Gather",
          "Parent Relationship": "Outer",
          "Parallel Aware": false,
          "Startup Cost": 300197.91,
          "Total Cost": 300198.22,
          "Plan Rows": 3,
          "Plan Width": 8,
          "Actual Startup Time": 3901.768,
          "Actual Total Time": 3956.942,
          "Actual Rows": 4,
          "Actual Loops": 1,
          "Workers Planned": 3,
          "Workers Launched": 3,
          "Single Copy": false,
          "Plans": [
            {
              "Node Type": "Aggregate",
              "Strategy": "Plain",
              "Partial Mode": "Partial",
              "Parent Relationship": "Outer",
              "Parallel Aware": false,
              "Startup Cost": 299197.91,
              "Total Cost": 299197.92,
              "Plan Rows": 1,
              "Plan Width": 8,
              "Actual Startup Time": 3895.523,
              "Actual Total Time": 3895.612,
              "Actual Rows": 1,
              "Actual Loops": 4,
              "Plans": [
                {
                  "Node Type": "Hash Join",
                  "Parent Relationship": "Outer",
                  "Parallel Aware": true,
                  "Join Type": "Inner",
                  "Startup Cost": 251887.01,
                  "Total Cost": 297647.3,
                  "Plan Rows": 620241,
                  "Plan Width": 0,
                  "Actual Startup Time": 1025.45,
                  "Actual Total Time": 2877.158,
                  "Actual Rows": 25140060,
                  "Actual Loops": 4,
                  "Inner Unique": false,
                  "Hash Cond": "(mk.movie_id = t.id)",
                  "Plans": [
                    {
                      "Node Type": "Seq Scan",
                      "Parent Relationship": "Outer",
                      "Parallel Aware": true,
                      "Relation Name": "movie_keyword",
                      "Alias": "mk",
                      "Startup Cost": 0.0,
                      "Total Cost": 39047.32,
                      "Plan Rows": 1459332,
                      "Plan Width": 4,
                      "Actual Startup Time": 0.031,
                      "Actual Total Time": 83.657,
                      "Actual Rows": 1130982,
                      "Actual Loops": 4
                    },
                    {
                      "Node Type": "Hash",
                      "Parent Relationship": "Inner",
                      "Parallel Aware": true,
                      "Startup Cost": 249200.44,
                      "Total Cost": 249200.44,
                      "Plan Rows": 214925,
                      "Plan Width": 8,
                      "Actual Startup Time": 975.085,
                      "Actual Total Time": 975.173,
                      "Actual Rows": 467982,
                      "Actual Loops": 4,
                      "Hash Buckets": 2097152,
                      "Original Hash Buckets": 2097152,
                      "Hash Batches": 1,
                      "Original Hash Batches": 1,
                      "Peak Memory Usage": 89696,
                      "Plans": [
                        {
                          "Node Type": "Hash Join",
                          "Parent Relationship": "Outer",
                          "Parallel Aware": true,
                          "Join Type": "Inner",
                          "Startup Cost": 46857.84,
                          "Total Cost": 249200.44,
                          "Plan Rows": 214925,
                          "Plan Width": 8,
                          "Actual Startup Time": 173.677,
                          "Actual Total Time": 835.289,
                          "Actual Rows": 467982,
                          "Actual Loops": 4,
                          "Inner Unique": true,
                          "Hash Cond": "(mi.movie_id = t.id)",
                          "Plans": [
                            {
                              "Node Type": "Seq Scan",
                              "Parent Relationship": "Outer",
                              "Parallel Aware": true,
                              "Relation Name": "movie_info",
                              "Alias": "mi",
                              "Startup Cost": 0.0,
                              "Total Cost": 199108.24,
                              "Plan Rows": 1232139,
                              "Plan Width": 4,
                              "Actual Startup Time": 21.697,
                              "Actual Total Time": 442.054,
                              "Actual Rows": 1555874,
                              "Actual Loops": 4,
                              "Filter": "(info_type_id > 8)",
                              "Rows Removed by Filter": 2153056
                            },
                            {
                              "Node Type": "Hash",
                              "Parent Relationship": "Inner",
                              "Parallel Aware": true,
                              "Startup Cost": 45479.59,
                              "Total Cost": 45479.59,
                              "Plan Rows": 110260,
                              "Plan Width": 4,
                              "Actual Startup Time": 132.506,
                              "Actual Total Time": 132.507,
                              "Actual Rows": 80005,
                              "Actual Loops": 4,
                              "Hash Buckets": 524288,
                              "Original Hash Buckets": 524288,
                              "Hash Batches": 1,
                              "Original Hash Batches": 1,
                              "Peak Memory Usage": 16672,
                              "Plans": [
                                {
                                  "Node Type": "Seq Scan",
                                  "Parent Relationship": "Outer",
                                  "Parallel Aware": true,
                                  "Relation Name": "title",
                                  "Alias": "t",
                                  "Startup Cost": 0.0,
                                  "Total Cost": 45479.59,
                                  "Plan Rows": 110260,
                                  "Plan Width": 4,
                                  "Actual Startup Time": 46.753,
                                  "Actual Total Time": 103.57,
                                  "Actual Rows": 80005,
                                  "Actual Loops": 4,
                                  "Filter": "((production_year > 1993) AND (kind_id = 1))",
                                  "Rows Removed by Filter": 552073
                                }
                              ]
                            }
                          ]
                        }
                      ]
                    }
                  ]
                }
              ]
            }
          ]
        }
      ]
    },
    "Planning Time": 0.731,
    "Triggers": [],
    "Execution Time": 3957.009
  }
]