[
  {
    "Plan": {
      "Node Type": "Aggregate",
      "Strategy": "Plain",
      "Partial Mode": "Finalize",
      "Parallel Aware": false,
      "Startup Cost": 300209.99,
      "Total Cost": 300210.0,
      "Plan Rows": 1,
      "Plan Width": 8,
      "Actual Startup Time": 3785.763,
      "Actual Total Time": 3835.016,
      "Actual Rows": 1,
      "Actual Loops": 1,
      "Plans": [
        {
          "Node Type": "Gather",
          "Parent Relationship": "Outer",
          "Parallel Aware": false,
          "Startup Cost": 300209.67,
          "Total Cost": 300209.98,
          "Plan Rows": 3,
          "Plan Width": 8,
          "Actual Startup Time": 3774.957,
          "Actual Total Time": 3835.005,
          "Actual Rows": 4,
          "Actual Loops": 1,
          "Workers Planned": 3,
          "Workers Launched": 3,
          "Single Copy": false,
          "Plans": [
            {
              "Node Type": "Aggregate",
              "Strategy": "Plain",
              "Partial Mode": "Partial",
              "Parent Relationship": "Outer",
              "Parallel Aware": false,
              "Startup Cost": 299209.67,
              "Total Cost": 299209.68,
              "Plan Rows": 1,
              "Plan Width": 8,
              "Actual Startup Time": 3762.044,
              "Actual Total Time": 3762.114,
              "Actual Rows": 1,
              "Actual Loops": 4,
              "Plans": [
                {
                  "Node Type": "Hash Join",
                  "Parent Relationship": "Outer",
                  "Parallel Aware": true,
                  "Join Type": "Inner",
                  "Startup Cost": 251845.81,
                  "Total Cost": 297629.65,
                  "Plan Rows": 632008,
                  "Plan Width": 0,
                  "Actual Startup Time": 957.828,
                  "Actual Total Time": 2762.804,
                  "Actual Rows": 25140060,
                  "Actual Loops": 4,
                  "Inner Unique": false,
                  "Hash Cond": "(mk.movie_id = t.id)",
                  "Plans": [
                    {
                      "Node Type": "Seq Scan",
                      "Parent Relationship": "Outer",
                      "Parallel Aware": true,
                      "Relation Name": "movie_keyword",
                      "Alias": "mk",
                      "Startup Cost": 0.0,
                      "Total Cost": 39047.32,
                      "Plan Rows": 1459332,
                      "Plan Width": 4,
                      "Actual Startup Time": 0.023,
                      "Actual Total Time": 83.266,
                      "Actual Rows": 1130982,
                      "Actual Loops": 4
                    },
                    {
                      "Node Type": "Hash",
                      "Parent Relationship": "Inner",
                      "Parallel Aware": true,
                      "Startup Cost": 249108.43,
                      "Total Cost": 249108.43,
                      "Plan Rows": 218991,
                      "Plan Width": 8,
                      "Actual Startup Time": 908.811,
                      "Actual Total Time": 908.88,
                      "Actual Rows": 467982,
                      "Actual Loops": 4,
                      "Hash Buckets": 2097152,
                      "Original Hash Buckets": 2097152,
                      "Hash Batches": 1,
                      "Original Hash Batches": 1,
                      "Peak Memory Usage": 89696,
                      "Plans": [
                        {
                          "Node Type": "Hash Join",
                          "Parent Relationship": "Outer",
                          "Parallel Aware": true,
                          "Join Type": "Inner",
                          "Startup Cost": 46854.81,
                          "Total Cost": 249108.43,
                          "Plan Rows": 218991,
                          "Plan Width": 8,
                          "Actual Startup Time": 168.135,
                          "Actual Total Time": 780.968,
                          "Actual Rows": 467982,
                          "Actual Loops": 4,
                          "Inner Unique": true,
                          "Hash Cond": "(mi.movie_id = t.id)",
                          "Plans": [
                            {
                              "Node Type": "Seq Scan",
                              "Parent Relationship": "Outer",
                              "Parallel Aware": true,
                              "Relation Name": "movie_info",
                              "Alias": "mi",
                              "Startup Cost": 0.0,
                              "Total Cost": 198952.16,
                              "Plan Rows": 1257696,
                              "Plan Width": 4,
                              "Actual Startup Time": 21.799,
                              "Actual Total Time": 410.14,
                              "Actual Rows": 1555874,
                              "Actual Loops": 4,
                              "Filter": "(info_type_id > 8)",
                              "Rows Removed by Filter": 2153056
                            },
                            {
                              "Node Type": "Hash",
                              "Parent Relationship": "Inner",
                              "Parallel Aware": true,
                              "Startup Cost": 45479.1,
                              "Total Cost": 45479.1,
                              "Plan Rows": 110057,
                              "Plan Width": 4,
                              "Actual Startup Time": 127.828,
                              "Actual Total Time": 127.829,
                              "Actual Rows": 80005,
                              "Actual Loops": 4,
                              "Hash Buckets": 524288,
                              "Original Hash Buckets": 524288,
                              "Hash Batches": 1,
                              "Original Hash Batches": 1,
                              "Peak Memory Usage": 16640,
                              "Plans": [
                                {
                                  "Node Type": "Seq Scan",
                                  "Parent Relationship": "Outer",
                                  "Parallel Aware": true,
                                  "Relation Name": "title",
                                  "Alias": "t",
                                  "Startup Cost": 0.0,
                                  "Total Cost": 45479.1,
                                  "Plan Rows": 110057,
                                  "Plan Width": 4,
                                  "Actual Startup Time": 47.854,
                                  "Actual Total Time": 101.254,
                                  "Actual Rows": 80005,
                                  "Actual Loops": 4,
                                  "Filter": "((production_year > 1993) AND (kind_id = 1))",
                                  "Rows Removed by Filter": 552073
                                }
                              ]
                            }
                          ]
                        }
                      ]
                    }
                  ]
                }
              ]
            }
          ]
        }
      ]
    },
    "Planning Time": 1.418,
    "Triggers": [],
    "Execution Time": 3835.134
  }
]