{
  "Plan": {
    "Node Type": "Aggregate",
    "Strategy": "Plain",
    "Partial Mode": "Finalize",
    "Parallel Aware": false,
    "Startup Cost": 101629.77,
    "Total Cost": 101629.78,
    "Plan Rows": 1,
    "Plan Width": 8,
    "Actual Startup Time": 359.688,
    "Actual Total Time": 379.554,
    "Actual Rows": 1,
    "Actual Loops": 1,
    "Plans": [
      {
        "Node Type": "Gather",
        "Parent Relationship": "Outer",
        "Parallel Aware": false,
        "Startup Cost": 101629.66,
        "Total Cost": 101629.77,
        "Plan Rows": 1,
        "Plan Width": 8,
        "Actual Startup Time": 359.081,
        "Actual Total Time": 379.546,
        "Actual Rows": 2,
        "Actual Loops": 1,
        "Workers Planned": 1,
        "Workers Launched": 1,
        "Single Copy": false,
        "Plans": [
          {
            "Node Type": "Aggregate",
            "Strategy": "Plain",
            "Partial Mode": "Partial",
            "Parent Relationship": "Outer",
            "Parallel Aware": false,
            "Startup Cost": 100629.66,
            "Total Cost": 100629.67,
            "Plan Rows": 1,
            "Plan Width": 8,
            "Actual Startup Time": 353.294,
            "Actual Total Time": 353.299,
            "Actual Rows": 1,
            "Actual Loops": 2,
            "Plans": [
              {
                "Node Type": "Hash Join",
                "Parent Relationship": "Outer",
                "Parallel Aware": true,
                "Join Type": "Inner",
                "Startup Cost": 70028.63,
                "Total Cost": 100580.87,
                "Plan Rows": 19514,
                "Plan Width": 0,
                "Actual Startup Time": 211.24,
                "Actual Total Time": 352.32,
                "Actual Rows": 14678,
                "Actual Loops": 2,
                "Inner Unique": true,
                "Hash Cond": "(mk.movie_id = t.id)",
                "Plans": [
                  {
                    "Node Type": "Bitmap Heap Scan",
                    "Parent Relationship": "Outer",
                    "Parallel Aware": true,
                    "Relation Name": "movie_keyword",
                    "Alias": "mk",
                    "Startup Cost": 14540.46,
                    "Total Cost": 44034.34,
                    "Plan Rows": 403190,
                    "Plan Width": 4,
                    "Actual Startup Time": 36.086,
                    "Actual Total Time": 125.14,
                    "Actual Rows": 344580,
                    "Actual Loops": 2,
                    "Recheck Cond": "(keyword_id < 571)",
                    "Rows Removed by Index Recheck": 0,
                    "Exact Heap Blocks": 16524,
                    "Lossy Heap Blocks": 0,
                    "Plans": [
                      {
                        "Node Type": "Bitmap Index Scan",
                        "Parent Relationship": "Outer",
                        "Parallel Aware": false,
                        "Index Name": "keyword_id_movie_keyword",
                        "Startup Cost": 0.0,
                        "Total Cost": 14369.11,
                        "Plan Rows": 685423,
                        "Plan Width": 0,
                        "Actual Startup Time": 32.462,
                        "Actual Total Time": 32.463,
                        "Actual Rows": 689160,
                        "Actual Loops": 1,
                        "Index Cond": "(keyword_id < 571)"
                      }
                    ]
                  },
                  {
                    "Node Type": "Hash",
                    "Parent Relationship": "Inner",
                    "Parallel Aware": true,
                    "Startup Cost": 54588.39,
                    "Total Cost": 54588.39,
                    "Plan Rows": 71982,
                    "Plan Width": 4,
                    "Actual Startup Time": 172.776,
                    "Actual Total Time": 172.777,
                    "Actual Rows": 61430,
                    "Actual Loops": 2,
                    "Hash Buckets": 131072,
                    "Original Hash Buckets": 131072,
                    "Hash Batches": 1,
                    "Original Hash Batches": 1,
                    "Peak Memory Usage": 5888,
                    "Plans": [
                      {
                        "Node Type": "Seq Scan",
                        "Parent Relationship": "Outer",
                        "Parallel Aware": true,
                        "Relation Name": "title",
                        "Alias": "t",
                        "Startup Cost": 0.0,
                        "Total Cost": 54588.39,
                        "Plan Rows": 71982,
                        "Plan Width": 4,
                        "Actual Startup Time": 0.035,
                        "Actual Total Time": 154.388,
                        "Actual Rows": 61430,
                        "Actual Loops": 2,
                        "Filter": "(production_year = 2008)",
                        "Rows Removed by Filter": 1202726
                      }
                    ]
                  }
                ]
              }
            ]
          }
        ]
      }
    ]
  },
  "Planning Time": 0.442,
  "Triggers": [],
  "Execution Time": 379.647
}