{
  "Plan": {
    "Node Type": "Aggregate",
    "Strategy": "Plain",
    "Partial Mode": "Finalize",
    "Parallel Aware": false,
    "Startup Cost": 1023040.78,
    "Total Cost": 1023040.79,
    "Plan Rows": 1,
    "Plan Width": 8,
    "Actual Startup Time": 9078.991,
    "Actual Total Time": 9155.285,
    "Actual Rows": 1,
    "Actual Loops": 1,
    "Plans": [
      {
        "Node Type": "Gather",
        "Parent Relationship": "Outer",
        "Parallel Aware": false,
        "Startup Cost": 1023040.66,
        "Total Cost": 1023040.77,
        "Plan Rows": 1,
        "Plan Width": 8,
        "Actual Startup Time": 9077.922,
        "Actual Total Time": 9155.277,
        "Actual Rows": 2,
        "Actual Loops": 1,
        "Workers Planned": 1,
        "Workers Launched": 1,
        "Single Copy": false,
        "Plans": [
          {
            "Node Type": "Aggregate",
            "Strategy": "Plain",
            "Partial Mode": "Partial",
            "Parent Relationship": "Outer",
            "Parallel Aware": false,
            "Startup Cost": 1022040.66,
            "Total Cost": 1022040.67,
            "Plan Rows": 1,
            "Plan Width": 8,
            "Actual Startup Time": 9071.081,
            "Actual Total Time": 9071.085,
            "Actual Rows": 1,
            "Actual Loops": 2,
            "Plans": [
              {
                "Node Type": "Nested Loop",
                "Parent Relationship": "Outer",
                "Parallel Aware": false,
                "Join Type": "Inner",
                "Startup Cost": 62072.6,
                "Total Cost": 1017447.13,
                "Plan Rows": 1837412,
                "Plan Width": 0,
                "Actual Startup Time": 338.029,
                "Actual Total Time": 8918.139,
                "Actual Rows": 3182076,
                "Actual Loops": 2,
                "Inner Unique": false,
                "Join Filter": "(t.id = ci.movie_id)",
                "Rows Removed by Join Filter": 0,
                "Plans": [
                  {
                    "Node Type": "Hash Join",
                    "Parent Relationship": "Outer",
                    "Parallel Aware": true,
                    "Join Type": "Inner",
                    "Startup Cost": 62072.04,
                    "Total Cost": 102501.32,
                    "Plan Rows": 376409,
                    "Plan Width": 8,
                    "Actual Startup Time": 337.852,
                    "Actual Total Time": 854.514,
                    "Actual Rows": 414170,
                    "Actual Loops": 2,
                    "Inner Unique": true,
                    "Hash Cond": "(mc.movie_id = t.id)",
                    "Plans": [
                      {
                        "Node Type": "Seq Scan",
                        "Parent Relationship": "Outer",
                        "Parallel Aware": true,
                        "Relation Name": "movie_companies",
                        "Alias": "mc",
                        "Startup Cost": 0.0,
                        "Total Cost": 37974.77,
                        "Plan Rows": 935050,
                        "Plan Width": 4,
                        "Actual Startup Time": 4.259,
                        "Actual Total Time": 140.21,
                        "Actual Rows": 795970,
                        "Actual Loops": 2,
                        "Filter": "(company_id > 5297)",
                        "Rows Removed by Filter": 508594
                      },
                      {
                        "Node Type": "Hash",
                        "Parent Relationship": "Inner",
                        "Parallel Aware": true,
                        "Startup Cost": 54588.39,
                        "Total Cost": 54588.39,
                        "Plan Rows": 598692,
                        "Plan Width": 4,
                        "Actual Startup Time": 324.423,
                        "Actual Total Time": 324.424,
                        "Actual Rows": 510876,
                        "Actual Loops": 2,
                        "Hash Buckets": 1048576,
                        "Original Hash Buckets": 1048576,
                        "Hash Batches": 1,
                        "Original Hash Batches": 1,
                        "Peak Memory Usage": 48192,
                        "Plans": [
                          {
                            "Node Type": "Seq Scan",
                            "Parent Relationship": "Outer",
                            "Parallel Aware": true,
                            "Relation Name": "title",
                            "Alias": "t",
                            "Startup Cost": 0.0,
                            "Total Cost": 54588.39,
                            "Plan Rows": 598692,
                            "Plan Width": 4,
                            "Actual Startup Time": 0.025,
                            "Actual Total Time": 169.345,
                            "Actual Rows": 510876,
                            "Actual Loops": 2,
                            "Filter": "(production_year < 2000)",
                            "Rows Removed by Filter": 753280
                          }
                        ]
                      }
                    ]
                  },
                  {
                    "Node Type": "Index Scan",
                    "Parent Relationship": "Inner",
                    "Parallel Aware": false,
                    "Scan Direction": "Forward",
                    "Index Name": "movie_id_cast_info",
                    "Relation Name": "cast_info",
                    "Alias": "ci",
                    "Startup Cost": 0.56,
                    "Total Cost": 2.27,
                    "Plan Rows": 13,
                    "Plan Width": 4,
                    "Actual Startup Time": 0.014,
                    "Actual Total Time": 0.019,
                    "Actual Rows": 8,
                    "Actual Loops": 828340,
                    "Index Cond": "(movie_id = mc.movie_id)",
                    "Rows Removed by Index Recheck": 0,
                    "Filter": "(role_id > 3)",
                    "Rows Removed by Filter": 15
                  }
                ]
              }
            ]
          }
        ]
      }
    ]
  },
  "Planning Time": 1.143,
  "Triggers": [],
  "Execution Time": 9155.39
}