{
    "Plan": {
        "Node Type": "Aggregate",
        "Strategy": "Plain",
        "Partial Mode": "Finalize",
        "Parallel Aware": false,
        "Startup Cost": 315673.8,
        "Total Cost": 315673.81,
        "Plan Rows": 1,
        "Plan Width": 8,
        "Actual Startup Time": 240.978,
        "Actual Total Time": 285.389,
        "Actual Rows": 1,
        "Actual Loops": 1,
        "Output": [
            "count(*)"
        ],
        "Plans": [
            {
                "Node Type": "Gather",
                "Parent Relationship": "Outer",
                "Parallel Aware": false,
                "Startup Cost": 315673.38,
                "Total Cost": 315673.79,
                "Plan Rows": 4,
                "Plan Width": 8,
                "Actual Startup Time": 240.867,
                "Actual Total Time": 285.38,
                "Actual Rows": 5,
                "Actual Loops": 1,
                "Output": [
                    "(PARTIAL count(*))"
                ],
                "Workers Planned": 4,
                "Workers Launched": 4,
                "Single Copy": false,
                "Plans": [
                    {
                        "Node Type": "Aggregate",
                        "Strategy": "Plain",
                        "Partial Mode": "Partial",
                        "Parent Relationship": "Outer",
                        "Parallel Aware": false,
                        "Startup Cost": 314673.38,
                        "Total Cost": 314673.39,
                        "Plan Rows": 1,
                        "Plan Width": 8,
                        "Actual Startup Time": 230.883,
                        "Actual Total Time": 230.884,
                        "Actual Rows": 1,
                        "Actual Loops": 5,
                        "Output": [
                            "PARTIAL count(*)"
                        ],
                        "Workers": [
                            {
                                "Worker Number": 0,
                                "Actual Startup Time": 228.326,
                                "Actual Total Time": 228.328,
                                "Actual Rows": 1,
                                "Actual Loops": 1
                            },
                            {
                                "Worker Number": 1,
                                "Actual Startup Time": 228.368,
                                "Actual Total Time": 228.369,
                                "Actual Rows": 1,
                                "Actual Loops": 1
                            },
                            {
                                "Worker Number": 2,
                                "Actual Startup Time": 228.419,
                                "Actual Total Time": 228.421,
                                "Actual Rows": 1,
                                "Actual Loops": 1
                            },
                            {
                                "Worker Number": 3,
                                "Actual Startup Time": 229.245,
                                "Actual Total Time": 229.246,
                                "Actual Rows": 1,
                                "Actual Loops": 1
                            }
                        ],
                        "Plans": [
                            {
                                "Node Type": "Nested Loop",
                                "Parent Relationship": "Outer",
                                "Parallel Aware": false,
                                "Join Type": "Inner",
                                "Startup Cost": 0.56,
                                "Total Cost": 314665.04,
                                "Plan Rows": 3337,
                                "Plan Width": 0,
                                "Actual Startup Time": 2.206,
                                "Actual Total Time": 230.662,
                                "Actual Rows": 1684,
                                "Actual Loops": 5,
                                "Inner Unique": false,
                                "Workers": [
                                    {
                                        "Worker Number": 0,
                                        "Actual Startup Time": 3.056,
                                        "Actual Total Time": 228.141,
                                        "Actual Rows": 1288,
                                        "Actual Loops": 1
                                    },
                                    {
                                        "Worker Number": 1,
                                        "Actual Startup Time": 2.186,
                                        "Actual Total Time": 228.144,
                                        "Actual Rows": 967,
                                        "Actual Loops": 1
                                    },
                                    {
                                        "Worker Number": 2,
                                        "Actual Startup Time": 1.865,
                                        "Actual Total Time": 228.232,
                                        "Actual Rows": 1232,
                                        "Actual Loops": 1
                                    },
                                    {
                                        "Worker Number": 3,
                                        "Actual Startup Time": 3.565,
                                        "Actual Total Time": 229.054,
                                        "Actual Rows": 1391,
                                        "Actual Loops": 1
                                    }
                                ],
                                "Plans": [
                                    {
                                        "Node Type": "Seq Scan",
                                        "Parent Relationship": "Outer",
                                        "Parallel Aware": true,
                                        "Relation Name": "title",
                                        "Schema": "public",
                                        "Alias": "t",
                                        "Startup Cost": 0.0,
                                        "Total Cost": 43899.01,
                                        "Plan Rows": 3518,
                                        "Plan Width": 4,
                                        "Actual Startup Time": 0.233,
                                        "Actual Total Time": 68.337,
                                        "Actual Rows": 2985,
                                        "Actual Loops": 5,
                                        "Output": [
                                            "t.id",
                                            "t.title",
                                            "t.imdb_index",
                                            "t.kind_id",
                                            "t.production_year",
                                            "t.imdb_id",
                                            "t.phonetic_code",
                                            "t.episode_of_id",
                                            "t.season_nr",
                                            "t.episode_nr",
                                            "t.series_years",
                                            "t.md5sum"
                                        ],
                                        "Filter": "(t.production_year = 1979)",
                                        "Rows Removed by Filter": 502677,
                                        "Workers": [
                                            {
                                                "Worker Number": 0,
                                                "Actual Startup Time": 0.067,
                                                "Actual Total Time": 60.227,
                                                "Actual Rows": 2364,
                                                "Actual Loops": 1
                                            },
                                            {
                                                "Worker Number": 1,
                                                "Actual Startup Time": 0.069,
                                                "Actual Total Time": 59.11,
                                                "Actual Rows": 1669,
                                                "Actual Loops": 1
                                            },
                                            {
                                                "Worker Number": 2,
                                                "Actual Startup Time": 0.612,
                                                "Actual Total Time": 57.24,
                                                "Actual Rows": 2146,
                                                "Actual Loops": 1
                                            },
                                            {
                                                "Worker Number": 3,
                                                "Actual Startup Time": 0.343,
                                                "Actual Total Time": 60.314,
                                                "Actual Rows": 2462,
                                                "Actual Loops": 1
                                            }
                                        ]
                                    },
                                    {
                                        "Node Type": "Index Scan",
                                        "Parent Relationship": "Inner",
                                        "Parallel Aware": false,
                                        "Scan Direction": "Forward",
                                        "Index Name": "movie_id_cast_info",
                                        "Relation Name": "cast_info",
                                        "Schema": "public",
                                        "Alias": "ci",
                                        "Startup Cost": 0.56,
                                        "Total Cost": 76.94,
                                        "Plan Rows": 3,
                                        "Plan Width": 4,
                                        "Actual Startup Time": 0.052,
                                        "Actual Total Time": 0.054,
                                        "Actual Rows": 1,
                                        "Actual Loops": 14926,
                                        "Output": [
                                            "ci.id",
                                            "ci.person_id",
                                            "ci.movie_id",
                                            "ci.person_role_id",
                                            "ci.note",
                                            "ci.nr_order",
                                            "ci.role_id"
                                        ],
                                        "Index Cond": "(ci.movie_id = t.id)",
                                        "Rows Removed by Index Recheck": 0,
                                        "Filter": "(ci.person_id > 3581306)",
                                        "Rows Removed by Filter": 14,
                                        "Workers": [
                                            {
                                                "Worker Number": 0,
                                                "Actual Startup Time": 0.068,
                                                "Actual Total Time": 0.07,
                                                "Actual Rows": 1,
                                                "Actual Loops": 2364
                                            },
                                            {
                                                "Worker Number": 1,
                                                "Actual Startup Time": 0.096,
                                                "Actual Total Time": 0.1,
                                                "Actual Rows": 1,
                                                "Actual Loops": 1669
                                            },
                                            {
                                                "Worker Number": 2,
                                                "Actual Startup Time": 0.076,
                                                "Actual Total Time": 0.079,
                                                "Actual Rows": 1,
                                                "Actual Loops": 2146
                                            },
                                            {
                                                "Worker Number": 3,
                                                "Actual Startup Time": 0.066,
                                                "Actual Total Time": 0.068,
                                                "Actual Rows": 1,
                                                "Actual Loops": 2462
                                            }
                                        ]
                                    }
                                ]
                            }
                        ]
                    }
                ]
            }
        ]
    },
    "Planning Time": 0.705,
    "Triggers": [],
    "Execution Time": 285.477
}