[
    {
        "Bao": {
            "Bao prediction": 618.428,
            "Bao recommended hint": "SET enable_mergejoin TO off; "
        }
    },
    {
        "Plan": {
            "Node Type": "Aggregate",
            "Strategy": "Plain",
            "Partial Mode": "Simple",
            "Parallel Aware": false,
            "Startup Cost": 39952.36,
            "Total Cost": 39952.37,
            "Plan Rows": 1,
            "Plan Width": 8,
            "Actual Startup Time": 70.159,
            "Actual Total Time": 70.161,
            "Actual Rows": 1,
            "Actual Loops": 1,
            "Output": [
                "count(*)"
            ],
            "Plans": [
                {
                    "Node Type": "Bitmap Heap Scan",
                    "Parent Relationship": "Outer",
                    "Parallel Aware": false,
                    "Relation Name": "title",
                    "Schema": "public",
                    "Alias": "t",
                    "Startup Cost": 2113.46,
                    "Total Cost": 39883.82,
                    "Plan Rows": 27416,
                    "Plan Width": 0,
                    "Actual Startup Time": 21.72,
                    "Actual Total Time": 70.07,
                    "Actual Rows": 814,
                    "Actual Loops": 1,
                    "Recheck Cond": "(t.kind_id = 4)",
                    "Rows Removed by Index Recheck": 0,
                    "Filter": "(t.production_year < 1985)",
                    "Rows Removed by Filter": 117420,
                    "Exact Heap Blocks": 12711,
                    "Lossy Heap Blocks": 0,
                    "Plans": [
                        {
                            "Node Type": "Bitmap Index Scan",
                            "Parent Relationship": "Outer",
                            "Parallel Aware": false,
                            "Index Name": "kind_id_title",
                            "Startup Cost": 0.0,
                            "Total Cost": 2106.61,
                            "Plan Rows": 118157,
                            "Plan Width": 0,
                            "Actual Startup Time": 17.208,
                            "Actual Total Time": 17.209,
                            "Actual Rows": 118234,
                            "Actual Loops": 1,
                            "Index Cond": "(t.kind_id = 4)"
                        }
                    ]
                }
            ]
        },
        "Planning Time": 4853.602,
        "Triggers": [],
        "Execution Time": 70.298
    }
]