[
    {
        "Bao": {
            "Bao prediction": 531.888,
            "Bao recommended hint": "(no hint)"
        }
    },
    {
        "Plan": {
            "Node Type": "Aggregate",
            "Strategy": "Plain",
            "Partial Mode": "Finalize",
            "Parallel Aware": false,
            "Startup Cost": 221819.38,
            "Total Cost": 221819.39,
            "Plan Rows": 1,
            "Plan Width": 8,
            "Actual Startup Time": 196.856,
            "Actual Total Time": 205.695,
            "Actual Rows": 1,
            "Actual Loops": 1,
            "Output": [
                "count(*)"
            ],
            "Plans": [
                {
                    "Node Type": "Gather",
                    "Parent Relationship": "Outer",
                    "Parallel Aware": false,
                    "Startup Cost": 221818.86,
                    "Total Cost": 221819.37,
                    "Plan Rows": 5,
                    "Plan Width": 8,
                    "Actual Startup Time": 195.398,
                    "Actual Total Time": 205.685,
                    "Actual Rows": 6,
                    "Actual Loops": 1,
                    "Output": [
                        "(PARTIAL count(*))"
                    ],
                    "Workers Planned": 5,
                    "Workers Launched": 5,
                    "Single Copy": false,
                    "Plans": [
                        {
                            "Node Type": "Aggregate",
                            "Strategy": "Plain",
                            "Partial Mode": "Partial",
                            "Parent Relationship": "Outer",
                            "Parallel Aware": false,
                            "Startup Cost": 220818.86,
                            "Total Cost": 220818.87,
                            "Plan Rows": 1,
                            "Plan Width": 8,
                            "Actual Startup Time": 185.468,
                            "Actual Total Time": 185.472,
                            "Actual Rows": 1,
                            "Actual Loops": 6,
                            "Output": [
                                "PARTIAL count(*)"
                            ],
                            "Workers": [
                                {
                                    "Worker Number": 0,
                                    "Actual Startup Time": 183.283,
                                    "Actual Total Time": 183.286,
                                    "Actual Rows": 1,
                                    "Actual Loops": 1
                                },
                                {
                                    "Worker Number": 1,
                                    "Actual Startup Time": 183.343,
                                    "Actual Total Time": 183.348,
                                    "Actual Rows": 1,
                                    "Actual Loops": 1
                                },
                                {
                                    "Worker Number": 2,
                                    "Actual Startup Time": 183.867,
                                    "Actual Total Time": 183.87,
                                    "Actual Rows": 1,
                                    "Actual Loops": 1
                                },
                                {
                                    "Worker Number": 3,
                                    "Actual Startup Time": 183.987,
                                    "Actual Total Time": 183.991,
                                    "Actual Rows": 1,
                                    "Actual Loops": 1
                                },
                                {
                                    "Worker Number": 4,
                                    "Actual Startup Time": 183.83,
                                    "Actual Total Time": 183.835,
                                    "Actual Rows": 1,
                                    "Actual Loops": 1
                                }
                            ],
                            "Plans": [
                                {
                                    "Node Type": "Hash Join",
                                    "Parent Relationship": "Outer",
                                    "Parallel Aware": true,
                                    "Join Type": "Inner",
                                    "Startup Cost": 56722.74,
                                    "Total Cost": 220806.1,
                                    "Plan Rows": 5104,
                                    "Plan Width": 0,
                                    "Actual Startup Time": 135.532,
                                    "Actual Total Time": 185.002,
                                    "Actual Rows": 4480,
                                    "Actual Loops": 6,
                                    "Inner Unique": true,
                                    "Hash Cond": "(mi.movie_id = t.id)",
                                    "Workers": [
                                        {
                                            "Worker Number": 0,
                                            "Actual Startup Time": 133.285,
                                            "Actual Total Time": 182.823,
                                            "Actual Rows": 4197,
                                            "Actual Loops": 1
                                        },
                                        {
                                            "Worker Number": 1,
                                            "Actual Startup Time": 133.339,
                                            "Actual Total Time": 182.858,
                                            "Actual Rows": 4589,
                                            "Actual Loops": 1
                                        },
                                        {
                                            "Worker Number": 2,
                                            "Actual Startup Time": 134.087,
                                            "Actual Total Time": 183.364,
                                            "Actual Rows": 4212,
                                            "Actual Loops": 1
                                        },
                                        {
                                            "Worker Number": 3,
                                            "Actual Startup Time": 134.349,
                                            "Actual Total Time": 183.503,
                                            "Actual Rows": 4265,
                                            "Actual Loops": 1
                                        },
                                        {
                                            "Worker Number": 4,
                                            "Actual Startup Time": 133.959,
                                            "Actual Total Time": 183.341,
                                            "Actual Rows": 4240,
                                            "Actual Loops": 1
                                        }
                                    ],
                                    "Plans": [
                                        {
                                            "Node Type": "Bitmap Heap Scan",
                                            "Parent Relationship": "Outer",
                                            "Parallel Aware": true,
                                            "Relation Name": "movie_info",
                                            "Schema": "public",
                                            "Alias": "mi",
                                            "Startup Cost": 12531.92,
                                            "Total Cost": 176252.49,
                                            "Plan Rows": 138206,
                                            "Plan Width": 4,
                                            "Actual Startup Time": 33.354,
                                            "Actual Total Time": 60.837,
                                            "Actual Rows": 110154,
                                            "Actual Loops": 6,
                                            "Output": [
                                                "mi.id",
                                                "mi.movie_id",
                                                "mi.info_type_id",
                                                "mi.info",
                                                "mi.note"
                                            ],
                                            "Recheck Cond": "(mi.info_type_id = 18)",
                                            "Rows Removed by Index Recheck": 0,
                                            "Exact Heap Blocks": 1473,
                                            "Lossy Heap Blocks": 0,
                                            "Workers": [
                                                {
                                                    "Worker Number": 0,
                                                    "Actual Startup Time": 33.296,
                                                    "Actual Total Time": 61.247,
                                                    "Actual Rows": 108443,
                                                    "Actual Loops": 1
                                                },
                                                {
                                                    "Worker Number": 1,
                                                    "Actual Startup Time": 33.293,
                                                    "Actual Total Time": 61.194,
                                                    "Actual Rows": 107449,
                                                    "Actual Loops": 1
                                                },
                                                {
                                                    "Worker Number": 2,
                                                    "Actual Startup Time": 33.441,
                                                    "Actual Total Time": 60.993,
                                                    "Actual Rows": 102793,
                                                    "Actual Loops": 1
                                                },
                                                {
                                                    "Worker Number": 3,
                                                    "Actual Startup Time": 33.446,
                                                    "Actual Total Time": 61.286,
                                                    "Actual Rows": 102615,
                                                    "Actual Loops": 1
                                                },
                                                {
                                                    "Worker Number": 4,
                                                    "Actual Startup Time": 33.373,
                                                    "Actual Total Time": 61.044,
                                                    "Actual Rows": 102755,
                                                    "Actual Loops": 1
                                                }
                                            ],
                                            "Plans": [
                                                {
                                                    "Node Type": "Bitmap Index Scan",
                                                    "Parent Relationship": "Outer",
                                                    "Parallel Aware": false,
                                                    "Index Name": "info_type_id_movie_info",
                                                    "Startup Cost": 0.0,
                                                    "Total Cost": 12359.16,
                                                    "Plan Rows": 691030,
                                                    "Plan Width": 0,
                                                    "Actual Startup Time": 31.813,
                                                    "Actual Total Time": 31.814,
                                                    "Actual Rows": 660923,
                                                    "Actual Loops": 1,
                                                    "Index Cond": "(mi.info_type_id = 18)"
                                                }
                                            ]
                                        },
                                        {
                                            "Node Type": "Hash",
                                            "Parent Relationship": "Inner",
                                            "Parallel Aware": true,
                                            "Startup Cost": 43899.01,
                                            "Total Cost": 43899.01,
                                            "Plan Rows": 23345,
                                            "Plan Width": 4,
                                            "Actual Startup Time": 100.635,
                                            "Actual Total Time": 100.636,
                                            "Actual Rows": 15834,
                                            "Actual Loops": 6,
                                            "Output": [
                                                "t.id"
                                            ],
                                            "Hash Buckets": 131072,
                                            "Original Hash Buckets": 131072,
                                            "Hash Batches": 1,
                                            "Original Hash Batches": 1,
                                            "Peak Memory Usage": 4832,
                                            "Workers": [
                                                {
                                                    "Worker Number": 0,
                                                    "Actual Startup Time": 99.345,
                                                    "Actual Total Time": 99.345,
                                                    "Actual Rows": 14059,
                                                    "Actual Loops": 1
                                                },
                                                {
                                                    "Worker Number": 1,
                                                    "Actual Startup Time": 99.407,
                                                    "Actual Total Time": 99.408,
                                                    "Actual Rows": 14070,
                                                    "Actual Loops": 1
                                                },
                                                {
                                                    "Worker Number": 2,
                                                    "Actual Startup Time": 99.912,
                                                    "Actual Total Time": 99.913,
                                                    "Actual Rows": 13533,
                                                    "Actual Loops": 1
                                                },
                                                {
                                                    "Worker Number": 3,
                                                    "Actual Startup Time": 100.039,
                                                    "Actual Total Time": 100.04,
                                                    "Actual Rows": 13808,
                                                    "Actual Loops": 1
                                                },
                                                {
                                                    "Worker Number": 4,
                                                    "Actual Startup Time": 99.904,
                                                    "Actual Total Time": 99.904,
                                                    "Actual Rows": 13547,
                                                    "Actual Loops": 1
                                                }
                                            ],
                                            "Plans": [
                                                {
                                                    "Node Type": "Seq Scan",
                                                    "Parent Relationship": "Outer",
                                                    "Parallel Aware": true,
                                                    "Relation Name": "title",
                                                    "Schema": "public",
                                                    "Alias": "t",
                                                    "Startup Cost": 0.0,
                                                    "Total Cost": 43899.01,
                                                    "Plan Rows": 23345,
                                                    "Plan Width": 4,
                                                    "Actual Startup Time": 0.044,
                                                    "Actual Total Time": 92.203,
                                                    "Actual Rows": 15834,
                                                    "Actual Loops": 6,
                                                    "Output": [
                                                        "t.id"
                                                    ],
                                                    "Filter": "(t.production_year = 2005)",
                                                    "Rows Removed by Filter": 405551,
                                                    "Workers": [
                                                        {
                                                            "Worker Number": 0,
                                                            "Actual Startup Time": 0.047,
                                                            "Actual Total Time": 91.501,
                                                            "Actual Rows": 14059,
                                                            "Actual Loops": 1
                                                        },
                                                        {
                                                            "Worker Number": 1,
                                                            "Actual Startup Time": 0.035,
                                                            "Actual Total Time": 91.157,
                                                            "Actual Rows": 14070,
                                                            "Actual Loops": 1
                                                        },
                                                        {
                                                            "Worker Number": 2,
                                                            "Actual Startup Time": 0.052,
                                                            "Actual Total Time": 92.122,
                                                            "Actual Rows": 13533,
                                                            "Actual Loops": 1
                                                        },
                                                        {
                                                            "Worker Number": 3,
                                                            "Actual Startup Time": 0.056,
                                                            "Actual Total Time": 92.117,
                                                            "Actual Rows": 13808,
                                                            "Actual Loops": 1
                                                        },
                                                        {
                                                            "Worker Number": 4,
                                                            "Actual Startup Time": 0.049,
                                                            "Actual Total Time": 91.411,
                                                            "Actual Rows": 13547,
                                                            "Actual Loops": 1
                                                        }
                                                    ]
                                                }
                                            ]
                                        }
                                    ]
                                }
                            ]
                        }
                    ]
                }
            ]
        },
        "Planning Time": 1470.432,
        "Triggers": [],
        "Execution Time": 205.844
    }
]