[
  {
    "Plan": {
      "Node Type": "Aggregate",
      "Strategy": "Plain",
      "Partial Mode": "Finalize",
      "Parallel Aware": false,
      "Startup Cost": 46738.02,
      "Total Cost": 46738.03,
      "Plan Rows": 1,
      "Plan Width": 8,
      "Actual Startup Time": 101.177,
      "Actual Total Time": 114.196,
      "Actual Rows": 1,
      "Actual Loops": 1,
      "Plans": [
        {
          "Node Type": "Gather",
          "Parent Relationship": "Outer",
          "Parallel Aware": false,
          "Startup Cost": 46737.6,
          "Total Cost": 46738.01,
          "Plan Rows": 4,
          "Plan Width": 8,
          "Actual Startup Time": 101.054,
          "Actual Total Time": 114.188,
          "Actual Rows": 5,
          "Actual Loops": 1,
          "Workers Planned": 4,
          "Workers Launched": 4,
          "Single Copy": false,
          "Plans": [
            {
              "Node Type": "Aggregate",
              "Strategy": "Plain",
              "Partial Mode": "Partial",
              "Parent Relationship": "Outer",
              "Parallel Aware": false,
              "Startup Cost": 45737.6,
              "Total Cost": 45737.61,
              "Plan Rows": 1,
              "Plan Width": 8,
              "Actual Startup Time": 91.629,
              "Actual Total Time": 91.63,
              "Actual Rows": 1,
              "Actual Loops": 5,
              "Plans": [
                {
                  "Node Type": "Seq Scan",
                  "Parent Relationship": "Outer",
                  "Parallel Aware": true,
                  "Relation Name": "title",
                  "Alias": "t",
                  "Startup Cost": 0.0,
                  "Total Cost": 45479.1,
                  "Plan Rows": 103402,
                  "Plan Width": 0,
                  "Actual Startup Time": 46.506,
                  "Actual Total Time": 88.953,
                  "Actual Rows": 60647,
                  "Actual Loops": 5,
                  "Filter": "((production_year > 1996) AND (kind_id = 1))",
                  "Rows Removed by Filter": 445015
                }
              ]
            }
          ]
        }
      ]
    },
    "Planning Time": 0.189,
    "Triggers": [],
    "Execution Time": 114.256
  }
]