[
  {
    "Plan": {
      "Node Type": "Aggregate",
      "Strategy": "Plain",
      "Partial Mode": "Finalize",
      "Parallel Aware": false,
      "Startup Cost": 266355.93,
      "Total Cost": 266355.94,
      "Plan Rows": 1,
      "Plan Width": 8,
      "Actual Startup Time": 1269.159,
      "Actual Total Time": 1351.076,
      "Actual Rows": 1,
      "Actual Loops": 1,
      "Plans": [
        {
          "Node Type": "Gather",
          "Parent Relationship": "Outer",
          "Parallel Aware": false,
          "Startup Cost": 266355.41,
          "Total Cost": 266355.92,
          "Plan Rows": 5,
          "Plan Width": 8,
          "Actual Startup Time": 1266.412,
          "Actual Total Time": 1351.063,
          "Actual Rows": 6,
          "Actual Loops": 1,
          "Workers Planned": 5,
          "Workers Launched": 5,
          "Single Copy": false,
          "Plans": [
            {
              "Node Type": "Aggregate",
              "Strategy": "Plain",
              "Partial Mode": "Partial",
              "Parent Relationship": "Outer",
              "Parallel Aware": false,
              "Startup Cost": 265355.41,
              "Total Cost": 265355.42,
              "Plan Rows": 1,
              "Plan Width": 8,
              "Actual Startup Time": 1257.908,
              "Actual Total Time": 1257.959,
              "Actual Rows": 1,
              "Actual Loops": 6,
              "Plans": [
                {
                  "Node Type": "Nested Loop",
                  "Parent Relationship": "Outer",
                  "Parallel Aware": false,
                  "Join Type": "Inner",
                  "Startup Cost": 61932.63,
                  "Total Cost": 264945.18,
                  "Plan Rows": 164091,
                  "Plan Width": 0,
                  "Actual Startup Time": 163.986,
                  "Actual Total Time": 1212.734,
                  "Actual Rows": 803792,
                  "Actual Loops": 6,
                  "Inner Unique": false,
                  "Join Filter": "(t.id = ci.movie_id)",
                  "Rows Removed by Join Filter": 0,
                  "Plans": [
                    {
                      "Node Type": "Hash Join",
                      "Parent Relationship": "Outer",
                      "Parallel Aware": true,
                      "Join Type": "Inner",
                      "Startup Cost": 61932.07,
                      "Total Cost": 226593.08,
                      "Plan Rows": 11445,
                      "Plan Width": 8,
                      "Actual Startup Time": 163.771,
                      "Actual Total Time": 252.328,
                      "Actual Rows": 20335,
                      "Actual Loops": 6,
                      "Inner Unique": true,
                      "Hash Cond": "(mi.movie_id = t.id)",
                      "Plans": [
                        {
                          "Node Type": "Bitmap Heap Scan",
                          "Parent Relationship": "Outer",
                          "Parallel Aware": true,
                          "Relation Name": "movie_info",
                          "Alias": "mi",
                          "Startup Cost": 15939.84,
                          "Total Cost": 180137.81,
                          "Plan Rows": 176398,
                          "Plan Width": 4,
                          "Actual Startup Time": 46.162,
                          "Actual Total Time": 93.868,
                          "Actual Rows": 145371,
                          "Actual Loops": 6,
                          "Recheck Cond": "(info_type_id > 97)",
                          "Rows Removed by Index Recheck": 0,
                          "Exact Heap Blocks": 6761,
                          "Lossy Heap Blocks": 0,
                          "Plans": [
                            {
                              "Node Type": "Bitmap Index Scan",
                              "Parent Relationship": "Outer",
                              "Parallel Aware": false,
                              "Index Name": "info_type_id_movie_info",
                              "Startup Cost": 0.0,
                              "Total Cost": 15719.34,
                              "Plan Rows": 881988,
                              "Plan Width": 0,
                              "Actual Startup Time": 41.196,
                              "Actual Total Time": 41.197,
                              "Actual Rows": 872224,
                              "Actual Loops": 1,
                              "Index Cond": "(info_type_id > 97)"
                            }
                          ]
                        },
                        {
                          "Node Type": "Hash",
                          "Parent Relationship": "Inner",
                          "Parallel Aware": true,
                          "Startup Cost": 45479.59,
                          "Total Cost": 45479.59,
                          "Plan Rows": 41011,
                          "Plan Width": 4,
                          "Actual Startup Time": 116.325,
                          "Actual Total Time": 116.326,
                          "Actual Rows": 50961,
                          "Actual Loops": 6,
                          "Hash Buckets": 524288,
                          "Original Hash Buckets": 262144,
                          "Hash Batches": 1,
                          "Original Hash Batches": 1,
                          "Peak Memory Usage": 18208,
                          "Plans": [
                            {
                              "Node Type": "Seq Scan",
                              "Parent Relationship": "Outer",
                              "Parallel Aware": true,
                              "Relation Name": "title",
                              "Alias": "t",
                              "Startup Cost": 0.0,
                              "Total Cost": 45479.59,
                              "Plan Rows": 41011,
                              "Plan Width": 4,
                              "Actual Startup Time": 46.91,
                              "Actual Total Time": 85.525,
                              "Actual Rows": 50961,
                              "Actual Loops": 6,
                              "Filter": "((production_year < 1988) AND (kind_id = 1))",
                              "Rows Removed by Filter": 370424
                            }
                          ]
                        }
                      ]
                    },
                    {
                      "Node Type": "Index Only Scan",
                      "Parent Relationship": "Inner",
                      "Parallel Aware": false,
                      "Scan Direction": "Forward",
                      "Index Name": "movie_id_cast_info",
                      "Relation Name": "cast_info",
                      "Alias": "ci",
                      "Startup Cost": 0.56,
                      "Total Cost": 2.91,
                      "Plan Rows": 35,
                      "Plan Width": 4,
                      "Actual Startup Time": 0.007,
                      "Actual Total Time": 0.043,
                      "Actual Rows": 40,
                      "Actual Loops": 122011,
                      "Index Cond": "(movie_id = mi.movie_id)",
                      "Rows Removed by Index Recheck": 0,
                      "Heap Fetches": 4822754
                    }
                  ]
                }
              ]
            }
          ]
        }
      ]
    },
    "Planning Time": 0.657,
    "Triggers": [],
    "Execution Time": 1351.168
  }
]