[
  {
    "Plan": {
      "Node Type": "Aggregate",
      "Strategy": "Plain",
      "Partial Mode": "Finalize",
      "Parallel Aware": false,
      "Startup Cost": 207017.9,
      "Total Cost": 207017.91,
      "Plan Rows": 1,
      "Plan Width": 8,
      "Actual Startup Time": 750.911,
      "Actual Total Time": 820.993,
      "Actual Rows": 1,
      "Actual Loops": 1,
      "Plans": [
        {
          "Node Type": "Gather",
          "Parent Relationship": "Outer",
          "Parallel Aware": false,
          "Startup Cost": 207017.38,
          "Total Cost": 207017.89,
          "Plan Rows": 5,
          "Plan Width": 8,
          "Actual Startup Time": 750.623,
          "Actual Total Time": 820.979,
          "Actual Rows": 6,
          "Actual Loops": 1,
          "Workers Planned": 5,
          "Workers Launched": 5,
          "Single Copy": false,
          "Plans": [
            {
              "Node Type": "Aggregate",
              "Strategy": "Plain",
              "Partial Mode": "Partial",
              "Parent Relationship": "Outer",
              "Parallel Aware": false,
              "Startup Cost": 206017.38,
              "Total Cost": 206017.39,
              "Plan Rows": 1,
              "Plan Width": 8,
              "Actual Startup Time": 741.67,
              "Actual Total Time": 741.672,
              "Actual Rows": 1,
              "Actual Loops": 6,
              "Plans": [
                {
                  "Node Type": "Seq Scan",
                  "Parent Relationship": "Outer",
                  "Parallel Aware": true,
                  "Relation Name": "movie_info",
                  "Alias": "mi",
                  "Startup Cost": 0.0,
                  "Total Cost": 199108.24,
                  "Plan Rows": 2763653,
                  "Plan Width": 0,
                  "Actual Startup Time": 0.061,
                  "Actual Total Time": 590.314,
                  "Actual Rows": 2301584,
                  "Actual Loops": 6,
                  "Filter": "(info_type_id < 85)",
                  "Rows Removed by Filter": 171036
                }
              ]
            }
          ]
        }
      ]
    },
    "Planning Time": 0.199,
    "Triggers": [],
    "Execution Time": 821.059
  }
]