[
    {
        "Bao": {
            "Bao prediction": "NaN",
            "Bao recommended hint": "(no hint)"
        }
    },
    {
        "Plan": {
            "Node Type": "Aggregate",
            "Strategy": "Plain",
            "Partial Mode": "Finalize",
            "Parallel Aware": false,
            "Startup Cost": 333901.02,
            "Total Cost": 333901.03,
            "Plan Rows": 1,
            "Plan Width": 8,
            "Actual Startup Time": 634.027,
            "Actual Total Time": 661.769,
            "Actual Rows": 1,
            "Actual Loops": 1,
            "Output": [
                "count(*)"
            ],
            "Plans": [
                {
                    "Node Type": "Gather",
                    "Parent Relationship": "Outer",
                    "Parallel Aware": false,
                    "Startup Cost": 333900.4,
                    "Total Cost": 333901.01,
                    "Plan Rows": 6,
                    "Plan Width": 8,
                    "Actual Startup Time": 633.923,
                    "Actual Total Time": 661.758,
                    "Actual Rows": 7,
                    "Actual Loops": 1,
                    "Output": [
                        "(PARTIAL count(*))"
                    ],
                    "Workers Planned": 6,
                    "Workers Launched": 6,
                    "Single Copy": false,
                    "Plans": [
                        {
                            "Node Type": "Aggregate",
                            "Strategy": "Plain",
                            "Partial Mode": "Partial",
                            "Parent Relationship": "Outer",
                            "Parallel Aware": false,
                            "Startup Cost": 332900.4,
                            "Total Cost": 332900.41,
                            "Plan Rows": 1,
                            "Plan Width": 8,
                            "Actual Startup Time": 624.548,
                            "Actual Total Time": 624.549,
                            "Actual Rows": 1,
                            "Actual Loops": 7,
                            "Output": [
                                "PARTIAL count(*)"
                            ],
                            "Workers": [
                                {
                                    "Worker Number": 0,
                                    "Actual Startup Time": 621.223,
                                    "Actual Total Time": 621.225,
                                    "Actual Rows": 1,
                                    "Actual Loops": 1
                                },
                                {
                                    "Worker Number": 1,
                                    "Actual Startup Time": 621.619,
                                    "Actual Total Time": 621.619,
                                    "Actual Rows": 1,
                                    "Actual Loops": 1
                                },
                                {
                                    "Worker Number": 2,
                                    "Actual Startup Time": 627.812,
                                    "Actual Total Time": 627.813,
                                    "Actual Rows": 1,
                                    "Actual Loops": 1
                                },
                                {
                                    "Worker Number": 3,
                                    "Actual Startup Time": 622.219,
                                    "Actual Total Time": 622.22,
                                    "Actual Rows": 1,
                                    "Actual Loops": 1
                                },
                                {
                                    "Worker Number": 4,
                                    "Actual Startup Time": 622.617,
                                    "Actual Total Time": 622.618,
                                    "Actual Rows": 1,
                                    "Actual Loops": 1
                                },
                                {
                                    "Worker Number": 5,
                                    "Actual Startup Time": 623.052,
                                    "Actual Total Time": 623.054,
                                    "Actual Rows": 1,
                                    "Actual Loops": 1
                                }
                            ],
                            "Plans": [
                                {
                                    "Node Type": "Seq Scan",
                                    "Parent Relationship": "Outer",
                                    "Parallel Aware": true,
                                    "Relation Name": "cast_info",
                                    "Schema": "public",
                                    "Alias": "ci",
                                    "Startup Cost": 0.0,
                                    "Total Cost": 328213.62,
                                    "Plan Rows": 1874712,
                                    "Plan Width": 0,
                                    "Actual Startup Time": 269.285,
                                    "Actual Total Time": 547.109,
                                    "Actual Rows": 1618451,
                                    "Actual Loops": 7,
                                    "Output": [
                                        "id",
                                        "person_id",
                                        "movie_id",
                                        "person_role_id",
                                        "note",
                                        "nr_order",
                                        "role_id"
                                    ],
                                    "Filter": "(ci.person_id > 2566964)",
                                    "Rows Removed by Filter": 3559312,
                                    "Workers": [
                                        {
                                            "Worker Number": 0,
                                            "Actual Startup Time": 265.964,
                                            "Actual Total Time": 546.512,
                                            "Actual Rows": 1662173,
                                            "Actual Loops": 1
                                        },
                                        {
                                            "Worker Number": 1,
                                            "Actual Startup Time": 266.353,
                                            "Actual Total Time": 545.909,
                                            "Actual Rows": 1747714,
                                            "Actual Loops": 1
                                        },
                                        {
                                            "Worker Number": 2,
                                            "Actual Startup Time": 272.548,
                                            "Actual Total Time": 556.594,
                                            "Actual Rows": 1745404,
                                            "Actual Loops": 1
                                        },
                                        {
                                            "Worker Number": 3,
                                            "Actual Startup Time": 266.961,
                                            "Actual Total Time": 546.483,
                                            "Actual Rows": 1748016,
                                            "Actual Loops": 1
                                        },
                                        {
                                            "Worker Number": 4,
                                            "Actual Startup Time": 267.35,
                                            "Actual Total Time": 551.635,
                                            "Actual Rows": 1726272,
                                            "Actual Loops": 1
                                        },
                                        {
                                            "Worker Number": 5,
                                            "Actual Startup Time": 267.782,
                                            "Actual Total Time": 544.954,
                                            "Actual Rows": 1172227,
                                            "Actual Loops": 1
                                        }
                                    ]
                                }
                            ]
                        }
                    ]
                }
            ]
        },
        "Planning Time": 280.62,
        "Triggers": [],
        "Execution Time": 661.86
    }
]