[
  {
    "Plan": {
      "Node Type": "Aggregate",
      "Strategy": "Plain",
      "Partial Mode": "Finalize",
      "Parallel Aware": false,
      "Startup Cost": 351675.14,
      "Total Cost": 351675.15,
      "Plan Rows": 1,
      "Plan Width": 8,
      "Actual Startup Time": 769.175,
      "Actual Total Time": 814.46,
      "Actual Rows": 1,
      "Actual Loops": 1,
      "Plans": [
        {
          "Node Type": "Gather",
          "Parent Relationship": "Outer",
          "Parallel Aware": false,
          "Startup Cost": 351674.51,
          "Total Cost": 351675.12,
          "Plan Rows": 6,
          "Plan Width": 8,
          "Actual Startup Time": 769.015,
          "Actual Total Time": 814.448,
          "Actual Rows": 7,
          "Actual Loops": 1,
          "Workers Planned": 6,
          "Workers Launched": 6,
          "Single Copy": false,
          "Plans": [
            {
              "Node Type": "Aggregate",
              "Strategy": "Plain",
              "Partial Mode": "Partial",
              "Parent Relationship": "Outer",
              "Parallel Aware": false,
              "Startup Cost": 350674.51,
              "Total Cost": 350674.52,
              "Plan Rows": 1,
              "Plan Width": 8,
              "Actual Startup Time": 760.712,
              "Actual Total Time": 760.713,
              "Actual Rows": 1,
              "Actual Loops": 7,
              "Plans": [
                {
                  "Node Type": "Seq Scan",
                  "Parent Relationship": "Outer",
                  "Parallel Aware": true,
                  "Relation Name": "cast_info",
                  "Alias": "ci",
                  "Startup Cost": 0.0,
                  "Total Cost": 343316.27,
                  "Plan Rows": 2943296,
                  "Plan Width": 0,
                  "Actual Startup Time": 225.267,
                  "Actual Total Time": 649.216,
                  "Actual Rows": 2481309,
                  "Actual Loops": 7,
                  "Filter": "((person_id > 1855283) AND (role_id < 11))",
                  "Rows Removed by Filter": 2696454
                }
              ]
            }
          ]
        }
      ]
    },
    "Planning Time": 0.131,
    "Triggers": [],
    "Execution Time": 814.513
  }
]