[
  {
    "Plan": {
      "Node Type": "Aggregate",
      "Strategy": "Plain",
      "Partial Mode": "Finalize",
      "Parallel Aware": false,
      "Startup Cost": 351541.98,
      "Total Cost": 351541.99,
      "Plan Rows": 1,
      "Plan Width": 8,
      "Actual Startup Time": 745.019,
      "Actual Total Time": 806.311,
      "Actual Rows": 1,
      "Actual Loops": 1,
      "Plans": [
        {
          "Node Type": "Gather",
          "Parent Relationship": "Outer",
          "Parallel Aware": false,
          "Startup Cost": 351541.36,
          "Total Cost": 351541.97,
          "Plan Rows": 6,
          "Plan Width": 8,
          "Actual Startup Time": 744.899,
          "Actual Total Time": 806.301,
          "Actual Rows": 7,
          "Actual Loops": 1,
          "Workers Planned": 6,
          "Workers Launched": 6,
          "Single Copy": false,
          "Plans": [
            {
              "Node Type": "Aggregate",
              "Strategy": "Plain",
              "Partial Mode": "Partial",
              "Parent Relationship": "Outer",
              "Parallel Aware": false,
              "Startup Cost": 350541.36,
              "Total Cost": 350541.37,
              "Plan Rows": 1,
              "Plan Width": 8,
              "Actual Startup Time": 735.864,
              "Actual Total Time": 735.866,
              "Actual Rows": 1,
              "Actual Loops": 7,
              "Plans": [
                {
                  "Node Type": "Seq Scan",
                  "Parent Relationship": "Outer",
                  "Parallel Aware": true,
                  "Relation Name": "cast_info",
                  "Alias": "ci",
                  "Startup Cost": 0.0,
                  "Total Cost": 343257.03,
                  "Plan Rows": 2913731,
                  "Plan Width": 0,
                  "Actual Startup Time": 221.549,
                  "Actual Total Time": 638.248,
                  "Actual Rows": 2481309,
                  "Actual Loops": 7,
                  "Filter": "((person_id > 1855283) AND (role_id < 11))",
                  "Rows Removed by Filter": 2696454
                }
              ]
            }
          ]
        }
      ]
    },
    "Planning Time": 0.195,
    "Triggers": [],
    "Execution Time": 806.378
  }
]