[
    {
        "Bao": {
            "Bao prediction": "NaN",
            "Bao recommended hint": "(no hint)"
        }
    },
    {
        "Plan": {
            "Node Type": "Aggregate",
            "Strategy": "Plain",
            "Partial Mode": "Finalize",
            "Parallel Aware": false,
            "Startup Cost": 32959.28,
            "Total Cost": 32959.29,
            "Plan Rows": 1,
            "Plan Width": 8,
            "Actual Startup Time": 105.05,
            "Actual Total Time": 112.562,
            "Actual Rows": 1,
            "Actual Loops": 1,
            "Output": [
                "count(*)"
            ],
            "Plans": [
                {
                    "Node Type": "Gather",
                    "Parent Relationship": "Outer",
                    "Parallel Aware": false,
                    "Startup Cost": 32958.96,
                    "Total Cost": 32959.27,
                    "Plan Rows": 3,
                    "Plan Width": 8,
                    "Actual Startup Time": 104.961,
                    "Actual Total Time": 112.554,
                    "Actual Rows": 4,
                    "Actual Loops": 1,
                    "Output": [
                        "(PARTIAL count(*))"
                    ],
                    "Workers Planned": 3,
                    "Workers Launched": 3,
                    "Single Copy": false,
                    "Plans": [
                        {
                            "Node Type": "Aggregate",
                            "Strategy": "Plain",
                            "Partial Mode": "Partial",
                            "Parent Relationship": "Outer",
                            "Parallel Aware": false,
                            "Startup Cost": 31958.96,
                            "Total Cost": 31958.97,
                            "Plan Rows": 1,
                            "Plan Width": 8,
                            "Actual Startup Time": 97.069,
                            "Actual Total Time": 97.07,
                            "Actual Rows": 1,
                            "Actual Loops": 4,
                            "Output": [
                                "PARTIAL count(*)"
                            ],
                            "Workers": [
                                {
                                    "Worker Number": 0,
                                    "Actual Startup Time": 94.097,
                                    "Actual Total Time": 94.098,
                                    "Actual Rows": 1,
                                    "Actual Loops": 1
                                },
                                {
                                    "Worker Number": 1,
                                    "Actual Startup Time": 94.611,
                                    "Actual Total Time": 94.612,
                                    "Actual Rows": 1,
                                    "Actual Loops": 1
                                },
                                {
                                    "Worker Number": 2,
                                    "Actual Startup Time": 94.996,
                                    "Actual Total Time": 94.997,
                                    "Actual Rows": 1,
                                    "Actual Loops": 1
                                }
                            ],
                            "Plans": [
                                {
                                    "Node Type": "Seq Scan",
                                    "Parent Relationship": "Outer",
                                    "Parallel Aware": true,
                                    "Relation Name": "movie_companies",
                                    "Schema": "public",
                                    "Alias": "mc",
                                    "Startup Cost": 0.0,
                                    "Total Cost": 31414.82,
                                    "Plan Rows": 217658,
                                    "Plan Width": 0,
                                    "Actual Startup Time": 46.843,
                                    "Actual Total Time": 85.751,
                                    "Actual Rows": 229180,
                                    "Actual Loops": 4,
                                    "Output": [
                                        "id",
                                        "movie_id",
                                        "company_id",
                                        "company_type_id",
                                        "note"
                                    ],
                                    "Filter": "((mc.company_id > 11219) AND (mc.company_type_id > 1))",
                                    "Rows Removed by Filter": 423102,
                                    "Workers": [
                                        {
                                            "Worker Number": 0,
                                            "Actual Startup Time": 43.874,
                                            "Actual Total Time": 83.274,
                                            "Actual Rows": 266007,
                                            "Actual Loops": 1
                                        },
                                        {
                                            "Worker Number": 1,
                                            "Actual Startup Time": 44.391,
                                            "Actual Total Time": 83.435,
                                            "Actual Rows": 169710,
                                            "Actual Loops": 1
                                        },
                                        {
                                            "Worker Number": 2,
                                            "Actual Startup Time": 44.762,
                                            "Actual Total Time": 84.003,
                                            "Actual Rows": 167391,
                                            "Actual Loops": 1
                                        }
                                    ]
                                }
                            ]
                        }
                    ]
                }
            ]
        },
        "Planning Time": 192.139,
        "Triggers": [],
        "Execution Time": 112.62
    }
]