[
  {
    "Plan": {
      "Node Type": "Aggregate",
      "Strategy": "Plain",
      "Partial Mode": "Finalize",
      "Parallel Aware": false,
      "Startup Cost": 199502.81,
      "Total Cost": 199502.82,
      "Plan Rows": 1,
      "Plan Width": 8,
      "Actual Startup Time": 245.23,
      "Actual Total Time": 259.809,
      "Actual Rows": 1,
      "Actual Loops": 1,
      "Plans": [
        {
          "Node Type": "Gather",
          "Parent Relationship": "Outer",
          "Parallel Aware": false,
          "Startup Cost": 199502.18,
          "Total Cost": 199502.79,
          "Plan Rows": 6,
          "Plan Width": 8,
          "Actual Startup Time": 245.135,
          "Actual Total Time": 259.8,
          "Actual Rows": 7,
          "Actual Loops": 1,
          "Workers Planned": 6,
          "Workers Launched": 6,
          "Single Copy": false,
          "Plans": [
            {
              "Node Type": "Aggregate",
              "Strategy": "Plain",
              "Partial Mode": "Partial",
              "Parent Relationship": "Outer",
              "Parallel Aware": false,
              "Startup Cost": 198502.18,
              "Total Cost": 198502.19,
              "Plan Rows": 1,
              "Plan Width": 8,
              "Actual Startup Time": 234.314,
              "Actual Total Time": 234.315,
              "Actual Rows": 1,
              "Actual Loops": 7,
              "Plans": [
                {
                  "Node Type": "Index Scan",
                  "Parent Relationship": "Outer",
                  "Parallel Aware": true,
                  "Scan Direction": "Forward",
                  "Index Name": "role_id_cast_info",
                  "Relation Name": "cast_info",
                  "Alias": "ci",
                  "Startup Cost": 0.56,
                  "Total Cost": 197877.72,
                  "Plan Rows": 249783,
                  "Plan Width": 0,
                  "Actual Startup Time": 11.898,
                  "Actual Total Time": 234.286,
                  "Actual Rows": 204,
                  "Actual Loops": 7,
                  "Index Cond": "(role_id = 2)",
                  "Rows Removed by Index Recheck": 0,
                  "Filter": "(person_id < 734342)",
                  "Rows Removed by Filter": 1064363
                }
              ]
            }
          ]
        }
      ]
    },
    "Planning Time": 0.203,
    "Triggers": [],
    "Execution Time": 259.876
  }
]