[
  {
    "Plan": {
      "Node Type": "Aggregate",
      "Strategy": "Plain",
      "Partial Mode": "Finalize",
      "Parallel Aware": false,
      "Startup Cost": 132787.58,
      "Total Cost": 132787.59,
      "Plan Rows": 1,
      "Plan Width": 8,
      "Actual Startup Time": 689.896,
      "Actual Total Time": 713.434,
      "Actual Rows": 1,
      "Actual Loops": 1,
      "Plans": [
        {
          "Node Type": "Gather",
          "Parent Relationship": "Outer",
          "Parallel Aware": false,
          "Startup Cost": 132787.26,
          "Total Cost": 132787.57,
          "Plan Rows": 3,
          "Plan Width": 8,
          "Actual Startup Time": 685.22,
          "Actual Total Time": 713.412,
          "Actual Rows": 4,
          "Actual Loops": 1,
          "Workers Planned": 3,
          "Workers Launched": 3,
          "Single Copy": false,
          "Plans": [
            {
              "Node Type": "Aggregate",
              "Strategy": "Plain",
              "Partial Mode": "Partial",
              "Parent Relationship": "Outer",
              "Parallel Aware": false,
              "Startup Cost": 131787.26,
              "Total Cost": 131787.27,
              "Plan Rows": 1,
              "Plan Width": 8,
              "Actual Startup Time": 678.893,
              "Actual Total Time": 679.158,
              "Actual Rows": 1,
              "Actual Loops": 4,
              "Plans": [
                {
                  "Node Type": "Hash Join",
                  "Parent Relationship": "Outer",
                  "Parallel Aware": true,
                  "Join Type": "Inner",
                  "Startup Cost": 81947.16,
                  "Total Cost": 130963.47,
                  "Plan Rows": 329515,
                  "Plan Width": 0,
                  "Actual Startup Time": 432.812,
                  "Actual Total Time": 669.926,
                  "Actual Rows": 181608,
                  "Actual Loops": 4,
                  "Inner Unique": false,
                  "Hash Cond": "(mk.movie_id = t.id)",
                  "Plans": [
                    {
                      "Node Type": "Seq Scan",
                      "Parent Relationship": "Outer",
                      "Parallel Aware": true,
                      "Relation Name": "movie_keyword",
                      "Alias": "mk",
                      "Startup Cost": 0.0,
                      "Total Cost": 42695.65,
                      "Plan Rows": 1402054,
                      "Plan Width": 4,
                      "Actual Startup Time": 0.039,
                      "Actual Total Time": 131.565,
                      "Actual Rows": 1086422,
                      "Actual Loops": 4,
                      "Filter": "(keyword_id > 125)",
                      "Rows Removed by Filter": 44560
                    },
                    {
                      "Node Type": "Hash",
                      "Parent Relationship": "Inner",
                      "Parallel Aware": true,
                      "Startup Cost": 79551.05,
                      "Total Cost": 79551.05,
                      "Plan Rows": 191689,
                      "Plan Width": 8,
                      "Actual Startup Time": 429.623,
                      "Actual Total Time": 429.887,
                      "Actual Rows": 53894,
                      "Actual Loops": 4,
                      "Hash Buckets": 1048576,
                      "Original Hash Buckets": 1048576,
                      "Hash Batches": 1,
                      "Original Hash Batches": 1,
                      "Peak Memory Usage": 16672,
                      "Plans": [
                        {
                          "Node Type": "Hash Join",
                          "Parent Relationship": "Outer",
                          "Parallel Aware": true,
                          "Join Type": "Inner",
                          "Startup Cost": 49160.15,
                          "Total Cost": 79551.05,
                          "Plan Rows": 191689,
                          "Plan Width": 8,
                          "Actual Startup Time": 250.83,
                          "Actual Total Time": 408.887,
                          "Actual Rows": 53894,
                          "Actual Loops": 4,
                          "Inner Unique": true,
                          "Hash Cond": "(mc.movie_id = t.id)",
                          "Plans": [
                            {
                              "Node Type": "Seq Scan",
                              "Parent Relationship": "Outer",
                              "Parallel Aware": true,
                              "Relation Name": "movie_companies",
                              "Alias": "mc",
                              "Startup Cost": 0.0,
                              "Total Cost": 29310.68,
                              "Plan Rows": 411513,
                              "Plan Width": 4,
                              "Actual Startup Time": 0.012,
                              "Actual Total Time": 76.948,
                              "Actual Rows": 318562,
                              "Actual Loops": 4,
                              "Filter": "(company_type_id = 1)",
                              "Rows Removed by Filter": 333721
                            },
                            {
                              "Node Type": "Hash",
                              "Parent Relationship": "Inner",
                              "Parallel Aware": true,
                              "Startup Cost": 45479.59,
                              "Total Cost": 45479.59,
                              "Plan Rows": 294445,
                              "Plan Width": 4,
                              "Actual Startup Time": 246.381,
                              "Actual Total Time": 246.382,
                              "Actual Rows": 315207,
                              "Actual Loops": 4,
                              "Hash Buckets": 2097152,
                              "Original Hash Buckets": 2097152,
                              "Hash Batches": 1,
                              "Original Hash Batches": 1,
                              "Peak Memory Usage": 65792,
                              "Plans": [
                                {
                                  "Node Type": "Seq Scan",
                                  "Parent Relationship": "Outer",
                                  "Parallel Aware": true,
                                  "Relation Name": "title",
                                  "Alias": "t",
                                  "Startup Cost": 0.0,
                                  "Total Cost": 45479.59,
                                  "Plan Rows": 294445,
                                  "Plan Width": 4,
                                  "Actual Startup Time": 0.047,
                                  "Actual Total Time": 118.346,
                                  "Actual Rows": 315207,
                                  "Actual Loops": 4,
                                  "Filter": "((production_year > 1981) AND (kind_id = 7))",
                                  "Rows Removed by Filter": 316871
                                }
                              ]
                            }
                          ]
                        }
                      ]
                    }
                  ]
                }
              ]
            }
          ]
        }
      ]
    },
    "Planning Time": 0.62,
    "Triggers": [],
    "Execution Time": 713.487
  }
]