[
  {
    "Plan": {
      "Node Type": "Aggregate",
      "Strategy": "Plain",
      "Partial Mode": "Finalize",
      "Parallel Aware": false,
      "Startup Cost": 335947.51,
      "Total Cost": 335947.52,
      "Plan Rows": 1,
      "Plan Width": 8,
      "Actual Startup Time": 646.625,
      "Actual Total Time": 673.334,
      "Actual Rows": 1,
      "Actual Loops": 1,
      "Plans": [
        {
          "Node Type": "Gather",
          "Parent Relationship": "Outer",
          "Parallel Aware": false,
          "Startup Cost": 335946.88,
          "Total Cost": 335947.49,
          "Plan Rows": 6,
          "Plan Width": 8,
          "Actual Startup Time": 646.54,
          "Actual Total Time": 673.328,
          "Actual Rows": 7,
          "Actual Loops": 1,
          "Workers Planned": 6,
          "Workers Launched": 6,
          "Single Copy": false,
          "Plans": [
            {
              "Node Type": "Aggregate",
              "Strategy": "Plain",
              "Partial Mode": "Partial",
              "Parent Relationship": "Outer",
              "Parallel Aware": false,
              "Startup Cost": 334946.88,
              "Total Cost": 334946.89,
              "Plan Rows": 1,
              "Plan Width": 8,
              "Actual Startup Time": 640.451,
              "Actual Total Time": 640.451,
              "Actual Rows": 1,
              "Actual Loops": 7,
              "Plans": [
                {
                  "Node Type": "Seq Scan",
                  "Parent Relationship": "Outer",
                  "Parallel Aware": true,
                  "Relation Name": "cast_info",
                  "Alias": "ci",
                  "Startup Cost": 0.0,
                  "Total Cost": 328213.62,
                  "Plan Rows": 2693307,
                  "Plan Width": 0,
                  "Actual Startup Time": 196.386,
                  "Actual Total Time": 536.932,
                  "Actual Rows": 2318597,
                  "Actual Loops": 7,
                  "Filter": "(person_id > 2010112)",
                  "Rows Removed by Filter": 2859166
                }
              ]
            }
          ]
        }
      ]
    },
    "Planning Time": 0.063,
    "Triggers": [],
    "Execution Time": 673.363
  }
]