[
  {
    "Plan": {
      "Node Type": "Aggregate",
      "Strategy": "Plain",
      "Partial Mode": "Finalize",
      "Parallel Aware": false,
      "Startup Cost": 33355.77,
      "Total Cost": 33355.78,
      "Plan Rows": 1,
      "Plan Width": 8,
      "Actual Startup Time": 104.273,
      "Actual Total Time": 109.609,
      "Actual Rows": 1,
      "Actual Loops": 1,
      "Plans": [
        {
          "Node Type": "Gather",
          "Parent Relationship": "Outer",
          "Parallel Aware": false,
          "Startup Cost": 33355.46,
          "Total Cost": 33355.77,
          "Plan Rows": 3,
          "Plan Width": 8,
          "Actual Startup Time": 104.038,
          "Actual Total Time": 109.6,
          "Actual Rows": 4,
          "Actual Loops": 1,
          "Workers Planned": 3,
          "Workers Launched": 3,
          "Single Copy": false,
          "Plans": [
            {
              "Node Type": "Aggregate",
              "Strategy": "Plain",
              "Partial Mode": "Partial",
              "Parent Relationship": "Outer",
              "Parallel Aware": false,
              "Startup Cost": 32355.46,
              "Total Cost": 32355.47,
              "Plan Rows": 1,
              "Plan Width": 8,
              "Actual Startup Time": 96.55,
              "Actual Total Time": 96.551,
              "Actual Rows": 1,
              "Actual Loops": 4,
              "Plans": [
                {
                  "Node Type": "Bitmap Heap Scan",
                  "Parent Relationship": "Outer",
                  "Parallel Aware": true,
                  "Relation Name": "movie_keyword",
                  "Alias": "mk",
                  "Startup Cost": 6434.31,
                  "Total Cost": 32110.93,
                  "Plan Rows": 97810,
                  "Plan Width": 0,
                  "Actual Startup Time": 35.728,
                  "Actual Total Time": 91.766,
                  "Actual Rows": 74461,
                  "Actual Loops": 4,
                  "Recheck Cond": "(keyword_id < 245)",
                  "Rows Removed by Index Recheck": 0,
                  "Exact Heap Blocks": 12560,
                  "Lossy Heap Blocks": 0,
                  "Plans": [
                    {
                      "Node Type": "Bitmap Index Scan",
                      "Parent Relationship": "Outer",
                      "Parallel Aware": false,
                      "Index Name": "keyword_id_movie_keyword",
                      "Startup Cost": 0.0,
                      "Total Cost": 6358.51,
                      "Plan Rows": 303210,
                      "Plan Width": 0,
                      "Actual Startup Time": 37.605,
                      "Actual Total Time": 37.605,
                      "Actual Rows": 297845,
                      "Actual Loops": 1,
                      "Index Cond": "(keyword_id < 245)"
                    }
                  ]
                }
              ]
            }
          ]
        }
      ]
    },
    "Planning Time": 0.189,
    "Triggers": [],
    "Execution Time": 109.689
  }
]