[
    {
        "Bao": {
            "Bao prediction": "NaN",
            "Bao recommended hint": "(no hint)"
        }
    },
    {
        "Plan": {
            "Node Type": "Aggregate",
            "Strategy": "Plain",
            "Partial Mode": "Finalize",
            "Parallel Aware": false,
            "Startup Cost": 25800.07,
            "Total Cost": 25800.08,
            "Plan Rows": 1,
            "Plan Width": 8,
            "Actual Startup Time": 45.03,
            "Actual Total Time": 48.734,
            "Actual Rows": 1,
            "Actual Loops": 1,
            "Output": [
                "count(*)"
            ],
            "Plans": [
                {
                    "Node Type": "Gather",
                    "Parent Relationship": "Outer",
                    "Parallel Aware": false,
                    "Startup Cost": 25799.75,
                    "Total Cost": 25800.06,
                    "Plan Rows": 3,
                    "Plan Width": 8,
                    "Actual Startup Time": 44.827,
                    "Actual Total Time": 48.727,
                    "Actual Rows": 4,
                    "Actual Loops": 1,
                    "Output": [
                        "(PARTIAL count(*))"
                    ],
                    "Workers Planned": 3,
                    "Workers Launched": 3,
                    "Single Copy": false,
                    "Plans": [
                        {
                            "Node Type": "Aggregate",
                            "Strategy": "Plain",
                            "Partial Mode": "Partial",
                            "Parent Relationship": "Outer",
                            "Parallel Aware": false,
                            "Startup Cost": 24799.75,
                            "Total Cost": 24799.76,
                            "Plan Rows": 1,
                            "Plan Width": 8,
                            "Actual Startup Time": 36.265,
                            "Actual Total Time": 36.268,
                            "Actual Rows": 1,
                            "Actual Loops": 4,
                            "Output": [
                                "PARTIAL count(*)"
                            ],
                            "Workers": [
                                {
                                    "Worker Number": 0,
                                    "Actual Startup Time": 33.262,
                                    "Actual Total Time": 33.268,
                                    "Actual Rows": 1,
                                    "Actual Loops": 1
                                },
                                {
                                    "Worker Number": 1,
                                    "Actual Startup Time": 33.339,
                                    "Actual Total Time": 33.341,
                                    "Actual Rows": 1,
                                    "Actual Loops": 1
                                },
                                {
                                    "Worker Number": 2,
                                    "Actual Startup Time": 33.886,
                                    "Actual Total Time": 33.887,
                                    "Actual Rows": 1,
                                    "Actual Loops": 1
                                }
                            ],
                            "Plans": [
                                {
                                    "Node Type": "Bitmap Heap Scan",
                                    "Parent Relationship": "Outer",
                                    "Parallel Aware": true,
                                    "Relation Name": "movie_companies",
                                    "Schema": "public",
                                    "Alias": "mc",
                                    "Startup Cost": 4913.02,
                                    "Total Cost": 24616.96,
                                    "Plan Rows": 73115,
                                    "Plan Width": 0,
                                    "Actual Startup Time": 5.442,
                                    "Actual Total Time": 32.126,
                                    "Actual Rows": 57688,
                                    "Actual Loops": 4,
                                    "Recheck Cond": "(mc.company_id > 105255)",
                                    "Rows Removed by Index Recheck": 0,
                                    "Exact Heap Blocks": 2819,
                                    "Lossy Heap Blocks": 0,
                                    "Workers": [
                                        {
                                            "Worker Number": 0,
                                            "Actual Startup Time": 2.582,
                                            "Actual Total Time": 29.735,
                                            "Actual Rows": 29083,
                                            "Actual Loops": 1
                                        },
                                        {
                                            "Worker Number": 1,
                                            "Actual Startup Time": 2.756,
                                            "Actual Total Time": 29.841,
                                            "Actual Rows": 29288,
                                            "Actual Loops": 1
                                        },
                                        {
                                            "Worker Number": 2,
                                            "Actual Startup Time": 2.969,
                                            "Actual Total Time": 30.335,
                                            "Actual Rows": 29127,
                                            "Actual Loops": 1
                                        }
                                    ],
                                    "Plans": [
                                        {
                                            "Node Type": "Bitmap Index Scan",
                                            "Parent Relationship": "Outer",
                                            "Parallel Aware": false,
                                            "Index Name": "company_id_movie_companies",
                                            "Startup Cost": 0.0,
                                            "Total Cost": 4856.36,
                                            "Plan Rows": 226657,
                                            "Plan Width": 0,
                                            "Actual Startup Time": 12.637,
                                            "Actual Total Time": 12.637,
                                            "Actual Rows": 230754,
                                            "Actual Loops": 1,
                                            "Index Cond": "(mc.company_id > 105255)"
                                        }
                                    ]
                                }
                            ]
                        }
                    ]
                }
            ]
        },
        "Planning Time": 190.518,
        "Triggers": [],
        "Execution Time": 48.784
    }
]