[
  {
    "Plan": {
      "Node Type": "Aggregate",
      "Strategy": "Plain",
      "Partial Mode": "Finalize",
      "Parallel Aware": false,
      "Startup Cost": 44351.93,
      "Total Cost": 44351.94,
      "Plan Rows": 1,
      "Plan Width": 8,
      "Actual Startup Time": 126.654,
      "Actual Total Time": 137.461,
      "Actual Rows": 1,
      "Actual Loops": 1,
      "Plans": [
        {
          "Node Type": "Gather",
          "Parent Relationship": "Outer",
          "Parallel Aware": false,
          "Startup Cost": 44351.61,
          "Total Cost": 44351.92,
          "Plan Rows": 3,
          "Plan Width": 8,
          "Actual Startup Time": 126.552,
          "Actual Total Time": 137.453,
          "Actual Rows": 4,
          "Actual Loops": 1,
          "Workers Planned": 3,
          "Workers Launched": 3,
          "Single Copy": false,
          "Plans": [
            {
              "Node Type": "Aggregate",
              "Strategy": "Plain",
              "Partial Mode": "Partial",
              "Parent Relationship": "Outer",
              "Parallel Aware": false,
              "Startup Cost": 43351.61,
              "Total Cost": 43351.62,
              "Plan Rows": 1,
              "Plan Width": 8,
              "Actual Startup Time": 118.817,
              "Actual Total Time": 118.818,
              "Actual Rows": 1,
              "Actual Loops": 4,
              "Plans": [
                {
                  "Node Type": "Seq Scan",
                  "Parent Relationship": "Outer",
                  "Parallel Aware": true,
                  "Relation Name": "movie_keyword",
                  "Alias": "mk",
                  "Startup Cost": 0.0,
                  "Total Cost": 42695.65,
                  "Plan Rows": 262382,
                  "Plan Width": 0,
                  "Actual Startup Time": 5.487,
                  "Actual Total Time": 107.826,
                  "Actual Rows": 199924,
                  "Actual Loops": 4,
                  "Filter": "(keyword_id > 23112)",
                  "Rows Removed by Filter": 931059
                }
              ]
            }
          ]
        }
      ]
    },
    "Planning Time": 0.164,
    "Triggers": [],
    "Execution Time": 137.512
  }
]