[
  {
    "Plan": {
      "Node Type": "Aggregate",
      "Strategy": "Plain",
      "Partial Mode": "Finalize",
      "Parallel Aware": false,
      "Startup Cost": 45297.13,
      "Total Cost": 45297.14,
      "Plan Rows": 1,
      "Plan Width": 8,
      "Actual Startup Time": 132.571,
      "Actual Total Time": 141.589,
      "Actual Rows": 1,
      "Actual Loops": 1,
      "Plans": [
        {
          "Node Type": "Gather",
          "Parent Relationship": "Outer",
          "Parallel Aware": false,
          "Startup Cost": 45296.82,
          "Total Cost": 45297.13,
          "Plan Rows": 3,
          "Plan Width": 8,
          "Actual Startup Time": 132.447,
          "Actual Total Time": 141.579,
          "Actual Rows": 4,
          "Actual Loops": 1,
          "Workers Planned": 3,
          "Workers Launched": 3,
          "Single Copy": false,
          "Plans": [
            {
              "Node Type": "Aggregate",
              "Strategy": "Plain",
              "Partial Mode": "Partial",
              "Parent Relationship": "Outer",
              "Parallel Aware": false,
              "Startup Cost": 44296.82,
              "Total Cost": 44296.83,
              "Plan Rows": 1,
              "Plan Width": 8,
              "Actual Startup Time": 125.928,
              "Actual Total Time": 125.93,
              "Actual Rows": 1,
              "Actual Loops": 4,
              "Plans": [
                {
                  "Node Type": "Seq Scan",
                  "Parent Relationship": "Outer",
                  "Parallel Aware": true,
                  "Relation Name": "movie_keyword",
                  "Alias": "mk",
                  "Startup Cost": 0.0,
                  "Total Cost": 42695.65,
                  "Plan Rows": 640465,
                  "Plan Width": 0,
                  "Actual Startup Time": 0.152,
                  "Actual Total Time": 103.924,
                  "Actual Rows": 496985,
                  "Actual Loops": 4,
                  "Filter": "(keyword_id < 3513)",
                  "Rows Removed by Filter": 633997
                }
              ]
            }
          ]
        }
      ]
    },
    "Planning Time": 0.094,
    "Triggers": [],
    "Execution Time": 141.619
  }
]