{
  "Plan": {
    "Node Type": "Aggregate",
    "Strategy": "Plain",
    "Partial Mode": "Finalize",
    "Parallel Aware": false,
    "Startup Cost": 1615876.66,
    "Total Cost": 1615876.67,
    "Plan Rows": 1,
    "Plan Width": 8,
    "Actual Startup Time": 3016.208,
    "Actual Total Time": 3047.414,
    "Actual Rows": 1,
    "Actual Loops": 1,
    "Plans": [
      {
        "Node Type": "Gather",
        "Parent Relationship": "Outer",
        "Parallel Aware": false,
        "Startup Cost": 1615876.55,
        "Total Cost": 1615876.66,
        "Plan Rows": 1,
        "Plan Width": 8,
        "Actual Startup Time": 3009.135,
        "Actual Total Time": 3047.405,
        "Actual Rows": 2,
        "Actual Loops": 1,
        "Workers Planned": 1,
        "Workers Launched": 1,
        "Single Copy": false,
        "Plans": [
          {
            "Node Type": "Aggregate",
            "Strategy": "Plain",
            "Partial Mode": "Partial",
            "Parent Relationship": "Outer",
            "Parallel Aware": false,
            "Startup Cost": 1614876.55,
            "Total Cost": 1614876.56,
            "Plan Rows": 1,
            "Plan Width": 8,
            "Actual Startup Time": 3003.091,
            "Actual Total Time": 3003.096,
            "Actual Rows": 1,
            "Actual Loops": 2,
            "Plans": [
              {
                "Node Type": "Merge Join",
                "Parent Relationship": "Outer",
                "Parallel Aware": false,
                "Join Type": "Inner",
                "Startup Cost": 429170.08,
                "Total Cost": 1594054.73,
                "Plan Rows": 8328730,
                "Plan Width": 0,
                "Actual Startup Time": 1534.3,
                "Actual Total Time": 2875.643,
                "Actual Rows": 3140594,
                "Actual Loops": 2,
                "Inner Unique": false,
                "Merge Cond": "(mi.movie_id = t.id)",
                "Plans": [
                  {
                    "Node Type": "Index Only Scan",
                    "Parent Relationship": "Outer",
                    "Parallel Aware": true,
                    "Scan Direction": "Forward",
                    "Index Name": "movie_id_movie_info",
                    "Relation Name": "movie_info",
                    "Alias": "mi",
                    "Startup Cost": 0.43,
                    "Total Cost": 1018223.42,
                    "Plan Rows": 8696274,
                    "Plan Width": 4,
                    "Actual Startup Time": 0.089,
                    "Actual Total Time": 827.3,
                    "Actual Rows": 2365869,
                    "Actual Loops": 2,
                    "Heap Fetches": 4731738
                  },
                  {
                    "Node Type": "Sort",
                    "Parent Relationship": "Inner",
                    "Parallel Aware": false,
                    "Startup Cost": 429169.1,
                    "Total Cost": 435222.69,
                    "Plan Rows": 2421436,
                    "Plan Width": 8,
                    "Actual Startup Time": 1531.617,
                    "Actual Total Time": 1650.657,
                    "Actual Rows": 3442812,
                    "Actual Loops": 2,
                    "Sort Key": [
                      "mk.movie_id"
                    ],
                    "Sort Method": "quicksort",
                    "Sort Space Used": 52910,
                    "Sort Space Type": "Memory",
                    "Workers": [
                      {
                        "Worker Number": 0,
                        "Sort Method": "quicksort",
                        "Sort Space Used": 52910,
                        "Sort Space Type": "Memory"
                      }
                    ],
                    "Plans": [
                      {
                        "Node Type": "Hash Join",
                        "Parent Relationship": "Outer",
                        "Parallel Aware": false,
                        "Join Type": "Inner",
                        "Startup Cost": 90838.27,
                        "Total Cost": 172406.91,
                        "Plan Rows": 2421436,
                        "Plan Width": 8,
                        "Actual Startup Time": 651.534,
                        "Actual Total Time": 1413.724,
                        "Actual Rows": 604445,
                        "Actual Loops": 2,
                        "Inner Unique": true,
                        "Hash Cond": "(mk.movie_id = t.id)",
                        "Plans": [
                          {
                            "Node Type": "Seq Scan",
                            "Parent Relationship": "Outer",
                            "Parallel Aware": false,
                            "Relation Name": "movie_keyword",
                            "Alias": "mk",
                            "Startup Cost": 0.0,
                            "Total Cost": 69693.3,
                            "Plan Rows": 4523930,
                            "Plan Width": 4,
                            "Actual Startup Time": 0.034,
                            "Actual Total Time": 295.902,
                            "Actual Rows": 4523930,
                            "Actual Loops": 2
                          },
                          {
                            "Node Type": "Hash",
                            "Parent Relationship": "Inner",
                            "Parallel Aware": false,
                            "Startup Cost": 73922.39,
                            "Total Cost": 73922.39,
                            "Plan Rows": 1353270,
                            "Plan Width": 4,
                            "Actual Startup Time": 634.375,
                            "Actual Total Time": 634.377,
                            "Actual Rows": 1432013,
                            "Actual Loops": 2,
                            "Hash Buckets": 2097152,
                            "Original Hash Buckets": 2097152,
                            "Hash Batches": 1,
                            "Original Hash Batches": 1,
                            "Peak Memory Usage": 66729,
                            "Plans": [
                              {
                                "Node Type": "Seq Scan",
                                "Parent Relationship": "Outer",
                                "Parallel Aware": false,
                                "Relation Name": "title",
                                "Alias": "t",
                                "Startup Cost": 0.0,
                                "Total Cost": 73922.39,
                                "Plan Rows": 1353270,
                                "Plan Width": 4,
                                "Actual Startup Time": 0.037,
                                "Actual Total Time": 312.004,
                                "Actual Rows": 1432013,
                                "Actual Loops": 2,
                                "Filter": "((production_year > 1959) AND (kind_id = 7))",
                                "Rows Removed by Filter": 1096299
                              }
                            ]
                          }
                        ]
                      }
                    ]
                  }
                ]
              }
            ]
          }
        ]
      }
    ]
  },
  "Planning Time": 0.899,
  "Triggers": [],
  "Execution Time": 3054.684
}