[
  {
    "Plan": {
      "Node Type": "Aggregate",
      "Strategy": "Plain",
      "Partial Mode": "Finalize",
      "Parallel Aware": false,
      "Startup Cost": 46511.95,
      "Total Cost": 46511.96,
      "Plan Rows": 1,
      "Plan Width": 8,
      "Actual Startup Time": 96.591,
      "Actual Total Time": 108.83,
      "Actual Rows": 1,
      "Actual Loops": 1,
      "Plans": [
        {
          "Node Type": "Gather",
          "Parent Relationship": "Outer",
          "Parallel Aware": false,
          "Startup Cost": 46511.53,
          "Total Cost": 46511.94,
          "Plan Rows": 4,
          "Plan Width": 8,
          "Actual Startup Time": 96.345,
          "Actual Total Time": 108.819,
          "Actual Rows": 5,
          "Actual Loops": 1,
          "Workers Planned": 4,
          "Workers Launched": 4,
          "Single Copy": false,
          "Plans": [
            {
              "Node Type": "Aggregate",
              "Strategy": "Plain",
              "Partial Mode": "Partial",
              "Parent Relationship": "Outer",
              "Parallel Aware": false,
              "Startup Cost": 45511.53,
              "Total Cost": 45511.54,
              "Plan Rows": 1,
              "Plan Width": 8,
              "Actual Startup Time": 86.919,
              "Actual Total Time": 86.92,
              "Actual Rows": 1,
              "Actual Loops": 5,
              "Plans": [
                {
                  "Node Type": "Seq Scan",
                  "Parent Relationship": "Outer",
                  "Parallel Aware": true,
                  "Relation Name": "title",
                  "Alias": "t",
                  "Startup Cost": 0.0,
                  "Total Cost": 45479.1,
                  "Plan Rows": 12974,
                  "Plan Width": 0,
                  "Actual Startup Time": 0.045,
                  "Actual Total Time": 85.835,
                  "Actual Rows": 11296,
                  "Actual Loops": 5,
                  "Filter": "((kind_id = 7) AND (production_year = 2004))",
                  "Rows Removed by Filter": 494366
                }
              ]
            }
          ]
        }
      ]
    },
    "Planning Time": 0.219,
    "Triggers": [],
    "Execution Time": 108.886
  }
]