{
  "Plan": {
    "Node Type": "Aggregate",
    "Strategy": "Plain",
    "Partial Mode": "Finalize",
    "Parallel Aware": false,
    "Startup Cost": 326996.25,
    "Total Cost": 326996.26,
    "Plan Rows": 1,
    "Plan Width": 8,
    "Actual Startup Time": 2262.77,
    "Actual Total Time": 2290.544,
    "Actual Rows": 1,
    "Actual Loops": 1,
    "Plans": [
      {
        "Node Type": "Gather",
        "Parent Relationship": "Outer",
        "Parallel Aware": false,
        "Startup Cost": 326996.14,
        "Total Cost": 326996.25,
        "Plan Rows": 1,
        "Plan Width": 8,
        "Actual Startup Time": 2262.464,
        "Actual Total Time": 2290.536,
        "Actual Rows": 2,
        "Actual Loops": 1,
        "Workers Planned": 1,
        "Workers Launched": 1,
        "Single Copy": false,
        "Plans": [
          {
            "Node Type": "Aggregate",
            "Strategy": "Plain",
            "Partial Mode": "Partial",
            "Parent Relationship": "Outer",
            "Parallel Aware": false,
            "Startup Cost": 325996.14,
            "Total Cost": 325996.15,
            "Plan Rows": 1,
            "Plan Width": 8,
            "Actual Startup Time": 2256.615,
            "Actual Total Time": 2256.618,
            "Actual Rows": 1,
            "Actual Loops": 2,
            "Plans": [
              {
                "Node Type": "Merge Join",
                "Parent Relationship": "Outer",
                "Parallel Aware": false,
                "Join Type": "Inner",
                "Startup Cost": 6.92,
                "Total Cost": 324363.03,
                "Plan Rows": 653242,
                "Plan Width": 0,
                "Actual Startup Time": 2.508,
                "Actual Total Time": 2192.422,
                "Actual Rows": 1527276,
                "Actual Loops": 2,
                "Inner Unique": false,
                "Merge Cond": "(t.id = mc.movie_id)",
                "Plans": [
                  {
                    "Node Type": "Merge Join",
                    "Parent Relationship": "Outer",
                    "Parallel Aware": false,
                    "Join Type": "Inner",
                    "Startup Cost": 2.97,
                    "Total Cost": 169839.14,
                    "Plan Rows": 633004,
                    "Plan Width": 8,
                    "Actual Startup Time": 1.488,
                    "Actual Total Time": 1068.631,
                    "Actual Rows": 536412,
                    "Actual Loops": 2,
                    "Inner Unique": false,
                    "Merge Cond": "(t.id = mi_idx.movie_id)",
                    "Plans": [
                      {
                        "Node Type": "Index Scan",
                        "Parent Relationship": "Outer",
                        "Parallel Aware": true,
                        "Scan Direction": "Forward",
                        "Index Name": "title_pkey",
                        "Relation Name": "title",
                        "Alias": "t",
                        "Startup Cost": 0.43,
                        "Total Cost": 103647.43,
                        "Plan Rows": 1159694,
                        "Plan Width": 4,
                        "Actual Startup Time": 0.066,
                        "Actual Total Time": 670.337,
                        "Actual Rows": 980706,
                        "Actual Loops": 2,
                        "Filter": "(production_year > 1978)",
                        "Rows Removed by Filter": 282236
                      },
                      {
                        "Node Type": "Index Only Scan",
                        "Parent Relationship": "Inner",
                        "Parallel Aware": false,
                        "Scan Direction": "Forward",
                        "Index Name": "movie_id_movie_info_idx",
                        "Relation Name": "movie_info_idx",
                        "Alias": "mi_idx",
                        "Startup Cost": 0.43,
                        "Total Cost": 53620.22,
                        "Plan Rows": 1380035,
                        "Plan Width": 4,
                        "Actual Startup Time": 0.165,
                        "Actual Total Time": 247.844,
                        "Actual Rows": 1380025,
                        "Actual Loops": 2,
                        "Heap Fetches": 2760050
                      }
                    ]
                  },
                  {
                    "Node Type": "Index Only Scan",
                    "Parent Relationship": "Inner",
                    "Parallel Aware": false,
                    "Scan Direction": "Forward",
                    "Index Name": "movie_id_movie_companies",
                    "Relation Name": "movie_companies",
                    "Alias": "mc",
                    "Startup Cost": 0.43,
                    "Total Cost": 140059.44,
                    "Plan Rows": 2609129,
                    "Plan Width": 4,
                    "Actual Startup Time": 0.107,
                    "Actual Total Time": 848.3,
                    "Actual Rows": 3628114,
                    "Actual Loops": 2,
                    "Heap Fetches": 7256227
                  }
                ]
              }
            ]
          }
        ]
      }
    ]
  },
  "Planning Time": 1.005,
  "Triggers": [],
  "Execution Time": 2290.631
}