[
    {
        "Bao": {
            "Bao prediction": "NaN",
            "Bao recommended hint": "(no hint)"
        }
    },
    {
        "Plan": {
            "Node Type": "Aggregate",
            "Strategy": "Plain",
            "Partial Mode": "Finalize",
            "Parallel Aware": false,
            "Startup Cost": 32777.71,
            "Total Cost": 32777.72,
            "Plan Rows": 1,
            "Plan Width": 8,
            "Actual Startup Time": 92.93,
            "Actual Total Time": 97.974,
            "Actual Rows": 1,
            "Actual Loops": 1,
            "Output": [
                "count(*)"
            ],
            "Plans": [
                {
                    "Node Type": "Gather",
                    "Parent Relationship": "Outer",
                    "Parallel Aware": false,
                    "Startup Cost": 32777.39,
                    "Total Cost": 32777.7,
                    "Plan Rows": 3,
                    "Plan Width": 8,
                    "Actual Startup Time": 92.829,
                    "Actual Total Time": 97.967,
                    "Actual Rows": 4,
                    "Actual Loops": 1,
                    "Output": [
                        "(PARTIAL count(*))"
                    ],
                    "Workers Planned": 3,
                    "Workers Launched": 3,
                    "Single Copy": false,
                    "Plans": [
                        {
                            "Node Type": "Aggregate",
                            "Strategy": "Plain",
                            "Partial Mode": "Partial",
                            "Parent Relationship": "Outer",
                            "Parallel Aware": false,
                            "Startup Cost": 31777.39,
                            "Total Cost": 31777.4,
                            "Plan Rows": 1,
                            "Plan Width": 8,
                            "Actual Startup Time": 84.506,
                            "Actual Total Time": 84.508,
                            "Actual Rows": 1,
                            "Actual Loops": 4,
                            "Output": [
                                "PARTIAL count(*)"
                            ],
                            "Workers": [
                                {
                                    "Worker Number": 0,
                                    "Actual Startup Time": 81.656,
                                    "Actual Total Time": 81.657,
                                    "Actual Rows": 1,
                                    "Actual Loops": 1
                                },
                                {
                                    "Worker Number": 1,
                                    "Actual Startup Time": 81.841,
                                    "Actual Total Time": 81.843,
                                    "Actual Rows": 1,
                                    "Actual Loops": 1
                                },
                                {
                                    "Worker Number": 2,
                                    "Actual Startup Time": 82.14,
                                    "Actual Total Time": 82.141,
                                    "Actual Rows": 1,
                                    "Actual Loops": 1
                                }
                            ],
                            "Plans": [
                                {
                                    "Node Type": "Seq Scan",
                                    "Parent Relationship": "Outer",
                                    "Parallel Aware": true,
                                    "Relation Name": "movie_companies",
                                    "Schema": "public",
                                    "Alias": "mc",
                                    "Startup Cost": 0.0,
                                    "Total Cost": 31414.82,
                                    "Plan Rows": 145029,
                                    "Plan Width": 0,
                                    "Actual Startup Time": 44.342,
                                    "Actual Total Time": 76.666,
                                    "Actual Rows": 193399,
                                    "Actual Loops": 4,
                                    "Output": [
                                        "id",
                                        "movie_id",
                                        "company_id",
                                        "company_type_id",
                                        "note"
                                    ],
                                    "Filter": "((mc.company_id > 22459) AND (mc.company_type_id = 2))",
                                    "Rows Removed by Filter": 458883,
                                    "Workers": [
                                        {
                                            "Worker Number": 0,
                                            "Actual Startup Time": 41.499,
                                            "Actual Total Time": 74.172,
                                            "Actual Rows": 183294,
                                            "Actual Loops": 1
                                        },
                                        {
                                            "Worker Number": 1,
                                            "Actual Startup Time": 41.682,
                                            "Actual Total Time": 74.31,
                                            "Actual Rows": 184593,
                                            "Actual Loops": 1
                                        },
                                        {
                                            "Worker Number": 2,
                                            "Actual Startup Time": 41.964,
                                            "Actual Total Time": 74.593,
                                            "Actual Rows": 184158,
                                            "Actual Loops": 1
                                        }
                                    ]
                                }
                            ]
                        }
                    ]
                }
            ]
        },
        "Planning Time": 187.834,
        "Triggers": [],
        "Execution Time": 98.049
    }
]