{
  "Plan": {
    "Node Type": "Aggregate",
    "Strategy": "Plain",
    "Partial Mode": "Finalize",
    "Parallel Aware": false,
    "Startup Cost": 102560.4,
    "Total Cost": 102560.41,
    "Plan Rows": 1,
    "Plan Width": 8,
    "Actual Startup Time": 460.318,
    "Actual Total Time": 473.108,
    "Actual Rows": 1,
    "Actual Loops": 1,
    "Plans": [
      {
        "Node Type": "Gather",
        "Parent Relationship": "Outer",
        "Parallel Aware": false,
        "Startup Cost": 102560.29,
        "Total Cost": 102560.4,
        "Plan Rows": 1,
        "Plan Width": 8,
        "Actual Startup Time": 458.965,
        "Actual Total Time": 473.101,
        "Actual Rows": 2,
        "Actual Loops": 1,
        "Workers Planned": 1,
        "Workers Launched": 1,
        "Single Copy": false,
        "Plans": [
          {
            "Node Type": "Aggregate",
            "Strategy": "Plain",
            "Partial Mode": "Partial",
            "Parent Relationship": "Outer",
            "Parallel Aware": false,
            "Startup Cost": 101560.29,
            "Total Cost": 101560.3,
            "Plan Rows": 1,
            "Plan Width": 8,
            "Actual Startup Time": 454.069,
            "Actual Total Time": 454.074,
            "Actual Rows": 1,
            "Actual Loops": 2,
            "Plans": [
              {
                "Node Type": "Hash Join",
                "Parent Relationship": "Outer",
                "Parallel Aware": true,
                "Join Type": "Inner",
                "Startup Cost": 77155.3,
                "Total Cost": 101282.62,
                "Plan Rows": 111067,
                "Plan Width": 0,
                "Actual Startup Time": 299.093,
                "Actual Total Time": 449.549,
                "Actual Rows": 99612,
                "Actual Loops": 2,
                "Inner Unique": true,
                "Hash Cond": "(mc.movie_id = t.id)",
                "Plans": [
                  {
                    "Node Type": "Bitmap Heap Scan",
                    "Parent Relationship": "Outer",
                    "Parallel Aware": true,
                    "Relation Name": "movie_companies",
                    "Alias": "mc",
                    "Startup Cost": 12997.63,
                    "Total Cost": 36198.64,
                    "Plan Rows": 352881,
                    "Plan Width": 4,
                    "Actual Startup Time": 26.643,
                    "Actual Total Time": 91.306,
                    "Actual Rows": 296733,
                    "Actual Loops": 2,
                    "Recheck Cond": "(company_id < 686)",
                    "Rows Removed by Index Recheck": 0,
                    "Exact Heap Blocks": 10654,
                    "Lossy Heap Blocks": 0,
                    "Plans": [
                      {
                        "Node Type": "Bitmap Index Scan",
                        "Parent Relationship": "Outer",
                        "Parallel Aware": false,
                        "Index Name": "company_id_movie_companies",
                        "Startup Cost": 0.0,
                        "Total Cost": 12847.66,
                        "Plan Rows": 599897,
                        "Plan Width": 0,
                        "Actual Startup Time": 23.834,
                        "Actual Total Time": 23.834,
                        "Actual Rows": 593466,
                        "Actual Loops": 1,
                        "Index Cond": "(company_id < 686)"
                      }
                    ]
                  },
                  {
                    "Node Type": "Hash",
                    "Parent Relationship": "Inner",
                    "Parallel Aware": true,
                    "Startup Cost": 58306.47,
                    "Total Cost": 58306.47,
                    "Plan Rows": 468096,
                    "Plan Width": 4,
                    "Actual Startup Time": 265.5,
                    "Actual Total Time": 265.501,
                    "Actual Rows": 350974,
                    "Actual Loops": 2,
                    "Hash Buckets": 1048576,
                    "Original Hash Buckets": 1048576,
                    "Hash Batches": 1,
                    "Original Hash Batches": 1,
                    "Peak Memory Usage": 35712,
                    "Plans": [
                      {
                        "Node Type": "Seq Scan",
                        "Parent Relationship": "Outer",
                        "Parallel Aware": true,
                        "Relation Name": "title",
                        "Alias": "t",
                        "Startup Cost": 0.0,
                        "Total Cost": 58306.47,
                        "Plan Rows": 468096,
                        "Plan Width": 4,
                        "Actual Startup Time": 0.059,
                        "Actual Total Time": 159.432,
                        "Actual Rows": 350974,
                        "Actual Loops": 2,
                        "Filter": "((kind_id < 7) AND (production_year > 1974))",
                        "Rows Removed by Filter": 913182
                      }
                    ]
                  }
                ]
              }
            ]
          }
        ]
      }
    ]
  },
  "Planning Time": 0.336,
  "Triggers": [],
  "Execution Time": 473.178
}