[
    {
        "Bao": {
            "Bao prediction": 703.346,
            "Bao recommended hint": "(no hint)"
        }
    },
    {
        "Plan": {
            "Node Type": "Aggregate",
            "Strategy": "Plain",
            "Partial Mode": "Finalize",
            "Parallel Aware": false,
            "Startup Cost": 19144.69,
            "Total Cost": 19144.7,
            "Plan Rows": 1,
            "Plan Width": 96,
            "Actual Startup Time": 1417.361,
            "Actual Total Time": 1531.04,
            "Actual Rows": 1,
            "Actual Loops": 1,
            "Output": [
                "min(mi.info)",
                "min(mi_idx.info)",
                "min(t.title)"
            ],
            "Plans": [
                {
                    "Node Type": "Gather",
                    "Parent Relationship": "Outer",
                    "Parallel Aware": false,
                    "Startup Cost": 19144.47,
                    "Total Cost": 19144.68,
                    "Plan Rows": 2,
                    "Plan Width": 96,
                    "Actual Startup Time": 1417.348,
                    "Actual Total Time": 1531.027,
                    "Actual Rows": 3,
                    "Actual Loops": 1,
                    "Output": [
                        "(PARTIAL min(mi.info))",
                        "(PARTIAL min(mi_idx.info))",
                        "(PARTIAL min(t.title))"
                    ],
                    "Workers Planned": 2,
                    "Workers Launched": 2,
                    "Single Copy": false,
                    "Plans": [
                        {
                            "Node Type": "Aggregate",
                            "Strategy": "Plain",
                            "Partial Mode": "Partial",
                            "Parent Relationship": "Outer",
                            "Parallel Aware": false,
                            "Startup Cost": 18144.47,
                            "Total Cost": 18144.48,
                            "Plan Rows": 1,
                            "Plan Width": 96,
                            "Actual Startup Time": 1406.838,
                            "Actual Total Time": 1406.843,
                            "Actual Rows": 1,
                            "Actual Loops": 3,
                            "Output": [
                                "PARTIAL min(mi.info)",
                                "PARTIAL min(mi_idx.info)",
                                "PARTIAL min(t.title)"
                            ],
                            "Workers": [
                                {
                                    "Worker Number": 0,
                                    "Actual Startup Time": 1402.437,
                                    "Actual Total Time": 1402.442,
                                    "Actual Rows": 1,
                                    "Actual Loops": 1
                                },
                                {
                                    "Worker Number": 1,
                                    "Actual Startup Time": 1402.493,
                                    "Actual Total Time": 1402.498,
                                    "Actual Rows": 1,
                                    "Actual Loops": 1
                                }
                            ],
                            "Plans": [
                                {
                                    "Node Type": "Nested Loop",
                                    "Parent Relationship": "Outer",
                                    "Parallel Aware": false,
                                    "Join Type": "Inner",
                                    "Startup Cost": 6.71,
                                    "Total Cost": 18144.46,
                                    "Plan Rows": 1,
                                    "Plan Width": 65,
                                    "Actual Startup Time": 24.832,
                                    "Actual Total Time": 1403.885,
                                    "Actual Rows": 7155,
                                    "Actual Loops": 3,
                                    "Output": [
                                        "mi.info",
                                        "mi_idx.info",
                                        "t.title"
                                    ],
                                    "Inner Unique": true,
                                    "Workers": [
                                        {
                                            "Worker Number": 0,
                                            "Actual Startup Time": 28.335,
                                            "Actual Total Time": 1399.288,
                                            "Actual Rows": 8181,
                                            "Actual Loops": 1
                                        },
                                        {
                                            "Worker Number": 1,
                                            "Actual Startup Time": 19.527,
                                            "Actual Total Time": 1399.652,
                                            "Actual Rows": 6637,
                                            "Actual Loops": 1
                                        }
                                    ],
                                    "Plans": [
                                        {
                                            "Node Type": "Nested Loop",
                                            "Parent Relationship": "Outer",
                                            "Parallel Aware": false,
                                            "Join Type": "Inner",
                                            "Startup Cost": 6.28,
                                            "Total Cost": 18142.4,
                                            "Plan Rows": 4,
                                            "Plan Width": 69,
                                            "Actual Startup Time": 17.91,
                                            "Actual Total Time": 1290.054,
                                            "Actual Rows": 11702,
                                            "Actual Loops": 3,
                                            "Output": [
                                                "ci.person_id",
                                                "mi.info",
                                                "mi_idx.info",
                                                "t.title"
                                            ],
                                            "Inner Unique": false,
                                            "Workers": [
                                                {
                                                    "Worker Number": 0,
                                                    "Actual Startup Time": 8.512,
                                                    "Actual Total Time": 1276.723,
                                                    "Actual Rows": 12960,
                                                    "Actual Loops": 1
                                                },
                                                {
                                                    "Worker Number": 1,
                                                    "Actual Startup Time": 18.744,
                                                    "Actual Total Time": 1287.995,
                                                    "Actual Rows": 11049,
                                                    "Actual Loops": 1
                                                }
                                            ],
                                            "Plans": [
                                                {
                                                    "Node Type": "Hash Join",
                                                    "Parent Relationship": "Outer",
                                                    "Parallel Aware": false,
                                                    "Join Type": "Inner",
                                                    "Startup Cost": 5.72,
                                                    "Total Cost": 18139.9,
                                                    "Plan Rows": 1,
                                                    "Plan Width": 77,
                                                    "Actual Startup Time": 6.11,
                                                    "Actual Total Time": 979.955,
                                                    "Actual Rows": 1989,
                                                    "Actual Loops": 3,
                                                    "Output": [
                                                        "mi.info",
                                                        "mi.movie_id",
                                                        "mi_idx.info",
                                                        "mi_idx.movie_id",
                                                        "t.title",
                                                        "t.id"
                                                    ],
                                                    "Inner Unique": true,
                                                    "Hash Cond": "(mi.info_type_id = it1.id)",
                                                    "Workers": [
                                                        {
                                                            "Worker Number": 0,
                                                            "Actual Startup Time": 6.854,
                                                            "Actual Total Time": 957.778,
                                                            "Actual Rows": 2007,
                                                            "Actual Loops": 1
                                                        },
                                                        {
                                                            "Worker Number": 1,
                                                            "Actual Startup Time": 4.793,
                                                            "Actual Total Time": 980.738,
                                                            "Actual Rows": 1922,
                                                            "Actual Loops": 1
                                                        }
                                                    ],
                                                    "Plans": [
                                                        {
                                                            "Node Type": "Nested Loop",
                                                            "Parent Relationship": "Outer",
                                                            "Parallel Aware": false,
                                                            "Join Type": "Inner",
                                                            "Startup Cost": 3.29,
                                                            "Total Cost": 18137.16,
                                                            "Plan Rows": 115,
                                                            "Plan Width": 81,
                                                            "Actual Startup Time": 5.776,
                                                            "Actual Total Time": 978.275,
                                                            "Actual Rows": 1989,
                                                            "Actual Loops": 3,
                                                            "Output": [
                                                                "mi_idx.info",
                                                                "mi_idx.movie_id",
                                                                "mi.info",
                                                                "mi.movie_id",
                                                                "mi.info_type_id",
                                                                "t.title",
                                                                "t.id"
                                                            ],
                                                            "Inner Unique": false,
                                                            "Workers": [
                                                                {
                                                                    "Worker Number": 0,
                                                                    "Actual Startup Time": 6.471,
                                                                    "Actual Total Time": 956.07,
                                                                    "Actual Rows": 2007,
                                                                    "Actual Loops": 1
                                                                },
                                                                {
                                                                    "Worker Number": 1,
                                                                    "Actual Startup Time": 4.391,
                                                                    "Actual Total Time": 979.069,
                                                                    "Actual Rows": 1922,
                                                                    "Actual Loops": 1
                                                                }
                                                            ],
                                                            "Plans": [
                                                                {
                                                                    "Node Type": "Nested Loop",
                                                                    "Parent Relationship": "Outer",
                                                                    "Parallel Aware": false,
                                                                    "Join Type": "Inner",
                                                                    "Startup Cost": 2.86,
                                                                    "Total Cost": 16768.07,
                                                                    "Plan Rows": 734,
                                                                    "Plan Width": 30,
                                                                    "Actual Startup Time": 0.294,
                                                                    "Actual Total Time": 394.186,
                                                                    "Actual Rows": 39680,
                                                                    "Actual Loops": 3,
                                                                    "Output": [
                                                                        "mi_idx.info",
                                                                        "mi_idx.movie_id",
                                                                        "t.title",
                                                                        "t.id"
                                                                    ],
                                                                    "Inner Unique": true,
                                                                    "Workers": [
                                                                        {
                                                                            "Worker Number": 0,
                                                                            "Actual Startup Time": 0.323,
                                                                            "Actual Total Time": 386.807,
                                                                            "Actual Rows": 39070,
                                                                            "Actual Loops": 1
                                                                        },
                                                                        {
                                                                            "Worker Number": 1,
                                                                            "Actual Startup Time": 0.332,
                                                                            "Actual Total Time": 391.299,
                                                                            "Actual Rows": 39526,
                                                                            "Actual Loops": 1
                                                                        }
                                                                    ],
                                                                    "Plans": [
                                                                        {
                                                                            "Node Type": "Hash Join",
                                                                            "Parent Relationship": "Outer",
                                                                            "Parallel Aware": false,
                                                                            "Join Type": "Inner",
                                                                            "Startup Cost": 2.43,
                                                                            "Total Cost": 15521.46,
                                                                            "Plan Rows": 1288,
                                                                            "Plan Width": 9,
                                                                            "Actual Startup Time": 0.137,
                                                                            "Actual Total Time": 106.371,
                                                                            "Actual Rows": 78339,
                                                                            "Actual Loops": 3,
                                                                            "Output": [
                                                                                "mi_idx.info",
                                                                                "mi_idx.movie_id"
                                                                            ],
                                                                            "Inner Unique": true,
                                                                            "Hash Cond": "(mi_idx.info_type_id = it2.id)",
                                                                            "Workers": [
                                                                                {
                                                                                    "Worker Number": 0,
                                                                                    "Actual Startup Time": 0.145,
                                                                                    "Actual Total Time": 104.098,
                                                                                    "Actual Rows": 76932,
                                                                                    "Actual Loops": 1
                                                                                },
                                                                                {
                                                                                    "Worker Number": 1,
                                                                                    "Actual Startup Time": 0.143,
                                                                                    "Actual Total Time": 105.424,
                                                                                    "Actual Rows": 77749,
                                                                                    "Actual Loops": 1
                                                                                }
                                                                            ],
                                                                            "Plans": [
                                                                                {
                                                                                    "Node Type": "Seq Scan",
                                                                                    "Parent Relationship": "Outer",
                                                                                    "Parallel Aware": true,
                                                                                    "Relation Name": "movie_info_idx",
                                                                                    "Schema": "public",
                                                                                    "Alias": "mi_idx",
                                                                                    "Startup Cost": 0.0,
                                                                                    "Total Cost": 15122.68,
                                                                                    "Plan Rows": 145531,
                                                                                    "Plan Width": 13,
                                                                                    "Actual Startup Time": 0.043,
                                                                                    "Actual Total Time": 77.782,
                                                                                    "Actual Rows": 116140,
                                                                                    "Actual Loops": 3,
                                                                                    "Output": [
                                                                                        "mi_idx.id",
                                                                                        "mi_idx.movie_id",
                                                                                        "mi_idx.info_type_id",
                                                                                        "mi_idx.info",
                                                                                        "mi_idx.note"
                                                                                    ],
                                                                                    "Filter": "(mi_idx.info > '6.2'::text)",
                                                                                    "Rows Removed by Filter": 343872,
                                                                                    "Workers": [
                                                                                        {
                                                                                            "Worker Number": 0,
                                                                                            "Actual Startup Time": 0.055,
                                                                                            "Actual Total Time": 76.261,
                                                                                            "Actual Rows": 113998,
                                                                                            "Actual Loops": 1
                                                                                        },
                                                                                        {
                                                                                            "Worker Number": 1,
                                                                                            "Actual Startup Time": 0.055,
                                                                                            "Actual Total Time": 77.604,
                                                                                            "Actual Rows": 115496,
                                                                                            "Actual Loops": 1
                                                                                        }
                                                                                    ]
                                                                                },
                                                                                {
                                                                                    "Node Type": "Hash",
                                                                                    "Parent Relationship": "Inner",
                                                                                    "Parallel Aware": false,
                                                                                    "Startup Cost": 2.41,
                                                                                    "Total Cost": 2.41,
                                                                                    "Plan Rows": 1,
                                                                                    "Plan Width": 4,
                                                                                    "Actual Startup Time": 0.047,
                                                                                    "Actual Total Time": 0.048,
                                                                                    "Actual Rows": 1,
                                                                                    "Actual Loops": 3,
                                                                                    "Output": [
                                                                                        "it2.id"
                                                                                    ],
                                                                                    "Hash Buckets": 1024,
                                                                                    "Original Hash Buckets": 1024,
                                                                                    "Hash Batches": 1,
                                                                                    "Original Hash Batches": 1,
                                                                                    "Peak Memory Usage": 9,
                                                                                    "Workers": [
                                                                                        {
                                                                                            "Worker Number": 0,
                                                                                            "Actual Startup Time": 0.046,
                                                                                            "Actual Total Time": 0.047,
                                                                                            "Actual Rows": 1,
                                                                                            "Actual Loops": 1
                                                                                        },
                                                                                        {
                                                                                            "Worker Number": 1,
                                                                                            "Actual Startup Time": 0.045,
                                                                                            "Actual Total Time": 0.046,
                                                                                            "Actual Rows": 1,
                                                                                            "Actual Loops": 1
                                                                                        }
                                                                                    ],
                                                                                    "Plans": [
                                                                                        {
                                                                                            "Node Type": "Seq Scan",
                                                                                            "Parent Relationship": "Outer",
                                                                                            "Parallel Aware": false,
                                                                                            "Relation Name": "info_type",
                                                                                            "Schema": "public",
                                                                                            "Alias": "it2",
                                                                                            "Startup Cost": 0.0,
                                                                                            "Total Cost": 2.41,
                                                                                            "Plan Rows": 1,
                                                                                            "Plan Width": 4,
                                                                                            "Actual Startup Time": 0.029,
                                                                                            "Actual Total Time": 0.033,
                                                                                            "Actual Rows": 1,
                                                                                            "Actual Loops": 3,
                                                                                            "Output": [
                                                                                                "it2.id"
                                                                                            ],
                                                                                            "Filter": "((it2.info)::text = 'rating'::text)",
                                                                                            "Rows Removed by Filter": 112,
                                                                                            "Workers": [
                                                                                                {
                                                                                                    "Worker Number": 0,
                                                                                                    "Actual Startup Time": 0.027,
                                                                                                    "Actual Total Time": 0.031,
                                                                                                    "Actual Rows": 1,
                                                                                                    "Actual Loops": 1
                                                                                                },
                                                                                                {
                                                                                                    "Worker Number": 1,
                                                                                                    "Actual Startup Time": 0.026,
                                                                                                    "Actual Total Time": 0.03,
                                                                                                    "Actual Rows": 1,
                                                                                                    "Actual Loops": 1
                                                                                                }
                                                                                            ]
                                                                                        }
                                                                                    ]
                                                                                }
                                                                            ]
                                                                        },
                                                                        {
                                                                            "Node Type": "Index Scan",
                                                                            "Parent Relationship": "Inner",
                                                                            "Parallel Aware": false,
                                                                            "Scan Direction": "Forward",
                                                                            "Index Name": "title_pkey",
                                                                            "Relation Name": "title",
                                                                            "Schema": "public",
                                                                            "Alias": "t",
                                                                            "Startup Cost": 0.43,
                                                                            "Total Cost": 0.97,
                                                                            "Plan Rows": 1,
                                                                            "Plan Width": 21,
                                                                            "Actual Startup Time": 0.003,
                                                                            "Actual Total Time": 0.003,
                                                                            "Actual Rows": 1,
                                                                            "Actual Loops": 235017,
                                                                            "Output": [
                                                                                "t.id",
                                                                                "t.title",
                                                                                "t.imdb_index",
                                                                                "t.kind_id",
                                                                                "t.production_year",
                                                                                "t.imdb_id",
                                                                                "t.phonetic_code",
                                                                                "t.episode_of_id",
                                                                                "t.season_nr",
                                                                                "t.episode_nr",
                                                                                "t.series_years",
                                                                                "t.md5sum"
                                                                            ],
                                                                            "Index Cond": "(t.id = mi_idx.movie_id)",
                                                                            "Rows Removed by Index Recheck": 0,
                                                                            "Filter": "((t.production_year >= 2000) AND (t.production_year <= 2013))",
                                                                            "Rows Removed by Filter": 0,
                                                                            "Workers": [
                                                                                {
                                                                                    "Worker Number": 0,
                                                                                    "Actual Startup Time": 0.003,
                                                                                    "Actual Total Time": 0.003,
                                                                                    "Actual Rows": 1,
                                                                                    "Actual Loops": 76932
                                                                                },
                                                                                {
                                                                                    "Worker Number": 1,
                                                                                    "Actual Startup Time": 0.003,
                                                                                    "Actual Total Time": 0.003,
                                                                                    "Actual Rows": 1,
                                                                                    "Actual Loops": 77749
                                                                                }
                                                                            ]
                                                                        }
                                                                    ]
                                                                },
                                                                {
                                                                    "Node Type": "Index Scan",
                                                                    "Parent Relationship": "Inner",
                                                                    "Parallel Aware": false,
                                                                    "Scan Direction": "Forward",
                                                                    "Index Name": "movie_id_movie_info",
                                                                    "Relation Name": "movie_info",
                                                                    "Schema": "public",
                                                                    "Alias": "mi",
                                                                    "Startup Cost": 0.43,
                                                                    "Total Cost": 1.86,
                                                                    "Plan Rows": 1,
                                                                    "Plan Width": 51,
                                                                    "Actual Startup Time": 0.014,
                                                                    "Actual Total Time": 0.014,
                                                                    "Actual Rows": 0,
                                                                    "Actual Loops": 119040,
                                                                    "Output": [
                                                                        "mi.id",
                                                                        "mi.movie_id",
                                                                        "mi.info_type_id",
                                                                        "mi.info",
                                                                        "mi.note"
                                                                    ],
                                                                    "Index Cond": "(mi.movie_id = t.id)",
                                                                    "Rows Removed by Index Recheck": 0,
                                                                    "Filter": "((mi.note IS NULL) AND (mi.info = ANY ('{Thriller,Horror}'::text[])))",
                                                                    "Rows Removed by Filter": 15,
                                                                    "Workers": [
                                                                        {
                                                                            "Worker Number": 0,
                                                                            "Actual Startup Time": 0.014,
                                                                            "Actual Total Time": 0.014,
                                                                            "Actual Rows": 0,
                                                                            "Actual Loops": 39070
                                                                        },
                                                                        {
                                                                            "Worker Number": 1,
                                                                            "Actual Startup Time": 0.014,
                                                                            "Actual Total Time": 0.015,
                                                                            "Actual Rows": 0,
                                                                            "Actual Loops": 39526
                                                                        }
                                                                    ]
                                                                }
                                                            ]
                                                        },
                                                        {
                                                            "Node Type": "Hash",
                                                            "Parent Relationship": "Inner",
                                                            "Parallel Aware": false,
                                                            "Startup Cost": 2.41,
                                                            "Total Cost": 2.41,
                                                            "Plan Rows": 1,
                                                            "Plan Width": 4,
                                                            "Actual Startup Time": 0.082,
                                                            "Actual Total Time": 0.083,
                                                            "Actual Rows": 1,
                                                            "Actual Loops": 3,
                                                            "Output": [
                                                                "it1.id"
                                                            ],
                                                            "Hash Buckets": 1024,
                                                            "Original Hash Buckets": 1024,
                                                            "Hash Batches": 1,
                                                            "Original Hash Batches": 1,
                                                            "Peak Memory Usage": 9,
                                                            "Workers": [
                                                                {
                                                                    "Worker Number": 0,
                                                                    "Actual Startup Time": 0.089,
                                                                    "Actual Total Time": 0.089,
                                                                    "Actual Rows": 1,
                                                                    "Actual Loops": 1
                                                                },
                                                                {
                                                                    "Worker Number": 1,
                                                                    "Actual Startup Time": 0.091,
                                                                    "Actual Total Time": 0.092,
                                                                    "Actual Rows": 1,
                                                                    "Actual Loops": 1
                                                                }
                                                            ],
                                                            "Plans": [
                                                                {
                                                                    "Node Type": "Seq Scan",
                                                                    "Parent Relationship": "Outer",
                                                                    "Parallel Aware": false,
                                                                    "Relation Name": "info_type",
                                                                    "Schema": "public",
                                                                    "Alias": "it1",
                                                                    "Startup Cost": 0.0,
                                                                    "Total Cost": 2.41,
                                                                    "Plan Rows": 1,
                                                                    "Plan Width": 4,
                                                                    "Actual Startup Time": 0.046,
                                                                    "Actual Total Time": 0.065,
                                                                    "Actual Rows": 1,
                                                                    "Actual Loops": 3,
                                                                    "Output": [
                                                                        "it1.id"
                                                                    ],
                                                                    "Filter": "((it1.info)::text = 'genres'::text)",
                                                                    "Rows Removed by Filter": 112,
                                                                    "Workers": [
                                                                        {
                                                                            "Worker Number": 0,
                                                                            "Actual Startup Time": 0.053,
                                                                            "Actual Total Time": 0.071,
                                                                            "Actual Rows": 1,
                                                                            "Actual Loops": 1
                                                                        },
                                                                        {
                                                                            "Worker Number": 1,
                                                                            "Actual Startup Time": 0.055,
                                                                            "Actual Total Time": 0.073,
                                                                            "Actual Rows": 1,
                                                                            "Actual Loops": 1
                                                                        }
                                                                    ]
                                                                }
                                                            ]
                                                        }
                                                    ]
                                                },
                                                {
                                                    "Node Type": "Index Scan",
                                                    "Parent Relationship": "Inner",
                                                    "Parallel Aware": false,
                                                    "Scan Direction": "Forward",
                                                    "Index Name": "movie_id_cast_info",
                                                    "Relation Name": "cast_info",
                                                    "Schema": "public",
                                                    "Alias": "ci",
                                                    "Startup Cost": 0.56,
                                                    "Total Cost": 2.46,
                                                    "Plan Rows": 4,
                                                    "Plan Width": 8,
                                                    "Actual Startup Time": 0.059,
                                                    "Actual Total Time": 0.154,
                                                    "Actual Rows": 6,
                                                    "Actual Loops": 5968,
                                                    "Output": [
                                                        "ci.id",
                                                        "ci.person_id",
                                                        "ci.movie_id",
                                                        "ci.person_role_id",
                                                        "ci.note",
                                                        "ci.nr_order",
                                                        "ci.role_id"
                                                    ],
                                                    "Index Cond": "(ci.movie_id = t.id)",
                                                    "Rows Removed by Index Recheck": 0,
                                                    "Filter": "(ci.note = ANY ('{\"(executive producer)\",(producer),(uncredited),(writer),(voice)}'::text[]))",
                                                    "Rows Removed by Filter": 36,
                                                    "Workers": [
                                                        {
                                                            "Worker Number": 0,
                                                            "Actual Startup Time": 0.059,
                                                            "Actual Total Time": 0.157,
                                                            "Actual Rows": 6,
                                                            "Actual Loops": 2007
                                                        },
                                                        {
                                                            "Worker Number": 1,
                                                            "Actual Startup Time": 0.058,
                                                            "Actual Total Time": 0.158,
                                                            "Actual Rows": 6,
                                                            "Actual Loops": 1922
                                                        }
                                                    ]
                                                }
                                            ]
                                        },
                                        {
                                            "Node Type": "Index Scan",
                                            "Parent Relationship": "Inner",
                                            "Parallel Aware": false,
                                            "Scan Direction": "Forward",
                                            "Index Name": "name_pkey",
                                            "Relation Name": "name",
                                            "Schema": "public",
                                            "Alias": "n",
                                            "Startup Cost": 0.43,
                                            "Total Cost": 0.51,
                                            "Plan Rows": 1,
                                            "Plan Width": 4,
                                            "Actual Startup Time": 0.009,
                                            "Actual Total Time": 0.009,
                                            "Actual Rows": 1,
                                            "Actual Loops": 35105,
                                            "Output": [
                                                "n.id",
                                                "n.name",
                                                "n.imdb_index",
                                                "n.imdb_id",
                                                "n.gender",
                                                "n.name_pcode_cf",
                                                "n.name_pcode_nf",
                                                "n.surname_pcode",
                                                "n.md5sum"
                                            ],
                                            "Index Cond": "(n.id = ci.person_id)",
                                            "Rows Removed by Index Recheck": 0,
                                            "Filter": "((n.gender IS NOT NULL) AND ((n.gender)::text = 'm'::text))",
                                            "Rows Removed by Filter": 0,
                                            "Workers": [
                                                {
                                                    "Worker Number": 0,
                                                    "Actual Startup Time": 0.009,
                                                    "Actual Total Time": 0.009,
                                                    "Actual Rows": 1,
                                                    "Actual Loops": 12960
                                                },
                                                {
                                                    "Worker Number": 1,
                                                    "Actual Startup Time": 0.009,
                                                    "Actual Total Time": 0.009,
                                                    "Actual Rows": 1,
                                                    "Actual Loops": 11049
                                                }
                                            ]
                                        }
                                    ]
                                }
                            ]
                        }
                    ]
                }
            ]
        },
        "Planning Time": 2021.179,
        "Triggers": [],
        "Execution Time": 1532.019
    }
]