[
  {
    "Plan": {
      "Node Type": "Aggregate",
      "Strategy": "Plain",
      "Partial Mode": "Finalize",
      "Parallel Aware": false,
      "Startup Cost": 45753.04,
      "Total Cost": 45753.05,
      "Plan Rows": 1,
      "Plan Width": 8,
      "Actual Startup Time": 159.081,
      "Actual Total Time": 170.006,
      "Actual Rows": 1,
      "Actual Loops": 1,
      "Plans": [
        {
          "Node Type": "Gather",
          "Parent Relationship": "Outer",
          "Parallel Aware": false,
          "Startup Cost": 45752.72,
          "Total Cost": 45753.03,
          "Plan Rows": 3,
          "Plan Width": 8,
          "Actual Startup Time": 158.952,
          "Actual Total Time": 169.997,
          "Actual Rows": 4,
          "Actual Loops": 1,
          "Workers Planned": 3,
          "Workers Launched": 3,
          "Single Copy": false,
          "Plans": [
            {
              "Node Type": "Aggregate",
              "Strategy": "Plain",
              "Partial Mode": "Partial",
              "Parent Relationship": "Outer",
              "Parallel Aware": false,
              "Startup Cost": 44752.72,
              "Total Cost": 44752.73,
              "Plan Rows": 1,
              "Plan Width": 8,
              "Actual Startup Time": 152.846,
              "Actual Total Time": 152.847,
              "Actual Rows": 1,
              "Actual Loops": 4,
              "Plans": [
                {
                  "Node Type": "Seq Scan",
                  "Parent Relationship": "Outer",
                  "Parallel Aware": true,
                  "Relation Name": "movie_keyword",
                  "Alias": "mk",
                  "Startup Cost": 0.0,
                  "Total Cost": 42695.65,
                  "Plan Rows": 822828,
                  "Plan Width": 0,
                  "Actual Startup Time": 0.419,
                  "Actual Total Time": 123.02,
                  "Actual Rows": 635400,
                  "Actual Loops": 4,
                  "Filter": "(keyword_id > 3501)",
                  "Rows Removed by Filter": 495583
                }
              ]
            }
          ]
        }
      ]
    },
    "Planning Time": 0.183,
    "Triggers": [],
    "Execution Time": 170.062
  }
]