{
  "Plan": {
    "Node Type": "Aggregate",
    "Strategy": "Plain",
    "Partial Mode": "Finalize",
    "Parallel Aware": false,
    "Startup Cost": 97716.47,
    "Total Cost": 97716.48,
    "Plan Rows": 1,
    "Plan Width": 8,
    "Actual Startup Time": 369.819,
    "Actual Total Time": 382.76,
    "Actual Rows": 1,
    "Actual Loops": 1,
    "Plans": [
      {
        "Node Type": "Gather",
        "Parent Relationship": "Outer",
        "Parallel Aware": false,
        "Startup Cost": 97716.36,
        "Total Cost": 97716.47,
        "Plan Rows": 1,
        "Plan Width": 8,
        "Actual Startup Time": 369.719,
        "Actual Total Time": 382.751,
        "Actual Rows": 2,
        "Actual Loops": 1,
        "Workers Planned": 1,
        "Workers Launched": 1,
        "Single Copy": false,
        "Plans": [
          {
            "Node Type": "Aggregate",
            "Strategy": "Plain",
            "Partial Mode": "Partial",
            "Parent Relationship": "Outer",
            "Parallel Aware": false,
            "Startup Cost": 96716.36,
            "Total Cost": 96716.37,
            "Plan Rows": 1,
            "Plan Width": 8,
            "Actual Startup Time": 364.083,
            "Actual Total Time": 364.086,
            "Actual Rows": 1,
            "Actual Loops": 2,
            "Plans": [
              {
                "Node Type": "Hash Join",
                "Parent Relationship": "Outer",
                "Parallel Aware": true,
                "Join Type": "Inner",
                "Startup Cost": 54693.74,
                "Total Cost": 96694.63,
                "Plan Rows": 8691,
                "Plan Width": 0,
                "Actual Startup Time": 143.748,
                "Actual Total Time": 363.583,
                "Actual Rows": 9492,
                "Actual Loops": 2,
                "Inner Unique": true,
                "Hash Cond": "(mc.movie_id = t.id)",
                "Plans": [
                  {
                    "Node Type": "Seq Scan",
                    "Parent Relationship": "Outer",
                    "Parallel Aware": true,
                    "Relation Name": "movie_companies",
                    "Alias": "mc",
                    "Startup Cost": 0.0,
                    "Total Cost": 37974.77,
                    "Plan Rows": 1533755,
                    "Plan Width": 4,
                    "Actual Startup Time": 0.014,
                    "Actual Total Time": 127.17,
                    "Actual Rows": 1303840,
                    "Actual Loops": 2,
                    "Filter": "(company_id < 233577)",
                    "Rows Removed by Filter": 724
                  },
                  {
                    "Node Type": "Hash",
                    "Parent Relationship": "Inner",
                    "Parallel Aware": true,
                    "Startup Cost": 54588.39,
                    "Total Cost": 54588.39,
                    "Plan Rows": 8428,
                    "Plan Width": 4,
                    "Actual Startup Time": 141.941,
                    "Actual Total Time": 141.942,
                    "Actual Rows": 7500,
                    "Actual Loops": 2,
                    "Hash Buckets": 16384,
                    "Original Hash Buckets": 16384,
                    "Hash Batches": 1,
                    "Original Hash Batches": 1,
                    "Peak Memory Usage": 736,
                    "Plans": [
                      {
                        "Node Type": "Seq Scan",
                        "Parent Relationship": "Outer",
                        "Parallel Aware": true,
                        "Relation Name": "title",
                        "Alias": "t",
                        "Startup Cost": 0.0,
                        "Total Cost": 54588.39,
                        "Plan Rows": 8428,
                        "Plan Width": 4,
                        "Actual Startup Time": 0.089,
                        "Actual Total Time": 138.915,
                        "Actual Rows": 7500,
                        "Actual Loops": 2,
                        "Filter": "(production_year = 1970)",
                        "Rows Removed by Filter": 1256656
                      }
                    ]
                  }
                ]
              }
            ]
          }
        ]
      }
    ]
  },
  "Planning Time": 0.518,
  "Triggers": [],
  "Execution Time": 382.835
}