{
    "Plan": {
        "Node Type": "Aggregate",
        "Strategy": "Plain",
        "Partial Mode": "Finalize",
        "Parallel Aware": false,
        "Startup Cost": 254762.75,
        "Total Cost": 254762.76,
        "Plan Rows": 1,
        "Plan Width": 8,
        "Actual Startup Time": 398.078,
        "Actual Total Time": 440.42,
        "Actual Rows": 1,
        "Actual Loops": 1,
        "Output": [
            "count(*)"
        ],
        "Plans": [
            {
                "Node Type": "Gather",
                "Parent Relationship": "Outer",
                "Parallel Aware": false,
                "Startup Cost": 254762.33,
                "Total Cost": 254762.74,
                "Plan Rows": 4,
                "Plan Width": 8,
                "Actual Startup Time": 397.931,
                "Actual Total Time": 440.409,
                "Actual Rows": 5,
                "Actual Loops": 1,
                "Output": [
                    "(PARTIAL count(*))"
                ],
                "Workers Planned": 4,
                "Workers Launched": 4,
                "Single Copy": false,
                "Plans": [
                    {
                        "Node Type": "Aggregate",
                        "Strategy": "Plain",
                        "Partial Mode": "Partial",
                        "Parent Relationship": "Outer",
                        "Parallel Aware": false,
                        "Startup Cost": 253762.33,
                        "Total Cost": 253762.34,
                        "Plan Rows": 1,
                        "Plan Width": 8,
                        "Actual Startup Time": 387.502,
                        "Actual Total Time": 387.504,
                        "Actual Rows": 1,
                        "Actual Loops": 5,
                        "Output": [
                            "PARTIAL count(*)"
                        ],
                        "Workers": [
                            {
                                "Worker Number": 0,
                                "Actual Startup Time": 384.695,
                                "Actual Total Time": 384.697,
                                "Actual Rows": 1,
                                "Actual Loops": 1
                            },
                            {
                                "Worker Number": 1,
                                "Actual Startup Time": 385.103,
                                "Actual Total Time": 385.105,
                                "Actual Rows": 1,
                                "Actual Loops": 1
                            },
                            {
                                "Worker Number": 2,
                                "Actual Startup Time": 384.727,
                                "Actual Total Time": 384.729,
                                "Actual Rows": 1,
                                "Actual Loops": 1
                            },
                            {
                                "Worker Number": 3,
                                "Actual Startup Time": 385.831,
                                "Actual Total Time": 385.833,
                                "Actual Rows": 1,
                                "Actual Loops": 1
                            }
                        ],
                        "Plans": [
                            {
                                "Node Type": "Nested Loop",
                                "Parent Relationship": "Outer",
                                "Parallel Aware": false,
                                "Join Type": "Inner",
                                "Startup Cost": 1.0,
                                "Total Cost": 253120.98,
                                "Plan Rows": 256540,
                                "Plan Width": 0,
                                "Actual Startup Time": 0.65,
                                "Actual Total Time": 377.893,
                                "Actual Rows": 148317,
                                "Actual Loops": 5,
                                "Inner Unique": false,
                                "Join Filter": "(t.id = ci.movie_id)",
                                "Rows Removed by Join Filter": 0,
                                "Workers": [
                                    {
                                        "Worker Number": 0,
                                        "Actual Startup Time": 0.627,
                                        "Actual Total Time": 375.076,
                                        "Actual Rows": 147621,
                                        "Actual Loops": 1
                                    },
                                    {
                                        "Worker Number": 1,
                                        "Actual Startup Time": 0.921,
                                        "Actual Total Time": 375.903,
                                        "Actual Rows": 140483,
                                        "Actual Loops": 1
                                    },
                                    {
                                        "Worker Number": 2,
                                        "Actual Startup Time": 0.805,
                                        "Actual Total Time": 376.485,
                                        "Actual Rows": 143009,
                                        "Actual Loops": 1
                                    },
                                    {
                                        "Worker Number": 3,
                                        "Actual Startup Time": 0.751,
                                        "Actual Total Time": 377.153,
                                        "Actual Rows": 124472,
                                        "Actual Loops": 1
                                    }
                                ],
                                "Plans": [
                                    {
                                        "Node Type": "Nested Loop",
                                        "Parent Relationship": "Outer",
                                        "Parallel Aware": false,
                                        "Join Type": "Inner",
                                        "Startup Cost": 0.43,
                                        "Total Cost": 220758.48,
                                        "Plan Rows": 17892,
                                        "Plan Width": 8,
                                        "Actual Startup Time": 0.417,
                                        "Actual Total Time": 126.66,
                                        "Actual Rows": 7002,
                                        "Actual Loops": 5,
                                        "Output": [
                                            "t.id",
                                            "mi.movie_id"
                                        ],
                                        "Inner Unique": false,
                                        "Workers": [
                                            {
                                                "Worker Number": 0,
                                                "Actual Startup Time": 0.345,
                                                "Actual Total Time": 123.446,
                                                "Actual Rows": 7043,
                                                "Actual Loops": 1
                                            },
                                            {
                                                "Worker Number": 1,
                                                "Actual Startup Time": 0.662,
                                                "Actual Total Time": 131.491,
                                                "Actual Rows": 6788,
                                                "Actual Loops": 1
                                            },
                                            {
                                                "Worker Number": 2,
                                                "Actual Startup Time": 0.511,
                                                "Actual Total Time": 134.28,
                                                "Actual Rows": 6904,
                                                "Actual Loops": 1
                                            },
                                            {
                                                "Worker Number": 3,
                                                "Actual Startup Time": 0.453,
                                                "Actual Total Time": 125.384,
                                                "Actual Rows": 5703,
                                                "Actual Loops": 1
                                            }
                                        ],
                                        "Plans": [
                                            {
                                                "Node Type": "Seq Scan",
                                                "Parent Relationship": "Outer",
                                                "Parallel Aware": true,
                                                "Relation Name": "title",
                                                "Schema": "public",
                                                "Alias": "t",
                                                "Startup Cost": 0.0,
                                                "Total Cost": 45479.21,
                                                "Plan Rows": 3066,
                                                "Plan Width": 4,
                                                "Actual Startup Time": 0.165,
                                                "Actual Total Time": 75.738,
                                                "Actual Rows": 2308,
                                                "Actual Loops": 5,
                                                "Output": [
                                                    "t.id",
                                                    "t.title",
                                                    "t.imdb_index",
                                                    "t.kind_id",
                                                    "t.production_year",
                                                    "t.imdb_id",
                                                    "t.phonetic_code",
                                                    "t.episode_of_id",
                                                    "t.season_nr",
                                                    "t.episode_nr",
                                                    "t.series_years",
                                                    "t.md5sum"
                                                ],
                                                "Filter": "((t.kind_id = 7) AND (t.production_year = 1988))",
                                                "Rows Removed by Filter": 503354,
                                                "Workers": [
                                                    {
                                                        "Worker Number": 0,
                                                        "Actual Startup Time": 0.071,
                                                        "Actual Total Time": 78.758,
                                                        "Actual Rows": 2306,
                                                        "Actual Loops": 1
                                                    },
                                                    {
                                                        "Worker Number": 1,
                                                        "Actual Startup Time": 0.326,
                                                        "Actual Total Time": 77.58,
                                                        "Actual Rows": 2239,
                                                        "Actual Loops": 1
                                                    },
                                                    {
                                                        "Worker Number": 2,
                                                        "Actual Startup Time": 0.198,
                                                        "Actual Total Time": 76.745,
                                                        "Actual Rows": 2391,
                                                        "Actual Loops": 1
                                                    },
                                                    {
                                                        "Worker Number": 3,
                                                        "Actual Startup Time": 0.153,
                                                        "Actual Total Time": 72.065,
                                                        "Actual Rows": 1805,
                                                        "Actual Loops": 1
                                                    }
                                                ]
                                            },
                                            {
                                                "Node Type": "Index Only Scan",
                                                "Parent Relationship": "Inner",
                                                "Parallel Aware": false,
                                                "Scan Direction": "Forward",
                                                "Index Name": "movie_id_movie_info",
                                                "Relation Name": "movie_info",
                                                "Schema": "public",
                                                "Alias": "mi",
                                                "Startup Cost": 0.43,
                                                "Total Cost": 56.78,
                                                "Plan Rows": 39,
                                                "Plan Width": 4,
                                                "Actual Startup Time": 0.016,
                                                "Actual Total Time": 0.021,
                                                "Actual Rows": 3,
                                                "Actual Loops": 11542,
                                                "Output": [
                                                    "mi.movie_id"
                                                ],
                                                "Index Cond": "(mi.movie_id = t.id)",
                                                "Rows Removed by Index Recheck": 0,
                                                "Heap Fetches": 35010,
                                                "Workers": [
                                                    {
                                                        "Worker Number": 0,
                                                        "Actual Startup Time": 0.013,
                                                        "Actual Total Time": 0.018,
                                                        "Actual Rows": 3,
                                                        "Actual Loops": 2306
                                                    },
                                                    {
                                                        "Worker Number": 1,
                                                        "Actual Startup Time": 0.018,
                                                        "Actual Total Time": 0.023,
                                                        "Actual Rows": 3,
                                                        "Actual Loops": 2239
                                                    },
                                                    {
                                                        "Worker Number": 2,
                                                        "Actual Startup Time": 0.018,
                                                        "Actual Total Time": 0.023,
                                                        "Actual Rows": 3,
                                                        "Actual Loops": 2391
                                                    },
                                                    {
                                                        "Worker Number": 3,
                                                        "Actual Startup Time": 0.022,
                                                        "Actual Total Time": 0.028,
                                                        "Actual Rows": 3,
                                                        "Actual Loops": 1805
                                                    }
                                                ]
                                            }
                                        ]
                                    },
                                    {
                                        "Node Type": "Index Only Scan",
                                        "Parent Relationship": "Inner",
                                        "Parallel Aware": false,
                                        "Scan Direction": "Forward",
                                        "Index Name": "movie_id_cast_info",
                                        "Relation Name": "cast_info",
                                        "Schema": "public",
                                        "Alias": "ci",
                                        "Startup Cost": 0.56,
                                        "Total Cost": 1.33,
                                        "Plan Rows": 38,
                                        "Plan Width": 4,
                                        "Actual Startup Time": 0.013,
                                        "Actual Total Time": 0.033,
                                        "Actual Rows": 21,
                                        "Actual Loops": 35010,
                                        "Output": [
                                            "ci.movie_id"
                                        ],
                                        "Index Cond": "(ci.movie_id = mi.movie_id)",
                                        "Rows Removed by Index Recheck": 0,
                                        "Heap Fetches": 741584,
                                        "Workers": [
                                            {
                                                "Worker Number": 0,
                                                "Actual Startup Time": 0.011,
                                                "Actual Total Time": 0.033,
                                                "Actual Rows": 21,
                                                "Actual Loops": 7043
                                            },
                                            {
                                                "Worker Number": 1,
                                                "Actual Startup Time": 0.012,
                                                "Actual Total Time": 0.033,
                                                "Actual Rows": 21,
                                                "Actual Loops": 6788
                                            },
                                            {
                                                "Worker Number": 2,
                                                "Actual Startup Time": 0.01,
                                                "Actual Total Time": 0.032,
                                                "Actual Rows": 21,
                                                "Actual Loops": 6904
                                            },
                                            {
                                                "Worker Number": 3,
                                                "Actual Startup Time": 0.017,
                                                "Actual Total Time": 0.041,
                                                "Actual Rows": 22,
                                                "Actual Loops": 5703
                                            }
                                        ]
                                    }
                                ]
                            }
                        ]
                    }
                ]
            }
        ]
    },
    "Planning Time": 1.462,
    "Triggers": [],
    "Execution Time": 440.53
}