{
  "Plan": {
    "Node Type": "Aggregate",
    "Strategy": "Plain",
    "Partial Mode": "Finalize",
    "Parallel Aware": false,
    "Startup Cost": 89470.0,
    "Total Cost": 89470.01,
    "Plan Rows": 1,
    "Plan Width": 8,
    "Actual Startup Time": 340.181,
    "Actual Total Time": 352.721,
    "Actual Rows": 1,
    "Actual Loops": 1,
    "Plans": [
      {
        "Node Type": "Gather",
        "Parent Relationship": "Outer",
        "Parallel Aware": false,
        "Startup Cost": 89469.89,
        "Total Cost": 89470.0,
        "Plan Rows": 1,
        "Plan Width": 8,
        "Actual Startup Time": 339.337,
        "Actual Total Time": 352.714,
        "Actual Rows": 2,
        "Actual Loops": 1,
        "Workers Planned": 1,
        "Workers Launched": 1,
        "Single Copy": false,
        "Plans": [
          {
            "Node Type": "Aggregate",
            "Strategy": "Plain",
            "Partial Mode": "Partial",
            "Parent Relationship": "Outer",
            "Parallel Aware": false,
            "Startup Cost": 88469.89,
            "Total Cost": 88469.9,
            "Plan Rows": 1,
            "Plan Width": 8,
            "Actual Startup Time": 333.223,
            "Actual Total Time": 333.228,
            "Actual Rows": 1,
            "Actual Loops": 2,
            "Plans": [
              {
                "Node Type": "Hash Join",
                "Parent Relationship": "Outer",
                "Parallel Aware": true,
                "Join Type": "Inner",
                "Startup Cost": 29658.92,
                "Total Cost": 88297.62,
                "Plan Rows": 68909,
                "Plan Width": 0,
                "Actual Startup Time": 175.067,
                "Actual Total Time": 326.949,
                "Actual Rows": 149802,
                "Actual Loops": 2,
                "Inner Unique": false,
                "Hash Cond": "(t.id = mc.movie_id)",
                "Plans": [
                  {
                    "Node Type": "Seq Scan",
                    "Parent Relationship": "Outer",
                    "Parallel Aware": true,
                    "Relation Name": "title",
                    "Alias": "t",
                    "Startup Cost": 0.0,
                    "Total Cost": 54588.39,
                    "Plan Rows": 583193,
                    "Plan Width": 4,
                    "Actual Startup Time": 0.016,
                    "Actual Total Time": 129.591,
                    "Actual Rows": 492524,
                    "Actual Loops": 2,
                    "Filter": "(kind_id < 7)",
                    "Rows Removed by Filter": 771632
                  },
                  {
                    "Node Type": "Hash",
                    "Parent Relationship": "Inner",
                    "Parallel Aware": true,
                    "Startup Cost": 27462.3,
                    "Total Cost": 27462.3,
                    "Plan Rows": 175730,
                    "Plan Width": 4,
                    "Actual Startup Time": 93.057,
                    "Actual Total Time": 93.058,
                    "Actual Rows": 149802,
                    "Actual Loops": 2,
                    "Hash Buckets": 524288,
                    "Original Hash Buckets": 524288,
                    "Hash Batches": 1,
                    "Original Hash Batches": 1,
                    "Peak Memory Usage": 15840,
                    "Plans": [
                      {
                        "Node Type": "Bitmap Heap Scan",
                        "Parent Relationship": "Outer",
                        "Parallel Aware": true,
                        "Relation Name": "movie_companies",
                        "Alias": "mc",
                        "Startup Cost": 6475.67,
                        "Total Cost": 27462.3,
                        "Plan Rows": 175730,
                        "Plan Width": 4,
                        "Actual Startup Time": 25.002,
                        "Actual Total Time": 60.182,
                        "Actual Rows": 149802,
                        "Actual Loops": 2,
                        "Recheck Cond": "(company_id > 94364)",
                        "Rows Removed by Index Recheck": 0,
                        "Exact Heap Blocks": 3088,
                        "Lossy Heap Blocks": 0,
                        "Plans": [
                          {
                            "Node Type": "Bitmap Index Scan",
                            "Parent Relationship": "Outer",
                            "Parallel Aware": false,
                            "Index Name": "company_id_movie_companies",
                            "Startup Cost": 0.0,
                            "Total Cost": 6400.99,
                            "Plan Rows": 298741,
                            "Plan Width": 0,
                            "Actual Startup Time": 24.504,
                            "Actual Total Time": 24.505,
                            "Actual Rows": 299603,
                            "Actual Loops": 1,
                            "Index Cond": "(company_id > 94364)"
                          }
                        ]
                      }
                    ]
                  }
                ]
              }
            ]
          }
        ]
      }
    ]
  },
  "Planning Time": 0.457,
  "Triggers": [],
  "Execution Time": 352.817
}