[
  {
    "Plan": {
      "Node Type": "Aggregate",
      "Strategy": "Plain",
      "Partial Mode": "Finalize",
      "Parallel Aware": false,
      "Startup Cost": 31724.79,
      "Total Cost": 31724.8,
      "Plan Rows": 1,
      "Plan Width": 8,
      "Actual Startup Time": 97.104,
      "Actual Total Time": 101.901,
      "Actual Rows": 1,
      "Actual Loops": 1,
      "Plans": [
        {
          "Node Type": "Gather",
          "Parent Relationship": "Outer",
          "Parallel Aware": false,
          "Startup Cost": 31724.47,
          "Total Cost": 31724.78,
          "Plan Rows": 3,
          "Plan Width": 8,
          "Actual Startup Time": 97.038,
          "Actual Total Time": 101.895,
          "Actual Rows": 4,
          "Actual Loops": 1,
          "Workers Planned": 3,
          "Workers Launched": 3,
          "Single Copy": false,
          "Plans": [
            {
              "Node Type": "Aggregate",
              "Strategy": "Plain",
              "Partial Mode": "Partial",
              "Parent Relationship": "Outer",
              "Parallel Aware": false,
              "Startup Cost": 30724.47,
              "Total Cost": 30724.48,
              "Plan Rows": 1,
              "Plan Width": 8,
              "Actual Startup Time": 92.025,
              "Actual Total Time": 92.025,
              "Actual Rows": 1,
              "Actual Loops": 4,
              "Plans": [
                {
                  "Node Type": "Seq Scan",
                  "Parent Relationship": "Outer",
                  "Parallel Aware": true,
                  "Relation Name": "movie_companies",
                  "Alias": "mc",
                  "Startup Cost": 0.0,
                  "Total Cost": 29310.68,
                  "Plan Rows": 565515,
                  "Plan Width": 0,
                  "Actual Startup Time": 0.875,
                  "Actual Total Time": 72.772,
                  "Actual Rows": 439232,
                  "Actual Loops": 4,
                  "Filter": "(company_id > 2394)",
                  "Rows Removed by Filter": 213050
                }
              ]
            }
          ]
        }
      ]
    },
    "Planning Time": 0.079,
    "Triggers": [],
    "Execution Time": 101.929
  }
]