[
  {
    "Plan": {
      "Node Type": "Aggregate",
      "Strategy": "Plain",
      "Partial Mode": "Simple",
      "Parallel Aware": false,
      "Startup Cost": 26930.6,
      "Total Cost": 26930.61,
      "Plan Rows": 1,
      "Plan Width": 8,
      "Actual Startup Time": 31.648,
      "Actual Total Time": 31.649,
      "Actual Rows": 1,
      "Actual Loops": 1,
      "Plans": [
        {
          "Node Type": "Bitmap Heap Scan",
          "Parent Relationship": "Outer",
          "Parallel Aware": false,
          "Relation Name": "movie_keyword",
          "Alias": "mk",
          "Startup Cost": 805.46,
          "Total Cost": 26836.07,
          "Plan Rows": 37810,
          "Plan Width": 0,
          "Actual Startup Time": 7.056,
          "Actual Total Time": 29.415,
          "Actual Rows": 28021,
          "Actual Loops": 1,
          "Recheck Cond": "(keyword_id < 36)",
          "Rows Removed by Index Recheck": 0,
          "Exact Heap Blocks": 9883,
          "Lossy Heap Blocks": 0,
          "Plans": [
            {
              "Node Type": "Bitmap Index Scan",
              "Parent Relationship": "Outer",
              "Parallel Aware": false,
              "Index Name": "keyword_id_movie_keyword",
              "Startup Cost": 0.0,
              "Total Cost": 796.01,
              "Plan Rows": 37810,
              "Plan Width": 0,
              "Actual Startup Time": 3.854,
              "Actual Total Time": 3.855,
              "Actual Rows": 28021,
              "Actual Loops": 1,
              "Index Cond": "(keyword_id < 36)"
            }
          ]
        }
      ]
    },
    "Planning Time": 0.184,
    "Triggers": [],
    "Execution Time": 31.689
  }
]