[
  {
    "Plan": {
      "Node Type": "Aggregate",
      "Strategy": "Plain",
      "Partial Mode": "Finalize",
      "Parallel Aware": false,
      "Startup Cost": 46727.58,
      "Total Cost": 46727.59,
      "Plan Rows": 1,
      "Plan Width": 8,
      "Actual Startup Time": 93.632,
      "Actual Total Time": 106.27,
      "Actual Rows": 1,
      "Actual Loops": 1,
      "Plans": [
        {
          "Node Type": "Gather",
          "Parent Relationship": "Outer",
          "Parallel Aware": false,
          "Startup Cost": 46727.16,
          "Total Cost": 46727.57,
          "Plan Rows": 4,
          "Plan Width": 8,
          "Actual Startup Time": 93.46,
          "Actual Total Time": 106.256,
          "Actual Rows": 5,
          "Actual Loops": 1,
          "Workers Planned": 4,
          "Workers Launched": 4,
          "Single Copy": false,
          "Plans": [
            {
              "Node Type": "Aggregate",
              "Strategy": "Plain",
              "Partial Mode": "Partial",
              "Parent Relationship": "Outer",
              "Parallel Aware": false,
              "Startup Cost": 45727.16,
              "Total Cost": 45727.17,
              "Plan Rows": 1,
              "Plan Width": 8,
              "Actual Startup Time": 88.076,
              "Actual Total Time": 88.077,
              "Actual Rows": 1,
              "Actual Loops": 5,
              "Plans": [
                {
                  "Node Type": "Seq Scan",
                  "Parent Relationship": "Outer",
                  "Parallel Aware": true,
                  "Relation Name": "title",
                  "Alias": "t",
                  "Startup Cost": 0.0,
                  "Total Cost": 45479.59,
                  "Plan Rows": 99028,
                  "Plan Width": 0,
                  "Actual Startup Time": 0.032,
                  "Actual Total Time": 84.676,
                  "Actual Rows": 57778,
                  "Actual Loops": 5,
                  "Filter": "((production_year < 1989) AND (kind_id = 7))",
                  "Rows Removed by Filter": 447884
                }
              ]
            }
          ]
        }
      ]
    },
    "Planning Time": 0.081,
    "Triggers": [],
    "Execution Time": 106.298
  }
]