[
  {
    "Plan": {
      "Node Type": "Aggregate",
      "Strategy": "Plain",
      "Partial Mode": "Finalize",
      "Parallel Aware": false,
      "Startup Cost": 353864.93,
      "Total Cost": 353864.94,
      "Plan Rows": 1,
      "Plan Width": 8,
      "Actual Startup Time": 832.443,
      "Actual Total Time": 879.97,
      "Actual Rows": 1,
      "Actual Loops": 1,
      "Plans": [
        {
          "Node Type": "Gather",
          "Parent Relationship": "Outer",
          "Parallel Aware": false,
          "Startup Cost": 353864.3,
          "Total Cost": 353864.91,
          "Plan Rows": 6,
          "Plan Width": 8,
          "Actual Startup Time": 832.232,
          "Actual Total Time": 879.961,
          "Actual Rows": 7,
          "Actual Loops": 1,
          "Workers Planned": 6,
          "Workers Launched": 6,
          "Single Copy": false,
          "Plans": [
            {
              "Node Type": "Aggregate",
              "Strategy": "Plain",
              "Partial Mode": "Partial",
              "Parent Relationship": "Outer",
              "Parallel Aware": false,
              "Startup Cost": 352864.3,
              "Total Cost": 352864.32,
              "Plan Rows": 1,
              "Plan Width": 8,
              "Actual Startup Time": 826.061,
              "Actual Total Time": 826.062,
              "Actual Rows": 1,
              "Actual Loops": 7,
              "Plans": [
                {
                  "Node Type": "Seq Scan",
                  "Parent Relationship": "Outer",
                  "Parallel Aware": true,
                  "Relation Name": "cast_info",
                  "Alias": "ci",
                  "Startup Cost": 0.0,
                  "Total Cost": 343316.27,
                  "Plan Rows": 3819214,
                  "Plan Width": 0,
                  "Actual Startup Time": 125.578,
                  "Actual Total Time": 683.807,
                  "Actual Rows": 3146968,
                  "Actual Loops": 7,
                  "Filter": "((person_id > 984539) AND (role_id < 10))",
                  "Rows Removed by Filter": 2030796
                }
              ]
            }
          ]
        }
      ]
    },
    "Planning Time": 0.12,
    "Triggers": [],
    "Execution Time": 880.017
  }
]