[
  {
    "Plan": {
      "Node Type": "Aggregate",
      "Strategy": "Plain",
      "Partial Mode": "Finalize",
      "Parallel Aware": false,
      "Startup Cost": 353793.02,
      "Total Cost": 353793.03,
      "Plan Rows": 1,
      "Plan Width": 8,
      "Actual Startup Time": 897.722,
      "Actual Total Time": 955.009,
      "Actual Rows": 1,
      "Actual Loops": 1,
      "Plans": [
        {
          "Node Type": "Gather",
          "Parent Relationship": "Outer",
          "Parallel Aware": false,
          "Startup Cost": 353792.4,
          "Total Cost": 353793.01,
          "Plan Rows": 6,
          "Plan Width": 8,
          "Actual Startup Time": 897.59,
          "Actual Total Time": 954.998,
          "Actual Rows": 7,
          "Actual Loops": 1,
          "Workers Planned": 6,
          "Workers Launched": 6,
          "Single Copy": false,
          "Plans": [
            {
              "Node Type": "Aggregate",
              "Strategy": "Plain",
              "Partial Mode": "Partial",
              "Parent Relationship": "Outer",
              "Parallel Aware": false,
              "Startup Cost": 352792.4,
              "Total Cost": 352792.41,
              "Plan Rows": 1,
              "Plan Width": 8,
              "Actual Startup Time": 889.612,
              "Actual Total Time": 889.613,
              "Actual Rows": 1,
              "Actual Loops": 7,
              "Plans": [
                {
                  "Node Type": "Seq Scan",
                  "Parent Relationship": "Outer",
                  "Parallel Aware": true,
                  "Relation Name": "cast_info",
                  "Alias": "ci",
                  "Startup Cost": 0.0,
                  "Total Cost": 343257.03,
                  "Plan Rows": 3814148,
                  "Plan Width": 0,
                  "Actual Startup Time": 135.013,
                  "Actual Total Time": 745.766,
                  "Actual Rows": 3146968,
                  "Actual Loops": 7,
                  "Filter": "((person_id > 984539) AND (role_id < 10))",
                  "Rows Removed by Filter": 2030796
                }
              ]
            }
          ]
        }
      ]
    },
    "Planning Time": 0.257,
    "Triggers": [],
    "Execution Time": 955.082
  }
]