[
  {
    "Plan": {
      "Node Type": "Aggregate",
      "Strategy": "Plain",
      "Partial Mode": "Finalize",
      "Parallel Aware": false,
      "Startup Cost": 111597.48,
      "Total Cost": 111597.49,
      "Plan Rows": 1,
      "Plan Width": 8,
      "Actual Startup Time": 557.187,
      "Actual Total Time": 578.289,
      "Actual Rows": 1,
      "Actual Loops": 1,
      "Plans": [
        {
          "Node Type": "Gather",
          "Parent Relationship": "Outer",
          "Parallel Aware": false,
          "Startup Cost": 111597.16,
          "Total Cost": 111597.47,
          "Plan Rows": 3,
          "Plan Width": 8,
          "Actual Startup Time": 554.487,
          "Actual Total Time": 578.28,
          "Actual Rows": 4,
          "Actual Loops": 1,
          "Workers Planned": 3,
          "Workers Launched": 3,
          "Single Copy": false,
          "Plans": [
            {
              "Node Type": "Aggregate",
              "Strategy": "Plain",
              "Partial Mode": "Partial",
              "Parent Relationship": "Outer",
              "Parallel Aware": false,
              "Startup Cost": 110597.16,
              "Total Cost": 110597.17,
              "Plan Rows": 1,
              "Plan Width": 8,
              "Actual Startup Time": 545.178,
              "Actual Total Time": 545.181,
              "Actual Rows": 1,
              "Actual Loops": 4,
              "Plans": [
                {
                  "Node Type": "Nested Loop",
                  "Parent Relationship": "Outer",
                  "Parallel Aware": false,
                  "Join Type": "Inner",
                  "Startup Cost": 55652.52,
                  "Total Cost": 110546.58,
                  "Plan Rows": 20231,
                  "Plan Width": 0,
                  "Actual Startup Time": 205.627,
                  "Actual Total Time": 538.21,
                  "Actual Rows": 136597,
                  "Actual Loops": 4,
                  "Inner Unique": false,
                  "Plans": [
                    {
                      "Node Type": "Hash Join",
                      "Parent Relationship": "Outer",
                      "Parallel Aware": true,
                      "Join Type": "Inner",
                      "Startup Cost": 55652.09,
                      "Total Cost": 82332.23,
                      "Plan Rows": 38611,
                      "Plan Width": 8,
                      "Actual Startup Time": 205.52,
                      "Actual Total Time": 274.478,
                      "Actual Rows": 64805,
                      "Actual Loops": 4,
                      "Inner Unique": true,
                      "Hash Cond": "(mk.movie_id = t.id)",
                      "Plans": [
                        {
                          "Node Type": "Bitmap Heap Scan",
                          "Parent Relationship": "Outer",
                          "Parallel Aware": true,
                          "Relation Name": "movie_keyword",
                          "Alias": "mk",
                          "Startup Cost": 9680.5,
                          "Total Cost": 35974.29,
                          "Plan Rows": 147183,
                          "Plan Width": 4,
                          "Actual Startup Time": 29.521,
                          "Actual Total Time": 81.379,
                          "Actual Rows": 118136,
                          "Actual Loops": 4,
                          "Recheck Cond": "(keyword_id < 359)",
                          "Rows Removed by Index Recheck": 0,
                          "Exact Heap Blocks": 7744,
                          "Lossy Heap Blocks": 0,
                          "Plans": [
                            {
                              "Node Type": "Bitmap Index Scan",
                              "Parent Relationship": "Outer",
                              "Parallel Aware": false,
                              "Index Name": "keyword_id_movie_keyword",
                              "Startup Cost": 0.0,
                              "Total Cost": 9566.44,
                              "Plan Rows": 456267,
                              "Plan Width": 0,
                              "Actual Startup Time": 25.778,
                              "Actual Total Time": 25.779,
                              "Actual Rows": 472545,
                              "Actual Loops": 1,
                              "Index Cond": "(keyword_id < 359)"
                            }
                          ]
                        },
                        {
                          "Node Type": "Hash",
                          "Parent Relationship": "Inner",
                          "Parallel Aware": true,
                          "Startup Cost": 43898.92,
                          "Total Cost": 43898.92,
                          "Plan Rows": 165814,
                          "Plan Width": 4,
                          "Actual Startup Time": 148.847,
                          "Actual Total Time": 148.848,
                          "Actual Rows": 165706,
                          "Actual Loops": 4,
                          "Hash Buckets": 1048576,
                          "Original Hash Buckets": 1048576,
                          "Hash Batches": 1,
                          "Original Hash Batches": 1,
                          "Peak Memory Usage": 34208,
                          "Plans": [
                            {
                              "Node Type": "Seq Scan",
                              "Parent Relationship": "Outer",
                              "Parallel Aware": true,
                              "Relation Name": "title",
                              "Alias": "t",
                              "Startup Cost": 0.0,
                              "Total Cost": 43898.92,
                              "Plan Rows": 165814,
                              "Plan Width": 4,
                              "Actual Startup Time": 44.692,
                              "Actual Total Time": 96.685,
                              "Actual Rows": 165706,
                              "Actual Loops": 4,
                              "Filter": "(kind_id = 1)",
                              "Rows Removed by Filter": 466372
                            }
                          ]
                        }
                      ]
                    },
                    {
                      "Node Type": "Index Scan",
                      "Parent Relationship": "Inner",
                      "Parallel Aware": false,
                      "Scan Direction": "Forward",
                      "Index Name": "movie_id_movie_companies",
                      "Relation Name": "movie_companies",
                      "Alias": "mc",
                      "Startup Cost": 0.43,
                      "Total Cost": 0.7,
                      "Plan Rows": 3,
                      "Plan Width": 4,
                      "Actual Startup Time": 0.003,
                      "Actual Total Time": 0.004,
                      "Actual Rows": 2,
                      "Actual Loops": 259219,
                      "Index Cond": "(movie_id = t.id)",
                      "Rows Removed by Index Recheck": 0,
                      "Filter": "(company_type_id = 2)",
                      "Rows Removed by Filter": 7
                    }
                  ]
                }
              ]
            }
          ]
        }
      ]
    },
    "Planning Time": 1.405,
    "Triggers": [],
    "Execution Time": 578.399
  }
]