[
    {
        "Bao": {
            "Bao prediction": "NaN",
            "Bao recommended hint": "(no hint)"
        }
    },
    {
        "Plan": {
            "Node Type": "Aggregate",
            "Strategy": "Plain",
            "Partial Mode": "Finalize",
            "Parallel Aware": false,
            "Startup Cost": 46973.21,
            "Total Cost": 46973.22,
            "Plan Rows": 1,
            "Plan Width": 8,
            "Actual Startup Time": 45.831,
            "Actual Total Time": 51.145,
            "Actual Rows": 1,
            "Actual Loops": 1,
            "Output": [
                "count(*)"
            ],
            "Plans": [
                {
                    "Node Type": "Gather",
                    "Parent Relationship": "Outer",
                    "Parallel Aware": false,
                    "Startup Cost": 46972.79,
                    "Total Cost": 46973.2,
                    "Plan Rows": 4,
                    "Plan Width": 8,
                    "Actual Startup Time": 45.47,
                    "Actual Total Time": 51.14,
                    "Actual Rows": 5,
                    "Actual Loops": 1,
                    "Output": [
                        "(PARTIAL count(*))"
                    ],
                    "Workers Planned": 4,
                    "Workers Launched": 4,
                    "Single Copy": false,
                    "Plans": [
                        {
                            "Node Type": "Aggregate",
                            "Strategy": "Plain",
                            "Partial Mode": "Partial",
                            "Parent Relationship": "Outer",
                            "Parallel Aware": false,
                            "Startup Cost": 45972.79,
                            "Total Cost": 45972.8,
                            "Plan Rows": 1,
                            "Plan Width": 8,
                            "Actual Startup Time": 35.741,
                            "Actual Total Time": 35.742,
                            "Actual Rows": 1,
                            "Actual Loops": 5,
                            "Output": [
                                "PARTIAL count(*)"
                            ],
                            "Workers": [
                                {
                                    "Worker Number": 0,
                                    "Actual Startup Time": 32.995,
                                    "Actual Total Time": 32.996,
                                    "Actual Rows": 1,
                                    "Actual Loops": 1
                                },
                                {
                                    "Worker Number": 1,
                                    "Actual Startup Time": 33.573,
                                    "Actual Total Time": 33.574,
                                    "Actual Rows": 1,
                                    "Actual Loops": 1
                                },
                                {
                                    "Worker Number": 2,
                                    "Actual Startup Time": 32.985,
                                    "Actual Total Time": 32.986,
                                    "Actual Rows": 1,
                                    "Actual Loops": 1
                                },
                                {
                                    "Worker Number": 3,
                                    "Actual Startup Time": 34.012,
                                    "Actual Total Time": 34.014,
                                    "Actual Rows": 1,
                                    "Actual Loops": 1
                                }
                            ],
                            "Plans": [
                                {
                                    "Node Type": "Nested Loop",
                                    "Parent Relationship": "Outer",
                                    "Parallel Aware": false,
                                    "Join Type": "Inner",
                                    "Startup Cost": 1802.04,
                                    "Total Cost": 45972.24,
                                    "Plan Rows": 219,
                                    "Plan Width": 0,
                                    "Actual Startup Time": 2.733,
                                    "Actual Total Time": 35.679,
                                    "Actual Rows": 288,
                                    "Actual Loops": 5,
                                    "Inner Unique": false,
                                    "Workers": [
                                        {
                                            "Worker Number": 0,
                                            "Actual Startup Time": 1.066,
                                            "Actual Total Time": 32.944,
                                            "Actual Rows": 126,
                                            "Actual Loops": 1
                                        },
                                        {
                                            "Worker Number": 1,
                                            "Actual Startup Time": 1.237,
                                            "Actual Total Time": 33.52,
                                            "Actual Rows": 146,
                                            "Actual Loops": 1
                                        },
                                        {
                                            "Worker Number": 2,
                                            "Actual Startup Time": 1.587,
                                            "Actual Total Time": 32.939,
                                            "Actual Rows": 136,
                                            "Actual Loops": 1
                                        },
                                        {
                                            "Worker Number": 3,
                                            "Actual Startup Time": 0.765,
                                            "Actual Total Time": 33.964,
                                            "Actual Rows": 141,
                                            "Actual Loops": 1
                                        }
                                    ],
                                    "Plans": [
                                        {
                                            "Node Type": "Bitmap Heap Scan",
                                            "Parent Relationship": "Outer",
                                            "Parallel Aware": true,
                                            "Relation Name": "title",
                                            "Schema": "public",
                                            "Alias": "t",
                                            "Startup Cost": 1801.61,
                                            "Total Cost": 38177.59,
                                            "Plan Rows": 1208,
                                            "Plan Width": 4,
                                            "Actual Startup Time": 2.094,
                                            "Actual Total Time": 26.812,
                                            "Actual Rows": 728,
                                            "Actual Loops": 5,
                                            "Output": [
                                                "t.id",
                                                "t.title",
                                                "t.imdb_index",
                                                "t.kind_id",
                                                "t.production_year",
                                                "t.imdb_id",
                                                "t.phonetic_code",
                                                "t.episode_of_id",
                                                "t.season_nr",
                                                "t.episode_nr",
                                                "t.series_years",
                                                "t.md5sum"
                                            ],
                                            "Recheck Cond": "(t.kind_id = 3)",
                                            "Rows Removed by Index Recheck": 0,
                                            "Filter": "(t.production_year = 2008)",
                                            "Rows Removed by Filter": 19379,
                                            "Exact Heap Blocks": 7917,
                                            "Lossy Heap Blocks": 0,
                                            "Workers": [
                                                {
                                                    "Worker Number": 0,
                                                    "Actual Startup Time": 0.423,
                                                    "Actual Total Time": 23.907,
                                                    "Actual Rows": 330,
                                                    "Actual Loops": 1
                                                },
                                                {
                                                    "Worker Number": 1,
                                                    "Actual Startup Time": 0.462,
                                                    "Actual Total Time": 24.398,
                                                    "Actual Rows": 337,
                                                    "Actual Loops": 1
                                                },
                                                {
                                                    "Worker Number": 2,
                                                    "Actual Startup Time": 0.245,
                                                    "Actual Total Time": 24.091,
                                                    "Actual Rows": 345,
                                                    "Actual Loops": 1
                                                },
                                                {
                                                    "Worker Number": 3,
                                                    "Actual Startup Time": 0.381,
                                                    "Actual Total Time": 24.738,
                                                    "Actual Rows": 399,
                                                    "Actual Loops": 1
                                                }
                                            ],
                                            "Plans": [
                                                {
                                                    "Node Type": "Bitmap Index Scan",
                                                    "Parent Relationship": "Outer",
                                                    "Parallel Aware": false,
                                                    "Index Name": "kind_id_title",
                                                    "Startup Cost": 0.0,
                                                    "Total Cost": 1800.4,
                                                    "Plan Rows": 100796,
                                                    "Plan Width": 0,
                                                    "Actual Startup Time": 6.181,
                                                    "Actual Total Time": 6.181,
                                                    "Actual Rows": 100537,
                                                    "Actual Loops": 1,
                                                    "Index Cond": "(t.kind_id = 3)"
                                                }
                                            ]
                                        },
                                        {
                                            "Node Type": "Index Scan",
                                            "Parent Relationship": "Inner",
                                            "Parallel Aware": false,
                                            "Scan Direction": "Forward",
                                            "Index Name": "movie_id_movie_info_idx",
                                            "Relation Name": "movie_info_idx",
                                            "Schema": "public",
                                            "Alias": "mi_idx",
                                            "Startup Cost": 0.43,
                                            "Total Cost": 6.44,
                                            "Plan Rows": 1,
                                            "Plan Width": 4,
                                            "Actual Startup Time": 0.011,
                                            "Actual Total Time": 0.011,
                                            "Actual Rows": 0,
                                            "Actual Loops": 3640,
                                            "Output": [
                                                "mi_idx.id",
                                                "mi_idx.movie_id",
                                                "mi_idx.info_type_id",
                                                "mi_idx.info",
                                                "mi_idx.note"
                                            ],
                                            "Index Cond": "(mi_idx.movie_id = t.id)",
                                            "Rows Removed by Index Recheck": 0,
                                            "Filter": "(mi_idx.info_type_id < 100)",
                                            "Rows Removed by Filter": 1,
                                            "Workers": [
                                                {
                                                    "Worker Number": 0,
                                                    "Actual Startup Time": 0.026,
                                                    "Actual Total Time": 0.026,
                                                    "Actual Rows": 0,
                                                    "Actual Loops": 330
                                                },
                                                {
                                                    "Worker Number": 1,
                                                    "Actual Startup Time": 0.025,
                                                    "Actual Total Time": 0.026,
                                                    "Actual Rows": 0,
                                                    "Actual Loops": 337
                                                },
                                                {
                                                    "Worker Number": 2,
                                                    "Actual Startup Time": 0.024,
                                                    "Actual Total Time": 0.024,
                                                    "Actual Rows": 0,
                                                    "Actual Loops": 345
                                                },
                                                {
                                                    "Worker Number": 3,
                                                    "Actual Startup Time": 0.022,
                                                    "Actual Total Time": 0.022,
                                                    "Actual Rows": 0,
                                                    "Actual Loops": 399
                                                }
                                            ]
                                        }
                                    ]
                                }
                            ]
                        }
                    ]
                }
            ]
        },
        "Planning Time": 257.575,
        "Triggers": [],
        "Execution Time": 51.206
    }
]