{
    "Plan": {
        "Node Type": "Aggregate",
        "Strategy": "Plain",
        "Partial Mode": "Simple",
        "Parallel Aware": false,
        "Startup Cost": 60003152379.9,
        "Total Cost": 60003152379.91,
        "Plan Rows": 1,
        "Plan Width": 96,
        "Actual Startup Time": 45268.022,
        "Actual Total Time": 45268.038,
        "Actual Rows": 1,
        "Actual Loops": 1,
        "Output": [
            "min(mi.info)",
            "min(miidx.info)",
            "min(t.title)"
        ],
        "Plans": [
            {
                "Node Type": "Hash Join",
                "Parent Relationship": "Outer",
                "Parallel Aware": false,
                "Join Type": "Inner",
                "Startup Cost": 60003152366.8,
                "Total Cost": 60003152379.58,
                "Plan Rows": 43,
                "Plan Width": 65,
                "Actual Startup Time": 45219.447,
                "Actual Total Time": 45242.811,
                "Actual Rows": 272439,
                "Actual Loops": 1,
                "Output": [
                    "mi.info",
                    "miidx.info",
                    "t.title"
                ],
                "Inner Unique": false,
                "Hash Cond": "(kt.id = t.kind_id)",
                "Plans": [
                    {
                        "Node Type": "Index Scan",
                        "Parent Relationship": "Outer",
                        "Parallel Aware": false,
                        "Scan Direction": "Forward",
                        "Index Name": "kind_type_pkey",
                        "Relation Name": "kind_type",
                        "Schema": "public",
                        "Alias": "kt",
                        "Startup Cost": 10000000000.13,
                        "Total Cost": 10000000012.25,
                        "Plan Rows": 1,
                        "Plan Width": 4,
                        "Actual Startup Time": 0.078,
                        "Actual Total Time": 0.113,
                        "Actual Rows": 1,
                        "Actual Loops": 1,
                        "Output": [
                            "kt.id",
                            "kt.kind"
                        ],
                        "Filter": "((kt.kind)::text = 'movie'::text)",
                        "Rows Removed by Filter": 6
                    },
                    {
                        "Node Type": "Hash",
                        "Parent Relationship": "Inner",
                        "Parallel Aware": false,
                        "Startup Cost": 50003152362.9,
                        "Total Cost": 50003152362.9,
                        "Plan Rows": 301,
                        "Plan Width": 69,
                        "Actual Startup Time": 45219.33,
                        "Actual Total Time": 45219.343,
                        "Actual Rows": 331548,
                        "Actual Loops": 1,
                        "Output": [
                            "mi.info",
                            "miidx.info",
                            "t.title",
                            "t.kind_id"
                        ],
                        "Hash Buckets": 524288,
                        "Original Hash Buckets": 1024,
                        "Hash Batches": 1,
                        "Original Hash Batches": 1,
                        "Peak Memory Usage": 30055,
                        "Plans": [
                            {
                                "Node Type": "Hash Join",
                                "Parent Relationship": "Outer",
                                "Parallel Aware": false,
                                "Join Type": "Inner",
                                "Startup Cost": 50003152358.06,
                                "Total Cost": 50003152362.9,
                                "Plan Rows": 301,
                                "Plan Width": 69,
                                "Actual Startup Time": 45115.993,
                                "Actual Total Time": 45153.048,
                                "Actual Rows": 331548,
                                "Actual Loops": 1,
                                "Output": [
                                    "mi.info",
                                    "miidx.info",
                                    "t.title",
                                    "t.kind_id"
                                ],
                                "Inner Unique": false,
                                "Hash Cond": "(ct.id = mc.company_type_id)",
                                "Plans": [
                                    {
                                        "Node Type": "Seq Scan",
                                        "Parent Relationship": "Outer",
                                        "Parallel Aware": false,
                                        "Relation Name": "company_type",
                                        "Schema": "public",
                                        "Alias": "ct",
                                        "Startup Cost": 0.0,
                                        "Total Cost": 1.05,
                                        "Plan Rows": 1,
                                        "Plan Width": 4,
                                        "Actual Startup Time": 0.047,
                                        "Actual Total Time": 0.069,
                                        "Actual Rows": 1,
                                        "Actual Loops": 1,
                                        "Output": [
                                            "ct.id",
                                            "ct.kind"
                                        ],
                                        "Filter": "((ct.kind)::text = 'distributors'::text)",
                                        "Rows Removed by Filter": 3
                                    },
                                    {
                                        "Node Type": "Hash",
                                        "Parent Relationship": "Inner",
                                        "Parallel Aware": false,
                                        "Startup Cost": 50003152342.99,
                                        "Total Cost": 50003152342.99,
                                        "Plan Rows": 1206,
                                        "Plan Width": 73,
                                        "Actual Startup Time": 45115.917,
                                        "Actual Total Time": 45115.929,
                                        "Actual Rows": 516600,
                                        "Actual Loops": 1,
                                        "Output": [
                                            "mc.company_type_id",
                                            "mi.info",
                                            "miidx.info",
                                            "t.title",
                                            "t.kind_id"
                                        ],
                                        "Hash Buckets": 524288,
                                        "Original Hash Buckets": 2048,
                                        "Hash Batches": 1,
                                        "Original Hash Batches": 1,
                                        "Peak Memory Usage": 46460,
                                        "Plans": [
                                            {
                                                "Node Type": "Merge Join",
                                                "Parent Relationship": "Outer",
                                                "Parallel Aware": false,
                                                "Join Type": "Inner",
                                                "Startup Cost": 50003139694.33,
                                                "Total Cost": 50003152342.99,
                                                "Plan Rows": 1206,
                                                "Plan Width": 73,
                                                "Actual Startup Time": 44208.653,
                                                "Actual Total Time": 45009.805,
                                                "Actual Rows": 516600,
                                                "Actual Loops": 1,
                                                "Output": [
                                                    "mc.company_type_id",
                                                    "mi.info",
                                                    "miidx.info",
                                                    "t.title",
                                                    "t.kind_id"
                                                ],
                                                "Inner Unique": false,
                                                "Merge Cond": "(mi.movie_id = t.id)",
                                                "Plans": [
                                                    {
                                                        "Node Type": "Sort",
                                                        "Parent Relationship": "Outer",
                                                        "Parallel Aware": false,
                                                        "Startup Cost": 40002809527.97,
                                                        "Total Cost": 40002809530.99,
                                                        "Plan Rows": 1206,
                                                        "Plan Width": 64,
                                                        "Actual Startup Time": 43010.856,
                                                        "Actual Total Time": 43084.966,
                                                        "Actual Rows": 516600,
                                                        "Actual Loops": 1,
                                                        "Output": [
                                                            "mc.movie_id",
                                                            "mc.company_type_id",
                                                            "mi.info",
                                                            "mi.movie_id",
                                                            "miidx.info",
                                                            "miidx.movie_id"
                                                        ],
                                                        "Sort Key": [
                                                            "mc.movie_id"
                                                        ],
                                                        "Sort Method": "quicksort",
                                                        "Sort Space Used": 53793,
                                                        "Sort Space Type": "Memory",
                                                        "Plans": [
                                                            {
                                                                "Node Type": "Hash Join",
                                                                "Parent Relationship": "Outer",
                                                                "Parallel Aware": false,
                                                                "Join Type": "Inner",
                                                                "Startup Cost": 40002809383.13,
                                                                "Total Cost": 40002809466.25,
                                                                "Plan Rows": 1206,
                                                                "Plan Width": 64,
                                                                "Actual Startup Time": 42814.663,
                                                                "Actual Total Time": 42880.296,
                                                                "Actual Rows": 516600,
                                                                "Actual Loops": 1,
                                                                "Output": [
                                                                    "mc.movie_id",
                                                                    "mc.company_type_id",
                                                                    "mi.info",
                                                                    "mi.movie_id",
                                                                    "miidx.info",
                                                                    "miidx.movie_id"
                                                                ],
                                                                "Inner Unique": false,
                                                                "Hash Cond": "(it.id = miidx.info_type_id)",
                                                                "Plans": [
                                                                    {
                                                                        "Node Type": "Index Scan",
                                                                        "Parent Relationship": "Outer",
                                                                        "Parallel Aware": false,
                                                                        "Scan Direction": "Forward",
                                                                        "Index Name": "info_type_pkey",
                                                                        "Relation Name": "info_type",
                                                                        "Schema": "public",
                                                                        "Alias": "it",
                                                                        "Startup Cost": 10000000000.14,
                                                                        "Total Cost": 10000000014.12,
                                                                        "Plan Rows": 1,
                                                                        "Plan Width": 4,
                                                                        "Actual Startup Time": 0.052,
                                                                        "Actual Total Time": 0.092,
                                                                        "Actual Rows": 1,
                                                                        "Actual Loops": 1,
                                                                        "Output": [
                                                                            "it.id",
                                                                            "it.info"
                                                                        ],
                                                                        "Filter": "((it.info)::text = 'rating'::text)",
                                                                        "Rows Removed by Filter": 112
                                                                    },
                                                                    {
                                                                        "Node Type": "Hash",
                                                                        "Parent Relationship": "Inner",
                                                                        "Parallel Aware": false,
                                                                        "Startup Cost": 30002807679.72,
                                                                        "Total Cost": 30002807679.72,
                                                                        "Plan Rows": 136261,
                                                                        "Plan Width": 68,
                                                                        "Actual Startup Time": 42813.792,
                                                                        "Actual Total Time": 42813.801,
                                                                        "Actual Rows": 1567424,
                                                                        "Actual Loops": 1,
                                                                        "Output": [
                                                                            "mc.movie_id",
                                                                            "mc.company_type_id",
                                                                            "mi.info",
                                                                            "mi.movie_id",
                                                                            "miidx.info",
                                                                            "miidx.movie_id",
                                                                            "miidx.info_type_id"
                                                                        ],
                                                                        "Hash Buckets": 2097152,
                                                                        "Original Hash Buckets": 262144,
                                                                        "Hash Batches": 1,
                                                                        "Original Hash Batches": 1,
                                                                        "Peak Memory Usage": 143027,
                                                                        "Plans": [
                                                                            {
                                                                                "Node Type": "Merge Join",
                                                                                "Parent Relationship": "Outer",
                                                                                "Parallel Aware": false,
                                                                                "Join Type": "Inner",
                                                                                "Startup Cost": 30002796525.06,
                                                                                "Total Cost": 30002807679.72,
                                                                                "Plan Rows": 136261,
                                                                                "Plan Width": 68,
                                                                                "Actual Startup Time": 37167.504,
                                                                                "Actual Total Time": 42401.371,
                                                                                "Actual Rows": 1567424,
                                                                                "Actual Loops": 1,
                                                                                "Output": [
                                                                                    "mc.movie_id",
                                                                                    "mc.company_type_id",
                                                                                    "mi.info",
                                                                                    "mi.movie_id",
                                                                                    "miidx.info",
                                                                                    "miidx.movie_id",
                                                                                    "miidx.info_type_id"
                                                                                ],
                                                                                "Inner Unique": false,
                                                                                "Merge Cond": "(cn.id = mc.company_id)",
                                                                                "Plans": [
                                                                                    {
                                                                                        "Node Type": "Sort",
                                                                                        "Parent Relationship": "Outer",
                                                                                        "Parallel Aware": false,
                                                                                        "Startup Cost": 10000007056.04,
                                                                                        "Total Cost": 10000007096.25,
                                                                                        "Plan Rows": 16082,
                                                                                        "Plan Width": 4,
                                                                                        "Actual Startup Time": 75.229,
                                                                                        "Actual Total Time": 95.566,
                                                                                        "Actual Rows": 16045,
                                                                                        "Actual Loops": 1,
                                                                                        "Output": [
                                                                                            "cn.id"
                                                                                        ],
                                                                                        "Sort Key": [
                                                                                            "cn.id"
                                                                                        ],
                                                                                        "Sort Method": "quicksort",
                                                                                        "Sort Space Used": 1137,
                                                                                        "Sort Space Type": "Memory",
                                                                                        "Plans": [
                                                                                            {
                                                                                                "Node Type": "Seq Scan",
                                                                                                "Parent Relationship": "Outer",
                                                                                                "Parallel Aware": false,
                                                                                                "Relation Name": "company_name",
                                                                                                "Schema": "public",
                                                                                                "Alias": "cn",
                                                                                                "Startup Cost": 10000000000.0,
                                                                                                "Total Cost": 10000005932.46,
                                                                                                "Plan Rows": 16082,
                                                                                                "Plan Width": 4,
                                                                                                "Actual Startup Time": 0.056,
                                                                                                "Actual Total Time": 69.865,
                                                                                                "Actual Rows": 16045,
                                                                                                "Actual Loops": 1,
                                                                                                "Output": [
                                                                                                    "cn.id"
                                                                                                ],
                                                                                                "Filter": "((cn.country_code)::text = '[gb]'::text)",
                                                                                                "Rows Removed by Filter": 218952
                                                                                            }
                                                                                        ]
                                                                                    },
                                                                                    {
                                                                                        "Node Type": "Sort",
                                                                                        "Parent Relationship": "Inner",
                                                                                        "Parallel Aware": false,
                                                                                        "Startup Cost": 20002789225.28,
                                                                                        "Total Cost": 20002794203.01,
                                                                                        "Plan Rows": 1991090,
                                                                                        "Plan Width": 72,
                                                                                        "Actual Startup Time": 37091.836,
                                                                                        "Actual Total Time": 40347.525,
                                                                                        "Actual Rows": 29156640,
                                                                                        "Actual Loops": 1,
                                                                                        "Output": [
                                                                                            "mi.info",
                                                                                            "mi.movie_id",
                                                                                            "mc.movie_id",
                                                                                            "mc.company_id",
                                                                                            "mc.company_type_id",
                                                                                            "miidx.info",
                                                                                            "miidx.movie_id",
                                                                                            "miidx.info_type_id"
                                                                                        ],
                                                                                        "Sort Key": [
                                                                                            "mc.company_id"
                                                                                        ],
                                                                                        "Sort Method": "external sort",
                                                                                        "Sort Space Used": 1976248,
                                                                                        "Sort Space Type": "Disk",
                                                                                        "Plans": [
                                                                                            {
                                                                                                "Node Type": "Hash Join",
                                                                                                "Parent Relationship": "Outer",
                                                                                                "Parallel Aware": false,
                                                                                                "Join Type": "Inner",
                                                                                                "Startup Cost": 20002260657.95,
                                                                                                "Total Cost": 20002580906.23,
                                                                                                "Plan Rows": 1991090,
                                                                                                "Plan Width": 72,
                                                                                                "Actual Startup Time": 8487.461,
                                                                                                "Actual Total Time": 12695.497,
                                                                                                "Actual Rows": 29157386,
                                                                                                "Actual Loops": 1,
                                                                                                "Output": [
                                                                                                    "mi.info",
                                                                                                    "mi.movie_id",
                                                                                                    "mc.movie_id",
                                                                                                    "mc.company_id",
                                                                                                    "mc.company_type_id",
                                                                                                    "miidx.info",
                                                                                                    "miidx.movie_id",
                                                                                                    "miidx.info_type_id"
                                                                                                ],
                                                                                                "Inner Unique": false,
                                                                                                "Hash Cond": "(mi.movie_id = mc.movie_id)",
                                                                                                "Plans": [
                                                                                                    {
                                                                                                        "Node Type": "Hash Join",
                                                                                                        "Parent Relationship": "Outer",
                                                                                                        "Parallel Aware": false,
                                                                                                        "Join Type": "Inner",
                                                                                                        "Startup Cost": 20002143213.47,
                                                                                                        "Total Cost": 20002440318.76,
                                                                                                        "Plan Rows": 369382,
                                                                                                        "Plan Width": 60,
                                                                                                        "Actual Startup Time": 7052.217,
                                                                                                        "Actual Total Time": 7971.474,
                                                                                                        "Actual Rows": 3367474,
                                                                                                        "Actual Loops": 1,
                                                                                                        "Output": [
                                                                                                            "mi.info",
                                                                                                            "mi.movie_id",
                                                                                                            "miidx.info",
                                                                                                            "miidx.movie_id",
                                                                                                            "miidx.info_type_id"
                                                                                                        ],
                                                                                                        "Inner Unique": false,
                                                                                                        "Hash Cond": "(miidx.movie_id = mi.movie_id)",
                                                                                                        "Plans": [
                                                                                                            {
                                                                                                                "Node Type": "Index Scan",
                                                                                                                "Parent Relationship": "Outer",
                                                                                                                "Parallel Aware": false,
                                                                                                                "Scan Direction": "Forward",
                                                                                                                "Index Name": "movie_id_movie_info_idx",
                                                                                                                "Relation Name": "movie_info_idx",
                                                                                                                "Schema": "public",
                                                                                                                "Alias": "miidx",
                                                                                                                "Startup Cost": 10000000000.43,
                                                                                                                "Total Cost": 10000053630.81,
                                                                                                                "Plan Rows": 1380035,
                                                                                                                "Plan Width": 13,
                                                                                                                "Actual Startup Time": 0.034,
                                                                                                                "Actual Total Time": 221.763,
                                                                                                                "Actual Rows": 1380035,
                                                                                                                "Actual Loops": 1,
                                                                                                                "Output": [
                                                                                                                    "miidx.id",
                                                                                                                    "miidx.movie_id",
                                                                                                                    "miidx.info_type_id",
                                                                                                                    "miidx.info",
                                                                                                                    "miidx.note"
                                                                                                                ]
                                                                                                            },
                                                                                                            {
                                                                                                                "Node Type": "Hash",
                                                                                                                "Parent Relationship": "Inner",
                                                                                                                "Parallel Aware": false,
                                                                                                                "Startup Cost": 10002141580.84,
                                                                                                                "Total Cost": 10002141580.84,
                                                                                                                "Plan Rows": 130576,
                                                                                                                "Plan Width": 47,
                                                                                                                "Actual Startup Time": 7051.973,
                                                                                                                "Actual Total Time": 7051.975,
                                                                                                                "Actual Rows": 3036719,
                                                                                                                "Actual Loops": 1,
                                                                                                                "Output": [
                                                                                                                    "mi.info",
                                                                                                                    "mi.movie_id"
                                                                                                                ],
                                                                                                                "Hash Buckets": 4194304,
                                                                                                                "Original Hash Buckets": 131072,
                                                                                                                "Hash Batches": 1,
                                                                                                                "Original Hash Batches": 1,
                                                                                                                "Peak Memory Usage": 204107,
                                                                                                                "Plans": [
                                                                                                                    {
                                                                                                                        "Node Type": "Merge Join",
                                                                                                                        "Parent Relationship": "Outer",
                                                                                                                        "Parallel Aware": false,
                                                                                                                        "Join Type": "Inner",
                                                                                                                        "Startup Cost": 10002066485.91,
                                                                                                                        "Total Cost": 10002141580.84,
                                                                                                                        "Plan Rows": 130576,
                                                                                                                        "Plan Width": 47,
                                                                                                                        "Actual Startup Time": 6024.97,
                                                                                                                        "Actual Total Time": 6454.469,
                                                                                                                        "Actual Rows": 3036719,
                                                                                                                        "Actual Loops": 1,
                                                                                                                        "Output": [
                                                                                                                            "mi.info",
                                                                                                                            "mi.movie_id"
                                                                                                                        ],
                                                                                                                        "Inner Unique": false,
                                                                                                                        "Merge Cond": "(it2.id = mi.info_type_id)",
                                                                                                                        "Plans": [
                                                                                                                            {
                                                                                                                                "Node Type": "Index Scan",
                                                                                                                                "Parent Relationship": "Outer",
                                                                                                                                "Parallel Aware": false,
                                                                                                                                "Scan Direction": "Forward",
                                                                                                                                "Index Name": "info_type_pkey",
                                                                                                                                "Relation Name": "info_type",
                                                                                                                                "Schema": "public",
                                                                                                                                "Alias": "it2",
                                                                                                                                "Startup Cost": 10000000000.14,
                                                                                                                                "Total Cost": 10000000014.12,
                                                                                                                                "Plan Rows": 1,
                                                                                                                                "Plan Width": 4,
                                                                                                                                "Actual Startup Time": 0.013,
                                                                                                                                "Actual Total Time": 0.034,
                                                                                                                                "Actual Rows": 1,
                                                                                                                                "Actual Loops": 1,
                                                                                                                                "Output": [
                                                                                                                                    "it2.id",
                                                                                                                                    "it2.info"
                                                                                                                                ],
                                                                                                                                "Filter": "((it2.info)::text = 'release dates'::text)",
                                                                                                                                "Rows Removed by Filter": 112
                                                                                                                            },
                                                                                                                            {
                                                                                                                                "Node Type": "Sort",
                                                                                                                                "Parent Relationship": "Inner",
                                                                                                                                "Parallel Aware": false,
                                                                                                                                "Startup Cost": 2066485.48,
                                                                                                                                "Total Cost": 2103373.22,
                                                                                                                                "Plan Rows": 14755095,
                                                                                                                                "Plan Width": 51,
                                                                                                                                "Actual Startup Time": 5146.826,
                                                                                                                                "Actual Total Time": 5631.702,
                                                                                                                                "Actual Rows": 12601871,
                                                                                                                                "Actual Loops": 1,
                                                                                                                                "Output": [
                                                                                                                                    "mi.info",
                                                                                                                                    "mi.movie_id",
                                                                                                                                    "mi.info_type_id"
                                                                                                                                ],
                                                                                                                                "Sort Key": [
                                                                                                                                    "mi.info_type_id"
                                                                                                                                ],
                                                                                                                                "Sort Method": "quicksort",
                                                                                                                                "Sort Space Used": 1988368,
                                                                                                                                "Sort Space Type": "Memory",
                                                                                                                                "Plans": [
                                                                                                                                    {
                                                                                                                                        "Node Type": "Seq Scan",
                                                                                                                                        "Parent Relationship": "Outer",
                                                                                                                                        "Parallel Aware": false,
                                                                                                                                        "Relation Name": "movie_info",
                                                                                                                                        "Schema": "public",
                                                                                                                                        "Alias": "mi",
                                                                                                                                        "Startup Cost": 0.0,
                                                                                                                                        "Total Cost": 309543.95,
                                                                                                                                        "Plan Rows": 14755095,
                                                                                                                                        "Plan Width": 51,
                                                                                                                                        "Actual Startup Time": 0.015,
                                                                                                                                        "Actual Total Time": 1846.801,
                                                                                                                                        "Actual Rows": 14835720,
                                                                                                                                        "Actual Loops": 1,
                                                                                                                                        "Output": [
                                                                                                                                            "mi.info",
                                                                                                                                            "mi.movie_id",
                                                                                                                                            "mi.info_type_id"
                                                                                                                                        ]
                                                                                                                                    }
                                                                                                                                ]
                                                                                                                            }
                                                                                                                        ]
                                                                                                                    }
                                                                                                                ]
                                                                                                            }
                                                                                                        ]
                                                                                                    },
                                                                                                    {
                                                                                                        "Node Type": "Hash",
                                                                                                        "Parent Relationship": "Inner",
                                                                                                        "Parallel Aware": false,
                                                                                                        "Startup Cost": 84830.36,
                                                                                                        "Total Cost": 84830.36,
                                                                                                        "Plan Rows": 2609129,
                                                                                                        "Plan Width": 12,
                                                                                                        "Actual Startup Time": 1427.837,
                                                                                                        "Actual Total Time": 1427.837,
                                                                                                        "Actual Rows": 2609129,
                                                                                                        "Actual Loops": 1,
                                                                                                        "Output": [
                                                                                                            "mc.movie_id",
                                                                                                            "mc.company_id",
                                                                                                            "mc.company_type_id"
                                                                                                        ],
                                                                                                        "Hash Buckets": 4194304,
                                                                                                        "Original Hash Buckets": 4194304,
                                                                                                        "Hash Batches": 1,
                                                                                                        "Original Hash Batches": 1,
                                                                                                        "Peak Memory Usage": 144880,
                                                                                                        "Plans": [
                                                                                                            {
                                                                                                                "Node Type": "Index Scan",
                                                                                                                "Parent Relationship": "Outer",
                                                                                                                "Parallel Aware": false,
                                                                                                                "Scan Direction": "Forward",
                                                                                                                "Index Name": "company_type_id_movie_companies",
                                                                                                                "Relation Name": "movie_companies",
                                                                                                                "Schema": "public",
                                                                                                                "Alias": "mc",
                                                                                                                "Startup Cost": 0.43,
                                                                                                                "Total Cost": 84830.36,
                                                                                                                "Plan Rows": 2609129,
                                                                                                                "Plan Width": 12,
                                                                                                                "Actual Startup Time": 0.041,
                                                                                                                "Actual Total Time": 723.332,
                                                                                                                "Actual Rows": 2609129,
                                                                                                                "Actual Loops": 1,
                                                                                                                "Output": [
                                                                                                                    "mc.movie_id",
                                                                                                                    "mc.company_id",
                                                                                                                    "mc.company_type_id"
                                                                                                                ]
                                                                                                            }
                                                                                                        ]
                                                                                                    }
                                                                                                ]
                                                                                            }
                                                                                        ]
                                                                                    }
                                                                                ]
                                                                            }
                                                                        ]
                                                                    }
                                                                ]
                                                            }
                                                        ]
                                                    },
                                                    {
                                                        "Node Type": "Sort",
                                                        "Parent Relationship": "Inner",
                                                        "Parallel Aware": false,
                                                        "Startup Cost": 10000330165.09,
                                                        "Total Cost": 10000336485.89,
                                                        "Plan Rows": 2528322,
                                                        "Plan Width": 25,
                                                        "Actual Startup Time": 1197.759,
                                                        "Actual Total Time": 1562.054,
                                                        "Actual Rows": 2995800,
                                                        "Actual Loops": 1,
                                                        "Output": [
                                                            "t.title",
                                                            "t.id",
                                                            "t.kind_id"
                                                        ],
                                                        "Sort Key": [
                                                            "t.id"
                                                        ],
                                                        "Sort Method": "quicksort",
                                                        "Sort Space Used": 290000,
                                                        "Sort Space Type": "Memory",
                                                        "Plans": [
                                                            {
                                                                "Node Type": "Seq Scan",
                                                                "Parent Relationship": "Outer",
                                                                "Parallel Aware": false,
                                                                "Relation Name": "title",
                                                                "Schema": "public",
                                                                "Alias": "t",
                                                                "Startup Cost": 10000000000.0,
                                                                "Total Cost": 10000061281.22,
                                                                "Plan Rows": 2528322,
                                                                "Plan Width": 25,
                                                                "Actual Startup Time": 0.05,
                                                                "Actual Total Time": 431.898,
                                                                "Actual Rows": 2528312,
                                                                "Actual Loops": 1,
                                                                "Output": [
                                                                    "t.title",
                                                                    "t.id",
                                                                    "t.kind_id"
                                                                ]
                                                            }
                                                        ]
                                                    }
                                                ]
                                            }
                                        ]
                                    }
                                ]
                            }
                        ]
                    }
                ]
            }
        ]
    },
    "Planning Time": 9.809,
    "Triggers": [],
    "Execution Time": 45519.739
}