{
  "Plan": {
    "Node Type": "Aggregate",
    "Strategy": "Plain",
    "Partial Mode": "Finalize",
    "Parallel Aware": false,
    "Startup Cost": 124630.5,
    "Total Cost": 124630.51,
    "Plan Rows": 1,
    "Plan Width": 8,
    "Actual Startup Time": 448.735,
    "Actual Total Time": 465.921,
    "Actual Rows": 1,
    "Actual Loops": 1,
    "Plans": [
      {
        "Node Type": "Gather",
        "Parent Relationship": "Outer",
        "Parallel Aware": false,
        "Startup Cost": 124630.39,
        "Total Cost": 124630.5,
        "Plan Rows": 1,
        "Plan Width": 8,
        "Actual Startup Time": 448.484,
        "Actual Total Time": 465.911,
        "Actual Rows": 2,
        "Actual Loops": 1,
        "Workers Planned": 1,
        "Workers Launched": 1,
        "Single Copy": false,
        "Plans": [
          {
            "Node Type": "Aggregate",
            "Strategy": "Plain",
            "Partial Mode": "Partial",
            "Parent Relationship": "Outer",
            "Parallel Aware": false,
            "Startup Cost": 123630.39,
            "Total Cost": 123630.4,
            "Plan Rows": 1,
            "Plan Width": 8,
            "Actual Startup Time": 442.762,
            "Actual Total Time": 442.765,
            "Actual Rows": 1,
            "Actual Loops": 2,
            "Plans": [
              {
                "Node Type": "Hash Join",
                "Parent Relationship": "Outer",
                "Parallel Aware": true,
                "Join Type": "Inner",
                "Startup Cost": 58920.74,
                "Total Cost": 123417.09,
                "Plan Rows": 85322,
                "Plan Width": 0,
                "Actual Startup Time": 182.561,
                "Actual Total Time": 442.757,
                "Actual Rows": 2,
                "Actual Loops": 2,
                "Inner Unique": true,
                "Hash Cond": "(mk.movie_id = t.id)",
                "Plans": [
                  {
                    "Node Type": "Seq Scan",
                    "Parent Relationship": "Outer",
                    "Parallel Aware": true,
                    "Relation Name": "movie_keyword",
                    "Alias": "mk",
                    "Startup Cost": 0.0,
                    "Total Cost": 57718.19,
                    "Plan Rows": 2582149,
                    "Plan Width": 4,
                    "Actual Startup Time": 0.011,
                    "Actual Total Time": 195.482,
                    "Actual Rows": 2196664,
                    "Actual Loops": 2,
                    "Filter": "(keyword_id < 76321)",
                    "Rows Removed by Filter": 65302
                  },
                  {
                    "Node Type": "Hash",
                    "Parent Relationship": "Inner",
                    "Parallel Aware": true,
                    "Startup Cost": 58306.47,
                    "Total Cost": 58306.47,
                    "Plan Rows": 49142,
                    "Plan Width": 4,
                    "Actual Startup Time": 131.494,
                    "Actual Total Time": 131.495,
                    "Actual Rows": 14,
                    "Actual Loops": 2,
                    "Hash Buckets": 131072,
                    "Original Hash Buckets": 131072,
                    "Hash Batches": 1,
                    "Original Hash Batches": 1,
                    "Peak Memory Usage": 1088,
                    "Plans": [
                      {
                        "Node Type": "Seq Scan",
                        "Parent Relationship": "Outer",
                        "Parallel Aware": true,
                        "Relation Name": "title",
                        "Alias": "t",
                        "Startup Cost": 0.0,
                        "Total Cost": 58306.47,
                        "Plan Rows": 49142,
                        "Plan Width": 4,
                        "Actual Startup Time": 35.601,
                        "Actual Total Time": 131.392,
                        "Actual Rows": 14,
                        "Actual Loops": 2,
                        "Filter": "((production_year < 1939) AND (kind_id = 7))",
                        "Rows Removed by Filter": 1264142
                      }
                    ]
                  }
                ]
              }
            ]
          }
        ]
      }
    ]
  },
  "Planning Time": 0.491,
  "Triggers": [],
  "Execution Time": 465.994
}