[
  {
    "Plan": {
      "Node Type": "Aggregate",
      "Strategy": "Plain",
      "Partial Mode": "Finalize",
      "Parallel Aware": false,
      "Startup Cost": 129155.82,
      "Total Cost": 129155.83,
      "Plan Rows": 1,
      "Plan Width": 8,
      "Actual Startup Time": 1405.248,
      "Actual Total Time": 1428.685,
      "Actual Rows": 1,
      "Actual Loops": 1,
      "Plans": [
        {
          "Node Type": "Gather",
          "Parent Relationship": "Outer",
          "Parallel Aware": false,
          "Startup Cost": 129155.5,
          "Total Cost": 129155.81,
          "Plan Rows": 3,
          "Plan Width": 8,
          "Actual Startup Time": 1397.101,
          "Actual Total Time": 1428.673,
          "Actual Rows": 4,
          "Actual Loops": 1,
          "Workers Planned": 3,
          "Workers Launched": 3,
          "Single Copy": false,
          "Plans": [
            {
              "Node Type": "Aggregate",
              "Strategy": "Plain",
              "Partial Mode": "Partial",
              "Parent Relationship": "Outer",
              "Parallel Aware": false,
              "Startup Cost": 128155.5,
              "Total Cost": 128155.51,
              "Plan Rows": 1,
              "Plan Width": 8,
              "Actual Startup Time": 1388.789,
              "Actual Total Time": 1389.618,
              "Actual Rows": 1,
              "Actual Loops": 4,
              "Plans": [
                {
                  "Node Type": "Hash Join",
                  "Parent Relationship": "Outer",
                  "Parallel Aware": true,
                  "Join Type": "Inner",
                  "Startup Cost": 81279.78,
                  "Total Cost": 127558.98,
                  "Plan Rows": 238608,
                  "Plan Width": 0,
                  "Actual Startup Time": 668.595,
                  "Actual Total Time": 1188.986,
                  "Actual Rows": 3974524,
                  "Actual Loops": 4,
                  "Inner Unique": false,
                  "Hash Cond": "(mk.movie_id = t.id)",
                  "Plans": [
                    {
                      "Node Type": "Seq Scan",
                      "Parent Relationship": "Outer",
                      "Parallel Aware": true,
                      "Relation Name": "movie_keyword",
                      "Alias": "mk",
                      "Startup Cost": 0.0,
                      "Total Cost": 42695.65,
                      "Plan Rows": 750360,
                      "Plan Width": 4,
                      "Actual Startup Time": 0.309,
                      "Actual Total Time": 119.161,
                      "Actual Rows": 577929,
                      "Actual Loops": 4,
                      "Filter": "(keyword_id > 4471)",
                      "Rows Removed by Filter": 553054
                    },
                    {
                      "Node Type": "Hash",
                      "Parent Relationship": "Inner",
                      "Parallel Aware": true,
                      "Startup Cost": 78037.78,
                      "Total Cost": 78037.78,
                      "Plan Rows": 259360,
                      "Plan Width": 8,
                      "Actual Startup Time": 662.92,
                      "Actual Total Time": 663.748,
                      "Actual Rows": 370917,
                      "Actual Loops": 4,
                      "Hash Buckets": 2097152,
                      "Original Hash Buckets": 1048576,
                      "Hash Batches": 1,
                      "Original Hash Batches": 1,
                      "Peak Memory Usage": 82688,
                      "Plans": [
                        {
                          "Node Type": "Hash Join",
                          "Parent Relationship": "Outer",
                          "Parallel Aware": true,
                          "Join Type": "Inner",
                          "Startup Cost": 46982.15,
                          "Total Cost": 78037.78,
                          "Plan Rows": 259360,
                          "Plan Width": 8,
                          "Actual Startup Time": 223.417,
                          "Actual Total Time": 490.321,
                          "Actual Rows": 370917,
                          "Actual Loops": 4,
                          "Inner Unique": true,
                          "Hash Cond": "(mc.movie_id = t.id)",
                          "Plans": [
                            {
                              "Node Type": "Seq Scan",
                              "Parent Relationship": "Outer",
                              "Parallel Aware": true,
                              "Relation Name": "movie_companies",
                              "Alias": "mc",
                              "Startup Cost": 0.0,
                              "Total Cost": 29310.68,
                              "Plan Rows": 664743,
                              "Plan Width": 4,
                              "Actual Startup Time": 0.012,
                              "Actual Total Time": 89.244,
                              "Actual Rows": 515985,
                              "Actual Loops": 4,
                              "Filter": "(company_id < 72033)",
                              "Rows Removed by Filter": 136297
                            },
                            {
                              "Node Type": "Hash",
                              "Parent Relationship": "Inner",
                              "Parallel Aware": true,
                              "Startup Cost": 43899.32,
                              "Total Cost": 43899.32,
                              "Plan Rows": 246626,
                              "Plan Width": 4,
                              "Actual Startup Time": 220.4,
                              "Actual Total Time": 220.402,
                              "Actual Rows": 246262,
                              "Actual Loops": 4,
                              "Hash Buckets": 1048576,
                              "Original Hash Buckets": 1048576,
                              "Hash Batches": 1,
                              "Original Hash Batches": 1,
                              "Peak Memory Usage": 46816,
                              "Plans": [
                                {
                                  "Node Type": "Seq Scan",
                                  "Parent Relationship": "Outer",
                                  "Parallel Aware": true,
                                  "Relation Name": "title",
                                  "Alias": "t",
                                  "Startup Cost": 0.0,
                                  "Total Cost": 43899.32,
                                  "Plan Rows": 246626,
                                  "Plan Width": 4,
                                  "Actual Startup Time": 0.045,
                                  "Actual Total Time": 117.191,
                                  "Actual Rows": 246262,
                                  "Actual Loops": 4,
                                  "Filter": "(kind_id < 7)",
                                  "Rows Removed by Filter": 385816
                                }
                              ]
                            }
                          ]
                        }
                      ]
                    }
                  ]
                }
              ]
            }
          ]
        }
      ]
    },
    "Planning Time": 1.44,
    "Triggers": [],
    "Execution Time": 1428.77
  }
]