{
    "Plan": {
        "Node Type": "Aggregate",
        "Strategy": "Plain",
        "Partial Mode": "Simple",
        "Parallel Aware": false,
        "Startup Cost": 60001239696.36,
        "Total Cost": 60001239696.37,
        "Plan Rows": 1,
        "Plan Width": 96,
        "Actual Startup Time": 5045.073,
        "Actual Total Time": 5045.085,
        "Actual Rows": 1,
        "Actual Loops": 1,
        "Output": [
            "min(cn.name)",
            "min((lt.link)::text)",
            "min(t.title)"
        ],
        "Plans": [
            {
                "Node Type": "Nested Loop",
                "Parent Relationship": "Outer",
                "Parallel Aware": false,
                "Join Type": "Inner",
                "Startup Cost": 60001225946.35,
                "Total Cost": 60001239696.36,
                "Plan Rows": 1,
                "Plan Width": 48,
                "Actual Startup Time": 5005.347,
                "Actual Total Time": 5044.73,
                "Actual Rows": 1890,
                "Actual Loops": 1,
                "Output": [
                    "cn.name",
                    "lt.link",
                    "t.title"
                ],
                "Inner Unique": false,
                "Join Filter": "(ml.movie_id = mi.movie_id)",
                "Rows Removed by Join Filter": 0,
                "Plans": [
                    {
                        "Node Type": "Hash Join",
                        "Parent Relationship": "Outer",
                        "Parallel Aware": false,
                        "Join Type": "Inner",
                        "Startup Cost": 50001225945.58,
                        "Total Cost": 50001239690.64,
                        "Plan Rows": 1,
                        "Plan Width": 64,
                        "Actual Startup Time": 5003.451,
                        "Actual Total Time": 5038.699,
                        "Actual Rows": 400,
                        "Actual Loops": 1,
                        "Output": [
                            "cn.name",
                            "mc.movie_id",
                            "mk.movie_id",
                            "ml.movie_id",
                            "lt.link",
                            "t.title",
                            "t.id"
                        ],
                        "Inner Unique": false,
                        "Hash Cond": "(ml.movie_id = t.id)",
                        "Plans": [
                            {
                                "Node Type": "Hash Join",
                                "Parent Relationship": "Outer",
                                "Parallel Aware": false,
                                "Join Type": "Inner",
                                "Startup Cost": 40001134038.81,
                                "Total Cost": 40001147783.86,
                                "Plan Rows": 1,
                                "Plan Width": 43,
                                "Actual Startup Time": 4360.904,
                                "Actual Total Time": 4396.013,
                                "Actual Rows": 402,
                                "Actual Loops": 1,
                                "Output": [
                                    "cn.name",
                                    "mc.movie_id",
                                    "mk.movie_id",
                                    "ml.movie_id",
                                    "lt.link"
                                ],
                                "Inner Unique": true,
                                "Hash Cond": "(ml.link_type_id = lt.id)",
                                "Plans": [
                                    {
                                        "Node Type": "Merge Join",
                                        "Parent Relationship": "Outer",
                                        "Parallel Aware": false,
                                        "Join Type": "Inner",
                                        "Startup Cost": 40001134026.34,
                                        "Total Cost": 40001147771.39,
                                        "Plan Rows": 2,
                                        "Plan Width": 35,
                                        "Actual Startup Time": 4360.858,
                                        "Actual Total Time": 4395.862,
                                        "Actual Rows": 422,
                                        "Actual Loops": 1,
                                        "Output": [
                                            "cn.name",
                                            "mc.movie_id",
                                            "mk.movie_id",
                                            "ml.link_type_id",
                                            "ml.movie_id"
                                        ],
                                        "Inner Unique": true,
                                        "Merge Cond": "(mc.company_id = cn.id)",
                                        "Plans": [
                                            {
                                                "Node Type": "Sort",
                                                "Parent Relationship": "Outer",
                                                "Parallel Aware": false,
                                                "Startup Cost": 40001134025.92,
                                                "Total Cost": 40001134025.94,
                                                "Plan Rows": 7,
                                                "Plan Width": 20,
                                                "Actual Startup Time": 4360.818,
                                                "Actual Total Time": 4360.943,
                                                "Actual Rows": 1052,
                                                "Actual Loops": 1,
                                                "Output": [
                                                    "mc.movie_id",
                                                    "mc.company_id",
                                                    "mk.movie_id",
                                                    "ml.link_type_id",
                                                    "ml.movie_id"
                                                ],
                                                "Sort Key": [
                                                    "mc.company_id"
                                                ],
                                                "Sort Method": "quicksort",
                                                "Sort Space Used": 131,
                                                "Sort Space Type": "Memory",
                                                "Plans": [
                                                    {
                                                        "Node Type": "Merge Join",
                                                        "Parent Relationship": "Outer",
                                                        "Parallel Aware": false,
                                                        "Join Type": "Inner",
                                                        "Startup Cost": 40001134013.55,
                                                        "Total Cost": 40001134025.83,
                                                        "Plan Rows": 7,
                                                        "Plan Width": 20,
                                                        "Actual Startup Time": 4360.508,
                                                        "Actual Total Time": 4360.677,
                                                        "Actual Rows": 1052,
                                                        "Actual Loops": 1,
                                                        "Output": [
                                                            "mc.movie_id",
                                                            "mc.company_id",
                                                            "mk.movie_id",
                                                            "ml.link_type_id",
                                                            "ml.movie_id"
                                                        ],
                                                        "Inner Unique": false,
                                                        "Merge Cond": "(ct.id = mc.company_type_id)",
                                                        "Plans": [
                                                            {
                                                                "Node Type": "Index Scan",
                                                                "Parent Relationship": "Outer",
                                                                "Parallel Aware": false,
                                                                "Scan Direction": "Forward",
                                                                "Index Name": "company_type_pkey",
                                                                "Relation Name": "company_type",
                                                                "Schema": "public",
                                                                "Alias": "ct",
                                                                "Startup Cost": 10000000000.13,
                                                                "Total Cost": 10000000012.2,
                                                                "Plan Rows": 1,
                                                                "Plan Width": 4,
                                                                "Actual Startup Time": 0.008,
                                                                "Actual Total Time": 0.014,
                                                                "Actual Rows": 1,
                                                                "Actual Loops": 1,
                                                                "Output": [
                                                                    "ct.id",
                                                                    "ct.kind"
                                                                ],
                                                                "Filter": "((ct.kind)::text = 'production companies'::text)",
                                                                "Rows Removed by Filter": 3
                                                            },
                                                            {
                                                                "Node Type": "Sort",
                                                                "Parent Relationship": "Inner",
                                                                "Parallel Aware": false,
                                                                "Startup Cost": 30001134013.42,
                                                                "Total Cost": 30001134013.49,
                                                                "Plan Rows": 27,
                                                                "Plan Width": 24,
                                                                "Actual Startup Time": 4360.481,
                                                                "Actual Total Time": 4360.533,
                                                                "Actual Rows": 1173,
                                                                "Actual Loops": 1,
                                                                "Output": [
                                                                    "mk.movie_id",
                                                                    "mc.movie_id",
                                                                    "mc.company_type_id",
                                                                    "mc.company_id",
                                                                    "ml.link_type_id",
                                                                    "ml.movie_id"
                                                                ],
                                                                "Sort Key": [
                                                                    "mc.company_type_id"
                                                                ],
                                                                "Sort Method": "quicksort",
                                                                "Sort Space Used": 140,
                                                                "Sort Space Type": "Memory",
                                                                "Plans": [
                                                                    {
                                                                        "Node Type": "Nested Loop",
                                                                        "Parent Relationship": "Outer",
                                                                        "Parallel Aware": false,
                                                                        "Join Type": "Inner",
                                                                        "Startup Cost": 30001130739.22,
                                                                        "Total Cost": 30001134012.78,
                                                                        "Plan Rows": 27,
                                                                        "Plan Width": 24,
                                                                        "Actual Startup Time": 4351.567,
                                                                        "Actual Total Time": 4360.306,
                                                                        "Actual Rows": 1173,
                                                                        "Actual Loops": 1,
                                                                        "Output": [
                                                                            "mk.movie_id",
                                                                            "mc.movie_id",
                                                                            "mc.company_type_id",
                                                                            "mc.company_id",
                                                                            "ml.link_type_id",
                                                                            "ml.movie_id"
                                                                        ],
                                                                        "Inner Unique": false,
                                                                        "Plans": [
                                                                            {
                                                                                "Node Type": "Hash Join",
                                                                                "Parent Relationship": "Outer",
                                                                                "Parallel Aware": false,
                                                                                "Join Type": "Inner",
                                                                                "Startup Cost": 20001130738.9,
                                                                                "Total Cost": 20001133617.72,
                                                                                "Plan Rows": 89,
                                                                                "Plan Width": 16,
                                                                                "Actual Startup Time": 4304.302,
                                                                                "Actual Total Time": 4316.817,
                                                                                "Actual Rows": 14331,
                                                                                "Actual Loops": 1,
                                                                                "Output": [
                                                                                    "mk.movie_id",
                                                                                    "mc.movie_id",
                                                                                    "mc.company_type_id",
                                                                                    "mc.company_id"
                                                                                ],
                                                                                "Inner Unique": false,
                                                                                "Hash Cond": "(k.id = mk.keyword_id)",
                                                                                "Plans": [
                                                                                    {
                                                                                        "Node Type": "Seq Scan",
                                                                                        "Parent Relationship": "Outer",
                                                                                        "Parallel Aware": false,
                                                                                        "Relation Name": "keyword",
                                                                                        "Schema": "public",
                                                                                        "Alias": "k",
                                                                                        "Startup Cost": 10000000000.0,
                                                                                        "Total Cost": 10000002626.12,
                                                                                        "Plan Rows": 1,
                                                                                        "Plan Width": 4,
                                                                                        "Actual Startup Time": 0.509,
                                                                                        "Actual Total Time": 8.484,
                                                                                        "Actual Rows": 1,
                                                                                        "Actual Loops": 1,
                                                                                        "Output": [
                                                                                            "k.id",
                                                                                            "k.keyword",
                                                                                            "k.phonetic_code"
                                                                                        ],
                                                                                        "Filter": "(k.keyword = 'sequel'::text)",
                                                                                        "Rows Removed by Filter": 134169
                                                                                    },
                                                                                    {
                                                                                        "Node Type": "Hash",
                                                                                        "Parent Relationship": "Inner",
                                                                                        "Parallel Aware": false,
                                                                                        "Startup Cost": 10000982901.96,
                                                                                        "Total Cost": 10000982901.96,
                                                                                        "Plan Rows": 11826955,
                                                                                        "Plan Width": 20,
                                                                                        "Actual Startup Time": 4288.65,
                                                                                        "Actual Total Time": 4288.653,
                                                                                        "Actual Rows": 6719220,
                                                                                        "Actual Loops": 1,
                                                                                        "Output": [
                                                                                            "mc.movie_id",
                                                                                            "mc.company_type_id",
                                                                                            "mc.company_id",
                                                                                            "mk.movie_id",
                                                                                            "mk.keyword_id"
                                                                                        ],
                                                                                        "Hash Buckets": 16777216,
                                                                                        "Original Hash Buckets": 16777216,
                                                                                        "Hash Batches": 1,
                                                                                        "Original Hash Batches": 1,
                                                                                        "Peak Memory Usage": 472283,
                                                                                        "Plans": [
                                                                                            {
                                                                                                "Node Type": "Merge Join",
                                                                                                "Parent Relationship": "Outer",
                                                                                                "Parallel Aware": false,
                                                                                                "Join Type": "Inner",
                                                                                                "Startup Cost": 10000782887.48,
                                                                                                "Total Cost": 10000982901.96,
                                                                                                "Plan Rows": 11826955,
                                                                                                "Plan Width": 20,
                                                                                                "Actual Startup Time": 1607.266,
                                                                                                "Actual Total Time": 3240.751,
                                                                                                "Actual Rows": 6719220,
                                                                                                "Actual Loops": 1,
                                                                                                "Output": [
                                                                                                    "mc.movie_id",
                                                                                                    "mc.company_type_id",
                                                                                                    "mc.company_id",
                                                                                                    "mk.movie_id",
                                                                                                    "mk.keyword_id"
                                                                                                ],
                                                                                                "Inner Unique": false,
                                                                                                "Merge Cond": "(mk.movie_id = mc.movie_id)",
                                                                                                "Plans": [
                                                                                                    {
                                                                                                        "Node Type": "Sort",
                                                                                                        "Parent Relationship": "Outer",
                                                                                                        "Parallel Aware": false,
                                                                                                        "Startup Cost": 10000569794.43,
                                                                                                        "Total Cost": 10000581104.25,
                                                                                                        "Plan Rows": 4523930,
                                                                                                        "Plan Width": 8,
                                                                                                        "Actual Startup Time": 1016.38,
                                                                                                        "Actual Total Time": 1256.403,
                                                                                                        "Actual Rows": 4523914,
                                                                                                        "Actual Loops": 1,
                                                                                                        "Output": [
                                                                                                            "mk.movie_id",
                                                                                                            "mk.keyword_id"
                                                                                                        ],
                                                                                                        "Sort Key": [
                                                                                                            "mk.movie_id"
                                                                                                        ],
                                                                                                        "Sort Method": "quicksort",
                                                                                                        "Sort Space Used": 408668,
                                                                                                        "Sort Space Type": "Memory",
                                                                                                        "Plans": [
                                                                                                            {
                                                                                                                "Node Type": "Seq Scan",
                                                                                                                "Parent Relationship": "Outer",
                                                                                                                "Parallel Aware": false,
                                                                                                                "Relation Name": "movie_keyword",
                                                                                                                "Schema": "public",
                                                                                                                "Alias": "mk",
                                                                                                                "Startup Cost": 10000000000.0,
                                                                                                                "Total Cost": 10000069693.3,
                                                                                                                "Plan Rows": 4523930,
                                                                                                                "Plan Width": 8,
                                                                                                                "Actual Startup Time": 0.018,
                                                                                                                "Actual Total Time": 369.453,
                                                                                                                "Actual Rows": 4523930,
                                                                                                                "Actual Loops": 1,
                                                                                                                "Output": [
                                                                                                                    "mk.movie_id",
                                                                                                                    "mk.keyword_id"
                                                                                                                ]
                                                                                                            }
                                                                                                        ]
                                                                                                    },
                                                                                                    {
                                                                                                        "Node Type": "Sort",
                                                                                                        "Parent Relationship": "Inner",
                                                                                                        "Parallel Aware": false,
                                                                                                        "Startup Cost": 213089.05,
                                                                                                        "Total Cost": 216252.62,
                                                                                                        "Plan Rows": 1265428,
                                                                                                        "Plan Width": 12,
                                                                                                        "Actual Startup Time": 590.873,
                                                                                                        "Actual Total Time": 896.902,
                                                                                                        "Actual Rows": 7493065,
                                                                                                        "Actual Loops": 1,
                                                                                                        "Output": [
                                                                                                            "mc.movie_id",
                                                                                                            "mc.company_type_id",
                                                                                                            "mc.company_id"
                                                                                                        ],
                                                                                                        "Sort Key": [
                                                                                                            "mc.movie_id"
                                                                                                        ],
                                                                                                        "Sort Method": "quicksort",
                                                                                                        "Sort Space Used": 108777,
                                                                                                        "Sort Space Type": "Memory",
                                                                                                        "Plans": [
                                                                                                            {
                                                                                                                "Node Type": "Index Scan",
                                                                                                                "Parent Relationship": "Outer",
                                                                                                                "Parallel Aware": false,
                                                                                                                "Scan Direction": "Forward",
                                                                                                                "Index Name": "company_type_id_movie_companies",
                                                                                                                "Relation Name": "movie_companies",
                                                                                                                "Schema": "public",
                                                                                                                "Alias": "mc",
                                                                                                                "Startup Cost": 0.43,
                                                                                                                "Total Cost": 84830.36,
                                                                                                                "Plan Rows": 1265428,
                                                                                                                "Plan Width": 12,
                                                                                                                "Actual Startup Time": 0.041,
                                                                                                                "Actual Total Time": 358.24,
                                                                                                                "Actual Rows": 1271989,
                                                                                                                "Actual Loops": 1,
                                                                                                                "Output": [
                                                                                                                    "mc.movie_id",
                                                                                                                    "mc.company_type_id",
                                                                                                                    "mc.company_id"
                                                                                                                ],
                                                                                                                "Filter": "(mc.note IS NULL)",
                                                                                                                "Rows Removed by Filter": 1337140
                                                                                                            }
                                                                                                        ]
                                                                                                    }
                                                                                                ]
                                                                                            }
                                                                                        ]
                                                                                    }
                                                                                ]
                                                                            },
                                                                            {
                                                                                "Node Type": "Bitmap Heap Scan",
                                                                                "Parent Relationship": "Inner",
                                                                                "Parallel Aware": false,
                                                                                "Relation Name": "movie_link",
                                                                                "Schema": "public",
                                                                                "Alias": "ml",
                                                                                "Startup Cost": 0.33,
                                                                                "Total Cost": 4.39,
                                                                                "Plan Rows": 5,
                                                                                "Plan Width": 8,
                                                                                "Actual Startup Time": 0.002,
                                                                                "Actual Total Time": 0.002,
                                                                                "Actual Rows": 0,
                                                                                "Actual Loops": 14331,
                                                                                "Output": [
                                                                                    "ml.id",
                                                                                    "ml.movie_id",
                                                                                    "ml.linked_movie_id",
                                                                                    "ml.link_type_id"
                                                                                ],
                                                                                "Recheck Cond": "(ml.movie_id = mk.movie_id)",
                                                                                "Rows Removed by Index Recheck": 0,
                                                                                "Exact Heap Blocks": 102,
                                                                                "Lossy Heap Blocks": 0,
                                                                                "Plans": [
                                                                                    {
                                                                                        "Node Type": "Bitmap Index Scan",
                                                                                        "Parent Relationship": "Outer",
                                                                                        "Parallel Aware": false,
                                                                                        "Index Name": "movie_id_movie_link",
                                                                                        "Startup Cost": 0.0,
                                                                                        "Total Cost": 0.33,
                                                                                        "Plan Rows": 5,
                                                                                        "Plan Width": 0,
                                                                                        "Actual Startup Time": 0.001,
                                                                                        "Actual Total Time": 0.001,
                                                                                        "Actual Rows": 0,
                                                                                        "Actual Loops": 14331,
                                                                                        "Index Cond": "(ml.movie_id = mk.movie_id)"
                                                                                    }
                                                                                ]
                                                                            }
                                                                        ]
                                                                    }
                                                                ]
                                                            }
                                                        ]
                                                    }
                                                ]
                                            },
                                            {
                                                "Node Type": "Index Scan",
                                                "Parent Relationship": "Inner",
                                                "Parallel Aware": false,
                                                "Scan Direction": "Forward",
                                                "Index Name": "company_name_pkey",
                                                "Relation Name": "company_name",
                                                "Schema": "public",
                                                "Alias": "cn",
                                                "Startup Cost": 0.42,
                                                "Total Cost": 13629.43,
                                                "Plan Rows": 50732,
                                                "Plan Width": 23,
                                                "Actual Startup Time": 0.033,
                                                "Actual Total Time": 34.087,
                                                "Actual Rows": 14127,
                                                "Actual Loops": 1,
                                                "Output": [
                                                    "cn.id",
                                                    "cn.name",
                                                    "cn.country_code",
                                                    "cn.imdb_id",
                                                    "cn.name_pcode_nf",
                                                    "cn.name_pcode_sf",
                                                    "cn.md5sum"
                                                ],
                                                "Filter": "(((cn.country_code)::text <> '[pl]'::text) AND ((cn.name ~~ '%Film%'::text) OR (cn.name ~~ '%Warner%'::text)))",
                                                "Rows Removed by Filter": 59500
                                            }
                                        ]
                                    },
                                    {
                                        "Node Type": "Hash",
                                        "Parent Relationship": "Inner",
                                        "Parallel Aware": false,
                                        "Startup Cost": 12.45,
                                        "Total Cost": 12.45,
                                        "Plan Rows": 1,
                                        "Plan Width": 16,
                                        "Actual Startup Time": 0.03,
                                        "Actual Total Time": 0.03,
                                        "Actual Rows": 2,
                                        "Actual Loops": 1,
                                        "Output": [
                                            "lt.link",
                                            "lt.id"
                                        ],
                                        "Hash Buckets": 1024,
                                        "Original Hash Buckets": 1024,
                                        "Hash Batches": 1,
                                        "Original Hash Batches": 1,
                                        "Peak Memory Usage": 9,
                                        "Plans": [
                                            {
                                                "Node Type": "Index Scan",
                                                "Parent Relationship": "Outer",
                                                "Parallel Aware": false,
                                                "Scan Direction": "Forward",
                                                "Index Name": "link_type_pkey",
                                                "Relation Name": "link_type",
                                                "Schema": "public",
                                                "Alias": "lt",
                                                "Startup Cost": 0.14,
                                                "Total Cost": 12.45,
                                                "Plan Rows": 1,
                                                "Plan Width": 16,
                                                "Actual Startup Time": 0.024,
                                                "Actual Total Time": 0.028,
                                                "Actual Rows": 2,
                                                "Actual Loops": 1,
                                                "Output": [
                                                    "lt.link",
                                                    "lt.id"
                                                ],
                                                "Filter": "((lt.link)::text ~~ '%follow%'::text)",
                                                "Rows Removed by Filter": 16
                                            }
                                        ]
                                    }
                                ]
                            },
                            {
                                "Node Type": "Hash",
                                "Parent Relationship": "Inner",
                                "Parallel Aware": false,
                                "Startup Cost": 10000073922.83,
                                "Total Cost": 10000073922.83,
                                "Plan Rows": 1438715,
                                "Plan Width": 21,
                                "Actual Startup Time": 639.582,
                                "Actual Total Time": 639.582,
                                "Actual Rows": 1441892,
                                "Actual Loops": 1,
                                "Output": [
                                    "t.title",
                                    "t.id"
                                ],
                                "Hash Buckets": 2097152,
                                "Original Hash Buckets": 2097152,
                                "Hash Batches": 1,
                                "Original Hash Batches": 1,
                                "Peak Memory Usage": 93442,
                                "Plans": [
                                    {
                                        "Node Type": "Seq Scan",
                                        "Parent Relationship": "Outer",
                                        "Parallel Aware": false,
                                        "Relation Name": "title",
                                        "Schema": "public",
                                        "Alias": "t",
                                        "Startup Cost": 10000000000.0,
                                        "Total Cost": 10000073922.83,
                                        "Plan Rows": 1438715,
                                        "Plan Width": 21,
                                        "Actual Startup Time": 0.033,
                                        "Actual Total Time": 301.563,
                                        "Actual Rows": 1441892,
                                        "Actual Loops": 1,
                                        "Output": [
                                            "t.title",
                                            "t.id"
                                        ],
                                        "Filter": "((t.production_year >= 1994) AND (t.production_year <= 2011))",
                                        "Rows Removed by Filter": 1086420
                                    }
                                ]
                            }
                        ]
                    },
                    {
                        "Node Type": "Bitmap Heap Scan",
                        "Parent Relationship": "Inner",
                        "Parallel Aware": false,
                        "Relation Name": "movie_info",
                        "Schema": "public",
                        "Alias": "mi",
                        "Startup Cost": 0.78,
                        "Total Cost": 5.7,
                        "Plan Rows": 1,
                        "Plan Width": 4,
                        "Actual Startup Time": 0.011,
                        "Actual Total Time": 0.013,
                        "Actual Rows": 5,
                        "Actual Loops": 400,
                        "Output": [
                            "mi.id",
                            "mi.movie_id",
                            "mi.info_type_id",
                            "mi.info",
                            "mi.note"
                        ],
                        "Recheck Cond": "(mi.movie_id = mk.movie_id)",
                        "Rows Removed by Index Recheck": 0,
                        "Filter": "(mi.info = ANY ('{Germany,Norwegian,Swedish,Denmark,American,Norway,Sweden,Danish,Denish}'::text[]))",
                        "Rows Removed by Filter": 16,
                        "Exact Heap Blocks": 4458,
                        "Lossy Heap Blocks": 0,
                        "Plans": [
                            {
                                "Node Type": "Bitmap Index Scan",
                                "Parent Relationship": "Outer",
                                "Parallel Aware": false,
                                "Index Name": "movie_id_movie_info",
                                "Startup Cost": 0.0,
                                "Total Cost": 0.78,
                                "Plan Rows": 39,
                                "Plan Width": 0,
                                "Actual Startup Time": 0.003,
                                "Actual Total Time": 0.003,
                                "Actual Rows": 21,
                                "Actual Loops": 400,
                                "Index Cond": "(mi.movie_id = mk.movie_id)"
                            }
                        ]
                    }
                ]
            }
        ]
    },
    "Planning Time": 13.283,
    "Triggers": [],
    "Execution Time": 5048.939
}