{
  "Plan": {
    "Node Type": "Aggregate",
    "Strategy": "Plain",
    "Partial Mode": "Finalize",
    "Parallel Aware": false,
    "Startup Cost": 741977.36,
    "Total Cost": 741977.37,
    "Plan Rows": 1,
    "Plan Width": 8,
    "Actual Startup Time": 6660.885,
    "Actual Total Time": 6737.07,
    "Actual Rows": 1,
    "Actual Loops": 1,
    "Plans": [
      {
        "Node Type": "Gather",
        "Parent Relationship": "Outer",
        "Parallel Aware": false,
        "Startup Cost": 741977.24,
        "Total Cost": 741977.35,
        "Plan Rows": 1,
        "Plan Width": 8,
        "Actual Startup Time": 6658.808,
        "Actual Total Time": 6737.062,
        "Actual Rows": 2,
        "Actual Loops": 1,
        "Workers Planned": 1,
        "Workers Launched": 1,
        "Single Copy": false,
        "Plans": [
          {
            "Node Type": "Aggregate",
            "Strategy": "Plain",
            "Partial Mode": "Partial",
            "Parent Relationship": "Outer",
            "Parallel Aware": false,
            "Startup Cost": 740977.24,
            "Total Cost": 740977.25,
            "Plan Rows": 1,
            "Plan Width": 8,
            "Actual Startup Time": 6652.26,
            "Actual Total Time": 6652.265,
            "Actual Rows": 1,
            "Actual Loops": 2,
            "Plans": [
              {
                "Node Type": "Hash Join",
                "Parent Relationship": "Outer",
                "Parallel Aware": true,
                "Join Type": "Inner",
                "Startup Cost": 170019.07,
                "Total Cost": 733446.38,
                "Plan Rows": 3012344,
                "Plan Width": 0,
                "Actual Startup Time": 1105.104,
                "Actual Total Time": 6218.078,
                "Actual Rows": 10137326,
                "Actual Loops": 2,
                "Inner Unique": false,
                "Hash Cond": "(ci.movie_id = t.id)",
                "Plans": [
                  {
                    "Node Type": "Seq Scan",
                    "Parent Relationship": "Outer",
                    "Parallel Aware": true,
                    "Relation Name": "cast_info",
                    "Alias": "ci",
                    "Startup Cost": 0.0,
                    "Total Cost": 465792.95,
                    "Plan Rows": 21310595,
                    "Plan Width": 4,
                    "Actual Startup Time": 0.02,
                    "Actual Total Time": 1352.43,
                    "Actual Rows": 18122172,
                    "Actual Loops": 2
                  },
                  {
                    "Node Type": "Hash",
                    "Parent Relationship": "Inner",
                    "Parallel Aware": true,
                    "Startup Cost": 167391.24,
                    "Total Cost": 167391.24,
                    "Plan Rows": 210226,
                    "Plan Width": 8,
                    "Actual Startup Time": 1099.492,
                    "Actual Total Time": 1099.494,
                    "Actual Rows": 379496,
                    "Actual Loops": 2,
                    "Hash Buckets": 1048576,
                    "Original Hash Buckets": 524288,
                    "Hash Batches": 1,
                    "Original Hash Batches": 1,
                    "Peak Memory Usage": 42016,
                    "Plans": [
                      {
                        "Node Type": "Merge Join",
                        "Parent Relationship": "Outer",
                        "Parallel Aware": false,
                        "Join Type": "Inner",
                        "Startup Cost": 3.11,
                        "Total Cost": 167391.24,
                        "Plan Rows": 210226,
                        "Plan Width": 8,
                        "Actual Startup Time": 1.188,
                        "Actual Total Time": 1009.363,
                        "Actual Rows": 379496,
                        "Actual Loops": 2,
                        "Inner Unique": false,
                        "Merge Cond": "(t.id = mi_idx.movie_id)",
                        "Plans": [
                          {
                            "Node Type": "Index Scan",
                            "Parent Relationship": "Outer",
                            "Parallel Aware": true,
                            "Scan Direction": "Forward",
                            "Index Name": "title_pkey",
                            "Relation Name": "title",
                            "Alias": "t",
                            "Startup Cost": 0.43,
                            "Total Cost": 107365.5,
                            "Plan Rows": 385145,
                            "Plan Width": 4,
                            "Actual Startup Time": 0.608,
                            "Actual Total Time": 644.867,
                            "Actual Rows": 355118,
                            "Actual Loops": 2,
                            "Filter": "((kind_id < 7) AND (production_year < 2008))",
                            "Rows Removed by Filter": 907854
                          },
                          {
                            "Node Type": "Index Only Scan",
                            "Parent Relationship": "Inner",
                            "Parallel Aware": false,
                            "Scan Direction": "Forward",
                            "Index Name": "movie_id_movie_info_idx",
                            "Relation Name": "movie_info_idx",
                            "Alias": "mi_idx",
                            "Startup Cost": 0.43,
                            "Total Cost": 53620.22,
                            "Plan Rows": 1380035,
                            "Plan Width": 4,
                            "Actual Startup Time": 0.182,
                            "Actual Total Time": 257.234,
                            "Actual Rows": 1380035,
                            "Actual Loops": 2,
                            "Heap Fetches": 2760070
                          }
                        ]
                      }
                    ]
                  }
                ]
              }
            ]
          }
        ]
      }
    ]
  },
  "Planning Time": 0.999,
  "Triggers": [],
  "Execution Time": 6737.184
}