[
  {
    "Plan": {
      "Node Type": "Aggregate",
      "Strategy": "Plain",
      "Partial Mode": "Finalize",
      "Parallel Aware": false,
      "Startup Cost": 437137.49,
      "Total Cost": 437137.5,
      "Plan Rows": 1,
      "Plan Width": 8,
      "Actual Startup Time": 1606.882,
      "Actual Total Time": 1672.128,
      "Actual Rows": 1,
      "Actual Loops": 1,
      "Plans": [
        {
          "Node Type": "Gather",
          "Parent Relationship": "Outer",
          "Parallel Aware": false,
          "Startup Cost": 437136.86,
          "Total Cost": 437137.47,
          "Plan Rows": 6,
          "Plan Width": 8,
          "Actual Startup Time": 1588.876,
          "Actual Total Time": 1672.113,
          "Actual Rows": 7,
          "Actual Loops": 1,
          "Workers Planned": 6,
          "Workers Launched": 6,
          "Single Copy": false,
          "Plans": [
            {
              "Node Type": "Aggregate",
              "Strategy": "Plain",
              "Partial Mode": "Partial",
              "Parent Relationship": "Outer",
              "Parallel Aware": false,
              "Startup Cost": 436136.86,
              "Total Cost": 436136.87,
              "Plan Rows": 1,
              "Plan Width": 8,
              "Actual Startup Time": 1578.344,
              "Actual Total Time": 1578.599,
              "Actual Rows": 1,
              "Actual Loops": 7,
              "Plans": [
                {
                  "Node Type": "Hash Join",
                  "Parent Relationship": "Outer",
                  "Parallel Aware": true,
                  "Join Type": "Inner",
                  "Startup Cost": 97244.61,
                  "Total Cost": 434509.98,
                  "Plan Rows": 650751,
                  "Plan Width": 0,
                  "Actual Startup Time": 422.885,
                  "Actual Total Time": 1486.292,
                  "Actual Rows": 2018983,
                  "Actual Loops": 7,
                  "Inner Unique": false,
                  "Hash Cond": "(ci.movie_id = t.id)",
                  "Plans": [
                    {
                      "Node Type": "Seq Scan",
                      "Parent Relationship": "Outer",
                      "Parallel Aware": true,
                      "Relation Name": "cast_info",
                      "Alias": "ci",
                      "Startup Cost": 0.0,
                      "Total Cost": 328211.39,
                      "Plan Rows": 1854610,
                      "Plan Width": 4,
                      "Actual Startup Time": 0.024,
                      "Actual Total Time": 578.476,
                      "Actual Rows": 1602579,
                      "Actual Loops": 7,
                      "Filter": "(person_id < 1101122)",
                      "Rows Removed by Filter": 3575184
                    },
                    {
                      "Node Type": "Hash",
                      "Parent Relationship": "Inner",
                      "Parallel Aware": true,
                      "Startup Cost": 93667.28,
                      "Total Cost": 93667.28,
                      "Plan Rows": 286187,
                      "Plan Width": 8,
                      "Actual Startup Time": 420.759,
                      "Actual Total Time": 421.012,
                      "Actual Rows": 126112,
                      "Actual Loops": 7,
                      "Hash Buckets": 1048576,
                      "Original Hash Buckets": 1048576,
                      "Hash Batches": 1,
                      "Original Hash Batches": 1,
                      "Peak Memory Usage": 42816,
                      "Plans": [
                        {
                          "Node Type": "Hash Join",
                          "Parent Relationship": "Outer",
                          "Parallel Aware": true,
                          "Join Type": "Inner",
                          "Startup Cost": 50220.38,
                          "Total Cost": 93667.28,
                          "Plan Rows": 286187,
                          "Plan Width": 8,
                          "Actual Startup Time": 267.631,
                          "Actual Total Time": 370.003,
                          "Actual Rows": 126112,
                          "Actual Loops": 7,
                          "Inner Unique": true,
                          "Hash Cond": "(mk.movie_id = t.id)",
                          "Plans": [
                            {
                              "Node Type": "Seq Scan",
                              "Parent Relationship": "Outer",
                              "Parallel Aware": true,
                              "Relation Name": "movie_keyword",
                              "Alias": "mk",
                              "Startup Cost": 0.0,
                              "Total Cost": 42695.65,
                              "Plan Rows": 286187,
                              "Plan Width": 4,
                              "Actual Startup Time": 1.167,
                              "Actual Total Time": 66.395,
                              "Actual Rows": 126112,
                              "Actual Loops": 7,
                              "Filter": "(keyword_id > 20889)",
                              "Rows Removed by Filter": 520164
                            },
                            {
                              "Node Type": "Hash",
                              "Parent Relationship": "Inner",
                              "Parallel Aware": true,
                              "Startup Cost": 42319.06,
                              "Total Cost": 42319.06,
                              "Plan Rows": 632106,
                              "Plan Width": 4,
                              "Actual Startup Time": 262.606,
                              "Actual Total Time": 262.608,
                              "Actual Rows": 361187,
                              "Actual Loops": 7,
                              "Hash Buckets": 4194304,
                              "Original Hash Buckets": 4194304,
                              "Hash Batches": 1,
                              "Original Hash Batches": 1,
                              "Peak Memory Usage": 131776,
                              "Plans": [
                                {
                                  "Node Type": "Seq Scan",
                                  "Parent Relationship": "Outer",
                                  "Parallel Aware": true,
                                  "Relation Name": "title",
                                  "Alias": "t",
                                  "Startup Cost": 0.0,
                                  "Total Cost": 42319.06,
                                  "Plan Rows": 632106,
                                  "Plan Width": 4,
                                  "Actual Startup Time": 0.043,
                                  "Actual Total Time": 77.099,
                                  "Actual Rows": 361187,
                                  "Actual Loops": 7
                                }
                              ]
                            }
                          ]
                        }
                      ]
                    }
                  ]
                }
              ]
            }
          ]
        }
      ]
    },
    "Planning Time": 0.505,
    "Triggers": [],
    "Execution Time": 1672.184
  }
]