[
  {
    "Plan": {
      "Node Type": "Aggregate",
      "Strategy": "Plain",
      "Partial Mode": "Finalize",
      "Parallel Aware": false,
      "Startup Cost": 31484.79,
      "Total Cost": 31484.8,
      "Plan Rows": 1,
      "Plan Width": 8,
      "Actual Startup Time": 107.79,
      "Actual Total Time": 115.516,
      "Actual Rows": 1,
      "Actual Loops": 1,
      "Plans": [
        {
          "Node Type": "Gather",
          "Parent Relationship": "Outer",
          "Parallel Aware": false,
          "Startup Cost": 31484.47,
          "Total Cost": 31484.78,
          "Plan Rows": 3,
          "Plan Width": 8,
          "Actual Startup Time": 107.69,
          "Actual Total Time": 115.507,
          "Actual Rows": 4,
          "Actual Loops": 1,
          "Workers Planned": 3,
          "Workers Launched": 3,
          "Single Copy": false,
          "Plans": [
            {
              "Node Type": "Aggregate",
              "Strategy": "Plain",
              "Partial Mode": "Partial",
              "Parent Relationship": "Outer",
              "Parallel Aware": false,
              "Startup Cost": 30484.47,
              "Total Cost": 30484.48,
              "Plan Rows": 1,
              "Plan Width": 8,
              "Actual Startup Time": 101.932,
              "Actual Total Time": 101.933,
              "Actual Rows": 1,
              "Actual Loops": 4,
              "Plans": [
                {
                  "Node Type": "Seq Scan",
                  "Parent Relationship": "Outer",
                  "Parallel Aware": true,
                  "Relation Name": "movie_companies",
                  "Alias": "mc",
                  "Startup Cost": 0.0,
                  "Total Cost": 29310.68,
                  "Plan Rows": 469516,
                  "Plan Width": 0,
                  "Actual Startup Time": 0.034,
                  "Actual Total Time": 81.853,
                  "Actual Rows": 363572,
                  "Actual Loops": 4,
                  "Filter": "(company_id < 13043)",
                  "Rows Removed by Filter": 288710
                }
              ]
            }
          ]
        }
      ]
    },
    "Planning Time": 0.197,
    "Triggers": [],
    "Execution Time": 115.574
  }
]