[
  {
    "Plan": {
      "Node Type": "Aggregate",
      "Strategy": "Plain",
      "Partial Mode": "Finalize",
      "Parallel Aware": false,
      "Startup Cost": 394780.84,
      "Total Cost": 394780.85,
      "Plan Rows": 1,
      "Plan Width": 8,
      "Actual Startup Time": 1999.646,
      "Actual Total Time": 2065.019,
      "Actual Rows": 1,
      "Actual Loops": 1,
      "Plans": [
        {
          "Node Type": "Gather",
          "Parent Relationship": "Outer",
          "Parallel Aware": false,
          "Startup Cost": 394780.22,
          "Total Cost": 394780.83,
          "Plan Rows": 6,
          "Plan Width": 8,
          "Actual Startup Time": 1993.296,
          "Actual Total Time": 2065.006,
          "Actual Rows": 7,
          "Actual Loops": 1,
          "Workers Planned": 6,
          "Workers Launched": 6,
          "Single Copy": false,
          "Plans": [
            {
              "Node Type": "Aggregate",
              "Strategy": "Plain",
              "Partial Mode": "Partial",
              "Parent Relationship": "Outer",
              "Parallel Aware": false,
              "Startup Cost": 393780.22,
              "Total Cost": 393780.23,
              "Plan Rows": 1,
              "Plan Width": 8,
              "Actual Startup Time": 1981.939,
              "Actual Total Time": 1981.941,
              "Actual Rows": 1,
              "Actual Loops": 7,
              "Plans": [
                {
                  "Node Type": "Hash Join",
                  "Parent Relationship": "Outer",
                  "Parallel Aware": true,
                  "Join Type": "Inner",
                  "Startup Cost": 45971.59,
                  "Total Cost": 389852.9,
                  "Plan Rows": 1570929,
                  "Plan Width": 0,
                  "Actual Startup Time": 122.792,
                  "Actual Total Time": 1917.958,
                  "Actual Rows": 1469685,
                  "Actual Loops": 7,
                  "Inner Unique": true,
                  "Hash Cond": "(ci.movie_id = t.id)",
                  "Plans": [
                    {
                      "Node Type": "Seq Scan",
                      "Parent Relationship": "Outer",
                      "Parallel Aware": true,
                      "Relation Name": "cast_info",
                      "Alias": "ci",
                      "Startup Cost": 0.0,
                      "Total Cost": 328162.03,
                      "Plan Rows": 5988289,
                      "Plan Width": 4,
                      "Actual Startup Time": 0.021,
                      "Actual Total Time": 716.805,
                      "Actual Rows": 5132604,
                      "Actual Loops": 7,
                      "Filter": "(role_id < 11)",
                      "Rows Removed by Filter": 45160
                    },
                    {
                      "Node Type": "Hash",
                      "Parent Relationship": "Inner",
                      "Parallel Aware": true,
                      "Startup Cost": 43898.92,
                      "Total Cost": 43898.92,
                      "Plan Rows": 165814,
                      "Plan Width": 4,
                      "Actual Startup Time": 119.199,
                      "Actual Total Time": 119.2,
                      "Actual Rows": 94689,
                      "Actual Loops": 7,
                      "Hash Buckets": 1048576,
                      "Original Hash Buckets": 1048576,
                      "Hash Batches": 1,
                      "Original Hash Batches": 1,
                      "Peak Memory Usage": 34208,
                      "Plans": [
                        {
                          "Node Type": "Seq Scan",
                          "Parent Relationship": "Outer",
                          "Parallel Aware": true,
                          "Relation Name": "title",
                          "Alias": "t",
                          "Startup Cost": 0.0,
                          "Total Cost": 43898.92,
                          "Plan Rows": 165814,
                          "Plan Width": 4,
                          "Actual Startup Time": 42.789,
                          "Actual Total Time": 78.349,
                          "Actual Rows": 94689,
                          "Actual Loops": 7,
                          "Filter": "(kind_id = 1)",
                          "Rows Removed by Filter": 266498
                        }
                      ]
                    }
                  ]
                }
              ]
            }
          ]
        }
      ]
    },
    "Planning Time": 0.647,
    "Triggers": [],
    "Execution Time": 2065.107
  }
]