[
    {
        "Bao": {
            "Bao prediction": "NaN",
            "Bao recommended hint": "(no hint)"
        }
    },
    {
        "Plan": {
            "Node Type": "Aggregate",
            "Strategy": "Plain",
            "Partial Mode": "Finalize",
            "Parallel Aware": false,
            "Startup Cost": 388373.65,
            "Total Cost": 388373.66,
            "Plan Rows": 1,
            "Plan Width": 8,
            "Actual Startup Time": 1317.037,
            "Actual Total Time": 1349.92,
            "Actual Rows": 1,
            "Actual Loops": 1,
            "Output": [
                "count(*)"
            ],
            "Plans": [
                {
                    "Node Type": "Gather",
                    "Parent Relationship": "Outer",
                    "Parallel Aware": false,
                    "Startup Cost": 388373.02,
                    "Total Cost": 388373.63,
                    "Plan Rows": 6,
                    "Plan Width": 8,
                    "Actual Startup Time": 1313.903,
                    "Actual Total Time": 1349.909,
                    "Actual Rows": 7,
                    "Actual Loops": 1,
                    "Output": [
                        "(PARTIAL count(*))"
                    ],
                    "Workers Planned": 6,
                    "Workers Launched": 6,
                    "Single Copy": false,
                    "Plans": [
                        {
                            "Node Type": "Aggregate",
                            "Strategy": "Plain",
                            "Partial Mode": "Partial",
                            "Parent Relationship": "Outer",
                            "Parallel Aware": false,
                            "Startup Cost": 387373.02,
                            "Total Cost": 387373.03,
                            "Plan Rows": 1,
                            "Plan Width": 8,
                            "Actual Startup Time": 1304.002,
                            "Actual Total Time": 1304.038,
                            "Actual Rows": 1,
                            "Actual Loops": 7,
                            "Output": [
                                "PARTIAL count(*)"
                            ],
                            "Workers": [
                                {
                                    "Worker Number": 0,
                                    "Actual Startup Time": 1302.073,
                                    "Actual Total Time": 1302.077,
                                    "Actual Rows": 1,
                                    "Actual Loops": 1
                                },
                                {
                                    "Worker Number": 1,
                                    "Actual Startup Time": 1301.342,
                                    "Actual Total Time": 1301.345,
                                    "Actual Rows": 1,
                                    "Actual Loops": 1
                                },
                                {
                                    "Worker Number": 2,
                                    "Actual Startup Time": 1302.241,
                                    "Actual Total Time": 1302.243,
                                    "Actual Rows": 1,
                                    "Actual Loops": 1
                                },
                                {
                                    "Worker Number": 3,
                                    "Actual Startup Time": 1302.738,
                                    "Actual Total Time": 1302.74,
                                    "Actual Rows": 1,
                                    "Actual Loops": 1
                                },
                                {
                                    "Worker Number": 4,
                                    "Actual Startup Time": 1302.987,
                                    "Actual Total Time": 1302.99,
                                    "Actual Rows": 1,
                                    "Actual Loops": 1
                                },
                                {
                                    "Worker Number": 5,
                                    "Actual Startup Time": 1303.224,
                                    "Actual Total Time": 1303.227,
                                    "Actual Rows": 1,
                                    "Actual Loops": 1
                                }
                            ],
                            "Plans": [
                                {
                                    "Node Type": "Hash Join",
                                    "Parent Relationship": "Outer",
                                    "Parallel Aware": true,
                                    "Join Type": "Inner",
                                    "Startup Cost": 46224.81,
                                    "Total Cost": 386306.39,
                                    "Plan Rows": 426652,
                                    "Plan Width": 0,
                                    "Actual Startup Time": 174.94,
                                    "Actual Total Time": 1280.044,
                                    "Actual Rows": 435300,
                                    "Actual Loops": 7,
                                    "Inner Unique": true,
                                    "Hash Cond": "(ci.movie_id = t.id)",
                                    "Workers": [
                                        {
                                            "Worker Number": 0,
                                            "Actual Startup Time": 172.611,
                                            "Actual Total Time": 1276.983,
                                            "Actual Rows": 320728,
                                            "Actual Loops": 1
                                        },
                                        {
                                            "Worker Number": 1,
                                            "Actual Startup Time": 172.285,
                                            "Actual Total Time": 1279.179,
                                            "Actual Rows": 458624,
                                            "Actual Loops": 1
                                        },
                                        {
                                            "Worker Number": 2,
                                            "Actual Startup Time": 173.202,
                                            "Actual Total Time": 1278.16,
                                            "Actual Rows": 475736,
                                            "Actual Loops": 1
                                        },
                                        {
                                            "Worker Number": 3,
                                            "Actual Startup Time": 173.799,
                                            "Actual Total Time": 1278.938,
                                            "Actual Rows": 467111,
                                            "Actual Loops": 1
                                        },
                                        {
                                            "Worker Number": 4,
                                            "Actual Startup Time": 173.988,
                                            "Actual Total Time": 1279.152,
                                            "Actual Rows": 469376,
                                            "Actual Loops": 1
                                        },
                                        {
                                            "Worker Number": 5,
                                            "Actual Startup Time": 174.35,
                                            "Actual Total Time": 1278.029,
                                            "Actual Rows": 320712,
                                            "Actual Loops": 1
                                        }
                                    ],
                                    "Plans": [
                                        {
                                            "Node Type": "Seq Scan",
                                            "Parent Relationship": "Outer",
                                            "Parallel Aware": true,
                                            "Relation Name": "cast_info",
                                            "Schema": "public",
                                            "Alias": "ci",
                                            "Startup Cost": 0.0,
                                            "Total Cost": 328213.62,
                                            "Plan Rows": 4521123,
                                            "Plan Width": 4,
                                            "Actual Startup Time": 82.122,
                                            "Actual Total Time": 576.574,
                                            "Actual Rows": 3864682,
                                            "Actual Loops": 7,
                                            "Output": [
                                                "ci.id",
                                                "ci.person_id",
                                                "ci.movie_id",
                                                "ci.person_role_id",
                                                "ci.note",
                                                "ci.nr_order",
                                                "ci.role_id"
                                            ],
                                            "Filter": "(ci.person_id > 903621)",
                                            "Rows Removed by Filter": 1313081,
                                            "Workers": [
                                                {
                                                    "Worker Number": 0,
                                                    "Actual Startup Time": 82.118,
                                                    "Actual Total Time": 589.274,
                                                    "Actual Rows": 2829983,
                                                    "Actual Loops": 1
                                                },
                                                {
                                                    "Worker Number": 1,
                                                    "Actual Startup Time": 82.116,
                                                    "Actual Total Time": 584.018,
                                                    "Actual Rows": 4097058,
                                                    "Actual Loops": 1
                                                },
                                                {
                                                    "Worker Number": 2,
                                                    "Actual Startup Time": 82.129,
                                                    "Actual Total Time": 576.989,
                                                    "Actual Rows": 4191773,
                                                    "Actual Loops": 1
                                                },
                                                {
                                                    "Worker Number": 3,
                                                    "Actual Startup Time": 82.125,
                                                    "Actual Total Time": 577.568,
                                                    "Actual Rows": 4141564,
                                                    "Actual Loops": 1
                                                },
                                                {
                                                    "Worker Number": 4,
                                                    "Actual Startup Time": 82.121,
                                                    "Actual Total Time": 576.917,
                                                    "Actual Rows": 4190320,
                                                    "Actual Loops": 1
                                                },
                                                {
                                                    "Worker Number": 5,
                                                    "Actual Startup Time": 82.125,
                                                    "Actual Total Time": 589.794,
                                                    "Actual Rows": 2788133,
                                                    "Actual Loops": 1
                                                }
                                            ]
                                        },
                                        {
                                            "Node Type": "Hash",
                                            "Parent Relationship": "Inner",
                                            "Parallel Aware": true,
                                            "Startup Cost": 45479.21,
                                            "Total Cost": 45479.21,
                                            "Plan Rows": 59648,
                                            "Plan Width": 4,
                                            "Actual Startup Time": 91.381,
                                            "Actual Total Time": 91.381,
                                            "Actual Rows": 49949,
                                            "Actual Loops": 7,
                                            "Output": [
                                                "t.id"
                                            ],
                                            "Hash Buckets": 524288,
                                            "Original Hash Buckets": 262144,
                                            "Hash Batches": 1,
                                            "Original Hash Batches": 1,
                                            "Peak Memory Usage": 19968,
                                            "Workers": [
                                                {
                                                    "Worker Number": 0,
                                                    "Actual Startup Time": 89.538,
                                                    "Actual Total Time": 89.54,
                                                    "Actual Rows": 37188,
                                                    "Actual Loops": 1
                                                },
                                                {
                                                    "Worker Number": 1,
                                                    "Actual Startup Time": 89.502,
                                                    "Actual Total Time": 89.503,
                                                    "Actual Rows": 43404,
                                                    "Actual Loops": 1
                                                },
                                                {
                                                    "Worker Number": 2,
                                                    "Actual Startup Time": 90.361,
                                                    "Actual Total Time": 90.362,
                                                    "Actual Rows": 53175,
                                                    "Actual Loops": 1
                                                },
                                                {
                                                    "Worker Number": 3,
                                                    "Actual Startup Time": 90.889,
                                                    "Actual Total Time": 90.89,
                                                    "Actual Rows": 53287,
                                                    "Actual Loops": 1
                                                },
                                                {
                                                    "Worker Number": 4,
                                                    "Actual Startup Time": 91.187,
                                                    "Actual Total Time": 91.188,
                                                    "Actual Rows": 53523,
                                                    "Actual Loops": 1
                                                },
                                                {
                                                    "Worker Number": 5,
                                                    "Actual Startup Time": 91.377,
                                                    "Actual Total Time": 91.378,
                                                    "Actual Rows": 36432,
                                                    "Actual Loops": 1
                                                }
                                            ],
                                            "Plans": [
                                                {
                                                    "Node Type": "Seq Scan",
                                                    "Parent Relationship": "Outer",
                                                    "Parallel Aware": true,
                                                    "Relation Name": "title",
                                                    "Schema": "public",
                                                    "Alias": "t",
                                                    "Startup Cost": 0.0,
                                                    "Total Cost": 45479.21,
                                                    "Plan Rows": 59648,
                                                    "Plan Width": 4,
                                                    "Actual Startup Time": 0.125,
                                                    "Actual Total Time": 68.131,
                                                    "Actual Rows": 49949,
                                                    "Actual Loops": 7,
                                                    "Output": [
                                                        "t.id"
                                                    ],
                                                    "Filter": "((t.kind_id < 7) AND (t.production_year < 1986))",
                                                    "Rows Removed by Filter": 311238,
                                                    "Workers": [
                                                        {
                                                            "Worker Number": 0,
                                                            "Actual Startup Time": 0.064,
                                                            "Actual Total Time": 67.585,
                                                            "Actual Rows": 37188,
                                                            "Actual Loops": 1
                                                        },
                                                        {
                                                            "Worker Number": 1,
                                                            "Actual Startup Time": 0.05,
                                                            "Actual Total Time": 65.118,
                                                            "Actual Rows": 43404,
                                                            "Actual Loops": 1
                                                        },
                                                        {
                                                            "Worker Number": 2,
                                                            "Actual Startup Time": 0.307,
                                                            "Actual Total Time": 67.479,
                                                            "Actual Rows": 53175,
                                                            "Actual Loops": 1
                                                        },
                                                        {
                                                            "Worker Number": 3,
                                                            "Actual Startup Time": 0.062,
                                                            "Actual Total Time": 68.01,
                                                            "Actual Rows": 53287,
                                                            "Actual Loops": 1
                                                        },
                                                        {
                                                            "Worker Number": 4,
                                                            "Actual Startup Time": 0.061,
                                                            "Actual Total Time": 68.305,
                                                            "Actual Rows": 53523,
                                                            "Actual Loops": 1
                                                        },
                                                        {
                                                            "Worker Number": 5,
                                                            "Actual Startup Time": 0.286,
                                                            "Actual Total Time": 68.868,
                                                            "Actual Rows": 36432,
                                                            "Actual Loops": 1
                                                        }
                                                    ]
                                                }
                                            ]
                                        }
                                    ]
                                }
                            ]
                        }
                    ]
                }
            ]
        },
        "Planning Time": 189.916,
        "Triggers": [],
        "Execution Time": 1350.048
    }
]