[
  {
    "Plan": {
      "Node Type": "Aggregate",
      "Strategy": "Plain",
      "Partial Mode": "Simple",
      "Parallel Aware": false,
      "Startup Cost": 18862.78,
      "Total Cost": 18862.79,
      "Plan Rows": 1,
      "Plan Width": 8,
      "Actual Startup Time": 17.544,
      "Actual Total Time": 17.545,
      "Actual Rows": 1,
      "Actual Loops": 1,
      "Plans": [
        {
          "Node Type": "Bitmap Heap Scan",
          "Parent Relationship": "Outer",
          "Parallel Aware": false,
          "Relation Name": "movie_keyword",
          "Alias": "mk",
          "Startup Cost": 208.4,
          "Total Cost": 18838.28,
          "Plan Rows": 9802,
          "Plan Width": 0,
          "Actual Startup Time": 3.365,
          "Actual Total Time": 16.651,
          "Actual Rows": 10799,
          "Actual Loops": 1,
          "Recheck Cond": "(keyword_id = 347)",
          "Rows Removed by Index Recheck": 0,
          "Exact Heap Blocks": 7684,
          "Lossy Heap Blocks": 0,
          "Plans": [
            {
              "Node Type": "Bitmap Index Scan",
              "Parent Relationship": "Outer",
              "Parallel Aware": false,
              "Index Name": "keyword_id_movie_keyword",
              "Startup Cost": 0.0,
              "Total Cost": 205.95,
              "Plan Rows": 9802,
              "Plan Width": 0,
              "Actual Startup Time": 1.823,
              "Actual Total Time": 1.823,
              "Actual Rows": 10799,
              "Actual Loops": 1,
              "Index Cond": "(keyword_id = 347)"
            }
          ]
        }
      ]
    },
    "Planning Time": 0.093,
    "Triggers": [],
    "Execution Time": 17.577
  }
]