[
  {
    "Plan": {
      "Node Type": "Aggregate",
      "Strategy": "Plain",
      "Partial Mode": "Finalize",
      "Parallel Aware": false,
      "Startup Cost": 172583.81,
      "Total Cost": 172583.82,
      "Plan Rows": 1,
      "Plan Width": 8,
      "Actual Startup Time": 164.39,
      "Actual Total Time": 192.168,
      "Actual Rows": 1,
      "Actual Loops": 1,
      "Plans": [
        {
          "Node Type": "Gather",
          "Parent Relationship": "Outer",
          "Parallel Aware": false,
          "Startup Cost": 172583.39,
          "Total Cost": 172583.8,
          "Plan Rows": 4,
          "Plan Width": 8,
          "Actual Startup Time": 164.253,
          "Actual Total Time": 192.157,
          "Actual Rows": 5,
          "Actual Loops": 1,
          "Workers Planned": 4,
          "Workers Launched": 4,
          "Single Copy": false,
          "Plans": [
            {
              "Node Type": "Aggregate",
              "Strategy": "Plain",
              "Partial Mode": "Partial",
              "Parent Relationship": "Outer",
              "Parallel Aware": false,
              "Startup Cost": 171583.39,
              "Total Cost": 171583.4,
              "Plan Rows": 1,
              "Plan Width": 8,
              "Actual Startup Time": 154.619,
              "Actual Total Time": 154.621,
              "Actual Rows": 1,
              "Actual Loops": 5,
              "Plans": [
                {
                  "Node Type": "Nested Loop",
                  "Parent Relationship": "Outer",
                  "Parallel Aware": false,
                  "Join Type": "Inner",
                  "Startup Cost": 0.56,
                  "Total Cost": 171558.36,
                  "Plan Rows": 10012,
                  "Plan Width": 0,
                  "Actual Startup Time": 1.198,
                  "Actual Total Time": 153.734,
                  "Actual Rows": 8130,
                  "Actual Loops": 5,
                  "Inner Unique": false,
                  "Plans": [
                    {
                      "Node Type": "Seq Scan",
                      "Parent Relationship": "Outer",
                      "Parallel Aware": true,
                      "Relation Name": "title",
                      "Alias": "t",
                      "Startup Cost": 0.0,
                      "Total Cost": 45479.1,
                      "Plan Rows": 1066,
                      "Plan Width": 4,
                      "Actual Startup Time": 0.87,
                      "Actual Total Time": 79.448,
                      "Actual Rows": 992,
                      "Actual Loops": 5,
                      "Filter": "((kind_id < 7) AND (production_year = 1964))",
                      "Rows Removed by Filter": 504670
                    },
                    {
                      "Node Type": "Index Scan",
                      "Parent Relationship": "Inner",
                      "Parallel Aware": false,
                      "Scan Direction": "Forward",
                      "Index Name": "movie_id_cast_info",
                      "Relation Name": "cast_info",
                      "Alias": "ci",
                      "Startup Cost": 0.56,
                      "Total Cost": 118.03,
                      "Plan Rows": 24,
                      "Plan Width": 4,
                      "Actual Startup Time": 0.042,
                      "Actual Total Time": 0.073,
                      "Actual Rows": 8,
                      "Actual Loops": 4962,
                      "Index Cond": "(movie_id = t.id)",
                      "Rows Removed by Index Recheck": 0,
                      "Filter": "(role_id > 1)",
                      "Rows Removed by Filter": 7
                    }
                  ]
                }
              ]
            }
          ]
        }
      ]
    },
    "Planning Time": 0.698,
    "Triggers": [],
    "Execution Time": 192.261
  }
]