{
    "Plan": {
        "Node Type": "Aggregate",
        "Strategy": "Plain",
        "Partial Mode": "Simple",
        "Parallel Aware": false,
        "Startup Cost": 20000972975.47,
        "Total Cost": 20000972975.48,
        "Plan Rows": 1,
        "Plan Width": 128,
        "Actual Startup Time": 3254.999,
        "Actual Total Time": 3284.7,
        "Actual Rows": 1,
        "Actual Loops": 1,
        "Output": [
            "min(mi.info)",
            "min(mi_idx.info)",
            "min(n.name)",
            "min(t.title)"
        ],
        "Plans": [
            {
                "Node Type": "Nested Loop",
                "Parent Relationship": "Outer",
                "Parallel Aware": false,
                "Join Type": "Inner",
                "Startup Cost": 20000967121.76,
                "Total Cost": 20000972975.46,
                "Plan Rows": 1,
                "Plan Width": 80,
                "Actual Startup Time": 3254.906,
                "Actual Total Time": 3284.689,
                "Actual Rows": 1,
                "Actual Loops": 1,
                "Output": [
                    "mi.info",
                    "mi_idx.info",
                    "n.name",
                    "t.title"
                ],
                "Inner Unique": true,
                "Plans": [
                    {
                        "Node Type": "Merge Join",
                        "Parent Relationship": "Outer",
                        "Parallel Aware": false,
                        "Join Type": "Inner",
                        "Startup Cost": 10000967121.61,
                        "Total Cost": 10000972967.28,
                        "Plan Rows": 1,
                        "Plan Width": 84,
                        "Actual Startup Time": 3254.869,
                        "Actual Total Time": 3284.652,
                        "Actual Rows": 3,
                        "Actual Loops": 1,
                        "Output": [
                            "mi.info",
                            "mi_idx.info",
                            "mi_idx.info_type_id",
                            "n.name",
                            "t.title"
                        ],
                        "Inner Unique": true,
                        "Merge Cond": "(mk.keyword_id = k.id)",
                        "Plans": [
                            {
                                "Node Type": "Sort",
                                "Parent Relationship": "Outer",
                                "Parallel Aware": false,
                                "Startup Cost": 10000967121.19,
                                "Total Cost": 10000967121.19,
                                "Plan Rows": 2,
                                "Plan Width": 88,
                                "Actual Startup Time": 3254.477,
                                "Actual Total Time": 3284.177,
                                "Actual Rows": 27,
                                "Actual Loops": 1,
                                "Output": [
                                    "mi.info",
                                    "mi_idx.info",
                                    "mi_idx.info_type_id",
                                    "mk.keyword_id",
                                    "n.name",
                                    "t.title"
                                ],
                                "Sort Key": [
                                    "mk.keyword_id"
                                ],
                                "Sort Method": "quicksort",
                                "Sort Space Used": 28,
                                "Sort Space Type": "Memory",
                                "Plans": [
                                    {
                                        "Node Type": "Hash Join",
                                        "Parent Relationship": "Outer",
                                        "Parallel Aware": false,
                                        "Join Type": "Inner",
                                        "Startup Cost": 10000960219.55,
                                        "Total Cost": 10000967121.18,
                                        "Plan Rows": 2,
                                        "Plan Width": 88,
                                        "Actual Startup Time": 3195.377,
                                        "Actual Total Time": 3284.157,
                                        "Actual Rows": 27,
                                        "Actual Loops": 1,
                                        "Output": [
                                            "mi.info",
                                            "mi_idx.info",
                                            "mi_idx.info_type_id",
                                            "mk.keyword_id",
                                            "n.name",
                                            "t.title"
                                        ],
                                        "Inner Unique": false,
                                        "Hash Cond": "(mi.info_type_id = it1.id)",
                                        "Plans": [
                                            {
                                                "Node Type": "Merge Join",
                                                "Parent Relationship": "Outer",
                                                "Parallel Aware": false,
                                                "Join Type": "Inner",
                                                "Startup Cost": 10000960217.12,
                                                "Total Cost": 10000967118.01,
                                                "Plan Rows": 193,
                                                "Plan Width": 92,
                                                "Actual Startup Time": 3195.307,
                                                "Actual Total Time": 3284.08,
                                                "Actual Rows": 27,
                                                "Actual Loops": 1,
                                                "Output": [
                                                    "mi.info",
                                                    "mi.info_type_id",
                                                    "mi_idx.info",
                                                    "mi_idx.info_type_id",
                                                    "mk.keyword_id",
                                                    "n.name",
                                                    "t.title"
                                                ],
                                                "Inner Unique": false,
                                                "Merge Cond": "(t.id = mi_idx.movie_id)",
                                                "Plans": [
                                                    {
                                                        "Node Type": "Sort",
                                                        "Parent Relationship": "Outer",
                                                        "Parallel Aware": false,
                                                        "Startup Cost": 797743.92,
                                                        "Total Cost": 797744.09,
                                                        "Plan Rows": 68,
                                                        "Plan Width": 99,
                                                        "Actual Startup Time": 2815.72,
                                                        "Actual Total Time": 2845.416,
                                                        "Actual Rows": 10,
                                                        "Actual Loops": 1,
                                                        "Output": [
                                                            "ci.movie_id",
                                                            "mi.info",
                                                            "mi.movie_id",
                                                            "mi.info_type_id",
                                                            "mk.movie_id",
                                                            "mk.keyword_id",
                                                            "n.name",
                                                            "t.title",
                                                            "t.id"
                                                        ],
                                                        "Sort Key": [
                                                            "ci.movie_id"
                                                        ],
                                                        "Sort Method": "quicksort",
                                                        "Sort Space Used": 26,
                                                        "Sort Space Type": "Memory",
                                                        "Plans": [
                                                            {
                                                                "Node Type": "Merge Join",
                                                                "Parent Relationship": "Outer",
                                                                "Parallel Aware": false,
                                                                "Join Type": "Inner",
                                                                "Startup Cost": 789319.01,
                                                                "Total Cost": 797741.85,
                                                                "Plan Rows": 68,
                                                                "Plan Width": 99,
                                                                "Actual Startup Time": 2781.491,
                                                                "Actual Total Time": 2845.403,
                                                                "Actual Rows": 10,
                                                                "Actual Loops": 1,
                                                                "Output": [
                                                                    "ci.movie_id",
                                                                    "mi.info",
                                                                    "mi.movie_id",
                                                                    "mi.info_type_id",
                                                                    "mk.movie_id",
                                                                    "mk.keyword_id",
                                                                    "n.name",
                                                                    "t.title",
                                                                    "t.id"
                                                                ],
                                                                "Inner Unique": false,
                                                                "Merge Cond": "(n.id = ci.person_id)",
                                                                "Plans": [
                                                                    {
                                                                        "Node Type": "Sort",
                                                                        "Parent Relationship": "Outer",
                                                                        "Parallel Aware": false,
                                                                        "Startup Cost": 287365.69,
                                                                        "Total Cost": 291699.94,
                                                                        "Plan Rows": 1733700,
                                                                        "Plan Width": 19,
                                                                        "Actual Startup Time": 836.025,
                                                                        "Actual Total Time": 961.14,
                                                                        "Actual Rows": 1739579,
                                                                        "Actual Loops": 1,
                                                                        "Output": [
                                                                            "n.name",
                                                                            "n.id"
                                                                        ],
                                                                        "Sort Key": [
                                                                            "n.id"
                                                                        ],
                                                                        "Sort Method": "quicksort",
                                                                        "Sort Space Used": 176730,
                                                                        "Sort Space Type": "Memory",
                                                                        "Plans": [
                                                                            {
                                                                                "Node Type": "Seq Scan",
                                                                                "Parent Relationship": "Outer",
                                                                                "Parallel Aware": false,
                                                                                "Relation Name": "name",
                                                                                "Schema": "public",
                                                                                "Alias": "n",
                                                                                "Startup Cost": 0.0,
                                                                                "Total Cost": 107707.36,
                                                                                "Plan Rows": 1733700,
                                                                                "Plan Width": 19,
                                                                                "Actual Startup Time": 0.019,
                                                                                "Actual Total Time": 411.68,
                                                                                "Actual Rows": 1739579,
                                                                                "Actual Loops": 1,
                                                                                "Output": [
                                                                                    "n.name",
                                                                                    "n.id"
                                                                                ],
                                                                                "Filter": "((n.gender)::text = 'm'::text)",
                                                                                "Rows Removed by Filter": 2427912
                                                                            }
                                                                        ]
                                                                    },
                                                                    {
                                                                        "Node Type": "Sort",
                                                                        "Parent Relationship": "Inner",
                                                                        "Parallel Aware": false,
                                                                        "Startup Cost": 501952.46,
                                                                        "Total Cost": 501952.87,
                                                                        "Plan Rows": 164,
                                                                        "Plan Width": 88,
                                                                        "Actual Startup Time": 1737.991,
                                                                        "Actual Total Time": 1767.684,
                                                                        "Actual Rows": 11,
                                                                        "Actual Loops": 1,
                                                                        "Output": [
                                                                            "ci.movie_id",
                                                                            "ci.person_id",
                                                                            "mi.info",
                                                                            "mi.movie_id",
                                                                            "mi.info_type_id",
                                                                            "mk.movie_id",
                                                                            "mk.keyword_id",
                                                                            "t.title",
                                                                            "t.id"
                                                                        ],
                                                                        "Sort Key": [
                                                                            "ci.person_id"
                                                                        ],
                                                                        "Sort Method": "quicksort",
                                                                        "Sort Space Used": 28,
                                                                        "Sort Space Type": "Memory",
                                                                        "Plans": [
                                                                            {
                                                                                "Node Type": "Gather",
                                                                                "Parent Relationship": "Outer",
                                                                                "Parallel Aware": false,
                                                                                "Startup Cost": 500906.36,
                                                                                "Total Cost": 501946.42,
                                                                                "Plan Rows": 164,
                                                                                "Plan Width": 88,
                                                                                "Actual Startup Time": 1575.823,
                                                                                "Actual Total Time": 1767.645,
                                                                                "Actual Rows": 29,
                                                                                "Actual Loops": 1,
                                                                                "Output": [
                                                                                    "ci.movie_id",
                                                                                    "ci.person_id",
                                                                                    "mi.info",
                                                                                    "mi.movie_id",
                                                                                    "mi.info_type_id",
                                                                                    "mk.movie_id",
                                                                                    "mk.keyword_id",
                                                                                    "t.title",
                                                                                    "t.id"
                                                                                ],
                                                                                "Workers Planned": 6,
                                                                                "Workers Launched": 6,
                                                                                "Single Copy": false,
                                                                                "Plans": [
                                                                                    {
                                                                                        "Node Type": "Hash Join",
                                                                                        "Parent Relationship": "Outer",
                                                                                        "Parallel Aware": true,
                                                                                        "Join Type": "Inner",
                                                                                        "Startup Cost": 499906.36,
                                                                                        "Total Cost": 500930.02,
                                                                                        "Plan Rows": 27,
                                                                                        "Plan Width": 88,
                                                                                        "Actual Startup Time": 1664.489,
                                                                                        "Actual Total Time": 1668.021,
                                                                                        "Actual Rows": 4,
                                                                                        "Actual Loops": 7,
                                                                                        "Output": [
                                                                                            "ci.movie_id",
                                                                                            "ci.person_id",
                                                                                            "mi.info",
                                                                                            "mi.movie_id",
                                                                                            "mi.info_type_id",
                                                                                            "mk.movie_id",
                                                                                            "mk.keyword_id",
                                                                                            "t.title",
                                                                                            "t.id"
                                                                                        ],
                                                                                        "Inner Unique": false,
                                                                                        "Hash Cond": "(t.id = mk.movie_id)",
                                                                                        "Workers": [
                                                                                            {
                                                                                                "Worker Number": 0,
                                                                                                "Actual Startup Time": 1656.943,
                                                                                                "Actual Total Time": 1681.053,
                                                                                                "Actual Rows": 18,
                                                                                                "Actual Loops": 1
                                                                                            },
                                                                                            {
                                                                                                "Worker Number": 1,
                                                                                                "Actual Startup Time": 1680.671,
                                                                                                "Actual Total Time": 1680.942,
                                                                                                "Actual Rows": 1,
                                                                                                "Actual Loops": 1
                                                                                            },
                                                                                            {
                                                                                                "Worker Number": 2,
                                                                                                "Actual Startup Time": 1681.445,
                                                                                                "Actual Total Time": 1681.449,
                                                                                                "Actual Rows": 0,
                                                                                                "Actual Loops": 1
                                                                                            },
                                                                                            {
                                                                                                "Worker Number": 3,
                                                                                                "Actual Startup Time": 1680.806,
                                                                                                "Actual Total Time": 1680.81,
                                                                                                "Actual Rows": 0,
                                                                                                "Actual Loops": 1
                                                                                            },
                                                                                            {
                                                                                                "Worker Number": 4,
                                                                                                "Actual Startup Time": 1680.052,
                                                                                                "Actual Total Time": 1680.321,
                                                                                                "Actual Rows": 9,
                                                                                                "Actual Loops": 1
                                                                                            },
                                                                                            {
                                                                                                "Worker Number": 5,
                                                                                                "Actual Startup Time": 1696.189,
                                                                                                "Actual Total Time": 1696.195,
                                                                                                "Actual Rows": 0,
                                                                                                "Actual Loops": 1
                                                                                            }
                                                                                        ],
                                                                                        "Plans": [
                                                                                            {
                                                                                                "Node Type": "Nested Loop",
                                                                                                "Parent Relationship": "Outer",
                                                                                                "Parallel Aware": false,
                                                                                                "Join Type": "Inner",
                                                                                                "Startup Cost": 442617.38,
                                                                                                "Total Cost": 443640.06,
                                                                                                "Plan Rows": 2,
                                                                                                "Plan Width": 80,
                                                                                                "Actual Startup Time": 1295.99,
                                                                                                "Actual Total Time": 1299.588,
                                                                                                "Actual Rows": 3,
                                                                                                "Actual Loops": 7,
                                                                                                "Output": [
                                                                                                    "ci.movie_id",
                                                                                                    "ci.person_id",
                                                                                                    "mi.info",
                                                                                                    "mi.movie_id",
                                                                                                    "mi.info_type_id",
                                                                                                    "t.title",
                                                                                                    "t.id"
                                                                                                ],
                                                                                                "Inner Unique": false,
                                                                                                "Join Filter": "(t.id = mi.movie_id)",
                                                                                                "Rows Removed by Join Filter": 0,
                                                                                                "Workers": [
                                                                                                    {
                                                                                                        "Worker Number": 0,
                                                                                                        "Actual Startup Time": 1294.432,
                                                                                                        "Actual Total Time": 1318.531,
                                                                                                        "Actual Rows": 3,
                                                                                                        "Actual Loops": 1
                                                                                                    },
                                                                                                    {
                                                                                                        "Worker Number": 1,
                                                                                                        "Actual Startup Time": 1317.997,
                                                                                                        "Actual Total Time": 1318.264,
                                                                                                        "Actual Rows": 2,
                                                                                                        "Actual Loops": 1
                                                                                                    },
                                                                                                    {
                                                                                                        "Worker Number": 2,
                                                                                                        "Actual Startup Time": 1318.713,
                                                                                                        "Actual Total Time": 1318.723,
                                                                                                        "Actual Rows": 1,
                                                                                                        "Actual Loops": 1
                                                                                                    },
                                                                                                    {
                                                                                                        "Worker Number": 3,
                                                                                                        "Actual Startup Time": 1317.835,
                                                                                                        "Actual Total Time": 1318.018,
                                                                                                        "Actual Rows": 2,
                                                                                                        "Actual Loops": 1
                                                                                                    },
                                                                                                    {
                                                                                                        "Worker Number": 4,
                                                                                                        "Actual Startup Time": 1317.223,
                                                                                                        "Actual Total Time": 1317.575,
                                                                                                        "Actual Rows": 7,
                                                                                                        "Actual Loops": 1
                                                                                                    },
                                                                                                    {
                                                                                                        "Worker Number": 5,
                                                                                                        "Actual Startup Time": 1318.641,
                                                                                                        "Actual Total Time": 1318.868,
                                                                                                        "Actual Rows": 3,
                                                                                                        "Actual Loops": 1
                                                                                                    }
                                                                                                ],
                                                                                                "Plans": [
                                                                                                    {
                                                                                                        "Node Type": "Merge Join",
                                                                                                        "Parent Relationship": "Outer",
                                                                                                        "Parallel Aware": false,
                                                                                                        "Join Type": "Inner",
                                                                                                        "Startup Cost": 442616.95,
                                                                                                        "Total Cost": 443628.42,
                                                                                                        "Plan Rows": 6,
                                                                                                        "Plan Width": 29,
                                                                                                        "Actual Startup Time": 1276.894,
                                                                                                        "Actual Total Time": 1298.69,
                                                                                                        "Actual Rows": 12,
                                                                                                        "Actual Loops": 7,
                                                                                                        "Output": [
                                                                                                            "ci.movie_id",
                                                                                                            "ci.person_id",
                                                                                                            "t.title",
                                                                                                            "t.id"
                                                                                                        ],
                                                                                                        "Inner Unique": false,
                                                                                                        "Merge Cond": "(ci.movie_id = t.id)",
                                                                                                        "Workers": [
                                                                                                            {
                                                                                                                "Worker Number": 0,
                                                                                                                "Actual Startup Time": 1294.177,
                                                                                                                "Actual Total Time": 1317.594,
                                                                                                                "Actual Rows": 12,
                                                                                                                "Actual Loops": 1
                                                                                                            },
                                                                                                            {
                                                                                                                "Worker Number": 1,
                                                                                                                "Actual Startup Time": 1295.567,
                                                                                                                "Actual Total Time": 1317.374,
                                                                                                                "Actual Rows": 12,
                                                                                                                "Actual Loops": 1
                                                                                                            },
                                                                                                            {
                                                                                                                "Worker Number": 2,
                                                                                                                "Actual Startup Time": 1300.09,
                                                                                                                "Actual Total Time": 1317.921,
                                                                                                                "Actual Rows": 9,
                                                                                                                "Actual Loops": 1
                                                                                                            },
                                                                                                            {
                                                                                                                "Worker Number": 3,
                                                                                                                "Actual Startup Time": 1296.655,
                                                                                                                "Actual Total Time": 1317.003,
                                                                                                                "Actual Rows": 12,
                                                                                                                "Actual Loops": 1
                                                                                                            },
                                                                                                            {
                                                                                                                "Worker Number": 4,
                                                                                                                "Actual Startup Time": 1295.958,
                                                                                                                "Actual Total Time": 1316.412,
                                                                                                                "Actual Rows": 14,
                                                                                                                "Actual Loops": 1
                                                                                                            },
                                                                                                            {
                                                                                                                "Worker Number": 5,
                                                                                                                "Actual Startup Time": 1295.144,
                                                                                                                "Actual Total Time": 1317.844,
                                                                                                                "Actual Rows": 12,
                                                                                                                "Actual Loops": 1
                                                                                                            }
                                                                                                        ],
                                                                                                        "Plans": [
                                                                                                            {
                                                                                                                "Node Type": "Sort",
                                                                                                                "Parent Relationship": "Outer",
                                                                                                                "Parallel Aware": false,
                                                                                                                "Startup Cost": 368691.86,
                                                                                                                "Total Cost": 369197.38,
                                                                                                                "Plan Rows": 202210,
                                                                                                                "Plan Width": 8,
                                                                                                                "Actual Startup Time": 913.312,
                                                                                                                "Actual Total Time": 924.829,
                                                                                                                "Actual Rows": 148159,
                                                                                                                "Actual Loops": 7,
                                                                                                                "Output": [
                                                                                                                    "ci.movie_id",
                                                                                                                    "ci.person_id"
                                                                                                                ],
                                                                                                                "Sort Key": [
                                                                                                                    "ci.movie_id"
                                                                                                                ],
                                                                                                                "Sort Method": "quicksort",
                                                                                                                "Sort Space Used": 25451,
                                                                                                                "Sort Space Type": "Memory",
                                                                                                                "Workers": [
                                                                                                                    {
                                                                                                                        "Worker Number": 0,
                                                                                                                        "Actual Startup Time": 911.298,
                                                                                                                        "Actual Total Time": 922.625,
                                                                                                                        "Actual Rows": 128457,
                                                                                                                        "Actual Loops": 1
                                                                                                                    },
                                                                                                                    {
                                                                                                                        "Worker Number": 1,
                                                                                                                        "Actual Startup Time": 913.16,
                                                                                                                        "Actual Total Time": 924.227,
                                                                                                                        "Actual Rows": 134691,
                                                                                                                        "Actual Loops": 1
                                                                                                                    },
                                                                                                                    {
                                                                                                                        "Worker Number": 2,
                                                                                                                        "Actual Startup Time": 913.559,
                                                                                                                        "Actual Total Time": 924.876,
                                                                                                                        "Actual Rows": 137167,
                                                                                                                        "Actual Loops": 1
                                                                                                                    },
                                                                                                                    {
                                                                                                                        "Worker Number": 3,
                                                                                                                        "Actual Startup Time": 912.976,
                                                                                                                        "Actual Total Time": 923.895,
                                                                                                                        "Actual Rows": 134685,
                                                                                                                        "Actual Loops": 1
                                                                                                                    },
                                                                                                                    {
                                                                                                                        "Worker Number": 4,
                                                                                                                        "Actual Startup Time": 911.873,
                                                                                                                        "Actual Total Time": 922.371,
                                                                                                                        "Actual Rows": 129917,
                                                                                                                        "Actual Loops": 1
                                                                                                                    },
                                                                                                                    {
                                                                                                                        "Worker Number": 5,
                                                                                                                        "Actual Startup Time": 913.744,
                                                                                                                        "Actual Total Time": 924.947,
                                                                                                                        "Actual Rows": 138215,
                                                                                                                        "Actual Loops": 1
                                                                                                                    }
                                                                                                                ],
                                                                                                                "Plans": [
                                                                                                                    {
                                                                                                                        "Node Type": "Seq Scan",
                                                                                                                        "Parent Relationship": "Outer",
                                                                                                                        "Parallel Aware": true,
                                                                                                                        "Relation Name": "cast_info",
                                                                                                                        "Schema": "public",
                                                                                                                        "Alias": "ci",
                                                                                                                        "Startup Cost": 0.0,
                                                                                                                        "Total Cost": 350871.6,
                                                                                                                        "Plan Rows": 202210,
                                                                                                                        "Plan Width": 8,
                                                                                                                        "Actual Startup Time": 104.192,
                                                                                                                        "Actual Total Time": 852.554,
                                                                                                                        "Actual Rows": 177817,
                                                                                                                        "Actual Loops": 7,
                                                                                                                        "Output": [
                                                                                                                            "ci.movie_id",
                                                                                                                            "ci.person_id"
                                                                                                                        ],
                                                                                                                        "Filter": "(ci.note = ANY ('{(writer),\"(head writer)\",\"(written by)\",(story),\"(story editor)\"}'::text[]))",
                                                                                                                        "Rows Removed by Filter": 4999947,
                                                                                                                        "Workers": [
                                                                                                                            {
                                                                                                                                "Worker Number": 0,
                                                                                                                                "Actual Startup Time": 73.85,
                                                                                                                                "Actual Total Time": 852.912,
                                                                                                                                "Actual Rows": 154587,
                                                                                                                                "Actual Loops": 1
                                                                                                                            },
                                                                                                                            {
                                                                                                                                "Worker Number": 1,
                                                                                                                                "Actual Startup Time": 56.679,
                                                                                                                                "Actual Total Time": 851.961,
                                                                                                                                "Actual Rows": 162213,
                                                                                                                                "Actual Loops": 1
                                                                                                                            },
                                                                                                                            {
                                                                                                                                "Worker Number": 2,
                                                                                                                                "Actual Startup Time": 65.175,
                                                                                                                                "Actual Total Time": 851.374,
                                                                                                                                "Actual Rows": 164260,
                                                                                                                                "Actual Loops": 1
                                                                                                                            },
                                                                                                                            {
                                                                                                                                "Worker Number": 3,
                                                                                                                                "Actual Startup Time": 239.255,
                                                                                                                                "Actual Total Time": 851.699,
                                                                                                                                "Actual Rows": 161898,
                                                                                                                                "Actual Loops": 1
                                                                                                                            },
                                                                                                                            {
                                                                                                                                "Worker Number": 4,
                                                                                                                                "Actual Startup Time": 99.514,
                                                                                                                                "Actual Total Time": 852.029,
                                                                                                                                "Actual Rows": 156535,
                                                                                                                                "Actual Loops": 1
                                                                                                                            },
                                                                                                                            {
                                                                                                                                "Worker Number": 5,
                                                                                                                                "Actual Startup Time": 23.014,
                                                                                                                                "Actual Total Time": 851.518,
                                                                                                                                "Actual Rows": 164427,
                                                                                                                                "Actual Loops": 1
                                                                                                                            }
                                                                                                                        ]
                                                                                                                    }
                                                                                                                ]
                                                                                                            },
                                                                                                            {
                                                                                                                "Node Type": "Sort",
                                                                                                                "Parent Relationship": "Inner",
                                                                                                                "Parallel Aware": false,
                                                                                                                "Startup Cost": 73925.09,
                                                                                                                "Total Cost": 73925.27,
                                                                                                                "Plan Rows": 73,
                                                                                                                "Plan Width": 21,
                                                                                                                "Actual Startup Time": 361.506,
                                                                                                                "Actual Total Time": 361.539,
                                                                                                                "Actual Rows": 233,
                                                                                                                "Actual Loops": 7,
                                                                                                                "Output": [
                                                                                                                    "t.title",
                                                                                                                    "t.id"
                                                                                                                ],
                                                                                                                "Sort Key": [
                                                                                                                    "t.id"
                                                                                                                ],
                                                                                                                "Sort Method": "quicksort",
                                                                                                                "Sort Space Used": 41,
                                                                                                                "Sort Space Type": "Memory",
                                                                                                                "Workers": [
                                                                                                                    {
                                                                                                                        "Worker Number": 0,
                                                                                                                        "Actual Startup Time": 382.821,
                                                                                                                        "Actual Total Time": 382.854,
                                                                                                                        "Actual Rows": 235,
                                                                                                                        "Actual Loops": 1
                                                                                                                    },
                                                                                                                    {
                                                                                                                        "Worker Number": 1,
                                                                                                                        "Actual Startup Time": 380.974,
                                                                                                                        "Actual Total Time": 381.009,
                                                                                                                        "Actual Rows": 232,
                                                                                                                        "Actual Loops": 1
                                                                                                                    },
                                                                                                                    {
                                                                                                                        "Worker Number": 2,
                                                                                                                        "Actual Startup Time": 380.56,
                                                                                                                        "Actual Total Time": 380.593,
                                                                                                                        "Actual Rows": 232,
                                                                                                                        "Actual Loops": 1
                                                                                                                    },
                                                                                                                    {
                                                                                                                        "Worker Number": 3,
                                                                                                                        "Actual Startup Time": 381.099,
                                                                                                                        "Actual Total Time": 381.13,
                                                                                                                        "Actual Rows": 234,
                                                                                                                        "Actual Loops": 1
                                                                                                                    },
                                                                                                                    {
                                                                                                                        "Worker Number": 4,
                                                                                                                        "Actual Startup Time": 382.222,
                                                                                                                        "Actual Total Time": 382.256,
                                                                                                                        "Actual Rows": 235,
                                                                                                                        "Actual Loops": 1
                                                                                                                    },
                                                                                                                    {
                                                                                                                        "Worker Number": 5,
                                                                                                                        "Actual Startup Time": 380.349,
                                                                                                                        "Actual Total Time": 380.385,
                                                                                                                        "Actual Rows": 232,
                                                                                                                        "Actual Loops": 1
                                                                                                                    }
                                                                                                                ],
                                                                                                                "Plans": [
                                                                                                                    {
                                                                                                                        "Node Type": "Seq Scan",
                                                                                                                        "Parent Relationship": "Outer",
                                                                                                                        "Parallel Aware": false,
                                                                                                                        "Relation Name": "title",
                                                                                                                        "Schema": "public",
                                                                                                                        "Alias": "t",
                                                                                                                        "Startup Cost": 0.0,
                                                                                                                        "Total Cost": 73922.83,
                                                                                                                        "Plan Rows": 73,
                                                                                                                        "Plan Width": 21,
                                                                                                                        "Actual Startup Time": 4.383,
                                                                                                                        "Actual Total Time": 361.302,
                                                                                                                        "Actual Rows": 232,
                                                                                                                        "Actual Loops": 7,
                                                                                                                        "Output": [
                                                                                                                            "t.title",
                                                                                                                            "t.id"
                                                                                                                        ],
                                                                                                                        "Filter": "((t.title ~~ 'Deep%'::text) AND (t.production_year > 2007))",
                                                                                                                        "Rows Removed by Filter": 2528080,
                                                                                                                        "Workers": [
                                                                                                                            {
                                                                                                                                "Worker Number": 0,
                                                                                                                                "Actual Startup Time": 5.551,
                                                                                                                                "Actual Total Time": 382.606,
                                                                                                                                "Actual Rows": 232,
                                                                                                                                "Actual Loops": 1
                                                                                                                            },
                                                                                                                            {
                                                                                                                                "Worker Number": 1,
                                                                                                                                "Actual Startup Time": 4.491,
                                                                                                                                "Actual Total Time": 380.762,
                                                                                                                                "Actual Rows": 232,
                                                                                                                                "Actual Loops": 1
                                                                                                                            },
                                                                                                                            {
                                                                                                                                "Worker Number": 2,
                                                                                                                                "Actual Startup Time": 4.399,
                                                                                                                                "Actual Total Time": 380.348,
                                                                                                                                "Actual Rows": 232,
                                                                                                                                "Actual Loops": 1
                                                                                                                            },
                                                                                                                            {
                                                                                                                                "Worker Number": 3,
                                                                                                                                "Actual Startup Time": 4.617,
                                                                                                                                "Actual Total Time": 380.881,
                                                                                                                                "Actual Rows": 232,
                                                                                                                                "Actual Loops": 1
                                                                                                                            },
                                                                                                                            {
                                                                                                                                "Worker Number": 4,
                                                                                                                                "Actual Startup Time": 5.345,
                                                                                                                                "Actual Total Time": 381.995,
                                                                                                                                "Actual Rows": 232,
                                                                                                                                "Actual Loops": 1
                                                                                                                            },
                                                                                                                            {
                                                                                                                                "Worker Number": 5,
                                                                                                                                "Actual Startup Time": 4.406,
                                                                                                                                "Actual Total Time": 380.136,
                                                                                                                                "Actual Rows": 232,
                                                                                                                                "Actual Loops": 1
                                                                                                                            }
                                                                                                                        ]
                                                                                                                    }
                                                                                                                ]
                                                                                                            }
                                                                                                        ]
                                                                                                    },
                                                                                                    {
                                                                                                        "Node Type": "Index Scan",
                                                                                                        "Parent Relationship": "Inner",
                                                                                                        "Parallel Aware": false,
                                                                                                        "Scan Direction": "Forward",
                                                                                                        "Index Name": "movie_id_movie_info",
                                                                                                        "Relation Name": "movie_info",
                                                                                                        "Schema": "public",
                                                                                                        "Alias": "mi",
                                                                                                        "Startup Cost": 0.43,
                                                                                                        "Total Cost": 1.93,
                                                                                                        "Plan Rows": 1,
                                                                                                        "Plan Width": 51,
                                                                                                        "Actual Startup Time": 0.07,
                                                                                                        "Actual Total Time": 0.071,
                                                                                                        "Actual Rows": 0,
                                                                                                        "Actual Loops": 87,
                                                                                                        "Output": [
                                                                                                            "mi.id",
                                                                                                            "mi.movie_id",
                                                                                                            "mi.info_type_id",
                                                                                                            "mi.info",
                                                                                                            "mi.note"
                                                                                                        ],
                                                                                                        "Index Cond": "(mi.movie_id = ci.movie_id)",
                                                                                                        "Rows Removed by Index Recheck": 0,
                                                                                                        "Filter": "(mi.info = 'Short'::text)",
                                                                                                        "Rows Removed by Filter": 7,
                                                                                                        "Workers": [
                                                                                                            {
                                                                                                                "Worker Number": 0,
                                                                                                                "Actual Startup Time": 0.075,
                                                                                                                "Actual Total Time": 0.076,
                                                                                                                "Actual Rows": 0,
                                                                                                                "Actual Loops": 12
                                                                                                            },
                                                                                                            {
                                                                                                                "Worker Number": 1,
                                                                                                                "Actual Startup Time": 0.072,
                                                                                                                "Actual Total Time": 0.072,
                                                                                                                "Actual Rows": 0,
                                                                                                                "Actual Loops": 12
                                                                                                            },
                                                                                                            {
                                                                                                                "Worker Number": 2,
                                                                                                                "Actual Startup Time": 0.087,
                                                                                                                "Actual Total Time": 0.087,
                                                                                                                "Actual Rows": 0,
                                                                                                                "Actual Loops": 9
                                                                                                            },
                                                                                                            {
                                                                                                                "Worker Number": 3,
                                                                                                                "Actual Startup Time": 0.083,
                                                                                                                "Actual Total Time": 0.083,
                                                                                                                "Actual Rows": 0,
                                                                                                                "Actual Loops": 12
                                                                                                            },
                                                                                                            {
                                                                                                                "Worker Number": 4,
                                                                                                                "Actual Startup Time": 0.081,
                                                                                                                "Actual Total Time": 0.081,
                                                                                                                "Actual Rows": 0,
                                                                                                                "Actual Loops": 14
                                                                                                            },
                                                                                                            {
                                                                                                                "Worker Number": 5,
                                                                                                                "Actual Startup Time": 0.083,
                                                                                                                "Actual Total Time": 0.084,
                                                                                                                "Actual Rows": 0,
                                                                                                                "Actual Loops": 12
                                                                                                            }
                                                                                                        ]
                                                                                                    }
                                                                                                ]
                                                                                            },
                                                                                            {
                                                                                                "Node Type": "Hash",
                                                                                                "Parent Relationship": "Inner",
                                                                                                "Parallel Aware": true,
                                                                                                "Startup Cost": 39047.32,
                                                                                                "Total Cost": 39047.32,
                                                                                                "Plan Rows": 1459332,
                                                                                                "Plan Width": 8,
                                                                                                "Actual Startup Time": 358.099,
                                                                                                "Actual Total Time": 358.1,
                                                                                                "Actual Rows": 646276,
                                                                                                "Actual Loops": 7,
                                                                                                "Output": [
                                                                                                    "mk.movie_id",
                                                                                                    "mk.keyword_id"
                                                                                                ],
                                                                                                "Hash Buckets": 8388608,
                                                                                                "Original Hash Buckets": 8388608,
                                                                                                "Hash Batches": 1,
                                                                                                "Original Hash Batches": 1,
                                                                                                "Peak Memory Usage": 242624,
                                                                                                "Workers": [
                                                                                                    {
                                                                                                        "Worker Number": 0,
                                                                                                        "Actual Startup Time": 361.967,
                                                                                                        "Actual Total Time": 361.968,
                                                                                                        "Actual Rows": 554075,
                                                                                                        "Actual Loops": 1
                                                                                                    },
                                                                                                    {
                                                                                                        "Worker Number": 1,
                                                                                                        "Actual Startup Time": 362.171,
                                                                                                        "Actual Total Time": 362.172,
                                                                                                        "Actual Rows": 580160,
                                                                                                        "Actual Loops": 1
                                                                                                    },
                                                                                                    {
                                                                                                        "Worker Number": 2,
                                                                                                        "Actual Startup Time": 362.239,
                                                                                                        "Actual Total Time": 362.24,
                                                                                                        "Actual Rows": 585340,
                                                                                                        "Actual Loops": 1
                                                                                                    },
                                                                                                    {
                                                                                                        "Worker Number": 3,
                                                                                                        "Actual Startup Time": 362.239,
                                                                                                        "Actual Total Time": 362.239,
                                                                                                        "Actual Rows": 587930,
                                                                                                        "Actual Loops": 1
                                                                                                    },
                                                                                                    {
                                                                                                        "Worker Number": 4,
                                                                                                        "Actual Startup Time": 362.207,
                                                                                                        "Actual Total Time": 362.207,
                                                                                                        "Actual Rows": 588855,
                                                                                                        "Actual Loops": 1
                                                                                                    },
                                                                                                    {
                                                                                                        "Worker Number": 5,
                                                                                                        "Actual Startup Time": 362.197,
                                                                                                        "Actual Total Time": 362.198,
                                                                                                        "Actual Rows": 584230,
                                                                                                        "Actual Loops": 1
                                                                                                    }
                                                                                                ],
                                                                                                "Plans": [
                                                                                                    {
                                                                                                        "Node Type": "Seq Scan",
                                                                                                        "Parent Relationship": "Outer",
                                                                                                        "Parallel Aware": true,
                                                                                                        "Relation Name": "movie_keyword",
                                                                                                        "Schema": "public",
                                                                                                        "Alias": "mk",
                                                                                                        "Startup Cost": 0.0,
                                                                                                        "Total Cost": 39047.32,
                                                                                                        "Plan Rows": 1459332,
                                                                                                        "Plan Width": 8,
                                                                                                        "Actual Startup Time": 0.044,
                                                                                                        "Actual Total Time": 108.205,
                                                                                                        "Actual Rows": 646276,
                                                                                                        "Actual Loops": 7,
                                                                                                        "Output": [
                                                                                                            "mk.movie_id",
                                                                                                            "mk.keyword_id"
                                                                                                        ],
                                                                                                        "Workers": [
                                                                                                            {
                                                                                                                "Worker Number": 0,
                                                                                                                "Actual Startup Time": 0.049,
                                                                                                                "Actual Total Time": 110.22,
                                                                                                                "Actual Rows": 554075,
                                                                                                                "Actual Loops": 1
                                                                                                            },
                                                                                                            {
                                                                                                                "Worker Number": 1,
                                                                                                                "Actual Startup Time": 0.049,
                                                                                                                "Actual Total Time": 108.996,
                                                                                                                "Actual Rows": 580160,
                                                                                                                "Actual Loops": 1
                                                                                                            },
                                                                                                            {
                                                                                                                "Worker Number": 2,
                                                                                                                "Actual Startup Time": 0.046,
                                                                                                                "Actual Total Time": 109.723,
                                                                                                                "Actual Rows": 585340,
                                                                                                                "Actual Loops": 1
                                                                                                            },
                                                                                                            {
                                                                                                                "Worker Number": 3,
                                                                                                                "Actual Startup Time": 0.051,
                                                                                                                "Actual Total Time": 109.651,
                                                                                                                "Actual Rows": 587930,
                                                                                                                "Actual Loops": 1
                                                                                                            },
                                                                                                            {
                                                                                                                "Worker Number": 4,
                                                                                                                "Actual Startup Time": 0.049,
                                                                                                                "Actual Total Time": 109.721,
                                                                                                                "Actual Rows": 588855,
                                                                                                                "Actual Loops": 1
                                                                                                            },
                                                                                                            {
                                                                                                                "Worker Number": 5,
                                                                                                                "Actual Startup Time": 0.047,
                                                                                                                "Actual Total Time": 109.959,
                                                                                                                "Actual Rows": 584230,
                                                                                                                "Actual Loops": 1
                                                                                                            }
                                                                                                        ]
                                                                                                    }
                                                                                                ]
                                                                                            }
                                                                                        ]
                                                                                    }
                                                                                ]
                                                                            }
                                                                        ]
                                                                    }
                                                                ]
                                                            }
                                                        ]
                                                    },
                                                    {
                                                        "Node Type": "Sort",
                                                        "Parent Relationship": "Inner",
                                                        "Parallel Aware": false,
                                                        "Startup Cost": 10000162473.21,
                                                        "Total Cost": 10000165923.29,
                                                        "Plan Rows": 1380035,
                                                        "Plan Width": 13,
                                                        "Actual Startup Time": 379.47,
                                                        "Actual Total Time": 403.041,
                                                        "Actual Rows": 708030,
                                                        "Actual Loops": 1,
                                                        "Output": [
                                                            "mi_idx.info",
                                                            "mi_idx.movie_id",
                                                            "mi_idx.info_type_id"
                                                        ],
                                                        "Sort Key": [
                                                            "mi_idx.movie_id"
                                                        ],
                                                        "Sort Method": "quicksort",
                                                        "Sort Space Used": 128214,
                                                        "Sort Space Type": "Memory",
                                                        "Plans": [
                                                            {
                                                                "Node Type": "Seq Scan",
                                                                "Parent Relationship": "Outer",
                                                                "Parallel Aware": false,
                                                                "Relation Name": "movie_info_idx",
                                                                "Schema": "public",
                                                                "Alias": "mi_idx",
                                                                "Startup Cost": 10000000000.0,
                                                                "Total Cost": 10000021735.35,
                                                                "Plan Rows": 1380035,
                                                                "Plan Width": 13,
                                                                "Actual Startup Time": 0.028,
                                                                "Actual Total Time": 130.627,
                                                                "Actual Rows": 1380035,
                                                                "Actual Loops": 1,
                                                                "Output": [
                                                                    "mi_idx.info",
                                                                    "mi_idx.movie_id",
                                                                    "mi_idx.info_type_id"
                                                                ]
                                                            }
                                                        ]
                                                    }
                                                ]
                                            },
                                            {
                                                "Node Type": "Hash",
                                                "Parent Relationship": "Inner",
                                                "Parallel Aware": false,
                                                "Startup Cost": 2.41,
                                                "Total Cost": 2.41,
                                                "Plan Rows": 1,
                                                "Plan Width": 4,
                                                "Actual Startup Time": 0.057,
                                                "Actual Total Time": 0.058,
                                                "Actual Rows": 1,
                                                "Actual Loops": 1,
                                                "Output": [
                                                    "it1.id"
                                                ],
                                                "Hash Buckets": 1024,
                                                "Original Hash Buckets": 1024,
                                                "Hash Batches": 1,
                                                "Original Hash Batches": 1,
                                                "Peak Memory Usage": 9,
                                                "Plans": [
                                                    {
                                                        "Node Type": "Seq Scan",
                                                        "Parent Relationship": "Outer",
                                                        "Parallel Aware": false,
                                                        "Relation Name": "info_type",
                                                        "Schema": "public",
                                                        "Alias": "it1",
                                                        "Startup Cost": 0.0,
                                                        "Total Cost": 2.41,
                                                        "Plan Rows": 1,
                                                        "Plan Width": 4,
                                                        "Actual Startup Time": 0.029,
                                                        "Actual Total Time": 0.05,
                                                        "Actual Rows": 1,
                                                        "Actual Loops": 1,
                                                        "Output": [
                                                            "it1.id"
                                                        ],
                                                        "Filter": "((it1.info)::text = 'genres'::text)",
                                                        "Rows Removed by Filter": 112
                                                    }
                                                ]
                                            }
                                        ]
                                    }
                                ]
                            },
                            {
                                "Node Type": "Index Scan",
                                "Parent Relationship": "Inner",
                                "Parallel Aware": false,
                                "Scan Direction": "Forward",
                                "Index Name": "keyword_pkey",
                                "Relation Name": "keyword",
                                "Schema": "public",
                                "Alias": "k",
                                "Startup Cost": 0.42,
                                "Total Cost": 5846.06,
                                "Plan Rows": 5,
                                "Plan Width": 4,
                                "Actual Startup Time": 0.384,
                                "Actual Total Time": 0.466,
                                "Actual Rows": 2,
                                "Actual Loops": 1,
                                "Output": [
                                    "k.id",
                                    "k.keyword",
                                    "k.phonetic_code"
                                ],
                                "Filter": "(k.keyword = ANY ('{fight,magnet,blood,violence,snow}'::text[]))",
                                "Rows Removed by Filter": 863
                            }
                        ]
                    },
                    {
                        "Node Type": "Bitmap Heap Scan",
                        "Parent Relationship": "Inner",
                        "Parallel Aware": false,
                        "Relation Name": "info_type",
                        "Schema": "public",
                        "Alias": "it2",
                        "Startup Cost": 0.15,
                        "Total Cost": 4.17,
                        "Plan Rows": 1,
                        "Plan Width": 4,
                        "Actual Startup Time": 0.006,
                        "Actual Total Time": 0.006,
                        "Actual Rows": 0,
                        "Actual Loops": 3,
                        "Output": [
                            "it2.id",
                            "it2.info"
                        ],
                        "Recheck Cond": "(it2.id = mi_idx.info_type_id)",
                        "Rows Removed by Index Recheck": 0,
                        "Filter": "((it2.info)::text = 'votes'::text)",
                        "Rows Removed by Filter": 1,
                        "Exact Heap Blocks": 3,
                        "Lossy Heap Blocks": 0,
                        "Plans": [
                            {
                                "Node Type": "Bitmap Index Scan",
                                "Parent Relationship": "Outer",
                                "Parallel Aware": false,
                                "Index Name": "info_type_pkey",
                                "Startup Cost": 0.0,
                                "Total Cost": 0.15,
                                "Plan Rows": 1,
                                "Plan Width": 0,
                                "Actual Startup Time": 0.003,
                                "Actual Total Time": 0.003,
                                "Actual Rows": 1,
                                "Actual Loops": 3,
                                "Index Cond": "(it2.id = mi_idx.info_type_id)"
                            }
                        ]
                    }
                ]
            }
        ]
    },
    "Planning Time": 11.189,
    "Triggers": [],
    "Execution Time": 3284.941
}