[
  {
    "Plan": {
      "Node Type": "Aggregate",
      "Strategy": "Plain",
      "Partial Mode": "Finalize",
      "Parallel Aware": false,
      "Startup Cost": 46620.0,
      "Total Cost": 46620.01,
      "Plan Rows": 1,
      "Plan Width": 8,
      "Actual Startup Time": 182.822,
      "Actual Total Time": 193.255,
      "Actual Rows": 1,
      "Actual Loops": 1,
      "Plans": [
        {
          "Node Type": "Gather",
          "Parent Relationship": "Outer",
          "Parallel Aware": false,
          "Startup Cost": 46619.68,
          "Total Cost": 46619.99,
          "Plan Rows": 3,
          "Plan Width": 8,
          "Actual Startup Time": 182.722,
          "Actual Total Time": 193.247,
          "Actual Rows": 4,
          "Actual Loops": 1,
          "Workers Planned": 3,
          "Workers Launched": 3,
          "Single Copy": false,
          "Plans": [
            {
              "Node Type": "Aggregate",
              "Strategy": "Plain",
              "Partial Mode": "Partial",
              "Parent Relationship": "Outer",
              "Parallel Aware": false,
              "Startup Cost": 45619.68,
              "Total Cost": 45619.69,
              "Plan Rows": 1,
              "Plan Width": 8,
              "Actual Startup Time": 176.244,
              "Actual Total Time": 176.245,
              "Actual Rows": 1,
              "Actual Loops": 4,
              "Plans": [
                {
                  "Node Type": "Seq Scan",
                  "Parent Relationship": "Outer",
                  "Parallel Aware": true,
                  "Relation Name": "movie_keyword",
                  "Alias": "mk",
                  "Startup Cost": 0.0,
                  "Total Cost": 42695.65,
                  "Plan Rows": 1169611,
                  "Plan Width": 0,
                  "Actual Startup Time": 0.053,
                  "Actual Total Time": 131.49,
                  "Actual Rows": 908075,
                  "Actual Loops": 4,
                  "Filter": "(keyword_id < 20659)",
                  "Rows Removed by Filter": 222908
                }
              ]
            }
          ]
        }
      ]
    },
    "Planning Time": 0.152,
    "Triggers": [],
    "Execution Time": 193.302
  }
]