[
  {
    "Plan": {
      "Node Type": "Aggregate",
      "Strategy": "Plain",
      "Partial Mode": "Finalize",
      "Parallel Aware": false,
      "Startup Cost": 46174.84,
      "Total Cost": 46174.85,
      "Plan Rows": 1,
      "Plan Width": 8,
      "Actual Startup Time": 79.109,
      "Actual Total Time": 87.407,
      "Actual Rows": 1,
      "Actual Loops": 1,
      "Plans": [
        {
          "Node Type": "Gather",
          "Parent Relationship": "Outer",
          "Parallel Aware": false,
          "Startup Cost": 46174.52,
          "Total Cost": 46174.83,
          "Plan Rows": 3,
          "Plan Width": 8,
          "Actual Startup Time": 78.943,
          "Actual Total Time": 87.401,
          "Actual Rows": 4,
          "Actual Loops": 1,
          "Workers Planned": 3,
          "Workers Launched": 3,
          "Single Copy": false,
          "Plans": [
            {
              "Node Type": "Aggregate",
              "Strategy": "Plain",
              "Partial Mode": "Partial",
              "Parent Relationship": "Outer",
              "Parallel Aware": false,
              "Startup Cost": 45174.52,
              "Total Cost": 45174.53,
              "Plan Rows": 1,
              "Plan Width": 8,
              "Actual Startup Time": 70.167,
              "Actual Total Time": 70.168,
              "Actual Rows": 1,
              "Actual Loops": 4,
              "Plans": [
                {
                  "Node Type": "Nested Loop",
                  "Parent Relationship": "Outer",
                  "Parallel Aware": false,
                  "Join Type": "Inner",
                  "Startup Cost": 258.36,
                  "Total Cost": 45170.94,
                  "Plan Rows": 1432,
                  "Plan Width": 0,
                  "Actual Startup Time": 25.601,
                  "Actual Total Time": 69.792,
                  "Actual Rows": 1951,
                  "Actual Loops": 4,
                  "Inner Unique": true,
                  "Plans": [
                    {
                      "Node Type": "Bitmap Heap Scan",
                      "Parent Relationship": "Outer",
                      "Parallel Aware": true,
                      "Relation Name": "movie_keyword",
                      "Alias": "mk",
                      "Startup Cost": 257.93,
                      "Total Cost": 20753.36,
                      "Plan Rows": 3892,
                      "Plan Width": 4,
                      "Actual Startup Time": 25.345,
                      "Actual Total Time": 37.852,
                      "Actual Rows": 2308,
                      "Actual Loops": 4,
                      "Recheck Cond": "(keyword_id = 784)",
                      "Rows Removed by Index Recheck": 0,
                      "Exact Heap Blocks": 4477,
                      "Lossy Heap Blocks": 0,
                      "Plans": [
                        {
                          "Node Type": "Bitmap Index Scan",
                          "Parent Relationship": "Outer",
                          "Parallel Aware": false,
                          "Index Name": "keyword_id_movie_keyword",
                          "Startup Cost": 0.0,
                          "Total Cost": 254.91,
                          "Plan Rows": 12064,
                          "Plan Width": 0,
                          "Actual Startup Time": 29.219,
                          "Actual Total Time": 29.219,
                          "Actual Rows": 9234,
                          "Actual Loops": 1,
                          "Index Cond": "(keyword_id = 784)"
                        }
                      ]
                    },
                    {
                      "Node Type": "Index Scan",
                      "Parent Relationship": "Inner",
                      "Parallel Aware": false,
                      "Scan Direction": "Forward",
                      "Index Name": "title_pkey",
                      "Relation Name": "title",
                      "Alias": "t",
                      "Startup Cost": 0.43,
                      "Total Cost": 6.27,
                      "Plan Rows": 1,
                      "Plan Width": 4,
                      "Actual Startup Time": 0.013,
                      "Actual Total Time": 0.013,
                      "Actual Rows": 1,
                      "Actual Loops": 9234,
                      "Index Cond": "(id = mk.movie_id)",
                      "Rows Removed by Index Recheck": 0,
                      "Filter": "((kind_id < 7) AND (production_year < 2013))",
                      "Rows Removed by Filter": 0
                    }
                  ]
                }
              ]
            }
          ]
        }
      ]
    },
    "Planning Time": 0.607,
    "Triggers": [],
    "Execution Time": 87.49
  }
]