{
    "Plan": {
        "Node Type": "Aggregate",
        "Strategy": "Plain",
        "Partial Mode": "Finalize",
        "Parallel Aware": false,
        "Startup Cost": 129075.27,
        "Total Cost": 129075.28,
        "Plan Rows": 1,
        "Plan Width": 8,
        "Actual Startup Time": 573.316,
        "Actual Total Time": 593.362,
        "Actual Rows": 1,
        "Actual Loops": 1,
        "Output": [
            "count(*)"
        ],
        "Plans": [
            {
                "Node Type": "Gather",
                "Parent Relationship": "Outer",
                "Parallel Aware": false,
                "Startup Cost": 129074.96,
                "Total Cost": 129075.27,
                "Plan Rows": 3,
                "Plan Width": 8,
                "Actual Startup Time": 570.564,
                "Actual Total Time": 593.353,
                "Actual Rows": 4,
                "Actual Loops": 1,
                "Output": [
                    "(PARTIAL count(*))"
                ],
                "Workers Planned": 3,
                "Workers Launched": 3,
                "Single Copy": false,
                "Plans": [
                    {
                        "Node Type": "Aggregate",
                        "Strategy": "Plain",
                        "Partial Mode": "Partial",
                        "Parent Relationship": "Outer",
                        "Parallel Aware": false,
                        "Startup Cost": 128074.96,
                        "Total Cost": 128074.97,
                        "Plan Rows": 1,
                        "Plan Width": 8,
                        "Actual Startup Time": 561.607,
                        "Actual Total Time": 561.611,
                        "Actual Rows": 1,
                        "Actual Loops": 4,
                        "Output": [
                            "PARTIAL count(*)"
                        ],
                        "Workers": [
                            {
                                "Worker Number": 0,
                                "Actual Startup Time": 557.704,
                                "Actual Total Time": 557.707,
                                "Actual Rows": 1,
                                "Actual Loops": 1
                            },
                            {
                                "Worker Number": 1,
                                "Actual Startup Time": 560.617,
                                "Actual Total Time": 560.62,
                                "Actual Rows": 1,
                                "Actual Loops": 1
                            },
                            {
                                "Worker Number": 2,
                                "Actual Startup Time": 558.585,
                                "Actual Total Time": 558.588,
                                "Actual Rows": 1,
                                "Actual Loops": 1
                            }
                        ],
                        "Plans": [
                            {
                                "Node Type": "Hash Join",
                                "Parent Relationship": "Outer",
                                "Parallel Aware": true,
                                "Join Type": "Inner",
                                "Startup Cost": 102491.92,
                                "Total Cost": 127772.11,
                                "Plan Rows": 121139,
                                "Plan Width": 0,
                                "Actual Startup Time": 413.73,
                                "Actual Total Time": 556.254,
                                "Actual Rows": 74858,
                                "Actual Loops": 4,
                                "Inner Unique": true,
                                "Hash Cond": "(mc.movie_id = t.id)",
                                "Workers": [
                                    {
                                        "Worker Number": 0,
                                        "Actual Startup Time": 409.312,
                                        "Actual Total Time": 552.449,
                                        "Actual Rows": 76378,
                                        "Actual Loops": 1
                                    },
                                    {
                                        "Worker Number": 1,
                                        "Actual Startup Time": 412.648,
                                        "Actual Total Time": 555.629,
                                        "Actual Rows": 86278,
                                        "Actual Loops": 1
                                    },
                                    {
                                        "Worker Number": 2,
                                        "Actual Startup Time": 410.536,
                                        "Actual Total Time": 553.064,
                                        "Actual Rows": 69139,
                                        "Actual Loops": 1
                                    }
                                ],
                                "Plans": [
                                    {
                                        "Node Type": "Bitmap Heap Scan",
                                        "Parent Relationship": "Outer",
                                        "Parallel Aware": true,
                                        "Relation Name": "movie_companies",
                                        "Schema": "public",
                                        "Alias": "mc",
                                        "Startup Cost": 24025.64,
                                        "Total Cost": 48179.44,
                                        "Plan Rows": 429104,
                                        "Plan Width": 4,
                                        "Actual Startup Time": 80.903,
                                        "Actual Total Time": 132.187,
                                        "Actual Rows": 333721,
                                        "Actual Loops": 4,
                                        "Output": [
                                            "mc.id",
                                            "mc.movie_id",
                                            "mc.company_id",
                                            "mc.company_type_id",
                                            "mc.note"
                                        ],
                                        "Recheck Cond": "(mc.company_type_id = 2)",
                                        "Rows Removed by Index Recheck": 0,
                                        "Exact Heap Blocks": 1707,
                                        "Lossy Heap Blocks": 0,
                                        "Workers": [
                                            {
                                                "Worker Number": 0,
                                                "Actual Startup Time": 80.641,
                                                "Actual Total Time": 132.505,
                                                "Actual Rows": 327870,
                                                "Actual Loops": 1
                                            },
                                            {
                                                "Worker Number": 1,
                                                "Actual Startup Time": 81.001,
                                                "Actual Total Time": 131.024,
                                                "Actual Rows": 407867,
                                                "Actual Loops": 1
                                            },
                                            {
                                                "Worker Number": 2,
                                                "Actual Startup Time": 80.971,
                                                "Actual Total Time": 132.629,
                                                "Actual Rows": 300009,
                                                "Actual Loops": 1
                                            }
                                        ],
                                        "Plans": [
                                            {
                                                "Node Type": "Bitmap Index Scan",
                                                "Parent Relationship": "Outer",
                                                "Parallel Aware": false,
                                                "Index Name": "company_type_id_movie_companies",
                                                "Startup Cost": 0.0,
                                                "Total Cost": 23693.09,
                                                "Plan Rows": 1330221,
                                                "Plan Width": 0,
                                                "Actual Startup Time": 78.938,
                                                "Actual Total Time": 78.939,
                                                "Actual Rows": 1334883,
                                                "Actual Loops": 1,
                                                "Index Cond": "(mc.company_type_id = 2)",
                                                "Workers": [
                                                    {
                                                        "Worker Number": 0,
                                                        "Actual Startup Time": 78.938,
                                                        "Actual Total Time": 78.939,
                                                        "Actual Rows": 1334883,
                                                        "Actual Loops": 1
                                                    }
                                                ]
                                            }
                                        ]
                                    },
                                    {
                                        "Node Type": "Hash",
                                        "Parent Relationship": "Inner",
                                        "Parallel Aware": true,
                                        "Startup Cost": 76235.76,
                                        "Total Cost": 76235.76,
                                        "Plan Rows": 178441,
                                        "Plan Width": 4,
                                        "Actual Startup Time": 328.499,
                                        "Actual Total Time": 328.5,
                                        "Actual Rows": 151142,
                                        "Actual Loops": 4,
                                        "Output": [
                                            "t.id"
                                        ],
                                        "Hash Buckets": 1048576,
                                        "Original Hash Buckets": 1048576,
                                        "Hash Batches": 1,
                                        "Original Hash Batches": 1,
                                        "Peak Memory Usage": 31872,
                                        "Workers": [
                                            {
                                                "Worker Number": 0,
                                                "Actual Startup Time": 328.191,
                                                "Actual Total Time": 328.192,
                                                "Actual Rows": 133331,
                                                "Actual Loops": 1
                                            },
                                            {
                                                "Worker Number": 1,
                                                "Actual Startup Time": 331.241,
                                                "Actual Total Time": 331.242,
                                                "Actual Rows": 188542,
                                                "Actual Loops": 1
                                            },
                                            {
                                                "Worker Number": 2,
                                                "Actual Startup Time": 329.11,
                                                "Actual Total Time": 329.111,
                                                "Actual Rows": 133937,
                                                "Actual Loops": 1
                                            }
                                        ],
                                        "Plans": [
                                            {
                                                "Node Type": "Bitmap Heap Scan",
                                                "Parent Relationship": "Outer",
                                                "Parallel Aware": true,
                                                "Relation Name": "title",
                                                "Schema": "public",
                                                "Alias": "t",
                                                "Startup Cost": 33274.13,
                                                "Total Cost": 76235.76,
                                                "Plan Rows": 178441,
                                                "Plan Width": 4,
                                                "Actual Startup Time": 114.283,
                                                "Actual Total Time": 265.081,
                                                "Actual Rows": 151142,
                                                "Actual Loops": 4,
                                                "Output": [
                                                    "t.id"
                                                ],
                                                "Recheck Cond": "(t.kind_id > 1)",
                                                "Rows Removed by Index Recheck": 0,
                                                "Filter": "(t.production_year < 1999)",
                                                "Rows Removed by Filter": 315229,
                                                "Exact Heap Blocks": 8779,
                                                "Lossy Heap Blocks": 0,
                                                "Workers": [
                                                    {
                                                        "Worker Number": 0,
                                                        "Actual Startup Time": 114.397,
                                                        "Actual Total Time": 263.8,
                                                        "Actual Rows": 133331,
                                                        "Actual Loops": 1
                                                    },
                                                    {
                                                        "Worker Number": 1,
                                                        "Actual Startup Time": 114.378,
                                                        "Actual Total Time": 263.467,
                                                        "Actual Rows": 188542,
                                                        "Actual Loops": 1
                                                    },
                                                    {
                                                        "Worker Number": 2,
                                                        "Actual Startup Time": 114.318,
                                                        "Actual Total Time": 266.681,
                                                        "Actual Rows": 133937,
                                                        "Actual Loops": 1
                                                    }
                                                ],
                                                "Plans": [
                                                    {
                                                        "Node Type": "Bitmap Index Scan",
                                                        "Parent Relationship": "Outer",
                                                        "Parallel Aware": false,
                                                        "Index Name": "kind_id_title",
                                                        "Startup Cost": 0.0,
                                                        "Total Cost": 33095.69,
                                                        "Plan Rows": 1856968,
                                                        "Plan Width": 0,
                                                        "Actual Startup Time": 104.788,
                                                        "Actual Total Time": 104.789,
                                                        "Actual Rows": 1865487,
                                                        "Actual Loops": 1,
                                                        "Index Cond": "(t.kind_id > 1)"
                                                    }
                                                ]
                                            }
                                        ]
                                    }
                                ]
                            }
                        ]
                    }
                ]
            }
        ]
    },
    "Planning Time": 2.663,
    "Triggers": [],
    "Execution Time": 593.752
}