[
  {
    "Plan": {
      "Node Type": "Aggregate",
      "Strategy": "Plain",
      "Partial Mode": "Finalize",
      "Parallel Aware": false,
      "Startup Cost": 110736.28,
      "Total Cost": 110736.29,
      "Plan Rows": 1,
      "Plan Width": 8,
      "Actual Startup Time": 469.273,
      "Actual Total Time": 486.531,
      "Actual Rows": 1,
      "Actual Loops": 1,
      "Plans": [
        {
          "Node Type": "Gather",
          "Parent Relationship": "Outer",
          "Parallel Aware": false,
          "Startup Cost": 110736.06,
          "Total Cost": 110736.27,
          "Plan Rows": 2,
          "Plan Width": 8,
          "Actual Startup Time": 467.437,
          "Actual Total Time": 486.524,
          "Actual Rows": 3,
          "Actual Loops": 1,
          "Workers Planned": 2,
          "Workers Launched": 2,
          "Single Copy": false,
          "Plans": [
            {
              "Node Type": "Aggregate",
              "Strategy": "Plain",
              "Partial Mode": "Partial",
              "Parent Relationship": "Outer",
              "Parallel Aware": false,
              "Startup Cost": 109736.06,
              "Total Cost": 109736.07,
              "Plan Rows": 1,
              "Plan Width": 8,
              "Actual Startup Time": 459.257,
              "Actual Total Time": 459.262,
              "Actual Rows": 1,
              "Actual Loops": 3,
              "Plans": [
                {
                  "Node Type": "Hash Join",
                  "Parent Relationship": "Outer",
                  "Parallel Aware": true,
                  "Join Type": "Inner",
                  "Startup Cost": 92916.63,
                  "Total Cost": 109626.56,
                  "Plan Rows": 43802,
                  "Plan Width": 0,
                  "Actual Startup Time": 377.292,
                  "Actual Total Time": 454.874,
                  "Actual Rows": 111887,
                  "Actual Loops": 3,
                  "Inner Unique": false,
                  "Hash Cond": "(mi_idx.movie_id = t.id)",
                  "Plans": [
                    {
                      "Node Type": "Seq Scan",
                      "Parent Relationship": "Outer",
                      "Parallel Aware": true,
                      "Relation Name": "movie_info_idx",
                      "Alias": "mi_idx",
                      "Startup Cost": 0.0,
                      "Total Cost": 15122.68,
                      "Plan Rows": 385585,
                      "Plan Width": 4,
                      "Actual Startup Time": 0.03,
                      "Actual Total Time": 40.06,
                      "Actual Rows": 306703,
                      "Actual Loops": 3,
                      "Filter": "(info_type_id > 99)",
                      "Rows Removed by Filter": 153308
                    },
                    {
                      "Node Type": "Hash",
                      "Parent Relationship": "Inner",
                      "Parallel Aware": true,
                      "Startup Cost": 91758.52,
                      "Total Cost": 91758.52,
                      "Plan Rows": 92649,
                      "Plan Width": 8,
                      "Actual Startup Time": 373.272,
                      "Actual Total Time": 373.275,
                      "Actual Rows": 84607,
                      "Actual Loops": 3,
                      "Hash Buckets": 524288,
                      "Original Hash Buckets": 524288,
                      "Hash Batches": 1,
                      "Original Hash Batches": 1,
                      "Peak Memory Usage": 14080,
                      "Plans": [
                        {
                          "Node Type": "Hash Join",
                          "Parent Relationship": "Outer",
                          "Parallel Aware": true,
                          "Join Type": "Inner",
                          "Startup Cost": 46135.5,
                          "Total Cost": 91758.52,
                          "Plan Rows": 92649,
                          "Plan Width": 8,
                          "Actual Startup Time": 131.46,
                          "Actual Total Time": 356.163,
                          "Actual Rows": 84607,
                          "Actual Loops": 3,
                          "Inner Unique": true,
                          "Hash Cond": "(mk.movie_id = t.id)",
                          "Plans": [
                            {
                              "Node Type": "Seq Scan",
                              "Parent Relationship": "Outer",
                              "Parallel Aware": true,
                              "Relation Name": "movie_keyword",
                              "Alias": "mk",
                              "Startup Cost": 0.0,
                              "Total Cost": 42695.65,
                              "Plan Rows": 1115188,
                              "Plan Width": 4,
                              "Actual Startup Time": 0.025,
                              "Actual Total Time": 135.858,
                              "Actual Rows": 1154120,
                              "Actual Loops": 3,
                              "Filter": "(keyword_id < 16526)",
                              "Rows Removed by Filter": 353857
                            },
                            {
                              "Node Type": "Hash",
                              "Parent Relationship": "Inner",
                              "Parallel Aware": true,
                              "Startup Cost": 45479.1,
                              "Total Cost": 45479.1,
                              "Plan Rows": 52512,
                              "Plan Width": 4,
                              "Actual Startup Time": 130.156,
                              "Actual Total Time": 130.157,
                              "Actual Rows": 61278,
                              "Actual Loops": 3,
                              "Hash Buckets": 262144,
                              "Original Hash Buckets": 262144,
                              "Hash Batches": 1,
                              "Original Hash Batches": 1,
                              "Peak Memory Usage": 9280,
                              "Plans": [
                                {
                                  "Node Type": "Seq Scan",
                                  "Parent Relationship": "Outer",
                                  "Parallel Aware": true,
                                  "Relation Name": "title",
                                  "Alias": "t",
                                  "Startup Cost": 0.0,
                                  "Total Cost": 45479.1,
                                  "Plan Rows": 52512,
                                  "Plan Width": 4,
                                  "Actual Startup Time": 0.054,
                                  "Actual Total Time": 109.685,
                                  "Actual Rows": 61278,
                                  "Actual Loops": 3,
                                  "Filter": "((kind_id < 7) AND (production_year > 2009))",
                                  "Rows Removed by Filter": 781492
                                }
                              ]
                            }
                          ]
                        }
                      ]
                    }
                  ]
                }
              ]
            }
          ]
        }
      ]
    },
    "Planning Time": 1.407,
    "Triggers": [],
    "Execution Time": 486.61
  }
]