{
    "Plan": {
        "Node Type": "Aggregate",
        "Strategy": "Plain",
        "Partial Mode": "Finalize",
        "Parallel Aware": false,
        "Startup Cost": 764643.51,
        "Total Cost": 764643.52,
        "Plan Rows": 1,
        "Plan Width": 8,
        "Actual Startup Time": 14301.163,
        "Actual Total Time": 14402.091,
        "Actual Rows": 1,
        "Actual Loops": 1,
        "Output": [
            "count(*)"
        ],
        "Plans": [
            {
                "Node Type": "Gather",
                "Parent Relationship": "Outer",
                "Parallel Aware": false,
                "Startup Cost": 764642.89,
                "Total Cost": 764643.5,
                "Plan Rows": 6,
                "Plan Width": 8,
                "Actual Startup Time": 14251.577,
                "Actual Total Time": 14402.077,
                "Actual Rows": 7,
                "Actual Loops": 1,
                "Output": [
                    "(PARTIAL count(*))"
                ],
                "Workers Planned": 6,
                "Workers Launched": 6,
                "Single Copy": false,
                "Plans": [
                    {
                        "Node Type": "Aggregate",
                        "Strategy": "Plain",
                        "Partial Mode": "Partial",
                        "Parent Relationship": "Outer",
                        "Parallel Aware": false,
                        "Startup Cost": 763642.89,
                        "Total Cost": 763642.9,
                        "Plan Rows": 1,
                        "Plan Width": 8,
                        "Actual Startup Time": 14208.735,
                        "Actual Total Time": 14209.832,
                        "Actual Rows": 1,
                        "Actual Loops": 7,
                        "Output": [
                            "PARTIAL count(*)"
                        ],
                        "Workers": [
                            {
                                "Worker Number": 0,
                                "Actual Startup Time": 14199.786,
                                "Actual Total Time": 14199.792,
                                "Actual Rows": 1,
                                "Actual Loops": 1
                            },
                            {
                                "Worker Number": 1,
                                "Actual Startup Time": 14199.961,
                                "Actual Total Time": 14199.965,
                                "Actual Rows": 1,
                                "Actual Loops": 1
                            },
                            {
                                "Worker Number": 2,
                                "Actual Startup Time": 14199.887,
                                "Actual Total Time": 14199.893,
                                "Actual Rows": 1,
                                "Actual Loops": 1
                            },
                            {
                                "Worker Number": 3,
                                "Actual Startup Time": 14199.721,
                                "Actual Total Time": 14199.727,
                                "Actual Rows": 1,
                                "Actual Loops": 1
                            },
                            {
                                "Worker Number": 4,
                                "Actual Startup Time": 14211.461,
                                "Actual Total Time": 14211.465,
                                "Actual Rows": 1,
                                "Actual Loops": 1
                            },
                            {
                                "Worker Number": 5,
                                "Actual Startup Time": 14199.862,
                                "Actual Total Time": 14199.866,
                                "Actual Rows": 1,
                                "Actual Loops": 1
                            }
                        ],
                        "Plans": [
                            {
                                "Node Type": "Hash Join",
                                "Parent Relationship": "Outer",
                                "Parallel Aware": true,
                                "Join Type": "Inner",
                                "Startup Cost": 286357.17,
                                "Total Cost": 696745.85,
                                "Plan Rows": 26758816,
                                "Plan Width": 0,
                                "Actual Startup Time": 3064.827,
                                "Actual Total Time": 12252.632,
                                "Actual Rows": 49069554,
                                "Actual Loops": 7,
                                "Inner Unique": false,
                                "Hash Cond": "(ci.movie_id = t.id)",
                                "Workers": [
                                    {
                                        "Worker Number": 0,
                                        "Actual Startup Time": 3057.608,
                                        "Actual Total Time": 12299.261,
                                        "Actual Rows": 48762098,
                                        "Actual Loops": 1
                                    },
                                    {
                                        "Worker Number": 1,
                                        "Actual Startup Time": 3057.52,
                                        "Actual Total Time": 12157.294,
                                        "Actual Rows": 46184987,
                                        "Actual Loops": 1
                                    },
                                    {
                                        "Worker Number": 2,
                                        "Actual Startup Time": 3057.49,
                                        "Actual Total Time": 12261.631,
                                        "Actual Rows": 50917787,
                                        "Actual Loops": 1
                                    },
                                    {
                                        "Worker Number": 3,
                                        "Actual Startup Time": 3057.501,
                                        "Actual Total Time": 12296.845,
                                        "Actual Rows": 50025631,
                                        "Actual Loops": 1
                                    },
                                    {
                                        "Worker Number": 4,
                                        "Actual Startup Time": 3057.817,
                                        "Actual Total Time": 12296.152,
                                        "Actual Rows": 50177874,
                                        "Actual Loops": 1
                                    },
                                    {
                                        "Worker Number": 5,
                                        "Actual Startup Time": 3057.63,
                                        "Actual Total Time": 12281.056,
                                        "Actual Rows": 49227525,
                                        "Actual Loops": 1
                                    }
                                ],
                                "Plans": [
                                    {
                                        "Node Type": "Seq Scan",
                                        "Parent Relationship": "Outer",
                                        "Parallel Aware": true,
                                        "Relation Name": "cast_info",
                                        "Schema": "public",
                                        "Alias": "ci",
                                        "Startup Cost": 0.0,
                                        "Total Cost": 328213.62,
                                        "Plan Rows": 4585189,
                                        "Plan Width": 4,
                                        "Actual Startup Time": 88.348,
                                        "Actual Total Time": 645.982,
                                        "Actual Rows": 3912196,
                                        "Actual Loops": 7,
                                        "Output": [
                                            "ci.id",
                                            "ci.person_id",
                                            "ci.movie_id",
                                            "ci.person_role_id",
                                            "ci.note",
                                            "ci.nr_order",
                                            "ci.role_id"
                                        ],
                                        "Filter": "(ci.person_id > 871625)",
                                        "Rows Removed by Filter": 1265568,
                                        "Workers": [
                                            {
                                                "Worker Number": 0,
                                                "Actual Startup Time": 88.301,
                                                "Actual Total Time": 671.726,
                                                "Actual Rows": 3896474,
                                                "Actual Loops": 1
                                            },
                                            {
                                                "Worker Number": 1,
                                                "Actual Startup Time": 88.357,
                                                "Actual Total Time": 674.015,
                                                "Actual Rows": 3658364,
                                                "Actual Loops": 1
                                            },
                                            {
                                                "Worker Number": 2,
                                                "Actual Startup Time": 88.373,
                                                "Actual Total Time": 656.628,
                                                "Actual Rows": 4069181,
                                                "Actual Loops": 1
                                            },
                                            {
                                                "Worker Number": 3,
                                                "Actual Startup Time": 88.354,
                                                "Actual Total Time": 655.953,
                                                "Actual Rows": 4007249,
                                                "Actual Loops": 1
                                            },
                                            {
                                                "Worker Number": 4,
                                                "Actual Startup Time": 88.339,
                                                "Actual Total Time": 657.195,
                                                "Actual Rows": 4026248,
                                                "Actual Loops": 1
                                            },
                                            {
                                                "Worker Number": 5,
                                                "Actual Startup Time": 88.368,
                                                "Actual Total Time": 674.832,
                                                "Actual Rows": 3922453,
                                                "Actual Loops": 1
                                            }
                                        ]
                                    },
                                    {
                                        "Node Type": "Hash",
                                        "Parent Relationship": "Inner",
                                        "Parallel Aware": true,
                                        "Startup Cost": 249469.43,
                                        "Total Cost": 249469.43,
                                        "Plan Rows": 2951019,
                                        "Plan Width": 8,
                                        "Actual Startup Time": 2961.045,
                                        "Actual Total Time": 2962.139,
                                        "Actual Rows": 2119389,
                                        "Actual Loops": 7,
                                        "Output": [
                                            "t.id",
                                            "mi.movie_id"
                                        ],
                                        "Hash Buckets": 16777216,
                                        "Original Hash Buckets": 16777216,
                                        "Hash Batches": 1,
                                        "Original Hash Batches": 1,
                                        "Peak Memory Usage": 711584,
                                        "Workers": [
                                            {
                                                "Worker Number": 0,
                                                "Actual Startup Time": 2968.396,
                                                "Actual Total Time": 2968.4,
                                                "Actual Rows": 2001886,
                                                "Actual Loops": 1
                                            },
                                            {
                                                "Worker Number": 1,
                                                "Actual Startup Time": 2968.405,
                                                "Actual Total Time": 2968.408,
                                                "Actual Rows": 1681252,
                                                "Actual Loops": 1
                                            },
                                            {
                                                "Worker Number": 2,
                                                "Actual Startup Time": 2968.382,
                                                "Actual Total Time": 2968.386,
                                                "Actual Rows": 2282501,
                                                "Actual Loops": 1
                                            },
                                            {
                                                "Worker Number": 3,
                                                "Actual Startup Time": 2968.395,
                                                "Actual Total Time": 2968.399,
                                                "Actual Rows": 2235889,
                                                "Actual Loops": 1
                                            },
                                            {
                                                "Worker Number": 4,
                                                "Actual Startup Time": 2968.792,
                                                "Actual Total Time": 2968.794,
                                                "Actual Rows": 2223744,
                                                "Actual Loops": 1
                                            },
                                            {
                                                "Worker Number": 5,
                                                "Actual Startup Time": 2968.475,
                                                "Actual Total Time": 2968.478,
                                                "Actual Rows": 2037340,
                                                "Actual Loops": 1
                                            }
                                        ],
                                        "Plans": [
                                            {
                                                "Node Type": "Hash Join",
                                                "Parent Relationship": "Outer",
                                                "Parallel Aware": true,
                                                "Join Type": "Inner",
                                                "Startup Cost": 50219.81,
                                                "Total Cost": 249469.43,
                                                "Plan Rows": 2951019,
                                                "Plan Width": 8,
                                                "Actual Startup Time": 317.842,
                                                "Actual Total Time": 1455.08,
                                                "Actual Rows": 2119389,
                                                "Actual Loops": 7,
                                                "Output": [
                                                    "t.id",
                                                    "mi.movie_id"
                                                ],
                                                "Inner Unique": true,
                                                "Hash Cond": "(mi.movie_id = t.id)",
                                                "Workers": [
                                                    {
                                                        "Worker Number": 0,
                                                        "Actual Startup Time": 317.904,
                                                        "Actual Total Time": 1466.177,
                                                        "Actual Rows": 2001886,
                                                        "Actual Loops": 1
                                                    },
                                                    {
                                                        "Worker Number": 1,
                                                        "Actual Startup Time": 317.848,
                                                        "Actual Total Time": 1457.522,
                                                        "Actual Rows": 1681252,
                                                        "Actual Loops": 1
                                                    },
                                                    {
                                                        "Worker Number": 2,
                                                        "Actual Startup Time": 317.749,
                                                        "Actual Total Time": 1454.003,
                                                        "Actual Rows": 2282501,
                                                        "Actual Loops": 1
                                                    },
                                                    {
                                                        "Worker Number": 3,
                                                        "Actual Startup Time": 317.712,
                                                        "Actual Total Time": 1451.867,
                                                        "Actual Rows": 2235889,
                                                        "Actual Loops": 1
                                                    },
                                                    {
                                                        "Worker Number": 4,
                                                        "Actual Startup Time": 317.859,
                                                        "Actual Total Time": 1454.002,
                                                        "Actual Rows": 2223744,
                                                        "Actual Loops": 1
                                                    },
                                                    {
                                                        "Worker Number": 5,
                                                        "Actual Startup Time": 317.827,
                                                        "Actual Total Time": 1466.704,
                                                        "Actual Rows": 2037340,
                                                        "Actual Loops": 1
                                                    }
                                                ],
                                                "Plans": [
                                                    {
                                                        "Node Type": "Seq Scan",
                                                        "Parent Relationship": "Outer",
                                                        "Parallel Aware": true,
                                                        "Relation Name": "movie_info",
                                                        "Schema": "public",
                                                        "Alias": "mi",
                                                        "Startup Cost": 0.0,
                                                        "Total Cost": 191503.19,
                                                        "Plan Rows": 2951019,
                                                        "Plan Width": 4,
                                                        "Actual Startup Time": 0.038,
                                                        "Actual Total Time": 304.362,
                                                        "Actual Rows": 2119389,
                                                        "Actual Loops": 7,
                                                        "Output": [
                                                            "mi.id",
                                                            "mi.movie_id",
                                                            "mi.info_type_id",
                                                            "mi.info",
                                                            "mi.note"
                                                        ],
                                                        "Workers": [
                                                            {
                                                                "Worker Number": 0,
                                                                "Actual Startup Time": 0.047,
                                                                "Actual Total Time": 317.787,
                                                                "Actual Rows": 2001886,
                                                                "Actual Loops": 1
                                                            },
                                                            {
                                                                "Worker Number": 1,
                                                                "Actual Startup Time": 0.052,
                                                                "Actual Total Time": 332.012,
                                                                "Actual Rows": 1681252,
                                                                "Actual Loops": 1
                                                            },
                                                            {
                                                                "Worker Number": 2,
                                                                "Actual Startup Time": 0.042,
                                                                "Actual Total Time": 309.458,
                                                                "Actual Rows": 2282501,
                                                                "Actual Loops": 1
                                                            },
                                                            {
                                                                "Worker Number": 3,
                                                                "Actual Startup Time": 0.043,
                                                                "Actual Total Time": 309.685,
                                                                "Actual Rows": 2235889,
                                                                "Actual Loops": 1
                                                            },
                                                            {
                                                                "Worker Number": 4,
                                                                "Actual Startup Time": 0.035,
                                                                "Actual Total Time": 311.452,
                                                                "Actual Rows": 2223744,
                                                                "Actual Loops": 1
                                                            },
                                                            {
                                                                "Worker Number": 5,
                                                                "Actual Startup Time": 0.039,
                                                                "Actual Total Time": 317.779,
                                                                "Actual Rows": 2037340,
                                                                "Actual Loops": 1
                                                            }
                                                        ]
                                                    },
                                                    {
                                                        "Node Type": "Hash",
                                                        "Parent Relationship": "Inner",
                                                        "Parallel Aware": true,
                                                        "Startup Cost": 42318.81,
                                                        "Total Cost": 42318.81,
                                                        "Plan Rows": 632080,
                                                        "Plan Width": 4,
                                                        "Actual Startup Time": 314.77,
                                                        "Actual Total Time": 314.771,
                                                        "Actual Rows": 361187,
                                                        "Actual Loops": 7,
                                                        "Output": [
                                                            "t.id"
                                                        ],
                                                        "Hash Buckets": 4194304,
                                                        "Original Hash Buckets": 4194304,
                                                        "Hash Batches": 1,
                                                        "Original Hash Batches": 1,
                                                        "Peak Memory Usage": 131808,
                                                        "Workers": [
                                                            {
                                                                "Worker Number": 0,
                                                                "Actual Startup Time": 317.745,
                                                                "Actual Total Time": 317.746,
                                                                "Actual Rows": 321514,
                                                                "Actual Loops": 1
                                                            },
                                                            {
                                                                "Worker Number": 1,
                                                                "Actual Startup Time": 317.669,
                                                                "Actual Total Time": 317.67,
                                                                "Actual Rows": 292037,
                                                                "Actual Loops": 1
                                                            },
                                                            {
                                                                "Worker Number": 2,
                                                                "Actual Startup Time": 317.605,
                                                                "Actual Total Time": 317.606,
                                                                "Actual Rows": 357312,
                                                                "Actual Loops": 1
                                                            },
                                                            {
                                                                "Worker Number": 3,
                                                                "Actual Startup Time": 317.468,
                                                                "Actual Total Time": 317.469,
                                                                "Actual Rows": 351749,
                                                                "Actual Loops": 1
                                                            },
                                                            {
                                                                "Worker Number": 4,
                                                                "Actual Startup Time": 317.72,
                                                                "Actual Total Time": 317.721,
                                                                "Actual Rows": 371597,
                                                                "Actual Loops": 1
                                                            },
                                                            {
                                                                "Worker Number": 5,
                                                                "Actual Startup Time": 317.673,
                                                                "Actual Total Time": 317.675,
                                                                "Actual Rows": 332776,
                                                                "Actual Loops": 1
                                                            }
                                                        ],
                                                        "Plans": [
                                                            {
                                                                "Node Type": "Seq Scan",
                                                                "Parent Relationship": "Outer",
                                                                "Parallel Aware": true,
                                                                "Relation Name": "title",
                                                                "Schema": "public",
                                                                "Alias": "t",
                                                                "Startup Cost": 0.0,
                                                                "Total Cost": 42318.81,
                                                                "Plan Rows": 632080,
                                                                "Plan Width": 4,
                                                                "Actual Startup Time": 0.085,
                                                                "Actual Total Time": 77.544,
                                                                "Actual Rows": 361187,
                                                                "Actual Loops": 7,
                                                                "Output": [
                                                                    "t.id"
                                                                ],
                                                                "Workers": [
                                                                    {
                                                                        "Worker Number": 0,
                                                                        "Actual Startup Time": 0.098,
                                                                        "Actual Total Time": 78.728,
                                                                        "Actual Rows": 321514,
                                                                        "Actual Loops": 1
                                                                    },
                                                                    {
                                                                        "Worker Number": 1,
                                                                        "Actual Startup Time": 0.085,
                                                                        "Actual Total Time": 82.047,
                                                                        "Actual Rows": 292037,
                                                                        "Actual Loops": 1
                                                                    },
                                                                    {
                                                                        "Worker Number": 2,
                                                                        "Actual Startup Time": 0.098,
                                                                        "Actual Total Time": 80.035,
                                                                        "Actual Rows": 357312,
                                                                        "Actual Loops": 1
                                                                    },
                                                                    {
                                                                        "Worker Number": 3,
                                                                        "Actual Startup Time": 0.097,
                                                                        "Actual Total Time": 79.62,
                                                                        "Actual Rows": 351749,
                                                                        "Actual Loops": 1
                                                                    },
                                                                    {
                                                                        "Worker Number": 4,
                                                                        "Actual Startup Time": 0.104,
                                                                        "Actual Total Time": 79.268,
                                                                        "Actual Rows": 371597,
                                                                        "Actual Loops": 1
                                                                    },
                                                                    {
                                                                        "Worker Number": 5,
                                                                        "Actual Startup Time": 0.095,
                                                                        "Actual Total Time": 79.072,
                                                                        "Actual Rows": 332776,
                                                                        "Actual Loops": 1
                                                                    }
                                                                ]
                                                            }
                                                        ]
                                                    }
                                                ]
                                            }
                                        ]
                                    }
                                ]
                            }
                        ]
                    }
                ]
            }
        ]
    },
    "Planning Time": 1.456,
    "Triggers": [],
    "Execution Time": 14402.191
}