[
    {
        "Bao": {
            "Bao prediction": 1760.399,
            "Bao recommended hint": "SET enable_mergejoin TO off; "
        }
    },
    {
        "Plan": {
            "Node Type": "Aggregate",
            "Strategy": "Plain",
            "Partial Mode": "Finalize",
            "Parallel Aware": false,
            "Startup Cost": 218281.42,
            "Total Cost": 218281.43,
            "Plan Rows": 1,
            "Plan Width": 8,
            "Actual Startup Time": 6240.637,
            "Actual Total Time": 6434.599,
            "Actual Rows": 1,
            "Actual Loops": 1,
            "Output": [
                "count(*)"
            ],
            "Plans": [
                {
                    "Node Type": "Gather",
                    "Parent Relationship": "Outer",
                    "Parallel Aware": false,
                    "Startup Cost": 218280.89,
                    "Total Cost": 218281.4,
                    "Plan Rows": 5,
                    "Plan Width": 8,
                    "Actual Startup Time": 6240.326,
                    "Actual Total Time": 6434.586,
                    "Actual Rows": 6,
                    "Actual Loops": 1,
                    "Output": [
                        "(PARTIAL count(*))"
                    ],
                    "Workers Planned": 5,
                    "Workers Launched": 5,
                    "Single Copy": false,
                    "Plans": [
                        {
                            "Node Type": "Aggregate",
                            "Strategy": "Plain",
                            "Partial Mode": "Partial",
                            "Parent Relationship": "Outer",
                            "Parallel Aware": false,
                            "Startup Cost": 217280.89,
                            "Total Cost": 217280.9,
                            "Plan Rows": 1,
                            "Plan Width": 8,
                            "Actual Startup Time": 6228.412,
                            "Actual Total Time": 6228.423,
                            "Actual Rows": 1,
                            "Actual Loops": 6,
                            "Output": [
                                "PARTIAL count(*)"
                            ],
                            "Workers": [
                                {
                                    "Worker Number": 0,
                                    "Actual Startup Time": 6225.739,
                                    "Actual Total Time": 6225.751,
                                    "Actual Rows": 1,
                                    "Actual Loops": 1
                                },
                                {
                                    "Worker Number": 1,
                                    "Actual Startup Time": 6226.227,
                                    "Actual Total Time": 6226.236,
                                    "Actual Rows": 1,
                                    "Actual Loops": 1
                                },
                                {
                                    "Worker Number": 2,
                                    "Actual Startup Time": 6226.349,
                                    "Actual Total Time": 6226.361,
                                    "Actual Rows": 1,
                                    "Actual Loops": 1
                                },
                                {
                                    "Worker Number": 3,
                                    "Actual Startup Time": 6226.334,
                                    "Actual Total Time": 6226.344,
                                    "Actual Rows": 1,
                                    "Actual Loops": 1
                                },
                                {
                                    "Worker Number": 4,
                                    "Actual Startup Time": 6226.37,
                                    "Actual Total Time": 6226.38,
                                    "Actual Rows": 1,
                                    "Actual Loops": 1
                                }
                            ],
                            "Plans": [
                                {
                                    "Node Type": "Nested Loop",
                                    "Parent Relationship": "Outer",
                                    "Parallel Aware": false,
                                    "Join Type": "Inner",
                                    "Startup Cost": 6.73,
                                    "Total Cost": 217280.87,
                                    "Plan Rows": 9,
                                    "Plan Width": 0,
                                    "Actual Startup Time": 786.195,
                                    "Actual Total Time": 6226.48,
                                    "Actual Rows": 11870,
                                    "Actual Loops": 6,
                                    "Inner Unique": true,
                                    "Workers": [
                                        {
                                            "Worker Number": 0,
                                            "Actual Startup Time": 806.063,
                                            "Actual Total Time": 6223.865,
                                            "Actual Rows": 11269,
                                            "Actual Loops": 1
                                        },
                                        {
                                            "Worker Number": 1,
                                            "Actual Startup Time": 778.013,
                                            "Actual Total Time": 6224.243,
                                            "Actual Rows": 12458,
                                            "Actual Loops": 1
                                        },
                                        {
                                            "Worker Number": 2,
                                            "Actual Startup Time": 778.623,
                                            "Actual Total Time": 6224.505,
                                            "Actual Rows": 11442,
                                            "Actual Loops": 1
                                        },
                                        {
                                            "Worker Number": 3,
                                            "Actual Startup Time": 784.269,
                                            "Actual Total Time": 6224.484,
                                            "Actual Rows": 11969,
                                            "Actual Loops": 1
                                        },
                                        {
                                            "Worker Number": 4,
                                            "Actual Startup Time": 778.916,
                                            "Actual Total Time": 6224.466,
                                            "Actual Rows": 12338,
                                            "Actual Loops": 1
                                        }
                                    ],
                                    "Plans": [
                                        {
                                            "Node Type": "Hash Join",
                                            "Parent Relationship": "Outer",
                                            "Parallel Aware": false,
                                            "Join Type": "Inner",
                                            "Startup Cost": 6.3,
                                            "Total Cost": 217140.64,
                                            "Plan Rows": 308,
                                            "Plan Width": 8,
                                            "Actual Startup Time": 786.079,
                                            "Actual Total Time": 6122.476,
                                            "Actual Rows": 11870,
                                            "Actual Loops": 6,
                                            "Output": [
                                                "ci.person_id",
                                                "pi.person_id"
                                            ],
                                            "Inner Unique": true,
                                            "Hash Cond": "(pi.info_type_id = it2.id)",
                                            "Workers": [
                                                {
                                                    "Worker Number": 0,
                                                    "Actual Startup Time": 805.966,
                                                    "Actual Total Time": 6123.743,
                                                    "Actual Rows": 11269,
                                                    "Actual Loops": 1
                                                },
                                                {
                                                    "Worker Number": 1,
                                                    "Actual Startup Time": 777.846,
                                                    "Actual Total Time": 6116.467,
                                                    "Actual Rows": 12458,
                                                    "Actual Loops": 1
                                                },
                                                {
                                                    "Worker Number": 2,
                                                    "Actual Startup Time": 778.495,
                                                    "Actual Total Time": 6124.461,
                                                    "Actual Rows": 11442,
                                                    "Actual Loops": 1
                                                },
                                                {
                                                    "Worker Number": 3,
                                                    "Actual Startup Time": 784.142,
                                                    "Actual Total Time": 6121.514,
                                                    "Actual Rows": 11969,
                                                    "Actual Loops": 1
                                                },
                                                {
                                                    "Worker Number": 4,
                                                    "Actual Startup Time": 778.79,
                                                    "Actual Total Time": 6123.202,
                                                    "Actual Rows": 12338,
                                                    "Actual Loops": 1
                                                }
                                            ],
                                            "Plans": [
                                                {
                                                    "Node Type": "Nested Loop",
                                                    "Parent Relationship": "Outer",
                                                    "Parallel Aware": false,
                                                    "Join Type": "Inner",
                                                    "Startup Cost": 3.86,
                                                    "Total Cost": 217090.84,
                                                    "Plan Rows": 17389,
                                                    "Plan Width": 12,
                                                    "Actual Startup Time": 780.045,
                                                    "Actual Total Time": 6111.278,
                                                    "Actual Rows": 76253,
                                                    "Actual Loops": 6,
                                                    "Output": [
                                                        "ci.person_id",
                                                        "pi.person_id",
                                                        "pi.info_type_id"
                                                    ],
                                                    "Inner Unique": false,
                                                    "Workers": [
                                                        {
                                                            "Worker Number": 0,
                                                            "Actual Startup Time": 778.293,
                                                            "Actual Total Time": 6112.764,
                                                            "Actual Rows": 73080,
                                                            "Actual Loops": 1
                                                        },
                                                        {
                                                            "Worker Number": 1,
                                                            "Actual Startup Time": 777.238,
                                                            "Actual Total Time": 6105.073,
                                                            "Actual Rows": 75500,
                                                            "Actual Loops": 1
                                                        },
                                                        {
                                                            "Worker Number": 2,
                                                            "Actual Startup Time": 777.829,
                                                            "Actual Total Time": 6113.161,
                                                            "Actual Rows": 77083,
                                                            "Actual Loops": 1
                                                        },
                                                        {
                                                            "Worker Number": 3,
                                                            "Actual Startup Time": 777.696,
                                                            "Actual Total Time": 6110.353,
                                                            "Actual Rows": 76923,
                                                            "Actual Loops": 1
                                                        },
                                                        {
                                                            "Worker Number": 4,
                                                            "Actual Startup Time": 778.11,
                                                            "Actual Total Time": 6112.057,
                                                            "Actual Rows": 78017,
                                                            "Actual Loops": 1
                                                        }
                                                    ],
                                                    "Plans": [
                                                        {
                                                            "Node Type": "Nested Loop",
                                                            "Parent Relationship": "Outer",
                                                            "Parallel Aware": false,
                                                            "Join Type": "Inner",
                                                            "Startup Cost": 3.43,
                                                            "Total Cost": 201754.99,
                                                            "Plan Rows": 10524,
                                                            "Plan Width": 4,
                                                            "Actual Startup Time": 779.475,
                                                            "Actual Total Time": 1715.6,
                                                            "Actual Rows": 175508,
                                                            "Actual Loops": 6,
                                                            "Output": [
                                                                "ci.person_id"
                                                            ],
                                                            "Inner Unique": false,
                                                            "Workers": [
                                                                {
                                                                    "Worker Number": 0,
                                                                    "Actual Startup Time": 777.068,
                                                                    "Actual Total Time": 1726.881,
                                                                    "Actual Rows": 169170,
                                                                    "Actual Loops": 1
                                                                },
                                                                {
                                                                    "Worker Number": 1,
                                                                    "Actual Startup Time": 777.1,
                                                                    "Actual Total Time": 1674.115,
                                                                    "Actual Rows": 176742,
                                                                    "Actual Loops": 1
                                                                },
                                                                {
                                                                    "Worker Number": 2,
                                                                    "Actual Startup Time": 777.095,
                                                                    "Actual Total Time": 1714.953,
                                                                    "Actual Rows": 164776,
                                                                    "Actual Loops": 1
                                                                },
                                                                {
                                                                    "Worker Number": 3,
                                                                    "Actual Startup Time": 777.047,
                                                                    "Actual Total Time": 1729.856,
                                                                    "Actual Rows": 182799,
                                                                    "Actual Loops": 1
                                                                },
                                                                {
                                                                    "Worker Number": 4,
                                                                    "Actual Startup Time": 777.616,
                                                                    "Actual Total Time": 1725.958,
                                                                    "Actual Rows": 189330,
                                                                    "Actual Loops": 1
                                                                }
                                                            ],
                                                            "Plans": [
                                                                {
                                                                    "Node Type": "Nested Loop",
                                                                    "Parent Relationship": "Outer",
                                                                    "Parallel Aware": false,
                                                                    "Join Type": "Inner",
                                                                    "Startup Cost": 2.87,
                                                                    "Total Cost": 200189.32,
                                                                    "Plan Rows": 734,
                                                                    "Plan Width": 8,
                                                                    "Actual Startup Time": 779.348,
                                                                    "Actual Total Time": 1239.279,
                                                                    "Actual Rows": 10340,
                                                                    "Actual Loops": 6,
                                                                    "Output": [
                                                                        "mi.movie_id",
                                                                        "t.id"
                                                                    ],
                                                                    "Inner Unique": true,
                                                                    "Workers": [
                                                                        {
                                                                            "Worker Number": 0,
                                                                            "Actual Startup Time": 776.883,
                                                                            "Actual Total Time": 1254.587,
                                                                            "Actual Rows": 9849,
                                                                            "Actual Loops": 1
                                                                        },
                                                                        {
                                                                            "Worker Number": 1,
                                                                            "Actual Startup Time": 776.989,
                                                                            "Actual Total Time": 1188.578,
                                                                            "Actual Rows": 10629,
                                                                            "Actual Loops": 1
                                                                        },
                                                                        {
                                                                            "Worker Number": 2,
                                                                            "Actual Startup Time": 776.949,
                                                                            "Actual Total Time": 1245.027,
                                                                            "Actual Rows": 9972,
                                                                            "Actual Loops": 1
                                                                        },
                                                                        {
                                                                            "Worker Number": 3,
                                                                            "Actual Startup Time": 776.928,
                                                                            "Actual Total Time": 1242.738,
                                                                            "Actual Rows": 10625,
                                                                            "Actual Loops": 1
                                                                        },
                                                                        {
                                                                            "Worker Number": 4,
                                                                            "Actual Startup Time": 777.486,
                                                                            "Actual Total Time": 1247.109,
                                                                            "Actual Rows": 11095,
                                                                            "Actual Loops": 1
                                                                        }
                                                                    ],
                                                                    "Plans": [
                                                                        {
                                                                            "Node Type": "Hash Join",
                                                                            "Parent Relationship": "Outer",
                                                                            "Parallel Aware": false,
                                                                            "Join Type": "Inner",
                                                                            "Startup Cost": 2.44,
                                                                            "Total Cost": 199223.61,
                                                                            "Plan Rows": 734,
                                                                            "Plan Width": 4,
                                                                            "Actual Startup Time": 779.141,
                                                                            "Actual Total Time": 1184.916,
                                                                            "Actual Rows": 10340,
                                                                            "Actual Loops": 6,
                                                                            "Output": [
                                                                                "mi.movie_id"
                                                                            ],
                                                                            "Inner Unique": true,
                                                                            "Hash Cond": "(mi.info_type_id = it1.id)",
                                                                            "Workers": [
                                                                                {
                                                                                    "Worker Number": 0,
                                                                                    "Actual Startup Time": 776.655,
                                                                                    "Actual Total Time": 1195.893,
                                                                                    "Actual Rows": 9849,
                                                                                    "Actual Loops": 1
                                                                                },
                                                                                {
                                                                                    "Worker Number": 1,
                                                                                    "Actual Startup Time": 776.672,
                                                                                    "Actual Total Time": 1135.474,
                                                                                    "Actual Rows": 10629,
                                                                                    "Actual Loops": 1
                                                                                },
                                                                                {
                                                                                    "Worker Number": 2,
                                                                                    "Actual Startup Time": 776.704,
                                                                                    "Actual Total Time": 1193.856,
                                                                                    "Actual Rows": 9972,
                                                                                    "Actual Loops": 1
                                                                                },
                                                                                {
                                                                                    "Worker Number": 3,
                                                                                    "Actual Startup Time": 776.708,
                                                                                    "Actual Total Time": 1189.86,
                                                                                    "Actual Rows": 10625,
                                                                                    "Actual Loops": 1
                                                                                },
                                                                                {
                                                                                    "Worker Number": 4,
                                                                                    "Actual Startup Time": 777.324,
                                                                                    "Actual Total Time": 1194.379,
                                                                                    "Actual Rows": 11095,
                                                                                    "Actual Loops": 1
                                                                                }
                                                                            ],
                                                                            "Plans": [
                                                                                {
                                                                                    "Node Type": "Seq Scan",
                                                                                    "Parent Relationship": "Outer",
                                                                                    "Parallel Aware": true,
                                                                                    "Relation Name": "movie_info",
                                                                                    "Schema": "public",
                                                                                    "Alias": "mi",
                                                                                    "Startup Cost": 0.0,
                                                                                    "Total Cost": 199108.24,
                                                                                    "Plan Rows": 41467,
                                                                                    "Plan Width": 8,
                                                                                    "Actual Startup Time": 65.533,
                                                                                    "Actual Total Time": 1177.317,
                                                                                    "Actual Rows": 42854,
                                                                                    "Actual Loops": 6,
                                                                                    "Output": [
                                                                                        "mi.id",
                                                                                        "mi.movie_id",
                                                                                        "mi.info_type_id",
                                                                                        "mi.info",
                                                                                        "mi.note"
                                                                                    ],
                                                                                    "Filter": "(mi.info ~~* '%france%'::text)",
                                                                                    "Rows Removed by Filter": 2429766,
                                                                                    "Workers": [
                                                                                        {
                                                                                            "Worker Number": 0,
                                                                                            "Actual Startup Time": 62.707,
                                                                                            "Actual Total Time": 1188.09,
                                                                                            "Actual Rows": 39926,
                                                                                            "Actual Loops": 1
                                                                                        },
                                                                                        {
                                                                                            "Worker Number": 1,
                                                                                            "Actual Startup Time": 63.548,
                                                                                            "Actual Total Time": 1128.096,
                                                                                            "Actual Rows": 37715,
                                                                                            "Actual Loops": 1
                                                                                        },
                                                                                        {
                                                                                            "Worker Number": 2,
                                                                                            "Actual Startup Time": 63.372,
                                                                                            "Actual Total Time": 1186.203,
                                                                                            "Actual Rows": 40744,
                                                                                            "Actual Loops": 1
                                                                                        },
                                                                                        {
                                                                                            "Worker Number": 3,
                                                                                            "Actual Startup Time": 63.277,
                                                                                            "Actual Total Time": 1182.067,
                                                                                            "Actual Rows": 41734,
                                                                                            "Actual Loops": 1
                                                                                        },
                                                                                        {
                                                                                            "Worker Number": 4,
                                                                                            "Actual Startup Time": 63.22,
                                                                                            "Actual Total Time": 1186.859,
                                                                                            "Actual Rows": 56816,
                                                                                            "Actual Loops": 1
                                                                                        }
                                                                                    ]
                                                                                },
                                                                                {
                                                                                    "Node Type": "Hash",
                                                                                    "Parent Relationship": "Inner",
                                                                                    "Parallel Aware": false,
                                                                                    "Startup Cost": 2.41,
                                                                                    "Total Cost": 2.41,
                                                                                    "Plan Rows": 2,
                                                                                    "Plan Width": 4,
                                                                                    "Actual Startup Time": 0.062,
                                                                                    "Actual Total Time": 0.063,
                                                                                    "Actual Rows": 3,
                                                                                    "Actual Loops": 6,
                                                                                    "Output": [
                                                                                        "it1.id"
                                                                                    ],
                                                                                    "Hash Buckets": 1024,
                                                                                    "Original Hash Buckets": 1024,
                                                                                    "Hash Batches": 1,
                                                                                    "Original Hash Batches": 1,
                                                                                    "Peak Memory Usage": 9,
                                                                                    "Workers": [
                                                                                        {
                                                                                            "Worker Number": 0,
                                                                                            "Actual Startup Time": 0.073,
                                                                                            "Actual Total Time": 0.074,
                                                                                            "Actual Rows": 3,
                                                                                            "Actual Loops": 1
                                                                                        },
                                                                                        {
                                                                                            "Worker Number": 1,
                                                                                            "Actual Startup Time": 0.063,
                                                                                            "Actual Total Time": 0.064,
                                                                                            "Actual Rows": 3,
                                                                                            "Actual Loops": 1
                                                                                        },
                                                                                        {
                                                                                            "Worker Number": 2,
                                                                                            "Actual Startup Time": 0.067,
                                                                                            "Actual Total Time": 0.068,
                                                                                            "Actual Rows": 3,
                                                                                            "Actual Loops": 1
                                                                                        },
                                                                                        {
                                                                                            "Worker Number": 3,
                                                                                            "Actual Startup Time": 0.064,
                                                                                            "Actual Total Time": 0.066,
                                                                                            "Actual Rows": 3,
                                                                                            "Actual Loops": 1
                                                                                        },
                                                                                        {
                                                                                            "Worker Number": 4,
                                                                                            "Actual Startup Time": 0.047,
                                                                                            "Actual Total Time": 0.048,
                                                                                            "Actual Rows": 3,
                                                                                            "Actual Loops": 1
                                                                                        }
                                                                                    ],
                                                                                    "Plans": [
                                                                                        {
                                                                                            "Node Type": "Seq Scan",
                                                                                            "Parent Relationship": "Outer",
                                                                                            "Parallel Aware": false,
                                                                                            "Relation Name": "info_type",
                                                                                            "Schema": "public",
                                                                                            "Alias": "it1",
                                                                                            "Startup Cost": 0.0,
                                                                                            "Total Cost": 2.41,
                                                                                            "Plan Rows": 2,
                                                                                            "Plan Width": 4,
                                                                                            "Actual Startup Time": 0.014,
                                                                                            "Actual Total Time": 0.048,
                                                                                            "Actual Rows": 3,
                                                                                            "Actual Loops": 6,
                                                                                            "Output": [
                                                                                                "it1.id"
                                                                                            ],
                                                                                            "Filter": "((it1.info)::text ~~* '%count%'::text)",
                                                                                            "Rows Removed by Filter": 110,
                                                                                            "Workers": [
                                                                                                {
                                                                                                    "Worker Number": 0,
                                                                                                    "Actual Startup Time": 0.017,
                                                                                                    "Actual Total Time": 0.054,
                                                                                                    "Actual Rows": 3,
                                                                                                    "Actual Loops": 1
                                                                                                },
                                                                                                {
                                                                                                    "Worker Number": 1,
                                                                                                    "Actual Startup Time": 0.013,
                                                                                                    "Actual Total Time": 0.049,
                                                                                                    "Actual Rows": 3,
                                                                                                    "Actual Loops": 1
                                                                                                },
                                                                                                {
                                                                                                    "Worker Number": 2,
                                                                                                    "Actual Startup Time": 0.013,
                                                                                                    "Actual Total Time": 0.053,
                                                                                                    "Actual Rows": 3,
                                                                                                    "Actual Loops": 1
                                                                                                },
                                                                                                {
                                                                                                    "Worker Number": 3,
                                                                                                    "Actual Startup Time": 0.014,
                                                                                                    "Actual Total Time": 0.05,
                                                                                                    "Actual Rows": 3,
                                                                                                    "Actual Loops": 1
                                                                                                },
                                                                                                {
                                                                                                    "Worker Number": 4,
                                                                                                    "Actual Startup Time": 0.011,
                                                                                                    "Actual Total Time": 0.035,
                                                                                                    "Actual Rows": 3,
                                                                                                    "Actual Loops": 1
                                                                                                }
                                                                                            ]
                                                                                        }
                                                                                    ]
                                                                                }
                                                                            ]
                                                                        },
                                                                        {
                                                                            "Node Type": "Index Only Scan",
                                                                            "Parent Relationship": "Inner",
                                                                            "Parallel Aware": false,
                                                                            "Scan Direction": "Forward",
                                                                            "Index Name": "title_pkey",
                                                                            "Relation Name": "title",
                                                                            "Schema": "public",
                                                                            "Alias": "t",
                                                                            "Startup Cost": 0.43,
                                                                            "Total Cost": 1.32,
                                                                            "Plan Rows": 1,
                                                                            "Plan Width": 4,
                                                                            "Actual Startup Time": 0.005,
                                                                            "Actual Total Time": 0.005,
                                                                            "Actual Rows": 1,
                                                                            "Actual Loops": 62041,
                                                                            "Output": [
                                                                                "t.id"
                                                                            ],
                                                                            "Index Cond": "(t.id = mi.movie_id)",
                                                                            "Rows Removed by Index Recheck": 0,
                                                                            "Heap Fetches": 62041,
                                                                            "Workers": [
                                                                                {
                                                                                    "Worker Number": 0,
                                                                                    "Actual Startup Time": 0.005,
                                                                                    "Actual Total Time": 0.005,
                                                                                    "Actual Rows": 1,
                                                                                    "Actual Loops": 9849
                                                                                },
                                                                                {
                                                                                    "Worker Number": 1,
                                                                                    "Actual Startup Time": 0.005,
                                                                                    "Actual Total Time": 0.005,
                                                                                    "Actual Rows": 1,
                                                                                    "Actual Loops": 10629
                                                                                },
                                                                                {
                                                                                    "Worker Number": 2,
                                                                                    "Actual Startup Time": 0.005,
                                                                                    "Actual Total Time": 0.005,
                                                                                    "Actual Rows": 1,
                                                                                    "Actual Loops": 9972
                                                                                },
                                                                                {
                                                                                    "Worker Number": 3,
                                                                                    "Actual Startup Time": 0.005,
                                                                                    "Actual Total Time": 0.005,
                                                                                    "Actual Rows": 1,
                                                                                    "Actual Loops": 10625
                                                                                },
                                                                                {
                                                                                    "Worker Number": 4,
                                                                                    "Actual Startup Time": 0.004,
                                                                                    "Actual Total Time": 0.004,
                                                                                    "Actual Rows": 1,
                                                                                    "Actual Loops": 11095
                                                                                }
                                                                            ]
                                                                        }
                                                                    ]
                                                                },
                                                                {
                                                                    "Node Type": "Index Scan",
                                                                    "Parent Relationship": "Inner",
                                                                    "Parallel Aware": false,
                                                                    "Scan Direction": "Forward",
                                                                    "Index Name": "movie_id_cast_info",
                                                                    "Relation Name": "cast_info",
                                                                    "Schema": "public",
                                                                    "Alias": "ci",
                                                                    "Startup Cost": 0.56,
                                                                    "Total Cost": 1.78,
                                                                    "Plan Rows": 35,
                                                                    "Plan Width": 8,
                                                                    "Actual Startup Time": 0.008,
                                                                    "Actual Total Time": 0.044,
                                                                    "Actual Rows": 17,
                                                                    "Actual Loops": 62041,
                                                                    "Output": [
                                                                        "ci.id",
                                                                        "ci.person_id",
                                                                        "ci.movie_id",
                                                                        "ci.person_role_id",
                                                                        "ci.note",
                                                                        "ci.nr_order",
                                                                        "ci.role_id"
                                                                    ],
                                                                    "Index Cond": "(ci.movie_id = t.id)",
                                                                    "Rows Removed by Index Recheck": 0,
                                                                    "Workers": [
                                                                        {
                                                                            "Worker Number": 0,
                                                                            "Actual Startup Time": 0.008,
                                                                            "Actual Total Time": 0.045,
                                                                            "Actual Rows": 17,
                                                                            "Actual Loops": 9849
                                                                        },
                                                                        {
                                                                            "Worker Number": 1,
                                                                            "Actual Startup Time": 0.008,
                                                                            "Actual Total Time": 0.043,
                                                                            "Actual Rows": 17,
                                                                            "Actual Loops": 10629
                                                                        },
                                                                        {
                                                                            "Worker Number": 2,
                                                                            "Actual Startup Time": 0.009,
                                                                            "Actual Total Time": 0.045,
                                                                            "Actual Rows": 17,
                                                                            "Actual Loops": 9972
                                                                        },
                                                                        {
                                                                            "Worker Number": 3,
                                                                            "Actual Startup Time": 0.008,
                                                                            "Actual Total Time": 0.043,
                                                                            "Actual Rows": 17,
                                                                            "Actual Loops": 10625
                                                                        },
                                                                        {
                                                                            "Worker Number": 4,
                                                                            "Actual Startup Time": 0.008,
                                                                            "Actual Total Time": 0.041,
                                                                            "Actual Rows": 17,
                                                                            "Actual Loops": 11095
                                                                        }
                                                                    ]
                                                                }
                                                            ]
                                                        },
                                                        {
                                                            "Node Type": "Index Scan",
                                                            "Parent Relationship": "Inner",
                                                            "Parallel Aware": false,
                                                            "Scan Direction": "Forward",
                                                            "Index Name": "person_id_person_info",
                                                            "Relation Name": "person_info",
                                                            "Schema": "public",
                                                            "Alias": "pi",
                                                            "Startup Cost": 0.43,
                                                            "Total Cost": 1.44,
                                                            "Plan Rows": 2,
                                                            "Plan Width": 8,
                                                            "Actual Startup Time": 0.013,
                                                            "Actual Total Time": 0.025,
                                                            "Actual Rows": 0,
                                                            "Actual Loops": 1053048,
                                                            "Output": [
                                                                "pi.id",
                                                                "pi.person_id",
                                                                "pi.info_type_id",
                                                                "pi.info",
                                                                "pi.note"
                                                            ],
                                                            "Index Cond": "(pi.person_id = ci.person_id)",
                                                            "Rows Removed by Index Recheck": 0,
                                                            "Filter": "((pi.info ~~* '%uk%'::text) OR (pi.info ~~* '%spain%'::text) OR (pi.info ~~* '%germany%'::text) OR (pi.info ~~* '%italy%'::text) OR (pi.info ~~* '%croatia%'::text) OR (pi.info ~~* '%algeria%'::text) OR (pi.info ~~* '%south%'::text) OR (pi.info ~~* '%austria%'::text) OR (pi.info ~~* '%hungary%'::text))",
                                                            "Rows Removed by Filter": 4,
                                                            "Workers": [
                                                                {
                                                                    "Worker Number": 0,
                                                                    "Actual Startup Time": 0.013,
                                                                    "Actual Total Time": 0.026,
                                                                    "Actual Rows": 0,
                                                                    "Actual Loops": 169170
                                                                },
                                                                {
                                                                    "Worker Number": 1,
                                                                    "Actual Startup Time": 0.013,
                                                                    "Actual Total Time": 0.025,
                                                                    "Actual Rows": 0,
                                                                    "Actual Loops": 176742
                                                                },
                                                                {
                                                                    "Worker Number": 2,
                                                                    "Actual Startup Time": 0.013,
                                                                    "Actual Total Time": 0.026,
                                                                    "Actual Rows": 0,
                                                                    "Actual Loops": 164776
                                                                },
                                                                {
                                                                    "Worker Number": 3,
                                                                    "Actual Startup Time": 0.012,
                                                                    "Actual Total Time": 0.024,
                                                                    "Actual Rows": 0,
                                                                    "Actual Loops": 182799
                                                                },
                                                                {
                                                                    "Worker Number": 4,
                                                                    "Actual Startup Time": 0.012,
                                                                    "Actual Total Time": 0.023,
                                                                    "Actual Rows": 0,
                                                                    "Actual Loops": 189330
                                                                }
                                                            ]
                                                        }
                                                    ]
                                                },
                                                {
                                                    "Node Type": "Hash",
                                                    "Parent Relationship": "Inner",
                                                    "Parallel Aware": false,
                                                    "Startup Cost": 2.41,
                                                    "Total Cost": 2.41,
                                                    "Plan Rows": 2,
                                                    "Plan Width": 4,
                                                    "Actual Startup Time": 0.186,
                                                    "Actual Total Time": 0.188,
                                                    "Actual Rows": 3,
                                                    "Actual Loops": 6,
                                                    "Output": [
                                                        "it2.id"
                                                    ],
                                                    "Hash Buckets": 1024,
                                                    "Original Hash Buckets": 1024,
                                                    "Hash Batches": 1,
                                                    "Original Hash Batches": 1,
                                                    "Peak Memory Usage": 9,
                                                    "Workers": [
                                                        {
                                                            "Worker Number": 0,
                                                            "Actual Startup Time": 0.204,
                                                            "Actual Total Time": 0.207,
                                                            "Actual Rows": 3,
                                                            "Actual Loops": 1
                                                        },
                                                        {
                                                            "Worker Number": 1,
                                                            "Actual Startup Time": 0.203,
                                                            "Actual Total Time": 0.204,
                                                            "Actual Rows": 3,
                                                            "Actual Loops": 1
                                                        },
                                                        {
                                                            "Worker Number": 2,
                                                            "Actual Startup Time": 0.209,
                                                            "Actual Total Time": 0.21,
                                                            "Actual Rows": 3,
                                                            "Actual Loops": 1
                                                        },
                                                        {
                                                            "Worker Number": 3,
                                                            "Actual Startup Time": 0.211,
                                                            "Actual Total Time": 0.212,
                                                            "Actual Rows": 3,
                                                            "Actual Loops": 1
                                                        },
                                                        {
                                                            "Worker Number": 4,
                                                            "Actual Startup Time": 0.223,
                                                            "Actual Total Time": 0.224,
                                                            "Actual Rows": 3,
                                                            "Actual Loops": 1
                                                        }
                                                    ],
                                                    "Plans": [
                                                        {
                                                            "Node Type": "Seq Scan",
                                                            "Parent Relationship": "Outer",
                                                            "Parallel Aware": false,
                                                            "Relation Name": "info_type",
                                                            "Schema": "public",
                                                            "Alias": "it2",
                                                            "Startup Cost": 0.0,
                                                            "Total Cost": 2.41,
                                                            "Plan Rows": 2,
                                                            "Plan Width": 4,
                                                            "Actual Startup Time": 0.088,
                                                            "Actual Total Time": 0.163,
                                                            "Actual Rows": 3,
                                                            "Actual Loops": 6,
                                                            "Output": [
                                                                "it2.id"
                                                            ],
                                                            "Filter": "((it2.info)::text ~~* '%birth%'::text)",
                                                            "Rows Removed by Filter": 110,
                                                            "Workers": [
                                                                {
                                                                    "Worker Number": 0,
                                                                    "Actual Startup Time": 0.097,
                                                                    "Actual Total Time": 0.18,
                                                                    "Actual Rows": 3,
                                                                    "Actual Loops": 1
                                                                },
                                                                {
                                                                    "Worker Number": 1,
                                                                    "Actual Startup Time": 0.096,
                                                                    "Actual Total Time": 0.178,
                                                                    "Actual Rows": 3,
                                                                    "Actual Loops": 1
                                                                },
                                                                {
                                                                    "Worker Number": 2,
                                                                    "Actual Startup Time": 0.098,
                                                                    "Actual Total Time": 0.182,
                                                                    "Actual Rows": 3,
                                                                    "Actual Loops": 1
                                                                },
                                                                {
                                                                    "Worker Number": 3,
                                                                    "Actual Startup Time": 0.103,
                                                                    "Actual Total Time": 0.187,
                                                                    "Actual Rows": 3,
                                                                    "Actual Loops": 1
                                                                },
                                                                {
                                                                    "Worker Number": 4,
                                                                    "Actual Startup Time": 0.108,
                                                                    "Actual Total Time": 0.197,
                                                                    "Actual Rows": 3,
                                                                    "Actual Loops": 1
                                                                }
                                                            ]
                                                        }
                                                    ]
                                                }
                                            ]
                                        },
                                        {
                                            "Node Type": "Index Only Scan",
                                            "Parent Relationship": "Inner",
                                            "Parallel Aware": false,
                                            "Scan Direction": "Forward",
                                            "Index Name": "name_pkey",
                                            "Relation Name": "name",
                                            "Schema": "public",
                                            "Alias": "n",
                                            "Startup Cost": 0.43,
                                            "Total Cost": 0.46,
                                            "Plan Rows": 1,
                                            "Plan Width": 4,
                                            "Actual Startup Time": 0.008,
                                            "Actual Total Time": 0.008,
                                            "Actual Rows": 1,
                                            "Actual Loops": 71221,
                                            "Output": [
                                                "n.id"
                                            ],
                                            "Index Cond": "(n.id = ci.person_id)",
                                            "Rows Removed by Index Recheck": 0,
                                            "Heap Fetches": 71221,
                                            "Workers": [
                                                {
                                                    "Worker Number": 0,
                                                    "Actual Startup Time": 0.008,
                                                    "Actual Total Time": 0.008,
                                                    "Actual Rows": 1,
                                                    "Actual Loops": 11269
                                                },
                                                {
                                                    "Worker Number": 1,
                                                    "Actual Startup Time": 0.008,
                                                    "Actual Total Time": 0.008,
                                                    "Actual Rows": 1,
                                                    "Actual Loops": 12458
                                                },
                                                {
                                                    "Worker Number": 2,
                                                    "Actual Startup Time": 0.008,
                                                    "Actual Total Time": 0.008,
                                                    "Actual Rows": 1,
                                                    "Actual Loops": 11442
                                                },
                                                {
                                                    "Worker Number": 3,
                                                    "Actual Startup Time": 0.008,
                                                    "Actual Total Time": 0.008,
                                                    "Actual Rows": 1,
                                                    "Actual Loops": 11969
                                                },
                                                {
                                                    "Worker Number": 4,
                                                    "Actual Startup Time": 0.008,
                                                    "Actual Total Time": 0.008,
                                                    "Actual Rows": 1,
                                                    "Actual Loops": 12338
                                                }
                                            ]
                                        }
                                    ]
                                }
                            ]
                        }
                    ]
                }
            ]
        },
        "Planning Time": 343.154,
        "Triggers": [],
        "Execution Time": 6435.039
    }
]