{
  "Plan": {
    "Node Type": "Aggregate",
    "Strategy": "Plain",
    "Partial Mode": "Simple",
    "Parallel Aware": false,
    "Startup Cost": 87872.96,
    "Total Cost": 87872.97,
    "Plan Rows": 1,
    "Plan Width": 8,
    "Actual Startup Time": 658.069,
    "Actual Total Time": 658.071,
    "Actual Rows": 1,
    "Actual Loops": 1,
    "Plans": [
      {
        "Node Type": "Hash Join",
        "Parent Relationship": "Outer",
        "Parallel Aware": false,
        "Join Type": "Inner",
        "Startup Cost": 86813.04,
        "Total Cost": 87872.21,
        "Plan Rows": 302,
        "Plan Width": 0,
        "Actual Startup Time": 657.721,
        "Actual Total Time": 658.047,
        "Actual Rows": 375,
        "Actual Loops": 1,
        "Inner Unique": true,
        "Hash Cond": "(ci.movie_id = t.id)",
        "Plans": [
          {
            "Node Type": "Index Scan",
            "Parent Relationship": "Outer",
            "Parallel Aware": false,
            "Scan Direction": "Forward",
            "Index Name": "person_id_cast_info",
            "Relation Name": "cast_info",
            "Alias": "ci",
            "Startup Cost": 0.56,
            "Total Cost": 1058.43,
            "Plan Rows": 497,
            "Plan Width": 4,
            "Actual Startup Time": 0.158,
            "Actual Total Time": 0.208,
            "Actual Rows": 375,
            "Actual Loops": 1,
            "Index Cond": "(person_id = 1300521)",
            "Rows Removed by Index Recheck": 0
          },
          {
            "Node Type": "Hash",
            "Parent Relationship": "Inner",
            "Parallel Aware": false,
            "Startup Cost": 67601.66,
            "Total Cost": 67601.66,
            "Plan Rows": 1536865,
            "Plan Width": 4,
            "Actual Startup Time": 651.195,
            "Actual Total Time": 651.195,
            "Actual Rows": 1543264,
            "Actual Loops": 1,
            "Hash Buckets": 2097152,
            "Original Hash Buckets": 2097152,
            "Hash Batches": 1,
            "Original Hash Batches": 1,
            "Peak Memory Usage": 70640,
            "Plans": [
              {
                "Node Type": "Seq Scan",
                "Parent Relationship": "Outer",
                "Parallel Aware": false,
                "Relation Name": "title",
                "Alias": "t",
                "Startup Cost": 0.0,
                "Total Cost": 67601.66,
                "Plan Rows": 1536865,
                "Plan Width": 4,
                "Actual Startup Time": 0.033,
                "Actual Total Time": 289.18,
                "Actual Rows": 1543264,
                "Actual Loops": 1,
                "Filter": "(kind_id = 7)",
                "Rows Removed by Filter": 985048
              }
            ]
          }
        ]
      }
    ]
  },
  "Planning Time": 0.728,
  "Triggers": [],
  "Execution Time": 661.716
}