[
  {
    "Plan": {
      "Node Type": "Aggregate",
      "Strategy": "Plain",
      "Partial Mode": "Finalize",
      "Parallel Aware": false,
      "Startup Cost": 39652.26,
      "Total Cost": 39652.27,
      "Plan Rows": 1,
      "Plan Width": 8,
      "Actual Startup Time": 63.442,
      "Actual Total Time": 67.994,
      "Actual Rows": 1,
      "Actual Loops": 1,
      "Plans": [
        {
          "Node Type": "Gather",
          "Parent Relationship": "Outer",
          "Parallel Aware": false,
          "Startup Cost": 39651.84,
          "Total Cost": 39652.25,
          "Plan Rows": 4,
          "Plan Width": 8,
          "Actual Startup Time": 63.166,
          "Actual Total Time": 67.983,
          "Actual Rows": 5,
          "Actual Loops": 1,
          "Workers Planned": 4,
          "Workers Launched": 4,
          "Single Copy": false,
          "Plans": [
            {
              "Node Type": "Aggregate",
              "Strategy": "Plain",
              "Partial Mode": "Partial",
              "Parent Relationship": "Outer",
              "Parallel Aware": false,
              "Startup Cost": 38651.84,
              "Total Cost": 38651.85,
              "Plan Rows": 1,
              "Plan Width": 8,
              "Actual Startup Time": 53.319,
              "Actual Total Time": 53.321,
              "Actual Rows": 1,
              "Actual Loops": 5,
              "Plans": [
                {
                  "Node Type": "Bitmap Heap Scan",
                  "Parent Relationship": "Outer",
                  "Parallel Aware": true,
                  "Relation Name": "title",
                  "Alias": "t",
                  "Startup Cost": 2176.19,
                  "Total Cost": 38629.62,
                  "Plan Rows": 8889,
                  "Plan Width": 0,
                  "Actual Startup Time": 15.02,
                  "Actual Total Time": 53.012,
                  "Actual Rows": 1851,
                  "Actual Loops": 5,
                  "Recheck Cond": "(kind_id = 4)",
                  "Rows Removed by Index Recheck": 0,
                  "Filter": "(production_year < 1993)",
                  "Rows Removed by Filter": 21796,
                  "Exact Heap Blocks": 7376,
                  "Lossy Heap Blocks": 0,
                  "Plans": [
                    {
                      "Node Type": "Bitmap Index Scan",
                      "Parent Relationship": "Outer",
                      "Parallel Aware": false,
                      "Index Name": "kind_id_title",
                      "Startup Cost": 0.0,
                      "Total Cost": 2167.3,
                      "Plan Rows": 121449,
                      "Plan Width": 0,
                      "Actual Startup Time": 19.382,
                      "Actual Total Time": 19.382,
                      "Actual Rows": 118234,
                      "Actual Loops": 1,
                      "Index Cond": "(kind_id = 4)"
                    }
                  ]
                }
              ]
            }
          ]
        }
      ]
    },
    "Planning Time": 0.193,
    "Triggers": [],
    "Execution Time": 68.074
  }
]