[
  {
    "Plan": {
      "Node Type": "Aggregate",
      "Strategy": "Plain",
      "Partial Mode": "Finalize",
      "Parallel Aware": false,
      "Startup Cost": 301664.37,
      "Total Cost": 301664.38,
      "Plan Rows": 1,
      "Plan Width": 8,
      "Actual Startup Time": 3390.147,
      "Actual Total Time": 3434.368,
      "Actual Rows": 1,
      "Actual Loops": 1,
      "Plans": [
        {
          "Node Type": "Gather",
          "Parent Relationship": "Outer",
          "Parallel Aware": false,
          "Startup Cost": 301663.84,
          "Total Cost": 301664.35,
          "Plan Rows": 5,
          "Plan Width": 8,
          "Actual Startup Time": 3381.446,
          "Actual Total Time": 3434.357,
          "Actual Rows": 6,
          "Actual Loops": 1,
          "Workers Planned": 5,
          "Workers Launched": 5,
          "Single Copy": false,
          "Plans": [
            {
              "Node Type": "Aggregate",
              "Strategy": "Plain",
              "Partial Mode": "Partial",
              "Parent Relationship": "Outer",
              "Parallel Aware": false,
              "Startup Cost": 300663.84,
              "Total Cost": 300663.85,
              "Plan Rows": 1,
              "Plan Width": 8,
              "Actual Startup Time": 3370.645,
              "Actual Total Time": 3370.799,
              "Actual Rows": 1,
              "Actual Loops": 6,
              "Plans": [
                {
                  "Node Type": "Hash Join",
                  "Parent Relationship": "Outer",
                  "Parallel Aware": true,
                  "Join Type": "Inner",
                  "Startup Cost": 92831.34,
                  "Total Cost": 298400.22,
                  "Plan Rows": 905449,
                  "Plan Width": 0,
                  "Actual Startup Time": 368.459,
                  "Actual Total Time": 2473.468,
                  "Actual Rows": 21149316,
                  "Actual Loops": 6,
                  "Inner Unique": false,
                  "Hash Cond": "(mi.movie_id = t.id)",
                  "Plans": [
                    {
                      "Node Type": "Seq Scan",
                      "Parent Relationship": "Outer",
                      "Parallel Aware": true,
                      "Relation Name": "movie_info",
                      "Alias": "mi",
                      "Startup Cost": 0.0,
                      "Total Cost": 191560.33,
                      "Plan Rows": 2956733,
                      "Plan Width": 4,
                      "Actual Startup Time": 0.033,
                      "Actual Total Time": 286.182,
                      "Actual Rows": 2472620,
                      "Actual Loops": 6
                    },
                    {
                      "Node Type": "Hash",
                      "Parent Relationship": "Inner",
                      "Parallel Aware": true,
                      "Startup Cost": 89709.38,
                      "Total Cost": 89709.38,
                      "Plan Rows": 249757,
                      "Plan Width": 8,
                      "Actual Startup Time": 352.399,
                      "Actual Total Time": 352.552,
                      "Actual Rows": 223575,
                      "Actual Loops": 6,
                      "Hash Buckets": 2097152,
                      "Original Hash Buckets": 1048576,
                      "Hash Batches": 1,
                      "Original Hash Batches": 1,
                      "Peak Memory Usage": 77184,
                      "Plans": [
                        {
                          "Node Type": "Hash Join",
                          "Parent Relationship": "Outer",
                          "Parallel Aware": true,
                          "Join Type": "Inner",
                          "Startup Cost": 46831.3,
                          "Total Cost": 89709.38,
                          "Plan Rows": 249757,
                          "Plan Width": 8,
                          "Actual Startup Time": 136.76,
                          "Actual Total Time": 267.261,
                          "Actual Rows": 223575,
                          "Actual Loops": 6,
                          "Inner Unique": true,
                          "Hash Cond": "(mk.movie_id = t.id)",
                          "Plans": [
                            {
                              "Node Type": "Seq Scan",
                              "Parent Relationship": "Outer",
                              "Parallel Aware": true,
                              "Relation Name": "movie_keyword",
                              "Alias": "mk",
                              "Startup Cost": 0.0,
                              "Total Cost": 39047.32,
                              "Plan Rows": 1459332,
                              "Plan Width": 4,
                              "Actual Startup Time": 0.027,
                              "Actual Total Time": 66.926,
                              "Actual Rows": 753988,
                              "Actual Loops": 6
                            },
                            {
                              "Node Type": "Hash",
                              "Parent Relationship": "Inner",
                              "Parallel Aware": true,
                              "Startup Cost": 45479.1,
                              "Total Cost": 45479.1,
                              "Plan Rows": 108176,
                              "Plan Width": 4,
                              "Actual Startup Time": 109.322,
                              "Actual Total Time": 109.323,
                              "Actual Rows": 52448,
                              "Actual Loops": 6,
                              "Hash Buckets": 524288,
                              "Original Hash Buckets": 524288,
                              "Hash Batches": 1,
                              "Original Hash Batches": 1,
                              "Peak Memory Usage": 16512,
                              "Plans": [
                                {
                                  "Node Type": "Seq Scan",
                                  "Parent Relationship": "Outer",
                                  "Parallel Aware": true,
                                  "Relation Name": "title",
                                  "Alias": "t",
                                  "Startup Cost": 0.0,
                                  "Total Cost": 45479.1,
                                  "Plan Rows": 108176,
                                  "Plan Width": 4,
                                  "Actual Startup Time": 46.302,
                                  "Actual Total Time": 85.816,
                                  "Actual Rows": 52448,
                                  "Actual Loops": 6,
                                  "Filter": "((production_year > 1994) AND (kind_id = 1))",
                                  "Rows Removed by Filter": 368938
                                }
                              ]
                            }
                          ]
                        }
                      ]
                    }
                  ]
                }
              ]
            }
          ]
        }
      ]
    },
    "Planning Time": 1.289,
    "Triggers": [],
    "Execution Time": 3434.454
  }
]