[
  {
    "Plan": {
      "Node Type": "Aggregate",
      "Strategy": "Plain",
      "Partial Mode": "Simple",
      "Parallel Aware": false,
      "Startup Cost": 27451.43,
      "Total Cost": 27451.44,
      "Plan Rows": 1,
      "Plan Width": 8,
      "Actual Startup Time": 73.755,
      "Actual Total Time": 73.756,
      "Actual Rows": 1,
      "Actual Loops": 1,
      "Plans": [
        {
          "Node Type": "Bitmap Heap Scan",
          "Parent Relationship": "Outer",
          "Parallel Aware": false,
          "Relation Name": "movie_keyword",
          "Alias": "mk",
          "Startup Cost": 1757.21,
          "Total Cost": 27244.72,
          "Plan Rows": 82681,
          "Plan Width": 0,
          "Actual Startup Time": 27.423,
          "Actual Total Time": 69.471,
          "Actual Rows": 88988,
          "Actual Loops": 1,
          "Recheck Cond": "(keyword_id < 76)",
          "Rows Removed by Index Recheck": 0,
          "Exact Heap Blocks": 20878,
          "Lossy Heap Blocks": 0,
          "Plans": [
            {
              "Node Type": "Bitmap Index Scan",
              "Parent Relationship": "Outer",
              "Parallel Aware": false,
              "Index Name": "keyword_id_movie_keyword",
              "Startup Cost": 0.0,
              "Total Cost": 1736.54,
              "Plan Rows": 82681,
              "Plan Width": 0,
              "Actual Startup Time": 20.189,
              "Actual Total Time": 20.189,
              "Actual Rows": 88988,
              "Actual Loops": 1,
              "Index Cond": "(keyword_id < 76)"
            }
          ]
        }
      ]
    },
    "Planning Time": 0.218,
    "Triggers": [],
    "Execution Time": 73.949
  }
]