[
    {
        "Bao": {
            "Bao prediction": "NaN",
            "Bao recommended hint": "(no hint)"
        }
    },
    {
        "Plan": {
            "Node Type": "Aggregate",
            "Strategy": "Plain",
            "Partial Mode": "Finalize",
            "Parallel Aware": false,
            "Startup Cost": 81310.67,
            "Total Cost": 81310.68,
            "Plan Rows": 1,
            "Plan Width": 8,
            "Actual Startup Time": 293.027,
            "Actual Total Time": 303.198,
            "Actual Rows": 1,
            "Actual Loops": 1,
            "Output": [
                "count(*)"
            ],
            "Plans": [
                {
                    "Node Type": "Gather",
                    "Parent Relationship": "Outer",
                    "Parallel Aware": false,
                    "Startup Cost": 81310.35,
                    "Total Cost": 81310.66,
                    "Plan Rows": 3,
                    "Plan Width": 8,
                    "Actual Startup Time": 289.42,
                    "Actual Total Time": 303.19,
                    "Actual Rows": 4,
                    "Actual Loops": 1,
                    "Output": [
                        "(PARTIAL count(*))"
                    ],
                    "Workers Planned": 3,
                    "Workers Launched": 3,
                    "Single Copy": false,
                    "Plans": [
                        {
                            "Node Type": "Aggregate",
                            "Strategy": "Plain",
                            "Partial Mode": "Partial",
                            "Parent Relationship": "Outer",
                            "Parallel Aware": false,
                            "Startup Cost": 80310.35,
                            "Total Cost": 80310.36,
                            "Plan Rows": 1,
                            "Plan Width": 8,
                            "Actual Startup Time": 280.414,
                            "Actual Total Time": 280.418,
                            "Actual Rows": 1,
                            "Actual Loops": 4,
                            "Output": [
                                "PARTIAL count(*)"
                            ],
                            "Workers": [
                                {
                                    "Worker Number": 0,
                                    "Actual Startup Time": 277.006,
                                    "Actual Total Time": 277.01,
                                    "Actual Rows": 1,
                                    "Actual Loops": 1
                                },
                                {
                                    "Worker Number": 1,
                                    "Actual Startup Time": 277.535,
                                    "Actual Total Time": 277.538,
                                    "Actual Rows": 1,
                                    "Actual Loops": 1
                                },
                                {
                                    "Worker Number": 2,
                                    "Actual Startup Time": 278.279,
                                    "Actual Total Time": 278.283,
                                    "Actual Rows": 1,
                                    "Actual Loops": 1
                                }
                            ],
                            "Plans": [
                                {
                                    "Node Type": "Hash Join",
                                    "Parent Relationship": "Outer",
                                    "Parallel Aware": true,
                                    "Join Type": "Inner",
                                    "Startup Cost": 54006.35,
                                    "Total Cost": 80219.95,
                                    "Plan Rows": 36162,
                                    "Plan Width": 0,
                                    "Actual Startup Time": 204.999,
                                    "Actual Total Time": 279.385,
                                    "Actual Rows": 14867,
                                    "Actual Loops": 4,
                                    "Inner Unique": true,
                                    "Hash Cond": "(mk.movie_id = t.id)",
                                    "Workers": [
                                        {
                                            "Worker Number": 0,
                                            "Actual Startup Time": 201.816,
                                            "Actual Total Time": 276.127,
                                            "Actual Rows": 12911,
                                            "Actual Loops": 1
                                        },
                                        {
                                            "Worker Number": 1,
                                            "Actual Startup Time": 202.335,
                                            "Actual Total Time": 276.497,
                                            "Actual Rows": 13699,
                                            "Actual Loops": 1
                                        },
                                        {
                                            "Worker Number": 2,
                                            "Actual Startup Time": 202.463,
                                            "Actual Total Time": 277.177,
                                            "Actual Rows": 10724,
                                            "Actual Loops": 1
                                        }
                                    ],
                                    "Plans": [
                                        {
                                            "Node Type": "Bitmap Heap Scan",
                                            "Parent Relationship": "Outer",
                                            "Parallel Aware": true,
                                            "Relation Name": "movie_keyword",
                                            "Schema": "public",
                                            "Alias": "mk",
                                            "Startup Cost": 7651.43,
                                            "Total Cost": 33559.64,
                                            "Plan Rows": 116337,
                                            "Plan Width": 4,
                                            "Actual Startup Time": 22.452,
                                            "Actual Total Time": 70.976,
                                            "Actual Rows": 90923,
                                            "Actual Loops": 4,
                                            "Output": [
                                                "mk.id",
                                                "mk.movie_id",
                                                "mk.keyword_id"
                                            ],
                                            "Recheck Cond": "(mk.keyword_id < 335)",
                                            "Rows Removed by Index Recheck": 0,
                                            "Exact Heap Blocks": 9034,
                                            "Lossy Heap Blocks": 0,
                                            "Workers": [
                                                {
                                                    "Worker Number": 0,
                                                    "Actual Startup Time": 22.506,
                                                    "Actual Total Time": 72.339,
                                                    "Actual Rows": 79406,
                                                    "Actual Loops": 1
                                                },
                                                {
                                                    "Worker Number": 1,
                                                    "Actual Startup Time": 22.467,
                                                    "Actual Total Time": 72.184,
                                                    "Actual Rows": 86862,
                                                    "Actual Loops": 1
                                                },
                                                {
                                                    "Worker Number": 2,
                                                    "Actual Startup Time": 22.425,
                                                    "Actual Total Time": 73.178,
                                                    "Actual Rows": 63790,
                                                    "Actual Loops": 1
                                                }
                                            ],
                                            "Plans": [
                                                {
                                                    "Node Type": "Bitmap Index Scan",
                                                    "Parent Relationship": "Outer",
                                                    "Parallel Aware": false,
                                                    "Index Name": "keyword_id_movie_keyword",
                                                    "Startup Cost": 0.0,
                                                    "Total Cost": 7561.27,
                                                    "Plan Rows": 360645,
                                                    "Plan Width": 0,
                                                    "Actual Startup Time": 18.833,
                                                    "Actual Total Time": 18.833,
                                                    "Actual Rows": 363692,
                                                    "Actual Loops": 1,
                                                    "Index Cond": "(mk.keyword_id < 335)"
                                                }
                                            ]
                                        },
                                        {
                                            "Node Type": "Hash",
                                            "Parent Relationship": "Inner",
                                            "Parallel Aware": true,
                                            "Startup Cost": 43899.01,
                                            "Total Cost": 43899.01,
                                            "Plan Rows": 196473,
                                            "Plan Width": 4,
                                            "Actual Startup Time": 177.371,
                                            "Actual Total Time": 177.372,
                                            "Actual Rows": 196232,
                                            "Actual Loops": 4,
                                            "Output": [
                                                "t.id"
                                            ],
                                            "Hash Buckets": 1048576,
                                            "Original Hash Buckets": 1048576,
                                            "Hash Batches": 1,
                                            "Original Hash Batches": 1,
                                            "Peak Memory Usage": 38944,
                                            "Workers": [
                                                {
                                                    "Worker Number": 0,
                                                    "Actual Startup Time": 178.697,
                                                    "Actual Total Time": 178.698,
                                                    "Actual Rows": 182897,
                                                    "Actual Loops": 1
                                                },
                                                {
                                                    "Worker Number": 1,
                                                    "Actual Startup Time": 179.191,
                                                    "Actual Total Time": 179.192,
                                                    "Actual Rows": 196115,
                                                    "Actual Loops": 1
                                                },
                                                {
                                                    "Worker Number": 2,
                                                    "Actual Startup Time": 179.4,
                                                    "Actual Total Time": 179.4,
                                                    "Actual Rows": 138180,
                                                    "Actual Loops": 1
                                                }
                                            ],
                                            "Plans": [
                                                {
                                                    "Node Type": "Seq Scan",
                                                    "Parent Relationship": "Outer",
                                                    "Parallel Aware": true,
                                                    "Relation Name": "title",
                                                    "Schema": "public",
                                                    "Alias": "t",
                                                    "Startup Cost": 0.0,
                                                    "Total Cost": 43899.01,
                                                    "Plan Rows": 196473,
                                                    "Plan Width": 4,
                                                    "Actual Startup Time": 0.039,
                                                    "Actual Total Time": 101.692,
                                                    "Actual Rows": 196232,
                                                    "Actual Loops": 4,
                                                    "Output": [
                                                        "t.id"
                                                    ],
                                                    "Filter": "(t.production_year > 2007)",
                                                    "Rows Removed by Filter": 435846,
                                                    "Workers": [
                                                        {
                                                            "Worker Number": 0,
                                                            "Actual Startup Time": 0.037,
                                                            "Actual Total Time": 99.07,
                                                            "Actual Rows": 182897,
                                                            "Actual Loops": 1
                                                        },
                                                        {
                                                            "Worker Number": 1,
                                                            "Actual Startup Time": 0.042,
                                                            "Actual Total Time": 104.35,
                                                            "Actual Rows": 196115,
                                                            "Actual Loops": 1
                                                        },
                                                        {
                                                            "Worker Number": 2,
                                                            "Actual Startup Time": 0.058,
                                                            "Actual Total Time": 106.756,
                                                            "Actual Rows": 138180,
                                                            "Actual Loops": 1
                                                        }
                                                    ]
                                                }
                                            ]
                                        }
                                    ]
                                }
                            ]
                        }
                    ]
                }
            ]
        },
        "Planning Time": 235.579,
        "Triggers": [],
        "Execution Time": 303.302
    }
]