[
  {
    "Plan": {
      "Node Type": "Aggregate",
      "Strategy": "Plain",
      "Partial Mode": "Finalize",
      "Parallel Aware": false,
      "Startup Cost": 45511.18,
      "Total Cost": 45511.19,
      "Plan Rows": 1,
      "Plan Width": 8,
      "Actual Startup Time": 140.327,
      "Actual Total Time": 150.101,
      "Actual Rows": 1,
      "Actual Loops": 1,
      "Plans": [
        {
          "Node Type": "Gather",
          "Parent Relationship": "Outer",
          "Parallel Aware": false,
          "Startup Cost": 45510.86,
          "Total Cost": 45511.17,
          "Plan Rows": 3,
          "Plan Width": 8,
          "Actual Startup Time": 140.212,
          "Actual Total Time": 150.092,
          "Actual Rows": 4,
          "Actual Loops": 1,
          "Workers Planned": 3,
          "Workers Launched": 3,
          "Single Copy": false,
          "Plans": [
            {
              "Node Type": "Aggregate",
              "Strategy": "Plain",
              "Partial Mode": "Partial",
              "Parent Relationship": "Outer",
              "Parallel Aware": false,
              "Startup Cost": 44510.86,
              "Total Cost": 44510.87,
              "Plan Rows": 1,
              "Plan Width": 8,
              "Actual Startup Time": 135.685,
              "Actual Total Time": 135.686,
              "Actual Rows": 1,
              "Actual Loops": 4,
              "Plans": [
                {
                  "Node Type": "Seq Scan",
                  "Parent Relationship": "Outer",
                  "Parallel Aware": true,
                  "Relation Name": "movie_keyword",
                  "Alias": "mk",
                  "Startup Cost": 0.0,
                  "Total Cost": 42695.65,
                  "Plan Rows": 726083,
                  "Plan Width": 0,
                  "Actual Startup Time": 0.035,
                  "Actual Total Time": 110.23,
                  "Actual Rows": 564982,
                  "Actual Loops": 4,
                  "Filter": "(keyword_id < 4684)",
                  "Rows Removed by Filter": 566001
                }
              ]
            }
          ]
        }
      ]
    },
    "Planning Time": 0.185,
    "Triggers": [],
    "Execution Time": 150.155
  }
]