[
  {
    "Plan": {
      "Node Type": "Aggregate",
      "Strategy": "Plain",
      "Partial Mode": "Simple",
      "Parallel Aware": false,
      "Startup Cost": 22227.91,
      "Total Cost": 22227.92,
      "Plan Rows": 1,
      "Plan Width": 96,
      "Actual Startup Time": 1752.661,
      "Actual Total Time": 1752.667,
      "Actual Rows": 1,
      "Actual Loops": 1,
      "Plans": [
        {
          "Node Type": "Hash Join",
          "Parent Relationship": "Outer",
          "Parallel Aware": false,
          "Join Type": "Inner",
          "Startup Cost": 4965.95,
          "Total Cost": 22227.89,
          "Plan Rows": 2,
          "Plan Width": 42,
          "Actual Startup Time": 27.625,
          "Actual Total Time": 1751.221,
          "Actual Rows": 5318,
          "Actual Loops": 1,
          "Inner Unique": true,
          "Hash Cond": "(mi.info_type_id = it1.id)",
          "Plans": [
            {
              "Node Type": "Nested Loop",
              "Parent Relationship": "Outer",
              "Parallel Aware": false,
              "Join Type": "Inner",
              "Startup Cost": 4951.82,
              "Total Cost": 22213.09,
              "Plan Rows": 247,
              "Plan Width": 46,
              "Actual Startup Time": 27.572,
              "Actual Total Time": 1749.348,
              "Actual Rows": 5595,
              "Actual Loops": 1,
              "Inner Unique": false,
              "Join Filter": "(t.id = mi.movie_id)",
              "Rows Removed by Join Filter": 0,
              "Plans": [
                {
                  "Node Type": "Nested Loop",
                  "Parent Relationship": "Outer",
                  "Parallel Aware": false,
                  "Join Type": "Inner",
                  "Startup Cost": 4951.38,
                  "Total Cost": 21578.6,
                  "Plan Rows": 407,
                  "Plan Width": 54,
                  "Actual Startup Time": 24.269,
                  "Actual Total Time": 1079.708,
                  "Actual Rows": 41738,
                  "Actual Loops": 1,
                  "Inner Unique": true,
                  "Plans": [
                    {
                      "Node Type": "Hash Join",
                      "Parent Relationship": "Outer",
                      "Parallel Aware": false,
                      "Join Type": "Inner",
                      "Startup Cost": 4950.96,
                      "Total Cost": 21077.8,
                      "Plan Rows": 1123,
                      "Plan Width": 39,
                      "Actual Startup Time": 24.24,
                      "Actual Total Time": 875.43,
                      "Actual Rows": 86124,
                      "Actual Loops": 1,
                      "Inner Unique": true,
                      "Hash Cond": "(mc.company_type_id = ct.id)",
                      "Plans": [
                        {
                          "Node Type": "Nested Loop",
                          "Parent Relationship": "Outer",
                          "Parallel Aware": false,
                          "Join Type": "Inner",
                          "Startup Cost": 4938.75,
                          "Total Cost": 21041.31,
                          "Plan Rows": 4492,
                          "Plan Width": 43,
                          "Actual Startup Time": 24.195,
                          "Actual Total Time": 849.513,
                          "Actual Rows": 196747,
                          "Actual Loops": 1,
                          "Inner Unique": false,
                          "Plans": [
                            {
                              "Node Type": "Nested Loop",
                              "Parent Relationship": "Outer",
                              "Parallel Aware": false,
                              "Join Type": "Inner",
                              "Startup Cost": 4938.32,
                              "Total Cost": 20453.19,
                              "Plan Rows": 823,
                              "Plan Width": 31,
                              "Actual Startup Time": 24.185,
                              "Actual Total Time": 639.426,
                              "Actual Rows": 68160,
                              "Actual Loops": 1,
                              "Inner Unique": true,
                              "Plans": [
                                {
                                  "Node Type": "Nested Loop",
                                  "Parent Relationship": "Outer",
                                  "Parallel Aware": false,
                                  "Join Type": "Inner",
                                  "Startup Cost": 4937.89,
                                  "Total Cost": 17637.65,
                                  "Plan Rows": 2702,
                                  "Plan Width": 10,
                                  "Actual Startup Time": 23.956,
                                  "Actual Total Time": 137.924,
                                  "Actual Rows": 194914,
                                  "Actual Loops": 1,
                                  "Inner Unique": false,
                                  "Plans": [
                                    {
                                      "Node Type": "Index Scan",
                                      "Parent Relationship": "Outer",
                                      "Parallel Aware": false,
                                      "Scan Direction": "Forward",
                                      "Index Name": "info_type_pkey",
                                      "Relation Name": "info_type",
                                      "Alias": "it2",
                                      "Startup Cost": 0.14,
                                      "Total Cost": 14.12,
                                      "Plan Rows": 1,
                                      "Plan Width": 4,
                                      "Actual Startup Time": 0.018,
                                      "Actual Total Time": 0.023,
                                      "Actual Rows": 1,
                                      "Actual Loops": 1,
                                      "Filter": "((info)::text = 'rating'::text)",
                                      "Rows Removed by Filter": 112
                                    },
                                    {
                                      "Node Type": "Bitmap Heap Scan",
                                      "Parent Relationship": "Inner",
                                      "Parallel Aware": false,
                                      "Relation Name": "movie_info_idx",
                                      "Alias": "mi_idx",
                                      "Startup Cost": 4937.75,
                                      "Total Cost": 17012.85,
                                      "Plan Rows": 61068,
                                      "Plan Width": 14,
                                      "Actual Startup Time": 23.934,
                                      "Actual Total Time": 122.34,
                                      "Actual Rows": 194914,
                                      "Actual Loops": 1,
                                      "Recheck Cond": "(info_type_id = it2.id)",
                                      "Rows Removed by Index Recheck": 0,
                                      "Filter": "(info > '6.5'::text)",
                                      "Rows Removed by Filter": 265011,
                                      "Exact Heap Blocks": 7934,
                                      "Lossy Heap Blocks": 0,
                                      "Plans": [
                                        {
                                          "Node Type": "Bitmap Index Scan",
                                          "Parent Relationship": "Outer",
                                          "Parallel Aware": false,
                                          "Index Name": "info_type_id_movie_info_idx",
                                          "Startup Cost": 0.0,
                                          "Total Cost": 4922.48,
                                          "Plan Rows": 276007,
                                          "Plan Width": 0,
                                          "Actual Startup Time": 23.024,
                                          "Actual Total Time": 23.024,
                                          "Actual Rows": 459925,
                                          "Actual Loops": 1,
                                          "Index Cond": "(info_type_id = it2.id)"
                                        }
                                      ]
                                    }
                                  ]
                                },
                                {
                                  "Node Type": "Index Scan",
                                  "Parent Relationship": "Inner",
                                  "Parallel Aware": false,
                                  "Scan Direction": "Forward",
                                  "Index Name": "title_pkey",
                                  "Relation Name": "title",
                                  "Alias": "t",
                                  "Startup Cost": 0.43,
                                  "Total Cost": 1.04,
                                  "Plan Rows": 1,
                                  "Plan Width": 21,
                                  "Actual Startup Time": 0.002,
                                  "Actual Total Time": 0.002,
                                  "Actual Rows": 0,
                                  "Actual Loops": 194914,
                                  "Index Cond": "(id = mi_idx.movie_id)",
                                  "Rows Removed by Index Recheck": 0,
                                  "Filter": "((production_year >= 1994) AND (production_year <= 2006))",
                                  "Rows Removed by Filter": 1
                                }
                              ]
                            },
                            {
                              "Node Type": "Index Scan",
                              "Parent Relationship": "Inner",
                              "Parallel Aware": false,
                              "Scan Direction": "Forward",
                              "Index Name": "movie_id_movie_companies",
                              "Relation Name": "movie_companies",
                              "Alias": "mc",
                              "Startup Cost": 0.43,
                              "Total Cost": 0.66,
                              "Plan Rows": 5,
                              "Plan Width": 12,
                              "Actual Startup Time": 0.002,
                              "Actual Total Time": 0.003,
                              "Actual Rows": 3,
                              "Actual Loops": 68160,
                              "Index Cond": "(movie_id = t.id)",
                              "Rows Removed by Index Recheck": 0
                            }
                          ]
                        },
                        {
                          "Node Type": "Hash",
                          "Parent Relationship": "Inner",
                          "Parallel Aware": false,
                          "Startup Cost": 12.2,
                          "Total Cost": 12.2,
                          "Plan Rows": 1,
                          "Plan Width": 4,
                          "Actual Startup Time": 0.012,
                          "Actual Total Time": 0.013,
                          "Actual Rows": 1,
                          "Actual Loops": 1,
                          "Hash Buckets": 1024,
                          "Original Hash Buckets": 1024,
                          "Hash Batches": 1,
                          "Original Hash Batches": 1,
                          "Peak Memory Usage": 9,
                          "Plans": [
                            {
                              "Node Type": "Index Scan",
                              "Parent Relationship": "Outer",
                              "Parallel Aware": false,
                              "Scan Direction": "Forward",
                              "Index Name": "company_type_pkey",
                              "Relation Name": "company_type",
                              "Alias": "ct",
                              "Startup Cost": 0.13,
                              "Total Cost": 12.2,
                              "Plan Rows": 1,
                              "Plan Width": 4,
                              "Actual Startup Time": 0.008,
                              "Actual Total Time": 0.01,
                              "Actual Rows": 1,
                              "Actual Loops": 1,
                              "Filter": "((kind)::text = 'production companies'::text)",
                              "Rows Removed by Filter": 3
                            }
                          ]
                        }
                      ]
                    },
                    {
                      "Node Type": "Index Scan",
                      "Parent Relationship": "Inner",
                      "Parallel Aware": false,
                      "Scan Direction": "Forward",
                      "Index Name": "company_name_pkey",
                      "Relation Name": "company_name",
                      "Alias": "cn",
                      "Startup Cost": 0.42,
                      "Total Cost": 0.45,
                      "Plan Rows": 1,
                      "Plan Width": 23,
                      "Actual Startup Time": 0.002,
                      "Actual Total Time": 0.002,
                      "Actual Rows": 0,
                      "Actual Loops": 86124,
                      "Index Cond": "(id = mc.company_id)",
                      "Rows Removed by Index Recheck": 0,
                      "Filter": "((country_code)::text = '[us]'::text)",
                      "Rows Removed by Filter": 1
                    }
                  ]
                },
                {
                  "Node Type": "Index Scan",
                  "Parent Relationship": "Inner",
                  "Parallel Aware": false,
                  "Scan Direction": "Forward",
                  "Index Name": "movie_id_movie_info",
                  "Relation Name": "movie_info",
                  "Alias": "mi",
                  "Startup Cost": 0.43,
                  "Total Cost": 1.55,
                  "Plan Rows": 1,
                  "Plan Width": 8,
                  "Actual Startup Time": 0.016,
                  "Actual Total Time": 0.016,
                  "Actual Rows": 0,
                  "Actual Loops": 41738,
                  "Index Cond": "(movie_id = mc.movie_id)",
                  "Rows Removed by Index Recheck": 0,
                  "Filter": "(info = ANY ('{Western,Drama}'::text[]))",
                  "Rows Removed by Filter": 33
                }
              ]
            },
            {
              "Node Type": "Hash",
              "Parent Relationship": "Inner",
              "Parallel Aware": false,
              "Startup Cost": 14.12,
              "Total Cost": 14.12,
              "Plan Rows": 1,
              "Plan Width": 4,
              "Actual Startup Time": 0.029,
              "Actual Total Time": 0.029,
              "Actual Rows": 1,
              "Actual Loops": 1,
              "Hash Buckets": 1024,
              "Original Hash Buckets": 1024,
              "Hash Batches": 1,
              "Original Hash Batches": 1,
              "Peak Memory Usage": 9,
              "Plans": [
                {
                  "Node Type": "Index Scan",
                  "Parent Relationship": "Outer",
                  "Parallel Aware": false,
                  "Scan Direction": "Forward",
                  "Index Name": "info_type_pkey",
                  "Relation Name": "info_type",
                  "Alias": "it1",
                  "Startup Cost": 0.14,
                  "Total Cost": 14.12,
                  "Plan Rows": 1,
                  "Plan Width": 4,
                  "Actual Startup Time": 0.012,
                  "Actual Total Time": 0.024,
                  "Actual Rows": 1,
                  "Actual Loops": 1,
                  "Filter": "((info)::text = 'genres'::text)",
                  "Rows Removed by Filter": 112
                }
              ]
            }
          ]
        }
      ]
    },
    "Planning Time": 8.603,
    "Triggers": [],
    "Execution Time": 1752.972
  }
]