[
    {
        "Bao": {
            "Bao prediction": 148.127,
            "Bao recommended hint": "(no hint)"
        }
    },
    {
        "Plan": {
            "Node Type": "Aggregate",
            "Strategy": "Plain",
            "Partial Mode": "Simple",
            "Parallel Aware": false,
            "Startup Cost": 48832.97,
            "Total Cost": 48832.98,
            "Plan Rows": 1,
            "Plan Width": 64,
            "Actual Startup Time": 200.891,
            "Actual Total Time": 216.621,
            "Actual Rows": 1,
            "Actual Loops": 1,
            "Output": [
                "min(n.name)",
                "min(t.title)"
            ],
            "Plans": [
                {
                    "Node Type": "Nested Loop",
                    "Parent Relationship": "Outer",
                    "Parallel Aware": false,
                    "Join Type": "Inner",
                    "Startup Cost": 1003.41,
                    "Total Cost": 48832.97,
                    "Plan Rows": 1,
                    "Plan Width": 32,
                    "Actual Startup Time": 19.824,
                    "Actual Total Time": 216.599,
                    "Actual Rows": 3,
                    "Actual Loops": 1,
                    "Output": [
                        "n.name",
                        "t.title"
                    ],
                    "Inner Unique": true,
                    "Plans": [
                        {
                            "Node Type": "Nested Loop",
                            "Parent Relationship": "Outer",
                            "Parallel Aware": false,
                            "Join Type": "Inner",
                            "Startup Cost": 1003.28,
                            "Total Cost": 48832.79,
                            "Plan Rows": 1,
                            "Plan Width": 36,
                            "Actual Startup Time": 19.802,
                            "Actual Total Time": 216.57,
                            "Actual Rows": 3,
                            "Actual Loops": 1,
                            "Output": [
                                "ci.role_id",
                                "n.name",
                                "t.title"
                            ],
                            "Inner Unique": true,
                            "Join Filter": "(ci.person_id = n.id)",
                            "Rows Removed by Join Filter": 0,
                            "Plans": [
                                {
                                    "Node Type": "Nested Loop",
                                    "Parent Relationship": "Outer",
                                    "Parallel Aware": false,
                                    "Join Type": "Inner",
                                    "Startup Cost": 1002.85,
                                    "Total Cost": 48832.02,
                                    "Plan Rows": 1,
                                    "Plan Width": 29,
                                    "Actual Startup Time": 19.711,
                                    "Actual Total Time": 216.467,
                                    "Actual Rows": 3,
                                    "Actual Loops": 1,
                                    "Output": [
                                        "an.person_id",
                                        "ci.person_id",
                                        "ci.role_id",
                                        "t.title"
                                    ],
                                    "Inner Unique": true,
                                    "Plans": [
                                        {
                                            "Node Type": "Nested Loop",
                                            "Parent Relationship": "Outer",
                                            "Parallel Aware": false,
                                            "Join Type": "Inner",
                                            "Startup Cost": 1002.7,
                                            "Total Cost": 48831.82,
                                            "Plan Rows": 1,
                                            "Plan Width": 33,
                                            "Actual Startup Time": 19.68,
                                            "Actual Total Time": 216.427,
                                            "Actual Rows": 3,
                                            "Actual Loops": 1,
                                            "Output": [
                                                "an.person_id",
                                                "ci.person_id",
                                                "ci.role_id",
                                                "mi.info_type_id",
                                                "t.title"
                                            ],
                                            "Inner Unique": true,
                                            "Plans": [
                                                {
                                                    "Node Type": "Nested Loop",
                                                    "Parent Relationship": "Outer",
                                                    "Parallel Aware": false,
                                                    "Join Type": "Inner",
                                                    "Startup Cost": 1002.27,
                                                    "Total Cost": 48831.09,
                                                    "Plan Rows": 1,
                                                    "Plan Width": 37,
                                                    "Actual Startup Time": 19.57,
                                                    "Actual Total Time": 216.302,
                                                    "Actual Rows": 3,
                                                    "Actual Loops": 1,
                                                    "Output": [
                                                        "an.person_id",
                                                        "ci.person_id",
                                                        "ci.role_id",
                                                        "ci.person_role_id",
                                                        "mi.info_type_id",
                                                        "t.title"
                                                    ],
                                                    "Inner Unique": false,
                                                    "Plans": [
                                                        {
                                                            "Node Type": "Nested Loop",
                                                            "Parent Relationship": "Outer",
                                                            "Parallel Aware": false,
                                                            "Join Type": "Inner",
                                                            "Startup Cost": 1001.85,
                                                            "Total Cost": 48830.53,
                                                            "Plan Rows": 1,
                                                            "Plan Width": 33,
                                                            "Actual Startup Time": 17.754,
                                                            "Actual Total Time": 215.934,
                                                            "Actual Rows": 5,
                                                            "Actual Loops": 1,
                                                            "Output": [
                                                                "ci.person_id",
                                                                "ci.role_id",
                                                                "ci.person_role_id",
                                                                "mi.info_type_id",
                                                                "t.title"
                                                            ],
                                                            "Inner Unique": false,
                                                            "Join Filter": "(t.id = mi.movie_id)",
                                                            "Rows Removed by Join Filter": 0,
                                                            "Plans": [
                                                                {
                                                                    "Node Type": "Gather",
                                                                    "Parent Relationship": "Outer",
                                                                    "Parallel Aware": false,
                                                                    "Startup Cost": 1001.41,
                                                                    "Total Cost": 48827.9,
                                                                    "Plan Rows": 1,
                                                                    "Plan Width": 41,
                                                                    "Actual Startup Time": 17.508,
                                                                    "Actual Total Time": 214.639,
                                                                    "Actual Rows": 5,
                                                                    "Actual Loops": 1,
                                                                    "Output": [
                                                                        "ci.movie_id",
                                                                        "ci.person_id",
                                                                        "ci.role_id",
                                                                        "ci.person_role_id",
                                                                        "mc.movie_id",
                                                                        "t.title",
                                                                        "t.id"
                                                                    ],
                                                                    "Workers Planned": 4,
                                                                    "Workers Launched": 4,
                                                                    "Single Copy": false,
                                                                    "Plans": [
                                                                        {
                                                                            "Node Type": "Nested Loop",
                                                                            "Parent Relationship": "Outer",
                                                                            "Parallel Aware": false,
                                                                            "Join Type": "Inner",
                                                                            "Startup Cost": 1.42,
                                                                            "Total Cost": 47827.8,
                                                                            "Plan Rows": 1,
                                                                            "Plan Width": 41,
                                                                            "Actual Startup Time": 150.47,
                                                                            "Actual Total Time": 186.727,
                                                                            "Actual Rows": 1,
                                                                            "Actual Loops": 5,
                                                                            "Output": [
                                                                                "ci.movie_id",
                                                                                "ci.person_id",
                                                                                "ci.role_id",
                                                                                "ci.person_role_id",
                                                                                "mc.movie_id",
                                                                                "t.title",
                                                                                "t.id"
                                                                            ],
                                                                            "Inner Unique": false,
                                                                            "Join Filter": "(t.id = ci.movie_id)",
                                                                            "Rows Removed by Join Filter": 0,
                                                                            "Workers": [
                                                                                {
                                                                                    "Worker Number": 0,
                                                                                    "Actual Startup Time": 187.042,
                                                                                    "Actual Total Time": 187.045,
                                                                                    "Actual Rows": 0,
                                                                                    "Actual Loops": 1
                                                                                },
                                                                                {
                                                                                    "Worker Number": 1,
                                                                                    "Actual Startup Time": 186.915,
                                                                                    "Actual Total Time": 186.918,
                                                                                    "Actual Rows": 0,
                                                                                    "Actual Loops": 1
                                                                                },
                                                                                {
                                                                                    "Worker Number": 2,
                                                                                    "Actual Startup Time": 179.264,
                                                                                    "Actual Total Time": 179.268,
                                                                                    "Actual Rows": 0,
                                                                                    "Actual Loops": 1
                                                                                },
                                                                                {
                                                                                    "Worker Number": 3,
                                                                                    "Actual Startup Time": 185.583,
                                                                                    "Actual Total Time": 185.587,
                                                                                    "Actual Rows": 0,
                                                                                    "Actual Loops": 1
                                                                                }
                                                                            ],
                                                                            "Plans": [
                                                                                {
                                                                                    "Node Type": "Nested Loop",
                                                                                    "Parent Relationship": "Outer",
                                                                                    "Parallel Aware": false,
                                                                                    "Join Type": "Inner",
                                                                                    "Startup Cost": 0.85,
                                                                                    "Total Cost": 47813.61,
                                                                                    "Plan Rows": 1,
                                                                                    "Plan Width": 25,
                                                                                    "Actual Startup Time": 123.375,
                                                                                    "Actual Total Time": 185.578,
                                                                                    "Actual Rows": 2,
                                                                                    "Actual Loops": 5,
                                                                                    "Output": [
                                                                                        "mc.movie_id",
                                                                                        "t.title",
                                                                                        "t.id"
                                                                                    ],
                                                                                    "Inner Unique": true,
                                                                                    "Workers": [
                                                                                        {
                                                                                            "Worker Number": 0,
                                                                                            "Actual Startup Time": 128.612,
                                                                                            "Actual Total Time": 185.182,
                                                                                            "Actual Rows": 3,
                                                                                            "Actual Loops": 1
                                                                                        },
                                                                                        {
                                                                                            "Worker Number": 1,
                                                                                            "Actual Startup Time": 117.984,
                                                                                            "Actual Total Time": 185.752,
                                                                                            "Actual Rows": 2,
                                                                                            "Actual Loops": 1
                                                                                        },
                                                                                        {
                                                                                            "Worker Number": 2,
                                                                                            "Actual Startup Time": 179.263,
                                                                                            "Actual Total Time": 179.266,
                                                                                            "Actual Rows": 0,
                                                                                            "Actual Loops": 1
                                                                                        },
                                                                                        {
                                                                                            "Worker Number": 3,
                                                                                            "Actual Startup Time": 177.901,
                                                                                            "Actual Total Time": 185.361,
                                                                                            "Actual Rows": 1,
                                                                                            "Actual Loops": 1
                                                                                        }
                                                                                    ],
                                                                                    "Plans": [
                                                                                        {
                                                                                            "Node Type": "Nested Loop",
                                                                                            "Parent Relationship": "Outer",
                                                                                            "Parallel Aware": false,
                                                                                            "Join Type": "Inner",
                                                                                            "Startup Cost": 0.43,
                                                                                            "Total Cost": 47812.43,
                                                                                            "Plan Rows": 2,
                                                                                            "Plan Width": 29,
                                                                                            "Actual Startup Time": 123.302,
                                                                                            "Actual Total Time": 185.469,
                                                                                            "Actual Rows": 2,
                                                                                            "Actual Loops": 5,
                                                                                            "Output": [
                                                                                                "mc.movie_id",
                                                                                                "mc.company_id",
                                                                                                "t.title",
                                                                                                "t.id"
                                                                                            ],
                                                                                            "Inner Unique": false,
                                                                                            "Workers": [
                                                                                                {
                                                                                                    "Worker Number": 0,
                                                                                                    "Actual Startup Time": 128.525,
                                                                                                    "Actual Total Time": 185.038,
                                                                                                    "Actual Rows": 3,
                                                                                                    "Actual Loops": 1
                                                                                                },
                                                                                                {
                                                                                                    "Worker Number": 1,
                                                                                                    "Actual Startup Time": 117.89,
                                                                                                    "Actual Total Time": 185.619,
                                                                                                    "Actual Rows": 2,
                                                                                                    "Actual Loops": 1
                                                                                                },
                                                                                                {
                                                                                                    "Worker Number": 2,
                                                                                                    "Actual Startup Time": 179.262,
                                                                                                    "Actual Total Time": 179.264,
                                                                                                    "Actual Rows": 0,
                                                                                                    "Actual Loops": 1
                                                                                                },
                                                                                                {
                                                                                                    "Worker Number": 3,
                                                                                                    "Actual Startup Time": 177.811,
                                                                                                    "Actual Total Time": 185.27,
                                                                                                    "Actual Rows": 1,
                                                                                                    "Actual Loops": 1
                                                                                                }
                                                                                            ],
                                                                                            "Plans": [
                                                                                                {
                                                                                                    "Node Type": "Seq Scan",
                                                                                                    "Parent Relationship": "Outer",
                                                                                                    "Parallel Aware": true,
                                                                                                    "Relation Name": "title",
                                                                                                    "Schema": "public",
                                                                                                    "Alias": "t",
                                                                                                    "Startup Cost": 0.0,
                                                                                                    "Total Cost": 47059.85,
                                                                                                    "Plan Rows": 36,
                                                                                                    "Plan Width": 21,
                                                                                                    "Actual Startup Time": 20.108,
                                                                                                    "Actual Total Time": 184.501,
                                                                                                    "Actual Rows": 16,
                                                                                                    "Actual Loops": 5,
                                                                                                    "Output": [
                                                                                                        "t.id",
                                                                                                        "t.title",
                                                                                                        "t.imdb_index",
                                                                                                        "t.kind_id",
                                                                                                        "t.production_year",
                                                                                                        "t.imdb_id",
                                                                                                        "t.phonetic_code",
                                                                                                        "t.episode_of_id",
                                                                                                        "t.season_nr",
                                                                                                        "t.episode_nr",
                                                                                                        "t.series_years",
                                                                                                        "t.md5sum"
                                                                                                    ],
                                                                                                    "Filter": "((t.title ~~ '%Anymore%'::text) AND (t.production_year >= 1998) AND (t.production_year <= 2013))",
                                                                                                    "Rows Removed by Filter": 505647,
                                                                                                    "Workers": [
                                                                                                        {
                                                                                                            "Worker Number": 0,
                                                                                                            "Actual Startup Time": 19.73,
                                                                                                            "Actual Total Time": 183.822,
                                                                                                            "Actual Rows": 17,
                                                                                                            "Actual Loops": 1
                                                                                                        },
                                                                                                        {
                                                                                                            "Worker Number": 1,
                                                                                                            "Actual Startup Time": 23.034,
                                                                                                            "Actual Total Time": 184.434,
                                                                                                            "Actual Rows": 17,
                                                                                                            "Actual Loops": 1
                                                                                                        },
                                                                                                        {
                                                                                                            "Worker Number": 2,
                                                                                                            "Actual Startup Time": 33.041,
                                                                                                            "Actual Total Time": 178.609,
                                                                                                            "Actual Rows": 11,
                                                                                                            "Actual Loops": 1
                                                                                                        },
                                                                                                        {
                                                                                                            "Worker Number": 3,
                                                                                                            "Actual Startup Time": 11.819,
                                                                                                            "Actual Total Time": 184.367,
                                                                                                            "Actual Rows": 10,
                                                                                                            "Actual Loops": 1
                                                                                                        }
                                                                                                    ]
                                                                                                },
                                                                                                {
                                                                                                    "Node Type": "Index Scan",
                                                                                                    "Parent Relationship": "Inner",
                                                                                                    "Parallel Aware": false,
                                                                                                    "Scan Direction": "Forward",
                                                                                                    "Index Name": "movie_id_movie_companies",
                                                                                                    "Relation Name": "movie_companies",
                                                                                                    "Schema": "public",
                                                                                                    "Alias": "mc",
                                                                                                    "Startup Cost": 0.43,
                                                                                                    "Total Cost": 20.89,
                                                                                                    "Plan Rows": 1,
                                                                                                    "Plan Width": 8,
                                                                                                    "Actual Startup Time": 0.057,
                                                                                                    "Actual Total Time": 0.059,
                                                                                                    "Actual Rows": 0,
                                                                                                    "Actual Loops": 78,
                                                                                                    "Output": [
                                                                                                        "mc.id",
                                                                                                        "mc.movie_id",
                                                                                                        "mc.company_id",
                                                                                                        "mc.company_type_id",
                                                                                                        "mc.note"
                                                                                                    ],
                                                                                                    "Index Cond": "(mc.movie_id = t.id)",
                                                                                                    "Rows Removed by Index Recheck": 0,
                                                                                                    "Filter": "((mc.note ~~ '%(200%)%'::text) AND ((mc.note ~~ '%(USA)%'::text) OR (mc.note ~~ '%(worldwide)%'::text)))",
                                                                                                    "Rows Removed by Filter": 1,
                                                                                                    "Workers": [
                                                                                                        {
                                                                                                            "Worker Number": 0,
                                                                                                            "Actual Startup Time": 0.066,
                                                                                                            "Actual Total Time": 0.068,
                                                                                                            "Actual Rows": 0,
                                                                                                            "Actual Loops": 17
                                                                                                        },
                                                                                                        {
                                                                                                            "Worker Number": 1,
                                                                                                            "Actual Startup Time": 0.065,
                                                                                                            "Actual Total Time": 0.067,
                                                                                                            "Actual Rows": 0,
                                                                                                            "Actual Loops": 17
                                                                                                        },
                                                                                                        {
                                                                                                            "Worker Number": 2,
                                                                                                            "Actual Startup Time": 0.055,
                                                                                                            "Actual Total Time": 0.055,
                                                                                                            "Actual Rows": 0,
                                                                                                            "Actual Loops": 11
                                                                                                        },
                                                                                                        {
                                                                                                            "Worker Number": 3,
                                                                                                            "Actual Startup Time": 0.084,
                                                                                                            "Actual Total Time": 0.086,
                                                                                                            "Actual Rows": 0,
                                                                                                            "Actual Loops": 10
                                                                                                        }
                                                                                                    ]
                                                                                                }
                                                                                            ]
                                                                                        },
                                                                                        {
                                                                                            "Node Type": "Index Scan",
                                                                                            "Parent Relationship": "Inner",
                                                                                            "Parallel Aware": false,
                                                                                            "Scan Direction": "Forward",
                                                                                            "Index Name": "company_name_pkey",
                                                                                            "Relation Name": "company_name",
                                                                                            "Schema": "public",
                                                                                            "Alias": "cn",
                                                                                            "Startup Cost": 0.42,
                                                                                            "Total Cost": 0.59,
                                                                                            "Plan Rows": 1,
                                                                                            "Plan Width": 4,
                                                                                            "Actual Startup Time": 0.051,
                                                                                            "Actual Total Time": 0.051,
                                                                                            "Actual Rows": 1,
                                                                                            "Actual Loops": 10,
                                                                                            "Output": [
                                                                                                "cn.id",
                                                                                                "cn.name",
                                                                                                "cn.country_code",
                                                                                                "cn.imdb_id",
                                                                                                "cn.name_pcode_nf",
                                                                                                "cn.name_pcode_sf",
                                                                                                "cn.md5sum"
                                                                                            ],
                                                                                            "Index Cond": "(cn.id = mc.company_id)",
                                                                                            "Rows Removed by Index Recheck": 0,
                                                                                            "Filter": "((cn.country_code)::text = '[us]'::text)",
                                                                                            "Rows Removed by Filter": 0,
                                                                                            "Workers": [
                                                                                                {
                                                                                                    "Worker Number": 0,
                                                                                                    "Actual Startup Time": 0.045,
                                                                                                    "Actual Total Time": 0.045,
                                                                                                    "Actual Rows": 1,
                                                                                                    "Actual Loops": 3
                                                                                                },
                                                                                                {
                                                                                                    "Worker Number": 1,
                                                                                                    "Actual Startup Time": 0.062,
                                                                                                    "Actual Total Time": 0.062,
                                                                                                    "Actual Rows": 1,
                                                                                                    "Actual Loops": 2
                                                                                                },
                                                                                                {
                                                                                                    "Worker Number": 3,
                                                                                                    "Actual Startup Time": 0.086,
                                                                                                    "Actual Total Time": 0.087,
                                                                                                    "Actual Rows": 1,
                                                                                                    "Actual Loops": 1
                                                                                                }
                                                                                            ]
                                                                                        }
                                                                                    ]
                                                                                },
                                                                                {
                                                                                    "Node Type": "Index Scan",
                                                                                    "Parent Relationship": "Inner",
                                                                                    "Parallel Aware": false,
                                                                                    "Scan Direction": "Forward",
                                                                                    "Index Name": "movie_id_cast_info",
                                                                                    "Relation Name": "cast_info",
                                                                                    "Schema": "public",
                                                                                    "Alias": "ci",
                                                                                    "Startup Cost": 0.56,
                                                                                    "Total Cost": 14.18,
                                                                                    "Plan Rows": 1,
                                                                                    "Plan Width": 16,
                                                                                    "Actual Startup Time": 0.455,
                                                                                    "Actual Total Time": 0.635,
                                                                                    "Actual Rows": 1,
                                                                                    "Actual Loops": 9,
                                                                                    "Output": [
                                                                                        "ci.id",
                                                                                        "ci.person_id",
                                                                                        "ci.movie_id",
                                                                                        "ci.person_role_id",
                                                                                        "ci.note",
                                                                                        "ci.nr_order",
                                                                                        "ci.role_id"
                                                                                    ],
                                                                                    "Index Cond": "(ci.movie_id = mc.movie_id)",
                                                                                    "Rows Removed by Index Recheck": 0,
                                                                                    "Filter": "(ci.note = '(uncredited)'::text)",
                                                                                    "Rows Removed by Filter": 31,
                                                                                    "Workers": [
                                                                                        {
                                                                                            "Worker Number": 0,
                                                                                            "Actual Startup Time": 0.619,
                                                                                            "Actual Total Time": 0.619,
                                                                                            "Actual Rows": 0,
                                                                                            "Actual Loops": 3
                                                                                        },
                                                                                        {
                                                                                            "Worker Number": 1,
                                                                                            "Actual Startup Time": 0.58,
                                                                                            "Actual Total Time": 0.58,
                                                                                            "Actual Rows": 0,
                                                                                            "Actual Loops": 2
                                                                                        },
                                                                                        {
                                                                                            "Worker Number": 3,
                                                                                            "Actual Startup Time": 0.222,
                                                                                            "Actual Total Time": 0.222,
                                                                                            "Actual Rows": 0,
                                                                                            "Actual Loops": 1
                                                                                        }
                                                                                    ]
                                                                                }
                                                                            ]
                                                                        }
                                                                    ]
                                                                },
                                                                {
                                                                    "Node Type": "Index Scan",
                                                                    "Parent Relationship": "Inner",
                                                                    "Parallel Aware": false,
                                                                    "Scan Direction": "Forward",
                                                                    "Index Name": "movie_id_movie_info",
                                                                    "Relation Name": "movie_info",
                                                                    "Schema": "public",
                                                                    "Alias": "mi",
                                                                    "Startup Cost": 0.43,
                                                                    "Total Cost": 2.61,
                                                                    "Plan Rows": 1,
                                                                    "Plan Width": 8,
                                                                    "Actual Startup Time": 0.061,
                                                                    "Actual Total Time": 0.255,
                                                                    "Actual Rows": 1,
                                                                    "Actual Loops": 5,
                                                                    "Output": [
                                                                        "mi.id",
                                                                        "mi.movie_id",
                                                                        "mi.info_type_id",
                                                                        "mi.info",
                                                                        "mi.note"
                                                                    ],
                                                                    "Index Cond": "(mi.movie_id = ci.movie_id)",
                                                                    "Rows Removed by Index Recheck": 0,
                                                                    "Filter": "((mi.info IS NOT NULL) AND ((mi.info ~~ 'Japan:%2007%'::text) OR (mi.info ~~ 'USA:%2008%'::text)))",
                                                                    "Rows Removed by Filter": 44
                                                                }
                                                            ]
                                                        },
                                                        {
                                                            "Node Type": "Index Only Scan",
                                                            "Parent Relationship": "Inner",
                                                            "Parallel Aware": false,
                                                            "Scan Direction": "Forward",
                                                            "Index Name": "person_id_aka_name",
                                                            "Relation Name": "aka_name",
                                                            "Schema": "public",
                                                            "Alias": "an",
                                                            "Startup Cost": 0.42,
                                                            "Total Cost": 0.54,
                                                            "Plan Rows": 2,
                                                            "Plan Width": 4,
                                                            "Actual Startup Time": 0.066,
                                                            "Actual Total Time": 0.071,
                                                            "Actual Rows": 1,
                                                            "Actual Loops": 5,
                                                            "Output": [
                                                                "an.person_id"
                                                            ],
                                                            "Index Cond": "(an.person_id = ci.person_id)",
                                                            "Rows Removed by Index Recheck": 0,
                                                            "Heap Fetches": 3
                                                        }
                                                    ]
                                                },
                                                {
                                                    "Node Type": "Index Only Scan",
                                                    "Parent Relationship": "Inner",
                                                    "Parallel Aware": false,
                                                    "Scan Direction": "Forward",
                                                    "Index Name": "char_name_pkey",
                                                    "Relation Name": "char_name",
                                                    "Schema": "public",
                                                    "Alias": "chn",
                                                    "Startup Cost": 0.43,
                                                    "Total Cost": 0.72,
                                                    "Plan Rows": 1,
                                                    "Plan Width": 4,
                                                    "Actual Startup Time": 0.038,
                                                    "Actual Total Time": 0.039,
                                                    "Actual Rows": 1,
                                                    "Actual Loops": 3,
                                                    "Output": [
                                                        "chn.id"
                                                    ],
                                                    "Index Cond": "(chn.id = ci.person_role_id)",
                                                    "Rows Removed by Index Recheck": 0,
                                                    "Heap Fetches": 3
                                                }
                                            ]
                                        },
                                        {
                                            "Node Type": "Index Scan",
                                            "Parent Relationship": "Inner",
                                            "Parallel Aware": false,
                                            "Scan Direction": "Forward",
                                            "Index Name": "info_type_pkey",
                                            "Relation Name": "info_type",
                                            "Schema": "public",
                                            "Alias": "it",
                                            "Startup Cost": 0.14,
                                            "Total Cost": 0.17,
                                            "Plan Rows": 1,
                                            "Plan Width": 4,
                                            "Actual Startup Time": 0.01,
                                            "Actual Total Time": 0.01,
                                            "Actual Rows": 1,
                                            "Actual Loops": 3,
                                            "Output": [
                                                "it.id",
                                                "it.info"
                                            ],
                                            "Index Cond": "(it.id = mi.info_type_id)",
                                            "Rows Removed by Index Recheck": 0,
                                            "Filter": "((it.info)::text = 'release dates'::text)",
                                            "Rows Removed by Filter": 0
                                        }
                                    ]
                                },
                                {
                                    "Node Type": "Index Scan",
                                    "Parent Relationship": "Inner",
                                    "Parallel Aware": false,
                                    "Scan Direction": "Forward",
                                    "Index Name": "name_pkey",
                                    "Relation Name": "name",
                                    "Schema": "public",
                                    "Alias": "n",
                                    "Startup Cost": 0.43,
                                    "Total Cost": 0.77,
                                    "Plan Rows": 1,
                                    "Plan Width": 19,
                                    "Actual Startup Time": 0.032,
                                    "Actual Total Time": 0.032,
                                    "Actual Rows": 1,
                                    "Actual Loops": 3,
                                    "Output": [
                                        "n.id",
                                        "n.name",
                                        "n.imdb_index",
                                        "n.imdb_id",
                                        "n.gender",
                                        "n.name_pcode_cf",
                                        "n.name_pcode_nf",
                                        "n.surname_pcode",
                                        "n.md5sum"
                                    ],
                                    "Index Cond": "(n.id = an.person_id)",
                                    "Rows Removed by Index Recheck": 0,
                                    "Filter": "((n.name ~~ '%Nienaltowski,%'::text) AND ((n.gender)::text = 'f'::text))",
                                    "Rows Removed by Filter": 0
                                }
                            ]
                        },
                        {
                            "Node Type": "Index Scan",
                            "Parent Relationship": "Inner",
                            "Parallel Aware": false,
                            "Scan Direction": "Forward",
                            "Index Name": "role_type_pkey",
                            "Relation Name": "role_type",
                            "Schema": "public",
                            "Alias": "rt",
                            "Startup Cost": 0.14,
                            "Total Cost": 0.16,
                            "Plan Rows": 1,
                            "Plan Width": 4,
                            "Actual Startup Time": 0.008,
                            "Actual Total Time": 0.008,
                            "Actual Rows": 1,
                            "Actual Loops": 3,
                            "Output": [
                                "rt.id",
                                "rt.role"
                            ],
                            "Index Cond": "(rt.id = ci.role_id)",
                            "Rows Removed by Index Recheck": 0,
                            "Filter": "((rt.role)::text = 'actress'::text)",
                            "Rows Removed by Filter": 0
                        }
                    ]
                }
            ]
        },
        "Planning Time": 1451.978,
        "Triggers": [],
        "Execution Time": 217.66
    }
]