{
  "Plan": {
    "Node Type": "Aggregate",
    "Strategy": "Plain",
    "Partial Mode": "Simple",
    "Parallel Aware": false,
    "Startup Cost": 446842.86,
    "Total Cost": 446842.87,
    "Plan Rows": 1,
    "Plan Width": 96,
    "Actual Startup Time": 4875.759,
    "Actual Total Time": 4875.943,
    "Actual Rows": 1,
    "Actual Loops": 1,
    "Plans": [
      {
        "Node Type": "Nested Loop",
        "Parent Relationship": "Outer",
        "Parallel Aware": false,
        "Join Type": "Inner",
        "Startup Cost": 370290.85,
        "Total Cost": 446842.85,
        "Plan Rows": 1,
        "Plan Width": 42,
        "Actual Startup Time": 4669.536,
        "Actual Total Time": 4873.535,
        "Actual Rows": 21127,
        "Actual Loops": 1,
        "Inner Unique": false,
        "Join Filter": "(t.kind_id = kt.id)",
        "Rows Removed by Join Filter": 23149,
        "Plans": [
          {
            "Node Type": "Seq Scan",
            "Parent Relationship": "Outer",
            "Parallel Aware": false,
            "Relation Name": "kind_type",
            "Alias": "kt",
            "Startup Cost": 0.0,
            "Total Cost": 1.09,
            "Plan Rows": 2,
            "Plan Width": 4,
            "Actual Startup Time": 0.036,
            "Actual Total Time": 0.043,
            "Actual Rows": 2,
            "Actual Loops": 1,
            "Filter": "((kind)::text = ANY ('{movie,episode}'::text[]))",
            "Rows Removed by Filter": 5
          },
          {
            "Node Type": "Materialize",
            "Parent Relationship": "Inner",
            "Parallel Aware": false,
            "Startup Cost": 370290.85,
            "Total Cost": 446841.74,
            "Plan Rows": 1,
            "Plan Width": 46,
            "Actual Startup Time": 2179.279,
            "Actual Total Time": 2434.711,
            "Actual Rows": 22138,
            "Actual Loops": 2,
            "Plans": [
              {
                "Node Type": "Hash Join",
                "Parent Relationship": "Outer",
                "Parallel Aware": false,
                "Join Type": "Inner",
                "Startup Cost": 370290.85,
                "Total Cost": 446841.73,
                "Plan Rows": 1,
                "Plan Width": 46,
                "Actual Startup Time": 4358.551,
                "Actual Total Time": 4859.871,
                "Actual Rows": 22138,
                "Actual Loops": 1,
                "Inner Unique": false,
                "Hash Cond": "(t.id = mi.movie_id)",
                "Plans": [
                  {
                    "Node Type": "Seq Scan",
                    "Parent Relationship": "Outer",
                    "Parallel Aware": false,
                    "Relation Name": "title",
                    "Alias": "t",
                    "Startup Cost": 0.0,
                    "Total Cost": 67601.9,
                    "Plan Rows": 2386393,
                    "Plan Width": 25,
                    "Actual Startup Time": 0.009,
                    "Actual Total Time": 336.547,
                    "Actual Rows": 2388876,
                    "Actual Loops": 1,
                    "Filter": "(production_year < 2013)",
                    "Rows Removed by Filter": 139436
                  },
                  {
                    "Node Type": "Hash",
                    "Parent Relationship": "Inner",
                    "Parallel Aware": false,
                    "Startup Cost": 370290.84,
                    "Total Cost": 370290.84,
                    "Plan Rows": 1,
                    "Plan Width": 45,
                    "Actual Startup Time": 4351.404,
                    "Actual Total Time": 4351.585,
                    "Actual Rows": 22138,
                    "Actual Loops": 1,
                    "Hash Buckets": 32768,
                    "Original Hash Buckets": 1024,
                    "Hash Batches": 1,
                    "Original Hash Batches": 1,
                    "Peak Memory Usage": 1959,
                    "Plans": [
                      {
                        "Node Type": "Nested Loop",
                        "Parent Relationship": "Outer",
                        "Parallel Aware": false,
                        "Join Type": "Inner",
                        "Startup Cost": 280670.38,
                        "Total Cost": 370290.84,
                        "Plan Rows": 1,
                        "Plan Width": 45,
                        "Actual Startup Time": 1613.597,
                        "Actual Total Time": 4345.844,
                        "Actual Rows": 22138,
                        "Actual Loops": 1,
                        "Inner Unique": false,
                        "Join Filter": "(mk.keyword_id = k.id)",
                        "Rows Removed by Join Filter": 7387643,
                        "Plans": [
                          {
                            "Node Type": "Seq Scan",
                            "Parent Relationship": "Outer",
                            "Parallel Aware": false,
                            "Relation Name": "keyword",
                            "Alias": "k",
                            "Startup Cost": 0.0,
                            "Total Cost": 2961.55,
                            "Plan Rows": 4,
                            "Plan Width": 4,
                            "Actual Startup Time": 0.746,
                            "Actual Total Time": 14.824,
                            "Actual Rows": 3,
                            "Actual Loops": 1,
                            "Filter": "(keyword = ANY ('{murder,murder-in-title,blood,violence}'::text[]))",
                            "Rows Removed by Filter": 134167
                          },
                          {
                            "Node Type": "Materialize",
                            "Parent Relationship": "Inner",
                            "Parallel Aware": false,
                            "Startup Cost": 280670.38,
                            "Total Cost": 367328.6,
                            "Plan Rows": 12,
                            "Plan Width": 49,
                            "Actual Startup Time": 533.024,
                            "Actual Total Time": 1248.682,
                            "Actual Rows": 2469927,
                            "Actual Loops": 3,
                            "Plans": [
                              {
                                "Node Type": "Hash Join",
                                "Parent Relationship": "Outer",
                                "Parallel Aware": false,
                                "Join Type": "Inner",
                                "Startup Cost": 280670.38,
                                "Total Cost": 367328.54,
                                "Plan Rows": 12,
                                "Plan Width": 49,
                                "Actual Startup Time": 1599.066,
                                "Actual Total Time": 2594.45,
                                "Actual Rows": 2469927,
                                "Actual Loops": 1,
                                "Inner Unique": false,
                                "Hash Cond": "(mk.movie_id = mi.movie_id)",
                                "Plans": [
                                  {
                                    "Node Type": "Seq Scan",
                                    "Parent Relationship": "Outer",
                                    "Parallel Aware": false,
                                    "Relation Name": "movie_keyword",
                                    "Alias": "mk",
                                    "Startup Cost": 0.0,
                                    "Total Cost": 69693.3,
                                    "Plan Rows": 4523930,
                                    "Plan Width": 8,
                                    "Actual Startup Time": 0.011,
                                    "Actual Total Time": 344.471,
                                    "Actual Rows": 4523930,
                                    "Actual Loops": 1
                                  },
                                  {
                                    "Node Type": "Hash",
                                    "Parent Relationship": "Inner",
                                    "Parallel Aware": false,
                                    "Startup Cost": 280670.37,
                                    "Total Cost": 280670.37,
                                    "Plan Rows": 1,
                                    "Plan Width": 41,
                                    "Actual Startup Time": 1598.87,
                                    "Actual Total Time": 1599.047,
                                    "Actual Rows": 28523,
                                    "Actual Loops": 1,
                                    "Hash Buckets": 32768,
                                    "Original Hash Buckets": 1024,
                                    "Hash Batches": 1,
                                    "Original Hash Batches": 1,
                                    "Peak Memory Usage": 2288,
                                    "Plans": [
                                      {
                                        "Node Type": "Nested Loop",
                                        "Parent Relationship": "Outer",
                                        "Parallel Aware": false,
                                        "Join Type": "Inner",
                                        "Startup Cost": 247106.29,
                                        "Total Cost": 280670.37,
                                        "Plan Rows": 1,
                                        "Plan Width": 41,
                                        "Actual Startup Time": 1265.969,
                                        "Actual Total Time": 1590.476,
                                        "Actual Rows": 28523,
                                        "Actual Loops": 1,
                                        "Inner Unique": false,
                                        "Join Filter": "(mc.company_type_id = ct.id)",
                                        "Rows Removed by Join Filter": 85569,
                                        "Plans": [
                                          {
                                            "Node Type": "Seq Scan",
                                            "Parent Relationship": "Outer",
                                            "Parallel Aware": false,
                                            "Relation Name": "company_type",
                                            "Alias": "ct",
                                            "Startup Cost": 0.0,
                                            "Total Cost": 1.04,
                                            "Plan Rows": 4,
                                            "Plan Width": 4,
                                            "Actual Startup Time": 0.006,
                                            "Actual Total Time": 0.013,
                                            "Actual Rows": 4,
                                            "Actual Loops": 1
                                          },
                                          {
                                            "Node Type": "Materialize",
                                            "Parent Relationship": "Inner",
                                            "Parallel Aware": false,
                                            "Startup Cost": 247106.29,
                                            "Total Cost": 280669.27,
                                            "Plan Rows": 1,
                                            "Plan Width": 45,
                                            "Actual Startup Time": 316.49,
                                            "Actual Total Time": 395.19,
                                            "Actual Rows": 28523,
                                            "Actual Loops": 4,
                                            "Plans": [
                                              {
                                                "Node Type": "Nested Loop",
                                                "Parent Relationship": "Outer",
                                                "Parallel Aware": false,
                                                "Join Type": "Inner",
                                                "Startup Cost": 247106.29,
                                                "Total Cost": 280669.26,
                                                "Plan Rows": 1,
                                                "Plan Width": 45,
                                                "Actual Startup Time": 1265.952,
                                                "Actual Total Time": 1566.613,
                                                "Actual Rows": 28523,
                                                "Actual Loops": 1,
                                                "Inner Unique": false,
                                                "Join Filter": "(mi_idx.info_type_id = it2.id)",
                                                "Rows Removed by Join Filter": 55994,
                                                "Plans": [
                                                  {
                                                    "Node Type": "Seq Scan",
                                                    "Parent Relationship": "Outer",
                                                    "Parallel Aware": false,
                                                    "Relation Name": "info_type",
                                                    "Alias": "it2",
                                                    "Startup Cost": 0.0,
                                                    "Total Cost": 2.41,
                                                    "Plan Rows": 1,
                                                    "Plan Width": 4,
                                                    "Actual Startup Time": 0.012,
                                                    "Actual Total Time": 0.017,
                                                    "Actual Rows": 1,
                                                    "Actual Loops": 1,
                                                    "Filter": "((info)::text = 'rating'::text)",
                                                    "Rows Removed by Filter": 112
                                                  },
                                                  {
                                                    "Node Type": "Hash Join",
                                                    "Parent Relationship": "Inner",
                                                    "Parallel Aware": false,
                                                    "Join Type": "Inner",
                                                    "Startup Cost": 247106.29,
                                                    "Total Cost": 280666.18,
                                                    "Plan Rows": 54,
                                                    "Plan Width": 49,
                                                    "Actual Startup Time": 1265.933,
                                                    "Actual Total Time": 1560.924,
                                                    "Actual Rows": 84517,
                                                    "Actual Loops": 1,
                                                    "Inner Unique": false,
                                                    "Hash Cond": "(mi_idx.movie_id = mi.movie_id)",
                                                    "Plans": [
                                                      {
                                                        "Node Type": "Seq Scan",
                                                        "Parent Relationship": "Outer",
                                                        "Parallel Aware": false,
                                                        "Relation Name": "movie_info_idx",
                                                        "Alias": "mi_idx",
                                                        "Startup Cost": 0.0,
                                                        "Total Cost": 25185.44,
                                                        "Plan Rows": 1339825,
                                                        "Plan Width": 14,
                                                        "Actual Startup Time": 0.015,
                                                        "Actual Total Time": 184.079,
                                                        "Actual Rows": 1337634,
                                                        "Actual Loops": 1,
                                                        "Filter": "(info < '8.5'::text)",
                                                        "Rows Removed by Filter": 42401
                                                      },
                                                      {
                                                        "Node Type": "Hash",
                                                        "Parent Relationship": "Inner",
                                                        "Parallel Aware": false,
                                                        "Startup Cost": 247106.06,
                                                        "Total Cost": 247106.06,
                                                        "Plan Rows": 19,
                                                        "Plan Width": 35,
                                                        "Actual Startup Time": 1265.679,
                                                        "Actual Total Time": 1265.85,
                                                        "Actual Rows": 30159,
                                                        "Actual Loops": 1,
                                                        "Hash Buckets": 32768,
                                                        "Original Hash Buckets": 1024,
                                                        "Hash Batches": 1,
                                                        "Original Hash Batches": 1,
                                                        "Peak Memory Usage": 2275,
                                                        "Plans": [
                                                          {
                                                            "Node Type": "Nested Loop",
                                                            "Parent Relationship": "Outer",
                                                            "Parallel Aware": false,
                                                            "Join Type": "Inner",
                                                            "Startup Cost": 4772.35,
                                                            "Total Cost": 247106.06,
                                                            "Plan Rows": 19,
                                                            "Plan Width": 35,
                                                            "Actual Startup Time": 920.627,
                                                            "Actual Total Time": 1258.145,
                                                            "Actual Rows": 30159,
                                                            "Actual Loops": 1,
                                                            "Inner Unique": false,
                                                            "Join Filter": "(mi.info_type_id = it1.id)",
                                                            "Rows Removed by Join Filter": 7592,
                                                            "Plans": [
                                                              {
                                                                "Node Type": "Seq Scan",
                                                                "Parent Relationship": "Outer",
                                                                "Parallel Aware": false,
                                                                "Relation Name": "info_type",
                                                                "Alias": "it1",
                                                                "Startup Cost": 0.0,
                                                                "Total Cost": 2.41,
                                                                "Plan Rows": 1,
                                                                "Plan Width": 4,
                                                                "Actual Startup Time": 0.004,
                                                                "Actual Total Time": 0.015,
                                                                "Actual Rows": 1,
                                                                "Actual Loops": 1,
                                                                "Filter": "((info)::text = 'countries'::text)",
                                                                "Rows Removed by Filter": 112
                                                              },
                                                              {
                                                                "Node Type": "Nested Loop",
                                                                "Parent Relationship": "Inner",
                                                                "Parallel Aware": false,
                                                                "Join Type": "Inner",
                                                                "Startup Cost": 4772.35,
                                                                "Total Cost": 247077.18,
                                                                "Plan Rows": 2117,
                                                                "Plan Width": 39,
                                                                "Actual Startup Time": 43.508,
                                                                "Actual Total Time": 1254.404,
                                                                "Actual Rows": 37751,
                                                                "Actual Loops": 1,
                                                                "Inner Unique": false,
                                                                "Join Filter": "(cc.status_id = cct2.id)",
                                                                "Rows Removed by Join Filter": 61650,
                                                                "Plans": [
                                                                  {
                                                                    "Node Type": "Seq Scan",
                                                                    "Parent Relationship": "Outer",
                                                                    "Parallel Aware": false,
                                                                    "Relation Name": "comp_cast_type",
                                                                    "Alias": "cct2",
                                                                    "Startup Cost": 0.0,
                                                                    "Total Cost": 1.05,
                                                                    "Plan Rows": 1,
                                                                    "Plan Width": 4,
                                                                    "Actual Startup Time": 0.007,
                                                                    "Actual Total Time": 0.013,
                                                                    "Actual Rows": 1,
                                                                    "Actual Loops": 1,
                                                                    "Filter": "((kind)::text = 'complete'::text)",
                                                                    "Rows Removed by Filter": 3
                                                                  },
                                                                  {
                                                                    "Node Type": "Gather",
                                                                    "Parent Relationship": "Inner",
                                                                    "Parallel Aware": false,
                                                                    "Startup Cost": 4772.35,
                                                                    "Total Cost": 246970.36,
                                                                    "Plan Rows": 8462,
                                                                    "Plan Width": 43,
                                                                    "Actual Startup Time": 43.486,
                                                                    "Actual Total Time": 1244.487,
                                                                    "Actual Rows": 99401,
                                                                    "Actual Loops": 1,
                                                                    "Workers Planned": 5,
                                                                    "Workers Launched": 5,
                                                                    "Single Copy": false,
                                                                    "Plans": [
                                                                      {
                                                                        "Node Type": "Nested Loop",
                                                                        "Parent Relationship": "Outer",
                                                                        "Parallel Aware": false,
                                                                        "Join Type": "Inner",
                                                                        "Startup Cost": 3772.35,
                                                                        "Total Cost": 245124.16,
                                                                        "Plan Rows": 1692,
                                                                        "Plan Width": 43,
                                                                        "Actual Startup Time": 73.629,
                                                                        "Actual Total Time": 1235.167,
                                                                        "Actual Rows": 16567,
                                                                        "Actual Loops": 6,
                                                                        "Inner Unique": true,
                                                                        "Plans": [
                                                                          {
                                                                            "Node Type": "Nested Loop",
                                                                            "Parent Relationship": "Outer",
                                                                            "Parallel Aware": false,
                                                                            "Join Type": "Inner",
                                                                            "Startup Cost": 3771.93,
                                                                            "Total Cost": 243419.92,
                                                                            "Plan Rows": 3151,
                                                                            "Plan Width": 28,
                                                                            "Actual Startup Time": 73.547,
                                                                            "Actual Total Time": 1165.951,
                                                                            "Actual Rows": 17667,
                                                                            "Actual Loops": 6,
                                                                            "Inner Unique": false,
                                                                            "Plans": [
                                                                              {
                                                                                "Node Type": "Hash Join",
                                                                                "Parent Relationship": "Outer",
                                                                                "Parallel Aware": false,
                                                                                "Join Type": "Inner",
                                                                                "Startup Cost": 3771.5,
                                                                                "Total Cost": 234077.76,
                                                                                "Plan Rows": 13155,
                                                                                "Plan Width": 16,
                                                                                "Actual Startup Time": 72.428,
                                                                                "Actual Total Time": 1025.169,
                                                                                "Actual Rows": 10283,
                                                                                "Actual Loops": 6,
                                                                                "Inner Unique": true,
                                                                                "Hash Cond": "(cc.subject_id = cct1.id)",
                                                                                "Plans": [
                                                                                  {
                                                                                    "Node Type": "Hash Join",
                                                                                    "Parent Relationship": "Outer",
                                                                                    "Parallel Aware": false,
                                                                                    "Join Type": "Inner",
                                                                                    "Startup Cost": 3770.44,
                                                                                    "Total Cost": 233792.24,
                                                                                    "Plan Rows": 52617,
                                                                                    "Plan Width": 20,
                                                                                    "Actual Startup Time": 71.941,
                                                                                    "Actual Total Time": 1021.014,
                                                                                    "Actual Rows": 16628,
                                                                                    "Actual Loops": 6,
                                                                                    "Inner Unique": false,
                                                                                    "Hash Cond": "(mi.movie_id = cc.movie_id)",
                                                                                    "Plans": [
                                                                                      {
                                                                                        "Node Type": "Seq Scan",
                                                                                        "Parent Relationship": "Outer",
                                                                                        "Parallel Aware": true,
                                                                                        "Relation Name": "movie_info",
                                                                                        "Alias": "mi",
                                                                                        "Startup Cost": 0.0,
                                                                                        "Total Cost": 228777.37,
                                                                                        "Plan Rows": 143651,
                                                                                        "Plan Width": 8,
                                                                                        "Actual Startup Time": 0.341,
                                                                                        "Actual Total Time": 900.622,
                                                                                        "Actual Rows": 119368,
                                                                                        "Actual Loops": 6,
                                                                                        "Filter": "(info = ANY ('{Sweden,Norway,Germany,Denmark,Swedish,Danish,Norwegian,German,USA,American}'::text[]))",
                                                                                        "Rows Removed by Filter": 2353252
                                                                                      },
                                                                                      {
                                                                                        "Node Type": "Hash",
                                                                                        "Parent Relationship": "Inner",
                                                                                        "Parallel Aware": false,
                                                                                        "Startup Cost": 2081.86,
                                                                                        "Total Cost": 2081.86,
                                                                                        "Plan Rows": 135086,
                                                                                        "Plan Width": 12,
                                                                                        "Actual Startup Time": 68.123,
                                                                                        "Actual Total Time": 68.124,
                                                                                        "Actual Rows": 135086,
                                                                                        "Actual Loops": 6,
                                                                                        "Hash Buckets": 262144,
                                                                                        "Original Hash Buckets": 262144,
                                                                                        "Hash Batches": 1,
                                                                                        "Original Hash Batches": 1,
                                                                                        "Peak Memory Usage": 7853,
                                                                                        "Plans": [
                                                                                          {
                                                                                            "Node Type": "Seq Scan",
                                                                                            "Parent Relationship": "Outer",
                                                                                            "Parallel Aware": false,
                                                                                            "Relation Name": "complete_cast",
                                                                                            "Alias": "cc",
                                                                                            "Startup Cost": 0.0,
                                                                                            "Total Cost": 2081.86,
                                                                                            "Plan Rows": 135086,
                                                                                            "Plan Width": 12,
                                                                                            "Actual Startup Time": 0.074,
                                                                                            "Actual Total Time": 29.441,
                                                                                            "Actual Rows": 135086,
                                                                                            "Actual Loops": 6
                                                                                          }
                                                                                        ]
                                                                                      }
                                                                                    ]
                                                                                  },
                                                                                  {
                                                                                    "Node Type": "Hash",
                                                                                    "Parent Relationship": "Inner",
                                                                                    "Parallel Aware": false,
                                                                                    "Startup Cost": 1.05,
                                                                                    "Total Cost": 1.05,
                                                                                    "Plan Rows": 1,
                                                                                    "Plan Width": 4,
                                                                                    "Actual Startup Time": 0.099,
                                                                                    "Actual Total Time": 0.1,
                                                                                    "Actual Rows": 1,
                                                                                    "Actual Loops": 6,
                                                                                    "Hash Buckets": 1024,
                                                                                    "Original Hash Buckets": 1024,
                                                                                    "Hash Batches": 1,
                                                                                    "Original Hash Batches": 1,
                                                                                    "Peak Memory Usage": 9,
                                                                                    "Plans": [
                                                                                      {
                                                                                        "Node Type": "Seq Scan",
                                                                                        "Parent Relationship": "Outer",
                                                                                        "Parallel Aware": false,
                                                                                        "Relation Name": "comp_cast_type",
                                                                                        "Alias": "cct1",
                                                                                        "Startup Cost": 0.0,
                                                                                        "Total Cost": 1.05,
                                                                                        "Plan Rows": 1,
                                                                                        "Plan Width": 4,
                                                                                        "Actual Startup Time": 0.073,
                                                                                        "Actual Total Time": 0.077,
                                                                                        "Actual Rows": 1,
                                                                                        "Actual Loops": 6,
                                                                                        "Filter": "((kind)::text = 'cast'::text)",
                                                                                        "Rows Removed by Filter": 3
                                                                                      }
                                                                                    ]
                                                                                  }
                                                                                ]
                                                                              },
                                                                              {
                                                                                "Node Type": "Index Scan",
                                                                                "Parent Relationship": "Inner",
                                                                                "Parallel Aware": false,
                                                                                "Scan Direction": "Forward",
                                                                                "Index Name": "movie_id_movie_companies",
                                                                                "Relation Name": "movie_companies",
                                                                                "Alias": "mc",
                                                                                "Startup Cost": 0.43,
                                                                                "Total Cost": 0.7,
                                                                                "Plan Rows": 1,
                                                                                "Plan Width": 12,
                                                                                "Actual Startup Time": 0.01,
                                                                                "Actual Total Time": 0.013,
                                                                                "Actual Rows": 2,
                                                                                "Actual Loops": 61699,
                                                                                "Index Cond": "(movie_id = mi.movie_id)",
                                                                                "Rows Removed by Index Recheck": 0,
                                                                                "Filter": "((note !~~ '%(USA)%'::text) AND (note ~~ '%(200%)%'::text))",
                                                                                "Rows Removed by Filter": 7
                                                                              }
                                                                            ]
                                                                          },
                                                                          {
                                                                            "Node Type": "Index Scan",
                                                                            "Parent Relationship": "Inner",
                                                                            "Parallel Aware": false,
                                                                            "Scan Direction": "Forward",
                                                                            "Index Name": "company_name_pkey",
                                                                            "Relation Name": "company_name",
                                                                            "Alias": "cn",
                                                                            "Startup Cost": 0.42,
                                                                            "Total Cost": 0.54,
                                                                            "Plan Rows": 1,
                                                                            "Plan Width": 23,
                                                                            "Actual Startup Time": 0.003,
                                                                            "Actual Total Time": 0.003,
                                                                            "Actual Rows": 1,
                                                                            "Actual Loops": 106000,
                                                                            "Index Cond": "(id = mc.company_id)",
                                                                            "Rows Removed by Index Recheck": 0,
                                                                            "Filter": "((country_code)::text <> '[us]'::text)",
                                                                            "Rows Removed by Filter": 0
                                                                          }
                                                                        ]
                                                                      }
                                                                    ]
                                                                  }
                                                                ]
                                                              }
                                                            ]
                                                          }
                                                        ]
                                                      }
                                                    ]
                                                  }
                                                ]
                                              }
                                            ]
                                          }
                                        ]
                                      }
                                    ]
                                  }
                                ]
                              }
                            ]
                          }
                        ]
                      }
                    ]
                  }
                ]
              }
            ]
          }
        ]
      }
    ]
  },
  "Planning Time": 132.547,
  "Triggers": [],
  "Execution Time": 4982.944
}