{
  "Plan": {
    "Node Type": "Aggregate",
    "Strategy": "Plain",
    "Partial Mode": "Finalize",
    "Parallel Aware": false,
    "Startup Cost": 132864.82,
    "Total Cost": 132864.83,
    "Plan Rows": 1,
    "Plan Width": 8,
    "Actual Startup Time": 637.695,
    "Actual Total Time": 663.83,
    "Actual Rows": 1,
    "Actual Loops": 1,
    "Plans": [
      {
        "Node Type": "Gather",
        "Parent Relationship": "Outer",
        "Parallel Aware": false,
        "Startup Cost": 132864.71,
        "Total Cost": 132864.82,
        "Plan Rows": 1,
        "Plan Width": 8,
        "Actual Startup Time": 637.511,
        "Actual Total Time": 663.824,
        "Actual Rows": 2,
        "Actual Loops": 1,
        "Workers Planned": 1,
        "Workers Launched": 1,
        "Single Copy": false,
        "Plans": [
          {
            "Node Type": "Aggregate",
            "Strategy": "Plain",
            "Partial Mode": "Partial",
            "Parent Relationship": "Outer",
            "Parallel Aware": false,
            "Startup Cost": 131864.71,
            "Total Cost": 131864.72,
            "Plan Rows": 1,
            "Plan Width": 8,
            "Actual Startup Time": 631.59,
            "Actual Total Time": 631.594,
            "Actual Rows": 1,
            "Actual Loops": 2,
            "Plans": [
              {
                "Node Type": "Nested Loop",
                "Parent Relationship": "Outer",
                "Parallel Aware": false,
                "Join Type": "Inner",
                "Startup Cost": 54705.94,
                "Total Cost": 131753.08,
                "Plan Rows": 44653,
                "Plan Width": 0,
                "Actual Startup Time": 146.492,
                "Actual Total Time": 608.973,
                "Actual Rows": 426534,
                "Actual Loops": 2,
                "Inner Unique": false,
                "Join Filter": "(t.id = mi.movie_id)",
                "Rows Removed by Join Filter": 0,
                "Plans": [
                  {
                    "Node Type": "Hash Join",
                    "Parent Relationship": "Outer",
                    "Parallel Aware": true,
                    "Join Type": "Inner",
                    "Startup Cost": 54705.5,
                    "Total Cost": 115605.51,
                    "Plan Rows": 7636,
                    "Plan Width": 8,
                    "Actual Startup Time": 146.415,
                    "Actual Total Time": 427.827,
                    "Actual Rows": 7568,
                    "Actual Loops": 2,
                    "Inner Unique": true,
                    "Hash Cond": "(mk.movie_id = t.id)",
                    "Plans": [
                      {
                        "Node Type": "Seq Scan",
                        "Parent Relationship": "Outer",
                        "Parallel Aware": true,
                        "Relation Name": "movie_keyword",
                        "Alias": "mk",
                        "Startup Cost": 0.0,
                        "Total Cost": 57718.19,
                        "Plan Rows": 1212122,
                        "Plan Width": 4,
                        "Actual Startup Time": 0.585,
                        "Actual Total Time": 200.766,
                        "Actual Rows": 1029183,
                        "Actual Loops": 2,
                        "Filter": "(keyword_id > 5926)",
                        "Rows Removed by Filter": 1232782
                      },
                      {
                        "Node Type": "Hash",
                        "Parent Relationship": "Inner",
                        "Parallel Aware": true,
                        "Startup Cost": 54588.39,
                        "Total Cost": 54588.39,
                        "Plan Rows": 9369,
                        "Plan Width": 4,
                        "Actual Startup Time": 144.316,
                        "Actual Total Time": 144.317,
                        "Actual Rows": 7019,
                        "Actual Loops": 2,
                        "Hash Buckets": 16384,
                        "Original Hash Buckets": 16384,
                        "Hash Batches": 1,
                        "Original Hash Batches": 1,
                        "Peak Memory Usage": 704,
                        "Plans": [
                          {
                            "Node Type": "Seq Scan",
                            "Parent Relationship": "Outer",
                            "Parallel Aware": true,
                            "Relation Name": "title",
                            "Alias": "t",
                            "Startup Cost": 0.0,
                            "Total Cost": 54588.39,
                            "Plan Rows": 9369,
                            "Plan Width": 4,
                            "Actual Startup Time": 0.054,
                            "Actual Total Time": 141.393,
                            "Actual Rows": 7019,
                            "Actual Loops": 2,
                            "Filter": "(production_year = 1977)",
                            "Rows Removed by Filter": 1257137
                          }
                        ]
                      }
                    ]
                  },
                  {
                    "Node Type": "Index Only Scan",
                    "Parent Relationship": "Inner",
                    "Parallel Aware": false,
                    "Scan Direction": "Forward",
                    "Index Name": "movie_id_movie_info",
                    "Relation Name": "movie_info",
                    "Alias": "mi",
                    "Startup Cost": 0.43,
                    "Total Cost": 1.59,
                    "Plan Rows": 42,
                    "Plan Width": 4,
                    "Actual Startup Time": 0.004,
                    "Actual Total Time": 0.018,
                    "Actual Rows": 56,
                    "Actual Loops": 15135,
                    "Index Cond": "(movie_id = mk.movie_id)",
                    "Rows Removed by Index Recheck": 0,
                    "Heap Fetches": 853069
                  }
                ]
              }
            ]
          }
        ]
      }
    ]
  },
  "Planning Time": 0.838,
  "Triggers": [],
  "Execution Time": 663.913
}