[
  {
    "Plan": {
      "Node Type": "Aggregate",
      "Strategy": "Plain",
      "Partial Mode": "Finalize",
      "Parallel Aware": false,
      "Startup Cost": 26432.5,
      "Total Cost": 26432.51,
      "Plan Rows": 1,
      "Plan Width": 8,
      "Actual Startup Time": 72.326,
      "Actual Total Time": 78.433,
      "Actual Rows": 1,
      "Actual Loops": 1,
      "Plans": [
        {
          "Node Type": "Gather",
          "Parent Relationship": "Outer",
          "Parallel Aware": false,
          "Startup Cost": 26432.18,
          "Total Cost": 26432.49,
          "Plan Rows": 3,
          "Plan Width": 8,
          "Actual Startup Time": 72.066,
          "Actual Total Time": 78.426,
          "Actual Rows": 4,
          "Actual Loops": 1,
          "Workers Planned": 3,
          "Workers Launched": 3,
          "Single Copy": false,
          "Plans": [
            {
              "Node Type": "Aggregate",
              "Strategy": "Plain",
              "Partial Mode": "Partial",
              "Parent Relationship": "Outer",
              "Parallel Aware": false,
              "Startup Cost": 25432.18,
              "Total Cost": 25432.19,
              "Plan Rows": 1,
              "Plan Width": 8,
              "Actual Startup Time": 63.872,
              "Actual Total Time": 63.873,
              "Actual Rows": 1,
              "Actual Loops": 4,
              "Plans": [
                {
                  "Node Type": "Bitmap Heap Scan",
                  "Parent Relationship": "Outer",
                  "Parallel Aware": true,
                  "Relation Name": "movie_companies",
                  "Alias": "mc",
                  "Startup Cost": 5429.98,
                  "Total Cost": 25230.14,
                  "Plan Rows": 80814,
                  "Plan Width": 0,
                  "Actual Startup Time": 17.381,
                  "Actual Total Time": 59.377,
                  "Actual Rows": 61510,
                  "Actual Loops": 4,
                  "Recheck Cond": "(company_id < 115)",
                  "Rows Removed by Index Recheck": 0,
                  "Exact Heap Blocks": 10873,
                  "Lossy Heap Blocks": 0,
                  "Plans": [
                    {
                      "Node Type": "Bitmap Index Scan",
                      "Parent Relationship": "Outer",
                      "Parallel Aware": false,
                      "Index Name": "company_id_movie_companies",
                      "Startup Cost": 0.0,
                      "Total Cost": 5367.35,
                      "Plan Rows": 250522,
                      "Plan Width": 0,
                      "Actual Startup Time": 21.292,
                      "Actual Total Time": 21.292,
                      "Actual Rows": 246042,
                      "Actual Loops": 1,
                      "Index Cond": "(company_id < 115)"
                    }
                  ]
                }
              ]
            }
          ]
        }
      ]
    },
    "Planning Time": 0.119,
    "Triggers": [],
    "Execution Time": 78.483
  }
]