[
  {
    "Plan": {
      "Node Type": "Aggregate",
      "Strategy": "Plain",
      "Partial Mode": "Finalize",
      "Parallel Aware": false,
      "Startup Cost": 57951.87,
      "Total Cost": 57951.88,
      "Plan Rows": 1,
      "Plan Width": 8,
      "Actual Startup Time": 95.442,
      "Actual Total Time": 106.878,
      "Actual Rows": 1,
      "Actual Loops": 1,
      "Plans": [
        {
          "Node Type": "Gather",
          "Parent Relationship": "Outer",
          "Parallel Aware": false,
          "Startup Cost": 57951.45,
          "Total Cost": 57951.86,
          "Plan Rows": 4,
          "Plan Width": 8,
          "Actual Startup Time": 95.165,
          "Actual Total Time": 106.867,
          "Actual Rows": 5,
          "Actual Loops": 1,
          "Workers Planned": 4,
          "Workers Launched": 4,
          "Single Copy": false,
          "Plans": [
            {
              "Node Type": "Aggregate",
              "Strategy": "Plain",
              "Partial Mode": "Partial",
              "Parent Relationship": "Outer",
              "Parallel Aware": false,
              "Startup Cost": 56951.45,
              "Total Cost": 56951.46,
              "Plan Rows": 1,
              "Plan Width": 8,
              "Actual Startup Time": 89.101,
              "Actual Total Time": 89.103,
              "Actual Rows": 1,
              "Actual Loops": 5,
              "Plans": [
                {
                  "Node Type": "Nested Loop",
                  "Parent Relationship": "Outer",
                  "Parallel Aware": false,
                  "Join Type": "Inner",
                  "Startup Cost": 0.43,
                  "Total Cost": 56948.83,
                  "Plan Rows": 1047,
                  "Plan Width": 0,
                  "Actual Startup Time": 11.293,
                  "Actual Total Time": 89.065,
                  "Actual Rows": 311,
                  "Actual Loops": 5,
                  "Inner Unique": false,
                  "Plans": [
                    {
                      "Node Type": "Seq Scan",
                      "Parent Relationship": "Outer",
                      "Parallel Aware": true,
                      "Relation Name": "title",
                      "Alias": "t",
                      "Startup Cost": 0.0,
                      "Total Cost": 45479.59,
                      "Plan Rows": 1311,
                      "Plan Width": 4,
                      "Actual Startup Time": 0.399,
                      "Actual Total Time": 84.588,
                      "Actual Rows": 804,
                      "Actual Loops": 5,
                      "Filter": "((kind_id = 7) AND (production_year = 1954))",
                      "Rows Removed by Filter": 504858
                    },
                    {
                      "Node Type": "Index Scan",
                      "Parent Relationship": "Inner",
                      "Parallel Aware": false,
                      "Scan Direction": "Forward",
                      "Index Name": "movie_id_movie_keyword",
                      "Relation Name": "movie_keyword",
                      "Alias": "mk",
                      "Startup Cost": 0.43,
                      "Total Cost": 8.54,
                      "Plan Rows": 21,
                      "Plan Width": 4,
                      "Actual Startup Time": 0.005,
                      "Actual Total Time": 0.005,
                      "Actual Rows": 0,
                      "Actual Loops": 4021,
                      "Index Cond": "(movie_id = t.id)",
                      "Rows Removed by Index Recheck": 0,
                      "Filter": "(keyword_id > 6226)",
                      "Rows Removed by Filter": 0
                    }
                  ]
                }
              ]
            }
          ]
        }
      ]
    },
    "Planning Time": 0.549,
    "Triggers": [],
    "Execution Time": 106.942
  }
]