{
    "Plan": {
        "Node Type": "Aggregate",
        "Strategy": "Plain",
        "Partial Mode": "Simple",
        "Parallel Aware": false,
        "Startup Cost": 729.48,
        "Total Cost": 729.49,
        "Plan Rows": 1,
        "Plan Width": 8,
        "Actual Startup Time": 17.811,
        "Actual Total Time": 17.814,
        "Actual Rows": 1,
        "Actual Loops": 1,
        "Output": [
            "count(*)"
        ],
        "Plans": [
            {
                "Node Type": "Nested Loop",
                "Parent Relationship": "Outer",
                "Parallel Aware": false,
                "Join Type": "Inner",
                "Startup Cost": 1.29,
                "Total Cost": 729.44,
                "Plan Rows": 16,
                "Plan Width": 0,
                "Actual Startup Time": 16.431,
                "Actual Total Time": 17.785,
                "Actual Rows": 66,
                "Actual Loops": 1,
                "Inner Unique": false,
                "Plans": [
                    {
                        "Node Type": "Nested Loop",
                        "Parent Relationship": "Outer",
                        "Parallel Aware": false,
                        "Join Type": "Inner",
                        "Startup Cost": 0.86,
                        "Total Cost": 713.5,
                        "Plan Rows": 29,
                        "Plan Width": 8,
                        "Actual Startup Time": 16.259,
                        "Actual Total Time": 17.09,
                        "Actual Rows": 48,
                        "Actual Loops": 1,
                        "Output": [
                            "t.id",
                            "mc.movie_id"
                        ],
                        "Inner Unique": true,
                        "Plans": [
                            {
                                "Node Type": "Index Scan",
                                "Parent Relationship": "Outer",
                                "Parallel Aware": false,
                                "Scan Direction": "Forward",
                                "Index Name": "company_id_movie_companies",
                                "Relation Name": "movie_companies",
                                "Schema": "public",
                                "Alias": "mc",
                                "Startup Cost": 0.43,
                                "Total Cost": 274.1,
                                "Plan Rows": 52,
                                "Plan Width": 4,
                                "Actual Startup Time": 16.224,
                                "Actual Total Time": 16.427,
                                "Actual Rows": 48,
                                "Actual Loops": 1,
                                "Output": [
                                    "mc.id",
                                    "mc.movie_id",
                                    "mc.company_id",
                                    "mc.company_type_id",
                                    "mc.note"
                                ],
                                "Index Cond": "(mc.company_id = 18115)",
                                "Rows Removed by Index Recheck": 0,
                                "Filter": "(mc.company_type_id > 1)",
                                "Rows Removed by Filter": 14
                            },
                            {
                                "Node Type": "Index Scan",
                                "Parent Relationship": "Inner",
                                "Parallel Aware": false,
                                "Scan Direction": "Forward",
                                "Index Name": "title_pkey",
                                "Relation Name": "title",
                                "Schema": "public",
                                "Alias": "t",
                                "Startup Cost": 0.43,
                                "Total Cost": 8.45,
                                "Plan Rows": 1,
                                "Plan Width": 4,
                                "Actual Startup Time": 0.013,
                                "Actual Total Time": 0.013,
                                "Actual Rows": 1,
                                "Actual Loops": 48,
                                "Output": [
                                    "t.id",
                                    "t.title",
                                    "t.imdb_index",
                                    "t.kind_id",
                                    "t.production_year",
                                    "t.imdb_id",
                                    "t.phonetic_code",
                                    "t.episode_of_id",
                                    "t.season_nr",
                                    "t.episode_nr",
                                    "t.series_years",
                                    "t.md5sum"
                                ],
                                "Index Cond": "(t.id = mc.movie_id)",
                                "Rows Removed by Index Recheck": 0,
                                "Filter": "(t.production_year > 1999)",
                                "Rows Removed by Filter": 0
                            }
                        ]
                    },
                    {
                        "Node Type": "Index Only Scan",
                        "Parent Relationship": "Inner",
                        "Parallel Aware": false,
                        "Scan Direction": "Forward",
                        "Index Name": "movie_id_movie_info_idx",
                        "Relation Name": "movie_info_idx",
                        "Schema": "public",
                        "Alias": "mi_idx",
                        "Startup Cost": 0.43,
                        "Total Cost": 0.52,
                        "Plan Rows": 3,
                        "Plan Width": 4,
                        "Actual Startup Time": 0.013,
                        "Actual Total Time": 0.013,
                        "Actual Rows": 1,
                        "Actual Loops": 48,
                        "Output": [
                            "mi_idx.movie_id"
                        ],
                        "Index Cond": "(mi_idx.movie_id = t.id)",
                        "Rows Removed by Index Recheck": 0,
                        "Heap Fetches": 66
                    }
                ]
            }
        ]
    },
    "Planning Time": 1.672,
    "Triggers": [],
    "Execution Time": 17.896
}