{
  "Plan": {
    "Node Type": "Aggregate",
    "Strategy": "Plain",
    "Partial Mode": "Finalize",
    "Parallel Aware": false,
    "Startup Cost": 120286.74,
    "Total Cost": 120286.75,
    "Plan Rows": 1,
    "Plan Width": 8,
    "Actual Startup Time": 387.869,
    "Actual Total Time": 407.676,
    "Actual Rows": 1,
    "Actual Loops": 1,
    "Plans": [
      {
        "Node Type": "Gather",
        "Parent Relationship": "Outer",
        "Parallel Aware": false,
        "Startup Cost": 120286.63,
        "Total Cost": 120286.74,
        "Plan Rows": 1,
        "Plan Width": 8,
        "Actual Startup Time": 387.739,
        "Actual Total Time": 407.67,
        "Actual Rows": 2,
        "Actual Loops": 1,
        "Workers Planned": 1,
        "Workers Launched": 1,
        "Single Copy": false,
        "Plans": [
          {
            "Node Type": "Aggregate",
            "Strategy": "Plain",
            "Partial Mode": "Partial",
            "Parent Relationship": "Outer",
            "Parallel Aware": false,
            "Startup Cost": 119286.63,
            "Total Cost": 119286.64,
            "Plan Rows": 1,
            "Plan Width": 8,
            "Actual Startup Time": 383.832,
            "Actual Total Time": 383.835,
            "Actual Rows": 1,
            "Actual Loops": 2,
            "Plans": [
              {
                "Node Type": "Hash Join",
                "Parent Relationship": "Outer",
                "Parallel Aware": true,
                "Join Type": "Inner",
                "Startup Cost": 58506.52,
                "Total Cost": 119255.56,
                "Plan Rows": 12425,
                "Plan Width": 0,
                "Actual Startup Time": 143.555,
                "Actual Total Time": 383.477,
                "Actual Rows": 7096,
                "Actual Loops": 2,
                "Inner Unique": true,
                "Hash Cond": "(mk.movie_id = t.id)",
                "Plans": [
                  {
                    "Node Type": "Seq Scan",
                    "Parent Relationship": "Outer",
                    "Parallel Aware": true,
                    "Relation Name": "movie_keyword",
                    "Alias": "mk",
                    "Startup Cost": 0.0,
                    "Total Cost": 57718.19,
                    "Plan Rows": 1154611,
                    "Plan Width": 4,
                    "Actual Startup Time": 0.633,
                    "Actual Total Time": 174.614,
                    "Actual Rows": 979218,
                    "Actual Loops": 2,
                    "Filter": "(keyword_id > 6510)",
                    "Rows Removed by Filter": 1282747
                  },
                  {
                    "Node Type": "Hash",
                    "Parent Relationship": "Inner",
                    "Parallel Aware": true,
                    "Startup Cost": 58306.47,
                    "Total Cost": 58306.47,
                    "Plan Rows": 16004,
                    "Plan Width": 4,
                    "Actual Startup Time": 142.003,
                    "Actual Total Time": 142.004,
                    "Actual Rows": 15331,
                    "Actual Loops": 2,
                    "Hash Buckets": 32768,
                    "Original Hash Buckets": 32768,
                    "Hash Batches": 1,
                    "Original Hash Batches": 1,
                    "Peak Memory Usage": 1472,
                    "Plans": [
                      {
                        "Node Type": "Seq Scan",
                        "Parent Relationship": "Outer",
                        "Parallel Aware": true,
                        "Relation Name": "title",
                        "Alias": "t",
                        "Startup Cost": 0.0,
                        "Total Cost": 58306.47,
                        "Plan Rows": 16004,
                        "Plan Width": 4,
                        "Actual Startup Time": 0.038,
                        "Actual Total Time": 137.259,
                        "Actual Rows": 15331,
                        "Actual Loops": 2,
                        "Filter": "((kind_id > 2) AND (production_year = 1997))",
                        "Rows Removed by Filter": 1248825
                      }
                    ]
                  }
                ]
              }
            ]
          }
        ]
      }
    ]
  },
  "Planning Time": 0.39,
  "Triggers": [],
  "Execution Time": 407.738
}