[
  {
    "Plan": {
      "Node Type": "Aggregate",
      "Strategy": "Plain",
      "Partial Mode": "Finalize",
      "Parallel Aware": false,
      "Startup Cost": 99873.28,
      "Total Cost": 99873.29,
      "Plan Rows": 1,
      "Plan Width": 8,
      "Actual Startup Time": 264.392,
      "Actual Total Time": 290.689,
      "Actual Rows": 1,
      "Actual Loops": 1,
      "Plans": [
        {
          "Node Type": "Gather",
          "Parent Relationship": "Outer",
          "Parallel Aware": false,
          "Startup Cost": 99872.96,
          "Total Cost": 99873.27,
          "Plan Rows": 3,
          "Plan Width": 8,
          "Actual Startup Time": 264.102,
          "Actual Total Time": 290.681,
          "Actual Rows": 4,
          "Actual Loops": 1,
          "Workers Planned": 3,
          "Workers Launched": 3,
          "Single Copy": false,
          "Plans": [
            {
              "Node Type": "Aggregate",
              "Strategy": "Plain",
              "Partial Mode": "Partial",
              "Parent Relationship": "Outer",
              "Parallel Aware": false,
              "Startup Cost": 98872.96,
              "Total Cost": 98872.97,
              "Plan Rows": 1,
              "Plan Width": 8,
              "Actual Startup Time": 256.288,
              "Actual Total Time": 256.291,
              "Actual Rows": 1,
              "Actual Loops": 4,
              "Plans": [
                {
                  "Node Type": "Nested Loop",
                  "Parent Relationship": "Outer",
                  "Parallel Aware": false,
                  "Join Type": "Inner",
                  "Startup Cost": 45564.47,
                  "Total Cost": 98814.78,
                  "Plan Rows": 23275,
                  "Plan Width": 0,
                  "Actual Startup Time": 92.752,
                  "Actual Total Time": 253.541,
                  "Actual Rows": 58826,
                  "Actual Loops": 4,
                  "Inner Unique": false,
                  "Join Filter": "(t.id = mi.movie_id)",
                  "Rows Removed by Join Filter": 0,
                  "Plans": [
                    {
                      "Node Type": "Hash Join",
                      "Parent Relationship": "Outer",
                      "Parallel Aware": true,
                      "Join Type": "Inner",
                      "Startup Cost": 45564.04,
                      "Total Cost": 89233.26,
                      "Plan Rows": 3964,
                      "Plan Width": 8,
                      "Actual Startup Time": 92.657,
                      "Actual Total Time": 200.68,
                      "Actual Rows": 2368,
                      "Actual Loops": 4,
                      "Inner Unique": true,
                      "Hash Cond": "(mk.movie_id = t.id)",
                      "Plans": [
                        {
                          "Node Type": "Seq Scan",
                          "Parent Relationship": "Outer",
                          "Parallel Aware": true,
                          "Relation Name": "movie_keyword",
                          "Alias": "mk",
                          "Startup Cost": 0.0,
                          "Total Cost": 42695.65,
                          "Plan Rows": 370885,
                          "Plan Width": 4,
                          "Actual Startup Time": 1.146,
                          "Actual Total Time": 86.852,
                          "Actual Rows": 288105,
                          "Actual Loops": 4,
                          "Filter": "(keyword_id > 16158)",
                          "Rows Removed by Filter": 842878
                        },
                        {
                          "Node Type": "Hash",
                          "Parent Relationship": "Inner",
                          "Parallel Aware": true,
                          "Startup Cost": 45479.59,
                          "Total Cost": 45479.59,
                          "Plan Rows": 6756,
                          "Plan Width": 4,
                          "Actual Startup Time": 90.614,
                          "Actual Total Time": 90.614,
                          "Actual Rows": 6771,
                          "Actual Loops": 4,
                          "Hash Buckets": 32768,
                          "Original Hash Buckets": 32768,
                          "Hash Batches": 1,
                          "Original Hash Batches": 1,
                          "Peak Memory Usage": 1344,
                          "Plans": [
                            {
                              "Node Type": "Seq Scan",
                              "Parent Relationship": "Outer",
                              "Parallel Aware": true,
                              "Relation Name": "title",
                              "Alias": "t",
                              "Startup Cost": 0.0,
                              "Total Cost": 45479.59,
                              "Plan Rows": 6756,
                              "Plan Width": 4,
                              "Actual Startup Time": 0.361,
                              "Actual Total Time": 87.901,
                              "Actual Rows": 6771,
                              "Actual Loops": 4,
                              "Filter": "((kind_id < 7) AND (production_year > 2012))",
                              "Rows Removed by Filter": 625307
                            }
                          ]
                        }
                      ]
                    },
                    {
                      "Node Type": "Index Only Scan",
                      "Parent Relationship": "Inner",
                      "Parallel Aware": false,
                      "Scan Direction": "Forward",
                      "Index Name": "movie_id_movie_info",
                      "Relation Name": "movie_info",
                      "Alias": "mi",
                      "Startup Cost": 0.43,
                      "Total Cost": 1.9,
                      "Plan Rows": 41,
                      "Plan Width": 4,
                      "Actual Startup Time": 0.006,
                      "Actual Total Time": 0.02,
                      "Actual Rows": 25,
                      "Actual Loops": 9474,
                      "Index Cond": "(movie_id = mk.movie_id)",
                      "Rows Removed by Index Recheck": 0,
                      "Heap Fetches": 235304
                    }
                  ]
                }
              ]
            }
          ]
        }
      ]
    },
    "Planning Time": 0.73,
    "Triggers": [],
    "Execution Time": 290.731
  }
]