[
  {
    "Plan": {
      "Node Type": "Aggregate",
      "Strategy": "Plain",
      "Partial Mode": "Finalize",
      "Parallel Aware": false,
      "Startup Cost": 46764.45,
      "Total Cost": 46764.46,
      "Plan Rows": 1,
      "Plan Width": 8,
      "Actual Startup Time": 175.69,
      "Actual Total Time": 184.024,
      "Actual Rows": 1,
      "Actual Loops": 1,
      "Plans": [
        {
          "Node Type": "Gather",
          "Parent Relationship": "Outer",
          "Parallel Aware": false,
          "Startup Cost": 46764.13,
          "Total Cost": 46764.44,
          "Plan Rows": 3,
          "Plan Width": 8,
          "Actual Startup Time": 175.564,
          "Actual Total Time": 184.015,
          "Actual Rows": 4,
          "Actual Loops": 1,
          "Workers Planned": 3,
          "Workers Launched": 3,
          "Single Copy": false,
          "Plans": [
            {
              "Node Type": "Aggregate",
              "Strategy": "Plain",
              "Partial Mode": "Partial",
              "Parent Relationship": "Outer",
              "Parallel Aware": false,
              "Startup Cost": 45764.13,
              "Total Cost": 45764.14,
              "Plan Rows": 1,
              "Plan Width": 8,
              "Actual Startup Time": 167.07,
              "Actual Total Time": 167.071,
              "Actual Rows": 1,
              "Actual Loops": 4,
              "Plans": [
                {
                  "Node Type": "Seq Scan",
                  "Parent Relationship": "Outer",
                  "Parallel Aware": true,
                  "Relation Name": "movie_keyword",
                  "Alias": "mk",
                  "Startup Cost": 0.0,
                  "Total Cost": 42695.65,
                  "Plan Rows": 1227390,
                  "Plan Width": 0,
                  "Actual Startup Time": 0.059,
                  "Actual Total Time": 122.676,
                  "Actual Rows": 953045,
                  "Actual Loops": 4,
                  "Filter": "(keyword_id < 26554)",
                  "Rows Removed by Filter": 177938
                }
              ]
            }
          ]
        }
      ]
    },
    "Planning Time": 0.165,
    "Triggers": [],
    "Execution Time": 184.076
  }
]