[
  {
    "Plan": {
      "Node Type": "Aggregate",
      "Strategy": "Plain",
      "Partial Mode": "Finalize",
      "Parallel Aware": false,
      "Startup Cost": 46907.11,
      "Total Cost": 46907.12,
      "Plan Rows": 1,
      "Plan Width": 8,
      "Actual Startup Time": 168.278,
      "Actual Total Time": 174.262,
      "Actual Rows": 1,
      "Actual Loops": 1,
      "Plans": [
        {
          "Node Type": "Gather",
          "Parent Relationship": "Outer",
          "Parallel Aware": false,
          "Startup Cost": 46906.79,
          "Total Cost": 46907.1,
          "Plan Rows": 3,
          "Plan Width": 8,
          "Actual Startup Time": 168.197,
          "Actual Total Time": 174.257,
          "Actual Rows": 4,
          "Actual Loops": 1,
          "Workers Planned": 3,
          "Workers Launched": 3,
          "Single Copy": false,
          "Plans": [
            {
              "Node Type": "Aggregate",
              "Strategy": "Plain",
              "Partial Mode": "Partial",
              "Parent Relationship": "Outer",
              "Parallel Aware": false,
              "Startup Cost": 45906.79,
              "Total Cost": 45906.8,
              "Plan Rows": 1,
              "Plan Width": 8,
              "Actual Startup Time": 163.796,
              "Actual Total Time": 163.797,
              "Actual Rows": 1,
              "Actual Loops": 4,
              "Plans": [
                {
                  "Node Type": "Seq Scan",
                  "Parent Relationship": "Outer",
                  "Parallel Aware": true,
                  "Relation Name": "movie_keyword",
                  "Alias": "mk",
                  "Startup Cost": 0.0,
                  "Total Cost": 42695.65,
                  "Plan Rows": 1284456,
                  "Plan Width": 0,
                  "Actual Startup Time": 0.028,
                  "Actual Total Time": 116.595,
                  "Actual Rows": 996595,
                  "Actual Loops": 4,
                  "Filter": "(keyword_id < 34193)",
                  "Rows Removed by Filter": 134388
                }
              ]
            }
          ]
        }
      ]
    },
    "Planning Time": 0.113,
    "Triggers": [],
    "Execution Time": 174.298
  }
]