{
  "Plan": {
    "Node Type": "Aggregate",
    "Strategy": "Plain",
    "Partial Mode": "Finalize",
    "Parallel Aware": false,
    "Startup Cost": 76562.15,
    "Total Cost": 76562.16,
    "Plan Rows": 1,
    "Plan Width": 8,
    "Actual Startup Time": 161.931,
    "Actual Total Time": 174.699,
    "Actual Rows": 1,
    "Actual Loops": 1,
    "Plans": [
      {
        "Node Type": "Gather",
        "Parent Relationship": "Outer",
        "Parallel Aware": false,
        "Startup Cost": 76562.04,
        "Total Cost": 76562.15,
        "Plan Rows": 1,
        "Plan Width": 8,
        "Actual Startup Time": 161.727,
        "Actual Total Time": 174.692,
        "Actual Rows": 2,
        "Actual Loops": 1,
        "Workers Planned": 1,
        "Workers Launched": 1,
        "Single Copy": false,
        "Plans": [
          {
            "Node Type": "Aggregate",
            "Strategy": "Plain",
            "Partial Mode": "Partial",
            "Parent Relationship": "Outer",
            "Parallel Aware": false,
            "Startup Cost": 75562.04,
            "Total Cost": 75562.05,
            "Plan Rows": 1,
            "Plan Width": 8,
            "Actual Startup Time": 155.613,
            "Actual Total Time": 155.617,
            "Actual Rows": 1,
            "Actual Loops": 2,
            "Plans": [
              {
                "Node Type": "Hash Join",
                "Parent Relationship": "Outer",
                "Parallel Aware": true,
                "Join Type": "Inner",
                "Startup Cost": 20724.01,
                "Total Cost": 75560.96,
                "Plan Rows": 432,
                "Plan Width": 0,
                "Actual Startup Time": 33.571,
                "Actual Total Time": 155.569,
                "Actual Rows": 374,
                "Actual Loops": 2,
                "Inner Unique": false,
                "Hash Cond": "(t.id = mc.movie_id)",
                "Plans": [
                  {
                    "Node Type": "Seq Scan",
                    "Parent Relationship": "Outer",
                    "Parallel Aware": true,
                    "Relation Name": "title",
                    "Alias": "t",
                    "Startup Cost": 0.0,
                    "Total Cost": 54588.39,
                    "Plan Rows": 39362,
                    "Plan Width": 4,
                    "Actual Startup Time": 0.014,
                    "Actual Total Time": 115.689,
                    "Actual Rows": 33888,
                    "Actual Loops": 2,
                    "Filter": "(production_year = 2003)",
                    "Rows Removed by Filter": 1230268
                  },
                  {
                    "Node Type": "Hash",
                    "Parent Relationship": "Inner",
                    "Parallel Aware": true,
                    "Startup Cost": 20520.01,
                    "Total Cost": 20520.01,
                    "Plan Rows": 16320,
                    "Plan Width": 4,
                    "Actual Startup Time": 32.183,
                    "Actual Total Time": 32.185,
                    "Actual Rows": 13652,
                    "Actual Loops": 2,
                    "Hash Buckets": 32768,
                    "Original Hash Buckets": 32768,
                    "Hash Batches": 1,
                    "Original Hash Batches": 1,
                    "Peak Memory Usage": 1344,
                    "Plans": [
                      {
                        "Node Type": "Bitmap Heap Scan",
                        "Parent Relationship": "Outer",
                        "Parallel Aware": true,
                        "Relation Name": "movie_companies",
                        "Alias": "mc",
                        "Startup Cost": 603.45,
                        "Total Cost": 20520.01,
                        "Plan Rows": 16320,
                        "Plan Width": 4,
                        "Actual Startup Time": 7.758,
                        "Actual Total Time": 27.553,
                        "Actual Rows": 13652,
                        "Actual Loops": 2,
                        "Recheck Cond": "(company_id = 27)",
                        "Rows Removed by Index Recheck": 0,
                        "Exact Heap Blocks": 6274,
                        "Lossy Heap Blocks": 0,
                        "Plans": [
                          {
                            "Node Type": "Bitmap Index Scan",
                            "Parent Relationship": "Outer",
                            "Parallel Aware": false,
                            "Index Name": "company_id_movie_companies",
                            "Startup Cost": 0.0,
                            "Total Cost": 596.51,
                            "Plan Rows": 27744,
                            "Plan Width": 0,
                            "Actual Startup Time": 8.519,
                            "Actual Total Time": 8.519,
                            "Actual Rows": 27303,
                            "Actual Loops": 1,
                            "Index Cond": "(company_id = 27)"
                          }
                        ]
                      }
                    ]
                  }
                ]
              }
            ]
          }
        ]
      }
    ]
  },
  "Planning Time": 0.441,
  "Triggers": [],
  "Execution Time": 174.787
}