[
  {
    "Plan": {
      "Node Type": "Aggregate",
      "Strategy": "Plain",
      "Partial Mode": "Finalize",
      "Parallel Aware": false,
      "Startup Cost": 94725.26,
      "Total Cost": 94725.27,
      "Plan Rows": 1,
      "Plan Width": 8,
      "Actual Startup Time": 506.872,
      "Actual Total Time": 530.124,
      "Actual Rows": 1,
      "Actual Loops": 1,
      "Plans": [
        {
          "Node Type": "Gather",
          "Parent Relationship": "Outer",
          "Parallel Aware": false,
          "Startup Cost": 94724.95,
          "Total Cost": 94725.26,
          "Plan Rows": 3,
          "Plan Width": 8,
          "Actual Startup Time": 502.452,
          "Actual Total Time": 530.115,
          "Actual Rows": 4,
          "Actual Loops": 1,
          "Workers Planned": 3,
          "Workers Launched": 3,
          "Single Copy": false,
          "Plans": [
            {
              "Node Type": "Aggregate",
              "Strategy": "Plain",
              "Partial Mode": "Partial",
              "Parent Relationship": "Outer",
              "Parallel Aware": false,
              "Startup Cost": 93724.95,
              "Total Cost": 93724.96,
              "Plan Rows": 1,
              "Plan Width": 8,
              "Actual Startup Time": 495.311,
              "Actual Total Time": 495.314,
              "Actual Rows": 1,
              "Actual Loops": 4,
              "Plans": [
                {
                  "Node Type": "Hash Join",
                  "Parent Relationship": "Outer",
                  "Parallel Aware": true,
                  "Join Type": "Inner",
                  "Startup Cost": 46894.1,
                  "Total Cost": 92628.16,
                  "Plan Rows": 438714,
                  "Plan Width": 0,
                  "Actual Startup Time": 204.486,
                  "Actual Total Time": 471.719,
                  "Actual Rows": 460480,
                  "Actual Loops": 4,
                  "Inner Unique": true,
                  "Hash Cond": "(mk.movie_id = t.id)",
                  "Plans": [
                    {
                      "Node Type": "Seq Scan",
                      "Parent Relationship": "Outer",
                      "Parallel Aware": true,
                      "Relation Name": "movie_keyword",
                      "Alias": "mk",
                      "Startup Cost": 0.0,
                      "Total Cost": 42695.65,
                      "Plan Rows": 1157490,
                      "Plan Width": 4,
                      "Actual Startup Time": 0.035,
                      "Actual Total Time": 130.118,
                      "Actual Rows": 898183,
                      "Actual Loops": 4,
                      "Filter": "(keyword_id < 20321)",
                      "Rows Removed by Filter": 232800
                    },
                    {
                      "Node Type": "Hash",
                      "Parent Relationship": "Inner",
                      "Parallel Aware": true,
                      "Startup Cost": 43899.32,
                      "Total Cost": 43899.32,
                      "Plan Rows": 239582,
                      "Plan Width": 4,
                      "Actual Startup Time": 201.155,
                      "Actual Total Time": 201.156,
                      "Actual Rows": 242797,
                      "Actual Loops": 4,
                      "Hash Buckets": 1048576,
                      "Original Hash Buckets": 1048576,
                      "Hash Batches": 1,
                      "Original Hash Batches": 1,
                      "Peak Memory Usage": 46272,
                      "Plans": [
                        {
                          "Node Type": "Seq Scan",
                          "Parent Relationship": "Outer",
                          "Parallel Aware": true,
                          "Relation Name": "title",
                          "Alias": "t",
                          "Startup Cost": 0.0,
                          "Total Cost": 43899.32,
                          "Plan Rows": 239582,
                          "Plan Width": 4,
                          "Actual Startup Time": 0.038,
                          "Actual Total Time": 114.343,
                          "Actual Rows": 242797,
                          "Actual Loops": 4,
                          "Filter": "(production_year < 1999)",
                          "Rows Removed by Filter": 389281
                        }
                      ]
                    }
                  ]
                }
              ]
            }
          ]
        }
      ]
    },
    "Planning Time": 0.24,
    "Triggers": [],
    "Execution Time": 530.161
  }
]