[
  {
    "Plan": {
      "Node Type": "Aggregate",
      "Strategy": "Plain",
      "Partial Mode": "Simple",
      "Parallel Aware": false,
      "Startup Cost": 26438.28,
      "Total Cost": 26438.29,
      "Plan Rows": 1,
      "Plan Width": 8,
      "Actual Startup Time": 44.97,
      "Actual Total Time": 44.971,
      "Actual Rows": 1,
      "Actual Loops": 1,
      "Plans": [
        {
          "Node Type": "Bitmap Heap Scan",
          "Parent Relationship": "Outer",
          "Parallel Aware": false,
          "Relation Name": "movie_keyword",
          "Alias": "mk",
          "Startup Cost": 988.2,
          "Total Cost": 26322.23,
          "Plan Rows": 46422,
          "Plan Width": 0,
          "Actual Startup Time": 12.849,
          "Actual Total Time": 42.064,
          "Actual Rows": 38892,
          "Actual Loops": 1,
          "Recheck Cond": "(keyword_id < 47)",
          "Rows Removed by Index Recheck": 0,
          "Exact Heap Blocks": 14097,
          "Lossy Heap Blocks": 0,
          "Plans": [
            {
              "Node Type": "Bitmap Index Scan",
              "Parent Relationship": "Outer",
              "Parallel Aware": false,
              "Index Name": "keyword_id_movie_keyword",
              "Startup Cost": 0.0,
              "Total Cost": 976.6,
              "Plan Rows": 46422,
              "Plan Width": 0,
              "Actual Startup Time": 7.974,
              "Actual Total Time": 7.974,
              "Actual Rows": 38892,
              "Actual Loops": 1,
              "Index Cond": "(keyword_id < 47)"
            }
          ]
        }
      ]
    },
    "Planning Time": 0.188,
    "Triggers": [],
    "Execution Time": 45.011
  }
]