[
  {
    "Plan": {
      "Node Type": "Aggregate",
      "Strategy": "Plain",
      "Partial Mode": "Finalize",
      "Parallel Aware": false,
      "Startup Cost": 421776.8,
      "Total Cost": 421776.81,
      "Plan Rows": 1,
      "Plan Width": 8,
      "Actual Startup Time": 1301.056,
      "Actual Total Time": 1360.707,
      "Actual Rows": 1,
      "Actual Loops": 1,
      "Plans": [
        {
          "Node Type": "Gather",
          "Parent Relationship": "Outer",
          "Parallel Aware": false,
          "Startup Cost": 421776.17,
          "Total Cost": 421776.78,
          "Plan Rows": 6,
          "Plan Width": 8,
          "Actual Startup Time": 1285.408,
          "Actual Total Time": 1360.692,
          "Actual Rows": 7,
          "Actual Loops": 1,
          "Workers Planned": 6,
          "Workers Launched": 6,
          "Single Copy": false,
          "Plans": [
            {
              "Node Type": "Aggregate",
              "Strategy": "Plain",
              "Partial Mode": "Partial",
              "Parent Relationship": "Outer",
              "Parallel Aware": false,
              "Startup Cost": 420776.17,
              "Total Cost": 420776.18,
              "Plan Rows": 1,
              "Plan Width": 8,
              "Actual Startup Time": 1277.833,
              "Actual Total Time": 1278.127,
              "Actual Rows": 1,
              "Actual Loops": 7,
              "Plans": [
                {
                  "Node Type": "Hash Join",
                  "Parent Relationship": "Outer",
                  "Parallel Aware": true,
                  "Join Type": "Inner",
                  "Startup Cost": 84927.61,
                  "Total Cost": 419810.74,
                  "Plan Rows": 386172,
                  "Plan Width": 0,
                  "Actual Startup Time": 706.024,
                  "Actual Total Time": 1248.876,
                  "Actual Rows": 579572,
                  "Actual Loops": 7,
                  "Inner Unique": false,
                  "Hash Cond": "(ci.movie_id = t.id)",
                  "Plans": [
                    {
                      "Node Type": "Seq Scan",
                      "Parent Relationship": "Outer",
                      "Parallel Aware": true,
                      "Relation Name": "cast_info",
                      "Alias": "ci",
                      "Startup Cost": 0.0,
                      "Total Cost": 328211.39,
                      "Plan Rows": 1446939,
                      "Plan Width": 4,
                      "Actual Startup Time": 313.816,
                      "Actual Total Time": 574.609,
                      "Actual Rows": 1225151,
                      "Actual Loops": 7,
                      "Filter": "(person_id > 2830205)",
                      "Rows Removed by Filter": 3952613
                    },
                    {
                      "Node Type": "Hash",
                      "Parent Relationship": "Inner",
                      "Parallel Aware": true,
                      "Startup Cost": 82206.61,
                      "Total Cost": 82206.61,
                      "Plan Rows": 217680,
                      "Plan Width": 8,
                      "Actual Startup Time": 389.848,
                      "Actual Total Time": 390.14,
                      "Actual Rows": 62571,
                      "Actual Loops": 7,
                      "Hash Buckets": 1048576,
                      "Original Hash Buckets": 1048576,
                      "Hash Batches": 1,
                      "Original Hash Batches": 1,
                      "Peak Memory Usage": 25440,
                      "Plans": [
                        {
                          "Node Type": "Hash Join",
                          "Parent Relationship": "Outer",
                          "Parallel Aware": true,
                          "Join Type": "Inner",
                          "Startup Cost": 50220.38,
                          "Total Cost": 82206.61,
                          "Plan Rows": 217680,
                          "Plan Width": 8,
                          "Actual Startup Time": 292.638,
                          "Actual Total Time": 359.078,
                          "Actual Rows": 62571,
                          "Actual Loops": 7,
                          "Inner Unique": true,
                          "Hash Cond": "(mc.movie_id = t.id)",
                          "Plans": [
                            {
                              "Node Type": "Seq Scan",
                              "Parent Relationship": "Outer",
                              "Parallel Aware": true,
                              "Relation Name": "movie_companies",
                              "Alias": "mc",
                              "Startup Cost": 0.0,
                              "Total Cost": 31414.82,
                              "Plan Rows": 217680,
                              "Plan Width": 4,
                              "Actual Startup Time": 7.442,
                              "Actual Total Time": 47.702,
                              "Actual Rows": 62571,
                              "Actual Loops": 7,
                              "Filter": "((company_id > 11146) AND (company_type_id < 2))",
                              "Rows Removed by Filter": 310161
                            },
                            {
                              "Node Type": "Hash",
                              "Parent Relationship": "Inner",
                              "Parallel Aware": true,
                              "Startup Cost": 42319.06,
                              "Total Cost": 42319.06,
                              "Plan Rows": 632106,
                              "Plan Width": 4,
                              "Actual Startup Time": 280.903,
                              "Actual Total Time": 280.905,
                              "Actual Rows": 361187,
                              "Actual Loops": 7,
                              "Hash Buckets": 4194304,
                              "Original Hash Buckets": 4194304,
                              "Hash Batches": 1,
                              "Original Hash Batches": 1,
                              "Peak Memory Usage": 131808,
                              "Plans": [
                                {
                                  "Node Type": "Seq Scan",
                                  "Parent Relationship": "Outer",
                                  "Parallel Aware": true,
                                  "Relation Name": "title",
                                  "Alias": "t",
                                  "Startup Cost": 0.0,
                                  "Total Cost": 42319.06,
                                  "Plan Rows": 632106,
                                  "Plan Width": 4,
                                  "Actual Startup Time": 0.051,
                                  "Actual Total Time": 80.954,
                                  "Actual Rows": 361187,
                                  "Actual Loops": 7
                                }
                              ]
                            }
                          ]
                        }
                      ]
                    }
                  ]
                }
              ]
            }
          ]
        }
      ]
    },
    "Planning Time": 0.669,
    "Triggers": [],
    "Execution Time": 1360.773
  }
]