[
  {
    "Plan": {
      "Node Type": "Aggregate",
      "Strategy": "Plain",
      "Partial Mode": "Finalize",
      "Parallel Aware": false,
      "Startup Cost": 47221.4,
      "Total Cost": 47221.41,
      "Plan Rows": 1,
      "Plan Width": 8,
      "Actual Startup Time": 105.721,
      "Actual Total Time": 119.566,
      "Actual Rows": 1,
      "Actual Loops": 1,
      "Plans": [
        {
          "Node Type": "Gather",
          "Parent Relationship": "Outer",
          "Parallel Aware": false,
          "Startup Cost": 47220.98,
          "Total Cost": 47221.39,
          "Plan Rows": 4,
          "Plan Width": 8,
          "Actual Startup Time": 105.548,
          "Actual Total Time": 119.557,
          "Actual Rows": 5,
          "Actual Loops": 1,
          "Workers Planned": 4,
          "Workers Launched": 4,
          "Single Copy": false,
          "Plans": [
            {
              "Node Type": "Aggregate",
              "Strategy": "Plain",
              "Partial Mode": "Partial",
              "Parent Relationship": "Outer",
              "Parallel Aware": false,
              "Startup Cost": 46220.98,
              "Total Cost": 46220.99,
              "Plan Rows": 1,
              "Plan Width": 8,
              "Actual Startup Time": 101.033,
              "Actual Total Time": 101.034,
              "Actual Rows": 1,
              "Actual Loops": 5,
              "Plans": [
                {
                  "Node Type": "Seq Scan",
                  "Parent Relationship": "Outer",
                  "Parallel Aware": true,
                  "Relation Name": "title",
                  "Alias": "t",
                  "Startup Cost": 0.0,
                  "Total Cost": 45479.59,
                  "Plan Rows": 296556,
                  "Plan Width": 0,
                  "Actual Startup Time": 0.024,
                  "Actual Total Time": 88.498,
                  "Actual Rows": 253727,
                  "Actual Loops": 5,
                  "Filter": "((production_year > 1980) AND (kind_id = 7))",
                  "Rows Removed by Filter": 251935
                }
              ]
            }
          ]
        }
      ]
    },
    "Planning Time": 0.193,
    "Triggers": [],
    "Execution Time": 119.624
  }
]