[
  {
    "Plan": {
      "Node Type": "Aggregate",
      "Strategy": "Plain",
      "Partial Mode": "Finalize",
      "Parallel Aware": false,
      "Startup Cost": 181298.9,
      "Total Cost": 181298.91,
      "Plan Rows": 1,
      "Plan Width": 8,
      "Actual Startup Time": 1636.798,
      "Actual Total Time": 1665.764,
      "Actual Rows": 1,
      "Actual Loops": 1,
      "Plans": [
        {
          "Node Type": "Gather",
          "Parent Relationship": "Outer",
          "Parallel Aware": false,
          "Startup Cost": 181298.69,
          "Total Cost": 181298.9,
          "Plan Rows": 2,
          "Plan Width": 8,
          "Actual Startup Time": 1624.013,
          "Actual Total Time": 1665.757,
          "Actual Rows": 3,
          "Actual Loops": 1,
          "Workers Planned": 2,
          "Workers Launched": 2,
          "Single Copy": false,
          "Plans": [
            {
              "Node Type": "Aggregate",
              "Strategy": "Plain",
              "Partial Mode": "Partial",
              "Parent Relationship": "Outer",
              "Parallel Aware": false,
              "Startup Cost": 180298.69,
              "Total Cost": 180298.7,
              "Plan Rows": 1,
              "Plan Width": 8,
              "Actual Startup Time": 1615.688,
              "Actual Total Time": 1615.695,
              "Actual Rows": 1,
              "Actual Loops": 3,
              "Plans": [
                {
                  "Node Type": "Hash Join",
                  "Parent Relationship": "Outer",
                  "Parallel Aware": true,
                  "Join Type": "Inner",
                  "Startup Cost": 162522.03,
                  "Total Cost": 179223.58,
                  "Plan Rows": 430045,
                  "Plan Width": 0,
                  "Actual Startup Time": 1414.983,
                  "Actual Total Time": 1586.705,
                  "Actual Rows": 674863,
                  "Actual Loops": 3,
                  "Inner Unique": false,
                  "Hash Cond": "(mi_idx.movie_id = t.id)",
                  "Plans": [
                    {
                      "Node Type": "Seq Scan",
                      "Parent Relationship": "Outer",
                      "Parallel Aware": true,
                      "Relation Name": "movie_info_idx",
                      "Alias": "mi_idx",
                      "Startup Cost": 0.0,
                      "Total Cost": 13685.15,
                      "Plan Rows": 575015,
                      "Plan Width": 4,
                      "Actual Startup Time": 0.019,
                      "Actual Total Time": 37.952,
                      "Actual Rows": 460012,
                      "Actual Loops": 3
                    },
                    {
                      "Node Type": "Hash",
                      "Parent Relationship": "Inner",
                      "Parallel Aware": true,
                      "Startup Cost": 157794.61,
                      "Total Cost": 157794.61,
                      "Plan Rows": 378194,
                      "Plan Width": 8,
                      "Actual Startup Time": 1409.149,
                      "Actual Total Time": 1409.155,
                      "Actual Rows": 748279,
                      "Actual Loops": 3,
                      "Hash Buckets": 4194304,
                      "Original Hash Buckets": 2097152,
                      "Hash Batches": 1,
                      "Original Hash Batches": 1,
                      "Peak Memory Usage": 137024,
                      "Plans": [
                        {
                          "Node Type": "Hash Join",
                          "Parent Relationship": "Outer",
                          "Parallel Aware": true,
                          "Join Type": "Inner",
                          "Startup Cost": 49138.46,
                          "Total Cost": 157794.61,
                          "Plan Rows": 378194,
                          "Plan Width": 8,
                          "Actual Startup Time": 321.34,
                          "Actual Total Time": 1078.006,
                          "Actual Rows": 748279,
                          "Actual Loops": 3,
                          "Inner Unique": true,
                          "Hash Cond": "(ci.movie_id = t.id)",
                          "Plans": [
                            {
                              "Node Type": "Index Scan",
                              "Parent Relationship": "Outer",
                              "Parallel Aware": true,
                              "Scan Direction": "Forward",
                              "Index Name": "role_id_cast_info",
                              "Relation Name": "cast_info",
                              "Alias": "ci",
                              "Startup Cost": 0.56,
                              "Total Cost": 107159.34,
                              "Plan Rows": 570429,
                              "Plan Width": 4,
                              "Actual Startup Time": 0.084,
                              "Actual Total Time": 265.266,
                              "Actual Rows": 1076859,
                              "Actual Loops": 3,
                              "Index Cond": "(role_id = 3)",
                              "Rows Removed by Index Recheck": 0,
                              "Filter": "(person_id > 981831)",
                              "Rows Removed by Filter": 259153
                            },
                            {
                              "Node Type": "Hash",
                              "Parent Relationship": "Inner",
                              "Parallel Aware": true,
                              "Startup Cost": 43899.32,
                              "Total Cost": 43899.32,
                              "Plan Rows": 419086,
                              "Plan Width": 4,
                              "Actual Startup Time": 316.744,
                              "Actual Total Time": 316.746,
                              "Actual Rows": 558033,
                              "Actual Loops": 3,
                              "Hash Buckets": 2097152,
                              "Original Hash Buckets": 2097152,
                              "Hash Batches": 1,
                              "Original Hash Batches": 1,
                              "Peak Memory Usage": 81920,
                              "Plans": [
                                {
                                  "Node Type": "Seq Scan",
                                  "Parent Relationship": "Outer",
                                  "Parallel Aware": true,
                                  "Relation Name": "title",
                                  "Alias": "t",
                                  "Startup Cost": 0.0,
                                  "Total Cost": 43899.32,
                                  "Plan Rows": 419086,
                                  "Plan Width": 4,
                                  "Actual Startup Time": 0.049,
                                  "Actual Total Time": 125.843,
                                  "Actual Rows": 558033,
                                  "Actual Loops": 3,
                                  "Filter": "(kind_id > 3)",
                                  "Rows Removed by Filter": 284738
                                }
                              ]
                            }
                          ]
                        }
                      ]
                    }
                  ]
                }
              ]
            }
          ]
        }
      ]
    },
    "Planning Time": 0.434,
    "Triggers": [],
    "Execution Time": 1665.806
  }
]