{
  "Plan": {
    "Node Type": "Aggregate",
    "Strategy": "Plain",
    "Partial Mode": "Finalize",
    "Parallel Aware": false,
    "Startup Cost": 78501.62,
    "Total Cost": 78501.63,
    "Plan Rows": 1,
    "Plan Width": 8,
    "Actual Startup Time": 248.551,
    "Actual Total Time": 263.734,
    "Actual Rows": 1,
    "Actual Loops": 1,
    "Plans": [
      {
        "Node Type": "Gather",
        "Parent Relationship": "Outer",
        "Parallel Aware": false,
        "Startup Cost": 78501.51,
        "Total Cost": 78501.62,
        "Plan Rows": 1,
        "Plan Width": 8,
        "Actual Startup Time": 248.343,
        "Actual Total Time": 263.728,
        "Actual Rows": 2,
        "Actual Loops": 1,
        "Workers Planned": 1,
        "Workers Launched": 1,
        "Single Copy": false,
        "Plans": [
          {
            "Node Type": "Aggregate",
            "Strategy": "Plain",
            "Partial Mode": "Partial",
            "Parent Relationship": "Outer",
            "Parallel Aware": false,
            "Startup Cost": 77501.51,
            "Total Cost": 77501.52,
            "Plan Rows": 1,
            "Plan Width": 8,
            "Actual Startup Time": 243.027,
            "Actual Total Time": 243.03,
            "Actual Rows": 1,
            "Actual Loops": 2,
            "Plans": [
              {
                "Node Type": "Hash Join",
                "Parent Relationship": "Outer",
                "Parallel Aware": true,
                "Join Type": "Inner",
                "Startup Cost": 58688.04,
                "Total Cost": 77487.49,
                "Plan Rows": 5608,
                "Plan Width": 0,
                "Actual Startup Time": 155.225,
                "Actual Total Time": 242.87,
                "Actual Rows": 2520,
                "Actual Loops": 2,
                "Inner Unique": true,
                "Hash Cond": "(mi_idx.movie_id = t.id)",
                "Plans": [
                  {
                    "Node Type": "Seq Scan",
                    "Parent Relationship": "Outer",
                    "Parallel Aware": true,
                    "Relation Name": "movie_info_idx",
                    "Alias": "mi_idx",
                    "Startup Cost": 0.0,
                    "Total Cost": 18082.32,
                    "Plan Rows": 273193,
                    "Plan Width": 4,
                    "Actual Startup Time": 0.022,
                    "Actual Total Time": 58.017,
                    "Actual Rows": 229962,
                    "Actual Loops": 2,
                    "Filter": "(info_type_id = 100)",
                    "Rows Removed by Filter": 460055
                  },
                  {
                    "Node Type": "Hash",
                    "Parent Relationship": "Inner",
                    "Parallel Aware": true,
                    "Startup Cost": 58306.47,
                    "Total Cost": 58306.47,
                    "Plan Rows": 30526,
                    "Plan Width": 4,
                    "Actual Startup Time": 154.234,
                    "Actual Total Time": 154.235,
                    "Actual Rows": 28240,
                    "Actual Loops": 2,
                    "Hash Buckets": 65536,
                    "Original Hash Buckets": 65536,
                    "Hash Batches": 1,
                    "Original Hash Batches": 1,
                    "Peak Memory Usage": 2752,
                    "Plans": [
                      {
                        "Node Type": "Seq Scan",
                        "Parent Relationship": "Outer",
                        "Parallel Aware": true,
                        "Relation Name": "title",
                        "Alias": "t",
                        "Startup Cost": 0.0,
                        "Total Cost": 58306.47,
                        "Plan Rows": 30526,
                        "Plan Width": 4,
                        "Actual Startup Time": 0.036,
                        "Actual Total Time": 146.481,
                        "Actual Rows": 28240,
                        "Actual Loops": 2,
                        "Filter": "((kind_id = 7) AND (production_year = 2004))",
                        "Rows Removed by Filter": 1235916
                      }
                    ]
                  }
                ]
              }
            ]
          }
        ]
      }
    ]
  },
  "Planning Time": 0.189,
  "Triggers": [],
  "Execution Time": 263.773
}