[
  {
    "Plan": {
      "Node Type": "Aggregate",
      "Strategy": "Plain",
      "Partial Mode": "Finalize",
      "Parallel Aware": false,
      "Startup Cost": 352069.69,
      "Total Cost": 352069.7,
      "Plan Rows": 1,
      "Plan Width": 8,
      "Actual Startup Time": 891.574,
      "Actual Total Time": 938.923,
      "Actual Rows": 1,
      "Actual Loops": 1,
      "Plans": [
        {
          "Node Type": "Gather",
          "Parent Relationship": "Outer",
          "Parallel Aware": false,
          "Startup Cost": 352069.07,
          "Total Cost": 352069.68,
          "Plan Rows": 6,
          "Plan Width": 8,
          "Actual Startup Time": 891.391,
          "Actual Total Time": 938.912,
          "Actual Rows": 7,
          "Actual Loops": 1,
          "Workers Planned": 6,
          "Workers Launched": 6,
          "Single Copy": false,
          "Plans": [
            {
              "Node Type": "Aggregate",
              "Strategy": "Plain",
              "Partial Mode": "Partial",
              "Parent Relationship": "Outer",
              "Parallel Aware": false,
              "Startup Cost": 351069.07,
              "Total Cost": 351069.08,
              "Plan Rows": 1,
              "Plan Width": 8,
              "Actual Startup Time": 883.82,
              "Actual Total Time": 883.822,
              "Actual Rows": 1,
              "Actual Loops": 7,
              "Plans": [
                {
                  "Node Type": "Seq Scan",
                  "Parent Relationship": "Outer",
                  "Parallel Aware": true,
                  "Relation Name": "cast_info",
                  "Alias": "ci",
                  "Startup Cost": 0.0,
                  "Total Cost": 343316.27,
                  "Plan Rows": 3101119,
                  "Plan Width": 0,
                  "Actual Startup Time": 148.388,
                  "Actual Total Time": 751.432,
                  "Actual Rows": 2448608,
                  "Actual Loops": 7,
                  "Filter": "((person_id > 1098138) AND (role_id < 5))",
                  "Rows Removed by Filter": 2729156
                }
              ]
            }
          ]
        }
      ]
    },
    "Planning Time": 0.216,
    "Triggers": [],
    "Execution Time": 938.986
  }
]