{
  "Plan": {
    "Node Type": "Aggregate",
    "Strategy": "Plain",
    "Partial Mode": "Finalize",
    "Parallel Aware": false,
    "Startup Cost": 92549.37,
    "Total Cost": 92549.38,
    "Plan Rows": 1,
    "Plan Width": 8,
    "Actual Startup Time": 295.616,
    "Actual Total Time": 307.216,
    "Actual Rows": 1,
    "Actual Loops": 1,
    "Plans": [
      {
        "Node Type": "Gather",
        "Parent Relationship": "Outer",
        "Parallel Aware": false,
        "Startup Cost": 92549.25,
        "Total Cost": 92549.36,
        "Plan Rows": 1,
        "Plan Width": 8,
        "Actual Startup Time": 294.088,
        "Actual Total Time": 307.208,
        "Actual Rows": 2,
        "Actual Loops": 1,
        "Workers Planned": 1,
        "Workers Launched": 1,
        "Single Copy": false,
        "Plans": [
          {
            "Node Type": "Aggregate",
            "Strategy": "Plain",
            "Partial Mode": "Partial",
            "Parent Relationship": "Outer",
            "Parallel Aware": false,
            "Startup Cost": 91549.25,
            "Total Cost": 91549.26,
            "Plan Rows": 1,
            "Plan Width": 8,
            "Actual Startup Time": 289.312,
            "Actual Total Time": 289.316,
            "Actual Rows": 1,
            "Actual Loops": 2,
            "Plans": [
              {
                "Node Type": "Hash Join",
                "Parent Relationship": "Outer",
                "Parallel Aware": true,
                "Join Type": "Inner",
                "Startup Cost": 65485.21,
                "Total Cost": 91532.76,
                "Plan Rows": 6596,
                "Plan Width": 0,
                "Actual Startup Time": 267.71,
                "Actual Total Time": 289.181,
                "Actual Rows": 2001,
                "Actual Loops": 2,
                "Inner Unique": true,
                "Hash Cond": "(mk.movie_id = t.id)",
                "Plans": [
                  {
                    "Node Type": "Bitmap Heap Scan",
                    "Parent Relationship": "Outer",
                    "Parallel Aware": true,
                    "Relation Name": "movie_keyword",
                    "Alias": "mk",
                    "Startup Cost": 681.09,
                    "Total Cost": 26679.1,
                    "Plan Rows": 18874,
                    "Plan Width": 4,
                    "Actual Startup Time": 3.708,
                    "Actual Total Time": 18.188,
                    "Actual Rows": 13580,
                    "Actual Loops": 2,
                    "Recheck Cond": "(keyword_id < 24)",
                    "Rows Removed by Index Recheck": 0,
                    "Exact Heap Blocks": 6583,
                    "Lossy Heap Blocks": 0,
                    "Plans": [
                      {
                        "Node Type": "Bitmap Index Scan",
                        "Parent Relationship": "Outer",
                        "Parallel Aware": false,
                        "Index Name": "keyword_id_movie_keyword",
                        "Startup Cost": 0.0,
                        "Total Cost": 673.07,
                        "Plan Rows": 32085,
                        "Plan Width": 0,
                        "Actual Startup Time": 2.387,
                        "Actual Total Time": 2.387,
                        "Actual Rows": 27159,
                        "Actual Loops": 1,
                        "Index Cond": "(keyword_id < 24)"
                      }
                    ]
                  },
                  {
                    "Node Type": "Hash",
                    "Parent Relationship": "Inner",
                    "Parallel Aware": true,
                    "Startup Cost": 58306.47,
                    "Total Cost": 58306.47,
                    "Plan Rows": 519812,
                    "Plan Width": 4,
                    "Actual Startup Time": 254.891,
                    "Actual Total Time": 254.892,
                    "Actual Rows": 400496,
                    "Actual Loops": 2,
                    "Hash Buckets": 1048576,
                    "Original Hash Buckets": 1048576,
                    "Hash Batches": 1,
                    "Original Hash Batches": 1,
                    "Peak Memory Usage": 39552,
                    "Plans": [
                      {
                        "Node Type": "Seq Scan",
                        "Parent Relationship": "Outer",
                        "Parallel Aware": true,
                        "Relation Name": "title",
                        "Alias": "t",
                        "Startup Cost": 0.0,
                        "Total Cost": 58306.47,
                        "Plan Rows": 519812,
                        "Plan Width": 4,
                        "Actual Startup Time": 0.025,
                        "Actual Total Time": 152.914,
                        "Actual Rows": 400496,
                        "Actual Loops": 2,
                        "Filter": "((kind_id > 3) AND (production_year < 2005))",
                        "Rows Removed by Filter": 863660
                      }
                    ]
                  }
                ]
              }
            ]
          }
        ]
      }
    ]
  },
  "Planning Time": 0.696,
  "Triggers": [],
  "Execution Time": 307.306
}