[
  {
    "Plan": {
      "Node Type": "Aggregate",
      "Strategy": "Plain",
      "Partial Mode": "Finalize",
      "Parallel Aware": false,
      "Startup Cost": 254780.49,
      "Total Cost": 254780.5,
      "Plan Rows": 1,
      "Plan Width": 8,
      "Actual Startup Time": 822.024,
      "Actual Total Time": 864.133,
      "Actual Rows": 1,
      "Actual Loops": 1,
      "Plans": [
        {
          "Node Type": "Gather",
          "Parent Relationship": "Outer",
          "Parallel Aware": false,
          "Startup Cost": 254779.96,
          "Total Cost": 254780.47,
          "Plan Rows": 5,
          "Plan Width": 8,
          "Actual Startup Time": 819.193,
          "Actual Total Time": 864.108,
          "Actual Rows": 6,
          "Actual Loops": 1,
          "Workers Planned": 5,
          "Workers Launched": 5,
          "Single Copy": false,
          "Plans": [
            {
              "Node Type": "Aggregate",
              "Strategy": "Plain",
              "Partial Mode": "Partial",
              "Parent Relationship": "Outer",
              "Parallel Aware": false,
              "Startup Cost": 253779.96,
              "Total Cost": 253779.97,
              "Plan Rows": 1,
              "Plan Width": 8,
              "Actual Startup Time": 809.052,
              "Actual Total Time": 809.055,
              "Actual Rows": 1,
              "Actual Loops": 6,
              "Plans": [
                {
                  "Node Type": "Hash Join",
                  "Parent Relationship": "Outer",
                  "Parallel Aware": true,
                  "Join Type": "Inner",
                  "Startup Cost": 46918.57,
                  "Total Cost": 252610.51,
                  "Plan Rows": 467782,
                  "Plan Width": 0,
                  "Actual Startup Time": 119.872,
                  "Actual Total Time": 783.091,
                  "Actual Rows": 594405,
                  "Actual Loops": 6,
                  "Inner Unique": true,
                  "Hash Cond": "(mi.movie_id = t.id)",
                  "Plans": [
                    {
                      "Node Type": "Seq Scan",
                      "Parent Relationship": "Outer",
                      "Parallel Aware": true,
                      "Relation Name": "movie_info",
                      "Alias": "mi",
                      "Startup Cost": 0.0,
                      "Total Cost": 198952.16,
                      "Plan Rows": 2567528,
                      "Plan Width": 4,
                      "Actual Startup Time": 0.033,
                      "Actual Total Time": 354.329,
                      "Actual Rows": 2161681,
                      "Actual Loops": 6,
                      "Filter": "(info_type_id < 18)",
                      "Rows Removed by Filter": 310939
                    },
                    {
                      "Node Type": "Hash",
                      "Parent Relationship": "Inner",
                      "Parallel Aware": true,
                      "Startup Cost": 45479.1,
                      "Total Cost": 45479.1,
                      "Plan Rows": 115158,
                      "Plan Width": 4,
                      "Actual Startup Time": 104.654,
                      "Actual Total Time": 104.655,
                      "Actual Rows": 55881,
                      "Actual Loops": 6,
                      "Hash Buckets": 524288,
                      "Original Hash Buckets": 524288,
                      "Hash Batches": 1,
                      "Original Hash Batches": 1,
                      "Peak Memory Usage": 17312,
                      "Plans": [
                        {
                          "Node Type": "Seq Scan",
                          "Parent Relationship": "Outer",
                          "Parallel Aware": true,
                          "Relation Name": "title",
                          "Alias": "t",
                          "Startup Cost": 0.0,
                          "Total Cost": 45479.1,
                          "Plan Rows": 115158,
                          "Plan Width": 4,
                          "Actual Startup Time": 44.964,
                          "Actual Total Time": 84.452,
                          "Actual Rows": 55881,
                          "Actual Loops": 6,
                          "Filter": "((production_year > 1990) AND (kind_id = 1))",
                          "Rows Removed by Filter": 365504
                        }
                      ]
                    }
                  ]
                }
              ]
            }
          ]
        }
      ]
    },
    "Planning Time": 0.702,
    "Triggers": [],
    "Execution Time": 864.215
  }
]