{
  "Plan": {
    "Node Type": "Aggregate",
    "Strategy": "Plain",
    "Partial Mode": "Finalize",
    "Parallel Aware": false,
    "Startup Cost": 1560424.81,
    "Total Cost": 1560424.82,
    "Plan Rows": 1,
    "Plan Width": 8,
    "Actual Startup Time": 9363.622,
    "Actual Total Time": 9369.102,
    "Actual Rows": 1,
    "Actual Loops": 1,
    "Plans": [
      {
        "Node Type": "Gather",
        "Parent Relationship": "Outer",
        "Parallel Aware": false,
        "Startup Cost": 1560424.7,
        "Total Cost": 1560424.81,
        "Plan Rows": 1,
        "Plan Width": 8,
        "Actual Startup Time": 9363.611,
        "Actual Total Time": 9369.095,
        "Actual Rows": 2,
        "Actual Loops": 1,
        "Workers Planned": 1,
        "Workers Launched": 1,
        "Single Copy": false,
        "Plans": [
          {
            "Node Type": "Aggregate",
            "Strategy": "Plain",
            "Partial Mode": "Partial",
            "Parent Relationship": "Outer",
            "Parallel Aware": false,
            "Startup Cost": 1559424.7,
            "Total Cost": 1559424.71,
            "Plan Rows": 1,
            "Plan Width": 8,
            "Actual Startup Time": 9231.169,
            "Actual Total Time": 9231.177,
            "Actual Rows": 1,
            "Actual Loops": 2,
            "Plans": [
              {
                "Node Type": "Merge Join",
                "Parent Relationship": "Outer",
                "Parallel Aware": false,
                "Join Type": "Inner",
                "Startup Cost": 1458395.4,
                "Total Cost": 1547995.14,
                "Plan Rows": 4571821,
                "Plan Width": 0,
                "Actual Startup Time": 6911.036,
                "Actual Total Time": 8878.444,
                "Actual Rows": 8588500,
                "Actual Loops": 2,
                "Inner Unique": false,
                "Merge Cond": "(t.id = mk.movie_id)",
                "Plans": [
                  {
                    "Node Type": "Sort",
                    "Parent Relationship": "Outer",
                    "Parallel Aware": false,
                    "Startup Cost": 1083705.64,
                    "Total Cost": 1094228.55,
                    "Plan Rows": 4209162,
                    "Plan Width": 8,
                    "Actual Startup Time": 6020.275,
                    "Actual Total Time": 6500.974,
                    "Actual Rows": 4053658,
                    "Actual Loops": 2,
                    "Sort Key": [
                      "ci.movie_id"
                    ],
                    "Sort Method": "quicksort",
                    "Sort Space Used": 397223,
                    "Sort Space Type": "Memory",
                    "Workers": [
                      {
                        "Worker Number": 0,
                        "Sort Method": "quicksort",
                        "Sort Space Used": 277721,
                        "Sort Space Type": "Memory"
                      }
                    ],
                    "Plans": [
                      {
                        "Node Type": "Hash Join",
                        "Parent Relationship": "Outer",
                        "Parallel Aware": true,
                        "Join Type": "Inner",
                        "Startup Cost": 59473.49,
                        "Total Cost": 620590.46,
                        "Plan Rows": 4209162,
                        "Plan Width": 8,
                        "Actual Startup Time": 514.534,
                        "Actual Total Time": 4987.88,
                        "Actual Rows": 4053662,
                        "Actual Loops": 2,
                        "Inner Unique": true,
                        "Hash Cond": "(ci.movie_id = t.id)",
                        "Plans": [
                          {
                            "Node Type": "Seq Scan",
                            "Parent Relationship": "Outer",
                            "Parallel Aware": true,
                            "Relation Name": "cast_info",
                            "Alias": "ci",
                            "Startup Cost": 0.0,
                            "Total Cost": 519069.44,
                            "Plan Rows": 16018079,
                            "Plan Width": 4,
                            "Actual Startup Time": 237.787,
                            "Actual Total Time": 1702.94,
                            "Actual Rows": 13556406,
                            "Actual Loops": 2,
                            "Filter": "(person_id > 899104)",
                            "Rows Removed by Filter": 4565766
                          },
                          {
                            "Node Type": "Hash",
                            "Parent Relationship": "Inner",
                            "Parallel Aware": true,
                            "Startup Cost": 54588.39,
                            "Total Cost": 54588.39,
                            "Plan Rows": 390808,
                            "Plan Width": 4,
                            "Actual Startup Time": 267.476,
                            "Actual Total Time": 267.477,
                            "Actual Rows": 331032,
                            "Actual Loops": 2,
                            "Hash Buckets": 1048576,
                            "Original Hash Buckets": 1048576,
                            "Hash Batches": 1,
                            "Original Hash Batches": 1,
                            "Peak Memory Usage": 34112,
                            "Plans": [
                              {
                                "Node Type": "Seq Scan",
                                "Parent Relationship": "Outer",
                                "Parallel Aware": true,
                                "Relation Name": "title",
                                "Alias": "t",
                                "Startup Cost": 0.0,
                                "Total Cost": 54588.39,
                                "Plan Rows": 390808,
                                "Plan Width": 4,
                                "Actual Startup Time": 0.03,
                                "Actual Total Time": 172.366,
                                "Actual Rows": 331032,
                                "Actual Loops": 2,
                                "Filter": "(production_year > 2008)",
                                "Rows Removed by Filter": 933124
                              }
                            ]
                          }
                        ]
                      }
                    ]
                  },
                  {
                    "Node Type": "Sort",
                    "Parent Relationship": "Inner",
                    "Parallel Aware": false,
                    "Startup Cost": 374687.45,
                    "Total Cost": 381552.77,
                    "Plan Rows": 2746129,
                    "Plan Width": 4,
                    "Actual Startup Time": 890.747,
                    "Actual Total Time": 1270.731,
                    "Actual Rows": 10936569,
                    "Actual Loops": 2,
                    "Sort Key": [
                      "mk.movie_id"
                    ],
                    "Sort Method": "quicksort",
                    "Sort Space Used": 226138,
                    "Sort Space Type": "Memory",
                    "Workers": [
                      {
                        "Worker Number": 0,
                        "Sort Method": "quicksort",
                        "Sort Space Used": 226138,
                        "Sort Space Type": "Memory"
                      }
                    ],
                    "Plans": [
                      {
                        "Node Type": "Seq Scan",
                        "Parent Relationship": "Outer",
                        "Parallel Aware": false,
                        "Relation Name": "movie_keyword",
                        "Alias": "mk",
                        "Startup Cost": 0.0,
                        "Total Cost": 81003.12,
                        "Plan Rows": 2746129,
                        "Plan Width": 4,
                        "Actual Startup Time": 0.035,
                        "Actual Total Time": 401.429,
                        "Actual Rows": 2727118,
                        "Actual Loops": 2,
                        "Filter": "(keyword_id < 7763)",
                        "Rows Removed by Filter": 1796812
                      }
                    ]
                  }
                ]
              }
            ]
          }
        ]
      }
    ]
  },
  "Planning Time": 1.067,
  "Triggers": [],
  "Execution Time": 9397.428
}