[
    {
        "Bao": {
            "Bao prediction": 442.413,
            "Bao recommended hint": "(no hint)"
        }
    },
    {
        "Plan": {
            "Node Type": "Aggregate",
            "Strategy": "Plain",
            "Partial Mode": "Finalize",
            "Parallel Aware": false,
            "Startup Cost": 30735.61,
            "Total Cost": 30735.62,
            "Plan Rows": 1,
            "Plan Width": 8,
            "Actual Startup Time": 99.859,
            "Actual Total Time": 107.181,
            "Actual Rows": 1,
            "Actual Loops": 1,
            "Output": [
                "count(*)"
            ],
            "Plans": [
                {
                    "Node Type": "Gather",
                    "Parent Relationship": "Outer",
                    "Parallel Aware": false,
                    "Startup Cost": 30735.29,
                    "Total Cost": 30735.6,
                    "Plan Rows": 3,
                    "Plan Width": 8,
                    "Actual Startup Time": 99.758,
                    "Actual Total Time": 107.174,
                    "Actual Rows": 4,
                    "Actual Loops": 1,
                    "Output": [
                        "(PARTIAL count(*))"
                    ],
                    "Workers Planned": 3,
                    "Workers Launched": 3,
                    "Single Copy": false,
                    "Plans": [
                        {
                            "Node Type": "Aggregate",
                            "Strategy": "Plain",
                            "Partial Mode": "Partial",
                            "Parent Relationship": "Outer",
                            "Parallel Aware": false,
                            "Startup Cost": 29735.29,
                            "Total Cost": 29735.3,
                            "Plan Rows": 1,
                            "Plan Width": 8,
                            "Actual Startup Time": 92.183,
                            "Actual Total Time": 92.184,
                            "Actual Rows": 1,
                            "Actual Loops": 4,
                            "Output": [
                                "PARTIAL count(*)"
                            ],
                            "Workers": [
                                {
                                    "Worker Number": 0,
                                    "Actual Startup Time": 89.685,
                                    "Actual Total Time": 89.687,
                                    "Actual Rows": 1,
                                    "Actual Loops": 1
                                },
                                {
                                    "Worker Number": 1,
                                    "Actual Startup Time": 89.721,
                                    "Actual Total Time": 89.722,
                                    "Actual Rows": 1,
                                    "Actual Loops": 1
                                },
                                {
                                    "Worker Number": 2,
                                    "Actual Startup Time": 90.17,
                                    "Actual Total Time": 90.171,
                                    "Actual Rows": 1,
                                    "Actual Loops": 1
                                }
                            ],
                            "Plans": [
                                {
                                    "Node Type": "Seq Scan",
                                    "Parent Relationship": "Outer",
                                    "Parallel Aware": true,
                                    "Relation Name": "movie_companies",
                                    "Schema": "public",
                                    "Alias": "mc",
                                    "Startup Cost": 0.0,
                                    "Total Cost": 29310.68,
                                    "Plan Rows": 169845,
                                    "Plan Width": 0,
                                    "Actual Startup Time": 47.661,
                                    "Actual Total Time": 84.652,
                                    "Actual Rows": 131678,
                                    "Actual Loops": 4,
                                    "Output": [
                                        "id",
                                        "movie_id",
                                        "company_id",
                                        "company_type_id",
                                        "note"
                                    ],
                                    "Filter": "(mc.company_id > 72914)",
                                    "Rows Removed by Filter": 520604,
                                    "Workers": [
                                        {
                                            "Worker Number": 0,
                                            "Actual Startup Time": 45.155,
                                            "Actual Total Time": 82.344,
                                            "Actual Rows": 106358,
                                            "Actual Loops": 1
                                        },
                                        {
                                            "Worker Number": 1,
                                            "Actual Startup Time": 45.193,
                                            "Actual Total Time": 82.297,
                                            "Actual Rows": 107012,
                                            "Actual Loops": 1
                                        },
                                        {
                                            "Worker Number": 2,
                                            "Actual Startup Time": 45.659,
                                            "Actual Total Time": 82.767,
                                            "Actual Rows": 106774,
                                            "Actual Loops": 1
                                        }
                                    ]
                                }
                            ]
                        }
                    ]
                }
            ]
        },
        "Planning Time": 521.476,
        "Triggers": [],
        "Execution Time": 107.256
    }
]