{
  "Plan": {
    "Node Type": "Aggregate",
    "Strategy": "Plain",
    "Partial Mode": "Finalize",
    "Parallel Aware": false,
    "Startup Cost": 667816.17,
    "Total Cost": 667816.18,
    "Plan Rows": 1,
    "Plan Width": 8,
    "Actual Startup Time": 1046.353,
    "Actual Total Time": 1060.792,
    "Actual Rows": 1,
    "Actual Loops": 1,
    "Plans": [
      {
        "Node Type": "Gather",
        "Parent Relationship": "Outer",
        "Parallel Aware": false,
        "Startup Cost": 667816.06,
        "Total Cost": 667816.17,
        "Plan Rows": 1,
        "Plan Width": 8,
        "Actual Startup Time": 1046.345,
        "Actual Total Time": 1060.786,
        "Actual Rows": 2,
        "Actual Loops": 1,
        "Workers Planned": 1,
        "Workers Launched": 1,
        "Single Copy": false,
        "Plans": [
          {
            "Node Type": "Aggregate",
            "Strategy": "Plain",
            "Partial Mode": "Partial",
            "Parent Relationship": "Outer",
            "Parallel Aware": false,
            "Startup Cost": 666816.06,
            "Total Cost": 666816.07,
            "Plan Rows": 1,
            "Plan Width": 8,
            "Actual Startup Time": 1035.739,
            "Actual Total Time": 1035.743,
            "Actual Rows": 1,
            "Actual Loops": 2,
            "Plans": [
              {
                "Node Type": "Merge Join",
                "Parent Relationship": "Outer",
                "Parallel Aware": false,
                "Join Type": "Inner",
                "Startup Cost": 661014.94,
                "Total Cost": 666605.5,
                "Plan Rows": 84224,
                "Plan Width": 0,
                "Actual Startup Time": 996.146,
                "Actual Total Time": 1035.058,
                "Actual Rows": 15076,
                "Actual Loops": 2,
                "Inner Unique": false,
                "Merge Cond": "(ci.movie_id = t.id)",
                "Plans": [
                  {
                    "Node Type": "Sort",
                    "Parent Relationship": "Outer",
                    "Parallel Aware": false,
                    "Startup Cost": 338408.7,
                    "Total Cost": 339877.81,
                    "Plan Rows": 587641,
                    "Plan Width": 4,
                    "Actual Startup Time": 251.512,
                    "Actual Total Time": 269.931,
                    "Actual Rows": 299331,
                    "Actual Loops": 2,
                    "Sort Key": [
                      "ci.movie_id"
                    ],
                    "Sort Method": "quicksort",
                    "Sort Space Used": 50521,
                    "Sort Space Type": "Memory",
                    "Workers": [
                      {
                        "Worker Number": 0,
                        "Sort Method": "quicksort",
                        "Sort Space Used": 33175,
                        "Sort Space Type": "Memory"
                      }
                    ],
                    "Plans": [
                      {
                        "Node Type": "Bitmap Heap Scan",
                        "Parent Relationship": "Outer",
                        "Parallel Aware": true,
                        "Relation Name": "cast_info",
                        "Alias": "ci",
                        "Startup Cost": 22066.74,
                        "Total Cost": 282099.25,
                        "Plan Rows": 587641,
                        "Plan Width": 4,
                        "Actual Startup Time": 51.915,
                        "Actual Total Time": 121.839,
                        "Actual Rows": 499534,
                        "Actual Loops": 2,
                        "Recheck Cond": "(person_id < 102018)",
                        "Rows Removed by Index Recheck": 0,
                        "Exact Heap Blocks": 5704,
                        "Lossy Heap Blocks": 0,
                        "Plans": [
                          {
                            "Node Type": "Bitmap Index Scan",
                            "Parent Relationship": "Outer",
                            "Parallel Aware": false,
                            "Index Name": "person_id_cast_info",
                            "Startup Cost": 0.0,
                            "Total Cost": 21816.99,
                            "Plan Rows": 998990,
                            "Plan Width": 0,
                            "Actual Startup Time": 55.868,
                            "Actual Total Time": 55.868,
                            "Actual Rows": 999069,
                            "Actual Loops": 1,
                            "Index Cond": "(person_id < 102018)"
                          }
                        ]
                      }
                    ]
                  },
                  {
                    "Node Type": "Sort",
                    "Parent Relationship": "Inner",
                    "Parallel Aware": false,
                    "Startup Cost": 322606.17,
                    "Total Cost": 323512.1,
                    "Plan Rows": 362370,
                    "Plan Width": 8,
                    "Actual Startup Time": 744.614,
                    "Actual Total Time": 745.842,
                    "Actual Rows": 32268,
                    "Actual Loops": 2,
                    "Sort Key": [
                      "t.id"
                    ],
                    "Sort Method": "quicksort",
                    "Sort Space Used": 2039,
                    "Sort Space Type": "Memory",
                    "Workers": [
                      {
                        "Worker Number": 0,
                        "Sort Method": "quicksort",
                        "Sort Space Used": 2039,
                        "Sort Space Type": "Memory"
                      }
                    ],
                    "Plans": [
                      {
                        "Node Type": "Hash Join",
                        "Parent Relationship": "Outer",
                        "Parallel Aware": false,
                        "Join Type": "Inner",
                        "Startup Cost": 106805.68,
                        "Total Cost": 289146.55,
                        "Plan Rows": 362370,
                        "Plan Width": 8,
                        "Actual Startup Time": 444.346,
                        "Actual Total Time": 739.026,
                        "Actual Rows": 27104,
                        "Actual Loops": 2,
                        "Inner Unique": true,
                        "Hash Cond": "(mi.movie_id = t.id)",
                        "Plans": [
                          {
                            "Node Type": "Bitmap Heap Scan",
                            "Parent Relationship": "Outer",
                            "Parallel Aware": false,
                            "Relation Name": "movie_info",
                            "Alias": "mi",
                            "Startup Cost": 24370.61,
                            "Total Cost": 203180.02,
                            "Plan Rows": 1345313,
                            "Plan Width": 4,
                            "Actual Startup Time": 48.481,
                            "Actual Total Time": 162.771,
                            "Actual Rows": 1401902,
                            "Actual Loops": 2,
                            "Recheck Cond": "(info_type_id = 7)",
                            "Rows Removed by Index Recheck": 0,
                            "Exact Heap Blocks": 10036,
                            "Lossy Heap Blocks": 0,
                            "Plans": [
                              {
                                "Node Type": "Bitmap Index Scan",
                                "Parent Relationship": "Outer",
                                "Parallel Aware": false,
                                "Index Name": "info_type_id_movie_info",
                                "Startup Cost": 0.0,
                                "Total Cost": 24034.28,
                                "Plan Rows": 1345313,
                                "Plan Width": 0,
                                "Actual Startup Time": 47.307,
                                "Actual Total Time": 47.307,
                                "Actual Rows": 1401902,
                                "Actual Loops": 2,
                                "Index Cond": "(info_type_id = 7)"
                              }
                            ]
                          },
                          {
                            "Node Type": "Hash",
                            "Parent Relationship": "Inner",
                            "Parallel Aware": false,
                            "Startup Cost": 73922.39,
                            "Total Cost": 73922.39,
                            "Plan Rows": 681014,
                            "Plan Width": 4,
                            "Actual Startup Time": 393.4,
                            "Actual Total Time": 393.401,
                            "Actual Rows": 739679,
                            "Actual Loops": 2,
                            "Hash Buckets": 1048576,
                            "Original Hash Buckets": 1048576,
                            "Hash Batches": 1,
                            "Original Hash Batches": 1,
                            "Peak Memory Usage": 34197,
                            "Plans": [
                              {
                                "Node Type": "Seq Scan",
                                "Parent Relationship": "Outer",
                                "Parallel Aware": false,
                                "Relation Name": "title",
                                "Alias": "t",
                                "Startup Cost": 0.0,
                                "Total Cost": 73922.39,
                                "Plan Rows": 681014,
                                "Plan Width": 4,
                                "Actual Startup Time": 0.03,
                                "Actual Total Time": 250.112,
                                "Actual Rows": 739679,
                                "Actual Loops": 2,
                                "Filter": "((production_year > 2004) AND (kind_id = 7))",
                                "Rows Removed by Filter": 1788633
                              }
                            ]
                          }
                        ]
                      }
                    ]
                  }
                ]
              }
            ]
          }
        ]
      }
    ]
  },
  "Planning Time": 1.124,
  "Triggers": [],
  "Execution Time": 1063.732
}