[
  {
    "Plan": {
      "Node Type": "Aggregate",
      "Strategy": "Plain",
      "Partial Mode": "Finalize",
      "Parallel Aware": false,
      "Startup Cost": 32812.01,
      "Total Cost": 32812.02,
      "Plan Rows": 1,
      "Plan Width": 8,
      "Actual Startup Time": 67.953,
      "Actual Total Time": 72.705,
      "Actual Rows": 1,
      "Actual Loops": 1,
      "Plans": [
        {
          "Node Type": "Gather",
          "Parent Relationship": "Outer",
          "Parallel Aware": false,
          "Startup Cost": 32811.69,
          "Total Cost": 32812.0,
          "Plan Rows": 3,
          "Plan Width": 8,
          "Actual Startup Time": 67.881,
          "Actual Total Time": 72.699,
          "Actual Rows": 4,
          "Actual Loops": 1,
          "Workers Planned": 3,
          "Workers Launched": 3,
          "Single Copy": false,
          "Plans": [
            {
              "Node Type": "Aggregate",
              "Strategy": "Plain",
              "Partial Mode": "Partial",
              "Parent Relationship": "Outer",
              "Parallel Aware": false,
              "Startup Cost": 31811.69,
              "Total Cost": 31811.7,
              "Plan Rows": 1,
              "Plan Width": 8,
              "Actual Startup Time": 65.064,
              "Actual Total Time": 65.065,
              "Actual Rows": 1,
              "Actual Loops": 4,
              "Plans": [
                {
                  "Node Type": "Seq Scan",
                  "Parent Relationship": "Outer",
                  "Parallel Aware": true,
                  "Relation Name": "movie_companies",
                  "Alias": "mc",
                  "Startup Cost": 0.0,
                  "Total Cost": 31414.82,
                  "Plan Rows": 158750,
                  "Plan Width": 0,
                  "Actual Startup Time": 34.722,
                  "Actual Total Time": 61.969,
                  "Actual Rows": 71755,
                  "Actual Loops": 4,
                  "Filter": "((company_id < 4051) AND (company_type_id > 1))",
                  "Rows Removed by Filter": 580527
                }
              ]
            }
          ]
        }
      ]
    },
    "Planning Time": 0.174,
    "Triggers": [],
    "Execution Time": 72.75
  }
]