{
  "Plan": {
    "Node Type": "Aggregate",
    "Strategy": "Plain",
    "Partial Mode": "Simple",
    "Parallel Aware": false,
    "Startup Cost": 177130.22,
    "Total Cost": 177130.23,
    "Plan Rows": 1,
    "Plan Width": 64,
    "Actual Startup Time": 2709.127,
    "Actual Total Time": 2716.107,
    "Actual Rows": 1,
    "Actual Loops": 1,
    "Plans": [
      {
        "Node Type": "Gather",
        "Parent Relationship": "Outer",
        "Parallel Aware": false,
        "Startup Cost": 112993.84,
        "Total Cost": 177130.22,
        "Plan Rows": 1,
        "Plan Width": 60,
        "Actual Startup Time": 1083.587,
        "Actual Total Time": 2716.085,
        "Actual Rows": 32,
        "Actual Loops": 1,
        "Workers Planned": 1,
        "Workers Launched": 0,
        "Single Copy": false,
        "Plans": [
          {
            "Node Type": "Nested Loop",
            "Parent Relationship": "Outer",
            "Parallel Aware": false,
            "Join Type": "Inner",
            "Startup Cost": 111993.84,
            "Total Cost": 176130.12,
            "Plan Rows": 1,
            "Plan Width": 60,
            "Actual Startup Time": 1082.409,
            "Actual Total Time": 2707.929,
            "Actual Rows": 32,
            "Actual Loops": 1,
            "Inner Unique": true,
            "Plans": [
              {
                "Node Type": "Nested Loop",
                "Parent Relationship": "Outer",
                "Parallel Aware": false,
                "Join Type": "Inner",
                "Startup Cost": 111993.42,
                "Total Cost": 176129.68,
                "Plan Rows": 1,
                "Plan Width": 64,
                "Actual Startup Time": 1082.393,
                "Actual Total Time": 2707.798,
                "Actual Rows": 32,
                "Actual Loops": 1,
                "Inner Unique": true,
                "Plans": [
                  {
                    "Node Type": "Nested Loop",
                    "Parent Relationship": "Outer",
                    "Parallel Aware": false,
                    "Join Type": "Inner",
                    "Startup Cost": 111993.28,
                    "Total Cost": 176129.45,
                    "Plan Rows": 1,
                    "Plan Width": 68,
                    "Actual Startup Time": 1082.382,
                    "Actual Total Time": 2707.747,
                    "Actual Rows": 32,
                    "Actual Loops": 1,
                    "Inner Unique": false,
                    "Join Filter": "(t.id = mi.movie_id)",
                    "Rows Removed by Join Filter": 0,
                    "Plans": [
                      {
                        "Node Type": "Nested Loop",
                        "Parent Relationship": "Outer",
                        "Parallel Aware": false,
                        "Join Type": "Inner",
                        "Startup Cost": 111992.85,
                        "Total Cost": 175610.93,
                        "Plan Rows": 342,
                        "Plan Width": 37,
                        "Actual Startup Time": 1015.133,
                        "Actual Total Time": 1809.062,
                        "Actual Rows": 41578,
                        "Actual Loops": 1,
                        "Inner Unique": true,
                        "Plans": [
                          {
                            "Node Type": "Hash Join",
                            "Parent Relationship": "Outer",
                            "Parallel Aware": false,
                            "Join Type": "Inner",
                            "Startup Cost": 111992.43,
                            "Total Cost": 174474.22,
                            "Plan Rows": 944,
                            "Plan Width": 41,
                            "Actual Startup Time": 1006.449,
                            "Actual Total Time": 1718.365,
                            "Actual Rows": 69767,
                            "Actual Loops": 1,
                            "Inner Unique": true,
                            "Hash Cond": "(mc.company_type_id = ct.id)",
                            "Plans": [
                              {
                                "Node Type": "Hash Join",
                                "Parent Relationship": "Outer",
                                "Parallel Aware": true,
                                "Join Type": "Inner",
                                "Startup Cost": 111991.34,
                                "Total Cost": 174468.03,
                                "Plan Rows": 944,
                                "Plan Width": 45,
                                "Actual Startup Time": 1006.407,
                                "Actual Total Time": 1707.728,
                                "Actual Rows": 69767,
                                "Actual Loops": 1,
                                "Inner Unique": false,
                                "Hash Cond": "(t.id = mc.movie_id)",
                                "Plans": [
                                  {
                                    "Node Type": "Hash Join",
                                    "Parent Relationship": "Outer",
                                    "Parallel Aware": true,
                                    "Join Type": "Inner",
                                    "Startup Cost": 70030.35,
                                    "Total Cost": 131766.61,
                                    "Plan Rows": 117581,
                                    "Plan Width": 33,
                                    "Actual Startup Time": 673.197,
                                    "Actual Total Time": 1327.604,
                                    "Actual Rows": 632358,
                                    "Actual Loops": 1,
                                    "Inner Unique": false,
                                    "Hash Cond": "(mk.movie_id = t.id)",
                                    "Plans": [
                                      {
                                        "Node Type": "Seq Scan",
                                        "Parent Relationship": "Outer",
                                        "Parallel Aware": true,
                                        "Relation Name": "movie_keyword",
                                        "Alias": "mk",
                                        "Startup Cost": 0.0,
                                        "Total Cost": 51065.35,
                                        "Plan Rows": 2661135,
                                        "Plan Width": 8,
                                        "Actual Startup Time": 0.007,
                                        "Actual Total Time": 290.469,
                                        "Actual Rows": 4523930,
                                        "Actual Loops": 1
                                      },
                                      {
                                        "Node Type": "Hash",
                                        "Parent Relationship": "Inner",
                                        "Parallel Aware": true,
                                        "Startup Cost": 69208.97,
                                        "Total Cost": 69208.97,
                                        "Plan Rows": 65710,
                                        "Plan Width": 25,
                                        "Actual Startup Time": 672.699,
                                        "Actual Total Time": 672.702,
                                        "Actual Rows": 38597,
                                        "Actual Loops": 1,
                                        "Hash Buckets": 131072,
                                        "Original Hash Buckets": 131072,
                                        "Hash Batches": 1,
                                        "Original Hash Batches": 1,
                                        "Peak Memory Usage": 3424,
                                        "Plans": [
                                          {
                                            "Node Type": "Hash Join",
                                            "Parent Relationship": "Outer",
                                            "Parallel Aware": true,
                                            "Join Type": "Inner",
                                            "Startup Cost": 60332.51,
                                            "Total Cost": 69208.97,
                                            "Plan Rows": 65710,
                                            "Plan Width": 25,
                                            "Actual Startup Time": 518.597,
                                            "Actual Total Time": 658.713,
                                            "Actual Rows": 38597,
                                            "Actual Loops": 1,
                                            "Inner Unique": true,
                                            "Hash Cond": "(at.movie_id = t.id)",
                                            "Plans": [
                                              {
                                                "Node Type": "Seq Scan",
                                                "Parent Relationship": "Outer",
                                                "Parallel Aware": true,
                                                "Relation Name": "aka_title",
                                                "Alias": "at",
                                                "Startup Cost": 0.0,
                                                "Total Cost": 8318.31,
                                                "Plan Rows": 212631,
                                                "Plan Width": 4,
                                                "Actual Startup Time": 0.004,
                                                "Actual Total Time": 47.646,
                                                "Actual Rows": 361472,
                                                "Actual Loops": 1
                                              },
                                              {
                                                "Node Type": "Hash",
                                                "Parent Relationship": "Inner",
                                                "Parallel Aware": true,
                                                "Startup Cost": 54587.68,
                                                "Total Cost": 54587.68,
                                                "Plan Rows": 459586,
                                                "Plan Width": 21,
                                                "Actual Startup Time": 512.28,
                                                "Actual Total Time": 512.281,
                                                "Actual Rows": 784926,
                                                "Actual Loops": 1,
                                                "Hash Buckets": 1048576,
                                                "Original Hash Buckets": 1048576,
                                                "Hash Batches": 1,
                                                "Original Hash Batches": 1,
                                                "Peak Memory Usage": 52288,
                                                "Plans": [
                                                  {
                                                    "Node Type": "Seq Scan",
                                                    "Parent Relationship": "Outer",
                                                    "Parallel Aware": true,
                                                    "Relation Name": "title",
                                                    "Alias": "t",
                                                    "Startup Cost": 0.0,
                                                    "Total Cost": 54587.68,
                                                    "Plan Rows": 459586,
                                                    "Plan Width": 21,
                                                    "Actual Startup Time": 0.009,
                                                    "Actual Total Time": 266.707,
                                                    "Actual Rows": 784926,
                                                    "Actual Loops": 1,
                                                    "Filter": "(production_year > 2007)",
                                                    "Rows Removed by Filter": 1743386
                                                  }
                                                ]
                                              }
                                            ]
                                          }
                                        ]
                                      }
                                    ]
                                  },
                                  {
                                    "Node Type": "Hash",
                                    "Parent Relationship": "Inner",
                                    "Parallel Aware": true,
                                    "Startup Cost": 41811.73,
                                    "Total Cost": 41811.73,
                                    "Plan Rows": 11941,
                                    "Plan Width": 12,
                                    "Actual Startup Time": 331.836,
                                    "Actual Total Time": 331.837,
                                    "Actual Rows": 61664,
                                    "Actual Loops": 1,
                                    "Hash Buckets": 65536,
                                    "Original Hash Buckets": 32768,
                                    "Hash Batches": 1,
                                    "Original Hash Batches": 1,
                                    "Peak Memory Usage": 3680,
                                    "Plans": [
                                      {
                                        "Node Type": "Seq Scan",
                                        "Parent Relationship": "Outer",
                                        "Parallel Aware": true,
                                        "Relation Name": "movie_companies",
                                        "Alias": "mc",
                                        "Startup Cost": 0.0,
                                        "Total Cost": 41811.73,
                                        "Plan Rows": 11941,
                                        "Plan Width": 12,
                                        "Actual Startup Time": 0.022,
                                        "Actual Total Time": 315.387,
                                        "Actual Rows": 61664,
                                        "Actual Loops": 1,
                                        "Filter": "((note ~~ '%(200%)%'::text) AND (note ~~ '%(worldwide)%'::text))",
                                        "Rows Removed by Filter": 2547465
                                      }
                                    ]
                                  }
                                ]
                              },
                              {
                                "Node Type": "Hash",
                                "Parent Relationship": "Inner",
                                "Parallel Aware": false,
                                "Startup Cost": 1.04,
                                "Total Cost": 1.04,
                                "Plan Rows": 4,
                                "Plan Width": 4,
                                "Actual Startup Time": 0.028,
                                "Actual Total Time": 0.029,
                                "Actual Rows": 4,
                                "Actual Loops": 1,
                                "Hash Buckets": 1024,
                                "Original Hash Buckets": 1024,
                                "Hash Batches": 1,
                                "Original Hash Batches": 1,
                                "Peak Memory Usage": 9,
                                "Plans": [
                                  {
                                    "Node Type": "Seq Scan",
                                    "Parent Relationship": "Outer",
                                    "Parallel Aware": false,
                                    "Relation Name": "company_type",
                                    "Alias": "ct",
                                    "Startup Cost": 0.0,
                                    "Total Cost": 1.04,
                                    "Plan Rows": 4,
                                    "Plan Width": 4,
                                    "Actual Startup Time": 0.018,
                                    "Actual Total Time": 0.02,
                                    "Actual Rows": 4,
                                    "Actual Loops": 1
                                  }
                                ]
                              }
                            ]
                          },
                          {
                            "Node Type": "Index Scan",
                            "Parent Relationship": "Inner",
                            "Parallel Aware": false,
                            "Scan Direction": "Forward",
                            "Index Name": "company_name_pkey",
                            "Relation Name": "company_name",
                            "Alias": "cn",
                            "Startup Cost": 0.42,
                            "Total Cost": 1.2,
                            "Plan Rows": 1,
                            "Plan Width": 4,
                            "Actual Startup Time": 0.001,
                            "Actual Total Time": 0.001,
                            "Actual Rows": 1,
                            "Actual Loops": 69767,
                            "Index Cond": "(id = mc.company_id)",
                            "Rows Removed by Index Recheck": 0,
                            "Filter": "((country_code)::text = '[us]'::text)",
                            "Rows Removed by Filter": 0
                          }
                        ]
                      },
                      {
                        "Node Type": "Index Scan",
                        "Parent Relationship": "Inner",
                        "Parallel Aware": false,
                        "Scan Direction": "Forward",
                        "Index Name": "movie_id_movie_info",
                        "Relation Name": "movie_info",
                        "Alias": "mi",
                        "Startup Cost": 0.43,
                        "Total Cost": 1.5,
                        "Plan Rows": 1,
                        "Plan Width": 51,
                        "Actual Startup Time": 0.021,
                        "Actual Total Time": 0.021,
                        "Actual Rows": 0,
                        "Actual Loops": 41578,
                        "Index Cond": "(movie_id = mk.movie_id)",
                        "Rows Removed by Index Recheck": 0,
                        "Filter": "((note ~~ '%internet%'::text) AND (info ~~ 'USA:% 200%'::text))",
                        "Rows Removed by Filter": 168
                      }
                    ]
                  },
                  {
                    "Node Type": "Index Scan",
                    "Parent Relationship": "Inner",
                    "Parallel Aware": false,
                    "Scan Direction": "Forward",
                    "Index Name": "info_type_pkey",
                    "Relation Name": "info_type",
                    "Alias": "it1",
                    "Startup Cost": 0.14,
                    "Total Cost": 0.19,
                    "Plan Rows": 1,
                    "Plan Width": 4,
                    "Actual Startup Time": 0.001,
                    "Actual Total Time": 0.001,
                    "Actual Rows": 1,
                    "Actual Loops": 32,
                    "Index Cond": "(id = mi.info_type_id)",
                    "Rows Removed by Index Recheck": 0,
                    "Filter": "((info)::text = 'release dates'::text)",
                    "Rows Removed by Filter": 0
                  }
                ]
              },
              {
                "Node Type": "Index Only Scan",
                "Parent Relationship": "Inner",
                "Parallel Aware": false,
                "Scan Direction": "Forward",
                "Index Name": "keyword_pkey",
                "Relation Name": "keyword",
                "Alias": "k",
                "Startup Cost": 0.42,
                "Total Cost": 0.44,
                "Plan Rows": 1,
                "Plan Width": 4,
                "Actual Startup Time": 0.004,
                "Actual Total Time": 0.004,
                "Actual Rows": 1,
                "Actual Loops": 32,
                "Index Cond": "(id = mk.keyword_id)",
                "Rows Removed by Index Recheck": 0,
                "Heap Fetches": 32
              }
            ]
          }
        ]
      }
    ]
  },
  "Planning Time": 2.769,
  "Triggers": [],
  "Execution Time": 2716.268
}