[
  {
    "Plan": {
      "Node Type": "Aggregate",
      "Strategy": "Plain",
      "Partial Mode": "Finalize",
      "Parallel Aware": false,
      "Startup Cost": 32965.59,
      "Total Cost": 32965.6,
      "Plan Rows": 1,
      "Plan Width": 8,
      "Actual Startup Time": 100.046,
      "Actual Total Time": 107.929,
      "Actual Rows": 1,
      "Actual Loops": 1,
      "Plans": [
        {
          "Node Type": "Gather",
          "Parent Relationship": "Outer",
          "Parallel Aware": false,
          "Startup Cost": 32965.27,
          "Total Cost": 32965.58,
          "Plan Rows": 3,
          "Plan Width": 8,
          "Actual Startup Time": 99.963,
          "Actual Total Time": 107.92,
          "Actual Rows": 4,
          "Actual Loops": 1,
          "Workers Planned": 3,
          "Workers Launched": 3,
          "Single Copy": false,
          "Plans": [
            {
              "Node Type": "Aggregate",
              "Strategy": "Plain",
              "Partial Mode": "Partial",
              "Parent Relationship": "Outer",
              "Parallel Aware": false,
              "Startup Cost": 31965.27,
              "Total Cost": 31965.28,
              "Plan Rows": 1,
              "Plan Width": 8,
              "Actual Startup Time": 94.727,
              "Actual Total Time": 94.728,
              "Actual Rows": 1,
              "Actual Loops": 4,
              "Plans": [
                {
                  "Node Type": "Seq Scan",
                  "Parent Relationship": "Outer",
                  "Parallel Aware": true,
                  "Relation Name": "movie_companies",
                  "Alias": "mc",
                  "Startup Cost": 0.0,
                  "Total Cost": 31414.82,
                  "Plan Rows": 220181,
                  "Plan Width": 0,
                  "Actual Startup Time": 47.598,
                  "Actual Total Time": 84.85,
                  "Actual Rows": 231473,
                  "Actual Loops": 4,
                  "Filter": "((company_id > 11164) AND (company_type_id = 2))",
                  "Rows Removed by Filter": 420810
                }
              ]
            }
          ]
        }
      ]
    },
    "Planning Time": 0.187,
    "Triggers": [],
    "Execution Time": 107.977
  }
]