[
  {
    "Plan": {
      "Node Type": "Aggregate",
      "Strategy": "Plain",
      "Partial Mode": "Finalize",
      "Parallel Aware": false,
      "Startup Cost": 33380.39,
      "Total Cost": 33380.4,
      "Plan Rows": 1,
      "Plan Width": 8,
      "Actual Startup Time": 95.243,
      "Actual Total Time": 103.377,
      "Actual Rows": 1,
      "Actual Loops": 1,
      "Plans": [
        {
          "Node Type": "Gather",
          "Parent Relationship": "Outer",
          "Parallel Aware": false,
          "Startup Cost": 33380.07,
          "Total Cost": 33380.38,
          "Plan Rows": 3,
          "Plan Width": 8,
          "Actual Startup Time": 95.084,
          "Actual Total Time": 103.368,
          "Actual Rows": 4,
          "Actual Loops": 1,
          "Workers Planned": 3,
          "Workers Launched": 3,
          "Single Copy": false,
          "Plans": [
            {
              "Node Type": "Aggregate",
              "Strategy": "Plain",
              "Partial Mode": "Partial",
              "Parent Relationship": "Outer",
              "Parallel Aware": false,
              "Startup Cost": 32380.07,
              "Total Cost": 32380.08,
              "Plan Rows": 1,
              "Plan Width": 8,
              "Actual Startup Time": 91.162,
              "Actual Total Time": 91.163,
              "Actual Rows": 1,
              "Actual Loops": 4,
              "Plans": [
                {
                  "Node Type": "Seq Scan",
                  "Parent Relationship": "Outer",
                  "Parallel Aware": true,
                  "Relation Name": "movie_companies",
                  "Alias": "mc",
                  "Startup Cost": 0.0,
                  "Total Cost": 31414.82,
                  "Plan Rows": 386102,
                  "Plan Width": 0,
                  "Actual Startup Time": 0.019,
                  "Actual Total Time": 75.973,
                  "Actual Rows": 318562,
                  "Actual Loops": 4,
                  "Filter": "((company_id < 129120) AND (company_type_id < 2))",
                  "Rows Removed by Filter": 333721
                }
              ]
            }
          ]
        }
      ]
    },
    "Planning Time": 0.214,
    "Triggers": [],
    "Execution Time": 103.433
  }
]