{
  "Plan": {
    "Node Type": "Aggregate",
    "Strategy": "Plain",
    "Partial Mode": "Finalize",
    "Parallel Aware": false,
    "Startup Cost": 368543.04,
    "Total Cost": 368543.05,
    "Plan Rows": 1,
    "Plan Width": 8,
    "Actual Startup Time": 2864.312,
    "Actual Total Time": 2912.322,
    "Actual Rows": 1,
    "Actual Loops": 1,
    "Plans": [
      {
        "Node Type": "Gather",
        "Parent Relationship": "Outer",
        "Parallel Aware": false,
        "Startup Cost": 368542.93,
        "Total Cost": 368543.04,
        "Plan Rows": 1,
        "Plan Width": 8,
        "Actual Startup Time": 2860.881,
        "Actual Total Time": 2912.313,
        "Actual Rows": 2,
        "Actual Loops": 1,
        "Workers Planned": 1,
        "Workers Launched": 1,
        "Single Copy": false,
        "Plans": [
          {
            "Node Type": "Aggregate",
            "Strategy": "Plain",
            "Partial Mode": "Partial",
            "Parent Relationship": "Outer",
            "Parallel Aware": false,
            "Startup Cost": 367542.93,
            "Total Cost": 367542.94,
            "Plan Rows": 1,
            "Plan Width": 8,
            "Actual Startup Time": 2854.472,
            "Actual Total Time": 2854.475,
            "Actual Rows": 1,
            "Actual Loops": 2,
            "Plans": [
              {
                "Node Type": "Hash Join",
                "Parent Relationship": "Outer",
                "Parallel Aware": true,
                "Join Type": "Inner",
                "Startup Cost": 66349.31,
                "Total Cost": 358643.82,
                "Plan Rows": 3559642,
                "Plan Width": 0,
                "Actual Startup Time": 392.556,
                "Actual Total Time": 2789.027,
                "Actual Rows": 1319282,
                "Actual Loops": 2,
                "Inner Unique": true,
                "Hash Cond": "(mi.movie_id = t.id)",
                "Plans": [
                  {
                    "Node Type": "Seq Scan",
                    "Parent Relationship": "Outer",
                    "Parallel Aware": true,
                    "Relation Name": "movie_info",
                    "Alias": "mi",
                    "Startup Cost": 0.0,
                    "Total Cost": 270696.42,
                    "Plan Rows": 8227834,
                    "Plan Width": 4,
                    "Actual Startup Time": 0.011,
                    "Actual Total Time": 887.624,
                    "Actual Rows": 7016790,
                    "Actual Loops": 2,
                    "Filter": "(info_type_id > 1)",
                    "Rows Removed by Filter": 401070
                  },
                  {
                    "Node Type": "Hash",
                    "Parent Relationship": "Inner",
                    "Parallel Aware": true,
                    "Startup Cost": 58306.47,
                    "Total Cost": 58306.47,
                    "Plan Rows": 643427,
                    "Plan Width": 4,
                    "Actual Startup Time": 379.166,
                    "Actual Total Time": 379.167,
                    "Actual Rows": 594774,
                    "Actual Loops": 2,
                    "Hash Buckets": 2097152,
                    "Original Hash Buckets": 2097152,
                    "Hash Batches": 1,
                    "Original Hash Batches": 1,
                    "Peak Memory Usage": 62944,
                    "Plans": [
                      {
                        "Node Type": "Seq Scan",
                        "Parent Relationship": "Outer",
                        "Parallel Aware": true,
                        "Relation Name": "title",
                        "Alias": "t",
                        "Startup Cost": 0.0,
                        "Total Cost": 58306.47,
                        "Plan Rows": 643427,
                        "Plan Width": 4,
                        "Actual Startup Time": 0.029,
                        "Actual Total Time": 194.294,
                        "Actual Rows": 594774,
                        "Actual Loops": 2,
                        "Filter": "((production_year > 1988) AND (kind_id = 7))",
                        "Rows Removed by Filter": 669382
                      }
                    ]
                  }
                ]
              }
            ]
          }
        ]
      }
    ]
  },
  "Planning Time": 0.562,
  "Triggers": [],
  "Execution Time": 2912.389
}