[
  {
    "Plan": {
      "Node Type": "Aggregate",
      "Strategy": "Plain",
      "Partial Mode": "Finalize",
      "Parallel Aware": false,
      "Startup Cost": 347321.78,
      "Total Cost": 347321.79,
      "Plan Rows": 1,
      "Plan Width": 8,
      "Actual Startup Time": 687.727,
      "Actual Total Time": 748.29,
      "Actual Rows": 1,
      "Actual Loops": 1,
      "Plans": [
        {
          "Node Type": "Gather",
          "Parent Relationship": "Outer",
          "Parallel Aware": false,
          "Startup Cost": 347321.16,
          "Total Cost": 347321.77,
          "Plan Rows": 6,
          "Plan Width": 8,
          "Actual Startup Time": 687.497,
          "Actual Total Time": 748.278,
          "Actual Rows": 7,
          "Actual Loops": 1,
          "Workers Planned": 6,
          "Workers Launched": 6,
          "Single Copy": false,
          "Plans": [
            {
              "Node Type": "Aggregate",
              "Strategy": "Plain",
              "Partial Mode": "Partial",
              "Parent Relationship": "Outer",
              "Parallel Aware": false,
              "Startup Cost": 346321.16,
              "Total Cost": 346321.17,
              "Plan Rows": 1,
              "Plan Width": 8,
              "Actual Startup Time": 681.358,
              "Actual Total Time": 681.359,
              "Actual Rows": 1,
              "Actual Loops": 7,
              "Plans": [
                {
                  "Node Type": "Seq Scan",
                  "Parent Relationship": "Outer",
                  "Parallel Aware": true,
                  "Relation Name": "cast_info",
                  "Alias": "ci",
                  "Startup Cost": 0.0,
                  "Total Cost": 343316.27,
                  "Plan Rows": 1201955,
                  "Plan Width": 0,
                  "Actual Startup Time": 0.04,
                  "Actual Total Time": 624.598,
                  "Actual Rows": 1240450,
                  "Actual Loops": 7,
                  "Filter": "((person_id < 1069126) AND (role_id < 4))",
                  "Rows Removed by Filter": 3937314
                }
              ]
            }
          ]
        }
      ]
    },
    "Planning Time": 0.1,
    "Triggers": [],
    "Execution Time": 748.335
  }
]