[
  {
    "Plan": {
      "Node Type": "Aggregate",
      "Strategy": "Plain",
      "Partial Mode": "Finalize",
      "Parallel Aware": false,
      "Startup Cost": 44874.26,
      "Total Cost": 44874.27,
      "Plan Rows": 1,
      "Plan Width": 8,
      "Actual Startup Time": 136.632,
      "Actual Total Time": 146.563,
      "Actual Rows": 1,
      "Actual Loops": 1,
      "Plans": [
        {
          "Node Type": "Gather",
          "Parent Relationship": "Outer",
          "Parallel Aware": false,
          "Startup Cost": 44873.94,
          "Total Cost": 44874.25,
          "Plan Rows": 3,
          "Plan Width": 8,
          "Actual Startup Time": 136.51,
          "Actual Total Time": 146.554,
          "Actual Rows": 4,
          "Actual Loops": 1,
          "Workers Planned": 3,
          "Workers Launched": 3,
          "Single Copy": false,
          "Plans": [
            {
              "Node Type": "Aggregate",
              "Strategy": "Plain",
              "Partial Mode": "Partial",
              "Parent Relationship": "Outer",
              "Parallel Aware": false,
              "Startup Cost": 43873.94,
              "Total Cost": 43873.95,
              "Plan Rows": 1,
              "Plan Width": 8,
              "Actual Startup Time": 130.871,
              "Actual Total Time": 130.872,
              "Actual Rows": 1,
              "Actual Loops": 4,
              "Plans": [
                {
                  "Node Type": "Seq Scan",
                  "Parent Relationship": "Outer",
                  "Parallel Aware": true,
                  "Relation Name": "movie_keyword",
                  "Alias": "mk",
                  "Startup Cost": 0.0,
                  "Total Cost": 42695.65,
                  "Plan Rows": 471314,
                  "Plan Width": 0,
                  "Actual Startup Time": 0.046,
                  "Actual Total Time": 112.011,
                  "Actual Rows": 367724,
                  "Actual Loops": 4,
                  "Filter": "(keyword_id < 2101)",
                  "Rows Removed by Filter": 763259
                }
              ]
            }
          ]
        }
      ]
    },
    "Planning Time": 0.115,
    "Triggers": [],
    "Execution Time": 146.602
  }
]