[
  {
    "Plan": {
      "Node Type": "Aggregate",
      "Strategy": "Plain",
      "Partial Mode": "Finalize",
      "Parallel Aware": false,
      "Startup Cost": 394087.2,
      "Total Cost": 394087.21,
      "Plan Rows": 1,
      "Plan Width": 8,
      "Actual Startup Time": 968.756,
      "Actual Total Time": 1016.391,
      "Actual Rows": 1,
      "Actual Loops": 1,
      "Plans": [
        {
          "Node Type": "Gather",
          "Parent Relationship": "Outer",
          "Parallel Aware": false,
          "Startup Cost": 394086.57,
          "Total Cost": 394087.18,
          "Plan Rows": 6,
          "Plan Width": 8,
          "Actual Startup Time": 963.353,
          "Actual Total Time": 1016.375,
          "Actual Rows": 7,
          "Actual Loops": 1,
          "Workers Planned": 6,
          "Workers Launched": 6,
          "Single Copy": false,
          "Plans": [
            {
              "Node Type": "Aggregate",
              "Strategy": "Plain",
              "Partial Mode": "Partial",
              "Parent Relationship": "Outer",
              "Parallel Aware": false,
              "Startup Cost": 393086.57,
              "Total Cost": 393086.58,
              "Plan Rows": 1,
              "Plan Width": 8,
              "Actual Startup Time": 954.011,
              "Actual Total Time": 954.014,
              "Actual Rows": 1,
              "Actual Loops": 7,
              "Plans": [
                {
                  "Node Type": "Hash Join",
                  "Parent Relationship": "Outer",
                  "Parallel Aware": true,
                  "Join Type": "Inner",
                  "Startup Cost": 47628.55,
                  "Total Cost": 392645.94,
                  "Plan Rows": 176252,
                  "Plan Width": 0,
                  "Actual Startup Time": 442.182,
                  "Actual Total Time": 944.802,
                  "Actual Rows": 212450,
                  "Actual Loops": 7,
                  "Inner Unique": true,
                  "Hash Cond": "(ci.movie_id = t.id)",
                  "Plans": [
                    {
                      "Node Type": "Seq Scan",
                      "Parent Relationship": "Outer",
                      "Parallel Aware": true,
                      "Relation Name": "cast_info",
                      "Alias": "ci",
                      "Startup Cost": 0.0,
                      "Total Cost": 343316.27,
                      "Plan Rows": 648047,
                      "Plan Width": 4,
                      "Actual Startup Time": 318.583,
                      "Actual Total Time": 574.557,
                      "Actual Rows": 1239618,
                      "Actual Loops": 7,
                      "Filter": "((person_id > 2822025) AND (role_id > 2))",
                      "Rows Removed by Filter": 3938146
                    },
                    {
                      "Node Type": "Hash",
                      "Parent Relationship": "Inner",
                      "Parallel Aware": true,
                      "Startup Cost": 45479.59,
                      "Total Cost": 45479.59,
                      "Plan Rows": 171917,
                      "Plan Width": 4,
                      "Actual Startup Time": 121.11,
                      "Actual Total Time": 121.112,
                      "Actual Rows": 85214,
                      "Actual Loops": 7,
                      "Hash Buckets": 1048576,
                      "Original Hash Buckets": 1048576,
                      "Hash Batches": 1,
                      "Original Hash Batches": 1,
                      "Peak Memory Usage": 31648,
                      "Plans": [
                        {
                          "Node Type": "Seq Scan",
                          "Parent Relationship": "Outer",
                          "Parallel Aware": true,
                          "Relation Name": "title",
                          "Alias": "t",
                          "Startup Cost": 0.0,
                          "Total Cost": 45479.59,
                          "Plan Rows": 171917,
                          "Plan Width": 4,
                          "Actual Startup Time": 0.042,
                          "Actual Total Time": 78.376,
                          "Actual Rows": 85214,
                          "Actual Loops": 7,
                          "Filter": "((production_year < 2002) AND (kind_id = 7))",
                          "Rows Removed by Filter": 275974
                        }
                      ]
                    }
                  ]
                }
              ]
            }
          ]
        }
      ]
    },
    "Planning Time": 0.423,
    "Triggers": [],
    "Execution Time": 1016.442
  }
]