[
  {
    "Plan": {
      "Node Type": "Aggregate",
      "Strategy": "Plain",
      "Partial Mode": "Finalize",
      "Parallel Aware": false,
      "Startup Cost": 44701.21,
      "Total Cost": 44701.22,
      "Plan Rows": 1,
      "Plan Width": 8,
      "Actual Startup Time": 133.957,
      "Actual Total Time": 143.703,
      "Actual Rows": 1,
      "Actual Loops": 1,
      "Plans": [
        {
          "Node Type": "Gather",
          "Parent Relationship": "Outer",
          "Parallel Aware": false,
          "Startup Cost": 44700.9,
          "Total Cost": 44701.21,
          "Plan Rows": 3,
          "Plan Width": 8,
          "Actual Startup Time": 133.657,
          "Actual Total Time": 143.693,
          "Actual Rows": 4,
          "Actual Loops": 1,
          "Workers Planned": 3,
          "Workers Launched": 3,
          "Single Copy": false,
          "Plans": [
            {
              "Node Type": "Aggregate",
              "Strategy": "Plain",
              "Partial Mode": "Partial",
              "Parent Relationship": "Outer",
              "Parallel Aware": false,
              "Startup Cost": 43700.9,
              "Total Cost": 43700.91,
              "Plan Rows": 1,
              "Plan Width": 8,
              "Actual Startup Time": 125.749,
              "Actual Total Time": 125.75,
              "Actual Rows": 1,
              "Actual Loops": 4,
              "Plans": [
                {
                  "Node Type": "Seq Scan",
                  "Parent Relationship": "Outer",
                  "Parallel Aware": true,
                  "Relation Name": "movie_keyword",
                  "Alias": "mk",
                  "Startup Cost": 0.0,
                  "Total Cost": 42695.65,
                  "Plan Rows": 402097,
                  "Plan Width": 0,
                  "Actual Startup Time": 2.512,
                  "Actual Total Time": 109.927,
                  "Actual Rows": 313806,
                  "Actual Loops": 4,
                  "Filter": "(keyword_id > 14342)",
                  "Rows Removed by Filter": 817177
                }
              ]
            }
          ]
        }
      ]
    },
    "Planning Time": 0.181,
    "Triggers": [],
    "Execution Time": 143.757
  }
]