[
  {
    "Plan": {
      "Node Type": "Aggregate",
      "Strategy": "Plain",
      "Partial Mode": "Finalize",
      "Parallel Aware": false,
      "Startup Cost": 31423.65,
      "Total Cost": 31423.66,
      "Plan Rows": 1,
      "Plan Width": 8,
      "Actual Startup Time": 106.199,
      "Actual Total Time": 114.524,
      "Actual Rows": 1,
      "Actual Loops": 1,
      "Plans": [
        {
          "Node Type": "Gather",
          "Parent Relationship": "Outer",
          "Parallel Aware": false,
          "Startup Cost": 31423.33,
          "Total Cost": 31423.64,
          "Plan Rows": 3,
          "Plan Width": 8,
          "Actual Startup Time": 106.091,
          "Actual Total Time": 114.515,
          "Actual Rows": 4,
          "Actual Loops": 1,
          "Workers Planned": 3,
          "Workers Launched": 3,
          "Single Copy": false,
          "Plans": [
            {
              "Node Type": "Aggregate",
              "Strategy": "Plain",
              "Partial Mode": "Partial",
              "Parent Relationship": "Outer",
              "Parallel Aware": false,
              "Startup Cost": 30423.33,
              "Total Cost": 30423.34,
              "Plan Rows": 1,
              "Plan Width": 8,
              "Actual Startup Time": 97.925,
              "Actual Total Time": 97.926,
              "Actual Rows": 1,
              "Actual Loops": 4,
              "Plans": [
                {
                  "Node Type": "Seq Scan",
                  "Parent Relationship": "Outer",
                  "Parallel Aware": true,
                  "Relation Name": "movie_companies",
                  "Alias": "mc",
                  "Startup Cost": 0.0,
                  "Total Cost": 29310.68,
                  "Plan Rows": 445059,
                  "Plan Width": 0,
                  "Actual Startup Time": 0.049,
                  "Actual Total Time": 78.669,
                  "Actual Rows": 344516,
                  "Actual Loops": 4,
                  "Filter": "(company_id < 11885)",
                  "Rows Removed by Filter": 307766
                }
              ]
            }
          ]
        }
      ]
    },
    "Planning Time": 0.166,
    "Triggers": [],
    "Execution Time": 114.574
  }
]