[
  {
    "Plan": {
      "Node Type": "Aggregate",
      "Strategy": "Plain",
      "Partial Mode": "Finalize",
      "Parallel Aware": false,
      "Startup Cost": 320300.93,
      "Total Cost": 320300.94,
      "Plan Rows": 1,
      "Plan Width": 8,
      "Actual Startup Time": 256.268,
      "Actual Total Time": 304.089,
      "Actual Rows": 1,
      "Actual Loops": 1,
      "Plans": [
        {
          "Node Type": "Gather",
          "Parent Relationship": "Outer",
          "Parallel Aware": false,
          "Startup Cost": 320300.51,
          "Total Cost": 320300.92,
          "Plan Rows": 4,
          "Plan Width": 8,
          "Actual Startup Time": 255.609,
          "Actual Total Time": 304.08,
          "Actual Rows": 5,
          "Actual Loops": 1,
          "Workers Planned": 4,
          "Workers Launched": 4,
          "Single Copy": false,
          "Plans": [
            {
              "Node Type": "Aggregate",
              "Strategy": "Plain",
              "Partial Mode": "Partial",
              "Parent Relationship": "Outer",
              "Parallel Aware": false,
              "Startup Cost": 319300.51,
              "Total Cost": 319300.52,
              "Plan Rows": 1,
              "Plan Width": 8,
              "Actual Startup Time": 250.142,
              "Actual Total Time": 250.144,
              "Actual Rows": 1,
              "Actual Loops": 5,
              "Plans": [
                {
                  "Node Type": "Nested Loop",
                  "Parent Relationship": "Outer",
                  "Parallel Aware": false,
                  "Join Type": "Inner",
                  "Startup Cost": 0.56,
                  "Total Cost": 319158.73,
                  "Plan Rows": 56713,
                  "Plan Width": 0,
                  "Actual Startup Time": 51.498,
                  "Actual Total Time": 246.007,
                  "Actual Rows": 38804,
                  "Actual Loops": 5,
                  "Inner Unique": false,
                  "Plans": [
                    {
                      "Node Type": "Seq Scan",
                      "Parent Relationship": "Outer",
                      "Parallel Aware": true,
                      "Relation Name": "title",
                      "Alias": "t",
                      "Startup Cost": 0.0,
                      "Total Cost": 45479.59,
                      "Plan Rows": 3956,
                      "Plan Width": 4,
                      "Actual Startup Time": 51.376,
                      "Actual Total Time": 78.228,
                      "Actual Rows": 1941,
                      "Actual Loops": 5,
                      "Filter": "((kind_id = 1) AND (production_year = 2002))",
                      "Rows Removed by Filter": 503722
                    },
                    {
                      "Node Type": "Index Only Scan",
                      "Parent Relationship": "Inner",
                      "Parallel Aware": false,
                      "Scan Direction": "Forward",
                      "Index Name": "movie_id_cast_info",
                      "Relation Name": "cast_info",
                      "Alias": "ci",
                      "Startup Cost": 0.56,
                      "Total Cost": 68.83,
                      "Plan Rows": 35,
                      "Plan Width": 4,
                      "Actual Startup Time": 0.013,
                      "Actual Total Time": 0.083,
                      "Actual Rows": 20,
                      "Actual Loops": 9704,
                      "Index Cond": "(movie_id = t.id)",
                      "Rows Removed by Index Recheck": 0,
                      "Heap Fetches": 194022
                    }
                  ]
                }
              ]
            }
          ]
        }
      ]
    },
    "Planning Time": 0.294,
    "Triggers": [],
    "Execution Time": 304.154
  }
]