[
  {
    "Plan": {
      "Node Type": "Aggregate",
      "Strategy": "Plain",
      "Partial Mode": "Finalize",
      "Parallel Aware": false,
      "Startup Cost": 89884.9,
      "Total Cost": 89884.91,
      "Plan Rows": 1,
      "Plan Width": 8,
      "Actual Startup Time": 432.632,
      "Actual Total Time": 491.105,
      "Actual Rows": 1,
      "Actual Loops": 1,
      "Plans": [
        {
          "Node Type": "Gather",
          "Parent Relationship": "Outer",
          "Parallel Aware": false,
          "Startup Cost": 89884.48,
          "Total Cost": 89884.89,
          "Plan Rows": 4,
          "Plan Width": 8,
          "Actual Startup Time": 431.472,
          "Actual Total Time": 491.094,
          "Actual Rows": 5,
          "Actual Loops": 1,
          "Workers Planned": 4,
          "Workers Launched": 4,
          "Single Copy": false,
          "Plans": [
            {
              "Node Type": "Aggregate",
              "Strategy": "Plain",
              "Partial Mode": "Partial",
              "Parent Relationship": "Outer",
              "Parallel Aware": false,
              "Startup Cost": 88884.48,
              "Total Cost": 88884.49,
              "Plan Rows": 1,
              "Plan Width": 8,
              "Actual Startup Time": 421.081,
              "Actual Total Time": 421.085,
              "Actual Rows": 1,
              "Actual Loops": 5,
              "Plans": [
                {
                  "Node Type": "Nested Loop",
                  "Parent Relationship": "Outer",
                  "Parallel Aware": false,
                  "Join Type": "Inner",
                  "Startup Cost": 23438.09,
                  "Total Cost": 88837.7,
                  "Plan Rows": 18713,
                  "Plan Width": 0,
                  "Actual Startup Time": 63.799,
                  "Actual Total Time": 419.174,
                  "Actual Rows": 28687,
                  "Actual Loops": 5,
                  "Inner Unique": false,
                  "Plans": [
                    {
                      "Node Type": "Hash Join",
                      "Parent Relationship": "Outer",
                      "Parallel Aware": true,
                      "Join Type": "Inner",
                      "Startup Cost": 23437.53,
                      "Total Cost": 68298.27,
                      "Plan Rows": 6013,
                      "Plan Width": 8,
                      "Actual Startup Time": 63.436,
                      "Actual Total Time": 157.134,
                      "Actual Rows": 3285,
                      "Actual Loops": 5,
                      "Inner Unique": false,
                      "Hash Cond": "(t.id = mc.movie_id)",
                      "Plans": [
                        {
                          "Node Type": "Seq Scan",
                          "Parent Relationship": "Outer",
                          "Parallel Aware": true,
                          "Relation Name": "title",
                          "Alias": "t",
                          "Startup Cost": 0.0,
                          "Total Cost": 43898.92,
                          "Plan Rows": 188484,
                          "Plan Width": 4,
                          "Actual Startup Time": 0.013,
                          "Actual Total Time": 59.389,
                          "Actual Rows": 150735,
                          "Actual Loops": 5,
                          "Filter": "(kind_id < 3)",
                          "Rows Removed by Filter": 354927
                        },
                        {
                          "Node Type": "Hash",
                          "Parent Relationship": "Inner",
                          "Parallel Aware": true,
                          "Startup Cost": 23112.29,
                          "Total Cost": 23112.29,
                          "Plan Rows": 26019,
                          "Plan Width": 4,
                          "Actual Startup Time": 62.018,
                          "Actual Total Time": 62.019,
                          "Actual Rows": 25911,
                          "Actual Loops": 5,
                          "Hash Buckets": 131072,
                          "Original Hash Buckets": 131072,
                          "Hash Batches": 1,
                          "Original Hash Batches": 1,
                          "Peak Memory Usage": 6176,
                          "Plans": [
                            {
                              "Node Type": "Bitmap Heap Scan",
                              "Parent Relationship": "Outer",
                              "Parallel Aware": true,
                              "Relation Name": "movie_companies",
                              "Alias": "mc",
                              "Startup Cost": 3529.47,
                              "Total Cost": 23112.29,
                              "Plan Rows": 26019,
                              "Plan Width": 4,
                              "Actual Startup Time": 15.499,
                              "Actual Total Time": 49.743,
                              "Actual Rows": 25911,
                              "Actual Loops": 5,
                              "Recheck Cond": "(company_id < 34)",
                              "Rows Removed by Index Recheck": 0,
                              "Filter": "(company_type_id < 2)",
                              "Rows Removed by Filter": 7631,
                              "Exact Heap Blocks": 6964,
                              "Lossy Heap Blocks": 0,
                              "Plans": [
                                {
                                  "Node Type": "Bitmap Index Scan",
                                  "Parent Relationship": "Outer",
                                  "Parallel Aware": false,
                                  "Index Name": "company_id_movie_companies",
                                  "Startup Cost": 0.0,
                                  "Total Cost": 3509.3,
                                  "Plan Rows": 163850,
                                  "Plan Width": 0,
                                  "Actual Startup Time": 17.737,
                                  "Actual Total Time": 17.738,
                                  "Actual Rows": 167708,
                                  "Actual Loops": 1,
                                  "Index Cond": "(company_id < 34)"
                                }
                              ]
                            }
                          ]
                        }
                      ]
                    },
                    {
                      "Node Type": "Index Scan",
                      "Parent Relationship": "Inner",
                      "Parallel Aware": false,
                      "Scan Direction": "Forward",
                      "Index Name": "movie_id_cast_info",
                      "Relation Name": "cast_info",
                      "Alias": "ci",
                      "Startup Cost": 0.56,
                      "Total Cost": 3.34,
                      "Plan Rows": 8,
                      "Plan Width": 4,
                      "Actual Startup Time": 0.014,
                      "Actual Total Time": 0.079,
                      "Actual Rows": 9,
                      "Actual Loops": 16427,
                      "Index Cond": "(movie_id = t.id)",
                      "Rows Removed by Index Recheck": 0,
                      "Filter": "(person_id < 784852)",
                      "Rows Removed by Filter": 29
                    }
                  ]
                }
              ]
            }
          ]
        }
      ]
    },
    "Planning Time": 1.125,
    "Triggers": [],
    "Execution Time": 491.218
  }
]