[
  {
    "Plan": {
      "Node Type": "Aggregate",
      "Strategy": "Plain",
      "Partial Mode": "Finalize",
      "Parallel Aware": false,
      "Startup Cost": 47378.44,
      "Total Cost": 47378.45,
      "Plan Rows": 1,
      "Plan Width": 8,
      "Actual Startup Time": 118.83,
      "Actual Total Time": 131.006,
      "Actual Rows": 1,
      "Actual Loops": 1,
      "Plans": [
        {
          "Node Type": "Gather",
          "Parent Relationship": "Outer",
          "Parallel Aware": false,
          "Startup Cost": 47378.02,
          "Total Cost": 47378.43,
          "Plan Rows": 4,
          "Plan Width": 8,
          "Actual Startup Time": 118.539,
          "Actual Total Time": 130.998,
          "Actual Rows": 5,
          "Actual Loops": 1,
          "Workers Planned": 4,
          "Workers Launched": 4,
          "Single Copy": false,
          "Plans": [
            {
              "Node Type": "Aggregate",
              "Strategy": "Plain",
              "Partial Mode": "Partial",
              "Parent Relationship": "Outer",
              "Parallel Aware": false,
              "Startup Cost": 46378.02,
              "Total Cost": 46378.03,
              "Plan Rows": 1,
              "Plan Width": 8,
              "Actual Startup Time": 109.406,
              "Actual Total Time": 109.41,
              "Actual Rows": 1,
              "Actual Loops": 5,
              "Plans": [
                {
                  "Node Type": "Seq Scan",
                  "Parent Relationship": "Outer",
                  "Parallel Aware": true,
                  "Relation Name": "title",
                  "Alias": "t",
                  "Startup Cost": 0.0,
                  "Total Cost": 45479.59,
                  "Plan Rows": 359374,
                  "Plan Width": 0,
                  "Actual Startup Time": 0.051,
                  "Actual Total Time": 93.974,
                  "Actual Rows": 298174,
                  "Actual Loops": 5,
                  "Filter": "((kind_id > 4) AND (production_year > 1934))",
                  "Rows Removed by Filter": 207488
                }
              ]
            }
          ]
        }
      ]
    },
    "Planning Time": 0.09,
    "Triggers": [],
    "Execution Time": 131.038
  }
]