{
  "Plan": {
    "Node Type": "Aggregate",
    "Strategy": "Plain",
    "Partial Mode": "Finalize",
    "Parallel Aware": false,
    "Startup Cost": 1736888.68,
    "Total Cost": 1736888.69,
    "Plan Rows": 1,
    "Plan Width": 8,
    "Actual Startup Time": 29269.993,
    "Actual Total Time": 29383.669,
    "Actual Rows": 1,
    "Actual Loops": 1,
    "Plans": [
      {
        "Node Type": "Gather",
        "Parent Relationship": "Outer",
        "Parallel Aware": false,
        "Startup Cost": 1736888.57,
        "Total Cost": 1736888.68,
        "Plan Rows": 1,
        "Plan Width": 8,
        "Actual Startup Time": 29251.052,
        "Actual Total Time": 29383.657,
        "Actual Rows": 2,
        "Actual Loops": 1,
        "Workers Planned": 1,
        "Workers Launched": 1,
        "Single Copy": false,
        "Plans": [
          {
            "Node Type": "Aggregate",
            "Strategy": "Plain",
            "Partial Mode": "Partial",
            "Parent Relationship": "Outer",
            "Parallel Aware": false,
            "Startup Cost": 1735888.57,
            "Total Cost": 1735888.58,
            "Plan Rows": 1,
            "Plan Width": 8,
            "Actual Startup Time": 29219.062,
            "Actual Total Time": 29219.069,
            "Actual Rows": 1,
            "Actual Loops": 2,
            "Plans": [
              {
                "Node Type": "Hash Join",
                "Parent Relationship": "Outer",
                "Parallel Aware": true,
                "Join Type": "Inner",
                "Startup Cost": 449947.61,
                "Total Cost": 1569686.85,
                "Plan Rows": 66480686,
                "Plan Width": 0,
                "Actual Startup Time": 6760.764,
                "Actual Total Time": 25332.148,
                "Actual Rows": 99403033,
                "Actual Loops": 2,
                "Inner Unique": false,
                "Hash Cond": "(ci.movie_id = t.id)",
                "Plans": [
                  {
                    "Node Type": "Seq Scan",
                    "Parent Relationship": "Outer",
                    "Parallel Aware": true,
                    "Relation Name": "cast_info",
                    "Alias": "ci",
                    "Startup Cost": 0.0,
                    "Total Cost": 572345.93,
                    "Plan Rows": 11369485,
                    "Plan Width": 4,
                    "Actual Startup Time": 543.203,
                    "Actual Total Time": 1860.743,
                    "Actual Rows": 8493108,
                    "Actual Loops": 2,
                    "Filter": "((person_id < 2999983) AND (role_id > 1))",
                    "Rows Removed by Filter": 9629064
                  },
                  {
                    "Node Type": "Hash",
                    "Parent Relationship": "Inner",
                    "Parallel Aware": true,
                    "Startup Cost": 341244.19,
                    "Total Cost": 341244.19,
                    "Plan Rows": 8696274,
                    "Plan Width": 8,
                    "Actual Startup Time": 6158.572,
                    "Actual Total Time": 6158.576,
                    "Actual Rows": 7417860,
                    "Actual Loops": 2,
                    "Hash Buckets": 16777216,
                    "Original Hash Buckets": 16777216,
                    "Hash Batches": 1,
                    "Original Hash Batches": 1,
                    "Peak Memory Usage": 711456,
                    "Plans": [
                      {
                        "Node Type": "Hash Join",
                        "Parent Relationship": "Outer",
                        "Parallel Aware": true,
                        "Join Type": "Inner",
                        "Startup Cost": 69460.7,
                        "Total Cost": 341244.19,
                        "Plan Rows": 8696274,
                        "Plan Width": 8,
                        "Actual Startup Time": 559.715,
                        "Actual Total Time": 3923.172,
                        "Actual Rows": 7417860,
                        "Actual Loops": 2,
                        "Inner Unique": true,
                        "Hash Cond": "(mi.movie_id = t.id)",
                        "Plans": [
                          {
                            "Node Type": "Seq Scan",
                            "Parent Relationship": "Outer",
                            "Parallel Aware": true,
                            "Relation Name": "movie_info",
                            "Alias": "mi",
                            "Startup Cost": 0.0,
                            "Total Cost": 248955.74,
                            "Plan Rows": 8696274,
                            "Plan Width": 4,
                            "Actual Startup Time": 0.011,
                            "Actual Total Time": 698.007,
                            "Actual Rows": 7417860,
                            "Actual Loops": 2
                          },
                          {
                            "Node Type": "Hash",
                            "Parent Relationship": "Inner",
                            "Parallel Aware": true,
                            "Startup Cost": 50870.31,
                            "Total Cost": 50870.31,
                            "Plan Rows": 1487231,
                            "Plan Width": 4,
                            "Actual Startup Time": 547.986,
                            "Actual Total Time": 547.987,
                            "Actual Rows": 1264156,
                            "Actual Loops": 2,
                            "Hash Buckets": 4194304,
                            "Original Hash Buckets": 4194304,
                            "Hash Batches": 1,
                            "Original Hash Batches": 1,
                            "Peak Memory Usage": 131712,
                            "Plans": [
                              {
                                "Node Type": "Seq Scan",
                                "Parent Relationship": "Outer",
                                "Parallel Aware": true,
                                "Relation Name": "title",
                                "Alias": "t",
                                "Startup Cost": 0.0,
                                "Total Cost": 50870.31,
                                "Plan Rows": 1487231,
                                "Plan Width": 4,
                                "Actual Startup Time": 0.03,
                                "Actual Total Time": 158.312,
                                "Actual Rows": 1264156,
                                "Actual Loops": 2
                              }
                            ]
                          }
                        ]
                      }
                    ]
                  }
                ]
              }
            ]
          }
        ]
      }
    ]
  },
  "Planning Time": 0.97,
  "Triggers": [],
  "Execution Time": 29383.807
}