{
    "Plan": {
        "Node Type": "Aggregate",
        "Strategy": "Plain",
        "Partial Mode": "Simple",
        "Parallel Aware": false,
        "Startup Cost": 120000709245.34,
        "Total Cost": 120000709245.35,
        "Plan Rows": 1,
        "Plan Width": 96,
        "Actual Startup Time": 1167.896,
        "Actual Total Time": 1167.91,
        "Actual Rows": 1,
        "Actual Loops": 1,
        "Output": [
            "min(chn.name)",
            "min(mi_idx.info)",
            "min(t.title)"
        ],
        "Plans": [
            {
                "Node Type": "Nested Loop",
                "Parent Relationship": "Outer",
                "Parallel Aware": false,
                "Join Type": "Inner",
                "Startup Cost": 120000000005.58,
                "Total Cost": 120000709245.33,
                "Plan Rows": 1,
                "Plan Width": 38,
                "Actual Startup Time": 597.892,
                "Actual Total Time": 1167.882,
                "Actual Rows": 11,
                "Actual Loops": 1,
                "Output": [
                    "chn.name",
                    "mi_idx.info",
                    "t.title"
                ],
                "Inner Unique": true,
                "Plans": [
                    {
                        "Node Type": "Nested Loop",
                        "Parent Relationship": "Outer",
                        "Parallel Aware": false,
                        "Join Type": "Inner",
                        "Startup Cost": 110000000005.45,
                        "Total Cost": 110000709237.17,
                        "Plan Rows": 1,
                        "Plan Width": 42,
                        "Actual Startup Time": 597.876,
                        "Actual Total Time": 1167.712,
                        "Actual Rows": 24,
                        "Actual Loops": 1,
                        "Output": [
                            "cc.subject_id",
                            "chn.name",
                            "mi_idx.info",
                            "t.title"
                        ],
                        "Inner Unique": true,
                        "Plans": [
                            {
                                "Node Type": "Nested Loop",
                                "Parent Relationship": "Outer",
                                "Parallel Aware": false,
                                "Join Type": "Inner",
                                "Startup Cost": 100000000005.01,
                                "Total Cost": 100000709232.71,
                                "Plan Rows": 1,
                                "Plan Width": 46,
                                "Actual Startup Time": 597.84,
                                "Actual Total Time": 1166.997,
                                "Actual Rows": 24,
                                "Actual Loops": 1,
                                "Output": [
                                    "cc.subject_id",
                                    "ci.person_id",
                                    "chn.name",
                                    "mi_idx.info",
                                    "t.title"
                                ],
                                "Inner Unique": true,
                                "Plans": [
                                    {
                                        "Node Type": "Nested Loop",
                                        "Parent Relationship": "Outer",
                                        "Parallel Aware": false,
                                        "Join Type": "Inner",
                                        "Startup Cost": 90000000004.58,
                                        "Total Cost": 90000709044.95,
                                        "Plan Rows": 42,
                                        "Plan Width": 50,
                                        "Actual Startup Time": 91.233,
                                        "Actual Total Time": 1132.527,
                                        "Actual Rows": 4448,
                                        "Actual Loops": 1,
                                        "Output": [
                                            "cc.subject_id",
                                            "ci.person_id",
                                            "chn.name",
                                            "mi_idx.info",
                                            "mk.keyword_id",
                                            "t.title"
                                        ],
                                        "Inner Unique": false,
                                        "Join Filter": "(t.id = mk.movie_id)",
                                        "Rows Removed by Join Filter": 0,
                                        "Plans": [
                                            {
                                                "Node Type": "Nested Loop",
                                                "Parent Relationship": "Outer",
                                                "Parallel Aware": false,
                                                "Join Type": "Inner",
                                                "Startup Cost": 80000000003.79,
                                                "Total Cost": 80000708991.48,
                                                "Plan Rows": 9,
                                                "Plan Width": 62,
                                                "Actual Startup Time": 91.18,
                                                "Actual Total Time": 1129.651,
                                                "Actual Rows": 28,
                                                "Actual Loops": 1,
                                                "Output": [
                                                    "cc.movie_id",
                                                    "cc.subject_id",
                                                    "ci.movie_id",
                                                    "ci.person_id",
                                                    "chn.name",
                                                    "mi_idx.info",
                                                    "mi_idx.movie_id",
                                                    "t.title",
                                                    "t.id"
                                                ],
                                                "Inner Unique": true,
                                                "Plans": [
                                                    {
                                                        "Node Type": "Nested Loop",
                                                        "Parent Relationship": "Outer",
                                                        "Parallel Aware": false,
                                                        "Join Type": "Inner",
                                                        "Startup Cost": 70000000003.35,
                                                        "Total Cost": 70000708011.05,
                                                        "Plan Rows": 220,
                                                        "Plan Width": 50,
                                                        "Actual Startup Time": 25.904,
                                                        "Actual Total Time": 1116.808,
                                                        "Actual Rows": 1143,
                                                        "Actual Loops": 1,
                                                        "Output": [
                                                            "cc.movie_id",
                                                            "cc.subject_id",
                                                            "ci.movie_id",
                                                            "ci.person_role_id",
                                                            "ci.person_id",
                                                            "mi_idx.info",
                                                            "mi_idx.movie_id",
                                                            "t.title",
                                                            "t.id"
                                                        ],
                                                        "Inner Unique": false,
                                                        "Join Filter": "(t.id = ci.movie_id)",
                                                        "Rows Removed by Join Filter": 0,
                                                        "Plans": [
                                                            {
                                                                "Node Type": "Nested Loop",
                                                                "Parent Relationship": "Outer",
                                                                "Parallel Aware": false,
                                                                "Join Type": "Inner",
                                                                "Startup Cost": 60000000002.11,
                                                                "Total Cost": 60000707943.0,
                                                                "Plan Rows": 11,
                                                                "Plan Width": 38,
                                                                "Actual Startup Time": 25.792,
                                                                "Actual Total Time": 1104.942,
                                                                "Actual Rows": 18,
                                                                "Actual Loops": 1,
                                                                "Output": [
                                                                    "cc.movie_id",
                                                                    "cc.subject_id",
                                                                    "mi_idx.info",
                                                                    "mi_idx.movie_id",
                                                                    "t.title",
                                                                    "t.id"
                                                                ],
                                                                "Inner Unique": true,
                                                                "Plans": [
                                                                    {
                                                                        "Node Type": "Nested Loop",
                                                                        "Parent Relationship": "Outer",
                                                                        "Parallel Aware": false,
                                                                        "Join Type": "Inner",
                                                                        "Startup Cost": 50000000001.96,
                                                                        "Total Cost": 50000702715.49,
                                                                        "Plan Rows": 1255,
                                                                        "Plan Width": 42,
                                                                        "Actual Startup Time": 25.763,
                                                                        "Actual Total Time": 1104.574,
                                                                        "Actual Rows": 54,
                                                                        "Actual Loops": 1,
                                                                        "Output": [
                                                                            "cc.movie_id",
                                                                            "cc.subject_id",
                                                                            "mi_idx.info",
                                                                            "mi_idx.movie_id",
                                                                            "mi_idx.info_type_id",
                                                                            "t.title",
                                                                            "t.id"
                                                                        ],
                                                                        "Inner Unique": false,
                                                                        "Plans": [
                                                                            {
                                                                                "Node Type": "Nested Loop",
                                                                                "Parent Relationship": "Outer",
                                                                                "Parallel Aware": false,
                                                                                "Join Type": "Inner",
                                                                                "Startup Cost": 40000000001.4,
                                                                                "Total Cost": 40000700666.33,
                                                                                "Plan Rows": 443,
                                                                                "Plan Width": 29,
                                                                                "Actual Startup Time": 21.525,
                                                                                "Actual Total Time": 1103.515,
                                                                                "Actual Rows": 46,
                                                                                "Actual Loops": 1,
                                                                                "Output": [
                                                                                    "cc.movie_id",
                                                                                    "cc.subject_id",
                                                                                    "t.title",
                                                                                    "t.id"
                                                                                ],
                                                                                "Inner Unique": true,
                                                                                "Plans": [
                                                                                    {
                                                                                        "Node Type": "Nested Loop",
                                                                                        "Parent Relationship": "Outer",
                                                                                        "Parallel Aware": false,
                                                                                        "Join Type": "Inner",
                                                                                        "Startup Cost": 30000000001.26,
                                                                                        "Total Cost": 30000693294.8,
                                                                                        "Plan Rows": 1774,
                                                                                        "Plan Width": 33,
                                                                                        "Actual Startup Time": 21.512,
                                                                                        "Actual Total Time": 1103.179,
                                                                                        "Actual Rows": 46,
                                                                                        "Actual Loops": 1,
                                                                                        "Output": [
                                                                                            "cc.movie_id",
                                                                                            "cc.subject_id",
                                                                                            "cc.status_id",
                                                                                            "t.title",
                                                                                            "t.id"
                                                                                        ],
                                                                                        "Inner Unique": true,
                                                                                        "Plans": [
                                                                                            {
                                                                                                "Node Type": "Nested Loop",
                                                                                                "Parent Relationship": "Outer",
                                                                                                "Parallel Aware": false,
                                                                                                "Join Type": "Inner",
                                                                                                "Startup Cost": 20000000001.12,
                                                                                                "Total Cost": 20000641680.9,
                                                                                                "Plan Rows": 12417,
                                                                                                "Plan Width": 37,
                                                                                                "Actual Startup Time": 1.339,
                                                                                                "Actual Total Time": 1099.45,
                                                                                                "Actual Rows": 632,
                                                                                                "Actual Loops": 1,
                                                                                                "Output": [
                                                                                                    "cc.movie_id",
                                                                                                    "cc.subject_id",
                                                                                                    "cc.status_id",
                                                                                                    "t.title",
                                                                                                    "t.kind_id",
                                                                                                    "t.id"
                                                                                                ],
                                                                                                "Inner Unique": true,
                                                                                                "Plans": [
                                                                                                    {
                                                                                                        "Node Type": "Index Scan",
                                                                                                        "Parent Relationship": "Outer",
                                                                                                        "Parallel Aware": false,
                                                                                                        "Scan Direction": "Forward",
                                                                                                        "Index Name": "subject_id_complete_cast",
                                                                                                        "Relation Name": "complete_cast",
                                                                                                        "Schema": "public",
                                                                                                        "Alias": "cc",
                                                                                                        "Startup Cost": 10000000000.42,
                                                                                                        "Total Cost": 10000004164.71,
                                                                                                        "Plan Rows": 135086,
                                                                                                        "Plan Width": 12,
                                                                                                        "Actual Startup Time": 0.067,
                                                                                                        "Actual Total Time": 54.953,
                                                                                                        "Actual Rows": 135086,
                                                                                                        "Actual Loops": 1,
                                                                                                        "Output": [
                                                                                                            "cc.id",
                                                                                                            "cc.movie_id",
                                                                                                            "cc.subject_id",
                                                                                                            "cc.status_id"
                                                                                                        ]
                                                                                                    },
                                                                                                    {
                                                                                                        "Node Type": "Bitmap Heap Scan",
                                                                                                        "Parent Relationship": "Inner",
                                                                                                        "Parallel Aware": false,
                                                                                                        "Relation Name": "title",
                                                                                                        "Schema": "public",
                                                                                                        "Alias": "t",
                                                                                                        "Startup Cost": 0.7,
                                                                                                        "Total Cost": 4.72,
                                                                                                        "Plan Rows": 1,
                                                                                                        "Plan Width": 25,
                                                                                                        "Actual Startup Time": 0.005,
                                                                                                        "Actual Total Time": 0.005,
                                                                                                        "Actual Rows": 0,
                                                                                                        "Actual Loops": 135086,
                                                                                                        "Output": [
                                                                                                            "t.id",
                                                                                                            "t.title",
                                                                                                            "t.imdb_index",
                                                                                                            "t.kind_id",
                                                                                                            "t.production_year",
                                                                                                            "t.imdb_id",
                                                                                                            "t.phonetic_code",
                                                                                                            "t.episode_of_id",
                                                                                                            "t.season_nr",
                                                                                                            "t.episode_nr",
                                                                                                            "t.series_years",
                                                                                                            "t.md5sum"
                                                                                                        ],
                                                                                                        "Recheck Cond": "(t.id = cc.movie_id)",
                                                                                                        "Rows Removed by Index Recheck": 0,
                                                                                                        "Filter": "(t.production_year > 2011)",
                                                                                                        "Rows Removed by Filter": 1,
                                                                                                        "Exact Heap Blocks": 135086,
                                                                                                        "Lossy Heap Blocks": 0,
                                                                                                        "Plans": [
                                                                                                            {
                                                                                                                "Node Type": "Bitmap Index Scan",
                                                                                                                "Parent Relationship": "Outer",
                                                                                                                "Parallel Aware": false,
                                                                                                                "Index Name": "title_pkey",
                                                                                                                "Startup Cost": 0.0,
                                                                                                                "Total Cost": 0.7,
                                                                                                                "Plan Rows": 1,
                                                                                                                "Plan Width": 0,
                                                                                                                "Actual Startup Time": 0.003,
                                                                                                                "Actual Total Time": 0.003,
                                                                                                                "Actual Rows": 1,
                                                                                                                "Actual Loops": 135086,
                                                                                                                "Index Cond": "(t.id = cc.movie_id)"
                                                                                                            }
                                                                                                        ]
                                                                                                    }
                                                                                                ]
                                                                                            },
                                                                                            {
                                                                                                "Node Type": "Bitmap Heap Scan",
                                                                                                "Parent Relationship": "Inner",
                                                                                                "Parallel Aware": false,
                                                                                                "Relation Name": "kind_type",
                                                                                                "Schema": "public",
                                                                                                "Alias": "kt",
                                                                                                "Startup Cost": 0.14,
                                                                                                "Total Cost": 4.16,
                                                                                                "Plan Rows": 1,
                                                                                                "Plan Width": 4,
                                                                                                "Actual Startup Time": 0.003,
                                                                                                "Actual Total Time": 0.003,
                                                                                                "Actual Rows": 0,
                                                                                                "Actual Loops": 632,
                                                                                                "Output": [
                                                                                                    "kt.id",
                                                                                                    "kt.kind"
                                                                                                ],
                                                                                                "Recheck Cond": "(kt.id = t.kind_id)",
                                                                                                "Rows Removed by Index Recheck": 0,
                                                                                                "Filter": "((kt.kind)::text = 'movie'::text)",
                                                                                                "Rows Removed by Filter": 1,
                                                                                                "Exact Heap Blocks": 632,
                                                                                                "Lossy Heap Blocks": 0,
                                                                                                "Plans": [
                                                                                                    {
                                                                                                        "Node Type": "Bitmap Index Scan",
                                                                                                        "Parent Relationship": "Outer",
                                                                                                        "Parallel Aware": false,
                                                                                                        "Index Name": "kind_type_pkey",
                                                                                                        "Startup Cost": 0.0,
                                                                                                        "Total Cost": 0.14,
                                                                                                        "Plan Rows": 1,
                                                                                                        "Plan Width": 0,
                                                                                                        "Actual Startup Time": 0.002,
                                                                                                        "Actual Total Time": 0.002,
                                                                                                        "Actual Rows": 1,
                                                                                                        "Actual Loops": 632,
                                                                                                        "Index Cond": "(kt.id = t.kind_id)"
                                                                                                    }
                                                                                                ]
                                                                                            }
                                                                                        ]
                                                                                    },
                                                                                    {
                                                                                        "Node Type": "Bitmap Heap Scan",
                                                                                        "Parent Relationship": "Inner",
                                                                                        "Parallel Aware": false,
                                                                                        "Relation Name": "comp_cast_type",
                                                                                        "Schema": "public",
                                                                                        "Alias": "cct2",
                                                                                        "Startup Cost": 0.14,
                                                                                        "Total Cost": 4.15,
                                                                                        "Plan Rows": 1,
                                                                                        "Plan Width": 4,
                                                                                        "Actual Startup Time": 0.004,
                                                                                        "Actual Total Time": 0.004,
                                                                                        "Actual Rows": 1,
                                                                                        "Actual Loops": 46,
                                                                                        "Output": [
                                                                                            "cct2.id",
                                                                                            "cct2.kind"
                                                                                        ],
                                                                                        "Recheck Cond": "(cct2.id = cc.status_id)",
                                                                                        "Rows Removed by Index Recheck": 0,
                                                                                        "Filter": "((cct2.kind)::text ~~ '%complete%'::text)",
                                                                                        "Rows Removed by Filter": 0,
                                                                                        "Exact Heap Blocks": 46,
                                                                                        "Lossy Heap Blocks": 0,
                                                                                        "Plans": [
                                                                                            {
                                                                                                "Node Type": "Bitmap Index Scan",
                                                                                                "Parent Relationship": "Outer",
                                                                                                "Parallel Aware": false,
                                                                                                "Index Name": "comp_cast_type_pkey",
                                                                                                "Startup Cost": 0.0,
                                                                                                "Total Cost": 0.14,
                                                                                                "Plan Rows": 1,
                                                                                                "Plan Width": 0,
                                                                                                "Actual Startup Time": 0.002,
                                                                                                "Actual Total Time": 0.002,
                                                                                                "Actual Rows": 1,
                                                                                                "Actual Loops": 46,
                                                                                                "Index Cond": "(cct2.id = cc.status_id)"
                                                                                            }
                                                                                        ]
                                                                                    }
                                                                                ]
                                                                            },
                                                                            {
                                                                                "Node Type": "Bitmap Heap Scan",
                                                                                "Parent Relationship": "Inner",
                                                                                "Parallel Aware": false,
                                                                                "Relation Name": "movie_info_idx",
                                                                                "Schema": "public",
                                                                                "Alias": "mi_idx",
                                                                                "Startup Cost": 0.56,
                                                                                "Total Cost": 4.6,
                                                                                "Plan Rows": 3,
                                                                                "Plan Width": 13,
                                                                                "Actual Startup Time": 0.019,
                                                                                "Actual Total Time": 0.02,
                                                                                "Actual Rows": 1,
                                                                                "Actual Loops": 46,
                                                                                "Output": [
                                                                                    "mi_idx.id",
                                                                                    "mi_idx.movie_id",
                                                                                    "mi_idx.info_type_id",
                                                                                    "mi_idx.info",
                                                                                    "mi_idx.note"
                                                                                ],
                                                                                "Recheck Cond": "(mi_idx.movie_id = t.id)",
                                                                                "Rows Removed by Index Recheck": 0,
                                                                                "Exact Heap Blocks": 18,
                                                                                "Lossy Heap Blocks": 0,
                                                                                "Plans": [
                                                                                    {
                                                                                        "Node Type": "Bitmap Index Scan",
                                                                                        "Parent Relationship": "Outer",
                                                                                        "Parallel Aware": false,
                                                                                        "Index Name": "movie_id_movie_info_idx",
                                                                                        "Startup Cost": 0.0,
                                                                                        "Total Cost": 0.56,
                                                                                        "Plan Rows": 3,
                                                                                        "Plan Width": 0,
                                                                                        "Actual Startup Time": 0.014,
                                                                                        "Actual Total Time": 0.014,
                                                                                        "Actual Rows": 1,
                                                                                        "Actual Loops": 46,
                                                                                        "Index Cond": "(mi_idx.movie_id = t.id)"
                                                                                    }
                                                                                ]
                                                                            }
                                                                        ]
                                                                    },
                                                                    {
                                                                        "Node Type": "Bitmap Heap Scan",
                                                                        "Parent Relationship": "Inner",
                                                                        "Parallel Aware": false,
                                                                        "Relation Name": "info_type",
                                                                        "Schema": "public",
                                                                        "Alias": "it2",
                                                                        "Startup Cost": 0.15,
                                                                        "Total Cost": 4.17,
                                                                        "Plan Rows": 1,
                                                                        "Plan Width": 4,
                                                                        "Actual Startup Time": 0.004,
                                                                        "Actual Total Time": 0.004,
                                                                        "Actual Rows": 0,
                                                                        "Actual Loops": 54,
                                                                        "Output": [
                                                                            "it2.id",
                                                                            "it2.info"
                                                                        ],
                                                                        "Recheck Cond": "(it2.id = mi_idx.info_type_id)",
                                                                        "Rows Removed by Index Recheck": 0,
                                                                        "Filter": "((it2.info)::text = 'rating'::text)",
                                                                        "Rows Removed by Filter": 1,
                                                                        "Exact Heap Blocks": 54,
                                                                        "Lossy Heap Blocks": 0,
                                                                        "Plans": [
                                                                            {
                                                                                "Node Type": "Bitmap Index Scan",
                                                                                "Parent Relationship": "Outer",
                                                                                "Parallel Aware": false,
                                                                                "Index Name": "info_type_pkey",
                                                                                "Startup Cost": 0.0,
                                                                                "Total Cost": 0.15,
                                                                                "Plan Rows": 1,
                                                                                "Plan Width": 0,
                                                                                "Actual Startup Time": 0.002,
                                                                                "Actual Total Time": 0.002,
                                                                                "Actual Rows": 1,
                                                                                "Actual Loops": 54,
                                                                                "Index Cond": "(it2.id = mi_idx.info_type_id)"
                                                                            }
                                                                        ]
                                                                    }
                                                                ]
                                                            },
                                                            {
                                                                "Node Type": "Bitmap Heap Scan",
                                                                "Parent Relationship": "Inner",
                                                                "Parallel Aware": false,
                                                                "Relation Name": "cast_info",
                                                                "Schema": "public",
                                                                "Alias": "ci",
                                                                "Startup Cost": 1.24,
                                                                "Total Cost": 5.71,
                                                                "Plan Rows": 38,
                                                                "Plan Width": 12,
                                                                "Actual Startup Time": 0.063,
                                                                "Actual Total Time": 0.624,
                                                                "Actual Rows": 64,
                                                                "Actual Loops": 18,
                                                                "Output": [
                                                                    "ci.id",
                                                                    "ci.person_id",
                                                                    "ci.movie_id",
                                                                    "ci.person_role_id",
                                                                    "ci.note",
                                                                    "ci.nr_order",
                                                                    "ci.role_id"
                                                                ],
                                                                "Recheck Cond": "(ci.movie_id = mi_idx.movie_id)",
                                                                "Rows Removed by Index Recheck": 0,
                                                                "Exact Heap Blocks": 1116,
                                                                "Lossy Heap Blocks": 0,
                                                                "Plans": [
                                                                    {
                                                                        "Node Type": "Bitmap Index Scan",
                                                                        "Parent Relationship": "Outer",
                                                                        "Parallel Aware": false,
                                                                        "Index Name": "movie_id_cast_info",
                                                                        "Startup Cost": 0.0,
                                                                        "Total Cost": 1.23,
                                                                        "Plan Rows": 38,
                                                                        "Plan Width": 0,
                                                                        "Actual Startup Time": 0.043,
                                                                        "Actual Total Time": 0.043,
                                                                        "Actual Rows": 64,
                                                                        "Actual Loops": 18,
                                                                        "Index Cond": "(ci.movie_id = mi_idx.movie_id)"
                                                                    }
                                                                ]
                                                            }
                                                        ]
                                                    },
                                                    {
                                                        "Node Type": "Bitmap Heap Scan",
                                                        "Parent Relationship": "Inner",
                                                        "Parallel Aware": false,
                                                        "Relation Name": "char_name",
                                                        "Schema": "public",
                                                        "Alias": "chn",
                                                        "Startup Cost": 0.44,
                                                        "Total Cost": 4.46,
                                                        "Plan Rows": 1,
                                                        "Plan Width": 20,
                                                        "Actual Startup Time": 0.009,
                                                        "Actual Total Time": 0.009,
                                                        "Actual Rows": 0,
                                                        "Actual Loops": 1143,
                                                        "Output": [
                                                            "chn.id",
                                                            "chn.name",
                                                            "chn.imdb_index",
                                                            "chn.imdb_id",
                                                            "chn.name_pcode_nf",
                                                            "chn.surname_pcode",
                                                            "chn.md5sum"
                                                        ],
                                                        "Recheck Cond": "(chn.id = ci.person_role_id)",
                                                        "Rows Removed by Index Recheck": 0,
                                                        "Filter": "((chn.name IS NOT NULL) AND ((chn.name ~~ '%man%'::text) OR (chn.name ~~ '%Man%'::text)))",
                                                        "Rows Removed by Filter": 0,
                                                        "Exact Heap Blocks": 555,
                                                        "Lossy Heap Blocks": 0,
                                                        "Plans": [
                                                            {
                                                                "Node Type": "Bitmap Index Scan",
                                                                "Parent Relationship": "Outer",
                                                                "Parallel Aware": false,
                                                                "Index Name": "char_name_pkey",
                                                                "Startup Cost": 0.0,
                                                                "Total Cost": 0.44,
                                                                "Plan Rows": 1,
                                                                "Plan Width": 0,
                                                                "Actual Startup Time": 0.005,
                                                                "Actual Total Time": 0.005,
                                                                "Actual Rows": 0,
                                                                "Actual Loops": 1143,
                                                                "Index Cond": "(chn.id = ci.person_role_id)"
                                                            }
                                                        ]
                                                    }
                                                ]
                                            },
                                            {
                                                "Node Type": "Bitmap Heap Scan",
                                                "Parent Relationship": "Inner",
                                                "Parallel Aware": false,
                                                "Relation Name": "movie_keyword",
                                                "Schema": "public",
                                                "Alias": "mk",
                                                "Startup Cost": 0.79,
                                                "Total Cost": 5.37,
                                                "Plan Rows": 46,
                                                "Plan Width": 8,
                                                "Actual Startup Time": 0.024,
                                                "Actual Total Time": 0.057,
                                                "Actual Rows": 159,
                                                "Actual Loops": 28,
                                                "Output": [
                                                    "mk.id",
                                                    "mk.movie_id",
                                                    "mk.keyword_id"
                                                ],
                                                "Recheck Cond": "(mk.movie_id = ci.movie_id)",
                                                "Rows Removed by Index Recheck": 0,
                                                "Exact Heap Blocks": 47,
                                                "Lossy Heap Blocks": 0,
                                                "Plans": [
                                                    {
                                                        "Node Type": "Bitmap Index Scan",
                                                        "Parent Relationship": "Outer",
                                                        "Parallel Aware": false,
                                                        "Index Name": "movie_id_movie_keyword",
                                                        "Startup Cost": 0.0,
                                                        "Total Cost": 0.78,
                                                        "Plan Rows": 46,
                                                        "Plan Width": 0,
                                                        "Actual Startup Time": 0.016,
                                                        "Actual Total Time": 0.016,
                                                        "Actual Rows": 159,
                                                        "Actual Loops": 28,
                                                        "Index Cond": "(mk.movie_id = ci.movie_id)"
                                                    }
                                                ]
                                            }
                                        ]
                                    },
                                    {
                                        "Node Type": "Bitmap Heap Scan",
                                        "Parent Relationship": "Inner",
                                        "Parallel Aware": false,
                                        "Relation Name": "keyword",
                                        "Schema": "public",
                                        "Alias": "k",
                                        "Startup Cost": 0.43,
                                        "Total Cost": 4.45,
                                        "Plan Rows": 1,
                                        "Plan Width": 4,
                                        "Actual Startup Time": 0.005,
                                        "Actual Total Time": 0.005,
                                        "Actual Rows": 0,
                                        "Actual Loops": 4448,
                                        "Output": [
                                            "k.id",
                                            "k.keyword",
                                            "k.phonetic_code"
                                        ],
                                        "Recheck Cond": "(k.id = mk.keyword_id)",
                                        "Rows Removed by Index Recheck": 0,
                                        "Filter": "(k.keyword = ANY ('{female-nudity,marvel-cinematic-universe,blood,tv-special,based-on-comic,claw,murder,based-on-comic,laser,superhero}'::text[]))",
                                        "Rows Removed by Filter": 1,
                                        "Exact Heap Blocks": 4448,
                                        "Lossy Heap Blocks": 0,
                                        "Plans": [
                                            {
                                                "Node Type": "Bitmap Index Scan",
                                                "Parent Relationship": "Outer",
                                                "Parallel Aware": false,
                                                "Index Name": "keyword_pkey",
                                                "Startup Cost": 0.0,
                                                "Total Cost": 0.43,
                                                "Plan Rows": 1,
                                                "Plan Width": 0,
                                                "Actual Startup Time": 0.003,
                                                "Actual Total Time": 0.003,
                                                "Actual Rows": 1,
                                                "Actual Loops": 4448,
                                                "Index Cond": "(k.id = mk.keyword_id)"
                                            }
                                        ]
                                    }
                                ]
                            },
                            {
                                "Node Type": "Bitmap Heap Scan",
                                "Parent Relationship": "Inner",
                                "Parallel Aware": false,
                                "Relation Name": "name",
                                "Schema": "public",
                                "Alias": "n",
                                "Startup Cost": 0.44,
                                "Total Cost": 4.45,
                                "Plan Rows": 1,
                                "Plan Width": 4,
                                "Actual Startup Time": 0.026,
                                "Actual Total Time": 0.026,
                                "Actual Rows": 1,
                                "Actual Loops": 24,
                                "Output": [
                                    "n.id",
                                    "n.name",
                                    "n.imdb_index",
                                    "n.imdb_id",
                                    "n.gender",
                                    "n.name_pcode_cf",
                                    "n.name_pcode_nf",
                                    "n.surname_pcode",
                                    "n.md5sum"
                                ],
                                "Recheck Cond": "(n.id = ci.person_id)",
                                "Rows Removed by Index Recheck": 0,
                                "Exact Heap Blocks": 24,
                                "Lossy Heap Blocks": 0,
                                "Plans": [
                                    {
                                        "Node Type": "Bitmap Index Scan",
                                        "Parent Relationship": "Outer",
                                        "Parallel Aware": false,
                                        "Index Name": "name_pkey",
                                        "Startup Cost": 0.0,
                                        "Total Cost": 0.44,
                                        "Plan Rows": 1,
                                        "Plan Width": 0,
                                        "Actual Startup Time": 0.014,
                                        "Actual Total Time": 0.014,
                                        "Actual Rows": 1,
                                        "Actual Loops": 24,
                                        "Index Cond": "(n.id = ci.person_id)"
                                    }
                                ]
                            }
                        ]
                    },
                    {
                        "Node Type": "Bitmap Heap Scan",
                        "Parent Relationship": "Inner",
                        "Parallel Aware": false,
                        "Relation Name": "comp_cast_type",
                        "Schema": "public",
                        "Alias": "cct1",
                        "Startup Cost": 0.14,
                        "Total Cost": 4.15,
                        "Plan Rows": 1,
                        "Plan Width": 4,
                        "Actual Startup Time": 0.004,
                        "Actual Total Time": 0.004,
                        "Actual Rows": 0,
                        "Actual Loops": 24,
                        "Output": [
                            "cct1.id",
                            "cct1.kind"
                        ],
                        "Recheck Cond": "(cct1.id = cc.subject_id)",
                        "Rows Removed by Index Recheck": 0,
                        "Filter": "((cct1.kind)::text = 'cast'::text)",
                        "Rows Removed by Filter": 1,
                        "Exact Heap Blocks": 24,
                        "Lossy Heap Blocks": 0,
                        "Plans": [
                            {
                                "Node Type": "Bitmap Index Scan",
                                "Parent Relationship": "Outer",
                                "Parallel Aware": false,
                                "Index Name": "comp_cast_type_pkey",
                                "Startup Cost": 0.0,
                                "Total Cost": 0.14,
                                "Plan Rows": 1,
                                "Plan Width": 0,
                                "Actual Startup Time": 0.002,
                                "Actual Total Time": 0.002,
                                "Actual Rows": 1,
                                "Actual Loops": 24,
                                "Index Cond": "(cct1.id = cc.subject_id)"
                            }
                        ]
                    }
                ]
            }
        ]
    },
    "Planning Time": 59.749,
    "Triggers": [],
    "Execution Time": 1168.531
}