{
  "Plan": {
    "Node Type": "Aggregate",
    "Strategy": "Plain",
    "Partial Mode": "Finalize",
    "Parallel Aware": false,
    "Startup Cost": 557578.83,
    "Total Cost": 557578.84,
    "Plan Rows": 1,
    "Plan Width": 8,
    "Actual Startup Time": 208.456,
    "Actual Total Time": 230.825,
    "Actual Rows": 1,
    "Actual Loops": 1,
    "Plans": [
      {
        "Node Type": "Gather",
        "Parent Relationship": "Outer",
        "Parallel Aware": false,
        "Startup Cost": 557578.71,
        "Total Cost": 557578.82,
        "Plan Rows": 1,
        "Plan Width": 8,
        "Actual Startup Time": 208.341,
        "Actual Total Time": 230.816,
        "Actual Rows": 2,
        "Actual Loops": 1,
        "Workers Planned": 1,
        "Workers Launched": 1,
        "Single Copy": false,
        "Plans": [
          {
            "Node Type": "Aggregate",
            "Strategy": "Plain",
            "Partial Mode": "Partial",
            "Parent Relationship": "Outer",
            "Parallel Aware": false,
            "Startup Cost": 556578.71,
            "Total Cost": 556578.72,
            "Plan Rows": 1,
            "Plan Width": 8,
            "Actual Startup Time": 202.321,
            "Actual Total Time": 202.322,
            "Actual Rows": 1,
            "Actual Loops": 2,
            "Plans": [
              {
                "Node Type": "Nested Loop",
                "Parent Relationship": "Outer",
                "Parallel Aware": false,
                "Join Type": "Inner",
                "Startup Cost": 0.56,
                "Total Cost": 556388.69,
                "Plan Rows": 76011,
                "Plan Width": 0,
                "Actual Startup Time": 103.925,
                "Actual Total Time": 201.236,
                "Actual Rows": 13262,
                "Actual Loops": 2,
                "Inner Unique": false,
                "Plans": [
                  {
                    "Node Type": "Seq Scan",
                    "Parent Relationship": "Outer",
                    "Parallel Aware": true,
                    "Relation Name": "title",
                    "Alias": "t",
                    "Startup Cost": 0.0,
                    "Total Cost": 54588.39,
                    "Plan Rows": 5305,
                    "Plan Width": 4,
                    "Actual Startup Time": 103.834,
                    "Actual Total Time": 153.77,
                    "Actual Rows": 3885,
                    "Actual Loops": 2,
                    "Filter": "(production_year = 1912)",
                    "Rows Removed by Filter": 1260271
                  },
                  {
                    "Node Type": "Index Only Scan",
                    "Parent Relationship": "Inner",
                    "Parallel Aware": false,
                    "Scan Direction": "Forward",
                    "Index Name": "movie_id_cast_info",
                    "Relation Name": "cast_info",
                    "Alias": "ci",
                    "Startup Cost": 0.56,
                    "Total Cost": 94.22,
                    "Plan Rows": 37,
                    "Plan Width": 4,
                    "Actual Startup Time": 0.007,
                    "Actual Total Time": 0.012,
                    "Actual Rows": 3,
                    "Actual Loops": 7770,
                    "Index Cond": "(movie_id = t.id)",
                    "Rows Removed by Index Recheck": 0,
                    "Heap Fetches": 26524
                  }
                ]
              }
            ]
          }
        ]
      }
    ]
  },
  "Planning Time": 0.438,
  "Triggers": [],
  "Execution Time": 230.901
}