[
  {
    "Plan": {
      "Node Type": "Aggregate",
      "Strategy": "Plain",
      "Partial Mode": "Finalize",
      "Parallel Aware": false,
      "Startup Cost": 77688.93,
      "Total Cost": 77688.94,
      "Plan Rows": 1,
      "Plan Width": 8,
      "Actual Startup Time": 462.653,
      "Actual Total Time": 479.074,
      "Actual Rows": 1,
      "Actual Loops": 1,
      "Plans": [
        {
          "Node Type": "Gather",
          "Parent Relationship": "Outer",
          "Parallel Aware": false,
          "Startup Cost": 77688.61,
          "Total Cost": 77688.92,
          "Plan Rows": 3,
          "Plan Width": 8,
          "Actual Startup Time": 453.815,
          "Actual Total Time": 479.065,
          "Actual Rows": 4,
          "Actual Loops": 1,
          "Workers Planned": 3,
          "Workers Launched": 3,
          "Single Copy": false,
          "Plans": [
            {
              "Node Type": "Aggregate",
              "Strategy": "Plain",
              "Partial Mode": "Partial",
              "Parent Relationship": "Outer",
              "Parallel Aware": false,
              "Startup Cost": 76688.61,
              "Total Cost": 76688.62,
              "Plan Rows": 1,
              "Plan Width": 8,
              "Actual Startup Time": 435.152,
              "Actual Total Time": 435.156,
              "Actual Rows": 1,
              "Actual Loops": 4,
              "Plans": [
                {
                  "Node Type": "Hash Join",
                  "Parent Relationship": "Outer",
                  "Parallel Aware": true,
                  "Join Type": "Inner",
                  "Startup Cost": 51071.68,
                  "Total Cost": 76656.26,
                  "Plan Rows": 12939,
                  "Plan Width": 0,
                  "Actual Startup Time": 402.949,
                  "Actual Total Time": 434.42,
                  "Actual Rows": 10460,
                  "Actual Loops": 4,
                  "Inner Unique": true,
                  "Hash Cond": "(mk.movie_id = t.id)",
                  "Plans": [
                    {
                      "Node Type": "Bitmap Heap Scan",
                      "Parent Relationship": "Outer",
                      "Parallel Aware": true,
                      "Relation Name": "movie_keyword",
                      "Alias": "mk",
                      "Startup Cost": 851.3,
                      "Total Cost": 26401.92,
                      "Plan Rows": 12939,
                      "Plan Width": 4,
                      "Actual Startup Time": 5.418,
                      "Actual Total Time": 24.307,
                      "Actual Rows": 10460,
                      "Actual Loops": 4,
                      "Recheck Cond": "(keyword_id = 117)",
                      "Rows Removed by Index Recheck": 0,
                      "Exact Heap Blocks": 5264,
                      "Lossy Heap Blocks": 0,
                      "Plans": [
                        {
                          "Node Type": "Bitmap Index Scan",
                          "Parent Relationship": "Outer",
                          "Parallel Aware": false,
                          "Index Name": "keyword_id_movie_keyword",
                          "Startup Cost": 0.0,
                          "Total Cost": 841.27,
                          "Plan Rows": 40112,
                          "Plan Width": 0,
                          "Actual Startup Time": 3.694,
                          "Actual Total Time": 3.695,
                          "Actual Rows": 41840,
                          "Actual Loops": 1,
                          "Index Cond": "(keyword_id = 117)"
                        }
                      ]
                    },
                    {
                      "Node Type": "Hash",
                      "Parent Relationship": "Inner",
                      "Parallel Aware": true,
                      "Startup Cost": 42319.06,
                      "Total Cost": 42319.06,
                      "Plan Rows": 632106,
                      "Plan Width": 4,
                      "Actual Startup Time": 386.162,
                      "Actual Total Time": 386.163,
                      "Actual Rows": 632078,
                      "Actual Loops": 4,
                      "Hash Buckets": 4194304,
                      "Original Hash Buckets": 4194304,
                      "Hash Batches": 1,
                      "Original Hash Batches": 1,
                      "Peak Memory Usage": 131744,
                      "Plans": [
                        {
                          "Node Type": "Seq Scan",
                          "Parent Relationship": "Outer",
                          "Parallel Aware": true,
                          "Relation Name": "title",
                          "Alias": "t",
                          "Startup Cost": 0.0,
                          "Total Cost": 42319.06,
                          "Plan Rows": 632106,
                          "Plan Width": 4,
                          "Actual Startup Time": 0.037,
                          "Actual Total Time": 114.301,
                          "Actual Rows": 632078,
                          "Actual Loops": 4
                        }
                      ]
                    }
                  ]
                }
              ]
            }
          ]
        }
      ]
    },
    "Planning Time": 0.695,
    "Triggers": [],
    "Execution Time": 479.167
  }
]