{
  "Plan": {
    "Node Type": "Aggregate",
    "Strategy": "Plain",
    "Partial Mode": "Finalize",
    "Parallel Aware": false,
    "Startup Cost": 488697.41,
    "Total Cost": 488697.42,
    "Plan Rows": 1,
    "Plan Width": 8,
    "Actual Startup Time": 1597.657,
    "Actual Total Time": 1627.704,
    "Actual Rows": 1,
    "Actual Loops": 1,
    "Plans": [
      {
        "Node Type": "Gather",
        "Parent Relationship": "Outer",
        "Parallel Aware": false,
        "Startup Cost": 488697.3,
        "Total Cost": 488697.41,
        "Plan Rows": 1,
        "Plan Width": 8,
        "Actual Startup Time": 1594.363,
        "Actual Total Time": 1627.696,
        "Actual Rows": 2,
        "Actual Loops": 1,
        "Workers Planned": 1,
        "Workers Launched": 1,
        "Single Copy": false,
        "Plans": [
          {
            "Node Type": "Aggregate",
            "Strategy": "Plain",
            "Partial Mode": "Partial",
            "Parent Relationship": "Outer",
            "Parallel Aware": false,
            "Startup Cost": 487697.3,
            "Total Cost": 487697.31,
            "Plan Rows": 1,
            "Plan Width": 8,
            "Actual Startup Time": 1588.577,
            "Actual Total Time": 1588.578,
            "Actual Rows": 1,
            "Actual Loops": 2,
            "Plans": [
              {
                "Node Type": "Merge Join",
                "Parent Relationship": "Outer",
                "Parallel Aware": false,
                "Join Type": "Inner",
                "Startup Cost": 365852.16,
                "Total Cost": 485519.44,
                "Plan Rows": 871142,
                "Plan Width": 0,
                "Actual Startup Time": 804.335,
                "Actual Total Time": 1576.98,
                "Actual Rows": 265193,
                "Actual Loops": 2,
                "Inner Unique": false,
                "Merge Cond": "(t.id = ci.movie_id)",
                "Plans": [
                  {
                    "Node Type": "Index Only Scan",
                    "Parent Relationship": "Outer",
                    "Parallel Aware": true,
                    "Scan Direction": "Forward",
                    "Index Name": "title_pkey",
                    "Relation Name": "title",
                    "Alias": "t",
                    "Startup Cost": 0.43,
                    "Total Cost": 99929.35,
                    "Plan Rows": 1487231,
                    "Plan Width": 4,
                    "Actual Startup Time": 0.104,
                    "Actual Total Time": 593.398,
                    "Actual Rows": 1262926,
                    "Actual Loops": 2,
                    "Heap Fetches": 2525851
                  },
                  {
                    "Node Type": "Sort",
                    "Parent Relationship": "Inner",
                    "Parallel Aware": false,
                    "Startup Cost": 365851.57,
                    "Total Cost": 369553.93,
                    "Plan Rows": 1480942,
                    "Plan Width": 4,
                    "Actual Startup Time": 804.202,
                    "Actual Total Time": 865.877,
                    "Actual Rows": 530386,
                    "Actual Loops": 2,
                    "Sort Key": [
                      "ci.movie_id"
                    ],
                    "Sort Method": "quicksort",
                    "Sort Space Used": 49438,
                    "Sort Space Type": "Memory",
                    "Workers": [
                      {
                        "Worker Number": 0,
                        "Sort Method": "quicksort",
                        "Sort Space Used": 49438,
                        "Sort Space Type": "Memory"
                      }
                    ],
                    "Plans": [
                      {
                        "Node Type": "Index Scan",
                        "Parent Relationship": "Outer",
                        "Parallel Aware": false,
                        "Scan Direction": "Forward",
                        "Index Name": "role_id_cast_info",
                        "Relation Name": "cast_info",
                        "Alias": "ci",
                        "Startup Cost": 0.56,
                        "Total Cost": 214069.21,
                        "Plan Rows": 1480942,
                        "Plan Width": 4,
                        "Actual Startup Time": 0.255,
                        "Actual Total Time": 671.533,
                        "Actual Rows": 530386,
                        "Actual Loops": 2,
                        "Index Cond": "(role_id > 8)",
                        "Rows Removed by Index Recheck": 0,
                        "Filter": "(person_id < 930021)",
                        "Rows Removed by Filter": 5202308
                      }
                    ]
                  }
                ]
              }
            ]
          }
        ]
      }
    ]
  },
  "Planning Time": 0.727,
  "Triggers": [],
  "Execution Time": 1633.999
}