[
  {
    "Plan": {
      "Node Type": "Aggregate",
      "Strategy": "Plain",
      "Partial Mode": "Finalize",
      "Parallel Aware": false,
      "Startup Cost": 338363.26,
      "Total Cost": 338363.27,
      "Plan Rows": 1,
      "Plan Width": 8,
      "Actual Startup Time": 776.297,
      "Actual Total Time": 833.106,
      "Actual Rows": 1,
      "Actual Loops": 1,
      "Plans": [
        {
          "Node Type": "Gather",
          "Parent Relationship": "Outer",
          "Parallel Aware": false,
          "Startup Cost": 338362.64,
          "Total Cost": 338363.24,
          "Plan Rows": 6,
          "Plan Width": 8,
          "Actual Startup Time": 776.178,
          "Actual Total Time": 833.094,
          "Actual Rows": 7,
          "Actual Loops": 1,
          "Workers Planned": 6,
          "Workers Launched": 6,
          "Single Copy": false,
          "Plans": [
            {
              "Node Type": "Aggregate",
              "Strategy": "Plain",
              "Partial Mode": "Partial",
              "Parent Relationship": "Outer",
              "Parallel Aware": false,
              "Startup Cost": 337362.64,
              "Total Cost": 337362.65,
              "Plan Rows": 1,
              "Plan Width": 8,
              "Actual Startup Time": 765.511,
              "Actual Total Time": 765.512,
              "Actual Rows": 1,
              "Actual Loops": 7,
              "Plans": [
                {
                  "Node Type": "Seq Scan",
                  "Parent Relationship": "Outer",
                  "Parallel Aware": true,
                  "Relation Name": "cast_info",
                  "Alias": "ci",
                  "Startup Cost": 0.0,
                  "Total Cost": 328162.03,
                  "Plan Rows": 3680244,
                  "Plan Width": 0,
                  "Actual Startup Time": 0.058,
                  "Actual Total Time": 623.968,
                  "Actual Rows": 3161411,
                  "Actual Loops": 7,
                  "Filter": "(person_id < 2254398)",
                  "Rows Removed by Filter": 2016352
                }
              ]
            }
          ]
        }
      ]
    },
    "Planning Time": 0.208,
    "Triggers": [],
    "Execution Time": 833.185
  }
]