[
    {
        "Bao": {
            "Bao prediction": "NaN",
            "Bao recommended hint": "(no hint)"
        }
    },
    {
        "Plan": {
            "Node Type": "Aggregate",
            "Strategy": "Plain",
            "Partial Mode": "Finalize",
            "Parallel Aware": false,
            "Startup Cost": 225973.45,
            "Total Cost": 225973.46,
            "Plan Rows": 1,
            "Plan Width": 8,
            "Actual Startup Time": 359.153,
            "Actual Total Time": 370.194,
            "Actual Rows": 1,
            "Actual Loops": 1,
            "Output": [
                "count(*)"
            ],
            "Plans": [
                {
                    "Node Type": "Gather",
                    "Parent Relationship": "Outer",
                    "Parallel Aware": false,
                    "Startup Cost": 225972.93,
                    "Total Cost": 225973.44,
                    "Plan Rows": 5,
                    "Plan Width": 8,
                    "Actual Startup Time": 351.985,
                    "Actual Total Time": 370.185,
                    "Actual Rows": 6,
                    "Actual Loops": 1,
                    "Output": [
                        "(PARTIAL count(*))"
                    ],
                    "Workers Planned": 5,
                    "Workers Launched": 5,
                    "Single Copy": false,
                    "Plans": [
                        {
                            "Node Type": "Aggregate",
                            "Strategy": "Plain",
                            "Partial Mode": "Partial",
                            "Parent Relationship": "Outer",
                            "Parallel Aware": false,
                            "Startup Cost": 224972.93,
                            "Total Cost": 224972.94,
                            "Plan Rows": 1,
                            "Plan Width": 8,
                            "Actual Startup Time": 341.591,
                            "Actual Total Time": 341.596,
                            "Actual Rows": 1,
                            "Actual Loops": 6,
                            "Output": [
                                "PARTIAL count(*)"
                            ],
                            "Workers": [
                                {
                                    "Worker Number": 0,
                                    "Actual Startup Time": 338.157,
                                    "Actual Total Time": 338.161,
                                    "Actual Rows": 1,
                                    "Actual Loops": 1
                                },
                                {
                                    "Worker Number": 1,
                                    "Actual Startup Time": 339.461,
                                    "Actual Total Time": 339.473,
                                    "Actual Rows": 1,
                                    "Actual Loops": 1
                                },
                                {
                                    "Worker Number": 2,
                                    "Actual Startup Time": 340.698,
                                    "Actual Total Time": 340.701,
                                    "Actual Rows": 1,
                                    "Actual Loops": 1
                                },
                                {
                                    "Worker Number": 3,
                                    "Actual Startup Time": 339.795,
                                    "Actual Total Time": 339.798,
                                    "Actual Rows": 1,
                                    "Actual Loops": 1
                                },
                                {
                                    "Worker Number": 4,
                                    "Actual Startup Time": 339.796,
                                    "Actual Total Time": 339.799,
                                    "Actual Rows": 1,
                                    "Actual Loops": 1
                                }
                            ],
                            "Plans": [
                                {
                                    "Node Type": "Hash Join",
                                    "Parent Relationship": "Outer",
                                    "Parallel Aware": true,
                                    "Join Type": "Inner",
                                    "Startup Cost": 60919.77,
                                    "Total Cost": 224741.28,
                                    "Plan Rows": 92658,
                                    "Plan Width": 0,
                                    "Actual Startup Time": 264.245,
                                    "Actual Total Time": 336.348,
                                    "Actual Rows": 81345,
                                    "Actual Loops": 6,
                                    "Inner Unique": true,
                                    "Hash Cond": "(mi.movie_id = t.id)",
                                    "Workers": [
                                        {
                                            "Worker Number": 0,
                                            "Actual Startup Time": 260.911,
                                            "Actual Total Time": 332.698,
                                            "Actual Rows": 65339,
                                            "Actual Loops": 1
                                        },
                                        {
                                            "Worker Number": 1,
                                            "Actual Startup Time": 262.306,
                                            "Actual Total Time": 334.041,
                                            "Actual Rows": 62963,
                                            "Actual Loops": 1
                                        },
                                        {
                                            "Worker Number": 2,
                                            "Actual Startup Time": 262.365,
                                            "Actual Total Time": 335.411,
                                            "Actual Rows": 78931,
                                            "Actual Loops": 1
                                        },
                                        {
                                            "Worker Number": 3,
                                            "Actual Startup Time": 262.801,
                                            "Actual Total Time": 334.904,
                                            "Actual Rows": 81060,
                                            "Actual Loops": 1
                                        },
                                        {
                                            "Worker Number": 4,
                                            "Actual Startup Time": 262.711,
                                            "Actual Total Time": 334.974,
                                            "Actual Rows": 79098,
                                            "Actual Loops": 1
                                        }
                                    ],
                                    "Plans": [
                                        {
                                            "Node Type": "Bitmap Heap Scan",
                                            "Parent Relationship": "Outer",
                                            "Parallel Aware": true,
                                            "Relation Name": "movie_info",
                                            "Schema": "public",
                                            "Alias": "mi",
                                            "Startup Cost": 10965.05,
                                            "Total Cost": 174469.22,
                                            "Plan Rows": 120893,
                                            "Plan Width": 4,
                                            "Actual Startup Time": 24.822,
                                            "Actual Total Time": 64.258,
                                            "Actual Rows": 99743,
                                            "Actual Loops": 6,
                                            "Output": [
                                                "mi.id",
                                                "mi.movie_id",
                                                "mi.info_type_id",
                                                "mi.info",
                                                "mi.note"
                                            ],
                                            "Recheck Cond": "(mi.info_type_id = 15)",
                                            "Rows Removed by Index Recheck": 0,
                                            "Exact Heap Blocks": 5253,
                                            "Lossy Heap Blocks": 0,
                                            "Workers": [
                                                {
                                                    "Worker Number": 0,
                                                    "Actual Startup Time": 24.762,
                                                    "Actual Total Time": 64.949,
                                                    "Actual Rows": 80207,
                                                    "Actual Loops": 1
                                                },
                                                {
                                                    "Worker Number": 1,
                                                    "Actual Startup Time": 24.822,
                                                    "Actual Total Time": 64.711,
                                                    "Actual Rows": 77105,
                                                    "Actual Loops": 1
                                                },
                                                {
                                                    "Worker Number": 2,
                                                    "Actual Startup Time": 24.763,
                                                    "Actual Total Time": 64.488,
                                                    "Actual Rows": 96593,
                                                    "Actual Loops": 1
                                                },
                                                {
                                                    "Worker Number": 3,
                                                    "Actual Startup Time": 24.967,
                                                    "Actual Total Time": 66.332,
                                                    "Actual Rows": 99528,
                                                    "Actual Loops": 1
                                                },
                                                {
                                                    "Worker Number": 4,
                                                    "Actual Startup Time": 24.893,
                                                    "Actual Total Time": 66.546,
                                                    "Actual Rows": 97667,
                                                    "Actual Loops": 1
                                                }
                                            ],
                                            "Plans": [
                                                {
                                                    "Node Type": "Bitmap Index Scan",
                                                    "Parent Relationship": "Outer",
                                                    "Parallel Aware": false,
                                                    "Index Name": "info_type_id_movie_info",
                                                    "Startup Cost": 0.0,
                                                    "Total Cost": 10813.94,
                                                    "Plan Rows": 604467,
                                                    "Plan Width": 0,
                                                    "Actual Startup Time": 21.326,
                                                    "Actual Total Time": 21.328,
                                                    "Actual Rows": 598457,
                                                    "Actual Loops": 1,
                                                    "Index Cond": "(mi.info_type_id = 15)"
                                                }
                                            ]
                                        },
                                        {
                                            "Node Type": "Hash",
                                            "Parent Relationship": "Inner",
                                            "Parallel Aware": true,
                                            "Startup Cost": 43899.01,
                                            "Total Cost": 43899.01,
                                            "Plan Rows": 484457,
                                            "Plan Width": 4,
                                            "Actual Startup Time": 235.972,
                                            "Actual Total Time": 235.974,
                                            "Actual Rows": 324544,
                                            "Actual Loops": 6,
                                            "Output": [
                                                "t.id"
                                            ],
                                            "Hash Buckets": 2097152,
                                            "Original Hash Buckets": 2097152,
                                            "Hash Batches": 1,
                                            "Original Hash Batches": 1,
                                            "Peak Memory Usage": 92640,
                                            "Workers": [
                                                {
                                                    "Worker Number": 0,
                                                    "Actual Startup Time": 235.809,
                                                    "Actual Total Time": 235.81,
                                                    "Actual Rows": 248743,
                                                    "Actual Loops": 1
                                                },
                                                {
                                                    "Worker Number": 1,
                                                    "Actual Startup Time": 237.017,
                                                    "Actual Total Time": 237.018,
                                                    "Actual Rows": 262375,
                                                    "Actual Loops": 1
                                                },
                                                {
                                                    "Worker Number": 2,
                                                    "Actual Startup Time": 237.031,
                                                    "Actual Total Time": 237.033,
                                                    "Actual Rows": 318893,
                                                    "Actual Loops": 1
                                                },
                                                {
                                                    "Worker Number": 3,
                                                    "Actual Startup Time": 237.28,
                                                    "Actual Total Time": 237.281,
                                                    "Actual Rows": 350264,
                                                    "Actual Loops": 1
                                                },
                                                {
                                                    "Worker Number": 4,
                                                    "Actual Startup Time": 237.274,
                                                    "Actual Total Time": 237.275,
                                                    "Actual Rows": 348336,
                                                    "Actual Loops": 1
                                                }
                                            ],
                                            "Plans": [
                                                {
                                                    "Node Type": "Seq Scan",
                                                    "Parent Relationship": "Outer",
                                                    "Parallel Aware": true,
                                                    "Relation Name": "title",
                                                    "Schema": "public",
                                                    "Alias": "t",
                                                    "Startup Cost": 0.0,
                                                    "Total Cost": 43899.01,
                                                    "Plan Rows": 484457,
                                                    "Plan Width": 4,
                                                    "Actual Startup Time": 0.032,
                                                    "Actual Total Time": 90.712,
                                                    "Actual Rows": 324544,
                                                    "Actual Loops": 6,
                                                    "Output": [
                                                        "t.id"
                                                    ],
                                                    "Filter": "(t.production_year > 1979)",
                                                    "Rows Removed by Filter": 96842,
                                                    "Workers": [
                                                        {
                                                            "Worker Number": 0,
                                                            "Actual Startup Time": 0.045,
                                                            "Actual Total Time": 97.512,
                                                            "Actual Rows": 248743,
                                                            "Actual Loops": 1
                                                        },
                                                        {
                                                            "Worker Number": 1,
                                                            "Actual Startup Time": 0.048,
                                                            "Actual Total Time": 96.53,
                                                            "Actual Rows": 262375,
                                                            "Actual Loops": 1
                                                        },
                                                        {
                                                            "Worker Number": 2,
                                                            "Actual Startup Time": 0.028,
                                                            "Actual Total Time": 92.539,
                                                            "Actual Rows": 318893,
                                                            "Actual Loops": 1
                                                        },
                                                        {
                                                            "Worker Number": 3,
                                                            "Actual Startup Time": 0.033,
                                                            "Actual Total Time": 89.9,
                                                            "Actual Rows": 350264,
                                                            "Actual Loops": 1
                                                        },
                                                        {
                                                            "Worker Number": 4,
                                                            "Actual Startup Time": 0.024,
                                                            "Actual Total Time": 89.972,
                                                            "Actual Rows": 348336,
                                                            "Actual Loops": 1
                                                        }
                                                    ]
                                                }
                                            ]
                                        }
                                    ]
                                }
                            ]
                        }
                    ]
                }
            ]
        },
        "Planning Time": 193.524,
        "Triggers": [],
        "Execution Time": 370.269
    }
]