[
  {
    "Plan": {
      "Node Type": "Aggregate",
      "Strategy": "Plain",
      "Partial Mode": "Finalize",
      "Parallel Aware": false,
      "Startup Cost": 350003.22,
      "Total Cost": 350003.23,
      "Plan Rows": 1,
      "Plan Width": 8,
      "Actual Startup Time": 711.207,
      "Actual Total Time": 768.999,
      "Actual Rows": 1,
      "Actual Loops": 1,
      "Plans": [
        {
          "Node Type": "Gather",
          "Parent Relationship": "Outer",
          "Parallel Aware": false,
          "Startup Cost": 350002.6,
          "Total Cost": 350003.21,
          "Plan Rows": 6,
          "Plan Width": 8,
          "Actual Startup Time": 711.094,
          "Actual Total Time": 768.989,
          "Actual Rows": 7,
          "Actual Loops": 1,
          "Workers Planned": 6,
          "Workers Launched": 6,
          "Single Copy": false,
          "Plans": [
            {
              "Node Type": "Aggregate",
              "Strategy": "Plain",
              "Partial Mode": "Partial",
              "Parent Relationship": "Outer",
              "Parallel Aware": false,
              "Startup Cost": 349002.6,
              "Total Cost": 349002.61,
              "Plan Rows": 1,
              "Plan Width": 8,
              "Actual Startup Time": 701.223,
              "Actual Total Time": 701.224,
              "Actual Rows": 1,
              "Actual Loops": 7,
              "Plans": [
                {
                  "Node Type": "Seq Scan",
                  "Parent Relationship": "Outer",
                  "Parallel Aware": true,
                  "Relation Name": "cast_info",
                  "Alias": "ci",
                  "Startup Cost": 0.0,
                  "Total Cost": 343257.03,
                  "Plan Rows": 2298228,
                  "Plan Width": 0,
                  "Actual Startup Time": 232.106,
                  "Actual Total Time": 648.763,
                  "Actual Rows": 1203257,
                  "Actual Loops": 7,
                  "Filter": "((person_id < 2129703) AND (role_id > 1))",
                  "Rows Removed by Filter": 3974506
                }
              ]
            }
          ]
        }
      ]
    },
    "Planning Time": 0.197,
    "Triggers": [],
    "Execution Time": 769.066
  }
]