{
  "Plan": {
    "Node Type": "Aggregate",
    "Strategy": "Plain",
    "Partial Mode": "Finalize",
    "Parallel Aware": false,
    "Startup Cost": 326301.56,
    "Total Cost": 326301.57,
    "Plan Rows": 1,
    "Plan Width": 128,
    "Actual Startup Time": 5753.119,
    "Actual Total Time": 5758.547,
    "Actual Rows": 1,
    "Actual Loops": 1,
    "Plans": [
      {
        "Node Type": "Gather",
        "Parent Relationship": "Outer",
        "Parallel Aware": false,
        "Startup Cost": 326301.44,
        "Total Cost": 326301.55,
        "Plan Rows": 1,
        "Plan Width": 128,
        "Actual Startup Time": 5753.102,
        "Actual Total Time": 5758.536,
        "Actual Rows": 2,
        "Actual Loops": 1,
        "Workers Planned": 1,
        "Workers Launched": 1,
        "Single Copy": false,
        "Plans": [
          {
            "Node Type": "Aggregate",
            "Strategy": "Plain",
            "Partial Mode": "Partial",
            "Parent Relationship": "Outer",
            "Parallel Aware": false,
            "Startup Cost": 325301.44,
            "Total Cost": 325301.45,
            "Plan Rows": 1,
            "Plan Width": 128,
            "Actual Startup Time": 5615.023,
            "Actual Total Time": 5615.037,
            "Actual Rows": 1,
            "Actual Loops": 2,
            "Plans": [
              {
                "Node Type": "Nested Loop",
                "Parent Relationship": "Outer",
                "Parallel Aware": false,
                "Join Type": "Inner",
                "Startup Cost": 274527.29,
                "Total Cost": 325269.7,
                "Plan Rows": 3174,
                "Plan Width": 64,
                "Actual Startup Time": 2569.534,
                "Actual Total Time": 5544.805,
                "Actual Rows": 448816,
                "Actual Loops": 2,
                "Inner Unique": false,
                "Join Filter": "(n.id = an.person_id)",
                "Rows Removed by Join Filter": 0,
                "Plans": [
                  {
                    "Node Type": "Nested Loop",
                    "Parent Relationship": "Outer",
                    "Parallel Aware": false,
                    "Join Type": "Inner",
                    "Startup Cost": 274526.86,
                    "Total Cost": 317906.19,
                    "Plan Rows": 14676,
                    "Plan Width": 56,
                    "Actual Startup Time": 2569.506,
                    "Actual Total Time": 4776.489,
                    "Actual Rows": 308218,
                    "Actual Loops": 2,
                    "Inner Unique": true,
                    "Plans": [
                      {
                        "Node Type": "Nested Loop",
                        "Parent Relationship": "Outer",
                        "Parallel Aware": false,
                        "Join Type": "Inner",
                        "Startup Cost": 274526.43,
                        "Total Cost": 310537.91,
                        "Plan Rows": 14676,
                        "Plan Width": 44,
                        "Actual Startup Time": 2569.436,
                        "Actual Total Time": 3838.443,
                        "Actual Rows": 325074,
                        "Actual Loops": 2,
                        "Inner Unique": true,
                        "Plans": [
                          {
                            "Node Type": "Merge Join",
                            "Parent Relationship": "Outer",
                            "Parallel Aware": false,
                            "Join Type": "Inner",
                            "Startup Cost": 274526.0,
                            "Total Cost": 276478.05,
                            "Plan Rows": 64170,
                            "Plan Width": 25,
                            "Actual Startup Time": 2569.354,
                            "Actual Total Time": 2826.682,
                            "Actual Rows": 325158,
                            "Actual Loops": 2,
                            "Inner Unique": true,
                            "Merge Cond": "(mc.company_id = cn.id)",
                            "Plans": [
                              {
                                "Node Type": "Sort",
                                "Parent Relationship": "Outer",
                                "Parallel Aware": false,
                                "Startup Cost": 261613.33,
                                "Total Cost": 262055.65,
                                "Plan Rows": 176925,
                                "Plan Width": 29,
                                "Actual Startup Time": 2523.069,
                                "Actual Total Time": 2653.93,
                                "Actual Rows": 730582,
                                "Actual Loops": 2,
                                "Sort Key": [
                                  "mc.company_id"
                                ],
                                "Sort Method": "quicksort",
                                "Sort Space Used": 85940,
                                "Sort Space Type": "Memory",
                                "Workers": [
                                  {
                                    "Worker Number": 0,
                                    "Sort Method": "quicksort",
                                    "Sort Space Used": 81776,
                                    "Sort Space Type": "Memory"
                                  }
                                ],
                                "Plans": [
                                  {
                                    "Node Type": "Hash Join",
                                    "Parent Relationship": "Outer",
                                    "Parallel Aware": true,
                                    "Join Type": "Inner",
                                    "Startup Cost": 201889.68,
                                    "Total Cost": 246191.86,
                                    "Plan Rows": 176925,
                                    "Plan Width": 29,
                                    "Actual Startup Time": 1848.836,
                                    "Actual Total Time": 2310.079,
                                    "Actual Rows": 730582,
                                    "Actual Loops": 2,
                                    "Inner Unique": false,
                                    "Hash Cond": "(mc.movie_id = ci.movie_id)",
                                    "Plans": [
                                      {
                                        "Node Type": "Seq Scan",
                                        "Parent Relationship": "Outer",
                                        "Parallel Aware": true,
                                        "Relation Name": "movie_companies",
                                        "Alias": "mc",
                                        "Startup Cost": 0.0,
                                        "Total Cost": 34137.82,
                                        "Plan Rows": 1534782,
                                        "Plan Width": 8,
                                        "Actual Startup Time": 0.012,
                                        "Actual Total Time": 126.447,
                                        "Actual Rows": 1304564,
                                        "Actual Loops": 2
                                      },
                                      {
                                        "Node Type": "Hash",
                                        "Parent Relationship": "Inner",
                                        "Parallel Aware": true,
                                        "Startup Cost": 199746.73,
                                        "Total Cost": 199746.73,
                                        "Plan Rows": 171436,
                                        "Plan Width": 33,
                                        "Actual Startup Time": 1843.136,
                                        "Actual Total Time": 1843.142,
                                        "Actual Rows": 195250,
                                        "Actual Loops": 2,
                                        "Hash Buckets": 524288,
                                        "Original Hash Buckets": 524288,
                                        "Hash Batches": 1,
                                        "Original Hash Batches": 1,
                                        "Peak Memory Usage": 31776,
                                        "Plans": [
                                          {
                                            "Node Type": "Hash Join",
                                            "Parent Relationship": "Outer",
                                            "Parallel Aware": false,
                                            "Join Type": "Inner",
                                            "Startup Cost": 137867.77,
                                            "Total Cost": 199746.73,
                                            "Plan Rows": 171436,
                                            "Plan Width": 33,
                                            "Actual Startup Time": 1132.873,
                                            "Actual Total Time": 1769.839,
                                            "Actual Rows": 195250,
                                            "Actual Loops": 2,
                                            "Inner Unique": false,
                                            "Hash Cond": "(t.id = ci.movie_id)",
                                            "Plans": [
                                              {
                                                "Node Type": "Seq Scan",
                                                "Parent Relationship": "Outer",
                                                "Parallel Aware": true,
                                                "Relation Name": "title",
                                                "Alias": "t",
                                                "Startup Cost": 0.0,
                                                "Total Cost": 50869.75,
                                                "Plan Rows": 1487175,
                                                "Plan Width": 21,
                                                "Actual Startup Time": 0.023,
                                                "Actual Total Time": 158.32,
                                                "Actual Rows": 1264156,
                                                "Actual Loops": 2
                                              },
                                              {
                                                "Node Type": "Hash",
                                                "Parent Relationship": "Inner",
                                                "Parallel Aware": false,
                                                "Startup Cost": 134224.75,
                                                "Total Cost": 134224.75,
                                                "Plan Rows": 291442,
                                                "Plan Width": 12,
                                                "Actual Startup Time": 1129.319,
                                                "Actual Total Time": 1129.322,
                                                "Actual Rows": 390499,
                                                "Actual Loops": 2,
                                                "Hash Buckets": 524288,
                                                "Original Hash Buckets": 524288,
                                                "Hash Batches": 1,
                                                "Original Hash Batches": 1,
                                                "Peak Memory Usage": 20763,
                                                "Plans": [
                                                  {
                                                    "Node Type": "Nested Loop",
                                                    "Parent Relationship": "Outer",
                                                    "Parallel Aware": false,
                                                    "Join Type": "Inner",
                                                    "Startup Cost": 0.56,
                                                    "Total Cost": 134224.75,
                                                    "Plan Rows": 291442,
                                                    "Plan Width": 12,
                                                    "Actual Startup Time": 0.184,
                                                    "Actual Total Time": 1021.669,
                                                    "Actual Rows": 390499,
                                                    "Actual Loops": 2,
                                                    "Inner Unique": false,
                                                    "Plans": [
                                                      {
                                                        "Node Type": "Seq Scan",
                                                        "Parent Relationship": "Outer",
                                                        "Parallel Aware": false,
                                                        "Relation Name": "role_type",
                                                        "Alias": "rt",
                                                        "Startup Cost": 0.0,
                                                        "Total Cost": 1.15,
                                                        "Plan Rows": 1,
                                                        "Plan Width": 4,
                                                        "Actual Startup Time": 0.04,
                                                        "Actual Total Time": 0.045,
                                                        "Actual Rows": 1,
                                                        "Actual Loops": 2,
                                                        "Filter": "((role)::text = 'actress'::text)",
                                                        "Rows Removed by Filter": 11
                                                      },
                                                      {
                                                        "Node Type": "Index Scan",
                                                        "Parent Relationship": "Inner",
                                                        "Parallel Aware": false,
                                                        "Scan Direction": "Forward",
                                                        "Index Name": "role_id_cast_info",
                                                        "Relation Name": "cast_info",
                                                        "Alias": "ci",
                                                        "Startup Cost": 0.56,
                                                        "Total Cost": 131044.24,
                                                        "Plan Rows": 317936,
                                                        "Plan Width": 16,
                                                        "Actual Startup Time": 0.133,
                                                        "Actual Total Time": 991.635,
                                                        "Actual Rows": 390499,
                                                        "Actual Loops": 2,
                                                        "Index Cond": "(role_id = rt.id)",
                                                        "Rows Removed by Index Recheck": 0,
                                                        "Filter": "(note = ANY ('{(voice),(uncredited),(producer),(writer)}'::text[]))",
                                                        "Rows Removed by Filter": 7061474
                                                      }
                                                    ]
                                                  }
                                                ]
                                              }
                                            ]
                                          }
                                        ]
                                      }
                                    ]
                                  }
                                ]
                              },
                              {
                                "Node Type": "Sort",
                                "Parent Relationship": "Inner",
                                "Parallel Aware": false,
                                "Startup Cost": 12912.67,
                                "Total Cost": 13125.75,
                                "Plan Rows": 85233,
                                "Plan Width": 4,
                                "Actual Startup Time": 46.271,
                                "Actual Total Time": 64.335,
                                "Actual Rows": 84843,
                                "Actual Loops": 2,
                                "Sort Key": [
                                  "cn.id"
                                ],
                                "Sort Method": "quicksort",
                                "Sort Space Used": 7050,
                                "Sort Space Type": "Memory",
                                "Workers": [
                                  {
                                    "Worker Number": 0,
                                    "Sort Method": "quicksort",
                                    "Sort Space Used": 7050,
                                    "Sort Space Type": "Memory"
                                  }
                                ],
                                "Plans": [
                                  {
                                    "Node Type": "Seq Scan",
                                    "Parent Relationship": "Outer",
                                    "Parallel Aware": false,
                                    "Relation Name": "company_name",
                                    "Alias": "cn",
                                    "Startup Cost": 0.0,
                                    "Total Cost": 5932.46,
                                    "Plan Rows": 85233,
                                    "Plan Width": 4,
                                    "Actual Startup Time": 0.058,
                                    "Actual Total Time": 26.254,
                                    "Actual Rows": 84843,
                                    "Actual Loops": 2,
                                    "Filter": "((country_code)::text = '[us]'::text)",
                                    "Rows Removed by Filter": 150154
                                  }
                                ]
                              }
                            ]
                          },
                          {
                            "Node Type": "Index Scan",
                            "Parent Relationship": "Inner",
                            "Parallel Aware": false,
                            "Scan Direction": "Forward",
                            "Index Name": "name_pkey",
                            "Relation Name": "name",
                            "Alias": "n",
                            "Startup Cost": 0.43,
                            "Total Cost": 0.53,
                            "Plan Rows": 1,
                            "Plan Width": 19,
                            "Actual Startup Time": 0.003,
                            "Actual Total Time": 0.003,
                            "Actual Rows": 1,
                            "Actual Loops": 650316,
                            "Index Cond": "(id = ci.person_id)",
                            "Rows Removed by Index Recheck": 0,
                            "Filter": "((gender)::text = 'f'::text)",
                            "Rows Removed by Filter": 0
                          }
                        ]
                      },
                      {
                        "Node Type": "Index Scan",
                        "Parent Relationship": "Inner",
                        "Parallel Aware": false,
                        "Scan Direction": "Forward",
                        "Index Name": "char_name_pkey",
                        "Relation Name": "char_name",
                        "Alias": "chn",
                        "Startup Cost": 0.43,
                        "Total Cost": 0.5,
                        "Plan Rows": 1,
                        "Plan Width": 20,
                        "Actual Startup Time": 0.003,
                        "Actual Total Time": 0.003,
                        "Actual Rows": 1,
                        "Actual Loops": 650148,
                        "Index Cond": "(id = ci.person_role_id)",
                        "Rows Removed by Index Recheck": 0
                      }
                    ]
                  },
                  {
                    "Node Type": "Index Scan",
                    "Parent Relationship": "Inner",
                    "Parallel Aware": false,
                    "Scan Direction": "Forward",
                    "Index Name": "person_id_aka_name",
                    "Relation Name": "aka_name",
                    "Alias": "an",
                    "Startup Cost": 0.42,
                    "Total Cost": 0.48,
                    "Plan Rows": 2,
                    "Plan Width": 20,
                    "Actual Startup Time": 0.002,
                    "Actual Total Time": 0.002,
                    "Actual Rows": 1,
                    "Actual Loops": 616435,
                    "Index Cond": "(person_id = ci.person_id)",
                    "Rows Removed by Index Recheck": 0
                  }
                ]
              }
            ]
          }
        ]
      }
    ]
  },
  "Planning Time": 2.264,
  "Triggers": [],
  "Execution Time": 5758.952
}