[
  {
    "Plan": {
      "Node Type": "Aggregate",
      "Strategy": "Plain",
      "Partial Mode": "Finalize",
      "Parallel Aware": false,
      "Startup Cost": 97109.16,
      "Total Cost": 97109.17,
      "Plan Rows": 1,
      "Plan Width": 8,
      "Actual Startup Time": 558.154,
      "Actual Total Time": 575.138,
      "Actual Rows": 1,
      "Actual Loops": 1,
      "Plans": [
        {
          "Node Type": "Gather",
          "Parent Relationship": "Outer",
          "Parallel Aware": false,
          "Startup Cost": 97108.84,
          "Total Cost": 97109.15,
          "Plan Rows": 3,
          "Plan Width": 8,
          "Actual Startup Time": 550.606,
          "Actual Total Time": 575.128,
          "Actual Rows": 4,
          "Actual Loops": 1,
          "Workers Planned": 3,
          "Workers Launched": 3,
          "Single Copy": false,
          "Plans": [
            {
              "Node Type": "Aggregate",
              "Strategy": "Plain",
              "Partial Mode": "Partial",
              "Parent Relationship": "Outer",
              "Parallel Aware": false,
              "Startup Cost": 96108.84,
              "Total Cost": 96108.85,
              "Plan Rows": 1,
              "Plan Width": 8,
              "Actual Startup Time": 538.992,
              "Actual Total Time": 538.995,
              "Actual Rows": 1,
              "Actual Loops": 4,
              "Plans": [
                {
                  "Node Type": "Hash Join",
                  "Parent Relationship": "Outer",
                  "Parallel Aware": true,
                  "Join Type": "Inner",
                  "Startup Cost": 50240.54,
                  "Total Cost": 94734.32,
                  "Plan Rows": 549811,
                  "Plan Width": 0,
                  "Actual Startup Time": 313.808,
                  "Actual Total Time": 521.392,
                  "Actual Rows": 393562,
                  "Actual Loops": 4,
                  "Inner Unique": true,
                  "Hash Cond": "(mk.movie_id = t.id)",
                  "Plans": [
                    {
                      "Node Type": "Seq Scan",
                      "Parent Relationship": "Outer",
                      "Parallel Aware": true,
                      "Relation Name": "movie_keyword",
                      "Alias": "mk",
                      "Startup Cost": 0.0,
                      "Total Cost": 42695.65,
                      "Plan Rows": 684999,
                      "Plan Width": 4,
                      "Actual Startup Time": 0.374,
                      "Actual Total Time": 110.386,
                      "Actual Rows": 529676,
                      "Actual Loops": 4,
                      "Filter": "(keyword_id > 5603)",
                      "Rows Removed by Filter": 601306
                    },
                    {
                      "Node Type": "Hash",
                      "Parent Relationship": "Inner",
                      "Parallel Aware": true,
                      "Startup Cost": 43898.92,
                      "Total Cost": 43898.92,
                      "Plan Rows": 507330,
                      "Plan Width": 4,
                      "Actual Startup Time": 305.802,
                      "Actual Total Time": 305.803,
                      "Actual Rows": 504676,
                      "Actual Loops": 4,
                      "Hash Buckets": 2097152,
                      "Original Hash Buckets": 2097152,
                      "Hash Batches": 1,
                      "Original Hash Batches": 1,
                      "Peak Memory Usage": 95392,
                      "Plans": [
                        {
                          "Node Type": "Seq Scan",
                          "Parent Relationship": "Outer",
                          "Parallel Aware": true,
                          "Relation Name": "title",
                          "Alias": "t",
                          "Startup Cost": 0.0,
                          "Total Cost": 43898.92,
                          "Plan Rows": 507330,
                          "Plan Width": 4,
                          "Actual Startup Time": 0.034,
                          "Actual Total Time": 118.71,
                          "Actual Rows": 504676,
                          "Actual Loops": 4,
                          "Filter": "(production_year > 1974)",
                          "Rows Removed by Filter": 127402
                        }
                      ]
                    }
                  ]
                }
              ]
            }
          ]
        }
      ]
    },
    "Planning Time": 0.588,
    "Triggers": [],
    "Execution Time": 575.206
  }
]