{
  "Plan": {
    "Node Type": "Aggregate",
    "Strategy": "Plain",
    "Partial Mode": "Finalize",
    "Parallel Aware": false,
    "Startup Cost": 679744.93,
    "Total Cost": 679744.94,
    "Plan Rows": 1,
    "Plan Width": 8,
    "Actual Startup Time": 3729.986,
    "Actual Total Time": 3785.129,
    "Actual Rows": 1,
    "Actual Loops": 1,
    "Plans": [
      {
        "Node Type": "Gather",
        "Parent Relationship": "Outer",
        "Parallel Aware": false,
        "Startup Cost": 679744.82,
        "Total Cost": 679744.93,
        "Plan Rows": 1,
        "Plan Width": 8,
        "Actual Startup Time": 3729.279,
        "Actual Total Time": 3785.119,
        "Actual Rows": 2,
        "Actual Loops": 1,
        "Workers Planned": 1,
        "Workers Launched": 1,
        "Single Copy": false,
        "Plans": [
          {
            "Node Type": "Aggregate",
            "Strategy": "Plain",
            "Partial Mode": "Partial",
            "Parent Relationship": "Outer",
            "Parallel Aware": false,
            "Startup Cost": 678744.82,
            "Total Cost": 678744.83,
            "Plan Rows": 1,
            "Plan Width": 8,
            "Actual Startup Time": 3723.496,
            "Actual Total Time": 3723.5,
            "Actual Rows": 1,
            "Actual Loops": 2,
            "Plans": [
              {
                "Node Type": "Hash Join",
                "Parent Relationship": "Outer",
                "Parallel Aware": true,
                "Join Type": "Inner",
                "Startup Cost": 60394.38,
                "Total Cost": 674299.52,
                "Plan Rows": 1778119,
                "Plan Width": 0,
                "Actual Startup Time": 189.137,
                "Actual Total Time": 3693.636,
                "Actual Rows": 721064,
                "Actual Loops": 2,
                "Inner Unique": true,
                "Hash Cond": "(ci.movie_id = t.id)",
                "Plans": [
                  {
                    "Node Type": "Seq Scan",
                    "Parent Relationship": "Outer",
                    "Parallel Aware": true,
                    "Relation Name": "cast_info",
                    "Alias": "ci",
                    "Startup Cost": 0.0,
                    "Total Cost": 572345.93,
                    "Plan Rows": 15832056,
                    "Plan Width": 4,
                    "Actual Startup Time": 0.015,
                    "Actual Total Time": 1982.453,
                    "Actual Rows": 14404054,
                    "Actual Loops": 2,
                    "Filter": "((person_id < 3623062) AND (role_id < 8))",
                    "Rows Removed by Filter": 3718118
                  },
                  {
                    "Node Type": "Hash",
                    "Parent Relationship": "Inner",
                    "Parallel Aware": true,
                    "Startup Cost": 58306.47,
                    "Total Cost": 58306.47,
                    "Plan Rows": 167033,
                    "Plan Width": 4,
                    "Actual Startup Time": 183.366,
                    "Actual Total Time": 183.367,
                    "Actual Rows": 80112,
                    "Actual Loops": 2,
                    "Hash Buckets": 524288,
                    "Original Hash Buckets": 524288,
                    "Hash Batches": 1,
                    "Original Hash Batches": 1,
                    "Peak Memory Usage": 10400,
                    "Plans": [
                      {
                        "Node Type": "Seq Scan",
                        "Parent Relationship": "Outer",
                        "Parallel Aware": true,
                        "Relation Name": "title",
                        "Alias": "t",
                        "Startup Cost": 0.0,
                        "Total Cost": 58306.47,
                        "Plan Rows": 167033,
                        "Plan Width": 4,
                        "Actual Startup Time": 0.035,
                        "Actual Total Time": 155.036,
                        "Actual Rows": 80112,
                        "Actual Loops": 2,
                        "Filter": "((kind_id > 1) AND (production_year < 1972))",
                        "Rows Removed by Filter": 1184044
                      }
                    ]
                  }
                ]
              }
            ]
          }
        ]
      }
    ]
  },
  "Planning Time": 0.488,
  "Triggers": [],
  "Execution Time": 3785.216
}