[
    {
        "Bao": {
            "Bao prediction": "NaN",
            "Bao recommended hint": "(no hint)"
        }
    },
    {
        "Plan": {
            "Node Type": "Aggregate",
            "Strategy": "Plain",
            "Partial Mode": "Finalize",
            "Parallel Aware": false,
            "Startup Cost": 27239.13,
            "Total Cost": 27239.14,
            "Plan Rows": 1,
            "Plan Width": 8,
            "Actual Startup Time": 71.069,
            "Actual Total Time": 74.473,
            "Actual Rows": 1,
            "Actual Loops": 1,
            "Output": [
                "count(*)"
            ],
            "Plans": [
                {
                    "Node Type": "Gather",
                    "Parent Relationship": "Outer",
                    "Parallel Aware": false,
                    "Startup Cost": 27238.71,
                    "Total Cost": 27239.12,
                    "Plan Rows": 4,
                    "Plan Width": 8,
                    "Actual Startup Time": 70.971,
                    "Actual Total Time": 74.465,
                    "Actual Rows": 5,
                    "Actual Loops": 1,
                    "Output": [
                        "(PARTIAL count(*))"
                    ],
                    "Workers Planned": 4,
                    "Workers Launched": 4,
                    "Single Copy": false,
                    "Plans": [
                        {
                            "Node Type": "Aggregate",
                            "Strategy": "Plain",
                            "Partial Mode": "Partial",
                            "Parent Relationship": "Outer",
                            "Parallel Aware": false,
                            "Startup Cost": 26238.71,
                            "Total Cost": 26238.72,
                            "Plan Rows": 1,
                            "Plan Width": 8,
                            "Actual Startup Time": 61.795,
                            "Actual Total Time": 61.796,
                            "Actual Rows": 1,
                            "Actual Loops": 5,
                            "Output": [
                                "PARTIAL count(*)"
                            ],
                            "Workers": [
                                {
                                    "Worker Number": 0,
                                    "Actual Startup Time": 59.219,
                                    "Actual Total Time": 59.22,
                                    "Actual Rows": 1,
                                    "Actual Loops": 1
                                },
                                {
                                    "Worker Number": 1,
                                    "Actual Startup Time": 59.516,
                                    "Actual Total Time": 59.517,
                                    "Actual Rows": 1,
                                    "Actual Loops": 1
                                },
                                {
                                    "Worker Number": 2,
                                    "Actual Startup Time": 59.511,
                                    "Actual Total Time": 59.512,
                                    "Actual Rows": 1,
                                    "Actual Loops": 1
                                },
                                {
                                    "Worker Number": 3,
                                    "Actual Startup Time": 60.059,
                                    "Actual Total Time": 60.061,
                                    "Actual Rows": 1,
                                    "Actual Loops": 1
                                }
                            ],
                            "Plans": [
                                {
                                    "Node Type": "Index Only Scan",
                                    "Parent Relationship": "Outer",
                                    "Parallel Aware": true,
                                    "Scan Direction": "Forward",
                                    "Index Name": "role_id_cast_info",
                                    "Relation Name": "cast_info",
                                    "Schema": "public",
                                    "Alias": "ci",
                                    "Startup Cost": 0.56,
                                    "Total Cost": 25651.11,
                                    "Plan Rows": 235039,
                                    "Plan Width": 0,
                                    "Actual Startup Time": 0.216,
                                    "Actual Total Time": 51.085,
                                    "Actual Rows": 179678,
                                    "Actual Loops": 5,
                                    "Output": [
                                        "role_id"
                                    ],
                                    "Index Cond": "(ci.role_id = 5)",
                                    "Rows Removed by Index Recheck": 0,
                                    "Heap Fetches": 898389,
                                    "Workers": [
                                        {
                                            "Worker Number": 0,
                                            "Actual Startup Time": 0.246,
                                            "Actual Total Time": 49.083,
                                            "Actual Rows": 162240,
                                            "Actual Loops": 1
                                        },
                                        {
                                            "Worker Number": 1,
                                            "Actual Startup Time": 0.375,
                                            "Actual Total Time": 49.436,
                                            "Actual Rows": 153270,
                                            "Actual Loops": 1
                                        },
                                        {
                                            "Worker Number": 2,
                                            "Actual Startup Time": 0.237,
                                            "Actual Total Time": 49.345,
                                            "Actual Rows": 152882,
                                            "Actual Loops": 1
                                        },
                                        {
                                            "Worker Number": 3,
                                            "Actual Startup Time": 0.176,
                                            "Actual Total Time": 49.841,
                                            "Actual Rows": 162242,
                                            "Actual Loops": 1
                                        }
                                    ]
                                }
                            ]
                        }
                    ]
                }
            ]
        },
        "Planning Time": 210.503,
        "Triggers": [],
        "Execution Time": 74.526
    }
]