[
    {
        "Bao": {
            "Bao prediction": "NaN",
            "Bao recommended hint": "(no hint)"
        }
    },
    {
        "Plan": {
            "Node Type": "Aggregate",
            "Strategy": "Plain",
            "Partial Mode": "Finalize",
            "Parallel Aware": false,
            "Startup Cost": 328527.83,
            "Total Cost": 328527.84,
            "Plan Rows": 1,
            "Plan Width": 8,
            "Actual Startup Time": 461.21,
            "Actual Total Time": 470.888,
            "Actual Rows": 1,
            "Actual Loops": 1,
            "Output": [
                "count(*)"
            ],
            "Plans": [
                {
                    "Node Type": "Gather",
                    "Parent Relationship": "Outer",
                    "Parallel Aware": false,
                    "Startup Cost": 328527.41,
                    "Total Cost": 328527.82,
                    "Plan Rows": 4,
                    "Plan Width": 8,
                    "Actual Startup Time": 456.228,
                    "Actual Total Time": 470.88,
                    "Actual Rows": 5,
                    "Actual Loops": 1,
                    "Output": [
                        "(PARTIAL count(*))"
                    ],
                    "Workers Planned": 4,
                    "Workers Launched": 4,
                    "Single Copy": false,
                    "Plans": [
                        {
                            "Node Type": "Aggregate",
                            "Strategy": "Plain",
                            "Partial Mode": "Partial",
                            "Parent Relationship": "Outer",
                            "Parallel Aware": false,
                            "Startup Cost": 327527.41,
                            "Total Cost": 327527.42,
                            "Plan Rows": 1,
                            "Plan Width": 8,
                            "Actual Startup Time": 446.797,
                            "Actual Total Time": 446.89,
                            "Actual Rows": 1,
                            "Actual Loops": 5,
                            "Output": [
                                "PARTIAL count(*)"
                            ],
                            "Workers": [
                                {
                                    "Worker Number": 0,
                                    "Actual Startup Time": 443.944,
                                    "Actual Total Time": 443.948,
                                    "Actual Rows": 1,
                                    "Actual Loops": 1
                                },
                                {
                                    "Worker Number": 1,
                                    "Actual Startup Time": 444.034,
                                    "Actual Total Time": 444.037,
                                    "Actual Rows": 1,
                                    "Actual Loops": 1
                                },
                                {
                                    "Worker Number": 2,
                                    "Actual Startup Time": 445.411,
                                    "Actual Total Time": 445.414,
                                    "Actual Rows": 1,
                                    "Actual Loops": 1
                                },
                                {
                                    "Worker Number": 3,
                                    "Actual Startup Time": 444.746,
                                    "Actual Total Time": 444.75,
                                    "Actual Rows": 1,
                                    "Actual Loops": 1
                                }
                            ],
                            "Plans": [
                                {
                                    "Node Type": "Hash Join",
                                    "Parent Relationship": "Outer",
                                    "Parallel Aware": true,
                                    "Join Type": "Inner",
                                    "Startup Cost": 278511.23,
                                    "Total Cost": 327301.46,
                                    "Plan Rows": 90377,
                                    "Plan Width": 0,
                                    "Actual Startup Time": 181.357,
                                    "Actual Total Time": 437.777,
                                    "Actual Rows": 154634,
                                    "Actual Loops": 5,
                                    "Inner Unique": false,
                                    "Hash Cond": "(t.id = ci.movie_id)",
                                    "Workers": [
                                        {
                                            "Worker Number": 0,
                                            "Actual Startup Time": 178.701,
                                            "Actual Total Time": 434.058,
                                            "Actual Rows": 132691,
                                            "Actual Loops": 1
                                        },
                                        {
                                            "Worker Number": 1,
                                            "Actual Startup Time": 178.726,
                                            "Actual Total Time": 436.489,
                                            "Actual Rows": 166342,
                                            "Actual Loops": 1
                                        },
                                        {
                                            "Worker Number": 2,
                                            "Actual Startup Time": 179.311,
                                            "Actual Total Time": 435.423,
                                            "Actual Rows": 135475,
                                            "Actual Loops": 1
                                        },
                                        {
                                            "Worker Number": 3,
                                            "Actual Startup Time": 179.502,
                                            "Actual Total Time": 435.559,
                                            "Actual Rows": 123987,
                                            "Actual Loops": 1
                                        }
                                    ],
                                    "Plans": [
                                        {
                                            "Node Type": "Seq Scan",
                                            "Parent Relationship": "Outer",
                                            "Parallel Aware": true,
                                            "Relation Name": "title",
                                            "Schema": "public",
                                            "Alias": "t",
                                            "Startup Cost": 0.0,
                                            "Total Cost": 42318.81,
                                            "Plan Rows": 632080,
                                            "Plan Width": 4,
                                            "Actual Startup Time": 0.009,
                                            "Actual Total Time": 73.533,
                                            "Actual Rows": 505662,
                                            "Actual Loops": 5,
                                            "Output": [
                                                "t.id",
                                                "t.title",
                                                "t.imdb_index",
                                                "t.kind_id",
                                                "t.production_year",
                                                "t.imdb_id",
                                                "t.phonetic_code",
                                                "t.episode_of_id",
                                                "t.season_nr",
                                                "t.episode_nr",
                                                "t.series_years",
                                                "t.md5sum"
                                            ],
                                            "Workers": [
                                                {
                                                    "Worker Number": 0,
                                                    "Actual Startup Time": 0.008,
                                                    "Actual Total Time": 81.371,
                                                    "Actual Rows": 435506,
                                                    "Actual Loops": 1
                                                },
                                                {
                                                    "Worker Number": 1,
                                                    "Actual Startup Time": 0.009,
                                                    "Actual Total Time": 68.474,
                                                    "Actual Rows": 543007,
                                                    "Actual Loops": 1
                                                },
                                                {
                                                    "Worker Number": 2,
                                                    "Actual Startup Time": 0.009,
                                                    "Actual Total Time": 81.642,
                                                    "Actual Rows": 444774,
                                                    "Actual Loops": 1
                                                },
                                                {
                                                    "Worker Number": 3,
                                                    "Actual Startup Time": 0.014,
                                                    "Actual Total Time": 77.513,
                                                    "Actual Rows": 405141,
                                                    "Actual Loops": 1
                                                }
                                            ]
                                        },
                                        {
                                            "Node Type": "Hash",
                                            "Parent Relationship": "Inner",
                                            "Parallel Aware": true,
                                            "Startup Cost": 277758.09,
                                            "Total Cost": 277758.09,
                                            "Plan Rows": 60251,
                                            "Plan Width": 4,
                                            "Actual Startup Time": 179.544,
                                            "Actual Total Time": 179.546,
                                            "Actual Rows": 154634,
                                            "Actual Loops": 5,
                                            "Output": [
                                                "ci.movie_id"
                                            ],
                                            "Hash Buckets": 1048576,
                                            "Original Hash Buckets": 524288,
                                            "Hash Batches": 1,
                                            "Original Hash Batches": 1,
                                            "Peak Memory Usage": 42624,
                                            "Workers": [
                                                {
                                                    "Worker Number": 0,
                                                    "Actual Startup Time": 178.217,
                                                    "Actual Total Time": 178.218,
                                                    "Actual Rows": 125730,
                                                    "Actual Loops": 1
                                                },
                                                {
                                                    "Worker Number": 1,
                                                    "Actual Startup Time": 178.317,
                                                    "Actual Total Time": 178.319,
                                                    "Actual Rows": 155712,
                                                    "Actual Loops": 1
                                                },
                                                {
                                                    "Worker Number": 2,
                                                    "Actual Startup Time": 178.869,
                                                    "Actual Total Time": 178.871,
                                                    "Actual Rows": 129039,
                                                    "Actual Loops": 1
                                                },
                                                {
                                                    "Worker Number": 3,
                                                    "Actual Startup Time": 178.992,
                                                    "Actual Total Time": 178.994,
                                                    "Actual Rows": 119455,
                                                    "Actual Loops": 1
                                                }
                                            ],
                                            "Plans": [
                                                {
                                                    "Node Type": "Bitmap Heap Scan",
                                                    "Parent Relationship": "Outer",
                                                    "Parallel Aware": true,
                                                    "Relation Name": "cast_info",
                                                    "Schema": "public",
                                                    "Alias": "ci",
                                                    "Startup Cost": 22504.05,
                                                    "Total Cost": 277758.09,
                                                    "Plan Rows": 60251,
                                                    "Plan Width": 4,
                                                    "Actual Startup Time": 43.38,
                                                    "Actual Total Time": 100.059,
                                                    "Actual Rows": 154634,
                                                    "Actual Loops": 5,
                                                    "Output": [
                                                        "ci.movie_id"
                                                    ],
                                                    "Recheck Cond": "(ci.person_id < 108322)",
                                                    "Rows Removed by Index Recheck": 0,
                                                    "Filter": "(ci.role_id = 1)",
                                                    "Rows Removed by Filter": 57302,
                                                    "Exact Heap Blocks": 3807,
                                                    "Lossy Heap Blocks": 0,
                                                    "Workers": [
                                                        {
                                                            "Worker Number": 0,
                                                            "Actual Startup Time": 42.014,
                                                            "Actual Total Time": 101.116,
                                                            "Actual Rows": 125730,
                                                            "Actual Loops": 1
                                                        },
                                                        {
                                                            "Worker Number": 1,
                                                            "Actual Startup Time": 42.342,
                                                            "Actual Total Time": 97.905,
                                                            "Actual Rows": 155712,
                                                            "Actual Loops": 1
                                                        },
                                                        {
                                                            "Worker Number": 2,
                                                            "Actual Startup Time": 42.755,
                                                            "Actual Total Time": 101.44,
                                                            "Actual Rows": 129039,
                                                            "Actual Loops": 1
                                                        },
                                                        {
                                                            "Worker Number": 3,
                                                            "Actual Startup Time": 42.862,
                                                            "Actual Total Time": 100.498,
                                                            "Actual Rows": 119455,
                                                            "Actual Loops": 1
                                                        }
                                                    ],
                                                    "Plans": [
                                                        {
                                                            "Node Type": "Bitmap Index Scan",
                                                            "Parent Relationship": "Outer",
                                                            "Parallel Aware": false,
                                                            "Index Name": "person_id_cast_info",
                                                            "Startup Cost": 0.0,
                                                            "Total Cost": 22413.68,
                                                            "Plan Rows": 1026815,
                                                            "Plan Width": 0,
                                                            "Actual Startup Time": 45.381,
                                                            "Actual Total Time": 45.381,
                                                            "Actual Rows": 1059681,
                                                            "Actual Loops": 1,
                                                            "Index Cond": "(ci.person_id < 108322)"
                                                        }
                                                    ]
                                                }
                                            ]
                                        }
                                    ]
                                }
                            ]
                        }
                    ]
                }
            ]
        },
        "Planning Time": 187.958,
        "Triggers": [],
        "Execution Time": 470.955
    }
]