[
  {
    "Plan": {
      "Node Type": "Aggregate",
      "Strategy": "Plain",
      "Partial Mode": "Finalize",
      "Parallel Aware": false,
      "Startup Cost": 44388.57,
      "Total Cost": 44388.58,
      "Plan Rows": 1,
      "Plan Width": 8,
      "Actual Startup Time": 132.161,
      "Actual Total Time": 143.213,
      "Actual Rows": 1,
      "Actual Loops": 1,
      "Plans": [
        {
          "Node Type": "Gather",
          "Parent Relationship": "Outer",
          "Parallel Aware": false,
          "Startup Cost": 44388.25,
          "Total Cost": 44388.56,
          "Plan Rows": 3,
          "Plan Width": 8,
          "Actual Startup Time": 132.031,
          "Actual Total Time": 143.204,
          "Actual Rows": 4,
          "Actual Loops": 1,
          "Workers Planned": 3,
          "Workers Launched": 3,
          "Single Copy": false,
          "Plans": [
            {
              "Node Type": "Aggregate",
              "Strategy": "Plain",
              "Partial Mode": "Partial",
              "Parent Relationship": "Outer",
              "Parallel Aware": false,
              "Startup Cost": 43388.25,
              "Total Cost": 43388.26,
              "Plan Rows": 1,
              "Plan Width": 8,
              "Actual Startup Time": 126.524,
              "Actual Total Time": 126.546,
              "Actual Rows": 1,
              "Actual Loops": 4,
              "Plans": [
                {
                  "Node Type": "Seq Scan",
                  "Parent Relationship": "Outer",
                  "Parallel Aware": true,
                  "Relation Name": "movie_keyword",
                  "Alias": "mk",
                  "Startup Cost": 0.0,
                  "Total Cost": 42695.65,
                  "Plan Rows": 277039,
                  "Plan Width": 0,
                  "Actual Startup Time": 4.332,
                  "Actual Total Time": 114.892,
                  "Actual Rows": 212987,
                  "Actual Loops": 4,
                  "Filter": "(keyword_id > 21558)",
                  "Rows Removed by Filter": 917995
                }
              ]
            }
          ]
        }
      ]
    },
    "Planning Time": 0.156,
    "Triggers": [],
    "Execution Time": 143.265
  }
]