[
  {
    "Plan": {
      "Node Type": "Aggregate",
      "Strategy": "Plain",
      "Partial Mode": "Finalize",
      "Parallel Aware": false,
      "Startup Cost": 47165.11,
      "Total Cost": 47165.12,
      "Plan Rows": 1,
      "Plan Width": 8,
      "Actual Startup Time": 111.743,
      "Actual Total Time": 123.334,
      "Actual Rows": 1,
      "Actual Loops": 1,
      "Plans": [
        {
          "Node Type": "Gather",
          "Parent Relationship": "Outer",
          "Parallel Aware": false,
          "Startup Cost": 47164.69,
          "Total Cost": 47165.1,
          "Plan Rows": 4,
          "Plan Width": 8,
          "Actual Startup Time": 111.416,
          "Actual Total Time": 123.323,
          "Actual Rows": 5,
          "Actual Loops": 1,
          "Workers Planned": 4,
          "Workers Launched": 4,
          "Single Copy": false,
          "Plans": [
            {
              "Node Type": "Aggregate",
              "Strategy": "Plain",
              "Partial Mode": "Partial",
              "Parent Relationship": "Outer",
              "Parallel Aware": false,
              "Startup Cost": 46164.69,
              "Total Cost": 46164.7,
              "Plan Rows": 1,
              "Plan Width": 8,
              "Actual Startup Time": 104.523,
              "Actual Total Time": 104.524,
              "Actual Rows": 1,
              "Actual Loops": 5,
              "Plans": [
                {
                  "Node Type": "Seq Scan",
                  "Parent Relationship": "Outer",
                  "Parallel Aware": true,
                  "Relation Name": "title",
                  "Alias": "t",
                  "Startup Cost": 0.0,
                  "Total Cost": 45479.59,
                  "Plan Rows": 274042,
                  "Plan Width": 0,
                  "Actual Startup Time": 0.039,
                  "Actual Total Time": 93.048,
                  "Actual Rows": 208844,
                  "Actual Loops": 5,
                  "Filter": "((production_year < 2009) AND (kind_id = 7))",
                  "Rows Removed by Filter": 296818
                }
              ]
            }
          ]
        }
      ]
    },
    "Planning Time": 0.195,
    "Triggers": [],
    "Execution Time": 123.392
  }
]