[
  {
    "Plan": {
      "Node Type": "Aggregate",
      "Strategy": "Plain",
      "Partial Mode": "Finalize",
      "Parallel Aware": false,
      "Startup Cost": 47160.37,
      "Total Cost": 47160.38,
      "Plan Rows": 1,
      "Plan Width": 8,
      "Actual Startup Time": 103.361,
      "Actual Total Time": 115.421,
      "Actual Rows": 1,
      "Actual Loops": 1,
      "Plans": [
        {
          "Node Type": "Gather",
          "Parent Relationship": "Outer",
          "Parallel Aware": false,
          "Startup Cost": 47159.95,
          "Total Cost": 47160.36,
          "Plan Rows": 4,
          "Plan Width": 8,
          "Actual Startup Time": 103.042,
          "Actual Total Time": 115.413,
          "Actual Rows": 5,
          "Actual Loops": 1,
          "Workers Planned": 4,
          "Workers Launched": 4,
          "Single Copy": false,
          "Plans": [
            {
              "Node Type": "Aggregate",
              "Strategy": "Plain",
              "Partial Mode": "Partial",
              "Parent Relationship": "Outer",
              "Parallel Aware": false,
              "Startup Cost": 46159.95,
              "Total Cost": 46159.96,
              "Plan Rows": 1,
              "Plan Width": 8,
              "Actual Startup Time": 96.631,
              "Actual Total Time": 96.633,
              "Actual Rows": 1,
              "Actual Loops": 5,
              "Plans": [
                {
                  "Node Type": "Seq Scan",
                  "Parent Relationship": "Outer",
                  "Parallel Aware": true,
                  "Relation Name": "title",
                  "Alias": "t",
                  "Startup Cost": 0.0,
                  "Total Cost": 45479.1,
                  "Plan Rows": 272340,
                  "Plan Width": 0,
                  "Actual Startup Time": 0.027,
                  "Actual Total Time": 85.676,
                  "Actual Rows": 208844,
                  "Actual Loops": 5,
                  "Filter": "((production_year < 2009) AND (kind_id = 7))",
                  "Rows Removed by Filter": 296818
                }
              ]
            }
          ]
        }
      ]
    },
    "Planning Time": 0.224,
    "Triggers": [],
    "Execution Time": 115.479
  }
]