[
    {
        "Bao": {
            "Bao prediction": "NaN",
            "Bao recommended hint": "(no hint)"
        }
    },
    {
        "Plan": {
            "Node Type": "Aggregate",
            "Strategy": "Plain",
            "Partial Mode": "Simple",
            "Parallel Aware": false,
            "Startup Cost": 123238.4,
            "Total Cost": 123238.41,
            "Plan Rows": 1,
            "Plan Width": 8,
            "Actual Startup Time": 26.415,
            "Actual Total Time": 26.416,
            "Actual Rows": 1,
            "Actual Loops": 1,
            "Output": [
                "count(*)"
            ],
            "Plans": [
                {
                    "Node Type": "Bitmap Heap Scan",
                    "Parent Relationship": "Outer",
                    "Parallel Aware": false,
                    "Relation Name": "movie_info",
                    "Schema": "public",
                    "Alias": "mi",
                    "Startup Cost": 1152.15,
                    "Total Cost": 123079.78,
                    "Plan Rows": 63447,
                    "Plan Width": 0,
                    "Actual Startup Time": 5.329,
                    "Actual Total Time": 22.133,
                    "Actual Rows": 61128,
                    "Actual Loops": 1,
                    "Recheck Cond": "(mi.info_type_id = 103)",
                    "Rows Removed by Index Recheck": 0,
                    "Exact Heap Blocks": 4954,
                    "Lossy Heap Blocks": 0,
                    "Plans": [
                        {
                            "Node Type": "Bitmap Index Scan",
                            "Parent Relationship": "Outer",
                            "Parallel Aware": false,
                            "Index Name": "info_type_id_movie_info",
                            "Startup Cost": 0.0,
                            "Total Cost": 1136.29,
                            "Plan Rows": 63447,
                            "Plan Width": 0,
                            "Actual Startup Time": 4.049,
                            "Actual Total Time": 4.05,
                            "Actual Rows": 61128,
                            "Actual Loops": 1,
                            "Index Cond": "(mi.info_type_id = 103)"
                        }
                    ]
                }
            ]
        },
        "Planning Time": 222.133,
        "Triggers": [],
        "Execution Time": 26.496
    }
]