{
  "Plan": {
    "Node Type": "Aggregate",
    "Strategy": "Plain",
    "Partial Mode": "Simple",
    "Parallel Aware": false,
    "Startup Cost": 16535.61,
    "Total Cost": 16535.62,
    "Plan Rows": 1,
    "Plan Width": 64,
    "Actual Startup Time": 168.959,
    "Actual Total Time": 168.963,
    "Actual Rows": 1,
    "Actual Loops": 1,
    "Plans": [
      {
        "Node Type": "Nested Loop",
        "Parent Relationship": "Outer",
        "Parallel Aware": false,
        "Join Type": "Inner",
        "Startup Cost": 11.64,
        "Total Cost": 16535.58,
        "Plan Rows": 5,
        "Plan Width": 23,
        "Actual Startup Time": 8.679,
        "Actual Total Time": 167.804,
        "Actual Rows": 4700,
        "Actual Loops": 1,
        "Inner Unique": true,
        "Join Filter": "(mi_idx.movie_id = t.id)",
        "Rows Removed by Join Filter": 0,
        "Plans": [
          {
            "Node Type": "Nested Loop",
            "Parent Relationship": "Outer",
            "Parallel Aware": false,
            "Join Type": "Inner",
            "Startup Cost": 11.21,
            "Total Cost": 16532.07,
            "Plan Rows": 7,
            "Plan Width": 14,
            "Actual Startup Time": 8.571,
            "Actual Total Time": 108.542,
            "Actual Rows": 8092,
            "Actual Loops": 1,
            "Inner Unique": false,
            "Join Filter": "(mi_idx.info_type_id = it.id)",
            "Rows Removed by Join Filter": 6507,
            "Plans": [
              {
                "Node Type": "Seq Scan",
                "Parent Relationship": "Outer",
                "Parallel Aware": false,
                "Relation Name": "info_type",
                "Alias": "it",
                "Startup Cost": 0.0,
                "Total Cost": 2.41,
                "Plan Rows": 1,
                "Plan Width": 4,
                "Actual Startup Time": 0.043,
                "Actual Total Time": 0.045,
                "Actual Rows": 1,
                "Actual Loops": 1,
                "Filter": "((info)::text = 'rating'::text)",
                "Rows Removed by Filter": 112
              },
              {
                "Node Type": "Nested Loop",
                "Parent Relationship": "Inner",
                "Parallel Aware": false,
                "Join Type": "Inner",
                "Startup Cost": 11.21,
                "Total Cost": 16519.92,
                "Plan Rows": 779,
                "Plan Width": 18,
                "Actual Startup Time": 8.522,
                "Actual Total Time": 106.866,
                "Actual Rows": 14599,
                "Actual Loops": 1,
                "Inner Unique": false,
                "Plans": [
                  {
                    "Node Type": "Nested Loop",
                    "Parent Relationship": "Outer",
                    "Parallel Aware": false,
                    "Join Type": "Inner",
                    "Startup Cost": 10.78,
                    "Total Cost": 16292.14,
                    "Plan Rows": 438,
                    "Plan Width": 4,
                    "Actual Startup Time": 8.43,
                    "Actual Total Time": 51.766,
                    "Actual Rows": 12951,
                    "Actual Loops": 1,
                    "Inner Unique": false,
                    "Plans": [
                      {
                        "Node Type": "Seq Scan",
                        "Parent Relationship": "Outer",
                        "Parallel Aware": false,
                        "Relation Name": "keyword",
                        "Alias": "k",
                        "Startup Cost": 0.0,
                        "Total Cost": 2626.12,
                        "Plan Rows": 13,
                        "Plan Width": 4,
                        "Actual Startup Time": 3.11,
                        "Actual Total Time": 17.514,
                        "Actual Rows": 30,
                        "Actual Loops": 1,
                        "Filter": "(keyword ~~ '%sequel%'::text)",
                        "Rows Removed by Filter": 134140
                      },
                      {
                        "Node Type": "Bitmap Heap Scan",
                        "Parent Relationship": "Inner",
                        "Parallel Aware": false,
                        "Relation Name": "movie_keyword",
                        "Alias": "mk",
                        "Startup Cost": 10.78,
                        "Total Cost": 1048.2,
                        "Plan Rows": 303,
                        "Plan Width": 8,
                        "Actual Startup Time": 0.204,
                        "Actual Total Time": 1.08,
                        "Actual Rows": 432,
                        "Actual Loops": 30,
                        "Recheck Cond": "(keyword_id = k.id)",
                        "Rows Removed by Index Recheck": 0,
                        "Exact Heap Blocks": 6979,
                        "Lossy Heap Blocks": 0,
                        "Plans": [
                          {
                            "Node Type": "Bitmap Index Scan",
                            "Parent Relationship": "Outer",
                            "Parallel Aware": false,
                            "Index Name": "keyword_id_movie_keyword",
                            "Startup Cost": 0.0,
                            "Total Cost": 10.71,
                            "Plan Rows": 303,
                            "Plan Width": 0,
                            "Actual Startup Time": 0.135,
                            "Actual Total Time": 0.135,
                            "Actual Rows": 432,
                            "Actual Loops": 30,
                            "Index Cond": "(keyword_id = k.id)"
                          }
                        ]
                      }
                    ]
                  },
                  {
                    "Node Type": "Index Scan",
                    "Parent Relationship": "Inner",
                    "Parallel Aware": false,
                    "Scan Direction": "Forward",
                    "Index Name": "movie_id_movie_info_idx",
                    "Relation Name": "movie_info_idx",
                    "Alias": "mi_idx",
                    "Startup Cost": 0.43,
                    "Total Cost": 0.5,
                    "Plan Rows": 2,
                    "Plan Width": 14,
                    "Actual Startup Time": 0.004,
                    "Actual Total Time": 0.004,
                    "Actual Rows": 1,
                    "Actual Loops": 12951,
                    "Index Cond": "(movie_id = mk.movie_id)",
                    "Rows Removed by Index Recheck": 0,
                    "Filter": "(info > '2.0'::text)",
                    "Rows Removed by Filter": 1
                  }
                ]
              }
            ]
          },
          {
            "Node Type": "Index Scan",
            "Parent Relationship": "Inner",
            "Parallel Aware": false,
            "Scan Direction": "Forward",
            "Index Name": "title_pkey",
            "Relation Name": "title",
            "Alias": "t",
            "Startup Cost": 0.43,
            "Total Cost": 0.49,
            "Plan Rows": 1,
            "Plan Width": 21,
            "Actual Startup Time": 0.007,
            "Actual Total Time": 0.007,
            "Actual Rows": 1,
            "Actual Loops": 8092,
            "Index Cond": "(id = mk.movie_id)",
            "Rows Removed by Index Recheck": 0,
            "Filter": "(production_year > 1990)",
            "Rows Removed by Filter": 0
          }
        ]
      }
    ]
  },
  "Planning Time": 8.155,
  "Triggers": [],
  "Execution Time": 169.498
}