[
  {
    "Plan": {
      "Node Type": "Aggregate",
      "Strategy": "Plain",
      "Partial Mode": "Finalize",
      "Parallel Aware": false,
      "Startup Cost": 58007.93,
      "Total Cost": 58007.94,
      "Plan Rows": 1,
      "Plan Width": 8,
      "Actual Startup Time": 239.538,
      "Actual Total Time": 250.867,
      "Actual Rows": 1,
      "Actual Loops": 1,
      "Plans": [
        {
          "Node Type": "Gather",
          "Parent Relationship": "Outer",
          "Parallel Aware": false,
          "Startup Cost": 58007.62,
          "Total Cost": 58007.93,
          "Plan Rows": 3,
          "Plan Width": 8,
          "Actual Startup Time": 235.274,
          "Actual Total Time": 250.858,
          "Actual Rows": 4,
          "Actual Loops": 1,
          "Workers Planned": 3,
          "Workers Launched": 3,
          "Single Copy": false,
          "Plans": [
            {
              "Node Type": "Aggregate",
              "Strategy": "Plain",
              "Partial Mode": "Partial",
              "Parent Relationship": "Outer",
              "Parallel Aware": false,
              "Startup Cost": 57007.62,
              "Total Cost": 57007.63,
              "Plan Rows": 1,
              "Plan Width": 8,
              "Actual Startup Time": 222.268,
              "Actual Total Time": 222.272,
              "Actual Rows": 1,
              "Actual Loops": 4,
              "Plans": [
                {
                  "Node Type": "Nested Loop",
                  "Parent Relationship": "Outer",
                  "Parallel Aware": false,
                  "Join Type": "Inner",
                  "Startup Cost": 21302.3,
                  "Total Cost": 56998.72,
                  "Plan Rows": 3558,
                  "Plan Width": 0,
                  "Actual Startup Time": 155.52,
                  "Actual Total Time": 221.315,
                  "Actual Rows": 12384,
                  "Actual Loops": 4,
                  "Inner Unique": true,
                  "Plans": [
                    {
                      "Node Type": "Hash Join",
                      "Parent Relationship": "Outer",
                      "Parallel Aware": true,
                      "Join Type": "Inner",
                      "Startup Cost": 21301.87,
                      "Total Cost": 45882.15,
                      "Plan Rows": 19235,
                      "Plan Width": 8,
                      "Actual Startup Time": 155.443,
                      "Actual Total Time": 178.253,
                      "Actual Rows": 12384,
                      "Actual Loops": 4,
                      "Inner Unique": false,
                      "Hash Cond": "(mk.movie_id = mi_idx.movie_id)",
                      "Plans": [
                        {
                          "Node Type": "Bitmap Heap Scan",
                          "Parent Relationship": "Outer",
                          "Parallel Aware": true,
                          "Relation Name": "movie_keyword",
                          "Alias": "mk",
                          "Startup Cost": 429.04,
                          "Total Cost": 24904.74,
                          "Plan Rows": 6518,
                          "Plan Width": 4,
                          "Actual Startup Time": 3.626,
                          "Actual Total Time": 18.618,
                          "Actual Rows": 4882,
                          "Actual Loops": 4,
                          "Recheck Cond": "(keyword_id = 137)",
                          "Rows Removed by Index Recheck": 0,
                          "Exact Heap Blocks": 5380,
                          "Lossy Heap Blocks": 0,
                          "Plans": [
                            {
                              "Node Type": "Bitmap Index Scan",
                              "Parent Relationship": "Outer",
                              "Parallel Aware": false,
                              "Index Name": "keyword_id_movie_keyword",
                              "Startup Cost": 0.0,
                              "Total Cost": 423.99,
                              "Plan Rows": 20207,
                              "Plan Width": 0,
                              "Actual Startup Time": 1.951,
                              "Actual Total Time": 1.952,
                              "Actual Rows": 19528,
                              "Actual Loops": 1,
                              "Index Cond": "(keyword_id = 137)"
                            }
                          ]
                        },
                        {
                          "Node Type": "Hash",
                          "Parent Relationship": "Inner",
                          "Parallel Aware": true,
                          "Startup Cost": 13685.15,
                          "Total Cost": 13685.15,
                          "Plan Rows": 575015,
                          "Plan Width": 4,
                          "Actual Startup Time": 144.254,
                          "Actual Total Time": 144.255,
                          "Actual Rows": 345009,
                          "Actual Loops": 4,
                          "Hash Buckets": 2097152,
                          "Original Hash Buckets": 2097152,
                          "Hash Batches": 1,
                          "Original Hash Batches": 1,
                          "Peak Memory Usage": 70432,
                          "Plans": [
                            {
                              "Node Type": "Seq Scan",
                              "Parent Relationship": "Outer",
                              "Parallel Aware": true,
                              "Relation Name": "movie_info_idx",
                              "Alias": "mi_idx",
                              "Startup Cost": 0.0,
                              "Total Cost": 13685.15,
                              "Plan Rows": 575015,
                              "Plan Width": 4,
                              "Actual Startup Time": 0.068,
                              "Actual Total Time": 46.159,
                              "Actual Rows": 345009,
                              "Actual Loops": 4
                            }
                          ]
                        }
                      ]
                    },
                    {
                      "Node Type": "Index Only Scan",
                      "Parent Relationship": "Inner",
                      "Parallel Aware": false,
                      "Scan Direction": "Forward",
                      "Index Name": "title_pkey",
                      "Relation Name": "title",
                      "Alias": "t",
                      "Startup Cost": 0.43,
                      "Total Cost": 0.58,
                      "Plan Rows": 1,
                      "Plan Width": 4,
                      "Actual Startup Time": 0.003,
                      "Actual Total Time": 0.003,
                      "Actual Rows": 1,
                      "Actual Loops": 49537,
                      "Index Cond": "(id = mi_idx.movie_id)",
                      "Rows Removed by Index Recheck": 0,
                      "Heap Fetches": 49537
                    }
                  ]
                }
              ]
            }
          ]
        }
      ]
    },
    "Planning Time": 1.343,
    "Triggers": [],
    "Execution Time": 250.975
  }
]