[
  {
    "Plan": {
      "Node Type": "Aggregate",
      "Strategy": "Plain",
      "Partial Mode": "Finalize",
      "Parallel Aware": false,
      "Startup Cost": 243022.11,
      "Total Cost": 243022.12,
      "Plan Rows": 1,
      "Plan Width": 8,
      "Actual Startup Time": 588.495,
      "Actual Total Time": 607.523,
      "Actual Rows": 1,
      "Actual Loops": 1,
      "Plans": [
        {
          "Node Type": "Gather",
          "Parent Relationship": "Outer",
          "Parallel Aware": false,
          "Startup Cost": 243021.89,
          "Total Cost": 243022.1,
          "Plan Rows": 2,
          "Plan Width": 8,
          "Actual Startup Time": 578.315,
          "Actual Total Time": 607.513,
          "Actual Rows": 3,
          "Actual Loops": 1,
          "Workers Planned": 2,
          "Workers Launched": 2,
          "Single Copy": false,
          "Plans": [
            {
              "Node Type": "Aggregate",
              "Strategy": "Plain",
              "Partial Mode": "Partial",
              "Parent Relationship": "Outer",
              "Parallel Aware": false,
              "Startup Cost": 242021.89,
              "Total Cost": 242021.9,
              "Plan Rows": 1,
              "Plan Width": 8,
              "Actual Startup Time": 568.371,
              "Actual Total Time": 568.379,
              "Actual Rows": 1,
              "Actual Loops": 3,
              "Plans": [
                {
                  "Node Type": "Hash Join",
                  "Parent Relationship": "Outer",
                  "Parallel Aware": true,
                  "Join Type": "Inner",
                  "Startup Cost": 225333.88,
                  "Total Cost": 241947.3,
                  "Plan Rows": 29837,
                  "Plan Width": 0,
                  "Actual Startup Time": 477.197,
                  "Actual Total Time": 562.286,
                  "Actual Rows": 130280,
                  "Actual Loops": 3,
                  "Inner Unique": false,
                  "Hash Cond": "(mi_idx.movie_id = t.id)",
                  "Plans": [
                    {
                      "Node Type": "Seq Scan",
                      "Parent Relationship": "Outer",
                      "Parallel Aware": true,
                      "Relation Name": "movie_info_idx",
                      "Alias": "mi_idx",
                      "Startup Cost": 0.0,
                      "Total Cost": 15122.68,
                      "Plan Rows": 381618,
                      "Plan Width": 4,
                      "Actual Startup Time": 0.016,
                      "Actual Total Time": 48.22,
                      "Actual Rows": 306617,
                      "Actual Loops": 3,
                      "Filter": "(info_type_id < 101)",
                      "Rows Removed by Filter": 153395
                    },
                    {
                      "Node Type": "Hash",
                      "Parent Relationship": "Inner",
                      "Parallel Aware": true,
                      "Startup Cost": 224839.67,
                      "Total Cost": 224839.67,
                      "Plan Rows": 39537,
                      "Plan Width": 8,
                      "Actual Startup Time": 472.703,
                      "Actual Total Time": 472.707,
                      "Actual Rows": 65918,
                      "Actual Loops": 3,
                      "Hash Buckets": 262144,
                      "Original Hash Buckets": 262144,
                      "Hash Batches": 1,
                      "Original Hash Batches": 1,
                      "Peak Memory Usage": 9824,
                      "Plans": [
                        {
                          "Node Type": "Hash Join",
                          "Parent Relationship": "Outer",
                          "Parallel Aware": true,
                          "Join Type": "Inner",
                          "Startup Cost": 53796.86,
                          "Total Cost": 224839.67,
                          "Plan Rows": 39537,
                          "Plan Width": 8,
                          "Actual Startup Time": 423.481,
                          "Actual Total Time": 454.104,
                          "Actual Rows": 65918,
                          "Actual Loops": 3,
                          "Inner Unique": true,
                          "Hash Cond": "(mi.movie_id = t.id)",
                          "Plans": [
                            {
                              "Node Type": "Bitmap Heap Scan",
                              "Parent Relationship": "Outer",
                              "Parallel Aware": true,
                              "Relation Name": "movie_info",
                              "Alias": "mi",
                              "Startup Cost": 3576.48,
                              "Total Cost": 174515.5,
                              "Plan Rows": 39537,
                              "Plan Width": 4,
                              "Actual Startup Time": 7.738,
                              "Actual Total Time": 20.904,
                              "Actual Rows": 65918,
                              "Actual Loops": 3,
                              "Recheck Cond": "(info_type_id > 106)",
                              "Rows Removed by Index Recheck": 0,
                              "Exact Heap Blocks": 2076,
                              "Lossy Heap Blocks": 0,
                              "Plans": [
                                {
                                  "Node Type": "Bitmap Index Scan",
                                  "Parent Relationship": "Outer",
                                  "Parallel Aware": false,
                                  "Index Name": "info_type_id_movie_info",
                                  "Startup Cost": 0.0,
                                  "Total Cost": 3527.06,
                                  "Plan Rows": 197683,
                                  "Plan Width": 0,
                                  "Actual Startup Time": 7.106,
                                  "Actual Total Time": 7.106,
                                  "Actual Rows": 197754,
                                  "Actual Loops": 1,
                                  "Index Cond": "(info_type_id > 106)"
                                }
                              ]
                            },
                            {
                              "Node Type": "Hash",
                              "Parent Relationship": "Inner",
                              "Parallel Aware": true,
                              "Startup Cost": 42319.06,
                              "Total Cost": 42319.06,
                              "Plan Rows": 632106,
                              "Plan Width": 4,
                              "Actual Startup Time": 406.871,
                              "Actual Total Time": 406.872,
                              "Actual Rows": 842771,
                              "Actual Loops": 3,
                              "Hash Buckets": 4194304,
                              "Original Hash Buckets": 4194304,
                              "Hash Batches": 1,
                              "Original Hash Batches": 1,
                              "Peak Memory Usage": 131712,
                              "Plans": [
                                {
                                  "Node Type": "Seq Scan",
                                  "Parent Relationship": "Outer",
                                  "Parallel Aware": true,
                                  "Relation Name": "title",
                                  "Alias": "t",
                                  "Startup Cost": 0.0,
                                  "Total Cost": 42319.06,
                                  "Plan Rows": 632106,
                                  "Plan Width": 4,
                                  "Actual Startup Time": 0.033,
                                  "Actual Total Time": 122.55,
                                  "Actual Rows": 842771,
                                  "Actual Loops": 3
                                }
                              ]
                            }
                          ]
                        }
                      ]
                    }
                  ]
                }
              ]
            }
          ]
        }
      ]
    },
    "Planning Time": 0.538,
    "Triggers": [],
    "Execution Time": 607.576
  }
]