{
  "Plan": {
    "Node Type": "Aggregate",
    "Strategy": "Plain",
    "Partial Mode": "Simple",
    "Parallel Aware": false,
    "Startup Cost": 175429.67,
    "Total Cost": 175429.68,
    "Plan Rows": 1,
    "Plan Width": 96,
    "Actual Startup Time": 597.387,
    "Actual Total Time": 617.262,
    "Actual Rows": 1,
    "Actual Loops": 1,
    "Plans": [
      {
        "Node Type": "Gather",
        "Parent Relationship": "Outer",
        "Parallel Aware": false,
        "Startup Cost": 118980.37,
        "Total Cost": 175429.66,
        "Plan Rows": 1,
        "Plan Width": 46,
        "Actual Startup Time": 597.382,
        "Actual Total Time": 617.256,
        "Actual Rows": 0,
        "Actual Loops": 1,
        "Workers Planned": 1,
        "Workers Launched": 1,
        "Single Copy": false,
        "Plans": [
          {
            "Node Type": "Hash Join",
            "Parent Relationship": "Outer",
            "Parallel Aware": true,
            "Join Type": "Inner",
            "Startup Cost": 117980.37,
            "Total Cost": 174429.56,
            "Plan Rows": 1,
            "Plan Width": 46,
            "Actual Startup Time": 590.753,
            "Actual Total Time": 590.762,
            "Actual Rows": 0,
            "Actual Loops": 2,
            "Inner Unique": false,
            "Hash Cond": "(t2.id = ml.linked_movie_id)",
            "Plans": [
              {
                "Node Type": "Seq Scan",
                "Parent Relationship": "Outer",
                "Parallel Aware": true,
                "Relation Name": "title",
                "Alias": "t2",
                "Startup Cost": 0.0,
                "Total Cost": 50871.58,
                "Plan Rows": 1487358,
                "Plan Width": 21,
                "Actual Startup Time": 0.0,
                "Actual Total Time": 0.0,
                "Actual Rows": 0,
                "Actual Loops": 0
              },
              {
                "Node Type": "Hash",
                "Parent Relationship": "Inner",
                "Parallel Aware": true,
                "Startup Cost": 117980.36,
                "Total Cost": 117980.36,
                "Plan Rows": 1,
                "Plan Width": 33,
                "Actual Startup Time": 589.641,
                "Actual Total Time": 589.649,
                "Actual Rows": 0,
                "Actual Loops": 2,
                "Hash Buckets": 1024,
                "Original Hash Buckets": 1024,
                "Hash Batches": 1,
                "Original Hash Batches": 1,
                "Peak Memory Usage": 0,
                "Plans": [
                  {
                    "Node Type": "Hash Join",
                    "Parent Relationship": "Outer",
                    "Parallel Aware": false,
                    "Join Type": "Inner",
                    "Startup Cost": 61516.78,
                    "Total Cost": 117980.36,
                    "Plan Rows": 1,
                    "Plan Width": 33,
                    "Actual Startup Time": 589.588,
                    "Actual Total Time": 589.595,
                    "Actual Rows": 0,
                    "Actual Loops": 2,
                    "Inner Unique": true,
                    "Hash Cond": "(ml.link_type_id = lt.id)",
                    "Plans": [
                      {
                        "Node Type": "Hash Join",
                        "Parent Relationship": "Outer",
                        "Parallel Aware": false,
                        "Join Type": "Inner",
                        "Startup Cost": 61515.37,
                        "Total Cost": 117978.95,
                        "Plan Rows": 1,
                        "Plan Width": 25,
                        "Actual Startup Time": 589.481,
                        "Actual Total Time": 589.488,
                        "Actual Rows": 0,
                        "Actual Loops": 2,
                        "Inner Unique": false,
                        "Hash Cond": "(t1.id = ml.movie_id)",
                        "Plans": [
                          {
                            "Node Type": "Hash Join",
                            "Parent Relationship": "Outer",
                            "Parallel Aware": true,
                            "Join Type": "Inner",
                            "Startup Cost": 60677.44,
                            "Total Cost": 117126.74,
                            "Plan Rows": 20,
                            "Plan Width": 25,
                            "Actual Startup Time": 568.293,
                            "Actual Total Time": 569.884,
                            "Actual Rows": 0,
                            "Actual Loops": 2,
                            "Inner Unique": false,
                            "Hash Cond": "(t1.id = mk.movie_id)",
                            "Plans": [
                              {
                                "Node Type": "Seq Scan",
                                "Parent Relationship": "Outer",
                                "Parallel Aware": true,
                                "Relation Name": "title",
                                "Alias": "t1",
                                "Startup Cost": 0.0,
                                "Total Cost": 50871.58,
                                "Plan Rows": 1487358,
                                "Plan Width": 21,
                                "Actual Startup Time": 0.011,
                                "Actual Total Time": 123.313,
                                "Actual Rows": 1264156,
                                "Actual Loops": 2
                              },
                              {
                                "Node Type": "Hash",
                                "Parent Relationship": "Inner",
                                "Parallel Aware": true,
                                "Startup Cost": 60677.19,
                                "Total Cost": 60677.19,
                                "Plan Rows": 20,
                                "Plan Width": 4,
                                "Actual Startup Time": 356.497,
                                "Actual Total Time": 356.501,
                                "Actual Rows": 0,
                                "Actual Loops": 2,
                                "Hash Buckets": 1024,
                                "Original Hash Buckets": 1024,
                                "Hash Batches": 1,
                                "Original Hash Batches": 1,
                                "Peak Memory Usage": 40,
                                "Plans": [
                                  {
                                    "Node Type": "Hash Join",
                                    "Parent Relationship": "Outer",
                                    "Parallel Aware": false,
                                    "Join Type": "Inner",
                                    "Startup Cost": 2626.14,
                                    "Total Cost": 60677.19,
                                    "Plan Rows": 20,
                                    "Plan Width": 4,
                                    "Actual Startup Time": 347.839,
                                    "Actual Total Time": 356.444,
                                    "Actual Rows": 0,
                                    "Actual Loops": 2,
                                    "Inner Unique": true,
                                    "Hash Cond": "(mk.keyword_id = k.id)",
                                    "Plans": [
                                      {
                                        "Node Type": "Seq Scan",
                                        "Parent Relationship": "Outer",
                                        "Parallel Aware": true,
                                        "Relation Name": "movie_keyword",
                                        "Alias": "mk",
                                        "Startup Cost": 0.0,
                                        "Total Cost": 51065.35,
                                        "Plan Rows": 2661135,
                                        "Plan Width": 8,
                                        "Actual Startup Time": 0.017,
                                        "Actual Total Time": 174.783,
                                        "Actual Rows": 2261965,
                                        "Actual Loops": 2
                                      },
                                      {
                                        "Node Type": "Hash",
                                        "Parent Relationship": "Inner",
                                        "Parallel Aware": false,
                                        "Startup Cost": 2626.12,
                                        "Total Cost": 2626.12,
                                        "Plan Rows": 1,
                                        "Plan Width": 4,
                                        "Actual Startup Time": 16.271,
                                        "Actual Total Time": 16.273,
                                        "Actual Rows": 1,
                                        "Actual Loops": 2,
                                        "Hash Buckets": 1024,
                                        "Original Hash Buckets": 1024,
                                        "Hash Batches": 1,
                                        "Original Hash Batches": 1,
                                        "Peak Memory Usage": 9,
                                        "Plans": [
                                          {
                                            "Node Type": "Seq Scan",
                                            "Parent Relationship": "Outer",
                                            "Parallel Aware": false,
                                            "Relation Name": "keyword",
                                            "Alias": "k",
                                            "Startup Cost": 0.0,
                                            "Total Cost": 2626.12,
                                            "Plan Rows": 1,
                                            "Plan Width": 4,
                                            "Actual Startup Time": 15.979,
                                            "Actual Total Time": 16.264,
                                            "Actual Rows": 1,
                                            "Actual Loops": 2,
                                            "Filter": "(keyword = '10,000-mile-club'::text)",
                                            "Rows Removed by Filter": 134169
                                          }
                                        ]
                                      }
                                    ]
                                  }
                                ]
                              }
                            ]
                          },
                          {
                            "Node Type": "Hash",
                            "Parent Relationship": "Inner",
                            "Parallel Aware": false,
                            "Startup Cost": 462.97,
                            "Total Cost": 462.97,
                            "Plan Rows": 29997,
                            "Plan Width": 12,
                            "Actual Startup Time": 19.341,
                            "Actual Total Time": 19.341,
                            "Actual Rows": 29997,
                            "Actual Loops": 2,
                            "Hash Buckets": 32768,
                            "Original Hash Buckets": 32768,
                            "Hash Batches": 1,
                            "Original Hash Batches": 1,
                            "Peak Memory Usage": 1545,
                            "Plans": [
                              {
                                "Node Type": "Seq Scan",
                                "Parent Relationship": "Outer",
                                "Parallel Aware": false,
                                "Relation Name": "movie_link",
                                "Alias": "ml",
                                "Startup Cost": 0.0,
                                "Total Cost": 462.97,
                                "Plan Rows": 29997,
                                "Plan Width": 12,
                                "Actual Startup Time": 0.043,
                                "Actual Total Time": 8.965,
                                "Actual Rows": 29997,
                                "Actual Loops": 2
                              }
                            ]
                          }
                        ]
                      },
                      {
                        "Node Type": "Hash",
                        "Parent Relationship": "Inner",
                        "Parallel Aware": false,
                        "Startup Cost": 1.18,
                        "Total Cost": 1.18,
                        "Plan Rows": 18,
                        "Plan Width": 16,
                        "Actual Startup Time": 0.081,
                        "Actual Total Time": 0.081,
                        "Actual Rows": 18,
                        "Actual Loops": 2,
                        "Hash Buckets": 1024,
                        "Original Hash Buckets": 1024,
                        "Hash Batches": 1,
                        "Original Hash Batches": 1,
                        "Peak Memory Usage": 9,
                        "Plans": [
                          {
                            "Node Type": "Seq Scan",
                            "Parent Relationship": "Outer",
                            "Parallel Aware": false,
                            "Relation Name": "link_type",
                            "Alias": "lt",
                            "Startup Cost": 0.0,
                            "Total Cost": 1.18,
                            "Plan Rows": 18,
                            "Plan Width": 16,
                            "Actual Startup Time": 0.042,
                            "Actual Total Time": 0.049,
                            "Actual Rows": 18,
                            "Actual Loops": 2
                          }
                        ]
                      }
                    ]
                  }
                ]
              }
            ]
          }
        ]
      }
    ]
  },
  "Planning Time": 1.128,
  "Triggers": [],
  "Execution Time": 617.395
}