{
  "Plan": {
    "Node Type": "Aggregate",
    "Strategy": "Plain",
    "Partial Mode": "Finalize",
    "Parallel Aware": false,
    "Startup Cost": 319645.24,
    "Total Cost": 319645.25,
    "Plan Rows": 1,
    "Plan Width": 8,
    "Actual Startup Time": 1017.148,
    "Actual Total Time": 1035.578,
    "Actual Rows": 1,
    "Actual Loops": 1,
    "Plans": [
      {
        "Node Type": "Gather",
        "Parent Relationship": "Outer",
        "Parallel Aware": false,
        "Startup Cost": 319645.13,
        "Total Cost": 319645.24,
        "Plan Rows": 1,
        "Plan Width": 8,
        "Actual Startup Time": 1012.015,
        "Actual Total Time": 1035.571,
        "Actual Rows": 2,
        "Actual Loops": 1,
        "Workers Planned": 1,
        "Workers Launched": 1,
        "Single Copy": false,
        "Plans": [
          {
            "Node Type": "Aggregate",
            "Strategy": "Plain",
            "Partial Mode": "Partial",
            "Parent Relationship": "Outer",
            "Parallel Aware": false,
            "Startup Cost": 318645.13,
            "Total Cost": 318645.14,
            "Plan Rows": 1,
            "Plan Width": 8,
            "Actual Startup Time": 1005.333,
            "Actual Total Time": 1005.339,
            "Actual Rows": 1,
            "Actual Loops": 2,
            "Plans": [
              {
                "Node Type": "Hash Join",
                "Parent Relationship": "Outer",
                "Parallel Aware": true,
                "Join Type": "Inner",
                "Startup Cost": 140186.32,
                "Total Cost": 318110.47,
                "Plan Rows": 213862,
                "Plan Width": 0,
                "Actual Startup Time": 773.093,
                "Actual Total Time": 991.36,
                "Actual Rows": 311188,
                "Actual Loops": 2,
                "Inner Unique": false,
                "Hash Cond": "(mi.movie_id = t.id)",
                "Plans": [
                  {
                    "Node Type": "Bitmap Heap Scan",
                    "Parent Relationship": "Outer",
                    "Parallel Aware": true,
                    "Relation Name": "movie_info",
                    "Alias": "mi",
                    "Startup Cost": 27808.97,
                    "Total Cost": 201089.01,
                    "Plan Rows": 902963,
                    "Plan Width": 4,
                    "Actual Startup Time": 47.834,
                    "Actual Total Time": 116.984,
                    "Actual Rows": 766954,
                    "Actual Loops": 2,
                    "Recheck Cond": "(info_type_id = 3)",
                    "Rows Removed by Index Recheck": 0,
                    "Exact Heap Blocks": 5262,
                    "Lossy Heap Blocks": 0,
                    "Plans": [
                      {
                        "Node Type": "Bitmap Index Scan",
                        "Parent Relationship": "Outer",
                        "Parallel Aware": false,
                        "Index Name": "info_type_id_movie_info",
                        "Startup Cost": 0.0,
                        "Total Cost": 27425.21,
                        "Plan Rows": 1535037,
                        "Plan Width": 0,
                        "Actual Startup Time": 46.383,
                        "Actual Total Time": 46.383,
                        "Actual Rows": 1533909,
                        "Actual Loops": 1,
                        "Index Cond": "(info_type_id = 3)"
                      }
                    ]
                  },
                  {
                    "Node Type": "Hash",
                    "Parent Relationship": "Inner",
                    "Parallel Aware": true,
                    "Startup Cost": 107974.32,
                    "Total Cost": 107974.32,
                    "Plan Rows": 352242,
                    "Plan Width": 8,
                    "Actual Startup Time": 716.299,
                    "Actual Total Time": 716.303,
                    "Actual Rows": 298603,
                    "Actual Loops": 2,
                    "Hash Buckets": 1048576,
                    "Original Hash Buckets": 1048576,
                    "Hash Batches": 1,
                    "Original Hash Batches": 1,
                    "Peak Memory Usage": 31584,
                    "Plans": [
                      {
                        "Node Type": "Hash Join",
                        "Parent Relationship": "Outer",
                        "Parallel Aware": true,
                        "Join Type": "Inner",
                        "Startup Cost": 64412.96,
                        "Total Cost": 107974.32,
                        "Plan Rows": 352242,
                        "Plan Width": 8,
                        "Actual Startup Time": 423.051,
                        "Actual Total Time": 640.399,
                        "Actual Rows": 298603,
                        "Actual Loops": 2,
                        "Inner Unique": true,
                        "Hash Cond": "(mc.movie_id = t.id)",
                        "Plans": [
                          {
                            "Node Type": "Seq Scan",
                            "Parent Relationship": "Outer",
                            "Parallel Aware": true,
                            "Relation Name": "movie_companies",
                            "Alias": "mc",
                            "Startup Cost": 0.0,
                            "Total Cost": 41811.73,
                            "Plan Rows": 666525,
                            "Plan Width": 4,
                            "Actual Startup Time": 51.855,
                            "Actual Total Time": 122.827,
                            "Actual Rows": 476288,
                            "Actual Loops": 2,
                            "Filter": "((company_id < 83991) AND (company_type_id = 2))",
                            "Rows Removed by Filter": 828276
                          },
                          {
                            "Node Type": "Hash",
                            "Parent Relationship": "Inner",
                            "Parallel Aware": true,
                            "Startup Cost": 54588.39,
                            "Total Cost": 54588.39,
                            "Plan Rows": 785966,
                            "Plan Width": 4,
                            "Actual Startup Time": 361.746,
                            "Actual Total Time": 361.747,
                            "Actual Rows": 674146,
                            "Actual Loops": 2,
                            "Hash Buckets": 2097152,
                            "Original Hash Buckets": 2097152,
                            "Hash Batches": 1,
                            "Original Hash Batches": 1,
                            "Peak Memory Usage": 69152,
                            "Plans": [
                              {
                                "Node Type": "Seq Scan",
                                "Parent Relationship": "Outer",
                                "Parallel Aware": true,
                                "Relation Name": "title",
                                "Alias": "t",
                                "Startup Cost": 0.0,
                                "Total Cost": 54588.39,
                                "Plan Rows": 785966,
                                "Plan Width": 4,
                                "Actual Startup Time": 0.037,
                                "Actual Total Time": 172.072,
                                "Actual Rows": 674146,
                                "Actual Loops": 2,
                                "Filter": "(production_year < 2005)",
                                "Rows Removed by Filter": 590010
                              }
                            ]
                          }
                        ]
                      }
                    ]
                  }
                ]
              }
            ]
          }
        ]
      }
    ]
  },
  "Planning Time": 0.99,
  "Triggers": [],
  "Execution Time": 1035.676
}