{
    "Plan": {
        "Node Type": "Aggregate",
        "Strategy": "Plain",
        "Partial Mode": "Simple",
        "Parallel Aware": false,
        "Startup Cost": 70020998871.34,
        "Total Cost": 70020998871.35,
        "Plan Rows": 1,
        "Plan Width": 96,
        "Actual Startup Time": 28624.36,
        "Actual Total Time": 28624.624,
        "Actual Rows": 1,
        "Actual Loops": 1,
        "Output": [
            "min(cn.name)",
            "min(mi_idx.info)",
            "min(t.title)"
        ],
        "Plans": [
            {
                "Node Type": "Nested Loop",
                "Parent Relationship": "Outer",
                "Parallel Aware": false,
                "Join Type": "Inner",
                "Startup Cost": 70020998093.67,
                "Total Cost": 70020998871.33,
                "Plan Rows": 1,
                "Plan Width": 41,
                "Actual Startup Time": 28434.253,
                "Actual Total Time": 28623.0,
                "Actual Rows": 5746,
                "Actual Loops": 1,
                "Output": [
                    "cn.name",
                    "mi_idx.info",
                    "t.title"
                ],
                "Inner Unique": true,
                "Plans": [
                    {
                        "Node Type": "Hash Join",
                        "Parent Relationship": "Outer",
                        "Parallel Aware": false,
                        "Join Type": "Inner",
                        "Startup Cost": 60020998093.52,
                        "Total Cost": 60020998863.15,
                        "Plan Rows": 1,
                        "Plan Width": 45,
                        "Actual Startup Time": 28434.218,
                        "Actual Total Time": 28579.404,
                        "Actual Rows": 11544,
                        "Actual Loops": 1,
                        "Output": [
                            "cn.name",
                            "mi.info_type_id",
                            "mi_idx.info",
                            "t.title"
                        ],
                        "Inner Unique": false,
                        "Hash Cond": "(t.id = mc.movie_id)",
                        "Plans": [
                            {
                                "Node Type": "Hash Join",
                                "Parent Relationship": "Outer",
                                "Parallel Aware": false,
                                "Join Type": "Inner",
                                "Startup Cost": 30020878969.55,
                                "Total Cost": 30020879739.17,
                                "Plan Rows": 2,
                                "Plan Width": 42,
                                "Actual Startup Time": 27364.657,
                                "Actual Total Time": 27505.912,
                                "Actual Rows": 17447,
                                "Actual Loops": 1,
                                "Output": [
                                    "mi_idx.info",
                                    "mi_idx.movie_id",
                                    "mi.movie_id",
                                    "mi.info_type_id",
                                    "mk.movie_id",
                                    "t.title",
                                    "t.id"
                                ],
                                "Inner Unique": false,
                                "Hash Cond": "(t.kind_id = kt.id)",
                                "Plans": [
                                    {
                                        "Node Type": "Hash Join",
                                        "Parent Relationship": "Outer",
                                        "Parallel Aware": false,
                                        "Join Type": "Inner",
                                        "Startup Cost": 20020878968.44,
                                        "Total Cost": 20020879738.01,
                                        "Plan Rows": 7,
                                        "Plan Width": 46,
                                        "Actual Startup Time": 27364.612,
                                        "Actual Total Time": 27502.98,
                                        "Actual Rows": 22822,
                                        "Actual Loops": 1,
                                        "Output": [
                                            "mi_idx.info",
                                            "mi_idx.movie_id",
                                            "mi.movie_id",
                                            "mi.info_type_id",
                                            "mk.movie_id",
                                            "t.title",
                                            "t.kind_id",
                                            "t.id"
                                        ],
                                        "Inner Unique": false,
                                        "Hash Cond": "(t.id = mi.movie_id)",
                                        "Plans": [
                                            {
                                                "Node Type": "Hash Join",
                                                "Parent Relationship": "Outer",
                                                "Parallel Aware": false,
                                                "Join Type": "Inner",
                                                "Startup Cost": 20020499152.41,
                                                "Total Cost": 20020499908.44,
                                                "Plan Rows": 2,
                                                "Plan Width": 38,
                                                "Actual Startup Time": 26239.404,
                                                "Actual Total Time": 26357.97,
                                                "Actual Rows": 14860,
                                                "Actual Loops": 1,
                                                "Output": [
                                                    "mi_idx.info",
                                                    "mi_idx.movie_id",
                                                    "mk.movie_id",
                                                    "t.title",
                                                    "t.kind_id",
                                                    "t.id"
                                                ],
                                                "Inner Unique": true,
                                                "Hash Cond": "(mk.movie_id = t.id)",
                                                "Plans": [
                                                    {
                                                        "Node Type": "Hash Join",
                                                        "Parent Relationship": "Outer",
                                                        "Parallel Aware": false,
                                                        "Join Type": "Inner",
                                                        "Startup Cost": 20020362929.63,
                                                        "Total Cost": 20020363685.66,
                                                        "Plan Rows": 3,
                                                        "Plan Width": 13,
                                                        "Actual Startup Time": 24617.367,
                                                        "Actual Total Time": 24710.546,
                                                        "Actual Rows": 31800,
                                                        "Actual Loops": 1,
                                                        "Output": [
                                                            "mi_idx.info",
                                                            "mi_idx.movie_id",
                                                            "mk.movie_id"
                                                        ],
                                                        "Inner Unique": false,
                                                        "Hash Cond": "(mi_idx.movie_id = mk.movie_id)",
                                                        "Plans": [
                                                            {
                                                                "Node Type": "Hash Join",
                                                                "Parent Relationship": "Outer",
                                                                "Parallel Aware": false,
                                                                "Join Type": "Inner",
                                                                "Startup Cost": 10000073820.48,
                                                                "Total Cost": 10000074502.4,
                                                                "Plan Rows": 11851,
                                                                "Plan Width": 9,
                                                                "Actual Startup Time": 439.352,
                                                                "Actual Total Time": 489.266,
                                                                "Actual Rows": 454230,
                                                                "Actual Loops": 1,
                                                                "Output": [
                                                                    "mi_idx.info",
                                                                    "mi_idx.movie_id"
                                                                ],
                                                                "Inner Unique": false,
                                                                "Hash Cond": "(it2.id = mi_idx.info_type_id)",
                                                                "Plans": [
                                                                    {
                                                                        "Node Type": "Seq Scan",
                                                                        "Parent Relationship": "Outer",
                                                                        "Parallel Aware": false,
                                                                        "Relation Name": "info_type",
                                                                        "Schema": "public",
                                                                        "Alias": "it2",
                                                                        "Startup Cost": 10000000000.0,
                                                                        "Total Cost": 10000000002.41,
                                                                        "Plan Rows": 1,
                                                                        "Plan Width": 4,
                                                                        "Actual Startup Time": 0.022,
                                                                        "Actual Total Time": 0.032,
                                                                        "Actual Rows": 1,
                                                                        "Actual Loops": 1,
                                                                        "Output": [
                                                                            "it2.id",
                                                                            "it2.info"
                                                                        ],
                                                                        "Filter": "((it2.info)::text = 'rating'::text)",
                                                                        "Rows Removed by Filter": 112
                                                                    },
                                                                    {
                                                                        "Node Type": "Hash",
                                                                        "Parent Relationship": "Inner",
                                                                        "Parallel Aware": false,
                                                                        "Startup Cost": 57080.9,
                                                                        "Total Cost": 57080.9,
                                                                        "Plan Rows": 1339166,
                                                                        "Plan Width": 13,
                                                                        "Actual Startup Time": 437.445,
                                                                        "Actual Total Time": 437.446,
                                                                        "Actual Rows": 1337634,
                                                                        "Actual Loops": 1,
                                                                        "Output": [
                                                                            "mi_idx.info",
                                                                            "mi_idx.movie_id",
                                                                            "mi_idx.info_type_id"
                                                                        ],
                                                                        "Hash Buckets": 2097152,
                                                                        "Original Hash Buckets": 2097152,
                                                                        "Hash Batches": 1,
                                                                        "Original Hash Batches": 1,
                                                                        "Peak Memory Usage": 77527,
                                                                        "Plans": [
                                                                            {
                                                                                "Node Type": "Index Scan",
                                                                                "Parent Relationship": "Outer",
                                                                                "Parallel Aware": false,
                                                                                "Scan Direction": "Forward",
                                                                                "Index Name": "movie_id_movie_info_idx",
                                                                                "Relation Name": "movie_info_idx",
                                                                                "Schema": "public",
                                                                                "Alias": "mi_idx",
                                                                                "Startup Cost": 0.43,
                                                                                "Total Cost": 57080.9,
                                                                                "Plan Rows": 1339166,
                                                                                "Plan Width": 13,
                                                                                "Actual Startup Time": 0.056,
                                                                                "Actual Total Time": 277.276,
                                                                                "Actual Rows": 1337634,
                                                                                "Actual Loops": 1,
                                                                                "Output": [
                                                                                    "mi_idx.info",
                                                                                    "mi_idx.movie_id",
                                                                                    "mi_idx.info_type_id"
                                                                                ],
                                                                                "Filter": "(mi_idx.info < '8.5'::text)",
                                                                                "Rows Removed by Filter": 42401
                                                                            }
                                                                        ]
                                                                    }
                                                                ]
                                                            },
                                                            {
                                                                "Node Type": "Hash",
                                                                "Parent Relationship": "Inner",
                                                                "Parallel Aware": false,
                                                                "Startup Cost": 10020289107.47,
                                                                "Total Cost": 10020289107.47,
                                                                "Plan Rows": 135,
                                                                "Plan Width": 4,
                                                                "Actual Startup Time": 24177.979,
                                                                "Actual Total Time": 24177.982,
                                                                "Actual Rows": 37091,
                                                                "Actual Loops": 1,
                                                                "Output": [
                                                                    "mk.movie_id"
                                                                ],
                                                                "Hash Buckets": 65536,
                                                                "Original Hash Buckets": 1024,
                                                                "Hash Batches": 1,
                                                                "Original Hash Batches": 1,
                                                                "Peak Memory Usage": 1816,
                                                                "Plans": [
                                                                    {
                                                                        "Node Type": "Nested Loop",
                                                                        "Parent Relationship": "Outer",
                                                                        "Parallel Aware": false,
                                                                        "Join Type": "Inner",
                                                                        "Startup Cost": 10000000000.86,
                                                                        "Total Cost": 10020289107.47,
                                                                        "Plan Rows": 135,
                                                                        "Plan Width": 4,
                                                                        "Actual Startup Time": 1.123,
                                                                        "Actual Total Time": 24158.548,
                                                                        "Actual Rows": 37091,
                                                                        "Actual Loops": 1,
                                                                        "Output": [
                                                                            "mk.movie_id"
                                                                        ],
                                                                        "Inner Unique": true,
                                                                        "Plans": [
                                                                            {
                                                                                "Node Type": "Index Scan",
                                                                                "Parent Relationship": "Outer",
                                                                                "Parallel Aware": false,
                                                                                "Scan Direction": "Forward",
                                                                                "Index Name": "movie_id_movie_keyword",
                                                                                "Relation Name": "movie_keyword",
                                                                                "Schema": "public",
                                                                                "Alias": "mk",
                                                                                "Startup Cost": 0.43,
                                                                                "Total Cost": 177177.46,
                                                                                "Plan Rows": 4523930,
                                                                                "Plan Width": 8,
                                                                                "Actual Startup Time": 0.025,
                                                                                "Actual Total Time": 1420.383,
                                                                                "Actual Rows": 4523930,
                                                                                "Actual Loops": 1,
                                                                                "Output": [
                                                                                    "mk.id",
                                                                                    "mk.movie_id",
                                                                                    "mk.keyword_id"
                                                                                ]
                                                                            },
                                                                            {
                                                                                "Node Type": "Bitmap Heap Scan",
                                                                                "Parent Relationship": "Inner",
                                                                                "Parallel Aware": false,
                                                                                "Relation Name": "keyword",
                                                                                "Schema": "public",
                                                                                "Alias": "k",
                                                                                "Startup Cost": 0.43,
                                                                                "Total Cost": 4.45,
                                                                                "Plan Rows": 1,
                                                                                "Plan Width": 4,
                                                                                "Actual Startup Time": 0.003,
                                                                                "Actual Total Time": 0.003,
                                                                                "Actual Rows": 0,
                                                                                "Actual Loops": 4523930,
                                                                                "Output": [
                                                                                    "k.id",
                                                                                    "k.keyword",
                                                                                    "k.phonetic_code"
                                                                                ],
                                                                                "Recheck Cond": "(k.id = mk.keyword_id)",
                                                                                "Rows Removed by Index Recheck": 0,
                                                                                "Filter": "(k.keyword = ANY ('{murder,murder-in-title,blood,violence}'::text[]))",
                                                                                "Rows Removed by Filter": 1,
                                                                                "Exact Heap Blocks": 4523930,
                                                                                "Lossy Heap Blocks": 0,
                                                                                "Plans": [
                                                                                    {
                                                                                        "Node Type": "Bitmap Index Scan",
                                                                                        "Parent Relationship": "Outer",
                                                                                        "Parallel Aware": false,
                                                                                        "Index Name": "keyword_pkey",
                                                                                        "Startup Cost": 0.0,
                                                                                        "Total Cost": 0.43,
                                                                                        "Plan Rows": 1,
                                                                                        "Plan Width": 0,
                                                                                        "Actual Startup Time": 0.002,
                                                                                        "Actual Total Time": 0.002,
                                                                                        "Actual Rows": 1,
                                                                                        "Actual Loops": 4523930,
                                                                                        "Index Cond": "(k.id = mk.keyword_id)"
                                                                                    }
                                                                                ]
                                                                            }
                                                                        ]
                                                                    }
                                                                ]
                                                            }
                                                        ]
                                                    },
                                                    {
                                                        "Node Type": "Hash",
                                                        "Parent Relationship": "Inner",
                                                        "Parallel Aware": false,
                                                        "Startup Cost": 116662.9,
                                                        "Total Cost": 116662.9,
                                                        "Plan Rows": 1564790,
                                                        "Plan Width": 25,
                                                        "Actual Startup Time": 1620.028,
                                                        "Actual Total Time": 1620.03,
                                                        "Actual Rows": 1570568,
                                                        "Actual Loops": 1,
                                                        "Output": [
                                                            "t.title",
                                                            "t.kind_id",
                                                            "t.id"
                                                        ],
                                                        "Hash Buckets": 2097152,
                                                        "Original Hash Buckets": 2097152,
                                                        "Hash Batches": 1,
                                                        "Original Hash Batches": 1,
                                                        "Peak Memory Usage": 106585,
                                                        "Plans": [
                                                            {
                                                                "Node Type": "Index Scan",
                                                                "Parent Relationship": "Outer",
                                                                "Parallel Aware": false,
                                                                "Scan Direction": "Forward",
                                                                "Index Name": "title_pkey",
                                                                "Relation Name": "title",
                                                                "Schema": "public",
                                                                "Alias": "t",
                                                                "Startup Cost": 0.43,
                                                                "Total Cost": 116662.9,
                                                                "Plan Rows": 1564790,
                                                                "Plan Width": 25,
                                                                "Actual Startup Time": 0.029,
                                                                "Actual Total Time": 1186.298,
                                                                "Actual Rows": 1570568,
                                                                "Actual Loops": 1,
                                                                "Output": [
                                                                    "t.title",
                                                                    "t.kind_id",
                                                                    "t.id"
                                                                ],
                                                                "Filter": "(t.production_year > 1996)",
                                                                "Rows Removed by Filter": 957744
                                                            }
                                                        ]
                                                    }
                                                ]
                                            },
                                            {
                                                "Node Type": "Hash",
                                                "Parent Relationship": "Inner",
                                                "Parallel Aware": false,
                                                "Startup Cost": 363102.13,
                                                "Total Cost": 363102.13,
                                                "Plan Rows": 1337112,
                                                "Plan Width": 8,
                                                "Actual Startup Time": 1123.038,
                                                "Actual Total Time": 1123.257,
                                                "Actual Rows": 1410461,
                                                "Actual Loops": 1,
                                                "Output": [
                                                    "mi.movie_id",
                                                    "mi.info_type_id"
                                                ],
                                                "Hash Buckets": 2097152,
                                                "Original Hash Buckets": 2097152,
                                                "Hash Batches": 1,
                                                "Original Hash Batches": 1,
                                                "Peak Memory Usage": 71481,
                                                "Plans": [
                                                    {
                                                        "Node Type": "Gather",
                                                        "Parent Relationship": "Outer",
                                                        "Parallel Aware": false,
                                                        "Startup Cost": 1000.0,
                                                        "Total Cost": 363102.13,
                                                        "Plan Rows": 1337112,
                                                        "Plan Width": 8,
                                                        "Actual Startup Time": 0.482,
                                                        "Actual Total Time": 844.841,
                                                        "Actual Rows": 1410461,
                                                        "Actual Loops": 1,
                                                        "Output": [
                                                            "mi.movie_id",
                                                            "mi.info_type_id"
                                                        ],
                                                        "Workers Planned": 5,
                                                        "Workers Launched": 5,
                                                        "Single Copy": false,
                                                        "Plans": [
                                                            {
                                                                "Node Type": "Seq Scan",
                                                                "Parent Relationship": "Outer",
                                                                "Parallel Aware": true,
                                                                "Relation Name": "movie_info",
                                                                "Schema": "public",
                                                                "Alias": "mi",
                                                                "Startup Cost": 0.0,
                                                                "Total Cost": 228390.93,
                                                                "Plan Rows": 267422,
                                                                "Plan Width": 8,
                                                                "Actual Startup Time": 0.114,
                                                                "Actual Total Time": 875.065,
                                                                "Actual Rows": 235077,
                                                                "Actual Loops": 6,
                                                                "Output": [
                                                                    "mi.movie_id",
                                                                    "mi.info_type_id"
                                                                ],
                                                                "Filter": "(mi.info = ANY ('{Swedish,American,America,Norway,English,Germany,USA,Danish,Norwegian,Denish}'::text[]))",
                                                                "Rows Removed by Filter": 2237543,
                                                                "Workers": [
                                                                    {
                                                                        "Worker Number": 0,
                                                                        "Actual Startup Time": 0.12,
                                                                        "Actual Total Time": 911.722,
                                                                        "Actual Rows": 279255,
                                                                        "Actual Loops": 1
                                                                    },
                                                                    {
                                                                        "Worker Number": 1,
                                                                        "Actual Startup Time": 0.155,
                                                                        "Actual Total Time": 914.377,
                                                                        "Actual Rows": 283617,
                                                                        "Actual Loops": 1
                                                                    },
                                                                    {
                                                                        "Worker Number": 2,
                                                                        "Actual Startup Time": 0.134,
                                                                        "Actual Total Time": 915.31,
                                                                        "Actual Rows": 286587,
                                                                        "Actual Loops": 1
                                                                    },
                                                                    {
                                                                        "Worker Number": 3,
                                                                        "Actual Startup Time": 0.124,
                                                                        "Actual Total Time": 914.221,
                                                                        "Actual Rows": 281486,
                                                                        "Actual Loops": 1
                                                                    },
                                                                    {
                                                                        "Worker Number": 4,
                                                                        "Actual Startup Time": 0.137,
                                                                        "Actual Total Time": 901.331,
                                                                        "Actual Rows": 263438,
                                                                        "Actual Loops": 1
                                                                    }
                                                                ]
                                                            }
                                                        ]
                                                    }
                                                ]
                                            }
                                        ]
                                    },
                                    {
                                        "Node Type": "Hash",
                                        "Parent Relationship": "Inner",
                                        "Parallel Aware": false,
                                        "Startup Cost": 10000000001.09,
                                        "Total Cost": 10000000001.09,
                                        "Plan Rows": 2,
                                        "Plan Width": 4,
                                        "Actual Startup Time": 0.025,
                                        "Actual Total Time": 0.026,
                                        "Actual Rows": 2,
                                        "Actual Loops": 1,
                                        "Output": [
                                            "kt.id"
                                        ],
                                        "Hash Buckets": 1024,
                                        "Original Hash Buckets": 1024,
                                        "Hash Batches": 1,
                                        "Original Hash Batches": 1,
                                        "Peak Memory Usage": 9,
                                        "Plans": [
                                            {
                                                "Node Type": "Seq Scan",
                                                "Parent Relationship": "Outer",
                                                "Parallel Aware": false,
                                                "Relation Name": "kind_type",
                                                "Schema": "public",
                                                "Alias": "kt",
                                                "Startup Cost": 10000000000.0,
                                                "Total Cost": 10000000001.09,
                                                "Plan Rows": 2,
                                                "Plan Width": 4,
                                                "Actual Startup Time": 0.021,
                                                "Actual Total Time": 0.023,
                                                "Actual Rows": 2,
                                                "Actual Loops": 1,
                                                "Output": [
                                                    "kt.id"
                                                ],
                                                "Filter": "((kt.kind)::text = ANY ('{movie,episode}'::text[]))",
                                                "Rows Removed by Filter": 5
                                            }
                                        ]
                                    }
                                ]
                            },
                            {
                                "Node Type": "Hash",
                                "Parent Relationship": "Inner",
                                "Parallel Aware": false,
                                "Startup Cost": 30000119071.72,
                                "Total Cost": 30000119071.72,
                                "Plan Rows": 4180,
                                "Plan Width": 27,
                                "Actual Startup Time": 1068.946,
                                "Actual Total Time": 1068.973,
                                "Actual Rows": 18744,
                                "Actual Loops": 1,
                                "Output": [
                                    "cc.movie_id",
                                    "mc.movie_id",
                                    "cn.name"
                                ],
                                "Hash Buckets": 32768,
                                "Original Hash Buckets": 8192,
                                "Hash Batches": 1,
                                "Original Hash Batches": 1,
                                "Peak Memory Usage": 1319,
                                "Plans": [
                                    {
                                        "Node Type": "Hash Join",
                                        "Parent Relationship": "Outer",
                                        "Parallel Aware": false,
                                        "Join Type": "Inner",
                                        "Startup Cost": 30000118922.37,
                                        "Total Cost": 30000119071.72,
                                        "Plan Rows": 4180,
                                        "Plan Width": 27,
                                        "Actual Startup Time": 1054.733,
                                        "Actual Total Time": 1064.987,
                                        "Actual Rows": 18744,
                                        "Actual Loops": 1,
                                        "Output": [
                                            "cc.movie_id",
                                            "mc.movie_id",
                                            "cn.name"
                                        ],
                                        "Inner Unique": true,
                                        "Hash Cond": "(mc.company_id = cn.id)",
                                        "Plans": [
                                            {
                                                "Node Type": "Merge Join",
                                                "Parent Relationship": "Outer",
                                                "Parallel Aware": false,
                                                "Join Type": "Inner",
                                                "Startup Cost": 20000104891.59,
                                                "Total Cost": 20000105020.49,
                                                "Plan Rows": 7789,
                                                "Plan Width": 12,
                                                "Actual Startup Time": 867.894,
                                                "Actual Total Time": 872.7,
                                                "Actual Rows": 20603,
                                                "Actual Loops": 1,
                                                "Output": [
                                                    "cc.movie_id",
                                                    "mc.movie_id",
                                                    "mc.company_id"
                                                ],
                                                "Inner Unique": false,
                                                "Merge Cond": "(ct.id = mc.company_type_id)",
                                                "Plans": [
                                                    {
                                                        "Node Type": "Index Scan",
                                                        "Parent Relationship": "Outer",
                                                        "Parallel Aware": false,
                                                        "Scan Direction": "Forward",
                                                        "Index Name": "company_type_pkey",
                                                        "Relation Name": "company_type",
                                                        "Schema": "public",
                                                        "Alias": "ct",
                                                        "Startup Cost": 10000000000.13,
                                                        "Total Cost": 10000000012.19,
                                                        "Plan Rows": 4,
                                                        "Plan Width": 4,
                                                        "Actual Startup Time": 0.016,
                                                        "Actual Total Time": 0.024,
                                                        "Actual Rows": 3,
                                                        "Actual Loops": 1,
                                                        "Output": [
                                                            "ct.id",
                                                            "ct.kind"
                                                        ]
                                                    },
                                                    {
                                                        "Node Type": "Sort",
                                                        "Parent Relationship": "Inner",
                                                        "Parallel Aware": false,
                                                        "Startup Cost": 10000104891.46,
                                                        "Total Cost": 10000104910.93,
                                                        "Plan Rows": 7789,
                                                        "Plan Width": 16,
                                                        "Actual Startup Time": 867.869,
                                                        "Actual Total Time": 869.047,
                                                        "Actual Rows": 20603,
                                                        "Actual Loops": 1,
                                                        "Output": [
                                                            "cc.movie_id",
                                                            "mc.movie_id",
                                                            "mc.company_type_id",
                                                            "mc.company_id"
                                                        ],
                                                        "Sort Key": [
                                                            "mc.company_type_id"
                                                        ],
                                                        "Sort Method": "quicksort",
                                                        "Sort Space Used": 1734,
                                                        "Sort Space Type": "Memory",
                                                        "Plans": [
                                                            {
                                                                "Node Type": "Hash Join",
                                                                "Parent Relationship": "Outer",
                                                                "Parallel Aware": false,
                                                                "Join Type": "Inner",
                                                                "Startup Cost": 10000005876.32,
                                                                "Total Cost": 10000104388.0,
                                                                "Plan Rows": 7789,
                                                                "Plan Width": 16,
                                                                "Actual Startup Time": 82.027,
                                                                "Actual Total Time": 863.386,
                                                                "Actual Rows": 20603,
                                                                "Actual Loops": 1,
                                                                "Output": [
                                                                    "cc.movie_id",
                                                                    "mc.movie_id",
                                                                    "mc.company_type_id",
                                                                    "mc.company_id"
                                                                ],
                                                                "Inner Unique": false,
                                                                "Hash Cond": "(mc.movie_id = cc.movie_id)",
                                                                "Plans": [
                                                                    {
                                                                        "Node Type": "Index Scan",
                                                                        "Parent Relationship": "Outer",
                                                                        "Parallel Aware": false,
                                                                        "Scan Direction": "Forward",
                                                                        "Index Name": "company_type_id_movie_companies",
                                                                        "Relation Name": "movie_companies",
                                                                        "Schema": "public",
                                                                        "Alias": "mc",
                                                                        "Startup Cost": 10000000000.43,
                                                                        "Total Cost": 10000097876.01,
                                                                        "Plan Rows": 148857,
                                                                        "Plan Width": 12,
                                                                        "Actual Startup Time": 0.022,
                                                                        "Actual Total Time": 726.602,
                                                                        "Actual Rows": 303271,
                                                                        "Actual Loops": 1,
                                                                        "Output": [
                                                                            "mc.id",
                                                                            "mc.movie_id",
                                                                            "mc.company_id",
                                                                            "mc.company_type_id",
                                                                            "mc.note"
                                                                        ],
                                                                        "Filter": "((mc.note !~~ '%(USA)%'::text) AND (mc.note ~~ '%(200%)%'::text))",
                                                                        "Rows Removed by Filter": 2305858
                                                                    },
                                                                    {
                                                                        "Node Type": "Hash",
                                                                        "Parent Relationship": "Inner",
                                                                        "Parallel Aware": false,
                                                                        "Startup Cost": 5559.28,
                                                                        "Total Cost": 5559.28,
                                                                        "Plan Rows": 25329,
                                                                        "Plan Width": 4,
                                                                        "Actual Startup Time": 81.611,
                                                                        "Actual Total Time": 81.626,
                                                                        "Actual Rows": 42432,
                                                                        "Actual Loops": 1,
                                                                        "Output": [
                                                                            "cc.movie_id"
                                                                        ],
                                                                        "Hash Buckets": 65536,
                                                                        "Original Hash Buckets": 32768,
                                                                        "Hash Batches": 1,
                                                                        "Original Hash Batches": 1,
                                                                        "Peak Memory Usage": 2004,
                                                                        "Plans": [
                                                                            {
                                                                                "Node Type": "Nested Loop",
                                                                                "Parent Relationship": "Outer",
                                                                                "Parallel Aware": false,
                                                                                "Join Type": "Inner",
                                                                                "Startup Cost": 3770.57,
                                                                                "Total Cost": 5559.28,
                                                                                "Plan Rows": 25329,
                                                                                "Plan Width": 4,
                                                                                "Actual Startup Time": 42.72,
                                                                                "Actual Total Time": 74.341,
                                                                                "Actual Rows": 42432,
                                                                                "Actual Loops": 1,
                                                                                "Output": [
                                                                                    "cc.movie_id"
                                                                                ],
                                                                                "Inner Unique": true,
                                                                                "Join Filter": "(cc.status_id = cct2.id)",
                                                                                "Rows Removed by Join Filter": 105003,
                                                                                "Plans": [
                                                                                    {
                                                                                        "Node Type": "Hash Join",
                                                                                        "Parent Relationship": "Outer",
                                                                                        "Parallel Aware": false,
                                                                                        "Join Type": "Inner",
                                                                                        "Startup Cost": 3770.44,
                                                                                        "Total Cost": 4217.3,
                                                                                        "Plan Rows": 33772,
                                                                                        "Plan Width": 8,
                                                                                        "Actual Startup Time": 42.7,
                                                                                        "Actual Total Time": 49.108,
                                                                                        "Actual Rows": 49145,
                                                                                        "Actual Loops": 1,
                                                                                        "Output": [
                                                                                            "cc.movie_id",
                                                                                            "cc.status_id"
                                                                                        ],
                                                                                        "Inner Unique": false,
                                                                                        "Hash Cond": "(cct1.id = cc.subject_id)",
                                                                                        "Plans": [
                                                                                            {
                                                                                                "Node Type": "Seq Scan",
                                                                                                "Parent Relationship": "Outer",
                                                                                                "Parallel Aware": false,
                                                                                                "Relation Name": "comp_cast_type",
                                                                                                "Schema": "public",
                                                                                                "Alias": "cct1",
                                                                                                "Startup Cost": 0.0,
                                                                                                "Total Cost": 1.05,
                                                                                                "Plan Rows": 1,
                                                                                                "Plan Width": 4,
                                                                                                "Actual Startup Time": 0.016,
                                                                                                "Actual Total Time": 0.02,
                                                                                                "Actual Rows": 1,
                                                                                                "Actual Loops": 1,
                                                                                                "Output": [
                                                                                                    "cct1.id",
                                                                                                    "cct1.kind"
                                                                                                ],
                                                                                                "Filter": "((cct1.kind)::text = 'crew'::text)",
                                                                                                "Rows Removed by Filter": 3
                                                                                            },
                                                                                            {
                                                                                                "Node Type": "Hash",
                                                                                                "Parent Relationship": "Inner",
                                                                                                "Parallel Aware": false,
                                                                                                "Startup Cost": 2081.86,
                                                                                                "Total Cost": 2081.86,
                                                                                                "Plan Rows": 135086,
                                                                                                "Plan Width": 12,
                                                                                                "Actual Startup Time": 41.954,
                                                                                                "Actual Total Time": 41.954,
                                                                                                "Actual Rows": 135086,
                                                                                                "Actual Loops": 1,
                                                                                                "Output": [
                                                                                                    "cc.movie_id",
                                                                                                    "cc.subject_id",
                                                                                                    "cc.status_id"
                                                                                                ],
                                                                                                "Hash Buckets": 262144,
                                                                                                "Original Hash Buckets": 262144,
                                                                                                "Hash Batches": 1,
                                                                                                "Original Hash Batches": 1,
                                                                                                "Peak Memory Usage": 7853,
                                                                                                "Plans": [
                                                                                                    {
                                                                                                        "Node Type": "Seq Scan",
                                                                                                        "Parent Relationship": "Outer",
                                                                                                        "Parallel Aware": false,
                                                                                                        "Relation Name": "complete_cast",
                                                                                                        "Schema": "public",
                                                                                                        "Alias": "cc",
                                                                                                        "Startup Cost": 0.0,
                                                                                                        "Total Cost": 2081.86,
                                                                                                        "Plan Rows": 135086,
                                                                                                        "Plan Width": 12,
                                                                                                        "Actual Startup Time": 0.016,
                                                                                                        "Actual Total Time": 19.835,
                                                                                                        "Actual Rows": 135086,
                                                                                                        "Actual Loops": 1,
                                                                                                        "Output": [
                                                                                                            "cc.movie_id",
                                                                                                            "cc.subject_id",
                                                                                                            "cc.status_id"
                                                                                                        ]
                                                                                                    }
                                                                                                ]
                                                                                            }
                                                                                        ]
                                                                                    },
                                                                                    {
                                                                                        "Node Type": "Materialize",
                                                                                        "Parent Relationship": "Inner",
                                                                                        "Parallel Aware": false,
                                                                                        "Startup Cost": 0.13,
                                                                                        "Total Cost": 12.22,
                                                                                        "Plan Rows": 3,
                                                                                        "Plan Width": 4,
                                                                                        "Actual Startup Time": 0.0,
                                                                                        "Actual Total Time": 0.0,
                                                                                        "Actual Rows": 3,
                                                                                        "Actual Loops": 49145,
                                                                                        "Output": [
                                                                                            "cct2.id"
                                                                                        ],
                                                                                        "Plans": [
                                                                                            {
                                                                                                "Node Type": "Index Scan",
                                                                                                "Parent Relationship": "Outer",
                                                                                                "Parallel Aware": false,
                                                                                                "Scan Direction": "Forward",
                                                                                                "Index Name": "comp_cast_type_pkey",
                                                                                                "Relation Name": "comp_cast_type",
                                                                                                "Schema": "public",
                                                                                                "Alias": "cct2",
                                                                                                "Startup Cost": 0.13,
                                                                                                "Total Cost": 12.2,
                                                                                                "Plan Rows": 3,
                                                                                                "Plan Width": 4,
                                                                                                "Actual Startup Time": 0.01,
                                                                                                "Actual Total Time": 0.018,
                                                                                                "Actual Rows": 3,
                                                                                                "Actual Loops": 1,
                                                                                                "Output": [
                                                                                                    "cct2.id"
                                                                                                ],
                                                                                                "Filter": "((cct2.kind)::text <> 'complete+verified'::text)",
                                                                                                "Rows Removed by Filter": 1
                                                                                            }
                                                                                        ]
                                                                                    }
                                                                                ]
                                                                            }
                                                                        ]
                                                                    }
                                                                ]
                                                            }
                                                        ]
                                                    }
                                                ]
                                            },
                                            {
                                                "Node Type": "Hash",
                                                "Parent Relationship": "Inner",
                                                "Parallel Aware": false,
                                                "Startup Cost": 10000012454.44,
                                                "Total Cost": 10000012454.44,
                                                "Plan Rows": 126107,
                                                "Plan Width": 23,
                                                "Actual Startup Time": 186.698,
                                                "Actual Total Time": 186.699,
                                                "Actual Rows": 126230,
                                                "Actual Loops": 1,
                                                "Output": [
                                                    "cn.name",
                                                    "cn.id"
                                                ],
                                                "Hash Buckets": 131072,
                                                "Original Hash Buckets": 131072,
                                                "Hash Batches": 1,
                                                "Original Hash Batches": 1,
                                                "Peak Memory Usage": 7968,
                                                "Plans": [
                                                    {
                                                        "Node Type": "Index Scan",
                                                        "Parent Relationship": "Outer",
                                                        "Parallel Aware": false,
                                                        "Scan Direction": "Forward",
                                                        "Index Name": "company_name_pkey",
                                                        "Relation Name": "company_name",
                                                        "Schema": "public",
                                                        "Alias": "cn",
                                                        "Startup Cost": 10000000000.42,
                                                        "Total Cost": 10000012454.44,
                                                        "Plan Rows": 126107,
                                                        "Plan Width": 23,
                                                        "Actual Startup Time": 0.04,
                                                        "Actual Total Time": 151.617,
                                                        "Actual Rows": 126230,
                                                        "Actual Loops": 1,
                                                        "Output": [
                                                            "cn.name",
                                                            "cn.id"
                                                        ],
                                                        "Filter": "((cn.country_code)::text <> '[us]'::text)",
                                                        "Rows Removed by Filter": 108767
                                                    }
                                                ]
                                            }
                                        ]
                                    }
                                ]
                            }
                        ]
                    },
                    {
                        "Node Type": "Bitmap Heap Scan",
                        "Parent Relationship": "Inner",
                        "Parallel Aware": false,
                        "Relation Name": "info_type",
                        "Schema": "public",
                        "Alias": "it1",
                        "Startup Cost": 0.15,
                        "Total Cost": 4.17,
                        "Plan Rows": 1,
                        "Plan Width": 4,
                        "Actual Startup Time": 0.002,
                        "Actual Total Time": 0.002,
                        "Actual Rows": 0,
                        "Actual Loops": 11544,
                        "Output": [
                            "it1.id",
                            "it1.info"
                        ],
                        "Recheck Cond": "(it1.id = mi.info_type_id)",
                        "Rows Removed by Index Recheck": 0,
                        "Filter": "((it1.info)::text = 'countries'::text)",
                        "Rows Removed by Filter": 1,
                        "Exact Heap Blocks": 11544,
                        "Lossy Heap Blocks": 0,
                        "Plans": [
                            {
                                "Node Type": "Bitmap Index Scan",
                                "Parent Relationship": "Outer",
                                "Parallel Aware": false,
                                "Index Name": "info_type_pkey",
                                "Startup Cost": 0.0,
                                "Total Cost": 0.15,
                                "Plan Rows": 1,
                                "Plan Width": 0,
                                "Actual Startup Time": 0.001,
                                "Actual Total Time": 0.001,
                                "Actual Rows": 1,
                                "Actual Loops": 11544,
                                "Index Cond": "(it1.id = mi.info_type_id)"
                            }
                        ]
                    }
                ]
            }
        ]
    },
    "Planning Time": 159.937,
    "Triggers": [],
    "Execution Time": 28628.591
}