[
    {
        "Bao": {
            "Bao prediction": "NaN",
            "Bao recommended hint": "(no hint)"
        }
    },
    {
        "Plan": {
            "Node Type": "Aggregate",
            "Strategy": "Plain",
            "Partial Mode": "Finalize",
            "Parallel Aware": false,
            "Startup Cost": 33416.4,
            "Total Cost": 33416.41,
            "Plan Rows": 1,
            "Plan Width": 8,
            "Actual Startup Time": 98.01,
            "Actual Total Time": 103.921,
            "Actual Rows": 1,
            "Actual Loops": 1,
            "Output": [
                "count(*)"
            ],
            "Plans": [
                {
                    "Node Type": "Gather",
                    "Parent Relationship": "Outer",
                    "Parallel Aware": false,
                    "Startup Cost": 33416.09,
                    "Total Cost": 33416.4,
                    "Plan Rows": 3,
                    "Plan Width": 8,
                    "Actual Startup Time": 97.876,
                    "Actual Total Time": 103.912,
                    "Actual Rows": 4,
                    "Actual Loops": 1,
                    "Output": [
                        "(PARTIAL count(*))"
                    ],
                    "Workers Planned": 3,
                    "Workers Launched": 3,
                    "Single Copy": false,
                    "Plans": [
                        {
                            "Node Type": "Aggregate",
                            "Strategy": "Plain",
                            "Partial Mode": "Partial",
                            "Parent Relationship": "Outer",
                            "Parallel Aware": false,
                            "Startup Cost": 32416.09,
                            "Total Cost": 32416.1,
                            "Plan Rows": 1,
                            "Plan Width": 8,
                            "Actual Startup Time": 89.376,
                            "Actual Total Time": 89.377,
                            "Actual Rows": 1,
                            "Actual Loops": 4,
                            "Output": [
                                "PARTIAL count(*)"
                            ],
                            "Workers": [
                                {
                                    "Worker Number": 0,
                                    "Actual Startup Time": 86.287,
                                    "Actual Total Time": 86.288,
                                    "Actual Rows": 1,
                                    "Actual Loops": 1
                                },
                                {
                                    "Worker Number": 1,
                                    "Actual Startup Time": 86.882,
                                    "Actual Total Time": 86.883,
                                    "Actual Rows": 1,
                                    "Actual Loops": 1
                                },
                                {
                                    "Worker Number": 2,
                                    "Actual Startup Time": 87.115,
                                    "Actual Total Time": 87.117,
                                    "Actual Rows": 1,
                                    "Actual Loops": 1
                                }
                            ],
                            "Plans": [
                                {
                                    "Node Type": "Seq Scan",
                                    "Parent Relationship": "Outer",
                                    "Parallel Aware": true,
                                    "Relation Name": "movie_companies",
                                    "Schema": "public",
                                    "Alias": "mc",
                                    "Startup Cost": 0.0,
                                    "Total Cost": 31414.82,
                                    "Plan Rows": 400507,
                                    "Plan Width": 0,
                                    "Actual Startup Time": 0.059,
                                    "Actual Total Time": 73.592,
                                    "Actual Rows": 302278,
                                    "Actual Loops": 4,
                                    "Output": [
                                        "id",
                                        "movie_id",
                                        "company_id",
                                        "company_type_id",
                                        "note"
                                    ],
                                    "Filter": "((mc.company_id > 12) AND (mc.company_type_id = 1))",
                                    "Rows Removed by Filter": 350004,
                                    "Workers": [
                                        {
                                            "Worker Number": 0,
                                            "Actual Startup Time": 0.064,
                                            "Actual Total Time": 71.947,
                                            "Actual Rows": 255049,
                                            "Actual Loops": 1
                                        },
                                        {
                                            "Worker Number": 1,
                                            "Actual Startup Time": 0.063,
                                            "Actual Total Time": 72.516,
                                            "Actual Rows": 243163,
                                            "Actual Loops": 1
                                        },
                                        {
                                            "Worker Number": 2,
                                            "Actual Startup Time": 0.072,
                                            "Actual Total Time": 72.638,
                                            "Actual Rows": 248271,
                                            "Actual Loops": 1
                                        }
                                    ]
                                }
                            ]
                        }
                    ]
                }
            ]
        },
        "Planning Time": 222.956,
        "Triggers": [],
        "Execution Time": 103.997
    }
]