{
  "Plan": {
    "Node Type": "Aggregate",
    "Strategy": "Plain",
    "Partial Mode": "Finalize",
    "Parallel Aware": false,
    "Startup Cost": 78976.94,
    "Total Cost": 78976.95,
    "Plan Rows": 1,
    "Plan Width": 8,
    "Actual Startup Time": 247.331,
    "Actual Total Time": 258.937,
    "Actual Rows": 1,
    "Actual Loops": 1,
    "Plans": [
      {
        "Node Type": "Gather",
        "Parent Relationship": "Outer",
        "Parallel Aware": false,
        "Startup Cost": 78976.83,
        "Total Cost": 78976.94,
        "Plan Rows": 1,
        "Plan Width": 8,
        "Actual Startup Time": 247.053,
        "Actual Total Time": 258.93,
        "Actual Rows": 2,
        "Actual Loops": 1,
        "Workers Planned": 1,
        "Workers Launched": 1,
        "Single Copy": false,
        "Plans": [
          {
            "Node Type": "Aggregate",
            "Strategy": "Plain",
            "Partial Mode": "Partial",
            "Parent Relationship": "Outer",
            "Parallel Aware": false,
            "Startup Cost": 77976.83,
            "Total Cost": 77976.84,
            "Plan Rows": 1,
            "Plan Width": 8,
            "Actual Startup Time": 241.302,
            "Actual Total Time": 241.305,
            "Actual Rows": 1,
            "Actual Loops": 2,
            "Plans": [
              {
                "Node Type": "Hash Join",
                "Parent Relationship": "Outer",
                "Parallel Aware": true,
                "Join Type": "Inner",
                "Startup Cost": 58463.93,
                "Total Cost": 77965.38,
                "Plan Rows": 4579,
                "Plan Width": 0,
                "Actual Startup Time": 150.997,
                "Actual Total Time": 240.954,
                "Actual Rows": 6999,
                "Actual Loops": 2,
                "Inner Unique": true,
                "Hash Cond": "(mi_idx.movie_id = t.id)",
                "Plans": [
                  {
                    "Node Type": "Seq Scan",
                    "Parent Relationship": "Outer",
                    "Parallel Aware": true,
                    "Relation Name": "movie_info_idx",
                    "Alias": "mi_idx",
                    "Startup Cost": 0.0,
                    "Total Cost": 18082.32,
                    "Plan Rows": 540622,
                    "Plan Width": 4,
                    "Actual Startup Time": 0.02,
                    "Actual Total Time": 58.123,
                    "Actual Rows": 459925,
                    "Actual Loops": 2,
                    "Filter": "(info_type_id < 101)",
                    "Rows Removed by Filter": 230092
                  },
                  {
                    "Node Type": "Hash",
                    "Parent Relationship": "Inner",
                    "Parallel Aware": true,
                    "Startup Cost": 58306.47,
                    "Total Cost": 58306.47,
                    "Plan Rows": 12597,
                    "Plan Width": 4,
                    "Actual Startup Time": 149.487,
                    "Actual Total Time": 149.488,
                    "Actual Rows": 7896,
                    "Actual Loops": 2,
                    "Hash Buckets": 32768,
                    "Original Hash Buckets": 32768,
                    "Hash Batches": 1,
                    "Original Hash Batches": 1,
                    "Peak Memory Usage": 896,
                    "Plans": [
                      {
                        "Node Type": "Seq Scan",
                        "Parent Relationship": "Outer",
                        "Parallel Aware": true,
                        "Relation Name": "title",
                        "Alias": "t",
                        "Startup Cost": 0.0,
                        "Total Cost": 58306.47,
                        "Plan Rows": 12597,
                        "Plan Width": 4,
                        "Actual Startup Time": 0.362,
                        "Actual Total Time": 146.523,
                        "Actual Rows": 7896,
                        "Actual Loops": 2,
                        "Filter": "((kind_id < 7) AND (production_year = 1999))",
                        "Rows Removed by Filter": 1256260
                      }
                    ]
                  }
                ]
              }
            ]
          }
        ]
      }
    ]
  },
  "Planning Time": 0.45,
  "Triggers": [],
  "Execution Time": 259.012
}