{
  "Plan": {
    "Node Type": "Aggregate",
    "Strategy": "Plain",
    "Partial Mode": "Finalize",
    "Parallel Aware": false,
    "Startup Cost": 102425.24,
    "Total Cost": 102425.25,
    "Plan Rows": 1,
    "Plan Width": 8,
    "Actual Startup Time": 460.555,
    "Actual Total Time": 484.415,
    "Actual Rows": 1,
    "Actual Loops": 1,
    "Plans": [
      {
        "Node Type": "Gather",
        "Parent Relationship": "Outer",
        "Parallel Aware": false,
        "Startup Cost": 102425.13,
        "Total Cost": 102425.24,
        "Plan Rows": 1,
        "Plan Width": 8,
        "Actual Startup Time": 460.207,
        "Actual Total Time": 484.406,
        "Actual Rows": 2,
        "Actual Loops": 1,
        "Workers Planned": 1,
        "Workers Launched": 1,
        "Single Copy": false,
        "Plans": [
          {
            "Node Type": "Aggregate",
            "Strategy": "Plain",
            "Partial Mode": "Partial",
            "Parent Relationship": "Outer",
            "Parallel Aware": false,
            "Startup Cost": 101425.13,
            "Total Cost": 101425.14,
            "Plan Rows": 1,
            "Plan Width": 8,
            "Actual Startup Time": 454.189,
            "Actual Total Time": 454.193,
            "Actual Rows": 1,
            "Actual Loops": 2,
            "Plans": [
              {
                "Node Type": "Nested Loop",
                "Parent Relationship": "Outer",
                "Parallel Aware": false,
                "Join Type": "Inner",
                "Startup Cost": 38864.89,
                "Total Cost": 101147.45,
                "Plan Rows": 111071,
                "Plan Width": 0,
                "Actual Startup Time": 74.846,
                "Actual Total Time": 436.182,
                "Actual Rows": 415240,
                "Actual Loops": 2,
                "Inner Unique": false,
                "Join Filter": "(t.id = mi.movie_id)",
                "Rows Removed by Join Filter": 0,
                "Plans": [
                  {
                    "Node Type": "Hash Join",
                    "Parent Relationship": "Outer",
                    "Parallel Aware": true,
                    "Join Type": "Inner",
                    "Startup Cost": 38864.45,
                    "Total Cost": 57048.24,
                    "Plan Rows": 18995,
                    "Plan Width": 8,
                    "Actual Startup Time": 74.781,
                    "Actual Total Time": 185.054,
                    "Actual Rows": 38949,
                    "Actual Loops": 2,
                    "Inner Unique": true,
                    "Hash Cond": "(mi_idx.movie_id = t.id)",
                    "Plans": [
                      {
                        "Node Type": "Seq Scan",
                        "Parent Relationship": "Outer",
                        "Parallel Aware": true,
                        "Relation Name": "movie_info_idx",
                        "Alias": "mi_idx",
                        "Startup Cost": 0.0,
                        "Total Cost": 16052.85,
                        "Plan Rows": 811785,
                        "Plan Width": 4,
                        "Actual Startup Time": 0.017,
                        "Actual Total Time": 46.12,
                        "Actual Rows": 690018,
                        "Actual Loops": 2
                      },
                      {
                        "Node Type": "Hash",
                        "Parent Relationship": "Inner",
                        "Parallel Aware": true,
                        "Startup Cost": 38429.45,
                        "Total Cost": 38429.45,
                        "Plan Rows": 34800,
                        "Plan Width": 4,
                        "Actual Startup Time": 73.458,
                        "Actual Total Time": 73.46,
                        "Actual Rows": 30472,
                        "Actual Loops": 2,
                        "Hash Buckets": 65536,
                        "Original Hash Buckets": 65536,
                        "Hash Batches": 1,
                        "Original Hash Batches": 1,
                        "Peak Memory Usage": 2912,
                        "Plans": [
                          {
                            "Node Type": "Bitmap Heap Scan",
                            "Parent Relationship": "Outer",
                            "Parallel Aware": true,
                            "Relation Name": "title",
                            "Alias": "t",
                            "Startup Cost": 1631.33,
                            "Total Cost": 38429.45,
                            "Plan Rows": 34800,
                            "Plan Width": 4,
                            "Actual Startup Time": 23.159,
                            "Actual Total Time": 67.078,
                            "Actual Rows": 30472,
                            "Actual Loops": 2,
                            "Recheck Cond": "(kind_id = 2)",
                            "Rows Removed by Index Recheck": 0,
                            "Filter": "(production_year > 1994)",
                            "Rows Removed by Filter": 14954,
                            "Exact Heap Blocks": 20011,
                            "Lossy Heap Blocks": 0,
                            "Plans": [
                              {
                                "Node Type": "Bitmap Index Scan",
                                "Parent Relationship": "Outer",
                                "Parallel Aware": false,
                                "Index Name": "kind_id_title",
                                "Startup Cost": 0.0,
                                "Total Cost": 1616.54,
                                "Plan Rows": 90681,
                                "Plan Width": 0,
                                "Actual Startup Time": 20.42,
                                "Actual Total Time": 20.42,
                                "Actual Rows": 90852,
                                "Actual Loops": 1,
                                "Index Cond": "(kind_id = 2)"
                              }
                            ]
                          }
                        ]
                      }
                    ]
                  },
                  {
                    "Node Type": "Index Only Scan",
                    "Parent Relationship": "Inner",
                    "Parallel Aware": false,
                    "Scan Direction": "Forward",
                    "Index Name": "movie_id_movie_info",
                    "Relation Name": "movie_info",
                    "Alias": "mi",
                    "Startup Cost": 0.43,
                    "Total Cost": 1.8,
                    "Plan Rows": 42,
                    "Plan Width": 4,
                    "Actual Startup Time": 0.002,
                    "Actual Total Time": 0.005,
                    "Actual Rows": 11,
                    "Actual Loops": 77898,
                    "Index Cond": "(movie_id = mi_idx.movie_id)",
                    "Rows Removed by Index Recheck": 0,
                    "Heap Fetches": 830481
                  }
                ]
              }
            ]
          }
        ]
      }
    ]
  },
  "Planning Time": 0.831,
  "Triggers": [],
  "Execution Time": 484.509
}