{
  "Plan": {
    "Node Type": "Aggregate",
    "Strategy": "Plain",
    "Partial Mode": "Finalize",
    "Parallel Aware": false,
    "Startup Cost": 61714.27,
    "Total Cost": 61714.28,
    "Plan Rows": 1,
    "Plan Width": 8,
    "Actual Startup Time": 89.387,
    "Actual Total Time": 99.347,
    "Actual Rows": 1,
    "Actual Loops": 1,
    "Plans": [
      {
        "Node Type": "Gather",
        "Parent Relationship": "Outer",
        "Parallel Aware": false,
        "Startup Cost": 61714.16,
        "Total Cost": 61714.27,
        "Plan Rows": 1,
        "Plan Width": 8,
        "Actual Startup Time": 89.224,
        "Actual Total Time": 99.339,
        "Actual Rows": 2,
        "Actual Loops": 1,
        "Workers Planned": 1,
        "Workers Launched": 1,
        "Single Copy": false,
        "Plans": [
          {
            "Node Type": "Aggregate",
            "Strategy": "Plain",
            "Partial Mode": "Partial",
            "Parent Relationship": "Outer",
            "Parallel Aware": false,
            "Startup Cost": 60714.16,
            "Total Cost": 60714.17,
            "Plan Rows": 1,
            "Plan Width": 8,
            "Actual Startup Time": 82.832,
            "Actual Total Time": 82.834,
            "Actual Rows": 1,
            "Actual Loops": 2,
            "Plans": [
              {
                "Node Type": "Nested Loop",
                "Parent Relationship": "Outer",
                "Parallel Aware": false,
                "Join Type": "Inner",
                "Startup Cost": 2182.4,
                "Total Cost": 60710.63,
                "Plan Rows": 1409,
                "Plan Width": 0,
                "Actual Startup Time": 16.056,
                "Actual Total Time": 82.296,
                "Actual Rows": 6546,
                "Actual Loops": 2,
                "Inner Unique": false,
                "Plans": [
                  {
                    "Node Type": "Bitmap Heap Scan",
                    "Parent Relationship": "Outer",
                    "Parallel Aware": true,
                    "Relation Name": "title",
                    "Alias": "t",
                    "Startup Cost": 2181.97,
                    "Total Cost": 39258.21,
                    "Plan Rows": 2427,
                    "Plan Width": 4,
                    "Actual Startup Time": 15.842,
                    "Actual Total Time": 49.629,
                    "Actual Rows": 3864,
                    "Actual Loops": 2,
                    "Recheck Cond": "(kind_id = 4)",
                    "Rows Removed by Index Recheck": 0,
                    "Filter": "(production_year = 2004)",
                    "Rows Removed by Filter": 55254,
                    "Exact Heap Blocks": 9374,
                    "Lossy Heap Blocks": 0,
                    "Plans": [
                      {
                        "Node Type": "Bitmap Index Scan",
                        "Parent Relationship": "Outer",
                        "Parallel Aware": false,
                        "Index Name": "kind_id_title",
                        "Startup Cost": 0.0,
                        "Total Cost": 2180.94,
                        "Plan Rows": 122201,
                        "Plan Width": 0,
                        "Actual Startup Time": 16.935,
                        "Actual Total Time": 16.936,
                        "Actual Rows": 118234,
                        "Actual Loops": 1,
                        "Index Cond": "(kind_id = 4)"
                      }
                    ]
                  },
                  {
                    "Node Type": "Index Scan",
                    "Parent Relationship": "Inner",
                    "Parallel Aware": false,
                    "Scan Direction": "Forward",
                    "Index Name": "movie_id_movie_keyword",
                    "Relation Name": "movie_keyword",
                    "Alias": "mk",
                    "Startup Cost": 0.43,
                    "Total Cost": 8.69,
                    "Plan Rows": 15,
                    "Plan Width": 4,
                    "Actual Startup Time": 0.007,
                    "Actual Total Time": 0.008,
                    "Actual Rows": 2,
                    "Actual Loops": 7727,
                    "Index Cond": "(movie_id = t.id)",
                    "Rows Removed by Index Recheck": 0,
                    "Filter": "(keyword_id > 11136)",
                    "Rows Removed by Filter": 2
                  }
                ]
              }
            ]
          }
        ]
      }
    ]
  },
  "Planning Time": 0.557,
  "Triggers": [],
  "Execution Time": 99.453
}