[
  {
    "Plan": {
      "Node Type": "Aggregate",
      "Strategy": "Plain",
      "Partial Mode": "Finalize",
      "Parallel Aware": false,
      "Startup Cost": 61038.6,
      "Total Cost": 61038.61,
      "Plan Rows": 1,
      "Plan Width": 8,
      "Actual Startup Time": 78.093,
      "Actual Total Time": 85.243,
      "Actual Rows": 1,
      "Actual Loops": 1,
      "Plans": [
        {
          "Node Type": "Gather",
          "Parent Relationship": "Outer",
          "Parallel Aware": false,
          "Startup Cost": 61038.18,
          "Total Cost": 61038.59,
          "Plan Rows": 4,
          "Plan Width": 8,
          "Actual Startup Time": 77.639,
          "Actual Total Time": 85.237,
          "Actual Rows": 5,
          "Actual Loops": 1,
          "Workers Planned": 4,
          "Workers Launched": 4,
          "Single Copy": false,
          "Plans": [
            {
              "Node Type": "Aggregate",
              "Strategy": "Plain",
              "Partial Mode": "Partial",
              "Parent Relationship": "Outer",
              "Parallel Aware": false,
              "Startup Cost": 60038.18,
              "Total Cost": 60038.19,
              "Plan Rows": 1,
              "Plan Width": 8,
              "Actual Startup Time": 67.618,
              "Actual Total Time": 67.62,
              "Actual Rows": 1,
              "Actual Loops": 5,
              "Plans": [
                {
                  "Node Type": "Nested Loop",
                  "Parent Relationship": "Outer",
                  "Parallel Aware": false,
                  "Join Type": "Inner",
                  "Startup Cost": 1617.11,
                  "Total Cost": 60036.16,
                  "Plan Rows": 808,
                  "Plan Width": 0,
                  "Actual Startup Time": 21.454,
                  "Actual Total Time": 67.483,
                  "Actual Rows": 931,
                  "Actual Loops": 5,
                  "Inner Unique": false,
                  "Plans": [
                    {
                      "Node Type": "Bitmap Heap Scan",
                      "Parent Relationship": "Outer",
                      "Parallel Aware": true,
                      "Relation Name": "title",
                      "Alias": "t",
                      "Startup Cost": 1616.68,
                      "Total Cost": 37954.73,
                      "Plan Rows": 138,
                      "Plan Width": 4,
                      "Actual Startup Time": 21.232,
                      "Actual Total Time": 60.904,
                      "Actual Rows": 111,
                      "Actual Loops": 5,
                      "Recheck Cond": "(kind_id = 2)",
                      "Rows Removed by Index Recheck": 0,
                      "Filter": "(production_year = 1971)",
                      "Rows Removed by Filter": 18059,
                      "Exact Heap Blocks": 14582,
                      "Lossy Heap Blocks": 0,
                      "Plans": [
                        {
                          "Node Type": "Bitmap Index Scan",
                          "Parent Relationship": "Outer",
                          "Parallel Aware": false,
                          "Index Name": "kind_id_title",
                          "Startup Cost": 0.0,
                          "Total Cost": 1616.54,
                          "Plan Rows": 90681,
                          "Plan Width": 0,
                          "Actual Startup Time": 20.85,
                          "Actual Total Time": 20.85,
                          "Actual Rows": 90852,
                          "Actual Loops": 1,
                          "Index Cond": "(kind_id = 2)"
                        }
                      ]
                    },
                    {
                      "Node Type": "Index Only Scan",
                      "Parent Relationship": "Inner",
                      "Parallel Aware": false,
                      "Scan Direction": "Forward",
                      "Index Name": "movie_id_movie_info",
                      "Relation Name": "movie_info",
                      "Alias": "mi",
                      "Startup Cost": 0.43,
                      "Total Cost": 159.59,
                      "Plan Rows": 42,
                      "Plan Width": 4,
                      "Actual Startup Time": 0.023,
                      "Actual Total Time": 0.057,
                      "Actual Rows": 8,
                      "Actual Loops": 556,
                      "Index Cond": "(movie_id = t.id)",
                      "Rows Removed by Index Recheck": 0,
                      "Heap Fetches": 4656
                    }
                  ]
                }
              ]
            }
          ]
        }
      ]
    },
    "Planning Time": 0.644,
    "Triggers": [],
    "Execution Time": 85.328
  }
]