[
  {
    "Plan": {
      "Node Type": "Aggregate",
      "Strategy": "Plain",
      "Partial Mode": "Finalize",
      "Parallel Aware": false,
      "Startup Cost": 118546.68,
      "Total Cost": 118546.69,
      "Plan Rows": 1,
      "Plan Width": 8,
      "Actual Startup Time": 295.956,
      "Actual Total Time": 319.995,
      "Actual Rows": 1,
      "Actual Loops": 1,
      "Plans": [
        {
          "Node Type": "Gather",
          "Parent Relationship": "Outer",
          "Parallel Aware": false,
          "Startup Cost": 118546.15,
          "Total Cost": 118546.66,
          "Plan Rows": 5,
          "Plan Width": 8,
          "Actual Startup Time": 294.464,
          "Actual Total Time": 319.981,
          "Actual Rows": 6,
          "Actual Loops": 1,
          "Workers Planned": 5,
          "Workers Launched": 5,
          "Single Copy": false,
          "Plans": [
            {
              "Node Type": "Aggregate",
              "Strategy": "Plain",
              "Partial Mode": "Partial",
              "Parent Relationship": "Outer",
              "Parallel Aware": false,
              "Startup Cost": 117546.15,
              "Total Cost": 117546.16,
              "Plan Rows": 1,
              "Plan Width": 8,
              "Actual Startup Time": 287.845,
              "Actual Total Time": 287.849,
              "Actual Rows": 1,
              "Actual Loops": 6,
              "Plans": [
                {
                  "Node Type": "Hash Join",
                  "Parent Relationship": "Outer",
                  "Parallel Aware": true,
                  "Join Type": "Inner",
                  "Startup Cost": 44470.26,
                  "Total Cost": 117449.68,
                  "Plan Rows": 38591,
                  "Plan Width": 0,
                  "Actual Startup Time": 96.949,
                  "Actual Total Time": 286.178,
                  "Actual Rows": 29246,
                  "Actual Loops": 6,
                  "Inner Unique": true,
                  "Hash Cond": "(ci.movie_id = t.id)",
                  "Plans": [
                    {
                      "Node Type": "Index Scan",
                      "Parent Relationship": "Outer",
                      "Parallel Aware": true,
                      "Scan Direction": "Forward",
                      "Index Name": "role_id_cast_info",
                      "Relation Name": "cast_info",
                      "Alias": "ci",
                      "Startup Cost": 0.56,
                      "Total Cost": 71576.68,
                      "Plan Rows": 534592,
                      "Plan Width": 4,
                      "Actual Startup Time": 0.281,
                      "Actual Total Time": 103.073,
                      "Actual Rows": 454824,
                      "Actual Loops": 6,
                      "Index Cond": "(role_id = 4)",
                      "Rows Removed by Index Recheck": 0
                    },
                    {
                      "Node Type": "Hash",
                      "Parent Relationship": "Inner",
                      "Parallel Aware": true,
                      "Startup Cost": 43899.32,
                      "Total Cost": 43899.32,
                      "Plan Rows": 45630,
                      "Plan Width": 4,
                      "Actual Startup Time": 94.734,
                      "Actual Total Time": 94.735,
                      "Actual Rows": 32498,
                      "Actual Loops": 6,
                      "Hash Buckets": 262144,
                      "Original Hash Buckets": 262144,
                      "Hash Batches": 1,
                      "Original Hash Batches": 1,
                      "Peak Memory Usage": 9760,
                      "Plans": [
                        {
                          "Node Type": "Seq Scan",
                          "Parent Relationship": "Outer",
                          "Parallel Aware": true,
                          "Relation Name": "title",
                          "Alias": "t",
                          "Startup Cost": 0.0,
                          "Total Cost": 43899.32,
                          "Plan Rows": 45630,
                          "Plan Width": 4,
                          "Actual Startup Time": 0.064,
                          "Actual Total Time": 79.538,
                          "Actual Rows": 32498,
                          "Actual Loops": 6,
                          "Filter": "(production_year < 1955)",
                          "Rows Removed by Filter": 388887
                        }
                      ]
                    }
                  ]
                }
              ]
            }
          ]
        }
      ]
    },
    "Planning Time": 0.522,
    "Triggers": [],
    "Execution Time": 320.063
  }
]