[
  {
    "Plan": {
      "Node Type": "Aggregate",
      "Strategy": "Plain",
      "Partial Mode": "Finalize",
      "Parallel Aware": false,
      "Startup Cost": 450079.72,
      "Total Cost": 450079.73,
      "Plan Rows": 1,
      "Plan Width": 8,
      "Actual Startup Time": 1812.0,
      "Actual Total Time": 1872.714,
      "Actual Rows": 1,
      "Actual Loops": 1,
      "Plans": [
        {
          "Node Type": "Gather",
          "Parent Relationship": "Outer",
          "Parallel Aware": false,
          "Startup Cost": 450079.1,
          "Total Cost": 450079.71,
          "Plan Rows": 6,
          "Plan Width": 8,
          "Actual Startup Time": 1787.382,
          "Actual Total Time": 1872.704,
          "Actual Rows": 7,
          "Actual Loops": 1,
          "Workers Planned": 6,
          "Workers Launched": 6,
          "Single Copy": false,
          "Plans": [
            {
              "Node Type": "Aggregate",
              "Strategy": "Plain",
              "Partial Mode": "Partial",
              "Parent Relationship": "Outer",
              "Parallel Aware": false,
              "Startup Cost": 449079.1,
              "Total Cost": 449079.11,
              "Plan Rows": 1,
              "Plan Width": 8,
              "Actual Startup Time": 1775.941,
              "Actual Total Time": 1775.949,
              "Actual Rows": 1,
              "Actual Loops": 7,
              "Plans": [
                {
                  "Node Type": "Hash Join",
                  "Parent Relationship": "Outer",
                  "Parallel Aware": true,
                  "Join Type": "Inner",
                  "Startup Cost": 97297.99,
                  "Total Cost": 447779.45,
                  "Plan Rows": 519859,
                  "Plan Width": 0,
                  "Actual Startup Time": 811.199,
                  "Actual Total Time": 1686.961,
                  "Actual Rows": 1735689,
                  "Actual Loops": 7,
                  "Inner Unique": false,
                  "Hash Cond": "(ci.movie_id = t.id)",
                  "Plans": [
                    {
                      "Node Type": "Seq Scan",
                      "Parent Relationship": "Outer",
                      "Parallel Aware": true,
                      "Relation Name": "cast_info",
                      "Alias": "ci",
                      "Startup Cost": 0.0,
                      "Total Cost": 343316.27,
                      "Plan Rows": 1463528,
                      "Plan Width": 4,
                      "Actual Startup Time": 350.45,
                      "Actual Total Time": 697.27,
                      "Actual Rows": 1644470,
                      "Actual Loops": 7,
                      "Filter": "((person_id > 1641431) AND (role_id > 2))",
                      "Rows Removed by Filter": 3533294
                    },
                    {
                      "Node Type": "Hash",
                      "Parent Relationship": "Inner",
                      "Parallel Aware": true,
                      "Startup Cost": 93676.54,
                      "Total Cost": 93676.54,
                      "Plan Rows": 289716,
                      "Plan Width": 8,
                      "Actual Startup Time": 457.413,
                      "Actual Total Time": 457.418,
                      "Actual Rows": 129330,
                      "Actual Loops": 7,
                      "Hash Buckets": 1048576,
                      "Original Hash Buckets": 1048576,
                      "Hash Batches": 1,
                      "Original Hash Batches": 1,
                      "Peak Memory Usage": 43744,
                      "Plans": [
                        {
                          "Node Type": "Hash Join",
                          "Parent Relationship": "Outer",
                          "Parallel Aware": true,
                          "Join Type": "Inner",
                          "Startup Cost": 50220.38,
                          "Total Cost": 93676.54,
                          "Plan Rows": 289716,
                          "Plan Width": 8,
                          "Actual Startup Time": 280.44,
                          "Actual Total Time": 399.713,
                          "Actual Rows": 129330,
                          "Actual Loops": 7,
                          "Inner Unique": true,
                          "Hash Cond": "(mk.movie_id = t.id)",
                          "Plans": [
                            {
                              "Node Type": "Seq Scan",
                              "Parent Relationship": "Outer",
                              "Parallel Aware": true,
                              "Relation Name": "movie_keyword",
                              "Alias": "mk",
                              "Startup Cost": 0.0,
                              "Total Cost": 42695.65,
                              "Plan Rows": 289716,
                              "Plan Width": 4,
                              "Actual Startup Time": 0.04,
                              "Actual Total Time": 69.469,
                              "Actual Rows": 129330,
                              "Actual Loops": 7,
                              "Filter": "(keyword_id < 862)",
                              "Rows Removed by Filter": 516946
                            },
                            {
                              "Node Type": "Hash",
                              "Parent Relationship": "Inner",
                              "Parallel Aware": true,
                              "Startup Cost": 42319.06,
                              "Total Cost": 42319.06,
                              "Plan Rows": 632106,
                              "Plan Width": 4,
                              "Actual Startup Time": 275.634,
                              "Actual Total Time": 275.636,
                              "Actual Rows": 361187,
                              "Actual Loops": 7,
                              "Hash Buckets": 4194304,
                              "Original Hash Buckets": 4194304,
                              "Hash Batches": 1,
                              "Original Hash Batches": 1,
                              "Peak Memory Usage": 131744,
                              "Plans": [
                                {
                                  "Node Type": "Seq Scan",
                                  "Parent Relationship": "Outer",
                                  "Parallel Aware": true,
                                  "Relation Name": "title",
                                  "Alias": "t",
                                  "Startup Cost": 0.0,
                                  "Total Cost": 42319.06,
                                  "Plan Rows": 632106,
                                  "Plan Width": 4,
                                  "Actual Startup Time": 0.057,
                                  "Actual Total Time": 78.392,
                                  "Actual Rows": 361187,
                                  "Actual Loops": 7
                                }
                              ]
                            }
                          ]
                        }
                      ]
                    }
                  ]
                }
              ]
            }
          ]
        }
      ]
    },
    "Planning Time": 1.262,
    "Triggers": [],
    "Execution Time": 1872.809
  }
]