{
  "Plan": {
    "Node Type": "Aggregate",
    "Strategy": "Plain",
    "Partial Mode": "Finalize",
    "Parallel Aware": false,
    "Startup Cost": 348059.45,
    "Total Cost": 348059.46,
    "Plan Rows": 1,
    "Plan Width": 8,
    "Actual Startup Time": 1734.749,
    "Actual Total Time": 1773.076,
    "Actual Rows": 1,
    "Actual Loops": 1,
    "Plans": [
      {
        "Node Type": "Gather",
        "Parent Relationship": "Outer",
        "Parallel Aware": false,
        "Startup Cost": 348059.33,
        "Total Cost": 348059.44,
        "Plan Rows": 1,
        "Plan Width": 8,
        "Actual Startup Time": 1733.138,
        "Actual Total Time": 1773.068,
        "Actual Rows": 2,
        "Actual Loops": 1,
        "Workers Planned": 1,
        "Workers Launched": 1,
        "Single Copy": false,
        "Plans": [
          {
            "Node Type": "Aggregate",
            "Strategy": "Plain",
            "Partial Mode": "Partial",
            "Parent Relationship": "Outer",
            "Parallel Aware": false,
            "Startup Cost": 347059.33,
            "Total Cost": 347059.34,
            "Plan Rows": 1,
            "Plan Width": 8,
            "Actual Startup Time": 1728.048,
            "Actual Total Time": 1728.051,
            "Actual Rows": 1,
            "Actual Loops": 2,
            "Plans": [
              {
                "Node Type": "Hash Join",
                "Parent Relationship": "Outer",
                "Parallel Aware": true,
                "Join Type": "Inner",
                "Startup Cost": 62762.29,
                "Total Cost": 344531.7,
                "Plan Rows": 1011054,
                "Plan Width": 0,
                "Actual Startup Time": 231.383,
                "Actual Total Time": 1645.83,
                "Actual Rows": 2101004,
                "Actual Loops": 2,
                "Inner Unique": true,
                "Hash Cond": "(mi.movie_id = t.id)",
                "Plans": [
                  {
                    "Node Type": "Seq Scan",
                    "Parent Relationship": "Outer",
                    "Parallel Aware": true,
                    "Relation Name": "movie_info",
                    "Alias": "mi",
                    "Startup Cost": 0.0,
                    "Total Cost": 270696.42,
                    "Plan Rows": 4218272,
                    "Plan Width": 4,
                    "Actual Startup Time": 0.01,
                    "Actual Total Time": 664.745,
                    "Actual Rows": 3643432,
                    "Actual Loops": 2,
                    "Filter": "(info_type_id < 8)",
                    "Rows Removed by Filter": 3774428
                  },
                  {
                    "Node Type": "Hash",
                    "Parent Relationship": "Inner",
                    "Parallel Aware": true,
                    "Startup Cost": 58306.47,
                    "Total Cost": 58306.47,
                    "Plan Rows": 356466,
                    "Plan Width": 4,
                    "Actual Startup Time": 224.152,
                    "Actual Total Time": 224.153,
                    "Actual Rows": 337845,
                    "Actual Loops": 2,
                    "Hash Buckets": 1048576,
                    "Original Hash Buckets": 1048576,
                    "Hash Batches": 1,
                    "Original Hash Batches": 1,
                    "Peak Memory Usage": 34656,
                    "Plans": [
                      {
                        "Node Type": "Seq Scan",
                        "Parent Relationship": "Outer",
                        "Parallel Aware": true,
                        "Relation Name": "title",
                        "Alias": "t",
                        "Startup Cost": 0.0,
                        "Total Cost": 58306.47,
                        "Plan Rows": 356466,
                        "Plan Width": 4,
                        "Actual Startup Time": 0.017,
                        "Actual Total Time": 144.905,
                        "Actual Rows": 337845,
                        "Actual Loops": 2,
                        "Filter": "((kind_id < 7) AND (production_year < 2007))",
                        "Rows Removed by Filter": 926311
                      }
                    ]
                  }
                ]
              }
            ]
          }
        ]
      }
    ]
  },
  "Planning Time": 0.219,
  "Triggers": [],
  "Execution Time": 1773.122
}