[
  {
    "Plan": {
      "Node Type": "Aggregate",
      "Strategy": "Plain",
      "Partial Mode": "Finalize",
      "Parallel Aware": false,
      "Startup Cost": 92142.58,
      "Total Cost": 92142.59,
      "Plan Rows": 1,
      "Plan Width": 8,
      "Actual Startup Time": 254.139,
      "Actual Total Time": 270.447,
      "Actual Rows": 1,
      "Actual Loops": 1,
      "Plans": [
        {
          "Node Type": "Gather",
          "Parent Relationship": "Outer",
          "Parallel Aware": false,
          "Startup Cost": 92142.26,
          "Total Cost": 92142.57,
          "Plan Rows": 3,
          "Plan Width": 8,
          "Actual Startup Time": 253.81,
          "Actual Total Time": 270.434,
          "Actual Rows": 4,
          "Actual Loops": 1,
          "Workers Planned": 3,
          "Workers Launched": 3,
          "Single Copy": false,
          "Plans": [
            {
              "Node Type": "Aggregate",
              "Strategy": "Plain",
              "Partial Mode": "Partial",
              "Parent Relationship": "Outer",
              "Parallel Aware": false,
              "Startup Cost": 91142.26,
              "Total Cost": 91142.27,
              "Plan Rows": 1,
              "Plan Width": 8,
              "Actual Startup Time": 248.609,
              "Actual Total Time": 248.613,
              "Actual Rows": 1,
              "Actual Loops": 4,
              "Plans": [
                {
                  "Node Type": "Hash Join",
                  "Parent Relationship": "Outer",
                  "Parallel Aware": true,
                  "Join Type": "Inner",
                  "Startup Cost": 45632.09,
                  "Total Cost": 91091.46,
                  "Plan Rows": 20320,
                  "Plan Width": 0,
                  "Actual Startup Time": 92.088,
                  "Actual Total Time": 247.327,
                  "Actual Rows": 28428,
                  "Actual Loops": 4,
                  "Inner Unique": true,
                  "Hash Cond": "(mk.movie_id = t.id)",
                  "Plans": [
                    {
                      "Node Type": "Seq Scan",
                      "Parent Relationship": "Outer",
                      "Parallel Aware": true,
                      "Relation Name": "movie_keyword",
                      "Alias": "mk",
                      "Startup Cost": 0.0,
                      "Total Cost": 42695.65,
                      "Plan Rows": 1052846,
                      "Plan Width": 4,
                      "Actual Startup Time": 0.025,
                      "Actual Total Time": 103.056,
                      "Actual Rows": 815669,
                      "Actual Loops": 4,
                      "Filter": "(keyword_id < 14214)",
                      "Rows Removed by Filter": 315313
                    },
                    {
                      "Node Type": "Hash",
                      "Parent Relationship": "Inner",
                      "Parallel Aware": true,
                      "Startup Cost": 45479.59,
                      "Total Cost": 45479.59,
                      "Plan Rows": 12200,
                      "Plan Width": 4,
                      "Actual Startup Time": 91.153,
                      "Actual Total Time": 91.154,
                      "Actual Rows": 9688,
                      "Actual Loops": 4,
                      "Hash Buckets": 65536,
                      "Original Hash Buckets": 65536,
                      "Hash Batches": 1,
                      "Original Hash Batches": 1,
                      "Peak Memory Usage": 2080,
                      "Plans": [
                        {
                          "Node Type": "Seq Scan",
                          "Parent Relationship": "Outer",
                          "Parallel Aware": true,
                          "Relation Name": "title",
                          "Alias": "t",
                          "Startup Cost": 0.0,
                          "Total Cost": 45479.59,
                          "Plan Rows": 12200,
                          "Plan Width": 4,
                          "Actual Startup Time": 0.151,
                          "Actual Total Time": 87.345,
                          "Actual Rows": 9688,
                          "Actual Loops": 4,
                          "Filter": "((kind_id < 7) AND (production_year = 2008))",
                          "Rows Removed by Filter": 622390
                        }
                      ]
                    }
                  ]
                }
              ]
            }
          ]
        }
      ]
    },
    "Planning Time": 0.467,
    "Triggers": [],
    "Execution Time": 270.498
  }
]