{
    "Plan": {
        "Node Type": "Aggregate",
        "Strategy": "Plain",
        "Partial Mode": "Finalize",
        "Parallel Aware": false,
        "Startup Cost": 336006.71,
        "Total Cost": 336006.72,
        "Plan Rows": 1,
        "Plan Width": 8,
        "Actual Startup Time": 1558.945,
        "Actual Total Time": 1602.502,
        "Actual Rows": 1,
        "Actual Loops": 1,
        "Output": [
            "count(*)"
        ],
        "Plans": [
            {
                "Node Type": "Gather",
                "Parent Relationship": "Outer",
                "Parallel Aware": false,
                "Startup Cost": 336006.19,
                "Total Cost": 336006.7,
                "Plan Rows": 5,
                "Plan Width": 8,
                "Actual Startup Time": 1542.14,
                "Actual Total Time": 1602.49,
                "Actual Rows": 6,
                "Actual Loops": 1,
                "Output": [
                    "(PARTIAL count(*))"
                ],
                "Workers Planned": 5,
                "Workers Launched": 5,
                "Single Copy": false,
                "Plans": [
                    {
                        "Node Type": "Aggregate",
                        "Strategy": "Plain",
                        "Partial Mode": "Partial",
                        "Parent Relationship": "Outer",
                        "Parallel Aware": false,
                        "Startup Cost": 335006.19,
                        "Total Cost": 335006.2,
                        "Plan Rows": 1,
                        "Plan Width": 8,
                        "Actual Startup Time": 1531.869,
                        "Actual Total Time": 1532.342,
                        "Actual Rows": 1,
                        "Actual Loops": 6,
                        "Output": [
                            "PARTIAL count(*)"
                        ],
                        "Workers": [
                            {
                                "Worker Number": 0,
                                "Actual Startup Time": 1529.009,
                                "Actual Total Time": 1529.016,
                                "Actual Rows": 1,
                                "Actual Loops": 1
                            },
                            {
                                "Worker Number": 1,
                                "Actual Startup Time": 1530.91,
                                "Actual Total Time": 1530.916,
                                "Actual Rows": 1,
                                "Actual Loops": 1
                            },
                            {
                                "Worker Number": 2,
                                "Actual Startup Time": 1529.487,
                                "Actual Total Time": 1529.492,
                                "Actual Rows": 1,
                                "Actual Loops": 1
                            },
                            {
                                "Worker Number": 3,
                                "Actual Startup Time": 1529.809,
                                "Actual Total Time": 1529.814,
                                "Actual Rows": 1,
                                "Actual Loops": 1
                            },
                            {
                                "Worker Number": 4,
                                "Actual Startup Time": 1530.262,
                                "Actual Total Time": 1530.268,
                                "Actual Rows": 1,
                                "Actual Loops": 1
                            }
                        ],
                        "Plans": [
                            {
                                "Node Type": "Hash Join",
                                "Parent Relationship": "Outer",
                                "Parallel Aware": true,
                                "Join Type": "Inner",
                                "Startup Cost": 126671.31,
                                "Total Cost": 332881.54,
                                "Plan Rows": 849859,
                                "Plan Width": 0,
                                "Actual Startup Time": 712.063,
                                "Actual Total Time": 1482.981,
                                "Actual Rows": 1122939,
                                "Actual Loops": 6,
                                "Inner Unique": false,
                                "Hash Cond": "(mi.movie_id = t.id)",
                                "Workers": [
                                    {
                                        "Worker Number": 0,
                                        "Actual Startup Time": 709.474,
                                        "Actual Total Time": 1473.651,
                                        "Actual Rows": 844050,
                                        "Actual Loops": 1
                                    },
                                    {
                                        "Worker Number": 1,
                                        "Actual Startup Time": 709.641,
                                        "Actual Total Time": 1484.364,
                                        "Actual Rows": 1104298,
                                        "Actual Loops": 1
                                    },
                                    {
                                        "Worker Number": 2,
                                        "Actual Startup Time": 709.948,
                                        "Actual Total Time": 1481.412,
                                        "Actual Rows": 1189192,
                                        "Actual Loops": 1
                                    },
                                    {
                                        "Worker Number": 3,
                                        "Actual Startup Time": 710.313,
                                        "Actual Total Time": 1480.794,
                                        "Actual Rows": 1221347,
                                        "Actual Loops": 1
                                    },
                                    {
                                        "Worker Number": 4,
                                        "Actual Startup Time": 710.792,
                                        "Actual Total Time": 1483.273,
                                        "Actual Rows": 1114956,
                                        "Actual Loops": 1
                                    }
                                ],
                                "Plans": [
                                    {
                                        "Node Type": "Seq Scan",
                                        "Parent Relationship": "Outer",
                                        "Parallel Aware": true,
                                        "Relation Name": "movie_info",
                                        "Schema": "public",
                                        "Alias": "mi",
                                        "Startup Cost": 0.0,
                                        "Total Cost": 198880.74,
                                        "Plan Rows": 1501273,
                                        "Plan Width": 4,
                                        "Actual Startup Time": 16.925,
                                        "Actual Total Time": 330.426,
                                        "Actual Rows": 1258142,
                                        "Actual Loops": 6,
                                        "Output": [
                                            "mi.id",
                                            "mi.movie_id",
                                            "mi.info_type_id",
                                            "mi.info",
                                            "mi.note"
                                        ],
                                        "Filter": "(mi.info_type_id > 7)",
                                        "Rows Removed by Filter": 1214478,
                                        "Workers": [
                                            {
                                                "Worker Number": 0,
                                                "Actual Startup Time": 16.875,
                                                "Actual Total Time": 352.22,
                                                "Actual Rows": 955553,
                                                "Actual Loops": 1
                                            },
                                            {
                                                "Worker Number": 1,
                                                "Actual Startup Time": 16.948,
                                                "Actual Total Time": 336.581,
                                                "Actual Rows": 1228006,
                                                "Actual Loops": 1
                                            },
                                            {
                                                "Worker Number": 2,
                                                "Actual Startup Time": 16.962,
                                                "Actual Total Time": 333.367,
                                                "Actual Rows": 1341796,
                                                "Actual Loops": 1
                                            },
                                            {
                                                "Worker Number": 3,
                                                "Actual Startup Time": 16.862,
                                                "Actual Total Time": 334.33,
                                                "Actual Rows": 1365955,
                                                "Actual Loops": 1
                                            },
                                            {
                                                "Worker Number": 4,
                                                "Actual Startup Time": 16.943,
                                                "Actual Total Time": 337.2,
                                                "Actual Rows": 1243272,
                                                "Actual Loops": 1
                                            }
                                        ]
                                    },
                                    {
                                        "Node Type": "Hash",
                                        "Parent Relationship": "Inner",
                                        "Parallel Aware": true,
                                        "Startup Cost": 123093.14,
                                        "Total Cost": 123093.14,
                                        "Plan Rows": 286253,
                                        "Plan Width": 8,
                                        "Actual Startup Time": 692.004,
                                        "Actual Total Time": 692.474,
                                        "Actual Rows": 262775,
                                        "Actual Loops": 6,
                                        "Output": [
                                            "t.id",
                                            "ci.movie_id"
                                        ],
                                        "Hash Buckets": 2097152,
                                        "Original Hash Buckets": 2097152,
                                        "Hash Batches": 1,
                                        "Original Hash Batches": 1,
                                        "Peak Memory Usage": 78176,
                                        "Workers": [
                                            {
                                                "Worker Number": 0,
                                                "Actual Startup Time": 692.061,
                                                "Actual Total Time": 692.065,
                                                "Actual Rows": 217717,
                                                "Actual Loops": 1
                                            },
                                            {
                                                "Worker Number": 1,
                                                "Actual Startup Time": 692.25,
                                                "Actual Total Time": 692.254,
                                                "Actual Rows": 252943,
                                                "Actual Loops": 1
                                            },
                                            {
                                                "Worker Number": 2,
                                                "Actual Startup Time": 692.575,
                                                "Actual Total Time": 692.579,
                                                "Actual Rows": 284111,
                                                "Actual Loops": 1
                                            },
                                            {
                                                "Worker Number": 3,
                                                "Actual Startup Time": 692.812,
                                                "Actual Total Time": 692.816,
                                                "Actual Rows": 289988,
                                                "Actual Loops": 1
                                            },
                                            {
                                                "Worker Number": 4,
                                                "Actual Startup Time": 693.347,
                                                "Actual Total Time": 693.352,
                                                "Actual Rows": 253406,
                                                "Actual Loops": 1
                                            }
                                        ],
                                        "Plans": [
                                            {
                                                "Node Type": "Hash Join",
                                                "Parent Relationship": "Outer",
                                                "Parallel Aware": true,
                                                "Join Type": "Inner",
                                                "Startup Cost": 50220.37,
                                                "Total Cost": 123093.14,
                                                "Plan Rows": 286253,
                                                "Plan Width": 8,
                                                "Actual Startup Time": 294.076,
                                                "Actual Total Time": 571.449,
                                                "Actual Rows": 262775,
                                                "Actual Loops": 6,
                                                "Output": [
                                                    "t.id",
                                                    "ci.movie_id"
                                                ],
                                                "Inner Unique": true,
                                                "Hash Cond": "(ci.movie_id = t.id)",
                                                "Workers": [
                                                    {
                                                        "Worker Number": 0,
                                                        "Actual Startup Time": 293.995,
                                                        "Actual Total Time": 573.366,
                                                        "Actual Rows": 217717,
                                                        "Actual Loops": 1
                                                    },
                                                    {
                                                        "Worker Number": 1,
                                                        "Actual Startup Time": 294.103,
                                                        "Actual Total Time": 571.845,
                                                        "Actual Rows": 252943,
                                                        "Actual Loops": 1
                                                    },
                                                    {
                                                        "Worker Number": 2,
                                                        "Actual Startup Time": 293.961,
                                                        "Actual Total Time": 570.947,
                                                        "Actual Rows": 284111,
                                                        "Actual Loops": 1
                                                    },
                                                    {
                                                        "Worker Number": 3,
                                                        "Actual Startup Time": 293.964,
                                                        "Actual Total Time": 571.03,
                                                        "Actual Rows": 289988,
                                                        "Actual Loops": 1
                                                    },
                                                    {
                                                        "Worker Number": 4,
                                                        "Actual Startup Time": 294.098,
                                                        "Actual Total Time": 571.887,
                                                        "Actual Rows": 253406,
                                                        "Actual Loops": 1
                                                    }
                                                ],
                                                "Plans": [
                                                    {
                                                        "Node Type": "Index Scan",
                                                        "Parent Relationship": "Outer",
                                                        "Parallel Aware": true,
                                                        "Scan Direction": "Forward",
                                                        "Index Name": "role_id_cast_info",
                                                        "Relation Name": "cast_info",
                                                        "Schema": "public",
                                                        "Alias": "ci",
                                                        "Startup Cost": 0.56,
                                                        "Total Cost": 72121.93,
                                                        "Plan Rows": 286253,
                                                        "Plan Width": 4,
                                                        "Actual Startup Time": 0.229,
                                                        "Actual Total Time": 118.911,
                                                        "Actual Rows": 262775,
                                                        "Actual Loops": 6,
                                                        "Output": [
                                                            "ci.id",
                                                            "ci.person_id",
                                                            "ci.movie_id",
                                                            "ci.person_role_id",
                                                            "ci.note",
                                                            "ci.nr_order",
                                                            "ci.role_id"
                                                        ],
                                                        "Index Cond": "(ci.role_id = 4)",
                                                        "Rows Removed by Index Recheck": 0,
                                                        "Filter": "(ci.person_id > 1640187)",
                                                        "Rows Removed by Filter": 192049,
                                                        "Workers": [
                                                            {
                                                                "Worker Number": 0,
                                                                "Actual Startup Time": 0.092,
                                                                "Actual Total Time": 129.149,
                                                                "Actual Rows": 217717,
                                                                "Actual Loops": 1
                                                            },
                                                            {
                                                                "Worker Number": 1,
                                                                "Actual Startup Time": 0.323,
                                                                "Actual Total Time": 118.977,
                                                                "Actual Rows": 252943,
                                                                "Actual Loops": 1
                                                            },
                                                            {
                                                                "Worker Number": 2,
                                                                "Actual Startup Time": 0.211,
                                                                "Actual Total Time": 120.956,
                                                                "Actual Rows": 284111,
                                                                "Actual Loops": 1
                                                            },
                                                            {
                                                                "Worker Number": 3,
                                                                "Actual Startup Time": 0.117,
                                                                "Actual Total Time": 122.082,
                                                                "Actual Rows": 289988,
                                                                "Actual Loops": 1
                                                            },
                                                            {
                                                                "Worker Number": 4,
                                                                "Actual Startup Time": 0.271,
                                                                "Actual Total Time": 121.215,
                                                                "Actual Rows": 253406,
                                                                "Actual Loops": 1
                                                            }
                                                        ]
                                                    },
                                                    {
                                                        "Node Type": "Hash",
                                                        "Parent Relationship": "Inner",
                                                        "Parallel Aware": true,
                                                        "Startup Cost": 42318.81,
                                                        "Total Cost": 42318.81,
                                                        "Plan Rows": 632080,
                                                        "Plan Width": 4,
                                                        "Actual Startup Time": 289.347,
                                                        "Actual Total Time": 289.349,
                                                        "Actual Rows": 421385,
                                                        "Actual Loops": 6,
                                                        "Output": [
                                                            "t.id"
                                                        ],
                                                        "Hash Buckets": 4194304,
                                                        "Original Hash Buckets": 4194304,
                                                        "Hash Batches": 1,
                                                        "Original Hash Batches": 1,
                                                        "Peak Memory Usage": 131776,
                                                        "Workers": [
                                                            {
                                                                "Worker Number": 0,
                                                                "Actual Startup Time": 293.59,
                                                                "Actual Total Time": 293.591,
                                                                "Actual Rows": 311610,
                                                                "Actual Loops": 1
                                                            },
                                                            {
                                                                "Worker Number": 1,
                                                                "Actual Startup Time": 293.679,
                                                                "Actual Total Time": 293.681,
                                                                "Actual Rows": 398945,
                                                                "Actual Loops": 1
                                                            },
                                                            {
                                                                "Worker Number": 2,
                                                                "Actual Startup Time": 293.647,
                                                                "Actual Total Time": 293.648,
                                                                "Actual Rows": 432970,
                                                                "Actual Loops": 1
                                                            },
                                                            {
                                                                "Worker Number": 3,
                                                                "Actual Startup Time": 293.794,
                                                                "Actual Total Time": 293.795,
                                                                "Actual Rows": 450053,
                                                                "Actual Loops": 1
                                                            },
                                                            {
                                                                "Worker Number": 4,
                                                                "Actual Startup Time": 293.743,
                                                                "Actual Total Time": 293.744,
                                                                "Actual Rows": 409050,
                                                                "Actual Loops": 1
                                                            }
                                                        ],
                                                        "Plans": [
                                                            {
                                                                "Node Type": "Seq Scan",
                                                                "Parent Relationship": "Outer",
                                                                "Parallel Aware": true,
                                                                "Relation Name": "title",
                                                                "Schema": "public",
                                                                "Alias": "t",
                                                                "Startup Cost": 0.0,
                                                                "Total Cost": 42318.81,
                                                                "Plan Rows": 632080,
                                                                "Plan Width": 4,
                                                                "Actual Startup Time": 0.067,
                                                                "Actual Total Time": 81.228,
                                                                "Actual Rows": 421385,
                                                                "Actual Loops": 6,
                                                                "Output": [
                                                                    "t.id"
                                                                ],
                                                                "Workers": [
                                                                    {
                                                                        "Worker Number": 0,
                                                                        "Actual Startup Time": 0.083,
                                                                        "Actual Total Time": 88.479,
                                                                        "Actual Rows": 311610,
                                                                        "Actual Loops": 1
                                                                    },
                                                                    {
                                                                        "Worker Number": 1,
                                                                        "Actual Startup Time": 0.089,
                                                                        "Actual Total Time": 83.608,
                                                                        "Actual Rows": 398945,
                                                                        "Actual Loops": 1
                                                                    },
                                                                    {
                                                                        "Worker Number": 2,
                                                                        "Actual Startup Time": 0.073,
                                                                        "Actual Total Time": 81.406,
                                                                        "Actual Rows": 432970,
                                                                        "Actual Loops": 1
                                                                    },
                                                                    {
                                                                        "Worker Number": 3,
                                                                        "Actual Startup Time": 0.072,
                                                                        "Actual Total Time": 81.309,
                                                                        "Actual Rows": 450053,
                                                                        "Actual Loops": 1
                                                                    },
                                                                    {
                                                                        "Worker Number": 4,
                                                                        "Actual Startup Time": 0.069,
                                                                        "Actual Total Time": 84.38,
                                                                        "Actual Rows": 409050,
                                                                        "Actual Loops": 1
                                                                    }
                                                                ]
                                                            }
                                                        ]
                                                    }
                                                ]
                                            }
                                        ]
                                    }
                                ]
                            }
                        ]
                    }
                ]
            }
        ]
    },
    "Planning Time": 0.529,
    "Triggers": [],
    "Execution Time": 1602.567
}