[
  {
    "Plan": {
      "Node Type": "Hash Join",
      "Parallel Aware": false,
      "Join Type": "Inner",
      "Startup Cost": 101167.19,
      "Total Cost": 174860.44,
      "Plan Rows": 2091638,
      "Plan Width": 40,
      "Actual Startup Time": 1011.197,
      "Actual Total Time": 2582.214,
      "Actual Rows": 2087248,
      "Actual Loops": 1,
      "Inner Unique": true,
      "Hash Cond": "(mc.company_type_id = ct.id)",
      "Plans": [
        {
          "Node Type": "Hash Join",
          "Parent Relationship": "Outer",
          "Parallel Aware": false,
          "Join Type": "Inner",
          "Startup Cost": 101166.1,
          "Total Cost": 163551.43,
          "Plan Rows": 2091638,
          "Plan Width": 40,
          "Actual Startup Time": 1011.144,
          "Actual Total Time": 2338.653,
          "Actual Rows": 2087248,
          "Actual Loops": 1,
          "Inner Unique": true,
          "Hash Cond": "(mc.movie_id = t.id)",
          "Plans": [
            {
              "Node Type": "Hash Join",
              "Parent Relationship": "Outer",
              "Parallel Aware": false,
              "Join Type": "Inner",
              "Startup Cost": 8282.43,
              "Total Cost": 65177.19,
              "Plan Rows": 2091638,
              "Plan Width": 40,
              "Actual Startup Time": 69.609,
              "Actual Total Time": 732.778,
              "Actual Rows": 2087248,
              "Actual Loops": 1,
              "Inner Unique": true,
              "Hash Cond": "(mc.company_id = cn.id)",
              "Plans": [
                {
                  "Node Type": "Seq Scan",
                  "Parent Relationship": "Outer",
                  "Parallel Aware": false,
                  "Relation Name": "movie_companies",
                  "Alias": "mc",
                  "Startup Cost": 0.0,
                  "Total Cost": 51404.11,
                  "Plan Rows": 2091638,
                  "Plan Width": 40,
                  "Actual Startup Time": 0.008,
                  "Actual Total Time": 249.213,
                  "Actual Rows": 2087248,
                  "Actual Loops": 1,
                  "Filter": "(company_id < 73232)",
                  "Rows Removed by Filter": 521881
                },
                {
                  "Node Type": "Hash",
                  "Parent Relationship": "Inner",
                  "Parallel Aware": false,
                  "Startup Cost": 5344.97,
                  "Total Cost": 5344.97,
                  "Plan Rows": 234997,
                  "Plan Width": 4,
                  "Actual Startup Time": 68.257,
                  "Actual Total Time": 68.258,
                  "Actual Rows": 234997,
                  "Actual Loops": 1,
                  "Hash Buckets": 262144,
                  "Original Hash Buckets": 262144,
                  "Hash Batches": 1,
                  "Original Hash Batches": 1,
                  "Peak Memory Usage": 10310,
                  "Plans": [
                    {
                      "Node Type": "Seq Scan",
                      "Parent Relationship": "Outer",
                      "Parallel Aware": false,
                      "Relation Name": "company_name",
                      "Alias": "cn",
                      "Startup Cost": 0.0,
                      "Total Cost": 5344.97,
                      "Plan Rows": 234997,
                      "Plan Width": 4,
                      "Actual Startup Time": 0.03,
                      "Actual Total Time": 32.465,
                      "Actual Rows": 234997,
                      "Actual Loops": 1
                    }
                  ]
                }
              ]
            },
            {
              "Node Type": "Hash",
              "Parent Relationship": "Inner",
              "Parallel Aware": false,
              "Startup Cost": 61280.52,
              "Total Cost": 61280.52,
              "Plan Rows": 2528252,
              "Plan Width": 4,
              "Actual Startup Time": 924.674,
              "Actual Total Time": 924.674,
              "Actual Rows": 2528312,
              "Actual Loops": 1,
              "Hash Buckets": 4194304,
              "Original Hash Buckets": 4194304,
              "Hash Batches": 1,
              "Original Hash Batches": 1,
              "Peak Memory Usage": 121654,
              "Plans": [
                {
                  "Node Type": "Seq Scan",
                  "Parent Relationship": "Outer",
                  "Parallel Aware": false,
                  "Relation Name": "title",
                  "Alias": "t",
                  "Startup Cost": 0.0,
                  "Total Cost": 61280.52,
                  "Plan Rows": 2528252,
                  "Plan Width": 4,
                  "Actual Startup Time": 0.03,
                  "Actual Total Time": 319.744,
                  "Actual Rows": 2528312,
                  "Actual Loops": 1
                }
              ]
            }
          ]
        },
        {
          "Node Type": "Hash",
          "Parent Relationship": "Inner",
          "Parallel Aware": false,
          "Startup Cost": 1.04,
          "Total Cost": 1.04,
          "Plan Rows": 4,
          "Plan Width": 4,
          "Actual Startup Time": 0.019,
          "Actual Total Time": 0.02,
          "Actual Rows": 4,
          "Actual Loops": 1,
          "Hash Buckets": 1024,
          "Original Hash Buckets": 1024,
          "Hash Batches": 1,
          "Original Hash Batches": 1,
          "Peak Memory Usage": 9,
          "Plans": [
            {
              "Node Type": "Seq Scan",
              "Parent Relationship": "Outer",
              "Parallel Aware": false,
              "Relation Name": "company_type",
              "Alias": "ct",
              "Startup Cost": 0.0,
              "Total Cost": 1.04,
              "Plan Rows": 4,
              "Plan Width": 4,
              "Actual Startup Time": 0.006,
              "Actual Total Time": 0.008,
              "Actual Rows": 4,
              "Actual Loops": 1
            }
          ]
        }
      ]
    },
    "Planning Time": 2.068,
    "Triggers": [],
    "Execution Time": 2647.322
  }
]