[
  {
    "Plan": {
      "Node Type": "Aggregate",
      "Strategy": "Plain",
      "Partial Mode": "Finalize",
      "Parallel Aware": false,
      "Startup Cost": 17899.39,
      "Total Cost": 17899.4,
      "Plan Rows": 1,
      "Plan Width": 8,
      "Actual Startup Time": 26.313,
      "Actual Total Time": 30.174,
      "Actual Rows": 1,
      "Actual Loops": 1,
      "Plans": [
        {
          "Node Type": "Gather",
          "Parent Relationship": "Outer",
          "Parallel Aware": false,
          "Startup Cost": 17899.18,
          "Total Cost": 17899.39,
          "Plan Rows": 2,
          "Plan Width": 8,
          "Actual Startup Time": 26.02,
          "Actual Total Time": 30.165,
          "Actual Rows": 3,
          "Actual Loops": 1,
          "Workers Planned": 2,
          "Workers Launched": 2,
          "Single Copy": false,
          "Plans": [
            {
              "Node Type": "Aggregate",
              "Strategy": "Plain",
              "Partial Mode": "Partial",
              "Parent Relationship": "Outer",
              "Parallel Aware": false,
              "Startup Cost": 16899.18,
              "Total Cost": 16899.19,
              "Plan Rows": 1,
              "Plan Width": 8,
              "Actual Startup Time": 17.97,
              "Actual Total Time": 17.973,
              "Actual Rows": 1,
              "Actual Loops": 3,
              "Plans": [
                {
                  "Node Type": "Nested Loop",
                  "Parent Relationship": "Outer",
                  "Parallel Aware": false,
                  "Join Type": "Inner",
                  "Startup Cost": 92.69,
                  "Total Cost": 16898.93,
                  "Plan Rows": 98,
                  "Plan Width": 0,
                  "Actual Startup Time": 1.816,
                  "Actual Total Time": 17.94,
                  "Actual Rows": 77,
                  "Actual Loops": 3,
                  "Inner Unique": true,
                  "Plans": [
                    {
                      "Node Type": "Bitmap Heap Scan",
                      "Parent Relationship": "Outer",
                      "Parallel Aware": true,
                      "Relation Name": "movie_companies",
                      "Alias": "mc",
                      "Startup Cost": 92.26,
                      "Total Cost": 10108.46,
                      "Plan Rows": 856,
                      "Plan Width": 4,
                      "Actual Startup Time": 1.259,
                      "Actual Total Time": 5.298,
                      "Actual Rows": 1046,
                      "Actual Loops": 3,
                      "Recheck Cond": "(company_id = 452)",
                      "Rows Removed by Index Recheck": 0,
                      "Filter": "(company_type_id < 2)",
                      "Rows Removed by Filter": 25,
                      "Exact Heap Blocks": 1133,
                      "Lossy Heap Blocks": 0,
                      "Plans": [
                        {
                          "Node Type": "Bitmap Index Scan",
                          "Parent Relationship": "Outer",
                          "Parallel Aware": false,
                          "Index Name": "company_id_movie_companies",
                          "Startup Cost": 0.0,
                          "Total Cost": 91.74,
                          "Plan Rows": 4175,
                          "Plan Width": 0,
                          "Actual Startup Time": 2.808,
                          "Actual Total Time": 2.809,
                          "Actual Rows": 3213,
                          "Actual Loops": 1,
                          "Index Cond": "(company_id = 452)"
                        }
                      ]
                    },
                    {
                      "Node Type": "Index Scan",
                      "Parent Relationship": "Inner",
                      "Parallel Aware": false,
                      "Scan Direction": "Forward",
                      "Index Name": "title_pkey",
                      "Relation Name": "title",
                      "Alias": "t",
                      "Startup Cost": 0.43,
                      "Total Cost": 7.93,
                      "Plan Rows": 1,
                      "Plan Width": 4,
                      "Actual Startup Time": 0.011,
                      "Actual Total Time": 0.011,
                      "Actual Rows": 0,
                      "Actual Loops": 3139,
                      "Index Cond": "(id = mc.movie_id)",
                      "Rows Removed by Index Recheck": 0,
                      "Filter": "((kind_id > 1) AND (production_year > 2010))",
                      "Rows Removed by Filter": 1
                    }
                  ]
                }
              ]
            }
          ]
        }
      ]
    },
    "Planning Time": 0.67,
    "Triggers": [],
    "Execution Time": 30.263
  }
]