[
  {
    "Plan": {
      "Node Type": "Aggregate",
      "Strategy": "Plain",
      "Partial Mode": "Finalize",
      "Parallel Aware": false,
      "Startup Cost": 60682.45,
      "Total Cost": 60682.46,
      "Plan Rows": 1,
      "Plan Width": 8,
      "Actual Startup Time": 231.7,
      "Actual Total Time": 246.014,
      "Actual Rows": 1,
      "Actual Loops": 1,
      "Plans": [
        {
          "Node Type": "Gather",
          "Parent Relationship": "Outer",
          "Parallel Aware": false,
          "Startup Cost": 60682.23,
          "Total Cost": 60682.44,
          "Plan Rows": 2,
          "Plan Width": 8,
          "Actual Startup Time": 230.997,
          "Actual Total Time": 246.005,
          "Actual Rows": 3,
          "Actual Loops": 1,
          "Workers Planned": 2,
          "Workers Launched": 2,
          "Single Copy": false,
          "Plans": [
            {
              "Node Type": "Aggregate",
              "Strategy": "Plain",
              "Partial Mode": "Partial",
              "Parent Relationship": "Outer",
              "Parallel Aware": false,
              "Startup Cost": 59682.23,
              "Total Cost": 59682.24,
              "Plan Rows": 1,
              "Plan Width": 8,
              "Actual Startup Time": 225.38,
              "Actual Total Time": 225.384,
              "Actual Rows": 1,
              "Actual Loops": 3,
              "Plans": [
                {
                  "Node Type": "Hash Join",
                  "Parent Relationship": "Outer",
                  "Parallel Aware": true,
                  "Join Type": "Inner",
                  "Startup Cost": 44397.04,
                  "Total Cost": 59591.6,
                  "Plan Rows": 36253,
                  "Plan Width": 0,
                  "Actual Startup Time": 134.913,
                  "Actual Total Time": 223.968,
                  "Actual Rows": 27631,
                  "Actual Loops": 3,
                  "Inner Unique": true,
                  "Hash Cond": "(mi_idx.movie_id = t.id)",
                  "Plans": [
                    {
                      "Node Type": "Seq Scan",
                      "Parent Relationship": "Outer",
                      "Parallel Aware": true,
                      "Relation Name": "movie_info_idx",
                      "Alias": "mi_idx",
                      "Startup Cost": 0.0,
                      "Total Cost": 13685.15,
                      "Plan Rows": 575015,
                      "Plan Width": 4,
                      "Actual Startup Time": 0.022,
                      "Actual Total Time": 39.529,
                      "Actual Rows": 460012,
                      "Actual Loops": 3
                    },
                    {
                      "Node Type": "Hash",
                      "Parent Relationship": "Inner",
                      "Parallel Aware": true,
                      "Startup Cost": 43898.92,
                      "Total Cost": 43898.92,
                      "Plan Rows": 39850,
                      "Plan Width": 4,
                      "Actual Startup Time": 130.859,
                      "Actual Total Time": 130.86,
                      "Actual Rows": 54728,
                      "Actual Loops": 3,
                      "Hash Buckets": 262144,
                      "Original Hash Buckets": 262144,
                      "Hash Batches": 1,
                      "Original Hash Batches": 1,
                      "Peak Memory Usage": 8512,
                      "Plans": [
                        {
                          "Node Type": "Seq Scan",
                          "Parent Relationship": "Outer",
                          "Parallel Aware": true,
                          "Relation Name": "title",
                          "Alias": "t",
                          "Startup Cost": 0.0,
                          "Total Cost": 43898.92,
                          "Plan Rows": 39850,
                          "Plan Width": 4,
                          "Actual Startup Time": 1.143,
                          "Actual Total Time": 116.757,
                          "Actual Rows": 54728,
                          "Actual Loops": 3,
                          "Filter": "(production_year < 1950)",
                          "Rows Removed by Filter": 788043
                        }
                      ]
                    }
                  ]
                }
              ]
            }
          ]
        }
      ]
    },
    "Planning Time": 0.575,
    "Triggers": [],
    "Execution Time": 246.084
  }
]