[
  {
    "Plan": {
      "Node Type": "Aggregate",
      "Strategy": "Plain",
      "Partial Mode": "Finalize",
      "Parallel Aware": false,
      "Startup Cost": 327992.76,
      "Total Cost": 327992.77,
      "Plan Rows": 1,
      "Plan Width": 8,
      "Actual Startup Time": 490.53,
      "Actual Total Time": 523.569,
      "Actual Rows": 1,
      "Actual Loops": 1,
      "Plans": [
        {
          "Node Type": "Gather",
          "Parent Relationship": "Outer",
          "Parallel Aware": false,
          "Startup Cost": 327992.14,
          "Total Cost": 327992.74,
          "Plan Rows": 6,
          "Plan Width": 8,
          "Actual Startup Time": 490.431,
          "Actual Total Time": 523.55,
          "Actual Rows": 7,
          "Actual Loops": 1,
          "Workers Planned": 6,
          "Workers Launched": 6,
          "Single Copy": false,
          "Plans": [
            {
              "Node Type": "Aggregate",
              "Strategy": "Plain",
              "Partial Mode": "Partial",
              "Parent Relationship": "Outer",
              "Parallel Aware": false,
              "Startup Cost": 326992.14,
              "Total Cost": 326992.15,
              "Plan Rows": 1,
              "Plan Width": 8,
              "Actual Startup Time": 480.178,
              "Actual Total Time": 480.179,
              "Actual Rows": 1,
              "Actual Loops": 7,
              "Plans": [
                {
                  "Node Type": "Index Scan",
                  "Parent Relationship": "Outer",
                  "Parallel Aware": true,
                  "Scan Direction": "Forward",
                  "Index Name": "role_id_cast_info",
                  "Relation Name": "cast_info",
                  "Alias": "ci",
                  "Startup Cost": 0.56,
                  "Total Cost": 325153.08,
                  "Plan Rows": 735621,
                  "Plan Width": 0,
                  "Actual Startup Time": 0.22,
                  "Actual Total Time": 454.936,
                  "Actual Rows": 383096,
                  "Actual Loops": 7,
                  "Index Cond": "(role_id > 3)",
                  "Rows Removed by Index Recheck": 0,
                  "Filter": "(person_id < 1313882)",
                  "Rows Removed by Filter": 1347425
                }
              ]
            }
          ]
        }
      ]
    },
    "Planning Time": 0.148,
    "Triggers": [],
    "Execution Time": 523.621
  }
]