[
  {
    "Plan": {
      "Node Type": "Aggregate",
      "Strategy": "Plain",
      "Partial Mode": "Finalize",
      "Parallel Aware": false,
      "Startup Cost": 137021.54,
      "Total Cost": 137021.55,
      "Plan Rows": 1,
      "Plan Width": 8,
      "Actual Startup Time": 818.8,
      "Actual Total Time": 878.425,
      "Actual Rows": 1,
      "Actual Loops": 1,
      "Plans": [
        {
          "Node Type": "Gather",
          "Parent Relationship": "Outer",
          "Parallel Aware": false,
          "Startup Cost": 137021.22,
          "Total Cost": 137021.53,
          "Plan Rows": 3,
          "Plan Width": 8,
          "Actual Startup Time": 818.468,
          "Actual Total Time": 878.415,
          "Actual Rows": 4,
          "Actual Loops": 1,
          "Workers Planned": 3,
          "Workers Launched": 3,
          "Single Copy": false,
          "Plans": [
            {
              "Node Type": "Aggregate",
              "Strategy": "Plain",
              "Partial Mode": "Partial",
              "Parent Relationship": "Outer",
              "Parallel Aware": false,
              "Startup Cost": 136021.22,
              "Total Cost": 136021.23,
              "Plan Rows": 1,
              "Plan Width": 8,
              "Actual Startup Time": 809.114,
              "Actual Total Time": 809.117,
              "Actual Rows": 1,
              "Actual Loops": 4,
              "Plans": [
                {
                  "Node Type": "Nested Loop",
                  "Parent Relationship": "Outer",
                  "Parallel Aware": false,
                  "Join Type": "Inner",
                  "Startup Cost": 45676.91,
                  "Total Cost": 135746.34,
                  "Plan Rows": 109952,
                  "Plan Width": 0,
                  "Actual Startup Time": 106.014,
                  "Actual Total Time": 794.834,
                  "Actual Rows": 279396,
                  "Actual Loops": 4,
                  "Inner Unique": false,
                  "Join Filter": "(t.id = ci.movie_id)",
                  "Rows Removed by Join Filter": 0,
                  "Plans": [
                    {
                      "Node Type": "Hash Join",
                      "Parent Relationship": "Outer",
                      "Parallel Aware": true,
                      "Join Type": "Inner",
                      "Startup Cost": 45676.35,
                      "Total Cost": 90714.87,
                      "Plan Rows": 22283,
                      "Plan Width": 8,
                      "Actual Startup Time": 105.08,
                      "Actual Total Time": 266.33,
                      "Actual Rows": 12066,
                      "Actual Loops": 4,
                      "Inner Unique": true,
                      "Hash Cond": "(mk.movie_id = t.id)",
                      "Plans": [
                        {
                          "Node Type": "Seq Scan",
                          "Parent Relationship": "Outer",
                          "Parallel Aware": true,
                          "Relation Name": "movie_keyword",
                          "Alias": "mk",
                          "Startup Cost": 0.0,
                          "Total Cost": 42695.65,
                          "Plan Rows": 892520,
                          "Plan Width": 4,
                          "Actual Startup Time": 0.194,
                          "Actual Total Time": 106.711,
                          "Actual Rows": 688690,
                          "Actual Loops": 4,
                          "Filter": "(keyword_id > 2867)",
                          "Rows Removed by Filter": 442293
                        },
                        {
                          "Node Type": "Hash",
                          "Parent Relationship": "Inner",
                          "Parallel Aware": true,
                          "Startup Cost": 45479.1,
                          "Total Cost": 45479.1,
                          "Plan Rows": 15780,
                          "Plan Width": 4,
                          "Actual Startup Time": 102.986,
                          "Actual Total Time": 102.987,
                          "Actual Rows": 13476,
                          "Actual Loops": 4,
                          "Hash Buckets": 65536,
                          "Original Hash Buckets": 65536,
                          "Hash Batches": 1,
                          "Original Hash Batches": 1,
                          "Peak Memory Usage": 2688,
                          "Plans": [
                            {
                              "Node Type": "Seq Scan",
                              "Parent Relationship": "Outer",
                              "Parallel Aware": true,
                              "Relation Name": "title",
                              "Alias": "t",
                              "Startup Cost": 0.0,
                              "Total Cost": 45479.1,
                              "Plan Rows": 15780,
                              "Plan Width": 4,
                              "Actual Startup Time": 0.384,
                              "Actual Total Time": 97.801,
                              "Actual Rows": 13476,
                              "Actual Loops": 4,
                              "Filter": "((kind_id < 7) AND (production_year = 2012))",
                              "Rows Removed by Filter": 618602
                            }
                          ]
                        }
                      ]
                    },
                    {
                      "Node Type": "Index Scan",
                      "Parent Relationship": "Inner",
                      "Parallel Aware": false,
                      "Scan Direction": "Forward",
                      "Index Name": "movie_id_cast_info",
                      "Relation Name": "cast_info",
                      "Alias": "ci",
                      "Startup Cost": 0.56,
                      "Total Cost": 1.86,
                      "Plan Rows": 13,
                      "Plan Width": 4,
                      "Actual Startup Time": 0.005,
                      "Actual Total Time": 0.041,
                      "Actual Rows": 23,
                      "Actual Loops": 48262,
                      "Index Cond": "(movie_id = mk.movie_id)",
                      "Rows Removed by Index Recheck": 0,
                      "Filter": "(role_id < 2)",
                      "Rows Removed by Filter": 51
                    }
                  ]
                }
              ]
            }
          ]
        }
      ]
    },
    "Planning Time": 1.355,
    "Triggers": [],
    "Execution Time": 878.535
  }
]