[
  {
    "Plan": {
      "Node Type": "Aggregate",
      "Strategy": "Plain",
      "Partial Mode": "Finalize",
      "Parallel Aware": false,
      "Startup Cost": 84502.38,
      "Total Cost": 84502.39,
      "Plan Rows": 1,
      "Plan Width": 8,
      "Actual Startup Time": 338.119,
      "Actual Total Time": 353.066,
      "Actual Rows": 1,
      "Actual Loops": 1,
      "Plans": [
        {
          "Node Type": "Gather",
          "Parent Relationship": "Outer",
          "Parallel Aware": false,
          "Startup Cost": 84502.06,
          "Total Cost": 84502.37,
          "Plan Rows": 3,
          "Plan Width": 8,
          "Actual Startup Time": 333.101,
          "Actual Total Time": 353.056,
          "Actual Rows": 4,
          "Actual Loops": 1,
          "Workers Planned": 3,
          "Workers Launched": 3,
          "Single Copy": false,
          "Plans": [
            {
              "Node Type": "Aggregate",
              "Strategy": "Plain",
              "Partial Mode": "Partial",
              "Parent Relationship": "Outer",
              "Parallel Aware": false,
              "Startup Cost": 83502.06,
              "Total Cost": 83502.07,
              "Plan Rows": 1,
              "Plan Width": 8,
              "Actual Startup Time": 324.438,
              "Actual Total Time": 324.442,
              "Actual Rows": 1,
              "Actual Loops": 4,
              "Plans": [
                {
                  "Node Type": "Hash Join",
                  "Parent Relationship": "Outer",
                  "Parallel Aware": true,
                  "Join Type": "Inner",
                  "Startup Cost": 56677.63,
                  "Total Cost": 83357.77,
                  "Plan Rows": 57715,
                  "Plan Width": 0,
                  "Actual Startup Time": 222.084,
                  "Actual Total Time": 319.718,
                  "Actual Rows": 103366,
                  "Actual Loops": 4,
                  "Inner Unique": true,
                  "Hash Cond": "(mk.movie_id = t.id)",
                  "Plans": [
                    {
                      "Node Type": "Bitmap Heap Scan",
                      "Parent Relationship": "Outer",
                      "Parallel Aware": true,
                      "Relation Name": "movie_keyword",
                      "Alias": "mk",
                      "Startup Cost": 9680.5,
                      "Total Cost": 35974.29,
                      "Plan Rows": 147183,
                      "Plan Width": 4,
                      "Actual Startup Time": 29.085,
                      "Actual Total Time": 83.817,
                      "Actual Rows": 118136,
                      "Actual Loops": 4,
                      "Recheck Cond": "(keyword_id < 359)",
                      "Rows Removed by Index Recheck": 0,
                      "Exact Heap Blocks": 7742,
                      "Lossy Heap Blocks": 0,
                      "Plans": [
                        {
                          "Node Type": "Bitmap Index Scan",
                          "Parent Relationship": "Outer",
                          "Parallel Aware": false,
                          "Index Name": "keyword_id_movie_keyword",
                          "Startup Cost": 0.0,
                          "Total Cost": 9566.44,
                          "Plan Rows": 456267,
                          "Plan Width": 0,
                          "Actual Startup Time": 25.396,
                          "Actual Total Time": 25.397,
                          "Actual Rows": 472545,
                          "Actual Loops": 1,
                          "Index Cond": "(keyword_id < 359)"
                        }
                      ]
                    },
                    {
                      "Node Type": "Hash",
                      "Parent Relationship": "Inner",
                      "Parallel Aware": true,
                      "Startup Cost": 43898.92,
                      "Total Cost": 43898.92,
                      "Plan Rows": 247857,
                      "Plan Width": 4,
                      "Actual Startup Time": 187.93,
                      "Actual Total Time": 187.931,
                      "Actual Rows": 246262,
                      "Actual Loops": 4,
                      "Hash Buckets": 1048576,
                      "Original Hash Buckets": 1048576,
                      "Hash Batches": 1,
                      "Original Hash Batches": 1,
                      "Peak Memory Usage": 46816,
                      "Plans": [
                        {
                          "Node Type": "Seq Scan",
                          "Parent Relationship": "Outer",
                          "Parallel Aware": true,
                          "Relation Name": "title",
                          "Alias": "t",
                          "Startup Cost": 0.0,
                          "Total Cost": 43898.92,
                          "Plan Rows": 247857,
                          "Plan Width": 4,
                          "Actual Startup Time": 0.038,
                          "Actual Total Time": 103.551,
                          "Actual Rows": 246262,
                          "Actual Loops": 4,
                          "Filter": "(kind_id < 7)",
                          "Rows Removed by Filter": 385816
                        }
                      ]
                    }
                  ]
                }
              ]
            }
          ]
        }
      ]
    },
    "Planning Time": 0.505,
    "Triggers": [],
    "Execution Time": 353.187
  }
]