[
  {
    "Plan": {
      "Node Type": "Aggregate",
      "Strategy": "Plain",
      "Partial Mode": "Finalize",
      "Parallel Aware": false,
      "Startup Cost": 380990.21,
      "Total Cost": 380990.22,
      "Plan Rows": 1,
      "Plan Width": 8,
      "Actual Startup Time": 1167.352,
      "Actual Total Time": 1184.786,
      "Actual Rows": 1,
      "Actual Loops": 1,
      "Plans": [
        {
          "Node Type": "Gather",
          "Parent Relationship": "Outer",
          "Parallel Aware": false,
          "Startup Cost": 380989.89,
          "Total Cost": 380990.2,
          "Plan Rows": 3,
          "Plan Width": 8,
          "Actual Startup Time": 1160.984,
          "Actual Total Time": 1184.777,
          "Actual Rows": 4,
          "Actual Loops": 1,
          "Workers Planned": 3,
          "Workers Launched": 3,
          "Single Copy": false,
          "Plans": [
            {
              "Node Type": "Aggregate",
              "Strategy": "Plain",
              "Partial Mode": "Partial",
              "Parent Relationship": "Outer",
              "Parallel Aware": false,
              "Startup Cost": 379989.89,
              "Total Cost": 379989.9,
              "Plan Rows": 1,
              "Plan Width": 8,
              "Actual Startup Time": 1150.09,
              "Actual Total Time": 1150.095,
              "Actual Rows": 1,
              "Actual Loops": 4,
              "Plans": [
                {
                  "Node Type": "Hash Join",
                  "Parent Relationship": "Outer",
                  "Parallel Aware": true,
                  "Join Type": "Inner",
                  "Startup Cost": 333513.86,
                  "Total Cost": 378816.16,
                  "Plan Rows": 469491,
                  "Plan Width": 0,
                  "Actual Startup Time": 628.771,
                  "Actual Total Time": 1032.127,
                  "Actual Rows": 3037166,
                  "Actual Loops": 4,
                  "Inner Unique": false,
                  "Hash Cond": "(mk.movie_id = t.id)",
                  "Plans": [
                    {
                      "Node Type": "Seq Scan",
                      "Parent Relationship": "Outer",
                      "Parallel Aware": true,
                      "Relation Name": "movie_keyword",
                      "Alias": "mk",
                      "Startup Cost": 0.0,
                      "Total Cost": 39047.32,
                      "Plan Rows": 1459332,
                      "Plan Width": 4,
                      "Actual Startup Time": 0.02,
                      "Actual Total Time": 84.964,
                      "Actual Rows": 1130982,
                      "Actual Loops": 4
                    },
                    {
                      "Node Type": "Hash",
                      "Parent Relationship": "Inner",
                      "Parallel Aware": true,
                      "Startup Cost": 331819.21,
                      "Total Cost": 331819.21,
                      "Plan Rows": 135572,
                      "Plan Width": 8,
                      "Actual Startup Time": 623.256,
                      "Actual Total Time": 623.261,
                      "Actual Rows": 236235,
                      "Actual Loops": 4,
                      "Hash Buckets": 1048576,
                      "Original Hash Buckets": 1048576,
                      "Hash Batches": 1,
                      "Original Hash Batches": 1,
                      "Peak Memory Usage": 45216,
                      "Plans": [
                        {
                          "Node Type": "Hash Join",
                          "Parent Relationship": "Outer",
                          "Parallel Aware": true,
                          "Join Type": "Inner",
                          "Startup Cost": 76062.86,
                          "Total Cost": 331819.21,
                          "Plan Rows": 135572,
                          "Plan Width": 8,
                          "Actual Startup Time": 341.657,
                          "Actual Total Time": 535.533,
                          "Actual Rows": 236235,
                          "Actual Loops": 4,
                          "Inner Unique": true,
                          "Hash Cond": "(ci.movie_id = t.id)",
                          "Plans": [
                            {
                              "Node Type": "Bitmap Heap Scan",
                              "Parent Relationship": "Outer",
                              "Parallel Aware": true,
                              "Relation Name": "cast_info",
                              "Alias": "ci",
                              "Startup Cost": 26884.93,
                              "Total Cost": 282108.58,
                              "Plan Rows": 202932,
                              "Plan Width": 4,
                              "Actual Startup Time": 50.221,
                              "Actual Total Time": 102.63,
                              "Actual Rows": 288798,
                              "Actual Loops": 4,
                              "Recheck Cond": "(person_id > 3837929)",
                              "Rows Removed by Index Recheck": 0,
                              "Exact Heap Blocks": 4268,
                              "Lossy Heap Blocks": 0,
                              "Plans": [
                                {
                                  "Node Type": "Bitmap Index Scan",
                                  "Parent Relationship": "Outer",
                                  "Parallel Aware": false,
                                  "Index Name": "person_id_cast_info",
                                  "Startup Cost": 0.0,
                                  "Total Cost": 26580.53,
                                  "Plan Rows": 1217595,
                                  "Plan Width": 0,
                                  "Actual Startup Time": 47.669,
                                  "Actual Total Time": 47.669,
                                  "Actual Rows": 1155190,
                                  "Actual Loops": 1,
                                  "Index Cond": "(person_id > 3837929)"
                                }
                              ]
                            },
                            {
                              "Node Type": "Hash",
                              "Parent Relationship": "Inner",
                              "Parallel Aware": true,
                              "Startup Cost": 43899.32,
                              "Total Cost": 43899.32,
                              "Plan Rows": 422289,
                              "Plan Width": 4,
                              "Actual Startup Time": 286.657,
                              "Actual Total Time": 286.658,
                              "Actual Rows": 418385,
                              "Actual Loops": 4,
                              "Hash Buckets": 2097152,
                              "Original Hash Buckets": 2097152,
                              "Hash Batches": 1,
                              "Original Hash Batches": 1,
                              "Peak Memory Usage": 81920,
                              "Plans": [
                                {
                                  "Node Type": "Seq Scan",
                                  "Parent Relationship": "Outer",
                                  "Parallel Aware": true,
                                  "Relation Name": "title",
                                  "Alias": "t",
                                  "Startup Cost": 0.0,
                                  "Total Cost": 43899.32,
                                  "Plan Rows": 422289,
                                  "Plan Width": 4,
                                  "Actual Startup Time": 0.065,
                                  "Actual Total Time": 115.248,
                                  "Actual Rows": 418385,
                                  "Actual Loops": 4,
                                  "Filter": "(production_year > 1993)",
                                  "Rows Removed by Filter": 213693
                                }
                              ]
                            }
                          ]
                        }
                      ]
                    }
                  ]
                }
              ]
            }
          ]
        }
      ]
    },
    "Planning Time": 1.314,
    "Triggers": [],
    "Execution Time": 1184.912
  }
]