[
  {
    "Plan": {
      "Node Type": "Aggregate",
      "Strategy": "Plain",
      "Partial Mode": "Finalize",
      "Parallel Aware": false,
      "Startup Cost": 379998.7,
      "Total Cost": 379998.71,
      "Plan Rows": 1,
      "Plan Width": 8,
      "Actual Startup Time": 1134.106,
      "Actual Total Time": 1153.441,
      "Actual Rows": 1,
      "Actual Loops": 1,
      "Plans": [
        {
          "Node Type": "Gather",
          "Parent Relationship": "Outer",
          "Parallel Aware": false,
          "Startup Cost": 379998.38,
          "Total Cost": 379998.69,
          "Plan Rows": 3,
          "Plan Width": 8,
          "Actual Startup Time": 1127.035,
          "Actual Total Time": 1153.429,
          "Actual Rows": 4,
          "Actual Loops": 1,
          "Workers Planned": 3,
          "Workers Launched": 3,
          "Single Copy": false,
          "Plans": [
            {
              "Node Type": "Aggregate",
              "Strategy": "Plain",
              "Partial Mode": "Partial",
              "Parent Relationship": "Outer",
              "Parallel Aware": false,
              "Startup Cost": 378998.38,
              "Total Cost": 378998.39,
              "Plan Rows": 1,
              "Plan Width": 8,
              "Actual Startup Time": 1117.555,
              "Actual Total Time": 1117.899,
              "Actual Rows": 1,
              "Actual Loops": 4,
              "Plans": [
                {
                  "Node Type": "Hash Join",
                  "Parent Relationship": "Outer",
                  "Parallel Aware": true,
                  "Join Type": "Inner",
                  "Startup Cost": 332589.51,
                  "Total Cost": 377864.95,
                  "Plan Rows": 453373,
                  "Plan Width": 0,
                  "Actual Startup Time": 583.823,
                  "Actual Total Time": 996.278,
                  "Actual Rows": 3037166,
                  "Actual Loops": 4,
                  "Inner Unique": false,
                  "Hash Cond": "(mk.movie_id = t.id)",
                  "Plans": [
                    {
                      "Node Type": "Seq Scan",
                      "Parent Relationship": "Outer",
                      "Parallel Aware": true,
                      "Relation Name": "movie_keyword",
                      "Alias": "mk",
                      "Startup Cost": 0.0,
                      "Total Cost": 39047.32,
                      "Plan Rows": 1459332,
                      "Plan Width": 4,
                      "Actual Startup Time": 0.027,
                      "Actual Total Time": 88.317,
                      "Actual Rows": 1130982,
                      "Actual Loops": 4
                    },
                    {
                      "Node Type": "Hash",
                      "Parent Relationship": "Inner",
                      "Parallel Aware": true,
                      "Startup Cost": 330953.12,
                      "Total Cost": 330953.12,
                      "Plan Rows": 130911,
                      "Plan Width": 8,
                      "Actual Startup Time": 578.781,
                      "Actual Total Time": 579.123,
                      "Actual Rows": 236235,
                      "Actual Loops": 4,
                      "Hash Buckets": 1048576,
                      "Original Hash Buckets": 1048576,
                      "Hash Batches": 1,
                      "Original Hash Batches": 1,
                      "Peak Memory Usage": 45248,
                      "Plans": [
                        {
                          "Node Type": "Hash Join",
                          "Parent Relationship": "Outer",
                          "Parallel Aware": true,
                          "Join Type": "Inner",
                          "Startup Cost": 75282.97,
                          "Total Cost": 330953.12,
                          "Plan Rows": 130911,
                          "Plan Width": 8,
                          "Actual Startup Time": 318.743,
                          "Actual Total Time": 499.382,
                          "Actual Rows": 236235,
                          "Actual Loops": 4,
                          "Inner Unique": true,
                          "Hash Cond": "(ci.movie_id = t.id)",
                          "Plans": [
                            {
                              "Node Type": "Bitmap Heap Scan",
                              "Parent Relationship": "Outer",
                              "Parallel Aware": true,
                              "Relation Name": "cast_info",
                              "Alias": "ci",
                              "Startup Cost": 26139.91,
                              "Total Cost": 281292.33,
                              "Plan Rows": 197233,
                              "Plan Width": 4,
                              "Actual Startup Time": 52.666,
                              "Actual Total Time": 102.989,
                              "Actual Rows": 288798,
                              "Actual Loops": 4,
                              "Recheck Cond": "(person_id > 3837929)",
                              "Rows Removed by Index Recheck": 0,
                              "Exact Heap Blocks": 4650,
                              "Lossy Heap Blocks": 0,
                              "Plans": [
                                {
                                  "Node Type": "Bitmap Index Scan",
                                  "Parent Relationship": "Outer",
                                  "Parallel Aware": false,
                                  "Index Name": "person_id_cast_info",
                                  "Startup Cost": 0.0,
                                  "Total Cost": 25844.06,
                                  "Plan Rows": 1183400,
                                  "Plan Width": 0,
                                  "Actual Startup Time": 50.027,
                                  "Actual Total Time": 50.027,
                                  "Actual Rows": 1155190,
                                  "Actual Loops": 1,
                                  "Index Cond": "(person_id > 3837929)"
                                }
                              ]
                            },
                            {
                              "Node Type": "Hash",
                              "Parent Relationship": "Inner",
                              "Parallel Aware": true,
                              "Startup Cost": 43898.92,
                              "Total Cost": 43898.92,
                              "Plan Rows": 419531,
                              "Plan Width": 4,
                              "Actual Startup Time": 261.373,
                              "Actual Total Time": 261.373,
                              "Actual Rows": 418385,
                              "Actual Loops": 4,
                              "Hash Buckets": 2097152,
                              "Original Hash Buckets": 2097152,
                              "Hash Batches": 1,
                              "Original Hash Batches": 1,
                              "Peak Memory Usage": 81920,
                              "Plans": [
                                {
                                  "Node Type": "Seq Scan",
                                  "Parent Relationship": "Outer",
                                  "Parallel Aware": true,
                                  "Relation Name": "title",
                                  "Alias": "t",
                                  "Startup Cost": 0.0,
                                  "Total Cost": 43898.92,
                                  "Plan Rows": 419531,
                                  "Plan Width": 4,
                                  "Actual Startup Time": 0.045,
                                  "Actual Total Time": 109.533,
                                  "Actual Rows": 418385,
                                  "Actual Loops": 4,
                                  "Filter": "(production_year > 1993)",
                                  "Rows Removed by Filter": 213693
                                }
                              ]
                            }
                          ]
                        }
                      ]
                    }
                  ]
                }
              ]
            }
          ]
        }
      ]
    },
    "Planning Time": 1.365,
    "Triggers": [],
    "Execution Time": 1153.546
  }
]