[
  {
    "Plan": {
      "Node Type": "Aggregate",
      "Strategy": "Plain",
      "Partial Mode": "Finalize",
      "Parallel Aware": false,
      "Startup Cost": 341758.97,
      "Total Cost": 341758.98,
      "Plan Rows": 1,
      "Plan Width": 8,
      "Actual Startup Time": 811.694,
      "Actual Total Time": 857.307,
      "Actual Rows": 1,
      "Actual Loops": 1,
      "Plans": [
        {
          "Node Type": "Gather",
          "Parent Relationship": "Outer",
          "Parallel Aware": false,
          "Startup Cost": 341758.34,
          "Total Cost": 341758.95,
          "Plan Rows": 6,
          "Plan Width": 8,
          "Actual Startup Time": 811.471,
          "Actual Total Time": 857.293,
          "Actual Rows": 7,
          "Actual Loops": 1,
          "Workers Planned": 6,
          "Workers Launched": 6,
          "Single Copy": false,
          "Plans": [
            {
              "Node Type": "Aggregate",
              "Strategy": "Plain",
              "Partial Mode": "Partial",
              "Parent Relationship": "Outer",
              "Parallel Aware": false,
              "Startup Cost": 340758.34,
              "Total Cost": 340758.35,
              "Plan Rows": 1,
              "Plan Width": 8,
              "Actual Startup Time": 805.724,
              "Actual Total Time": 805.726,
              "Actual Rows": 1,
              "Actual Loops": 7,
              "Plans": [
                {
                  "Node Type": "Seq Scan",
                  "Parent Relationship": "Outer",
                  "Parallel Aware": true,
                  "Relation Name": "cast_info",
                  "Alias": "ci",
                  "Startup Cost": 0.0,
                  "Total Cost": 328211.39,
                  "Plan Rows": 5018780,
                  "Plan Width": 0,
                  "Actual Startup Time": 73.042,
                  "Actual Total Time": 610.721,
                  "Actual Rows": 4276748,
                  "Actual Loops": 7,
                  "Filter": "(person_id > 608246)",
                  "Rows Removed by Filter": 901016
                }
              ]
            }
          ]
        }
      ]
    },
    "Planning Time": 0.165,
    "Triggers": [],
    "Execution Time": 857.368
  }
]