[
  {
    "Plan": {
      "Node Type": "Aggregate",
      "Strategy": "Plain",
      "Partial Mode": "Finalize",
      "Parallel Aware": false,
      "Startup Cost": 97990.03,
      "Total Cost": 97990.04,
      "Plan Rows": 1,
      "Plan Width": 8,
      "Actual Startup Time": 489.265,
      "Actual Total Time": 506.326,
      "Actual Rows": 1,
      "Actual Loops": 1,
      "Plans": [
        {
          "Node Type": "Gather",
          "Parent Relationship": "Outer",
          "Parallel Aware": false,
          "Startup Cost": 97989.72,
          "Total Cost": 97990.03,
          "Plan Rows": 3,
          "Plan Width": 8,
          "Actual Startup Time": 484.088,
          "Actual Total Time": 506.296,
          "Actual Rows": 4,
          "Actual Loops": 1,
          "Workers Planned": 3,
          "Workers Launched": 3,
          "Single Copy": false,
          "Plans": [
            {
              "Node Type": "Aggregate",
              "Strategy": "Plain",
              "Partial Mode": "Partial",
              "Parent Relationship": "Outer",
              "Parallel Aware": false,
              "Startup Cost": 96989.72,
              "Total Cost": 96989.73,
              "Plan Rows": 1,
              "Plan Width": 8,
              "Actual Startup Time": 475.001,
              "Actual Total Time": 475.004,
              "Actual Rows": 1,
              "Actual Loops": 4,
              "Plans": [
                {
                  "Node Type": "Hash Join",
                  "Parent Relationship": "Outer",
                  "Parallel Aware": true,
                  "Join Type": "Inner",
                  "Startup Cost": 49548.69,
                  "Total Cost": 95428.16,
                  "Plan Rows": 624623,
                  "Plan Width": 0,
                  "Actual Startup Time": 252.739,
                  "Actual Total Time": 468.584,
                  "Actual Rows": 141970,
                  "Actual Loops": 4,
                  "Inner Unique": true,
                  "Hash Cond": "(mk.movie_id = t.id)",
                  "Plans": [
                    {
                      "Node Type": "Seq Scan",
                      "Parent Relationship": "Outer",
                      "Parallel Aware": true,
                      "Relation Name": "movie_keyword",
                      "Alias": "mk",
                      "Startup Cost": 0.0,
                      "Total Cost": 42695.65,
                      "Plan Rows": 1212884,
                      "Plan Width": 4,
                      "Actual Startup Time": 0.059,
                      "Actual Total Time": 115.216,
                      "Actual Rows": 940444,
                      "Actual Loops": 4,
                      "Filter": "(keyword_id > 716)",
                      "Rows Removed by Filter": 190538
                    },
                    {
                      "Node Type": "Hash",
                      "Parent Relationship": "Inner",
                      "Parallel Aware": true,
                      "Startup Cost": 45479.59,
                      "Total Cost": 45479.59,
                      "Plan Rows": 325528,
                      "Plan Width": 4,
                      "Actual Startup Time": 246.774,
                      "Actual Total Time": 246.775,
                      "Actual Rows": 344643,
                      "Actual Loops": 4,
                      "Hash Buckets": 2097152,
                      "Original Hash Buckets": 2097152,
                      "Hash Batches": 1,
                      "Original Hash Batches": 1,
                      "Peak Memory Usage": 70400,
                      "Plans": [
                        {
                          "Node Type": "Seq Scan",
                          "Parent Relationship": "Outer",
                          "Parallel Aware": true,
                          "Relation Name": "title",
                          "Alias": "t",
                          "Startup Cost": 0.0,
                          "Total Cost": 45479.59,
                          "Plan Rows": 325528,
                          "Plan Width": 4,
                          "Actual Startup Time": 0.051,
                          "Actual Total Time": 112.415,
                          "Actual Rows": 344643,
                          "Actual Loops": 4,
                          "Filter": "((kind_id > 4) AND (production_year > 1968))",
                          "Rows Removed by Filter": 287435
                        }
                      ]
                    }
                  ]
                }
              ]
            }
          ]
        }
      ]
    },
    "Planning Time": 0.338,
    "Triggers": [],
    "Execution Time": 506.376
  }
]