[
  {
    "Plan": {
      "Node Type": "Aggregate",
      "Strategy": "Plain",
      "Partial Mode": "Finalize",
      "Parallel Aware": false,
      "Startup Cost": 246374.27,
      "Total Cost": 246374.28,
      "Plan Rows": 1,
      "Plan Width": 8,
      "Actual Startup Time": 797.029,
      "Actual Total Time": 842.799,
      "Actual Rows": 1,
      "Actual Loops": 1,
      "Plans": [
        {
          "Node Type": "Gather",
          "Parent Relationship": "Outer",
          "Parallel Aware": false,
          "Startup Cost": 246373.75,
          "Total Cost": 246374.26,
          "Plan Rows": 5,
          "Plan Width": 8,
          "Actual Startup Time": 795.284,
          "Actual Total Time": 842.788,
          "Actual Rows": 6,
          "Actual Loops": 1,
          "Workers Planned": 5,
          "Workers Launched": 5,
          "Single Copy": false,
          "Plans": [
            {
              "Node Type": "Aggregate",
              "Strategy": "Plain",
              "Partial Mode": "Partial",
              "Parent Relationship": "Outer",
              "Parallel Aware": false,
              "Startup Cost": 245373.75,
              "Total Cost": 245373.76,
              "Plan Rows": 1,
              "Plan Width": 8,
              "Actual Startup Time": 785.384,
              "Actual Total Time": 785.449,
              "Actual Rows": 1,
              "Actual Loops": 6,
              "Plans": [
                {
                  "Node Type": "Hash Join",
                  "Parent Relationship": "Outer",
                  "Parallel Aware": true,
                  "Join Type": "Inner",
                  "Startup Cost": 45775.07,
                  "Total Cost": 245096.84,
                  "Plan Rows": 110764,
                  "Plan Width": 0,
                  "Actual Startup Time": 98.139,
                  "Actual Total Time": 765.598,
                  "Actual Rows": 393381,
                  "Actual Loops": 6,
                  "Inner Unique": true,
                  "Hash Cond": "(mi.movie_id = t.id)",
                  "Plans": [
                    {
                      "Node Type": "Seq Scan",
                      "Parent Relationship": "Outer",
                      "Parallel Aware": true,
                      "Relation Name": "movie_info",
                      "Alias": "mi",
                      "Startup Cost": 0.0,
                      "Total Cost": 191560.33,
                      "Plan Rows": 2956733,
                      "Plan Width": 4,
                      "Actual Startup Time": 0.026,
                      "Actual Total Time": 307.842,
                      "Actual Rows": 2472620,
                      "Actual Loops": 6
                    },
                    {
                      "Node Type": "Hash",
                      "Parent Relationship": "Inner",
                      "Parallel Aware": true,
                      "Startup Cost": 45479.1,
                      "Total Cost": 45479.1,
                      "Plan Rows": 23678,
                      "Plan Width": 4,
                      "Actual Startup Time": 95.714,
                      "Actual Total Time": 95.715,
                      "Actual Rows": 33182,
                      "Actual Loops": 6,
                      "Hash Buckets": 262144,
                      "Original Hash Buckets": 131072,
                      "Hash Batches": 1,
                      "Original Hash Batches": 1,
                      "Peak Memory Usage": 11008,
                      "Plans": [
                        {
                          "Node Type": "Seq Scan",
                          "Parent Relationship": "Outer",
                          "Parallel Aware": true,
                          "Relation Name": "title",
                          "Alias": "t",
                          "Startup Cost": 0.0,
                          "Total Cost": 45479.1,
                          "Plan Rows": 23678,
                          "Plan Width": 4,
                          "Actual Startup Time": 0.302,
                          "Actual Total Time": 79.725,
                          "Actual Rows": 33182,
                          "Actual Loops": 6,
                          "Filter": "((kind_id < 7) AND (production_year < 1961))",
                          "Rows Removed by Filter": 388203
                        }
                      ]
                    }
                  ]
                }
              ]
            }
          ]
        }
      ]
    },
    "Planning Time": 0.616,
    "Triggers": [],
    "Execution Time": 842.881
  }
]