[
  {
    "Plan": {
      "Node Type": "Aggregate",
      "Strategy": "Plain",
      "Partial Mode": "Finalize",
      "Parallel Aware": false,
      "Startup Cost": 351072.18,
      "Total Cost": 351072.2,
      "Plan Rows": 1,
      "Plan Width": 8,
      "Actual Startup Time": 827.934,
      "Actual Total Time": 885.139,
      "Actual Rows": 1,
      "Actual Loops": 1,
      "Plans": [
        {
          "Node Type": "Gather",
          "Parent Relationship": "Outer",
          "Parallel Aware": false,
          "Startup Cost": 351071.56,
          "Total Cost": 351072.17,
          "Plan Rows": 6,
          "Plan Width": 8,
          "Actual Startup Time": 827.803,
          "Actual Total Time": 885.128,
          "Actual Rows": 7,
          "Actual Loops": 1,
          "Workers Planned": 6,
          "Workers Launched": 6,
          "Single Copy": false,
          "Plans": [
            {
              "Node Type": "Aggregate",
              "Strategy": "Plain",
              "Partial Mode": "Partial",
              "Parent Relationship": "Outer",
              "Parallel Aware": false,
              "Startup Cost": 350071.56,
              "Total Cost": 350071.57,
              "Plan Rows": 1,
              "Plan Width": 8,
              "Actual Startup Time": 818.921,
              "Actual Total Time": 818.922,
              "Actual Rows": 1,
              "Actual Loops": 7,
              "Plans": [
                {
                  "Node Type": "Seq Scan",
                  "Parent Relationship": "Outer",
                  "Parallel Aware": true,
                  "Relation Name": "cast_info",
                  "Alias": "ci",
                  "Startup Cost": 0.0,
                  "Total Cost": 343257.03,
                  "Plan Rows": 2725812,
                  "Plan Width": 0,
                  "Actual Startup Time": 217.777,
                  "Actual Total Time": 718.017,
                  "Actual Rows": 2089987,
                  "Actual Loops": 7,
                  "Filter": "((person_id > 1663342) AND (role_id < 9))",
                  "Rows Removed by Filter": 3087777
                }
              ]
            }
          ]
        }
      ]
    },
    "Planning Time": 0.264,
    "Triggers": [],
    "Execution Time": 885.213
  }
]