[
  {
    "Plan": {
      "Node Type": "Aggregate",
      "Strategy": "Plain",
      "Partial Mode": "Finalize",
      "Parallel Aware": false,
      "Startup Cost": 90870.93,
      "Total Cost": 90870.94,
      "Plan Rows": 1,
      "Plan Width": 8,
      "Actual Startup Time": 306.139,
      "Actual Total Time": 321.609,
      "Actual Rows": 1,
      "Actual Loops": 1,
      "Plans": [
        {
          "Node Type": "Gather",
          "Parent Relationship": "Outer",
          "Parallel Aware": false,
          "Startup Cost": 90870.61,
          "Total Cost": 90870.92,
          "Plan Rows": 3,
          "Plan Width": 8,
          "Actual Startup Time": 303.954,
          "Actual Total Time": 321.601,
          "Actual Rows": 4,
          "Actual Loops": 1,
          "Workers Planned": 3,
          "Workers Launched": 3,
          "Single Copy": false,
          "Plans": [
            {
              "Node Type": "Aggregate",
              "Strategy": "Plain",
              "Partial Mode": "Partial",
              "Parent Relationship": "Outer",
              "Parallel Aware": false,
              "Startup Cost": 89870.61,
              "Total Cost": 89870.62,
              "Plan Rows": 1,
              "Plan Width": 8,
              "Actual Startup Time": 295.64,
              "Actual Total Time": 295.645,
              "Actual Rows": 1,
              "Actual Loops": 4,
              "Plans": [
                {
                  "Node Type": "Hash Join",
                  "Parent Relationship": "Outer",
                  "Parallel Aware": true,
                  "Join Type": "Inner",
                  "Startup Cost": 46088.19,
                  "Total Cost": 89643.7,
                  "Plan Rows": 90765,
                  "Plan Width": 0,
                  "Actual Startup Time": 160.502,
                  "Actual Total Time": 291.503,
                  "Actual Rows": 98162,
                  "Actual Loops": 4,
                  "Inner Unique": true,
                  "Hash Cond": "(mk.movie_id = t.id)",
                  "Plans": [
                    {
                      "Node Type": "Seq Scan",
                      "Parent Relationship": "Outer",
                      "Parallel Aware": true,
                      "Relation Name": "movie_keyword",
                      "Alias": "mk",
                      "Startup Cost": 0.0,
                      "Total Cost": 42695.65,
                      "Plan Rows": 327564,
                      "Plan Width": 4,
                      "Actual Startup Time": 0.025,
                      "Actual Total Time": 85.982,
                      "Actual Rows": 255205,
                      "Actual Loops": 4,
                      "Filter": "(keyword_id < 994)",
                      "Rows Removed by Filter": 875778
                    },
                    {
                      "Node Type": "Hash",
                      "Parent Relationship": "Inner",
                      "Parallel Aware": true,
                      "Startup Cost": 43898.92,
                      "Total Cost": 43898.92,
                      "Plan Rows": 175142,
                      "Plan Width": 4,
                      "Actual Startup Time": 155.259,
                      "Actual Total Time": 155.26,
                      "Actual Rows": 176796,
                      "Actual Loops": 4,
                      "Hash Buckets": 1048576,
                      "Original Hash Buckets": 1048576,
                      "Hash Batches": 1,
                      "Original Hash Batches": 1,
                      "Peak Memory Usage": 35904,
                      "Plans": [
                        {
                          "Node Type": "Seq Scan",
                          "Parent Relationship": "Outer",
                          "Parallel Aware": true,
                          "Relation Name": "title",
                          "Alias": "t",
                          "Startup Cost": 0.0,
                          "Total Cost": 43898.92,
                          "Plan Rows": 175142,
                          "Plan Width": 4,
                          "Actual Startup Time": 0.032,
                          "Actual Total Time": 94.865,
                          "Actual Rows": 176796,
                          "Actual Loops": 4,
                          "Filter": "(production_year < 1991)",
                          "Rows Removed by Filter": 455282
                        }
                      ]
                    }
                  ]
                }
              ]
            }
          ]
        }
      ]
    },
    "Planning Time": 0.585,
    "Triggers": [],
    "Execution Time": 321.679
  }
]