[
  {
    "Plan": {
      "Node Type": "Aggregate",
      "Strategy": "Plain",
      "Partial Mode": "Finalize",
      "Parallel Aware": false,
      "Startup Cost": 92877.78,
      "Total Cost": 92877.79,
      "Plan Rows": 1,
      "Plan Width": 8,
      "Actual Startup Time": 294.946,
      "Actual Total Time": 313.263,
      "Actual Rows": 1,
      "Actual Loops": 1,
      "Plans": [
        {
          "Node Type": "Gather",
          "Parent Relationship": "Outer",
          "Parallel Aware": false,
          "Startup Cost": 92877.46,
          "Total Cost": 92877.77,
          "Plan Rows": 3,
          "Plan Width": 8,
          "Actual Startup Time": 294.414,
          "Actual Total Time": 313.254,
          "Actual Rows": 4,
          "Actual Loops": 1,
          "Workers Planned": 3,
          "Workers Launched": 3,
          "Single Copy": false,
          "Plans": [
            {
              "Node Type": "Aggregate",
              "Strategy": "Plain",
              "Partial Mode": "Partial",
              "Parent Relationship": "Outer",
              "Parallel Aware": false,
              "Startup Cost": 91877.46,
              "Total Cost": 91877.47,
              "Plan Rows": 1,
              "Plan Width": 8,
              "Actual Startup Time": 285.919,
              "Actual Total Time": 285.922,
              "Actual Rows": 1,
              "Actual Loops": 4,
              "Plans": [
                {
                  "Node Type": "Hash Join",
                  "Parent Relationship": "Outer",
                  "Parallel Aware": true,
                  "Join Type": "Inner",
                  "Startup Cost": 46035.89,
                  "Total Cost": 91679.6,
                  "Plan Rows": 79145,
                  "Plan Width": 0,
                  "Actual Startup Time": 107.586,
                  "Actual Total Time": 285.445,
                  "Actual Rows": 9402,
                  "Actual Loops": 4,
                  "Inner Unique": true,
                  "Hash Cond": "(mk.movie_id = t.id)",
                  "Plans": [
                    {
                      "Node Type": "Seq Scan",
                      "Parent Relationship": "Outer",
                      "Parallel Aware": true,
                      "Relation Name": "movie_keyword",
                      "Alias": "mk",
                      "Startup Cost": 0.0,
                      "Total Cost": 42695.65,
                      "Plan Rows": 1123070,
                      "Plan Width": 4,
                      "Actual Startup Time": 0.032,
                      "Actual Total Time": 116.889,
                      "Actual Rows": 869762,
                      "Actual Loops": 4,
                      "Filter": "(keyword_id < 16986)",
                      "Rows Removed by Filter": 261220
                    },
                    {
                      "Node Type": "Hash",
                      "Parent Relationship": "Inner",
                      "Parallel Aware": true,
                      "Startup Cost": 45479.1,
                      "Total Cost": 45479.1,
                      "Plan Rows": 44543,
                      "Plan Width": 4,
                      "Actual Startup Time": 105.338,
                      "Actual Total Time": 105.339,
                      "Actual Rows": 15060,
                      "Actual Loops": 4,
                      "Hash Buckets": 262144,
                      "Original Hash Buckets": 262144,
                      "Hash Batches": 1,
                      "Original Hash Batches": 1,
                      "Peak Memory Usage": 4480,
                      "Plans": [
                        {
                          "Node Type": "Seq Scan",
                          "Parent Relationship": "Outer",
                          "Parallel Aware": true,
                          "Relation Name": "title",
                          "Alias": "t",
                          "Startup Cost": 0.0,
                          "Total Cost": 45479.1,
                          "Plan Rows": 44543,
                          "Plan Width": 4,
                          "Actual Startup Time": 0.05,
                          "Actual Total Time": 98.314,
                          "Actual Rows": 15060,
                          "Actual Loops": 4,
                          "Filter": "((kind_id > 1) AND (production_year < 1961))",
                          "Rows Removed by Filter": 617018
                        }
                      ]
                    }
                  ]
                }
              ]
            }
          ]
        }
      ]
    },
    "Planning Time": 0.531,
    "Triggers": [],
    "Execution Time": 313.319
  }
]