[
    {
        "Bao": {
            "Bao prediction": "NaN",
            "Bao recommended hint": "(no hint)"
        }
    },
    {
        "Plan": {
            "Node Type": "Aggregate",
            "Strategy": "Plain",
            "Partial Mode": "Finalize",
            "Parallel Aware": false,
            "Startup Cost": 96875.77,
            "Total Cost": 96875.78,
            "Plan Rows": 1,
            "Plan Width": 8,
            "Actual Startup Time": 531.292,
            "Actual Total Time": 541.655,
            "Actual Rows": 1,
            "Actual Loops": 1,
            "Output": [
                "count(*)"
            ],
            "Plans": [
                {
                    "Node Type": "Gather",
                    "Parent Relationship": "Outer",
                    "Parallel Aware": false,
                    "Startup Cost": 96875.46,
                    "Total Cost": 96875.77,
                    "Plan Rows": 3,
                    "Plan Width": 8,
                    "Actual Startup Time": 525.619,
                    "Actual Total Time": 541.645,
                    "Actual Rows": 4,
                    "Actual Loops": 1,
                    "Output": [
                        "(PARTIAL count(*))"
                    ],
                    "Workers Planned": 3,
                    "Workers Launched": 3,
                    "Single Copy": false,
                    "Plans": [
                        {
                            "Node Type": "Aggregate",
                            "Strategy": "Plain",
                            "Partial Mode": "Partial",
                            "Parent Relationship": "Outer",
                            "Parallel Aware": false,
                            "Startup Cost": 95875.46,
                            "Total Cost": 95875.47,
                            "Plan Rows": 1,
                            "Plan Width": 8,
                            "Actual Startup Time": 517.382,
                            "Actual Total Time": 517.385,
                            "Actual Rows": 1,
                            "Actual Loops": 4,
                            "Output": [
                                "PARTIAL count(*)"
                            ],
                            "Workers": [
                                {
                                    "Worker Number": 0,
                                    "Actual Startup Time": 514.269,
                                    "Actual Total Time": 514.271,
                                    "Actual Rows": 1,
                                    "Actual Loops": 1
                                },
                                {
                                    "Worker Number": 1,
                                    "Actual Startup Time": 515.396,
                                    "Actual Total Time": 515.398,
                                    "Actual Rows": 1,
                                    "Actual Loops": 1
                                },
                                {
                                    "Worker Number": 2,
                                    "Actual Startup Time": 514.774,
                                    "Actual Total Time": 514.777,
                                    "Actual Rows": 1,
                                    "Actual Loops": 1
                                }
                            ],
                            "Plans": [
                                {
                                    "Node Type": "Hash Join",
                                    "Parent Relationship": "Outer",
                                    "Parallel Aware": true,
                                    "Join Type": "Inner",
                                    "Startup Cost": 47847.38,
                                    "Total Cost": 94155.95,
                                    "Plan Rows": 687803,
                                    "Plan Width": 0,
                                    "Actual Startup Time": 224.176,
                                    "Actual Total Time": 485.23,
                                    "Actual Rows": 688609,
                                    "Actual Loops": 4,
                                    "Inner Unique": true,
                                    "Hash Cond": "(mk.movie_id = t.id)",
                                    "Workers": [
                                        {
                                            "Worker Number": 0,
                                            "Actual Startup Time": 221.268,
                                            "Actual Total Time": 482.998,
                                            "Actual Rows": 740443,
                                            "Actual Loops": 1
                                        },
                                        {
                                            "Worker Number": 1,
                                            "Actual Startup Time": 221.49,
                                            "Actual Total Time": 482.86,
                                            "Actual Rows": 475708,
                                            "Actual Loops": 1
                                        },
                                        {
                                            "Worker Number": 2,
                                            "Actual Startup Time": 221.771,
                                            "Actual Total Time": 483.155,
                                            "Actual Rows": 748638,
                                            "Actual Loops": 1
                                        }
                                    ],
                                    "Plans": [
                                        {
                                            "Node Type": "Seq Scan",
                                            "Parent Relationship": "Outer",
                                            "Parallel Aware": true,
                                            "Relation Name": "movie_keyword",
                                            "Schema": "public",
                                            "Alias": "mk",
                                            "Startup Cost": 0.0,
                                            "Total Cost": 42695.65,
                                            "Plan Rows": 1376344,
                                            "Plan Width": 4,
                                            "Actual Startup Time": 0.019,
                                            "Actual Total Time": 116.172,
                                            "Actual Rows": 1067866,
                                            "Actual Loops": 4,
                                            "Output": [
                                                "mk.id",
                                                "mk.movie_id",
                                                "mk.keyword_id"
                                            ],
                                            "Filter": "(mk.keyword_id < 60150)",
                                            "Rows Removed by Filter": 63116,
                                            "Workers": [
                                                {
                                                    "Worker Number": 0,
                                                    "Actual Startup Time": 0.014,
                                                    "Actual Total Time": 117.851,
                                                    "Actual Rows": 1158485,
                                                    "Actual Loops": 1
                                                },
                                                {
                                                    "Worker Number": 1,
                                                    "Actual Startup Time": 0.019,
                                                    "Actual Total Time": 120.376,
                                                    "Actual Rows": 737771,
                                                    "Actual Loops": 1
                                                },
                                                {
                                                    "Worker Number": 2,
                                                    "Actual Startup Time": 0.028,
                                                    "Actual Total Time": 117.138,
                                                    "Actual Rows": 1153127,
                                                    "Actual Loops": 1
                                                }
                                            ]
                                        },
                                        {
                                            "Node Type": "Hash",
                                            "Parent Relationship": "Inner",
                                            "Parallel Aware": true,
                                            "Startup Cost": 43899.01,
                                            "Total Cost": 43899.01,
                                            "Plan Rows": 315870,
                                            "Plan Width": 4,
                                            "Actual Startup Time": 219.126,
                                            "Actual Total Time": 219.127,
                                            "Actual Rows": 315925,
                                            "Actual Loops": 4,
                                            "Output": [
                                                "t.id"
                                            ],
                                            "Hash Buckets": 2097152,
                                            "Original Hash Buckets": 2097152,
                                            "Hash Batches": 1,
                                            "Original Hash Batches": 1,
                                            "Peak Memory Usage": 65888,
                                            "Workers": [
                                                {
                                                    "Worker Number": 0,
                                                    "Actual Startup Time": 220.44,
                                                    "Actual Total Time": 220.441,
                                                    "Actual Rows": 311882,
                                                    "Actual Loops": 1
                                                },
                                                {
                                                    "Worker Number": 1,
                                                    "Actual Startup Time": 220.648,
                                                    "Actual Total Time": 220.649,
                                                    "Actual Rows": 222521,
                                                    "Actual Loops": 1
                                                },
                                                {
                                                    "Worker Number": 2,
                                                    "Actual Startup Time": 220.983,
                                                    "Actual Total Time": 220.984,
                                                    "Actual Rows": 315596,
                                                    "Actual Loops": 1
                                                }
                                            ],
                                            "Plans": [
                                                {
                                                    "Node Type": "Seq Scan",
                                                    "Parent Relationship": "Outer",
                                                    "Parallel Aware": true,
                                                    "Relation Name": "title",
                                                    "Schema": "public",
                                                    "Alias": "t",
                                                    "Startup Cost": 0.0,
                                                    "Total Cost": 43899.01,
                                                    "Plan Rows": 315870,
                                                    "Plan Width": 4,
                                                    "Actual Startup Time": 0.044,
                                                    "Actual Total Time": 104.033,
                                                    "Actual Rows": 315925,
                                                    "Actual Loops": 4,
                                                    "Output": [
                                                        "t.id"
                                                    ],
                                                    "Filter": "(t.production_year < 2004)",
                                                    "Rows Removed by Filter": 316153,
                                                    "Workers": [
                                                        {
                                                            "Worker Number": 0,
                                                            "Actual Startup Time": 0.067,
                                                            "Actual Total Time": 104.237,
                                                            "Actual Rows": 311882,
                                                            "Actual Loops": 1
                                                        },
                                                        {
                                                            "Worker Number": 1,
                                                            "Actual Startup Time": 0.054,
                                                            "Actual Total Time": 109.577,
                                                            "Actual Rows": 222521,
                                                            "Actual Loops": 1
                                                        },
                                                        {
                                                            "Worker Number": 2,
                                                            "Actual Startup Time": 0.046,
                                                            "Actual Total Time": 105.968,
                                                            "Actual Rows": 315596,
                                                            "Actual Loops": 1
                                                        }
                                                    ]
                                                }
                                            ]
                                        }
                                    ]
                                }
                            ]
                        }
                    ]
                }
            ]
        },
        "Planning Time": 214.448,
        "Triggers": [],
        "Execution Time": 541.759
    }
]