[
  {
    "Plan": {
      "Node Type": "Aggregate",
      "Strategy": "Plain",
      "Partial Mode": "Finalize",
      "Parallel Aware": false,
      "Startup Cost": 346230.23,
      "Total Cost": 346230.24,
      "Plan Rows": 1,
      "Plan Width": 8,
      "Actual Startup Time": 639.198,
      "Actual Total Time": 701.622,
      "Actual Rows": 1,
      "Actual Loops": 1,
      "Plans": [
        {
          "Node Type": "Gather",
          "Parent Relationship": "Outer",
          "Parallel Aware": false,
          "Startup Cost": 346229.61,
          "Total Cost": 346230.22,
          "Plan Rows": 6,
          "Plan Width": 8,
          "Actual Startup Time": 639.002,
          "Actual Total Time": 701.601,
          "Actual Rows": 7,
          "Actual Loops": 1,
          "Workers Planned": 6,
          "Workers Launched": 6,
          "Single Copy": false,
          "Plans": [
            {
              "Node Type": "Aggregate",
              "Strategy": "Plain",
              "Partial Mode": "Partial",
              "Parent Relationship": "Outer",
              "Parallel Aware": false,
              "Startup Cost": 345229.61,
              "Total Cost": 345229.62,
              "Plan Rows": 1,
              "Plan Width": 8,
              "Actual Startup Time": 631.408,
              "Actual Total Time": 631.41,
              "Actual Rows": 1,
              "Actual Loops": 7,
              "Plans": [
                {
                  "Node Type": "Seq Scan",
                  "Parent Relationship": "Outer",
                  "Parallel Aware": true,
                  "Relation Name": "cast_info",
                  "Alias": "ci",
                  "Startup Cost": 0.0,
                  "Total Cost": 343316.27,
                  "Plan Rows": 765334,
                  "Plan Width": 0,
                  "Actual Startup Time": 330.329,
                  "Actual Total Time": 613.134,
                  "Actual Rows": 415684,
                  "Actual Loops": 7,
                  "Filter": "((person_id < 1021164) AND (role_id > 2))",
                  "Rows Removed by Filter": 4762079
                }
              ]
            }
          ]
        }
      ]
    },
    "Planning Time": 0.183,
    "Triggers": [],
    "Execution Time": 701.685
  }
]