[
  {
    "Plan": {
      "Node Type": "Aggregate",
      "Strategy": "Plain",
      "Partial Mode": "Finalize",
      "Parallel Aware": false,
      "Startup Cost": 240533.34,
      "Total Cost": 240533.35,
      "Plan Rows": 1,
      "Plan Width": 8,
      "Actual Startup Time": 241.61,
      "Actual Total Time": 248.902,
      "Actual Rows": 1,
      "Actual Loops": 1,
      "Plans": [
        {
          "Node Type": "Gather",
          "Parent Relationship": "Outer",
          "Parallel Aware": false,
          "Startup Cost": 240532.82,
          "Total Cost": 240533.33,
          "Plan Rows": 5,
          "Plan Width": 8,
          "Actual Startup Time": 238.406,
          "Actual Total Time": 248.896,
          "Actual Rows": 6,
          "Actual Loops": 1,
          "Workers Planned": 5,
          "Workers Launched": 5,
          "Single Copy": false,
          "Plans": [
            {
              "Node Type": "Aggregate",
              "Strategy": "Plain",
              "Partial Mode": "Partial",
              "Parent Relationship": "Outer",
              "Parallel Aware": false,
              "Startup Cost": 239532.82,
              "Total Cost": 239532.83,
              "Plan Rows": 1,
              "Plan Width": 8,
              "Actual Startup Time": 231.867,
              "Actual Total Time": 231.87,
              "Actual Rows": 1,
              "Actual Loops": 6,
              "Plans": [
                {
                  "Node Type": "Hash Join",
                  "Parent Relationship": "Outer",
                  "Parallel Aware": true,
                  "Join Type": "Inner",
                  "Startup Cost": 72794.32,
                  "Total Cost": 239429.28,
                  "Plan Rows": 41418,
                  "Plan Width": 0,
                  "Actual Startup Time": 142.567,
                  "Actual Total Time": 228.488,
                  "Actual Rows": 58574,
                  "Actual Loops": 6,
                  "Inner Unique": true,
                  "Hash Cond": "(mi.movie_id = t.id)",
                  "Plans": [
                    {
                      "Node Type": "Bitmap Heap Scan",
                      "Parent Relationship": "Outer",
                      "Parallel Aware": true,
                      "Relation Name": "movie_info",
                      "Alias": "mi",
                      "Startup Cost": 27829.04,
                      "Total Cost": 193658.37,
                      "Plan Rows": 306906,
                      "Plan Width": 4,
                      "Actual Startup Time": 55.159,
                      "Actual Total Time": 92.78,
                      "Actual Rows": 255652,
                      "Actual Loops": 6,
                      "Recheck Cond": "(info_type_id = 3)",
                      "Rows Removed by Index Recheck": 0,
                      "Exact Heap Blocks": 1669,
                      "Lossy Heap Blocks": 0,
                      "Plans": [
                        {
                          "Node Type": "Bitmap Index Scan",
                          "Parent Relationship": "Outer",
                          "Parallel Aware": false,
                          "Index Name": "info_type_id_movie_info",
                          "Startup Cost": 0.0,
                          "Total Cost": 27445.41,
                          "Plan Rows": 1534530,
                          "Plan Width": 0,
                          "Actual Startup Time": 53.551,
                          "Actual Total Time": 53.552,
                          "Actual Rows": 1533909,
                          "Actual Loops": 1,
                          "Index Cond": "(info_type_id = 3)"
                        }
                      ]
                    },
                    {
                      "Node Type": "Hash",
                      "Parent Relationship": "Inner",
                      "Parallel Aware": true,
                      "Startup Cost": 43899.01,
                      "Total Cost": 43899.01,
                      "Plan Rows": 85302,
                      "Plan Width": 4,
                      "Actual Startup Time": 85.968,
                      "Actual Total Time": 85.969,
                      "Actual Rows": 56308,
                      "Actual Loops": 6,
                      "Hash Buckets": 524288,
                      "Original Hash Buckets": 524288,
                      "Hash Batches": 1,
                      "Original Hash Batches": 1,
                      "Peak Memory Usage": 17408,
                      "Plans": [
                        {
                          "Node Type": "Seq Scan",
                          "Parent Relationship": "Outer",
                          "Parallel Aware": true,
                          "Relation Name": "title",
                          "Alias": "t",
                          "Startup Cost": 0.0,
                          "Total Cost": 43899.01,
                          "Plan Rows": 85302,
                          "Plan Width": 4,
                          "Actual Startup Time": 0.031,
                          "Actual Total Time": 66.284,
                          "Actual Rows": 56308,
                          "Actual Loops": 6,
                          "Filter": "(production_year < 1968)",
                          "Rows Removed by Filter": 365078
                        }
                      ]
                    }
                  ]
                }
              ]
            }
          ]
        }
      ]
    },
    "Planning Time": 0.212,
    "Triggers": [],
    "Execution Time": 248.937
  }
]