{
  "Plan": {
    "Node Type": "Aggregate",
    "Strategy": "Plain",
    "Partial Mode": "Finalize",
    "Parallel Aware": false,
    "Startup Cost": 57249.32,
    "Total Cost": 57249.33,
    "Plan Rows": 1,
    "Plan Width": 8,
    "Actual Startup Time": 147.084,
    "Actual Total Time": 154.997,
    "Actual Rows": 1,
    "Actual Loops": 1,
    "Plans": [
      {
        "Node Type": "Gather",
        "Parent Relationship": "Outer",
        "Parallel Aware": false,
        "Startup Cost": 57249.21,
        "Total Cost": 57249.32,
        "Plan Rows": 1,
        "Plan Width": 8,
        "Actual Startup Time": 146.822,
        "Actual Total Time": 154.991,
        "Actual Rows": 2,
        "Actual Loops": 1,
        "Workers Planned": 1,
        "Workers Launched": 1,
        "Single Copy": false,
        "Plans": [
          {
            "Node Type": "Aggregate",
            "Strategy": "Plain",
            "Partial Mode": "Partial",
            "Parent Relationship": "Outer",
            "Parallel Aware": false,
            "Startup Cost": 56249.21,
            "Total Cost": 56249.22,
            "Plan Rows": 1,
            "Plan Width": 8,
            "Actual Startup Time": 140.586,
            "Actual Total Time": 140.591,
            "Actual Rows": 1,
            "Actual Loops": 2,
            "Plans": [
              {
                "Node Type": "Hash Join",
                "Parent Relationship": "Outer",
                "Parallel Aware": true,
                "Join Type": "Inner",
                "Startup Cost": 37139.26,
                "Total Cost": 56245.36,
                "Plan Rows": 1539,
                "Plan Width": 0,
                "Actual Startup Time": 80.095,
                "Actual Total Time": 140.564,
                "Actual Rows": 243,
                "Actual Loops": 2,
                "Inner Unique": false,
                "Hash Cond": "(mi_idx.movie_id = t.id)",
                "Plans": [
                  {
                    "Node Type": "Seq Scan",
                    "Parent Relationship": "Outer",
                    "Parallel Aware": true,
                    "Relation Name": "movie_info_idx",
                    "Alias": "mi_idx",
                    "Startup Cost": 0.0,
                    "Total Cost": 16052.85,
                    "Plan Rows": 811785,
                    "Plan Width": 4,
                    "Actual Startup Time": 0.014,
                    "Actual Total Time": 51.516,
                    "Actual Rows": 690018,
                    "Actual Loops": 2
                  },
                  {
                    "Node Type": "Hash",
                    "Parent Relationship": "Inner",
                    "Parallel Aware": true,
                    "Startup Cost": 37103.99,
                    "Total Cost": 37103.99,
                    "Plan Rows": 2821,
                    "Plan Width": 8,
                    "Actual Startup Time": 39.399,
                    "Actual Total Time": 39.401,
                    "Actual Rows": 3502,
                    "Actual Loops": 2,
                    "Hash Buckets": 8192,
                    "Original Hash Buckets": 8192,
                    "Hash Batches": 1,
                    "Original Hash Batches": 1,
                    "Peak Memory Usage": 384,
                    "Plans": [
                      {
                        "Node Type": "Nested Loop",
                        "Parent Relationship": "Outer",
                        "Parallel Aware": false,
                        "Join Type": "Inner",
                        "Startup Cost": 211.12,
                        "Total Cost": 37103.99,
                        "Plan Rows": 2821,
                        "Plan Width": 8,
                        "Actual Startup Time": 3.222,
                        "Actual Total Time": 37.876,
                        "Actual Rows": 3502,
                        "Actual Loops": 2,
                        "Inner Unique": true,
                        "Plans": [
                          {
                            "Node Type": "Bitmap Heap Scan",
                            "Parent Relationship": "Outer",
                            "Parallel Aware": true,
                            "Relation Name": "movie_companies",
                            "Alias": "mc",
                            "Startup Cost": 210.69,
                            "Total Cost": 16349.34,
                            "Plan Rows": 2821,
                            "Plan Width": 4,
                            "Actual Startup Time": 3.048,
                            "Actual Total Time": 12.295,
                            "Actual Rows": 3502,
                            "Actual Loops": 2,
                            "Recheck Cond": "(company_id = 11141)",
                            "Rows Removed by Index Recheck": 0,
                            "Filter": "(company_type_id = 1)",
                            "Rows Removed by Filter": 1112,
                            "Exact Heap Blocks": 3431,
                            "Lossy Heap Blocks": 0,
                            "Plans": [
                              {
                                "Node Type": "Bitmap Index Scan",
                                "Parent Relationship": "Outer",
                                "Parallel Aware": false,
                                "Index Name": "company_id_movie_companies",
                                "Startup Cost": 0.0,
                                "Total Cost": 209.49,
                                "Plan Rows": 9741,
                                "Plan Width": 0,
                                "Actual Startup Time": 3.881,
                                "Actual Total Time": 3.881,
                                "Actual Rows": 9230,
                                "Actual Loops": 1,
                                "Index Cond": "(company_id = 11141)"
                              }
                            ]
                          },
                          {
                            "Node Type": "Index Only Scan",
                            "Parent Relationship": "Inner",
                            "Parallel Aware": false,
                            "Scan Direction": "Forward",
                            "Index Name": "title_pkey",
                            "Relation Name": "title",
                            "Alias": "t",
                            "Startup Cost": 0.43,
                            "Total Cost": 7.36,
                            "Plan Rows": 1,
                            "Plan Width": 4,
                            "Actual Startup Time": 0.007,
                            "Actual Total Time": 0.007,
                            "Actual Rows": 1,
                            "Actual Loops": 7005,
                            "Index Cond": "(id = mc.movie_id)",
                            "Rows Removed by Index Recheck": 0,
                            "Heap Fetches": 7005
                          }
                        ]
                      }
                    ]
                  }
                ]
              }
            ]
          }
        ]
      }
    ]
  },
  "Planning Time": 1.154,
  "Triggers": [],
  "Execution Time": 155.096
}