[
    {
        "Bao": {
            "Bao prediction": "NaN",
            "Bao recommended hint": "(no hint)"
        }
    },
    {
        "Plan": {
            "Node Type": "Aggregate",
            "Strategy": "Plain",
            "Partial Mode": "Finalize",
            "Parallel Aware": false,
            "Startup Cost": 295009.22,
            "Total Cost": 295009.23,
            "Plan Rows": 1,
            "Plan Width": 8,
            "Actual Startup Time": 141.02,
            "Actual Total Time": 146.933,
            "Actual Rows": 1,
            "Actual Loops": 1,
            "Output": [
                "count(*)"
            ],
            "Plans": [
                {
                    "Node Type": "Gather",
                    "Parent Relationship": "Outer",
                    "Parallel Aware": false,
                    "Startup Cost": 295008.59,
                    "Total Cost": 295009.2,
                    "Plan Rows": 6,
                    "Plan Width": 8,
                    "Actual Startup Time": 140.497,
                    "Actual Total Time": 146.927,
                    "Actual Rows": 7,
                    "Actual Loops": 1,
                    "Output": [
                        "(PARTIAL count(*))"
                    ],
                    "Workers Planned": 6,
                    "Workers Launched": 6,
                    "Single Copy": false,
                    "Plans": [
                        {
                            "Node Type": "Aggregate",
                            "Strategy": "Plain",
                            "Partial Mode": "Partial",
                            "Parent Relationship": "Outer",
                            "Parallel Aware": false,
                            "Startup Cost": 294008.59,
                            "Total Cost": 294008.6,
                            "Plan Rows": 1,
                            "Plan Width": 8,
                            "Actual Startup Time": 130.47,
                            "Actual Total Time": 130.471,
                            "Actual Rows": 1,
                            "Actual Loops": 7,
                            "Output": [
                                "PARTIAL count(*)"
                            ],
                            "Workers": [
                                {
                                    "Worker Number": 0,
                                    "Actual Startup Time": 127.964,
                                    "Actual Total Time": 127.966,
                                    "Actual Rows": 1,
                                    "Actual Loops": 1
                                },
                                {
                                    "Worker Number": 1,
                                    "Actual Startup Time": 128.551,
                                    "Actual Total Time": 128.552,
                                    "Actual Rows": 1,
                                    "Actual Loops": 1
                                },
                                {
                                    "Worker Number": 2,
                                    "Actual Startup Time": 128.945,
                                    "Actual Total Time": 128.946,
                                    "Actual Rows": 1,
                                    "Actual Loops": 1
                                },
                                {
                                    "Worker Number": 3,
                                    "Actual Startup Time": 128.984,
                                    "Actual Total Time": 128.986,
                                    "Actual Rows": 1,
                                    "Actual Loops": 1
                                },
                                {
                                    "Worker Number": 4,
                                    "Actual Startup Time": 129.082,
                                    "Actual Total Time": 129.083,
                                    "Actual Rows": 1,
                                    "Actual Loops": 1
                                },
                                {
                                    "Worker Number": 5,
                                    "Actual Startup Time": 129.605,
                                    "Actual Total Time": 129.606,
                                    "Actual Rows": 1,
                                    "Actual Loops": 1
                                }
                            ],
                            "Plans": [
                                {
                                    "Node Type": "Bitmap Heap Scan",
                                    "Parent Relationship": "Outer",
                                    "Parallel Aware": true,
                                    "Relation Name": "cast_info",
                                    "Schema": "public",
                                    "Alias": "ci",
                                    "Startup Cost": 37118.42,
                                    "Total Cost": 293308.06,
                                    "Plan Rows": 280212,
                                    "Plan Width": 0,
                                    "Actual Startup Time": 51.915,
                                    "Actual Total Time": 114.712,
                                    "Actual Rows": 242471,
                                    "Actual Loops": 7,
                                    "Recheck Cond": "(ci.person_id < 168747)",
                                    "Rows Removed by Index Recheck": 0,
                                    "Exact Heap Blocks": 4504,
                                    "Lossy Heap Blocks": 0,
                                    "Workers": [
                                        {
                                            "Worker Number": 0,
                                            "Actual Startup Time": 49.845,
                                            "Actual Total Time": 112.92,
                                            "Actual Rows": 178243,
                                            "Actual Loops": 1
                                        },
                                        {
                                            "Worker Number": 1,
                                            "Actual Startup Time": 50.369,
                                            "Actual Total Time": 113.06,
                                            "Actual Rows": 184050,
                                            "Actual Loops": 1
                                        },
                                        {
                                            "Worker Number": 2,
                                            "Actual Startup Time": 50.207,
                                            "Actual Total Time": 113.436,
                                            "Actual Rows": 236093,
                                            "Actual Loops": 1
                                        },
                                        {
                                            "Worker Number": 3,
                                            "Actual Startup Time": 50.637,
                                            "Actual Total Time": 113.359,
                                            "Actual Rows": 183355,
                                            "Actual Loops": 1
                                        },
                                        {
                                            "Worker Number": 4,
                                            "Actual Startup Time": 50.335,
                                            "Actual Total Time": 113.53,
                                            "Actual Rows": 238161,
                                            "Actual Loops": 1
                                        },
                                        {
                                            "Worker Number": 5,
                                            "Actual Startup Time": 50.987,
                                            "Actual Total Time": 114.932,
                                            "Actual Rows": 230244,
                                            "Actual Loops": 1
                                        }
                                    ],
                                    "Plans": [
                                        {
                                            "Node Type": "Bitmap Index Scan",
                                            "Parent Relationship": "Outer",
                                            "Parallel Aware": false,
                                            "Index Name": "person_id_cast_info",
                                            "Startup Cost": 0.0,
                                            "Total Cost": 36698.1,
                                            "Plan Rows": 1681271,
                                            "Plan Width": 0,
                                            "Actual Startup Time": 58.396,
                                            "Actual Total Time": 58.397,
                                            "Actual Rows": 1697297,
                                            "Actual Loops": 1,
                                            "Index Cond": "(ci.person_id < 168747)"
                                        }
                                    ]
                                }
                            ]
                        }
                    ]
                }
            ]
        },
        "Planning Time": 196.474,
        "Triggers": [],
        "Execution Time": 146.977
    }
]