[
  {
    "Plan": {
      "Node Type": "Aggregate",
      "Strategy": "Plain",
      "Partial Mode": "Finalize",
      "Parallel Aware": false,
      "Startup Cost": 31228.18,
      "Total Cost": 31228.19,
      "Plan Rows": 1,
      "Plan Width": 8,
      "Actual Startup Time": 104.076,
      "Actual Total Time": 112.766,
      "Actual Rows": 1,
      "Actual Loops": 1,
      "Plans": [
        {
          "Node Type": "Gather",
          "Parent Relationship": "Outer",
          "Parallel Aware": false,
          "Startup Cost": 31227.86,
          "Total Cost": 31228.17,
          "Plan Rows": 3,
          "Plan Width": 8,
          "Actual Startup Time": 103.952,
          "Actual Total Time": 112.758,
          "Actual Rows": 4,
          "Actual Loops": 1,
          "Workers Planned": 3,
          "Workers Launched": 3,
          "Single Copy": false,
          "Plans": [
            {
              "Node Type": "Aggregate",
              "Strategy": "Plain",
              "Partial Mode": "Partial",
              "Parent Relationship": "Outer",
              "Parallel Aware": false,
              "Startup Cost": 30227.86,
              "Total Cost": 30227.87,
              "Plan Rows": 1,
              "Plan Width": 8,
              "Actual Startup Time": 98.217,
              "Actual Total Time": 98.218,
              "Actual Rows": 1,
              "Actual Loops": 4,
              "Plans": [
                {
                  "Node Type": "Seq Scan",
                  "Parent Relationship": "Outer",
                  "Parallel Aware": true,
                  "Relation Name": "movie_companies",
                  "Alias": "mc",
                  "Startup Cost": 0.0,
                  "Total Cost": 29310.68,
                  "Plan Rows": 366873,
                  "Plan Width": 0,
                  "Actual Startup Time": 18.944,
                  "Actual Total Time": 83.876,
                  "Actual Rows": 285208,
                  "Actual Loops": 4,
                  "Filter": "(company_id > 13330)",
                  "Rows Removed by Filter": 367074
                }
              ]
            }
          ]
        }
      ]
    },
    "Planning Time": 0.124,
    "Triggers": [],
    "Execution Time": 112.805
  }
]