[
  {
    "Plan": {
      "Node Type": "Aggregate",
      "Strategy": "Plain",
      "Partial Mode": "Finalize",
      "Parallel Aware": false,
      "Startup Cost": 45397.0,
      "Total Cost": 45397.01,
      "Plan Rows": 1,
      "Plan Width": 8,
      "Actual Startup Time": 146.748,
      "Actual Total Time": 156.736,
      "Actual Rows": 1,
      "Actual Loops": 1,
      "Plans": [
        {
          "Node Type": "Gather",
          "Parent Relationship": "Outer",
          "Parallel Aware": false,
          "Startup Cost": 45396.68,
          "Total Cost": 45396.99,
          "Plan Rows": 3,
          "Plan Width": 8,
          "Actual Startup Time": 146.597,
          "Actual Total Time": 156.728,
          "Actual Rows": 4,
          "Actual Loops": 1,
          "Workers Planned": 3,
          "Workers Launched": 3,
          "Single Copy": false,
          "Plans": [
            {
              "Node Type": "Aggregate",
              "Strategy": "Plain",
              "Partial Mode": "Partial",
              "Parent Relationship": "Outer",
              "Parallel Aware": false,
              "Startup Cost": 44396.68,
              "Total Cost": 44396.69,
              "Plan Rows": 1,
              "Plan Width": 8,
              "Actual Startup Time": 140.344,
              "Actual Total Time": 140.345,
              "Actual Rows": 1,
              "Actual Loops": 4,
              "Plans": [
                {
                  "Node Type": "Seq Scan",
                  "Parent Relationship": "Outer",
                  "Parallel Aware": true,
                  "Relation Name": "movie_keyword",
                  "Alias": "mk",
                  "Startup Cost": 0.0,
                  "Total Cost": 42695.65,
                  "Plan Rows": 680410,
                  "Plan Width": 0,
                  "Actual Startup Time": 0.046,
                  "Actual Total Time": 114.561,
                  "Actual Rows": 529442,
                  "Actual Loops": 4,
                  "Filter": "(keyword_id < 3874)",
                  "Rows Removed by Filter": 601541
                }
              ]
            }
          ]
        }
      ]
    },
    "Planning Time": 0.089,
    "Triggers": [],
    "Execution Time": 156.768
  }
]