[
  {
    "Plan": {
      "Node Type": "Aggregate",
      "Strategy": "Plain",
      "Partial Mode": "Finalize",
      "Parallel Aware": false,
      "Startup Cost": 45401.85,
      "Total Cost": 45401.86,
      "Plan Rows": 1,
      "Plan Width": 8,
      "Actual Startup Time": 144.879,
      "Actual Total Time": 154.881,
      "Actual Rows": 1,
      "Actual Loops": 1,
      "Plans": [
        {
          "Node Type": "Gather",
          "Parent Relationship": "Outer",
          "Parallel Aware": false,
          "Startup Cost": 45401.53,
          "Total Cost": 45401.84,
          "Plan Rows": 3,
          "Plan Width": 8,
          "Actual Startup Time": 144.772,
          "Actual Total Time": 154.873,
          "Actual Rows": 4,
          "Actual Loops": 1,
          "Workers Planned": 3,
          "Workers Launched": 3,
          "Single Copy": false,
          "Plans": [
            {
              "Node Type": "Aggregate",
              "Strategy": "Plain",
              "Partial Mode": "Partial",
              "Parent Relationship": "Outer",
              "Parallel Aware": false,
              "Startup Cost": 44401.53,
              "Total Cost": 44401.54,
              "Plan Rows": 1,
              "Plan Width": 8,
              "Actual Startup Time": 138.993,
              "Actual Total Time": 138.995,
              "Actual Rows": 1,
              "Actual Loops": 4,
              "Plans": [
                {
                  "Node Type": "Seq Scan",
                  "Parent Relationship": "Outer",
                  "Parallel Aware": true,
                  "Relation Name": "movie_keyword",
                  "Alias": "mk",
                  "Startup Cost": 0.0,
                  "Total Cost": 42695.65,
                  "Plan Rows": 682350,
                  "Plan Width": 0,
                  "Actual Startup Time": 0.05,
                  "Actual Total Time": 113.827,
                  "Actual Rows": 529442,
                  "Actual Loops": 4,
                  "Filter": "(keyword_id < 3874)",
                  "Rows Removed by Filter": 601541
                }
              ]
            }
          ]
        }
      ]
    },
    "Planning Time": 0.182,
    "Triggers": [],
    "Execution Time": 154.936
  }
]