[
  {
    "Plan": {
      "Node Type": "Aggregate",
      "Strategy": "Plain",
      "Partial Mode": "Finalize",
      "Parallel Aware": false,
      "Startup Cost": 104368.75,
      "Total Cost": 104368.76,
      "Plan Rows": 1,
      "Plan Width": 8,
      "Actual Startup Time": 529.852,
      "Actual Total Time": 555.479,
      "Actual Rows": 1,
      "Actual Loops": 1,
      "Plans": [
        {
          "Node Type": "Gather",
          "Parent Relationship": "Outer",
          "Parallel Aware": false,
          "Startup Cost": 104368.43,
          "Total Cost": 104368.74,
          "Plan Rows": 3,
          "Plan Width": 8,
          "Actual Startup Time": 527.696,
          "Actual Total Time": 555.471,
          "Actual Rows": 4,
          "Actual Loops": 1,
          "Workers Planned": 3,
          "Workers Launched": 3,
          "Single Copy": false,
          "Plans": [
            {
              "Node Type": "Aggregate",
              "Strategy": "Plain",
              "Partial Mode": "Partial",
              "Parent Relationship": "Outer",
              "Parallel Aware": false,
              "Startup Cost": 103368.43,
              "Total Cost": 103368.44,
              "Plan Rows": 1,
              "Plan Width": 8,
              "Actual Startup Time": 518.321,
              "Actual Total Time": 518.395,
              "Actual Rows": 1,
              "Actual Loops": 4,
              "Plans": [
                {
                  "Node Type": "Nested Loop",
                  "Parent Relationship": "Outer",
                  "Parallel Aware": false,
                  "Join Type": "Inner",
                  "Startup Cost": 61090.1,
                  "Total Cost": 103318.5,
                  "Plan Rows": 19975,
                  "Plan Width": 0,
                  "Actual Startup Time": 170.326,
                  "Actual Total Time": 503.901,
                  "Actual Rows": 334668,
                  "Actual Loops": 4,
                  "Inner Unique": false,
                  "Join Filter": "(t.id = mc.movie_id)",
                  "Rows Removed by Join Filter": 0,
                  "Plans": [
                    {
                      "Node Type": "Hash Join",
                      "Parent Relationship": "Outer",
                      "Parallel Aware": true,
                      "Join Type": "Inner",
                      "Startup Cost": 61089.67,
                      "Total Cost": 88979.03,
                      "Plan Rows": 19356,
                      "Plan Width": 8,
                      "Actual Startup Time": 170.183,
                      "Actual Total Time": 265.436,
                      "Actual Rows": 56333,
                      "Actual Loops": 4,
                      "Inner Unique": true,
                      "Hash Cond": "(mk.movie_id = t.id)",
                      "Plans": [
                        {
                          "Node Type": "Bitmap Heap Scan",
                          "Parent Relationship": "Outer",
                          "Parallel Aware": true,
                          "Relation Name": "movie_keyword",
                          "Alias": "mk",
                          "Startup Cost": 14937.26,
                          "Total Cost": 42230.4,
                          "Plan Rows": 227131,
                          "Plan Width": 4,
                          "Actual Startup Time": 37.968,
                          "Actual Total Time": 90.937,
                          "Actual Rows": 177914,
                          "Actual Loops": 4,
                          "Recheck Cond": "(keyword_id < 613)",
                          "Rows Removed by Index Recheck": 0,
                          "Exact Heap Blocks": 7653,
                          "Lossy Heap Blocks": 0,
                          "Plans": [
                            {
                              "Node Type": "Bitmap Index Scan",
                              "Parent Relationship": "Outer",
                              "Parallel Aware": false,
                              "Index Name": "keyword_id_movie_keyword",
                              "Startup Cost": 0.0,
                              "Total Cost": 14761.24,
                              "Plan Rows": 704107,
                              "Plan Width": 0,
                              "Actual Startup Time": 34.19,
                              "Actual Total Time": 34.191,
                              "Actual Rows": 711658,
                              "Actual Loops": 1,
                              "Index Cond": "(keyword_id < 613)"
                            }
                          ]
                        },
                        {
                          "Node Type": "Hash",
                          "Parent Relationship": "Inner",
                          "Parallel Aware": true,
                          "Startup Cost": 45479.1,
                          "Total Cost": 45479.1,
                          "Plan Rows": 53865,
                          "Plan Width": 4,
                          "Actual Startup Time": 129.806,
                          "Actual Total Time": 129.807,
                          "Actual Rows": 89881,
                          "Actual Loops": 4,
                          "Hash Buckets": 524288,
                          "Original Hash Buckets": 262144,
                          "Hash Batches": 1,
                          "Original Hash Batches": 1,
                          "Peak Memory Usage": 20320,
                          "Plans": [
                            {
                              "Node Type": "Seq Scan",
                              "Parent Relationship": "Outer",
                              "Parallel Aware": true,
                              "Relation Name": "title",
                              "Alias": "t",
                              "Startup Cost": 0.0,
                              "Total Cost": 45479.1,
                              "Plan Rows": 53865,
                              "Plan Width": 4,
                              "Actual Startup Time": 0.081,
                              "Actual Total Time": 95.959,
                              "Actual Rows": 89881,
                              "Actual Loops": 4,
                              "Filter": "((kind_id < 4) AND (production_year < 1988))",
                              "Rows Removed by Filter": 542197
                            }
                          ]
                        }
                      ]
                    },
                    {
                      "Node Type": "Index Only Scan",
                      "Parent Relationship": "Inner",
                      "Parallel Aware": false,
                      "Scan Direction": "Forward",
                      "Index Name": "movie_id_movie_companies",
                      "Relation Name": "movie_companies",
                      "Alias": "mc",
                      "Startup Cost": 0.43,
                      "Total Cost": 0.68,
                      "Plan Rows": 5,
                      "Plan Width": 4,
                      "Actual Startup Time": 0.002,
                      "Actual Total Time": 0.004,
                      "Actual Rows": 6,
                      "Actual Loops": 225331,
                      "Index Cond": "(movie_id = mk.movie_id)",
                      "Rows Removed by Index Recheck": 0,
                      "Heap Fetches": 1338672
                    }
                  ]
                }
              ]
            }
          ]
        }
      ]
    },
    "Planning Time": 1.378,
    "Triggers": [],
    "Execution Time": 555.583
  }
]