[
  {
    "Plan": {
      "Node Type": "Aggregate",
      "Strategy": "Plain",
      "Partial Mode": "Simple",
      "Parallel Aware": false,
      "Startup Cost": 7845.24,
      "Total Cost": 7845.25,
      "Plan Rows": 1,
      "Plan Width": 8,
      "Actual Startup Time": 2.988,
      "Actual Total Time": 2.989,
      "Actual Rows": 1,
      "Actual Loops": 1,
      "Plans": [
        {
          "Node Type": "Index Scan",
          "Parent Relationship": "Outer",
          "Parallel Aware": false,
          "Scan Direction": "Forward",
          "Index Name": "company_id_movie_companies",
          "Relation Name": "movie_companies",
          "Alias": "mc",
          "Startup Cost": 0.43,
          "Total Cost": 7841.13,
          "Plan Rows": 1645,
          "Plan Width": 0,
          "Actual Startup Time": 1.221,
          "Actual Total Time": 2.872,
          "Actual Rows": 1993,
          "Actual Loops": 1,
          "Index Cond": "(company_id = 401)",
          "Rows Removed by Index Recheck": 0,
          "Filter": "(company_type_id > 1)",
          "Rows Removed by Filter": 1369
        }
      ]
    },
    "Planning Time": 0.058,
    "Triggers": [],
    "Execution Time": 3.004
  }
]