{
  "Plan": {
    "Node Type": "Aggregate",
    "Strategy": "Plain",
    "Partial Mode": "Finalize",
    "Parallel Aware": false,
    "Startup Cost": 493121.29,
    "Total Cost": 493121.3,
    "Plan Rows": 1,
    "Plan Width": 8,
    "Actual Startup Time": 1707.691,
    "Actual Total Time": 1733.511,
    "Actual Rows": 1,
    "Actual Loops": 1,
    "Plans": [
      {
        "Node Type": "Gather",
        "Parent Relationship": "Outer",
        "Parallel Aware": false,
        "Startup Cost": 493121.18,
        "Total Cost": 493121.29,
        "Plan Rows": 1,
        "Plan Width": 8,
        "Actual Startup Time": 1702.62,
        "Actual Total Time": 1733.503,
        "Actual Rows": 2,
        "Actual Loops": 1,
        "Workers Planned": 1,
        "Workers Launched": 1,
        "Single Copy": false,
        "Plans": [
          {
            "Node Type": "Aggregate",
            "Strategy": "Plain",
            "Partial Mode": "Partial",
            "Parent Relationship": "Outer",
            "Parallel Aware": false,
            "Startup Cost": 492121.18,
            "Total Cost": 492121.19,
            "Plan Rows": 1,
            "Plan Width": 8,
            "Actual Startup Time": 1696.584,
            "Actual Total Time": 1696.589,
            "Actual Rows": 1,
            "Actual Loops": 2,
            "Plans": [
              {
                "Node Type": "Merge Join",
                "Parent Relationship": "Outer",
                "Parallel Aware": false,
                "Join Type": "Inner",
                "Startup Cost": 351456.37,
                "Total Cost": 491215.13,
                "Plan Rows": 362421,
                "Plan Width": 0,
                "Actual Startup Time": 1198.684,
                "Actual Total Time": 1682.36,
                "Actual Rows": 332462,
                "Actual Loops": 2,
                "Inner Unique": false,
                "Merge Cond": "(mc.movie_id = t.id)",
                "Plans": [
                  {
                    "Node Type": "Index Only Scan",
                    "Parent Relationship": "Outer",
                    "Parallel Aware": true,
                    "Scan Direction": "Forward",
                    "Index Name": "movie_id_movie_companies",
                    "Relation Name": "movie_companies",
                    "Alias": "mc",
                    "Startup Cost": 0.43,
                    "Total Cost": 129315.97,
                    "Plan Rows": 1534782,
                    "Plan Width": 4,
                    "Actual Startup Time": 0.109,
                    "Actual Total Time": 344.127,
                    "Actual Rows": 1304564,
                    "Actual Loops": 2,
                    "Heap Fetches": 2609129
                  },
                  {
                    "Node Type": "Sort",
                    "Parent Relationship": "Inner",
                    "Parallel Aware": false,
                    "Startup Cost": 351455.88,
                    "Total Cost": 352948.45,
                    "Plan Rows": 597027,
                    "Plan Width": 8,
                    "Actual Startup Time": 1198.551,
                    "Actual Total Time": 1220.903,
                    "Actual Rows": 620851,
                    "Actual Loops": 2,
                    "Sort Key": [
                      "t.id"
                    ],
                    "Sort Method": "quicksort",
                    "Sort Space Used": 32381,
                    "Sort Space Type": "Memory",
                    "Workers": [
                      {
                        "Worker Number": 0,
                        "Sort Method": "quicksort",
                        "Sort Space Used": 32381,
                        "Sort Space Type": "Memory"
                      }
                    ],
                    "Plans": [
                      {
                        "Node Type": "Hash Join",
                        "Parent Relationship": "Outer",
                        "Parallel Aware": false,
                        "Join Type": "Inner",
                        "Startup Cost": 112158.4,
                        "Total Cost": 294178.79,
                        "Plan Rows": 597027,
                        "Plan Width": 8,
                        "Actual Startup Time": 623.403,
                        "Actual Total Time": 1105.976,
                        "Actual Rows": 428645,
                        "Actual Loops": 2,
                        "Inner Unique": true,
                        "Hash Cond": "(mi.movie_id = t.id)",
                        "Plans": [
                          {
                            "Node Type": "Bitmap Heap Scan",
                            "Parent Relationship": "Outer",
                            "Parallel Aware": false,
                            "Relation Name": "movie_info",
                            "Alias": "mi",
                            "Startup Cost": 23986.4,
                            "Total Cost": 202530.95,
                            "Plan Rows": 1324124,
                            "Plan Width": 4,
                            "Actual Startup Time": 71.376,
                            "Actual Total Time": 176.418,
                            "Actual Rows": 1325361,
                            "Actual Loops": 2,
                            "Recheck Cond": "(info_type_id = 8)",
                            "Rows Removed by Index Recheck": 0,
                            "Exact Heap Blocks": 7852,
                            "Lossy Heap Blocks": 0,
                            "Plans": [
                              {
                                "Node Type": "Bitmap Index Scan",
                                "Parent Relationship": "Outer",
                                "Parallel Aware": false,
                                "Index Name": "info_type_id_movie_info",
                                "Startup Cost": 0.0,
                                "Total Cost": 23655.37,
                                "Plan Rows": 1324124,
                                "Plan Width": 0,
                                "Actual Startup Time": 70.445,
                                "Actual Total Time": 70.445,
                                "Actual Rows": 1325361,
                                "Actual Loops": 2,
                                "Index Cond": "(info_type_id = 8)"
                              }
                            ]
                          },
                          {
                            "Node Type": "Hash",
                            "Parent Relationship": "Inner",
                            "Parallel Aware": false,
                            "Startup Cost": 73922.39,
                            "Total Cost": 73922.39,
                            "Plan Rows": 1139969,
                            "Plan Width": 4,
                            "Actual Startup Time": 547.29,
                            "Actual Total Time": 547.291,
                            "Actual Rows": 1095581,
                            "Actual Loops": 2,
                            "Hash Buckets": 2097152,
                            "Original Hash Buckets": 2097152,
                            "Hash Batches": 1,
                            "Original Hash Batches": 1,
                            "Peak Memory Usage": 54901,
                            "Plans": [
                              {
                                "Node Type": "Seq Scan",
                                "Parent Relationship": "Outer",
                                "Parallel Aware": false,
                                "Relation Name": "title",
                                "Alias": "t",
                                "Startup Cost": 0.0,
                                "Total Cost": 73922.39,
                                "Plan Rows": 1139969,
                                "Plan Width": 4,
                                "Actual Startup Time": 0.03,
                                "Actual Total Time": 298.59,
                                "Actual Rows": 1095581,
                                "Actual Loops": 2,
                                "Filter": "((kind_id > 1) AND (production_year < 2007))",
                                "Rows Removed by Filter": 1432731
                              }
                            ]
                          }
                        ]
                      }
                    ]
                  }
                ]
              }
            ]
          }
        ]
      }
    ]
  },
  "Planning Time": 1.136,
  "Triggers": [],
  "Execution Time": 1742.895
}