[
  {
    "Plan": {
      "Node Type": "Aggregate",
      "Strategy": "Plain",
      "Partial Mode": "Finalize",
      "Parallel Aware": false,
      "Startup Cost": 395441.36,
      "Total Cost": 395441.37,
      "Plan Rows": 1,
      "Plan Width": 8,
      "Actual Startup Time": 935.55,
      "Actual Total Time": 1003.363,
      "Actual Rows": 1,
      "Actual Loops": 1,
      "Plans": [
        {
          "Node Type": "Gather",
          "Parent Relationship": "Outer",
          "Parallel Aware": false,
          "Startup Cost": 395440.74,
          "Total Cost": 395441.35,
          "Plan Rows": 6,
          "Plan Width": 8,
          "Actual Startup Time": 933.286,
          "Actual Total Time": 1003.353,
          "Actual Rows": 7,
          "Actual Loops": 1,
          "Workers Planned": 6,
          "Workers Launched": 6,
          "Single Copy": false,
          "Plans": [
            {
              "Node Type": "Aggregate",
              "Strategy": "Plain",
              "Partial Mode": "Partial",
              "Parent Relationship": "Outer",
              "Parallel Aware": false,
              "Startup Cost": 394440.74,
              "Total Cost": 394440.75,
              "Plan Rows": 1,
              "Plan Width": 8,
              "Actual Startup Time": 922.677,
              "Actual Total Time": 922.712,
              "Actual Rows": 1,
              "Actual Loops": 7,
              "Plans": [
                {
                  "Node Type": "Hash Join",
                  "Parent Relationship": "Outer",
                  "Parallel Aware": true,
                  "Join Type": "Inner",
                  "Startup Cost": 45826.44,
                  "Total Cost": 394225.45,
                  "Plan Rows": 86115,
                  "Plan Width": 0,
                  "Actual Startup Time": 453.525,
                  "Actual Total Time": 919.934,
                  "Actual Rows": 48182,
                  "Actual Loops": 7,
                  "Inner Unique": true,
                  "Hash Cond": "(ci.movie_id = t.id)",
                  "Plans": [
                    {
                      "Node Type": "Seq Scan",
                      "Parent Relationship": "Outer",
                      "Parallel Aware": true,
                      "Relation Name": "cast_info",
                      "Alias": "ci",
                      "Startup Cost": 0.0,
                      "Total Cost": 343257.03,
                      "Plan Rows": 1958847,
                      "Plan Width": 4,
                      "Actual Startup Time": 357.119,
                      "Actual Total Time": 666.711,
                      "Actual Rows": 852878,
                      "Actual Loops": 7,
                      "Filter": "((person_id < 2699762) AND (role_id > 2))",
                      "Rows Removed by Filter": 4324886
                    },
                    {
                      "Node Type": "Hash",
                      "Parent Relationship": "Inner",
                      "Parallel Aware": true,
                      "Startup Cost": 45479.1,
                      "Total Cost": 45479.1,
                      "Plan Rows": 27787,
                      "Plan Width": 4,
                      "Actual Startup Time": 94.516,
                      "Actual Total Time": 94.517,
                      "Actual Rows": 31054,
                      "Actual Loops": 7,
                      "Hash Buckets": 262144,
                      "Original Hash Buckets": 131072,
                      "Hash Batches": 1,
                      "Original Hash Batches": 1,
                      "Peak Memory Usage": 11680,
                      "Plans": [
                        {
                          "Node Type": "Seq Scan",
                          "Parent Relationship": "Outer",
                          "Parallel Aware": true,
                          "Relation Name": "title",
                          "Alias": "t",
                          "Startup Cost": 0.0,
                          "Total Cost": 45479.1,
                          "Plan Rows": 27787,
                          "Plan Width": 4,
                          "Actual Startup Time": 0.173,
                          "Actual Total Time": 77.364,
                          "Actual Rows": 31054,
                          "Actual Loops": 7,
                          "Filter": "((kind_id < 7) AND (production_year < 1965))",
                          "Rows Removed by Filter": 330133
                        }
                      ]
                    }
                  ]
                }
              ]
            }
          ]
        }
      ]
    },
    "Planning Time": 0.678,
    "Triggers": [],
    "Execution Time": 1003.457
  }
]