[
  {
    "Plan": {
      "Node Type": "Aggregate",
      "Strategy": "Plain",
      "Partial Mode": "Finalize",
      "Parallel Aware": false,
      "Startup Cost": 336477.74,
      "Total Cost": 336477.75,
      "Plan Rows": 1,
      "Plan Width": 8,
      "Actual Startup Time": 757.853,
      "Actual Total Time": 811.297,
      "Actual Rows": 1,
      "Actual Loops": 1,
      "Plans": [
        {
          "Node Type": "Gather",
          "Parent Relationship": "Outer",
          "Parallel Aware": false,
          "Startup Cost": 336477.11,
          "Total Cost": 336477.72,
          "Plan Rows": 6,
          "Plan Width": 8,
          "Actual Startup Time": 757.669,
          "Actual Total Time": 811.281,
          "Actual Rows": 7,
          "Actual Loops": 1,
          "Workers Planned": 6,
          "Workers Launched": 6,
          "Single Copy": false,
          "Plans": [
            {
              "Node Type": "Aggregate",
              "Strategy": "Plain",
              "Partial Mode": "Partial",
              "Parent Relationship": "Outer",
              "Parallel Aware": false,
              "Startup Cost": 335477.11,
              "Total Cost": 335477.12,
              "Plan Rows": 1,
              "Plan Width": 8,
              "Actual Startup Time": 749.662,
              "Actual Total Time": 749.663,
              "Actual Rows": 1,
              "Actual Loops": 7,
              "Plans": [
                {
                  "Node Type": "Seq Scan",
                  "Parent Relationship": "Outer",
                  "Parallel Aware": true,
                  "Relation Name": "cast_info",
                  "Alias": "ci",
                  "Startup Cost": 0.0,
                  "Total Cost": 328211.39,
                  "Plan Rows": 2906288,
                  "Plan Width": 0,
                  "Actual Startup Time": 0.063,
                  "Actual Total Time": 619.972,
                  "Actual Rows": 2508083,
                  "Actual Loops": 7,
                  "Filter": "(person_id < 1737570)",
                  "Rows Removed by Filter": 2669680
                }
              ]
            }
          ]
        }
      ]
    },
    "Planning Time": 0.104,
    "Triggers": [],
    "Execution Time": 811.349
  }
]