[
  {
    "Plan": {
      "Node Type": "Aggregate",
      "Strategy": "Plain",
      "Partial Mode": "Finalize",
      "Parallel Aware": false,
      "Startup Cost": 33292.1,
      "Total Cost": 33292.11,
      "Plan Rows": 1,
      "Plan Width": 8,
      "Actual Startup Time": 102.076,
      "Actual Total Time": 110.049,
      "Actual Rows": 1,
      "Actual Loops": 1,
      "Plans": [
        {
          "Node Type": "Gather",
          "Parent Relationship": "Outer",
          "Parallel Aware": false,
          "Startup Cost": 33291.78,
          "Total Cost": 33292.09,
          "Plan Rows": 3,
          "Plan Width": 8,
          "Actual Startup Time": 101.94,
          "Actual Total Time": 110.038,
          "Actual Rows": 4,
          "Actual Loops": 1,
          "Workers Planned": 3,
          "Workers Launched": 3,
          "Single Copy": false,
          "Plans": [
            {
              "Node Type": "Aggregate",
              "Strategy": "Plain",
              "Partial Mode": "Partial",
              "Parent Relationship": "Outer",
              "Parallel Aware": false,
              "Startup Cost": 32291.78,
              "Total Cost": 32291.79,
              "Plan Rows": 1,
              "Plan Width": 8,
              "Actual Startup Time": 93.975,
              "Actual Total Time": 93.976,
              "Actual Rows": 1,
              "Actual Loops": 4,
              "Plans": [
                {
                  "Node Type": "Seq Scan",
                  "Parent Relationship": "Outer",
                  "Parallel Aware": true,
                  "Relation Name": "movie_companies",
                  "Alias": "mc",
                  "Startup Cost": 0.0,
                  "Total Cost": 31414.82,
                  "Plan Rows": 350784,
                  "Plan Width": 0,
                  "Actual Startup Time": 0.14,
                  "Actual Total Time": 81.046,
                  "Actual Rows": 242838,
                  "Actual Loops": 4,
                  "Filter": "((company_id > 240) AND (company_type_id < 2))",
                  "Rows Removed by Filter": 409444
                }
              ]
            }
          ]
        }
      ]
    },
    "Planning Time": 0.227,
    "Triggers": [],
    "Execution Time": 110.116
  }
]