{
  "Plan": {
    "Node Type": "Aggregate",
    "Strategy": "Plain",
    "Partial Mode": "Finalize",
    "Parallel Aware": false,
    "Startup Cost": 183273.28,
    "Total Cost": 183273.29,
    "Plan Rows": 1,
    "Plan Width": 8,
    "Actual Startup Time": 1484.279,
    "Actual Total Time": 1514.291,
    "Actual Rows": 1,
    "Actual Loops": 1,
    "Plans": [
      {
        "Node Type": "Gather",
        "Parent Relationship": "Outer",
        "Parallel Aware": false,
        "Startup Cost": 183273.17,
        "Total Cost": 183273.28,
        "Plan Rows": 1,
        "Plan Width": 8,
        "Actual Startup Time": 1476.844,
        "Actual Total Time": 1514.282,
        "Actual Rows": 2,
        "Actual Loops": 1,
        "Workers Planned": 1,
        "Workers Launched": 1,
        "Single Copy": false,
        "Plans": [
          {
            "Node Type": "Aggregate",
            "Strategy": "Plain",
            "Partial Mode": "Partial",
            "Parent Relationship": "Outer",
            "Parallel Aware": false,
            "Startup Cost": 182273.17,
            "Total Cost": 182273.18,
            "Plan Rows": 1,
            "Plan Width": 8,
            "Actual Startup Time": 1468.696,
            "Actual Total Time": 1469.016,
            "Actual Rows": 1,
            "Actual Loops": 2,
            "Plans": [
              {
                "Node Type": "Hash Join",
                "Parent Relationship": "Outer",
                "Parallel Aware": true,
                "Join Type": "Inner",
                "Startup Cost": 135802.28,
                "Total Cost": 181547.13,
                "Plan Rows": 290415,
                "Plan Width": 0,
                "Actual Startup Time": 958.512,
                "Actual Total Time": 1355.399,
                "Actual Rows": 2814952,
                "Actual Loops": 2,
                "Inner Unique": false,
                "Hash Cond": "(mc.movie_id = t.id)",
                "Plans": [
                  {
                    "Node Type": "Index Scan",
                    "Parent Relationship": "Outer",
                    "Parallel Aware": true,
                    "Scan Direction": "Forward",
                    "Index Name": "company_type_id_movie_companies",
                    "Relation Name": "movie_companies",
                    "Alias": "mc",
                    "Startup Cost": 0.43,
                    "Total Cost": 41574.35,
                    "Plan Rows": 656692,
                    "Plan Width": 4,
                    "Actual Startup Time": 0.039,
                    "Actual Total Time": 106.52,
                    "Actual Rows": 637123,
                    "Actual Loops": 2,
                    "Index Cond": "(company_type_id < 2)",
                    "Rows Removed by Index Recheck": 0,
                    "Filter": "(company_id < 89008)",
                    "Rows Removed by Filter": 0
                  },
                  {
                    "Node Type": "Hash",
                    "Parent Relationship": "Inner",
                    "Parallel Aware": true,
                    "Startup Cost": 127580.43,
                    "Total Cost": 127580.43,
                    "Plan Rows": 657714,
                    "Plan Width": 8,
                    "Actual Startup Time": 943.869,
                    "Actual Total Time": 944.187,
                    "Actual Rows": 563987,
                    "Actual Loops": 2,
                    "Hash Buckets": 2097152,
                    "Original Hash Buckets": 2097152,
                    "Hash Batches": 1,
                    "Original Hash Batches": 1,
                    "Peak Memory Usage": 60544,
                    "Plans": [
                      {
                        "Node Type": "Hash Join",
                        "Parent Relationship": "Outer",
                        "Parallel Aware": true,
                        "Join Type": "Inner",
                        "Startup Cost": 93178.51,
                        "Total Cost": 127580.43,
                        "Plan Rows": 657714,
                        "Plan Width": 8,
                        "Actual Startup Time": 573.18,
                        "Actual Total Time": 818.9,
                        "Actual Rows": 563987,
                        "Actual Loops": 2,
                        "Inner Unique": true,
                        "Hash Cond": "(mk.movie_id = t.id)",
                        "Plans": [
                          {
                            "Node Type": "Bitmap Heap Scan",
                            "Parent Relationship": "Outer",
                            "Parallel Aware": true,
                            "Relation Name": "movie_keyword",
                            "Alias": "mk",
                            "Startup Cost": 23717.81,
                            "Total Cost": 56393.23,
                            "Plan Rows": 657714,
                            "Plan Width": 4,
                            "Actual Startup Time": 60.463,
                            "Actual Total Time": 154.987,
                            "Actual Rows": 563987,
                            "Actual Loops": 2,
                            "Recheck Cond": "(keyword_id < 1222)",
                            "Rows Removed by Index Recheck": 0,
                            "Exact Heap Blocks": 12751,
                            "Lossy Heap Blocks": 0,
                            "Plans": [
                              {
                                "Node Type": "Bitmap Index Scan",
                                "Parent Relationship": "Outer",
                                "Parallel Aware": false,
                                "Index Name": "keyword_id_movie_keyword",
                                "Startup Cost": 0.0,
                                "Total Cost": 23438.28,
                                "Plan Rows": 1118113,
                                "Plan Width": 0,
                                "Actual Startup Time": 56.833,
                                "Actual Total Time": 56.834,
                                "Actual Rows": 1127974,
                                "Actual Loops": 1,
                                "Index Cond": "(keyword_id < 1222)"
                              }
                            ]
                          },
                          {
                            "Node Type": "Hash",
                            "Parent Relationship": "Inner",
                            "Parallel Aware": true,
                            "Startup Cost": 50870.31,
                            "Total Cost": 50870.31,
                            "Plan Rows": 1487231,
                            "Plan Width": 4,
                            "Actual Startup Time": 498.78,
                            "Actual Total Time": 498.781,
                            "Actual Rows": 1264156,
                            "Actual Loops": 2,
                            "Hash Buckets": 4194304,
                            "Original Hash Buckets": 4194304,
                            "Hash Batches": 1,
                            "Original Hash Batches": 1,
                            "Peak Memory Usage": 131712,
                            "Plans": [
                              {
                                "Node Type": "Seq Scan",
                                "Parent Relationship": "Outer",
                                "Parallel Aware": true,
                                "Relation Name": "title",
                                "Alias": "t",
                                "Startup Cost": 0.0,
                                "Total Cost": 50870.31,
                                "Plan Rows": 1487231,
                                "Plan Width": 4,
                                "Actual Startup Time": 0.031,
                                "Actual Total Time": 145.187,
                                "Actual Rows": 1264156,
                                "Actual Loops": 2
                              }
                            ]
                          }
                        ]
                      }
                    ]
                  }
                ]
              }
            ]
          }
        ]
      }
    ]
  },
  "Planning Time": 1.071,
  "Triggers": [],
  "Execution Time": 1514.399
}