[
    {
        "Bao": {
            "Bao prediction": "NaN",
            "Bao recommended hint": "(no hint)"
        }
    },
    {
        "Plan": {
            "Node Type": "Aggregate",
            "Strategy": "Plain",
            "Partial Mode": "Finalize",
            "Parallel Aware": false,
            "Startup Cost": 32826.04,
            "Total Cost": 32826.05,
            "Plan Rows": 1,
            "Plan Width": 8,
            "Actual Startup Time": 88.867,
            "Actual Total Time": 94.795,
            "Actual Rows": 1,
            "Actual Loops": 1,
            "Output": [
                "count(*)"
            ],
            "Plans": [
                {
                    "Node Type": "Gather",
                    "Parent Relationship": "Outer",
                    "Parallel Aware": false,
                    "Startup Cost": 32825.73,
                    "Total Cost": 32826.04,
                    "Plan Rows": 3,
                    "Plan Width": 8,
                    "Actual Startup Time": 88.783,
                    "Actual Total Time": 94.789,
                    "Actual Rows": 4,
                    "Actual Loops": 1,
                    "Output": [
                        "(PARTIAL count(*))"
                    ],
                    "Workers Planned": 3,
                    "Workers Launched": 3,
                    "Single Copy": false,
                    "Plans": [
                        {
                            "Node Type": "Aggregate",
                            "Strategy": "Plain",
                            "Partial Mode": "Partial",
                            "Parent Relationship": "Outer",
                            "Parallel Aware": false,
                            "Startup Cost": 31825.73,
                            "Total Cost": 31825.74,
                            "Plan Rows": 1,
                            "Plan Width": 8,
                            "Actual Startup Time": 80.825,
                            "Actual Total Time": 80.826,
                            "Actual Rows": 1,
                            "Actual Loops": 4,
                            "Output": [
                                "PARTIAL count(*)"
                            ],
                            "Workers": [
                                {
                                    "Worker Number": 0,
                                    "Actual Startup Time": 78.045,
                                    "Actual Total Time": 78.046,
                                    "Actual Rows": 1,
                                    "Actual Loops": 1
                                },
                                {
                                    "Worker Number": 1,
                                    "Actual Startup Time": 78.137,
                                    "Actual Total Time": 78.138,
                                    "Actual Rows": 1,
                                    "Actual Loops": 1
                                },
                                {
                                    "Worker Number": 2,
                                    "Actual Startup Time": 78.583,
                                    "Actual Total Time": 78.584,
                                    "Actual Rows": 1,
                                    "Actual Loops": 1
                                }
                            ],
                            "Plans": [
                                {
                                    "Node Type": "Seq Scan",
                                    "Parent Relationship": "Outer",
                                    "Parallel Aware": true,
                                    "Relation Name": "movie_companies",
                                    "Schema": "public",
                                    "Alias": "mc",
                                    "Startup Cost": 0.0,
                                    "Total Cost": 31414.82,
                                    "Plan Rows": 164363,
                                    "Plan Width": 0,
                                    "Actual Startup Time": 39.811,
                                    "Actual Total Time": 72.527,
                                    "Actual Rows": 204792,
                                    "Actual Loops": 4,
                                    "Output": [
                                        "id",
                                        "movie_id",
                                        "company_id",
                                        "company_type_id",
                                        "note"
                                    ],
                                    "Filter": "((mc.company_id > 16653) AND (mc.company_type_id > 1))",
                                    "Rows Removed by Filter": 447490,
                                    "Workers": [
                                        {
                                            "Worker Number": 0,
                                            "Actual Startup Time": 37.039,
                                            "Actual Total Time": 69.945,
                                            "Actual Rows": 193181,
                                            "Actual Loops": 1
                                        },
                                        {
                                            "Worker Number": 1,
                                            "Actual Startup Time": 37.127,
                                            "Actual Total Time": 70.088,
                                            "Actual Rows": 192780,
                                            "Actual Loops": 1
                                        },
                                        {
                                            "Worker Number": 2,
                                            "Actual Startup Time": 37.563,
                                            "Actual Total Time": 70.468,
                                            "Actual Rows": 198329,
                                            "Actual Loops": 1
                                        }
                                    ]
                                }
                            ]
                        }
                    ]
                }
            ]
        },
        "Planning Time": 179.4,
        "Triggers": [],
        "Execution Time": 94.836
    }
]