{
  "Plan": {
    "Node Type": "Aggregate",
    "Strategy": "Plain",
    "Partial Mode": "Finalize",
    "Parallel Aware": false,
    "Startup Cost": 781716.97,
    "Total Cost": 781716.98,
    "Plan Rows": 1,
    "Plan Width": 8,
    "Actual Startup Time": 8843.507,
    "Actual Total Time": 8911.508,
    "Actual Rows": 1,
    "Actual Loops": 1,
    "Plans": [
      {
        "Node Type": "Gather",
        "Parent Relationship": "Outer",
        "Parallel Aware": false,
        "Startup Cost": 781716.86,
        "Total Cost": 781716.97,
        "Plan Rows": 1,
        "Plan Width": 8,
        "Actual Startup Time": 8836.91,
        "Actual Total Time": 8911.501,
        "Actual Rows": 2,
        "Actual Loops": 1,
        "Workers Planned": 1,
        "Workers Launched": 1,
        "Single Copy": false,
        "Plans": [
          {
            "Node Type": "Aggregate",
            "Strategy": "Plain",
            "Partial Mode": "Partial",
            "Parent Relationship": "Outer",
            "Parallel Aware": false,
            "Startup Cost": 780716.86,
            "Total Cost": 780716.87,
            "Plan Rows": 1,
            "Plan Width": 8,
            "Actual Startup Time": 8823.759,
            "Actual Total Time": 8823.764,
            "Actual Rows": 1,
            "Actual Loops": 2,
            "Plans": [
              {
                "Node Type": "Hash Join",
                "Parent Relationship": "Outer",
                "Parallel Aware": true,
                "Join Type": "Inner",
                "Startup Cost": 660025.81,
                "Total Cost": 769872.19,
                "Plan Rows": 4337865,
                "Plan Width": 0,
                "Actual Startup Time": 5036.344,
                "Actual Total Time": 7600.458,
                "Actual Rows": 30127048,
                "Actual Loops": 2,
                "Inner Unique": false,
                "Hash Cond": "(mk.movie_id = t.id)",
                "Plans": [
                  {
                    "Node Type": "Seq Scan",
                    "Parent Relationship": "Outer",
                    "Parallel Aware": true,
                    "Relation Name": "movie_keyword",
                    "Alias": "mk",
                    "Startup Cost": 0.0,
                    "Total Cost": 51065.35,
                    "Plan Rows": 2661135,
                    "Plan Width": 4,
                    "Actual Startup Time": 0.011,
                    "Actual Total Time": 159.906,
                    "Actual Rows": 2261965,
                    "Actual Loops": 2
                  },
                  {
                    "Node Type": "Hash",
                    "Parent Relationship": "Inner",
                    "Parallel Aware": true,
                    "Startup Cost": 629721.99,
                    "Total Cost": 629721.99,
                    "Plan Rows": 2424306,
                    "Plan Width": 8,
                    "Actual Startup Time": 4925.483,
                    "Actual Total Time": 4925.486,
                    "Actual Rows": 1996622,
                    "Actual Loops": 2,
                    "Hash Buckets": 4194304,
                    "Original Hash Buckets": 4194304,
                    "Hash Batches": 1,
                    "Original Hash Batches": 1,
                    "Peak Memory Usage": 189024,
                    "Plans": [
                      {
                        "Node Type": "Hash Join",
                        "Parent Relationship": "Outer",
                        "Parallel Aware": true,
                        "Join Type": "Inner",
                        "Startup Cost": 55907.62,
                        "Total Cost": 629721.99,
                        "Plan Rows": 2424306,
                        "Plan Width": 8,
                        "Actual Startup Time": 131.01,
                        "Actual Total Time": 4313.944,
                        "Actual Rows": 1996622,
                        "Actual Loops": 2,
                        "Inner Unique": true,
                        "Hash Cond": "(ci.movie_id = t.id)",
                        "Plans": [
                          {
                            "Node Type": "Seq Scan",
                            "Parent Relationship": "Outer",
                            "Parallel Aware": true,
                            "Relation Name": "cast_info",
                            "Alias": "ci",
                            "Startup Cost": 0.0,
                            "Total Cost": 519069.44,
                            "Plan Rows": 20855176,
                            "Plan Width": 4,
                            "Actual Startup Time": 17.229,
                            "Actual Total Time": 1743.145,
                            "Actual Rows": 17746567,
                            "Actual Loops": 2,
                            "Filter": "(person_id > 79820)",
                            "Rows Removed by Filter": 375605
                          },
                          {
                            "Node Type": "Hash",
                            "Parent Relationship": "Inner",
                            "Parallel Aware": true,
                            "Startup Cost": 53746.58,
                            "Total Cost": 53746.58,
                            "Plan Rows": 172883,
                            "Plan Width": 4,
                            "Actual Startup Time": 112.073,
                            "Actual Total Time": 112.074,
                            "Actual Rows": 115870,
                            "Actual Loops": 2,
                            "Hash Buckets": 524288,
                            "Original Hash Buckets": 524288,
                            "Hash Batches": 1,
                            "Original Hash Batches": 1,
                            "Peak Memory Usage": 13184,
                            "Plans": [
                              {
                                "Node Type": "Bitmap Heap Scan",
                                "Parent Relationship": "Outer",
                                "Parallel Aware": true,
                                "Relation Name": "title",
                                "Alias": "t",
                                "Startup Cost": 11896.33,
                                "Total Cost": 53746.58,
                                "Plan Rows": 172883,
                                "Plan Width": 4,
                                "Actual Startup Time": 21.667,
                                "Actual Total Time": 83.584,
                                "Actual Rows": 115870,
                                "Actual Loops": 2,
                                "Recheck Cond": "(kind_id = 1)",
                                "Rows Removed by Index Recheck": 0,
                                "Filter": "(production_year > 2004)",
                                "Rows Removed by Filter": 215543,
                                "Exact Heap Blocks": 8335,
                                "Lossy Heap Blocks": 0,
                                "Plans": [
                                  {
                                    "Node Type": "Bitmap Index Scan",
                                    "Parent Relationship": "Outer",
                                    "Parallel Aware": false,
                                    "Index Name": "kind_id_title",
                                    "Startup Cost": 0.0,
                                    "Total Cost": 11822.85,
                                    "Plan Rows": 663256,
                                    "Plan Width": 0,
                                    "Actual Startup Time": 19.767,
                                    "Actual Total Time": 19.767,
                                    "Actual Rows": 662825,
                                    "Actual Loops": 1,
                                    "Index Cond": "(kind_id = 1)"
                                  }
                                ]
                              }
                            ]
                          }
                        ]
                      }
                    ]
                  }
                ]
              }
            ]
          }
        ]
      }
    ]
  },
  "Planning Time": 1.011,
  "Triggers": [],
  "Execution Time": 8911.614
}