{
    "Plan": {
        "Node Type": "Aggregate",
        "Strategy": "Plain",
        "Partial Mode": "Finalize",
        "Parallel Aware": false,
        "Startup Cost": 109493.98,
        "Total Cost": 109493.99,
        "Plan Rows": 1,
        "Plan Width": 8,
        "Actual Startup Time": 545.407,
        "Actual Total Time": 569.052,
        "Actual Rows": 1,
        "Actual Loops": 1,
        "Output": [
            "count(*)"
        ],
        "Plans": [
            {
                "Node Type": "Gather",
                "Parent Relationship": "Outer",
                "Parallel Aware": false,
                "Startup Cost": 109493.66,
                "Total Cost": 109493.97,
                "Plan Rows": 3,
                "Plan Width": 8,
                "Actual Startup Time": 543.099,
                "Actual Total Time": 569.039,
                "Actual Rows": 4,
                "Actual Loops": 1,
                "Output": [
                    "(PARTIAL count(*))"
                ],
                "Workers Planned": 3,
                "Workers Launched": 3,
                "Single Copy": false,
                "Plans": [
                    {
                        "Node Type": "Aggregate",
                        "Strategy": "Plain",
                        "Partial Mode": "Partial",
                        "Parent Relationship": "Outer",
                        "Parallel Aware": false,
                        "Startup Cost": 108493.66,
                        "Total Cost": 108493.67,
                        "Plan Rows": 1,
                        "Plan Width": 8,
                        "Actual Startup Time": 532.605,
                        "Actual Total Time": 532.865,
                        "Actual Rows": 1,
                        "Actual Loops": 4,
                        "Output": [
                            "PARTIAL count(*)"
                        ],
                        "Workers": [
                            {
                                "Worker Number": 0,
                                "Actual Startup Time": 529.708,
                                "Actual Total Time": 529.713,
                                "Actual Rows": 1,
                                "Actual Loops": 1
                            },
                            {
                                "Worker Number": 1,
                                "Actual Startup Time": 529.186,
                                "Actual Total Time": 529.19,
                                "Actual Rows": 1,
                                "Actual Loops": 1
                            },
                            {
                                "Worker Number": 2,
                                "Actual Startup Time": 529.209,
                                "Actual Total Time": 529.213,
                                "Actual Rows": 1,
                                "Actual Loops": 1
                            }
                        ],
                        "Plans": [
                            {
                                "Node Type": "Hash Join",
                                "Parent Relationship": "Outer",
                                "Parallel Aware": true,
                                "Join Type": "Inner",
                                "Startup Cost": 63440.21,
                                "Total Cost": 108372.4,
                                "Plan Rows": 48504,
                                "Plan Width": 0,
                                "Actual Startup Time": 321.847,
                                "Actual Total Time": 521.723,
                                "Actual Rows": 218550,
                                "Actual Loops": 4,
                                "Inner Unique": false,
                                "Hash Cond": "(mk.movie_id = t.id)",
                                "Workers": [
                                    {
                                        "Worker Number": 0,
                                        "Actual Startup Time": 318.558,
                                        "Actual Total Time": 518.6,
                                        "Actual Rows": 166604,
                                        "Actual Loops": 1
                                    },
                                    {
                                        "Worker Number": 1,
                                        "Actual Startup Time": 318.556,
                                        "Actual Total Time": 518.877,
                                        "Actual Rows": 250301,
                                        "Actual Loops": 1
                                    },
                                    {
                                        "Worker Number": 2,
                                        "Actual Startup Time": 318.592,
                                        "Actual Total Time": 518.848,
                                        "Actual Rows": 252327,
                                        "Actual Loops": 1
                                    }
                                ],
                                "Plans": [
                                    {
                                        "Node Type": "Seq Scan",
                                        "Parent Relationship": "Outer",
                                        "Parallel Aware": true,
                                        "Relation Name": "movie_keyword",
                                        "Schema": "public",
                                        "Alias": "mk",
                                        "Startup Cost": 0.0,
                                        "Total Cost": 42695.65,
                                        "Plan Rows": 564074,
                                        "Plan Width": 4,
                                        "Actual Startup Time": 0.012,
                                        "Actual Total Time": 127.463,
                                        "Actual Rows": 435530,
                                        "Actual Loops": 4,
                                        "Output": [
                                            "mk.id",
                                            "mk.movie_id",
                                            "mk.keyword_id"
                                        ],
                                        "Filter": "(mk.keyword_id < 2849)",
                                        "Rows Removed by Filter": 695453,
                                        "Workers": [
                                            {
                                                "Worker Number": 0,
                                                "Actual Startup Time": 0.016,
                                                "Actual Total Time": 129.638,
                                                "Actual Rows": 330954,
                                                "Actual Loops": 1
                                            },
                                            {
                                                "Worker Number": 1,
                                                "Actual Startup Time": 0.014,
                                                "Actual Total Time": 130.636,
                                                "Actual Rows": 499235,
                                                "Actual Loops": 1
                                            },
                                            {
                                                "Worker Number": 2,
                                                "Actual Startup Time": 0.01,
                                                "Actual Total Time": 130.033,
                                                "Actual Rows": 501931,
                                                "Actual Loops": 1
                                            }
                                        ]
                                    },
                                    {
                                        "Node Type": "Hash",
                                        "Parent Relationship": "Inner",
                                        "Parallel Aware": true,
                                        "Startup Cost": 62760.83,
                                        "Total Cost": 62760.83,
                                        "Plan Rows": 54351,
                                        "Plan Width": 8,
                                        "Actual Startup Time": 319.363,
                                        "Actual Total Time": 319.621,
                                        "Actual Rows": 66268,
                                        "Actual Loops": 4,
                                        "Output": [
                                            "t.id",
                                            "mi_idx.movie_id"
                                        ],
                                        "Hash Buckets": 524288,
                                        "Original Hash Buckets": 262144,
                                        "Hash Batches": 1,
                                        "Original Hash Batches": 1,
                                        "Peak Memory Usage": 16640,
                                        "Workers": [
                                            {
                                                "Worker Number": 0,
                                                "Actual Startup Time": 317.864,
                                                "Actual Total Time": 317.867,
                                                "Actual Rows": 52356,
                                                "Actual Loops": 1
                                            },
                                            {
                                                "Worker Number": 1,
                                                "Actual Startup Time": 317.955,
                                                "Actual Total Time": 317.958,
                                                "Actual Rows": 75261,
                                                "Actual Loops": 1
                                            },
                                            {
                                                "Worker Number": 2,
                                                "Actual Startup Time": 317.886,
                                                "Actual Total Time": 317.889,
                                                "Actual Rows": 75270,
                                                "Actual Loops": 1
                                            }
                                        ],
                                        "Plans": [
                                            {
                                                "Node Type": "Hash Join",
                                                "Parent Relationship": "Outer",
                                                "Parallel Aware": true,
                                                "Join Type": "Inner",
                                                "Startup Cost": 17512.11,
                                                "Total Cost": 62760.83,
                                                "Plan Rows": 54351,
                                                "Plan Width": 8,
                                                "Actual Startup Time": 90.368,
                                                "Actual Total Time": 290.632,
                                                "Actual Rows": 66268,
                                                "Actual Loops": 4,
                                                "Output": [
                                                    "t.id",
                                                    "mi_idx.movie_id"
                                                ],
                                                "Inner Unique": false,
                                                "Hash Cond": "(t.id = mi_idx.movie_id)",
                                                "Workers": [
                                                    {
                                                        "Worker Number": 0,
                                                        "Actual Startup Time": 88.873,
                                                        "Actual Total Time": 289.383,
                                                        "Actual Rows": 52356,
                                                        "Actual Loops": 1
                                                    },
                                                    {
                                                        "Worker Number": 1,
                                                        "Actual Startup Time": 88.872,
                                                        "Actual Total Time": 289.322,
                                                        "Actual Rows": 75261,
                                                        "Actual Loops": 1
                                                    },
                                                    {
                                                        "Worker Number": 2,
                                                        "Actual Startup Time": 88.872,
                                                        "Actual Total Time": 288.918,
                                                        "Actual Rows": 75270,
                                                        "Actual Loops": 1
                                                    }
                                                ],
                                                "Plans": [
                                                    {
                                                        "Node Type": "Seq Scan",
                                                        "Parent Relationship": "Outer",
                                                        "Parallel Aware": true,
                                                        "Relation Name": "title",
                                                        "Schema": "public",
                                                        "Alias": "t",
                                                        "Startup Cost": 0.0,
                                                        "Total Cost": 43899.01,
                                                        "Plan Rows": 299534,
                                                        "Plan Width": 4,
                                                        "Actual Startup Time": 0.026,
                                                        "Actual Total Time": 104.68,
                                                        "Actual Rows": 298981,
                                                        "Actual Loops": 4,
                                                        "Output": [
                                                            "t.id",
                                                            "t.title",
                                                            "t.imdb_index",
                                                            "t.kind_id",
                                                            "t.production_year",
                                                            "t.imdb_id",
                                                            "t.phonetic_code",
                                                            "t.episode_of_id",
                                                            "t.season_nr",
                                                            "t.episode_nr",
                                                            "t.series_years",
                                                            "t.md5sum"
                                                        ],
                                                        "Filter": "(t.production_year < 2003)",
                                                        "Rows Removed by Filter": 333097,
                                                        "Workers": [
                                                            {
                                                                "Worker Number": 0,
                                                                "Actual Startup Time": 0.032,
                                                                "Actual Total Time": 110.777,
                                                                "Actual Rows": 235272,
                                                                "Actual Loops": 1
                                                            },
                                                            {
                                                                "Worker Number": 1,
                                                                "Actual Startup Time": 0.037,
                                                                "Actual Total Time": 105.178,
                                                                "Actual Rows": 337284,
                                                                "Actual Loops": 1
                                                            },
                                                            {
                                                                "Worker Number": 2,
                                                                "Actual Startup Time": 0.025,
                                                                "Actual Total Time": 104.862,
                                                                "Actual Rows": 337061,
                                                                "Actual Loops": 1
                                                            }
                                                        ]
                                                    },
                                                    {
                                                        "Node Type": "Hash",
                                                        "Parent Relationship": "Inner",
                                                        "Parallel Aware": true,
                                                        "Startup Cost": 15122.68,
                                                        "Total Cost": 15122.68,
                                                        "Plan Rows": 191154,
                                                        "Plan Width": 4,
                                                        "Actual Startup Time": 88.12,
                                                        "Actual Total Time": 88.121,
                                                        "Actual Rows": 115046,
                                                        "Actual Loops": 4,
                                                        "Output": [
                                                            "mi_idx.movie_id"
                                                        ],
                                                        "Hash Buckets": 524288,
                                                        "Original Hash Buckets": 524288,
                                                        "Hash Batches": 1,
                                                        "Original Hash Batches": 1,
                                                        "Peak Memory Usage": 22144,
                                                        "Workers": [
                                                            {
                                                                "Worker Number": 0,
                                                                "Actual Startup Time": 88.752,
                                                                "Actual Total Time": 88.753,
                                                                "Actual Rows": 92176,
                                                                "Actual Loops": 1
                                                            },
                                                            {
                                                                "Worker Number": 1,
                                                                "Actual Startup Time": 88.774,
                                                                "Actual Total Time": 88.775,
                                                                "Actual Rows": 122542,
                                                                "Actual Loops": 1
                                                            },
                                                            {
                                                                "Worker Number": 2,
                                                                "Actual Startup Time": 88.753,
                                                                "Actual Total Time": 88.754,
                                                                "Actual Rows": 122636,
                                                                "Actual Loops": 1
                                                            }
                                                        ],
                                                        "Plans": [
                                                            {
                                                                "Node Type": "Seq Scan",
                                                                "Parent Relationship": "Outer",
                                                                "Parallel Aware": true,
                                                                "Relation Name": "movie_info_idx",
                                                                "Schema": "public",
                                                                "Alias": "mi_idx",
                                                                "Startup Cost": 0.0,
                                                                "Total Cost": 15122.68,
                                                                "Plan Rows": 191154,
                                                                "Plan Width": 4,
                                                                "Actual Startup Time": 0.03,
                                                                "Actual Total Time": 47.691,
                                                                "Actual Rows": 115046,
                                                                "Actual Loops": 4,
                                                                "Output": [
                                                                    "mi_idx.movie_id"
                                                                ],
                                                                "Filter": "(mi_idx.info_type_id > 100)",
                                                                "Rows Removed by Filter": 229962,
                                                                "Workers": [
                                                                    {
                                                                        "Worker Number": 0,
                                                                        "Actual Startup Time": 0.032,
                                                                        "Actual Total Time": 48.483,
                                                                        "Actual Rows": 92176,
                                                                        "Actual Loops": 1
                                                                    },
                                                                    {
                                                                        "Worker Number": 1,
                                                                        "Actual Startup Time": 0.032,
                                                                        "Actual Total Time": 48.732,
                                                                        "Actual Rows": 122542,
                                                                        "Actual Loops": 1
                                                                    },
                                                                    {
                                                                        "Worker Number": 2,
                                                                        "Actual Startup Time": 0.033,
                                                                        "Actual Total Time": 48.625,
                                                                        "Actual Rows": 122636,
                                                                        "Actual Loops": 1
                                                                    }
                                                                ]
                                                            }
                                                        ]
                                                    }
                                                ]
                                            }
                                        ]
                                    }
                                ]
                            }
                        ]
                    }
                ]
            }
        ]
    },
    "Planning Time": 1.468,
    "Triggers": [],
    "Execution Time": 569.145
}