[
    {
        "Bao": {
            "Bao prediction": "NaN",
            "Bao recommended hint": "(no hint)"
        }
    },
    {
        "Plan": {
            "Node Type": "Aggregate",
            "Strategy": "Plain",
            "Partial Mode": "Finalize",
            "Parallel Aware": false,
            "Startup Cost": 286593.29,
            "Total Cost": 286593.3,
            "Plan Rows": 1,
            "Plan Width": 8,
            "Actual Startup Time": 2136.834,
            "Actual Total Time": 2198.574,
            "Actual Rows": 1,
            "Actual Loops": 1,
            "Output": [
                "count(*)"
            ],
            "Plans": [
                {
                    "Node Type": "Gather",
                    "Parent Relationship": "Outer",
                    "Parallel Aware": false,
                    "Startup Cost": 286592.77,
                    "Total Cost": 286593.28,
                    "Plan Rows": 5,
                    "Plan Width": 8,
                    "Actual Startup Time": 2133.42,
                    "Actual Total Time": 2198.566,
                    "Actual Rows": 6,
                    "Actual Loops": 1,
                    "Output": [
                        "(PARTIAL count(*))"
                    ],
                    "Workers Planned": 5,
                    "Workers Launched": 5,
                    "Single Copy": false,
                    "Plans": [
                        {
                            "Node Type": "Aggregate",
                            "Strategy": "Plain",
                            "Partial Mode": "Partial",
                            "Parent Relationship": "Outer",
                            "Parallel Aware": false,
                            "Startup Cost": 285592.77,
                            "Total Cost": 285592.78,
                            "Plan Rows": 1,
                            "Plan Width": 8,
                            "Actual Startup Time": 2123.102,
                            "Actual Total Time": 2123.107,
                            "Actual Rows": 1,
                            "Actual Loops": 6,
                            "Output": [
                                "PARTIAL count(*)"
                            ],
                            "Workers": [
                                {
                                    "Worker Number": 0,
                                    "Actual Startup Time": 2119.995,
                                    "Actual Total Time": 2119.997,
                                    "Actual Rows": 1,
                                    "Actual Loops": 1
                                },
                                {
                                    "Worker Number": 1,
                                    "Actual Startup Time": 2120.494,
                                    "Actual Total Time": 2120.497,
                                    "Actual Rows": 1,
                                    "Actual Loops": 1
                                },
                                {
                                    "Worker Number": 2,
                                    "Actual Startup Time": 2121.253,
                                    "Actual Total Time": 2121.257,
                                    "Actual Rows": 1,
                                    "Actual Loops": 1
                                },
                                {
                                    "Worker Number": 3,
                                    "Actual Startup Time": 2122.222,
                                    "Actual Total Time": 2122.239,
                                    "Actual Rows": 1,
                                    "Actual Loops": 1
                                },
                                {
                                    "Worker Number": 4,
                                    "Actual Startup Time": 2121.959,
                                    "Actual Total Time": 2121.963,
                                    "Actual Rows": 1,
                                    "Actual Loops": 1
                                }
                            ],
                            "Plans": [
                                {
                                    "Node Type": "Nested Loop",
                                    "Parent Relationship": "Outer",
                                    "Parallel Aware": false,
                                    "Join Type": "Inner",
                                    "Startup Cost": 59765.58,
                                    "Total Cost": 283657.22,
                                    "Plan Rows": 774222,
                                    "Plan Width": 0,
                                    "Actual Startup Time": 187.048,
                                    "Actual Total Time": 2037.462,
                                    "Actual Rows": 1825270,
                                    "Actual Loops": 6,
                                    "Inner Unique": false,
                                    "Workers": [
                                        {
                                            "Worker Number": 0,
                                            "Actual Startup Time": 189.493,
                                            "Actual Total Time": 2036.708,
                                            "Actual Rows": 1875251,
                                            "Actual Loops": 1
                                        },
                                        {
                                            "Worker Number": 1,
                                            "Actual Startup Time": 189.809,
                                            "Actual Total Time": 2037.891,
                                            "Actual Rows": 1857690,
                                            "Actual Loops": 1
                                        },
                                        {
                                            "Worker Number": 2,
                                            "Actual Startup Time": 184.286,
                                            "Actual Total Time": 2038.456,
                                            "Actual Rows": 1841141,
                                            "Actual Loops": 1
                                        },
                                        {
                                            "Worker Number": 3,
                                            "Actual Startup Time": 190.446,
                                            "Actual Total Time": 2039.436,
                                            "Actual Rows": 1837112,
                                            "Actual Loops": 1
                                        },
                                        {
                                            "Worker Number": 4,
                                            "Actual Startup Time": 190.558,
                                            "Actual Total Time": 2028.381,
                                            "Actual Rows": 1410865,
                                            "Actual Loops": 1
                                        }
                                    ],
                                    "Plans": [
                                        {
                                            "Node Type": "Merge Join",
                                            "Parent Relationship": "Outer",
                                            "Parallel Aware": false,
                                            "Join Type": "Inner",
                                            "Startup Cost": 59765.01,
                                            "Total Cost": 153020.57,
                                            "Plan Rows": 56784,
                                            "Plan Width": 8,
                                            "Actual Startup Time": 186.989,
                                            "Actual Total Time": 516.12,
                                            "Actual Rows": 47308,
                                            "Actual Loops": 6,
                                            "Output": [
                                                "t.id",
                                                "mk.movie_id"
                                            ],
                                            "Inner Unique": false,
                                            "Merge Cond": "(t.id = mk.movie_id)",
                                            "Workers": [
                                                {
                                                    "Worker Number": 0,
                                                    "Actual Startup Time": 189.436,
                                                    "Actual Total Time": 501.232,
                                                    "Actual Rows": 48503,
                                                    "Actual Loops": 1
                                                },
                                                {
                                                    "Worker Number": 1,
                                                    "Actual Startup Time": 189.741,
                                                    "Actual Total Time": 506.026,
                                                    "Actual Rows": 48173,
                                                    "Actual Loops": 1
                                                },
                                                {
                                                    "Worker Number": 2,
                                                    "Actual Startup Time": 184.213,
                                                    "Actual Total Time": 519.299,
                                                    "Actual Rows": 46656,
                                                    "Actual Loops": 1
                                                },
                                                {
                                                    "Worker Number": 3,
                                                    "Actual Startup Time": 190.388,
                                                    "Actual Total Time": 506.196,
                                                    "Actual Rows": 47318,
                                                    "Actual Loops": 1
                                                },
                                                {
                                                    "Worker Number": 4,
                                                    "Actual Startup Time": 190.487,
                                                    "Actual Total Time": 517.416,
                                                    "Actual Rows": 37577,
                                                    "Actual Loops": 1
                                                }
                                            ],
                                            "Plans": [
                                                {
                                                    "Node Type": "Index Only Scan",
                                                    "Parent Relationship": "Outer",
                                                    "Parallel Aware": true,
                                                    "Scan Direction": "Forward",
                                                    "Index Name": "title_pkey",
                                                    "Relation Name": "title",
                                                    "Schema": "public",
                                                    "Alias": "t",
                                                    "Startup Cost": 0.43,
                                                    "Total Cost": 90115.52,
                                                    "Plan Rows": 505664,
                                                    "Plan Width": 4,
                                                    "Actual Startup Time": 0.14,
                                                    "Actual Total Time": 268.934,
                                                    "Actual Rows": 420965,
                                                    "Actual Loops": 6,
                                                    "Output": [
                                                        "t.id"
                                                    ],
                                                    "Heap Fetches": 2525791,
                                                    "Workers": [
                                                        {
                                                            "Worker Number": 0,
                                                            "Actual Startup Time": 0.154,
                                                            "Actual Total Time": 254.462,
                                                            "Actual Rows": 404210,
                                                            "Actual Loops": 1
                                                        },
                                                        {
                                                            "Worker Number": 1,
                                                            "Actual Startup Time": 0.178,
                                                            "Actual Total Time": 258.683,
                                                            "Actual Rows": 408914,
                                                            "Actual Loops": 1
                                                        },
                                                        {
                                                            "Worker Number": 2,
                                                            "Actual Startup Time": 0.146,
                                                            "Actual Total Time": 278.991,
                                                            "Actual Rows": 380895,
                                                            "Actual Loops": 1
                                                        },
                                                        {
                                                            "Worker Number": 3,
                                                            "Actual Startup Time": 0.143,
                                                            "Actual Total Time": 258.572,
                                                            "Actual Rows": 399100,
                                                            "Actual Loops": 1
                                                        },
                                                        {
                                                            "Worker Number": 4,
                                                            "Actual Startup Time": 0.158,
                                                            "Actual Total Time": 257.024,
                                                            "Actual Rows": 360279,
                                                            "Actual Loops": 1
                                                        }
                                                    ]
                                                },
                                                {
                                                    "Node Type": "Sort",
                                                    "Parent Relationship": "Inner",
                                                    "Parallel Aware": false,
                                                    "Startup Cost": 59744.16,
                                                    "Total Cost": 60453.96,
                                                    "Plan Rows": 283921,
                                                    "Plan Width": 4,
                                                    "Actual Startup Time": 186.708,
                                                    "Actual Total Time": 202.656,
                                                    "Actual Rows": 283847,
                                                    "Actual Loops": 6,
                                                    "Output": [
                                                        "mk.movie_id"
                                                    ],
                                                    "Sort Key": [
                                                        "mk.movie_id"
                                                    ],
                                                    "Sort Method": "quicksort",
                                                    "Sort Space Used": 25594,
                                                    "Sort Space Type": "Memory",
                                                    "Workers": [
                                                        {
                                                            "Worker Number": 0,
                                                            "Actual Startup Time": 189.016,
                                                            "Actual Total Time": 204.426,
                                                            "Actual Rows": 283847,
                                                            "Actual Loops": 1
                                                        },
                                                        {
                                                            "Worker Number": 1,
                                                            "Actual Startup Time": 189.409,
                                                            "Actual Total Time": 204.816,
                                                            "Actual Rows": 283847,
                                                            "Actual Loops": 1
                                                        },
                                                        {
                                                            "Worker Number": 2,
                                                            "Actual Startup Time": 183.877,
                                                            "Actual Total Time": 199.055,
                                                            "Actual Rows": 283847,
                                                            "Actual Loops": 1
                                                        },
                                                        {
                                                            "Worker Number": 3,
                                                            "Actual Startup Time": 190.111,
                                                            "Actual Total Time": 205.499,
                                                            "Actual Rows": 283847,
                                                            "Actual Loops": 1
                                                        },
                                                        {
                                                            "Worker Number": 4,
                                                            "Actual Startup Time": 190.237,
                                                            "Actual Total Time": 209.793,
                                                            "Actual Rows": 283847,
                                                            "Actual Loops": 1
                                                        }
                                                    ],
                                                    "Plans": [
                                                        {
                                                            "Node Type": "Bitmap Heap Scan",
                                                            "Parent Relationship": "Outer",
                                                            "Parallel Aware": false,
                                                            "Relation Name": "movie_keyword",
                                                            "Schema": "public",
                                                            "Alias": "mk",
                                                            "Startup Cost": 6024.82,
                                                            "Total Cost": 34027.83,
                                                            "Plan Rows": 283921,
                                                            "Plan Width": 4,
                                                            "Actual Startup Time": 41.463,
                                                            "Actual Total Time": 129.266,
                                                            "Actual Rows": 283847,
                                                            "Actual Loops": 6,
                                                            "Output": [
                                                                "mk.movie_id"
                                                            ],
                                                            "Recheck Cond": "(mk.keyword_id < 236)",
                                                            "Rows Removed by Index Recheck": 0,
                                                            "Exact Heap Blocks": 24153,
                                                            "Lossy Heap Blocks": 0,
                                                            "Workers": [
                                                                {
                                                                    "Worker Number": 0,
                                                                    "Actual Startup Time": 41.29,
                                                                    "Actual Total Time": 132.12,
                                                                    "Actual Rows": 283847,
                                                                    "Actual Loops": 1
                                                                },
                                                                {
                                                                    "Worker Number": 1,
                                                                    "Actual Startup Time": 41.716,
                                                                    "Actual Total Time": 132.528,
                                                                    "Actual Rows": 283847,
                                                                    "Actual Loops": 1
                                                                },
                                                                {
                                                                    "Worker Number": 2,
                                                                    "Actual Startup Time": 40.526,
                                                                    "Actual Total Time": 127.967,
                                                                    "Actual Rows": 283847,
                                                                    "Actual Loops": 1
                                                                },
                                                                {
                                                                    "Worker Number": 3,
                                                                    "Actual Startup Time": 42.257,
                                                                    "Actual Total Time": 132.769,
                                                                    "Actual Rows": 283847,
                                                                    "Actual Loops": 1
                                                                },
                                                                {
                                                                    "Worker Number": 4,
                                                                    "Actual Startup Time": 42.466,
                                                                    "Actual Total Time": 133.332,
                                                                    "Actual Rows": 283847,
                                                                    "Actual Loops": 1
                                                                }
                                                            ],
                                                            "Plans": [
                                                                {
                                                                    "Node Type": "Bitmap Index Scan",
                                                                    "Parent Relationship": "Outer",
                                                                    "Parallel Aware": false,
                                                                    "Index Name": "keyword_id_movie_keyword",
                                                                    "Startup Cost": 0.0,
                                                                    "Total Cost": 5953.84,
                                                                    "Plan Rows": 283921,
                                                                    "Plan Width": 0,
                                                                    "Actual Startup Time": 38.319,
                                                                    "Actual Total Time": 38.319,
                                                                    "Actual Rows": 283847,
                                                                    "Actual Loops": 6,
                                                                    "Index Cond": "(mk.keyword_id < 236)",
                                                                    "Workers": [
                                                                        {
                                                                            "Worker Number": 0,
                                                                            "Actual Startup Time": 38.319,
                                                                            "Actual Total Time": 38.319,
                                                                            "Actual Rows": 283847,
                                                                            "Actual Loops": 1
                                                                        },
                                                                        {
                                                                            "Worker Number": 1,
                                                                            "Actual Startup Time": 38.716,
                                                                            "Actual Total Time": 38.716,
                                                                            "Actual Rows": 283847,
                                                                            "Actual Loops": 1
                                                                        },
                                                                        {
                                                                            "Worker Number": 2,
                                                                            "Actual Startup Time": 37.569,
                                                                            "Actual Total Time": 37.569,
                                                                            "Actual Rows": 283847,
                                                                            "Actual Loops": 1
                                                                        },
                                                                        {
                                                                            "Worker Number": 3,
                                                                            "Actual Startup Time": 39.268,
                                                                            "Actual Total Time": 39.268,
                                                                            "Actual Rows": 283847,
                                                                            "Actual Loops": 1
                                                                        },
                                                                        {
                                                                            "Worker Number": 4,
                                                                            "Actual Startup Time": 39.472,
                                                                            "Actual Total Time": 39.472,
                                                                            "Actual Rows": 283847,
                                                                            "Actual Loops": 1
                                                                        }
                                                                    ]
                                                                }
                                                            ]
                                                        }
                                                    ]
                                                }
                                            ]
                                        },
                                        {
                                            "Node Type": "Index Scan",
                                            "Parent Relationship": "Inner",
                                            "Parallel Aware": false,
                                            "Scan Direction": "Forward",
                                            "Index Name": "movie_id_cast_info",
                                            "Relation Name": "cast_info",
                                            "Schema": "public",
                                            "Alias": "ci",
                                            "Startup Cost": 0.56,
                                            "Total Cost": 1.93,
                                            "Plan Rows": 37,
                                            "Plan Width": 4,
                                            "Actual Startup Time": 0.006,
                                            "Actual Total Time": 0.029,
                                            "Actual Rows": 39,
                                            "Actual Loops": 283847,
                                            "Output": [
                                                "ci.id",
                                                "ci.person_id",
                                                "ci.movie_id",
                                                "ci.person_role_id",
                                                "ci.note",
                                                "ci.nr_order",
                                                "ci.role_id"
                                            ],
                                            "Index Cond": "(ci.movie_id = t.id)",
                                            "Rows Removed by Index Recheck": 0,
                                            "Filter": "(ci.person_id > 178280)",
                                            "Rows Removed by Filter": 2,
                                            "Workers": [
                                                {
                                                    "Worker Number": 0,
                                                    "Actual Startup Time": 0.006,
                                                    "Actual Total Time": 0.029,
                                                    "Actual Rows": 39,
                                                    "Actual Loops": 48503
                                                },
                                                {
                                                    "Worker Number": 1,
                                                    "Actual Startup Time": 0.006,
                                                    "Actual Total Time": 0.029,
                                                    "Actual Rows": 39,
                                                    "Actual Loops": 48173
                                                },
                                                {
                                                    "Worker Number": 2,
                                                    "Actual Startup Time": 0.006,
                                                    "Actual Total Time": 0.03,
                                                    "Actual Rows": 39,
                                                    "Actual Loops": 46656
                                                },
                                                {
                                                    "Worker Number": 3,
                                                    "Actual Startup Time": 0.006,
                                                    "Actual Total Time": 0.03,
                                                    "Actual Rows": 39,
                                                    "Actual Loops": 47318
                                                },
                                                {
                                                    "Worker Number": 4,
                                                    "Actual Startup Time": 0.007,
                                                    "Actual Total Time": 0.036,
                                                    "Actual Rows": 38,
                                                    "Actual Loops": 37577
                                                }
                                            ]
                                        }
                                    ]
                                }
                            ]
                        }
                    ]
                }
            ]
        },
        "Planning Time": 198.179,
        "Triggers": [],
        "Execution Time": 2203.473
    }
]