[
  {
    "Plan": {
      "Node Type": "Aggregate",
      "Strategy": "Plain",
      "Partial Mode": "Finalize",
      "Parallel Aware": false,
      "Startup Cost": 250648.92,
      "Total Cost": 250648.93,
      "Plan Rows": 1,
      "Plan Width": 8,
      "Actual Startup Time": 726.273,
      "Actual Total Time": 770.278,
      "Actual Rows": 1,
      "Actual Loops": 1,
      "Plans": [
        {
          "Node Type": "Gather",
          "Parent Relationship": "Outer",
          "Parallel Aware": false,
          "Startup Cost": 250648.39,
          "Total Cost": 250648.9,
          "Plan Rows": 5,
          "Plan Width": 8,
          "Actual Startup Time": 713.882,
          "Actual Total Time": 770.263,
          "Actual Rows": 6,
          "Actual Loops": 1,
          "Workers Planned": 5,
          "Workers Launched": 5,
          "Single Copy": false,
          "Plans": [
            {
              "Node Type": "Aggregate",
              "Strategy": "Plain",
              "Partial Mode": "Partial",
              "Parent Relationship": "Outer",
              "Parallel Aware": false,
              "Startup Cost": 249648.39,
              "Total Cost": 249648.4,
              "Plan Rows": 1,
              "Plan Width": 8,
              "Actual Startup Time": 700.048,
              "Actual Total Time": 700.053,
              "Actual Rows": 1,
              "Actual Loops": 6,
              "Plans": [
                {
                  "Node Type": "Hash Join",
                  "Parent Relationship": "Outer",
                  "Parallel Aware": true,
                  "Join Type": "Inner",
                  "Startup Cost": 48758.37,
                  "Total Cost": 248990.28,
                  "Plan Rows": 263245,
                  "Plan Width": 0,
                  "Actual Startup Time": 263.612,
                  "Actual Total Time": 695.753,
                  "Actual Rows": 88838,
                  "Actual Loops": 6,
                  "Inner Unique": true,
                  "Hash Cond": "(mi.movie_id = t.id)",
                  "Plans": [
                    {
                      "Node Type": "Seq Scan",
                      "Parent Relationship": "Outer",
                      "Parallel Aware": true,
                      "Relation Name": "movie_info",
                      "Alias": "mi",
                      "Startup Cost": 0.0,
                      "Total Cost": 199108.24,
                      "Plan Rows": 428064,
                      "Plan Width": 4,
                      "Actual Startup Time": 32.09,
                      "Actual Total Time": 337.901,
                      "Actual Rows": 348511,
                      "Actual Loops": 6,
                      "Filter": "(info_type_id < 3)",
                      "Rows Removed by Filter": 2124109
                    },
                    {
                      "Node Type": "Hash",
                      "Parent Relationship": "Inner",
                      "Parallel Aware": true,
                      "Startup Cost": 43899.32,
                      "Total Cost": 43899.32,
                      "Plan Rows": 388724,
                      "Plan Width": 4,
                      "Actual Startup Time": 225.818,
                      "Actual Total Time": 225.82,
                      "Actual Rows": 259311,
                      "Actual Loops": 6,
                      "Hash Buckets": 2097152,
                      "Original Hash Buckets": 2097152,
                      "Hash Batches": 1,
                      "Original Hash Batches": 1,
                      "Peak Memory Usage": 77312,
                      "Plans": [
                        {
                          "Node Type": "Seq Scan",
                          "Parent Relationship": "Outer",
                          "Parallel Aware": true,
                          "Relation Name": "title",
                          "Alias": "t",
                          "Startup Cost": 0.0,
                          "Total Cost": 43899.32,
                          "Plan Rows": 388724,
                          "Plan Width": 4,
                          "Actual Startup Time": 0.048,
                          "Actual Total Time": 93.394,
                          "Actual Rows": 259311,
                          "Actual Loops": 6,
                          "Filter": "(kind_id > 4)",
                          "Rows Removed by Filter": 162075
                        }
                      ]
                    }
                  ]
                }
              ]
            }
          ]
        }
      ]
    },
    "Planning Time": 0.763,
    "Triggers": [],
    "Execution Time": 770.357
  }
]