[
  {
    "Plan": {
      "Node Type": "Aggregate",
      "Strategy": "Plain",
      "Partial Mode": "Simple",
      "Parallel Aware": false,
      "Startup Cost": 3544.13,
      "Total Cost": 3544.14,
      "Plan Rows": 1,
      "Plan Width": 8,
      "Actual Startup Time": 57.841,
      "Actual Total Time": 57.843,
      "Actual Rows": 1,
      "Actual Loops": 1,
      "Plans": [
        {
          "Node Type": "Nested Loop",
          "Parent Relationship": "Outer",
          "Parallel Aware": false,
          "Join Type": "Inner",
          "Startup Cost": 7.36,
          "Total Cost": 3538.53,
          "Plan Rows": 2241,
          "Plan Width": 0,
          "Actual Startup Time": 5.672,
          "Actual Total Time": 56.69,
          "Actual Rows": 20495,
          "Actual Loops": 1,
          "Inner Unique": false,
          "Plans": [
            {
              "Node Type": "Nested Loop",
              "Parent Relationship": "Outer",
              "Parallel Aware": false,
              "Join Type": "Inner",
              "Startup Cost": 6.79,
              "Total Cost": 3017.98,
              "Plan Rows": 249,
              "Plan Width": 8,
              "Actual Startup Time": 5.638,
              "Actual Total Time": 9.69,
              "Actual Rows": 619,
              "Actual Loops": 1,
              "Inner Unique": true,
              "Plans": [
                {
                  "Node Type": "Bitmap Heap Scan",
                  "Parent Relationship": "Outer",
                  "Parallel Aware": false,
                  "Relation Name": "movie_keyword",
                  "Alias": "mk",
                  "Startup Cost": 6.36,
                  "Total Cost": 926.55,
                  "Plan Rows": 249,
                  "Plan Width": 4,
                  "Actual Startup Time": 5.604,
                  "Actual Total Time": 6.551,
                  "Actual Rows": 619,
                  "Actual Loops": 1,
                  "Recheck Cond": "(keyword_id = 2134)",
                  "Rows Removed by Index Recheck": 0,
                  "Exact Heap Blocks": 520,
                  "Lossy Heap Blocks": 0,
                  "Plans": [
                    {
                      "Node Type": "Bitmap Index Scan",
                      "Parent Relationship": "Outer",
                      "Parallel Aware": false,
                      "Index Name": "keyword_id_movie_keyword",
                      "Startup Cost": 0.0,
                      "Total Cost": 6.3,
                      "Plan Rows": 249,
                      "Plan Width": 0,
                      "Actual Startup Time": 5.377,
                      "Actual Total Time": 5.378,
                      "Actual Rows": 619,
                      "Actual Loops": 1,
                      "Index Cond": "(keyword_id = 2134)"
                    }
                  ]
                },
                {
                  "Node Type": "Index Only Scan",
                  "Parent Relationship": "Inner",
                  "Parallel Aware": false,
                  "Scan Direction": "Forward",
                  "Index Name": "title_pkey",
                  "Relation Name": "title",
                  "Alias": "t",
                  "Startup Cost": 0.43,
                  "Total Cost": 8.4,
                  "Plan Rows": 1,
                  "Plan Width": 4,
                  "Actual Startup Time": 0.005,
                  "Actual Total Time": 0.005,
                  "Actual Rows": 1,
                  "Actual Loops": 619,
                  "Index Cond": "(id = mk.movie_id)",
                  "Rows Removed by Index Recheck": 0,
                  "Heap Fetches": 619
                }
              ]
            },
            {
              "Node Type": "Index Scan",
              "Parent Relationship": "Inner",
              "Parallel Aware": false,
              "Scan Direction": "Forward",
              "Index Name": "movie_id_cast_info",
              "Relation Name": "cast_info",
              "Alias": "ci",
              "Startup Cost": 0.56,
              "Total Cost": 1.87,
              "Plan Rows": 22,
              "Plan Width": 4,
              "Actual Startup Time": 0.008,
              "Actual Total Time": 0.073,
              "Actual Rows": 33,
              "Actual Loops": 619,
              "Index Cond": "(movie_id = t.id)",
              "Rows Removed by Index Recheck": 0,
              "Filter": "(person_id < 2346244)",
              "Rows Removed by Filter": 24
            }
          ]
        }
      ]
    },
    "Planning Time": 0.496,
    "Triggers": [],
    "Execution Time": 57.883
  }
]