[
  {
    "Plan": {
      "Node Type": "Aggregate",
      "Strategy": "Plain",
      "Partial Mode": "Finalize",
      "Parallel Aware": false,
      "Startup Cost": 76930.35,
      "Total Cost": 76930.36,
      "Plan Rows": 1,
      "Plan Width": 8,
      "Actual Startup Time": 171.354,
      "Actual Total Time": 188.131,
      "Actual Rows": 1,
      "Actual Loops": 1,
      "Plans": [
        {
          "Node Type": "Gather",
          "Parent Relationship": "Outer",
          "Parallel Aware": false,
          "Startup Cost": 76930.03,
          "Total Cost": 76930.34,
          "Plan Rows": 3,
          "Plan Width": 8,
          "Actual Startup Time": 170.778,
          "Actual Total Time": 188.123,
          "Actual Rows": 4,
          "Actual Loops": 1,
          "Workers Planned": 3,
          "Workers Launched": 3,
          "Single Copy": false,
          "Plans": [
            {
              "Node Type": "Aggregate",
              "Strategy": "Plain",
              "Partial Mode": "Partial",
              "Parent Relationship": "Outer",
              "Parallel Aware": false,
              "Startup Cost": 75930.03,
              "Total Cost": 75930.04,
              "Plan Rows": 1,
              "Plan Width": 8,
              "Actual Startup Time": 160.814,
              "Actual Total Time": 160.818,
              "Actual Rows": 1,
              "Actual Loops": 4,
              "Plans": [
                {
                  "Node Type": "Nested Loop",
                  "Parent Relationship": "Outer",
                  "Parallel Aware": false,
                  "Join Type": "Inner",
                  "Startup Cost": 50637.27,
                  "Total Cost": 75926.38,
                  "Plan Rows": 1461,
                  "Plan Width": 0,
                  "Actual Startup Time": 115.814,
                  "Actual Total Time": 160.729,
                  "Actual Rows": 983,
                  "Actual Loops": 4,
                  "Inner Unique": false,
                  "Join Filter": "(t.id = mi.movie_id)",
                  "Rows Removed by Join Filter": 0,
                  "Plans": [
                    {
                      "Node Type": "Hash Join",
                      "Parent Relationship": "Outer",
                      "Parallel Aware": true,
                      "Join Type": "Inner",
                      "Startup Cost": 50636.83,
                      "Total Cost": 70654.09,
                      "Plan Rows": 587,
                      "Plan Width": 8,
                      "Actual Startup Time": 115.705,
                      "Actual Total Time": 154.606,
                      "Actual Rows": 290,
                      "Actual Loops": 4,
                      "Inner Unique": true,
                      "Hash Cond": "(mc.movie_id = t.id)",
                      "Plans": [
                        {
                          "Node Type": "Bitmap Heap Scan",
                          "Parent Relationship": "Outer",
                          "Parallel Aware": true,
                          "Relation Name": "movie_companies",
                          "Alias": "mc",
                          "Startup Cost": 5032.55,
                          "Total Cost": 24952.47,
                          "Plan Rows": 37082,
                          "Plan Width": 4,
                          "Actual Startup Time": 13.871,
                          "Actual Total Time": 45.956,
                          "Actual Rows": 44569,
                          "Actual Loops": 4,
                          "Recheck Cond": "(company_id < 93)",
                          "Rows Removed by Index Recheck": 0,
                          "Filter": "(company_type_id < 2)",
                          "Rows Removed by Filter": 13598,
                          "Exact Heap Blocks": 7164,
                          "Lossy Heap Blocks": 0,
                          "Plans": [
                            {
                              "Node Type": "Bitmap Index Scan",
                              "Parent Relationship": "Outer",
                              "Parallel Aware": false,
                              "Index Name": "company_id_movie_companies",
                              "Startup Cost": 0.0,
                              "Total Cost": 5003.81,
                              "Plan Rows": 233517,
                              "Plan Width": 0,
                              "Actual Startup Time": 11.344,
                              "Actual Total Time": 11.345,
                              "Actual Rows": 232665,
                              "Actual Loops": 1,
                              "Index Cond": "(company_id < 93)"
                            }
                          ]
                        },
                        {
                          "Node Type": "Hash",
                          "Parent Relationship": "Inner",
                          "Parallel Aware": true,
                          "Startup Cost": 45479.1,
                          "Total Cost": 45479.1,
                          "Plan Rows": 10015,
                          "Plan Width": 4,
                          "Actual Startup Time": 99.973,
                          "Actual Total Time": 99.974,
                          "Actual Rows": 10030,
                          "Actual Loops": 4,
                          "Hash Buckets": 65536,
                          "Original Hash Buckets": 65536,
                          "Hash Batches": 1,
                          "Original Hash Batches": 1,
                          "Peak Memory Usage": 2144,
                          "Plans": [
                            {
                              "Node Type": "Seq Scan",
                              "Parent Relationship": "Outer",
                              "Parallel Aware": true,
                              "Relation Name": "title",
                              "Alias": "t",
                              "Startup Cost": 0.0,
                              "Total Cost": 45479.1,
                              "Plan Rows": 10015,
                              "Plan Width": 4,
                              "Actual Startup Time": 0.051,
                              "Actual Total Time": 95.008,
                              "Actual Rows": 10030,
                              "Actual Loops": 4,
                              "Filter": "((kind_id = 7) AND (production_year = 2013))",
                              "Rows Removed by Filter": 622048
                            }
                          ]
                        }
                      ]
                    },
                    {
                      "Node Type": "Index Scan",
                      "Parent Relationship": "Inner",
                      "Parallel Aware": false,
                      "Scan Direction": "Forward",
                      "Index Name": "movie_id_movie_info",
                      "Relation Name": "movie_info",
                      "Alias": "mi",
                      "Startup Cost": 0.43,
                      "Total Cost": 8.76,
                      "Plan Rows": 18,
                      "Plan Width": 4,
                      "Actual Startup Time": 0.011,
                      "Actual Total Time": 0.02,
                      "Actual Rows": 3,
                      "Actual Loops": 1158,
                      "Index Cond": "(movie_id = mc.movie_id)",
                      "Rows Removed by Index Recheck": 0,
                      "Filter": "(info_type_id > 8)",
                      "Rows Removed by Filter": 5
                    }
                  ]
                }
              ]
            }
          ]
        }
      ]
    },
    "Planning Time": 1.538,
    "Triggers": [],
    "Execution Time": 188.238
  }
]