{
  "Plan": {
    "Node Type": "Aggregate",
    "Strategy": "Plain",
    "Partial Mode": "Finalize",
    "Parallel Aware": false,
    "Startup Cost": 112335.52,
    "Total Cost": 112335.53,
    "Plan Rows": 1,
    "Plan Width": 8,
    "Actual Startup Time": 373.832,
    "Actual Total Time": 392.115,
    "Actual Rows": 1,
    "Actual Loops": 1,
    "Plans": [
      {
        "Node Type": "Gather",
        "Parent Relationship": "Outer",
        "Parallel Aware": false,
        "Startup Cost": 112335.4,
        "Total Cost": 112335.51,
        "Plan Rows": 1,
        "Plan Width": 8,
        "Actual Startup Time": 373.325,
        "Actual Total Time": 392.107,
        "Actual Rows": 2,
        "Actual Loops": 1,
        "Workers Planned": 1,
        "Workers Launched": 1,
        "Single Copy": false,
        "Plans": [
          {
            "Node Type": "Aggregate",
            "Strategy": "Plain",
            "Partial Mode": "Partial",
            "Parent Relationship": "Outer",
            "Parallel Aware": false,
            "Startup Cost": 111335.4,
            "Total Cost": 111335.41,
            "Plan Rows": 1,
            "Plan Width": 8,
            "Actual Startup Time": 366.526,
            "Actual Total Time": 366.531,
            "Actual Rows": 1,
            "Actual Loops": 2,
            "Plans": [
              {
                "Node Type": "Hash Join",
                "Parent Relationship": "Outer",
                "Parallel Aware": true,
                "Join Type": "Inner",
                "Startup Cost": 78530.31,
                "Total Cost": 111307.17,
                "Plan Rows": 11295,
                "Plan Width": 0,
                "Actual Startup Time": 222.934,
                "Actual Total Time": 366.347,
                "Actual Rows": 2186,
                "Actual Loops": 2,
                "Inner Unique": true,
                "Hash Cond": "(mk.movie_id = t.id)",
                "Plans": [
                  {
                    "Node Type": "Bitmap Heap Scan",
                    "Parent Relationship": "Outer",
                    "Parallel Aware": true,
                    "Relation Name": "movie_keyword",
                    "Alias": "mk",
                    "Startup Cost": 19842.26,
                    "Total Cost": 51174.66,
                    "Plan Rows": 550272,
                    "Plan Width": 4,
                    "Actual Startup Time": 62.772,
                    "Actual Total Time": 159.524,
                    "Actual Rows": 468929,
                    "Actual Loops": 2,
                    "Recheck Cond": "(keyword_id > 20211)",
                    "Rows Removed by Index Recheck": 0,
                    "Exact Heap Blocks": 11680,
                    "Lossy Heap Blocks": 0,
                    "Plans": [
                      {
                        "Node Type": "Bitmap Index Scan",
                        "Parent Relationship": "Outer",
                        "Parallel Aware": false,
                        "Index Name": "keyword_id_movie_keyword",
                        "Startup Cost": 0.0,
                        "Total Cost": 19608.4,
                        "Plan Rows": 935462,
                        "Plan Width": 0,
                        "Actual Startup Time": 59.112,
                        "Actual Total Time": 59.113,
                        "Actual Rows": 937858,
                        "Actual Loops": 1,
                        "Index Cond": "(keyword_id > 20211)"
                      }
                    ]
                  },
                  {
                    "Node Type": "Hash",
                    "Parent Relationship": "Inner",
                    "Parallel Aware": true,
                    "Startup Cost": 58306.47,
                    "Total Cost": 58306.47,
                    "Plan Rows": 30526,
                    "Plan Width": 4,
                    "Actual Startup Time": 157.877,
                    "Actual Total Time": 157.879,
                    "Actual Rows": 28240,
                    "Actual Loops": 2,
                    "Hash Buckets": 65536,
                    "Original Hash Buckets": 65536,
                    "Hash Batches": 1,
                    "Original Hash Batches": 1,
                    "Peak Memory Usage": 2752,
                    "Plans": [
                      {
                        "Node Type": "Seq Scan",
                        "Parent Relationship": "Outer",
                        "Parallel Aware": true,
                        "Relation Name": "title",
                        "Alias": "t",
                        "Startup Cost": 0.0,
                        "Total Cost": 58306.47,
                        "Plan Rows": 30526,
                        "Plan Width": 4,
                        "Actual Startup Time": 0.043,
                        "Actual Total Time": 149.229,
                        "Actual Rows": 28240,
                        "Actual Loops": 2,
                        "Filter": "((kind_id = 7) AND (production_year = 2004))",
                        "Rows Removed by Filter": 1235916
                      }
                    ]
                  }
                ]
              }
            ]
          }
        ]
      }
    ]
  },
  "Planning Time": 0.527,
  "Triggers": [],
  "Execution Time": 392.227
}