[
  {
    "Plan": {
      "Node Type": "Aggregate",
      "Strategy": "Plain",
      "Partial Mode": "Finalize",
      "Parallel Aware": false,
      "Startup Cost": 44689.36,
      "Total Cost": 44689.37,
      "Plan Rows": 1,
      "Plan Width": 8,
      "Actual Startup Time": 137.013,
      "Actual Total Time": 146.651,
      "Actual Rows": 1,
      "Actual Loops": 1,
      "Plans": [
        {
          "Node Type": "Gather",
          "Parent Relationship": "Outer",
          "Parallel Aware": false,
          "Startup Cost": 44689.04,
          "Total Cost": 44689.35,
          "Plan Rows": 3,
          "Plan Width": 8,
          "Actual Startup Time": 136.907,
          "Actual Total Time": 146.642,
          "Actual Rows": 4,
          "Actual Loops": 1,
          "Workers Planned": 3,
          "Workers Launched": 3,
          "Single Copy": false,
          "Plans": [
            {
              "Node Type": "Aggregate",
              "Strategy": "Plain",
              "Partial Mode": "Partial",
              "Parent Relationship": "Outer",
              "Parallel Aware": false,
              "Startup Cost": 43689.04,
              "Total Cost": 43689.05,
              "Plan Rows": 1,
              "Plan Width": 8,
              "Actual Startup Time": 128.491,
              "Actual Total Time": 128.492,
              "Actual Rows": 1,
              "Actual Loops": 4,
              "Plans": [
                {
                  "Node Type": "Seq Scan",
                  "Parent Relationship": "Outer",
                  "Parallel Aware": true,
                  "Relation Name": "movie_keyword",
                  "Alias": "mk",
                  "Startup Cost": 0.0,
                  "Total Cost": 42695.65,
                  "Plan Rows": 397355,
                  "Plan Width": 0,
                  "Actual Startup Time": 2.601,
                  "Actual Total Time": 112.335,
                  "Actual Rows": 309634,
                  "Actual Loops": 4,
                  "Filter": "(keyword_id > 14611)",
                  "Rows Removed by Filter": 821348
                }
              ]
            }
          ]
        }
      ]
    },
    "Planning Time": 0.164,
    "Triggers": [],
    "Execution Time": 146.701
  }
]