[
  {
    "Plan": {
      "Node Type": "Aggregate",
      "Strategy": "Plain",
      "Partial Mode": "Finalize",
      "Parallel Aware": false,
      "Startup Cost": 106712.9,
      "Total Cost": 106712.91,
      "Plan Rows": 1,
      "Plan Width": 8,
      "Actual Startup Time": 492.776,
      "Actual Total Time": 509.136,
      "Actual Rows": 1,
      "Actual Loops": 1,
      "Plans": [
        {
          "Node Type": "Gather",
          "Parent Relationship": "Outer",
          "Parallel Aware": false,
          "Startup Cost": 106712.68,
          "Total Cost": 106712.89,
          "Plan Rows": 2,
          "Plan Width": 8,
          "Actual Startup Time": 490.896,
          "Actual Total Time": 509.13,
          "Actual Rows": 3,
          "Actual Loops": 1,
          "Workers Planned": 2,
          "Workers Launched": 2,
          "Single Copy": false,
          "Plans": [
            {
              "Node Type": "Aggregate",
              "Strategy": "Plain",
              "Partial Mode": "Partial",
              "Parent Relationship": "Outer",
              "Parallel Aware": false,
              "Startup Cost": 105712.68,
              "Total Cost": 105712.69,
              "Plan Rows": 1,
              "Plan Width": 8,
              "Actual Startup Time": 487.3,
              "Actual Total Time": 487.306,
              "Actual Rows": 1,
              "Actual Loops": 3,
              "Plans": [
                {
                  "Node Type": "Hash Join",
                  "Parent Relationship": "Outer",
                  "Parallel Aware": true,
                  "Join Type": "Inner",
                  "Startup Cost": 89681.45,
                  "Total Cost": 105629.82,
                  "Plan Rows": 33145,
                  "Plan Width": 0,
                  "Actual Startup Time": 382.041,
                  "Actual Total Time": 476.605,
                  "Actual Rows": 234404,
                  "Actual Loops": 3,
                  "Inner Unique": false,
                  "Hash Cond": "(mi_idx.movie_id = t.id)",
                  "Plans": [
                    {
                      "Node Type": "Seq Scan",
                      "Parent Relationship": "Outer",
                      "Parallel Aware": true,
                      "Relation Name": "movie_info_idx",
                      "Alias": "mi_idx",
                      "Startup Cost": 0.0,
                      "Total Cost": 13685.15,
                      "Plan Rows": 575015,
                      "Plan Width": 4,
                      "Actual Startup Time": 0.011,
                      "Actual Total Time": 36.807,
                      "Actual Rows": 460012,
                      "Actual Loops": 3
                    },
                    {
                      "Node Type": "Hash",
                      "Parent Relationship": "Inner",
                      "Parallel Aware": true,
                      "Startup Cost": 89093.77,
                      "Total Cost": 89093.77,
                      "Plan Rows": 47014,
                      "Plan Width": 8,
                      "Actual Startup Time": 379.505,
                      "Actual Total Time": 379.51,
                      "Actual Rows": 97919,
                      "Actual Loops": 3,
                      "Hash Buckets": 524288,
                      "Original Hash Buckets": 262144,
                      "Hash Batches": 1,
                      "Original Hash Batches": 1,
                      "Peak Memory Usage": 17664,
                      "Plans": [
                        {
                          "Node Type": "Hash Join",
                          "Parent Relationship": "Outer",
                          "Parallel Aware": true,
                          "Join Type": "Inner",
                          "Startup Cost": 44383.3,
                          "Total Cost": 89093.77,
                          "Plan Rows": 47014,
                          "Plan Width": 8,
                          "Actual Startup Time": 128.476,
                          "Actual Total Time": 350.332,
                          "Actual Rows": 97919,
                          "Actual Loops": 3,
                          "Inner Unique": true,
                          "Hash Cond": "(mk.movie_id = t.id)",
                          "Plans": [
                            {
                              "Node Type": "Seq Scan",
                              "Parent Relationship": "Outer",
                              "Parallel Aware": true,
                              "Relation Name": "movie_keyword",
                              "Alias": "mk",
                              "Startup Cost": 0.0,
                              "Total Cost": 42695.65,
                              "Plan Rows": 767551,
                              "Plan Width": 4,
                              "Actual Startup Time": 0.314,
                              "Actual Total Time": 146.399,
                              "Actual Rows": 788025,
                              "Actual Loops": 3,
                              "Filter": "(keyword_id > 4107)",
                              "Rows Removed by Filter": 719951
                            },
                            {
                              "Node Type": "Hash",
                              "Parent Relationship": "Inner",
                              "Parallel Aware": true,
                              "Startup Cost": 43899.32,
                              "Total Cost": 43899.32,
                              "Plan Rows": 38718,
                              "Plan Width": 4,
                              "Actual Startup Time": 126.336,
                              "Actual Total Time": 126.338,
                              "Actual Rows": 56316,
                              "Actual Loops": 3,
                              "Hash Buckets": 262144,
                              "Original Hash Buckets": 262144,
                              "Hash Batches": 1,
                              "Original Hash Batches": 1,
                              "Peak Memory Usage": 8704,
                              "Plans": [
                                {
                                  "Node Type": "Seq Scan",
                                  "Parent Relationship": "Outer",
                                  "Parallel Aware": true,
                                  "Relation Name": "title",
                                  "Alias": "t",
                                  "Startup Cost": 0.0,
                                  "Total Cost": 43899.32,
                                  "Plan Rows": 38718,
                                  "Plan Width": 4,
                                  "Actual Startup Time": 0.116,
                                  "Actual Total Time": 110.441,
                                  "Actual Rows": 56316,
                                  "Actual Loops": 3,
                                  "Filter": "(production_year < 1951)",
                                  "Rows Removed by Filter": 786455
                                }
                              ]
                            }
                          ]
                        }
                      ]
                    }
                  ]
                }
              ]
            }
          ]
        }
      ]
    },
    "Planning Time": 0.497,
    "Triggers": [],
    "Execution Time": 509.178
  }
]