[
  {
    "Plan": {
      "Node Type": "Aggregate",
      "Strategy": "Plain",
      "Partial Mode": "Finalize",
      "Parallel Aware": false,
      "Startup Cost": 354027.85,
      "Total Cost": 354027.86,
      "Plan Rows": 1,
      "Plan Width": 8,
      "Actual Startup Time": 903.579,
      "Actual Total Time": 961.806,
      "Actual Rows": 1,
      "Actual Loops": 1,
      "Plans": [
        {
          "Node Type": "Gather",
          "Parent Relationship": "Outer",
          "Parallel Aware": false,
          "Startup Cost": 354027.22,
          "Total Cost": 354027.83,
          "Plan Rows": 6,
          "Plan Width": 8,
          "Actual Startup Time": 903.465,
          "Actual Total Time": 961.795,
          "Actual Rows": 7,
          "Actual Loops": 1,
          "Workers Planned": 6,
          "Workers Launched": 6,
          "Single Copy": false,
          "Plans": [
            {
              "Node Type": "Aggregate",
              "Strategy": "Plain",
              "Partial Mode": "Partial",
              "Parent Relationship": "Outer",
              "Parallel Aware": false,
              "Startup Cost": 353027.22,
              "Total Cost": 353027.23,
              "Plan Rows": 1,
              "Plan Width": 8,
              "Actual Startup Time": 894.184,
              "Actual Total Time": 894.185,
              "Actual Rows": 1,
              "Actual Loops": 7,
              "Plans": [
                {
                  "Node Type": "Seq Scan",
                  "Parent Relationship": "Outer",
                  "Parallel Aware": true,
                  "Relation Name": "cast_info",
                  "Alias": "ci",
                  "Startup Cost": 0.0,
                  "Total Cost": 343257.03,
                  "Plan Rows": 3908077,
                  "Plan Width": 0,
                  "Actual Startup Time": 236.777,
                  "Actual Total Time": 745.314,
                  "Actual Rows": 3304505,
                  "Actual Loops": 7,
                  "Filter": "((person_id < 3977918) AND (role_id > 1))",
                  "Rows Removed by Filter": 1873258
                }
              ]
            }
          ]
        }
      ]
    },
    "Planning Time": 0.305,
    "Triggers": [],
    "Execution Time": 961.879
  }
]