[
  {
    "Plan": {
      "Node Type": "Aggregate",
      "Strategy": "Plain",
      "Partial Mode": "Finalize",
      "Parallel Aware": false,
      "Startup Cost": 95356.82,
      "Total Cost": 95356.83,
      "Plan Rows": 1,
      "Plan Width": 8,
      "Actual Startup Time": 449.879,
      "Actual Total Time": 465.626,
      "Actual Rows": 1,
      "Actual Loops": 1,
      "Plans": [
        {
          "Node Type": "Gather",
          "Parent Relationship": "Outer",
          "Parallel Aware": false,
          "Startup Cost": 95356.5,
          "Total Cost": 95356.81,
          "Plan Rows": 3,
          "Plan Width": 8,
          "Actual Startup Time": 446.588,
          "Actual Total Time": 465.617,
          "Actual Rows": 4,
          "Actual Loops": 1,
          "Workers Planned": 3,
          "Workers Launched": 3,
          "Single Copy": false,
          "Plans": [
            {
              "Node Type": "Aggregate",
              "Strategy": "Plain",
              "Partial Mode": "Partial",
              "Parent Relationship": "Outer",
              "Parallel Aware": false,
              "Startup Cost": 94356.5,
              "Total Cost": 94356.51,
              "Plan Rows": 1,
              "Plan Width": 8,
              "Actual Startup Time": 432.781,
              "Actual Total Time": 432.785,
              "Actual Rows": 1,
              "Actual Loops": 4,
              "Plans": [
                {
                  "Node Type": "Hash Join",
                  "Parent Relationship": "Outer",
                  "Parallel Aware": true,
                  "Join Type": "Inner",
                  "Startup Cost": 48701.62,
                  "Total Cost": 93271.48,
                  "Plan Rows": 434008,
                  "Plan Width": 0,
                  "Actual Startup Time": 247.984,
                  "Actual Total Time": 429.476,
                  "Actual Rows": 73625,
                  "Actual Loops": 4,
                  "Inner Unique": true,
                  "Hash Cond": "(mk.movie_id = t.id)",
                  "Plans": [
                    {
                      "Node Type": "Seq Scan",
                      "Parent Relationship": "Outer",
                      "Parallel Aware": true,
                      "Relation Name": "movie_keyword",
                      "Alias": "mk",
                      "Startup Cost": 0.0,
                      "Total Cost": 42695.65,
                      "Plan Rows": 713985,
                      "Plan Width": 4,
                      "Actual Startup Time": 0.029,
                      "Actual Total Time": 107.027,
                      "Actual Rows": 553791,
                      "Actual Loops": 4,
                      "Filter": "(keyword_id < 4505)",
                      "Rows Removed by Filter": 577192
                    },
                    {
                      "Node Type": "Hash",
                      "Parent Relationship": "Inner",
                      "Parallel Aware": true,
                      "Startup Cost": 43898.92,
                      "Total Cost": 43898.92,
                      "Plan Rows": 384216,
                      "Plan Width": 4,
                      "Actual Startup Time": 239.779,
                      "Actual Total Time": 239.78,
                      "Actual Rows": 385816,
                      "Actual Loops": 4,
                      "Hash Buckets": 2097152,
                      "Original Hash Buckets": 2097152,
                      "Hash Batches": 1,
                      "Original Hash Batches": 1,
                      "Peak Memory Usage": 76832,
                      "Plans": [
                        {
                          "Node Type": "Seq Scan",
                          "Parent Relationship": "Outer",
                          "Parallel Aware": true,
                          "Relation Name": "title",
                          "Alias": "t",
                          "Startup Cost": 0.0,
                          "Total Cost": 43898.92,
                          "Plan Rows": 384216,
                          "Plan Width": 4,
                          "Actual Startup Time": 0.036,
                          "Actual Total Time": 104.615,
                          "Actual Rows": 385816,
                          "Actual Loops": 4,
                          "Filter": "(kind_id = 7)",
                          "Rows Removed by Filter": 246262
                        }
                      ]
                    }
                  ]
                }
              ]
            }
          ]
        }
      ]
    },
    "Planning Time": 0.632,
    "Triggers": [],
    "Execution Time": 465.696
  }
]