{
  "Plan": {
    "Node Type": "Aggregate",
    "Strategy": "Plain",
    "Partial Mode": "Finalize",
    "Parallel Aware": false,
    "Startup Cost": 681860.53,
    "Total Cost": 681860.54,
    "Plan Rows": 1,
    "Plan Width": 8,
    "Actual Startup Time": 3903.421,
    "Actual Total Time": 3958.785,
    "Actual Rows": 1,
    "Actual Loops": 1,
    "Plans": [
      {
        "Node Type": "Gather",
        "Parent Relationship": "Outer",
        "Parallel Aware": false,
        "Startup Cost": 681860.41,
        "Total Cost": 681860.52,
        "Plan Rows": 1,
        "Plan Width": 8,
        "Actual Startup Time": 3898.123,
        "Actual Total Time": 3958.778,
        "Actual Rows": 2,
        "Actual Loops": 1,
        "Workers Planned": 1,
        "Workers Launched": 1,
        "Single Copy": false,
        "Plans": [
          {
            "Node Type": "Aggregate",
            "Strategy": "Plain",
            "Partial Mode": "Partial",
            "Parent Relationship": "Outer",
            "Parallel Aware": false,
            "Startup Cost": 680860.41,
            "Total Cost": 680860.42,
            "Plan Rows": 1,
            "Plan Width": 8,
            "Actual Startup Time": 3891.676,
            "Actual Total Time": 3891.682,
            "Actual Rows": 1,
            "Actual Loops": 2,
            "Plans": [
              {
                "Node Type": "Hash Join",
                "Parent Relationship": "Outer",
                "Parallel Aware": true,
                "Join Type": "Inner",
                "Startup Cost": 114046.91,
                "Total Cost": 676274.47,
                "Plan Rows": 1834378,
                "Plan Width": 0,
                "Actual Startup Time": 778.969,
                "Actual Total Time": 3701.172,
                "Actual Rows": 4450898,
                "Actual Loops": 2,
                "Inner Unique": false,
                "Hash Cond": "(ci.movie_id = t.id)",
                "Plans": [
                  {
                    "Node Type": "Seq Scan",
                    "Parent Relationship": "Outer",
                    "Parallel Aware": true,
                    "Relation Name": "cast_info",
                    "Alias": "ci",
                    "Startup Cost": 0.0,
                    "Total Cost": 519069.44,
                    "Plan Rows": 8631376,
                    "Plan Width": 4,
                    "Actual Startup Time": 0.017,
                    "Actual Total Time": 1343.424,
                    "Actual Rows": 7335126,
                    "Actual Loops": 2,
                    "Filter": "(person_id < 1446325)",
                    "Rows Removed by Filter": 10787046
                  },
                  {
                    "Node Type": "Hash",
                    "Parent Relationship": "Inner",
                    "Parallel Aware": true,
                    "Startup Cost": 110096.0,
                    "Total Cost": 110096.0,
                    "Plan Rows": 316073,
                    "Plan Width": 8,
                    "Actual Startup Time": 769.67,
                    "Actual Total Time": 769.675,
                    "Actual Rows": 275862,
                    "Actual Loops": 2,
                    "Hash Buckets": 1048576,
                    "Original Hash Buckets": 1048576,
                    "Hash Batches": 1,
                    "Original Hash Batches": 1,
                    "Peak Memory Usage": 29792,
                    "Plans": [
                      {
                        "Node Type": "Hash Join",
                        "Parent Relationship": "Outer",
                        "Parallel Aware": true,
                        "Join Type": "Inner",
                        "Startup Cost": 80861.39,
                        "Total Cost": 110096.0,
                        "Plan Rows": 316073,
                        "Plan Width": 8,
                        "Actual Startup Time": 546.378,
                        "Actual Total Time": 706.244,
                        "Actual Rows": 275862,
                        "Actual Loops": 2,
                        "Inner Unique": true,
                        "Hash Cond": "(mk.movie_id = t.id)",
                        "Plans": [
                          {
                            "Node Type": "Bitmap Heap Scan",
                            "Parent Relationship": "Outer",
                            "Parallel Aware": true,
                            "Relation Name": "movie_keyword",
                            "Alias": "mk",
                            "Startup Cost": 11400.69,
                            "Total Cost": 39805.61,
                            "Plan Rows": 316073,
                            "Plan Width": 4,
                            "Actual Startup Time": 27.5,
                            "Actual Total Time": 93.19,
                            "Actual Rows": 275862,
                            "Actual Loops": 2,
                            "Recheck Cond": "(keyword_id < 395)",
                            "Rows Removed by Index Recheck": 0,
                            "Exact Heap Blocks": 13038,
                            "Lossy Heap Blocks": 0,
                            "Plans": [
                              {
                                "Node Type": "Bitmap Index Scan",
                                "Parent Relationship": "Outer",
                                "Parallel Aware": false,
                                "Index Name": "keyword_id_movie_keyword",
                                "Startup Cost": 0.0,
                                "Total Cost": 11266.36,
                                "Plan Rows": 537324,
                                "Plan Width": 0,
                                "Actual Startup Time": 24.021,
                                "Actual Total Time": 24.022,
                                "Actual Rows": 551723,
                                "Actual Loops": 1,
                                "Index Cond": "(keyword_id < 395)"
                              }
                            ]
                          },
                          {
                            "Node Type": "Hash",
                            "Parent Relationship": "Inner",
                            "Parallel Aware": true,
                            "Startup Cost": 50870.31,
                            "Total Cost": 50870.31,
                            "Plan Rows": 1487231,
                            "Plan Width": 4,
                            "Actual Startup Time": 503.286,
                            "Actual Total Time": 503.288,
                            "Actual Rows": 1264156,
                            "Actual Loops": 2,
                            "Hash Buckets": 4194304,
                            "Original Hash Buckets": 4194304,
                            "Hash Batches": 1,
                            "Original Hash Batches": 1,
                            "Peak Memory Usage": 131712,
                            "Plans": [
                              {
                                "Node Type": "Seq Scan",
                                "Parent Relationship": "Outer",
                                "Parallel Aware": true,
                                "Relation Name": "title",
                                "Alias": "t",
                                "Startup Cost": 0.0,
                                "Total Cost": 50870.31,
                                "Plan Rows": 1487231,
                                "Plan Width": 4,
                                "Actual Startup Time": 0.03,
                                "Actual Total Time": 150.028,
                                "Actual Rows": 1264156,
                                "Actual Loops": 2
                              }
                            ]
                          }
                        ]
                      }
                    ]
                  }
                ]
              }
            ]
          }
        ]
      }
    ]
  },
  "Planning Time": 1.132,
  "Triggers": [],
  "Execution Time": 3958.895
}