[
  {
    "Plan": {
      "Node Type": "Aggregate",
      "Strategy": "Plain",
      "Partial Mode": "Finalize",
      "Parallel Aware": false,
      "Startup Cost": 184781.31,
      "Total Cost": 184781.32,
      "Plan Rows": 1,
      "Plan Width": 8,
      "Actual Startup Time": 162.971,
      "Actual Total Time": 174.028,
      "Actual Rows": 1,
      "Actual Loops": 1,
      "Plans": [
        {
          "Node Type": "Gather",
          "Parent Relationship": "Outer",
          "Parallel Aware": false,
          "Startup Cost": 184780.78,
          "Total Cost": 184781.29,
          "Plan Rows": 5,
          "Plan Width": 8,
          "Actual Startup Time": 162.18,
          "Actual Total Time": 174.016,
          "Actual Rows": 6,
          "Actual Loops": 1,
          "Workers Planned": 5,
          "Workers Launched": 5,
          "Single Copy": false,
          "Plans": [
            {
              "Node Type": "Aggregate",
              "Strategy": "Plain",
              "Partial Mode": "Partial",
              "Parent Relationship": "Outer",
              "Parallel Aware": false,
              "Startup Cost": 183780.78,
              "Total Cost": 183780.79,
              "Plan Rows": 1,
              "Plan Width": 8,
              "Actual Startup Time": 154.631,
              "Actual Total Time": 154.632,
              "Actual Rows": 1,
              "Actual Loops": 6,
              "Plans": [
                {
                  "Node Type": "Bitmap Heap Scan",
                  "Parent Relationship": "Outer",
                  "Parallel Aware": true,
                  "Relation Name": "movie_info",
                  "Alias": "mi",
                  "Startup Cost": 18685.83,
                  "Total Cost": 183263.79,
                  "Plan Rows": 206797,
                  "Plan Width": 0,
                  "Actual Startup Time": 57.134,
                  "Actual Total Time": 141.959,
                  "Actual Rows": 172210,
                  "Actual Loops": 6,
                  "Recheck Cond": "(info_type_id > 81)",
                  "Rows Removed by Index Recheck": 0,
                  "Exact Heap Blocks": 7824,
                  "Lossy Heap Blocks": 0,
                  "Plans": [
                    {
                      "Node Type": "Bitmap Index Scan",
                      "Parent Relationship": "Outer",
                      "Parallel Aware": false,
                      "Index Name": "info_type_id_movie_info",
                      "Startup Cost": 0.0,
                      "Total Cost": 18427.33,
                      "Plan Rows": 1033986,
                      "Plan Width": 0,
                      "Actual Startup Time": 55.198,
                      "Actual Total Time": 55.2,
                      "Actual Rows": 1033261,
                      "Actual Loops": 1,
                      "Index Cond": "(info_type_id > 81)"
                    }
                  ]
                }
              ]
            }
          ]
        }
      ]
    },
    "Planning Time": 0.073,
    "Triggers": [],
    "Execution Time": 174.068
  }
]