[
    {
        "Bao": {
            "Bao prediction": 840.888,
            "Bao recommended hint": "(no hint)"
        }
    },
    {
        "Plan": {
            "Node Type": "Aggregate",
            "Strategy": "Plain",
            "Partial Mode": "Finalize",
            "Parallel Aware": false,
            "Startup Cost": 75611.38,
            "Total Cost": 75611.39,
            "Plan Rows": 1,
            "Plan Width": 8,
            "Actual Startup Time": 215.327,
            "Actual Total Time": 223.785,
            "Actual Rows": 1,
            "Actual Loops": 1,
            "Output": [
                "count(*)"
            ],
            "Plans": [
                {
                    "Node Type": "Gather",
                    "Parent Relationship": "Outer",
                    "Parallel Aware": false,
                    "Startup Cost": 75610.96,
                    "Total Cost": 75611.37,
                    "Plan Rows": 4,
                    "Plan Width": 8,
                    "Actual Startup Time": 212.374,
                    "Actual Total Time": 223.761,
                    "Actual Rows": 5,
                    "Actual Loops": 1,
                    "Output": [
                        "(PARTIAL count(*))"
                    ],
                    "Workers Planned": 4,
                    "Workers Launched": 4,
                    "Single Copy": false,
                    "Plans": [
                        {
                            "Node Type": "Aggregate",
                            "Strategy": "Plain",
                            "Partial Mode": "Partial",
                            "Parent Relationship": "Outer",
                            "Parallel Aware": false,
                            "Startup Cost": 74610.96,
                            "Total Cost": 74610.97,
                            "Plan Rows": 1,
                            "Plan Width": 8,
                            "Actual Startup Time": 204.301,
                            "Actual Total Time": 204.373,
                            "Actual Rows": 1,
                            "Actual Loops": 5,
                            "Output": [
                                "PARTIAL count(*)"
                            ],
                            "Workers": [
                                {
                                    "Worker Number": 0,
                                    "Actual Startup Time": 206.411,
                                    "Actual Total Time": 206.414,
                                    "Actual Rows": 1,
                                    "Actual Loops": 1
                                },
                                {
                                    "Worker Number": 1,
                                    "Actual Startup Time": 200.617,
                                    "Actual Total Time": 200.621,
                                    "Actual Rows": 1,
                                    "Actual Loops": 1
                                },
                                {
                                    "Worker Number": 2,
                                    "Actual Startup Time": 201.226,
                                    "Actual Total Time": 201.229,
                                    "Actual Rows": 1,
                                    "Actual Loops": 1
                                },
                                {
                                    "Worker Number": 3,
                                    "Actual Startup Time": 201.634,
                                    "Actual Total Time": 201.638,
                                    "Actual Rows": 1,
                                    "Actual Loops": 1
                                }
                            ],
                            "Plans": [
                                {
                                    "Node Type": "Hash Join",
                                    "Parent Relationship": "Outer",
                                    "Parallel Aware": true,
                                    "Join Type": "Inner",
                                    "Startup Cost": 28230.05,
                                    "Total Cost": 74582.93,
                                    "Plan Rows": 11210,
                                    "Plan Width": 0,
                                    "Actual Startup Time": 137.341,
                                    "Actual Total Time": 204.324,
                                    "Actual Rows": 333,
                                    "Actual Loops": 5,
                                    "Inner Unique": false,
                                    "Hash Cond": "(t.id = mc.movie_id)",
                                    "Workers": [
                                        {
                                            "Worker Number": 0,
                                            "Actual Startup Time": 129.79,
                                            "Actual Total Time": 206.358,
                                            "Actual Rows": 283,
                                            "Actual Loops": 1
                                        },
                                        {
                                            "Worker Number": 1,
                                            "Actual Startup Time": 113.497,
                                            "Actual Total Time": 200.574,
                                            "Actual Rows": 366,
                                            "Actual Loops": 1
                                        },
                                        {
                                            "Worker Number": 2,
                                            "Actual Startup Time": 109.36,
                                            "Actual Total Time": 201.18,
                                            "Actual Rows": 395,
                                            "Actual Loops": 1
                                        },
                                        {
                                            "Worker Number": 3,
                                            "Actual Startup Time": 161.831,
                                            "Actual Total Time": 201.584,
                                            "Actual Rows": 259,
                                            "Actual Loops": 1
                                        }
                                    ],
                                    "Plans": [
                                        {
                                            "Node Type": "Seq Scan",
                                            "Parent Relationship": "Outer",
                                            "Parallel Aware": true,
                                            "Relation Name": "title",
                                            "Schema": "public",
                                            "Alias": "t",
                                            "Startup Cost": 0.0,
                                            "Total Cost": 45479.21,
                                            "Plan Rows": 167503,
                                            "Plan Width": 4,
                                            "Actual Startup Time": 0.011,
                                            "Actual Total Time": 79.316,
                                            "Actual Rows": 147936,
                                            "Actual Loops": 5,
                                            "Output": [
                                                "t.id",
                                                "t.title",
                                                "t.imdb_index",
                                                "t.kind_id",
                                                "t.production_year",
                                                "t.imdb_id",
                                                "t.phonetic_code",
                                                "t.episode_of_id",
                                                "t.season_nr",
                                                "t.episode_nr",
                                                "t.series_years",
                                                "t.md5sum"
                                            ],
                                            "Filter": "((t.production_year > 2004) AND (t.kind_id = 7))",
                                            "Rows Removed by Filter": 357727,
                                            "Workers": [
                                                {
                                                    "Worker Number": 0,
                                                    "Actual Startup Time": 0.011,
                                                    "Actual Total Time": 79.921,
                                                    "Actual Rows": 157113,
                                                    "Actual Loops": 1
                                                },
                                                {
                                                    "Worker Number": 1,
                                                    "Actual Startup Time": 0.009,
                                                    "Actual Total Time": 78.838,
                                                    "Actual Rows": 156454,
                                                    "Actual Loops": 1
                                                },
                                                {
                                                    "Worker Number": 2,
                                                    "Actual Startup Time": 0.014,
                                                    "Actual Total Time": 79.296,
                                                    "Actual Rows": 165557,
                                                    "Actual Loops": 1
                                                },
                                                {
                                                    "Worker Number": 3,
                                                    "Actual Startup Time": 0.015,
                                                    "Actual Total Time": 82.052,
                                                    "Actual Rows": 108630,
                                                    "Actual Loops": 1
                                                }
                                            ]
                                        },
                                        {
                                            "Node Type": "Hash",
                                            "Parent Relationship": "Inner",
                                            "Parallel Aware": true,
                                            "Startup Cost": 27547.76,
                                            "Total Cost": 27547.76,
                                            "Plan Rows": 54583,
                                            "Plan Width": 4,
                                            "Actual Startup Time": 90.641,
                                            "Actual Total Time": 90.643,
                                            "Actual Rows": 67184,
                                            "Actual Loops": 5,
                                            "Output": [
                                                "mc.movie_id"
                                            ],
                                            "Hash Buckets": 524288,
                                            "Original Hash Buckets": 262144,
                                            "Hash Batches": 1,
                                            "Original Hash Batches": 1,
                                            "Peak Memory Usage": 19360,
                                            "Workers": [
                                                {
                                                    "Worker Number": 0,
                                                    "Actual Startup Time": 94.455,
                                                    "Actual Total Time": 94.456,
                                                    "Actual Rows": 104060,
                                                    "Actual Loops": 1
                                                },
                                                {
                                                    "Worker Number": 1,
                                                    "Actual Startup Time": 88.409,
                                                    "Actual Total Time": 88.411,
                                                    "Actual Rows": 50384,
                                                    "Actual Loops": 1
                                                },
                                                {
                                                    "Worker Number": 2,
                                                    "Actual Startup Time": 89.064,
                                                    "Actual Total Time": 89.065,
                                                    "Actual Rows": 50286,
                                                    "Actual Loops": 1
                                                },
                                                {
                                                    "Worker Number": 3,
                                                    "Actual Startup Time": 89.027,
                                                    "Actual Total Time": 89.028,
                                                    "Actual Rows": 45309,
                                                    "Actual Loops": 1
                                                }
                                            ],
                                            "Plans": [
                                                {
                                                    "Node Type": "Bitmap Heap Scan",
                                                    "Parent Relationship": "Outer",
                                                    "Parallel Aware": true,
                                                    "Relation Name": "movie_companies",
                                                    "Schema": "public",
                                                    "Alias": "mc",
                                                    "Startup Cost": 7151.87,
                                                    "Total Cost": 27547.76,
                                                    "Plan Rows": 54583,
                                                    "Plan Width": 4,
                                                    "Actual Startup Time": 31.053,
                                                    "Actual Total Time": 59.378,
                                                    "Actual Rows": 67184,
                                                    "Actual Loops": 5,
                                                    "Output": [
                                                        "mc.movie_id"
                                                    ],
                                                    "Recheck Cond": "(mc.company_id > 89713)",
                                                    "Rows Removed by Index Recheck": 0,
                                                    "Filter": "(mc.company_type_id > 1)",
                                                    "Rows Removed by Filter": 0,
                                                    "Exact Heap Blocks": 1316,
                                                    "Lossy Heap Blocks": 0,
                                                    "Workers": [
                                                        {
                                                            "Worker Number": 0,
                                                            "Actual Startup Time": 33.005,
                                                            "Actual Total Time": 60.568,
                                                            "Actual Rows": 104060,
                                                            "Actual Loops": 1
                                                        },
                                                        {
                                                            "Worker Number": 1,
                                                            "Actual Startup Time": 29.287,
                                                            "Actual Total Time": 58.728,
                                                            "Actual Rows": 50384,
                                                            "Actual Loops": 1
                                                        },
                                                        {
                                                            "Worker Number": 2,
                                                            "Actual Startup Time": 29.94,
                                                            "Actual Total Time": 59.745,
                                                            "Actual Rows": 50286,
                                                            "Actual Loops": 1
                                                        },
                                                        {
                                                            "Worker Number": 3,
                                                            "Actual Startup Time": 30.013,
                                                            "Actual Total Time": 59.342,
                                                            "Actual Rows": 45309,
                                                            "Actual Loops": 1
                                                        }
                                                    ],
                                                    "Plans": [
                                                        {
                                                            "Node Type": "Bitmap Index Scan",
                                                            "Parent Relationship": "Outer",
                                                            "Parallel Aware": false,
                                                            "Index Name": "company_id_movie_companies",
                                                            "Startup Cost": 0.0,
                                                            "Total Cost": 7109.57,
                                                            "Plan Rows": 331885,
                                                            "Plan Width": 0,
                                                            "Actual Startup Time": 31.964,
                                                            "Actual Total Time": 31.964,
                                                            "Actual Rows": 335919,
                                                            "Actual Loops": 1,
                                                            "Index Cond": "(mc.company_id > 89713)"
                                                        }
                                                    ]
                                                }
                                            ]
                                        }
                                    ]
                                }
                            ]
                        }
                    ]
                }
            ]
        },
        "Planning Time": 502.017,
        "Triggers": [],
        "Execution Time": 223.916
    }
]