[
  {
    "Plan": {
      "Node Type": "Aggregate",
      "Strategy": "Plain",
      "Partial Mode": "Finalize",
      "Parallel Aware": false,
      "Startup Cost": 46794.45,
      "Total Cost": 46794.46,
      "Plan Rows": 1,
      "Plan Width": 8,
      "Actual Startup Time": 94.102,
      "Actual Total Time": 105.703,
      "Actual Rows": 1,
      "Actual Loops": 1,
      "Plans": [
        {
          "Node Type": "Gather",
          "Parent Relationship": "Outer",
          "Parallel Aware": false,
          "Startup Cost": 46794.03,
          "Total Cost": 46794.44,
          "Plan Rows": 4,
          "Plan Width": 8,
          "Actual Startup Time": 93.957,
          "Actual Total Time": 105.695,
          "Actual Rows": 5,
          "Actual Loops": 1,
          "Workers Planned": 4,
          "Workers Launched": 4,
          "Single Copy": false,
          "Plans": [
            {
              "Node Type": "Aggregate",
              "Strategy": "Plain",
              "Partial Mode": "Partial",
              "Parent Relationship": "Outer",
              "Parallel Aware": false,
              "Startup Cost": 45794.03,
              "Total Cost": 45794.04,
              "Plan Rows": 1,
              "Plan Width": 8,
              "Actual Startup Time": 88.341,
              "Actual Total Time": 88.342,
              "Actual Rows": 1,
              "Actual Loops": 5,
              "Plans": [
                {
                  "Node Type": "Seq Scan",
                  "Parent Relationship": "Outer",
                  "Parallel Aware": true,
                  "Relation Name": "title",
                  "Alias": "t",
                  "Startup Cost": 0.0,
                  "Total Cost": 45479.1,
                  "Plan Rows": 125974,
                  "Plan Width": 0,
                  "Actual Startup Time": 48.921,
                  "Actual Total Time": 83.616,
                  "Actual Rows": 104826,
                  "Actual Loops": 5,
                  "Filter": "((production_year < 2010) AND (kind_id = 1))",
                  "Rows Removed by Filter": 400837
                }
              ]
            }
          ]
        }
      ]
    },
    "Planning Time": 0.11,
    "Triggers": [],
    "Execution Time": 105.739
  }
]