[
  {
    "Plan": {
      "Node Type": "Aggregate",
      "Strategy": "Plain",
      "Partial Mode": "Finalize",
      "Parallel Aware": false,
      "Startup Cost": 96207.15,
      "Total Cost": 96207.16,
      "Plan Rows": 1,
      "Plan Width": 8,
      "Actual Startup Time": 615.331,
      "Actual Total Time": 637.354,
      "Actual Rows": 1,
      "Actual Loops": 1,
      "Plans": [
        {
          "Node Type": "Gather",
          "Parent Relationship": "Outer",
          "Parallel Aware": false,
          "Startup Cost": 96206.83,
          "Total Cost": 96207.14,
          "Plan Rows": 3,
          "Plan Width": 8,
          "Actual Startup Time": 602.347,
          "Actual Total Time": 637.346,
          "Actual Rows": 4,
          "Actual Loops": 1,
          "Workers Planned": 3,
          "Workers Launched": 3,
          "Single Copy": false,
          "Plans": [
            {
              "Node Type": "Aggregate",
              "Strategy": "Plain",
              "Partial Mode": "Partial",
              "Parent Relationship": "Outer",
              "Parallel Aware": false,
              "Startup Cost": 95206.83,
              "Total Cost": 95206.84,
              "Plan Rows": 1,
              "Plan Width": 8,
              "Actual Startup Time": 581.877,
              "Actual Total Time": 581.881,
              "Actual Rows": 1,
              "Actual Loops": 4,
              "Plans": [
                {
                  "Node Type": "Nested Loop",
                  "Parent Relationship": "Outer",
                  "Parallel Aware": false,
                  "Join Type": "Inner",
                  "Startup Cost": 52161.51,
                  "Total Cost": 95130.7,
                  "Plan Rows": 30455,
                  "Plan Width": 0,
                  "Actual Startup Time": 377.409,
                  "Actual Total Time": 573.978,
                  "Actual Rows": 150112,
                  "Actual Loops": 4,
                  "Inner Unique": false,
                  "Plans": [
                    {
                      "Node Type": "Hash Join",
                      "Parent Relationship": "Outer",
                      "Parallel Aware": true,
                      "Join Type": "Inner",
                      "Startup Cost": 52161.08,
                      "Total Cost": 77061.43,
                      "Plan Rows": 29511,
                      "Plan Width": 8,
                      "Actual Startup Time": 377.278,
                      "Actual Total Time": 429.919,
                      "Actual Rows": 25600,
                      "Actual Loops": 4,
                      "Inner Unique": true,
                      "Hash Cond": "(mk.movie_id = t.id)",
                      "Plans": [
                        {
                          "Node Type": "Bitmap Heap Scan",
                          "Parent Relationship": "Outer",
                          "Parallel Aware": true,
                          "Relation Name": "movie_keyword",
                          "Alias": "mk",
                          "Startup Cost": 1941.43,
                          "Total Cost": 26764.32,
                          "Plan Rows": 29511,
                          "Plan Width": 4,
                          "Actual Startup Time": 15.083,
                          "Actual Total Time": 45.62,
                          "Actual Rows": 25600,
                          "Actual Loops": 4,
                          "Recheck Cond": "(keyword_id < 103)",
                          "Rows Removed by Index Recheck": 0,
                          "Exact Heap Blocks": 5402,
                          "Lossy Heap Blocks": 0,
                          "Plans": [
                            {
                              "Node Type": "Bitmap Index Scan",
                              "Parent Relationship": "Outer",
                              "Parallel Aware": false,
                              "Index Name": "keyword_id_movie_keyword",
                              "Startup Cost": 0.0,
                              "Total Cost": 1918.56,
                              "Plan Rows": 91484,
                              "Plan Width": 0,
                              "Actual Startup Time": 9.854,
                              "Actual Total Time": 9.855,
                              "Actual Rows": 102400,
                              "Actual Loops": 1,
                              "Index Cond": "(keyword_id < 103)"
                            }
                          ]
                        },
                        {
                          "Node Type": "Hash",
                          "Parent Relationship": "Inner",
                          "Parallel Aware": true,
                          "Startup Cost": 42318.73,
                          "Total Cost": 42318.73,
                          "Plan Rows": 632073,
                          "Plan Width": 4,
                          "Actual Startup Time": 350.703,
                          "Actual Total Time": 350.703,
                          "Actual Rows": 632078,
                          "Actual Loops": 4,
                          "Hash Buckets": 4194304,
                          "Original Hash Buckets": 4194304,
                          "Hash Batches": 1,
                          "Original Hash Batches": 1,
                          "Peak Memory Usage": 131712,
                          "Plans": [
                            {
                              "Node Type": "Seq Scan",
                              "Parent Relationship": "Outer",
                              "Parallel Aware": true,
                              "Relation Name": "title",
                              "Alias": "t",
                              "Startup Cost": 0.0,
                              "Total Cost": 42318.73,
                              "Plan Rows": 632073,
                              "Plan Width": 4,
                              "Actual Startup Time": 0.046,
                              "Actual Total Time": 101.942,
                              "Actual Rows": 632078,
                              "Actual Loops": 4
                            }
                          ]
                        }
                      ]
                    },
                    {
                      "Node Type": "Index Only Scan",
                      "Parent Relationship": "Inner",
                      "Parallel Aware": false,
                      "Scan Direction": "Forward",
                      "Index Name": "movie_id_movie_companies",
                      "Relation Name": "movie_companies",
                      "Alias": "mc",
                      "Startup Cost": 0.43,
                      "Total Cost": 0.56,
                      "Plan Rows": 5,
                      "Plan Width": 4,
                      "Actual Startup Time": 0.003,
                      "Actual Total Time": 0.005,
                      "Actual Rows": 6,
                      "Actual Loops": 102400,
                      "Index Cond": "(movie_id = t.id)",
                      "Rows Removed by Index Recheck": 0,
                      "Heap Fetches": 600446
                    }
                  ]
                }
              ]
            }
          ]
        }
      ]
    },
    "Planning Time": 1.462,
    "Triggers": [],
    "Execution Time": 637.47
  }
]