[
  {
    "Plan": {
      "Node Type": "Aggregate",
      "Strategy": "Plain",
      "Partial Mode": "Finalize",
      "Parallel Aware": false,
      "Startup Cost": 247309.91,
      "Total Cost": 247309.92,
      "Plan Rows": 1,
      "Plan Width": 8,
      "Actual Startup Time": 717.011,
      "Actual Total Time": 762.461,
      "Actual Rows": 1,
      "Actual Loops": 1,
      "Plans": [
        {
          "Node Type": "Gather",
          "Parent Relationship": "Outer",
          "Parallel Aware": false,
          "Startup Cost": 247309.39,
          "Total Cost": 247309.9,
          "Plan Rows": 5,
          "Plan Width": 8,
          "Actual Startup Time": 715.962,
          "Actual Total Time": 762.45,
          "Actual Rows": 6,
          "Actual Loops": 1,
          "Workers Planned": 5,
          "Workers Launched": 5,
          "Single Copy": false,
          "Plans": [
            {
              "Node Type": "Aggregate",
              "Strategy": "Plain",
              "Partial Mode": "Partial",
              "Parent Relationship": "Outer",
              "Parallel Aware": false,
              "Startup Cost": 246309.39,
              "Total Cost": 246309.4,
              "Plan Rows": 1,
              "Plan Width": 8,
              "Actual Startup Time": 709.336,
              "Actual Total Time": 709.34,
              "Actual Rows": 1,
              "Actual Loops": 6,
              "Plans": [
                {
                  "Node Type": "Hash Join",
                  "Parent Relationship": "Outer",
                  "Parallel Aware": true,
                  "Join Type": "Inner",
                  "Startup Cost": 46175.86,
                  "Total Cost": 245655.27,
                  "Plan Rows": 261650,
                  "Plan Width": 0,
                  "Actual Startup Time": 95.691,
                  "Actual Total Time": 703.818,
                  "Actual Rows": 110217,
                  "Actual Loops": 6,
                  "Inner Unique": true,
                  "Hash Cond": "(mi.movie_id = t.id)",
                  "Plans": [
                    {
                      "Node Type": "Seq Scan",
                      "Parent Relationship": "Outer",
                      "Parallel Aware": true,
                      "Relation Name": "movie_info",
                      "Alias": "mi",
                      "Startup Cost": 0.0,
                      "Total Cost": 191685.19,
                      "Plan Rows": 2969219,
                      "Plan Width": 4,
                      "Actual Startup Time": 0.03,
                      "Actual Total Time": 307.7,
                      "Actual Rows": 2472620,
                      "Actual Loops": 6
                    },
                    {
                      "Node Type": "Hash",
                      "Parent Relationship": "Inner",
                      "Parallel Aware": true,
                      "Startup Cost": 45479.59,
                      "Total Cost": 45479.59,
                      "Plan Rows": 55702,
                      "Plan Width": 4,
                      "Actual Startup Time": 92.904,
                      "Actual Total Time": 92.905,
                      "Actual Rows": 21592,
                      "Actual Loops": 6,
                      "Hash Buckets": 262144,
                      "Original Hash Buckets": 262144,
                      "Hash Batches": 1,
                      "Original Hash Batches": 1,
                      "Peak Memory Usage": 7232,
                      "Plans": [
                        {
                          "Node Type": "Seq Scan",
                          "Parent Relationship": "Outer",
                          "Parallel Aware": true,
                          "Relation Name": "title",
                          "Alias": "t",
                          "Startup Cost": 0.0,
                          "Total Cost": 45479.59,
                          "Plan Rows": 55702,
                          "Plan Width": 4,
                          "Actual Startup Time": 0.033,
                          "Actual Total Time": 81.291,
                          "Actual Rows": 21592,
                          "Actual Loops": 6,
                          "Filter": "((production_year < 1971) AND (kind_id = 7))",
                          "Rows Removed by Filter": 399793
                        }
                      ]
                    }
                  ]
                }
              ]
            }
          ]
        }
      ]
    },
    "Planning Time": 0.535,
    "Triggers": [],
    "Execution Time": 762.537
  }
]