[
  {
    "Plan": {
      "Node Type": "Aggregate",
      "Strategy": "Plain",
      "Partial Mode": "Finalize",
      "Parallel Aware": false,
      "Startup Cost": 158780.89,
      "Total Cost": 158780.9,
      "Plan Rows": 1,
      "Plan Width": 8,
      "Actual Startup Time": 245.955,
      "Actual Total Time": 265.599,
      "Actual Rows": 1,
      "Actual Loops": 1,
      "Plans": [
        {
          "Node Type": "Gather",
          "Parent Relationship": "Outer",
          "Parallel Aware": false,
          "Startup Cost": 158780.36,
          "Total Cost": 158780.87,
          "Plan Rows": 5,
          "Plan Width": 8,
          "Actual Startup Time": 245.865,
          "Actual Total Time": 265.589,
          "Actual Rows": 6,
          "Actual Loops": 1,
          "Workers Planned": 5,
          "Workers Launched": 5,
          "Single Copy": false,
          "Plans": [
            {
              "Node Type": "Aggregate",
              "Strategy": "Plain",
              "Partial Mode": "Partial",
              "Parent Relationship": "Outer",
              "Parallel Aware": false,
              "Startup Cost": 157780.36,
              "Total Cost": 157780.37,
              "Plan Rows": 1,
              "Plan Width": 8,
              "Actual Startup Time": 240.785,
              "Actual Total Time": 240.786,
              "Actual Rows": 1,
              "Actual Loops": 6,
              "Plans": [
                {
                  "Node Type": "Index Scan",
                  "Parent Relationship": "Outer",
                  "Parallel Aware": true,
                  "Scan Direction": "Forward",
                  "Index Name": "role_id_cast_info",
                  "Relation Name": "cast_info",
                  "Alias": "ci",
                  "Startup Cost": 0.56,
                  "Total Cost": 155872.35,
                  "Plan Rows": 763207,
                  "Plan Width": 0,
                  "Actual Startup Time": 0.094,
                  "Actual Total Time": 202.776,
                  "Actual Rows": 843258,
                  "Actual Loops": 6,
                  "Index Cond": "(role_id > 8)",
                  "Rows Removed by Index Recheck": 0,
                  "Filter": "(person_id > 1198428)",
                  "Rows Removed by Filter": 112190
                }
              ]
            }
          ]
        }
      ]
    },
    "Planning Time": 0.234,
    "Triggers": [],
    "Execution Time": 265.664
  }
]