{
  "Plan": {
    "Node Type": "Aggregate",
    "Strategy": "Plain",
    "Partial Mode": "Finalize",
    "Parallel Aware": false,
    "Startup Cost": 122418.26,
    "Total Cost": 122418.27,
    "Plan Rows": 1,
    "Plan Width": 8,
    "Actual Startup Time": 420.957,
    "Actual Total Time": 435.078,
    "Actual Rows": 1,
    "Actual Loops": 1,
    "Plans": [
      {
        "Node Type": "Gather",
        "Parent Relationship": "Outer",
        "Parallel Aware": false,
        "Startup Cost": 122418.15,
        "Total Cost": 122418.26,
        "Plan Rows": 1,
        "Plan Width": 8,
        "Actual Startup Time": 420.485,
        "Actual Total Time": 435.071,
        "Actual Rows": 2,
        "Actual Loops": 1,
        "Workers Planned": 1,
        "Workers Launched": 1,
        "Single Copy": false,
        "Plans": [
          {
            "Node Type": "Aggregate",
            "Strategy": "Plain",
            "Partial Mode": "Partial",
            "Parent Relationship": "Outer",
            "Parallel Aware": false,
            "Startup Cost": 121418.15,
            "Total Cost": 121418.16,
            "Plan Rows": 1,
            "Plan Width": 8,
            "Actual Startup Time": 414.698,
            "Actual Total Time": 414.701,
            "Actual Rows": 1,
            "Actual Loops": 2,
            "Plans": [
              {
                "Node Type": "Hash Join",
                "Parent Relationship": "Outer",
                "Parallel Aware": true,
                "Join Type": "Inner",
                "Startup Cost": 60973.79,
                "Total Cost": 121090.41,
                "Plan Rows": 131095,
                "Plan Width": 0,
                "Actual Startup Time": 177.091,
                "Actual Total Time": 413.727,
                "Actual Rows": 23816,
                "Actual Loops": 2,
                "Inner Unique": true,
                "Hash Cond": "(mk.movie_id = t.id)",
                "Plans": [
                  {
                    "Node Type": "Seq Scan",
                    "Parent Relationship": "Outer",
                    "Parallel Aware": true,
                    "Relation Name": "movie_keyword",
                    "Alias": "mk",
                    "Startup Cost": 0.0,
                    "Total Cost": 57718.19,
                    "Plan Rows": 913686,
                    "Plan Width": 4,
                    "Actual Startup Time": 0.899,
                    "Actual Total Time": 162.227,
                    "Actual Rows": 780089,
                    "Actual Loops": 2,
                    "Filter": "(keyword_id > 10081)",
                    "Rows Removed by Filter": 1481876
                  },
                  {
                    "Node Type": "Hash",
                    "Parent Relationship": "Inner",
                    "Parallel Aware": true,
                    "Startup Cost": 58306.47,
                    "Total Cost": 58306.47,
                    "Plan Rows": 213386,
                    "Plan Width": 4,
                    "Actual Startup Time": 170.5,
                    "Actual Total Time": 170.501,
                    "Actual Rows": 126883,
                    "Actual Loops": 2,
                    "Hash Buckets": 524288,
                    "Original Hash Buckets": 524288,
                    "Hash Batches": 1,
                    "Original Hash Batches": 1,
                    "Peak Memory Usage": 14048,
                    "Plans": [
                      {
                        "Node Type": "Seq Scan",
                        "Parent Relationship": "Outer",
                        "Parallel Aware": true,
                        "Relation Name": "title",
                        "Alias": "t",
                        "Startup Cost": 0.0,
                        "Total Cost": 58306.47,
                        "Plan Rows": 213386,
                        "Plan Width": 4,
                        "Actual Startup Time": 0.034,
                        "Actual Total Time": 136.772,
                        "Actual Rows": 126883,
                        "Actual Loops": 2,
                        "Filter": "((production_year < 1986) AND (kind_id = 7))",
                        "Rows Removed by Filter": 1137273
                      }
                    ]
                  }
                ]
              }
            ]
          }
        ]
      }
    ]
  },
  "Planning Time": 0.617,
  "Triggers": [],
  "Execution Time": 435.151
}