[
  {
    "Plan": {
      "Node Type": "Aggregate",
      "Strategy": "Plain",
      "Partial Mode": "Finalize",
      "Parallel Aware": false,
      "Startup Cost": 330209.73,
      "Total Cost": 330209.74,
      "Plan Rows": 1,
      "Plan Width": 8,
      "Actual Startup Time": 281.187,
      "Actual Total Time": 292.452,
      "Actual Rows": 1,
      "Actual Loops": 1,
      "Plans": [
        {
          "Node Type": "Gather",
          "Parent Relationship": "Outer",
          "Parallel Aware": false,
          "Startup Cost": 330209.1,
          "Total Cost": 330209.71,
          "Plan Rows": 6,
          "Plan Width": 8,
          "Actual Startup Time": 280.243,
          "Actual Total Time": 292.443,
          "Actual Rows": 7,
          "Actual Loops": 1,
          "Workers Planned": 6,
          "Workers Launched": 6,
          "Single Copy": false,
          "Plans": [
            {
              "Node Type": "Aggregate",
              "Strategy": "Plain",
              "Partial Mode": "Partial",
              "Parent Relationship": "Outer",
              "Parallel Aware": false,
              "Startup Cost": 329209.1,
              "Total Cost": 329209.11,
              "Plan Rows": 1,
              "Plan Width": 8,
              "Actual Startup Time": 274.335,
              "Actual Total Time": 274.336,
              "Actual Rows": 1,
              "Actual Loops": 7,
              "Plans": [
                {
                  "Node Type": "Bitmap Heap Scan",
                  "Parent Relationship": "Outer",
                  "Parallel Aware": true,
                  "Relation Name": "cast_info",
                  "Alias": "ci",
                  "Startup Cost": 68741.24,
                  "Total Cost": 327912.29,
                  "Plan Rows": 518724,
                  "Plan Width": 0,
                  "Actual Startup Time": 136.88,
                  "Actual Total Time": 249.189,
                  "Actual Rows": 454811,
                  "Actual Loops": 7,
                  "Recheck Cond": "(person_id < 308159)",
                  "Rows Removed by Index Recheck": 0,
                  "Exact Heap Blocks": 8529,
                  "Lossy Heap Blocks": 0,
                  "Plans": [
                    {
                      "Node Type": "Bitmap Index Scan",
                      "Parent Relationship": "Outer",
                      "Parallel Aware": false,
                      "Index Name": "person_id_cast_info",
                      "Startup Cost": 0.0,
                      "Total Cost": 67963.15,
                      "Plan Rows": 3112345,
                      "Plan Width": 0,
                      "Actual Startup Time": 136.164,
                      "Actual Total Time": 136.164,
                      "Actual Rows": 3183674,
                      "Actual Loops": 1,
                      "Index Cond": "(person_id < 308159)"
                    }
                  ]
                }
              ]
            }
          ]
        }
      ]
    },
    "Planning Time": 0.192,
    "Triggers": [],
    "Execution Time": 292.527
  }
]