[
  {
    "Plan": {
      "Node Type": "Aggregate",
      "Strategy": "Plain",
      "Partial Mode": "Finalize",
      "Parallel Aware": false,
      "Startup Cost": 272049.39,
      "Total Cost": 272049.4,
      "Plan Rows": 1,
      "Plan Width": 8,
      "Actual Startup Time": 422.672,
      "Actual Total Time": 443.171,
      "Actual Rows": 1,
      "Actual Loops": 1,
      "Plans": [
        {
          "Node Type": "Gather",
          "Parent Relationship": "Outer",
          "Parallel Aware": false,
          "Startup Cost": 272048.87,
          "Total Cost": 272049.38,
          "Plan Rows": 5,
          "Plan Width": 8,
          "Actual Startup Time": 416.126,
          "Actual Total Time": 443.162,
          "Actual Rows": 6,
          "Actual Loops": 1,
          "Workers Planned": 5,
          "Workers Launched": 5,
          "Single Copy": false,
          "Plans": [
            {
              "Node Type": "Aggregate",
              "Strategy": "Plain",
              "Partial Mode": "Partial",
              "Parent Relationship": "Outer",
              "Parallel Aware": false,
              "Startup Cost": 271048.87,
              "Total Cost": 271048.88,
              "Plan Rows": 1,
              "Plan Width": 8,
              "Actual Startup Time": 405.051,
              "Actual Total Time": 405.312,
              "Actual Rows": 1,
              "Actual Loops": 6,
              "Plans": [
                {
                  "Node Type": "Hash Join",
                  "Parent Relationship": "Outer",
                  "Parallel Aware": true,
                  "Join Type": "Inner",
                  "Startup Cost": 104695.26,
                  "Total Cost": 270945.79,
                  "Plan Rows": 41230,
                  "Plan Width": 0,
                  "Actual Startup Time": 329.462,
                  "Actual Total Time": 403.763,
                  "Actual Rows": 23644,
                  "Actual Loops": 6,
                  "Inner Unique": false,
                  "Hash Cond": "(mi.movie_id = t.id)",
                  "Plans": [
                    {
                      "Node Type": "Bitmap Heap Scan",
                      "Parent Relationship": "Outer",
                      "Parallel Aware": true,
                      "Relation Name": "movie_info",
                      "Alias": "mi",
                      "Startup Cost": 23159.21,
                      "Total Cost": 188347.95,
                      "Plan Rows": 255659,
                      "Plan Width": 4,
                      "Actual Startup Time": 41.716,
                      "Actual Total Time": 75.074,
                      "Actual Rows": 216498,
                      "Actual Loops": 6,
                      "Recheck Cond": "(info_type_id = 4)",
                      "Rows Removed by Index Recheck": 0,
                      "Exact Heap Blocks": 1559,
                      "Lossy Heap Blocks": 0,
                      "Plans": [
                        {
                          "Node Type": "Bitmap Index Scan",
                          "Parent Relationship": "Outer",
                          "Parallel Aware": false,
                          "Index Name": "info_type_id_movie_info",
                          "Startup Cost": 0.0,
                          "Total Cost": 22839.64,
                          "Plan Rows": 1278294,
                          "Plan Width": 0,
                          "Actual Startup Time": 40.291,
                          "Actual Total Time": 40.292,
                          "Actual Rows": 1298989,
                          "Actual Loops": 1,
                          "Index Cond": "(info_type_id = 4)"
                        }
                      ]
                    },
                    {
                      "Node Type": "Hash",
                      "Parent Relationship": "Inner",
                      "Parallel Aware": true,
                      "Startup Cost": 80261.88,
                      "Total Cost": 80261.88,
                      "Plan Rows": 101934,
                      "Plan Width": 8,
                      "Actual Startup Time": 283.837,
                      "Actual Total Time": 284.095,
                      "Actual Rows": 35230,
                      "Actual Loops": 6,
                      "Hash Buckets": 524288,
                      "Original Hash Buckets": 524288,
                      "Hash Batches": 1,
                      "Original Hash Batches": 1,
                      "Peak Memory Usage": 12448,
                      "Plans": [
                        {
                          "Node Type": "Hash Join",
                          "Parent Relationship": "Outer",
                          "Parallel Aware": true,
                          "Join Type": "Inner",
                          "Startup Cost": 34096.73,
                          "Total Cost": 80261.88,
                          "Plan Rows": 101934,
                          "Plan Width": 8,
                          "Actual Startup Time": 129.125,
                          "Actual Total Time": 270.639,
                          "Actual Rows": 35230,
                          "Actual Loops": 6,
                          "Inner Unique": false,
                          "Hash Cond": "(t.id = mc.movie_id)",
                          "Plans": [
                            {
                              "Node Type": "Seq Scan",
                              "Parent Relationship": "Outer",
                              "Parallel Aware": true,
                              "Relation Name": "title",
                              "Alias": "t",
                              "Startup Cost": 0.0,
                              "Total Cost": 43898.92,
                              "Plan Rows": 387482,
                              "Plan Width": 4,
                              "Actual Startup Time": 0.017,
                              "Actual Total Time": 65.547,
                              "Actual Rows": 259311,
                              "Actual Loops": 6,
                              "Filter": "(kind_id > 4)",
                              "Rows Removed by Filter": 162075
                            },
                            {
                              "Node Type": "Hash",
                              "Parent Relationship": "Inner",
                              "Parallel Aware": true,
                              "Startup Cost": 31414.82,
                              "Total Cost": 31414.82,
                              "Plan Rows": 214553,
                              "Plan Width": 4,
                              "Actual Startup Time": 126.789,
                              "Actual Total Time": 126.79,
                              "Actual Rows": 152000,
                              "Actual Loops": 6,
                              "Hash Buckets": 1048576,
                              "Original Hash Buckets": 1048576,
                              "Hash Batches": 1,
                              "Original Hash Batches": 1,
                              "Peak Memory Usage": 43968,
                              "Plans": [
                                {
                                  "Node Type": "Seq Scan",
                                  "Parent Relationship": "Outer",
                                  "Parallel Aware": true,
                                  "Relation Name": "movie_companies",
                                  "Alias": "mc",
                                  "Startup Cost": 0.0,
                                  "Total Cost": 31414.82,
                                  "Plan Rows": 214553,
                                  "Plan Width": 4,
                                  "Actual Startup Time": 41.938,
                                  "Actual Total Time": 69.572,
                                  "Actual Rows": 152000,
                                  "Actual Loops": 6,
                                  "Filter": "((company_id > 11257) AND (company_type_id > 1))",
                                  "Rows Removed by Filter": 282855
                                }
                              ]
                            }
                          ]
                        }
                      ]
                    }
                  ]
                }
              ]
            }
          ]
        }
      ]
    },
    "Planning Time": 1.514,
    "Triggers": [],
    "Execution Time": 443.281
  }
]