[
  {
    "Plan": {
      "Node Type": "Aggregate",
      "Strategy": "Plain",
      "Partial Mode": "Finalize",
      "Parallel Aware": false,
      "Startup Cost": 121803.92,
      "Total Cost": 121803.93,
      "Plan Rows": 1,
      "Plan Width": 8,
      "Actual Startup Time": 488.623,
      "Actual Total Time": 512.394,
      "Actual Rows": 1,
      "Actual Loops": 1,
      "Plans": [
        {
          "Node Type": "Gather",
          "Parent Relationship": "Outer",
          "Parallel Aware": false,
          "Startup Cost": 121803.6,
          "Total Cost": 121803.91,
          "Plan Rows": 3,
          "Plan Width": 8,
          "Actual Startup Time": 487.092,
          "Actual Total Time": 512.382,
          "Actual Rows": 4,
          "Actual Loops": 1,
          "Workers Planned": 3,
          "Workers Launched": 3,
          "Single Copy": false,
          "Plans": [
            {
              "Node Type": "Aggregate",
              "Strategy": "Plain",
              "Partial Mode": "Partial",
              "Parent Relationship": "Outer",
              "Parallel Aware": false,
              "Startup Cost": 120803.6,
              "Total Cost": 120803.61,
              "Plan Rows": 1,
              "Plan Width": 8,
              "Actual Startup Time": 477.806,
              "Actual Total Time": 477.927,
              "Actual Rows": 1,
              "Actual Loops": 4,
              "Plans": [
                {
                  "Node Type": "Hash Join",
                  "Parent Relationship": "Outer",
                  "Parallel Aware": true,
                  "Join Type": "Inner",
                  "Startup Cost": 89924.18,
                  "Total Cost": 120578.01,
                  "Plan Rows": 90236,
                  "Plan Width": 0,
                  "Actual Startup Time": 310.014,
                  "Actual Total Time": 459.494,
                  "Actual Rows": 471501,
                  "Actual Loops": 4,
                  "Inner Unique": false,
                  "Hash Cond": "(mc.movie_id = t.id)",
                  "Plans": [
                    {
                      "Node Type": "Seq Scan",
                      "Parent Relationship": "Outer",
                      "Parallel Aware": true,
                      "Relation Name": "movie_companies",
                      "Alias": "mc",
                      "Startup Cost": 0.0,
                      "Total Cost": 27206.55,
                      "Plan Rows": 841655,
                      "Plan Width": 4,
                      "Actual Startup Time": 0.013,
                      "Actual Total Time": 54.738,
                      "Actual Rows": 652282,
                      "Actual Loops": 4
                    },
                    {
                      "Node Type": "Hash",
                      "Parent Relationship": "Inner",
                      "Parallel Aware": true,
                      "Startup Cost": 88831.12,
                      "Total Cost": 88831.12,
                      "Plan Rows": 87445,
                      "Plan Width": 8,
                      "Actual Startup Time": 306.294,
                      "Actual Total Time": 306.414,
                      "Actual Rows": 53792,
                      "Actual Loops": 4,
                      "Hash Buckets": 524288,
                      "Original Hash Buckets": 524288,
                      "Hash Batches": 1,
                      "Original Hash Batches": 1,
                      "Peak Memory Usage": 12544,
                      "Plans": [
                        {
                          "Node Type": "Hash Join",
                          "Parent Relationship": "Outer",
                          "Parallel Aware": true,
                          "Join Type": "Inner",
                          "Startup Cost": 45953.04,
                          "Total Cost": 88831.12,
                          "Plan Rows": 87445,
                          "Plan Width": 8,
                          "Actual Startup Time": 118.27,
                          "Actual Total Time": 293.652,
                          "Actual Rows": 53792,
                          "Actual Loops": 4,
                          "Inner Unique": true,
                          "Hash Cond": "(mk.movie_id = t.id)",
                          "Plans": [
                            {
                              "Node Type": "Seq Scan",
                              "Parent Relationship": "Outer",
                              "Parallel Aware": true,
                              "Relation Name": "movie_keyword",
                              "Alias": "mk",
                              "Startup Cost": 0.0,
                              "Total Cost": 39047.32,
                              "Plan Rows": 1459332,
                              "Plan Width": 4,
                              "Actual Startup Time": 0.026,
                              "Actual Total Time": 85.554,
                              "Actual Rows": 1130982,
                              "Actual Loops": 4
                            },
                            {
                              "Node Type": "Hash",
                              "Parent Relationship": "Inner",
                              "Parallel Aware": true,
                              "Startup Cost": 45479.59,
                              "Total Cost": 45479.59,
                              "Plan Rows": 37876,
                              "Plan Width": 4,
                              "Actual Startup Time": 117.063,
                              "Actual Total Time": 117.064,
                              "Actual Rows": 33690,
                              "Actual Loops": 4,
                              "Hash Buckets": 262144,
                              "Original Hash Buckets": 262144,
                              "Hash Batches": 1,
                              "Original Hash Batches": 1,
                              "Peak Memory Usage": 7392,
                              "Plans": [
                                {
                                  "Node Type": "Seq Scan",
                                  "Parent Relationship": "Outer",
                                  "Parallel Aware": true,
                                  "Relation Name": "title",
                                  "Alias": "t",
                                  "Startup Cost": 0.0,
                                  "Total Cost": 45479.59,
                                  "Plan Rows": 37876,
                                  "Plan Width": 4,
                                  "Actual Startup Time": 0.155,
                                  "Actual Total Time": 101.285,
                                  "Actual Rows": 33690,
                                  "Actual Loops": 4,
                                  "Filter": "((kind_id < 7) AND (production_year > 2010))",
                                  "Rows Removed by Filter": 598388
                                }
                              ]
                            }
                          ]
                        }
                      ]
                    }
                  ]
                }
              ]
            }
          ]
        }
      ]
    },
    "Planning Time": 1.406,
    "Triggers": [],
    "Execution Time": 512.475
  }
]