[
  {
    "Plan": {
      "Node Type": "Aggregate",
      "Strategy": "Plain",
      "Partial Mode": "Finalize",
      "Parallel Aware": false,
      "Startup Cost": 576755.62,
      "Total Cost": 576755.63,
      "Plan Rows": 1,
      "Plan Width": 8,
      "Actual Startup Time": 1626.069,
      "Actual Total Time": 1679.577,
      "Actual Rows": 1,
      "Actual Loops": 1,
      "Plans": [
        {
          "Node Type": "Gather",
          "Parent Relationship": "Outer",
          "Parallel Aware": false,
          "Startup Cost": 576755.1,
          "Total Cost": 576755.61,
          "Plan Rows": 5,
          "Plan Width": 8,
          "Actual Startup Time": 1601.958,
          "Actual Total Time": 1679.563,
          "Actual Rows": 6,
          "Actual Loops": 1,
          "Workers Planned": 5,
          "Workers Launched": 5,
          "Single Copy": false,
          "Plans": [
            {
              "Node Type": "Aggregate",
              "Strategy": "Plain",
              "Partial Mode": "Partial",
              "Parent Relationship": "Outer",
              "Parallel Aware": false,
              "Startup Cost": 575755.1,
              "Total Cost": 575755.11,
              "Plan Rows": 1,
              "Plan Width": 8,
              "Actual Startup Time": 1586.729,
              "Actual Total Time": 1586.87,
              "Actual Rows": 1,
              "Actual Loops": 6,
              "Plans": [
                {
                  "Node Type": "Hash Join",
                  "Parent Relationship": "Outer",
                  "Parallel Aware": true,
                  "Join Type": "Inner",
                  "Startup Cost": 370516.98,
                  "Total Cost": 574319.24,
                  "Plan Rows": 574345,
                  "Plan Width": 0,
                  "Actual Startup Time": 837.706,
                  "Actual Total Time": 1553.237,
                  "Actual Rows": 796350,
                  "Actual Loops": 6,
                  "Inner Unique": false,
                  "Hash Cond": "(mi.movie_id = t.id)",
                  "Plans": [
                    {
                      "Node Type": "Seq Scan",
                      "Parent Relationship": "Outer",
                      "Parallel Aware": true,
                      "Relation Name": "movie_info",
                      "Alias": "mi",
                      "Startup Cost": 0.0,
                      "Total Cost": 199108.24,
                      "Plan Rows": 996473,
                      "Plan Width": 4,
                      "Actual Startup Time": 0.035,
                      "Actual Total Time": 335.245,
                      "Actual Rows": 820661,
                      "Actual Loops": 6,
                      "Filter": "(info_type_id < 5)",
                      "Rows Removed by Filter": 1651959
                    },
                    {
                      "Node Type": "Hash",
                      "Parent Relationship": "Inner",
                      "Parallel Aware": true,
                      "Startup Cost": 367480.88,
                      "Total Cost": 367480.88,
                      "Plan Rows": 242888,
                      "Plan Width": 8,
                      "Actual Startup Time": 832.029,
                      "Actual Total Time": 832.169,
                      "Actual Rows": 325344,
                      "Actual Loops": 6,
                      "Hash Buckets": 2097152,
                      "Original Hash Buckets": 2097152,
                      "Hash Batches": 1,
                      "Original Hash Batches": 1,
                      "Peak Memory Usage": 92832,
                      "Plans": [
                        {
                          "Node Type": "Hash Join",
                          "Parent Relationship": "Outer",
                          "Parallel Aware": true,
                          "Join Type": "Inner",
                          "Startup Cost": 107623.54,
                          "Total Cost": 367480.88,
                          "Plan Rows": 242888,
                          "Plan Width": 8,
                          "Actual Startup Time": 401.344,
                          "Actual Total Time": 685.836,
                          "Actual Rows": 325344,
                          "Actual Loops": 6,
                          "Inner Unique": true,
                          "Hash Cond": "(ci.movie_id = t.id)",
                          "Plans": [
                            {
                              "Node Type": "Bitmap Heap Scan",
                              "Parent Relationship": "Outer",
                              "Parallel Aware": true,
                              "Relation Name": "cast_info",
                              "Alias": "ci",
                              "Startup Cost": 57403.16,
                              "Total Cost": 316622.92,
                              "Plan Rows": 242888,
                              "Plan Width": 4,
                              "Actual Startup Time": 103.152,
                              "Actual Total Time": 202.572,
                              "Actual Rows": 325344,
                              "Actual Loops": 6,
                              "Recheck Cond": "(person_id < 260138)",
                              "Rows Removed by Index Recheck": 0,
                              "Filter": "(role_id < 3)",
                              "Rows Removed by Filter": 126966,
                              "Exact Heap Blocks": 5900,
                              "Lossy Heap Blocks": 0,
                              "Plans": [
                                {
                                  "Node Type": "Bitmap Index Scan",
                                  "Parent Relationship": "Outer",
                                  "Parallel Aware": false,
                                  "Index Name": "person_id_cast_info",
                                  "Startup Cost": 0.0,
                                  "Total Cost": 57038.83,
                                  "Plan Rows": 2613102,
                                  "Plan Width": 0,
                                  "Actual Startup Time": 98.17,
                                  "Actual Total Time": 98.171,
                                  "Actual Rows": 2713857,
                                  "Actual Loops": 1,
                                  "Index Cond": "(person_id < 260138)"
                                }
                              ]
                            },
                            {
                              "Node Type": "Hash",
                              "Parent Relationship": "Inner",
                              "Parallel Aware": true,
                              "Startup Cost": 42319.06,
                              "Total Cost": 42319.06,
                              "Plan Rows": 632106,
                              "Plan Width": 4,
                              "Actual Startup Time": 292.739,
                              "Actual Total Time": 292.741,
                              "Actual Rows": 421385,
                              "Actual Loops": 6,
                              "Hash Buckets": 4194304,
                              "Original Hash Buckets": 4194304,
                              "Hash Batches": 1,
                              "Original Hash Batches": 1,
                              "Peak Memory Usage": 131776,
                              "Plans": [
                                {
                                  "Node Type": "Seq Scan",
                                  "Parent Relationship": "Outer",
                                  "Parallel Aware": true,
                                  "Relation Name": "title",
                                  "Alias": "t",
                                  "Startup Cost": 0.0,
                                  "Total Cost": 42319.06,
                                  "Plan Rows": 632106,
                                  "Plan Width": 4,
                                  "Actual Startup Time": 0.056,
                                  "Actual Total Time": 80.935,
                                  "Actual Rows": 421385,
                                  "Actual Loops": 6
                                }
                              ]
                            }
                          ]
                        }
                      ]
                    }
                  ]
                }
              ]
            }
          ]
        }
      ]
    },
    "Planning Time": 1.37,
    "Triggers": [],
    "Execution Time": 1679.746
  }
]