{
    "Plan": {
        "Node Type": "Aggregate",
        "Strategy": "Plain",
        "Partial Mode": "Finalize",
        "Parallel Aware": false,
        "Startup Cost": 229296.82,
        "Total Cost": 229296.83,
        "Plan Rows": 1,
        "Plan Width": 8,
        "Actual Startup Time": 874.607,
        "Actual Total Time": 954.922,
        "Actual Rows": 1,
        "Actual Loops": 1,
        "Output": [
            "count(*)"
        ],
        "Plans": [
            {
                "Node Type": "Gather",
                "Parent Relationship": "Outer",
                "Parallel Aware": false,
                "Startup Cost": 229296.51,
                "Total Cost": 229296.82,
                "Plan Rows": 3,
                "Plan Width": 8,
                "Actual Startup Time": 873.528,
                "Actual Total Time": 954.911,
                "Actual Rows": 4,
                "Actual Loops": 1,
                "Output": [
                    "(PARTIAL count(*))"
                ],
                "Workers Planned": 3,
                "Workers Launched": 3,
                "Single Copy": false,
                "Plans": [
                    {
                        "Node Type": "Aggregate",
                        "Strategy": "Plain",
                        "Partial Mode": "Partial",
                        "Parent Relationship": "Outer",
                        "Parallel Aware": false,
                        "Startup Cost": 228296.51,
                        "Total Cost": 228296.52,
                        "Plan Rows": 1,
                        "Plan Width": 8,
                        "Actual Startup Time": 863.764,
                        "Actual Total Time": 863.767,
                        "Actual Rows": 1,
                        "Actual Loops": 4,
                        "Output": [
                            "PARTIAL count(*)"
                        ],
                        "Workers": [
                            {
                                "Worker Number": 0,
                                "Actual Startup Time": 860.37,
                                "Actual Total Time": 860.373,
                                "Actual Rows": 1,
                                "Actual Loops": 1
                            },
                            {
                                "Worker Number": 1,
                                "Actual Startup Time": 860.681,
                                "Actual Total Time": 860.685,
                                "Actual Rows": 1,
                                "Actual Loops": 1
                            },
                            {
                                "Worker Number": 2,
                                "Actual Startup Time": 861.264,
                                "Actual Total Time": 861.266,
                                "Actual Rows": 1,
                                "Actual Loops": 1
                            }
                        ],
                        "Plans": [
                            {
                                "Node Type": "Nested Loop",
                                "Parent Relationship": "Outer",
                                "Parallel Aware": false,
                                "Join Type": "Inner",
                                "Startup Cost": 46807.76,
                                "Total Cost": 227199.55,
                                "Plan Rows": 438784,
                                "Plan Width": 0,
                                "Actual Startup Time": 192.162,
                                "Actual Total Time": 845.636,
                                "Actual Rows": 312250,
                                "Actual Loops": 4,
                                "Inner Unique": false,
                                "Join Filter": "(t.id = ci.movie_id)",
                                "Rows Removed by Join Filter": 0,
                                "Workers": [
                                    {
                                        "Worker Number": 0,
                                        "Actual Startup Time": 188.826,
                                        "Actual Total Time": 842.77,
                                        "Actual Rows": 245156,
                                        "Actual Loops": 1
                                    },
                                    {
                                        "Worker Number": 1,
                                        "Actual Startup Time": 188.837,
                                        "Actual Total Time": 842.826,
                                        "Actual Rows": 192834,
                                        "Actual Loops": 1
                                    },
                                    {
                                        "Worker Number": 2,
                                        "Actual Startup Time": 189.824,
                                        "Actual Total Time": 844.418,
                                        "Actual Rows": 326912,
                                        "Actual Loops": 1
                                    }
                                ],
                                "Plans": [
                                    {
                                        "Node Type": "Hash Join",
                                        "Parent Relationship": "Outer",
                                        "Parallel Aware": true,
                                        "Join Type": "Inner",
                                        "Startup Cost": 46807.2,
                                        "Total Cost": 78818.14,
                                        "Plan Rows": 38170,
                                        "Plan Width": 8,
                                        "Actual Startup Time": 192.065,
                                        "Actual Total Time": 231.217,
                                        "Actual Rows": 9606,
                                        "Actual Loops": 4,
                                        "Output": [
                                            "t.id",
                                            "mc.movie_id"
                                        ],
                                        "Inner Unique": true,
                                        "Hash Cond": "(mc.movie_id = t.id)",
                                        "Workers": [
                                            {
                                                "Worker Number": 0,
                                                "Actual Startup Time": 188.752,
                                                "Actual Total Time": 227.16,
                                                "Actual Rows": 7496,
                                                "Actual Loops": 1
                                            },
                                            {
                                                "Worker Number": 1,
                                                "Actual Startup Time": 188.732,
                                                "Actual Total Time": 224.278,
                                                "Actual Rows": 5995,
                                                "Actual Loops": 1
                                            },
                                            {
                                                "Worker Number": 2,
                                                "Actual Startup Time": 189.643,
                                                "Actual Total Time": 225.643,
                                                "Actual Rows": 10004,
                                                "Actual Loops": 1
                                            }
                                        ],
                                        "Plans": [
                                            {
                                                "Node Type": "Seq Scan",
                                                "Parent Relationship": "Outer",
                                                "Parallel Aware": true,
                                                "Relation Name": "movie_companies",
                                                "Schema": "public",
                                                "Alias": "mc",
                                                "Startup Cost": 0.0,
                                                "Total Cost": 31414.82,
                                                "Plan Rows": 227098,
                                                "Plan Width": 4,
                                                "Actual Startup Time": 32.389,
                                                "Actual Total Time": 66.5,
                                                "Actual Rows": 111088,
                                                "Actual Loops": 4,
                                                "Output": [
                                                    "mc.id",
                                                    "mc.movie_id",
                                                    "mc.company_id",
                                                    "mc.company_type_id",
                                                    "mc.note"
                                                ],
                                                "Filter": "((mc.company_id < 11855) AND (mc.company_type_id = 2))",
                                                "Rows Removed by Filter": 541194,
                                                "Workers": [
                                                    {
                                                        "Worker Number": 0,
                                                        "Actual Startup Time": 32.414,
                                                        "Actual Total Time": 66.543,
                                                        "Actual Rows": 100184,
                                                        "Actual Loops": 1
                                                    },
                                                    {
                                                        "Worker Number": 1,
                                                        "Actual Startup Time": 32.39,
                                                        "Actual Total Time": 65.447,
                                                        "Actual Rows": 74222,
                                                        "Actual Loops": 1
                                                    },
                                                    {
                                                        "Worker Number": 2,
                                                        "Actual Startup Time": 32.309,
                                                        "Actual Total Time": 64.83,
                                                        "Actual Rows": 118956,
                                                        "Actual Loops": 1
                                                    }
                                                ]
                                            },
                                            {
                                                "Node Type": "Hash",
                                                "Parent Relationship": "Inner",
                                                "Parallel Aware": true,
                                                "Startup Cost": 45479.21,
                                                "Total Cost": 45479.21,
                                                "Plan Rows": 106239,
                                                "Plan Width": 4,
                                                "Actual Startup Time": 129.788,
                                                "Actual Total Time": 129.789,
                                                "Actual Rows": 77274,
                                                "Actual Loops": 4,
                                                "Output": [
                                                    "t.id"
                                                ],
                                                "Hash Buckets": 524288,
                                                "Original Hash Buckets": 524288,
                                                "Hash Batches": 1,
                                                "Original Hash Batches": 1,
                                                "Peak Memory Usage": 16256,
                                                "Workers": [
                                                    {
                                                        "Worker Number": 0,
                                                        "Actual Startup Time": 129.079,
                                                        "Actual Total Time": 129.08,
                                                        "Actual Rows": 77194,
                                                        "Actual Loops": 1
                                                    },
                                                    {
                                                        "Worker Number": 1,
                                                        "Actual Startup Time": 129.032,
                                                        "Actual Total Time": 129.033,
                                                        "Actual Rows": 53548,
                                                        "Actual Loops": 1
                                                    },
                                                    {
                                                        "Worker Number": 2,
                                                        "Actual Startup Time": 129.924,
                                                        "Actual Total Time": 129.925,
                                                        "Actual Rows": 81700,
                                                        "Actual Loops": 1
                                                    }
                                                ],
                                                "Plans": [
                                                    {
                                                        "Node Type": "Seq Scan",
                                                        "Parent Relationship": "Outer",
                                                        "Parallel Aware": true,
                                                        "Relation Name": "title",
                                                        "Schema": "public",
                                                        "Alias": "t",
                                                        "Startup Cost": 0.0,
                                                        "Total Cost": 45479.21,
                                                        "Plan Rows": 106239,
                                                        "Plan Width": 4,
                                                        "Actual Startup Time": 50.226,
                                                        "Actual Total Time": 106.285,
                                                        "Actual Rows": 77274,
                                                        "Actual Loops": 4,
                                                        "Output": [
                                                            "t.id"
                                                        ],
                                                        "Filter": "((t.production_year > 1995) AND (t.kind_id = 1))",
                                                        "Rows Removed by Filter": 554804,
                                                        "Workers": [
                                                            {
                                                                "Worker Number": 0,
                                                                "Actual Startup Time": 63.44,
                                                                "Actual Total Time": 105.947,
                                                                "Actual Rows": 77194,
                                                                "Actual Loops": 1
                                                            },
                                                            {
                                                                "Worker Number": 1,
                                                                "Actual Startup Time": 63.446,
                                                                "Actual Total Time": 106.906,
                                                                "Actual Rows": 53548,
                                                                "Actual Loops": 1
                                                            },
                                                            {
                                                                "Worker Number": 2,
                                                                "Actual Startup Time": 64.078,
                                                                "Actual Total Time": 106.698,
                                                                "Actual Rows": 81700,
                                                                "Actual Loops": 1
                                                            }
                                                        ]
                                                    }
                                                ]
                                            }
                                        ]
                                    },
                                    {
                                        "Node Type": "Index Scan",
                                        "Parent Relationship": "Inner",
                                        "Parallel Aware": false,
                                        "Scan Direction": "Forward",
                                        "Index Name": "movie_id_cast_info",
                                        "Relation Name": "cast_info",
                                        "Schema": "public",
                                        "Alias": "ci",
                                        "Startup Cost": 0.56,
                                        "Total Cost": 3.5,
                                        "Plan Rows": 31,
                                        "Plan Width": 4,
                                        "Actual Startup Time": 0.007,
                                        "Actual Total Time": 0.06,
                                        "Actual Rows": 33,
                                        "Actual Loops": 38426,
                                        "Output": [
                                            "ci.id",
                                            "ci.person_id",
                                            "ci.movie_id",
                                            "ci.person_role_id",
                                            "ci.note",
                                            "ci.nr_order",
                                            "ci.role_id"
                                        ],
                                        "Index Cond": "(ci.movie_id = mc.movie_id)",
                                        "Rows Removed by Index Recheck": 0,
                                        "Filter": "(ci.person_id < 2951609)",
                                        "Rows Removed by Filter": 11,
                                        "Workers": [
                                            {
                                                "Worker Number": 0,
                                                "Actual Startup Time": 0.009,
                                                "Actual Total Time": 0.077,
                                                "Actual Rows": 33,
                                                "Actual Loops": 7496
                                            },
                                            {
                                                "Worker Number": 1,
                                                "Actual Startup Time": 0.011,
                                                "Actual Total Time": 0.097,
                                                "Actual Rows": 32,
                                                "Actual Loops": 5995
                                            },
                                            {
                                                "Worker Number": 2,
                                                "Actual Startup Time": 0.007,
                                                "Actual Total Time": 0.058,
                                                "Actual Rows": 33,
                                                "Actual Loops": 10004
                                            }
                                        ]
                                    }
                                ]
                            }
                        ]
                    }
                ]
            }
        ]
    },
    "Planning Time": 1.67,
    "Triggers": [],
    "Execution Time": 955.039
}