[
  {
    "Plan": {
      "Node Type": "Aggregate",
      "Strategy": "Plain",
      "Partial Mode": "Finalize",
      "Parallel Aware": false,
      "Startup Cost": 31022.01,
      "Total Cost": 31022.02,
      "Plan Rows": 1,
      "Plan Width": 8,
      "Actual Startup Time": 97.248,
      "Actual Total Time": 104.906,
      "Actual Rows": 1,
      "Actual Loops": 1,
      "Plans": [
        {
          "Node Type": "Gather",
          "Parent Relationship": "Outer",
          "Parallel Aware": false,
          "Startup Cost": 31021.69,
          "Total Cost": 31022.0,
          "Plan Rows": 3,
          "Plan Width": 8,
          "Actual Startup Time": 96.983,
          "Actual Total Time": 104.897,
          "Actual Rows": 4,
          "Actual Loops": 1,
          "Workers Planned": 3,
          "Workers Launched": 3,
          "Single Copy": false,
          "Plans": [
            {
              "Node Type": "Aggregate",
              "Strategy": "Plain",
              "Partial Mode": "Partial",
              "Parent Relationship": "Outer",
              "Parallel Aware": false,
              "Startup Cost": 30021.69,
              "Total Cost": 30021.7,
              "Plan Rows": 1,
              "Plan Width": 8,
              "Actual Startup Time": 90.518,
              "Actual Total Time": 90.519,
              "Actual Rows": 1,
              "Actual Loops": 4,
              "Plans": [
                {
                  "Node Type": "Seq Scan",
                  "Parent Relationship": "Outer",
                  "Parallel Aware": true,
                  "Relation Name": "movie_companies",
                  "Alias": "mc",
                  "Startup Cost": 0.0,
                  "Total Cost": 29310.68,
                  "Plan Rows": 284404,
                  "Plan Width": 0,
                  "Actual Startup Time": 0.029,
                  "Actual Total Time": 76.819,
                  "Actual Rows": 220838,
                  "Actual Loops": 4,
                  "Filter": "(company_id < 2653)",
                  "Rows Removed by Filter": 431445
                }
              ]
            }
          ]
        }
      ]
    },
    "Planning Time": 0.187,
    "Triggers": [],
    "Execution Time": 104.957
  }
]