[
    {
        "Bao": {
            "Bao prediction": "NaN",
            "Bao recommended hint": "(no hint)"
        }
    },
    {
        "Plan": {
            "Node Type": "Aggregate",
            "Strategy": "Plain",
            "Partial Mode": "Finalize",
            "Parallel Aware": false,
            "Startup Cost": 32237.44,
            "Total Cost": 32237.45,
            "Plan Rows": 1,
            "Plan Width": 8,
            "Actual Startup Time": 22.704,
            "Actual Total Time": 26.446,
            "Actual Rows": 1,
            "Actual Loops": 1,
            "Output": [
                "count(*)"
            ],
            "Plans": [
                {
                    "Node Type": "Gather",
                    "Parent Relationship": "Outer",
                    "Parallel Aware": false,
                    "Startup Cost": 32237.22,
                    "Total Cost": 32237.43,
                    "Plan Rows": 2,
                    "Plan Width": 8,
                    "Actual Startup Time": 22.425,
                    "Actual Total Time": 26.441,
                    "Actual Rows": 3,
                    "Actual Loops": 1,
                    "Output": [
                        "(PARTIAL count(*))"
                    ],
                    "Workers Planned": 2,
                    "Workers Launched": 2,
                    "Single Copy": false,
                    "Plans": [
                        {
                            "Node Type": "Aggregate",
                            "Strategy": "Plain",
                            "Partial Mode": "Partial",
                            "Parent Relationship": "Outer",
                            "Parallel Aware": false,
                            "Startup Cost": 31237.22,
                            "Total Cost": 31237.23,
                            "Plan Rows": 1,
                            "Plan Width": 8,
                            "Actual Startup Time": 14.512,
                            "Actual Total Time": 14.514,
                            "Actual Rows": 1,
                            "Actual Loops": 3,
                            "Output": [
                                "PARTIAL count(*)"
                            ],
                            "Workers": [
                                {
                                    "Worker Number": 0,
                                    "Actual Startup Time": 10.583,
                                    "Actual Total Time": 10.586,
                                    "Actual Rows": 1,
                                    "Actual Loops": 1
                                },
                                {
                                    "Worker Number": 1,
                                    "Actual Startup Time": 10.794,
                                    "Actual Total Time": 10.797,
                                    "Actual Rows": 1,
                                    "Actual Loops": 1
                                }
                            ],
                            "Plans": [
                                {
                                    "Node Type": "Nested Loop",
                                    "Parent Relationship": "Outer",
                                    "Parallel Aware": false,
                                    "Join Type": "Inner",
                                    "Startup Cost": 204.27,
                                    "Total Cost": 31235.55,
                                    "Plan Rows": 668,
                                    "Plan Width": 0,
                                    "Actual Startup Time": 3.772,
                                    "Actual Total Time": 14.468,
                                    "Actual Rows": 440,
                                    "Actual Loops": 3,
                                    "Inner Unique": false,
                                    "Workers": [
                                        {
                                            "Worker Number": 0,
                                            "Actual Startup Time": 1.932,
                                            "Actual Total Time": 10.559,
                                            "Actual Rows": 63,
                                            "Actual Loops": 1
                                        },
                                        {
                                            "Worker Number": 1,
                                            "Actual Startup Time": 1.093,
                                            "Actual Total Time": 10.773,
                                            "Actual Rows": 48,
                                            "Actual Loops": 1
                                        }
                                    ],
                                    "Plans": [
                                        {
                                            "Node Type": "Nested Loop",
                                            "Parent Relationship": "Outer",
                                            "Parallel Aware": false,
                                            "Join Type": "Inner",
                                            "Startup Cost": 203.84,
                                            "Total Cost": 30567.51,
                                            "Plan Rows": 1223,
                                            "Plan Width": 8,
                                            "Actual Startup Time": 3.62,
                                            "Actual Total Time": 13.001,
                                            "Actual Rows": 173,
                                            "Actual Loops": 3,
                                            "Output": [
                                                "t.id",
                                                "mc.movie_id"
                                            ],
                                            "Inner Unique": true,
                                            "Workers": [
                                                {
                                                    "Worker Number": 0,
                                                    "Actual Startup Time": 1.704,
                                                    "Actual Total Time": 9.158,
                                                    "Actual Rows": 24,
                                                    "Actual Loops": 1
                                                },
                                                {
                                                    "Worker Number": 1,
                                                    "Actual Startup Time": 0.885,
                                                    "Actual Total Time": 9.66,
                                                    "Actual Rows": 17,
                                                    "Actual Loops": 1
                                                }
                                            ],
                                            "Plans": [
                                                {
                                                    "Node Type": "Bitmap Heap Scan",
                                                    "Parent Relationship": "Outer",
                                                    "Parallel Aware": true,
                                                    "Relation Name": "movie_companies",
                                                    "Schema": "public",
                                                    "Alias": "mc",
                                                    "Startup Cost": 203.41,
                                                    "Total Cost": 15998.88,
                                                    "Plan Rows": 1977,
                                                    "Plan Width": 4,
                                                    "Actual Startup Time": 2.849,
                                                    "Actual Total Time": 5.509,
                                                    "Actual Rows": 1013,
                                                    "Actual Loops": 3,
                                                    "Output": [
                                                        "mc.id",
                                                        "mc.movie_id",
                                                        "mc.company_id",
                                                        "mc.company_type_id",
                                                        "mc.note"
                                                    ],
                                                    "Recheck Cond": "(mc.company_id = 2561)",
                                                    "Rows Removed by Index Recheck": 0,
                                                    "Filter": "(mc.company_type_id > 1)",
                                                    "Rows Removed by Filter": 2373,
                                                    "Exact Heap Blocks": 5288,
                                                    "Lossy Heap Blocks": 0,
                                                    "Workers": [
                                                        {
                                                            "Worker Number": 0,
                                                            "Actual Startup Time": 0.158,
                                                            "Actual Total Time": 2.516,
                                                            "Actual Rows": 137,
                                                            "Actual Loops": 1
                                                        },
                                                        {
                                                            "Worker Number": 1,
                                                            "Actual Startup Time": 0.168,
                                                            "Actual Total Time": 2.69,
                                                            "Actual Rows": 131,
                                                            "Actual Loops": 1
                                                        }
                                                    ],
                                                    "Plans": [
                                                        {
                                                            "Node Type": "Bitmap Index Scan",
                                                            "Parent Relationship": "Outer",
                                                            "Parallel Aware": false,
                                                            "Index Name": "company_id_movie_companies",
                                                            "Startup Cost": 0.0,
                                                            "Total Cost": 202.23,
                                                            "Plan Rows": 9306,
                                                            "Plan Width": 0,
                                                            "Actual Startup Time": 1.55,
                                                            "Actual Total Time": 1.55,
                                                            "Actual Rows": 10160,
                                                            "Actual Loops": 1,
                                                            "Index Cond": "(mc.company_id = 2561)"
                                                        }
                                                    ]
                                                },
                                                {
                                                    "Node Type": "Index Scan",
                                                    "Parent Relationship": "Inner",
                                                    "Parallel Aware": false,
                                                    "Scan Direction": "Forward",
                                                    "Index Name": "title_pkey",
                                                    "Relation Name": "title",
                                                    "Schema": "public",
                                                    "Alias": "t",
                                                    "Startup Cost": 0.43,
                                                    "Total Cost": 7.37,
                                                    "Plan Rows": 1,
                                                    "Plan Width": 4,
                                                    "Actual Startup Time": 0.007,
                                                    "Actual Total Time": 0.007,
                                                    "Actual Rows": 0,
                                                    "Actual Loops": 3040,
                                                    "Output": [
                                                        "t.id",
                                                        "t.title",
                                                        "t.imdb_index",
                                                        "t.kind_id",
                                                        "t.production_year",
                                                        "t.imdb_id",
                                                        "t.phonetic_code",
                                                        "t.episode_of_id",
                                                        "t.season_nr",
                                                        "t.episode_nr",
                                                        "t.series_years",
                                                        "t.md5sum"
                                                    ],
                                                    "Index Cond": "(t.id = mc.movie_id)",
                                                    "Rows Removed by Index Recheck": 0,
                                                    "Filter": "(t.production_year > 1996)",
                                                    "Rows Removed by Filter": 1,
                                                    "Workers": [
                                                        {
                                                            "Worker Number": 0,
                                                            "Actual Startup Time": 0.047,
                                                            "Actual Total Time": 0.047,
                                                            "Actual Rows": 0,
                                                            "Actual Loops": 137
                                                        },
                                                        {
                                                            "Worker Number": 1,
                                                            "Actual Startup Time": 0.051,
                                                            "Actual Total Time": 0.051,
                                                            "Actual Rows": 0,
                                                            "Actual Loops": 131
                                                        }
                                                    ]
                                                }
                                            ]
                                        },
                                        {
                                            "Node Type": "Index Only Scan",
                                            "Parent Relationship": "Inner",
                                            "Parallel Aware": false,
                                            "Scan Direction": "Forward",
                                            "Index Name": "movie_id_movie_info_idx",
                                            "Relation Name": "movie_info_idx",
                                            "Schema": "public",
                                            "Alias": "mi_idx",
                                            "Startup Cost": 0.43,
                                            "Total Cost": 0.52,
                                            "Plan Rows": 3,
                                            "Plan Width": 4,
                                            "Actual Startup Time": 0.007,
                                            "Actual Total Time": 0.008,
                                            "Actual Rows": 3,
                                            "Actual Loops": 520,
                                            "Output": [
                                                "mi_idx.movie_id"
                                            ],
                                            "Index Cond": "(mi_idx.movie_id = t.id)",
                                            "Rows Removed by Index Recheck": 0,
                                            "Heap Fetches": 1319,
                                            "Workers": [
                                                {
                                                    "Worker Number": 0,
                                                    "Actual Startup Time": 0.055,
                                                    "Actual Total Time": 0.056,
                                                    "Actual Rows": 3,
                                                    "Actual Loops": 24
                                                },
                                                {
                                                    "Worker Number": 1,
                                                    "Actual Startup Time": 0.061,
                                                    "Actual Total Time": 0.063,
                                                    "Actual Rows": 3,
                                                    "Actual Loops": 17
                                                }
                                            ]
                                        }
                                    ]
                                }
                            ]
                        }
                    ]
                }
            ]
        },
        "Planning Time": 192.794,
        "Triggers": [],
        "Execution Time": 26.524
    }
]