[
  {
    "Plan": {
      "Node Type": "Aggregate",
      "Strategy": "Plain",
      "Partial Mode": "Finalize",
      "Parallel Aware": false,
      "Startup Cost": 345580.27,
      "Total Cost": 345580.28,
      "Plan Rows": 1,
      "Plan Width": 8,
      "Actual Startup Time": 578.28,
      "Actual Total Time": 637.365,
      "Actual Rows": 1,
      "Actual Loops": 1,
      "Plans": [
        {
          "Node Type": "Gather",
          "Parent Relationship": "Outer",
          "Parallel Aware": false,
          "Startup Cost": 345579.64,
          "Total Cost": 345580.25,
          "Plan Rows": 6,
          "Plan Width": 8,
          "Actual Startup Time": 578.185,
          "Actual Total Time": 637.357,
          "Actual Rows": 7,
          "Actual Loops": 1,
          "Workers Planned": 6,
          "Workers Launched": 6,
          "Single Copy": false,
          "Plans": [
            {
              "Node Type": "Aggregate",
              "Strategy": "Plain",
              "Partial Mode": "Partial",
              "Parent Relationship": "Outer",
              "Parallel Aware": false,
              "Startup Cost": 344579.64,
              "Total Cost": 344579.65,
              "Plan Rows": 1,
              "Plan Width": 8,
              "Actual Startup Time": 567.527,
              "Actual Total Time": 567.528,
              "Actual Rows": 1,
              "Actual Loops": 7,
              "Plans": [
                {
                  "Node Type": "Seq Scan",
                  "Parent Relationship": "Outer",
                  "Parallel Aware": true,
                  "Relation Name": "cast_info",
                  "Alias": "ci",
                  "Startup Cost": 0.0,
                  "Total Cost": 343257.03,
                  "Plan Rows": 529045,
                  "Plan Width": 0,
                  "Actual Startup Time": 210.702,
                  "Actual Total Time": 559.663,
                  "Actual Rows": 197759,
                  "Actual Loops": 7,
                  "Filter": "((person_id < 485211) AND (role_id > 1))",
                  "Rows Removed by Filter": 4980004
                }
              ]
            }
          ]
        }
      ]
    },
    "Planning Time": 0.221,
    "Triggers": [],
    "Execution Time": 637.439
  }
]