[
  {
    "Plan": {
      "Node Type": "Aggregate",
      "Strategy": "Plain",
      "Partial Mode": "Finalize",
      "Parallel Aware": false,
      "Startup Cost": 187237.81,
      "Total Cost": 187237.82,
      "Plan Rows": 1,
      "Plan Width": 8,
      "Actual Startup Time": 121.534,
      "Actual Total Time": 141.361,
      "Actual Rows": 1,
      "Actual Loops": 1,
      "Plans": [
        {
          "Node Type": "Gather",
          "Parent Relationship": "Outer",
          "Parallel Aware": false,
          "Startup Cost": 187237.39,
          "Total Cost": 187237.8,
          "Plan Rows": 4,
          "Plan Width": 8,
          "Actual Startup Time": 121.422,
          "Actual Total Time": 141.354,
          "Actual Rows": 5,
          "Actual Loops": 1,
          "Workers Planned": 4,
          "Workers Launched": 4,
          "Single Copy": false,
          "Plans": [
            {
              "Node Type": "Aggregate",
              "Strategy": "Plain",
              "Partial Mode": "Partial",
              "Parent Relationship": "Outer",
              "Parallel Aware": false,
              "Startup Cost": 186237.39,
              "Total Cost": 186237.4,
              "Plan Rows": 1,
              "Plan Width": 8,
              "Actual Startup Time": 114.071,
              "Actual Total Time": 114.072,
              "Actual Rows": 1,
              "Actual Loops": 5,
              "Plans": [
                {
                  "Node Type": "Nested Loop",
                  "Parent Relationship": "Outer",
                  "Parallel Aware": false,
                  "Join Type": "Inner",
                  "Startup Cost": 0.43,
                  "Total Cost": 186217.19,
                  "Plan Rows": 8080,
                  "Plan Width": 0,
                  "Actual Startup Time": 56.128,
                  "Actual Total Time": 113.237,
                  "Actual Rows": 12083,
                  "Actual Loops": 5,
                  "Inner Unique": false,
                  "Plans": [
                    {
                      "Node Type": "Seq Scan",
                      "Parent Relationship": "Outer",
                      "Parallel Aware": true,
                      "Relation Name": "title",
                      "Alias": "t",
                      "Startup Cost": 0.0,
                      "Total Cost": 45479.1,
                      "Plan Rows": 1382,
                      "Plan Width": 4,
                      "Actual Startup Time": 56.028,
                      "Actual Total Time": 79.783,
                      "Actual Rows": 929,
                      "Actual Loops": 5,
                      "Filter": "((kind_id = 1) AND (production_year = 1986))",
                      "Rows Removed by Filter": 504734
                    },
                    {
                      "Node Type": "Index Only Scan",
                      "Parent Relationship": "Inner",
                      "Parallel Aware": false,
                      "Scan Direction": "Forward",
                      "Index Name": "movie_id_movie_info",
                      "Relation Name": "movie_info",
                      "Alias": "mi",
                      "Startup Cost": 0.43,
                      "Total Cost": 101.42,
                      "Plan Rows": 42,
                      "Plan Width": 4,
                      "Actual Startup Time": 0.013,
                      "Actual Total Time": 0.034,
                      "Actual Rows": 13,
                      "Actual Loops": 4643,
                      "Index Cond": "(movie_id = t.id)",
                      "Rows Removed by Index Recheck": 0,
                      "Heap Fetches": 60414
                    }
                  ]
                }
              ]
            }
          ]
        }
      ]
    },
    "Planning Time": 0.639,
    "Triggers": [],
    "Execution Time": 141.451
  }
]