{
  "Plan": {
    "Node Type": "Aggregate",
    "Strategy": "Plain",
    "Partial Mode": "Finalize",
    "Parallel Aware": false,
    "Startup Cost": 207408.99,
    "Total Cost": 207409.0,
    "Plan Rows": 1,
    "Plan Width": 8,
    "Actual Startup Time": 733.992,
    "Actual Total Time": 752.557,
    "Actual Rows": 1,
    "Actual Loops": 1,
    "Plans": [
      {
        "Node Type": "Gather",
        "Parent Relationship": "Outer",
        "Parallel Aware": false,
        "Startup Cost": 207408.88,
        "Total Cost": 207408.99,
        "Plan Rows": 1,
        "Plan Width": 8,
        "Actual Startup Time": 728.909,
        "Actual Total Time": 752.549,
        "Actual Rows": 2,
        "Actual Loops": 1,
        "Workers Planned": 1,
        "Workers Launched": 1,
        "Single Copy": false,
        "Plans": [
          {
            "Node Type": "Aggregate",
            "Strategy": "Plain",
            "Partial Mode": "Partial",
            "Parent Relationship": "Outer",
            "Parallel Aware": false,
            "Startup Cost": 206408.88,
            "Total Cost": 206408.89,
            "Plan Rows": 1,
            "Plan Width": 8,
            "Actual Startup Time": 722.587,
            "Actual Total Time": 722.593,
            "Actual Rows": 1,
            "Actual Loops": 2,
            "Plans": [
              {
                "Node Type": "Hash Join",
                "Parent Relationship": "Outer",
                "Parallel Aware": true,
                "Join Type": "Inner",
                "Startup Cost": 161674.48,
                "Total Cost": 206325.4,
                "Plan Rows": 33391,
                "Plan Width": 0,
                "Actual Startup Time": 581.836,
                "Actual Total Time": 719.085,
                "Actual Rows": 82108,
                "Actual Loops": 2,
                "Inner Unique": false,
                "Hash Cond": "(mc.movie_id = t.id)",
                "Plans": [
                  {
                    "Node Type": "Seq Scan",
                    "Parent Relationship": "Outer",
                    "Parallel Aware": true,
                    "Relation Name": "movie_companies",
                    "Alias": "mc",
                    "Startup Cost": 0.0,
                    "Total Cost": 41811.73,
                    "Plan Rows": 704738,
                    "Plan Width": 4,
                    "Actual Startup Time": 52.428,
                    "Actual Total Time": 118.582,
                    "Actual Rows": 638356,
                    "Actual Loops": 2,
                    "Filter": "((company_id > 115) AND (company_type_id = 2))",
                    "Rows Removed by Filter": 666208
                  },
                  {
                    "Node Type": "Hash",
                    "Parent Relationship": "Inner",
                    "Parallel Aware": true,
                    "Startup Cost": 160793.65,
                    "Total Cost": 160793.65,
                    "Plan Rows": 70467,
                    "Plan Width": 8,
                    "Actual Startup Time": 526.861,
                    "Actual Total Time": 526.864,
                    "Actual Rows": 72592,
                    "Actual Loops": 2,
                    "Hash Buckets": 262144,
                    "Original Hash Buckets": 131072,
                    "Hash Batches": 1,
                    "Original Hash Batches": 1,
                    "Peak Memory Usage": 8800,
                    "Plans": [
                      {
                        "Node Type": "Merge Join",
                        "Parent Relationship": "Outer",
                        "Parallel Aware": false,
                        "Join Type": "Inner",
                        "Startup Cost": 155853.65,
                        "Total Cost": 160793.65,
                        "Plan Rows": 70467,
                        "Plan Width": 8,
                        "Actual Startup Time": 395.661,
                        "Actual Total Time": 500.008,
                        "Actual Rows": 72592,
                        "Actual Loops": 2,
                        "Inner Unique": false,
                        "Merge Cond": "(t.id = mi_idx.movie_id)",
                        "Plans": [
                          {
                            "Node Type": "Sort",
                            "Parent Relationship": "Outer",
                            "Parallel Aware": false,
                            "Startup Cost": 90454.4,
                            "Total Cost": 91420.61,
                            "Plan Rows": 386486,
                            "Plan Width": 4,
                            "Actual Startup Time": 223.834,
                            "Actual Total Time": 257.743,
                            "Actual Rows": 331144,
                            "Actual Loops": 2,
                            "Sort Key": [
                              "t.id"
                            ],
                            "Sort Method": "quicksort",
                            "Sort Space Used": 30155,
                            "Sort Space Type": "Memory",
                            "Workers": [
                              {
                                "Worker Number": 0,
                                "Sort Method": "quicksort",
                                "Sort Space Used": 25493,
                                "Sort Space Type": "Memory"
                              }
                            ],
                            "Plans": [
                              {
                                "Node Type": "Seq Scan",
                                "Parent Relationship": "Outer",
                                "Parallel Aware": true,
                                "Relation Name": "title",
                                "Alias": "t",
                                "Startup Cost": 0.0,
                                "Total Cost": 54588.39,
                                "Plan Rows": 386486,
                                "Plan Width": 4,
                                "Actual Startup Time": 0.031,
                                "Actual Total Time": 148.654,
                                "Actual Rows": 331417,
                                "Actual Loops": 2,
                                "Filter": "(production_year < 1989)",
                                "Rows Removed by Filter": 932739
                              }
                            ]
                          },
                          {
                            "Node Type": "Sort",
                            "Parent Relationship": "Inner",
                            "Parallel Aware": false,
                            "Startup Cost": 65399.21,
                            "Total Cost": 66551.66,
                            "Plan Rows": 460978,
                            "Plan Width": 4,
                            "Actual Startup Time": 171.813,
                            "Actual Total Time": 189.12,
                            "Actual Rows": 460185,
                            "Actual Loops": 2,
                            "Sort Key": [
                              "mi_idx.movie_id"
                            ],
                            "Sort Method": "quicksort",
                            "Sort Space Used": 33860,
                            "Sort Space Type": "Memory",
                            "Workers": [
                              {
                                "Worker Number": 0,
                                "Sort Method": "quicksort",
                                "Sort Space Used": 33860,
                                "Sort Space Type": "Memory"
                              }
                            ],
                            "Plans": [
                              {
                                "Node Type": "Bitmap Heap Scan",
                                "Parent Relationship": "Outer",
                                "Parallel Aware": false,
                                "Relation Name": "movie_info_idx",
                                "Alias": "mi_idx",
                                "Startup Cost": 8337.01,
                                "Total Cost": 22034.23,
                                "Plan Rows": 460978,
                                "Plan Width": 4,
                                "Actual Startup Time": 20.926,
                                "Actual Total Time": 78.148,
                                "Actual Rows": 460185,
                                "Actual Loops": 2,
                                "Recheck Cond": "(info_type_id > 100)",
                                "Rows Removed by Index Recheck": 0,
                                "Exact Heap Blocks": 7935,
                                "Lossy Heap Blocks": 0,
                                "Plans": [
                                  {
                                    "Node Type": "Bitmap Index Scan",
                                    "Parent Relationship": "Outer",
                                    "Parallel Aware": false,
                                    "Index Name": "info_type_id_movie_info_idx",
                                    "Startup Cost": 0.0,
                                    "Total Cost": 8221.76,
                                    "Plan Rows": 460978,
                                    "Plan Width": 0,
                                    "Actual Startup Time": 19.992,
                                    "Actual Total Time": 19.992,
                                    "Actual Rows": 460185,
                                    "Actual Loops": 2,
                                    "Index Cond": "(info_type_id > 100)"
                                  }
                                ]
                              }
                            ]
                          }
                        ]
                      }
                    ]
                  }
                ]
              }
            ]
          }
        ]
      }
    ]
  },
  "Planning Time": 1.127,
  "Triggers": [],
  "Execution Time": 752.681
}