[
  {
    "Plan": {
      "Node Type": "Aggregate",
      "Strategy": "Plain",
      "Partial Mode": "Finalize",
      "Parallel Aware": false,
      "Startup Cost": 46777.89,
      "Total Cost": 46777.9,
      "Plan Rows": 1,
      "Plan Width": 8,
      "Actual Startup Time": 95.69,
      "Actual Total Time": 108.089,
      "Actual Rows": 1,
      "Actual Loops": 1,
      "Plans": [
        {
          "Node Type": "Gather",
          "Parent Relationship": "Outer",
          "Parallel Aware": false,
          "Startup Cost": 46777.47,
          "Total Cost": 46777.88,
          "Plan Rows": 4,
          "Plan Width": 8,
          "Actual Startup Time": 95.397,
          "Actual Total Time": 108.077,
          "Actual Rows": 5,
          "Actual Loops": 1,
          "Workers Planned": 4,
          "Workers Launched": 4,
          "Single Copy": false,
          "Plans": [
            {
              "Node Type": "Aggregate",
              "Strategy": "Plain",
              "Partial Mode": "Partial",
              "Parent Relationship": "Outer",
              "Parallel Aware": false,
              "Startup Cost": 45777.47,
              "Total Cost": 45777.48,
              "Plan Rows": 1,
              "Plan Width": 8,
              "Actual Startup Time": 89.965,
              "Actual Total Time": 89.966,
              "Actual Rows": 1,
              "Actual Loops": 5,
              "Plans": [
                {
                  "Node Type": "Seq Scan",
                  "Parent Relationship": "Outer",
                  "Parallel Aware": true,
                  "Relation Name": "title",
                  "Alias": "t",
                  "Startup Cost": 0.0,
                  "Total Cost": 45479.59,
                  "Plan Rows": 119154,
                  "Plan Width": 0,
                  "Actual Startup Time": 0.029,
                  "Actual Total Time": 84.272,
                  "Actual Rows": 103665,
                  "Actual Loops": 5,
                  "Filter": "((production_year > 2007) AND (kind_id = 7))",
                  "Rows Removed by Filter": 401997
                }
              ]
            }
          ]
        }
      ]
    },
    "Planning Time": 0.153,
    "Triggers": [],
    "Execution Time": 108.139
  }
]