[
  {
    "Plan": {
      "Node Type": "Aggregate",
      "Strategy": "Plain",
      "Partial Mode": "Finalize",
      "Parallel Aware": false,
      "Startup Cost": 46778.43,
      "Total Cost": 46778.44,
      "Plan Rows": 1,
      "Plan Width": 8,
      "Actual Startup Time": 105.651,
      "Actual Total Time": 116.902,
      "Actual Rows": 1,
      "Actual Loops": 1,
      "Plans": [
        {
          "Node Type": "Gather",
          "Parent Relationship": "Outer",
          "Parallel Aware": false,
          "Startup Cost": 46778.01,
          "Total Cost": 46778.42,
          "Plan Rows": 4,
          "Plan Width": 8,
          "Actual Startup Time": 105.321,
          "Actual Total Time": 116.893,
          "Actual Rows": 5,
          "Actual Loops": 1,
          "Workers Planned": 4,
          "Workers Launched": 4,
          "Single Copy": false,
          "Plans": [
            {
              "Node Type": "Aggregate",
              "Strategy": "Plain",
              "Partial Mode": "Partial",
              "Parent Relationship": "Outer",
              "Parallel Aware": false,
              "Startup Cost": 45778.01,
              "Total Cost": 45778.02,
              "Plan Rows": 1,
              "Plan Width": 8,
              "Actual Startup Time": 96.101,
              "Actual Total Time": 96.102,
              "Actual Rows": 1,
              "Actual Loops": 5,
              "Plans": [
                {
                  "Node Type": "Seq Scan",
                  "Parent Relationship": "Outer",
                  "Parallel Aware": true,
                  "Relation Name": "title",
                  "Alias": "t",
                  "Startup Cost": 0.0,
                  "Total Cost": 45479.1,
                  "Plan Rows": 119563,
                  "Plan Width": 0,
                  "Actual Startup Time": 0.044,
                  "Actual Total Time": 89.465,
                  "Actual Rows": 103665,
                  "Actual Loops": 5,
                  "Filter": "((production_year > 2007) AND (kind_id = 7))",
                  "Rows Removed by Filter": 401997
                }
              ]
            }
          ]
        }
      ]
    },
    "Planning Time": 0.164,
    "Triggers": [],
    "Execution Time": 116.956
  }
]