[
  {
    "Plan": {
      "Node Type": "Aggregate",
      "Strategy": "Plain",
      "Partial Mode": "Finalize",
      "Parallel Aware": false,
      "Startup Cost": 45007.92,
      "Total Cost": 45007.93,
      "Plan Rows": 1,
      "Plan Width": 8,
      "Actual Startup Time": 121.635,
      "Actual Total Time": 131.472,
      "Actual Rows": 1,
      "Actual Loops": 1,
      "Plans": [
        {
          "Node Type": "Gather",
          "Parent Relationship": "Outer",
          "Parallel Aware": false,
          "Startup Cost": 45007.6,
          "Total Cost": 45007.91,
          "Plan Rows": 3,
          "Plan Width": 8,
          "Actual Startup Time": 121.468,
          "Actual Total Time": 131.463,
          "Actual Rows": 4,
          "Actual Loops": 1,
          "Workers Planned": 3,
          "Workers Launched": 3,
          "Single Copy": false,
          "Plans": [
            {
              "Node Type": "Aggregate",
              "Strategy": "Plain",
              "Partial Mode": "Partial",
              "Parent Relationship": "Outer",
              "Parallel Aware": false,
              "Startup Cost": 44007.6,
              "Total Cost": 44007.61,
              "Plan Rows": 1,
              "Plan Width": 8,
              "Actual Startup Time": 117.28,
              "Actual Total Time": 117.281,
              "Actual Rows": 1,
              "Actual Loops": 4,
              "Plans": [
                {
                  "Node Type": "Seq Scan",
                  "Parent Relationship": "Outer",
                  "Parallel Aware": true,
                  "Relation Name": "movie_keyword",
                  "Alias": "mk",
                  "Startup Cost": 0.0,
                  "Total Cost": 42695.65,
                  "Plan Rows": 524778,
                  "Plan Width": 0,
                  "Actual Startup Time": 1.3,
                  "Actual Total Time": 99.577,
                  "Actual Rows": 403874,
                  "Actual Loops": 4,
                  "Filter": "(keyword_id > 9349)",
                  "Rows Removed by Filter": 727109
                }
              ]
            }
          ]
        }
      ]
    },
    "Planning Time": 0.196,
    "Triggers": [],
    "Execution Time": 131.528
  }
]