{
    "Plan": {
        "Node Type": "Aggregate",
        "Strategy": "Plain",
        "Partial Mode": "Finalize",
        "Parallel Aware": false,
        "Startup Cost": 460320.23,
        "Total Cost": 460320.24,
        "Plan Rows": 1,
        "Plan Width": 8,
        "Actual Startup Time": 3074.93,
        "Actual Total Time": 3132.516,
        "Actual Rows": 1,
        "Actual Loops": 1,
        "Output": [
            "count(*)"
        ],
        "Plans": [
            {
                "Node Type": "Gather",
                "Parent Relationship": "Outer",
                "Parallel Aware": false,
                "Startup Cost": 460319.6,
                "Total Cost": 460320.21,
                "Plan Rows": 6,
                "Plan Width": 8,
                "Actual Startup Time": 3054.351,
                "Actual Total Time": 3132.507,
                "Actual Rows": 7,
                "Actual Loops": 1,
                "Output": [
                    "(PARTIAL count(*))"
                ],
                "Workers Planned": 6,
                "Workers Launched": 6,
                "Single Copy": false,
                "Plans": [
                    {
                        "Node Type": "Aggregate",
                        "Strategy": "Plain",
                        "Partial Mode": "Partial",
                        "Parent Relationship": "Outer",
                        "Parallel Aware": false,
                        "Startup Cost": 459319.6,
                        "Total Cost": 459319.61,
                        "Plan Rows": 1,
                        "Plan Width": 8,
                        "Actual Startup Time": 3036.038,
                        "Actual Total Time": 3036.044,
                        "Actual Rows": 1,
                        "Actual Loops": 7,
                        "Output": [
                            "PARTIAL count(*)"
                        ],
                        "Workers": [
                            {
                                "Worker Number": 0,
                                "Actual Startup Time": 3033.112,
                                "Actual Total Time": 3033.116,
                                "Actual Rows": 1,
                                "Actual Loops": 1
                            },
                            {
                                "Worker Number": 1,
                                "Actual Startup Time": 3033.031,
                                "Actual Total Time": 3033.037,
                                "Actual Rows": 1,
                                "Actual Loops": 1
                            },
                            {
                                "Worker Number": 2,
                                "Actual Startup Time": 3033.106,
                                "Actual Total Time": 3033.11,
                                "Actual Rows": 1,
                                "Actual Loops": 1
                            },
                            {
                                "Worker Number": 3,
                                "Actual Startup Time": 3033.169,
                                "Actual Total Time": 3033.173,
                                "Actual Rows": 1,
                                "Actual Loops": 1
                            },
                            {
                                "Worker Number": 4,
                                "Actual Startup Time": 3033.121,
                                "Actual Total Time": 3033.126,
                                "Actual Rows": 1,
                                "Actual Loops": 1
                            },
                            {
                                "Worker Number": 5,
                                "Actual Startup Time": 3033.439,
                                "Actual Total Time": 3033.444,
                                "Actual Rows": 1,
                                "Actual Loops": 1
                            }
                        ],
                        "Plans": [
                            {
                                "Node Type": "Hash Join",
                                "Parent Relationship": "Outer",
                                "Parallel Aware": true,
                                "Join Type": "Inner",
                                "Startup Cost": 98476.11,
                                "Total Cost": 451482.71,
                                "Plan Rows": 3134756,
                                "Plan Width": 0,
                                "Actual Startup Time": 698.182,
                                "Actual Total Time": 2662.88,
                                "Actual Rows": 8832077,
                                "Actual Loops": 7,
                                "Inner Unique": false,
                                "Hash Cond": "(ci.movie_id = t.id)",
                                "Workers": [
                                    {
                                        "Worker Number": 0,
                                        "Actual Startup Time": 695.69,
                                        "Actual Total Time": 2640.435,
                                        "Actual Rows": 7407977,
                                        "Actual Loops": 1
                                    },
                                    {
                                        "Worker Number": 1,
                                        "Actual Startup Time": 695.579,
                                        "Actual Total Time": 2633.579,
                                        "Actual Rows": 7400219,
                                        "Actual Loops": 1
                                    },
                                    {
                                        "Worker Number": 2,
                                        "Actual Startup Time": 695.705,
                                        "Actual Total Time": 2673.41,
                                        "Actual Rows": 9299017,
                                        "Actual Loops": 1
                                    },
                                    {
                                        "Worker Number": 3,
                                        "Actual Startup Time": 695.668,
                                        "Actual Total Time": 2668.292,
                                        "Actual Rows": 9497281,
                                        "Actual Loops": 1
                                    },
                                    {
                                        "Worker Number": 4,
                                        "Actual Startup Time": 695.691,
                                        "Actual Total Time": 2669.88,
                                        "Actual Rows": 9449377,
                                        "Actual Loops": 1
                                    },
                                    {
                                        "Worker Number": 5,
                                        "Actual Startup Time": 695.946,
                                        "Actual Total Time": 2693.413,
                                        "Actual Rows": 8911890,
                                        "Actual Loops": 1
                                    }
                                ],
                                "Plans": [
                                    {
                                        "Node Type": "Seq Scan",
                                        "Parent Relationship": "Outer",
                                        "Parallel Aware": true,
                                        "Relation Name": "cast_info",
                                        "Schema": "public",
                                        "Alias": "ci",
                                        "Startup Cost": 0.0,
                                        "Total Cost": 328213.62,
                                        "Plan Rows": 3914897,
                                        "Plan Width": 4,
                                        "Actual Startup Time": 198.748,
                                        "Actual Total Time": 681.917,
                                        "Actual Rows": 3367665,
                                        "Actual Loops": 7,
                                        "Output": [
                                            "ci.id",
                                            "ci.person_id",
                                            "ci.movie_id",
                                            "ci.person_role_id",
                                            "ci.note",
                                            "ci.nr_order",
                                            "ci.role_id"
                                        ],
                                        "Filter": "(ci.role_id > 1)",
                                        "Rows Removed by Filter": 1810098,
                                        "Workers": [
                                            {
                                                "Worker Number": 0,
                                                "Actual Startup Time": 198.647,
                                                "Actual Total Time": 705.936,
                                                "Actual Rows": 2699829,
                                                "Actual Loops": 1
                                            },
                                            {
                                                "Worker Number": 1,
                                                "Actual Startup Time": 198.743,
                                                "Actual Total Time": 700.422,
                                                "Actual Rows": 2665220,
                                                "Actual Loops": 1
                                            },
                                            {
                                                "Worker Number": 2,
                                                "Actual Startup Time": 198.774,
                                                "Actual Total Time": 702.985,
                                                "Actual Rows": 3613193,
                                                "Actual Loops": 1
                                            },
                                            {
                                                "Worker Number": 3,
                                                "Actual Startup Time": 198.769,
                                                "Actual Total Time": 687.415,
                                                "Actual Rows": 3677112,
                                                "Actual Loops": 1
                                            },
                                            {
                                                "Worker Number": 4,
                                                "Actual Startup Time": 198.782,
                                                "Actual Total Time": 686.365,
                                                "Actual Rows": 3670020,
                                                "Actual Loops": 1
                                            },
                                            {
                                                "Worker Number": 5,
                                                "Actual Startup Time": 198.771,
                                                "Actual Total Time": 674.979,
                                                "Actual Rows": 3444130,
                                                "Actual Loops": 1
                                            }
                                        ]
                                    },
                                    {
                                        "Node Type": "Hash",
                                        "Parent Relationship": "Inner",
                                        "Parallel Aware": true,
                                        "Startup Cost": 90312.84,
                                        "Total Cost": 90312.84,
                                        "Plan Rows": 653062,
                                        "Plan Width": 8,
                                        "Actual Startup Time": 494.547,
                                        "Actual Total Time": 494.552,
                                        "Actual Rows": 377723,
                                        "Actual Loops": 7,
                                        "Output": [
                                            "t.id",
                                            "mk.movie_id"
                                        ],
                                        "Hash Buckets": 4194304,
                                        "Original Hash Buckets": 2097152,
                                        "Hash Batches": 1,
                                        "Original Hash Batches": 1,
                                        "Peak Memory Usage": 152704,
                                        "Workers": [
                                            {
                                                "Worker Number": 0,
                                                "Actual Startup Time": 496.065,
                                                "Actual Total Time": 496.069,
                                                "Actual Rows": 277084,
                                                "Actual Loops": 1
                                            },
                                            {
                                                "Worker Number": 1,
                                                "Actual Startup Time": 496.205,
                                                "Actual Total Time": 496.209,
                                                "Actual Rows": 276078,
                                                "Actual Loops": 1
                                            },
                                            {
                                                "Worker Number": 2,
                                                "Actual Startup Time": 496.255,
                                                "Actual Total Time": 496.259,
                                                "Actual Rows": 413506,
                                                "Actual Loops": 1
                                            },
                                            {
                                                "Worker Number": 3,
                                                "Actual Startup Time": 496.228,
                                                "Actual Total Time": 496.231,
                                                "Actual Rows": 414247,
                                                "Actual Loops": 1
                                            },
                                            {
                                                "Worker Number": 4,
                                                "Actual Startup Time": 496.233,
                                                "Actual Total Time": 496.236,
                                                "Actual Rows": 420301,
                                                "Actual Loops": 1
                                            },
                                            {
                                                "Worker Number": 5,
                                                "Actual Startup Time": 496.563,
                                                "Actual Total Time": 496.567,
                                                "Actual Rows": 386132,
                                                "Actual Loops": 1
                                            }
                                        ],
                                        "Plans": [
                                            {
                                                "Node Type": "Hash Join",
                                                "Parent Relationship": "Outer",
                                                "Parallel Aware": true,
                                                "Join Type": "Inner",
                                                "Startup Cost": 47434.76,
                                                "Total Cost": 90312.84,
                                                "Plan Rows": 653062,
                                                "Plan Width": 8,
                                                "Actual Startup Time": 164.096,
                                                "Actual Total Time": 338.249,
                                                "Actual Rows": 377723,
                                                "Actual Loops": 7,
                                                "Output": [
                                                    "t.id",
                                                    "mk.movie_id"
                                                ],
                                                "Inner Unique": true,
                                                "Hash Cond": "(mk.movie_id = t.id)",
                                                "Workers": [
                                                    {
                                                        "Worker Number": 0,
                                                        "Actual Startup Time": 164.154,
                                                        "Actual Total Time": 338.831,
                                                        "Actual Rows": 277084,
                                                        "Actual Loops": 1
                                                    },
                                                    {
                                                        "Worker Number": 1,
                                                        "Actual Startup Time": 164.067,
                                                        "Actual Total Time": 338.708,
                                                        "Actual Rows": 276078,
                                                        "Actual Loops": 1
                                                    },
                                                    {
                                                        "Worker Number": 2,
                                                        "Actual Startup Time": 164.066,
                                                        "Actual Total Time": 339.746,
                                                        "Actual Rows": 413506,
                                                        "Actual Loops": 1
                                                    },
                                                    {
                                                        "Worker Number": 3,
                                                        "Actual Startup Time": 164.034,
                                                        "Actual Total Time": 337.934,
                                                        "Actual Rows": 414247,
                                                        "Actual Loops": 1
                                                    },
                                                    {
                                                        "Worker Number": 4,
                                                        "Actual Startup Time": 164.059,
                                                        "Actual Total Time": 339.348,
                                                        "Actual Rows": 420301,
                                                        "Actual Loops": 1
                                                    },
                                                    {
                                                        "Worker Number": 5,
                                                        "Actual Startup Time": 164.025,
                                                        "Actual Total Time": 337.782,
                                                        "Actual Rows": 386132,
                                                        "Actual Loops": 1
                                                    }
                                                ],
                                                "Plans": [
                                                    {
                                                        "Node Type": "Seq Scan",
                                                        "Parent Relationship": "Outer",
                                                        "Parallel Aware": true,
                                                        "Relation Name": "movie_keyword",
                                                        "Schema": "public",
                                                        "Alias": "mk",
                                                        "Startup Cost": 0.0,
                                                        "Total Cost": 39047.32,
                                                        "Plan Rows": 1459332,
                                                        "Plan Width": 4,
                                                        "Actual Startup Time": 0.014,
                                                        "Actual Total Time": 68.132,
                                                        "Actual Rows": 646276,
                                                        "Actual Loops": 7,
                                                        "Output": [
                                                            "mk.id",
                                                            "mk.movie_id",
                                                            "mk.keyword_id"
                                                        ],
                                                        "Workers": [
                                                            {
                                                                "Worker Number": 0,
                                                                "Actual Startup Time": 0.019,
                                                                "Actual Total Time": 69.298,
                                                                "Actual Rows": 471195,
                                                                "Actual Loops": 1
                                                            },
                                                            {
                                                                "Worker Number": 1,
                                                                "Actual Startup Time": 0.019,
                                                                "Actual Total Time": 69.88,
                                                                "Actual Rows": 476005,
                                                                "Actual Loops": 1
                                                            },
                                                            {
                                                                "Worker Number": 2,
                                                                "Actual Startup Time": 0.016,
                                                                "Actual Total Time": 70.676,
                                                                "Actual Rows": 709105,
                                                                "Actual Loops": 1
                                                            },
                                                            {
                                                                "Worker Number": 3,
                                                                "Actual Startup Time": 0.013,
                                                                "Actual Total Time": 69.986,
                                                                "Actual Rows": 701150,
                                                                "Actual Loops": 1
                                                            },
                                                            {
                                                                "Worker Number": 4,
                                                                "Actual Startup Time": 0.011,
                                                                "Actual Total Time": 70.487,
                                                                "Actual Rows": 714100,
                                                                "Actual Loops": 1
                                                            },
                                                            {
                                                                "Worker Number": 5,
                                                                "Actual Startup Time": 0.015,
                                                                "Actual Total Time": 70.488,
                                                                "Actual Rows": 653975,
                                                                "Actual Loops": 1
                                                            }
                                                        ]
                                                    },
                                                    {
                                                        "Node Type": "Hash",
                                                        "Parent Relationship": "Inner",
                                                        "Parallel Aware": true,
                                                        "Startup Cost": 43899.01,
                                                        "Total Cost": 43899.01,
                                                        "Plan Rows": 282860,
                                                        "Plan Width": 4,
                                                        "Actual Startup Time": 161.831,
                                                        "Actual Total Time": 161.832,
                                                        "Actual Rows": 161908,
                                                        "Actual Loops": 7,
                                                        "Output": [
                                                            "t.id"
                                                        ],
                                                        "Hash Buckets": 2097152,
                                                        "Original Hash Buckets": 2097152,
                                                        "Hash Batches": 1,
                                                        "Original Hash Batches": 1,
                                                        "Peak Memory Usage": 60832,
                                                        "Workers": [
                                                            {
                                                                "Worker Number": 0,
                                                                "Actual Startup Time": 163.947,
                                                                "Actual Total Time": 163.947,
                                                                "Actual Rows": 123392,
                                                                "Actual Loops": 1
                                                            },
                                                            {
                                                                "Worker Number": 1,
                                                                "Actual Startup Time": 163.929,
                                                                "Actual Total Time": 163.93,
                                                                "Actual Rows": 124029,
                                                                "Actual Loops": 1
                                                            },
                                                            {
                                                                "Worker Number": 2,
                                                                "Actual Startup Time": 163.948,
                                                                "Actual Total Time": 163.949,
                                                                "Actual Rows": 165614,
                                                                "Actual Loops": 1
                                                            },
                                                            {
                                                                "Worker Number": 3,
                                                                "Actual Startup Time": 163.945,
                                                                "Actual Total Time": 163.946,
                                                                "Actual Rows": 166381,
                                                                "Actual Loops": 1
                                                            },
                                                            {
                                                                "Worker Number": 4,
                                                                "Actual Startup Time": 163.897,
                                                                "Actual Total Time": 163.897,
                                                                "Actual Rows": 164015,
                                                                "Actual Loops": 1
                                                            },
                                                            {
                                                                "Worker Number": 5,
                                                                "Actual Startup Time": 163.872,
                                                                "Actual Total Time": 163.873,
                                                                "Actual Rows": 146013,
                                                                "Actual Loops": 1
                                                            }
                                                        ],
                                                        "Plans": [
                                                            {
                                                                "Node Type": "Seq Scan",
                                                                "Parent Relationship": "Outer",
                                                                "Parallel Aware": true,
                                                                "Relation Name": "title",
                                                                "Schema": "public",
                                                                "Alias": "t",
                                                                "Startup Cost": 0.0,
                                                                "Total Cost": 43899.01,
                                                                "Plan Rows": 282860,
                                                                "Plan Width": 4,
                                                                "Actual Startup Time": 0.069,
                                                                "Actual Total Time": 77.215,
                                                                "Actual Rows": 161908,
                                                                "Actual Loops": 7,
                                                                "Output": [
                                                                    "t.id"
                                                                ],
                                                                "Filter": "(t.production_year < 2002)",
                                                                "Rows Removed by Filter": 199280,
                                                                "Workers": [
                                                                    {
                                                                        "Worker Number": 0,
                                                                        "Actual Startup Time": 0.078,
                                                                        "Actual Total Time": 80.442,
                                                                        "Actual Rows": 123392,
                                                                        "Actual Loops": 1
                                                                    },
                                                                    {
                                                                        "Worker Number": 1,
                                                                        "Actual Startup Time": 0.077,
                                                                        "Actual Total Time": 80.221,
                                                                        "Actual Rows": 124029,
                                                                        "Actual Loops": 1
                                                                    },
                                                                    {
                                                                        "Worker Number": 2,
                                                                        "Actual Startup Time": 0.077,
                                                                        "Actual Total Time": 78.122,
                                                                        "Actual Rows": 165614,
                                                                        "Actual Loops": 1
                                                                    },
                                                                    {
                                                                        "Worker Number": 3,
                                                                        "Actual Startup Time": 0.067,
                                                                        "Actual Total Time": 78.661,
                                                                        "Actual Rows": 166381,
                                                                        "Actual Loops": 1
                                                                    },
                                                                    {
                                                                        "Worker Number": 4,
                                                                        "Actual Startup Time": 0.076,
                                                                        "Actual Total Time": 77.989,
                                                                        "Actual Rows": 164015,
                                                                        "Actual Loops": 1
                                                                    },
                                                                    {
                                                                        "Worker Number": 5,
                                                                        "Actual Startup Time": 0.09,
                                                                        "Actual Total Time": 76.652,
                                                                        "Actual Rows": 146013,
                                                                        "Actual Loops": 1
                                                                    }
                                                                ]
                                                            }
                                                        ]
                                                    }
                                                ]
                                            }
                                        ]
                                    }
                                ]
                            }
                        ]
                    }
                ]
            }
        ]
    },
    "Planning Time": 1.389,
    "Triggers": [],
    "Execution Time": 3132.609
}