{
  "Plan": {
    "Node Type": "Aggregate",
    "Strategy": "Plain",
    "Partial Mode": "Finalize",
    "Parallel Aware": false,
    "Startup Cost": 584863.29,
    "Total Cost": 584863.3,
    "Plan Rows": 1,
    "Plan Width": 8,
    "Actual Startup Time": 1106.496,
    "Actual Total Time": 1142.191,
    "Actual Rows": 1,
    "Actual Loops": 1,
    "Plans": [
      {
        "Node Type": "Gather",
        "Parent Relationship": "Outer",
        "Parallel Aware": false,
        "Startup Cost": 584863.17,
        "Total Cost": 584863.28,
        "Plan Rows": 1,
        "Plan Width": 8,
        "Actual Startup Time": 1105.975,
        "Actual Total Time": 1142.183,
        "Actual Rows": 2,
        "Actual Loops": 1,
        "Workers Planned": 1,
        "Workers Launched": 1,
        "Single Copy": false,
        "Plans": [
          {
            "Node Type": "Aggregate",
            "Strategy": "Plain",
            "Partial Mode": "Partial",
            "Parent Relationship": "Outer",
            "Parallel Aware": false,
            "Startup Cost": 583863.17,
            "Total Cost": 583863.18,
            "Plan Rows": 1,
            "Plan Width": 8,
            "Actual Startup Time": 1099.708,
            "Actual Total Time": 1099.712,
            "Actual Rows": 1,
            "Actual Loops": 2,
            "Plans": [
              {
                "Node Type": "Nested Loop",
                "Parent Relationship": "Outer",
                "Parallel Aware": false,
                "Join Type": "Inner",
                "Startup Cost": 152698.86,
                "Total Cost": 582788.28,
                "Plan Rows": 429958,
                "Plan Width": 0,
                "Actual Startup Time": 294.404,
                "Actual Total Time": 1086.793,
                "Actual Rows": 281305,
                "Actual Loops": 2,
                "Inner Unique": false,
                "Join Filter": "(t.id = mi.movie_id)",
                "Rows Removed by Join Filter": 0,
                "Plans": [
                  {
                    "Node Type": "Hash Join",
                    "Parent Relationship": "Outer",
                    "Parallel Aware": true,
                    "Join Type": "Inner",
                    "Startup Cost": 152698.43,
                    "Total Cost": 443187.56,
                    "Plan Rows": 73531,
                    "Plan Width": 8,
                    "Actual Startup Time": 294.248,
                    "Actual Total Time": 772.106,
                    "Actual Rows": 73679,
                    "Actual Loops": 2,
                    "Inner Unique": true,
                    "Hash Cond": "(ci.movie_id = t.id)",
                    "Plans": [
                      {
                        "Node Type": "Bitmap Heap Scan",
                        "Parent Relationship": "Outer",
                        "Parallel Aware": true,
                        "Relation Name": "cast_info",
                        "Alias": "ci",
                        "Startup Cost": 93845.02,
                        "Total Cost": 377773.44,
                        "Plan Rows": 2499314,
                        "Plan Width": 4,
                        "Actual Startup Time": 140.857,
                        "Actual Total Time": 353.496,
                        "Actual Rows": 2178610,
                        "Actual Loops": 2,
                        "Recheck Cond": "(person_id < 420391)",
                        "Rows Removed by Index Recheck": 0,
                        "Exact Heap Blocks": 25309,
                        "Lossy Heap Blocks": 0,
                        "Plans": [
                          {
                            "Node Type": "Bitmap Index Scan",
                            "Parent Relationship": "Outer",
                            "Parallel Aware": false,
                            "Index Name": "person_id_cast_info",
                            "Startup Cost": 0.0,
                            "Total Cost": 92782.81,
                            "Plan Rows": 4248833,
                            "Plan Width": 0,
                            "Actual Startup Time": 133.539,
                            "Actual Total Time": 133.54,
                            "Actual Rows": 4357219,
                            "Actual Loops": 1,
                            "Index Cond": "(person_id < 420391)"
                          }
                        ]
                      },
                      {
                        "Node Type": "Hash",
                        "Parent Relationship": "Inner",
                        "Parallel Aware": true,
                        "Startup Cost": 58306.47,
                        "Total Cost": 58306.47,
                        "Plan Rows": 43755,
                        "Plan Width": 4,
                        "Actual Startup Time": 151.055,
                        "Actual Total Time": 151.056,
                        "Actual Rows": 42054,
                        "Actual Loops": 2,
                        "Hash Buckets": 131072,
                        "Original Hash Buckets": 131072,
                        "Hash Batches": 1,
                        "Original Hash Batches": 1,
                        "Peak Memory Usage": 4352,
                        "Plans": [
                          {
                            "Node Type": "Seq Scan",
                            "Parent Relationship": "Outer",
                            "Parallel Aware": true,
                            "Relation Name": "title",
                            "Alias": "t",
                            "Startup Cost": 0.0,
                            "Total Cost": 58306.47,
                            "Plan Rows": 43755,
                            "Plan Width": 4,
                            "Actual Startup Time": 0.037,
                            "Actual Total Time": 139.46,
                            "Actual Rows": 42054,
                            "Actual Loops": 2,
                            "Filter": "((kind_id = 7) AND (production_year = 2008))",
                            "Rows Removed by Filter": 1222102
                          }
                        ]
                      }
                    ]
                  },
                  {
                    "Node Type": "Index Only Scan",
                    "Parent Relationship": "Inner",
                    "Parallel Aware": false,
                    "Scan Direction": "Forward",
                    "Index Name": "movie_id_movie_info",
                    "Relation Name": "movie_info",
                    "Alias": "mi",
                    "Startup Cost": 0.43,
                    "Total Cost": 1.37,
                    "Plan Rows": 42,
                    "Plan Width": 4,
                    "Actual Startup Time": 0.002,
                    "Actual Total Time": 0.004,
                    "Actual Rows": 4,
                    "Actual Loops": 147358,
                    "Index Cond": "(movie_id = ci.movie_id)",
                    "Rows Removed by Index Recheck": 0,
                    "Heap Fetches": 562610
                  }
                ]
              }
            ]
          }
        ]
      }
    ]
  },
  "Planning Time": 0.99,
  "Triggers": [],
  "Execution Time": 1142.309
}