[
  {
    "Plan": {
      "Node Type": "Aggregate",
      "Strategy": "Plain",
      "Partial Mode": "Finalize",
      "Parallel Aware": false,
      "Startup Cost": 26340.99,
      "Total Cost": 26341.0,
      "Plan Rows": 1,
      "Plan Width": 8,
      "Actual Startup Time": 83.07,
      "Actual Total Time": 89.021,
      "Actual Rows": 1,
      "Actual Loops": 1,
      "Plans": [
        {
          "Node Type": "Gather",
          "Parent Relationship": "Outer",
          "Parallel Aware": false,
          "Startup Cost": 26340.67,
          "Total Cost": 26340.98,
          "Plan Rows": 3,
          "Plan Width": 8,
          "Actual Startup Time": 82.869,
          "Actual Total Time": 89.014,
          "Actual Rows": 4,
          "Actual Loops": 1,
          "Workers Planned": 3,
          "Workers Launched": 3,
          "Single Copy": false,
          "Plans": [
            {
              "Node Type": "Aggregate",
              "Strategy": "Plain",
              "Partial Mode": "Partial",
              "Parent Relationship": "Outer",
              "Parallel Aware": false,
              "Startup Cost": 25340.67,
              "Total Cost": 25340.68,
              "Plan Rows": 1,
              "Plan Width": 8,
              "Actual Startup Time": 75.365,
              "Actual Total Time": 75.368,
              "Actual Rows": 1,
              "Actual Loops": 4,
              "Plans": [
                {
                  "Node Type": "Bitmap Heap Scan",
                  "Parent Relationship": "Outer",
                  "Parallel Aware": true,
                  "Relation Name": "movie_companies",
                  "Alias": "mc",
                  "Startup Cost": 5355.19,
                  "Total Cost": 25141.43,
                  "Plan Rows": 79699,
                  "Plan Width": 0,
                  "Actual Startup Time": 27.388,
                  "Actual Total Time": 70.758,
                  "Actual Rows": 61510,
                  "Actual Loops": 4,
                  "Recheck Cond": "(company_id < 115)",
                  "Rows Removed by Index Recheck": 0,
                  "Exact Heap Blocks": 10526,
                  "Lossy Heap Blocks": 0,
                  "Plans": [
                    {
                      "Node Type": "Bitmap Index Scan",
                      "Parent Relationship": "Outer",
                      "Parallel Aware": false,
                      "Index Name": "company_id_movie_companies",
                      "Startup Cost": 0.0,
                      "Total Cost": 5293.43,
                      "Plan Rows": 247066,
                      "Plan Width": 0,
                      "Actual Startup Time": 30.272,
                      "Actual Total Time": 30.272,
                      "Actual Rows": 246042,
                      "Actual Loops": 1,
                      "Index Cond": "(company_id < 115)"
                    }
                  ]
                }
              ]
            }
          ]
        }
      ]
    },
    "Planning Time": 0.169,
    "Triggers": [],
    "Execution Time": 89.092
  }
]