{
  "Plan": {
    "Node Type": "Aggregate",
    "Strategy": "Plain",
    "Partial Mode": "Finalize",
    "Parallel Aware": false,
    "Startup Cost": 21574.18,
    "Total Cost": 21574.19,
    "Plan Rows": 1,
    "Plan Width": 8,
    "Actual Startup Time": 35.283,
    "Actual Total Time": 39.33,
    "Actual Rows": 1,
    "Actual Loops": 1,
    "Plans": [
      {
        "Node Type": "Gather",
        "Parent Relationship": "Outer",
        "Parallel Aware": false,
        "Startup Cost": 21574.07,
        "Total Cost": 21574.18,
        "Plan Rows": 1,
        "Plan Width": 8,
        "Actual Startup Time": 35.015,
        "Actual Total Time": 39.324,
        "Actual Rows": 2,
        "Actual Loops": 1,
        "Workers Planned": 1,
        "Workers Launched": 1,
        "Single Copy": false,
        "Plans": [
          {
            "Node Type": "Aggregate",
            "Strategy": "Plain",
            "Partial Mode": "Partial",
            "Parent Relationship": "Outer",
            "Parallel Aware": false,
            "Startup Cost": 20574.07,
            "Total Cost": 20574.08,
            "Plan Rows": 1,
            "Plan Width": 8,
            "Actual Startup Time": 29.208,
            "Actual Total Time": 29.209,
            "Actual Rows": 1,
            "Actual Loops": 2,
            "Plans": [
              {
                "Node Type": "Nested Loop",
                "Parent Relationship": "Outer",
                "Parallel Aware": false,
                "Join Type": "Inner",
                "Startup Cost": 56.16,
                "Total Cost": 20569.14,
                "Plan Rows": 1969,
                "Plan Width": 0,
                "Actual Startup Time": 1.297,
                "Actual Total Time": 28.688,
                "Actual Rows": 4746,
                "Actual Loops": 2,
                "Inner Unique": false,
                "Plans": [
                  {
                    "Node Type": "Nested Loop",
                    "Parent Relationship": "Outer",
                    "Parallel Aware": false,
                    "Join Type": "Inner",
                    "Startup Cost": 55.73,
                    "Total Cost": 18056.37,
                    "Plan Rows": 1432,
                    "Plan Width": 8,
                    "Actual Startup Time": 1.185,
                    "Actual Total Time": 16.781,
                    "Actual Rows": 1681,
                    "Actual Loops": 2,
                    "Inner Unique": true,
                    "Plans": [
                      {
                        "Node Type": "Bitmap Heap Scan",
                        "Parent Relationship": "Outer",
                        "Parallel Aware": true,
                        "Relation Name": "movie_companies",
                        "Alias": "mc",
                        "Startup Cost": 55.3,
                        "Total Cost": 6827.58,
                        "Plan Rows": 1432,
                        "Plan Width": 4,
                        "Actual Startup Time": 1.046,
                        "Actual Total Time": 4.433,
                        "Actual Rows": 1681,
                        "Actual Loops": 2,
                        "Recheck Cond": "(company_id = 401)",
                        "Rows Removed by Index Recheck": 0,
                        "Exact Heap Blocks": 1414,
                        "Lossy Heap Blocks": 0,
                        "Plans": [
                          {
                            "Node Type": "Bitmap Index Scan",
                            "Parent Relationship": "Outer",
                            "Parallel Aware": false,
                            "Index Name": "company_id_movie_companies",
                            "Startup Cost": 0.0,
                            "Total Cost": 54.69,
                            "Plan Rows": 2435,
                            "Plan Width": 0,
                            "Actual Startup Time": 1.514,
                            "Actual Total Time": 1.514,
                            "Actual Rows": 3362,
                            "Actual Loops": 1,
                            "Index Cond": "(company_id = 401)"
                          }
                        ]
                      },
                      {
                        "Node Type": "Index Only Scan",
                        "Parent Relationship": "Inner",
                        "Parallel Aware": false,
                        "Scan Direction": "Forward",
                        "Index Name": "title_pkey",
                        "Relation Name": "title",
                        "Alias": "t",
                        "Startup Cost": 0.43,
                        "Total Cost": 7.84,
                        "Plan Rows": 1,
                        "Plan Width": 4,
                        "Actual Startup Time": 0.007,
                        "Actual Total Time": 0.007,
                        "Actual Rows": 1,
                        "Actual Loops": 3362,
                        "Index Cond": "(id = mc.movie_id)",
                        "Rows Removed by Index Recheck": 0,
                        "Heap Fetches": 3362
                      }
                    ]
                  },
                  {
                    "Node Type": "Index Scan",
                    "Parent Relationship": "Inner",
                    "Parallel Aware": false,
                    "Scan Direction": "Forward",
                    "Index Name": "movie_id_movie_keyword",
                    "Relation Name": "movie_keyword",
                    "Alias": "mk",
                    "Startup Cost": 0.43,
                    "Total Cost": 1.4,
                    "Plan Rows": 35,
                    "Plan Width": 4,
                    "Actual Startup Time": 0.005,
                    "Actual Total Time": 0.006,
                    "Actual Rows": 3,
                    "Actual Loops": 3362,
                    "Index Cond": "(movie_id = t.id)",
                    "Rows Removed by Index Recheck": 0,
                    "Filter": "(keyword_id < 16878)",
                    "Rows Removed by Filter": 1
                  }
                ]
              }
            ]
          }
        ]
      }
    ]
  },
  "Planning Time": 0.535,
  "Triggers": [],
  "Execution Time": 39.392
}