{
  "Plan": {
    "Node Type": "Aggregate",
    "Strategy": "Plain",
    "Partial Mode": "Finalize",
    "Parallel Aware": false,
    "Startup Cost": 443558.05,
    "Total Cost": 443558.06,
    "Plan Rows": 1,
    "Plan Width": 8,
    "Actual Startup Time": 2190.428,
    "Actual Total Time": 2245.571,
    "Actual Rows": 1,
    "Actual Loops": 1,
    "Plans": [
      {
        "Node Type": "Gather",
        "Parent Relationship": "Outer",
        "Parallel Aware": false,
        "Startup Cost": 443557.93,
        "Total Cost": 443558.04,
        "Plan Rows": 1,
        "Plan Width": 8,
        "Actual Startup Time": 2185.816,
        "Actual Total Time": 2245.56,
        "Actual Rows": 2,
        "Actual Loops": 1,
        "Workers Planned": 1,
        "Workers Launched": 1,
        "Single Copy": false,
        "Plans": [
          {
            "Node Type": "Aggregate",
            "Strategy": "Plain",
            "Partial Mode": "Partial",
            "Parent Relationship": "Outer",
            "Parallel Aware": false,
            "Startup Cost": 442557.93,
            "Total Cost": 442557.94,
            "Plan Rows": 1,
            "Plan Width": 8,
            "Actual Startup Time": 2177.726,
            "Actual Total Time": 2178.588,
            "Actual Rows": 1,
            "Actual Loops": 2,
            "Plans": [
              {
                "Node Type": "Hash Join",
                "Parent Relationship": "Outer",
                "Parallel Aware": true,
                "Join Type": "Inner",
                "Startup Cost": 136470.14,
                "Total Cost": 436139.77,
                "Plan Rows": 2567266,
                "Plan Width": 0,
                "Actual Startup Time": 918.009,
                "Actual Total Time": 2106.731,
                "Actual Rows": 1471875,
                "Actual Loops": 2,
                "Inner Unique": false,
                "Hash Cond": "(mi.movie_id = t.id)",
                "Plans": [
                  {
                    "Node Type": "Seq Scan",
                    "Parent Relationship": "Outer",
                    "Parallel Aware": true,
                    "Relation Name": "movie_info",
                    "Alias": "mi",
                    "Startup Cost": 0.0,
                    "Total Cost": 270696.42,
                    "Plan Rows": 3699105,
                    "Plan Width": 4,
                    "Actual Startup Time": 39.877,
                    "Actual Total Time": 728.721,
                    "Actual Rows": 3111747,
                    "Actual Loops": 2,
                    "Filter": "(info_type_id > 8)",
                    "Rows Removed by Filter": 4306113
                  },
                  {
                    "Node Type": "Hash",
                    "Parent Relationship": "Inner",
                    "Parallel Aware": true,
                    "Startup Cost": 123567.96,
                    "Total Cost": 123567.96,
                    "Plan Rows": 1032174,
                    "Plan Width": 8,
                    "Actual Startup Time": 861.933,
                    "Actual Total Time": 862.794,
                    "Actual Rows": 218030,
                    "Actual Loops": 2,
                    "Hash Buckets": 2097152,
                    "Original Hash Buckets": 2097152,
                    "Hash Batches": 1,
                    "Original Hash Batches": 1,
                    "Peak Memory Usage": 33472,
                    "Plans": [
                      {
                        "Node Type": "Hash Join",
                        "Parent Relationship": "Outer",
                        "Parallel Aware": true,
                        "Join Type": "Inner",
                        "Startup Cost": 65517.12,
                        "Total Cost": 123567.96,
                        "Plan Rows": 1032174,
                        "Plan Width": 8,
                        "Actual Startup Time": 371.726,
                        "Actual Total Time": 811.077,
                        "Actual Rows": 218030,
                        "Actual Loops": 2,
                        "Inner Unique": true,
                        "Hash Cond": "(mk.movie_id = t.id)",
                        "Plans": [
                          {
                            "Node Type": "Seq Scan",
                            "Parent Relationship": "Outer",
                            "Parallel Aware": true,
                            "Relation Name": "movie_keyword",
                            "Alias": "mk",
                            "Startup Cost": 0.0,
                            "Total Cost": 51065.35,
                            "Plan Rows": 2661135,
                            "Plan Width": 4,
                            "Actual Startup Time": 0.013,
                            "Actual Total Time": 186.339,
                            "Actual Rows": 2261965,
                            "Actual Loops": 2
                          },
                          {
                            "Node Type": "Hash",
                            "Parent Relationship": "Inner",
                            "Parallel Aware": true,
                            "Startup Cost": 58306.47,
                            "Total Cost": 58306.47,
                            "Plan Rows": 576852,
                            "Plan Width": 4,
                            "Actual Startup Time": 367.299,
                            "Actual Total Time": 367.3,
                            "Actual Rows": 537246,
                            "Actual Loops": 2,
                            "Hash Buckets": 2097152,
                            "Original Hash Buckets": 1048576,
                            "Hash Batches": 1,
                            "Original Hash Batches": 1,
                            "Peak Memory Usage": 66656,
                            "Plans": [
                              {
                                "Node Type": "Seq Scan",
                                "Parent Relationship": "Outer",
                                "Parallel Aware": true,
                                "Relation Name": "title",
                                "Alias": "t",
                                "Startup Cost": 0.0,
                                "Total Cost": 58306.47,
                                "Plan Rows": 576852,
                                "Plan Width": 4,
                                "Actual Startup Time": 0.029,
                                "Actual Total Time": 195.44,
                                "Actual Rows": 537246,
                                "Actual Loops": 2,
                                "Filter": "((production_year > 1995) AND (kind_id = 7))",
                                "Rows Removed by Filter": 726910
                              }
                            ]
                          }
                        ]
                      }
                    ]
                  }
                ]
              }
            ]
          }
        ]
      }
    ]
  },
  "Planning Time": 0.925,
  "Triggers": [],
  "Execution Time": 2245.654
}