{
  "Plan": {
    "Node Type": "Aggregate",
    "Strategy": "Plain",
    "Partial Mode": "Finalize",
    "Parallel Aware": false,
    "Startup Cost": 919655.11,
    "Total Cost": 919655.12,
    "Plan Rows": 1,
    "Plan Width": 8,
    "Actual Startup Time": 4747.044,
    "Actual Total Time": 4830.964,
    "Actual Rows": 1,
    "Actual Loops": 1,
    "Plans": [
      {
        "Node Type": "Gather",
        "Parent Relationship": "Outer",
        "Parallel Aware": false,
        "Startup Cost": 919655.0,
        "Total Cost": 919655.11,
        "Plan Rows": 1,
        "Plan Width": 8,
        "Actual Startup Time": 4745.449,
        "Actual Total Time": 4830.955,
        "Actual Rows": 2,
        "Actual Loops": 1,
        "Workers Planned": 1,
        "Workers Launched": 1,
        "Single Copy": false,
        "Plans": [
          {
            "Node Type": "Aggregate",
            "Strategy": "Plain",
            "Partial Mode": "Partial",
            "Parent Relationship": "Outer",
            "Parallel Aware": false,
            "Startup Cost": 918655.0,
            "Total Cost": 918655.01,
            "Plan Rows": 1,
            "Plan Width": 8,
            "Actual Startup Time": 4739.386,
            "Actual Total Time": 4739.392,
            "Actual Rows": 1,
            "Actual Loops": 2,
            "Plans": [
              {
                "Node Type": "Hash Join",
                "Parent Relationship": "Outer",
                "Parallel Aware": true,
                "Join Type": "Inner",
                "Startup Cost": 587442.03,
                "Total Cost": 913574.33,
                "Plan Rows": 2032267,
                "Plan Width": 0,
                "Actual Startup Time": 2549.634,
                "Actual Total Time": 4619.61,
                "Actual Rows": 3045786,
                "Actual Loops": 2,
                "Inner Unique": false,
                "Hash Cond": "(mi.movie_id = t.id)",
                "Plans": [
                  {
                    "Node Type": "Seq Scan",
                    "Parent Relationship": "Outer",
                    "Parallel Aware": true,
                    "Relation Name": "movie_info",
                    "Alias": "mi",
                    "Startup Cost": 0.0,
                    "Total Cost": 248955.74,
                    "Plan Rows": 8696274,
                    "Plan Width": 4,
                    "Actual Startup Time": 0.015,
                    "Actual Total Time": 599.841,
                    "Actual Rows": 7417860,
                    "Actual Loops": 2
                  },
                  {
                    "Node Type": "Hash",
                    "Parent Relationship": "Inner",
                    "Parallel Aware": true,
                    "Startup Cost": 583097.57,
                    "Total Cost": 583097.57,
                    "Plan Rows": 347557,
                    "Plan Width": 8,
                    "Actual Startup Time": 2510.366,
                    "Actual Total Time": 2510.37,
                    "Actual Rows": 301513,
                    "Actual Loops": 2,
                    "Hash Buckets": 1048576,
                    "Original Hash Buckets": 1048576,
                    "Hash Batches": 1,
                    "Original Hash Batches": 1,
                    "Peak Memory Usage": 31808,
                    "Plans": [
                      {
                        "Node Type": "Hash Join",
                        "Parent Relationship": "Outer",
                        "Parallel Aware": true,
                        "Join Type": "Inner",
                        "Startup Cost": 39986.64,
                        "Total Cost": 583097.57,
                        "Plan Rows": 347557,
                        "Plan Width": 8,
                        "Actual Startup Time": 63.262,
                        "Actual Total Time": 2412.061,
                        "Actual Rows": 301513,
                        "Actual Loops": 2,
                        "Inner Unique": true,
                        "Hash Cond": "(ci.movie_id = t.id)",
                        "Plans": [
                          {
                            "Node Type": "Seq Scan",
                            "Parent Relationship": "Outer",
                            "Parallel Aware": true,
                            "Relation Name": "cast_info",
                            "Alias": "ci",
                            "Startup Cost": 0.0,
                            "Total Cost": 519069.44,
                            "Plan Rows": 9158644,
                            "Plan Width": 4,
                            "Actual Startup Time": 0.015,
                            "Actual Total Time": 1368.824,
                            "Actual Rows": 7762662,
                            "Actual Loops": 2,
                            "Filter": "(person_id < 1531514)",
                            "Rows Removed by Filter": 10359510
                          },
                          {
                            "Node Type": "Hash",
                            "Parent Relationship": "Inner",
                            "Parallel Aware": true,
                            "Startup Cost": 39281.17,
                            "Total Cost": 39281.17,
                            "Plan Rows": 56438,
                            "Plan Width": 4,
                            "Actual Startup Time": 62.439,
                            "Actual Total Time": 62.44,
                            "Actual Rows": 58925,
                            "Actual Loops": 2,
                            "Hash Buckets": 131072,
                            "Original Hash Buckets": 131072,
                            "Hash Batches": 1,
                            "Original Hash Batches": 1,
                            "Peak Memory Usage": 5664,
                            "Plans": [
                              {
                                "Node Type": "Bitmap Heap Scan",
                                "Parent Relationship": "Outer",
                                "Parallel Aware": true,
                                "Relation Name": "title",
                                "Alias": "t",
                                "Startup Cost": 2204.92,
                                "Total Cost": 39281.17,
                                "Plan Rows": 56438,
                                "Plan Width": 4,
                                "Actual Startup Time": 13.068,
                                "Actual Total Time": 48.898,
                                "Actual Rows": 58925,
                                "Actual Loops": 2,
                                "Recheck Cond": "(kind_id = 4)",
                                "Rows Removed by Index Recheck": 0,
                                "Filter": "(production_year > 1977)",
                                "Rows Removed by Filter": 192,
                                "Exact Heap Blocks": 10168,
                                "Lossy Heap Blocks": 0,
                                "Plans": [
                                  {
                                    "Node Type": "Bitmap Index Scan",
                                    "Parent Relationship": "Outer",
                                    "Parallel Aware": false,
                                    "Index Name": "kind_id_title",
                                    "Startup Cost": 0.0,
                                    "Total Cost": 2180.94,
                                    "Plan Rows": 122201,
                                    "Plan Width": 0,
                                    "Actual Startup Time": 10.512,
                                    "Actual Total Time": 10.512,
                                    "Actual Rows": 118234,
                                    "Actual Loops": 1,
                                    "Index Cond": "(kind_id = 4)"
                                  }
                                ]
                              }
                            ]
                          }
                        ]
                      }
                    ]
                  }
                ]
              }
            ]
          }
        ]
      }
    ]
  },
  "Planning Time": 0.788,
  "Triggers": [],
  "Execution Time": 4831.071
}