[
    {
        "Bao": {
            "Bao prediction": "NaN",
            "Bao recommended hint": "(no hint)"
        }
    },
    {
        "Plan": {
            "Node Type": "Aggregate",
            "Strategy": "Plain",
            "Partial Mode": "Finalize",
            "Parallel Aware": false,
            "Startup Cost": 355419.47,
            "Total Cost": 355419.48,
            "Plan Rows": 1,
            "Plan Width": 8,
            "Actual Startup Time": 967.069,
            "Actual Total Time": 998.568,
            "Actual Rows": 1,
            "Actual Loops": 1,
            "Output": [
                "count(*)"
            ],
            "Plans": [
                {
                    "Node Type": "Gather",
                    "Parent Relationship": "Outer",
                    "Parallel Aware": false,
                    "Startup Cost": 355418.84,
                    "Total Cost": 355419.45,
                    "Plan Rows": 6,
                    "Plan Width": 8,
                    "Actual Startup Time": 966.935,
                    "Actual Total Time": 998.558,
                    "Actual Rows": 7,
                    "Actual Loops": 1,
                    "Output": [
                        "(PARTIAL count(*))"
                    ],
                    "Workers Planned": 6,
                    "Workers Launched": 6,
                    "Single Copy": false,
                    "Plans": [
                        {
                            "Node Type": "Aggregate",
                            "Strategy": "Plain",
                            "Partial Mode": "Partial",
                            "Parent Relationship": "Outer",
                            "Parallel Aware": false,
                            "Startup Cost": 354418.84,
                            "Total Cost": 354418.85,
                            "Plan Rows": 1,
                            "Plan Width": 8,
                            "Actual Startup Time": 957.2,
                            "Actual Total Time": 957.201,
                            "Actual Rows": 1,
                            "Actual Loops": 7,
                            "Output": [
                                "PARTIAL count(*)"
                            ],
                            "Workers": [
                                {
                                    "Worker Number": 0,
                                    "Actual Startup Time": 954.776,
                                    "Actual Total Time": 954.777,
                                    "Actual Rows": 1,
                                    "Actual Loops": 1
                                },
                                {
                                    "Worker Number": 1,
                                    "Actual Startup Time": 955.308,
                                    "Actual Total Time": 955.309,
                                    "Actual Rows": 1,
                                    "Actual Loops": 1
                                },
                                {
                                    "Worker Number": 2,
                                    "Actual Startup Time": 955.436,
                                    "Actual Total Time": 955.437,
                                    "Actual Rows": 1,
                                    "Actual Loops": 1
                                },
                                {
                                    "Worker Number": 3,
                                    "Actual Startup Time": 955.513,
                                    "Actual Total Time": 955.514,
                                    "Actual Rows": 1,
                                    "Actual Loops": 1
                                },
                                {
                                    "Worker Number": 4,
                                    "Actual Startup Time": 956.277,
                                    "Actual Total Time": 956.278,
                                    "Actual Rows": 1,
                                    "Actual Loops": 1
                                },
                                {
                                    "Worker Number": 5,
                                    "Actual Startup Time": 956.522,
                                    "Actual Total Time": 956.524,
                                    "Actual Rows": 1,
                                    "Actual Loops": 1
                                }
                            ],
                            "Plans": [
                                {
                                    "Node Type": "Seq Scan",
                                    "Parent Relationship": "Outer",
                                    "Parallel Aware": true,
                                    "Relation Name": "cast_info",
                                    "Schema": "public",
                                    "Alias": "ci",
                                    "Startup Cost": 0.0,
                                    "Total Cost": 343318.94,
                                    "Plan Rows": 4439960,
                                    "Plan Width": 0,
                                    "Actual Startup Time": 46.278,
                                    "Actual Total Time": 763.641,
                                    "Actual Rows": 3739574,
                                    "Actual Loops": 7,
                                    "Output": [
                                        "id",
                                        "person_id",
                                        "movie_id",
                                        "person_role_id",
                                        "note",
                                        "nr_order",
                                        "role_id"
                                    ],
                                    "Filter": "((ci.person_id > 285345) AND (ci.role_id < 8))",
                                    "Rows Removed by Filter": 1438190,
                                    "Workers": [
                                        {
                                            "Worker Number": 0,
                                            "Actual Startup Time": 43.864,
                                            "Actual Total Time": 763.627,
                                            "Actual Rows": 2897397,
                                            "Actual Loops": 1
                                        },
                                        {
                                            "Worker Number": 1,
                                            "Actual Startup Time": 44.383,
                                            "Actual Total Time": 764.493,
                                            "Actual Rows": 2891607,
                                            "Actual Loops": 1
                                        },
                                        {
                                            "Worker Number": 2,
                                            "Actual Startup Time": 44.523,
                                            "Actual Total Time": 764.688,
                                            "Actual Rows": 2879869,
                                            "Actual Loops": 1
                                        },
                                        {
                                            "Worker Number": 3,
                                            "Actual Startup Time": 44.596,
                                            "Actual Total Time": 765.156,
                                            "Actual Rows": 4693787,
                                            "Actual Loops": 1
                                        },
                                        {
                                            "Worker Number": 4,
                                            "Actual Startup Time": 45.351,
                                            "Actual Total Time": 764.789,
                                            "Actual Rows": 4532167,
                                            "Actual Loops": 1
                                        },
                                        {
                                            "Worker Number": 5,
                                            "Actual Startup Time": 45.592,
                                            "Actual Total Time": 764.398,
                                            "Actual Rows": 2907023,
                                            "Actual Loops": 1
                                        }
                                    ]
                                }
                            ]
                        }
                    ]
                }
            ]
        },
        "Planning Time": 182.841,
        "Triggers": [],
        "Execution Time": 998.64
    }
]