[
  {
    "Plan": {
      "Node Type": "Aggregate",
      "Strategy": "Plain",
      "Partial Mode": "Finalize",
      "Parallel Aware": false,
      "Startup Cost": 375998.31,
      "Total Cost": 375998.32,
      "Plan Rows": 1,
      "Plan Width": 8,
      "Actual Startup Time": 1286.543,
      "Actual Total Time": 1353.17,
      "Actual Rows": 1,
      "Actual Loops": 1,
      "Plans": [
        {
          "Node Type": "Gather",
          "Parent Relationship": "Outer",
          "Parallel Aware": false,
          "Startup Cost": 375997.68,
          "Total Cost": 375998.29,
          "Plan Rows": 6,
          "Plan Width": 8,
          "Actual Startup Time": 1285.027,
          "Actual Total Time": 1353.161,
          "Actual Rows": 7,
          "Actual Loops": 1,
          "Workers Planned": 6,
          "Workers Launched": 6,
          "Single Copy": false,
          "Plans": [
            {
              "Node Type": "Aggregate",
              "Strategy": "Plain",
              "Partial Mode": "Partial",
              "Parent Relationship": "Outer",
              "Parallel Aware": false,
              "Startup Cost": 374997.68,
              "Total Cost": 374997.69,
              "Plan Rows": 1,
              "Plan Width": 8,
              "Actual Startup Time": 1274.173,
              "Actual Total Time": 1274.176,
              "Actual Rows": 1,
              "Actual Loops": 7,
              "Plans": [
                {
                  "Node Type": "Hash Join",
                  "Parent Relationship": "Outer",
                  "Parallel Aware": true,
                  "Join Type": "Inner",
                  "Startup Cost": 45685.86,
                  "Total Cost": 374602.66,
                  "Plan Rows": 158009,
                  "Plan Width": 0,
                  "Actual Startup Time": 86.03,
                  "Actual Total Time": 1263.528,
                  "Actual Rows": 223540,
                  "Actual Loops": 7,
                  "Inner Unique": true,
                  "Hash Cond": "(ci.movie_id = t.id)",
                  "Plans": [
                    {
                      "Node Type": "Seq Scan",
                      "Parent Relationship": "Outer",
                      "Parallel Aware": true,
                      "Relation Name": "cast_info",
                      "Alias": "ci",
                      "Startup Cost": 0.0,
                      "Total Cost": 313067.02,
                      "Plan Rows": 6038002,
                      "Plan Width": 4,
                      "Actual Startup Time": 0.017,
                      "Actual Total Time": 505.928,
                      "Actual Rows": 5177763,
                      "Actual Loops": 7
                    },
                    {
                      "Node Type": "Hash",
                      "Parent Relationship": "Inner",
                      "Parallel Aware": true,
                      "Startup Cost": 45479.1,
                      "Total Cost": 45479.1,
                      "Plan Rows": 16541,
                      "Plan Width": 4,
                      "Actual Startup Time": 84.333,
                      "Actual Total Time": 84.335,
                      "Actual Rows": 23954,
                      "Actual Loops": 7,
                      "Hash Buckets": 262144,
                      "Original Hash Buckets": 131072,
                      "Hash Batches": 1,
                      "Original Hash Batches": 1,
                      "Peak Memory Usage": 9728,
                      "Plans": [
                        {
                          "Node Type": "Seq Scan",
                          "Parent Relationship": "Outer",
                          "Parallel Aware": true,
                          "Relation Name": "title",
                          "Alias": "t",
                          "Startup Cost": 0.0,
                          "Total Cost": 45479.1,
                          "Plan Rows": 16541,
                          "Plan Width": 4,
                          "Actual Startup Time": 0.841,
                          "Actual Total Time": 73.335,
                          "Actual Rows": 23954,
                          "Actual Loops": 7,
                          "Filter": "((kind_id < 7) AND (production_year < 1952))",
                          "Rows Removed by Filter": 337233
                        }
                      ]
                    }
                  ]
                }
              ]
            }
          ]
        }
      ]
    },
    "Planning Time": 0.627,
    "Triggers": [],
    "Execution Time": 1353.301
  }
]