{
  "Plan": {
    "Node Type": "Aggregate",
    "Strategy": "Plain",
    "Partial Mode": "Finalize",
    "Parallel Aware": false,
    "Startup Cost": 182335.49,
    "Total Cost": 182335.5,
    "Plan Rows": 1,
    "Plan Width": 8,
    "Actual Startup Time": 162.411,
    "Actual Total Time": 174.66,
    "Actual Rows": 1,
    "Actual Loops": 1,
    "Plans": [
      {
        "Node Type": "Gather",
        "Parent Relationship": "Outer",
        "Parallel Aware": false,
        "Startup Cost": 182335.37,
        "Total Cost": 182335.48,
        "Plan Rows": 1,
        "Plan Width": 8,
        "Actual Startup Time": 162.276,
        "Actual Total Time": 174.653,
        "Actual Rows": 2,
        "Actual Loops": 1,
        "Workers Planned": 1,
        "Workers Launched": 1,
        "Single Copy": false,
        "Plans": [
          {
            "Node Type": "Aggregate",
            "Strategy": "Plain",
            "Partial Mode": "Partial",
            "Parent Relationship": "Outer",
            "Parallel Aware": false,
            "Startup Cost": 181335.37,
            "Total Cost": 181335.38,
            "Plan Rows": 1,
            "Plan Width": 8,
            "Actual Startup Time": 156.353,
            "Actual Total Time": 156.356,
            "Actual Rows": 1,
            "Actual Loops": 2,
            "Plans": [
              {
                "Node Type": "Hash Join",
                "Parent Relationship": "Outer",
                "Parallel Aware": true,
                "Join Type": "Inner",
                "Startup Cost": 59512.55,
                "Total Cost": 181335.11,
                "Plan Rows": 106,
                "Plan Width": 0,
                "Actual Startup Time": 144.41,
                "Actual Total Time": 156.342,
                "Actual Rows": 90,
                "Actual Loops": 2,
                "Inner Unique": true,
                "Hash Cond": "(mi.movie_id = t.id)",
                "Plans": [
                  {
                    "Node Type": "Bitmap Heap Scan",
                    "Parent Relationship": "Outer",
                    "Parallel Aware": true,
                    "Relation Name": "movie_info",
                    "Alias": "mi",
                    "Startup Cost": 1153.1,
                    "Total Cost": 122877.51,
                    "Plan Rows": 37394,
                    "Plan Width": 4,
                    "Actual Startup Time": 3.35,
                    "Actual Total Time": 13.47,
                    "Actual Rows": 30564,
                    "Actual Loops": 2,
                    "Recheck Cond": "(info_type_id = 103)",
                    "Rows Removed by Index Recheck": 0,
                    "Exact Heap Blocks": 3156,
                    "Lossy Heap Blocks": 0,
                    "Plans": [
                      {
                        "Node Type": "Bitmap Index Scan",
                        "Parent Relationship": "Outer",
                        "Parallel Aware": false,
                        "Index Name": "info_type_id_movie_info",
                        "Startup Cost": 0.0,
                        "Total Cost": 1137.21,
                        "Plan Rows": 63570,
                        "Plan Width": 0,
                        "Actual Startup Time": 2.636,
                        "Actual Total Time": 2.636,
                        "Actual Rows": 61128,
                        "Actual Loops": 1,
                        "Index Cond": "(info_type_id = 103)"
                      }
                    ]
                  },
                  {
                    "Node Type": "Hash",
                    "Parent Relationship": "Inner",
                    "Parallel Aware": true,
                    "Startup Cost": 58306.47,
                    "Total Cost": 58306.47,
                    "Plan Rows": 4238,
                    "Plan Width": 4,
                    "Actual Startup Time": 138.668,
                    "Actual Total Time": 138.668,
                    "Actual Rows": 3542,
                    "Actual Loops": 2,
                    "Hash Buckets": 8192,
                    "Original Hash Buckets": 8192,
                    "Hash Batches": 1,
                    "Original Hash Batches": 1,
                    "Peak Memory Usage": 352,
                    "Plans": [
                      {
                        "Node Type": "Seq Scan",
                        "Parent Relationship": "Outer",
                        "Parallel Aware": true,
                        "Relation Name": "title",
                        "Alias": "t",
                        "Startup Cost": 0.0,
                        "Total Cost": 58306.47,
                        "Plan Rows": 4238,
                        "Plan Width": 4,
                        "Actual Startup Time": 0.398,
                        "Actual Total Time": 137.411,
                        "Actual Rows": 3542,
                        "Actual Loops": 2,
                        "Filter": "((kind_id < 7) AND (production_year = 1983))",
                        "Rows Removed by Filter": 1260614
                      }
                    ]
                  }
                ]
              }
            ]
          }
        ]
      }
    ]
  },
  "Planning Time": 0.524,
  "Triggers": [],
  "Execution Time": 174.756
}