[
  {
    "Plan": {
      "Node Type": "Aggregate",
      "Strategy": "Plain",
      "Partial Mode": "Finalize",
      "Parallel Aware": false,
      "Startup Cost": 127845.08,
      "Total Cost": 127845.09,
      "Plan Rows": 1,
      "Plan Width": 8,
      "Actual Startup Time": 873.376,
      "Actual Total Time": 899.299,
      "Actual Rows": 1,
      "Actual Loops": 1,
      "Plans": [
        {
          "Node Type": "Gather",
          "Parent Relationship": "Outer",
          "Parallel Aware": false,
          "Startup Cost": 127844.76,
          "Total Cost": 127845.07,
          "Plan Rows": 3,
          "Plan Width": 8,
          "Actual Startup Time": 861.907,
          "Actual Total Time": 899.292,
          "Actual Rows": 4,
          "Actual Loops": 1,
          "Workers Planned": 3,
          "Workers Launched": 3,
          "Single Copy": false,
          "Plans": [
            {
              "Node Type": "Aggregate",
              "Strategy": "Plain",
              "Partial Mode": "Partial",
              "Parent Relationship": "Outer",
              "Parallel Aware": false,
              "Startup Cost": 126844.76,
              "Total Cost": 126844.77,
              "Plan Rows": 1,
              "Plan Width": 8,
              "Actual Startup Time": 851.655,
              "Actual Total Time": 851.663,
              "Actual Rows": 1,
              "Actual Loops": 4,
              "Plans": [
                {
                  "Node Type": "Hash Join",
                  "Parent Relationship": "Outer",
                  "Parallel Aware": true,
                  "Join Type": "Inner",
                  "Startup Cost": 93301.01,
                  "Total Cost": 126342.26,
                  "Plan Rows": 201001,
                  "Plan Width": 0,
                  "Actual Startup Time": 567.966,
                  "Actual Total Time": 802.51,
                  "Actual Rows": 1228823,
                  "Actual Loops": 4,
                  "Inner Unique": false,
                  "Hash Cond": "(mc.movie_id = t.id)",
                  "Plans": [
                    {
                      "Node Type": "Seq Scan",
                      "Parent Relationship": "Outer",
                      "Parallel Aware": true,
                      "Relation Name": "movie_companies",
                      "Alias": "mc",
                      "Startup Cost": 0.0,
                      "Total Cost": 29310.68,
                      "Plan Rows": 821914,
                      "Plan Width": 4,
                      "Actual Startup Time": 0.017,
                      "Actual Total Time": 72.299,
                      "Actual Rows": 637197,
                      "Actual Loops": 4,
                      "Filter": "(company_id < 183590)",
                      "Rows Removed by Filter": 15085
                    },
                    {
                      "Node Type": "Hash",
                      "Parent Relationship": "Inner",
                      "Parallel Aware": true,
                      "Startup Cost": 90807.74,
                      "Total Cost": 90807.74,
                      "Plan Rows": 199462,
                      "Plan Width": 8,
                      "Actual Startup Time": 558.409,
                      "Actual Total Time": 558.415,
                      "Actual Rows": 154010,
                      "Actual Loops": 4,
                      "Hash Buckets": 1048576,
                      "Original Hash Buckets": 1048576,
                      "Hash Batches": 1,
                      "Original Hash Batches": 1,
                      "Peak Memory Usage": 32352,
                      "Plans": [
                        {
                          "Node Type": "Hash Join",
                          "Parent Relationship": "Outer",
                          "Parallel Aware": true,
                          "Join Type": "Inner",
                          "Startup Cost": 63336.88,
                          "Total Cost": 90807.74,
                          "Plan Rows": 199462,
                          "Plan Width": 8,
                          "Actual Startup Time": 393.18,
                          "Actual Total Time": 504.293,
                          "Actual Rows": 154010,
                          "Actual Loops": 4,
                          "Inner Unique": true,
                          "Hash Cond": "(mk.movie_id = t.id)",
                          "Plans": [
                            {
                              "Node Type": "Bitmap Heap Scan",
                              "Parent Relationship": "Outer",
                              "Parallel Aware": true,
                              "Relation Name": "movie_keyword",
                              "Alias": "mk",
                              "Startup Cost": 13116.5,
                              "Total Cost": 40063.77,
                              "Plan Rows": 199462,
                              "Plan Width": 4,
                              "Actual Startup Time": 45.768,
                              "Actual Total Time": 103.022,
                              "Actual Rows": 154010,
                              "Actual Loops": 4,
                              "Recheck Cond": "(keyword_id > 29604)",
                              "Rows Removed by Index Recheck": 0,
                              "Exact Heap Blocks": 6549,
                              "Lossy Heap Blocks": 0,
                              "Plans": [
                                {
                                  "Node Type": "Bitmap Index Scan",
                                  "Parent Relationship": "Outer",
                                  "Parallel Aware": false,
                                  "Index Name": "keyword_id_movie_keyword",
                                  "Startup Cost": 0.0,
                                  "Total Cost": 12961.92,
                                  "Plan Rows": 618331,
                                  "Plan Width": 0,
                                  "Actual Startup Time": 42.25,
                                  "Actual Total Time": 42.251,
                                  "Actual Rows": 616039,
                                  "Actual Loops": 1,
                                  "Index Cond": "(keyword_id > 29604)"
                                }
                              ]
                            },
                            {
                              "Node Type": "Hash",
                              "Parent Relationship": "Inner",
                              "Parallel Aware": true,
                              "Startup Cost": 42319.06,
                              "Total Cost": 42319.06,
                              "Plan Rows": 632106,
                              "Plan Width": 4,
                              "Actual Startup Time": 340.859,
                              "Actual Total Time": 340.86,
                              "Actual Rows": 632078,
                              "Actual Loops": 4,
                              "Hash Buckets": 4194304,
                              "Original Hash Buckets": 4194304,
                              "Hash Batches": 1,
                              "Original Hash Batches": 1,
                              "Peak Memory Usage": 131776,
                              "Plans": [
                                {
                                  "Node Type": "Seq Scan",
                                  "Parent Relationship": "Outer",
                                  "Parallel Aware": true,
                                  "Relation Name": "title",
                                  "Alias": "t",
                                  "Startup Cost": 0.0,
                                  "Total Cost": 42319.06,
                                  "Plan Rows": 632106,
                                  "Plan Width": 4,
                                  "Actual Startup Time": 0.057,
                                  "Actual Total Time": 97.129,
                                  "Actual Rows": 632078,
                                  "Actual Loops": 4
                                }
                              ]
                            }
                          ]
                        }
                      ]
                    }
                  ]
                }
              ]
            }
          ]
        }
      ]
    },
    "Planning Time": 0.588,
    "Triggers": [],
    "Execution Time": 899.347
  }
]