[
  {
    "Plan": {
      "Node Type": "Aggregate",
      "Strategy": "Plain",
      "Partial Mode": "Finalize",
      "Parallel Aware": false,
      "Startup Cost": 44899.37,
      "Total Cost": 44899.38,
      "Plan Rows": 1,
      "Plan Width": 8,
      "Actual Startup Time": 81.615,
      "Actual Total Time": 91.939,
      "Actual Rows": 1,
      "Actual Loops": 1,
      "Plans": [
        {
          "Node Type": "Gather",
          "Parent Relationship": "Outer",
          "Parallel Aware": false,
          "Startup Cost": 44898.95,
          "Total Cost": 44899.36,
          "Plan Rows": 4,
          "Plan Width": 8,
          "Actual Startup Time": 81.442,
          "Actual Total Time": 91.932,
          "Actual Rows": 5,
          "Actual Loops": 1,
          "Workers Planned": 4,
          "Workers Launched": 4,
          "Single Copy": false,
          "Plans": [
            {
              "Node Type": "Aggregate",
              "Strategy": "Plain",
              "Partial Mode": "Partial",
              "Parent Relationship": "Outer",
              "Parallel Aware": false,
              "Startup Cost": 43898.95,
              "Total Cost": 43898.96,
              "Plan Rows": 1,
              "Plan Width": 8,
              "Actual Startup Time": 75.544,
              "Actual Total Time": 75.545,
              "Actual Rows": 1,
              "Actual Loops": 5,
              "Plans": [
                {
                  "Node Type": "Seq Scan",
                  "Parent Relationship": "Outer",
                  "Parallel Aware": true,
                  "Relation Name": "title",
                  "Alias": "t",
                  "Startup Cost": 0.0,
                  "Total Cost": 43898.92,
                  "Plan Rows": 13,
                  "Plan Width": 0,
                  "Actual Startup Time": 51.929,
                  "Actual Total Time": 75.511,
                  "Actual Rows": 207,
                  "Actual Loops": 5,
                  "Filter": "(production_year < 1897)",
                  "Rows Removed by Filter": 505455
                }
              ]
            }
          ]
        }
      ]
    },
    "Planning Time": 0.068,
    "Triggers": [],
    "Execution Time": 91.967
  }
]