{
  "Plan": {
    "Node Type": "Aggregate",
    "Strategy": "Plain",
    "Partial Mode": "Finalize",
    "Parallel Aware": false,
    "Startup Cost": 109141.33,
    "Total Cost": 109141.34,
    "Plan Rows": 1,
    "Plan Width": 8,
    "Actual Startup Time": 573.709,
    "Actual Total Time": 585.193,
    "Actual Rows": 1,
    "Actual Loops": 1,
    "Plans": [
      {
        "Node Type": "Gather",
        "Parent Relationship": "Outer",
        "Parallel Aware": false,
        "Startup Cost": 109141.21,
        "Total Cost": 109141.32,
        "Plan Rows": 1,
        "Plan Width": 8,
        "Actual Startup Time": 572.672,
        "Actual Total Time": 585.181,
        "Actual Rows": 2,
        "Actual Loops": 1,
        "Workers Planned": 1,
        "Workers Launched": 1,
        "Single Copy": false,
        "Plans": [
          {
            "Node Type": "Aggregate",
            "Strategy": "Plain",
            "Partial Mode": "Partial",
            "Parent Relationship": "Outer",
            "Parallel Aware": false,
            "Startup Cost": 108141.21,
            "Total Cost": 108141.22,
            "Plan Rows": 1,
            "Plan Width": 8,
            "Actual Startup Time": 566.363,
            "Actual Total Time": 566.373,
            "Actual Rows": 1,
            "Actual Loops": 2,
            "Plans": [
              {
                "Node Type": "Hash Join",
                "Parent Relationship": "Outer",
                "Parallel Aware": true,
                "Join Type": "Inner",
                "Startup Cost": 88499.89,
                "Total Cost": 107978.88,
                "Plan Rows": 64932,
                "Plan Width": 0,
                "Actual Startup Time": 483.265,
                "Actual Total Time": 560.587,
                "Actual Rows": 143356,
                "Actual Loops": 2,
                "Inner Unique": false,
                "Hash Cond": "(mi_idx.movie_id = t.id)",
                "Plans": [
                  {
                    "Node Type": "Seq Scan",
                    "Parent Relationship": "Outer",
                    "Parallel Aware": true,
                    "Relation Name": "movie_info_idx",
                    "Alias": "mi_idx",
                    "Startup Cost": 0.0,
                    "Total Cost": 16052.85,
                    "Plan Rows": 811785,
                    "Plan Width": 4,
                    "Actual Startup Time": 0.024,
                    "Actual Total Time": 49.338,
                    "Actual Rows": 690018,
                    "Actual Loops": 2
                  },
                  {
                    "Node Type": "Hash",
                    "Parent Relationship": "Inner",
                    "Parallel Aware": true,
                    "Startup Cost": 87012.91,
                    "Total Cost": 87012.91,
                    "Plan Rows": 118958,
                    "Plan Width": 8,
                    "Actual Startup Time": 423.477,
                    "Actual Total Time": 423.485,
                    "Actual Rows": 98295,
                    "Actual Loops": 2,
                    "Hash Buckets": 262144,
                    "Original Hash Buckets": 262144,
                    "Hash Batches": 1,
                    "Original Hash Batches": 1,
                    "Peak Memory Usage": 9760,
                    "Plans": [
                      {
                        "Node Type": "Hash Join",
                        "Parent Relationship": "Outer",
                        "Parallel Aware": true,
                        "Join Type": "Inner",
                        "Startup Cost": 26147.66,
                        "Total Cost": 87012.91,
                        "Plan Rows": 118958,
                        "Plan Width": 8,
                        "Actual Startup Time": 275.508,
                        "Actual Total Time": 396.163,
                        "Actual Rows": 98295,
                        "Actual Loops": 2,
                        "Inner Unique": false,
                        "Hash Cond": "(t.id = mc.movie_id)",
                        "Plans": [
                          {
                            "Node Type": "Seq Scan",
                            "Parent Relationship": "Outer",
                            "Parallel Aware": true,
                            "Relation Name": "title",
                            "Alias": "t",
                            "Startup Cost": 0.0,
                            "Total Cost": 50870.31,
                            "Plan Rows": 1487231,
                            "Plan Width": 4,
                            "Actual Startup Time": 0.01,
                            "Actual Total Time": 122.441,
                            "Actual Rows": 1264156,
                            "Actual Loops": 2
                          },
                          {
                            "Node Type": "Hash",
                            "Parent Relationship": "Inner",
                            "Parallel Aware": true,
                            "Startup Cost": 24660.68,
                            "Total Cost": 24660.68,
                            "Plan Rows": 118958,
                            "Plan Width": 4,
                            "Actual Startup Time": 75.277,
                            "Actual Total Time": 75.279,
                            "Actual Rows": 98295,
                            "Actual Loops": 2,
                            "Hash Buckets": 262144,
                            "Original Hash Buckets": 262144,
                            "Hash Batches": 1,
                            "Original Hash Batches": 1,
                            "Peak Memory Usage": 9792,
                            "Plans": [
                              {
                                "Node Type": "Bitmap Heap Scan",
                                "Parent Relationship": "Outer",
                                "Parallel Aware": true,
                                "Relation Name": "movie_companies",
                                "Alias": "mc",
                                "Startup Cost": 4383.7,
                                "Total Cost": 24660.68,
                                "Plan Rows": 118958,
                                "Plan Width": 4,
                                "Actual Startup Time": 19.663,
                                "Actual Total Time": 50.032,
                                "Actual Rows": 98295,
                                "Actual Loops": 2,
                                "Recheck Cond": "(company_id > 114554)",
                                "Rows Removed by Index Recheck": 0,
                                "Exact Heap Blocks": 3087,
                                "Lossy Heap Blocks": 0,
                                "Plans": [
                                  {
                                    "Node Type": "Bitmap Index Scan",
                                    "Parent Relationship": "Outer",
                                    "Parallel Aware": false,
                                    "Index Name": "company_id_movie_companies",
                                    "Startup Cost": 0.0,
                                    "Total Cost": 4333.15,
                                    "Plan Rows": 202229,
                                    "Plan Width": 0,
                                    "Actual Startup Time": 18.74,
                                    "Actual Total Time": 18.741,
                                    "Actual Rows": 196590,
                                    "Actual Loops": 1,
                                    "Index Cond": "(company_id > 114554)"
                                  }
                                ]
                              }
                            ]
                          }
                        ]
                      }
                    ]
                  }
                ]
              }
            ]
          }
        ]
      }
    ]
  },
  "Planning Time": 1.056,
  "Triggers": [],
  "Execution Time": 585.368
}