{
  "Plan": {
    "Node Type": "Aggregate",
    "Strategy": "Plain",
    "Partial Mode": "Finalize",
    "Parallel Aware": false,
    "Startup Cost": 639967.16,
    "Total Cost": 639967.17,
    "Plan Rows": 1,
    "Plan Width": 8,
    "Actual Startup Time": 5030.989,
    "Actual Total Time": 5082.983,
    "Actual Rows": 1,
    "Actual Loops": 1,
    "Plans": [
      {
        "Node Type": "Gather",
        "Parent Relationship": "Outer",
        "Parallel Aware": false,
        "Startup Cost": 639967.05,
        "Total Cost": 639967.16,
        "Plan Rows": 1,
        "Plan Width": 8,
        "Actual Startup Time": 5029.916,
        "Actual Total Time": 5082.968,
        "Actual Rows": 2,
        "Actual Loops": 1,
        "Workers Planned": 1,
        "Workers Launched": 1,
        "Single Copy": false,
        "Plans": [
          {
            "Node Type": "Aggregate",
            "Strategy": "Plain",
            "Partial Mode": "Partial",
            "Parent Relationship": "Outer",
            "Parallel Aware": false,
            "Startup Cost": 638967.05,
            "Total Cost": 638967.06,
            "Plan Rows": 1,
            "Plan Width": 8,
            "Actual Startup Time": 5024.602,
            "Actual Total Time": 5024.609,
            "Actual Rows": 1,
            "Actual Loops": 2,
            "Plans": [
              {
                "Node Type": "Hash Join",
                "Parent Relationship": "Outer",
                "Parallel Aware": true,
                "Join Type": "Inner",
                "Startup Cost": 61301.21,
                "Total Cost": 631172.99,
                "Plan Rows": 3117623,
                "Plan Width": 0,
                "Actual Startup Time": 220.894,
                "Actual Total Time": 4895.179,
                "Actual Rows": 2998134,
                "Actual Loops": 2,
                "Inner Unique": true,
                "Hash Cond": "(ci.movie_id = t.id)",
                "Plans": [
                  {
                    "Node Type": "Seq Scan",
                    "Parent Relationship": "Outer",
                    "Parallel Aware": true,
                    "Relation Name": "cast_info",
                    "Alias": "ci",
                    "Startup Cost": 0.0,
                    "Total Cost": 519069.44,
                    "Plan Rows": 19353239,
                    "Plan Width": 4,
                    "Actual Startup Time": 0.016,
                    "Actual Total Time": 1764.067,
                    "Actual Rows": 16523968,
                    "Actual Loops": 2,
                    "Filter": "(person_id < 3472904)",
                    "Rows Removed by Filter": 1598204
                  },
                  {
                    "Node Type": "Hash",
                    "Parent Relationship": "Inner",
                    "Parallel Aware": true,
                    "Startup Cost": 58306.47,
                    "Total Cost": 58306.47,
                    "Plan Rows": 239579,
                    "Plan Width": 4,
                    "Actual Startup Time": 216.207,
                    "Actual Total Time": 216.208,
                    "Actual Rows": 218014,
                    "Actual Loops": 2,
                    "Hash Buckets": 524288,
                    "Original Hash Buckets": 524288,
                    "Hash Batches": 1,
                    "Original Hash Batches": 1,
                    "Peak Memory Usage": 21184,
                    "Plans": [
                      {
                        "Node Type": "Seq Scan",
                        "Parent Relationship": "Outer",
                        "Parallel Aware": true,
                        "Relation Name": "title",
                        "Alias": "t",
                        "Startup Cost": 0.0,
                        "Total Cost": 58306.47,
                        "Plan Rows": 239579,
                        "Plan Width": 4,
                        "Actual Startup Time": 0.027,
                        "Actual Total Time": 152.402,
                        "Actual Rows": 218014,
                        "Actual Loops": 2,
                        "Filter": "((kind_id > 4) AND (production_year > 2008))",
                        "Rows Removed by Filter": 1046142
                      }
                    ]
                  }
                ]
              }
            ]
          }
        ]
      }
    ]
  },
  "Planning Time": 0.306,
  "Triggers": [],
  "Execution Time": 5083.053
}