[
    {
        "Bao": {
            "Bao prediction": "NaN",
            "Bao recommended hint": "(no hint)"
        }
    },
    {
        "Plan": {
            "Node Type": "Aggregate",
            "Strategy": "Plain",
            "Partial Mode": "Finalize",
            "Parallel Aware": false,
            "Startup Cost": 304878.24,
            "Total Cost": 304878.25,
            "Plan Rows": 1,
            "Plan Width": 8,
            "Actual Startup Time": 2859.436,
            "Actual Total Time": 2914.168,
            "Actual Rows": 1,
            "Actual Loops": 1,
            "Output": [
                "count(*)"
            ],
            "Plans": [
                {
                    "Node Type": "Gather",
                    "Parent Relationship": "Outer",
                    "Parallel Aware": false,
                    "Startup Cost": 304877.82,
                    "Total Cost": 304878.23,
                    "Plan Rows": 4,
                    "Plan Width": 8,
                    "Actual Startup Time": 2858.356,
                    "Actual Total Time": 2914.157,
                    "Actual Rows": 5,
                    "Actual Loops": 1,
                    "Output": [
                        "(PARTIAL count(*))"
                    ],
                    "Workers Planned": 4,
                    "Workers Launched": 4,
                    "Single Copy": false,
                    "Plans": [
                        {
                            "Node Type": "Aggregate",
                            "Strategy": "Plain",
                            "Partial Mode": "Partial",
                            "Parent Relationship": "Outer",
                            "Parallel Aware": false,
                            "Startup Cost": 303877.82,
                            "Total Cost": 303877.83,
                            "Plan Rows": 1,
                            "Plan Width": 8,
                            "Actual Startup Time": 2848.186,
                            "Actual Total Time": 2848.188,
                            "Actual Rows": 1,
                            "Actual Loops": 5,
                            "Output": [
                                "PARTIAL count(*)"
                            ],
                            "Workers": [
                                {
                                    "Worker Number": 0,
                                    "Actual Startup Time": 2845.59,
                                    "Actual Total Time": 2845.592,
                                    "Actual Rows": 1,
                                    "Actual Loops": 1
                                },
                                {
                                    "Worker Number": 1,
                                    "Actual Startup Time": 2846.597,
                                    "Actual Total Time": 2846.598,
                                    "Actual Rows": 1,
                                    "Actual Loops": 1
                                },
                                {
                                    "Worker Number": 2,
                                    "Actual Startup Time": 2845.6,
                                    "Actual Total Time": 2845.602,
                                    "Actual Rows": 1,
                                    "Actual Loops": 1
                                },
                                {
                                    "Worker Number": 3,
                                    "Actual Startup Time": 2845.39,
                                    "Actual Total Time": 2845.392,
                                    "Actual Rows": 1,
                                    "Actual Loops": 1
                                }
                            ],
                            "Plans": [
                                {
                                    "Node Type": "Nested Loop",
                                    "Parent Relationship": "Outer",
                                    "Parallel Aware": false,
                                    "Join Type": "Inner",
                                    "Startup Cost": 2.26,
                                    "Total Cost": 302816.39,
                                    "Plan Rows": 424574,
                                    "Plan Width": 0,
                                    "Actual Startup Time": 3.614,
                                    "Actual Total Time": 2775.065,
                                    "Actual Rows": 1363259,
                                    "Actual Loops": 5,
                                    "Inner Unique": false,
                                    "Join Filter": "(t.id = ci.movie_id)",
                                    "Rows Removed by Join Filter": 0,
                                    "Workers": [
                                        {
                                            "Worker Number": 0,
                                            "Actual Startup Time": 5.573,
                                            "Actual Total Time": 2776.011,
                                            "Actual Rows": 1241046,
                                            "Actual Loops": 1
                                        },
                                        {
                                            "Worker Number": 1,
                                            "Actual Startup Time": 4.322,
                                            "Actual Total Time": 2776.592,
                                            "Actual Rows": 1548248,
                                            "Actual Loops": 1
                                        },
                                        {
                                            "Worker Number": 2,
                                            "Actual Startup Time": 3.24,
                                            "Actual Total Time": 2775.252,
                                            "Actual Rows": 1549422,
                                            "Actual Loops": 1
                                        },
                                        {
                                            "Worker Number": 3,
                                            "Actual Startup Time": 4.648,
                                            "Actual Total Time": 2769.128,
                                            "Actual Rows": 1176204,
                                            "Actual Loops": 1
                                        }
                                    ],
                                    "Plans": [
                                        {
                                            "Node Type": "Merge Join",
                                            "Parent Relationship": "Outer",
                                            "Parallel Aware": false,
                                            "Join Type": "Inner",
                                            "Startup Cost": 1.7,
                                            "Total Cost": 154583.95,
                                            "Plan Rows": 44926,
                                            "Plan Width": 8,
                                            "Actual Startup Time": 2.648,
                                            "Actual Total Time": 760.646,
                                            "Actual Rows": 81188,
                                            "Actual Loops": 5,
                                            "Output": [
                                                "t.id",
                                                "mi_idx.movie_id"
                                            ],
                                            "Inner Unique": false,
                                            "Merge Cond": "(t.id = mi_idx.movie_id)",
                                            "Workers": [
                                                {
                                                    "Worker Number": 0,
                                                    "Actual Startup Time": 4.192,
                                                    "Actual Total Time": 768.295,
                                                    "Actual Rows": 73382,
                                                    "Actual Loops": 1
                                                },
                                                {
                                                    "Worker Number": 1,
                                                    "Actual Startup Time": 2.616,
                                                    "Actual Total Time": 714.986,
                                                    "Actual Rows": 92952,
                                                    "Actual Loops": 1
                                                },
                                                {
                                                    "Worker Number": 2,
                                                    "Actual Startup Time": 2.648,
                                                    "Actual Total Time": 714.431,
                                                    "Actual Rows": 91426,
                                                    "Actual Loops": 1
                                                },
                                                {
                                                    "Worker Number": 3,
                                                    "Actual Startup Time": 3.533,
                                                    "Actual Total Time": 782.416,
                                                    "Actual Rows": 70500,
                                                    "Actual Loops": 1
                                                }
                                            ],
                                            "Plans": [
                                                {
                                                    "Node Type": "Index Scan",
                                                    "Parent Relationship": "Outer",
                                                    "Parallel Aware": true,
                                                    "Scan Direction": "Forward",
                                                    "Index Name": "title_pkey",
                                                    "Relation Name": "title",
                                                    "Schema": "public",
                                                    "Alias": "t",
                                                    "Startup Cost": 0.43,
                                                    "Total Cost": 94540.09,
                                                    "Plan Rows": 123295,
                                                    "Plan Width": 4,
                                                    "Actual Startup Time": 0.842,
                                                    "Actual Total Time": 389.167,
                                                    "Actual Rows": 113881,
                                                    "Actual Loops": 5,
                                                    "Output": [
                                                        "t.id",
                                                        "t.title",
                                                        "t.imdb_index",
                                                        "t.kind_id",
                                                        "t.production_year",
                                                        "t.imdb_id",
                                                        "t.phonetic_code",
                                                        "t.episode_of_id",
                                                        "t.season_nr",
                                                        "t.episode_nr",
                                                        "t.series_years",
                                                        "t.md5sum"
                                                    ],
                                                    "Filter": "((t.kind_id < 4) AND (t.production_year < 2006))",
                                                    "Rows Removed by Filter": 391314,
                                                    "Workers": [
                                                        {
                                                            "Worker Number": 0,
                                                            "Actual Startup Time": 1.553,
                                                            "Actual Total Time": 361.063,
                                                            "Actual Rows": 106381,
                                                            "Actual Loops": 1
                                                        },
                                                        {
                                                            "Worker Number": 1,
                                                            "Actual Startup Time": 0.272,
                                                            "Actual Total Time": 397.049,
                                                            "Actual Rows": 130372,
                                                            "Actual Loops": 1
                                                        },
                                                        {
                                                            "Worker Number": 2,
                                                            "Actual Startup Time": 0.563,
                                                            "Actual Total Time": 396.318,
                                                            "Actual Rows": 126846,
                                                            "Actual Loops": 1
                                                        },
                                                        {
                                                            "Worker Number": 3,
                                                            "Actual Startup Time": 1.799,
                                                            "Actual Total Time": 357.553,
                                                            "Actual Rows": 98662,
                                                            "Actual Loops": 1
                                                        }
                                                    ]
                                                },
                                                {
                                                    "Node Type": "Index Scan",
                                                    "Parent Relationship": "Inner",
                                                    "Parallel Aware": false,
                                                    "Scan Direction": "Forward",
                                                    "Index Name": "movie_id_movie_info_idx",
                                                    "Relation Name": "movie_info_idx",
                                                    "Schema": "public",
                                                    "Alias": "mi_idx",
                                                    "Startup Cost": 0.43,
                                                    "Total Cost": 57080.9,
                                                    "Plan Rows": 921265,
                                                    "Plan Width": 4,
                                                    "Actual Startup Time": 0.149,
                                                    "Actual Total Time": 301.586,
                                                    "Actual Rows": 919850,
                                                    "Actual Loops": 5,
                                                    "Output": [
                                                        "mi_idx.id",
                                                        "mi_idx.movie_id",
                                                        "mi_idx.info_type_id",
                                                        "mi_idx.info",
                                                        "mi_idx.note"
                                                    ],
                                                    "Filter": "(mi_idx.info_type_id < 101)",
                                                    "Rows Removed by Filter": 460185,
                                                    "Workers": [
                                                        {
                                                            "Worker Number": 0,
                                                            "Actual Startup Time": 0.199,
                                                            "Actual Total Time": 334.007,
                                                            "Actual Rows": 919850,
                                                            "Actual Loops": 1
                                                        },
                                                        {
                                                            "Worker Number": 1,
                                                            "Actual Startup Time": 0.222,
                                                            "Actual Total Time": 259.0,
                                                            "Actual Rows": 919850,
                                                            "Actual Loops": 1
                                                        },
                                                        {
                                                            "Worker Number": 2,
                                                            "Actual Startup Time": 0.155,
                                                            "Actual Total Time": 259.792,
                                                            "Actual Rows": 919850,
                                                            "Actual Loops": 1
                                                        },
                                                        {
                                                            "Worker Number": 3,
                                                            "Actual Startup Time": 0.148,
                                                            "Actual Total Time": 345.668,
                                                            "Actual Rows": 919850,
                                                            "Actual Loops": 1
                                                        }
                                                    ]
                                                }
                                            ]
                                        },
                                        {
                                            "Node Type": "Index Scan",
                                            "Parent Relationship": "Inner",
                                            "Parallel Aware": false,
                                            "Scan Direction": "Forward",
                                            "Index Name": "movie_id_cast_info",
                                            "Relation Name": "cast_info",
                                            "Schema": "public",
                                            "Alias": "ci",
                                            "Startup Cost": 0.56,
                                            "Total Cost": 2.99,
                                            "Plan Rows": 25,
                                            "Plan Width": 4,
                                            "Actual Startup Time": 0.009,
                                            "Actual Total Time": 0.023,
                                            "Actual Rows": 17,
                                            "Actual Loops": 405940,
                                            "Output": [
                                                "ci.id",
                                                "ci.person_id",
                                                "ci.movie_id",
                                                "ci.person_role_id",
                                                "ci.note",
                                                "ci.nr_order",
                                                "ci.role_id"
                                            ],
                                            "Index Cond": "(ci.movie_id = mi_idx.movie_id)",
                                            "Rows Removed by Index Recheck": 0,
                                            "Filter": "(ci.person_id > 1221273)",
                                            "Rows Removed by Filter": 11,
                                            "Workers": [
                                                {
                                                    "Worker Number": 0,
                                                    "Actual Startup Time": 0.01,
                                                    "Actual Total Time": 0.025,
                                                    "Actual Rows": 17,
                                                    "Actual Loops": 73382
                                                },
                                                {
                                                    "Worker Number": 1,
                                                    "Actual Startup Time": 0.009,
                                                    "Actual Total Time": 0.02,
                                                    "Actual Rows": 17,
                                                    "Actual Loops": 92952
                                                },
                                                {
                                                    "Worker Number": 2,
                                                    "Actual Startup Time": 0.009,
                                                    "Actual Total Time": 0.021,
                                                    "Actual Rows": 17,
                                                    "Actual Loops": 91426
                                                },
                                                {
                                                    "Worker Number": 3,
                                                    "Actual Startup Time": 0.011,
                                                    "Actual Total Time": 0.026,
                                                    "Actual Rows": 17,
                                                    "Actual Loops": 70500
                                                }
                                            ]
                                        }
                                    ]
                                }
                            ]
                        }
                    ]
                }
            ]
        },
        "Planning Time": 287.462,
        "Triggers": [],
        "Execution Time": 2914.331
    }
]