[
    {
        "Bao": {
            "Bao prediction": "NaN",
            "Bao recommended hint": "(no hint)"
        }
    },
    {
        "Plan": {
            "Node Type": "Aggregate",
            "Strategy": "Plain",
            "Partial Mode": "Finalize",
            "Parallel Aware": false,
            "Startup Cost": 32810.16,
            "Total Cost": 32810.17,
            "Plan Rows": 1,
            "Plan Width": 8,
            "Actual Startup Time": 92.794,
            "Actual Total Time": 97.899,
            "Actual Rows": 1,
            "Actual Loops": 1,
            "Output": [
                "count(*)"
            ],
            "Plans": [
                {
                    "Node Type": "Gather",
                    "Parent Relationship": "Outer",
                    "Parallel Aware": false,
                    "Startup Cost": 32809.84,
                    "Total Cost": 32810.15,
                    "Plan Rows": 3,
                    "Plan Width": 8,
                    "Actual Startup Time": 92.697,
                    "Actual Total Time": 97.893,
                    "Actual Rows": 4,
                    "Actual Loops": 1,
                    "Output": [
                        "(PARTIAL count(*))"
                    ],
                    "Workers Planned": 3,
                    "Workers Launched": 3,
                    "Single Copy": false,
                    "Plans": [
                        {
                            "Node Type": "Aggregate",
                            "Strategy": "Plain",
                            "Partial Mode": "Partial",
                            "Parent Relationship": "Outer",
                            "Parallel Aware": false,
                            "Startup Cost": 31809.84,
                            "Total Cost": 31809.85,
                            "Plan Rows": 1,
                            "Plan Width": 8,
                            "Actual Startup Time": 84.766,
                            "Actual Total Time": 84.767,
                            "Actual Rows": 1,
                            "Actual Loops": 4,
                            "Output": [
                                "PARTIAL count(*)"
                            ],
                            "Workers": [
                                {
                                    "Worker Number": 0,
                                    "Actual Startup Time": 81.82,
                                    "Actual Total Time": 81.822,
                                    "Actual Rows": 1,
                                    "Actual Loops": 1
                                },
                                {
                                    "Worker Number": 1,
                                    "Actual Startup Time": 82.225,
                                    "Actual Total Time": 82.227,
                                    "Actual Rows": 1,
                                    "Actual Loops": 1
                                },
                                {
                                    "Worker Number": 2,
                                    "Actual Startup Time": 82.551,
                                    "Actual Total Time": 82.552,
                                    "Actual Rows": 1,
                                    "Actual Loops": 1
                                }
                            ],
                            "Plans": [
                                {
                                    "Node Type": "Seq Scan",
                                    "Parent Relationship": "Outer",
                                    "Parallel Aware": true,
                                    "Relation Name": "movie_companies",
                                    "Schema": "public",
                                    "Alias": "mc",
                                    "Startup Cost": 0.0,
                                    "Total Cost": 31414.82,
                                    "Plan Rows": 158010,
                                    "Plan Width": 0,
                                    "Actual Startup Time": 40.391,
                                    "Actual Total Time": 75.67,
                                    "Actual Rows": 201050,
                                    "Actual Loops": 4,
                                    "Output": [
                                        "id",
                                        "movie_id",
                                        "company_id",
                                        "company_type_id",
                                        "note"
                                    ],
                                    "Filter": "((mc.company_id > 17928) AND (mc.company_type_id > 1))",
                                    "Rows Removed by Filter": 451232,
                                    "Workers": [
                                        {
                                            "Worker Number": 0,
                                            "Actual Startup Time": 37.457,
                                            "Actual Total Time": 73.234,
                                            "Actual Rows": 209056,
                                            "Actual Loops": 1
                                        },
                                        {
                                            "Worker Number": 1,
                                            "Actual Startup Time": 37.83,
                                            "Actual Total Time": 73.382,
                                            "Actual Rows": 133526,
                                            "Actual Loops": 1
                                        },
                                        {
                                            "Worker Number": 2,
                                            "Actual Startup Time": 38.185,
                                            "Actual Total Time": 73.908,
                                            "Actual Rows": 208400,
                                            "Actual Loops": 1
                                        }
                                    ]
                                }
                            ]
                        }
                    ]
                }
            ]
        },
        "Planning Time": 187.009,
        "Triggers": [],
        "Execution Time": 97.937
    }
]