[
  {
    "Plan": {
      "Node Type": "Aggregate",
      "Strategy": "Plain",
      "Partial Mode": "Finalize",
      "Parallel Aware": false,
      "Startup Cost": 336182.17,
      "Total Cost": 336182.18,
      "Plan Rows": 1,
      "Plan Width": 8,
      "Actual Startup Time": 837.508,
      "Actual Total Time": 886.522,
      "Actual Rows": 1,
      "Actual Loops": 1,
      "Plans": [
        {
          "Node Type": "Gather",
          "Parent Relationship": "Outer",
          "Parallel Aware": false,
          "Startup Cost": 336181.54,
          "Total Cost": 336182.15,
          "Plan Rows": 6,
          "Plan Width": 8,
          "Actual Startup Time": 837.193,
          "Actual Total Time": 886.505,
          "Actual Rows": 7,
          "Actual Loops": 1,
          "Workers Planned": 6,
          "Workers Launched": 6,
          "Single Copy": false,
          "Plans": [
            {
              "Node Type": "Aggregate",
              "Strategy": "Plain",
              "Partial Mode": "Partial",
              "Parent Relationship": "Outer",
              "Parallel Aware": false,
              "Startup Cost": 335181.54,
              "Total Cost": 335181.55,
              "Plan Rows": 1,
              "Plan Width": 8,
              "Actual Startup Time": 829.192,
              "Actual Total Time": 829.193,
              "Actual Rows": 1,
              "Actual Loops": 7,
              "Plans": [
                {
                  "Node Type": "Seq Scan",
                  "Parent Relationship": "Outer",
                  "Parallel Aware": true,
                  "Relation Name": "cast_info",
                  "Alias": "ci",
                  "Startup Cost": 0.0,
                  "Total Cost": 328211.39,
                  "Plan Rows": 2788061,
                  "Plan Width": 0,
                  "Actual Startup Time": 265.435,
                  "Actual Total Time": 693.394,
                  "Actual Rows": 2355607,
                  "Actual Loops": 7,
                  "Filter": "(person_id > 1980711)",
                  "Rows Removed by Filter": 2822156
                }
              ]
            }
          ]
        }
      ]
    },
    "Planning Time": 0.207,
    "Triggers": [],
    "Execution Time": 886.599
  }
]