{
  "Plan": {
    "Node Type": "Aggregate",
    "Strategy": "Plain",
    "Partial Mode": "Finalize",
    "Parallel Aware": false,
    "Startup Cost": 475921.54,
    "Total Cost": 475921.55,
    "Plan Rows": 1,
    "Plan Width": 8,
    "Actual Startup Time": 1616.126,
    "Actual Total Time": 1639.607,
    "Actual Rows": 1,
    "Actual Loops": 1,
    "Plans": [
      {
        "Node Type": "Gather",
        "Parent Relationship": "Outer",
        "Parallel Aware": false,
        "Startup Cost": 475921.43,
        "Total Cost": 475921.54,
        "Plan Rows": 1,
        "Plan Width": 8,
        "Actual Startup Time": 1614.675,
        "Actual Total Time": 1639.598,
        "Actual Rows": 2,
        "Actual Loops": 1,
        "Workers Planned": 1,
        "Workers Launched": 1,
        "Single Copy": false,
        "Plans": [
          {
            "Node Type": "Aggregate",
            "Strategy": "Plain",
            "Partial Mode": "Partial",
            "Parent Relationship": "Outer",
            "Parallel Aware": false,
            "Startup Cost": 474921.43,
            "Total Cost": 474921.44,
            "Plan Rows": 1,
            "Plan Width": 8,
            "Actual Startup Time": 1608.894,
            "Actual Total Time": 1608.899,
            "Actual Rows": 1,
            "Actual Loops": 2,
            "Plans": [
              {
                "Node Type": "Hash Join",
                "Parent Relationship": "Outer",
                "Parallel Aware": true,
                "Join Type": "Inner",
                "Startup Cost": 173827.82,
                "Total Cost": 473573.85,
                "Plan Rows": 539031,
                "Plan Width": 0,
                "Actual Startup Time": 470.583,
                "Actual Total Time": 1575.976,
                "Actual Rows": 522306,
                "Actual Loops": 2,
                "Inner Unique": true,
                "Hash Cond": "(ci.movie_id = t.id)",
                "Plans": [
                  {
                    "Node Type": "Bitmap Heap Scan",
                    "Parent Relationship": "Outer",
                    "Parallel Aware": true,
                    "Relation Name": "cast_info",
                    "Alias": "ci",
                    "Startup Cost": 116824.47,
                    "Total Cost": 408403.22,
                    "Plan Rows": 3111340,
                    "Plan Width": 4,
                    "Actual Startup Time": 304.573,
                    "Actual Total Time": 692.512,
                    "Actual Rows": 2572708,
                    "Actual Loops": 2,
                    "Recheck Cond": "(person_id > 3151922)",
                    "Rows Removed by Index Recheck": 0,
                    "Exact Heap Blocks": 39066,
                    "Lossy Heap Blocks": 0,
                    "Plans": [
                      {
                        "Node Type": "Bitmap Index Scan",
                        "Parent Relationship": "Outer",
                        "Parallel Aware": false,
                        "Index Name": "person_id_cast_info",
                        "Startup Cost": 0.0,
                        "Total Cost": 115502.15,
                        "Plan Rows": 5289278,
                        "Plan Width": 0,
                        "Actual Startup Time": 285.316,
                        "Actual Total Time": 285.317,
                        "Actual Rows": 5145417,
                        "Actual Loops": 1,
                        "Index Cond": "(person_id > 3151922)"
                      }
                    ]
                  },
                  {
                    "Node Type": "Hash",
                    "Parent Relationship": "Inner",
                    "Parallel Aware": true,
                    "Startup Cost": 53782.61,
                    "Total Cost": 53782.61,
                    "Plan Rows": 257659,
                    "Plan Width": 4,
                    "Actual Startup Time": 161.684,
                    "Actual Total Time": 161.685,
                    "Actual Rows": 236959,
                    "Actual Loops": 2,
                    "Hash Buckets": 524288,
                    "Original Hash Buckets": 524288,
                    "Hash Batches": 1,
                    "Original Hash Batches": 1,
                    "Peak Memory Usage": 22688,
                    "Plans": [
                      {
                        "Node Type": "Bitmap Heap Scan",
                        "Parent Relationship": "Outer",
                        "Parallel Aware": true,
                        "Relation Name": "title",
                        "Alias": "t",
                        "Startup Cost": 11932.35,
                        "Total Cost": 53782.61,
                        "Plan Rows": 257659,
                        "Plan Width": 4,
                        "Actual Startup Time": 32.755,
                        "Actual Total Time": 106.706,
                        "Actual Rows": 236959,
                        "Actual Loops": 2,
                        "Recheck Cond": "(kind_id = 1)",
                        "Rows Removed by Index Recheck": 0,
                        "Filter": "(production_year < 2008)",
                        "Rows Removed by Filter": 94454,
                        "Exact Heap Blocks": 8744,
                        "Lossy Heap Blocks": 0,
                        "Plans": [
                          {
                            "Node Type": "Bitmap Index Scan",
                            "Parent Relationship": "Outer",
                            "Parallel Aware": false,
                            "Index Name": "kind_id_title",
                            "Startup Cost": 0.0,
                            "Total Cost": 11822.85,
                            "Plan Rows": 663256,
                            "Plan Width": 0,
                            "Actual Startup Time": 32.327,
                            "Actual Total Time": 32.327,
                            "Actual Rows": 662825,
                            "Actual Loops": 1,
                            "Index Cond": "(kind_id = 1)"
                          }
                        ]
                      }
                    ]
                  }
                ]
              }
            ]
          }
        ]
      }
    ]
  },
  "Planning Time": 0.494,
  "Triggers": [],
  "Execution Time": 1639.687
}