{
  "Plan": {
    "Node Type": "Aggregate",
    "Strategy": "Plain",
    "Partial Mode": "Finalize",
    "Parallel Aware": false,
    "Startup Cost": 333553.47,
    "Total Cost": 333553.48,
    "Plan Rows": 1,
    "Plan Width": 8,
    "Actual Startup Time": 2321.162,
    "Actual Total Time": 2364.931,
    "Actual Rows": 1,
    "Actual Loops": 1,
    "Plans": [
      {
        "Node Type": "Gather",
        "Parent Relationship": "Outer",
        "Parallel Aware": false,
        "Startup Cost": 333553.35,
        "Total Cost": 333553.46,
        "Plan Rows": 1,
        "Plan Width": 8,
        "Actual Startup Time": 2320.099,
        "Actual Total Time": 2364.923,
        "Actual Rows": 2,
        "Actual Loops": 1,
        "Workers Planned": 1,
        "Workers Launched": 1,
        "Single Copy": false,
        "Plans": [
          {
            "Node Type": "Aggregate",
            "Strategy": "Plain",
            "Partial Mode": "Partial",
            "Parent Relationship": "Outer",
            "Parallel Aware": false,
            "Startup Cost": 332553.35,
            "Total Cost": 332553.36,
            "Plan Rows": 1,
            "Plan Width": 8,
            "Actual Startup Time": 2313.794,
            "Actual Total Time": 2313.797,
            "Actual Rows": 1,
            "Actual Loops": 2,
            "Plans": [
              {
                "Node Type": "Hash Join",
                "Parent Relationship": "Outer",
                "Parallel Aware": true,
                "Join Type": "Inner",
                "Startup Cost": 57003.35,
                "Total Cost": 328786.84,
                "Plan Rows": 1506606,
                "Plan Width": 0,
                "Actual Startup Time": 190.802,
                "Actual Total Time": 2189.12,
                "Actual Rows": 3105804,
                "Actual Loops": 2,
                "Inner Unique": true,
                "Hash Cond": "(mi.movie_id = t.id)",
                "Plans": [
                  {
                    "Node Type": "Seq Scan",
                    "Parent Relationship": "Outer",
                    "Parallel Aware": true,
                    "Relation Name": "movie_info",
                    "Alias": "mi",
                    "Startup Cost": 0.0,
                    "Total Cost": 248955.74,
                    "Plan Rows": 8696274,
                    "Plan Width": 4,
                    "Actual Startup Time": 0.012,
                    "Actual Total Time": 661.354,
                    "Actual Rows": 7417860,
                    "Actual Loops": 2
                  },
                  {
                    "Node Type": "Hash",
                    "Parent Relationship": "Inner",
                    "Parallel Aware": true,
                    "Startup Cost": 53782.61,
                    "Total Cost": 53782.61,
                    "Plan Rows": 257659,
                    "Plan Width": 4,
                    "Actual Startup Time": 156.215,
                    "Actual Total Time": 156.217,
                    "Actual Rows": 236959,
                    "Actual Loops": 2,
                    "Hash Buckets": 524288,
                    "Original Hash Buckets": 524288,
                    "Hash Batches": 1,
                    "Original Hash Batches": 1,
                    "Peak Memory Usage": 22656,
                    "Plans": [
                      {
                        "Node Type": "Bitmap Heap Scan",
                        "Parent Relationship": "Outer",
                        "Parallel Aware": true,
                        "Relation Name": "title",
                        "Alias": "t",
                        "Startup Cost": 11932.35,
                        "Total Cost": 53782.61,
                        "Plan Rows": 257659,
                        "Plan Width": 4,
                        "Actual Startup Time": 35.745,
                        "Actual Total Time": 106.009,
                        "Actual Rows": 236959,
                        "Actual Loops": 2,
                        "Recheck Cond": "(kind_id < 2)",
                        "Rows Removed by Index Recheck": 0,
                        "Filter": "(production_year < 2008)",
                        "Rows Removed by Filter": 94454,
                        "Exact Heap Blocks": 7907,
                        "Lossy Heap Blocks": 0,
                        "Plans": [
                          {
                            "Node Type": "Bitmap Index Scan",
                            "Parent Relationship": "Outer",
                            "Parallel Aware": false,
                            "Index Name": "kind_id_title",
                            "Startup Cost": 0.0,
                            "Total Cost": 11822.85,
                            "Plan Rows": 663256,
                            "Plan Width": 0,
                            "Actual Startup Time": 34.011,
                            "Actual Total Time": 34.011,
                            "Actual Rows": 662825,
                            "Actual Loops": 1,
                            "Index Cond": "(kind_id < 2)"
                          }
                        ]
                      }
                    ]
                  }
                ]
              }
            ]
          }
        ]
      }
    ]
  },
  "Planning Time": 0.697,
  "Triggers": [],
  "Execution Time": 2365.034
}