{
  "Plan": {
    "Node Type": "Aggregate",
    "Strategy": "Plain",
    "Partial Mode": "Finalize",
    "Parallel Aware": false,
    "Startup Cost": 454739.52,
    "Total Cost": 454739.53,
    "Plan Rows": 1,
    "Plan Width": 8,
    "Actual Startup Time": 1702.323,
    "Actual Total Time": 1724.595,
    "Actual Rows": 1,
    "Actual Loops": 1,
    "Plans": [
      {
        "Node Type": "Gather",
        "Parent Relationship": "Outer",
        "Parallel Aware": false,
        "Startup Cost": 454739.41,
        "Total Cost": 454739.52,
        "Plan Rows": 1,
        "Plan Width": 8,
        "Actual Startup Time": 1695.596,
        "Actual Total Time": 1724.581,
        "Actual Rows": 2,
        "Actual Loops": 1,
        "Workers Planned": 1,
        "Workers Launched": 1,
        "Single Copy": false,
        "Plans": [
          {
            "Node Type": "Aggregate",
            "Strategy": "Plain",
            "Partial Mode": "Partial",
            "Parent Relationship": "Outer",
            "Parallel Aware": false,
            "Startup Cost": 453739.41,
            "Total Cost": 453739.42,
            "Plan Rows": 1,
            "Plan Width": 8,
            "Actual Startup Time": 1683.658,
            "Actual Total Time": 1683.662,
            "Actual Rows": 1,
            "Actual Loops": 2,
            "Plans": [
              {
                "Node Type": "Hash Join",
                "Parent Relationship": "Outer",
                "Parallel Aware": true,
                "Join Type": "Inner",
                "Startup Cost": 157695.79,
                "Total Cost": 449850.96,
                "Plan Rows": 1555380,
                "Plan Width": 0,
                "Actual Startup Time": 665.452,
                "Actual Total Time": 1615.433,
                "Actual Rows": 1651716,
                "Actual Loops": 2,
                "Inner Unique": true,
                "Hash Cond": "(ci.movie_id = t.id)",
                "Plans": [
                  {
                    "Node Type": "Bitmap Heap Scan",
                    "Parent Relationship": "Outer",
                    "Parallel Aware": true,
                    "Relation Name": "cast_info",
                    "Alias": "ci",
                    "Startup Cost": 88235.09,
                    "Total Cost": 376307.37,
                    "Plan Rows": 1555380,
                    "Plan Width": 4,
                    "Actual Startup Time": 144.612,
                    "Actual Total Time": 424.766,
                    "Actual Rows": 1651716,
                    "Actual Loops": 2,
                    "Recheck Cond": "(person_id < 398145)",
                    "Rows Removed by Index Recheck": 0,
                    "Filter": "(role_id < 4)",
                    "Rows Removed by Filter": 418892,
                    "Exact Heap Blocks": 23647,
                    "Lossy Heap Blocks": 0,
                    "Plans": [
                      {
                        "Node Type": "Bitmap Index Scan",
                        "Parent Relationship": "Outer",
                        "Parallel Aware": false,
                        "Index Name": "person_id_cast_info",
                        "Startup Cost": 0.0,
                        "Total Cost": 87574.05,
                        "Plan Rows": 4010332,
                        "Plan Width": 0,
                        "Actual Startup Time": 137.654,
                        "Actual Total Time": 137.655,
                        "Actual Rows": 4141217,
                        "Actual Loops": 1,
                        "Index Cond": "(person_id < 398145)"
                      }
                    ]
                  },
                  {
                    "Node Type": "Hash",
                    "Parent Relationship": "Inner",
                    "Parallel Aware": true,
                    "Startup Cost": 50870.31,
                    "Total Cost": 50870.31,
                    "Plan Rows": 1487231,
                    "Plan Width": 4,
                    "Actual Startup Time": 498.786,
                    "Actual Total Time": 498.787,
                    "Actual Rows": 1264156,
                    "Actual Loops": 2,
                    "Hash Buckets": 4194304,
                    "Original Hash Buckets": 4194304,
                    "Hash Batches": 1,
                    "Original Hash Batches": 1,
                    "Peak Memory Usage": 131712,
                    "Plans": [
                      {
                        "Node Type": "Seq Scan",
                        "Parent Relationship": "Outer",
                        "Parallel Aware": true,
                        "Relation Name": "title",
                        "Alias": "t",
                        "Startup Cost": 0.0,
                        "Total Cost": 50870.31,
                        "Plan Rows": 1487231,
                        "Plan Width": 4,
                        "Actual Startup Time": 0.025,
                        "Actual Total Time": 151.616,
                        "Actual Rows": 1264156,
                        "Actual Loops": 2
                      }
                    ]
                  }
                ]
              }
            ]
          }
        ]
      }
    ]
  },
  "Planning Time": 0.598,
  "Triggers": [],
  "Execution Time": 1724.682
}