{
  "Plan": {
    "Node Type": "Aggregate",
    "Strategy": "Plain",
    "Partial Mode": "Finalize",
    "Parallel Aware": false,
    "Startup Cost": 117476.73,
    "Total Cost": 117476.74,
    "Plan Rows": 1,
    "Plan Width": 8,
    "Actual Startup Time": 241.17,
    "Actual Total Time": 262.886,
    "Actual Rows": 1,
    "Actual Loops": 1,
    "Plans": [
      {
        "Node Type": "Gather",
        "Parent Relationship": "Outer",
        "Parallel Aware": false,
        "Startup Cost": 117476.62,
        "Total Cost": 117476.73,
        "Plan Rows": 1,
        "Plan Width": 8,
        "Actual Startup Time": 240.452,
        "Actual Total Time": 262.878,
        "Actual Rows": 2,
        "Actual Loops": 1,
        "Workers Planned": 1,
        "Workers Launched": 1,
        "Single Copy": false,
        "Plans": [
          {
            "Node Type": "Aggregate",
            "Strategy": "Plain",
            "Partial Mode": "Partial",
            "Parent Relationship": "Outer",
            "Parallel Aware": false,
            "Startup Cost": 116476.62,
            "Total Cost": 116476.63,
            "Plan Rows": 1,
            "Plan Width": 8,
            "Actual Startup Time": 234.34,
            "Actual Total Time": 234.344,
            "Actual Rows": 1,
            "Actual Loops": 2,
            "Plans": [
              {
                "Node Type": "Nested Loop",
                "Parent Relationship": "Outer",
                "Parallel Aware": false,
                "Join Type": "Inner",
                "Startup Cost": 61178.67,
                "Total Cost": 116368.58,
                "Plan Rows": 43215,
                "Plan Width": 0,
                "Actual Startup Time": 178.276,
                "Actual Total Time": 233.716,
                "Actual Rows": 10368,
                "Actual Loops": 2,
                "Inner Unique": false,
                "Plans": [
                  {
                    "Node Type": "Hash Join",
                    "Parent Relationship": "Outer",
                    "Parallel Aware": true,
                    "Join Type": "Inner",
                    "Startup Cost": 61178.11,
                    "Total Cost": 86312.32,
                    "Plan Rows": 3016,
                    "Plan Width": 8,
                    "Actual Startup Time": 178.21,
                    "Actual Total Time": 210.324,
                    "Actual Rows": 833,
                    "Actual Loops": 2,
                    "Inner Unique": true,
                    "Hash Cond": "(mk.movie_id = t.id)",
                    "Plans": [
                      {
                        "Node Type": "Bitmap Heap Scan",
                        "Parent Relationship": "Outer",
                        "Parallel Aware": true,
                        "Relation Name": "movie_keyword",
                        "Alias": "mk",
                        "Startup Cost": 1624.95,
                        "Total Cost": 26641.11,
                        "Plan Rows": 44973,
                        "Plan Width": 4,
                        "Actual Startup Time": 9.292,
                        "Actual Total Time": 31.754,
                        "Actual Rows": 36248,
                        "Actual Loops": 2,
                        "Recheck Cond": "(keyword_id = 335)",
                        "Rows Removed by Index Recheck": 0,
                        "Exact Heap Blocks": 10798,
                        "Lossy Heap Blocks": 0,
                        "Plans": [
                          {
                            "Node Type": "Bitmap Index Scan",
                            "Parent Relationship": "Outer",
                            "Parallel Aware": false,
                            "Index Name": "keyword_id_movie_keyword",
                            "Startup Cost": 0.0,
                            "Total Cost": 1605.84,
                            "Plan Rows": 76454,
                            "Plan Width": 0,
                            "Actual Startup Time": 6.972,
                            "Actual Total Time": 6.972,
                            "Actual Rows": 72496,
                            "Actual Loops": 1,
                            "Index Cond": "(keyword_id = 335)"
                          }
                        ]
                      },
                      {
                        "Node Type": "Hash",
                        "Parent Relationship": "Inner",
                        "Parallel Aware": true,
                        "Startup Cost": 58306.47,
                        "Total Cost": 58306.47,
                        "Plan Rows": 99735,
                        "Plan Width": 4,
                        "Actual Startup Time": 165.157,
                        "Actual Total Time": 165.158,
                        "Actual Rows": 85034,
                        "Actual Loops": 2,
                        "Hash Buckets": 262144,
                        "Original Hash Buckets": 262144,
                        "Hash Batches": 1,
                        "Original Hash Batches": 1,
                        "Peak Memory Usage": 8736,
                        "Plans": [
                          {
                            "Node Type": "Seq Scan",
                            "Parent Relationship": "Outer",
                            "Parallel Aware": true,
                            "Relation Name": "title",
                            "Alias": "t",
                            "Startup Cost": 0.0,
                            "Total Cost": 58306.47,
                            "Plan Rows": 99735,
                            "Plan Width": 4,
                            "Actual Startup Time": 0.032,
                            "Actual Total Time": 142.978,
                            "Actual Rows": 85034,
                            "Actual Loops": 2,
                            "Filter": "((kind_id > 1) AND (production_year > 2011))",
                            "Rows Removed by Filter": 1179122
                          }
                        ]
                      }
                    ]
                  },
                  {
                    "Node Type": "Index Only Scan",
                    "Parent Relationship": "Inner",
                    "Parallel Aware": false,
                    "Scan Direction": "Forward",
                    "Index Name": "movie_id_cast_info",
                    "Relation Name": "cast_info",
                    "Alias": "ci",
                    "Startup Cost": 0.56,
                    "Total Cost": 9.6,
                    "Plan Rows": 37,
                    "Plan Width": 4,
                    "Actual Startup Time": 0.008,
                    "Actual Total Time": 0.027,
                    "Actual Rows": 12,
                    "Actual Loops": 1666,
                    "Index Cond": "(movie_id = t.id)",
                    "Rows Removed by Index Recheck": 0,
                    "Heap Fetches": 20737
                  }
                ]
              }
            ]
          }
        ]
      }
    ]
  },
  "Planning Time": 0.975,
  "Triggers": [],
  "Execution Time": 262.99
}