[
  {
    "Plan": {
      "Node Type": "Aggregate",
      "Strategy": "Plain",
      "Partial Mode": "Finalize",
      "Parallel Aware": false,
      "Startup Cost": 79312.56,
      "Total Cost": 79312.57,
      "Plan Rows": 1,
      "Plan Width": 8,
      "Actual Startup Time": 232.12,
      "Actual Total Time": 247.308,
      "Actual Rows": 1,
      "Actual Loops": 1,
      "Plans": [
        {
          "Node Type": "Gather",
          "Parent Relationship": "Outer",
          "Parallel Aware": false,
          "Startup Cost": 79312.14,
          "Total Cost": 79312.55,
          "Plan Rows": 4,
          "Plan Width": 8,
          "Actual Startup Time": 230.565,
          "Actual Total Time": 247.297,
          "Actual Rows": 5,
          "Actual Loops": 1,
          "Workers Planned": 4,
          "Workers Launched": 4,
          "Single Copy": false,
          "Plans": [
            {
              "Node Type": "Aggregate",
              "Strategy": "Plain",
              "Partial Mode": "Partial",
              "Parent Relationship": "Outer",
              "Parallel Aware": false,
              "Startup Cost": 78312.14,
              "Total Cost": 78312.15,
              "Plan Rows": 1,
              "Plan Width": 8,
              "Actual Startup Time": 221.038,
              "Actual Total Time": 221.042,
              "Actual Rows": 1,
              "Actual Loops": 5,
              "Plans": [
                {
                  "Node Type": "Hash Join",
                  "Parent Relationship": "Outer",
                  "Parallel Aware": true,
                  "Join Type": "Inner",
                  "Startup Cost": 32461.48,
                  "Total Cost": 78149.91,
                  "Plan Rows": 64893,
                  "Plan Width": 0,
                  "Actual Startup Time": 79.133,
                  "Actual Total Time": 219.348,
                  "Actual Rows": 27346,
                  "Actual Loops": 5,
                  "Inner Unique": false,
                  "Hash Cond": "(t.id = mc.movie_id)",
                  "Plans": [
                    {
                      "Node Type": "Seq Scan",
                      "Parent Relationship": "Outer",
                      "Parallel Aware": true,
                      "Relation Name": "title",
                      "Alias": "t",
                      "Startup Cost": 0.0,
                      "Total Cost": 42318.73,
                      "Plan Rows": 632073,
                      "Plan Width": 4,
                      "Actual Startup Time": 0.016,
                      "Actual Total Time": 67.317,
                      "Actual Rows": 505662,
                      "Actual Loops": 5
                    },
                    {
                      "Node Type": "Hash",
                      "Parent Relationship": "Inner",
                      "Parallel Aware": true,
                      "Startup Cost": 31414.82,
                      "Total Cost": 31414.82,
                      "Plan Rows": 83733,
                      "Plan Width": 4,
                      "Actual Startup Time": 76.73,
                      "Actual Total Time": 76.731,
                      "Actual Rows": 27346,
                      "Actual Loops": 5,
                      "Hash Buckets": 262144,
                      "Original Hash Buckets": 262144,
                      "Hash Batches": 1,
                      "Original Hash Batches": 1,
                      "Peak Memory Usage": 7488,
                      "Plans": [
                        {
                          "Node Type": "Seq Scan",
                          "Parent Relationship": "Outer",
                          "Parallel Aware": true,
                          "Relation Name": "movie_companies",
                          "Alias": "mc",
                          "Startup Cost": 0.0,
                          "Total Cost": 31414.82,
                          "Plan Rows": 83733,
                          "Plan Width": 4,
                          "Actual Startup Time": 42.999,
                          "Actual Total Time": 68.279,
                          "Actual Rows": 27346,
                          "Actual Loops": 5,
                          "Filter": "((company_id < 467) AND (company_type_id > 1))",
                          "Rows Removed by Filter": 494480
                        }
                      ]
                    }
                  ]
                }
              ]
            }
          ]
        }
      ]
    },
    "Planning Time": 0.612,
    "Triggers": [],
    "Execution Time": 247.38
  }
]