[
  {
    "Plan": {
      "Node Type": "Aggregate",
      "Strategy": "Plain",
      "Partial Mode": "Finalize",
      "Parallel Aware": false,
      "Startup Cost": 46221.46,
      "Total Cost": 46221.47,
      "Plan Rows": 1,
      "Plan Width": 8,
      "Actual Startup Time": 155.849,
      "Actual Total Time": 162.515,
      "Actual Rows": 1,
      "Actual Loops": 1,
      "Plans": [
        {
          "Node Type": "Gather",
          "Parent Relationship": "Outer",
          "Parallel Aware": false,
          "Startup Cost": 46221.14,
          "Total Cost": 46221.45,
          "Plan Rows": 3,
          "Plan Width": 8,
          "Actual Startup Time": 155.736,
          "Actual Total Time": 162.507,
          "Actual Rows": 4,
          "Actual Loops": 1,
          "Workers Planned": 3,
          "Workers Launched": 3,
          "Single Copy": false,
          "Plans": [
            {
              "Node Type": "Aggregate",
              "Strategy": "Plain",
              "Partial Mode": "Partial",
              "Parent Relationship": "Outer",
              "Parallel Aware": false,
              "Startup Cost": 45221.14,
              "Total Cost": 45221.15,
              "Plan Rows": 1,
              "Plan Width": 8,
              "Actual Startup Time": 148.957,
              "Actual Total Time": 148.958,
              "Actual Rows": 1,
              "Actual Loops": 4,
              "Plans": [
                {
                  "Node Type": "Seq Scan",
                  "Parent Relationship": "Outer",
                  "Parallel Aware": true,
                  "Relation Name": "movie_keyword",
                  "Alias": "mk",
                  "Startup Cost": 0.0,
                  "Total Cost": 42695.65,
                  "Plan Rows": 1010194,
                  "Plan Width": 0,
                  "Actual Startup Time": 0.248,
                  "Actual Total Time": 115.037,
                  "Actual Rows": 780418,
                  "Actual Loops": 4,
                  "Filter": "(keyword_id > 1905)",
                  "Rows Removed by Filter": 350564
                }
              ]
            }
          ]
        }
      ]
    },
    "Planning Time": 0.158,
    "Triggers": [],
    "Execution Time": 162.564
  }
]