{
  "Plan": {
    "Node Type": "Aggregate",
    "Strategy": "Plain",
    "Partial Mode": "Simple",
    "Parallel Aware": false,
    "Startup Cost": 3132.71,
    "Total Cost": 3132.72,
    "Plan Rows": 1,
    "Plan Width": 8,
    "Actual Startup Time": 53.471,
    "Actual Total Time": 53.473,
    "Actual Rows": 1,
    "Actual Loops": 1,
    "Plans": [
      {
        "Node Type": "Nested Loop",
        "Parent Relationship": "Outer",
        "Parallel Aware": false,
        "Join Type": "Inner",
        "Startup Cost": 7.22,
        "Total Cost": 3132.67,
        "Plan Rows": 16,
        "Plan Width": 0,
        "Actual Startup Time": 2.785,
        "Actual Total Time": 53.113,
        "Actual Rows": 3685,
        "Actual Loops": 1,
        "Inner Unique": false,
        "Plans": [
          {
            "Node Type": "Nested Loop",
            "Parent Relationship": "Outer",
            "Parallel Aware": false,
            "Join Type": "Inner",
            "Startup Cost": 6.78,
            "Total Cost": 3007.2,
            "Plan Rows": 31,
            "Plan Width": 8,
            "Actual Startup Time": 2.741,
            "Actual Total Time": 18.05,
            "Actual Rows": 856,
            "Actual Loops": 1,
            "Inner Unique": true,
            "Plans": [
              {
                "Node Type": "Bitmap Heap Scan",
                "Parent Relationship": "Outer",
                "Parallel Aware": false,
                "Relation Name": "movie_keyword",
                "Alias": "mk",
                "Startup Cost": 6.35,
                "Total Cost": 922.98,
                "Plan Rows": 248,
                "Plan Width": 4,
                "Actual Startup Time": 1.585,
                "Actual Total Time": 5.201,
                "Actual Rows": 1915,
                "Actual Loops": 1,
                "Recheck Cond": "(keyword_id = 1907)",
                "Rows Removed by Index Recheck": 0,
                "Exact Heap Blocks": 1814,
                "Lossy Heap Blocks": 0,
                "Plans": [
                  {
                    "Node Type": "Bitmap Index Scan",
                    "Parent Relationship": "Outer",
                    "Parallel Aware": false,
                    "Index Name": "keyword_id_movie_keyword",
                    "Startup Cost": 0.0,
                    "Total Cost": 6.29,
                    "Plan Rows": 248,
                    "Plan Width": 0,
                    "Actual Startup Time": 0.904,
                    "Actual Total Time": 0.905,
                    "Actual Rows": 1915,
                    "Actual Loops": 1,
                    "Index Cond": "(keyword_id = 1907)"
                  }
                ]
              },
              {
                "Node Type": "Index Scan",
                "Parent Relationship": "Inner",
                "Parallel Aware": false,
                "Scan Direction": "Forward",
                "Index Name": "title_pkey",
                "Relation Name": "title",
                "Alias": "t",
                "Startup Cost": 0.43,
                "Total Cost": 8.4,
                "Plan Rows": 1,
                "Plan Width": 4,
                "Actual Startup Time": 0.006,
                "Actual Total Time": 0.006,
                "Actual Rows": 0,
                "Actual Loops": 1915,
                "Index Cond": "(id = mk.movie_id)",
                "Rows Removed by Index Recheck": 0,
                "Filter": "((kind_id < 7) AND (production_year < 1995))",
                "Rows Removed by Filter": 1
              }
            ]
          },
          {
            "Node Type": "Index Scan",
            "Parent Relationship": "Inner",
            "Parallel Aware": false,
            "Scan Direction": "Forward",
            "Index Name": "movie_id_movie_info",
            "Relation Name": "movie_info",
            "Alias": "mi",
            "Startup Cost": 0.43,
            "Total Cost": 4.01,
            "Plan Rows": 4,
            "Plan Width": 4,
            "Actual Startup Time": 0.015,
            "Actual Total Time": 0.04,
            "Actual Rows": 4,
            "Actual Loops": 856,
            "Index Cond": "(movie_id = t.id)",
            "Rows Removed by Index Recheck": 0,
            "Filter": "(info_type_id = 7)",
            "Rows Removed by Filter": 56
          }
        ]
      }
    ]
  },
  "Planning Time": 0.957,
  "Triggers": [],
  "Execution Time": 53.556
}