{
  "Plan": {
    "Node Type": "Aggregate",
    "Strategy": "Plain",
    "Partial Mode": "Finalize",
    "Parallel Aware": false,
    "Startup Cost": 425153.03,
    "Total Cost": 425153.04,
    "Plan Rows": 1,
    "Plan Width": 8,
    "Actual Startup Time": 4437.482,
    "Actual Total Time": 4482.629,
    "Actual Rows": 1,
    "Actual Loops": 1,
    "Plans": [
      {
        "Node Type": "Gather",
        "Parent Relationship": "Outer",
        "Parallel Aware": false,
        "Startup Cost": 425152.92,
        "Total Cost": 425153.03,
        "Plan Rows": 1,
        "Plan Width": 8,
        "Actual Startup Time": 4431.618,
        "Actual Total Time": 4482.615,
        "Actual Rows": 2,
        "Actual Loops": 1,
        "Workers Planned": 1,
        "Workers Launched": 1,
        "Single Copy": false,
        "Plans": [
          {
            "Node Type": "Aggregate",
            "Strategy": "Plain",
            "Partial Mode": "Partial",
            "Parent Relationship": "Outer",
            "Parallel Aware": false,
            "Startup Cost": 424152.92,
            "Total Cost": 424152.93,
            "Plan Rows": 1,
            "Plan Width": 8,
            "Actual Startup Time": 4425.644,
            "Actual Total Time": 4425.988,
            "Actual Rows": 1,
            "Actual Loops": 2,
            "Plans": [
              {
                "Node Type": "Hash Join",
                "Parent Relationship": "Outer",
                "Parallel Aware": true,
                "Join Type": "Inner",
                "Startup Cost": 121418.99,
                "Total Cost": 417839.9,
                "Plan Rows": 2525208,
                "Plan Width": 0,
                "Actual Startup Time": 945.217,
                "Actual Total Time": 3819.96,
                "Actual Rows": 14822964,
                "Actual Loops": 2,
                "Inner Unique": false,
                "Hash Cond": "(mi.movie_id = t.id)",
                "Plans": [
                  {
                    "Node Type": "Seq Scan",
                    "Parent Relationship": "Outer",
                    "Parallel Aware": true,
                    "Relation Name": "movie_info",
                    "Alias": "mi",
                    "Startup Cost": 0.0,
                    "Total Cost": 248955.74,
                    "Plan Rows": 8696274,
                    "Plan Width": 4,
                    "Actual Startup Time": 0.017,
                    "Actual Total Time": 651.05,
                    "Actual Rows": 7417860,
                    "Actual Loops": 2
                  },
                  {
                    "Node Type": "Hash",
                    "Parent Relationship": "Inner",
                    "Parallel Aware": true,
                    "Startup Cost": 116020.75,
                    "Total Cost": 116020.75,
                    "Plan Rows": 431859,
                    "Plan Width": 8,
                    "Actual Startup Time": 935.584,
                    "Actual Total Time": 935.926,
                    "Actual Rows": 371640,
                    "Actual Loops": 2,
                    "Hash Buckets": 1048576,
                    "Original Hash Buckets": 1048576,
                    "Hash Batches": 1,
                    "Original Hash Batches": 1,
                    "Peak Memory Usage": 37312,
                    "Plans": [
                      {
                        "Node Type": "Hash Join",
                        "Parent Relationship": "Outer",
                        "Parallel Aware": true,
                        "Join Type": "Inner",
                        "Startup Cost": 85034.88,
                        "Total Cost": 116020.75,
                        "Plan Rows": 431859,
                        "Plan Width": 8,
                        "Actual Startup Time": 627.113,
                        "Actual Total Time": 842.237,
                        "Actual Rows": 371640,
                        "Actual Loops": 2,
                        "Inner Unique": true,
                        "Hash Cond": "(mk.movie_id = t.id)",
                        "Plans": [
                          {
                            "Node Type": "Bitmap Heap Scan",
                            "Parent Relationship": "Outer",
                            "Parallel Aware": true,
                            "Relation Name": "movie_keyword",
                            "Alias": "mk",
                            "Startup Cost": 15574.18,
                            "Total Cost": 45426.42,
                            "Plan Rows": 431859,
                            "Plan Width": 4,
                            "Actual Startup Time": 40.616,
                            "Actual Total Time": 131.741,
                            "Actual Rows": 371640,
                            "Actual Loops": 2,
                            "Recheck Cond": "(keyword_id < 675)",
                            "Rows Removed by Index Recheck": 0,
                            "Exact Heap Blocks": 11651,
                            "Lossy Heap Blocks": 0,
                            "Plans": [
                              {
                                "Node Type": "Bitmap Index Scan",
                                "Parent Relationship": "Outer",
                                "Parallel Aware": false,
                                "Index Name": "keyword_id_movie_keyword",
                                "Startup Cost": 0.0,
                                "Total Cost": 15390.64,
                                "Plan Rows": 734161,
                                "Plan Width": 0,
                                "Actual Startup Time": 37.067,
                                "Actual Total Time": 37.067,
                                "Actual Rows": 743279,
                                "Actual Loops": 1,
                                "Index Cond": "(keyword_id < 675)"
                              }
                            ]
                          },
                          {
                            "Node Type": "Hash",
                            "Parent Relationship": "Inner",
                            "Parallel Aware": true,
                            "Startup Cost": 50870.31,
                            "Total Cost": 50870.31,
                            "Plan Rows": 1487231,
                            "Plan Width": 4,
                            "Actual Startup Time": 570.195,
                            "Actual Total Time": 570.196,
                            "Actual Rows": 1264156,
                            "Actual Loops": 2,
                            "Hash Buckets": 4194304,
                            "Original Hash Buckets": 4194304,
                            "Hash Batches": 1,
                            "Original Hash Batches": 1,
                            "Peak Memory Usage": 131712,
                            "Plans": [
                              {
                                "Node Type": "Seq Scan",
                                "Parent Relationship": "Outer",
                                "Parallel Aware": true,
                                "Relation Name": "title",
                                "Alias": "t",
                                "Startup Cost": 0.0,
                                "Total Cost": 50870.31,
                                "Plan Rows": 1487231,
                                "Plan Width": 4,
                                "Actual Startup Time": 0.032,
                                "Actual Total Time": 160.298,
                                "Actual Rows": 1264156,
                                "Actual Loops": 2
                              }
                            ]
                          }
                        ]
                      }
                    ]
                  }
                ]
              }
            ]
          }
        ]
      }
    ]
  },
  "Planning Time": 0.79,
  "Triggers": [],
  "Execution Time": 4482.738
}