[
    {
        "Bao": {
            "Bao prediction": "NaN",
            "Bao recommended hint": "(no hint)"
        }
    },
    {
        "Plan": {
            "Node Type": "Aggregate",
            "Strategy": "Plain",
            "Partial Mode": "Finalize",
            "Parallel Aware": false,
            "Startup Cost": 42732.39,
            "Total Cost": 42732.4,
            "Plan Rows": 1,
            "Plan Width": 8,
            "Actual Startup Time": 138.546,
            "Actual Total Time": 146.373,
            "Actual Rows": 1,
            "Actual Loops": 1,
            "Output": [
                "count(*)"
            ],
            "Plans": [
                {
                    "Node Type": "Gather",
                    "Parent Relationship": "Outer",
                    "Parallel Aware": false,
                    "Startup Cost": 42732.07,
                    "Total Cost": 42732.38,
                    "Plan Rows": 3,
                    "Plan Width": 8,
                    "Actual Startup Time": 138.167,
                    "Actual Total Time": 146.366,
                    "Actual Rows": 4,
                    "Actual Loops": 1,
                    "Output": [
                        "(PARTIAL count(*))"
                    ],
                    "Workers Planned": 3,
                    "Workers Launched": 3,
                    "Single Copy": false,
                    "Plans": [
                        {
                            "Node Type": "Aggregate",
                            "Strategy": "Plain",
                            "Partial Mode": "Partial",
                            "Parent Relationship": "Outer",
                            "Parallel Aware": false,
                            "Startup Cost": 41732.07,
                            "Total Cost": 41732.08,
                            "Plan Rows": 1,
                            "Plan Width": 8,
                            "Actual Startup Time": 130.012,
                            "Actual Total Time": 130.014,
                            "Actual Rows": 1,
                            "Actual Loops": 4,
                            "Output": [
                                "PARTIAL count(*)"
                            ],
                            "Workers": [
                                {
                                    "Worker Number": 0,
                                    "Actual Startup Time": 127.042,
                                    "Actual Total Time": 127.045,
                                    "Actual Rows": 1,
                                    "Actual Loops": 1
                                },
                                {
                                    "Worker Number": 1,
                                    "Actual Startup Time": 127.38,
                                    "Actual Total Time": 127.382,
                                    "Actual Rows": 1,
                                    "Actual Loops": 1
                                },
                                {
                                    "Worker Number": 2,
                                    "Actual Startup Time": 127.711,
                                    "Actual Total Time": 127.714,
                                    "Actual Rows": 1,
                                    "Actual Loops": 1
                                }
                            ],
                            "Plans": [
                                {
                                    "Node Type": "Bitmap Heap Scan",
                                    "Parent Relationship": "Outer",
                                    "Parallel Aware": true,
                                    "Relation Name": "movie_keyword",
                                    "Schema": "public",
                                    "Alias": "mk",
                                    "Startup Cost": 14068.73,
                                    "Total Cost": 41197.18,
                                    "Plan Rows": 213956,
                                    "Plan Width": 0,
                                    "Actual Startup Time": 33.61,
                                    "Actual Total Time": 119.406,
                                    "Actual Rows": 167239,
                                    "Actual Loops": 4,
                                    "Recheck Cond": "(mk.keyword_id < 523)",
                                    "Rows Removed by Index Recheck": 0,
                                    "Exact Heap Blocks": 11661,
                                    "Lossy Heap Blocks": 0,
                                    "Workers": [
                                        {
                                            "Worker Number": 0,
                                            "Actual Startup Time": 30.795,
                                            "Actual Total Time": 117.162,
                                            "Actual Rows": 117563,
                                            "Actual Loops": 1
                                        },
                                        {
                                            "Worker Number": 1,
                                            "Actual Startup Time": 31.005,
                                            "Actual Total Time": 117.402,
                                            "Actual Rows": 118740,
                                            "Actual Loops": 1
                                        },
                                        {
                                            "Worker Number": 2,
                                            "Actual Startup Time": 31.371,
                                            "Actual Total Time": 117.844,
                                            "Actual Rows": 114440,
                                            "Actual Loops": 1
                                        }
                                    ],
                                    "Plans": [
                                        {
                                            "Node Type": "Bitmap Index Scan",
                                            "Parent Relationship": "Outer",
                                            "Parallel Aware": false,
                                            "Index Name": "keyword_id_movie_keyword",
                                            "Startup Cost": 0.0,
                                            "Total Cost": 13902.91,
                                            "Plan Rows": 663264,
                                            "Plan Width": 0,
                                            "Actual Startup Time": 37.723,
                                            "Actual Total Time": 37.724,
                                            "Actual Rows": 668955,
                                            "Actual Loops": 1,
                                            "Index Cond": "(mk.keyword_id < 523)"
                                        }
                                    ]
                                }
                            ]
                        }
                    ]
                }
            ]
        },
        "Planning Time": 198.242,
        "Triggers": [],
        "Execution Time": 146.43
    }
]