[
  {
    "Plan": {
      "Node Type": "Aggregate",
      "Strategy": "Plain",
      "Partial Mode": "Finalize",
      "Parallel Aware": false,
      "Startup Cost": 96209.94,
      "Total Cost": 96209.95,
      "Plan Rows": 1,
      "Plan Width": 8,
      "Actual Startup Time": 39.878,
      "Actual Total Time": 43.748,
      "Actual Rows": 1,
      "Actual Loops": 1,
      "Plans": [
        {
          "Node Type": "Gather",
          "Parent Relationship": "Outer",
          "Parallel Aware": false,
          "Startup Cost": 96209.62,
          "Total Cost": 96209.93,
          "Plan Rows": 3,
          "Plan Width": 8,
          "Actual Startup Time": 38.223,
          "Actual Total Time": 43.741,
          "Actual Rows": 4,
          "Actual Loops": 1,
          "Workers Planned": 3,
          "Workers Launched": 3,
          "Single Copy": false,
          "Plans": [
            {
              "Node Type": "Aggregate",
              "Strategy": "Plain",
              "Partial Mode": "Partial",
              "Parent Relationship": "Outer",
              "Parallel Aware": false,
              "Startup Cost": 95209.62,
              "Total Cost": 95209.63,
              "Plan Rows": 1,
              "Plan Width": 8,
              "Actual Startup Time": 29.469,
              "Actual Total Time": 29.471,
              "Actual Rows": 1,
              "Actual Loops": 4,
              "Plans": [
                {
                  "Node Type": "Nested Loop",
                  "Parent Relationship": "Outer",
                  "Parallel Aware": false,
                  "Join Type": "Inner",
                  "Startup Cost": 385.78,
                  "Total Cost": 95192.46,
                  "Plan Rows": 6864,
                  "Plan Width": 0,
                  "Actual Startup Time": 0.634,
                  "Actual Total Time": 28.927,
                  "Actual Rows": 3424,
                  "Actual Loops": 4,
                  "Inner Unique": true,
                  "Plans": [
                    {
                      "Node Type": "Bitmap Heap Scan",
                      "Parent Relationship": "Outer",
                      "Parallel Aware": true,
                      "Relation Name": "movie_info",
                      "Alias": "mi",
                      "Startup Cost": 385.35,
                      "Total Cost": 59311.42,
                      "Plan Rows": 6864,
                      "Plan Width": 4,
                      "Actual Startup Time": 0.41,
                      "Actual Total Time": 1.421,
                      "Actual Rows": 3424,
                      "Actual Loops": 4,
                      "Recheck Cond": "(info_type_id = 97)",
                      "Rows Removed by Index Recheck": 0,
                      "Exact Heap Blocks": 123,
                      "Lossy Heap Blocks": 0,
                      "Plans": [
                        {
                          "Node Type": "Bitmap Index Scan",
                          "Parent Relationship": "Outer",
                          "Parallel Aware": false,
                          "Index Name": "info_type_id_movie_info",
                          "Startup Cost": 0.0,
                          "Total Cost": 380.03,
                          "Plan Rows": 21279,
                          "Plan Width": 0,
                          "Actual Startup Time": 1.153,
                          "Actual Total Time": 1.153,
                          "Actual Rows": 13698,
                          "Actual Loops": 1,
                          "Index Cond": "(info_type_id = 97)"
                        }
                      ]
                    },
                    {
                      "Node Type": "Index Only Scan",
                      "Parent Relationship": "Inner",
                      "Parallel Aware": false,
                      "Scan Direction": "Forward",
                      "Index Name": "title_pkey",
                      "Relation Name": "title",
                      "Alias": "t",
                      "Startup Cost": 0.43,
                      "Total Cost": 5.23,
                      "Plan Rows": 1,
                      "Plan Width": 4,
                      "Actual Startup Time": 0.007,
                      "Actual Total Time": 0.007,
                      "Actual Rows": 1,
                      "Actual Loops": 13698,
                      "Index Cond": "(id = mi.movie_id)",
                      "Rows Removed by Index Recheck": 0,
                      "Heap Fetches": 13698
                    }
                  ]
                }
              ]
            }
          ]
        }
      ]
    },
    "Planning Time": 0.644,
    "Triggers": [],
    "Execution Time": 43.829
  }
]