[
  {
    "Plan": {
      "Node Type": "Aggregate",
      "Strategy": "Plain",
      "Partial Mode": "Finalize",
      "Parallel Aware": false,
      "Startup Cost": 86589.37,
      "Total Cost": 86589.38,
      "Plan Rows": 1,
      "Plan Width": 8,
      "Actual Startup Time": 47.375,
      "Actual Total Time": 53.01,
      "Actual Rows": 1,
      "Actual Loops": 1,
      "Plans": [
        {
          "Node Type": "Gather",
          "Parent Relationship": "Outer",
          "Parallel Aware": false,
          "Startup Cost": 86589.05,
          "Total Cost": 86589.36,
          "Plan Rows": 3,
          "Plan Width": 8,
          "Actual Startup Time": 46.954,
          "Actual Total Time": 53.003,
          "Actual Rows": 4,
          "Actual Loops": 1,
          "Workers Planned": 3,
          "Workers Launched": 3,
          "Single Copy": false,
          "Plans": [
            {
              "Node Type": "Aggregate",
              "Strategy": "Plain",
              "Partial Mode": "Partial",
              "Parent Relationship": "Outer",
              "Parallel Aware": false,
              "Startup Cost": 85589.05,
              "Total Cost": 85589.06,
              "Plan Rows": 1,
              "Plan Width": 8,
              "Actual Startup Time": 37.422,
              "Actual Total Time": 37.423,
              "Actual Rows": 1,
              "Actual Loops": 4,
              "Plans": [
                {
                  "Node Type": "Nested Loop",
                  "Parent Relationship": "Outer",
                  "Parallel Aware": false,
                  "Join Type": "Inner",
                  "Startup Cost": 334.17,
                  "Total Cost": 85574.34,
                  "Plan Rows": 5882,
                  "Plan Width": 0,
                  "Actual Startup Time": 1.555,
                  "Actual Total Time": 36.757,
                  "Actual Rows": 3424,
                  "Actual Loops": 4,
                  "Inner Unique": true,
                  "Plans": [
                    {
                      "Node Type": "Bitmap Heap Scan",
                      "Parent Relationship": "Outer",
                      "Parallel Aware": true,
                      "Relation Name": "movie_info",
                      "Alias": "mi",
                      "Startup Cost": 333.74,
                      "Total Cost": 52550.47,
                      "Plan Rows": 5882,
                      "Plan Width": 4,
                      "Actual Startup Time": 1.382,
                      "Actual Total Time": 2.762,
                      "Actual Rows": 3424,
                      "Actual Loops": 4,
                      "Recheck Cond": "(info_type_id = 97)",
                      "Rows Removed by Index Recheck": 0,
                      "Exact Heap Blocks": 95,
                      "Lossy Heap Blocks": 0,
                      "Plans": [
                        {
                          "Node Type": "Bitmap Index Scan",
                          "Parent Relationship": "Outer",
                          "Parallel Aware": false,
                          "Index Name": "info_type_id_movie_info",
                          "Startup Cost": 0.0,
                          "Total Cost": 329.18,
                          "Plan Rows": 18233,
                          "Plan Width": 0,
                          "Actual Startup Time": 5.037,
                          "Actual Total Time": 5.037,
                          "Actual Rows": 13698,
                          "Actual Loops": 1,
                          "Index Cond": "(info_type_id = 97)"
                        }
                      ]
                    },
                    {
                      "Node Type": "Index Only Scan",
                      "Parent Relationship": "Inner",
                      "Parallel Aware": false,
                      "Scan Direction": "Forward",
                      "Index Name": "title_pkey",
                      "Relation Name": "title",
                      "Alias": "t",
                      "Startup Cost": 0.43,
                      "Total Cost": 5.61,
                      "Plan Rows": 1,
                      "Plan Width": 4,
                      "Actual Startup Time": 0.009,
                      "Actual Total Time": 0.009,
                      "Actual Rows": 1,
                      "Actual Loops": 13698,
                      "Index Cond": "(id = mi.movie_id)",
                      "Rows Removed by Index Recheck": 0,
                      "Heap Fetches": 13698
                    }
                  ]
                }
              ]
            }
          ]
        }
      ]
    },
    "Planning Time": 0.675,
    "Triggers": [],
    "Execution Time": 53.096
  }
]