[
  {
    "Plan": {
      "Node Type": "Aggregate",
      "Strategy": "Plain",
      "Partial Mode": "Finalize",
      "Parallel Aware": false,
      "Startup Cost": 238630.76,
      "Total Cost": 238630.77,
      "Plan Rows": 1,
      "Plan Width": 8,
      "Actual Startup Time": 211.446,
      "Actual Total Time": 225.124,
      "Actual Rows": 1,
      "Actual Loops": 1,
      "Plans": [
        {
          "Node Type": "Gather",
          "Parent Relationship": "Outer",
          "Parallel Aware": false,
          "Startup Cost": 238630.24,
          "Total Cost": 238630.75,
          "Plan Rows": 5,
          "Plan Width": 8,
          "Actual Startup Time": 209.59,
          "Actual Total Time": 225.115,
          "Actual Rows": 6,
          "Actual Loops": 1,
          "Workers Planned": 5,
          "Workers Launched": 5,
          "Single Copy": false,
          "Plans": [
            {
              "Node Type": "Aggregate",
              "Strategy": "Plain",
              "Partial Mode": "Partial",
              "Parent Relationship": "Outer",
              "Parallel Aware": false,
              "Startup Cost": 237630.24,
              "Total Cost": 237630.25,
              "Plan Rows": 1,
              "Plan Width": 8,
              "Actual Startup Time": 204.774,
              "Actual Total Time": 204.78,
              "Actual Rows": 1,
              "Actual Loops": 6,
              "Plans": [
                {
                  "Node Type": "Hash Join",
                  "Parent Relationship": "Outer",
                  "Parallel Aware": true,
                  "Join Type": "Inner",
                  "Startup Cost": 71360.34,
                  "Total Cost": 237568.84,
                  "Plan Rows": 24560,
                  "Plan Width": 0,
                  "Actual Startup Time": 129.054,
                  "Actual Total Time": 202.442,
                  "Actual Rows": 27699,
                  "Actual Loops": 6,
                  "Inner Unique": true,
                  "Hash Cond": "(mi.movie_id = t.id)",
                  "Plans": [
                    {
                      "Node Type": "Bitmap Heap Scan",
                      "Parent Relationship": "Outer",
                      "Parallel Aware": true,
                      "Relation Name": "movie_info",
                      "Alias": "mi",
                      "Startup Cost": 25184.48,
                      "Total Cost": 190661.36,
                      "Plan Rows": 278711,
                      "Plan Width": 4,
                      "Actual Startup Time": 47.182,
                      "Actual Total Time": 86.352,
                      "Actual Rows": 233650,
                      "Actual Loops": 6,
                      "Recheck Cond": "(info_type_id = 7)",
                      "Rows Removed by Index Recheck": 0,
                      "Exact Heap Blocks": 2396,
                      "Lossy Heap Blocks": 0,
                      "Plans": [
                        {
                          "Node Type": "Bitmap Index Scan",
                          "Parent Relationship": "Outer",
                          "Parallel Aware": false,
                          "Index Name": "info_type_id_movie_info",
                          "Startup Cost": 0.0,
                          "Total Cost": 24836.09,
                          "Plan Rows": 1393554,
                          "Plan Width": 0,
                          "Actual Startup Time": 45.619,
                          "Actual Total Time": 45.62,
                          "Actual Rows": 1401902,
                          "Actual Loops": 1,
                          "Index Cond": "(info_type_id = 7)"
                        }
                      ]
                    },
                    {
                      "Node Type": "Hash",
                      "Parent Relationship": "Inner",
                      "Parallel Aware": true,
                      "Startup Cost": 45479.59,
                      "Total Cost": 45479.59,
                      "Plan Rows": 55702,
                      "Plan Width": 4,
                      "Actual Startup Time": 80.479,
                      "Actual Total Time": 80.48,
                      "Actual Rows": 21592,
                      "Actual Loops": 6,
                      "Hash Buckets": 262144,
                      "Original Hash Buckets": 262144,
                      "Hash Batches": 1,
                      "Original Hash Batches": 1,
                      "Peak Memory Usage": 7168,
                      "Plans": [
                        {
                          "Node Type": "Seq Scan",
                          "Parent Relationship": "Outer",
                          "Parallel Aware": true,
                          "Relation Name": "title",
                          "Alias": "t",
                          "Startup Cost": 0.0,
                          "Total Cost": 45479.59,
                          "Plan Rows": 55702,
                          "Plan Width": 4,
                          "Actual Startup Time": 0.025,
                          "Actual Total Time": 71.777,
                          "Actual Rows": 21592,
                          "Actual Loops": 6,
                          "Filter": "((production_year < 1971) AND (kind_id = 7))",
                          "Rows Removed by Filter": 399793
                        }
                      ]
                    }
                  ]
                }
              ]
            }
          ]
        }
      ]
    },
    "Planning Time": 0.255,
    "Triggers": [],
    "Execution Time": 225.165
  }
]