[
  {
    "Plan": {
      "Node Type": "Aggregate",
      "Strategy": "Plain",
      "Partial Mode": "Finalize",
      "Parallel Aware": false,
      "Startup Cost": 332937.24,
      "Total Cost": 332937.25,
      "Plan Rows": 1,
      "Plan Width": 8,
      "Actual Startup Time": 673.807,
      "Actual Total Time": 718.877,
      "Actual Rows": 1,
      "Actual Loops": 1,
      "Plans": [
        {
          "Node Type": "Gather",
          "Parent Relationship": "Outer",
          "Parallel Aware": false,
          "Startup Cost": 332936.62,
          "Total Cost": 332937.23,
          "Plan Rows": 6,
          "Plan Width": 8,
          "Actual Startup Time": 673.525,
          "Actual Total Time": 718.864,
          "Actual Rows": 7,
          "Actual Loops": 1,
          "Workers Planned": 6,
          "Workers Launched": 6,
          "Single Copy": false,
          "Plans": [
            {
              "Node Type": "Aggregate",
              "Strategy": "Plain",
              "Partial Mode": "Partial",
              "Parent Relationship": "Outer",
              "Parallel Aware": false,
              "Startup Cost": 331936.62,
              "Total Cost": 331936.63,
              "Plan Rows": 1,
              "Plan Width": 8,
              "Actual Startup Time": 665.036,
              "Actual Total Time": 665.038,
              "Actual Rows": 1,
              "Actual Loops": 7,
              "Plans": [
                {
                  "Node Type": "Seq Scan",
                  "Parent Relationship": "Outer",
                  "Parallel Aware": true,
                  "Relation Name": "cast_info",
                  "Alias": "ci",
                  "Startup Cost": 0.0,
                  "Total Cost": 328211.39,
                  "Plan Rows": 1490091,
                  "Plan Width": 0,
                  "Actual Startup Time": 332.434,
                  "Actual Total Time": 596.866,
                  "Actual Rows": 1258504,
                  "Actual Loops": 7,
                  "Filter": "(person_id > 2810848)",
                  "Rows Removed by Filter": 3919260
                }
              ]
            }
          ]
        }
      ]
    },
    "Planning Time": 0.102,
    "Triggers": [],
    "Execution Time": 718.918
  }
]