[
  {
    "Plan": {
      "Node Type": "Aggregate",
      "Strategy": "Plain",
      "Partial Mode": "Finalize",
      "Parallel Aware": false,
      "Startup Cost": 270238.02,
      "Total Cost": 270238.03,
      "Plan Rows": 1,
      "Plan Width": 8,
      "Actual Startup Time": 89.363,
      "Actual Total Time": 96.746,
      "Actual Rows": 1,
      "Actual Loops": 1,
      "Plans": [
        {
          "Node Type": "Gather",
          "Parent Relationship": "Outer",
          "Parallel Aware": false,
          "Startup Cost": 270237.39,
          "Total Cost": 270238.0,
          "Plan Rows": 6,
          "Plan Width": 8,
          "Actual Startup Time": 88.871,
          "Actual Total Time": 96.732,
          "Actual Rows": 7,
          "Actual Loops": 1,
          "Workers Planned": 6,
          "Workers Launched": 6,
          "Single Copy": false,
          "Plans": [
            {
              "Node Type": "Aggregate",
              "Strategy": "Plain",
              "Partial Mode": "Partial",
              "Parent Relationship": "Outer",
              "Parallel Aware": false,
              "Startup Cost": 269237.39,
              "Total Cost": 269237.4,
              "Plan Rows": 1,
              "Plan Width": 8,
              "Actual Startup Time": 79.95,
              "Actual Total Time": 79.952,
              "Actual Rows": 1,
              "Actual Loops": 7,
              "Plans": [
                {
                  "Node Type": "Bitmap Heap Scan",
                  "Parent Relationship": "Outer",
                  "Parallel Aware": true,
                  "Relation Name": "cast_info",
                  "Alias": "ci",
                  "Startup Cost": 14867.02,
                  "Total Cost": 268956.83,
                  "Plan Rows": 112225,
                  "Plan Width": 0,
                  "Actual Startup Time": 32.087,
                  "Actual Total Time": 73.276,
                  "Actual Rows": 87763,
                  "Actual Loops": 7,
                  "Recheck Cond": "(person_id > 3942483)",
                  "Rows Removed by Index Recheck": 0,
                  "Exact Heap Blocks": 3137,
                  "Lossy Heap Blocks": 0,
                  "Plans": [
                    {
                      "Node Type": "Bitmap Index Scan",
                      "Parent Relationship": "Outer",
                      "Parallel Aware": false,
                      "Index Name": "person_id_cast_info",
                      "Startup Cost": 0.0,
                      "Total Cost": 14698.68,
                      "Plan Rows": 673349,
                      "Plan Width": 0,
                      "Actual Startup Time": 38.768,
                      "Actual Total Time": 38.768,
                      "Actual Rows": 614340,
                      "Actual Loops": 1,
                      "Index Cond": "(person_id > 3942483)"
                    }
                  ]
                }
              ]
            }
          ]
        }
      ]
    },
    "Planning Time": 0.225,
    "Triggers": [],
    "Execution Time": 96.805
  }
]