[
  {
    "Plan": {
      "Node Type": "Aggregate",
      "Strategy": "Plain",
      "Partial Mode": "Finalize",
      "Parallel Aware": false,
      "Startup Cost": 335408.2,
      "Total Cost": 335408.21,
      "Plan Rows": 1,
      "Plan Width": 8,
      "Actual Startup Time": 797.146,
      "Actual Total Time": 846.381,
      "Actual Rows": 1,
      "Actual Loops": 1,
      "Plans": [
        {
          "Node Type": "Gather",
          "Parent Relationship": "Outer",
          "Parallel Aware": false,
          "Startup Cost": 335407.58,
          "Total Cost": 335408.19,
          "Plan Rows": 6,
          "Plan Width": 8,
          "Actual Startup Time": 796.934,
          "Actual Total Time": 846.363,
          "Actual Rows": 7,
          "Actual Loops": 1,
          "Workers Planned": 6,
          "Workers Launched": 6,
          "Single Copy": false,
          "Plans": [
            {
              "Node Type": "Aggregate",
              "Strategy": "Plain",
              "Partial Mode": "Partial",
              "Parent Relationship": "Outer",
              "Parallel Aware": false,
              "Startup Cost": 334407.58,
              "Total Cost": 334407.59,
              "Plan Rows": 1,
              "Plan Width": 8,
              "Actual Startup Time": 788.852,
              "Actual Total Time": 788.854,
              "Actual Rows": 1,
              "Actual Loops": 7,
              "Plans": [
                {
                  "Node Type": "Seq Scan",
                  "Parent Relationship": "Outer",
                  "Parallel Aware": true,
                  "Relation Name": "cast_info",
                  "Alias": "ci",
                  "Startup Cost": 0.0,
                  "Total Cost": 328211.39,
                  "Plan Rows": 2478474,
                  "Plan Width": 0,
                  "Actual Startup Time": 0.054,
                  "Actual Total Time": 668.909,
                  "Actual Rows": 2143056,
                  "Actual Loops": 7,
                  "Filter": "(person_id < 1480689)",
                  "Rows Removed by Filter": 3034708
                }
              ]
            }
          ]
        }
      ]
    },
    "Planning Time": 0.227,
    "Triggers": [],
    "Execution Time": 846.459
  }
]