[
  {
    "Plan": {
      "Node Type": "Aggregate",
      "Strategy": "Plain",
      "Partial Mode": "Finalize",
      "Parallel Aware": false,
      "Startup Cost": 241618.92,
      "Total Cost": 241618.93,
      "Plan Rows": 1,
      "Plan Width": 8,
      "Actual Startup Time": 319.058,
      "Actual Total Time": 331.471,
      "Actual Rows": 1,
      "Actual Loops": 1,
      "Plans": [
        {
          "Node Type": "Gather",
          "Parent Relationship": "Outer",
          "Parallel Aware": false,
          "Startup Cost": 241618.39,
          "Total Cost": 241618.9,
          "Plan Rows": 5,
          "Plan Width": 8,
          "Actual Startup Time": 316.164,
          "Actual Total Time": 331.462,
          "Actual Rows": 6,
          "Actual Loops": 1,
          "Workers Planned": 5,
          "Workers Launched": 5,
          "Single Copy": false,
          "Plans": [
            {
              "Node Type": "Aggregate",
              "Strategy": "Plain",
              "Partial Mode": "Partial",
              "Parent Relationship": "Outer",
              "Parallel Aware": false,
              "Startup Cost": 240618.39,
              "Total Cost": 240618.4,
              "Plan Rows": 1,
              "Plan Width": 8,
              "Actual Startup Time": 305.614,
              "Actual Total Time": 305.618,
              "Actual Rows": 1,
              "Actual Loops": 6,
              "Plans": [
                {
                  "Node Type": "Hash Join",
                  "Parent Relationship": "Outer",
                  "Parallel Aware": true,
                  "Join Type": "Inner",
                  "Startup Cost": 73780.56,
                  "Total Cost": 240417.05,
                  "Plan Rows": 80538,
                  "Plan Width": 0,
                  "Actual Startup Time": 199.668,
                  "Actual Total Time": 296.153,
                  "Actual Rows": 184976,
                  "Actual Loops": 6,
                  "Inner Unique": true,
                  "Hash Cond": "(mi.movie_id = t.id)",
                  "Plans": [
                    {
                      "Node Type": "Bitmap Heap Scan",
                      "Parent Relationship": "Outer",
                      "Parallel Aware": true,
                      "Relation Name": "movie_info",
                      "Alias": "mi",
                      "Startup Cost": 27808.97,
                      "Total Cost": 193639.56,
                      "Plan Rows": 307007,
                      "Plan Width": 4,
                      "Actual Startup Time": 51.609,
                      "Actual Total Time": 91.168,
                      "Actual Rows": 255652,
                      "Actual Loops": 6,
                      "Recheck Cond": "(info_type_id = 3)",
                      "Rows Removed by Index Recheck": 0,
                      "Exact Heap Blocks": 1861,
                      "Lossy Heap Blocks": 0,
                      "Plans": [
                        {
                          "Node Type": "Bitmap Index Scan",
                          "Parent Relationship": "Outer",
                          "Parallel Aware": false,
                          "Index Name": "info_type_id_movie_info",
                          "Startup Cost": 0.0,
                          "Total Cost": 27425.21,
                          "Plan Rows": 1535037,
                          "Plan Width": 0,
                          "Actual Startup Time": 49.898,
                          "Actual Total Time": 49.899,
                          "Actual Rows": 1533909,
                          "Actual Loops": 1,
                          "Index Cond": "(info_type_id = 3)"
                        }
                      ]
                    },
                    {
                      "Node Type": "Hash",
                      "Parent Relationship": "Inner",
                      "Parallel Aware": true,
                      "Startup Cost": 43898.92,
                      "Total Cost": 43898.92,
                      "Plan Rows": 165814,
                      "Plan Width": 4,
                      "Actual Startup Time": 129.038,
                      "Actual Total Time": 129.039,
                      "Actual Rows": 110471,
                      "Actual Loops": 6,
                      "Hash Buckets": 1048576,
                      "Original Hash Buckets": 1048576,
                      "Hash Batches": 1,
                      "Original Hash Batches": 1,
                      "Peak Memory Usage": 34272,
                      "Plans": [
                        {
                          "Node Type": "Seq Scan",
                          "Parent Relationship": "Outer",
                          "Parallel Aware": true,
                          "Relation Name": "title",
                          "Alias": "t",
                          "Startup Cost": 0.0,
                          "Total Cost": 43898.92,
                          "Plan Rows": 165814,
                          "Plan Width": 4,
                          "Actual Startup Time": 44.605,
                          "Actual Total Time": 84.588,
                          "Actual Rows": 110471,
                          "Actual Loops": 6,
                          "Filter": "(kind_id = 1)",
                          "Rows Removed by Filter": 310914
                        }
                      ]
                    }
                  ]
                }
              ]
            }
          ]
        }
      ]
    },
    "Planning Time": 0.623,
    "Triggers": [],
    "Execution Time": 331.563
  }
]