[
    {
        "Bao": {
            "Bao prediction": 459.577,
            "Bao recommended hint": "SET enable_mergejoin TO off; SET enable_indexscan TO off; "
        }
    },
    {
        "Plan": {
            "Node Type": "Aggregate",
            "Strategy": "Plain",
            "Partial Mode": "Finalize",
            "Parallel Aware": false,
            "Startup Cost": 346518.4,
            "Total Cost": 346518.41,
            "Plan Rows": 1,
            "Plan Width": 8,
            "Actual Startup Time": 633.898,
            "Actual Total Time": 672.077,
            "Actual Rows": 1,
            "Actual Loops": 1,
            "Output": [
                "count(*)"
            ],
            "Plans": [
                {
                    "Node Type": "Gather",
                    "Parent Relationship": "Outer",
                    "Parallel Aware": false,
                    "Startup Cost": 346517.77,
                    "Total Cost": 346518.38,
                    "Plan Rows": 6,
                    "Plan Width": 8,
                    "Actual Startup Time": 633.816,
                    "Actual Total Time": 672.07,
                    "Actual Rows": 7,
                    "Actual Loops": 1,
                    "Output": [
                        "(PARTIAL count(*))"
                    ],
                    "Workers Planned": 6,
                    "Workers Launched": 6,
                    "Single Copy": false,
                    "Plans": [
                        {
                            "Node Type": "Aggregate",
                            "Strategy": "Plain",
                            "Partial Mode": "Partial",
                            "Parent Relationship": "Outer",
                            "Parallel Aware": false,
                            "Startup Cost": 345517.77,
                            "Total Cost": 345517.78,
                            "Plan Rows": 1,
                            "Plan Width": 8,
                            "Actual Startup Time": 624.718,
                            "Actual Total Time": 624.719,
                            "Actual Rows": 1,
                            "Actual Loops": 7,
                            "Output": [
                                "PARTIAL count(*)"
                            ],
                            "Workers": [
                                {
                                    "Worker Number": 0,
                                    "Actual Startup Time": 622.625,
                                    "Actual Total Time": 622.626,
                                    "Actual Rows": 1,
                                    "Actual Loops": 1
                                },
                                {
                                    "Worker Number": 1,
                                    "Actual Startup Time": 623.21,
                                    "Actual Total Time": 623.211,
                                    "Actual Rows": 1,
                                    "Actual Loops": 1
                                },
                                {
                                    "Worker Number": 2,
                                    "Actual Startup Time": 623.304,
                                    "Actual Total Time": 623.305,
                                    "Actual Rows": 1,
                                    "Actual Loops": 1
                                },
                                {
                                    "Worker Number": 3,
                                    "Actual Startup Time": 623.333,
                                    "Actual Total Time": 623.334,
                                    "Actual Rows": 1,
                                    "Actual Loops": 1
                                },
                                {
                                    "Worker Number": 4,
                                    "Actual Startup Time": 623.304,
                                    "Actual Total Time": 623.305,
                                    "Actual Rows": 1,
                                    "Actual Loops": 1
                                },
                                {
                                    "Worker Number": 5,
                                    "Actual Startup Time": 623.929,
                                    "Actual Total Time": 623.93,
                                    "Actual Rows": 1,
                                    "Actual Loops": 1
                                }
                            ],
                            "Plans": [
                                {
                                    "Node Type": "Seq Scan",
                                    "Parent Relationship": "Outer",
                                    "Parallel Aware": true,
                                    "Relation Name": "cast_info",
                                    "Schema": "public",
                                    "Alias": "ci",
                                    "Startup Cost": 0.0,
                                    "Total Cost": 343318.94,
                                    "Plan Rows": 879533,
                                    "Plan Width": 0,
                                    "Actual Startup Time": 445.983,
                                    "Actual Total Time": 583.537,
                                    "Actual Rows": 916964,
                                    "Actual Loops": 7,
                                    "Output": [
                                        "id",
                                        "person_id",
                                        "movie_id",
                                        "person_role_id",
                                        "note",
                                        "nr_order",
                                        "role_id"
                                    ],
                                    "Filter": "((ci.person_id > 990382) AND (ci.role_id > 7))",
                                    "Rows Removed by Filter": 4260800,
                                    "Workers": [
                                        {
                                            "Worker Number": 0,
                                            "Actual Startup Time": 443.904,
                                            "Actual Total Time": 582.027,
                                            "Actual Rows": 611424,
                                            "Actual Loops": 1
                                        },
                                        {
                                            "Worker Number": 1,
                                            "Actual Startup Time": 444.475,
                                            "Actual Total Time": 582.788,
                                            "Actual Rows": 931442,
                                            "Actual Loops": 1
                                        },
                                        {
                                            "Worker Number": 2,
                                            "Actual Startup Time": 444.572,
                                            "Actual Total Time": 583.117,
                                            "Actual Rows": 923665,
                                            "Actual Loops": 1
                                        },
                                        {
                                            "Worker Number": 3,
                                            "Actual Startup Time": 444.594,
                                            "Actual Total Time": 583.256,
                                            "Actual Rows": 922214,
                                            "Actual Loops": 1
                                        },
                                        {
                                            "Worker Number": 4,
                                            "Actual Startup Time": 444.558,
                                            "Actual Total Time": 582.781,
                                            "Actual Rows": 933470,
                                            "Actual Loops": 1
                                        },
                                        {
                                            "Worker Number": 5,
                                            "Actual Startup Time": 445.194,
                                            "Actual Total Time": 584.997,
                                            "Actual Rows": 952175,
                                            "Actual Loops": 1
                                        }
                                    ]
                                }
                            ]
                        }
                    ]
                }
            ]
        },
        "Planning Time": 227.357,
        "Triggers": [],
        "Execution Time": 672.148
    }
]