{
  "Plan": {
    "Node Type": "Aggregate",
    "Strategy": "Plain",
    "Partial Mode": "Finalize",
    "Parallel Aware": false,
    "Startup Cost": 700688.77,
    "Total Cost": 700688.78,
    "Plan Rows": 1,
    "Plan Width": 8,
    "Actual Startup Time": 8061.257,
    "Actual Total Time": 8125.045,
    "Actual Rows": 1,
    "Actual Loops": 1,
    "Plans": [
      {
        "Node Type": "Gather",
        "Parent Relationship": "Outer",
        "Parallel Aware": false,
        "Startup Cost": 700688.66,
        "Total Cost": 700688.77,
        "Plan Rows": 1,
        "Plan Width": 8,
        "Actual Startup Time": 8056.681,
        "Actual Total Time": 8125.033,
        "Actual Rows": 2,
        "Actual Loops": 1,
        "Workers Planned": 1,
        "Workers Launched": 1,
        "Single Copy": false,
        "Plans": [
          {
            "Node Type": "Aggregate",
            "Strategy": "Plain",
            "Partial Mode": "Partial",
            "Parent Relationship": "Outer",
            "Parallel Aware": false,
            "Startup Cost": 699688.66,
            "Total Cost": 699688.67,
            "Plan Rows": 1,
            "Plan Width": 8,
            "Actual Startup Time": 8050.447,
            "Actual Total Time": 8050.451,
            "Actual Rows": 1,
            "Actual Loops": 2,
            "Plans": [
              {
                "Node Type": "Hash Join",
                "Parent Relationship": "Outer",
                "Parallel Aware": true,
                "Join Type": "Inner",
                "Startup Cost": 67117.99,
                "Total Cost": 676144.12,
                "Plan Rows": 9417815,
                "Plan Width": 0,
                "Actual Startup Time": 452.394,
                "Actual Total Time": 7687.547,
                "Actual Rows": 8458129,
                "Actual Loops": 2,
                "Inner Unique": true,
                "Hash Cond": "(ci.movie_id = t.id)",
                "Plans": [
                  {
                    "Node Type": "Seq Scan",
                    "Parent Relationship": "Outer",
                    "Parallel Aware": true,
                    "Relation Name": "cast_info",
                    "Alias": "ci",
                    "Startup Cost": 0.0,
                    "Total Cost": 572345.93,
                    "Plan Rows": 13973385,
                    "Plan Width": 4,
                    "Actual Startup Time": 5.766,
                    "Actual Total Time": 2015.584,
                    "Actual Rows": 11985768,
                    "Actual Loops": 2,
                    "Filter": "((person_id > 23072) AND (role_id < 4))",
                    "Rows Removed by Filter": 6136404
                  },
                  {
                    "Node Type": "Hash",
                    "Parent Relationship": "Inner",
                    "Parallel Aware": true,
                    "Startup Cost": 54588.39,
                    "Total Cost": 54588.39,
                    "Plan Rows": 1002368,
                    "Plan Width": 4,
                    "Actual Startup Time": 433.699,
                    "Actual Total Time": 433.701,
                    "Actual Rows": 850158,
                    "Actual Loops": 2,
                    "Hash Buckets": 2097152,
                    "Original Hash Buckets": 2097152,
                    "Hash Batches": 1,
                    "Original Hash Batches": 1,
                    "Peak Memory Usage": 82944,
                    "Plans": [
                      {
                        "Node Type": "Seq Scan",
                        "Parent Relationship": "Outer",
                        "Parallel Aware": true,
                        "Relation Name": "title",
                        "Alias": "t",
                        "Startup Cost": 0.0,
                        "Total Cost": 54588.39,
                        "Plan Rows": 1002368,
                        "Plan Width": 4,
                        "Actual Startup Time": 0.029,
                        "Actual Total Time": 175.868,
                        "Actual Rows": 850158,
                        "Actual Loops": 2,
                        "Filter": "(production_year > 1992)",
                        "Rows Removed by Filter": 413998
                      }
                    ]
                  }
                ]
              }
            ]
          }
        ]
      }
    ]
  },
  "Planning Time": 0.508,
  "Triggers": [],
  "Execution Time": 8125.113
}