[
  {
    "Plan": {
      "Node Type": "Aggregate",
      "Strategy": "Plain",
      "Partial Mode": "Finalize",
      "Parallel Aware": false,
      "Startup Cost": 334606.94,
      "Total Cost": 334606.95,
      "Plan Rows": 1,
      "Plan Width": 8,
      "Actual Startup Time": 673.917,
      "Actual Total Time": 732.808,
      "Actual Rows": 1,
      "Actual Loops": 1,
      "Plans": [
        {
          "Node Type": "Gather",
          "Parent Relationship": "Outer",
          "Parallel Aware": false,
          "Startup Cost": 334606.32,
          "Total Cost": 334606.93,
          "Plan Rows": 6,
          "Plan Width": 8,
          "Actual Startup Time": 673.761,
          "Actual Total Time": 732.795,
          "Actual Rows": 7,
          "Actual Loops": 1,
          "Workers Planned": 6,
          "Workers Launched": 6,
          "Single Copy": false,
          "Plans": [
            {
              "Node Type": "Aggregate",
              "Strategy": "Plain",
              "Partial Mode": "Partial",
              "Parent Relationship": "Outer",
              "Parallel Aware": false,
              "Startup Cost": 333606.32,
              "Total Cost": 333606.33,
              "Plan Rows": 1,
              "Plan Width": 8,
              "Actual Startup Time": 663.236,
              "Actual Total Time": 663.238,
              "Actual Rows": 1,
              "Actual Loops": 7,
              "Plans": [
                {
                  "Node Type": "Seq Scan",
                  "Parent Relationship": "Outer",
                  "Parallel Aware": true,
                  "Relation Name": "cast_info",
                  "Alias": "ci",
                  "Startup Cost": 0.0,
                  "Total Cost": 328162.03,
                  "Plan Rows": 2177717,
                  "Plan Width": 0,
                  "Actual Startup Time": 263.184,
                  "Actual Total Time": 582.835,
                  "Actual Rows": 1861506,
                  "Actual Loops": 7,
                  "Filter": "(person_id > 2373580)",
                  "Rows Removed by Filter": 3316257
                }
              ]
            }
          ]
        }
      ]
    },
    "Planning Time": 0.172,
    "Triggers": [],
    "Execution Time": 732.883
  }
]