[
  {
    "Plan": {
      "Node Type": "Aggregate",
      "Strategy": "Plain",
      "Partial Mode": "Finalize",
      "Parallel Aware": false,
      "Startup Cost": 128552.84,
      "Total Cost": 128552.85,
      "Plan Rows": 1,
      "Plan Width": 8,
      "Actual Startup Time": 128.897,
      "Actual Total Time": 146.94,
      "Actual Rows": 1,
      "Actual Loops": 1,
      "Plans": [
        {
          "Node Type": "Gather",
          "Parent Relationship": "Outer",
          "Parallel Aware": false,
          "Startup Cost": 128552.42,
          "Total Cost": 128552.83,
          "Plan Rows": 4,
          "Plan Width": 8,
          "Actual Startup Time": 128.73,
          "Actual Total Time": 146.931,
          "Actual Rows": 5,
          "Actual Loops": 1,
          "Workers Planned": 4,
          "Workers Launched": 4,
          "Single Copy": false,
          "Plans": [
            {
              "Node Type": "Aggregate",
              "Strategy": "Plain",
              "Partial Mode": "Partial",
              "Parent Relationship": "Outer",
              "Parallel Aware": false,
              "Startup Cost": 127552.42,
              "Total Cost": 127552.43,
              "Plan Rows": 1,
              "Plan Width": 8,
              "Actual Startup Time": 119.279,
              "Actual Total Time": 119.281,
              "Actual Rows": 1,
              "Actual Loops": 5,
              "Plans": [
                {
                  "Node Type": "Nested Loop",
                  "Parent Relationship": "Outer",
                  "Parallel Aware": false,
                  "Join Type": "Inner",
                  "Startup Cost": 0.43,
                  "Total Cost": 127543.21,
                  "Plan Rows": 3684,
                  "Plan Width": 0,
                  "Actual Startup Time": 62.542,
                  "Actual Total Time": 118.488,
                  "Actual Rows": 7821,
                  "Actual Loops": 5,
                  "Inner Unique": false,
                  "Plans": [
                    {
                      "Node Type": "Seq Scan",
                      "Parent Relationship": "Outer",
                      "Parallel Aware": true,
                      "Relation Name": "title",
                      "Alias": "t",
                      "Startup Cost": 0.0,
                      "Total Cost": 45479.1,
                      "Plan Rows": 630,
                      "Plan Width": 4,
                      "Actual Startup Time": 62.433,
                      "Actual Total Time": 89.693,
                      "Actual Rows": 668,
                      "Actual Loops": 5,
                      "Filter": "((kind_id = 1) AND (production_year = 1962))",
                      "Rows Removed by Filter": 504995
                    },
                    {
                      "Node Type": "Index Only Scan",
                      "Parent Relationship": "Inner",
                      "Parallel Aware": false,
                      "Scan Direction": "Forward",
                      "Index Name": "movie_id_movie_info",
                      "Relation Name": "movie_info",
                      "Alias": "mi",
                      "Startup Cost": 0.43,
                      "Total Cost": 129.84,
                      "Plan Rows": 42,
                      "Plan Width": 4,
                      "Actual Startup Time": 0.015,
                      "Actual Total Time": 0.041,
                      "Actual Rows": 12,
                      "Actual Loops": 3338,
                      "Index Cond": "(movie_id = t.id)",
                      "Rows Removed by Index Recheck": 0,
                      "Heap Fetches": 39103
                    }
                  ]
                }
              ]
            }
          ]
        }
      ]
    },
    "Planning Time": 0.6,
    "Triggers": [],
    "Execution Time": 147.023
  }
]