{
  "Plan": {
    "Node Type": "Aggregate",
    "Strategy": "Plain",
    "Partial Mode": "Simple",
    "Parallel Aware": false,
    "Startup Cost": 1079689.46,
    "Total Cost": 1079689.47,
    "Plan Rows": 1,
    "Plan Width": 64,
    "Actual Startup Time": 7907.059,
    "Actual Total Time": 8236.422,
    "Actual Rows": 1,
    "Actual Loops": 1,
    "Plans": [
      {
        "Node Type": "Hash Join",
        "Parent Relationship": "Outer",
        "Parallel Aware": false,
        "Join Type": "Inner",
        "Startup Cost": 1079687.02,
        "Total Cost": 1079689.45,
        "Plan Rows": 1,
        "Plan Width": 32,
        "Actual Startup Time": 7907.003,
        "Actual Total Time": 8236.392,
        "Actual Rows": 32,
        "Actual Loops": 1,
        "Inner Unique": false,
        "Hash Cond": "(it.id = pi.info_type_id)",
        "Plans": [
          {
            "Node Type": "Seq Scan",
            "Parent Relationship": "Outer",
            "Parallel Aware": false,
            "Relation Name": "info_type",
            "Alias": "it",
            "Startup Cost": 0.0,
            "Total Cost": 2.41,
            "Plan Rows": 1,
            "Plan Width": 4,
            "Actual Startup Time": 0.045,
            "Actual Total Time": 0.065,
            "Actual Rows": 1,
            "Actual Loops": 1,
            "Filter": "((info)::text = 'mini biography'::text)",
            "Rows Removed by Filter": 112
          },
          {
            "Node Type": "Hash",
            "Parent Relationship": "Inner",
            "Parallel Aware": false,
            "Startup Cost": 1079687.01,
            "Total Cost": 1079687.01,
            "Plan Rows": 1,
            "Plan Width": 36,
            "Actual Startup Time": 7906.885,
            "Actual Total Time": 8236.244,
            "Actual Rows": 32,
            "Actual Loops": 1,
            "Hash Buckets": 1024,
            "Original Hash Buckets": 1024,
            "Hash Batches": 1,
            "Original Hash Batches": 1,
            "Peak Memory Usage": 11,
            "Plans": [
              {
                "Node Type": "Hash Join",
                "Parent Relationship": "Outer",
                "Parallel Aware": false,
                "Join Type": "Inner",
                "Startup Cost": 1079596.54,
                "Total Cost": 1079687.01,
                "Plan Rows": 1,
                "Plan Width": 36,
                "Actual Startup Time": 7896.839,
                "Actual Total Time": 8236.18,
                "Actual Rows": 32,
                "Actual Loops": 1,
                "Inner Unique": false,
                "Hash Cond": "(n.id = pi.person_id)",
                "Plans": [
                  {
                    "Node Type": "Hash Join",
                    "Parent Relationship": "Outer",
                    "Parallel Aware": false,
                    "Join Type": "Inner",
                    "Startup Cost": 1018273.74,
                    "Total Cost": 1018300.96,
                    "Plan Rows": 1581,
                    "Plan Width": 44,
                    "Actual Startup Time": 7736.843,
                    "Actual Total Time": 8073.181,
                    "Actual Rows": 19250,
                    "Actual Loops": 1,
                    "Inner Unique": false,
                    "Hash Cond": "(lt.id = ml.link_type_id)",
                    "Plans": [
                      {
                        "Node Type": "Seq Scan",
                        "Parent Relationship": "Outer",
                        "Parallel Aware": false,
                        "Relation Name": "link_type",
                        "Alias": "lt",
                        "Startup Cost": 0.0,
                        "Total Cost": 1.23,
                        "Plan Rows": 1,
                        "Plan Width": 4,
                        "Actual Startup Time": 0.033,
                        "Actual Total Time": 0.051,
                        "Actual Rows": 1,
                        "Actual Loops": 1,
                        "Filter": "((link)::text = 'features'::text)",
                        "Rows Removed by Filter": 17
                      },
                      {
                        "Node Type": "Hash",
                        "Parent Relationship": "Inner",
                        "Parallel Aware": false,
                        "Startup Cost": 1017918.07,
                        "Total Cost": 1017918.07,
                        "Plan Rows": 28453,
                        "Plan Width": 48,
                        "Actual Startup Time": 7736.494,
                        "Actual Total Time": 8065.779,
                        "Actual Rows": 84059,
                        "Actual Loops": 1,
                        "Hash Buckets": 131072,
                        "Original Hash Buckets": 32768,
                        "Hash Batches": 1,
                        "Original Hash Batches": 1,
                        "Peak Memory Usage": 7926,
                        "Plans": [
                          {
                            "Node Type": "Gather",
                            "Parent Relationship": "Outer",
                            "Parallel Aware": false,
                            "Startup Cost": 454579.87,
                            "Total Cost": 1017918.07,
                            "Plan Rows": 28453,
                            "Plan Width": 48,
                            "Actual Startup Time": 6597.031,
                            "Actual Total Time": 8037.153,
                            "Actual Rows": 84059,
                            "Actual Loops": 1,
                            "Workers Planned": 4,
                            "Workers Launched": 3,
                            "Single Copy": false,
                            "Plans": [
                              {
                                "Node Type": "Hash Join",
                                "Parent Relationship": "Outer",
                                "Parallel Aware": true,
                                "Join Type": "Inner",
                                "Startup Cost": 453579.87,
                                "Total Cost": 1014072.77,
                                "Plan Rows": 7113,
                                "Plan Width": 48,
                                "Actual Startup Time": 6586.286,
                                "Actual Total Time": 7566.197,
                                "Actual Rows": 21015,
                                "Actual Loops": 4,
                                "Inner Unique": true,
                                "Hash Cond": "(ci.movie_id = t.id)",
                                "Plans": [
                                  {
                                    "Node Type": "Hash Join",
                                    "Parent Relationship": "Outer",
                                    "Parallel Aware": true,
                                    "Join Type": "Inner",
                                    "Startup Cost": 407051.56,
                                    "Total Cost": 967403.73,
                                    "Plan Rows": 53612,
                                    "Plan Width": 39,
                                    "Actual Startup Time": 6352.167,
                                    "Actual Total Time": 7310.596,
                                    "Actual Rows": 81524,
                                    "Actual Loops": 4,
                                    "Inner Unique": false,
                                    "Hash Cond": "(n.id = an.person_id)",
                                    "Plans": [
                                      {
                                        "Node Type": "Hash Join",
                                        "Parent Relationship": "Outer",
                                        "Parallel Aware": false,
                                        "Join Type": "Inner",
                                        "Startup Cost": 389491.78,
                                        "Total Cost": 947804.73,
                                        "Plan Rows": 32376,
                                        "Plan Width": 35,
                                        "Actual Startup Time": 6198.57,
                                        "Actual Total Time": 7124.239,
                                        "Actual Rows": 72133,
                                        "Actual Loops": 4,
                                        "Inner Unique": false,
                                        "Hash Cond": "(ci.movie_id = ml.linked_movie_id)",
                                        "Plans": [
                                          {
                                            "Node Type": "Hash Join",
                                            "Parent Relationship": "Outer",
                                            "Parallel Aware": true,
                                            "Join Type": "Inner",
                                            "Startup Cost": 388653.84,
                                            "Total Cost": 772626.51,
                                            "Plan Rows": 1046716,
                                            "Plan Width": 27,
                                            "Actual Startup Time": 6186.049,
                                            "Actual Total Time": 6859.759,
                                            "Actual Rows": 1376218,
                                            "Actual Loops": 4,
                                            "Inner Unique": false,
                                            "Hash Cond": "(n.id = ci.person_id)",
                                            "Plans": [
                                              {
                                                "Node Type": "Seq Scan",
                                                "Parent Relationship": "Outer",
                                                "Parallel Aware": true,
                                                "Relation Name": "name",
                                                "Alias": "n",
                                                "Startup Cost": 0.0,
                                                "Total Cost": 79054.5,
                                                "Plan Rows": 120307,
                                                "Plan Width": 19,
                                                "Actual Startup Time": 0.026,
                                                "Actual Total Time": 248.309,
                                                "Actual Rows": 135823,
                                                "Actual Loops": 4,
                                                "Filter": "(((name_pcode_cf)::text >= 'A'::text) AND ((name_pcode_cf)::text <= 'F'::text) AND (((gender)::text = 'm'::text) OR (((gender)::text = 'f'::text) AND (name ~~ 'B%'::text))))",
                                                "Rows Removed by Filter": 906050
                                              },
                                              {
                                                "Node Type": "Hash",
                                                "Parent Relationship": "Inner",
                                                "Parallel Aware": true,
                                                "Startup Cost": 313116.71,
                                                "Total Cost": 313116.71,
                                                "Plan Rows": 6042971,
                                                "Plan Width": 8,
                                                "Actual Startup Time": 6029.321,
                                                "Actual Total Time": 6029.322,
                                                "Actual Rows": 9061086,
                                                "Actual Loops": 4,
                                                "Hash Buckets": 67108864,
                                                "Original Hash Buckets": 67108864,
                                                "Hash Batches": 1,
                                                "Original Hash Batches": 1,
                                                "Peak Memory Usage": 1942208,
                                                "Plans": [
                                                  {
                                                    "Node Type": "Seq Scan",
                                                    "Parent Relationship": "Outer",
                                                    "Parallel Aware": true,
                                                    "Relation Name": "cast_info",
                                                    "Alias": "ci",
                                                    "Startup Cost": 0.0,
                                                    "Total Cost": 313116.71,
                                                    "Plan Rows": 6042971,
                                                    "Plan Width": 8,
                                                    "Actual Startup Time": 0.058,
                                                    "Actual Total Time": 1798.238,
                                                    "Actual Rows": 9061086,
                                                    "Actual Loops": 4
                                                  }
                                                ]
                                              }
                                            ]
                                          },
                                          {
                                            "Node Type": "Hash",
                                            "Parent Relationship": "Inner",
                                            "Parallel Aware": false,
                                            "Startup Cost": 462.97,
                                            "Total Cost": 462.97,
                                            "Plan Rows": 29997,
                                            "Plan Width": 8,
                                            "Actual Startup Time": 12.024,
                                            "Actual Total Time": 12.025,
                                            "Actual Rows": 29997,
                                            "Actual Loops": 4,
                                            "Hash Buckets": 32768,
                                            "Original Hash Buckets": 32768,
                                            "Hash Batches": 1,
                                            "Original Hash Batches": 1,
                                            "Peak Memory Usage": 1428,
                                            "Plans": [
                                              {
                                                "Node Type": "Seq Scan",
                                                "Parent Relationship": "Outer",
                                                "Parallel Aware": false,
                                                "Relation Name": "movie_link",
                                                "Alias": "ml",
                                                "Startup Cost": 0.0,
                                                "Total Cost": 462.97,
                                                "Plan Rows": 29997,
                                                "Plan Width": 8,
                                                "Actual Startup Time": 0.078,
                                                "Actual Total Time": 5.466,
                                                "Actual Rows": 29997,
                                                "Actual Loops": 4
                                              }
                                            ]
                                          }
                                        ]
                                      },
                                      {
                                        "Node Type": "Hash",
                                        "Parent Relationship": "Inner",
                                        "Parallel Aware": true,
                                        "Startup Cost": 15030.45,
                                        "Total Cost": 15030.45,
                                        "Plan Rows": 202347,
                                        "Plan Width": 4,
                                        "Actual Startup Time": 150.24,
                                        "Actual Total Time": 150.241,
                                        "Actual Rows": 168673,
                                        "Actual Loops": 4,
                                        "Hash Buckets": 1048576,
                                        "Original Hash Buckets": 1048576,
                                        "Hash Batches": 1,
                                        "Original Hash Batches": 1,
                                        "Peak Memory Usage": 34656,
                                        "Plans": [
                                          {
                                            "Node Type": "Seq Scan",
                                            "Parent Relationship": "Outer",
                                            "Parallel Aware": true,
                                            "Relation Name": "aka_name",
                                            "Alias": "an",
                                            "Startup Cost": 0.0,
                                            "Total Cost": 15030.45,
                                            "Plan Rows": 202347,
                                            "Plan Width": 4,
                                            "Actual Startup Time": 0.047,
                                            "Actual Total Time": 71.668,
                                            "Actual Rows": 168673,
                                            "Actual Loops": 4,
                                            "Filter": "(name ~~ '%a%'::text)",
                                            "Rows Removed by Filter": 56663
                                          }
                                        ]
                                      }
                                    ]
                                  },
                                  {
                                    "Node Type": "Hash",
                                    "Parent Relationship": "Inner",
                                    "Parallel Aware": true,
                                    "Startup Cost": 45479.91,
                                    "Total Cost": 45479.91,
                                    "Plan Rows": 83872,
                                    "Plan Width": 21,
                                    "Actual Startup Time": 230.077,
                                    "Actual Total Time": 230.078,
                                    "Actual Rows": 85046,
                                    "Actual Loops": 4,
                                    "Hash Buckets": 524288,
                                    "Original Hash Buckets": 524288,
                                    "Hash Batches": 1,
                                    "Original Hash Batches": 1,
                                    "Peak Memory Usage": 23232,
                                    "Plans": [
                                      {
                                        "Node Type": "Seq Scan",
                                        "Parent Relationship": "Outer",
                                        "Parallel Aware": true,
                                        "Relation Name": "title",
                                        "Alias": "t",
                                        "Startup Cost": 0.0,
                                        "Total Cost": 45479.91,
                                        "Plan Rows": 83872,
                                        "Plan Width": 21,
                                        "Actual Startup Time": 0.064,
                                        "Actual Total Time": 177.681,
                                        "Actual Rows": 85046,
                                        "Actual Loops": 4,
                                        "Filter": "((production_year >= 1980) AND (production_year <= 1995))",
                                        "Rows Removed by Filter": 547032
                                      }
                                    ]
                                  }
                                ]
                              }
                            ]
                          }
                        ]
                      }
                    ]
                  },
                  {
                    "Node Type": "Hash",
                    "Parent Relationship": "Inner",
                    "Parallel Aware": false,
                    "Startup Cost": 61322.43,
                    "Total Cost": 61322.43,
                    "Plan Rows": 30,
                    "Plan Width": 8,
                    "Actual Startup Time": 159.213,
                    "Actual Total Time": 159.281,
                    "Actual Rows": 64,
                    "Actual Loops": 1,
                    "Hash Buckets": 1024,
                    "Original Hash Buckets": 1024,
                    "Hash Batches": 1,
                    "Original Hash Batches": 1,
                    "Peak Memory Usage": 11,
                    "Plans": [
                      {
                        "Node Type": "Gather",
                        "Parent Relationship": "Outer",
                        "Parallel Aware": false,
                        "Startup Cost": 1000.0,
                        "Total Cost": 61322.43,
                        "Plan Rows": 30,
                        "Plan Width": 8,
                        "Actual Startup Time": 9.987,
                        "Actual Total Time": 159.203,
                        "Actual Rows": 64,
                        "Actual Loops": 1,
                        "Workers Planned": 4,
                        "Workers Launched": 4,
                        "Single Copy": false,
                        "Plans": [
                          {
                            "Node Type": "Seq Scan",
                            "Parent Relationship": "Outer",
                            "Parallel Aware": true,
                            "Relation Name": "person_info",
                            "Alias": "pi",
                            "Startup Cost": 0.0,
                            "Total Cost": 60319.43,
                            "Plan Rows": 8,
                            "Plan Width": 8,
                            "Actual Startup Time": 13.118,
                            "Actual Total Time": 149.476,
                            "Actual Rows": 13,
                            "Actual Loops": 5,
                            "Filter": "(note = 'Volker Boehm'::text)",
                            "Rows Removed by Filter": 592720
                          }
                        ]
                      }
                    ]
                  }
                ]
              }
            ]
          }
        ]
      }
    ]
  },
  "Planning Time": 14.044,
  "Triggers": [],
  "Execution Time": 8237.31
}