[
  {
    "Plan": {
      "Node Type": "Aggregate",
      "Strategy": "Plain",
      "Partial Mode": "Finalize",
      "Parallel Aware": false,
      "Startup Cost": 336189.88,
      "Total Cost": 336189.89,
      "Plan Rows": 1,
      "Plan Width": 8,
      "Actual Startup Time": 713.059,
      "Actual Total Time": 773.032,
      "Actual Rows": 1,
      "Actual Loops": 1,
      "Plans": [
        {
          "Node Type": "Gather",
          "Parent Relationship": "Outer",
          "Parallel Aware": false,
          "Startup Cost": 336189.25,
          "Total Cost": 336189.86,
          "Plan Rows": 6,
          "Plan Width": 8,
          "Actual Startup Time": 712.829,
          "Actual Total Time": 773.021,
          "Actual Rows": 7,
          "Actual Loops": 1,
          "Workers Planned": 6,
          "Workers Launched": 6,
          "Single Copy": false,
          "Plans": [
            {
              "Node Type": "Aggregate",
              "Strategy": "Plain",
              "Partial Mode": "Partial",
              "Parent Relationship": "Outer",
              "Parallel Aware": false,
              "Startup Cost": 335189.25,
              "Total Cost": 335189.26,
              "Plan Rows": 1,
              "Plan Width": 8,
              "Actual Startup Time": 702.298,
              "Actual Total Time": 702.299,
              "Actual Rows": 1,
              "Actual Loops": 7,
              "Plans": [
                {
                  "Node Type": "Seq Scan",
                  "Parent Relationship": "Outer",
                  "Parallel Aware": true,
                  "Relation Name": "cast_info",
                  "Alias": "ci",
                  "Startup Cost": 0.0,
                  "Total Cost": 328162.03,
                  "Plan Rows": 2810890,
                  "Plan Width": 0,
                  "Actual Startup Time": 215.389,
                  "Actual Total Time": 597.057,
                  "Actual Rows": 2399304,
                  "Actual Loops": 7,
                  "Filter": "(person_id > 1946700)",
                  "Rows Removed by Filter": 2778459
                }
              ]
            }
          ]
        }
      ]
    },
    "Planning Time": 0.174,
    "Triggers": [],
    "Execution Time": 773.102
  }
]