[
  {
    "Plan": {
      "Node Type": "Aggregate",
      "Strategy": "Plain",
      "Partial Mode": "Finalize",
      "Parallel Aware": false,
      "Startup Cost": 160292.66,
      "Total Cost": 160292.67,
      "Plan Rows": 1,
      "Plan Width": 8,
      "Actual Startup Time": 231.528,
      "Actual Total Time": 244.777,
      "Actual Rows": 1,
      "Actual Loops": 1,
      "Plans": [
        {
          "Node Type": "Gather",
          "Parent Relationship": "Outer",
          "Parallel Aware": false,
          "Startup Cost": 160292.14,
          "Total Cost": 160292.65,
          "Plan Rows": 5,
          "Plan Width": 8,
          "Actual Startup Time": 231.439,
          "Actual Total Time": 244.769,
          "Actual Rows": 6,
          "Actual Loops": 1,
          "Workers Planned": 5,
          "Workers Launched": 5,
          "Single Copy": false,
          "Plans": [
            {
              "Node Type": "Aggregate",
              "Strategy": "Plain",
              "Partial Mode": "Partial",
              "Parent Relationship": "Outer",
              "Parallel Aware": false,
              "Startup Cost": 159292.14,
              "Total Cost": 159292.15,
              "Plan Rows": 1,
              "Plan Width": 8,
              "Actual Startup Time": 222.462,
              "Actual Total Time": 222.463,
              "Actual Rows": 1,
              "Actual Loops": 6,
              "Plans": [
                {
                  "Node Type": "Index Scan",
                  "Parent Relationship": "Outer",
                  "Parallel Aware": true,
                  "Scan Direction": "Forward",
                  "Index Name": "role_id_cast_info",
                  "Relation Name": "cast_info",
                  "Alias": "ci",
                  "Startup Cost": 0.56,
                  "Total Cost": 156659.89,
                  "Plan Rows": 1052900,
                  "Plan Width": 0,
                  "Actual Startup Time": 0.15,
                  "Actual Total Time": 197.837,
                  "Actual Rows": 472635,
                  "Actual Loops": 6,
                  "Index Cond": "(role_id > 8)",
                  "Rows Removed by Index Recheck": 0,
                  "Filter": "(person_id < 3518292)",
                  "Rows Removed by Filter": 482814
                }
              ]
            }
          ]
        }
      ]
    },
    "Planning Time": 0.237,
    "Triggers": [],
    "Execution Time": 244.843
  }
]