[
  {
    "Plan": {
      "Node Type": "Aggregate",
      "Strategy": "Plain",
      "Partial Mode": "Finalize",
      "Parallel Aware": false,
      "Startup Cost": 45622.86,
      "Total Cost": 45622.87,
      "Plan Rows": 1,
      "Plan Width": 8,
      "Actual Startup Time": 146.0,
      "Actual Total Time": 154.931,
      "Actual Rows": 1,
      "Actual Loops": 1,
      "Plans": [
        {
          "Node Type": "Gather",
          "Parent Relationship": "Outer",
          "Parallel Aware": false,
          "Startup Cost": 45622.54,
          "Total Cost": 45622.85,
          "Plan Rows": 3,
          "Plan Width": 8,
          "Actual Startup Time": 145.825,
          "Actual Total Time": 154.921,
          "Actual Rows": 4,
          "Actual Loops": 1,
          "Workers Planned": 3,
          "Workers Launched": 3,
          "Single Copy": false,
          "Plans": [
            {
              "Node Type": "Aggregate",
              "Strategy": "Plain",
              "Partial Mode": "Partial",
              "Parent Relationship": "Outer",
              "Parallel Aware": false,
              "Startup Cost": 44622.54,
              "Total Cost": 44622.55,
              "Plan Rows": 1,
              "Plan Width": 8,
              "Actual Startup Time": 141.07,
              "Actual Total Time": 141.071,
              "Actual Rows": 1,
              "Actual Loops": 4,
              "Plans": [
                {
                  "Node Type": "Seq Scan",
                  "Parent Relationship": "Outer",
                  "Parallel Aware": true,
                  "Relation Name": "movie_keyword",
                  "Alias": "mk",
                  "Startup Cost": 0.0,
                  "Total Cost": 42695.65,
                  "Plan Rows": 770755,
                  "Plan Width": 0,
                  "Actual Startup Time": 0.033,
                  "Actual Total Time": 113.899,
                  "Actual Rows": 600924,
                  "Actual Loops": 4,
                  "Filter": "(keyword_id < 5601)",
                  "Rows Removed by Filter": 530058
                }
              ]
            }
          ]
        }
      ]
    },
    "Planning Time": 0.177,
    "Triggers": [],
    "Execution Time": 154.983
  }
]