{
  "Plan": {
    "Node Type": "Aggregate",
    "Strategy": "Plain",
    "Partial Mode": "Finalize",
    "Parallel Aware": false,
    "Startup Cost": 453726.35,
    "Total Cost": 453726.36,
    "Plan Rows": 1,
    "Plan Width": 8,
    "Actual Startup Time": 1090.348,
    "Actual Total Time": 1112.825,
    "Actual Rows": 1,
    "Actual Loops": 1,
    "Plans": [
      {
        "Node Type": "Gather",
        "Parent Relationship": "Outer",
        "Parallel Aware": false,
        "Startup Cost": 453726.24,
        "Total Cost": 453726.35,
        "Plan Rows": 1,
        "Plan Width": 8,
        "Actual Startup Time": 1087.812,
        "Actual Total Time": 1112.815,
        "Actual Rows": 2,
        "Actual Loops": 1,
        "Workers Planned": 1,
        "Workers Launched": 1,
        "Single Copy": false,
        "Plans": [
          {
            "Node Type": "Aggregate",
            "Strategy": "Plain",
            "Partial Mode": "Partial",
            "Parent Relationship": "Outer",
            "Parallel Aware": false,
            "Startup Cost": 452726.24,
            "Total Cost": 452726.25,
            "Plan Rows": 1,
            "Plan Width": 8,
            "Actual Startup Time": 1081.978,
            "Actual Total Time": 1081.983,
            "Actual Rows": 1,
            "Actual Loops": 2,
            "Plans": [
              {
                "Node Type": "Hash Join",
                "Parent Relationship": "Outer",
                "Parallel Aware": true,
                "Join Type": "Inner",
                "Startup Cost": 159120.72,
                "Total Cost": 451933.59,
                "Plan Rows": 317059,
                "Plan Width": 0,
                "Actual Startup Time": 418.061,
                "Actual Total Time": 1059.188,
                "Actual Rows": 546928,
                "Actual Loops": 2,
                "Inner Unique": true,
                "Hash Cond": "(ci.movie_id = t.id)",
                "Plans": [
                  {
                    "Node Type": "Bitmap Heap Scan",
                    "Parent Relationship": "Outer",
                    "Parallel Aware": true,
                    "Relation Name": "cast_info",
                    "Alias": "ci",
                    "Startup Cost": 94030.21,
                    "Total Cost": 384562.37,
                    "Plan Rows": 868841,
                    "Plan Width": 4,
                    "Actual Startup Time": 146.645,
                    "Actual Total Time": 423.567,
                    "Actual Rows": 1585106,
                    "Actual Loops": 2,
                    "Recheck Cond": "(person_id < 424180)",
                    "Rows Removed by Index Recheck": 0,
                    "Filter": "(role_id = 1)",
                    "Rows Removed by Filter": 611716,
                    "Exact Heap Blocks": 25619,
                    "Lossy Heap Blocks": 0,
                    "Plans": [
                      {
                        "Node Type": "Bitmap Index Scan",
                        "Parent Relationship": "Outer",
                        "Parallel Aware": false,
                        "Index Name": "person_id_cast_info",
                        "Startup Cost": 0.0,
                        "Total Cost": 93660.95,
                        "Plan Rows": 4289118,
                        "Plan Width": 0,
                        "Actual Startup Time": 139.332,
                        "Actual Total Time": 139.332,
                        "Actual Rows": 4393642,
                        "Actual Loops": 1,
                        "Index Cond": "(person_id < 424180)"
                      }
                    ]
                  },
                  {
                    "Node Type": "Hash",
                    "Parent Relationship": "Inner",
                    "Parallel Aware": true,
                    "Startup Cost": 58306.47,
                    "Total Cost": 58306.47,
                    "Plan Rows": 542724,
                    "Plan Width": 4,
                    "Actual Startup Time": 262.326,
                    "Actual Total Time": 262.327,
                    "Actual Rows": 426089,
                    "Actual Loops": 2,
                    "Hash Buckets": 1048576,
                    "Original Hash Buckets": 1048576,
                    "Hash Batches": 1,
                    "Original Hash Batches": 1,
                    "Peak Memory Usage": 41568,
                    "Plans": [
                      {
                        "Node Type": "Seq Scan",
                        "Parent Relationship": "Outer",
                        "Parallel Aware": true,
                        "Relation Name": "title",
                        "Alias": "t",
                        "Startup Cost": 0.0,
                        "Total Cost": 58306.47,
                        "Plan Rows": 542724,
                        "Plan Width": 4,
                        "Actual Startup Time": 0.035,
                        "Actual Total Time": 160.435,
                        "Actual Rows": 426089,
                        "Actual Loops": 2,
                        "Filter": "((kind_id > 1) AND (production_year < 2004))",
                        "Rows Removed by Filter": 838067
                      }
                    ]
                  }
                ]
              }
            ]
          }
        ]
      }
    ]
  },
  "Planning Time": 0.765,
  "Triggers": [],
  "Execution Time": 1112.918
}