[
  {
    "Plan": {
      "Node Type": "Aggregate",
      "Strategy": "Plain",
      "Partial Mode": "Finalize",
      "Parallel Aware": false,
      "Startup Cost": 349164.37,
      "Total Cost": 349164.38,
      "Plan Rows": 1,
      "Plan Width": 8,
      "Actual Startup Time": 497.148,
      "Actual Total Time": 519.133,
      "Actual Rows": 1,
      "Actual Loops": 1,
      "Plans": [
        {
          "Node Type": "Gather",
          "Parent Relationship": "Outer",
          "Parallel Aware": false,
          "Startup Cost": 349163.75,
          "Total Cost": 349164.36,
          "Plan Rows": 6,
          "Plan Width": 8,
          "Actual Startup Time": 478.763,
          "Actual Total Time": 519.12,
          "Actual Rows": 7,
          "Actual Loops": 1,
          "Workers Planned": 6,
          "Workers Launched": 6,
          "Single Copy": false,
          "Plans": [
            {
              "Node Type": "Aggregate",
              "Strategy": "Plain",
              "Partial Mode": "Partial",
              "Parent Relationship": "Outer",
              "Parallel Aware": false,
              "Startup Cost": 348163.75,
              "Total Cost": 348163.76,
              "Plan Rows": 1,
              "Plan Width": 8,
              "Actual Startup Time": 467.506,
              "Actual Total Time": 467.513,
              "Actual Rows": 1,
              "Actual Loops": 7,
              "Plans": [
                {
                  "Node Type": "Hash Join",
                  "Parent Relationship": "Outer",
                  "Parallel Aware": true,
                  "Join Type": "Inner",
                  "Startup Cost": 90282.15,
                  "Total Cost": 347598.37,
                  "Plan Rows": 226151,
                  "Plan Width": 0,
                  "Actual Startup Time": 276.322,
                  "Actual Total Time": 457.675,
                  "Actual Rows": 190199,
                  "Actual Loops": 7,
                  "Inner Unique": true,
                  "Hash Cond": "(ci.movie_id = t.id)",
                  "Plans": [
                    {
                      "Node Type": "Bitmap Heap Scan",
                      "Parent Relationship": "Outer",
                      "Parallel Aware": true,
                      "Relation Name": "cast_info",
                      "Alias": "ci",
                      "Startup Cost": 40544.54,
                      "Total Cost": 297057.34,
                      "Plan Rows": 306064,
                      "Plan Width": 4,
                      "Actual Startup Time": 68.415,
                      "Actual Total Time": 133.29,
                      "Actual Rows": 250984,
                      "Actual Loops": 7,
                      "Recheck Cond": "(person_id > 3713861)",
                      "Rows Removed by Index Recheck": 0,
                      "Exact Heap Blocks": 4527,
                      "Lossy Heap Blocks": 0,
                      "Plans": [
                        {
                          "Node Type": "Bitmap Index Scan",
                          "Parent Relationship": "Outer",
                          "Parallel Aware": false,
                          "Index Name": "person_id_cast_info",
                          "Startup Cost": 0.0,
                          "Total Cost": 40085.44,
                          "Plan Rows": 1836384,
                          "Plan Width": 0,
                          "Actual Startup Time": 64.24,
                          "Actual Total Time": 64.241,
                          "Actual Rows": 1756886,
                          "Actual Loops": 1,
                          "Index Cond": "(person_id > 3713861)"
                        }
                      ]
                    },
                    {
                      "Node Type": "Hash",
                      "Parent Relationship": "Inner",
                      "Parallel Aware": true,
                      "Startup Cost": 43899.32,
                      "Total Cost": 43899.32,
                      "Plan Rows": 467063,
                      "Plan Width": 4,
                      "Actual Startup Time": 204.618,
                      "Actual Total Time": 204.62,
                      "Actual Rows": 266498,
                      "Actual Loops": 7,
                      "Hash Buckets": 2097152,
                      "Original Hash Buckets": 2097152,
                      "Hash Batches": 1,
                      "Original Hash Batches": 1,
                      "Peak Memory Usage": 89504,
                      "Plans": [
                        {
                          "Node Type": "Seq Scan",
                          "Parent Relationship": "Outer",
                          "Parallel Aware": true,
                          "Relation Name": "title",
                          "Alias": "t",
                          "Startup Cost": 0.0,
                          "Total Cost": 43899.32,
                          "Plan Rows": 467063,
                          "Plan Width": 4,
                          "Actual Startup Time": 0.055,
                          "Actual Total Time": 82.979,
                          "Actual Rows": 266498,
                          "Actual Loops": 7,
                          "Filter": "(kind_id > 1)",
                          "Rows Removed by Filter": 94689
                        }
                      ]
                    }
                  ]
                }
              ]
            }
          ]
        }
      ]
    },
    "Planning Time": 0.227,
    "Triggers": [],
    "Execution Time": 519.181
  }
]