[
  {
    "Plan": {
      "Node Type": "Aggregate",
      "Strategy": "Plain",
      "Partial Mode": "Finalize",
      "Parallel Aware": false,
      "Startup Cost": 350468.97,
      "Total Cost": 350468.98,
      "Plan Rows": 1,
      "Plan Width": 8,
      "Actual Startup Time": 822.136,
      "Actual Total Time": 851.769,
      "Actual Rows": 1,
      "Actual Loops": 1,
      "Plans": [
        {
          "Node Type": "Gather",
          "Parent Relationship": "Outer",
          "Parallel Aware": false,
          "Startup Cost": 350468.35,
          "Total Cost": 350468.96,
          "Plan Rows": 6,
          "Plan Width": 8,
          "Actual Startup Time": 822.005,
          "Actual Total Time": 851.761,
          "Actual Rows": 7,
          "Actual Loops": 1,
          "Workers Planned": 6,
          "Workers Launched": 6,
          "Single Copy": false,
          "Plans": [
            {
              "Node Type": "Aggregate",
              "Strategy": "Plain",
              "Partial Mode": "Partial",
              "Parent Relationship": "Outer",
              "Parallel Aware": false,
              "Startup Cost": 349468.35,
              "Total Cost": 349468.36,
              "Plan Rows": 1,
              "Plan Width": 8,
              "Actual Startup Time": 814.77,
              "Actual Total Time": 814.771,
              "Actual Rows": 1,
              "Actual Loops": 7,
              "Plans": [
                {
                  "Node Type": "Seq Scan",
                  "Parent Relationship": "Outer",
                  "Parallel Aware": true,
                  "Relation Name": "cast_info",
                  "Alias": "ci",
                  "Startup Cost": 0.0,
                  "Total Cost": 343318.94,
                  "Plan Rows": 2459764,
                  "Plan Width": 0,
                  "Actual Startup Time": 351.582,
                  "Actual Total Time": 698.671,
                  "Actual Rows": 2187502,
                  "Actual Loops": 7,
                  "Filter": "((person_id > 280391) AND (role_id > 2))",
                  "Rows Removed by Filter": 2990262
                }
              ]
            }
          ]
        }
      ]
    },
    "Planning Time": 0.078,
    "Triggers": [],
    "Execution Time": 851.797
  }
]