[
  {
    "Plan": {
      "Node Type": "Aggregate",
      "Strategy": "Plain",
      "Partial Mode": "Finalize",
      "Parallel Aware": false,
      "Startup Cost": 350550.73,
      "Total Cost": 350550.74,
      "Plan Rows": 1,
      "Plan Width": 8,
      "Actual Startup Time": 794.145,
      "Actual Total Time": 850.655,
      "Actual Rows": 1,
      "Actual Loops": 1,
      "Plans": [
        {
          "Node Type": "Gather",
          "Parent Relationship": "Outer",
          "Parallel Aware": false,
          "Startup Cost": 350550.1,
          "Total Cost": 350550.71,
          "Plan Rows": 6,
          "Plan Width": 8,
          "Actual Startup Time": 794.003,
          "Actual Total Time": 850.645,
          "Actual Rows": 7,
          "Actual Loops": 1,
          "Workers Planned": 6,
          "Workers Launched": 6,
          "Single Copy": false,
          "Plans": [
            {
              "Node Type": "Aggregate",
              "Strategy": "Plain",
              "Partial Mode": "Partial",
              "Parent Relationship": "Outer",
              "Parallel Aware": false,
              "Startup Cost": 349550.1,
              "Total Cost": 349550.11,
              "Plan Rows": 1,
              "Plan Width": 8,
              "Actual Startup Time": 788.04,
              "Actual Total Time": 788.041,
              "Actual Rows": 1,
              "Actual Loops": 7,
              "Plans": [
                {
                  "Node Type": "Seq Scan",
                  "Parent Relationship": "Outer",
                  "Parallel Aware": true,
                  "Relation Name": "cast_info",
                  "Alias": "ci",
                  "Startup Cost": 0.0,
                  "Total Cost": 343257.03,
                  "Plan Rows": 2517230,
                  "Plan Width": 0,
                  "Actual Startup Time": 354.733,
                  "Actual Total Time": 691.712,
                  "Actual Rows": 2187502,
                  "Actual Loops": 7,
                  "Filter": "((person_id > 280391) AND (role_id > 2))",
                  "Rows Removed by Filter": 2990262
                }
              ]
            }
          ]
        }
      ]
    },
    "Planning Time": 0.154,
    "Triggers": [],
    "Execution Time": 850.712
  }
]