{
  "Plan": {
    "Node Type": "Aggregate",
    "Strategy": "Plain",
    "Partial Mode": "Finalize",
    "Parallel Aware": false,
    "Startup Cost": 143080.4,
    "Total Cost": 143080.41,
    "Plan Rows": 1,
    "Plan Width": 96,
    "Actual Startup Time": 3621.094,
    "Actual Total Time": 3737.824,
    "Actual Rows": 1,
    "Actual Loops": 1,
    "Plans": [
      {
        "Node Type": "Gather",
        "Parent Relationship": "Outer",
        "Parallel Aware": false,
        "Startup Cost": 143080.29,
        "Total Cost": 143080.4,
        "Plan Rows": 1,
        "Plan Width": 96,
        "Actual Startup Time": 3614.789,
        "Actual Total Time": 3737.805,
        "Actual Rows": 2,
        "Actual Loops": 1,
        "Workers Planned": 1,
        "Workers Launched": 1,
        "Single Copy": false,
        "Plans": [
          {
            "Node Type": "Aggregate",
            "Strategy": "Plain",
            "Partial Mode": "Partial",
            "Parent Relationship": "Outer",
            "Parallel Aware": false,
            "Startup Cost": 142080.29,
            "Total Cost": 142080.3,
            "Plan Rows": 1,
            "Plan Width": 96,
            "Actual Startup Time": 3607.559,
            "Actual Total Time": 3607.567,
            "Actual Rows": 1,
            "Actual Loops": 2,
            "Plans": [
              {
                "Node Type": "Hash Join",
                "Parent Relationship": "Outer",
                "Parallel Aware": false,
                "Join Type": "Inner",
                "Startup Cost": 12902.61,
                "Total Cost": 142069.41,
                "Plan Rows": 1450,
                "Plan Width": 48,
                "Actual Startup Time": 2472.301,
                "Actual Total Time": 3543.894,
                "Actual Rows": 528533,
                "Actual Loops": 2,
                "Inner Unique": false,
                "Hash Cond": "(n.id = ci.person_id)",
                "Plans": [
                  {
                    "Node Type": "Seq Scan",
                    "Parent Relationship": "Outer",
                    "Parallel Aware": true,
                    "Relation Name": "name",
                    "Alias": "n",
                    "Startup Cost": 0.0,
                    "Total Cost": 80126.1,
                    "Plan Rows": 2451310,
                    "Plan Width": 19,
                    "Actual Startup Time": 0.04,
                    "Actual Total Time": 227.824,
                    "Actual Rows": 2083746,
                    "Actual Loops": 2
                  },
                  {
                    "Node Type": "Hash",
                    "Parent Relationship": "Inner",
                    "Parallel Aware": false,
                    "Startup Cost": 12871.8,
                    "Total Cost": 12871.8,
                    "Plan Rows": 2465,
                    "Plan Width": 37,
                    "Actual Startup Time": 2471.997,
                    "Actual Total Time": 2472.003,
                    "Actual Rows": 1057066,
                    "Actual Loops": 2,
                    "Hash Buckets": 2097152,
                    "Original Hash Buckets": 4096,
                    "Hash Batches": 1,
                    "Original Hash Batches": 1,
                    "Peak Memory Usage": 80906,
                    "Plans": [
                      {
                        "Node Type": "Nested Loop",
                        "Parent Relationship": "Outer",
                        "Parallel Aware": false,
                        "Join Type": "Inner",
                        "Startup Cost": 11.81,
                        "Total Cost": 12871.8,
                        "Plan Rows": 2465,
                        "Plan Width": 37,
                        "Actual Startup Time": 6.848,
                        "Actual Total Time": 2154.967,
                        "Actual Rows": 1057066,
                        "Actual Loops": 2,
                        "Inner Unique": false,
                        "Join Filter": "(t.id = ci.movie_id)",
                        "Rows Removed by Join Filter": 0,
                        "Plans": [
                          {
                            "Node Type": "Nested Loop",
                            "Parent Relationship": "Outer",
                            "Parallel Aware": false,
                            "Join Type": "Inner",
                            "Startup Cost": 11.25,
                            "Total Cost": 12540.97,
                            "Plan Rows": 172,
                            "Plan Width": 41,
                            "Actual Startup Time": 6.729,
                            "Actual Total Time": 277.223,
                            "Actual Rows": 18759,
                            "Actual Loops": 2,
                            "Inner Unique": true,
                            "Plans": [
                              {
                                "Node Type": "Nested Loop",
                                "Parent Relationship": "Outer",
                                "Parallel Aware": false,
                                "Join Type": "Inner",
                                "Startup Cost": 10.82,
                                "Total Cost": 12408.72,
                                "Plan Rows": 270,
                                "Plan Width": 20,
                                "Actual Startup Time": 6.634,
                                "Actual Total Time": 105.293,
                                "Actual Rows": 36850,
                                "Actual Loops": 2,
                                "Inner Unique": false,
                                "Plans": [
                                  {
                                    "Node Type": "Seq Scan",
                                    "Parent Relationship": "Outer",
                                    "Parallel Aware": false,
                                    "Relation Name": "keyword",
                                    "Alias": "k",
                                    "Startup Cost": 0.0,
                                    "Total Cost": 3632.4,
                                    "Plan Rows": 8,
                                    "Plan Width": 20,
                                    "Actual Startup Time": 2.122,
                                    "Actual Total Time": 24.951,
                                    "Actual Rows": 6,
                                    "Actual Loops": 2,
                                    "Filter": "(keyword = ANY ('{gore,violence,revenge,violence,gore,fight,marvel-comics,sequel}'::text[]))",
                                    "Rows Removed by Filter": 134164
                                  },
                                  {
                                    "Node Type": "Bitmap Heap Scan",
                                    "Parent Relationship": "Inner",
                                    "Parallel Aware": false,
                                    "Relation Name": "movie_keyword",
                                    "Alias": "mk",
                                    "Startup Cost": 10.82,
                                    "Total Cost": 1093.96,
                                    "Plan Rows": 308,
                                    "Plan Width": 8,
                                    "Actual Startup Time": 1.949,
                                    "Actual Total Time": 12.505,
                                    "Actual Rows": 6142,
                                    "Actual Loops": 12,
                                    "Recheck Cond": "(keyword_id = k.id)",
                                    "Rows Removed by Index Recheck": 0,
                                    "Exact Heap Blocks": 26539,
                                    "Lossy Heap Blocks": 0,
                                    "Plans": [
                                      {
                                        "Node Type": "Bitmap Index Scan",
                                        "Parent Relationship": "Outer",
                                        "Parallel Aware": false,
                                        "Index Name": "keyword_id_movie_keyword",
                                        "Startup Cost": 0.0,
                                        "Total Cost": 10.74,
                                        "Plan Rows": 308,
                                        "Plan Width": 0,
                                        "Actual Startup Time": 1.17,
                                        "Actual Total Time": 1.17,
                                        "Actual Rows": 6142,
                                        "Actual Loops": 12,
                                        "Index Cond": "(keyword_id = k.id)"
                                      }
                                    ]
                                  }
                                ]
                              },
                              {
                                "Node Type": "Index Scan",
                                "Parent Relationship": "Inner",
                                "Parallel Aware": false,
                                "Scan Direction": "Forward",
                                "Index Name": "title_pkey",
                                "Relation Name": "title",
                                "Alias": "t",
                                "Startup Cost": 0.43,
                                "Total Cost": 0.49,
                                "Plan Rows": 1,
                                "Plan Width": 21,
                                "Actual Startup Time": 0.004,
                                "Actual Total Time": 0.004,
                                "Actual Rows": 1,
                                "Actual Loops": 73700,
                                "Index Cond": "(id = mk.movie_id)",
                                "Rows Removed by Index Recheck": 0,
                                "Filter": "(production_year > 1995)",
                                "Rows Removed by Filter": 0
                              }
                            ]
                          },
                          {
                            "Node Type": "Index Scan",
                            "Parent Relationship": "Inner",
                            "Parallel Aware": false,
                            "Scan Direction": "Forward",
                            "Index Name": "movie_id_cast_info",
                            "Relation Name": "cast_info",
                            "Alias": "ci",
                            "Startup Cost": 0.56,
                            "Total Cost": 1.5,
                            "Plan Rows": 34,
                            "Plan Width": 8,
                            "Actual Startup Time": 0.009,
                            "Actual Total Time": 0.091,
                            "Actual Rows": 56,
                            "Actual Loops": 37518,
                            "Index Cond": "(movie_id = mk.movie_id)",
                            "Rows Removed by Index Recheck": 0
                          }
                        ]
                      }
                    ]
                  }
                ]
              }
            ]
          }
        ]
      }
    ]
  },
  "Planning Time": 1.637,
  "Triggers": [],
  "Execution Time": 3739.24
}