{
    "Plan": {
        "Node Type": "Aggregate",
        "Strategy": "Plain",
        "Partial Mode": "Finalize",
        "Parallel Aware": false,
        "Startup Cost": 76336.29,
        "Total Cost": 76336.3,
        "Plan Rows": 1,
        "Plan Width": 8,
        "Actual Startup Time": 90.7,
        "Actual Total Time": 99.676,
        "Actual Rows": 1,
        "Actual Loops": 1,
        "Output": [
            "count(*)"
        ],
        "Plans": [
            {
                "Node Type": "Gather",
                "Parent Relationship": "Outer",
                "Parallel Aware": false,
                "Startup Cost": 76335.98,
                "Total Cost": 76336.29,
                "Plan Rows": 3,
                "Plan Width": 8,
                "Actual Startup Time": 90.578,
                "Actual Total Time": 99.67,
                "Actual Rows": 4,
                "Actual Loops": 1,
                "Output": [
                    "(PARTIAL count(*))"
                ],
                "Workers Planned": 3,
                "Workers Launched": 3,
                "Single Copy": false,
                "Plans": [
                    {
                        "Node Type": "Aggregate",
                        "Strategy": "Plain",
                        "Partial Mode": "Partial",
                        "Parent Relationship": "Outer",
                        "Parallel Aware": false,
                        "Startup Cost": 75335.98,
                        "Total Cost": 75335.99,
                        "Plan Rows": 1,
                        "Plan Width": 8,
                        "Actual Startup Time": 81.246,
                        "Actual Total Time": 81.247,
                        "Actual Rows": 1,
                        "Actual Loops": 4,
                        "Output": [
                            "PARTIAL count(*)"
                        ],
                        "Workers": [
                            {
                                "Worker Number": 0,
                                "Actual Startup Time": 77.889,
                                "Actual Total Time": 77.891,
                                "Actual Rows": 1,
                                "Actual Loops": 1
                            },
                            {
                                "Worker Number": 1,
                                "Actual Startup Time": 78.555,
                                "Actual Total Time": 78.557,
                                "Actual Rows": 1,
                                "Actual Loops": 1
                            },
                            {
                                "Worker Number": 2,
                                "Actual Startup Time": 78.672,
                                "Actual Total Time": 78.674,
                                "Actual Rows": 1,
                                "Actual Loops": 1
                            }
                        ],
                        "Plans": [
                            {
                                "Node Type": "Nested Loop",
                                "Parent Relationship": "Outer",
                                "Parallel Aware": false,
                                "Join Type": "Inner",
                                "Startup Cost": 0.86,
                                "Total Cost": 75309.23,
                                "Plan Rows": 10698,
                                "Plan Width": 0,
                                "Actual Startup Time": 47.467,
                                "Actual Total Time": 81.184,
                                "Actual Rows": 915,
                                "Actual Loops": 4,
                                "Inner Unique": false,
                                "Workers": [
                                    {
                                        "Worker Number": 0,
                                        "Actual Startup Time": 44.271,
                                        "Actual Total Time": 77.829,
                                        "Actual Rows": 577,
                                        "Actual Loops": 1
                                    },
                                    {
                                        "Worker Number": 1,
                                        "Actual Startup Time": 44.788,
                                        "Actual Total Time": 78.508,
                                        "Actual Rows": 653,
                                        "Actual Loops": 1
                                    },
                                    {
                                        "Worker Number": 2,
                                        "Actual Startup Time": 44.872,
                                        "Actual Total Time": 78.6,
                                        "Actual Rows": 1208,
                                        "Actual Loops": 1
                                    }
                                ],
                                "Plans": [
                                    {
                                        "Node Type": "Nested Loop",
                                        "Parent Relationship": "Outer",
                                        "Parallel Aware": false,
                                        "Join Type": "Inner",
                                        "Startup Cost": 0.43,
                                        "Total Cost": 64728.04,
                                        "Plan Rows": 5979,
                                        "Plan Width": 8,
                                        "Actual Startup Time": 47.39,
                                        "Actual Total Time": 78.367,
                                        "Actual Rows": 155,
                                        "Actual Loops": 4,
                                        "Output": [
                                            "t.id",
                                            "mc.movie_id"
                                        ],
                                        "Inner Unique": true,
                                        "Workers": [
                                            {
                                                "Worker Number": 0,
                                                "Actual Startup Time": 44.15,
                                                "Actual Total Time": 74.661,
                                                "Actual Rows": 86,
                                                "Actual Loops": 1
                                            },
                                            {
                                                "Worker Number": 1,
                                                "Actual Startup Time": 44.713,
                                                "Actual Total Time": 75.105,
                                                "Actual Rows": 163,
                                                "Actual Loops": 1
                                            },
                                            {
                                                "Worker Number": 2,
                                                "Actual Startup Time": 44.783,
                                                "Actual Total Time": 75.25,
                                                "Actual Rows": 152,
                                                "Actual Loops": 1
                                            }
                                        ],
                                        "Plans": [
                                            {
                                                "Node Type": "Seq Scan",
                                                "Parent Relationship": "Outer",
                                                "Parallel Aware": true,
                                                "Relation Name": "movie_companies",
                                                "Schema": "public",
                                                "Alias": "mc",
                                                "Startup Cost": 0.0,
                                                "Total Cost": 31414.82,
                                                "Plan Rows": 5979,
                                                "Plan Width": 4,
                                                "Actual Startup Time": 47.311,
                                                "Actual Total Time": 75.849,
                                                "Actual Rows": 155,
                                                "Actual Loops": 4,
                                                "Output": [
                                                    "mc.id",
                                                    "mc.movie_id",
                                                    "mc.company_id",
                                                    "mc.company_type_id",
                                                    "mc.note"
                                                ],
                                                "Filter": "((mc.company_type_id > 1) AND (mc.company_id = 160))",
                                                "Rows Removed by Filter": 652128,
                                                "Workers": [
                                                    {
                                                        "Worker Number": 0,
                                                        "Actual Startup Time": 44.034,
                                                        "Actual Total Time": 72.027,
                                                        "Actual Rows": 86,
                                                        "Actual Loops": 1
                                                    },
                                                    {
                                                        "Worker Number": 1,
                                                        "Actual Startup Time": 44.638,
                                                        "Actual Total Time": 71.862,
                                                        "Actual Rows": 163,
                                                        "Actual Loops": 1
                                                    },
                                                    {
                                                        "Worker Number": 2,
                                                        "Actual Startup Time": 44.686,
                                                        "Actual Total Time": 72.278,
                                                        "Actual Rows": 152,
                                                        "Actual Loops": 1
                                                    }
                                                ]
                                            },
                                            {
                                                "Node Type": "Index Only Scan",
                                                "Parent Relationship": "Inner",
                                                "Parallel Aware": false,
                                                "Scan Direction": "Forward",
                                                "Index Name": "title_pkey",
                                                "Relation Name": "title",
                                                "Schema": "public",
                                                "Alias": "t",
                                                "Startup Cost": 0.43,
                                                "Total Cost": 5.57,
                                                "Plan Rows": 1,
                                                "Plan Width": 4,
                                                "Actual Startup Time": 0.016,
                                                "Actual Total Time": 0.016,
                                                "Actual Rows": 1,
                                                "Actual Loops": 619,
                                                "Output": [
                                                    "t.id"
                                                ],
                                                "Index Cond": "(t.id = mc.movie_id)",
                                                "Rows Removed by Index Recheck": 0,
                                                "Heap Fetches": 619,
                                                "Workers": [
                                                    {
                                                        "Worker Number": 0,
                                                        "Actual Startup Time": 0.029,
                                                        "Actual Total Time": 0.029,
                                                        "Actual Rows": 1,
                                                        "Actual Loops": 86
                                                    },
                                                    {
                                                        "Worker Number": 1,
                                                        "Actual Startup Time": 0.019,
                                                        "Actual Total Time": 0.019,
                                                        "Actual Rows": 1,
                                                        "Actual Loops": 163
                                                    },
                                                    {
                                                        "Worker Number": 2,
                                                        "Actual Startup Time": 0.019,
                                                        "Actual Total Time": 0.019,
                                                        "Actual Rows": 1,
                                                        "Actual Loops": 152
                                                    }
                                                ]
                                            }
                                        ]
                                    },
                                    {
                                        "Node Type": "Index Only Scan",
                                        "Parent Relationship": "Inner",
                                        "Parallel Aware": false,
                                        "Scan Direction": "Forward",
                                        "Index Name": "movie_id_movie_keyword",
                                        "Relation Name": "movie_keyword",
                                        "Schema": "public",
                                        "Alias": "mk",
                                        "Startup Cost": 0.43,
                                        "Total Cost": 1.31,
                                        "Plan Rows": 46,
                                        "Plan Width": 4,
                                        "Actual Startup Time": 0.016,
                                        "Actual Total Time": 0.017,
                                        "Actual Rows": 6,
                                        "Actual Loops": 619,
                                        "Output": [
                                            "mk.movie_id"
                                        ],
                                        "Index Cond": "(mk.movie_id = t.id)",
                                        "Rows Removed by Index Recheck": 0,
                                        "Heap Fetches": 3661,
                                        "Workers": [
                                            {
                                                "Worker Number": 0,
                                                "Actual Startup Time": 0.033,
                                                "Actual Total Time": 0.035,
                                                "Actual Rows": 7,
                                                "Actual Loops": 86
                                            },
                                            {
                                                "Worker Number": 1,
                                                "Actual Startup Time": 0.019,
                                                "Actual Total Time": 0.02,
                                                "Actual Rows": 4,
                                                "Actual Loops": 163
                                            },
                                            {
                                                "Worker Number": 2,
                                                "Actual Startup Time": 0.019,
                                                "Actual Total Time": 0.021,
                                                "Actual Rows": 8,
                                                "Actual Loops": 152
                                            }
                                        ]
                                    }
                                ]
                            }
                        ]
                    }
                ]
            }
        ]
    },
    "Planning Time": 1.622,
    "Triggers": [],
    "Execution Time": 99.761
}