{
  "Plan": {
    "Node Type": "Aggregate",
    "Strategy": "Plain",
    "Partial Mode": "Finalize",
    "Parallel Aware": false,
    "Startup Cost": 275552.33,
    "Total Cost": 275552.34,
    "Plan Rows": 1,
    "Plan Width": 8,
    "Actual Startup Time": 934.383,
    "Actual Total Time": 953.711,
    "Actual Rows": 1,
    "Actual Loops": 1,
    "Plans": [
      {
        "Node Type": "Gather",
        "Parent Relationship": "Outer",
        "Parallel Aware": false,
        "Startup Cost": 275552.22,
        "Total Cost": 275552.33,
        "Plan Rows": 1,
        "Plan Width": 8,
        "Actual Startup Time": 934.241,
        "Actual Total Time": 953.705,
        "Actual Rows": 2,
        "Actual Loops": 1,
        "Workers Planned": 1,
        "Workers Launched": 1,
        "Single Copy": false,
        "Plans": [
          {
            "Node Type": "Aggregate",
            "Strategy": "Plain",
            "Partial Mode": "Partial",
            "Parent Relationship": "Outer",
            "Parallel Aware": false,
            "Startup Cost": 274552.22,
            "Total Cost": 274552.23,
            "Plan Rows": 1,
            "Plan Width": 8,
            "Actual Startup Time": 925.291,
            "Actual Total Time": 925.296,
            "Actual Rows": 1,
            "Actual Loops": 2,
            "Plans": [
              {
                "Node Type": "Merge Join",
                "Parent Relationship": "Outer",
                "Parallel Aware": false,
                "Join Type": "Inner",
                "Startup Cost": 270287.82,
                "Total Cost": 274497.57,
                "Plan Rows": 21859,
                "Plan Width": 0,
                "Actual Startup Time": 864.147,
                "Actual Total Time": 924.333,
                "Actual Rows": 21486,
                "Actual Loops": 2,
                "Inner Unique": false,
                "Merge Cond": "(ci.movie_id = t.id)",
                "Plans": [
                  {
                    "Node Type": "Sort",
                    "Parent Relationship": "Outer",
                    "Parallel Aware": false,
                    "Startup Cost": 161795.12,
                    "Total Cost": 163599.48,
                    "Plan Rows": 721742,
                    "Plan Width": 4,
                    "Actual Startup Time": 414.864,
                    "Actual Total Time": 443.366,
                    "Actual Rows": 453108,
                    "Actual Loops": 2,
                    "Sort Key": [
                      "ci.movie_id"
                    ],
                    "Sort Method": "quicksort",
                    "Sort Space Used": 58575,
                    "Sort Space Type": "Memory",
                    "Workers": [
                      {
                        "Worker Number": 0,
                        "Sort Method": "quicksort",
                        "Sort Space Used": 57550,
                        "Sort Space Type": "Memory"
                      }
                    ],
                    "Plans": [
                      {
                        "Node Type": "Index Scan",
                        "Parent Relationship": "Outer",
                        "Parallel Aware": true,
                        "Scan Direction": "Forward",
                        "Index Name": "role_id_cast_info",
                        "Relation Name": "cast_info",
                        "Alias": "ci",
                        "Startup Cost": 0.56,
                        "Total Cost": 91565.57,
                        "Plan Rows": 721742,
                        "Plan Width": 4,
                        "Actual Startup Time": 0.124,
                        "Actual Total Time": 226.019,
                        "Actual Rows": 714369,
                        "Actual Loops": 2,
                        "Index Cond": "(role_id = 4)",
                        "Rows Removed by Index Recheck": 0,
                        "Filter": "(person_id > 2079481)",
                        "Rows Removed by Filter": 650102
                      }
                    ]
                  },
                  {
                    "Node Type": "Sort",
                    "Parent Relationship": "Inner",
                    "Parallel Aware": false,
                    "Startup Cost": 108492.62,
                    "Total Cost": 108684.06,
                    "Plan Rows": 76575,
                    "Plan Width": 8,
                    "Actual Startup Time": 449.139,
                    "Actual Total Time": 450.775,
                    "Actual Rows": 44402,
                    "Actual Loops": 2,
                    "Sort Key": [
                      "t.id"
                    ],
                    "Sort Method": "quicksort",
                    "Sort Space Used": 3350,
                    "Sort Space Type": "Memory",
                    "Workers": [
                      {
                        "Worker Number": 0,
                        "Sort Method": "quicksort",
                        "Sort Space Used": 3350,
                        "Sort Space Type": "Memory"
                      }
                    ],
                    "Plans": [
                      {
                        "Node Type": "Hash Join",
                        "Parent Relationship": "Outer",
                        "Parallel Aware": false,
                        "Join Type": "Inner",
                        "Startup Cost": 87469.35,
                        "Total Cost": 102280.63,
                        "Plan Rows": 76575,
                        "Plan Width": 8,
                        "Actual Startup Time": 307.168,
                        "Actual Total Time": 441.219,
                        "Actual Rows": 38696,
                        "Actual Loops": 2,
                        "Inner Unique": true,
                        "Hash Cond": "(mi_idx.movie_id = t.id)",
                        "Plans": [
                          {
                            "Node Type": "Bitmap Heap Scan",
                            "Parent Relationship": "Outer",
                            "Parallel Aware": false,
                            "Relation Name": "movie_info_idx",
                            "Alias": "mi_idx",
                            "Startup Cost": 8223.81,
                            "Total Cost": 21841.68,
                            "Plan Rows": 454630,
                            "Plan Width": 4,
                            "Actual Startup Time": 27.416,
                            "Actual Total Time": 73.836,
                            "Actual Rows": 459925,
                            "Actual Loops": 2,
                            "Recheck Cond": "(info_type_id < 100)",
                            "Rows Removed by Index Recheck": 0,
                            "Exact Heap Blocks": 7934,
                            "Lossy Heap Blocks": 0,
                            "Plans": [
                              {
                                "Node Type": "Bitmap Index Scan",
                                "Parent Relationship": "Outer",
                                "Parallel Aware": false,
                                "Index Name": "info_type_id_movie_info_idx",
                                "Startup Cost": 0.0,
                                "Total Cost": 8110.15,
                                "Plan Rows": 454630,
                                "Plan Width": 0,
                                "Actual Startup Time": 26.478,
                                "Actual Total Time": 26.478,
                                "Actual Rows": 459925,
                                "Actual Loops": 2,
                                "Index Cond": "(info_type_id < 100)"
                              }
                            ]
                          },
                          {
                            "Node Type": "Hash",
                            "Parent Relationship": "Inner",
                            "Parallel Aware": false,
                            "Startup Cost": 73922.39,
                            "Total Cost": 73922.39,
                            "Plan Rows": 425852,
                            "Plan Width": 4,
                            "Actual Startup Time": 278.407,
                            "Actual Total Time": 278.407,
                            "Actual Rows": 315167,
                            "Actual Loops": 2,
                            "Hash Buckets": 524288,
                            "Original Hash Buckets": 524288,
                            "Hash Batches": 1,
                            "Original Hash Batches": 1,
                            "Peak Memory Usage": 15177,
                            "Plans": [
                              {
                                "Node Type": "Seq Scan",
                                "Parent Relationship": "Outer",
                                "Parallel Aware": false,
                                "Relation Name": "title",
                                "Alias": "t",
                                "Startup Cost": 0.0,
                                "Total Cost": 73922.39,
                                "Plan Rows": 425852,
                                "Plan Width": 4,
                                "Actual Startup Time": 0.027,
                                "Actual Total Time": 223.715,
                                "Actual Rows": 315167,
                                "Actual Loops": 2,
                                "Filter": "((production_year < 1991) AND (kind_id = 7))",
                                "Rows Removed by Filter": 2213145
                              }
                            ]
                          }
                        ]
                      }
                    ]
                  }
                ]
              }
            ]
          }
        ]
      }
    ]
  },
  "Planning Time": 1.076,
  "Triggers": [],
  "Execution Time": 958.772
}