[
  {
    "Plan": {
      "Node Type": "Aggregate",
      "Strategy": "Plain",
      "Partial Mode": "Finalize",
      "Parallel Aware": false,
      "Startup Cost": 374120.35,
      "Total Cost": 374120.36,
      "Plan Rows": 1,
      "Plan Width": 8,
      "Actual Startup Time": 481.743,
      "Actual Total Time": 553.749,
      "Actual Rows": 1,
      "Actual Loops": 1,
      "Plans": [
        {
          "Node Type": "Gather",
          "Parent Relationship": "Outer",
          "Parallel Aware": false,
          "Startup Cost": 374119.93,
          "Total Cost": 374120.34,
          "Plan Rows": 4,
          "Plan Width": 8,
          "Actual Startup Time": 481.635,
          "Actual Total Time": 553.739,
          "Actual Rows": 5,
          "Actual Loops": 1,
          "Workers Planned": 4,
          "Workers Launched": 4,
          "Single Copy": false,
          "Plans": [
            {
              "Node Type": "Aggregate",
              "Strategy": "Plain",
              "Partial Mode": "Partial",
              "Parent Relationship": "Outer",
              "Parallel Aware": false,
              "Startup Cost": 373119.93,
              "Total Cost": 373119.94,
              "Plan Rows": 1,
              "Plan Width": 8,
              "Actual Startup Time": 471.673,
              "Actual Total Time": 471.675,
              "Actual Rows": 1,
              "Actual Loops": 5,
              "Plans": [
                {
                  "Node Type": "Nested Loop",
                  "Parent Relationship": "Outer",
                  "Parallel Aware": false,
                  "Join Type": "Inner",
                  "Startup Cost": 0.56,
                  "Total Cost": 372808.03,
                  "Plan Rows": 124760,
                  "Plan Width": 0,
                  "Actual Startup Time": 0.534,
                  "Actual Total Time": 465.59,
                  "Actual Rows": 93553,
                  "Actual Loops": 5,
                  "Inner Unique": false,
                  "Plans": [
                    {
                      "Node Type": "Seq Scan",
                      "Parent Relationship": "Outer",
                      "Parallel Aware": true,
                      "Relation Name": "title",
                      "Alias": "t",
                      "Startup Cost": 0.0,
                      "Total Cost": 45479.1,
                      "Plan Rows": 15805,
                      "Plan Width": 4,
                      "Actual Startup Time": 0.138,
                      "Actual Total Time": 67.515,
                      "Actual Rows": 10754,
                      "Actual Loops": 5,
                      "Filter": "((kind_id < 7) AND (production_year = 2011))",
                      "Rows Removed by Filter": 494908
                    },
                    {
                      "Node Type": "Index Scan",
                      "Parent Relationship": "Inner",
                      "Parallel Aware": false,
                      "Scan Direction": "Forward",
                      "Index Name": "movie_id_cast_info",
                      "Relation Name": "cast_info",
                      "Alias": "ci",
                      "Startup Cost": 0.56,
                      "Total Cost": 20.51,
                      "Plan Rows": 20,
                      "Plan Width": 4,
                      "Actual Startup Time": 0.017,
                      "Actual Total Time": 0.036,
                      "Actual Rows": 9,
                      "Actual Loops": 53770,
                      "Index Cond": "(movie_id = t.id)",
                      "Rows Removed by Index Recheck": 0,
                      "Filter": "(person_id > 1611057)",
                      "Rows Removed by Filter": 6
                    }
                  ]
                }
              ]
            }
          ]
        }
      ]
    },
    "Planning Time": 0.634,
    "Triggers": [],
    "Execution Time": 553.842
  }
]