[
  {
    "Plan": {
      "Node Type": "Aggregate",
      "Strategy": "Plain",
      "Partial Mode": "Finalize",
      "Parallel Aware": false,
      "Startup Cost": 30661.87,
      "Total Cost": 30661.88,
      "Plan Rows": 1,
      "Plan Width": 8,
      "Actual Startup Time": 73.385,
      "Actual Total Time": 81.45,
      "Actual Rows": 1,
      "Actual Loops": 1,
      "Plans": [
        {
          "Node Type": "Gather",
          "Parent Relationship": "Outer",
          "Parallel Aware": false,
          "Startup Cost": 30661.55,
          "Total Cost": 30661.86,
          "Plan Rows": 3,
          "Plan Width": 8,
          "Actual Startup Time": 73.24,
          "Actual Total Time": 81.441,
          "Actual Rows": 4,
          "Actual Loops": 1,
          "Workers Planned": 3,
          "Workers Launched": 3,
          "Single Copy": false,
          "Plans": [
            {
              "Node Type": "Aggregate",
              "Strategy": "Plain",
              "Partial Mode": "Partial",
              "Parent Relationship": "Outer",
              "Parallel Aware": false,
              "Startup Cost": 29661.55,
              "Total Cost": 29661.56,
              "Plan Rows": 1,
              "Plan Width": 8,
              "Actual Startup Time": 68.718,
              "Actual Total Time": 68.719,
              "Actual Rows": 1,
              "Actual Loops": 4,
              "Plans": [
                {
                  "Node Type": "Seq Scan",
                  "Parent Relationship": "Outer",
                  "Parallel Aware": true,
                  "Relation Name": "movie_companies",
                  "Alias": "mc",
                  "Startup Cost": 0.0,
                  "Total Cost": 29310.68,
                  "Plan Rows": 140347,
                  "Plan Width": 0,
                  "Actual Startup Time": 35.235,
                  "Actual Total Time": 63.678,
                  "Actual Rows": 108344,
                  "Actual Loops": 4,
                  "Filter": "(company_id > 78849)",
                  "Rows Removed by Filter": 543938
                }
              ]
            }
          ]
        }
      ]
    },
    "Planning Time": 0.079,
    "Triggers": [],
    "Execution Time": 81.475
  }
]