[
  {
    "Plan": {
      "Node Type": "Aggregate",
      "Strategy": "Plain",
      "Partial Mode": "Finalize",
      "Parallel Aware": false,
      "Startup Cost": 30654.49,
      "Total Cost": 30654.5,
      "Plan Rows": 1,
      "Plan Width": 8,
      "Actual Startup Time": 86.535,
      "Actual Total Time": 91.516,
      "Actual Rows": 1,
      "Actual Loops": 1,
      "Plans": [
        {
          "Node Type": "Gather",
          "Parent Relationship": "Outer",
          "Parallel Aware": false,
          "Startup Cost": 30654.18,
          "Total Cost": 30654.49,
          "Plan Rows": 3,
          "Plan Width": 8,
          "Actual Startup Time": 86.436,
          "Actual Total Time": 91.509,
          "Actual Rows": 4,
          "Actual Loops": 1,
          "Workers Planned": 3,
          "Workers Launched": 3,
          "Single Copy": false,
          "Plans": [
            {
              "Node Type": "Aggregate",
              "Strategy": "Plain",
              "Partial Mode": "Partial",
              "Parent Relationship": "Outer",
              "Parallel Aware": false,
              "Startup Cost": 29654.18,
              "Total Cost": 29654.19,
              "Plan Rows": 1,
              "Plan Width": 8,
              "Actual Startup Time": 78.094,
              "Actual Total Time": 78.095,
              "Actual Rows": 1,
              "Actual Loops": 4,
              "Plans": [
                {
                  "Node Type": "Seq Scan",
                  "Parent Relationship": "Outer",
                  "Parallel Aware": true,
                  "Relation Name": "movie_companies",
                  "Alias": "mc",
                  "Startup Cost": 0.0,
                  "Total Cost": 29310.68,
                  "Plan Rows": 137398,
                  "Plan Width": 0,
                  "Actual Startup Time": 47.642,
                  "Actual Total Time": 73.592,
                  "Actual Rows": 108344,
                  "Actual Loops": 4,
                  "Filter": "(company_id > 78849)",
                  "Rows Removed by Filter": 543938
                }
              ]
            }
          ]
        }
      ]
    },
    "Planning Time": 0.193,
    "Triggers": [],
    "Execution Time": 91.577
  }
]