[
  {
    "Plan": {
      "Node Type": "Aggregate",
      "Strategy": "Plain",
      "Partial Mode": "Finalize",
      "Parallel Aware": false,
      "Startup Cost": 79875.5,
      "Total Cost": 79875.51,
      "Plan Rows": 1,
      "Plan Width": 8,
      "Actual Startup Time": 318.768,
      "Actual Total Time": 334.893,
      "Actual Rows": 1,
      "Actual Loops": 1,
      "Plans": [
        {
          "Node Type": "Gather",
          "Parent Relationship": "Outer",
          "Parallel Aware": false,
          "Startup Cost": 79875.18,
          "Total Cost": 79875.49,
          "Plan Rows": 3,
          "Plan Width": 8,
          "Actual Startup Time": 316.078,
          "Actual Total Time": 334.884,
          "Actual Rows": 4,
          "Actual Loops": 1,
          "Workers Planned": 3,
          "Workers Launched": 3,
          "Single Copy": false,
          "Plans": [
            {
              "Node Type": "Aggregate",
              "Strategy": "Plain",
              "Partial Mode": "Partial",
              "Parent Relationship": "Outer",
              "Parallel Aware": false,
              "Startup Cost": 78875.18,
              "Total Cost": 78875.19,
              "Plan Rows": 1,
              "Plan Width": 8,
              "Actual Startup Time": 307.432,
              "Actual Total Time": 307.436,
              "Actual Rows": 1,
              "Actual Loops": 4,
              "Plans": [
                {
                  "Node Type": "Hash Join",
                  "Parent Relationship": "Outer",
                  "Parallel Aware": true,
                  "Join Type": "Inner",
                  "Startup Cost": 46254.97,
                  "Total Cost": 78608.57,
                  "Plan Rows": 106646,
                  "Plan Width": 0,
                  "Actual Startup Time": 174.429,
                  "Actual Total Time": 300.302,
                  "Actual Rows": 177100,
                  "Actual Loops": 4,
                  "Inner Unique": true,
                  "Hash Cond": "(mc.movie_id = t.id)",
                  "Plans": [
                    {
                      "Node Type": "Seq Scan",
                      "Parent Relationship": "Outer",
                      "Parallel Aware": true,
                      "Relation Name": "movie_companies",
                      "Alias": "mc",
                      "Startup Cost": 0.0,
                      "Total Cost": 31414.82,
                      "Plan Rows": 357632,
                      "Plan Width": 4,
                      "Actual Startup Time": 0.05,
                      "Actual Total Time": 65.717,
                      "Actual Rows": 250265,
                      "Actual Loops": 4,
                      "Filter": "((company_id > 166) AND (company_type_id < 2))",
                      "Rows Removed by Filter": 402017
                    },
                    {
                      "Node Type": "Hash",
                      "Parent Relationship": "Inner",
                      "Parallel Aware": true,
                      "Startup Cost": 43898.92,
                      "Total Cost": 43898.92,
                      "Plan Rows": 188484,
                      "Plan Width": 4,
                      "Actual Startup Time": 169.242,
                      "Actual Total Time": 169.243,
                      "Actual Rows": 188419,
                      "Actual Loops": 4,
                      "Hash Buckets": 1048576,
                      "Original Hash Buckets": 1048576,
                      "Hash Batches": 1,
                      "Original Hash Batches": 1,
                      "Peak Memory Usage": 37760,
                      "Plans": [
                        {
                          "Node Type": "Seq Scan",
                          "Parent Relationship": "Outer",
                          "Parallel Aware": true,
                          "Relation Name": "title",
                          "Alias": "t",
                          "Startup Cost": 0.0,
                          "Total Cost": 43898.92,
                          "Plan Rows": 188484,
                          "Plan Width": 4,
                          "Actual Startup Time": 0.047,
                          "Actual Total Time": 100.806,
                          "Actual Rows": 188419,
                          "Actual Loops": 4,
                          "Filter": "(kind_id < 3)",
                          "Rows Removed by Filter": 443659
                        }
                      ]
                    }
                  ]
                }
              ]
            }
          ]
        }
      ]
    },
    "Planning Time": 0.605,
    "Triggers": [],
    "Execution Time": 334.956
  }
]