{
  "Plan": {
    "Node Type": "Aggregate",
    "Strategy": "Plain",
    "Partial Mode": "Finalize",
    "Parallel Aware": false,
    "Startup Cost": 346229.68,
    "Total Cost": 346229.69,
    "Plan Rows": 1,
    "Plan Width": 8,
    "Actual Startup Time": 301.293,
    "Actual Total Time": 315.987,
    "Actual Rows": 1,
    "Actual Loops": 1,
    "Plans": [
      {
        "Node Type": "Gather",
        "Parent Relationship": "Outer",
        "Parallel Aware": false,
        "Startup Cost": 346229.57,
        "Total Cost": 346229.68,
        "Plan Rows": 1,
        "Plan Width": 8,
        "Actual Startup Time": 301.038,
        "Actual Total Time": 315.979,
        "Actual Rows": 2,
        "Actual Loops": 1,
        "Workers Planned": 1,
        "Workers Launched": 1,
        "Single Copy": false,
        "Plans": [
          {
            "Node Type": "Aggregate",
            "Strategy": "Plain",
            "Partial Mode": "Partial",
            "Parent Relationship": "Outer",
            "Parallel Aware": false,
            "Startup Cost": 345229.57,
            "Total Cost": 345229.58,
            "Plan Rows": 1,
            "Plan Width": 8,
            "Actual Startup Time": 295.003,
            "Actual Total Time": 295.007,
            "Actual Rows": 1,
            "Actual Loops": 2,
            "Plans": [
              {
                "Node Type": "Hash Join",
                "Parent Relationship": "Outer",
                "Parallel Aware": true,
                "Join Type": "Inner",
                "Startup Cost": 81210.65,
                "Total Cost": 345227.24,
                "Plan Rows": 932,
                "Plan Width": 0,
                "Actual Startup Time": 179.344,
                "Actual Total Time": 294.858,
                "Actual Rows": 2040,
                "Actual Loops": 2,
                "Inner Unique": true,
                "Hash Cond": "(ci.movie_id = t.id)",
                "Plans": [
                  {
                    "Node Type": "Bitmap Heap Scan",
                    "Parent Relationship": "Outer",
                    "Parallel Aware": true,
                    "Relation Name": "cast_info",
                    "Alias": "ci",
                    "Startup Cost": 26551.61,
                    "Total Cost": 289924.24,
                    "Plan Rows": 245318,
                    "Plan Width": 4,
                    "Actual Startup Time": 44.154,
                    "Actual Total Time": 124.856,
                    "Actual Rows": 443867,
                    "Actual Loops": 2,
                    "Recheck Cond": "(person_id < 124480)",
                    "Rows Removed by Index Recheck": 0,
                    "Filter": "(role_id < 2)",
                    "Rows Removed by Filter": 172350,
                    "Exact Heap Blocks": 7653,
                    "Lossy Heap Blocks": 0,
                    "Plans": [
                      {
                        "Node Type": "Bitmap Index Scan",
                        "Parent Relationship": "Outer",
                        "Parallel Aware": false,
                        "Index Name": "person_id_cast_info",
                        "Startup Cost": 0.0,
                        "Total Cost": 26447.35,
                        "Plan Rows": 1211038,
                        "Plan Width": 0,
                        "Actual Startup Time": 42.243,
                        "Actual Total Time": 42.244,
                        "Actual Rows": 1232434,
                        "Actual Loops": 1,
                        "Index Cond": "(person_id < 124480)"
                      }
                    ]
                  },
                  {
                    "Node Type": "Hash",
                    "Parent Relationship": "Inner",
                    "Parallel Aware": true,
                    "Startup Cost": 54588.39,
                    "Total Cost": 54588.39,
                    "Plan Rows": 5652,
                    "Plan Width": 4,
                    "Actual Startup Time": 133.967,
                    "Actual Total Time": 133.968,
                    "Actual Rows": 5154,
                    "Actual Loops": 2,
                    "Hash Buckets": 16384,
                    "Original Hash Buckets": 16384,
                    "Hash Batches": 1,
                    "Original Hash Batches": 1,
                    "Peak Memory Usage": 576,
                    "Plans": [
                      {
                        "Node Type": "Seq Scan",
                        "Parent Relationship": "Outer",
                        "Parallel Aware": true,
                        "Relation Name": "title",
                        "Alias": "t",
                        "Startup Cost": 0.0,
                        "Total Cost": 54588.39,
                        "Plan Rows": 5652,
                        "Plan Width": 4,
                        "Actual Startup Time": 0.113,
                        "Actual Total Time": 131.861,
                        "Actual Rows": 5154,
                        "Actual Loops": 2,
                        "Filter": "(production_year = 1962)",
                        "Rows Removed by Filter": 1259002
                      }
                    ]
                  }
                ]
              }
            ]
          }
        ]
      }
    ]
  },
  "Planning Time": 0.491,
  "Triggers": [],
  "Execution Time": 316.081
}