[
  {
    "Plan": {
      "Node Type": "Aggregate",
      "Strategy": "Plain",
      "Partial Mode": "Finalize",
      "Parallel Aware": false,
      "Startup Cost": 239225.16,
      "Total Cost": 239225.17,
      "Plan Rows": 1,
      "Plan Width": 8,
      "Actual Startup Time": 518.272,
      "Actual Total Time": 537.747,
      "Actual Rows": 1,
      "Actual Loops": 1,
      "Plans": [
        {
          "Node Type": "Gather",
          "Parent Relationship": "Outer",
          "Parallel Aware": false,
          "Startup Cost": 239224.64,
          "Total Cost": 239225.15,
          "Plan Rows": 5,
          "Plan Width": 8,
          "Actual Startup Time": 504.145,
          "Actual Total Time": 537.735,
          "Actual Rows": 6,
          "Actual Loops": 1,
          "Workers Planned": 5,
          "Workers Launched": 5,
          "Single Copy": false,
          "Plans": [
            {
              "Node Type": "Aggregate",
              "Strategy": "Plain",
              "Partial Mode": "Partial",
              "Parent Relationship": "Outer",
              "Parallel Aware": false,
              "Startup Cost": 238224.64,
              "Total Cost": 238224.65,
              "Plan Rows": 1,
              "Plan Width": 8,
              "Actual Startup Time": 485.55,
              "Actual Total Time": 485.554,
              "Actual Rows": 1,
              "Actual Loops": 6,
              "Plans": [
                {
                  "Node Type": "Hash Join",
                  "Parent Relationship": "Outer",
                  "Parallel Aware": true,
                  "Join Type": "Inner",
                  "Startup Cost": 71994.9,
                  "Total Cost": 237623.68,
                  "Plan Rows": 240382,
                  "Plan Width": 0,
                  "Actual Startup Time": 330.808,
                  "Actual Total Time": 475.404,
                  "Actual Rows": 193317,
                  "Actual Loops": 6,
                  "Inner Unique": true,
                  "Hash Cond": "(mi.movie_id = t.id)",
                  "Plans": [
                    {
                      "Node Type": "Bitmap Heap Scan",
                      "Parent Relationship": "Outer",
                      "Parallel Aware": true,
                      "Relation Name": "movie_info",
                      "Alias": "mi",
                      "Startup Cost": 21775.25,
                      "Total Cost": 186773.03,
                      "Plan Rows": 240382,
                      "Plan Width": 4,
                      "Actual Startup Time": 68.744,
                      "Actual Total Time": 135.873,
                      "Actual Rows": 193317,
                      "Actual Loops": 6,
                      "Recheck Cond": "(info_type_id > 47)",
                      "Rows Removed by Index Recheck": 0,
                      "Exact Heap Blocks": 7773,
                      "Lossy Heap Blocks": 0,
                      "Plans": [
                        {
                          "Node Type": "Bitmap Index Scan",
                          "Parent Relationship": "Outer",
                          "Parallel Aware": false,
                          "Index Name": "info_type_id_movie_info",
                          "Startup Cost": 0.0,
                          "Total Cost": 21474.78,
                          "Plan Rows": 1201912,
                          "Plan Width": 0,
                          "Actual Startup Time": 62.923,
                          "Actual Total Time": 62.924,
                          "Actual Rows": 1159902,
                          "Actual Loops": 1,
                          "Index Cond": "(info_type_id > 47)"
                        }
                      ]
                    },
                    {
                      "Node Type": "Hash",
                      "Parent Relationship": "Inner",
                      "Parallel Aware": true,
                      "Startup Cost": 42318.73,
                      "Total Cost": 42318.73,
                      "Plan Rows": 632073,
                      "Plan Width": 4,
                      "Actual Startup Time": 254.975,
                      "Actual Total Time": 254.976,
                      "Actual Rows": 421385,
                      "Actual Loops": 6,
                      "Hash Buckets": 4194304,
                      "Original Hash Buckets": 4194304,
                      "Hash Batches": 1,
                      "Original Hash Batches": 1,
                      "Peak Memory Usage": 131744,
                      "Plans": [
                        {
                          "Node Type": "Seq Scan",
                          "Parent Relationship": "Outer",
                          "Parallel Aware": true,
                          "Relation Name": "title",
                          "Alias": "t",
                          "Startup Cost": 0.0,
                          "Total Cost": 42318.73,
                          "Plan Rows": 632073,
                          "Plan Width": 4,
                          "Actual Startup Time": 0.037,
                          "Actual Total Time": 76.794,
                          "Actual Rows": 421385,
                          "Actual Loops": 6
                        }
                      ]
                    }
                  ]
                }
              ]
            }
          ]
        }
      ]
    },
    "Planning Time": 0.397,
    "Triggers": [],
    "Execution Time": 537.814
  }
]