[
  {
    "Plan": {
      "Node Type": "Aggregate",
      "Strategy": "Plain",
      "Partial Mode": "Finalize",
      "Parallel Aware": false,
      "Startup Cost": 29787.16,
      "Total Cost": 29787.17,
      "Plan Rows": 1,
      "Plan Width": 8,
      "Actual Startup Time": 88.539,
      "Actual Total Time": 95.562,
      "Actual Rows": 1,
      "Actual Loops": 1,
      "Plans": [
        {
          "Node Type": "Gather",
          "Parent Relationship": "Outer",
          "Parallel Aware": false,
          "Startup Cost": 29786.84,
          "Total Cost": 29787.15,
          "Plan Rows": 3,
          "Plan Width": 8,
          "Actual Startup Time": 88.282,
          "Actual Total Time": 95.554,
          "Actual Rows": 4,
          "Actual Loops": 1,
          "Workers Planned": 3,
          "Workers Launched": 3,
          "Single Copy": false,
          "Plans": [
            {
              "Node Type": "Aggregate",
              "Strategy": "Plain",
              "Partial Mode": "Partial",
              "Parent Relationship": "Outer",
              "Parallel Aware": false,
              "Startup Cost": 28786.84,
              "Total Cost": 28786.85,
              "Plan Rows": 1,
              "Plan Width": 8,
              "Actual Startup Time": 79.453,
              "Actual Total Time": 79.456,
              "Actual Rows": 1,
              "Actual Loops": 4,
              "Plans": [
                {
                  "Node Type": "Bitmap Heap Scan",
                  "Parent Relationship": "Outer",
                  "Parallel Aware": true,
                  "Relation Name": "movie_keyword",
                  "Alias": "mk",
                  "Startup Cost": 3528.58,
                  "Total Cost": 28652.8,
                  "Plan Rows": 53617,
                  "Plan Width": 0,
                  "Actual Startup Time": 27.205,
                  "Actual Total Time": 76.419,
                  "Actual Rows": 39614,
                  "Actual Loops": 4,
                  "Recheck Cond": "(keyword_id > 72984)",
                  "Rows Removed by Index Recheck": 0,
                  "Exact Heap Blocks": 10916,
                  "Lossy Heap Blocks": 0,
                  "Plans": [
                    {
                      "Node Type": "Bitmap Index Scan",
                      "Parent Relationship": "Outer",
                      "Parallel Aware": false,
                      "Index Name": "keyword_id_movie_keyword",
                      "Startup Cost": 0.0,
                      "Total Cost": 3487.03,
                      "Plan Rows": 166213,
                      "Plan Width": 0,
                      "Actual Startup Time": 30.216,
                      "Actual Total Time": 30.216,
                      "Actual Rows": 158458,
                      "Actual Loops": 1,
                      "Index Cond": "(keyword_id > 72984)"
                    }
                  ]
                }
              ]
            }
          ]
        }
      ]
    },
    "Planning Time": 0.183,
    "Triggers": [],
    "Execution Time": 95.646
  }
]