[
  {
    "Plan": {
      "Node Type": "Aggregate",
      "Strategy": "Plain",
      "Partial Mode": "Finalize",
      "Parallel Aware": false,
      "Startup Cost": 78575.54,
      "Total Cost": 78575.55,
      "Plan Rows": 1,
      "Plan Width": 8,
      "Actual Startup Time": 260.974,
      "Actual Total Time": 276.4,
      "Actual Rows": 1,
      "Actual Loops": 1,
      "Plans": [
        {
          "Node Type": "Gather",
          "Parent Relationship": "Outer",
          "Parallel Aware": false,
          "Startup Cost": 78575.23,
          "Total Cost": 78575.54,
          "Plan Rows": 3,
          "Plan Width": 8,
          "Actual Startup Time": 258.497,
          "Actual Total Time": 276.393,
          "Actual Rows": 4,
          "Actual Loops": 1,
          "Workers Planned": 3,
          "Workers Launched": 3,
          "Single Copy": false,
          "Plans": [
            {
              "Node Type": "Aggregate",
              "Strategy": "Plain",
              "Partial Mode": "Partial",
              "Parent Relationship": "Outer",
              "Parallel Aware": false,
              "Startup Cost": 77575.23,
              "Total Cost": 77575.24,
              "Plan Rows": 1,
              "Plan Width": 8,
              "Actual Startup Time": 254.584,
              "Actual Total Time": 254.587,
              "Actual Rows": 1,
              "Actual Loops": 4,
              "Plans": [
                {
                  "Node Type": "Hash Join",
                  "Parent Relationship": "Outer",
                  "Parallel Aware": true,
                  "Join Type": "Inner",
                  "Startup Cost": 46937.06,
                  "Total Cost": 77376.87,
                  "Plan Rows": 79344,
                  "Plan Width": 0,
                  "Actual Startup Time": 159.953,
                  "Actual Total Time": 252.738,
                  "Actual Rows": 40393,
                  "Actual Loops": 4,
                  "Inner Unique": true,
                  "Hash Cond": "(mc.movie_id = t.id)",
                  "Plans": [
                    {
                      "Node Type": "Seq Scan",
                      "Parent Relationship": "Outer",
                      "Parallel Aware": true,
                      "Relation Name": "movie_companies",
                      "Alias": "mc",
                      "Startup Cost": 0.0,
                      "Total Cost": 29310.68,
                      "Plan Rows": 430142,
                      "Plan Width": 4,
                      "Actual Startup Time": 30.548,
                      "Actual Total Time": 69.056,
                      "Actual Rows": 333721,
                      "Actual Loops": 4,
                      "Filter": "(company_type_id > 1)",
                      "Rows Removed by Filter": 318562
                    },
                    {
                      "Node Type": "Hash",
                      "Parent Relationship": "Inner",
                      "Parallel Aware": true,
                      "Startup Cost": 45479.59,
                      "Total Cost": 45479.59,
                      "Plan Rows": 116598,
                      "Plan Width": 4,
                      "Actual Startup Time": 127.291,
                      "Actual Total Time": 127.292,
                      "Actual Rows": 90115,
                      "Actual Loops": 4,
                      "Hash Buckets": 524288,
                      "Original Hash Buckets": 524288,
                      "Hash Batches": 1,
                      "Original Hash Batches": 1,
                      "Peak Memory Usage": 18272,
                      "Plans": [
                        {
                          "Node Type": "Seq Scan",
                          "Parent Relationship": "Outer",
                          "Parallel Aware": true,
                          "Relation Name": "title",
                          "Alias": "t",
                          "Startup Cost": 0.0,
                          "Total Cost": 45479.59,
                          "Plan Rows": 116598,
                          "Plan Width": 4,
                          "Actual Startup Time": 0.021,
                          "Actual Total Time": 96.71,
                          "Actual Rows": 90115,
                          "Actual Loops": 4,
                          "Filter": "((production_year < 1994) AND (kind_id = 7))",
                          "Rows Removed by Filter": 541963
                        }
                      ]
                    }
                  ]
                }
              ]
            }
          ]
        }
      ]
    },
    "Planning Time": 0.454,
    "Triggers": [],
    "Execution Time": 276.444
  }
]