[
  {
    "Plan": {
      "Node Type": "Aggregate",
      "Strategy": "Plain",
      "Partial Mode": "Finalize",
      "Parallel Aware": false,
      "Startup Cost": 309480.0,
      "Total Cost": 309480.01,
      "Plan Rows": 1,
      "Plan Width": 8,
      "Actual Startup Time": 1862.3,
      "Actual Total Time": 1910.295,
      "Actual Rows": 1,
      "Actual Loops": 1,
      "Plans": [
        {
          "Node Type": "Gather",
          "Parent Relationship": "Outer",
          "Parallel Aware": false,
          "Startup Cost": 309479.48,
          "Total Cost": 309479.99,
          "Plan Rows": 5,
          "Plan Width": 8,
          "Actual Startup Time": 1846.932,
          "Actual Total Time": 1910.28,
          "Actual Rows": 6,
          "Actual Loops": 1,
          "Workers Planned": 5,
          "Workers Launched": 5,
          "Single Copy": false,
          "Plans": [
            {
              "Node Type": "Aggregate",
              "Strategy": "Plain",
              "Partial Mode": "Partial",
              "Parent Relationship": "Outer",
              "Parallel Aware": false,
              "Startup Cost": 308479.48,
              "Total Cost": 308479.49,
              "Plan Rows": 1,
              "Plan Width": 8,
              "Actual Startup Time": 1836.942,
              "Actual Total Time": 1837.045,
              "Actual Rows": 1,
              "Actual Loops": 6,
              "Plans": [
                {
                  "Node Type": "Hash Join",
                  "Parent Relationship": "Outer",
                  "Parallel Aware": true,
                  "Join Type": "Inner",
                  "Startup Cost": 94651.43,
                  "Total Cost": 306641.71,
                  "Plan Rows": 735108,
                  "Plan Width": 0,
                  "Actual Startup Time": 504.076,
                  "Actual Total Time": 1583.278,
                  "Actual Rows": 5931485,
                  "Actual Loops": 6,
                  "Inner Unique": false,
                  "Hash Cond": "(mi.movie_id = t.id)",
                  "Plans": [
                    {
                      "Node Type": "Seq Scan",
                      "Parent Relationship": "Outer",
                      "Parallel Aware": true,
                      "Relation Name": "movie_info",
                      "Alias": "mi",
                      "Startup Cost": 0.0,
                      "Total Cost": 199108.24,
                      "Plan Rows": 2802861,
                      "Plan Width": 4,
                      "Actual Startup Time": 0.034,
                      "Actual Total Time": 342.151,
                      "Actual Rows": 2338930,
                      "Actual Loops": 6,
                      "Filter": "(info_type_id > 1)",
                      "Rows Removed by Filter": 133690
                    },
                    {
                      "Node Type": "Hash",
                      "Parent Relationship": "Inner",
                      "Parallel Aware": true,
                      "Startup Cost": 91977.52,
                      "Total Cost": 91977.52,
                      "Plan Rows": 213913,
                      "Plan Width": 8,
                      "Actual Startup Time": 499.907,
                      "Actual Total Time": 500.008,
                      "Actual Rows": 110949,
                      "Actual Loops": 6,
                      "Hash Buckets": 1048576,
                      "Original Hash Buckets": 1048576,
                      "Hash Batches": 1,
                      "Original Hash Batches": 1,
                      "Peak Memory Usage": 34336,
                      "Plans": [
                        {
                          "Node Type": "Hash Join",
                          "Parent Relationship": "Outer",
                          "Parallel Aware": true,
                          "Join Type": "Inner",
                          "Startup Cost": 64288.08,
                          "Total Cost": 91977.52,
                          "Plan Rows": 213913,
                          "Plan Width": 8,
                          "Actual Startup Time": 355.394,
                          "Actual Total Time": 448.772,
                          "Actual Rows": 110949,
                          "Actual Loops": 6,
                          "Inner Unique": true,
                          "Hash Cond": "(mk.movie_id = t.id)",
                          "Plans": [
                            {
                              "Node Type": "Bitmap Heap Scan",
                              "Parent Relationship": "Outer",
                              "Parallel Aware": true,
                              "Relation Name": "movie_keyword",
                              "Alias": "mk",
                              "Startup Cost": 14067.7,
                              "Total Cost": 41195.61,
                              "Plan Rows": 213913,
                              "Plan Width": 4,
                              "Actual Startup Time": 65.674,
                              "Actual Total Time": 114.648,
                              "Actual Rows": 110949,
                              "Actual Loops": 6,
                              "Recheck Cond": "(keyword_id > 28186)",
                              "Rows Removed by Index Recheck": 0,
                              "Exact Heap Blocks": 4855,
                              "Lossy Heap Blocks": 0,
                              "Plans": [
                                {
                                  "Node Type": "Bitmap Index Scan",
                                  "Parent Relationship": "Outer",
                                  "Parallel Aware": false,
                                  "Index Name": "keyword_id_movie_keyword",
                                  "Startup Cost": 0.0,
                                  "Total Cost": 13901.92,
                                  "Plan Rows": 663131,
                                  "Plan Width": 0,
                                  "Actual Startup Time": 59.989,
                                  "Actual Total Time": 59.989,
                                  "Actual Rows": 665694,
                                  "Actual Loops": 1,
                                  "Index Cond": "(keyword_id > 28186)"
                                }
                              ]
                            },
                            {
                              "Node Type": "Hash",
                              "Parent Relationship": "Inner",
                              "Parallel Aware": true,
                              "Startup Cost": 42319.06,
                              "Total Cost": 42319.06,
                              "Plan Rows": 632106,
                              "Plan Width": 4,
                              "Actual Startup Time": 284.05,
                              "Actual Total Time": 284.052,
                              "Actual Rows": 421385,
                              "Actual Loops": 6,
                              "Hash Buckets": 4194304,
                              "Original Hash Buckets": 4194304,
                              "Hash Batches": 1,
                              "Original Hash Batches": 1,
                              "Peak Memory Usage": 131776,
                              "Plans": [
                                {
                                  "Node Type": "Seq Scan",
                                  "Parent Relationship": "Outer",
                                  "Parallel Aware": true,
                                  "Relation Name": "title",
                                  "Alias": "t",
                                  "Startup Cost": 0.0,
                                  "Total Cost": 42319.06,
                                  "Plan Rows": 632106,
                                  "Plan Width": 4,
                                  "Actual Startup Time": 0.054,
                                  "Actual Total Time": 80.376,
                                  "Actual Rows": 421385,
                                  "Actual Loops": 6
                                }
                              ]
                            }
                          ]
                        }
                      ]
                    }
                  ]
                }
              ]
            }
          ]
        }
      ]
    },
    "Planning Time": 1.466,
    "Triggers": [],
    "Execution Time": 1910.404
  }
]