[
  {
    "Plan": {
      "Node Type": "Aggregate",
      "Strategy": "Plain",
      "Partial Mode": "Finalize",
      "Parallel Aware": false,
      "Startup Cost": 386886.27,
      "Total Cost": 386886.28,
      "Plan Rows": 1,
      "Plan Width": 8,
      "Actual Startup Time": 595.454,
      "Actual Total Time": 668.377,
      "Actual Rows": 1,
      "Actual Loops": 1,
      "Plans": [
        {
          "Node Type": "Gather",
          "Parent Relationship": "Outer",
          "Parallel Aware": false,
          "Startup Cost": 386885.85,
          "Total Cost": 386886.26,
          "Plan Rows": 4,
          "Plan Width": 8,
          "Actual Startup Time": 595.203,
          "Actual Total Time": 668.363,
          "Actual Rows": 5,
          "Actual Loops": 1,
          "Workers Planned": 4,
          "Workers Launched": 4,
          "Single Copy": false,
          "Plans": [
            {
              "Node Type": "Aggregate",
              "Strategy": "Plain",
              "Partial Mode": "Partial",
              "Parent Relationship": "Outer",
              "Parallel Aware": false,
              "Startup Cost": 385885.85,
              "Total Cost": 385885.86,
              "Plan Rows": 1,
              "Plan Width": 8,
              "Actual Startup Time": 588.864,
              "Actual Total Time": 588.866,
              "Actual Rows": 1,
              "Actual Loops": 5,
              "Plans": [
                {
                  "Node Type": "Nested Loop",
                  "Parent Relationship": "Outer",
                  "Parallel Aware": false,
                  "Join Type": "Inner",
                  "Startup Cost": 0.56,
                  "Total Cost": 385604.12,
                  "Plan Rows": 112692,
                  "Plan Width": 0,
                  "Actual Startup Time": 0.424,
                  "Actual Total Time": 581.489,
                  "Actual Rows": 108128,
                  "Actual Loops": 5,
                  "Inner Unique": false,
                  "Plans": [
                    {
                      "Node Type": "Seq Scan",
                      "Parent Relationship": "Outer",
                      "Parallel Aware": true,
                      "Relation Name": "title",
                      "Alias": "t",
                      "Startup Cost": 0.0,
                      "Total Cost": 45479.59,
                      "Plan Rows": 19068,
                      "Plan Width": 4,
                      "Actual Startup Time": 0.032,
                      "Actual Total Time": 68.063,
                      "Actual Rows": 16822,
                      "Actual Loops": 5,
                      "Filter": "((kind_id = 7) AND (production_year = 2008))",
                      "Rows Removed by Filter": 488841
                    },
                    {
                      "Node Type": "Index Scan",
                      "Parent Relationship": "Inner",
                      "Parallel Aware": false,
                      "Scan Direction": "Forward",
                      "Index Name": "movie_id_cast_info",
                      "Relation Name": "cast_info",
                      "Alias": "ci",
                      "Startup Cost": 0.56,
                      "Total Cost": 17.7,
                      "Plan Rows": 14,
                      "Plan Width": 4,
                      "Actual Startup Time": 0.015,
                      "Actual Total Time": 0.03,
                      "Actual Rows": 6,
                      "Actual Loops": 84109,
                      "Index Cond": "(movie_id = t.id)",
                      "Rows Removed by Index Recheck": 0,
                      "Filter": "((person_id > 1930818) AND (role_id < 10))",
                      "Rows Removed by Filter": 10
                    }
                  ]
                }
              ]
            }
          ]
        }
      ]
    },
    "Planning Time": 0.266,
    "Triggers": [],
    "Execution Time": 668.437
  }
]