[
  {
    "Plan": {
      "Node Type": "Aggregate",
      "Strategy": "Plain",
      "Partial Mode": "Finalize",
      "Parallel Aware": false,
      "Startup Cost": 124796.98,
      "Total Cost": 124796.99,
      "Plan Rows": 1,
      "Plan Width": 8,
      "Actual Startup Time": 192.493,
      "Actual Total Time": 205.83,
      "Actual Rows": 1,
      "Actual Loops": 1,
      "Plans": [
        {
          "Node Type": "Gather",
          "Parent Relationship": "Outer",
          "Parallel Aware": false,
          "Startup Cost": 124796.46,
          "Total Cost": 124796.97,
          "Plan Rows": 5,
          "Plan Width": 8,
          "Actual Startup Time": 192.279,
          "Actual Total Time": 205.822,
          "Actual Rows": 6,
          "Actual Loops": 1,
          "Workers Planned": 5,
          "Workers Launched": 5,
          "Single Copy": false,
          "Plans": [
            {
              "Node Type": "Aggregate",
              "Strategy": "Plain",
              "Partial Mode": "Partial",
              "Parent Relationship": "Outer",
              "Parallel Aware": false,
              "Startup Cost": 123796.46,
              "Total Cost": 123796.47,
              "Plan Rows": 1,
              "Plan Width": 8,
              "Actual Startup Time": 184.424,
              "Actual Total Time": 184.427,
              "Actual Rows": 1,
              "Actual Loops": 6,
              "Plans": [
                {
                  "Node Type": "Hash Join",
                  "Parent Relationship": "Outer",
                  "Parallel Aware": true,
                  "Join Type": "Inner",
                  "Startup Cost": 45571.34,
                  "Total Cost": 123791.16,
                  "Plan Rows": 2120,
                  "Plan Width": 0,
                  "Actual Startup Time": 73.77,
                  "Actual Total Time": 184.254,
                  "Actual Rows": 1766,
                  "Actual Loops": 6,
                  "Inner Unique": true,
                  "Hash Cond": "(ci.movie_id = t.id)",
                  "Plans": [
                    {
                      "Node Type": "Index Scan",
                      "Parent Relationship": "Outer",
                      "Parallel Aware": true,
                      "Scan Direction": "Forward",
                      "Index Name": "role_id_cast_info",
                      "Relation Name": "cast_info",
                      "Alias": "ci",
                      "Startup Cost": 0.56,
                      "Total Cost": 77740.85,
                      "Plan Rows": 182678,
                      "Plan Width": 4,
                      "Actual Startup Time": 0.123,
                      "Actual Total Time": 87.747,
                      "Actual Rows": 220736,
                      "Actual Loops": 6,
                      "Index Cond": "(role_id = 4)",
                      "Rows Removed by Index Recheck": 0,
                      "Filter": "(person_id > 2540876)",
                      "Rows Removed by Filter": 234088
                    },
                    {
                      "Node Type": "Hash",
                      "Parent Relationship": "Inner",
                      "Parallel Aware": true,
                      "Startup Cost": 45479.1,
                      "Total Cost": 45479.1,
                      "Plan Rows": 7334,
                      "Plan Width": 4,
                      "Actual Startup Time": 73.027,
                      "Actual Total Time": 73.029,
                      "Actual Rows": 2686,
                      "Actual Loops": 6,
                      "Hash Buckets": 32768,
                      "Original Hash Buckets": 32768,
                      "Hash Batches": 1,
                      "Original Hash Batches": 1,
                      "Peak Memory Usage": 1024,
                      "Plans": [
                        {
                          "Node Type": "Seq Scan",
                          "Parent Relationship": "Outer",
                          "Parallel Aware": true,
                          "Relation Name": "title",
                          "Alias": "t",
                          "Startup Cost": 0.0,
                          "Total Cost": 45479.1,
                          "Plan Rows": 7334,
                          "Plan Width": 4,
                          "Actual Startup Time": 46.148,
                          "Actual Total Time": 71.753,
                          "Actual Rows": 2686,
                          "Actual Loops": 6,
                          "Filter": "((kind_id = 1) AND (production_year = 2006))",
                          "Rows Removed by Filter": 418699
                        }
                      ]
                    }
                  ]
                }
              ]
            }
          ]
        }
      ]
    },
    "Planning Time": 0.355,
    "Triggers": [],
    "Execution Time": 205.887
  }
]