[
  {
    "Plan": {
      "Node Type": "Aggregate",
      "Strategy": "Plain",
      "Partial Mode": "Finalize",
      "Parallel Aware": false,
      "Startup Cost": 26524.63,
      "Total Cost": 26524.64,
      "Plan Rows": 1,
      "Plan Width": 8,
      "Actual Startup Time": 84.615,
      "Actual Total Time": 90.782,
      "Actual Rows": 1,
      "Actual Loops": 1,
      "Plans": [
        {
          "Node Type": "Gather",
          "Parent Relationship": "Outer",
          "Parallel Aware": false,
          "Startup Cost": 26524.32,
          "Total Cost": 26524.63,
          "Plan Rows": 3,
          "Plan Width": 8,
          "Actual Startup Time": 84.321,
          "Actual Total Time": 90.775,
          "Actual Rows": 4,
          "Actual Loops": 1,
          "Workers Planned": 3,
          "Workers Launched": 3,
          "Single Copy": false,
          "Plans": [
            {
              "Node Type": "Aggregate",
              "Strategy": "Plain",
              "Partial Mode": "Partial",
              "Parent Relationship": "Outer",
              "Parallel Aware": false,
              "Startup Cost": 25524.32,
              "Total Cost": 25524.33,
              "Plan Rows": 1,
              "Plan Width": 8,
              "Actual Startup Time": 75.488,
              "Actual Total Time": 75.49,
              "Actual Rows": 1,
              "Actual Loops": 4,
              "Plans": [
                {
                  "Node Type": "Bitmap Heap Scan",
                  "Parent Relationship": "Outer",
                  "Parallel Aware": true,
                  "Relation Name": "movie_companies",
                  "Alias": "mc",
                  "Startup Cost": 5505.15,
                  "Total Cost": 25319.45,
                  "Plan Rows": 81945,
                  "Plan Width": 0,
                  "Actual Startup Time": 27.972,
                  "Actual Total Time": 70.833,
                  "Actual Rows": 62989,
                  "Actual Loops": 4,
                  "Recheck Cond": "(company_id < 122)",
                  "Rows Removed by Index Recheck": 0,
                  "Exact Heap Blocks": 11081,
                  "Lossy Heap Blocks": 0,
                  "Plans": [
                    {
                      "Node Type": "Bitmap Index Scan",
                      "Parent Relationship": "Outer",
                      "Parallel Aware": false,
                      "Index Name": "company_id_movie_companies",
                      "Startup Cost": 0.0,
                      "Total Cost": 5441.64,
                      "Plan Rows": 254028,
                      "Plan Width": 0,
                      "Actual Startup Time": 31.402,
                      "Actual Total Time": 31.403,
                      "Actual Rows": 251956,
                      "Actual Loops": 1,
                      "Index Cond": "(company_id < 122)"
                    }
                  ]
                }
              ]
            }
          ]
        }
      ]
    },
    "Planning Time": 0.17,
    "Triggers": [],
    "Execution Time": 90.85
  }
]