[
  {
    "Plan": {
      "Node Type": "Aggregate",
      "Strategy": "Plain",
      "Partial Mode": "Finalize",
      "Parallel Aware": false,
      "Startup Cost": 45466.13,
      "Total Cost": 45466.14,
      "Plan Rows": 1,
      "Plan Width": 8,
      "Actual Startup Time": 145.183,
      "Actual Total Time": 153.886,
      "Actual Rows": 1,
      "Actual Loops": 1,
      "Plans": [
        {
          "Node Type": "Gather",
          "Parent Relationship": "Outer",
          "Parallel Aware": false,
          "Startup Cost": 45465.81,
          "Total Cost": 45466.12,
          "Plan Rows": 3,
          "Plan Width": 8,
          "Actual Startup Time": 144.935,
          "Actual Total Time": 153.877,
          "Actual Rows": 4,
          "Actual Loops": 1,
          "Workers Planned": 3,
          "Workers Launched": 3,
          "Single Copy": false,
          "Plans": [
            {
              "Node Type": "Aggregate",
              "Strategy": "Plain",
              "Partial Mode": "Partial",
              "Parent Relationship": "Outer",
              "Parallel Aware": false,
              "Startup Cost": 44465.81,
              "Total Cost": 44465.82,
              "Plan Rows": 1,
              "Plan Width": 8,
              "Actual Startup Time": 139.588,
              "Actual Total Time": 139.59,
              "Actual Rows": 1,
              "Actual Loops": 4,
              "Plans": [
                {
                  "Node Type": "Seq Scan",
                  "Parent Relationship": "Outer",
                  "Parallel Aware": true,
                  "Relation Name": "movie_keyword",
                  "Alias": "mk",
                  "Startup Cost": 0.0,
                  "Total Cost": 42695.65,
                  "Plan Rows": 708063,
                  "Plan Width": 0,
                  "Actual Startup Time": 0.291,
                  "Actual Total Time": 113.981,
                  "Actual Rows": 545683,
                  "Actual Loops": 4,
                  "Filter": "(keyword_id > 5191)",
                  "Rows Removed by Filter": 585299
                }
              ]
            }
          ]
        }
      ]
    },
    "Planning Time": 0.178,
    "Triggers": [],
    "Execution Time": 153.938
  }
]