{
    "Plan": {
        "Node Type": "Aggregate",
        "Strategy": "Plain",
        "Partial Mode": "Finalize",
        "Parallel Aware": false,
        "Startup Cost": 613552.95,
        "Total Cost": 613552.96,
        "Plan Rows": 1,
        "Plan Width": 8,
        "Actual Startup Time": 6426.954,
        "Actual Total Time": 6506.386,
        "Actual Rows": 1,
        "Actual Loops": 1,
        "Output": [
            "count(*)"
        ],
        "Plans": [
            {
                "Node Type": "Gather",
                "Parent Relationship": "Outer",
                "Parallel Aware": false,
                "Startup Cost": 613552.32,
                "Total Cost": 613552.93,
                "Plan Rows": 6,
                "Plan Width": 8,
                "Actual Startup Time": 6407.186,
                "Actual Total Time": 6506.372,
                "Actual Rows": 7,
                "Actual Loops": 1,
                "Output": [
                    "(PARTIAL count(*))"
                ],
                "Workers Planned": 6,
                "Workers Launched": 6,
                "Single Copy": false,
                "Plans": [
                    {
                        "Node Type": "Aggregate",
                        "Strategy": "Plain",
                        "Partial Mode": "Partial",
                        "Parent Relationship": "Outer",
                        "Parallel Aware": false,
                        "Startup Cost": 612552.32,
                        "Total Cost": 612552.33,
                        "Plan Rows": 1,
                        "Plan Width": 8,
                        "Actual Startup Time": 6384.05,
                        "Actual Total Time": 6384.105,
                        "Actual Rows": 1,
                        "Actual Loops": 7,
                        "Output": [
                            "PARTIAL count(*)"
                        ],
                        "Workers": [
                            {
                                "Worker Number": 0,
                                "Actual Startup Time": 6382.214,
                                "Actual Total Time": 6382.219,
                                "Actual Rows": 1,
                                "Actual Loops": 1
                            },
                            {
                                "Worker Number": 1,
                                "Actual Startup Time": 6379.881,
                                "Actual Total Time": 6379.885,
                                "Actual Rows": 1,
                                "Actual Loops": 1
                            },
                            {
                                "Worker Number": 2,
                                "Actual Startup Time": 6379.937,
                                "Actual Total Time": 6379.941,
                                "Actual Rows": 1,
                                "Actual Loops": 1
                            },
                            {
                                "Worker Number": 3,
                                "Actual Startup Time": 6380.053,
                                "Actual Total Time": 6380.058,
                                "Actual Rows": 1,
                                "Actual Loops": 1
                            },
                            {
                                "Worker Number": 4,
                                "Actual Startup Time": 6379.832,
                                "Actual Total Time": 6379.838,
                                "Actual Rows": 1,
                                "Actual Loops": 1
                            },
                            {
                                "Worker Number": 5,
                                "Actual Startup Time": 6380.254,
                                "Actual Total Time": 6380.258,
                                "Actual Rows": 1,
                                "Actual Loops": 1
                            }
                        ],
                        "Plans": [
                            {
                                "Node Type": "Hash Join",
                                "Parent Relationship": "Outer",
                                "Parallel Aware": true,
                                "Join Type": "Inner",
                                "Startup Cost": 251785.58,
                                "Total Cost": 598663.18,
                                "Plan Rows": 5555656,
                                "Plan Width": 0,
                                "Actual Startup Time": 1103.275,
                                "Actual Total Time": 5659.601,
                                "Actual Rows": 17527207,
                                "Actual Loops": 7,
                                "Inner Unique": false,
                                "Hash Cond": "(ci.movie_id = t.id)",
                                "Workers": [
                                    {
                                        "Worker Number": 0,
                                        "Actual Startup Time": 1099.413,
                                        "Actual Total Time": 5658.047,
                                        "Actual Rows": 17921344,
                                        "Actual Loops": 1
                                    },
                                    {
                                        "Worker Number": 1,
                                        "Actual Startup Time": 1099.515,
                                        "Actual Total Time": 5656.376,
                                        "Actual Rows": 17932706,
                                        "Actual Loops": 1
                                    },
                                    {
                                        "Worker Number": 2,
                                        "Actual Startup Time": 1099.549,
                                        "Actual Total Time": 5604.425,
                                        "Actual Rows": 16136481,
                                        "Actual Loops": 1
                                    },
                                    {
                                        "Worker Number": 3,
                                        "Actual Startup Time": 1099.55,
                                        "Actual Total Time": 5680.279,
                                        "Actual Rows": 18324699,
                                        "Actual Loops": 1
                                    },
                                    {
                                        "Worker Number": 4,
                                        "Actual Startup Time": 1099.413,
                                        "Actual Total Time": 5734.047,
                                        "Actual Rows": 16450844,
                                        "Actual Loops": 1
                                    },
                                    {
                                        "Worker Number": 5,
                                        "Actual Startup Time": 1099.694,
                                        "Actual Total Time": 5648.354,
                                        "Actual Rows": 17458993,
                                        "Actual Loops": 1
                                    }
                                ],
                                "Plans": [
                                    {
                                        "Node Type": "Seq Scan",
                                        "Parent Relationship": "Outer",
                                        "Parallel Aware": true,
                                        "Relation Name": "cast_info",
                                        "Schema": "public",
                                        "Alias": "ci",
                                        "Startup Cost": 0.0,
                                        "Total Cost": 313108.29,
                                        "Plan Rows": 6042129,
                                        "Plan Width": 4,
                                        "Actual Startup Time": 0.035,
                                        "Actual Total Time": 560.538,
                                        "Actual Rows": 5177763,
                                        "Actual Loops": 7,
                                        "Output": [
                                            "ci.id",
                                            "ci.person_id",
                                            "ci.movie_id",
                                            "ci.person_role_id",
                                            "ci.note",
                                            "ci.nr_order",
                                            "ci.role_id"
                                        ],
                                        "Workers": [
                                            {
                                                "Worker Number": 0,
                                                "Actual Startup Time": 0.043,
                                                "Actual Total Time": 584.974,
                                                "Actual Rows": 5335259,
                                                "Actual Loops": 1
                                            },
                                            {
                                                "Worker Number": 1,
                                                "Actual Startup Time": 0.04,
                                                "Actual Total Time": 582.505,
                                                "Actual Rows": 5236148,
                                                "Actual Loops": 1
                                            },
                                            {
                                                "Worker Number": 2,
                                                "Actual Startup Time": 0.039,
                                                "Actual Total Time": 606.68,
                                                "Actual Rows": 4664838,
                                                "Actual Loops": 1
                                            },
                                            {
                                                "Worker Number": 3,
                                                "Actual Startup Time": 0.033,
                                                "Actual Total Time": 576.777,
                                                "Actual Rows": 5501541,
                                                "Actual Loops": 1
                                            },
                                            {
                                                "Worker Number": 4,
                                                "Actual Startup Time": 0.042,
                                                "Actual Total Time": 557.925,
                                                "Actual Rows": 4779535,
                                                "Actual Loops": 1
                                            },
                                            {
                                                "Worker Number": 5,
                                                "Actual Startup Time": 0.037,
                                                "Actual Total Time": 582.325,
                                                "Actual Rows": 5101911,
                                                "Actual Loops": 1
                                            }
                                        ]
                                    },
                                    {
                                        "Node Type": "Hash",
                                        "Parent Relationship": "Inner",
                                        "Parallel Aware": true,
                                        "Startup Cost": 245973.68,
                                        "Total Cost": 245973.68,
                                        "Plan Rows": 464952,
                                        "Plan Width": 8,
                                        "Actual Startup Time": 1096.23,
                                        "Actual Total Time": 1096.282,
                                        "Actual Rows": 501961,
                                        "Actual Loops": 7,
                                        "Output": [
                                            "t.id",
                                            "mi.movie_id"
                                        ],
                                        "Hash Buckets": 4194304,
                                        "Original Hash Buckets": 4194304,
                                        "Hash Batches": 1,
                                        "Original Hash Batches": 1,
                                        "Peak Memory Usage": 170336,
                                        "Workers": [
                                            {
                                                "Worker Number": 0,
                                                "Actual Startup Time": 1098.69,
                                                "Actual Total Time": 1098.694,
                                                "Actual Rows": 431384,
                                                "Actual Loops": 1
                                            },
                                            {
                                                "Worker Number": 1,
                                                "Actual Startup Time": 1098.63,
                                                "Actual Total Time": 1098.633,
                                                "Actual Rows": 430961,
                                                "Actual Loops": 1
                                            },
                                            {
                                                "Worker Number": 2,
                                                "Actual Startup Time": 1098.839,
                                                "Actual Total Time": 1098.841,
                                                "Actual Rows": 427895,
                                                "Actual Loops": 1
                                            },
                                            {
                                                "Worker Number": 3,
                                                "Actual Startup Time": 1098.856,
                                                "Actual Total Time": 1098.859,
                                                "Actual Rows": 612764,
                                                "Actual Loops": 1
                                            },
                                            {
                                                "Worker Number": 4,
                                                "Actual Startup Time": 1098.648,
                                                "Actual Total Time": 1098.652,
                                                "Actual Rows": 484419,
                                                "Actual Loops": 1
                                            },
                                            {
                                                "Worker Number": 5,
                                                "Actual Startup Time": 1098.963,
                                                "Actual Total Time": 1098.966,
                                                "Actual Rows": 429426,
                                                "Actual Loops": 1
                                            }
                                        ],
                                        "Plans": [
                                            {
                                                "Node Type": "Hash Join",
                                                "Parent Relationship": "Outer",
                                                "Parallel Aware": true,
                                                "Join Type": "Inner",
                                                "Startup Cost": 46724.06,
                                                "Total Cost": 245973.68,
                                                "Plan Rows": 464952,
                                                "Plan Width": 8,
                                                "Actual Startup Time": 105.516,
                                                "Actual Total Time": 869.43,
                                                "Actual Rows": 501961,
                                                "Actual Loops": 7,
                                                "Output": [
                                                    "t.id",
                                                    "mi.movie_id"
                                                ],
                                                "Inner Unique": true,
                                                "Hash Cond": "(mi.movie_id = t.id)",
                                                "Workers": [
                                                    {
                                                        "Worker Number": 0,
                                                        "Actual Startup Time": 105.489,
                                                        "Actual Total Time": 875.253,
                                                        "Actual Rows": 431384,
                                                        "Actual Loops": 1
                                                    },
                                                    {
                                                        "Worker Number": 1,
                                                        "Actual Startup Time": 105.467,
                                                        "Actual Total Time": 873.438,
                                                        "Actual Rows": 430961,
                                                        "Actual Loops": 1
                                                    },
                                                    {
                                                        "Worker Number": 2,
                                                        "Actual Startup Time": 105.568,
                                                        "Actual Total Time": 873.851,
                                                        "Actual Rows": 427895,
                                                        "Actual Loops": 1
                                                    },
                                                    {
                                                        "Worker Number": 3,
                                                        "Actual Startup Time": 105.458,
                                                        "Actual Total Time": 862.932,
                                                        "Actual Rows": 612764,
                                                        "Actual Loops": 1
                                                    },
                                                    {
                                                        "Worker Number": 4,
                                                        "Actual Startup Time": 105.556,
                                                        "Actual Total Time": 878.168,
                                                        "Actual Rows": 484419,
                                                        "Actual Loops": 1
                                                    },
                                                    {
                                                        "Worker Number": 5,
                                                        "Actual Startup Time": 105.494,
                                                        "Actual Total Time": 874.436,
                                                        "Actual Rows": 429426,
                                                        "Actual Loops": 1
                                                    }
                                                ],
                                                "Plans": [
                                                    {
                                                        "Node Type": "Seq Scan",
                                                        "Parent Relationship": "Outer",
                                                        "Parallel Aware": true,
                                                        "Relation Name": "movie_info",
                                                        "Schema": "public",
                                                        "Alias": "mi",
                                                        "Startup Cost": 0.0,
                                                        "Total Cost": 191503.19,
                                                        "Plan Rows": 2951019,
                                                        "Plan Width": 4,
                                                        "Actual Startup Time": 0.035,
                                                        "Actual Total Time": 319.735,
                                                        "Actual Rows": 2119389,
                                                        "Actual Loops": 7,
                                                        "Output": [
                                                            "mi.id",
                                                            "mi.movie_id",
                                                            "mi.info_type_id",
                                                            "mi.info",
                                                            "mi.note"
                                                        ],
                                                        "Workers": [
                                                            {
                                                                "Worker Number": 0,
                                                                "Actual Startup Time": 0.041,
                                                                "Actual Total Time": 337.252,
                                                                "Actual Rows": 1804623,
                                                                "Actual Loops": 1
                                                            },
                                                            {
                                                                "Worker Number": 1,
                                                                "Actual Startup Time": 0.04,
                                                                "Actual Total Time": 336.21,
                                                                "Actual Rows": 1788068,
                                                                "Actual Loops": 1
                                                            },
                                                            {
                                                                "Worker Number": 2,
                                                                "Actual Startup Time": 0.036,
                                                                "Actual Total Time": 335.937,
                                                                "Actual Rows": 1791693,
                                                                "Actual Loops": 1
                                                            },
                                                            {
                                                                "Worker Number": 3,
                                                                "Actual Startup Time": 0.033,
                                                                "Actual Total Time": 321.667,
                                                                "Actual Rows": 2592871,
                                                                "Actual Loops": 1
                                                            },
                                                            {
                                                                "Worker Number": 4,
                                                                "Actual Startup Time": 0.039,
                                                                "Actual Total Time": 310.18,
                                                                "Actual Rows": 2011510,
                                                                "Actual Loops": 1
                                                            },
                                                            {
                                                                "Worker Number": 5,
                                                                "Actual Startup Time": 0.044,
                                                                "Actual Total Time": 336.035,
                                                                "Actual Rows": 1793691,
                                                                "Actual Loops": 1
                                                            }
                                                        ]
                                                    },
                                                    {
                                                        "Node Type": "Hash",
                                                        "Parent Relationship": "Inner",
                                                        "Parallel Aware": true,
                                                        "Startup Cost": 45479.21,
                                                        "Total Cost": 45479.21,
                                                        "Plan Rows": 99588,
                                                        "Plan Width": 4,
                                                        "Actual Startup Time": 103.887,
                                                        "Actual Total Time": 103.888,
                                                        "Actual Rows": 47999,
                                                        "Actual Loops": 7,
                                                        "Output": [
                                                            "t.id"
                                                        ],
                                                        "Hash Buckets": 524288,
                                                        "Original Hash Buckets": 524288,
                                                        "Hash Batches": 1,
                                                        "Original Hash Batches": 1,
                                                        "Peak Memory Usage": 17376,
                                                        "Workers": [
                                                            {
                                                                "Worker Number": 0,
                                                                "Actual Startup Time": 104.371,
                                                                "Actual Total Time": 104.372,
                                                                "Actual Rows": 39768,
                                                                "Actual Loops": 1
                                                            },
                                                            {
                                                                "Worker Number": 1,
                                                                "Actual Startup Time": 104.332,
                                                                "Actual Total Time": 104.333,
                                                                "Actual Rows": 40725,
                                                                "Actual Loops": 1
                                                            },
                                                            {
                                                                "Worker Number": 2,
                                                                "Actual Startup Time": 104.25,
                                                                "Actual Total Time": 104.251,
                                                                "Actual Rows": 40091,
                                                                "Actual Loops": 1
                                                            },
                                                            {
                                                                "Worker Number": 3,
                                                                "Actual Startup Time": 104.338,
                                                                "Actual Total Time": 104.339,
                                                                "Actual Rows": 55986,
                                                                "Actual Loops": 1
                                                            },
                                                            {
                                                                "Worker Number": 4,
                                                                "Actual Startup Time": 104.248,
                                                                "Actual Total Time": 104.249,
                                                                "Actual Rows": 44185,
                                                                "Actual Loops": 1
                                                            },
                                                            {
                                                                "Worker Number": 5,
                                                                "Actual Startup Time": 104.251,
                                                                "Actual Total Time": 104.252,
                                                                "Actual Rows": 39341,
                                                                "Actual Loops": 1
                                                            }
                                                        ],
                                                        "Plans": [
                                                            {
                                                                "Node Type": "Seq Scan",
                                                                "Parent Relationship": "Outer",
                                                                "Parallel Aware": true,
                                                                "Relation Name": "title",
                                                                "Schema": "public",
                                                                "Alias": "t",
                                                                "Startup Cost": 0.0,
                                                                "Total Cost": 45479.21,
                                                                "Plan Rows": 99588,
                                                                "Plan Width": 4,
                                                                "Actual Startup Time": 0.082,
                                                                "Actual Total Time": 78.631,
                                                                "Actual Rows": 47999,
                                                                "Actual Loops": 7,
                                                                "Output": [
                                                                    "t.id"
                                                                ],
                                                                "Filter": "((t.kind_id < 7) AND (t.production_year > 2005))",
                                                                "Rows Removed by Filter": 313188,
                                                                "Workers": [
                                                                    {
                                                                        "Worker Number": 0,
                                                                        "Actual Startup Time": 0.082,
                                                                        "Actual Total Time": 79.298,
                                                                        "Actual Rows": 39768,
                                                                        "Actual Loops": 1
                                                                    },
                                                                    {
                                                                        "Worker Number": 1,
                                                                        "Actual Startup Time": 0.152,
                                                                        "Actual Total Time": 80.179,
                                                                        "Actual Rows": 40725,
                                                                        "Actual Loops": 1
                                                                    },
                                                                    {
                                                                        "Worker Number": 2,
                                                                        "Actual Startup Time": 0.075,
                                                                        "Actual Total Time": 79.262,
                                                                        "Actual Rows": 40091,
                                                                        "Actual Loops": 1
                                                                    },
                                                                    {
                                                                        "Worker Number": 3,
                                                                        "Actual Startup Time": 0.079,
                                                                        "Actual Total Time": 78.685,
                                                                        "Actual Rows": 55986,
                                                                        "Actual Loops": 1
                                                                    },
                                                                    {
                                                                        "Worker Number": 4,
                                                                        "Actual Startup Time": 0.077,
                                                                        "Actual Total Time": 77.661,
                                                                        "Actual Rows": 44185,
                                                                        "Actual Loops": 1
                                                                    },
                                                                    {
                                                                        "Worker Number": 5,
                                                                        "Actual Startup Time": 0.077,
                                                                        "Actual Total Time": 78.88,
                                                                        "Actual Rows": 39341,
                                                                        "Actual Loops": 1
                                                                    }
                                                                ]
                                                            }
                                                        ]
                                                    }
                                                ]
                                            }
                                        ]
                                    }
                                ]
                            }
                        ]
                    }
                ]
            }
        ]
    },
    "Planning Time": 1.465,
    "Triggers": [],
    "Execution Time": 6506.492
}