[
  {
    "Plan": {
      "Node Type": "Aggregate",
      "Strategy": "Plain",
      "Partial Mode": "Finalize",
      "Parallel Aware": false,
      "Startup Cost": 345327.21,
      "Total Cost": 345327.22,
      "Plan Rows": 1,
      "Plan Width": 8,
      "Actual Startup Time": 2911.163,
      "Actual Total Time": 2999.933,
      "Actual Rows": 1,
      "Actual Loops": 1,
      "Plans": [
        {
          "Node Type": "Gather",
          "Parent Relationship": "Outer",
          "Parallel Aware": false,
          "Startup Cost": 345326.69,
          "Total Cost": 345327.2,
          "Plan Rows": 5,
          "Plan Width": 8,
          "Actual Startup Time": 2906.764,
          "Actual Total Time": 2999.923,
          "Actual Rows": 6,
          "Actual Loops": 1,
          "Workers Planned": 5,
          "Workers Launched": 5,
          "Single Copy": false,
          "Plans": [
            {
              "Node Type": "Aggregate",
              "Strategy": "Plain",
              "Partial Mode": "Partial",
              "Parent Relationship": "Outer",
              "Parallel Aware": false,
              "Startup Cost": 344326.69,
              "Total Cost": 344326.7,
              "Plan Rows": 1,
              "Plan Width": 8,
              "Actual Startup Time": 2896.483,
              "Actual Total Time": 2896.485,
              "Actual Rows": 1,
              "Actual Loops": 6,
              "Plans": [
                {
                  "Node Type": "Nested Loop",
                  "Parent Relationship": "Outer",
                  "Parallel Aware": false,
                  "Join Type": "Inner",
                  "Startup Cost": 74522.37,
                  "Total Cost": 341495.52,
                  "Plan Rows": 1132467,
                  "Plan Width": 0,
                  "Actual Startup Time": 314.255,
                  "Actual Total Time": 2756.312,
                  "Actual Rows": 3107219,
                  "Actual Loops": 6,
                  "Inner Unique": false,
                  "Plans": [
                    {
                      "Node Type": "Merge Join",
                      "Parent Relationship": "Outer",
                      "Parallel Aware": false,
                      "Join Type": "Inner",
                      "Startup Cost": 74521.8,
                      "Total Cost": 168563.74,
                      "Plan Rows": 79033,
                      "Plan Width": 8,
                      "Actual Startup Time": 313.881,
                      "Actual Total Time": 627.233,
                      "Actual Rows": 64100,
                      "Actual Loops": 6,
                      "Inner Unique": false,
                      "Merge Cond": "(t.id = mk.movie_id)",
                      "Plans": [
                        {
                          "Node Type": "Index Only Scan",
                          "Parent Relationship": "Outer",
                          "Parallel Aware": true,
                          "Scan Direction": "Forward",
                          "Index Name": "title_pkey",
                          "Relation Name": "title",
                          "Alias": "t",
                          "Startup Cost": 0.43,
                          "Total Cost": 90113.62,
                          "Plan Rows": 505659,
                          "Plan Width": 4,
                          "Actual Startup Time": 0.321,
                          "Actual Total Time": 310.121,
                          "Actual Rows": 420996,
                          "Actual Loops": 6,
                          "Heap Fetches": 2525977
                        },
                        {
                          "Node Type": "Sort",
                          "Parent Relationship": "Inner",
                          "Parallel Aware": false,
                          "Startup Cost": 74511.25,
                          "Total Cost": 75499.16,
                          "Plan Rows": 395165,
                          "Plan Width": 4,
                          "Actual Startup Time": 247.423,
                          "Actual Total Time": 267.911,
                          "Actual Rows": 384598,
                          "Actual Loops": 6,
                          "Sort Key": [
                            "mk.movie_id"
                          ],
                          "Sort Method": "quicksort",
                          "Sort Space Used": 30317,
                          "Sort Space Type": "Memory",
                          "Workers": [
                            {
                              "Worker Number": 0,
                              "Sort Method": "quicksort",
                              "Sort Space Used": 30317,
                              "Sort Space Type": "Memory"
                            },
                            {
                              "Worker Number": 1,
                              "Sort Method": "quicksort",
                              "Sort Space Used": 30317,
                              "Sort Space Type": "Memory"
                            },
                            {
                              "Worker Number": 2,
                              "Sort Method": "quicksort",
                              "Sort Space Used": 30317,
                              "Sort Space Type": "Memory"
                            },
                            {
                              "Worker Number": 3,
                              "Sort Method": "quicksort",
                              "Sort Space Used": 30317,
                              "Sort Space Type": "Memory"
                            },
                            {
                              "Worker Number": 4,
                              "Sort Method": "quicksort",
                              "Sort Space Used": 30317,
                              "Sort Space Type": "Memory"
                            }
                          ],
                          "Plans": [
                            {
                              "Node Type": "Bitmap Heap Scan",
                              "Parent Relationship": "Outer",
                              "Parallel Aware": false,
                              "Relation Name": "movie_keyword",
                              "Alias": "mk",
                              "Startup Cost": 8382.96,
                              "Total Cost": 37776.52,
                              "Plan Rows": 395165,
                              "Plan Width": 4,
                              "Actual Startup Time": 45.592,
                              "Actual Total Time": 167.567,
                              "Actual Rows": 384598,
                              "Actual Loops": 6,
                              "Recheck Cond": "(keyword_id > 44644)",
                              "Rows Removed by Index Recheck": 0,
                              "Exact Heap Blocks": 22417,
                              "Lossy Heap Blocks": 0,
                              "Plans": [
                                {
                                  "Node Type": "Bitmap Index Scan",
                                  "Parent Relationship": "Outer",
                                  "Parallel Aware": false,
                                  "Index Name": "keyword_id_movie_keyword",
                                  "Startup Cost": 0.0,
                                  "Total Cost": 8284.17,
                                  "Plan Rows": 395165,
                                  "Plan Width": 0,
                                  "Actual Startup Time": 42.508,
                                  "Actual Total Time": 42.508,
                                  "Actual Rows": 384598,
                                  "Actual Loops": 6,
                                  "Index Cond": "(keyword_id > 44644)"
                                }
                              ]
                            }
                          ]
                        }
                      ]
                    },
                    {
                      "Node Type": "Index Only Scan",
                      "Parent Relationship": "Inner",
                      "Parallel Aware": false,
                      "Scan Direction": "Forward",
                      "Index Name": "movie_id_cast_info",
                      "Relation Name": "cast_info",
                      "Alias": "ci",
                      "Startup Cost": 0.56,
                      "Total Cost": 1.82,
                      "Plan Rows": 37,
                      "Plan Width": 4,
                      "Actual Startup Time": 0.004,
                      "Actual Total Time": 0.03,
                      "Actual Rows": 48,
                      "Actual Loops": 384598,
                      "Index Cond": "(movie_id = t.id)",
                      "Rows Removed by Index Recheck": 0,
                      "Heap Fetches": 18643312
                    }
                  ]
                }
              ]
            }
          ]
        }
      ]
    },
    "Planning Time": 1.295,
    "Triggers": [],
    "Execution Time": 3005.6
  }
]