{
  "Plan": {
    "Node Type": "Aggregate",
    "Strategy": "Plain",
    "Partial Mode": "Finalize",
    "Parallel Aware": false,
    "Startup Cost": 519627.88,
    "Total Cost": 519627.89,
    "Plan Rows": 1,
    "Plan Width": 8,
    "Actual Startup Time": 256.436,
    "Actual Total Time": 284.941,
    "Actual Rows": 1,
    "Actual Loops": 1,
    "Plans": [
      {
        "Node Type": "Gather",
        "Parent Relationship": "Outer",
        "Parallel Aware": false,
        "Startup Cost": 519627.77,
        "Total Cost": 519627.88,
        "Plan Rows": 1,
        "Plan Width": 8,
        "Actual Startup Time": 256.288,
        "Actual Total Time": 284.932,
        "Actual Rows": 2,
        "Actual Loops": 1,
        "Workers Planned": 1,
        "Workers Launched": 1,
        "Single Copy": false,
        "Plans": [
          {
            "Node Type": "Aggregate",
            "Strategy": "Plain",
            "Partial Mode": "Partial",
            "Parent Relationship": "Outer",
            "Parallel Aware": false,
            "Startup Cost": 518627.77,
            "Total Cost": 518627.78,
            "Plan Rows": 1,
            "Plan Width": 8,
            "Actual Startup Time": 250.159,
            "Actual Total Time": 250.161,
            "Actual Rows": 1,
            "Actual Loops": 2,
            "Plans": [
              {
                "Node Type": "Nested Loop",
                "Parent Relationship": "Outer",
                "Parallel Aware": false,
                "Join Type": "Inner",
                "Startup Cost": 0.56,
                "Total Cost": 518552.3,
                "Plan Rows": 30188,
                "Plan Width": 0,
                "Actual Startup Time": 0.354,
                "Actual Total Time": 248.369,
                "Actual Rows": 28489,
                "Actual Loops": 2,
                "Inner Unique": false,
                "Plans": [
                  {
                    "Node Type": "Seq Scan",
                    "Parent Relationship": "Outer",
                    "Parallel Aware": true,
                    "Relation Name": "title",
                    "Alias": "t",
                    "Startup Cost": 0.0,
                    "Total Cost": 58306.47,
                    "Plan Rows": 4641,
                    "Plan Width": 4,
                    "Actual Startup Time": 0.141,
                    "Actual Total Time": 131.673,
                    "Actual Rows": 3929,
                    "Actual Loops": 2,
                    "Filter": "((kind_id = 7) AND (production_year = 1975))",
                    "Rows Removed by Filter": 1260227
                  },
                  {
                    "Node Type": "Index Scan",
                    "Parent Relationship": "Inner",
                    "Parallel Aware": false,
                    "Scan Direction": "Forward",
                    "Index Name": "movie_id_cast_info",
                    "Relation Name": "cast_info",
                    "Alias": "ci",
                    "Startup Cost": 0.56,
                    "Total Cost": 99.0,
                    "Plan Rows": 17,
                    "Plan Width": 4,
                    "Actual Startup Time": 0.008,
                    "Actual Total Time": 0.029,
                    "Actual Rows": 7,
                    "Actual Loops": 7858,
                    "Index Cond": "(movie_id = t.id)",
                    "Rows Removed by Index Recheck": 0,
                    "Filter": "(person_id < 1628984)",
                    "Rows Removed by Filter": 6
                  }
                ]
              }
            ]
          }
        ]
      }
    ]
  },
  "Planning Time": 0.525,
  "Triggers": [],
  "Execution Time": 285.027
}