[
  {
    "Plan": {
      "Node Type": "Aggregate",
      "Strategy": "Plain",
      "Partial Mode": "Finalize",
      "Parallel Aware": false,
      "Startup Cost": 67617.25,
      "Total Cost": 67617.26,
      "Plan Rows": 1,
      "Plan Width": 8,
      "Actual Startup Time": 185.341,
      "Actual Total Time": 197.214,
      "Actual Rows": 1,
      "Actual Loops": 1,
      "Plans": [
        {
          "Node Type": "Gather",
          "Parent Relationship": "Outer",
          "Parallel Aware": false,
          "Startup Cost": 67616.83,
          "Total Cost": 67617.24,
          "Plan Rows": 4,
          "Plan Width": 8,
          "Actual Startup Time": 184.86,
          "Actual Total Time": 197.204,
          "Actual Rows": 5,
          "Actual Loops": 1,
          "Workers Planned": 4,
          "Workers Launched": 4,
          "Single Copy": false,
          "Plans": [
            {
              "Node Type": "Aggregate",
              "Strategy": "Plain",
              "Partial Mode": "Partial",
              "Parent Relationship": "Outer",
              "Parallel Aware": false,
              "Startup Cost": 66616.83,
              "Total Cost": 66616.84,
              "Plan Rows": 1,
              "Plan Width": 8,
              "Actual Startup Time": 174.725,
              "Actual Total Time": 174.73,
              "Actual Rows": 1,
              "Actual Loops": 5,
              "Plans": [
                {
                  "Node Type": "Hash Join",
                  "Parent Relationship": "Outer",
                  "Parallel Aware": true,
                  "Join Type": "Inner",
                  "Startup Cost": 21080.84,
                  "Total Cost": 66591.99,
                  "Plan Rows": 9936,
                  "Plan Width": 0,
                  "Actual Startup Time": 41.676,
                  "Actual Total Time": 173.873,
                  "Actual Rows": 13304,
                  "Actual Loops": 5,
                  "Inner Unique": false,
                  "Hash Cond": "(t.id = mc.movie_id)",
                  "Plans": [
                    {
                      "Node Type": "Seq Scan",
                      "Parent Relationship": "Outer",
                      "Parallel Aware": true,
                      "Relation Name": "title",
                      "Alias": "t",
                      "Startup Cost": 0.0,
                      "Total Cost": 42318.73,
                      "Plan Rows": 632073,
                      "Plan Width": 4,
                      "Actual Startup Time": 0.018,
                      "Actual Total Time": 62.404,
                      "Actual Rows": 505662,
                      "Actual Loops": 5
                    },
                    {
                      "Node Type": "Hash",
                      "Parent Relationship": "Inner",
                      "Parallel Aware": true,
                      "Startup Cost": 20920.58,
                      "Total Cost": 20920.58,
                      "Plan Rows": 12821,
                      "Plan Width": 4,
                      "Actual Startup Time": 40.188,
                      "Actual Total Time": 40.191,
                      "Actual Rows": 13304,
                      "Actual Loops": 5,
                      "Hash Buckets": 65536,
                      "Original Hash Buckets": 65536,
                      "Hash Batches": 1,
                      "Original Hash Batches": 1,
                      "Peak Memory Usage": 3232,
                      "Plans": [
                        {
                          "Node Type": "Bitmap Heap Scan",
                          "Parent Relationship": "Outer",
                          "Parallel Aware": true,
                          "Relation Name": "movie_companies",
                          "Alias": "mc",
                          "Startup Cost": 1739.91,
                          "Total Cost": 20920.58,
                          "Plan Rows": 12821,
                          "Plan Width": 4,
                          "Actual Startup Time": 10.039,
                          "Actual Total Time": 32.865,
                          "Actual Rows": 13304,
                          "Actual Loops": 5,
                          "Recheck Cond": "(company_id < 19)",
                          "Rows Removed by Index Recheck": 0,
                          "Filter": "(company_type_id < 2)",
                          "Rows Removed by Filter": 3510,
                          "Exact Heap Blocks": 5359,
                          "Lossy Heap Blocks": 0,
                          "Plans": [
                            {
                              "Node Type": "Bitmap Index Scan",
                              "Parent Relationship": "Outer",
                              "Parallel Aware": false,
                              "Index Name": "company_id_movie_companies",
                              "Startup Cost": 0.0,
                              "Total Cost": 1729.97,
                              "Plan Rows": 80739,
                              "Plan Width": 0,
                              "Actual Startup Time": 12.691,
                              "Actual Total Time": 12.691,
                              "Actual Rows": 84071,
                              "Actual Loops": 1,
                              "Index Cond": "(company_id < 19)"
                            }
                          ]
                        }
                      ]
                    }
                  ]
                }
              ]
            }
          ]
        }
      ]
    },
    "Planning Time": 0.651,
    "Triggers": [],
    "Execution Time": 197.314
  }
]