[
  {
    "Plan": {
      "Node Type": "Aggregate",
      "Strategy": "Plain",
      "Partial Mode": "Finalize",
      "Parallel Aware": false,
      "Startup Cost": 132951.43,
      "Total Cost": 132951.44,
      "Plan Rows": 1,
      "Plan Width": 8,
      "Actual Startup Time": 1546.448,
      "Actual Total Time": 1621.872,
      "Actual Rows": 1,
      "Actual Loops": 1,
      "Plans": [
        {
          "Node Type": "Gather",
          "Parent Relationship": "Outer",
          "Parallel Aware": false,
          "Startup Cost": 132951.11,
          "Total Cost": 132951.42,
          "Plan Rows": 3,
          "Plan Width": 8,
          "Actual Startup Time": 1534.226,
          "Actual Total Time": 1621.855,
          "Actual Rows": 4,
          "Actual Loops": 1,
          "Workers Planned": 3,
          "Workers Launched": 3,
          "Single Copy": false,
          "Plans": [
            {
              "Node Type": "Aggregate",
              "Strategy": "Plain",
              "Partial Mode": "Partial",
              "Parent Relationship": "Outer",
              "Parallel Aware": false,
              "Startup Cost": 131951.11,
              "Total Cost": 131951.12,
              "Plan Rows": 1,
              "Plan Width": 8,
              "Actual Startup Time": 1516.782,
              "Actual Total Time": 1516.787,
              "Actual Rows": 1,
              "Actual Loops": 4,
              "Plans": [
                {
                  "Node Type": "Nested Loop",
                  "Parent Relationship": "Outer",
                  "Parallel Aware": false,
                  "Join Type": "Inner",
                  "Startup Cost": 53897.92,
                  "Total Cost": 130986.51,
                  "Plan Rows": 385841,
                  "Plan Width": 0,
                  "Actual Startup Time": 388.247,
                  "Actual Total Time": 1470.444,
                  "Actual Rows": 828911,
                  "Actual Loops": 4,
                  "Inner Unique": false,
                  "Plans": [
                    {
                      "Node Type": "Hash Join",
                      "Parent Relationship": "Outer",
                      "Parallel Aware": true,
                      "Join Type": "Inner",
                      "Startup Cost": 53897.36,
                      "Total Cost": 73583.6,
                      "Plan Rows": 26911,
                      "Plan Width": 8,
                      "Actual Startup Time": 388.067,
                      "Actual Total Time": 445.726,
                      "Actual Rows": 32388,
                      "Actual Loops": 4,
                      "Inner Unique": true,
                      "Hash Cond": "(mc.movie_id = t.id)",
                      "Plans": [
                        {
                          "Node Type": "Bitmap Heap Scan",
                          "Parent Relationship": "Outer",
                          "Parallel Aware": true,
                          "Relation Name": "movie_companies",
                          "Alias": "mc",
                          "Startup Cost": 3676.97,
                          "Total Cost": 23292.58,
                          "Plan Rows": 26911,
                          "Plan Width": 4,
                          "Actual Startup Time": 9.565,
                          "Actual Total Time": 33.81,
                          "Actual Rows": 32388,
                          "Actual Loops": 4,
                          "Recheck Cond": "(company_id < 34)",
                          "Rows Removed by Index Recheck": 0,
                          "Filter": "(company_type_id = 1)",
                          "Rows Removed by Filter": 9539,
                          "Exact Heap Blocks": 4648,
                          "Lossy Heap Blocks": 0,
                          "Plans": [
                            {
                              "Node Type": "Bitmap Index Scan",
                              "Parent Relationship": "Outer",
                              "Parallel Aware": false,
                              "Index Name": "company_id_movie_companies",
                              "Startup Cost": 0.0,
                              "Total Cost": 3656.12,
                              "Plan Rows": 170625,
                              "Plan Width": 0,
                              "Actual Startup Time": 7.708,
                              "Actual Total Time": 7.709,
                              "Actual Rows": 167708,
                              "Actual Loops": 1,
                              "Index Cond": "(company_id < 34)"
                            }
                          ]
                        },
                        {
                          "Node Type": "Hash",
                          "Parent Relationship": "Inner",
                          "Parallel Aware": true,
                          "Startup Cost": 42319.06,
                          "Total Cost": 42319.06,
                          "Plan Rows": 632106,
                          "Plan Width": 4,
                          "Actual Startup Time": 367.451,
                          "Actual Total Time": 367.452,
                          "Actual Rows": 632078,
                          "Actual Loops": 4,
                          "Hash Buckets": 4194304,
                          "Original Hash Buckets": 4194304,
                          "Hash Batches": 1,
                          "Original Hash Batches": 1,
                          "Peak Memory Usage": 131744,
                          "Plans": [
                            {
                              "Node Type": "Seq Scan",
                              "Parent Relationship": "Outer",
                              "Parallel Aware": true,
                              "Relation Name": "title",
                              "Alias": "t",
                              "Startup Cost": 0.0,
                              "Total Cost": 42319.06,
                              "Plan Rows": 632106,
                              "Plan Width": 4,
                              "Actual Startup Time": 0.03,
                              "Actual Total Time": 109.581,
                              "Actual Rows": 632078,
                              "Actual Loops": 4
                            }
                          ]
                        }
                      ]
                    },
                    {
                      "Node Type": "Index Only Scan",
                      "Parent Relationship": "Inner",
                      "Parallel Aware": false,
                      "Scan Direction": "Forward",
                      "Index Name": "movie_id_cast_info",
                      "Relation Name": "cast_info",
                      "Alias": "ci",
                      "Startup Cost": 0.56,
                      "Total Cost": 1.78,
                      "Plan Rows": 35,
                      "Plan Width": 4,
                      "Actual Startup Time": 0.005,
                      "Actual Total Time": 0.029,
                      "Actual Rows": 26,
                      "Actual Loops": 129553,
                      "Index Cond": "(movie_id = t.id)",
                      "Rows Removed by Index Recheck": 0,
                      "Heap Fetches": 3315644
                    }
                  ]
                }
              ]
            }
          ]
        }
      ]
    },
    "Planning Time": 1.397,
    "Triggers": [],
    "Execution Time": 1622.007
  }
]