[
  {
    "Plan": {
      "Node Type": "Aggregate",
      "Strategy": "Plain",
      "Partial Mode": "Finalize",
      "Parallel Aware": false,
      "Startup Cost": 114825.21,
      "Total Cost": 114825.22,
      "Plan Rows": 1,
      "Plan Width": 8,
      "Actual Startup Time": 1235.685,
      "Actual Total Time": 1313.993,
      "Actual Rows": 1,
      "Actual Loops": 1,
      "Plans": [
        {
          "Node Type": "Gather",
          "Parent Relationship": "Outer",
          "Parallel Aware": false,
          "Startup Cost": 114824.79,
          "Total Cost": 114825.2,
          "Plan Rows": 4,
          "Plan Width": 8,
          "Actual Startup Time": 1234.529,
          "Actual Total Time": 1313.985,
          "Actual Rows": 5,
          "Actual Loops": 1,
          "Workers Planned": 4,
          "Workers Launched": 4,
          "Single Copy": false,
          "Plans": [
            {
              "Node Type": "Aggregate",
              "Strategy": "Plain",
              "Partial Mode": "Partial",
              "Parent Relationship": "Outer",
              "Parallel Aware": false,
              "Startup Cost": 113824.79,
              "Total Cost": 113824.8,
              "Plan Rows": 1,
              "Plan Width": 8,
              "Actual Startup Time": 1223.991,
              "Actual Total Time": 1223.996,
              "Actual Rows": 1,
              "Actual Loops": 5,
              "Plans": [
                {
                  "Node Type": "Nested Loop",
                  "Parent Relationship": "Outer",
                  "Parallel Aware": false,
                  "Join Type": "Inner",
                  "Startup Cost": 23438.09,
                  "Total Cost": 113102.44,
                  "Plan Rows": 288938,
                  "Plan Width": 0,
                  "Actual Startup Time": 64.086,
                  "Actual Total Time": 1187.396,
                  "Actual Rows": 663129,
                  "Actual Loops": 5,
                  "Inner Unique": false,
                  "Plans": [
                    {
                      "Node Type": "Hash Join",
                      "Parent Relationship": "Outer",
                      "Parallel Aware": true,
                      "Join Type": "Inner",
                      "Startup Cost": 23437.53,
                      "Total Cost": 68981.68,
                      "Plan Rows": 20164,
                      "Plan Width": 8,
                      "Actual Startup Time": 63.976,
                      "Actual Total Time": 254.19,
                      "Actual Rows": 25911,
                      "Actual Loops": 5,
                      "Inner Unique": false,
                      "Hash Cond": "(t.id = mc.movie_id)",
                      "Plans": [
                        {
                          "Node Type": "Seq Scan",
                          "Parent Relationship": "Outer",
                          "Parallel Aware": true,
                          "Relation Name": "title",
                          "Alias": "t",
                          "Startup Cost": 0.0,
                          "Total Cost": 42318.73,
                          "Plan Rows": 632073,
                          "Plan Width": 4,
                          "Actual Startup Time": 0.01,
                          "Actual Total Time": 64.423,
                          "Actual Rows": 505662,
                          "Actual Loops": 5
                        },
                        {
                          "Node Type": "Hash",
                          "Parent Relationship": "Inner",
                          "Parallel Aware": true,
                          "Startup Cost": 23112.29,
                          "Total Cost": 23112.29,
                          "Plan Rows": 26019,
                          "Plan Width": 4,
                          "Actual Startup Time": 62.395,
                          "Actual Total Time": 62.397,
                          "Actual Rows": 25911,
                          "Actual Loops": 5,
                          "Hash Buckets": 131072,
                          "Original Hash Buckets": 131072,
                          "Hash Batches": 1,
                          "Original Hash Batches": 1,
                          "Peak Memory Usage": 6176,
                          "Plans": [
                            {
                              "Node Type": "Bitmap Heap Scan",
                              "Parent Relationship": "Outer",
                              "Parallel Aware": true,
                              "Relation Name": "movie_companies",
                              "Alias": "mc",
                              "Startup Cost": 3529.47,
                              "Total Cost": 23112.29,
                              "Plan Rows": 26019,
                              "Plan Width": 4,
                              "Actual Startup Time": 17.17,
                              "Actual Total Time": 50.804,
                              "Actual Rows": 25911,
                              "Actual Loops": 5,
                              "Recheck Cond": "(company_id < 34)",
                              "Rows Removed by Index Recheck": 0,
                              "Filter": "(company_type_id = 1)",
                              "Rows Removed by Filter": 7631,
                              "Exact Heap Blocks": 7505,
                              "Lossy Heap Blocks": 0,
                              "Plans": [
                                {
                                  "Node Type": "Bitmap Index Scan",
                                  "Parent Relationship": "Outer",
                                  "Parallel Aware": false,
                                  "Index Name": "company_id_movie_companies",
                                  "Startup Cost": 0.0,
                                  "Total Cost": 3509.3,
                                  "Plan Rows": 163850,
                                  "Plan Width": 0,
                                  "Actual Startup Time": 18.051,
                                  "Actual Total Time": 18.051,
                                  "Actual Rows": 167708,
                                  "Actual Loops": 1,
                                  "Index Cond": "(company_id < 34)"
                                }
                              ]
                            }
                          ]
                        }
                      ]
                    },
                    {
                      "Node Type": "Index Only Scan",
                      "Parent Relationship": "Inner",
                      "Parallel Aware": false,
                      "Scan Direction": "Forward",
                      "Index Name": "movie_id_cast_info",
                      "Relation Name": "cast_info",
                      "Alias": "ci",
                      "Startup Cost": 0.56,
                      "Total Cost": 1.82,
                      "Plan Rows": 37,
                      "Plan Width": 4,
                      "Actual Startup Time": 0.006,
                      "Actual Total Time": 0.034,
                      "Actual Rows": 26,
                      "Actual Loops": 129553,
                      "Index Cond": "(movie_id = t.id)",
                      "Rows Removed by Index Recheck": 0,
                      "Heap Fetches": 3315644
                    }
                  ]
                }
              ]
            }
          ]
        }
      ]
    },
    "Planning Time": 1.492,
    "Triggers": [],
    "Execution Time": 1314.121
  }
]