[
  {
    "Plan": {
      "Node Type": "Aggregate",
      "Strategy": "Plain",
      "Partial Mode": "Finalize",
      "Parallel Aware": false,
      "Startup Cost": 78278.96,
      "Total Cost": 78278.97,
      "Plan Rows": 1,
      "Plan Width": 8,
      "Actual Startup Time": 254.652,
      "Actual Total Time": 269.617,
      "Actual Rows": 1,
      "Actual Loops": 1,
      "Plans": [
        {
          "Node Type": "Gather",
          "Parent Relationship": "Outer",
          "Parallel Aware": false,
          "Startup Cost": 78278.64,
          "Total Cost": 78278.95,
          "Plan Rows": 3,
          "Plan Width": 8,
          "Actual Startup Time": 252.622,
          "Actual Total Time": 269.607,
          "Actual Rows": 4,
          "Actual Loops": 1,
          "Workers Planned": 3,
          "Workers Launched": 3,
          "Single Copy": false,
          "Plans": [
            {
              "Node Type": "Aggregate",
              "Strategy": "Plain",
              "Partial Mode": "Partial",
              "Parent Relationship": "Outer",
              "Parallel Aware": false,
              "Startup Cost": 77278.64,
              "Total Cost": 77278.65,
              "Plan Rows": 1,
              "Plan Width": 8,
              "Actual Startup Time": 244.589,
              "Actual Total Time": 244.592,
              "Actual Rows": 1,
              "Actual Loops": 4,
              "Plans": [
                {
                  "Node Type": "Hash Join",
                  "Parent Relationship": "Outer",
                  "Parallel Aware": true,
                  "Join Type": "Inner",
                  "Startup Cost": 47016.17,
                  "Total Cost": 77129.86,
                  "Plan Rows": 59513,
                  "Plan Width": 0,
                  "Actual Startup Time": 135.762,
                  "Actual Total Time": 242.661,
                  "Actual Rows": 45934,
                  "Actual Loops": 4,
                  "Inner Unique": true,
                  "Hash Cond": "(mc.movie_id = t.id)",
                  "Plans": [
                    {
                      "Node Type": "Seq Scan",
                      "Parent Relationship": "Outer",
                      "Parallel Aware": true,
                      "Relation Name": "movie_companies",
                      "Alias": "mc",
                      "Startup Cost": 0.0,
                      "Total Cost": 29310.68,
                      "Plan Rows": 305907,
                      "Plan Width": 4,
                      "Actual Startup Time": 0.018,
                      "Actual Total Time": 60.707,
                      "Actual Rows": 236767,
                      "Actual Loops": 4,
                      "Filter": "(company_id < 3665)",
                      "Rows Removed by Filter": 415515
                    },
                    {
                      "Node Type": "Hash",
                      "Parent Relationship": "Inner",
                      "Parallel Aware": true,
                      "Startup Cost": 45479.1,
                      "Total Cost": 45479.1,
                      "Plan Rows": 122966,
                      "Plan Width": 4,
                      "Actual Startup Time": 132.303,
                      "Actual Total Time": 132.304,
                      "Actual Rows": 93908,
                      "Actual Loops": 4,
                      "Hash Buckets": 524288,
                      "Original Hash Buckets": 524288,
                      "Hash Batches": 1,
                      "Original Hash Batches": 1,
                      "Peak Memory Usage": 18848,
                      "Plans": [
                        {
                          "Node Type": "Seq Scan",
                          "Parent Relationship": "Outer",
                          "Parallel Aware": true,
                          "Relation Name": "title",
                          "Alias": "t",
                          "Startup Cost": 0.0,
                          "Total Cost": 45479.1,
                          "Plan Rows": 122966,
                          "Plan Width": 4,
                          "Actual Startup Time": 0.042,
                          "Actual Total Time": 98.824,
                          "Actual Rows": 93908,
                          "Actual Loops": 4,
                          "Filter": "((kind_id < 3) AND (production_year > 1994))",
                          "Rows Removed by Filter": 538170
                        }
                      ]
                    }
                  ]
                }
              ]
            }
          ]
        }
      ]
    },
    "Planning Time": 0.655,
    "Triggers": [],
    "Execution Time": 269.683
  }
]