{
  "Plan": {
    "Node Type": "Aggregate",
    "Strategy": "Plain",
    "Partial Mode": "Finalize",
    "Parallel Aware": false,
    "Startup Cost": 194162.09,
    "Total Cost": 194162.1,
    "Plan Rows": 1,
    "Plan Width": 8,
    "Actual Startup Time": 1251.059,
    "Actual Total Time": 1338.84,
    "Actual Rows": 1,
    "Actual Loops": 1,
    "Plans": [
      {
        "Node Type": "Gather",
        "Parent Relationship": "Outer",
        "Parallel Aware": false,
        "Startup Cost": 194161.97,
        "Total Cost": 194162.08,
        "Plan Rows": 1,
        "Plan Width": 8,
        "Actual Startup Time": 1249.61,
        "Actual Total Time": 1338.83,
        "Actual Rows": 2,
        "Actual Loops": 1,
        "Workers Planned": 1,
        "Workers Launched": 1,
        "Single Copy": false,
        "Plans": [
          {
            "Node Type": "Aggregate",
            "Strategy": "Plain",
            "Partial Mode": "Partial",
            "Parent Relationship": "Outer",
            "Parallel Aware": false,
            "Startup Cost": 193161.97,
            "Total Cost": 193161.98,
            "Plan Rows": 1,
            "Plan Width": 8,
            "Actual Startup Time": 1245.603,
            "Actual Total Time": 1245.607,
            "Actual Rows": 1,
            "Actual Loops": 2,
            "Plans": [
              {
                "Node Type": "Nested Loop",
                "Parent Relationship": "Outer",
                "Parallel Aware": false,
                "Join Type": "Inner",
                "Startup Cost": 61638.63,
                "Total Cost": 192567.66,
                "Plan Rows": 237727,
                "Plan Width": 0,
                "Actual Startup Time": 237.888,
                "Actual Total Time": 1199.623,
                "Actual Rows": 829406,
                "Actual Loops": 2,
                "Inner Unique": false,
                "Plans": [
                  {
                    "Node Type": "Hash Join",
                    "Parent Relationship": "Outer",
                    "Parallel Aware": true,
                    "Join Type": "Inner",
                    "Startup Cost": 61638.06,
                    "Total Cost": 88046.76,
                    "Plan Rows": 16591,
                    "Plan Width": 8,
                    "Actual Startup Time": 237.801,
                    "Actual Total Time": 329.524,
                    "Actual Rows": 30857,
                    "Actual Loops": 2,
                    "Inner Unique": true,
                    "Hash Cond": "(mk.movie_id = t.id)",
                    "Plans": [
                      {
                        "Node Type": "Bitmap Heap Scan",
                        "Parent Relationship": "Outer",
                        "Parallel Aware": true,
                        "Relation Name": "movie_keyword",
                        "Alias": "mk",
                        "Startup Cost": 4663.12,
                        "Total Cost": 30732.58,
                        "Plan Rows": 129236,
                        "Plan Width": 4,
                        "Actual Startup Time": 15.881,
                        "Actual Total Time": 65.996,
                        "Actual Rows": 113464,
                        "Actual Loops": 2,
                        "Recheck Cond": "(keyword_id < 186)",
                        "Rows Removed by Index Recheck": 0,
                        "Exact Heap Blocks": 16263,
                        "Lossy Heap Blocks": 0,
                        "Plans": [
                          {
                            "Node Type": "Bitmap Index Scan",
                            "Parent Relationship": "Outer",
                            "Parallel Aware": false,
                            "Index Name": "keyword_id_movie_keyword",
                            "Startup Cost": 0.0,
                            "Total Cost": 4608.2,
                            "Plan Rows": 219702,
                            "Plan Width": 0,
                            "Actual Startup Time": 12.35,
                            "Actual Total Time": 12.351,
                            "Actual Rows": 226927,
                            "Actual Loops": 1,
                            "Index Cond": "(keyword_id < 186)"
                          }
                        ]
                      },
                      {
                        "Node Type": "Hash",
                        "Parent Relationship": "Inner",
                        "Parallel Aware": true,
                        "Startup Cost": 54588.39,
                        "Total Cost": 54588.39,
                        "Plan Rows": 190924,
                        "Plan Width": 4,
                        "Actual Startup Time": 216.546,
                        "Actual Total Time": 216.546,
                        "Actual Rows": 168923,
                        "Actual Loops": 2,
                        "Hash Buckets": 524288,
                        "Original Hash Buckets": 524288,
                        "Hash Batches": 1,
                        "Original Hash Batches": 1,
                        "Peak Memory Usage": 17344,
                        "Plans": [
                          {
                            "Node Type": "Seq Scan",
                            "Parent Relationship": "Outer",
                            "Parallel Aware": true,
                            "Relation Name": "title",
                            "Alias": "t",
                            "Startup Cost": 0.0,
                            "Total Cost": 54588.39,
                            "Plan Rows": 190924,
                            "Plan Width": 4,
                            "Actual Startup Time": 0.025,
                            "Actual Total Time": 165.565,
                            "Actual Rows": 168923,
                            "Actual Loops": 2,
                            "Filter": "(production_year < 1968)",
                            "Rows Removed by Filter": 1095233
                          }
                        ]
                      }
                    ]
                  },
                  {
                    "Node Type": "Index Only Scan",
                    "Parent Relationship": "Inner",
                    "Parallel Aware": false,
                    "Scan Direction": "Forward",
                    "Index Name": "movie_id_cast_info",
                    "Relation Name": "cast_info",
                    "Alias": "ci",
                    "Startup Cost": 0.56,
                    "Total Cost": 5.93,
                    "Plan Rows": 37,
                    "Plan Width": 4,
                    "Actual Startup Time": 0.005,
                    "Actual Total Time": 0.026,
                    "Actual Rows": 27,
                    "Actual Loops": 61714,
                    "Index Cond": "(movie_id = t.id)",
                    "Rows Removed by Index Recheck": 0,
                    "Heap Fetches": 1658812
                  }
                ]
              }
            ]
          }
        ]
      }
    ]
  },
  "Planning Time": 0.898,
  "Triggers": [],
  "Execution Time": 1338.962
}