[
  {
    "Plan": {
      "Node Type": "Aggregate",
      "Strategy": "Plain",
      "Partial Mode": "Finalize",
      "Parallel Aware": false,
      "Startup Cost": 49427.4,
      "Total Cost": 49427.41,
      "Plan Rows": 1,
      "Plan Width": 8,
      "Actual Startup Time": 42.365,
      "Actual Total Time": 47.145,
      "Actual Rows": 1,
      "Actual Loops": 1,
      "Plans": [
        {
          "Node Type": "Gather",
          "Parent Relationship": "Outer",
          "Parallel Aware": false,
          "Startup Cost": 49426.98,
          "Total Cost": 49427.39,
          "Plan Rows": 4,
          "Plan Width": 8,
          "Actual Startup Time": 42.117,
          "Actual Total Time": 47.14,
          "Actual Rows": 5,
          "Actual Loops": 1,
          "Workers Planned": 4,
          "Workers Launched": 4,
          "Single Copy": false,
          "Plans": [
            {
              "Node Type": "Aggregate",
              "Strategy": "Plain",
              "Partial Mode": "Partial",
              "Parent Relationship": "Outer",
              "Parallel Aware": false,
              "Startup Cost": 48426.98,
              "Total Cost": 48426.99,
              "Plan Rows": 1,
              "Plan Width": 8,
              "Actual Startup Time": 34.783,
              "Actual Total Time": 34.785,
              "Actual Rows": 1,
              "Actual Loops": 5,
              "Plans": [
                {
                  "Node Type": "Nested Loop",
                  "Parent Relationship": "Outer",
                  "Parallel Aware": false,
                  "Join Type": "Inner",
                  "Startup Cost": 2107.62,
                  "Total Cost": 48426.25,
                  "Plan Rows": 293,
                  "Plan Width": 0,
                  "Actual Startup Time": 3.529,
                  "Actual Total Time": 34.708,
                  "Actual Rows": 470,
                  "Actual Loops": 5,
                  "Inner Unique": false,
                  "Plans": [
                    {
                      "Node Type": "Bitmap Heap Scan",
                      "Parent Relationship": "Outer",
                      "Parallel Aware": true,
                      "Relation Name": "title",
                      "Alias": "t",
                      "Startup Cost": 2107.19,
                      "Total Cost": 38548.28,
                      "Plan Rows": 579,
                      "Plan Width": 4,
                      "Actual Startup Time": 3.267,
                      "Actual Total Time": 25.571,
                      "Actual Rows": 623,
                      "Actual Loops": 5,
                      "Recheck Cond": "(kind_id = 4)",
                      "Rows Removed by Index Recheck": 0,
                      "Filter": "(production_year = 1999)",
                      "Rows Removed by Filter": 23024,
                      "Exact Heap Blocks": 7300,
                      "Lossy Heap Blocks": 0,
                      "Plans": [
                        {
                          "Node Type": "Bitmap Index Scan",
                          "Parent Relationship": "Outer",
                          "Parallel Aware": false,
                          "Index Name": "kind_id_title",
                          "Startup Cost": 0.0,
                          "Total Cost": 2106.61,
                          "Plan Rows": 118157,
                          "Plan Width": 0,
                          "Actual Startup Time": 5.969,
                          "Actual Total Time": 5.969,
                          "Actual Rows": 118234,
                          "Actual Loops": 1,
                          "Index Cond": "(kind_id = 4)"
                        }
                      ]
                    },
                    {
                      "Node Type": "Index Scan",
                      "Parent Relationship": "Inner",
                      "Parallel Aware": false,
                      "Scan Direction": "Forward",
                      "Index Name": "movie_id_movie_companies",
                      "Relation Name": "movie_companies",
                      "Alias": "mc",
                      "Startup Cost": 0.43,
                      "Total Cost": 17.03,
                      "Plan Rows": 3,
                      "Plan Width": 4,
                      "Actual Startup Time": 0.012,
                      "Actual Total Time": 0.014,
                      "Actual Rows": 1,
                      "Actual Loops": 3114,
                      "Index Cond": "(movie_id = t.id)",
                      "Rows Removed by Index Recheck": 0,
                      "Filter": "(company_type_id < 2)",
                      "Rows Removed by Filter": 1
                    }
                  ]
                }
              ]
            }
          ]
        }
      ]
    },
    "Planning Time": 0.202,
    "Triggers": [],
    "Execution Time": 47.178
  }
]