[
  {
    "Plan": {
      "Node Type": "Aggregate",
      "Strategy": "Plain",
      "Partial Mode": "Finalize",
      "Parallel Aware": false,
      "Startup Cost": 30886.92,
      "Total Cost": 30886.93,
      "Plan Rows": 1,
      "Plan Width": 8,
      "Actual Startup Time": 84.2,
      "Actual Total Time": 90.758,
      "Actual Rows": 1,
      "Actual Loops": 1,
      "Plans": [
        {
          "Node Type": "Gather",
          "Parent Relationship": "Outer",
          "Parallel Aware": false,
          "Startup Cost": 30886.6,
          "Total Cost": 30886.91,
          "Plan Rows": 3,
          "Plan Width": 8,
          "Actual Startup Time": 83.907,
          "Actual Total Time": 90.751,
          "Actual Rows": 4,
          "Actual Loops": 1,
          "Workers Planned": 3,
          "Workers Launched": 3,
          "Single Copy": false,
          "Plans": [
            {
              "Node Type": "Aggregate",
              "Strategy": "Plain",
              "Partial Mode": "Partial",
              "Parent Relationship": "Outer",
              "Parallel Aware": false,
              "Startup Cost": 29886.6,
              "Total Cost": 29886.61,
              "Plan Rows": 1,
              "Plan Width": 8,
              "Actual Startup Time": 76.585,
              "Actual Total Time": 76.586,
              "Actual Rows": 1,
              "Actual Loops": 4,
              "Plans": [
                {
                  "Node Type": "Bitmap Heap Scan",
                  "Parent Relationship": "Outer",
                  "Parallel Aware": true,
                  "Relation Name": "movie_companies",
                  "Alias": "mc",
                  "Startup Cost": 8922.58,
                  "Total Cost": 29715.96,
                  "Plan Rows": 68257,
                  "Plan Width": 0,
                  "Actual Startup Time": 61.475,
                  "Actual Total Time": 75.412,
                  "Actual Rows": 23868,
                  "Actual Loops": 4,
                  "Recheck Cond": "(company_id < 264)",
                  "Rows Removed by Index Recheck": 0,
                  "Filter": "(company_type_id > 1)",
                  "Rows Removed by Filter": 78398,
                  "Exact Heap Blocks": 9903,
                  "Lossy Heap Blocks": 0,
                  "Plans": [
                    {
                      "Node Type": "Bitmap Index Scan",
                      "Parent Relationship": "Outer",
                      "Parallel Aware": false,
                      "Index Name": "company_id_movie_companies",
                      "Startup Cost": 0.0,
                      "Total Cost": 8869.68,
                      "Plan Rows": 414033,
                      "Plan Width": 0,
                      "Actual Startup Time": 27.443,
                      "Actual Total Time": 27.443,
                      "Actual Rows": 409066,
                      "Actual Loops": 1,
                      "Index Cond": "(company_id < 264)"
                    }
                  ]
                }
              ]
            }
          ]
        }
      ]
    },
    "Planning Time": 0.187,
    "Triggers": [],
    "Execution Time": 90.825
  }
]