[
  {
    "Plan": {
      "Node Type": "Aggregate",
      "Strategy": "Plain",
      "Partial Mode": "Finalize",
      "Parallel Aware": false,
      "Startup Cost": 52931.36,
      "Total Cost": 52931.37,
      "Plan Rows": 1,
      "Plan Width": 8,
      "Actual Startup Time": 45.928,
      "Actual Total Time": 51.363,
      "Actual Rows": 1,
      "Actual Loops": 1,
      "Plans": [
        {
          "Node Type": "Gather",
          "Parent Relationship": "Outer",
          "Parallel Aware": false,
          "Startup Cost": 52931.05,
          "Total Cost": 52931.36,
          "Plan Rows": 3,
          "Plan Width": 8,
          "Actual Startup Time": 45.37,
          "Actual Total Time": 51.353,
          "Actual Rows": 4,
          "Actual Loops": 1,
          "Workers Planned": 3,
          "Workers Launched": 3,
          "Single Copy": false,
          "Plans": [
            {
              "Node Type": "Aggregate",
              "Strategy": "Plain",
              "Partial Mode": "Partial",
              "Parent Relationship": "Outer",
              "Parallel Aware": false,
              "Startup Cost": 51931.05,
              "Total Cost": 51931.06,
              "Plan Rows": 1,
              "Plan Width": 8,
              "Actual Startup Time": 36.035,
              "Actual Total Time": 36.037,
              "Actual Rows": 1,
              "Actual Loops": 4,
              "Plans": [
                {
                  "Node Type": "Nested Loop",
                  "Parent Relationship": "Outer",
                  "Parallel Aware": false,
                  "Join Type": "Inner",
                  "Startup Cost": 385.01,
                  "Total Cost": 51922.43,
                  "Plan Rows": 3445,
                  "Plan Width": 0,
                  "Actual Startup Time": 1.938,
                  "Actual Total Time": 35.385,
                  "Actual Rows": 3928,
                  "Actual Loops": 4,
                  "Inner Unique": true,
                  "Plans": [
                    {
                      "Node Type": "Bitmap Heap Scan",
                      "Parent Relationship": "Outer",
                      "Parallel Aware": true,
                      "Relation Name": "movie_companies",
                      "Alias": "mc",
                      "Startup Cost": 384.58,
                      "Total Cost": 19674.73,
                      "Plan Rows": 5667,
                      "Plan Width": 4,
                      "Actual Startup Time": 1.686,
                      "Actual Total Time": 3.719,
                      "Actual Rows": 4055,
                      "Actual Loops": 4,
                      "Recheck Cond": "(company_id = 166)",
                      "Rows Removed by Index Recheck": 0,
                      "Exact Heap Blocks": 340,
                      "Lossy Heap Blocks": 0,
                      "Plans": [
                        {
                          "Node Type": "Bitmap Index Scan",
                          "Parent Relationship": "Outer",
                          "Parallel Aware": false,
                          "Index Name": "company_id_movie_companies",
                          "Startup Cost": 0.0,
                          "Total Cost": 380.19,
                          "Plan Rows": 17568,
                          "Plan Width": 0,
                          "Actual Startup Time": 6.162,
                          "Actual Total Time": 6.162,
                          "Actual Rows": 16220,
                          "Actual Loops": 1,
                          "Index Cond": "(company_id = 166)"
                        }
                      ]
                    },
                    {
                      "Node Type": "Index Scan",
                      "Parent Relationship": "Inner",
                      "Parallel Aware": false,
                      "Scan Direction": "Forward",
                      "Index Name": "title_pkey",
                      "Relation Name": "title",
                      "Alias": "t",
                      "Startup Cost": 0.43,
                      "Total Cost": 5.69,
                      "Plan Rows": 1,
                      "Plan Width": 4,
                      "Actual Startup Time": 0.007,
                      "Actual Total Time": 0.007,
                      "Actual Rows": 1,
                      "Actual Loops": 16220,
                      "Index Cond": "(id = mc.movie_id)",
                      "Rows Removed by Index Recheck": 0,
                      "Filter": "(kind_id = 7)",
                      "Rows Removed by Filter": 0
                    }
                  ]
                }
              ]
            }
          ]
        }
      ]
    },
    "Planning Time": 0.667,
    "Triggers": [],
    "Execution Time": 51.465
  }
]