{
  "Plan": {
    "Node Type": "Aggregate",
    "Strategy": "Plain",
    "Partial Mode": "Finalize",
    "Parallel Aware": false,
    "Startup Cost": 1305443.26,
    "Total Cost": 1305443.27,
    "Plan Rows": 1,
    "Plan Width": 8,
    "Actual Startup Time": 7100.02,
    "Actual Total Time": 7168.892,
    "Actual Rows": 1,
    "Actual Loops": 1,
    "Plans": [
      {
        "Node Type": "Gather",
        "Parent Relationship": "Outer",
        "Parallel Aware": false,
        "Startup Cost": 1305443.15,
        "Total Cost": 1305443.26,
        "Plan Rows": 1,
        "Plan Width": 8,
        "Actual Startup Time": 7087.855,
        "Actual Total Time": 7168.883,
        "Actual Rows": 2,
        "Actual Loops": 1,
        "Workers Planned": 1,
        "Workers Launched": 1,
        "Single Copy": false,
        "Plans": [
          {
            "Node Type": "Aggregate",
            "Strategy": "Plain",
            "Partial Mode": "Partial",
            "Parent Relationship": "Outer",
            "Parallel Aware": false,
            "Startup Cost": 1304443.15,
            "Total Cost": 1304443.16,
            "Plan Rows": 1,
            "Plan Width": 8,
            "Actual Startup Time": 7071.777,
            "Actual Total Time": 7071.785,
            "Actual Rows": 1,
            "Actual Loops": 2,
            "Plans": [
              {
                "Node Type": "Merge Join",
                "Parent Relationship": "Outer",
                "Parallel Aware": false,
                "Join Type": "Inner",
                "Startup Cost": 1267820.76,
                "Total Cost": 1301099.45,
                "Plan Rows": 1337478,
                "Plan Width": 0,
                "Actual Startup Time": 6152.635,
                "Actual Total Time": 7012.978,
                "Actual Rows": 1357960,
                "Actual Loops": 2,
                "Inner Unique": false,
                "Merge Cond": "(t.id = mi.movie_id)",
                "Plans": [
                  {
                    "Node Type": "Sort",
                    "Parent Relationship": "Outer",
                    "Parallel Aware": false,
                    "Startup Cost": 937033.6,
                    "Total Cost": 943646.98,
                    "Plan Rows": 2645351,
                    "Plan Width": 8,
                    "Actual Startup Time": 5702.946,
                    "Actual Total Time": 6023.926,
                    "Actual Rows": 4076376,
                    "Actual Loops": 2,
                    "Sort Key": [
                      "t.id"
                    ],
                    "Sort Method": "quicksort",
                    "Sort Space Used": 291729,
                    "Sort Space Type": "Memory",
                    "Workers": [
                      {
                        "Worker Number": 0,
                        "Sort Method": "quicksort",
                        "Sort Space Used": 287041,
                        "Sort Space Type": "Memory"
                      }
                    ],
                    "Plans": [
                      {
                        "Node Type": "Hash Join",
                        "Parent Relationship": "Outer",
                        "Parallel Aware": true,
                        "Join Type": "Inner",
                        "Startup Cost": 66256.52,
                        "Total Cost": 654840.42,
                        "Plan Rows": 2645351,
                        "Plan Width": 8,
                        "Actual Startup Time": 919.623,
                        "Actual Total Time": 4708.482,
                        "Actual Rows": 4076376,
                        "Actual Loops": 2,
                        "Inner Unique": true,
                        "Hash Cond": "(ci.movie_id = t.id)",
                        "Plans": [
                          {
                            "Node Type": "Seq Scan",
                            "Parent Relationship": "Outer",
                            "Parallel Aware": true,
                            "Relation Name": "cast_info",
                            "Alias": "ci",
                            "Startup Cost": 0.0,
                            "Total Cost": 572345.93,
                            "Plan Rows": 6185885,
                            "Plan Width": 4,
                            "Actual Startup Time": 573.382,
                            "Actual Total Time": 1741.864,
                            "Actual Rows": 8007270,
                            "Actual Loops": 2,
                            "Filter": "((person_id > 2032922) AND (role_id > 1))",
                            "Rows Removed by Filter": 10114902
                          },
                          {
                            "Node Type": "Hash",
                            "Parent Relationship": "Inner",
                            "Parallel Aware": true,
                            "Startup Cost": 58306.47,
                            "Total Cost": 58306.47,
                            "Plan Rows": 636004,
                            "Plan Width": 4,
                            "Actual Startup Time": 330.988,
                            "Actual Total Time": 330.99,
                            "Actual Rows": 588452,
                            "Actual Loops": 2,
                            "Hash Buckets": 2097152,
                            "Original Hash Buckets": 2097152,
                            "Hash Batches": 1,
                            "Original Hash Batches": 1,
                            "Peak Memory Usage": 62464,
                            "Plans": [
                              {
                                "Node Type": "Seq Scan",
                                "Parent Relationship": "Outer",
                                "Parallel Aware": true,
                                "Relation Name": "title",
                                "Alias": "t",
                                "Startup Cost": 0.0,
                                "Total Cost": 58306.47,
                                "Plan Rows": 636004,
                                "Plan Width": 4,
                                "Actual Startup Time": 0.031,
                                "Actual Total Time": 164.678,
                                "Actual Rows": 588452,
                                "Actual Loops": 2,
                                "Filter": "((production_year > 1989) AND (kind_id = 7))",
                                "Rows Removed by Filter": 675704
                              }
                            ]
                          }
                        ]
                      }
                    ]
                  },
                  {
                    "Node Type": "Sort",
                    "Parent Relationship": "Inner",
                    "Parallel Aware": false,
                    "Startup Cost": 330786.9,
                    "Total Cost": 333982.63,
                    "Plan Rows": 1278294,
                    "Plan Width": 4,
                    "Actual Startup Time": 449.616,
                    "Actual Total Time": 538.812,
                    "Actual Rows": 2460624,
                    "Actual Loops": 2,
                    "Sort Key": [
                      "mi.movie_id"
                    ],
                    "Sort Method": "quicksort",
                    "Sort Space Used": 110043,
                    "Sort Space Type": "Memory",
                    "Workers": [
                      {
                        "Worker Number": 0,
                        "Sort Method": "quicksort",
                        "Sort Space Used": 110043,
                        "Sort Space Type": "Memory"
                      }
                    ],
                    "Plans": [
                      {
                        "Node Type": "Bitmap Heap Scan",
                        "Parent Relationship": "Outer",
                        "Parallel Aware": false,
                        "Relation Name": "movie_info",
                        "Alias": "mi",
                        "Startup Cost": 23159.21,
                        "Total Cost": 201130.89,
                        "Plan Rows": 1278294,
                        "Plan Width": 4,
                        "Actual Startup Time": 54.628,
                        "Actual Total Time": 184.054,
                        "Actual Rows": 1298989,
                        "Actual Loops": 2,
                        "Recheck Cond": "(info_type_id = 4)",
                        "Rows Removed by Index Recheck": 0,
                        "Exact Heap Blocks": 8382,
                        "Lossy Heap Blocks": 0,
                        "Plans": [
                          {
                            "Node Type": "Bitmap Index Scan",
                            "Parent Relationship": "Outer",
                            "Parallel Aware": false,
                            "Index Name": "info_type_id_movie_info",
                            "Startup Cost": 0.0,
                            "Total Cost": 22839.64,
                            "Plan Rows": 1278294,
                            "Plan Width": 0,
                            "Actual Startup Time": 53.629,
                            "Actual Total Time": 53.63,
                            "Actual Rows": 1298989,
                            "Actual Loops": 2,
                            "Index Cond": "(info_type_id = 4)"
                          }
                        ]
                      }
                    ]
                  }
                ]
              }
            ]
          }
        ]
      }
    ]
  },
  "Planning Time": 1.198,
  "Triggers": [],
  "Execution Time": 7206.122
}