{
  "Plan": {
    "Node Type": "Aggregate",
    "Strategy": "Plain",
    "Partial Mode": "Finalize",
    "Parallel Aware": false,
    "Startup Cost": 100270.05,
    "Total Cost": 100270.06,
    "Plan Rows": 1,
    "Plan Width": 8,
    "Actual Startup Time": 494.436,
    "Actual Total Time": 506.548,
    "Actual Rows": 1,
    "Actual Loops": 1,
    "Plans": [
      {
        "Node Type": "Gather",
        "Parent Relationship": "Outer",
        "Parallel Aware": false,
        "Startup Cost": 100269.94,
        "Total Cost": 100270.05,
        "Plan Rows": 1,
        "Plan Width": 8,
        "Actual Startup Time": 493.295,
        "Actual Total Time": 506.542,
        "Actual Rows": 2,
        "Actual Loops": 1,
        "Workers Planned": 1,
        "Workers Launched": 1,
        "Single Copy": false,
        "Plans": [
          {
            "Node Type": "Aggregate",
            "Strategy": "Plain",
            "Partial Mode": "Partial",
            "Parent Relationship": "Outer",
            "Parallel Aware": false,
            "Startup Cost": 99269.94,
            "Total Cost": 99269.95,
            "Plan Rows": 1,
            "Plan Width": 8,
            "Actual Startup Time": 487.578,
            "Actual Total Time": 487.581,
            "Actual Rows": 1,
            "Actual Loops": 2,
            "Plans": [
              {
                "Node Type": "Hash Join",
                "Parent Relationship": "Outer",
                "Parallel Aware": true,
                "Join Type": "Inner",
                "Startup Cost": 58834.3,
                "Total Cost": 98830.29,
                "Plan Rows": 175859,
                "Plan Width": 0,
                "Actual Startup Time": 248.837,
                "Actual Total Time": 478.445,
                "Actual Rows": 230237,
                "Actual Loops": 2,
                "Inner Unique": true,
                "Hash Cond": "(mc.movie_id = t.id)",
                "Plans": [
                  {
                    "Node Type": "Seq Scan",
                    "Parent Relationship": "Outer",
                    "Parallel Aware": true,
                    "Relation Name": "movie_companies",
                    "Alias": "mc",
                    "Startup Cost": 0.0,
                    "Total Cost": 37974.77,
                    "Plan Rows": 769988,
                    "Plan Width": 4,
                    "Actual Startup Time": 14.092,
                    "Actual Total Time": 109.39,
                    "Actual Rows": 657736,
                    "Actual Loops": 2,
                    "Filter": "(company_id > 11261)",
                    "Rows Removed by Filter": 646828
                  },
                  {
                    "Node Type": "Hash",
                    "Parent Relationship": "Inner",
                    "Parallel Aware": true,
                    "Startup Cost": 54588.39,
                    "Total Cost": 54588.39,
                    "Plan Rows": 339673,
                    "Plan Width": 4,
                    "Actual Startup Time": 225.533,
                    "Actual Total Time": 225.533,
                    "Actual Rows": 292510,
                    "Actual Loops": 2,
                    "Hash Buckets": 1048576,
                    "Original Hash Buckets": 1048576,
                    "Hash Batches": 1,
                    "Original Hash Batches": 1,
                    "Peak Memory Usage": 31104,
                    "Plans": [
                      {
                        "Node Type": "Seq Scan",
                        "Parent Relationship": "Outer",
                        "Parallel Aware": true,
                        "Relation Name": "title",
                        "Alias": "t",
                        "Startup Cost": 0.0,
                        "Total Cost": 54588.39,
                        "Plan Rows": 339673,
                        "Plan Width": 4,
                        "Actual Startup Time": 0.03,
                        "Actual Total Time": 143.763,
                        "Actual Rows": 292510,
                        "Actual Loops": 2,
                        "Filter": "(production_year < 1985)",
                        "Rows Removed by Filter": 971646
                      }
                    ]
                  }
                ]
              }
            ]
          }
        ]
      }
    ]
  },
  "Planning Time": 0.595,
  "Triggers": [],
  "Execution Time": 506.612
}