[
  {
    "Plan": {
      "Node Type": "Aggregate",
      "Strategy": "Plain",
      "Partial Mode": "Finalize",
      "Parallel Aware": false,
      "Startup Cost": 52482.5,
      "Total Cost": 52482.51,
      "Plan Rows": 1,
      "Plan Width": 8,
      "Actual Startup Time": 64.806,
      "Actual Total Time": 71.267,
      "Actual Rows": 1,
      "Actual Loops": 1,
      "Plans": [
        {
          "Node Type": "Gather",
          "Parent Relationship": "Outer",
          "Parallel Aware": false,
          "Startup Cost": 52482.08,
          "Total Cost": 52482.49,
          "Plan Rows": 4,
          "Plan Width": 8,
          "Actual Startup Time": 64.571,
          "Actual Total Time": 71.261,
          "Actual Rows": 5,
          "Actual Loops": 1,
          "Workers Planned": 4,
          "Workers Launched": 4,
          "Single Copy": false,
          "Plans": [
            {
              "Node Type": "Aggregate",
              "Strategy": "Plain",
              "Partial Mode": "Partial",
              "Parent Relationship": "Outer",
              "Parallel Aware": false,
              "Startup Cost": 51482.08,
              "Total Cost": 51482.09,
              "Plan Rows": 1,
              "Plan Width": 8,
              "Actual Startup Time": 55.729,
              "Actual Total Time": 55.731,
              "Actual Rows": 1,
              "Actual Loops": 5,
              "Plans": [
                {
                  "Node Type": "Nested Loop",
                  "Parent Relationship": "Outer",
                  "Parallel Aware": false,
                  "Join Type": "Inner",
                  "Startup Cost": 1826.32,
                  "Total Cost": 51480.17,
                  "Plan Rows": 764,
                  "Plan Width": 0,
                  "Actual Startup Time": 17.164,
                  "Actual Total Time": 55.66,
                  "Actual Rows": 602,
                  "Actual Loops": 5,
                  "Inner Unique": false,
                  "Join Filter": "(t.id = mk.movie_id)",
                  "Rows Removed by Join Filter": 0,
                  "Plans": [
                    {
                      "Node Type": "Nested Loop",
                      "Parent Relationship": "Outer",
                      "Parallel Aware": false,
                      "Join Type": "Inner",
                      "Startup Cost": 1825.88,
                      "Total Cost": 50551.15,
                      "Plan Rows": 427,
                      "Plan Width": 8,
                      "Actual Startup Time": 15.427,
                      "Actual Total Time": 51.086,
                      "Actual Rows": 237,
                      "Actual Loops": 5,
                      "Inner Unique": false,
                      "Plans": [
                        {
                          "Node Type": "Bitmap Heap Scan",
                          "Parent Relationship": "Outer",
                          "Parallel Aware": true,
                          "Relation Name": "title",
                          "Alias": "t",
                          "Startup Cost": 1825.46,
                          "Total Cost": 38206.81,
                          "Plan Rows": 2323,
                          "Plan Width": 4,
                          "Actual Startup Time": 13.981,
                          "Actual Total Time": 40.999,
                          "Actual Rows": 939,
                          "Actual Loops": 5,
                          "Recheck Cond": "(kind_id = 3)",
                          "Rows Removed by Index Recheck": 0,
                          "Filter": "(production_year > 2011)",
                          "Rows Removed by Filter": 19168,
                          "Exact Heap Blocks": 7599,
                          "Lossy Heap Blocks": 0,
                          "Plans": [
                            {
                              "Node Type": "Bitmap Index Scan",
                              "Parent Relationship": "Outer",
                              "Parallel Aware": false,
                              "Index Name": "kind_id_title",
                              "Startup Cost": 0.0,
                              "Total Cost": 1823.13,
                              "Plan Rows": 102227,
                              "Plan Width": 0,
                              "Actual Startup Time": 16.951,
                              "Actual Total Time": 16.951,
                              "Actual Rows": 100537,
                              "Actual Loops": 1,
                              "Index Cond": "(kind_id = 3)"
                            }
                          ]
                        },
                        {
                          "Node Type": "Index Scan",
                          "Parent Relationship": "Inner",
                          "Parallel Aware": false,
                          "Scan Direction": "Forward",
                          "Index Name": "movie_id_movie_info_idx",
                          "Relation Name": "movie_info_idx",
                          "Alias": "mi_idx",
                          "Startup Cost": 0.43,
                          "Total Cost": 5.3,
                          "Plan Rows": 1,
                          "Plan Width": 4,
                          "Actual Startup Time": 0.01,
                          "Actual Total Time": 0.01,
                          "Actual Rows": 0,
                          "Actual Loops": 4696,
                          "Index Cond": "(movie_id = t.id)",
                          "Rows Removed by Index Recheck": 0,
                          "Filter": "(info_type_id = 100)",
                          "Rows Removed by Filter": 1
                        }
                      ]
                    },
                    {
                      "Node Type": "Index Only Scan",
                      "Parent Relationship": "Inner",
                      "Parallel Aware": false,
                      "Scan Direction": "Forward",
                      "Index Name": "movie_id_movie_keyword",
                      "Relation Name": "movie_keyword",
                      "Alias": "mk",
                      "Startup Cost": 0.43,
                      "Total Cost": 1.61,
                      "Plan Rows": 45,
                      "Plan Width": 4,
                      "Actual Startup Time": 0.017,
                      "Actual Total Time": 0.018,
                      "Actual Rows": 3,
                      "Actual Loops": 1187,
                      "Index Cond": "(movie_id = mi_idx.movie_id)",
                      "Rows Removed by Index Recheck": 0,
                      "Heap Fetches": 3010
                    }
                  ]
                }
              ]
            }
          ]
        }
      ]
    },
    "Planning Time": 1.376,
    "Triggers": [],
    "Execution Time": 71.383
  }
]