[
  {
    "Plan": {
      "Node Type": "Aggregate",
      "Strategy": "Plain",
      "Partial Mode": "Finalize",
      "Parallel Aware": false,
      "Startup Cost": 338043.92,
      "Total Cost": 338043.93,
      "Plan Rows": 1,
      "Plan Width": 8,
      "Actual Startup Time": 806.843,
      "Actual Total Time": 860.822,
      "Actual Rows": 1,
      "Actual Loops": 1,
      "Plans": [
        {
          "Node Type": "Gather",
          "Parent Relationship": "Outer",
          "Parallel Aware": false,
          "Startup Cost": 338043.29,
          "Total Cost": 338043.9,
          "Plan Rows": 6,
          "Plan Width": 8,
          "Actual Startup Time": 806.548,
          "Actual Total Time": 860.809,
          "Actual Rows": 7,
          "Actual Loops": 1,
          "Workers Planned": 6,
          "Workers Launched": 6,
          "Single Copy": false,
          "Plans": [
            {
              "Node Type": "Aggregate",
              "Strategy": "Plain",
              "Partial Mode": "Partial",
              "Parent Relationship": "Outer",
              "Parallel Aware": false,
              "Startup Cost": 337043.29,
              "Total Cost": 337043.3,
              "Plan Rows": 1,
              "Plan Width": 8,
              "Actual Startup Time": 795.956,
              "Actual Total Time": 795.958,
              "Actual Rows": 1,
              "Actual Loops": 7,
              "Plans": [
                {
                  "Node Type": "Seq Scan",
                  "Parent Relationship": "Outer",
                  "Parallel Aware": true,
                  "Relation Name": "cast_info",
                  "Alias": "ci",
                  "Startup Cost": 0.0,
                  "Total Cost": 328211.39,
                  "Plan Rows": 3532760,
                  "Plan Width": 0,
                  "Actual Startup Time": 178.978,
                  "Actual Total Time": 643.857,
                  "Actual Rows": 3006957,
                  "Actual Loops": 7,
                  "Filter": "(person_id > 1497323)",
                  "Rows Removed by Filter": 2170807
                }
              ]
            }
          ]
        }
      ]
    },
    "Planning Time": 0.175,
    "Triggers": [],
    "Execution Time": 860.889
  }
]