[
  {
    "Plan": {
      "Node Type": "Aggregate",
      "Strategy": "Plain",
      "Partial Mode": "Finalize",
      "Parallel Aware": false,
      "Startup Cost": 337909.46,
      "Total Cost": 337909.47,
      "Plan Rows": 1,
      "Plan Width": 8,
      "Actual Startup Time": 795.996,
      "Actual Total Time": 854.418,
      "Actual Rows": 1,
      "Actual Loops": 1,
      "Plans": [
        {
          "Node Type": "Gather",
          "Parent Relationship": "Outer",
          "Parallel Aware": false,
          "Startup Cost": 337908.84,
          "Total Cost": 337909.45,
          "Plan Rows": 6,
          "Plan Width": 8,
          "Actual Startup Time": 795.867,
          "Actual Total Time": 854.407,
          "Actual Rows": 7,
          "Actual Loops": 1,
          "Workers Planned": 6,
          "Workers Launched": 6,
          "Single Copy": false,
          "Plans": [
            {
              "Node Type": "Aggregate",
              "Strategy": "Plain",
              "Partial Mode": "Partial",
              "Parent Relationship": "Outer",
              "Parallel Aware": false,
              "Startup Cost": 336908.84,
              "Total Cost": 336908.85,
              "Plan Rows": 1,
              "Plan Width": 8,
              "Actual Startup Time": 785.321,
              "Actual Total Time": 785.322,
              "Actual Rows": 1,
              "Actual Loops": 7,
              "Plans": [
                {
                  "Node Type": "Seq Scan",
                  "Parent Relationship": "Outer",
                  "Parallel Aware": true,
                  "Relation Name": "cast_info",
                  "Alias": "ci",
                  "Startup Cost": 0.0,
                  "Total Cost": 328162.03,
                  "Plan Rows": 3498724,
                  "Plan Width": 0,
                  "Actual Startup Time": 178.043,
                  "Actual Total Time": 643.629,
                  "Actual Rows": 3006957,
                  "Actual Loops": 7,
                  "Filter": "(person_id > 1497323)",
                  "Rows Removed by Filter": 2170807
                }
              ]
            }
          ]
        }
      ]
    },
    "Planning Time": 0.192,
    "Triggers": [],
    "Execution Time": 854.488
  }
]