[
  {
    "Bao": {
      "Bao prediction": 1068.109,
      "Bao recommended hint": "SET enable_nestloop TO off; "
    }
  },
  {
    "Plan": {
      "Node Type": "Aggregate",
      "Strategy": "Plain",
      "Partial Mode": "Finalize",
      "Parallel Aware": false,
      "Startup Cost": 461990.14,
      "Total Cost": 461990.15,
      "Plan Rows": 1,
      "Plan Width": 64,
      "Actual Startup Time": 2278.474,
      "Actual Total Time": 2384.423,
      "Actual Rows": 1,
      "Actual Loops": 1,
      "Plans": [
        {
          "Node Type": "Gather",
          "Parent Relationship": "Outer",
          "Parallel Aware": false,
          "Startup Cost": 461989.5,
          "Total Cost": 461990.11,
          "Plan Rows": 6,
          "Plan Width": 64,
          "Actual Startup Time": 2232.444,
          "Actual Total Time": 2384.396,
          "Actual Rows": 7,
          "Actual Loops": 1,
          "Workers Planned": 6,
          "Workers Launched": 6,
          "Single Copy": false,
          "Plans": [
            {
              "Node Type": "Aggregate",
              "Strategy": "Plain",
              "Partial Mode": "Partial",
              "Parent Relationship": "Outer",
              "Parallel Aware": false,
              "Startup Cost": 460989.5,
              "Total Cost": 460989.51,
              "Plan Rows": 1,
              "Plan Width": 64,
              "Actual Startup Time": 2211.332,
              "Actual Total Time": 2211.367,
              "Actual Rows": 1,
              "Actual Loops": 7,
              "Plans": [
                {
                  "Node Type": "Hash Join",
                  "Parent Relationship": "Outer",
                  "Parallel Aware": false,
                  "Join Type": "Inner",
                  "Startup Cost": 131423.41,
                  "Total Cost": 460886.38,
                  "Plan Rows": 20624,
                  "Plan Width": 33,
                  "Actual Startup Time": 2211.323,
                  "Actual Total Time": 2211.356,
                  "Actual Rows": 0,
                  "Actual Loops": 7,
                  "Inner Unique": true,
                  "Hash Cond": "(ci.role_id = rt.id)",
                  "Plans": [
                    {
                      "Node Type": "Hash Join",
                      "Parent Relationship": "Outer",
                      "Parallel Aware": false,
                      "Join Type": "Inner",
                      "Startup Cost": 131422.14,
                      "Total Cost": 460811.85,
                      "Plan Rows": 20624,
                      "Plan Width": 37,
                      "Actual Startup Time": 2210.744,
                      "Actual Total Time": 2210.774,
                      "Actual Rows": 0,
                      "Actual Loops": 7,
                      "Inner Unique": true,
                      "Hash Cond": "(mc.company_type_id = ct.id)",
                      "Plans": [
                        {
                          "Node Type": "Hash Join",
                          "Parent Relationship": "Outer",
                          "Parallel Aware": true,
                          "Join Type": "Inner",
                          "Startup Cost": 131421.05,
                          "Total Cost": 460699.26,
                          "Plan Rows": 20624,
                          "Plan Width": 41,
                          "Actual Startup Time": 2210.609,
                          "Actual Total Time": 2210.636,
                          "Actual Rows": 0,
                          "Actual Loops": 7,
                          "Inner Unique": true,
                          "Hash Cond": "(ci.person_role_id = chn.id)",
                          "Plans": [
                            {
                              "Node Type": "Hash Join",
                              "Parent Relationship": "Outer",
                              "Parallel Aware": true,
                              "Join Type": "Inner",
                              "Startup Cost": 77307.85,
                              "Total Cost": 406531.93,
                              "Plan Rows": 20624,
                              "Plan Width": 29,
                              "Actual Startup Time": 1009.075,
                              "Actual Total Time": 1626.709,
                              "Actual Rows": 22485,
                              "Actual Loops": 7,
                              "Inner Unique": false,
                              "Hash Cond": "(ci.movie_id = t.id)",
                              "Plans": [
                                {
                                  "Node Type": "Seq Scan",
                                  "Parent Relationship": "Outer",
                                  "Parallel Aware": true,
                                  "Relation Name": "cast_info",
                                  "Alias": "ci",
                                  "Startup Cost": 0.0,
                                  "Total Cost": 328289.28,
                                  "Plan Rows": 241927,
                                  "Plan Width": 12,
                                  "Actual Startup Time": 221.425,
                                  "Actual Total Time": 1086.695,
                                  "Actual Rows": 205063,
                                  "Actual Loops": 7,
                                  "Filter": "(note ~~ '%(producer)%'::text)",
                                  "Rows Removed by Filter": 4972701
                                },
                                {
                                  "Node Type": "Hash",
                                  "Parent Relationship": "Inner",
                                  "Parallel Aware": true,
                                  "Startup Cost": 76947.67,
                                  "Total Cost": 76947.67,
                                  "Plan Rows": 28814,
                                  "Plan Width": 29,
                                  "Actual Startup Time": 466.028,
                                  "Actual Total Time": 466.048,
                                  "Actual Rows": 39839,
                                  "Actual Loops": 7,
                                  "Hash Buckets": 524288,
                                  "Original Hash Buckets": 131072,
                                  "Hash Batches": 1,
                                  "Original Hash Batches": 1,
                                  "Peak Memory Usage": 25440,
                                  "Plans": [
                                    {
                                      "Node Type": "Hash Join",
                                      "Parent Relationship": "Outer",
                                      "Parallel Aware": true,
                                      "Join Type": "Inner",
                                      "Startup Cost": 47322.81,
                                      "Total Cost": 76947.67,
                                      "Plan Rows": 28814,
                                      "Plan Width": 29,
                                      "Actual Startup Time": 215.972,
                                      "Actual Total Time": 415.432,
                                      "Actual Rows": 39839,
                                      "Actual Loops": 7,
                                      "Inner Unique": true,
                                      "Hash Cond": "(mc.company_id = cn.id)",
                                      "Plans": [
                                        {
                                          "Node Type": "Hash Join",
                                          "Parent Relationship": "Outer",
                                          "Parallel Aware": true,
                                          "Join Type": "Inner",
                                          "Startup Cost": 41974.5,
                                          "Total Cost": 71390.39,
                                          "Plan Rows": 79610,
                                          "Plan Width": 33,
                                          "Actual Startup Time": 196.275,
                                          "Actual Total Time": 375.455,
                                          "Actual Rows": 68077,
                                          "Actual Loops": 7,
                                          "Inner Unique": true,
                                          "Hash Cond": "(mc.movie_id = t.id)",
                                          "Plans": [
                                            {
                                              "Node Type": "Seq Scan",
                                              "Parent Relationship": "Outer",
                                              "Parallel Aware": true,
                                              "Relation Name": "movie_companies",
                                              "Alias": "mc",
                                              "Startup Cost": 0.0,
                                              "Total Cost": 27206.55,
                                              "Plan Rows": 841655,
                                              "Plan Width": 12,
                                              "Actual Startup Time": 0.028,
                                              "Actual Total Time": 67.301,
                                              "Actual Rows": 372733,
                                              "Actual Loops": 7
                                            },
                                            {
                                              "Node Type": "Hash",
                                              "Parent Relationship": "Inner",
                                              "Parallel Aware": true,
                                              "Startup Cost": 41227.16,
                                              "Total Cost": 41227.16,
                                              "Plan Rows": 59787,
                                              "Plan Width": 21,
                                              "Actual Startup Time": 194.822,
                                              "Actual Total Time": 194.826,
                                              "Actual Rows": 34486,
                                              "Actual Loops": 7,
                                              "Hash Buckets": 262144,
                                              "Original Hash Buckets": 262144,
                                              "Hash Batches": 1,
                                              "Original Hash Batches": 1,
                                              "Peak Memory Usage": 16160,
                                              "Plans": [
                                                {
                                                  "Node Type": "Bitmap Heap Scan",
                                                  "Parent Relationship": "Outer",
                                                  "Parallel Aware": true,
                                                  "Relation Name": "title",
                                                  "Alias": "t",
                                                  "Startup Cost": 4481.83,
                                                  "Total Cost": 41227.16,
                                                  "Plan Rows": 59787,
                                                  "Plan Width": 21,
                                                  "Actual Startup Time": 35.621,
                                                  "Actual Total Time": 153.977,
                                                  "Actual Rows": 34486,
                                                  "Actual Loops": 7,
                                                  "Recheck Cond": "(production_year < 1960)",
                                                  "Rows Removed by Index Recheck": 0,
                                                  "Exact Heap Blocks": 4510,
                                                  "Lossy Heap Blocks": 0,
                                                  "Plans": [
                                                    {
                                                      "Node Type": "Bitmap Index Scan",
                                                      "Parent Relationship": "Outer",
                                                      "Parallel Aware": false,
                                                      "Index Name": "idx_title_production_year",
                                                      "Startup Cost": 0.0,
                                                      "Total Cost": 4422.04,
                                                      "Plan Rows": 239148,
                                                      "Plan Width": 0,
                                                      "Actual Startup Time": 27.189,
                                                      "Actual Total Time": 27.19,
                                                      "Actual Rows": 241400,
                                                      "Actual Loops": 1,
                                                      "Index Cond": "(production_year < 1960)"
                                                    }
                                                  ]
                                                }
                                              ]
                                            }
                                          ]
                                        },
                                        {
                                          "Node Type": "Hash",
                                          "Parent Relationship": "Inner",
                                          "Parallel Aware": true,
                                          "Startup Cost": 4722.92,
                                          "Total Cost": 4722.92,
                                          "Plan Rows": 50031,
                                          "Plan Width": 4,
                                          "Actual Startup Time": 19.159,
                                          "Actual Total Time": 19.161,
                                          "Actual Rows": 12120,
                                          "Actual Loops": 7,
                                          "Hash Buckets": 131072,
                                          "Original Hash Buckets": 131072,
                                          "Hash Batches": 1,
                                          "Original Hash Batches": 1,
                                          "Peak Memory Usage": 4480,
                                          "Plans": [
                                            {
                                              "Node Type": "Seq Scan",
                                              "Parent Relationship": "Outer",
                                              "Parallel Aware": true,
                                              "Relation Name": "company_name",
                                              "Alias": "cn",
                                              "Startup Cost": 0.0,
                                              "Total Cost": 4722.92,
                                              "Plan Rows": 50031,
                                              "Plan Width": 4,
                                              "Actual Startup Time": 0.081,
                                              "Actual Total Time": 11.856,
                                              "Actual Rows": 12120,
                                              "Actual Loops": 7,
                                              "Filter": "((country_code)::text = '[us]'::text)",
                                              "Rows Removed by Filter": 21451
                                            }
                                          ]
                                        }
                                      ]
                                    }
                                  ]
                                }
                              ]
                            },
                            {
                              "Node Type": "Hash",
                              "Parent Relationship": "Inner",
                              "Parallel Aware": true,
                              "Startup Cost": 44299.2,
                              "Total Cost": 44299.2,
                              "Plan Rows": 785120,
                              "Plan Width": 20,
                              "Actual Startup Time": 572.673,
                              "Actual Total Time": 572.674,
                              "Actual Rows": 448620,
                              "Actual Loops": 7,
                              "Hash Buckets": 4194304,
                              "Original Hash Buckets": 4194304,
                              "Hash Batches": 1,
                              "Original Hash Batches": 1,
                              "Peak Memory Usage": 205184,
                              "Plans": [
                                {
                                  "Node Type": "Seq Scan",
                                  "Parent Relationship": "Outer",
                                  "Parallel Aware": true,
                                  "Relation Name": "char_name",
                                  "Alias": "chn",
                                  "Startup Cost": 0.0,
                                  "Total Cost": 44299.2,
                                  "Plan Rows": 785120,
                                  "Plan Width": 20,
                                  "Actual Startup Time": 0.104,
                                  "Actual Total Time": 141.472,
                                  "Actual Rows": 448620,
                                  "Actual Loops": 7
                                }
                              ]
                            }
                          ]
                        },
                        {
                          "Node Type": "Hash",
                          "Parent Relationship": "Inner",
                          "Parallel Aware": false,
                          "Startup Cost": 1.04,
                          "Total Cost": 1.04,
                          "Plan Rows": 4,
                          "Plan Width": 4,
                          "Actual Startup Time": 0.084,
                          "Actual Total Time": 0.085,
                          "Actual Rows": 4,
                          "Actual Loops": 7,
                          "Hash Buckets": 1024,
                          "Original Hash Buckets": 1024,
                          "Hash Batches": 1,
                          "Original Hash Batches": 1,
                          "Peak Memory Usage": 9,
                          "Plans": [
                            {
                              "Node Type": "Seq Scan",
                              "Parent Relationship": "Outer",
                              "Parallel Aware": false,
                              "Relation Name": "company_type",
                              "Alias": "ct",
                              "Startup Cost": 0.0,
                              "Total Cost": 1.04,
                              "Plan Rows": 4,
                              "Plan Width": 4,
                              "Actual Startup Time": 0.054,
                              "Actual Total Time": 0.057,
                              "Actual Rows": 4,
                              "Actual Loops": 7
                            }
                          ]
                        }
                      ]
                    },
                    {
                      "Node Type": "Hash",
                      "Parent Relationship": "Inner",
                      "Parallel Aware": false,
                      "Startup Cost": 1.12,
                      "Total Cost": 1.12,
                      "Plan Rows": 12,
                      "Plan Width": 4,
                      "Actual Startup Time": 0.118,
                      "Actual Total Time": 0.119,
                      "Actual Rows": 12,
                      "Actual Loops": 7,
                      "Hash Buckets": 1024,
                      "Original Hash Buckets": 1024,
                      "Hash Batches": 1,
                      "Original Hash Batches": 1,
                      "Peak Memory Usage": 9,
                      "Plans": [
                        {
                          "Node Type": "Seq Scan",
                          "Parent Relationship": "Outer",
                          "Parallel Aware": false,
                          "Relation Name": "role_type",
                          "Alias": "rt",
                          "Startup Cost": 0.0,
                          "Total Cost": 1.12,
                          "Plan Rows": 12,
                          "Plan Width": 4,
                          "Actual Startup Time": 0.078,
                          "Actual Total Time": 0.084,
                          "Actual Rows": 12,
                          "Actual Loops": 7
                        }
                      ]
                    }
                  ]
                }
              ]
            }
          ]
        }
      ]
    },
    "Planning Time": 573.597,
    "Triggers": [],
    "Execution Time": 2385.205
  }
]