{
  "Plan": {
    "Node Type": "Aggregate",
    "Strategy": "Plain",
    "Partial Mode": "Finalize",
    "Parallel Aware": false,
    "Startup Cost": 405337.34,
    "Total Cost": 405337.35,
    "Plan Rows": 1,
    "Plan Width": 8,
    "Actual Startup Time": 3271.444,
    "Actual Total Time": 3289.508,
    "Actual Rows": 1,
    "Actual Loops": 1,
    "Plans": [
      {
        "Node Type": "Gather",
        "Parent Relationship": "Outer",
        "Parallel Aware": false,
        "Startup Cost": 405337.23,
        "Total Cost": 405337.34,
        "Plan Rows": 1,
        "Plan Width": 8,
        "Actual Startup Time": 3264.464,
        "Actual Total Time": 3289.501,
        "Actual Rows": 2,
        "Actual Loops": 1,
        "Workers Planned": 1,
        "Workers Launched": 1,
        "Single Copy": false,
        "Plans": [
          {
            "Node Type": "Aggregate",
            "Strategy": "Plain",
            "Partial Mode": "Partial",
            "Parent Relationship": "Outer",
            "Parallel Aware": false,
            "Startup Cost": 404337.23,
            "Total Cost": 404337.24,
            "Plan Rows": 1,
            "Plan Width": 8,
            "Actual Startup Time": 3258.217,
            "Actual Total Time": 3258.223,
            "Actual Rows": 1,
            "Actual Loops": 2,
            "Plans": [
              {
                "Node Type": "Merge Join",
                "Parent Relationship": "Outer",
                "Parallel Aware": false,
                "Join Type": "Inner",
                "Startup Cost": 259551.72,
                "Total Cost": 402934.19,
                "Plan Rows": 561218,
                "Plan Width": 0,
                "Actual Startup Time": 1674.016,
                "Actual Total Time": 2966.454,
                "Actual Rows": 7154138,
                "Actual Loops": 2,
                "Inner Unique": false,
                "Merge Cond": "(mc.movie_id = t.id)",
                "Plans": [
                  {
                    "Node Type": "Index Only Scan",
                    "Parent Relationship": "Outer",
                    "Parallel Aware": true,
                    "Scan Direction": "Forward",
                    "Index Name": "movie_id_movie_companies",
                    "Relation Name": "movie_companies",
                    "Alias": "mc",
                    "Startup Cost": 0.43,
                    "Total Cost": 129315.97,
                    "Plan Rows": 1534782,
                    "Plan Width": 4,
                    "Actual Startup Time": 0.115,
                    "Actual Total Time": 316.089,
                    "Actual Rows": 1304564,
                    "Actual Loops": 2,
                    "Heap Fetches": 2609129
                  },
                  {
                    "Node Type": "Sort",
                    "Parent Relationship": "Inner",
                    "Parallel Aware": false,
                    "Startup Cost": 259551.2,
                    "Total Cost": 261862.48,
                    "Plan Rows": 924512,
                    "Plan Width": 8,
                    "Actual Startup Time": 1673.855,
                    "Actual Total Time": 1944.095,
                    "Actual Rows": 7944094,
                    "Actual Loops": 2,
                    "Sort Key": [
                      "mk.movie_id"
                    ],
                    "Sort Method": "quicksort",
                    "Sort Space Used": 117835,
                    "Sort Space Type": "Memory",
                    "Workers": [
                      {
                        "Worker Number": 0,
                        "Sort Method": "quicksort",
                        "Sort Space Used": 117835,
                        "Sort Space Type": "Memory"
                      }
                    ],
                    "Plans": [
                      {
                        "Node Type": "Hash Join",
                        "Parent Relationship": "Outer",
                        "Parallel Aware": false,
                        "Join Type": "Inner",
                        "Startup Cost": 75216.5,
                        "Total Cost": 167939.76,
                        "Plan Rows": 924512,
                        "Plan Width": 8,
                        "Actual Startup Time": 366.322,
                        "Actual Total Time": 1370.977,
                        "Actual Rows": 1465221,
                        "Actual Loops": 2,
                        "Inner Unique": true,
                        "Hash Cond": "(mk.movie_id = t.id)",
                        "Plans": [
                          {
                            "Node Type": "Seq Scan",
                            "Parent Relationship": "Outer",
                            "Parallel Aware": false,
                            "Relation Name": "movie_keyword",
                            "Alias": "mk",
                            "Startup Cost": 0.0,
                            "Total Cost": 81003.12,
                            "Plan Rows": 4464805,
                            "Plan Width": 4,
                            "Actual Startup Time": 0.04,
                            "Actual Total Time": 489.057,
                            "Actual Rows": 4466445,
                            "Actual Loops": 2,
                            "Filter": "(keyword_id < 96191)",
                            "Rows Removed by Filter": 57485
                          },
                          {
                            "Node Type": "Hash",
                            "Parent Relationship": "Inner",
                            "Parallel Aware": false,
                            "Startup Cost": 68672.44,
                            "Total Cost": 68672.44,
                            "Plan Rows": 523525,
                            "Plan Width": 4,
                            "Actual Startup Time": 363.161,
                            "Actual Total Time": 363.163,
                            "Actual Rows": 440918,
                            "Actual Loops": 2,
                            "Hash Buckets": 524288,
                            "Original Hash Buckets": 524288,
                            "Hash Batches": 1,
                            "Original Hash Batches": 1,
                            "Peak Memory Usage": 19598,
                            "Plans": [
                              {
                                "Node Type": "Bitmap Heap Scan",
                                "Parent Relationship": "Outer",
                                "Parallel Aware": false,
                                "Relation Name": "title",
                                "Alias": "t",
                                "Startup Cost": 17803.02,
                                "Total Cost": 68672.44,
                                "Plan Rows": 523525,
                                "Plan Width": 4,
                                "Actual Startup Time": 63.809,
                                "Actual Total Time": 268.574,
                                "Actual Rows": 440918,
                                "Actual Loops": 2,
                                "Recheck Cond": "(kind_id < 7)",
                                "Rows Removed by Index Recheck": 0,
                                "Filter": "(production_year > 2001)",
                                "Rows Removed by Filter": 544130,
                                "Exact Heap Blocks": 35472,
                                "Lossy Heap Blocks": 0,
                                "Plans": [
                                  {
                                    "Node Type": "Bitmap Index Scan",
                                    "Parent Relationship": "Outer",
                                    "Parallel Aware": false,
                                    "Index Name": "kind_id_title",
                                    "Startup Cost": 0.0,
                                    "Total Cost": 17672.14,
                                    "Plan Rows": 991428,
                                    "Plan Width": 0,
                                    "Actual Startup Time": 57.379,
                                    "Actual Total Time": 57.379,
                                    "Actual Rows": 985048,
                                    "Actual Loops": 2,
                                    "Index Cond": "(kind_id < 7)"
                                  }
                                ]
                              }
                            ]
                          }
                        ]
                      }
                    ]
                  }
                ]
              }
            ]
          }
        ]
      }
    ]
  },
  "Planning Time": 1.227,
  "Triggers": [],
  "Execution Time": 3303.009
}