{
  "Plan": {
    "Node Type": "Aggregate",
    "Strategy": "Plain",
    "Partial Mode": "Finalize",
    "Parallel Aware": false,
    "Startup Cost": 95961.99,
    "Total Cost": 95962.0,
    "Plan Rows": 1,
    "Plan Width": 8,
    "Actual Startup Time": 357.968,
    "Actual Total Time": 365.862,
    "Actual Rows": 1,
    "Actual Loops": 1,
    "Plans": [
      {
        "Node Type": "Gather",
        "Parent Relationship": "Outer",
        "Parallel Aware": false,
        "Startup Cost": 95961.88,
        "Total Cost": 95961.99,
        "Plan Rows": 1,
        "Plan Width": 8,
        "Actual Startup Time": 357.195,
        "Actual Total Time": 365.855,
        "Actual Rows": 2,
        "Actual Loops": 1,
        "Workers Planned": 1,
        "Workers Launched": 1,
        "Single Copy": false,
        "Plans": [
          {
            "Node Type": "Aggregate",
            "Strategy": "Plain",
            "Partial Mode": "Partial",
            "Parent Relationship": "Outer",
            "Parallel Aware": false,
            "Startup Cost": 94961.88,
            "Total Cost": 94961.89,
            "Plan Rows": 1,
            "Plan Width": 8,
            "Actual Startup Time": 350.889,
            "Actual Total Time": 350.893,
            "Actual Rows": 1,
            "Actual Loops": 2,
            "Plans": [
              {
                "Node Type": "Hash Join",
                "Parent Relationship": "Outer",
                "Parallel Aware": true,
                "Join Type": "Inner",
                "Startup Cost": 54824.83,
                "Total Cost": 94845.16,
                "Plan Rows": 46689,
                "Plan Width": 0,
                "Actual Startup Time": 242.3,
                "Actual Total Time": 345.338,
                "Actual Rows": 137332,
                "Actual Loops": 2,
                "Inner Unique": true,
                "Hash Cond": "(mc.movie_id = t.id)",
                "Plans": [
                  {
                    "Node Type": "Seq Scan",
                    "Parent Relationship": "Outer",
                    "Parallel Aware": true,
                    "Relation Name": "movie_companies",
                    "Alias": "mc",
                    "Startup Cost": 0.0,
                    "Total Cost": 37974.77,
                    "Plan Rows": 779260,
                    "Plan Width": 4,
                    "Actual Startup Time": 44.822,
                    "Actual Total Time": 107.056,
                    "Actual Rows": 667442,
                    "Actual Loops": 2,
                    "Filter": "(company_type_id > 1)",
                    "Rows Removed by Filter": 637123
                  },
                  {
                    "Node Type": "Hash",
                    "Parent Relationship": "Inner",
                    "Parallel Aware": true,
                    "Startup Cost": 53710.98,
                    "Total Cost": 53710.98,
                    "Plan Rows": 89108,
                    "Plan Width": 4,
                    "Actual Startup Time": 136.669,
                    "Actual Total Time": 136.67,
                    "Actual Rows": 145824,
                    "Actual Loops": 2,
                    "Hash Buckets": 524288,
                    "Original Hash Buckets": 262144,
                    "Hash Batches": 1,
                    "Original Hash Batches": 1,
                    "Peak Memory Usage": 17600,
                    "Plans": [
                      {
                        "Node Type": "Bitmap Heap Scan",
                        "Parent Relationship": "Outer",
                        "Parallel Aware": true,
                        "Relation Name": "title",
                        "Alias": "t",
                        "Startup Cost": 11860.72,
                        "Total Cost": 53710.98,
                        "Plan Rows": 89108,
                        "Plan Width": 4,
                        "Actual Startup Time": 37.304,
                        "Actual Total Time": 101.019,
                        "Actual Rows": 145824,
                        "Actual Loops": 2,
                        "Recheck Cond": "(kind_id = 1)",
                        "Rows Removed by Index Recheck": 0,
                        "Filter": "(production_year < 1985)",
                        "Rows Removed by Filter": 185588,
                        "Exact Heap Blocks": 8297,
                        "Lossy Heap Blocks": 0,
                        "Plans": [
                          {
                            "Node Type": "Bitmap Index Scan",
                            "Parent Relationship": "Outer",
                            "Parallel Aware": false,
                            "Index Name": "kind_id_title",
                            "Startup Cost": 0.0,
                            "Total Cost": 11822.85,
                            "Plan Rows": 663256,
                            "Plan Width": 0,
                            "Actual Startup Time": 37.695,
                            "Actual Total Time": 37.696,
                            "Actual Rows": 662825,
                            "Actual Loops": 1,
                            "Index Cond": "(kind_id = 1)"
                          }
                        ]
                      }
                    ]
                  }
                ]
              }
            ]
          }
        ]
      }
    ]
  },
  "Planning Time": 0.663,
  "Triggers": [],
  "Execution Time": 365.948
}