[
    {
        "Bao": {
            "Bao prediction": 716.632,
            "Bao recommended hint": "(no hint)"
        }
    },
    {
        "Plan": {
            "Node Type": "Aggregate",
            "Strategy": "Plain",
            "Partial Mode": "Finalize",
            "Parallel Aware": false,
            "Startup Cost": 394986.64,
            "Total Cost": 394986.65,
            "Plan Rows": 1,
            "Plan Width": 8,
            "Actual Startup Time": 1284.146,
            "Actual Total Time": 1318.945,
            "Actual Rows": 1,
            "Actual Loops": 1,
            "Output": [
                "count(*)"
            ],
            "Plans": [
                {
                    "Node Type": "Gather",
                    "Parent Relationship": "Outer",
                    "Parallel Aware": false,
                    "Startup Cost": 394986.01,
                    "Total Cost": 394986.62,
                    "Plan Rows": 6,
                    "Plan Width": 8,
                    "Actual Startup Time": 1281.9,
                    "Actual Total Time": 1318.934,
                    "Actual Rows": 7,
                    "Actual Loops": 1,
                    "Output": [
                        "(PARTIAL count(*))"
                    ],
                    "Workers Planned": 6,
                    "Workers Launched": 6,
                    "Single Copy": false,
                    "Plans": [
                        {
                            "Node Type": "Aggregate",
                            "Strategy": "Plain",
                            "Partial Mode": "Partial",
                            "Parent Relationship": "Outer",
                            "Parallel Aware": false,
                            "Startup Cost": 393986.01,
                            "Total Cost": 393986.02,
                            "Plan Rows": 1,
                            "Plan Width": 8,
                            "Actual Startup Time": 1272.221,
                            "Actual Total Time": 1272.224,
                            "Actual Rows": 1,
                            "Actual Loops": 7,
                            "Output": [
                                "PARTIAL count(*)"
                            ],
                            "Workers": [
                                {
                                    "Worker Number": 0,
                                    "Actual Startup Time": 1270.227,
                                    "Actual Total Time": 1270.23,
                                    "Actual Rows": 1,
                                    "Actual Loops": 1
                                },
                                {
                                    "Worker Number": 1,
                                    "Actual Startup Time": 1270.54,
                                    "Actual Total Time": 1270.543,
                                    "Actual Rows": 1,
                                    "Actual Loops": 1
                                },
                                {
                                    "Worker Number": 2,
                                    "Actual Startup Time": 1270.66,
                                    "Actual Total Time": 1270.662,
                                    "Actual Rows": 1,
                                    "Actual Loops": 1
                                },
                                {
                                    "Worker Number": 3,
                                    "Actual Startup Time": 1270.688,
                                    "Actual Total Time": 1270.691,
                                    "Actual Rows": 1,
                                    "Actual Loops": 1
                                },
                                {
                                    "Worker Number": 4,
                                    "Actual Startup Time": 1270.86,
                                    "Actual Total Time": 1270.862,
                                    "Actual Rows": 1,
                                    "Actual Loops": 1
                                },
                                {
                                    "Worker Number": 5,
                                    "Actual Startup Time": 1271.554,
                                    "Actual Total Time": 1271.558,
                                    "Actual Rows": 1,
                                    "Actual Loops": 1
                                }
                            ],
                            "Plans": [
                                {
                                    "Node Type": "Hash Join",
                                    "Parent Relationship": "Outer",
                                    "Parallel Aware": true,
                                    "Join Type": "Inner",
                                    "Startup Cost": 46131.33,
                                    "Total Cost": 393655.46,
                                    "Plan Rows": 132222,
                                    "Plan Width": 0,
                                    "Actual Startup Time": 532.128,
                                    "Actual Total Time": 1258.469,
                                    "Actual Rows": 182700,
                                    "Actual Loops": 7,
                                    "Inner Unique": true,
                                    "Hash Cond": "(ci.movie_id = t.id)",
                                    "Workers": [
                                        {
                                            "Worker Number": 0,
                                            "Actual Startup Time": 530.117,
                                            "Actual Total Time": 1256.225,
                                            "Actual Rows": 179115,
                                            "Actual Loops": 1
                                        },
                                        {
                                            "Worker Number": 1,
                                            "Actual Startup Time": 530.2,
                                            "Actual Total Time": 1256.736,
                                            "Actual Rows": 177978,
                                            "Actual Loops": 1
                                        },
                                        {
                                            "Worker Number": 2,
                                            "Actual Startup Time": 530.92,
                                            "Actual Total Time": 1257.014,
                                            "Actual Rows": 175330,
                                            "Actual Loops": 1
                                        },
                                        {
                                            "Worker Number": 3,
                                            "Actual Startup Time": 530.524,
                                            "Actual Total Time": 1257.044,
                                            "Actual Rows": 175463,
                                            "Actual Loops": 1
                                        },
                                        {
                                            "Worker Number": 4,
                                            "Actual Startup Time": 530.822,
                                            "Actual Total Time": 1257.128,
                                            "Actual Rows": 175645,
                                            "Actual Loops": 1
                                        },
                                        {
                                            "Worker Number": 5,
                                            "Actual Startup Time": 531.46,
                                            "Actual Total Time": 1257.864,
                                            "Actual Rows": 176771,
                                            "Actual Loops": 1
                                        }
                                    ],
                                    "Plans": [
                                        {
                                            "Node Type": "Seq Scan",
                                            "Parent Relationship": "Outer",
                                            "Parallel Aware": true,
                                            "Relation Name": "cast_info",
                                            "Schema": "public",
                                            "Alias": "ci",
                                            "Startup Cost": 0.0,
                                            "Total Cost": 343318.94,
                                            "Plan Rows": 1601971,
                                            "Plan Width": 4,
                                            "Actual Startup Time": 428.947,
                                            "Actual Total Time": 839.964,
                                            "Actual Rows": 1728263,
                                            "Actual Loops": 7,
                                            "Output": [
                                                "ci.id",
                                                "ci.person_id",
                                                "ci.movie_id",
                                                "ci.person_role_id",
                                                "ci.note",
                                                "ci.nr_order",
                                                "ci.role_id"
                                            ],
                                            "Filter": "((ci.person_id > 1424989) AND (ci.role_id > 2))",
                                            "Rows Removed by Filter": 3449500,
                                            "Workers": [
                                                {
                                                    "Worker Number": 0,
                                                    "Actual Startup Time": 428.96,
                                                    "Actual Total Time": 839.641,
                                                    "Actual Rows": 1675796,
                                                    "Actual Loops": 1
                                                },
                                                {
                                                    "Worker Number": 1,
                                                    "Actual Startup Time": 428.848,
                                                    "Actual Total Time": 838.417,
                                                    "Actual Rows": 1684012,
                                                    "Actual Loops": 1
                                                },
                                                {
                                                    "Worker Number": 2,
                                                    "Actual Startup Time": 428.96,
                                                    "Actual Total Time": 846.669,
                                                    "Actual Rows": 1672601,
                                                    "Actual Loops": 1
                                                },
                                                {
                                                    "Worker Number": 3,
                                                    "Actual Startup Time": 428.933,
                                                    "Actual Total Time": 843.425,
                                                    "Actual Rows": 1650934,
                                                    "Actual Loops": 1
                                                },
                                                {
                                                    "Worker Number": 4,
                                                    "Actual Startup Time": 428.989,
                                                    "Actual Total Time": 843.92,
                                                    "Actual Rows": 1655469,
                                                    "Actual Loops": 1
                                                },
                                                {
                                                    "Worker Number": 5,
                                                    "Actual Startup Time": 428.973,
                                                    "Actual Total Time": 839.214,
                                                    "Actual Rows": 1679663,
                                                    "Actual Loops": 1
                                                }
                                            ]
                                        },
                                        {
                                            "Node Type": "Hash",
                                            "Parent Relationship": "Inner",
                                            "Parallel Aware": true,
                                            "Startup Cost": 45479.21,
                                            "Total Cost": 45479.21,
                                            "Plan Rows": 52170,
                                            "Plan Width": 4,
                                            "Actual Startup Time": 101.306,
                                            "Actual Total Time": 101.307,
                                            "Actual Rows": 26056,
                                            "Actual Loops": 7,
                                            "Output": [
                                                "t.id"
                                            ],
                                            "Hash Buckets": 262144,
                                            "Original Hash Buckets": 262144,
                                            "Hash Batches": 1,
                                            "Original Hash Batches": 1,
                                            "Peak Memory Usage": 9312,
                                            "Workers": [
                                                {
                                                    "Worker Number": 0,
                                                    "Actual Startup Time": 100.424,
                                                    "Actual Total Time": 100.425,
                                                    "Actual Rows": 24267,
                                                    "Actual Loops": 1
                                                },
                                                {
                                                    "Worker Number": 1,
                                                    "Actual Startup Time": 100.498,
                                                    "Actual Total Time": 100.499,
                                                    "Actual Rows": 24724,
                                                    "Actual Loops": 1
                                                },
                                                {
                                                    "Worker Number": 2,
                                                    "Actual Startup Time": 100.782,
                                                    "Actual Total Time": 100.782,
                                                    "Actual Rows": 23477,
                                                    "Actual Loops": 1
                                                },
                                                {
                                                    "Worker Number": 3,
                                                    "Actual Startup Time": 100.773,
                                                    "Actual Total Time": 100.774,
                                                    "Actual Rows": 24572,
                                                    "Actual Loops": 1
                                                },
                                                {
                                                    "Worker Number": 4,
                                                    "Actual Startup Time": 100.982,
                                                    "Actual Total Time": 100.983,
                                                    "Actual Rows": 23786,
                                                    "Actual Loops": 1
                                                },
                                                {
                                                    "Worker Number": 5,
                                                    "Actual Startup Time": 101.73,
                                                    "Actual Total Time": 101.731,
                                                    "Actual Rows": 24110,
                                                    "Actual Loops": 1
                                                }
                                            ],
                                            "Plans": [
                                                {
                                                    "Node Type": "Seq Scan",
                                                    "Parent Relationship": "Outer",
                                                    "Parallel Aware": true,
                                                    "Relation Name": "title",
                                                    "Schema": "public",
                                                    "Alias": "t",
                                                    "Startup Cost": 0.0,
                                                    "Total Cost": 45479.21,
                                                    "Plan Rows": 52170,
                                                    "Plan Width": 4,
                                                    "Actual Startup Time": 48.169,
                                                    "Actual Total Time": 90.153,
                                                    "Actual Rows": 26056,
                                                    "Actual Loops": 7,
                                                    "Output": [
                                                        "t.id"
                                                    ],
                                                    "Filter": "((t.production_year > 2007) AND (t.kind_id = 1))",
                                                    "Rows Removed by Filter": 335131,
                                                    "Workers": [
                                                        {
                                                            "Worker Number": 0,
                                                            "Actual Startup Time": 5.258,
                                                            "Actual Total Time": 89.655,
                                                            "Actual Rows": 24267,
                                                            "Actual Loops": 1
                                                        },
                                                        {
                                                            "Worker Number": 1,
                                                            "Actual Startup Time": 55.589,
                                                            "Actual Total Time": 89.859,
                                                            "Actual Rows": 24724,
                                                            "Actual Loops": 1
                                                        },
                                                        {
                                                            "Worker Number": 2,
                                                            "Actual Startup Time": 54.404,
                                                            "Actual Total Time": 89.955,
                                                            "Actual Rows": 23477,
                                                            "Actual Loops": 1
                                                        },
                                                        {
                                                            "Worker Number": 3,
                                                            "Actual Startup Time": 54.474,
                                                            "Actual Total Time": 90.759,
                                                            "Actual Rows": 24572,
                                                            "Actual Loops": 1
                                                        },
                                                        {
                                                            "Worker Number": 4,
                                                            "Actual Startup Time": 54.612,
                                                            "Actual Total Time": 89.787,
                                                            "Actual Rows": 23786,
                                                            "Actual Loops": 1
                                                        },
                                                        {
                                                            "Worker Number": 5,
                                                            "Actual Startup Time": 55.207,
                                                            "Actual Total Time": 91.006,
                                                            "Actual Rows": 24110,
                                                            "Actual Loops": 1
                                                        }
                                                    ]
                                                }
                                            ]
                                        }
                                    ]
                                }
                            ]
                        }
                    ]
                }
            ]
        },
        "Planning Time": 2083.405,
        "Triggers": [],
        "Execution Time": 1319.055
    }
]