[
  {
    "Plan": {
      "Node Type": "Aggregate",
      "Strategy": "Plain",
      "Partial Mode": "Finalize",
      "Parallel Aware": false,
      "Startup Cost": 83042.53,
      "Total Cost": 83042.54,
      "Plan Rows": 1,
      "Plan Width": 8,
      "Actual Startup Time": 283.929,
      "Actual Total Time": 302.381,
      "Actual Rows": 1,
      "Actual Loops": 1,
      "Plans": [
        {
          "Node Type": "Gather",
          "Parent Relationship": "Outer",
          "Parallel Aware": false,
          "Startup Cost": 83042.21,
          "Total Cost": 83042.52,
          "Plan Rows": 3,
          "Plan Width": 8,
          "Actual Startup Time": 282.511,
          "Actual Total Time": 302.374,
          "Actual Rows": 4,
          "Actual Loops": 1,
          "Workers Planned": 3,
          "Workers Launched": 3,
          "Single Copy": false,
          "Plans": [
            {
              "Node Type": "Aggregate",
              "Strategy": "Plain",
              "Partial Mode": "Partial",
              "Parent Relationship": "Outer",
              "Parallel Aware": false,
              "Startup Cost": 82042.21,
              "Total Cost": 82042.22,
              "Plan Rows": 1,
              "Plan Width": 8,
              "Actual Startup Time": 277.409,
              "Actual Total Time": 277.462,
              "Actual Rows": 1,
              "Actual Loops": 4,
              "Plans": [
                {
                  "Node Type": "Nested Loop",
                  "Parent Relationship": "Outer",
                  "Parallel Aware": false,
                  "Join Type": "Inner",
                  "Startup Cost": 46010.0,
                  "Total Cost": 82033.92,
                  "Plan Rows": 3317,
                  "Plan Width": 0,
                  "Actual Startup Time": 165.926,
                  "Actual Total Time": 275.733,
                  "Actual Rows": 36178,
                  "Actual Loops": 4,
                  "Inner Unique": false,
                  "Join Filter": "(t.id = mi_idx.movie_id)",
                  "Rows Removed by Join Filter": 0,
                  "Plans": [
                    {
                      "Node Type": "Hash Join",
                      "Parent Relationship": "Outer",
                      "Parallel Aware": true,
                      "Join Type": "Inner",
                      "Startup Cost": 46009.57,
                      "Total Cost": 77662.21,
                      "Plan Rows": 6077,
                      "Plan Width": 8,
                      "Actual Startup Time": 165.821,
                      "Actual Total Time": 208.52,
                      "Actual Rows": 31039,
                      "Actual Loops": 4,
                      "Inner Unique": true,
                      "Hash Cond": "(mc.movie_id = t.id)",
                      "Plans": [
                        {
                          "Node Type": "Seq Scan",
                          "Parent Relationship": "Outer",
                          "Parallel Aware": true,
                          "Relation Name": "movie_companies",
                          "Alias": "mc",
                          "Startup Cost": 0.0,
                          "Total Cost": 31414.82,
                          "Plan Rows": 90597,
                          "Plan Width": 4,
                          "Actual Startup Time": 29.504,
                          "Actual Total Time": 62.259,
                          "Actual Rows": 136378,
                          "Actual Loops": 4,
                          "Filter": "((company_id > 72003) AND (company_type_id > 1))",
                          "Rows Removed by Filter": 515905
                        },
                        {
                          "Node Type": "Hash",
                          "Parent Relationship": "Inner",
                          "Parallel Aware": true,
                          "Startup Cost": 45479.59,
                          "Total Cost": 45479.59,
                          "Plan Rows": 42399,
                          "Plan Width": 4,
                          "Actual Startup Time": 115.96,
                          "Actual Total Time": 115.962,
                          "Actual Rows": 77656,
                          "Actual Loops": 4,
                          "Hash Buckets": 524288,
                          "Original Hash Buckets": 262144,
                          "Hash Batches": 1,
                          "Original Hash Batches": 1,
                          "Peak Memory Usage": 18336,
                          "Plans": [
                            {
                              "Node Type": "Seq Scan",
                              "Parent Relationship": "Outer",
                              "Parallel Aware": true,
                              "Relation Name": "title",
                              "Alias": "t",
                              "Startup Cost": 0.0,
                              "Total Cost": 45479.59,
                              "Plan Rows": 42399,
                              "Plan Width": 4,
                              "Actual Startup Time": 49.54,
                              "Actual Total Time": 88.516,
                              "Actual Rows": 77656,
                              "Actual Loops": 4,
                              "Filter": "((production_year < 1989) AND (kind_id = 1))",
                              "Rows Removed by Filter": 554422
                            }
                          ]
                        }
                      ]
                    },
                    {
                      "Node Type": "Index Only Scan",
                      "Parent Relationship": "Inner",
                      "Parallel Aware": false,
                      "Scan Direction": "Forward",
                      "Index Name": "movie_id_movie_info_idx",
                      "Relation Name": "movie_info_idx",
                      "Alias": "mi_idx",
                      "Startup Cost": 0.43,
                      "Total Cost": 0.68,
                      "Plan Rows": 3,
                      "Plan Width": 4,
                      "Actual Startup Time": 0.002,
                      "Actual Total Time": 0.002,
                      "Actual Rows": 1,
                      "Actual Loops": 124156,
                      "Index Cond": "(movie_id = mc.movie_id)",
                      "Rows Removed by Index Recheck": 0,
                      "Heap Fetches": 144710
                    }
                  ]
                }
              ]
            }
          ]
        }
      ]
    },
    "Planning Time": 0.538,
    "Triggers": [],
    "Execution Time": 302.426
  }
]