[
  {
    "Plan": {
      "Node Type": "Aggregate",
      "Strategy": "Plain",
      "Partial Mode": "Finalize",
      "Parallel Aware": false,
      "Startup Cost": 100584.2,
      "Total Cost": 100584.21,
      "Plan Rows": 1,
      "Plan Width": 8,
      "Actual Startup Time": 822.769,
      "Actual Total Time": 843.944,
      "Actual Rows": 1,
      "Actual Loops": 1,
      "Plans": [
        {
          "Node Type": "Gather",
          "Parent Relationship": "Outer",
          "Parallel Aware": false,
          "Startup Cost": 100583.99,
          "Total Cost": 100584.2,
          "Plan Rows": 2,
          "Plan Width": 8,
          "Actual Startup Time": 811.985,
          "Actual Total Time": 843.935,
          "Actual Rows": 3,
          "Actual Loops": 1,
          "Workers Planned": 2,
          "Workers Launched": 2,
          "Single Copy": false,
          "Plans": [
            {
              "Node Type": "Aggregate",
              "Strategy": "Plain",
              "Partial Mode": "Partial",
              "Parent Relationship": "Outer",
              "Parallel Aware": false,
              "Startup Cost": 99583.99,
              "Total Cost": 99584.0,
              "Plan Rows": 1,
              "Plan Width": 8,
              "Actual Startup Time": 806.243,
              "Actual Total Time": 806.249,
              "Actual Rows": 1,
              "Actual Loops": 3,
              "Plans": [
                {
                  "Node Type": "Hash Join",
                  "Parent Relationship": "Outer",
                  "Parallel Aware": true,
                  "Join Type": "Inner",
                  "Startup Cost": 82793.09,
                  "Total Cost": 99169.44,
                  "Plan Rows": 165819,
                  "Plan Width": 0,
                  "Actual Startup Time": 665.182,
                  "Actual Total Time": 795.955,
                  "Actual Rows": 180913,
                  "Actual Loops": 3,
                  "Inner Unique": false,
                  "Hash Cond": "(mi_idx.movie_id = t.id)",
                  "Plans": [
                    {
                      "Node Type": "Seq Scan",
                      "Parent Relationship": "Outer",
                      "Parallel Aware": true,
                      "Relation Name": "movie_info_idx",
                      "Alias": "mi_idx",
                      "Startup Cost": 0.0,
                      "Total Cost": 13685.15,
                      "Plan Rows": 575015,
                      "Plan Width": 4,
                      "Actual Startup Time": 0.018,
                      "Actual Total Time": 47.524,
                      "Actual Rows": 460012,
                      "Actual Loops": 3
                    },
                    {
                      "Node Type": "Hash",
                      "Parent Relationship": "Inner",
                      "Parallel Aware": true,
                      "Startup Cost": 79853.05,
                      "Total Cost": 79853.05,
                      "Plan Rows": 235203,
                      "Plan Width": 8,
                      "Actual Startup Time": 660.998,
                      "Actual Total Time": 661.002,
                      "Actual Rows": 122732,
                      "Actual Loops": 3,
                      "Hash Buckets": 1048576,
                      "Original Hash Buckets": 1048576,
                      "Hash Batches": 1,
                      "Original Hash Batches": 1,
                      "Peak Memory Usage": 22656,
                      "Plans": [
                        {
                          "Node Type": "Hash Join",
                          "Parent Relationship": "Outer",
                          "Parallel Aware": true,
                          "Join Type": "Inner",
                          "Startup Cost": 49247.75,
                          "Total Cost": 79853.05,
                          "Plan Rows": 235203,
                          "Plan Width": 8,
                          "Actual Startup Time": 343.717,
                          "Actual Total Time": 612.194,
                          "Actual Rows": 122732,
                          "Actual Loops": 3,
                          "Inner Unique": true,
                          "Hash Cond": "(mc.movie_id = t.id)",
                          "Plans": [
                            {
                              "Node Type": "Seq Scan",
                              "Parent Relationship": "Outer",
                              "Parallel Aware": true,
                              "Relation Name": "movie_companies",
                              "Alias": "mc",
                              "Startup Cost": 0.0,
                              "Total Cost": 29310.68,
                              "Plan Rows": 493189,
                              "Plan Width": 4,
                              "Actual Startup Time": 0.01,
                              "Actual Total Time": 109.233,
                              "Actual Rows": 511610,
                              "Actual Loops": 3,
                              "Filter": "(company_id < 14475)",
                              "Rows Removed by Filter": 358100
                            },
                            {
                              "Node Type": "Hash",
                              "Parent Relationship": "Inner",
                              "Parallel Aware": true,
                              "Startup Cost": 45479.59,
                              "Total Cost": 45479.59,
                              "Plan Rows": 301453,
                              "Plan Width": 4,
                              "Actual Startup Time": 337.861,
                              "Actual Total Time": 337.862,
                              "Actual Rows": 429409,
                              "Actual Loops": 3,
                              "Hash Buckets": 2097152,
                              "Original Hash Buckets": 2097152,
                              "Hash Batches": 1,
                              "Original Hash Batches": 1,
                              "Peak Memory Usage": 66816,
                              "Plans": [
                                {
                                  "Node Type": "Seq Scan",
                                  "Parent Relationship": "Outer",
                                  "Parallel Aware": true,
                                  "Relation Name": "title",
                                  "Alias": "t",
                                  "Startup Cost": 0.0,
                                  "Total Cost": 45479.59,
                                  "Plan Rows": 301453,
                                  "Plan Width": 4,
                                  "Actual Startup Time": 0.05,
                                  "Actual Total Time": 159.056,
                                  "Actual Rows": 429409,
                                  "Actual Loops": 3,
                                  "Filter": "((kind_id > 4) AND (production_year > 1979))",
                                  "Rows Removed by Filter": 413362
                                }
                              ]
                            }
                          ]
                        }
                      ]
                    }
                  ]
                }
              ]
            }
          ]
        }
      ]
    },
    "Planning Time": 0.712,
    "Triggers": [],
    "Execution Time": 843.996
  }
]