[
  {
    "Plan": {
      "Node Type": "Aggregate",
      "Strategy": "Plain",
      "Partial Mode": "Finalize",
      "Parallel Aware": false,
      "Startup Cost": 37830.78,
      "Total Cost": 37830.79,
      "Plan Rows": 1,
      "Plan Width": 8,
      "Actual Startup Time": 109.08,
      "Actual Total Time": 115.608,
      "Actual Rows": 1,
      "Actual Loops": 1,
      "Plans": [
        {
          "Node Type": "Gather",
          "Parent Relationship": "Outer",
          "Parallel Aware": false,
          "Startup Cost": 37830.57,
          "Total Cost": 37830.78,
          "Plan Rows": 2,
          "Plan Width": 8,
          "Actual Startup Time": 108.897,
          "Actual Total Time": 115.603,
          "Actual Rows": 3,
          "Actual Loops": 1,
          "Workers Planned": 2,
          "Workers Launched": 2,
          "Single Copy": false,
          "Plans": [
            {
              "Node Type": "Aggregate",
              "Strategy": "Plain",
              "Partial Mode": "Partial",
              "Parent Relationship": "Outer",
              "Parallel Aware": false,
              "Startup Cost": 36830.57,
              "Total Cost": 36830.58,
              "Plan Rows": 1,
              "Plan Width": 8,
              "Actual Startup Time": 100.326,
              "Actual Total Time": 100.329,
              "Actual Rows": 1,
              "Actual Loops": 3,
              "Plans": [
                {
                  "Node Type": "Nested Loop",
                  "Parent Relationship": "Outer",
                  "Parallel Aware": false,
                  "Join Type": "Inner",
                  "Startup Cost": 14756.16,
                  "Total Cost": 36826.12,
                  "Plan Rows": 1780,
                  "Plan Width": 0,
                  "Actual Startup Time": 38.208,
                  "Actual Total Time": 100.213,
                  "Actual Rows": 1561,
                  "Actual Loops": 3,
                  "Inner Unique": true,
                  "Join Filter": "(mc.movie_id = t.id)",
                  "Rows Removed by Join Filter": 0,
                  "Plans": [
                    {
                      "Node Type": "Hash Join",
                      "Parent Relationship": "Outer",
                      "Parallel Aware": true,
                      "Join Type": "Inner",
                      "Startup Cost": 14755.73,
                      "Total Cost": 31354.56,
                      "Plan Rows": 9267,
                      "Plan Width": 8,
                      "Actual Startup Time": 38.134,
                      "Actual Total Time": 93.071,
                      "Actual Rows": 1561,
                      "Actual Loops": 3,
                      "Inner Unique": false,
                      "Hash Cond": "(mi_idx.movie_id = mc.movie_id)",
                      "Plans": [
                        {
                          "Node Type": "Seq Scan",
                          "Parent Relationship": "Outer",
                          "Parallel Aware": true,
                          "Relation Name": "movie_info_idx",
                          "Alias": "mi_idx",
                          "Startup Cost": 0.0,
                          "Total Cost": 13685.15,
                          "Plan Rows": 575015,
                          "Plan Width": 4,
                          "Actual Startup Time": 0.041,
                          "Actual Total Time": 40.599,
                          "Actual Rows": 460012,
                          "Actual Loops": 3
                        },
                        {
                          "Node Type": "Hash",
                          "Parent Relationship": "Inner",
                          "Parallel Aware": true,
                          "Startup Cost": 14714.97,
                          "Total Cost": 14714.97,
                          "Plan Rows": 3261,
                          "Plan Width": 4,
                          "Actual Startup Time": 13.923,
                          "Actual Total Time": 13.924,
                          "Actual Rows": 2384,
                          "Actual Loops": 3,
                          "Hash Buckets": 8192,
                          "Original Hash Buckets": 8192,
                          "Hash Batches": 1,
                          "Original Hash Batches": 1,
                          "Peak Memory Usage": 384,
                          "Plans": [
                            {
                              "Node Type": "Bitmap Heap Scan",
                              "Parent Relationship": "Outer",
                              "Parallel Aware": true,
                              "Relation Name": "movie_companies",
                              "Alias": "mc",
                              "Startup Cost": 173.09,
                              "Total Cost": 14714.97,
                              "Plan Rows": 3261,
                              "Plan Width": 4,
                              "Actual Startup Time": 2.204,
                              "Actual Total Time": 12.675,
                              "Actual Rows": 2384,
                              "Actual Loops": 3,
                              "Recheck Cond": "(company_id = 7851)",
                              "Rows Removed by Index Recheck": 0,
                              "Exact Heap Blocks": 3587,
                              "Lossy Heap Blocks": 0,
                              "Plans": [
                                {
                                  "Node Type": "Bitmap Index Scan",
                                  "Parent Relationship": "Outer",
                                  "Parallel Aware": false,
                                  "Index Name": "company_id_movie_companies",
                                  "Startup Cost": 0.0,
                                  "Total Cost": 171.13,
                                  "Plan Rows": 7827,
                                  "Plan Width": 0,
                                  "Actual Startup Time": 4.058,
                                  "Actual Total Time": 4.059,
                                  "Actual Rows": 7151,
                                  "Actual Loops": 1,
                                  "Index Cond": "(company_id = 7851)"
                                }
                              ]
                            }
                          ]
                        }
                      ]
                    },
                    {
                      "Node Type": "Index Only Scan",
                      "Parent Relationship": "Inner",
                      "Parallel Aware": false,
                      "Scan Direction": "Forward",
                      "Index Name": "title_pkey",
                      "Relation Name": "title",
                      "Alias": "t",
                      "Startup Cost": 0.43,
                      "Total Cost": 0.58,
                      "Plan Rows": 1,
                      "Plan Width": 4,
                      "Actual Startup Time": 0.004,
                      "Actual Total Time": 0.004,
                      "Actual Rows": 1,
                      "Actual Loops": 4683,
                      "Index Cond": "(id = mi_idx.movie_id)",
                      "Rows Removed by Index Recheck": 0,
                      "Heap Fetches": 4683
                    }
                  ]
                }
              ]
            }
          ]
        }
      ]
    },
    "Planning Time": 1.302,
    "Triggers": [],
    "Execution Time": 115.704
  }
]