[
  {
    "Plan": {
      "Node Type": "Aggregate",
      "Strategy": "Plain",
      "Partial Mode": "Finalize",
      "Parallel Aware": false,
      "Startup Cost": 46722.27,
      "Total Cost": 46722.28,
      "Plan Rows": 1,
      "Plan Width": 8,
      "Actual Startup Time": 173.662,
      "Actual Total Time": 183.241,
      "Actual Rows": 1,
      "Actual Loops": 1,
      "Plans": [
        {
          "Node Type": "Gather",
          "Parent Relationship": "Outer",
          "Parallel Aware": false,
          "Startup Cost": 46721.95,
          "Total Cost": 46722.26,
          "Plan Rows": 3,
          "Plan Width": 8,
          "Actual Startup Time": 173.568,
          "Actual Total Time": 183.234,
          "Actual Rows": 4,
          "Actual Loops": 1,
          "Workers Planned": 3,
          "Workers Launched": 3,
          "Single Copy": false,
          "Plans": [
            {
              "Node Type": "Aggregate",
              "Strategy": "Plain",
              "Partial Mode": "Partial",
              "Parent Relationship": "Outer",
              "Parallel Aware": false,
              "Startup Cost": 45721.95,
              "Total Cost": 45721.96,
              "Plan Rows": 1,
              "Plan Width": 8,
              "Actual Startup Time": 164.774,
              "Actual Total Time": 164.775,
              "Actual Rows": 1,
              "Actual Loops": 4,
              "Plans": [
                {
                  "Node Type": "Seq Scan",
                  "Parent Relationship": "Outer",
                  "Parallel Aware": true,
                  "Relation Name": "movie_keyword",
                  "Alias": "mk",
                  "Startup Cost": 0.0,
                  "Total Cost": 42695.65,
                  "Plan Rows": 1210518,
                  "Plan Width": 0,
                  "Actual Startup Time": 0.126,
                  "Actual Total Time": 123.513,
                  "Actual Rows": 934874,
                  "Actual Loops": 4,
                  "Filter": "(keyword_id > 748)",
                  "Rows Removed by Filter": 196109
                }
              ]
            }
          ]
        }
      ]
    },
    "Planning Time": 0.162,
    "Triggers": [],
    "Execution Time": 183.293
  }
]