{
  "Plan": {
    "Node Type": "Aggregate",
    "Strategy": "Plain",
    "Partial Mode": "Finalize",
    "Parallel Aware": false,
    "Startup Cost": 63985.96,
    "Total Cost": 63985.97,
    "Plan Rows": 1,
    "Plan Width": 8,
    "Actual Startup Time": 123.558,
    "Actual Total Time": 129.725,
    "Actual Rows": 1,
    "Actual Loops": 1,
    "Plans": [
      {
        "Node Type": "Gather",
        "Parent Relationship": "Outer",
        "Parallel Aware": false,
        "Startup Cost": 63985.84,
        "Total Cost": 63985.95,
        "Plan Rows": 1,
        "Plan Width": 8,
        "Actual Startup Time": 123.418,
        "Actual Total Time": 129.719,
        "Actual Rows": 2,
        "Actual Loops": 1,
        "Workers Planned": 1,
        "Workers Launched": 1,
        "Single Copy": false,
        "Plans": [
          {
            "Node Type": "Aggregate",
            "Strategy": "Plain",
            "Partial Mode": "Partial",
            "Parent Relationship": "Outer",
            "Parallel Aware": false,
            "Startup Cost": 62985.84,
            "Total Cost": 62985.85,
            "Plan Rows": 1,
            "Plan Width": 8,
            "Actual Startup Time": 119.851,
            "Actual Total Time": 119.853,
            "Actual Rows": 1,
            "Actual Loops": 2,
            "Plans": [
              {
                "Node Type": "Nested Loop",
                "Parent Relationship": "Outer",
                "Parallel Aware": false,
                "Join Type": "Inner",
                "Startup Cost": 11823.71,
                "Total Cost": 62983.91,
                "Plan Rows": 772,
                "Plan Width": 0,
                "Actual Startup Time": 41.228,
                "Actual Total Time": 119.641,
                "Actual Rows": 3360,
                "Actual Loops": 2,
                "Inner Unique": false,
                "Plans": [
                  {
                    "Node Type": "Bitmap Heap Scan",
                    "Parent Relationship": "Outer",
                    "Parallel Aware": true,
                    "Relation Name": "title",
                    "Alias": "t",
                    "Startup Cost": 11823.28,
                    "Total Cost": 53673.53,
                    "Plan Rows": 1001,
                    "Plan Width": 4,
                    "Actual Startup Time": 41.088,
                    "Actual Total Time": 99.069,
                    "Actual Rows": 1400,
                    "Actual Loops": 2,
                    "Recheck Cond": "(kind_id = 1)",
                    "Rows Removed by Index Recheck": 0,
                    "Filter": "(production_year = 1955)",
                    "Rows Removed by Filter": 330012,
                    "Exact Heap Blocks": 9187,
                    "Lossy Heap Blocks": 0,
                    "Plans": [
                      {
                        "Node Type": "Bitmap Index Scan",
                        "Parent Relationship": "Outer",
                        "Parallel Aware": false,
                        "Index Name": "kind_id_title",
                        "Startup Cost": 0.0,
                        "Total Cost": 11822.85,
                        "Plan Rows": 663256,
                        "Plan Width": 0,
                        "Actual Startup Time": 40.635,
                        "Actual Total Time": 40.635,
                        "Actual Rows": 662825,
                        "Actual Loops": 1,
                        "Index Cond": "(kind_id = 1)"
                      }
                    ]
                  },
                  {
                    "Node Type": "Index Scan",
                    "Parent Relationship": "Inner",
                    "Parallel Aware": false,
                    "Scan Direction": "Forward",
                    "Index Name": "movie_id_movie_keyword",
                    "Relation Name": "movie_keyword",
                    "Alias": "mk",
                    "Startup Cost": 0.43,
                    "Total Cost": 9.1,
                    "Plan Rows": 20,
                    "Plan Width": 4,
                    "Actual Startup Time": 0.013,
                    "Actual Total Time": 0.014,
                    "Actual Rows": 2,
                    "Actual Loops": 2801,
                    "Index Cond": "(movie_id = t.id)",
                    "Rows Removed by Index Recheck": 0,
                    "Filter": "(keyword_id < 3404)",
                    "Rows Removed by Filter": 4
                  }
                ]
              }
            ]
          }
        ]
      }
    ]
  },
  "Planning Time": 0.374,
  "Triggers": [],
  "Execution Time": 129.814
}