[
  {
    "Plan": {
      "Node Type": "Aggregate",
      "Strategy": "Plain",
      "Partial Mode": "Finalize",
      "Parallel Aware": false,
      "Startup Cost": 46935.3,
      "Total Cost": 46935.31,
      "Plan Rows": 1,
      "Plan Width": 8,
      "Actual Startup Time": 103.222,
      "Actual Total Time": 115.541,
      "Actual Rows": 1,
      "Actual Loops": 1,
      "Plans": [
        {
          "Node Type": "Gather",
          "Parent Relationship": "Outer",
          "Parallel Aware": false,
          "Startup Cost": 46934.88,
          "Total Cost": 46935.29,
          "Plan Rows": 4,
          "Plan Width": 8,
          "Actual Startup Time": 103.078,
          "Actual Total Time": 115.532,
          "Actual Rows": 5,
          "Actual Loops": 1,
          "Workers Planned": 4,
          "Workers Launched": 4,
          "Single Copy": false,
          "Plans": [
            {
              "Node Type": "Aggregate",
              "Strategy": "Plain",
              "Partial Mode": "Partial",
              "Parent Relationship": "Outer",
              "Parallel Aware": false,
              "Startup Cost": 45934.88,
              "Total Cost": 45934.89,
              "Plan Rows": 1,
              "Plan Width": 8,
              "Actual Startup Time": 95.509,
              "Actual Total Time": 95.51,
              "Actual Rows": 1,
              "Actual Loops": 5,
              "Plans": [
                {
                  "Node Type": "Seq Scan",
                  "Parent Relationship": "Outer",
                  "Parallel Aware": true,
                  "Relation Name": "title",
                  "Alias": "t",
                  "Startup Cost": 0.0,
                  "Total Cost": 45479.1,
                  "Plan Rows": 182313,
                  "Plan Width": 0,
                  "Actual Startup Time": 0.04,
                  "Actual Total Time": 89.752,
                  "Actual Rows": 125627,
                  "Actual Loops": 5,
                  "Filter": "((kind_id < 7) AND (production_year > 1985))",
                  "Rows Removed by Filter": 380036
                }
              ]
            }
          ]
        }
      ]
    },
    "Planning Time": 0.166,
    "Triggers": [],
    "Execution Time": 115.595
  }
]