{
  "Plan": {
    "Node Type": "Aggregate",
    "Strategy": "Plain",
    "Partial Mode": "Finalize",
    "Parallel Aware": false,
    "Startup Cost": 122869.09,
    "Total Cost": 122869.1,
    "Plan Rows": 1,
    "Plan Width": 8,
    "Actual Startup Time": 492.081,
    "Actual Total Time": 509.354,
    "Actual Rows": 1,
    "Actual Loops": 1,
    "Plans": [
      {
        "Node Type": "Gather",
        "Parent Relationship": "Outer",
        "Parallel Aware": false,
        "Startup Cost": 122868.98,
        "Total Cost": 122869.09,
        "Plan Rows": 1,
        "Plan Width": 8,
        "Actual Startup Time": 491.458,
        "Actual Total Time": 509.347,
        "Actual Rows": 2,
        "Actual Loops": 1,
        "Workers Planned": 1,
        "Workers Launched": 1,
        "Single Copy": false,
        "Plans": [
          {
            "Node Type": "Aggregate",
            "Strategy": "Plain",
            "Partial Mode": "Partial",
            "Parent Relationship": "Outer",
            "Parallel Aware": false,
            "Startup Cost": 121868.98,
            "Total Cost": 121868.99,
            "Plan Rows": 1,
            "Plan Width": 8,
            "Actual Startup Time": 485.695,
            "Actual Total Time": 485.698,
            "Actual Rows": 1,
            "Actual Loops": 2,
            "Plans": [
              {
                "Node Type": "Hash Join",
                "Parent Relationship": "Outer",
                "Parallel Aware": true,
                "Join Type": "Inner",
                "Startup Cost": 58810.78,
                "Total Cost": 121734.49,
                "Plan Rows": 53796,
                "Plan Width": 0,
                "Actual Startup Time": 161.694,
                "Actual Total Time": 477.115,
                "Actual Rows": 216998,
                "Actual Loops": 2,
                "Inner Unique": true,
                "Hash Cond": "(mk.movie_id = t.id)",
                "Plans": [
                  {
                    "Node Type": "Seq Scan",
                    "Parent Relationship": "Outer",
                    "Parallel Aware": true,
                    "Relation Name": "movie_keyword",
                    "Alias": "mk",
                    "Startup Cost": 0.0,
                    "Total Cost": 57718.19,
                    "Plan Rows": 1983051,
                    "Plan Width": 4,
                    "Actual Startup Time": 0.012,
                    "Actual Total Time": 187.851,
                    "Actual Rows": 1681396,
                    "Actual Loops": 2,
                    "Filter": "(keyword_id < 16131)",
                    "Rows Removed by Filter": 580568
                  },
                  {
                    "Node Type": "Hash",
                    "Parent Relationship": "Inner",
                    "Parallel Aware": true,
                    "Startup Cost": 58306.47,
                    "Total Cost": 58306.47,
                    "Plan Rows": 40345,
                    "Plan Width": 4,
                    "Actual Startup Time": 158.922,
                    "Actual Total Time": 158.923,
                    "Actual Rows": 85362,
                    "Actual Loops": 2,
                    "Hash Buckets": 262144,
                    "Original Hash Buckets": 131072,
                    "Hash Batches": 1,
                    "Original Hash Batches": 1,
                    "Peak Memory Usage": 9792,
                    "Plans": [
                      {
                        "Node Type": "Seq Scan",
                        "Parent Relationship": "Outer",
                        "Parallel Aware": true,
                        "Relation Name": "title",
                        "Alias": "t",
                        "Startup Cost": 0.0,
                        "Total Cost": 58306.47,
                        "Plan Rows": 40345,
                        "Plan Width": 4,
                        "Actual Startup Time": 0.572,
                        "Actual Total Time": 138.905,
                        "Actual Rows": 85362,
                        "Actual Loops": 2,
                        "Filter": "((kind_id < 7) AND (production_year < 1953))",
                        "Rows Removed by Filter": 1178794
                      }
                    ]
                  }
                ]
              }
            ]
          }
        ]
      }
    ]
  },
  "Planning Time": 0.433,
  "Triggers": [],
  "Execution Time": 509.419
}