[
  {
    "Plan": {
      "Node Type": "Aggregate",
      "Strategy": "Plain",
      "Partial Mode": "Finalize",
      "Parallel Aware": false,
      "Startup Cost": 348722.29,
      "Total Cost": 348722.3,
      "Plan Rows": 1,
      "Plan Width": 8,
      "Actual Startup Time": 777.512,
      "Actual Total Time": 836.694,
      "Actual Rows": 1,
      "Actual Loops": 1,
      "Plans": [
        {
          "Node Type": "Gather",
          "Parent Relationship": "Outer",
          "Parallel Aware": false,
          "Startup Cost": 348721.67,
          "Total Cost": 348722.28,
          "Plan Rows": 6,
          "Plan Width": 8,
          "Actual Startup Time": 777.382,
          "Actual Total Time": 836.683,
          "Actual Rows": 7,
          "Actual Loops": 1,
          "Workers Planned": 6,
          "Workers Launched": 6,
          "Single Copy": false,
          "Plans": [
            {
              "Node Type": "Aggregate",
              "Strategy": "Plain",
              "Partial Mode": "Partial",
              "Parent Relationship": "Outer",
              "Parallel Aware": false,
              "Startup Cost": 347721.67,
              "Total Cost": 347721.68,
              "Plan Rows": 1,
              "Plan Width": 8,
              "Actual Startup Time": 766.902,
              "Actual Total Time": 766.903,
              "Actual Rows": 1,
              "Actual Loops": 7,
              "Plans": [
                {
                  "Node Type": "Seq Scan",
                  "Parent Relationship": "Outer",
                  "Parallel Aware": true,
                  "Relation Name": "cast_info",
                  "Alias": "ci",
                  "Startup Cost": 0.0,
                  "Total Cost": 343257.03,
                  "Plan Rows": 1785855,
                  "Plan Width": 0,
                  "Actual Startup Time": 397.328,
                  "Actual Total Time": 723.691,
                  "Actual Rows": 811003,
                  "Actual Loops": 7,
                  "Filter": "((person_id < 2430857) AND (role_id > 2))",
                  "Rows Removed by Filter": 4366761
                }
              ]
            }
          ]
        }
      ]
    },
    "Planning Time": 0.208,
    "Triggers": [],
    "Execution Time": 836.766
  }
]