[
  {
    "Plan": {
      "Node Type": "Aggregate",
      "Strategy": "Plain",
      "Partial Mode": "Finalize",
      "Parallel Aware": false,
      "Startup Cost": 45922.48,
      "Total Cost": 45922.49,
      "Plan Rows": 1,
      "Plan Width": 8,
      "Actual Startup Time": 146.524,
      "Actual Total Time": 155.841,
      "Actual Rows": 1,
      "Actual Loops": 1,
      "Plans": [
        {
          "Node Type": "Gather",
          "Parent Relationship": "Outer",
          "Parallel Aware": false,
          "Startup Cost": 45922.17,
          "Total Cost": 45922.48,
          "Plan Rows": 3,
          "Plan Width": 8,
          "Actual Startup Time": 146.344,
          "Actual Total Time": 155.832,
          "Actual Rows": 4,
          "Actual Loops": 1,
          "Workers Planned": 3,
          "Workers Launched": 3,
          "Single Copy": false,
          "Plans": [
            {
              "Node Type": "Aggregate",
              "Strategy": "Plain",
              "Partial Mode": "Partial",
              "Parent Relationship": "Outer",
              "Parallel Aware": false,
              "Startup Cost": 44922.17,
              "Total Cost": 44922.18,
              "Plan Rows": 1,
              "Plan Width": 8,
              "Actual Startup Time": 142.858,
              "Actual Total Time": 142.859,
              "Actual Rows": 1,
              "Actual Loops": 4,
              "Plans": [
                {
                  "Node Type": "Seq Scan",
                  "Parent Relationship": "Outer",
                  "Parallel Aware": true,
                  "Relation Name": "movie_keyword",
                  "Alias": "mk",
                  "Startup Cost": 0.0,
                  "Total Cost": 42695.65,
                  "Plan Rows": 890605,
                  "Plan Width": 0,
                  "Actual Startup Time": 0.024,
                  "Actual Total Time": 112.284,
                  "Actual Rows": 694103,
                  "Actual Loops": 4,
                  "Filter": "(keyword_id < 7989)",
                  "Rows Removed by Filter": 436879
                }
              ]
            }
          ]
        }
      ]
    },
    "Planning Time": 0.088,
    "Triggers": [],
    "Execution Time": 155.87
  }
]