[
  {
    "Plan": {
      "Node Type": "Aggregate",
      "Strategy": "Plain",
      "Partial Mode": "Finalize",
      "Parallel Aware": false,
      "Startup Cost": 31471.11,
      "Total Cost": 31471.12,
      "Plan Rows": 1,
      "Plan Width": 8,
      "Actual Startup Time": 130.942,
      "Actual Total Time": 140.772,
      "Actual Rows": 1,
      "Actual Loops": 1,
      "Plans": [
        {
          "Node Type": "Gather",
          "Parent Relationship": "Outer",
          "Parallel Aware": false,
          "Startup Cost": 31470.79,
          "Total Cost": 31471.1,
          "Plan Rows": 3,
          "Plan Width": 8,
          "Actual Startup Time": 130.847,
          "Actual Total Time": 140.762,
          "Actual Rows": 4,
          "Actual Loops": 1,
          "Workers Planned": 3,
          "Workers Launched": 3,
          "Single Copy": false,
          "Plans": [
            {
              "Node Type": "Aggregate",
              "Strategy": "Plain",
              "Partial Mode": "Partial",
              "Parent Relationship": "Outer",
              "Parallel Aware": false,
              "Startup Cost": 30470.79,
              "Total Cost": 30470.8,
              "Plan Rows": 1,
              "Plan Width": 8,
              "Actual Startup Time": 122.344,
              "Actual Total Time": 122.345,
              "Actual Rows": 1,
              "Actual Loops": 4,
              "Plans": [
                {
                  "Node Type": "Seq Scan",
                  "Parent Relationship": "Outer",
                  "Parallel Aware": true,
                  "Relation Name": "movie_companies",
                  "Alias": "mc",
                  "Startup Cost": 0.0,
                  "Total Cost": 29310.68,
                  "Plan Rows": 464045,
                  "Plan Width": 0,
                  "Actual Startup Time": 18.711,
                  "Actual Total Time": 101.658,
                  "Actual Rows": 360687,
                  "Actual Loops": 4,
                  "Filter": "(company_id > 9735)",
                  "Rows Removed by Filter": 291596
                }
              ]
            }
          ]
        }
      ]
    },
    "Planning Time": 0.179,
    "Triggers": [],
    "Execution Time": 140.828
  }
]