{
  "Plan": {
    "Node Type": "Aggregate",
    "Strategy": "Plain",
    "Partial Mode": "Finalize",
    "Parallel Aware": false,
    "Startup Cost": 629587.62,
    "Total Cost": 629587.63,
    "Plan Rows": 1,
    "Plan Width": 8,
    "Actual Startup Time": 3527.042,
    "Actual Total Time": 3578.311,
    "Actual Rows": 1,
    "Actual Loops": 1,
    "Plans": [
      {
        "Node Type": "Gather",
        "Parent Relationship": "Outer",
        "Parallel Aware": false,
        "Startup Cost": 629587.51,
        "Total Cost": 629587.62,
        "Plan Rows": 1,
        "Plan Width": 8,
        "Actual Startup Time": 3526.692,
        "Actual Total Time": 3578.302,
        "Actual Rows": 2,
        "Actual Loops": 1,
        "Workers Planned": 1,
        "Workers Launched": 1,
        "Single Copy": false,
        "Plans": [
          {
            "Node Type": "Aggregate",
            "Strategy": "Plain",
            "Partial Mode": "Partial",
            "Parent Relationship": "Outer",
            "Parallel Aware": false,
            "Startup Cost": 628587.51,
            "Total Cost": 628587.52,
            "Plan Rows": 1,
            "Plan Width": 8,
            "Actual Startup Time": 3521.352,
            "Actual Total Time": 3521.355,
            "Actual Rows": 1,
            "Actual Loops": 2,
            "Plans": [
              {
                "Node Type": "Hash Join",
                "Parent Relationship": "Outer",
                "Parallel Aware": true,
                "Join Type": "Inner",
                "Startup Cost": 58540.02,
                "Total Cost": 627984.8,
                "Plan Rows": 241084,
                "Plan Width": 0,
                "Actual Startup Time": 156.049,
                "Actual Total Time": 3508.637,
                "Actual Rows": 234705,
                "Actual Loops": 2,
                "Inner Unique": true,
                "Hash Cond": "(ci.movie_id = t.id)",
                "Plans": [
                  {
                    "Node Type": "Seq Scan",
                    "Parent Relationship": "Outer",
                    "Parallel Aware": true,
                    "Relation Name": "cast_info",
                    "Alias": "ci",
                    "Startup Cost": 0.0,
                    "Total Cost": 519069.44,
                    "Plan Rows": 19190573,
                    "Plan Width": 4,
                    "Actual Startup Time": 0.016,
                    "Actual Total Time": 1707.749,
                    "Actual Rows": 16398796,
                    "Actual Loops": 2,
                    "Filter": "(person_id < 3432035)",
                    "Rows Removed by Filter": 1723376
                  },
                  {
                    "Node Type": "Hash",
                    "Parent Relationship": "Inner",
                    "Parallel Aware": true,
                    "Startup Cost": 58306.47,
                    "Total Cost": 58306.47,
                    "Plan Rows": 18684,
                    "Plan Width": 4,
                    "Actual Startup Time": 155.324,
                    "Actual Total Time": 155.325,
                    "Actual Rows": 19849,
                    "Actual Loops": 2,
                    "Hash Buckets": 65536,
                    "Original Hash Buckets": 32768,
                    "Hash Batches": 1,
                    "Original Hash Batches": 1,
                    "Peak Memory Usage": 2368,
                    "Plans": [
                      {
                        "Node Type": "Seq Scan",
                        "Parent Relationship": "Outer",
                        "Parallel Aware": true,
                        "Relation Name": "title",
                        "Alias": "t",
                        "Startup Cost": 0.0,
                        "Total Cost": 58306.47,
                        "Plan Rows": 18684,
                        "Plan Width": 4,
                        "Actual Startup Time": 0.043,
                        "Actual Total Time": 144.786,
                        "Actual Rows": 19849,
                        "Actual Loops": 2,
                        "Filter": "((kind_id = 7) AND (production_year = 2001))",
                        "Rows Removed by Filter": 1244307
                      }
                    ]
                  }
                ]
              }
            ]
          }
        ]
      }
    ]
  },
  "Planning Time": 0.256,
  "Triggers": [],
  "Execution Time": 3578.373
}