{
    "Plan": {
        "Node Type": "Aggregate",
        "Strategy": "Plain",
        "Partial Mode": "Finalize",
        "Parallel Aware": false,
        "Startup Cost": 374007.77,
        "Total Cost": 374007.78,
        "Plan Rows": 1,
        "Plan Width": 8,
        "Actual Startup Time": 933.095,
        "Actual Total Time": 971.318,
        "Actual Rows": 1,
        "Actual Loops": 1,
        "Output": [
            "count(*)"
        ],
        "Plans": [
            {
                "Node Type": "Gather",
                "Parent Relationship": "Outer",
                "Parallel Aware": false,
                "Startup Cost": 374007.14,
                "Total Cost": 374007.75,
                "Plan Rows": 6,
                "Plan Width": 8,
                "Actual Startup Time": 929.096,
                "Actual Total Time": 971.307,
                "Actual Rows": 7,
                "Actual Loops": 1,
                "Output": [
                    "(PARTIAL count(*))"
                ],
                "Workers Planned": 6,
                "Workers Launched": 6,
                "Single Copy": false,
                "Plans": [
                    {
                        "Node Type": "Aggregate",
                        "Strategy": "Plain",
                        "Partial Mode": "Partial",
                        "Parent Relationship": "Outer",
                        "Parallel Aware": false,
                        "Startup Cost": 373007.14,
                        "Total Cost": 373007.15,
                        "Plan Rows": 1,
                        "Plan Width": 8,
                        "Actual Startup Time": 917.437,
                        "Actual Total Time": 917.441,
                        "Actual Rows": 1,
                        "Actual Loops": 7,
                        "Output": [
                            "PARTIAL count(*)"
                        ],
                        "Workers": [
                            {
                                "Worker Number": 0,
                                "Actual Startup Time": 916.583,
                                "Actual Total Time": 916.586,
                                "Actual Rows": 1,
                                "Actual Loops": 1
                            },
                            {
                                "Worker Number": 1,
                                "Actual Startup Time": 916.575,
                                "Actual Total Time": 916.578,
                                "Actual Rows": 1,
                                "Actual Loops": 1
                            },
                            {
                                "Worker Number": 2,
                                "Actual Startup Time": 916.482,
                                "Actual Total Time": 916.486,
                                "Actual Rows": 1,
                                "Actual Loops": 1
                            },
                            {
                                "Worker Number": 3,
                                "Actual Startup Time": 915.536,
                                "Actual Total Time": 915.54,
                                "Actual Rows": 1,
                                "Actual Loops": 1
                            },
                            {
                                "Worker Number": 4,
                                "Actual Startup Time": 916.083,
                                "Actual Total Time": 916.086,
                                "Actual Rows": 1,
                                "Actual Loops": 1
                            },
                            {
                                "Worker Number": 5,
                                "Actual Startup Time": 915.447,
                                "Actual Total Time": 915.45,
                                "Actual Rows": 1,
                                "Actual Loops": 1
                            }
                        ],
                        "Plans": [
                            {
                                "Node Type": "Hash Join",
                                "Parent Relationship": "Outer",
                                "Parallel Aware": true,
                                "Join Type": "Inner",
                                "Startup Cost": 46528.2,
                                "Total Cost": 372567.39,
                                "Plan Rows": 175902,
                                "Plan Width": 0,
                                "Actual Startup Time": 107.66,
                                "Actual Total Time": 904.512,
                                "Actual Rows": 220377,
                                "Actual Loops": 7,
                                "Inner Unique": true,
                                "Hash Cond": "(ci.movie_id = t.id)",
                                "Workers": [
                                    {
                                        "Worker Number": 0,
                                        "Actual Startup Time": 106.904,
                                        "Actual Total Time": 904.761,
                                        "Actual Rows": 257025,
                                        "Actual Loops": 1
                                    },
                                    {
                                        "Worker Number": 1,
                                        "Actual Startup Time": 106.996,
                                        "Actual Total Time": 904.726,
                                        "Actual Rows": 259154,
                                        "Actual Loops": 1
                                    },
                                    {
                                        "Worker Number": 2,
                                        "Actual Startup Time": 106.619,
                                        "Actual Total Time": 903.29,
                                        "Actual Rows": 180329,
                                        "Actual Loops": 1
                                    },
                                    {
                                        "Worker Number": 3,
                                        "Actual Startup Time": 105.713,
                                        "Actual Total Time": 903.796,
                                        "Actual Rows": 262340,
                                        "Actual Loops": 1
                                    },
                                    {
                                        "Worker Number": 4,
                                        "Actual Startup Time": 105.874,
                                        "Actual Total Time": 902.855,
                                        "Actual Rows": 181729,
                                        "Actual Loops": 1
                                    },
                                    {
                                        "Worker Number": 5,
                                        "Actual Startup Time": 105.726,
                                        "Actual Total Time": 901.971,
                                        "Actual Rows": 184369,
                                        "Actual Loops": 1
                                    }
                                ],
                                "Plans": [
                                    {
                                        "Node Type": "Index Scan",
                                        "Parent Relationship": "Outer",
                                        "Parallel Aware": true,
                                        "Scan Direction": "Forward",
                                        "Index Name": "role_id_cast_info",
                                        "Relation Name": "cast_info",
                                        "Schema": "public",
                                        "Alias": "ci",
                                        "Startup Cost": 0.56,
                                        "Total Cost": 322560.04,
                                        "Plan Rows": 1325603,
                                        "Plan Width": 4,
                                        "Actual Startup Time": 0.257,
                                        "Actual Total Time": 447.699,
                                        "Actual Rows": 1377920,
                                        "Actual Loops": 7,
                                        "Output": [
                                            "ci.id",
                                            "ci.person_id",
                                            "ci.movie_id",
                                            "ci.person_role_id",
                                            "ci.note",
                                            "ci.nr_order",
                                            "ci.role_id"
                                        ],
                                        "Index Cond": "(ci.role_id > 3)",
                                        "Rows Removed by Index Recheck": 0,
                                        "Filter": "(ci.person_id > 1209651)",
                                        "Rows Removed by Filter": 352601,
                                        "Workers": [
                                            {
                                                "Worker Number": 0,
                                                "Actual Startup Time": 0.253,
                                                "Actual Total Time": 443.525,
                                                "Actual Rows": 1620275,
                                                "Actual Loops": 1
                                            },
                                            {
                                                "Worker Number": 1,
                                                "Actual Startup Time": 0.395,
                                                "Actual Total Time": 445.314,
                                                "Actual Rows": 1615106,
                                                "Actual Loops": 1
                                            },
                                            {
                                                "Worker Number": 2,
                                                "Actual Startup Time": 0.135,
                                                "Actual Total Time": 466.535,
                                                "Actual Rows": 1118170,
                                                "Actual Loops": 1
                                            },
                                            {
                                                "Worker Number": 3,
                                                "Actual Startup Time": 0.159,
                                                "Actual Total Time": 441.963,
                                                "Actual Rows": 1659305,
                                                "Actual Loops": 1
                                            },
                                            {
                                                "Worker Number": 4,
                                                "Actual Startup Time": 0.217,
                                                "Actual Total Time": 458.12,
                                                "Actual Rows": 1138415,
                                                "Actual Loops": 1
                                            },
                                            {
                                                "Worker Number": 5,
                                                "Actual Startup Time": 0.312,
                                                "Actual Total Time": 456.823,
                                                "Actual Rows": 1143490,
                                                "Actual Loops": 1
                                            }
                                        ]
                                    },
                                    {
                                        "Node Type": "Hash",
                                        "Parent Relationship": "Inner",
                                        "Parallel Aware": true,
                                        "Startup Cost": 45479.21,
                                        "Total Cost": 45479.21,
                                        "Plan Rows": 83874,
                                        "Plan Width": 4,
                                        "Actual Startup Time": 105.505,
                                        "Actual Total Time": 105.507,
                                        "Actual Rows": 58789,
                                        "Actual Loops": 7,
                                        "Output": [
                                            "t.id"
                                        ],
                                        "Hash Buckets": 524288,
                                        "Original Hash Buckets": 524288,
                                        "Hash Batches": 1,
                                        "Original Hash Batches": 1,
                                        "Peak Memory Usage": 20320,
                                        "Workers": [
                                            {
                                                "Worker Number": 0,
                                                "Actual Startup Time": 106.071,
                                                "Actual Total Time": 106.072,
                                                "Actual Rows": 66616,
                                                "Actual Loops": 1
                                            },
                                            {
                                                "Worker Number": 1,
                                                "Actual Startup Time": 106.076,
                                                "Actual Total Time": 106.078,
                                                "Actual Rows": 67656,
                                                "Actual Loops": 1
                                            },
                                            {
                                                "Worker Number": 2,
                                                "Actual Startup Time": 106.021,
                                                "Actual Total Time": 106.022,
                                                "Actual Rows": 48329,
                                                "Actual Loops": 1
                                            },
                                            {
                                                "Worker Number": 3,
                                                "Actual Startup Time": 105.122,
                                                "Actual Total Time": 105.123,
                                                "Actual Rows": 70522,
                                                "Actual Loops": 1
                                            },
                                            {
                                                "Worker Number": 4,
                                                "Actual Startup Time": 105.055,
                                                "Actual Total Time": 105.056,
                                                "Actual Rows": 48557,
                                                "Actual Loops": 1
                                            },
                                            {
                                                "Worker Number": 5,
                                                "Actual Startup Time": 104.881,
                                                "Actual Total Time": 104.882,
                                                "Actual Rows": 49080,
                                                "Actual Loops": 1
                                            }
                                        ],
                                        "Plans": [
                                            {
                                                "Node Type": "Seq Scan",
                                                "Parent Relationship": "Outer",
                                                "Parallel Aware": true,
                                                "Relation Name": "title",
                                                "Schema": "public",
                                                "Alias": "t",
                                                "Startup Cost": 0.0,
                                                "Total Cost": 45479.21,
                                                "Plan Rows": 83874,
                                                "Plan Width": 4,
                                                "Actual Startup Time": 48.761,
                                                "Actual Total Time": 80.082,
                                                "Actual Rows": 58789,
                                                "Actual Loops": 7,
                                                "Output": [
                                                    "t.id"
                                                ],
                                                "Filter": "((t.production_year < 2004) AND (t.kind_id = 1))",
                                                "Rows Removed by Filter": 302399,
                                                "Workers": [
                                                    {
                                                        "Worker Number": 0,
                                                        "Actual Startup Time": 48.8,
                                                        "Actual Total Time": 79.758,
                                                        "Actual Rows": 66616,
                                                        "Actual Loops": 1
                                                    },
                                                    {
                                                        "Worker Number": 1,
                                                        "Actual Startup Time": 48.985,
                                                        "Actual Total Time": 80.366,
                                                        "Actual Rows": 67656,
                                                        "Actual Loops": 1
                                                    },
                                                    {
                                                        "Worker Number": 2,
                                                        "Actual Startup Time": 48.88,
                                                        "Actual Total Time": 80.721,
                                                        "Actual Rows": 48329,
                                                        "Actual Loops": 1
                                                    },
                                                    {
                                                        "Worker Number": 3,
                                                        "Actual Startup Time": 48.574,
                                                        "Actual Total Time": 79.748,
                                                        "Actual Rows": 70522,
                                                        "Actual Loops": 1
                                                    },
                                                    {
                                                        "Worker Number": 4,
                                                        "Actual Startup Time": 48.842,
                                                        "Actual Total Time": 80.866,
                                                        "Actual Rows": 48557,
                                                        "Actual Loops": 1
                                                    },
                                                    {
                                                        "Worker Number": 5,
                                                        "Actual Startup Time": 48.431,
                                                        "Actual Total Time": 80.879,
                                                        "Actual Rows": 49080,
                                                        "Actual Loops": 1
                                                    }
                                                ]
                                            }
                                        ]
                                    }
                                ]
                            }
                        ]
                    }
                ]
            }
        ]
    },
    "Planning Time": 0.749,
    "Triggers": [],
    "Execution Time": 971.41
}