[
  {
    "Plan": {
      "Node Type": "Aggregate",
      "Strategy": "Plain",
      "Partial Mode": "Finalize",
      "Parallel Aware": false,
      "Startup Cost": 27905.12,
      "Total Cost": 27905.13,
      "Plan Rows": 1,
      "Plan Width": 8,
      "Actual Startup Time": 40.342,
      "Actual Total Time": 46.049,
      "Actual Rows": 1,
      "Actual Loops": 1,
      "Plans": [
        {
          "Node Type": "Gather",
          "Parent Relationship": "Outer",
          "Parallel Aware": false,
          "Startup Cost": 27904.9,
          "Total Cost": 27905.11,
          "Plan Rows": 2,
          "Plan Width": 8,
          "Actual Startup Time": 40.126,
          "Actual Total Time": 46.041,
          "Actual Rows": 3,
          "Actual Loops": 1,
          "Workers Planned": 2,
          "Workers Launched": 2,
          "Single Copy": false,
          "Plans": [
            {
              "Node Type": "Aggregate",
              "Strategy": "Plain",
              "Partial Mode": "Partial",
              "Parent Relationship": "Outer",
              "Parallel Aware": false,
              "Startup Cost": 26904.9,
              "Total Cost": 26904.91,
              "Plan Rows": 1,
              "Plan Width": 8,
              "Actual Startup Time": 32.112,
              "Actual Total Time": 32.113,
              "Actual Rows": 1,
              "Actual Loops": 3,
              "Plans": [
                {
                  "Node Type": "Nested Loop",
                  "Parent Relationship": "Outer",
                  "Parallel Aware": false,
                  "Join Type": "Inner",
                  "Startup Cost": 106.26,
                  "Total Cost": 26899.87,
                  "Plan Rows": 2011,
                  "Plan Width": 0,
                  "Actual Startup Time": 2.538,
                  "Actual Total Time": 31.805,
                  "Actual Rows": 1552,
                  "Actual Loops": 3,
                  "Inner Unique": true,
                  "Plans": [
                    {
                      "Node Type": "Bitmap Heap Scan",
                      "Parent Relationship": "Outer",
                      "Parallel Aware": true,
                      "Relation Name": "movie_keyword",
                      "Alias": "mk",
                      "Startup Cost": 105.83,
                      "Total Cost": 12117.13,
                      "Plan Rows": 2011,
                      "Plan Width": 4,
                      "Actual Startup Time": 2.34,
                      "Actual Total Time": 11.42,
                      "Actual Rows": 1552,
                      "Actual Loops": 3,
                      "Recheck Cond": "(keyword_id = 1515)",
                      "Rows Removed by Index Recheck": 0,
                      "Exact Heap Blocks": 3325,
                      "Lossy Heap Blocks": 0,
                      "Plans": [
                        {
                          "Node Type": "Bitmap Index Scan",
                          "Parent Relationship": "Outer",
                          "Parallel Aware": false,
                          "Index Name": "keyword_id_movie_keyword",
                          "Startup Cost": 0.0,
                          "Total Cost": 104.63,
                          "Plan Rows": 4826,
                          "Plan Width": 0,
                          "Actual Startup Time": 4.494,
                          "Actual Total Time": 4.494,
                          "Actual Rows": 4655,
                          "Actual Loops": 1,
                          "Index Cond": "(keyword_id = 1515)"
                        }
                      ]
                    },
                    {
                      "Node Type": "Index Only Scan",
                      "Parent Relationship": "Inner",
                      "Parallel Aware": false,
                      "Scan Direction": "Forward",
                      "Index Name": "title_pkey",
                      "Relation Name": "title",
                      "Alias": "t",
                      "Startup Cost": 0.43,
                      "Total Cost": 7.35,
                      "Plan Rows": 1,
                      "Plan Width": 4,
                      "Actual Startup Time": 0.012,
                      "Actual Total Time": 0.012,
                      "Actual Rows": 1,
                      "Actual Loops": 4655,
                      "Index Cond": "(id = mk.movie_id)",
                      "Rows Removed by Index Recheck": 0,
                      "Heap Fetches": 4655
                    }
                  ]
                }
              ]
            }
          ]
        }
      ]
    },
    "Planning Time": 0.671,
    "Triggers": [],
    "Execution Time": 46.137
  }
]