[
  {
    "Plan": {
      "Node Type": "Aggregate",
      "Strategy": "Plain",
      "Partial Mode": "Finalize",
      "Parallel Aware": false,
      "Startup Cost": 30145.06,
      "Total Cost": 30145.07,
      "Plan Rows": 1,
      "Plan Width": 8,
      "Actual Startup Time": 64.313,
      "Actual Total Time": 72.034,
      "Actual Rows": 1,
      "Actual Loops": 1,
      "Plans": [
        {
          "Node Type": "Gather",
          "Parent Relationship": "Outer",
          "Parallel Aware": false,
          "Startup Cost": 30144.74,
          "Total Cost": 30145.05,
          "Plan Rows": 3,
          "Plan Width": 8,
          "Actual Startup Time": 64.023,
          "Actual Total Time": 72.025,
          "Actual Rows": 4,
          "Actual Loops": 1,
          "Workers Planned": 3,
          "Workers Launched": 3,
          "Single Copy": false,
          "Plans": [
            {
              "Node Type": "Aggregate",
              "Strategy": "Plain",
              "Partial Mode": "Partial",
              "Parent Relationship": "Outer",
              "Parallel Aware": false,
              "Startup Cost": 29144.74,
              "Total Cost": 29144.75,
              "Plan Rows": 1,
              "Plan Width": 8,
              "Actual Startup Time": 60.631,
              "Actual Total Time": 60.633,
              "Actual Rows": 1,
              "Actual Loops": 4,
              "Plans": [
                {
                  "Node Type": "Bitmap Heap Scan",
                  "Parent Relationship": "Outer",
                  "Parallel Aware": true,
                  "Relation Name": "movie_keyword",
                  "Alias": "mk",
                  "Startup Cost": 3819.64,
                  "Total Cost": 28999.56,
                  "Plan Rows": 58073,
                  "Plan Width": 0,
                  "Actual Startup Time": 15.072,
                  "Actual Total Time": 57.871,
                  "Actual Rows": 46239,
                  "Actual Loops": 4,
                  "Recheck Cond": "(keyword_id > 71480)",
                  "Rows Removed by Index Recheck": 0,
                  "Exact Heap Blocks": 8670,
                  "Lossy Heap Blocks": 0,
                  "Plans": [
                    {
                      "Node Type": "Bitmap Index Scan",
                      "Parent Relationship": "Outer",
                      "Parallel Aware": false,
                      "Index Name": "keyword_id_movie_keyword",
                      "Startup Cost": 0.0,
                      "Total Cost": 3774.63,
                      "Plan Rows": 180027,
                      "Plan Width": 0,
                      "Actual Startup Time": 14.65,
                      "Actual Total Time": 14.65,
                      "Actual Rows": 184956,
                      "Actual Loops": 1,
                      "Index Cond": "(keyword_id > 71480)"
                    }
                  ]
                }
              ]
            }
          ]
        }
      ]
    },
    "Planning Time": 0.081,
    "Triggers": [],
    "Execution Time": 72.069
  }
]