[
  {
    "Plan": {
      "Node Type": "Aggregate",
      "Strategy": "Plain",
      "Partial Mode": "Finalize",
      "Parallel Aware": false,
      "Startup Cost": 30969.24,
      "Total Cost": 30969.25,
      "Plan Rows": 1,
      "Plan Width": 8,
      "Actual Startup Time": 92.261,
      "Actual Total Time": 100.468,
      "Actual Rows": 1,
      "Actual Loops": 1,
      "Plans": [
        {
          "Node Type": "Gather",
          "Parent Relationship": "Outer",
          "Parallel Aware": false,
          "Startup Cost": 30968.92,
          "Total Cost": 30969.23,
          "Plan Rows": 3,
          "Plan Width": 8,
          "Actual Startup Time": 92.145,
          "Actual Total Time": 100.459,
          "Actual Rows": 4,
          "Actual Loops": 1,
          "Workers Planned": 3,
          "Workers Launched": 3,
          "Single Copy": false,
          "Plans": [
            {
              "Node Type": "Aggregate",
              "Strategy": "Plain",
              "Partial Mode": "Partial",
              "Parent Relationship": "Outer",
              "Parallel Aware": false,
              "Startup Cost": 29968.92,
              "Total Cost": 29968.93,
              "Plan Rows": 1,
              "Plan Width": 8,
              "Actual Startup Time": 86.249,
              "Actual Total Time": 86.25,
              "Actual Rows": 1,
              "Actual Loops": 4,
              "Plans": [
                {
                  "Node Type": "Seq Scan",
                  "Parent Relationship": "Outer",
                  "Parallel Aware": true,
                  "Relation Name": "movie_companies",
                  "Alias": "mc",
                  "Startup Cost": 0.0,
                  "Total Cost": 29310.68,
                  "Plan Rows": 263295,
                  "Plan Width": 0,
                  "Actual Startup Time": 20.297,
                  "Actual Total Time": 76.777,
                  "Actual Rows": 201380,
                  "Actual Loops": 4,
                  "Filter": "(company_id > 29802)",
                  "Rows Removed by Filter": 450902
                }
              ]
            }
          ]
        }
      ]
    },
    "Planning Time": 0.191,
    "Triggers": [],
    "Execution Time": 100.579
  }
]