[
  {
    "Plan": {
      "Node Type": "Aggregate",
      "Strategy": "Plain",
      "Partial Mode": "Finalize",
      "Parallel Aware": false,
      "Startup Cost": 347416.5,
      "Total Cost": 347416.51,
      "Plan Rows": 1,
      "Plan Width": 8,
      "Actual Startup Time": 649.445,
      "Actual Total Time": 691.151,
      "Actual Rows": 1,
      "Actual Loops": 1,
      "Plans": [
        {
          "Node Type": "Gather",
          "Parent Relationship": "Outer",
          "Parallel Aware": false,
          "Startup Cost": 347415.88,
          "Total Cost": 347416.48,
          "Plan Rows": 6,
          "Plan Width": 8,
          "Actual Startup Time": 649.254,
          "Actual Total Time": 691.139,
          "Actual Rows": 7,
          "Actual Loops": 1,
          "Workers Planned": 6,
          "Workers Launched": 6,
          "Single Copy": false,
          "Plans": [
            {
              "Node Type": "Aggregate",
              "Strategy": "Plain",
              "Partial Mode": "Partial",
              "Parent Relationship": "Outer",
              "Parallel Aware": false,
              "Startup Cost": 346415.88,
              "Total Cost": 346415.89,
              "Plan Rows": 1,
              "Plan Width": 8,
              "Actual Startup Time": 641.088,
              "Actual Total Time": 641.089,
              "Actual Rows": 1,
              "Actual Loops": 7,
              "Plans": [
                {
                  "Node Type": "Seq Scan",
                  "Parent Relationship": "Outer",
                  "Parallel Aware": true,
                  "Relation Name": "cast_info",
                  "Alias": "ci",
                  "Startup Cost": 0.0,
                  "Total Cost": 343316.27,
                  "Plan Rows": 1239842,
                  "Plan Width": 0,
                  "Actual Startup Time": 334.327,
                  "Actual Total Time": 609.679,
                  "Actual Rows": 677601,
                  "Actual Loops": 7,
                  "Filter": "((person_id < 1680542) AND (role_id > 2))",
                  "Rows Removed by Filter": 4500162
                }
              ]
            }
          ]
        }
      ]
    },
    "Planning Time": 0.1,
    "Triggers": [],
    "Execution Time": 691.194
  }
]