[
  {
    "Plan": {
      "Node Type": "Aggregate",
      "Strategy": "Plain",
      "Partial Mode": "Finalize",
      "Parallel Aware": false,
      "Startup Cost": 46498.13,
      "Total Cost": 46498.14,
      "Plan Rows": 1,
      "Plan Width": 8,
      "Actual Startup Time": 93.446,
      "Actual Total Time": 106.036,
      "Actual Rows": 1,
      "Actual Loops": 1,
      "Plans": [
        {
          "Node Type": "Gather",
          "Parent Relationship": "Outer",
          "Parallel Aware": false,
          "Startup Cost": 46497.71,
          "Total Cost": 46498.12,
          "Plan Rows": 4,
          "Plan Width": 8,
          "Actual Startup Time": 93.257,
          "Actual Total Time": 106.022,
          "Actual Rows": 5,
          "Actual Loops": 1,
          "Workers Planned": 4,
          "Workers Launched": 4,
          "Single Copy": false,
          "Plans": [
            {
              "Node Type": "Aggregate",
              "Strategy": "Plain",
              "Partial Mode": "Partial",
              "Parent Relationship": "Outer",
              "Parallel Aware": false,
              "Startup Cost": 45497.71,
              "Total Cost": 45497.72,
              "Plan Rows": 1,
              "Plan Width": 8,
              "Actual Startup Time": 86.287,
              "Actual Total Time": 86.289,
              "Actual Rows": 1,
              "Actual Loops": 5,
              "Plans": [
                {
                  "Node Type": "Seq Scan",
                  "Parent Relationship": "Outer",
                  "Parallel Aware": true,
                  "Relation Name": "title",
                  "Alias": "t",
                  "Startup Cost": 0.0,
                  "Total Cost": 45479.59,
                  "Plan Rows": 7250,
                  "Plan Width": 0,
                  "Actual Startup Time": 0.228,
                  "Actual Total Time": 85.884,
                  "Actual Rows": 3991,
                  "Actual Loops": 5,
                  "Filter": "((kind_id < 4) AND (production_year = 2004))",
                  "Rows Removed by Filter": 501671
                }
              ]
            }
          ]
        }
      ]
    },
    "Planning Time": 0.157,
    "Triggers": [],
    "Execution Time": 106.092
  }
]