{
  "Plan": {
    "Node Type": "Aggregate",
    "Strategy": "Plain",
    "Partial Mode": "Finalize",
    "Parallel Aware": false,
    "Startup Cost": 101621.73,
    "Total Cost": 101621.74,
    "Plan Rows": 1,
    "Plan Width": 8,
    "Actual Startup Time": 463.26,
    "Actual Total Time": 481.495,
    "Actual Rows": 1,
    "Actual Loops": 1,
    "Plans": [
      {
        "Node Type": "Gather",
        "Parent Relationship": "Outer",
        "Parallel Aware": false,
        "Startup Cost": 101621.61,
        "Total Cost": 101621.72,
        "Plan Rows": 1,
        "Plan Width": 8,
        "Actual Startup Time": 462.171,
        "Actual Total Time": 481.486,
        "Actual Rows": 2,
        "Actual Loops": 1,
        "Workers Planned": 1,
        "Workers Launched": 1,
        "Single Copy": false,
        "Plans": [
          {
            "Node Type": "Aggregate",
            "Strategy": "Plain",
            "Partial Mode": "Partial",
            "Parent Relationship": "Outer",
            "Parallel Aware": false,
            "Startup Cost": 100621.61,
            "Total Cost": 100621.62,
            "Plan Rows": 1,
            "Plan Width": 8,
            "Actual Startup Time": 456.826,
            "Actual Total Time": 456.829,
            "Actual Rows": 1,
            "Actual Loops": 2,
            "Plans": [
              {
                "Node Type": "Hash Join",
                "Parent Relationship": "Outer",
                "Parallel Aware": true,
                "Join Type": "Inner",
                "Startup Cost": 60427.78,
                "Total Cost": 100404.1,
                "Plan Rows": 87006,
                "Plan Width": 0,
                "Actual Startup Time": 236.239,
                "Actual Total Time": 455.051,
                "Actual Rows": 30746,
                "Actual Loops": 2,
                "Inner Unique": true,
                "Hash Cond": "(mc.movie_id = t.id)",
                "Plans": [
                  {
                    "Node Type": "Seq Scan",
                    "Parent Relationship": "Outer",
                    "Parallel Aware": true,
                    "Relation Name": "movie_companies",
                    "Alias": "mc",
                    "Startup Cost": 0.0,
                    "Total Cost": 37974.77,
                    "Plan Rows": 762494,
                    "Plan Width": 4,
                    "Actual Startup Time": 16.809,
                    "Actual Total Time": 134.089,
                    "Actual Rows": 651284,
                    "Actual Loops": 2,
                    "Filter": "(company_id > 11320)",
                    "Rows Removed by Filter": 653280
                  },
                  {
                    "Node Type": "Hash",
                    "Parent Relationship": "Inner",
                    "Parallel Aware": true,
                    "Startup Cost": 58306.47,
                    "Total Cost": 58306.47,
                    "Plan Rows": 169705,
                    "Plan Width": 4,
                    "Actual Startup Time": 213.626,
                    "Actual Total Time": 213.626,
                    "Actual Rows": 146337,
                    "Actual Loops": 2,
                    "Hash Buckets": 524288,
                    "Original Hash Buckets": 524288,
                    "Hash Batches": 1,
                    "Original Hash Batches": 1,
                    "Peak Memory Usage": 15584,
                    "Plans": [
                      {
                        "Node Type": "Seq Scan",
                        "Parent Relationship": "Outer",
                        "Parallel Aware": true,
                        "Relation Name": "title",
                        "Alias": "t",
                        "Startup Cost": 0.0,
                        "Total Cost": 58306.47,
                        "Plan Rows": 169705,
                        "Plan Width": 4,
                        "Actual Startup Time": 0.028,
                        "Actual Total Time": 170.408,
                        "Actual Rows": 146337,
                        "Actual Loops": 2,
                        "Filter": "((kind_id > 1) AND (production_year > 2010))",
                        "Rows Removed by Filter": 1117819
                      }
                    ]
                  }
                ]
              }
            ]
          }
        ]
      }
    ]
  },
  "Planning Time": 0.375,
  "Triggers": [],
  "Execution Time": 481.553
}