[
  {
    "Plan": {
      "Node Type": "Aggregate",
      "Strategy": "Plain",
      "Partial Mode": "Finalize",
      "Parallel Aware": false,
      "Startup Cost": 210715.47,
      "Total Cost": 210715.48,
      "Plan Rows": 1,
      "Plan Width": 8,
      "Actual Startup Time": 1328.027,
      "Actual Total Time": 1387.333,
      "Actual Rows": 1,
      "Actual Loops": 1,
      "Plans": [
        {
          "Node Type": "Gather",
          "Parent Relationship": "Outer",
          "Parallel Aware": false,
          "Startup Cost": 210715.16,
          "Total Cost": 210715.47,
          "Plan Rows": 3,
          "Plan Width": 8,
          "Actual Startup Time": 1315.857,
          "Actual Total Time": 1387.32,
          "Actual Rows": 4,
          "Actual Loops": 1,
          "Workers Planned": 3,
          "Workers Launched": 3,
          "Single Copy": false,
          "Plans": [
            {
              "Node Type": "Aggregate",
              "Strategy": "Plain",
              "Partial Mode": "Partial",
              "Parent Relationship": "Outer",
              "Parallel Aware": false,
              "Startup Cost": 209715.16,
              "Total Cost": 209715.17,
              "Plan Rows": 1,
              "Plan Width": 8,
              "Actual Startup Time": 1296.361,
              "Actual Total Time": 1296.365,
              "Actual Rows": 1,
              "Actual Loops": 4,
              "Plans": [
                {
                  "Node Type": "Nested Loop",
                  "Parent Relationship": "Outer",
                  "Parallel Aware": false,
                  "Join Type": "Inner",
                  "Startup Cost": 55011.35,
                  "Total Cost": 209284.94,
                  "Plan Rows": 172087,
                  "Plan Width": 0,
                  "Actual Startup Time": 386.405,
                  "Actual Total Time": 1269.357,
                  "Actual Rows": 466425,
                  "Actual Loops": 4,
                  "Inner Unique": false,
                  "Plans": [
                    {
                      "Node Type": "Hash Join",
                      "Parent Relationship": "Outer",
                      "Parallel Aware": true,
                      "Join Type": "Inner",
                      "Startup Cost": 55010.91,
                      "Total Cost": 80566.69,
                      "Plan Rows": 72845,
                      "Plan Width": 8,
                      "Actual Startup Time": 386.237,
                      "Actual Total Time": 469.188,
                      "Actual Rows": 55527,
                      "Actual Loops": 4,
                      "Inner Unique": true,
                      "Hash Cond": "(mk.movie_id = t.id)",
                      "Plans": [
                        {
                          "Node Type": "Bitmap Heap Scan",
                          "Parent Relationship": "Outer",
                          "Parallel Aware": true,
                          "Relation Name": "movie_keyword",
                          "Alias": "mk",
                          "Startup Cost": 4790.53,
                          "Total Cost": 30155.09,
                          "Plan Rows": 72845,
                          "Plan Width": 4,
                          "Actual Startup Time": 15.305,
                          "Actual Total Time": 53.419,
                          "Actual Rows": 55527,
                          "Actual Loops": 4,
                          "Recheck Cond": "(keyword_id < 178)",
                          "Rows Removed by Index Recheck": 0,
                          "Exact Heap Blocks": 7804,
                          "Lossy Heap Blocks": 0,
                          "Plans": [
                            {
                              "Node Type": "Bitmap Index Scan",
                              "Parent Relationship": "Outer",
                              "Parallel Aware": false,
                              "Index Name": "keyword_id_movie_keyword",
                              "Startup Cost": 0.0,
                              "Total Cost": 4734.07,
                              "Plan Rows": 225819,
                              "Plan Width": 0,
                              "Actual Startup Time": 11.929,
                              "Actual Total Time": 11.93,
                              "Actual Rows": 222109,
                              "Actual Loops": 1,
                              "Index Cond": "(keyword_id < 178)"
                            }
                          ]
                        },
                        {
                          "Node Type": "Hash",
                          "Parent Relationship": "Inner",
                          "Parallel Aware": true,
                          "Startup Cost": 42319.06,
                          "Total Cost": 42319.06,
                          "Plan Rows": 632106,
                          "Plan Width": 4,
                          "Actual Startup Time": 359.35,
                          "Actual Total Time": 359.351,
                          "Actual Rows": 632078,
                          "Actual Loops": 4,
                          "Hash Buckets": 4194304,
                          "Original Hash Buckets": 4194304,
                          "Hash Batches": 1,
                          "Original Hash Batches": 1,
                          "Peak Memory Usage": 131776,
                          "Plans": [
                            {
                              "Node Type": "Seq Scan",
                              "Parent Relationship": "Outer",
                              "Parallel Aware": true,
                              "Relation Name": "title",
                              "Alias": "t",
                              "Startup Cost": 0.0,
                              "Total Cost": 42319.06,
                              "Plan Rows": 632106,
                              "Plan Width": 4,
                              "Actual Startup Time": 0.048,
                              "Actual Total Time": 103.413,
                              "Actual Rows": 632078,
                              "Actual Loops": 4
                            }
                          ]
                        }
                      ]
                    },
                    {
                      "Node Type": "Index Scan",
                      "Parent Relationship": "Inner",
                      "Parallel Aware": false,
                      "Scan Direction": "Forward",
                      "Index Name": "movie_id_movie_info",
                      "Relation Name": "movie_info",
                      "Alias": "mi",
                      "Startup Cost": 0.43,
                      "Total Cost": 1.6,
                      "Plan Rows": 17,
                      "Plan Width": 4,
                      "Actual Startup Time": 0.004,
                      "Actual Total Time": 0.013,
                      "Actual Rows": 8,
                      "Actual Loops": 222109,
                      "Index Cond": "(movie_id = t.id)",
                      "Rows Removed by Index Recheck": 0,
                      "Filter": "(info_type_id < 7)",
                      "Rows Removed by Filter": 29
                    }
                  ]
                }
              ]
            }
          ]
        }
      ]
    },
    "Planning Time": 1.493,
    "Triggers": [],
    "Execution Time": 1387.483
  }
]