[
  {
    "Plan": {
      "Node Type": "Aggregate",
      "Strategy": "Plain",
      "Partial Mode": "Finalize",
      "Parallel Aware": false,
      "Startup Cost": 204090.34,
      "Total Cost": 204090.35,
      "Plan Rows": 1,
      "Plan Width": 8,
      "Actual Startup Time": 1264.327,
      "Actual Total Time": 1322.61,
      "Actual Rows": 1,
      "Actual Loops": 1,
      "Plans": [
        {
          "Node Type": "Gather",
          "Parent Relationship": "Outer",
          "Parallel Aware": false,
          "Startup Cost": 204090.02,
          "Total Cost": 204090.33,
          "Plan Rows": 3,
          "Plan Width": 8,
          "Actual Startup Time": 1256.197,
          "Actual Total Time": 1322.6,
          "Actual Rows": 4,
          "Actual Loops": 1,
          "Workers Planned": 3,
          "Workers Launched": 3,
          "Single Copy": false,
          "Plans": [
            {
              "Node Type": "Aggregate",
              "Strategy": "Plain",
              "Partial Mode": "Partial",
              "Parent Relationship": "Outer",
              "Parallel Aware": false,
              "Startup Cost": 203090.02,
              "Total Cost": 203090.03,
              "Plan Rows": 1,
              "Plan Width": 8,
              "Actual Startup Time": 1237.721,
              "Actual Total Time": 1237.725,
              "Actual Rows": 1,
              "Actual Loops": 4,
              "Plans": [
                {
                  "Node Type": "Nested Loop",
                  "Parent Relationship": "Outer",
                  "Parallel Aware": false,
                  "Join Type": "Inner",
                  "Startup Cost": 54727.12,
                  "Total Cost": 202695.21,
                  "Plan Rows": 157925,
                  "Plan Width": 0,
                  "Actual Startup Time": 354.01,
                  "Actual Total Time": 1215.237,
                  "Actual Rows": 466425,
                  "Actual Loops": 4,
                  "Inner Unique": false,
                  "Plans": [
                    {
                      "Node Type": "Hash Join",
                      "Parent Relationship": "Outer",
                      "Parallel Aware": true,
                      "Join Type": "Inner",
                      "Startup Cost": 54726.69,
                      "Total Cost": 80217.32,
                      "Plan Rows": 68537,
                      "Plan Width": 8,
                      "Actual Startup Time": 353.868,
                      "Actual Total Time": 428.948,
                      "Actual Rows": 55527,
                      "Actual Loops": 4,
                      "Inner Unique": true,
                      "Hash Cond": "(mk.movie_id = t.id)",
                      "Plans": [
                        {
                          "Node Type": "Bitmap Heap Scan",
                          "Parent Relationship": "Outer",
                          "Parallel Aware": true,
                          "Relation Name": "movie_keyword",
                          "Alias": "mk",
                          "Startup Cost": 4507.04,
                          "Total Cost": 29817.76,
                          "Plan Rows": 68537,
                          "Plan Width": 4,
                          "Actual Startup Time": 14.827,
                          "Actual Total Time": 52.757,
                          "Actual Rows": 55527,
                          "Actual Loops": 4,
                          "Recheck Cond": "(keyword_id < 178)",
                          "Rows Removed by Index Recheck": 0,
                          "Exact Heap Blocks": 7330,
                          "Lossy Heap Blocks": 0,
                          "Plans": [
                            {
                              "Node Type": "Bitmap Index Scan",
                              "Parent Relationship": "Outer",
                              "Parallel Aware": false,
                              "Index Name": "keyword_id_movie_keyword",
                              "Startup Cost": 0.0,
                              "Total Cost": 4453.93,
                              "Plan Rows": 212466,
                              "Plan Width": 0,
                              "Actual Startup Time": 11.344,
                              "Actual Total Time": 11.345,
                              "Actual Rows": 222109,
                              "Actual Loops": 1,
                              "Index Cond": "(keyword_id < 178)"
                            }
                          ]
                        },
                        {
                          "Node Type": "Hash",
                          "Parent Relationship": "Inner",
                          "Parallel Aware": true,
                          "Startup Cost": 42318.73,
                          "Total Cost": 42318.73,
                          "Plan Rows": 632073,
                          "Plan Width": 4,
                          "Actual Startup Time": 328.245,
                          "Actual Total Time": 328.246,
                          "Actual Rows": 632078,
                          "Actual Loops": 4,
                          "Hash Buckets": 4194304,
                          "Original Hash Buckets": 4194304,
                          "Hash Batches": 1,
                          "Original Hash Batches": 1,
                          "Peak Memory Usage": 131776,
                          "Plans": [
                            {
                              "Node Type": "Seq Scan",
                              "Parent Relationship": "Outer",
                              "Parallel Aware": true,
                              "Relation Name": "title",
                              "Alias": "t",
                              "Startup Cost": 0.0,
                              "Total Cost": 42318.73,
                              "Plan Rows": 632073,
                              "Plan Width": 4,
                              "Actual Startup Time": 0.037,
                              "Actual Total Time": 95.827,
                              "Actual Rows": 632078,
                              "Actual Loops": 4
                            }
                          ]
                        }
                      ]
                    },
                    {
                      "Node Type": "Index Scan",
                      "Parent Relationship": "Inner",
                      "Parallel Aware": false,
                      "Scan Direction": "Forward",
                      "Index Name": "movie_id_movie_info",
                      "Relation Name": "movie_info",
                      "Alias": "mi",
                      "Startup Cost": 0.43,
                      "Total Cost": 1.62,
                      "Plan Rows": 17,
                      "Plan Width": 4,
                      "Actual Startup Time": 0.004,
                      "Actual Total Time": 0.013,
                      "Actual Rows": 8,
                      "Actual Loops": 222109,
                      "Index Cond": "(movie_id = t.id)",
                      "Rows Removed by Index Recheck": 0,
                      "Filter": "(info_type_id < 7)",
                      "Rows Removed by Filter": 29
                    }
                  ]
                }
              ]
            }
          ]
        }
      ]
    },
    "Planning Time": 1.358,
    "Triggers": [],
    "Execution Time": 1322.736
  }
]