[
  {
    "Plan": {
      "Node Type": "Aggregate",
      "Strategy": "Plain",
      "Partial Mode": "Finalize",
      "Parallel Aware": false,
      "Startup Cost": 76325.37,
      "Total Cost": 76325.38,
      "Plan Rows": 1,
      "Plan Width": 8,
      "Actual Startup Time": 216.467,
      "Actual Total Time": 232.684,
      "Actual Rows": 1,
      "Actual Loops": 1,
      "Plans": [
        {
          "Node Type": "Gather",
          "Parent Relationship": "Outer",
          "Parallel Aware": false,
          "Startup Cost": 76325.05,
          "Total Cost": 76325.36,
          "Plan Rows": 3,
          "Plan Width": 8,
          "Actual Startup Time": 215.686,
          "Actual Total Time": 232.669,
          "Actual Rows": 4,
          "Actual Loops": 1,
          "Workers Planned": 3,
          "Workers Launched": 3,
          "Single Copy": false,
          "Plans": [
            {
              "Node Type": "Aggregate",
              "Strategy": "Plain",
              "Partial Mode": "Partial",
              "Parent Relationship": "Outer",
              "Parallel Aware": false,
              "Startup Cost": 75325.05,
              "Total Cost": 75325.06,
              "Plan Rows": 1,
              "Plan Width": 8,
              "Actual Startup Time": 206.322,
              "Actual Total Time": 206.326,
              "Actual Rows": 1,
              "Actual Loops": 4,
              "Plans": [
                {
                  "Node Type": "Hash Join",
                  "Parent Relationship": "Outer",
                  "Parallel Aware": true,
                  "Join Type": "Inner",
                  "Startup Cost": 54538.87,
                  "Total Cost": 75315.24,
                  "Plan Rows": 3925,
                  "Plan Width": 0,
                  "Actual Startup Time": 141.676,
                  "Actual Total Time": 206.125,
                  "Actual Rows": 2230,
                  "Actual Loops": 4,
                  "Inner Unique": true,
                  "Hash Cond": "(mc.movie_id = t.id)",
                  "Plans": [
                    {
                      "Node Type": "Bitmap Heap Scan",
                      "Parent Relationship": "Outer",
                      "Parallel Aware": true,
                      "Relation Name": "movie_companies",
                      "Alias": "mc",
                      "Startup Cost": 8823.63,
                      "Total Cost": 29255.26,
                      "Plan Rows": 131330,
                      "Plan Width": 4,
                      "Actual Startup Time": 28.04,
                      "Actual Total Time": 71.336,
                      "Actual Rows": 100915,
                      "Actual Loops": 4,
                      "Recheck Cond": "(company_id < 258)",
                      "Rows Removed by Index Recheck": 0,
                      "Exact Heap Blocks": 5400,
                      "Lossy Heap Blocks": 0,
                      "Plans": [
                        {
                          "Node Type": "Bitmap Index Scan",
                          "Parent Relationship": "Outer",
                          "Parallel Aware": false,
                          "Index Name": "company_id_movie_companies",
                          "Startup Cost": 0.0,
                          "Total Cost": 8721.85,
                          "Plan Rows": 407123,
                          "Plan Width": 0,
                          "Actual Startup Time": 23.609,
                          "Actual Total Time": 23.611,
                          "Actual Rows": 403659,
                          "Actual Loops": 1,
                          "Index Cond": "(company_id < 258)"
                        }
                      ]
                    },
                    {
                      "Node Type": "Hash",
                      "Parent Relationship": "Inner",
                      "Parallel Aware": true,
                      "Startup Cost": 45479.1,
                      "Total Cost": 45479.1,
                      "Plan Rows": 18891,
                      "Plan Width": 4,
                      "Actual Startup Time": 112.14,
                      "Actual Total Time": 112.141,
                      "Actual Rows": 21019,
                      "Actual Loops": 4,
                      "Hash Buckets": 131072,
                      "Original Hash Buckets": 131072,
                      "Hash Batches": 1,
                      "Original Hash Batches": 1,
                      "Peak Memory Usage": 4352,
                      "Plans": [
                        {
                          "Node Type": "Seq Scan",
                          "Parent Relationship": "Outer",
                          "Parallel Aware": true,
                          "Relation Name": "title",
                          "Alias": "t",
                          "Startup Cost": 0.0,
                          "Total Cost": 45479.1,
                          "Plan Rows": 18891,
                          "Plan Width": 4,
                          "Actual Startup Time": 0.047,
                          "Actual Total Time": 103.214,
                          "Actual Rows": 21019,
                          "Actual Loops": 4,
                          "Filter": "((kind_id = 7) AND (production_year = 2007))",
                          "Rows Removed by Filter": 611059
                        }
                      ]
                    }
                  ]
                }
              ]
            }
          ]
        }
      ]
    },
    "Planning Time": 0.463,
    "Triggers": [],
    "Execution Time": 232.762
  }
]