[
  {
    "Plan": {
      "Node Type": "Aggregate",
      "Strategy": "Plain",
      "Partial Mode": "Finalize",
      "Parallel Aware": false,
      "Startup Cost": 46675.52,
      "Total Cost": 46675.53,
      "Plan Rows": 1,
      "Plan Width": 8,
      "Actual Startup Time": 162.454,
      "Actual Total Time": 171.964,
      "Actual Rows": 1,
      "Actual Loops": 1,
      "Plans": [
        {
          "Node Type": "Gather",
          "Parent Relationship": "Outer",
          "Parallel Aware": false,
          "Startup Cost": 46675.2,
          "Total Cost": 46675.51,
          "Plan Rows": 3,
          "Plan Width": 8,
          "Actual Startup Time": 162.354,
          "Actual Total Time": 171.957,
          "Actual Rows": 4,
          "Actual Loops": 1,
          "Workers Planned": 3,
          "Workers Launched": 3,
          "Single Copy": false,
          "Plans": [
            {
              "Node Type": "Aggregate",
              "Strategy": "Plain",
              "Partial Mode": "Partial",
              "Parent Relationship": "Outer",
              "Parallel Aware": false,
              "Startup Cost": 45675.2,
              "Total Cost": 45675.21,
              "Plan Rows": 1,
              "Plan Width": 8,
              "Actual Startup Time": 156.093,
              "Actual Total Time": 156.094,
              "Actual Rows": 1,
              "Actual Loops": 4,
              "Plans": [
                {
                  "Node Type": "Seq Scan",
                  "Parent Relationship": "Outer",
                  "Parallel Aware": true,
                  "Relation Name": "movie_keyword",
                  "Alias": "mk",
                  "Startup Cost": 0.0,
                  "Total Cost": 42695.65,
                  "Plan Rows": 1191819,
                  "Plan Width": 0,
                  "Actual Startup Time": 0.09,
                  "Actual Total Time": 117.25,
                  "Actual Rows": 921089,
                  "Actual Loops": 4,
                  "Filter": "(keyword_id > 802)",
                  "Rows Removed by Filter": 209894
                }
              ]
            }
          ]
        }
      ]
    },
    "Planning Time": 0.119,
    "Triggers": [],
    "Execution Time": 172.003
  }
]