[
  {
    "Plan": {
      "Node Type": "Aggregate",
      "Strategy": "Plain",
      "Partial Mode": "Finalize",
      "Parallel Aware": false,
      "Startup Cost": 48626.62,
      "Total Cost": 48626.63,
      "Plan Rows": 1,
      "Plan Width": 8,
      "Actual Startup Time": 75.069,
      "Actual Total Time": 83.182,
      "Actual Rows": 1,
      "Actual Loops": 1,
      "Plans": [
        {
          "Node Type": "Gather",
          "Parent Relationship": "Outer",
          "Parallel Aware": false,
          "Startup Cost": 48626.2,
          "Total Cost": 48626.61,
          "Plan Rows": 4,
          "Plan Width": 8,
          "Actual Startup Time": 74.836,
          "Actual Total Time": 83.174,
          "Actual Rows": 5,
          "Actual Loops": 1,
          "Workers Planned": 4,
          "Workers Launched": 4,
          "Single Copy": false,
          "Plans": [
            {
              "Node Type": "Aggregate",
              "Strategy": "Plain",
              "Partial Mode": "Partial",
              "Parent Relationship": "Outer",
              "Parallel Aware": false,
              "Startup Cost": 47626.2,
              "Total Cost": 47626.21,
              "Plan Rows": 1,
              "Plan Width": 8,
              "Actual Startup Time": 65.213,
              "Actual Total Time": 65.215,
              "Actual Rows": 1,
              "Actual Loops": 5,
              "Plans": [
                {
                  "Node Type": "Nested Loop",
                  "Parent Relationship": "Outer",
                  "Parallel Aware": false,
                  "Join Type": "Inner",
                  "Startup Cost": 2182.4,
                  "Total Cost": 47625.98,
                  "Plan Rows": 87,
                  "Plan Width": 0,
                  "Actual Startup Time": 16.617,
                  "Actual Total Time": 65.176,
                  "Actual Rows": 149,
                  "Actual Loops": 5,
                  "Inner Unique": false,
                  "Plans": [
                    {
                      "Node Type": "Bitmap Heap Scan",
                      "Parent Relationship": "Outer",
                      "Parallel Aware": true,
                      "Relation Name": "title",
                      "Alias": "t",
                      "Startup Cost": 2181.97,
                      "Total Cost": 38638.22,
                      "Plan Rows": 1032,
                      "Plan Width": 4,
                      "Actual Startup Time": 15.059,
                      "Actual Total Time": 41.445,
                      "Actual Rows": 1545,
                      "Actual Loops": 5,
                      "Recheck Cond": "(kind_id = 4)",
                      "Rows Removed by Index Recheck": 0,
                      "Filter": "(production_year = 2004)",
                      "Rows Removed by Filter": 22101,
                      "Exact Heap Blocks": 6697,
                      "Lossy Heap Blocks": 0,
                      "Plans": [
                        {
                          "Node Type": "Bitmap Index Scan",
                          "Parent Relationship": "Outer",
                          "Parallel Aware": false,
                          "Index Name": "kind_id_title",
                          "Startup Cost": 0.0,
                          "Total Cost": 2180.94,
                          "Plan Rows": 122201,
                          "Plan Width": 0,
                          "Actual Startup Time": 19.14,
                          "Actual Total Time": 19.14,
                          "Actual Rows": 118234,
                          "Actual Loops": 1,
                          "Index Cond": "(kind_id = 4)"
                        }
                      ]
                    },
                    {
                      "Node Type": "Index Scan",
                      "Parent Relationship": "Inner",
                      "Parallel Aware": false,
                      "Scan Direction": "Forward",
                      "Index Name": "movie_id_movie_keyword",
                      "Relation Name": "movie_keyword",
                      "Alias": "mk",
                      "Startup Cost": 0.43,
                      "Total Cost": 8.69,
                      "Plan Rows": 2,
                      "Plan Width": 4,
                      "Actual Startup Time": 0.015,
                      "Actual Total Time": 0.015,
                      "Actual Rows": 0,
                      "Actual Loops": 7727,
                      "Index Cond": "(movie_id = t.id)",
                      "Rows Removed by Index Recheck": 0,
                      "Filter": "(keyword_id < 178)",
                      "Rows Removed by Filter": 4
                    }
                  ]
                }
              ]
            }
          ]
        }
      ]
    },
    "Planning Time": 0.628,
    "Triggers": [],
    "Execution Time": 83.283
  }
]