[
  {
    "Plan": {
      "Node Type": "Aggregate",
      "Strategy": "Plain",
      "Partial Mode": "Finalize",
      "Parallel Aware": false,
      "Startup Cost": 46686.39,
      "Total Cost": 46686.4,
      "Plan Rows": 1,
      "Plan Width": 8,
      "Actual Startup Time": 160.135,
      "Actual Total Time": 167.425,
      "Actual Rows": 1,
      "Actual Loops": 1,
      "Plans": [
        {
          "Node Type": "Gather",
          "Parent Relationship": "Outer",
          "Parallel Aware": false,
          "Startup Cost": 46686.07,
          "Total Cost": 46686.38,
          "Plan Rows": 3,
          "Plan Width": 8,
          "Actual Startup Time": 159.999,
          "Actual Total Time": 167.418,
          "Actual Rows": 4,
          "Actual Loops": 1,
          "Workers Planned": 3,
          "Workers Launched": 3,
          "Single Copy": false,
          "Plans": [
            {
              "Node Type": "Aggregate",
              "Strategy": "Plain",
              "Partial Mode": "Partial",
              "Parent Relationship": "Outer",
              "Parallel Aware": false,
              "Startup Cost": 45686.07,
              "Total Cost": 45686.08,
              "Plan Rows": 1,
              "Plan Width": 8,
              "Actual Startup Time": 154.527,
              "Actual Total Time": 154.528,
              "Actual Rows": 1,
              "Actual Loops": 4,
              "Plans": [
                {
                  "Node Type": "Seq Scan",
                  "Parent Relationship": "Outer",
                  "Parallel Aware": true,
                  "Relation Name": "movie_keyword",
                  "Alias": "mk",
                  "Startup Cost": 0.0,
                  "Total Cost": 42695.65,
                  "Plan Rows": 1196166,
                  "Plan Width": 0,
                  "Actual Startup Time": 0.102,
                  "Actual Total Time": 115.791,
                  "Actual Rows": 924428,
                  "Actual Loops": 4,
                  "Filter": "(keyword_id > 788)",
                  "Rows Removed by Filter": 206555
                }
              ]
            }
          ]
        }
      ]
    },
    "Planning Time": 0.147,
    "Triggers": [],
    "Execution Time": 167.473
  }
]