{
  "Plan": {
    "Node Type": "Aggregate",
    "Strategy": "Plain",
    "Partial Mode": "Finalize",
    "Parallel Aware": false,
    "Startup Cost": 402406.04,
    "Total Cost": 402406.05,
    "Plan Rows": 1,
    "Plan Width": 8,
    "Actual Startup Time": 3079.046,
    "Actual Total Time": 3125.605,
    "Actual Rows": 1,
    "Actual Loops": 1,
    "Plans": [
      {
        "Node Type": "Gather",
        "Parent Relationship": "Outer",
        "Parallel Aware": false,
        "Startup Cost": 402405.92,
        "Total Cost": 402406.03,
        "Plan Rows": 1,
        "Plan Width": 8,
        "Actual Startup Time": 3076.244,
        "Actual Total Time": 3125.597,
        "Actual Rows": 2,
        "Actual Loops": 1,
        "Workers Planned": 1,
        "Workers Launched": 1,
        "Single Copy": false,
        "Plans": [
          {
            "Node Type": "Aggregate",
            "Strategy": "Plain",
            "Partial Mode": "Partial",
            "Parent Relationship": "Outer",
            "Parallel Aware": false,
            "Startup Cost": 401405.92,
            "Total Cost": 401405.93,
            "Plan Rows": 1,
            "Plan Width": 8,
            "Actual Startup Time": 3069.977,
            "Actual Total Time": 3069.984,
            "Actual Rows": 1,
            "Actual Loops": 2,
            "Plans": [
              {
                "Node Type": "Hash Join",
                "Parent Relationship": "Outer",
                "Parallel Aware": true,
                "Join Type": "Inner",
                "Startup Cost": 104332.77,
                "Total Cost": 396781.21,
                "Plan Rows": 1849887,
                "Plan Width": 0,
                "Actual Startup Time": 710.255,
                "Actual Total Time": 2873.9,
                "Actual Rows": 5059318,
                "Actual Loops": 2,
                "Inner Unique": false,
                "Hash Cond": "(mi.movie_id = t.id)",
                "Plans": [
                  {
                    "Node Type": "Seq Scan",
                    "Parent Relationship": "Outer",
                    "Parallel Aware": true,
                    "Relation Name": "movie_info",
                    "Alias": "mi",
                    "Startup Cost": 0.0,
                    "Total Cost": 248955.74,
                    "Plan Rows": 8696274,
                    "Plan Width": 4,
                    "Actual Startup Time": 0.016,
                    "Actual Total Time": 644.691,
                    "Actual Rows": 7417860,
                    "Actual Loops": 2
                  },
                  {
                    "Node Type": "Hash",
                    "Parent Relationship": "Inner",
                    "Parallel Aware": true,
                    "Startup Cost": 100378.2,
                    "Total Cost": 100378.2,
                    "Plan Rows": 316366,
                    "Plan Width": 8,
                    "Actual Startup Time": 700.929,
                    "Actual Total Time": 700.934,
                    "Actual Rows": 266706,
                    "Actual Loops": 2,
                    "Hash Buckets": 1048576,
                    "Original Hash Buckets": 1048576,
                    "Hash Batches": 1,
                    "Original Hash Batches": 1,
                    "Peak Memory Usage": 29088,
                    "Plans": [
                      {
                        "Node Type": "Hash Join",
                        "Parent Relationship": "Outer",
                        "Parallel Aware": true,
                        "Join Type": "Inner",
                        "Startup Cost": 38351.71,
                        "Total Cost": 100378.2,
                        "Plan Rows": 316366,
                        "Plan Width": 8,
                        "Actual Startup Time": 184.692,
                        "Actual Total Time": 620.912,
                        "Actual Rows": 266706,
                        "Actual Loops": 2,
                        "Inner Unique": false,
                        "Hash Cond": "(t.id = mc.movie_id)",
                        "Plans": [
                          {
                            "Node Type": "Seq Scan",
                            "Parent Relationship": "Outer",
                            "Parallel Aware": true,
                            "Relation Name": "title",
                            "Alias": "t",
                            "Startup Cost": 0.0,
                            "Total Cost": 50870.31,
                            "Plan Rows": 1487231,
                            "Plan Width": 4,
                            "Actual Startup Time": 0.011,
                            "Actual Total Time": 124.36,
                            "Actual Rows": 1264156,
                            "Actual Loops": 2
                          },
                          {
                            "Node Type": "Hash",
                            "Parent Relationship": "Inner",
                            "Parallel Aware": true,
                            "Startup Cost": 34397.14,
                            "Total Cost": 34397.14,
                            "Plan Rows": 316366,
                            "Plan Width": 4,
                            "Actual Startup Time": 179.02,
                            "Actual Total Time": 179.021,
                            "Actual Rows": 266706,
                            "Actual Loops": 2,
                            "Hash Buckets": 1048576,
                            "Original Hash Buckets": 1048576,
                            "Hash Batches": 1,
                            "Original Hash Batches": 1,
                            "Peak Memory Usage": 29088,
                            "Plans": [
                              {
                                "Node Type": "Bitmap Heap Scan",
                                "Parent Relationship": "Outer",
                                "Parallel Aware": true,
                                "Relation Name": "movie_companies",
                                "Alias": "mc",
                                "Startup Cost": 11652.56,
                                "Total Cost": 34397.14,
                                "Plan Rows": 316366,
                                "Plan Width": 4,
                                "Actual Startup Time": 28.735,
                                "Actual Total Time": 101.455,
                                "Actual Rows": 266706,
                                "Actual Loops": 2,
                                "Recheck Cond": "(company_id < 521)",
                                "Rows Removed by Index Recheck": 0,
                                "Exact Heap Blocks": 10674,
                                "Lossy Heap Blocks": 0,
                                "Plans": [
                                  {
                                    "Node Type": "Bitmap Index Scan",
                                    "Parent Relationship": "Outer",
                                    "Parallel Aware": false,
                                    "Index Name": "company_id_movie_companies",
                                    "Startup Cost": 0.0,
                                    "Total Cost": 11518.1,
                                    "Plan Rows": 537823,
                                    "Plan Width": 0,
                                    "Actual Startup Time": 26.02,
                                    "Actual Total Time": 26.02,
                                    "Actual Rows": 533412,
                                    "Actual Loops": 1,
                                    "Index Cond": "(company_id < 521)"
                                  }
                                ]
                              }
                            ]
                          }
                        ]
                      }
                    ]
                  }
                ]
              }
            ]
          }
        ]
      }
    ]
  },
  "Planning Time": 0.634,
  "Triggers": [],
  "Execution Time": 3125.717
}