[
  {
    "Plan": {
      "Node Type": "Aggregate",
      "Strategy": "Plain",
      "Partial Mode": "Simple",
      "Parallel Aware": false,
      "Startup Cost": 255017.26,
      "Total Cost": 255017.27,
      "Plan Rows": 1,
      "Plan Width": 8,
      "Actual Startup Time": 56.307,
      "Actual Total Time": 56.308,
      "Actual Rows": 1,
      "Actual Loops": 1,
      "Plans": [
        {
          "Node Type": "Bitmap Heap Scan",
          "Parent Relationship": "Outer",
          "Parallel Aware": false,
          "Relation Name": "cast_info",
          "Alias": "ci",
          "Startup Cost": 4306.74,
          "Total Cost": 254530.1,
          "Plan Rows": 194861,
          "Plan Width": 0,
          "Actual Startup Time": 16.498,
          "Actual Total Time": 43.256,
          "Actual Rows": 200122,
          "Actual Loops": 1,
          "Recheck Cond": "(person_id > 4026798)",
          "Rows Removed by Index Recheck": 0,
          "Exact Heap Blocks": 2283,
          "Lossy Heap Blocks": 0,
          "Plans": [
            {
              "Node Type": "Bitmap Index Scan",
              "Parent Relationship": "Outer",
              "Parallel Aware": false,
              "Index Name": "person_id_cast_info",
              "Startup Cost": 0.0,
              "Total Cost": 4258.02,
              "Plan Rows": 194861,
              "Plan Width": 0,
              "Actual Startup Time": 15.943,
              "Actual Total Time": 15.943,
              "Actual Rows": 200122,
              "Actual Loops": 1,
              "Index Cond": "(person_id > 4026798)"
            }
          ]
        }
      ]
    },
    "Planning Time": 0.178,
    "Triggers": [],
    "Execution Time": 56.347
  }
]