[
  {
    "Plan": {
      "Node Type": "Aggregate",
      "Strategy": "Plain",
      "Partial Mode": "Finalize",
      "Parallel Aware": false,
      "Startup Cost": 94675.96,
      "Total Cost": 94675.97,
      "Plan Rows": 1,
      "Plan Width": 8,
      "Actual Startup Time": 161.704,
      "Actual Total Time": 178.583,
      "Actual Rows": 1,
      "Actual Loops": 1,
      "Plans": [
        {
          "Node Type": "Gather",
          "Parent Relationship": "Outer",
          "Parallel Aware": false,
          "Startup Cost": 94675.54,
          "Total Cost": 94675.95,
          "Plan Rows": 4,
          "Plan Width": 8,
          "Actual Startup Time": 161.15,
          "Actual Total Time": 178.575,
          "Actual Rows": 5,
          "Actual Loops": 1,
          "Workers Planned": 4,
          "Workers Launched": 4,
          "Single Copy": false,
          "Plans": [
            {
              "Node Type": "Aggregate",
              "Strategy": "Plain",
              "Partial Mode": "Partial",
              "Parent Relationship": "Outer",
              "Parallel Aware": false,
              "Startup Cost": 93675.54,
              "Total Cost": 93675.55,
              "Plan Rows": 1,
              "Plan Width": 8,
              "Actual Startup Time": 155.777,
              "Actual Total Time": 155.78,
              "Actual Rows": 1,
              "Actual Loops": 5,
              "Plans": [
                {
                  "Node Type": "Hash Join",
                  "Parent Relationship": "Outer",
                  "Parallel Aware": true,
                  "Join Type": "Inner",
                  "Startup Cost": 45539.64,
                  "Total Cost": 93673.38,
                  "Plan Rows": 864,
                  "Plan Width": 0,
                  "Actual Startup Time": 86.771,
                  "Actual Total Time": 155.694,
                  "Actual Rows": 1813,
                  "Actual Loops": 5,
                  "Inner Unique": true,
                  "Hash Cond": "(ci.movie_id = t.id)",
                  "Plans": [
                    {
                      "Node Type": "Index Scan",
                      "Parent Relationship": "Outer",
                      "Parallel Aware": true,
                      "Scan Direction": "Forward",
                      "Index Name": "role_id_cast_info",
                      "Relation Name": "cast_info",
                      "Alias": "ci",
                      "Startup Cost": 0.56,
                      "Total Cost": 47835.41,
                      "Plan Rows": 113866,
                      "Plan Width": 4,
                      "Actual Startup Time": 0.245,
                      "Actual Total Time": 57.308,
                      "Actual Rows": 87906,
                      "Actual Loops": 5,
                      "Index Cond": "(role_id = 8)",
                      "Rows Removed by Index Recheck": 0,
                      "Filter": "(person_id < 954548)",
                      "Rows Removed by Filter": 252802
                    },
                    {
                      "Node Type": "Hash",
                      "Parent Relationship": "Inner",
                      "Parallel Aware": true,
                      "Startup Cost": 45479.1,
                      "Total Cost": 45479.1,
                      "Plan Rows": 4798,
                      "Plan Width": 4,
                      "Actual Startup Time": 85.019,
                      "Actual Total Time": 85.021,
                      "Actual Rows": 10344,
                      "Actual Loops": 5,
                      "Hash Buckets": 65536,
                      "Original Hash Buckets": 32768,
                      "Hash Batches": 1,
                      "Original Hash Batches": 1,
                      "Peak Memory Usage": 2848,
                      "Plans": [
                        {
                          "Node Type": "Seq Scan",
                          "Parent Relationship": "Outer",
                          "Parallel Aware": true,
                          "Relation Name": "title",
                          "Alias": "t",
                          "Startup Cost": 0.0,
                          "Total Cost": 45479.1,
                          "Plan Rows": 4798,
                          "Plan Width": 4,
                          "Actual Startup Time": 53.598,
                          "Actual Total Time": 79.713,
                          "Actual Rows": 10344,
                          "Actual Loops": 5,
                          "Filter": "((kind_id < 7) AND (production_year < 1914))",
                          "Rows Removed by Filter": 495318
                        }
                      ]
                    }
                  ]
                }
              ]
            }
          ]
        }
      ]
    },
    "Planning Time": 0.427,
    "Triggers": [],
    "Execution Time": 178.649
  }
]