[
  {
    "Plan": {
      "Node Type": "Aggregate",
      "Strategy": "Plain",
      "Partial Mode": "Finalize",
      "Parallel Aware": false,
      "Startup Cost": 143195.52,
      "Total Cost": 143195.53,
      "Plan Rows": 1,
      "Plan Width": 8,
      "Actual Startup Time": 534.028,
      "Actual Total Time": 547.702,
      "Actual Rows": 1,
      "Actual Loops": 1,
      "Plans": [
        {
          "Node Type": "Gather",
          "Parent Relationship": "Outer",
          "Parallel Aware": false,
          "Startup Cost": 143195.0,
          "Total Cost": 143195.51,
          "Plan Rows": 5,
          "Plan Width": 8,
          "Actual Startup Time": 527.485,
          "Actual Total Time": 547.696,
          "Actual Rows": 6,
          "Actual Loops": 1,
          "Workers Planned": 5,
          "Workers Launched": 5,
          "Single Copy": false,
          "Plans": [
            {
              "Node Type": "Aggregate",
              "Strategy": "Plain",
              "Partial Mode": "Partial",
              "Parent Relationship": "Outer",
              "Parallel Aware": false,
              "Startup Cost": 142195.0,
              "Total Cost": 142195.01,
              "Plan Rows": 1,
              "Plan Width": 8,
              "Actual Startup Time": 521.078,
              "Actual Total Time": 521.277,
              "Actual Rows": 1,
              "Actual Loops": 6,
              "Plans": [
                {
                  "Node Type": "Hash Join",
                  "Parent Relationship": "Outer",
                  "Parallel Aware": true,
                  "Join Type": "Inner",
                  "Startup Cost": 68449.2,
                  "Total Cost": 141713.28,
                  "Plan Rows": 192686,
                  "Plan Width": 0,
                  "Actual Startup Time": 298.128,
                  "Actual Total Time": 509.556,
                  "Actual Rows": 291794,
                  "Actual Loops": 6,
                  "Inner Unique": false,
                  "Hash Cond": "(ci.movie_id = t.id)",
                  "Plans": [
                    {
                      "Node Type": "Index Scan",
                      "Parent Relationship": "Outer",
                      "Parallel Aware": true,
                      "Scan Direction": "Forward",
                      "Index Name": "role_id_cast_info",
                      "Relation Name": "cast_info",
                      "Alias": "ci",
                      "Startup Cost": 0.56,
                      "Total Cost": 70799.91,
                      "Plan Rows": 528807,
                      "Plan Width": 4,
                      "Actual Startup Time": 0.123,
                      "Actual Total Time": 71.334,
                      "Actual Rows": 454824,
                      "Actual Loops": 6,
                      "Index Cond": "(role_id = 4)",
                      "Rows Removed by Index Recheck": 0
                    },
                    {
                      "Node Type": "Hash",
                      "Parent Relationship": "Inner",
                      "Parallel Aware": true,
                      "Startup Cost": 65569.69,
                      "Total Cost": 65569.69,
                      "Plan Rows": 230316,
                      "Plan Width": 8,
                      "Actual Startup Time": 296.287,
                      "Actual Total Time": 296.485,
                      "Actual Rows": 153308,
                      "Actual Loops": 6,
                      "Hash Buckets": 1048576,
                      "Original Hash Buckets": 1048576,
                      "Hash Batches": 1,
                      "Original Hash Batches": 1,
                      "Peak Memory Usage": 44288,
                      "Plans": [
                        {
                          "Node Type": "Hash Join",
                          "Parent Relationship": "Outer",
                          "Parallel Aware": true,
                          "Join Type": "Inner",
                          "Startup Cost": 19920.93,
                          "Total Cost": 65569.69,
                          "Plan Rows": 230316,
                          "Plan Width": 8,
                          "Actual Startup Time": 82.238,
                          "Actual Total Time": 255.335,
                          "Actual Rows": 153308,
                          "Actual Loops": 6,
                          "Inner Unique": false,
                          "Hash Cond": "(t.id = mi_idx.movie_id)",
                          "Plans": [
                            {
                              "Node Type": "Seq Scan",
                              "Parent Relationship": "Outer",
                              "Parallel Aware": true,
                              "Relation Name": "title",
                              "Alias": "t",
                              "Startup Cost": 0.0,
                              "Total Cost": 42318.81,
                              "Plan Rows": 632080,
                              "Plan Width": 4,
                              "Actual Startup Time": 0.013,
                              "Actual Total Time": 49.611,
                              "Actual Rows": 421385,
                              "Actual Loops": 6
                            },
                            {
                              "Node Type": "Hash",
                              "Parent Relationship": "Inner",
                              "Parallel Aware": true,
                              "Startup Cost": 15122.68,
                              "Total Cost": 15122.68,
                              "Plan Rows": 383860,
                              "Plan Width": 4,
                              "Actual Startup Time": 81.172,
                              "Actual Total Time": 81.173,
                              "Actual Rows": 153308,
                              "Actual Loops": 6,
                              "Hash Buckets": 1048576,
                              "Original Hash Buckets": 1048576,
                              "Hash Batches": 1,
                              "Original Hash Batches": 1,
                              "Peak Memory Usage": 44224,
                              "Plans": [
                                {
                                  "Node Type": "Seq Scan",
                                  "Parent Relationship": "Outer",
                                  "Parallel Aware": true,
                                  "Relation Name": "movie_info_idx",
                                  "Alias": "mi_idx",
                                  "Startup Cost": 0.0,
                                  "Total Cost": 15122.68,
                                  "Plan Rows": 383860,
                                  "Plan Width": 4,
                                  "Actual Startup Time": 0.043,
                                  "Actual Total Time": 33.486,
                                  "Actual Rows": 153308,
                                  "Actual Loops": 6,
                                  "Filter": "(info_type_id < 101)",
                                  "Rows Removed by Filter": 76698
                                }
                              ]
                            }
                          ]
                        }
                      ]
                    }
                  ]
                }
              ]
            }
          ]
        }
      ]
    },
    "Planning Time": 0.436,
    "Triggers": [],
    "Execution Time": 547.743
  }
]