[
  {
    "Plan": {
      "Node Type": "Aggregate",
      "Strategy": "Plain",
      "Partial Mode": "Finalize",
      "Parallel Aware": false,
      "Startup Cost": 32735.73,
      "Total Cost": 32735.74,
      "Plan Rows": 1,
      "Plan Width": 8,
      "Actual Startup Time": 94.424,
      "Actual Total Time": 102.282,
      "Actual Rows": 1,
      "Actual Loops": 1,
      "Plans": [
        {
          "Node Type": "Gather",
          "Parent Relationship": "Outer",
          "Parallel Aware": false,
          "Startup Cost": 32735.41,
          "Total Cost": 32735.72,
          "Plan Rows": 3,
          "Plan Width": 8,
          "Actual Startup Time": 94.343,
          "Actual Total Time": 102.274,
          "Actual Rows": 4,
          "Actual Loops": 1,
          "Workers Planned": 3,
          "Workers Launched": 3,
          "Single Copy": false,
          "Plans": [
            {
              "Node Type": "Aggregate",
              "Strategy": "Plain",
              "Partial Mode": "Partial",
              "Parent Relationship": "Outer",
              "Parallel Aware": false,
              "Startup Cost": 31735.41,
              "Total Cost": 31735.42,
              "Plan Rows": 1,
              "Plan Width": 8,
              "Actual Startup Time": 87.202,
              "Actual Total Time": 87.203,
              "Actual Rows": 1,
              "Actual Loops": 4,
              "Plans": [
                {
                  "Node Type": "Seq Scan",
                  "Parent Relationship": "Outer",
                  "Parallel Aware": true,
                  "Relation Name": "movie_companies",
                  "Alias": "mc",
                  "Startup Cost": 0.0,
                  "Total Cost": 31414.82,
                  "Plan Rows": 128238,
                  "Plan Width": 0,
                  "Actual Startup Time": 43.904,
                  "Actual Total Time": 79.228,
                  "Actual Rows": 181731,
                  "Actual Loops": 4,
                  "Filter": "((company_id > 30789) AND (company_type_id > 1))",
                  "Rows Removed by Filter": 470552
                }
              ]
            }
          ]
        }
      ]
    },
    "Planning Time": 0.115,
    "Triggers": [],
    "Execution Time": 102.325
  }
]