[
    {
        "Bao": {
            "Bao prediction": 443.801,
            "Bao recommended hint": "(no hint)"
        }
    },
    {
        "Plan": {
            "Node Type": "Aggregate",
            "Strategy": "Plain",
            "Partial Mode": "Finalize",
            "Parallel Aware": false,
            "Startup Cost": 32959.15,
            "Total Cost": 32959.16,
            "Plan Rows": 1,
            "Plan Width": 8,
            "Actual Startup Time": 111.849,
            "Actual Total Time": 119.681,
            "Actual Rows": 1,
            "Actual Loops": 1,
            "Output": [
                "count(*)"
            ],
            "Plans": [
                {
                    "Node Type": "Gather",
                    "Parent Relationship": "Outer",
                    "Parallel Aware": false,
                    "Startup Cost": 32958.84,
                    "Total Cost": 32959.15,
                    "Plan Rows": 3,
                    "Plan Width": 8,
                    "Actual Startup Time": 111.753,
                    "Actual Total Time": 119.673,
                    "Actual Rows": 4,
                    "Actual Loops": 1,
                    "Output": [
                        "(PARTIAL count(*))"
                    ],
                    "Workers Planned": 3,
                    "Workers Launched": 3,
                    "Single Copy": false,
                    "Plans": [
                        {
                            "Node Type": "Aggregate",
                            "Strategy": "Plain",
                            "Partial Mode": "Partial",
                            "Parent Relationship": "Outer",
                            "Parallel Aware": false,
                            "Startup Cost": 31958.84,
                            "Total Cost": 31958.85,
                            "Plan Rows": 1,
                            "Plan Width": 8,
                            "Actual Startup Time": 104.003,
                            "Actual Total Time": 104.004,
                            "Actual Rows": 1,
                            "Actual Loops": 4,
                            "Output": [
                                "PARTIAL count(*)"
                            ],
                            "Workers": [
                                {
                                    "Worker Number": 0,
                                    "Actual Startup Time": 101.491,
                                    "Actual Total Time": 101.492,
                                    "Actual Rows": 1,
                                    "Actual Loops": 1
                                },
                                {
                                    "Worker Number": 1,
                                    "Actual Startup Time": 101.545,
                                    "Actual Total Time": 101.545,
                                    "Actual Rows": 1,
                                    "Actual Loops": 1
                                },
                                {
                                    "Worker Number": 2,
                                    "Actual Startup Time": 101.843,
                                    "Actual Total Time": 101.844,
                                    "Actual Rows": 1,
                                    "Actual Loops": 1
                                }
                            ],
                            "Plans": [
                                {
                                    "Node Type": "Seq Scan",
                                    "Parent Relationship": "Outer",
                                    "Parallel Aware": true,
                                    "Relation Name": "movie_companies",
                                    "Schema": "public",
                                    "Alias": "mc",
                                    "Startup Cost": 0.0,
                                    "Total Cost": 31414.82,
                                    "Plan Rows": 217607,
                                    "Plan Width": 0,
                                    "Actual Startup Time": 22.698,
                                    "Actual Total Time": 96.262,
                                    "Actual Rows": 113592,
                                    "Actual Loops": 4,
                                    "Output": [
                                        "id",
                                        "movie_id",
                                        "company_id",
                                        "company_type_id",
                                        "note"
                                    ],
                                    "Filter": "((mc.company_id > 11137) AND (mc.company_type_id < 2))",
                                    "Rows Removed by Filter": 538690,
                                    "Workers": [
                                        {
                                            "Worker Number": 0,
                                            "Actual Startup Time": 20.206,
                                            "Actual Total Time": 94.083,
                                            "Actual Rows": 107880,
                                            "Actual Loops": 1
                                        },
                                        {
                                            "Worker Number": 1,
                                            "Actual Startup Time": 20.231,
                                            "Actual Total Time": 94.136,
                                            "Actual Rows": 107897,
                                            "Actual Loops": 1
                                        },
                                        {
                                            "Worker Number": 2,
                                            "Actual Startup Time": 20.54,
                                            "Actual Total Time": 94.434,
                                            "Actual Rows": 106080,
                                            "Actual Loops": 1
                                        }
                                    ]
                                }
                            ]
                        }
                    ]
                }
            ]
        },
        "Planning Time": 2405.443,
        "Triggers": [],
        "Execution Time": 119.781
    }
]