[
  {
    "Plan": {
      "Node Type": "Aggregate",
      "Strategy": "Plain",
      "Partial Mode": "Finalize",
      "Parallel Aware": false,
      "Startup Cost": 194077.73,
      "Total Cost": 194077.74,
      "Plan Rows": 1,
      "Plan Width": 8,
      "Actual Startup Time": 1990.631,
      "Actual Total Time": 2045.356,
      "Actual Rows": 1,
      "Actual Loops": 1,
      "Plans": [
        {
          "Node Type": "Gather",
          "Parent Relationship": "Outer",
          "Parallel Aware": false,
          "Startup Cost": 194077.41,
          "Total Cost": 194077.72,
          "Plan Rows": 3,
          "Plan Width": 8,
          "Actual Startup Time": 1988.993,
          "Actual Total Time": 2045.345,
          "Actual Rows": 4,
          "Actual Loops": 1,
          "Workers Planned": 3,
          "Workers Launched": 3,
          "Single Copy": false,
          "Plans": [
            {
              "Node Type": "Aggregate",
              "Strategy": "Plain",
              "Partial Mode": "Partial",
              "Parent Relationship": "Outer",
              "Parallel Aware": false,
              "Startup Cost": 193077.41,
              "Total Cost": 193077.42,
              "Plan Rows": 1,
              "Plan Width": 8,
              "Actual Startup Time": 1983.573,
              "Actual Total Time": 1983.649,
              "Actual Rows": 1,
              "Actual Loops": 4,
              "Plans": [
                {
                  "Node Type": "Nested Loop",
                  "Parent Relationship": "Outer",
                  "Parallel Aware": false,
                  "Join Type": "Inner",
                  "Startup Cost": 46100.36,
                  "Total Cost": 192735.75,
                  "Plan Rows": 136666,
                  "Plan Width": 0,
                  "Actual Startup Time": 149.55,
                  "Actual Total Time": 1915.331,
                  "Actual Rows": 1491090,
                  "Actual Loops": 4,
                  "Inner Unique": false,
                  "Join Filter": "(t.id = mi.movie_id)",
                  "Rows Removed by Join Filter": 0,
                  "Plans": [
                    {
                      "Node Type": "Hash Join",
                      "Parent Relationship": "Outer",
                      "Parallel Aware": true,
                      "Join Type": "Inner",
                      "Startup Cost": 46099.92,
                      "Total Cost": 75515.81,
                      "Plan Rows": 66079,
                      "Plan Width": 8,
                      "Actual Startup Time": 149.451,
                      "Actual Total Time": 379.802,
                      "Actual Rows": 161512,
                      "Actual Loops": 4,
                      "Inner Unique": true,
                      "Hash Cond": "(mc.movie_id = t.id)",
                      "Plans": [
                        {
                          "Node Type": "Seq Scan",
                          "Parent Relationship": "Outer",
                          "Parallel Aware": true,
                          "Relation Name": "movie_companies",
                          "Alias": "mc",
                          "Startup Cost": 0.0,
                          "Total Cost": 27206.55,
                          "Plan Rows": 841655,
                          "Plan Width": 4,
                          "Actual Startup Time": 0.007,
                          "Actual Total Time": 62.723,
                          "Actual Rows": 652282,
                          "Actual Loops": 4
                        },
                        {
                          "Node Type": "Hash",
                          "Parent Relationship": "Inner",
                          "Parallel Aware": true,
                          "Startup Cost": 45479.59,
                          "Total Cost": 45479.59,
                          "Plan Rows": 49627,
                          "Plan Width": 4,
                          "Actual Startup Time": 147.999,
                          "Actual Total Time": 148.0,
                          "Actual Rows": 78482,
                          "Actual Loops": 4,
                          "Hash Buckets": 524288,
                          "Original Hash Buckets": 262144,
                          "Hash Batches": 1,
                          "Original Hash Batches": 1,
                          "Peak Memory Usage": 18464,
                          "Plans": [
                            {
                              "Node Type": "Seq Scan",
                              "Parent Relationship": "Outer",
                              "Parallel Aware": true,
                              "Relation Name": "title",
                              "Alias": "t",
                              "Startup Cost": 0.0,
                              "Total Cost": 45479.59,
                              "Plan Rows": 49627,
                              "Plan Width": 4,
                              "Actual Startup Time": 0.08,
                              "Actual Total Time": 110.894,
                              "Actual Rows": 78482,
                              "Actual Loops": 4,
                              "Filter": "((kind_id < 7) AND (production_year < 1981))",
                              "Rows Removed by Filter": 553596
                            }
                          ]
                        }
                      ]
                    },
                    {
                      "Node Type": "Index Scan",
                      "Parent Relationship": "Inner",
                      "Parallel Aware": false,
                      "Scan Direction": "Forward",
                      "Index Name": "movie_id_movie_info",
                      "Relation Name": "movie_info",
                      "Alias": "mi",
                      "Startup Cost": 0.43,
                      "Total Cost": 1.59,
                      "Plan Rows": 15,
                      "Plan Width": 4,
                      "Actual Startup Time": 0.004,
                      "Actual Total Time": 0.009,
                      "Actual Rows": 9,
                      "Actual Loops": 646046,
                      "Index Cond": "(movie_id = mc.movie_id)",
                      "Rows Removed by Index Recheck": 0,
                      "Filter": "(info_type_id > 15)",
                      "Rows Removed by Filter": 14
                    }
                  ]
                }
              ]
            }
          ]
        }
      ]
    },
    "Planning Time": 0.597,
    "Triggers": [],
    "Execution Time": 2045.427
  }
]