{
  "Plan": {
    "Node Type": "Aggregate",
    "Strategy": "Plain",
    "Partial Mode": "Finalize",
    "Parallel Aware": false,
    "Startup Cost": 86069.82,
    "Total Cost": 86069.83,
    "Plan Rows": 1,
    "Plan Width": 8,
    "Actual Startup Time": 302.457,
    "Actual Total Time": 316.124,
    "Actual Rows": 1,
    "Actual Loops": 1,
    "Plans": [
      {
        "Node Type": "Gather",
        "Parent Relationship": "Outer",
        "Parallel Aware": false,
        "Startup Cost": 86069.7,
        "Total Cost": 86069.81,
        "Plan Rows": 1,
        "Plan Width": 8,
        "Actual Startup Time": 301.687,
        "Actual Total Time": 316.118,
        "Actual Rows": 2,
        "Actual Loops": 1,
        "Workers Planned": 1,
        "Workers Launched": 1,
        "Single Copy": false,
        "Plans": [
          {
            "Node Type": "Aggregate",
            "Strategy": "Plain",
            "Partial Mode": "Partial",
            "Parent Relationship": "Outer",
            "Parallel Aware": false,
            "Startup Cost": 85069.7,
            "Total Cost": 85069.71,
            "Plan Rows": 1,
            "Plan Width": 8,
            "Actual Startup Time": 295.454,
            "Actual Total Time": 295.459,
            "Actual Rows": 1,
            "Actual Loops": 2,
            "Plans": [
              {
                "Node Type": "Hash Join",
                "Parent Relationship": "Outer",
                "Parallel Aware": true,
                "Join Type": "Inner",
                "Startup Cost": 75380.76,
                "Total Cost": 85068.65,
                "Plan Rows": 421,
                "Plan Width": 0,
                "Actual Startup Time": 262.508,
                "Actual Total Time": 295.311,
                "Actual Rows": 2709,
                "Actual Loops": 2,
                "Inner Unique": false,
                "Hash Cond": "(ci.movie_id = t.id)",
                "Plans": [
                  {
                    "Node Type": "Index Scan",
                    "Parent Relationship": "Outer",
                    "Parallel Aware": true,
                    "Scan Direction": "Forward",
                    "Index Name": "role_id_cast_info",
                    "Relation Name": "cast_info",
                    "Alias": "ci",
                    "Startup Cost": 0.56,
                    "Total Cost": 9590.86,
                    "Plan Rows": 25369,
                    "Plan Width": 4,
                    "Actual Startup Time": 0.103,
                    "Actual Total Time": 22.417,
                    "Actual Rows": 101620,
                    "Actual Loops": 2,
                    "Index Cond": "(role_id > 10)",
                    "Rows Removed by Index Recheck": 0,
                    "Filter": "(person_id > 3159136)",
                    "Rows Removed by Filter": 56439
                  },
                  {
                    "Node Type": "Hash",
                    "Parent Relationship": "Inner",
                    "Parallel Aware": true,
                    "Startup Cost": 75072.2,
                    "Total Cost": 75072.2,
                    "Plan Rows": 24639,
                    "Plan Width": 8,
                    "Actual Startup Time": 260.936,
                    "Actual Total Time": 260.939,
                    "Actual Rows": 11578,
                    "Actual Loops": 2,
                    "Hash Buckets": 65536,
                    "Original Hash Buckets": 65536,
                    "Hash Batches": 1,
                    "Original Hash Batches": 1,
                    "Peak Memory Usage": 1440,
                    "Plans": [
                      {
                        "Node Type": "Hash Join",
                        "Parent Relationship": "Outer",
                        "Parallel Aware": true,
                        "Join Type": "Inner",
                        "Startup Cost": 56278.44,
                        "Total Cost": 75072.2,
                        "Plan Rows": 24639,
                        "Plan Width": 8,
                        "Actual Startup Time": 169.12,
                        "Actual Total Time": 257.408,
                        "Actual Rows": 11578,
                        "Actual Loops": 2,
                        "Inner Unique": true,
                        "Hash Cond": "(mi_idx.movie_id = t.id)",
                        "Plans": [
                          {
                            "Node Type": "Seq Scan",
                            "Parent Relationship": "Outer",
                            "Parallel Aware": true,
                            "Relation Name": "movie_info_idx",
                            "Alias": "mi_idx",
                            "Startup Cost": 0.0,
                            "Total Cost": 18082.32,
                            "Plan Rows": 271028,
                            "Plan Width": 4,
                            "Actual Startup Time": 0.02,
                            "Actual Total Time": 49.633,
                            "Actual Rows": 229962,
                            "Actual Loops": 2,
                            "Filter": "(info_type_id = 101)",
                            "Rows Removed by Filter": 460055
                          },
                          {
                            "Node Type": "Hash",
                            "Parent Relationship": "Inner",
                            "Parallel Aware": true,
                            "Startup Cost": 54588.39,
                            "Total Cost": 54588.39,
                            "Plan Rows": 135204,
                            "Plan Width": 4,
                            "Actual Startup Time": 166.569,
                            "Actual Total Time": 166.57,
                            "Actual Rows": 115824,
                            "Actual Loops": 2,
                            "Hash Buckets": 262144,
                            "Original Hash Buckets": 262144,
                            "Hash Batches": 1,
                            "Original Hash Batches": 1,
                            "Peak Memory Usage": 11136,
                            "Plans": [
                              {
                                "Node Type": "Seq Scan",
                                "Parent Relationship": "Outer",
                                "Parallel Aware": true,
                                "Relation Name": "title",
                                "Alias": "t",
                                "Startup Cost": 0.0,
                                "Total Cost": 54588.39,
                                "Plan Rows": 135204,
                                "Plan Width": 4,
                                "Actual Startup Time": 0.034,
                                "Actual Total Time": 138.73,
                                "Actual Rows": 115824,
                                "Actual Loops": 2,
                                "Filter": "(production_year > 2011)",
                                "Rows Removed by Filter": 1148332
                              }
                            ]
                          }
                        ]
                      }
                    ]
                  }
                ]
              }
            ]
          }
        ]
      }
    ]
  },
  "Planning Time": 1.01,
  "Triggers": [],
  "Execution Time": 316.212
}