{
  "Plan": {
    "Node Type": "Aggregate",
    "Strategy": "Plain",
    "Partial Mode": "Finalize",
    "Parallel Aware": false,
    "Startup Cost": 419791.19,
    "Total Cost": 419791.2,
    "Plan Rows": 1,
    "Plan Width": 8,
    "Actual Startup Time": 4789.953,
    "Actual Total Time": 4845.467,
    "Actual Rows": 1,
    "Actual Loops": 1,
    "Plans": [
      {
        "Node Type": "Gather",
        "Parent Relationship": "Outer",
        "Parallel Aware": false,
        "Startup Cost": 419791.08,
        "Total Cost": 419791.19,
        "Plan Rows": 1,
        "Plan Width": 8,
        "Actual Startup Time": 4783.183,
        "Actual Total Time": 4845.458,
        "Actual Rows": 2,
        "Actual Loops": 1,
        "Workers Planned": 1,
        "Workers Launched": 1,
        "Single Copy": false,
        "Plans": [
          {
            "Node Type": "Aggregate",
            "Strategy": "Plain",
            "Partial Mode": "Partial",
            "Parent Relationship": "Outer",
            "Parallel Aware": false,
            "Startup Cost": 418791.08,
            "Total Cost": 418791.09,
            "Plan Rows": 1,
            "Plan Width": 8,
            "Actual Startup Time": 4776.952,
            "Actual Total Time": 4776.958,
            "Actual Rows": 1,
            "Actual Loops": 2,
            "Plans": [
              {
                "Node Type": "Hash Join",
                "Parent Relationship": "Outer",
                "Parallel Aware": true,
                "Join Type": "Inner",
                "Startup Cost": 118389.5,
                "Total Cost": 413173.68,
                "Plan Rows": 2246959,
                "Plan Width": 0,
                "Actual Startup Time": 925.763,
                "Actual Total Time": 4007.396,
                "Actual Rows": 17547040,
                "Actual Loops": 2,
                "Inner Unique": false,
                "Hash Cond": "(mi.movie_id = t.id)",
                "Plans": [
                  {
                    "Node Type": "Seq Scan",
                    "Parent Relationship": "Outer",
                    "Parallel Aware": true,
                    "Relation Name": "movie_info",
                    "Alias": "mi",
                    "Startup Cost": 0.0,
                    "Total Cost": 248955.74,
                    "Plan Rows": 8696274,
                    "Plan Width": 4,
                    "Actual Startup Time": 0.019,
                    "Actual Total Time": 689.985,
                    "Actual Rows": 7417860,
                    "Actual Loops": 2
                  },
                  {
                    "Node Type": "Hash",
                    "Parent Relationship": "Inner",
                    "Parallel Aware": true,
                    "Startup Cost": 113586.07,
                    "Total Cost": 113586.07,
                    "Plan Rows": 384274,
                    "Plan Width": 8,
                    "Actual Startup Time": 915.451,
                    "Actual Total Time": 915.456,
                    "Actual Rows": 320184,
                    "Actual Loops": 2,
                    "Hash Buckets": 1048576,
                    "Original Hash Buckets": 1048576,
                    "Hash Batches": 1,
                    "Original Hash Batches": 1,
                    "Peak Memory Usage": 33280,
                    "Plans": [
                      {
                        "Node Type": "Hash Join",
                        "Parent Relationship": "Outer",
                        "Parallel Aware": true,
                        "Join Type": "Inner",
                        "Startup Cost": 83319.94,
                        "Total Cost": 113586.07,
                        "Plan Rows": 384274,
                        "Plan Width": 8,
                        "Actual Startup Time": 646.9,
                        "Actual Total Time": 831.062,
                        "Actual Rows": 320184,
                        "Actual Loops": 2,
                        "Inner Unique": true,
                        "Hash Cond": "(mk.movie_id = t.id)",
                        "Plans": [
                          {
                            "Node Type": "Bitmap Heap Scan",
                            "Parent Relationship": "Outer",
                            "Parallel Aware": true,
                            "Relation Name": "movie_keyword",
                            "Alias": "mk",
                            "Startup Cost": 13859.24,
                            "Total Cost": 43116.66,
                            "Plan Rows": 384274,
                            "Plan Width": 4,
                            "Actual Startup Time": 36.223,
                            "Actual Total Time": 122.317,
                            "Actual Rows": 320184,
                            "Actual Loops": 2,
                            "Recheck Cond": "(keyword_id > 29029)",
                            "Rows Removed by Index Recheck": 0,
                            "Exact Heap Blocks": 14722,
                            "Lossy Heap Blocks": 0,
                            "Plans": [
                              {
                                "Node Type": "Bitmap Index Scan",
                                "Parent Relationship": "Outer",
                                "Parallel Aware": false,
                                "Index Name": "keyword_id_movie_keyword",
                                "Startup Cost": 0.0,
                                "Total Cost": 13695.92,
                                "Plan Rows": 653265,
                                "Plan Width": 0,
                                "Actual Startup Time": 32.473,
                                "Actual Total Time": 32.473,
                                "Actual Rows": 640368,
                                "Actual Loops": 1,
                                "Index Cond": "(keyword_id > 29029)"
                              }
                            ]
                          },
                          {
                            "Node Type": "Hash",
                            "Parent Relationship": "Inner",
                            "Parallel Aware": true,
                            "Startup Cost": 50870.31,
                            "Total Cost": 50870.31,
                            "Plan Rows": 1487231,
                            "Plan Width": 4,
                            "Actual Startup Time": 594.167,
                            "Actual Total Time": 594.167,
                            "Actual Rows": 1264156,
                            "Actual Loops": 2,
                            "Hash Buckets": 4194304,
                            "Original Hash Buckets": 4194304,
                            "Hash Batches": 1,
                            "Original Hash Batches": 1,
                            "Peak Memory Usage": 131680,
                            "Plans": [
                              {
                                "Node Type": "Seq Scan",
                                "Parent Relationship": "Outer",
                                "Parallel Aware": true,
                                "Relation Name": "title",
                                "Alias": "t",
                                "Startup Cost": 0.0,
                                "Total Cost": 50870.31,
                                "Plan Rows": 1487231,
                                "Plan Width": 4,
                                "Actual Startup Time": 0.034,
                                "Actual Total Time": 185.409,
                                "Actual Rows": 1264156,
                                "Actual Loops": 2
                              }
                            ]
                          }
                        ]
                      }
                    ]
                  }
                ]
              }
            ]
          }
        ]
      }
    ]
  },
  "Planning Time": 0.87,
  "Triggers": [],
  "Execution Time": 4845.576
}