[
  {
    "Plan": {
      "Node Type": "Aggregate",
      "Strategy": "Plain",
      "Partial Mode": "Finalize",
      "Parallel Aware": false,
      "Startup Cost": 90274.51,
      "Total Cost": 90274.52,
      "Plan Rows": 1,
      "Plan Width": 8,
      "Actual Startup Time": 425.986,
      "Actual Total Time": 444.14,
      "Actual Rows": 1,
      "Actual Loops": 1,
      "Plans": [
        {
          "Node Type": "Gather",
          "Parent Relationship": "Outer",
          "Parallel Aware": false,
          "Startup Cost": 90274.19,
          "Total Cost": 90274.5,
          "Plan Rows": 3,
          "Plan Width": 8,
          "Actual Startup Time": 424.535,
          "Actual Total Time": 444.132,
          "Actual Rows": 4,
          "Actual Loops": 1,
          "Workers Planned": 3,
          "Workers Launched": 3,
          "Single Copy": false,
          "Plans": [
            {
              "Node Type": "Aggregate",
              "Strategy": "Plain",
              "Partial Mode": "Partial",
              "Parent Relationship": "Outer",
              "Parallel Aware": false,
              "Startup Cost": 89274.19,
              "Total Cost": 89274.2,
              "Plan Rows": 1,
              "Plan Width": 8,
              "Actual Startup Time": 417.909,
              "Actual Total Time": 417.911,
              "Actual Rows": 1,
              "Actual Loops": 4,
              "Plans": [
                {
                  "Node Type": "Hash Join",
                  "Parent Relationship": "Outer",
                  "Parallel Aware": true,
                  "Join Type": "Inner",
                  "Startup Cost": 46106.44,
                  "Total Cost": 88984.52,
                  "Plan Rows": 115871,
                  "Plan Width": 0,
                  "Actual Startup Time": 146.255,
                  "Actual Total Time": 402.001,
                  "Actual Rows": 299358,
                  "Actual Loops": 4,
                  "Inner Unique": true,
                  "Hash Cond": "(mk.movie_id = t.id)",
                  "Plans": [
                    {
                      "Node Type": "Seq Scan",
                      "Parent Relationship": "Outer",
                      "Parallel Aware": true,
                      "Relation Name": "movie_keyword",
                      "Alias": "mk",
                      "Startup Cost": 0.0,
                      "Total Cost": 39047.32,
                      "Plan Rows": 1459332,
                      "Plan Width": 4,
                      "Actual Startup Time": 0.025,
                      "Actual Total Time": 108.542,
                      "Actual Rows": 1130982,
                      "Actual Loops": 4
                    },
                    {
                      "Node Type": "Hash",
                      "Parent Relationship": "Inner",
                      "Parallel Aware": true,
                      "Startup Cost": 45479.1,
                      "Total Cost": 45479.1,
                      "Plan Rows": 50187,
                      "Plan Width": 4,
                      "Actual Startup Time": 144.941,
                      "Actual Total Time": 144.942,
                      "Actual Rows": 78482,
                      "Actual Loops": 4,
                      "Hash Buckets": 524288,
                      "Original Hash Buckets": 262144,
                      "Hash Batches": 1,
                      "Original Hash Batches": 1,
                      "Peak Memory Usage": 18496,
                      "Plans": [
                        {
                          "Node Type": "Seq Scan",
                          "Parent Relationship": "Outer",
                          "Parallel Aware": true,
                          "Relation Name": "title",
                          "Alias": "t",
                          "Startup Cost": 0.0,
                          "Total Cost": 45479.1,
                          "Plan Rows": 50187,
                          "Plan Width": 4,
                          "Actual Startup Time": 0.112,
                          "Actual Total Time": 109.985,
                          "Actual Rows": 78482,
                          "Actual Loops": 4,
                          "Filter": "((kind_id < 7) AND (production_year < 1981))",
                          "Rows Removed by Filter": 553596
                        }
                      ]
                    }
                  ]
                }
              ]
            }
          ]
        }
      ]
    },
    "Planning Time": 0.317,
    "Triggers": [],
    "Execution Time": 444.184
  }
]