[
  {
    "Plan": {
      "Node Type": "Aggregate",
      "Strategy": "Plain",
      "Partial Mode": "Finalize",
      "Parallel Aware": false,
      "Startup Cost": 102227.53,
      "Total Cost": 102227.54,
      "Plan Rows": 1,
      "Plan Width": 8,
      "Actual Startup Time": 698.863,
      "Actual Total Time": 714.739,
      "Actual Rows": 1,
      "Actual Loops": 1,
      "Plans": [
        {
          "Node Type": "Gather",
          "Parent Relationship": "Outer",
          "Parallel Aware": false,
          "Startup Cost": 102227.32,
          "Total Cost": 102227.53,
          "Plan Rows": 2,
          "Plan Width": 8,
          "Actual Startup Time": 694.032,
          "Actual Total Time": 714.729,
          "Actual Rows": 3,
          "Actual Loops": 1,
          "Workers Planned": 2,
          "Workers Launched": 2,
          "Single Copy": false,
          "Plans": [
            {
              "Node Type": "Aggregate",
              "Strategy": "Plain",
              "Partial Mode": "Partial",
              "Parent Relationship": "Outer",
              "Parallel Aware": false,
              "Startup Cost": 101227.32,
              "Total Cost": 101227.33,
              "Plan Rows": 1,
              "Plan Width": 8,
              "Actual Startup Time": 686.558,
              "Actual Total Time": 686.712,
              "Actual Rows": 1,
              "Actual Loops": 3,
              "Plans": [
                {
                  "Node Type": "Hash Join",
                  "Parent Relationship": "Outer",
                  "Parallel Aware": true,
                  "Join Type": "Inner",
                  "Startup Cost": 83980.17,
                  "Total Cost": 100888.05,
                  "Plan Rows": 135705,
                  "Plan Width": 0,
                  "Actual Startup Time": 560.205,
                  "Actual Total Time": 675.023,
                  "Actual Rows": 291528,
                  "Actual Loops": 3,
                  "Inner Unique": false,
                  "Hash Cond": "(mi_idx.movie_id = t.id)",
                  "Plans": [
                    {
                      "Node Type": "Seq Scan",
                      "Parent Relationship": "Outer",
                      "Parallel Aware": true,
                      "Relation Name": "movie_info_idx",
                      "Alias": "mi_idx",
                      "Startup Cost": 0.0,
                      "Total Cost": 15122.68,
                      "Plan Rows": 385585,
                      "Plan Width": 4,
                      "Actual Startup Time": 0.032,
                      "Actual Total Time": 42.457,
                      "Actual Rows": 306703,
                      "Actual Loops": 3,
                      "Filter": "(info_type_id > 99)",
                      "Rows Removed by Filter": 153308
                    },
                    {
                      "Node Type": "Hash",
                      "Parent Relationship": "Inner",
                      "Parallel Aware": true,
                      "Startup Cost": 81199.48,
                      "Total Cost": 81199.48,
                      "Plan Rows": 222455,
                      "Plan Width": 8,
                      "Actual Startup Time": 550.762,
                      "Actual Total Time": 550.915,
                      "Actual Rows": 237020,
                      "Actual Loops": 3,
                      "Hash Buckets": 1048576,
                      "Original Hash Buckets": 1048576,
                      "Hash Batches": 1,
                      "Original Hash Batches": 1,
                      "Peak Memory Usage": 36032,
                      "Plans": [
                        {
                          "Node Type": "Hash Join",
                          "Parent Relationship": "Outer",
                          "Parallel Aware": true,
                          "Join Type": "Inner",
                          "Startup Cost": 35002.79,
                          "Total Cost": 81199.48,
                          "Plan Rows": 222455,
                          "Plan Width": 8,
                          "Actual Startup Time": 167.692,
                          "Actual Total Time": 483.664,
                          "Actual Rows": 237020,
                          "Actual Loops": 3,
                          "Inner Unique": false,
                          "Hash Cond": "(t.id = mc.movie_id)",
                          "Plans": [
                            {
                              "Node Type": "Seq Scan",
                              "Parent Relationship": "Outer",
                              "Parallel Aware": true,
                              "Relation Name": "title",
                              "Alias": "t",
                              "Startup Cost": 0.0,
                              "Total Cost": 42318.73,
                              "Plan Rows": 632073,
                              "Plan Width": 4,
                              "Actual Startup Time": 0.01,
                              "Actual Total Time": 91.309,
                              "Actual Rows": 842771,
                              "Actual Loops": 3
                            },
                            {
                              "Node Type": "Hash",
                              "Parent Relationship": "Inner",
                              "Parallel Aware": true,
                              "Startup Cost": 31414.82,
                              "Total Cost": 31414.82,
                              "Plan Rows": 287038,
                              "Plan Width": 4,
                              "Actual Startup Time": 163.887,
                              "Actual Total Time": 163.889,
                              "Actual Rows": 237020,
                              "Actual Loops": 3,
                              "Hash Buckets": 1048576,
                              "Original Hash Buckets": 1048576,
                              "Hash Batches": 1,
                              "Original Hash Batches": 1,
                              "Peak Memory Usage": 36032,
                              "Plans": [
                                {
                                  "Node Type": "Seq Scan",
                                  "Parent Relationship": "Outer",
                                  "Parallel Aware": true,
                                  "Relation Name": "movie_companies",
                                  "Alias": "mc",
                                  "Startup Cost": 0.0,
                                  "Total Cost": 31414.82,
                                  "Plan Rows": 287038,
                                  "Plan Width": 4,
                                  "Actual Startup Time": 1.34,
                                  "Actual Total Time": 94.801,
                                  "Actual Rows": 237020,
                                  "Actual Loops": 3,
                                  "Filter": "((company_id > 1714) AND (company_type_id < 2))",
                                  "Rows Removed by Filter": 632689
                                }
                              ]
                            }
                          ]
                        }
                      ]
                    }
                  ]
                }
              ]
            }
          ]
        }
      ]
    },
    "Planning Time": 1.465,
    "Triggers": [],
    "Execution Time": 714.823
  }
]