[
    {
        "Bao": {
            "Bao prediction": 674.005,
            "Bao recommended hint": "(no hint)"
        }
    },
    {
        "Plan": {
            "Node Type": "Aggregate",
            "Strategy": "Plain",
            "Partial Mode": "Finalize",
            "Parallel Aware": false,
            "Startup Cost": 307223.45,
            "Total Cost": 307223.46,
            "Plan Rows": 1,
            "Plan Width": 8,
            "Actual Startup Time": 237.684,
            "Actual Total Time": 244.612,
            "Actual Rows": 1,
            "Actual Loops": 1,
            "Output": [
                "count(*)"
            ],
            "Plans": [
                {
                    "Node Type": "Gather",
                    "Parent Relationship": "Outer",
                    "Parallel Aware": false,
                    "Startup Cost": 307222.82,
                    "Total Cost": 307223.43,
                    "Plan Rows": 6,
                    "Plan Width": 8,
                    "Actual Startup Time": 237.095,
                    "Actual Total Time": 244.603,
                    "Actual Rows": 7,
                    "Actual Loops": 1,
                    "Output": [
                        "(PARTIAL count(*))"
                    ],
                    "Workers Planned": 6,
                    "Workers Launched": 6,
                    "Single Copy": false,
                    "Plans": [
                        {
                            "Node Type": "Aggregate",
                            "Strategy": "Plain",
                            "Partial Mode": "Partial",
                            "Parent Relationship": "Outer",
                            "Parallel Aware": false,
                            "Startup Cost": 306222.82,
                            "Total Cost": 306222.83,
                            "Plan Rows": 1,
                            "Plan Width": 8,
                            "Actual Startup Time": 227.172,
                            "Actual Total Time": 227.174,
                            "Actual Rows": 1,
                            "Actual Loops": 7,
                            "Output": [
                                "PARTIAL count(*)"
                            ],
                            "Workers": [
                                {
                                    "Worker Number": 0,
                                    "Actual Startup Time": 224.832,
                                    "Actual Total Time": 224.833,
                                    "Actual Rows": 1,
                                    "Actual Loops": 1
                                },
                                {
                                    "Worker Number": 1,
                                    "Actual Startup Time": 225.319,
                                    "Actual Total Time": 225.321,
                                    "Actual Rows": 1,
                                    "Actual Loops": 1
                                },
                                {
                                    "Worker Number": 2,
                                    "Actual Startup Time": 225.754,
                                    "Actual Total Time": 225.755,
                                    "Actual Rows": 1,
                                    "Actual Loops": 1
                                },
                                {
                                    "Worker Number": 3,
                                    "Actual Startup Time": 225.474,
                                    "Actual Total Time": 225.476,
                                    "Actual Rows": 1,
                                    "Actual Loops": 1
                                },
                                {
                                    "Worker Number": 4,
                                    "Actual Startup Time": 226.131,
                                    "Actual Total Time": 226.132,
                                    "Actual Rows": 1,
                                    "Actual Loops": 1
                                },
                                {
                                    "Worker Number": 5,
                                    "Actual Startup Time": 226.362,
                                    "Actual Total Time": 226.363,
                                    "Actual Rows": 1,
                                    "Actual Loops": 1
                                }
                            ],
                            "Plans": [
                                {
                                    "Node Type": "Bitmap Heap Scan",
                                    "Parent Relationship": "Outer",
                                    "Parallel Aware": true,
                                    "Relation Name": "cast_info",
                                    "Schema": "public",
                                    "Alias": "ci",
                                    "Startup Cost": 48090.15,
                                    "Total Cost": 305315.21,
                                    "Plan Rows": 363045,
                                    "Plan Width": 0,
                                    "Actual Startup Time": 114.524,
                                    "Actual Total Time": 203.299,
                                    "Actual Rows": 312220,
                                    "Actual Loops": 7,
                                    "Recheck Cond": "(ci.person_id < 213692)",
                                    "Rows Removed by Index Recheck": 0,
                                    "Exact Heap Blocks": 4755,
                                    "Lossy Heap Blocks": 0,
                                    "Workers": [
                                        {
                                            "Worker Number": 0,
                                            "Actual Startup Time": 112.317,
                                            "Actual Total Time": 201.976,
                                            "Actual Rows": 288077,
                                            "Actual Loops": 1
                                        },
                                        {
                                            "Worker Number": 1,
                                            "Actual Startup Time": 112.694,
                                            "Actual Total Time": 202.142,
                                            "Actual Rows": 289707,
                                            "Actual Loops": 1
                                        },
                                        {
                                            "Worker Number": 2,
                                            "Actual Startup Time": 113.409,
                                            "Actual Total Time": 202.521,
                                            "Actual Rows": 291894,
                                            "Actual Loops": 1
                                        },
                                        {
                                            "Worker Number": 3,
                                            "Actual Startup Time": 112.783,
                                            "Actual Total Time": 202.763,
                                            "Actual Rows": 289885,
                                            "Actual Loops": 1
                                        },
                                        {
                                            "Worker Number": 4,
                                            "Actual Startup Time": 113.471,
                                            "Actual Total Time": 203.085,
                                            "Actual Rows": 289006,
                                            "Actual Loops": 1
                                        },
                                        {
                                            "Worker Number": 5,
                                            "Actual Startup Time": 113.666,
                                            "Actual Total Time": 203.109,
                                            "Actual Rows": 288639,
                                            "Actual Loops": 1
                                        }
                                    ],
                                    "Plans": [
                                        {
                                            "Node Type": "Bitmap Index Scan",
                                            "Parent Relationship": "Outer",
                                            "Parallel Aware": false,
                                            "Index Name": "person_id_cast_info",
                                            "Startup Cost": 0.0,
                                            "Total Cost": 47545.58,
                                            "Plan Rows": 2178269,
                                            "Plan Width": 0,
                                            "Actual Startup Time": 117.912,
                                            "Actual Total Time": 117.913,
                                            "Actual Rows": 2185542,
                                            "Actual Loops": 1,
                                            "Index Cond": "(ci.person_id < 213692)"
                                        }
                                    ]
                                }
                            ]
                        }
                    ]
                }
            ]
        },
        "Planning Time": 2711.946,
        "Triggers": [],
        "Execution Time": 244.723
    }
]