{
  "Plan": {
    "Node Type": "Aggregate",
    "Strategy": "Plain",
    "Partial Mode": "Finalize",
    "Parallel Aware": false,
    "Startup Cost": 100595.43,
    "Total Cost": 100595.44,
    "Plan Rows": 1,
    "Plan Width": 8,
    "Actual Startup Time": 363.519,
    "Actual Total Time": 379.679,
    "Actual Rows": 1,
    "Actual Loops": 1,
    "Plans": [
      {
        "Node Type": "Gather",
        "Parent Relationship": "Outer",
        "Parallel Aware": false,
        "Startup Cost": 100595.31,
        "Total Cost": 100595.42,
        "Plan Rows": 1,
        "Plan Width": 8,
        "Actual Startup Time": 362.112,
        "Actual Total Time": 379.671,
        "Actual Rows": 2,
        "Actual Loops": 1,
        "Workers Planned": 1,
        "Workers Launched": 1,
        "Single Copy": false,
        "Plans": [
          {
            "Node Type": "Aggregate",
            "Strategy": "Plain",
            "Partial Mode": "Partial",
            "Parent Relationship": "Outer",
            "Parallel Aware": false,
            "Startup Cost": 99595.31,
            "Total Cost": 99595.32,
            "Plan Rows": 1,
            "Plan Width": 8,
            "Actual Startup Time": 359.841,
            "Actual Total Time": 360.013,
            "Actual Rows": 1,
            "Actual Loops": 2,
            "Plans": [
              {
                "Node Type": "Hash Join",
                "Parent Relationship": "Outer",
                "Parallel Aware": true,
                "Join Type": "Inner",
                "Startup Cost": 60027.16,
                "Total Cost": 99466.23,
                "Plan Rows": 51632,
                "Plan Width": 0,
                "Actual Startup Time": 181.176,
                "Actual Total Time": 356.207,
                "Actual Rows": 87146,
                "Actual Loops": 2,
                "Inner Unique": true,
                "Hash Cond": "(mc.movie_id = t.id)",
                "Plans": [
                  {
                    "Node Type": "Seq Scan",
                    "Parent Relationship": "Outer",
                    "Parallel Aware": true,
                    "Relation Name": "movie_companies",
                    "Alias": "mc",
                    "Startup Cost": 0.0,
                    "Total Cost": 37974.77,
                    "Plan Rows": 557831,
                    "Plan Width": 4,
                    "Actual Startup Time": 0.015,
                    "Actual Total Time": 104.12,
                    "Actual Rows": 473534,
                    "Actual Loops": 2,
                    "Filter": "(company_id < 3665)",
                    "Rows Removed by Filter": 831030
                  },
                  {
                    "Node Type": "Hash",
                    "Parent Relationship": "Inner",
                    "Parallel Aware": true,
                    "Startup Cost": 58306.47,
                    "Total Cost": 58306.47,
                    "Plan Rows": 137655,
                    "Plan Width": 4,
                    "Actual Startup Time": 179.002,
                    "Actual Total Time": 179.003,
                    "Actual Rows": 174822,
                    "Actual Loops": 2,
                    "Hash Buckets": 524288,
                    "Original Hash Buckets": 262144,
                    "Hash Batches": 1,
                    "Original Hash Batches": 1,
                    "Peak Memory Usage": 19840,
                    "Plans": [
                      {
                        "Node Type": "Seq Scan",
                        "Parent Relationship": "Outer",
                        "Parallel Aware": true,
                        "Relation Name": "title",
                        "Alias": "t",
                        "Startup Cost": 0.0,
                        "Total Cost": 58306.47,
                        "Plan Rows": 137655,
                        "Plan Width": 4,
                        "Actual Startup Time": 0.054,
                        "Actual Total Time": 139.35,
                        "Actual Rows": 174822,
                        "Actual Loops": 2,
                        "Filter": "((kind_id < 7) AND (production_year < 1986))",
                        "Rows Removed by Filter": 1089334
                      }
                    ]
                  }
                ]
              }
            ]
          }
        ]
      }
    ]
  },
  "Planning Time": 0.274,
  "Triggers": [],
  "Execution Time": 379.723
}