[
    {
        "Bao": {
            "Bao prediction": "NaN",
            "Bao recommended hint": "(no hint)"
        }
    },
    {
        "Plan": {
            "Node Type": "Aggregate",
            "Strategy": "Plain",
            "Partial Mode": "Finalize",
            "Parallel Aware": false,
            "Startup Cost": 349808.35,
            "Total Cost": 349808.36,
            "Plan Rows": 1,
            "Plan Width": 8,
            "Actual Startup Time": 879.317,
            "Actual Total Time": 909.38,
            "Actual Rows": 1,
            "Actual Loops": 1,
            "Output": [
                "count(*)"
            ],
            "Plans": [
                {
                    "Node Type": "Gather",
                    "Parent Relationship": "Outer",
                    "Parallel Aware": false,
                    "Startup Cost": 349807.73,
                    "Total Cost": 349808.34,
                    "Plan Rows": 6,
                    "Plan Width": 8,
                    "Actual Startup Time": 879.182,
                    "Actual Total Time": 909.371,
                    "Actual Rows": 7,
                    "Actual Loops": 1,
                    "Output": [
                        "(PARTIAL count(*))"
                    ],
                    "Workers Planned": 6,
                    "Workers Launched": 6,
                    "Single Copy": false,
                    "Plans": [
                        {
                            "Node Type": "Aggregate",
                            "Strategy": "Plain",
                            "Partial Mode": "Partial",
                            "Parent Relationship": "Outer",
                            "Parallel Aware": false,
                            "Startup Cost": 348807.73,
                            "Total Cost": 348807.74,
                            "Plan Rows": 1,
                            "Plan Width": 8,
                            "Actual Startup Time": 869.636,
                            "Actual Total Time": 869.637,
                            "Actual Rows": 1,
                            "Actual Loops": 7,
                            "Output": [
                                "PARTIAL count(*)"
                            ],
                            "Workers": [
                                {
                                    "Worker Number": 0,
                                    "Actual Startup Time": 867.388,
                                    "Actual Total Time": 867.389,
                                    "Actual Rows": 1,
                                    "Actual Loops": 1
                                },
                                {
                                    "Worker Number": 1,
                                    "Actual Startup Time": 867.672,
                                    "Actual Total Time": 867.673,
                                    "Actual Rows": 1,
                                    "Actual Loops": 1
                                },
                                {
                                    "Worker Number": 2,
                                    "Actual Startup Time": 867.947,
                                    "Actual Total Time": 867.948,
                                    "Actual Rows": 1,
                                    "Actual Loops": 1
                                },
                                {
                                    "Worker Number": 3,
                                    "Actual Startup Time": 868.443,
                                    "Actual Total Time": 868.444,
                                    "Actual Rows": 1,
                                    "Actual Loops": 1
                                },
                                {
                                    "Worker Number": 4,
                                    "Actual Startup Time": 868.646,
                                    "Actual Total Time": 868.647,
                                    "Actual Rows": 1,
                                    "Actual Loops": 1
                                },
                                {
                                    "Worker Number": 5,
                                    "Actual Startup Time": 868.711,
                                    "Actual Total Time": 868.712,
                                    "Actual Rows": 1,
                                    "Actual Loops": 1
                                }
                            ],
                            "Plans": [
                                {
                                    "Node Type": "Seq Scan",
                                    "Parent Relationship": "Outer",
                                    "Parallel Aware": true,
                                    "Relation Name": "cast_info",
                                    "Schema": "public",
                                    "Alias": "ci",
                                    "Startup Cost": 0.0,
                                    "Total Cost": 343318.94,
                                    "Plan Rows": 2195516,
                                    "Plan Width": 0,
                                    "Actual Startup Time": 225.169,
                                    "Actual Total Time": 727.26,
                                    "Actual Rows": 2735691,
                                    "Actual Loops": 7,
                                    "Output": [
                                        "id",
                                        "person_id",
                                        "movie_id",
                                        "person_role_id",
                                        "note",
                                        "nr_order",
                                        "role_id"
                                    ],
                                    "Filter": "((ci.person_id > 1564030) AND (ci.role_id > 1))",
                                    "Rows Removed by Filter": 2442073,
                                    "Workers": [
                                        {
                                            "Worker Number": 0,
                                            "Actual Startup Time": 222.944,
                                            "Actual Total Time": 727.468,
                                            "Actual Rows": 2108504,
                                            "Actual Loops": 1
                                        },
                                        {
                                            "Worker Number": 1,
                                            "Actual Startup Time": 223.217,
                                            "Actual Total Time": 727.162,
                                            "Actual Rows": 2114590,
                                            "Actual Loops": 1
                                        },
                                        {
                                            "Worker Number": 2,
                                            "Actual Startup Time": 223.468,
                                            "Actual Total Time": 727.164,
                                            "Actual Rows": 2120639,
                                            "Actual Loops": 1
                                        },
                                        {
                                            "Worker Number": 3,
                                            "Actual Startup Time": 223.968,
                                            "Actual Total Time": 727.571,
                                            "Actual Rows": 3303326,
                                            "Actual Loops": 1
                                        },
                                        {
                                            "Worker Number": 4,
                                            "Actual Startup Time": 224.162,
                                            "Actual Total Time": 725.818,
                                            "Actual Rows": 2149841,
                                            "Actual Loops": 1
                                        },
                                        {
                                            "Worker Number": 5,
                                            "Actual Startup Time": 224.242,
                                            "Actual Total Time": 727.783,
                                            "Actual Rows": 3300671,
                                            "Actual Loops": 1
                                        }
                                    ]
                                }
                            ]
                        }
                    ]
                }
            ]
        },
        "Planning Time": 198.441,
        "Triggers": [],
        "Execution Time": 909.449
    }
]