[
    {
        "Bao": {
            "Bao prediction": "NaN",
            "Bao recommended hint": "(no hint)"
        }
    },
    {
        "Plan": {
            "Node Type": "Aggregate",
            "Strategy": "Plain",
            "Partial Mode": "Finalize",
            "Parallel Aware": false,
            "Startup Cost": 38262.92,
            "Total Cost": 38262.93,
            "Plan Rows": 1,
            "Plan Width": 8,
            "Actual Startup Time": 109.157,
            "Actual Total Time": 113.854,
            "Actual Rows": 1,
            "Actual Loops": 1,
            "Output": [
                "count(*)"
            ],
            "Plans": [
                {
                    "Node Type": "Gather",
                    "Parent Relationship": "Outer",
                    "Parallel Aware": false,
                    "Startup Cost": 38262.6,
                    "Total Cost": 38262.91,
                    "Plan Rows": 3,
                    "Plan Width": 8,
                    "Actual Startup Time": 108.992,
                    "Actual Total Time": 113.848,
                    "Actual Rows": 4,
                    "Actual Loops": 1,
                    "Output": [
                        "(PARTIAL count(*))"
                    ],
                    "Workers Planned": 3,
                    "Workers Launched": 3,
                    "Single Copy": false,
                    "Plans": [
                        {
                            "Node Type": "Aggregate",
                            "Strategy": "Plain",
                            "Partial Mode": "Partial",
                            "Parent Relationship": "Outer",
                            "Parallel Aware": false,
                            "Startup Cost": 37262.6,
                            "Total Cost": 37262.61,
                            "Plan Rows": 1,
                            "Plan Width": 8,
                            "Actual Startup Time": 100.628,
                            "Actual Total Time": 100.63,
                            "Actual Rows": 1,
                            "Actual Loops": 4,
                            "Output": [
                                "PARTIAL count(*)"
                            ],
                            "Workers": [
                                {
                                    "Worker Number": 0,
                                    "Actual Startup Time": 97.762,
                                    "Actual Total Time": 97.763,
                                    "Actual Rows": 1,
                                    "Actual Loops": 1
                                },
                                {
                                    "Worker Number": 1,
                                    "Actual Startup Time": 97.95,
                                    "Actual Total Time": 97.951,
                                    "Actual Rows": 1,
                                    "Actual Loops": 1
                                },
                                {
                                    "Worker Number": 2,
                                    "Actual Startup Time": 98.062,
                                    "Actual Total Time": 98.063,
                                    "Actual Rows": 1,
                                    "Actual Loops": 1
                                }
                            ],
                            "Plans": [
                                {
                                    "Node Type": "Bitmap Heap Scan",
                                    "Parent Relationship": "Outer",
                                    "Parallel Aware": true,
                                    "Relation Name": "movie_keyword",
                                    "Schema": "public",
                                    "Alias": "mk",
                                    "Startup Cost": 10430.06,
                                    "Total Cost": 36866.18,
                                    "Plan Rows": 158569,
                                    "Plan Width": 0,
                                    "Actual Startup Time": 34.537,
                                    "Actual Total Time": 93.968,
                                    "Actual Rows": 120512,
                                    "Actual Loops": 4,
                                    "Recheck Cond": "(mk.keyword_id > 37142)",
                                    "Rows Removed by Index Recheck": 0,
                                    "Exact Heap Blocks": 10297,
                                    "Lossy Heap Blocks": 0,
                                    "Workers": [
                                        {
                                            "Worker Number": 0,
                                            "Actual Startup Time": 31.802,
                                            "Actual Total Time": 91.786,
                                            "Actual Rows": 87404,
                                            "Actual Loops": 1
                                        },
                                        {
                                            "Worker Number": 1,
                                            "Actual Startup Time": 31.908,
                                            "Actual Total Time": 91.961,
                                            "Actual Rows": 88148,
                                            "Actual Loops": 1
                                        },
                                        {
                                            "Worker Number": 2,
                                            "Actual Startup Time": 32.032,
                                            "Actual Total Time": 91.948,
                                            "Actual Rows": 89754,
                                            "Actual Loops": 1
                                        }
                                    ],
                                    "Plans": [
                                        {
                                            "Node Type": "Bitmap Index Scan",
                                            "Parent Relationship": "Outer",
                                            "Parallel Aware": false,
                                            "Index Name": "keyword_id_movie_keyword",
                                            "Startup Cost": 0.0,
                                            "Total Cost": 10307.17,
                                            "Plan Rows": 491565,
                                            "Plan Width": 0,
                                            "Actual Startup Time": 39.058,
                                            "Actual Total Time": 39.059,
                                            "Actual Rows": 482050,
                                            "Actual Loops": 1,
                                            "Index Cond": "(mk.keyword_id > 37142)"
                                        }
                                    ]
                                }
                            ]
                        }
                    ]
                }
            ]
        },
        "Planning Time": 199.924,
        "Triggers": [],
        "Execution Time": 113.905
    }
]