[
  {
    "Plan": {
      "Node Type": "Aggregate",
      "Strategy": "Plain",
      "Partial Mode": "Finalize",
      "Parallel Aware": false,
      "Startup Cost": 38461.26,
      "Total Cost": 38461.27,
      "Plan Rows": 1,
      "Plan Width": 8,
      "Actual Startup Time": 172.021,
      "Actual Total Time": 197.502,
      "Actual Rows": 1,
      "Actual Loops": 1,
      "Plans": [
        {
          "Node Type": "Gather",
          "Parent Relationship": "Outer",
          "Parallel Aware": false,
          "Startup Cost": 38461.05,
          "Total Cost": 38461.26,
          "Plan Rows": 2,
          "Plan Width": 8,
          "Actual Startup Time": 171.801,
          "Actual Total Time": 197.494,
          "Actual Rows": 3,
          "Actual Loops": 1,
          "Workers Planned": 2,
          "Workers Launched": 2,
          "Single Copy": false,
          "Plans": [
            {
              "Node Type": "Aggregate",
              "Strategy": "Plain",
              "Partial Mode": "Partial",
              "Parent Relationship": "Outer",
              "Parallel Aware": false,
              "Startup Cost": 37461.05,
              "Total Cost": 37461.06,
              "Plan Rows": 1,
              "Plan Width": 8,
              "Actual Startup Time": 163.127,
              "Actual Total Time": 163.129,
              "Actual Rows": 1,
              "Actual Loops": 3,
              "Plans": [
                {
                  "Node Type": "Nested Loop",
                  "Parent Relationship": "Outer",
                  "Parallel Aware": false,
                  "Join Type": "Inner",
                  "Startup Cost": 133.22,
                  "Total Cost": 37424.4,
                  "Plan Rows": 14660,
                  "Plan Width": 0,
                  "Actual Startup Time": 16.594,
                  "Actual Total Time": 157.471,
                  "Actual Rows": 97906,
                  "Actual Loops": 3,
                  "Inner Unique": false,
                  "Plans": [
                    {
                      "Node Type": "Nested Loop",
                      "Parent Relationship": "Outer",
                      "Parallel Aware": false,
                      "Join Type": "Inner",
                      "Startup Cost": 132.78,
                      "Total Cost": 32641.65,
                      "Plan Rows": 2497,
                      "Plan Width": 8,
                      "Actual Startup Time": 16.368,
                      "Actual Total Time": 43.216,
                      "Actual Rows": 1966,
                      "Actual Loops": 3,
                      "Inner Unique": true,
                      "Plans": [
                        {
                          "Node Type": "Bitmap Heap Scan",
                          "Parent Relationship": "Outer",
                          "Parallel Aware": true,
                          "Relation Name": "movie_keyword",
                          "Alias": "mk",
                          "Startup Cost": 132.35,
                          "Total Cost": 14320.78,
                          "Plan Rows": 2576,
                          "Plan Width": 4,
                          "Actual Startup Time": 16.189,
                          "Actual Total Time": 24.399,
                          "Actual Rows": 1972,
                          "Actual Loops": 3,
                          "Recheck Cond": "(keyword_id = 807)",
                          "Rows Removed by Index Recheck": 0,
                          "Exact Heap Blocks": 2817,
                          "Lossy Heap Blocks": 0,
                          "Plans": [
                            {
                              "Node Type": "Bitmap Index Scan",
                              "Parent Relationship": "Outer",
                              "Parallel Aware": false,
                              "Index Name": "keyword_id_movie_keyword",
                              "Startup Cost": 0.0,
                              "Total Cost": 130.81,
                              "Plan Rows": 6183,
                              "Plan Width": 0,
                              "Actual Startup Time": 21.354,
                              "Actual Total Time": 21.354,
                              "Actual Rows": 5916,
                              "Actual Loops": 1,
                              "Index Cond": "(keyword_id = 807)"
                            }
                          ]
                        },
                        {
                          "Node Type": "Index Scan",
                          "Parent Relationship": "Inner",
                          "Parallel Aware": false,
                          "Scan Direction": "Forward",
                          "Index Name": "title_pkey",
                          "Relation Name": "title",
                          "Alias": "t",
                          "Startup Cost": 0.43,
                          "Total Cost": 7.11,
                          "Plan Rows": 1,
                          "Plan Width": 4,
                          "Actual Startup Time": 0.009,
                          "Actual Total Time": 0.009,
                          "Actual Rows": 1,
                          "Actual Loops": 5916,
                          "Index Cond": "(id = mk.movie_id)",
                          "Rows Removed by Index Recheck": 0,
                          "Filter": "(production_year < 2014)",
                          "Rows Removed by Filter": 0
                        }
                      ]
                    },
                    {
                      "Node Type": "Index Only Scan",
                      "Parent Relationship": "Inner",
                      "Parallel Aware": false,
                      "Scan Direction": "Forward",
                      "Index Name": "movie_id_movie_info",
                      "Relation Name": "movie_info",
                      "Alias": "mi",
                      "Startup Cost": 0.43,
                      "Total Cost": 1.51,
                      "Plan Rows": 41,
                      "Plan Width": 4,
                      "Actual Startup Time": 0.014,
                      "Actual Total Time": 0.054,
                      "Actual Rows": 50,
                      "Actual Loops": 5898,
                      "Index Cond": "(movie_id = t.id)",
                      "Rows Removed by Index Recheck": 0,
                      "Heap Fetches": 293719
                    }
                  ]
                }
              ]
            }
          ]
        }
      ]
    },
    "Planning Time": 1.4,
    "Triggers": [],
    "Execution Time": 197.634
  }
]