[
    {
        "Bao": {
            "Bao prediction": 1168.392,
            "Bao recommended hint": "SET enable_nestloop TO off; "
        }
    },
    {
        "Plan": {
            "Node Type": "Aggregate",
            "Strategy": "Plain",
            "Partial Mode": "Finalize",
            "Parallel Aware": false,
            "Startup Cost": 100768.39,
            "Total Cost": 100768.4,
            "Plan Rows": 1,
            "Plan Width": 8,
            "Actual Startup Time": 494.863,
            "Actual Total Time": 505.601,
            "Actual Rows": 1,
            "Actual Loops": 1,
            "Output": [
                "count(*)"
            ],
            "Plans": [
                {
                    "Node Type": "Gather",
                    "Parent Relationship": "Outer",
                    "Parallel Aware": false,
                    "Startup Cost": 100768.18,
                    "Total Cost": 100768.39,
                    "Plan Rows": 2,
                    "Plan Width": 8,
                    "Actual Startup Time": 493.743,
                    "Actual Total Time": 505.592,
                    "Actual Rows": 3,
                    "Actual Loops": 1,
                    "Output": [
                        "(PARTIAL count(*))"
                    ],
                    "Workers Planned": 2,
                    "Workers Launched": 2,
                    "Single Copy": false,
                    "Plans": [
                        {
                            "Node Type": "Aggregate",
                            "Strategy": "Plain",
                            "Partial Mode": "Partial",
                            "Parent Relationship": "Outer",
                            "Parallel Aware": false,
                            "Startup Cost": 99768.18,
                            "Total Cost": 99768.19,
                            "Plan Rows": 1,
                            "Plan Width": 8,
                            "Actual Startup Time": 485.927,
                            "Actual Total Time": 485.933,
                            "Actual Rows": 1,
                            "Actual Loops": 3,
                            "Output": [
                                "PARTIAL count(*)"
                            ],
                            "Workers": [
                                {
                                    "Worker Number": 0,
                                    "Actual Startup Time": 482.289,
                                    "Actual Total Time": 482.294,
                                    "Actual Rows": 1,
                                    "Actual Loops": 1
                                },
                                {
                                    "Worker Number": 1,
                                    "Actual Startup Time": 482.602,
                                    "Actual Total Time": 482.607,
                                    "Actual Rows": 1,
                                    "Actual Loops": 1
                                }
                            ],
                            "Plans": [
                                {
                                    "Node Type": "Hash Join",
                                    "Parent Relationship": "Outer",
                                    "Parallel Aware": true,
                                    "Join Type": "Inner",
                                    "Startup Cost": 83827.31,
                                    "Total Cost": 99724.77,
                                    "Plan Rows": 17362,
                                    "Plan Width": 0,
                                    "Actual Startup Time": 407.832,
                                    "Actual Total Time": 480.653,
                                    "Actual Rows": 80858,
                                    "Actual Loops": 3,
                                    "Inner Unique": false,
                                    "Hash Cond": "(mi_idx.movie_id = t.id)",
                                    "Workers": [
                                        {
                                            "Worker Number": 0,
                                            "Actual Startup Time": 404.169,
                                            "Actual Total Time": 477.271,
                                            "Actual Rows": 75885,
                                            "Actual Loops": 1
                                        },
                                        {
                                            "Worker Number": 1,
                                            "Actual Startup Time": 404.517,
                                            "Actual Total Time": 477.252,
                                            "Actual Rows": 80431,
                                            "Actual Loops": 1
                                        }
                                    ],
                                    "Plans": [
                                        {
                                            "Node Type": "Seq Scan",
                                            "Parent Relationship": "Outer",
                                            "Parallel Aware": true,
                                            "Relation Name": "movie_info_idx",
                                            "Schema": "public",
                                            "Alias": "mi_idx",
                                            "Startup Cost": 0.0,
                                            "Total Cost": 13685.15,
                                            "Plan Rows": 575015,
                                            "Plan Width": 4,
                                            "Actual Startup Time": 0.024,
                                            "Actual Total Time": 50.481,
                                            "Actual Rows": 460012,
                                            "Actual Loops": 3,
                                            "Output": [
                                                "mi_idx.id",
                                                "mi_idx.movie_id",
                                                "mi_idx.info_type_id",
                                                "mi_idx.info",
                                                "mi_idx.note"
                                            ],
                                            "Workers": [
                                                {
                                                    "Worker Number": 0,
                                                    "Actual Startup Time": 0.03,
                                                    "Actual Total Time": 52.006,
                                                    "Actual Rows": 450195,
                                                    "Actual Loops": 1
                                                },
                                                {
                                                    "Worker Number": 1,
                                                    "Actual Startup Time": 0.029,
                                                    "Actual Total Time": 50.937,
                                                    "Actual Rows": 440575,
                                                    "Actual Loops": 1
                                                }
                                            ]
                                        },
                                        {
                                            "Node Type": "Hash",
                                            "Parent Relationship": "Inner",
                                            "Parallel Aware": true,
                                            "Startup Cost": 83519.49,
                                            "Total Cost": 83519.49,
                                            "Plan Rows": 24626,
                                            "Plan Width": 8,
                                            "Actual Startup Time": 364.2,
                                            "Actual Total Time": 364.204,
                                            "Actual Rows": 31800,
                                            "Actual Loops": 3,
                                            "Output": [
                                                "t.id",
                                                "mk.movie_id"
                                            ],
                                            "Hash Buckets": 131072,
                                            "Original Hash Buckets": 131072,
                                            "Hash Batches": 1,
                                            "Original Hash Batches": 1,
                                            "Peak Memory Usage": 4800,
                                            "Workers": [
                                                {
                                                    "Worker Number": 0,
                                                    "Actual Startup Time": 361.771,
                                                    "Actual Total Time": 361.775,
                                                    "Actual Rows": 31220,
                                                    "Actual Loops": 1
                                                },
                                                {
                                                    "Worker Number": 1,
                                                    "Actual Startup Time": 362.109,
                                                    "Actual Total Time": 362.112,
                                                    "Actual Rows": 31052,
                                                    "Actual Loops": 1
                                                }
                                            ],
                                            "Plans": [
                                                {
                                                    "Node Type": "Hash Join",
                                                    "Parent Relationship": "Outer",
                                                    "Parallel Aware": true,
                                                    "Join Type": "Inner",
                                                    "Startup Cost": 38404.37,
                                                    "Total Cost": 83519.49,
                                                    "Plan Rows": 24626,
                                                    "Plan Width": 8,
                                                    "Actual Startup Time": 117.156,
                                                    "Actual Total Time": 355.342,
                                                    "Actual Rows": 31800,
                                                    "Actual Loops": 3,
                                                    "Output": [
                                                        "t.id",
                                                        "mk.movie_id"
                                                    ],
                                                    "Inner Unique": true,
                                                    "Hash Cond": "(mk.movie_id = t.id)",
                                                    "Workers": [
                                                        {
                                                            "Worker Number": 0,
                                                            "Actual Startup Time": 114.695,
                                                            "Actual Total Time": 352.507,
                                                            "Actual Rows": 31220,
                                                            "Actual Loops": 1
                                                        },
                                                        {
                                                            "Worker Number": 1,
                                                            "Actual Startup Time": 115.111,
                                                            "Actual Total Time": 352.988,
                                                            "Actual Rows": 31052,
                                                            "Actual Loops": 1
                                                        }
                                                    ],
                                                    "Plans": [
                                                        {
                                                            "Node Type": "Seq Scan",
                                                            "Parent Relationship": "Outer",
                                                            "Parallel Aware": true,
                                                            "Relation Name": "movie_keyword",
                                                            "Schema": "public",
                                                            "Alias": "mk",
                                                            "Startup Cost": 0.0,
                                                            "Total Cost": 42695.65,
                                                            "Plan Rows": 921699,
                                                            "Plan Width": 4,
                                                            "Actual Startup Time": 0.231,
                                                            "Actual Total Time": 195.485,
                                                            "Actual Rows": 952785,
                                                            "Actual Loops": 3,
                                                            "Output": [
                                                                "mk.id",
                                                                "mk.movie_id",
                                                                "mk.keyword_id"
                                                            ],
                                                            "Filter": "(mk.keyword_id > 2553)",
                                                            "Rows Removed by Filter": 555192,
                                                            "Workers": [
                                                                {
                                                                    "Worker Number": 0,
                                                                    "Actual Startup Time": 0.232,
                                                                    "Actual Total Time": 196.223,
                                                                    "Actual Rows": 927595,
                                                                    "Actual Loops": 1
                                                                },
                                                                {
                                                                    "Worker Number": 1,
                                                                    "Actual Startup Time": 0.23,
                                                                    "Actual Total Time": 194.75,
                                                                    "Actual Rows": 920283,
                                                                    "Actual Loops": 1
                                                                }
                                                            ]
                                                        },
                                                        {
                                                            "Node Type": "Hash",
                                                            "Parent Relationship": "Inner",
                                                            "Parallel Aware": true,
                                                            "Startup Cost": 38193.27,
                                                            "Total Cost": 38193.27,
                                                            "Plan Rows": 16888,
                                                            "Plan Width": 4,
                                                            "Actual Startup Time": 62.447,
                                                            "Actual Total Time": 62.449,
                                                            "Actual Rows": 20233,
                                                            "Actual Loops": 3,
                                                            "Output": [
                                                                "t.id"
                                                            ],
                                                            "Hash Buckets": 131072,
                                                            "Original Hash Buckets": 131072,
                                                            "Hash Batches": 1,
                                                            "Original Hash Batches": 1,
                                                            "Peak Memory Usage": 3456,
                                                            "Workers": [
                                                                {
                                                                    "Worker Number": 0,
                                                                    "Actual Startup Time": 60.723,
                                                                    "Actual Total Time": 60.725,
                                                                    "Actual Rows": 12125,
                                                                    "Actual Loops": 1
                                                                },
                                                                {
                                                                    "Worker Number": 1,
                                                                    "Actual Startup Time": 61.122,
                                                                    "Actual Total Time": 61.123,
                                                                    "Actual Rows": 10776,
                                                                    "Actual Loops": 1
                                                                }
                                                            ],
                                                            "Plans": [
                                                                {
                                                                    "Node Type": "Bitmap Heap Scan",
                                                                    "Parent Relationship": "Outer",
                                                                    "Parallel Aware": true,
                                                                    "Relation Name": "title",
                                                                    "Schema": "public",
                                                                    "Alias": "t",
                                                                    "Startup Cost": 1817.29,
                                                                    "Total Cost": 38193.27,
                                                                    "Plan Rows": 16888,
                                                                    "Plan Width": 4,
                                                                    "Actual Startup Time": 17.152,
                                                                    "Actual Total Time": 54.496,
                                                                    "Actual Rows": 20233,
                                                                    "Actual Loops": 3,
                                                                    "Output": [
                                                                        "t.id"
                                                                    ],
                                                                    "Recheck Cond": "(t.kind_id = 3)",
                                                                    "Rows Removed by Index Recheck": 0,
                                                                    "Filter": "(t.production_year > 1992)",
                                                                    "Rows Removed by Filter": 13280,
                                                                    "Exact Heap Blocks": 7948,
                                                                    "Lossy Heap Blocks": 0,
                                                                    "Workers": [
                                                                        {
                                                                            "Worker Number": 0,
                                                                            "Actual Startup Time": 15.51,
                                                                            "Actual Total Time": 54.504,
                                                                            "Actual Rows": 12125,
                                                                            "Actual Loops": 1
                                                                        },
                                                                        {
                                                                            "Worker Number": 1,
                                                                            "Actual Startup Time": 15.933,
                                                                            "Actual Total Time": 53.943,
                                                                            "Actual Rows": 10776,
                                                                            "Actual Loops": 1
                                                                        }
                                                                    ],
                                                                    "Plans": [
                                                                        {
                                                                            "Node Type": "Bitmap Index Scan",
                                                                            "Parent Relationship": "Outer",
                                                                            "Parallel Aware": false,
                                                                            "Index Name": "kind_id_title",
                                                                            "Startup Cost": 0.0,
                                                                            "Total Cost": 1800.4,
                                                                            "Plan Rows": 100796,
                                                                            "Plan Width": 0,
                                                                            "Actual Startup Time": 15.169,
                                                                            "Actual Total Time": 15.17,
                                                                            "Actual Rows": 100537,
                                                                            "Actual Loops": 1,
                                                                            "Index Cond": "(t.kind_id = 3)"
                                                                        }
                                                                    ]
                                                                }
                                                            ]
                                                        }
                                                    ]
                                                }
                                            ]
                                        }
                                    ]
                                }
                            ]
                        }
                    ]
                }
            ]
        },
        "Planning Time": 2235.673,
        "Triggers": [],
        "Execution Time": 505.79
    }
]