{
  "Plan": {
    "Node Type": "Aggregate",
    "Strategy": "Plain",
    "Partial Mode": "Finalize",
    "Parallel Aware": false,
    "Startup Cost": 115111.22,
    "Total Cost": 115111.23,
    "Plan Rows": 1,
    "Plan Width": 8,
    "Actual Startup Time": 1042.389,
    "Actual Total Time": 1123.148,
    "Actual Rows": 1,
    "Actual Loops": 1,
    "Plans": [
      {
        "Node Type": "Gather",
        "Parent Relationship": "Outer",
        "Parallel Aware": false,
        "Startup Cost": 115111.1,
        "Total Cost": 115111.21,
        "Plan Rows": 1,
        "Plan Width": 8,
        "Actual Startup Time": 1039.604,
        "Actual Total Time": 1123.137,
        "Actual Rows": 2,
        "Actual Loops": 1,
        "Workers Planned": 1,
        "Workers Launched": 1,
        "Single Copy": false,
        "Plans": [
          {
            "Node Type": "Aggregate",
            "Strategy": "Plain",
            "Partial Mode": "Partial",
            "Parent Relationship": "Outer",
            "Parallel Aware": false,
            "Startup Cost": 114111.1,
            "Total Cost": 114111.11,
            "Plan Rows": 1,
            "Plan Width": 8,
            "Actual Startup Time": 1033.426,
            "Actual Total Time": 1033.431,
            "Actual Rows": 1,
            "Actual Loops": 2,
            "Plans": [
              {
                "Node Type": "Nested Loop",
                "Parent Relationship": "Outer",
                "Parallel Aware": false,
                "Join Type": "Inner",
                "Startup Cost": 66067.65,
                "Total Cost": 113972.44,
                "Plan Rows": 55465,
                "Plan Width": 0,
                "Actual Startup Time": 287.082,
                "Actual Total Time": 1018.344,
                "Actual Rows": 296574,
                "Actual Loops": 2,
                "Inner Unique": false,
                "Plans": [
                  {
                    "Node Type": "Hash Join",
                    "Parent Relationship": "Outer",
                    "Parallel Aware": true,
                    "Join Type": "Inner",
                    "Startup Cost": 66067.08,
                    "Total Cost": 92108.49,
                    "Plan Rows": 7068,
                    "Plan Width": 8,
                    "Actual Startup Time": 287.025,
                    "Actual Total Time": 321.618,
                    "Actual Rows": 13854,
                    "Actual Loops": 2,
                    "Inner Unique": true,
                    "Hash Cond": "(mk.movie_id = t.id)",
                    "Plans": [
                      {
                        "Node Type": "Bitmap Heap Scan",
                        "Parent Relationship": "Outer",
                        "Parallel Aware": true,
                        "Relation Name": "movie_keyword",
                        "Alias": "mk",
                        "Startup Cost": 672.69,
                        "Total Cost": 26665.43,
                        "Plan Rows": 18539,
                        "Plan Width": 4,
                        "Actual Startup Time": 4.491,
                        "Actual Total Time": 24.506,
                        "Actual Rows": 14720,
                        "Actual Loops": 2,
                        "Recheck Cond": "(keyword_id = 359)",
                        "Rows Removed by Index Recheck": 0,
                        "Exact Heap Blocks": 7339,
                        "Lossy Heap Blocks": 0,
                        "Plans": [
                          {
                            "Node Type": "Bitmap Index Scan",
                            "Parent Relationship": "Outer",
                            "Parallel Aware": false,
                            "Index Name": "keyword_id_movie_keyword",
                            "Startup Cost": 0.0,
                            "Total Cost": 664.81,
                            "Plan Rows": 31517,
                            "Plan Width": 0,
                            "Actual Startup Time": 2.767,
                            "Actual Total Time": 2.768,
                            "Actual Rows": 29440,
                            "Actual Loops": 1,
                            "Index Cond": "(keyword_id = 359)"
                          }
                        ]
                      },
                      {
                        "Node Type": "Hash",
                        "Parent Relationship": "Inner",
                        "Parallel Aware": true,
                        "Startup Cost": 58306.47,
                        "Total Cost": 58306.47,
                        "Plan Rows": 567034,
                        "Plan Width": 4,
                        "Actual Startup Time": 273.086,
                        "Actual Total Time": 273.087,
                        "Actual Rows": 488889,
                        "Actual Loops": 2,
                        "Hash Buckets": 1048576,
                        "Original Hash Buckets": 1048576,
                        "Hash Batches": 1,
                        "Original Hash Batches": 1,
                        "Peak Memory Usage": 46464,
                        "Plans": [
                          {
                            "Node Type": "Seq Scan",
                            "Parent Relationship": "Outer",
                            "Parallel Aware": true,
                            "Relation Name": "title",
                            "Alias": "t",
                            "Startup Cost": 0.0,
                            "Total Cost": 58306.47,
                            "Plan Rows": 567034,
                            "Plan Width": 4,
                            "Actual Startup Time": 0.037,
                            "Actual Total Time": 163.316,
                            "Actual Rows": 488889,
                            "Actual Loops": 2,
                            "Filter": "((kind_id < 7) AND (production_year > 0))",
                            "Rows Removed by Filter": 775267
                          }
                        ]
                      }
                    ]
                  },
                  {
                    "Node Type": "Index Scan",
                    "Parent Relationship": "Inner",
                    "Parallel Aware": false,
                    "Scan Direction": "Forward",
                    "Index Name": "movie_id_cast_info",
                    "Relation Name": "cast_info",
                    "Alias": "ci",
                    "Startup Cost": 0.56,
                    "Total Cost": 2.89,
                    "Plan Rows": 20,
                    "Plan Width": 4,
                    "Actual Startup Time": 0.007,
                    "Actual Total Time": 0.048,
                    "Actual Rows": 21,
                    "Actual Loops": 27709,
                    "Index Cond": "(movie_id = t.id)",
                    "Rows Removed by Index Recheck": 0,
                    "Filter": "(role_id < 3)",
                    "Rows Removed by Filter": 13
                  }
                ]
              }
            ]
          }
        ]
      }
    ]
  },
  "Planning Time": 1.051,
  "Triggers": [],
  "Execution Time": 1123.282
}