[
  {
    "Plan": {
      "Node Type": "Aggregate",
      "Strategy": "Plain",
      "Partial Mode": "Finalize",
      "Parallel Aware": false,
      "Startup Cost": 397686.6,
      "Total Cost": 397686.61,
      "Plan Rows": 1,
      "Plan Width": 8,
      "Actual Startup Time": 1419.562,
      "Actual Total Time": 1468.902,
      "Actual Rows": 1,
      "Actual Loops": 1,
      "Plans": [
        {
          "Node Type": "Gather",
          "Parent Relationship": "Outer",
          "Parallel Aware": false,
          "Startup Cost": 397685.98,
          "Total Cost": 397686.59,
          "Plan Rows": 6,
          "Plan Width": 8,
          "Actual Startup Time": 1413.018,
          "Actual Total Time": 1468.888,
          "Actual Rows": 7,
          "Actual Loops": 1,
          "Workers Planned": 6,
          "Workers Launched": 6,
          "Single Copy": false,
          "Plans": [
            {
              "Node Type": "Aggregate",
              "Strategy": "Plain",
              "Partial Mode": "Partial",
              "Parent Relationship": "Outer",
              "Parallel Aware": false,
              "Startup Cost": 396685.98,
              "Total Cost": 396685.99,
              "Plan Rows": 1,
              "Plan Width": 8,
              "Actual Startup Time": 1404.325,
              "Actual Total Time": 1404.329,
              "Actual Rows": 1,
              "Actual Loops": 7,
              "Plans": [
                {
                  "Node Type": "Hash Join",
                  "Parent Relationship": "Outer",
                  "Parallel Aware": true,
                  "Join Type": "Inner",
                  "Startup Cost": 47824.56,
                  "Total Cost": 395464.03,
                  "Plan Rows": 488779,
                  "Plan Width": 0,
                  "Actual Startup Time": 390.753,
                  "Actual Total Time": 1370.9,
                  "Actual Rows": 659161,
                  "Actual Loops": 7,
                  "Inner Unique": true,
                  "Hash Cond": "(ci.movie_id = t.id)",
                  "Plans": [
                    {
                      "Node Type": "Seq Scan",
                      "Parent Relationship": "Outer",
                      "Parallel Aware": true,
                      "Relation Name": "cast_info",
                      "Alias": "ci",
                      "Startup Cost": 0.0,
                      "Total Cost": 343316.27,
                      "Plan Rows": 1646928,
                      "Plan Width": 4,
                      "Actual Startup Time": 263.872,
                      "Actual Total Time": 690.665,
                      "Actual Rows": 2131764,
                      "Actual Loops": 7,
                      "Filter": "((person_id > 2157981) AND (role_id > 1))",
                      "Rows Removed by Filter": 3046000
                    },
                    {
                      "Node Type": "Hash",
                      "Parent Relationship": "Inner",
                      "Parallel Aware": true,
                      "Startup Cost": 45479.59,
                      "Total Cost": 45479.59,
                      "Plan Rows": 187598,
                      "Plan Width": 4,
                      "Actual Startup Time": 124.697,
                      "Actual Total Time": 124.698,
                      "Actual Rows": 113420,
                      "Actual Loops": 7,
                      "Hash Buckets": 1048576,
                      "Original Hash Buckets": 1048576,
                      "Hash Batches": 1,
                      "Original Hash Batches": 1,
                      "Peak Memory Usage": 39360,
                      "Plans": [
                        {
                          "Node Type": "Seq Scan",
                          "Parent Relationship": "Outer",
                          "Parallel Aware": true,
                          "Relation Name": "title",
                          "Alias": "t",
                          "Startup Cost": 0.0,
                          "Total Cost": 45479.59,
                          "Plan Rows": 187598,
                          "Plan Width": 4,
                          "Actual Startup Time": 0.049,
                          "Actual Total Time": 78.015,
                          "Actual Rows": 113420,
                          "Actual Loops": 7,
                          "Filter": "((kind_id < 7) AND (production_year < 2010))",
                          "Rows Removed by Filter": 247767
                        }
                      ]
                    }
                  ]
                }
              ]
            }
          ]
        }
      ]
    },
    "Planning Time": 0.196,
    "Triggers": [],
    "Execution Time": 1468.947
  }
]