[
  {
    "Plan": {
      "Node Type": "Aggregate",
      "Strategy": "Plain",
      "Partial Mode": "Finalize",
      "Parallel Aware": false,
      "Startup Cost": 32667.32,
      "Total Cost": 32667.33,
      "Plan Rows": 1,
      "Plan Width": 8,
      "Actual Startup Time": 100.53,
      "Actual Total Time": 109.804,
      "Actual Rows": 1,
      "Actual Loops": 1,
      "Plans": [
        {
          "Node Type": "Gather",
          "Parent Relationship": "Outer",
          "Parallel Aware": false,
          "Startup Cost": 32667.0,
          "Total Cost": 32667.31,
          "Plan Rows": 3,
          "Plan Width": 8,
          "Actual Startup Time": 100.4,
          "Actual Total Time": 109.797,
          "Actual Rows": 4,
          "Actual Loops": 1,
          "Workers Planned": 3,
          "Workers Launched": 3,
          "Single Copy": false,
          "Plans": [
            {
              "Node Type": "Aggregate",
              "Strategy": "Plain",
              "Partial Mode": "Partial",
              "Parent Relationship": "Outer",
              "Parallel Aware": false,
              "Startup Cost": 31667.0,
              "Total Cost": 31667.01,
              "Plan Rows": 1,
              "Plan Width": 8,
              "Actual Startup Time": 92.475,
              "Actual Total Time": 92.476,
              "Actual Rows": 1,
              "Actual Loops": 4,
              "Plans": [
                {
                  "Node Type": "Seq Scan",
                  "Parent Relationship": "Outer",
                  "Parallel Aware": true,
                  "Relation Name": "movie_companies",
                  "Alias": "mc",
                  "Startup Cost": 0.0,
                  "Total Cost": 31414.82,
                  "Plan Rows": 100874,
                  "Plan Width": 0,
                  "Actual Startup Time": 0.048,
                  "Actual Total Time": 83.106,
                  "Actual Rows": 113578,
                  "Actual Loops": 4,
                  "Filter": "((company_id < 843) AND (company_type_id = 1))",
                  "Rows Removed by Filter": 538704
                }
              ]
            }
          ]
        }
      ]
    },
    "Planning Time": 0.219,
    "Triggers": [],
    "Execution Time": 109.861
  }
]