[
  {
    "Plan": {
      "Node Type": "Aggregate",
      "Strategy": "Plain",
      "Partial Mode": "Simple",
      "Parallel Aware": false,
      "Startup Cost": 3006.83,
      "Total Cost": 3006.84,
      "Plan Rows": 1,
      "Plan Width": 8,
      "Actual Startup Time": 9.579,
      "Actual Total Time": 9.582,
      "Actual Rows": 1,
      "Actual Loops": 1,
      "Plans": [
        {
          "Node Type": "Nested Loop",
          "Parent Relationship": "Outer",
          "Parallel Aware": false,
          "Join Type": "Inner",
          "Startup Cost": 6.78,
          "Total Cost": 3006.58,
          "Plan Rows": 100,
          "Plan Width": 0,
          "Actual Startup Time": 1.887,
          "Actual Total Time": 9.486,
          "Actual Rows": 330,
          "Actual Loops": 1,
          "Inner Unique": true,
          "Plans": [
            {
              "Node Type": "Bitmap Heap Scan",
              "Parent Relationship": "Outer",
              "Parallel Aware": false,
              "Relation Name": "movie_keyword",
              "Alias": "mk",
              "Startup Cost": 6.35,
              "Total Cost": 922.98,
              "Plan Rows": 248,
              "Plan Width": 4,
              "Actual Startup Time": 1.85,
              "Actual Total Time": 3.813,
              "Actual Rows": 587,
              "Actual Loops": 1,
              "Recheck Cond": "(keyword_id = 12169)",
              "Rows Removed by Index Recheck": 0,
              "Exact Heap Blocks": 565,
              "Lossy Heap Blocks": 0,
              "Plans": [
                {
                  "Node Type": "Bitmap Index Scan",
                  "Parent Relationship": "Outer",
                  "Parallel Aware": false,
                  "Index Name": "keyword_id_movie_keyword",
                  "Startup Cost": 0.0,
                  "Total Cost": 6.29,
                  "Plan Rows": 248,
                  "Plan Width": 0,
                  "Actual Startup Time": 1.64,
                  "Actual Total Time": 1.64,
                  "Actual Rows": 587,
                  "Actual Loops": 1,
                  "Index Cond": "(keyword_id = 12169)"
                }
              ]
            },
            {
              "Node Type": "Index Scan",
              "Parent Relationship": "Inner",
              "Parallel Aware": false,
              "Scan Direction": "Forward",
              "Index Name": "title_pkey",
              "Relation Name": "title",
              "Alias": "t",
              "Startup Cost": 0.43,
              "Total Cost": 8.4,
              "Plan Rows": 1,
              "Plan Width": 4,
              "Actual Startup Time": 0.009,
              "Actual Total Time": 0.009,
              "Actual Rows": 1,
              "Actual Loops": 587,
              "Index Cond": "(id = mk.movie_id)",
              "Rows Removed by Index Recheck": 0,
              "Filter": "(production_year < 2000)",
              "Rows Removed by Filter": 0
            }
          ]
        }
      ]
    },
    "Planning Time": 0.585,
    "Triggers": [],
    "Execution Time": 9.661
  }
]