{
  "Plan": {
    "Node Type": "Aggregate",
    "Strategy": "Plain",
    "Partial Mode": "Finalize",
    "Parallel Aware": false,
    "Startup Cost": 81111.82,
    "Total Cost": 81111.83,
    "Plan Rows": 1,
    "Plan Width": 8,
    "Actual Startup Time": 313.161,
    "Actual Total Time": 325.729,
    "Actual Rows": 1,
    "Actual Loops": 1,
    "Plans": [
      {
        "Node Type": "Gather",
        "Parent Relationship": "Outer",
        "Parallel Aware": false,
        "Startup Cost": 81111.71,
        "Total Cost": 81111.82,
        "Plan Rows": 1,
        "Plan Width": 8,
        "Actual Startup Time": 312.732,
        "Actual Total Time": 325.721,
        "Actual Rows": 2,
        "Actual Loops": 1,
        "Workers Planned": 1,
        "Workers Launched": 1,
        "Single Copy": false,
        "Plans": [
          {
            "Node Type": "Aggregate",
            "Strategy": "Plain",
            "Partial Mode": "Partial",
            "Parent Relationship": "Outer",
            "Parallel Aware": false,
            "Startup Cost": 80111.71,
            "Total Cost": 80111.72,
            "Plan Rows": 1,
            "Plan Width": 8,
            "Actual Startup Time": 306.722,
            "Actual Total Time": 306.726,
            "Actual Rows": 1,
            "Actual Loops": 2,
            "Plans": [
              {
                "Node Type": "Hash Join",
                "Parent Relationship": "Outer",
                "Parallel Aware": true,
                "Join Type": "Inner",
                "Startup Cost": 38970.75,
                "Total Cost": 80007.13,
                "Plan Rows": 41832,
                "Plan Width": 0,
                "Actual Startup Time": 80.881,
                "Actual Total Time": 303.465,
                "Actual Rows": 78839,
                "Actual Loops": 2,
                "Inner Unique": true,
                "Hash Cond": "(mc.movie_id = t.id)",
                "Plans": [
                  {
                    "Node Type": "Seq Scan",
                    "Parent Relationship": "Outer",
                    "Parallel Aware": true,
                    "Relation Name": "movie_companies",
                    "Alias": "mc",
                    "Startup Cost": 0.0,
                    "Total Cost": 37974.77,
                    "Plan Rows": 1166325,
                    "Plan Width": 4,
                    "Actual Startup Time": 0.014,
                    "Actual Total Time": 127.201,
                    "Actual Rows": 985306,
                    "Actual Loops": 2,
                    "Filter": "(company_id < 57518)",
                    "Rows Removed by Filter": 319258
                  },
                  {
                    "Node Type": "Hash",
                    "Parent Relationship": "Inner",
                    "Parallel Aware": true,
                    "Startup Cost": 38303.98,
                    "Total Cost": 38303.98,
                    "Plan Rows": 53342,
                    "Plan Width": 4,
                    "Actual Startup Time": 78.506,
                    "Actual Total Time": 78.508,
                    "Actual Rows": 45426,
                    "Actual Loops": 2,
                    "Hash Buckets": 131072,
                    "Original Hash Buckets": 131072,
                    "Hash Batches": 1,
                    "Original Hash Batches": 1,
                    "Peak Memory Usage": 4608,
                    "Plans": [
                      {
                        "Node Type": "Bitmap Heap Scan",
                        "Parent Relationship": "Outer",
                        "Parallel Aware": true,
                        "Relation Name": "title",
                        "Alias": "t",
                        "Startup Cost": 1639.21,
                        "Total Cost": 38303.98,
                        "Plan Rows": 53342,
                        "Plan Width": 4,
                        "Actual Startup Time": 21.164,
                        "Actual Total Time": 68.389,
                        "Actual Rows": 45426,
                        "Actual Loops": 2,
                        "Recheck Cond": "(kind_id = 2)",
                        "Rows Removed by Index Recheck": 0,
                        "Exact Heap Blocks": 19152,
                        "Lossy Heap Blocks": 0,
                        "Plans": [
                          {
                            "Node Type": "Bitmap Index Scan",
                            "Parent Relationship": "Outer",
                            "Parallel Aware": false,
                            "Index Name": "kind_id_title",
                            "Startup Cost": 0.0,
                            "Total Cost": 1616.54,
                            "Plan Rows": 90681,
                            "Plan Width": 0,
                            "Actual Startup Time": 17.858,
                            "Actual Total Time": 17.858,
                            "Actual Rows": 90852,
                            "Actual Loops": 1,
                            "Index Cond": "(kind_id = 2)"
                          }
                        ]
                      }
                    ]
                  }
                ]
              }
            ]
          }
        ]
      }
    ]
  },
  "Planning Time": 0.739,
  "Triggers": [],
  "Execution Time": 325.821
}