[
  {
    "Plan": {
      "Node Type": "Aggregate",
      "Strategy": "Plain",
      "Partial Mode": "Finalize",
      "Parallel Aware": false,
      "Startup Cost": 33272.18,
      "Total Cost": 33272.19,
      "Plan Rows": 1,
      "Plan Width": 8,
      "Actual Startup Time": 93.721,
      "Actual Total Time": 100.725,
      "Actual Rows": 1,
      "Actual Loops": 1,
      "Plans": [
        {
          "Node Type": "Gather",
          "Parent Relationship": "Outer",
          "Parallel Aware": false,
          "Startup Cost": 33271.86,
          "Total Cost": 33272.17,
          "Plan Rows": 3,
          "Plan Width": 8,
          "Actual Startup Time": 93.556,
          "Actual Total Time": 100.712,
          "Actual Rows": 4,
          "Actual Loops": 1,
          "Workers Planned": 3,
          "Workers Launched": 3,
          "Single Copy": false,
          "Plans": [
            {
              "Node Type": "Aggregate",
              "Strategy": "Plain",
              "Partial Mode": "Partial",
              "Parent Relationship": "Outer",
              "Parallel Aware": false,
              "Startup Cost": 32271.86,
              "Total Cost": 32271.87,
              "Plan Rows": 1,
              "Plan Width": 8,
              "Actual Startup Time": 88.407,
              "Actual Total Time": 88.408,
              "Actual Rows": 1,
              "Actual Loops": 4,
              "Plans": [
                {
                  "Node Type": "Seq Scan",
                  "Parent Relationship": "Outer",
                  "Parallel Aware": true,
                  "Relation Name": "movie_companies",
                  "Alias": "mc",
                  "Startup Cost": 0.0,
                  "Total Cost": 31414.82,
                  "Plan Rows": 342818,
                  "Plan Width": 0,
                  "Actual Startup Time": 0.116,
                  "Actual Total Time": 76.72,
                  "Actual Rows": 236745,
                  "Actual Loops": 4,
                  "Filter": "((company_id > 304) AND (company_type_id < 2))",
                  "Rows Removed by Filter": 415537
                }
              ]
            }
          ]
        }
      ]
    },
    "Planning Time": 0.19,
    "Triggers": [],
    "Execution Time": 100.774
  }
]