[
  {
    "Plan": {
      "Node Type": "Aggregate",
      "Strategy": "Plain",
      "Partial Mode": "Finalize",
      "Parallel Aware": false,
      "Startup Cost": 33279.8,
      "Total Cost": 33279.81,
      "Plan Rows": 1,
      "Plan Width": 8,
      "Actual Startup Time": 101.064,
      "Actual Total Time": 109.202,
      "Actual Rows": 1,
      "Actual Loops": 1,
      "Plans": [
        {
          "Node Type": "Gather",
          "Parent Relationship": "Outer",
          "Parallel Aware": false,
          "Startup Cost": 33279.48,
          "Total Cost": 33279.79,
          "Plan Rows": 3,
          "Plan Width": 8,
          "Actual Startup Time": 100.969,
          "Actual Total Time": 109.194,
          "Actual Rows": 4,
          "Actual Loops": 1,
          "Workers Planned": 3,
          "Workers Launched": 3,
          "Single Copy": false,
          "Plans": [
            {
              "Node Type": "Aggregate",
              "Strategy": "Plain",
              "Partial Mode": "Partial",
              "Parent Relationship": "Outer",
              "Parallel Aware": false,
              "Startup Cost": 32279.48,
              "Total Cost": 32279.49,
              "Plan Rows": 1,
              "Plan Width": 8,
              "Actual Startup Time": 92.722,
              "Actual Total Time": 92.723,
              "Actual Rows": 1,
              "Actual Loops": 4,
              "Plans": [
                {
                  "Node Type": "Seq Scan",
                  "Parent Relationship": "Outer",
                  "Parallel Aware": true,
                  "Relation Name": "movie_companies",
                  "Alias": "mc",
                  "Startup Cost": 0.0,
                  "Total Cost": 31414.82,
                  "Plan Rows": 345865,
                  "Plan Width": 0,
                  "Actual Startup Time": 0.165,
                  "Actual Total Time": 80.217,
                  "Actual Rows": 236745,
                  "Actual Loops": 4,
                  "Filter": "((company_id > 304) AND (company_type_id < 2))",
                  "Rows Removed by Filter": 415537
                }
              ]
            }
          ]
        }
      ]
    },
    "Planning Time": 0.188,
    "Triggers": [],
    "Execution Time": 109.253
  }
]