{
  "Plan": {
    "Node Type": "Aggregate",
    "Strategy": "Plain",
    "Partial Mode": "Finalize",
    "Parallel Aware": false,
    "Startup Cost": 111576.73,
    "Total Cost": 111576.74,
    "Plan Rows": 1,
    "Plan Width": 8,
    "Actual Startup Time": 475.023,
    "Actual Total Time": 486.675,
    "Actual Rows": 1,
    "Actual Loops": 1,
    "Plans": [
      {
        "Node Type": "Gather",
        "Parent Relationship": "Outer",
        "Parallel Aware": false,
        "Startup Cost": 111576.61,
        "Total Cost": 111576.72,
        "Plan Rows": 1,
        "Plan Width": 8,
        "Actual Startup Time": 473.771,
        "Actual Total Time": 486.665,
        "Actual Rows": 2,
        "Actual Loops": 1,
        "Workers Planned": 1,
        "Workers Launched": 1,
        "Single Copy": false,
        "Plans": [
          {
            "Node Type": "Aggregate",
            "Strategy": "Plain",
            "Partial Mode": "Partial",
            "Parent Relationship": "Outer",
            "Parallel Aware": false,
            "Startup Cost": 110576.61,
            "Total Cost": 110576.62,
            "Plan Rows": 1,
            "Plan Width": 8,
            "Actual Startup Time": 467.978,
            "Actual Total Time": 467.981,
            "Actual Rows": 1,
            "Actual Loops": 2,
            "Plans": [
              {
                "Node Type": "Hash Join",
                "Parent Relationship": "Outer",
                "Parallel Aware": true,
                "Join Type": "Inner",
                "Startup Cost": 46630.39,
                "Total Cost": 109830.68,
                "Plan Rows": 298374,
                "Plan Width": 0,
                "Actual Startup Time": 185.346,
                "Actual Total Time": 466.156,
                "Actual Rows": 43660,
                "Actual Loops": 2,
                "Inner Unique": false,
                "Hash Cond": "(t.id = mc.movie_id)",
                "Plans": [
                  {
                    "Node Type": "Seq Scan",
                    "Parent Relationship": "Outer",
                    "Parallel Aware": true,
                    "Relation Name": "title",
                    "Alias": "t",
                    "Startup Cost": 0.0,
                    "Total Cost": 54588.39,
                    "Plan Rows": 1097081,
                    "Plan Width": 4,
                    "Actual Startup Time": 0.011,
                    "Actual Total Time": 134.671,
                    "Actual Rows": 932744,
                    "Actual Loops": 2,
                    "Filter": "(kind_id > 1)",
                    "Rows Removed by Filter": 331412
                  },
                  {
                    "Node Type": "Hash",
                    "Parent Relationship": "Inner",
                    "Parallel Aware": true,
                    "Startup Cost": 41574.35,
                    "Total Cost": 41574.35,
                    "Plan Rows": 404483,
                    "Plan Width": 4,
                    "Actual Startup Time": 167.086,
                    "Actual Total Time": 167.087,
                    "Actual Rows": 234497,
                    "Actual Loops": 2,
                    "Hash Buckets": 1048576,
                    "Original Hash Buckets": 1048576,
                    "Hash Batches": 1,
                    "Original Hash Batches": 1,
                    "Peak Memory Usage": 26560,
                    "Plans": [
                      {
                        "Node Type": "Index Scan",
                        "Parent Relationship": "Outer",
                        "Parallel Aware": true,
                        "Scan Direction": "Forward",
                        "Index Name": "company_type_id_movie_companies",
                        "Relation Name": "movie_companies",
                        "Alias": "mc",
                        "Startup Cost": 0.43,
                        "Total Cost": 41574.35,
                        "Plan Rows": 404483,
                        "Plan Width": 4,
                        "Actual Startup Time": 43.106,
                        "Actual Total Time": 114.714,
                        "Actual Rows": 234497,
                        "Actual Loops": 2,
                        "Index Cond": "(company_type_id = 1)",
                        "Rows Removed by Index Recheck": 0,
                        "Filter": "(company_id > 11055)",
                        "Rows Removed by Filter": 402626
                      }
                    ]
                  }
                ]
              }
            ]
          }
        ]
      }
    ]
  },
  "Planning Time": 0.713,
  "Triggers": [],
  "Execution Time": 486.749
}