{
  "Plan": {
    "Node Type": "Aggregate",
    "Strategy": "Plain",
    "Partial Mode": "Finalize",
    "Parallel Aware": false,
    "Startup Cost": 561508.09,
    "Total Cost": 561508.1,
    "Plan Rows": 1,
    "Plan Width": 8,
    "Actual Startup Time": 2953.646,
    "Actual Total Time": 2977.702,
    "Actual Rows": 1,
    "Actual Loops": 1,
    "Plans": [
      {
        "Node Type": "Gather",
        "Parent Relationship": "Outer",
        "Parallel Aware": false,
        "Startup Cost": 561507.98,
        "Total Cost": 561508.09,
        "Plan Rows": 1,
        "Plan Width": 8,
        "Actual Startup Time": 2948.376,
        "Actual Total Time": 2977.692,
        "Actual Rows": 2,
        "Actual Loops": 1,
        "Workers Planned": 1,
        "Workers Launched": 1,
        "Single Copy": false,
        "Plans": [
          {
            "Node Type": "Aggregate",
            "Strategy": "Plain",
            "Partial Mode": "Partial",
            "Parent Relationship": "Outer",
            "Parallel Aware": false,
            "Startup Cost": 560507.98,
            "Total Cost": 560507.99,
            "Plan Rows": 1,
            "Plan Width": 8,
            "Actual Startup Time": 2942.566,
            "Actual Total Time": 2942.572,
            "Actual Rows": 1,
            "Actual Loops": 2,
            "Plans": [
              {
                "Node Type": "Hash Join",
                "Parent Relationship": "Outer",
                "Parallel Aware": true,
                "Join Type": "Inner",
                "Startup Cost": 228772.06,
                "Total Cost": 560114.37,
                "Plan Rows": 157442,
                "Plan Width": 0,
                "Actual Startup Time": 818.647,
                "Actual Total Time": 2930.198,
                "Actual Rows": 256386,
                "Actual Loops": 2,
                "Inner Unique": false,
                "Hash Cond": "(t.id = mc.movie_id)",
                "Plans": [
                  {
                    "Node Type": "Hash Join",
                    "Parent Relationship": "Outer",
                    "Parallel Aware": true,
                    "Join Type": "Inner",
                    "Startup Cost": 205999.52,
                    "Total Cost": 513687.86,
                    "Plan Rows": 3636452,
                    "Plan Width": 8,
                    "Actual Startup Time": 769.632,
                    "Actual Total Time": 2464.973,
                    "Actual Rows": 3011910,
                    "Actual Loops": 2,
                    "Inner Unique": true,
                    "Hash Cond": "(ci.movie_id = t.id)",
                    "Plans": [
                      {
                        "Node Type": "Bitmap Heap Scan",
                        "Parent Relationship": "Outer",
                        "Parallel Aware": true,
                        "Relation Name": "cast_info",
                        "Alias": "ci",
                        "Startup Cost": 136538.82,
                        "Total Cost": 434681.46,
                        "Plan Rows": 3636452,
                        "Plan Width": 4,
                        "Actual Startup Time": 254.28,
                        "Actual Total Time": 580.034,
                        "Actual Rows": 3011910,
                        "Actual Loops": 2,
                        "Recheck Cond": "(person_id > 3045536)",
                        "Rows Removed by Index Recheck": 0,
                        "Exact Heap Blocks": 41854,
                        "Lossy Heap Blocks": 0,
                        "Plans": [
                          {
                            "Node Type": "Bitmap Index Scan",
                            "Parent Relationship": "Outer",
                            "Parallel Aware": false,
                            "Index Name": "person_id_cast_info",
                            "Startup Cost": 0.0,
                            "Total Cost": 134993.33,
                            "Plan Rows": 6181968,
                            "Plan Width": 0,
                            "Actual Startup Time": 240.335,
                            "Actual Total Time": 240.335,
                            "Actual Rows": 6023819,
                            "Actual Loops": 1,
                            "Index Cond": "(person_id > 3045536)"
                          }
                        ]
                      },
                      {
                        "Node Type": "Hash",
                        "Parent Relationship": "Inner",
                        "Parallel Aware": true,
                        "Startup Cost": 50870.31,
                        "Total Cost": 50870.31,
                        "Plan Rows": 1487231,
                        "Plan Width": 4,
                        "Actual Startup Time": 503.351,
                        "Actual Total Time": 503.352,
                        "Actual Rows": 1264156,
                        "Actual Loops": 2,
                        "Hash Buckets": 4194304,
                        "Original Hash Buckets": 4194304,
                        "Hash Batches": 1,
                        "Original Hash Batches": 1,
                        "Peak Memory Usage": 131712,
                        "Plans": [
                          {
                            "Node Type": "Seq Scan",
                            "Parent Relationship": "Outer",
                            "Parallel Aware": true,
                            "Relation Name": "title",
                            "Alias": "t",
                            "Startup Cost": 0.0,
                            "Total Cost": 50870.31,
                            "Plan Rows": 1487231,
                            "Plan Width": 4,
                            "Actual Startup Time": 0.022,
                            "Actual Total Time": 145.378,
                            "Actual Rows": 1264156,
                            "Actual Loops": 2
                          }
                        ]
                      }
                    ]
                  },
                  {
                    "Node Type": "Hash",
                    "Parent Relationship": "Inner",
                    "Parallel Aware": true,
                    "Startup Cost": 21967.66,
                    "Total Cost": 21967.66,
                    "Plan Rows": 64391,
                    "Plan Width": 4,
                    "Actual Startup Time": 46.68,
                    "Actual Total Time": 46.681,
                    "Actual Rows": 52029,
                    "Actual Loops": 2,
                    "Hash Buckets": 131072,
                    "Original Hash Buckets": 131072,
                    "Hash Batches": 1,
                    "Original Hash Batches": 1,
                    "Peak Memory Usage": 5152,
                    "Plans": [
                      {
                        "Node Type": "Bitmap Heap Scan",
                        "Parent Relationship": "Outer",
                        "Parallel Aware": true,
                        "Relation Name": "movie_companies",
                        "Alias": "mc",
                        "Startup Cost": 2372.78,
                        "Total Cost": 21967.66,
                        "Plan Rows": 64391,
                        "Plan Width": 4,
                        "Actual Startup Time": 10.525,
                        "Actual Total Time": 32.271,
                        "Actual Rows": 52029,
                        "Actual Loops": 2,
                        "Recheck Cond": "(company_id > 155176)",
                        "Rows Removed by Index Recheck": 0,
                        "Exact Heap Blocks": 2485,
                        "Lossy Heap Blocks": 0,
                        "Plans": [
                          {
                            "Node Type": "Bitmap Index Scan",
                            "Parent Relationship": "Outer",
                            "Parallel Aware": false,
                            "Index Name": "company_id_movie_companies",
                            "Startup Cost": 0.0,
                            "Total Cost": 2345.41,
                            "Plan Rows": 109464,
                            "Plan Width": 0,
                            "Actual Startup Time": 12.979,
                            "Actual Total Time": 12.979,
                            "Actual Rows": 104058,
                            "Actual Loops": 1,
                            "Index Cond": "(company_id > 155176)"
                          }
                        ]
                      }
                    ]
                  }
                ]
              }
            ]
          }
        ]
      }
    ]
  },
  "Planning Time": 1.105,
  "Triggers": [],
  "Execution Time": 2977.819
}