{
  "Plan": {
    "Node Type": "Aggregate",
    "Strategy": "Plain",
    "Partial Mode": "Finalize",
    "Parallel Aware": false,
    "Startup Cost": 75819.19,
    "Total Cost": 75819.2,
    "Plan Rows": 1,
    "Plan Width": 8,
    "Actual Startup Time": 233.833,
    "Actual Total Time": 250.199,
    "Actual Rows": 1,
    "Actual Loops": 1,
    "Plans": [
      {
        "Node Type": "Gather",
        "Parent Relationship": "Outer",
        "Parallel Aware": false,
        "Startup Cost": 75819.07,
        "Total Cost": 75819.18,
        "Plan Rows": 1,
        "Plan Width": 8,
        "Actual Startup Time": 233.669,
        "Actual Total Time": 250.192,
        "Actual Rows": 2,
        "Actual Loops": 1,
        "Workers Planned": 1,
        "Workers Launched": 1,
        "Single Copy": false,
        "Plans": [
          {
            "Node Type": "Aggregate",
            "Strategy": "Plain",
            "Partial Mode": "Partial",
            "Parent Relationship": "Outer",
            "Parallel Aware": false,
            "Startup Cost": 74819.07,
            "Total Cost": 74819.08,
            "Plan Rows": 1,
            "Plan Width": 8,
            "Actual Startup Time": 227.381,
            "Actual Total Time": 227.384,
            "Actual Rows": 1,
            "Actual Loops": 2,
            "Plans": [
              {
                "Node Type": "Nested Loop",
                "Parent Relationship": "Outer",
                "Parallel Aware": false,
                "Join Type": "Inner",
                "Startup Cost": 54700.37,
                "Total Cost": 74814.93,
                "Plan Rows": 1656,
                "Plan Width": 0,
                "Actual Startup Time": 140.513,
                "Actual Total Time": 227.073,
                "Actual Rows": 5007,
                "Actual Loops": 2,
                "Inner Unique": false,
                "Join Filter": "(t.id = mc.movie_id)",
                "Rows Removed by Join Filter": 0,
                "Plans": [
                  {
                    "Node Type": "Hash Join",
                    "Parent Relationship": "Outer",
                    "Parallel Aware": true,
                    "Join Type": "Inner",
                    "Startup Cost": 54699.94,
                    "Total Cost": 73484.26,
                    "Plan Rows": 1605,
                    "Plan Width": 8,
                    "Actual Startup Time": 140.445,
                    "Actual Total Time": 213.041,
                    "Actual Rows": 1602,
                    "Actual Loops": 2,
                    "Inner Unique": true,
                    "Hash Cond": "(mi_idx.movie_id = t.id)",
                    "Plans": [
                      {
                        "Node Type": "Seq Scan",
                        "Parent Relationship": "Outer",
                        "Parallel Aware": true,
                        "Relation Name": "movie_info_idx",
                        "Alias": "mi_idx",
                        "Startup Cost": 0.0,
                        "Total Cost": 18082.32,
                        "Plan Rows": 267429,
                        "Plan Width": 4,
                        "Actual Startup Time": 0.022,
                        "Actual Total Time": 52.115,
                        "Actual Rows": 229962,
                        "Actual Loops": 2,
                        "Filter": "(info_type_id < 100)",
                        "Rows Removed by Filter": 460055
                      },
                      {
                        "Node Type": "Hash",
                        "Parent Relationship": "Inner",
                        "Parallel Aware": true,
                        "Startup Cost": 54588.39,
                        "Total Cost": 54588.39,
                        "Plan Rows": 8924,
                        "Plan Width": 4,
                        "Actual Startup Time": 138.724,
                        "Actual Total Time": 138.725,
                        "Actual Rows": 7142,
                        "Actual Loops": 2,
                        "Hash Buckets": 16384,
                        "Original Hash Buckets": 16384,
                        "Hash Batches": 1,
                        "Original Hash Batches": 1,
                        "Peak Memory Usage": 736,
                        "Plans": [
                          {
                            "Node Type": "Seq Scan",
                            "Parent Relationship": "Outer",
                            "Parallel Aware": true,
                            "Relation Name": "title",
                            "Alias": "t",
                            "Startup Cost": 0.0,
                            "Total Cost": 54588.39,
                            "Plan Rows": 8924,
                            "Plan Width": 4,
                            "Actual Startup Time": 0.083,
                            "Actual Total Time": 136.046,
                            "Actual Rows": 7142,
                            "Actual Loops": 2,
                            "Filter": "(production_year = 1973)",
                            "Rows Removed by Filter": 1257014
                          }
                        ]
                      }
                    ]
                  },
                  {
                    "Node Type": "Index Only Scan",
                    "Parent Relationship": "Inner",
                    "Parallel Aware": false,
                    "Scan Direction": "Forward",
                    "Index Name": "movie_id_movie_companies",
                    "Relation Name": "movie_companies",
                    "Alias": "mc",
                    "Startup Cost": 0.43,
                    "Total Cost": 0.77,
                    "Plan Rows": 5,
                    "Plan Width": 4,
                    "Actual Startup Time": 0.006,
                    "Actual Total Time": 0.008,
                    "Actual Rows": 3,
                    "Actual Loops": 3204,
                    "Index Cond": "(movie_id = mi_idx.movie_id)",
                    "Rows Removed by Index Recheck": 0,
                    "Heap Fetches": 10014
                  }
                ]
              }
            ]
          }
        ]
      }
    ]
  },
  "Planning Time": 0.805,
  "Triggers": [],
  "Execution Time": 250.278
}