[
  {
    "Plan": {
      "Node Type": "Aggregate",
      "Strategy": "Plain",
      "Partial Mode": "Finalize",
      "Parallel Aware": false,
      "Startup Cost": 34237.31,
      "Total Cost": 34237.32,
      "Plan Rows": 1,
      "Plan Width": 8,
      "Actual Startup Time": 120.001,
      "Actual Total Time": 129.208,
      "Actual Rows": 1,
      "Actual Loops": 1,
      "Plans": [
        {
          "Node Type": "Gather",
          "Parent Relationship": "Outer",
          "Parallel Aware": false,
          "Startup Cost": 34236.99,
          "Total Cost": 34237.3,
          "Plan Rows": 3,
          "Plan Width": 8,
          "Actual Startup Time": 119.616,
          "Actual Total Time": 129.2,
          "Actual Rows": 4,
          "Actual Loops": 1,
          "Workers Planned": 3,
          "Workers Launched": 3,
          "Single Copy": false,
          "Plans": [
            {
              "Node Type": "Aggregate",
              "Strategy": "Plain",
              "Partial Mode": "Partial",
              "Parent Relationship": "Outer",
              "Parallel Aware": false,
              "Startup Cost": 33236.99,
              "Total Cost": 33237.0,
              "Plan Rows": 1,
              "Plan Width": 8,
              "Actual Startup Time": 110.146,
              "Actual Total Time": 110.148,
              "Actual Rows": 1,
              "Actual Loops": 4,
              "Plans": [
                {
                  "Node Type": "Bitmap Heap Scan",
                  "Parent Relationship": "Outer",
                  "Parallel Aware": true,
                  "Relation Name": "movie_keyword",
                  "Alias": "mk",
                  "Startup Cost": 7152.28,
                  "Total Cost": 32965.21,
                  "Plan Rows": 108714,
                  "Plan Width": 0,
                  "Actual Startup Time": 38.148,
                  "Actual Total Time": 104.578,
                  "Actual Rows": 84016,
                  "Actual Loops": 4,
                  "Recheck Cond": "(keyword_id > 49117)",
                  "Rows Removed by Index Recheck": 0,
                  "Exact Heap Blocks": 11301,
                  "Lossy Heap Blocks": 0,
                  "Plans": [
                    {
                      "Node Type": "Bitmap Index Scan",
                      "Parent Relationship": "Outer",
                      "Parallel Aware": false,
                      "Index Name": "keyword_id_movie_keyword",
                      "Startup Cost": 0.0,
                      "Total Cost": 7068.03,
                      "Plan Rows": 337013,
                      "Plan Width": 0,
                      "Actual Startup Time": 42.709,
                      "Actual Total Time": 42.709,
                      "Actual Rows": 336065,
                      "Actual Loops": 1,
                      "Index Cond": "(keyword_id > 49117)"
                    }
                  ]
                }
              ]
            }
          ]
        }
      ]
    },
    "Planning Time": 0.195,
    "Triggers": [],
    "Execution Time": 129.286
  }
]