[
  {
    "Plan": {
      "Node Type": "Aggregate",
      "Strategy": "Plain",
      "Partial Mode": "Finalize",
      "Parallel Aware": false,
      "Startup Cost": 460374.84,
      "Total Cost": 460374.85,
      "Plan Rows": 1,
      "Plan Width": 8,
      "Actual Startup Time": 4016.471,
      "Actual Total Time": 4071.058,
      "Actual Rows": 1,
      "Actual Loops": 1,
      "Plans": [
        {
          "Node Type": "Gather",
          "Parent Relationship": "Outer",
          "Parallel Aware": false,
          "Startup Cost": 460374.22,
          "Total Cost": 460374.83,
          "Plan Rows": 6,
          "Plan Width": 8,
          "Actual Startup Time": 3996.923,
          "Actual Total Time": 4071.044,
          "Actual Rows": 7,
          "Actual Loops": 1,
          "Workers Planned": 6,
          "Workers Launched": 6,
          "Single Copy": false,
          "Plans": [
            {
              "Node Type": "Aggregate",
              "Strategy": "Plain",
              "Partial Mode": "Partial",
              "Parent Relationship": "Outer",
              "Parallel Aware": false,
              "Startup Cost": 459374.22,
              "Total Cost": 459374.23,
              "Plan Rows": 1,
              "Plan Width": 8,
              "Actual Startup Time": 3982.26,
              "Actual Total Time": 3983.059,
              "Actual Rows": 1,
              "Actual Loops": 7,
              "Plans": [
                {
                  "Node Type": "Hash Join",
                  "Parent Relationship": "Outer",
                  "Parallel Aware": true,
                  "Join Type": "Inner",
                  "Startup Cost": 101853.08,
                  "Total Cost": 449874.55,
                  "Plan Rows": 3799866,
                  "Plan Width": 0,
                  "Actual Startup Time": 548.075,
                  "Actual Total Time": 3411.297,
                  "Actual Rows": 11560624,
                  "Actual Loops": 7,
                  "Inner Unique": false,
                  "Hash Cond": "(ci.movie_id = t.id)",
                  "Plans": [
                    {
                      "Node Type": "Seq Scan",
                      "Parent Relationship": "Outer",
                      "Parallel Aware": true,
                      "Relation Name": "cast_info",
                      "Alias": "ci",
                      "Startup Cost": 0.0,
                      "Total Cost": 313106.51,
                      "Plan Rows": 6041951,
                      "Plan Width": 4,
                      "Actual Startup Time": 0.033,
                      "Actual Total Time": 583.402,
                      "Actual Rows": 5177763,
                      "Actual Loops": 7
                    },
                    {
                      "Node Type": "Hash",
                      "Parent Relationship": "Inner",
                      "Parallel Aware": true,
                      "Startup Cost": 95441.14,
                      "Total Cost": 95441.14,
                      "Plan Rows": 512955,
                      "Plan Width": 8,
                      "Actual Startup Time": 543.15,
                      "Actual Total Time": 543.948,
                      "Actual Rows": 237967,
                      "Actual Loops": 7,
                      "Hash Buckets": 2097152,
                      "Original Hash Buckets": 2097152,
                      "Hash Batches": 1,
                      "Original Hash Batches": 1,
                      "Peak Memory Usage": 81664,
                      "Plans": [
                        {
                          "Node Type": "Hash Join",
                          "Parent Relationship": "Outer",
                          "Parallel Aware": true,
                          "Join Type": "Inner",
                          "Startup Cost": 51309.8,
                          "Total Cost": 95441.14,
                          "Plan Rows": 512955,
                          "Plan Width": 8,
                          "Actual Startup Time": 297.462,
                          "Actual Total Time": 449.004,
                          "Actual Rows": 237967,
                          "Actual Loops": 7,
                          "Inner Unique": true,
                          "Hash Cond": "(mk.movie_id = t.id)",
                          "Plans": [
                            {
                              "Node Type": "Seq Scan",
                              "Parent Relationship": "Outer",
                              "Parallel Aware": true,
                              "Relation Name": "movie_keyword",
                              "Alias": "mk",
                              "Startup Cost": 0.0,
                              "Total Cost": 42695.65,
                              "Plan Rows": 546931,
                              "Plan Width": 4,
                              "Actual Startup Time": 0.442,
                              "Actual Total Time": 82.6,
                              "Actual Rows": 240929,
                              "Actual Loops": 7,
                              "Filter": "(keyword_id > 8598)",
                              "Rows Removed by Filter": 405347
                            },
                            {
                              "Node Type": "Hash",
                              "Parent Relationship": "Inner",
                              "Parallel Aware": true,
                              "Startup Cost": 43899.32,
                              "Total Cost": 43899.32,
                              "Plan Rows": 592838,
                              "Plan Width": 4,
                              "Actual Startup Time": 292.76,
                              "Actual Total Time": 292.761,
                              "Actual Rows": 338708,
                              "Actual Loops": 7,
                              "Hash Buckets": 4194304,
                              "Original Hash Buckets": 4194304,
                              "Hash Batches": 1,
                              "Original Hash Batches": 1,
                              "Peak Memory Usage": 125632,
                              "Plans": [
                                {
                                  "Node Type": "Seq Scan",
                                  "Parent Relationship": "Outer",
                                  "Parallel Aware": true,
                                  "Relation Name": "title",
                                  "Alias": "t",
                                  "Startup Cost": 0.0,
                                  "Total Cost": 43899.32,
                                  "Plan Rows": 592838,
                                  "Plan Width": 4,
                                  "Actual Startup Time": 0.065,
                                  "Actual Total Time": 97.338,
                                  "Actual Rows": 338708,
                                  "Actual Loops": 7,
                                  "Filter": "(production_year > 1919)",
                                  "Rows Removed by Filter": 22479
                                }
                              ]
                            }
                          ]
                        }
                      ]
                    }
                  ]
                }
              ]
            }
          ]
        }
      ]
    },
    "Planning Time": 1.066,
    "Triggers": [],
    "Execution Time": 4071.137
  }
]