[
  {
    "Plan": {
      "Node Type": "Aggregate",
      "Strategy": "Plain",
      "Partial Mode": "Finalize",
      "Parallel Aware": false,
      "Startup Cost": 44884.13,
      "Total Cost": 44884.14,
      "Plan Rows": 1,
      "Plan Width": 8,
      "Actual Startup Time": 137.094,
      "Actual Total Time": 144.141,
      "Actual Rows": 1,
      "Actual Loops": 1,
      "Plans": [
        {
          "Node Type": "Gather",
          "Parent Relationship": "Outer",
          "Parallel Aware": false,
          "Startup Cost": 44883.81,
          "Total Cost": 44884.12,
          "Plan Rows": 3,
          "Plan Width": 8,
          "Actual Startup Time": 136.939,
          "Actual Total Time": 144.132,
          "Actual Rows": 4,
          "Actual Loops": 1,
          "Workers Planned": 3,
          "Workers Launched": 3,
          "Single Copy": false,
          "Plans": [
            {
              "Node Type": "Aggregate",
              "Strategy": "Plain",
              "Partial Mode": "Partial",
              "Parent Relationship": "Outer",
              "Parallel Aware": false,
              "Startup Cost": 43883.81,
              "Total Cost": 43883.82,
              "Plan Rows": 1,
              "Plan Width": 8,
              "Actual Startup Time": 131.099,
              "Actual Total Time": 131.1,
              "Actual Rows": 1,
              "Actual Loops": 4,
              "Plans": [
                {
                  "Node Type": "Seq Scan",
                  "Parent Relationship": "Outer",
                  "Parallel Aware": true,
                  "Relation Name": "movie_keyword",
                  "Alias": "mk",
                  "Startup Cost": 0.0,
                  "Total Cost": 42695.65,
                  "Plan Rows": 475262,
                  "Plan Width": 0,
                  "Actual Startup Time": 0.045,
                  "Actual Total Time": 111.6,
                  "Actual Rows": 367122,
                  "Actual Loops": 4,
                  "Filter": "(keyword_id < 2092)",
                  "Rows Removed by Filter": 763860
                }
              ]
            }
          ]
        }
      ]
    },
    "Planning Time": 0.158,
    "Triggers": [],
    "Execution Time": 144.19
  }
]