[
  {
    "Plan": {
      "Node Type": "Aggregate",
      "Strategy": "Plain",
      "Partial Mode": "Finalize",
      "Parallel Aware": false,
      "Startup Cost": 284763.41,
      "Total Cost": 284763.42,
      "Plan Rows": 1,
      "Plan Width": 8,
      "Actual Startup Time": 151.501,
      "Actual Total Time": 159.297,
      "Actual Rows": 1,
      "Actual Loops": 1,
      "Plans": [
        {
          "Node Type": "Gather",
          "Parent Relationship": "Outer",
          "Parallel Aware": false,
          "Startup Cost": 284762.78,
          "Total Cost": 284763.39,
          "Plan Rows": 6,
          "Plan Width": 8,
          "Actual Startup Time": 150.816,
          "Actual Total Time": 159.283,
          "Actual Rows": 7,
          "Actual Loops": 1,
          "Workers Planned": 6,
          "Workers Launched": 6,
          "Single Copy": false,
          "Plans": [
            {
              "Node Type": "Aggregate",
              "Strategy": "Plain",
              "Partial Mode": "Partial",
              "Parent Relationship": "Outer",
              "Parallel Aware": false,
              "Startup Cost": 283762.78,
              "Total Cost": 283762.79,
              "Plan Rows": 1,
              "Plan Width": 8,
              "Actual Startup Time": 142.315,
              "Actual Total Time": 142.317,
              "Actual Rows": 1,
              "Actual Loops": 7,
              "Plans": [
                {
                  "Node Type": "Bitmap Heap Scan",
                  "Parent Relationship": "Outer",
                  "Parallel Aware": true,
                  "Relation Name": "cast_info",
                  "Alias": "ci",
                  "Startup Cost": 27915.0,
                  "Total Cost": 283235.99,
                  "Plan Rows": 210719,
                  "Plan Width": 0,
                  "Actual Startup Time": 65.676,
                  "Actual Total Time": 128.246,
                  "Actual Rows": 187529,
                  "Actual Loops": 7,
                  "Recheck Cond": "(person_id < 131281)",
                  "Rows Removed by Index Recheck": 0,
                  "Exact Heap Blocks": 3055,
                  "Lossy Heap Blocks": 0,
                  "Plans": [
                    {
                      "Node Type": "Bitmap Index Scan",
                      "Parent Relationship": "Outer",
                      "Parallel Aware": false,
                      "Index Name": "person_id_cast_info",
                      "Startup Cost": 0.0,
                      "Total Cost": 27598.92,
                      "Plan Rows": 1264314,
                      "Plan Width": 0,
                      "Actual Startup Time": 70.018,
                      "Actual Total Time": 70.019,
                      "Actual Rows": 1312702,
                      "Actual Loops": 1,
                      "Index Cond": "(person_id < 131281)"
                    }
                  ]
                }
              ]
            }
          ]
        }
      ]
    },
    "Planning Time": 0.24,
    "Triggers": [],
    "Execution Time": 159.389
  }
]