[
  {
    "Plan": {
      "Node Type": "Aggregate",
      "Strategy": "Plain",
      "Partial Mode": "Finalize",
      "Parallel Aware": false,
      "Startup Cost": 105632.14,
      "Total Cost": 105632.15,
      "Plan Rows": 1,
      "Plan Width": 8,
      "Actual Startup Time": 313.917,
      "Actual Total Time": 333.537,
      "Actual Rows": 1,
      "Actual Loops": 1,
      "Plans": [
        {
          "Node Type": "Gather",
          "Parent Relationship": "Outer",
          "Parallel Aware": false,
          "Startup Cost": 105631.82,
          "Total Cost": 105632.13,
          "Plan Rows": 3,
          "Plan Width": 8,
          "Actual Startup Time": 312.816,
          "Actual Total Time": 333.522,
          "Actual Rows": 4,
          "Actual Loops": 1,
          "Workers Planned": 3,
          "Workers Launched": 3,
          "Single Copy": false,
          "Plans": [
            {
              "Node Type": "Aggregate",
              "Strategy": "Plain",
              "Partial Mode": "Partial",
              "Parent Relationship": "Outer",
              "Parallel Aware": false,
              "Startup Cost": 104631.82,
              "Total Cost": 104631.83,
              "Plan Rows": 1,
              "Plan Width": 8,
              "Actual Startup Time": 305.411,
              "Actual Total Time": 305.417,
              "Actual Rows": 1,
              "Actual Loops": 4,
              "Plans": [
                {
                  "Node Type": "Hash Join",
                  "Parent Relationship": "Outer",
                  "Parallel Aware": true,
                  "Join Type": "Inner",
                  "Startup Cost": 60841.98,
                  "Total Cost": 104615.47,
                  "Plan Rows": 6539,
                  "Plan Width": 0,
                  "Actual Startup Time": 196.464,
                  "Actual Total Time": 304.03,
                  "Actual Rows": 29719,
                  "Actual Loops": 4,
                  "Inner Unique": false,
                  "Hash Cond": "(mk.movie_id = t.id)",
                  "Plans": [
                    {
                      "Node Type": "Seq Scan",
                      "Parent Relationship": "Outer",
                      "Parallel Aware": true,
                      "Relation Name": "movie_keyword",
                      "Alias": "mk",
                      "Startup Cost": 0.0,
                      "Total Cost": 42695.65,
                      "Plan Rows": 280160,
                      "Plan Width": 4,
                      "Actual Startup Time": 0.031,
                      "Actual Total Time": 82.698,
                      "Actual Rows": 216659,
                      "Actual Loops": 4,
                      "Filter": "(keyword_id < 825)",
                      "Rows Removed by Filter": 914324
                    },
                    {
                      "Node Type": "Hash",
                      "Parent Relationship": "Inner",
                      "Parallel Aware": true,
                      "Startup Cost": 60534.63,
                      "Total Cost": 60534.63,
                      "Plan Rows": 24588,
                      "Plan Width": 8,
                      "Actual Startup Time": 194.862,
                      "Actual Total Time": 194.866,
                      "Actual Rows": 16674,
                      "Actual Loops": 4,
                      "Hash Buckets": 65536,
                      "Original Hash Buckets": 65536,
                      "Hash Batches": 1,
                      "Original Hash Batches": 1,
                      "Peak Memory Usage": 3200,
                      "Plans": [
                        {
                          "Node Type": "Hash Join",
                          "Parent Relationship": "Outer",
                          "Parallel Aware": true,
                          "Join Type": "Inner",
                          "Startup Cost": 44904.68,
                          "Total Cost": 60534.63,
                          "Plan Rows": 24588,
                          "Plan Width": 8,
                          "Actual Startup Time": 130.829,
                          "Actual Total Time": 189.119,
                          "Actual Rows": 16674,
                          "Actual Loops": 4,
                          "Inner Unique": true,
                          "Hash Cond": "(mi_idx.movie_id = t.id)",
                          "Plans": [
                            {
                              "Node Type": "Seq Scan",
                              "Parent Relationship": "Outer",
                              "Parallel Aware": true,
                              "Relation Name": "movie_info_idx",
                              "Alias": "mi_idx",
                              "Startup Cost": 0.0,
                              "Total Cost": 15122.68,
                              "Plan Rows": 193243,
                              "Plan Width": 4,
                              "Actual Startup Time": 0.011,
                              "Actual Total Time": 31.283,
                              "Actual Rows": 114981,
                              "Actual Loops": 4,
                              "Filter": "(info_type_id = 101)",
                              "Rows Removed by Filter": 230028
                            },
                            {
                              "Node Type": "Hash",
                              "Parent Relationship": "Inner",
                              "Parallel Aware": true,
                              "Startup Cost": 43899.32,
                              "Total Cost": 43899.32,
                              "Plan Rows": 80429,
                              "Plan Width": 4,
                              "Actual Startup Time": 128.116,
                              "Actual Total Time": 128.117,
                              "Actual Rows": 84462,
                              "Actual Loops": 4,
                              "Hash Buckets": 524288,
                              "Original Hash Buckets": 524288,
                              "Hash Batches": 1,
                              "Original Hash Batches": 1,
                              "Peak Memory Usage": 17376,
                              "Plans": [
                                {
                                  "Node Type": "Seq Scan",
                                  "Parent Relationship": "Outer",
                                  "Parallel Aware": true,
                                  "Relation Name": "title",
                                  "Alias": "t",
                                  "Startup Cost": 0.0,
                                  "Total Cost": 43899.32,
                                  "Plan Rows": 80429,
                                  "Plan Width": 4,
                                  "Actual Startup Time": 0.045,
                                  "Actual Total Time": 95.134,
                                  "Actual Rows": 84462,
                                  "Actual Loops": 4,
                                  "Filter": "(production_year < 1968)",
                                  "Rows Removed by Filter": 547616
                                }
                              ]
                            }
                          ]
                        }
                      ]
                    }
                  ]
                }
              ]
            }
          ]
        }
      ]
    },
    "Planning Time": 1.424,
    "Triggers": [],
    "Execution Time": 333.638
  }
]