[
  {
    "Plan": {
      "Node Type": "Aggregate",
      "Strategy": "Plain",
      "Partial Mode": "Finalize",
      "Parallel Aware": false,
      "Startup Cost": 287707.56,
      "Total Cost": 287707.57,
      "Plan Rows": 1,
      "Plan Width": 8,
      "Actual Startup Time": 2858.067,
      "Actual Total Time": 2953.185,
      "Actual Rows": 1,
      "Actual Loops": 1,
      "Plans": [
        {
          "Node Type": "Gather",
          "Parent Relationship": "Outer",
          "Parallel Aware": false,
          "Startup Cost": 287707.14,
          "Total Cost": 287707.55,
          "Plan Rows": 4,
          "Plan Width": 8,
          "Actual Startup Time": 2855.906,
          "Actual Total Time": 2953.159,
          "Actual Rows": 5,
          "Actual Loops": 1,
          "Workers Planned": 4,
          "Workers Launched": 4,
          "Single Copy": false,
          "Plans": [
            {
              "Node Type": "Aggregate",
              "Strategy": "Plain",
              "Partial Mode": "Partial",
              "Parent Relationship": "Outer",
              "Parallel Aware": false,
              "Startup Cost": 286707.14,
              "Total Cost": 286707.15,
              "Plan Rows": 1,
              "Plan Width": 8,
              "Actual Startup Time": 2845.587,
              "Actual Total Time": 2845.591,
              "Actual Rows": 1,
              "Actual Loops": 5,
              "Plans": [
                {
                  "Node Type": "Nested Loop",
                  "Parent Relationship": "Outer",
                  "Parallel Aware": false,
                  "Join Type": "Inner",
                  "Startup Cost": 30068.61,
                  "Total Cost": 283310.73,
                  "Plan Rows": 1358562,
                  "Plan Width": 0,
                  "Actual Startup Time": 113.986,
                  "Actual Total Time": 2733.492,
                  "Actual Rows": 2192611,
                  "Actual Loops": 5,
                  "Inner Unique": false,
                  "Plans": [
                    {
                      "Node Type": "Hash Join",
                      "Parent Relationship": "Outer",
                      "Parallel Aware": true,
                      "Join Type": "Inner",
                      "Startup Cost": 30068.04,
                      "Total Cost": 75852.98,
                      "Plan Rows": 94812,
                      "Plan Width": 8,
                      "Actual Startup Time": 113.889,
                      "Actual Total Time": 386.747,
                      "Actual Rows": 75324,
                      "Actual Loops": 5,
                      "Inner Unique": false,
                      "Hash Cond": "(t.id = mc.movie_id)",
                      "Plans": [
                        {
                          "Node Type": "Seq Scan",
                          "Parent Relationship": "Outer",
                          "Parallel Aware": true,
                          "Relation Name": "title",
                          "Alias": "t",
                          "Startup Cost": 0.0,
                          "Total Cost": 42318.73,
                          "Plan Rows": 632073,
                          "Plan Width": 4,
                          "Actual Startup Time": 0.011,
                          "Actual Total Time": 66.667,
                          "Actual Rows": 505662,
                          "Actual Loops": 5
                        },
                        {
                          "Node Type": "Hash",
                          "Parent Relationship": "Inner",
                          "Parallel Aware": true,
                          "Startup Cost": 28538.82,
                          "Total Cost": 28538.82,
                          "Plan Rows": 122338,
                          "Plan Width": 4,
                          "Actual Startup Time": 111.153,
                          "Actual Total Time": 111.155,
                          "Actual Rows": 75324,
                          "Actual Loops": 5,
                          "Hash Buckets": 524288,
                          "Original Hash Buckets": 524288,
                          "Hash Batches": 1,
                          "Original Hash Batches": 1,
                          "Peak Memory Usage": 18912,
                          "Plans": [
                            {
                              "Node Type": "Bitmap Heap Scan",
                              "Parent Relationship": "Outer",
                              "Parallel Aware": true,
                              "Relation Name": "movie_companies",
                              "Alias": "mc",
                              "Startup Cost": 8219.59,
                              "Total Cost": 28538.82,
                              "Plan Rows": 122338,
                              "Plan Width": 4,
                              "Actual Startup Time": 32.459,
                              "Actual Total Time": 79.242,
                              "Actual Rows": 75324,
                              "Actual Loops": 5,
                              "Recheck Cond": "(company_id < 225)",
                              "Rows Removed by Index Recheck": 0,
                              "Exact Heap Blocks": 5290,
                              "Lossy Heap Blocks": 0,
                              "Plans": [
                                {
                                  "Node Type": "Bitmap Index Scan",
                                  "Parent Relationship": "Outer",
                                  "Parallel Aware": false,
                                  "Index Name": "company_id_movie_companies",
                                  "Startup Cost": 0.0,
                                  "Total Cost": 8124.78,
                                  "Plan Rows": 379247,
                                  "Plan Width": 0,
                                  "Actual Startup Time": 28.192,
                                  "Actual Total Time": 28.193,
                                  "Actual Rows": 376622,
                                  "Actual Loops": 1,
                                  "Index Cond": "(company_id < 225)"
                                }
                              ]
                            }
                          ]
                        }
                      ]
                    },
                    {
                      "Node Type": "Index Only Scan",
                      "Parent Relationship": "Inner",
                      "Parallel Aware": false,
                      "Scan Direction": "Forward",
                      "Index Name": "movie_id_cast_info",
                      "Relation Name": "cast_info",
                      "Alias": "ci",
                      "Startup Cost": 0.56,
                      "Total Cost": 1.82,
                      "Plan Rows": 37,
                      "Plan Width": 4,
                      "Actual Startup Time": 0.005,
                      "Actual Total Time": 0.029,
                      "Actual Rows": 29,
                      "Actual Loops": 376622,
                      "Index Cond": "(movie_id = t.id)",
                      "Rows Removed by Index Recheck": 0,
                      "Heap Fetches": 10963055
                    }
                  ]
                }
              ]
            }
          ]
        }
      ]
    },
    "Planning Time": 1.324,
    "Triggers": [],
    "Execution Time": 2953.314
  }
]