[
  {
    "Plan": {
      "Node Type": "Aggregate",
      "Strategy": "Plain",
      "Partial Mode": "Finalize",
      "Parallel Aware": false,
      "Startup Cost": 45493.86,
      "Total Cost": 45493.87,
      "Plan Rows": 1,
      "Plan Width": 8,
      "Actual Startup Time": 172.173,
      "Actual Total Time": 185.026,
      "Actual Rows": 1,
      "Actual Loops": 1,
      "Plans": [
        {
          "Node Type": "Gather",
          "Parent Relationship": "Outer",
          "Parallel Aware": false,
          "Startup Cost": 45493.55,
          "Total Cost": 45493.86,
          "Plan Rows": 3,
          "Plan Width": 8,
          "Actual Startup Time": 172.016,
          "Actual Total Time": 185.017,
          "Actual Rows": 4,
          "Actual Loops": 1,
          "Workers Planned": 3,
          "Workers Launched": 3,
          "Single Copy": false,
          "Plans": [
            {
              "Node Type": "Aggregate",
              "Strategy": "Plain",
              "Partial Mode": "Partial",
              "Parent Relationship": "Outer",
              "Parallel Aware": false,
              "Startup Cost": 44493.55,
              "Total Cost": 44493.56,
              "Plan Rows": 1,
              "Plan Width": 8,
              "Actual Startup Time": 163.78,
              "Actual Total Time": 163.781,
              "Actual Rows": 1,
              "Actual Loops": 4,
              "Plans": [
                {
                  "Node Type": "Seq Scan",
                  "Parent Relationship": "Outer",
                  "Parallel Aware": true,
                  "Relation Name": "movie_keyword",
                  "Alias": "mk",
                  "Startup Cost": 0.0,
                  "Total Cost": 42695.65,
                  "Plan Rows": 719157,
                  "Plan Width": 0,
                  "Actual Startup Time": 0.752,
                  "Actual Total Time": 133.13,
                  "Actual Rows": 553171,
                  "Actual Loops": 4,
                  "Filter": "(keyword_id > 4964)",
                  "Rows Removed by Filter": 577812
                }
              ]
            }
          ]
        }
      ]
    },
    "Planning Time": 0.191,
    "Triggers": [],
    "Execution Time": 185.083
  }
]