[
    {
        "Bao": {
            "Bao prediction": "NaN",
            "Bao recommended hint": "(no hint)"
        }
    },
    {
        "Plan": {
            "Node Type": "Aggregate",
            "Strategy": "Plain",
            "Partial Mode": "Finalize",
            "Parallel Aware": false,
            "Startup Cost": 91796.86,
            "Total Cost": 91796.87,
            "Plan Rows": 1,
            "Plan Width": 8,
            "Actual Startup Time": 300.004,
            "Actual Total Time": 319.959,
            "Actual Rows": 1,
            "Actual Loops": 1,
            "Output": [
                "count(*)"
            ],
            "Plans": [
                {
                    "Node Type": "Gather",
                    "Parent Relationship": "Outer",
                    "Parallel Aware": false,
                    "Startup Cost": 91796.44,
                    "Total Cost": 91796.85,
                    "Plan Rows": 4,
                    "Plan Width": 8,
                    "Actual Startup Time": 299.263,
                    "Actual Total Time": 319.95,
                    "Actual Rows": 5,
                    "Actual Loops": 1,
                    "Output": [
                        "(PARTIAL count(*))"
                    ],
                    "Workers Planned": 4,
                    "Workers Launched": 4,
                    "Single Copy": false,
                    "Plans": [
                        {
                            "Node Type": "Aggregate",
                            "Strategy": "Plain",
                            "Partial Mode": "Partial",
                            "Parent Relationship": "Outer",
                            "Parallel Aware": false,
                            "Startup Cost": 90796.44,
                            "Total Cost": 90796.45,
                            "Plan Rows": 1,
                            "Plan Width": 8,
                            "Actual Startup Time": 289.275,
                            "Actual Total Time": 289.279,
                            "Actual Rows": 1,
                            "Actual Loops": 5,
                            "Output": [
                                "PARTIAL count(*)"
                            ],
                            "Workers": [
                                {
                                    "Worker Number": 0,
                                    "Actual Startup Time": 286.321,
                                    "Actual Total Time": 286.324,
                                    "Actual Rows": 1,
                                    "Actual Loops": 1
                                },
                                {
                                    "Worker Number": 1,
                                    "Actual Startup Time": 287.065,
                                    "Actual Total Time": 287.068,
                                    "Actual Rows": 1,
                                    "Actual Loops": 1
                                },
                                {
                                    "Worker Number": 2,
                                    "Actual Startup Time": 287.0,
                                    "Actual Total Time": 287.003,
                                    "Actual Rows": 1,
                                    "Actual Loops": 1
                                },
                                {
                                    "Worker Number": 3,
                                    "Actual Startup Time": 287.095,
                                    "Actual Total Time": 287.098,
                                    "Actual Rows": 1,
                                    "Actual Loops": 1
                                }
                            ],
                            "Plans": [
                                {
                                    "Node Type": "Nested Loop",
                                    "Parent Relationship": "Outer",
                                    "Parallel Aware": false,
                                    "Join Type": "Inner",
                                    "Startup Cost": 20626.02,
                                    "Total Cost": 90774.32,
                                    "Plan Rows": 8846,
                                    "Plan Width": 0,
                                    "Actual Startup Time": 19.589,
                                    "Actual Total Time": 287.756,
                                    "Actual Rows": 23645,
                                    "Actual Loops": 5,
                                    "Inner Unique": false,
                                    "Workers": [
                                        {
                                            "Worker Number": 0,
                                            "Actual Startup Time": 16.895,
                                            "Actual Total Time": 284.845,
                                            "Actual Rows": 20018,
                                            "Actual Loops": 1
                                        },
                                        {
                                            "Worker Number": 1,
                                            "Actual Startup Time": 17.397,
                                            "Actual Total Time": 285.598,
                                            "Actual Rows": 22023,
                                            "Actual Loops": 1
                                        },
                                        {
                                            "Worker Number": 2,
                                            "Actual Startup Time": 17.277,
                                            "Actual Total Time": 285.515,
                                            "Actual Rows": 22494,
                                            "Actual Loops": 1
                                        },
                                        {
                                            "Worker Number": 3,
                                            "Actual Startup Time": 17.456,
                                            "Actual Total Time": 285.628,
                                            "Actual Rows": 22153,
                                            "Actual Loops": 1
                                        }
                                    ],
                                    "Plans": [
                                        {
                                            "Node Type": "Hash Join",
                                            "Parent Relationship": "Outer",
                                            "Parallel Aware": true,
                                            "Join Type": "Inner",
                                            "Startup Cost": 20625.59,
                                            "Total Cost": 66154.52,
                                            "Plan Rows": 15416,
                                            "Plan Width": 8,
                                            "Actual Startup Time": 19.224,
                                            "Actual Total Time": 146.968,
                                            "Actual Rows": 12415,
                                            "Actual Loops": 5,
                                            "Output": [
                                                "t.id",
                                                "mc.movie_id"
                                            ],
                                            "Inner Unique": false,
                                            "Hash Cond": "(t.id = mc.movie_id)",
                                            "Workers": [
                                                {
                                                    "Worker Number": 0,
                                                    "Actual Startup Time": 16.337,
                                                    "Actual Total Time": 137.999,
                                                    "Actual Rows": 10607,
                                                    "Actual Loops": 1
                                                },
                                                {
                                                    "Worker Number": 1,
                                                    "Actual Startup Time": 16.986,
                                                    "Actual Total Time": 138.883,
                                                    "Actual Rows": 11668,
                                                    "Actual Loops": 1
                                                },
                                                {
                                                    "Worker Number": 2,
                                                    "Actual Startup Time": 16.84,
                                                    "Actual Total Time": 139.559,
                                                    "Actual Rows": 11650,
                                                    "Actual Loops": 1
                                                },
                                                {
                                                    "Worker Number": 3,
                                                    "Actual Startup Time": 17.144,
                                                    "Actual Total Time": 142.361,
                                                    "Actual Rows": 11687,
                                                    "Actual Loops": 1
                                                }
                                            ],
                                            "Plans": [
                                                {
                                                    "Node Type": "Seq Scan",
                                                    "Parent Relationship": "Outer",
                                                    "Parallel Aware": true,
                                                    "Relation Name": "title",
                                                    "Schema": "public",
                                                    "Alias": "t",
                                                    "Startup Cost": 0.0,
                                                    "Total Cost": 42318.81,
                                                    "Plan Rows": 632080,
                                                    "Plan Width": 4,
                                                    "Actual Startup Time": 0.016,
                                                    "Actual Total Time": 56.16,
                                                    "Actual Rows": 505662,
                                                    "Actual Loops": 5,
                                                    "Output": [
                                                        "t.id",
                                                        "t.title",
                                                        "t.imdb_index",
                                                        "t.kind_id",
                                                        "t.production_year",
                                                        "t.imdb_id",
                                                        "t.phonetic_code",
                                                        "t.episode_of_id",
                                                        "t.season_nr",
                                                        "t.episode_nr",
                                                        "t.series_years",
                                                        "t.md5sum"
                                                    ],
                                                    "Workers": [
                                                        {
                                                            "Worker Number": 0,
                                                            "Actual Startup Time": 0.04,
                                                            "Actual Total Time": 55.161,
                                                            "Actual Rows": 418212,
                                                            "Actual Loops": 1
                                                        },
                                                        {
                                                            "Worker Number": 1,
                                                            "Actual Startup Time": 0.008,
                                                            "Actual Total Time": 54.675,
                                                            "Actual Rows": 456155,
                                                            "Actual Loops": 1
                                                        },
                                                        {
                                                            "Worker Number": 2,
                                                            "Actual Startup Time": 0.008,
                                                            "Actual Total Time": 54.491,
                                                            "Actual Rows": 459088,
                                                            "Actual Loops": 1
                                                        },
                                                        {
                                                            "Worker Number": 3,
                                                            "Actual Startup Time": 0.02,
                                                            "Actual Total Time": 55.983,
                                                            "Actual Rows": 474777,
                                                            "Actual Loops": 1
                                                        }
                                                    ]
                                                },
                                                {
                                                    "Node Type": "Hash",
                                                    "Parent Relationship": "Inner",
                                                    "Parallel Aware": true,
                                                    "Startup Cost": 20376.95,
                                                    "Total Cost": 20376.95,
                                                    "Plan Rows": 19891,
                                                    "Plan Width": 4,
                                                    "Actual Startup Time": 18.55,
                                                    "Actual Total Time": 18.551,
                                                    "Actual Rows": 12415,
                                                    "Actual Loops": 5,
                                                    "Output": [
                                                        "mc.movie_id"
                                                    ],
                                                    "Hash Buckets": 65536,
                                                    "Original Hash Buckets": 65536,
                                                    "Hash Batches": 1,
                                                    "Original Hash Batches": 1,
                                                    "Peak Memory Usage": 3008,
                                                    "Workers": [
                                                        {
                                                            "Worker Number": 0,
                                                            "Actual Startup Time": 15.68,
                                                            "Actual Total Time": 15.682,
                                                            "Actual Rows": 3883,
                                                            "Actual Loops": 1
                                                        },
                                                        {
                                                            "Worker Number": 1,
                                                            "Actual Startup Time": 16.261,
                                                            "Actual Total Time": 16.262,
                                                            "Actual Rows": 5290,
                                                            "Actual Loops": 1
                                                        },
                                                        {
                                                            "Worker Number": 2,
                                                            "Actual Startup Time": 16.334,
                                                            "Actual Total Time": 16.336,
                                                            "Actual Rows": 5478,
                                                            "Actual Loops": 1
                                                        },
                                                        {
                                                            "Worker Number": 3,
                                                            "Actual Startup Time": 16.449,
                                                            "Actual Total Time": 16.45,
                                                            "Actual Rows": 5411,
                                                            "Actual Loops": 1
                                                        }
                                                    ],
                                                    "Plans": [
                                                        {
                                                            "Node Type": "Bitmap Heap Scan",
                                                            "Parent Relationship": "Outer",
                                                            "Parallel Aware": true,
                                                            "Relation Name": "movie_companies",
                                                            "Schema": "public",
                                                            "Alias": "mc",
                                                            "Startup Cost": 1338.31,
                                                            "Total Cost": 20376.95,
                                                            "Plan Rows": 19891,
                                                            "Plan Width": 4,
                                                            "Actual Startup Time": 1.191,
                                                            "Actual Total Time": 12.726,
                                                            "Actual Rows": 12415,
                                                            "Actual Loops": 5,
                                                            "Output": [
                                                                "mc.movie_id"
                                                            ],
                                                            "Recheck Cond": "(mc.company_id = 6)",
                                                            "Rows Removed by Index Recheck": 0,
                                                            "Exact Heap Blocks": 3676,
                                                            "Lossy Heap Blocks": 0,
                                                            "Workers": [
                                                                {
                                                                    "Worker Number": 0,
                                                                    "Actual Startup Time": 0.156,
                                                                    "Actual Total Time": 11.125,
                                                                    "Actual Rows": 3883,
                                                                    "Actual Loops": 1
                                                                },
                                                                {
                                                                    "Worker Number": 1,
                                                                    "Actual Startup Time": 0.279,
                                                                    "Actual Total Time": 11.377,
                                                                    "Actual Rows": 5290,
                                                                    "Actual Loops": 1
                                                                },
                                                                {
                                                                    "Worker Number": 2,
                                                                    "Actual Startup Time": 0.135,
                                                                    "Actual Total Time": 11.604,
                                                                    "Actual Rows": 5478,
                                                                    "Actual Loops": 1
                                                                },
                                                                {
                                                                    "Worker Number": 3,
                                                                    "Actual Startup Time": 0.143,
                                                                    "Actual Total Time": 11.646,
                                                                    "Actual Rows": 5411,
                                                                    "Actual Loops": 1
                                                                }
                                                            ],
                                                            "Plans": [
                                                                {
                                                                    "Node Type": "Bitmap Index Scan",
                                                                    "Parent Relationship": "Outer",
                                                                    "Parallel Aware": false,
                                                                    "Index Name": "company_id_movie_companies",
                                                                    "Startup Cost": 0.0,
                                                                    "Total Cost": 1322.89,
                                                                    "Plan Rows": 61662,
                                                                    "Plan Width": 0,
                                                                    "Actual Startup Time": 4.394,
                                                                    "Actual Total Time": 4.394,
                                                                    "Actual Rows": 62075,
                                                                    "Actual Loops": 1,
                                                                    "Index Cond": "(mc.company_id = 6)"
                                                                }
                                                            ]
                                                        }
                                                    ]
                                                }
                                            ]
                                        },
                                        {
                                            "Node Type": "Index Scan",
                                            "Parent Relationship": "Inner",
                                            "Parallel Aware": false,
                                            "Scan Direction": "Forward",
                                            "Index Name": "movie_id_movie_info",
                                            "Relation Name": "movie_info",
                                            "Schema": "public",
                                            "Alias": "mi",
                                            "Startup Cost": 0.43,
                                            "Total Cost": 1.56,
                                            "Plan Rows": 4,
                                            "Plan Width": 4,
                                            "Actual Startup Time": 0.007,
                                            "Actual Total Time": 0.011,
                                            "Actual Rows": 2,
                                            "Actual Loops": 62075,
                                            "Output": [
                                                "mi.id",
                                                "mi.movie_id",
                                                "mi.info_type_id",
                                                "mi.info",
                                                "mi.note"
                                            ],
                                            "Index Cond": "(mi.movie_id = t.id)",
                                            "Rows Removed by Index Recheck": 0,
                                            "Filter": "(mi.info_type_id = 7)",
                                            "Rows Removed by Filter": 9,
                                            "Workers": [
                                                {
                                                    "Worker Number": 0,
                                                    "Actual Startup Time": 0.008,
                                                    "Actual Total Time": 0.013,
                                                    "Actual Rows": 2,
                                                    "Actual Loops": 10607
                                                },
                                                {
                                                    "Worker Number": 1,
                                                    "Actual Startup Time": 0.008,
                                                    "Actual Total Time": 0.012,
                                                    "Actual Rows": 2,
                                                    "Actual Loops": 11668
                                                },
                                                {
                                                    "Worker Number": 2,
                                                    "Actual Startup Time": 0.007,
                                                    "Actual Total Time": 0.012,
                                                    "Actual Rows": 2,
                                                    "Actual Loops": 11650
                                                },
                                                {
                                                    "Worker Number": 3,
                                                    "Actual Startup Time": 0.007,
                                                    "Actual Total Time": 0.012,
                                                    "Actual Rows": 2,
                                                    "Actual Loops": 11687
                                                }
                                            ]
                                        }
                                    ]
                                }
                            ]
                        }
                    ]
                }
            ]
        },
        "Planning Time": 178.524,
        "Triggers": [],
        "Execution Time": 320.037
    }
]