{
    "Plan": {
        "Node Type": "Aggregate",
        "Strategy": "Plain",
        "Partial Mode": "Finalize",
        "Parallel Aware": false,
        "Startup Cost": 92794.76,
        "Total Cost": 92794.77,
        "Plan Rows": 1,
        "Plan Width": 8,
        "Actual Startup Time": 346.435,
        "Actual Total Time": 370.135,
        "Actual Rows": 1,
        "Actual Loops": 1,
        "Output": [
            "count(*)"
        ],
        "Plans": [
            {
                "Node Type": "Gather",
                "Parent Relationship": "Outer",
                "Parallel Aware": false,
                "Startup Cost": 92794.44,
                "Total Cost": 92794.75,
                "Plan Rows": 3,
                "Plan Width": 8,
                "Actual Startup Time": 345.27,
                "Actual Total Time": 370.123,
                "Actual Rows": 4,
                "Actual Loops": 1,
                "Output": [
                    "(PARTIAL count(*))"
                ],
                "Workers Planned": 3,
                "Workers Launched": 3,
                "Single Copy": false,
                "Plans": [
                    {
                        "Node Type": "Aggregate",
                        "Strategy": "Plain",
                        "Partial Mode": "Partial",
                        "Parent Relationship": "Outer",
                        "Parallel Aware": false,
                        "Startup Cost": 91794.44,
                        "Total Cost": 91794.45,
                        "Plan Rows": 1,
                        "Plan Width": 8,
                        "Actual Startup Time": 336.582,
                        "Actual Total Time": 336.585,
                        "Actual Rows": 1,
                        "Actual Loops": 4,
                        "Output": [
                            "PARTIAL count(*)"
                        ],
                        "Workers": [
                            {
                                "Worker Number": 0,
                                "Actual Startup Time": 333.636,
                                "Actual Total Time": 333.639,
                                "Actual Rows": 1,
                                "Actual Loops": 1
                            },
                            {
                                "Worker Number": 1,
                                "Actual Startup Time": 333.775,
                                "Actual Total Time": 333.777,
                                "Actual Rows": 1,
                                "Actual Loops": 1
                            },
                            {
                                "Worker Number": 2,
                                "Actual Startup Time": 334.379,
                                "Actual Total Time": 334.382,
                                "Actual Rows": 1,
                                "Actual Loops": 1
                            }
                        ],
                        "Plans": [
                            {
                                "Node Type": "Hash Join",
                                "Parent Relationship": "Outer",
                                "Parallel Aware": true,
                                "Join Type": "Inner",
                                "Startup Cost": 47027.83,
                                "Total Cost": 91468.67,
                                "Plan Rows": 130310,
                                "Plan Width": 0,
                                "Actual Startup Time": 171.587,
                                "Actual Total Time": 328.306,
                                "Actual Rows": 182261,
                                "Actual Loops": 4,
                                "Inner Unique": true,
                                "Hash Cond": "(mk.movie_id = t.id)",
                                "Workers": [
                                    {
                                        "Worker Number": 0,
                                        "Actual Startup Time": 168.711,
                                        "Actual Total Time": 325.945,
                                        "Actual Rows": 188227,
                                        "Actual Loops": 1
                                    },
                                    {
                                        "Worker Number": 1,
                                        "Actual Startup Time": 168.836,
                                        "Actual Total Time": 325.877,
                                        "Actual Rows": 193218,
                                        "Actual Loops": 1
                                    },
                                    {
                                        "Worker Number": 2,
                                        "Actual Startup Time": 169.183,
                                        "Actual Total Time": 326.002,
                                        "Actual Rows": 125333,
                                        "Actual Loops": 1
                                    }
                                ],
                                "Plans": [
                                    {
                                        "Node Type": "Seq Scan",
                                        "Parent Relationship": "Outer",
                                        "Parallel Aware": true,
                                        "Relation Name": "movie_keyword",
                                        "Schema": "public",
                                        "Alias": "mk",
                                        "Startup Cost": 0.0,
                                        "Total Cost": 42695.65,
                                        "Plan Rows": 664831,
                                        "Plan Width": 4,
                                        "Actual Startup Time": 0.306,
                                        "Actual Total Time": 122.714,
                                        "Actual Rows": 511588,
                                        "Actual Loops": 4,
                                        "Output": [
                                            "mk.id",
                                            "mk.movie_id",
                                            "mk.keyword_id"
                                        ],
                                        "Filter": "(mk.keyword_id > 5990)",
                                        "Rows Removed by Filter": 619394,
                                        "Workers": [
                                            {
                                                "Worker Number": 0,
                                                "Actual Startup Time": 0.278,
                                                "Actual Total Time": 126.155,
                                                "Actual Rows": 526413,
                                                "Actual Loops": 1
                                            },
                                            {
                                                "Worker Number": 1,
                                                "Actual Startup Time": 0.324,
                                                "Actual Total Time": 125.214,
                                                "Actual Rows": 538343,
                                                "Actual Loops": 1
                                            },
                                            {
                                                "Worker Number": 2,
                                                "Actual Startup Time": 0.32,
                                                "Actual Total Time": 125.976,
                                                "Actual Rows": 351039,
                                                "Actual Loops": 1
                                            }
                                        ]
                                    },
                                    {
                                        "Node Type": "Hash",
                                        "Parent Relationship": "Inner",
                                        "Parallel Aware": true,
                                        "Startup Cost": 45479.21,
                                        "Total Cost": 45479.21,
                                        "Plan Rows": 123890,
                                        "Plan Width": 4,
                                        "Actual Startup Time": 133.986,
                                        "Actual Total Time": 133.987,
                                        "Actual Rows": 91166,
                                        "Actual Loops": 4,
                                        "Output": [
                                            "t.id"
                                        ],
                                        "Hash Buckets": 524288,
                                        "Original Hash Buckets": 524288,
                                        "Hash Batches": 1,
                                        "Original Hash Batches": 1,
                                        "Peak Memory Usage": 18432,
                                        "Workers": [
                                            {
                                                "Worker Number": 0,
                                                "Actual Startup Time": 133.978,
                                                "Actual Total Time": 133.979,
                                                "Actual Rows": 96749,
                                                "Actual Loops": 1
                                            },
                                            {
                                                "Worker Number": 1,
                                                "Actual Startup Time": 134.106,
                                                "Actual Total Time": 134.106,
                                                "Actual Rows": 98780,
                                                "Actual Loops": 1
                                            },
                                            {
                                                "Worker Number": 2,
                                                "Actual Startup Time": 134.367,
                                                "Actual Total Time": 134.369,
                                                "Actual Rows": 64835,
                                                "Actual Loops": 1
                                            }
                                        ],
                                        "Plans": [
                                            {
                                                "Node Type": "Seq Scan",
                                                "Parent Relationship": "Outer",
                                                "Parallel Aware": true,
                                                "Relation Name": "title",
                                                "Schema": "public",
                                                "Alias": "t",
                                                "Startup Cost": 0.0,
                                                "Total Cost": 45479.21,
                                                "Plan Rows": 123890,
                                                "Plan Width": 4,
                                                "Actual Startup Time": 47.881,
                                                "Actual Total Time": 103.817,
                                                "Actual Rows": 91166,
                                                "Actual Loops": 4,
                                                "Output": [
                                                    "t.id"
                                                ],
                                                "Filter": "((t.kind_id < 2) AND (t.production_year > 1984))",
                                                "Rows Removed by Filter": 540912,
                                                "Workers": [
                                                    {
                                                        "Worker Number": 0,
                                                        "Actual Startup Time": 60.894,
                                                        "Actual Total Time": 104.03,
                                                        "Actual Rows": 96749,
                                                        "Actual Loops": 1
                                                    },
                                                    {
                                                        "Worker Number": 1,
                                                        "Actual Startup Time": 60.892,
                                                        "Actual Total Time": 104.042,
                                                        "Actual Rows": 98780,
                                                        "Actual Loops": 1
                                                    },
                                                    {
                                                        "Worker Number": 2,
                                                        "Actual Startup Time": 8.665,
                                                        "Actual Total Time": 105.514,
                                                        "Actual Rows": 64835,
                                                        "Actual Loops": 1
                                                    }
                                                ]
                                            }
                                        ]
                                    }
                                ]
                            }
                        ]
                    }
                ]
            }
        ]
    },
    "Planning Time": 0.739,
    "Triggers": [],
    "Execution Time": 370.215
}