[
    {
        "Bao": {
            "Bao prediction": 421.861,
            "Bao recommended hint": "(no hint)"
        }
    },
    {
        "Plan": {
            "Node Type": "Aggregate",
            "Strategy": "Plain",
            "Partial Mode": "Simple",
            "Parallel Aware": false,
            "Startup Cost": 72613.96,
            "Total Cost": 72613.97,
            "Plan Rows": 1,
            "Plan Width": 64,
            "Actual Startup Time": 233.69,
            "Actual Total Time": 262.779,
            "Actual Rows": 1,
            "Actual Loops": 1,
            "Output": [
                "min(n.name)",
                "min(t.title)"
            ],
            "Plans": [
                {
                    "Node Type": "Nested Loop",
                    "Parent Relationship": "Outer",
                    "Parallel Aware": false,
                    "Join Type": "Inner",
                    "Startup Cost": 1004.44,
                    "Total Cost": 72613.95,
                    "Plan Rows": 1,
                    "Plan Width": 32,
                    "Actual Startup Time": 231.037,
                    "Actual Total Time": 262.699,
                    "Actual Rows": 276,
                    "Actual Loops": 1,
                    "Output": [
                        "n.name",
                        "t.title"
                    ],
                    "Inner Unique": true,
                    "Plans": [
                        {
                            "Node Type": "Nested Loop",
                            "Parent Relationship": "Outer",
                            "Parallel Aware": false,
                            "Join Type": "Inner",
                            "Startup Cost": 1004.3,
                            "Total Cost": 72613.77,
                            "Plan Rows": 1,
                            "Plan Width": 36,
                            "Actual Startup Time": 231.016,
                            "Actual Total Time": 262.324,
                            "Actual Rows": 276,
                            "Actual Loops": 1,
                            "Output": [
                                "mi.info_type_id",
                                "n.name",
                                "t.title"
                            ],
                            "Inner Unique": false,
                            "Join Filter": "(t.id = mi.movie_id)",
                            "Rows Removed by Join Filter": 0,
                            "Plans": [
                                {
                                    "Node Type": "Nested Loop",
                                    "Parent Relationship": "Outer",
                                    "Parallel Aware": false,
                                    "Join Type": "Inner",
                                    "Startup Cost": 1003.86,
                                    "Total Cost": 72612.08,
                                    "Plan Rows": 1,
                                    "Plan Width": 44,
                                    "Actual Startup Time": 230.907,
                                    "Actual Total Time": 261.138,
                                    "Actual Rows": 244,
                                    "Actual Loops": 1,
                                    "Output": [
                                        "ci.movie_id",
                                        "mc.movie_id",
                                        "n.name",
                                        "t.title",
                                        "t.id"
                                    ],
                                    "Inner Unique": true,
                                    "Plans": [
                                        {
                                            "Node Type": "Nested Loop",
                                            "Parent Relationship": "Outer",
                                            "Parallel Aware": false,
                                            "Join Type": "Inner",
                                            "Startup Cost": 1003.44,
                                            "Total Cost": 72611.59,
                                            "Plan Rows": 1,
                                            "Plan Width": 48,
                                            "Actual Startup Time": 230.843,
                                            "Actual Total Time": 260.582,
                                            "Actual Rows": 244,
                                            "Actual Loops": 1,
                                            "Output": [
                                                "ci.movie_id",
                                                "mc.movie_id",
                                                "mc.company_id",
                                                "n.name",
                                                "t.title",
                                                "t.id"
                                            ],
                                            "Inner Unique": true,
                                            "Plans": [
                                                {
                                                    "Node Type": "Gather",
                                                    "Parent Relationship": "Outer",
                                                    "Parallel Aware": false,
                                                    "Startup Cost": 1003.01,
                                                    "Total Cost": 72611.07,
                                                    "Plan Rows": 1,
                                                    "Plan Width": 52,
                                                    "Actual Startup Time": 230.684,
                                                    "Actual Total Time": 259.82,
                                                    "Actual Rows": 244,
                                                    "Actual Loops": 1,
                                                    "Output": [
                                                        "ci.movie_id",
                                                        "ci.person_role_id",
                                                        "mc.movie_id",
                                                        "mc.company_id",
                                                        "n.name",
                                                        "t.title",
                                                        "t.id"
                                                    ],
                                                    "Workers Planned": 4,
                                                    "Workers Launched": 4,
                                                    "Single Copy": false,
                                                    "Plans": [
                                                        {
                                                            "Node Type": "Nested Loop",
                                                            "Parent Relationship": "Outer",
                                                            "Parallel Aware": false,
                                                            "Join Type": "Inner",
                                                            "Startup Cost": 3.01,
                                                            "Total Cost": 71610.97,
                                                            "Plan Rows": 1,
                                                            "Plan Width": 52,
                                                            "Actual Startup Time": 198.218,
                                                            "Actual Total Time": 218.668,
                                                            "Actual Rows": 49,
                                                            "Actual Loops": 5,
                                                            "Output": [
                                                                "ci.movie_id",
                                                                "ci.person_role_id",
                                                                "mc.movie_id",
                                                                "mc.company_id",
                                                                "n.name",
                                                                "t.title",
                                                                "t.id"
                                                            ],
                                                            "Inner Unique": false,
                                                            "Join Filter": "(t.id = mc.movie_id)",
                                                            "Rows Removed by Join Filter": 0,
                                                            "Workers": [
                                                                {
                                                                    "Worker Number": 0,
                                                                    "Actual Startup Time": 113.499,
                                                                    "Actual Total Time": 215.698,
                                                                    "Actual Rows": 244,
                                                                    "Actual Loops": 1
                                                                },
                                                                {
                                                                    "Worker Number": 1,
                                                                    "Actual Startup Time": 215.572,
                                                                    "Actual Total Time": 215.582,
                                                                    "Actual Rows": 0,
                                                                    "Actual Loops": 1
                                                                },
                                                                {
                                                                    "Worker Number": 2,
                                                                    "Actual Startup Time": 216.519,
                                                                    "Actual Total Time": 216.524,
                                                                    "Actual Rows": 0,
                                                                    "Actual Loops": 1
                                                                },
                                                                {
                                                                    "Worker Number": 3,
                                                                    "Actual Startup Time": 216.694,
                                                                    "Actual Total Time": 216.701,
                                                                    "Actual Rows": 0,
                                                                    "Actual Loops": 1
                                                                }
                                                            ],
                                                            "Plans": [
                                                                {
                                                                    "Node Type": "Nested Loop",
                                                                    "Parent Relationship": "Outer",
                                                                    "Parallel Aware": false,
                                                                    "Join Type": "Inner",
                                                                    "Startup Cost": 2.58,
                                                                    "Total Cost": 71610.38,
                                                                    "Plan Rows": 1,
                                                                    "Plan Width": 44,
                                                                    "Actual Startup Time": 177.705,
                                                                    "Actual Total Time": 218.39,
                                                                    "Actual Rows": 49,
                                                                    "Actual Loops": 5,
                                                                    "Output": [
                                                                        "ci.movie_id",
                                                                        "ci.person_role_id",
                                                                        "n.name",
                                                                        "t.title",
                                                                        "t.id"
                                                                    ],
                                                                    "Inner Unique": true,
                                                                    "Workers": [
                                                                        {
                                                                            "Worker Number": 0,
                                                                            "Actual Startup Time": 113.376,
                                                                            "Actual Total Time": 214.523,
                                                                            "Actual Rows": 246,
                                                                            "Actual Loops": 1
                                                                        },
                                                                        {
                                                                            "Worker Number": 1,
                                                                            "Actual Startup Time": 113.133,
                                                                            "Actual Total Time": 215.382,
                                                                            "Actual Rows": 1,
                                                                            "Actual Loops": 1
                                                                        },
                                                                        {
                                                                            "Worker Number": 2,
                                                                            "Actual Startup Time": 216.518,
                                                                            "Actual Total Time": 216.522,
                                                                            "Actual Rows": 0,
                                                                            "Actual Loops": 1
                                                                        },
                                                                        {
                                                                            "Worker Number": 3,
                                                                            "Actual Startup Time": 216.693,
                                                                            "Actual Total Time": 216.699,
                                                                            "Actual Rows": 0,
                                                                            "Actual Loops": 1
                                                                        }
                                                                    ],
                                                                    "Plans": [
                                                                        {
                                                                            "Node Type": "Hash Join",
                                                                            "Parent Relationship": "Outer",
                                                                            "Parallel Aware": false,
                                                                            "Join Type": "Inner",
                                                                            "Startup Cost": 2.15,
                                                                            "Total Cost": 71608.82,
                                                                            "Plan Rows": 3,
                                                                            "Plan Width": 23,
                                                                            "Actual Startup Time": 177.653,
                                                                            "Actual Total Time": 217.942,
                                                                            "Actual Rows": 50,
                                                                            "Actual Loops": 5,
                                                                            "Output": [
                                                                                "ci.movie_id",
                                                                                "ci.person_role_id",
                                                                                "n.name"
                                                                            ],
                                                                            "Inner Unique": true,
                                                                            "Hash Cond": "(ci.role_id = rt.id)",
                                                                            "Workers": [
                                                                                {
                                                                                    "Worker Number": 0,
                                                                                    "Actual Startup Time": 113.236,
                                                                                    "Actual Total Time": 212.405,
                                                                                    "Actual Rows": 250,
                                                                                    "Actual Loops": 1
                                                                                },
                                                                                {
                                                                                    "Worker Number": 1,
                                                                                    "Actual Startup Time": 113.018,
                                                                                    "Actual Total Time": 215.263,
                                                                                    "Actual Rows": 1,
                                                                                    "Actual Loops": 1
                                                                                },
                                                                                {
                                                                                    "Worker Number": 2,
                                                                                    "Actual Startup Time": 216.517,
                                                                                    "Actual Total Time": 216.521,
                                                                                    "Actual Rows": 0,
                                                                                    "Actual Loops": 1
                                                                                },
                                                                                {
                                                                                    "Worker Number": 3,
                                                                                    "Actual Startup Time": 216.692,
                                                                                    "Actual Total Time": 216.698,
                                                                                    "Actual Rows": 0,
                                                                                    "Actual Loops": 1
                                                                                }
                                                                            ],
                                                                            "Plans": [
                                                                                {
                                                                                    "Node Type": "Nested Loop",
                                                                                    "Parent Relationship": "Outer",
                                                                                    "Parallel Aware": false,
                                                                                    "Join Type": "Inner",
                                                                                    "Startup Cost": 0.99,
                                                                                    "Total Cost": 71607.53,
                                                                                    "Plan Rows": 38,
                                                                                    "Plan Width": 27,
                                                                                    "Actual Startup Time": 177.543,
                                                                                    "Actual Total Time": 217.81,
                                                                                    "Actual Rows": 50,
                                                                                    "Actual Loops": 5,
                                                                                    "Output": [
                                                                                        "ci.movie_id",
                                                                                        "ci.role_id",
                                                                                        "ci.person_role_id",
                                                                                        "n.name"
                                                                                    ],
                                                                                    "Inner Unique": false,
                                                                                    "Join Filter": "(n.id = ci.person_id)",
                                                                                    "Rows Removed by Join Filter": 0,
                                                                                    "Workers": [
                                                                                        {
                                                                                            "Worker Number": 0,
                                                                                            "Actual Startup Time": 112.96,
                                                                                            "Actual Total Time": 212.042,
                                                                                            "Actual Rows": 250,
                                                                                            "Actual Loops": 1
                                                                                        },
                                                                                        {
                                                                                            "Worker Number": 1,
                                                                                            "Actual Startup Time": 112.747,
                                                                                            "Actual Total Time": 214.986,
                                                                                            "Actual Rows": 1,
                                                                                            "Actual Loops": 1
                                                                                        },
                                                                                        {
                                                                                            "Worker Number": 2,
                                                                                            "Actual Startup Time": 216.515,
                                                                                            "Actual Total Time": 216.518,
                                                                                            "Actual Rows": 0,
                                                                                            "Actual Loops": 1
                                                                                        },
                                                                                        {
                                                                                            "Worker Number": 3,
                                                                                            "Actual Startup Time": 216.689,
                                                                                            "Actual Total Time": 216.694,
                                                                                            "Actual Rows": 0,
                                                                                            "Actual Loops": 1
                                                                                        }
                                                                                    ],
                                                                                    "Plans": [
                                                                                        {
                                                                                            "Node Type": "Nested Loop",
                                                                                            "Parent Relationship": "Outer",
                                                                                            "Parallel Aware": false,
                                                                                            "Join Type": "Inner",
                                                                                            "Startup Cost": 0.42,
                                                                                            "Total Cost": 71538.77,
                                                                                            "Plan Rows": 5,
                                                                                            "Plan Width": 23,
                                                                                            "Actual Startup Time": 177.48,
                                                                                            "Actual Total Time": 217.699,
                                                                                            "Actual Rows": 1,
                                                                                            "Actual Loops": 5,
                                                                                            "Output": [
                                                                                                "an.person_id",
                                                                                                "n.name",
                                                                                                "n.id"
                                                                                            ],
                                                                                            "Inner Unique": false,
                                                                                            "Workers": [
                                                                                                {
                                                                                                    "Worker Number": 0,
                                                                                                    "Actual Startup Time": 112.788,
                                                                                                    "Actual Total Time": 211.637,
                                                                                                    "Actual Rows": 2,
                                                                                                    "Actual Loops": 1
                                                                                                },
                                                                                                {
                                                                                                    "Worker Number": 1,
                                                                                                    "Actual Startup Time": 112.609,
                                                                                                    "Actual Total Time": 214.844,
                                                                                                    "Actual Rows": 1,
                                                                                                    "Actual Loops": 1
                                                                                                },
                                                                                                {
                                                                                                    "Worker Number": 2,
                                                                                                    "Actual Startup Time": 216.515,
                                                                                                    "Actual Total Time": 216.516,
                                                                                                    "Actual Rows": 0,
                                                                                                    "Actual Loops": 1
                                                                                                },
                                                                                                {
                                                                                                    "Worker Number": 3,
                                                                                                    "Actual Startup Time": 216.689,
                                                                                                    "Actual Total Time": 216.691,
                                                                                                    "Actual Rows": 0,
                                                                                                    "Actual Loops": 1
                                                                                                }
                                                                                            ],
                                                                                            "Plans": [
                                                                                                {
                                                                                                    "Node Type": "Seq Scan",
                                                                                                    "Parent Relationship": "Outer",
                                                                                                    "Parallel Aware": true,
                                                                                                    "Relation Name": "name",
                                                                                                    "Schema": "public",
                                                                                                    "Alias": "n",
                                                                                                    "Startup Cost": 0.0,
                                                                                                    "Total Cost": 71241.41,
                                                                                                    "Plan Rows": 24,
                                                                                                    "Plan Width": 19,
                                                                                                    "Actual Startup Time": 115.412,
                                                                                                    "Actual Total Time": 217.535,
                                                                                                    "Actual Rows": 4,
                                                                                                    "Actual Loops": 5,
                                                                                                    "Output": [
                                                                                                        "n.id",
                                                                                                        "n.name",
                                                                                                        "n.imdb_index",
                                                                                                        "n.imdb_id",
                                                                                                        "n.gender",
                                                                                                        "n.name_pcode_cf",
                                                                                                        "n.name_pcode_nf",
                                                                                                        "n.surname_pcode",
                                                                                                        "n.md5sum"
                                                                                                    ],
                                                                                                    "Filter": "((n.name ~~ '%Greiner,%'::text) AND ((n.gender)::text = 'f'::text))",
                                                                                                    "Rows Removed by Filter": 833495,
                                                                                                    "Workers": [
                                                                                                        {
                                                                                                            "Worker Number": 0,
                                                                                                            "Actual Startup Time": 112.59,
                                                                                                            "Actual Total Time": 211.442,
                                                                                                            "Actual Rows": 2,
                                                                                                            "Actual Loops": 1
                                                                                                        },
                                                                                                        {
                                                                                                            "Worker Number": 1,
                                                                                                            "Actual Startup Time": 112.299,
                                                                                                            "Actual Total Time": 214.656,
                                                                                                            "Actual Rows": 3,
                                                                                                            "Actual Loops": 1
                                                                                                        },
                                                                                                        {
                                                                                                            "Worker Number": 2,
                                                                                                            "Actual Startup Time": 113.225,
                                                                                                            "Actual Total Time": 216.356,
                                                                                                            "Actual Rows": 4,
                                                                                                            "Actual Loops": 1
                                                                                                        },
                                                                                                        {
                                                                                                            "Worker Number": 3,
                                                                                                            "Actual Startup Time": 113.417,
                                                                                                            "Actual Total Time": 216.532,
                                                                                                            "Actual Rows": 2,
                                                                                                            "Actual Loops": 1
                                                                                                        }
                                                                                                    ]
                                                                                                },
                                                                                                {
                                                                                                    "Node Type": "Index Only Scan",
                                                                                                    "Parent Relationship": "Inner",
                                                                                                    "Parallel Aware": false,
                                                                                                    "Scan Direction": "Forward",
                                                                                                    "Index Name": "person_id_aka_name",
                                                                                                    "Relation Name": "aka_name",
                                                                                                    "Schema": "public",
                                                                                                    "Alias": "an",
                                                                                                    "Startup Cost": 0.42,
                                                                                                    "Total Cost": 12.37,
                                                                                                    "Plan Rows": 2,
                                                                                                    "Plan Width": 4,
                                                                                                    "Actual Startup Time": 0.041,
                                                                                                    "Actual Total Time": 0.042,
                                                                                                    "Actual Rows": 0,
                                                                                                    "Actual Loops": 18,
                                                                                                    "Output": [
                                                                                                        "an.person_id"
                                                                                                    ],
                                                                                                    "Index Cond": "(an.person_id = n.id)",
                                                                                                    "Rows Removed by Index Recheck": 0,
                                                                                                    "Heap Fetches": 3,
                                                                                                    "Workers": [
                                                                                                        {
                                                                                                            "Worker Number": 0,
                                                                                                            "Actual Startup Time": 0.088,
                                                                                                            "Actual Total Time": 0.09,
                                                                                                            "Actual Rows": 1,
                                                                                                            "Actual Loops": 2
                                                                                                        },
                                                                                                        {
                                                                                                            "Worker Number": 1,
                                                                                                            "Actual Startup Time": 0.058,
                                                                                                            "Actual Total Time": 0.058,
                                                                                                            "Actual Rows": 0,
                                                                                                            "Actual Loops": 3
                                                                                                        },
                                                                                                        {
                                                                                                            "Worker Number": 2,
                                                                                                            "Actual Startup Time": 0.037,
                                                                                                            "Actual Total Time": 0.037,
                                                                                                            "Actual Rows": 0,
                                                                                                            "Actual Loops": 4
                                                                                                        },
                                                                                                        {
                                                                                                            "Worker Number": 3,
                                                                                                            "Actual Startup Time": 0.074,
                                                                                                            "Actual Total Time": 0.074,
                                                                                                            "Actual Rows": 0,
                                                                                                            "Actual Loops": 2
                                                                                                        }
                                                                                                    ]
                                                                                                }
                                                                                            ]
                                                                                        },
                                                                                        {
                                                                                            "Node Type": "Index Scan",
                                                                                            "Parent Relationship": "Inner",
                                                                                            "Parallel Aware": false,
                                                                                            "Scan Direction": "Forward",
                                                                                            "Index Name": "person_id_cast_info",
                                                                                            "Relation Name": "cast_info",
                                                                                            "Schema": "public",
                                                                                            "Alias": "ci",
                                                                                            "Startup Cost": 0.56,
                                                                                            "Total Cost": 13.29,
                                                                                            "Plan Rows": 37,
                                                                                            "Plan Width": 16,
                                                                                            "Actual Startup Time": 0.104,
                                                                                            "Actual Total Time": 0.158,
                                                                                            "Actual Rows": 84,
                                                                                            "Actual Loops": 3,
                                                                                            "Output": [
                                                                                                "ci.id",
                                                                                                "ci.person_id",
                                                                                                "ci.movie_id",
                                                                                                "ci.person_role_id",
                                                                                                "ci.note",
                                                                                                "ci.nr_order",
                                                                                                "ci.role_id"
                                                                                            ],
                                                                                            "Index Cond": "(ci.person_id = an.person_id)",
                                                                                            "Rows Removed by Index Recheck": 0,
                                                                                            "Filter": "(ci.note = ANY ('{(writer),(producer),(voice),\"(as Ashley Marie Greiner)\"}'::text[]))",
                                                                                            "Rows Removed by Filter": 10,
                                                                                            "Workers": [
                                                                                                {
                                                                                                    "Worker Number": 0,
                                                                                                    "Actual Startup Time": 0.09,
                                                                                                    "Actual Total Time": 0.17,
                                                                                                    "Actual Rows": 125,
                                                                                                    "Actual Loops": 2
                                                                                                },
                                                                                                {
                                                                                                    "Worker Number": 1,
                                                                                                    "Actual Startup Time": 0.133,
                                                                                                    "Actual Total Time": 0.134,
                                                                                                    "Actual Rows": 1,
                                                                                                    "Actual Loops": 1
                                                                                                }
                                                                                            ]
                                                                                        }
                                                                                    ]
                                                                                },
                                                                                {
                                                                                    "Node Type": "Hash",
                                                                                    "Parent Relationship": "Inner",
                                                                                    "Parallel Aware": false,
                                                                                    "Startup Cost": 1.15,
                                                                                    "Total Cost": 1.15,
                                                                                    "Plan Rows": 1,
                                                                                    "Plan Width": 4,
                                                                                    "Actual Startup Time": 0.062,
                                                                                    "Actual Total Time": 0.063,
                                                                                    "Actual Rows": 1,
                                                                                    "Actual Loops": 2,
                                                                                    "Output": [
                                                                                        "rt.id"
                                                                                    ],
                                                                                    "Hash Buckets": 1024,
                                                                                    "Original Hash Buckets": 1024,
                                                                                    "Hash Batches": 1,
                                                                                    "Original Hash Batches": 1,
                                                                                    "Peak Memory Usage": 9,
                                                                                    "Workers": [
                                                                                        {
                                                                                            "Worker Number": 0,
                                                                                            "Actual Startup Time": 0.064,
                                                                                            "Actual Total Time": 0.065,
                                                                                            "Actual Rows": 1,
                                                                                            "Actual Loops": 1
                                                                                        },
                                                                                        {
                                                                                            "Worker Number": 1,
                                                                                            "Actual Startup Time": 0.059,
                                                                                            "Actual Total Time": 0.06,
                                                                                            "Actual Rows": 1,
                                                                                            "Actual Loops": 1
                                                                                        }
                                                                                    ],
                                                                                    "Plans": [
                                                                                        {
                                                                                            "Node Type": "Seq Scan",
                                                                                            "Parent Relationship": "Outer",
                                                                                            "Parallel Aware": false,
                                                                                            "Relation Name": "role_type",
                                                                                            "Schema": "public",
                                                                                            "Alias": "rt",
                                                                                            "Startup Cost": 0.0,
                                                                                            "Total Cost": 1.15,
                                                                                            "Plan Rows": 1,
                                                                                            "Plan Width": 4,
                                                                                            "Actual Startup Time": 0.045,
                                                                                            "Actual Total Time": 0.047,
                                                                                            "Actual Rows": 1,
                                                                                            "Actual Loops": 2,
                                                                                            "Output": [
                                                                                                "rt.id"
                                                                                            ],
                                                                                            "Filter": "((rt.role)::text = 'actress'::text)",
                                                                                            "Rows Removed by Filter": 11,
                                                                                            "Workers": [
                                                                                                {
                                                                                                    "Worker Number": 0,
                                                                                                    "Actual Startup Time": 0.047,
                                                                                                    "Actual Total Time": 0.049,
                                                                                                    "Actual Rows": 1,
                                                                                                    "Actual Loops": 1
                                                                                                },
                                                                                                {
                                                                                                    "Worker Number": 1,
                                                                                                    "Actual Startup Time": 0.043,
                                                                                                    "Actual Total Time": 0.046,
                                                                                                    "Actual Rows": 1,
                                                                                                    "Actual Loops": 1
                                                                                                }
                                                                                            ]
                                                                                        }
                                                                                    ]
                                                                                }
                                                                            ]
                                                                        },
                                                                        {
                                                                            "Node Type": "Index Scan",
                                                                            "Parent Relationship": "Inner",
                                                                            "Parallel Aware": false,
                                                                            "Scan Direction": "Forward",
                                                                            "Index Name": "title_pkey",
                                                                            "Relation Name": "title",
                                                                            "Schema": "public",
                                                                            "Alias": "t",
                                                                            "Startup Cost": 0.43,
                                                                            "Total Cost": 0.52,
                                                                            "Plan Rows": 1,
                                                                            "Plan Width": 21,
                                                                            "Actual Startup Time": 0.008,
                                                                            "Actual Total Time": 0.008,
                                                                            "Actual Rows": 1,
                                                                            "Actual Loops": 251,
                                                                            "Output": [
                                                                                "t.id",
                                                                                "t.title",
                                                                                "t.imdb_index",
                                                                                "t.kind_id",
                                                                                "t.production_year",
                                                                                "t.imdb_id",
                                                                                "t.phonetic_code",
                                                                                "t.episode_of_id",
                                                                                "t.season_nr",
                                                                                "t.episode_nr",
                                                                                "t.series_years",
                                                                                "t.md5sum"
                                                                            ],
                                                                            "Index Cond": "(t.id = ci.movie_id)",
                                                                            "Rows Removed by Index Recheck": 0,
                                                                            "Filter": "((t.production_year >= 2006) AND (t.production_year <= 2012))",
                                                                            "Rows Removed by Filter": 0,
                                                                            "Workers": [
                                                                                {
                                                                                    "Worker Number": 0,
                                                                                    "Actual Startup Time": 0.008,
                                                                                    "Actual Total Time": 0.008,
                                                                                    "Actual Rows": 1,
                                                                                    "Actual Loops": 250
                                                                                },
                                                                                {
                                                                                    "Worker Number": 1,
                                                                                    "Actual Startup Time": 0.111,
                                                                                    "Actual Total Time": 0.113,
                                                                                    "Actual Rows": 1,
                                                                                    "Actual Loops": 1
                                                                                }
                                                                            ]
                                                                        }
                                                                    ]
                                                                },
                                                                {
                                                                    "Node Type": "Index Scan",
                                                                    "Parent Relationship": "Inner",
                                                                    "Parallel Aware": false,
                                                                    "Scan Direction": "Forward",
                                                                    "Index Name": "movie_id_movie_companies",
                                                                    "Relation Name": "movie_companies",
                                                                    "Schema": "public",
                                                                    "Alias": "mc",
                                                                    "Startup Cost": 0.43,
                                                                    "Total Cost": 0.58,
                                                                    "Plan Rows": 1,
                                                                    "Plan Width": 8,
                                                                    "Actual Startup Time": 0.005,
                                                                    "Actual Total Time": 0.005,
                                                                    "Actual Rows": 1,
                                                                    "Actual Loops": 247,
                                                                    "Output": [
                                                                        "mc.id",
                                                                        "mc.movie_id",
                                                                        "mc.company_id",
                                                                        "mc.company_type_id",
                                                                        "mc.note"
                                                                    ],
                                                                    "Index Cond": "(mc.movie_id = ci.movie_id)",
                                                                    "Rows Removed by Index Recheck": 0,
                                                                    "Filter": "((mc.note IS NOT NULL) AND ((mc.note ~~ '%(USA)%'::text) OR (mc.note ~~ '%(worldwide)%'::text)))",
                                                                    "Rows Removed by Filter": 0,
                                                                    "Workers": [
                                                                        {
                                                                            "Worker Number": 0,
                                                                            "Actual Startup Time": 0.004,
                                                                            "Actual Total Time": 0.004,
                                                                            "Actual Rows": 1,
                                                                            "Actual Loops": 246
                                                                        },
                                                                        {
                                                                            "Worker Number": 1,
                                                                            "Actual Startup Time": 0.196,
                                                                            "Actual Total Time": 0.197,
                                                                            "Actual Rows": 0,
                                                                            "Actual Loops": 1
                                                                        }
                                                                    ]
                                                                }
                                                            ]
                                                        }
                                                    ]
                                                },
                                                {
                                                    "Node Type": "Index Only Scan",
                                                    "Parent Relationship": "Inner",
                                                    "Parallel Aware": false,
                                                    "Scan Direction": "Forward",
                                                    "Index Name": "char_name_pkey",
                                                    "Relation Name": "char_name",
                                                    "Schema": "public",
                                                    "Alias": "chn",
                                                    "Startup Cost": 0.43,
                                                    "Total Cost": 0.52,
                                                    "Plan Rows": 1,
                                                    "Plan Width": 4,
                                                    "Actual Startup Time": 0.003,
                                                    "Actual Total Time": 0.003,
                                                    "Actual Rows": 1,
                                                    "Actual Loops": 244,
                                                    "Output": [
                                                        "chn.id"
                                                    ],
                                                    "Index Cond": "(chn.id = ci.person_role_id)",
                                                    "Rows Removed by Index Recheck": 0,
                                                    "Heap Fetches": 244
                                                }
                                            ]
                                        },
                                        {
                                            "Node Type": "Index Scan",
                                            "Parent Relationship": "Inner",
                                            "Parallel Aware": false,
                                            "Scan Direction": "Forward",
                                            "Index Name": "company_name_pkey",
                                            "Relation Name": "company_name",
                                            "Schema": "public",
                                            "Alias": "cn",
                                            "Startup Cost": 0.42,
                                            "Total Cost": 0.49,
                                            "Plan Rows": 1,
                                            "Plan Width": 4,
                                            "Actual Startup Time": 0.002,
                                            "Actual Total Time": 0.002,
                                            "Actual Rows": 1,
                                            "Actual Loops": 244,
                                            "Output": [
                                                "cn.id",
                                                "cn.name",
                                                "cn.country_code",
                                                "cn.imdb_id",
                                                "cn.name_pcode_nf",
                                                "cn.name_pcode_sf",
                                                "cn.md5sum"
                                            ],
                                            "Index Cond": "(cn.id = mc.company_id)",
                                            "Rows Removed by Index Recheck": 0,
                                            "Filter": "((cn.country_code)::text = '[us]'::text)",
                                            "Rows Removed by Filter": 0
                                        }
                                    ]
                                },
                                {
                                    "Node Type": "Index Scan",
                                    "Parent Relationship": "Inner",
                                    "Parallel Aware": false,
                                    "Scan Direction": "Forward",
                                    "Index Name": "movie_id_movie_info",
                                    "Relation Name": "movie_info",
                                    "Schema": "public",
                                    "Alias": "mi",
                                    "Startup Cost": 0.43,
                                    "Total Cost": 1.68,
                                    "Plan Rows": 1,
                                    "Plan Width": 8,
                                    "Actual Startup Time": 0.003,
                                    "Actual Total Time": 0.004,
                                    "Actual Rows": 1,
                                    "Actual Loops": 244,
                                    "Output": [
                                        "mi.id",
                                        "mi.movie_id",
                                        "mi.info_type_id",
                                        "mi.info",
                                        "mi.note"
                                    ],
                                    "Index Cond": "(mi.movie_id = ci.movie_id)",
                                    "Rows Removed by Index Recheck": 0,
                                    "Filter": "((mi.info IS NOT NULL) AND ((mi.info ~~ 'Japan:%200%'::text) OR (mi.info ~~ 'USA:%200%'::text)))",
                                    "Rows Removed by Filter": 0
                                }
                            ]
                        },
                        {
                            "Node Type": "Index Scan",
                            "Parent Relationship": "Inner",
                            "Parallel Aware": false,
                            "Scan Direction": "Forward",
                            "Index Name": "info_type_pkey",
                            "Relation Name": "info_type",
                            "Schema": "public",
                            "Alias": "it",
                            "Startup Cost": 0.14,
                            "Total Cost": 0.16,
                            "Plan Rows": 1,
                            "Plan Width": 4,
                            "Actual Startup Time": 0.001,
                            "Actual Total Time": 0.001,
                            "Actual Rows": 1,
                            "Actual Loops": 276,
                            "Output": [
                                "it.id",
                                "it.info"
                            ],
                            "Index Cond": "(it.id = mi.info_type_id)",
                            "Rows Removed by Index Recheck": 0,
                            "Filter": "((it.info)::text = 'release dates'::text)",
                            "Rows Removed by Filter": 0
                        }
                    ]
                }
            ]
        },
        "Planning Time": 3024.046,
        "Triggers": [],
        "Execution Time": 263.838
    }
]