[
  {
    "Plan": {
      "Node Type": "Aggregate",
      "Strategy": "Plain",
      "Partial Mode": "Finalize",
      "Parallel Aware": false,
      "Startup Cost": 289946.92,
      "Total Cost": 289946.93,
      "Plan Rows": 1,
      "Plan Width": 8,
      "Actual Startup Time": 1120.708,
      "Actual Total Time": 1167.082,
      "Actual Rows": 1,
      "Actual Loops": 1,
      "Plans": [
        {
          "Node Type": "Gather",
          "Parent Relationship": "Outer",
          "Parallel Aware": false,
          "Startup Cost": 289946.39,
          "Total Cost": 289946.9,
          "Plan Rows": 5,
          "Plan Width": 8,
          "Actual Startup Time": 1112.605,
          "Actual Total Time": 1167.071,
          "Actual Rows": 6,
          "Actual Loops": 1,
          "Workers Planned": 5,
          "Workers Launched": 5,
          "Single Copy": false,
          "Plans": [
            {
              "Node Type": "Aggregate",
              "Strategy": "Plain",
              "Partial Mode": "Partial",
              "Parent Relationship": "Outer",
              "Parallel Aware": false,
              "Startup Cost": 288946.39,
              "Total Cost": 288946.4,
              "Plan Rows": 1,
              "Plan Width": 8,
              "Actual Startup Time": 1101.728,
              "Actual Total Time": 1101.813,
              "Actual Rows": 1,
              "Actual Loops": 6,
              "Plans": [
                {
                  "Node Type": "Hash Join",
                  "Parent Relationship": "Outer",
                  "Parallel Aware": true,
                  "Join Type": "Inner",
                  "Startup Cost": 83282.55,
                  "Total Cost": 287948.74,
                  "Plan Rows": 399063,
                  "Plan Width": 0,
                  "Actual Startup Time": 334.41,
                  "Actual Total Time": 988.137,
                  "Actual Rows": 2713173,
                  "Actual Loops": 6,
                  "Inner Unique": false,
                  "Hash Cond": "(mi.movie_id = t.id)",
                  "Plans": [
                    {
                      "Node Type": "Seq Scan",
                      "Parent Relationship": "Outer",
                      "Parallel Aware": true,
                      "Relation Name": "movie_info",
                      "Alias": "mi",
                      "Startup Cost": 0.0,
                      "Total Cost": 198952.16,
                      "Plan Rows": 1257696,
                      "Plan Width": 4,
                      "Actual Startup Time": 15.73,
                      "Actual Total Time": 310.92,
                      "Actual Rows": 1037249,
                      "Actual Loops": 6,
                      "Filter": "(info_type_id > 8)",
                      "Rows Removed by Filter": 1435371
                    },
                    {
                      "Node Type": "Hash",
                      "Parent Relationship": "Inner",
                      "Parallel Aware": true,
                      "Startup Cost": 80775.62,
                      "Total Cost": 80775.62,
                      "Plan Rows": 200555,
                      "Plan Width": 8,
                      "Actual Startup Time": 310.764,
                      "Actual Total Time": 310.848,
                      "Actual Rows": 97853,
                      "Actual Loops": 6,
                      "Hash Buckets": 1048576,
                      "Original Hash Buckets": 1048576,
                      "Hash Batches": 1,
                      "Original Hash Batches": 1,
                      "Peak Memory Usage": 31264,
                      "Plans": [
                        {
                          "Node Type": "Hash Join",
                          "Parent Relationship": "Outer",
                          "Parallel Aware": true,
                          "Join Type": "Inner",
                          "Startup Cost": 34649.57,
                          "Total Cost": 80775.62,
                          "Plan Rows": 200555,
                          "Plan Width": 8,
                          "Actual Startup Time": 126.337,
                          "Actual Total Time": 271.683,
                          "Actual Rows": 97853,
                          "Actual Loops": 6,
                          "Inner Unique": false,
                          "Hash Cond": "(t.id = mc.movie_id)",
                          "Plans": [
                            {
                              "Node Type": "Seq Scan",
                              "Parent Relationship": "Outer",
                              "Parallel Aware": true,
                              "Relation Name": "title",
                              "Alias": "t",
                              "Startup Cost": 0.0,
                              "Total Cost": 42318.73,
                              "Plan Rows": 632073,
                              "Plan Width": 4,
                              "Actual Startup Time": 0.014,
                              "Actual Total Time": 58.368,
                              "Actual Rows": 421385,
                              "Actual Loops": 6
                            },
                            {
                              "Node Type": "Hash",
                              "Parent Relationship": "Inner",
                              "Parallel Aware": true,
                              "Startup Cost": 31414.82,
                              "Total Cost": 31414.82,
                              "Plan Rows": 258780,
                              "Plan Width": 4,
                              "Actual Startup Time": 108.571,
                              "Actual Total Time": 108.572,
                              "Actual Rows": 97853,
                              "Actual Loops": 6,
                              "Hash Buckets": 1048576,
                              "Original Hash Buckets": 1048576,
                              "Hash Batches": 1,
                              "Original Hash Batches": 1,
                              "Peak Memory Usage": 31232,
                              "Plans": [
                                {
                                  "Node Type": "Seq Scan",
                                  "Parent Relationship": "Outer",
                                  "Parallel Aware": true,
                                  "Relation Name": "movie_companies",
                                  "Alias": "mc",
                                  "Startup Cost": 0.0,
                                  "Total Cost": 31414.82,
                                  "Plan Rows": 258780,
                                  "Plan Width": 4,
                                  "Actual Startup Time": 4.228,
                                  "Actual Total Time": 63.509,
                                  "Actual Rows": 97853,
                                  "Actual Loops": 6,
                                  "Filter": "((company_id > 4357) AND (company_type_id = 1))",
                                  "Rows Removed by Filter": 337002
                                }
                              ]
                            }
                          ]
                        }
                      ]
                    }
                  ]
                }
              ]
            }
          ]
        }
      ]
    },
    "Planning Time": 1.443,
    "Triggers": [],
    "Execution Time": 1167.178
  }
]