[
  {
    "Plan": {
      "Node Type": "Aggregate",
      "Strategy": "Plain",
      "Partial Mode": "Finalize",
      "Parallel Aware": false,
      "Startup Cost": 46269.48,
      "Total Cost": 46269.49,
      "Plan Rows": 1,
      "Plan Width": 8,
      "Actual Startup Time": 176.998,
      "Actual Total Time": 184.729,
      "Actual Rows": 1,
      "Actual Loops": 1,
      "Plans": [
        {
          "Node Type": "Gather",
          "Parent Relationship": "Outer",
          "Parallel Aware": false,
          "Startup Cost": 46269.17,
          "Total Cost": 46269.48,
          "Plan Rows": 3,
          "Plan Width": 8,
          "Actual Startup Time": 176.866,
          "Actual Total Time": 184.719,
          "Actual Rows": 4,
          "Actual Loops": 1,
          "Workers Planned": 3,
          "Workers Launched": 3,
          "Single Copy": false,
          "Plans": [
            {
              "Node Type": "Aggregate",
              "Strategy": "Plain",
              "Partial Mode": "Partial",
              "Parent Relationship": "Outer",
              "Parallel Aware": false,
              "Startup Cost": 45269.17,
              "Total Cost": 45269.18,
              "Plan Rows": 1,
              "Plan Width": 8,
              "Actual Startup Time": 169.856,
              "Actual Total Time": 169.857,
              "Actual Rows": 1,
              "Actual Loops": 4,
              "Plans": [
                {
                  "Node Type": "Seq Scan",
                  "Parent Relationship": "Outer",
                  "Parallel Aware": true,
                  "Relation Name": "movie_keyword",
                  "Alias": "mk",
                  "Startup Cost": 0.0,
                  "Total Cost": 42695.65,
                  "Plan Rows": 1029405,
                  "Plan Width": 0,
                  "Actual Startup Time": 0.046,
                  "Actual Total Time": 129.351,
                  "Actual Rows": 797810,
                  "Actual Loops": 4,
                  "Filter": "(keyword_id < 12931)",
                  "Rows Removed by Filter": 333172
                }
              ]
            }
          ]
        }
      ]
    },
    "Planning Time": 0.245,
    "Triggers": [],
    "Execution Time": 184.796
  }
]