[
  {
    "Plan": {
      "Node Type": "Aggregate",
      "Strategy": "Plain",
      "Partial Mode": "Finalize",
      "Parallel Aware": false,
      "Startup Cost": 39952.24,
      "Total Cost": 39952.25,
      "Plan Rows": 1,
      "Plan Width": 8,
      "Actual Startup Time": 1424.819,
      "Actual Total Time": 1443.989,
      "Actual Rows": 1,
      "Actual Loops": 1,
      "Plans": [
        {
          "Node Type": "Gather",
          "Parent Relationship": "Outer",
          "Parallel Aware": false,
          "Startup Cost": 39952.03,
          "Total Cost": 39952.24,
          "Plan Rows": 2,
          "Plan Width": 8,
          "Actual Startup Time": 1424.389,
          "Actual Total Time": 1443.974,
          "Actual Rows": 3,
          "Actual Loops": 1,
          "Workers Planned": 2,
          "Workers Launched": 2,
          "Single Copy": false,
          "Plans": [
            {
              "Node Type": "Aggregate",
              "Strategy": "Plain",
              "Partial Mode": "Partial",
              "Parent Relationship": "Outer",
              "Parallel Aware": false,
              "Startup Cost": 38952.03,
              "Total Cost": 38952.04,
              "Plan Rows": 1,
              "Plan Width": 8,
              "Actual Startup Time": 1417.097,
              "Actual Total Time": 1417.101,
              "Actual Rows": 1,
              "Actual Loops": 3,
              "Plans": [
                {
                  "Node Type": "Nested Loop",
                  "Parent Relationship": "Outer",
                  "Parallel Aware": false,
                  "Join Type": "Inner",
                  "Startup Cost": 169.63,
                  "Total Cost": 38951.88,
                  "Plan Rows": 61,
                  "Plan Width": 0,
                  "Actual Startup Time": 265.87,
                  "Actual Total Time": 1416.958,
                  "Actual Rows": 152,
                  "Actual Loops": 3,
                  "Inner Unique": true,
                  "Plans": [
                    {
                      "Node Type": "Bitmap Heap Scan",
                      "Parent Relationship": "Outer",
                      "Parallel Aware": true,
                      "Relation Name": "movie_keyword",
                      "Alias": "mk",
                      "Startup Cost": 169.2,
                      "Total Cost": 16584.09,
                      "Plan Rows": 3267,
                      "Plan Width": 4,
                      "Actual Startup Time": 176.19,
                      "Actual Total Time": 204.614,
                      "Actual Rows": 3314,
                      "Actual Loops": 3,
                      "Recheck Cond": "(keyword_id = 56)",
                      "Rows Removed by Index Recheck": 0,
                      "Exact Heap Blocks": 3191,
                      "Lossy Heap Blocks": 0,
                      "Plans": [
                        {
                          "Node Type": "Bitmap Index Scan",
                          "Parent Relationship": "Outer",
                          "Parallel Aware": false,
                          "Index Name": "keyword_id_movie_keyword",
                          "Startup Cost": 0.0,
                          "Total Cost": 167.24,
                          "Plan Rows": 7841,
                          "Plan Width": 0,
                          "Actual Startup Time": 178.385,
                          "Actual Total Time": 178.386,
                          "Actual Rows": 9942,
                          "Actual Loops": 1,
                          "Index Cond": "(keyword_id = 56)"
                        }
                      ]
                    },
                    {
                      "Node Type": "Index Scan",
                      "Parent Relationship": "Inner",
                      "Parallel Aware": false,
                      "Scan Direction": "Forward",
                      "Index Name": "title_pkey",
                      "Relation Name": "title",
                      "Alias": "t",
                      "Startup Cost": 0.43,
                      "Total Cost": 6.85,
                      "Plan Rows": 1,
                      "Plan Width": 4,
                      "Actual Startup Time": 0.364,
                      "Actual Total Time": 0.364,
                      "Actual Rows": 0,
                      "Actual Loops": 9942,
                      "Index Cond": "(id = mk.movie_id)",
                      "Rows Removed by Index Recheck": 0,
                      "Filter": "((kind_id < 7) AND (production_year = 2007))",
                      "Rows Removed by Filter": 1
                    }
                  ]
                }
              ]
            }
          ]
        }
      ]
    },
    "Planning Time": 0.577,
    "Triggers": [],
    "Execution Time": 1444.088
  }
]