[
  {
    "Plan": {
      "Node Type": "Aggregate",
      "Strategy": "Plain",
      "Partial Mode": "Finalize",
      "Parallel Aware": false,
      "Startup Cost": 126278.9,
      "Total Cost": 126278.91,
      "Plan Rows": 1,
      "Plan Width": 8,
      "Actual Startup Time": 825.584,
      "Actual Total Time": 847.2,
      "Actual Rows": 1,
      "Actual Loops": 1,
      "Plans": [
        {
          "Node Type": "Gather",
          "Parent Relationship": "Outer",
          "Parallel Aware": false,
          "Startup Cost": 126278.58,
          "Total Cost": 126278.89,
          "Plan Rows": 3,
          "Plan Width": 8,
          "Actual Startup Time": 820.047,
          "Actual Total Time": 847.186,
          "Actual Rows": 4,
          "Actual Loops": 1,
          "Workers Planned": 3,
          "Workers Launched": 3,
          "Single Copy": false,
          "Plans": [
            {
              "Node Type": "Aggregate",
              "Strategy": "Plain",
              "Partial Mode": "Partial",
              "Parent Relationship": "Outer",
              "Parallel Aware": false,
              "Startup Cost": 125278.58,
              "Total Cost": 125278.59,
              "Plan Rows": 1,
              "Plan Width": 8,
              "Actual Startup Time": 813.536,
              "Actual Total Time": 813.629,
              "Actual Rows": 1,
              "Actual Loops": 4,
              "Plans": [
                {
                  "Node Type": "Hash Join",
                  "Parent Relationship": "Outer",
                  "Parallel Aware": true,
                  "Join Type": "Inner",
                  "Startup Cost": 77461.1,
                  "Total Cost": 124876.16,
                  "Plan Rows": 160967,
                  "Plan Width": 0,
                  "Actual Startup Time": 385.87,
                  "Actual Total Time": 732.082,
                  "Actual Rows": 1637836,
                  "Actual Loops": 4,
                  "Inner Unique": false,
                  "Hash Cond": "(mk.movie_id = t.id)",
                  "Plans": [
                    {
                      "Node Type": "Seq Scan",
                      "Parent Relationship": "Outer",
                      "Parallel Aware": true,
                      "Relation Name": "movie_keyword",
                      "Alias": "mk",
                      "Startup Cost": 0.0,
                      "Total Cost": 42695.65,
                      "Plan Rows": 1120042,
                      "Plan Width": 4,
                      "Actual Startup Time": 0.087,
                      "Actual Total Time": 123.806,
                      "Actual Rows": 866052,
                      "Actual Loops": 4,
                      "Filter": "(keyword_id > 1056)",
                      "Rows Removed by Filter": 264930
                    },
                    {
                      "Node Type": "Hash",
                      "Parent Relationship": "Inner",
                      "Parallel Aware": true,
                      "Startup Cost": 75995.89,
                      "Total Cost": 75995.89,
                      "Plan Rows": 117217,
                      "Plan Width": 8,
                      "Actual Startup Time": 382.296,
                      "Actual Total Time": 382.388,
                      "Actual Rows": 123072,
                      "Actual Loops": 4,
                      "Hash Buckets": 524288,
                      "Original Hash Buckets": 524288,
                      "Hash Batches": 1,
                      "Original Hash Batches": 1,
                      "Peak Memory Usage": 23424,
                      "Plans": [
                        {
                          "Node Type": "Hash Join",
                          "Parent Relationship": "Outer",
                          "Parallel Aware": true,
                          "Join Type": "Inner",
                          "Startup Cost": 46580.0,
                          "Total Cost": 75995.89,
                          "Plan Rows": 117217,
                          "Plan Width": 8,
                          "Actual Startup Time": 150.666,
                          "Actual Total Time": 340.366,
                          "Actual Rows": 123072,
                          "Actual Loops": 4,
                          "Inner Unique": true,
                          "Hash Cond": "(mc.movie_id = t.id)",
                          "Plans": [
                            {
                              "Node Type": "Seq Scan",
                              "Parent Relationship": "Outer",
                              "Parallel Aware": true,
                              "Relation Name": "movie_companies",
                              "Alias": "mc",
                              "Startup Cost": 0.0,
                              "Total Cost": 27206.55,
                              "Plan Rows": 841655,
                              "Plan Width": 4,
                              "Actual Startup Time": 0.011,
                              "Actual Total Time": 68.884,
                              "Actual Rows": 652282,
                              "Actual Loops": 4
                            },
                            {
                              "Node Type": "Hash",
                              "Parent Relationship": "Inner",
                              "Parallel Aware": true,
                              "Startup Cost": 45479.59,
                              "Total Cost": 45479.59,
                              "Plan Rows": 88033,
                              "Plan Width": 4,
                              "Actual Startup Time": 148.624,
                              "Actual Total Time": 148.625,
                              "Actual Rows": 75522,
                              "Actual Loops": 4,
                              "Hash Buckets": 524288,
                              "Original Hash Buckets": 524288,
                              "Hash Batches": 1,
                              "Original Hash Batches": 1,
                              "Peak Memory Usage": 15968,
                              "Plans": [
                                {
                                  "Node Type": "Seq Scan",
                                  "Parent Relationship": "Outer",
                                  "Parallel Aware": true,
                                  "Relation Name": "title",
                                  "Alias": "t",
                                  "Startup Cost": 0.0,
                                  "Total Cost": 45479.59,
                                  "Plan Rows": 88033,
                                  "Plan Width": 4,
                                  "Actual Startup Time": 0.066,
                                  "Actual Total Time": 112.705,
                                  "Actual Rows": 75522,
                                  "Actual Loops": 4,
                                  "Filter": "((kind_id < 7) AND (production_year > 2006))",
                                  "Rows Removed by Filter": 556556
                                }
                              ]
                            }
                          ]
                        }
                      ]
                    }
                  ]
                }
              ]
            }
          ]
        }
      ]
    },
    "Planning Time": 1.384,
    "Triggers": [],
    "Execution Time": 847.313
  }
]