[
  {
    "Plan": {
      "Node Type": "Aggregate",
      "Strategy": "Plain",
      "Partial Mode": "Finalize",
      "Parallel Aware": false,
      "Startup Cost": 46514.38,
      "Total Cost": 46514.39,
      "Plan Rows": 1,
      "Plan Width": 8,
      "Actual Startup Time": 96.875,
      "Actual Total Time": 108.442,
      "Actual Rows": 1,
      "Actual Loops": 1,
      "Plans": [
        {
          "Node Type": "Gather",
          "Parent Relationship": "Outer",
          "Parallel Aware": false,
          "Startup Cost": 46513.96,
          "Total Cost": 46514.37,
          "Plan Rows": 4,
          "Plan Width": 8,
          "Actual Startup Time": 96.581,
          "Actual Total Time": 108.432,
          "Actual Rows": 5,
          "Actual Loops": 1,
          "Workers Planned": 4,
          "Workers Launched": 4,
          "Single Copy": false,
          "Plans": [
            {
              "Node Type": "Aggregate",
              "Strategy": "Plain",
              "Partial Mode": "Partial",
              "Parent Relationship": "Outer",
              "Parallel Aware": false,
              "Startup Cost": 45513.96,
              "Total Cost": 45513.97,
              "Plan Rows": 1,
              "Plan Width": 8,
              "Actual Startup Time": 87.089,
              "Actual Total Time": 87.09,
              "Actual Rows": 1,
              "Actual Loops": 5,
              "Plans": [
                {
                  "Node Type": "Seq Scan",
                  "Parent Relationship": "Outer",
                  "Parallel Aware": true,
                  "Relation Name": "title",
                  "Alias": "t",
                  "Startup Cost": 0.0,
                  "Total Cost": 45479.59,
                  "Plan Rows": 13748,
                  "Plan Width": 0,
                  "Actual Startup Time": 22.909,
                  "Actual Total Time": 85.487,
                  "Actual Rows": 30292,
                  "Actual Loops": 5,
                  "Filter": "((kind_id < 7) AND (production_year < 1945))",
                  "Rows Removed by Filter": 475370
                }
              ]
            }
          ]
        }
      ]
    },
    "Planning Time": 0.193,
    "Triggers": [],
    "Execution Time": 108.502
  }
]