[
  {
    "Plan": {
      "Node Type": "Aggregate",
      "Strategy": "Plain",
      "Partial Mode": "Finalize",
      "Parallel Aware": false,
      "Startup Cost": 30720.48,
      "Total Cost": 30720.49,
      "Plan Rows": 1,
      "Plan Width": 8,
      "Actual Startup Time": 103.036,
      "Actual Total Time": 109.076,
      "Actual Rows": 1,
      "Actual Loops": 1,
      "Plans": [
        {
          "Node Type": "Gather",
          "Parent Relationship": "Outer",
          "Parallel Aware": false,
          "Startup Cost": 30720.16,
          "Total Cost": 30720.47,
          "Plan Rows": 3,
          "Plan Width": 8,
          "Actual Startup Time": 102.873,
          "Actual Total Time": 109.066,
          "Actual Rows": 4,
          "Actual Loops": 1,
          "Workers Planned": 3,
          "Workers Launched": 3,
          "Single Copy": false,
          "Plans": [
            {
              "Node Type": "Aggregate",
              "Strategy": "Plain",
              "Partial Mode": "Partial",
              "Parent Relationship": "Outer",
              "Parallel Aware": false,
              "Startup Cost": 29720.16,
              "Total Cost": 29720.17,
              "Plan Rows": 1,
              "Plan Width": 8,
              "Actual Startup Time": 94.311,
              "Actual Total Time": 94.312,
              "Actual Rows": 1,
              "Actual Loops": 4,
              "Plans": [
                {
                  "Node Type": "Seq Scan",
                  "Parent Relationship": "Outer",
                  "Parallel Aware": true,
                  "Relation Name": "movie_companies",
                  "Alias": "mc",
                  "Startup Cost": 0.0,
                  "Total Cost": 29310.68,
                  "Plan Rows": 163793,
                  "Plan Width": 0,
                  "Actual Startup Time": 0.048,
                  "Actual Total Time": 83.848,
                  "Actual Rows": 126223,
                  "Actual Loops": 4,
                  "Filter": "(company_id < 455)",
                  "Rows Removed by Filter": 526059
                }
              ]
            }
          ]
        }
      ]
    },
    "Planning Time": 0.19,
    "Triggers": [],
    "Execution Time": 109.134
  }
]