[
  {
    "Plan": {
      "Node Type": "Aggregate",
      "Strategy": "Plain",
      "Partial Mode": "Finalize",
      "Parallel Aware": false,
      "Startup Cost": 89963.67,
      "Total Cost": 89963.68,
      "Plan Rows": 1,
      "Plan Width": 8,
      "Actual Startup Time": 383.108,
      "Actual Total Time": 411.958,
      "Actual Rows": 1,
      "Actual Loops": 1,
      "Plans": [
        {
          "Node Type": "Gather",
          "Parent Relationship": "Outer",
          "Parallel Aware": false,
          "Startup Cost": 89963.35,
          "Total Cost": 89963.66,
          "Plan Rows": 3,
          "Plan Width": 8,
          "Actual Startup Time": 381.31,
          "Actual Total Time": 411.941,
          "Actual Rows": 4,
          "Actual Loops": 1,
          "Workers Planned": 3,
          "Workers Launched": 3,
          "Single Copy": false,
          "Plans": [
            {
              "Node Type": "Aggregate",
              "Strategy": "Plain",
              "Partial Mode": "Partial",
              "Parent Relationship": "Outer",
              "Parallel Aware": false,
              "Startup Cost": 88963.35,
              "Total Cost": 88963.36,
              "Plan Rows": 1,
              "Plan Width": 8,
              "Actual Startup Time": 375.494,
              "Actual Total Time": 375.503,
              "Actual Rows": 1,
              "Actual Loops": 4,
              "Plans": [
                {
                  "Node Type": "Hash Join",
                  "Parent Relationship": "Outer",
                  "Parallel Aware": true,
                  "Join Type": "Inner",
                  "Startup Cost": 44469.7,
                  "Total Cost": 88847.69,
                  "Plan Rows": 46265,
                  "Plan Width": 0,
                  "Actual Startup Time": 143.73,
                  "Actual Total Time": 370.948,
                  "Actual Rows": 65966,
                  "Actual Loops": 4,
                  "Inner Unique": true,
                  "Hash Cond": "(mk.movie_id = t.id)",
                  "Plans": [
                    {
                      "Node Type": "Seq Scan",
                      "Parent Relationship": "Outer",
                      "Parallel Aware": true,
                      "Relation Name": "movie_keyword",
                      "Alias": "mk",
                      "Startup Cost": 0.0,
                      "Total Cost": 42695.65,
                      "Plan Rows": 640890,
                      "Plan Width": 4,
                      "Actual Startup Time": 0.032,
                      "Actual Total Time": 149.349,
                      "Actual Rows": 497247,
                      "Actual Loops": 4,
                      "Filter": "(keyword_id < 3518)",
                      "Rows Removed by Filter": 633736
                    },
                    {
                      "Node Type": "Hash",
                      "Parent Relationship": "Inner",
                      "Parallel Aware": true,
                      "Startup Cost": 43899.32,
                      "Total Cost": 43899.32,
                      "Plan Rows": 45630,
                      "Plan Width": 4,
                      "Actual Startup Time": 141.755,
                      "Actual Total Time": 141.757,
                      "Actual Rows": 48747,
                      "Actual Loops": 4,
                      "Hash Buckets": 262144,
                      "Original Hash Buckets": 262144,
                      "Hash Batches": 1,
                      "Original Hash Batches": 1,
                      "Peak Memory Usage": 9760,
                      "Plans": [
                        {
                          "Node Type": "Seq Scan",
                          "Parent Relationship": "Outer",
                          "Parallel Aware": true,
                          "Relation Name": "title",
                          "Alias": "t",
                          "Startup Cost": 0.0,
                          "Total Cost": 43899.32,
                          "Plan Rows": 45630,
                          "Plan Width": 4,
                          "Actual Startup Time": 0.094,
                          "Actual Total Time": 119.571,
                          "Actual Rows": 48747,
                          "Actual Loops": 4,
                          "Filter": "(production_year < 1955)",
                          "Rows Removed by Filter": 583331
                        }
                      ]
                    }
                  ]
                }
              ]
            }
          ]
        }
      ]
    },
    "Planning Time": 0.408,
    "Triggers": [],
    "Execution Time": 412.021
  }
]