[
  {
    "Plan": {
      "Node Type": "Aggregate",
      "Strategy": "Plain",
      "Partial Mode": "Finalize",
      "Parallel Aware": false,
      "Startup Cost": 77112.92,
      "Total Cost": 77112.93,
      "Plan Rows": 1,
      "Plan Width": 8,
      "Actual Startup Time": 206.087,
      "Actual Total Time": 223.755,
      "Actual Rows": 1,
      "Actual Loops": 1,
      "Plans": [
        {
          "Node Type": "Gather",
          "Parent Relationship": "Outer",
          "Parallel Aware": false,
          "Startup Cost": 77112.6,
          "Total Cost": 77112.91,
          "Plan Rows": 3,
          "Plan Width": 8,
          "Actual Startup Time": 205.664,
          "Actual Total Time": 223.747,
          "Actual Rows": 4,
          "Actual Loops": 1,
          "Workers Planned": 3,
          "Workers Launched": 3,
          "Single Copy": false,
          "Plans": [
            {
              "Node Type": "Aggregate",
              "Strategy": "Plain",
              "Partial Mode": "Partial",
              "Parent Relationship": "Outer",
              "Parallel Aware": false,
              "Startup Cost": 76112.6,
              "Total Cost": 76112.61,
              "Plan Rows": 1,
              "Plan Width": 8,
              "Actual Startup Time": 197.292,
              "Actual Total Time": 197.295,
              "Actual Rows": 1,
              "Actual Loops": 4,
              "Plans": [
                {
                  "Node Type": "Hash Join",
                  "Parent Relationship": "Outer",
                  "Parallel Aware": true,
                  "Join Type": "Inner",
                  "Startup Cost": 45656.21,
                  "Total Cost": 76088.65,
                  "Plan Rows": 9580,
                  "Plan Width": 0,
                  "Actual Startup Time": 129.558,
                  "Actual Total Time": 196.825,
                  "Actual Rows": 10090,
                  "Actual Loops": 4,
                  "Inner Unique": true,
                  "Hash Cond": "(mc.movie_id = t.id)",
                  "Plans": [
                    {
                      "Node Type": "Seq Scan",
                      "Parent Relationship": "Outer",
                      "Parallel Aware": true,
                      "Relation Name": "movie_companies",
                      "Alias": "mc",
                      "Startup Cost": 0.0,
                      "Total Cost": 29310.68,
                      "Plan Rows": 427336,
                      "Plan Width": 4,
                      "Actual Startup Time": 28.629,
                      "Actual Total Time": 63.284,
                      "Actual Rows": 333721,
                      "Actual Loops": 4,
                      "Filter": "(company_type_id = 2)",
                      "Rows Removed by Filter": 318562
                    },
                    {
                      "Node Type": "Hash",
                      "Parent Relationship": "Inner",
                      "Parallel Aware": true,
                      "Startup Cost": 45479.1,
                      "Total Cost": 45479.1,
                      "Plan Rows": 14169,
                      "Plan Width": 4,
                      "Actual Startup Time": 99.335,
                      "Actual Total Time": 99.336,
                      "Actual Rows": 12269,
                      "Actual Loops": 4,
                      "Hash Buckets": 65536,
                      "Original Hash Buckets": 65536,
                      "Hash Batches": 1,
                      "Original Hash Batches": 1,
                      "Peak Memory Usage": 2464,
                      "Plans": [
                        {
                          "Node Type": "Seq Scan",
                          "Parent Relationship": "Outer",
                          "Parallel Aware": true,
                          "Relation Name": "title",
                          "Alias": "t",
                          "Startup Cost": 0.0,
                          "Total Cost": 45479.1,
                          "Plan Rows": 14169,
                          "Plan Width": 4,
                          "Actual Startup Time": 0.199,
                          "Actual Total Time": 94.943,
                          "Actual Rows": 12269,
                          "Actual Loops": 4,
                          "Filter": "((kind_id < 7) AND (production_year = 2010))",
                          "Rows Removed by Filter": 619809
                        }
                      ]
                    }
                  ]
                }
              ]
            }
          ]
        }
      ]
    },
    "Planning Time": 0.731,
    "Triggers": [],
    "Execution Time": 223.825
  }
]