[
  {
    "Plan": {
      "Node Type": "Aggregate",
      "Strategy": "Plain",
      "Partial Mode": "Finalize",
      "Parallel Aware": false,
      "Startup Cost": 31799.85,
      "Total Cost": 31799.86,
      "Plan Rows": 1,
      "Plan Width": 8,
      "Actual Startup Time": 161.444,
      "Actual Total Time": 176.494,
      "Actual Rows": 1,
      "Actual Loops": 1,
      "Plans": [
        {
          "Node Type": "Gather",
          "Parent Relationship": "Outer",
          "Parallel Aware": false,
          "Startup Cost": 31799.54,
          "Total Cost": 31799.85,
          "Plan Rows": 3,
          "Plan Width": 8,
          "Actual Startup Time": 161.249,
          "Actual Total Time": 176.48,
          "Actual Rows": 4,
          "Actual Loops": 1,
          "Workers Planned": 3,
          "Workers Launched": 3,
          "Single Copy": false,
          "Plans": [
            {
              "Node Type": "Aggregate",
              "Strategy": "Plain",
              "Partial Mode": "Partial",
              "Parent Relationship": "Outer",
              "Parallel Aware": false,
              "Startup Cost": 30799.54,
              "Total Cost": 30799.55,
              "Plan Rows": 1,
              "Plan Width": 8,
              "Actual Startup Time": 153.11,
              "Actual Total Time": 153.112,
              "Actual Rows": 1,
              "Actual Loops": 4,
              "Plans": [
                {
                  "Node Type": "Seq Scan",
                  "Parent Relationship": "Outer",
                  "Parallel Aware": true,
                  "Relation Name": "movie_companies",
                  "Alias": "mc",
                  "Startup Cost": 0.0,
                  "Total Cost": 29310.68,
                  "Plan Rows": 595542,
                  "Plan Width": 0,
                  "Actual Startup Time": 0.038,
                  "Actual Total Time": 120.615,
                  "Actual Rows": 463202,
                  "Actual Loops": 4,
                  "Filter": "(company_id < 36001)",
                  "Rows Removed by Filter": 189080
                }
              ]
            }
          ]
        }
      ]
    },
    "Planning Time": 0.228,
    "Triggers": [],
    "Execution Time": 176.561
  }
]