[
  {
    "Plan": {
      "Node Type": "Aggregate",
      "Strategy": "Plain",
      "Partial Mode": "Finalize",
      "Parallel Aware": false,
      "Startup Cost": 31578.14,
      "Total Cost": 31578.15,
      "Plan Rows": 1,
      "Plan Width": 8,
      "Actual Startup Time": 99.984,
      "Actual Total Time": 108.118,
      "Actual Rows": 1,
      "Actual Loops": 1,
      "Plans": [
        {
          "Node Type": "Gather",
          "Parent Relationship": "Outer",
          "Parallel Aware": false,
          "Startup Cost": 31577.83,
          "Total Cost": 31578.14,
          "Plan Rows": 3,
          "Plan Width": 8,
          "Actual Startup Time": 99.872,
          "Actual Total Time": 108.11,
          "Actual Rows": 4,
          "Actual Loops": 1,
          "Workers Planned": 3,
          "Workers Launched": 3,
          "Single Copy": false,
          "Plans": [
            {
              "Node Type": "Aggregate",
              "Strategy": "Plain",
              "Partial Mode": "Partial",
              "Parent Relationship": "Outer",
              "Parallel Aware": false,
              "Startup Cost": 30577.83,
              "Total Cost": 30577.84,
              "Plan Rows": 1,
              "Plan Width": 8,
              "Actual Startup Time": 95.037,
              "Actual Total Time": 95.038,
              "Actual Rows": 1,
              "Actual Loops": 4,
              "Plans": [
                {
                  "Node Type": "Seq Scan",
                  "Parent Relationship": "Outer",
                  "Parallel Aware": true,
                  "Relation Name": "movie_companies",
                  "Alias": "mc",
                  "Startup Cost": 0.0,
                  "Total Cost": 29310.68,
                  "Plan Rows": 506858,
                  "Plan Width": 0,
                  "Actual Startup Time": 7.554,
                  "Actual Total Time": 78.488,
                  "Actual Rows": 393298,
                  "Actual Loops": 4,
                  "Filter": "(company_id > 5847)",
                  "Rows Removed by Filter": 258984
                }
              ]
            }
          ]
        }
      ]
    },
    "Planning Time": 0.189,
    "Triggers": [],
    "Execution Time": 108.172
  }
]