{
  "Plan": {
    "Node Type": "Aggregate",
    "Strategy": "Plain",
    "Partial Mode": "Finalize",
    "Parallel Aware": false,
    "Startup Cost": 117965.56,
    "Total Cost": 117965.57,
    "Plan Rows": 1,
    "Plan Width": 8,
    "Actual Startup Time": 511.804,
    "Actual Total Time": 529.083,
    "Actual Rows": 1,
    "Actual Loops": 1,
    "Plans": [
      {
        "Node Type": "Gather",
        "Parent Relationship": "Outer",
        "Parallel Aware": false,
        "Startup Cost": 117965.45,
        "Total Cost": 117965.56,
        "Plan Rows": 1,
        "Plan Width": 8,
        "Actual Startup Time": 511.206,
        "Actual Total Time": 529.076,
        "Actual Rows": 2,
        "Actual Loops": 1,
        "Workers Planned": 1,
        "Workers Launched": 1,
        "Single Copy": false,
        "Plans": [
          {
            "Node Type": "Aggregate",
            "Strategy": "Plain",
            "Partial Mode": "Partial",
            "Parent Relationship": "Outer",
            "Parallel Aware": false,
            "Startup Cost": 116965.45,
            "Total Cost": 116965.46,
            "Plan Rows": 1,
            "Plan Width": 8,
            "Actual Startup Time": 505.481,
            "Actual Total Time": 505.485,
            "Actual Rows": 1,
            "Actual Loops": 2,
            "Plans": [
              {
                "Node Type": "Hash Join",
                "Parent Relationship": "Outer",
                "Parallel Aware": true,
                "Join Type": "Inner",
                "Startup Cost": 58754.33,
                "Total Cost": 116805.17,
                "Plan Rows": 64111,
                "Plan Width": 0,
                "Actual Startup Time": 166.868,
                "Actual Total Time": 495.863,
                "Actual Rows": 248702,
                "Actual Loops": 2,
                "Inner Unique": true,
                "Hash Cond": "(mk.movie_id = t.id)",
                "Plans": [
                  {
                    "Node Type": "Seq Scan",
                    "Parent Relationship": "Outer",
                    "Parallel Aware": true,
                    "Relation Name": "movie_keyword",
                    "Alias": "mk",
                    "Startup Cost": 0.0,
                    "Total Cost": 51065.35,
                    "Plan Rows": 2661135,
                    "Plan Width": 4,
                    "Actual Startup Time": 0.01,
                    "Actual Total Time": 151.441,
                    "Actual Rows": 2261965,
                    "Actual Loops": 2
                  },
                  {
                    "Node Type": "Hash",
                    "Parent Relationship": "Inner",
                    "Parallel Aware": true,
                    "Startup Cost": 58306.47,
                    "Total Cost": 58306.47,
                    "Plan Rows": 35829,
                    "Plan Width": 4,
                    "Actual Startup Time": 164.471,
                    "Actual Total Time": 164.472,
                    "Actual Rows": 79780,
                    "Actual Loops": 2,
                    "Hash Buckets": 262144,
                    "Original Hash Buckets": 65536,
                    "Hash Batches": 1,
                    "Original Hash Batches": 1,
                    "Peak Memory Usage": 9888,
                    "Plans": [
                      {
                        "Node Type": "Seq Scan",
                        "Parent Relationship": "Outer",
                        "Parallel Aware": true,
                        "Relation Name": "title",
                        "Alias": "t",
                        "Startup Cost": 0.0,
                        "Total Cost": 58306.47,
                        "Plan Rows": 35829,
                        "Plan Width": 4,
                        "Actual Startup Time": 3.577,
                        "Actual Total Time": 144.72,
                        "Actual Rows": 79780,
                        "Actual Loops": 2,
                        "Filter": "((kind_id < 7) AND (production_year < 1949))",
                        "Rows Removed by Filter": 1184376
                      }
                    ]
                  }
                ]
              }
            ]
          }
        ]
      }
    ]
  },
  "Planning Time": 0.442,
  "Triggers": [],
  "Execution Time": 529.186
}