{
  "Plan": {
    "Node Type": "Aggregate",
    "Strategy": "Plain",
    "Partial Mode": "Finalize",
    "Parallel Aware": false,
    "Startup Cost": 170033.28,
    "Total Cost": 170033.29,
    "Plan Rows": 1,
    "Plan Width": 8,
    "Actual Startup Time": 330.963,
    "Actual Total Time": 340.578,
    "Actual Rows": 1,
    "Actual Loops": 1,
    "Plans": [
      {
        "Node Type": "Gather",
        "Parent Relationship": "Outer",
        "Parallel Aware": false,
        "Startup Cost": 170033.17,
        "Total Cost": 170033.28,
        "Plan Rows": 1,
        "Plan Width": 8,
        "Actual Startup Time": 328.824,
        "Actual Total Time": 340.572,
        "Actual Rows": 2,
        "Actual Loops": 1,
        "Workers Planned": 1,
        "Workers Launched": 1,
        "Single Copy": false,
        "Plans": [
          {
            "Node Type": "Aggregate",
            "Strategy": "Plain",
            "Partial Mode": "Partial",
            "Parent Relationship": "Outer",
            "Parallel Aware": false,
            "Startup Cost": 169033.17,
            "Total Cost": 169033.18,
            "Plan Rows": 1,
            "Plan Width": 8,
            "Actual Startup Time": 325.505,
            "Actual Total Time": 325.508,
            "Actual Rows": 1,
            "Actual Loops": 2,
            "Plans": [
              {
                "Node Type": "Hash Join",
                "Parent Relationship": "Outer",
                "Parallel Aware": true,
                "Join Type": "Inner",
                "Startup Cost": 62780.47,
                "Total Cost": 169004.47,
                "Plan Rows": 11481,
                "Plan Width": 0,
                "Actual Startup Time": 304.5,
                "Actual Total Time": 324.42,
                "Actual Rows": 25122,
                "Actual Loops": 2,
                "Inner Unique": true,
                "Hash Cond": "(mi.movie_id = t.id)",
                "Plans": [
                  {
                    "Node Type": "Bitmap Heap Scan",
                    "Parent Relationship": "Outer",
                    "Parallel Aware": true,
                    "Relation Name": "movie_info",
                    "Alias": "mi",
                    "Startup Cost": 902.17,
                    "Total Cost": 107049.31,
                    "Plan Rows": 29278,
                    "Plan Width": 4,
                    "Actual Startup Time": 2.716,
                    "Actual Total Time": 13.283,
                    "Actual Rows": 25134,
                    "Actual Loops": 2,
                    "Recheck Cond": "(info_type_id > 107)",
                    "Rows Removed by Index Recheck": 0,
                    "Exact Heap Blocks": 2609,
                    "Lossy Heap Blocks": 0,
                    "Plans": [
                      {
                        "Node Type": "Bitmap Index Scan",
                        "Parent Relationship": "Outer",
                        "Parallel Aware": false,
                        "Index Name": "info_type_id_movie_info",
                        "Startup Cost": 0.0,
                        "Total Cost": 889.72,
                        "Plan Rows": 49772,
                        "Plan Width": 0,
                        "Actual Startup Time": 2.035,
                        "Actual Total Time": 2.035,
                        "Actual Rows": 50267,
                        "Actual Loops": 1,
                        "Index Cond": "(info_type_id > 107)"
                      }
                    ]
                  },
                  {
                    "Node Type": "Hash",
                    "Parent Relationship": "Inner",
                    "Parallel Aware": true,
                    "Startup Cost": 54588.39,
                    "Total Cost": 54588.39,
                    "Plan Rows": 583193,
                    "Plan Width": 4,
                    "Actual Startup Time": 295.442,
                    "Actual Total Time": 295.443,
                    "Actual Rows": 492524,
                    "Actual Loops": 2,
                    "Hash Buckets": 1048576,
                    "Original Hash Buckets": 1048576,
                    "Hash Batches": 1,
                    "Original Hash Batches": 1,
                    "Peak Memory Usage": 46752,
                    "Plans": [
                      {
                        "Node Type": "Seq Scan",
                        "Parent Relationship": "Outer",
                        "Parallel Aware": true,
                        "Relation Name": "title",
                        "Alias": "t",
                        "Startup Cost": 0.0,
                        "Total Cost": 54588.39,
                        "Plan Rows": 583193,
                        "Plan Width": 4,
                        "Actual Startup Time": 0.024,
                        "Actual Total Time": 153.198,
                        "Actual Rows": 492524,
                        "Actual Loops": 2,
                        "Filter": "(kind_id < 7)",
                        "Rows Removed by Filter": 771632
                      }
                    ]
                  }
                ]
              }
            ]
          }
        ]
      }
    ]
  },
  "Planning Time": 0.309,
  "Triggers": [],
  "Execution Time": 340.628
}