[
  {
    "Plan": {
      "Node Type": "Aggregate",
      "Strategy": "Plain",
      "Partial Mode": "Finalize",
      "Parallel Aware": false,
      "Startup Cost": 61339.13,
      "Total Cost": 61339.14,
      "Plan Rows": 1,
      "Plan Width": 8,
      "Actual Startup Time": 109.482,
      "Actual Total Time": 120.41,
      "Actual Rows": 1,
      "Actual Loops": 1,
      "Plans": [
        {
          "Node Type": "Gather",
          "Parent Relationship": "Outer",
          "Parallel Aware": false,
          "Startup Cost": 61338.71,
          "Total Cost": 61339.12,
          "Plan Rows": 4,
          "Plan Width": 8,
          "Actual Startup Time": 109.346,
          "Actual Total Time": 120.403,
          "Actual Rows": 5,
          "Actual Loops": 1,
          "Workers Planned": 4,
          "Workers Launched": 4,
          "Single Copy": false,
          "Plans": [
            {
              "Node Type": "Aggregate",
              "Strategy": "Plain",
              "Partial Mode": "Partial",
              "Parent Relationship": "Outer",
              "Parallel Aware": false,
              "Startup Cost": 60338.71,
              "Total Cost": 60338.72,
              "Plan Rows": 1,
              "Plan Width": 8,
              "Actual Startup Time": 99.262,
              "Actual Total Time": 99.263,
              "Actual Rows": 1,
              "Actual Loops": 5,
              "Plans": [
                {
                  "Node Type": "Nested Loop",
                  "Parent Relationship": "Outer",
                  "Parallel Aware": false,
                  "Join Type": "Inner",
                  "Startup Cost": 0.43,
                  "Total Cost": 60337.4,
                  "Plan Rows": 524,
                  "Plan Width": 0,
                  "Actual Startup Time": 3.114,
                  "Actual Total Time": 99.145,
                  "Actual Rows": 694,
                  "Actual Loops": 5,
                  "Inner Unique": false,
                  "Plans": [
                    {
                      "Node Type": "Seq Scan",
                      "Parent Relationship": "Outer",
                      "Parallel Aware": true,
                      "Relation Name": "title",
                      "Alias": "t",
                      "Startup Cost": 0.0,
                      "Total Cost": 45479.1,
                      "Plan Rows": 1000,
                      "Plan Width": 4,
                      "Actual Startup Time": 2.947,
                      "Actual Total Time": 85.09,
                      "Actual Rows": 735,
                      "Actual Loops": 5,
                      "Filter": "((kind_id < 7) AND (production_year = 1958))",
                      "Rows Removed by Filter": 504927
                    },
                    {
                      "Node Type": "Index Scan",
                      "Parent Relationship": "Inner",
                      "Parallel Aware": false,
                      "Scan Direction": "Forward",
                      "Index Name": "movie_id_movie_companies",
                      "Relation Name": "movie_companies",
                      "Alias": "mc",
                      "Startup Cost": 0.43,
                      "Total Cost": 14.83,
                      "Plan Rows": 3,
                      "Plan Width": 4,
                      "Actual Startup Time": 0.018,
                      "Actual Total Time": 0.018,
                      "Actual Rows": 1,
                      "Actual Loops": 3676,
                      "Index Cond": "(movie_id = t.id)",
                      "Rows Removed by Index Recheck": 0,
                      "Filter": "(company_type_id > 1)",
                      "Rows Removed by Filter": 1
                    }
                  ]
                }
              ]
            }
          ]
        }
      ]
    },
    "Planning Time": 0.653,
    "Triggers": [],
    "Execution Time": 120.48
  }
]