[
  {
    "Plan": {
      "Node Type": "Aggregate",
      "Strategy": "Plain",
      "Partial Mode": "Finalize",
      "Parallel Aware": false,
      "Startup Cost": 29686.31,
      "Total Cost": 29686.32,
      "Plan Rows": 1,
      "Plan Width": 8,
      "Actual Startup Time": 98.603,
      "Actual Total Time": 105.241,
      "Actual Rows": 1,
      "Actual Loops": 1,
      "Plans": [
        {
          "Node Type": "Gather",
          "Parent Relationship": "Outer",
          "Parallel Aware": false,
          "Startup Cost": 29685.99,
          "Total Cost": 29686.3,
          "Plan Rows": 3,
          "Plan Width": 8,
          "Actual Startup Time": 98.347,
          "Actual Total Time": 105.234,
          "Actual Rows": 4,
          "Actual Loops": 1,
          "Workers Planned": 3,
          "Workers Launched": 3,
          "Single Copy": false,
          "Plans": [
            {
              "Node Type": "Aggregate",
              "Strategy": "Plain",
              "Partial Mode": "Partial",
              "Parent Relationship": "Outer",
              "Parallel Aware": false,
              "Startup Cost": 28685.99,
              "Total Cost": 28686.0,
              "Plan Rows": 1,
              "Plan Width": 8,
              "Actual Startup Time": 90.326,
              "Actual Total Time": 90.328,
              "Actual Rows": 1,
              "Actual Loops": 4,
              "Plans": [
                {
                  "Node Type": "Bitmap Heap Scan",
                  "Parent Relationship": "Outer",
                  "Parallel Aware": true,
                  "Relation Name": "movie_companies",
                  "Alias": "mc",
                  "Startup Cost": 7961.3,
                  "Total Cost": 28539.29,
                  "Plan Rows": 58678,
                  "Plan Width": 0,
                  "Actual Startup Time": 31.925,
                  "Actual Total Time": 85.185,
                  "Actual Rows": 70162,
                  "Actual Loops": 4,
                  "Recheck Cond": "(company_id < 189)",
                  "Rows Removed by Index Recheck": 0,
                  "Filter": "(company_type_id < 2)",
                  "Rows Removed by Filter": 20869,
                  "Exact Heap Blocks": 8940,
                  "Lossy Heap Blocks": 0,
                  "Plans": [
                    {
                      "Node Type": "Bitmap Index Scan",
                      "Parent Relationship": "Outer",
                      "Parallel Aware": false,
                      "Index Name": "company_id_movie_companies",
                      "Startup Cost": 0.0,
                      "Total Cost": 7915.82,
                      "Plan Rows": 369519,
                      "Plan Width": 0,
                      "Actual Startup Time": 35.858,
                      "Actual Total Time": 35.858,
                      "Actual Rows": 364123,
                      "Actual Loops": 1,
                      "Index Cond": "(company_id < 189)"
                    }
                  ]
                }
              ]
            }
          ]
        }
      ]
    },
    "Planning Time": 0.174,
    "Triggers": [],
    "Execution Time": 105.301
  }
]