[
  {
    "Plan": {
      "Node Type": "Aggregate",
      "Strategy": "Plain",
      "Partial Mode": "Finalize",
      "Parallel Aware": false,
      "Startup Cost": 238025.45,
      "Total Cost": 238025.46,
      "Plan Rows": 1,
      "Plan Width": 8,
      "Actual Startup Time": 366.523,
      "Actual Total Time": 381.543,
      "Actual Rows": 1,
      "Actual Loops": 1,
      "Plans": [
        {
          "Node Type": "Gather",
          "Parent Relationship": "Outer",
          "Parallel Aware": false,
          "Startup Cost": 238024.93,
          "Total Cost": 238025.44,
          "Plan Rows": 5,
          "Plan Width": 8,
          "Actual Startup Time": 363.366,
          "Actual Total Time": 381.532,
          "Actual Rows": 6,
          "Actual Loops": 1,
          "Workers Planned": 5,
          "Workers Launched": 5,
          "Single Copy": false,
          "Plans": [
            {
              "Node Type": "Aggregate",
              "Strategy": "Plain",
              "Partial Mode": "Partial",
              "Parent Relationship": "Outer",
              "Parallel Aware": false,
              "Startup Cost": 237024.93,
              "Total Cost": 237024.94,
              "Plan Rows": 1,
              "Plan Width": 8,
              "Actual Startup Time": 350.733,
              "Actual Total Time": 350.737,
              "Actual Rows": 1,
              "Actual Loops": 6,
              "Plans": [
                {
                  "Node Type": "Hash Join",
                  "Parent Relationship": "Outer",
                  "Parallel Aware": true,
                  "Join Type": "Inner",
                  "Startup Cost": 70875.06,
                  "Total Cost": 236937.63,
                  "Plan Rows": 34918,
                  "Plan Width": 0,
                  "Actual Startup Time": 266.968,
                  "Actual Total Time": 343.378,
                  "Actual Rows": 138099,
                  "Actual Loops": 6,
                  "Inner Unique": true,
                  "Hash Cond": "(mi.movie_id = t.id)",
                  "Plans": [
                    {
                      "Node Type": "Bitmap Heap Scan",
                      "Parent Relationship": "Outer",
                      "Parallel Aware": true,
                      "Relation Name": "movie_info",
                      "Alias": "mi",
                      "Startup Cost": 24370.61,
                      "Total Cost": 189726.89,
                      "Plan Rows": 269063,
                      "Plan Width": 4,
                      "Actual Startup Time": 63.468,
                      "Actual Total Time": 113.081,
                      "Actual Rows": 233650,
                      "Actual Loops": 6,
                      "Recheck Cond": "(info_type_id = 7)",
                      "Rows Removed by Index Recheck": 0,
                      "Exact Heap Blocks": 1756,
                      "Lossy Heap Blocks": 0,
                      "Plans": [
                        {
                          "Node Type": "Bitmap Index Scan",
                          "Parent Relationship": "Outer",
                          "Parallel Aware": false,
                          "Index Name": "info_type_id_movie_info",
                          "Startup Cost": 0.0,
                          "Total Cost": 24034.28,
                          "Plan Rows": 1345313,
                          "Plan Width": 0,
                          "Actual Startup Time": 61.187,
                          "Actual Total Time": 61.188,
                          "Actual Rows": 1401902,
                          "Actual Loops": 1,
                          "Index Cond": "(info_type_id = 7)"
                        }
                      ]
                    },
                    {
                      "Node Type": "Hash",
                      "Parent Relationship": "Inner",
                      "Parallel Aware": true,
                      "Startup Cost": 45479.1,
                      "Total Cost": 45479.1,
                      "Plan Rows": 82028,
                      "Plan Width": 4,
                      "Actual Startup Time": 164.139,
                      "Actual Total Time": 164.14,
                      "Actual Rows": 68587,
                      "Actual Loops": 6,
                      "Hash Buckets": 524288,
                      "Original Hash Buckets": 524288,
                      "Hash Batches": 1,
                      "Original Hash Batches": 1,
                      "Peak Memory Usage": 20320,
                      "Plans": [
                        {
                          "Node Type": "Seq Scan",
                          "Parent Relationship": "Outer",
                          "Parallel Aware": true,
                          "Relation Name": "title",
                          "Alias": "t",
                          "Startup Cost": 0.0,
                          "Total Cost": 45479.1,
                          "Plan Rows": 82028,
                          "Plan Width": 4,
                          "Actual Startup Time": 56.393,
                          "Actual Total Time": 97.515,
                          "Actual Rows": 68587,
                          "Actual Loops": 6,
                          "Filter": "((production_year < 2004) AND (kind_id = 1))",
                          "Rows Removed by Filter": 352798
                        }
                      ]
                    }
                  ]
                }
              ]
            }
          ]
        }
      ]
    },
    "Planning Time": 0.785,
    "Triggers": [],
    "Execution Time": 381.656
  }
]