[
    {
        "Bao": {
            "Bao prediction": "NaN",
            "Bao recommended hint": "(no hint)"
        }
    },
    {
        "Plan": {
            "Node Type": "Aggregate",
            "Strategy": "Plain",
            "Partial Mode": "Finalize",
            "Parallel Aware": false,
            "Startup Cost": 245469.59,
            "Total Cost": 245469.6,
            "Plan Rows": 1,
            "Plan Width": 8,
            "Actual Startup Time": 418.125,
            "Actual Total Time": 440.789,
            "Actual Rows": 1,
            "Actual Loops": 1,
            "Output": [
                "count(*)"
            ],
            "Plans": [
                {
                    "Node Type": "Gather",
                    "Parent Relationship": "Outer",
                    "Parallel Aware": false,
                    "Startup Cost": 245469.07,
                    "Total Cost": 245469.58,
                    "Plan Rows": 5,
                    "Plan Width": 8,
                    "Actual Startup Time": 416.955,
                    "Actual Total Time": 440.779,
                    "Actual Rows": 6,
                    "Actual Loops": 1,
                    "Output": [
                        "(PARTIAL count(*))"
                    ],
                    "Workers Planned": 5,
                    "Workers Launched": 5,
                    "Single Copy": false,
                    "Plans": [
                        {
                            "Node Type": "Aggregate",
                            "Strategy": "Plain",
                            "Partial Mode": "Partial",
                            "Parent Relationship": "Outer",
                            "Parallel Aware": false,
                            "Startup Cost": 244469.07,
                            "Total Cost": 244469.08,
                            "Plan Rows": 1,
                            "Plan Width": 8,
                            "Actual Startup Time": 407.38,
                            "Actual Total Time": 407.383,
                            "Actual Rows": 1,
                            "Actual Loops": 6,
                            "Output": [
                                "PARTIAL count(*)"
                            ],
                            "Workers": [
                                {
                                    "Worker Number": 0,
                                    "Actual Startup Time": 405.177,
                                    "Actual Total Time": 405.18,
                                    "Actual Rows": 1,
                                    "Actual Loops": 1
                                },
                                {
                                    "Worker Number": 1,
                                    "Actual Startup Time": 405.183,
                                    "Actual Total Time": 405.186,
                                    "Actual Rows": 1,
                                    "Actual Loops": 1
                                },
                                {
                                    "Worker Number": 2,
                                    "Actual Startup Time": 405.774,
                                    "Actual Total Time": 405.776,
                                    "Actual Rows": 1,
                                    "Actual Loops": 1
                                },
                                {
                                    "Worker Number": 3,
                                    "Actual Startup Time": 405.547,
                                    "Actual Total Time": 405.55,
                                    "Actual Rows": 1,
                                    "Actual Loops": 1
                                },
                                {
                                    "Worker Number": 4,
                                    "Actual Startup Time": 406.218,
                                    "Actual Total Time": 406.221,
                                    "Actual Rows": 1,
                                    "Actual Loops": 1
                                }
                            ],
                            "Plans": [
                                {
                                    "Node Type": "Hash Join",
                                    "Parent Relationship": "Outer",
                                    "Parallel Aware": true,
                                    "Join Type": "Inner",
                                    "Startup Cost": 44354.21,
                                    "Total Cost": 244404.87,
                                    "Plan Rows": 25678,
                                    "Plan Width": 0,
                                    "Actual Startup Time": 103.142,
                                    "Actual Total Time": 406.164,
                                    "Actual Rows": 21937,
                                    "Actual Loops": 6,
                                    "Inner Unique": true,
                                    "Hash Cond": "(mi.movie_id = t.id)",
                                    "Workers": [
                                        {
                                            "Worker Number": 0,
                                            "Actual Startup Time": 97.143,
                                            "Actual Total Time": 403.825,
                                            "Actual Rows": 14692,
                                            "Actual Loops": 1
                                        },
                                        {
                                            "Worker Number": 1,
                                            "Actual Startup Time": 106.463,
                                            "Actual Total Time": 404.0,
                                            "Actual Rows": 21617,
                                            "Actual Loops": 1
                                        },
                                        {
                                            "Worker Number": 2,
                                            "Actual Startup Time": 107.073,
                                            "Actual Total Time": 404.596,
                                            "Actual Rows": 21459,
                                            "Actual Loops": 1
                                        },
                                        {
                                            "Worker Number": 3,
                                            "Actual Startup Time": 97.011,
                                            "Actual Total Time": 404.379,
                                            "Actual Rows": 21534,
                                            "Actual Loops": 1
                                        },
                                        {
                                            "Worker Number": 4,
                                            "Actual Startup Time": 102.63,
                                            "Actual Total Time": 405.044,
                                            "Actual Rows": 21405,
                                            "Actual Loops": 1
                                        }
                                    ],
                                    "Plans": [
                                        {
                                            "Node Type": "Seq Scan",
                                            "Parent Relationship": "Outer",
                                            "Parallel Aware": true,
                                            "Relation Name": "movie_info",
                                            "Schema": "public",
                                            "Alias": "mi",
                                            "Startup Cost": 0.0,
                                            "Total Cost": 198880.74,
                                            "Plan Rows": 445687,
                                            "Plan Width": 4,
                                            "Actual Startup Time": 14.474,
                                            "Actual Total Time": 281.571,
                                            "Actual Rows": 372308,
                                            "Actual Loops": 6,
                                            "Output": [
                                                "mi.id",
                                                "mi.movie_id",
                                                "mi.info_type_id",
                                                "mi.info",
                                                "mi.note"
                                            ],
                                            "Filter": "(mi.info_type_id > 16)",
                                            "Rows Removed by Filter": 2100312,
                                            "Workers": [
                                                {
                                                    "Worker Number": 0,
                                                    "Actual Startup Time": 14.514,
                                                    "Actual Total Time": 283.868,
                                                    "Actual Rows": 245182,
                                                    "Actual Loops": 1
                                                },
                                                {
                                                    "Worker Number": 1,
                                                    "Actual Startup Time": 14.524,
                                                    "Actual Total Time": 282.383,
                                                    "Actual Rows": 361502,
                                                    "Actual Loops": 1
                                                },
                                                {
                                                    "Worker Number": 2,
                                                    "Actual Startup Time": 14.369,
                                                    "Actual Total Time": 283.997,
                                                    "Actual Rows": 369901,
                                                    "Actual Loops": 1
                                                },
                                                {
                                                    "Worker Number": 3,
                                                    "Actual Startup Time": 14.527,
                                                    "Actual Total Time": 282.402,
                                                    "Actual Rows": 358697,
                                                    "Actual Loops": 1
                                                },
                                                {
                                                    "Worker Number": 4,
                                                    "Actual Startup Time": 14.383,
                                                    "Actual Total Time": 283.999,
                                                    "Actual Rows": 370261,
                                                    "Actual Loops": 1
                                                }
                                            ]
                                        },
                                        {
                                            "Node Type": "Hash",
                                            "Parent Relationship": "Inner",
                                            "Parallel Aware": true,
                                            "Startup Cost": 43899.01,
                                            "Total Cost": 43899.01,
                                            "Plan Rows": 36416,
                                            "Plan Width": 4,
                                            "Actual Startup Time": 81.566,
                                            "Actual Total Time": 81.567,
                                            "Actual Rows": 24256,
                                            "Actual Loops": 6,
                                            "Output": [
                                                "t.id"
                                            ],
                                            "Hash Buckets": 262144,
                                            "Original Hash Buckets": 262144,
                                            "Hash Batches": 1,
                                            "Original Hash Batches": 1,
                                            "Peak Memory Usage": 7872,
                                            "Workers": [
                                                {
                                                    "Worker Number": 0,
                                                    "Actual Startup Time": 80.149,
                                                    "Actual Total Time": 80.15,
                                                    "Actual Rows": 16571,
                                                    "Actual Loops": 1
                                                },
                                                {
                                                    "Worker Number": 1,
                                                    "Actual Startup Time": 80.307,
                                                    "Actual Total Time": 80.308,
                                                    "Actual Rows": 22944,
                                                    "Actual Loops": 1
                                                },
                                                {
                                                    "Worker Number": 2,
                                                    "Actual Startup Time": 80.924,
                                                    "Actual Total Time": 80.925,
                                                    "Actual Rows": 23984,
                                                    "Actual Loops": 1
                                                },
                                                {
                                                    "Worker Number": 3,
                                                    "Actual Startup Time": 80.673,
                                                    "Actual Total Time": 80.674,
                                                    "Actual Rows": 23007,
                                                    "Actual Loops": 1
                                                },
                                                {
                                                    "Worker Number": 4,
                                                    "Actual Startup Time": 81.293,
                                                    "Actual Total Time": 81.294,
                                                    "Actual Rows": 24151,
                                                    "Actual Loops": 1
                                                }
                                            ],
                                            "Plans": [
                                                {
                                                    "Node Type": "Seq Scan",
                                                    "Parent Relationship": "Outer",
                                                    "Parallel Aware": true,
                                                    "Relation Name": "title",
                                                    "Schema": "public",
                                                    "Alias": "t",
                                                    "Startup Cost": 0.0,
                                                    "Total Cost": 43899.01,
                                                    "Plan Rows": 36416,
                                                    "Plan Width": 4,
                                                    "Actual Startup Time": 14.763,
                                                    "Actual Total Time": 73.198,
                                                    "Actual Rows": 24256,
                                                    "Actual Loops": 6,
                                                    "Output": [
                                                        "t.id"
                                                    ],
                                                    "Filter": "(t.production_year < 1942)",
                                                    "Rows Removed by Filter": 397129,
                                                    "Workers": [
                                                        {
                                                            "Worker Number": 0,
                                                            "Actual Startup Time": 0.196,
                                                            "Actual Total Time": 72.648,
                                                            "Actual Rows": 16571,
                                                            "Actual Loops": 1
                                                        },
                                                        {
                                                            "Worker Number": 1,
                                                            "Actual Startup Time": 37.252,
                                                            "Actual Total Time": 72.058,
                                                            "Actual Rows": 22944,
                                                            "Actual Loops": 1
                                                        },
                                                        {
                                                            "Worker Number": 2,
                                                            "Actual Startup Time": 31.293,
                                                            "Actual Total Time": 72.545,
                                                            "Actual Rows": 23984,
                                                            "Actual Loops": 1
                                                        },
                                                        {
                                                            "Worker Number": 3,
                                                            "Actual Startup Time": 0.22,
                                                            "Actual Total Time": 72.494,
                                                            "Actual Rows": 23007,
                                                            "Actual Loops": 1
                                                        },
                                                        {
                                                            "Worker Number": 4,
                                                            "Actual Startup Time": 12.389,
                                                            "Actual Total Time": 73.302,
                                                            "Actual Rows": 24151,
                                                            "Actual Loops": 1
                                                        }
                                                    ]
                                                }
                                            ]
                                        }
                                    ]
                                }
                            ]
                        }
                    ]
                }
            ]
        },
        "Planning Time": 200.27,
        "Triggers": [],
        "Execution Time": 440.889
    }
]