{
  "Plan": {
    "Node Type": "Aggregate",
    "Strategy": "Plain",
    "Partial Mode": "Finalize",
    "Parallel Aware": false,
    "Startup Cost": 103820.05,
    "Total Cost": 103820.06,
    "Plan Rows": 1,
    "Plan Width": 8,
    "Actual Startup Time": 201.432,
    "Actual Total Time": 226.16,
    "Actual Rows": 1,
    "Actual Loops": 1,
    "Plans": [
      {
        "Node Type": "Gather",
        "Parent Relationship": "Outer",
        "Parallel Aware": false,
        "Startup Cost": 103819.94,
        "Total Cost": 103820.05,
        "Plan Rows": 1,
        "Plan Width": 8,
        "Actual Startup Time": 200.993,
        "Actual Total Time": 226.151,
        "Actual Rows": 2,
        "Actual Loops": 1,
        "Workers Planned": 1,
        "Workers Launched": 1,
        "Single Copy": false,
        "Plans": [
          {
            "Node Type": "Aggregate",
            "Strategy": "Plain",
            "Partial Mode": "Partial",
            "Parent Relationship": "Outer",
            "Parallel Aware": false,
            "Startup Cost": 102819.94,
            "Total Cost": 102819.95,
            "Plan Rows": 1,
            "Plan Width": 8,
            "Actual Startup Time": 194.472,
            "Actual Total Time": 194.476,
            "Actual Rows": 1,
            "Actual Loops": 2,
            "Plans": [
              {
                "Node Type": "Nested Loop",
                "Parent Relationship": "Outer",
                "Parallel Aware": false,
                "Join Type": "Inner",
                "Startup Cost": 47227.31,
                "Total Cost": 102776.37,
                "Plan Rows": 17428,
                "Plan Width": 0,
                "Actual Startup Time": 112.48,
                "Actual Total Time": 193.848,
                "Actual Rows": 10274,
                "Actual Loops": 2,
                "Inner Unique": false,
                "Join Filter": "(t.id = ci.movie_id)",
                "Rows Removed by Join Filter": 0,
                "Plans": [
                  {
                    "Node Type": "Hash Join",
                    "Parent Relationship": "Outer",
                    "Parallel Aware": true,
                    "Join Type": "Inner",
                    "Startup Cost": 47226.75,
                    "Total Cost": 69268.58,
                    "Plan Rows": 3366,
                    "Plan Width": 8,
                    "Actual Startup Time": 112.394,
                    "Actual Total Time": 140.724,
                    "Actual Rows": 962,
                    "Actual Loops": 2,
                    "Inner Unique": true,
                    "Hash Cond": "(mc.movie_id = t.id)",
                    "Plans": [
                      {
                        "Node Type": "Bitmap Heap Scan",
                        "Parent Relationship": "Outer",
                        "Parallel Aware": true,
                        "Relation Name": "movie_companies",
                        "Alias": "mc",
                        "Startup Cost": 7311.01,
                        "Total Cost": 29094.92,
                        "Plan Rows": 98254,
                        "Plan Width": 4,
                        "Actual Startup Time": 15.251,
                        "Actual Total Time": 55.838,
                        "Actual Rows": 132552,
                        "Actual Loops": 2,
                        "Recheck Cond": "(company_id < 166)",
                        "Rows Removed by Index Recheck": 0,
                        "Filter": "(company_type_id = 1)",
                        "Rows Removed by Filter": 34676,
                        "Exact Heap Blocks": 12298,
                        "Lossy Heap Blocks": 0,
                        "Plans": [
                          {
                            "Node Type": "Bitmap Index Scan",
                            "Parent Relationship": "Outer",
                            "Parallel Aware": false,
                            "Index Name": "company_id_movie_companies",
                            "Startup Cost": 0.0,
                            "Total Cost": 7269.26,
                            "Plan Rows": 339310,
                            "Plan Width": 0,
                            "Actual Startup Time": 12.608,
                            "Actual Total Time": 12.609,
                            "Actual Rows": 334457,
                            "Actual Loops": 1,
                            "Index Cond": "(company_id < 166)"
                          }
                        ]
                      },
                      {
                        "Node Type": "Hash",
                        "Parent Relationship": "Inner",
                        "Parallel Aware": true,
                        "Startup Cost": 39278.84,
                        "Total Cost": 39278.84,
                        "Plan Rows": 50952,
                        "Plan Width": 4,
                        "Actual Startup Time": 64.455,
                        "Actual Total Time": 64.456,
                        "Actual Rows": 44544,
                        "Actual Loops": 2,
                        "Hash Buckets": 131072,
                        "Original Hash Buckets": 131072,
                        "Hash Batches": 1,
                        "Original Hash Batches": 1,
                        "Peak Memory Usage": 4544,
                        "Plans": [
                          {
                            "Node Type": "Bitmap Heap Scan",
                            "Parent Relationship": "Outer",
                            "Parallel Aware": true,
                            "Relation Name": "title",
                            "Alias": "t",
                            "Startup Cost": 2202.59,
                            "Total Cost": 39278.84,
                            "Plan Rows": 50952,
                            "Plan Width": 4,
                            "Actual Startup Time": 15.438,
                            "Actual Total Time": 53.325,
                            "Actual Rows": 44544,
                            "Actual Loops": 2,
                            "Recheck Cond": "(kind_id = 4)",
                            "Rows Removed by Index Recheck": 0,
                            "Filter": "(production_year < 2009)",
                            "Rows Removed by Filter": 14572,
                            "Exact Heap Blocks": 9670,
                            "Lossy Heap Blocks": 0,
                            "Plans": [
                              {
                                "Node Type": "Bitmap Index Scan",
                                "Parent Relationship": "Outer",
                                "Parallel Aware": false,
                                "Index Name": "kind_id_title",
                                "Startup Cost": 0.0,
                                "Total Cost": 2180.94,
                                "Plan Rows": 122201,
                                "Plan Width": 0,
                                "Actual Startup Time": 14.686,
                                "Actual Total Time": 14.686,
                                "Actual Rows": 118234,
                                "Actual Loops": 1,
                                "Index Cond": "(kind_id = 4)"
                              }
                            ]
                          }
                        ]
                      }
                    ]
                  },
                  {
                    "Node Type": "Index Scan",
                    "Parent Relationship": "Inner",
                    "Parallel Aware": false,
                    "Scan Direction": "Forward",
                    "Index Name": "movie_id_cast_info",
                    "Relation Name": "cast_info",
                    "Alias": "ci",
                    "Startup Cost": 0.56,
                    "Total Cost": 9.79,
                    "Plan Rows": 13,
                    "Plan Width": 4,
                    "Actual Startup Time": 0.009,
                    "Actual Total Time": 0.054,
                    "Actual Rows": 11,
                    "Actual Loops": 1924,
                    "Index Cond": "(movie_id = mc.movie_id)",
                    "Rows Removed by Index Recheck": 0,
                    "Filter": "(person_id < 1292775)",
                    "Rows Removed by Filter": 16
                  }
                ]
              }
            ]
          }
        ]
      }
    ]
  },
  "Planning Time": 1.046,
  "Triggers": [],
  "Execution Time": 226.288
}