[
  {
    "Plan": {
      "Node Type": "Aggregate",
      "Strategy": "Plain",
      "Partial Mode": "Finalize",
      "Parallel Aware": false,
      "Startup Cost": 252510.84,
      "Total Cost": 252510.85,
      "Plan Rows": 1,
      "Plan Width": 8,
      "Actual Startup Time": 801.421,
      "Actual Total Time": 848.058,
      "Actual Rows": 1,
      "Actual Loops": 1,
      "Plans": [
        {
          "Node Type": "Gather",
          "Parent Relationship": "Outer",
          "Parallel Aware": false,
          "Startup Cost": 252510.32,
          "Total Cost": 252510.83,
          "Plan Rows": 5,
          "Plan Width": 8,
          "Actual Startup Time": 797.928,
          "Actual Total Time": 848.041,
          "Actual Rows": 6,
          "Actual Loops": 1,
          "Workers Planned": 5,
          "Workers Launched": 5,
          "Single Copy": false,
          "Plans": [
            {
              "Node Type": "Aggregate",
              "Strategy": "Plain",
              "Partial Mode": "Partial",
              "Parent Relationship": "Outer",
              "Parallel Aware": false,
              "Startup Cost": 251510.32,
              "Total Cost": 251510.33,
              "Plan Rows": 1,
              "Plan Width": 8,
              "Actual Startup Time": 789.817,
              "Actual Total Time": 789.822,
              "Actual Rows": 1,
              "Actual Loops": 6,
              "Plans": [
                {
                  "Node Type": "Hash Join",
                  "Parent Relationship": "Outer",
                  "Parallel Aware": true,
                  "Join Type": "Inner",
                  "Startup Cost": 46745.45,
                  "Total Cost": 250761.49,
                  "Plan Rows": 299533,
                  "Plan Width": 0,
                  "Actual Startup Time": 155.487,
                  "Actual Total Time": 760.488,
                  "Actual Rows": 646270,
                  "Actual Loops": 6,
                  "Inner Unique": true,
                  "Hash Cond": "(mi.movie_id = t.id)",
                  "Plans": [
                    {
                      "Node Type": "Seq Scan",
                      "Parent Relationship": "Outer",
                      "Parallel Aware": true,
                      "Relation Name": "movie_info",
                      "Alias": "mi",
                      "Startup Cost": 0.0,
                      "Total Cost": 199108.24,
                      "Plan Rows": 1869633,
                      "Plan Width": 4,
                      "Actual Startup Time": 16.907,
                      "Actual Total Time": 350.33,
                      "Actual Rows": 1570867,
                      "Actual Loops": 6,
                      "Filter": "(info_type_id > 5)",
                      "Rows Removed by Filter": 901753
                    },
                    {
                      "Node Type": "Hash",
                      "Parent Relationship": "Inner",
                      "Parallel Aware": true,
                      "Startup Cost": 45479.59,
                      "Total Cost": 45479.59,
                      "Plan Rows": 101269,
                      "Plan Width": 4,
                      "Actual Startup Time": 120.837,
                      "Actual Total Time": 120.838,
                      "Actual Rows": 76024,
                      "Actual Loops": 6,
                      "Hash Buckets": 524288,
                      "Original Hash Buckets": 524288,
                      "Hash Batches": 1,
                      "Original Hash Batches": 1,
                      "Peak Memory Usage": 22016,
                      "Plans": [
                        {
                          "Node Type": "Seq Scan",
                          "Parent Relationship": "Outer",
                          "Parallel Aware": true,
                          "Relation Name": "title",
                          "Alias": "t",
                          "Startup Cost": 0.0,
                          "Total Cost": 45479.59,
                          "Plan Rows": 101269,
                          "Plan Width": 4,
                          "Actual Startup Time": 55.614,
                          "Actual Total Time": 90.197,
                          "Actual Rows": 76024,
                          "Actual Loops": 6,
                          "Filter": "((production_year < 2007) AND (kind_id = 1))",
                          "Rows Removed by Filter": 345361
                        }
                      ]
                    }
                  ]
                }
              ]
            }
          ]
        }
      ]
    },
    "Planning Time": 0.468,
    "Triggers": [],
    "Execution Time": 848.118
  }
]