[
  {
    "Plan": {
      "Node Type": "Aggregate",
      "Strategy": "Plain",
      "Partial Mode": "Finalize",
      "Parallel Aware": false,
      "Startup Cost": 31945.34,
      "Total Cost": 31945.35,
      "Plan Rows": 1,
      "Plan Width": 8,
      "Actual Startup Time": 110.176,
      "Actual Total Time": 118.213,
      "Actual Rows": 1,
      "Actual Loops": 1,
      "Plans": [
        {
          "Node Type": "Gather",
          "Parent Relationship": "Outer",
          "Parallel Aware": false,
          "Startup Cost": 31945.02,
          "Total Cost": 31945.33,
          "Plan Rows": 3,
          "Plan Width": 8,
          "Actual Startup Time": 110.033,
          "Actual Total Time": 118.204,
          "Actual Rows": 4,
          "Actual Loops": 1,
          "Workers Planned": 3,
          "Workers Launched": 3,
          "Single Copy": false,
          "Plans": [
            {
              "Node Type": "Aggregate",
              "Strategy": "Plain",
              "Partial Mode": "Partial",
              "Parent Relationship": "Outer",
              "Parallel Aware": false,
              "Startup Cost": 30945.02,
              "Total Cost": 30945.03,
              "Plan Rows": 1,
              "Plan Width": 8,
              "Actual Startup Time": 104.262,
              "Actual Total Time": 104.264,
              "Actual Rows": 1,
              "Actual Loops": 4,
              "Plans": [
                {
                  "Node Type": "Seq Scan",
                  "Parent Relationship": "Outer",
                  "Parallel Aware": true,
                  "Relation Name": "movie_companies",
                  "Alias": "mc",
                  "Startup Cost": 0.0,
                  "Total Cost": 29310.68,
                  "Plan Rows": 653737,
                  "Plan Width": 0,
                  "Actual Startup Time": 0.334,
                  "Actual Total Time": 80.764,
                  "Actual Rows": 508339,
                  "Actual Loops": 4,
                  "Filter": "(company_id > 624)",
                  "Rows Removed by Filter": 143943
                }
              ]
            }
          ]
        }
      ]
    },
    "Planning Time": 0.19,
    "Triggers": [],
    "Execution Time": 118.267
  }
]