{
  "Plan": {
    "Node Type": "Aggregate",
    "Strategy": "Plain",
    "Partial Mode": "Finalize",
    "Parallel Aware": false,
    "Startup Cost": 102513.84,
    "Total Cost": 102513.85,
    "Plan Rows": 1,
    "Plan Width": 8,
    "Actual Startup Time": 430.515,
    "Actual Total Time": 443.025,
    "Actual Rows": 1,
    "Actual Loops": 1,
    "Plans": [
      {
        "Node Type": "Gather",
        "Parent Relationship": "Outer",
        "Parallel Aware": false,
        "Startup Cost": 102513.72,
        "Total Cost": 102513.83,
        "Plan Rows": 1,
        "Plan Width": 8,
        "Actual Startup Time": 429.542,
        "Actual Total Time": 443.016,
        "Actual Rows": 2,
        "Actual Loops": 1,
        "Workers Planned": 1,
        "Workers Launched": 1,
        "Single Copy": false,
        "Plans": [
          {
            "Node Type": "Aggregate",
            "Strategy": "Plain",
            "Partial Mode": "Partial",
            "Parent Relationship": "Outer",
            "Parallel Aware": false,
            "Startup Cost": 101513.72,
            "Total Cost": 101513.73,
            "Plan Rows": 1,
            "Plan Width": 8,
            "Actual Startup Time": 424.022,
            "Actual Total Time": 424.026,
            "Actual Rows": 1,
            "Actual Loops": 2,
            "Plans": [
              {
                "Node Type": "Hash Join",
                "Parent Relationship": "Outer",
                "Parallel Aware": true,
                "Join Type": "Inner",
                "Startup Cost": 61256.03,
                "Total Cost": 101214.05,
                "Plan Rows": 119871,
                "Plan Width": 0,
                "Actual Startup Time": 210.041,
                "Actual Total Time": 418.764,
                "Actual Rows": 130402,
                "Actual Loops": 2,
                "Inner Unique": true,
                "Hash Cond": "(mc.movie_id = t.id)",
                "Plans": [
                  {
                    "Node Type": "Seq Scan",
                    "Parent Relationship": "Outer",
                    "Parallel Aware": true,
                    "Relation Name": "movie_companies",
                    "Alias": "mc",
                    "Startup Cost": 0.0,
                    "Total Cost": 37974.77,
                    "Plan Rows": 755522,
                    "Plan Width": 4,
                    "Actual Startup Time": 0.013,
                    "Actual Total Time": 112.052,
                    "Actual Rows": 637123,
                    "Actual Loops": 2,
                    "Filter": "(company_type_id = 1)",
                    "Rows Removed by Filter": 667442
                  },
                  {
                    "Node Type": "Hash",
                    "Parent Relationship": "Inner",
                    "Parallel Aware": true,
                    "Startup Cost": 58306.47,
                    "Total Cost": 58306.47,
                    "Plan Rows": 235965,
                    "Plan Width": 4,
                    "Actual Startup Time": 204.106,
                    "Actual Total Time": 204.107,
                    "Actual Rows": 167996,
                    "Actual Loops": 2,
                    "Hash Buckets": 524288,
                    "Original Hash Buckets": 524288,
                    "Hash Batches": 1,
                    "Original Hash Batches": 1,
                    "Peak Memory Usage": 17280,
                    "Plans": [
                      {
                        "Node Type": "Seq Scan",
                        "Parent Relationship": "Outer",
                        "Parallel Aware": true,
                        "Relation Name": "title",
                        "Alias": "t",
                        "Startup Cost": 0.0,
                        "Total Cost": 58306.47,
                        "Plan Rows": 235965,
                        "Plan Width": 4,
                        "Actual Startup Time": 0.059,
                        "Actual Total Time": 153.213,
                        "Actual Rows": 167996,
                        "Actual Loops": 2,
                        "Filter": "((kind_id < 7) AND (production_year > 2005))",
                        "Rows Removed by Filter": 1096160
                      }
                    ]
                  }
                ]
              }
            ]
          }
        ]
      }
    ]
  },
  "Planning Time": 0.65,
  "Triggers": [],
  "Execution Time": 443.094
}