[
  {
    "Plan": {
      "Node Type": "Aggregate",
      "Strategy": "Plain",
      "Partial Mode": "Finalize",
      "Parallel Aware": false,
      "Startup Cost": 335146.36,
      "Total Cost": 335146.37,
      "Plan Rows": 1,
      "Plan Width": 8,
      "Actual Startup Time": 688.46,
      "Actual Total Time": 735.865,
      "Actual Rows": 1,
      "Actual Loops": 1,
      "Plans": [
        {
          "Node Type": "Gather",
          "Parent Relationship": "Outer",
          "Parallel Aware": false,
          "Startup Cost": 335145.73,
          "Total Cost": 335146.34,
          "Plan Rows": 6,
          "Plan Width": 8,
          "Actual Startup Time": 688.24,
          "Actual Total Time": 735.853,
          "Actual Rows": 7,
          "Actual Loops": 1,
          "Workers Planned": 6,
          "Workers Launched": 6,
          "Single Copy": false,
          "Plans": [
            {
              "Node Type": "Aggregate",
              "Strategy": "Plain",
              "Partial Mode": "Partial",
              "Parent Relationship": "Outer",
              "Parallel Aware": false,
              "Startup Cost": 334145.73,
              "Total Cost": 334145.74,
              "Plan Rows": 1,
              "Plan Width": 8,
              "Actual Startup Time": 681.844,
              "Actual Total Time": 681.846,
              "Actual Rows": 1,
              "Actual Loops": 7,
              "Plans": [
                {
                  "Node Type": "Seq Scan",
                  "Parent Relationship": "Outer",
                  "Parallel Aware": true,
                  "Relation Name": "cast_info",
                  "Alias": "ci",
                  "Startup Cost": 0.0,
                  "Total Cost": 328211.39,
                  "Plan Rows": 2373736,
                  "Plan Width": 0,
                  "Actual Startup Time": 251.984,
                  "Actual Total Time": 586.519,
                  "Actual Rows": 1992734,
                  "Actual Loops": 7,
                  "Filter": "(person_id > 2271460)",
                  "Rows Removed by Filter": 3185030
                }
              ]
            }
          ]
        }
      ]
    },
    "Planning Time": 0.093,
    "Triggers": [],
    "Execution Time": 735.92
  }
]