[
    {
        "Bao": {
            "Bao prediction": 893.553,
            "Bao recommended hint": "SET enable_mergejoin TO off; "
        }
    },
    {
        "Plan": {
            "Node Type": "Aggregate",
            "Strategy": "Plain",
            "Partial Mode": "Finalize",
            "Parallel Aware": false,
            "Startup Cost": 116548.4,
            "Total Cost": 116548.41,
            "Plan Rows": 1,
            "Plan Width": 8,
            "Actual Startup Time": 399.085,
            "Actual Total Time": 425.691,
            "Actual Rows": 1,
            "Actual Loops": 1,
            "Output": [
                "count(*)"
            ],
            "Plans": [
                {
                    "Node Type": "Gather",
                    "Parent Relationship": "Outer",
                    "Parallel Aware": false,
                    "Startup Cost": 116548.08,
                    "Total Cost": 116548.39,
                    "Plan Rows": 3,
                    "Plan Width": 8,
                    "Actual Startup Time": 398.825,
                    "Actual Total Time": 425.684,
                    "Actual Rows": 4,
                    "Actual Loops": 1,
                    "Output": [
                        "(PARTIAL count(*))"
                    ],
                    "Workers Planned": 3,
                    "Workers Launched": 3,
                    "Single Copy": false,
                    "Plans": [
                        {
                            "Node Type": "Aggregate",
                            "Strategy": "Plain",
                            "Partial Mode": "Partial",
                            "Parent Relationship": "Outer",
                            "Parallel Aware": false,
                            "Startup Cost": 115548.08,
                            "Total Cost": 115548.09,
                            "Plan Rows": 1,
                            "Plan Width": 8,
                            "Actual Startup Time": 390.334,
                            "Actual Total Time": 390.338,
                            "Actual Rows": 1,
                            "Actual Loops": 4,
                            "Output": [
                                "PARTIAL count(*)"
                            ],
                            "Workers": [
                                {
                                    "Worker Number": 0,
                                    "Actual Startup Time": 387.566,
                                    "Actual Total Time": 387.57,
                                    "Actual Rows": 1,
                                    "Actual Loops": 1
                                },
                                {
                                    "Worker Number": 1,
                                    "Actual Startup Time": 387.777,
                                    "Actual Total Time": 387.78,
                                    "Actual Rows": 1,
                                    "Actual Loops": 1
                                },
                                {
                                    "Worker Number": 2,
                                    "Actual Startup Time": 387.947,
                                    "Actual Total Time": 387.95,
                                    "Actual Rows": 1,
                                    "Actual Loops": 1
                                }
                            ],
                            "Plans": [
                                {
                                    "Node Type": "Nested Loop",
                                    "Parent Relationship": "Outer",
                                    "Parallel Aware": false,
                                    "Join Type": "Inner",
                                    "Startup Cost": 44109.14,
                                    "Total Cost": 115328.74,
                                    "Plan Rows": 87737,
                                    "Plan Width": 0,
                                    "Actual Startup Time": 95.025,
                                    "Actual Total Time": 384.049,
                                    "Actual Rows": 110955,
                                    "Actual Loops": 4,
                                    "Inner Unique": false,
                                    "Join Filter": "(t.id = mi.movie_id)",
                                    "Rows Removed by Join Filter": 0,
                                    "Workers": [
                                        {
                                            "Worker Number": 0,
                                            "Actual Startup Time": 92.498,
                                            "Actual Total Time": 381.318,
                                            "Actual Rows": 72042,
                                            "Actual Loops": 1
                                        },
                                        {
                                            "Worker Number": 1,
                                            "Actual Startup Time": 92.454,
                                            "Actual Total Time": 381.529,
                                            "Actual Rows": 113900,
                                            "Actual Loops": 1
                                        },
                                        {
                                            "Worker Number": 2,
                                            "Actual Startup Time": 92.683,
                                            "Actual Total Time": 381.84,
                                            "Actual Rows": 111408,
                                            "Actual Loops": 1
                                        }
                                    ],
                                    "Plans": [
                                        {
                                            "Node Type": "Hash Join",
                                            "Parent Relationship": "Outer",
                                            "Parallel Aware": true,
                                            "Join Type": "Inner",
                                            "Startup Cost": 44108.71,
                                            "Total Cost": 73524.6,
                                            "Plan Rows": 22338,
                                            "Plan Width": 8,
                                            "Actual Startup Time": 94.976,
                                            "Actual Total Time": 223.529,
                                            "Actual Rows": 13409,
                                            "Actual Loops": 4,
                                            "Output": [
                                                "t.id",
                                                "mc.movie_id"
                                            ],
                                            "Inner Unique": true,
                                            "Hash Cond": "(mc.movie_id = t.id)",
                                            "Workers": [
                                                {
                                                    "Worker Number": 0,
                                                    "Actual Startup Time": 92.428,
                                                    "Actual Total Time": 214.266,
                                                    "Actual Rows": 9094,
                                                    "Actual Loops": 1
                                                },
                                                {
                                                    "Worker Number": 1,
                                                    "Actual Startup Time": 92.397,
                                                    "Actual Total Time": 214.953,
                                                    "Actual Rows": 13306,
                                                    "Actual Loops": 1
                                                },
                                                {
                                                    "Worker Number": 2,
                                                    "Actual Startup Time": 92.637,
                                                    "Actual Total Time": 216.238,
                                                    "Actual Rows": 13151,
                                                    "Actual Loops": 1
                                                }
                                            ],
                                            "Plans": [
                                                {
                                                    "Node Type": "Seq Scan",
                                                    "Parent Relationship": "Outer",
                                                    "Parallel Aware": true,
                                                    "Relation Name": "movie_companies",
                                                    "Schema": "public",
                                                    "Alias": "mc",
                                                    "Startup Cost": 0.0,
                                                    "Total Cost": 27206.55,
                                                    "Plan Rows": 841655,
                                                    "Plan Width": 4,
                                                    "Actual Startup Time": 0.017,
                                                    "Actual Total Time": 54.056,
                                                    "Actual Rows": 652282,
                                                    "Actual Loops": 4,
                                                    "Output": [
                                                        "mc.id",
                                                        "mc.movie_id",
                                                        "mc.company_id",
                                                        "mc.company_type_id",
                                                        "mc.note"
                                                    ],
                                                    "Workers": [
                                                        {
                                                            "Worker Number": 0,
                                                            "Actual Startup Time": 0.023,
                                                            "Actual Total Time": 52.06,
                                                            "Actual Rows": 431175,
                                                            "Actual Loops": 1
                                                        },
                                                        {
                                                            "Worker Number": 1,
                                                            "Actual Startup Time": 0.02,
                                                            "Actual Total Time": 51.335,
                                                            "Actual Rows": 637338,
                                                            "Actual Loops": 1
                                                        },
                                                        {
                                                            "Worker Number": 2,
                                                            "Actual Startup Time": 0.019,
                                                            "Actual Total Time": 51.633,
                                                            "Actual Rows": 643410,
                                                            "Actual Loops": 1
                                                        }
                                                    ]
                                                },
                                                {
                                                    "Node Type": "Hash",
                                                    "Parent Relationship": "Inner",
                                                    "Parallel Aware": true,
                                                    "Startup Cost": 43899.01,
                                                    "Total Cost": 43899.01,
                                                    "Plan Rows": 16776,
                                                    "Plan Width": 4,
                                                    "Actual Startup Time": 93.218,
                                                    "Actual Total Time": 93.219,
                                                    "Actual Rows": 16836,
                                                    "Actual Loops": 4,
                                                    "Output": [
                                                        "t.id"
                                                    ],
                                                    "Hash Buckets": 131072,
                                                    "Original Hash Buckets": 131072,
                                                    "Hash Batches": 1,
                                                    "Original Hash Batches": 1,
                                                    "Peak Memory Usage": 3712,
                                                    "Workers": [
                                                        {
                                                            "Worker Number": 0,
                                                            "Actual Startup Time": 91.667,
                                                            "Actual Total Time": 91.668,
                                                            "Actual Rows": 11835,
                                                            "Actual Loops": 1
                                                        },
                                                        {
                                                            "Worker Number": 1,
                                                            "Actual Startup Time": 91.847,
                                                            "Actual Total Time": 91.848,
                                                            "Actual Rows": 16685,
                                                            "Actual Loops": 1
                                                        },
                                                        {
                                                            "Worker Number": 2,
                                                            "Actual Startup Time": 91.994,
                                                            "Actual Total Time": 91.995,
                                                            "Actual Rows": 16199,
                                                            "Actual Loops": 1
                                                        }
                                                    ],
                                                    "Plans": [
                                                        {
                                                            "Node Type": "Seq Scan",
                                                            "Parent Relationship": "Outer",
                                                            "Parallel Aware": true,
                                                            "Relation Name": "title",
                                                            "Schema": "public",
                                                            "Alias": "t",
                                                            "Startup Cost": 0.0,
                                                            "Total Cost": 43899.01,
                                                            "Plan Rows": 16776,
                                                            "Plan Width": 4,
                                                            "Actual Startup Time": 0.057,
                                                            "Actual Total Time": 85.706,
                                                            "Actual Rows": 16836,
                                                            "Actual Loops": 4,
                                                            "Output": [
                                                                "t.id"
                                                            ],
                                                            "Filter": "(t.production_year > 2012)",
                                                            "Rows Removed by Filter": 615242,
                                                            "Workers": [
                                                                {
                                                                    "Worker Number": 0,
                                                                    "Actual Startup Time": 0.062,
                                                                    "Actual Total Time": 84.558,
                                                                    "Actual Rows": 11835,
                                                                    "Actual Loops": 1
                                                                },
                                                                {
                                                                    "Worker Number": 1,
                                                                    "Actual Startup Time": 0.057,
                                                                    "Actual Total Time": 84.604,
                                                                    "Actual Rows": 16685,
                                                                    "Actual Loops": 1
                                                                },
                                                                {
                                                                    "Worker Number": 2,
                                                                    "Actual Startup Time": 0.043,
                                                                    "Actual Total Time": 83.935,
                                                                    "Actual Rows": 16199,
                                                                    "Actual Loops": 1
                                                                }
                                                            ]
                                                        }
                                                    ]
                                                }
                                            ]
                                        },
                                        {
                                            "Node Type": "Index Scan",
                                            "Parent Relationship": "Inner",
                                            "Parallel Aware": false,
                                            "Scan Direction": "Forward",
                                            "Index Name": "movie_id_movie_info",
                                            "Relation Name": "movie_info",
                                            "Schema": "public",
                                            "Alias": "mi",
                                            "Startup Cost": 0.43,
                                            "Total Cost": 1.55,
                                            "Plan Rows": 26,
                                            "Plan Width": 4,
                                            "Actual Startup Time": 0.006,
                                            "Actual Total Time": 0.011,
                                            "Actual Rows": 8,
                                            "Actual Loops": 53637,
                                            "Output": [
                                                "mi.id",
                                                "mi.movie_id",
                                                "mi.info_type_id",
                                                "mi.info",
                                                "mi.note"
                                            ],
                                            "Index Cond": "(mi.movie_id = mc.movie_id)",
                                            "Rows Removed by Index Recheck": 0,
                                            "Filter": "(mi.info_type_id > 4)",
                                            "Rows Removed by Filter": 3,
                                            "Workers": [
                                                {
                                                    "Worker Number": 0,
                                                    "Actual Startup Time": 0.009,
                                                    "Actual Total Time": 0.017,
                                                    "Actual Rows": 8,
                                                    "Actual Loops": 9094
                                                },
                                                {
                                                    "Worker Number": 1,
                                                    "Actual Startup Time": 0.006,
                                                    "Actual Total Time": 0.011,
                                                    "Actual Rows": 9,
                                                    "Actual Loops": 13306
                                                },
                                                {
                                                    "Worker Number": 2,
                                                    "Actual Startup Time": 0.006,
                                                    "Actual Total Time": 0.012,
                                                    "Actual Rows": 8,
                                                    "Actual Loops": 13151
                                                }
                                            ]
                                        }
                                    ]
                                }
                            ]
                        }
                    ]
                }
            ]
        },
        "Planning Time": 993.046,
        "Triggers": [],
        "Execution Time": 425.822
    }
]