[
  {
    "Plan": {
      "Node Type": "Aggregate",
      "Strategy": "Plain",
      "Partial Mode": "Finalize",
      "Parallel Aware": false,
      "Startup Cost": 39446.44,
      "Total Cost": 39446.45,
      "Plan Rows": 1,
      "Plan Width": 8,
      "Actual Startup Time": 34.971,
      "Actual Total Time": 39.722,
      "Actual Rows": 1,
      "Actual Loops": 1,
      "Plans": [
        {
          "Node Type": "Gather",
          "Parent Relationship": "Outer",
          "Parallel Aware": false,
          "Startup Cost": 39446.12,
          "Total Cost": 39446.43,
          "Plan Rows": 3,
          "Plan Width": 8,
          "Actual Startup Time": 34.847,
          "Actual Total Time": 39.714,
          "Actual Rows": 4,
          "Actual Loops": 1,
          "Workers Planned": 3,
          "Workers Launched": 3,
          "Single Copy": false,
          "Plans": [
            {
              "Node Type": "Aggregate",
              "Strategy": "Plain",
              "Partial Mode": "Partial",
              "Parent Relationship": "Outer",
              "Parallel Aware": false,
              "Startup Cost": 38446.12,
              "Total Cost": 38446.13,
              "Plan Rows": 1,
              "Plan Width": 8,
              "Actual Startup Time": 25.816,
              "Actual Total Time": 25.818,
              "Actual Rows": 1,
              "Actual Loops": 4,
              "Plans": [
                {
                  "Node Type": "Nested Loop",
                  "Parent Relationship": "Outer",
                  "Parallel Aware": false,
                  "Join Type": "Inner",
                  "Startup Cost": 382.78,
                  "Total Cost": 38439.15,
                  "Plan Rows": 2790,
                  "Plan Width": 0,
                  "Actual Startup Time": 1.783,
                  "Actual Total Time": 25.352,
                  "Actual Rows": 2020,
                  "Actual Loops": 4,
                  "Inner Unique": true,
                  "Plans": [
                    {
                      "Node Type": "Bitmap Heap Scan",
                      "Parent Relationship": "Outer",
                      "Parallel Aware": true,
                      "Relation Name": "movie_companies",
                      "Alias": "mc",
                      "Startup Cost": 382.35,
                      "Total Cost": 19686.66,
                      "Plan Rows": 2790,
                      "Plan Width": 4,
                      "Actual Startup Time": 1.601,
                      "Actual Total Time": 3.982,
                      "Actual Rows": 2020,
                      "Actual Loops": 4,
                      "Recheck Cond": "(company_id = 166)",
                      "Rows Removed by Index Recheck": 0,
                      "Filter": "(company_type_id < 2)",
                      "Rows Removed by Filter": 2035,
                      "Exact Heap Blocks": 334,
                      "Lossy Heap Blocks": 0,
                      "Plans": [
                        {
                          "Node Type": "Bitmap Index Scan",
                          "Parent Relationship": "Outer",
                          "Parallel Aware": false,
                          "Index Name": "company_id_movie_companies",
                          "Startup Cost": 0.0,
                          "Total Cost": 380.19,
                          "Plan Rows": 17568,
                          "Plan Width": 0,
                          "Actual Startup Time": 5.771,
                          "Actual Total Time": 5.772,
                          "Actual Rows": 16220,
                          "Actual Loops": 1,
                          "Index Cond": "(company_id = 166)"
                        }
                      ]
                    },
                    {
                      "Node Type": "Index Only Scan",
                      "Parent Relationship": "Inner",
                      "Parallel Aware": false,
                      "Scan Direction": "Forward",
                      "Index Name": "title_pkey",
                      "Relation Name": "title",
                      "Alias": "t",
                      "Startup Cost": 0.43,
                      "Total Cost": 6.72,
                      "Plan Rows": 1,
                      "Plan Width": 4,
                      "Actual Startup Time": 0.01,
                      "Actual Total Time": 0.01,
                      "Actual Rows": 1,
                      "Actual Loops": 8081,
                      "Index Cond": "(id = mc.movie_id)",
                      "Rows Removed by Index Recheck": 0,
                      "Heap Fetches": 8081
                    }
                  ]
                }
              ]
            }
          ]
        }
      ]
    },
    "Planning Time": 0.695,
    "Triggers": [],
    "Execution Time": 39.821
  }
]