{
  "Plan": {
    "Node Type": "Aggregate",
    "Strategy": "Plain",
    "Partial Mode": "Finalize",
    "Parallel Aware": false,
    "Startup Cost": 600501.29,
    "Total Cost": 600501.3,
    "Plan Rows": 1,
    "Plan Width": 8,
    "Actual Startup Time": 2317.32,
    "Actual Total Time": 2384.416,
    "Actual Rows": 1,
    "Actual Loops": 1,
    "Plans": [
      {
        "Node Type": "Gather",
        "Parent Relationship": "Outer",
        "Parallel Aware": false,
        "Startup Cost": 600501.17,
        "Total Cost": 600501.28,
        "Plan Rows": 1,
        "Plan Width": 8,
        "Actual Startup Time": 2317.108,
        "Actual Total Time": 2384.405,
        "Actual Rows": 2,
        "Actual Loops": 1,
        "Workers Planned": 1,
        "Workers Launched": 1,
        "Single Copy": false,
        "Plans": [
          {
            "Node Type": "Aggregate",
            "Strategy": "Plain",
            "Partial Mode": "Partial",
            "Parent Relationship": "Outer",
            "Parallel Aware": false,
            "Startup Cost": 599501.17,
            "Total Cost": 599501.18,
            "Plan Rows": 1,
            "Plan Width": 8,
            "Actual Startup Time": 2313.255,
            "Actual Total Time": 2313.258,
            "Actual Rows": 1,
            "Actual Loops": 2,
            "Plans": [
              {
                "Node Type": "Hash Join",
                "Parent Relationship": "Outer",
                "Parallel Aware": true,
                "Join Type": "Inner",
                "Startup Cost": 54799.08,
                "Total Cost": 599227.46,
                "Plan Rows": 109486,
                "Plan Width": 0,
                "Actual Startup Time": 134.554,
                "Actual Total Time": 2307.468,
                "Actual Rows": 111579,
                "Actual Loops": 2,
                "Inner Unique": true,
                "Hash Cond": "(ci.movie_id = t.id)",
                "Plans": [
                  {
                    "Node Type": "Seq Scan",
                    "Parent Relationship": "Outer",
                    "Parallel Aware": true,
                    "Relation Name": "cast_info",
                    "Alias": "ci",
                    "Startup Cost": 0.0,
                    "Total Cost": 519069.44,
                    "Plan Rows": 9660532,
                    "Plan Width": 4,
                    "Actual Startup Time": 0.014,
                    "Actual Total Time": 1379.534,
                    "Actual Rows": 8214302,
                    "Actual Loops": 2,
                    "Filter": "(person_id < 1626683)",
                    "Rows Removed by Filter": 9907870
                  },
                  {
                    "Node Type": "Hash",
                    "Parent Relationship": "Inner",
                    "Parallel Aware": true,
                    "Startup Cost": 54588.39,
                    "Total Cost": 54588.39,
                    "Plan Rows": 16855,
                    "Plan Width": 4,
                    "Actual Startup Time": 133.425,
                    "Actual Total Time": 133.426,
                    "Actual Rows": 15014,
                    "Actual Loops": 2,
                    "Hash Buckets": 32768,
                    "Original Hash Buckets": 32768,
                    "Hash Batches": 1,
                    "Original Hash Batches": 1,
                    "Peak Memory Usage": 1472,
                    "Plans": [
                      {
                        "Node Type": "Seq Scan",
                        "Parent Relationship": "Outer",
                        "Parallel Aware": true,
                        "Relation Name": "title",
                        "Alias": "t",
                        "Startup Cost": 0.0,
                        "Total Cost": 54588.39,
                        "Plan Rows": 16855,
                        "Plan Width": 4,
                        "Actual Startup Time": 0.059,
                        "Actual Total Time": 128.837,
                        "Actual Rows": 15014,
                        "Actual Loops": 2,
                        "Filter": "(production_year = 1994)",
                        "Rows Removed by Filter": 1249142
                      }
                    ]
                  }
                ]
              }
            ]
          }
        ]
      }
    ]
  },
  "Planning Time": 0.481,
  "Triggers": [],
  "Execution Time": 2384.496
}