{
  "Plan": {
    "Node Type": "Aggregate",
    "Strategy": "Plain",
    "Partial Mode": "Finalize",
    "Parallel Aware": false,
    "Startup Cost": 79748.26,
    "Total Cost": 79748.27,
    "Plan Rows": 1,
    "Plan Width": 8,
    "Actual Startup Time": 285.369,
    "Actual Total Time": 298.591,
    "Actual Rows": 1,
    "Actual Loops": 1,
    "Plans": [
      {
        "Node Type": "Gather",
        "Parent Relationship": "Outer",
        "Parallel Aware": false,
        "Startup Cost": 79748.15,
        "Total Cost": 79748.26,
        "Plan Rows": 1,
        "Plan Width": 8,
        "Actual Startup Time": 284.775,
        "Actual Total Time": 298.584,
        "Actual Rows": 2,
        "Actual Loops": 1,
        "Workers Planned": 1,
        "Workers Launched": 1,
        "Single Copy": false,
        "Plans": [
          {
            "Node Type": "Aggregate",
            "Strategy": "Plain",
            "Partial Mode": "Partial",
            "Parent Relationship": "Outer",
            "Parallel Aware": false,
            "Startup Cost": 78748.15,
            "Total Cost": 78748.16,
            "Plan Rows": 1,
            "Plan Width": 8,
            "Actual Startup Time": 279.08,
            "Actual Total Time": 279.083,
            "Actual Rows": 1,
            "Actual Loops": 2,
            "Plans": [
              {
                "Node Type": "Hash Join",
                "Parent Relationship": "Outer",
                "Parallel Aware": true,
                "Join Type": "Inner",
                "Startup Cost": 60342.13,
                "Total Cost": 78525.92,
                "Plan Rows": 88891,
                "Plan Width": 0,
                "Actual Startup Time": 168.761,
                "Actual Total Time": 277.855,
                "Actual Rows": 30880,
                "Actual Loops": 2,
                "Inner Unique": true,
                "Hash Cond": "(mi_idx.movie_id = t.id)",
                "Plans": [
                  {
                    "Node Type": "Seq Scan",
                    "Parent Relationship": "Outer",
                    "Parallel Aware": true,
                    "Relation Name": "movie_info_idx",
                    "Alias": "mi_idx",
                    "Startup Cost": 0.0,
                    "Total Cost": 16052.85,
                    "Plan Rows": 811785,
                    "Plan Width": 4,
                    "Actual Startup Time": 0.019,
                    "Actual Total Time": 47.158,
                    "Actual Rows": 690018,
                    "Actual Loops": 2
                  },
                  {
                    "Node Type": "Hash",
                    "Parent Relationship": "Inner",
                    "Parallel Aware": true,
                    "Startup Cost": 58306.47,
                    "Total Cost": 58306.47,
                    "Plan Rows": 162853,
                    "Plan Width": 4,
                    "Actual Startup Time": 162.618,
                    "Actual Total Time": 162.618,
                    "Actual Rows": 88670,
                    "Actual Loops": 2,
                    "Hash Buckets": 524288,
                    "Original Hash Buckets": 524288,
                    "Hash Batches": 1,
                    "Original Hash Batches": 1,
                    "Peak Memory Usage": 11072,
                    "Plans": [
                      {
                        "Node Type": "Seq Scan",
                        "Parent Relationship": "Outer",
                        "Parallel Aware": true,
                        "Relation Name": "title",
                        "Alias": "t",
                        "Startup Cost": 0.0,
                        "Total Cost": 58306.47,
                        "Plan Rows": 162853,
                        "Plan Width": 4,
                        "Actual Startup Time": 0.029,
                        "Actual Total Time": 138.959,
                        "Actual Rows": 88670,
                        "Actual Loops": 2,
                        "Filter": "((production_year < 1977) AND (kind_id = 7))",
                        "Rows Removed by Filter": 1175486
                      }
                    ]
                  }
                ]
              }
            ]
          }
        ]
      }
    ]
  },
  "Planning Time": 0.412,
  "Triggers": [],
  "Execution Time": 298.657
}