[
  {
    "Plan": {
      "Node Type": "Aggregate",
      "Strategy": "Plain",
      "Partial Mode": "Finalize",
      "Parallel Aware": false,
      "Startup Cost": 168777.18,
      "Total Cost": 168777.19,
      "Plan Rows": 1,
      "Plan Width": 8,
      "Actual Startup Time": 824.464,
      "Actual Total Time": 857.947,
      "Actual Rows": 1,
      "Actual Loops": 1,
      "Plans": [
        {
          "Node Type": "Gather",
          "Parent Relationship": "Outer",
          "Parallel Aware": false,
          "Startup Cost": 168776.86,
          "Total Cost": 168777.17,
          "Plan Rows": 3,
          "Plan Width": 8,
          "Actual Startup Time": 823.984,
          "Actual Total Time": 857.938,
          "Actual Rows": 4,
          "Actual Loops": 1,
          "Workers Planned": 3,
          "Workers Launched": 3,
          "Single Copy": false,
          "Plans": [
            {
              "Node Type": "Aggregate",
              "Strategy": "Plain",
              "Partial Mode": "Partial",
              "Parent Relationship": "Outer",
              "Parallel Aware": false,
              "Startup Cost": 167776.86,
              "Total Cost": 167776.87,
              "Plan Rows": 1,
              "Plan Width": 8,
              "Actual Startup Time": 818.019,
              "Actual Total Time": 818.023,
              "Actual Rows": 1,
              "Actual Loops": 4,
              "Plans": [
                {
                  "Node Type": "Nested Loop",
                  "Parent Relationship": "Outer",
                  "Parallel Aware": false,
                  "Join Type": "Inner",
                  "Startup Cost": 44237.14,
                  "Total Cost": 167528.87,
                  "Plan Rows": 99199,
                  "Plan Width": 0,
                  "Actual Startup Time": 104.063,
                  "Actual Total Time": 799.457,
                  "Actual Rows": 335478,
                  "Actual Loops": 4,
                  "Inner Unique": false,
                  "Join Filter": "(t.id = mi.movie_id)",
                  "Rows Removed by Join Filter": 0,
                  "Plans": [
                    {
                      "Node Type": "Hash Join",
                      "Parent Relationship": "Outer",
                      "Parallel Aware": true,
                      "Join Type": "Inner",
                      "Startup Cost": 44236.71,
                      "Total Cost": 89739.86,
                      "Plan Rows": 45669,
                      "Plan Width": 8,
                      "Actual Startup Time": 103.944,
                      "Actual Total Time": 296.115,
                      "Actual Rows": 33434,
                      "Actual Loops": 4,
                      "Inner Unique": true,
                      "Hash Cond": "(mk.movie_id = t.id)",
                      "Plans": [
                        {
                          "Node Type": "Seq Scan",
                          "Parent Relationship": "Outer",
                          "Parallel Aware": true,
                          "Relation Name": "movie_keyword",
                          "Alias": "mk",
                          "Startup Cost": 0.0,
                          "Total Cost": 42695.65,
                          "Plan Rows": 1069522,
                          "Plan Width": 4,
                          "Actual Startup Time": 0.027,
                          "Actual Total Time": 116.249,
                          "Actual Rows": 828121,
                          "Actual Loops": 4,
                          "Filter": "(keyword_id < 15099)",
                          "Rows Removed by Filter": 302861
                        },
                        {
                          "Node Type": "Hash",
                          "Parent Relationship": "Inner",
                          "Parallel Aware": true,
                          "Startup Cost": 43899.32,
                          "Total Cost": 43899.32,
                          "Plan Rows": 26991,
                          "Plan Width": 4,
                          "Actual Startup Time": 102.594,
                          "Actual Total Time": 102.595,
                          "Actual Rows": 27107,
                          "Actual Loops": 4,
                          "Hash Buckets": 131072,
                          "Original Hash Buckets": 131072,
                          "Hash Batches": 1,
                          "Original Hash Batches": 1,
                          "Peak Memory Usage": 5312,
                          "Plans": [
                            {
                              "Node Type": "Seq Scan",
                              "Parent Relationship": "Outer",
                              "Parallel Aware": true,
                              "Relation Name": "title",
                              "Alias": "t",
                              "Startup Cost": 0.0,
                              "Total Cost": 43899.32,
                              "Plan Rows": 26991,
                              "Plan Width": 4,
                              "Actual Startup Time": 0.023,
                              "Actual Total Time": 92.698,
                              "Actual Rows": 27107,
                              "Actual Loops": 4,
                              "Filter": "(production_year = 2006)",
                              "Rows Removed by Filter": 604971
                            }
                          ]
                        }
                      ]
                    },
                    {
                      "Node Type": "Index Scan",
                      "Parent Relationship": "Inner",
                      "Parallel Aware": false,
                      "Scan Direction": "Forward",
                      "Index Name": "movie_id_movie_info",
                      "Relation Name": "movie_info",
                      "Alias": "mi",
                      "Startup Cost": 0.43,
                      "Total Cost": 1.52,
                      "Plan Rows": 15,
                      "Plan Width": 4,
                      "Actual Startup Time": 0.003,
                      "Actual Total Time": 0.014,
                      "Actual Rows": 10,
                      "Actual Loops": 133737,
                      "Index Cond": "(movie_id = mk.movie_id)",
                      "Rows Removed by Index Recheck": 0,
                      "Filter": "(info_type_id < 6)",
                      "Rows Removed by Filter": 47
                    }
                  ]
                }
              ]
            }
          ]
        }
      ]
    },
    "Planning Time": 1.218,
    "Triggers": [],
    "Execution Time": 858.059
  }
]