{
    "Plan": {
        "Node Type": "Aggregate",
        "Strategy": "Plain",
        "Partial Mode": "Simple",
        "Parallel Aware": false,
        "Startup Cost": 40011816722.41,
        "Total Cost": 40011816722.42,
        "Plan Rows": 1,
        "Plan Width": 64,
        "Actual Startup Time": 14012.462,
        "Actual Total Time": 14012.469,
        "Actual Rows": 1,
        "Actual Loops": 1,
        "Output": [
            "min(chn.name)",
            "min(t.title)"
        ],
        "Plans": [
            {
                "Node Type": "Nested Loop",
                "Parent Relationship": "Outer",
                "Parallel Aware": false,
                "Join Type": "Inner",
                "Startup Cost": 40011816700.41,
                "Total Cost": 40011816722.4,
                "Plan Rows": 3,
                "Plan Width": 33,
                "Actual Startup Time": 14012.428,
                "Actual Total Time": 14012.459,
                "Actual Rows": 4,
                "Actual Loops": 1,
                "Output": [
                    "chn.name",
                    "t.title"
                ],
                "Inner Unique": true,
                "Plans": [
                    {
                        "Node Type": "Hash Join",
                        "Parent Relationship": "Outer",
                        "Parallel Aware": false,
                        "Join Type": "Inner",
                        "Startup Cost": 30011816696.05,
                        "Total Cost": 30011816697.28,
                        "Plan Rows": 3,
                        "Plan Width": 21,
                        "Actual Startup Time": 14012.406,
                        "Actual Total Time": 14012.415,
                        "Actual Rows": 4,
                        "Actual Loops": 1,
                        "Output": [
                            "ci.person_role_id",
                            "t.title"
                        ],
                        "Inner Unique": false,
                        "Hash Cond": "(rt.id = ci.role_id)",
                        "Plans": [
                            {
                                "Node Type": "Seq Scan",
                                "Parent Relationship": "Outer",
                                "Parallel Aware": false,
                                "Relation Name": "role_type",
                                "Schema": "public",
                                "Alias": "rt",
                                "Startup Cost": 10000000000.0,
                                "Total Cost": 10000000001.12,
                                "Plan Rows": 12,
                                "Plan Width": 4,
                                "Actual Startup Time": 0.033,
                                "Actual Total Time": 0.034,
                                "Actual Rows": 12,
                                "Actual Loops": 1,
                                "Output": [
                                    "rt.id",
                                    "rt.role"
                                ]
                            },
                            {
                                "Node Type": "Hash",
                                "Parent Relationship": "Inner",
                                "Parallel Aware": false,
                                "Startup Cost": 20011816696.01,
                                "Total Cost": 20011816696.01,
                                "Plan Rows": 3,
                                "Plan Width": 25,
                                "Actual Startup Time": 14012.359,
                                "Actual Total Time": 14012.364,
                                "Actual Rows": 4,
                                "Actual Loops": 1,
                                "Output": [
                                    "ci.person_role_id",
                                    "ci.role_id",
                                    "t.title"
                                ],
                                "Hash Buckets": 1024,
                                "Original Hash Buckets": 1024,
                                "Hash Batches": 1,
                                "Original Hash Batches": 1,
                                "Peak Memory Usage": 9,
                                "Plans": [
                                    {
                                        "Node Type": "Merge Join",
                                        "Parent Relationship": "Outer",
                                        "Parallel Aware": false,
                                        "Join Type": "Inner",
                                        "Startup Cost": 20011816683.9,
                                        "Total Cost": 20011816696.01,
                                        "Plan Rows": 3,
                                        "Plan Width": 25,
                                        "Actual Startup Time": 14012.352,
                                        "Actual Total Time": 14012.359,
                                        "Actual Rows": 4,
                                        "Actual Loops": 1,
                                        "Output": [
                                            "ci.person_role_id",
                                            "ci.role_id",
                                            "t.title"
                                        ],
                                        "Inner Unique": true,
                                        "Merge Cond": "(mc.company_type_id = ct.id)",
                                        "Plans": [
                                            {
                                                "Node Type": "Sort",
                                                "Parent Relationship": "Outer",
                                                "Parallel Aware": false,
                                                "Startup Cost": 20011816683.77,
                                                "Total Cost": 20011816683.78,
                                                "Plan Rows": 3,
                                                "Plan Width": 29,
                                                "Actual Startup Time": 14012.339,
                                                "Actual Total Time": 14012.344,
                                                "Actual Rows": 4,
                                                "Actual Loops": 1,
                                                "Output": [
                                                    "ci.person_role_id",
                                                    "ci.role_id",
                                                    "mc.company_type_id",
                                                    "t.title"
                                                ],
                                                "Sort Key": [
                                                    "mc.company_type_id"
                                                ],
                                                "Sort Method": "quicksort",
                                                "Sort Space Used": 25,
                                                "Sort Space Type": "Memory",
                                                "Plans": [
                                                    {
                                                        "Node Type": "Nested Loop",
                                                        "Parent Relationship": "Outer",
                                                        "Parallel Aware": false,
                                                        "Join Type": "Inner",
                                                        "Startup Cost": 20011745507.43,
                                                        "Total Cost": 20011816683.74,
                                                        "Plan Rows": 3,
                                                        "Plan Width": 29,
                                                        "Actual Startup Time": 13100.704,
                                                        "Actual Total Time": 14012.319,
                                                        "Actual Rows": 4,
                                                        "Actual Loops": 1,
                                                        "Output": [
                                                            "ci.person_role_id",
                                                            "ci.role_id",
                                                            "mc.company_type_id",
                                                            "t.title"
                                                        ],
                                                        "Inner Unique": false,
                                                        "Join Filter": "(t.id = ci.movie_id)",
                                                        "Rows Removed by Join Filter": 0,
                                                        "Plans": [
                                                            {
                                                                "Node Type": "Hash Join",
                                                                "Parent Relationship": "Outer",
                                                                "Parallel Aware": false,
                                                                "Join Type": "Inner",
                                                                "Startup Cost": 10011745506.38,
                                                                "Total Cost": 10011787486.45,
                                                                "Plan Rows": 5184,
                                                                "Plan Width": 29,
                                                                "Actual Startup Time": 12979.945,
                                                                "Actual Total Time": 13007.071,
                                                                "Actual Rows": 12332,
                                                                "Actual Loops": 1,
                                                                "Output": [
                                                                    "mc.movie_id",
                                                                    "mc.company_type_id",
                                                                    "t.title",
                                                                    "t.id"
                                                                ],
                                                                "Inner Unique": false,
                                                                "Hash Cond": "(cn.id = mc.company_id)",
                                                                "Plans": [
                                                                    {
                                                                        "Node Type": "Seq Scan",
                                                                        "Parent Relationship": "Outer",
                                                                        "Parallel Aware": false,
                                                                        "Relation Name": "company_name",
                                                                        "Schema": "public",
                                                                        "Alias": "cn",
                                                                        "Startup Cost": 0.0,
                                                                        "Total Cost": 5932.46,
                                                                        "Plan Rows": 2217,
                                                                        "Plan Width": 4,
                                                                        "Actual Startup Time": 0.038,
                                                                        "Actual Total Time": 21.08,
                                                                        "Actual Rows": 2340,
                                                                        "Actual Loops": 1,
                                                                        "Output": [
                                                                            "cn.id",
                                                                            "cn.name",
                                                                            "cn.country_code",
                                                                            "cn.imdb_id",
                                                                            "cn.name_pcode_nf",
                                                                            "cn.name_pcode_sf",
                                                                            "cn.md5sum"
                                                                        ],
                                                                        "Filter": "((cn.country_code)::text = '[nl]'::text)",
                                                                        "Rows Removed by Filter": 232657
                                                                    },
                                                                    {
                                                                        "Node Type": "Hash",
                                                                        "Parent Relationship": "Inner",
                                                                        "Parallel Aware": false,
                                                                        "Startup Cost": 10011738637.5,
                                                                        "Total Cost": 10011738637.5,
                                                                        "Plan Rows": 549510,
                                                                        "Plan Width": 33,
                                                                        "Actual Startup Time": 12977.81,
                                                                        "Actual Total Time": 12977.813,
                                                                        "Actual Rows": 409251,
                                                                        "Actual Loops": 1,
                                                                        "Output": [
                                                                            "mc.movie_id",
                                                                            "mc.company_id",
                                                                            "mc.company_type_id",
                                                                            "t.title",
                                                                            "t.id"
                                                                        ],
                                                                        "Hash Buckets": 1048576,
                                                                        "Original Hash Buckets": 1048576,
                                                                        "Hash Batches": 1,
                                                                        "Original Hash Batches": 1,
                                                                        "Peak Memory Usage": 35842,
                                                                        "Plans": [
                                                                            {
                                                                                "Node Type": "Nested Loop",
                                                                                "Parent Relationship": "Outer",
                                                                                "Parallel Aware": false,
                                                                                "Join Type": "Inner",
                                                                                "Startup Cost": 10000000000.88,
                                                                                "Total Cost": 10011738637.5,
                                                                                "Plan Rows": 549510,
                                                                                "Plan Width": 33,
                                                                                "Actual Startup Time": 0.14,
                                                                                "Actual Total Time": 12793.855,
                                                                                "Actual Rows": 409251,
                                                                                "Actual Loops": 1,
                                                                                "Output": [
                                                                                    "mc.movie_id",
                                                                                    "mc.company_id",
                                                                                    "mc.company_type_id",
                                                                                    "t.title",
                                                                                    "t.id"
                                                                                ],
                                                                                "Inner Unique": true,
                                                                                "Plans": [
                                                                                    {
                                                                                        "Node Type": "Index Scan",
                                                                                        "Parent Relationship": "Outer",
                                                                                        "Parallel Aware": false,
                                                                                        "Scan Direction": "Forward",
                                                                                        "Index Name": "company_type_id_movie_companies",
                                                                                        "Relation Name": "movie_companies",
                                                                                        "Schema": "public",
                                                                                        "Alias": "mc",
                                                                                        "Startup Cost": 0.43,
                                                                                        "Total Cost": 84830.36,
                                                                                        "Plan Rows": 2609129,
                                                                                        "Plan Width": 12,
                                                                                        "Actual Startup Time": 0.041,
                                                                                        "Actual Total Time": 694.845,
                                                                                        "Actual Rows": 2609129,
                                                                                        "Actual Loops": 1,
                                                                                        "Output": [
                                                                                            "mc.id",
                                                                                            "mc.movie_id",
                                                                                            "mc.company_id",
                                                                                            "mc.company_type_id",
                                                                                            "mc.note"
                                                                                        ]
                                                                                    },
                                                                                    {
                                                                                        "Node Type": "Bitmap Heap Scan",
                                                                                        "Parent Relationship": "Inner",
                                                                                        "Parallel Aware": false,
                                                                                        "Relation Name": "title",
                                                                                        "Schema": "public",
                                                                                        "Alias": "t",
                                                                                        "Startup Cost": 0.45,
                                                                                        "Total Cost": 4.47,
                                                                                        "Plan Rows": 1,
                                                                                        "Plan Width": 21,
                                                                                        "Actual Startup Time": 0.003,
                                                                                        "Actual Total Time": 0.003,
                                                                                        "Actual Rows": 0,
                                                                                        "Actual Loops": 2609129,
                                                                                        "Output": [
                                                                                            "t.id",
                                                                                            "t.title",
                                                                                            "t.imdb_index",
                                                                                            "t.kind_id",
                                                                                            "t.production_year",
                                                                                            "t.imdb_id",
                                                                                            "t.phonetic_code",
                                                                                            "t.episode_of_id",
                                                                                            "t.season_nr",
                                                                                            "t.episode_nr",
                                                                                            "t.series_years",
                                                                                            "t.md5sum"
                                                                                        ],
                                                                                        "Recheck Cond": "(t.id = mc.movie_id)",
                                                                                        "Rows Removed by Index Recheck": 0,
                                                                                        "Filter": "(t.production_year > 2009)",
                                                                                        "Rows Removed by Filter": 1,
                                                                                        "Exact Heap Blocks": 2609129,
                                                                                        "Lossy Heap Blocks": 0,
                                                                                        "Plans": [
                                                                                            {
                                                                                                "Node Type": "Bitmap Index Scan",
                                                                                                "Parent Relationship": "Outer",
                                                                                                "Parallel Aware": false,
                                                                                                "Index Name": "title_pkey",
                                                                                                "Startup Cost": 0.0,
                                                                                                "Total Cost": 0.45,
                                                                                                "Plan Rows": 1,
                                                                                                "Plan Width": 0,
                                                                                                "Actual Startup Time": 0.002,
                                                                                                "Actual Total Time": 0.002,
                                                                                                "Actual Rows": 1,
                                                                                                "Actual Loops": 2609129,
                                                                                                "Index Cond": "(t.id = mc.movie_id)"
                                                                                            }
                                                                                        ]
                                                                                    }
                                                                                ]
                                                                            }
                                                                        ]
                                                                    }
                                                                ]
                                                            },
                                                            {
                                                                "Node Type": "Bitmap Heap Scan",
                                                                "Parent Relationship": "Inner",
                                                                "Parallel Aware": false,
                                                                "Relation Name": "cast_info",
                                                                "Schema": "public",
                                                                "Alias": "ci",
                                                                "Startup Cost": 1.05,
                                                                "Total Cost": 5.62,
                                                                "Plan Rows": 1,
                                                                "Plan Width": 12,
                                                                "Actual Startup Time": 0.079,
                                                                "Actual Total Time": 0.079,
                                                                "Actual Rows": 0,
                                                                "Actual Loops": 12332,
                                                                "Output": [
                                                                    "ci.id",
                                                                    "ci.person_id",
                                                                    "ci.movie_id",
                                                                    "ci.person_role_id",
                                                                    "ci.note",
                                                                    "ci.nr_order",
                                                                    "ci.role_id"
                                                                ],
                                                                "Recheck Cond": "(ci.movie_id = mc.movie_id)",
                                                                "Rows Removed by Index Recheck": 0,
                                                                "Filter": "(ci.note ~~ '%Marcy%'::text)",
                                                                "Rows Removed by Filter": 65,
                                                                "Exact Heap Blocks": 779638,
                                                                "Lossy Heap Blocks": 0,
                                                                "Plans": [
                                                                    {
                                                                        "Node Type": "Bitmap Index Scan",
                                                                        "Parent Relationship": "Outer",
                                                                        "Parallel Aware": false,
                                                                        "Index Name": "movie_id_cast_info",
                                                                        "Startup Cost": 0.0,
                                                                        "Total Cost": 1.05,
                                                                        "Plan Rows": 38,
                                                                        "Plan Width": 0,
                                                                        "Actual Startup Time": 0.011,
                                                                        "Actual Total Time": 0.011,
                                                                        "Actual Rows": 65,
                                                                        "Actual Loops": 12332,
                                                                        "Index Cond": "(ci.movie_id = mc.movie_id)"
                                                                    }
                                                                ]
                                                            }
                                                        ]
                                                    }
                                                ]
                                            },
                                            {
                                                "Node Type": "Index Scan",
                                                "Parent Relationship": "Inner",
                                                "Parallel Aware": false,
                                                "Scan Direction": "Forward",
                                                "Index Name": "company_type_pkey",
                                                "Relation Name": "company_type",
                                                "Schema": "public",
                                                "Alias": "ct",
                                                "Startup Cost": 0.13,
                                                "Total Cost": 12.19,
                                                "Plan Rows": 4,
                                                "Plan Width": 4,
                                                "Actual Startup Time": 0.008,
                                                "Actual Total Time": 0.008,
                                                "Actual Rows": 1,
                                                "Actual Loops": 1,
                                                "Output": [
                                                    "ct.id",
                                                    "ct.kind"
                                                ]
                                            }
                                        ]
                                    }
                                ]
                            }
                        ]
                    },
                    {
                        "Node Type": "Bitmap Heap Scan",
                        "Parent Relationship": "Inner",
                        "Parallel Aware": false,
                        "Relation Name": "char_name",
                        "Schema": "public",
                        "Alias": "chn",
                        "Startup Cost": 4.36,
                        "Total Cost": 8.37,
                        "Plan Rows": 1,
                        "Plan Width": 20,
                        "Actual Startup Time": 0.006,
                        "Actual Total Time": 0.006,
                        "Actual Rows": 1,
                        "Actual Loops": 4,
                        "Output": [
                            "chn.id",
                            "chn.name",
                            "chn.imdb_index",
                            "chn.imdb_id",
                            "chn.name_pcode_nf",
                            "chn.surname_pcode",
                            "chn.md5sum"
                        ],
                        "Recheck Cond": "(chn.id = ci.person_role_id)",
                        "Rows Removed by Index Recheck": 0,
                        "Exact Heap Blocks": 4,
                        "Lossy Heap Blocks": 0,
                        "Plans": [
                            {
                                "Node Type": "Bitmap Index Scan",
                                "Parent Relationship": "Outer",
                                "Parallel Aware": false,
                                "Index Name": "char_name_pkey",
                                "Startup Cost": 0.0,
                                "Total Cost": 4.36,
                                "Plan Rows": 1,
                                "Plan Width": 0,
                                "Actual Startup Time": 0.004,
                                "Actual Total Time": 0.005,
                                "Actual Rows": 1,
                                "Actual Loops": 4,
                                "Index Cond": "(chn.id = ci.person_role_id)"
                            }
                        ]
                    }
                ]
            }
        ]
    },
    "Planning Time": 4.345,
    "Triggers": [],
    "Execution Time": 14012.872
}