[
  {
    "Plan": {
      "Node Type": "Aggregate",
      "Strategy": "Plain",
      "Partial Mode": "Finalize",
      "Parallel Aware": false,
      "Startup Cost": 77046.33,
      "Total Cost": 77046.34,
      "Plan Rows": 1,
      "Plan Width": 8,
      "Actual Startup Time": 278.101,
      "Actual Total Time": 294.307,
      "Actual Rows": 1,
      "Actual Loops": 1,
      "Plans": [
        {
          "Node Type": "Gather",
          "Parent Relationship": "Outer",
          "Parallel Aware": false,
          "Startup Cost": 77046.01,
          "Total Cost": 77046.32,
          "Plan Rows": 3,
          "Plan Width": 8,
          "Actual Startup Time": 277.345,
          "Actual Total Time": 294.298,
          "Actual Rows": 4,
          "Actual Loops": 1,
          "Workers Planned": 3,
          "Workers Launched": 3,
          "Single Copy": false,
          "Plans": [
            {
              "Node Type": "Aggregate",
              "Strategy": "Plain",
              "Partial Mode": "Partial",
              "Parent Relationship": "Outer",
              "Parallel Aware": false,
              "Startup Cost": 76046.01,
              "Total Cost": 76046.02,
              "Plan Rows": 1,
              "Plan Width": 8,
              "Actual Startup Time": 268.649,
              "Actual Total Time": 268.653,
              "Actual Rows": 1,
              "Actual Loops": 4,
              "Plans": [
                {
                  "Node Type": "Hash Join",
                  "Parent Relationship": "Outer",
                  "Parallel Aware": true,
                  "Join Type": "Inner",
                  "Startup Cost": 44618.34,
                  "Total Cost": 75877.08,
                  "Plan Rows": 67574,
                  "Plan Width": 0,
                  "Actual Startup Time": 117.226,
                  "Actual Total Time": 264.425,
                  "Actual Rows": 105824,
                  "Actual Loops": 4,
                  "Inner Unique": true,
                  "Hash Cond": "(mc.movie_id = t.id)",
                  "Plans": [
                    {
                      "Node Type": "Seq Scan",
                      "Parent Relationship": "Outer",
                      "Parallel Aware": true,
                      "Relation Name": "movie_companies",
                      "Alias": "mc",
                      "Startup Cost": 0.0,
                      "Total Cost": 29310.68,
                      "Plan Rows": 742117,
                      "Plan Width": 4,
                      "Actual Startup Time": 0.016,
                      "Actual Total Time": 70.283,
                      "Actual Rows": 575612,
                      "Actual Loops": 4,
                      "Filter": "(company_id < 93126)",
                      "Rows Removed by Filter": 76670
                    },
                    {
                      "Node Type": "Hash",
                      "Parent Relationship": "Inner",
                      "Parallel Aware": true,
                      "Startup Cost": 43898.92,
                      "Total Cost": 43898.92,
                      "Plan Rows": 57554,
                      "Plan Width": 4,
                      "Actual Startup Time": 114.297,
                      "Actual Total Time": 114.298,
                      "Actual Rows": 60350,
                      "Actual Loops": 4,
                      "Hash Buckets": 262144,
                      "Original Hash Buckets": 262144,
                      "Hash Batches": 1,
                      "Original Hash Batches": 1,
                      "Peak Memory Usage": 11552,
                      "Plans": [
                        {
                          "Node Type": "Seq Scan",
                          "Parent Relationship": "Outer",
                          "Parallel Aware": true,
                          "Relation Name": "title",
                          "Alias": "t",
                          "Startup Cost": 0.0,
                          "Total Cost": 43898.92,
                          "Plan Rows": 57554,
                          "Plan Width": 4,
                          "Actual Startup Time": 0.09,
                          "Actual Total Time": 94.974,
                          "Actual Rows": 60350,
                          "Actual Loops": 4,
                          "Filter": "(production_year < 1960)",
                          "Rows Removed by Filter": 571728
                        }
                      ]
                    }
                  ]
                }
              ]
            }
          ]
        }
      ]
    },
    "Planning Time": 0.628,
    "Triggers": [],
    "Execution Time": 294.378
  }
]