[
  {
    "Plan": {
      "Node Type": "Aggregate",
      "Strategy": "Plain",
      "Partial Mode": "Finalize",
      "Parallel Aware": false,
      "Startup Cost": 587747.94,
      "Total Cost": 587747.95,
      "Plan Rows": 1,
      "Plan Width": 8,
      "Actual Startup Time": 1658.583,
      "Actual Total Time": 1769.162,
      "Actual Rows": 1,
      "Actual Loops": 1,
      "Plans": [
        {
          "Node Type": "Gather",
          "Parent Relationship": "Outer",
          "Parallel Aware": false,
          "Startup Cost": 587747.41,
          "Total Cost": 587747.92,
          "Plan Rows": 5,
          "Plan Width": 8,
          "Actual Startup Time": 1653.983,
          "Actual Total Time": 1769.137,
          "Actual Rows": 6,
          "Actual Loops": 1,
          "Workers Planned": 5,
          "Workers Launched": 5,
          "Single Copy": false,
          "Plans": [
            {
              "Node Type": "Aggregate",
              "Strategy": "Plain",
              "Partial Mode": "Partial",
              "Parent Relationship": "Outer",
              "Parallel Aware": false,
              "Startup Cost": 586747.41,
              "Total Cost": 586747.42,
              "Plan Rows": 1,
              "Plan Width": 8,
              "Actual Startup Time": 1642.813,
              "Actual Total Time": 1642.817,
              "Actual Rows": 1,
              "Actual Loops": 6,
              "Plans": [
                {
                  "Node Type": "Nested Loop",
                  "Parent Relationship": "Outer",
                  "Parallel Aware": false,
                  "Join Type": "Inner",
                  "Startup Cost": 48400.96,
                  "Total Cost": 584871.04,
                  "Plan Rows": 750551,
                  "Plan Width": 0,
                  "Actual Startup Time": 194.933,
                  "Actual Total Time": 1626.391,
                  "Actual Rows": 306190,
                  "Actual Loops": 6,
                  "Inner Unique": false,
                  "Join Filter": "(t.id = ci.movie_id)",
                  "Rows Removed by Join Filter": 0,
                  "Plans": [
                    {
                      "Node Type": "Hash Join",
                      "Parent Relationship": "Outer",
                      "Parallel Aware": true,
                      "Join Type": "Inner",
                      "Startup Cost": 48400.4,
                      "Total Cost": 248432.43,
                      "Plan Rows": 152105,
                      "Plan Width": 8,
                      "Actual Startup Time": 194.645,
                      "Actual Total Time": 603.41,
                      "Actual Rows": 42678,
                      "Actual Loops": 6,
                      "Inner Unique": true,
                      "Hash Cond": "(mi.movie_id = t.id)",
                      "Plans": [
                        {
                          "Node Type": "Seq Scan",
                          "Parent Relationship": "Outer",
                          "Parallel Aware": true,
                          "Relation Name": "movie_info",
                          "Alias": "mi",
                          "Startup Cost": 0.0,
                          "Total Cost": 198952.16,
                          "Plan Rows": 411380,
                          "Plan Width": 4,
                          "Actual Startup Time": 29.722,
                          "Actual Total Time": 300.226,
                          "Actual Rows": 348511,
                          "Actual Loops": 6,
                          "Filter": "(info_type_id < 3)",
                          "Rows Removed by Filter": 2124109
                        },
                        {
                          "Node Type": "Hash",
                          "Parent Relationship": "Inner",
                          "Parallel Aware": true,
                          "Startup Cost": 45479.1,
                          "Total Cost": 45479.1,
                          "Plan Rows": 233704,
                          "Plan Width": 4,
                          "Actual Startup Time": 161.148,
                          "Actual Total Time": 161.15,
                          "Actual Rows": 170701,
                          "Actual Loops": 6,
                          "Hash Buckets": 1048576,
                          "Original Hash Buckets": 1048576,
                          "Hash Batches": 1,
                          "Original Hash Batches": 1,
                          "Peak Memory Usage": 48416,
                          "Plans": [
                            {
                              "Node Type": "Seq Scan",
                              "Parent Relationship": "Outer",
                              "Parallel Aware": true,
                              "Relation Name": "title",
                              "Alias": "t",
                              "Startup Cost": 0.0,
                              "Total Cost": 45479.1,
                              "Plan Rows": 233704,
                              "Plan Width": 4,
                              "Actual Startup Time": 0.044,
                              "Actual Total Time": 86.167,
                              "Actual Rows": 170701,
                              "Actual Loops": 6,
                              "Filter": "((production_year > 1997) AND (kind_id = 7))",
                              "Rows Removed by Filter": 250684
                            }
                          ]
                        }
                      ]
                    },
                    {
                      "Node Type": "Index Scan",
                      "Parent Relationship": "Inner",
                      "Parallel Aware": false,
                      "Scan Direction": "Forward",
                      "Index Name": "movie_id_cast_info",
                      "Relation Name": "cast_info",
                      "Alias": "ci",
                      "Startup Cost": 0.56,
                      "Total Cost": 2.05,
                      "Plan Rows": 13,
                      "Plan Width": 4,
                      "Actual Startup Time": 0.004,
                      "Actual Total Time": 0.023,
                      "Actual Rows": 7,
                      "Actual Loops": 256065,
                      "Index Cond": "(movie_id = mi.movie_id)",
                      "Rows Removed by Index Recheck": 0,
                      "Filter": "(role_id = 1)",
                      "Rows Removed by Filter": 19
                    }
                  ]
                }
              ]
            }
          ]
        }
      ]
    },
    "Planning Time": 1.36,
    "Triggers": [],
    "Execution Time": 1769.272
  }
]