[
  {
    "Plan": {
      "Node Type": "Aggregate",
      "Strategy": "Plain",
      "Partial Mode": "Finalize",
      "Parallel Aware": false,
      "Startup Cost": 46565.79,
      "Total Cost": 46565.8,
      "Plan Rows": 1,
      "Plan Width": 8,
      "Actual Startup Time": 97.289,
      "Actual Total Time": 110.283,
      "Actual Rows": 1,
      "Actual Loops": 1,
      "Plans": [
        {
          "Node Type": "Gather",
          "Parent Relationship": "Outer",
          "Parallel Aware": false,
          "Startup Cost": 46565.37,
          "Total Cost": 46565.78,
          "Plan Rows": 4,
          "Plan Width": 8,
          "Actual Startup Time": 97.174,
          "Actual Total Time": 110.276,
          "Actual Rows": 5,
          "Actual Loops": 1,
          "Workers Planned": 4,
          "Workers Launched": 4,
          "Single Copy": false,
          "Plans": [
            {
              "Node Type": "Aggregate",
              "Strategy": "Plain",
              "Partial Mode": "Partial",
              "Parent Relationship": "Outer",
              "Parallel Aware": false,
              "Startup Cost": 45565.37,
              "Total Cost": 45565.38,
              "Plan Rows": 1,
              "Plan Width": 8,
              "Actual Startup Time": 87.911,
              "Actual Total Time": 87.912,
              "Actual Rows": 1,
              "Actual Loops": 5,
              "Plans": [
                {
                  "Node Type": "Seq Scan",
                  "Parent Relationship": "Outer",
                  "Parallel Aware": true,
                  "Relation Name": "title",
                  "Alias": "t",
                  "Startup Cost": 0.0,
                  "Total Cost": 45479.1,
                  "Plan Rows": 34510,
                  "Plan Width": 0,
                  "Actual Startup Time": 54.275,
                  "Actual Total Time": 85.343,
                  "Actual Rows": 55678,
                  "Actual Loops": 5,
                  "Filter": "((kind_id < 2) AND (production_year < 1982))",
                  "Rows Removed by Filter": 449984
                }
              ]
            }
          ]
        }
      ]
    },
    "Planning Time": 0.161,
    "Triggers": [],
    "Execution Time": 110.338
  }
]