[
  {
    "Plan": {
      "Node Type": "Aggregate",
      "Strategy": "Plain",
      "Partial Mode": "Finalize",
      "Parallel Aware": false,
      "Startup Cost": 45189.02,
      "Total Cost": 45189.03,
      "Plan Rows": 1,
      "Plan Width": 8,
      "Actual Startup Time": 135.805,
      "Actual Total Time": 148.738,
      "Actual Rows": 1,
      "Actual Loops": 1,
      "Plans": [
        {
          "Node Type": "Gather",
          "Parent Relationship": "Outer",
          "Parallel Aware": false,
          "Startup Cost": 45188.7,
          "Total Cost": 45189.01,
          "Plan Rows": 3,
          "Plan Width": 8,
          "Actual Startup Time": 135.695,
          "Actual Total Time": 148.728,
          "Actual Rows": 4,
          "Actual Loops": 1,
          "Workers Planned": 3,
          "Workers Launched": 3,
          "Single Copy": false,
          "Plans": [
            {
              "Node Type": "Aggregate",
              "Strategy": "Plain",
              "Partial Mode": "Partial",
              "Parent Relationship": "Outer",
              "Parallel Aware": false,
              "Startup Cost": 44188.7,
              "Total Cost": 44188.71,
              "Plan Rows": 1,
              "Plan Width": 8,
              "Actual Startup Time": 130.168,
              "Actual Total Time": 130.169,
              "Actual Rows": 1,
              "Actual Loops": 4,
              "Plans": [
                {
                  "Node Type": "Seq Scan",
                  "Parent Relationship": "Outer",
                  "Parallel Aware": true,
                  "Relation Name": "movie_keyword",
                  "Alias": "mk",
                  "Startup Cost": 0.0,
                  "Total Cost": 42695.65,
                  "Plan Rows": 597218,
                  "Plan Width": 0,
                  "Actual Startup Time": 1.083,
                  "Actual Total Time": 109.176,
                  "Actual Rows": 463028,
                  "Actual Loops": 4,
                  "Filter": "(keyword_id > 7469)",
                  "Rows Removed by Filter": 667954
                }
              ]
            }
          ]
        }
      ]
    },
    "Planning Time": 0.189,
    "Triggers": [],
    "Execution Time": 148.805
  }
]