[
  {
    "Plan": {
      "Node Type": "Aggregate",
      "Strategy": "Plain",
      "Partial Mode": "Finalize",
      "Parallel Aware": false,
      "Startup Cost": 111127.81,
      "Total Cost": 111127.82,
      "Plan Rows": 1,
      "Plan Width": 8,
      "Actual Startup Time": 870.897,
      "Actual Total Time": 890.668,
      "Actual Rows": 1,
      "Actual Loops": 1,
      "Plans": [
        {
          "Node Type": "Gather",
          "Parent Relationship": "Outer",
          "Parallel Aware": false,
          "Startup Cost": 111127.6,
          "Total Cost": 111127.81,
          "Plan Rows": 2,
          "Plan Width": 8,
          "Actual Startup Time": 866.585,
          "Actual Total Time": 890.661,
          "Actual Rows": 3,
          "Actual Loops": 1,
          "Workers Planned": 2,
          "Workers Launched": 2,
          "Single Copy": false,
          "Plans": [
            {
              "Node Type": "Aggregate",
              "Strategy": "Plain",
              "Partial Mode": "Partial",
              "Parent Relationship": "Outer",
              "Parallel Aware": false,
              "Startup Cost": 110127.6,
              "Total Cost": 110127.61,
              "Plan Rows": 1,
              "Plan Width": 8,
              "Actual Startup Time": 862.182,
              "Actual Total Time": 862.19,
              "Actual Rows": 1,
              "Actual Loops": 3,
              "Plans": [
                {
                  "Node Type": "Hash Join",
                  "Parent Relationship": "Outer",
                  "Parallel Aware": true,
                  "Join Type": "Inner",
                  "Startup Cost": 93677.66,
                  "Total Cost": 109861.92,
                  "Plan Rows": 106271,
                  "Plan Width": 0,
                  "Actual Startup Time": 625.081,
                  "Actual Total Time": 811.529,
                  "Actual Rows": 1043140,
                  "Actual Loops": 3,
                  "Inner Unique": false,
                  "Hash Cond": "(mi_idx.movie_id = t.id)",
                  "Plans": [
                    {
                      "Node Type": "Seq Scan",
                      "Parent Relationship": "Outer",
                      "Parallel Aware": true,
                      "Relation Name": "movie_info_idx",
                      "Alias": "mi_idx",
                      "Startup Cost": 0.0,
                      "Total Cost": 13685.15,
                      "Plan Rows": 575015,
                      "Plan Width": 4,
                      "Actual Startup Time": 0.017,
                      "Actual Total Time": 40.481,
                      "Actual Rows": 460012,
                      "Actual Loops": 3
                    },
                    {
                      "Node Type": "Hash",
                      "Parent Relationship": "Inner",
                      "Parallel Aware": true,
                      "Startup Cost": 91793.42,
                      "Total Cost": 91793.42,
                      "Plan Rows": 150739,
                      "Plan Width": 8,
                      "Actual Startup Time": 623.035,
                      "Actual Total Time": 623.04,
                      "Actual Rows": 428654,
                      "Actual Loops": 3,
                      "Hash Buckets": 2097152,
                      "Original Hash Buckets": 524288,
                      "Hash Batches": 1,
                      "Original Hash Batches": 1,
                      "Peak Memory Usage": 79008,
                      "Plans": [
                        {
                          "Node Type": "Hash Join",
                          "Parent Relationship": "Outer",
                          "Parallel Aware": true,
                          "Join Type": "Inner",
                          "Startup Cost": 47671.21,
                          "Total Cost": 91793.42,
                          "Plan Rows": 150739,
                          "Plan Width": 8,
                          "Actual Startup Time": 206.607,
                          "Actual Total Time": 471.956,
                          "Actual Rows": 428654,
                          "Actual Loops": 3,
                          "Inner Unique": true,
                          "Hash Cond": "(mk.movie_id = t.id)",
                          "Plans": [
                            {
                              "Node Type": "Seq Scan",
                              "Parent Relationship": "Outer",
                              "Parallel Aware": true,
                              "Relation Name": "movie_keyword",
                              "Alias": "mk",
                              "Startup Cost": 0.0,
                              "Total Cost": 42695.65,
                              "Plan Rows": 543450,
                              "Plan Width": 4,
                              "Actual Startup Time": 0.024,
                              "Actual Total Time": 145.579,
                              "Actual Rows": 562468,
                              "Actual Loops": 3,
                              "Filter": "(keyword_id < 2629)",
                              "Rows Removed by Filter": 945508
                            },
                            {
                              "Node Type": "Hash",
                              "Parent Relationship": "Inner",
                              "Parallel Aware": true,
                              "Startup Cost": 45479.59,
                              "Total Cost": 45479.59,
                              "Plan Rows": 175330,
                              "Plan Width": 4,
                              "Actual Startup Time": 204.283,
                              "Actual Total Time": 204.285,
                              "Actual Rows": 249977,
                              "Actual Loops": 3,
                              "Hash Buckets": 1048576,
                              "Original Hash Buckets": 1048576,
                              "Hash Batches": 1,
                              "Original Hash Batches": 1,
                              "Peak Memory Usage": 37568,
                              "Plans": [
                                {
                                  "Node Type": "Seq Scan",
                                  "Parent Relationship": "Outer",
                                  "Parallel Aware": true,
                                  "Relation Name": "title",
                                  "Alias": "t",
                                  "Startup Cost": 0.0,
                                  "Total Cost": 45479.59,
                                  "Plan Rows": 175330,
                                  "Plan Width": 4,
                                  "Actual Startup Time": 0.025,
                                  "Actual Total Time": 123.416,
                                  "Actual Rows": 249977,
                                  "Actual Loops": 3,
                                  "Filter": "((kind_id < 7) AND (production_year < 2009))",
                                  "Rows Removed by Filter": 592794
                                }
                              ]
                            }
                          ]
                        }
                      ]
                    }
                  ]
                }
              ]
            }
          ]
        }
      ]
    },
    "Planning Time": 0.504,
    "Triggers": [],
    "Execution Time": 890.723
  }
]