[
  {
    "Plan": {
      "Node Type": "Aggregate",
      "Strategy": "Plain",
      "Partial Mode": "Finalize",
      "Parallel Aware": false,
      "Startup Cost": 225621.13,
      "Total Cost": 225621.14,
      "Plan Rows": 1,
      "Plan Width": 8,
      "Actual Startup Time": 148.52,
      "Actual Total Time": 172.815,
      "Actual Rows": 1,
      "Actual Loops": 1,
      "Plans": [
        {
          "Node Type": "Gather",
          "Parent Relationship": "Outer",
          "Parallel Aware": false,
          "Startup Cost": 225620.71,
          "Total Cost": 225621.12,
          "Plan Rows": 4,
          "Plan Width": 8,
          "Actual Startup Time": 148.338,
          "Actual Total Time": 172.805,
          "Actual Rows": 5,
          "Actual Loops": 1,
          "Workers Planned": 4,
          "Workers Launched": 4,
          "Single Copy": false,
          "Plans": [
            {
              "Node Type": "Aggregate",
              "Strategy": "Plain",
              "Partial Mode": "Partial",
              "Parent Relationship": "Outer",
              "Parallel Aware": false,
              "Startup Cost": 224620.71,
              "Total Cost": 224620.72,
              "Plan Rows": 1,
              "Plan Width": 8,
              "Actual Startup Time": 141.208,
              "Actual Total Time": 141.211,
              "Actual Rows": 1,
              "Actual Loops": 5,
              "Plans": [
                {
                  "Node Type": "Nested Loop",
                  "Parent Relationship": "Outer",
                  "Parallel Aware": false,
                  "Join Type": "Inner",
                  "Startup Cost": 0.43,
                  "Total Cost": 224561.02,
                  "Plan Rows": 23877,
                  "Plan Width": 0,
                  "Actual Startup Time": 0.34,
                  "Actual Total Time": 139.422,
                  "Actual Rows": 18777,
                  "Actual Loops": 5,
                  "Inner Unique": false,
                  "Plans": [
                    {
                      "Node Type": "Seq Scan",
                      "Parent Relationship": "Outer",
                      "Parallel Aware": true,
                      "Relation Name": "title",
                      "Alias": "t",
                      "Startup Cost": 0.0,
                      "Total Cost": 43899.32,
                      "Plan Rows": 4066,
                      "Plan Width": 4,
                      "Actual Startup Time": 0.169,
                      "Actual Total Time": 71.124,
                      "Actual Rows": 2886,
                      "Actual Loops": 5,
                      "Filter": "(production_year = 1978)",
                      "Rows Removed by Filter": 502777
                    },
                    {
                      "Node Type": "Index Only Scan",
                      "Parent Relationship": "Inner",
                      "Parallel Aware": false,
                      "Scan Direction": "Forward",
                      "Index Name": "movie_id_movie_info",
                      "Relation Name": "movie_info",
                      "Alias": "mi",
                      "Startup Cost": 0.43,
                      "Total Cost": 44.02,
                      "Plan Rows": 41,
                      "Plan Width": 4,
                      "Actual Startup Time": 0.01,
                      "Actual Total Time": 0.022,
                      "Actual Rows": 7,
                      "Actual Loops": 14428,
                      "Index Cond": "(movie_id = t.id)",
                      "Rows Removed by Index Recheck": 0,
                      "Heap Fetches": 93885
                    }
                  ]
                }
              ]
            }
          ]
        }
      ]
    },
    "Planning Time": 0.569,
    "Triggers": [],
    "Execution Time": 172.882
  }
]