[
  {
    "Plan": {
      "Node Type": "Aggregate",
      "Strategy": "Plain",
      "Partial Mode": "Finalize",
      "Parallel Aware": false,
      "Startup Cost": 341048.47,
      "Total Cost": 341048.48,
      "Plan Rows": 1,
      "Plan Width": 8,
      "Actual Startup Time": 855.523,
      "Actual Total Time": 913.447,
      "Actual Rows": 1,
      "Actual Loops": 1,
      "Plans": [
        {
          "Node Type": "Gather",
          "Parent Relationship": "Outer",
          "Parallel Aware": false,
          "Startup Cost": 341047.85,
          "Total Cost": 341048.46,
          "Plan Rows": 6,
          "Plan Width": 8,
          "Actual Startup Time": 855.321,
          "Actual Total Time": 913.433,
          "Actual Rows": 7,
          "Actual Loops": 1,
          "Workers Planned": 6,
          "Workers Launched": 6,
          "Single Copy": false,
          "Plans": [
            {
              "Node Type": "Aggregate",
              "Strategy": "Plain",
              "Partial Mode": "Partial",
              "Parent Relationship": "Outer",
              "Parallel Aware": false,
              "Startup Cost": 340047.85,
              "Total Cost": 340047.86,
              "Plan Rows": 1,
              "Plan Width": 8,
              "Actual Startup Time": 848.314,
              "Actual Total Time": 848.316,
              "Actual Rows": 1,
              "Actual Loops": 7,
              "Plans": [
                {
                  "Node Type": "Seq Scan",
                  "Parent Relationship": "Outer",
                  "Parallel Aware": true,
                  "Relation Name": "cast_info",
                  "Alias": "ci",
                  "Startup Cost": 0.0,
                  "Total Cost": 328211.39,
                  "Plan Rows": 4734582,
                  "Plan Width": 0,
                  "Actual Startup Time": 94.263,
                  "Actual Total Time": 650.438,
                  "Actual Rows": 4041171,
                  "Actual Loops": 7,
                  "Filter": "(person_id > 777388)",
                  "Rows Removed by Filter": 1136592
                }
              ]
            }
          ]
        }
      ]
    },
    "Planning Time": 0.087,
    "Triggers": [],
    "Execution Time": 913.49
  }
]