[
  {
    "Plan": {
      "Node Type": "Aggregate",
      "Strategy": "Plain",
      "Partial Mode": "Finalize",
      "Parallel Aware": false,
      "Startup Cost": 92890.66,
      "Total Cost": 92890.67,
      "Plan Rows": 1,
      "Plan Width": 8,
      "Actual Startup Time": 281.852,
      "Actual Total Time": 297.994,
      "Actual Rows": 1,
      "Actual Loops": 1,
      "Plans": [
        {
          "Node Type": "Gather",
          "Parent Relationship": "Outer",
          "Parallel Aware": false,
          "Startup Cost": 92890.34,
          "Total Cost": 92890.65,
          "Plan Rows": 3,
          "Plan Width": 8,
          "Actual Startup Time": 281.537,
          "Actual Total Time": 297.984,
          "Actual Rows": 4,
          "Actual Loops": 1,
          "Workers Planned": 3,
          "Workers Launched": 3,
          "Single Copy": false,
          "Plans": [
            {
              "Node Type": "Aggregate",
              "Strategy": "Plain",
              "Partial Mode": "Partial",
              "Parent Relationship": "Outer",
              "Parallel Aware": false,
              "Startup Cost": 91890.34,
              "Total Cost": 91890.35,
              "Plan Rows": 1,
              "Plan Width": 8,
              "Actual Startup Time": 273.298,
              "Actual Total Time": 273.301,
              "Actual Rows": 1,
              "Actual Loops": 4,
              "Plans": [
                {
                  "Node Type": "Hash Join",
                  "Parent Relationship": "Outer",
                  "Parallel Aware": true,
                  "Join Type": "Inner",
                  "Startup Cost": 45584.31,
                  "Total Cost": 91845.33,
                  "Plan Rows": 18002,
                  "Plan Width": 0,
                  "Actual Startup Time": 103.213,
                  "Actual Total Time": 273.17,
                  "Actual Rows": 2952,
                  "Actual Loops": 4,
                  "Inner Unique": true,
                  "Hash Cond": "(mk.movie_id = t.id)",
                  "Plans": [
                    {
                      "Node Type": "Seq Scan",
                      "Parent Relationship": "Outer",
                      "Parallel Aware": true,
                      "Relation Name": "movie_keyword",
                      "Alias": "mk",
                      "Startup Cost": 0.0,
                      "Total Cost": 42695.65,
                      "Plan Rows": 1358232,
                      "Plan Width": 4,
                      "Actual Startup Time": 0.021,
                      "Actual Total Time": 108.385,
                      "Actual Rows": 1053360,
                      "Actual Loops": 4,
                      "Filter": "(keyword_id > 245)",
                      "Rows Removed by Filter": 77622
                    },
                    {
                      "Node Type": "Hash",
                      "Parent Relationship": "Inner",
                      "Parallel Aware": true,
                      "Startup Cost": 45479.59,
                      "Total Cost": 45479.59,
                      "Plan Rows": 8378,
                      "Plan Width": 4,
                      "Actual Startup Time": 101.276,
                      "Actual Total Time": 101.277,
                      "Actual Rows": 8914,
                      "Actual Loops": 4,
                      "Hash Buckets": 65536,
                      "Original Hash Buckets": 65536,
                      "Hash Batches": 1,
                      "Original Hash Batches": 1,
                      "Peak Memory Usage": 1984,
                      "Plans": [
                        {
                          "Node Type": "Seq Scan",
                          "Parent Relationship": "Outer",
                          "Parallel Aware": true,
                          "Relation Name": "title",
                          "Alias": "t",
                          "Startup Cost": 0.0,
                          "Total Cost": 45479.59,
                          "Plan Rows": 8378,
                          "Plan Width": 4,
                          "Actual Startup Time": 0.085,
                          "Actual Total Time": 96.221,
                          "Actual Rows": 8914,
                          "Actual Loops": 4,
                          "Filter": "((kind_id = 7) AND (production_year = 2000))",
                          "Rows Removed by Filter": 623164
                        }
                      ]
                    }
                  ]
                }
              ]
            }
          ]
        }
      ]
    },
    "Planning Time": 0.644,
    "Triggers": [],
    "Execution Time": 298.07
  }
]