[
  {
    "Plan": {
      "Node Type": "Aggregate",
      "Strategy": "Plain",
      "Partial Mode": "Finalize",
      "Parallel Aware": false,
      "Startup Cost": 45129.01,
      "Total Cost": 45129.02,
      "Plan Rows": 1,
      "Plan Width": 8,
      "Actual Startup Time": 145.822,
      "Actual Total Time": 155.324,
      "Actual Rows": 1,
      "Actual Loops": 1,
      "Plans": [
        {
          "Node Type": "Gather",
          "Parent Relationship": "Outer",
          "Parallel Aware": false,
          "Startup Cost": 45128.69,
          "Total Cost": 45129.0,
          "Plan Rows": 3,
          "Plan Width": 8,
          "Actual Startup Time": 145.708,
          "Actual Total Time": 155.315,
          "Actual Rows": 4,
          "Actual Loops": 1,
          "Workers Planned": 3,
          "Workers Launched": 3,
          "Single Copy": false,
          "Plans": [
            {
              "Node Type": "Aggregate",
              "Strategy": "Plain",
              "Partial Mode": "Partial",
              "Parent Relationship": "Outer",
              "Parallel Aware": false,
              "Startup Cost": 44128.69,
              "Total Cost": 44128.7,
              "Plan Rows": 1,
              "Plan Width": 8,
              "Actual Startup Time": 137.077,
              "Actual Total Time": 137.078,
              "Actual Rows": 1,
              "Actual Loops": 4,
              "Plans": [
                {
                  "Node Type": "Seq Scan",
                  "Parent Relationship": "Outer",
                  "Parallel Aware": true,
                  "Relation Name": "movie_keyword",
                  "Alias": "mk",
                  "Startup Cost": 0.0,
                  "Total Cost": 42695.65,
                  "Plan Rows": 573215,
                  "Plan Width": 0,
                  "Actual Startup Time": 0.065,
                  "Actual Total Time": 115.393,
                  "Actual Rows": 446379,
                  "Actual Loops": 4,
                  "Filter": "(keyword_id < 2891)",
                  "Rows Removed by Filter": 684604
                }
              ]
            }
          ]
        }
      ]
    },
    "Planning Time": 0.19,
    "Triggers": [],
    "Execution Time": 155.385
  }
]