[
    {
        "Bao": {
            "Bao prediction": 317.427,
            "Bao recommended hint": "(no hint)"
        }
    },
    {
        "Plan": {
            "Node Type": "Aggregate",
            "Strategy": "Plain",
            "Partial Mode": "Simple",
            "Parallel Aware": false,
            "Startup Cost": 2354.49,
            "Total Cost": 2354.5,
            "Plan Rows": 1,
            "Plan Width": 8,
            "Actual Startup Time": 2.712,
            "Actual Total Time": 2.714,
            "Actual Rows": 1,
            "Actual Loops": 1,
            "Output": [
                "count(*)"
            ],
            "Plans": [
                {
                    "Node Type": "Nested Loop",
                    "Parent Relationship": "Outer",
                    "Parallel Aware": false,
                    "Join Type": "Inner",
                    "Startup Cost": 1.43,
                    "Total Cost": 2354.18,
                    "Plan Rows": 125,
                    "Plan Width": 0,
                    "Actual Startup Time": 0.098,
                    "Actual Total Time": 2.439,
                    "Actual Rows": 1365,
                    "Actual Loops": 1,
                    "Inner Unique": false,
                    "Plans": [
                        {
                            "Node Type": "Nested Loop",
                            "Parent Relationship": "Outer",
                            "Parallel Aware": false,
                            "Join Type": "Inner",
                            "Startup Cost": 0.99,
                            "Total Cost": 2137.76,
                            "Plan Rows": 130,
                            "Plan Width": 8,
                            "Actual Startup Time": 0.072,
                            "Actual Total Time": 0.391,
                            "Actual Rows": 29,
                            "Actual Loops": 1,
                            "Output": [
                                "t.id",
                                "ci.movie_id"
                            ],
                            "Inner Unique": true,
                            "Plans": [
                                {
                                    "Node Type": "Index Scan",
                                    "Parent Relationship": "Outer",
                                    "Parallel Aware": false,
                                    "Scan Direction": "Forward",
                                    "Index Name": "person_id_cast_info",
                                    "Relation Name": "cast_info",
                                    "Schema": "public",
                                    "Alias": "ci",
                                    "Startup Cost": 0.56,
                                    "Total Cost": 1039.59,
                                    "Plan Rows": 130,
                                    "Plan Width": 4,
                                    "Actual Startup Time": 0.047,
                                    "Actual Total Time": 0.069,
                                    "Actual Rows": 29,
                                    "Actual Loops": 1,
                                    "Output": [
                                        "ci.id",
                                        "ci.person_id",
                                        "ci.movie_id",
                                        "ci.person_role_id",
                                        "ci.note",
                                        "ci.nr_order",
                                        "ci.role_id"
                                    ],
                                    "Index Cond": "(ci.person_id = 2937569)",
                                    "Rows Removed by Index Recheck": 0,
                                    "Filter": "(ci.role_id > 4)",
                                    "Rows Removed by Filter": 4
                                },
                                {
                                    "Node Type": "Index Only Scan",
                                    "Parent Relationship": "Inner",
                                    "Parallel Aware": false,
                                    "Scan Direction": "Forward",
                                    "Index Name": "title_pkey",
                                    "Relation Name": "title",
                                    "Schema": "public",
                                    "Alias": "t",
                                    "Startup Cost": 0.43,
                                    "Total Cost": 8.45,
                                    "Plan Rows": 1,
                                    "Plan Width": 4,
                                    "Actual Startup Time": 0.01,
                                    "Actual Total Time": 0.01,
                                    "Actual Rows": 1,
                                    "Actual Loops": 29,
                                    "Output": [
                                        "t.id"
                                    ],
                                    "Index Cond": "(t.id = ci.movie_id)",
                                    "Rows Removed by Index Recheck": 0,
                                    "Heap Fetches": 29
                                }
                            ]
                        },
                        {
                            "Node Type": "Index Scan",
                            "Parent Relationship": "Inner",
                            "Parallel Aware": false,
                            "Scan Direction": "Forward",
                            "Index Name": "movie_id_movie_keyword",
                            "Relation Name": "movie_keyword",
                            "Schema": "public",
                            "Alias": "mk",
                            "Startup Cost": 0.43,
                            "Total Cost": 1.42,
                            "Plan Rows": 24,
                            "Plan Width": 4,
                            "Actual Startup Time": 0.015,
                            "Actual Total Time": 0.058,
                            "Actual Rows": 47,
                            "Actual Loops": 29,
                            "Output": [
                                "mk.id",
                                "mk.movie_id",
                                "mk.keyword_id"
                            ],
                            "Index Cond": "(mk.movie_id = t.id)",
                            "Rows Removed by Index Recheck": 0,
                            "Filter": "(mk.keyword_id < 5787)",
                            "Rows Removed by Filter": 43
                        }
                    ]
                }
            ]
        },
        "Planning Time": 1459.07,
        "Triggers": [],
        "Execution Time": 2.812
    }
]