[
  {
    "Plan": {
      "Node Type": "Aggregate",
      "Strategy": "Plain",
      "Partial Mode": "Finalize",
      "Parallel Aware": false,
      "Startup Cost": 340656.07,
      "Total Cost": 340656.08,
      "Plan Rows": 1,
      "Plan Width": 8,
      "Actual Startup Time": 795.865,
      "Actual Total Time": 855.602,
      "Actual Rows": 1,
      "Actual Loops": 1,
      "Plans": [
        {
          "Node Type": "Gather",
          "Parent Relationship": "Outer",
          "Parallel Aware": false,
          "Startup Cost": 340655.45,
          "Total Cost": 340656.05,
          "Plan Rows": 6,
          "Plan Width": 8,
          "Actual Startup Time": 795.727,
          "Actual Total Time": 855.593,
          "Actual Rows": 7,
          "Actual Loops": 1,
          "Workers Planned": 6,
          "Workers Launched": 6,
          "Single Copy": false,
          "Plans": [
            {
              "Node Type": "Aggregate",
              "Strategy": "Plain",
              "Partial Mode": "Partial",
              "Parent Relationship": "Outer",
              "Parallel Aware": false,
              "Startup Cost": 339655.45,
              "Total Cost": 339655.46,
              "Plan Rows": 1,
              "Plan Width": 8,
              "Actual Startup Time": 786.93,
              "Actual Total Time": 786.931,
              "Actual Rows": 1,
              "Actual Loops": 7,
              "Plans": [
                {
                  "Node Type": "Seq Scan",
                  "Parent Relationship": "Outer",
                  "Parallel Aware": true,
                  "Relation Name": "cast_info",
                  "Alias": "ci",
                  "Startup Cost": 0.0,
                  "Total Cost": 328162.03,
                  "Plan Rows": 4597368,
                  "Plan Width": 0,
                  "Actual Startup Time": 0.048,
                  "Actual Total Time": 622.111,
                  "Actual Rows": 3953549,
                  "Actual Loops": 7,
                  "Filter": "(person_id < 2830797)",
                  "Rows Removed by Filter": 1224215
                }
              ]
            }
          ]
        }
      ]
    },
    "Planning Time": 0.171,
    "Triggers": [],
    "Execution Time": 855.7
  }
]