{
  "Plan": {
    "Node Type": "Aggregate",
    "Strategy": "Plain",
    "Partial Mode": "Finalize",
    "Parallel Aware": false,
    "Startup Cost": 123010.42,
    "Total Cost": 123010.43,
    "Plan Rows": 1,
    "Plan Width": 8,
    "Actual Startup Time": 911.722,
    "Actual Total Time": 936.489,
    "Actual Rows": 1,
    "Actual Loops": 1,
    "Plans": [
      {
        "Node Type": "Gather",
        "Parent Relationship": "Outer",
        "Parallel Aware": false,
        "Startup Cost": 123010.31,
        "Total Cost": 123010.42,
        "Plan Rows": 1,
        "Plan Width": 8,
        "Actual Startup Time": 903.449,
        "Actual Total Time": 936.479,
        "Actual Rows": 2,
        "Actual Loops": 1,
        "Workers Planned": 1,
        "Workers Launched": 1,
        "Single Copy": false,
        "Plans": [
          {
            "Node Type": "Aggregate",
            "Strategy": "Plain",
            "Partial Mode": "Partial",
            "Parent Relationship": "Outer",
            "Parallel Aware": false,
            "Startup Cost": 122010.31,
            "Total Cost": 122010.32,
            "Plan Rows": 1,
            "Plan Width": 8,
            "Actual Startup Time": 892.369,
            "Actual Total Time": 892.373,
            "Actual Rows": 1,
            "Actual Loops": 2,
            "Plans": [
              {
                "Node Type": "Hash Join",
                "Parent Relationship": "Outer",
                "Parallel Aware": true,
                "Join Type": "Inner",
                "Startup Cost": 88332.27,
                "Total Cost": 120701.94,
                "Plan Rows": 523350,
                "Plan Width": 0,
                "Actual Startup Time": 632.719,
                "Actual Total Time": 868.646,
                "Actual Rows": 451184,
                "Actual Loops": 2,
                "Inner Unique": true,
                "Hash Cond": "(mk.movie_id = t.id)",
                "Plans": [
                  {
                    "Node Type": "Bitmap Heap Scan",
                    "Parent Relationship": "Outer",
                    "Parallel Aware": true,
                    "Relation Name": "movie_keyword",
                    "Alias": "mk",
                    "Startup Cost": 18871.57,
                    "Total Cost": 49867.44,
                    "Plan Rows": 523350,
                    "Plan Width": 4,
                    "Actual Startup Time": 45.476,
                    "Actual Total Time": 147.342,
                    "Actual Rows": 451184,
                    "Actual Loops": 2,
                    "Recheck Cond": "(keyword_id < 856)",
                    "Rows Removed by Index Recheck": 0,
                    "Exact Heap Blocks": 15742,
                    "Lossy Heap Blocks": 0,
                    "Plans": [
                      {
                        "Node Type": "Bitmap Index Scan",
                        "Parent Relationship": "Outer",
                        "Parallel Aware": false,
                        "Index Name": "keyword_id_movie_keyword",
                        "Startup Cost": 0.0,
                        "Total Cost": 18649.15,
                        "Plan Rows": 889695,
                        "Plan Width": 0,
                        "Actual Startup Time": 41.874,
                        "Actual Total Time": 41.874,
                        "Actual Rows": 902369,
                        "Actual Loops": 1,
                        "Index Cond": "(keyword_id < 856)"
                      }
                    ]
                  },
                  {
                    "Node Type": "Hash",
                    "Parent Relationship": "Inner",
                    "Parallel Aware": true,
                    "Startup Cost": 50870.31,
                    "Total Cost": 50870.31,
                    "Plan Rows": 1487231,
                    "Plan Width": 4,
                    "Actual Startup Time": 566.063,
                    "Actual Total Time": 566.063,
                    "Actual Rows": 1264156,
                    "Actual Loops": 2,
                    "Hash Buckets": 4194304,
                    "Original Hash Buckets": 4194304,
                    "Hash Batches": 1,
                    "Original Hash Batches": 1,
                    "Peak Memory Usage": 131712,
                    "Plans": [
                      {
                        "Node Type": "Seq Scan",
                        "Parent Relationship": "Outer",
                        "Parallel Aware": true,
                        "Relation Name": "title",
                        "Alias": "t",
                        "Startup Cost": 0.0,
                        "Total Cost": 50870.31,
                        "Plan Rows": 1487231,
                        "Plan Width": 4,
                        "Actual Startup Time": 0.02,
                        "Actual Total Time": 179.899,
                        "Actual Rows": 1264156,
                        "Actual Loops": 2
                      }
                    ]
                  }
                ]
              }
            ]
          }
        ]
      }
    ]
  },
  "Planning Time": 0.67,
  "Triggers": [],
  "Execution Time": 936.575
}