[
  {
    "Plan": {
      "Node Type": "Aggregate",
      "Strategy": "Plain",
      "Partial Mode": "Finalize",
      "Parallel Aware": false,
      "Startup Cost": 341180.02,
      "Total Cost": 341180.03,
      "Plan Rows": 1,
      "Plan Width": 8,
      "Actual Startup Time": 898.338,
      "Actual Total Time": 961.75,
      "Actual Rows": 1,
      "Actual Loops": 1,
      "Plans": [
        {
          "Node Type": "Gather",
          "Parent Relationship": "Outer",
          "Parallel Aware": false,
          "Startup Cost": 341179.4,
          "Total Cost": 341180.01,
          "Plan Rows": 6,
          "Plan Width": 8,
          "Actual Startup Time": 898.182,
          "Actual Total Time": 961.738,
          "Actual Rows": 7,
          "Actual Loops": 1,
          "Workers Planned": 6,
          "Workers Launched": 6,
          "Single Copy": false,
          "Plans": [
            {
              "Node Type": "Aggregate",
              "Strategy": "Plain",
              "Partial Mode": "Partial",
              "Parent Relationship": "Outer",
              "Parallel Aware": false,
              "Startup Cost": 340179.4,
              "Total Cost": 340179.41,
              "Plan Rows": 1,
              "Plan Width": 8,
              "Actual Startup Time": 889.516,
              "Actual Total Time": 889.517,
              "Actual Rows": 1,
              "Actual Loops": 7,
              "Plans": [
                {
                  "Node Type": "Seq Scan",
                  "Parent Relationship": "Outer",
                  "Parallel Aware": true,
                  "Relation Name": "cast_info",
                  "Alias": "ci",
                  "Startup Cost": 0.0,
                  "Total Cost": 328162.03,
                  "Plan Rows": 4806948,
                  "Plan Width": 0,
                  "Actual Startup Time": 0.048,
                  "Actual Total Time": 692.713,
                  "Actual Rows": 4137429,
                  "Actual Loops": 7,
                  "Filter": "(person_id < 2940869)",
                  "Rows Removed by Filter": 1040335
                }
              ]
            }
          ]
        }
      ]
    },
    "Planning Time": 0.216,
    "Triggers": [],
    "Execution Time": 961.826
  }
]