[
  {
    "Plan": {
      "Node Type": "Aggregate",
      "Strategy": "Plain",
      "Partial Mode": "Finalize",
      "Parallel Aware": false,
      "Startup Cost": 76293.63,
      "Total Cost": 76293.64,
      "Plan Rows": 1,
      "Plan Width": 8,
      "Actual Startup Time": 274.536,
      "Actual Total Time": 291.116,
      "Actual Rows": 1,
      "Actual Loops": 1,
      "Plans": [
        {
          "Node Type": "Gather",
          "Parent Relationship": "Outer",
          "Parallel Aware": false,
          "Startup Cost": 76293.31,
          "Total Cost": 76293.62,
          "Plan Rows": 3,
          "Plan Width": 8,
          "Actual Startup Time": 273.02,
          "Actual Total Time": 291.106,
          "Actual Rows": 4,
          "Actual Loops": 1,
          "Workers Planned": 3,
          "Workers Launched": 3,
          "Single Copy": false,
          "Plans": [
            {
              "Node Type": "Aggregate",
              "Strategy": "Plain",
              "Partial Mode": "Partial",
              "Parent Relationship": "Outer",
              "Parallel Aware": false,
              "Startup Cost": 75293.31,
              "Total Cost": 75293.32,
              "Plan Rows": 1,
              "Plan Width": 8,
              "Actual Startup Time": 268.722,
              "Actual Total Time": 268.784,
              "Actual Rows": 1,
              "Actual Loops": 4,
              "Plans": [
                {
                  "Node Type": "Hash Join",
                  "Parent Relationship": "Outer",
                  "Parallel Aware": true,
                  "Join Type": "Inner",
                  "Startup Cost": 45793.76,
                  "Total Cost": 75209.65,
                  "Plan Rows": 33465,
                  "Plan Width": 0,
                  "Actual Startup Time": 116.885,
                  "Actual Total Time": 263.752,
                  "Actual Rows": 121334,
                  "Actual Loops": 4,
                  "Inner Unique": true,
                  "Hash Cond": "(mc.movie_id = t.id)",
                  "Plans": [
                    {
                      "Node Type": "Seq Scan",
                      "Parent Relationship": "Outer",
                      "Parallel Aware": true,
                      "Relation Name": "movie_companies",
                      "Alias": "mc",
                      "Startup Cost": 0.0,
                      "Total Cost": 27206.55,
                      "Plan Rows": 841655,
                      "Plan Width": 4,
                      "Actual Startup Time": 0.024,
                      "Actual Total Time": 55.856,
                      "Actual Rows": 652282,
                      "Actual Loops": 4
                    },
                    {
                      "Node Type": "Hash",
                      "Parent Relationship": "Inner",
                      "Parallel Aware": true,
                      "Startup Cost": 45479.59,
                      "Total Cost": 45479.59,
                      "Plan Rows": 25134,
                      "Plan Width": 4,
                      "Actual Startup Time": 115.544,
                      "Actual Total Time": 115.545,
                      "Actual Rows": 57345,
                      "Actual Loops": 4,
                      "Hash Buckets": 262144,
                      "Original Hash Buckets": 131072,
                      "Hash Batches": 1,
                      "Original Hash Batches": 1,
                      "Peak Memory Usage": 12128,
                      "Plans": [
                        {
                          "Node Type": "Seq Scan",
                          "Parent Relationship": "Outer",
                          "Parallel Aware": true,
                          "Relation Name": "title",
                          "Alias": "t",
                          "Startup Cost": 0.0,
                          "Total Cost": 45479.59,
                          "Plan Rows": 25134,
                          "Plan Width": 4,
                          "Actual Startup Time": 0.099,
                          "Actual Total Time": 94.142,
                          "Actual Rows": 57345,
                          "Actual Loops": 4,
                          "Filter": "((kind_id < 3) AND (production_year < 1969))",
                          "Rows Removed by Filter": 574733
                        }
                      ]
                    }
                  ]
                }
              ]
            }
          ]
        }
      ]
    },
    "Planning Time": 0.405,
    "Triggers": [],
    "Execution Time": 291.159
  }
]