[
  {
    "Plan": {
      "Node Type": "Aggregate",
      "Strategy": "Plain",
      "Partial Mode": "Finalize",
      "Parallel Aware": false,
      "Startup Cost": 33192.37,
      "Total Cost": 33192.38,
      "Plan Rows": 1,
      "Plan Width": 8,
      "Actual Startup Time": 77.777,
      "Actual Total Time": 81.118,
      "Actual Rows": 1,
      "Actual Loops": 1,
      "Plans": [
        {
          "Node Type": "Gather",
          "Parent Relationship": "Outer",
          "Parallel Aware": false,
          "Startup Cost": 33192.06,
          "Total Cost": 33192.37,
          "Plan Rows": 3,
          "Plan Width": 8,
          "Actual Startup Time": 77.374,
          "Actual Total Time": 81.112,
          "Actual Rows": 4,
          "Actual Loops": 1,
          "Workers Planned": 3,
          "Workers Launched": 3,
          "Single Copy": false,
          "Plans": [
            {
              "Node Type": "Aggregate",
              "Strategy": "Plain",
              "Partial Mode": "Partial",
              "Parent Relationship": "Outer",
              "Parallel Aware": false,
              "Startup Cost": 32192.06,
              "Total Cost": 32192.07,
              "Plan Rows": 1,
              "Plan Width": 8,
              "Actual Startup Time": 75.045,
              "Actual Total Time": 75.046,
              "Actual Rows": 1,
              "Actual Loops": 4,
              "Plans": [
                {
                  "Node Type": "Seq Scan",
                  "Parent Relationship": "Outer",
                  "Parallel Aware": true,
                  "Relation Name": "movie_companies",
                  "Alias": "mc",
                  "Startup Cost": 0.0,
                  "Total Cost": 31414.82,
                  "Plan Rows": 310895,
                  "Plan Width": 0,
                  "Actual Startup Time": 28.128,
                  "Actual Total Time": 62.836,
                  "Actual Rows": 281613,
                  "Actual Loops": 4,
                  "Filter": "((company_id > 1373) AND (company_type_id > 1))",
                  "Rows Removed by Filter": 370669
                }
              ]
            }
          ]
        }
      ]
    },
    "Planning Time": 0.062,
    "Triggers": [],
    "Execution Time": 81.135
  }
]