[
    {
        "Bao": {
            "Bao prediction": "NaN",
            "Bao recommended hint": "(no hint)"
        }
    },
    {
        "Plan": {
            "Node Type": "Aggregate",
            "Strategy": "Plain",
            "Partial Mode": "Simple",
            "Parallel Aware": false,
            "Startup Cost": 154344.01,
            "Total Cost": 154344.02,
            "Plan Rows": 1,
            "Plan Width": 8,
            "Actual Startup Time": 24.872,
            "Actual Total Time": 24.873,
            "Actual Rows": 1,
            "Actual Loops": 1,
            "Output": [
                "count(*)"
            ],
            "Plans": [
                {
                    "Node Type": "Index Only Scan",
                    "Parent Relationship": "Outer",
                    "Parallel Aware": false,
                    "Scan Direction": "Forward",
                    "Index Name": "person_id_cast_info",
                    "Relation Name": "cast_info",
                    "Schema": "public",
                    "Alias": "ci",
                    "Startup Cost": 0.56,
                    "Total Cost": 154124.5,
                    "Plan Rows": 87805,
                    "Plan Width": 0,
                    "Actual Startup Time": 0.013,
                    "Actual Total Time": 20.19,
                    "Actual Rows": 89015,
                    "Actual Loops": 1,
                    "Output": [
                        "person_id"
                    ],
                    "Index Cond": "(ci.person_id < 10293)",
                    "Rows Removed by Index Recheck": 0,
                    "Heap Fetches": 89015
                }
            ]
        },
        "Planning Time": 186.526,
        "Triggers": [],
        "Execution Time": 24.908
    }
]