[
  {
    "Plan": {
      "Node Type": "Aggregate",
      "Strategy": "Plain",
      "Partial Mode": "Finalize",
      "Parallel Aware": false,
      "Startup Cost": 310623.34,
      "Total Cost": 310623.35,
      "Plan Rows": 1,
      "Plan Width": 8,
      "Actual Startup Time": 24468.282,
      "Actual Total Time": 24559.597,
      "Actual Rows": 1,
      "Actual Loops": 1,
      "Plans": [
        {
          "Node Type": "Gather",
          "Parent Relationship": "Outer",
          "Parallel Aware": false,
          "Startup Cost": 310622.92,
          "Total Cost": 310623.33,
          "Plan Rows": 4,
          "Plan Width": 8,
          "Actual Startup Time": 24451.345,
          "Actual Total Time": 24559.581,
          "Actual Rows": 5,
          "Actual Loops": 1,
          "Workers Planned": 4,
          "Workers Launched": 4,
          "Single Copy": false,
          "Plans": [
            {
              "Node Type": "Aggregate",
              "Strategy": "Plain",
              "Partial Mode": "Partial",
              "Parent Relationship": "Outer",
              "Parallel Aware": false,
              "Startup Cost": 309622.92,
              "Total Cost": 309622.93,
              "Plan Rows": 1,
              "Plan Width": 8,
              "Actual Startup Time": 24443.63,
              "Actual Total Time": 24443.634,
              "Actual Rows": 1,
              "Actual Loops": 5,
              "Plans": [
                {
                  "Node Type": "Nested Loop",
                  "Parent Relationship": "Outer",
                  "Parallel Aware": false,
                  "Join Type": "Inner",
                  "Startup Cost": 1.0,
                  "Total Cost": 309054.25,
                  "Plan Rows": 227466,
                  "Plan Width": 0,
                  "Actual Startup Time": 12.258,
                  "Actual Total Time": 24365.89,
                  "Actual Rows": 487065,
                  "Actual Loops": 5,
                  "Inner Unique": false,
                  "Join Filter": "(t.id = ci.movie_id)",
                  "Rows Removed by Join Filter": 0,
                  "Plans": [
                    {
                      "Node Type": "Nested Loop",
                      "Parent Relationship": "Outer",
                      "Parallel Aware": false,
                      "Join Type": "Inner",
                      "Startup Cost": 0.43,
                      "Total Cost": 240311.67,
                      "Plan Rows": 45281,
                      "Plan Width": 8,
                      "Actual Startup Time": 1.078,
                      "Actual Total Time": 1898.211,
                      "Actual Rows": 35699,
                      "Actual Loops": 5,
                      "Inner Unique": false,
                      "Plans": [
                        {
                          "Node Type": "Seq Scan",
                          "Parent Relationship": "Outer",
                          "Parallel Aware": true,
                          "Relation Name": "title",
                          "Alias": "t",
                          "Startup Cost": 0.0,
                          "Total Cost": 43899.32,
                          "Plan Rows": 7712,
                          "Plan Width": 4,
                          "Actual Startup Time": 0.113,
                          "Actual Total Time": 188.581,
                          "Actual Rows": 6005,
                          "Actual Loops": 5,
                          "Filter": "(production_year = 1994)",
                          "Rows Removed by Filter": 499657
                        },
                        {
                          "Node Type": "Index Only Scan",
                          "Parent Relationship": "Inner",
                          "Parallel Aware": false,
                          "Scan Direction": "Forward",
                          "Index Name": "movie_id_movie_info",
                          "Relation Name": "movie_info",
                          "Alias": "mi",
                          "Startup Cost": 0.43,
                          "Total Cost": 25.06,
                          "Plan Rows": 41,
                          "Plan Width": 4,
                          "Actual Startup Time": 0.255,
                          "Actual Total Time": 0.28,
                          "Actual Rows": 6,
                          "Actual Loops": 30027,
                          "Index Cond": "(movie_id = t.id)",
                          "Rows Removed by Index Recheck": 0,
                          "Heap Fetches": 178496
                        }
                      ]
                    },
                    {
                      "Node Type": "Index Scan",
                      "Parent Relationship": "Inner",
                      "Parallel Aware": false,
                      "Scan Direction": "Forward",
                      "Index Name": "movie_id_cast_info",
                      "Relation Name": "cast_info",
                      "Alias": "ci",
                      "Startup Cost": 0.56,
                      "Total Cost": 1.37,
                      "Plan Rows": 12,
                      "Plan Width": 4,
                      "Actual Startup Time": 0.577,
                      "Actual Total Time": 0.624,
                      "Actual Rows": 14,
                      "Actual Loops": 178496,
                      "Index Cond": "(movie_id = mi.movie_id)",
                      "Rows Removed by Index Recheck": 0,
                      "Filter": "(role_id = 1)",
                      "Rows Removed by Filter": 25
                    }
                  ]
                }
              ]
            }
          ]
        }
      ]
    },
    "Planning Time": 1.698,
    "Triggers": [],
    "Execution Time": 24559.743
  }
]