[
  {
    "Plan": {
      "Node Type": "Aggregate",
      "Strategy": "Plain",
      "Partial Mode": "Finalize",
      "Parallel Aware": false,
      "Startup Cost": 97041.08,
      "Total Cost": 97041.09,
      "Plan Rows": 1,
      "Plan Width": 8,
      "Actual Startup Time": 725.814,
      "Actual Total Time": 759.248,
      "Actual Rows": 1,
      "Actual Loops": 1,
      "Plans": [
        {
          "Node Type": "Gather",
          "Parent Relationship": "Outer",
          "Parallel Aware": false,
          "Startup Cost": 97040.76,
          "Total Cost": 97041.07,
          "Plan Rows": 3,
          "Plan Width": 8,
          "Actual Startup Time": 713.532,
          "Actual Total Time": 759.228,
          "Actual Rows": 4,
          "Actual Loops": 1,
          "Workers Planned": 3,
          "Workers Launched": 3,
          "Single Copy": false,
          "Plans": [
            {
              "Node Type": "Aggregate",
              "Strategy": "Plain",
              "Partial Mode": "Partial",
              "Parent Relationship": "Outer",
              "Parallel Aware": false,
              "Startup Cost": 96040.76,
              "Total Cost": 96040.77,
              "Plan Rows": 1,
              "Plan Width": 8,
              "Actual Startup Time": 696.555,
              "Actual Total Time": 696.56,
              "Actual Rows": 1,
              "Actual Loops": 4,
              "Plans": [
                {
                  "Node Type": "Nested Loop",
                  "Parent Relationship": "Outer",
                  "Parallel Aware": false,
                  "Join Type": "Inner",
                  "Startup Cost": 52293.39,
                  "Total Cost": 96021.4,
                  "Plan Rows": 7745,
                  "Plan Width": 0,
                  "Actual Startup Time": 462.594,
                  "Actual Total Time": 691.393,
                  "Actual Rows": 69647,
                  "Actual Loops": 4,
                  "Inner Unique": false,
                  "Plans": [
                    {
                      "Node Type": "Hash Join",
                      "Parent Relationship": "Outer",
                      "Parallel Aware": true,
                      "Join Type": "Inner",
                      "Startup Cost": 52292.96,
                      "Total Cost": 77222.99,
                      "Plan Rows": 31473,
                      "Plan Width": 8,
                      "Actual Startup Time": 462.52,
                      "Actual Total Time": 524.465,
                      "Actual Rows": 25526,
                      "Actual Loops": 4,
                      "Inner Unique": true,
                      "Hash Cond": "(mk.movie_id = t.id)",
                      "Plans": [
                        {
                          "Node Type": "Bitmap Heap Scan",
                          "Parent Relationship": "Outer",
                          "Parallel Aware": true,
                          "Relation Name": "movie_keyword",
                          "Alias": "mk",
                          "Startup Cost": 2072.58,
                          "Total Cost": 26919.99,
                          "Plan Rows": 31473,
                          "Plan Width": 4,
                          "Actual Startup Time": 16.422,
                          "Actual Total Time": 52.396,
                          "Actual Rows": 25526,
                          "Actual Loops": 4,
                          "Recheck Cond": "(keyword_id < 101)",
                          "Rows Removed by Index Recheck": 0,
                          "Exact Heap Blocks": 8633,
                          "Lossy Heap Blocks": 0,
                          "Plans": [
                            {
                              "Node Type": "Bitmap Index Scan",
                              "Parent Relationship": "Outer",
                              "Parallel Aware": false,
                              "Index Name": "keyword_id_movie_keyword",
                              "Startup Cost": 0.0,
                              "Total Cost": 2048.18,
                              "Plan Rows": 97567,
                              "Plan Width": 0,
                              "Actual Startup Time": 11.355,
                              "Actual Total Time": 11.356,
                              "Actual Rows": 102103,
                              "Actual Loops": 1,
                              "Index Cond": "(keyword_id < 101)"
                            }
                          ]
                        },
                        {
                          "Node Type": "Hash",
                          "Parent Relationship": "Inner",
                          "Parallel Aware": true,
                          "Startup Cost": 42319.06,
                          "Total Cost": 42319.06,
                          "Plan Rows": 632106,
                          "Plan Width": 4,
                          "Actual Startup Time": 435.23,
                          "Actual Total Time": 435.231,
                          "Actual Rows": 632078,
                          "Actual Loops": 4,
                          "Hash Buckets": 4194304,
                          "Original Hash Buckets": 4194304,
                          "Hash Batches": 1,
                          "Original Hash Batches": 1,
                          "Peak Memory Usage": 131712,
                          "Plans": [
                            {
                              "Node Type": "Seq Scan",
                              "Parent Relationship": "Outer",
                              "Parallel Aware": true,
                              "Relation Name": "title",
                              "Alias": "t",
                              "Startup Cost": 0.0,
                              "Total Cost": 42319.06,
                              "Plan Rows": 632106,
                              "Plan Width": 4,
                              "Actual Startup Time": 0.052,
                              "Actual Total Time": 133.384,
                              "Actual Rows": 632078,
                              "Actual Loops": 4
                            }
                          ]
                        }
                      ]
                    },
                    {
                      "Node Type": "Index Scan",
                      "Parent Relationship": "Inner",
                      "Parallel Aware": false,
                      "Scan Direction": "Forward",
                      "Index Name": "movie_id_movie_companies",
                      "Relation Name": "movie_companies",
                      "Alias": "mc",
                      "Startup Cost": 0.43,
                      "Total Cost": 0.59,
                      "Plan Rows": 1,
                      "Plan Width": 4,
                      "Actual Startup Time": 0.004,
                      "Actual Total Time": 0.006,
                      "Actual Rows": 3,
                      "Actual Loops": 102103,
                      "Index Cond": "(movie_id = t.id)",
                      "Rows Removed by Index Recheck": 0,
                      "Filter": "((company_id < 11240) AND (company_type_id < 2))",
                      "Rows Removed by Filter": 3
                    }
                  ]
                }
              ]
            }
          ]
        }
      ]
    },
    "Planning Time": 1.196,
    "Triggers": [],
    "Execution Time": 759.346
  }
]