[
  {
    "Plan": {
      "Node Type": "Aggregate",
      "Strategy": "Plain",
      "Partial Mode": "Finalize",
      "Parallel Aware": false,
      "Startup Cost": 383020.67,
      "Total Cost": 383020.68,
      "Plan Rows": 1,
      "Plan Width": 8,
      "Actual Startup Time": 1436.092,
      "Actual Total Time": 1539.001,
      "Actual Rows": 1,
      "Actual Loops": 1,
      "Plans": [
        {
          "Node Type": "Gather",
          "Parent Relationship": "Outer",
          "Parallel Aware": false,
          "Startup Cost": 383020.04,
          "Total Cost": 383020.65,
          "Plan Rows": 6,
          "Plan Width": 8,
          "Actual Startup Time": 1432.472,
          "Actual Total Time": 1538.978,
          "Actual Rows": 7,
          "Actual Loops": 1,
          "Workers Planned": 6,
          "Workers Launched": 6,
          "Single Copy": false,
          "Plans": [
            {
              "Node Type": "Aggregate",
              "Strategy": "Plain",
              "Partial Mode": "Partial",
              "Parent Relationship": "Outer",
              "Parallel Aware": false,
              "Startup Cost": 382020.04,
              "Total Cost": 382020.05,
              "Plan Rows": 1,
              "Plan Width": 8,
              "Actual Startup Time": 1423.499,
              "Actual Total Time": 1423.506,
              "Actual Rows": 1,
              "Actual Loops": 7,
              "Plans": [
                {
                  "Node Type": "Hash Join",
                  "Parent Relationship": "Outer",
                  "Parallel Aware": true,
                  "Join Type": "Inner",
                  "Startup Cost": 47139.79,
                  "Total Cost": 380908.05,
                  "Plan Rows": 444798,
                  "Plan Width": 0,
                  "Actual Startup Time": 132.835,
                  "Actual Total Time": 1403.596,
                  "Actual Rows": 353740,
                  "Actual Loops": 7,
                  "Inner Unique": true,
                  "Hash Cond": "(ci.movie_id = t.id)",
                  "Plans": [
                    {
                      "Node Type": "Seq Scan",
                      "Parent Relationship": "Outer",
                      "Parallel Aware": true,
                      "Relation Name": "cast_info",
                      "Alias": "ci",
                      "Startup Cost": 0.0,
                      "Total Cost": 328211.39,
                      "Plan Rows": 2116898,
                      "Plan Width": 4,
                      "Actual Startup Time": 0.023,
                      "Actual Total Time": 874.873,
                      "Actual Rows": 1810098,
                      "Actual Loops": 7,
                      "Filter": "(role_id = 1)",
                      "Rows Removed by Filter": 3367665
                    },
                    {
                      "Node Type": "Hash",
                      "Parent Relationship": "Inner",
                      "Parallel Aware": true,
                      "Startup Cost": 45479.59,
                      "Total Cost": 45479.59,
                      "Plan Rows": 132816,
                      "Plan Width": 4,
                      "Actual Startup Time": 130.431,
                      "Actual Total Time": 130.434,
                      "Actual Rows": 58300,
                      "Actual Loops": 7,
                      "Hash Buckets": 1048576,
                      "Original Hash Buckets": 1048576,
                      "Hash Batches": 1,
                      "Original Hash Batches": 1,
                      "Peak Memory Usage": 24288,
                      "Plans": [
                        {
                          "Node Type": "Seq Scan",
                          "Parent Relationship": "Outer",
                          "Parallel Aware": true,
                          "Relation Name": "title",
                          "Alias": "t",
                          "Startup Cost": 0.0,
                          "Total Cost": 45479.59,
                          "Plan Rows": 132816,
                          "Plan Width": 4,
                          "Actual Startup Time": 48.99,
                          "Actual Total Time": 95.914,
                          "Actual Rows": 58300,
                          "Actual Loops": 7,
                          "Filter": "((production_year > 1974) AND (kind_id = 1))",
                          "Rows Removed by Filter": 302887
                        }
                      ]
                    }
                  ]
                }
              ]
            }
          ]
        }
      ]
    },
    "Planning Time": 0.283,
    "Triggers": [],
    "Execution Time": 1539.063
  }
]