[
  {
    "Plan": {
      "Node Type": "Aggregate",
      "Strategy": "Plain",
      "Partial Mode": "Finalize",
      "Parallel Aware": false,
      "Startup Cost": 30776.54,
      "Total Cost": 30776.55,
      "Plan Rows": 1,
      "Plan Width": 8,
      "Actual Startup Time": 105.125,
      "Actual Total Time": 114.249,
      "Actual Rows": 1,
      "Actual Loops": 1,
      "Plans": [
        {
          "Node Type": "Gather",
          "Parent Relationship": "Outer",
          "Parallel Aware": false,
          "Startup Cost": 30776.22,
          "Total Cost": 30776.53,
          "Plan Rows": 3,
          "Plan Width": 8,
          "Actual Startup Time": 105.023,
          "Actual Total Time": 114.241,
          "Actual Rows": 4,
          "Actual Loops": 1,
          "Workers Planned": 3,
          "Workers Launched": 3,
          "Single Copy": false,
          "Plans": [
            {
              "Node Type": "Aggregate",
              "Strategy": "Plain",
              "Partial Mode": "Partial",
              "Parent Relationship": "Outer",
              "Parallel Aware": false,
              "Startup Cost": 29776.22,
              "Total Cost": 29776.23,
              "Plan Rows": 1,
              "Plan Width": 8,
              "Actual Startup Time": 97.482,
              "Actual Total Time": 97.483,
              "Actual Rows": 1,
              "Actual Loops": 4,
              "Plans": [
                {
                  "Node Type": "Seq Scan",
                  "Parent Relationship": "Outer",
                  "Parallel Aware": true,
                  "Relation Name": "movie_companies",
                  "Alias": "mc",
                  "Startup Cost": 0.0,
                  "Total Cost": 29310.68,
                  "Plan Rows": 186215,
                  "Plan Width": 0,
                  "Actual Startup Time": 0.053,
                  "Actual Total Time": 86.408,
                  "Actual Rows": 143159,
                  "Actual Loops": 4,
                  "Filter": "(company_id < 607)",
                  "Rows Removed by Filter": 509123
                }
              ]
            }
          ]
        }
      ]
    },
    "Planning Time": 0.2,
    "Triggers": [],
    "Execution Time": 114.309
  }
]