[
  {
    "Plan": {
      "Node Type": "Aggregate",
      "Strategy": "Plain",
      "Partial Mode": "Finalize",
      "Parallel Aware": false,
      "Startup Cost": 126725.47,
      "Total Cost": 126725.48,
      "Plan Rows": 1,
      "Plan Width": 8,
      "Actual Startup Time": 662.932,
      "Actual Total Time": 682.471,
      "Actual Rows": 1,
      "Actual Loops": 1,
      "Plans": [
        {
          "Node Type": "Gather",
          "Parent Relationship": "Outer",
          "Parallel Aware": false,
          "Startup Cost": 126725.15,
          "Total Cost": 126725.46,
          "Plan Rows": 3,
          "Plan Width": 8,
          "Actual Startup Time": 657.785,
          "Actual Total Time": 682.46,
          "Actual Rows": 4,
          "Actual Loops": 1,
          "Workers Planned": 3,
          "Workers Launched": 3,
          "Single Copy": false,
          "Plans": [
            {
              "Node Type": "Aggregate",
              "Strategy": "Plain",
              "Partial Mode": "Partial",
              "Parent Relationship": "Outer",
              "Parallel Aware": false,
              "Startup Cost": 125725.15,
              "Total Cost": 125725.16,
              "Plan Rows": 1,
              "Plan Width": 8,
              "Actual Startup Time": 652.009,
              "Actual Total Time": 652.139,
              "Actual Rows": 1,
              "Actual Loops": 4,
              "Plans": [
                {
                  "Node Type": "Hash Join",
                  "Parent Relationship": "Outer",
                  "Parallel Aware": true,
                  "Join Type": "Inner",
                  "Startup Cost": 92928.6,
                  "Total Cost": 125438.87,
                  "Plan Rows": 114512,
                  "Plan Width": 0,
                  "Actual Startup Time": 367.545,
                  "Actual Total Time": 598.734,
                  "Actual Rows": 1314076,
                  "Actual Loops": 4,
                  "Inner Unique": false,
                  "Hash Cond": "(mc.movie_id = t.id)",
                  "Plans": [
                    {
                      "Node Type": "Seq Scan",
                      "Parent Relationship": "Outer",
                      "Parallel Aware": true,
                      "Relation Name": "movie_companies",
                      "Alias": "mc",
                      "Startup Cost": 0.0,
                      "Total Cost": 29310.68,
                      "Plan Rows": 754719,
                      "Plan Width": 4,
                      "Actual Startup Time": 0.034,
                      "Actual Total Time": 70.256,
                      "Actual Rows": 585781,
                      "Actual Loops": 4,
                      "Filter": "(company_id > 137)",
                      "Rows Removed by Filter": 66501
                    },
                    {
                      "Node Type": "Hash",
                      "Parent Relationship": "Inner",
                      "Parallel Aware": true,
                      "Startup Cost": 91381.7,
                      "Total Cost": 91381.7,
                      "Plan Rows": 123752,
                      "Plan Width": 8,
                      "Actual Startup Time": 364.24,
                      "Actual Total Time": 364.369,
                      "Actual Rows": 149646,
                      "Actual Loops": 4,
                      "Hash Buckets": 1048576,
                      "Original Hash Buckets": 524288,
                      "Hash Batches": 1,
                      "Original Hash Batches": 1,
                      "Peak Memory Usage": 35776,
                      "Plans": [
                        {
                          "Node Type": "Hash Join",
                          "Parent Relationship": "Outer",
                          "Parallel Aware": true,
                          "Join Type": "Inner",
                          "Startup Cost": 47022.81,
                          "Total Cost": 91381.7,
                          "Plan Rows": 123752,
                          "Plan Width": 8,
                          "Actual Startup Time": 142.894,
                          "Actual Total Time": 310.734,
                          "Actual Rows": 149646,
                          "Actual Loops": 4,
                          "Inner Unique": true,
                          "Hash Cond": "(mk.movie_id = t.id)",
                          "Plans": [
                            {
                              "Node Type": "Seq Scan",
                              "Parent Relationship": "Outer",
                              "Parallel Aware": true,
                              "Relation Name": "movie_keyword",
                              "Alias": "mk",
                              "Startup Cost": 0.0,
                              "Total Cost": 42695.65,
                              "Plan Rows": 633615,
                              "Plan Width": 4,
                              "Actual Startup Time": 0.03,
                              "Actual Total Time": 100.102,
                              "Actual Rows": 492615,
                              "Actual Loops": 4,
                              "Filter": "(keyword_id < 3448)",
                              "Rows Removed by Filter": 638367
                            },
                            {
                              "Node Type": "Hash",
                              "Parent Relationship": "Inner",
                              "Parallel Aware": true,
                              "Startup Cost": 45479.59,
                              "Total Cost": 45479.59,
                              "Plan Rows": 123458,
                              "Plan Width": 4,
                              "Actual Startup Time": 140.888,
                              "Actual Total Time": 140.889,
                              "Actual Rows": 105071,
                              "Actual Loops": 4,
                              "Hash Buckets": 524288,
                              "Original Hash Buckets": 524288,
                              "Hash Batches": 1,
                              "Original Hash Batches": 1,
                              "Peak Memory Usage": 20608,
                              "Plans": [
                                {
                                  "Node Type": "Seq Scan",
                                  "Parent Relationship": "Outer",
                                  "Parallel Aware": true,
                                  "Relation Name": "title",
                                  "Alias": "t",
                                  "Startup Cost": 0.0,
                                  "Total Cost": 45479.59,
                                  "Plan Rows": 123458,
                                  "Plan Width": 4,
                                  "Actual Startup Time": 0.066,
                                  "Actual Total Time": 99.29,
                                  "Actual Rows": 105071,
                                  "Actual Loops": 4,
                                  "Filter": "((kind_id < 7) AND (production_year > 2002))",
                                  "Rows Removed by Filter": 527007
                                }
                              ]
                            }
                          ]
                        }
                      ]
                    }
                  ]
                }
              ]
            }
          ]
        }
      ]
    },
    "Planning Time": 1.473,
    "Triggers": [],
    "Execution Time": 682.562
  }
]