{
  "Plan": {
    "Node Type": "Aggregate",
    "Strategy": "Plain",
    "Partial Mode": "Finalize",
    "Parallel Aware": false,
    "Startup Cost": 474900.33,
    "Total Cost": 474900.34,
    "Plan Rows": 1,
    "Plan Width": 8,
    "Actual Startup Time": 4570.104,
    "Actual Total Time": 4604.025,
    "Actual Rows": 1,
    "Actual Loops": 1,
    "Plans": [
      {
        "Node Type": "Gather",
        "Parent Relationship": "Outer",
        "Parallel Aware": false,
        "Startup Cost": 474900.21,
        "Total Cost": 474900.32,
        "Plan Rows": 1,
        "Plan Width": 8,
        "Actual Startup Time": 4542.664,
        "Actual Total Time": 4604.015,
        "Actual Rows": 2,
        "Actual Loops": 1,
        "Workers Planned": 1,
        "Workers Launched": 1,
        "Single Copy": false,
        "Plans": [
          {
            "Node Type": "Aggregate",
            "Strategy": "Plain",
            "Partial Mode": "Partial",
            "Parent Relationship": "Outer",
            "Parallel Aware": false,
            "Startup Cost": 473900.21,
            "Total Cost": 473900.22,
            "Plan Rows": 1,
            "Plan Width": 8,
            "Actual Startup Time": 4535.981,
            "Actual Total Time": 4537.744,
            "Actual Rows": 1,
            "Actual Loops": 2,
            "Plans": [
              {
                "Node Type": "Hash Join",
                "Parent Relationship": "Outer",
                "Parallel Aware": true,
                "Join Type": "Inner",
                "Startup Cost": 429506.91,
                "Total Cost": 472857.46,
                "Plan Rows": 417103,
                "Plan Width": 0,
                "Actual Startup Time": 4017.745,
                "Actual Total Time": 4431.046,
                "Actual Rows": 2247358,
                "Actual Loops": 2,
                "Inner Unique": false,
                "Hash Cond": "(mc.movie_id = t.id)",
                "Plans": [
                  {
                    "Node Type": "Seq Scan",
                    "Parent Relationship": "Outer",
                    "Parallel Aware": true,
                    "Relation Name": "movie_companies",
                    "Alias": "mc",
                    "Startup Cost": 0.0,
                    "Total Cost": 37974.77,
                    "Plan Rows": 779260,
                    "Plan Width": 4,
                    "Actual Startup Time": 53.499,
                    "Actual Total Time": 132.631,
                    "Actual Rows": 667442,
                    "Actual Loops": 2,
                    "Filter": "(company_type_id > 1)",
                    "Rows Removed by Filter": 637123
                  },
                  {
                    "Node Type": "Hash",
                    "Parent Relationship": "Inner",
                    "Parallel Aware": true,
                    "Startup Cost": 419556.31,
                    "Total Cost": 419556.31,
                    "Plan Rows": 796048,
                    "Plan Width": 8,
                    "Actual Startup Time": 3950.095,
                    "Actual Total Time": 3950.098,
                    "Actual Rows": 1679408,
                    "Actual Loops": 2,
                    "Hash Buckets": 4194304,
                    "Original Hash Buckets": 2097152,
                    "Hash Batches": 1,
                    "Original Hash Batches": 1,
                    "Peak Memory Usage": 180576,
                    "Plans": [
                      {
                        "Node Type": "Merge Join",
                        "Parent Relationship": "Outer",
                        "Parallel Aware": false,
                        "Join Type": "Inner",
                        "Startup Cost": 301278.26,
                        "Total Cost": 419556.31,
                        "Plan Rows": 796048,
                        "Plan Width": 8,
                        "Actual Startup Time": 1893.036,
                        "Actual Total Time": 3553.432,
                        "Actual Rows": 1679408,
                        "Actual Loops": 2,
                        "Inner Unique": false,
                        "Merge Cond": "(t.id = ci.movie_id)",
                        "Plans": [
                          {
                            "Node Type": "Index Only Scan",
                            "Parent Relationship": "Outer",
                            "Parallel Aware": true,
                            "Scan Direction": "Forward",
                            "Index Name": "title_pkey",
                            "Relation Name": "title",
                            "Alias": "t",
                            "Startup Cost": 0.43,
                            "Total Cost": 99929.35,
                            "Plan Rows": 1487231,
                            "Plan Width": 4,
                            "Actual Startup Time": 0.098,
                            "Actual Total Time": 735.259,
                            "Actual Rows": 1262987,
                            "Actual Loops": 2,
                            "Heap Fetches": 2525974
                          },
                          {
                            "Node Type": "Sort",
                            "Parent Relationship": "Inner",
                            "Parallel Aware": false,
                            "Startup Cost": 301277.69,
                            "Total Cost": 304660.89,
                            "Plan Rows": 1353281,
                            "Plan Width": 4,
                            "Actual Startup Time": 1892.848,
                            "Actual Total Time": 2352.216,
                            "Actual Rows": 3358816,
                            "Actual Loops": 2,
                            "Sort Key": [
                              "ci.movie_id"
                            ],
                            "Sort Method": "quicksort",
                            "Sort Space Used": 255749,
                            "Sort Space Type": "Memory",
                            "Workers": [
                              {
                                "Worker Number": 0,
                                "Sort Method": "quicksort",
                                "Sort Space Used": 255749,
                                "Sort Space Type": "Memory"
                              }
                            ],
                            "Plans": [
                              {
                                "Node Type": "Index Scan",
                                "Parent Relationship": "Outer",
                                "Parallel Aware": false,
                                "Scan Direction": "Forward",
                                "Index Name": "role_id_cast_info",
                                "Relation Name": "cast_info",
                                "Alias": "ci",
                                "Startup Cost": 0.56,
                                "Total Cost": 163459.35,
                                "Plan Rows": 1353281,
                                "Plan Width": 4,
                                "Actual Startup Time": 0.189,
                                "Actual Total Time": 892.527,
                                "Actual Rows": 3358816,
                                "Actual Loops": 2,
                                "Index Cond": "(role_id = 10)",
                                "Rows Removed by Index Recheck": 0,
                                "Filter": "(person_id > 2593793)",
                                "Rows Removed by Filter": 964202
                              }
                            ]
                          }
                        ]
                      }
                    ]
                  }
                ]
              }
            ]
          }
        ]
      }
    ]
  },
  "Planning Time": 0.932,
  "Triggers": [],
  "Execution Time": 4618.459
}