[
  {
    "Plan": {
      "Node Type": "Aggregate",
      "Strategy": "Plain",
      "Partial Mode": "Finalize",
      "Parallel Aware": false,
      "Startup Cost": 91285.11,
      "Total Cost": 91285.12,
      "Plan Rows": 1,
      "Plan Width": 8,
      "Actual Startup Time": 313.451,
      "Actual Total Time": 331.438,
      "Actual Rows": 1,
      "Actual Loops": 1,
      "Plans": [
        {
          "Node Type": "Gather",
          "Parent Relationship": "Outer",
          "Parallel Aware": false,
          "Startup Cost": 91284.79,
          "Total Cost": 91285.1,
          "Plan Rows": 3,
          "Plan Width": 8,
          "Actual Startup Time": 312.895,
          "Actual Total Time": 331.428,
          "Actual Rows": 4,
          "Actual Loops": 1,
          "Workers Planned": 3,
          "Workers Launched": 3,
          "Single Copy": false,
          "Plans": [
            {
              "Node Type": "Aggregate",
              "Strategy": "Plain",
              "Partial Mode": "Partial",
              "Parent Relationship": "Outer",
              "Parallel Aware": false,
              "Startup Cost": 90284.79,
              "Total Cost": 90284.8,
              "Plan Rows": 1,
              "Plan Width": 8,
              "Actual Startup Time": 304.267,
              "Actual Total Time": 304.27,
              "Actual Rows": 1,
              "Actual Loops": 4,
              "Plans": [
                {
                  "Node Type": "Hash Join",
                  "Parent Relationship": "Outer",
                  "Parallel Aware": true,
                  "Join Type": "Inner",
                  "Startup Cost": 44165.7,
                  "Total Cost": 90178.13,
                  "Plan Rows": 42665,
                  "Plan Width": 0,
                  "Actual Startup Time": 110.869,
                  "Actual Total Time": 302.561,
                  "Actual Rows": 34127,
                  "Actual Loops": 4,
                  "Inner Unique": true,
                  "Hash Cond": "(mk.movie_id = t.id)",
                  "Plans": [
                    {
                      "Node Type": "Seq Scan",
                      "Parent Relationship": "Outer",
                      "Parallel Aware": true,
                      "Relation Name": "movie_keyword",
                      "Alias": "mk",
                      "Startup Cost": 0.0,
                      "Total Cost": 42695.65,
                      "Plan Rows": 1263533,
                      "Plan Width": 4,
                      "Actual Startup Time": 0.028,
                      "Actual Total Time": 120.912,
                      "Actual Rows": 982094,
                      "Actual Loops": 4,
                      "Filter": "(keyword_id < 30892)",
                      "Rows Removed by Filter": 148888
                    },
                    {
                      "Node Type": "Hash",
                      "Parent Relationship": "Inner",
                      "Parallel Aware": true,
                      "Startup Cost": 43898.92,
                      "Total Cost": 43898.92,
                      "Plan Rows": 21343,
                      "Plan Width": 4,
                      "Actual Startup Time": 108.897,
                      "Actual Total Time": 108.898,
                      "Actual Rows": 21148,
                      "Actual Loops": 4,
                      "Hash Buckets": 131072,
                      "Original Hash Buckets": 131072,
                      "Hash Batches": 1,
                      "Original Hash Batches": 1,
                      "Peak Memory Usage": 4384,
                      "Plans": [
                        {
                          "Node Type": "Seq Scan",
                          "Parent Relationship": "Outer",
                          "Parallel Aware": true,
                          "Relation Name": "title",
                          "Alias": "t",
                          "Startup Cost": 0.0,
                          "Total Cost": 43898.92,
                          "Plan Rows": 21343,
                          "Plan Width": 4,
                          "Actual Startup Time": 0.042,
                          "Actual Total Time": 99.676,
                          "Actual Rows": 21148,
                          "Actual Loops": 4,
                          "Filter": "(production_year = 2004)",
                          "Rows Removed by Filter": 610930
                        }
                      ]
                    }
                  ]
                }
              ]
            }
          ]
        }
      ]
    },
    "Planning Time": 0.557,
    "Triggers": [],
    "Execution Time": 331.503
  }
]