[
  {
    "Plan": {
      "Node Type": "Aggregate",
      "Strategy": "Plain",
      "Partial Mode": "Finalize",
      "Parallel Aware": false,
      "Startup Cost": 349506.55,
      "Total Cost": 349506.56,
      "Plan Rows": 1,
      "Plan Width": 8,
      "Actual Startup Time": 670.95,
      "Actual Total Time": 712.033,
      "Actual Rows": 1,
      "Actual Loops": 1,
      "Plans": [
        {
          "Node Type": "Gather",
          "Parent Relationship": "Outer",
          "Parallel Aware": false,
          "Startup Cost": 349505.92,
          "Total Cost": 349506.53,
          "Plan Rows": 6,
          "Plan Width": 8,
          "Actual Startup Time": 670.704,
          "Actual Total Time": 712.013,
          "Actual Rows": 7,
          "Actual Loops": 1,
          "Workers Planned": 6,
          "Workers Launched": 6,
          "Single Copy": false,
          "Plans": [
            {
              "Node Type": "Aggregate",
              "Strategy": "Plain",
              "Partial Mode": "Partial",
              "Parent Relationship": "Outer",
              "Parallel Aware": false,
              "Startup Cost": 348505.92,
              "Total Cost": 348505.93,
              "Plan Rows": 1,
              "Plan Width": 8,
              "Actual Startup Time": 664.733,
              "Actual Total Time": 664.734,
              "Actual Rows": 1,
              "Actual Loops": 7,
              "Plans": [
                {
                  "Node Type": "Seq Scan",
                  "Parent Relationship": "Outer",
                  "Parallel Aware": true,
                  "Relation Name": "cast_info",
                  "Alias": "ci",
                  "Startup Cost": 0.0,
                  "Total Cost": 343316.27,
                  "Plan Rows": 2075860,
                  "Plan Width": 0,
                  "Actual Startup Time": 263.802,
                  "Actual Total Time": 601.969,
                  "Actual Rows": 1471752,
                  "Actual Loops": 7,
                  "Filter": "((person_id > 2266213) AND (role_id < 10))",
                  "Rows Removed by Filter": 3706012
                }
              ]
            }
          ]
        }
      ]
    },
    "Planning Time": 0.234,
    "Triggers": [],
    "Execution Time": 712.104
  }
]