[
  {
    "Plan": {
      "Node Type": "Aggregate",
      "Strategy": "Plain",
      "Partial Mode": "Finalize",
      "Parallel Aware": false,
      "Startup Cost": 33135.68,
      "Total Cost": 33135.69,
      "Plan Rows": 1,
      "Plan Width": 8,
      "Actual Startup Time": 91.045,
      "Actual Total Time": 98.784,
      "Actual Rows": 1,
      "Actual Loops": 1,
      "Plans": [
        {
          "Node Type": "Gather",
          "Parent Relationship": "Outer",
          "Parallel Aware": false,
          "Startup Cost": 33135.37,
          "Total Cost": 33135.68,
          "Plan Rows": 3,
          "Plan Width": 8,
          "Actual Startup Time": 90.899,
          "Actual Total Time": 98.775,
          "Actual Rows": 4,
          "Actual Loops": 1,
          "Workers Planned": 3,
          "Workers Launched": 3,
          "Single Copy": false,
          "Plans": [
            {
              "Node Type": "Aggregate",
              "Strategy": "Plain",
              "Partial Mode": "Partial",
              "Parent Relationship": "Outer",
              "Parallel Aware": false,
              "Startup Cost": 32135.37,
              "Total Cost": 32135.38,
              "Plan Rows": 1,
              "Plan Width": 8,
              "Actual Startup Time": 85.956,
              "Actual Total Time": 85.965,
              "Actual Rows": 1,
              "Actual Loops": 4,
              "Plans": [
                {
                  "Node Type": "Seq Scan",
                  "Parent Relationship": "Outer",
                  "Parallel Aware": true,
                  "Relation Name": "movie_companies",
                  "Alias": "mc",
                  "Startup Cost": 0.0,
                  "Total Cost": 31414.82,
                  "Plan Rows": 288219,
                  "Plan Width": 0,
                  "Actual Startup Time": 1.139,
                  "Actual Total Time": 77.026,
                  "Actual Rows": 180226,
                  "Actual Loops": 4,
                  "Filter": "((company_id > 1700) AND (company_type_id < 2))",
                  "Rows Removed by Filter": 472057
                }
              ]
            }
          ]
        }
      ]
    },
    "Planning Time": 0.218,
    "Triggers": [],
    "Execution Time": 98.841
  }
]