{
    "Plan": {
        "Node Type": "Aggregate",
        "Strategy": "Plain",
        "Partial Mode": "Finalize",
        "Parallel Aware": false,
        "Startup Cost": 250845.48,
        "Total Cost": 250845.49,
        "Plan Rows": 1,
        "Plan Width": 8,
        "Actual Startup Time": 702.13,
        "Actual Total Time": 741.563,
        "Actual Rows": 1,
        "Actual Loops": 1,
        "Output": [
            "count(*)"
        ],
        "Plans": [
            {
                "Node Type": "Gather",
                "Parent Relationship": "Outer",
                "Parallel Aware": false,
                "Startup Cost": 250844.96,
                "Total Cost": 250845.47,
                "Plan Rows": 5,
                "Plan Width": 8,
                "Actual Startup Time": 696.054,
                "Actual Total Time": 741.542,
                "Actual Rows": 6,
                "Actual Loops": 1,
                "Output": [
                    "(PARTIAL count(*))"
                ],
                "Workers Planned": 5,
                "Workers Launched": 5,
                "Single Copy": false,
                "Plans": [
                    {
                        "Node Type": "Aggregate",
                        "Strategy": "Plain",
                        "Partial Mode": "Partial",
                        "Parent Relationship": "Outer",
                        "Parallel Aware": false,
                        "Startup Cost": 249844.96,
                        "Total Cost": 249844.97,
                        "Plan Rows": 1,
                        "Plan Width": 8,
                        "Actual Startup Time": 685.498,
                        "Actual Total Time": 685.501,
                        "Actual Rows": 1,
                        "Actual Loops": 6,
                        "Output": [
                            "PARTIAL count(*)"
                        ],
                        "Workers": [
                            {
                                "Worker Number": 0,
                                "Actual Startup Time": 683.334,
                                "Actual Total Time": 683.338,
                                "Actual Rows": 1,
                                "Actual Loops": 1
                            },
                            {
                                "Worker Number": 1,
                                "Actual Startup Time": 683.329,
                                "Actual Total Time": 683.332,
                                "Actual Rows": 1,
                                "Actual Loops": 1
                            },
                            {
                                "Worker Number": 2,
                                "Actual Startup Time": 683.509,
                                "Actual Total Time": 683.511,
                                "Actual Rows": 1,
                                "Actual Loops": 1
                            },
                            {
                                "Worker Number": 3,
                                "Actual Startup Time": 683.507,
                                "Actual Total Time": 683.51,
                                "Actual Rows": 1,
                                "Actual Loops": 1
                            },
                            {
                                "Worker Number": 4,
                                "Actual Startup Time": 684.095,
                                "Actual Total Time": 684.098,
                                "Actual Rows": 1,
                                "Actual Loops": 1
                            }
                        ],
                        "Plans": [
                            {
                                "Node Type": "Hash Join",
                                "Parent Relationship": "Outer",
                                "Parallel Aware": true,
                                "Join Type": "Inner",
                                "Startup Cost": 47509.43,
                                "Total Cost": 249165.72,
                                "Plan Rows": 271695,
                                "Plan Width": 0,
                                "Actual Startup Time": 145.537,
                                "Actual Total Time": 663.655,
                                "Actual Rows": 517059,
                                "Actual Loops": 6,
                                "Inner Unique": true,
                                "Hash Cond": "(mi.movie_id = t.id)",
                                "Workers": [
                                    {
                                        "Worker Number": 0,
                                        "Actual Startup Time": 143.44,
                                        "Actual Total Time": 659.742,
                                        "Actual Rows": 376852,
                                        "Actual Loops": 1
                                    },
                                    {
                                        "Worker Number": 1,
                                        "Actual Startup Time": 143.462,
                                        "Actual Total Time": 662.111,
                                        "Actual Rows": 542972,
                                        "Actual Loops": 1
                                    },
                                    {
                                        "Worker Number": 2,
                                        "Actual Startup Time": 143.635,
                                        "Actual Total Time": 663.676,
                                        "Actual Rows": 512474,
                                        "Actual Loops": 1
                                    },
                                    {
                                        "Worker Number": 3,
                                        "Actual Startup Time": 143.598,
                                        "Actual Total Time": 663.692,
                                        "Actual Rows": 511953,
                                        "Actual Loops": 1
                                    },
                                    {
                                        "Worker Number": 4,
                                        "Actual Startup Time": 143.783,
                                        "Actual Total Time": 662.452,
                                        "Actual Rows": 553792,
                                        "Actual Loops": 1
                                    }
                                ],
                                "Plans": [
                                    {
                                        "Node Type": "Seq Scan",
                                        "Parent Relationship": "Outer",
                                        "Parallel Aware": true,
                                        "Relation Name": "movie_info",
                                        "Schema": "public",
                                        "Alias": "mi",
                                        "Startup Cost": 0.0,
                                        "Total Cost": 198880.74,
                                        "Plan Rows": 1057354,
                                        "Plan Width": 4,
                                        "Actual Startup Time": 0.029,
                                        "Actual Total Time": 308.447,
                                        "Actual Rows": 901753,
                                        "Actual Loops": 6,
                                        "Output": [
                                            "mi.id",
                                            "mi.movie_id",
                                            "mi.info_type_id",
                                            "mi.info",
                                            "mi.note"
                                        ],
                                        "Filter": "(mi.info_type_id < 6)",
                                        "Rows Removed by Filter": 1570867,
                                        "Workers": [
                                            {
                                                "Worker Number": 0,
                                                "Actual Startup Time": 0.036,
                                                "Actual Total Time": 319.142,
                                                "Actual Rows": 662431,
                                                "Actual Loops": 1
                                            },
                                            {
                                                "Worker Number": 1,
                                                "Actual Startup Time": 0.031,
                                                "Actual Total Time": 308.866,
                                                "Actual Rows": 947886,
                                                "Actual Loops": 1
                                            },
                                            {
                                                "Worker Number": 2,
                                                "Actual Startup Time": 0.039,
                                                "Actual Total Time": 308.233,
                                                "Actual Rows": 888563,
                                                "Actual Loops": 1
                                            },
                                            {
                                                "Worker Number": 3,
                                                "Actual Startup Time": 0.028,
                                                "Actual Total Time": 307.431,
                                                "Actual Rows": 885631,
                                                "Actual Loops": 1
                                            },
                                            {
                                                "Worker Number": 4,
                                                "Actual Startup Time": 0.034,
                                                "Actual Total Time": 310.224,
                                                "Actual Rows": 966893,
                                                "Actual Loops": 1
                                            }
                                        ]
                                    },
                                    {
                                        "Node Type": "Hash",
                                        "Parent Relationship": "Inner",
                                        "Parallel Aware": true,
                                        "Startup Cost": 45479.21,
                                        "Total Cost": 45479.21,
                                        "Plan Rows": 162418,
                                        "Plan Width": 4,
                                        "Actual Startup Time": 127.415,
                                        "Actual Total Time": 127.416,
                                        "Actual Rows": 108104,
                                        "Actual Loops": 6,
                                        "Output": [
                                            "t.id"
                                        ],
                                        "Hash Buckets": 1048576,
                                        "Original Hash Buckets": 1048576,
                                        "Hash Batches": 1,
                                        "Original Hash Batches": 1,
                                        "Peak Memory Usage": 33632,
                                        "Workers": [
                                            {
                                                "Worker Number": 0,
                                                "Actual Startup Time": 128.376,
                                                "Actual Total Time": 128.377,
                                                "Actual Rows": 79830,
                                                "Actual Loops": 1
                                            },
                                            {
                                                "Worker Number": 1,
                                                "Actual Startup Time": 128.403,
                                                "Actual Total Time": 128.404,
                                                "Actual Rows": 113197,
                                                "Actual Loops": 1
                                            },
                                            {
                                                "Worker Number": 2,
                                                "Actual Startup Time": 128.571,
                                                "Actual Total Time": 128.572,
                                                "Actual Rows": 104464,
                                                "Actual Loops": 1
                                            },
                                            {
                                                "Worker Number": 3,
                                                "Actual Startup Time": 128.553,
                                                "Actual Total Time": 128.554,
                                                "Actual Rows": 103056,
                                                "Actual Loops": 1
                                            },
                                            {
                                                "Worker Number": 4,
                                                "Actual Startup Time": 128.849,
                                                "Actual Total Time": 128.85,
                                                "Actual Rows": 114981,
                                                "Actual Loops": 1
                                            }
                                        ],
                                        "Plans": [
                                            {
                                                "Node Type": "Seq Scan",
                                                "Parent Relationship": "Outer",
                                                "Parallel Aware": true,
                                                "Relation Name": "title",
                                                "Schema": "public",
                                                "Alias": "t",
                                                "Startup Cost": 0.0,
                                                "Total Cost": 45479.21,
                                                "Plan Rows": 162418,
                                                "Plan Width": 4,
                                                "Actual Startup Time": 43.834,
                                                "Actual Total Time": 83.422,
                                                "Actual Rows": 108104,
                                                "Actual Loops": 6,
                                                "Output": [
                                                    "t.id"
                                                ],
                                                "Filter": "((t.production_year > 1900) AND (t.kind_id = 1))",
                                                "Rows Removed by Filter": 313281,
                                                "Workers": [
                                                    {
                                                        "Worker Number": 0,
                                                        "Actual Startup Time": 51.206,
                                                        "Actual Total Time": 85.259,
                                                        "Actual Rows": 79830,
                                                        "Actual Loops": 1
                                                    },
                                                    {
                                                        "Worker Number": 1,
                                                        "Actual Startup Time": 51.286,
                                                        "Actual Total Time": 83.753,
                                                        "Actual Rows": 113197,
                                                        "Actual Loops": 1
                                                    },
                                                    {
                                                        "Worker Number": 2,
                                                        "Actual Startup Time": 51.201,
                                                        "Actual Total Time": 83.297,
                                                        "Actual Rows": 104464,
                                                        "Actual Loops": 1
                                                    },
                                                    {
                                                        "Worker Number": 3,
                                                        "Actual Startup Time": 51.346,
                                                        "Actual Total Time": 82.918,
                                                        "Actual Rows": 103056,
                                                        "Actual Loops": 1
                                                    },
                                                    {
                                                        "Worker Number": 4,
                                                        "Actual Startup Time": 51.172,
                                                        "Actual Total Time": 84.087,
                                                        "Actual Rows": 114981,
                                                        "Actual Loops": 1
                                                    }
                                                ]
                                            }
                                        ]
                                    }
                                ]
                            }
                        ]
                    }
                ]
            }
        ]
    },
    "Planning Time": 0.785,
    "Triggers": [],
    "Execution Time": 741.645
}