[
    {
        "Bao": {
            "Bao prediction": "NaN",
            "Bao recommended hint": "(no hint)"
        }
    },
    {
        "Plan": {
            "Node Type": "Aggregate",
            "Strategy": "Plain",
            "Partial Mode": "Finalize",
            "Parallel Aware": false,
            "Startup Cost": 32618.76,
            "Total Cost": 32618.77,
            "Plan Rows": 1,
            "Plan Width": 8,
            "Actual Startup Time": 77.373,
            "Actual Total Time": 82.31,
            "Actual Rows": 1,
            "Actual Loops": 1,
            "Output": [
                "count(*)"
            ],
            "Plans": [
                {
                    "Node Type": "Gather",
                    "Parent Relationship": "Outer",
                    "Parallel Aware": false,
                    "Startup Cost": 32618.44,
                    "Total Cost": 32618.75,
                    "Plan Rows": 3,
                    "Plan Width": 8,
                    "Actual Startup Time": 77.266,
                    "Actual Total Time": 82.302,
                    "Actual Rows": 4,
                    "Actual Loops": 1,
                    "Output": [
                        "(PARTIAL count(*))"
                    ],
                    "Workers Planned": 3,
                    "Workers Launched": 3,
                    "Single Copy": false,
                    "Plans": [
                        {
                            "Node Type": "Aggregate",
                            "Strategy": "Plain",
                            "Partial Mode": "Partial",
                            "Parent Relationship": "Outer",
                            "Parallel Aware": false,
                            "Startup Cost": 31618.44,
                            "Total Cost": 31618.45,
                            "Plan Rows": 1,
                            "Plan Width": 8,
                            "Actual Startup Time": 69.279,
                            "Actual Total Time": 69.28,
                            "Actual Rows": 1,
                            "Actual Loops": 4,
                            "Output": [
                                "PARTIAL count(*)"
                            ],
                            "Workers": [
                                {
                                    "Worker Number": 0,
                                    "Actual Startup Time": 66.564,
                                    "Actual Total Time": 66.565,
                                    "Actual Rows": 1,
                                    "Actual Loops": 1
                                },
                                {
                                    "Worker Number": 1,
                                    "Actual Startup Time": 66.565,
                                    "Actual Total Time": 66.566,
                                    "Actual Rows": 1,
                                    "Actual Loops": 1
                                },
                                {
                                    "Worker Number": 2,
                                    "Actual Startup Time": 67.071,
                                    "Actual Total Time": 67.072,
                                    "Actual Rows": 1,
                                    "Actual Loops": 1
                                }
                            ],
                            "Plans": [
                                {
                                    "Node Type": "Seq Scan",
                                    "Parent Relationship": "Outer",
                                    "Parallel Aware": true,
                                    "Relation Name": "movie_companies",
                                    "Schema": "public",
                                    "Alias": "mc",
                                    "Startup Cost": 0.0,
                                    "Total Cost": 31414.82,
                                    "Plan Rows": 81450,
                                    "Plan Width": 0,
                                    "Actual Startup Time": 39.712,
                                    "Actual Total Time": 67.702,
                                    "Actual Rows": 32933,
                                    "Actual Loops": 4,
                                    "Output": [
                                        "id",
                                        "movie_id",
                                        "company_id",
                                        "company_type_id",
                                        "note"
                                    ],
                                    "Filter": "((mc.company_id < 426) AND (mc.company_type_id > 1))",
                                    "Rows Removed by Filter": 619349,
                                    "Workers": [
                                        {
                                            "Worker Number": 0,
                                            "Actual Startup Time": 37.004,
                                            "Actual Total Time": 65.0,
                                            "Actual Rows": 21735,
                                            "Actual Loops": 1
                                        },
                                        {
                                            "Worker Number": 1,
                                            "Actual Startup Time": 36.996,
                                            "Actual Total Time": 65.005,
                                            "Actual Rows": 34003,
                                            "Actual Loops": 1
                                        },
                                        {
                                            "Worker Number": 2,
                                            "Actual Startup Time": 37.502,
                                            "Actual Total Time": 65.575,
                                            "Actual Rows": 33266,
                                            "Actual Loops": 1
                                        }
                                    ]
                                }
                            ]
                        }
                    ]
                }
            ]
        },
        "Planning Time": 176.043,
        "Triggers": [],
        "Execution Time": 82.415
    }
]