[
  {
    "Plan": {
      "Node Type": "Aggregate",
      "Strategy": "Plain",
      "Partial Mode": "Finalize",
      "Parallel Aware": false,
      "Startup Cost": 64702.14,
      "Total Cost": 64702.15,
      "Plan Rows": 1,
      "Plan Width": 8,
      "Actual Startup Time": 349.846,
      "Actual Total Time": 362.47,
      "Actual Rows": 1,
      "Actual Loops": 1,
      "Plans": [
        {
          "Node Type": "Gather",
          "Parent Relationship": "Outer",
          "Parallel Aware": false,
          "Startup Cost": 64701.93,
          "Total Cost": 64702.14,
          "Plan Rows": 2,
          "Plan Width": 8,
          "Actual Startup Time": 346.941,
          "Actual Total Time": 362.463,
          "Actual Rows": 3,
          "Actual Loops": 1,
          "Workers Planned": 2,
          "Workers Launched": 2,
          "Single Copy": false,
          "Plans": [
            {
              "Node Type": "Aggregate",
              "Strategy": "Plain",
              "Partial Mode": "Partial",
              "Parent Relationship": "Outer",
              "Parallel Aware": false,
              "Startup Cost": 63701.93,
              "Total Cost": 63701.94,
              "Plan Rows": 1,
              "Plan Width": 8,
              "Actual Startup Time": 339.437,
              "Actual Total Time": 339.44,
              "Actual Rows": 1,
              "Actual Loops": 3,
              "Plans": [
                {
                  "Node Type": "Hash Join",
                  "Parent Relationship": "Outer",
                  "Parallel Aware": true,
                  "Join Type": "Inner",
                  "Startup Cost": 48041.3,
                  "Total Cost": 63235.86,
                  "Plan Rows": 186428,
                  "Plan Width": 0,
                  "Actual Startup Time": 218.817,
                  "Actual Total Time": 335.496,
                  "Actual Rows": 83907,
                  "Actual Loops": 3,
                  "Inner Unique": true,
                  "Hash Cond": "(mi_idx.movie_id = t.id)",
                  "Plans": [
                    {
                      "Node Type": "Seq Scan",
                      "Parent Relationship": "Outer",
                      "Parallel Aware": true,
                      "Relation Name": "movie_info_idx",
                      "Alias": "mi_idx",
                      "Startup Cost": 0.0,
                      "Total Cost": 13685.15,
                      "Plan Rows": 575015,
                      "Plan Width": 4,
                      "Actual Startup Time": 0.012,
                      "Actual Total Time": 40.7,
                      "Actual Rows": 460012,
                      "Actual Loops": 3
                    },
                    {
                      "Node Type": "Hash",
                      "Parent Relationship": "Inner",
                      "Parallel Aware": true,
                      "Startup Cost": 45479.59,
                      "Total Cost": 45479.59,
                      "Plan Rows": 204937,
                      "Plan Width": 4,
                      "Actual Startup Time": 212.175,
                      "Actual Total Time": 212.175,
                      "Actual Rows": 246254,
                      "Actual Loops": 3,
                      "Hash Buckets": 1048576,
                      "Original Hash Buckets": 1048576,
                      "Hash Batches": 1,
                      "Original Hash Batches": 1,
                      "Peak Memory Usage": 37120,
                      "Plans": [
                        {
                          "Node Type": "Seq Scan",
                          "Parent Relationship": "Outer",
                          "Parallel Aware": true,
                          "Relation Name": "title",
                          "Alias": "t",
                          "Startup Cost": 0.0,
                          "Total Cost": 45479.59,
                          "Plan Rows": 204937,
                          "Plan Width": 4,
                          "Actual Startup Time": 0.063,
                          "Actual Total Time": 131.344,
                          "Actual Rows": 246254,
                          "Actual Loops": 3,
                          "Filter": "((production_year < 2005) AND (kind_id = 7))",
                          "Rows Removed by Filter": 596517
                        }
                      ]
                    }
                  ]
                }
              ]
            }
          ]
        }
      ]
    },
    "Planning Time": 0.496,
    "Triggers": [],
    "Execution Time": 362.53
  }
]