[
  {
    "Plan": {
      "Node Type": "Aggregate",
      "Strategy": "Plain",
      "Partial Mode": "Finalize",
      "Parallel Aware": false,
      "Startup Cost": 47099.24,
      "Total Cost": 47099.25,
      "Plan Rows": 1,
      "Plan Width": 8,
      "Actual Startup Time": 196.411,
      "Actual Total Time": 206.969,
      "Actual Rows": 1,
      "Actual Loops": 1,
      "Plans": [
        {
          "Node Type": "Gather",
          "Parent Relationship": "Outer",
          "Parallel Aware": false,
          "Startup Cost": 47098.93,
          "Total Cost": 47099.24,
          "Plan Rows": 3,
          "Plan Width": 8,
          "Actual Startup Time": 196.279,
          "Actual Total Time": 206.959,
          "Actual Rows": 4,
          "Actual Loops": 1,
          "Workers Planned": 3,
          "Workers Launched": 3,
          "Single Copy": false,
          "Plans": [
            {
              "Node Type": "Aggregate",
              "Strategy": "Plain",
              "Partial Mode": "Partial",
              "Parent Relationship": "Outer",
              "Parallel Aware": false,
              "Startup Cost": 46098.93,
              "Total Cost": 46098.94,
              "Plan Rows": 1,
              "Plan Width": 8,
              "Actual Startup Time": 187.913,
              "Actual Total Time": 187.914,
              "Actual Rows": 1,
              "Actual Loops": 4,
              "Plans": [
                {
                  "Node Type": "Seq Scan",
                  "Parent Relationship": "Outer",
                  "Parallel Aware": true,
                  "Relation Name": "movie_keyword",
                  "Alias": "mk",
                  "Startup Cost": 0.0,
                  "Total Cost": 42695.65,
                  "Plan Rows": 1361309,
                  "Plan Width": 0,
                  "Actual Startup Time": 0.06,
                  "Actual Total Time": 136.034,
                  "Actual Rows": 1056338,
                  "Actual Loops": 4,
                  "Filter": "(keyword_id < 54093)",
                  "Rows Removed by Filter": 74645
                }
              ]
            }
          ]
        }
      ]
    },
    "Planning Time": 0.182,
    "Triggers": [],
    "Execution Time": 207.022
  }
]