[
  {
    "Plan": {
      "Node Type": "Aggregate",
      "Strategy": "Plain",
      "Partial Mode": "Simple",
      "Parallel Aware": false,
      "Startup Cost": 17737.66,
      "Total Cost": 17737.67,
      "Plan Rows": 1,
      "Plan Width": 8,
      "Actual Startup Time": 16.114,
      "Actual Total Time": 16.116,
      "Actual Rows": 1,
      "Actual Loops": 1,
      "Plans": [
        {
          "Node Type": "Bitmap Heap Scan",
          "Parent Relationship": "Outer",
          "Parallel Aware": false,
          "Relation Name": "movie_keyword",
          "Alias": "mk",
          "Startup Cost": 188.21,
          "Total Cost": 17715.8,
          "Plan Rows": 8746,
          "Plan Width": 0,
          "Actual Startup Time": 3.768,
          "Actual Total Time": 15.147,
          "Actual Rows": 6501,
          "Actual Loops": 1,
          "Recheck Cond": "(keyword_id = 355)",
          "Rows Removed by Index Recheck": 0,
          "Exact Heap Blocks": 4160,
          "Lossy Heap Blocks": 0,
          "Plans": [
            {
              "Node Type": "Bitmap Index Scan",
              "Parent Relationship": "Outer",
              "Parallel Aware": false,
              "Index Name": "keyword_id_movie_keyword",
              "Startup Cost": 0.0,
              "Total Cost": 186.03,
              "Plan Rows": 8746,
              "Plan Width": 0,
              "Actual Startup Time": 1.986,
              "Actual Total Time": 1.987,
              "Actual Rows": 6501,
              "Actual Loops": 1,
              "Index Cond": "(keyword_id = 355)"
            }
          ]
        }
      ]
    },
    "Planning Time": 0.141,
    "Triggers": [],
    "Execution Time": 16.174
  }
]