[
  {
    "Plan": {
      "Node Type": "Aggregate",
      "Strategy": "Plain",
      "Partial Mode": "Finalize",
      "Parallel Aware": false,
      "Startup Cost": 331174.51,
      "Total Cost": 331174.52,
      "Plan Rows": 1,
      "Plan Width": 8,
      "Actual Startup Time": 584.667,
      "Actual Total Time": 642.647,
      "Actual Rows": 1,
      "Actual Loops": 1,
      "Plans": [
        {
          "Node Type": "Gather",
          "Parent Relationship": "Outer",
          "Parallel Aware": false,
          "Startup Cost": 331173.89,
          "Total Cost": 331174.49,
          "Plan Rows": 6,
          "Plan Width": 8,
          "Actual Startup Time": 584.548,
          "Actual Total Time": 642.636,
          "Actual Rows": 7,
          "Actual Loops": 1,
          "Workers Planned": 6,
          "Workers Launched": 6,
          "Single Copy": false,
          "Plans": [
            {
              "Node Type": "Aggregate",
              "Strategy": "Plain",
              "Partial Mode": "Partial",
              "Parent Relationship": "Outer",
              "Parallel Aware": false,
              "Startup Cost": 330173.89,
              "Total Cost": 330173.9,
              "Plan Rows": 1,
              "Plan Width": 8,
              "Actual Startup Time": 574.037,
              "Actual Total Time": 574.038,
              "Actual Rows": 1,
              "Actual Loops": 7,
              "Plans": [
                {
                  "Node Type": "Seq Scan",
                  "Parent Relationship": "Outer",
                  "Parallel Aware": true,
                  "Relation Name": "cast_info",
                  "Alias": "ci",
                  "Startup Cost": 0.0,
                  "Total Cost": 328162.03,
                  "Plan Rows": 804744,
                  "Plan Width": 0,
                  "Actual Startup Time": 0.051,
                  "Actual Total Time": 538.403,
                  "Actual Rows": 714202,
                  "Actual Loops": 7,
                  "Filter": "(person_id < 483931)",
                  "Rows Removed by Filter": 4463561
                }
              ]
            }
          ]
        }
      ]
    },
    "Planning Time": 0.199,
    "Triggers": [],
    "Execution Time": 642.724
  }
]