[
    {
        "Bao": {
            "Bao prediction": "NaN",
            "Bao recommended hint": "(no hint)"
        }
    },
    {
        "Plan": {
            "Node Type": "Aggregate",
            "Strategy": "Plain",
            "Partial Mode": "Finalize",
            "Parallel Aware": false,
            "Startup Cost": 67157.51,
            "Total Cost": 67157.52,
            "Plan Rows": 1,
            "Plan Width": 8,
            "Actual Startup Time": 123.675,
            "Actual Total Time": 134.258,
            "Actual Rows": 1,
            "Actual Loops": 1,
            "Output": [
                "count(*)"
            ],
            "Plans": [
                {
                    "Node Type": "Gather",
                    "Parent Relationship": "Outer",
                    "Parallel Aware": false,
                    "Startup Cost": 67157.19,
                    "Total Cost": 67157.5,
                    "Plan Rows": 3,
                    "Plan Width": 8,
                    "Actual Startup Time": 123.138,
                    "Actual Total Time": 134.25,
                    "Actual Rows": 4,
                    "Actual Loops": 1,
                    "Output": [
                        "(PARTIAL count(*))"
                    ],
                    "Workers Planned": 3,
                    "Workers Launched": 3,
                    "Single Copy": false,
                    "Plans": [
                        {
                            "Node Type": "Aggregate",
                            "Strategy": "Plain",
                            "Partial Mode": "Partial",
                            "Parent Relationship": "Outer",
                            "Parallel Aware": false,
                            "Startup Cost": 66157.19,
                            "Total Cost": 66157.2,
                            "Plan Rows": 1,
                            "Plan Width": 8,
                            "Actual Startup Time": 114.44,
                            "Actual Total Time": 114.444,
                            "Actual Rows": 1,
                            "Actual Loops": 4,
                            "Output": [
                                "PARTIAL count(*)"
                            ],
                            "Workers": [
                                {
                                    "Worker Number": 0,
                                    "Actual Startup Time": 111.162,
                                    "Actual Total Time": 111.165,
                                    "Actual Rows": 1,
                                    "Actual Loops": 1
                                },
                                {
                                    "Worker Number": 1,
                                    "Actual Startup Time": 111.738,
                                    "Actual Total Time": 111.742,
                                    "Actual Rows": 1,
                                    "Actual Loops": 1
                                },
                                {
                                    "Worker Number": 2,
                                    "Actual Startup Time": 112.002,
                                    "Actual Total Time": 112.006,
                                    "Actual Rows": 1,
                                    "Actual Loops": 1
                                }
                            ],
                            "Plans": [
                                {
                                    "Node Type": "Hash Join",
                                    "Parent Relationship": "Outer",
                                    "Parallel Aware": true,
                                    "Join Type": "Inner",
                                    "Startup Cost": 46787.37,
                                    "Total Cost": 66153.23,
                                    "Plan Rows": 1586,
                                    "Plan Width": 0,
                                    "Actual Startup Time": 98.371,
                                    "Actual Total Time": 114.366,
                                    "Actual Rows": 701,
                                    "Actual Loops": 4,
                                    "Inner Unique": true,
                                    "Hash Cond": "(mc.movie_id = t.id)",
                                    "Workers": [
                                        {
                                            "Worker Number": 0,
                                            "Actual Startup Time": 95.647,
                                            "Actual Total Time": 111.087,
                                            "Actual Rows": 378,
                                            "Actual Loops": 1
                                        },
                                        {
                                            "Worker Number": 1,
                                            "Actual Startup Time": 95.446,
                                            "Actual Total Time": 111.661,
                                            "Actual Rows": 721,
                                            "Actual Loops": 1
                                        },
                                        {
                                            "Worker Number": 2,
                                            "Actual Startup Time": 95.878,
                                            "Actual Total Time": 111.923,
                                            "Actual Rows": 732,
                                            "Actual Loops": 1
                                        }
                                    ],
                                    "Plans": [
                                        {
                                            "Node Type": "Bitmap Heap Scan",
                                            "Parent Relationship": "Outer",
                                            "Parallel Aware": true,
                                            "Relation Name": "movie_companies",
                                            "Schema": "public",
                                            "Alias": "mc",
                                            "Startup Cost": 2559.14,
                                            "Total Cost": 21825.05,
                                            "Plan Rows": 38073,
                                            "Plan Width": 4,
                                            "Actual Startup Time": 5.342,
                                            "Actual Total Time": 15.153,
                                            "Actual Rows": 30176,
                                            "Actual Loops": 4,
                                            "Output": [
                                                "mc.id",
                                                "mc.movie_id",
                                                "mc.company_id",
                                                "mc.company_type_id",
                                                "mc.note"
                                            ],
                                            "Recheck Cond": "(mc.company_id > 145956)",
                                            "Rows Removed by Index Recheck": 0,
                                            "Exact Heap Blocks": 1187,
                                            "Lossy Heap Blocks": 0,
                                            "Workers": [
                                                {
                                                    "Worker Number": 0,
                                                    "Actual Startup Time": 5.494,
                                                    "Actual Total Time": 15.359,
                                                    "Actual Rows": 18099,
                                                    "Actual Loops": 1
                                                },
                                                {
                                                    "Worker Number": 1,
                                                    "Actual Startup Time": 5.314,
                                                    "Actual Total Time": 15.57,
                                                    "Actual Rows": 30741,
                                                    "Actual Loops": 1
                                                },
                                                {
                                                    "Worker Number": 2,
                                                    "Actual Startup Time": 5.318,
                                                    "Actual Total Time": 15.52,
                                                    "Actual Rows": 31409,
                                                    "Actual Loops": 1
                                                }
                                            ],
                                            "Plans": [
                                                {
                                                    "Node Type": "Bitmap Index Scan",
                                                    "Parent Relationship": "Outer",
                                                    "Parallel Aware": false,
                                                    "Index Name": "company_id_movie_companies",
                                                    "Startup Cost": 0.0,
                                                    "Total Cost": 2529.63,
                                                    "Plan Rows": 118027,
                                                    "Plan Width": 0,
                                                    "Actual Startup Time": 4.75,
                                                    "Actual Total Time": 4.75,
                                                    "Actual Rows": 120703,
                                                    "Actual Loops": 1,
                                                    "Index Cond": "(mc.company_id > 145956)"
                                                }
                                            ]
                                        },
                                        {
                                            "Node Type": "Hash",
                                            "Parent Relationship": "Inner",
                                            "Parallel Aware": true,
                                            "Startup Cost": 43899.01,
                                            "Total Cost": 43899.01,
                                            "Plan Rows": 26338,
                                            "Plan Width": 4,
                                            "Actual Startup Time": 92.204,
                                            "Actual Total Time": 92.204,
                                            "Actual Rows": 25995,
                                            "Actual Loops": 4,
                                            "Output": [
                                                "t.id"
                                            ],
                                            "Hash Buckets": 131072,
                                            "Original Hash Buckets": 131072,
                                            "Hash Batches": 1,
                                            "Original Hash Batches": 1,
                                            "Peak Memory Usage": 5152,
                                            "Workers": [
                                                {
                                                    "Worker Number": 0,
                                                    "Actual Startup Time": 89.126,
                                                    "Actual Total Time": 89.127,
                                                    "Actual Rows": 15673,
                                                    "Actual Loops": 1
                                                },
                                                {
                                                    "Worker Number": 1,
                                                    "Actual Startup Time": 89.643,
                                                    "Actual Total Time": 89.644,
                                                    "Actual Rows": 26123,
                                                    "Actual Loops": 1
                                                },
                                                {
                                                    "Worker Number": 2,
                                                    "Actual Startup Time": 89.917,
                                                    "Actual Total Time": 89.917,
                                                    "Actual Rows": 27068,
                                                    "Actual Loops": 1
                                                }
                                            ],
                                            "Plans": [
                                                {
                                                    "Node Type": "Seq Scan",
                                                    "Parent Relationship": "Outer",
                                                    "Parallel Aware": true,
                                                    "Relation Name": "title",
                                                    "Schema": "public",
                                                    "Alias": "t",
                                                    "Startup Cost": 0.0,
                                                    "Total Cost": 43899.01,
                                                    "Plan Rows": 26338,
                                                    "Plan Width": 4,
                                                    "Actual Startup Time": 43.248,
                                                    "Actual Total Time": 84.329,
                                                    "Actual Rows": 25995,
                                                    "Actual Loops": 4,
                                                    "Output": [
                                                        "t.id"
                                                    ],
                                                    "Filter": "(t.production_year < 1926)",
                                                    "Rows Removed by Filter": 606083,
                                                    "Workers": [
                                                        {
                                                            "Worker Number": 0,
                                                            "Actual Startup Time": 51.731,
                                                            "Actual Total Time": 81.189,
                                                            "Actual Rows": 15673,
                                                            "Actual Loops": 1
                                                        },
                                                        {
                                                            "Worker Number": 1,
                                                            "Actual Startup Time": 49.21,
                                                            "Actual Total Time": 82.194,
                                                            "Actual Rows": 26123,
                                                            "Actual Loops": 1
                                                        },
                                                        {
                                                            "Worker Number": 2,
                                                            "Actual Startup Time": 31.458,
                                                            "Actual Total Time": 82.862,
                                                            "Actual Rows": 27068,
                                                            "Actual Loops": 1
                                                        }
                                                    ]
                                                }
                                            ]
                                        }
                                    ]
                                }
                            ]
                        }
                    ]
                }
            ]
        },
        "Planning Time": 212.693,
        "Triggers": [],
        "Execution Time": 134.318
    }
]