{
  "Plan": {
    "Node Type": "Aggregate",
    "Strategy": "Plain",
    "Partial Mode": "Finalize",
    "Parallel Aware": false,
    "Startup Cost": 339782.3,
    "Total Cost": 339782.31,
    "Plan Rows": 1,
    "Plan Width": 8,
    "Actual Startup Time": 1414.94,
    "Actual Total Time": 1457.093,
    "Actual Rows": 1,
    "Actual Loops": 1,
    "Plans": [
      {
        "Node Type": "Gather",
        "Parent Relationship": "Outer",
        "Parallel Aware": false,
        "Startup Cost": 339782.19,
        "Total Cost": 339782.3,
        "Plan Rows": 1,
        "Plan Width": 8,
        "Actual Startup Time": 1414.78,
        "Actual Total Time": 1457.085,
        "Actual Rows": 2,
        "Actual Loops": 1,
        "Workers Planned": 1,
        "Workers Launched": 1,
        "Single Copy": false,
        "Plans": [
          {
            "Node Type": "Aggregate",
            "Strategy": "Plain",
            "Partial Mode": "Partial",
            "Parent Relationship": "Outer",
            "Parallel Aware": false,
            "Startup Cost": 338782.19,
            "Total Cost": 338782.2,
            "Plan Rows": 1,
            "Plan Width": 8,
            "Actual Startup Time": 1408.745,
            "Actual Total Time": 1408.748,
            "Actual Rows": 1,
            "Actual Loops": 2,
            "Plans": [
              {
                "Node Type": "Nested Loop",
                "Parent Relationship": "Outer",
                "Parallel Aware": false,
                "Join Type": "Inner",
                "Startup Cost": 58343.58,
                "Total Cost": 338774.47,
                "Plan Rows": 3086,
                "Plan Width": 0,
                "Actual Startup Time": 134.552,
                "Actual Total Time": 1406.821,
                "Actual Rows": 23357,
                "Actual Loops": 2,
                "Inner Unique": false,
                "Join Filter": "(t.id = mi_idx.movie_id)",
                "Rows Removed by Join Filter": 0,
                "Plans": [
                  {
                    "Node Type": "Hash Join",
                    "Parent Relationship": "Outer",
                    "Parallel Aware": true,
                    "Join Type": "Inner",
                    "Startup Cost": 58343.16,
                    "Total Cost": 330126.64,
                    "Plan Rows": 17164,
                    "Plan Width": 8,
                    "Actual Startup Time": 134.316,
                    "Actual Total Time": 1306.367,
                    "Actual Rows": 35466,
                    "Actual Loops": 2,
                    "Inner Unique": true,
                    "Hash Cond": "(mi.movie_id = t.id)",
                    "Plans": [
                      {
                        "Node Type": "Seq Scan",
                        "Parent Relationship": "Outer",
                        "Parallel Aware": true,
                        "Relation Name": "movie_info",
                        "Alias": "mi",
                        "Startup Cost": 0.0,
                        "Total Cost": 248955.74,
                        "Plan Rows": 8696274,
                        "Plan Width": 4,
                        "Actual Startup Time": 0.008,
                        "Actual Total Time": 598.519,
                        "Actual Rows": 7417860,
                        "Actual Loops": 2
                      },
                      {
                        "Node Type": "Hash",
                        "Parent Relationship": "Inner",
                        "Parallel Aware": true,
                        "Startup Cost": 58306.47,
                        "Total Cost": 58306.47,
                        "Plan Rows": 2935,
                        "Plan Width": 4,
                        "Actual Startup Time": 132.691,
                        "Actual Total Time": 132.692,
                        "Actual Rows": 3368,
                        "Actual Loops": 2,
                        "Hash Buckets": 8192,
                        "Original Hash Buckets": 8192,
                        "Hash Batches": 1,
                        "Original Hash Batches": 1,
                        "Peak Memory Usage": 352,
                        "Plans": [
                          {
                            "Node Type": "Seq Scan",
                            "Parent Relationship": "Outer",
                            "Parallel Aware": true,
                            "Relation Name": "title",
                            "Alias": "t",
                            "Startup Cost": 0.0,
                            "Total Cost": 58306.47,
                            "Plan Rows": 2935,
                            "Plan Width": 4,
                            "Actual Startup Time": 1.256,
                            "Actual Total Time": 131.505,
                            "Actual Rows": 3368,
                            "Actual Loops": 2,
                            "Filter": "((kind_id < 7) AND (production_year = 1980))",
                            "Rows Removed by Filter": 1260788
                          }
                        ]
                      }
                    ]
                  },
                  {
                    "Node Type": "Index Scan",
                    "Parent Relationship": "Inner",
                    "Parallel Aware": false,
                    "Scan Direction": "Forward",
                    "Index Name": "movie_id_movie_info_idx",
                    "Relation Name": "movie_info_idx",
                    "Alias": "mi_idx",
                    "Startup Cost": 0.43,
                    "Total Cost": 0.49,
                    "Plan Rows": 1,
                    "Plan Width": 4,
                    "Actual Startup Time": 0.002,
                    "Actual Total Time": 0.003,
                    "Actual Rows": 1,
                    "Actual Loops": 70933,
                    "Index Cond": "(movie_id = mi.movie_id)",
                    "Rows Removed by Index Recheck": 0,
                    "Filter": "(info_type_id = 99)",
                    "Rows Removed by Filter": 1
                  }
                ]
              }
            ]
          }
        ]
      }
    ]
  },
  "Planning Time": 0.989,
  "Triggers": [],
  "Execution Time": 1457.192
}