[
  {
    "Plan": {
      "Node Type": "Aggregate",
      "Strategy": "Plain",
      "Partial Mode": "Finalize",
      "Parallel Aware": false,
      "Startup Cost": 332727.01,
      "Total Cost": 332727.02,
      "Plan Rows": 1,
      "Plan Width": 8,
      "Actual Startup Time": 467.331,
      "Actual Total Time": 519.264,
      "Actual Rows": 1,
      "Actual Loops": 1,
      "Plans": [
        {
          "Node Type": "Gather",
          "Parent Relationship": "Outer",
          "Parallel Aware": false,
          "Startup Cost": 332726.59,
          "Total Cost": 332727.0,
          "Plan Rows": 4,
          "Plan Width": 8,
          "Actual Startup Time": 467.076,
          "Actual Total Time": 519.251,
          "Actual Rows": 5,
          "Actual Loops": 1,
          "Workers Planned": 4,
          "Workers Launched": 4,
          "Single Copy": false,
          "Plans": [
            {
              "Node Type": "Aggregate",
              "Strategy": "Plain",
              "Partial Mode": "Partial",
              "Parent Relationship": "Outer",
              "Parallel Aware": false,
              "Startup Cost": 331726.59,
              "Total Cost": 331726.6,
              "Plan Rows": 1,
              "Plan Width": 8,
              "Actual Startup Time": 457.923,
              "Actual Total Time": 457.925,
              "Actual Rows": 1,
              "Actual Loops": 5,
              "Plans": [
                {
                  "Node Type": "Nested Loop",
                  "Parent Relationship": "Outer",
                  "Parallel Aware": false,
                  "Join Type": "Inner",
                  "Startup Cost": 0.56,
                  "Total Cost": 331680.99,
                  "Plan Rows": 18242,
                  "Plan Width": 0,
                  "Actual Startup Time": 1.238,
                  "Actual Total Time": 455.944,
                  "Actual Rows": 16534,
                  "Actual Loops": 5,
                  "Inner Unique": false,
                  "Plans": [
                    {
                      "Node Type": "Seq Scan",
                      "Parent Relationship": "Outer",
                      "Parallel Aware": true,
                      "Relation Name": "title",
                      "Alias": "t",
                      "Startup Cost": 0.0,
                      "Total Cost": 45479.59,
                      "Plan Rows": 6757,
                      "Plan Width": 4,
                      "Actual Startup Time": 0.041,
                      "Actual Total Time": 76.208,
                      "Actual Rows": 6170,
                      "Actual Loops": 5,
                      "Filter": "((kind_id > 1) AND (production_year = 1995))",
                      "Rows Removed by Filter": 499492
                    },
                    {
                      "Node Type": "Index Scan",
                      "Parent Relationship": "Inner",
                      "Parallel Aware": false,
                      "Scan Direction": "Forward",
                      "Index Name": "movie_id_cast_info",
                      "Relation Name": "cast_info",
                      "Alias": "ci",
                      "Startup Cost": 0.56,
                      "Total Cost": 42.29,
                      "Plan Rows": 7,
                      "Plan Width": 4,
                      "Actual Startup Time": 0.031,
                      "Actual Total Time": 0.061,
                      "Actual Rows": 3,
                      "Actual Loops": 30850,
                      "Index Cond": "(movie_id = t.id)",
                      "Rows Removed by Index Recheck": 0,
                      "Filter": "(person_id < 671299)",
                      "Rows Removed by Filter": 10
                    }
                  ]
                }
              ]
            }
          ]
        }
      ]
    },
    "Planning Time": 0.668,
    "Triggers": [],
    "Execution Time": 519.361
  }
]