{
  "Plan": {
    "Node Type": "Aggregate",
    "Strategy": "Plain",
    "Partial Mode": "Finalize",
    "Parallel Aware": false,
    "Startup Cost": 592811.18,
    "Total Cost": 592811.19,
    "Plan Rows": 1,
    "Plan Width": 64,
    "Actual Startup Time": 14904.006,
    "Actual Total Time": 15279.844,
    "Actual Rows": 1,
    "Actual Loops": 1,
    "Plans": [
      {
        "Node Type": "Gather",
        "Parent Relationship": "Outer",
        "Parallel Aware": false,
        "Startup Cost": 592811.07,
        "Total Cost": 592811.18,
        "Plan Rows": 1,
        "Plan Width": 32,
        "Actual Startup Time": 14830.346,
        "Actual Total Time": 15279.813,
        "Actual Rows": 2,
        "Actual Loops": 1,
        "Workers Planned": 1,
        "Workers Launched": 1,
        "Single Copy": false,
        "Plans": [
          {
            "Node Type": "Aggregate",
            "Strategy": "Plain",
            "Partial Mode": "Partial",
            "Parent Relationship": "Outer",
            "Parallel Aware": false,
            "Startup Cost": 591811.07,
            "Total Cost": 591811.08,
            "Plan Rows": 1,
            "Plan Width": 32,
            "Actual Startup Time": 14810.506,
            "Actual Total Time": 14810.533,
            "Actual Rows": 1,
            "Actual Loops": 2,
            "Plans": [
              {
                "Node Type": "Hash Join",
                "Parent Relationship": "Outer",
                "Parallel Aware": true,
                "Join Type": "Inner",
                "Startup Cost": 584433.88,
                "Total Cost": 591810.92,
                "Plan Rows": 59,
                "Plan Width": 15,
                "Actual Startup Time": 14712.935,
                "Actual Total Time": 14803.329,
                "Actual Rows": 129144,
                "Actual Loops": 2,
                "Inner Unique": true,
                "Hash Cond": "(ci.movie_id = t.id)",
                "Plans": [
                  {
                    "Node Type": "Hash Join",
                    "Parent Relationship": "Outer",
                    "Parallel Aware": true,
                    "Join Type": "Inner",
                    "Startup Cost": 534213.02,
                    "Total Cost": 541589.9,
                    "Plan Rows": 59,
                    "Plan Width": 27,
                    "Actual Startup Time": 13516.089,
                    "Actual Total Time": 13570.342,
                    "Actual Rows": 129144,
                    "Actual Loops": 2,
                    "Inner Unique": false,
                    "Hash Cond": "(cn.id = mc.company_id)",
                    "Plans": [
                      {
                        "Node Type": "Seq Scan",
                        "Parent Relationship": "Outer",
                        "Parallel Aware": true,
                        "Relation Name": "company_name",
                        "Alias": "cn",
                        "Startup Cost": 0.0,
                        "Total Cost": 4722.92,
                        "Plan Rows": 50548,
                        "Plan Width": 4,
                        "Actual Startup Time": 0.048,
                        "Actual Total Time": 20.908,
                        "Actual Rows": 42422,
                        "Actual Loops": 2,
                        "Filter": "((country_code)::text = '[us]'::text)",
                        "Rows Removed by Filter": 75077
                      },
                      {
                        "Node Type": "Hash",
                        "Parent Relationship": "Inner",
                        "Parallel Aware": true,
                        "Startup Cost": 534211.92,
                        "Total Cost": 534211.92,
                        "Plan Rows": 88,
                        "Plan Width": 31,
                        "Actual Startup Time": 13515.891,
                        "Actual Total Time": 13515.911,
                        "Actual Rows": 351424,
                        "Actual Loops": 2,
                        "Hash Buckets": 1048576,
                        "Original Hash Buckets": 1024,
                        "Hash Batches": 1,
                        "Original Hash Batches": 1,
                        "Peak Memory Usage": 62136,
                        "Plans": [
                          {
                            "Node Type": "Hash Join",
                            "Parent Relationship": "Outer",
                            "Parallel Aware": true,
                            "Join Type": "Inner",
                            "Startup Cost": 503848.88,
                            "Total Cost": 534211.92,
                            "Plan Rows": 88,
                            "Plan Width": 31,
                            "Actual Startup Time": 13085.754,
                            "Actual Total Time": 13413.528,
                            "Actual Rows": 351424,
                            "Actual Loops": 2,
                            "Inner Unique": false,
                            "Hash Cond": "(mc.movie_id = ci.movie_id)",
                            "Plans": [
                              {
                                "Node Type": "Seq Scan",
                                "Parent Relationship": "Outer",
                                "Parallel Aware": true,
                                "Relation Name": "movie_companies",
                                "Alias": "mc",
                                "Startup Cost": 0.0,
                                "Total Cost": 27206.55,
                                "Plan Rows": 841655,
                                "Plan Width": 8,
                                "Actual Startup Time": 0.032,
                                "Actual Total Time": 153.514,
                                "Actual Rows": 1304564,
                                "Actual Loops": 2
                              },
                              {
                                "Node Type": "Hash",
                                "Parent Relationship": "Inner",
                                "Parallel Aware": true,
                                "Startup Cost": 503848.47,
                                "Total Cost": 503848.47,
                                "Plan Rows": 33,
                                "Plan Width": 23,
                                "Actual Startup Time": 13085.374,
                                "Actual Total Time": 13085.391,
                                "Actual Rows": 46658,
                                "Actual Loops": 2,
                                "Hash Buckets": 131072,
                                "Original Hash Buckets": 1024,
                                "Hash Batches": 1,
                                "Original Hash Batches": 1,
                                "Peak Memory Usage": 7384,
                                "Plans": [
                                  {
                                    "Node Type": "Hash Join",
                                    "Parent Relationship": "Outer",
                                    "Parallel Aware": true,
                                    "Join Type": "Inner",
                                    "Startup Cost": 460968.41,
                                    "Total Cost": 503848.47,
                                    "Plan Rows": 33,
                                    "Plan Width": 23,
                                    "Actual Startup Time": 12224.322,
                                    "Actual Total Time": 13037.009,
                                    "Actual Rows": 46658,
                                    "Actual Loops": 2,
                                    "Inner Unique": true,
                                    "Hash Cond": "(ci.person_id = n.id)",
                                    "Plans": [
                                      {
                                        "Node Type": "Hash Join",
                                        "Parent Relationship": "Outer",
                                        "Parallel Aware": true,
                                        "Join Type": "Inner",
                                        "Startup Cost": 391279.98,
                                        "Total Cost": 434158.97,
                                        "Plan Rows": 407,
                                        "Plan Width": 12,
                                        "Actual Startup Time": 11637.702,
                                        "Actual Total Time": 12308.447,
                                        "Actual Rows": 519196,
                                        "Actual Loops": 2,
                                        "Inner Unique": false,
                                        "Hash Cond": "(mk.movie_id = ci.movie_id)",
                                        "Plans": [
                                          {
                                            "Node Type": "Hash Join",
                                            "Parent Relationship": "Outer",
                                            "Parallel Aware": false,
                                            "Join Type": "Inner",
                                            "Startup Cost": 2626.14,
                                            "Total Cost": 45504.33,
                                            "Plan Rows": 11,
                                            "Plan Width": 4,
                                            "Actual Startup Time": 12.857,
                                            "Actual Total Time": 359.86,
                                            "Actual Rows": 20920,
                                            "Actual Loops": 2,
                                            "Inner Unique": true,
                                            "Hash Cond": "(mk.keyword_id = k.id)",
                                            "Plans": [
                                              {
                                                "Node Type": "Seq Scan",
                                                "Parent Relationship": "Outer",
                                                "Parallel Aware": true,
                                                "Relation Name": "movie_keyword",
                                                "Alias": "mk",
                                                "Startup Cost": 0.0,
                                                "Total Cost": 39047.32,
                                                "Plan Rows": 1459332,
                                                "Plan Width": 8,
                                                "Actual Startup Time": 0.014,
                                                "Actual Total Time": 205.254,
                                                "Actual Rows": 2261965,
                                                "Actual Loops": 2
                                              },
                                              {
                                                "Node Type": "Hash",
                                                "Parent Relationship": "Inner",
                                                "Parallel Aware": false,
                                                "Startup Cost": 2626.12,
                                                "Total Cost": 2626.12,
                                                "Plan Rows": 1,
                                                "Plan Width": 4,
                                                "Actual Startup Time": 12.742,
                                                "Actual Total Time": 12.744,
                                                "Actual Rows": 1,
                                                "Actual Loops": 2,
                                                "Hash Buckets": 1024,
                                                "Original Hash Buckets": 1024,
                                                "Hash Batches": 1,
                                                "Original Hash Batches": 1,
                                                "Peak Memory Usage": 9,
                                                "Plans": [
                                                  {
                                                    "Node Type": "Seq Scan",
                                                    "Parent Relationship": "Outer",
                                                    "Parallel Aware": false,
                                                    "Relation Name": "keyword",
                                                    "Alias": "k",
                                                    "Startup Cost": 0.0,
                                                    "Total Cost": 2626.12,
                                                    "Plan Rows": 1,
                                                    "Plan Width": 4,
                                                    "Actual Startup Time": 0.496,
                                                    "Actual Total Time": 12.73,
                                                    "Actual Rows": 1,
                                                    "Actual Loops": 2,
                                                    "Filter": "(keyword = 'character-name-in-title'::text)",
                                                    "Rows Removed by Filter": 134169
                                                  }
                                                ]
                                              }
                                            ]
                                          },
                                          {
                                            "Node Type": "Hash",
                                            "Parent Relationship": "Inner",
                                            "Parallel Aware": true,
                                            "Startup Cost": 313116.71,
                                            "Total Cost": 313116.71,
                                            "Plan Rows": 6042971,
                                            "Plan Width": 8,
                                            "Actual Startup Time": 11291.972,
                                            "Actual Total Time": 11291.973,
                                            "Actual Rows": 18122172,
                                            "Actual Loops": 2,
                                            "Hash Buckets": 67108864,
                                            "Original Hash Buckets": 67108864,
                                            "Hash Batches": 1,
                                            "Original Hash Batches": 1,
                                            "Peak Memory Usage": 1942176,
                                            "Plans": [
                                              {
                                                "Node Type": "Seq Scan",
                                                "Parent Relationship": "Outer",
                                                "Parallel Aware": true,
                                                "Relation Name": "cast_info",
                                                "Alias": "ci",
                                                "Startup Cost": 0.0,
                                                "Total Cost": 313116.71,
                                                "Plan Rows": 6042971,
                                                "Plan Width": 8,
                                                "Actual Startup Time": 0.053,
                                                "Actual Total Time": 3140.395,
                                                "Actual Rows": 18122172,
                                                "Actual Loops": 2
                                              }
                                            ]
                                          }
                                        ]
                                      },
                                      {
                                        "Node Type": "Hash",
                                        "Parent Relationship": "Inner",
                                        "Parallel Aware": true,
                                        "Startup Cost": 68636.05,
                                        "Total Cost": 68636.05,
                                        "Plan Rows": 84190,
                                        "Plan Width": 19,
                                        "Actual Startup Time": 584.994,
                                        "Actual Total Time": 584.995,
                                        "Actual Rows": 171700,
                                        "Actual Loops": 2,
                                        "Hash Buckets": 524288,
                                        "Original Hash Buckets": 524288,
                                        "Hash Batches": 1,
                                        "Original Hash Batches": 1,
                                        "Peak Memory Usage": 22752,
                                        "Plans": [
                                          {
                                            "Node Type": "Seq Scan",
                                            "Parent Relationship": "Outer",
                                            "Parallel Aware": true,
                                            "Relation Name": "name",
                                            "Alias": "n",
                                            "Startup Cost": 0.0,
                                            "Total Cost": 68636.05,
                                            "Plan Rows": 84190,
                                            "Plan Width": 19,
                                            "Actual Startup Time": 8.513,
                                            "Actual Total Time": 497.707,
                                            "Actual Rows": 171700,
                                            "Actual Loops": 2,
                                            "Filter": "(name ~~ 'B%'::text)",
                                            "Rows Removed by Filter": 1912046
                                          }
                                        ]
                                      }
                                    ]
                                  }
                                ]
                              }
                            ]
                          }
                        ]
                      }
                    ]
                  },
                  {
                    "Node Type": "Hash",
                    "Parent Relationship": "Inner",
                    "Parallel Aware": true,
                    "Startup Cost": 42319.27,
                    "Total Cost": 42319.27,
                    "Plan Rows": 632127,
                    "Plan Width": 4,
                    "Actual Startup Time": 1165.086,
                    "Actual Total Time": 1165.086,
                    "Actual Rows": 1264156,
                    "Actual Loops": 2,
                    "Hash Buckets": 4194304,
                    "Original Hash Buckets": 4194304,
                    "Hash Batches": 1,
                    "Original Hash Batches": 1,
                    "Peak Memory Usage": 131680,
                    "Plans": [
                      {
                        "Node Type": "Seq Scan",
                        "Parent Relationship": "Outer",
                        "Parallel Aware": true,
                        "Relation Name": "title",
                        "Alias": "t",
                        "Startup Cost": 0.0,
                        "Total Cost": 42319.27,
                        "Plan Rows": 632127,
                        "Plan Width": 4,
                        "Actual Startup Time": 0.113,
                        "Actual Total Time": 446.096,
                        "Actual Rows": 1264156,
                        "Actual Loops": 2
                      }
                    ]
                  }
                ]
              }
            ]
          }
        ]
      }
    ]
  },
  "Planning Time": 11.446,
  "Triggers": [],
  "Execution Time": 15280.596
}