[
    {
        "Bao": {
            "Bao prediction": "NaN",
            "Bao recommended hint": "(no hint)"
        }
    },
    {
        "Plan": {
            "Node Type": "Aggregate",
            "Strategy": "Plain",
            "Partial Mode": "Finalize",
            "Parallel Aware": false,
            "Startup Cost": 27934.01,
            "Total Cost": 27934.02,
            "Plan Rows": 1,
            "Plan Width": 8,
            "Actual Startup Time": 74.585,
            "Actual Total Time": 78.091,
            "Actual Rows": 1,
            "Actual Loops": 1,
            "Output": [
                "count(*)"
            ],
            "Plans": [
                {
                    "Node Type": "Gather",
                    "Parent Relationship": "Outer",
                    "Parallel Aware": false,
                    "Startup Cost": 27933.69,
                    "Total Cost": 27934.0,
                    "Plan Rows": 3,
                    "Plan Width": 8,
                    "Actual Startup Time": 74.469,
                    "Actual Total Time": 78.083,
                    "Actual Rows": 4,
                    "Actual Loops": 1,
                    "Output": [
                        "(PARTIAL count(*))"
                    ],
                    "Workers Planned": 3,
                    "Workers Launched": 3,
                    "Single Copy": false,
                    "Plans": [
                        {
                            "Node Type": "Aggregate",
                            "Strategy": "Plain",
                            "Partial Mode": "Partial",
                            "Parent Relationship": "Outer",
                            "Parallel Aware": false,
                            "Startup Cost": 26933.69,
                            "Total Cost": 26933.7,
                            "Plan Rows": 1,
                            "Plan Width": 8,
                            "Actual Startup Time": 65.712,
                            "Actual Total Time": 65.713,
                            "Actual Rows": 1,
                            "Actual Loops": 4,
                            "Output": [
                                "PARTIAL count(*)"
                            ],
                            "Workers": [
                                {
                                    "Worker Number": 0,
                                    "Actual Startup Time": 62.877,
                                    "Actual Total Time": 62.878,
                                    "Actual Rows": 1,
                                    "Actual Loops": 1
                                },
                                {
                                    "Worker Number": 1,
                                    "Actual Startup Time": 62.839,
                                    "Actual Total Time": 62.841,
                                    "Actual Rows": 1,
                                    "Actual Loops": 1
                                },
                                {
                                    "Worker Number": 2,
                                    "Actual Startup Time": 63.271,
                                    "Actual Total Time": 63.272,
                                    "Actual Rows": 1,
                                    "Actual Loops": 1
                                }
                            ],
                            "Plans": [
                                {
                                    "Node Type": "Bitmap Heap Scan",
                                    "Parent Relationship": "Outer",
                                    "Parallel Aware": true,
                                    "Relation Name": "movie_companies",
                                    "Schema": "public",
                                    "Alias": "mc",
                                    "Startup Cost": 6657.24,
                                    "Total Cost": 26685.95,
                                    "Plan Rows": 99097,
                                    "Plan Width": 0,
                                    "Actual Startup Time": 28.159,
                                    "Actual Total Time": 60.026,
                                    "Actual Rows": 77177,
                                    "Actual Loops": 4,
                                    "Recheck Cond": "(mc.company_id > 92824)",
                                    "Rows Removed by Index Recheck": 0,
                                    "Exact Heap Blocks": 2813,
                                    "Lossy Heap Blocks": 0,
                                    "Workers": [
                                        {
                                            "Worker Number": 0,
                                            "Actual Startup Time": 25.393,
                                            "Actual Total Time": 57.845,
                                            "Actual Rows": 40379,
                                            "Actual Loops": 1
                                        },
                                        {
                                            "Worker Number": 1,
                                            "Actual Startup Time": 25.442,
                                            "Actual Total Time": 57.722,
                                            "Actual Rows": 45770,
                                            "Actual Loops": 1
                                        },
                                        {
                                            "Worker Number": 2,
                                            "Actual Startup Time": 25.751,
                                            "Actual Total Time": 58.244,
                                            "Actual Rows": 40643,
                                            "Actual Loops": 1
                                        }
                                    ],
                                    "Plans": [
                                        {
                                            "Node Type": "Bitmap Index Scan",
                                            "Parent Relationship": "Outer",
                                            "Parallel Aware": false,
                                            "Index Name": "company_id_movie_companies",
                                            "Startup Cost": 0.0,
                                            "Total Cost": 6580.44,
                                            "Plan Rows": 307201,
                                            "Plan Width": 0,
                                            "Actual Startup Time": 34.869,
                                            "Actual Total Time": 34.869,
                                            "Actual Rows": 308708,
                                            "Actual Loops": 1,
                                            "Index Cond": "(mc.company_id > 92824)"
                                        }
                                    ]
                                }
                            ]
                        }
                    ]
                }
            ]
        },
        "Planning Time": 198.918,
        "Triggers": [],
        "Execution Time": 78.191
    }
]