{
    "Plan": {
        "Node Type": "Aggregate",
        "Strategy": "Plain",
        "Partial Mode": "Simple",
        "Parallel Aware": false,
        "Startup Cost": 10001241547.21,
        "Total Cost": 10001241547.22,
        "Plan Rows": 1,
        "Plan Width": 8,
        "Actual Startup Time": 8631.469,
        "Actual Total Time": 8631.472,
        "Actual Rows": 1,
        "Actual Loops": 1,
        "Output": [
            "count(*)"
        ],
        "Plans": [
            {
                "Node Type": "Hash Join",
                "Parent Relationship": "Outer",
                "Parallel Aware": false,
                "Join Type": "Inner",
                "Startup Cost": 10000102023.28,
                "Total Cost": 10001219183.41,
                "Plan Rows": 8945520,
                "Plan Width": 0,
                "Actual Startup Time": 953.955,
                "Actual Total Time": 8389.46,
                "Actual Rows": 3963336,
                "Actual Loops": 1,
                "Inner Unique": true,
                "Hash Cond": "(mi.movie_id = t.id)",
                "Plans": [
                    {
                        "Node Type": "Index Scan",
                        "Parent Relationship": "Outer",
                        "Parallel Aware": false,
                        "Scan Direction": "Forward",
                        "Index Name": "movie_id_movie_info",
                        "Relation Name": "movie_info",
                        "Schema": "public",
                        "Alias": "mi",
                        "Startup Cost": 10000000000.43,
                        "Total Cost": 10001078428.37,
                        "Plan Rows": 14755095,
                        "Plan Width": 4,
                        "Actual Startup Time": 0.047,
                        "Actual Total Time": 4908.129,
                        "Actual Rows": 14835720,
                        "Actual Loops": 1,
                        "Output": [
                            "mi.id",
                            "mi.movie_id",
                            "mi.info_type_id",
                            "mi.info",
                            "mi.note"
                        ]
                    },
                    {
                        "Node Type": "Hash",
                        "Parent Relationship": "Inner",
                        "Parallel Aware": false,
                        "Startup Cost": 82862.38,
                        "Total Cost": 82862.38,
                        "Plan Rows": 1532837,
                        "Plan Width": 4,
                        "Actual Startup Time": 935.326,
                        "Actual Total Time": 935.328,
                        "Actual Rows": 1543264,
                        "Actual Loops": 1,
                        "Output": [
                            "t.id"
                        ],
                        "Hash Buckets": 2097152,
                        "Original Hash Buckets": 2097152,
                        "Hash Batches": 1,
                        "Original Hash Batches": 1,
                        "Peak Memory Usage": 70640,
                        "Plans": [
                            {
                                "Node Type": "Bitmap Heap Scan",
                                "Parent Relationship": "Outer",
                                "Parallel Aware": false,
                                "Relation Name": "title",
                                "Schema": "public",
                                "Alias": "t",
                                "Startup Cost": 27703.92,
                                "Total Cost": 82862.38,
                                "Plan Rows": 1532837,
                                "Plan Width": 4,
                                "Actual Startup Time": 84.499,
                                "Actual Total Time": 451.149,
                                "Actual Rows": 1543264,
                                "Actual Loops": 1,
                                "Output": [
                                    "t.id"
                                ],
                                "Recheck Cond": "(t.kind_id = 7)",
                                "Rows Removed by Index Recheck": 0,
                                "Exact Heap Blocks": 24710,
                                "Lossy Heap Blocks": 0,
                                "Plans": [
                                    {
                                        "Node Type": "Bitmap Index Scan",
                                        "Parent Relationship": "Outer",
                                        "Parallel Aware": false,
                                        "Index Name": "kind_id_title",
                                        "Startup Cost": 0.0,
                                        "Total Cost": 27320.71,
                                        "Plan Rows": 1532837,
                                        "Plan Width": 0,
                                        "Actual Startup Time": 79.484,
                                        "Actual Total Time": 79.484,
                                        "Actual Rows": 1543264,
                                        "Actual Loops": 1,
                                        "Index Cond": "(t.kind_id = 7)"
                                    }
                                ]
                            }
                        ]
                    }
                ]
            }
        ]
    },
    "Planning Time": 2.652,
    "Triggers": [],
    "Execution Time": 8633.643
}