{
  "Plan": {
    "Node Type": "Aggregate",
    "Strategy": "Plain",
    "Partial Mode": "Finalize",
    "Parallel Aware": false,
    "Startup Cost": 33539.29,
    "Total Cost": 33539.3,
    "Plan Rows": 1,
    "Plan Width": 8,
    "Actual Startup Time": 33.092,
    "Actual Total Time": 37.697,
    "Actual Rows": 1,
    "Actual Loops": 1,
    "Plans": [
      {
        "Node Type": "Gather",
        "Parent Relationship": "Outer",
        "Parallel Aware": false,
        "Startup Cost": 33539.18,
        "Total Cost": 33539.29,
        "Plan Rows": 1,
        "Plan Width": 8,
        "Actual Startup Time": 32.865,
        "Actual Total Time": 37.69,
        "Actual Rows": 2,
        "Actual Loops": 1,
        "Workers Planned": 1,
        "Workers Launched": 1,
        "Single Copy": false,
        "Plans": [
          {
            "Node Type": "Aggregate",
            "Strategy": "Plain",
            "Partial Mode": "Partial",
            "Parent Relationship": "Outer",
            "Parallel Aware": false,
            "Startup Cost": 32539.18,
            "Total Cost": 32539.19,
            "Plan Rows": 1,
            "Plan Width": 8,
            "Actual Startup Time": 26.692,
            "Actual Total Time": 26.694,
            "Actual Rows": 1,
            "Actual Loops": 2,
            "Plans": [
              {
                "Node Type": "Nested Loop",
                "Parent Relationship": "Outer",
                "Parallel Aware": false,
                "Join Type": "Inner",
                "Startup Cost": 101.52,
                "Total Cost": 32538.04,
                "Plan Rows": 454,
                "Plan Width": 0,
                "Actual Startup Time": 2.87,
                "Actual Total Time": 26.656,
                "Actual Rows": 154,
                "Actual Loops": 2,
                "Inner Unique": false,
                "Plans": [
                  {
                    "Node Type": "Nested Loop",
                    "Parent Relationship": "Outer",
                    "Parallel Aware": false,
                    "Join Type": "Inner",
                    "Startup Cost": 101.09,
                    "Total Cost": 32165.82,
                    "Plan Rows": 439,
                    "Plan Width": 8,
                    "Actual Startup Time": 2.697,
                    "Actual Total Time": 25.694,
                    "Actual Rows": 71,
                    "Actual Loops": 2,
                    "Inner Unique": true,
                    "Plans": [
                      {
                        "Node Type": "Bitmap Heap Scan",
                        "Parent Relationship": "Outer",
                        "Parallel Aware": true,
                        "Relation Name": "movie_keyword",
                        "Alias": "mk",
                        "Startup Cost": 100.66,
                        "Total Cost": 11857.91,
                        "Plan Rows": 2750,
                        "Plan Width": 4,
                        "Actual Startup Time": 2.268,
                        "Actual Total Time": 8.852,
                        "Actual Rows": 1709,
                        "Actual Loops": 2,
                        "Recheck Cond": "(keyword_id = 763)",
                        "Rows Removed by Index Recheck": 0,
                        "Exact Heap Blocks": 2705,
                        "Lossy Heap Blocks": 0,
                        "Plans": [
                          {
                            "Node Type": "Bitmap Index Scan",
                            "Parent Relationship": "Outer",
                            "Parallel Aware": false,
                            "Index Name": "keyword_id_movie_keyword",
                            "Startup Cost": 0.0,
                            "Total Cost": 99.5,
                            "Plan Rows": 4675,
                            "Plan Width": 0,
                            "Actual Startup Time": 2.836,
                            "Actual Total Time": 2.837,
                            "Actual Rows": 3418,
                            "Actual Loops": 1,
                            "Index Cond": "(keyword_id = 763)"
                          }
                        ]
                      },
                      {
                        "Node Type": "Index Scan",
                        "Parent Relationship": "Inner",
                        "Parallel Aware": false,
                        "Scan Direction": "Forward",
                        "Index Name": "title_pkey",
                        "Relation Name": "title",
                        "Alias": "t",
                        "Startup Cost": 0.43,
                        "Total Cost": 7.38,
                        "Plan Rows": 1,
                        "Plan Width": 4,
                        "Actual Startup Time": 0.009,
                        "Actual Total Time": 0.009,
                        "Actual Rows": 0,
                        "Actual Loops": 3418,
                        "Index Cond": "(id = mk.movie_id)",
                        "Rows Removed by Index Recheck": 0,
                        "Filter": "((production_year > 2008) AND (kind_id = 7))",
                        "Rows Removed by Filter": 1
                      }
                    ]
                  },
                  {
                    "Node Type": "Index Only Scan",
                    "Parent Relationship": "Inner",
                    "Parallel Aware": false,
                    "Scan Direction": "Forward",
                    "Index Name": "movie_id_movie_companies",
                    "Relation Name": "movie_companies",
                    "Alias": "mc",
                    "Startup Cost": 0.43,
                    "Total Cost": 0.8,
                    "Plan Rows": 5,
                    "Plan Width": 4,
                    "Actual Startup Time": 0.011,
                    "Actual Total Time": 0.012,
                    "Actual Rows": 2,
                    "Actual Loops": 142,
                    "Index Cond": "(movie_id = t.id)",
                    "Rows Removed by Index Recheck": 0,
                    "Heap Fetches": 307
                  }
                ]
              }
            ]
          }
        ]
      }
    ]
  },
  "Planning Time": 1.106,
  "Triggers": [],
  "Execution Time": 37.795
}