[
  {
    "Plan": {
      "Node Type": "Aggregate",
      "Strategy": "Plain",
      "Partial Mode": "Finalize",
      "Parallel Aware": false,
      "Startup Cost": 341622.87,
      "Total Cost": 341622.88,
      "Plan Rows": 1,
      "Plan Width": 8,
      "Actual Startup Time": 906.529,
      "Actual Total Time": 952.527,
      "Actual Rows": 1,
      "Actual Loops": 1,
      "Plans": [
        {
          "Node Type": "Gather",
          "Parent Relationship": "Outer",
          "Parallel Aware": false,
          "Startup Cost": 341622.25,
          "Total Cost": 341622.86,
          "Plan Rows": 6,
          "Plan Width": 8,
          "Actual Startup Time": 906.367,
          "Actual Total Time": 952.512,
          "Actual Rows": 7,
          "Actual Loops": 1,
          "Workers Planned": 6,
          "Workers Launched": 6,
          "Single Copy": false,
          "Plans": [
            {
              "Node Type": "Aggregate",
              "Strategy": "Plain",
              "Partial Mode": "Partial",
              "Parent Relationship": "Outer",
              "Parallel Aware": false,
              "Startup Cost": 340622.25,
              "Total Cost": 340622.26,
              "Plan Rows": 1,
              "Plan Width": 8,
              "Actual Startup Time": 899.635,
              "Actual Total Time": 899.636,
              "Actual Rows": 1,
              "Actual Loops": 7,
              "Plans": [
                {
                  "Node Type": "Seq Scan",
                  "Parent Relationship": "Outer",
                  "Parallel Aware": true,
                  "Relation Name": "cast_info",
                  "Alias": "ci",
                  "Startup Cost": 0.0,
                  "Total Cost": 328211.39,
                  "Plan Rows": 4964342,
                  "Plan Width": 0,
                  "Actual Startup Time": 0.049,
                  "Actual Total Time": 674.52,
                  "Actual Rows": 4265472,
                  "Actual Loops": 7,
                  "Filter": "(person_id < 3015464)",
                  "Rows Removed by Filter": 912292
                }
              ]
            }
          ]
        }
      ]
    },
    "Planning Time": 0.103,
    "Triggers": [],
    "Execution Time": 952.574
  }
]