[
  {
    "Plan": {
      "Node Type": "Aggregate",
      "Strategy": "Plain",
      "Partial Mode": "Finalize",
      "Parallel Aware": false,
      "Startup Cost": 456858.83,
      "Total Cost": 456858.84,
      "Plan Rows": 1,
      "Plan Width": 8,
      "Actual Startup Time": 2325.053,
      "Actual Total Time": 2383.369,
      "Actual Rows": 1,
      "Actual Loops": 1,
      "Plans": [
        {
          "Node Type": "Gather",
          "Parent Relationship": "Outer",
          "Parallel Aware": false,
          "Startup Cost": 456858.2,
          "Total Cost": 456858.81,
          "Plan Rows": 6,
          "Plan Width": 8,
          "Actual Startup Time": 2313.034,
          "Actual Total Time": 2383.353,
          "Actual Rows": 7,
          "Actual Loops": 1,
          "Workers Planned": 6,
          "Workers Launched": 6,
          "Single Copy": false,
          "Plans": [
            {
              "Node Type": "Aggregate",
              "Strategy": "Plain",
              "Partial Mode": "Partial",
              "Parent Relationship": "Outer",
              "Parallel Aware": false,
              "Startup Cost": 455858.2,
              "Total Cost": 455858.21,
              "Plan Rows": 1,
              "Plan Width": 8,
              "Actual Startup Time": 2301.656,
              "Actual Total Time": 2302.095,
              "Actual Rows": 1,
              "Actual Loops": 7,
              "Plans": [
                {
                  "Node Type": "Hash Join",
                  "Parent Relationship": "Outer",
                  "Parallel Aware": true,
                  "Join Type": "Inner",
                  "Startup Cost": 97225.64,
                  "Total Cost": 448925.38,
                  "Plan Rows": 2773128,
                  "Plan Width": 0,
                  "Actual Startup Time": 362.344,
                  "Actual Total Time": 2039.817,
                  "Actual Rows": 6033093,
                  "Actual Loops": 7,
                  "Inner Unique": false,
                  "Hash Cond": "(ci.movie_id = t.id)",
                  "Plans": [
                    {
                      "Node Type": "Seq Scan",
                      "Parent Relationship": "Outer",
                      "Parallel Aware": true,
                      "Relation Name": "cast_info",
                      "Alias": "ci",
                      "Startup Cost": 0.0,
                      "Total Cost": 328211.39,
                      "Plan Rows": 3878073,
                      "Plan Width": 4,
                      "Actual Startup Time": 0.036,
                      "Actual Total Time": 585.353,
                      "Actual Rows": 3345747,
                      "Actual Loops": 7,
                      "Filter": "(person_id < 2396878)",
                      "Rows Removed by Filter": 1832016
                    },
                    {
                      "Node Type": "Hash",
                      "Parent Relationship": "Inner",
                      "Parallel Aware": true,
                      "Startup Cost": 89935.23,
                      "Total Cost": 89935.23,
                      "Plan Rows": 583233,
                      "Plan Width": 8,
                      "Actual Startup Time": 358.48,
                      "Actual Total Time": 358.917,
                      "Actual Rows": 179013,
                      "Actual Loops": 7,
                      "Hash Buckets": 2097152,
                      "Original Hash Buckets": 2097152,
                      "Hash Batches": 1,
                      "Original Hash Batches": 1,
                      "Peak Memory Usage": 65504,
                      "Plans": [
                        {
                          "Node Type": "Hash Join",
                          "Parent Relationship": "Outer",
                          "Parallel Aware": true,
                          "Join Type": "Inner",
                          "Startup Cost": 47057.15,
                          "Total Cost": 89935.23,
                          "Plan Rows": 583233,
                          "Plan Width": 8,
                          "Actual Startup Time": 155.212,
                          "Actual Total Time": 298.89,
                          "Actual Rows": 179013,
                          "Actual Loops": 7,
                          "Inner Unique": true,
                          "Hash Cond": "(mk.movie_id = t.id)",
                          "Plans": [
                            {
                              "Node Type": "Seq Scan",
                              "Parent Relationship": "Outer",
                              "Parallel Aware": true,
                              "Relation Name": "movie_keyword",
                              "Alias": "mk",
                              "Startup Cost": 0.0,
                              "Total Cost": 39047.32,
                              "Plan Rows": 1459332,
                              "Plan Width": 4,
                              "Actual Startup Time": 0.038,
                              "Actual Total Time": 57.036,
                              "Actual Rows": 646276,
                              "Actual Loops": 7
                            },
                            {
                              "Node Type": "Hash",
                              "Parent Relationship": "Inner",
                              "Parallel Aware": true,
                              "Startup Cost": 43899.32,
                              "Total Cost": 43899.32,
                              "Plan Rows": 252626,
                              "Plan Width": 4,
                              "Actual Startup Time": 153.945,
                              "Actual Total Time": 153.947,
                              "Actual Rows": 144703,
                              "Actual Loops": 7,
                              "Hash Buckets": 1048576,
                              "Original Hash Buckets": 1048576,
                              "Hash Batches": 1,
                              "Original Hash Batches": 1,
                              "Peak Memory Usage": 47904,
                              "Plans": [
                                {
                                  "Node Type": "Seq Scan",
                                  "Parent Relationship": "Outer",
                                  "Parallel Aware": true,
                                  "Relation Name": "title",
                                  "Alias": "t",
                                  "Startup Cost": 0.0,
                                  "Total Cost": 43899.32,
                                  "Plan Rows": 252626,
                                  "Plan Width": 4,
                                  "Actual Startup Time": 0.086,
                                  "Actual Total Time": 80.375,
                                  "Actual Rows": 144703,
                                  "Actual Loops": 7,
                                  "Filter": "(production_year > 2005)",
                                  "Rows Removed by Filter": 216485
                                }
                              ]
                            }
                          ]
                        }
                      ]
                    }
                  ]
                }
              ]
            }
          ]
        }
      ]
    },
    "Planning Time": 0.611,
    "Triggers": [],
    "Execution Time": 2383.437
  }
]