[
  {
    "Plan": {
      "Node Type": "Aggregate",
      "Strategy": "Plain",
      "Partial Mode": "Finalize",
      "Parallel Aware": false,
      "Startup Cost": 45859.73,
      "Total Cost": 45859.74,
      "Plan Rows": 1,
      "Plan Width": 8,
      "Actual Startup Time": 168.171,
      "Actual Total Time": 178.942,
      "Actual Rows": 1,
      "Actual Loops": 1,
      "Plans": [
        {
          "Node Type": "Gather",
          "Parent Relationship": "Outer",
          "Parallel Aware": false,
          "Startup Cost": 45859.41,
          "Total Cost": 45859.72,
          "Plan Rows": 3,
          "Plan Width": 8,
          "Actual Startup Time": 168.013,
          "Actual Total Time": 178.933,
          "Actual Rows": 4,
          "Actual Loops": 1,
          "Workers Planned": 3,
          "Workers Launched": 3,
          "Single Copy": false,
          "Plans": [
            {
              "Node Type": "Aggregate",
              "Strategy": "Plain",
              "Partial Mode": "Partial",
              "Parent Relationship": "Outer",
              "Parallel Aware": false,
              "Startup Cost": 44859.41,
              "Total Cost": 44859.42,
              "Plan Rows": 1,
              "Plan Width": 8,
              "Actual Startup Time": 163.146,
              "Actual Total Time": 163.147,
              "Actual Rows": 1,
              "Actual Loops": 4,
              "Plans": [
                {
                  "Node Type": "Seq Scan",
                  "Parent Relationship": "Outer",
                  "Parallel Aware": true,
                  "Relation Name": "movie_keyword",
                  "Alias": "mk",
                  "Startup Cost": 0.0,
                  "Total Cost": 42695.65,
                  "Plan Rows": 865504,
                  "Plan Width": 0,
                  "Actual Startup Time": 0.366,
                  "Actual Total Time": 128.383,
                  "Actual Rows": 670425,
                  "Actual Loops": 4,
                  "Filter": "(keyword_id > 3046)",
                  "Rows Removed by Filter": 460558
                }
              ]
            }
          ]
        }
      ]
    },
    "Planning Time": 0.118,
    "Triggers": [],
    "Execution Time": 178.983
  }
]