[
  {
    "Plan": {
      "Node Type": "Aggregate",
      "Strategy": "Plain",
      "Partial Mode": "Finalize",
      "Parallel Aware": false,
      "Startup Cost": 121620.89,
      "Total Cost": 121620.9,
      "Plan Rows": 1,
      "Plan Width": 8,
      "Actual Startup Time": 674.095,
      "Actual Total Time": 696.184,
      "Actual Rows": 1,
      "Actual Loops": 1,
      "Plans": [
        {
          "Node Type": "Gather",
          "Parent Relationship": "Outer",
          "Parallel Aware": false,
          "Startup Cost": 121620.57,
          "Total Cost": 121620.88,
          "Plan Rows": 3,
          "Plan Width": 8,
          "Actual Startup Time": 668.45,
          "Actual Total Time": 696.161,
          "Actual Rows": 4,
          "Actual Loops": 1,
          "Workers Planned": 3,
          "Workers Launched": 3,
          "Single Copy": false,
          "Plans": [
            {
              "Node Type": "Aggregate",
              "Strategy": "Plain",
              "Partial Mode": "Partial",
              "Parent Relationship": "Outer",
              "Parallel Aware": false,
              "Startup Cost": 120620.57,
              "Total Cost": 120620.58,
              "Plan Rows": 1,
              "Plan Width": 8,
              "Actual Startup Time": 655.936,
              "Actual Total Time": 656.146,
              "Actual Rows": 1,
              "Actual Loops": 4,
              "Plans": [
                {
                  "Node Type": "Hash Join",
                  "Parent Relationship": "Outer",
                  "Parallel Aware": true,
                  "Join Type": "Inner",
                  "Startup Cost": 89899.16,
                  "Total Cost": 120463.97,
                  "Plan Rows": 62639,
                  "Plan Width": 0,
                  "Actual Startup Time": 379.138,
                  "Actual Total Time": 601.613,
                  "Actual Rows": 1235564,
                  "Actual Loops": 4,
                  "Inner Unique": false,
                  "Hash Cond": "(mc.movie_id = t.id)",
                  "Plans": [
                    {
                      "Node Type": "Seq Scan",
                      "Parent Relationship": "Outer",
                      "Parallel Aware": true,
                      "Relation Name": "movie_companies",
                      "Alias": "mc",
                      "Startup Cost": 0.0,
                      "Total Cost": 27206.55,
                      "Plan Rows": 841655,
                      "Plan Width": 4,
                      "Actual Startup Time": 0.021,
                      "Actual Total Time": 61.675,
                      "Actual Rows": 652282,
                      "Actual Loops": 4
                    },
                    {
                      "Node Type": "Hash",
                      "Parent Relationship": "Inner",
                      "Parallel Aware": true,
                      "Startup Cost": 89140.44,
                      "Total Cost": 89140.44,
                      "Plan Rows": 60698,
                      "Plan Width": 8,
                      "Actual Startup Time": 347.162,
                      "Actual Total Time": 347.37,
                      "Actual Rows": 118789,
                      "Actual Loops": 4,
                      "Hash Buckets": 524288,
                      "Original Hash Buckets": 262144,
                      "Hash Batches": 1,
                      "Original Hash Batches": 1,
                      "Peak Memory Usage": 24800,
                      "Plans": [
                        {
                          "Node Type": "Hash Join",
                          "Parent Relationship": "Outer",
                          "Parallel Aware": true,
                          "Join Type": "Inner",
                          "Startup Cost": 61186.86,
                          "Total Cost": 89140.44,
                          "Plan Rows": 60698,
                          "Plan Width": 8,
                          "Actual Startup Time": 227.163,
                          "Actual Total Time": 313.469,
                          "Actual Rows": 118789,
                          "Actual Loops": 4,
                          "Inner Unique": true,
                          "Hash Cond": "(mk.movie_id = t.id)",
                          "Plans": [
                            {
                              "Node Type": "Bitmap Heap Scan",
                              "Parent Relationship": "Outer",
                              "Parallel Aware": true,
                              "Relation Name": "movie_keyword",
                              "Alias": "mk",
                              "Startup Cost": 15215.27,
                              "Total Cost": 42561.48,
                              "Plan Rows": 231377,
                              "Plan Width": 4,
                              "Actual Startup Time": 39.824,
                              "Actual Total Time": 106.234,
                              "Actual Rows": 177437,
                              "Actual Loops": 4,
                              "Recheck Cond": "(keyword_id > 26615)",
                              "Rows Removed by Index Recheck": 0,
                              "Exact Heap Blocks": 8210,
                              "Lossy Heap Blocks": 0,
                              "Plans": [
                                {
                                  "Node Type": "Bitmap Index Scan",
                                  "Parent Relationship": "Outer",
                                  "Parallel Aware": false,
                                  "Index Name": "keyword_id_movie_keyword",
                                  "Startup Cost": 0.0,
                                  "Total Cost": 15035.95,
                                  "Plan Rows": 717269,
                                  "Plan Width": 0,
                                  "Actual Startup Time": 36.167,
                                  "Actual Total Time": 36.168,
                                  "Actual Rows": 709749,
                                  "Actual Loops": 1,
                                  "Index Cond": "(keyword_id > 26615)"
                                }
                              ]
                            },
                            {
                              "Node Type": "Hash",
                              "Parent Relationship": "Inner",
                              "Parallel Aware": true,
                              "Startup Cost": 43898.92,
                              "Total Cost": 43898.92,
                              "Plan Rows": 165814,
                              "Plan Width": 4,
                              "Actual Startup Time": 158.393,
                              "Actual Total Time": 158.394,
                              "Actual Rows": 165706,
                              "Actual Loops": 4,
                              "Hash Buckets": 1048576,
                              "Original Hash Buckets": 1048576,
                              "Hash Batches": 1,
                              "Original Hash Batches": 1,
                              "Peak Memory Usage": 34144,
                              "Plans": [
                                {
                                  "Node Type": "Seq Scan",
                                  "Parent Relationship": "Outer",
                                  "Parallel Aware": true,
                                  "Relation Name": "title",
                                  "Alias": "t",
                                  "Startup Cost": 0.0,
                                  "Total Cost": 43898.92,
                                  "Plan Rows": 165814,
                                  "Plan Width": 4,
                                  "Actual Startup Time": 45.576,
                                  "Actual Total Time": 102.213,
                                  "Actual Rows": 165706,
                                  "Actual Loops": 4,
                                  "Filter": "(kind_id = 1)",
                                  "Rows Removed by Filter": 466372
                                }
                              ]
                            }
                          ]
                        }
                      ]
                    }
                  ]
                }
              ]
            }
          ]
        }
      ]
    },
    "Planning Time": 1.387,
    "Triggers": [],
    "Execution Time": 696.296
  }
]