[
  {
    "Plan": {
      "Node Type": "Aggregate",
      "Strategy": "Plain",
      "Partial Mode": "Finalize",
      "Parallel Aware": false,
      "Startup Cost": 332783.18,
      "Total Cost": 332783.2,
      "Plan Rows": 1,
      "Plan Width": 8,
      "Actual Startup Time": 789.294,
      "Actual Total Time": 859.682,
      "Actual Rows": 1,
      "Actual Loops": 1,
      "Plans": [
        {
          "Node Type": "Gather",
          "Parent Relationship": "Outer",
          "Parallel Aware": false,
          "Startup Cost": 332782.56,
          "Total Cost": 332783.17,
          "Plan Rows": 6,
          "Plan Width": 8,
          "Actual Startup Time": 789.049,
          "Actual Total Time": 859.671,
          "Actual Rows": 7,
          "Actual Loops": 1,
          "Workers Planned": 6,
          "Workers Launched": 6,
          "Single Copy": false,
          "Plans": [
            {
              "Node Type": "Aggregate",
              "Strategy": "Plain",
              "Partial Mode": "Partial",
              "Parent Relationship": "Outer",
              "Parallel Aware": false,
              "Startup Cost": 331782.56,
              "Total Cost": 331782.57,
              "Plan Rows": 1,
              "Plan Width": 8,
              "Actual Startup Time": 780.863,
              "Actual Total Time": 780.868,
              "Actual Rows": 1,
              "Actual Loops": 7,
              "Plans": [
                {
                  "Node Type": "Seq Scan",
                  "Parent Relationship": "Outer",
                  "Parallel Aware": true,
                  "Relation Name": "cast_info",
                  "Alias": "ci",
                  "Startup Cost": 0.0,
                  "Total Cost": 328162.03,
                  "Plan Rows": 1448214,
                  "Plan Width": 0,
                  "Actual Startup Time": 0.049,
                  "Actual Total Time": 703.972,
                  "Actual Rows": 1259875,
                  "Actual Loops": 7,
                  "Filter": "(person_id < 868284)",
                  "Rows Removed by Filter": 3917889
                }
              ]
            }
          ]
        }
      ]
    },
    "Planning Time": 0.161,
    "Triggers": [],
    "Execution Time": 859.744
  }
]