{
    "Plan": {
        "Node Type": "Aggregate",
        "Strategy": "Plain",
        "Partial Mode": "Finalize",
        "Parallel Aware": false,
        "Startup Cost": 349426.95,
        "Total Cost": 349426.96,
        "Plan Rows": 1,
        "Plan Width": 8,
        "Actual Startup Time": 1860.355,
        "Actual Total Time": 1948.635,
        "Actual Rows": 1,
        "Actual Loops": 1,
        "Output": [
            "count(*)"
        ],
        "Plans": [
            {
                "Node Type": "Gather",
                "Parent Relationship": "Outer",
                "Parallel Aware": false,
                "Startup Cost": 349426.53,
                "Total Cost": 349426.94,
                "Plan Rows": 4,
                "Plan Width": 8,
                "Actual Startup Time": 1860.344,
                "Actual Total Time": 1948.625,
                "Actual Rows": 5,
                "Actual Loops": 1,
                "Output": [
                    "(PARTIAL count(*))"
                ],
                "Workers Planned": 4,
                "Workers Launched": 4,
                "Single Copy": false,
                "Plans": [
                    {
                        "Node Type": "Aggregate",
                        "Strategy": "Plain",
                        "Partial Mode": "Partial",
                        "Parent Relationship": "Outer",
                        "Parallel Aware": false,
                        "Startup Cost": 348426.53,
                        "Total Cost": 348426.54,
                        "Plan Rows": 1,
                        "Plan Width": 8,
                        "Actual Startup Time": 1849.034,
                        "Actual Total Time": 1849.036,
                        "Actual Rows": 1,
                        "Actual Loops": 5,
                        "Output": [
                            "PARTIAL count(*)"
                        ],
                        "Workers": [
                            {
                                "Worker Number": 0,
                                "Actual Startup Time": 1846.652,
                                "Actual Total Time": 1846.654,
                                "Actual Rows": 1,
                                "Actual Loops": 1
                            },
                            {
                                "Worker Number": 1,
                                "Actual Startup Time": 1845.944,
                                "Actual Total Time": 1845.946,
                                "Actual Rows": 1,
                                "Actual Loops": 1
                            },
                            {
                                "Worker Number": 2,
                                "Actual Startup Time": 1846.252,
                                "Actual Total Time": 1846.253,
                                "Actual Rows": 1,
                                "Actual Loops": 1
                            },
                            {
                                "Worker Number": 3,
                                "Actual Startup Time": 1846.722,
                                "Actual Total Time": 1846.723,
                                "Actual Rows": 1,
                                "Actual Loops": 1
                            }
                        ],
                        "Plans": [
                            {
                                "Node Type": "Nested Loop",
                                "Parent Relationship": "Outer",
                                "Parallel Aware": false,
                                "Join Type": "Inner",
                                "Startup Cost": 2.21,
                                "Total Cost": 346972.32,
                                "Plan Rows": 581683,
                                "Plan Width": 0,
                                "Actual Startup Time": 4.745,
                                "Actual Total Time": 1819.267,
                                "Actual Rows": 576447,
                                "Actual Loops": 5,
                                "Inner Unique": false,
                                "Join Filter": "(t.id = ci.movie_id)",
                                "Rows Removed by Join Filter": 0,
                                "Workers": [
                                    {
                                        "Worker Number": 0,
                                        "Actual Startup Time": 4.476,
                                        "Actual Total Time": 1818.375,
                                        "Actual Rows": 345878,
                                        "Actual Loops": 1
                                    },
                                    {
                                        "Worker Number": 1,
                                        "Actual Startup Time": 3.806,
                                        "Actual Total Time": 1815.026,
                                        "Actual Rows": 638314,
                                        "Actual Loops": 1
                                    },
                                    {
                                        "Worker Number": 2,
                                        "Actual Startup Time": 4.177,
                                        "Actual Total Time": 1816.367,
                                        "Actual Rows": 620272,
                                        "Actual Loops": 1
                                    },
                                    {
                                        "Worker Number": 3,
                                        "Actual Startup Time": 11.102,
                                        "Actual Total Time": 1817.489,
                                        "Actual Rows": 603513,
                                        "Actual Loops": 1
                                    }
                                ],
                                "Plans": [
                                    {
                                        "Node Type": "Merge Join",
                                        "Parent Relationship": "Outer",
                                        "Parallel Aware": false,
                                        "Join Type": "Inner",
                                        "Startup Cost": 1.64,
                                        "Total Cost": 151004.21,
                                        "Plan Rows": 72662,
                                        "Plan Width": 8,
                                        "Actual Startup Time": 2.568,
                                        "Actual Total Time": 752.294,
                                        "Actual Rows": 38442,
                                        "Actual Loops": 5,
                                        "Output": [
                                            "t.id",
                                            "mi_idx.movie_id"
                                        ],
                                        "Inner Unique": false,
                                        "Merge Cond": "(t.id = mi_idx.movie_id)",
                                        "Workers": [
                                            {
                                                "Worker Number": 0,
                                                "Actual Startup Time": 4.004,
                                                "Actual Total Time": 815.566,
                                                "Actual Rows": 23639,
                                                "Actual Loops": 1
                                            },
                                            {
                                                "Worker Number": 1,
                                                "Actual Startup Time": 3.59,
                                                "Actual Total Time": 720.821,
                                                "Actual Rows": 42402,
                                                "Actual Loops": 1
                                            },
                                            {
                                                "Worker Number": 2,
                                                "Actual Startup Time": 4.011,
                                                "Actual Total Time": 723.757,
                                                "Actual Rows": 40623,
                                                "Actual Loops": 1
                                            },
                                            {
                                                "Worker Number": 3,
                                                "Actual Startup Time": 1.102,
                                                "Actual Total Time": 733.649,
                                                "Actual Rows": 41291,
                                                "Actual Loops": 1
                                            }
                                        ],
                                        "Plans": [
                                            {
                                                "Node Type": "Index Scan",
                                                "Parent Relationship": "Outer",
                                                "Parallel Aware": true,
                                                "Scan Direction": "Forward",
                                                "Index Name": "title_pkey",
                                                "Relation Name": "title",
                                                "Schema": "public",
                                                "Alias": "t",
                                                "Startup Cost": 0.43,
                                                "Total Cost": 92959.88,
                                                "Plan Rows": 133123,
                                                "Plan Width": 4,
                                                "Actual Startup Time": 0.729,
                                                "Actual Total Time": 391.052,
                                                "Actual Rows": 106638,
                                                "Actual Loops": 5,
                                                "Output": [
                                                    "t.id",
                                                    "t.title",
                                                    "t.imdb_index",
                                                    "t.kind_id",
                                                    "t.production_year",
                                                    "t.imdb_id",
                                                    "t.phonetic_code",
                                                    "t.episode_of_id",
                                                    "t.season_nr",
                                                    "t.episode_nr",
                                                    "t.series_years",
                                                    "t.md5sum"
                                                ],
                                                "Filter": "(t.production_year > 2009)",
                                                "Rows Removed by Filter": 398561,
                                                "Workers": [
                                                    {
                                                        "Worker Number": 0,
                                                        "Actual Startup Time": 0.89,
                                                        "Actual Total Time": 326.232,
                                                        "Actual Rows": 63223,
                                                        "Actual Loops": 1
                                                    },
                                                    {
                                                        "Worker Number": 1,
                                                        "Actual Startup Time": 2.378,
                                                        "Actual Total Time": 392.269,
                                                        "Actual Rows": 113696,
                                                        "Actual Loops": 1
                                                    },
                                                    {
                                                        "Worker Number": 2,
                                                        "Actual Startup Time": 0.159,
                                                        "Actual Total Time": 394.503,
                                                        "Actual Rows": 109818,
                                                        "Actual Loops": 1
                                                    },
                                                    {
                                                        "Worker Number": 3,
                                                        "Actual Startup Time": 0.129,
                                                        "Actual Total Time": 405.009,
                                                        "Actual Rows": 117900,
                                                        "Actual Loops": 1
                                                    }
                                                ]
                                            },
                                            {
                                                "Node Type": "Index Only Scan",
                                                "Parent Relationship": "Inner",
                                                "Parallel Aware": false,
                                                "Scan Direction": "Forward",
                                                "Index Name": "movie_id_movie_info_idx",
                                                "Relation Name": "movie_info_idx",
                                                "Schema": "public",
                                                "Alias": "mi_idx",
                                                "Startup Cost": 0.43,
                                                "Total Cost": 53630.81,
                                                "Plan Rows": 1380035,
                                                "Plan Width": 4,
                                                "Actual Startup Time": 0.151,
                                                "Actual Total Time": 279.895,
                                                "Actual Rows": 1380035,
                                                "Actual Loops": 5,
                                                "Output": [
                                                    "mi_idx.movie_id"
                                                ],
                                                "Heap Fetches": 6900175,
                                                "Workers": [
                                                    {
                                                        "Worker Number": 0,
                                                        "Actual Startup Time": 0.169,
                                                        "Actual Total Time": 379.526,
                                                        "Actual Rows": 1380035,
                                                        "Actual Loops": 1
                                                    },
                                                    {
                                                        "Worker Number": 1,
                                                        "Actual Startup Time": 0.19,
                                                        "Actual Total Time": 255.418,
                                                        "Actual Rows": 1380035,
                                                        "Actual Loops": 1
                                                    },
                                                    {
                                                        "Worker Number": 2,
                                                        "Actual Startup Time": 0.178,
                                                        "Actual Total Time": 255.799,
                                                        "Actual Rows": 1380035,
                                                        "Actual Loops": 1
                                                    },
                                                    {
                                                        "Worker Number": 3,
                                                        "Actual Startup Time": 0.182,
                                                        "Actual Total Time": 254.844,
                                                        "Actual Rows": 1380035,
                                                        "Actual Loops": 1
                                                    }
                                                ]
                                            }
                                        ]
                                    },
                                    {
                                        "Node Type": "Index Scan",
                                        "Parent Relationship": "Inner",
                                        "Parallel Aware": false,
                                        "Scan Direction": "Forward",
                                        "Index Name": "movie_id_cast_info",
                                        "Relation Name": "cast_info",
                                        "Schema": "public",
                                        "Alias": "ci",
                                        "Startup Cost": 0.56,
                                        "Total Cost": 2.43,
                                        "Plan Rows": 21,
                                        "Plan Width": 4,
                                        "Actual Startup Time": 0.004,
                                        "Actual Total Time": 0.026,
                                        "Actual Rows": 15,
                                        "Actual Loops": 192209,
                                        "Output": [
                                            "ci.id",
                                            "ci.person_id",
                                            "ci.movie_id",
                                            "ci.person_role_id",
                                            "ci.note",
                                            "ci.nr_order",
                                            "ci.role_id"
                                        ],
                                        "Index Cond": "(ci.movie_id = mi_idx.movie_id)",
                                        "Rows Removed by Index Recheck": 0,
                                        "Filter": "(ci.role_id < 3)",
                                        "Rows Removed by Filter": 19,
                                        "Workers": [
                                            {
                                                "Worker Number": 0,
                                                "Actual Startup Time": 0.006,
                                                "Actual Total Time": 0.04,
                                                "Actual Rows": 15,
                                                "Actual Loops": 23639
                                            },
                                            {
                                                "Worker Number": 1,
                                                "Actual Startup Time": 0.004,
                                                "Actual Total Time": 0.024,
                                                "Actual Rows": 15,
                                                "Actual Loops": 42402
                                            },
                                            {
                                                "Worker Number": 2,
                                                "Actual Startup Time": 0.004,
                                                "Actual Total Time": 0.025,
                                                "Actual Rows": 15,
                                                "Actual Loops": 40623
                                            },
                                            {
                                                "Worker Number": 3,
                                                "Actual Startup Time": 0.004,
                                                "Actual Total Time": 0.025,
                                                "Actual Rows": 15,
                                                "Actual Loops": 41291
                                            }
                                        ]
                                    }
                                ]
                            }
                        ]
                    }
                ]
            }
        ]
    },
    "Planning Time": 1.201,
    "Triggers": [],
    "Execution Time": 1948.753
}