[
  {
    "Plan": {
      "Node Type": "Aggregate",
      "Strategy": "Plain",
      "Partial Mode": "Finalize",
      "Parallel Aware": false,
      "Startup Cost": 285777.9,
      "Total Cost": 285777.91,
      "Plan Rows": 1,
      "Plan Width": 8,
      "Actual Startup Time": 146.155,
      "Actual Total Time": 153.782,
      "Actual Rows": 1,
      "Actual Loops": 1,
      "Plans": [
        {
          "Node Type": "Gather",
          "Parent Relationship": "Outer",
          "Parallel Aware": false,
          "Startup Cost": 285777.28,
          "Total Cost": 285777.89,
          "Plan Rows": 6,
          "Plan Width": 8,
          "Actual Startup Time": 145.233,
          "Actual Total Time": 153.772,
          "Actual Rows": 7,
          "Actual Loops": 1,
          "Workers Planned": 6,
          "Workers Launched": 6,
          "Single Copy": false,
          "Plans": [
            {
              "Node Type": "Aggregate",
              "Strategy": "Plain",
              "Partial Mode": "Partial",
              "Parent Relationship": "Outer",
              "Parallel Aware": false,
              "Startup Cost": 284777.28,
              "Total Cost": 284777.29,
              "Plan Rows": 1,
              "Plan Width": 8,
              "Actual Startup Time": 136.308,
              "Actual Total Time": 136.31,
              "Actual Rows": 1,
              "Actual Loops": 7,
              "Plans": [
                {
                  "Node Type": "Bitmap Heap Scan",
                  "Parent Relationship": "Outer",
                  "Parallel Aware": true,
                  "Relation Name": "cast_info",
                  "Alias": "ci",
                  "Startup Cost": 28826.45,
                  "Total Cost": 284233.31,
                  "Plan Rows": 217589,
                  "Plan Width": 0,
                  "Actual Startup Time": 63.953,
                  "Actual Total Time": 124.633,
                  "Actual Rows": 176966,
                  "Actual Loops": 7,
                  "Recheck Cond": "(person_id > 3822139)",
                  "Rows Removed by Index Recheck": 0,
                  "Exact Heap Blocks": 5114,
                  "Lossy Heap Blocks": 0,
                  "Plans": [
                    {
                      "Node Type": "Bitmap Index Scan",
                      "Parent Relationship": "Outer",
                      "Parallel Aware": false,
                      "Index Name": "person_id_cast_info",
                      "Startup Cost": 0.0,
                      "Total Cost": 28500.06,
                      "Plan Rows": 1305533,
                      "Plan Width": 0,
                      "Actual Startup Time": 69.284,
                      "Actual Total Time": 69.285,
                      "Actual Rows": 1238759,
                      "Actual Loops": 1,
                      "Index Cond": "(person_id > 3822139)"
                    }
                  ]
                }
              ]
            }
          ]
        }
      ]
    },
    "Planning Time": 0.162,
    "Triggers": [],
    "Execution Time": 153.836
  }
]