[
  {
    "Plan": {
      "Node Type": "Aggregate",
      "Strategy": "Plain",
      "Partial Mode": "Finalize",
      "Parallel Aware": false,
      "Startup Cost": 284631.34,
      "Total Cost": 284631.35,
      "Plan Rows": 1,
      "Plan Width": 8,
      "Actual Startup Time": 148.956,
      "Actual Total Time": 155.073,
      "Actual Rows": 1,
      "Actual Loops": 1,
      "Plans": [
        {
          "Node Type": "Gather",
          "Parent Relationship": "Outer",
          "Parallel Aware": false,
          "Startup Cost": 284630.72,
          "Total Cost": 284631.33,
          "Plan Rows": 6,
          "Plan Width": 8,
          "Actual Startup Time": 148.411,
          "Actual Total Time": 155.064,
          "Actual Rows": 7,
          "Actual Loops": 1,
          "Workers Planned": 6,
          "Workers Launched": 6,
          "Single Copy": false,
          "Plans": [
            {
              "Node Type": "Aggregate",
              "Strategy": "Plain",
              "Partial Mode": "Partial",
              "Parent Relationship": "Outer",
              "Parallel Aware": false,
              "Startup Cost": 283630.72,
              "Total Cost": 283630.73,
              "Plan Rows": 1,
              "Plan Width": 8,
              "Actual Startup Time": 139.44,
              "Actual Total Time": 139.441,
              "Actual Rows": 1,
              "Actual Loops": 7,
              "Plans": [
                {
                  "Node Type": "Bitmap Heap Scan",
                  "Parent Relationship": "Outer",
                  "Parallel Aware": true,
                  "Relation Name": "cast_info",
                  "Alias": "ci",
                  "Startup Cost": 27797.58,
                  "Total Cost": 283106.36,
                  "Plan Rows": 209742,
                  "Plan Width": 0,
                  "Actual Startup Time": 67.878,
                  "Actual Total Time": 127.943,
                  "Actual Rows": 176966,
                  "Actual Loops": 7,
                  "Recheck Cond": "(person_id > 3822139)",
                  "Rows Removed by Index Recheck": 0,
                  "Exact Heap Blocks": 4102,
                  "Lossy Heap Blocks": 0,
                  "Plans": [
                    {
                      "Node Type": "Bitmap Index Scan",
                      "Parent Relationship": "Outer",
                      "Parallel Aware": false,
                      "Index Name": "person_id_cast_info",
                      "Startup Cost": 0.0,
                      "Total Cost": 27482.97,
                      "Plan Rows": 1258454,
                      "Plan Width": 0,
                      "Actual Startup Time": 72.94,
                      "Actual Total Time": 72.94,
                      "Actual Rows": 1238759,
                      "Actual Loops": 1,
                      "Index Cond": "(person_id > 3822139)"
                    }
                  ]
                }
              ]
            }
          ]
        }
      ]
    },
    "Planning Time": 0.179,
    "Triggers": [],
    "Execution Time": 155.143
  }
]