[
  {
    "Plan": {
      "Node Type": "Aggregate",
      "Strategy": "Plain",
      "Partial Mode": "Finalize",
      "Parallel Aware": false,
      "Startup Cost": 346041.73,
      "Total Cost": 346041.74,
      "Plan Rows": 1,
      "Plan Width": 8,
      "Actual Startup Time": 618.243,
      "Actual Total Time": 663.88,
      "Actual Rows": 1,
      "Actual Loops": 1,
      "Plans": [
        {
          "Node Type": "Gather",
          "Parent Relationship": "Outer",
          "Parallel Aware": false,
          "Startup Cost": 346041.1,
          "Total Cost": 346041.71,
          "Plan Rows": 6,
          "Plan Width": 8,
          "Actual Startup Time": 618.038,
          "Actual Total Time": 663.866,
          "Actual Rows": 7,
          "Actual Loops": 1,
          "Workers Planned": 6,
          "Workers Launched": 6,
          "Single Copy": false,
          "Plans": [
            {
              "Node Type": "Aggregate",
              "Strategy": "Plain",
              "Partial Mode": "Partial",
              "Parent Relationship": "Outer",
              "Parallel Aware": false,
              "Startup Cost": 345041.1,
              "Total Cost": 345041.11,
              "Plan Rows": 1,
              "Plan Width": 8,
              "Actual Startup Time": 612.144,
              "Actual Total Time": 612.145,
              "Actual Rows": 1,
              "Actual Loops": 7,
              "Plans": [
                {
                  "Node Type": "Seq Scan",
                  "Parent Relationship": "Outer",
                  "Parallel Aware": true,
                  "Relation Name": "cast_info",
                  "Alias": "ci",
                  "Startup Cost": 0.0,
                  "Total Cost": 343316.27,
                  "Plan Rows": 689932,
                  "Plan Width": 0,
                  "Actual Startup Time": 326.423,
                  "Actual Total Time": 594.414,
                  "Actual Rows": 378204,
                  "Actual Loops": 7,
                  "Filter": "((person_id < 927103) AND (role_id > 2))",
                  "Rows Removed by Filter": 4799560
                }
              ]
            }
          ]
        }
      ]
    },
    "Planning Time": 0.23,
    "Triggers": [],
    "Execution Time": 663.947
  }
]