[
    {
        "Bao": {
            "Bao prediction": "NaN",
            "Bao recommended hint": "(no hint)"
        }
    },
    {
        "Plan": {
            "Node Type": "Aggregate",
            "Strategy": "Plain",
            "Partial Mode": "Finalize",
            "Parallel Aware": false,
            "Startup Cost": 82979.65,
            "Total Cost": 82979.66,
            "Plan Rows": 1,
            "Plan Width": 8,
            "Actual Startup Time": 143.918,
            "Actual Total Time": 151.578,
            "Actual Rows": 1,
            "Actual Loops": 1,
            "Output": [
                "count(*)"
            ],
            "Plans": [
                {
                    "Node Type": "Gather",
                    "Parent Relationship": "Outer",
                    "Parallel Aware": false,
                    "Startup Cost": 82979.34,
                    "Total Cost": 82979.65,
                    "Plan Rows": 3,
                    "Plan Width": 8,
                    "Actual Startup Time": 143.631,
                    "Actual Total Time": 151.571,
                    "Actual Rows": 4,
                    "Actual Loops": 1,
                    "Output": [
                        "(PARTIAL count(*))"
                    ],
                    "Workers Planned": 3,
                    "Workers Launched": 3,
                    "Single Copy": false,
                    "Plans": [
                        {
                            "Node Type": "Aggregate",
                            "Strategy": "Plain",
                            "Partial Mode": "Partial",
                            "Parent Relationship": "Outer",
                            "Parallel Aware": false,
                            "Startup Cost": 81979.34,
                            "Total Cost": 81979.35,
                            "Plan Rows": 1,
                            "Plan Width": 8,
                            "Actual Startup Time": 134.94,
                            "Actual Total Time": 134.943,
                            "Actual Rows": 1,
                            "Actual Loops": 4,
                            "Output": [
                                "PARTIAL count(*)"
                            ],
                            "Workers": [
                                {
                                    "Worker Number": 0,
                                    "Actual Startup Time": 131.813,
                                    "Actual Total Time": 131.816,
                                    "Actual Rows": 1,
                                    "Actual Loops": 1
                                },
                                {
                                    "Worker Number": 1,
                                    "Actual Startup Time": 132.225,
                                    "Actual Total Time": 132.227,
                                    "Actual Rows": 1,
                                    "Actual Loops": 1
                                },
                                {
                                    "Worker Number": 2,
                                    "Actual Startup Time": 132.359,
                                    "Actual Total Time": 132.362,
                                    "Actual Rows": 1,
                                    "Actual Loops": 1
                                }
                            ],
                            "Plans": [
                                {
                                    "Node Type": "Hash Join",
                                    "Parent Relationship": "Outer",
                                    "Parallel Aware": true,
                                    "Join Type": "Inner",
                                    "Startup Cost": 38652.54,
                                    "Total Cost": 81972.04,
                                    "Plan Rows": 2920,
                                    "Plan Width": 0,
                                    "Actual Startup Time": 52.603,
                                    "Actual Total Time": 134.785,
                                    "Actual Rows": 2150,
                                    "Actual Loops": 4,
                                    "Inner Unique": true,
                                    "Hash Cond": "(mk.movie_id = t.id)",
                                    "Workers": [
                                        {
                                            "Worker Number": 0,
                                            "Actual Startup Time": 49.444,
                                            "Actual Total Time": 131.641,
                                            "Actual Rows": 1500,
                                            "Actual Loops": 1
                                        },
                                        {
                                            "Worker Number": 1,
                                            "Actual Startup Time": 49.983,
                                            "Actual Total Time": 132.066,
                                            "Actual Rows": 2279,
                                            "Actual Loops": 1
                                        },
                                        {
                                            "Worker Number": 2,
                                            "Actual Startup Time": 50.032,
                                            "Actual Total Time": 132.205,
                                            "Actual Rows": 2163,
                                            "Actual Loops": 1
                                        }
                                    ],
                                    "Plans": [
                                        {
                                            "Node Type": "Seq Scan",
                                            "Parent Relationship": "Outer",
                                            "Parallel Aware": true,
                                            "Relation Name": "movie_keyword",
                                            "Schema": "public",
                                            "Alias": "mk",
                                            "Startup Cost": 0.0,
                                            "Total Cost": 42695.65,
                                            "Plan Rows": 237656,
                                            "Plan Width": 4,
                                            "Actual Startup Time": 2.063,
                                            "Actual Total Time": 85.566,
                                            "Actual Rows": 180138,
                                            "Actual Loops": 4,
                                            "Output": [
                                                "mk.id",
                                                "mk.movie_id",
                                                "mk.keyword_id"
                                            ],
                                            "Filter": "(mk.keyword_id > 26014)",
                                            "Rows Removed by Filter": 950844,
                                            "Workers": [
                                                {
                                                    "Worker Number": 0,
                                                    "Actual Startup Time": 2.057,
                                                    "Actual Total Time": 85.849,
                                                    "Actual Rows": 118000,
                                                    "Actual Loops": 1
                                                },
                                                {
                                                    "Worker Number": 1,
                                                    "Actual Startup Time": 2.064,
                                                    "Actual Total Time": 85.59,
                                                    "Actual Rows": 190735,
                                                    "Actual Loops": 1
                                                },
                                                {
                                                    "Worker Number": 2,
                                                    "Actual Startup Time": 2.06,
                                                    "Actual Total Time": 85.658,
                                                    "Actual Rows": 189510,
                                                    "Actual Loops": 1
                                                }
                                            ]
                                        },
                                        {
                                            "Node Type": "Hash",
                                            "Parent Relationship": "Inner",
                                            "Parallel Aware": true,
                                            "Startup Cost": 38555.46,
                                            "Total Cost": 38555.46,
                                            "Plan Rows": 7766,
                                            "Plan Width": 4,
                                            "Actual Startup Time": 32.919,
                                            "Actual Total Time": 32.921,
                                            "Actual Rows": 7208,
                                            "Actual Loops": 4,
                                            "Output": [
                                                "t.id"
                                            ],
                                            "Hash Buckets": 32768,
                                            "Original Hash Buckets": 32768,
                                            "Hash Batches": 1,
                                            "Original Hash Batches": 1,
                                            "Peak Memory Usage": 1472,
                                            "Workers": [
                                                {
                                                    "Worker Number": 0,
                                                    "Actual Startup Time": 29.811,
                                                    "Actual Total Time": 29.812,
                                                    "Actual Rows": 2912,
                                                    "Actual Loops": 1
                                                },
                                                {
                                                    "Worker Number": 1,
                                                    "Actual Startup Time": 30.228,
                                                    "Actual Total Time": 30.229,
                                                    "Actual Rows": 3309,
                                                    "Actual Loops": 1
                                                },
                                                {
                                                    "Worker Number": 2,
                                                    "Actual Startup Time": 30.34,
                                                    "Actual Total Time": 30.341,
                                                    "Actual Rows": 3382,
                                                    "Actual Loops": 1
                                                }
                                            ],
                                            "Plans": [
                                                {
                                                    "Node Type": "Bitmap Heap Scan",
                                                    "Parent Relationship": "Outer",
                                                    "Parallel Aware": true,
                                                    "Relation Name": "title",
                                                    "Schema": "public",
                                                    "Alias": "t",
                                                    "Startup Cost": 2114.37,
                                                    "Total Cost": 38555.46,
                                                    "Plan Rows": 7766,
                                                    "Plan Width": 4,
                                                    "Actual Startup Time": 2.485,
                                                    "Actual Total Time": 30.467,
                                                    "Actual Rows": 7208,
                                                    "Actual Loops": 4,
                                                    "Output": [
                                                        "t.id"
                                                    ],
                                                    "Recheck Cond": "(t.kind_id = 4)",
                                                    "Rows Removed by Index Recheck": 0,
                                                    "Filter": "(t.production_year > 2008)",
                                                    "Rows Removed by Filter": 22351,
                                                    "Exact Heap Blocks": 8613,
                                                    "Lossy Heap Blocks": 0,
                                                    "Workers": [
                                                        {
                                                            "Worker Number": 0,
                                                            "Actual Startup Time": 0.136,
                                                            "Actual Total Time": 27.743,
                                                            "Actual Rows": 2912,
                                                            "Actual Loops": 1
                                                        },
                                                        {
                                                            "Worker Number": 1,
                                                            "Actual Startup Time": 0.152,
                                                            "Actual Total Time": 28.151,
                                                            "Actual Rows": 3309,
                                                            "Actual Loops": 1
                                                        },
                                                        {
                                                            "Worker Number": 2,
                                                            "Actual Startup Time": 0.604,
                                                            "Actual Total Time": 28.177,
                                                            "Actual Rows": 3382,
                                                            "Actual Loops": 1
                                                        }
                                                    ],
                                                    "Plans": [
                                                        {
                                                            "Node Type": "Bitmap Index Scan",
                                                            "Parent Relationship": "Outer",
                                                            "Parallel Aware": false,
                                                            "Index Name": "kind_id_title",
                                                            "Startup Cost": 0.0,
                                                            "Total Cost": 2106.61,
                                                            "Plan Rows": 118157,
                                                            "Plan Width": 0,
                                                            "Actual Startup Time": 6.717,
                                                            "Actual Total Time": 6.718,
                                                            "Actual Rows": 118234,
                                                            "Actual Loops": 1,
                                                            "Index Cond": "(t.kind_id = 4)"
                                                        }
                                                    ]
                                                }
                                            ]
                                        }
                                    ]
                                }
                            ]
                        }
                    ]
                }
            ]
        },
        "Planning Time": 186.771,
        "Triggers": [],
        "Execution Time": 151.635
    }
]