{
    "Plan": {
        "Node Type": "Aggregate",
        "Strategy": "Plain",
        "Partial Mode": "Finalize",
        "Parallel Aware": false,
        "Startup Cost": 676746.17,
        "Total Cost": 676746.18,
        "Plan Rows": 1,
        "Plan Width": 8,
        "Actual Startup Time": 9555.767,
        "Actual Total Time": 9667.754,
        "Actual Rows": 1,
        "Actual Loops": 1,
        "Output": [
            "count(*)"
        ],
        "Plans": [
            {
                "Node Type": "Gather",
                "Parent Relationship": "Outer",
                "Parallel Aware": false,
                "Startup Cost": 676745.64,
                "Total Cost": 676746.15,
                "Plan Rows": 5,
                "Plan Width": 8,
                "Actual Startup Time": 9511.637,
                "Actual Total Time": 9667.743,
                "Actual Rows": 6,
                "Actual Loops": 1,
                "Output": [
                    "(PARTIAL count(*))"
                ],
                "Workers Planned": 5,
                "Workers Launched": 5,
                "Single Copy": false,
                "Plans": [
                    {
                        "Node Type": "Aggregate",
                        "Strategy": "Plain",
                        "Partial Mode": "Partial",
                        "Parent Relationship": "Outer",
                        "Parallel Aware": false,
                        "Startup Cost": 675745.64,
                        "Total Cost": 675745.65,
                        "Plan Rows": 1,
                        "Plan Width": 8,
                        "Actual Startup Time": 9455.456,
                        "Actual Total Time": 9455.462,
                        "Actual Rows": 1,
                        "Actual Loops": 6,
                        "Output": [
                            "PARTIAL count(*)"
                        ],
                        "Workers": [
                            {
                                "Worker Number": 0,
                                "Actual Startup Time": 9444.289,
                                "Actual Total Time": 9444.295,
                                "Actual Rows": 1,
                                "Actual Loops": 1
                            },
                            {
                                "Worker Number": 1,
                                "Actual Startup Time": 9444.422,
                                "Actual Total Time": 9444.427,
                                "Actual Rows": 1,
                                "Actual Loops": 1
                            },
                            {
                                "Worker Number": 2,
                                "Actual Startup Time": 9444.35,
                                "Actual Total Time": 9444.356,
                                "Actual Rows": 1,
                                "Actual Loops": 1
                            },
                            {
                                "Worker Number": 3,
                                "Actual Startup Time": 9444.342,
                                "Actual Total Time": 9444.347,
                                "Actual Rows": 1,
                                "Actual Loops": 1
                            },
                            {
                                "Worker Number": 4,
                                "Actual Startup Time": 9444.617,
                                "Actual Total Time": 9444.622,
                                "Actual Rows": 1,
                                "Actual Loops": 1
                            }
                        ],
                        "Plans": [
                            {
                                "Node Type": "Hash Join",
                                "Parent Relationship": "Outer",
                                "Parallel Aware": true,
                                "Join Type": "Inner",
                                "Startup Cost": 409518.02,
                                "Total Cost": 639764.04,
                                "Plan Rows": 14392641,
                                "Plan Width": 0,
                                "Actual Startup Time": 3451.97,
                                "Actual Total Time": 8369.762,
                                "Actual Rows": 27018042,
                                "Actual Loops": 6,
                                "Inner Unique": false,
                                "Hash Cond": "(mi.movie_id = t.id)",
                                "Workers": [
                                    {
                                        "Worker Number": 0,
                                        "Actual Startup Time": 3442.126,
                                        "Actual Total Time": 8319.12,
                                        "Actual Rows": 27749634,
                                        "Actual Loops": 1
                                    },
                                    {
                                        "Worker Number": 1,
                                        "Actual Startup Time": 3442.166,
                                        "Actual Total Time": 8426.679,
                                        "Actual Rows": 26846482,
                                        "Actual Loops": 1
                                    },
                                    {
                                        "Worker Number": 2,
                                        "Actual Startup Time": 3442.193,
                                        "Actual Total Time": 8424.012,
                                        "Actual Rows": 26791183,
                                        "Actual Loops": 1
                                    },
                                    {
                                        "Worker Number": 3,
                                        "Actual Startup Time": 3442.153,
                                        "Actual Total Time": 8427.998,
                                        "Actual Rows": 26782352,
                                        "Actual Loops": 1
                                    },
                                    {
                                        "Worker Number": 4,
                                        "Actual Startup Time": 3442.462,
                                        "Actual Total Time": 8304.209,
                                        "Actual Rows": 27107337,
                                        "Actual Loops": 1
                                    }
                                ],
                                "Plans": [
                                    {
                                        "Node Type": "Seq Scan",
                                        "Parent Relationship": "Outer",
                                        "Parallel Aware": true,
                                        "Relation Name": "movie_info",
                                        "Schema": "public",
                                        "Alias": "mi",
                                        "Startup Cost": 0.0,
                                        "Total Cost": 191503.19,
                                        "Plan Rows": 2951019,
                                        "Plan Width": 4,
                                        "Actual Startup Time": 0.035,
                                        "Actual Total Time": 305.063,
                                        "Actual Rows": 2472620,
                                        "Actual Loops": 6,
                                        "Output": [
                                            "mi.id",
                                            "mi.movie_id",
                                            "mi.info_type_id",
                                            "mi.info",
                                            "mi.note"
                                        ],
                                        "Workers": [
                                            {
                                                "Worker Number": 0,
                                                "Actual Startup Time": 0.044,
                                                "Actual Total Time": 323.985,
                                                "Actual Rows": 2538780,
                                                "Actual Loops": 1
                                            },
                                            {
                                                "Worker Number": 1,
                                                "Actual Startup Time": 0.038,
                                                "Actual Total Time": 314.263,
                                                "Actual Rows": 2469567,
                                                "Actual Loops": 1
                                            },
                                            {
                                                "Worker Number": 2,
                                                "Actual Startup Time": 0.036,
                                                "Actual Total Time": 314.934,
                                                "Actual Rows": 2450626,
                                                "Actual Loops": 1
                                            },
                                            {
                                                "Worker Number": 3,
                                                "Actual Startup Time": 0.042,
                                                "Actual Total Time": 315.014,
                                                "Actual Rows": 2466878,
                                                "Actual Loops": 1
                                            },
                                            {
                                                "Worker Number": 4,
                                                "Actual Startup Time": 0.039,
                                                "Actual Total Time": 327.535,
                                                "Actual Rows": 2469211,
                                                "Actual Loops": 1
                                            }
                                        ]
                                    },
                                    {
                                        "Node Type": "Hash",
                                        "Parent Relationship": "Inner",
                                        "Parallel Aware": true,
                                        "Startup Cost": 383828.28,
                                        "Total Cost": 383828.28,
                                        "Plan Rows": 2055179,
                                        "Plan Width": 8,
                                        "Actual Startup Time": 3431.574,
                                        "Actual Total Time": 3431.578,
                                        "Actual Rows": 2060212,
                                        "Actual Loops": 6,
                                        "Output": [
                                            "t.id",
                                            "ci.movie_id"
                                        ],
                                        "Hash Buckets": 16777216,
                                        "Original Hash Buckets": 16777216,
                                        "Hash Batches": 1,
                                        "Original Hash Batches": 1,
                                        "Peak Memory Usage": 614752,
                                        "Workers": [
                                            {
                                                "Worker Number": 0,
                                                "Actual Startup Time": 3441.4,
                                                "Actual Total Time": 3441.403,
                                                "Actual Rows": 1826787,
                                                "Actual Loops": 1
                                            },
                                            {
                                                "Worker Number": 1,
                                                "Actual Startup Time": 3441.369,
                                                "Actual Total Time": 3441.373,
                                                "Actual Rows": 2150155,
                                                "Actual Loops": 1
                                            },
                                            {
                                                "Worker Number": 2,
                                                "Actual Startup Time": 3441.421,
                                                "Actual Total Time": 3441.425,
                                                "Actual Rows": 2134229,
                                                "Actual Loops": 1
                                            },
                                            {
                                                "Worker Number": 3,
                                                "Actual Startup Time": 3441.353,
                                                "Actual Total Time": 3441.357,
                                                "Actual Rows": 2163713,
                                                "Actual Loops": 1
                                            },
                                            {
                                                "Worker Number": 4,
                                                "Actual Startup Time": 3441.553,
                                                "Actual Total Time": 3441.556,
                                                "Actual Rows": 1837891,
                                                "Actual Loops": 1
                                            }
                                        ],
                                        "Plans": [
                                            {
                                                "Node Type": "Hash Join",
                                                "Parent Relationship": "Outer",
                                                "Parallel Aware": true,
                                                "Join Type": "Inner",
                                                "Startup Cost": 50219.81,
                                                "Total Cost": 383828.28,
                                                "Plan Rows": 2055179,
                                                "Plan Width": 8,
                                                "Actual Startup Time": 295.03,
                                                "Actual Total Time": 2233.598,
                                                "Actual Rows": 2060212,
                                                "Actual Loops": 6,
                                                "Output": [
                                                    "t.id",
                                                    "ci.movie_id"
                                                ],
                                                "Inner Unique": true,
                                                "Hash Cond": "(ci.movie_id = t.id)",
                                                "Workers": [
                                                    {
                                                        "Worker Number": 0,
                                                        "Actual Startup Time": 295.067,
                                                        "Actual Total Time": 2236.051,
                                                        "Actual Rows": 1826787,
                                                        "Actual Loops": 1
                                                    },
                                                    {
                                                        "Worker Number": 1,
                                                        "Actual Startup Time": 295.049,
                                                        "Actual Total Time": 2238.683,
                                                        "Actual Rows": 2150155,
                                                        "Actual Loops": 1
                                                    },
                                                    {
                                                        "Worker Number": 2,
                                                        "Actual Startup Time": 295.021,
                                                        "Actual Total Time": 2237.691,
                                                        "Actual Rows": 2134229,
                                                        "Actual Loops": 1
                                                    },
                                                    {
                                                        "Worker Number": 3,
                                                        "Actual Startup Time": 294.953,
                                                        "Actual Total Time": 2239.598,
                                                        "Actual Rows": 2163713,
                                                        "Actual Loops": 1
                                                    },
                                                    {
                                                        "Worker Number": 4,
                                                        "Actual Startup Time": 295.023,
                                                        "Actual Total Time": 2237.789,
                                                        "Actual Rows": 1837891,
                                                        "Actual Loops": 1
                                                    }
                                                ],
                                                "Plans": [
                                                    {
                                                        "Node Type": "Seq Scan",
                                                        "Parent Relationship": "Outer",
                                                        "Parallel Aware": true,
                                                        "Relation Name": "cast_info",
                                                        "Schema": "public",
                                                        "Alias": "ci",
                                                        "Startup Cost": 0.0,
                                                        "Total Cost": 328213.62,
                                                        "Plan Rows": 2055179,
                                                        "Plan Width": 4,
                                                        "Actual Startup Time": 0.039,
                                                        "Actual Total Time": 748.713,
                                                        "Actual Rows": 2060212,
                                                        "Actual Loops": 6,
                                                        "Output": [
                                                            "ci.id",
                                                            "ci.person_id",
                                                            "ci.movie_id",
                                                            "ci.person_role_id",
                                                            "ci.note",
                                                            "ci.nr_order",
                                                            "ci.role_id"
                                                        ],
                                                        "Filter": "(ci.person_id < 1218543)",
                                                        "Rows Removed by Filter": 3980512,
                                                        "Workers": [
                                                            {
                                                                "Worker Number": 0,
                                                                "Actual Startup Time": 0.047,
                                                                "Actual Total Time": 795.24,
                                                                "Actual Rows": 1826787,
                                                                "Actual Loops": 1
                                                            },
                                                            {
                                                                "Worker Number": 1,
                                                                "Actual Startup Time": 0.038,
                                                                "Actual Total Time": 736.519,
                                                                "Actual Rows": 2150155,
                                                                "Actual Loops": 1
                                                            },
                                                            {
                                                                "Worker Number": 2,
                                                                "Actual Startup Time": 0.04,
                                                                "Actual Total Time": 736.982,
                                                                "Actual Rows": 2134229,
                                                                "Actual Loops": 1
                                                            },
                                                            {
                                                                "Worker Number": 3,
                                                                "Actual Startup Time": 0.048,
                                                                "Actual Total Time": 734.516,
                                                                "Actual Rows": 2163713,
                                                                "Actual Loops": 1
                                                            },
                                                            {
                                                                "Worker Number": 4,
                                                                "Actual Startup Time": 0.049,
                                                                "Actual Total Time": 801.988,
                                                                "Actual Rows": 1837891,
                                                                "Actual Loops": 1
                                                            }
                                                        ]
                                                    },
                                                    {
                                                        "Node Type": "Hash",
                                                        "Parent Relationship": "Inner",
                                                        "Parallel Aware": true,
                                                        "Startup Cost": 42318.81,
                                                        "Total Cost": 42318.81,
                                                        "Plan Rows": 632080,
                                                        "Plan Width": 4,
                                                        "Actual Startup Time": 290.556,
                                                        "Actual Total Time": 290.557,
                                                        "Actual Rows": 421385,
                                                        "Actual Loops": 6,
                                                        "Output": [
                                                            "t.id"
                                                        ],
                                                        "Hash Buckets": 4194304,
                                                        "Original Hash Buckets": 4194304,
                                                        "Hash Batches": 1,
                                                        "Original Hash Batches": 1,
                                                        "Peak Memory Usage": 131808,
                                                        "Workers": [
                                                            {
                                                                "Worker Number": 0,
                                                                "Actual Startup Time": 294.729,
                                                                "Actual Total Time": 294.73,
                                                                "Actual Rows": 341978,
                                                                "Actual Loops": 1
                                                            },
                                                            {
                                                                "Worker Number": 1,
                                                                "Actual Startup Time": 294.705,
                                                                "Actual Total Time": 294.706,
                                                                "Actual Rows": 423852,
                                                                "Actual Loops": 1
                                                            },
                                                            {
                                                                "Worker Number": 2,
                                                                "Actual Startup Time": 294.687,
                                                                "Actual Total Time": 294.689,
                                                                "Actual Rows": 417970,
                                                                "Actual Loops": 1
                                                            },
                                                            {
                                                                "Worker Number": 3,
                                                                "Actual Startup Time": 294.833,
                                                                "Actual Total Time": 294.834,
                                                                "Actual Rows": 419941,
                                                                "Actual Loops": 1
                                                            },
                                                            {
                                                                "Worker Number": 4,
                                                                "Actual Startup Time": 294.663,
                                                                "Actual Total Time": 294.664,
                                                                "Actual Rows": 343702,
                                                                "Actual Loops": 1
                                                            }
                                                        ],
                                                        "Plans": [
                                                            {
                                                                "Node Type": "Seq Scan",
                                                                "Parent Relationship": "Outer",
                                                                "Parallel Aware": true,
                                                                "Relation Name": "title",
                                                                "Schema": "public",
                                                                "Alias": "t",
                                                                "Startup Cost": 0.0,
                                                                "Total Cost": 42318.81,
                                                                "Plan Rows": 632080,
                                                                "Plan Width": 4,
                                                                "Actual Startup Time": 0.063,
                                                                "Actual Total Time": 81.324,
                                                                "Actual Rows": 421385,
                                                                "Actual Loops": 6,
                                                                "Output": [
                                                                    "t.id"
                                                                ],
                                                                "Workers": [
                                                                    {
                                                                        "Worker Number": 0,
                                                                        "Actual Startup Time": 0.078,
                                                                        "Actual Total Time": 87.698,
                                                                        "Actual Rows": 341978,
                                                                        "Actual Loops": 1
                                                                    },
                                                                    {
                                                                        "Worker Number": 1,
                                                                        "Actual Startup Time": 0.077,
                                                                        "Actual Total Time": 81.836,
                                                                        "Actual Rows": 423852,
                                                                        "Actual Loops": 1
                                                                    },
                                                                    {
                                                                        "Worker Number": 2,
                                                                        "Actual Startup Time": 0.068,
                                                                        "Actual Total Time": 82.315,
                                                                        "Actual Rows": 417970,
                                                                        "Actual Loops": 1
                                                                    },
                                                                    {
                                                                        "Worker Number": 3,
                                                                        "Actual Startup Time": 0.077,
                                                                        "Actual Total Time": 82.435,
                                                                        "Actual Rows": 419941,
                                                                        "Actual Loops": 1
                                                                    },
                                                                    {
                                                                        "Worker Number": 4,
                                                                        "Actual Startup Time": 0.066,
                                                                        "Actual Total Time": 88.023,
                                                                        "Actual Rows": 343702,
                                                                        "Actual Loops": 1
                                                                    }
                                                                ]
                                                            }
                                                        ]
                                                    }
                                                ]
                                            }
                                        ]
                                    }
                                ]
                            }
                        ]
                    }
                ]
            }
        ]
    },
    "Planning Time": 1.432,
    "Triggers": [],
    "Execution Time": 9667.842
}