[
  {
    "Plan": {
      "Node Type": "Aggregate",
      "Strategy": "Plain",
      "Partial Mode": "Finalize",
      "Parallel Aware": false,
      "Startup Cost": 30893.1,
      "Total Cost": 30893.11,
      "Plan Rows": 1,
      "Plan Width": 8,
      "Actual Startup Time": 85.942,
      "Actual Total Time": 94.188,
      "Actual Rows": 1,
      "Actual Loops": 1,
      "Plans": [
        {
          "Node Type": "Gather",
          "Parent Relationship": "Outer",
          "Parallel Aware": false,
          "Startup Cost": 30892.79,
          "Total Cost": 30893.1,
          "Plan Rows": 3,
          "Plan Width": 8,
          "Actual Startup Time": 85.838,
          "Actual Total Time": 94.18,
          "Actual Rows": 4,
          "Actual Loops": 1,
          "Workers Planned": 3,
          "Workers Launched": 3,
          "Single Copy": false,
          "Plans": [
            {
              "Node Type": "Aggregate",
              "Strategy": "Plain",
              "Partial Mode": "Partial",
              "Parent Relationship": "Outer",
              "Parallel Aware": false,
              "Startup Cost": 29892.79,
              "Total Cost": 29892.8,
              "Plan Rows": 1,
              "Plan Width": 8,
              "Actual Startup Time": 82.235,
              "Actual Total Time": 82.236,
              "Actual Rows": 1,
              "Actual Loops": 4,
              "Plans": [
                {
                  "Node Type": "Seq Scan",
                  "Parent Relationship": "Outer",
                  "Parallel Aware": true,
                  "Relation Name": "movie_companies",
                  "Alias": "mc",
                  "Startup Cost": 0.0,
                  "Total Cost": 29310.68,
                  "Plan Rows": 232842,
                  "Plan Width": 0,
                  "Actual Startup Time": 21.631,
                  "Actual Total Time": 73.177,
                  "Actual Rows": 178756,
                  "Actual Loops": 4,
                  "Filter": "(company_id > 43323)",
                  "Rows Removed by Filter": 473526
                }
              ]
            }
          ]
        }
      ]
    },
    "Planning Time": 0.086,
    "Triggers": [],
    "Execution Time": 94.222
  }
]