{
    "Plan": {
        "Node Type": "Aggregate",
        "Strategy": "Plain",
        "Partial Mode": "Finalize",
        "Parallel Aware": false,
        "Startup Cost": 81278.96,
        "Total Cost": 81278.97,
        "Plan Rows": 1,
        "Plan Width": 8,
        "Actual Startup Time": 426.153,
        "Actual Total Time": 441.177,
        "Actual Rows": 1,
        "Actual Loops": 1,
        "Output": [
            "count(*)"
        ],
        "Plans": [
            {
                "Node Type": "Gather",
                "Parent Relationship": "Outer",
                "Parallel Aware": false,
                "Startup Cost": 81278.64,
                "Total Cost": 81278.95,
                "Plan Rows": 3,
                "Plan Width": 8,
                "Actual Startup Time": 423.556,
                "Actual Total Time": 441.163,
                "Actual Rows": 4,
                "Actual Loops": 1,
                "Output": [
                    "(PARTIAL count(*))"
                ],
                "Workers Planned": 3,
                "Workers Launched": 3,
                "Single Copy": false,
                "Plans": [
                    {
                        "Node Type": "Aggregate",
                        "Strategy": "Plain",
                        "Partial Mode": "Partial",
                        "Parent Relationship": "Outer",
                        "Parallel Aware": false,
                        "Startup Cost": 80278.64,
                        "Total Cost": 80278.65,
                        "Plan Rows": 1,
                        "Plan Width": 8,
                        "Actual Startup Time": 414.701,
                        "Actual Total Time": 414.706,
                        "Actual Rows": 1,
                        "Actual Loops": 4,
                        "Output": [
                            "PARTIAL count(*)"
                        ],
                        "Workers": [
                            {
                                "Worker Number": 0,
                                "Actual Startup Time": 411.54,
                                "Actual Total Time": 411.544,
                                "Actual Rows": 1,
                                "Actual Loops": 1
                            },
                            {
                                "Worker Number": 1,
                                "Actual Startup Time": 412.008,
                                "Actual Total Time": 412.012,
                                "Actual Rows": 1,
                                "Actual Loops": 1
                            },
                            {
                                "Worker Number": 2,
                                "Actual Startup Time": 412.417,
                                "Actual Total Time": 412.421,
                                "Actual Rows": 1,
                                "Actual Loops": 1
                            }
                        ],
                        "Plans": [
                            {
                                "Node Type": "Hash Join",
                                "Parent Relationship": "Outer",
                                "Parallel Aware": true,
                                "Join Type": "Inner",
                                "Startup Cost": 47497.53,
                                "Total Cost": 80011.29,
                                "Plan Rows": 106943,
                                "Plan Width": 0,
                                "Actual Startup Time": 246.991,
                                "Actual Total Time": 406.436,
                                "Actual Rows": 129010,
                                "Actual Loops": 4,
                                "Inner Unique": true,
                                "Hash Cond": "(mc.movie_id = t.id)",
                                "Workers": [
                                    {
                                        "Worker Number": 0,
                                        "Actual Startup Time": 243.918,
                                        "Actual Total Time": 403.316,
                                        "Actual Rows": 122422,
                                        "Actual Loops": 1
                                    },
                                    {
                                        "Worker Number": 1,
                                        "Actual Startup Time": 244.441,
                                        "Actual Total Time": 403.875,
                                        "Actual Rows": 129147,
                                        "Actual Loops": 1
                                    },
                                    {
                                        "Worker Number": 2,
                                        "Actual Startup Time": 244.407,
                                        "Actual Total Time": 404.381,
                                        "Actual Rows": 127754,
                                        "Actual Loops": 1
                                    }
                                ],
                                "Plans": [
                                    {
                                        "Node Type": "Seq Scan",
                                        "Parent Relationship": "Outer",
                                        "Parallel Aware": true,
                                        "Relation Name": "movie_companies",
                                        "Schema": "public",
                                        "Alias": "mc",
                                        "Startup Cost": 0.0,
                                        "Total Cost": 31414.82,
                                        "Plan Rows": 418642,
                                        "Plan Width": 4,
                                        "Actual Startup Time": 42.075,
                                        "Actual Total Time": 98.708,
                                        "Actual Rows": 331890,
                                        "Actual Loops": 4,
                                        "Output": [
                                            "mc.id",
                                            "mc.movie_id",
                                            "mc.company_id",
                                            "mc.company_type_id",
                                            "mc.note"
                                        ],
                                        "Filter": "((mc.company_id > 6) AND (mc.company_type_id > 1))",
                                        "Rows Removed by Filter": 320392,
                                        "Workers": [
                                            {
                                                "Worker Number": 0,
                                                "Actual Startup Time": 42.011,
                                                "Actual Total Time": 100.364,
                                                "Actual Rows": 313595,
                                                "Actual Loops": 1
                                            },
                                            {
                                                "Worker Number": 1,
                                                "Actual Startup Time": 42.111,
                                                "Actual Total Time": 99.211,
                                                "Actual Rows": 329806,
                                                "Actual Loops": 1
                                            },
                                            {
                                                "Worker Number": 2,
                                                "Actual Startup Time": 42.067,
                                                "Actual Total Time": 99.347,
                                                "Actual Rows": 331747,
                                                "Actual Loops": 1
                                            }
                                        ]
                                    },
                                    {
                                        "Node Type": "Hash",
                                        "Parent Relationship": "Inner",
                                        "Parallel Aware": true,
                                        "Startup Cost": 45479.21,
                                        "Total Cost": 45479.21,
                                        "Plan Rows": 161466,
                                        "Plan Width": 4,
                                        "Actual Startup Time": 199.742,
                                        "Actual Total Time": 199.743,
                                        "Actual Rows": 136105,
                                        "Actual Loops": 4,
                                        "Output": [
                                            "t.id"
                                        ],
                                        "Hash Buckets": 1048576,
                                        "Original Hash Buckets": 1048576,
                                        "Hash Batches": 1,
                                        "Original Hash Batches": 1,
                                        "Peak Memory Usage": 29504,
                                        "Workers": [
                                            {
                                                "Worker Number": 0,
                                                "Actual Startup Time": 201.071,
                                                "Actual Total Time": 201.072,
                                                "Actual Rows": 125919,
                                                "Actual Loops": 1
                                            },
                                            {
                                                "Worker Number": 1,
                                                "Actual Startup Time": 201.583,
                                                "Actual Total Time": 201.584,
                                                "Actual Rows": 130763,
                                                "Actual Loops": 1
                                            },
                                            {
                                                "Worker Number": 2,
                                                "Actual Startup Time": 201.552,
                                                "Actual Total Time": 201.553,
                                                "Actual Rows": 130844,
                                                "Actual Loops": 1
                                            }
                                        ],
                                        "Plans": [
                                            {
                                                "Node Type": "Seq Scan",
                                                "Parent Relationship": "Outer",
                                                "Parallel Aware": true,
                                                "Relation Name": "title",
                                                "Schema": "public",
                                                "Alias": "t",
                                                "Startup Cost": 0.0,
                                                "Total Cost": 45479.21,
                                                "Plan Rows": 161466,
                                                "Plan Width": 4,
                                                "Actual Startup Time": 0.058,
                                                "Actual Total Time": 133.929,
                                                "Actual Rows": 136105,
                                                "Actual Loops": 4,
                                                "Output": [
                                                    "t.id"
                                                ],
                                                "Filter": "((t.kind_id < 7) AND (t.production_year > 1994))",
                                                "Rows Removed by Filter": 495973,
                                                "Workers": [
                                                    {
                                                        "Worker Number": 0,
                                                        "Actual Startup Time": 0.067,
                                                        "Actual Total Time": 135.867,
                                                        "Actual Rows": 125919,
                                                        "Actual Loops": 1
                                                    },
                                                    {
                                                        "Worker Number": 1,
                                                        "Actual Startup Time": 0.077,
                                                        "Actual Total Time": 135.706,
                                                        "Actual Rows": 130763,
                                                        "Actual Loops": 1
                                                    },
                                                    {
                                                        "Worker Number": 2,
                                                        "Actual Startup Time": 0.064,
                                                        "Actual Total Time": 134.956,
                                                        "Actual Rows": 130844,
                                                        "Actual Loops": 1
                                                    }
                                                ]
                                            }
                                        ]
                                    }
                                ]
                            }
                        ]
                    }
                ]
            }
        ]
    },
    "Planning Time": 0.87,
    "Triggers": [],
    "Execution Time": 441.252
}