[
  {
    "Plan": {
      "Node Type": "Aggregate",
      "Strategy": "Plain",
      "Partial Mode": "Finalize",
      "Parallel Aware": false,
      "Startup Cost": 82163.82,
      "Total Cost": 82163.83,
      "Plan Rows": 1,
      "Plan Width": 8,
      "Actual Startup Time": 354.272,
      "Actual Total Time": 370.415,
      "Actual Rows": 1,
      "Actual Loops": 1,
      "Plans": [
        {
          "Node Type": "Gather",
          "Parent Relationship": "Outer",
          "Parallel Aware": false,
          "Startup Cost": 82163.4,
          "Total Cost": 82163.81,
          "Plan Rows": 4,
          "Plan Width": 8,
          "Actual Startup Time": 351.075,
          "Actual Total Time": 370.405,
          "Actual Rows": 5,
          "Actual Loops": 1,
          "Workers Planned": 4,
          "Workers Launched": 4,
          "Single Copy": false,
          "Plans": [
            {
              "Node Type": "Aggregate",
              "Strategy": "Plain",
              "Partial Mode": "Partial",
              "Parent Relationship": "Outer",
              "Parallel Aware": false,
              "Startup Cost": 81163.4,
              "Total Cost": 81163.41,
              "Plan Rows": 1,
              "Plan Width": 8,
              "Actual Startup Time": 341.762,
              "Actual Total Time": 341.765,
              "Actual Rows": 1,
              "Actual Loops": 5,
              "Plans": [
                {
                  "Node Type": "Hash Join",
                  "Parent Relationship": "Outer",
                  "Parallel Aware": true,
                  "Join Type": "Inner",
                  "Startup Cost": 34565.73,
                  "Total Cost": 80675.01,
                  "Plan Rows": 195356,
                  "Plan Width": 0,
                  "Actual Startup Time": 128.31,
                  "Actual Total Time": 335.923,
                  "Actual Rows": 98270,
                  "Actual Loops": 5,
                  "Inner Unique": false,
                  "Hash Cond": "(t.id = mc.movie_id)",
                  "Plans": [
                    {
                      "Node Type": "Seq Scan",
                      "Parent Relationship": "Outer",
                      "Parallel Aware": true,
                      "Relation Name": "title",
                      "Alias": "t",
                      "Startup Cost": 0.0,
                      "Total Cost": 42318.73,
                      "Plan Rows": 632073,
                      "Plan Width": 4,
                      "Actual Startup Time": 0.014,
                      "Actual Total Time": 75.734,
                      "Actual Rows": 505662,
                      "Actual Loops": 5
                    },
                    {
                      "Node Type": "Hash",
                      "Parent Relationship": "Inner",
                      "Parallel Aware": true,
                      "Startup Cost": 31414.82,
                      "Total Cost": 31414.82,
                      "Plan Rows": 252073,
                      "Plan Width": 4,
                      "Actual Startup Time": 123.804,
                      "Actual Total Time": 123.805,
                      "Actual Rows": 98270,
                      "Actual Loops": 5,
                      "Hash Buckets": 1048576,
                      "Original Hash Buckets": 1048576,
                      "Hash Batches": 1,
                      "Original Hash Batches": 1,
                      "Peak Memory Usage": 27488,
                      "Plans": [
                        {
                          "Node Type": "Seq Scan",
                          "Parent Relationship": "Outer",
                          "Parallel Aware": true,
                          "Relation Name": "movie_companies",
                          "Alias": "mc",
                          "Startup Cost": 0.0,
                          "Total Cost": 31414.82,
                          "Plan Rows": 252073,
                          "Plan Width": 4,
                          "Actual Startup Time": 47.917,
                          "Actual Total Time": 82.582,
                          "Actual Rows": 98270,
                          "Actual Loops": 5,
                          "Filter": "((company_id < 14405) AND (company_type_id = 2))",
                          "Rows Removed by Filter": 423556
                        }
                      ]
                    }
                  ]
                }
              ]
            }
          ]
        }
      ]
    },
    "Planning Time": 0.674,
    "Triggers": [],
    "Execution Time": 370.489
  }
]