[
    {
        "Bao": {
            "Bao prediction": "NaN",
            "Bao recommended hint": "(no hint)"
        }
    },
    {
        "Plan": {
            "Node Type": "Aggregate",
            "Strategy": "Plain",
            "Partial Mode": "Finalize",
            "Parallel Aware": false,
            "Startup Cost": 32695.36,
            "Total Cost": 32695.37,
            "Plan Rows": 1,
            "Plan Width": 8,
            "Actual Startup Time": 83.25,
            "Actual Total Time": 89.148,
            "Actual Rows": 1,
            "Actual Loops": 1,
            "Output": [
                "count(*)"
            ],
            "Plans": [
                {
                    "Node Type": "Gather",
                    "Parent Relationship": "Outer",
                    "Parallel Aware": false,
                    "Startup Cost": 32695.05,
                    "Total Cost": 32695.36,
                    "Plan Rows": 3,
                    "Plan Width": 8,
                    "Actual Startup Time": 83.148,
                    "Actual Total Time": 89.14,
                    "Actual Rows": 4,
                    "Actual Loops": 1,
                    "Output": [
                        "(PARTIAL count(*))"
                    ],
                    "Workers Planned": 3,
                    "Workers Launched": 3,
                    "Single Copy": false,
                    "Plans": [
                        {
                            "Node Type": "Aggregate",
                            "Strategy": "Plain",
                            "Partial Mode": "Partial",
                            "Parent Relationship": "Outer",
                            "Parallel Aware": false,
                            "Startup Cost": 31695.05,
                            "Total Cost": 31695.06,
                            "Plan Rows": 1,
                            "Plan Width": 8,
                            "Actual Startup Time": 74.988,
                            "Actual Total Time": 74.989,
                            "Actual Rows": 1,
                            "Actual Loops": 4,
                            "Output": [
                                "PARTIAL count(*)"
                            ],
                            "Workers": [
                                {
                                    "Worker Number": 0,
                                    "Actual Startup Time": 72.128,
                                    "Actual Total Time": 72.129,
                                    "Actual Rows": 1,
                                    "Actual Loops": 1
                                },
                                {
                                    "Worker Number": 1,
                                    "Actual Startup Time": 72.26,
                                    "Actual Total Time": 72.262,
                                    "Actual Rows": 1,
                                    "Actual Loops": 1
                                },
                                {
                                    "Worker Number": 2,
                                    "Actual Startup Time": 72.839,
                                    "Actual Total Time": 72.84,
                                    "Actual Rows": 1,
                                    "Actual Loops": 1
                                }
                            ],
                            "Plans": [
                                {
                                    "Node Type": "Seq Scan",
                                    "Parent Relationship": "Outer",
                                    "Parallel Aware": true,
                                    "Relation Name": "movie_companies",
                                    "Schema": "public",
                                    "Alias": "mc",
                                    "Startup Cost": 0.0,
                                    "Total Cost": 31414.82,
                                    "Plan Rows": 112091,
                                    "Plan Width": 0,
                                    "Actual Startup Time": 31.949,
                                    "Actual Total Time": 74.482,
                                    "Actual Rows": 9121,
                                    "Actual Loops": 4,
                                    "Output": [
                                        "id",
                                        "movie_id",
                                        "company_id",
                                        "company_type_id",
                                        "note"
                                    ],
                                    "Filter": "((mc.company_id > 44168) AND (mc.company_type_id = 1))",
                                    "Rows Removed by Filter": 643161,
                                    "Workers": [
                                        {
                                            "Worker Number": 0,
                                            "Actual Startup Time": 29.091,
                                            "Actual Total Time": 71.653,
                                            "Actual Rows": 8019,
                                            "Actual Loops": 1
                                        },
                                        {
                                            "Worker Number": 1,
                                            "Actual Startup Time": 29.215,
                                            "Actual Total Time": 71.758,
                                            "Actual Rows": 6198,
                                            "Actual Loops": 1
                                        },
                                        {
                                            "Worker Number": 2,
                                            "Actual Startup Time": 29.807,
                                            "Actual Total Time": 72.369,
                                            "Actual Rows": 8101,
                                            "Actual Loops": 1
                                        }
                                    ]
                                }
                            ]
                        }
                    ]
                }
            ]
        },
        "Planning Time": 200.138,
        "Triggers": [],
        "Execution Time": 89.211
    }
]