{
  "Plan": {
    "Node Type": "Aggregate",
    "Strategy": "Plain",
    "Partial Mode": "Finalize",
    "Parallel Aware": false,
    "Startup Cost": 143648.15,
    "Total Cost": 143648.16,
    "Plan Rows": 1,
    "Plan Width": 8,
    "Actual Startup Time": 982.413,
    "Actual Total Time": 1000.73,
    "Actual Rows": 1,
    "Actual Loops": 1,
    "Plans": [
      {
        "Node Type": "Gather",
        "Parent Relationship": "Outer",
        "Parallel Aware": false,
        "Startup Cost": 143648.04,
        "Total Cost": 143648.15,
        "Plan Rows": 1,
        "Plan Width": 8,
        "Actual Startup Time": 977.81,
        "Actual Total Time": 1000.72,
        "Actual Rows": 2,
        "Actual Loops": 1,
        "Workers Planned": 1,
        "Workers Launched": 1,
        "Single Copy": false,
        "Plans": [
          {
            "Node Type": "Aggregate",
            "Strategy": "Plain",
            "Partial Mode": "Partial",
            "Parent Relationship": "Outer",
            "Parallel Aware": false,
            "Startup Cost": 142648.04,
            "Total Cost": 142648.05,
            "Plan Rows": 1,
            "Plan Width": 8,
            "Actual Startup Time": 967.419,
            "Actual Total Time": 968.032,
            "Actual Rows": 1,
            "Actual Loops": 2,
            "Plans": [
              {
                "Node Type": "Hash Join",
                "Parent Relationship": "Outer",
                "Parallel Aware": true,
                "Join Type": "Inner",
                "Startup Cost": 79647.6,
                "Total Cost": 142064.72,
                "Plan Rows": 233328,
                "Plan Width": 0,
                "Actual Startup Time": 543.579,
                "Actual Total Time": 935.284,
                "Actual Rows": 766540,
                "Actual Loops": 2,
                "Inner Unique": false,
                "Hash Cond": "(mk.movie_id = t.id)",
                "Plans": [
                  {
                    "Node Type": "Seq Scan",
                    "Parent Relationship": "Outer",
                    "Parallel Aware": true,
                    "Relation Name": "movie_keyword",
                    "Alias": "mk",
                    "Startup Cost": 0.0,
                    "Total Cost": 51065.35,
                    "Plan Rows": 2661135,
                    "Plan Width": 4,
                    "Actual Startup Time": 0.026,
                    "Actual Total Time": 159.682,
                    "Actual Rows": 2261965,
                    "Actual Loops": 2
                  },
                  {
                    "Node Type": "Hash",
                    "Parent Relationship": "Inner",
                    "Parallel Aware": true,
                    "Startup Cost": 78017.6,
                    "Total Cost": 78017.6,
                    "Plan Rows": 130400,
                    "Plan Width": 8,
                    "Actual Startup Time": 539.802,
                    "Actual Total Time": 540.413,
                    "Actual Rows": 121258,
                    "Actual Loops": 2,
                    "Hash Buckets": 262144,
                    "Original Hash Buckets": 262144,
                    "Hash Batches": 1,
                    "Original Hash Batches": 1,
                    "Peak Memory Usage": 11584,
                    "Plans": [
                      {
                        "Node Type": "Hash Join",
                        "Parent Relationship": "Outer",
                        "Parallel Aware": true,
                        "Join Type": "Inner",
                        "Startup Cost": 68405.38,
                        "Total Cost": 78017.6,
                        "Plan Rows": 130400,
                        "Plan Width": 8,
                        "Actual Startup Time": 416.894,
                        "Actual Total Time": 512.834,
                        "Actual Rows": 121258,
                        "Actual Loops": 2,
                        "Inner Unique": true,
                        "Hash Cond": "(ci.movie_id = t.id)",
                        "Plans": [
                          {
                            "Node Type": "Index Scan",
                            "Parent Relationship": "Outer",
                            "Parallel Aware": true,
                            "Scan Direction": "Forward",
                            "Index Name": "role_id_cast_info",
                            "Relation Name": "cast_info",
                            "Alias": "ci",
                            "Startup Cost": 0.56,
                            "Total Cost": 9152.21,
                            "Plan Rows": 175457,
                            "Plan Width": 4,
                            "Actual Startup Time": 0.097,
                            "Actual Total Time": 23.38,
                            "Actual Rows": 158059,
                            "Actual Loops": 2,
                            "Index Cond": "(role_id > 10)",
                            "Rows Removed by Index Recheck": 0
                          },
                          {
                            "Node Type": "Hash",
                            "Parent Relationship": "Inner",
                            "Parallel Aware": true,
                            "Startup Cost": 54588.39,
                            "Total Cost": 54588.39,
                            "Plan Rows": 1105314,
                            "Plan Width": 4,
                            "Actual Startup Time": 403.962,
                            "Actual Total Time": 403.963,
                            "Actual Rows": 935599,
                            "Actual Loops": 2,
                            "Hash Buckets": 2097152,
                            "Original Hash Buckets": 2097152,
                            "Hash Batches": 1,
                            "Original Hash Batches": 1,
                            "Peak Memory Usage": 89600,
                            "Plans": [
                              {
                                "Node Type": "Seq Scan",
                                "Parent Relationship": "Outer",
                                "Parallel Aware": true,
                                "Relation Name": "title",
                                "Alias": "t",
                                "Startup Cost": 0.0,
                                "Total Cost": 54588.39,
                                "Plan Rows": 1105314,
                                "Plan Width": 4,
                                "Actual Startup Time": 0.029,
                                "Actual Total Time": 172.417,
                                "Actual Rows": 935599,
                                "Actual Loops": 2,
                                "Filter": "(production_year > 1984)",
                                "Rows Removed by Filter": 328557
                              }
                            ]
                          }
                        ]
                      }
                    ]
                  }
                ]
              }
            ]
          }
        ]
      }
    ]
  },
  "Planning Time": 0.829,
  "Triggers": [],
  "Execution Time": 1000.813
}