[
  {
    "Plan": {
      "Node Type": "Aggregate",
      "Strategy": "Plain",
      "Partial Mode": "Finalize",
      "Parallel Aware": false,
      "Startup Cost": 350092.17,
      "Total Cost": 350092.18,
      "Plan Rows": 1,
      "Plan Width": 8,
      "Actual Startup Time": 757.784,
      "Actual Total Time": 802.241,
      "Actual Rows": 1,
      "Actual Loops": 1,
      "Plans": [
        {
          "Node Type": "Gather",
          "Parent Relationship": "Outer",
          "Parallel Aware": false,
          "Startup Cost": 350091.54,
          "Total Cost": 350092.15,
          "Plan Rows": 6,
          "Plan Width": 8,
          "Actual Startup Time": 757.464,
          "Actual Total Time": 802.225,
          "Actual Rows": 7,
          "Actual Loops": 1,
          "Workers Planned": 6,
          "Workers Launched": 6,
          "Single Copy": false,
          "Plans": [
            {
              "Node Type": "Aggregate",
              "Strategy": "Plain",
              "Partial Mode": "Partial",
              "Parent Relationship": "Outer",
              "Parallel Aware": false,
              "Startup Cost": 349091.54,
              "Total Cost": 349091.55,
              "Plan Rows": 1,
              "Plan Width": 8,
              "Actual Startup Time": 750.17,
              "Actual Total Time": 750.173,
              "Actual Rows": 1,
              "Actual Loops": 7,
              "Plans": [
                {
                  "Node Type": "Seq Scan",
                  "Parent Relationship": "Outer",
                  "Parallel Aware": true,
                  "Relation Name": "cast_info",
                  "Alias": "ci",
                  "Startup Cost": 0.0,
                  "Total Cost": 343316.27,
                  "Plan Rows": 2310109,
                  "Plan Width": 0,
                  "Actual Startup Time": 291.204,
                  "Actual Total Time": 659.27,
                  "Actual Rows": 1922683,
                  "Actual Loops": 7,
                  "Filter": "((person_id > 2300487) AND (role_id < 11))",
                  "Rows Removed by Filter": 3255081
                }
              ]
            }
          ]
        }
      ]
    },
    "Planning Time": 0.221,
    "Triggers": [],
    "Execution Time": 802.306
  }
]