[
  {
    "Plan": {
      "Node Type": "Aggregate",
      "Strategy": "Plain",
      "Partial Mode": "Finalize",
      "Parallel Aware": false,
      "Startup Cost": 349928.49,
      "Total Cost": 349928.5,
      "Plan Rows": 1,
      "Plan Width": 8,
      "Actual Startup Time": 744.98,
      "Actual Total Time": 803.135,
      "Actual Rows": 1,
      "Actual Loops": 1,
      "Plans": [
        {
          "Node Type": "Gather",
          "Parent Relationship": "Outer",
          "Parallel Aware": false,
          "Startup Cost": 349927.86,
          "Total Cost": 349928.47,
          "Plan Rows": 6,
          "Plan Width": 8,
          "Actual Startup Time": 744.843,
          "Actual Total Time": 803.125,
          "Actual Rows": 7,
          "Actual Loops": 1,
          "Workers Planned": 6,
          "Workers Launched": 6,
          "Single Copy": false,
          "Plans": [
            {
              "Node Type": "Aggregate",
              "Strategy": "Plain",
              "Partial Mode": "Partial",
              "Parent Relationship": "Outer",
              "Parallel Aware": false,
              "Startup Cost": 348927.86,
              "Total Cost": 348927.87,
              "Plan Rows": 1,
              "Plan Width": 8,
              "Actual Startup Time": 735.884,
              "Actual Total Time": 735.885,
              "Actual Rows": 1,
              "Actual Loops": 7,
              "Plans": [
                {
                  "Node Type": "Seq Scan",
                  "Parent Relationship": "Outer",
                  "Parallel Aware": true,
                  "Relation Name": "cast_info",
                  "Alias": "ci",
                  "Startup Cost": 0.0,
                  "Total Cost": 343257.03,
                  "Plan Rows": 2268333,
                  "Plan Width": 0,
                  "Actual Startup Time": 283.328,
                  "Actual Total Time": 653.116,
                  "Actual Rows": 1922683,
                  "Actual Loops": 7,
                  "Filter": "((person_id > 2300487) AND (role_id < 11))",
                  "Rows Removed by Filter": 3255081
                }
              ]
            }
          ]
        }
      ]
    },
    "Planning Time": 0.186,
    "Triggers": [],
    "Execution Time": 803.199
  }
]