[
    {
        "Bao": {
            "Bao prediction": "NaN",
            "Bao recommended hint": "(no hint)"
        }
    },
    {
        "Plan": {
            "Node Type": "Aggregate",
            "Strategy": "Plain",
            "Partial Mode": "Finalize",
            "Parallel Aware": false,
            "Startup Cost": 341331.54,
            "Total Cost": 341331.55,
            "Plan Rows": 1,
            "Plan Width": 8,
            "Actual Startup Time": 772.154,
            "Actual Total Time": 812.417,
            "Actual Rows": 1,
            "Actual Loops": 1,
            "Output": [
                "count(*)"
            ],
            "Plans": [
                {
                    "Node Type": "Gather",
                    "Parent Relationship": "Outer",
                    "Parallel Aware": false,
                    "Startup Cost": 341330.91,
                    "Total Cost": 341331.52,
                    "Plan Rows": 6,
                    "Plan Width": 8,
                    "Actual Startup Time": 772.046,
                    "Actual Total Time": 812.409,
                    "Actual Rows": 7,
                    "Actual Loops": 1,
                    "Output": [
                        "(PARTIAL count(*))"
                    ],
                    "Workers Planned": 6,
                    "Workers Launched": 6,
                    "Single Copy": false,
                    "Plans": [
                        {
                            "Node Type": "Aggregate",
                            "Strategy": "Plain",
                            "Partial Mode": "Partial",
                            "Parent Relationship": "Outer",
                            "Parallel Aware": false,
                            "Startup Cost": 340330.91,
                            "Total Cost": 340330.92,
                            "Plan Rows": 1,
                            "Plan Width": 8,
                            "Actual Startup Time": 762.124,
                            "Actual Total Time": 762.125,
                            "Actual Rows": 1,
                            "Actual Loops": 7,
                            "Output": [
                                "PARTIAL count(*)"
                            ],
                            "Workers": [
                                {
                                    "Worker Number": 0,
                                    "Actual Startup Time": 759.754,
                                    "Actual Total Time": 759.755,
                                    "Actual Rows": 1,
                                    "Actual Loops": 1
                                },
                                {
                                    "Worker Number": 1,
                                    "Actual Startup Time": 759.832,
                                    "Actual Total Time": 759.833,
                                    "Actual Rows": 1,
                                    "Actual Loops": 1
                                },
                                {
                                    "Worker Number": 2,
                                    "Actual Startup Time": 760.213,
                                    "Actual Total Time": 760.214,
                                    "Actual Rows": 1,
                                    "Actual Loops": 1
                                },
                                {
                                    "Worker Number": 3,
                                    "Actual Startup Time": 760.527,
                                    "Actual Total Time": 760.528,
                                    "Actual Rows": 1,
                                    "Actual Loops": 1
                                },
                                {
                                    "Worker Number": 4,
                                    "Actual Startup Time": 761.311,
                                    "Actual Total Time": 761.312,
                                    "Actual Rows": 1,
                                    "Actual Loops": 1
                                },
                                {
                                    "Worker Number": 5,
                                    "Actual Startup Time": 761.512,
                                    "Actual Total Time": 761.513,
                                    "Actual Rows": 1,
                                    "Actual Loops": 1
                                }
                            ],
                            "Plans": [
                                {
                                    "Node Type": "Seq Scan",
                                    "Parent Relationship": "Outer",
                                    "Parallel Aware": true,
                                    "Relation Name": "cast_info",
                                    "Schema": "public",
                                    "Alias": "ci",
                                    "Startup Cost": 0.0,
                                    "Total Cost": 328213.62,
                                    "Plan Rows": 4846919,
                                    "Plan Width": 0,
                                    "Actual Startup Time": 82.557,
                                    "Actual Total Time": 584.528,
                                    "Actual Rows": 4122504,
                                    "Actual Loops": 7,
                                    "Output": [
                                        "id",
                                        "person_id",
                                        "movie_id",
                                        "person_role_id",
                                        "note",
                                        "nr_order",
                                        "role_id"
                                    ],
                                    "Filter": "(ci.person_id > 714735)",
                                    "Rows Removed by Filter": 1055259,
                                    "Workers": [
                                        {
                                            "Worker Number": 0,
                                            "Actual Startup Time": 80.191,
                                            "Actual Total Time": 588.531,
                                            "Actual Rows": 4195276,
                                            "Actual Loops": 1
                                        },
                                        {
                                            "Worker Number": 1,
                                            "Actual Startup Time": 80.253,
                                            "Actual Total Time": 588.703,
                                            "Actual Rows": 4176885,
                                            "Actual Loops": 1
                                        },
                                        {
                                            "Worker Number": 2,
                                            "Actual Startup Time": 80.646,
                                            "Actual Total Time": 589.588,
                                            "Actual Rows": 4109078,
                                            "Actual Loops": 1
                                        },
                                        {
                                            "Worker Number": 3,
                                            "Actual Startup Time": 80.97,
                                            "Actual Total Time": 589.032,
                                            "Actual Rows": 4201705,
                                            "Actual Loops": 1
                                        },
                                        {
                                            "Worker Number": 4,
                                            "Actual Startup Time": 81.731,
                                            "Actual Total Time": 582.386,
                                            "Actual Rows": 2718969,
                                            "Actual Loops": 1
                                        },
                                        {
                                            "Worker Number": 5,
                                            "Actual Startup Time": 81.96,
                                            "Actual Total Time": 590.81,
                                            "Actual Rows": 4115127,
                                            "Actual Loops": 1
                                        }
                                    ]
                                }
                            ]
                        }
                    ]
                }
            ]
        },
        "Planning Time": 175.601,
        "Triggers": [],
        "Execution Time": 812.473
    }
]