{
  "Plan": {
    "Node Type": "Aggregate",
    "Strategy": "Plain",
    "Partial Mode": "Finalize",
    "Parallel Aware": false,
    "Startup Cost": 494149.07,
    "Total Cost": 494149.08,
    "Plan Rows": 1,
    "Plan Width": 8,
    "Actual Startup Time": 262.688,
    "Actual Total Time": 302.655,
    "Actual Rows": 1,
    "Actual Loops": 1,
    "Plans": [
      {
        "Node Type": "Gather",
        "Parent Relationship": "Outer",
        "Parallel Aware": false,
        "Startup Cost": 494148.96,
        "Total Cost": 494149.07,
        "Plan Rows": 1,
        "Plan Width": 8,
        "Actual Startup Time": 262.473,
        "Actual Total Time": 302.647,
        "Actual Rows": 2,
        "Actual Loops": 1,
        "Workers Planned": 1,
        "Workers Launched": 1,
        "Single Copy": false,
        "Plans": [
          {
            "Node Type": "Aggregate",
            "Strategy": "Plain",
            "Partial Mode": "Partial",
            "Parent Relationship": "Outer",
            "Parallel Aware": false,
            "Startup Cost": 493148.96,
            "Total Cost": 493148.97,
            "Plan Rows": 1,
            "Plan Width": 8,
            "Actual Startup Time": 256.706,
            "Actual Total Time": 256.708,
            "Actual Rows": 1,
            "Actual Loops": 2,
            "Plans": [
              {
                "Node Type": "Nested Loop",
                "Parent Relationship": "Outer",
                "Parallel Aware": false,
                "Join Type": "Inner",
                "Startup Cost": 0.56,
                "Total Cost": 493079.07,
                "Plan Rows": 27956,
                "Plan Width": 0,
                "Actual Startup Time": 1.333,
                "Actual Total Time": 255.472,
                "Actual Rows": 14928,
                "Actual Loops": 2,
                "Inner Unique": false,
                "Plans": [
                  {
                    "Node Type": "Seq Scan",
                    "Parent Relationship": "Outer",
                    "Parallel Aware": true,
                    "Relation Name": "title",
                    "Alias": "t",
                    "Startup Cost": 0.0,
                    "Total Cost": 54588.39,
                    "Plan Rows": 4313,
                    "Plan Width": 4,
                    "Actual Startup Time": 0.844,
                    "Actual Total Time": 136.72,
                    "Actual Rows": 3600,
                    "Actual Loops": 2,
                    "Filter": "(production_year = 1954)",
                    "Rows Removed by Filter": 1260556
                  },
                  {
                    "Node Type": "Index Scan",
                    "Parent Relationship": "Inner",
                    "Parallel Aware": false,
                    "Scan Direction": "Forward",
                    "Index Name": "movie_id_cast_info",
                    "Relation Name": "cast_info",
                    "Alias": "ci",
                    "Startup Cost": 0.56,
                    "Total Cost": 101.5,
                    "Plan Rows": 17,
                    "Plan Width": 4,
                    "Actual Startup Time": 0.025,
                    "Actual Total Time": 0.032,
                    "Actual Rows": 4,
                    "Actual Loops": 7199,
                    "Index Cond": "(movie_id = t.id)",
                    "Rows Removed by Index Recheck": 0,
                    "Filter": "(role_id > 2)",
                    "Rows Removed by Filter": 8
                  }
                ]
              }
            ]
          }
        ]
      }
    ]
  },
  "Planning Time": 0.46,
  "Triggers": [],
  "Execution Time": 302.734
}