[
  {
    "Plan": {
      "Node Type": "Aggregate",
      "Strategy": "Plain",
      "Partial Mode": "Finalize",
      "Parallel Aware": false,
      "Startup Cost": 476459.99,
      "Total Cost": 476460.0,
      "Plan Rows": 1,
      "Plan Width": 8,
      "Actual Startup Time": 2710.142,
      "Actual Total Time": 2782.115,
      "Actual Rows": 1,
      "Actual Loops": 1,
      "Plans": [
        {
          "Node Type": "Gather",
          "Parent Relationship": "Outer",
          "Parallel Aware": false,
          "Startup Cost": 476459.36,
          "Total Cost": 476459.97,
          "Plan Rows": 6,
          "Plan Width": 8,
          "Actual Startup Time": 2674.55,
          "Actual Total Time": 2782.1,
          "Actual Rows": 7,
          "Actual Loops": 1,
          "Workers Planned": 6,
          "Workers Launched": 6,
          "Single Copy": false,
          "Plans": [
            {
              "Node Type": "Aggregate",
              "Strategy": "Plain",
              "Partial Mode": "Partial",
              "Parent Relationship": "Outer",
              "Parallel Aware": false,
              "Startup Cost": 475459.36,
              "Total Cost": 475459.37,
              "Plan Rows": 1,
              "Plan Width": 8,
              "Actual Startup Time": 2627.548,
              "Actual Total Time": 2628.25,
              "Actual Rows": 1,
              "Actual Loops": 7,
              "Plans": [
                {
                  "Node Type": "Hash Join",
                  "Parent Relationship": "Outer",
                  "Parallel Aware": true,
                  "Join Type": "Inner",
                  "Startup Cost": 110142.04,
                  "Total Cost": 468902.45,
                  "Plan Rows": 2622765,
                  "Plan Width": 0,
                  "Actual Startup Time": 1415.681,
                  "Actual Total Time": 2399.234,
                  "Actual Rows": 4273078,
                  "Actual Loops": 7,
                  "Inner Unique": false,
                  "Hash Cond": "(ci.movie_id = t.id)",
                  "Plans": [
                    {
                      "Node Type": "Seq Scan",
                      "Parent Relationship": "Outer",
                      "Parallel Aware": true,
                      "Relation Name": "cast_info",
                      "Alias": "ci",
                      "Startup Cost": 0.0,
                      "Total Cost": 343257.03,
                      "Plan Rows": 1878094,
                      "Plan Width": 4,
                      "Actual Startup Time": 392.872,
                      "Actual Total Time": 720.553,
                      "Actual Rows": 834498,
                      "Actual Loops": 7,
                      "Filter": "((person_id < 2577581) AND (role_id > 2))",
                      "Rows Removed by Filter": 4343265
                    },
                    {
                      "Node Type": "Hash",
                      "Parent Relationship": "Inner",
                      "Parallel Aware": true,
                      "Startup Cost": 95905.06,
                      "Total Cost": 95905.06,
                      "Plan Rows": 1138958,
                      "Plan Width": 8,
                      "Actual Startup Time": 1012.824,
                      "Actual Total Time": 1013.524,
                      "Actual Rows": 503834,
                      "Actual Loops": 7,
                      "Hash Buckets": 4194304,
                      "Original Hash Buckets": 4194304,
                      "Hash Batches": 1,
                      "Original Hash Batches": 1,
                      "Peak Memory Usage": 170848,
                      "Plans": [
                        {
                          "Node Type": "Hash Join",
                          "Parent Relationship": "Outer",
                          "Parallel Aware": true,
                          "Join Type": "Inner",
                          "Startup Cost": 50219.64,
                          "Total Cost": 95905.06,
                          "Plan Rows": 1138958,
                          "Plan Width": 8,
                          "Actual Startup Time": 528.87,
                          "Actual Total Time": 762.636,
                          "Actual Rows": 503834,
                          "Actual Loops": 7,
                          "Inner Unique": true,
                          "Hash Cond": "(mk.movie_id = t.id)",
                          "Plans": [
                            {
                              "Node Type": "Seq Scan",
                              "Parent Relationship": "Outer",
                              "Parallel Aware": true,
                              "Relation Name": "movie_keyword",
                              "Alias": "mk",
                              "Startup Cost": 0.0,
                              "Total Cost": 42695.65,
                              "Plan Rows": 1138958,
                              "Plan Width": 4,
                              "Actual Startup Time": 0.063,
                              "Actual Total Time": 105.072,
                              "Actual Rows": 503834,
                              "Actual Loops": 7,
                              "Filter": "(keyword_id > 944)",
                              "Rows Removed by Filter": 142442
                            },
                            {
                              "Node Type": "Hash",
                              "Parent Relationship": "Inner",
                              "Parallel Aware": true,
                              "Startup Cost": 42318.73,
                              "Total Cost": 42318.73,
                              "Plan Rows": 632073,
                              "Plan Width": 4,
                              "Actual Startup Time": 521.403,
                              "Actual Total Time": 521.405,
                              "Actual Rows": 361187,
                              "Actual Loops": 7,
                              "Hash Buckets": 4194304,
                              "Original Hash Buckets": 4194304,
                              "Hash Batches": 1,
                              "Original Hash Batches": 1,
                              "Peak Memory Usage": 131776,
                              "Plans": [
                                {
                                  "Node Type": "Seq Scan",
                                  "Parent Relationship": "Outer",
                                  "Parallel Aware": true,
                                  "Relation Name": "title",
                                  "Alias": "t",
                                  "Startup Cost": 0.0,
                                  "Total Cost": 42318.73,
                                  "Plan Rows": 632073,
                                  "Plan Width": 4,
                                  "Actual Startup Time": 0.043,
                                  "Actual Total Time": 111.008,
                                  "Actual Rows": 361187,
                                  "Actual Loops": 7
                                }
                              ]
                            }
                          ]
                        }
                      ]
                    }
                  ]
                }
              ]
            }
          ]
        }
      ]
    },
    "Planning Time": 1.351,
    "Triggers": [],
    "Execution Time": 2782.211
  }
]