[
  {
    "Plan": {
      "Node Type": "Aggregate",
      "Strategy": "Plain",
      "Partial Mode": "Finalize",
      "Parallel Aware": false,
      "Startup Cost": 107339.12,
      "Total Cost": 107339.13,
      "Plan Rows": 1,
      "Plan Width": 8,
      "Actual Startup Time": 754.672,
      "Actual Total Time": 774.953,
      "Actual Rows": 1,
      "Actual Loops": 1,
      "Plans": [
        {
          "Node Type": "Gather",
          "Parent Relationship": "Outer",
          "Parallel Aware": false,
          "Startup Cost": 107338.91,
          "Total Cost": 107339.12,
          "Plan Rows": 2,
          "Plan Width": 8,
          "Actual Startup Time": 745.837,
          "Actual Total Time": 774.945,
          "Actual Rows": 3,
          "Actual Loops": 1,
          "Workers Planned": 2,
          "Workers Launched": 2,
          "Single Copy": false,
          "Plans": [
            {
              "Node Type": "Aggregate",
              "Strategy": "Plain",
              "Partial Mode": "Partial",
              "Parent Relationship": "Outer",
              "Parallel Aware": false,
              "Startup Cost": 106338.91,
              "Total Cost": 106338.92,
              "Plan Rows": 1,
              "Plan Width": 8,
              "Actual Startup Time": 737.096,
              "Actual Total Time": 737.102,
              "Actual Rows": 1,
              "Actual Loops": 3,
              "Plans": [
                {
                  "Node Type": "Hash Join",
                  "Parent Relationship": "Outer",
                  "Parallel Aware": true,
                  "Join Type": "Inner",
                  "Startup Cost": 89841.87,
                  "Total Cost": 106052.67,
                  "Plan Rows": 114496,
                  "Plan Width": 0,
                  "Actual Startup Time": 617.667,
                  "Actual Total Time": 721.716,
                  "Actual Rows": 384419,
                  "Actual Loops": 3,
                  "Inner Unique": false,
                  "Hash Cond": "(mi_idx.movie_id = t.id)",
                  "Plans": [
                    {
                      "Node Type": "Seq Scan",
                      "Parent Relationship": "Outer",
                      "Parallel Aware": true,
                      "Relation Name": "movie_info_idx",
                      "Alias": "mi_idx",
                      "Startup Cost": 0.0,
                      "Total Cost": 13685.15,
                      "Plan Rows": 575015,
                      "Plan Width": 4,
                      "Actual Startup Time": 0.061,
                      "Actual Total Time": 35.585,
                      "Actual Rows": 460012,
                      "Actual Loops": 3
                    },
                    {
                      "Node Type": "Hash",
                      "Parent Relationship": "Inner",
                      "Parallel Aware": true,
                      "Startup Cost": 87811.91,
                      "Total Cost": 87811.91,
                      "Plan Rows": 162397,
                      "Plan Width": 8,
                      "Actual Startup Time": 602.77,
                      "Actual Total Time": 602.775,
                      "Actual Rows": 163595,
                      "Actual Loops": 3,
                      "Hash Buckets": 524288,
                      "Original Hash Buckets": 524288,
                      "Hash Batches": 1,
                      "Original Hash Batches": 1,
                      "Peak Memory Usage": 23328,
                      "Plans": [
                        {
                          "Node Type": "Hash Join",
                          "Parent Relationship": "Outer",
                          "Parallel Aware": true,
                          "Join Type": "Inner",
                          "Startup Cost": 60901.66,
                          "Total Cost": 87811.91,
                          "Plan Rows": 162397,
                          "Plan Width": 8,
                          "Actual Startup Time": 454.112,
                          "Actual Total Time": 564.995,
                          "Actual Rows": 163595,
                          "Actual Loops": 3,
                          "Inner Unique": true,
                          "Hash Cond": "(mk.movie_id = t.id)",
                          "Plans": [
                            {
                              "Node Type": "Bitmap Heap Scan",
                              "Parent Relationship": "Outer",
                              "Parallel Aware": true,
                              "Relation Name": "movie_keyword",
                              "Alias": "mk",
                              "Startup Cost": 10682.02,
                              "Total Cost": 37165.97,
                              "Plan Rows": 162397,
                              "Plan Width": 4,
                              "Actual Startup Time": 31.573,
                              "Actual Total Time": 90.677,
                              "Actual Rows": 163595,
                              "Actual Loops": 3,
                              "Recheck Cond": "(keyword_id > 36668)",
                              "Rows Removed by Index Recheck": 0,
                              "Exact Heap Blocks": 8326,
                              "Lossy Heap Blocks": 0,
                              "Plans": [
                                {
                                  "Node Type": "Bitmap Index Scan",
                                  "Parent Relationship": "Outer",
                                  "Parallel Aware": false,
                                  "Index Name": "keyword_id_movie_keyword",
                                  "Startup Cost": 0.0,
                                  "Total Cost": 10556.16,
                                  "Plan Rows": 503430,
                                  "Plan Width": 0,
                                  "Actual Startup Time": 28.154,
                                  "Actual Total Time": 28.154,
                                  "Actual Rows": 490785,
                                  "Actual Loops": 1,
                                  "Index Cond": "(keyword_id > 36668)"
                                }
                              ]
                            },
                            {
                              "Node Type": "Hash",
                              "Parent Relationship": "Inner",
                              "Parallel Aware": true,
                              "Startup Cost": 42318.73,
                              "Total Cost": 42318.73,
                              "Plan Rows": 632073,
                              "Plan Width": 4,
                              "Actual Startup Time": 411.028,
                              "Actual Total Time": 411.029,
                              "Actual Rows": 842771,
                              "Actual Loops": 3,
                              "Hash Buckets": 4194304,
                              "Original Hash Buckets": 4194304,
                              "Hash Batches": 1,
                              "Original Hash Batches": 1,
                              "Peak Memory Usage": 131744,
                              "Plans": [
                                {
                                  "Node Type": "Seq Scan",
                                  "Parent Relationship": "Outer",
                                  "Parallel Aware": true,
                                  "Relation Name": "title",
                                  "Alias": "t",
                                  "Startup Cost": 0.0,
                                  "Total Cost": 42318.73,
                                  "Plan Rows": 632073,
                                  "Plan Width": 4,
                                  "Actual Startup Time": 0.057,
                                  "Actual Total Time": 117.322,
                                  "Actual Rows": 842771,
                                  "Actual Loops": 3
                                }
                              ]
                            }
                          ]
                        }
                      ]
                    }
                  ]
                }
              ]
            }
          ]
        }
      ]
    },
    "Planning Time": 1.391,
    "Triggers": [],
    "Execution Time": 775.058
  }
]