[
  {
    "Plan": {
      "Node Type": "Aggregate",
      "Strategy": "Plain",
      "Partial Mode": "Finalize",
      "Parallel Aware": false,
      "Startup Cost": 39469.86,
      "Total Cost": 39469.87,
      "Plan Rows": 1,
      "Plan Width": 8,
      "Actual Startup Time": 58.016,
      "Actual Total Time": 65.683,
      "Actual Rows": 1,
      "Actual Loops": 1,
      "Plans": [
        {
          "Node Type": "Gather",
          "Parent Relationship": "Outer",
          "Parallel Aware": false,
          "Startup Cost": 39469.64,
          "Total Cost": 39469.85,
          "Plan Rows": 2,
          "Plan Width": 8,
          "Actual Startup Time": 57.808,
          "Actual Total Time": 65.677,
          "Actual Rows": 3,
          "Actual Loops": 1,
          "Workers Planned": 2,
          "Workers Launched": 2,
          "Single Copy": false,
          "Plans": [
            {
              "Node Type": "Aggregate",
              "Strategy": "Plain",
              "Partial Mode": "Partial",
              "Parent Relationship": "Outer",
              "Parallel Aware": false,
              "Startup Cost": 38469.64,
              "Total Cost": 38469.65,
              "Plan Rows": 1,
              "Plan Width": 8,
              "Actual Startup Time": 49.526,
              "Actual Total Time": 49.528,
              "Actual Rows": 1,
              "Actual Loops": 3,
              "Plans": [
                {
                  "Node Type": "Nested Loop",
                  "Parent Relationship": "Outer",
                  "Parallel Aware": false,
                  "Join Type": "Inner",
                  "Startup Cost": 156.57,
                  "Total Cost": 38468.31,
                  "Plan Rows": 532,
                  "Plan Width": 0,
                  "Actual Startup Time": 1.597,
                  "Actual Total Time": 49.344,
                  "Actual Rows": 1467,
                  "Actual Loops": 3,
                  "Inner Unique": false,
                  "Plans": [
                    {
                      "Node Type": "Nested Loop",
                      "Parent Relationship": "Outer",
                      "Parallel Aware": false,
                      "Join Type": "Inner",
                      "Startup Cost": 156.13,
                      "Total Cost": 34685.3,
                      "Plan Rows": 2170,
                      "Plan Width": 8,
                      "Actual Startup Time": 1.163,
                      "Actual Total Time": 20.757,
                      "Actual Rows": 1540,
                      "Actual Loops": 3,
                      "Inner Unique": true,
                      "Plans": [
                        {
                          "Node Type": "Bitmap Heap Scan",
                          "Parent Relationship": "Outer",
                          "Parallel Aware": true,
                          "Relation Name": "movie_companies",
                          "Alias": "mc",
                          "Startup Cost": 155.7,
                          "Total Cost": 14014.07,
                          "Plan Rows": 2972,
                          "Plan Width": 4,
                          "Actual Startup Time": 0.989,
                          "Actual Total Time": 2.973,
                          "Actual Rows": 2745,
                          "Actual Loops": 3,
                          "Recheck Cond": "(company_id = 424)",
                          "Rows Removed by Index Recheck": 0,
                          "Exact Heap Blocks": 763,
                          "Lossy Heap Blocks": 0,
                          "Plans": [
                            {
                              "Node Type": "Bitmap Index Scan",
                              "Parent Relationship": "Outer",
                              "Parallel Aware": false,
                              "Index Name": "company_id_movie_companies",
                              "Startup Cost": 0.0,
                              "Total Cost": 153.92,
                              "Plan Rows": 7132,
                              "Plan Width": 0,
                              "Actual Startup Time": 2.476,
                              "Actual Total Time": 2.476,
                              "Actual Rows": 8235,
                              "Actual Loops": 1,
                              "Index Cond": "(company_id = 424)"
                            }
                          ]
                        },
                        {
                          "Node Type": "Index Scan",
                          "Parent Relationship": "Inner",
                          "Parallel Aware": false,
                          "Scan Direction": "Forward",
                          "Index Name": "title_pkey",
                          "Relation Name": "title",
                          "Alias": "t",
                          "Startup Cost": 0.43,
                          "Total Cost": 6.96,
                          "Plan Rows": 1,
                          "Plan Width": 4,
                          "Actual Startup Time": 0.006,
                          "Actual Total Time": 0.006,
                          "Actual Rows": 1,
                          "Actual Loops": 8235,
                          "Index Cond": "(id = mc.movie_id)",
                          "Rows Removed by Index Recheck": 0,
                          "Filter": "(production_year > 1986)",
                          "Rows Removed by Filter": 0
                        }
                      ]
                    },
                    {
                      "Node Type": "Index Scan",
                      "Parent Relationship": "Inner",
                      "Parallel Aware": false,
                      "Scan Direction": "Forward",
                      "Index Name": "movie_id_movie_info",
                      "Relation Name": "movie_info",
                      "Alias": "mi",
                      "Startup Cost": 0.43,
                      "Total Cost": 1.72,
                      "Plan Rows": 2,
                      "Plan Width": 4,
                      "Actual Startup Time": 0.011,
                      "Actual Total Time": 0.018,
                      "Actual Rows": 1,
                      "Actual Loops": 4619,
                      "Index Cond": "(movie_id = t.id)",
                      "Rows Removed by Index Recheck": 0,
                      "Filter": "(info_type_id = 18)",
                      "Rows Removed by Filter": 19
                    }
                  ]
                }
              ]
            }
          ]
        }
      ]
    },
    "Planning Time": 1.146,
    "Triggers": [],
    "Execution Time": 65.744
  }
]