{
  "Plan": {
    "Node Type": "Aggregate",
    "Strategy": "Plain",
    "Partial Mode": "Finalize",
    "Parallel Aware": false,
    "Startup Cost": 584842.29,
    "Total Cost": 584842.3,
    "Plan Rows": 1,
    "Plan Width": 8,
    "Actual Startup Time": 4740.702,
    "Actual Total Time": 4803.259,
    "Actual Rows": 1,
    "Actual Loops": 1,
    "Plans": [
      {
        "Node Type": "Gather",
        "Parent Relationship": "Outer",
        "Parallel Aware": false,
        "Startup Cost": 584842.18,
        "Total Cost": 584842.29,
        "Plan Rows": 1,
        "Plan Width": 8,
        "Actual Startup Time": 4739.825,
        "Actual Total Time": 4803.247,
        "Actual Rows": 2,
        "Actual Loops": 1,
        "Workers Planned": 1,
        "Workers Launched": 1,
        "Single Copy": false,
        "Plans": [
          {
            "Node Type": "Aggregate",
            "Strategy": "Plain",
            "Partial Mode": "Partial",
            "Parent Relationship": "Outer",
            "Parallel Aware": false,
            "Startup Cost": 583842.18,
            "Total Cost": 583842.19,
            "Plan Rows": 1,
            "Plan Width": 8,
            "Actual Startup Time": 4733.517,
            "Actual Total Time": 4733.521,
            "Actual Rows": 1,
            "Actual Loops": 2,
            "Plans": [
              {
                "Node Type": "Hash Join",
                "Parent Relationship": "Outer",
                "Parallel Aware": true,
                "Join Type": "Inner",
                "Startup Cost": 55909.77,
                "Total Cost": 577643.12,
                "Plan Rows": 2479624,
                "Plan Width": 0,
                "Actual Startup Time": 157.708,
                "Actual Total Time": 4612.926,
                "Actual Rows": 2811741,
                "Actual Loops": 2,
                "Inner Unique": true,
                "Hash Cond": "(ci.movie_id = t.id)",
                "Plans": [
                  {
                    "Node Type": "Seq Scan",
                    "Parent Relationship": "Outer",
                    "Parallel Aware": true,
                    "Relation Name": "cast_info",
                    "Alias": "ci",
                    "Startup Cost": 0.0,
                    "Total Cost": 465792.95,
                    "Plan Rows": 21310595,
                    "Plan Width": 4,
                    "Actual Startup Time": 0.016,
                    "Actual Total Time": 1405.078,
                    "Actual Rows": 18122172,
                    "Actual Loops": 2
                  },
                  {
                    "Node Type": "Hash",
                    "Parent Relationship": "Inner",
                    "Parallel Aware": true,
                    "Startup Cost": 53746.65,
                    "Total Cost": 53746.65,
                    "Plan Rows": 173049,
                    "Plan Width": 4,
                    "Actual Startup Time": 153.102,
                    "Actual Total Time": 153.104,
                    "Actual Rows": 195518,
                    "Actual Loops": 2,
                    "Hash Buckets": 524288,
                    "Original Hash Buckets": 524288,
                    "Hash Batches": 1,
                    "Original Hash Batches": 1,
                    "Peak Memory Usage": 19424,
                    "Plans": [
                      {
                        "Node Type": "Bitmap Heap Scan",
                        "Parent Relationship": "Outer",
                        "Parallel Aware": true,
                        "Relation Name": "title",
                        "Alias": "t",
                        "Startup Cost": 11896.4,
                        "Total Cost": 53746.65,
                        "Plan Rows": 173049,
                        "Plan Width": 4,
                        "Actual Startup Time": 31.389,
                        "Actual Total Time": 107.235,
                        "Actual Rows": 195518,
                        "Actual Loops": 2,
                        "Recheck Cond": "(kind_id = 1)",
                        "Rows Removed by Index Recheck": 0,
                        "Filter": "(production_year < 2002)",
                        "Rows Removed by Filter": 135894,
                        "Exact Heap Blocks": 8983,
                        "Lossy Heap Blocks": 0,
                        "Plans": [
                          {
                            "Node Type": "Bitmap Index Scan",
                            "Parent Relationship": "Outer",
                            "Parallel Aware": false,
                            "Index Name": "kind_id_title",
                            "Startup Cost": 0.0,
                            "Total Cost": 11822.85,
                            "Plan Rows": 663256,
                            "Plan Width": 0,
                            "Actual Startup Time": 31.14,
                            "Actual Total Time": 31.14,
                            "Actual Rows": 662825,
                            "Actual Loops": 1,
                            "Index Cond": "(kind_id = 1)"
                          }
                        ]
                      }
                    ]
                  }
                ]
              }
            ]
          }
        ]
      }
    ]
  },
  "Planning Time": 0.638,
  "Triggers": [],
  "Execution Time": 4803.363
}