[
  {
    "Plan": {
      "Node Type": "Aggregate",
      "Strategy": "Plain",
      "Partial Mode": "Finalize",
      "Parallel Aware": false,
      "Startup Cost": 42498.57,
      "Total Cost": 42498.58,
      "Plan Rows": 1,
      "Plan Width": 8,
      "Actual Startup Time": 142.786,
      "Actual Total Time": 149.984,
      "Actual Rows": 1,
      "Actual Loops": 1,
      "Plans": [
        {
          "Node Type": "Gather",
          "Parent Relationship": "Outer",
          "Parallel Aware": false,
          "Startup Cost": 42498.26,
          "Total Cost": 42498.57,
          "Plan Rows": 3,
          "Plan Width": 8,
          "Actual Startup Time": 142.503,
          "Actual Total Time": 149.974,
          "Actual Rows": 4,
          "Actual Loops": 1,
          "Workers Planned": 3,
          "Workers Launched": 3,
          "Single Copy": false,
          "Plans": [
            {
              "Node Type": "Aggregate",
              "Strategy": "Plain",
              "Partial Mode": "Partial",
              "Parent Relationship": "Outer",
              "Parallel Aware": false,
              "Startup Cost": 41498.26,
              "Total Cost": 41498.27,
              "Plan Rows": 1,
              "Plan Width": 8,
              "Actual Startup Time": 133.445,
              "Actual Total Time": 133.447,
              "Actual Rows": 1,
              "Actual Loops": 4,
              "Plans": [
                {
                  "Node Type": "Bitmap Heap Scan",
                  "Parent Relationship": "Outer",
                  "Parallel Aware": true,
                  "Relation Name": "movie_keyword",
                  "Alias": "mk",
                  "Startup Cost": 13878.66,
                  "Total Cost": 40970.66,
                  "Plan Rows": 211040,
                  "Plan Width": 0,
                  "Actual Startup Time": 47.942,
                  "Actual Total Time": 123.297,
                  "Actual Rows": 166454,
                  "Actual Loops": 4,
                  "Recheck Cond": "(keyword_id < 520)",
                  "Rows Removed by Index Recheck": 0,
                  "Exact Heap Blocks": 11105,
                  "Lossy Heap Blocks": 0,
                  "Plans": [
                    {
                      "Node Type": "Bitmap Index Scan",
                      "Parent Relationship": "Outer",
                      "Parallel Aware": false,
                      "Index Name": "keyword_id_movie_keyword",
                      "Startup Cost": 0.0,
                      "Total Cost": 13715.11,
                      "Plan Rows": 654223,
                      "Plan Width": 0,
                      "Actual Startup Time": 52.63,
                      "Actual Total Time": 52.631,
                      "Actual Rows": 665815,
                      "Actual Loops": 1,
                      "Index Cond": "(keyword_id < 520)"
                    }
                  ]
                }
              ]
            }
          ]
        }
      ]
    },
    "Planning Time": 0.133,
    "Triggers": [],
    "Execution Time": 150.043
  }
]