[
  {
    "Plan": {
      "Node Type": "Aggregate",
      "Strategy": "Plain",
      "Partial Mode": "Finalize",
      "Parallel Aware": false,
      "Startup Cost": 38219.72,
      "Total Cost": 38219.73,
      "Plan Rows": 1,
      "Plan Width": 8,
      "Actual Startup Time": 135.636,
      "Actual Total Time": 141.317,
      "Actual Rows": 1,
      "Actual Loops": 1,
      "Plans": [
        {
          "Node Type": "Gather",
          "Parent Relationship": "Outer",
          "Parallel Aware": false,
          "Startup Cost": 38219.4,
          "Total Cost": 38219.71,
          "Plan Rows": 3,
          "Plan Width": 8,
          "Actual Startup Time": 135.391,
          "Actual Total Time": 141.308,
          "Actual Rows": 4,
          "Actual Loops": 1,
          "Workers Planned": 3,
          "Workers Launched": 3,
          "Single Copy": false,
          "Plans": [
            {
              "Node Type": "Aggregate",
              "Strategy": "Plain",
              "Partial Mode": "Partial",
              "Parent Relationship": "Outer",
              "Parallel Aware": false,
              "Startup Cost": 37219.4,
              "Total Cost": 37219.41,
              "Plan Rows": 1,
              "Plan Width": 8,
              "Actual Startup Time": 128.74,
              "Actual Total Time": 128.742,
              "Actual Rows": 1,
              "Actual Loops": 4,
              "Plans": [
                {
                  "Node Type": "Bitmap Heap Scan",
                  "Parent Relationship": "Outer",
                  "Parallel Aware": true,
                  "Relation Name": "movie_keyword",
                  "Alias": "mk",
                  "Startup Cost": 10394.24,
                  "Total Cost": 36824.21,
                  "Plan Rows": 158077,
                  "Plan Width": 0,
                  "Actual Startup Time": 48.713,
                  "Actual Total Time": 120.817,
                  "Actual Rows": 119268,
                  "Actual Loops": 4,
                  "Recheck Cond": "(keyword_id > 37454)",
                  "Rows Removed by Index Recheck": 0,
                  "Exact Heap Blocks": 7629,
                  "Lossy Heap Blocks": 0,
                  "Plans": [
                    {
                      "Node Type": "Bitmap Index Scan",
                      "Parent Relationship": "Outer",
                      "Parallel Aware": false,
                      "Index Name": "keyword_id_movie_keyword",
                      "Startup Cost": 0.0,
                      "Total Cost": 10271.73,
                      "Plan Rows": 490040,
                      "Plan Width": 0,
                      "Actual Startup Time": 49.119,
                      "Actual Total Time": 49.12,
                      "Actual Rows": 477074,
                      "Actual Loops": 1,
                      "Index Cond": "(keyword_id > 37454)"
                    }
                  ]
                }
              ]
            }
          ]
        }
      ]
    },
    "Planning Time": 0.169,
    "Triggers": [],
    "Execution Time": 141.392
  }
]