[
  {
    "Plan": {
      "Node Type": "Aggregate",
      "Strategy": "Plain",
      "Partial Mode": "Finalize",
      "Parallel Aware": false,
      "Startup Cost": 32941.64,
      "Total Cost": 32941.65,
      "Plan Rows": 1,
      "Plan Width": 8,
      "Actual Startup Time": 84.383,
      "Actual Total Time": 92.523,
      "Actual Rows": 1,
      "Actual Loops": 1,
      "Plans": [
        {
          "Node Type": "Gather",
          "Parent Relationship": "Outer",
          "Parallel Aware": false,
          "Startup Cost": 32941.32,
          "Total Cost": 32941.63,
          "Plan Rows": 3,
          "Plan Width": 8,
          "Actual Startup Time": 84.15,
          "Actual Total Time": 92.515,
          "Actual Rows": 4,
          "Actual Loops": 1,
          "Workers Planned": 3,
          "Workers Launched": 3,
          "Single Copy": false,
          "Plans": [
            {
              "Node Type": "Aggregate",
              "Strategy": "Plain",
              "Partial Mode": "Partial",
              "Parent Relationship": "Outer",
              "Parallel Aware": false,
              "Startup Cost": 31941.32,
              "Total Cost": 31941.33,
              "Plan Rows": 1,
              "Plan Width": 8,
              "Actual Startup Time": 78.412,
              "Actual Total Time": 78.413,
              "Actual Rows": 1,
              "Actual Loops": 4,
              "Plans": [
                {
                  "Node Type": "Seq Scan",
                  "Parent Relationship": "Outer",
                  "Parallel Aware": true,
                  "Relation Name": "movie_companies",
                  "Alias": "mc",
                  "Startup Cost": 0.0,
                  "Total Cost": 31414.82,
                  "Plan Rows": 210601,
                  "Plan Width": 0,
                  "Actual Startup Time": 19.625,
                  "Actual Total Time": 73.652,
                  "Actual Rows": 103274,
                  "Actual Loops": 4,
                  "Filter": "((company_id > 11208) AND (company_type_id = 1))",
                  "Rows Removed by Filter": 549008
                }
              ]
            }
          ]
        }
      ]
    },
    "Planning Time": 0.266,
    "Triggers": [],
    "Execution Time": 92.583
  }
]