[
  {
    "Plan": {
      "Node Type": "Aggregate",
      "Strategy": "Plain",
      "Partial Mode": "Finalize",
      "Parallel Aware": false,
      "Startup Cost": 60836.87,
      "Total Cost": 60836.88,
      "Plan Rows": 1,
      "Plan Width": 8,
      "Actual Startup Time": 355.85,
      "Actual Total Time": 367.379,
      "Actual Rows": 1,
      "Actual Loops": 1,
      "Plans": [
        {
          "Node Type": "Gather",
          "Parent Relationship": "Outer",
          "Parallel Aware": false,
          "Startup Cost": 60836.56,
          "Total Cost": 60836.87,
          "Plan Rows": 3,
          "Plan Width": 8,
          "Actual Startup Time": 349.5,
          "Actual Total Time": 367.371,
          "Actual Rows": 4,
          "Actual Loops": 1,
          "Workers Planned": 3,
          "Workers Launched": 3,
          "Single Copy": false,
          "Plans": [
            {
              "Node Type": "Aggregate",
              "Strategy": "Plain",
              "Partial Mode": "Partial",
              "Parent Relationship": "Outer",
              "Parallel Aware": false,
              "Startup Cost": 59836.56,
              "Total Cost": 59836.57,
              "Plan Rows": 1,
              "Plan Width": 8,
              "Actual Startup Time": 336.818,
              "Actual Total Time": 336.821,
              "Actual Rows": 1,
              "Actual Loops": 4,
              "Plans": [
                {
                  "Node Type": "Hash Join",
                  "Parent Relationship": "Outer",
                  "Parallel Aware": true,
                  "Join Type": "Inner",
                  "Startup Cost": 50016.03,
                  "Total Cost": 59644.17,
                  "Plan Rows": 76955,
                  "Plan Width": 0,
                  "Actual Startup Time": 285.241,
                  "Actual Total Time": 334.449,
                  "Actual Rows": 57659,
                  "Actual Loops": 4,
                  "Inner Unique": true,
                  "Hash Cond": "(ci.movie_id = t.id)",
                  "Plans": [
                    {
                      "Node Type": "Index Scan",
                      "Parent Relationship": "Outer",
                      "Parallel Aware": true,
                      "Scan Direction": "Forward",
                      "Index Name": "role_id_cast_info",
                      "Relation Name": "cast_info",
                      "Alias": "ci",
                      "Startup Cost": 0.56,
                      "Total Cost": 9367.76,
                      "Plan Rows": 99406,
                      "Plan Width": 4,
                      "Actual Startup Time": 0.121,
                      "Actual Total Time": 13.01,
                      "Actual Rows": 69101,
                      "Actual Loops": 4,
                      "Index Cond": "(role_id = 7)",
                      "Rows Removed by Index Recheck": 0,
                      "Filter": "(person_id < 3706297)",
                      "Rows Removed by Filter": 0
                    },
                    {
                      "Node Type": "Hash",
                      "Parent Relationship": "Inner",
                      "Parallel Aware": true,
                      "Startup Cost": 43898.92,
                      "Total Cost": 43898.92,
                      "Plan Rows": 489324,
                      "Plan Width": 4,
                      "Actual Startup Time": 277.451,
                      "Actual Total Time": 277.452,
                      "Actual Rows": 486816,
                      "Actual Loops": 4,
                      "Hash Buckets": 2097152,
                      "Original Hash Buckets": 2097152,
                      "Hash Batches": 1,
                      "Original Hash Batches": 1,
                      "Peak Memory Usage": 92608,
                      "Plans": [
                        {
                          "Node Type": "Seq Scan",
                          "Parent Relationship": "Outer",
                          "Parallel Aware": true,
                          "Relation Name": "title",
                          "Alias": "t",
                          "Startup Cost": 0.0,
                          "Total Cost": 43898.92,
                          "Plan Rows": 489324,
                          "Plan Width": 4,
                          "Actual Startup Time": 0.041,
                          "Actual Total Time": 109.548,
                          "Actual Rows": 486816,
                          "Actual Loops": 4,
                          "Filter": "(production_year > 1979)",
                          "Rows Removed by Filter": 145262
                        }
                      ]
                    }
                  ]
                }
              ]
            }
          ]
        }
      ]
    },
    "Planning Time": 0.654,
    "Triggers": [],
    "Execution Time": 367.455
  }
]