[
  {
    "Plan": {
      "Node Type": "Aggregate",
      "Strategy": "Plain",
      "Partial Mode": "Finalize",
      "Parallel Aware": false,
      "Startup Cost": 216774.18,
      "Total Cost": 216774.19,
      "Plan Rows": 1,
      "Plan Width": 8,
      "Actual Startup Time": 1860.818,
      "Actual Total Time": 1935.681,
      "Actual Rows": 1,
      "Actual Loops": 1,
      "Plans": [
        {
          "Node Type": "Gather",
          "Parent Relationship": "Outer",
          "Parallel Aware": false,
          "Startup Cost": 216773.87,
          "Total Cost": 216774.18,
          "Plan Rows": 3,
          "Plan Width": 8,
          "Actual Startup Time": 1848.212,
          "Actual Total Time": 1935.671,
          "Actual Rows": 4,
          "Actual Loops": 1,
          "Workers Planned": 3,
          "Workers Launched": 3,
          "Single Copy": false,
          "Plans": [
            {
              "Node Type": "Aggregate",
              "Strategy": "Plain",
              "Partial Mode": "Partial",
              "Parent Relationship": "Outer",
              "Parallel Aware": false,
              "Startup Cost": 215773.87,
              "Total Cost": 215773.88,
              "Plan Rows": 1,
              "Plan Width": 8,
              "Actual Startup Time": 1837.781,
              "Actual Total Time": 1837.785,
              "Actual Rows": 1,
              "Actual Loops": 4,
              "Plans": [
                {
                  "Node Type": "Nested Loop",
                  "Parent Relationship": "Outer",
                  "Parallel Aware": false,
                  "Join Type": "Inner",
                  "Startup Cost": 54851.53,
                  "Total Cost": 213761.05,
                  "Plan Rows": 805125,
                  "Plan Width": 0,
                  "Actual Startup Time": 286.741,
                  "Actual Total Time": 1783.048,
                  "Actual Rows": 1158694,
                  "Actual Loops": 4,
                  "Inner Unique": false,
                  "Plans": [
                    {
                      "Node Type": "Hash Join",
                      "Parent Relationship": "Outer",
                      "Parallel Aware": true,
                      "Join Type": "Inner",
                      "Startup Cost": 54850.97,
                      "Total Cost": 74965.2,
                      "Plan Rows": 56155,
                      "Plan Width": 8,
                      "Actual Startup Time": 286.569,
                      "Actual Total Time": 345.963,
                      "Actual Rows": 40415,
                      "Actual Loops": 4,
                      "Inner Unique": true,
                      "Hash Cond": "(mc.movie_id = t.id)",
                      "Plans": [
                        {
                          "Node Type": "Bitmap Heap Scan",
                          "Parent Relationship": "Outer",
                          "Parallel Aware": true,
                          "Relation Name": "movie_companies",
                          "Alias": "mc",
                          "Startup Cost": 5883.88,
                          "Total Cost": 25768.29,
                          "Plan Rows": 87553,
                          "Plan Width": 4,
                          "Actual Startup Time": 14.675,
                          "Actual Total Time": 29.618,
                          "Actual Rows": 66977,
                          "Actual Loops": 4,
                          "Recheck Cond": "(company_id > 98061)",
                          "Rows Removed by Index Recheck": 0,
                          "Exact Heap Blocks": 1242,
                          "Lossy Heap Blocks": 0,
                          "Plans": [
                            {
                              "Node Type": "Bitmap Index Scan",
                              "Parent Relationship": "Outer",
                              "Parallel Aware": false,
                              "Index Name": "company_id_movie_companies",
                              "Startup Cost": 0.0,
                              "Total Cost": 5816.03,
                              "Plan Rows": 271413,
                              "Plan Width": 0,
                              "Actual Startup Time": 13.945,
                              "Actual Total Time": 13.946,
                              "Actual Rows": 267908,
                              "Actual Loops": 1,
                              "Index Cond": "(company_id > 98061)"
                            }
                          ]
                        },
                        {
                          "Node Type": "Hash",
                          "Parent Relationship": "Inner",
                          "Parallel Aware": true,
                          "Startup Cost": 43899.32,
                          "Total Cost": 43899.32,
                          "Plan Rows": 405421,
                          "Plan Width": 4,
                          "Actual Startup Time": 265.731,
                          "Actual Total Time": 265.732,
                          "Actual Rows": 401769,
                          "Actual Loops": 4,
                          "Hash Buckets": 2097152,
                          "Original Hash Buckets": 2097152,
                          "Hash Batches": 1,
                          "Original Hash Batches": 1,
                          "Peak Memory Usage": 79328,
                          "Plans": [
                            {
                              "Node Type": "Seq Scan",
                              "Parent Relationship": "Outer",
                              "Parallel Aware": true,
                              "Relation Name": "title",
                              "Alias": "t",
                              "Startup Cost": 0.0,
                              "Total Cost": 43899.32,
                              "Plan Rows": 405421,
                              "Plan Width": 4,
                              "Actual Startup Time": 0.028,
                              "Actual Total Time": 110.635,
                              "Actual Rows": 401769,
                              "Actual Loops": 4,
                              "Filter": "(production_year > 1995)",
                              "Rows Removed by Filter": 230309
                            }
                          ]
                        }
                      ]
                    },
                    {
                      "Node Type": "Index Only Scan",
                      "Parent Relationship": "Inner",
                      "Parallel Aware": false,
                      "Scan Direction": "Forward",
                      "Index Name": "movie_id_cast_info",
                      "Relation Name": "cast_info",
                      "Alias": "ci",
                      "Startup Cost": 0.56,
                      "Total Cost": 2.12,
                      "Plan Rows": 35,
                      "Plan Width": 4,
                      "Actual Startup Time": 0.005,
                      "Actual Total Time": 0.033,
                      "Actual Rows": 29,
                      "Actual Loops": 161659,
                      "Index Cond": "(movie_id = t.id)",
                      "Rows Removed by Index Recheck": 0,
                      "Heap Fetches": 4634776
                    }
                  ]
                }
              ]
            }
          ]
        }
      ]
    },
    "Planning Time": 0.864,
    "Triggers": [],
    "Execution Time": 1935.783
  }
]