[
  {
    "Plan": {
      "Node Type": "Aggregate",
      "Strategy": "Plain",
      "Partial Mode": "Finalize",
      "Parallel Aware": false,
      "Startup Cost": 246676.27,
      "Total Cost": 246676.28,
      "Plan Rows": 1,
      "Plan Width": 8,
      "Actual Startup Time": 761.704,
      "Actual Total Time": 810.704,
      "Actual Rows": 1,
      "Actual Loops": 1,
      "Plans": [
        {
          "Node Type": "Gather",
          "Parent Relationship": "Outer",
          "Parallel Aware": false,
          "Startup Cost": 246675.75,
          "Total Cost": 246676.26,
          "Plan Rows": 5,
          "Plan Width": 8,
          "Actual Startup Time": 760.105,
          "Actual Total Time": 810.653,
          "Actual Rows": 6,
          "Actual Loops": 1,
          "Workers Planned": 5,
          "Workers Launched": 5,
          "Single Copy": false,
          "Plans": [
            {
              "Node Type": "Aggregate",
              "Strategy": "Plain",
              "Partial Mode": "Partial",
              "Parent Relationship": "Outer",
              "Parallel Aware": false,
              "Startup Cost": 245675.75,
              "Total Cost": 245675.76,
              "Plan Rows": 1,
              "Plan Width": 8,
              "Actual Startup Time": 753.024,
              "Actual Total Time": 753.027,
              "Actual Rows": 1,
              "Actual Loops": 6,
              "Plans": [
                {
                  "Node Type": "Hash Join",
                  "Parent Relationship": "Outer",
                  "Parallel Aware": true,
                  "Join Type": "Inner",
                  "Startup Cost": 45849.15,
                  "Total Cost": 245328.55,
                  "Plan Rows": 138877,
                  "Plan Width": 0,
                  "Actual Startup Time": 99.891,
                  "Actual Total Time": 749.989,
                  "Actual Rows": 47981,
                  "Actual Loops": 6,
                  "Inner Unique": true,
                  "Hash Cond": "(mi.movie_id = t.id)",
                  "Plans": [
                    {
                      "Node Type": "Seq Scan",
                      "Parent Relationship": "Outer",
                      "Parallel Aware": true,
                      "Relation Name": "movie_info",
                      "Alias": "mi",
                      "Startup Cost": 0.0,
                      "Total Cost": 191685.19,
                      "Plan Rows": 2969219,
                      "Plan Width": 4,
                      "Actual Startup Time": 0.042,
                      "Actual Total Time": 326.341,
                      "Actual Rows": 2472620,
                      "Actual Loops": 6
                    },
                    {
                      "Node Type": "Hash",
                      "Parent Relationship": "Inner",
                      "Parallel Aware": true,
                      "Startup Cost": 45479.59,
                      "Total Cost": 45479.59,
                      "Plan Rows": 29565,
                      "Plan Width": 4,
                      "Actual Startup Time": 97.418,
                      "Actual Total Time": 97.419,
                      "Actual Rows": 20791,
                      "Actual Loops": 6,
                      "Hash Buckets": 131072,
                      "Original Hash Buckets": 131072,
                      "Hash Batches": 1,
                      "Original Hash Batches": 1,
                      "Peak Memory Usage": 6048,
                      "Plans": [
                        {
                          "Node Type": "Seq Scan",
                          "Parent Relationship": "Outer",
                          "Parallel Aware": true,
                          "Relation Name": "title",
                          "Alias": "t",
                          "Startup Cost": 0.0,
                          "Total Cost": 45479.59,
                          "Plan Rows": 29565,
                          "Plan Width": 4,
                          "Actual Startup Time": 0.033,
                          "Actual Total Time": 87.318,
                          "Actual Rows": 20791,
                          "Actual Loops": 6,
                          "Filter": "((kind_id > 1) AND (production_year = 2012))",
                          "Rows Removed by Filter": 400594
                        }
                      ]
                    }
                  ]
                }
              ]
            }
          ]
        }
      ]
    },
    "Planning Time": 0.628,
    "Triggers": [],
    "Execution Time": 810.811
  }
]