{
  "Plan": {
    "Node Type": "Aggregate",
    "Strategy": "Plain",
    "Partial Mode": "Finalize",
    "Parallel Aware": false,
    "Startup Cost": 726185.62,
    "Total Cost": 726185.63,
    "Plan Rows": 1,
    "Plan Width": 8,
    "Actual Startup Time": 3825.939,
    "Actual Total Time": 3889.453,
    "Actual Rows": 1,
    "Actual Loops": 1,
    "Plans": [
      {
        "Node Type": "Gather",
        "Parent Relationship": "Outer",
        "Parallel Aware": false,
        "Startup Cost": 726185.5,
        "Total Cost": 726185.61,
        "Plan Rows": 1,
        "Plan Width": 8,
        "Actual Startup Time": 3811.477,
        "Actual Total Time": 3889.441,
        "Actual Rows": 2,
        "Actual Loops": 1,
        "Workers Planned": 1,
        "Workers Launched": 1,
        "Single Copy": false,
        "Plans": [
          {
            "Node Type": "Aggregate",
            "Strategy": "Plain",
            "Partial Mode": "Partial",
            "Parent Relationship": "Outer",
            "Parallel Aware": false,
            "Startup Cost": 725185.5,
            "Total Cost": 725185.51,
            "Plan Rows": 1,
            "Plan Width": 8,
            "Actual Startup Time": 3811.571,
            "Actual Total Time": 3811.575,
            "Actual Rows": 1,
            "Actual Loops": 2,
            "Plans": [
              {
                "Node Type": "Nested Loop",
                "Parent Relationship": "Outer",
                "Parallel Aware": false,
                "Join Type": "Inner",
                "Startup Cost": 64603.9,
                "Total Cost": 721165.92,
                "Plan Rows": 1607833,
                "Plan Width": 0,
                "Actual Startup Time": 268.625,
                "Actual Total Time": 3500.574,
                "Actual Rows": 7239805,
                "Actual Loops": 2,
                "Inner Unique": false,
                "Join Filter": "(t.id = mi.movie_id)",
                "Rows Removed by Join Filter": 0,
                "Plans": [
                  {
                    "Node Type": "Hash Join",
                    "Parent Relationship": "Outer",
                    "Parallel Aware": true,
                    "Join Type": "Inner",
                    "Startup Cost": 64603.47,
                    "Total Cost": 82787.26,
                    "Plan Rows": 274971,
                    "Plan Width": 8,
                    "Actual Startup Time": 268.56,
                    "Actual Total Time": 502.275,
                    "Actual Rows": 407644,
                    "Actual Loops": 2,
                    "Inner Unique": true,
                    "Hash Cond": "(mi_idx.movie_id = t.id)",
                    "Plans": [
                      {
                        "Node Type": "Seq Scan",
                        "Parent Relationship": "Outer",
                        "Parallel Aware": true,
                        "Relation Name": "movie_info_idx",
                        "Alias": "mi_idx",
                        "Startup Cost": 0.0,
                        "Total Cost": 16052.85,
                        "Plan Rows": 811785,
                        "Plan Width": 4,
                        "Actual Startup Time": 0.018,
                        "Actual Total Time": 54.603,
                        "Actual Rows": 690018,
                        "Actual Loops": 2
                      },
                      {
                        "Node Type": "Hash",
                        "Parent Relationship": "Inner",
                        "Parallel Aware": true,
                        "Startup Cost": 58306.47,
                        "Total Cost": 58306.47,
                        "Plan Rows": 503760,
                        "Plan Width": 4,
                        "Actual Startup Time": 259.438,
                        "Actual Total Time": 259.439,
                        "Actual Rows": 382680,
                        "Actual Loops": 2,
                        "Hash Buckets": 1048576,
                        "Original Hash Buckets": 1048576,
                        "Hash Batches": 1,
                        "Original Hash Batches": 1,
                        "Peak Memory Usage": 38176,
                        "Plans": [
                          {
                            "Node Type": "Seq Scan",
                            "Parent Relationship": "Outer",
                            "Parallel Aware": true,
                            "Relation Name": "title",
                            "Alias": "t",
                            "Startup Cost": 0.0,
                            "Total Cost": 58306.47,
                            "Plan Rows": 503760,
                            "Plan Width": 4,
                            "Actual Startup Time": 0.045,
                            "Actual Total Time": 158.121,
                            "Actual Rows": 382680,
                            "Actual Loops": 2,
                            "Filter": "((kind_id < 7) AND (production_year > 1963))",
                            "Rows Removed by Filter": 881476
                          }
                        ]
                      }
                    ]
                  },
                  {
                    "Node Type": "Index Only Scan",
                    "Parent Relationship": "Inner",
                    "Parallel Aware": false,
                    "Scan Direction": "Forward",
                    "Index Name": "movie_id_movie_info",
                    "Relation Name": "movie_info",
                    "Alias": "mi",
                    "Startup Cost": 0.43,
                    "Total Cost": 1.8,
                    "Plan Rows": 42,
                    "Plan Width": 4,
                    "Actual Startup Time": 0.002,
                    "Actual Total Time": 0.006,
                    "Actual Rows": 18,
                    "Actual Loops": 815287,
                    "Index Cond": "(movie_id = mi_idx.movie_id)",
                    "Rows Removed by Index Recheck": 0,
                    "Heap Fetches": 14479610
                  }
                ]
              }
            ]
          }
        ]
      }
    ]
  },
  "Planning Time": 1.065,
  "Triggers": [],
  "Execution Time": 3889.562
}