[
  {
    "Plan": {
      "Node Type": "Aggregate",
      "Strategy": "Plain",
      "Partial Mode": "Finalize",
      "Parallel Aware": false,
      "Startup Cost": 31053.54,
      "Total Cost": 31053.55,
      "Plan Rows": 1,
      "Plan Width": 8,
      "Actual Startup Time": 94.07,
      "Actual Total Time": 102.029,
      "Actual Rows": 1,
      "Actual Loops": 1,
      "Plans": [
        {
          "Node Type": "Gather",
          "Parent Relationship": "Outer",
          "Parallel Aware": false,
          "Startup Cost": 31053.22,
          "Total Cost": 31053.53,
          "Plan Rows": 3,
          "Plan Width": 8,
          "Actual Startup Time": 93.966,
          "Actual Total Time": 102.02,
          "Actual Rows": 4,
          "Actual Loops": 1,
          "Workers Planned": 3,
          "Workers Launched": 3,
          "Single Copy": false,
          "Plans": [
            {
              "Node Type": "Aggregate",
              "Strategy": "Plain",
              "Partial Mode": "Partial",
              "Parent Relationship": "Outer",
              "Parallel Aware": false,
              "Startup Cost": 30053.22,
              "Total Cost": 30053.23,
              "Plan Rows": 1,
              "Plan Width": 8,
              "Actual Startup Time": 88.365,
              "Actual Total Time": 88.366,
              "Actual Rows": 1,
              "Actual Loops": 4,
              "Plans": [
                {
                  "Node Type": "Seq Scan",
                  "Parent Relationship": "Outer",
                  "Parallel Aware": true,
                  "Relation Name": "movie_companies",
                  "Alias": "mc",
                  "Startup Cost": 0.0,
                  "Total Cost": 29310.68,
                  "Plan Rows": 297016,
                  "Plan Width": 0,
                  "Actual Startup Time": 22.961,
                  "Actual Total Time": 78.245,
                  "Actual Rows": 232898,
                  "Actual Loops": 4,
                  "Filter": "(company_id > 19433)",
                  "Rows Removed by Filter": 419384
                }
              ]
            }
          ]
        }
      ]
    },
    "Planning Time": 0.19,
    "Triggers": [],
    "Execution Time": 102.084
  }
]