[
  {
    "Plan": {
      "Node Type": "Aggregate",
      "Strategy": "Plain",
      "Partial Mode": "Finalize",
      "Parallel Aware": false,
      "Startup Cost": 312239.27,
      "Total Cost": 312239.28,
      "Plan Rows": 1,
      "Plan Width": 8,
      "Actual Startup Time": 1268.446,
      "Actual Total Time": 1315.575,
      "Actual Rows": 1,
      "Actual Loops": 1,
      "Plans": [
        {
          "Node Type": "Gather",
          "Parent Relationship": "Outer",
          "Parallel Aware": false,
          "Startup Cost": 312238.75,
          "Total Cost": 312239.26,
          "Plan Rows": 5,
          "Plan Width": 8,
          "Actual Startup Time": 1256.605,
          "Actual Total Time": 1315.563,
          "Actual Rows": 6,
          "Actual Loops": 1,
          "Workers Planned": 5,
          "Workers Launched": 5,
          "Single Copy": false,
          "Plans": [
            {
              "Node Type": "Aggregate",
              "Strategy": "Plain",
              "Partial Mode": "Partial",
              "Parent Relationship": "Outer",
              "Parallel Aware": false,
              "Startup Cost": 311238.75,
              "Total Cost": 311238.76,
              "Plan Rows": 1,
              "Plan Width": 8,
              "Actual Startup Time": 1247.369,
              "Actual Total Time": 1247.592,
              "Actual Rows": 1,
              "Actual Loops": 6,
              "Plans": [
                {
                  "Node Type": "Hash Join",
                  "Parent Relationship": "Outer",
                  "Parallel Aware": true,
                  "Join Type": "Inner",
                  "Startup Cost": 97350.32,
                  "Total Cost": 308944.21,
                  "Plan Rows": 917816,
                  "Plan Width": 0,
                  "Actual Startup Time": 411.625,
                  "Actual Total Time": 1195.21,
                  "Actual Rows": 932527,
                  "Actual Loops": 6,
                  "Inner Unique": false,
                  "Hash Cond": "(mi.movie_id = t.id)",
                  "Plans": [
                    {
                      "Node Type": "Seq Scan",
                      "Parent Relationship": "Outer",
                      "Parallel Aware": true,
                      "Relation Name": "movie_info",
                      "Alias": "mi",
                      "Startup Cost": 0.0,
                      "Total Cost": 199108.24,
                      "Plan Rows": 2539986,
                      "Plan Width": 4,
                      "Actual Startup Time": 0.045,
                      "Actual Total Time": 406.785,
                      "Actual Rows": 2124109,
                      "Actual Loops": 6,
                      "Filter": "(info_type_id > 2)",
                      "Rows Removed by Filter": 348511
                    },
                    {
                      "Node Type": "Hash",
                      "Parent Relationship": "Inner",
                      "Parallel Aware": true,
                      "Startup Cost": 93666.29,
                      "Total Cost": 93666.29,
                      "Plan Rows": 294722,
                      "Plan Width": 8,
                      "Actual Startup Time": 408.495,
                      "Actual Total Time": 408.716,
                      "Actual Rows": 81338,
                      "Actual Loops": 6,
                      "Hash Buckets": 1048576,
                      "Original Hash Buckets": 1048576,
                      "Hash Batches": 1,
                      "Original Hash Batches": 1,
                      "Peak Memory Usage": 27360,
                      "Plans": [
                        {
                          "Node Type": "Hash Join",
                          "Parent Relationship": "Outer",
                          "Parallel Aware": true,
                          "Join Type": "Inner",
                          "Startup Cost": 49418.89,
                          "Total Cost": 93666.29,
                          "Plan Rows": 294722,
                          "Plan Width": 8,
                          "Actual Startup Time": 224.811,
                          "Actual Total Time": 374.453,
                          "Actual Rows": 81338,
                          "Actual Loops": 6,
                          "Inner Unique": true,
                          "Hash Cond": "(mk.movie_id = t.id)",
                          "Plans": [
                            {
                              "Node Type": "Seq Scan",
                              "Parent Relationship": "Outer",
                              "Parallel Aware": true,
                              "Relation Name": "movie_keyword",
                              "Alias": "mk",
                              "Startup Cost": 0.0,
                              "Total Cost": 42695.65,
                              "Plan Rows": 591144,
                              "Plan Width": 4,
                              "Actual Startup Time": 0.392,
                              "Actual Total Time": 94.408,
                              "Actual Rows": 304790,
                              "Actual Loops": 6,
                              "Filter": "(keyword_id > 7632)",
                              "Rows Removed by Filter": 449198
                            },
                            {
                              "Node Type": "Hash",
                              "Parent Relationship": "Inner",
                              "Parallel Aware": true,
                              "Startup Cost": 45479.59,
                              "Total Cost": 45479.59,
                              "Plan Rows": 315144,
                              "Plan Width": 4,
                              "Actual Startup Time": 220.769,
                              "Actual Total Time": 220.77,
                              "Actual Rows": 204868,
                              "Actual Loops": 6,
                              "Hash Buckets": 2097152,
                              "Original Hash Buckets": 2097152,
                              "Hash Batches": 1,
                              "Original Hash Batches": 1,
                              "Peak Memory Usage": 64576,
                              "Plans": [
                                {
                                  "Node Type": "Seq Scan",
                                  "Parent Relationship": "Outer",
                                  "Parallel Aware": true,
                                  "Relation Name": "title",
                                  "Alias": "t",
                                  "Startup Cost": 0.0,
                                  "Total Cost": 45479.59,
                                  "Plan Rows": 315144,
                                  "Plan Width": 4,
                                  "Actual Startup Time": 0.053,
                                  "Actual Total Time": 102.926,
                                  "Actual Rows": 204868,
                                  "Actual Loops": 6,
                                  "Filter": "((kind_id > 2) AND (production_year < 2009))",
                                  "Rows Removed by Filter": 216517
                                }
                              ]
                            }
                          ]
                        }
                      ]
                    }
                  ]
                }
              ]
            }
          ]
        }
      ]
    },
    "Planning Time": 0.465,
    "Triggers": [],
    "Execution Time": 1315.638
  }
]