[
  {
    "Plan": {
      "Node Type": "Aggregate",
      "Strategy": "Plain",
      "Partial Mode": "Finalize",
      "Parallel Aware": false,
      "Startup Cost": 312000.62,
      "Total Cost": 312000.63,
      "Plan Rows": 1,
      "Plan Width": 8,
      "Actual Startup Time": 1357.867,
      "Actual Total Time": 1424.848,
      "Actual Rows": 1,
      "Actual Loops": 1,
      "Plans": [
        {
          "Node Type": "Gather",
          "Parent Relationship": "Outer",
          "Parallel Aware": false,
          "Startup Cost": 312000.1,
          "Total Cost": 312000.61,
          "Plan Rows": 5,
          "Plan Width": 8,
          "Actual Startup Time": 1347.179,
          "Actual Total Time": 1424.835,
          "Actual Rows": 6,
          "Actual Loops": 1,
          "Workers Planned": 5,
          "Workers Launched": 5,
          "Single Copy": false,
          "Plans": [
            {
              "Node Type": "Aggregate",
              "Strategy": "Plain",
              "Partial Mode": "Partial",
              "Parent Relationship": "Outer",
              "Parallel Aware": false,
              "Startup Cost": 311000.1,
              "Total Cost": 311000.11,
              "Plan Rows": 1,
              "Plan Width": 8,
              "Actual Startup Time": 1336.702,
              "Actual Total Time": 1336.994,
              "Actual Rows": 1,
              "Actual Loops": 6,
              "Plans": [
                {
                  "Node Type": "Hash Join",
                  "Parent Relationship": "Outer",
                  "Parallel Aware": true,
                  "Join Type": "Inner",
                  "Startup Cost": 97290.42,
                  "Total Cost": 308724.24,
                  "Plan Rows": 910343,
                  "Plan Width": 0,
                  "Actual Startup Time": 417.983,
                  "Actual Total Time": 1282.301,
                  "Actual Rows": 932527,
                  "Actual Loops": 6,
                  "Inner Unique": false,
                  "Hash Cond": "(mi.movie_id = t.id)",
                  "Plans": [
                    {
                      "Node Type": "Seq Scan",
                      "Parent Relationship": "Outer",
                      "Parallel Aware": true,
                      "Relation Name": "movie_info",
                      "Alias": "mi",
                      "Startup Cost": 0.0,
                      "Total Cost": 198952.16,
                      "Plan Rows": 2545353,
                      "Plan Width": 4,
                      "Actual Startup Time": 0.041,
                      "Actual Total Time": 450.983,
                      "Actual Rows": 2124109,
                      "Actual Loops": 6,
                      "Filter": "(info_type_id > 2)",
                      "Rows Removed by Filter": 348511
                    },
                    {
                      "Node Type": "Hash",
                      "Parent Relationship": "Inner",
                      "Parallel Aware": true,
                      "Startup Cost": 93644.28,
                      "Total Cost": 93644.28,
                      "Plan Rows": 291691,
                      "Plan Width": 8,
                      "Actual Startup Time": 413.626,
                      "Actual Total Time": 413.915,
                      "Actual Rows": 81338,
                      "Actual Loops": 6,
                      "Hash Buckets": 1048576,
                      "Original Hash Buckets": 1048576,
                      "Hash Batches": 1,
                      "Original Hash Batches": 1,
                      "Peak Memory Usage": 27392,
                      "Plans": [
                        {
                          "Node Type": "Hash Join",
                          "Parent Relationship": "Outer",
                          "Parallel Aware": true,
                          "Join Type": "Inner",
                          "Startup Cost": 49409.4,
                          "Total Cost": 93644.28,
                          "Plan Rows": 291691,
                          "Plan Width": 8,
                          "Actual Startup Time": 222.933,
                          "Actual Total Time": 377.889,
                          "Actual Rows": 81338,
                          "Actual Loops": 6,
                          "Inner Unique": true,
                          "Hash Cond": "(mk.movie_id = t.id)",
                          "Plans": [
                            {
                              "Node Type": "Seq Scan",
                              "Parent Relationship": "Outer",
                              "Parallel Aware": true,
                              "Relation Name": "movie_keyword",
                              "Alias": "mk",
                              "Startup Cost": 0.0,
                              "Total Cost": 42695.65,
                              "Plan Rows": 586373,
                              "Plan Width": 4,
                              "Actual Startup Time": 0.45,
                              "Actual Total Time": 98.335,
                              "Actual Rows": 304790,
                              "Actual Loops": 6,
                              "Filter": "(keyword_id > 7632)",
                              "Rows Removed by Filter": 449198
                            },
                            {
                              "Node Type": "Hash",
                              "Parent Relationship": "Inner",
                              "Parallel Aware": true,
                              "Startup Cost": 45479.1,
                              "Total Cost": 45479.1,
                              "Plan Rows": 314424,
                              "Plan Width": 4,
                              "Actual Startup Time": 219.195,
                              "Actual Total Time": 219.196,
                              "Actual Rows": 204868,
                              "Actual Loops": 6,
                              "Hash Buckets": 2097152,
                              "Original Hash Buckets": 2097152,
                              "Hash Batches": 1,
                              "Original Hash Batches": 1,
                              "Peak Memory Usage": 64544,
                              "Plans": [
                                {
                                  "Node Type": "Seq Scan",
                                  "Parent Relationship": "Outer",
                                  "Parallel Aware": true,
                                  "Relation Name": "title",
                                  "Alias": "t",
                                  "Startup Cost": 0.0,
                                  "Total Cost": 45479.1,
                                  "Plan Rows": 314424,
                                  "Plan Width": 4,
                                  "Actual Startup Time": 0.057,
                                  "Actual Total Time": 106.495,
                                  "Actual Rows": 204868,
                                  "Actual Loops": 6,
                                  "Filter": "((kind_id > 2) AND (production_year < 2009))",
                                  "Rows Removed by Filter": 216517
                                }
                              ]
                            }
                          ]
                        }
                      ]
                    }
                  ]
                }
              ]
            }
          ]
        }
      ]
    },
    "Planning Time": 1.417,
    "Triggers": [],
    "Execution Time": 1424.947
  }
]