[
  {
    "Plan": {
      "Node Type": "Aggregate",
      "Strategy": "Plain",
      "Partial Mode": "Finalize",
      "Parallel Aware": false,
      "Startup Cost": 339029.77,
      "Total Cost": 339029.78,
      "Plan Rows": 1,
      "Plan Width": 8,
      "Actual Startup Time": 777.645,
      "Actual Total Time": 833.406,
      "Actual Rows": 1,
      "Actual Loops": 1,
      "Plans": [
        {
          "Node Type": "Gather",
          "Parent Relationship": "Outer",
          "Parallel Aware": false,
          "Startup Cost": 339029.14,
          "Total Cost": 339029.75,
          "Plan Rows": 6,
          "Plan Width": 8,
          "Actual Startup Time": 777.533,
          "Actual Total Time": 833.396,
          "Actual Rows": 7,
          "Actual Loops": 1,
          "Workers Planned": 6,
          "Workers Launched": 6,
          "Single Copy": false,
          "Plans": [
            {
              "Node Type": "Aggregate",
              "Strategy": "Plain",
              "Partial Mode": "Partial",
              "Parent Relationship": "Outer",
              "Parallel Aware": false,
              "Startup Cost": 338029.14,
              "Total Cost": 338029.15,
              "Plan Rows": 1,
              "Plan Width": 8,
              "Actual Startup Time": 769.291,
              "Actual Total Time": 769.292,
              "Actual Rows": 1,
              "Actual Loops": 7,
              "Plans": [
                {
                  "Node Type": "Seq Scan",
                  "Parent Relationship": "Outer",
                  "Parallel Aware": true,
                  "Relation Name": "cast_info",
                  "Alias": "ci",
                  "Startup Cost": 0.0,
                  "Total Cost": 328162.03,
                  "Plan Rows": 3946846,
                  "Plan Width": 0,
                  "Actual Startup Time": 0.046,
                  "Actual Total Time": 616.789,
                  "Actual Rows": 3388221,
                  "Actual Loops": 7,
                  "Filter": "(person_id < 2430195)",
                  "Rows Removed by Filter": 1789542
                }
              ]
            }
          ]
        }
      ]
    },
    "Planning Time": 0.192,
    "Triggers": [],
    "Execution Time": 833.476
  }
]