{
    "Plan": {
        "Node Type": "Aggregate",
        "Strategy": "Plain",
        "Partial Mode": "Finalize",
        "Parallel Aware": false,
        "Startup Cost": 60245.42,
        "Total Cost": 60245.43,
        "Plan Rows": 1,
        "Plan Width": 64,
        "Actual Startup Time": 6373.237,
        "Actual Total Time": 6439.528,
        "Actual Rows": 1,
        "Actual Loops": 1,
        "Output": [
            "min(n.name)",
            "min(pi.info)"
        ],
        "Plans": [
            {
                "Node Type": "Gather",
                "Parent Relationship": "Outer",
                "Parallel Aware": false,
                "Startup Cost": 60244.99,
                "Total Cost": 60245.4,
                "Plan Rows": 4,
                "Plan Width": 64,
                "Actual Startup Time": 6372.879,
                "Actual Total Time": 6439.426,
                "Actual Rows": 5,
                "Actual Loops": 1,
                "Output": [
                    "(PARTIAL min(n.name))",
                    "(PARTIAL min(pi.info))"
                ],
                "Workers Planned": 4,
                "Workers Launched": 4,
                "Single Copy": false,
                "Plans": [
                    {
                        "Node Type": "Aggregate",
                        "Strategy": "Plain",
                        "Partial Mode": "Partial",
                        "Parent Relationship": "Outer",
                        "Parallel Aware": false,
                        "Startup Cost": 59244.99,
                        "Total Cost": 59245.0,
                        "Plan Rows": 1,
                        "Plan Width": 64,
                        "Actual Startup Time": 6360.85,
                        "Actual Total Time": 6360.864,
                        "Actual Rows": 1,
                        "Actual Loops": 5,
                        "Output": [
                            "PARTIAL min(n.name)",
                            "PARTIAL min(pi.info)"
                        ],
                        "Workers": [
                            {
                                "Worker Number": 0,
                                "Actual Startup Time": 6357.793,
                                "Actual Total Time": 6357.807,
                                "Actual Rows": 1,
                                "Actual Loops": 1
                            },
                            {
                                "Worker Number": 1,
                                "Actual Startup Time": 6358.158,
                                "Actual Total Time": 6358.171,
                                "Actual Rows": 1,
                                "Actual Loops": 1
                            },
                            {
                                "Worker Number": 2,
                                "Actual Startup Time": 6358.455,
                                "Actual Total Time": 6358.468,
                                "Actual Rows": 1,
                                "Actual Loops": 1
                            },
                            {
                                "Worker Number": 3,
                                "Actual Startup Time": 6358.114,
                                "Actual Total Time": 6358.128,
                                "Actual Rows": 1,
                                "Actual Loops": 1
                            }
                        ],
                        "Plans": [
                            {
                                "Node Type": "Nested Loop",
                                "Parent Relationship": "Outer",
                                "Parallel Aware": false,
                                "Join Type": "Inner",
                                "Startup Cost": 5.88,
                                "Total Cost": 59244.98,
                                "Plan Rows": 2,
                                "Plan Width": 112,
                                "Actual Startup Time": 113.263,
                                "Actual Total Time": 6115.251,
                                "Actual Rows": 13637,
                                "Actual Loops": 5,
                                "Output": [
                                    "n.name",
                                    "pi.info"
                                ],
                                "Inner Unique": true,
                                "Workers": [
                                    {
                                        "Worker Number": 0,
                                        "Actual Startup Time": 153.998,
                                        "Actual Total Time": 6178.986,
                                        "Actual Rows": 14798,
                                        "Actual Loops": 1
                                    },
                                    {
                                        "Worker Number": 1,
                                        "Actual Startup Time": 118.315,
                                        "Actual Total Time": 6061.373,
                                        "Actual Rows": 11141,
                                        "Actual Loops": 1
                                    },
                                    {
                                        "Worker Number": 2,
                                        "Actual Startup Time": 114.049,
                                        "Actual Total Time": 6114.105,
                                        "Actual Rows": 14752,
                                        "Actual Loops": 1
                                    },
                                    {
                                        "Worker Number": 3,
                                        "Actual Startup Time": 58.452,
                                        "Actual Total Time": 6045.227,
                                        "Actual Rows": 13650,
                                        "Actual Loops": 1
                                    }
                                ],
                                "Plans": [
                                    {
                                        "Node Type": "Hash Join",
                                        "Parent Relationship": "Outer",
                                        "Parallel Aware": false,
                                        "Join Type": "Inner",
                                        "Startup Cost": 5.45,
                                        "Total Cost": 59244.07,
                                        "Plan Rows": 2,
                                        "Plan Width": 120,
                                        "Actual Startup Time": 111.031,
                                        "Actual Total Time": 5957.639,
                                        "Actual Rows": 21968,
                                        "Actual Loops": 5,
                                        "Output": [
                                            "ci.movie_id",
                                            "ml.linked_movie_id",
                                            "n.name",
                                            "pi.info"
                                        ],
                                        "Inner Unique": true,
                                        "Hash Cond": "(ml.link_type_id = lt.id)",
                                        "Workers": [
                                            {
                                                "Worker Number": 0,
                                                "Actual Startup Time": 152.334,
                                                "Actual Total Time": 6001.194,
                                                "Actual Rows": 23371,
                                                "Actual Loops": 1
                                            },
                                            {
                                                "Worker Number": 1,
                                                "Actual Startup Time": 118.026,
                                                "Actual Total Time": 5895.911,
                                                "Actual Rows": 20167,
                                                "Actual Loops": 1
                                            },
                                            {
                                                "Worker Number": 2,
                                                "Actual Startup Time": 105.187,
                                                "Actual Total Time": 5942.098,
                                                "Actual Rows": 24191,
                                                "Actual Loops": 1
                                            },
                                            {
                                                "Worker Number": 3,
                                                "Actual Startup Time": 58.136,
                                                "Actual Total Time": 5877.643,
                                                "Actual Rows": 21530,
                                                "Actual Loops": 1
                                            }
                                        ],
                                        "Plans": [
                                            {
                                                "Node Type": "Nested Loop",
                                                "Parent Relationship": "Outer",
                                                "Parallel Aware": false,
                                                "Join Type": "Inner",
                                                "Startup Cost": 4.13,
                                                "Total Cost": 59242.71,
                                                "Plan Rows": 11,
                                                "Plan Width": 124,
                                                "Actual Startup Time": 110.625,
                                                "Actual Total Time": 5945.173,
                                                "Actual Rows": 25405,
                                                "Actual Loops": 5,
                                                "Output": [
                                                    "ci.movie_id",
                                                    "ml.linked_movie_id",
                                                    "ml.link_type_id",
                                                    "n.name",
                                                    "pi.info"
                                                ],
                                                "Inner Unique": false,
                                                "Workers": [
                                                    {
                                                        "Worker Number": 0,
                                                        "Actual Startup Time": 151.821,
                                                        "Actual Total Time": 5987.604,
                                                        "Actual Rows": 26606,
                                                        "Actual Loops": 1
                                                    },
                                                    {
                                                        "Worker Number": 1,
                                                        "Actual Startup Time": 117.59,
                                                        "Actual Total Time": 5883.184,
                                                        "Actual Rows": 23065,
                                                        "Actual Loops": 1
                                                    },
                                                    {
                                                        "Worker Number": 2,
                                                        "Actual Startup Time": 104.731,
                                                        "Actual Total Time": 5929.251,
                                                        "Actual Rows": 27741,
                                                        "Actual Loops": 1
                                                    },
                                                    {
                                                        "Worker Number": 3,
                                                        "Actual Startup Time": 57.601,
                                                        "Actual Total Time": 5865.186,
                                                        "Actual Rows": 25594,
                                                        "Actual Loops": 1
                                                    }
                                                ],
                                                "Plans": [
                                                    {
                                                        "Node Type": "Nested Loop",
                                                        "Parent Relationship": "Outer",
                                                        "Parallel Aware": false,
                                                        "Join Type": "Inner",
                                                        "Startup Cost": 3.85,
                                                        "Total Cost": 59124.88,
                                                        "Plan Rows": 344,
                                                        "Plan Width": 116,
                                                        "Actual Startup Time": 19.615,
                                                        "Actual Total Time": 5021.055,
                                                        "Actual Rows": 323661,
                                                        "Actual Loops": 5,
                                                        "Output": [
                                                            "ci.movie_id",
                                                            "n.name",
                                                            "pi.info"
                                                        ],
                                                        "Inner Unique": false,
                                                        "Workers": [
                                                            {
                                                                "Worker Number": 0,
                                                                "Actual Startup Time": 19.47,
                                                                "Actual Total Time": 5094.295,
                                                                "Actual Rows": 287464,
                                                                "Actual Loops": 1
                                                            },
                                                            {
                                                                "Worker Number": 1,
                                                                "Actual Startup Time": 11.711,
                                                                "Actual Total Time": 4944.431,
                                                                "Actual Rows": 315262,
                                                                "Actual Loops": 1
                                                            },
                                                            {
                                                                "Worker Number": 2,
                                                                "Actual Startup Time": 37.005,
                                                                "Actual Total Time": 5010.779,
                                                                "Actual Rows": 342148,
                                                                "Actual Loops": 1
                                                            },
                                                            {
                                                                "Worker Number": 3,
                                                                "Actual Startup Time": 4.436,
                                                                "Actual Total Time": 4970.649,
                                                                "Actual Rows": 311119,
                                                                "Actual Loops": 1
                                                            }
                                                        ],
                                                        "Plans": [
                                                            {
                                                                "Node Type": "Nested Loop",
                                                                "Parent Relationship": "Outer",
                                                                "Parallel Aware": false,
                                                                "Join Type": "Inner",
                                                                "Startup Cost": 3.28,
                                                                "Total Cost": 59053.48,
                                                                "Plan Rows": 4,
                                                                "Plan Width": 124,
                                                                "Actual Startup Time": 7.092,
                                                                "Actual Total Time": 2736.563,
                                                                "Actual Rows": 2519,
                                                                "Actual Loops": 5,
                                                                "Output": [
                                                                    "an.person_id",
                                                                    "n.name",
                                                                    "n.id",
                                                                    "pi.info",
                                                                    "pi.person_id"
                                                                ],
                                                                "Inner Unique": true,
                                                                "Workers": [
                                                                    {
                                                                        "Worker Number": 0,
                                                                        "Actual Startup Time": 4.161,
                                                                        "Actual Total Time": 2791.387,
                                                                        "Actual Rows": 2556,
                                                                        "Actual Loops": 1
                                                                    },
                                                                    {
                                                                        "Worker Number": 1,
                                                                        "Actual Startup Time": 4.627,
                                                                        "Actual Total Time": 2695.211,
                                                                        "Actual Rows": 2203,
                                                                        "Actual Loops": 1
                                                                    },
                                                                    {
                                                                        "Worker Number": 2,
                                                                        "Actual Startup Time": 4.741,
                                                                        "Actual Total Time": 2768.076,
                                                                        "Actual Rows": 2472,
                                                                        "Actual Loops": 1
                                                                    },
                                                                    {
                                                                        "Worker Number": 3,
                                                                        "Actual Startup Time": 4.188,
                                                                        "Actual Total Time": 2713.613,
                                                                        "Actual Rows": 2662,
                                                                        "Actual Loops": 1
                                                                    }
                                                                ],
                                                                "Plans": [
                                                                    {
                                                                        "Node Type": "Nested Loop",
                                                                        "Parent Relationship": "Outer",
                                                                        "Parallel Aware": false,
                                                                        "Join Type": "Inner",
                                                                        "Startup Cost": 2.85,
                                                                        "Total Cost": 58745.63,
                                                                        "Plan Rows": 352,
                                                                        "Plan Width": 105,
                                                                        "Actual Startup Time": 3.413,
                                                                        "Actual Total Time": 2522.574,
                                                                        "Actual Rows": 14596,
                                                                        "Actual Loops": 5,
                                                                        "Output": [
                                                                            "an.person_id",
                                                                            "pi.info",
                                                                            "pi.person_id"
                                                                        ],
                                                                        "Inner Unique": false,
                                                                        "Workers": [
                                                                            {
                                                                                "Worker Number": 0,
                                                                                "Actual Startup Time": 3.905,
                                                                                "Actual Total Time": 2516.828,
                                                                                "Actual Rows": 14538,
                                                                                "Actual Loops": 1
                                                                            },
                                                                            {
                                                                                "Worker Number": 1,
                                                                                "Actual Startup Time": 4.42,
                                                                                "Actual Total Time": 2480.24,
                                                                                "Actual Rows": 13192,
                                                                                "Actual Loops": 1
                                                                            },
                                                                            {
                                                                                "Worker Number": 2,
                                                                                "Actual Startup Time": 4.553,
                                                                                "Actual Total Time": 2551.669,
                                                                                "Actual Rows": 14565,
                                                                                "Actual Loops": 1
                                                                            },
                                                                            {
                                                                                "Worker Number": 3,
                                                                                "Actual Startup Time": 3.964,
                                                                                "Actual Total Time": 2493.812,
                                                                                "Actual Rows": 14494,
                                                                                "Actual Loops": 1
                                                                            }
                                                                        ],
                                                                        "Plans": [
                                                                            {
                                                                                "Node Type": "Hash Join",
                                                                                "Parent Relationship": "Outer",
                                                                                "Parallel Aware": false,
                                                                                "Join Type": "Inner",
                                                                                "Startup Cost": 2.43,
                                                                                "Total Cost": 58521.68,
                                                                                "Plan Rows": 193,
                                                                                "Plan Width": 101,
                                                                                "Actual Startup Time": 3.049,
                                                                                "Actual Total Time": 2262.948,
                                                                                "Actual Rows": 16837,
                                                                                "Actual Loops": 5,
                                                                                "Output": [
                                                                                    "pi.info",
                                                                                    "pi.person_id"
                                                                                ],
                                                                                "Inner Unique": true,
                                                                                "Hash Cond": "(pi.info_type_id = it.id)",
                                                                                "Workers": [
                                                                                    {
                                                                                        "Worker Number": 0,
                                                                                        "Actual Startup Time": 3.464,
                                                                                        "Actual Total Time": 2242.92,
                                                                                        "Actual Rows": 16918,
                                                                                        "Actual Loops": 1
                                                                                    },
                                                                                    {
                                                                                        "Worker Number": 1,
                                                                                        "Actual Startup Time": 3.925,
                                                                                        "Actual Total Time": 2221.181,
                                                                                        "Actual Rows": 15392,
                                                                                        "Actual Loops": 1
                                                                                    },
                                                                                    {
                                                                                        "Worker Number": 2,
                                                                                        "Actual Startup Time": 4.062,
                                                                                        "Actual Total Time": 2288.334,
                                                                                        "Actual Rows": 16914,
                                                                                        "Actual Loops": 1
                                                                                    },
                                                                                    {
                                                                                        "Worker Number": 3,
                                                                                        "Actual Startup Time": 3.722,
                                                                                        "Actual Total Time": 2219.773,
                                                                                        "Actual Rows": 16805,
                                                                                        "Actual Loops": 1
                                                                                    }
                                                                                ],
                                                                                "Plans": [
                                                                                    {
                                                                                        "Node Type": "Seq Scan",
                                                                                        "Parent Relationship": "Outer",
                                                                                        "Parallel Aware": true,
                                                                                        "Relation Name": "person_info",
                                                                                        "Schema": "public",
                                                                                        "Alias": "pi",
                                                                                        "Startup Cost": 0.0,
                                                                                        "Total Cost": 58459.8,
                                                                                        "Plan Rows": 21831,
                                                                                        "Plan Width": 105,
                                                                                        "Actual Startup Time": 2.842,
                                                                                        "Actual Total Time": 2242.966,
                                                                                        "Actual Rows": 16837,
                                                                                        "Actual Loops": 5,
                                                                                        "Output": [
                                                                                            "pi.id",
                                                                                            "pi.person_id",
                                                                                            "pi.info_type_id",
                                                                                            "pi.info",
                                                                                            "pi.note"
                                                                                        ],
                                                                                        "Filter": "(pi.note IS NOT NULL)",
                                                                                        "Rows Removed by Filter": 575896,
                                                                                        "Workers": [
                                                                                            {
                                                                                                "Worker Number": 0,
                                                                                                "Actual Startup Time": 3.21,
                                                                                                "Actual Total Time": 2221.96,
                                                                                                "Actual Rows": 16918,
                                                                                                "Actual Loops": 1
                                                                                            },
                                                                                            {
                                                                                                "Worker Number": 1,
                                                                                                "Actual Startup Time": 3.699,
                                                                                                "Actual Total Time": 2201.327,
                                                                                                "Actual Rows": 15392,
                                                                                                "Actual Loops": 1
                                                                                            },
                                                                                            {
                                                                                                "Worker Number": 2,
                                                                                                "Actual Startup Time": 3.772,
                                                                                                "Actual Total Time": 2268.307,
                                                                                                "Actual Rows": 16914,
                                                                                                "Actual Loops": 1
                                                                                            },
                                                                                            {
                                                                                                "Worker Number": 3,
                                                                                                "Actual Startup Time": 3.507,
                                                                                                "Actual Total Time": 2199.746,
                                                                                                "Actual Rows": 16805,
                                                                                                "Actual Loops": 1
                                                                                            }
                                                                                        ]
                                                                                    },
                                                                                    {
                                                                                        "Node Type": "Hash",
                                                                                        "Parent Relationship": "Inner",
                                                                                        "Parallel Aware": false,
                                                                                        "Startup Cost": 2.41,
                                                                                        "Total Cost": 2.41,
                                                                                        "Plan Rows": 1,
                                                                                        "Plan Width": 4,
                                                                                        "Actual Startup Time": 0.149,
                                                                                        "Actual Total Time": 0.151,
                                                                                        "Actual Rows": 1,
                                                                                        "Actual Loops": 5,
                                                                                        "Output": [
                                                                                            "it.id"
                                                                                        ],
                                                                                        "Hash Buckets": 1024,
                                                                                        "Original Hash Buckets": 1024,
                                                                                        "Hash Batches": 1,
                                                                                        "Original Hash Batches": 1,
                                                                                        "Peak Memory Usage": 9,
                                                                                        "Workers": [
                                                                                            {
                                                                                                "Worker Number": 0,
                                                                                                "Actual Startup Time": 0.157,
                                                                                                "Actual Total Time": 0.158,
                                                                                                "Actual Rows": 1,
                                                                                                "Actual Loops": 1
                                                                                            },
                                                                                            {
                                                                                                "Worker Number": 1,
                                                                                                "Actual Startup Time": 0.168,
                                                                                                "Actual Total Time": 0.171,
                                                                                                "Actual Rows": 1,
                                                                                                "Actual Loops": 1
                                                                                            },
                                                                                            {
                                                                                                "Worker Number": 2,
                                                                                                "Actual Startup Time": 0.226,
                                                                                                "Actual Total Time": 0.228,
                                                                                                "Actual Rows": 1,
                                                                                                "Actual Loops": 1
                                                                                            },
                                                                                            {
                                                                                                "Worker Number": 3,
                                                                                                "Actual Startup Time": 0.156,
                                                                                                "Actual Total Time": 0.158,
                                                                                                "Actual Rows": 1,
                                                                                                "Actual Loops": 1
                                                                                            }
                                                                                        ],
                                                                                        "Plans": [
                                                                                            {
                                                                                                "Node Type": "Seq Scan",
                                                                                                "Parent Relationship": "Outer",
                                                                                                "Parallel Aware": false,
                                                                                                "Relation Name": "info_type",
                                                                                                "Schema": "public",
                                                                                                "Alias": "it",
                                                                                                "Startup Cost": 0.0,
                                                                                                "Total Cost": 2.41,
                                                                                                "Plan Rows": 1,
                                                                                                "Plan Width": 4,
                                                                                                "Actual Startup Time": 0.112,
                                                                                                "Actual Total Time": 0.13,
                                                                                                "Actual Rows": 1,
                                                                                                "Actual Loops": 5,
                                                                                                "Output": [
                                                                                                    "it.id"
                                                                                                ],
                                                                                                "Filter": "((it.info)::text = 'mini biography'::text)",
                                                                                                "Rows Removed by Filter": 112,
                                                                                                "Workers": [
                                                                                                    {
                                                                                                        "Worker Number": 0,
                                                                                                        "Actual Startup Time": 0.109,
                                                                                                        "Actual Total Time": 0.13,
                                                                                                        "Actual Rows": 1,
                                                                                                        "Actual Loops": 1
                                                                                                    },
                                                                                                    {
                                                                                                        "Worker Number": 1,
                                                                                                        "Actual Startup Time": 0.127,
                                                                                                        "Actual Total Time": 0.146,
                                                                                                        "Actual Rows": 1,
                                                                                                        "Actual Loops": 1
                                                                                                    },
                                                                                                    {
                                                                                                        "Worker Number": 2,
                                                                                                        "Actual Startup Time": 0.183,
                                                                                                        "Actual Total Time": 0.202,
                                                                                                        "Actual Rows": 1,
                                                                                                        "Actual Loops": 1
                                                                                                    },
                                                                                                    {
                                                                                                        "Worker Number": 3,
                                                                                                        "Actual Startup Time": 0.12,
                                                                                                        "Actual Total Time": 0.135,
                                                                                                        "Actual Rows": 1,
                                                                                                        "Actual Loops": 1
                                                                                                    }
                                                                                                ]
                                                                                            }
                                                                                        ]
                                                                                    }
                                                                                ]
                                                                            },
                                                                            {
                                                                                "Node Type": "Index Scan",
                                                                                "Parent Relationship": "Inner",
                                                                                "Parallel Aware": false,
                                                                                "Scan Direction": "Forward",
                                                                                "Index Name": "person_id_aka_name",
                                                                                "Relation Name": "aka_name",
                                                                                "Schema": "public",
                                                                                "Alias": "an",
                                                                                "Startup Cost": 0.42,
                                                                                "Total Cost": 1.14,
                                                                                "Plan Rows": 2,
                                                                                "Plan Width": 4,
                                                                                "Actual Startup Time": 0.012,
                                                                                "Actual Total Time": 0.014,
                                                                                "Actual Rows": 1,
                                                                                "Actual Loops": 84183,
                                                                                "Output": [
                                                                                    "an.id",
                                                                                    "an.person_id",
                                                                                    "an.name",
                                                                                    "an.imdb_index",
                                                                                    "an.name_pcode_cf",
                                                                                    "an.name_pcode_nf",
                                                                                    "an.surname_pcode",
                                                                                    "an.md5sum"
                                                                                ],
                                                                                "Index Cond": "(an.person_id = pi.person_id)",
                                                                                "Rows Removed by Index Recheck": 0,
                                                                                "Filter": "((an.name IS NOT NULL) AND ((an.name ~~ '%a%'::text) OR (an.name ~~ 'A%'::text)))",
                                                                                "Rows Removed by Filter": 0,
                                                                                "Workers": [
                                                                                    {
                                                                                        "Worker Number": 0,
                                                                                        "Actual Startup Time": 0.013,
                                                                                        "Actual Total Time": 0.014,
                                                                                        "Actual Rows": 1,
                                                                                        "Actual Loops": 16918
                                                                                    },
                                                                                    {
                                                                                        "Worker Number": 1,
                                                                                        "Actual Startup Time": 0.014,
                                                                                        "Actual Total Time": 0.015,
                                                                                        "Actual Rows": 1,
                                                                                        "Actual Loops": 15392
                                                                                    },
                                                                                    {
                                                                                        "Worker Number": 2,
                                                                                        "Actual Startup Time": 0.013,
                                                                                        "Actual Total Time": 0.014,
                                                                                        "Actual Rows": 1,
                                                                                        "Actual Loops": 16914
                                                                                    },
                                                                                    {
                                                                                        "Worker Number": 3,
                                                                                        "Actual Startup Time": 0.013,
                                                                                        "Actual Total Time": 0.015,
                                                                                        "Actual Rows": 1,
                                                                                        "Actual Loops": 16805
                                                                                    }
                                                                                ]
                                                                            }
                                                                        ]
                                                                    },
                                                                    {
                                                                        "Node Type": "Index Scan",
                                                                        "Parent Relationship": "Inner",
                                                                        "Parallel Aware": false,
                                                                        "Scan Direction": "Forward",
                                                                        "Index Name": "name_pkey",
                                                                        "Relation Name": "name",
                                                                        "Schema": "public",
                                                                        "Alias": "n",
                                                                        "Startup Cost": 0.43,
                                                                        "Total Cost": 0.87,
                                                                        "Plan Rows": 1,
                                                                        "Plan Width": 19,
                                                                        "Actual Startup Time": 0.014,
                                                                        "Actual Total Time": 0.014,
                                                                        "Actual Rows": 0,
                                                                        "Actual Loops": 72979,
                                                                        "Output": [
                                                                            "n.id",
                                                                            "n.name",
                                                                            "n.imdb_index",
                                                                            "n.imdb_id",
                                                                            "n.gender",
                                                                            "n.name_pcode_cf",
                                                                            "n.name_pcode_nf",
                                                                            "n.surname_pcode",
                                                                            "n.md5sum"
                                                                        ],
                                                                        "Index Cond": "(n.id = an.person_id)",
                                                                        "Rows Removed by Index Recheck": 0,
                                                                        "Filter": "(((n.name_pcode_cf)::text >= 'A'::text) AND ((n.name_pcode_cf)::text <= 'F'::text) AND (((n.gender)::text = 'm'::text) OR (((n.gender)::text = 'f'::text) AND (n.name ~~ 'A%'::text))))",
                                                                        "Rows Removed by Filter": 1,
                                                                        "Workers": [
                                                                            {
                                                                                "Worker Number": 0,
                                                                                "Actual Startup Time": 0.018,
                                                                                "Actual Total Time": 0.018,
                                                                                "Actual Rows": 0,
                                                                                "Actual Loops": 14538
                                                                            },
                                                                            {
                                                                                "Worker Number": 1,
                                                                                "Actual Startup Time": 0.015,
                                                                                "Actual Total Time": 0.015,
                                                                                "Actual Rows": 0,
                                                                                "Actual Loops": 13192
                                                                            },
                                                                            {
                                                                                "Worker Number": 2,
                                                                                "Actual Startup Time": 0.014,
                                                                                "Actual Total Time": 0.014,
                                                                                "Actual Rows": 0,
                                                                                "Actual Loops": 14565
                                                                            },
                                                                            {
                                                                                "Worker Number": 3,
                                                                                "Actual Startup Time": 0.014,
                                                                                "Actual Total Time": 0.014,
                                                                                "Actual Rows": 0,
                                                                                "Actual Loops": 14494
                                                                            }
                                                                        ]
                                                                    }
                                                                ]
                                                            },
                                                            {
                                                                "Node Type": "Index Scan",
                                                                "Parent Relationship": "Inner",
                                                                "Parallel Aware": false,
                                                                "Scan Direction": "Forward",
                                                                "Index Name": "person_id_cast_info",
                                                                "Relation Name": "cast_info",
                                                                "Schema": "public",
                                                                "Alias": "ci",
                                                                "Startup Cost": 0.56,
                                                                "Total Cost": 12.75,
                                                                "Plan Rows": 510,
                                                                "Plan Width": 8,
                                                                "Actual Startup Time": 0.788,
                                                                "Actual Total Time": 0.873,
                                                                "Actual Rows": 128,
                                                                "Actual Loops": 12595,
                                                                "Output": [
                                                                    "ci.id",
                                                                    "ci.person_id",
                                                                    "ci.movie_id",
                                                                    "ci.person_role_id",
                                                                    "ci.note",
                                                                    "ci.nr_order",
                                                                    "ci.role_id"
                                                                ],
                                                                "Index Cond": "(ci.person_id = n.id)",
                                                                "Rows Removed by Index Recheck": 0,
                                                                "Workers": [
                                                                    {
                                                                        "Worker Number": 0,
                                                                        "Actual Startup Time": 0.796,
                                                                        "Actual Total Time": 0.869,
                                                                        "Actual Rows": 112,
                                                                        "Actual Loops": 2556
                                                                    },
                                                                    {
                                                                        "Worker Number": 1,
                                                                        "Actual Startup Time": 0.871,
                                                                        "Actual Total Time": 0.982,
                                                                        "Actual Rows": 143,
                                                                        "Actual Loops": 2203
                                                                    },
                                                                    {
                                                                        "Worker Number": 2,
                                                                        "Actual Startup Time": 0.783,
                                                                        "Actual Total Time": 0.873,
                                                                        "Actual Rows": 138,
                                                                        "Actual Loops": 2472
                                                                    },
                                                                    {
                                                                        "Worker Number": 3,
                                                                        "Actual Startup Time": 0.753,
                                                                        "Actual Total Time": 0.818,
                                                                        "Actual Rows": 117,
                                                                        "Actual Loops": 2662
                                                                    }
                                                                ]
                                                            }
                                                        ]
                                                    },
                                                    {
                                                        "Node Type": "Index Scan",
                                                        "Parent Relationship": "Inner",
                                                        "Parallel Aware": false,
                                                        "Scan Direction": "Forward",
                                                        "Index Name": "linked_movie_id_movie_link",
                                                        "Relation Name": "movie_link",
                                                        "Schema": "public",
                                                        "Alias": "ml",
                                                        "Startup Cost": 0.29,
                                                        "Total Cost": 0.32,
                                                        "Plan Rows": 2,
                                                        "Plan Width": 8,
                                                        "Actual Startup Time": 0.002,
                                                        "Actual Total Time": 0.002,
                                                        "Actual Rows": 0,
                                                        "Actual Loops": 1618304,
                                                        "Output": [
                                                            "ml.id",
                                                            "ml.movie_id",
                                                            "ml.linked_movie_id",
                                                            "ml.link_type_id"
                                                        ],
                                                        "Index Cond": "(ml.linked_movie_id = ci.movie_id)",
                                                        "Rows Removed by Index Recheck": 0,
                                                        "Workers": [
                                                            {
                                                                "Worker Number": 0,
                                                                "Actual Startup Time": 0.003,
                                                                "Actual Total Time": 0.003,
                                                                "Actual Rows": 0,
                                                                "Actual Loops": 287464
                                                            },
                                                            {
                                                                "Worker Number": 1,
                                                                "Actual Startup Time": 0.002,
                                                                "Actual Total Time": 0.003,
                                                                "Actual Rows": 0,
                                                                "Actual Loops": 315262
                                                            },
                                                            {
                                                                "Worker Number": 2,
                                                                "Actual Startup Time": 0.002,
                                                                "Actual Total Time": 0.002,
                                                                "Actual Rows": 0,
                                                                "Actual Loops": 342148
                                                            },
                                                            {
                                                                "Worker Number": 3,
                                                                "Actual Startup Time": 0.002,
                                                                "Actual Total Time": 0.002,
                                                                "Actual Rows": 0,
                                                                "Actual Loops": 311119
                                                            }
                                                        ]
                                                    }
                                                ]
                                            },
                                            {
                                                "Node Type": "Hash",
                                                "Parent Relationship": "Inner",
                                                "Parallel Aware": false,
                                                "Startup Cost": 1.27,
                                                "Total Cost": 1.27,
                                                "Plan Rows": 4,
                                                "Plan Width": 4,
                                                "Actual Startup Time": 0.116,
                                                "Actual Total Time": 0.117,
                                                "Actual Rows": 4,
                                                "Actual Loops": 5,
                                                "Output": [
                                                    "lt.id"
                                                ],
                                                "Hash Buckets": 1024,
                                                "Original Hash Buckets": 1024,
                                                "Hash Batches": 1,
                                                "Original Hash Batches": 1,
                                                "Peak Memory Usage": 9,
                                                "Workers": [
                                                    {
                                                        "Worker Number": 0,
                                                        "Actual Startup Time": 0.126,
                                                        "Actual Total Time": 0.128,
                                                        "Actual Rows": 4,
                                                        "Actual Loops": 1
                                                    },
                                                    {
                                                        "Worker Number": 1,
                                                        "Actual Startup Time": 0.113,
                                                        "Actual Total Time": 0.114,
                                                        "Actual Rows": 4,
                                                        "Actual Loops": 1
                                                    },
                                                    {
                                                        "Worker Number": 2,
                                                        "Actual Startup Time": 0.134,
                                                        "Actual Total Time": 0.135,
                                                        "Actual Rows": 4,
                                                        "Actual Loops": 1
                                                    },
                                                    {
                                                        "Worker Number": 3,
                                                        "Actual Startup Time": 0.149,
                                                        "Actual Total Time": 0.151,
                                                        "Actual Rows": 4,
                                                        "Actual Loops": 1
                                                    }
                                                ],
                                                "Plans": [
                                                    {
                                                        "Node Type": "Seq Scan",
                                                        "Parent Relationship": "Outer",
                                                        "Parallel Aware": false,
                                                        "Relation Name": "link_type",
                                                        "Schema": "public",
                                                        "Alias": "lt",
                                                        "Startup Cost": 0.0,
                                                        "Total Cost": 1.27,
                                                        "Plan Rows": 4,
                                                        "Plan Width": 4,
                                                        "Actual Startup Time": 0.074,
                                                        "Actual Total Time": 0.085,
                                                        "Actual Rows": 4,
                                                        "Actual Loops": 5,
                                                        "Output": [
                                                            "lt.id"
                                                        ],
                                                        "Filter": "((lt.link)::text = ANY ('{references,\"referenced in\",features,\"featured in\"}'::text[]))",
                                                        "Rows Removed by Filter": 14,
                                                        "Workers": [
                                                            {
                                                                "Worker Number": 0,
                                                                "Actual Startup Time": 0.08,
                                                                "Actual Total Time": 0.092,
                                                                "Actual Rows": 4,
                                                                "Actual Loops": 1
                                                            },
                                                            {
                                                                "Worker Number": 1,
                                                                "Actual Startup Time": 0.071,
                                                                "Actual Total Time": 0.082,
                                                                "Actual Rows": 4,
                                                                "Actual Loops": 1
                                                            },
                                                            {
                                                                "Worker Number": 2,
                                                                "Actual Startup Time": 0.091,
                                                                "Actual Total Time": 0.102,
                                                                "Actual Rows": 4,
                                                                "Actual Loops": 1
                                                            },
                                                            {
                                                                "Worker Number": 3,
                                                                "Actual Startup Time": 0.102,
                                                                "Actual Total Time": 0.114,
                                                                "Actual Rows": 4,
                                                                "Actual Loops": 1
                                                            }
                                                        ]
                                                    }
                                                ]
                                            }
                                        ]
                                    },
                                    {
                                        "Node Type": "Index Scan",
                                        "Parent Relationship": "Inner",
                                        "Parallel Aware": false,
                                        "Scan Direction": "Forward",
                                        "Index Name": "title_pkey",
                                        "Relation Name": "title",
                                        "Schema": "public",
                                        "Alias": "t",
                                        "Startup Cost": 0.43,
                                        "Total Cost": 0.46,
                                        "Plan Rows": 1,
                                        "Plan Width": 4,
                                        "Actual Startup Time": 0.007,
                                        "Actual Total Time": 0.007,
                                        "Actual Rows": 1,
                                        "Actual Loops": 109842,
                                        "Output": [
                                            "t.id",
                                            "t.title",
                                            "t.imdb_index",
                                            "t.kind_id",
                                            "t.production_year",
                                            "t.imdb_id",
                                            "t.phonetic_code",
                                            "t.episode_of_id",
                                            "t.season_nr",
                                            "t.episode_nr",
                                            "t.series_years",
                                            "t.md5sum"
                                        ],
                                        "Index Cond": "(t.id = ci.movie_id)",
                                        "Rows Removed by Index Recheck": 0,
                                        "Filter": "((t.production_year >= 1980) AND (t.production_year <= 2010))",
                                        "Rows Removed by Filter": 0,
                                        "Workers": [
                                            {
                                                "Worker Number": 0,
                                                "Actual Startup Time": 0.007,
                                                "Actual Total Time": 0.007,
                                                "Actual Rows": 1,
                                                "Actual Loops": 23371
                                            },
                                            {
                                                "Worker Number": 1,
                                                "Actual Startup Time": 0.007,
                                                "Actual Total Time": 0.007,
                                                "Actual Rows": 1,
                                                "Actual Loops": 20167
                                            },
                                            {
                                                "Worker Number": 2,
                                                "Actual Startup Time": 0.007,
                                                "Actual Total Time": 0.007,
                                                "Actual Rows": 1,
                                                "Actual Loops": 24191
                                            },
                                            {
                                                "Worker Number": 3,
                                                "Actual Startup Time": 0.007,
                                                "Actual Total Time": 0.007,
                                                "Actual Rows": 1,
                                                "Actual Loops": 21530
                                            }
                                        ]
                                    }
                                ]
                            }
                        ]
                    }
                ]
            }
        ]
    },
    "Planning Time": 13.375,
    "Triggers": [],
    "Execution Time": 6439.717
}