{
  "Plan": {
    "Node Type": "Aggregate",
    "Strategy": "Plain",
    "Partial Mode": "Finalize",
    "Parallel Aware": false,
    "Startup Cost": 79738.59,
    "Total Cost": 79738.6,
    "Plan Rows": 1,
    "Plan Width": 8,
    "Actual Startup Time": 167.571,
    "Actual Total Time": 174.469,
    "Actual Rows": 1,
    "Actual Loops": 1,
    "Plans": [
      {
        "Node Type": "Gather",
        "Parent Relationship": "Outer",
        "Parallel Aware": false,
        "Startup Cost": 79738.48,
        "Total Cost": 79738.59,
        "Plan Rows": 1,
        "Plan Width": 8,
        "Actual Startup Time": 167.074,
        "Actual Total Time": 174.462,
        "Actual Rows": 2,
        "Actual Loops": 1,
        "Workers Planned": 1,
        "Workers Launched": 1,
        "Single Copy": false,
        "Plans": [
          {
            "Node Type": "Aggregate",
            "Strategy": "Plain",
            "Partial Mode": "Partial",
            "Parent Relationship": "Outer",
            "Parallel Aware": false,
            "Startup Cost": 78738.48,
            "Total Cost": 78738.49,
            "Plan Rows": 1,
            "Plan Width": 8,
            "Actual Startup Time": 161.098,
            "Actual Total Time": 161.102,
            "Actual Rows": 1,
            "Actual Loops": 2,
            "Plans": [
              {
                "Node Type": "Hash Join",
                "Parent Relationship": "Outer",
                "Parallel Aware": true,
                "Join Type": "Inner",
                "Startup Cost": 35832.86,
                "Total Cost": 78716.48,
                "Plan Rows": 8799,
                "Plan Width": 0,
                "Actual Startup Time": 87.786,
                "Actual Total Time": 159.981,
                "Actual Rows": 23152,
                "Actual Loops": 2,
                "Inner Unique": false,
                "Hash Cond": "(t.id = mc.movie_id)",
                "Plans": [
                  {
                    "Node Type": "Bitmap Heap Scan",
                    "Parent Relationship": "Outer",
                    "Parallel Aware": true,
                    "Relation Name": "title",
                    "Alias": "t",
                    "Startup Cost": 11889.6,
                    "Total Cost": 53739.86,
                    "Plan Rows": 157057,
                    "Plan Width": 4,
                    "Actual Startup Time": 21.083,
                    "Actual Total Time": 76.36,
                    "Actual Rows": 187098,
                    "Actual Loops": 2,
                    "Recheck Cond": "(kind_id < 2)",
                    "Rows Removed by Index Recheck": 0,
                    "Filter": "(production_year < 2000)",
                    "Rows Removed by Filter": 144314,
                    "Exact Heap Blocks": 7517,
                    "Lossy Heap Blocks": 0,
                    "Plans": [
                      {
                        "Node Type": "Bitmap Index Scan",
                        "Parent Relationship": "Outer",
                        "Parallel Aware": false,
                        "Index Name": "kind_id_title",
                        "Startup Cost": 0.0,
                        "Total Cost": 11822.85,
                        "Plan Rows": 663256,
                        "Plan Width": 0,
                        "Actual Startup Time": 19.276,
                        "Actual Total Time": 19.276,
                        "Actual Rows": 662825,
                        "Actual Loops": 1,
                        "Index Cond": "(kind_id < 2)"
                      }
                    ]
                  },
                  {
                    "Node Type": "Hash",
                    "Parent Relationship": "Inner",
                    "Parallel Aware": true,
                    "Startup Cost": 22901.73,
                    "Total Cost": 22901.73,
                    "Plan Rows": 83322,
                    "Plan Width": 4,
                    "Actual Startup Time": 51.396,
                    "Actual Total Time": 51.398,
                    "Actual Rows": 69212,
                    "Actual Loops": 2,
                    "Hash Buckets": 262144,
                    "Original Hash Buckets": 262144,
                    "Hash Batches": 1,
                    "Original Hash Batches": 1,
                    "Peak Memory Usage": 7488,
                    "Plans": [
                      {
                        "Node Type": "Bitmap Heap Scan",
                        "Parent Relationship": "Outer",
                        "Parallel Aware": true,
                        "Relation Name": "movie_companies",
                        "Alias": "mc",
                        "Startup Cost": 3070.2,
                        "Total Cost": 22901.73,
                        "Plan Rows": 83322,
                        "Plan Width": 4,
                        "Actual Startup Time": 10.469,
                        "Actual Total Time": 34.464,
                        "Actual Rows": 69212,
                        "Actual Loops": 2,
                        "Recheck Cond": "(company_id > 137077)",
                        "Rows Removed by Index Recheck": 0,
                        "Exact Heap Blocks": 2871,
                        "Lossy Heap Blocks": 0,
                        "Plans": [
                          {
                            "Node Type": "Bitmap Index Scan",
                            "Parent Relationship": "Outer",
                            "Parallel Aware": false,
                            "Index Name": "company_id_movie_companies",
                            "Startup Cost": 0.0,
                            "Total Cost": 3034.79,
                            "Plan Rows": 141648,
                            "Plan Width": 0,
                            "Actual Startup Time": 12.152,
                            "Actual Total Time": 12.152,
                            "Actual Rows": 138423,
                            "Actual Loops": 1,
                            "Index Cond": "(company_id > 137077)"
                          }
                        ]
                      }
                    ]
                  }
                ]
              }
            ]
          }
        ]
      }
    ]
  },
  "Planning Time": 0.517,
  "Triggers": [],
  "Execution Time": 174.55
}