[
  {
    "Plan": {
      "Node Type": "Aggregate",
      "Strategy": "Plain",
      "Partial Mode": "Finalize",
      "Parallel Aware": false,
      "Startup Cost": 230817.29,
      "Total Cost": 230817.3,
      "Plan Rows": 1,
      "Plan Width": 8,
      "Actual Startup Time": 154.569,
      "Actual Total Time": 166.152,
      "Actual Rows": 1,
      "Actual Loops": 1,
      "Plans": [
        {
          "Node Type": "Gather",
          "Parent Relationship": "Outer",
          "Parallel Aware": false,
          "Startup Cost": 230816.77,
          "Total Cost": 230817.28,
          "Plan Rows": 5,
          "Plan Width": 8,
          "Actual Startup Time": 154.262,
          "Actual Total Time": 166.14,
          "Actual Rows": 6,
          "Actual Loops": 1,
          "Workers Planned": 5,
          "Workers Launched": 5,
          "Single Copy": false,
          "Plans": [
            {
              "Node Type": "Aggregate",
              "Strategy": "Plain",
              "Partial Mode": "Partial",
              "Parent Relationship": "Outer",
              "Parallel Aware": false,
              "Startup Cost": 229816.77,
              "Total Cost": 229816.78,
              "Plan Rows": 1,
              "Plan Width": 8,
              "Actual Startup Time": 147.587,
              "Actual Total Time": 147.588,
              "Actual Rows": 1,
              "Actual Loops": 6,
              "Plans": [
                {
                  "Node Type": "Nested Loop",
                  "Parent Relationship": "Outer",
                  "Parallel Aware": false,
                  "Join Type": "Inner",
                  "Startup Cost": 2542.5,
                  "Total Cost": 229778.41,
                  "Plan Rows": 15342,
                  "Plan Width": 0,
                  "Actual Startup Time": 2.441,
                  "Actual Total Time": 144.519,
                  "Actual Rows": 48914,
                  "Actual Loops": 6,
                  "Inner Unique": false,
                  "Plans": [
                    {
                      "Node Type": "Nested Loop",
                      "Parent Relationship": "Outer",
                      "Parallel Aware": false,
                      "Join Type": "Inner",
                      "Startup Cost": 2542.07,
                      "Total Cost": 214812.48,
                      "Plan Rows": 28109,
                      "Plan Width": 8,
                      "Actual Startup Time": 2.286,
                      "Actual Total Time": 80.325,
                      "Actual Rows": 23344,
                      "Actual Loops": 6,
                      "Inner Unique": true,
                      "Plans": [
                        {
                          "Node Type": "Bitmap Heap Scan",
                          "Parent Relationship": "Outer",
                          "Parallel Aware": true,
                          "Relation Name": "movie_info",
                          "Alias": "mi",
                          "Startup Cost": 2541.64,
                          "Total Cost": 166232.39,
                          "Plan Rows": 28109,
                          "Plan Width": 4,
                          "Actual Startup Time": 2.13,
                          "Actual Total Time": 6.418,
                          "Actual Rows": 23344,
                          "Actual Loops": 6,
                          "Recheck Cond": "(info_type_id = 9)",
                          "Rows Removed by Index Recheck": 0,
                          "Exact Heap Blocks": 374,
                          "Lossy Heap Blocks": 0,
                          "Plans": [
                            {
                              "Node Type": "Bitmap Index Scan",
                              "Parent Relationship": "Outer",
                              "Parallel Aware": false,
                              "Index Name": "info_type_id_movie_info",
                              "Startup Cost": 0.0,
                              "Total Cost": 2506.51,
                              "Plan Rows": 140543,
                              "Plan Width": 0,
                              "Actual Startup Time": 5.933,
                              "Actual Total Time": 5.934,
                              "Actual Rows": 140065,
                              "Actual Loops": 1,
                              "Index Cond": "(info_type_id = 9)"
                            }
                          ]
                        },
                        {
                          "Node Type": "Index Only Scan",
                          "Parent Relationship": "Inner",
                          "Parallel Aware": false,
                          "Scan Direction": "Forward",
                          "Index Name": "title_pkey",
                          "Relation Name": "title",
                          "Alias": "t",
                          "Startup Cost": 0.43,
                          "Total Cost": 1.73,
                          "Plan Rows": 1,
                          "Plan Width": 4,
                          "Actual Startup Time": 0.003,
                          "Actual Total Time": 0.003,
                          "Actual Rows": 1,
                          "Actual Loops": 140065,
                          "Index Cond": "(id = mi.movie_id)",
                          "Rows Removed by Index Recheck": 0,
                          "Heap Fetches": 140065
                        }
                      ]
                    },
                    {
                      "Node Type": "Index Only Scan",
                      "Parent Relationship": "Inner",
                      "Parallel Aware": false,
                      "Scan Direction": "Forward",
                      "Index Name": "movie_id_movie_info_idx",
                      "Relation Name": "movie_info_idx",
                      "Alias": "mi_idx",
                      "Startup Cost": 0.43,
                      "Total Cost": 0.5,
                      "Plan Rows": 3,
                      "Plan Width": 4,
                      "Actual Startup Time": 0.002,
                      "Actual Total Time": 0.002,
                      "Actual Rows": 2,
                      "Actual Loops": 140065,
                      "Index Cond": "(movie_id = t.id)",
                      "Rows Removed by Index Recheck": 0,
                      "Heap Fetches": 293487
                    }
                  ]
                }
              ]
            }
          ]
        }
      ]
    },
    "Planning Time": 0.489,
    "Triggers": [],
    "Execution Time": 166.204
  }
]