[
  {
    "Plan": {
      "Node Type": "Aggregate",
      "Strategy": "Plain",
      "Partial Mode": "Finalize",
      "Parallel Aware": false,
      "Startup Cost": 231676.99,
      "Total Cost": 231677.0,
      "Plan Rows": 1,
      "Plan Width": 8,
      "Actual Startup Time": 194.901,
      "Actual Total Time": 207.041,
      "Actual Rows": 1,
      "Actual Loops": 1,
      "Plans": [
        {
          "Node Type": "Gather",
          "Parent Relationship": "Outer",
          "Parallel Aware": false,
          "Startup Cost": 231676.46,
          "Total Cost": 231676.97,
          "Plan Rows": 5,
          "Plan Width": 8,
          "Actual Startup Time": 194.857,
          "Actual Total Time": 207.036,
          "Actual Rows": 6,
          "Actual Loops": 1,
          "Workers Planned": 5,
          "Workers Launched": 5,
          "Single Copy": false,
          "Plans": [
            {
              "Node Type": "Aggregate",
              "Strategy": "Plain",
              "Partial Mode": "Partial",
              "Parent Relationship": "Outer",
              "Parallel Aware": false,
              "Startup Cost": 230676.46,
              "Total Cost": 230676.47,
              "Plan Rows": 1,
              "Plan Width": 8,
              "Actual Startup Time": 183.852,
              "Actual Total Time": 183.854,
              "Actual Rows": 1,
              "Actual Loops": 6,
              "Plans": [
                {
                  "Node Type": "Nested Loop",
                  "Parent Relationship": "Outer",
                  "Parallel Aware": false,
                  "Join Type": "Inner",
                  "Startup Cost": 2585.02,
                  "Total Cost": 230637.6,
                  "Plan Rows": 15547,
                  "Plan Width": 0,
                  "Actual Startup Time": 13.664,
                  "Actual Total Time": 180.897,
                  "Actual Rows": 48914,
                  "Actual Loops": 6,
                  "Inner Unique": false,
                  "Plans": [
                    {
                      "Node Type": "Nested Loop",
                      "Parent Relationship": "Outer",
                      "Parallel Aware": false,
                      "Join Type": "Inner",
                      "Startup Cost": 2584.59,
                      "Total Cost": 215472.5,
                      "Plan Rows": 28483,
                      "Plan Width": 8,
                      "Actual Startup Time": 13.407,
                      "Actual Total Time": 108.321,
                      "Actual Rows": 23344,
                      "Actual Loops": 6,
                      "Inner Unique": true,
                      "Plans": [
                        {
                          "Node Type": "Bitmap Heap Scan",
                          "Parent Relationship": "Outer",
                          "Parallel Aware": true,
                          "Relation Name": "movie_info",
                          "Alias": "mi",
                          "Startup Cost": 2584.16,
                          "Total Cost": 166725.81,
                          "Plan Rows": 28483,
                          "Plan Width": 4,
                          "Actual Startup Time": 13.181,
                          "Actual Total Time": 17.88,
                          "Actual Rows": 23344,
                          "Actual Loops": 6,
                          "Recheck Cond": "(info_type_id = 9)",
                          "Rows Removed by Index Recheck": 0,
                          "Exact Heap Blocks": 358,
                          "Lossy Heap Blocks": 0,
                          "Plans": [
                            {
                              "Node Type": "Bitmap Index Scan",
                              "Parent Relationship": "Outer",
                              "Parallel Aware": false,
                              "Index Name": "info_type_id_movie_info",
                              "Startup Cost": 0.0,
                              "Total Cost": 2548.55,
                              "Plan Rows": 142416,
                              "Plan Width": 0,
                              "Actual Startup Time": 22.361,
                              "Actual Total Time": 22.362,
                              "Actual Rows": 140065,
                              "Actual Loops": 1,
                              "Index Cond": "(info_type_id = 9)"
                            }
                          ]
                        },
                        {
                          "Node Type": "Index Only Scan",
                          "Parent Relationship": "Inner",
                          "Parallel Aware": false,
                          "Scan Direction": "Forward",
                          "Index Name": "title_pkey",
                          "Relation Name": "title",
                          "Alias": "t",
                          "Startup Cost": 0.43,
                          "Total Cost": 1.71,
                          "Plan Rows": 1,
                          "Plan Width": 4,
                          "Actual Startup Time": 0.004,
                          "Actual Total Time": 0.004,
                          "Actual Rows": 1,
                          "Actual Loops": 140065,
                          "Index Cond": "(id = mi.movie_id)",
                          "Rows Removed by Index Recheck": 0,
                          "Heap Fetches": 140065
                        }
                      ]
                    },
                    {
                      "Node Type": "Index Only Scan",
                      "Parent Relationship": "Inner",
                      "Parallel Aware": false,
                      "Scan Direction": "Forward",
                      "Index Name": "movie_id_movie_info_idx",
                      "Relation Name": "movie_info_idx",
                      "Alias": "mi_idx",
                      "Startup Cost": 0.43,
                      "Total Cost": 0.5,
                      "Plan Rows": 3,
                      "Plan Width": 4,
                      "Actual Startup Time": 0.002,
                      "Actual Total Time": 0.003,
                      "Actual Rows": 2,
                      "Actual Loops": 140065,
                      "Index Cond": "(movie_id = t.id)",
                      "Rows Removed by Index Recheck": 0,
                      "Heap Fetches": 293487
                    }
                  ]
                }
              ]
            }
          ]
        }
      ]
    },
    "Planning Time": 1.354,
    "Triggers": [],
    "Execution Time": 207.135
  }
]