{
  "Plan": {
    "Node Type": "Aggregate",
    "Strategy": "Plain",
    "Partial Mode": "Finalize",
    "Parallel Aware": false,
    "Startup Cost": 588224.05,
    "Total Cost": 588224.06,
    "Plan Rows": 1,
    "Plan Width": 8,
    "Actual Startup Time": 1903.533,
    "Actual Total Time": 1929.84,
    "Actual Rows": 1,
    "Actual Loops": 1,
    "Plans": [
      {
        "Node Type": "Gather",
        "Parent Relationship": "Outer",
        "Parallel Aware": false,
        "Startup Cost": 588223.94,
        "Total Cost": 588224.05,
        "Plan Rows": 1,
        "Plan Width": 8,
        "Actual Startup Time": 1901.939,
        "Actual Total Time": 1929.831,
        "Actual Rows": 2,
        "Actual Loops": 1,
        "Workers Planned": 1,
        "Workers Launched": 1,
        "Single Copy": false,
        "Plans": [
          {
            "Node Type": "Aggregate",
            "Strategy": "Plain",
            "Partial Mode": "Partial",
            "Parent Relationship": "Outer",
            "Parallel Aware": false,
            "Startup Cost": 587223.94,
            "Total Cost": 587223.95,
            "Plan Rows": 1,
            "Plan Width": 8,
            "Actual Startup Time": 1895.663,
            "Actual Total Time": 1895.669,
            "Actual Rows": 1,
            "Actual Loops": 2,
            "Plans": [
              {
                "Node Type": "Hash Join",
                "Parent Relationship": "Outer",
                "Parallel Aware": true,
                "Join Type": "Inner",
                "Startup Cost": 253413.33,
                "Total Cost": 585609.71,
                "Plan Rows": 645694,
                "Plan Width": 0,
                "Actual Startup Time": 462.025,
                "Actual Total Time": 1862.701,
                "Actual Rows": 621560,
                "Actual Loops": 2,
                "Inner Unique": true,
                "Hash Cond": "(ci.movie_id = t.id)",
                "Plans": [
                  {
                    "Node Type": "Bitmap Heap Scan",
                    "Parent Relationship": "Outer",
                    "Parallel Aware": true,
                    "Relation Name": "cast_info",
                    "Alias": "ci",
                    "Startup Cost": 197379.13,
                    "Total Cost": 515776.34,
                    "Plan Rows": 5256817,
                    "Plan Width": 4,
                    "Actual Startup Time": 303.698,
                    "Actual Total Time": 828.506,
                    "Actual Rows": 4432786,
                    "Actual Loops": 2,
                    "Recheck Cond": "(person_id > 2806512)",
                    "Rows Removed by Index Recheck": 0,
                    "Exact Heap Blocks": 64092,
                    "Lossy Heap Blocks": 0,
                    "Plans": [
                      {
                        "Node Type": "Bitmap Index Scan",
                        "Parent Relationship": "Outer",
                        "Parallel Aware": false,
                        "Index Name": "person_id_cast_info",
                        "Startup Cost": 0.0,
                        "Total Cost": 195144.98,
                        "Plan Rows": 8936589,
                        "Plan Width": 0,
                        "Actual Startup Time": 286.26,
                        "Actual Total Time": 286.265,
                        "Actual Rows": 8865573,
                        "Actual Loops": 1,
                        "Index Cond": "(person_id > 2806512)"
                      }
                    ]
                  },
                  {
                    "Node Type": "Hash",
                    "Parent Relationship": "Inner",
                    "Parallel Aware": true,
                    "Startup Cost": 53750.75,
                    "Total Cost": 53750.75,
                    "Plan Rows": 182676,
                    "Plan Width": 4,
                    "Actual Startup Time": 152.072,
                    "Actual Total Time": 152.073,
                    "Actual Rows": 200370,
                    "Actual Loops": 2,
                    "Hash Buckets": 524288,
                    "Original Hash Buckets": 524288,
                    "Hash Batches": 1,
                    "Original Hash Batches": 1,
                    "Peak Memory Usage": 19808,
                    "Plans": [
                      {
                        "Node Type": "Bitmap Heap Scan",
                        "Parent Relationship": "Outer",
                        "Parallel Aware": true,
                        "Relation Name": "title",
                        "Alias": "t",
                        "Startup Cost": 11900.49,
                        "Total Cost": 53750.75,
                        "Plan Rows": 182676,
                        "Plan Width": 4,
                        "Actual Startup Time": 35.148,
                        "Actual Total Time": 106.506,
                        "Actual Rows": 200370,
                        "Actual Loops": 2,
                        "Recheck Cond": "(kind_id = 1)",
                        "Rows Removed by Index Recheck": 0,
                        "Filter": "(production_year < 2003)",
                        "Rows Removed by Filter": 131042,
                        "Exact Heap Blocks": 8995,
                        "Lossy Heap Blocks": 0,
                        "Plans": [
                          {
                            "Node Type": "Bitmap Index Scan",
                            "Parent Relationship": "Outer",
                            "Parallel Aware": false,
                            "Index Name": "kind_id_title",
                            "Startup Cost": 0.0,
                            "Total Cost": 11822.85,
                            "Plan Rows": 663256,
                            "Plan Width": 0,
                            "Actual Startup Time": 33.388,
                            "Actual Total Time": 33.388,
                            "Actual Rows": 662825,
                            "Actual Loops": 1,
                            "Index Cond": "(kind_id = 1)"
                          }
                        ]
                      }
                    ]
                  }
                ]
              }
            ]
          }
        ]
      }
    ]
  },
  "Planning Time": 0.704,
  "Triggers": [],
  "Execution Time": 1929.947
}