[
  {
    "Plan": {
      "Node Type": "Aggregate",
      "Strategy": "Plain",
      "Partial Mode": "Finalize",
      "Parallel Aware": false,
      "Startup Cost": 327047.44,
      "Total Cost": 327047.45,
      "Plan Rows": 1,
      "Plan Width": 8,
      "Actual Startup Time": 279.223,
      "Actual Total Time": 290.784,
      "Actual Rows": 1,
      "Actual Loops": 1,
      "Plans": [
        {
          "Node Type": "Gather",
          "Parent Relationship": "Outer",
          "Parallel Aware": false,
          "Startup Cost": 327046.82,
          "Total Cost": 327047.43,
          "Plan Rows": 6,
          "Plan Width": 8,
          "Actual Startup Time": 278.385,
          "Actual Total Time": 290.776,
          "Actual Rows": 7,
          "Actual Loops": 1,
          "Workers Planned": 6,
          "Workers Launched": 6,
          "Single Copy": false,
          "Plans": [
            {
              "Node Type": "Aggregate",
              "Strategy": "Plain",
              "Partial Mode": "Partial",
              "Parent Relationship": "Outer",
              "Parallel Aware": false,
              "Startup Cost": 326046.82,
              "Total Cost": 326046.83,
              "Plan Rows": 1,
              "Plan Width": 8,
              "Actual Startup Time": 267.389,
              "Actual Total Time": 267.391,
              "Actual Rows": 1,
              "Actual Loops": 7,
              "Plans": [
                {
                  "Node Type": "Bitmap Heap Scan",
                  "Parent Relationship": "Outer",
                  "Parallel Aware": true,
                  "Relation Name": "cast_info",
                  "Alias": "ci",
                  "Startup Cost": 65900.49,
                  "Total Cost": 324803.6,
                  "Plan Rows": 497289,
                  "Plan Width": 0,
                  "Actual Startup Time": 124.22,
                  "Actual Total Time": 245.156,
                  "Actual Rows": 410173,
                  "Actual Loops": 7,
                  "Recheck Cond": "(person_id > 3521389)",
                  "Rows Removed by Index Recheck": 0,
                  "Exact Heap Blocks": 9702,
                  "Lossy Heap Blocks": 0,
                  "Plans": [
                    {
                      "Node Type": "Bitmap Index Scan",
                      "Parent Relationship": "Outer",
                      "Parallel Aware": false,
                      "Index Name": "person_id_cast_info",
                      "Startup Cost": 0.0,
                      "Total Cost": 65154.56,
                      "Plan Rows": 2983732,
                      "Plan Width": 0,
                      "Actual Startup Time": 127.297,
                      "Actual Total Time": 127.297,
                      "Actual Rows": 2871212,
                      "Actual Loops": 1,
                      "Index Cond": "(person_id > 3521389)"
                    }
                  ]
                }
              ]
            }
          ]
        }
      ]
    },
    "Planning Time": 0.177,
    "Triggers": [],
    "Execution Time": 290.854
  }
]