{
  "Plan": {
    "Node Type": "Aggregate",
    "Strategy": "Plain",
    "Partial Mode": "Finalize",
    "Parallel Aware": false,
    "Startup Cost": 204294.27,
    "Total Cost": 204294.28,
    "Plan Rows": 1,
    "Plan Width": 8,
    "Actual Startup Time": 196.475,
    "Actual Total Time": 219.335,
    "Actual Rows": 1,
    "Actual Loops": 1,
    "Plans": [
      {
        "Node Type": "Gather",
        "Parent Relationship": "Outer",
        "Parallel Aware": false,
        "Startup Cost": 204294.16,
        "Total Cost": 204294.27,
        "Plan Rows": 1,
        "Plan Width": 8,
        "Actual Startup Time": 196.356,
        "Actual Total Time": 219.327,
        "Actual Rows": 2,
        "Actual Loops": 1,
        "Workers Planned": 1,
        "Workers Launched": 1,
        "Single Copy": false,
        "Plans": [
          {
            "Node Type": "Aggregate",
            "Strategy": "Plain",
            "Partial Mode": "Partial",
            "Parent Relationship": "Outer",
            "Parallel Aware": false,
            "Startup Cost": 203294.16,
            "Total Cost": 203294.17,
            "Plan Rows": 1,
            "Plan Width": 8,
            "Actual Startup Time": 189.494,
            "Actual Total Time": 189.496,
            "Actual Rows": 1,
            "Actual Loops": 2,
            "Plans": [
              {
                "Node Type": "Nested Loop",
                "Parent Relationship": "Outer",
                "Parallel Aware": false,
                "Join Type": "Inner",
                "Startup Cost": 0.43,
                "Total Cost": 203281.03,
                "Plan Rows": 5251,
                "Plan Width": 0,
                "Actual Startup Time": 104.467,
                "Actual Total Time": 188.437,
                "Actual Rows": 15160,
                "Actual Loops": 2,
                "Inner Unique": false,
                "Plans": [
                  {
                    "Node Type": "Seq Scan",
                    "Parent Relationship": "Outer",
                    "Parallel Aware": true,
                    "Relation Name": "title",
                    "Alias": "t",
                    "Startup Cost": 0.0,
                    "Total Cost": 54588.39,
                    "Plan Rows": 1065,
                    "Plan Width": 4,
                    "Actual Startup Time": 104.381,
                    "Actual Total Time": 149.546,
                    "Actual Rows": 1458,
                    "Actual Loops": 2,
                    "Filter": "(production_year = 1927)",
                    "Rows Removed by Filter": 1262698
                  },
                  {
                    "Node Type": "Index Scan",
                    "Parent Relationship": "Inner",
                    "Parallel Aware": false,
                    "Scan Direction": "Forward",
                    "Index Name": "movie_id_movie_info",
                    "Relation Name": "movie_info",
                    "Alias": "mi",
                    "Startup Cost": 0.43,
                    "Total Cost": 139.27,
                    "Plan Rows": 35,
                    "Plan Width": 4,
                    "Actual Startup Time": 0.01,
                    "Actual Total Time": 0.025,
                    "Actual Rows": 10,
                    "Actual Loops": 2915,
                    "Index Cond": "(movie_id = t.id)",
                    "Rows Removed by Index Recheck": 0,
                    "Filter": "(info_type_id < 17)",
                    "Rows Removed by Filter": 1
                  }
                ]
              }
            ]
          }
        ]
      }
    ]
  },
  "Planning Time": 0.449,
  "Triggers": [],
  "Execution Time": 219.413
}