[
  {
    "Plan": {
      "Node Type": "Aggregate",
      "Strategy": "Plain",
      "Partial Mode": "Finalize",
      "Parallel Aware": false,
      "Startup Cost": 459460.91,
      "Total Cost": 459460.92,
      "Plan Rows": 1,
      "Plan Width": 8,
      "Actual Startup Time": 2442.259,
      "Actual Total Time": 2519.327,
      "Actual Rows": 1,
      "Actual Loops": 1,
      "Plans": [
        {
          "Node Type": "Gather",
          "Parent Relationship": "Outer",
          "Parallel Aware": false,
          "Startup Cost": 459460.28,
          "Total Cost": 459460.89,
          "Plan Rows": 6,
          "Plan Width": 8,
          "Actual Startup Time": 2406.687,
          "Actual Total Time": 2519.315,
          "Actual Rows": 7,
          "Actual Loops": 1,
          "Workers Planned": 6,
          "Workers Launched": 6,
          "Single Copy": false,
          "Plans": [
            {
              "Node Type": "Aggregate",
              "Strategy": "Plain",
              "Partial Mode": "Partial",
              "Parent Relationship": "Outer",
              "Parallel Aware": false,
              "Startup Cost": 458460.28,
              "Total Cost": 458460.29,
              "Plan Rows": 1,
              "Plan Width": 8,
              "Actual Startup Time": 2388.539,
              "Actual Total Time": 2388.547,
              "Actual Rows": 1,
              "Actual Loops": 7,
              "Plans": [
                {
                  "Node Type": "Hash Join",
                  "Parent Relationship": "Outer",
                  "Parallel Aware": true,
                  "Join Type": "Inner",
                  "Startup Cost": 97233.64,
                  "Total Cost": 454377.11,
                  "Plan Rows": 1633268,
                  "Plan Width": 0,
                  "Actual Startup Time": 956.596,
                  "Actual Total Time": 2202.112,
                  "Actual Rows": 3135085,
                  "Actual Loops": 7,
                  "Inner Unique": false,
                  "Hash Cond": "(ci.movie_id = t.id)",
                  "Plans": [
                    {
                      "Node Type": "Seq Scan",
                      "Parent Relationship": "Outer",
                      "Parallel Aware": true,
                      "Relation Name": "cast_info",
                      "Alias": "ci",
                      "Startup Cost": 0.0,
                      "Total Cost": 343316.27,
                      "Plan Rows": 2282291,
                      "Plan Width": 4,
                      "Actual Startup Time": 286.611,
                      "Actual Total Time": 840.189,
                      "Actual Rows": 1241127,
                      "Actual Loops": 7,
                      "Filter": "((person_id < 2162694) AND (role_id > 1))",
                      "Rows Removed by Filter": 3936637
                    },
                    {
                      "Node Type": "Hash",
                      "Parent Relationship": "Inner",
                      "Parallel Aware": true,
                      "Startup Cost": 89937.64,
                      "Total Cost": 89937.64,
                      "Plan Rows": 583680,
                      "Plan Width": 8,
                      "Actual Startup Time": 664.638,
                      "Actual Total Time": 664.643,
                      "Actual Rows": 345829,
                      "Actual Loops": 7,
                      "Hash Buckets": 4194304,
                      "Original Hash Buckets": 2097152,
                      "Hash Batches": 1,
                      "Original Hash Batches": 1,
                      "Peak Memory Usage": 143968,
                      "Plans": [
                        {
                          "Node Type": "Hash Join",
                          "Parent Relationship": "Outer",
                          "Parallel Aware": true,
                          "Join Type": "Inner",
                          "Startup Cost": 47059.56,
                          "Total Cost": 89937.64,
                          "Plan Rows": 583680,
                          "Plan Width": 8,
                          "Actual Startup Time": 191.733,
                          "Actual Total Time": 428.871,
                          "Actual Rows": 345829,
                          "Actual Loops": 7,
                          "Inner Unique": true,
                          "Hash Cond": "(mk.movie_id = t.id)",
                          "Plans": [
                            {
                              "Node Type": "Seq Scan",
                              "Parent Relationship": "Outer",
                              "Parallel Aware": true,
                              "Relation Name": "movie_keyword",
                              "Alias": "mk",
                              "Startup Cost": 0.0,
                              "Total Cost": 39047.32,
                              "Plan Rows": 1459332,
                              "Plan Width": 4,
                              "Actual Startup Time": 0.023,
                              "Actual Total Time": 92.026,
                              "Actual Rows": 646276,
                              "Actual Loops": 7
                            },
                            {
                              "Node Type": "Hash",
                              "Parent Relationship": "Inner",
                              "Parallel Aware": true,
                              "Startup Cost": 43899.32,
                              "Total Cost": 43899.32,
                              "Plan Rows": 252819,
                              "Plan Width": 4,
                              "Actual Startup Time": 190.042,
                              "Actual Total Time": 190.043,
                              "Actual Rows": 145965,
                              "Actual Loops": 7,
                              "Hash Buckets": 1048576,
                              "Original Hash Buckets": 1048576,
                              "Hash Batches": 1,
                              "Original Hash Batches": 1,
                              "Peak Memory Usage": 48320,
                              "Plans": [
                                {
                                  "Node Type": "Seq Scan",
                                  "Parent Relationship": "Outer",
                                  "Parallel Aware": true,
                                  "Relation Name": "title",
                                  "Alias": "t",
                                  "Startup Cost": 0.0,
                                  "Total Cost": 43899.32,
                                  "Plan Rows": 252819,
                                  "Plan Width": 4,
                                  "Actual Startup Time": 0.062,
                                  "Actual Total Time": 105.046,
                                  "Actual Rows": 145965,
                                  "Actual Loops": 7,
                                  "Filter": "(production_year < 2000)",
                                  "Rows Removed by Filter": 215223
                                }
                              ]
                            }
                          ]
                        }
                      ]
                    }
                  ]
                }
              ]
            }
          ]
        }
      ]
    },
    "Planning Time": 1.305,
    "Triggers": [],
    "Execution Time": 2519.433
  }
]