[
  {
    "Plan": {
      "Node Type": "Aggregate",
      "Strategy": "Plain",
      "Partial Mode": "Finalize",
      "Parallel Aware": false,
      "Startup Cost": 32238.71,
      "Total Cost": 32238.72,
      "Plan Rows": 1,
      "Plan Width": 8,
      "Actual Startup Time": 132.814,
      "Actual Total Time": 142.097,
      "Actual Rows": 1,
      "Actual Loops": 1,
      "Plans": [
        {
          "Node Type": "Gather",
          "Parent Relationship": "Outer",
          "Parallel Aware": false,
          "Startup Cost": 32238.4,
          "Total Cost": 32238.71,
          "Plan Rows": 3,
          "Plan Width": 8,
          "Actual Startup Time": 132.663,
          "Actual Total Time": 142.09,
          "Actual Rows": 4,
          "Actual Loops": 1,
          "Workers Planned": 3,
          "Workers Launched": 3,
          "Single Copy": false,
          "Plans": [
            {
              "Node Type": "Aggregate",
              "Strategy": "Plain",
              "Partial Mode": "Partial",
              "Parent Relationship": "Outer",
              "Parallel Aware": false,
              "Startup Cost": 31238.4,
              "Total Cost": 31238.41,
              "Plan Rows": 1,
              "Plan Width": 8,
              "Actual Startup Time": 125.788,
              "Actual Total Time": 125.789,
              "Actual Rows": 1,
              "Actual Loops": 4,
              "Plans": [
                {
                  "Node Type": "Seq Scan",
                  "Parent Relationship": "Outer",
                  "Parallel Aware": true,
                  "Relation Name": "movie_companies",
                  "Alias": "mc",
                  "Startup Cost": 0.0,
                  "Total Cost": 29310.68,
                  "Plan Rows": 771086,
                  "Plan Width": 0,
                  "Actual Startup Time": 0.042,
                  "Actual Total Time": 93.436,
                  "Actual Rows": 598696,
                  "Actual Loops": 4,
                  "Filter": "(company_id > 69)",
                  "Rows Removed by Filter": 53586
                }
              ]
            }
          ]
        }
      ]
    },
    "Planning Time": 0.083,
    "Triggers": [],
    "Execution Time": 142.126
  }
]