{
  "Plan": {
    "Node Type": "Aggregate",
    "Strategy": "Plain",
    "Partial Mode": "Finalize",
    "Parallel Aware": false,
    "Startup Cost": 116705.8,
    "Total Cost": 116705.81,
    "Plan Rows": 1,
    "Plan Width": 8,
    "Actual Startup Time": 371.814,
    "Actual Total Time": 384.667,
    "Actual Rows": 1,
    "Actual Loops": 1,
    "Plans": [
      {
        "Node Type": "Gather",
        "Parent Relationship": "Outer",
        "Parallel Aware": false,
        "Startup Cost": 116705.69,
        "Total Cost": 116705.8,
        "Plan Rows": 1,
        "Plan Width": 8,
        "Actual Startup Time": 371.689,
        "Actual Total Time": 384.66,
        "Actual Rows": 2,
        "Actual Loops": 1,
        "Workers Planned": 1,
        "Workers Launched": 1,
        "Single Copy": false,
        "Plans": [
          {
            "Node Type": "Aggregate",
            "Strategy": "Plain",
            "Partial Mode": "Partial",
            "Parent Relationship": "Outer",
            "Parallel Aware": false,
            "Startup Cost": 115705.69,
            "Total Cost": 115705.7,
            "Plan Rows": 1,
            "Plan Width": 8,
            "Actual Startup Time": 368.784,
            "Actual Total Time": 368.787,
            "Actual Rows": 1,
            "Actual Loops": 2,
            "Plans": [
              {
                "Node Type": "Hash Join",
                "Parent Relationship": "Outer",
                "Parallel Aware": true,
                "Join Type": "Inner",
                "Startup Cost": 54693.74,
                "Total Cost": 115688.01,
                "Plan Rows": 7072,
                "Plan Width": 0,
                "Actual Startup Time": 128.355,
                "Actual Total Time": 368.453,
                "Actual Rows": 6722,
                "Actual Loops": 2,
                "Inner Unique": true,
                "Hash Cond": "(mk.movie_id = t.id)",
                "Plans": [
                  {
                    "Node Type": "Seq Scan",
                    "Parent Relationship": "Outer",
                    "Parallel Aware": true,
                    "Relation Name": "movie_keyword",
                    "Alias": "mk",
                    "Startup Cost": 0.0,
                    "Total Cost": 57718.19,
                    "Plan Rows": 1248029,
                    "Plan Width": 4,
                    "Actual Startup Time": 0.011,
                    "Actual Total Time": 170.736,
                    "Actual Rows": 1061342,
                    "Actual Loops": 2,
                    "Filter": "(keyword_id < 3908)",
                    "Rows Removed by Filter": 1200624
                  },
                  {
                    "Node Type": "Hash",
                    "Parent Relationship": "Inner",
                    "Parallel Aware": true,
                    "Startup Cost": 54588.39,
                    "Total Cost": 54588.39,
                    "Plan Rows": 8428,
                    "Plan Width": 4,
                    "Actual Startup Time": 126.555,
                    "Actual Total Time": 126.556,
                    "Actual Rows": 7500,
                    "Actual Loops": 2,
                    "Hash Buckets": 16384,
                    "Original Hash Buckets": 16384,
                    "Hash Batches": 1,
                    "Original Hash Batches": 1,
                    "Peak Memory Usage": 768,
                    "Plans": [
                      {
                        "Node Type": "Seq Scan",
                        "Parent Relationship": "Outer",
                        "Parallel Aware": true,
                        "Relation Name": "title",
                        "Alias": "t",
                        "Startup Cost": 0.0,
                        "Total Cost": 54588.39,
                        "Plan Rows": 8428,
                        "Plan Width": 4,
                        "Actual Startup Time": 0.074,
                        "Actual Total Time": 124.112,
                        "Actual Rows": 7500,
                        "Actual Loops": 2,
                        "Filter": "(production_year = 1970)",
                        "Rows Removed by Filter": 1256656
                      }
                    ]
                  }
                ]
              }
            ]
          }
        ]
      }
    ]
  },
  "Planning Time": 0.401,
  "Triggers": [],
  "Execution Time": 384.732
}