[
    {
        "Bao": {
            "Bao prediction": "NaN",
            "Bao recommended hint": "(no hint)"
        }
    },
    {
        "Plan": {
            "Node Type": "Aggregate",
            "Strategy": "Plain",
            "Partial Mode": "Finalize",
            "Parallel Aware": false,
            "Startup Cost": 90515.91,
            "Total Cost": 90515.92,
            "Plan Rows": 1,
            "Plan Width": 8,
            "Actual Startup Time": 359.94,
            "Actual Total Time": 369.868,
            "Actual Rows": 1,
            "Actual Loops": 1,
            "Output": [
                "count(*)"
            ],
            "Plans": [
                {
                    "Node Type": "Gather",
                    "Parent Relationship": "Outer",
                    "Parallel Aware": false,
                    "Startup Cost": 90515.49,
                    "Total Cost": 90515.9,
                    "Plan Rows": 4,
                    "Plan Width": 8,
                    "Actual Startup Time": 352.776,
                    "Actual Total Time": 369.858,
                    "Actual Rows": 5,
                    "Actual Loops": 1,
                    "Output": [
                        "(PARTIAL count(*))"
                    ],
                    "Workers Planned": 4,
                    "Workers Launched": 4,
                    "Single Copy": false,
                    "Plans": [
                        {
                            "Node Type": "Aggregate",
                            "Strategy": "Plain",
                            "Partial Mode": "Partial",
                            "Parent Relationship": "Outer",
                            "Parallel Aware": false,
                            "Startup Cost": 89515.49,
                            "Total Cost": 89515.5,
                            "Plan Rows": 1,
                            "Plan Width": 8,
                            "Actual Startup Time": 339.741,
                            "Actual Total Time": 340.026,
                            "Actual Rows": 1,
                            "Actual Loops": 5,
                            "Output": [
                                "PARTIAL count(*)"
                            ],
                            "Workers": [
                                {
                                    "Worker Number": 0,
                                    "Actual Startup Time": 336.46,
                                    "Actual Total Time": 336.466,
                                    "Actual Rows": 1,
                                    "Actual Loops": 1
                                },
                                {
                                    "Worker Number": 1,
                                    "Actual Startup Time": 336.508,
                                    "Actual Total Time": 336.515,
                                    "Actual Rows": 1,
                                    "Actual Loops": 1
                                },
                                {
                                    "Worker Number": 2,
                                    "Actual Startup Time": 336.535,
                                    "Actual Total Time": 336.541,
                                    "Actual Rows": 1,
                                    "Actual Loops": 1
                                },
                                {
                                    "Worker Number": 3,
                                    "Actual Startup Time": 337.315,
                                    "Actual Total Time": 337.321,
                                    "Actual Rows": 1,
                                    "Actual Loops": 1
                                }
                            ],
                            "Plans": [
                                {
                                    "Node Type": "Hash Join",
                                    "Parent Relationship": "Outer",
                                    "Parallel Aware": true,
                                    "Join Type": "Inner",
                                    "Startup Cost": 44461.66,
                                    "Total Cost": 89433.66,
                                    "Plan Rows": 32732,
                                    "Plan Width": 0,
                                    "Actual Startup Time": 200.033,
                                    "Actual Total Time": 337.108,
                                    "Actual Rows": 58597,
                                    "Actual Loops": 5,
                                    "Inner Unique": false,
                                    "Hash Cond": "(t.id = mc.movie_id)",
                                    "Workers": [
                                        {
                                            "Worker Number": 0,
                                            "Actual Startup Time": 197.074,
                                            "Actual Total Time": 333.681,
                                            "Actual Rows": 58069,
                                            "Actual Loops": 1
                                        },
                                        {
                                            "Worker Number": 1,
                                            "Actual Startup Time": 196.802,
                                            "Actual Total Time": 333.348,
                                            "Actual Rows": 40130,
                                            "Actual Loops": 1
                                        },
                                        {
                                            "Worker Number": 2,
                                            "Actual Startup Time": 197.073,
                                            "Actual Total Time": 333.733,
                                            "Actual Rows": 58964,
                                            "Actual Loops": 1
                                        },
                                        {
                                            "Worker Number": 3,
                                            "Actual Startup Time": 196.992,
                                            "Actual Total Time": 334.44,
                                            "Actual Rows": 60169,
                                            "Actual Loops": 1
                                        }
                                    ],
                                    "Plans": [
                                        {
                                            "Node Type": "Seq Scan",
                                            "Parent Relationship": "Outer",
                                            "Parallel Aware": true,
                                            "Relation Name": "title",
                                            "Schema": "public",
                                            "Alias": "t",
                                            "Startup Cost": 0.0,
                                            "Total Cost": 42318.81,
                                            "Plan Rows": 632080,
                                            "Plan Width": 4,
                                            "Actual Startup Time": 0.022,
                                            "Actual Total Time": 59.475,
                                            "Actual Rows": 505662,
                                            "Actual Loops": 5,
                                            "Output": [
                                                "t.id",
                                                "t.title",
                                                "t.imdb_index",
                                                "t.kind_id",
                                                "t.production_year",
                                                "t.imdb_id",
                                                "t.phonetic_code",
                                                "t.episode_of_id",
                                                "t.season_nr",
                                                "t.episode_nr",
                                                "t.series_years",
                                                "t.md5sum"
                                            ],
                                            "Workers": [
                                                {
                                                    "Worker Number": 0,
                                                    "Actual Startup Time": 0.037,
                                                    "Actual Total Time": 60.901,
                                                    "Actual Rows": 482485,
                                                    "Actual Loops": 1
                                                },
                                                {
                                                    "Worker Number": 1,
                                                    "Actual Startup Time": 0.017,
                                                    "Actual Total Time": 62.312,
                                                    "Actual Rows": 427573,
                                                    "Actual Loops": 1
                                                },
                                                {
                                                    "Worker Number": 2,
                                                    "Actual Startup Time": 0.036,
                                                    "Actual Total Time": 61.122,
                                                    "Actual Rows": 487769,
                                                    "Actual Loops": 1
                                                },
                                                {
                                                    "Worker Number": 3,
                                                    "Actual Startup Time": 0.013,
                                                    "Actual Total Time": 61.476,
                                                    "Actual Rows": 502427,
                                                    "Actual Loops": 1
                                                }
                                            ]
                                        },
                                        {
                                            "Node Type": "Hash",
                                            "Parent Relationship": "Inner",
                                            "Parallel Aware": true,
                                            "Startup Cost": 43047.19,
                                            "Total Cost": 43047.19,
                                            "Plan Rows": 113158,
                                            "Plan Width": 8,
                                            "Actual Startup Time": 198.098,
                                            "Actual Total Time": 198.381,
                                            "Actual Rows": 58597,
                                            "Actual Loops": 5,
                                            "Output": [
                                                "mc.movie_id",
                                                "ci.movie_id"
                                            ],
                                            "Hash Buckets": 524288,
                                            "Original Hash Buckets": 524288,
                                            "Hash Batches": 1,
                                            "Original Hash Batches": 1,
                                            "Peak Memory Usage": 15680,
                                            "Workers": [
                                                {
                                                    "Worker Number": 0,
                                                    "Actual Startup Time": 196.279,
                                                    "Actual Total Time": 196.284,
                                                    "Actual Rows": 56163,
                                                    "Actual Loops": 1
                                                },
                                                {
                                                    "Worker Number": 1,
                                                    "Actual Startup Time": 196.245,
                                                    "Actual Total Time": 196.25,
                                                    "Actual Rows": 60712,
                                                    "Actual Loops": 1
                                                },
                                                {
                                                    "Worker Number": 2,
                                                    "Actual Startup Time": 196.352,
                                                    "Actual Total Time": 196.357,
                                                    "Actual Rows": 56457,
                                                    "Actual Loops": 1
                                                },
                                                {
                                                    "Worker Number": 3,
                                                    "Actual Startup Time": 196.492,
                                                    "Actual Total Time": 196.496,
                                                    "Actual Rows": 59838,
                                                    "Actual Loops": 1
                                                }
                                            ],
                                            "Plans": [
                                                {
                                                    "Node Type": "Hash Join",
                                                    "Parent Relationship": "Outer",
                                                    "Parallel Aware": true,
                                                    "Join Type": "Inner",
                                                    "Startup Cost": 33729.55,
                                                    "Total Cost": 43047.19,
                                                    "Plan Rows": 113158,
                                                    "Plan Width": 8,
                                                    "Actual Startup Time": 144.889,
                                                    "Actual Total Time": 183.291,
                                                    "Actual Rows": 58597,
                                                    "Actual Loops": 5,
                                                    "Output": [
                                                        "mc.movie_id",
                                                        "ci.movie_id"
                                                    ],
                                                    "Inner Unique": false,
                                                    "Hash Cond": "(ci.movie_id = mc.movie_id)",
                                                    "Workers": [
                                                        {
                                                            "Worker Number": 0,
                                                            "Actual Startup Time": 143.199,
                                                            "Actual Total Time": 181.131,
                                                            "Actual Rows": 56163,
                                                            "Actual Loops": 1
                                                        },
                                                        {
                                                            "Worker Number": 1,
                                                            "Actual Startup Time": 143.118,
                                                            "Actual Total Time": 180.958,
                                                            "Actual Rows": 60712,
                                                            "Actual Loops": 1
                                                        },
                                                        {
                                                            "Worker Number": 2,
                                                            "Actual Startup Time": 143.006,
                                                            "Actual Total Time": 180.818,
                                                            "Actual Rows": 56457,
                                                            "Actual Loops": 1
                                                        },
                                                        {
                                                            "Worker Number": 3,
                                                            "Actual Startup Time": 143.151,
                                                            "Actual Total Time": 181.109,
                                                            "Actual Rows": 59838,
                                                            "Actual Loops": 1
                                                        }
                                                    ],
                                                    "Plans": [
                                                        {
                                                            "Node Type": "Index Scan",
                                                            "Parent Relationship": "Outer",
                                                            "Parallel Aware": true,
                                                            "Scan Direction": "Forward",
                                                            "Index Name": "role_id_cast_info",
                                                            "Relation Name": "cast_info",
                                                            "Schema": "public",
                                                            "Alias": "ci",
                                                            "Startup Cost": 0.56,
                                                            "Total Cost": 8465.91,
                                                            "Plan Rows": 97454,
                                                            "Plan Width": 4,
                                                            "Actual Startup Time": 0.109,
                                                            "Actual Total Time": 10.778,
                                                            "Actual Rows": 63224,
                                                            "Actual Loops": 5,
                                                            "Output": [
                                                                "ci.id",
                                                                "ci.person_id",
                                                                "ci.movie_id",
                                                                "ci.person_role_id",
                                                                "ci.note",
                                                                "ci.nr_order",
                                                                "ci.role_id"
                                                            ],
                                                            "Index Cond": "(ci.role_id > 10)",
                                                            "Rows Removed by Index Recheck": 0,
                                                            "Workers": [
                                                                {
                                                                    "Worker Number": 0,
                                                                    "Actual Startup Time": 0.18,
                                                                    "Actual Total Time": 11.161,
                                                                    "Actual Rows": 61230,
                                                                    "Actual Loops": 1
                                                                },
                                                                {
                                                                    "Worker Number": 1,
                                                                    "Actual Startup Time": 0.136,
                                                                    "Actual Total Time": 11.091,
                                                                    "Actual Rows": 62400,
                                                                    "Actual Loops": 1
                                                                },
                                                                {
                                                                    "Worker Number": 2,
                                                                    "Actual Startup Time": 0.105,
                                                                    "Actual Total Time": 11.06,
                                                                    "Actual Rows": 61620,
                                                                    "Actual Loops": 1
                                                                },
                                                                {
                                                                    "Worker Number": 3,
                                                                    "Actual Startup Time": 0.077,
                                                                    "Actual Total Time": 10.855,
                                                                    "Actual Rows": 61838,
                                                                    "Actual Loops": 1
                                                                }
                                                            ]
                                                        },
                                                        {
                                                            "Node Type": "Hash",
                                                            "Parent Relationship": "Inner",
                                                            "Parallel Aware": true,
                                                            "Startup Cost": 29310.68,
                                                            "Total Cost": 29310.68,
                                                            "Plan Rows": 353464,
                                                            "Plan Width": 4,
                                                            "Actual Startup Time": 141.733,
                                                            "Actual Total Time": 141.734,
                                                            "Actual Rows": 219957,
                                                            "Actual Loops": 5,
                                                            "Output": [
                                                                "mc.movie_id"
                                                            ],
                                                            "Hash Buckets": 2097152,
                                                            "Original Hash Buckets": 2097152,
                                                            "Hash Batches": 1,
                                                            "Original Hash Batches": 1,
                                                            "Peak Memory Usage": 59488,
                                                            "Workers": [
                                                                {
                                                                    "Worker Number": 0,
                                                                    "Actual Startup Time": 142.737,
                                                                    "Actual Total Time": 142.738,
                                                                    "Actual Rows": 200355,
                                                                    "Actual Loops": 1
                                                                },
                                                                {
                                                                    "Worker Number": 1,
                                                                    "Actual Startup Time": 142.821,
                                                                    "Actual Total Time": 142.823,
                                                                    "Actual Rows": 214899,
                                                                    "Actual Loops": 1
                                                                },
                                                                {
                                                                    "Worker Number": 2,
                                                                    "Actual Startup Time": 142.827,
                                                                    "Actual Total Time": 142.829,
                                                                    "Actual Rows": 203109,
                                                                    "Actual Loops": 1
                                                                },
                                                                {
                                                                    "Worker Number": 3,
                                                                    "Actual Startup Time": 143.024,
                                                                    "Actual Total Time": 143.025,
                                                                    "Actual Rows": 217673,
                                                                    "Actual Loops": 1
                                                                }
                                                            ],
                                                            "Plans": [
                                                                {
                                                                    "Node Type": "Seq Scan",
                                                                    "Parent Relationship": "Outer",
                                                                    "Parallel Aware": true,
                                                                    "Relation Name": "movie_companies",
                                                                    "Schema": "public",
                                                                    "Alias": "mc",
                                                                    "Startup Cost": 0.0,
                                                                    "Total Cost": 29310.68,
                                                                    "Plan Rows": 353464,
                                                                    "Plan Width": 4,
                                                                    "Actual Startup Time": 16.23,
                                                                    "Actual Total Time": 68.354,
                                                                    "Actual Rows": 219957,
                                                                    "Actual Loops": 5,
                                                                    "Output": [
                                                                        "mc.movie_id"
                                                                    ],
                                                                    "Filter": "(mc.company_id > 14060)",
                                                                    "Rows Removed by Filter": 301868,
                                                                    "Workers": [
                                                                        {
                                                                            "Worker Number": 0,
                                                                            "Actual Startup Time": 16.14,
                                                                            "Actual Total Time": 68.322,
                                                                            "Actual Rows": 200355,
                                                                            "Actual Loops": 1
                                                                        },
                                                                        {
                                                                            "Worker Number": 1,
                                                                            "Actual Startup Time": 16.257,
                                                                            "Actual Total Time": 69.528,
                                                                            "Actual Rows": 214899,
                                                                            "Actual Loops": 1
                                                                        },
                                                                        {
                                                                            "Worker Number": 2,
                                                                            "Actual Startup Time": 16.187,
                                                                            "Actual Total Time": 68.903,
                                                                            "Actual Rows": 203109,
                                                                            "Actual Loops": 1
                                                                        },
                                                                        {
                                                                            "Worker Number": 3,
                                                                            "Actual Startup Time": 16.251,
                                                                            "Actual Total Time": 69.712,
                                                                            "Actual Rows": 217673,
                                                                            "Actual Loops": 1
                                                                        }
                                                                    ]
                                                                }
                                                            ]
                                                        }
                                                    ]
                                                }
                                            ]
                                        }
                                    ]
                                }
                            ]
                        }
                    ]
                }
            ]
        },
        "Planning Time": 194.379,
        "Triggers": [],
        "Execution Time": 369.997
    }
]