[
    {
        "Bao": {
            "Bao prediction": 1302.142,
            "Bao recommended hint": "SET enable_nestloop TO off; "
        }
    },
    {
        "Plan": {
            "Node Type": "Aggregate",
            "Strategy": "Plain",
            "Partial Mode": "Finalize",
            "Parallel Aware": false,
            "Startup Cost": 580274.53,
            "Total Cost": 580274.54,
            "Plan Rows": 1,
            "Plan Width": 8,
            "Actual Startup Time": 2318.205,
            "Actual Total Time": 2353.435,
            "Actual Rows": 1,
            "Actual Loops": 1,
            "Output": [
                "count(*)"
            ],
            "Plans": [
                {
                    "Node Type": "Gather",
                    "Parent Relationship": "Outer",
                    "Parallel Aware": false,
                    "Startup Cost": 580274.01,
                    "Total Cost": 580274.52,
                    "Plan Rows": 5,
                    "Plan Width": 8,
                    "Actual Startup Time": 2313.914,
                    "Actual Total Time": 2353.425,
                    "Actual Rows": 6,
                    "Actual Loops": 1,
                    "Output": [
                        "(PARTIAL count(*))"
                    ],
                    "Workers Planned": 5,
                    "Workers Launched": 5,
                    "Single Copy": false,
                    "Plans": [
                        {
                            "Node Type": "Aggregate",
                            "Strategy": "Plain",
                            "Partial Mode": "Partial",
                            "Parent Relationship": "Outer",
                            "Parallel Aware": false,
                            "Startup Cost": 579274.01,
                            "Total Cost": 579274.02,
                            "Plan Rows": 1,
                            "Plan Width": 8,
                            "Actual Startup Time": 2303.88,
                            "Actual Total Time": 2303.913,
                            "Actual Rows": 1,
                            "Actual Loops": 6,
                            "Output": [
                                "PARTIAL count(*)"
                            ],
                            "Workers": [
                                {
                                    "Worker Number": 0,
                                    "Actual Startup Time": 2301.853,
                                    "Actual Total Time": 2301.858,
                                    "Actual Rows": 1,
                                    "Actual Loops": 1
                                },
                                {
                                    "Worker Number": 1,
                                    "Actual Startup Time": 2301.87,
                                    "Actual Total Time": 2301.875,
                                    "Actual Rows": 1,
                                    "Actual Loops": 1
                                },
                                {
                                    "Worker Number": 2,
                                    "Actual Startup Time": 2301.955,
                                    "Actual Total Time": 2301.959,
                                    "Actual Rows": 1,
                                    "Actual Loops": 1
                                },
                                {
                                    "Worker Number": 3,
                                    "Actual Startup Time": 2302.661,
                                    "Actual Total Time": 2302.664,
                                    "Actual Rows": 1,
                                    "Actual Loops": 1
                                },
                                {
                                    "Worker Number": 4,
                                    "Actual Startup Time": 2301.992,
                                    "Actual Total Time": 2301.996,
                                    "Actual Rows": 1,
                                    "Actual Loops": 1
                                }
                            ],
                            "Plans": [
                                {
                                    "Node Type": "Hash Join",
                                    "Parent Relationship": "Outer",
                                    "Parallel Aware": true,
                                    "Join Type": "Inner",
                                    "Startup Cost": 376506.61,
                                    "Total Cost": 578743.02,
                                    "Plan Rows": 212395,
                                    "Plan Width": 0,
                                    "Actual Startup Time": 1964.665,
                                    "Actual Total Time": 2284.046,
                                    "Actual Rows": 496522,
                                    "Actual Loops": 6,
                                    "Inner Unique": false,
                                    "Hash Cond": "(mi.movie_id = t.id)",
                                    "Workers": [
                                        {
                                            "Worker Number": 0,
                                            "Actual Startup Time": 1962.942,
                                            "Actual Total Time": 2282.466,
                                            "Actual Rows": 476400,
                                            "Actual Loops": 1
                                        },
                                        {
                                            "Worker Number": 1,
                                            "Actual Startup Time": 1963.252,
                                            "Actual Total Time": 2283.939,
                                            "Actual Rows": 441326,
                                            "Actual Loops": 1
                                        },
                                        {
                                            "Worker Number": 2,
                                            "Actual Startup Time": 1963.205,
                                            "Actual Total Time": 2280.97,
                                            "Actual Rows": 518376,
                                            "Actual Loops": 1
                                        },
                                        {
                                            "Worker Number": 3,
                                            "Actual Startup Time": 1962.877,
                                            "Actual Total Time": 2283.907,
                                            "Actual Rows": 460648,
                                            "Actual Loops": 1
                                        },
                                        {
                                            "Worker Number": 4,
                                            "Actual Startup Time": 1962.393,
                                            "Actual Total Time": 2279.959,
                                            "Actual Rows": 546977,
                                            "Actual Loops": 1
                                        }
                                    ],
                                    "Plans": [
                                        {
                                            "Node Type": "Seq Scan",
                                            "Parent Relationship": "Outer",
                                            "Parallel Aware": true,
                                            "Relation Name": "movie_info",
                                            "Schema": "public",
                                            "Alias": "mi",
                                            "Startup Cost": 0.0,
                                            "Total Cost": 198880.74,
                                            "Plan Rows": 600336,
                                            "Plan Width": 4,
                                            "Actual Startup Time": 61.855,
                                            "Actual Total Time": 253.806,
                                            "Actual Rows": 506120,
                                            "Actual Loops": 6,
                                            "Output": [
                                                "mi.id",
                                                "mi.movie_id",
                                                "mi.info_type_id",
                                                "mi.info",
                                                "mi.note"
                                            ],
                                            "Filter": "(mi.info_type_id = 16)",
                                            "Rows Removed by Filter": 1966500,
                                            "Workers": [
                                                {
                                                    "Worker Number": 0,
                                                    "Actual Startup Time": 61.879,
                                                    "Actual Total Time": 255.646,
                                                    "Actual Rows": 506720,
                                                    "Actual Loops": 1
                                                },
                                                {
                                                    "Worker Number": 1,
                                                    "Actual Startup Time": 61.874,
                                                    "Actual Total Time": 257.188,
                                                    "Actual Rows": 525035,
                                                    "Actual Loops": 1
                                                },
                                                {
                                                    "Worker Number": 2,
                                                    "Actual Startup Time": 61.853,
                                                    "Actual Total Time": 253.926,
                                                    "Actual Rows": 497938,
                                                    "Actual Loops": 1
                                                },
                                                {
                                                    "Worker Number": 3,
                                                    "Actual Startup Time": 61.886,
                                                    "Actual Total Time": 255.811,
                                                    "Actual Rows": 512469,
                                                    "Actual Loops": 1
                                                },
                                                {
                                                    "Worker Number": 4,
                                                    "Actual Startup Time": 61.781,
                                                    "Actual Total Time": 253.055,
                                                    "Actual Rows": 489907,
                                                    "Actual Loops": 1
                                                }
                                            ]
                                        },
                                        {
                                            "Node Type": "Hash",
                                            "Parent Relationship": "Inner",
                                            "Parallel Aware": true,
                                            "Startup Cost": 374643.06,
                                            "Total Cost": 374643.06,
                                            "Plan Rows": 149084,
                                            "Plan Width": 8,
                                            "Actual Startup Time": 1898.307,
                                            "Actual Total Time": 1898.338,
                                            "Actual Rows": 135777,
                                            "Actual Loops": 6,
                                            "Output": [
                                                "t.id",
                                                "ci.movie_id"
                                            ],
                                            "Hash Buckets": 1048576,
                                            "Original Hash Buckets": 1048576,
                                            "Hash Batches": 1,
                                            "Original Hash Batches": 1,
                                            "Peak Memory Usage": 40128,
                                            "Workers": [
                                                {
                                                    "Worker Number": 0,
                                                    "Actual Startup Time": 1899.59,
                                                    "Actual Total Time": 1899.593,
                                                    "Actual Rows": 129163,
                                                    "Actual Loops": 1
                                                },
                                                {
                                                    "Worker Number": 1,
                                                    "Actual Startup Time": 1899.45,
                                                    "Actual Total Time": 1899.453,
                                                    "Actual Rows": 130378,
                                                    "Actual Loops": 1
                                                },
                                                {
                                                    "Worker Number": 2,
                                                    "Actual Startup Time": 1899.643,
                                                    "Actual Total Time": 1899.646,
                                                    "Actual Rows": 132449,
                                                    "Actual Loops": 1
                                                },
                                                {
                                                    "Worker Number": 3,
                                                    "Actual Startup Time": 1899.535,
                                                    "Actual Total Time": 1899.537,
                                                    "Actual Rows": 128696,
                                                    "Actual Loops": 1
                                                },
                                                {
                                                    "Worker Number": 4,
                                                    "Actual Startup Time": 1899.557,
                                                    "Actual Total Time": 1899.561,
                                                    "Actual Rows": 129891,
                                                    "Actual Loops": 1
                                                }
                                            ],
                                            "Plans": [
                                                {
                                                    "Node Type": "Hash Join",
                                                    "Parent Relationship": "Outer",
                                                    "Parallel Aware": true,
                                                    "Join Type": "Inner",
                                                    "Startup Cost": 45674.16,
                                                    "Total Cost": 374643.06,
                                                    "Plan Rows": 149084,
                                                    "Plan Width": 8,
                                                    "Actual Startup Time": 93.606,
                                                    "Actual Total Time": 1831.709,
                                                    "Actual Rows": 135777,
                                                    "Actual Loops": 6,
                                                    "Output": [
                                                        "t.id",
                                                        "ci.movie_id"
                                                    ],
                                                    "Inner Unique": true,
                                                    "Hash Cond": "(ci.movie_id = t.id)",
                                                    "Workers": [
                                                        {
                                                            "Worker Number": 0,
                                                            "Actual Startup Time": 93.596,
                                                            "Actual Total Time": 1831.749,
                                                            "Actual Rows": 129163,
                                                            "Actual Loops": 1
                                                        },
                                                        {
                                                            "Worker Number": 1,
                                                            "Actual Startup Time": 93.713,
                                                            "Actual Total Time": 1830.04,
                                                            "Actual Rows": 130378,
                                                            "Actual Loops": 1
                                                        },
                                                        {
                                                            "Worker Number": 2,
                                                            "Actual Startup Time": 93.473,
                                                            "Actual Total Time": 1834.606,
                                                            "Actual Rows": 132449,
                                                            "Actual Loops": 1
                                                        },
                                                        {
                                                            "Worker Number": 3,
                                                            "Actual Startup Time": 93.528,
                                                            "Actual Total Time": 1828.48,
                                                            "Actual Rows": 128696,
                                                            "Actual Loops": 1
                                                        },
                                                        {
                                                            "Worker Number": 4,
                                                            "Actual Startup Time": 93.571,
                                                            "Actual Total Time": 1833.757,
                                                            "Actual Rows": 129891,
                                                            "Actual Loops": 1
                                                        }
                                                    ],
                                                    "Plans": [
                                                        {
                                                            "Node Type": "Seq Scan",
                                                            "Parent Relationship": "Outer",
                                                            "Parallel Aware": true,
                                                            "Relation Name": "cast_info",
                                                            "Schema": "public",
                                                            "Alias": "ci",
                                                            "Startup Cost": 0.0,
                                                            "Total Cost": 313108.29,
                                                            "Plan Rows": 6042129,
                                                            "Plan Width": 4,
                                                            "Actual Startup Time": 0.022,
                                                            "Actual Total Time": 703.576,
                                                            "Actual Rows": 6040724,
                                                            "Actual Loops": 6,
                                                            "Output": [
                                                                "ci.id",
                                                                "ci.person_id",
                                                                "ci.movie_id",
                                                                "ci.person_role_id",
                                                                "ci.note",
                                                                "ci.nr_order",
                                                                "ci.role_id"
                                                            ],
                                                            "Workers": [
                                                                {
                                                                    "Worker Number": 0,
                                                                    "Actual Startup Time": 0.024,
                                                                    "Actual Total Time": 702.678,
                                                                    "Actual Rows": 5751871,
                                                                    "Actual Loops": 1
                                                                },
                                                                {
                                                                    "Worker Number": 1,
                                                                    "Actual Startup Time": 0.028,
                                                                    "Actual Total Time": 702.481,
                                                                    "Actual Rows": 5750304,
                                                                    "Actual Loops": 1
                                                                },
                                                                {
                                                                    "Worker Number": 2,
                                                                    "Actual Startup Time": 0.024,
                                                                    "Actual Total Time": 703.06,
                                                                    "Actual Rows": 5886496,
                                                                    "Actual Loops": 1
                                                                },
                                                                {
                                                                    "Worker Number": 3,
                                                                    "Actual Startup Time": 0.019,
                                                                    "Actual Total Time": 699.578,
                                                                    "Actual Rows": 5751824,
                                                                    "Actual Loops": 1
                                                                },
                                                                {
                                                                    "Worker Number": 4,
                                                                    "Actual Startup Time": 0.021,
                                                                    "Actual Total Time": 705.706,
                                                                    "Actual Rows": 5825019,
                                                                    "Actual Loops": 1
                                                                }
                                                            ]
                                                        },
                                                        {
                                                            "Node Type": "Hash",
                                                            "Parent Relationship": "Inner",
                                                            "Parallel Aware": true,
                                                            "Startup Cost": 45479.21,
                                                            "Total Cost": 45479.21,
                                                            "Plan Rows": 15596,
                                                            "Plan Width": 4,
                                                            "Actual Startup Time": 93.246,
                                                            "Actual Total Time": 93.247,
                                                            "Actual Rows": 8962,
                                                            "Actual Loops": 6,
                                                            "Output": [
                                                                "t.id"
                                                            ],
                                                            "Hash Buckets": 65536,
                                                            "Original Hash Buckets": 65536,
                                                            "Hash Batches": 1,
                                                            "Original Hash Batches": 1,
                                                            "Peak Memory Usage": 2752,
                                                            "Workers": [
                                                                {
                                                                    "Worker Number": 0,
                                                                    "Actual Startup Time": 93.295,
                                                                    "Actual Total Time": 93.297,
                                                                    "Actual Rows": 8248,
                                                                    "Actual Loops": 1
                                                                },
                                                                {
                                                                    "Worker Number": 1,
                                                                    "Actual Startup Time": 93.331,
                                                                    "Actual Total Time": 93.333,
                                                                    "Actual Rows": 8484,
                                                                    "Actual Loops": 1
                                                                },
                                                                {
                                                                    "Worker Number": 2,
                                                                    "Actual Startup Time": 93.372,
                                                                    "Actual Total Time": 93.373,
                                                                    "Actual Rows": 8317,
                                                                    "Actual Loops": 1
                                                                },
                                                                {
                                                                    "Worker Number": 3,
                                                                    "Actual Startup Time": 93.357,
                                                                    "Actual Total Time": 93.358,
                                                                    "Actual Rows": 7976,
                                                                    "Actual Loops": 1
                                                                },
                                                                {
                                                                    "Worker Number": 4,
                                                                    "Actual Startup Time": 93.303,
                                                                    "Actual Total Time": 93.304,
                                                                    "Actual Rows": 8296,
                                                                    "Actual Loops": 1
                                                                }
                                                            ],
                                                            "Plans": [
                                                                {
                                                                    "Node Type": "Seq Scan",
                                                                    "Parent Relationship": "Outer",
                                                                    "Parallel Aware": true,
                                                                    "Relation Name": "title",
                                                                    "Schema": "public",
                                                                    "Alias": "t",
                                                                    "Startup Cost": 0.0,
                                                                    "Total Cost": 45479.21,
                                                                    "Plan Rows": 15596,
                                                                    "Plan Width": 4,
                                                                    "Actual Startup Time": 0.208,
                                                                    "Actual Total Time": 88.451,
                                                                    "Actual Rows": 8962,
                                                                    "Actual Loops": 6,
                                                                    "Output": [
                                                                        "t.id"
                                                                    ],
                                                                    "Filter": "((t.kind_id < 7) AND (t.production_year = 2011))",
                                                                    "Rows Removed by Filter": 412424,
                                                                    "Workers": [
                                                                        {
                                                                            "Worker Number": 0,
                                                                            "Actual Startup Time": 0.242,
                                                                            "Actual Total Time": 88.718,
                                                                            "Actual Rows": 8248,
                                                                            "Actual Loops": 1
                                                                        },
                                                                        {
                                                                            "Worker Number": 1,
                                                                            "Actual Startup Time": 0.327,
                                                                            "Actual Total Time": 88.711,
                                                                            "Actual Rows": 8484,
                                                                            "Actual Loops": 1
                                                                        },
                                                                        {
                                                                            "Worker Number": 2,
                                                                            "Actual Startup Time": 0.375,
                                                                            "Actual Total Time": 88.677,
                                                                            "Actual Rows": 8317,
                                                                            "Actual Loops": 1
                                                                        },
                                                                        {
                                                                            "Worker Number": 3,
                                                                            "Actual Startup Time": 0.21,
                                                                            "Actual Total Time": 88.243,
                                                                            "Actual Rows": 7976,
                                                                            "Actual Loops": 1
                                                                        },
                                                                        {
                                                                            "Worker Number": 4,
                                                                            "Actual Startup Time": 0.059,
                                                                            "Actual Total Time": 88.724,
                                                                            "Actual Rows": 8296,
                                                                            "Actual Loops": 1
                                                                        }
                                                                    ]
                                                                }
                                                            ]
                                                        }
                                                    ]
                                                }
                                            ]
                                        }
                                    ]
                                }
                            ]
                        }
                    ]
                }
            ]
        },
        "Planning Time": 3130.387,
        "Triggers": [],
        "Execution Time": 2353.569
    }
]