{
  "Plan": {
    "Node Type": "Aggregate",
    "Strategy": "Plain",
    "Partial Mode": "Finalize",
    "Parallel Aware": false,
    "Startup Cost": 293566.17,
    "Total Cost": 293566.18,
    "Plan Rows": 1,
    "Plan Width": 8,
    "Actual Startup Time": 1347.731,
    "Actual Total Time": 1366.056,
    "Actual Rows": 1,
    "Actual Loops": 1,
    "Plans": [
      {
        "Node Type": "Gather",
        "Parent Relationship": "Outer",
        "Parallel Aware": false,
        "Startup Cost": 293566.06,
        "Total Cost": 293566.17,
        "Plan Rows": 1,
        "Plan Width": 8,
        "Actual Startup Time": 1338.299,
        "Actual Total Time": 1366.05,
        "Actual Rows": 2,
        "Actual Loops": 1,
        "Workers Planned": 1,
        "Workers Launched": 1,
        "Single Copy": false,
        "Plans": [
          {
            "Node Type": "Aggregate",
            "Strategy": "Plain",
            "Partial Mode": "Partial",
            "Parent Relationship": "Outer",
            "Parallel Aware": false,
            "Startup Cost": 292566.06,
            "Total Cost": 292566.07,
            "Plan Rows": 1,
            "Plan Width": 8,
            "Actual Startup Time": 1332.768,
            "Actual Total Time": 1332.777,
            "Actual Rows": 1,
            "Actual Loops": 2,
            "Plans": [
              {
                "Node Type": "Merge Join",
                "Parent Relationship": "Outer",
                "Parallel Aware": false,
                "Join Type": "Inner",
                "Startup Cost": 282377.82,
                "Total Cost": 292027.55,
                "Plan Rows": 215404,
                "Plan Width": 0,
                "Actual Startup Time": 1120.114,
                "Actual Total Time": 1311.15,
                "Actual Rows": 528670,
                "Actual Loops": 2,
                "Inner Unique": false,
                "Merge Cond": "(t.id = mc.movie_id)",
                "Plans": [
                  {
                    "Node Type": "Sort",
                    "Parent Relationship": "Outer",
                    "Parallel Aware": false,
                    "Startup Cost": 146208.47,
                    "Total Cost": 147750.31,
                    "Plan Rows": 616738,
                    "Plan Width": 8,
                    "Actual Startup Time": 771.38,
                    "Actual Total Time": 793.231,
                    "Actual Rows": 593822,
                    "Actual Loops": 2,
                    "Sort Key": [
                      "mi_idx.movie_id"
                    ],
                    "Sort Method": "quicksort",
                    "Sort Space Used": 52930,
                    "Sort Space Type": "Memory",
                    "Workers": [
                      {
                        "Worker Number": 0,
                        "Sort Method": "quicksort",
                        "Sort Space Used": 51894,
                        "Sort Space Type": "Memory"
                      }
                    ],
                    "Plans": [
                      {
                        "Node Type": "Hash Join",
                        "Parent Relationship": "Outer",
                        "Parallel Aware": true,
                        "Join Type": "Inner",
                        "Startup Cost": 68712.06,
                        "Total Cost": 86895.85,
                        "Plan Rows": 616738,
                        "Plan Width": 8,
                        "Actual Startup Time": 439.813,
                        "Actual Total Time": 659.728,
                        "Actual Rows": 593823,
                        "Actual Loops": 2,
                        "Inner Unique": true,
                        "Hash Cond": "(mi_idx.movie_id = t.id)",
                        "Plans": [
                          {
                            "Node Type": "Seq Scan",
                            "Parent Relationship": "Outer",
                            "Parallel Aware": true,
                            "Relation Name": "movie_info_idx",
                            "Alias": "mi_idx",
                            "Startup Cost": 0.0,
                            "Total Cost": 16052.85,
                            "Plan Rows": 811785,
                            "Plan Width": 4,
                            "Actual Startup Time": 0.019,
                            "Actual Total Time": 50.207,
                            "Actual Rows": 690018,
                            "Actual Loops": 2
                          },
                          {
                            "Node Type": "Hash",
                            "Parent Relationship": "Inner",
                            "Parallel Aware": true,
                            "Startup Cost": 54588.39,
                            "Total Cost": 54588.39,
                            "Plan Rows": 1129894,
                            "Plan Width": 4,
                            "Actual Startup Time": 429.407,
                            "Actual Total Time": 429.409,
                            "Actual Rows": 961424,
                            "Actual Loops": 2,
                            "Hash Buckets": 2097152,
                            "Original Hash Buckets": 2097152,
                            "Hash Batches": 1,
                            "Original Hash Batches": 1,
                            "Peak Memory Usage": 91648,
                            "Plans": [
                              {
                                "Node Type": "Seq Scan",
                                "Parent Relationship": "Outer",
                                "Parallel Aware": true,
                                "Relation Name": "title",
                                "Alias": "t",
                                "Startup Cost": 0.0,
                                "Total Cost": 54588.39,
                                "Plan Rows": 1129894,
                                "Plan Width": 4,
                                "Actual Startup Time": 0.025,
                                "Actual Total Time": 177.809,
                                "Actual Rows": 961424,
                                "Actual Loops": 2,
                                "Filter": "(production_year < 2010)",
                                "Rows Removed by Filter": 302732
                              }
                            ]
                          }
                        ]
                      }
                    ]
                  },
                  {
                    "Node Type": "Sort",
                    "Parent Relationship": "Inner",
                    "Parallel Aware": false,
                    "Startup Cost": 136169.29,
                    "Total Cost": 138376.89,
                    "Plan Rows": 883038,
                    "Plan Width": 4,
                    "Actual Startup Time": 348.712,
                    "Actual Total Time": 391.809,
                    "Actual Rows": 1247998,
                    "Actual Loops": 2,
                    "Sort Key": [
                      "mc.movie_id"
                    ],
                    "Sort Method": "quicksort",
                    "Sort Space Used": 66618,
                    "Sort Space Type": "Memory",
                    "Workers": [
                      {
                        "Worker Number": 0,
                        "Sort Method": "quicksort",
                        "Sort Space Used": 66618,
                        "Sort Space Type": "Memory"
                      }
                    ],
                    "Plans": [
                      {
                        "Node Type": "Bitmap Heap Scan",
                        "Parent Relationship": "Outer",
                        "Parallel Aware": false,
                        "Relation Name": "movie_companies",
                        "Alias": "mc",
                        "Startup Cost": 19131.97,
                        "Total Cost": 48959.95,
                        "Plan Rows": 883038,
                        "Plan Width": 4,
                        "Actual Startup Time": 54.804,
                        "Actual Total Time": 172.196,
                        "Actual Rows": 896880,
                        "Actual Loops": 2,
                        "Recheck Cond": "(company_id > 21587)",
                        "Rows Removed by Index Recheck": 0,
                        "Exact Heap Blocks": 14581,
                        "Lossy Heap Blocks": 0,
                        "Plans": [
                          {
                            "Node Type": "Bitmap Index Scan",
                            "Parent Relationship": "Outer",
                            "Parallel Aware": false,
                            "Index Name": "company_id_movie_companies",
                            "Startup Cost": 0.0,
                            "Total Cost": 18911.22,
                            "Plan Rows": 883038,
                            "Plan Width": 0,
                            "Actual Startup Time": 52.934,
                            "Actual Total Time": 52.934,
                            "Actual Rows": 896880,
                            "Actual Loops": 2,
                            "Index Cond": "(company_id > 21587)"
                          }
                        ]
                      }
                    ]
                  }
                ]
              }
            ]
          }
        ]
      }
    ]
  },
  "Planning Time": 0.543,
  "Triggers": [],
  "Execution Time": 1368.544
}