[
  {
    "Plan": {
      "Node Type": "Aggregate",
      "Strategy": "Plain",
      "Partial Mode": "Finalize",
      "Parallel Aware": false,
      "Startup Cost": 85677.95,
      "Total Cost": 85677.96,
      "Plan Rows": 1,
      "Plan Width": 8,
      "Actual Startup Time": 387.448,
      "Actual Total Time": 402.932,
      "Actual Rows": 1,
      "Actual Loops": 1,
      "Plans": [
        {
          "Node Type": "Gather",
          "Parent Relationship": "Outer",
          "Parallel Aware": false,
          "Startup Cost": 85677.73,
          "Total Cost": 85677.94,
          "Plan Rows": 2,
          "Plan Width": 8,
          "Actual Startup Time": 385.956,
          "Actual Total Time": 402.92,
          "Actual Rows": 3,
          "Actual Loops": 1,
          "Workers Planned": 2,
          "Workers Launched": 2,
          "Single Copy": false,
          "Plans": [
            {
              "Node Type": "Aggregate",
              "Strategy": "Plain",
              "Partial Mode": "Partial",
              "Parent Relationship": "Outer",
              "Parallel Aware": false,
              "Startup Cost": 84677.73,
              "Total Cost": 84677.74,
              "Plan Rows": 1,
              "Plan Width": 8,
              "Actual Startup Time": 377.607,
              "Actual Total Time": 377.704,
              "Actual Rows": 1,
              "Actual Loops": 3,
              "Plans": [
                {
                  "Node Type": "Hash Join",
                  "Parent Relationship": "Outer",
                  "Parallel Aware": true,
                  "Join Type": "Inner",
                  "Startup Cost": 68687.15,
                  "Total Cost": 84603.17,
                  "Plan Rows": 29827,
                  "Plan Width": 0,
                  "Actual Startup Time": 289.708,
                  "Actual Total Time": 375.402,
                  "Actual Rows": 55495,
                  "Actual Loops": 3,
                  "Inner Unique": false,
                  "Hash Cond": "(mi_idx.movie_id = t.id)",
                  "Plans": [
                    {
                      "Node Type": "Seq Scan",
                      "Parent Relationship": "Outer",
                      "Parallel Aware": true,
                      "Relation Name": "movie_info_idx",
                      "Alias": "mi_idx",
                      "Startup Cost": 0.0,
                      "Total Cost": 13685.15,
                      "Plan Rows": 575015,
                      "Plan Width": 4,
                      "Actual Startup Time": 0.032,
                      "Actual Total Time": 35.717,
                      "Actual Rows": 460012,
                      "Actual Loops": 3
                    },
                    {
                      "Node Type": "Hash",
                      "Parent Relationship": "Inner",
                      "Parallel Aware": true,
                      "Startup Cost": 68277.31,
                      "Total Cost": 68277.31,
                      "Plan Rows": 32787,
                      "Plan Width": 8,
                      "Actual Startup Time": 286.976,
                      "Actual Total Time": 287.071,
                      "Actual Rows": 44936,
                      "Actual Loops": 3,
                      "Hash Buckets": 262144,
                      "Original Hash Buckets": 262144,
                      "Hash Batches": 1,
                      "Original Hash Batches": 1,
                      "Peak Memory Usage": 7360,
                      "Plans": [
                        {
                          "Node Type": "Hash Join",
                          "Parent Relationship": "Outer",
                          "Parallel Aware": true,
                          "Join Type": "Inner",
                          "Startup Cost": 22692.45,
                          "Total Cost": 68277.31,
                          "Plan Rows": 32787,
                          "Plan Width": 8,
                          "Actual Startup Time": 63.186,
                          "Actual Total Time": 272.486,
                          "Actual Rows": 44936,
                          "Actual Loops": 3,
                          "Inner Unique": false,
                          "Hash Cond": "(t.id = mc.movie_id)",
                          "Plans": [
                            {
                              "Node Type": "Seq Scan",
                              "Parent Relationship": "Outer",
                              "Parallel Aware": true,
                              "Relation Name": "title",
                              "Alias": "t",
                              "Startup Cost": 0.0,
                              "Total Cost": 42318.73,
                              "Plan Rows": 632073,
                              "Plan Width": 4,
                              "Actual Startup Time": 0.008,
                              "Actual Total Time": 91.1,
                              "Actual Rows": 842771,
                              "Actual Loops": 3
                            },
                            {
                              "Node Type": "Hash",
                              "Parent Relationship": "Inner",
                              "Parallel Aware": true,
                              "Startup Cost": 22163.64,
                              "Total Cost": 22163.64,
                              "Plan Rows": 42305,
                              "Plan Width": 4,
                              "Actual Startup Time": 61.597,
                              "Actual Total Time": 61.598,
                              "Actual Rows": 44936,
                              "Actual Loops": 3,
                              "Hash Buckets": 262144,
                              "Original Hash Buckets": 262144,
                              "Hash Batches": 1,
                              "Original Hash Batches": 1,
                              "Peak Memory Usage": 7360,
                              "Plans": [
                                {
                                  "Node Type": "Bitmap Heap Scan",
                                  "Parent Relationship": "Outer",
                                  "Parallel Aware": true,
                                  "Relation Name": "movie_companies",
                                  "Alias": "mc",
                                  "Startup Cost": 2844.82,
                                  "Total Cost": 22163.64,
                                  "Plan Rows": 42305,
                                  "Plan Width": 4,
                                  "Actual Startup Time": 16.297,
                                  "Actual Total Time": 46.52,
                                  "Actual Rows": 44936,
                                  "Actual Loops": 3,
                                  "Recheck Cond": "(company_id < 27)",
                                  "Rows Removed by Index Recheck": 0,
                                  "Exact Heap Blocks": 7299,
                                  "Lossy Heap Blocks": 0,
                                  "Plans": [
                                    {
                                      "Node Type": "Bitmap Index Scan",
                                      "Parent Relationship": "Outer",
                                      "Parallel Aware": false,
                                      "Index Name": "company_id_movie_companies",
                                      "Startup Cost": 0.0,
                                      "Total Cost": 2812.03,
                                      "Plan Rows": 131147,
                                      "Plan Width": 0,
                                      "Actual Startup Time": 13.7,
                                      "Actual Total Time": 13.7,
                                      "Actual Rows": 134807,
                                      "Actual Loops": 1,
                                      "Index Cond": "(company_id < 27)"
                                    }
                                  ]
                                }
                              ]
                            }
                          ]
                        }
                      ]
                    }
                  ]
                }
              ]
            }
          ]
        }
      ]
    },
    "Planning Time": 1.398,
    "Triggers": [],
    "Execution Time": 403.088
  }
]