{
    "Plan": {
        "Node Type": "Aggregate",
        "Strategy": "Plain",
        "Partial Mode": "Simple",
        "Parallel Aware": false,
        "Startup Cost": 100000370983.03,
        "Total Cost": 100000370983.04,
        "Plan Rows": 1,
        "Plan Width": 64,
        "Actual Startup Time": 1803.873,
        "Actual Total Time": 1803.889,
        "Actual Rows": 1,
        "Actual Loops": 1,
        "Output": [
            "min(n.name)",
            "min(t.title)"
        ],
        "Plans": [
            {
                "Node Type": "Nested Loop",
                "Parent Relationship": "Outer",
                "Parallel Aware": false,
                "Join Type": "Inner",
                "Startup Cost": 100000000016.18,
                "Total Cost": 100000370983.02,
                "Plan Rows": 1,
                "Plan Width": 32,
                "Actual Startup Time": 608.18,
                "Actual Total Time": 1803.03,
                "Actual Rows": 8302,
                "Actual Loops": 1,
                "Output": [
                    "n.name",
                    "t.title"
                ],
                "Inner Unique": false,
                "Join Filter": "(n.id = an.person_id)",
                "Rows Removed by Join Filter": 0,
                "Plans": [
                    {
                        "Node Type": "Nested Loop",
                        "Parent Relationship": "Outer",
                        "Parallel Aware": false,
                        "Join Type": "Inner",
                        "Startup Cost": 90000000015.74,
                        "Total Cost": 90000370978.53,
                        "Plan Rows": 1,
                        "Plan Width": 40,
                        "Actual Startup Time": 608.133,
                        "Actual Total Time": 1792.824,
                        "Actual Rows": 1760,
                        "Actual Loops": 1,
                        "Output": [
                            "ci.person_id",
                            "n.name",
                            "n.id",
                            "t.title"
                        ],
                        "Inner Unique": true,
                        "Join Filter": "(mi.movie_id = t.id)",
                        "Rows Removed by Join Filter": 0,
                        "Plans": [
                            {
                                "Node Type": "Nested Loop",
                                "Parent Relationship": "Outer",
                                "Parallel Aware": false,
                                "Join Type": "Inner",
                                "Startup Cost": 80000000015.29,
                                "Total Cost": 80000370974.05,
                                "Plan Rows": 1,
                                "Plan Width": 35,
                                "Actual Startup Time": 608.091,
                                "Actual Total Time": 1772.953,
                                "Actual Rows": 3348,
                                "Actual Loops": 1,
                                "Output": [
                                    "ci.movie_id",
                                    "ci.person_id",
                                    "mc.movie_id",
                                    "mi.movie_id",
                                    "n.name",
                                    "n.id"
                                ],
                                "Inner Unique": true,
                                "Plans": [
                                    {
                                        "Node Type": "Nested Loop",
                                        "Parent Relationship": "Outer",
                                        "Parallel Aware": false,
                                        "Join Type": "Inner",
                                        "Startup Cost": 70000000014.86,
                                        "Total Cost": 70000370969.61,
                                        "Plan Rows": 1,
                                        "Plan Width": 39,
                                        "Actual Startup Time": 608.054,
                                        "Actual Total Time": 1726.733,
                                        "Actual Rows": 8813,
                                        "Actual Loops": 1,
                                        "Output": [
                                            "ci.movie_id",
                                            "ci.person_id",
                                            "mc.movie_id",
                                            "mc.company_id",
                                            "mi.movie_id",
                                            "n.name",
                                            "n.id"
                                        ],
                                        "Inner Unique": false,
                                        "Join Filter": "(mi.movie_id = mc.movie_id)",
                                        "Rows Removed by Join Filter": 0,
                                        "Plans": [
                                            {
                                                "Node Type": "Nested Loop",
                                                "Parent Relationship": "Outer",
                                                "Parallel Aware": false,
                                                "Join Type": "Inner",
                                                "Startup Cost": 60000000014.38,
                                                "Total Cost": 60000370965.0,
                                                "Plan Rows": 1,
                                                "Plan Width": 31,
                                                "Actual Startup Time": 607.985,
                                                "Actual Total Time": 1710.934,
                                                "Actual Rows": 1277,
                                                "Actual Loops": 1,
                                                "Output": [
                                                    "ci.movie_id",
                                                    "ci.person_id",
                                                    "mi.movie_id",
                                                    "n.name",
                                                    "n.id"
                                                ],
                                                "Inner Unique": true,
                                                "Plans": [
                                                    {
                                                        "Node Type": "Nested Loop",
                                                        "Parent Relationship": "Outer",
                                                        "Parallel Aware": false,
                                                        "Join Type": "Inner",
                                                        "Startup Cost": 50000000013.92,
                                                        "Total Cost": 50000370960.54,
                                                        "Plan Rows": 1,
                                                        "Plan Width": 35,
                                                        "Actual Startup Time": 607.952,
                                                        "Actual Total Time": 1700.056,
                                                        "Actual Rows": 1326,
                                                        "Actual Loops": 1,
                                                        "Output": [
                                                            "ci.movie_id",
                                                            "ci.person_id",
                                                            "ci.person_role_id",
                                                            "mi.movie_id",
                                                            "n.name",
                                                            "n.id"
                                                        ],
                                                        "Inner Unique": true,
                                                        "Plans": [
                                                            {
                                                                "Node Type": "Nested Loop",
                                                                "Parent Relationship": "Outer",
                                                                "Parallel Aware": false,
                                                                "Join Type": "Inner",
                                                                "Startup Cost": 40000000013.77,
                                                                "Total Cost": 40000370944.03,
                                                                "Plan Rows": 3,
                                                                "Plan Width": 39,
                                                                "Actual Startup Time": 607.937,
                                                                "Actual Total Time": 1694.753,
                                                                "Actual Rows": 1326,
                                                                "Actual Loops": 1,
                                                                "Output": [
                                                                    "ci.movie_id",
                                                                    "ci.person_id",
                                                                    "ci.person_role_id",
                                                                    "mi.movie_id",
                                                                    "mi.info_type_id",
                                                                    "n.name",
                                                                    "n.id"
                                                                ],
                                                                "Inner Unique": false,
                                                                "Plans": [
                                                                    {
                                                                        "Node Type": "Nested Loop",
                                                                        "Parent Relationship": "Outer",
                                                                        "Parallel Aware": false,
                                                                        "Join Type": "Inner",
                                                                        "Startup Cost": 30000000012.97,
                                                                        "Total Cost": 30000370911.07,
                                                                        "Plan Rows": 6,
                                                                        "Plan Width": 31,
                                                                        "Actual Startup Time": 606.442,
                                                                        "Actual Total Time": 1596.638,
                                                                        "Actual Rows": 3156,
                                                                        "Actual Loops": 1,
                                                                        "Output": [
                                                                            "ci.movie_id",
                                                                            "ci.person_id",
                                                                            "ci.person_role_id",
                                                                            "n.name",
                                                                            "n.id"
                                                                        ],
                                                                        "Inner Unique": true,
                                                                        "Plans": [
                                                                            {
                                                                                "Node Type": "Nested Loop",
                                                                                "Parent Relationship": "Outer",
                                                                                "Parallel Aware": false,
                                                                                "Join Type": "Inner",
                                                                                "Startup Cost": 20000000012.83,
                                                                                "Total Cost": 20000370628.28,
                                                                                "Plan Rows": 68,
                                                                                "Plan Width": 35,
                                                                                "Actual Startup Time": 606.42,
                                                                                "Actual Total Time": 1576.211,
                                                                                "Actual Rows": 4835,
                                                                                "Actual Loops": 1,
                                                                                "Output": [
                                                                                    "ci.movie_id",
                                                                                    "ci.person_id",
                                                                                    "ci.role_id",
                                                                                    "ci.person_role_id",
                                                                                    "n.name",
                                                                                    "n.id"
                                                                                ],
                                                                                "Inner Unique": false,
                                                                                "Plans": [
                                                                                    {
                                                                                        "Node Type": "Index Scan",
                                                                                        "Parent Relationship": "Outer",
                                                                                        "Parallel Aware": false,
                                                                                        "Scan Direction": "Forward",
                                                                                        "Index Name": "name_pkey",
                                                                                        "Relation Name": "name",
                                                                                        "Schema": "public",
                                                                                        "Alias": "n",
                                                                                        "Startup Cost": 10000000000.43,
                                                                                        "Total Cost": 10000199011.55,
                                                                                        "Plan Rows": 94,
                                                                                        "Plan Width": 19,
                                                                                        "Actual Startup Time": 605.784,
                                                                                        "Actual Total Time": 1501.319,
                                                                                        "Actual Rows": 4481,
                                                                                        "Actual Loops": 1,
                                                                                        "Output": [
                                                                                            "n.id",
                                                                                            "n.name",
                                                                                            "n.imdb_index",
                                                                                            "n.imdb_id",
                                                                                            "n.gender",
                                                                                            "n.name_pcode_cf",
                                                                                            "n.name_pcode_nf",
                                                                                            "n.surname_pcode",
                                                                                            "n.md5sum"
                                                                                        ],
                                                                                        "Filter": "((n.name ~~ '%Julie%'::text) AND ((n.gender)::text = 'f'::text))",
                                                                                        "Rows Removed by Filter": 4163010
                                                                                    },
                                                                                    {
                                                                                        "Node Type": "Bitmap Heap Scan",
                                                                                        "Parent Relationship": "Inner",
                                                                                        "Parallel Aware": false,
                                                                                        "Relation Name": "cast_info",
                                                                                        "Schema": "public",
                                                                                        "Alias": "ci",
                                                                                        "Startup Cost": 12.4,
                                                                                        "Total Cost": 1825.29,
                                                                                        "Plan Rows": 42,
                                                                                        "Plan Width": 16,
                                                                                        "Actual Startup Time": 0.014,
                                                                                        "Actual Total Time": 0.015,
                                                                                        "Actual Rows": 1,
                                                                                        "Actual Loops": 4481,
                                                                                        "Output": [
                                                                                            "ci.id",
                                                                                            "ci.person_id",
                                                                                            "ci.movie_id",
                                                                                            "ci.person_role_id",
                                                                                            "ci.note",
                                                                                            "ci.nr_order",
                                                                                            "ci.role_id"
                                                                                        ],
                                                                                        "Recheck Cond": "(ci.person_id = n.id)",
                                                                                        "Rows Removed by Index Recheck": 0,
                                                                                        "Filter": "(ci.note = ANY ('{(writer),(uncredited),\"(executive producer)\",(voice)}'::text[]))",
                                                                                        "Rows Removed by Filter": 10,
                                                                                        "Exact Heap Blocks": 5678,
                                                                                        "Lossy Heap Blocks": 0,
                                                                                        "Plans": [
                                                                                            {
                                                                                                "Node Type": "Bitmap Index Scan",
                                                                                                "Parent Relationship": "Outer",
                                                                                                "Parallel Aware": false,
                                                                                                "Index Name": "person_id_cast_info",
                                                                                                "Startup Cost": 0.0,
                                                                                                "Total Cost": 12.39,
                                                                                                "Plan Rows": 510,
                                                                                                "Plan Width": 0,
                                                                                                "Actual Startup Time": 0.008,
                                                                                                "Actual Total Time": 0.008,
                                                                                                "Actual Rows": 11,
                                                                                                "Actual Loops": 4481,
                                                                                                "Index Cond": "(ci.person_id = n.id)"
                                                                                            }
                                                                                        ]
                                                                                    }
                                                                                ]
                                                                            },
                                                                            {
                                                                                "Node Type": "Bitmap Heap Scan",
                                                                                "Parent Relationship": "Inner",
                                                                                "Parallel Aware": false,
                                                                                "Relation Name": "role_type",
                                                                                "Schema": "public",
                                                                                "Alias": "rt",
                                                                                "Startup Cost": 0.14,
                                                                                "Total Cost": 4.16,
                                                                                "Plan Rows": 1,
                                                                                "Plan Width": 4,
                                                                                "Actual Startup Time": 0.002,
                                                                                "Actual Total Time": 0.002,
                                                                                "Actual Rows": 1,
                                                                                "Actual Loops": 4835,
                                                                                "Output": [
                                                                                    "rt.id",
                                                                                    "rt.role"
                                                                                ],
                                                                                "Recheck Cond": "(rt.id = ci.role_id)",
                                                                                "Rows Removed by Index Recheck": 0,
                                                                                "Filter": "((rt.role)::text = 'actress'::text)",
                                                                                "Rows Removed by Filter": 0,
                                                                                "Exact Heap Blocks": 4835,
                                                                                "Lossy Heap Blocks": 0,
                                                                                "Plans": [
                                                                                    {
                                                                                        "Node Type": "Bitmap Index Scan",
                                                                                        "Parent Relationship": "Outer",
                                                                                        "Parallel Aware": false,
                                                                                        "Index Name": "role_type_pkey",
                                                                                        "Startup Cost": 0.0,
                                                                                        "Total Cost": 0.14,
                                                                                        "Plan Rows": 1,
                                                                                        "Plan Width": 0,
                                                                                        "Actual Startup Time": 0.001,
                                                                                        "Actual Total Time": 0.001,
                                                                                        "Actual Rows": 1,
                                                                                        "Actual Loops": 4835,
                                                                                        "Index Cond": "(rt.id = ci.role_id)"
                                                                                    }
                                                                                ]
                                                                            }
                                                                        ]
                                                                    },
                                                                    {
                                                                        "Node Type": "Bitmap Heap Scan",
                                                                        "Parent Relationship": "Inner",
                                                                        "Parallel Aware": false,
                                                                        "Relation Name": "movie_info",
                                                                        "Schema": "public",
                                                                        "Alias": "mi",
                                                                        "Startup Cost": 0.8,
                                                                        "Total Cost": 5.48,
                                                                        "Plan Rows": 1,
                                                                        "Plan Width": 8,
                                                                        "Actual Startup Time": 0.024,
                                                                        "Actual Total Time": 0.029,
                                                                        "Actual Rows": 0,
                                                                        "Actual Loops": 3156,
                                                                        "Output": [
                                                                            "mi.id",
                                                                            "mi.movie_id",
                                                                            "mi.info_type_id",
                                                                            "mi.info",
                                                                            "mi.note"
                                                                        ],
                                                                        "Recheck Cond": "(mi.movie_id = ci.movie_id)",
                                                                        "Rows Removed by Index Recheck": 0,
                                                                        "Filter": "((mi.info IS NOT NULL) AND ((mi.info ~~ 'Japan:%200%'::text) OR (mi.info ~~ 'USA:%200%'::text)))",
                                                                        "Rows Removed by Filter": 26,
                                                                        "Exact Heap Blocks": 24382,
                                                                        "Lossy Heap Blocks": 0,
                                                                        "Plans": [
                                                                            {
                                                                                "Node Type": "Bitmap Index Scan",
                                                                                "Parent Relationship": "Outer",
                                                                                "Parallel Aware": false,
                                                                                "Index Name": "movie_id_movie_info",
                                                                                "Startup Cost": 0.0,
                                                                                "Total Cost": 0.8,
                                                                                "Plan Rows": 39,
                                                                                "Plan Width": 0,
                                                                                "Actual Startup Time": 0.008,
                                                                                "Actual Total Time": 0.008,
                                                                                "Actual Rows": 26,
                                                                                "Actual Loops": 3156,
                                                                                "Index Cond": "(mi.movie_id = ci.movie_id)"
                                                                            }
                                                                        ]
                                                                    }
                                                                ]
                                                            },
                                                            {
                                                                "Node Type": "Bitmap Heap Scan",
                                                                "Parent Relationship": "Inner",
                                                                "Parallel Aware": false,
                                                                "Relation Name": "info_type",
                                                                "Schema": "public",
                                                                "Alias": "it",
                                                                "Startup Cost": 0.15,
                                                                "Total Cost": 4.17,
                                                                "Plan Rows": 1,
                                                                "Plan Width": 4,
                                                                "Actual Startup Time": 0.002,
                                                                "Actual Total Time": 0.002,
                                                                "Actual Rows": 1,
                                                                "Actual Loops": 1326,
                                                                "Output": [
                                                                    "it.id",
                                                                    "it.info"
                                                                ],
                                                                "Recheck Cond": "(it.id = mi.info_type_id)",
                                                                "Rows Removed by Index Recheck": 0,
                                                                "Filter": "((it.info)::text = 'release dates'::text)",
                                                                "Rows Removed by Filter": 0,
                                                                "Exact Heap Blocks": 1326,
                                                                "Lossy Heap Blocks": 0,
                                                                "Plans": [
                                                                    {
                                                                        "Node Type": "Bitmap Index Scan",
                                                                        "Parent Relationship": "Outer",
                                                                        "Parallel Aware": false,
                                                                        "Index Name": "info_type_pkey",
                                                                        "Startup Cost": 0.0,
                                                                        "Total Cost": 0.15,
                                                                        "Plan Rows": 1,
                                                                        "Plan Width": 0,
                                                                        "Actual Startup Time": 0.001,
                                                                        "Actual Total Time": 0.001,
                                                                        "Actual Rows": 1,
                                                                        "Actual Loops": 1326,
                                                                        "Index Cond": "(it.id = mi.info_type_id)"
                                                                    }
                                                                ]
                                                            }
                                                        ]
                                                    },
                                                    {
                                                        "Node Type": "Bitmap Heap Scan",
                                                        "Parent Relationship": "Inner",
                                                        "Parallel Aware": false,
                                                        "Relation Name": "char_name",
                                                        "Schema": "public",
                                                        "Alias": "chn",
                                                        "Startup Cost": 0.45,
                                                        "Total Cost": 4.47,
                                                        "Plan Rows": 1,
                                                        "Plan Width": 4,
                                                        "Actual Startup Time": 0.006,
                                                        "Actual Total Time": 0.006,
                                                        "Actual Rows": 1,
                                                        "Actual Loops": 1326,
                                                        "Output": [
                                                            "chn.id",
                                                            "chn.name",
                                                            "chn.imdb_index",
                                                            "chn.imdb_id",
                                                            "chn.name_pcode_nf",
                                                            "chn.surname_pcode",
                                                            "chn.md5sum"
                                                        ],
                                                        "Recheck Cond": "(chn.id = ci.person_role_id)",
                                                        "Rows Removed by Index Recheck": 0,
                                                        "Exact Heap Blocks": 1277,
                                                        "Lossy Heap Blocks": 0,
                                                        "Plans": [
                                                            {
                                                                "Node Type": "Bitmap Index Scan",
                                                                "Parent Relationship": "Outer",
                                                                "Parallel Aware": false,
                                                                "Index Name": "char_name_pkey",
                                                                "Startup Cost": 0.0,
                                                                "Total Cost": 0.45,
                                                                "Plan Rows": 1,
                                                                "Plan Width": 0,
                                                                "Actual Startup Time": 0.004,
                                                                "Actual Total Time": 0.004,
                                                                "Actual Rows": 1,
                                                                "Actual Loops": 1326,
                                                                "Index Cond": "(chn.id = ci.person_role_id)"
                                                            }
                                                        ]
                                                    }
                                                ]
                                            },
                                            {
                                                "Node Type": "Bitmap Heap Scan",
                                                "Parent Relationship": "Inner",
                                                "Parallel Aware": false,
                                                "Relation Name": "movie_companies",
                                                "Schema": "public",
                                                "Alias": "mc",
                                                "Startup Cost": 0.48,
                                                "Total Cost": 4.54,
                                                "Plan Rows": 5,
                                                "Plan Width": 8,
                                                "Actual Startup Time": 0.007,
                                                "Actual Total Time": 0.009,
                                                "Actual Rows": 7,
                                                "Actual Loops": 1277,
                                                "Output": [
                                                    "mc.id",
                                                    "mc.movie_id",
                                                    "mc.company_id",
                                                    "mc.company_type_id",
                                                    "mc.note"
                                                ],
                                                "Recheck Cond": "(mc.movie_id = ci.movie_id)",
                                                "Rows Removed by Index Recheck": 0,
                                                "Exact Heap Blocks": 1872,
                                                "Lossy Heap Blocks": 0,
                                                "Plans": [
                                                    {
                                                        "Node Type": "Bitmap Index Scan",
                                                        "Parent Relationship": "Outer",
                                                        "Parallel Aware": false,
                                                        "Index Name": "movie_id_movie_companies",
                                                        "Startup Cost": 0.0,
                                                        "Total Cost": 0.48,
                                                        "Plan Rows": 5,
                                                        "Plan Width": 0,
                                                        "Actual Startup Time": 0.005,
                                                        "Actual Total Time": 0.005,
                                                        "Actual Rows": 7,
                                                        "Actual Loops": 1277,
                                                        "Index Cond": "(mc.movie_id = ci.movie_id)"
                                                    }
                                                ]
                                            }
                                        ]
                                    },
                                    {
                                        "Node Type": "Bitmap Heap Scan",
                                        "Parent Relationship": "Inner",
                                        "Parallel Aware": false,
                                        "Relation Name": "company_name",
                                        "Schema": "public",
                                        "Alias": "cn",
                                        "Startup Cost": 0.43,
                                        "Total Cost": 4.44,
                                        "Plan Rows": 1,
                                        "Plan Width": 4,
                                        "Actual Startup Time": 0.004,
                                        "Actual Total Time": 0.004,
                                        "Actual Rows": 0,
                                        "Actual Loops": 8813,
                                        "Output": [
                                            "cn.id",
                                            "cn.name",
                                            "cn.country_code",
                                            "cn.imdb_id",
                                            "cn.name_pcode_nf",
                                            "cn.name_pcode_sf",
                                            "cn.md5sum"
                                        ],
                                        "Recheck Cond": "(cn.id = mc.company_id)",
                                        "Rows Removed by Index Recheck": 0,
                                        "Filter": "((cn.country_code)::text = '[us]'::text)",
                                        "Rows Removed by Filter": 1,
                                        "Exact Heap Blocks": 8813,
                                        "Lossy Heap Blocks": 0,
                                        "Plans": [
                                            {
                                                "Node Type": "Bitmap Index Scan",
                                                "Parent Relationship": "Outer",
                                                "Parallel Aware": false,
                                                "Index Name": "company_name_pkey",
                                                "Startup Cost": 0.0,
                                                "Total Cost": 0.43,
                                                "Plan Rows": 1,
                                                "Plan Width": 0,
                                                "Actual Startup Time": 0.002,
                                                "Actual Total Time": 0.002,
                                                "Actual Rows": 1,
                                                "Actual Loops": 8813,
                                                "Index Cond": "(cn.id = mc.company_id)"
                                            }
                                        ]
                                    }
                                ]
                            },
                            {
                                "Node Type": "Bitmap Heap Scan",
                                "Parent Relationship": "Inner",
                                "Parallel Aware": false,
                                "Relation Name": "title",
                                "Schema": "public",
                                "Alias": "t",
                                "Startup Cost": 0.45,
                                "Total Cost": 4.46,
                                "Plan Rows": 1,
                                "Plan Width": 21,
                                "Actual Startup Time": 0.004,
                                "Actual Total Time": 0.004,
                                "Actual Rows": 1,
                                "Actual Loops": 3348,
                                "Output": [
                                    "t.id",
                                    "t.title",
                                    "t.imdb_index",
                                    "t.kind_id",
                                    "t.production_year",
                                    "t.imdb_id",
                                    "t.phonetic_code",
                                    "t.episode_of_id",
                                    "t.season_nr",
                                    "t.episode_nr",
                                    "t.series_years",
                                    "t.md5sum"
                                ],
                                "Recheck Cond": "(t.id = ci.movie_id)",
                                "Rows Removed by Index Recheck": 0,
                                "Filter": "(t.production_year > 2005)",
                                "Rows Removed by Filter": 0,
                                "Exact Heap Blocks": 3348,
                                "Lossy Heap Blocks": 0,
                                "Plans": [
                                    {
                                        "Node Type": "Bitmap Index Scan",
                                        "Parent Relationship": "Outer",
                                        "Parallel Aware": false,
                                        "Index Name": "title_pkey",
                                        "Startup Cost": 0.0,
                                        "Total Cost": 0.45,
                                        "Plan Rows": 1,
                                        "Plan Width": 0,
                                        "Actual Startup Time": 0.003,
                                        "Actual Total Time": 0.003,
                                        "Actual Rows": 1,
                                        "Actual Loops": 3348,
                                        "Index Cond": "(t.id = ci.movie_id)"
                                    }
                                ]
                            }
                        ]
                    },
                    {
                        "Node Type": "Bitmap Heap Scan",
                        "Parent Relationship": "Inner",
                        "Parallel Aware": false,
                        "Relation Name": "aka_name",
                        "Schema": "public",
                        "Alias": "an",
                        "Startup Cost": 0.44,
                        "Total Cost": 4.47,
                        "Plan Rows": 2,
                        "Plan Width": 4,
                        "Actual Startup Time": 0.003,
                        "Actual Total Time": 0.004,
                        "Actual Rows": 5,
                        "Actual Loops": 1760,
                        "Output": [
                            "an.id",
                            "an.person_id",
                            "an.name",
                            "an.imdb_index",
                            "an.name_pcode_cf",
                            "an.name_pcode_nf",
                            "an.surname_pcode",
                            "an.md5sum"
                        ],
                        "Recheck Cond": "(an.person_id = ci.person_id)",
                        "Rows Removed by Index Recheck": 0,
                        "Exact Heap Blocks": 1465,
                        "Lossy Heap Blocks": 0,
                        "Plans": [
                            {
                                "Node Type": "Bitmap Index Scan",
                                "Parent Relationship": "Outer",
                                "Parallel Aware": false,
                                "Index Name": "person_id_aka_name",
                                "Startup Cost": 0.0,
                                "Total Cost": 0.44,
                                "Plan Rows": 2,
                                "Plan Width": 0,
                                "Actual Startup Time": 0.002,
                                "Actual Total Time": 0.002,
                                "Actual Rows": 5,
                                "Actual Loops": 1760,
                                "Index Cond": "(an.person_id = ci.person_id)"
                            }
                        ]
                    }
                ]
            }
        ]
    },
    "Planning Time": 25.41,
    "Triggers": [],
    "Execution Time": 1804.364
}