[
  {
    "Plan": {
      "Node Type": "Aggregate",
      "Strategy": "Plain",
      "Partial Mode": "Finalize",
      "Parallel Aware": false,
      "Startup Cost": 95908.14,
      "Total Cost": 95908.15,
      "Plan Rows": 1,
      "Plan Width": 8,
      "Actual Startup Time": 326.86,
      "Actual Total Time": 344.663,
      "Actual Rows": 1,
      "Actual Loops": 1,
      "Plans": [
        {
          "Node Type": "Gather",
          "Parent Relationship": "Outer",
          "Parallel Aware": false,
          "Startup Cost": 95907.72,
          "Total Cost": 95908.13,
          "Plan Rows": 4,
          "Plan Width": 8,
          "Actual Startup Time": 321.069,
          "Actual Total Time": 344.652,
          "Actual Rows": 5,
          "Actual Loops": 1,
          "Workers Planned": 4,
          "Workers Launched": 4,
          "Single Copy": false,
          "Plans": [
            {
              "Node Type": "Aggregate",
              "Strategy": "Plain",
              "Partial Mode": "Partial",
              "Parent Relationship": "Outer",
              "Parallel Aware": false,
              "Startup Cost": 94907.72,
              "Total Cost": 94907.73,
              "Plan Rows": 1,
              "Plan Width": 8,
              "Actual Startup Time": 311.024,
              "Actual Total Time": 311.032,
              "Actual Rows": 1,
              "Actual Loops": 5,
              "Plans": [
                {
                  "Node Type": "Hash Join",
                  "Parent Relationship": "Outer",
                  "Parallel Aware": true,
                  "Join Type": "Inner",
                  "Startup Cost": 49983.27,
                  "Total Cost": 94879.4,
                  "Plan Rows": 11328,
                  "Plan Width": 0,
                  "Actual Startup Time": 209.175,
                  "Actual Total Time": 309.301,
                  "Actual Rows": 39664,
                  "Actual Loops": 5,
                  "Inner Unique": false,
                  "Hash Cond": "(t.id = mi_idx.movie_id)",
                  "Plans": [
                    {
                      "Node Type": "Seq Scan",
                      "Parent Relationship": "Outer",
                      "Parallel Aware": true,
                      "Relation Name": "title",
                      "Alias": "t",
                      "Startup Cost": 0.0,
                      "Total Cost": 42319.06,
                      "Plan Rows": 632106,
                      "Plan Width": 4,
                      "Actual Startup Time": 0.019,
                      "Actual Total Time": 66.043,
                      "Actual Rows": 505662,
                      "Actual Loops": 5
                    },
                    {
                      "Node Type": "Hash",
                      "Parent Relationship": "Inner",
                      "Parallel Aware": true,
                      "Startup Cost": 48949.89,
                      "Total Cost": 48949.89,
                      "Plan Rows": 82670,
                      "Plan Width": 8,
                      "Actual Startup Time": 171.132,
                      "Actual Total Time": 171.138,
                      "Actual Rows": 39664,
                      "Actual Loops": 5,
                      "Hash Buckets": 262144,
                      "Original Hash Buckets": 262144,
                      "Hash Batches": 1,
                      "Original Hash Batches": 1,
                      "Peak Memory Usage": 9856,
                      "Plans": [
                        {
                          "Node Type": "Hash Join",
                          "Parent Relationship": "Outer",
                          "Parallel Aware": true,
                          "Join Type": "Inner",
                          "Startup Cost": 22832.72,
                          "Total Cost": 48949.89,
                          "Plan Rows": 82670,
                          "Plan Width": 8,
                          "Actual Startup Time": 98.235,
                          "Actual Total Time": 156.955,
                          "Actual Rows": 39664,
                          "Actual Loops": 5,
                          "Inner Unique": false,
                          "Hash Cond": "(mk.movie_id = mi_idx.movie_id)",
                          "Plans": [
                            {
                              "Node Type": "Bitmap Heap Scan",
                              "Parent Relationship": "Outer",
                              "Parallel Aware": true,
                              "Relation Name": "movie_keyword",
                              "Alias": "mk",
                              "Startup Cost": 5338.1,
                              "Total Cost": 30806.5,
                              "Plan Rows": 81152,
                              "Plan Width": 4,
                              "Actual Startup Time": 23.905,
                              "Actual Total Time": 63.964,
                              "Actual Rows": 51262,
                              "Actual Loops": 5,
                              "Recheck Cond": "(keyword_id > 59932)",
                              "Rows Removed by Index Recheck": 0,
                              "Exact Heap Blocks": 5318,
                              "Lossy Heap Blocks": 0,
                              "Plans": [
                                {
                                  "Node Type": "Bitmap Index Scan",
                                  "Parent Relationship": "Outer",
                                  "Parallel Aware": false,
                                  "Index Name": "keyword_id_movie_keyword",
                                  "Startup Cost": 0.0,
                                  "Total Cost": 5275.21,
                                  "Plan Rows": 251570,
                                  "Plan Width": 0,
                                  "Actual Startup Time": 19.832,
                                  "Actual Total Time": 19.832,
                                  "Actual Rows": 256310,
                                  "Actual Loops": 1,
                                  "Index Cond": "(keyword_id > 59932)"
                                }
                              ]
                            },
                            {
                              "Node Type": "Hash",
                              "Parent Relationship": "Inner",
                              "Parallel Aware": true,
                              "Startup Cost": 15122.68,
                              "Total Cost": 15122.68,
                              "Plan Rows": 189755,
                              "Plan Width": 4,
                              "Actual Startup Time": 73.326,
                              "Actual Total Time": 73.328,
                              "Actual Rows": 91985,
                              "Actual Loops": 5,
                              "Hash Buckets": 524288,
                              "Original Hash Buckets": 524288,
                              "Hash Batches": 1,
                              "Original Hash Batches": 1,
                              "Peak Memory Usage": 22144,
                              "Plans": [
                                {
                                  "Node Type": "Seq Scan",
                                  "Parent Relationship": "Outer",
                                  "Parallel Aware": true,
                                  "Relation Name": "movie_info_idx",
                                  "Alias": "mi_idx",
                                  "Startup Cost": 0.0,
                                  "Total Cost": 15122.68,
                                  "Plan Rows": 189755,
                                  "Plan Width": 4,
                                  "Actual Startup Time": 0.054,
                                  "Actual Total Time": 38.338,
                                  "Actual Rows": 91985,
                                  "Actual Loops": 5,
                                  "Filter": "(info_type_id = 99)",
                                  "Rows Removed by Filter": 184022
                                }
                              ]
                            }
                          ]
                        }
                      ]
                    }
                  ]
                }
              ]
            }
          ]
        }
      ]
    },
    "Planning Time": 0.505,
    "Triggers": [],
    "Execution Time": 344.717
  }
]