{
  "Plan": {
    "Node Type": "Aggregate",
    "Strategy": "Plain",
    "Partial Mode": "Finalize",
    "Parallel Aware": false,
    "Startup Cost": 95302.17,
    "Total Cost": 95302.18,
    "Plan Rows": 1,
    "Plan Width": 8,
    "Actual Startup Time": 263.188,
    "Actual Total Time": 278.842,
    "Actual Rows": 1,
    "Actual Loops": 1,
    "Plans": [
      {
        "Node Type": "Gather",
        "Parent Relationship": "Outer",
        "Parallel Aware": false,
        "Startup Cost": 95302.06,
        "Total Cost": 95302.17,
        "Plan Rows": 1,
        "Plan Width": 8,
        "Actual Startup Time": 262.842,
        "Actual Total Time": 278.834,
        "Actual Rows": 2,
        "Actual Loops": 1,
        "Workers Planned": 1,
        "Workers Launched": 1,
        "Single Copy": false,
        "Plans": [
          {
            "Node Type": "Aggregate",
            "Strategy": "Plain",
            "Partial Mode": "Partial",
            "Parent Relationship": "Outer",
            "Parallel Aware": false,
            "Startup Cost": 94302.06,
            "Total Cost": 94302.07,
            "Plan Rows": 1,
            "Plan Width": 8,
            "Actual Startup Time": 256.629,
            "Actual Total Time": 256.633,
            "Actual Rows": 1,
            "Actual Loops": 2,
            "Plans": [
              {
                "Node Type": "Nested Loop",
                "Parent Relationship": "Outer",
                "Parallel Aware": false,
                "Join Type": "Inner",
                "Startup Cost": 69393.22,
                "Total Cost": 94299.9,
                "Plan Rows": 864,
                "Plan Width": 0,
                "Actual Startup Time": 202.587,
                "Actual Total Time": 256.599,
                "Actual Rows": 288,
                "Actual Loops": 2,
                "Inner Unique": false,
                "Join Filter": "(t.id = mk.movie_id)",
                "Rows Removed by Join Filter": 0,
                "Plans": [
                  {
                    "Node Type": "Hash Join",
                    "Parent Relationship": "Outer",
                    "Parallel Aware": true,
                    "Join Type": "Inner",
                    "Startup Cost": 69392.79,
                    "Total Cost": 93099.5,
                    "Plan Rows": 483,
                    "Plan Width": 8,
                    "Actual Startup Time": 202.443,
                    "Actual Total Time": 248.575,
                    "Actual Rows": 1174,
                    "Actual Loops": 2,
                    "Inner Unique": true,
                    "Hash Cond": "(mc.movie_id = t.id)",
                    "Plans": [
                      {
                        "Node Type": "Bitmap Heap Scan",
                        "Parent Relationship": "Outer",
                        "Parallel Aware": true,
                        "Relation Name": "movie_companies",
                        "Alias": "mc",
                        "Startup Cost": 11027.56,
                        "Total Cost": 34333.05,
                        "Plan Rows": 152844,
                        "Plan Width": 4,
                        "Actual Startup Time": 35.246,
                        "Actual Total Time": 79.23,
                        "Actual Rows": 261267,
                        "Actual Loops": 2,
                        "Recheck Cond": "(company_id > 73169)",
                        "Rows Removed by Index Recheck": 0,
                        "Filter": "(company_type_id = 2)",
                        "Rows Removed by Filter": 0,
                        "Exact Heap Blocks": 3676,
                        "Lossy Heap Blocks": 0,
                        "Plans": [
                          {
                            "Node Type": "Bitmap Index Scan",
                            "Parent Relationship": "Outer",
                            "Parallel Aware": false,
                            "Index Name": "company_id_movie_companies",
                            "Startup Cost": 0.0,
                            "Total Cost": 10962.6,
                            "Plan Rows": 511756,
                            "Plan Width": 0,
                            "Actual Startup Time": 34.143,
                            "Actual Total Time": 34.143,
                            "Actual Rows": 522534,
                            "Actual Loops": 1,
                            "Index Cond": "(company_id > 73169)"
                          }
                        ]
                      },
                      {
                        "Node Type": "Hash",
                        "Parent Relationship": "Inner",
                        "Parallel Aware": true,
                        "Startup Cost": 58306.47,
                        "Total Cost": 58306.47,
                        "Plan Rows": 4701,
                        "Plan Width": 4,
                        "Actual Startup Time": 142.276,
                        "Actual Total Time": 142.277,
                        "Actual Rows": 12254,
                        "Actual Loops": 2,
                        "Hash Buckets": 32768,
                        "Original Hash Buckets": 8192,
                        "Hash Batches": 1,
                        "Original Hash Batches": 1,
                        "Peak Memory Usage": 1440,
                        "Plans": [
                          {
                            "Node Type": "Seq Scan",
                            "Parent Relationship": "Outer",
                            "Parallel Aware": true,
                            "Relation Name": "title",
                            "Alias": "t",
                            "Startup Cost": 0.0,
                            "Total Cost": 58306.47,
                            "Plan Rows": 4701,
                            "Plan Width": 4,
                            "Actual Startup Time": 92.167,
                            "Actual Total Time": 137.473,
                            "Actual Rows": 12254,
                            "Actual Loops": 2,
                            "Filter": "((kind_id < 7) AND (production_year < 1910))",
                            "Rows Removed by Filter": 1251902
                          }
                        ]
                      }
                    ]
                  },
                  {
                    "Node Type": "Index Only Scan",
                    "Parent Relationship": "Inner",
                    "Parallel Aware": false,
                    "Scan Direction": "Forward",
                    "Index Name": "movie_id_movie_keyword",
                    "Relation Name": "movie_keyword",
                    "Alias": "mk",
                    "Startup Cost": 0.43,
                    "Total Cost": 1.92,
                    "Plan Rows": 45,
                    "Plan Width": 4,
                    "Actual Startup Time": 0.006,
                    "Actual Total Time": 0.006,
                    "Actual Rows": 0,
                    "Actual Loops": 2348,
                    "Index Cond": "(movie_id = mc.movie_id)",
                    "Rows Removed by Index Recheck": 0,
                    "Heap Fetches": 575
                  }
                ]
              }
            ]
          }
        ]
      }
    ]
  },
  "Planning Time": 0.871,
  "Triggers": [],
  "Execution Time": 278.946
}