[
    {
        "Bao": {
            "Bao prediction": "NaN",
            "Bao recommended hint": "(no hint)"
        }
    },
    {
        "Plan": {
            "Node Type": "Aggregate",
            "Strategy": "Plain",
            "Partial Mode": "Finalize",
            "Parallel Aware": false,
            "Startup Cost": 117550.59,
            "Total Cost": 117550.6,
            "Plan Rows": 1,
            "Plan Width": 8,
            "Actual Startup Time": 873.982,
            "Actual Total Time": 891.725,
            "Actual Rows": 1,
            "Actual Loops": 1,
            "Output": [
                "count(*)"
            ],
            "Plans": [
                {
                    "Node Type": "Gather",
                    "Parent Relationship": "Outer",
                    "Parallel Aware": false,
                    "Startup Cost": 117550.27,
                    "Total Cost": 117550.58,
                    "Plan Rows": 3,
                    "Plan Width": 8,
                    "Actual Startup Time": 864.779,
                    "Actual Total Time": 891.707,
                    "Actual Rows": 4,
                    "Actual Loops": 1,
                    "Output": [
                        "(PARTIAL count(*))"
                    ],
                    "Workers Planned": 3,
                    "Workers Launched": 3,
                    "Single Copy": false,
                    "Plans": [
                        {
                            "Node Type": "Aggregate",
                            "Strategy": "Plain",
                            "Partial Mode": "Partial",
                            "Parent Relationship": "Outer",
                            "Parallel Aware": false,
                            "Startup Cost": 116550.27,
                            "Total Cost": 116550.28,
                            "Plan Rows": 1,
                            "Plan Width": 8,
                            "Actual Startup Time": 855.194,
                            "Actual Total Time": 855.676,
                            "Actual Rows": 1,
                            "Actual Loops": 4,
                            "Output": [
                                "PARTIAL count(*)"
                            ],
                            "Workers": [
                                {
                                    "Worker Number": 0,
                                    "Actual Startup Time": 852.532,
                                    "Actual Total Time": 852.537,
                                    "Actual Rows": 1,
                                    "Actual Loops": 1
                                },
                                {
                                    "Worker Number": 1,
                                    "Actual Startup Time": 851.597,
                                    "Actual Total Time": 851.603,
                                    "Actual Rows": 1,
                                    "Actual Loops": 1
                                },
                                {
                                    "Worker Number": 2,
                                    "Actual Startup Time": 852.49,
                                    "Actual Total Time": 852.496,
                                    "Actual Rows": 1,
                                    "Actual Loops": 1
                                }
                            ],
                            "Plans": [
                                {
                                    "Node Type": "Hash Join",
                                    "Parent Relationship": "Outer",
                                    "Parallel Aware": true,
                                    "Join Type": "Inner",
                                    "Startup Cost": 68241.33,
                                    "Total Cost": 115770.59,
                                    "Plan Rows": 311871,
                                    "Plan Width": 0,
                                    "Actual Startup Time": 589.62,
                                    "Actual Total Time": 843.518,
                                    "Actual Rows": 195150,
                                    "Actual Loops": 4,
                                    "Inner Unique": false,
                                    "Hash Cond": "(mk.movie_id = t.id)",
                                    "Workers": [
                                        {
                                            "Worker Number": 0,
                                            "Actual Startup Time": 586.281,
                                            "Actual Total Time": 840.359,
                                            "Actual Rows": 193926,
                                            "Actual Loops": 1
                                        },
                                        {
                                            "Worker Number": 1,
                                            "Actual Startup Time": 586.289,
                                            "Actual Total Time": 839.416,
                                            "Actual Rows": 193164,
                                            "Actual Loops": 1
                                        },
                                        {
                                            "Worker Number": 2,
                                            "Actual Startup Time": 587.146,
                                            "Actual Total Time": 840.36,
                                            "Actual Rows": 192921,
                                            "Actual Loops": 1
                                        }
                                    ],
                                    "Plans": [
                                        {
                                            "Node Type": "Seq Scan",
                                            "Parent Relationship": "Outer",
                                            "Parallel Aware": true,
                                            "Relation Name": "movie_keyword",
                                            "Schema": "public",
                                            "Alias": "mk",
                                            "Startup Cost": 0.0,
                                            "Total Cost": 42695.65,
                                            "Plan Rows": 942440,
                                            "Plan Width": 4,
                                            "Actual Startup Time": 0.168,
                                            "Actual Total Time": 151.801,
                                            "Actual Rows": 729435,
                                            "Actual Loops": 4,
                                            "Output": [
                                                "mk.id",
                                                "mk.movie_id",
                                                "mk.keyword_id"
                                            ],
                                            "Filter": "(mk.keyword_id > 2487)",
                                            "Rows Removed by Filter": 401547,
                                            "Workers": [
                                                {
                                                    "Worker Number": 0,
                                                    "Actual Startup Time": 0.137,
                                                    "Actual Total Time": 153.181,
                                                    "Actual Rows": 716418,
                                                    "Actual Loops": 1
                                                },
                                                {
                                                    "Worker Number": 1,
                                                    "Actual Startup Time": 0.08,
                                                    "Actual Total Time": 153.017,
                                                    "Actual Rows": 713622,
                                                    "Actual Loops": 1
                                                },
                                                {
                                                    "Worker Number": 2,
                                                    "Actual Startup Time": 0.227,
                                                    "Actual Total Time": 153.151,
                                                    "Actual Rows": 705052,
                                                    "Actual Loops": 1
                                                }
                                            ]
                                        },
                                        {
                                            "Node Type": "Hash",
                                            "Parent Relationship": "Inner",
                                            "Parallel Aware": true,
                                            "Startup Cost": 63883.68,
                                            "Total Cost": 63883.68,
                                            "Plan Rows": 348612,
                                            "Plan Width": 8,
                                            "Actual Startup Time": 584.216,
                                            "Actual Total Time": 584.696,
                                            "Actual Rows": 106430,
                                            "Actual Loops": 4,
                                            "Output": [
                                                "t.id",
                                                "mi_idx.movie_id"
                                            ],
                                            "Hash Buckets": 1048576,
                                            "Original Hash Buckets": 1048576,
                                            "Hash Batches": 1,
                                            "Original Hash Batches": 1,
                                            "Peak Memory Usage": 24896,
                                            "Workers": [
                                                {
                                                    "Worker Number": 0,
                                                    "Actual Startup Time": 585.134,
                                                    "Actual Total Time": 585.138,
                                                    "Actual Rows": 108778,
                                                    "Actual Loops": 1
                                                },
                                                {
                                                    "Worker Number": 1,
                                                    "Actual Startup Time": 585.183,
                                                    "Actual Total Time": 585.187,
                                                    "Actual Rows": 104926,
                                                    "Actual Loops": 1
                                                },
                                                {
                                                    "Worker Number": 2,
                                                    "Actual Startup Time": 586.127,
                                                    "Actual Total Time": 586.131,
                                                    "Actual Rows": 104933,
                                                    "Actual Loops": 1
                                                }
                                            ],
                                            "Plans": [
                                                {
                                                    "Node Type": "Hash Join",
                                                    "Parent Relationship": "Outer",
                                                    "Parallel Aware": true,
                                                    "Join Type": "Inner",
                                                    "Startup Cost": 48689.12,
                                                    "Total Cost": 63883.68,
                                                    "Plan Rows": 348612,
                                                    "Plan Width": 8,
                                                    "Actual Startup Time": 388.824,
                                                    "Actual Total Time": 539.034,
                                                    "Actual Rows": 106430,
                                                    "Actual Loops": 4,
                                                    "Output": [
                                                        "t.id",
                                                        "mi_idx.movie_id"
                                                    ],
                                                    "Inner Unique": true,
                                                    "Hash Cond": "(mi_idx.movie_id = t.id)",
                                                    "Workers": [
                                                        {
                                                            "Worker Number": 0,
                                                            "Actual Startup Time": 388.795,
                                                            "Actual Total Time": 539.781,
                                                            "Actual Rows": 108778,
                                                            "Actual Loops": 1
                                                        },
                                                        {
                                                            "Worker Number": 1,
                                                            "Actual Startup Time": 388.779,
                                                            "Actual Total Time": 538.505,
                                                            "Actual Rows": 104926,
                                                            "Actual Loops": 1
                                                        },
                                                        {
                                                            "Worker Number": 2,
                                                            "Actual Startup Time": 388.703,
                                                            "Actual Total Time": 538.299,
                                                            "Actual Rows": 104933,
                                                            "Actual Loops": 1
                                                        }
                                                    ],
                                                    "Plans": [
                                                        {
                                                            "Node Type": "Seq Scan",
                                                            "Parent Relationship": "Outer",
                                                            "Parallel Aware": true,
                                                            "Relation Name": "movie_info_idx",
                                                            "Schema": "public",
                                                            "Alias": "mi_idx",
                                                            "Startup Cost": 0.0,
                                                            "Total Cost": 13685.15,
                                                            "Plan Rows": 575015,
                                                            "Plan Width": 4,
                                                            "Actual Startup Time": 0.057,
                                                            "Actual Total Time": 43.662,
                                                            "Actual Rows": 345009,
                                                            "Actual Loops": 4,
                                                            "Output": [
                                                                "mi_idx.id",
                                                                "mi_idx.movie_id",
                                                                "mi_idx.info_type_id",
                                                                "mi_idx.info",
                                                                "mi_idx.note"
                                                            ],
                                                            "Workers": [
                                                                {
                                                                    "Worker Number": 0,
                                                                    "Actual Startup Time": 0.069,
                                                                    "Actual Total Time": 44.851,
                                                                    "Actual Rows": 348396,
                                                                    "Actual Loops": 1
                                                                },
                                                                {
                                                                    "Worker Number": 1,
                                                                    "Actual Startup Time": 0.067,
                                                                    "Actual Total Time": 44.93,
                                                                    "Actual Rows": 340728,
                                                                    "Actual Loops": 1
                                                                },
                                                                {
                                                                    "Worker Number": 2,
                                                                    "Actual Startup Time": 0.051,
                                                                    "Actual Total Time": 44.86,
                                                                    "Actual Rows": 334734,
                                                                    "Actual Loops": 1
                                                                }
                                                            ]
                                                        },
                                                        {
                                                            "Node Type": "Hash",
                                                            "Parent Relationship": "Inner",
                                                            "Parallel Aware": true,
                                                            "Startup Cost": 43899.01,
                                                            "Total Cost": 43899.01,
                                                            "Plan Rows": 383209,
                                                            "Plan Width": 4,
                                                            "Actual Startup Time": 382.961,
                                                            "Actual Total Time": 382.963,
                                                            "Actual Rows": 385816,
                                                            "Actual Loops": 4,
                                                            "Output": [
                                                                "t.id"
                                                            ],
                                                            "Hash Buckets": 2097152,
                                                            "Original Hash Buckets": 2097152,
                                                            "Hash Batches": 1,
                                                            "Original Hash Batches": 1,
                                                            "Peak Memory Usage": 76800,
                                                            "Workers": [
                                                                {
                                                                    "Worker Number": 0,
                                                                    "Actual Startup Time": 388.393,
                                                                    "Actual Total Time": 388.394,
                                                                    "Actual Rows": 386825,
                                                                    "Actual Loops": 1
                                                                },
                                                                {
                                                                    "Worker Number": 1,
                                                                    "Actual Startup Time": 388.443,
                                                                    "Actual Total Time": 388.445,
                                                                    "Actual Rows": 382498,
                                                                    "Actual Loops": 1
                                                                },
                                                                {
                                                                    "Worker Number": 2,
                                                                    "Actual Startup Time": 388.522,
                                                                    "Actual Total Time": 388.523,
                                                                    "Actual Rows": 325927,
                                                                    "Actual Loops": 1
                                                                }
                                                            ],
                                                            "Plans": [
                                                                {
                                                                    "Node Type": "Seq Scan",
                                                                    "Parent Relationship": "Outer",
                                                                    "Parallel Aware": true,
                                                                    "Relation Name": "title",
                                                                    "Schema": "public",
                                                                    "Alias": "t",
                                                                    "Startup Cost": 0.0,
                                                                    "Total Cost": 43899.01,
                                                                    "Plan Rows": 383209,
                                                                    "Plan Width": 4,
                                                                    "Actual Startup Time": 0.081,
                                                                    "Actual Total Time": 150.741,
                                                                    "Actual Rows": 385816,
                                                                    "Actual Loops": 4,
                                                                    "Output": [
                                                                        "t.id"
                                                                    ],
                                                                    "Filter": "(t.kind_id = 7)",
                                                                    "Rows Removed by Filter": 246262,
                                                                    "Workers": [
                                                                        {
                                                                            "Worker Number": 0,
                                                                            "Actual Startup Time": 0.108,
                                                                            "Actual Total Time": 157.297,
                                                                            "Actual Rows": 386825,
                                                                            "Actual Loops": 1
                                                                        },
                                                                        {
                                                                            "Worker Number": 1,
                                                                            "Actual Startup Time": 0.082,
                                                                            "Actual Total Time": 156.531,
                                                                            "Actual Rows": 382498,
                                                                            "Actual Loops": 1
                                                                        },
                                                                        {
                                                                            "Worker Number": 2,
                                                                            "Actual Startup Time": 0.109,
                                                                            "Actual Total Time": 146.654,
                                                                            "Actual Rows": 325927,
                                                                            "Actual Loops": 1
                                                                        }
                                                                    ]
                                                                }
                                                            ]
                                                        }
                                                    ]
                                                }
                                            ]
                                        }
                                    ]
                                }
                            ]
                        }
                    ]
                }
            ]
        },
        "Planning Time": 284.387,
        "Triggers": [],
        "Execution Time": 891.884
    }
]