[
  {
    "Plan": {
      "Node Type": "Aggregate",
      "Strategy": "Plain",
      "Partial Mode": "Finalize",
      "Parallel Aware": false,
      "Startup Cost": 6433.27,
      "Total Cost": 6433.28,
      "Plan Rows": 1,
      "Plan Width": 64,
      "Actual Startup Time": 35.155,
      "Actual Total Time": 37.634,
      "Actual Rows": 1,
      "Actual Loops": 1,
      "Plans": [
        {
          "Node Type": "Gather",
          "Parent Relationship": "Outer",
          "Parallel Aware": false,
          "Startup Cost": 6433.15,
          "Total Cost": 6433.26,
          "Plan Rows": 1,
          "Plan Width": 64,
          "Actual Startup Time": 34.906,
          "Actual Total Time": 37.624,
          "Actual Rows": 2,
          "Actual Loops": 1,
          "Workers Planned": 1,
          "Workers Launched": 1,
          "Single Copy": false,
          "Plans": [
            {
              "Node Type": "Aggregate",
              "Strategy": "Plain",
              "Partial Mode": "Partial",
              "Parent Relationship": "Outer",
              "Parallel Aware": false,
              "Startup Cost": 5433.15,
              "Total Cost": 5433.16,
              "Plan Rows": 1,
              "Plan Width": 64,
              "Actual Startup Time": 27.765,
              "Actual Total Time": 27.77,
              "Actual Rows": 1,
              "Actual Loops": 2,
              "Plans": [
                {
                  "Node Type": "Nested Loop",
                  "Parent Relationship": "Outer",
                  "Parallel Aware": false,
                  "Join Type": "Inner",
                  "Startup Cost": 2.84,
                  "Total Cost": 5433.1,
                  "Plan Rows": 11,
                  "Plan Width": 60,
                  "Actual Startup Time": 15.106,
                  "Actual Total Time": 27.759,
                  "Actual Rows": 9,
                  "Actual Loops": 2,
                  "Inner Unique": true,
                  "Plans": [
                    {
                      "Node Type": "Nested Loop",
                      "Parent Relationship": "Outer",
                      "Parallel Aware": false,
                      "Join Type": "Inner",
                      "Startup Cost": 2.42,
                      "Total Cost": 5428.27,
                      "Plan Rows": 11,
                      "Plan Width": 64,
                      "Actual Startup Time": 15.066,
                      "Actual Total Time": 27.599,
                      "Actual Rows": 9,
                      "Actual Loops": 2,
                      "Inner Unique": false,
                      "Plans": [
                        {
                          "Node Type": "Nested Loop",
                          "Parent Relationship": "Outer",
                          "Parallel Aware": false,
                          "Join Type": "Inner",
                          "Startup Cost": 1.99,
                          "Total Cost": 5426.45,
                          "Plan Rows": 1,
                          "Plan Width": 76,
                          "Actual Startup Time": 15.018,
                          "Actual Total Time": 27.541,
                          "Actual Rows": 2,
                          "Actual Loops": 2,
                          "Inner Unique": true,
                          "Plans": [
                            {
                              "Node Type": "Nested Loop",
                              "Parent Relationship": "Outer",
                              "Parallel Aware": false,
                              "Join Type": "Inner",
                              "Startup Cost": 1.85,
                              "Total Cost": 5426.16,
                              "Plan Rows": 1,
                              "Plan Width": 80,
                              "Actual Startup Time": 15.01,
                              "Actual Total Time": 27.531,
                              "Actual Rows": 2,
                              "Actual Loops": 2,
                              "Inner Unique": false,
                              "Plans": [
                                {
                                  "Node Type": "Nested Loop",
                                  "Parent Relationship": "Outer",
                                  "Parallel Aware": false,
                                  "Join Type": "Inner",
                                  "Startup Cost": 1.41,
                                  "Total Cost": 5424.2,
                                  "Plan Rows": 1,
                                  "Plan Width": 29,
                                  "Actual Startup Time": 14.949,
                                  "Actual Total Time": 27.397,
                                  "Actual Rows": 2,
                                  "Actual Loops": 2,
                                  "Inner Unique": true,
                                  "Plans": [
                                    {
                                      "Node Type": "Nested Loop",
                                      "Parent Relationship": "Outer",
                                      "Parallel Aware": false,
                                      "Join Type": "Inner",
                                      "Startup Cost": 0.98,
                                      "Total Cost": 5423.25,
                                      "Plan Rows": 1,
                                      "Plan Width": 8,
                                      "Actual Startup Time": 14.906,
                                      "Actual Total Time": 27.349,
                                      "Actual Rows": 2,
                                      "Actual Loops": 2,
                                      "Inner Unique": true,
                                      "Plans": [
                                        {
                                          "Node Type": "Nested Loop",
                                          "Parent Relationship": "Outer",
                                          "Parallel Aware": false,
                                          "Join Type": "Inner",
                                          "Startup Cost": 0.85,
                                          "Total Cost": 5423.1,
                                          "Plan Rows": 1,
                                          "Plan Width": 12,
                                          "Actual Startup Time": 14.897,
                                          "Actual Total Time": 27.335,
                                          "Actual Rows": 2,
                                          "Actual Loops": 2,
                                          "Inner Unique": false,
                                          "Plans": [
                                            {
                                              "Node Type": "Nested Loop",
                                              "Parent Relationship": "Outer",
                                              "Parallel Aware": false,
                                              "Join Type": "Inner",
                                              "Startup Cost": 0.43,
                                              "Total Cost": 5420.95,
                                              "Plan Rows": 1,
                                              "Plan Width": 8,
                                              "Actual Startup Time": 14.854,
                                              "Actual Total Time": 27.251,
                                              "Actual Rows": 0,
                                              "Actual Loops": 2,
                                              "Inner Unique": false,
                                              "Plans": [
                                                {
                                                  "Node Type": "Seq Scan",
                                                  "Parent Relationship": "Outer",
                                                  "Parallel Aware": true,
                                                  "Relation Name": "company_name",
                                                  "Alias": "cn",
                                                  "Startup Cost": 0.0,
                                                  "Total Cost": 5068.5,
                                                  "Plan Rows": 1,
                                                  "Plan Width": 4,
                                                  "Actual Startup Time": 14.79,
                                                  "Actual Total Time": 27.185,
                                                  "Actual Rows": 0,
                                                  "Actual Loops": 2,
                                                  "Filter": "(((country_code)::text = '[us]'::text) AND (name = 'EA Mobile'::text))",
                                                  "Rows Removed by Filter": 117498
                                                },
                                                {
                                                  "Node Type": "Index Scan",
                                                  "Parent Relationship": "Inner",
                                                  "Parallel Aware": false,
                                                  "Scan Direction": "Forward",
                                                  "Index Name": "company_id_movie_companies",
                                                  "Relation Name": "movie_companies",
                                                  "Alias": "mc",
                                                  "Startup Cost": 0.43,
                                                  "Total Cost": 352.44,
                                                  "Plan Rows": 1,
                                                  "Plan Width": 12,
                                                  "Actual Startup Time": 0.122,
                                                  "Actual Total Time": 0.123,
                                                  "Actual Rows": 1,
                                                  "Actual Loops": 1,
                                                  "Index Cond": "(company_id = cn.id)",
                                                  "Rows Removed by Index Recheck": 0,
                                                  "Filter": "((note ~~ '%(200%)%'::text) AND (note ~~ '%(worldwide)%'::text))",
                                                  "Rows Removed by Filter": 0
                                                }
                                              ]
                                            },
                                            {
                                              "Node Type": "Index Only Scan",
                                              "Parent Relationship": "Inner",
                                              "Parallel Aware": false,
                                              "Scan Direction": "Forward",
                                              "Index Name": "movie_id_aka_title",
                                              "Relation Name": "aka_title",
                                              "Alias": "at",
                                              "Startup Cost": 0.42,
                                              "Total Cost": 2.12,
                                              "Plan Rows": 3,
                                              "Plan Width": 4,
                                              "Actual Startup Time": 0.082,
                                              "Actual Total Time": 0.163,
                                              "Actual Rows": 3,
                                              "Actual Loops": 1,
                                              "Index Cond": "(movie_id = mc.movie_id)",
                                              "Rows Removed by Index Recheck": 0,
                                              "Heap Fetches": 3
                                            }
                                          ]
                                        },
                                        {
                                          "Node Type": "Index Only Scan",
                                          "Parent Relationship": "Inner",
                                          "Parallel Aware": false,
                                          "Scan Direction": "Forward",
                                          "Index Name": "company_type_pkey",
                                          "Relation Name": "company_type",
                                          "Alias": "ct",
                                          "Startup Cost": 0.13,
                                          "Total Cost": 0.15,
                                          "Plan Rows": 1,
                                          "Plan Width": 4,
                                          "Actual Startup Time": 0.007,
                                          "Actual Total Time": 0.007,
                                          "Actual Rows": 1,
                                          "Actual Loops": 3,
                                          "Index Cond": "(id = mc.company_type_id)",
                                          "Rows Removed by Index Recheck": 0,
                                          "Heap Fetches": 3
                                        }
                                      ]
                                    },
                                    {
                                      "Node Type": "Index Scan",
                                      "Parent Relationship": "Inner",
                                      "Parallel Aware": false,
                                      "Scan Direction": "Forward",
                                      "Index Name": "title_pkey",
                                      "Relation Name": "title",
                                      "Alias": "t",
                                      "Startup Cost": 0.43,
                                      "Total Cost": 0.95,
                                      "Plan Rows": 1,
                                      "Plan Width": 21,
                                      "Actual Startup Time": 0.03,
                                      "Actual Total Time": 0.03,
                                      "Actual Rows": 1,
                                      "Actual Loops": 3,
                                      "Index Cond": "(id = at.movie_id)",
                                      "Rows Removed by Index Recheck": 0,
                                      "Filter": "((production_year >= 1998) AND (production_year <= 2012))",
                                      "Rows Removed by Filter": 0
                                    }
                                  ]
                                },
                                {
                                  "Node Type": "Index Scan",
                                  "Parent Relationship": "Inner",
                                  "Parallel Aware": false,
                                  "Scan Direction": "Forward",
                                  "Index Name": "movie_id_movie_info",
                                  "Relation Name": "movie_info",
                                  "Alias": "mi",
                                  "Startup Cost": 0.43,
                                  "Total Cost": 1.94,
                                  "Plan Rows": 1,
                                  "Plan Width": 51,
                                  "Actual Startup Time": 0.044,
                                  "Actual Total Time": 0.087,
                                  "Actual Rows": 1,
                                  "Actual Loops": 3,
                                  "Index Cond": "(movie_id = t.id)",
                                  "Rows Removed by Index Recheck": 0,
                                  "Filter": "((note ~~ '%internet%'::text) AND (info ~~ 'USA:% 200%'::text))",
                                  "Rows Removed by Filter": 17
                                }
                              ]
                            },
                            {
                              "Node Type": "Index Scan",
                              "Parent Relationship": "Inner",
                              "Parallel Aware": false,
                              "Scan Direction": "Forward",
                              "Index Name": "info_type_pkey",
                              "Relation Name": "info_type",
                              "Alias": "it1",
                              "Startup Cost": 0.14,
                              "Total Cost": 0.22,
                              "Plan Rows": 1,
                              "Plan Width": 4,
                              "Actual Startup Time": 0.005,
                              "Actual Total Time": 0.005,
                              "Actual Rows": 1,
                              "Actual Loops": 3,
                              "Index Cond": "(id = mi.info_type_id)",
                              "Rows Removed by Index Recheck": 0,
                              "Filter": "((info)::text = 'release dates'::text)",
                              "Rows Removed by Filter": 0
                            }
                          ]
                        },
                        {
                          "Node Type": "Index Scan",
                          "Parent Relationship": "Inner",
                          "Parallel Aware": false,
                          "Scan Direction": "Forward",
                          "Index Name": "movie_id_movie_keyword",
                          "Relation Name": "movie_keyword",
                          "Alias": "mk",
                          "Startup Cost": 0.43,
                          "Total Cost": 1.36,
                          "Plan Rows": 46,
                          "Plan Width": 8,
                          "Actual Startup Time": 0.034,
                          "Actual Total Time": 0.036,
                          "Actual Rows": 6,
                          "Actual Loops": 3,
                          "Index Cond": "(movie_id = t.id)",
                          "Rows Removed by Index Recheck": 0
                        }
                      ]
                    },
                    {
                      "Node Type": "Index Only Scan",
                      "Parent Relationship": "Inner",
                      "Parallel Aware": false,
                      "Scan Direction": "Forward",
                      "Index Name": "keyword_pkey",
                      "Relation Name": "keyword",
                      "Alias": "k",
                      "Startup Cost": 0.42,
                      "Total Cost": 0.44,
                      "Plan Rows": 1,
                      "Plan Width": 4,
                      "Actual Startup Time": 0.017,
                      "Actual Total Time": 0.017,
                      "Actual Rows": 1,
                      "Actual Loops": 18,
                      "Index Cond": "(id = mk.keyword_id)",
                      "Rows Removed by Index Recheck": 0,
                      "Heap Fetches": 18
                    }
                  ]
                }
              ]
            }
          ]
        }
      ]
    },
    "Planning Time": 30.423,
    "Triggers": [],
    "Execution Time": 38.022
  }
]