[
    {
        "Bao": {
            "Bao prediction": 190.808,
            "Bao recommended hint": "(no hint)"
        }
    },
    {
        "Plan": {
            "Node Type": "Aggregate",
            "Strategy": "Plain",
            "Partial Mode": "Finalize",
            "Parallel Aware": false,
            "Startup Cost": 21173.44,
            "Total Cost": 21173.45,
            "Plan Rows": 1,
            "Plan Width": 68,
            "Actual Startup Time": 104.475,
            "Actual Total Time": 107.999,
            "Actual Rows": 1,
            "Actual Loops": 1,
            "Output": [
                "min(mc.note)",
                "min(t.title)",
                "min(t.production_year)"
            ],
            "Plans": [
                {
                    "Node Type": "Gather",
                    "Parent Relationship": "Outer",
                    "Parallel Aware": false,
                    "Startup Cost": 21173.21,
                    "Total Cost": 21173.42,
                    "Plan Rows": 2,
                    "Plan Width": 68,
                    "Actual Startup Time": 103.373,
                    "Actual Total Time": 107.989,
                    "Actual Rows": 3,
                    "Actual Loops": 1,
                    "Output": [
                        "(PARTIAL min(mc.note))",
                        "(PARTIAL min(t.title))",
                        "(PARTIAL min(t.production_year))"
                    ],
                    "Workers Planned": 2,
                    "Workers Launched": 2,
                    "Single Copy": false,
                    "Plans": [
                        {
                            "Node Type": "Aggregate",
                            "Strategy": "Plain",
                            "Partial Mode": "Partial",
                            "Parent Relationship": "Outer",
                            "Parallel Aware": false,
                            "Startup Cost": 20173.21,
                            "Total Cost": 20173.22,
                            "Plan Rows": 1,
                            "Plan Width": 68,
                            "Actual Startup Time": 93.888,
                            "Actual Total Time": 93.893,
                            "Actual Rows": 1,
                            "Actual Loops": 3,
                            "Output": [
                                "PARTIAL min(mc.note)",
                                "PARTIAL min(t.title)",
                                "PARTIAL min(t.production_year)"
                            ],
                            "Workers": [
                                {
                                    "Worker Number": 0,
                                    "Actual Startup Time": 89.418,
                                    "Actual Total Time": 89.423,
                                    "Actual Rows": 1,
                                    "Actual Loops": 1
                                },
                                {
                                    "Worker Number": 1,
                                    "Actual Startup Time": 90.427,
                                    "Actual Total Time": 90.431,
                                    "Actual Rows": 1,
                                    "Actual Loops": 1
                                }
                            ],
                            "Plans": [
                                {
                                    "Node Type": "Hash Join",
                                    "Parent Relationship": "Outer",
                                    "Parallel Aware": false,
                                    "Join Type": "Inner",
                                    "Startup Cost": 4.35,
                                    "Total Cost": 20158.54,
                                    "Plan Rows": 1956,
                                    "Plan Width": 45,
                                    "Actual Startup Time": 93.852,
                                    "Actual Total Time": 93.885,
                                    "Actual Rows": 1,
                                    "Actual Loops": 3,
                                    "Output": [
                                        "mc.note",
                                        "t.title",
                                        "t.production_year"
                                    ],
                                    "Inner Unique": true,
                                    "Hash Cond": "(mc.company_type_id = ct.id)",
                                    "Workers": [
                                        {
                                            "Worker Number": 0,
                                            "Actual Startup Time": 89.411,
                                            "Actual Total Time": 89.416,
                                            "Actual Rows": 0,
                                            "Actual Loops": 1
                                        },
                                        {
                                            "Worker Number": 1,
                                            "Actual Startup Time": 90.331,
                                            "Actual Total Time": 90.419,
                                            "Actual Rows": 4,
                                            "Actual Loops": 1
                                        }
                                    ],
                                    "Plans": [
                                        {
                                            "Node Type": "Nested Loop",
                                            "Parent Relationship": "Outer",
                                            "Parallel Aware": false,
                                            "Join Type": "Inner",
                                            "Startup Cost": 3.29,
                                            "Total Cost": 20115.18,
                                            "Plan Rows": 7826,
                                            "Plan Width": 49,
                                            "Actual Startup Time": 93.266,
                                            "Actual Total Time": 93.501,
                                            "Actual Rows": 26,
                                            "Actual Loops": 3,
                                            "Output": [
                                                "mc.note",
                                                "mc.company_type_id",
                                                "t.title",
                                                "t.production_year"
                                            ],
                                            "Inner Unique": false,
                                            "Workers": [
                                                {
                                                    "Worker Number": 0,
                                                    "Actual Startup Time": 88.938,
                                                    "Actual Total Time": 88.942,
                                                    "Actual Rows": 0,
                                                    "Actual Loops": 1
                                                },
                                                {
                                                    "Worker Number": 1,
                                                    "Actual Startup Time": 89.221,
                                                    "Actual Total Time": 89.919,
                                                    "Actual Rows": 78,
                                                    "Actual Loops": 1
                                                }
                                            ],
                                            "Plans": [
                                                {
                                                    "Node Type": "Nested Loop",
                                                    "Parent Relationship": "Outer",
                                                    "Parallel Aware": false,
                                                    "Join Type": "Inner",
                                                    "Startup Cost": 2.86,
                                                    "Total Cost": 18220.15,
                                                    "Plan Rows": 2977,
                                                    "Plan Width": 29,
                                                    "Actual Startup Time": 93.232,
                                                    "Actual Total Time": 93.339,
                                                    "Actual Rows": 2,
                                                    "Actual Loops": 3,
                                                    "Output": [
                                                        "mi_idx.movie_id",
                                                        "t.title",
                                                        "t.production_year",
                                                        "t.id"
                                                    ],
                                                    "Inner Unique": true,
                                                    "Workers": [
                                                        {
                                                            "Worker Number": 0,
                                                            "Actual Startup Time": 88.937,
                                                            "Actual Total Time": 88.94,
                                                            "Actual Rows": 0,
                                                            "Actual Loops": 1
                                                        },
                                                        {
                                                            "Worker Number": 1,
                                                            "Actual Startup Time": 89.119,
                                                            "Actual Total Time": 89.434,
                                                            "Actual Rows": 7,
                                                            "Actual Loops": 1
                                                        }
                                                    ],
                                                    "Plans": [
                                                        {
                                                            "Node Type": "Hash Join",
                                                            "Parent Relationship": "Outer",
                                                            "Parallel Aware": false,
                                                            "Join Type": "Inner",
                                                            "Startup Cost": 2.43,
                                                            "Total Cost": 15253.6,
                                                            "Plan Rows": 5089,
                                                            "Plan Width": 4,
                                                            "Actual Startup Time": 93.166,
                                                            "Actual Total Time": 93.17,
                                                            "Actual Rows": 3,
                                                            "Actual Loops": 3,
                                                            "Output": [
                                                                "mi_idx.movie_id"
                                                            ],
                                                            "Inner Unique": true,
                                                            "Hash Cond": "(mi_idx.info_type_id = it.id)",
                                                            "Workers": [
                                                                {
                                                                    "Worker Number": 0,
                                                                    "Actual Startup Time": 88.936,
                                                                    "Actual Total Time": 88.938,
                                                                    "Actual Rows": 0,
                                                                    "Actual Loops": 1
                                                                },
                                                                {
                                                                    "Worker Number": 1,
                                                                    "Actual Startup Time": 88.925,
                                                                    "Actual Total Time": 88.933,
                                                                    "Actual Rows": 10,
                                                                    "Actual Loops": 1
                                                                }
                                                            ],
                                                            "Plans": [
                                                                {
                                                                    "Node Type": "Seq Scan",
                                                                    "Parent Relationship": "Outer",
                                                                    "Parallel Aware": true,
                                                                    "Relation Name": "movie_info_idx",
                                                                    "Schema": "public",
                                                                    "Alias": "mi_idx",
                                                                    "Startup Cost": 0.0,
                                                                    "Total Cost": 13685.15,
                                                                    "Plan Rows": 575015,
                                                                    "Plan Width": 8,
                                                                    "Actual Startup Time": 0.062,
                                                                    "Actual Total Time": 52.811,
                                                                    "Actual Rows": 460012,
                                                                    "Actual Loops": 3,
                                                                    "Output": [
                                                                        "mi_idx.id",
                                                                        "mi_idx.movie_id",
                                                                        "mi_idx.info_type_id",
                                                                        "mi_idx.info",
                                                                        "mi_idx.note"
                                                                    ],
                                                                    "Workers": [
                                                                        {
                                                                            "Worker Number": 0,
                                                                            "Actual Startup Time": 0.087,
                                                                            "Actual Total Time": 49.985,
                                                                            "Actual Rows": 356191,
                                                                            "Actual Loops": 1
                                                                        },
                                                                        {
                                                                            "Worker Number": 1,
                                                                            "Actual Startup Time": 0.086,
                                                                            "Actual Total Time": 50.455,
                                                                            "Actual Rows": 497877,
                                                                            "Actual Loops": 1
                                                                        }
                                                                    ]
                                                                },
                                                                {
                                                                    "Node Type": "Hash",
                                                                    "Parent Relationship": "Inner",
                                                                    "Parallel Aware": false,
                                                                    "Startup Cost": 2.41,
                                                                    "Total Cost": 2.41,
                                                                    "Plan Rows": 1,
                                                                    "Plan Width": 4,
                                                                    "Actual Startup Time": 0.079,
                                                                    "Actual Total Time": 0.079,
                                                                    "Actual Rows": 1,
                                                                    "Actual Loops": 3,
                                                                    "Output": [
                                                                        "it.id"
                                                                    ],
                                                                    "Hash Buckets": 1024,
                                                                    "Original Hash Buckets": 1024,
                                                                    "Hash Batches": 1,
                                                                    "Original Hash Batches": 1,
                                                                    "Peak Memory Usage": 9,
                                                                    "Workers": [
                                                                        {
                                                                            "Worker Number": 0,
                                                                            "Actual Startup Time": 0.093,
                                                                            "Actual Total Time": 0.094,
                                                                            "Actual Rows": 1,
                                                                            "Actual Loops": 1
                                                                        },
                                                                        {
                                                                            "Worker Number": 1,
                                                                            "Actual Startup Time": 0.091,
                                                                            "Actual Total Time": 0.092,
                                                                            "Actual Rows": 1,
                                                                            "Actual Loops": 1
                                                                        }
                                                                    ],
                                                                    "Plans": [
                                                                        {
                                                                            "Node Type": "Seq Scan",
                                                                            "Parent Relationship": "Outer",
                                                                            "Parallel Aware": false,
                                                                            "Relation Name": "info_type",
                                                                            "Schema": "public",
                                                                            "Alias": "it",
                                                                            "Startup Cost": 0.0,
                                                                            "Total Cost": 2.41,
                                                                            "Plan Rows": 1,
                                                                            "Plan Width": 4,
                                                                            "Actual Startup Time": 0.065,
                                                                            "Actual Total Time": 0.067,
                                                                            "Actual Rows": 1,
                                                                            "Actual Loops": 3,
                                                                            "Output": [
                                                                                "it.id"
                                                                            ],
                                                                            "Filter": "((it.info)::text = 'bottom 10 rank'::text)",
                                                                            "Rows Removed by Filter": 112,
                                                                            "Workers": [
                                                                                {
                                                                                    "Worker Number": 0,
                                                                                    "Actual Startup Time": 0.079,
                                                                                    "Actual Total Time": 0.081,
                                                                                    "Actual Rows": 1,
                                                                                    "Actual Loops": 1
                                                                                },
                                                                                {
                                                                                    "Worker Number": 1,
                                                                                    "Actual Startup Time": 0.077,
                                                                                    "Actual Total Time": 0.079,
                                                                                    "Actual Rows": 1,
                                                                                    "Actual Loops": 1
                                                                                }
                                                                            ]
                                                                        }
                                                                    ]
                                                                }
                                                            ]
                                                        },
                                                        {
                                                            "Node Type": "Index Scan",
                                                            "Parent Relationship": "Inner",
                                                            "Parallel Aware": false,
                                                            "Scan Direction": "Forward",
                                                            "Index Name": "title_pkey",
                                                            "Relation Name": "title",
                                                            "Schema": "public",
                                                            "Alias": "t",
                                                            "Startup Cost": 0.43,
                                                            "Total Cost": 0.58,
                                                            "Plan Rows": 1,
                                                            "Plan Width": 25,
                                                            "Actual Startup Time": 0.049,
                                                            "Actual Total Time": 0.049,
                                                            "Actual Rows": 1,
                                                            "Actual Loops": 10,
                                                            "Output": [
                                                                "t.id",
                                                                "t.title",
                                                                "t.imdb_index",
                                                                "t.kind_id",
                                                                "t.production_year",
                                                                "t.imdb_id",
                                                                "t.phonetic_code",
                                                                "t.episode_of_id",
                                                                "t.season_nr",
                                                                "t.episode_nr",
                                                                "t.series_years",
                                                                "t.md5sum"
                                                            ],
                                                            "Index Cond": "(t.id = mi_idx.movie_id)",
                                                            "Rows Removed by Index Recheck": 0,
                                                            "Filter": "((t.production_year >= 1998) AND (t.production_year <= 2012))",
                                                            "Rows Removed by Filter": 0,
                                                            "Workers": [
                                                                {
                                                                    "Worker Number": 1,
                                                                    "Actual Startup Time": 0.049,
                                                                    "Actual Total Time": 0.049,
                                                                    "Actual Rows": 1,
                                                                    "Actual Loops": 10
                                                                }
                                                            ]
                                                        }
                                                    ]
                                                },
                                                {
                                                    "Node Type": "Index Scan",
                                                    "Parent Relationship": "Inner",
                                                    "Parallel Aware": false,
                                                    "Scan Direction": "Forward",
                                                    "Index Name": "movie_id_movie_companies",
                                                    "Relation Name": "movie_companies",
                                                    "Schema": "public",
                                                    "Alias": "mc",
                                                    "Startup Cost": 0.43,
                                                    "Total Cost": 0.61,
                                                    "Plan Rows": 3,
                                                    "Plan Width": 32,
                                                    "Actual Startup Time": 0.053,
                                                    "Actual Total Time": 0.067,
                                                    "Actual Rows": 11,
                                                    "Actual Loops": 7,
                                                    "Output": [
                                                        "mc.id",
                                                        "mc.movie_id",
                                                        "mc.company_id",
                                                        "mc.company_type_id",
                                                        "mc.note"
                                                    ],
                                                    "Index Cond": "(mc.movie_id = t.id)",
                                                    "Rows Removed by Index Recheck": 0,
                                                    "Filter": "(mc.note !~~ '%(as Metro-Goldwyn-Mayer Pictures)%'::text)",
                                                    "Rows Removed by Filter": 2,
                                                    "Workers": [
                                                        {
                                                            "Worker Number": 1,
                                                            "Actual Startup Time": 0.053,
                                                            "Actual Total Time": 0.067,
                                                            "Actual Rows": 11,
                                                            "Actual Loops": 7
                                                        }
                                                    ]
                                                }
                                            ]
                                        },
                                        {
                                            "Node Type": "Hash",
                                            "Parent Relationship": "Inner",
                                            "Parallel Aware": false,
                                            "Startup Cost": 1.05,
                                            "Total Cost": 1.05,
                                            "Plan Rows": 1,
                                            "Plan Width": 4,
                                            "Actual Startup Time": 0.087,
                                            "Actual Total Time": 0.087,
                                            "Actual Rows": 1,
                                            "Actual Loops": 3,
                                            "Output": [
                                                "ct.id"
                                            ],
                                            "Hash Buckets": 1024,
                                            "Original Hash Buckets": 1024,
                                            "Hash Batches": 1,
                                            "Original Hash Batches": 1,
                                            "Peak Memory Usage": 9,
                                            "Workers": [
                                                {
                                                    "Worker Number": 0,
                                                    "Actual Startup Time": 0.103,
                                                    "Actual Total Time": 0.103,
                                                    "Actual Rows": 1,
                                                    "Actual Loops": 1
                                                },
                                                {
                                                    "Worker Number": 1,
                                                    "Actual Startup Time": 0.106,
                                                    "Actual Total Time": 0.107,
                                                    "Actual Rows": 1,
                                                    "Actual Loops": 1
                                                }
                                            ],
                                            "Plans": [
                                                {
                                                    "Node Type": "Seq Scan",
                                                    "Parent Relationship": "Outer",
                                                    "Parallel Aware": false,
                                                    "Relation Name": "company_type",
                                                    "Schema": "public",
                                                    "Alias": "ct",
                                                    "Startup Cost": 0.0,
                                                    "Total Cost": 1.05,
                                                    "Plan Rows": 1,
                                                    "Plan Width": 4,
                                                    "Actual Startup Time": 0.062,
                                                    "Actual Total Time": 0.066,
                                                    "Actual Rows": 1,
                                                    "Actual Loops": 3,
                                                    "Output": [
                                                        "ct.id"
                                                    ],
                                                    "Filter": "((ct.kind)::text = 'production companies'::text)",
                                                    "Rows Removed by Filter": 3,
                                                    "Workers": [
                                                        {
                                                            "Worker Number": 0,
                                                            "Actual Startup Time": 0.076,
                                                            "Actual Total Time": 0.08,
                                                            "Actual Rows": 1,
                                                            "Actual Loops": 1
                                                        },
                                                        {
                                                            "Worker Number": 1,
                                                            "Actual Startup Time": 0.079,
                                                            "Actual Total Time": 0.083,
                                                            "Actual Rows": 1,
                                                            "Actual Loops": 1
                                                        }
                                                    ]
                                                }
                                            ]
                                        }
                                    ]
                                }
                            ]
                        }
                    ]
                }
            ]
        },
        "Planning Time": 411.146,
        "Triggers": [],
        "Execution Time": 108.647
    }
]