[
  {
    "Plan": {
      "Node Type": "Aggregate",
      "Strategy": "Plain",
      "Partial Mode": "Finalize",
      "Parallel Aware": false,
      "Startup Cost": 93400.19,
      "Total Cost": 93400.2,
      "Plan Rows": 1,
      "Plan Width": 8,
      "Actual Startup Time": 428.573,
      "Actual Total Time": 443.452,
      "Actual Rows": 1,
      "Actual Loops": 1,
      "Plans": [
        {
          "Node Type": "Gather",
          "Parent Relationship": "Outer",
          "Parallel Aware": false,
          "Startup Cost": 93399.87,
          "Total Cost": 93400.18,
          "Plan Rows": 3,
          "Plan Width": 8,
          "Actual Startup Time": 423.202,
          "Actual Total Time": 443.442,
          "Actual Rows": 4,
          "Actual Loops": 1,
          "Workers Planned": 3,
          "Workers Launched": 3,
          "Single Copy": false,
          "Plans": [
            {
              "Node Type": "Aggregate",
              "Strategy": "Plain",
              "Partial Mode": "Partial",
              "Parent Relationship": "Outer",
              "Parallel Aware": false,
              "Startup Cost": 92399.87,
              "Total Cost": 92399.88,
              "Plan Rows": 1,
              "Plan Width": 8,
              "Actual Startup Time": 410.153,
              "Actual Total Time": 410.157,
              "Actual Rows": 1,
              "Actual Loops": 4,
              "Plans": [
                {
                  "Node Type": "Hash Join",
                  "Parent Relationship": "Outer",
                  "Parallel Aware": true,
                  "Join Type": "Inner",
                  "Startup Cost": 64290.93,
                  "Total Cost": 92104.18,
                  "Plan Rows": 118274,
                  "Plan Width": 0,
                  "Actual Startup Time": 294.435,
                  "Actual Total Time": 408.749,
                  "Actual Rows": 17984,
                  "Actual Loops": 4,
                  "Inner Unique": true,
                  "Hash Cond": "(mk.movie_id = t.id)",
                  "Plans": [
                    {
                      "Node Type": "Bitmap Heap Scan",
                      "Parent Relationship": "Outer",
                      "Parallel Aware": true,
                      "Relation Name": "movie_keyword",
                      "Alias": "mk",
                      "Startup Cost": 14604.37,
                      "Total Cost": 41834.61,
                      "Plan Rows": 222099,
                      "Plan Width": 4,
                      "Actual Startup Time": 48.434,
                      "Actual Total Time": 112.886,
                      "Actual Rows": 173909,
                      "Actual Loops": 4,
                      "Recheck Cond": "(keyword_id < 577)",
                      "Rows Removed by Index Recheck": 0,
                      "Exact Heap Blocks": 8243,
                      "Lossy Heap Blocks": 0,
                      "Plans": [
                        {
                          "Node Type": "Bitmap Index Scan",
                          "Parent Relationship": "Outer",
                          "Parallel Aware": false,
                          "Index Name": "keyword_id_movie_keyword",
                          "Startup Cost": 0.0,
                          "Total Cost": 14432.24,
                          "Plan Rows": 688508,
                          "Plan Width": 0,
                          "Actual Startup Time": 44.743,
                          "Actual Total Time": 44.743,
                          "Actual Rows": 695635,
                          "Actual Loops": 1,
                          "Index Cond": "(keyword_id < 577)"
                        }
                      ]
                    },
                    {
                      "Node Type": "Hash",
                      "Parent Relationship": "Inner",
                      "Parallel Aware": true,
                      "Startup Cost": 45479.1,
                      "Total Cost": 45479.1,
                      "Plan Rows": 336597,
                      "Plan Width": 4,
                      "Actual Startup Time": 238.237,
                      "Actual Total Time": 238.238,
                      "Actual Rows": 356254,
                      "Actual Loops": 4,
                      "Hash Buckets": 2097152,
                      "Original Hash Buckets": 2097152,
                      "Hash Batches": 1,
                      "Original Hash Batches": 1,
                      "Peak Memory Usage": 72224,
                      "Plans": [
                        {
                          "Node Type": "Seq Scan",
                          "Parent Relationship": "Outer",
                          "Parallel Aware": true,
                          "Relation Name": "title",
                          "Alias": "t",
                          "Startup Cost": 0.0,
                          "Total Cost": 45479.1,
                          "Plan Rows": 336597,
                          "Plan Width": 4,
                          "Actual Startup Time": 0.034,
                          "Actual Total Time": 106.476,
                          "Actual Rows": 356254,
                          "Actual Loops": 4,
                          "Filter": "((production_year > 1960) AND (kind_id = 7))",
                          "Rows Removed by Filter": 275824
                        }
                      ]
                    }
                  ]
                }
              ]
            }
          ]
        }
      ]
    },
    "Planning Time": 0.63,
    "Triggers": [],
    "Execution Time": 443.541
  }
]