{
  "Plan": {
    "Node Type": "Aggregate",
    "Strategy": "Plain",
    "Partial Mode": "Finalize",
    "Parallel Aware": false,
    "Startup Cost": 198854.87,
    "Total Cost": 198854.88,
    "Plan Rows": 1,
    "Plan Width": 8,
    "Actual Startup Time": 598.975,
    "Actual Total Time": 615.994,
    "Actual Rows": 1,
    "Actual Loops": 1,
    "Plans": [
      {
        "Node Type": "Gather",
        "Parent Relationship": "Outer",
        "Parallel Aware": false,
        "Startup Cost": 198854.75,
        "Total Cost": 198854.86,
        "Plan Rows": 1,
        "Plan Width": 8,
        "Actual Startup Time": 598.896,
        "Actual Total Time": 615.985,
        "Actual Rows": 2,
        "Actual Loops": 1,
        "Workers Planned": 1,
        "Workers Launched": 1,
        "Single Copy": false,
        "Plans": [
          {
            "Node Type": "Aggregate",
            "Strategy": "Plain",
            "Partial Mode": "Partial",
            "Parent Relationship": "Outer",
            "Parallel Aware": false,
            "Startup Cost": 197854.75,
            "Total Cost": 197854.76,
            "Plan Rows": 1,
            "Plan Width": 8,
            "Actual Startup Time": 592.716,
            "Actual Total Time": 592.721,
            "Actual Rows": 1,
            "Actual Loops": 2,
            "Plans": [
              {
                "Node Type": "Hash Join",
                "Parent Relationship": "Outer",
                "Parallel Aware": false,
                "Join Type": "Inner",
                "Startup Cost": 3008.36,
                "Total Cost": 197854.49,
                "Plan Rows": 106,
                "Plan Width": 0,
                "Actual Startup Time": 18.152,
                "Actual Total Time": 592.508,
                "Actual Rows": 1260,
                "Actual Loops": 2,
                "Inner Unique": false,
                "Hash Cond": "(ci.movie_id = t.id)",
                "Plans": [
                  {
                    "Node Type": "Index Scan",
                    "Parent Relationship": "Outer",
                    "Parallel Aware": true,
                    "Scan Direction": "Forward",
                    "Index Name": "role_id_cast_info",
                    "Relation Name": "cast_info",
                    "Alias": "ci",
                    "Startup Cost": 0.56,
                    "Total Cost": 184520.29,
                    "Plan Rows": 2753425,
                    "Plan Width": 4,
                    "Actual Startup Time": 0.201,
                    "Actual Total Time": 479.644,
                    "Actual Rows": 1066038,
                    "Actual Loops": 2,
                    "Index Cond": "(role_id > 8)",
                    "Rows Removed by Index Recheck": 0,
                    "Filter": "(person_id < 3004961)",
                    "Rows Removed by Filter": 1800310
                  },
                  {
                    "Node Type": "Hash",
                    "Parent Relationship": "Inner",
                    "Parallel Aware": false,
                    "Startup Cost": 3006.58,
                    "Total Cost": 3006.58,
                    "Plan Rows": 97,
                    "Plan Width": 8,
                    "Actual Startup Time": 16.58,
                    "Actual Total Time": 16.583,
                    "Actual Rows": 472,
                    "Actual Loops": 2,
                    "Hash Buckets": 1024,
                    "Original Hash Buckets": 1024,
                    "Hash Batches": 1,
                    "Original Hash Batches": 1,
                    "Peak Memory Usage": 27,
                    "Plans": [
                      {
                        "Node Type": "Nested Loop",
                        "Parent Relationship": "Outer",
                        "Parallel Aware": false,
                        "Join Type": "Inner",
                        "Startup Cost": 6.78,
                        "Total Cost": 3006.58,
                        "Plan Rows": 97,
                        "Plan Width": 8,
                        "Actual Startup Time": 0.762,
                        "Actual Total Time": 16.203,
                        "Actual Rows": 472,
                        "Actual Loops": 2,
                        "Inner Unique": true,
                        "Plans": [
                          {
                            "Node Type": "Bitmap Heap Scan",
                            "Parent Relationship": "Outer",
                            "Parallel Aware": false,
                            "Relation Name": "movie_keyword",
                            "Alias": "mk",
                            "Startup Cost": 6.35,
                            "Total Cost": 922.98,
                            "Plan Rows": 248,
                            "Plan Width": 4,
                            "Actual Startup Time": 0.644,
                            "Actual Total Time": 4.889,
                            "Actual Rows": 501,
                            "Actual Loops": 2,
                            "Recheck Cond": "(keyword_id = 3679)",
                            "Rows Removed by Index Recheck": 0,
                            "Exact Heap Blocks": 464,
                            "Lossy Heap Blocks": 0,
                            "Plans": [
                              {
                                "Node Type": "Bitmap Index Scan",
                                "Parent Relationship": "Outer",
                                "Parallel Aware": false,
                                "Index Name": "keyword_id_movie_keyword",
                                "Startup Cost": 0.0,
                                "Total Cost": 6.29,
                                "Plan Rows": 248,
                                "Plan Width": 0,
                                "Actual Startup Time": 0.444,
                                "Actual Total Time": 0.445,
                                "Actual Rows": 501,
                                "Actual Loops": 2,
                                "Index Cond": "(keyword_id = 3679)"
                              }
                            ]
                          },
                          {
                            "Node Type": "Index Scan",
                            "Parent Relationship": "Inner",
                            "Parallel Aware": false,
                            "Scan Direction": "Forward",
                            "Index Name": "title_pkey",
                            "Relation Name": "title",
                            "Alias": "t",
                            "Startup Cost": 0.43,
                            "Total Cost": 8.4,
                            "Plan Rows": 1,
                            "Plan Width": 4,
                            "Actual Startup Time": 0.021,
                            "Actual Total Time": 0.021,
                            "Actual Rows": 1,
                            "Actual Loops": 1002,
                            "Index Cond": "(id = mk.movie_id)",
                            "Rows Removed by Index Recheck": 0,
                            "Filter": "(kind_id < 7)",
                            "Rows Removed by Filter": 0
                          }
                        ]
                      }
                    ]
                  }
                ]
              }
            ]
          }
        ]
      }
    ]
  },
  "Planning Time": 0.681,
  "Triggers": [],
  "Execution Time": 616.071
}