{
  "Plan": {
    "Node Type": "Aggregate",
    "Strategy": "Plain",
    "Partial Mode": "Finalize",
    "Parallel Aware": false,
    "Startup Cost": 111714.67,
    "Total Cost": 111714.68,
    "Plan Rows": 1,
    "Plan Width": 8,
    "Actual Startup Time": 583.297,
    "Actual Total Time": 598.073,
    "Actual Rows": 1,
    "Actual Loops": 1,
    "Plans": [
      {
        "Node Type": "Gather",
        "Parent Relationship": "Outer",
        "Parallel Aware": false,
        "Startup Cost": 111714.56,
        "Total Cost": 111714.67,
        "Plan Rows": 1,
        "Plan Width": 8,
        "Actual Startup Time": 581.944,
        "Actual Total Time": 598.063,
        "Actual Rows": 2,
        "Actual Loops": 1,
        "Workers Planned": 1,
        "Workers Launched": 1,
        "Single Copy": false,
        "Plans": [
          {
            "Node Type": "Aggregate",
            "Strategy": "Plain",
            "Partial Mode": "Partial",
            "Parent Relationship": "Outer",
            "Parallel Aware": false,
            "Startup Cost": 110714.56,
            "Total Cost": 110714.57,
            "Plan Rows": 1,
            "Plan Width": 8,
            "Actual Startup Time": 576.125,
            "Actual Total Time": 576.128,
            "Actual Rows": 1,
            "Actual Loops": 2,
            "Plans": [
              {
                "Node Type": "Hash Join",
                "Parent Relationship": "Outer",
                "Parallel Aware": true,
                "Join Type": "Inner",
                "Startup Cost": 45998.98,
                "Total Cost": 110013.83,
                "Plan Rows": 280292,
                "Plan Width": 0,
                "Actual Startup Time": 205.627,
                "Actual Total Time": 568.577,
                "Actual Rows": 142786,
                "Actual Loops": 2,
                "Inner Unique": false,
                "Hash Cond": "(t.id = mc.movie_id)",
                "Plans": [
                  {
                    "Node Type": "Seq Scan",
                    "Parent Relationship": "Outer",
                    "Parallel Aware": true,
                    "Relation Name": "title",
                    "Alias": "t",
                    "Startup Cost": 0.0,
                    "Total Cost": 54588.39,
                    "Plan Rows": 1244429,
                    "Plan Width": 4,
                    "Actual Startup Time": 0.01,
                    "Actual Total Time": 171.37,
                    "Actual Rows": 1052068,
                    "Actual Loops": 2,
                    "Filter": "(production_year > 1968)",
                    "Rows Removed by Filter": 212088
                  },
                  {
                    "Node Type": "Hash",
                    "Parent Relationship": "Inner",
                    "Parallel Aware": true,
                    "Startup Cost": 41811.73,
                    "Total Cost": 41811.73,
                    "Plan Rows": 334980,
                    "Plan Width": 4,
                    "Actual Startup Time": 196.004,
                    "Actual Total Time": 196.005,
                    "Actual Rows": 180402,
                    "Actual Loops": 2,
                    "Hash Buckets": 1048576,
                    "Original Hash Buckets": 1048576,
                    "Hash Batches": 1,
                    "Original Hash Batches": 1,
                    "Peak Memory Usage": 22336,
                    "Plans": [
                      {
                        "Node Type": "Seq Scan",
                        "Parent Relationship": "Outer",
                        "Parallel Aware": true,
                        "Relation Name": "movie_companies",
                        "Alias": "mc",
                        "Startup Cost": 0.0,
                        "Total Cost": 41811.73,
                        "Plan Rows": 334980,
                        "Plan Width": 4,
                        "Actual Startup Time": 77.248,
                        "Actual Total Time": 143.034,
                        "Actual Rows": 180402,
                        "Actual Loops": 2,
                        "Filter": "((company_id < 7879) AND (company_type_id = 2))",
                        "Rows Removed by Filter": 1124163
                      }
                    ]
                  }
                ]
              }
            ]
          }
        ]
      }
    ]
  },
  "Planning Time": 0.683,
  "Triggers": [],
  "Execution Time": 598.151
}