[
  {
    "Plan": {
      "Node Type": "Aggregate",
      "Strategy": "Plain",
      "Partial Mode": "Finalize",
      "Parallel Aware": false,
      "Startup Cost": 46645.32,
      "Total Cost": 46645.33,
      "Plan Rows": 1,
      "Plan Width": 8,
      "Actual Startup Time": 88.044,
      "Actual Total Time": 100.476,
      "Actual Rows": 1,
      "Actual Loops": 1,
      "Plans": [
        {
          "Node Type": "Gather",
          "Parent Relationship": "Outer",
          "Parallel Aware": false,
          "Startup Cost": 46644.9,
          "Total Cost": 46645.31,
          "Plan Rows": 4,
          "Plan Width": 8,
          "Actual Startup Time": 87.784,
          "Actual Total Time": 100.381,
          "Actual Rows": 5,
          "Actual Loops": 1,
          "Workers Planned": 4,
          "Workers Launched": 4,
          "Single Copy": false,
          "Plans": [
            {
              "Node Type": "Aggregate",
              "Strategy": "Plain",
              "Partial Mode": "Partial",
              "Parent Relationship": "Outer",
              "Parallel Aware": false,
              "Startup Cost": 45644.9,
              "Total Cost": 45644.91,
              "Plan Rows": 1,
              "Plan Width": 8,
              "Actual Startup Time": 82.113,
              "Actual Total Time": 82.115,
              "Actual Rows": 1,
              "Actual Loops": 5,
              "Plans": [
                {
                  "Node Type": "Seq Scan",
                  "Parent Relationship": "Outer",
                  "Parallel Aware": true,
                  "Relation Name": "title",
                  "Alias": "t",
                  "Startup Cost": 0.0,
                  "Total Cost": 45479.59,
                  "Plan Rows": 66127,
                  "Plan Width": 0,
                  "Actual Startup Time": 0.043,
                  "Actual Total Time": 80.064,
                  "Actual Rows": 33909,
                  "Actual Loops": 5,
                  "Filter": "((production_year < 1976) AND (kind_id = 7))",
                  "Rows Removed by Filter": 471754
                }
              ]
            }
          ]
        }
      ]
    },
    "Planning Time": 0.086,
    "Triggers": [],
    "Execution Time": 100.509
  }
]