[
  {
    "Plan": {
      "Node Type": "Aggregate",
      "Strategy": "Plain",
      "Partial Mode": "Finalize",
      "Parallel Aware": false,
      "Startup Cost": 148152.42,
      "Total Cost": 148152.43,
      "Plan Rows": 1,
      "Plan Width": 8,
      "Actual Startup Time": 282.608,
      "Actual Total Time": 315.451,
      "Actual Rows": 1,
      "Actual Loops": 1,
      "Plans": [
        {
          "Node Type": "Gather",
          "Parent Relationship": "Outer",
          "Parallel Aware": false,
          "Startup Cost": 148152.0,
          "Total Cost": 148152.41,
          "Plan Rows": 4,
          "Plan Width": 8,
          "Actual Startup Time": 282.244,
          "Actual Total Time": 315.442,
          "Actual Rows": 5,
          "Actual Loops": 1,
          "Workers Planned": 4,
          "Workers Launched": 4,
          "Single Copy": false,
          "Plans": [
            {
              "Node Type": "Aggregate",
              "Strategy": "Plain",
              "Partial Mode": "Partial",
              "Parent Relationship": "Outer",
              "Parallel Aware": false,
              "Startup Cost": 147152.0,
              "Total Cost": 147152.01,
              "Plan Rows": 1,
              "Plan Width": 8,
              "Actual Startup Time": 272.136,
              "Actual Total Time": 272.138,
              "Actual Rows": 1,
              "Actual Loops": 5,
              "Plans": [
                {
                  "Node Type": "Nested Loop",
                  "Parent Relationship": "Outer",
                  "Parallel Aware": false,
                  "Join Type": "Inner",
                  "Startup Cost": 1.0,
                  "Total Cost": 147079.76,
                  "Plan Rows": 28896,
                  "Plan Width": 0,
                  "Actual Startup Time": 2.906,
                  "Actual Total Time": 267.731,
                  "Actual Rows": 90778,
                  "Actual Loops": 5,
                  "Inner Unique": false,
                  "Join Filter": "(t.id = ci.movie_id)",
                  "Rows Removed by Join Filter": 0,
                  "Plans": [
                    {
                      "Node Type": "Nested Loop",
                      "Parent Relationship": "Outer",
                      "Parallel Aware": false,
                      "Join Type": "Inner",
                      "Startup Cost": 0.43,
                      "Total Cost": 139872.49,
                      "Plan Rows": 4446,
                      "Plan Width": 8,
                      "Actual Startup Time": 1.329,
                      "Actual Total Time": 97.534,
                      "Actual Rows": 8453,
                      "Actual Loops": 5,
                      "Inner Unique": false,
                      "Plans": [
                        {
                          "Node Type": "Seq Scan",
                          "Parent Relationship": "Outer",
                          "Parallel Aware": true,
                          "Relation Name": "title",
                          "Alias": "t",
                          "Startup Cost": 0.0,
                          "Total Cost": 45479.1,
                          "Plan Rows": 760,
                          "Plan Width": 4,
                          "Actual Startup Time": 1.114,
                          "Actual Total Time": 68.341,
                          "Actual Rows": 759,
                          "Actual Loops": 5,
                          "Filter": "((kind_id < 3) AND (production_year = 1963))",
                          "Rows Removed by Filter": 504904
                        },
                        {
                          "Node Type": "Index Only Scan",
                          "Parent Relationship": "Inner",
                          "Parallel Aware": false,
                          "Scan Direction": "Forward",
                          "Index Name": "movie_id_movie_info",
                          "Relation Name": "movie_info",
                          "Alias": "mi",
                          "Startup Cost": 0.43,
                          "Total Cost": 123.78,
                          "Plan Rows": 42,
                          "Plan Width": 4,
                          "Actual Startup Time": 0.013,
                          "Actual Total Time": 0.037,
                          "Actual Rows": 11,
                          "Actual Loops": 3793,
                          "Index Cond": "(movie_id = t.id)",
                          "Rows Removed by Index Recheck": 0,
                          "Heap Fetches": 42263
                        }
                      ]
                    },
                    {
                      "Node Type": "Index Scan",
                      "Parent Relationship": "Inner",
                      "Parallel Aware": false,
                      "Scan Direction": "Forward",
                      "Index Name": "movie_id_cast_info",
                      "Relation Name": "cast_info",
                      "Alias": "ci",
                      "Startup Cost": 0.56,
                      "Total Cost": 1.41,
                      "Plan Rows": 17,
                      "Plan Width": 4,
                      "Actual Startup Time": 0.012,
                      "Actual Total Time": 0.019,
                      "Actual Rows": 11,
                      "Actual Loops": 42263,
                      "Index Cond": "(movie_id = mi.movie_id)",
                      "Rows Removed by Index Recheck": 0,
                      "Filter": "(person_id > 1991713)",
                      "Rows Removed by Filter": 23
                    }
                  ]
                }
              ]
            }
          ]
        }
      ]
    },
    "Planning Time": 1.567,
    "Triggers": [],
    "Execution Time": 315.575
  }
]