[
  {
    "Bao": {
      "Bao prediction": 171.615,
      "Bao recommended hint": "(no hint)"
    }
  },
  {
    "Plan": {
      "Node Type": "Gather",
      "Parallel Aware": false,
      "Startup Cost": 7197.91,
      "Total Cost": 17602.18,
      "Plan Rows": 4158,
      "Plan Width": 40,
      "Actual Startup Time": 76.448,
      "Actual Total Time": 98.265,
      "Actual Rows": 4712,
      "Actual Loops": 1,
      "Workers Planned": 2,
      "Workers Launched": 2,
      "Single Copy": false,
      "Plans": [
        {
          "Node Type": "Hash Join",
          "Parent Relationship": "Outer",
          "Parallel Aware": true,
          "Join Type": "Inner",
          "Startup Cost": 6197.91,
          "Total Cost": 16186.38,
          "Plan Rows": 1732,
          "Plan Width": 40,
          "Actual Startup Time": 67.099,
          "Actual Total Time": 77.601,
          "Actual Rows": 1571,
          "Actual Loops": 3,
          "Inner Unique": true,
          "Hash Cond": "(mc.company_id = cn.id)",
          "Plans": [
            {
              "Node Type": "Bitmap Heap Scan",
              "Parent Relationship": "Outer",
              "Parallel Aware": true,
              "Relation Name": "movie_companies",
              "Alias": "mc",
              "Startup Cost": 92.65,
              "Total Cost": 10076.57,
              "Plan Rows": 1732,
              "Plan Width": 40,
              "Actual Startup Time": 1.284,
              "Actual Total Time": 10.84,
              "Actual Rows": 1571,
              "Actual Loops": 3,
              "Recheck Cond": "(company_id < 6)",
              "Rows Removed by Index Recheck": 0,
              "Exact Heap Blocks": 580,
              "Lossy Heap Blocks": 0,
              "Plans": [
                {
                  "Node Type": "Bitmap Index Scan",
                  "Parent Relationship": "Outer",
                  "Parallel Aware": false,
                  "Index Name": "company_id_movie_companies",
                  "Startup Cost": 0.0,
                  "Total Cost": 91.62,
                  "Plan Rows": 4158,
                  "Plan Width": 0,
                  "Actual Startup Time": 0.782,
                  "Actual Total Time": 0.783,
                  "Actual Rows": 4712,
                  "Actual Loops": 1,
                  "Index Cond": "(company_id < 6)"
                }
              ]
            },
            {
              "Node Type": "Hash",
              "Parent Relationship": "Inner",
              "Parallel Aware": true,
              "Startup Cost": 4377.34,
              "Total Cost": 4377.34,
              "Plan Rows": 138234,
              "Plan Width": 4,
              "Actual Startup Time": 64.182,
              "Actual Total Time": 64.183,
              "Actual Rows": 78332,
              "Actual Loops": 3,
              "Hash Buckets": 262144,
              "Original Hash Buckets": 262144,
              "Hash Batches": 1,
              "Original Hash Batches": 1,
              "Peak Memory Usage": 11296,
              "Plans": [
                {
                  "Node Type": "Seq Scan",
                  "Parent Relationship": "Outer",
                  "Parallel Aware": true,
                  "Relation Name": "company_name",
                  "Alias": "cn",
                  "Startup Cost": 0.0,
                  "Total Cost": 4377.34,
                  "Plan Rows": 138234,
                  "Plan Width": 4,
                  "Actual Startup Time": 0.055,
                  "Actual Total Time": 27.136,
                  "Actual Rows": 78332,
                  "Actual Loops": 3
                }
              ]
            }
          ]
        }
      ]
    },
    "Planning Time": 390.843,
    "Triggers": [],
    "Execution Time": 98.91
  }
]