{
  "Plan": {
    "Node Type": "Aggregate",
    "Strategy": "Plain",
    "Partial Mode": "Finalize",
    "Parallel Aware": false,
    "Startup Cost": 742505.77,
    "Total Cost": 742505.78,
    "Plan Rows": 1,
    "Plan Width": 32,
    "Actual Startup Time": 3760.197,
    "Actual Total Time": 3863.069,
    "Actual Rows": 1,
    "Actual Loops": 1,
    "Plans": [
      {
        "Node Type": "Gather",
        "Parent Relationship": "Outer",
        "Parallel Aware": false,
        "Startup Cost": 742505.66,
        "Total Cost": 742505.77,
        "Plan Rows": 1,
        "Plan Width": 32,
        "Actual Startup Time": 3759.161,
        "Actual Total Time": 3863.058,
        "Actual Rows": 2,
        "Actual Loops": 1,
        "Workers Planned": 1,
        "Workers Launched": 1,
        "Single Copy": false,
        "Plans": [
          {
            "Node Type": "Aggregate",
            "Strategy": "Plain",
            "Partial Mode": "Partial",
            "Parent Relationship": "Outer",
            "Parallel Aware": false,
            "Startup Cost": 741505.66,
            "Total Cost": 741505.67,
            "Plan Rows": 1,
            "Plan Width": 32,
            "Actual Startup Time": 3752.115,
            "Actual Total Time": 3752.128,
            "Actual Rows": 1,
            "Actual Loops": 2,
            "Plans": [
              {
                "Node Type": "Nested Loop",
                "Parent Relationship": "Outer",
                "Parallel Aware": false,
                "Join Type": "Inner",
                "Startup Cost": 674025.63,
                "Total Cost": 741505.65,
                "Plan Rows": 3,
                "Plan Width": 15,
                "Actual Startup Time": 3310.62,
                "Actual Total Time": 3751.076,
                "Actual Rows": 11212,
                "Actual Loops": 2,
                "Inner Unique": true,
                "Plans": [
                  {
                    "Node Type": "Nested Loop",
                    "Parent Relationship": "Outer",
                    "Parallel Aware": false,
                    "Join Type": "Inner",
                    "Startup Cost": 674025.21,
                    "Total Cost": 741504.32,
                    "Plan Rows": 3,
                    "Plan Width": 19,
                    "Actual Startup Time": 3310.574,
                    "Actual Total Time": 3723.589,
                    "Actual Rows": 11212,
                    "Actual Loops": 2,
                    "Inner Unique": false,
                    "Plans": [
                      {
                        "Node Type": "Hash Join",
                        "Parent Relationship": "Outer",
                        "Parallel Aware": false,
                        "Join Type": "Inner",
                        "Startup Cost": 674024.78,
                        "Total Cost": 741502.61,
                        "Plan Rows": 3,
                        "Plan Width": 27,
                        "Actual Startup Time": 3310.513,
                        "Actual Total Time": 3709.385,
                        "Actual Rows": 1326,
                        "Actual Loops": 2,
                        "Inner Unique": true,
                        "Hash Cond": "(mk.keyword_id = k.id)",
                        "Plans": [
                          {
                            "Node Type": "Hash Join",
                            "Parent Relationship": "Outer",
                            "Parallel Aware": true,
                            "Join Type": "Inner",
                            "Startup Cost": 671398.64,
                            "Total Cost": 737865.32,
                            "Plan Rows": 385189,
                            "Plan Width": 31,
                            "Actual Startup Time": 3288.128,
                            "Actual Total Time": 3671.89,
                            "Actual Rows": 305082,
                            "Actual Loops": 2,
                            "Inner Unique": false,
                            "Hash Cond": "(mk.movie_id = ci.movie_id)",
                            "Plans": [
                              {
                                "Node Type": "Seq Scan",
                                "Parent Relationship": "Outer",
                                "Parallel Aware": true,
                                "Relation Name": "movie_keyword",
                                "Alias": "mk",
                                "Startup Cost": 0.0,
                                "Total Cost": 51065.35,
                                "Plan Rows": 2661135,
                                "Plan Width": 8,
                                "Actual Startup Time": 0.022,
                                "Actual Total Time": 171.993,
                                "Actual Rows": 2261965,
                                "Actual Loops": 2
                              },
                              {
                                "Node Type": "Hash",
                                "Parent Relationship": "Inner",
                                "Parallel Aware": true,
                                "Startup Cost": 668707.85,
                                "Total Cost": 668707.85,
                                "Plan Rows": 215263,
                                "Plan Width": 23,
                                "Actual Startup Time": 3284.565,
                                "Actual Total Time": 3284.574,
                                "Actual Rows": 40538,
                                "Actual Loops": 2,
                                "Hash Buckets": 524288,
                                "Original Hash Buckets": 524288,
                                "Hash Batches": 1,
                                "Original Hash Batches": 1,
                                "Peak Memory Usage": 8704,
                                "Plans": [
                                  {
                                    "Node Type": "Hash Join",
                                    "Parent Relationship": "Outer",
                                    "Parallel Aware": true,
                                    "Join Type": "Inner",
                                    "Startup Cost": 610994.95,
                                    "Total Cost": 668707.85,
                                    "Plan Rows": 215263,
                                    "Plan Width": 23,
                                    "Actual Startup Time": 2969.946,
                                    "Actual Total Time": 3267.3,
                                    "Actual Rows": 40538,
                                    "Actual Loops": 2,
                                    "Inner Unique": false,
                                    "Hash Cond": "(t.id = ci.movie_id)",
                                    "Plans": [
                                      {
                                        "Node Type": "Seq Scan",
                                        "Parent Relationship": "Outer",
                                        "Parallel Aware": true,
                                        "Relation Name": "title",
                                        "Alias": "t",
                                        "Startup Cost": 0.0,
                                        "Total Cost": 50869.75,
                                        "Plan Rows": 1487175,
                                        "Plan Width": 4,
                                        "Actual Startup Time": 0.014,
                                        "Actual Total Time": 135.136,
                                        "Actual Rows": 1264156,
                                        "Actual Loops": 2
                                      },
                                      {
                                        "Node Type": "Hash",
                                        "Parent Relationship": "Inner",
                                        "Parallel Aware": true,
                                        "Startup Cost": 608304.16,
                                        "Total Cost": 608304.16,
                                        "Plan Rows": 215263,
                                        "Plan Width": 19,
                                        "Actual Startup Time": 2967.163,
                                        "Actual Total Time": 2967.168,
                                        "Actual Rows": 40538,
                                        "Actual Loops": 2,
                                        "Hash Buckets": 524288,
                                        "Original Hash Buckets": 524288,
                                        "Hash Batches": 1,
                                        "Original Hash Batches": 1,
                                        "Peak Memory Usage": 8448,
                                        "Plans": [
                                          {
                                            "Node Type": "Hash Join",
                                            "Parent Relationship": "Outer",
                                            "Parallel Aware": true,
                                            "Join Type": "Inner",
                                            "Startup Cost": 86563.89,
                                            "Total Cost": 608304.16,
                                            "Plan Rows": 215263,
                                            "Plan Width": 19,
                                            "Actual Startup Time": 313.279,
                                            "Actual Total Time": 2950.908,
                                            "Actual Rows": 40538,
                                            "Actual Loops": 2,
                                            "Inner Unique": true,
                                            "Hash Cond": "(ci.person_id = n.id)",
                                            "Plans": [
                                              {
                                                "Node Type": "Seq Scan",
                                                "Parent Relationship": "Outer",
                                                "Parallel Aware": true,
                                                "Relation Name": "cast_info",
                                                "Alias": "ci",
                                                "Startup Cost": 0.0,
                                                "Total Cost": 465798.46,
                                                "Plan Rows": 21311146,
                                                "Plan Width": 8,
                                                "Actual Startup Time": 0.018,
                                                "Actual Total Time": 1455.901,
                                                "Actual Rows": 18122172,
                                                "Actual Loops": 2
                                              },
                                              {
                                                "Node Type": "Hash",
                                                "Parent Relationship": "Inner",
                                                "Parallel Aware": true,
                                                "Startup Cost": 86254.38,
                                                "Total Cost": 86254.38,
                                                "Plan Rows": 24761,
                                                "Plan Width": 19,
                                                "Actual Startup Time": 295.759,
                                                "Actual Total Time": 295.761,
                                                "Actual Rows": 5191,
                                                "Actual Loops": 2,
                                                "Hash Buckets": 65536,
                                                "Original Hash Buckets": 65536,
                                                "Hash Batches": 1,
                                                "Original Hash Batches": 1,
                                                "Peak Memory Usage": 1120,
                                                "Plans": [
                                                  {
                                                    "Node Type": "Seq Scan",
                                                    "Parent Relationship": "Outer",
                                                    "Parallel Aware": true,
                                                    "Relation Name": "name",
                                                    "Alias": "n",
                                                    "Startup Cost": 0.0,
                                                    "Total Cost": 86254.38,
                                                    "Plan Rows": 24761,
                                                    "Plan Width": 19,
                                                    "Actual Startup Time": 1.733,
                                                    "Actual Total Time": 292.844,
                                                    "Actual Rows": 5191,
                                                    "Actual Loops": 2,
                                                    "Filter": "(name ~~ '%Brown,%'::text)",
                                                    "Rows Removed by Filter": 2078554
                                                  }
                                                ]
                                              }
                                            ]
                                          }
                                        ]
                                      }
                                    ]
                                  }
                                ]
                              }
                            ]
                          },
                          {
                            "Node Type": "Hash",
                            "Parent Relationship": "Inner",
                            "Parallel Aware": false,
                            "Startup Cost": 2626.12,
                            "Total Cost": 2626.12,
                            "Plan Rows": 1,
                            "Plan Width": 4,
                            "Actual Startup Time": 21.478,
                            "Actual Total Time": 21.479,
                            "Actual Rows": 1,
                            "Actual Loops": 2,
                            "Hash Buckets": 1024,
                            "Original Hash Buckets": 1024,
                            "Hash Batches": 1,
                            "Original Hash Batches": 1,
                            "Peak Memory Usage": 9,
                            "Plans": [
                              {
                                "Node Type": "Seq Scan",
                                "Parent Relationship": "Outer",
                                "Parallel Aware": false,
                                "Relation Name": "keyword",
                                "Alias": "k",
                                "Startup Cost": 0.0,
                                "Total Cost": 2626.12,
                                "Plan Rows": 1,
                                "Plan Width": 4,
                                "Actual Startup Time": 1.414,
                                "Actual Total Time": 21.464,
                                "Actual Rows": 1,
                                "Actual Loops": 2,
                                "Filter": "(keyword = 'character-name-in-title'::text)",
                                "Rows Removed by Filter": 134169
                              }
                            ]
                          }
                        ]
                      },
                      {
                        "Node Type": "Index Scan",
                        "Parent Relationship": "Inner",
                        "Parallel Aware": false,
                        "Scan Direction": "Forward",
                        "Index Name": "movie_id_movie_companies",
                        "Relation Name": "movie_companies",
                        "Alias": "mc",
                        "Startup Cost": 0.43,
                        "Total Cost": 0.52,
                        "Plan Rows": 5,
                        "Plan Width": 8,
                        "Actual Startup Time": 0.006,
                        "Actual Total Time": 0.009,
                        "Actual Rows": 8,
                        "Actual Loops": 2653,
                        "Index Cond": "(movie_id = ci.movie_id)",
                        "Rows Removed by Index Recheck": 0
                      }
                    ]
                  },
                  {
                    "Node Type": "Index Only Scan",
                    "Parent Relationship": "Inner",
                    "Parallel Aware": false,
                    "Scan Direction": "Forward",
                    "Index Name": "company_name_pkey",
                    "Relation Name": "company_name",
                    "Alias": "cn",
                    "Startup Cost": 0.42,
                    "Total Cost": 0.44,
                    "Plan Rows": 1,
                    "Plan Width": 4,
                    "Actual Startup Time": 0.002,
                    "Actual Total Time": 0.002,
                    "Actual Rows": 1,
                    "Actual Loops": 22425,
                    "Index Cond": "(id = mc.company_id)",
                    "Rows Removed by Index Recheck": 0,
                    "Heap Fetches": 22425
                  }
                ]
              }
            ]
          }
        ]
      }
    ]
  },
  "Planning Time": 1.425,
  "Triggers": [],
  "Execution Time": 3863.262
}