[
  {
    "Plan": {
      "Node Type": "Aggregate",
      "Strategy": "Plain",
      "Partial Mode": "Finalize",
      "Parallel Aware": false,
      "Startup Cost": 31422.03,
      "Total Cost": 31422.04,
      "Plan Rows": 1,
      "Plan Width": 8,
      "Actual Startup Time": 108.763,
      "Actual Total Time": 115.983,
      "Actual Rows": 1,
      "Actual Loops": 1,
      "Plans": [
        {
          "Node Type": "Gather",
          "Parent Relationship": "Outer",
          "Parallel Aware": false,
          "Startup Cost": 31421.71,
          "Total Cost": 31422.02,
          "Plan Rows": 3,
          "Plan Width": 8,
          "Actual Startup Time": 108.499,
          "Actual Total Time": 115.974,
          "Actual Rows": 4,
          "Actual Loops": 1,
          "Workers Planned": 3,
          "Workers Launched": 3,
          "Single Copy": false,
          "Plans": [
            {
              "Node Type": "Aggregate",
              "Strategy": "Plain",
              "Partial Mode": "Partial",
              "Parent Relationship": "Outer",
              "Parallel Aware": false,
              "Startup Cost": 30421.71,
              "Total Cost": 30421.72,
              "Plan Rows": 1,
              "Plan Width": 8,
              "Actual Startup Time": 101.942,
              "Actual Total Time": 101.943,
              "Actual Rows": 1,
              "Actual Loops": 4,
              "Plans": [
                {
                  "Node Type": "Seq Scan",
                  "Parent Relationship": "Outer",
                  "Parallel Aware": true,
                  "Relation Name": "movie_companies",
                  "Alias": "mc",
                  "Startup Cost": 0.0,
                  "Total Cost": 29310.68,
                  "Plan Rows": 444412,
                  "Plan Width": 0,
                  "Actual Startup Time": 0.037,
                  "Actual Total Time": 82.25,
                  "Actual Rows": 343693,
                  "Actual Loops": 4,
                  "Filter": "(company_id < 11856)",
                  "Rows Removed by Filter": 308590
                }
              ]
            }
          ]
        }
      ]
    },
    "Planning Time": 0.192,
    "Triggers": [],
    "Execution Time": 116.039
  }
]