[
  {
    "Plan": {
      "Node Type": "Aggregate",
      "Strategy": "Plain",
      "Partial Mode": "Finalize",
      "Parallel Aware": false,
      "Startup Cost": 47170.88,
      "Total Cost": 47170.89,
      "Plan Rows": 1,
      "Plan Width": 8,
      "Actual Startup Time": 100.753,
      "Actual Total Time": 112.469,
      "Actual Rows": 1,
      "Actual Loops": 1,
      "Plans": [
        {
          "Node Type": "Gather",
          "Parent Relationship": "Outer",
          "Parallel Aware": false,
          "Startup Cost": 47170.46,
          "Total Cost": 47170.87,
          "Plan Rows": 4,
          "Plan Width": 8,
          "Actual Startup Time": 100.374,
          "Actual Total Time": 112.457,
          "Actual Rows": 5,
          "Actual Loops": 1,
          "Workers Planned": 4,
          "Workers Launched": 4,
          "Single Copy": false,
          "Plans": [
            {
              "Node Type": "Aggregate",
              "Strategy": "Plain",
              "Partial Mode": "Partial",
              "Parent Relationship": "Outer",
              "Parallel Aware": false,
              "Startup Cost": 46170.46,
              "Total Cost": 46170.47,
              "Plan Rows": 1,
              "Plan Width": 8,
              "Actual Startup Time": 95.433,
              "Actual Total Time": 95.434,
              "Actual Rows": 1,
              "Actual Loops": 5,
              "Plans": [
                {
                  "Node Type": "Seq Scan",
                  "Parent Relationship": "Outer",
                  "Parallel Aware": true,
                  "Relation Name": "title",
                  "Alias": "t",
                  "Startup Cost": 0.0,
                  "Total Cost": 45479.59,
                  "Plan Rows": 276348,
                  "Plan Width": 0,
                  "Actual Startup Time": 0.026,
                  "Actual Total Time": 85.272,
                  "Actual Rows": 210969,
                  "Actual Loops": 5,
                  "Filter": "((kind_id > 4) AND (production_year < 2009))",
                  "Rows Removed by Filter": 294693
                }
              ]
            }
          ]
        }
      ]
    },
    "Planning Time": 0.194,
    "Triggers": [],
    "Execution Time": 112.535
  }
]