{
  "Plan": {
    "Node Type": "Aggregate",
    "Strategy": "Plain",
    "Partial Mode": "Simple",
    "Parallel Aware": false,
    "Startup Cost": 208854.55,
    "Total Cost": 208854.56,
    "Plan Rows": 1,
    "Plan Width": 8,
    "Actual Startup Time": 120.591,
    "Actual Total Time": 120.595,
    "Actual Rows": 1,
    "Actual Loops": 1,
    "Plans": [
      {
        "Node Type": "Hash Join",
        "Parent Relationship": "Outer",
        "Parallel Aware": false,
        "Join Type": "Inner",
        "Startup Cost": 43785.93,
        "Total Cost": 208837.76,
        "Plan Rows": 6717,
        "Plan Width": 0,
        "Actual Startup Time": 84.279,
        "Actual Total Time": 120.108,
        "Actual Rows": 10187,
        "Actual Loops": 1,
        "Inner Unique": true,
        "Hash Cond": "(mi.movie_id = t.id)",
        "Plans": [
          {
            "Node Type": "Bitmap Heap Scan",
            "Parent Relationship": "Outer",
            "Parallel Aware": false,
            "Relation Name": "movie_info",
            "Alias": "mi",
            "Startup Cost": 2521.42,
            "Total Cost": 167208.46,
            "Plan Rows": 138966,
            "Plan Width": 4,
            "Actual Startup Time": 14.926,
            "Actual Total Time": 31.396,
            "Actual Rows": 121863,
            "Actual Loops": 1,
            "Recheck Cond": "(info_type_id = 105)",
            "Rows Removed by Index Recheck": 0,
            "Exact Heap Blocks": 4741,
            "Lossy Heap Blocks": 0,
            "Plans": [
              {
                "Node Type": "Bitmap Index Scan",
                "Parent Relationship": "Outer",
                "Parallel Aware": false,
                "Index Name": "info_type_id_movie_info",
                "Startup Cost": 0.0,
                "Total Cost": 2486.68,
                "Plan Rows": 138966,
                "Plan Width": 0,
                "Actual Startup Time": 13.38,
                "Actual Total Time": 13.381,
                "Actual Rows": 121863,
                "Actual Loops": 1,
                "Index Cond": "(info_type_id = 105)"
              }
            ]
          },
          {
            "Node Type": "Hash",
            "Parent Relationship": "Inner",
            "Parallel Aware": false,
            "Startup Cost": 39737.0,
            "Total Cost": 39737.0,
            "Plan Rows": 122201,
            "Plan Width": 4,
            "Actual Startup Time": 66.547,
            "Actual Total Time": 66.548,
            "Actual Rows": 118234,
            "Actual Loops": 1,
            "Hash Buckets": 131072,
            "Original Hash Buckets": 131072,
            "Hash Batches": 1,
            "Original Hash Batches": 1,
            "Peak Memory Usage": 5181,
            "Plans": [
              {
                "Node Type": "Bitmap Heap Scan",
                "Parent Relationship": "Outer",
                "Parallel Aware": false,
                "Relation Name": "title",
                "Alias": "t",
                "Startup Cost": 2211.49,
                "Total Cost": 39737.0,
                "Plan Rows": 122201,
                "Plan Width": 4,
                "Actual Startup Time": 13.754,
                "Actual Total Time": 48.069,
                "Actual Rows": 118234,
                "Actual Loops": 1,
                "Recheck Cond": "(kind_id = 4)",
                "Rows Removed by Index Recheck": 0,
                "Exact Heap Blocks": 12711,
                "Lossy Heap Blocks": 0,
                "Plans": [
                  {
                    "Node Type": "Bitmap Index Scan",
                    "Parent Relationship": "Outer",
                    "Parallel Aware": false,
                    "Index Name": "kind_id_title",
                    "Startup Cost": 0.0,
                    "Total Cost": 2180.94,
                    "Plan Rows": 122201,
                    "Plan Width": 0,
                    "Actual Startup Time": 10.889,
                    "Actual Total Time": 10.89,
                    "Actual Rows": 118234,
                    "Actual Loops": 1,
                    "Index Cond": "(kind_id = 4)"
                  }
                ]
              }
            ]
          }
        ]
      }
    ]
  },
  "Planning Time": 0.63,
  "Triggers": [],
  "Execution Time": 120.702
}