{
  "Plan": {
    "Node Type": "Aggregate",
    "Strategy": "Plain",
    "Partial Mode": "Simple",
    "Parallel Aware": false,
    "Startup Cost": 3188.86,
    "Total Cost": 3188.87,
    "Plan Rows": 1,
    "Plan Width": 8,
    "Actual Startup Time": 58.92,
    "Actual Total Time": 58.922,
    "Actual Rows": 1,
    "Actual Loops": 1,
    "Plans": [
      {
        "Node Type": "Nested Loop",
        "Parent Relationship": "Outer",
        "Parallel Aware": false,
        "Join Type": "Inner",
        "Startup Cost": 7.22,
        "Total Cost": 3188.77,
        "Plan Rows": 37,
        "Plan Width": 0,
        "Actual Startup Time": 2.049,
        "Actual Total Time": 58.62,
        "Actual Rows": 1813,
        "Actual Loops": 1,
        "Inner Unique": false,
        "Plans": [
          {
            "Node Type": "Nested Loop",
            "Parent Relationship": "Outer",
            "Parallel Aware": false,
            "Join Type": "Inner",
            "Startup Cost": 6.78,
            "Total Cost": 3006.58,
            "Plan Rows": 74,
            "Plan Width": 8,
            "Actual Startup Time": 1.938,
            "Actual Total Time": 18.213,
            "Actual Rows": 2080,
            "Actual Loops": 1,
            "Inner Unique": true,
            "Plans": [
              {
                "Node Type": "Bitmap Heap Scan",
                "Parent Relationship": "Outer",
                "Parallel Aware": false,
                "Relation Name": "movie_keyword",
                "Alias": "mk",
                "Startup Cost": 6.35,
                "Total Cost": 922.98,
                "Plan Rows": 248,
                "Plan Width": 4,
                "Actual Startup Time": 1.906,
                "Actual Total Time": 6.007,
                "Actual Rows": 2216,
                "Actual Loops": 1,
                "Recheck Cond": "(keyword_id = 8717)",
                "Rows Removed by Index Recheck": 0,
                "Exact Heap Blocks": 1943,
                "Lossy Heap Blocks": 0,
                "Plans": [
                  {
                    "Node Type": "Bitmap Index Scan",
                    "Parent Relationship": "Outer",
                    "Parallel Aware": false,
                    "Index Name": "keyword_id_movie_keyword",
                    "Startup Cost": 0.0,
                    "Total Cost": 6.29,
                    "Plan Rows": 248,
                    "Plan Width": 0,
                    "Actual Startup Time": 1.11,
                    "Actual Total Time": 1.111,
                    "Actual Rows": 2216,
                    "Actual Loops": 1,
                    "Index Cond": "(keyword_id = 8717)"
                  }
                ]
              },
              {
                "Node Type": "Index Scan",
                "Parent Relationship": "Inner",
                "Parallel Aware": false,
                "Scan Direction": "Forward",
                "Index Name": "title_pkey",
                "Relation Name": "title",
                "Alias": "t",
                "Startup Cost": 0.43,
                "Total Cost": 8.4,
                "Plan Rows": 1,
                "Plan Width": 4,
                "Actual Startup Time": 0.005,
                "Actual Total Time": 0.005,
                "Actual Rows": 1,
                "Actual Loops": 2216,
                "Index Cond": "(id = mk.movie_id)",
                "Rows Removed by Index Recheck": 0,
                "Filter": "(kind_id < 3)",
                "Rows Removed by Filter": 0
              }
            ]
          },
          {
            "Node Type": "Index Scan",
            "Parent Relationship": "Inner",
            "Parallel Aware": false,
            "Scan Direction": "Forward",
            "Index Name": "movie_id_movie_info",
            "Relation Name": "movie_info",
            "Alias": "mi",
            "Startup Cost": 0.43,
            "Total Cost": 2.42,
            "Plan Rows": 4,
            "Plan Width": 4,
            "Actual Startup Time": 0.008,
            "Actual Total Time": 0.019,
            "Actual Rows": 1,
            "Actual Loops": 2080,
            "Index Cond": "(movie_id = t.id)",
            "Rows Removed by Index Recheck": 0,
            "Filter": "(info_type_id = 4)",
            "Rows Removed by Filter": 14
          }
        ]
      }
    ]
  },
  "Planning Time": 0.94,
  "Triggers": [],
  "Execution Time": 59.004
}