[
  {
    "Plan": {
      "Node Type": "Aggregate",
      "Strategy": "Plain",
      "Partial Mode": "Finalize",
      "Parallel Aware": false,
      "Startup Cost": 351727.53,
      "Total Cost": 351727.54,
      "Plan Rows": 1,
      "Plan Width": 8,
      "Actual Startup Time": 1016.789,
      "Actual Total Time": 1085.538,
      "Actual Rows": 1,
      "Actual Loops": 1,
      "Plans": [
        {
          "Node Type": "Gather",
          "Parent Relationship": "Outer",
          "Parallel Aware": false,
          "Startup Cost": 351726.91,
          "Total Cost": 351727.52,
          "Plan Rows": 6,
          "Plan Width": 8,
          "Actual Startup Time": 1016.594,
          "Actual Total Time": 1085.525,
          "Actual Rows": 7,
          "Actual Loops": 1,
          "Workers Planned": 6,
          "Workers Launched": 6,
          "Single Copy": false,
          "Plans": [
            {
              "Node Type": "Aggregate",
              "Strategy": "Plain",
              "Partial Mode": "Partial",
              "Parent Relationship": "Outer",
              "Parallel Aware": false,
              "Startup Cost": 350726.91,
              "Total Cost": 350726.92,
              "Plan Rows": 1,
              "Plan Width": 8,
              "Actual Startup Time": 1005.945,
              "Actual Total Time": 1005.947,
              "Actual Rows": 1,
              "Actual Loops": 7,
              "Plans": [
                {
                  "Node Type": "Seq Scan",
                  "Parent Relationship": "Outer",
                  "Parallel Aware": true,
                  "Relation Name": "cast_info",
                  "Alias": "ci",
                  "Startup Cost": 0.0,
                  "Total Cost": 343316.27,
                  "Plan Rows": 2964255,
                  "Plan Width": 0,
                  "Actual Startup Time": 251.537,
                  "Actual Total Time": 872.612,
                  "Actual Rows": 2323471,
                  "Actual Loops": 7,
                  "Filter": "((person_id > 1586078) AND (role_id < 10))",
                  "Rows Removed by Filter": 2854292
                }
              ]
            }
          ]
        }
      ]
    },
    "Planning Time": 0.214,
    "Triggers": [],
    "Execution Time": 1085.606
  }
]