[
  {
    "Plan": {
      "Node Type": "Aggregate",
      "Strategy": "Plain",
      "Partial Mode": "Finalize",
      "Parallel Aware": false,
      "Startup Cost": 356535.89,
      "Total Cost": 356535.9,
      "Plan Rows": 1,
      "Plan Width": 8,
      "Actual Startup Time": 554.06,
      "Actual Total Time": 575.253,
      "Actual Rows": 1,
      "Actual Loops": 1,
      "Plans": [
        {
          "Node Type": "Gather",
          "Parent Relationship": "Outer",
          "Parallel Aware": false,
          "Startup Cost": 356535.57,
          "Total Cost": 356535.88,
          "Plan Rows": 3,
          "Plan Width": 8,
          "Actual Startup Time": 545.87,
          "Actual Total Time": 575.241,
          "Actual Rows": 4,
          "Actual Loops": 1,
          "Workers Planned": 3,
          "Workers Launched": 3,
          "Single Copy": false,
          "Plans": [
            {
              "Node Type": "Aggregate",
              "Strategy": "Plain",
              "Partial Mode": "Partial",
              "Parent Relationship": "Outer",
              "Parallel Aware": false,
              "Startup Cost": 355535.57,
              "Total Cost": 355535.58,
              "Plan Rows": 1,
              "Plan Width": 8,
              "Actual Startup Time": 540.973,
              "Actual Total Time": 541.208,
              "Actual Rows": 1,
              "Actual Loops": 4,
              "Plans": [
                {
                  "Node Type": "Hash Join",
                  "Parent Relationship": "Outer",
                  "Parallel Aware": true,
                  "Join Type": "Inner",
                  "Startup Cost": 324343.33,
                  "Total Cost": 355374.45,
                  "Plan Rows": 64447,
                  "Plan Width": 0,
                  "Actual Startup Time": 433.542,
                  "Actual Total Time": 534.826,
                  "Actual Rows": 154428,
                  "Actual Loops": 4,
                  "Inner Unique": false,
                  "Hash Cond": "(mc.movie_id = t.id)",
                  "Plans": [
                    {
                      "Node Type": "Seq Scan",
                      "Parent Relationship": "Outer",
                      "Parallel Aware": true,
                      "Relation Name": "movie_companies",
                      "Alias": "mc",
                      "Startup Cost": 0.0,
                      "Total Cost": 29310.68,
                      "Plan Rows": 430142,
                      "Plan Width": 4,
                      "Actual Startup Time": 29.065,
                      "Actual Total Time": 64.614,
                      "Actual Rows": 333721,
                      "Actual Loops": 4,
                      "Filter": "(company_type_id = 2)",
                      "Rows Removed by Filter": 318562
                    },
                    {
                      "Node Type": "Hash",
                      "Parent Relationship": "Inner",
                      "Parallel Aware": true,
                      "Startup Cost": 323554.11,
                      "Total Cost": 323554.11,
                      "Plan Rows": 63138,
                      "Plan Width": 8,
                      "Actual Startup Time": 401.555,
                      "Actual Total Time": 401.789,
                      "Actual Rows": 107435,
                      "Actual Loops": 4,
                      "Hash Buckets": 524288,
                      "Original Hash Buckets": 524288,
                      "Hash Batches": 1,
                      "Original Hash Batches": 1,
                      "Peak Memory Usage": 20992,
                      "Plans": [
                        {
                          "Node Type": "Hash Join",
                          "Parent Relationship": "Outer",
                          "Parallel Aware": true,
                          "Join Type": "Inner",
                          "Startup Cost": 68419.52,
                          "Total Cost": 323554.11,
                          "Plan Rows": 63138,
                          "Plan Width": 8,
                          "Actual Startup Time": 230.7,
                          "Actual Total Time": 362.833,
                          "Actual Rows": 107435,
                          "Actual Loops": 4,
                          "Inner Unique": true,
                          "Hash Cond": "(ci.movie_id = t.id)",
                          "Plans": [
                            {
                              "Node Type": "Bitmap Heap Scan",
                              "Parent Relationship": "Outer",
                              "Parallel Aware": true,
                              "Relation Name": "cast_info",
                              "Alias": "ci",
                              "Startup Cost": 21437.37,
                              "Total Cost": 276147.17,
                              "Plan Rows": 161824,
                              "Plan Width": 4,
                              "Actual Startup Time": 32.699,
                              "Actual Total Time": 75.081,
                              "Actual Rows": 253536,
                              "Actual Loops": 4,
                              "Recheck Cond": "(person_id < 103483)",
                              "Rows Removed by Index Recheck": 0,
                              "Exact Heap Blocks": 3256,
                              "Lossy Heap Blocks": 0,
                              "Plans": [
                                {
                                  "Node Type": "Bitmap Index Scan",
                                  "Parent Relationship": "Outer",
                                  "Parallel Aware": false,
                                  "Index Name": "person_id_cast_info",
                                  "Startup Cost": 0.0,
                                  "Total Cost": 21194.64,
                                  "Plan Rows": 970943,
                                  "Plan Width": 0,
                                  "Actual Startup Time": 31.193,
                                  "Actual Total Time": 31.194,
                                  "Actual Rows": 1014144,
                                  "Actual Loops": 1,
                                  "Index Cond": "(person_id < 103483)"
                                }
                              ]
                            },
                            {
                              "Node Type": "Hash",
                              "Parent Relationship": "Inner",
                              "Parallel Aware": true,
                              "Startup Cost": 43899.32,
                              "Total Cost": 43899.32,
                              "Plan Rows": 246626,
                              "Plan Width": 4,
                              "Actual Startup Time": 194.247,
                              "Actual Total Time": 194.248,
                              "Actual Rows": 246262,
                              "Actual Loops": 4,
                              "Hash Buckets": 1048576,
                              "Original Hash Buckets": 1048576,
                              "Hash Batches": 1,
                              "Original Hash Batches": 1,
                              "Peak Memory Usage": 46752,
                              "Plans": [
                                {
                                  "Node Type": "Seq Scan",
                                  "Parent Relationship": "Outer",
                                  "Parallel Aware": true,
                                  "Relation Name": "title",
                                  "Alias": "t",
                                  "Startup Cost": 0.0,
                                  "Total Cost": 43899.32,
                                  "Plan Rows": 246626,
                                  "Plan Width": 4,
                                  "Actual Startup Time": 0.03,
                                  "Actual Total Time": 102.35,
                                  "Actual Rows": 246262,
                                  "Actual Loops": 4,
                                  "Filter": "(kind_id < 7)",
                                  "Rows Removed by Filter": 385816
                                }
                              ]
                            }
                          ]
                        }
                      ]
                    }
                  ]
                }
              ]
            }
          ]
        }
      ]
    },
    "Planning Time": 1.159,
    "Triggers": [],
    "Execution Time": 575.344
  }
]