[
  {
    "Plan": {
      "Node Type": "Aggregate",
      "Strategy": "Plain",
      "Partial Mode": "Finalize",
      "Parallel Aware": false,
      "Startup Cost": 232475.86,
      "Total Cost": 232475.87,
      "Plan Rows": 1,
      "Plan Width": 8,
      "Actual Startup Time": 421.924,
      "Actual Total Time": 442.603,
      "Actual Rows": 1,
      "Actual Loops": 1,
      "Plans": [
        {
          "Node Type": "Gather",
          "Parent Relationship": "Outer",
          "Parallel Aware": false,
          "Startup Cost": 232475.34,
          "Total Cost": 232475.85,
          "Plan Rows": 5,
          "Plan Width": 8,
          "Actual Startup Time": 412.408,
          "Actual Total Time": 442.592,
          "Actual Rows": 6,
          "Actual Loops": 1,
          "Workers Planned": 5,
          "Workers Launched": 5,
          "Single Copy": false,
          "Plans": [
            {
              "Node Type": "Aggregate",
              "Strategy": "Plain",
              "Partial Mode": "Partial",
              "Parent Relationship": "Outer",
              "Parallel Aware": false,
              "Startup Cost": 231475.34,
              "Total Cost": 231475.35,
              "Plan Rows": 1,
              "Plan Width": 8,
              "Actual Startup Time": 397.225,
              "Actual Total Time": 397.229,
              "Actual Rows": 1,
              "Actual Loops": 6,
              "Plans": [
                {
                  "Node Type": "Hash Join",
                  "Parent Relationship": "Outer",
                  "Parallel Aware": true,
                  "Join Type": "Inner",
                  "Startup Cost": 66300.73,
                  "Total Cost": 231161.81,
                  "Plan Rows": 125412,
                  "Plan Width": 0,
                  "Actual Startup Time": 281.304,
                  "Actual Total Time": 395.168,
                  "Actual Rows": 30211,
                  "Actual Loops": 6,
                  "Inner Unique": true,
                  "Hash Cond": "(mi.movie_id = t.id)",
                  "Plans": [
                    {
                      "Node Type": "Bitmap Heap Scan",
                      "Parent Relationship": "Outer",
                      "Parallel Aware": true,
                      "Relation Name": "movie_info",
                      "Alias": "mi",
                      "Startup Cost": 17176.41,
                      "Total Cost": 181539.73,
                      "Plan Rows": 189625,
                      "Plan Width": 4,
                      "Actual Startup Time": 35.924,
                      "Actual Total Time": 103.672,
                      "Actual Rows": 150057,
                      "Actual Loops": 6,
                      "Recheck Cond": "(info_type_id > 94)",
                      "Rows Removed by Index Recheck": 0,
                      "Exact Heap Blocks": 9162,
                      "Lossy Heap Blocks": 0,
                      "Plans": [
                        {
                          "Node Type": "Bitmap Index Scan",
                          "Parent Relationship": "Outer",
                          "Parallel Aware": false,
                          "Index Name": "info_type_id_movie_info",
                          "Startup Cost": 0.0,
                          "Total Cost": 16939.38,
                          "Plan Rows": 948126,
                          "Plan Width": 0,
                          "Actual Startup Time": 30.556,
                          "Actual Total Time": 30.556,
                          "Actual Rows": 900340,
                          "Actual Loops": 1,
                          "Index Cond": "(info_type_id > 94)"
                        }
                      ]
                    },
                    {
                      "Node Type": "Hash",
                      "Parent Relationship": "Inner",
                      "Parallel Aware": true,
                      "Startup Cost": 43898.92,
                      "Total Cost": 43898.92,
                      "Plan Rows": 418032,
                      "Plan Width": 4,
                      "Actual Startup Time": 230.304,
                      "Actual Total Time": 230.305,
                      "Actual Rows": 279016,
                      "Actual Loops": 6,
                      "Hash Buckets": 2097152,
                      "Original Hash Buckets": 2097152,
                      "Hash Batches": 1,
                      "Original Hash Batches": 1,
                      "Peak Memory Usage": 81952,
                      "Plans": [
                        {
                          "Node Type": "Seq Scan",
                          "Parent Relationship": "Outer",
                          "Parallel Aware": true,
                          "Relation Name": "title",
                          "Alias": "t",
                          "Startup Cost": 0.0,
                          "Total Cost": 43898.92,
                          "Plan Rows": 418032,
                          "Plan Width": 4,
                          "Actual Startup Time": 0.037,
                          "Actual Total Time": 96.547,
                          "Actual Rows": 279016,
                          "Actual Loops": 6,
                          "Filter": "(kind_id > 3)",
                          "Rows Removed by Filter": 142369
                        }
                      ]
                    }
                  ]
                }
              ]
            }
          ]
        }
      ]
    },
    "Planning Time": 0.671,
    "Triggers": [],
    "Execution Time": 442.701
  }
]