[
  {
    "Plan": {
      "Node Type": "Aggregate",
      "Strategy": "Plain",
      "Partial Mode": "Finalize",
      "Parallel Aware": false,
      "Startup Cost": 72325.13,
      "Total Cost": 72325.14,
      "Plan Rows": 1,
      "Plan Width": 8,
      "Actual Startup Time": 219.228,
      "Actual Total Time": 230.795,
      "Actual Rows": 1,
      "Actual Loops": 1,
      "Plans": [
        {
          "Node Type": "Gather",
          "Parent Relationship": "Outer",
          "Parallel Aware": false,
          "Startup Cost": 72324.71,
          "Total Cost": 72325.12,
          "Plan Rows": 4,
          "Plan Width": 8,
          "Actual Startup Time": 218.161,
          "Actual Total Time": 230.786,
          "Actual Rows": 5,
          "Actual Loops": 1,
          "Workers Planned": 4,
          "Workers Launched": 4,
          "Single Copy": false,
          "Plans": [
            {
              "Node Type": "Aggregate",
              "Strategy": "Plain",
              "Partial Mode": "Partial",
              "Parent Relationship": "Outer",
              "Parallel Aware": false,
              "Startup Cost": 71324.71,
              "Total Cost": 71324.72,
              "Plan Rows": 1,
              "Plan Width": 8,
              "Actual Startup Time": 208.164,
              "Actual Total Time": 208.167,
              "Actual Rows": 1,
              "Actual Loops": 5,
              "Plans": [
                {
                  "Node Type": "Hash Join",
                  "Parent Relationship": "Outer",
                  "Parallel Aware": true,
                  "Join Type": "Inner",
                  "Startup Cost": 24615.09,
                  "Total Cost": 71224.73,
                  "Plan Rows": 39990,
                  "Plan Width": 0,
                  "Actual Startup Time": 156.572,
                  "Actual Total Time": 206.767,
                  "Actual Rows": 31099,
                  "Actual Loops": 5,
                  "Inner Unique": false,
                  "Hash Cond": "(t.id = mc.movie_id)",
                  "Plans": [
                    {
                      "Node Type": "Seq Scan",
                      "Parent Relationship": "Outer",
                      "Parallel Aware": true,
                      "Relation Name": "title",
                      "Alias": "t",
                      "Startup Cost": 0.0,
                      "Total Cost": 43898.92,
                      "Plan Rows": 516346,
                      "Plan Width": 4,
                      "Actual Startup Time": 0.018,
                      "Actual Total Time": 79.656,
                      "Actual Rows": 412910,
                      "Actual Loops": 5,
                      "Filter": "(production_year < 2011)",
                      "Rows Removed by Filter": 92752
                    },
                    {
                      "Node Type": "Hash",
                      "Parent Relationship": "Inner",
                      "Parallel Aware": true,
                      "Startup Cost": 23825.53,
                      "Total Cost": 23825.53,
                      "Plan Rows": 63165,
                      "Plan Width": 4,
                      "Actual Startup Time": 60.342,
                      "Actual Total Time": 60.343,
                      "Actual Rows": 38033,
                      "Actual Loops": 5,
                      "Hash Buckets": 262144,
                      "Original Hash Buckets": 262144,
                      "Hash Batches": 1,
                      "Original Hash Batches": 1,
                      "Peak Memory Usage": 9600,
                      "Plans": [
                        {
                          "Node Type": "Bitmap Heap Scan",
                          "Parent Relationship": "Outer",
                          "Parallel Aware": true,
                          "Relation Name": "movie_companies",
                          "Alias": "mc",
                          "Startup Cost": 4245.97,
                          "Total Cost": 23825.53,
                          "Plan Rows": 63165,
                          "Plan Width": 4,
                          "Actual Startup Time": 15.827,
                          "Actual Total Time": 40.885,
                          "Actual Rows": 38033,
                          "Actual Loops": 5,
                          "Recheck Cond": "(company_id > 116644)",
                          "Rows Removed by Index Recheck": 0,
                          "Exact Heap Blocks": 1720,
                          "Lossy Heap Blocks": 0,
                          "Plans": [
                            {
                              "Node Type": "Bitmap Index Scan",
                              "Parent Relationship": "Outer",
                              "Parallel Aware": false,
                              "Index Name": "company_id_movie_companies",
                              "Startup Cost": 0.0,
                              "Total Cost": 4197.01,
                              "Plan Rows": 195811,
                              "Plan Width": 0,
                              "Actual Startup Time": 17.623,
                              "Actual Total Time": 17.624,
                              "Actual Rows": 190167,
                              "Actual Loops": 1,
                              "Index Cond": "(company_id > 116644)"
                            }
                          ]
                        }
                      ]
                    }
                  ]
                }
              ]
            }
          ]
        }
      ]
    },
    "Planning Time": 0.651,
    "Triggers": [],
    "Execution Time": 230.893
  }
]