{
  "Plan": {
    "Node Type": "Aggregate",
    "Strategy": "Plain",
    "Partial Mode": "Finalize",
    "Parallel Aware": false,
    "Startup Cost": 479989.02,
    "Total Cost": 479989.03,
    "Plan Rows": 1,
    "Plan Width": 8,
    "Actual Startup Time": 2036.605,
    "Actual Total Time": 2055.877,
    "Actual Rows": 1,
    "Actual Loops": 1,
    "Plans": [
      {
        "Node Type": "Gather",
        "Parent Relationship": "Outer",
        "Parallel Aware": false,
        "Startup Cost": 479988.9,
        "Total Cost": 479989.01,
        "Plan Rows": 1,
        "Plan Width": 8,
        "Actual Startup Time": 2032.453,
        "Actual Total Time": 2055.869,
        "Actual Rows": 2,
        "Actual Loops": 1,
        "Workers Planned": 1,
        "Workers Launched": 1,
        "Single Copy": false,
        "Plans": [
          {
            "Node Type": "Aggregate",
            "Strategy": "Plain",
            "Partial Mode": "Partial",
            "Parent Relationship": "Outer",
            "Parallel Aware": false,
            "Startup Cost": 478988.9,
            "Total Cost": 478988.91,
            "Plan Rows": 1,
            "Plan Width": 8,
            "Actual Startup Time": 2021.328,
            "Actual Total Time": 2021.332,
            "Actual Rows": 1,
            "Actual Loops": 2,
            "Plans": [
              {
                "Node Type": "Hash Join",
                "Parent Relationship": "Outer",
                "Parallel Aware": true,
                "Join Type": "Inner",
                "Startup Cost": 176198.46,
                "Total Cost": 471882.03,
                "Plan Rows": 2842748,
                "Plan Width": 0,
                "Actual Startup Time": 670.861,
                "Actual Total Time": 1917.028,
                "Actual Rows": 2501606,
                "Actual Loops": 2,
                "Inner Unique": true,
                "Hash Cond": "(ci.movie_id = t.id)",
                "Plans": [
                  {
                    "Node Type": "Bitmap Heap Scan",
                    "Parent Relationship": "Outer",
                    "Parallel Aware": true,
                    "Relation Name": "cast_info",
                    "Alias": "ci",
                    "Startup Cost": 106737.77,
                    "Total Cost": 394959.11,
                    "Plan Rows": 2842748,
                    "Plan Width": 4,
                    "Actual Startup Time": 156.739,
                    "Actual Total Time": 391.299,
                    "Actual Rows": 2501606,
                    "Actual Loops": 2,
                    "Recheck Cond": "(person_id < 484343)",
                    "Rows Removed by Index Recheck": 0,
                    "Exact Heap Blocks": 27005,
                    "Lossy Heap Blocks": 0,
                    "Plans": [
                      {
                        "Node Type": "Bitmap Index Scan",
                        "Parent Relationship": "Outer",
                        "Parallel Aware": false,
                        "Index Name": "person_id_cast_info",
                        "Startup Cost": 0.0,
                        "Total Cost": 105529.6,
                        "Plan Rows": 4832671,
                        "Plan Width": 0,
                        "Actual Startup Time": 148.177,
                        "Actual Total Time": 148.178,
                        "Actual Rows": 5003213,
                        "Actual Loops": 1,
                        "Index Cond": "(person_id < 484343)"
                      }
                    ]
                  },
                  {
                    "Node Type": "Hash",
                    "Parent Relationship": "Inner",
                    "Parallel Aware": true,
                    "Startup Cost": 50870.31,
                    "Total Cost": 50870.31,
                    "Plan Rows": 1487231,
                    "Plan Width": 4,
                    "Actual Startup Time": 494.98,
                    "Actual Total Time": 494.981,
                    "Actual Rows": 1264156,
                    "Actual Loops": 2,
                    "Hash Buckets": 4194304,
                    "Original Hash Buckets": 4194304,
                    "Hash Batches": 1,
                    "Original Hash Batches": 1,
                    "Peak Memory Usage": 131712,
                    "Plans": [
                      {
                        "Node Type": "Seq Scan",
                        "Parent Relationship": "Outer",
                        "Parallel Aware": true,
                        "Relation Name": "title",
                        "Alias": "t",
                        "Startup Cost": 0.0,
                        "Total Cost": 50870.31,
                        "Plan Rows": 1487231,
                        "Plan Width": 4,
                        "Actual Startup Time": 0.025,
                        "Actual Total Time": 147.098,
                        "Actual Rows": 1264156,
                        "Actual Loops": 2
                      }
                    ]
                  }
                ]
              }
            ]
          }
        ]
      }
    ]
  },
  "Planning Time": 0.593,
  "Triggers": [],
  "Execution Time": 2055.958
}