[
  {
    "Plan": {
      "Node Type": "Aggregate",
      "Strategy": "Plain",
      "Partial Mode": "Finalize",
      "Parallel Aware": false,
      "Startup Cost": 355166.12,
      "Total Cost": 355166.13,
      "Plan Rows": 1,
      "Plan Width": 8,
      "Actual Startup Time": 936.312,
      "Actual Total Time": 979.613,
      "Actual Rows": 1,
      "Actual Loops": 1,
      "Plans": [
        {
          "Node Type": "Gather",
          "Parent Relationship": "Outer",
          "Parallel Aware": false,
          "Startup Cost": 355165.5,
          "Total Cost": 355166.11,
          "Plan Rows": 6,
          "Plan Width": 8,
          "Actual Startup Time": 936.119,
          "Actual Total Time": 979.595,
          "Actual Rows": 7,
          "Actual Loops": 1,
          "Workers Planned": 6,
          "Workers Launched": 6,
          "Single Copy": false,
          "Plans": [
            {
              "Node Type": "Aggregate",
              "Strategy": "Plain",
              "Partial Mode": "Partial",
              "Parent Relationship": "Outer",
              "Parallel Aware": false,
              "Startup Cost": 354165.5,
              "Total Cost": 354165.51,
              "Plan Rows": 1,
              "Plan Width": 8,
              "Actual Startup Time": 928.677,
              "Actual Total Time": 928.678,
              "Actual Rows": 1,
              "Actual Loops": 7,
              "Plans": [
                {
                  "Node Type": "Seq Scan",
                  "Parent Relationship": "Outer",
                  "Parallel Aware": true,
                  "Relation Name": "cast_info",
                  "Alias": "ci",
                  "Startup Cost": 0.0,
                  "Total Cost": 343316.27,
                  "Plan Rows": 4339691,
                  "Plan Width": 0,
                  "Actual Startup Time": 0.046,
                  "Actual Total Time": 731.534,
                  "Actual Rows": 4114014,
                  "Actual Loops": 7,
                  "Filter": "((person_id < 3440410) AND (role_id < 8))",
                  "Rows Removed by Filter": 1063750
                }
              ]
            }
          ]
        }
      ]
    },
    "Planning Time": 0.23,
    "Triggers": [],
    "Execution Time": 979.684
  }
]