[
  {
    "Plan": {
      "Node Type": "Aggregate",
      "Strategy": "Plain",
      "Partial Mode": "Finalize",
      "Parallel Aware": false,
      "Startup Cost": 355072.56,
      "Total Cost": 355072.57,
      "Plan Rows": 1,
      "Plan Width": 8,
      "Actual Startup Time": 918.537,
      "Actual Total Time": 982.4,
      "Actual Rows": 1,
      "Actual Loops": 1,
      "Plans": [
        {
          "Node Type": "Gather",
          "Parent Relationship": "Outer",
          "Parallel Aware": false,
          "Startup Cost": 355071.94,
          "Total Cost": 355072.55,
          "Plan Rows": 6,
          "Plan Width": 8,
          "Actual Startup Time": 918.416,
          "Actual Total Time": 982.388,
          "Actual Rows": 7,
          "Actual Loops": 1,
          "Workers Planned": 6,
          "Workers Launched": 6,
          "Single Copy": false,
          "Plans": [
            {
              "Node Type": "Aggregate",
              "Strategy": "Plain",
              "Partial Mode": "Partial",
              "Parent Relationship": "Outer",
              "Parallel Aware": false,
              "Startup Cost": 354071.94,
              "Total Cost": 354071.95,
              "Plan Rows": 1,
              "Plan Width": 8,
              "Actual Startup Time": 908.927,
              "Actual Total Time": 908.929,
              "Actual Rows": 1,
              "Actual Loops": 7,
              "Plans": [
                {
                  "Node Type": "Seq Scan",
                  "Parent Relationship": "Outer",
                  "Parallel Aware": true,
                  "Relation Name": "cast_info",
                  "Alias": "ci",
                  "Startup Cost": 0.0,
                  "Total Cost": 343257.03,
                  "Plan Rows": 4325963,
                  "Plan Width": 0,
                  "Actual Startup Time": 0.048,
                  "Actual Total Time": 733.276,
                  "Actual Rows": 4114014,
                  "Actual Loops": 7,
                  "Filter": "((person_id < 3440410) AND (role_id < 8))",
                  "Rows Removed by Filter": 1063750
                }
              ]
            }
          ]
        }
      ]
    },
    "Planning Time": 0.231,
    "Triggers": [],
    "Execution Time": 982.479
  }
]