[
  {
    "Plan": {
      "Node Type": "Aggregate",
      "Strategy": "Plain",
      "Partial Mode": "Finalize",
      "Parallel Aware": false,
      "Startup Cost": 108008.62,
      "Total Cost": 108008.63,
      "Plan Rows": 1,
      "Plan Width": 8,
      "Actual Startup Time": 920.757,
      "Actual Total Time": 998.149,
      "Actual Rows": 1,
      "Actual Loops": 1,
      "Plans": [
        {
          "Node Type": "Gather",
          "Parent Relationship": "Outer",
          "Parallel Aware": false,
          "Startup Cost": 108008.31,
          "Total Cost": 108008.62,
          "Plan Rows": 3,
          "Plan Width": 8,
          "Actual Startup Time": 915.133,
          "Actual Total Time": 998.138,
          "Actual Rows": 4,
          "Actual Loops": 1,
          "Workers Planned": 3,
          "Workers Launched": 3,
          "Single Copy": false,
          "Plans": [
            {
              "Node Type": "Aggregate",
              "Strategy": "Plain",
              "Partial Mode": "Partial",
              "Parent Relationship": "Outer",
              "Parallel Aware": false,
              "Startup Cost": 107008.31,
              "Total Cost": 107008.32,
              "Plan Rows": 1,
              "Plan Width": 8,
              "Actual Startup Time": 894.472,
              "Actual Total Time": 894.477,
              "Actual Rows": 1,
              "Actual Loops": 4,
              "Plans": [
                {
                  "Node Type": "Nested Loop",
                  "Parent Relationship": "Outer",
                  "Parallel Aware": false,
                  "Join Type": "Inner",
                  "Startup Cost": 51089.35,
                  "Total Cost": 106546.39,
                  "Plan Rows": 184766,
                  "Plan Width": 0,
                  "Actual Startup Time": 331.774,
                  "Actual Total Time": 879.174,
                  "Actual Rows": 252455,
                  "Actual Loops": 4,
                  "Inner Unique": false,
                  "Plans": [
                    {
                      "Node Type": "Hash Join",
                      "Parent Relationship": "Outer",
                      "Parallel Aware": true,
                      "Join Type": "Inner",
                      "Startup Cost": 51088.79,
                      "Total Cost": 76613.12,
                      "Plan Rows": 13183,
                      "Plan Width": 8,
                      "Actual Startup Time": 331.678,
                      "Actual Total Time": 363.558,
                      "Actual Rows": 10460,
                      "Actual Loops": 4,
                      "Inner Unique": true,
                      "Hash Cond": "(mk.movie_id = t.id)",
                      "Plans": [
                        {
                          "Node Type": "Bitmap Heap Scan",
                          "Parent Relationship": "Outer",
                          "Parallel Aware": true,
                          "Relation Name": "movie_keyword",
                          "Alias": "mk",
                          "Startup Cost": 869.14,
                          "Total Cost": 26358.87,
                          "Plan Rows": 13183,
                          "Plan Width": 4,
                          "Actual Startup Time": 4.551,
                          "Actual Total Time": 20.381,
                          "Actual Rows": 10460,
                          "Actual Loops": 4,
                          "Recheck Cond": "(keyword_id = 117)",
                          "Rows Removed by Index Recheck": 0,
                          "Exact Heap Blocks": 3232,
                          "Lossy Heap Blocks": 0,
                          "Plans": [
                            {
                              "Node Type": "Bitmap Index Scan",
                              "Parent Relationship": "Outer",
                              "Parallel Aware": false,
                              "Index Name": "keyword_id_movie_keyword",
                              "Startup Cost": 0.0,
                              "Total Cost": 858.93,
                              "Plan Rows": 40866,
                              "Plan Width": 0,
                              "Actual Startup Time": 2.883,
                              "Actual Total Time": 2.884,
                              "Actual Rows": 41840,
                              "Actual Loops": 1,
                              "Index Cond": "(keyword_id = 117)"
                            }
                          ]
                        },
                        {
                          "Node Type": "Hash",
                          "Parent Relationship": "Inner",
                          "Parallel Aware": true,
                          "Startup Cost": 42318.73,
                          "Total Cost": 42318.73,
                          "Plan Rows": 632073,
                          "Plan Width": 4,
                          "Actual Startup Time": 315.818,
                          "Actual Total Time": 315.819,
                          "Actual Rows": 632078,
                          "Actual Loops": 4,
                          "Hash Buckets": 4194304,
                          "Original Hash Buckets": 4194304,
                          "Hash Batches": 1,
                          "Original Hash Batches": 1,
                          "Peak Memory Usage": 131712,
                          "Plans": [
                            {
                              "Node Type": "Seq Scan",
                              "Parent Relationship": "Outer",
                              "Parallel Aware": true,
                              "Relation Name": "title",
                              "Alias": "t",
                              "Startup Cost": 0.0,
                              "Total Cost": 42318.73,
                              "Plan Rows": 632073,
                              "Plan Width": 4,
                              "Actual Startup Time": 0.031,
                              "Actual Total Time": 93.465,
                              "Actual Rows": 632078,
                              "Actual Loops": 4
                            }
                          ]
                        }
                      ]
                    },
                    {
                      "Node Type": "Index Scan",
                      "Parent Relationship": "Inner",
                      "Parallel Aware": false,
                      "Scan Direction": "Forward",
                      "Index Name": "movie_id_cast_info",
                      "Relation Name": "cast_info",
                      "Alias": "ci",
                      "Startup Cost": 0.56,
                      "Total Cost": 1.91,
                      "Plan Rows": 36,
                      "Plan Width": 4,
                      "Actual Startup Time": 0.007,
                      "Actual Total Time": 0.047,
                      "Actual Rows": 24,
                      "Actual Loops": 41840,
                      "Index Cond": "(movie_id = t.id)",
                      "Rows Removed by Index Recheck": 0,
                      "Filter": "(person_id < 3916243)",
                      "Rows Removed by Filter": 1
                    }
                  ]
                }
              ]
            }
          ]
        }
      ]
    },
    "Planning Time": 1.412,
    "Triggers": [],
    "Execution Time": 998.281
  }
]