[
  {
    "Plan": {
      "Node Type": "Aggregate",
      "Strategy": "Plain",
      "Partial Mode": "Finalize",
      "Parallel Aware": false,
      "Startup Cost": 128781.54,
      "Total Cost": 128781.55,
      "Plan Rows": 1,
      "Plan Width": 8,
      "Actual Startup Time": 697.805,
      "Actual Total Time": 722.502,
      "Actual Rows": 1,
      "Actual Loops": 1,
      "Plans": [
        {
          "Node Type": "Gather",
          "Parent Relationship": "Outer",
          "Parallel Aware": false,
          "Startup Cost": 128781.22,
          "Total Cost": 128781.53,
          "Plan Rows": 3,
          "Plan Width": 8,
          "Actual Startup Time": 693.713,
          "Actual Total Time": 722.486,
          "Actual Rows": 4,
          "Actual Loops": 1,
          "Workers Planned": 3,
          "Workers Launched": 3,
          "Single Copy": false,
          "Plans": [
            {
              "Node Type": "Aggregate",
              "Strategy": "Plain",
              "Partial Mode": "Partial",
              "Parent Relationship": "Outer",
              "Parallel Aware": false,
              "Startup Cost": 127781.22,
              "Total Cost": 127781.23,
              "Plan Rows": 1,
              "Plan Width": 8,
              "Actual Startup Time": 686.624,
              "Actual Total Time": 686.843,
              "Actual Rows": 1,
              "Actual Loops": 4,
              "Plans": [
                {
                  "Node Type": "Hash Join",
                  "Parent Relationship": "Outer",
                  "Parallel Aware": true,
                  "Join Type": "Inner",
                  "Startup Cost": 82159.19,
                  "Total Cost": 127402.94,
                  "Plan Rows": 151311,
                  "Plan Width": 0,
                  "Actual Startup Time": 460.982,
                  "Actual Total Time": 674.223,
                  "Actual Rows": 216476,
                  "Actual Loops": 4,
                  "Inner Unique": false,
                  "Hash Cond": "(mk.movie_id = t.id)",
                  "Plans": [
                    {
                      "Node Type": "Seq Scan",
                      "Parent Relationship": "Outer",
                      "Parallel Aware": true,
                      "Relation Name": "movie_keyword",
                      "Alias": "mk",
                      "Startup Cost": 0.0,
                      "Total Cost": 42695.65,
                      "Plan Rows": 578618,
                      "Plan Width": 4,
                      "Actual Startup Time": 0.041,
                      "Actual Total Time": 126.24,
                      "Actual Rows": 452730,
                      "Actual Loops": 4,
                      "Filter": "(keyword_id < 2941)",
                      "Rows Removed by Filter": 678252
                    },
                    {
                      "Node Type": "Hash",
                      "Parent Relationship": "Inner",
                      "Parallel Aware": true,
                      "Startup Cost": 80093.07,
                      "Total Cost": 80093.07,
                      "Plan Rows": 165290,
                      "Plan Width": 8,
                      "Actual Startup Time": 456.643,
                      "Actual Total Time": 456.86,
                      "Actual Rows": 105969,
                      "Actual Loops": 4,
                      "Hash Buckets": 1048576,
                      "Original Hash Buckets": 1048576,
                      "Hash Batches": 1,
                      "Original Hash Batches": 1,
                      "Peak Memory Usage": 24832,
                      "Plans": [
                        {
                          "Node Type": "Hash Join",
                          "Parent Relationship": "Outer",
                          "Parallel Aware": true,
                          "Join Type": "Inner",
                          "Startup Cost": 34080.78,
                          "Total Cost": 80093.07,
                          "Plan Rows": 165290,
                          "Plan Width": 8,
                          "Actual Startup Time": 143.426,
                          "Actual Total Time": 408.17,
                          "Actual Rows": 105969,
                          "Actual Loops": 4,
                          "Inner Unique": false,
                          "Hash Cond": "(t.id = mc.movie_id)",
                          "Plans": [
                            {
                              "Node Type": "Seq Scan",
                              "Parent Relationship": "Outer",
                              "Parallel Aware": true,
                              "Relation Name": "title",
                              "Alias": "t",
                              "Startup Cost": 0.0,
                              "Total Cost": 42318.73,
                              "Plan Rows": 632073,
                              "Plan Width": 4,
                              "Actual Startup Time": 0.014,
                              "Actual Total Time": 91.476,
                              "Actual Rows": 632078,
                              "Actual Loops": 4
                            },
                            {
                              "Node Type": "Hash",
                              "Parent Relationship": "Inner",
                              "Parallel Aware": true,
                              "Startup Cost": 31414.82,
                              "Total Cost": 31414.82,
                              "Plan Rows": 213277,
                              "Plan Width": 4,
                              "Actual Startup Time": 140.911,
                              "Actual Total Time": 140.912,
                              "Actual Rows": 105969,
                              "Actual Loops": 4,
                              "Hash Buckets": 1048576,
                              "Original Hash Buckets": 1048576,
                              "Hash Batches": 1,
                              "Original Hash Batches": 1,
                              "Peak Memory Usage": 24864,
                              "Plans": [
                                {
                                  "Node Type": "Seq Scan",
                                  "Parent Relationship": "Outer",
                                  "Parallel Aware": true,
                                  "Relation Name": "movie_companies",
                                  "Alias": "mc",
                                  "Startup Cost": 0.0,
                                  "Total Cost": 31414.82,
                                  "Plan Rows": 213277,
                                  "Plan Width": 4,
                                  "Actual Startup Time": 53.861,
                                  "Actual Total Time": 96.231,
                                  "Actual Rows": 105969,
                                  "Actual Loops": 4,
                                  "Filter": "((company_id < 11272) AND (company_type_id = 2))",
                                  "Rows Removed by Filter": 546313
                                }
                              ]
                            }
                          ]
                        }
                      ]
                    }
                  ]
                }
              ]
            }
          ]
        }
      ]
    },
    "Planning Time": 1.174,
    "Triggers": [],
    "Execution Time": 722.58
  }
]