[
  {
    "Plan": {
      "Node Type": "Aggregate",
      "Strategy": "Plain",
      "Partial Mode": "Finalize",
      "Parallel Aware": false,
      "Startup Cost": 284495.59,
      "Total Cost": 284495.6,
      "Plan Rows": 1,
      "Plan Width": 8,
      "Actual Startup Time": 847.209,
      "Actual Total Time": 864.987,
      "Actual Rows": 1,
      "Actual Loops": 1,
      "Plans": [
        {
          "Node Type": "Gather",
          "Parent Relationship": "Outer",
          "Parallel Aware": false,
          "Startup Cost": 284495.28,
          "Total Cost": 284495.59,
          "Plan Rows": 3,
          "Plan Width": 8,
          "Actual Startup Time": 843.384,
          "Actual Total Time": 864.976,
          "Actual Rows": 4,
          "Actual Loops": 1,
          "Workers Planned": 3,
          "Workers Launched": 3,
          "Single Copy": false,
          "Plans": [
            {
              "Node Type": "Aggregate",
              "Strategy": "Plain",
              "Partial Mode": "Partial",
              "Parent Relationship": "Outer",
              "Parallel Aware": false,
              "Startup Cost": 283495.28,
              "Total Cost": 283495.29,
              "Plan Rows": 1,
              "Plan Width": 8,
              "Actual Startup Time": 833.814,
              "Actual Total Time": 834.295,
              "Actual Rows": 1,
              "Actual Loops": 4,
              "Plans": [
                {
                  "Node Type": "Hash Join",
                  "Parent Relationship": "Outer",
                  "Parallel Aware": true,
                  "Join Type": "Inner",
                  "Startup Cost": 238151.12,
                  "Total Cost": 283037.31,
                  "Plan Rows": 183187,
                  "Plan Width": 0,
                  "Actual Startup Time": 516.636,
                  "Actual Total Time": 794.825,
                  "Actual Rows": 919152,
                  "Actual Loops": 4,
                  "Inner Unique": false,
                  "Hash Cond": "(mk.movie_id = t.id)",
                  "Plans": [
                    {
                      "Node Type": "Seq Scan",
                      "Parent Relationship": "Outer",
                      "Parallel Aware": true,
                      "Relation Name": "movie_keyword",
                      "Alias": "mk",
                      "Startup Cost": 0.0,
                      "Total Cost": 39047.32,
                      "Plan Rows": 1459332,
                      "Plan Width": 4,
                      "Actual Startup Time": 0.025,
                      "Actual Total Time": 92.205,
                      "Actual Rows": 1130982,
                      "Actual Loops": 4
                    },
                    {
                      "Node Type": "Hash",
                      "Parent Relationship": "Inner",
                      "Parallel Aware": true,
                      "Startup Cost": 237357.7,
                      "Total Cost": 237357.7,
                      "Plan Rows": 63474,
                      "Plan Width": 8,
                      "Actual Startup Time": 513.295,
                      "Actual Total Time": 513.775,
                      "Actual Rows": 177322,
                      "Actual Loops": 4,
                      "Hash Buckets": 1048576,
                      "Original Hash Buckets": 524288,
                      "Hash Batches": 1,
                      "Original Hash Batches": 1,
                      "Peak Memory Usage": 40096,
                      "Plans": [
                        {
                          "Node Type": "Hash Join",
                          "Parent Relationship": "Outer",
                          "Parallel Aware": true,
                          "Join Type": "Inner",
                          "Startup Cost": 71359.22,
                          "Total Cost": 237357.7,
                          "Plan Rows": 63474,
                          "Plan Width": 8,
                          "Actual Startup Time": 265.919,
                          "Actual Total Time": 439.163,
                          "Actual Rows": 177322,
                          "Actual Loops": 4,
                          "Inner Unique": true,
                          "Hash Cond": "(mi.movie_id = t.id)",
                          "Plans": [
                            {
                              "Node Type": "Bitmap Heap Scan",
                              "Parent Relationship": "Outer",
                              "Parallel Aware": true,
                              "Relation Name": "movie_info",
                              "Alias": "mi",
                              "Startup Cost": 23986.4,
                              "Total Cost": 189289.71,
                              "Plan Rows": 264825,
                              "Plan Width": 4,
                              "Actual Startup Time": 82.366,
                              "Actual Total Time": 129.966,
                              "Actual Rows": 331340,
                              "Actual Loops": 4,
                              "Recheck Cond": "(info_type_id = 8)",
                              "Rows Removed by Index Recheck": 0,
                              "Exact Heap Blocks": 2045,
                              "Lossy Heap Blocks": 0,
                              "Plans": [
                                {
                                  "Node Type": "Bitmap Index Scan",
                                  "Parent Relationship": "Outer",
                                  "Parallel Aware": false,
                                  "Index Name": "info_type_id_movie_info",
                                  "Startup Cost": 0.0,
                                  "Total Cost": 23655.37,
                                  "Plan Rows": 1324124,
                                  "Plan Width": 0,
                                  "Actual Startup Time": 81.076,
                                  "Actual Total Time": 81.077,
                                  "Actual Rows": 1325361,
                                  "Actual Loops": 1,
                                  "Index Cond": "(info_type_id = 8)"
                                }
                              ]
                            },
                            {
                              "Node Type": "Hash",
                              "Parent Relationship": "Inner",
                              "Parallel Aware": true,
                              "Startup Cost": 45479.1,
                              "Total Cost": 45479.1,
                              "Plan Rows": 151498,
                              "Plan Width": 4,
                              "Actual Startup Time": 180.099,
                              "Actual Total Time": 180.102,
                              "Actual Rows": 168922,
                              "Actual Loops": 4,
                              "Hash Buckets": 1048576,
                              "Original Hash Buckets": 1048576,
                              "Hash Batches": 1,
                              "Original Hash Batches": 1,
                              "Peak Memory Usage": 34688,
                              "Plans": [
                                {
                                  "Node Type": "Seq Scan",
                                  "Parent Relationship": "Outer",
                                  "Parallel Aware": true,
                                  "Relation Name": "title",
                                  "Alias": "t",
                                  "Startup Cost": 0.0,
                                  "Total Cost": 45479.1,
                                  "Plan Rows": 151498,
                                  "Plan Width": 4,
                                  "Actual Startup Time": 0.053,
                                  "Actual Total Time": 109.507,
                                  "Actual Rows": 168922,
                                  "Actual Loops": 4,
                                  "Filter": "((kind_id < 7) AND (production_year < 2007))",
                                  "Rows Removed by Filter": 463156
                                }
                              ]
                            }
                          ]
                        }
                      ]
                    }
                  ]
                }
              ]
            }
          ]
        }
      ]
    },
    "Planning Time": 1.471,
    "Triggers": [],
    "Execution Time": 865.106
  }
]