{
  "Plan": {
    "Node Type": "Aggregate",
    "Strategy": "Plain",
    "Partial Mode": "Finalize",
    "Parallel Aware": false,
    "Startup Cost": 75321.97,
    "Total Cost": 75321.98,
    "Plan Rows": 1,
    "Plan Width": 8,
    "Actual Startup Time": 186.818,
    "Actual Total Time": 198.597,
    "Actual Rows": 1,
    "Actual Loops": 1,
    "Plans": [
      {
        "Node Type": "Gather",
        "Parent Relationship": "Outer",
        "Parallel Aware": false,
        "Startup Cost": 75321.85,
        "Total Cost": 75321.96,
        "Plan Rows": 1,
        "Plan Width": 8,
        "Actual Startup Time": 186.295,
        "Actual Total Time": 198.591,
        "Actual Rows": 2,
        "Actual Loops": 1,
        "Workers Planned": 1,
        "Workers Launched": 1,
        "Single Copy": false,
        "Plans": [
          {
            "Node Type": "Aggregate",
            "Strategy": "Plain",
            "Partial Mode": "Partial",
            "Parent Relationship": "Outer",
            "Parallel Aware": false,
            "Startup Cost": 74321.85,
            "Total Cost": 74321.86,
            "Plan Rows": 1,
            "Plan Width": 8,
            "Actual Startup Time": 182.555,
            "Actual Total Time": 182.559,
            "Actual Rows": 1,
            "Actual Loops": 2,
            "Plans": [
              {
                "Node Type": "Nested Loop",
                "Parent Relationship": "Outer",
                "Parallel Aware": false,
                "Join Type": "Inner",
                "Startup Cost": 44745.49,
                "Total Cost": 74316.67,
                "Plan Rows": 2075,
                "Plan Width": 0,
                "Actual Startup Time": 98.479,
                "Actual Total Time": 181.424,
                "Actual Rows": 20943,
                "Actual Loops": 2,
                "Inner Unique": false,
                "Join Filter": "(t.id = mi_idx.movie_id)",
                "Rows Removed by Join Filter": 0,
                "Plans": [
                  {
                    "Node Type": "Hash Join",
                    "Parent Relationship": "Outer",
                    "Parallel Aware": true,
                    "Join Type": "Inner",
                    "Startup Cost": 44745.06,
                    "Total Cost": 71525.41,
                    "Plan Rows": 3801,
                    "Plan Width": 8,
                    "Actual Startup Time": 98.401,
                    "Actual Total Time": 150.855,
                    "Actual Rows": 10129,
                    "Actual Loops": 2,
                    "Inner Unique": true,
                    "Hash Cond": "(mk.movie_id = t.id)",
                    "Plans": [
                      {
                        "Node Type": "Bitmap Heap Scan",
                        "Parent Relationship": "Outer",
                        "Parallel Aware": true,
                        "Relation Name": "movie_keyword",
                        "Alias": "mk",
                        "Startup Cost": 5546.86,
                        "Total Cost": 31923.46,
                        "Plan Rows": 153808,
                        "Plan Width": 4,
                        "Actual Startup Time": 19.727,
                        "Actual Total Time": 68.689,
                        "Actual Rows": 134130,
                        "Actual Loops": 2,
                        "Recheck Cond": "(keyword_id < 230)",
                        "Rows Removed by Index Recheck": 0,
                        "Exact Heap Blocks": 13458,
                        "Lossy Heap Blocks": 0,
                        "Plans": [
                          {
                            "Node Type": "Bitmap Index Scan",
                            "Parent Relationship": "Outer",
                            "Parallel Aware": false,
                            "Index Name": "keyword_id_movie_keyword",
                            "Startup Cost": 0.0,
                            "Total Cost": 5481.49,
                            "Plan Rows": 261474,
                            "Plan Width": 0,
                            "Actual Startup Time": 16.147,
                            "Actual Total Time": 16.148,
                            "Actual Rows": 268261,
                            "Actual Loops": 1,
                            "Index Cond": "(keyword_id < 230)"
                          }
                        ]
                      },
                      {
                        "Node Type": "Hash",
                        "Parent Relationship": "Inner",
                        "Parallel Aware": true,
                        "Startup Cost": 38738.76,
                        "Total Cost": 38738.76,
                        "Plan Rows": 36756,
                        "Plan Width": 4,
                        "Actual Startup Time": 60.604,
                        "Actual Total Time": 60.605,
                        "Actual Rows": 38748,
                        "Actual Loops": 2,
                        "Hash Buckets": 131072,
                        "Original Hash Buckets": 65536,
                        "Hash Batches": 1,
                        "Original Hash Batches": 1,
                        "Peak Memory Usage": 4608,
                        "Plans": [
                          {
                            "Node Type": "Bitmap Heap Scan",
                            "Parent Relationship": "Outer",
                            "Parallel Aware": true,
                            "Relation Name": "title",
                            "Alias": "t",
                            "Startup Cost": 1838.75,
                            "Total Cost": 38738.76,
                            "Plan Rows": 36756,
                            "Plan Width": 4,
                            "Actual Startup Time": 15.793,
                            "Actual Total Time": 49.21,
                            "Actual Rows": 38748,
                            "Actual Loops": 2,
                            "Recheck Cond": "(kind_id = 3)",
                            "Rows Removed by Index Recheck": 0,
                            "Filter": "(production_year < 2007)",
                            "Rows Removed by Filter": 11520,
                            "Exact Heap Blocks": 10091,
                            "Lossy Heap Blocks": 0,
                            "Plans": [
                              {
                                "Node Type": "Bitmap Index Scan",
                                "Parent Relationship": "Outer",
                                "Parallel Aware": false,
                                "Index Name": "kind_id_title",
                                "Startup Cost": 0.0,
                                "Total Cost": 1823.13,
                                "Plan Rows": 102227,
                                "Plan Width": 0,
                                "Actual Startup Time": 13.903,
                                "Actual Total Time": 13.903,
                                "Actual Rows": 100537,
                                "Actual Loops": 1,
                                "Index Cond": "(kind_id = 3)"
                              }
                            ]
                          }
                        ]
                      }
                    ]
                  },
                  {
                    "Node Type": "Index Only Scan",
                    "Parent Relationship": "Inner",
                    "Parallel Aware": false,
                    "Scan Direction": "Forward",
                    "Index Name": "movie_id_movie_info_idx",
                    "Relation Name": "movie_info_idx",
                    "Alias": "mi_idx",
                    "Startup Cost": 0.43,
                    "Total Cost": 0.7,
                    "Plan Rows": 3,
                    "Plan Width": 4,
                    "Actual Startup Time": 0.002,
                    "Actual Total Time": 0.003,
                    "Actual Rows": 2,
                    "Actual Loops": 20258,
                    "Index Cond": "(movie_id = mk.movie_id)",
                    "Rows Removed by Index Recheck": 0,
                    "Heap Fetches": 41886
                  }
                ]
              }
            ]
          }
        ]
      }
    ]
  },
  "Planning Time": 0.597,
  "Triggers": [],
  "Execution Time": 198.682
}