[
  {
    "Plan": {
      "Node Type": "Aggregate",
      "Strategy": "Plain",
      "Partial Mode": "Finalize",
      "Parallel Aware": false,
      "Startup Cost": 140519.47,
      "Total Cost": 140519.48,
      "Plan Rows": 1,
      "Plan Width": 8,
      "Actual Startup Time": 996.477,
      "Actual Total Time": 1030.86,
      "Actual Rows": 1,
      "Actual Loops": 1,
      "Plans": [
        {
          "Node Type": "Gather",
          "Parent Relationship": "Outer",
          "Parallel Aware": false,
          "Startup Cost": 140519.15,
          "Total Cost": 140519.46,
          "Plan Rows": 3,
          "Plan Width": 8,
          "Actual Startup Time": 996.468,
          "Actual Total Time": 1030.854,
          "Actual Rows": 4,
          "Actual Loops": 1,
          "Workers Planned": 3,
          "Workers Launched": 3,
          "Single Copy": false,
          "Plans": [
            {
              "Node Type": "Aggregate",
              "Strategy": "Plain",
              "Partial Mode": "Partial",
              "Parent Relationship": "Outer",
              "Parallel Aware": false,
              "Startup Cost": 139519.15,
              "Total Cost": 139519.16,
              "Plan Rows": 1,
              "Plan Width": 8,
              "Actual Startup Time": 984.817,
              "Actual Total Time": 984.819,
              "Actual Rows": 1,
              "Actual Loops": 4,
              "Plans": [
                {
                  "Node Type": "Nested Loop",
                  "Parent Relationship": "Outer",
                  "Parallel Aware": false,
                  "Join Type": "Inner",
                  "Startup Cost": 45631.86,
                  "Total Cost": 139255.26,
                  "Plan Rows": 105555,
                  "Plan Width": 0,
                  "Actual Startup Time": 103.235,
                  "Actual Total Time": 936.788,
                  "Actual Rows": 1171060,
                  "Actual Loops": 4,
                  "Inner Unique": false,
                  "Join Filter": "(t.id = mi.movie_id)",
                  "Rows Removed by Join Filter": 0,
                  "Plans": [
                    {
                      "Node Type": "Hash Join",
                      "Parent Relationship": "Outer",
                      "Parallel Aware": true,
                      "Join Type": "Inner",
                      "Startup Cost": 45631.42,
                      "Total Cost": 88509.5,
                      "Plan Rows": 28135,
                      "Plan Width": 8,
                      "Actual Startup Time": 103.149,
                      "Actual Total Time": 268.494,
                      "Actual Rows": 38598,
                      "Actual Loops": 4,
                      "Inner Unique": true,
                      "Hash Cond": "(mk.movie_id = t.id)",
                      "Plans": [
                        {
                          "Node Type": "Seq Scan",
                          "Parent Relationship": "Outer",
                          "Parallel Aware": true,
                          "Relation Name": "movie_keyword",
                          "Alias": "mk",
                          "Startup Cost": 0.0,
                          "Total Cost": 39047.32,
                          "Plan Rows": 1459332,
                          "Plan Width": 4,
                          "Actual Startup Time": 0.028,
                          "Actual Total Time": 81.174,
                          "Actual Rows": 1130982,
                          "Actual Loops": 4
                        },
                        {
                          "Node Type": "Hash",
                          "Parent Relationship": "Inner",
                          "Parallel Aware": true,
                          "Startup Cost": 45479.1,
                          "Total Cost": 45479.1,
                          "Plan Rows": 12186,
                          "Plan Width": 4,
                          "Actual Startup Time": 101.626,
                          "Actual Total Time": 101.627,
                          "Actual Rows": 8872,
                          "Actual Loops": 4,
                          "Hash Buckets": 65536,
                          "Original Hash Buckets": 65536,
                          "Hash Batches": 1,
                          "Original Hash Batches": 1,
                          "Peak Memory Usage": 1952,
                          "Plans": [
                            {
                              "Node Type": "Seq Scan",
                              "Parent Relationship": "Outer",
                              "Parallel Aware": true,
                              "Relation Name": "title",
                              "Alias": "t",
                              "Startup Cost": 0.0,
                              "Total Cost": 45479.1,
                              "Plan Rows": 12186,
                              "Plan Width": 4,
                              "Actual Startup Time": 0.216,
                              "Actual Total Time": 97.424,
                              "Actual Rows": 8872,
                              "Actual Loops": 4,
                              "Filter": "((kind_id < 7) AND (production_year = 2007))",
                              "Rows Removed by Filter": 623206
                            }
                          ]
                        }
                      ]
                    },
                    {
                      "Node Type": "Index Scan",
                      "Parent Relationship": "Inner",
                      "Parallel Aware": false,
                      "Scan Direction": "Forward",
                      "Index Name": "movie_id_movie_info",
                      "Relation Name": "movie_info",
                      "Alias": "mi",
                      "Startup Cost": 0.43,
                      "Total Cost": 1.47,
                      "Plan Rows": 27,
                      "Plan Width": 4,
                      "Actual Startup Time": 0.003,
                      "Actual Total Time": 0.015,
                      "Actual Rows": 30,
                      "Actual Loops": 154392,
                      "Index Cond": "(movie_id = mk.movie_id)",
                      "Rows Removed by Index Recheck": 0,
                      "Filter": "(info_type_id < 16)",
                      "Rows Removed by Filter": 35
                    }
                  ]
                }
              ]
            }
          ]
        }
      ]
    },
    "Planning Time": 1.491,
    "Triggers": [],
    "Execution Time": 1030.959
  }
]