[
    {
        "Bao": {
            "Bao prediction": "NaN",
            "Bao recommended hint": "(no hint)"
        }
    },
    {
        "Plan": {
            "Node Type": "Aggregate",
            "Strategy": "Plain",
            "Partial Mode": "Simple",
            "Parallel Aware": false,
            "Startup Cost": 26752.06,
            "Total Cost": 26752.07,
            "Plan Rows": 1,
            "Plan Width": 8,
            "Actual Startup Time": 30.467,
            "Actual Total Time": 30.468,
            "Actual Rows": 1,
            "Actual Loops": 1,
            "Output": [
                "count(*)"
            ],
            "Plans": [
                {
                    "Node Type": "Bitmap Heap Scan",
                    "Parent Relationship": "Outer",
                    "Parallel Aware": false,
                    "Relation Name": "movie_keyword",
                    "Schema": "public",
                    "Alias": "mk",
                    "Startup Cost": 888.82,
                    "Total Cost": 26647.42,
                    "Plan Rows": 41857,
                    "Plan Width": 0,
                    "Actual Startup Time": 5.837,
                    "Actual Total Time": 27.616,
                    "Actual Rows": 38201,
                    "Actual Loops": 1,
                    "Recheck Cond": "(mk.keyword_id > 105626)",
                    "Rows Removed by Index Recheck": 0,
                    "Exact Heap Blocks": 10217,
                    "Lossy Heap Blocks": 0,
                    "Plans": [
                        {
                            "Node Type": "Bitmap Index Scan",
                            "Parent Relationship": "Outer",
                            "Parallel Aware": false,
                            "Index Name": "keyword_id_movie_keyword",
                            "Startup Cost": 0.0,
                            "Total Cost": 878.36,
                            "Plan Rows": 41857,
                            "Plan Width": 0,
                            "Actual Startup Time": 3.456,
                            "Actual Total Time": 3.457,
                            "Actual Rows": 38201,
                            "Actual Loops": 1,
                            "Index Cond": "(mk.keyword_id > 105626)"
                        }
                    ]
                }
            ]
        },
        "Planning Time": 195.109,
        "Triggers": [],
        "Execution Time": 30.517
    }
]