[
  {
    "Plan": {
      "Node Type": "Aggregate",
      "Strategy": "Plain",
      "Partial Mode": "Finalize",
      "Parallel Aware": false,
      "Startup Cost": 32688.36,
      "Total Cost": 32688.37,
      "Plan Rows": 1,
      "Plan Width": 8,
      "Actual Startup Time": 85.549,
      "Actual Total Time": 90.774,
      "Actual Rows": 1,
      "Actual Loops": 1,
      "Plans": [
        {
          "Node Type": "Gather",
          "Parent Relationship": "Outer",
          "Parallel Aware": false,
          "Startup Cost": 32688.04,
          "Total Cost": 32688.35,
          "Plan Rows": 3,
          "Plan Width": 8,
          "Actual Startup Time": 85.443,
          "Actual Total Time": 90.767,
          "Actual Rows": 4,
          "Actual Loops": 1,
          "Workers Planned": 3,
          "Workers Launched": 3,
          "Single Copy": false,
          "Plans": [
            {
              "Node Type": "Aggregate",
              "Strategy": "Plain",
              "Partial Mode": "Partial",
              "Parent Relationship": "Outer",
              "Parallel Aware": false,
              "Startup Cost": 31688.04,
              "Total Cost": 31688.05,
              "Plan Rows": 1,
              "Plan Width": 8,
              "Actual Startup Time": 77.562,
              "Actual Total Time": 77.563,
              "Actual Rows": 1,
              "Actual Loops": 4,
              "Plans": [
                {
                  "Node Type": "Seq Scan",
                  "Parent Relationship": "Outer",
                  "Parallel Aware": true,
                  "Relation Name": "movie_companies",
                  "Alias": "mc",
                  "Startup Cost": 0.0,
                  "Total Cost": 31414.82,
                  "Plan Rows": 109288,
                  "Plan Width": 0,
                  "Actual Startup Time": 48.463,
                  "Actual Total Time": 75.635,
                  "Actual Rows": 46762,
                  "Actual Loops": 4,
                  "Filter": "((company_id < 983) AND (company_type_id > 1))",
                  "Rows Removed by Filter": 605521
                }
              ]
            }
          ]
        }
      ]
    },
    "Planning Time": 0.224,
    "Triggers": [],
    "Execution Time": 90.832
  }
]