[
  {
    "Plan": {
      "Node Type": "Aggregate",
      "Strategy": "Plain",
      "Partial Mode": "Finalize",
      "Parallel Aware": false,
      "Startup Cost": 123895.77,
      "Total Cost": 123895.78,
      "Plan Rows": 1,
      "Plan Width": 8,
      "Actual Startup Time": 544.356,
      "Actual Total Time": 566.166,
      "Actual Rows": 1,
      "Actual Loops": 1,
      "Plans": [
        {
          "Node Type": "Gather",
          "Parent Relationship": "Outer",
          "Parallel Aware": false,
          "Startup Cost": 123895.46,
          "Total Cost": 123895.77,
          "Plan Rows": 3,
          "Plan Width": 8,
          "Actual Startup Time": 540.947,
          "Actual Total Time": 566.156,
          "Actual Rows": 4,
          "Actual Loops": 1,
          "Workers Planned": 3,
          "Workers Launched": 3,
          "Single Copy": false,
          "Plans": [
            {
              "Node Type": "Aggregate",
              "Strategy": "Plain",
              "Partial Mode": "Partial",
              "Parent Relationship": "Outer",
              "Parallel Aware": false,
              "Startup Cost": 122895.46,
              "Total Cost": 122895.47,
              "Plan Rows": 1,
              "Plan Width": 8,
              "Actual Startup Time": 530.969,
              "Actual Total Time": 531.194,
              "Actual Rows": 1,
              "Actual Loops": 4,
              "Plans": [
                {
                  "Node Type": "Hash Join",
                  "Parent Relationship": "Outer",
                  "Parallel Aware": true,
                  "Join Type": "Inner",
                  "Startup Cost": 77925.76,
                  "Total Cost": 122699.03,
                  "Plan Rows": 78570,
                  "Plan Width": 0,
                  "Actual Startup Time": 306.9,
                  "Actual Total Time": 519.833,
                  "Actual Rows": 261394,
                  "Actual Loops": 4,
                  "Inner Unique": false,
                  "Hash Cond": "(mk.movie_id = t.id)",
                  "Plans": [
                    {
                      "Node Type": "Seq Scan",
                      "Parent Relationship": "Outer",
                      "Parallel Aware": true,
                      "Relation Name": "movie_keyword",
                      "Alias": "mk",
                      "Startup Cost": 0.0,
                      "Total Cost": 39047.32,
                      "Plan Rows": 1459332,
                      "Plan Width": 4,
                      "Actual Startup Time": 0.029,
                      "Actual Total Time": 93.288,
                      "Actual Rows": 1130982,
                      "Actual Loops": 4
                    },
                    {
                      "Node Type": "Hash",
                      "Parent Relationship": "Inner",
                      "Parallel Aware": true,
                      "Startup Cost": 77376.88,
                      "Total Cost": 77376.88,
                      "Plan Rows": 43911,
                      "Plan Width": 8,
                      "Actual Startup Time": 304.28,
                      "Actual Total Time": 304.504,
                      "Actual Rows": 70139,
                      "Actual Loops": 4,
                      "Hash Buckets": 524288,
                      "Original Hash Buckets": 262144,
                      "Hash Batches": 1,
                      "Original Hash Batches": 1,
                      "Peak Memory Usage": 17152,
                      "Plans": [
                        {
                          "Node Type": "Hash Join",
                          "Parent Relationship": "Outer",
                          "Parallel Aware": true,
                          "Join Type": "Inner",
                          "Startup Cost": 45322.19,
                          "Total Cost": 77376.88,
                          "Plan Rows": 43911,
                          "Plan Width": 8,
                          "Actual Startup Time": 180.029,
                          "Actual Total Time": 275.835,
                          "Actual Rows": 70139,
                          "Actual Loops": 4,
                          "Inner Unique": true,
                          "Hash Cond": "(mc.movie_id = t.id)",
                          "Plans": [
                            {
                              "Node Type": "Seq Scan",
                              "Parent Relationship": "Outer",
                              "Parallel Aware": true,
                              "Relation Name": "movie_companies",
                              "Alias": "mc",
                              "Startup Cost": 0.0,
                              "Total Cost": 31414.82,
                              "Plan Rows": 243759,
                              "Plan Width": 4,
                              "Actual Startup Time": 31.955,
                              "Actual Total Time": 71.373,
                              "Actual Rows": 243653,
                              "Actual Loops": 4,
                              "Filter": "((company_id > 7851) AND (company_type_id > 1))",
                              "Rows Removed by Filter": 408629
                            },
                            {
                              "Node Type": "Hash",
                              "Parent Relationship": "Inner",
                              "Parallel Aware": true,
                              "Startup Cost": 43898.92,
                              "Total Cost": 43898.92,
                              "Plan Rows": 113862,
                              "Plan Width": 4,
                              "Actual Startup Time": 145.881,
                              "Actual Total Time": 145.882,
                              "Actual Rows": 116391,
                              "Actual Loops": 4,
                              "Hash Buckets": 524288,
                              "Original Hash Buckets": 524288,
                              "Hash Batches": 1,
                              "Original Hash Batches": 1,
                              "Peak Memory Usage": 22368,
                              "Plans": [
                                {
                                  "Node Type": "Seq Scan",
                                  "Parent Relationship": "Outer",
                                  "Parallel Aware": true,
                                  "Relation Name": "title",
                                  "Alias": "t",
                                  "Startup Cost": 0.0,
                                  "Total Cost": 43898.92,
                                  "Plan Rows": 113862,
                                  "Plan Width": 4,
                                  "Actual Startup Time": 0.048,
                                  "Actual Total Time": 103.252,
                                  "Actual Rows": 116391,
                                  "Actual Loops": 4,
                                  "Filter": "(production_year < 1977)",
                                  "Rows Removed by Filter": 515687
                                }
                              ]
                            }
                          ]
                        }
                      ]
                    }
                  ]
                }
              ]
            }
          ]
        }
      ]
    },
    "Planning Time": 1.428,
    "Triggers": [],
    "Execution Time": 566.246
  }
]