{
  "Plan": {
    "Node Type": "Aggregate",
    "Strategy": "Plain",
    "Partial Mode": "Finalize",
    "Parallel Aware": false,
    "Startup Cost": 102396.47,
    "Total Cost": 102396.48,
    "Plan Rows": 1,
    "Plan Width": 8,
    "Actual Startup Time": 268.021,
    "Actual Total Time": 282.416,
    "Actual Rows": 1,
    "Actual Loops": 1,
    "Plans": [
      {
        "Node Type": "Gather",
        "Parent Relationship": "Outer",
        "Parallel Aware": false,
        "Startup Cost": 102396.36,
        "Total Cost": 102396.47,
        "Plan Rows": 1,
        "Plan Width": 8,
        "Actual Startup Time": 267.44,
        "Actual Total Time": 282.408,
        "Actual Rows": 2,
        "Actual Loops": 1,
        "Workers Planned": 1,
        "Workers Launched": 1,
        "Single Copy": false,
        "Plans": [
          {
            "Node Type": "Aggregate",
            "Strategy": "Plain",
            "Partial Mode": "Partial",
            "Parent Relationship": "Outer",
            "Parallel Aware": false,
            "Startup Cost": 101396.36,
            "Total Cost": 101396.37,
            "Plan Rows": 1,
            "Plan Width": 8,
            "Actual Startup Time": 264.221,
            "Actual Total Time": 264.229,
            "Actual Rows": 1,
            "Actual Loops": 2,
            "Plans": [
              {
                "Node Type": "Nested Loop",
                "Parent Relationship": "Outer",
                "Parallel Aware": false,
                "Join Type": "Inner",
                "Startup Cost": 66066.87,
                "Total Cost": 101391.02,
                "Plan Rows": 2137,
                "Plan Width": 0,
                "Actual Startup Time": 171.1,
                "Actual Total Time": 264.153,
                "Actual Rows": 707,
                "Actual Loops": 2,
                "Inner Unique": false,
                "Join Filter": "(t.id = mi_idx.movie_id)",
                "Rows Removed by Join Filter": 0,
                "Plans": [
                  {
                    "Node Type": "Hash Join",
                    "Parent Relationship": "Outer",
                    "Parallel Aware": true,
                    "Join Type": "Inner",
                    "Startup Cost": 66066.44,
                    "Total Cost": 93263.45,
                    "Plan Rows": 11884,
                    "Plan Width": 8,
                    "Actual Startup Time": 170.719,
                    "Actual Total Time": 258.156,
                    "Actual Rows": 2163,
                    "Actual Loops": 2,
                    "Inner Unique": true,
                    "Hash Cond": "(mk.movie_id = t.id)",
                    "Plans": [
                      {
                        "Node Type": "Bitmap Heap Scan",
                        "Parent Relationship": "Outer",
                        "Parallel Aware": true,
                        "Relation Name": "movie_keyword",
                        "Alias": "mk",
                        "Startup Cost": 6541.8,
                        "Total Cost": 33262.74,
                        "Plan Rows": 181356,
                        "Plan Width": 4,
                        "Actual Startup Time": 22.665,
                        "Actual Total Time": 85.746,
                        "Actual Rows": 161868,
                        "Actual Loops": 2,
                        "Recheck Cond": "(keyword_id < 262)",
                        "Rows Removed by Index Recheck": 0,
                        "Exact Heap Blocks": 13917,
                        "Lossy Heap Blocks": 0,
                        "Plans": [
                          {
                            "Node Type": "Bitmap Index Scan",
                            "Parent Relationship": "Outer",
                            "Parallel Aware": false,
                            "Index Name": "keyword_id_movie_keyword",
                            "Startup Cost": 0.0,
                            "Total Cost": 6464.72,
                            "Plan Rows": 308305,
                            "Plan Width": 0,
                            "Actual Startup Time": 19.08,
                            "Actual Total Time": 19.081,
                            "Actual Rows": 323736,
                            "Actual Loops": 1,
                            "Index Cond": "(keyword_id < 262)"
                          }
                        ]
                      },
                      {
                        "Node Type": "Hash",
                        "Parent Relationship": "Inner",
                        "Parallel Aware": true,
                        "Startup Cost": 58306.47,
                        "Total Cost": 58306.47,
                        "Plan Rows": 97454,
                        "Plan Width": 4,
                        "Actual Startup Time": 146.284,
                        "Actual Total Time": 146.285,
                        "Actual Rows": 36319,
                        "Actual Loops": 2,
                        "Hash Buckets": 262144,
                        "Original Hash Buckets": 262144,
                        "Hash Batches": 1,
                        "Original Hash Batches": 1,
                        "Peak Memory Usage": 4928,
                        "Plans": [
                          {
                            "Node Type": "Seq Scan",
                            "Parent Relationship": "Outer",
                            "Parallel Aware": true,
                            "Relation Name": "title",
                            "Alias": "t",
                            "Startup Cost": 0.0,
                            "Total Cost": 58306.47,
                            "Plan Rows": 97454,
                            "Plan Width": 4,
                            "Actual Startup Time": 0.023,
                            "Actual Total Time": 134.16,
                            "Actual Rows": 36319,
                            "Actual Loops": 2,
                            "Filter": "((production_year < 1964) AND (kind_id = 7))",
                            "Rows Removed by Filter": 1227837
                          }
                        ]
                      }
                    ]
                  },
                  {
                    "Node Type": "Index Scan",
                    "Parent Relationship": "Inner",
                    "Parallel Aware": false,
                    "Scan Direction": "Forward",
                    "Index Name": "movie_id_movie_info_idx",
                    "Relation Name": "movie_info_idx",
                    "Alias": "mi_idx",
                    "Startup Cost": 0.43,
                    "Total Cost": 0.67,
                    "Plan Rows": 1,
                    "Plan Width": 4,
                    "Actual Startup Time": 0.002,
                    "Actual Total Time": 0.003,
                    "Actual Rows": 0,
                    "Actual Loops": 4326,
                    "Index Cond": "(movie_id = mk.movie_id)",
                    "Rows Removed by Index Recheck": 0,
                    "Filter": "(info_type_id = 99)",
                    "Rows Removed by Filter": 1
                  }
                ]
              }
            ]
          }
        ]
      }
    ]
  },
  "Planning Time": 0.453,
  "Triggers": [],
  "Execution Time": 282.479
}