[
  {
    "Plan": {
      "Node Type": "Aggregate",
      "Strategy": "Plain",
      "Partial Mode": "Finalize",
      "Parallel Aware": false,
      "Startup Cost": 32730.32,
      "Total Cost": 32730.33,
      "Plan Rows": 1,
      "Plan Width": 8,
      "Actual Startup Time": 76.925,
      "Actual Total Time": 84.143,
      "Actual Rows": 1,
      "Actual Loops": 1,
      "Plans": [
        {
          "Node Type": "Gather",
          "Parent Relationship": "Outer",
          "Parallel Aware": false,
          "Startup Cost": 32730.0,
          "Total Cost": 32730.31,
          "Plan Rows": 3,
          "Plan Width": 8,
          "Actual Startup Time": 76.853,
          "Actual Total Time": 84.136,
          "Actual Rows": 4,
          "Actual Loops": 1,
          "Workers Planned": 3,
          "Workers Launched": 3,
          "Single Copy": false,
          "Plans": [
            {
              "Node Type": "Aggregate",
              "Strategy": "Plain",
              "Partial Mode": "Partial",
              "Parent Relationship": "Outer",
              "Parallel Aware": false,
              "Startup Cost": 31730.0,
              "Total Cost": 31730.01,
              "Plan Rows": 1,
              "Plan Width": 8,
              "Actual Startup Time": 71.498,
              "Actual Total Time": 71.499,
              "Actual Rows": 1,
              "Actual Loops": 4,
              "Plans": [
                {
                  "Node Type": "Seq Scan",
                  "Parent Relationship": "Outer",
                  "Parallel Aware": true,
                  "Relation Name": "movie_companies",
                  "Alias": "mc",
                  "Startup Cost": 0.0,
                  "Total Cost": 31414.82,
                  "Plan Rows": 126072,
                  "Plan Width": 0,
                  "Actual Startup Time": 41.338,
                  "Actual Total Time": 69.059,
                  "Actual Rows": 56562,
                  "Actual Loops": 4,
                  "Filter": "((company_id < 1571) AND (company_type_id = 2))",
                  "Rows Removed by Filter": 595720
                }
              ]
            }
          ]
        }
      ]
    },
    "Planning Time": 0.23,
    "Triggers": [],
    "Execution Time": 84.201
  }
]