[
    {
        "Bao": {
            "Bao prediction": "NaN",
            "Bao recommended hint": "(no hint)"
        }
    },
    {
        "Plan": {
            "Node Type": "Aggregate",
            "Strategy": "Plain",
            "Partial Mode": "Finalize",
            "Parallel Aware": false,
            "Startup Cost": 32823.29,
            "Total Cost": 32823.3,
            "Plan Rows": 1,
            "Plan Width": 8,
            "Actual Startup Time": 79.523,
            "Actual Total Time": 83.281,
            "Actual Rows": 1,
            "Actual Loops": 1,
            "Output": [
                "count(*)"
            ],
            "Plans": [
                {
                    "Node Type": "Gather",
                    "Parent Relationship": "Outer",
                    "Parallel Aware": false,
                    "Startup Cost": 32822.97,
                    "Total Cost": 32823.28,
                    "Plan Rows": 3,
                    "Plan Width": 8,
                    "Actual Startup Time": 79.412,
                    "Actual Total Time": 83.275,
                    "Actual Rows": 4,
                    "Actual Loops": 1,
                    "Output": [
                        "(PARTIAL count(*))"
                    ],
                    "Workers Planned": 3,
                    "Workers Launched": 3,
                    "Single Copy": false,
                    "Plans": [
                        {
                            "Node Type": "Aggregate",
                            "Strategy": "Plain",
                            "Partial Mode": "Partial",
                            "Parent Relationship": "Outer",
                            "Parallel Aware": false,
                            "Startup Cost": 31822.97,
                            "Total Cost": 31822.98,
                            "Plan Rows": 1,
                            "Plan Width": 8,
                            "Actual Startup Time": 71.553,
                            "Actual Total Time": 71.554,
                            "Actual Rows": 1,
                            "Actual Loops": 4,
                            "Output": [
                                "PARTIAL count(*)"
                            ],
                            "Workers": [
                                {
                                    "Worker Number": 0,
                                    "Actual Startup Time": 68.881,
                                    "Actual Total Time": 68.882,
                                    "Actual Rows": 1,
                                    "Actual Loops": 1
                                },
                                {
                                    "Worker Number": 1,
                                    "Actual Startup Time": 68.999,
                                    "Actual Total Time": 69.0,
                                    "Actual Rows": 1,
                                    "Actual Loops": 1
                                },
                                {
                                    "Worker Number": 2,
                                    "Actual Startup Time": 69.167,
                                    "Actual Total Time": 69.168,
                                    "Actual Rows": 1,
                                    "Actual Loops": 1
                                }
                            ],
                            "Plans": [
                                {
                                    "Node Type": "Seq Scan",
                                    "Parent Relationship": "Outer",
                                    "Parallel Aware": true,
                                    "Relation Name": "movie_companies",
                                    "Schema": "public",
                                    "Alias": "mc",
                                    "Startup Cost": 0.0,
                                    "Total Cost": 31414.82,
                                    "Plan Rows": 163260,
                                    "Plan Width": 0,
                                    "Actual Startup Time": 41.326,
                                    "Actual Total Time": 68.378,
                                    "Actual Rows": 74809,
                                    "Actual Loops": 4,
                                    "Output": [
                                        "id",
                                        "movie_id",
                                        "company_id",
                                        "company_type_id",
                                        "note"
                                    ],
                                    "Filter": "((mc.company_id < 4625) AND (mc.company_type_id = 2))",
                                    "Rows Removed by Filter": 577474,
                                    "Workers": [
                                        {
                                            "Worker Number": 0,
                                            "Actual Startup Time": 38.653,
                                            "Actual Total Time": 65.882,
                                            "Actual Rows": 70637,
                                            "Actual Loops": 1
                                        },
                                        {
                                            "Worker Number": 1,
                                            "Actual Startup Time": 38.777,
                                            "Actual Total Time": 65.997,
                                            "Actual Rows": 71016,
                                            "Actual Loops": 1
                                        },
                                        {
                                            "Worker Number": 2,
                                            "Actual Startup Time": 38.933,
                                            "Actual Total Time": 66.153,
                                            "Actual Rows": 71120,
                                            "Actual Loops": 1
                                        }
                                    ]
                                }
                            ]
                        }
                    ]
                }
            ]
        },
        "Planning Time": 190.117,
        "Triggers": [],
        "Execution Time": 83.337
    }
]