[
  {
    "Plan": {
      "Node Type": "Aggregate",
      "Strategy": "Plain",
      "Partial Mode": "Finalize",
      "Parallel Aware": false,
      "Startup Cost": 318285.17,
      "Total Cost": 318285.18,
      "Plan Rows": 1,
      "Plan Width": 8,
      "Actual Startup Time": 317.036,
      "Actual Total Time": 334.418,
      "Actual Rows": 1,
      "Actual Loops": 1,
      "Plans": [
        {
          "Node Type": "Gather",
          "Parent Relationship": "Outer",
          "Parallel Aware": false,
          "Startup Cost": 318284.75,
          "Total Cost": 318285.16,
          "Plan Rows": 4,
          "Plan Width": 8,
          "Actual Startup Time": 313.413,
          "Actual Total Time": 334.406,
          "Actual Rows": 5,
          "Actual Loops": 1,
          "Workers Planned": 4,
          "Workers Launched": 4,
          "Single Copy": false,
          "Plans": [
            {
              "Node Type": "Aggregate",
              "Strategy": "Plain",
              "Partial Mode": "Partial",
              "Parent Relationship": "Outer",
              "Parallel Aware": false,
              "Startup Cost": 317284.75,
              "Total Cost": 317284.76,
              "Plan Rows": 1,
              "Plan Width": 8,
              "Actual Startup Time": 307.171,
              "Actual Total Time": 307.176,
              "Actual Rows": 1,
              "Actual Loops": 5,
              "Plans": [
                {
                  "Node Type": "Hash Join",
                  "Parent Relationship": "Outer",
                  "Parallel Aware": true,
                  "Join Type": "Inner",
                  "Startup Cost": 268035.54,
                  "Total Cost": 316919.29,
                  "Plan Rows": 146181,
                  "Plan Width": 0,
                  "Actual Startup Time": 106.969,
                  "Actual Total Time": 301.941,
                  "Actual Rows": 106975,
                  "Actual Loops": 5,
                  "Inner Unique": false,
                  "Hash Cond": "(t.id = ci.movie_id)",
                  "Plans": [
                    {
                      "Node Type": "Seq Scan",
                      "Parent Relationship": "Outer",
                      "Parallel Aware": true,
                      "Relation Name": "title",
                      "Alias": "t",
                      "Startup Cost": 0.0,
                      "Total Cost": 42319.06,
                      "Plan Rows": 632106,
                      "Plan Width": 4,
                      "Actual Startup Time": 0.02,
                      "Actual Total Time": 70.631,
                      "Actual Rows": 505662,
                      "Actual Loops": 5
                    },
                    {
                      "Node Type": "Hash",
                      "Parent Relationship": "Inner",
                      "Parallel Aware": true,
                      "Startup Cost": 266817.36,
                      "Total Cost": 266817.36,
                      "Plan Rows": 97454,
                      "Plan Width": 4,
                      "Actual Startup Time": 104.035,
                      "Actual Total Time": 104.037,
                      "Actual Rows": 106975,
                      "Actual Loops": 5,
                      "Hash Buckets": 1048576,
                      "Original Hash Buckets": 1048576,
                      "Hash Batches": 1,
                      "Original Hash Batches": 1,
                      "Peak Memory Usage": 29216,
                      "Plans": [
                        {
                          "Node Type": "Bitmap Heap Scan",
                          "Parent Relationship": "Outer",
                          "Parallel Aware": true,
                          "Relation Name": "cast_info",
                          "Alias": "ci",
                          "Startup Cost": 12912.18,
                          "Total Cost": 266817.36,
                          "Plan Rows": 97454,
                          "Plan Width": 4,
                          "Actual Startup Time": 22.393,
                          "Actual Total Time": 58.285,
                          "Actual Rows": 106975,
                          "Actual Loops": 5,
                          "Recheck Cond": "(person_id > 3959511)",
                          "Rows Removed by Index Recheck": 0,
                          "Exact Heap Blocks": 2470,
                          "Lossy Heap Blocks": 0,
                          "Plans": [
                            {
                              "Node Type": "Bitmap Index Scan",
                              "Parent Relationship": "Outer",
                              "Parallel Aware": false,
                              "Index Name": "person_id_cast_info",
                              "Startup Cost": 0.0,
                              "Total Cost": 12766.0,
                              "Plan Rows": 584725,
                              "Plan Width": 0,
                              "Actual Startup Time": 21.218,
                              "Actual Total Time": 21.22,
                              "Actual Rows": 534877,
                              "Actual Loops": 1,
                              "Index Cond": "(person_id > 3959511)"
                            }
                          ]
                        }
                      ]
                    }
                  ]
                }
              ]
            }
          ]
        }
      ]
    },
    "Planning Time": 0.361,
    "Triggers": [],
    "Execution Time": 334.475
  }
]