[
  {
    "Plan": {
      "Node Type": "Aggregate",
      "Strategy": "Plain",
      "Partial Mode": "Finalize",
      "Parallel Aware": false,
      "Startup Cost": 32663.85,
      "Total Cost": 32663.86,
      "Plan Rows": 1,
      "Plan Width": 8,
      "Actual Startup Time": 89.517,
      "Actual Total Time": 98.119,
      "Actual Rows": 1,
      "Actual Loops": 1,
      "Plans": [
        {
          "Node Type": "Gather",
          "Parent Relationship": "Outer",
          "Parallel Aware": false,
          "Startup Cost": 32663.53,
          "Total Cost": 32663.84,
          "Plan Rows": 3,
          "Plan Width": 8,
          "Actual Startup Time": 89.394,
          "Actual Total Time": 98.11,
          "Actual Rows": 4,
          "Actual Loops": 1,
          "Workers Planned": 3,
          "Workers Launched": 3,
          "Single Copy": false,
          "Plans": [
            {
              "Node Type": "Aggregate",
              "Strategy": "Plain",
              "Partial Mode": "Partial",
              "Parent Relationship": "Outer",
              "Parallel Aware": false,
              "Startup Cost": 31663.53,
              "Total Cost": 31663.54,
              "Plan Rows": 1,
              "Plan Width": 8,
              "Actual Startup Time": 81.682,
              "Actual Total Time": 81.684,
              "Actual Rows": 1,
              "Actual Loops": 4,
              "Plans": [
                {
                  "Node Type": "Seq Scan",
                  "Parent Relationship": "Outer",
                  "Parallel Aware": true,
                  "Relation Name": "movie_companies",
                  "Alias": "mc",
                  "Startup Cost": 0.0,
                  "Total Cost": 31414.82,
                  "Plan Rows": 99484,
                  "Plan Width": 0,
                  "Actual Startup Time": 40.526,
                  "Actual Total Time": 81.436,
                  "Actual Rows": 3954,
                  "Actual Loops": 4,
                  "Filter": "((company_id > 57464) AND (company_type_id = 1))",
                  "Rows Removed by Filter": 648328
                }
              ]
            }
          ]
        }
      ]
    },
    "Planning Time": 0.229,
    "Triggers": [],
    "Execution Time": 98.178
  }
]