[
  {
    "Plan": {
      "Node Type": "Aggregate",
      "Strategy": "Plain",
      "Partial Mode": "Finalize",
      "Parallel Aware": false,
      "Startup Cost": 35160.95,
      "Total Cost": 35160.96,
      "Plan Rows": 1,
      "Plan Width": 8,
      "Actual Startup Time": 112.143,
      "Actual Total Time": 120.541,
      "Actual Rows": 1,
      "Actual Loops": 1,
      "Plans": [
        {
          "Node Type": "Gather",
          "Parent Relationship": "Outer",
          "Parallel Aware": false,
          "Startup Cost": 35160.63,
          "Total Cost": 35160.94,
          "Plan Rows": 3,
          "Plan Width": 8,
          "Actual Startup Time": 111.822,
          "Actual Total Time": 120.529,
          "Actual Rows": 4,
          "Actual Loops": 1,
          "Workers Planned": 3,
          "Workers Launched": 3,
          "Single Copy": false,
          "Plans": [
            {
              "Node Type": "Aggregate",
              "Strategy": "Plain",
              "Partial Mode": "Partial",
              "Parent Relationship": "Outer",
              "Parallel Aware": false,
              "Startup Cost": 34160.63,
              "Total Cost": 34160.64,
              "Plan Rows": 1,
              "Plan Width": 8,
              "Actual Startup Time": 102.108,
              "Actual Total Time": 102.11,
              "Actual Rows": 1,
              "Actual Loops": 4,
              "Plans": [
                {
                  "Node Type": "Bitmap Heap Scan",
                  "Parent Relationship": "Outer",
                  "Parallel Aware": true,
                  "Relation Name": "movie_keyword",
                  "Alias": "mk",
                  "Startup Cost": 7903.87,
                  "Total Cost": 33860.17,
                  "Plan Rows": 120185,
                  "Plan Width": 0,
                  "Actual Startup Time": 31.891,
                  "Actual Total Time": 96.635,
                  "Actual Rows": 93160,
                  "Actual Loops": 4,
                  "Recheck Cond": "(keyword_id > 45439)",
                  "Rows Removed by Index Recheck": 0,
                  "Exact Heap Blocks": 10336,
                  "Lossy Heap Blocks": 0,
                  "Plans": [
                    {
                      "Node Type": "Bitmap Index Scan",
                      "Parent Relationship": "Outer",
                      "Parallel Aware": false,
                      "Index Name": "keyword_id_movie_keyword",
                      "Startup Cost": 0.0,
                      "Total Cost": 7810.72,
                      "Plan Rows": 372572,
                      "Plan Width": 0,
                      "Actual Startup Time": 37.294,
                      "Actual Total Time": 37.295,
                      "Actual Rows": 372642,
                      "Actual Loops": 1,
                      "Index Cond": "(keyword_id > 45439)"
                    }
                  ]
                }
              ]
            }
          ]
        }
      ]
    },
    "Planning Time": 0.126,
    "Triggers": [],
    "Execution Time": 120.595
  }
]