[
  {
    "Plan": {
      "Node Type": "Aggregate",
      "Strategy": "Plain",
      "Partial Mode": "Finalize",
      "Parallel Aware": false,
      "Startup Cost": 31441.14,
      "Total Cost": 31441.15,
      "Plan Rows": 1,
      "Plan Width": 8,
      "Actual Startup Time": 107.612,
      "Actual Total Time": 114.825,
      "Actual Rows": 1,
      "Actual Loops": 1,
      "Plans": [
        {
          "Node Type": "Gather",
          "Parent Relationship": "Outer",
          "Parallel Aware": false,
          "Startup Cost": 31440.83,
          "Total Cost": 31441.14,
          "Plan Rows": 3,
          "Plan Width": 8,
          "Actual Startup Time": 107.345,
          "Actual Total Time": 114.816,
          "Actual Rows": 4,
          "Actual Loops": 1,
          "Workers Planned": 3,
          "Workers Launched": 3,
          "Single Copy": false,
          "Plans": [
            {
              "Node Type": "Aggregate",
              "Strategy": "Plain",
              "Partial Mode": "Partial",
              "Parent Relationship": "Outer",
              "Parallel Aware": false,
              "Startup Cost": 30440.83,
              "Total Cost": 30440.84,
              "Plan Rows": 1,
              "Plan Width": 8,
              "Actual Startup Time": 100.495,
              "Actual Total Time": 100.496,
              "Actual Rows": 1,
              "Actual Loops": 4,
              "Plans": [
                {
                  "Node Type": "Seq Scan",
                  "Parent Relationship": "Outer",
                  "Parallel Aware": true,
                  "Relation Name": "movie_companies",
                  "Alias": "mc",
                  "Startup Cost": 0.0,
                  "Total Cost": 29310.68,
                  "Plan Rows": 452058,
                  "Plan Width": 0,
                  "Actual Startup Time": 0.055,
                  "Actual Total Time": 81.329,
                  "Actual Rows": 349638,
                  "Actual Loops": 4,
                  "Filter": "(company_id < 12173)",
                  "Rows Removed by Filter": 302644
                }
              ]
            }
          ]
        }
      ]
    },
    "Planning Time": 0.126,
    "Triggers": [],
    "Execution Time": 114.864
  }
]