[
  {
    "Plan": {
      "Node Type": "Aggregate",
      "Strategy": "Plain",
      "Partial Mode": "Finalize",
      "Parallel Aware": false,
      "Startup Cost": 9716.56,
      "Total Cost": 9716.57,
      "Plan Rows": 1,
      "Plan Width": 8,
      "Actual Startup Time": 38.1,
      "Actual Total Time": 40.038,
      "Actual Rows": 1,
      "Actual Loops": 1,
      "Plans": [
        {
          "Node Type": "Gather",
          "Parent Relationship": "Outer",
          "Parallel Aware": false,
          "Startup Cost": 9716.24,
          "Total Cost": 9716.55,
          "Plan Rows": 3,
          "Plan Width": 8,
          "Actual Startup Time": 38.032,
          "Actual Total Time": 40.03,
          "Actual Rows": 4,
          "Actual Loops": 1,
          "Workers Planned": 3,
          "Workers Launched": 3,
          "Single Copy": false,
          "Plans": [
            {
              "Node Type": "Aggregate",
              "Strategy": "Plain",
              "Partial Mode": "Partial",
              "Parent Relationship": "Outer",
              "Parallel Aware": false,
              "Startup Cost": 8716.24,
              "Total Cost": 8716.25,
              "Plan Rows": 1,
              "Plan Width": 8,
              "Actual Startup Time": 30.75,
              "Actual Total Time": 30.751,
              "Actual Rows": 1,
              "Actual Loops": 4,
              "Plans": [
                {
                  "Node Type": "Index Scan",
                  "Parent Relationship": "Outer",
                  "Parallel Aware": true,
                  "Scan Direction": "Forward",
                  "Index Name": "role_id_cast_info",
                  "Relation Name": "cast_info",
                  "Alias": "ci",
                  "Startup Cost": 0.56,
                  "Total Cost": 8600.37,
                  "Plan Rows": 46347,
                  "Plan Width": 0,
                  "Actual Startup Time": 0.139,
                  "Actual Total Time": 28.914,
                  "Actual Rows": 17485,
                  "Actual Loops": 4,
                  "Index Cond": "(role_id > 10)",
                  "Rows Removed by Index Recheck": 0,
                  "Filter": "(person_id < 1732532)",
                  "Rows Removed by Filter": 61544
                }
              ]
            }
          ]
        }
      ]
    },
    "Planning Time": 0.254,
    "Triggers": [],
    "Execution Time": 40.108
  }
]