[
  {
    "Plan": {
      "Node Type": "Aggregate",
      "Strategy": "Plain",
      "Partial Mode": "Finalize",
      "Parallel Aware": false,
      "Startup Cost": 458604.11,
      "Total Cost": 458604.12,
      "Plan Rows": 1,
      "Plan Width": 8,
      "Actual Startup Time": 2023.476,
      "Actual Total Time": 2092.686,
      "Actual Rows": 1,
      "Actual Loops": 1,
      "Plans": [
        {
          "Node Type": "Gather",
          "Parent Relationship": "Outer",
          "Parallel Aware": false,
          "Startup Cost": 458603.79,
          "Total Cost": 458604.1,
          "Plan Rows": 3,
          "Plan Width": 8,
          "Actual Startup Time": 2004.177,
          "Actual Total Time": 2092.673,
          "Actual Rows": 4,
          "Actual Loops": 1,
          "Workers Planned": 3,
          "Workers Launched": 3,
          "Single Copy": false,
          "Plans": [
            {
              "Node Type": "Aggregate",
              "Strategy": "Plain",
              "Partial Mode": "Partial",
              "Parent Relationship": "Outer",
              "Parallel Aware": false,
              "Startup Cost": 457603.79,
              "Total Cost": 457603.8,
              "Plan Rows": 1,
              "Plan Width": 8,
              "Actual Startup Time": 1986.642,
              "Actual Total Time": 1987.442,
              "Actual Rows": 1,
              "Actual Loops": 4,
              "Plans": [
                {
                  "Node Type": "Hash Join",
                  "Parent Relationship": "Outer",
                  "Parallel Aware": true,
                  "Join Type": "Inner",
                  "Startup Cost": 403328.63,
                  "Total Cost": 451750.59,
                  "Plan Rows": 2341281,
                  "Plan Width": 0,
                  "Actual Startup Time": 1700.375,
                  "Actual Total Time": 1955.842,
                  "Actual Rows": 811228,
                  "Actual Loops": 4,
                  "Inner Unique": false,
                  "Hash Cond": "(mk.movie_id = t.id)",
                  "Plans": [
                    {
                      "Node Type": "Seq Scan",
                      "Parent Relationship": "Outer",
                      "Parallel Aware": true,
                      "Relation Name": "movie_keyword",
                      "Alias": "mk",
                      "Startup Cost": 0.0,
                      "Total Cost": 39047.32,
                      "Plan Rows": 1459332,
                      "Plan Width": 4,
                      "Actual Startup Time": 0.025,
                      "Actual Total Time": 85.732,
                      "Actual Rows": 1130982,
                      "Actual Loops": 4
                    },
                    {
                      "Node Type": "Hash",
                      "Parent Relationship": "Inner",
                      "Parallel Aware": true,
                      "Startup Cost": 394878.07,
                      "Total Cost": 394878.07,
                      "Plan Rows": 676045,
                      "Plan Width": 8,
                      "Actual Startup Time": 1689.307,
                      "Actual Total Time": 1690.106,
                      "Actual Rows": 594242,
                      "Actual Loops": 4,
                      "Hash Buckets": 4194304,
                      "Original Hash Buckets": 4194304,
                      "Hash Batches": 1,
                      "Original Hash Batches": 1,
                      "Peak Memory Usage": 125792,
                      "Plans": [
                        {
                          "Node Type": "Hash Join",
                          "Parent Relationship": "Outer",
                          "Parallel Aware": true,
                          "Join Type": "Inner",
                          "Startup Cost": 48701.62,
                          "Total Cost": 394878.07,
                          "Plan Rows": 676045,
                          "Plan Width": 8,
                          "Actual Startup Time": 689.923,
                          "Actual Total Time": 1477.044,
                          "Actual Rows": 594242,
                          "Actual Loops": 4,
                          "Inner Unique": true,
                          "Hash Cond": "(ci.movie_id = t.id)",
                          "Plans": [
                            {
                              "Node Type": "Seq Scan",
                              "Parent Relationship": "Outer",
                              "Parallel Aware": true,
                              "Relation Name": "cast_info",
                              "Alias": "ci",
                              "Startup Cost": 0.0,
                              "Total Cost": 343257.03,
                              "Plan Rows": 1112160,
                              "Plan Width": 4,
                              "Actual Startup Time": 457.719,
                              "Actual Total Time": 851.117,
                              "Actual Rows": 1028003,
                              "Actual Loops": 4,
                              "Filter": "((person_id < 1454017) AND (role_id > 2))",
                              "Rows Removed by Filter": 8033083
                            },
                            {
                              "Node Type": "Hash",
                              "Parent Relationship": "Inner",
                              "Parallel Aware": true,
                              "Startup Cost": 43898.92,
                              "Total Cost": 43898.92,
                              "Plan Rows": 384216,
                              "Plan Width": 4,
                              "Actual Startup Time": 229.12,
                              "Actual Total Time": 229.121,
                              "Actual Rows": 385816,
                              "Actual Loops": 4,
                              "Hash Buckets": 2097152,
                              "Original Hash Buckets": 2097152,
                              "Hash Batches": 1,
                              "Original Hash Batches": 1,
                              "Peak Memory Usage": 76800,
                              "Plans": [
                                {
                                  "Node Type": "Seq Scan",
                                  "Parent Relationship": "Outer",
                                  "Parallel Aware": true,
                                  "Relation Name": "title",
                                  "Alias": "t",
                                  "Startup Cost": 0.0,
                                  "Total Cost": 43898.92,
                                  "Plan Rows": 384216,
                                  "Plan Width": 4,
                                  "Actual Startup Time": 0.04,
                                  "Actual Total Time": 99.435,
                                  "Actual Rows": 385816,
                                  "Actual Loops": 4,
                                  "Filter": "(kind_id = 7)",
                                  "Rows Removed by Filter": 246262
                                }
                              ]
                            }
                          ]
                        }
                      ]
                    }
                  ]
                }
              ]
            }
          ]
        }
      ]
    },
    "Planning Time": 1.386,
    "Triggers": [],
    "Execution Time": 2092.785
  }
]