[
  {
    "Plan": {
      "Node Type": "Aggregate",
      "Strategy": "Plain",
      "Partial Mode": "Simple",
      "Parallel Aware": false,
      "Startup Cost": 12436.19,
      "Total Cost": 12436.2,
      "Plan Rows": 1,
      "Plan Width": 32,
      "Actual Startup Time": 1800.257,
      "Actual Total Time": 1800.269,
      "Actual Rows": 1,
      "Actual Loops": 1,
      "Plans": [
        {
          "Node Type": "Nested Loop",
          "Parent Relationship": "Outer",
          "Parallel Aware": false,
          "Join Type": "Inner",
          "Startup Cost": 13.06,
          "Total Cost": 12436.19,
          "Plan Rows": 1,
          "Plan Width": 17,
          "Actual Startup Time": 1800.249,
          "Actual Total Time": 1800.26,
          "Actual Rows": 0,
          "Actual Loops": 1,
          "Inner Unique": true,
          "Plans": [
            {
              "Node Type": "Nested Loop",
              "Parent Relationship": "Outer",
              "Parallel Aware": false,
              "Join Type": "Inner",
              "Startup Cost": 12.63,
              "Total Cost": 12435.73,
              "Plan Rows": 1,
              "Plan Width": 21,
              "Actual Startup Time": 1800.248,
              "Actual Total Time": 1800.259,
              "Actual Rows": 0,
              "Actual Loops": 1,
              "Inner Unique": true,
              "Plans": [
                {
                  "Node Type": "Nested Loop",
                  "Parent Relationship": "Outer",
                  "Parallel Aware": false,
                  "Join Type": "Inner",
                  "Startup Cost": 12.2,
                  "Total Cost": 12435.27,
                  "Plan Rows": 1,
                  "Plan Width": 25,
                  "Actual Startup Time": 20.822,
                  "Actual Total Time": 1112.836,
                  "Actual Rows": 79797,
                  "Actual Loops": 1,
                  "Inner Unique": false,
                  "Join Filter": "(t.id = ci.movie_id)",
                  "Rows Removed by Join Filter": 0,
                  "Plans": [
                    {
                      "Node Type": "Nested Loop",
                      "Parent Relationship": "Outer",
                      "Parallel Aware": false,
                      "Join Type": "Inner",
                      "Startup Cost": 11.64,
                      "Total Cost": 12433.26,
                      "Plan Rows": 1,
                      "Plan Width": 29,
                      "Actual Startup Time": 20.718,
                      "Actual Total Time": 646.054,
                      "Actual Rows": 1830,
                      "Actual Loops": 1,
                      "Inner Unique": true,
                      "Join Filter": "(cc.status_id = cct2.id)",
                      "Rows Removed by Join Filter": 1069,
                      "Plans": [
                        {
                          "Node Type": "Nested Loop",
                          "Parent Relationship": "Outer",
                          "Parallel Aware": false,
                          "Join Type": "Inner",
                          "Startup Cost": 11.64,
                          "Total Cost": 12432.2,
                          "Plan Rows": 1,
                          "Plan Width": 33,
                          "Actual Startup Time": 20.697,
                          "Actual Total Time": 636.586,
                          "Actual Rows": 1830,
                          "Actual Loops": 1,
                          "Inner Unique": false,
                          "Join Filter": "(cc.subject_id = cct1.id)",
                          "Rows Removed by Join Filter": 1394,
                          "Plans": [
                            {
                              "Node Type": "Seq Scan",
                              "Parent Relationship": "Outer",
                              "Parallel Aware": false,
                              "Relation Name": "comp_cast_type",
                              "Alias": "cct1",
                              "Startup Cost": 0.0,
                              "Total Cost": 1.05,
                              "Plan Rows": 1,
                              "Plan Width": 4,
                              "Actual Startup Time": 0.017,
                              "Actual Total Time": 0.021,
                              "Actual Rows": 1,
                              "Actual Loops": 1,
                              "Filter": "((kind)::text = 'cast'::text)",
                              "Rows Removed by Filter": 3
                            },
                            {
                              "Node Type": "Nested Loop",
                              "Parent Relationship": "Inner",
                              "Parallel Aware": false,
                              "Join Type": "Inner",
                              "Startup Cost": 11.64,
                              "Total Cost": 12431.08,
                              "Plan Rows": 5,
                              "Plan Width": 37,
                              "Actual Startup Time": 20.669,
                              "Actual Total Time": 635.741,
                              "Actual Rows": 3224,
                              "Actual Loops": 1,
                              "Inner Unique": false,
                              "Join Filter": "(t.id = cc.movie_id)",
                              "Rows Removed by Join Filter": 0,
                              "Plans": [
                                {
                                  "Node Type": "Nested Loop",
                                  "Parent Relationship": "Outer",
                                  "Parallel Aware": false,
                                  "Join Type": "Inner",
                                  "Startup Cost": 11.22,
                                  "Total Cost": 12429.16,
                                  "Plan Rows": 4,
                                  "Plan Width": 25,
                                  "Actual Startup Time": 18.898,
                                  "Actual Total Time": 606.442,
                                  "Actual Rows": 4392,
                                  "Actual Loops": 1,
                                  "Inner Unique": false,
                                  "Join Filter": "(t.kind_id = kt.id)",
                                  "Rows Removed by Join Filter": 69,
                                  "Plans": [
                                    {
                                      "Node Type": "Seq Scan",
                                      "Parent Relationship": "Outer",
                                      "Parallel Aware": false,
                                      "Relation Name": "kind_type",
                                      "Alias": "kt",
                                      "Startup Cost": 0.0,
                                      "Total Cost": 1.09,
                                      "Plan Rows": 1,
                                      "Plan Width": 4,
                                      "Actual Startup Time": 0.013,
                                      "Actual Total Time": 0.016,
                                      "Actual Rows": 1,
                                      "Actual Loops": 1,
                                      "Filter": "((kind)::text = 'movie'::text)",
                                      "Rows Removed by Filter": 6
                                    },
                                    {
                                      "Node Type": "Nested Loop",
                                      "Parent Relationship": "Inner",
                                      "Parallel Aware": false,
                                      "Join Type": "Inner",
                                      "Startup Cost": 11.22,
                                      "Total Cost": 12427.73,
                                      "Plan Rows": 27,
                                      "Plan Width": 29,
                                      "Actual Startup Time": 3.574,
                                      "Actual Total Time": 605.282,
                                      "Actual Rows": 4461,
                                      "Actual Loops": 1,
                                      "Inner Unique": true,
                                      "Plans": [
                                        {
                                          "Node Type": "Nested Loop",
                                          "Parent Relationship": "Outer",
                                          "Parallel Aware": false,
                                          "Join Type": "Inner",
                                          "Startup Cost": 10.79,
                                          "Total Cost": 12295.49,
                                          "Plan Rows": 270,
                                          "Plan Width": 4,
                                          "Actual Startup Time": 1.058,
                                          "Actual Total Time": 236.9,
                                          "Actual Rows": 35548,
                                          "Actual Loops": 1,
                                          "Inner Unique": false,
                                          "Plans": [
                                            {
                                              "Node Type": "Seq Scan",
                                              "Parent Relationship": "Outer",
                                              "Parallel Aware": false,
                                              "Relation Name": "keyword",
                                              "Alias": "k",
                                              "Startup Cost": 0.0,
                                              "Total Cost": 3632.4,
                                              "Plan Rows": 8,
                                              "Plan Width": 4,
                                              "Actual Startup Time": 0.188,
                                              "Actual Total Time": 39.521,
                                              "Actual Rows": 8,
                                              "Actual Loops": 1,
                                              "Filter": "(keyword = ANY ('{superhero,sequel,second-part,marvel-comics,based-on-comic,tv-special,fight,violence}'::text[]))",
                                              "Rows Removed by Filter": 134162
                                            },
                                            {
                                              "Node Type": "Bitmap Heap Scan",
                                              "Parent Relationship": "Inner",
                                              "Parallel Aware": false,
                                              "Relation Name": "movie_keyword",
                                              "Alias": "mk",
                                              "Startup Cost": 10.79,
                                              "Total Cost": 1079.85,
                                              "Plan Rows": 304,
                                              "Plan Width": 8,
                                              "Actual Startup Time": 1.609,
                                              "Actual Total Time": 23.41,
                                              "Actual Rows": 4444,
                                              "Actual Loops": 8,
                                              "Recheck Cond": "(keyword_id = k.id)",
                                              "Rows Removed by Index Recheck": 0,
                                              "Exact Heap Blocks": 23488,
                                              "Lossy Heap Blocks": 0,
                                              "Plans": [
                                                {
                                                  "Node Type": "Bitmap Index Scan",
                                                  "Parent Relationship": "Outer",
                                                  "Parallel Aware": false,
                                                  "Index Name": "keyword_id_movie_keyword",
                                                  "Startup Cost": 0.0,
                                                  "Total Cost": 10.71,
                                                  "Plan Rows": 304,
                                                  "Plan Width": 0,
                                                  "Actual Startup Time": 1.107,
                                                  "Actual Total Time": 1.107,
                                                  "Actual Rows": 4444,
                                                  "Actual Loops": 8,
                                                  "Index Cond": "(keyword_id = k.id)"
                                                }
                                              ]
                                            }
                                          ]
                                        },
                                        {
                                          "Node Type": "Index Scan",
                                          "Parent Relationship": "Inner",
                                          "Parallel Aware": false,
                                          "Scan Direction": "Forward",
                                          "Index Name": "title_pkey",
                                          "Relation Name": "title",
                                          "Alias": "t",
                                          "Startup Cost": 0.43,
                                          "Total Cost": 0.49,
                                          "Plan Rows": 1,
                                          "Plan Width": 25,
                                          "Actual Startup Time": 0.01,
                                          "Actual Total Time": 0.01,
                                          "Actual Rows": 0,
                                          "Actual Loops": 35548,
                                          "Index Cond": "(id = mk.movie_id)",
                                          "Rows Removed by Index Recheck": 0,
                                          "Filter": "(production_year < 1960)",
                                          "Rows Removed by Filter": 1
                                        }
                                      ]
                                    }
                                  ]
                                },
                                {
                                  "Node Type": "Index Scan",
                                  "Parent Relationship": "Inner",
                                  "Parallel Aware": false,
                                  "Scan Direction": "Forward",
                                  "Index Name": "movie_id_complete_cast",
                                  "Relation Name": "complete_cast",
                                  "Alias": "cc",
                                  "Startup Cost": 0.42,
                                  "Total Cost": 0.46,
                                  "Plan Rows": 2,
                                  "Plan Width": 12,
                                  "Actual Startup Time": 0.005,
                                  "Actual Total Time": 0.006,
                                  "Actual Rows": 1,
                                  "Actual Loops": 4392,
                                  "Index Cond": "(movie_id = mk.movie_id)",
                                  "Rows Removed by Index Recheck": 0
                                }
                              ]
                            }
                          ]
                        },
                        {
                          "Node Type": "Seq Scan",
                          "Parent Relationship": "Inner",
                          "Parallel Aware": false,
                          "Relation Name": "comp_cast_type",
                          "Alias": "cct2",
                          "Startup Cost": 0.0,
                          "Total Cost": 1.05,
                          "Plan Rows": 1,
                          "Plan Width": 4,
                          "Actual Startup Time": 0.002,
                          "Actual Total Time": 0.002,
                          "Actual Rows": 2,
                          "Actual Loops": 1830,
                          "Filter": "((kind)::text ~~ '%complete%'::text)",
                          "Rows Removed by Filter": 2
                        }
                      ]
                    },
                    {
                      "Node Type": "Index Scan",
                      "Parent Relationship": "Inner",
                      "Parallel Aware": false,
                      "Scan Direction": "Forward",
                      "Index Name": "movie_id_cast_info",
                      "Relation Name": "cast_info",
                      "Alias": "ci",
                      "Startup Cost": 0.56,
                      "Total Cost": 1.55,
                      "Plan Rows": 37,
                      "Plan Width": 12,
                      "Actual Startup Time": 0.023,
                      "Actual Total Time": 0.239,
                      "Actual Rows": 44,
                      "Actual Loops": 1830,
                      "Index Cond": "(movie_id = mk.movie_id)",
                      "Rows Removed by Index Recheck": 0
                    }
                  ]
                },
                {
                  "Node Type": "Index Scan",
                  "Parent Relationship": "Inner",
                  "Parallel Aware": false,
                  "Scan Direction": "Forward",
                  "Index Name": "char_name_pkey",
                  "Relation Name": "char_name",
                  "Alias": "chn",
                  "Startup Cost": 0.43,
                  "Total Cost": 0.46,
                  "Plan Rows": 1,
                  "Plan Width": 4,
                  "Actual Startup Time": 0.008,
                  "Actual Total Time": 0.008,
                  "Actual Rows": 0,
                  "Actual Loops": 79797,
                  "Index Cond": "(id = ci.person_role_id)",
                  "Rows Removed by Index Recheck": 0,
                  "Filter": "((name !~~ '%Sherlock%'::text) AND ((name ~~ '%Tony%Stark%'::text) OR (name ~~ '%Iron%Man%'::text)))",
                  "Rows Removed by Filter": 1
                }
              ]
            },
            {
              "Node Type": "Index Scan",
              "Parent Relationship": "Inner",
              "Parallel Aware": false,
              "Scan Direction": "Forward",
              "Index Name": "name_pkey",
              "Relation Name": "name",
              "Alias": "n",
              "Startup Cost": 0.43,
              "Total Cost": 0.46,
              "Plan Rows": 1,
              "Plan Width": 4,
              "Actual Startup Time": 0.0,
              "Actual Total Time": 0.0,
              "Actual Rows": 0,
              "Actual Loops": 0,
              "Index Cond": "(id = ci.person_id)",
              "Rows Removed by Index Recheck": 0,
              "Filter": "(name ~~ '%Downey%Robert%'::text)",
              "Rows Removed by Filter": 0
            }
          ]
        }
      ]
    },
    "Planning Time": 35.608,
    "Triggers": [],
    "Execution Time": 1800.838
  }
]