[
  {
    "Plan": {
      "Node Type": "Aggregate",
      "Strategy": "Plain",
      "Partial Mode": "Finalize",
      "Parallel Aware": false,
      "Startup Cost": 110461.59,
      "Total Cost": 110461.6,
      "Plan Rows": 1,
      "Plan Width": 8,
      "Actual Startup Time": 792.235,
      "Actual Total Time": 813.061,
      "Actual Rows": 1,
      "Actual Loops": 1,
      "Plans": [
        {
          "Node Type": "Gather",
          "Parent Relationship": "Outer",
          "Parallel Aware": false,
          "Startup Cost": 110461.37,
          "Total Cost": 110461.58,
          "Plan Rows": 2,
          "Plan Width": 8,
          "Actual Startup Time": 782.435,
          "Actual Total Time": 813.051,
          "Actual Rows": 3,
          "Actual Loops": 1,
          "Workers Planned": 2,
          "Workers Launched": 2,
          "Single Copy": false,
          "Plans": [
            {
              "Node Type": "Aggregate",
              "Strategy": "Plain",
              "Partial Mode": "Partial",
              "Parent Relationship": "Outer",
              "Parallel Aware": false,
              "Startup Cost": 109461.37,
              "Total Cost": 109461.38,
              "Plan Rows": 1,
              "Plan Width": 8,
              "Actual Startup Time": 773.626,
              "Actual Total Time": 773.632,
              "Actual Rows": 1,
              "Actual Loops": 3,
              "Plans": [
                {
                  "Node Type": "Hash Join",
                  "Parent Relationship": "Outer",
                  "Parallel Aware": true,
                  "Join Type": "Inner",
                  "Startup Cost": 92834.93,
                  "Total Cost": 109118.63,
                  "Plan Rows": 137098,
                  "Plan Width": 0,
                  "Actual Startup Time": 635.713,
                  "Actual Total Time": 756.584,
                  "Actual Rows": 422032,
                  "Actual Loops": 3,
                  "Inner Unique": false,
                  "Hash Cond": "(mi_idx.movie_id = t.id)",
                  "Plans": [
                    {
                      "Node Type": "Seq Scan",
                      "Parent Relationship": "Outer",
                      "Parallel Aware": true,
                      "Relation Name": "movie_info_idx",
                      "Alias": "mi_idx",
                      "Startup Cost": 0.0,
                      "Total Cost": 13685.15,
                      "Plan Rows": 575015,
                      "Plan Width": 4,
                      "Actual Startup Time": 0.02,
                      "Actual Total Time": 35.539,
                      "Actual Rows": 460012,
                      "Actual Loops": 3
                    },
                    {
                      "Node Type": "Hash",
                      "Parent Relationship": "Inner",
                      "Parallel Aware": true,
                      "Startup Cost": 90404.11,
                      "Total Cost": 90404.11,
                      "Plan Rows": 194465,
                      "Plan Width": 8,
                      "Actual Startup Time": 629.251,
                      "Actual Total Time": 629.255,
                      "Actual Rows": 204611,
                      "Actual Loops": 3,
                      "Hash Buckets": 1048576,
                      "Original Hash Buckets": 1048576,
                      "Hash Batches": 1,
                      "Original Hash Batches": 1,
                      "Peak Memory Usage": 32288,
                      "Plans": [
                        {
                          "Node Type": "Hash Join",
                          "Parent Relationship": "Outer",
                          "Parallel Aware": true,
                          "Join Type": "Inner",
                          "Startup Cost": 63008.83,
                          "Total Cost": 90404.11,
                          "Plan Rows": 194465,
                          "Plan Width": 8,
                          "Actual Startup Time": 432.614,
                          "Actual Total Time": 562.586,
                          "Actual Rows": 204611,
                          "Actual Loops": 3,
                          "Inner Unique": true,
                          "Hash Cond": "(mk.movie_id = t.id)",
                          "Plans": [
                            {
                              "Node Type": "Bitmap Heap Scan",
                              "Parent Relationship": "Outer",
                              "Parallel Aware": true,
                              "Relation Name": "movie_keyword",
                              "Alias": "mk",
                              "Startup Cost": 12788.45,
                              "Total Cost": 39673.26,
                              "Plan Rows": 194465,
                              "Plan Width": 4,
                              "Actual Startup Time": 37.482,
                              "Actual Total Time": 92.819,
                              "Actual Rows": 204611,
                              "Actual Loops": 3,
                              "Recheck Cond": "(keyword_id < 465)",
                              "Rows Removed by Index Recheck": 0,
                              "Exact Heap Blocks": 8438,
                              "Lossy Heap Blocks": 0,
                              "Plans": [
                                {
                                  "Node Type": "Bitmap Index Scan",
                                  "Parent Relationship": "Outer",
                                  "Parallel Aware": false,
                                  "Index Name": "keyword_id_movie_keyword",
                                  "Startup Cost": 0.0,
                                  "Total Cost": 12637.74,
                                  "Plan Rows": 602841,
                                  "Plan Width": 0,
                                  "Actual Startup Time": 33.879,
                                  "Actual Total Time": 33.879,
                                  "Actual Rows": 613834,
                                  "Actual Loops": 1,
                                  "Index Cond": "(keyword_id < 465)"
                                }
                              ]
                            },
                            {
                              "Node Type": "Hash",
                              "Parent Relationship": "Inner",
                              "Parallel Aware": true,
                              "Startup Cost": 42319.06,
                              "Total Cost": 42319.06,
                              "Plan Rows": 632106,
                              "Plan Width": 4,
                              "Actual Startup Time": 384.495,
                              "Actual Total Time": 384.495,
                              "Actual Rows": 842771,
                              "Actual Loops": 3,
                              "Hash Buckets": 4194304,
                              "Original Hash Buckets": 4194304,
                              "Hash Batches": 1,
                              "Original Hash Batches": 1,
                              "Peak Memory Usage": 131744,
                              "Plans": [
                                {
                                  "Node Type": "Seq Scan",
                                  "Parent Relationship": "Outer",
                                  "Parallel Aware": true,
                                  "Relation Name": "title",
                                  "Alias": "t",
                                  "Startup Cost": 0.0,
                                  "Total Cost": 42319.06,
                                  "Plan Rows": 632106,
                                  "Plan Width": 4,
                                  "Actual Startup Time": 0.061,
                                  "Actual Total Time": 109.409,
                                  "Actual Rows": 842771,
                                  "Actual Loops": 3
                                }
                              ]
                            }
                          ]
                        }
                      ]
                    }
                  ]
                }
              ]
            }
          ]
        }
      ]
    },
    "Planning Time": 1.334,
    "Triggers": [],
    "Execution Time": 813.166
  }
]