[
  {
    "Plan": {
      "Node Type": "Aggregate",
      "Strategy": "Plain",
      "Partial Mode": "Finalize",
      "Parallel Aware": false,
      "Startup Cost": 31520.48,
      "Total Cost": 31520.49,
      "Plan Rows": 1,
      "Plan Width": 8,
      "Actual Startup Time": 118.724,
      "Actual Total Time": 128.701,
      "Actual Rows": 1,
      "Actual Loops": 1,
      "Plans": [
        {
          "Node Type": "Gather",
          "Parent Relationship": "Outer",
          "Parallel Aware": false,
          "Startup Cost": 31520.16,
          "Total Cost": 31520.47,
          "Plan Rows": 3,
          "Plan Width": 8,
          "Actual Startup Time": 118.589,
          "Actual Total Time": 128.693,
          "Actual Rows": 4,
          "Actual Loops": 1,
          "Workers Planned": 3,
          "Workers Launched": 3,
          "Single Copy": false,
          "Plans": [
            {
              "Node Type": "Aggregate",
              "Strategy": "Plain",
              "Partial Mode": "Partial",
              "Parent Relationship": "Outer",
              "Parallel Aware": false,
              "Startup Cost": 30520.16,
              "Total Cost": 30520.17,
              "Plan Rows": 1,
              "Plan Width": 8,
              "Actual Startup Time": 111.459,
              "Actual Total Time": 111.461,
              "Actual Rows": 1,
              "Actual Loops": 4,
              "Plans": [
                {
                  "Node Type": "Seq Scan",
                  "Parent Relationship": "Outer",
                  "Parallel Aware": true,
                  "Relation Name": "movie_companies",
                  "Alias": "mc",
                  "Startup Cost": 0.0,
                  "Total Cost": 29310.68,
                  "Plan Rows": 483792,
                  "Plan Width": 0,
                  "Actual Startup Time": 0.042,
                  "Actual Total Time": 88.269,
                  "Actual Rows": 375716,
                  "Actual Loops": 4,
                  "Filter": "(company_id < 14048)",
                  "Rows Removed by Filter": 276567
                }
              ]
            }
          ]
        }
      ]
    },
    "Planning Time": 0.183,
    "Triggers": [],
    "Execution Time": 128.754
  }
]