[
    {
        "Bao": {
            "Bao prediction": "NaN",
            "Bao recommended hint": "(no hint)"
        }
    },
    {
        "Plan": {
            "Node Type": "Aggregate",
            "Strategy": "Plain",
            "Partial Mode": "Finalize",
            "Parallel Aware": false,
            "Startup Cost": 319326.85,
            "Total Cost": 319326.86,
            "Plan Rows": 1,
            "Plan Width": 8,
            "Actual Startup Time": 237.04,
            "Actual Total Time": 244.075,
            "Actual Rows": 1,
            "Actual Loops": 1,
            "Output": [
                "count(*)"
            ],
            "Plans": [
                {
                    "Node Type": "Gather",
                    "Parent Relationship": "Outer",
                    "Parallel Aware": false,
                    "Startup Cost": 319326.23,
                    "Total Cost": 319326.84,
                    "Plan Rows": 6,
                    "Plan Width": 8,
                    "Actual Startup Time": 236.087,
                    "Actual Total Time": 244.066,
                    "Actual Rows": 7,
                    "Actual Loops": 1,
                    "Output": [
                        "(PARTIAL count(*))"
                    ],
                    "Workers Planned": 6,
                    "Workers Launched": 6,
                    "Single Copy": false,
                    "Plans": [
                        {
                            "Node Type": "Aggregate",
                            "Strategy": "Plain",
                            "Partial Mode": "Partial",
                            "Parent Relationship": "Outer",
                            "Parallel Aware": false,
                            "Startup Cost": 318326.23,
                            "Total Cost": 318326.24,
                            "Plan Rows": 1,
                            "Plan Width": 8,
                            "Actual Startup Time": 225.998,
                            "Actual Total Time": 226.0,
                            "Actual Rows": 1,
                            "Actual Loops": 7,
                            "Output": [
                                "PARTIAL count(*)"
                            ],
                            "Workers": [
                                {
                                    "Worker Number": 0,
                                    "Actual Startup Time": 223.565,
                                    "Actual Total Time": 223.566,
                                    "Actual Rows": 1,
                                    "Actual Loops": 1
                                },
                                {
                                    "Worker Number": 1,
                                    "Actual Startup Time": 224.136,
                                    "Actual Total Time": 224.137,
                                    "Actual Rows": 1,
                                    "Actual Loops": 1
                                },
                                {
                                    "Worker Number": 2,
                                    "Actual Startup Time": 224.177,
                                    "Actual Total Time": 224.179,
                                    "Actual Rows": 1,
                                    "Actual Loops": 1
                                },
                                {
                                    "Worker Number": 3,
                                    "Actual Startup Time": 224.354,
                                    "Actual Total Time": 224.355,
                                    "Actual Rows": 1,
                                    "Actual Loops": 1
                                },
                                {
                                    "Worker Number": 4,
                                    "Actual Startup Time": 224.971,
                                    "Actual Total Time": 224.972,
                                    "Actual Rows": 1,
                                    "Actual Loops": 1
                                },
                                {
                                    "Worker Number": 5,
                                    "Actual Startup Time": 225.111,
                                    "Actual Total Time": 225.112,
                                    "Actual Rows": 1,
                                    "Actual Loops": 1
                                }
                            ],
                            "Plans": [
                                {
                                    "Node Type": "Bitmap Heap Scan",
                                    "Parent Relationship": "Outer",
                                    "Parallel Aware": true,
                                    "Relation Name": "cast_info",
                                    "Schema": "public",
                                    "Alias": "ci",
                                    "Startup Cost": 58962.48,
                                    "Total Cost": 317213.44,
                                    "Plan Rows": 445116,
                                    "Plan Width": 0,
                                    "Actual Startup Time": 95.037,
                                    "Actual Total Time": 205.839,
                                    "Actual Rows": 389824,
                                    "Actual Loops": 7,
                                    "Recheck Cond": "(ci.person_id > 3540141)",
                                    "Rows Removed by Index Recheck": 0,
                                    "Exact Heap Blocks": 8738,
                                    "Lossy Heap Blocks": 0,
                                    "Workers": [
                                        {
                                            "Worker Number": 0,
                                            "Actual Startup Time": 92.464,
                                            "Actual Total Time": 203.955,
                                            "Actual Rows": 368663,
                                            "Actual Loops": 1
                                        },
                                        {
                                            "Worker Number": 1,
                                            "Actual Startup Time": 93.491,
                                            "Actual Total Time": 204.466,
                                            "Actual Rows": 371510,
                                            "Actual Loops": 1
                                        },
                                        {
                                            "Worker Number": 2,
                                            "Actual Startup Time": 93.827,
                                            "Actual Total Time": 204.741,
                                            "Actual Rows": 367479,
                                            "Actual Loops": 1
                                        },
                                        {
                                            "Worker Number": 3,
                                            "Actual Startup Time": 93.592,
                                            "Actual Total Time": 204.23,
                                            "Actual Rows": 261735,
                                            "Actual Loops": 1
                                        },
                                        {
                                            "Worker Number": 4,
                                            "Actual Startup Time": 93.807,
                                            "Actual Total Time": 205.498,
                                            "Actual Rows": 375061,
                                            "Actual Loops": 1
                                        },
                                        {
                                            "Worker Number": 5,
                                            "Actual Startup Time": 93.985,
                                            "Actual Total Time": 205.717,
                                            "Actual Rows": 373847,
                                            "Actual Loops": 1
                                        }
                                    ],
                                    "Plans": [
                                        {
                                            "Node Type": "Bitmap Index Scan",
                                            "Parent Relationship": "Outer",
                                            "Parallel Aware": false,
                                            "Index Name": "person_id_cast_info",
                                            "Startup Cost": 0.0,
                                            "Total Cost": 58294.81,
                                            "Plan Rows": 2670699,
                                            "Plan Width": 0,
                                            "Actual Startup Time": 97.906,
                                            "Actual Total Time": 97.907,
                                            "Actual Rows": 2728769,
                                            "Actual Loops": 1,
                                            "Index Cond": "(ci.person_id > 3540141)"
                                        }
                                    ]
                                }
                            ]
                        }
                    ]
                }
            ]
        },
        "Planning Time": 186.402,
        "Triggers": [],
        "Execution Time": 244.181
    }
]