[
  {
    "Plan": {
      "Node Type": "Aggregate",
      "Strategy": "Plain",
      "Partial Mode": "Finalize",
      "Parallel Aware": false,
      "Startup Cost": 352208.89,
      "Total Cost": 352208.9,
      "Plan Rows": 1,
      "Plan Width": 8,
      "Actual Startup Time": 844.291,
      "Actual Total Time": 912.944,
      "Actual Rows": 1,
      "Actual Loops": 1,
      "Plans": [
        {
          "Node Type": "Gather",
          "Parent Relationship": "Outer",
          "Parallel Aware": false,
          "Startup Cost": 352208.27,
          "Total Cost": 352208.88,
          "Plan Rows": 6,
          "Plan Width": 8,
          "Actual Startup Time": 844.088,
          "Actual Total Time": 912.93,
          "Actual Rows": 7,
          "Actual Loops": 1,
          "Workers Planned": 6,
          "Workers Launched": 6,
          "Single Copy": false,
          "Plans": [
            {
              "Node Type": "Aggregate",
              "Strategy": "Plain",
              "Partial Mode": "Partial",
              "Parent Relationship": "Outer",
              "Parallel Aware": false,
              "Startup Cost": 351208.27,
              "Total Cost": 351208.28,
              "Plan Rows": 1,
              "Plan Width": 8,
              "Actual Startup Time": 836.777,
              "Actual Total Time": 836.779,
              "Actual Rows": 1,
              "Actual Loops": 7,
              "Plans": [
                {
                  "Node Type": "Seq Scan",
                  "Parent Relationship": "Outer",
                  "Parallel Aware": true,
                  "Relation Name": "cast_info",
                  "Alias": "ci",
                  "Startup Cost": 0.0,
                  "Total Cost": 343316.27,
                  "Plan Rows": 3156798,
                  "Plan Width": 0,
                  "Actual Startup Time": 214.978,
                  "Actual Total Time": 692.069,
                  "Actual Rows": 3078741,
                  "Actual Loops": 7,
                  "Filter": "((person_id > 698588) AND (role_id > 1))",
                  "Rows Removed by Filter": 2099022
                }
              ]
            }
          ]
        }
      ]
    },
    "Planning Time": 0.102,
    "Triggers": [],
    "Execution Time": 912.987
  }
]