{
  "Plan": {
    "Node Type": "Aggregate",
    "Strategy": "Plain",
    "Partial Mode": "Finalize",
    "Parallel Aware": false,
    "Startup Cost": 266000.58,
    "Total Cost": 266000.59,
    "Plan Rows": 1,
    "Plan Width": 8,
    "Actual Startup Time": 954.776,
    "Actual Total Time": 975.006,
    "Actual Rows": 1,
    "Actual Loops": 1,
    "Plans": [
      {
        "Node Type": "Gather",
        "Parent Relationship": "Outer",
        "Parallel Aware": false,
        "Startup Cost": 266000.47,
        "Total Cost": 266000.58,
        "Plan Rows": 1,
        "Plan Width": 8,
        "Actual Startup Time": 949.777,
        "Actual Total Time": 974.998,
        "Actual Rows": 2,
        "Actual Loops": 1,
        "Workers Planned": 1,
        "Workers Launched": 1,
        "Single Copy": false,
        "Plans": [
          {
            "Node Type": "Aggregate",
            "Strategy": "Plain",
            "Partial Mode": "Partial",
            "Parent Relationship": "Outer",
            "Parallel Aware": false,
            "Startup Cost": 265000.47,
            "Total Cost": 265000.48,
            "Plan Rows": 1,
            "Plan Width": 8,
            "Actual Startup Time": 938.016,
            "Actual Total Time": 938.02,
            "Actual Rows": 1,
            "Actual Loops": 2,
            "Plans": [
              {
                "Node Type": "Hash Join",
                "Parent Relationship": "Outer",
                "Parallel Aware": true,
                "Join Type": "Inner",
                "Startup Cost": 90796.81,
                "Total Cost": 263268.46,
                "Plan Rows": 692803,
                "Plan Width": 0,
                "Actual Startup Time": 625.814,
                "Actual Total Time": 913.115,
                "Actual Rows": 567600,
                "Actual Loops": 2,
                "Inner Unique": true,
                "Hash Cond": "(mi.movie_id = t.id)",
                "Plans": [
                  {
                    "Node Type": "Bitmap Heap Scan",
                    "Parent Relationship": "Outer",
                    "Parallel Aware": true,
                    "Relation Name": "movie_info",
                    "Alias": "mi",
                    "Startup Cost": 21336.11,
                    "Total Cost": 191989.15,
                    "Plan Rows": 692803,
                    "Plan Width": 4,
                    "Actual Startup Time": 46.161,
                    "Actual Total Time": 149.624,
                    "Actual Rows": 567600,
                    "Actual Loops": 2,
                    "Recheck Cond": "(info_type_id > 57)",
                    "Rows Removed by Index Recheck": 0,
                    "Exact Heap Blocks": 17382,
                    "Lossy Heap Blocks": 0,
                    "Plans": [
                      {
                        "Node Type": "Bitmap Index Scan",
                        "Parent Relationship": "Outer",
                        "Parallel Aware": false,
                        "Index Name": "info_type_id_movie_info",
                        "Startup Cost": 0.0,
                        "Total Cost": 21041.67,
                        "Plan Rows": 1177765,
                        "Plan Width": 0,
                        "Actual Startup Time": 40.648,
                        "Actual Total Time": 40.648,
                        "Actual Rows": 1135201,
                        "Actual Loops": 1,
                        "Index Cond": "(info_type_id > 57)"
                      }
                    ]
                  },
                  {
                    "Node Type": "Hash",
                    "Parent Relationship": "Inner",
                    "Parallel Aware": true,
                    "Startup Cost": 50870.31,
                    "Total Cost": 50870.31,
                    "Plan Rows": 1487231,
                    "Plan Width": 4,
                    "Actual Startup Time": 557.797,
                    "Actual Total Time": 557.798,
                    "Actual Rows": 1264156,
                    "Actual Loops": 2,
                    "Hash Buckets": 4194304,
                    "Original Hash Buckets": 4194304,
                    "Hash Batches": 1,
                    "Original Hash Batches": 1,
                    "Peak Memory Usage": 131680,
                    "Plans": [
                      {
                        "Node Type": "Seq Scan",
                        "Parent Relationship": "Outer",
                        "Parallel Aware": true,
                        "Relation Name": "title",
                        "Alias": "t",
                        "Startup Cost": 0.0,
                        "Total Cost": 50870.31,
                        "Plan Rows": 1487231,
                        "Plan Width": 4,
                        "Actual Startup Time": 0.029,
                        "Actual Total Time": 157.64,
                        "Actual Rows": 1264156,
                        "Actual Loops": 2
                      }
                    ]
                  }
                ]
              }
            ]
          }
        ]
      }
    ]
  },
  "Planning Time": 0.609,
  "Triggers": [],
  "Execution Time": 975.082
}