[
  {
    "Plan": {
      "Node Type": "Aggregate",
      "Strategy": "Plain",
      "Partial Mode": "Finalize",
      "Parallel Aware": false,
      "Startup Cost": 252037.15,
      "Total Cost": 252037.16,
      "Plan Rows": 1,
      "Plan Width": 8,
      "Actual Startup Time": 871.04,
      "Actual Total Time": 915.904,
      "Actual Rows": 1,
      "Actual Loops": 1,
      "Plans": [
        {
          "Node Type": "Gather",
          "Parent Relationship": "Outer",
          "Parallel Aware": false,
          "Startup Cost": 252036.63,
          "Total Cost": 252037.14,
          "Plan Rows": 5,
          "Plan Width": 8,
          "Actual Startup Time": 864.398,
          "Actual Total Time": 915.892,
          "Actual Rows": 6,
          "Actual Loops": 1,
          "Workers Planned": 5,
          "Workers Launched": 5,
          "Single Copy": false,
          "Plans": [
            {
              "Node Type": "Aggregate",
              "Strategy": "Plain",
              "Partial Mode": "Partial",
              "Parent Relationship": "Outer",
              "Parallel Aware": false,
              "Startup Cost": 251036.63,
              "Total Cost": 251036.64,
              "Plan Rows": 1,
              "Plan Width": 8,
              "Actual Startup Time": 853.421,
              "Actual Total Time": 853.425,
              "Actual Rows": 1,
              "Actual Loops": 6,
              "Plans": [
                {
                  "Node Type": "Hash Join",
                  "Parent Relationship": "Outer",
                  "Parallel Aware": true,
                  "Join Type": "Inner",
                  "Startup Cost": 46140.6,
                  "Total Cost": 249805.62,
                  "Plan Rows": 492404,
                  "Plan Width": 0,
                  "Actual Startup Time": 151.716,
                  "Actual Total Time": 825.787,
                  "Actual Rows": 645402,
                  "Actual Loops": 6,
                  "Inner Unique": true,
                  "Hash Cond": "(mi.movie_id = t.id)",
                  "Plans": [
                    {
                      "Node Type": "Seq Scan",
                      "Parent Relationship": "Outer",
                      "Parallel Aware": true,
                      "Relation Name": "movie_info",
                      "Alias": "mi",
                      "Startup Cost": 0.0,
                      "Total Cost": 199108.24,
                      "Plan Rows": 1735911,
                      "Plan Width": 4,
                      "Actual Startup Time": 0.03,
                      "Actual Total Time": 359.776,
                      "Actual Rows": 1435371,
                      "Actual Loops": 6,
                      "Filter": "(info_type_id < 9)",
                      "Rows Removed by Filter": 1037249
                    },
                    {
                      "Node Type": "Hash",
                      "Parent Relationship": "Inner",
                      "Parallel Aware": true,
                      "Startup Cost": 43899.32,
                      "Total Cost": 43899.32,
                      "Plan Rows": 179302,
                      "Plan Width": 4,
                      "Actual Startup Time": 147.744,
                      "Actual Total Time": 147.745,
                      "Actual Rows": 121831,
                      "Actual Loops": 6,
                      "Hash Buckets": 1048576,
                      "Original Hash Buckets": 1048576,
                      "Hash Batches": 1,
                      "Original Hash Batches": 1,
                      "Peak Memory Usage": 36896,
                      "Plans": [
                        {
                          "Node Type": "Seq Scan",
                          "Parent Relationship": "Outer",
                          "Parallel Aware": true,
                          "Relation Name": "title",
                          "Alias": "t",
                          "Startup Cost": 0.0,
                          "Total Cost": 43899.32,
                          "Plan Rows": 179302,
                          "Plan Width": 4,
                          "Actual Startup Time": 0.057,
                          "Actual Total Time": 88.131,
                          "Actual Rows": 121831,
                          "Actual Loops": 6,
                          "Filter": "(production_year < 1992)",
                          "Rows Removed by Filter": 299554
                        }
                      ]
                    }
                  ]
                }
              ]
            }
          ]
        }
      ]
    },
    "Planning Time": 0.612,
    "Triggers": [],
    "Execution Time": 915.981
  }
]