[
  {
    "Plan": {
      "Node Type": "Aggregate",
      "Strategy": "Plain",
      "Partial Mode": "Finalize",
      "Parallel Aware": false,
      "Startup Cost": 123400.29,
      "Total Cost": 123400.3,
      "Plan Rows": 1,
      "Plan Width": 8,
      "Actual Startup Time": 667.902,
      "Actual Total Time": 689.175,
      "Actual Rows": 1,
      "Actual Loops": 1,
      "Plans": [
        {
          "Node Type": "Gather",
          "Parent Relationship": "Outer",
          "Parallel Aware": false,
          "Startup Cost": 123399.98,
          "Total Cost": 123400.29,
          "Plan Rows": 3,
          "Plan Width": 8,
          "Actual Startup Time": 660.775,
          "Actual Total Time": 689.161,
          "Actual Rows": 4,
          "Actual Loops": 1,
          "Workers Planned": 3,
          "Workers Launched": 3,
          "Single Copy": false,
          "Plans": [
            {
              "Node Type": "Aggregate",
              "Strategy": "Plain",
              "Partial Mode": "Partial",
              "Parent Relationship": "Outer",
              "Parallel Aware": false,
              "Startup Cost": 122399.98,
              "Total Cost": 122399.99,
              "Plan Rows": 1,
              "Plan Width": 8,
              "Actual Startup Time": 652.79,
              "Actual Total Time": 653.026,
              "Actual Rows": 1,
              "Actual Loops": 4,
              "Plans": [
                {
                  "Node Type": "Hash Join",
                  "Parent Relationship": "Outer",
                  "Parallel Aware": true,
                  "Join Type": "Inner",
                  "Startup Cost": 77260.88,
                  "Total Cost": 122090.33,
                  "Plan Rows": 123857,
                  "Plan Width": 0,
                  "Actual Startup Time": 409.776,
                  "Actual Total Time": 647.217,
                  "Actual Rows": 99470,
                  "Actual Loops": 4,
                  "Inner Unique": false,
                  "Hash Cond": "(mk.movie_id = t.id)",
                  "Plans": [
                    {
                      "Node Type": "Seq Scan",
                      "Parent Relationship": "Outer",
                      "Parallel Aware": true,
                      "Relation Name": "movie_keyword",
                      "Alias": "mk",
                      "Startup Cost": 0.0,
                      "Total Cost": 39047.32,
                      "Plan Rows": 1459332,
                      "Plan Width": 4,
                      "Actual Startup Time": 0.032,
                      "Actual Total Time": 107.741,
                      "Actual Rows": 1130982,
                      "Actual Loops": 4
                    },
                    {
                      "Node Type": "Hash",
                      "Parent Relationship": "Inner",
                      "Parallel Aware": true,
                      "Startup Cost": 76590.28,
                      "Total Cost": 76590.28,
                      "Plan Rows": 53648,
                      "Plan Width": 8,
                      "Actual Startup Time": 408.163,
                      "Actual Total Time": 408.396,
                      "Actual Rows": 58262,
                      "Actual Loops": 4,
                      "Hash Buckets": 262144,
                      "Original Hash Buckets": 262144,
                      "Hash Batches": 1,
                      "Original Hash Batches": 1,
                      "Peak Memory Usage": 11200,
                      "Plans": [
                        {
                          "Node Type": "Hash Join",
                          "Parent Relationship": "Outer",
                          "Parallel Aware": true,
                          "Join Type": "Inner",
                          "Startup Cost": 50007.1,
                          "Total Cost": 76590.28,
                          "Plan Rows": 53648,
                          "Plan Width": 8,
                          "Actual Startup Time": 265.243,
                          "Actual Total Time": 382.572,
                          "Actual Rows": 58262,
                          "Actual Loops": 4,
                          "Inner Unique": true,
                          "Hash Cond": "(ci.movie_id = t.id)",
                          "Plans": [
                            {
                              "Node Type": "Index Scan",
                              "Parent Relationship": "Outer",
                              "Parallel Aware": true,
                              "Scan Direction": "Forward",
                              "Index Name": "role_id_cast_info",
                              "Relation Name": "cast_info",
                              "Alias": "ci",
                              "Startup Cost": 0.56,
                              "Total Cost": 26337.94,
                              "Plan Rows": 93638,
                              "Plan Width": 4,
                              "Actual Startup Time": 0.115,
                              "Actual Total Time": 51.105,
                              "Actual Rows": 162814,
                              "Actual Loops": 4,
                              "Index Cond": "(role_id = 5)",
                              "Rows Removed by Index Recheck": 0,
                              "Filter": "(person_id > 2254829)",
                              "Rows Removed by Filter": 61783
                            },
                            {
                              "Node Type": "Hash",
                              "Parent Relationship": "Inner",
                              "Parallel Aware": true,
                              "Startup Cost": 45479.59,
                              "Total Cost": 45479.59,
                              "Plan Rows": 362156,
                              "Plan Width": 4,
                              "Actual Startup Time": 260.427,
                              "Actual Total Time": 260.429,
                              "Actual Rows": 357445,
                              "Actual Loops": 4,
                              "Hash Buckets": 2097152,
                              "Original Hash Buckets": 2097152,
                              "Hash Batches": 1,
                              "Original Hash Batches": 1,
                              "Peak Memory Usage": 72384,
                              "Plans": [
                                {
                                  "Node Type": "Seq Scan",
                                  "Parent Relationship": "Outer",
                                  "Parallel Aware": true,
                                  "Relation Name": "title",
                                  "Alias": "t",
                                  "Startup Cost": 0.0,
                                  "Total Cost": 45479.59,
                                  "Plan Rows": 362156,
                                  "Plan Width": 4,
                                  "Actual Startup Time": 0.048,
                                  "Actual Total Time": 128.74,
                                  "Actual Rows": 357445,
                                  "Actual Loops": 4,
                                  "Filter": "((kind_id > 2) AND (production_year < 2011))",
                                  "Rows Removed by Filter": 274633
                                }
                              ]
                            }
                          ]
                        }
                      ]
                    }
                  ]
                }
              ]
            }
          ]
        }
      ]
    },
    "Planning Time": 0.685,
    "Triggers": [],
    "Execution Time": 689.248
  }
]