[
  {
    "Plan": {
      "Node Type": "Aggregate",
      "Strategy": "Plain",
      "Partial Mode": "Finalize",
      "Parallel Aware": false,
      "Startup Cost": 46832.25,
      "Total Cost": 46832.26,
      "Plan Rows": 1,
      "Plan Width": 8,
      "Actual Startup Time": 113.272,
      "Actual Total Time": 126.852,
      "Actual Rows": 1,
      "Actual Loops": 1,
      "Plans": [
        {
          "Node Type": "Gather",
          "Parent Relationship": "Outer",
          "Parallel Aware": false,
          "Startup Cost": 46831.83,
          "Total Cost": 46832.24,
          "Plan Rows": 4,
          "Plan Width": 8,
          "Actual Startup Time": 113.0,
          "Actual Total Time": 126.839,
          "Actual Rows": 5,
          "Actual Loops": 1,
          "Workers Planned": 4,
          "Workers Launched": 4,
          "Single Copy": false,
          "Plans": [
            {
              "Node Type": "Aggregate",
              "Strategy": "Plain",
              "Partial Mode": "Partial",
              "Parent Relationship": "Outer",
              "Parallel Aware": false,
              "Startup Cost": 45831.83,
              "Total Cost": 45831.84,
              "Plan Rows": 1,
              "Plan Width": 8,
              "Actual Startup Time": 103.674,
              "Actual Total Time": 103.677,
              "Actual Rows": 1,
              "Actual Loops": 5,
              "Plans": [
                {
                  "Node Type": "Seq Scan",
                  "Parent Relationship": "Outer",
                  "Parallel Aware": true,
                  "Relation Name": "title",
                  "Alias": "t",
                  "Startup Cost": 0.0,
                  "Total Cost": 45479.59,
                  "Plan Rows": 140899,
                  "Plan Width": 0,
                  "Actual Startup Time": 0.047,
                  "Actual Total Time": 96.629,
                  "Actual Rows": 124088,
                  "Actual Loops": 5,
                  "Filter": "((kind_id < 4) AND (production_year < 2008))",
                  "Rows Removed by Filter": 381575
                }
              ]
            }
          ]
        }
      ]
    },
    "Planning Time": 0.215,
    "Triggers": [],
    "Execution Time": 126.909
  }
]