[
  {
    "Plan": {
      "Node Type": "Aggregate",
      "Strategy": "Plain",
      "Partial Mode": "Finalize",
      "Parallel Aware": false,
      "Startup Cost": 44614.88,
      "Total Cost": 44614.89,
      "Plan Rows": 1,
      "Plan Width": 8,
      "Actual Startup Time": 127.477,
      "Actual Total Time": 136.7,
      "Actual Rows": 1,
      "Actual Loops": 1,
      "Plans": [
        {
          "Node Type": "Gather",
          "Parent Relationship": "Outer",
          "Parallel Aware": false,
          "Startup Cost": 44614.56,
          "Total Cost": 44614.87,
          "Plan Rows": 3,
          "Plan Width": 8,
          "Actual Startup Time": 127.342,
          "Actual Total Time": 136.691,
          "Actual Rows": 4,
          "Actual Loops": 1,
          "Workers Planned": 3,
          "Workers Launched": 3,
          "Single Copy": false,
          "Plans": [
            {
              "Node Type": "Aggregate",
              "Strategy": "Plain",
              "Partial Mode": "Partial",
              "Parent Relationship": "Outer",
              "Parallel Aware": false,
              "Startup Cost": 43614.56,
              "Total Cost": 43614.57,
              "Plan Rows": 1,
              "Plan Width": 8,
              "Actual Startup Time": 118.819,
              "Actual Total Time": 118.82,
              "Actual Rows": 1,
              "Actual Loops": 4,
              "Plans": [
                {
                  "Node Type": "Seq Scan",
                  "Parent Relationship": "Outer",
                  "Parallel Aware": true,
                  "Relation Name": "movie_keyword",
                  "Alias": "mk",
                  "Startup Cost": 0.0,
                  "Total Cost": 42695.65,
                  "Plan Rows": 367563,
                  "Plan Width": 0,
                  "Actual Startup Time": 0.06,
                  "Actual Total Time": 104.392,
                  "Actual Rows": 288287,
                  "Actual Loops": 4,
                  "Filter": "(keyword_id < 1326)",
                  "Rows Removed by Filter": 842696
                }
              ]
            }
          ]
        }
      ]
    },
    "Planning Time": 0.175,
    "Triggers": [],
    "Execution Time": 136.755
  }
]