[
  {
    "Plan": {
      "Node Type": "Aggregate",
      "Strategy": "Plain",
      "Partial Mode": "Finalize",
      "Parallel Aware": false,
      "Startup Cost": 74074.96,
      "Total Cost": 74074.97,
      "Plan Rows": 1,
      "Plan Width": 8,
      "Actual Startup Time": 109.101,
      "Actual Total Time": 123.394,
      "Actual Rows": 1,
      "Actual Loops": 1,
      "Plans": [
        {
          "Node Type": "Gather",
          "Parent Relationship": "Outer",
          "Parallel Aware": false,
          "Startup Cost": 74074.54,
          "Total Cost": 74074.95,
          "Plan Rows": 4,
          "Plan Width": 8,
          "Actual Startup Time": 108.96,
          "Actual Total Time": 123.379,
          "Actual Rows": 5,
          "Actual Loops": 1,
          "Workers Planned": 4,
          "Workers Launched": 4,
          "Single Copy": false,
          "Plans": [
            {
              "Node Type": "Aggregate",
              "Strategy": "Plain",
              "Partial Mode": "Partial",
              "Parent Relationship": "Outer",
              "Parallel Aware": false,
              "Startup Cost": 73074.54,
              "Total Cost": 73074.55,
              "Plan Rows": 1,
              "Plan Width": 8,
              "Actual Startup Time": 102.438,
              "Actual Total Time": 102.44,
              "Actual Rows": 1,
              "Actual Loops": 5,
              "Plans": [
                {
                  "Node Type": "Nested Loop",
                  "Parent Relationship": "Outer",
                  "Parallel Aware": false,
                  "Join Type": "Inner",
                  "Startup Cost": 0.43,
                  "Total Cost": 73067.93,
                  "Plan Rows": 2647,
                  "Plan Width": 0,
                  "Actual Startup Time": 2.681,
                  "Actual Total Time": 102.26,
                  "Actual Rows": 2476,
                  "Actual Loops": 5,
                  "Inner Unique": false,
                  "Plans": [
                    {
                      "Node Type": "Seq Scan",
                      "Parent Relationship": "Outer",
                      "Parallel Aware": true,
                      "Relation Name": "title",
                      "Alias": "t",
                      "Startup Cost": 0.0,
                      "Total Cost": 43899.32,
                      "Plan Rows": 3898,
                      "Plan Width": 4,
                      "Actual Startup Time": 0.195,
                      "Actual Total Time": 80.023,
                      "Actual Rows": 2956,
                      "Actual Loops": 5,
                      "Filter": "(production_year = 1980)",
                      "Rows Removed by Filter": 502707
                    },
                    {
                      "Node Type": "Index Scan",
                      "Parent Relationship": "Inner",
                      "Parallel Aware": false,
                      "Scan Direction": "Forward",
                      "Index Name": "movie_id_movie_keyword",
                      "Relation Name": "movie_keyword",
                      "Alias": "mk",
                      "Startup Cost": 0.43,
                      "Total Cost": 7.31,
                      "Plan Rows": 17,
                      "Plan Width": 4,
                      "Actual Startup Time": 0.007,
                      "Actual Total Time": 0.007,
                      "Actual Rows": 1,
                      "Actual Loops": 14779,
                      "Index Cond": "(movie_id = t.id)",
                      "Rows Removed by Index Recheck": 0,
                      "Filter": "(keyword_id > 8398)",
                      "Rows Removed by Filter": 1
                    }
                  ]
                }
              ]
            }
          ]
        }
      ]
    },
    "Planning Time": 0.21,
    "Triggers": [],
    "Execution Time": 123.454
  }
]