[
  {
    "Plan": {
      "Node Type": "Aggregate",
      "Strategy": "Plain",
      "Partial Mode": "Finalize",
      "Parallel Aware": false,
      "Startup Cost": 333657.54,
      "Total Cost": 333657.55,
      "Plan Rows": 1,
      "Plan Width": 8,
      "Actual Startup Time": 600.637,
      "Actual Total Time": 661.914,
      "Actual Rows": 1,
      "Actual Loops": 1,
      "Plans": [
        {
          "Node Type": "Gather",
          "Parent Relationship": "Outer",
          "Parallel Aware": false,
          "Startup Cost": 333656.91,
          "Total Cost": 333657.52,
          "Plan Rows": 6,
          "Plan Width": 8,
          "Actual Startup Time": 600.525,
          "Actual Total Time": 661.906,
          "Actual Rows": 7,
          "Actual Loops": 1,
          "Workers Planned": 6,
          "Workers Launched": 6,
          "Single Copy": false,
          "Plans": [
            {
              "Node Type": "Aggregate",
              "Strategy": "Plain",
              "Partial Mode": "Partial",
              "Parent Relationship": "Outer",
              "Parallel Aware": false,
              "Startup Cost": 332656.91,
              "Total Cost": 332656.92,
              "Plan Rows": 1,
              "Plan Width": 8,
              "Actual Startup Time": 590.259,
              "Actual Total Time": 590.259,
              "Actual Rows": 1,
              "Actual Loops": 7,
              "Plans": [
                {
                  "Node Type": "Seq Scan",
                  "Parent Relationship": "Outer",
                  "Parallel Aware": true,
                  "Relation Name": "cast_info",
                  "Alias": "ci",
                  "Startup Cost": 0.0,
                  "Total Cost": 328162.03,
                  "Plan Rows": 1797954,
                  "Plan Width": 0,
                  "Actual Startup Time": 272.844,
                  "Actual Total Time": 531.779,
                  "Actual Rows": 1523313,
                  "Actual Loops": 7,
                  "Filter": "(person_id > 2641486)",
                  "Rows Removed by Filter": 3654450
                }
              ]
            }
          ]
        }
      ]
    },
    "Planning Time": 0.174,
    "Triggers": [],
    "Execution Time": 661.983
  }
]