[
  {
    "Plan": {
      "Node Type": "Aggregate",
      "Strategy": "Plain",
      "Partial Mode": "Finalize",
      "Parallel Aware": false,
      "Startup Cost": 33093.59,
      "Total Cost": 33093.6,
      "Plan Rows": 1,
      "Plan Width": 8,
      "Actual Startup Time": 95.444,
      "Actual Total Time": 100.961,
      "Actual Rows": 1,
      "Actual Loops": 1,
      "Plans": [
        {
          "Node Type": "Gather",
          "Parent Relationship": "Outer",
          "Parallel Aware": false,
          "Startup Cost": 33093.27,
          "Total Cost": 33093.58,
          "Plan Rows": 3,
          "Plan Width": 8,
          "Actual Startup Time": 95.327,
          "Actual Total Time": 100.952,
          "Actual Rows": 4,
          "Actual Loops": 1,
          "Workers Planned": 3,
          "Workers Launched": 3,
          "Single Copy": false,
          "Plans": [
            {
              "Node Type": "Aggregate",
              "Strategy": "Plain",
              "Partial Mode": "Partial",
              "Parent Relationship": "Outer",
              "Parallel Aware": false,
              "Startup Cost": 32093.27,
              "Total Cost": 32093.28,
              "Plan Rows": 1,
              "Plan Width": 8,
              "Actual Startup Time": 87.3,
              "Actual Total Time": 87.301,
              "Actual Rows": 1,
              "Actual Loops": 4,
              "Plans": [
                {
                  "Node Type": "Seq Scan",
                  "Parent Relationship": "Outer",
                  "Parallel Aware": true,
                  "Relation Name": "movie_companies",
                  "Alias": "mc",
                  "Startup Cost": 0.0,
                  "Total Cost": 31414.82,
                  "Plan Rows": 271381,
                  "Plan Width": 0,
                  "Actual Startup Time": 2.204,
                  "Actual Total Time": 79.206,
                  "Actual Rows": 159867,
                  "Actual Loops": 4,
                  "Filter": "((company_id > 2831) AND (company_type_id = 1))",
                  "Rows Removed by Filter": 492415
                }
              ]
            }
          ]
        }
      ]
    },
    "Planning Time": 0.262,
    "Triggers": [],
    "Execution Time": 101.019
  }
]