{
    "Plan": {
        "Node Type": "Aggregate",
        "Strategy": "Plain",
        "Partial Mode": "Finalize",
        "Parallel Aware": false,
        "Startup Cost": 76551.9,
        "Total Cost": 76551.91,
        "Plan Rows": 1,
        "Plan Width": 8,
        "Actual Startup Time": 154.573,
        "Actual Total Time": 168.945,
        "Actual Rows": 1,
        "Actual Loops": 1,
        "Output": [
            "count(*)"
        ],
        "Plans": [
            {
                "Node Type": "Gather",
                "Parent Relationship": "Outer",
                "Parallel Aware": false,
                "Startup Cost": 76551.48,
                "Total Cost": 76551.89,
                "Plan Rows": 4,
                "Plan Width": 8,
                "Actual Startup Time": 154.149,
                "Actual Total Time": 168.937,
                "Actual Rows": 5,
                "Actual Loops": 1,
                "Output": [
                    "(PARTIAL count(*))"
                ],
                "Workers Planned": 4,
                "Workers Launched": 4,
                "Single Copy": false,
                "Plans": [
                    {
                        "Node Type": "Aggregate",
                        "Strategy": "Plain",
                        "Partial Mode": "Partial",
                        "Parent Relationship": "Outer",
                        "Parallel Aware": false,
                        "Startup Cost": 75551.48,
                        "Total Cost": 75551.49,
                        "Plan Rows": 1,
                        "Plan Width": 8,
                        "Actual Startup Time": 145.664,
                        "Actual Total Time": 145.667,
                        "Actual Rows": 1,
                        "Actual Loops": 5,
                        "Output": [
                            "PARTIAL count(*)"
                        ],
                        "Workers": [
                            {
                                "Worker Number": 0,
                                "Actual Startup Time": 141.384,
                                "Actual Total Time": 141.387,
                                "Actual Rows": 1,
                                "Actual Loops": 1
                            },
                            {
                                "Worker Number": 1,
                                "Actual Startup Time": 144.263,
                                "Actual Total Time": 144.265,
                                "Actual Rows": 1,
                                "Actual Loops": 1
                            },
                            {
                                "Worker Number": 2,
                                "Actual Startup Time": 144.577,
                                "Actual Total Time": 144.579,
                                "Actual Rows": 1,
                                "Actual Loops": 1
                            },
                            {
                                "Worker Number": 3,
                                "Actual Startup Time": 144.781,
                                "Actual Total Time": 144.783,
                                "Actual Rows": 1,
                                "Actual Loops": 1
                            }
                        ],
                        "Plans": [
                            {
                                "Node Type": "Hash Join",
                                "Parent Relationship": "Outer",
                                "Parallel Aware": true,
                                "Join Type": "Inner",
                                "Startup Cost": 29579.47,
                                "Total Cost": 75545.18,
                                "Plan Rows": 2522,
                                "Plan Width": 0,
                                "Actual Startup Time": 117.527,
                                "Actual Total Time": 145.364,
                                "Actual Rows": 5937,
                                "Actual Loops": 5,
                                "Inner Unique": false,
                                "Hash Cond": "(t.id = mc.movie_id)",
                                "Workers": [
                                    {
                                        "Worker Number": 0,
                                        "Actual Startup Time": 105.761,
                                        "Actual Total Time": 141.108,
                                        "Actual Rows": 4538,
                                        "Actual Loops": 1
                                    },
                                    {
                                        "Worker Number": 1,
                                        "Actual Startup Time": 117.374,
                                        "Actual Total Time": 143.955,
                                        "Actual Rows": 5917,
                                        "Actual Loops": 1
                                    },
                                    {
                                        "Worker Number": 2,
                                        "Actual Startup Time": 122.307,
                                        "Actual Total Time": 144.278,
                                        "Actual Rows": 6040,
                                        "Actual Loops": 1
                                    },
                                    {
                                        "Worker Number": 3,
                                        "Actual Startup Time": 116.947,
                                        "Actual Total Time": 144.486,
                                        "Actual Rows": 5911,
                                        "Actual Loops": 1
                                    }
                                ],
                                "Plans": [
                                    {
                                        "Node Type": "Seq Scan",
                                        "Parent Relationship": "Outer",
                                        "Parallel Aware": true,
                                        "Relation Name": "title",
                                        "Schema": "public",
                                        "Alias": "t",
                                        "Startup Cost": 0.0,
                                        "Total Cost": 45479.21,
                                        "Plan Rows": 95672,
                                        "Plan Width": 4,
                                        "Actual Startup Time": 36.957,
                                        "Actual Total Time": 68.155,
                                        "Actual Rows": 88006,
                                        "Actual Loops": 5,
                                        "Output": [
                                            "t.id",
                                            "t.title",
                                            "t.imdb_index",
                                            "t.kind_id",
                                            "t.production_year",
                                            "t.imdb_id",
                                            "t.phonetic_code",
                                            "t.episode_of_id",
                                            "t.season_nr",
                                            "t.episode_nr",
                                            "t.series_years",
                                            "t.md5sum"
                                        ],
                                        "Filter": "((t.production_year < 2006) AND (t.kind_id = 1))",
                                        "Rows Removed by Filter": 417657,
                                        "Workers": [
                                            {
                                                "Worker Number": 0,
                                                "Actual Startup Time": 36.865,
                                                "Actual Total Time": 67.603,
                                                "Actual Rows": 71192,
                                                "Actual Loops": 1
                                            },
                                            {
                                                "Worker Number": 1,
                                                "Actual Startup Time": 36.977,
                                                "Actual Total Time": 68.582,
                                                "Actual Rows": 85808,
                                                "Actual Loops": 1
                                            },
                                            {
                                                "Worker Number": 2,
                                                "Actual Startup Time": 37.089,
                                                "Actual Total Time": 68.552,
                                                "Actual Rows": 86498,
                                                "Actual Loops": 1
                                            },
                                            {
                                                "Worker Number": 3,
                                                "Actual Startup Time": 36.881,
                                                "Actual Total Time": 68.569,
                                                "Actual Rows": 85807,
                                                "Actual Loops": 1
                                            }
                                        ]
                                    },
                                    {
                                        "Node Type": "Hash",
                                        "Parent Relationship": "Inner",
                                        "Parallel Aware": true,
                                        "Startup Cost": 29310.68,
                                        "Total Cost": 29310.68,
                                        "Plan Rows": 21503,
                                        "Plan Width": 4,
                                        "Actual Startup Time": 62.638,
                                        "Actual Total Time": 62.639,
                                        "Actual Rows": 13733,
                                        "Actual Loops": 5,
                                        "Output": [
                                            "mc.movie_id"
                                        ],
                                        "Hash Buckets": 131072,
                                        "Original Hash Buckets": 131072,
                                        "Hash Batches": 1,
                                        "Original Hash Batches": 1,
                                        "Peak Memory Usage": 3776,
                                        "Workers": [
                                            {
                                                "Worker Number": 0,
                                                "Actual Startup Time": 59.263,
                                                "Actual Total Time": 59.263,
                                                "Actual Rows": 11486,
                                                "Actual Loops": 1
                                            },
                                            {
                                                "Worker Number": 1,
                                                "Actual Startup Time": 62.283,
                                                "Actual Total Time": 62.284,
                                                "Actual Rows": 13616,
                                                "Actual Loops": 1
                                            },
                                            {
                                                "Worker Number": 2,
                                                "Actual Startup Time": 62.565,
                                                "Actual Total Time": 62.566,
                                                "Actual Rows": 13733,
                                                "Actual Loops": 1
                                            },
                                            {
                                                "Worker Number": 3,
                                                "Actual Startup Time": 62.736,
                                                "Actual Total Time": 62.736,
                                                "Actual Rows": 13620,
                                                "Actual Loops": 1
                                            }
                                        ],
                                        "Plans": [
                                            {
                                                "Node Type": "Seq Scan",
                                                "Parent Relationship": "Outer",
                                                "Parallel Aware": true,
                                                "Relation Name": "movie_companies",
                                                "Schema": "public",
                                                "Alias": "mc",
                                                "Startup Cost": 0.0,
                                                "Total Cost": 29310.68,
                                                "Plan Rows": 21503,
                                                "Plan Width": 4,
                                                "Actual Startup Time": 51.334,
                                                "Actual Total Time": 58.443,
                                                "Actual Rows": 13733,
                                                "Actual Loops": 5,
                                                "Output": [
                                                    "mc.movie_id"
                                                ],
                                                "Filter": "(mc.company_id > 177739)",
                                                "Rows Removed by Filter": 508093,
                                                "Workers": [
                                                    {
                                                        "Worker Number": 0,
                                                        "Actual Startup Time": 47.949,
                                                        "Actual Total Time": 55.141,
                                                        "Actual Rows": 11486,
                                                        "Actual Loops": 1
                                                    },
                                                    {
                                                        "Worker Number": 1,
                                                        "Actual Startup Time": 50.957,
                                                        "Actual Total Time": 58.145,
                                                        "Actual Rows": 13616,
                                                        "Actual Loops": 1
                                                    },
                                                    {
                                                        "Worker Number": 2,
                                                        "Actual Startup Time": 51.274,
                                                        "Actual Total Time": 58.382,
                                                        "Actual Rows": 13733,
                                                        "Actual Loops": 1
                                                    },
                                                    {
                                                        "Worker Number": 3,
                                                        "Actual Startup Time": 51.407,
                                                        "Actual Total Time": 58.709,
                                                        "Actual Rows": 13620,
                                                        "Actual Loops": 1
                                                    }
                                                ]
                                            }
                                        ]
                                    }
                                ]
                            }
                        ]
                    }
                ]
            }
        ]
    },
    "Planning Time": 0.748,
    "Triggers": [],
    "Execution Time": 169.016
}