[
  {
    "Plan": {
      "Node Type": "Aggregate",
      "Strategy": "Plain",
      "Partial Mode": "Finalize",
      "Parallel Aware": false,
      "Startup Cost": 44904.76,
      "Total Cost": 44904.77,
      "Plan Rows": 1,
      "Plan Width": 8,
      "Actual Startup Time": 86.602,
      "Actual Total Time": 98.153,
      "Actual Rows": 1,
      "Actual Loops": 1,
      "Plans": [
        {
          "Node Type": "Gather",
          "Parent Relationship": "Outer",
          "Parallel Aware": false,
          "Startup Cost": 44904.34,
          "Total Cost": 44904.75,
          "Plan Rows": 4,
          "Plan Width": 8,
          "Actual Startup Time": 86.345,
          "Actual Total Time": 98.146,
          "Actual Rows": 5,
          "Actual Loops": 1,
          "Workers Planned": 4,
          "Workers Launched": 4,
          "Single Copy": false,
          "Plans": [
            {
              "Node Type": "Aggregate",
              "Strategy": "Plain",
              "Partial Mode": "Partial",
              "Parent Relationship": "Outer",
              "Parallel Aware": false,
              "Startup Cost": 43904.34,
              "Total Cost": 43904.35,
              "Plan Rows": 1,
              "Plan Width": 8,
              "Actual Startup Time": 79.04,
              "Actual Total Time": 79.041,
              "Actual Rows": 1,
              "Actual Loops": 5,
              "Plans": [
                {
                  "Node Type": "Seq Scan",
                  "Parent Relationship": "Outer",
                  "Parallel Aware": true,
                  "Relation Name": "title",
                  "Alias": "t",
                  "Startup Cost": 0.0,
                  "Total Cost": 43898.92,
                  "Plan Rows": 2170,
                  "Plan Width": 0,
                  "Actual Startup Time": 0.161,
                  "Actual Total Time": 78.817,
                  "Actual Rows": 1726,
                  "Actual Loops": 5,
                  "Filter": "(production_year = 1956)",
                  "Rows Removed by Filter": 503937
                }
              ]
            }
          ]
        }
      ]
    },
    "Planning Time": 0.146,
    "Triggers": [],
    "Execution Time": 98.211
  }
]