{
  "Plan": {
    "Node Type": "Merge Join",
    "Parallel Aware": false,
    "Join Type": "Inner",
    "Startup Cost": 630362.08,
    "Total Cost": 643708.48,
    "Plan Rows": 59624,
    "Plan Width": 4,
    "Actual Startup Time": 8495.118,
    "Actual Total Time": 8520.358,
    "Actual Rows": 138144,
    "Actual Loops": 1,
    "Inner Unique": false,
    "Merge Cond": "(cn.id = mc.company_id)",
    "Plans": [
      {
        "Node Type": "Index Only Scan",
        "Parent Relationship": "Outer",
        "Parallel Aware": false,
        "Scan Direction": "Forward",
        "Index Name": "company_name_pkey",
        "Relation Name": "company_name",
        "Alias": "cn",
        "Startup Cost": 0.42,
        "Total Cost": 11881.93,
        "Plan Rows": 234997,
        "Plan Width": 4,
        "Actual Startup Time": 0.059,
        "Actual Total Time": 0.303,
        "Actual Rows": 6,
        "Actual Loops": 1,
        "Heap Fetches": 6
      },
      {
        "Node Type": "Sort",
        "Parent Relationship": "Inner",
        "Parallel Aware": false,
        "Startup Cost": 630352.55,
        "Total Cost": 630501.61,
        "Plan Rows": 59624,
        "Plan Width": 4,
        "Actual Startup Time": 8495.048,
        "Actual Total Time": 8507.155,
        "Actual Rows": 138144,
        "Actual Loops": 1,
        "Sort Key": [
          "mc.company_id"
        ],
        "Sort Method": "quicksort",
        "Sort Space Used": 12620,
        "Sort Space Type": "Memory",
        "Plans": [
          {
            "Node Type": "Nested Loop",
            "Parent Relationship": "Outer",
            "Parallel Aware": false,
            "Join Type": "Inner",
            "Startup Cost": 174362.12,
            "Total Cost": 625623.29,
            "Plan Rows": 59624,
            "Plan Width": 4,
            "Actual Startup Time": 3042.665,
            "Actual Total Time": 8462.114,
            "Actual Rows": 138144,
            "Actual Loops": 1,
            "Inner Unique": false,
            "Join Filter": "(mc.company_type_id = ct.id)",
            "Rows Removed by Join Filter": 414432,
            "Plans": [
              {
                "Node Type": "Seq Scan",
                "Parent Relationship": "Outer",
                "Parallel Aware": false,
                "Relation Name": "company_type",
                "Alias": "ct",
                "Startup Cost": 0.0,
                "Total Cost": 1.04,
                "Plan Rows": 4,
                "Plan Width": 4,
                "Actual Startup Time": 0.013,
                "Actual Total Time": 0.052,
                "Actual Rows": 4,
                "Actual Loops": 1
              },
              {
                "Node Type": "Materialize",
                "Parent Relationship": "Inner",
                "Parallel Aware": false,
                "Startup Cost": 174362.12,
                "Total Cost": 622193.87,
                "Plan Rows": 59624,
                "Plan Width": 8,
                "Actual Startup Time": 760.664,
                "Actual Total Time": 2102.36,
                "Actual Rows": 138144,
                "Actual Loops": 4,
                "Plans": [
                  {
                    "Node Type": "Gather",
                    "Parent Relationship": "Outer",
                    "Parallel Aware": false,
                    "Startup Cost": 174362.12,
                    "Total Cost": 621895.75,
                    "Plan Rows": 59624,
                    "Plan Width": 8,
                    "Actual Startup Time": 3042.63,
                    "Actual Total Time": 8353.637,
                    "Actual Rows": 138144,
                    "Actual Loops": 1,
                    "Workers Planned": 6,
                    "Workers Launched": 6,
                    "Single Copy": false,
                    "Plans": [
                      {
                        "Node Type": "Hash Join",
                        "Parent Relationship": "Outer",
                        "Parallel Aware": true,
                        "Join Type": "Inner",
                        "Startup Cost": 173362.12,
                        "Total Cost": 614933.35,
                        "Plan Rows": 9937,
                        "Plan Width": 8,
                        "Actual Startup Time": 3033.898,
                        "Actual Total Time": 8284.403,
                        "Actual Rows": 19735,
                        "Actual Loops": 7,
                        "Inner Unique": false,
                        "Hash Cond": "(t.id = mc.movie_id)",
                        "Plans": [
                          {
                            "Node Type": "Hash Join",
                            "Parent Relationship": "Outer",
                            "Parallel Aware": false,
                            "Join Type": "Inner",
                            "Startup Cost": 163263.9,
                            "Total Cost": 574578.88,
                            "Plan Rows": 6042971,
                            "Plan Width": 8,
                            "Actual Startup Time": 3020.651,
                            "Actual Total Time": 7808.714,
                            "Actual Rows": 5177763,
                            "Actual Loops": 7,
                            "Inner Unique": false,
                            "Hash Cond": "(ci.movie_id = t.id)",
                            "Plans": [
                              {
                                "Node Type": "Seq Scan",
                                "Parent Relationship": "Outer",
                                "Parallel Aware": true,
                                "Relation Name": "cast_info",
                                "Alias": "ci",
                                "Startup Cost": 0.0,
                                "Total Cost": 313116.71,
                                "Plan Rows": 6042971,
                                "Plan Width": 4,
                                "Actual Startup Time": 0.097,
                                "Actual Total Time": 1075.385,
                                "Actual Rows": 5177763,
                                "Actual Loops": 7
                              },
                              {
                                "Node Type": "Hash",
                                "Parent Relationship": "Inner",
                                "Parallel Aware": false,
                                "Startup Cost": 131657.53,
                                "Total Cost": 131657.53,
                                "Plan Rows": 2528509,
                                "Plan Width": 4,
                                "Actual Startup Time": 2956.325,
                                "Actual Total Time": 2956.334,
                                "Actual Rows": 2528312,
                                "Actual Loops": 7,
                                "Hash Buckets": 4194304,
                                "Original Hash Buckets": 4194304,
                                "Hash Batches": 1,
                                "Original Hash Batches": 1,
                                "Peak Memory Usage": 121654,
                                "Plans": [
                                  {
                                    "Node Type": "Hash Join",
                                    "Parent Relationship": "Outer",
                                    "Parallel Aware": false,
                                    "Join Type": "Inner",
                                    "Startup Cost": 92889.45,
                                    "Total Cost": 131657.53,
                                    "Plan Rows": 2528509,
                                    "Plan Width": 4,
                                    "Actual Startup Time": 1269.606,
                                    "Actual Total Time": 1627.851,
                                    "Actual Rows": 2528312,
                                    "Actual Loops": 7,
                                    "Inner Unique": false,
                                    "Hash Cond": "(kt.id = t.kind_id)",
                                    "Plans": [
                                      {
                                        "Node Type": "Seq Scan",
                                        "Parent Relationship": "Outer",
                                        "Parallel Aware": false,
                                        "Relation Name": "kind_type",
                                        "Alias": "kt",
                                        "Startup Cost": 0.0,
                                        "Total Cost": 1.07,
                                        "Plan Rows": 7,
                                        "Plan Width": 4,
                                        "Actual Startup Time": 0.059,
                                        "Actual Total Time": 0.078,
                                        "Actual Rows": 7,
                                        "Actual Loops": 7
                                      },
                                      {
                                        "Node Type": "Hash",
                                        "Parent Relationship": "Inner",
                                        "Parallel Aware": false,
                                        "Startup Cost": 61283.09,
                                        "Total Cost": 61283.09,
                                        "Plan Rows": 2528509,
                                        "Plan Width": 8,
                                        "Actual Startup Time": 1193.173,
                                        "Actual Total Time": 1193.175,
                                        "Actual Rows": 2528312,
                                        "Actual Loops": 7,
                                        "Hash Buckets": 4194304,
                                        "Original Hash Buckets": 4194304,
                                        "Hash Batches": 1,
                                        "Original Hash Batches": 1,
                                        "Peak Memory Usage": 131531,
                                        "Plans": [
                                          {
                                            "Node Type": "Seq Scan",
                                            "Parent Relationship": "Outer",
                                            "Parallel Aware": false,
                                            "Relation Name": "title",
                                            "Alias": "t",
                                            "Startup Cost": 0.0,
                                            "Total Cost": 61283.09,
                                            "Plan Rows": 2528509,
                                            "Plan Width": 8,
                                            "Actual Startup Time": 0.076,
                                            "Actual Total Time": 546.648,
                                            "Actual Rows": 2528312,
                                            "Actual Loops": 7
                                          }
                                        ]
                                      }
                                    ]
                                  }
                                ]
                              }
                            ]
                          },
                          {
                            "Node Type": "Hash",
                            "Parent Relationship": "Inner",
                            "Parallel Aware": true,
                            "Startup Cost": 10076.57,
                            "Total Cost": 10076.57,
                            "Plan Rows": 1732,
                            "Plan Width": 12,
                            "Actual Startup Time": 10.365,
                            "Actual Total Time": 10.369,
                            "Actual Rows": 673,
                            "Actual Loops": 7,
                            "Hash Buckets": 8192,
                            "Original Hash Buckets": 8192,
                            "Hash Batches": 1,
                            "Original Hash Batches": 1,
                            "Peak Memory Usage": 384,
                            "Plans": [
                              {
                                "Node Type": "Bitmap Heap Scan",
                                "Parent Relationship": "Outer",
                                "Parallel Aware": true,
                                "Relation Name": "movie_companies",
                                "Alias": "mc",
                                "Startup Cost": 92.65,
                                "Total Cost": 10076.57,
                                "Plan Rows": 1732,
                                "Plan Width": 12,
                                "Actual Startup Time": 0.407,
                                "Actual Total Time": 9.527,
                                "Actual Rows": 673,
                                "Actual Loops": 7,
                                "Recheck Cond": "(company_id < 6)",
                                "Rows Removed by Index Recheck": 0,
                                "Exact Heap Blocks": 844,
                                "Lossy Heap Blocks": 0,
                                "Plans": [
                                  {
                                    "Node Type": "Bitmap Index Scan",
                                    "Parent Relationship": "Outer",
                                    "Parallel Aware": false,
                                    "Index Name": "company_id_movie_companies",
                                    "Startup Cost": 0.0,
                                    "Total Cost": 91.62,
                                    "Plan Rows": 4158,
                                    "Plan Width": 0,
                                    "Actual Startup Time": 1.255,
                                    "Actual Total Time": 1.258,
                                    "Actual Rows": 4712,
                                    "Actual Loops": 1,
                                    "Index Cond": "(company_id < 6)"
                                  }
                                ]
                              }
                            ]
                          }
                        ]
                      }
                    ]
                  }
                ]
              }
            ]
          }
        ]
      }
    ]
  },
  "Planning Time": 9.033,
  "Triggers": [],
  "Execution Time": 8559.368
}