[
  {
    "Plan": {
      "Node Type": "Aggregate",
      "Strategy": "Plain",
      "Partial Mode": "Finalize",
      "Parallel Aware": false,
      "Startup Cost": 104296.0,
      "Total Cost": 104296.01,
      "Plan Rows": 1,
      "Plan Width": 8,
      "Actual Startup Time": 482.63,
      "Actual Total Time": 500.024,
      "Actual Rows": 1,
      "Actual Loops": 1,
      "Plans": [
        {
          "Node Type": "Gather",
          "Parent Relationship": "Outer",
          "Parallel Aware": false,
          "Startup Cost": 104295.79,
          "Total Cost": 104296.0,
          "Plan Rows": 2,
          "Plan Width": 8,
          "Actual Startup Time": 478.959,
          "Actual Total Time": 500.013,
          "Actual Rows": 3,
          "Actual Loops": 1,
          "Workers Planned": 2,
          "Workers Launched": 2,
          "Single Copy": false,
          "Plans": [
            {
              "Node Type": "Aggregate",
              "Strategy": "Plain",
              "Partial Mode": "Partial",
              "Parent Relationship": "Outer",
              "Parallel Aware": false,
              "Startup Cost": 103295.79,
              "Total Cost": 103295.8,
              "Plan Rows": 1,
              "Plan Width": 8,
              "Actual Startup Time": 470.798,
              "Actual Total Time": 470.972,
              "Actual Rows": 1,
              "Actual Loops": 3,
              "Plans": [
                {
                  "Node Type": "Hash Join",
                  "Parent Relationship": "Outer",
                  "Parallel Aware": true,
                  "Join Type": "Inner",
                  "Startup Cost": 87310.84,
                  "Total Cost": 103233.14,
                  "Plan Rows": 25061,
                  "Plan Width": 0,
                  "Actual Startup Time": 392.772,
                  "Actual Total Time": 460.843,
                  "Actual Rows": 257326,
                  "Actual Loops": 3,
                  "Inner Unique": false,
                  "Hash Cond": "(mi_idx.movie_id = t.id)",
                  "Plans": [
                    {
                      "Node Type": "Seq Scan",
                      "Parent Relationship": "Outer",
                      "Parallel Aware": true,
                      "Relation Name": "movie_info_idx",
                      "Alias": "mi_idx",
                      "Startup Cost": 0.0,
                      "Total Cost": 13685.15,
                      "Plan Rows": 575015,
                      "Plan Width": 4,
                      "Actual Startup Time": 0.048,
                      "Actual Total Time": 35.996,
                      "Actual Rows": 460012,
                      "Actual Loops": 3
                    },
                    {
                      "Node Type": "Hash",
                      "Parent Relationship": "Inner",
                      "Parallel Aware": true,
                      "Startup Cost": 86866.53,
                      "Total Cost": 86866.53,
                      "Plan Rows": 35545,
                      "Plan Width": 8,
                      "Actual Startup Time": 358.661,
                      "Actual Total Time": 358.834,
                      "Actual Rows": 102186,
                      "Actual Loops": 3,
                      "Hash Buckets": 524288,
                      "Original Hash Buckets": 131072,
                      "Hash Batches": 1,
                      "Original Hash Batches": 1,
                      "Peak Memory Usage": 19232,
                      "Plans": [
                        {
                          "Node Type": "Hash Join",
                          "Parent Relationship": "Outer",
                          "Parallel Aware": true,
                          "Join Type": "Inner",
                          "Startup Cost": 59521.26,
                          "Total Cost": 86866.53,
                          "Plan Rows": 35545,
                          "Plan Width": 8,
                          "Actual Startup Time": 232.178,
                          "Actual Total Time": 327.809,
                          "Actual Rows": 102186,
                          "Actual Loops": 3,
                          "Inner Unique": true,
                          "Hash Cond": "(mk.movie_id = t.id)",
                          "Plans": [
                            {
                              "Node Type": "Bitmap Heap Scan",
                              "Parent Relationship": "Outer",
                              "Parallel Aware": true,
                              "Relation Name": "movie_keyword",
                              "Alias": "mk",
                              "Startup Cost": 12573.01,
                              "Total Cost": 39416.49,
                              "Plan Rows": 191158,
                              "Plan Width": 4,
                              "Actual Startup Time": 33.299,
                              "Actual Total Time": 101.981,
                              "Actual Rows": 201946,
                              "Actual Loops": 3,
                              "Recheck Cond": "(keyword_id < 456)",
                              "Rows Removed by Index Recheck": 0,
                              "Exact Heap Blocks": 10001,
                              "Lossy Heap Blocks": 0,
                              "Plans": [
                                {
                                  "Node Type": "Bitmap Index Scan",
                                  "Parent Relationship": "Outer",
                                  "Parallel Aware": false,
                                  "Index Name": "keyword_id_movie_keyword",
                                  "Startup Cost": 0.0,
                                  "Total Cost": 12424.86,
                                  "Plan Rows": 592591,
                                  "Plan Width": 0,
                                  "Actual Startup Time": 29.684,
                                  "Actual Total Time": 29.685,
                                  "Actual Rows": 605838,
                                  "Actual Loops": 1,
                                  "Index Cond": "(keyword_id < 456)"
                                }
                              ]
                            },
                            {
                              "Node Type": "Hash",
                              "Parent Relationship": "Inner",
                              "Parallel Aware": true,
                              "Startup Cost": 45479.1,
                              "Total Cost": 45479.1,
                              "Plan Rows": 117532,
                              "Plan Width": 4,
                              "Actual Startup Time": 167.602,
                              "Actual Total Time": 167.603,
                              "Actual Rows": 165342,
                              "Actual Loops": 3,
                              "Hash Buckets": 524288,
                              "Original Hash Buckets": 524288,
                              "Hash Batches": 1,
                              "Original Hash Batches": 1,
                              "Peak Memory Usage": 23552,
                              "Plans": [
                                {
                                  "Node Type": "Seq Scan",
                                  "Parent Relationship": "Outer",
                                  "Parallel Aware": true,
                                  "Relation Name": "title",
                                  "Alias": "t",
                                  "Startup Cost": 0.0,
                                  "Total Cost": 45479.1,
                                  "Plan Rows": 117532,
                                  "Plan Width": 4,
                                  "Actual Startup Time": 68.729,
                                  "Actual Total Time": 121.498,
                                  "Actual Rows": 165342,
                                  "Actual Loops": 3,
                                  "Filter": "((production_year < 2009) AND (kind_id = 1))",
                                  "Rows Removed by Filter": 677429
                                }
                              ]
                            }
                          ]
                        }
                      ]
                    }
                  ]
                }
              ]
            }
          ]
        }
      ]
    },
    "Planning Time": 1.374,
    "Triggers": [],
    "Execution Time": 500.14
  }
]