{
    "Plan": {
        "Node Type": "Aggregate",
        "Strategy": "Plain",
        "Partial Mode": "Finalize",
        "Parallel Aware": false,
        "Startup Cost": 597050.67,
        "Total Cost": 597050.68,
        "Plan Rows": 1,
        "Plan Width": 8,
        "Actual Startup Time": 2763.226,
        "Actual Total Time": 2837.68,
        "Actual Rows": 1,
        "Actual Loops": 1,
        "Output": [
            "count(*)"
        ],
        "Plans": [
            {
                "Node Type": "Gather",
                "Parent Relationship": "Outer",
                "Parallel Aware": false,
                "Startup Cost": 597050.05,
                "Total Cost": 597050.66,
                "Plan Rows": 6,
                "Plan Width": 8,
                "Actual Startup Time": 2746.665,
                "Actual Total Time": 2837.666,
                "Actual Rows": 7,
                "Actual Loops": 1,
                "Output": [
                    "(PARTIAL count(*))"
                ],
                "Workers Planned": 6,
                "Workers Launched": 6,
                "Single Copy": false,
                "Plans": [
                    {
                        "Node Type": "Aggregate",
                        "Strategy": "Plain",
                        "Partial Mode": "Partial",
                        "Parent Relationship": "Outer",
                        "Parallel Aware": false,
                        "Startup Cost": 596050.05,
                        "Total Cost": 596050.06,
                        "Plan Rows": 1,
                        "Plan Width": 8,
                        "Actual Startup Time": 2735.513,
                        "Actual Total Time": 2735.588,
                        "Actual Rows": 1,
                        "Actual Loops": 7,
                        "Output": [
                            "PARTIAL count(*)"
                        ],
                        "Workers": [
                            {
                                "Worker Number": 0,
                                "Actual Startup Time": 2733.226,
                                "Actual Total Time": 2733.229,
                                "Actual Rows": 1,
                                "Actual Loops": 1
                            },
                            {
                                "Worker Number": 1,
                                "Actual Startup Time": 2733.439,
                                "Actual Total Time": 2733.444,
                                "Actual Rows": 1,
                                "Actual Loops": 1
                            },
                            {
                                "Worker Number": 2,
                                "Actual Startup Time": 2734.648,
                                "Actual Total Time": 2734.653,
                                "Actual Rows": 1,
                                "Actual Loops": 1
                            },
                            {
                                "Worker Number": 3,
                                "Actual Startup Time": 2734.049,
                                "Actual Total Time": 2734.054,
                                "Actual Rows": 1,
                                "Actual Loops": 1
                            },
                            {
                                "Worker Number": 4,
                                "Actual Startup Time": 2733.78,
                                "Actual Total Time": 2733.786,
                                "Actual Rows": 1,
                                "Actual Loops": 1
                            },
                            {
                                "Worker Number": 5,
                                "Actual Startup Time": 2733.778,
                                "Actual Total Time": 2733.784,
                                "Actual Rows": 1,
                                "Actual Loops": 1
                            }
                        ],
                        "Plans": [
                            {
                                "Node Type": "Hash Join",
                                "Parent Relationship": "Outer",
                                "Parallel Aware": true,
                                "Join Type": "Inner",
                                "Startup Cost": 250571.08,
                                "Total Cost": 590654.1,
                                "Plan Rows": 2158377,
                                "Plan Width": 0,
                                "Actual Startup Time": 581.501,
                                "Actual Total Time": 2621.655,
                                "Actual Rows": 2743809,
                                "Actual Loops": 7,
                                "Inner Unique": false,
                                "Hash Cond": "(ci.movie_id = t.id)",
                                "Workers": [
                                    {
                                        "Worker Number": 0,
                                        "Actual Startup Time": 579.287,
                                        "Actual Total Time": 2610.138,
                                        "Actual Rows": 2383651,
                                        "Actual Loops": 1
                                    },
                                    {
                                        "Worker Number": 1,
                                        "Actual Startup Time": 579.591,
                                        "Actual Total Time": 2625.466,
                                        "Actual Rows": 2688979,
                                        "Actual Loops": 1
                                    },
                                    {
                                        "Worker Number": 2,
                                        "Actual Startup Time": 579.958,
                                        "Actual Total Time": 2621.408,
                                        "Actual Rows": 2821689,
                                        "Actual Loops": 1
                                    },
                                    {
                                        "Worker Number": 3,
                                        "Actual Startup Time": 580.094,
                                        "Actual Total Time": 2621.525,
                                        "Actual Rows": 2799993,
                                        "Actual Loops": 1
                                    },
                                    {
                                        "Worker Number": 4,
                                        "Actual Startup Time": 579.907,
                                        "Actual Total Time": 2625.494,
                                        "Actual Rows": 2695937,
                                        "Actual Loops": 1
                                    },
                                    {
                                        "Worker Number": 5,
                                        "Actual Startup Time": 579.933,
                                        "Actual Total Time": 2625.337,
                                        "Actual Rows": 2649506,
                                        "Actual Loops": 1
                                    }
                                ],
                                "Plans": [
                                    {
                                        "Node Type": "Seq Scan",
                                        "Parent Relationship": "Outer",
                                        "Parallel Aware": true,
                                        "Relation Name": "cast_info",
                                        "Schema": "public",
                                        "Alias": "ci",
                                        "Startup Cost": 0.0,
                                        "Total Cost": 313108.29,
                                        "Plan Rows": 6042129,
                                        "Plan Width": 4,
                                        "Actual Startup Time": 0.032,
                                        "Actual Total Time": 543.441,
                                        "Actual Rows": 5177763,
                                        "Actual Loops": 7,
                                        "Output": [
                                            "ci.id",
                                            "ci.person_id",
                                            "ci.movie_id",
                                            "ci.person_role_id",
                                            "ci.note",
                                            "ci.nr_order",
                                            "ci.role_id"
                                        ],
                                        "Workers": [
                                            {
                                                "Worker Number": 0,
                                                "Actual Startup Time": 0.038,
                                                "Actual Total Time": 569.5,
                                                "Actual Rows": 4420365,
                                                "Actual Loops": 1
                                            },
                                            {
                                                "Worker Number": 1,
                                                "Actual Startup Time": 0.034,
                                                "Actual Total Time": 559.36,
                                                "Actual Rows": 5102855,
                                                "Actual Loops": 1
                                            },
                                            {
                                                "Worker Number": 2,
                                                "Actual Startup Time": 0.038,
                                                "Actual Total Time": 552.122,
                                                "Actual Rows": 5309645,
                                                "Actual Loops": 1
                                            },
                                            {
                                                "Worker Number": 3,
                                                "Actual Startup Time": 0.032,
                                                "Actual Total Time": 550.789,
                                                "Actual Rows": 5309230,
                                                "Actual Loops": 1
                                            },
                                            {
                                                "Worker Number": 4,
                                                "Actual Startup Time": 0.036,
                                                "Actual Total Time": 559.304,
                                                "Actual Rows": 5088101,
                                                "Actual Loops": 1
                                            },
                                            {
                                                "Worker Number": 5,
                                                "Actual Startup Time": 0.034,
                                                "Actual Total Time": 560.679,
                                                "Actual Rows": 5011738,
                                                "Actual Loops": 1
                                            }
                                        ]
                                    },
                                    {
                                        "Node Type": "Hash",
                                        "Parent Relationship": "Inner",
                                        "Parallel Aware": true,
                                        "Startup Cost": 248313.15,
                                        "Total Cost": 248313.15,
                                        "Plan Rows": 180634,
                                        "Plan Width": 8,
                                        "Actual Startup Time": 578.147,
                                        "Actual Total Time": 578.22,
                                        "Actual Rows": 138253,
                                        "Actual Loops": 7,
                                        "Output": [
                                            "t.id",
                                            "mi.movie_id"
                                        ],
                                        "Hash Buckets": 1048576,
                                        "Original Hash Buckets": 1048576,
                                        "Hash Batches": 1,
                                        "Original Hash Batches": 1,
                                        "Peak Memory Usage": 46144,
                                        "Workers": [
                                            {
                                                "Worker Number": 0,
                                                "Actual Startup Time": 578.576,
                                                "Actual Total Time": 578.578,
                                                "Actual Rows": 106630,
                                                "Actual Loops": 1
                                            },
                                            {
                                                "Worker Number": 1,
                                                "Actual Startup Time": 578.783,
                                                "Actual Total Time": 578.787,
                                                "Actual Rows": 138207,
                                                "Actual Loops": 1
                                            },
                                            {
                                                "Worker Number": 2,
                                                "Actual Startup Time": 579.283,
                                                "Actual Total Time": 579.287,
                                                "Actual Rows": 145485,
                                                "Actual Loops": 1
                                            },
                                            {
                                                "Worker Number": 3,
                                                "Actual Startup Time": 579.442,
                                                "Actual Total Time": 579.445,
                                                "Actual Rows": 144671,
                                                "Actual Loops": 1
                                            },
                                            {
                                                "Worker Number": 4,
                                                "Actual Startup Time": 579.145,
                                                "Actual Total Time": 579.149,
                                                "Actual Rows": 140721,
                                                "Actual Loops": 1
                                            },
                                            {
                                                "Worker Number": 5,
                                                "Actual Startup Time": 579.133,
                                                "Actual Total Time": 579.138,
                                                "Actual Rows": 135736,
                                                "Actual Loops": 1
                                            }
                                        ],
                                        "Plans": [
                                            {
                                                "Node Type": "Hash Join",
                                                "Parent Relationship": "Outer",
                                                "Parallel Aware": true,
                                                "Join Type": "Inner",
                                                "Startup Cost": 47856.53,
                                                "Total Cost": 248313.15,
                                                "Plan Rows": 180634,
                                                "Plan Width": 8,
                                                "Actual Startup Time": 199.229,
                                                "Actual Total Time": 521.393,
                                                "Actual Rows": 138253,
                                                "Actual Loops": 7,
                                                "Output": [
                                                    "t.id",
                                                    "mi.movie_id"
                                                ],
                                                "Inner Unique": true,
                                                "Hash Cond": "(mi.movie_id = t.id)",
                                                "Workers": [
                                                    {
                                                        "Worker Number": 0,
                                                        "Actual Startup Time": 199.168,
                                                        "Actual Total Time": 521.883,
                                                        "Actual Rows": 106630,
                                                        "Actual Loops": 1
                                                    },
                                                    {
                                                        "Worker Number": 1,
                                                        "Actual Startup Time": 199.422,
                                                        "Actual Total Time": 522.091,
                                                        "Actual Rows": 138207,
                                                        "Actual Loops": 1
                                                    },
                                                    {
                                                        "Worker Number": 2,
                                                        "Actual Startup Time": 199.216,
                                                        "Actual Total Time": 520.701,
                                                        "Actual Rows": 145485,
                                                        "Actual Loops": 1
                                                    },
                                                    {
                                                        "Worker Number": 3,
                                                        "Actual Startup Time": 199.15,
                                                        "Actual Total Time": 521.521,
                                                        "Actual Rows": 144671,
                                                        "Actual Loops": 1
                                                    },
                                                    {
                                                        "Worker Number": 4,
                                                        "Actual Startup Time": 199.175,
                                                        "Actual Total Time": 520.509,
                                                        "Actual Rows": 140721,
                                                        "Actual Loops": 1
                                                    },
                                                    {
                                                        "Worker Number": 5,
                                                        "Actual Startup Time": 199.175,
                                                        "Actual Total Time": 522.237,
                                                        "Actual Rows": 135736,
                                                        "Actual Loops": 1
                                                    }
                                                ],
                                                "Plans": [
                                                    {
                                                        "Node Type": "Seq Scan",
                                                        "Parent Relationship": "Outer",
                                                        "Parallel Aware": true,
                                                        "Relation Name": "movie_info",
                                                        "Schema": "public",
                                                        "Alias": "mi",
                                                        "Startup Cost": 0.0,
                                                        "Total Cost": 198880.74,
                                                        "Plan Rows": 600336,
                                                        "Plan Width": 4,
                                                        "Actual Startup Time": 62.943,
                                                        "Actual Total Time": 273.533,
                                                        "Actual Rows": 433817,
                                                        "Actual Loops": 7,
                                                        "Output": [
                                                            "mi.id",
                                                            "mi.movie_id",
                                                            "mi.info_type_id",
                                                            "mi.info",
                                                            "mi.note"
                                                        ],
                                                        "Filter": "(mi.info_type_id = 16)",
                                                        "Rows Removed by Filter": 1685572,
                                                        "Workers": [
                                                            {
                                                                "Worker Number": 0,
                                                                "Actual Startup Time": 62.945,
                                                                "Actual Total Time": 280.683,
                                                                "Actual Rows": 327233,
                                                                "Actual Loops": 1
                                                            },
                                                            {
                                                                "Worker Number": 1,
                                                                "Actual Startup Time": 62.913,
                                                                "Actual Total Time": 273.603,
                                                                "Actual Rows": 428015,
                                                                "Actual Loops": 1
                                                            },
                                                            {
                                                                "Worker Number": 2,
                                                                "Actual Startup Time": 62.906,
                                                                "Actual Total Time": 274.0,
                                                                "Actual Rows": 453052,
                                                                "Actual Loops": 1
                                                            },
                                                            {
                                                                "Worker Number": 3,
                                                                "Actual Startup Time": 62.913,
                                                                "Actual Total Time": 274.048,
                                                                "Actual Rows": 454428,
                                                                "Actual Loops": 1
                                                            },
                                                            {
                                                                "Worker Number": 4,
                                                                "Actual Startup Time": 63.065,
                                                                "Actual Total Time": 273.494,
                                                                "Actual Rows": 425752,
                                                                "Actual Loops": 1
                                                            },
                                                            {
                                                                "Worker Number": 5,
                                                                "Actual Startup Time": 62.936,
                                                                "Actual Total Time": 273.904,
                                                                "Actual Rows": 425372,
                                                                "Actual Loops": 1
                                                            }
                                                        ]
                                                    },
                                                    {
                                                        "Node Type": "Hash",
                                                        "Parent Relationship": "Inner",
                                                        "Parallel Aware": true,
                                                        "Startup Cost": 45479.21,
                                                        "Total Cost": 45479.21,
                                                        "Plan Rows": 190186,
                                                        "Plan Width": 4,
                                                        "Actual Startup Time": 134.61,
                                                        "Actual Total Time": 134.611,
                                                        "Actual Rows": 120001,
                                                        "Actual Loops": 7,
                                                        "Output": [
                                                            "t.id"
                                                        ],
                                                        "Hash Buckets": 1048576,
                                                        "Original Hash Buckets": 1048576,
                                                        "Hash Batches": 1,
                                                        "Original Hash Batches": 1,
                                                        "Peak Memory Usage": 41152,
                                                        "Workers": [
                                                            {
                                                                "Worker Number": 0,
                                                                "Actual Startup Time": 135.911,
                                                                "Actual Total Time": 135.912,
                                                                "Actual Rows": 91617,
                                                                "Actual Loops": 1
                                                            },
                                                            {
                                                                "Worker Number": 1,
                                                                "Actual Startup Time": 135.991,
                                                                "Actual Total Time": 135.992,
                                                                "Actual Rows": 106317,
                                                                "Actual Loops": 1
                                                            },
                                                            {
                                                                "Worker Number": 2,
                                                                "Actual Startup Time": 136.013,
                                                                "Actual Total Time": 136.013,
                                                                "Actual Rows": 118318,
                                                                "Actual Loops": 1
                                                            },
                                                            {
                                                                "Worker Number": 3,
                                                                "Actual Startup Time": 135.951,
                                                                "Actual Total Time": 135.952,
                                                                "Actual Rows": 112485,
                                                                "Actual Loops": 1
                                                            },
                                                            {
                                                                "Worker Number": 4,
                                                                "Actual Startup Time": 136.035,
                                                                "Actual Total Time": 136.036,
                                                                "Actual Rows": 108381,
                                                                "Actual Loops": 1
                                                            },
                                                            {
                                                                "Worker Number": 5,
                                                                "Actual Startup Time": 135.964,
                                                                "Actual Total Time": 135.965,
                                                                "Actual Rows": 105909,
                                                                "Actual Loops": 1
                                                            }
                                                        ],
                                                        "Plans": [
                                                            {
                                                                "Node Type": "Seq Scan",
                                                                "Parent Relationship": "Outer",
                                                                "Parallel Aware": true,
                                                                "Relation Name": "title",
                                                                "Schema": "public",
                                                                "Alias": "t",
                                                                "Startup Cost": 0.0,
                                                                "Total Cost": 45479.21,
                                                                "Plan Rows": 190186,
                                                                "Plan Width": 4,
                                                                "Actual Startup Time": 0.07,
                                                                "Actual Total Time": 74.821,
                                                                "Actual Rows": 120001,
                                                                "Actual Loops": 7,
                                                                "Output": [
                                                                    "t.id"
                                                                ],
                                                                "Filter": "((t.production_year > 2002) AND (t.kind_id = 7))",
                                                                "Rows Removed by Filter": 241186,
                                                                "Workers": [
                                                                    {
                                                                        "Worker Number": 0,
                                                                        "Actual Startup Time": 0.08,
                                                                        "Actual Total Time": 77.231,
                                                                        "Actual Rows": 91617,
                                                                        "Actual Loops": 1
                                                                    },
                                                                    {
                                                                        "Worker Number": 1,
                                                                        "Actual Startup Time": 0.087,
                                                                        "Actual Total Time": 75.486,
                                                                        "Actual Rows": 106317,
                                                                        "Actual Loops": 1
                                                                    },
                                                                    {
                                                                        "Worker Number": 2,
                                                                        "Actual Startup Time": 0.077,
                                                                        "Actual Total Time": 76.801,
                                                                        "Actual Rows": 118318,
                                                                        "Actual Loops": 1
                                                                    },
                                                                    {
                                                                        "Worker Number": 3,
                                                                        "Actual Startup Time": 0.075,
                                                                        "Actual Total Time": 76.165,
                                                                        "Actual Rows": 112485,
                                                                        "Actual Loops": 1
                                                                    },
                                                                    {
                                                                        "Worker Number": 4,
                                                                        "Actual Startup Time": 0.075,
                                                                        "Actual Total Time": 75.586,
                                                                        "Actual Rows": 108381,
                                                                        "Actual Loops": 1
                                                                    },
                                                                    {
                                                                        "Worker Number": 5,
                                                                        "Actual Startup Time": 0.081,
                                                                        "Actual Total Time": 75.663,
                                                                        "Actual Rows": 105909,
                                                                        "Actual Loops": 1
                                                                    }
                                                                ]
                                                            }
                                                        ]
                                                    }
                                                ]
                                            }
                                        ]
                                    }
                                ]
                            }
                        ]
                    }
                ]
            }
        ]
    },
    "Planning Time": 1.494,
    "Triggers": [],
    "Execution Time": 2837.78
}