[
  {
    "Plan": {
      "Node Type": "Aggregate",
      "Strategy": "Plain",
      "Partial Mode": "Finalize",
      "Parallel Aware": false,
      "Startup Cost": 348798.34,
      "Total Cost": 348798.35,
      "Plan Rows": 1,
      "Plan Width": 8,
      "Actual Startup Time": 619.836,
      "Actual Total Time": 677.176,
      "Actual Rows": 1,
      "Actual Loops": 1,
      "Plans": [
        {
          "Node Type": "Gather",
          "Parent Relationship": "Outer",
          "Parallel Aware": false,
          "Startup Cost": 348797.71,
          "Total Cost": 348798.32,
          "Plan Rows": 6,
          "Plan Width": 8,
          "Actual Startup Time": 619.728,
          "Actual Total Time": 677.167,
          "Actual Rows": 7,
          "Actual Loops": 1,
          "Workers Planned": 6,
          "Workers Launched": 6,
          "Single Copy": false,
          "Plans": [
            {
              "Node Type": "Aggregate",
              "Strategy": "Plain",
              "Partial Mode": "Partial",
              "Parent Relationship": "Outer",
              "Parallel Aware": false,
              "Startup Cost": 347797.71,
              "Total Cost": 347797.72,
              "Plan Rows": 1,
              "Plan Width": 8,
              "Actual Startup Time": 609.536,
              "Actual Total Time": 609.537,
              "Actual Rows": 1,
              "Actual Loops": 7,
              "Plans": [
                {
                  "Node Type": "Seq Scan",
                  "Parent Relationship": "Outer",
                  "Parallel Aware": true,
                  "Relation Name": "cast_info",
                  "Alias": "ci",
                  "Startup Cost": 0.0,
                  "Total Cost": 343257.03,
                  "Plan Rows": 1816273,
                  "Plan Width": 0,
                  "Actual Startup Time": 217.929,
                  "Actual Total Time": 581.454,
                  "Actual Rows": 661247,
                  "Actual Loops": 7,
                  "Filter": "((person_id < 1645849) AND (role_id > 1))",
                  "Rows Removed by Filter": 4516516
                }
              ]
            }
          ]
        }
      ]
    },
    "Planning Time": 0.186,
    "Triggers": [],
    "Execution Time": 677.241
  }
]