{
    "Plan": {
        "Node Type": "Aggregate",
        "Strategy": "Plain",
        "Partial Mode": "Finalize",
        "Parallel Aware": false,
        "Startup Cost": 45468.32,
        "Total Cost": 45468.33,
        "Plan Rows": 1,
        "Plan Width": 8,
        "Actual Startup Time": 305.836,
        "Actual Total Time": 320.855,
        "Actual Rows": 1,
        "Actual Loops": 1,
        "Output": [
            "count(*)"
        ],
        "Plans": [
            {
                "Node Type": "Gather",
                "Parent Relationship": "Outer",
                "Parallel Aware": false,
                "Startup Cost": 45468.0,
                "Total Cost": 45468.31,
                "Plan Rows": 3,
                "Plan Width": 8,
                "Actual Startup Time": 305.707,
                "Actual Total Time": 320.846,
                "Actual Rows": 4,
                "Actual Loops": 1,
                "Output": [
                    "(PARTIAL count(*))"
                ],
                "Workers Planned": 3,
                "Workers Launched": 3,
                "Single Copy": false,
                "Plans": [
                    {
                        "Node Type": "Aggregate",
                        "Strategy": "Plain",
                        "Partial Mode": "Partial",
                        "Parent Relationship": "Outer",
                        "Parallel Aware": false,
                        "Startup Cost": 44468.0,
                        "Total Cost": 44468.01,
                        "Plan Rows": 1,
                        "Plan Width": 8,
                        "Actual Startup Time": 296.576,
                        "Actual Total Time": 296.578,
                        "Actual Rows": 1,
                        "Actual Loops": 4,
                        "Output": [
                            "PARTIAL count(*)"
                        ],
                        "Workers": [
                            {
                                "Worker Number": 0,
                                "Actual Startup Time": 293.492,
                                "Actual Total Time": 293.494,
                                "Actual Rows": 1,
                                "Actual Loops": 1
                            },
                            {
                                "Worker Number": 1,
                                "Actual Startup Time": 293.517,
                                "Actual Total Time": 293.518,
                                "Actual Rows": 1,
                                "Actual Loops": 1
                            },
                            {
                                "Worker Number": 2,
                                "Actual Startup Time": 294.975,
                                "Actual Total Time": 294.977,
                                "Actual Rows": 1,
                                "Actual Loops": 1
                            }
                        ],
                        "Plans": [
                            {
                                "Node Type": "Seq Scan",
                                "Parent Relationship": "Outer",
                                "Parallel Aware": true,
                                "Relation Name": "movie_keyword",
                                "Schema": "public",
                                "Alias": "mk",
                                "Startup Cost": 0.0,
                                "Total Cost": 42695.65,
                                "Plan Rows": 708940,
                                "Plan Width": 0,
                                "Actual Startup Time": 0.099,
                                "Actual Total Time": 259.524,
                                "Actual Rows": 549028,
                                "Actual Loops": 4,
                                "Output": [
                                    "id",
                                    "movie_id",
                                    "keyword_id"
                                ],
                                "Filter": "(mk.keyword_id < 4372)",
                                "Rows Removed by Filter": 581955,
                                "Workers": [
                                    {
                                        "Worker Number": 0,
                                        "Actual Startup Time": 0.127,
                                        "Actual Total Time": 257.273,
                                        "Actual Rows": 536047,
                                        "Actual Loops": 1
                                    },
                                    {
                                        "Worker Number": 1,
                                        "Actual Startup Time": 0.1,
                                        "Actual Total Time": 257.429,
                                        "Actual Rows": 534719,
                                        "Actual Loops": 1
                                    },
                                    {
                                        "Worker Number": 2,
                                        "Actual Startup Time": 0.084,
                                        "Actual Total Time": 258.336,
                                        "Actual Rows": 548968,
                                        "Actual Loops": 1
                                    }
                                ]
                            }
                        ]
                    }
                ]
            }
        ]
    },
    "Planning Time": 1.902,
    "Triggers": [],
    "Execution Time": 321.175
}