{
  "Plan": {
    "Node Type": "Aggregate",
    "Strategy": "Plain",
    "Partial Mode": "Finalize",
    "Parallel Aware": false,
    "Startup Cost": 86623.73,
    "Total Cost": 86623.74,
    "Plan Rows": 1,
    "Plan Width": 8,
    "Actual Startup Time": 258.666,
    "Actual Total Time": 277.061,
    "Actual Rows": 1,
    "Actual Loops": 1,
    "Plans": [
      {
        "Node Type": "Gather",
        "Parent Relationship": "Outer",
        "Parallel Aware": false,
        "Startup Cost": 86623.62,
        "Total Cost": 86623.73,
        "Plan Rows": 1,
        "Plan Width": 8,
        "Actual Startup Time": 258.121,
        "Actual Total Time": 277.052,
        "Actual Rows": 2,
        "Actual Loops": 1,
        "Workers Planned": 1,
        "Workers Launched": 1,
        "Single Copy": false,
        "Plans": [
          {
            "Node Type": "Aggregate",
            "Strategy": "Plain",
            "Partial Mode": "Partial",
            "Parent Relationship": "Outer",
            "Parallel Aware": false,
            "Startup Cost": 85623.62,
            "Total Cost": 85623.63,
            "Plan Rows": 1,
            "Plan Width": 8,
            "Actual Startup Time": 252.037,
            "Actual Total Time": 252.04,
            "Actual Rows": 1,
            "Actual Loops": 2,
            "Plans": [
              {
                "Node Type": "Hash Join",
                "Parent Relationship": "Outer",
                "Parallel Aware": true,
                "Join Type": "Inner",
                "Startup Cost": 63326.38,
                "Total Cost": 85610.48,
                "Plan Rows": 5257,
                "Plan Width": 0,
                "Actual Startup Time": 225.173,
                "Actual Total Time": 251.936,
                "Actual Rows": 1208,
                "Actual Loops": 2,
                "Inner Unique": true,
                "Hash Cond": "(mc.movie_id = t.id)",
                "Plans": [
                  {
                    "Node Type": "Bitmap Heap Scan",
                    "Parent Relationship": "Outer",
                    "Parallel Aware": true,
                    "Relation Name": "movie_companies",
                    "Alias": "mc",
                    "Startup Cost": 7838.22,
                    "Total Cost": 29837.18,
                    "Plan Rows": 108620,
                    "Plan Width": 4,
                    "Actual Startup Time": 48.804,
                    "Actual Total Time": 65.907,
                    "Actual Rows": 40370,
                    "Actual Loops": 2,
                    "Recheck Cond": "(company_id < 181)",
                    "Rows Removed by Index Recheck": 0,
                    "Filter": "(company_type_id > 1)",
                    "Rows Removed by Filter": 138662,
                    "Exact Heap Blocks": 13179,
                    "Lossy Heap Blocks": 0,
                    "Plans": [
                      {
                        "Node Type": "Bitmap Index Scan",
                        "Parent Relationship": "Outer",
                        "Parallel Aware": false,
                        "Index Name": "company_id_movie_companies",
                        "Startup Cost": 0.0,
                        "Total Cost": 7792.05,
                        "Plan Rows": 363683,
                        "Plan Width": 0,
                        "Actual Startup Time": 14.488,
                        "Actual Total Time": 14.488,
                        "Actual Rows": 358065,
                        "Actual Loops": 1,
                        "Index Cond": "(company_id < 181)"
                      }
                    ]
                  },
                  {
                    "Node Type": "Hash",
                    "Parent Relationship": "Inner",
                    "Parallel Aware": true,
                    "Startup Cost": 54588.39,
                    "Total Cost": 54588.39,
                    "Plan Rows": 71982,
                    "Plan Width": 4,
                    "Actual Startup Time": 173.917,
                    "Actual Total Time": 173.917,
                    "Actual Rows": 61430,
                    "Actual Loops": 2,
                    "Hash Buckets": 131072,
                    "Original Hash Buckets": 131072,
                    "Hash Batches": 1,
                    "Original Hash Batches": 1,
                    "Peak Memory Usage": 5856,
                    "Plans": [
                      {
                        "Node Type": "Seq Scan",
                        "Parent Relationship": "Outer",
                        "Parallel Aware": true,
                        "Relation Name": "title",
                        "Alias": "t",
                        "Startup Cost": 0.0,
                        "Total Cost": 54588.39,
                        "Plan Rows": 71982,
                        "Plan Width": 4,
                        "Actual Startup Time": 0.035,
                        "Actual Total Time": 154.632,
                        "Actual Rows": 61430,
                        "Actual Loops": 2,
                        "Filter": "(production_year = 2008)",
                        "Rows Removed by Filter": 1202726
                      }
                    ]
                  }
                ]
              }
            ]
          }
        ]
      }
    ]
  },
  "Planning Time": 0.511,
  "Triggers": [],
  "Execution Time": 277.154
}