[
  {
    "Plan": {
      "Node Type": "Aggregate",
      "Strategy": "Plain",
      "Partial Mode": "Finalize",
      "Parallel Aware": false,
      "Startup Cost": 44897.56,
      "Total Cost": 44897.57,
      "Plan Rows": 1,
      "Plan Width": 8,
      "Actual Startup Time": 149.397,
      "Actual Total Time": 158.921,
      "Actual Rows": 1,
      "Actual Loops": 1,
      "Plans": [
        {
          "Node Type": "Gather",
          "Parent Relationship": "Outer",
          "Parallel Aware": false,
          "Startup Cost": 44897.24,
          "Total Cost": 44897.55,
          "Plan Rows": 3,
          "Plan Width": 8,
          "Actual Startup Time": 149.271,
          "Actual Total Time": 158.912,
          "Actual Rows": 4,
          "Actual Loops": 1,
          "Workers Planned": 3,
          "Workers Launched": 3,
          "Single Copy": false,
          "Plans": [
            {
              "Node Type": "Aggregate",
              "Strategy": "Plain",
              "Partial Mode": "Partial",
              "Parent Relationship": "Outer",
              "Parallel Aware": false,
              "Startup Cost": 43897.24,
              "Total Cost": 43897.25,
              "Plan Rows": 1,
              "Plan Width": 8,
              "Actual Startup Time": 140.613,
              "Actual Total Time": 140.614,
              "Actual Rows": 1,
              "Actual Loops": 4,
              "Plans": [
                {
                  "Node Type": "Seq Scan",
                  "Parent Relationship": "Outer",
                  "Parallel Aware": true,
                  "Relation Name": "movie_keyword",
                  "Alias": "mk",
                  "Startup Cost": 0.0,
                  "Total Cost": 42695.65,
                  "Plan Rows": 480636,
                  "Plan Width": 0,
                  "Actual Startup Time": 1.767,
                  "Actual Total Time": 120.454,
                  "Actual Rows": 375186,
                  "Actual Loops": 4,
                  "Filter": "(keyword_id > 10827)",
                  "Rows Removed by Filter": 755797
                }
              ]
            }
          ]
        }
      ]
    },
    "Planning Time": 0.168,
    "Triggers": [],
    "Execution Time": 158.976
  }
]