[
  {
    "Plan": {
      "Node Type": "Aggregate",
      "Strategy": "Plain",
      "Partial Mode": "Finalize",
      "Parallel Aware": false,
      "Startup Cost": 73330.14,
      "Total Cost": 73330.15,
      "Plan Rows": 1,
      "Plan Width": 8,
      "Actual Startup Time": 358.993,
      "Actual Total Time": 369.682,
      "Actual Rows": 1,
      "Actual Loops": 1,
      "Plans": [
        {
          "Node Type": "Gather",
          "Parent Relationship": "Outer",
          "Parallel Aware": false,
          "Startup Cost": 73329.82,
          "Total Cost": 73330.13,
          "Plan Rows": 3,
          "Plan Width": 8,
          "Actual Startup Time": 353.741,
          "Actual Total Time": 369.671,
          "Actual Rows": 4,
          "Actual Loops": 1,
          "Workers Planned": 3,
          "Workers Launched": 3,
          "Single Copy": false,
          "Plans": [
            {
              "Node Type": "Aggregate",
              "Strategy": "Plain",
              "Partial Mode": "Partial",
              "Parent Relationship": "Outer",
              "Parallel Aware": false,
              "Startup Cost": 72329.82,
              "Total Cost": 72329.83,
              "Plan Rows": 1,
              "Plan Width": 8,
              "Actual Startup Time": 341.532,
              "Actual Total Time": 341.536,
              "Actual Rows": 1,
              "Actual Loops": 4,
              "Plans": [
                {
                  "Node Type": "Hash Join",
                  "Parent Relationship": "Outer",
                  "Parallel Aware": true,
                  "Join Type": "Inner",
                  "Startup Cost": 52676.54,
                  "Total Cost": 72285.82,
                  "Plan Rows": 17600,
                  "Plan Width": 0,
                  "Actual Startup Time": 307.96,
                  "Actual Total Time": 340.186,
                  "Actual Rows": 26452,
                  "Actual Loops": 4,
                  "Inner Unique": true,
                  "Hash Cond": "(mc.movie_id = t.id)",
                  "Plans": [
                    {
                      "Node Type": "Bitmap Heap Scan",
                      "Parent Relationship": "Outer",
                      "Parallel Aware": true,
                      "Relation Name": "movie_companies",
                      "Alias": "mc",
                      "Startup Cost": 3349.92,
                      "Total Cost": 22891.94,
                      "Plan Rows": 25622,
                      "Plan Width": 4,
                      "Actual Startup Time": 8.234,
                      "Actual Total Time": 20.805,
                      "Actual Rows": 37886,
                      "Actual Loops": 4,
                      "Recheck Cond": "(company_id > 131407)",
                      "Rows Removed by Index Recheck": 0,
                      "Filter": "(company_type_id = 2)",
                      "Rows Removed by Filter": 0,
                      "Exact Heap Blocks": 1146,
                      "Lossy Heap Blocks": 0,
                      "Plans": [
                        {
                          "Node Type": "Bitmap Index Scan",
                          "Parent Relationship": "Outer",
                          "Parallel Aware": false,
                          "Index Name": "company_id_movie_companies",
                          "Startup Cost": 0.0,
                          "Total Cost": 3330.07,
                          "Plan Rows": 155418,
                          "Plan Width": 0,
                          "Actual Startup Time": 7.697,
                          "Actual Total Time": 7.7,
                          "Actual Rows": 151545,
                          "Actual Loops": 1,
                          "Index Cond": "(company_id > 131407)"
                        }
                      ]
                    },
                    {
                      "Node Type": "Hash",
                      "Parent Relationship": "Inner",
                      "Parallel Aware": true,
                      "Startup Cost": 43899.32,
                      "Total Cost": 43899.32,
                      "Plan Rows": 434184,
                      "Plan Width": 4,
                      "Actual Startup Time": 292.764,
                      "Actual Total Time": 292.765,
                      "Actual Rows": 431308,
                      "Actual Loops": 4,
                      "Hash Buckets": 2097152,
                      "Original Hash Buckets": 2097152,
                      "Hash Batches": 1,
                      "Original Hash Batches": 1,
                      "Peak Memory Usage": 83936,
                      "Plans": [
                        {
                          "Node Type": "Seq Scan",
                          "Parent Relationship": "Outer",
                          "Parallel Aware": true,
                          "Relation Name": "title",
                          "Alias": "t",
                          "Startup Cost": 0.0,
                          "Total Cost": 43899.32,
                          "Plan Rows": 434184,
                          "Plan Width": 4,
                          "Actual Startup Time": 0.054,
                          "Actual Total Time": 119.389,
                          "Actual Rows": 431308,
                          "Actual Loops": 4,
                          "Filter": "(production_year > 1991)",
                          "Rows Removed by Filter": 200770
                        }
                      ]
                    }
                  ]
                }
              ]
            }
          ]
        }
      ]
    },
    "Planning Time": 0.505,
    "Triggers": [],
    "Execution Time": 369.749
  }
]