[
  {
    "Plan": {
      "Node Type": "Aggregate",
      "Strategy": "Plain",
      "Partial Mode": "Finalize",
      "Parallel Aware": false,
      "Startup Cost": 85454.82,
      "Total Cost": 85454.83,
      "Plan Rows": 1,
      "Plan Width": 8,
      "Actual Startup Time": 477.912,
      "Actual Total Time": 496.446,
      "Actual Rows": 1,
      "Actual Loops": 1,
      "Plans": [
        {
          "Node Type": "Gather",
          "Parent Relationship": "Outer",
          "Parallel Aware": false,
          "Startup Cost": 85454.51,
          "Total Cost": 85454.82,
          "Plan Rows": 3,
          "Plan Width": 8,
          "Actual Startup Time": 469.155,
          "Actual Total Time": 496.436,
          "Actual Rows": 4,
          "Actual Loops": 1,
          "Workers Planned": 3,
          "Workers Launched": 3,
          "Single Copy": false,
          "Plans": [
            {
              "Node Type": "Aggregate",
              "Strategy": "Plain",
              "Partial Mode": "Partial",
              "Parent Relationship": "Outer",
              "Parallel Aware": false,
              "Startup Cost": 84454.51,
              "Total Cost": 84454.52,
              "Plan Rows": 1,
              "Plan Width": 8,
              "Actual Startup Time": 449.775,
              "Actual Total Time": 449.779,
              "Actual Rows": 1,
              "Actual Loops": 4,
              "Plans": [
                {
                  "Node Type": "Hash Join",
                  "Parent Relationship": "Outer",
                  "Parallel Aware": true,
                  "Join Type": "Inner",
                  "Startup Cost": 57933.57,
                  "Total Cost": 84161.32,
                  "Plan Rows": 117273,
                  "Plan Width": 0,
                  "Actual Startup Time": 367.076,
                  "Actual Total Time": 445.312,
                  "Actual Rows": 87901,
                  "Actual Loops": 4,
                  "Inner Unique": true,
                  "Hash Cond": "(mk.movie_id = t.id)",
                  "Plans": [
                    {
                      "Node Type": "Bitmap Heap Scan",
                      "Parent Relationship": "Outer",
                      "Parallel Aware": true,
                      "Relation Name": "movie_keyword",
                      "Alias": "mk",
                      "Startup Cost": 7713.92,
                      "Total Cost": 33633.84,
                      "Plan Rows": 117273,
                      "Plan Width": 4,
                      "Actual Startup Time": 23.159,
                      "Actual Total Time": 70.169,
                      "Actual Rows": 87901,
                      "Actual Loops": 4,
                      "Recheck Cond": "(keyword_id > 47358)",
                      "Rows Removed by Index Recheck": 0,
                      "Exact Heap Blocks": 6899,
                      "Lossy Heap Blocks": 0,
                      "Plans": [
                        {
                          "Node Type": "Bitmap Index Scan",
                          "Parent Relationship": "Outer",
                          "Parallel Aware": false,
                          "Index Name": "keyword_id_movie_keyword",
                          "Startup Cost": 0.0,
                          "Total Cost": 7623.03,
                          "Plan Rows": 363547,
                          "Plan Width": 0,
                          "Actual Startup Time": 19.789,
                          "Actual Total Time": 19.79,
                          "Actual Rows": 351603,
                          "Actual Loops": 1,
                          "Index Cond": "(keyword_id > 47358)"
                        }
                      ]
                    },
                    {
                      "Node Type": "Hash",
                      "Parent Relationship": "Inner",
                      "Parallel Aware": true,
                      "Startup Cost": 42318.73,
                      "Total Cost": 42318.73,
                      "Plan Rows": 632073,
                      "Plan Width": 4,
                      "Actual Startup Time": 332.45,
                      "Actual Total Time": 332.451,
                      "Actual Rows": 632078,
                      "Actual Loops": 4,
                      "Hash Buckets": 4194304,
                      "Original Hash Buckets": 4194304,
                      "Hash Batches": 1,
                      "Original Hash Batches": 1,
                      "Peak Memory Usage": 131744,
                      "Plans": [
                        {
                          "Node Type": "Seq Scan",
                          "Parent Relationship": "Outer",
                          "Parallel Aware": true,
                          "Relation Name": "title",
                          "Alias": "t",
                          "Startup Cost": 0.0,
                          "Total Cost": 42318.73,
                          "Plan Rows": 632073,
                          "Plan Width": 4,
                          "Actual Startup Time": 0.037,
                          "Actual Total Time": 95.976,
                          "Actual Rows": 632078,
                          "Actual Loops": 4
                        }
                      ]
                    }
                  ]
                }
              ]
            }
          ]
        }
      ]
    },
    "Planning Time": 0.544,
    "Triggers": [],
    "Execution Time": 496.531
  }
]