[
  {
    "Plan": {
      "Node Type": "Aggregate",
      "Strategy": "Plain",
      "Partial Mode": "Finalize",
      "Parallel Aware": false,
      "Startup Cost": 332958.88,
      "Total Cost": 332958.89,
      "Plan Rows": 1,
      "Plan Width": 8,
      "Actual Startup Time": 697.108,
      "Actual Total Time": 763.946,
      "Actual Rows": 1,
      "Actual Loops": 1,
      "Plans": [
        {
          "Node Type": "Gather",
          "Parent Relationship": "Outer",
          "Parallel Aware": false,
          "Startup Cost": 332958.26,
          "Total Cost": 332958.87,
          "Plan Rows": 6,
          "Plan Width": 8,
          "Actual Startup Time": 696.98,
          "Actual Total Time": 763.931,
          "Actual Rows": 7,
          "Actual Loops": 1,
          "Workers Planned": 6,
          "Workers Launched": 6,
          "Single Copy": false,
          "Plans": [
            {
              "Node Type": "Aggregate",
              "Strategy": "Plain",
              "Partial Mode": "Partial",
              "Parent Relationship": "Outer",
              "Parallel Aware": false,
              "Startup Cost": 331958.26,
              "Total Cost": 331958.27,
              "Plan Rows": 1,
              "Plan Width": 8,
              "Actual Startup Time": 686.275,
              "Actual Total Time": 686.277,
              "Actual Rows": 1,
              "Actual Loops": 7,
              "Plans": [
                {
                  "Node Type": "Seq Scan",
                  "Parent Relationship": "Outer",
                  "Parallel Aware": true,
                  "Relation Name": "cast_info",
                  "Alias": "ci",
                  "Startup Cost": 0.0,
                  "Total Cost": 328211.39,
                  "Plan Rows": 1498747,
                  "Plan Width": 0,
                  "Actual Startup Time": 344.76,
                  "Actual Total Time": 623.477,
                  "Actual Rows": 1265051,
                  "Actual Loops": 7,
                  "Filter": "(person_id > 2806965)",
                  "Rows Removed by Filter": 3912713
                }
              ]
            }
          ]
        }
      ]
    },
    "Planning Time": 0.235,
    "Triggers": [],
    "Execution Time": 764.023
  }
]