[
    {
        "Bao": {
            "Bao prediction": "NaN",
            "Bao recommended hint": "(no hint)"
        }
    },
    {
        "Plan": {
            "Node Type": "Aggregate",
            "Strategy": "Plain",
            "Partial Mode": "Finalize",
            "Parallel Aware": false,
            "Startup Cost": 393094.28,
            "Total Cost": 393094.29,
            "Plan Rows": 1,
            "Plan Width": 8,
            "Actual Startup Time": 781.992,
            "Actual Total Time": 816.044,
            "Actual Rows": 1,
            "Actual Loops": 1,
            "Output": [
                "count(*)"
            ],
            "Plans": [
                {
                    "Node Type": "Gather",
                    "Parent Relationship": "Outer",
                    "Parallel Aware": false,
                    "Startup Cost": 393093.65,
                    "Total Cost": 393094.26,
                    "Plan Rows": 6,
                    "Plan Width": 8,
                    "Actual Startup Time": 781.136,
                    "Actual Total Time": 816.035,
                    "Actual Rows": 7,
                    "Actual Loops": 1,
                    "Output": [
                        "(PARTIAL count(*))"
                    ],
                    "Workers Planned": 6,
                    "Workers Launched": 6,
                    "Single Copy": false,
                    "Plans": [
                        {
                            "Node Type": "Aggregate",
                            "Strategy": "Plain",
                            "Partial Mode": "Partial",
                            "Parent Relationship": "Outer",
                            "Parallel Aware": false,
                            "Startup Cost": 392093.65,
                            "Total Cost": 392093.66,
                            "Plan Rows": 1,
                            "Plan Width": 8,
                            "Actual Startup Time": 771.087,
                            "Actual Total Time": 771.09,
                            "Actual Rows": 1,
                            "Actual Loops": 7,
                            "Output": [
                                "PARTIAL count(*)"
                            ],
                            "Workers": [
                                {
                                    "Worker Number": 0,
                                    "Actual Startup Time": 768.869,
                                    "Actual Total Time": 768.871,
                                    "Actual Rows": 1,
                                    "Actual Loops": 1
                                },
                                {
                                    "Worker Number": 1,
                                    "Actual Startup Time": 769.091,
                                    "Actual Total Time": 769.093,
                                    "Actual Rows": 1,
                                    "Actual Loops": 1
                                },
                                {
                                    "Worker Number": 2,
                                    "Actual Startup Time": 769.308,
                                    "Actual Total Time": 769.31,
                                    "Actual Rows": 1,
                                    "Actual Loops": 1
                                },
                                {
                                    "Worker Number": 3,
                                    "Actual Startup Time": 769.265,
                                    "Actual Total Time": 769.267,
                                    "Actual Rows": 1,
                                    "Actual Loops": 1
                                },
                                {
                                    "Worker Number": 4,
                                    "Actual Startup Time": 770.148,
                                    "Actual Total Time": 770.15,
                                    "Actual Rows": 1,
                                    "Actual Loops": 1
                                },
                                {
                                    "Worker Number": 5,
                                    "Actual Startup Time": 770.158,
                                    "Actual Total Time": 770.161,
                                    "Actual Rows": 1,
                                    "Actual Loops": 1
                                }
                            ],
                            "Plans": [
                                {
                                    "Node Type": "Hash Join",
                                    "Parent Relationship": "Outer",
                                    "Parallel Aware": true,
                                    "Join Type": "Inner",
                                    "Startup Cost": 44277.73,
                                    "Total Cost": 391897.32,
                                    "Plan Rows": 78531,
                                    "Plan Width": 0,
                                    "Actual Startup Time": 295.247,
                                    "Actual Total Time": 768.893,
                                    "Actual Rows": 31526,
                                    "Actual Loops": 7,
                                    "Inner Unique": true,
                                    "Hash Cond": "(ci.movie_id = t.id)",
                                    "Workers": [
                                        {
                                            "Worker Number": 0,
                                            "Actual Startup Time": 282.067,
                                            "Actual Total Time": 766.542,
                                            "Actual Rows": 23345,
                                            "Actual Loops": 1
                                        },
                                        {
                                            "Worker Number": 1,
                                            "Actual Startup Time": 312.075,
                                            "Actual Total Time": 766.983,
                                            "Actual Rows": 35228,
                                            "Actual Loops": 1
                                        },
                                        {
                                            "Worker Number": 2,
                                            "Actual Startup Time": 300.417,
                                            "Actual Total Time": 766.974,
                                            "Actual Rows": 24156,
                                            "Actual Loops": 1
                                        },
                                        {
                                            "Worker Number": 3,
                                            "Actual Startup Time": 306.648,
                                            "Actual Total Time": 767.136,
                                            "Actual Rows": 34528,
                                            "Actual Loops": 1
                                        },
                                        {
                                            "Worker Number": 4,
                                            "Actual Startup Time": 283.369,
                                            "Actual Total Time": 767.98,
                                            "Actual Rows": 35466,
                                            "Actual Loops": 1
                                        },
                                        {
                                            "Worker Number": 5,
                                            "Actual Startup Time": 288.236,
                                            "Actual Total Time": 767.873,
                                            "Actual Rows": 22667,
                                            "Actual Loops": 1
                                        }
                                    ],
                                    "Plans": [
                                        {
                                            "Node Type": "Seq Scan",
                                            "Parent Relationship": "Outer",
                                            "Parallel Aware": true,
                                            "Relation Name": "cast_info",
                                            "Schema": "public",
                                            "Alias": "ci",
                                            "Startup Cost": 0.0,
                                            "Total Cost": 343318.94,
                                            "Plan Rows": 1638340,
                                            "Plan Width": 4,
                                            "Actual Startup Time": 208.702,
                                            "Actual Total Time": 596.846,
                                            "Actual Rows": 604441,
                                            "Actual Loops": 7,
                                            "Output": [
                                                "ci.id",
                                                "ci.person_id",
                                                "ci.movie_id",
                                                "ci.person_role_id",
                                                "ci.note",
                                                "ci.nr_order",
                                                "ci.role_id"
                                            ],
                                            "Filter": "((ci.person_id < 1492343) AND (ci.role_id > 1))",
                                            "Rows Removed by Filter": 4573322,
                                            "Workers": [
                                                {
                                                    "Worker Number": 0,
                                                    "Actual Startup Time": 206.024,
                                                    "Actual Total Time": 598.367,
                                                    "Actual Rows": 447343,
                                                    "Actual Loops": 1
                                                },
                                                {
                                                    "Worker Number": 1,
                                                    "Actual Startup Time": 206.205,
                                                    "Actual Total Time": 596.845,
                                                    "Actual Rows": 685558,
                                                    "Actual Loops": 1
                                                },
                                                {
                                                    "Worker Number": 2,
                                                    "Actual Startup Time": 221.045,
                                                    "Actual Total Time": 598.612,
                                                    "Actual Rows": 442283,
                                                    "Actual Loops": 1
                                                },
                                                {
                                                    "Worker Number": 3,
                                                    "Actual Startup Time": 206.088,
                                                    "Actual Total Time": 593.356,
                                                    "Actual Rows": 670027,
                                                    "Actual Loops": 1
                                                },
                                                {
                                                    "Worker Number": 4,
                                                    "Actual Startup Time": 207.289,
                                                    "Actual Total Time": 596.725,
                                                    "Actual Rows": 683782,
                                                    "Actual Loops": 1
                                                },
                                                {
                                                    "Worker Number": 5,
                                                    "Actual Startup Time": 208.34,
                                                    "Actual Total Time": 599.158,
                                                    "Actual Rows": 437973,
                                                    "Actual Loops": 1
                                                }
                                            ]
                                        },
                                        {
                                            "Node Type": "Hash",
                                            "Parent Relationship": "Inner",
                                            "Parallel Aware": true,
                                            "Startup Cost": 43899.01,
                                            "Total Cost": 43899.01,
                                            "Plan Rows": 30298,
                                            "Plan Width": 4,
                                            "Actual Startup Time": 75.973,
                                            "Actual Total Time": 75.974,
                                            "Actual Rows": 17552,
                                            "Actual Loops": 7,
                                            "Output": [
                                                "t.id"
                                            ],
                                            "Hash Buckets": 131072,
                                            "Original Hash Buckets": 131072,
                                            "Hash Batches": 1,
                                            "Original Hash Batches": 1,
                                            "Peak Memory Usage": 5952,
                                            "Workers": [
                                                {
                                                    "Worker Number": 0,
                                                    "Actual Startup Time": 73.717,
                                                    "Actual Total Time": 73.717,
                                                    "Actual Rows": 11639,
                                                    "Actual Loops": 1
                                                },
                                                {
                                                    "Worker Number": 1,
                                                    "Actual Startup Time": 74.031,
                                                    "Actual Total Time": 74.032,
                                                    "Actual Rows": 15753,
                                                    "Actual Loops": 1
                                                },
                                                {
                                                    "Worker Number": 2,
                                                    "Actual Startup Time": 74.217,
                                                    "Actual Total Time": 74.218,
                                                    "Actual Rows": 11281,
                                                    "Actual Loops": 1
                                                },
                                                {
                                                    "Worker Number": 3,
                                                    "Actual Startup Time": 74.191,
                                                    "Actual Total Time": 74.192,
                                                    "Actual Rows": 13699,
                                                    "Actual Loops": 1
                                                },
                                                {
                                                    "Worker Number": 4,
                                                    "Actual Startup Time": 75.115,
                                                    "Actual Total Time": 75.116,
                                                    "Actual Rows": 15722,
                                                    "Actual Loops": 1
                                                },
                                                {
                                                    "Worker Number": 5,
                                                    "Actual Startup Time": 75.127,
                                                    "Actual Total Time": 75.128,
                                                    "Actual Rows": 11820,
                                                    "Actual Loops": 1
                                                }
                                            ],
                                            "Plans": [
                                                {
                                                    "Node Type": "Seq Scan",
                                                    "Parent Relationship": "Outer",
                                                    "Parallel Aware": true,
                                                    "Relation Name": "title",
                                                    "Schema": "public",
                                                    "Alias": "t",
                                                    "Startup Cost": 0.0,
                                                    "Total Cost": 43899.01,
                                                    "Plan Rows": 30298,
                                                    "Plan Width": 4,
                                                    "Actual Startup Time": 0.063,
                                                    "Actual Total Time": 68.478,
                                                    "Actual Rows": 17552,
                                                    "Actual Loops": 7,
                                                    "Output": [
                                                        "t.id"
                                                    ],
                                                    "Filter": "(t.production_year = 2008)",
                                                    "Rows Removed by Filter": 343636,
                                                    "Workers": [
                                                        {
                                                            "Worker Number": 0,
                                                            "Actual Startup Time": 0.09,
                                                            "Actual Total Time": 67.345,
                                                            "Actual Rows": 11639,
                                                            "Actual Loops": 1
                                                        },
                                                        {
                                                            "Worker Number": 1,
                                                            "Actual Startup Time": 0.061,
                                                            "Actual Total Time": 66.906,
                                                            "Actual Rows": 15753,
                                                            "Actual Loops": 1
                                                        },
                                                        {
                                                            "Worker Number": 2,
                                                            "Actual Startup Time": 0.064,
                                                            "Actual Total Time": 67.523,
                                                            "Actual Rows": 11281,
                                                            "Actual Loops": 1
                                                        },
                                                        {
                                                            "Worker Number": 3,
                                                            "Actual Startup Time": 0.061,
                                                            "Actual Total Time": 67.314,
                                                            "Actual Rows": 13699,
                                                            "Actual Loops": 1
                                                        },
                                                        {
                                                            "Worker Number": 4,
                                                            "Actual Startup Time": 0.073,
                                                            "Actual Total Time": 68.487,
                                                            "Actual Rows": 15722,
                                                            "Actual Loops": 1
                                                        },
                                                        {
                                                            "Worker Number": 5,
                                                            "Actual Startup Time": 0.078,
                                                            "Actual Total Time": 67.753,
                                                            "Actual Rows": 11820,
                                                            "Actual Loops": 1
                                                        }
                                                    ]
                                                }
                                            ]
                                        }
                                    ]
                                }
                            ]
                        }
                    ]
                }
            ]
        },
        "Planning Time": 193.275,
        "Triggers": [],
        "Execution Time": 816.099
    }
]