[
    {
        "Bao": {
            "Bao prediction": 446.265,
            "Bao recommended hint": "(no hint)"
        }
    },
    {
        "Plan": {
            "Node Type": "Aggregate",
            "Strategy": "Plain",
            "Partial Mode": "Finalize",
            "Parallel Aware": false,
            "Startup Cost": 44386.91,
            "Total Cost": 44386.92,
            "Plan Rows": 1,
            "Plan Width": 8,
            "Actual Startup Time": 143.614,
            "Actual Total Time": 152.023,
            "Actual Rows": 1,
            "Actual Loops": 1,
            "Output": [
                "count(*)"
            ],
            "Plans": [
                {
                    "Node Type": "Gather",
                    "Parent Relationship": "Outer",
                    "Parallel Aware": false,
                    "Startup Cost": 44386.59,
                    "Total Cost": 44386.9,
                    "Plan Rows": 3,
                    "Plan Width": 8,
                    "Actual Startup Time": 143.5,
                    "Actual Total Time": 152.015,
                    "Actual Rows": 4,
                    "Actual Loops": 1,
                    "Output": [
                        "(PARTIAL count(*))"
                    ],
                    "Workers Planned": 3,
                    "Workers Launched": 3,
                    "Single Copy": false,
                    "Plans": [
                        {
                            "Node Type": "Aggregate",
                            "Strategy": "Plain",
                            "Partial Mode": "Partial",
                            "Parent Relationship": "Outer",
                            "Parallel Aware": false,
                            "Startup Cost": 43386.59,
                            "Total Cost": 43386.6,
                            "Plan Rows": 1,
                            "Plan Width": 8,
                            "Actual Startup Time": 135.507,
                            "Actual Total Time": 135.508,
                            "Actual Rows": 1,
                            "Actual Loops": 4,
                            "Output": [
                                "PARTIAL count(*)"
                            ],
                            "Workers": [
                                {
                                    "Worker Number": 0,
                                    "Actual Startup Time": 133.251,
                                    "Actual Total Time": 133.252,
                                    "Actual Rows": 1,
                                    "Actual Loops": 1
                                },
                                {
                                    "Worker Number": 1,
                                    "Actual Startup Time": 132.211,
                                    "Actual Total Time": 132.212,
                                    "Actual Rows": 1,
                                    "Actual Loops": 1
                                },
                                {
                                    "Worker Number": 2,
                                    "Actual Startup Time": 133.644,
                                    "Actual Total Time": 133.645,
                                    "Actual Rows": 1,
                                    "Actual Loops": 1
                                }
                            ],
                            "Plans": [
                                {
                                    "Node Type": "Seq Scan",
                                    "Parent Relationship": "Outer",
                                    "Parallel Aware": true,
                                    "Relation Name": "movie_keyword",
                                    "Schema": "public",
                                    "Alias": "mk",
                                    "Startup Cost": 0.0,
                                    "Total Cost": 42695.65,
                                    "Plan Rows": 276374,
                                    "Plan Width": 0,
                                    "Actual Startup Time": 5.024,
                                    "Actual Total Time": 121.13,
                                    "Actual Rows": 210555,
                                    "Actual Loops": 4,
                                    "Output": [
                                        "id",
                                        "movie_id",
                                        "keyword_id"
                                    ],
                                    "Filter": "(mk.keyword_id > 21787)",
                                    "Rows Removed by Filter": 920428,
                                    "Workers": [
                                        {
                                            "Worker Number": 0,
                                            "Actual Startup Time": 2.777,
                                            "Actual Total Time": 119.312,
                                            "Actual Rows": 174885,
                                            "Actual Loops": 1
                                        },
                                        {
                                            "Worker Number": 1,
                                            "Actual Startup Time": 1.739,
                                            "Actual Total Time": 118.506,
                                            "Actual Rows": 173350,
                                            "Actual Loops": 1
                                        },
                                        {
                                            "Worker Number": 2,
                                            "Actual Startup Time": 3.151,
                                            "Actual Total Time": 119.761,
                                            "Actual Rows": 175549,
                                            "Actual Loops": 1
                                        }
                                    ]
                                }
                            ]
                        }
                    ]
                }
            ]
        },
        "Planning Time": 1217.86,
        "Triggers": [],
        "Execution Time": 152.103
    }
]