{
  "Plan": {
    "Node Type": "Aggregate",
    "Strategy": "Plain",
    "Partial Mode": "Finalize",
    "Parallel Aware": false,
    "Startup Cost": 375161.06,
    "Total Cost": 375161.07,
    "Plan Rows": 1,
    "Plan Width": 8,
    "Actual Startup Time": 790.504,
    "Actual Total Time": 810.103,
    "Actual Rows": 1,
    "Actual Loops": 1,
    "Plans": [
      {
        "Node Type": "Gather",
        "Parent Relationship": "Outer",
        "Parallel Aware": false,
        "Startup Cost": 375160.95,
        "Total Cost": 375161.06,
        "Plan Rows": 1,
        "Plan Width": 8,
        "Actual Startup Time": 787.105,
        "Actual Total Time": 810.093,
        "Actual Rows": 2,
        "Actual Loops": 1,
        "Workers Planned": 1,
        "Workers Launched": 1,
        "Single Copy": false,
        "Plans": [
          {
            "Node Type": "Aggregate",
            "Strategy": "Plain",
            "Partial Mode": "Partial",
            "Parent Relationship": "Outer",
            "Parallel Aware": false,
            "Startup Cost": 374160.95,
            "Total Cost": 374160.96,
            "Plan Rows": 1,
            "Plan Width": 8,
            "Actual Startup Time": 781.168,
            "Actual Total Time": 781.473,
            "Actual Rows": 1,
            "Actual Loops": 2,
            "Plans": [
              {
                "Node Type": "Hash Join",
                "Parent Relationship": "Outer",
                "Parallel Aware": true,
                "Join Type": "Inner",
                "Startup Cost": 109428.68,
                "Total Cost": 373934.87,
                "Plan Rows": 90432,
                "Plan Width": 0,
                "Actual Startup Time": 538.846,
                "Actual Total Time": 764.121,
                "Actual Rows": 341172,
                "Actual Loops": 2,
                "Inner Unique": false,
                "Hash Cond": "(ci.movie_id = t.id)",
                "Plans": [
                  {
                    "Node Type": "Bitmap Heap Scan",
                    "Parent Relationship": "Outer",
                    "Parallel Aware": true,
                    "Relation Name": "cast_info",
                    "Alias": "ci",
                    "Startup Cost": 26083.91,
                    "Total Cost": 287453.4,
                    "Plan Rows": 694599,
                    "Plan Width": 4,
                    "Actual Startup Time": 37.756,
                    "Actual Total Time": 117.589,
                    "Actual Rows": 575860,
                    "Actual Loops": 2,
                    "Recheck Cond": "(person_id > 3838472)",
                    "Rows Removed by Index Recheck": 0,
                    "Exact Heap Blocks": 10321,
                    "Lossy Heap Blocks": 0,
                    "Plans": [
                      {
                        "Node Type": "Bitmap Index Scan",
                        "Parent Relationship": "Outer",
                        "Parallel Aware": false,
                        "Index Name": "person_id_cast_info",
                        "Startup Cost": 0.0,
                        "Total Cost": 25788.71,
                        "Plan Rows": 1180819,
                        "Plan Width": 0,
                        "Actual Startup Time": 35.302,
                        "Actual Total Time": 35.303,
                        "Actual Rows": 1151721,
                        "Actual Loops": 1,
                        "Index Cond": "(person_id > 3838472)"
                      }
                    ]
                  },
                  {
                    "Node Type": "Hash",
                    "Parent Relationship": "Inner",
                    "Parallel Aware": true,
                    "Startup Cost": 80924.43,
                    "Total Cost": 80924.43,
                    "Plan Rows": 193627,
                    "Plan Width": 8,
                    "Actual Startup Time": 495.654,
                    "Actual Total Time": 495.957,
                    "Actual Rows": 250314,
                    "Actual Loops": 2,
                    "Hash Buckets": 524288,
                    "Original Hash Buckets": 524288,
                    "Hash Batches": 1,
                    "Original Hash Batches": 1,
                    "Peak Memory Usage": 23712,
                    "Plans": [
                      {
                        "Node Type": "Hash Join",
                        "Parent Relationship": "Outer",
                        "Parallel Aware": true,
                        "Join Type": "Inner",
                        "Startup Cost": 62740.64,
                        "Total Cost": 80924.43,
                        "Plan Rows": 193627,
                        "Plan Width": 8,
                        "Actual Startup Time": 256.993,
                        "Actual Total Time": 441.095,
                        "Actual Rows": 250314,
                        "Actual Loops": 2,
                        "Inner Unique": true,
                        "Hash Cond": "(mi_idx.movie_id = t.id)",
                        "Plans": [
                          {
                            "Node Type": "Seq Scan",
                            "Parent Relationship": "Outer",
                            "Parallel Aware": true,
                            "Relation Name": "movie_info_idx",
                            "Alias": "mi_idx",
                            "Startup Cost": 0.0,
                            "Total Cost": 16052.85,
                            "Plan Rows": 811785,
                            "Plan Width": 4,
                            "Actual Startup Time": 0.021,
                            "Actual Total Time": 60.156,
                            "Actual Rows": 690018,
                            "Actual Loops": 2
                          },
                          {
                            "Node Type": "Hash",
                            "Parent Relationship": "Inner",
                            "Parallel Aware": true,
                            "Startup Cost": 58306.47,
                            "Total Cost": 58306.47,
                            "Plan Rows": 354734,
                            "Plan Width": 4,
                            "Actual Startup Time": 250.051,
                            "Actual Total Time": 250.052,
                            "Actual Rows": 253704,
                            "Actual Loops": 2,
                            "Hash Buckets": 1048576,
                            "Original Hash Buckets": 1048576,
                            "Hash Batches": 1,
                            "Original Hash Batches": 1,
                            "Peak Memory Usage": 28064,
                            "Plans": [
                              {
                                "Node Type": "Seq Scan",
                                "Parent Relationship": "Outer",
                                "Parallel Aware": true,
                                "Relation Name": "title",
                                "Alias": "t",
                                "Startup Cost": 0.0,
                                "Total Cost": 58306.47,
                                "Plan Rows": 354734,
                                "Plan Width": 4,
                                "Actual Startup Time": 0.04,
                                "Actual Total Time": 171.724,
                                "Actual Rows": 253704,
                                "Actual Loops": 2,
                                "Filter": "((kind_id < 7) AND (production_year > 1997))",
                                "Rows Removed by Filter": 1010452
                              }
                            ]
                          }
                        ]
                      }
                    ]
                  }
                ]
              }
            ]
          }
        ]
      }
    ]
  },
  "Planning Time": 1.108,
  "Triggers": [],
  "Execution Time": 810.203
}