{
  "Plan": {
    "Node Type": "Aggregate",
    "Strategy": "Plain",
    "Partial Mode": "Finalize",
    "Parallel Aware": false,
    "Startup Cost": 605762.72,
    "Total Cost": 605762.73,
    "Plan Rows": 1,
    "Plan Width": 8,
    "Actual Startup Time": 2534.584,
    "Actual Total Time": 2562.683,
    "Actual Rows": 1,
    "Actual Loops": 1,
    "Plans": [
      {
        "Node Type": "Gather",
        "Parent Relationship": "Outer",
        "Parallel Aware": false,
        "Startup Cost": 605762.61,
        "Total Cost": 605762.72,
        "Plan Rows": 1,
        "Plan Width": 8,
        "Actual Startup Time": 2525.063,
        "Actual Total Time": 2562.673,
        "Actual Rows": 2,
        "Actual Loops": 1,
        "Workers Planned": 1,
        "Workers Launched": 1,
        "Single Copy": false,
        "Plans": [
          {
            "Node Type": "Aggregate",
            "Strategy": "Plain",
            "Partial Mode": "Partial",
            "Parent Relationship": "Outer",
            "Parallel Aware": false,
            "Startup Cost": 604762.61,
            "Total Cost": 604762.62,
            "Plan Rows": 1,
            "Plan Width": 8,
            "Actual Startup Time": 2518.884,
            "Actual Total Time": 2518.889,
            "Actual Rows": 1,
            "Actual Loops": 2,
            "Plans": [
              {
                "Node Type": "Merge Join",
                "Parent Relationship": "Outer",
                "Parallel Aware": false,
                "Join Type": "Inner",
                "Startup Cost": 457703.26,
                "Total Cost": 603085.32,
                "Plan Rows": 670916,
                "Plan Width": 0,
                "Actual Startup Time": 1928.906,
                "Actual Total Time": 2492.258,
                "Actual Rows": 639992,
                "Actual Loops": 2,
                "Inner Unique": false,
                "Merge Cond": "(mc.movie_id = t.id)",
                "Plans": [
                  {
                    "Node Type": "Index Only Scan",
                    "Parent Relationship": "Outer",
                    "Parallel Aware": true,
                    "Scan Direction": "Forward",
                    "Index Name": "movie_id_movie_companies",
                    "Relation Name": "movie_companies",
                    "Alias": "mc",
                    "Startup Cost": 0.43,
                    "Total Cost": 129315.97,
                    "Plan Rows": 1534782,
                    "Plan Width": 4,
                    "Actual Startup Time": 0.115,
                    "Actual Total Time": 331.945,
                    "Actual Rows": 1304564,
                    "Actual Loops": 2,
                    "Heap Fetches": 2609129
                  },
                  {
                    "Node Type": "Sort",
                    "Parent Relationship": "Inner",
                    "Parallel Aware": false,
                    "Startup Cost": 457702.72,
                    "Total Cost": 460465.77,
                    "Plan Rows": 1105221,
                    "Plan Width": 8,
                    "Actual Startup Time": 1928.711,
                    "Actual Total Time": 1984.039,
                    "Actual Rows": 1603989,
                    "Actual Loops": 2,
                    "Sort Key": [
                      "t.id"
                    ],
                    "Sort Method": "quicksort",
                    "Sort Space Used": 103224,
                    "Sort Space Type": "Memory",
                    "Workers": [
                      {
                        "Worker Number": 0,
                        "Sort Method": "quicksort",
                        "Sort Space Used": 103224,
                        "Sort Space Type": "Memory"
                      }
                    ],
                    "Plans": [
                      {
                        "Node Type": "Hash Join",
                        "Parent Relationship": "Outer",
                        "Parallel Aware": false,
                        "Join Type": "Inner",
                        "Startup Cost": 139659.99,
                        "Total Cost": 346761.17,
                        "Plan Rows": 1105221,
                        "Plan Width": 8,
                        "Actual Startup Time": 611.326,
                        "Actual Total Time": 1675.362,
                        "Actual Rows": 1153518,
                        "Actual Loops": 2,
                        "Inner Unique": true,
                        "Hash Cond": "(mi.movie_id = t.id)",
                        "Plans": [
                          {
                            "Node Type": "Bitmap Heap Scan",
                            "Parent Relationship": "Outer",
                            "Parallel Aware": false,
                            "Relation Name": "movie_info",
                            "Alias": "mi",
                            "Startup Cost": 54025.71,
                            "Total Cost": 253298.18,
                            "Plan Rows": 2982358,
                            "Plan Width": 4,
                            "Actual Startup Time": 110.725,
                            "Actual Total Time": 363.952,
                            "Actual Rows": 3036719,
                            "Actual Loops": 2,
                            "Recheck Cond": "(info_type_id = 16)",
                            "Rows Removed by Index Recheck": 0,
                            "Exact Heap Blocks": 25448,
                            "Lossy Heap Blocks": 0,
                            "Plans": [
                              {
                                "Node Type": "Bitmap Index Scan",
                                "Parent Relationship": "Outer",
                                "Parallel Aware": false,
                                "Index Name": "info_type_id_movie_info",
                                "Startup Cost": 0.0,
                                "Total Cost": 53280.12,
                                "Plan Rows": 2982358,
                                "Plan Width": 0,
                                "Actual Startup Time": 107.275,
                                "Actual Total Time": 107.276,
                                "Actual Rows": 3036719,
                                "Actual Loops": 2,
                                "Index Cond": "(info_type_id = 16)"
                              }
                            ]
                          },
                          {
                            "Node Type": "Hash",
                            "Parent Relationship": "Inner",
                            "Parallel Aware": false,
                            "Startup Cost": 73922.39,
                            "Total Cost": 73922.39,
                            "Plan Rows": 936951,
                            "Plan Width": 4,
                            "Actual Startup Time": 496.698,
                            "Actual Total Time": 496.699,
                            "Actual Rows": 1011017,
                            "Actual Loops": 2,
                            "Hash Buckets": 1048576,
                            "Original Hash Buckets": 1048576,
                            "Hash Batches": 1,
                            "Original Hash Batches": 1,
                            "Peak Memory Usage": 43736,
                            "Plans": [
                              {
                                "Node Type": "Seq Scan",
                                "Parent Relationship": "Outer",
                                "Parallel Aware": false,
                                "Relation Name": "title",
                                "Alias": "t",
                                "Startup Cost": 0.0,
                                "Total Cost": 73922.39,
                                "Plan Rows": 936951,
                                "Plan Width": 4,
                                "Actual Startup Time": 0.032,
                                "Actual Total Time": 284.515,
                                "Actual Rows": 1011017,
                                "Actual Loops": 2,
                                "Filter": "((kind_id > 2) AND (production_year > 2001))",
                                "Rows Removed by Filter": 1517295
                              }
                            ]
                          }
                        ]
                      }
                    ]
                  }
                ]
              }
            ]
          }
        ]
      }
    ]
  },
  "Planning Time": 1.098,
  "Triggers": [],
  "Execution Time": 2581.546
}