{
  "Plan": {
    "Node Type": "Aggregate",
    "Strategy": "Plain",
    "Partial Mode": "Finalize",
    "Parallel Aware": false,
    "Startup Cost": 330802.46,
    "Total Cost": 330802.47,
    "Plan Rows": 1,
    "Plan Width": 8,
    "Actual Startup Time": 2241.77,
    "Actual Total Time": 2284.804,
    "Actual Rows": 1,
    "Actual Loops": 1,
    "Plans": [
      {
        "Node Type": "Gather",
        "Parent Relationship": "Outer",
        "Parallel Aware": false,
        "Startup Cost": 330802.35,
        "Total Cost": 330802.46,
        "Plan Rows": 1,
        "Plan Width": 8,
        "Actual Startup Time": 2227.199,
        "Actual Total Time": 2284.791,
        "Actual Rows": 2,
        "Actual Loops": 1,
        "Workers Planned": 1,
        "Workers Launched": 1,
        "Single Copy": false,
        "Plans": [
          {
            "Node Type": "Aggregate",
            "Strategy": "Plain",
            "Partial Mode": "Partial",
            "Parent Relationship": "Outer",
            "Parallel Aware": false,
            "Startup Cost": 329802.35,
            "Total Cost": 329802.36,
            "Plan Rows": 1,
            "Plan Width": 8,
            "Actual Startup Time": 2215.968,
            "Actual Total Time": 2218.137,
            "Actual Rows": 1,
            "Actual Loops": 2,
            "Plans": [
              {
                "Node Type": "Hash Join",
                "Parent Relationship": "Outer",
                "Parallel Aware": true,
                "Join Type": "Inner",
                "Startup Cost": 156158.66,
                "Total Cost": 329472.11,
                "Plan Rows": 132094,
                "Plan Width": 0,
                "Actual Startup Time": 1621.28,
                "Actual Total Time": 2008.821,
                "Actual Rows": 4227977,
                "Actual Loops": 2,
                "Inner Unique": false,
                "Hash Cond": "(mi.movie_id = t.id)",
                "Plans": [
                  {
                    "Node Type": "Bitmap Heap Scan",
                    "Parent Relationship": "Outer",
                    "Parallel Aware": true,
                    "Relation Name": "movie_info",
                    "Alias": "mi",
                    "Startup Cost": 3607.36,
                    "Total Cost": 175558.24,
                    "Plan Rows": 117110,
                    "Plan Width": 4,
                    "Actual Startup Time": 11.137,
                    "Actual Total Time": 33.514,
                    "Actual Rows": 90056,
                    "Actual Loops": 2,
                    "Recheck Cond": "(info_type_id = 13)",
                    "Rows Removed by Index Recheck": 0,
                    "Exact Heap Blocks": 3655,
                    "Lossy Heap Blocks": 0,
                    "Plans": [
                      {
                        "Node Type": "Bitmap Index Scan",
                        "Parent Relationship": "Outer",
                        "Parallel Aware": false,
                        "Index Name": "info_type_id_movie_info",
                        "Startup Cost": 0.0,
                        "Total Cost": 3557.59,
                        "Plan Rows": 199087,
                        "Plan Width": 0,
                        "Actual Startup Time": 10.361,
                        "Actual Total Time": 10.362,
                        "Actual Rows": 180112,
                        "Actual Loops": 1,
                        "Index Cond": "(info_type_id = 13)"
                      }
                    ]
                  },
                  {
                    "Node Type": "Hash",
                    "Parent Relationship": "Inner",
                    "Parallel Aware": true,
                    "Startup Cost": 131582.38,
                    "Total Cost": 131582.38,
                    "Plan Rows": 1677514,
                    "Plan Width": 8,
                    "Actual Startup Time": 1587.691,
                    "Actual Total Time": 1589.857,
                    "Actual Rows": 1422430,
                    "Actual Loops": 2,
                    "Hash Buckets": 4194304,
                    "Original Hash Buckets": 4194304,
                    "Hash Batches": 1,
                    "Original Hash Batches": 1,
                    "Peak Memory Usage": 144096,
                    "Plans": [
                      {
                        "Node Type": "Hash Join",
                        "Parent Relationship": "Outer",
                        "Parallel Aware": true,
                        "Join Type": "Inner",
                        "Startup Cost": 69460.7,
                        "Total Cost": 131582.38,
                        "Plan Rows": 1677514,
                        "Plan Width": 8,
                        "Actual Startup Time": 674.539,
                        "Actual Total Time": 1264.75,
                        "Actual Rows": 1422430,
                        "Actual Loops": 2,
                        "Inner Unique": true,
                        "Hash Cond": "(mk.movie_id = t.id)",
                        "Plans": [
                          {
                            "Node Type": "Seq Scan",
                            "Parent Relationship": "Outer",
                            "Parallel Aware": true,
                            "Relation Name": "movie_keyword",
                            "Alias": "mk",
                            "Startup Cost": 0.0,
                            "Total Cost": 57718.19,
                            "Plan Rows": 1677514,
                            "Plan Width": 4,
                            "Actual Startup Time": 0.022,
                            "Actual Total Time": 262.823,
                            "Actual Rows": 1422430,
                            "Actual Loops": 2,
                            "Filter": "(keyword_id < 8661)",
                            "Rows Removed by Filter": 839534
                          },
                          {
                            "Node Type": "Hash",
                            "Parent Relationship": "Inner",
                            "Parallel Aware": true,
                            "Startup Cost": 50870.31,
                            "Total Cost": 50870.31,
                            "Plan Rows": 1487231,
                            "Plan Width": 4,
                            "Actual Startup Time": 660.65,
                            "Actual Total Time": 660.651,
                            "Actual Rows": 1264156,
                            "Actual Loops": 2,
                            "Hash Buckets": 4194304,
                            "Original Hash Buckets": 4194304,
                            "Hash Batches": 1,
                            "Original Hash Batches": 1,
                            "Peak Memory Usage": 131712,
                            "Plans": [
                              {
                                "Node Type": "Seq Scan",
                                "Parent Relationship": "Outer",
                                "Parallel Aware": true,
                                "Relation Name": "title",
                                "Alias": "t",
                                "Startup Cost": 0.0,
                                "Total Cost": 50870.31,
                                "Plan Rows": 1487231,
                                "Plan Width": 4,
                                "Actual Startup Time": 0.047,
                                "Actual Total Time": 195.312,
                                "Actual Rows": 1264156,
                                "Actual Loops": 2
                              }
                            ]
                          }
                        ]
                      }
                    ]
                  }
                ]
              }
            ]
          }
        ]
      }
    ]
  },
  "Planning Time": 0.887,
  "Triggers": [],
  "Execution Time": 2284.942
}