[
  {
    "Plan": {
      "Node Type": "Aggregate",
      "Strategy": "Plain",
      "Partial Mode": "Finalize",
      "Parallel Aware": false,
      "Startup Cost": 97055.36,
      "Total Cost": 97055.37,
      "Plan Rows": 1,
      "Plan Width": 8,
      "Actual Startup Time": 546.717,
      "Actual Total Time": 558.441,
      "Actual Rows": 1,
      "Actual Loops": 1,
      "Plans": [
        {
          "Node Type": "Gather",
          "Parent Relationship": "Outer",
          "Parallel Aware": false,
          "Startup Cost": 97055.05,
          "Total Cost": 97055.36,
          "Plan Rows": 3,
          "Plan Width": 8,
          "Actual Startup Time": 541.671,
          "Actual Total Time": 558.43,
          "Actual Rows": 4,
          "Actual Loops": 1,
          "Workers Planned": 3,
          "Workers Launched": 3,
          "Single Copy": false,
          "Plans": [
            {
              "Node Type": "Aggregate",
              "Strategy": "Plain",
              "Partial Mode": "Partial",
              "Parent Relationship": "Outer",
              "Parallel Aware": false,
              "Startup Cost": 96055.05,
              "Total Cost": 96055.06,
              "Plan Rows": 1,
              "Plan Width": 8,
              "Actual Startup Time": 534.067,
              "Actual Total Time": 534.071,
              "Actual Rows": 1,
              "Actual Loops": 4,
              "Plans": [
                {
                  "Node Type": "Hash Join",
                  "Parent Relationship": "Outer",
                  "Parallel Aware": true,
                  "Join Type": "Inner",
                  "Startup Cost": 48503.54,
                  "Total Cost": 94757.93,
                  "Plan Rows": 518848,
                  "Plan Width": 0,
                  "Actual Startup Time": 279.709,
                  "Actual Total Time": 527.681,
                  "Actual Rows": 99115,
                  "Actual Loops": 4,
                  "Inner Unique": true,
                  "Hash Cond": "(mk.movie_id = t.id)",
                  "Plans": [
                    {
                      "Node Type": "Seq Scan",
                      "Parent Relationship": "Outer",
                      "Parallel Aware": true,
                      "Relation Name": "movie_keyword",
                      "Alias": "mk",
                      "Startup Cost": 0.0,
                      "Total Cost": 42695.65,
                      "Plan Rows": 1355705,
                      "Plan Width": 4,
                      "Actual Startup Time": 0.083,
                      "Actual Total Time": 134.853,
                      "Actual Rows": 1051678,
                      "Actual Loops": 4,
                      "Filter": "(keyword_id > 249)",
                      "Rows Removed by Filter": 79305
                    },
                    {
                      "Node Type": "Hash",
                      "Parent Relationship": "Inner",
                      "Parallel Aware": true,
                      "Startup Cost": 45479.59,
                      "Total Cost": 45479.59,
                      "Plan Rows": 241916,
                      "Plan Width": 4,
                      "Actual Startup Time": 275.059,
                      "Actual Total Time": 275.06,
                      "Actual Rows": 262548,
                      "Actual Loops": 4,
                      "Hash Buckets": 2097152,
                      "Original Hash Buckets": 1048576,
                      "Hash Batches": 1,
                      "Original Hash Batches": 1,
                      "Peak Memory Usage": 65728,
                      "Plans": [
                        {
                          "Node Type": "Seq Scan",
                          "Parent Relationship": "Outer",
                          "Parallel Aware": true,
                          "Relation Name": "title",
                          "Alias": "t",
                          "Startup Cost": 0.0,
                          "Total Cost": 45479.59,
                          "Plan Rows": 241916,
                          "Plan Width": 4,
                          "Actual Startup Time": 0.032,
                          "Actual Total Time": 112.078,
                          "Actual Rows": 262548,
                          "Actual Loops": 4,
                          "Filter": "((production_year > 1996) AND (kind_id = 7))",
                          "Rows Removed by Filter": 369530
                        }
                      ]
                    }
                  ]
                }
              ]
            }
          ]
        }
      ]
    },
    "Planning Time": 0.422,
    "Triggers": [],
    "Execution Time": 558.495
  }
]