[
  {
    "Plan": {
      "Node Type": "Aggregate",
      "Strategy": "Plain",
      "Partial Mode": "Finalize",
      "Parallel Aware": false,
      "Startup Cost": 38365.85,
      "Total Cost": 38365.86,
      "Plan Rows": 1,
      "Plan Width": 8,
      "Actual Startup Time": 145.27,
      "Actual Total Time": 153.293,
      "Actual Rows": 1,
      "Actual Loops": 1,
      "Plans": [
        {
          "Node Type": "Gather",
          "Parent Relationship": "Outer",
          "Parallel Aware": false,
          "Startup Cost": 38365.54,
          "Total Cost": 38365.85,
          "Plan Rows": 3,
          "Plan Width": 8,
          "Actual Startup Time": 144.99,
          "Actual Total Time": 153.283,
          "Actual Rows": 4,
          "Actual Loops": 1,
          "Workers Planned": 3,
          "Workers Launched": 3,
          "Single Copy": false,
          "Plans": [
            {
              "Node Type": "Aggregate",
              "Strategy": "Plain",
              "Partial Mode": "Partial",
              "Parent Relationship": "Outer",
              "Parallel Aware": false,
              "Startup Cost": 37365.54,
              "Total Cost": 37365.55,
              "Plan Rows": 1,
              "Plan Width": 8,
              "Actual Startup Time": 136.058,
              "Actual Total Time": 136.06,
              "Actual Rows": 1,
              "Actual Loops": 4,
              "Plans": [
                {
                  "Node Type": "Bitmap Heap Scan",
                  "Parent Relationship": "Outer",
                  "Parallel Aware": true,
                  "Relation Name": "movie_keyword",
                  "Alias": "mk",
                  "Startup Cost": 10513.42,
                  "Total Cost": 36965.85,
                  "Plan Rows": 159875,
                  "Plan Width": 0,
                  "Actual Startup Time": 53.457,
                  "Actual Total Time": 128.174,
                  "Actual Rows": 120576,
                  "Actual Loops": 4,
                  "Recheck Cond": "(keyword_id > 37127)",
                  "Rows Removed by Index Recheck": 0,
                  "Exact Heap Blocks": 7898,
                  "Lossy Heap Blocks": 0,
                  "Plans": [
                    {
                      "Node Type": "Bitmap Index Scan",
                      "Parent Relationship": "Outer",
                      "Parallel Aware": false,
                      "Index Name": "keyword_id_movie_keyword",
                      "Startup Cost": 0.0,
                      "Total Cost": 10389.52,
                      "Plan Rows": 495611,
                      "Plan Width": 0,
                      "Actual Startup Time": 56.012,
                      "Actual Total Time": 56.013,
                      "Actual Rows": 482304,
                      "Actual Loops": 1,
                      "Index Cond": "(keyword_id > 37127)"
                    }
                  ]
                }
              ]
            }
          ]
        }
      ]
    },
    "Planning Time": 0.159,
    "Triggers": [],
    "Execution Time": 153.364
  }
]