[
  {
    "Plan": {
      "Node Type": "Aggregate",
      "Strategy": "Plain",
      "Partial Mode": "Finalize",
      "Parallel Aware": false,
      "Startup Cost": 334530.24,
      "Total Cost": 334530.25,
      "Plan Rows": 1,
      "Plan Width": 8,
      "Actual Startup Time": 648.836,
      "Actual Total Time": 706.999,
      "Actual Rows": 1,
      "Actual Loops": 1,
      "Plans": [
        {
          "Node Type": "Gather",
          "Parent Relationship": "Outer",
          "Parallel Aware": false,
          "Startup Cost": 334529.62,
          "Total Cost": 334530.23,
          "Plan Rows": 6,
          "Plan Width": 8,
          "Actual Startup Time": 648.692,
          "Actual Total Time": 706.988,
          "Actual Rows": 7,
          "Actual Loops": 1,
          "Workers Planned": 6,
          "Workers Launched": 6,
          "Single Copy": false,
          "Plans": [
            {
              "Node Type": "Aggregate",
              "Strategy": "Plain",
              "Partial Mode": "Partial",
              "Parent Relationship": "Outer",
              "Parallel Aware": false,
              "Startup Cost": 333529.62,
              "Total Cost": 333529.63,
              "Plan Rows": 1,
              "Plan Width": 8,
              "Actual Startup Time": 639.376,
              "Actual Total Time": 639.377,
              "Actual Rows": 1,
              "Actual Loops": 7,
              "Plans": [
                {
                  "Node Type": "Seq Scan",
                  "Parent Relationship": "Outer",
                  "Parallel Aware": true,
                  "Relation Name": "cast_info",
                  "Alias": "ci",
                  "Startup Cost": 0.0,
                  "Total Cost": 328162.03,
                  "Plan Rows": 2147037,
                  "Plan Width": 0,
                  "Actual Startup Time": 0.05,
                  "Actual Total Time": 559.673,
                  "Actual Rows": 1840278,
                  "Actual Loops": 7,
                  "Filter": "(person_id < 1271636)",
                  "Rows Removed by Filter": 3337486
                }
              ]
            }
          ]
        }
      ]
    },
    "Planning Time": 0.198,
    "Triggers": [],
    "Execution Time": 707.072
  }
]