[
  {
    "Plan": {
      "Node Type": "Aggregate",
      "Strategy": "Plain",
      "Partial Mode": "Finalize",
      "Parallel Aware": false,
      "Startup Cost": 31644.05,
      "Total Cost": 31644.06,
      "Plan Rows": 1,
      "Plan Width": 8,
      "Actual Startup Time": 124.966,
      "Actual Total Time": 135.948,
      "Actual Rows": 1,
      "Actual Loops": 1,
      "Plans": [
        {
          "Node Type": "Gather",
          "Parent Relationship": "Outer",
          "Parallel Aware": false,
          "Startup Cost": 31643.74,
          "Total Cost": 31644.05,
          "Plan Rows": 3,
          "Plan Width": 8,
          "Actual Startup Time": 124.829,
          "Actual Total Time": 135.938,
          "Actual Rows": 4,
          "Actual Loops": 1,
          "Workers Planned": 3,
          "Workers Launched": 3,
          "Single Copy": false,
          "Plans": [
            {
              "Node Type": "Aggregate",
              "Strategy": "Plain",
              "Partial Mode": "Partial",
              "Parent Relationship": "Outer",
              "Parallel Aware": false,
              "Startup Cost": 30643.74,
              "Total Cost": 30643.75,
              "Plan Rows": 1,
              "Plan Width": 8,
              "Actual Startup Time": 116.206,
              "Actual Total Time": 116.207,
              "Actual Rows": 1,
              "Actual Loops": 4,
              "Plans": [
                {
                  "Node Type": "Seq Scan",
                  "Parent Relationship": "Outer",
                  "Parallel Aware": true,
                  "Relation Name": "movie_companies",
                  "Alias": "mc",
                  "Startup Cost": 0.0,
                  "Total Cost": 29310.68,
                  "Plan Rows": 533222,
                  "Plan Width": 0,
                  "Actual Startup Time": 0.059,
                  "Actual Total Time": 90.889,
                  "Actual Rows": 415270,
                  "Actual Loops": 4,
                  "Filter": "(company_id < 18682)",
                  "Rows Removed by Filter": 237012
                }
              ]
            }
          ]
        }
      ]
    },
    "Planning Time": 0.192,
    "Triggers": [],
    "Execution Time": 136.003
  }
]