[
  {
    "Plan": {
      "Node Type": "Aggregate",
      "Strategy": "Plain",
      "Partial Mode": "Finalize",
      "Parallel Aware": false,
      "Startup Cost": 45958.16,
      "Total Cost": 45958.17,
      "Plan Rows": 1,
      "Plan Width": 8,
      "Actual Startup Time": 149.795,
      "Actual Total Time": 158.988,
      "Actual Rows": 1,
      "Actual Loops": 1,
      "Plans": [
        {
          "Node Type": "Gather",
          "Parent Relationship": "Outer",
          "Parallel Aware": false,
          "Startup Cost": 45957.84,
          "Total Cost": 45958.15,
          "Plan Rows": 3,
          "Plan Width": 8,
          "Actual Startup Time": 149.708,
          "Actual Total Time": 158.981,
          "Actual Rows": 4,
          "Actual Loops": 1,
          "Workers Planned": 3,
          "Workers Launched": 3,
          "Single Copy": false,
          "Plans": [
            {
              "Node Type": "Aggregate",
              "Strategy": "Plain",
              "Partial Mode": "Partial",
              "Parent Relationship": "Outer",
              "Parallel Aware": false,
              "Startup Cost": 44957.84,
              "Total Cost": 44957.85,
              "Plan Rows": 1,
              "Plan Width": 8,
              "Actual Startup Time": 144.061,
              "Actual Total Time": 144.062,
              "Actual Rows": 1,
              "Actual Loops": 4,
              "Plans": [
                {
                  "Node Type": "Seq Scan",
                  "Parent Relationship": "Outer",
                  "Parallel Aware": true,
                  "Relation Name": "movie_keyword",
                  "Alias": "mk",
                  "Startup Cost": 0.0,
                  "Total Cost": 42695.65,
                  "Plan Rows": 904874,
                  "Plan Width": 0,
                  "Actual Startup Time": 0.041,
                  "Actual Total Time": 113.621,
                  "Actual Rows": 699781,
                  "Actual Loops": 4,
                  "Filter": "(keyword_id < 8221)",
                  "Rows Removed by Filter": 431202
                }
              ]
            }
          ]
        }
      ]
    },
    "Planning Time": 0.142,
    "Triggers": [],
    "Execution Time": 159.363
  }
]