[
  {
    "Plan": {
      "Node Type": "Aggregate",
      "Strategy": "Plain",
      "Partial Mode": "Finalize",
      "Parallel Aware": false,
      "Startup Cost": 100707.04,
      "Total Cost": 100707.05,
      "Plan Rows": 1,
      "Plan Width": 8,
      "Actual Startup Time": 599.972,
      "Actual Total Time": 618.263,
      "Actual Rows": 1,
      "Actual Loops": 1,
      "Plans": [
        {
          "Node Type": "Gather",
          "Parent Relationship": "Outer",
          "Parallel Aware": false,
          "Startup Cost": 100706.82,
          "Total Cost": 100707.03,
          "Plan Rows": 2,
          "Plan Width": 8,
          "Actual Startup Time": 596.288,
          "Actual Total Time": 618.246,
          "Actual Rows": 3,
          "Actual Loops": 1,
          "Workers Planned": 2,
          "Workers Launched": 2,
          "Single Copy": false,
          "Plans": [
            {
              "Node Type": "Aggregate",
              "Strategy": "Plain",
              "Partial Mode": "Partial",
              "Parent Relationship": "Outer",
              "Parallel Aware": false,
              "Startup Cost": 99706.82,
              "Total Cost": 99706.83,
              "Plan Rows": 1,
              "Plan Width": 8,
              "Actual Startup Time": 588.546,
              "Actual Total Time": 588.966,
              "Actual Rows": 1,
              "Actual Loops": 3,
              "Plans": [
                {
                  "Node Type": "Hash Join",
                  "Parent Relationship": "Outer",
                  "Parallel Aware": true,
                  "Join Type": "Inner",
                  "Startup Cost": 83375.69,
                  "Total Cost": 99461.98,
                  "Plan Rows": 97938,
                  "Plan Width": 0,
                  "Actual Startup Time": 489.557,
                  "Actual Total Time": 583.519,
                  "Actual Rows": 141965,
                  "Actual Loops": 3,
                  "Inner Unique": false,
                  "Hash Cond": "(mi_idx.movie_id = t.id)",
                  "Plans": [
                    {
                      "Node Type": "Seq Scan",
                      "Parent Relationship": "Outer",
                      "Parallel Aware": true,
                      "Relation Name": "movie_info_idx",
                      "Alias": "mi_idx",
                      "Startup Cost": 0.0,
                      "Total Cost": 13685.15,
                      "Plan Rows": 575015,
                      "Plan Width": 4,
                      "Actual Startup Time": 0.028,
                      "Actual Total Time": 33.099,
                      "Actual Rows": 460012,
                      "Actual Loops": 3
                    },
                    {
                      "Node Type": "Hash",
                      "Parent Relationship": "Inner",
                      "Parallel Aware": true,
                      "Startup Cost": 82029.99,
                      "Total Cost": 82029.99,
                      "Plan Rows": 107656,
                      "Plan Width": 8,
                      "Actual Startup Time": 485.23,
                      "Actual Total Time": 485.649,
                      "Actual Rows": 105580,
                      "Actual Loops": 3,
                      "Hash Buckets": 524288,
                      "Original Hash Buckets": 524288,
                      "Hash Batches": 1,
                      "Original Hash Batches": 1,
                      "Peak Memory Usage": 16544,
                      "Plans": [
                        {
                          "Node Type": "Hash Join",
                          "Parent Relationship": "Outer",
                          "Parallel Aware": true,
                          "Join Type": "Inner",
                          "Startup Cost": 34304.69,
                          "Total Cost": 82029.99,
                          "Plan Rows": 107656,
                          "Plan Width": 8,
                          "Actual Startup Time": 182.316,
                          "Actual Total Time": 455.468,
                          "Actual Rows": 105580,
                          "Actual Loops": 3,
                          "Inner Unique": false,
                          "Hash Cond": "(t.id = mc.movie_id)",
                          "Plans": [
                            {
                              "Node Type": "Seq Scan",
                              "Parent Relationship": "Outer",
                              "Parallel Aware": true,
                              "Relation Name": "title",
                              "Alias": "t",
                              "Startup Cost": 0.0,
                              "Total Cost": 45479.1,
                              "Plan Rows": 379783,
                              "Plan Width": 4,
                              "Actual Startup Time": 0.01,
                              "Actual Total Time": 109.823,
                              "Actual Rows": 543437,
                              "Actual Loops": 3,
                              "Filter": "((kind_id > 1) AND (production_year > 1972))",
                              "Rows Removed by Filter": 299334
                            },
                            {
                              "Node Type": "Hash",
                              "Parent Relationship": "Inner",
                              "Parallel Aware": true,
                              "Startup Cost": 31414.82,
                              "Total Cost": 31414.82,
                              "Plan Rows": 231190,
                              "Plan Width": 4,
                              "Actual Startup Time": 177.883,
                              "Actual Total Time": 177.885,
                              "Actual Rows": 312875,
                              "Actual Loops": 3,
                              "Hash Buckets": 1048576,
                              "Original Hash Buckets": 1048576,
                              "Hash Batches": 1,
                              "Original Hash Batches": 1,
                              "Peak Memory Usage": 44960,
                              "Plans": [
                                {
                                  "Node Type": "Seq Scan",
                                  "Parent Relationship": "Outer",
                                  "Parallel Aware": true,
                                  "Relation Name": "movie_companies",
                                  "Alias": "mc",
                                  "Startup Cost": 0.0,
                                  "Total Cost": 31414.82,
                                  "Plan Rows": 231190,
                                  "Plan Width": 4,
                                  "Actual Startup Time": 53.205,
                                  "Actual Total Time": 101.655,
                                  "Actual Rows": 312875,
                                  "Actual Loops": 3,
                                  "Filter": "((company_id > 10700) AND (company_type_id = 2))",
                                  "Rows Removed by Filter": 556835
                                }
                              ]
                            }
                          ]
                        }
                      ]
                    }
                  ]
                }
              ]
            }
          ]
        }
      ]
    },
    "Planning Time": 1.402,
    "Triggers": [],
    "Execution Time": 618.345
  }
]