[
  {
    "Plan": {
      "Node Type": "Aggregate",
      "Strategy": "Plain",
      "Partial Mode": "Finalize",
      "Parallel Aware": false,
      "Startup Cost": 96793.73,
      "Total Cost": 96793.74,
      "Plan Rows": 1,
      "Plan Width": 8,
      "Actual Startup Time": 461.199,
      "Actual Total Time": 476.187,
      "Actual Rows": 1,
      "Actual Loops": 1,
      "Plans": [
        {
          "Node Type": "Gather",
          "Parent Relationship": "Outer",
          "Parallel Aware": false,
          "Startup Cost": 96793.42,
          "Total Cost": 96793.73,
          "Plan Rows": 3,
          "Plan Width": 8,
          "Actual Startup Time": 455.904,
          "Actual Total Time": 476.174,
          "Actual Rows": 4,
          "Actual Loops": 1,
          "Workers Planned": 3,
          "Workers Launched": 3,
          "Single Copy": false,
          "Plans": [
            {
              "Node Type": "Aggregate",
              "Strategy": "Plain",
              "Partial Mode": "Partial",
              "Parent Relationship": "Outer",
              "Parallel Aware": false,
              "Startup Cost": 95793.42,
              "Total Cost": 95793.43,
              "Plan Rows": 1,
              "Plan Width": 8,
              "Actual Startup Time": 447.482,
              "Actual Total Time": 447.674,
              "Actual Rows": 1,
              "Actual Loops": 4,
              "Plans": [
                {
                  "Node Type": "Hash Join",
                  "Parent Relationship": "Outer",
                  "Parallel Aware": true,
                  "Join Type": "Inner",
                  "Startup Cost": 48737.69,
                  "Total Cost": 94563.8,
                  "Plan Rows": 491848,
                  "Plan Width": 0,
                  "Actual Startup Time": 239.174,
                  "Actual Total Time": 440.656,
                  "Actual Rows": 170776,
                  "Actual Loops": 4,
                  "Inner Unique": true,
                  "Hash Cond": "(mk.movie_id = t.id)",
                  "Plans": [
                    {
                      "Node Type": "Seq Scan",
                      "Parent Relationship": "Outer",
                      "Parallel Aware": true,
                      "Relation Name": "movie_keyword",
                      "Alias": "mk",
                      "Startup Cost": 0.0,
                      "Total Cost": 42695.65,
                      "Plan Rows": 1192555,
                      "Plan Width": 4,
                      "Actual Startup Time": 0.061,
                      "Actual Total Time": 109.422,
                      "Actual Rows": 921496,
                      "Actual Loops": 4,
                      "Filter": "(keyword_id > 797)",
                      "Rows Removed by Filter": 209486
                    },
                    {
                      "Node Type": "Hash",
                      "Parent Relationship": "Inner",
                      "Parallel Aware": true,
                      "Startup Cost": 45479.1,
                      "Total Cost": 45479.1,
                      "Plan Rows": 260687,
                      "Plan Width": 4,
                      "Actual Startup Time": 233.989,
                      "Actual Total Time": 233.99,
                      "Actual Rows": 289078,
                      "Actual Loops": 4,
                      "Hash Buckets": 2097152,
                      "Original Hash Buckets": 1048576,
                      "Hash Batches": 1,
                      "Original Hash Batches": 1,
                      "Peak Memory Usage": 69888,
                      "Plans": [
                        {
                          "Node Type": "Seq Scan",
                          "Parent Relationship": "Outer",
                          "Parallel Aware": true,
                          "Relation Name": "title",
                          "Alias": "t",
                          "Startup Cost": 0.0,
                          "Total Cost": 45479.1,
                          "Plan Rows": 260687,
                          "Plan Width": 4,
                          "Actual Startup Time": 0.039,
                          "Actual Total Time": 109.46,
                          "Actual Rows": 289078,
                          "Actual Loops": 4,
                          "Filter": "((kind_id > 3) AND (production_year > 1996))",
                          "Rows Removed by Filter": 343000
                        }
                      ]
                    }
                  ]
                }
              ]
            }
          ]
        }
      ]
    },
    "Planning Time": 0.585,
    "Triggers": [],
    "Execution Time": 476.252
  }
]