{
  "Plan": {
    "Node Type": "Aggregate",
    "Strategy": "Plain",
    "Partial Mode": "Finalize",
    "Parallel Aware": false,
    "Startup Cost": 394328.03,
    "Total Cost": 394328.04,
    "Plan Rows": 1,
    "Plan Width": 8,
    "Actual Startup Time": 1586.231,
    "Actual Total Time": 1639.113,
    "Actual Rows": 1,
    "Actual Loops": 1,
    "Plans": [
      {
        "Node Type": "Gather",
        "Parent Relationship": "Outer",
        "Parallel Aware": false,
        "Startup Cost": 394327.91,
        "Total Cost": 394328.02,
        "Plan Rows": 1,
        "Plan Width": 8,
        "Actual Startup Time": 1585.08,
        "Actual Total Time": 1639.105,
        "Actual Rows": 2,
        "Actual Loops": 1,
        "Workers Planned": 1,
        "Workers Launched": 1,
        "Single Copy": false,
        "Plans": [
          {
            "Node Type": "Aggregate",
            "Strategy": "Plain",
            "Partial Mode": "Partial",
            "Parent Relationship": "Outer",
            "Parallel Aware": false,
            "Startup Cost": 393327.91,
            "Total Cost": 393327.92,
            "Plan Rows": 1,
            "Plan Width": 8,
            "Actual Startup Time": 1578.655,
            "Actual Total Time": 1578.661,
            "Actual Rows": 1,
            "Actual Loops": 2,
            "Plans": [
              {
                "Node Type": "Hash Join",
                "Parent Relationship": "Outer",
                "Parallel Aware": true,
                "Join Type": "Inner",
                "Startup Cost": 106421.85,
                "Total Cost": 391735.49,
                "Plan Rows": 636969,
                "Plan Width": 0,
                "Actual Startup Time": 371.315,
                "Actual Total Time": 1576.194,
                "Actual Rows": 51316,
                "Actual Loops": 2,
                "Inner Unique": false,
                "Hash Cond": "(mi.movie_id = t.id)",
                "Plans": [
                  {
                    "Node Type": "Seq Scan",
                    "Parent Relationship": "Outer",
                    "Parallel Aware": true,
                    "Relation Name": "movie_info",
                    "Alias": "mi",
                    "Startup Cost": 0.0,
                    "Total Cost": 248955.74,
                    "Plan Rows": 8696274,
                    "Plan Width": 4,
                    "Actual Startup Time": 0.017,
                    "Actual Total Time": 627.734,
                    "Actual Rows": 7417860,
                    "Actual Loops": 2
                  },
                  {
                    "Node Type": "Hash",
                    "Parent Relationship": "Inner",
                    "Parallel Aware": true,
                    "Startup Cost": 105060.17,
                    "Total Cost": 105060.17,
                    "Plan Rows": 108934,
                    "Plan Width": 8,
                    "Actual Startup Time": 367.427,
                    "Actual Total Time": 367.431,
                    "Actual Rows": 5188,
                    "Actual Loops": 2,
                    "Hash Buckets": 262144,
                    "Original Hash Buckets": 262144,
                    "Hash Batches": 1,
                    "Original Hash Batches": 1,
                    "Peak Memory Usage": 2464,
                    "Plans": [
                      {
                        "Node Type": "Hash Join",
                        "Parent Relationship": "Outer",
                        "Parallel Aware": true,
                        "Join Type": "Inner",
                        "Startup Cost": 62075.75,
                        "Total Cost": 105060.17,
                        "Plan Rows": 108934,
                        "Plan Width": 8,
                        "Actual Startup Time": 201.591,
                        "Actual Total Time": 365.665,
                        "Actual Rows": 5188,
                        "Actual Loops": 2,
                        "Inner Unique": true,
                        "Hash Cond": "(mc.movie_id = t.id)",
                        "Plans": [
                          {
                            "Node Type": "Index Scan",
                            "Parent Relationship": "Outer",
                            "Parallel Aware": true,
                            "Scan Direction": "Forward",
                            "Index Name": "company_type_id_movie_companies",
                            "Relation Name": "movie_companies",
                            "Alias": "mc",
                            "Startup Cost": 0.43,
                            "Total Cost": 41574.35,
                            "Plan Rows": 537334,
                            "Plan Width": 4,
                            "Actual Startup Time": 1.469,
                            "Actual Total Time": 107.072,
                            "Actual Rows": 374186,
                            "Actual Loops": 2,
                            "Index Cond": "(company_type_id < 2)",
                            "Rows Removed by Index Recheck": 0,
                            "Filter": "(company_id > 1451)",
                            "Rows Removed by Filter": 262938
                          },
                          {
                            "Node Type": "Hash",
                            "Parent Relationship": "Inner",
                            "Parallel Aware": true,
                            "Startup Cost": 58306.47,
                            "Total Cost": 58306.47,
                            "Plan Rows": 301508,
                            "Plan Width": 4,
                            "Actual Startup Time": 195.806,
                            "Actual Total Time": 195.807,
                            "Actual Rows": 201974,
                            "Actual Loops": 2,
                            "Hash Buckets": 524288,
                            "Original Hash Buckets": 524288,
                            "Hash Batches": 1,
                            "Original Hash Batches": 1,
                            "Peak Memory Usage": 19936,
                            "Plans": [
                              {
                                "Node Type": "Seq Scan",
                                "Parent Relationship": "Outer",
                                "Parallel Aware": true,
                                "Relation Name": "title",
                                "Alias": "t",
                                "Startup Cost": 0.0,
                                "Total Cost": 58306.47,
                                "Plan Rows": 301508,
                                "Plan Width": 4,
                                "Actual Startup Time": 0.026,
                                "Actual Total Time": 148.119,
                                "Actual Rows": 201974,
                                "Actual Loops": 2,
                                "Filter": "((production_year < 1996) AND (kind_id = 7))",
                                "Rows Removed by Filter": 1062182
                              }
                            ]
                          }
                        ]
                      }
                    ]
                  }
                ]
              }
            ]
          }
        ]
      }
    ]
  },
  "Planning Time": 1.014,
  "Triggers": [],
  "Execution Time": 1639.212
}