[
    {
        "Bao": {
            "Bao prediction": "NaN",
            "Bao recommended hint": "(no hint)"
        }
    },
    {
        "Plan": {
            "Node Type": "Aggregate",
            "Strategy": "Plain",
            "Partial Mode": "Finalize",
            "Parallel Aware": false,
            "Startup Cost": 400826.92,
            "Total Cost": 400826.93,
            "Plan Rows": 1,
            "Plan Width": 8,
            "Actual Startup Time": 1516.723,
            "Actual Total Time": 1572.419,
            "Actual Rows": 1,
            "Actual Loops": 1,
            "Output": [
                "count(*)"
            ],
            "Plans": [
                {
                    "Node Type": "Gather",
                    "Parent Relationship": "Outer",
                    "Parallel Aware": false,
                    "Startup Cost": 400826.4,
                    "Total Cost": 400826.91,
                    "Plan Rows": 5,
                    "Plan Width": 8,
                    "Actual Startup Time": 1515.675,
                    "Actual Total Time": 1572.41,
                    "Actual Rows": 6,
                    "Actual Loops": 1,
                    "Output": [
                        "(PARTIAL count(*))"
                    ],
                    "Workers Planned": 5,
                    "Workers Launched": 5,
                    "Single Copy": false,
                    "Plans": [
                        {
                            "Node Type": "Aggregate",
                            "Strategy": "Plain",
                            "Partial Mode": "Partial",
                            "Parent Relationship": "Outer",
                            "Parallel Aware": false,
                            "Startup Cost": 399826.4,
                            "Total Cost": 399826.41,
                            "Plan Rows": 1,
                            "Plan Width": 8,
                            "Actual Startup Time": 1505.639,
                            "Actual Total Time": 1505.643,
                            "Actual Rows": 1,
                            "Actual Loops": 6,
                            "Output": [
                                "PARTIAL count(*)"
                            ],
                            "Workers": [
                                {
                                    "Worker Number": 0,
                                    "Actual Startup Time": 1503.527,
                                    "Actual Total Time": 1503.532,
                                    "Actual Rows": 1,
                                    "Actual Loops": 1
                                },
                                {
                                    "Worker Number": 1,
                                    "Actual Startup Time": 1503.34,
                                    "Actual Total Time": 1503.343,
                                    "Actual Rows": 1,
                                    "Actual Loops": 1
                                },
                                {
                                    "Worker Number": 2,
                                    "Actual Startup Time": 1503.826,
                                    "Actual Total Time": 1503.829,
                                    "Actual Rows": 1,
                                    "Actual Loops": 1
                                },
                                {
                                    "Worker Number": 3,
                                    "Actual Startup Time": 1503.796,
                                    "Actual Total Time": 1503.798,
                                    "Actual Rows": 1,
                                    "Actual Loops": 1
                                },
                                {
                                    "Worker Number": 4,
                                    "Actual Startup Time": 1504.061,
                                    "Actual Total Time": 1504.064,
                                    "Actual Rows": 1,
                                    "Actual Loops": 1
                                }
                            ],
                            "Plans": [
                                {
                                    "Node Type": "Nested Loop",
                                    "Parent Relationship": "Outer",
                                    "Parallel Aware": false,
                                    "Join Type": "Inner",
                                    "Startup Cost": 45701.24,
                                    "Total Cost": 397252.72,
                                    "Plan Rows": 1029473,
                                    "Plan Width": 0,
                                    "Actual Startup Time": 80.425,
                                    "Actual Total Time": 1468.456,
                                    "Actual Rows": 746711,
                                    "Actual Loops": 6,
                                    "Inner Unique": false,
                                    "Join Filter": "(t.id = ci.movie_id)",
                                    "Rows Removed by Join Filter": 0,
                                    "Workers": [
                                        {
                                            "Worker Number": 0,
                                            "Actual Startup Time": 77.785,
                                            "Actual Total Time": 1456.496,
                                            "Actual Rows": 536553,
                                            "Actual Loops": 1
                                        },
                                        {
                                            "Worker Number": 1,
                                            "Actual Startup Time": 78.248,
                                            "Actual Total Time": 1468.129,
                                            "Actual Rows": 768448,
                                            "Actual Loops": 1
                                        },
                                        {
                                            "Worker Number": 2,
                                            "Actual Startup Time": 78.645,
                                            "Actual Total Time": 1469.045,
                                            "Actual Rows": 750730,
                                            "Actual Loops": 1
                                        },
                                        {
                                            "Worker Number": 3,
                                            "Actual Startup Time": 78.838,
                                            "Actual Total Time": 1469.286,
                                            "Actual Rows": 749181,
                                            "Actual Loops": 1
                                        },
                                        {
                                            "Worker Number": 4,
                                            "Actual Startup Time": 78.975,
                                            "Actual Total Time": 1470.032,
                                            "Actual Rows": 740039,
                                            "Actual Loops": 1
                                        }
                                    ],
                                    "Plans": [
                                        {
                                            "Node Type": "Hash Join",
                                            "Parent Relationship": "Outer",
                                            "Parallel Aware": true,
                                            "Join Type": "Inner",
                                            "Startup Cost": 45700.67,
                                            "Total Cost": 244950.3,
                                            "Plan Rows": 82716,
                                            "Plan Width": 8,
                                            "Actual Startup Time": 80.342,
                                            "Actual Total Time": 637.852,
                                            "Actual Rows": 31770,
                                            "Actual Loops": 6,
                                            "Output": [
                                                "t.id",
                                                "mi.movie_id"
                                            ],
                                            "Inner Unique": true,
                                            "Hash Cond": "(mi.movie_id = t.id)",
                                            "Workers": [
                                                {
                                                    "Worker Number": 0,
                                                    "Actual Startup Time": 77.69,
                                                    "Actual Total Time": 612.727,
                                                    "Actual Rows": 21852,
                                                    "Actual Loops": 1
                                                },
                                                {
                                                    "Worker Number": 1,
                                                    "Actual Startup Time": 78.168,
                                                    "Actual Total Time": 635.281,
                                                    "Actual Rows": 32398,
                                                    "Actual Loops": 1
                                                },
                                                {
                                                    "Worker Number": 2,
                                                    "Actual Startup Time": 78.517,
                                                    "Actual Total Time": 631.926,
                                                    "Actual Rows": 31430,
                                                    "Actual Loops": 1
                                                },
                                                {
                                                    "Worker Number": 3,
                                                    "Actual Startup Time": 78.759,
                                                    "Actual Total Time": 639.272,
                                                    "Actual Rows": 32236,
                                                    "Actual Loops": 1
                                                },
                                                {
                                                    "Worker Number": 4,
                                                    "Actual Startup Time": 78.886,
                                                    "Actual Total Time": 639.295,
                                                    "Actual Rows": 31208,
                                                    "Actual Loops": 1
                                                }
                                            ],
                                            "Plans": [
                                                {
                                                    "Node Type": "Seq Scan",
                                                    "Parent Relationship": "Outer",
                                                    "Parallel Aware": true,
                                                    "Relation Name": "movie_info",
                                                    "Schema": "public",
                                                    "Alias": "mi",
                                                    "Startup Cost": 0.0,
                                                    "Total Cost": 191503.19,
                                                    "Plan Rows": 2951019,
                                                    "Plan Width": 4,
                                                    "Actual Startup Time": 0.023,
                                                    "Actual Total Time": 263.885,
                                                    "Actual Rows": 2472620,
                                                    "Actual Loops": 6,
                                                    "Output": [
                                                        "mi.id",
                                                        "mi.movie_id",
                                                        "mi.info_type_id",
                                                        "mi.info",
                                                        "mi.note"
                                                    ],
                                                    "Workers": [
                                                        {
                                                            "Worker Number": 0,
                                                            "Actual Startup Time": 0.025,
                                                            "Actual Total Time": 256.962,
                                                            "Actual Rows": 1587012,
                                                            "Actual Loops": 1
                                                        },
                                                        {
                                                            "Worker Number": 1,
                                                            "Actual Startup Time": 0.023,
                                                            "Actual Total Time": 271.463,
                                                            "Actual Rows": 2504996,
                                                            "Actual Loops": 1
                                                        },
                                                        {
                                                            "Worker Number": 2,
                                                            "Actual Startup Time": 0.029,
                                                            "Actual Total Time": 262.416,
                                                            "Actual Rows": 2466248,
                                                            "Actual Loops": 1
                                                        },
                                                        {
                                                            "Worker Number": 3,
                                                            "Actual Startup Time": 0.023,
                                                            "Actual Total Time": 272.108,
                                                            "Actual Rows": 2519550,
                                                            "Actual Loops": 1
                                                        },
                                                        {
                                                            "Worker Number": 4,
                                                            "Actual Startup Time": 0.031,
                                                            "Actual Total Time": 265.745,
                                                            "Actual Rows": 2494332,
                                                            "Actual Loops": 1
                                                        }
                                                    ]
                                                },
                                                {
                                                    "Node Type": "Hash",
                                                    "Parent Relationship": "Inner",
                                                    "Parallel Aware": true,
                                                    "Startup Cost": 45479.21,
                                                    "Total Cost": 45479.21,
                                                    "Plan Rows": 17717,
                                                    "Plan Width": 4,
                                                    "Actual Startup Time": 79.119,
                                                    "Actual Total Time": 79.12,
                                                    "Actual Rows": 14013,
                                                    "Actual Loops": 6,
                                                    "Output": [
                                                        "t.id"
                                                    ],
                                                    "Hash Buckets": 131072,
                                                    "Original Hash Buckets": 131072,
                                                    "Hash Batches": 1,
                                                    "Original Hash Batches": 1,
                                                    "Peak Memory Usage": 4416,
                                                    "Workers": [
                                                        {
                                                            "Worker Number": 0,
                                                            "Actual Startup Time": 76.576,
                                                            "Actual Total Time": 76.578,
                                                            "Actual Rows": 8528,
                                                            "Actual Loops": 1
                                                        },
                                                        {
                                                            "Worker Number": 1,
                                                            "Actual Startup Time": 77.089,
                                                            "Actual Total Time": 77.09,
                                                            "Actual Rows": 11291,
                                                            "Actual Loops": 1
                                                        },
                                                        {
                                                            "Worker Number": 2,
                                                            "Actual Startup Time": 77.402,
                                                            "Actual Total Time": 77.403,
                                                            "Actual Rows": 10403,
                                                            "Actual Loops": 1
                                                        },
                                                        {
                                                            "Worker Number": 3,
                                                            "Actual Startup Time": 77.668,
                                                            "Actual Total Time": 77.669,
                                                            "Actual Rows": 11258,
                                                            "Actual Loops": 1
                                                        },
                                                        {
                                                            "Worker Number": 4,
                                                            "Actual Startup Time": 77.92,
                                                            "Actual Total Time": 77.921,
                                                            "Actual Rows": 10693,
                                                            "Actual Loops": 1
                                                        }
                                                    ],
                                                    "Plans": [
                                                        {
                                                            "Node Type": "Seq Scan",
                                                            "Parent Relationship": "Outer",
                                                            "Parallel Aware": true,
                                                            "Relation Name": "title",
                                                            "Schema": "public",
                                                            "Alias": "t",
                                                            "Startup Cost": 0.0,
                                                            "Total Cost": 45479.21,
                                                            "Plan Rows": 17717,
                                                            "Plan Width": 4,
                                                            "Actual Startup Time": 0.062,
                                                            "Actual Total Time": 72.959,
                                                            "Actual Rows": 14013,
                                                            "Actual Loops": 6,
                                                            "Output": [
                                                                "t.id"
                                                            ],
                                                            "Filter": "((t.kind_id = 7) AND (t.production_year = 2007))",
                                                            "Rows Removed by Filter": 407373,
                                                            "Workers": [
                                                                {
                                                                    "Worker Number": 0,
                                                                    "Actual Startup Time": 0.101,
                                                                    "Actual Total Time": 70.886,
                                                                    "Actual Rows": 8528,
                                                                    "Actual Loops": 1
                                                                },
                                                                {
                                                                    "Worker Number": 1,
                                                                    "Actual Startup Time": 0.07,
                                                                    "Actual Total Time": 71.726,
                                                                    "Actual Rows": 11291,
                                                                    "Actual Loops": 1
                                                                },
                                                                {
                                                                    "Worker Number": 2,
                                                                    "Actual Startup Time": 0.055,
                                                                    "Actual Total Time": 70.795,
                                                                    "Actual Rows": 10403,
                                                                    "Actual Loops": 1
                                                                },
                                                                {
                                                                    "Worker Number": 3,
                                                                    "Actual Startup Time": 0.069,
                                                                    "Actual Total Time": 72.348,
                                                                    "Actual Rows": 11258,
                                                                    "Actual Loops": 1
                                                                },
                                                                {
                                                                    "Worker Number": 4,
                                                                    "Actual Startup Time": 0.052,
                                                                    "Actual Total Time": 72.336,
                                                                    "Actual Rows": 10693,
                                                                    "Actual Loops": 1
                                                                }
                                                            ]
                                                        }
                                                    ]
                                                }
                                            ]
                                        },
                                        {
                                            "Node Type": "Index Scan",
                                            "Parent Relationship": "Inner",
                                            "Parallel Aware": false,
                                            "Scan Direction": "Forward",
                                            "Index Name": "movie_id_cast_info",
                                            "Relation Name": "cast_info",
                                            "Schema": "public",
                                            "Alias": "ci",
                                            "Startup Cost": 0.56,
                                            "Total Cost": 1.43,
                                            "Plan Rows": 33,
                                            "Plan Width": 4,
                                            "Actual Startup Time": 0.005,
                                            "Actual Total Time": 0.024,
                                            "Actual Rows": 24,
                                            "Actual Loops": 190618,
                                            "Output": [
                                                "ci.id",
                                                "ci.person_id",
                                                "ci.movie_id",
                                                "ci.person_role_id",
                                                "ci.note",
                                                "ci.nr_order",
                                                "ci.role_id"
                                            ],
                                            "Index Cond": "(ci.movie_id = mi.movie_id)",
                                            "Rows Removed by Index Recheck": 0,
                                            "Filter": "(ci.person_id < 3203457)",
                                            "Rows Removed by Filter": 5,
                                            "Workers": [
                                                {
                                                    "Worker Number": 0,
                                                    "Actual Startup Time": 0.007,
                                                    "Actual Total Time": 0.034,
                                                    "Actual Rows": 25,
                                                    "Actual Loops": 21852
                                                },
                                                {
                                                    "Worker Number": 1,
                                                    "Actual Startup Time": 0.005,
                                                    "Actual Total Time": 0.023,
                                                    "Actual Rows": 24,
                                                    "Actual Loops": 32398
                                                },
                                                {
                                                    "Worker Number": 2,
                                                    "Actual Startup Time": 0.005,
                                                    "Actual Total Time": 0.024,
                                                    "Actual Rows": 24,
                                                    "Actual Loops": 31430
                                                },
                                                {
                                                    "Worker Number": 3,
                                                    "Actual Startup Time": 0.005,
                                                    "Actual Total Time": 0.023,
                                                    "Actual Rows": 23,
                                                    "Actual Loops": 32236
                                                },
                                                {
                                                    "Worker Number": 4,
                                                    "Actual Startup Time": 0.005,
                                                    "Actual Total Time": 0.024,
                                                    "Actual Rows": 24,
                                                    "Actual Loops": 31208
                                                }
                                            ]
                                        }
                                    ]
                                }
                            ]
                        }
                    ]
                }
            ]
        },
        "Planning Time": 177.863,
        "Triggers": [],
        "Execution Time": 1572.508
    }
]