[
  {
    "Plan": {
      "Node Type": "Aggregate",
      "Strategy": "Plain",
      "Partial Mode": "Finalize",
      "Parallel Aware": false,
      "Startup Cost": 90583.04,
      "Total Cost": 90583.05,
      "Plan Rows": 1,
      "Plan Width": 8,
      "Actual Startup Time": 286.333,
      "Actual Total Time": 304.136,
      "Actual Rows": 1,
      "Actual Loops": 1,
      "Plans": [
        {
          "Node Type": "Gather",
          "Parent Relationship": "Outer",
          "Parallel Aware": false,
          "Startup Cost": 90582.72,
          "Total Cost": 90583.03,
          "Plan Rows": 3,
          "Plan Width": 8,
          "Actual Startup Time": 285.604,
          "Actual Total Time": 304.112,
          "Actual Rows": 4,
          "Actual Loops": 1,
          "Workers Planned": 3,
          "Workers Launched": 3,
          "Single Copy": false,
          "Plans": [
            {
              "Node Type": "Aggregate",
              "Strategy": "Plain",
              "Partial Mode": "Partial",
              "Parent Relationship": "Outer",
              "Parallel Aware": false,
              "Startup Cost": 89582.72,
              "Total Cost": 89582.73,
              "Plan Rows": 1,
              "Plan Width": 8,
              "Actual Startup Time": 276.785,
              "Actual Total Time": 276.788,
              "Actual Rows": 1,
              "Actual Loops": 4,
              "Plans": [
                {
                  "Node Type": "Hash Join",
                  "Parent Relationship": "Outer",
                  "Parallel Aware": true,
                  "Join Type": "Inner",
                  "Startup Cost": 44410.3,
                  "Total Cost": 89438.91,
                  "Plan Rows": 57524,
                  "Plan Width": 0,
                  "Actual Startup Time": 111.678,
                  "Actual Total Time": 273.34,
                  "Actual Rows": 82476,
                  "Actual Loops": 4,
                  "Inner Unique": true,
                  "Hash Cond": "(mk.movie_id = t.id)",
                  "Plans": [
                    {
                      "Node Type": "Seq Scan",
                      "Parent Relationship": "Outer",
                      "Parallel Aware": true,
                      "Relation Name": "movie_keyword",
                      "Alias": "mk",
                      "Startup Cost": 0.0,
                      "Total Cost": 42695.65,
                      "Plan Rows": 888744,
                      "Plan Width": 4,
                      "Actual Startup Time": 0.203,
                      "Actual Total Time": 106.495,
                      "Actual Rows": 685956,
                      "Actual Loops": 4,
                      "Filter": "(keyword_id > 2879)",
                      "Rows Removed by Filter": 445026
                    },
                    {
                      "Node Type": "Hash",
                      "Parent Relationship": "Inner",
                      "Parallel Aware": true,
                      "Startup Cost": 43898.92,
                      "Total Cost": 43898.92,
                      "Plan Rows": 40911,
                      "Plan Width": 4,
                      "Actual Startup Time": 108.423,
                      "Actual Total Time": 108.424,
                      "Actual Rows": 42237,
                      "Actual Loops": 4,
                      "Hash Buckets": 262144,
                      "Original Hash Buckets": 262144,
                      "Hash Batches": 1,
                      "Original Hash Batches": 1,
                      "Peak Memory Usage": 8704,
                      "Plans": [
                        {
                          "Node Type": "Seq Scan",
                          "Parent Relationship": "Outer",
                          "Parallel Aware": true,
                          "Relation Name": "title",
                          "Alias": "t",
                          "Startup Cost": 0.0,
                          "Total Cost": 43898.92,
                          "Plan Rows": 40911,
                          "Plan Width": 4,
                          "Actual Startup Time": 0.441,
                          "Actual Total Time": 94.844,
                          "Actual Rows": 42237,
                          "Actual Loops": 4,
                          "Filter": "(production_year < 1951)",
                          "Rows Removed by Filter": 589841
                        }
                      ]
                    }
                  ]
                }
              ]
            }
          ]
        }
      ]
    },
    "Planning Time": 0.589,
    "Triggers": [],
    "Execution Time": 304.204
  }
]