[
  {
    "Plan": {
      "Node Type": "Aggregate",
      "Strategy": "Plain",
      "Partial Mode": "Finalize",
      "Parallel Aware": false,
      "Startup Cost": 47050.02,
      "Total Cost": 47050.03,
      "Plan Rows": 1,
      "Plan Width": 8,
      "Actual Startup Time": 164.71,
      "Actual Total Time": 173.695,
      "Actual Rows": 1,
      "Actual Loops": 1,
      "Plans": [
        {
          "Node Type": "Gather",
          "Parent Relationship": "Outer",
          "Parallel Aware": false,
          "Startup Cost": 47049.7,
          "Total Cost": 47050.01,
          "Plan Rows": 3,
          "Plan Width": 8,
          "Actual Startup Time": 164.557,
          "Actual Total Time": 173.686,
          "Actual Rows": 4,
          "Actual Loops": 1,
          "Workers Planned": 3,
          "Workers Launched": 3,
          "Single Copy": false,
          "Plans": [
            {
              "Node Type": "Aggregate",
              "Strategy": "Plain",
              "Partial Mode": "Partial",
              "Parent Relationship": "Outer",
              "Parallel Aware": false,
              "Startup Cost": 46049.7,
              "Total Cost": 46049.71,
              "Plan Rows": 1,
              "Plan Width": 8,
              "Actual Startup Time": 159.243,
              "Actual Total Time": 159.244,
              "Actual Rows": 1,
              "Actual Loops": 4,
              "Plans": [
                {
                  "Node Type": "Seq Scan",
                  "Parent Relationship": "Outer",
                  "Parallel Aware": true,
                  "Relation Name": "movie_keyword",
                  "Alias": "mk",
                  "Startup Cost": 0.0,
                  "Total Cost": 42695.65,
                  "Plan Rows": 1341619,
                  "Plan Width": 0,
                  "Actual Startup Time": 0.039,
                  "Actual Total Time": 115.749,
                  "Actual Rows": 1040308,
                  "Actual Loops": 4,
                  "Filter": "(keyword_id < 46120)",
                  "Rows Removed by Filter": 90674
                }
              ]
            }
          ]
        }
      ]
    },
    "Planning Time": 0.189,
    "Triggers": [],
    "Execution Time": 173.752
  }
]