[
  {
    "Plan": {
      "Node Type": "Aggregate",
      "Strategy": "Plain",
      "Partial Mode": "Finalize",
      "Parallel Aware": false,
      "Startup Cost": 47039.42,
      "Total Cost": 47039.43,
      "Plan Rows": 1,
      "Plan Width": 8,
      "Actual Startup Time": 177.874,
      "Actual Total Time": 188.118,
      "Actual Rows": 1,
      "Actual Loops": 1,
      "Plans": [
        {
          "Node Type": "Gather",
          "Parent Relationship": "Outer",
          "Parallel Aware": false,
          "Startup Cost": 47039.11,
          "Total Cost": 47039.42,
          "Plan Rows": 3,
          "Plan Width": 8,
          "Actual Startup Time": 177.735,
          "Actual Total Time": 188.107,
          "Actual Rows": 4,
          "Actual Loops": 1,
          "Workers Planned": 3,
          "Workers Launched": 3,
          "Single Copy": false,
          "Plans": [
            {
              "Node Type": "Aggregate",
              "Strategy": "Plain",
              "Partial Mode": "Partial",
              "Parent Relationship": "Outer",
              "Parallel Aware": false,
              "Startup Cost": 46039.11,
              "Total Cost": 46039.12,
              "Plan Rows": 1,
              "Plan Width": 8,
              "Actual Startup Time": 170.689,
              "Actual Total Time": 170.69,
              "Actual Rows": 1,
              "Actual Loops": 4,
              "Plans": [
                {
                  "Node Type": "Seq Scan",
                  "Parent Relationship": "Outer",
                  "Parallel Aware": true,
                  "Relation Name": "movie_keyword",
                  "Alias": "mk",
                  "Startup Cost": 0.0,
                  "Total Cost": 42695.65,
                  "Plan Rows": 1337381,
                  "Plan Width": 0,
                  "Actual Startup Time": 0.051,
                  "Actual Total Time": 124.51,
                  "Actual Rows": 1040308,
                  "Actual Loops": 4,
                  "Filter": "(keyword_id < 46120)",
                  "Rows Removed by Filter": 90674
                }
              ]
            }
          ]
        }
      ]
    },
    "Planning Time": 0.182,
    "Triggers": [],
    "Execution Time": 188.17
  }
]