[
  {
    "Plan": {
      "Node Type": "Aggregate",
      "Strategy": "Plain",
      "Partial Mode": "Simple",
      "Parallel Aware": false,
      "Startup Cost": 16277.83,
      "Total Cost": 16277.84,
      "Plan Rows": 1,
      "Plan Width": 8,
      "Actual Startup Time": 21.621,
      "Actual Total Time": 21.623,
      "Actual Rows": 1,
      "Actual Loops": 1,
      "Plans": [
        {
          "Node Type": "Bitmap Heap Scan",
          "Parent Relationship": "Outer",
          "Parallel Aware": false,
          "Relation Name": "movie_keyword",
          "Alias": "mk",
          "Startup Cost": 162.87,
          "Total Cost": 16258.98,
          "Plan Rows": 7540,
          "Plan Width": 0,
          "Actual Startup Time": 5.212,
          "Actual Total Time": 20.701,
          "Actual Rows": 6780,
          "Actual Loops": 1,
          "Recheck Cond": "(keyword_id = 1135)",
          "Rows Removed by Index Recheck": 0,
          "Exact Heap Blocks": 5721,
          "Lossy Heap Blocks": 0,
          "Plans": [
            {
              "Node Type": "Bitmap Index Scan",
              "Parent Relationship": "Outer",
              "Parallel Aware": false,
              "Index Name": "keyword_id_movie_keyword",
              "Startup Cost": 0.0,
              "Total Cost": 160.98,
              "Plan Rows": 7540,
              "Plan Width": 0,
              "Actual Startup Time": 2.64,
              "Actual Total Time": 2.641,
              "Actual Rows": 6780,
              "Actual Loops": 1,
              "Index Cond": "(keyword_id = 1135)"
            }
          ]
        }
      ]
    },
    "Planning Time": 0.174,
    "Triggers": [],
    "Execution Time": 21.69
  }
]