{
  "Plan": {
    "Node Type": "Aggregate",
    "Strategy": "Plain",
    "Partial Mode": "Finalize",
    "Parallel Aware": false,
    "Startup Cost": 263701.65,
    "Total Cost": 263701.66,
    "Plan Rows": 1,
    "Plan Width": 8,
    "Actual Startup Time": 2115.567,
    "Actual Total Time": 2157.984,
    "Actual Rows": 1,
    "Actual Loops": 1,
    "Plans": [
      {
        "Node Type": "Gather",
        "Parent Relationship": "Outer",
        "Parallel Aware": false,
        "Startup Cost": 263701.54,
        "Total Cost": 263701.65,
        "Plan Rows": 1,
        "Plan Width": 8,
        "Actual Startup Time": 2114.826,
        "Actual Total Time": 2157.977,
        "Actual Rows": 2,
        "Actual Loops": 1,
        "Workers Planned": 1,
        "Workers Launched": 1,
        "Single Copy": false,
        "Plans": [
          {
            "Node Type": "Aggregate",
            "Strategy": "Plain",
            "Partial Mode": "Partial",
            "Parent Relationship": "Outer",
            "Parallel Aware": false,
            "Startup Cost": 262701.54,
            "Total Cost": 262701.55,
            "Plan Rows": 1,
            "Plan Width": 8,
            "Actual Startup Time": 2108.343,
            "Actual Total Time": 2108.347,
            "Actual Rows": 1,
            "Actual Loops": 2,
            "Plans": [
              {
                "Node Type": "Nested Loop",
                "Parent Relationship": "Outer",
                "Parallel Aware": false,
                "Join Type": "Inner",
                "Startup Cost": 30317.51,
                "Total Cost": 262403.82,
                "Plan Rows": 119088,
                "Plan Width": 0,
                "Actual Startup Time": 118.33,
                "Actual Total Time": 2084.498,
                "Actual Rows": 490154,
                "Actual Loops": 2,
                "Inner Unique": false,
                "Plans": [
                  {
                    "Node Type": "Hash Join",
                    "Parent Relationship": "Outer",
                    "Parallel Aware": true,
                    "Join Type": "Inner",
                    "Startup Cost": 30317.08,
                    "Total Cost": 91076.44,
                    "Plan Rows": 100957,
                    "Plan Width": 8,
                    "Actual Startup Time": 118.248,
                    "Actual Total Time": 557.675,
                    "Actual Rows": 169740,
                    "Actual Loops": 2,
                    "Inner Unique": false,
                    "Hash Cond": "(t.id = mc.movie_id)",
                    "Plans": [
                      {
                        "Node Type": "Seq Scan",
                        "Parent Relationship": "Outer",
                        "Parallel Aware": true,
                        "Relation Name": "title",
                        "Alias": "t",
                        "Startup Cost": 0.0,
                        "Total Cost": 50870.31,
                        "Plan Rows": 1487231,
                        "Plan Width": 4,
                        "Actual Startup Time": 0.015,
                        "Actual Total Time": 115.776,
                        "Actual Rows": 1264156,
                        "Actual Loops": 2
                      },
                      {
                        "Node Type": "Hash",
                        "Parent Relationship": "Inner",
                        "Parallel Aware": true,
                        "Startup Cost": 29055.11,
                        "Total Cost": 29055.11,
                        "Plan Rows": 100957,
                        "Plan Width": 4,
                        "Actual Startup Time": 107.321,
                        "Actual Total Time": 107.322,
                        "Actual Rows": 169740,
                        "Actual Loops": 2,
                        "Hash Buckets": 524288,
                        "Original Hash Buckets": 262144,
                        "Hash Batches": 1,
                        "Original Hash Batches": 1,
                        "Peak Memory Usage": 19456,
                        "Plans": [
                          {
                            "Node Type": "Bitmap Heap Scan",
                            "Parent Relationship": "Outer",
                            "Parallel Aware": true,
                            "Relation Name": "movie_companies",
                            "Alias": "mc",
                            "Startup Cost": 7282.53,
                            "Total Cost": 29055.11,
                            "Plan Rows": 100957,
                            "Plan Width": 4,
                            "Actual Startup Time": 27.99,
                            "Actual Total Time": 67.902,
                            "Actual Rows": 169740,
                            "Actual Loops": 2,
                            "Recheck Cond": "(company_id > 89390)",
                            "Rows Removed by Index Recheck": 0,
                            "Filter": "(company_type_id = 2)",
                            "Rows Removed by Filter": 0,
                            "Exact Heap Blocks": 3281,
                            "Lossy Heap Blocks": 0,
                            "Plans": [
                              {
                                "Node Type": "Bitmap Index Scan",
                                "Parent Relationship": "Outer",
                                "Parallel Aware": false,
                                "Index Name": "company_id_movie_companies",
                                "Startup Cost": 0.0,
                                "Total Cost": 7239.62,
                                "Plan Rows": 338026,
                                "Plan Width": 0,
                                "Actual Startup Time": 29.541,
                                "Actual Total Time": 29.541,
                                "Actual Rows": 339480,
                                "Actual Loops": 1,
                                "Index Cond": "(company_id > 89390)"
                              }
                            ]
                          }
                        ]
                      }
                    ]
                  },
                  {
                    "Node Type": "Index Scan",
                    "Parent Relationship": "Inner",
                    "Parallel Aware": false,
                    "Scan Direction": "Forward",
                    "Index Name": "movie_id_movie_info",
                    "Relation Name": "movie_info",
                    "Alias": "mi",
                    "Startup Cost": 0.43,
                    "Total Cost": 1.62,
                    "Plan Rows": 8,
                    "Plan Width": 4,
                    "Actual Startup Time": 0.005,
                    "Actual Total Time": 0.009,
                    "Actual Rows": 3,
                    "Actual Loops": 339480,
                    "Index Cond": "(movie_id = t.id)",
                    "Rows Removed by Index Recheck": 0,
                    "Filter": "(info_type_id = 16)",
                    "Rows Removed by Filter": 15
                  }
                ]
              }
            ]
          }
        ]
      }
    ]
  },
  "Planning Time": 0.98,
  "Triggers": [],
  "Execution Time": 2158.106
}