[
  {
    "Plan": {
      "Node Type": "Aggregate",
      "Strategy": "Plain",
      "Partial Mode": "Finalize",
      "Parallel Aware": false,
      "Startup Cost": 287183.62,
      "Total Cost": 287183.63,
      "Plan Rows": 1,
      "Plan Width": 8,
      "Actual Startup Time": 1708.021,
      "Actual Total Time": 1761.262,
      "Actual Rows": 1,
      "Actual Loops": 1,
      "Plans": [
        {
          "Node Type": "Gather",
          "Parent Relationship": "Outer",
          "Parallel Aware": false,
          "Startup Cost": 287183.1,
          "Total Cost": 287183.61,
          "Plan Rows": 5,
          "Plan Width": 8,
          "Actual Startup Time": 1699.467,
          "Actual Total Time": 1761.25,
          "Actual Rows": 6,
          "Actual Loops": 1,
          "Workers Planned": 5,
          "Workers Launched": 5,
          "Single Copy": false,
          "Plans": [
            {
              "Node Type": "Aggregate",
              "Strategy": "Plain",
              "Partial Mode": "Partial",
              "Parent Relationship": "Outer",
              "Parallel Aware": false,
              "Startup Cost": 286183.1,
              "Total Cost": 286183.11,
              "Plan Rows": 1,
              "Plan Width": 8,
              "Actual Startup Time": 1689.956,
              "Actual Total Time": 1690.33,
              "Actual Rows": 1,
              "Actual Loops": 6,
              "Plans": [
                {
                  "Node Type": "Hash Join",
                  "Parent Relationship": "Outer",
                  "Parallel Aware": true,
                  "Join Type": "Inner",
                  "Startup Cost": 80723.32,
                  "Total Cost": 284777.25,
                  "Plan Rows": 562341,
                  "Plan Width": 0,
                  "Actual Startup Time": 436.629,
                  "Actual Total Time": 1576.357,
                  "Actual Rows": 2047682,
                  "Actual Loops": 6,
                  "Inner Unique": false,
                  "Hash Cond": "(mi.movie_id = t.id)",
                  "Plans": [
                    {
                      "Node Type": "Seq Scan",
                      "Parent Relationship": "Outer",
                      "Parallel Aware": true,
                      "Relation Name": "movie_info",
                      "Alias": "mi",
                      "Startup Cost": 0.0,
                      "Total Cost": 191560.33,
                      "Plan Rows": 2956733,
                      "Plan Width": 4,
                      "Actual Startup Time": 0.02,
                      "Actual Total Time": 357.222,
                      "Actual Rows": 2472620,
                      "Actual Loops": 6
                    },
                    {
                      "Node Type": "Hash",
                      "Parent Relationship": "Inner",
                      "Parallel Aware": true,
                      "Startup Cost": 79220.64,
                      "Total Cost": 79220.64,
                      "Plan Rows": 120214,
                      "Plan Width": 8,
                      "Actual Startup Time": 432.12,
                      "Actual Total Time": 432.493,
                      "Actual Rows": 133740,
                      "Actual Loops": 6,
                      "Hash Buckets": 1048576,
                      "Original Hash Buckets": 524288,
                      "Hash Batches": 1,
                      "Original Hash Batches": 1,
                      "Peak Memory Usage": 43744,
                      "Plans": [
                        {
                          "Node Type": "Hash Join",
                          "Parent Relationship": "Outer",
                          "Parallel Aware": true,
                          "Join Type": "Inner",
                          "Startup Cost": 33353.76,
                          "Total Cost": 79220.64,
                          "Plan Rows": 120214,
                          "Plan Width": 8,
                          "Actual Startup Time": 146.02,
                          "Actual Total Time": 365.935,
                          "Actual Rows": 133740,
                          "Actual Loops": 6,
                          "Inner Unique": false,
                          "Hash Cond": "(t.id = mc.movie_id)",
                          "Plans": [
                            {
                              "Node Type": "Seq Scan",
                              "Parent Relationship": "Outer",
                              "Parallel Aware": true,
                              "Relation Name": "title",
                              "Alias": "t",
                              "Startup Cost": 0.0,
                              "Total Cost": 42318.73,
                              "Plan Rows": 632073,
                              "Plan Width": 4,
                              "Actual Startup Time": 0.012,
                              "Actual Total Time": 69.647,
                              "Actual Rows": 421385,
                              "Actual Loops": 6
                            },
                            {
                              "Node Type": "Hash",
                              "Parent Relationship": "Inner",
                              "Parallel Aware": true,
                              "Startup Cost": 31414.82,
                              "Total Cost": 31414.82,
                              "Plan Rows": 155115,
                              "Plan Width": 4,
                              "Actual Startup Time": 144.765,
                              "Actual Total Time": 144.766,
                              "Actual Rows": 133740,
                              "Actual Loops": 6,
                              "Hash Buckets": 1048576,
                              "Original Hash Buckets": 524288,
                              "Hash Batches": 1,
                              "Original Hash Batches": 1,
                              "Peak Memory Usage": 43808,
                              "Plans": [
                                {
                                  "Node Type": "Seq Scan",
                                  "Parent Relationship": "Outer",
                                  "Parallel Aware": true,
                                  "Relation Name": "movie_companies",
                                  "Alias": "mc",
                                  "Startup Cost": 0.0,
                                  "Total Cost": 31414.82,
                                  "Plan Rows": 155115,
                                  "Plan Width": 4,
                                  "Actual Startup Time": 41.837,
                                  "Actual Total Time": 76.378,
                                  "Actual Rows": 133740,
                                  "Actual Loops": 6,
                                  "Filter": "((company_id > 18164) AND (company_type_id = 2))",
                                  "Rows Removed by Filter": 301115
                                }
                              ]
                            }
                          ]
                        }
                      ]
                    }
                  ]
                }
              ]
            }
          ]
        }
      ]
    },
    "Planning Time": 1.443,
    "Triggers": [],
    "Execution Time": 1761.358
  }
]