[
  {
    "Plan": {
      "Node Type": "Aggregate",
      "Strategy": "Plain",
      "Partial Mode": "Finalize",
      "Parallel Aware": false,
      "Startup Cost": 77139.89,
      "Total Cost": 77139.9,
      "Plan Rows": 1,
      "Plan Width": 8,
      "Actual Startup Time": 252.711,
      "Actual Total Time": 270.716,
      "Actual Rows": 1,
      "Actual Loops": 1,
      "Plans": [
        {
          "Node Type": "Gather",
          "Parent Relationship": "Outer",
          "Parallel Aware": false,
          "Startup Cost": 77139.57,
          "Total Cost": 77139.88,
          "Plan Rows": 3,
          "Plan Width": 8,
          "Actual Startup Time": 252.331,
          "Actual Total Time": 270.707,
          "Actual Rows": 4,
          "Actual Loops": 1,
          "Workers Planned": 3,
          "Workers Launched": 3,
          "Single Copy": false,
          "Plans": [
            {
              "Node Type": "Aggregate",
              "Strategy": "Plain",
              "Partial Mode": "Partial",
              "Parent Relationship": "Outer",
              "Parallel Aware": false,
              "Startup Cost": 76139.57,
              "Total Cost": 76139.58,
              "Plan Rows": 1,
              "Plan Width": 8,
              "Actual Startup Time": 244.789,
              "Actual Total Time": 244.795,
              "Actual Rows": 1,
              "Actual Loops": 4,
              "Plans": [
                {
                  "Node Type": "Hash Join",
                  "Parent Relationship": "Outer",
                  "Parallel Aware": true,
                  "Join Type": "Inner",
                  "Startup Cost": 45673.39,
                  "Total Cost": 76113.19,
                  "Plan Rows": 10551,
                  "Plan Width": 0,
                  "Actual Startup Time": 159.809,
                  "Actual Total Time": 244.126,
                  "Actual Rows": 10975,
                  "Actual Loops": 4,
                  "Inner Unique": true,
                  "Hash Cond": "(mc.movie_id = t.id)",
                  "Plans": [
                    {
                      "Node Type": "Seq Scan",
                      "Parent Relationship": "Outer",
                      "Parallel Aware": true,
                      "Relation Name": "movie_companies",
                      "Alias": "mc",
                      "Startup Cost": 0.0,
                      "Total Cost": 29310.68,
                      "Plan Rows": 430142,
                      "Plan Width": 4,
                      "Actual Startup Time": 37.334,
                      "Actual Total Time": 81.305,
                      "Actual Rows": 333721,
                      "Actual Loops": 4,
                      "Filter": "(company_type_id > 1)",
                      "Rows Removed by Filter": 318562
                    },
                    {
                      "Node Type": "Hash",
                      "Parent Relationship": "Inner",
                      "Parallel Aware": true,
                      "Startup Cost": 45479.59,
                      "Total Cost": 45479.59,
                      "Plan Rows": 15504,
                      "Plan Width": 4,
                      "Actual Startup Time": 120.936,
                      "Actual Total Time": 120.937,
                      "Actual Rows": 13442,
                      "Actual Loops": 4,
                      "Hash Buckets": 65536,
                      "Original Hash Buckets": 65536,
                      "Hash Batches": 1,
                      "Original Hash Batches": 1,
                      "Peak Memory Usage": 2688,
                      "Plans": [
                        {
                          "Node Type": "Seq Scan",
                          "Parent Relationship": "Outer",
                          "Parallel Aware": true,
                          "Relation Name": "title",
                          "Alias": "t",
                          "Startup Cost": 0.0,
                          "Total Cost": 45479.59,
                          "Plan Rows": 15504,
                          "Plan Width": 4,
                          "Actual Startup Time": 0.104,
                          "Actual Total Time": 114.848,
                          "Actual Rows": 13442,
                          "Actual Loops": 4,
                          "Filter": "((kind_id < 7) AND (production_year = 2011))",
                          "Rows Removed by Filter": 618636
                        }
                      ]
                    }
                  ]
                }
              ]
            }
          ]
        }
      ]
    },
    "Planning Time": 0.556,
    "Triggers": [],
    "Execution Time": 270.778
  }
]