[
  {
    "Plan": {
      "Node Type": "Aggregate",
      "Strategy": "Plain",
      "Partial Mode": "Finalize",
      "Parallel Aware": false,
      "Startup Cost": 109870.42,
      "Total Cost": 109870.43,
      "Plan Rows": 1,
      "Plan Width": 8,
      "Actual Startup Time": 434.085,
      "Actual Total Time": 453.104,
      "Actual Rows": 1,
      "Actual Loops": 1,
      "Plans": [
        {
          "Node Type": "Gather",
          "Parent Relationship": "Outer",
          "Parallel Aware": false,
          "Startup Cost": 109870.1,
          "Total Cost": 109870.41,
          "Plan Rows": 3,
          "Plan Width": 8,
          "Actual Startup Time": 431.374,
          "Actual Total Time": 453.094,
          "Actual Rows": 4,
          "Actual Loops": 1,
          "Workers Planned": 3,
          "Workers Launched": 3,
          "Single Copy": false,
          "Plans": [
            {
              "Node Type": "Aggregate",
              "Strategy": "Plain",
              "Partial Mode": "Partial",
              "Parent Relationship": "Outer",
              "Parallel Aware": false,
              "Startup Cost": 108870.1,
              "Total Cost": 108870.11,
              "Plan Rows": 1,
              "Plan Width": 8,
              "Actual Startup Time": 420.565,
              "Actual Total Time": 420.777,
              "Actual Rows": 1,
              "Actual Loops": 4,
              "Plans": [
                {
                  "Node Type": "Hash Join",
                  "Parent Relationship": "Outer",
                  "Parallel Aware": true,
                  "Join Type": "Inner",
                  "Startup Cost": 63395.49,
                  "Total Cost": 108800.57,
                  "Plan Rows": 27812,
                  "Plan Width": 0,
                  "Actual Startup Time": 245.151,
                  "Actual Total Time": 409.831,
                  "Actual Rows": 281214,
                  "Actual Loops": 4,
                  "Inner Unique": false,
                  "Hash Cond": "(mk.movie_id = t.id)",
                  "Plans": [
                    {
                      "Node Type": "Seq Scan",
                      "Parent Relationship": "Outer",
                      "Parallel Aware": true,
                      "Relation Name": "movie_keyword",
                      "Alias": "mk",
                      "Startup Cost": 0.0,
                      "Total Cost": 42695.65,
                      "Plan Rows": 691611,
                      "Plan Width": 4,
                      "Actual Startup Time": 0.546,
                      "Actual Total Time": 99.188,
                      "Actual Rows": 536352,
                      "Actual Loops": 4,
                      "Filter": "(keyword_id > 5443)",
                      "Rows Removed by Filter": 594630
                    },
                    {
                      "Node Type": "Hash",
                      "Parent Relationship": "Inner",
                      "Parallel Aware": true,
                      "Startup Cost": 62865.96,
                      "Total Cost": 62865.96,
                      "Plan Rows": 42363,
                      "Plan Width": 8,
                      "Actual Startup Time": 242.535,
                      "Actual Total Time": 242.745,
                      "Actual Rows": 56318,
                      "Actual Loops": 4,
                      "Hash Buckets": 262144,
                      "Original Hash Buckets": 131072,
                      "Hash Batches": 1,
                      "Original Hash Batches": 1,
                      "Peak Memory Usage": 11968,
                      "Plans": [
                        {
                          "Node Type": "Hash Join",
                          "Parent Relationship": "Outer",
                          "Parallel Aware": true,
                          "Join Type": "Inner",
                          "Startup Cost": 47246.02,
                          "Total Cost": 62865.96,
                          "Plan Rows": 42363,
                          "Plan Width": 8,
                          "Actual Startup Time": 157.126,
                          "Actual Total Time": 223.013,
                          "Actual Rows": 56318,
                          "Actual Loops": 4,
                          "Inner Unique": true,
                          "Hash Cond": "(mi_idx.movie_id = t.id)",
                          "Plans": [
                            {
                              "Node Type": "Seq Scan",
                              "Parent Relationship": "Outer",
                              "Parallel Aware": true,
                              "Relation Name": "movie_info_idx",
                              "Alias": "mi_idx",
                              "Startup Cost": 0.0,
                              "Total Cost": 15122.68,
                              "Plan Rows": 189429,
                              "Plan Width": 4,
                              "Actual Startup Time": 0.028,
                              "Actual Total Time": 29.447,
                              "Actual Rows": 114981,
                              "Actual Loops": 4,
                              "Filter": "(info_type_id = 99)",
                              "Rows Removed by Filter": 230028
                            },
                            {
                              "Node Type": "Hash",
                              "Parent Relationship": "Inner",
                              "Parallel Aware": true,
                              "Startup Cost": 45479.1,
                              "Total Cost": 45479.1,
                              "Plan Rows": 141354,
                              "Plan Width": 4,
                              "Actual Startup Time": 153.264,
                              "Actual Total Time": 153.265,
                              "Actual Rows": 155110,
                              "Actual Loops": 4,
                              "Hash Buckets": 1048576,
                              "Original Hash Buckets": 1048576,
                              "Hash Batches": 1,
                              "Original Hash Batches": 1,
                              "Peak Memory Usage": 32544,
                              "Plans": [
                                {
                                  "Node Type": "Seq Scan",
                                  "Parent Relationship": "Outer",
                                  "Parallel Aware": true,
                                  "Relation Name": "title",
                                  "Alias": "t",
                                  "Startup Cost": 0.0,
                                  "Total Cost": 45479.1,
                                  "Plan Rows": 141354,
                                  "Plan Width": 4,
                                  "Actual Startup Time": 0.053,
                                  "Actual Total Time": 99.542,
                                  "Actual Rows": 155110,
                                  "Actual Loops": 4,
                                  "Filter": "((kind_id < 4) AND (production_year < 2008))",
                                  "Rows Removed by Filter": 476968
                                }
                              ]
                            }
                          ]
                        }
                      ]
                    }
                  ]
                }
              ]
            }
          ]
        }
      ]
    },
    "Planning Time": 1.339,
    "Triggers": [],
    "Execution Time": 453.185
  }
]