[
  {
    "Plan": {
      "Node Type": "Aggregate",
      "Strategy": "Plain",
      "Partial Mode": "Finalize",
      "Parallel Aware": false,
      "Startup Cost": 435495.61,
      "Total Cost": 435495.62,
      "Plan Rows": 1,
      "Plan Width": 8,
      "Actual Startup Time": 1524.37,
      "Actual Total Time": 1591.122,
      "Actual Rows": 1,
      "Actual Loops": 1,
      "Plans": [
        {
          "Node Type": "Gather",
          "Parent Relationship": "Outer",
          "Parallel Aware": false,
          "Startup Cost": 435494.98,
          "Total Cost": 435495.59,
          "Plan Rows": 6,
          "Plan Width": 8,
          "Actual Startup Time": 1513.979,
          "Actual Total Time": 1591.107,
          "Actual Rows": 7,
          "Actual Loops": 1,
          "Workers Planned": 6,
          "Workers Launched": 6,
          "Single Copy": false,
          "Plans": [
            {
              "Node Type": "Aggregate",
              "Strategy": "Plain",
              "Partial Mode": "Partial",
              "Parent Relationship": "Outer",
              "Parallel Aware": false,
              "Startup Cost": 434494.98,
              "Total Cost": 434494.99,
              "Plan Rows": 1,
              "Plan Width": 8,
              "Actual Startup Time": 1503.825,
              "Actual Total Time": 1503.975,
              "Actual Rows": 1,
              "Actual Loops": 7,
              "Plans": [
                {
                  "Node Type": "Hash Join",
                  "Parent Relationship": "Outer",
                  "Parallel Aware": true,
                  "Join Type": "Inner",
                  "Startup Cost": 79609.55,
                  "Total Cost": 433043.54,
                  "Plan Rows": 580576,
                  "Plan Width": 0,
                  "Actual Startup Time": 662.586,
                  "Actual Total Time": 1436.193,
                  "Actual Rows": 1487238,
                  "Actual Loops": 7,
                  "Inner Unique": false,
                  "Hash Cond": "(ci.movie_id = t.id)",
                  "Plans": [
                    {
                      "Node Type": "Seq Scan",
                      "Parent Relationship": "Outer",
                      "Parallel Aware": true,
                      "Relation Name": "cast_info",
                      "Alias": "ci",
                      "Startup Cost": 0.0,
                      "Total Cost": 343316.27,
                      "Plan Rows": 2198638,
                      "Plan Width": 4,
                      "Actual Startup Time": 346.855,
                      "Actual Total Time": 665.799,
                      "Actual Rows": 1395628,
                      "Actual Loops": 7,
                      "Filter": "((person_id < 3018469) AND (role_id > 2))",
                      "Rows Removed by Filter": 3782136
                    },
                    {
                      "Node Type": "Hash",
                      "Parent Relationship": "Inner",
                      "Parallel Aware": true,
                      "Startup Cost": 76917.38,
                      "Total Cost": 76917.38,
                      "Plan Rows": 215374,
                      "Plan Width": 8,
                      "Actual Startup Time": 312.535,
                      "Actual Total Time": 312.682,
                      "Actual Rows": 143008,
                      "Actual Loops": 7,
                      "Hash Buckets": 1048576,
                      "Original Hash Buckets": 1048576,
                      "Hash Batches": 1,
                      "Original Hash Batches": 1,
                      "Peak Memory Usage": 47424,
                      "Plans": [
                        {
                          "Node Type": "Hash Join",
                          "Parent Relationship": "Outer",
                          "Parallel Aware": true,
                          "Join Type": "Inner",
                          "Startup Cost": 47501.49,
                          "Total Cost": 76917.38,
                          "Plan Rows": 215374,
                          "Plan Width": 8,
                          "Actual Startup Time": 127.977,
                          "Actual Total Time": 254.183,
                          "Actual Rows": 143008,
                          "Actual Loops": 7,
                          "Inner Unique": true,
                          "Hash Cond": "(mc.movie_id = t.id)",
                          "Plans": [
                            {
                              "Node Type": "Seq Scan",
                              "Parent Relationship": "Outer",
                              "Parallel Aware": true,
                              "Relation Name": "movie_companies",
                              "Alias": "mc",
                              "Startup Cost": 0.0,
                              "Total Cost": 27206.55,
                              "Plan Rows": 841655,
                              "Plan Width": 4,
                              "Actual Startup Time": 0.02,
                              "Actual Total Time": 40.978,
                              "Actual Rows": 372733,
                              "Actual Loops": 7
                            },
                            {
                              "Node Type": "Hash",
                              "Parent Relationship": "Inner",
                              "Parallel Aware": true,
                              "Startup Cost": 45479.59,
                              "Total Cost": 45479.59,
                              "Plan Rows": 161752,
                              "Plan Width": 4,
                              "Actual Startup Time": 126.32,
                              "Actual Total Time": 126.321,
                              "Actual Rows": 77774,
                              "Actual Loops": 7,
                              "Hash Buckets": 1048576,
                              "Original Hash Buckets": 1048576,
                              "Hash Batches": 1,
                              "Original Hash Batches": 1,
                              "Peak Memory Usage": 29632,
                              "Plans": [
                                {
                                  "Node Type": "Seq Scan",
                                  "Parent Relationship": "Outer",
                                  "Parallel Aware": true,
                                  "Relation Name": "title",
                                  "Alias": "t",
                                  "Startup Cost": 0.0,
                                  "Total Cost": 45479.59,
                                  "Plan Rows": 161752,
                                  "Plan Width": 4,
                                  "Actual Startup Time": 0.078,
                                  "Actual Total Time": 79.21,
                                  "Actual Rows": 77774,
                                  "Actual Loops": 7,
                                  "Filter": "((kind_id < 7) AND (production_year > 1994))",
                                  "Rows Removed by Filter": 283413
                                }
                              ]
                            }
                          ]
                        }
                      ]
                    }
                  ]
                }
              ]
            }
          ]
        }
      ]
    },
    "Planning Time": 1.453,
    "Triggers": [],
    "Execution Time": 1591.231
  }
]