[
  {
    "Plan": {
      "Node Type": "Aggregate",
      "Strategy": "Plain",
      "Partial Mode": "Finalize",
      "Parallel Aware": false,
      "Startup Cost": 100644.5,
      "Total Cost": 100644.51,
      "Plan Rows": 1,
      "Plan Width": 8,
      "Actual Startup Time": 482.471,
      "Actual Total Time": 493.733,
      "Actual Rows": 1,
      "Actual Loops": 1,
      "Plans": [
        {
          "Node Type": "Gather",
          "Parent Relationship": "Outer",
          "Parallel Aware": false,
          "Startup Cost": 100644.29,
          "Total Cost": 100644.5,
          "Plan Rows": 2,
          "Plan Width": 8,
          "Actual Startup Time": 479.636,
          "Actual Total Time": 493.726,
          "Actual Rows": 3,
          "Actual Loops": 1,
          "Workers Planned": 2,
          "Workers Launched": 2,
          "Single Copy": false,
          "Plans": [
            {
              "Node Type": "Aggregate",
              "Strategy": "Plain",
              "Partial Mode": "Partial",
              "Parent Relationship": "Outer",
              "Parallel Aware": false,
              "Startup Cost": 99644.29,
              "Total Cost": 99644.3,
              "Plan Rows": 1,
              "Plan Width": 8,
              "Actual Startup Time": 476.608,
              "Actual Total Time": 476.728,
              "Actual Rows": 1,
              "Actual Loops": 3,
              "Plans": [
                {
                  "Node Type": "Hash Join",
                  "Parent Relationship": "Outer",
                  "Parallel Aware": true,
                  "Join Type": "Inner",
                  "Startup Cost": 83688.08,
                  "Total Cost": 99594.18,
                  "Plan Rows": 20043,
                  "Plan Width": 0,
                  "Actual Startup Time": 361.621,
                  "Actual Total Time": 468.83,
                  "Actual Rows": 118513,
                  "Actual Loops": 3,
                  "Inner Unique": false,
                  "Hash Cond": "(mi_idx.movie_id = t.id)",
                  "Plans": [
                    {
                      "Node Type": "Seq Scan",
                      "Parent Relationship": "Outer",
                      "Parallel Aware": true,
                      "Relation Name": "movie_info_idx",
                      "Alias": "mi_idx",
                      "Startup Cost": 0.0,
                      "Total Cost": 13685.15,
                      "Plan Rows": 575015,
                      "Plan Width": 4,
                      "Actual Startup Time": 0.021,
                      "Actual Total Time": 49.103,
                      "Actual Rows": 460012,
                      "Actual Loops": 3
                    },
                    {
                      "Node Type": "Hash",
                      "Parent Relationship": "Inner",
                      "Parallel Aware": true,
                      "Startup Cost": 83332.73,
                      "Total Cost": 83332.73,
                      "Plan Rows": 28428,
                      "Plan Width": 8,
                      "Actual Startup Time": 347.035,
                      "Actual Total Time": 347.154,
                      "Actual Rows": 47926,
                      "Actual Loops": 3,
                      "Hash Buckets": 262144,
                      "Original Hash Buckets": 131072,
                      "Hash Batches": 1,
                      "Original Hash Batches": 1,
                      "Peak Memory Usage": 8736,
                      "Plans": [
                        {
                          "Node Type": "Hash Join",
                          "Parent Relationship": "Outer",
                          "Parallel Aware": true,
                          "Join Type": "Inner",
                          "Startup Cost": 56659.53,
                          "Total Cost": 83332.73,
                          "Plan Rows": 28428,
                          "Plan Width": 8,
                          "Actual Startup Time": 220.266,
                          "Actual Total Time": 328.686,
                          "Actual Rows": 47926,
                          "Actual Loops": 3,
                          "Inner Unique": true,
                          "Hash Cond": "(mk.movie_id = t.id)",
                          "Plans": [
                            {
                              "Node Type": "Bitmap Heap Scan",
                              "Parent Relationship": "Outer",
                              "Parallel Aware": true,
                              "Relation Name": "movie_keyword",
                              "Alias": "mk",
                              "Startup Cost": 9649.47,
                              "Total Cost": 35937.52,
                              "Plan Rows": 146724,
                              "Plan Width": 4,
                              "Actual Startup Time": 42.025,
                              "Actual Total Time": 111.026,
                              "Actual Rows": 149531,
                              "Actual Loops": 3,
                              "Recheck Cond": "(keyword_id > 39584)",
                              "Rows Removed by Index Recheck": 0,
                              "Exact Heap Blocks": 8726,
                              "Lossy Heap Blocks": 0,
                              "Plans": [
                                {
                                  "Node Type": "Bitmap Index Scan",
                                  "Parent Relationship": "Outer",
                                  "Parallel Aware": false,
                                  "Index Name": "keyword_id_movie_keyword",
                                  "Startup Cost": 0.0,
                                  "Total Cost": 9535.76,
                                  "Plan Rows": 454844,
                                  "Plan Width": 0,
                                  "Actual Startup Time": 36.634,
                                  "Actual Total Time": 36.634,
                                  "Actual Rows": 448592,
                                  "Actual Loops": 1,
                                  "Index Cond": "(keyword_id > 39584)"
                                }
                              ]
                            },
                            {
                              "Node Type": "Hash",
                              "Parent Relationship": "Inner",
                              "Parallel Aware": true,
                              "Startup Cost": 45479.21,
                              "Total Cost": 45479.21,
                              "Plan Rows": 122468,
                              "Plan Width": 4,
                              "Actual Startup Time": 176.833,
                              "Actual Total Time": 176.834,
                              "Actual Rows": 126735,
                              "Actual Loops": 3,
                              "Hash Buckets": 524288,
                              "Original Hash Buckets": 524288,
                              "Hash Batches": 1,
                              "Original Hash Batches": 1,
                              "Peak Memory Usage": 19008,
                              "Plans": [
                                {
                                  "Node Type": "Seq Scan",
                                  "Parent Relationship": "Outer",
                                  "Parallel Aware": true,
                                  "Relation Name": "title",
                                  "Alias": "t",
                                  "Startup Cost": 0.0,
                                  "Total Cost": 45479.21,
                                  "Plan Rows": 122468,
                                  "Plan Width": 4,
                                  "Actual Startup Time": 0.015,
                                  "Actual Total Time": 129.93,
                                  "Actual Rows": 126735,
                                  "Actual Loops": 3,
                                  "Filter": "((kind_id < 4) AND (production_year > 1999))",
                                  "Rows Removed by Filter": 716036
                                }
                              ]
                            }
                          ]
                        }
                      ]
                    }
                  ]
                }
              ]
            }
          ]
        }
      ]
    },
    "Planning Time": 0.559,
    "Triggers": [],
    "Execution Time": 493.786
  }
]