[
  {
    "Plan": {
      "Node Type": "Aggregate",
      "Strategy": "Plain",
      "Partial Mode": "Simple",
      "Parallel Aware": false,
      "Startup Cost": 22073.02,
      "Total Cost": 22073.03,
      "Plan Rows": 1,
      "Plan Width": 8,
      "Actual Startup Time": 26.984,
      "Actual Total Time": 26.984,
      "Actual Rows": 1,
      "Actual Loops": 1,
      "Plans": [
        {
          "Node Type": "Bitmap Heap Scan",
          "Parent Relationship": "Outer",
          "Parallel Aware": false,
          "Relation Name": "movie_companies",
          "Alias": "mc",
          "Startup Cost": 1870.39,
          "Total Cost": 21962.14,
          "Plan Rows": 44352,
          "Plan Width": 0,
          "Actual Startup Time": 4.529,
          "Actual Total Time": 23.109,
          "Actual Rows": 86431,
          "Actual Loops": 1,
          "Recheck Cond": "(company_id > 165915)",
          "Rows Removed by Index Recheck": 0,
          "Filter": "(company_type_id = 2)",
          "Rows Removed by Filter": 0,
          "Exact Heap Blocks": 2873,
          "Lossy Heap Blocks": 0,
          "Plans": [
            {
              "Node Type": "Bitmap Index Scan",
              "Parent Relationship": "Outer",
              "Parallel Aware": false,
              "Index Name": "company_id_movie_companies",
              "Startup Cost": 0.0,
              "Total Cost": 1859.3,
              "Plan Rows": 86783,
              "Plan Width": 0,
              "Actual Startup Time": 4.155,
              "Actual Total Time": 4.156,
              "Actual Rows": 86431,
              "Actual Loops": 1,
              "Index Cond": "(company_id > 165915)"
            }
          ]
        }
      ]
    },
    "Planning Time": 0.216,
    "Triggers": [],
    "Execution Time": 27.046
  }
]