[
  {
    "Plan": {
      "Node Type": "Aggregate",
      "Strategy": "Plain",
      "Partial Mode": "Finalize",
      "Parallel Aware": false,
      "Startup Cost": 46773.51,
      "Total Cost": 46773.52,
      "Plan Rows": 1,
      "Plan Width": 8,
      "Actual Startup Time": 90.793,
      "Actual Total Time": 101.28,
      "Actual Rows": 1,
      "Actual Loops": 1,
      "Plans": [
        {
          "Node Type": "Gather",
          "Parent Relationship": "Outer",
          "Parallel Aware": false,
          "Startup Cost": 46773.09,
          "Total Cost": 46773.5,
          "Plan Rows": 4,
          "Plan Width": 8,
          "Actual Startup Time": 90.509,
          "Actual Total Time": 101.27,
          "Actual Rows": 5,
          "Actual Loops": 1,
          "Workers Planned": 4,
          "Workers Launched": 4,
          "Single Copy": false,
          "Plans": [
            {
              "Node Type": "Aggregate",
              "Strategy": "Plain",
              "Partial Mode": "Partial",
              "Parent Relationship": "Outer",
              "Parallel Aware": false,
              "Startup Cost": 45773.09,
              "Total Cost": 45773.1,
              "Plan Rows": 1,
              "Plan Width": 8,
              "Actual Startup Time": 85.348,
              "Actual Total Time": 85.35,
              "Actual Rows": 1,
              "Actual Loops": 5,
              "Plans": [
                {
                  "Node Type": "Seq Scan",
                  "Parent Relationship": "Outer",
                  "Parallel Aware": true,
                  "Relation Name": "title",
                  "Alias": "t",
                  "Startup Cost": 0.0,
                  "Total Cost": 45479.59,
                  "Plan Rows": 117402,
                  "Plan Width": 0,
                  "Actual Startup Time": 0.029,
                  "Actual Total Time": 81.793,
                  "Actual Rows": 69055,
                  "Actual Loops": 5,
                  "Filter": "((kind_id > 2) AND (production_year < 1990))",
                  "Rows Removed by Filter": 436607
                }
              ]
            }
          ]
        }
      ]
    },
    "Planning Time": 0.299,
    "Triggers": [],
    "Execution Time": 101.342
  }
]