[
  {
    "Plan": {
      "Node Type": "Aggregate",
      "Strategy": "Plain",
      "Partial Mode": "Finalize",
      "Parallel Aware": false,
      "Startup Cost": 443922.79,
      "Total Cost": 443922.8,
      "Plan Rows": 1,
      "Plan Width": 8,
      "Actual Startup Time": 2486.38,
      "Actual Total Time": 2539.342,
      "Actual Rows": 1,
      "Actual Loops": 1,
      "Plans": [
        {
          "Node Type": "Gather",
          "Parent Relationship": "Outer",
          "Parallel Aware": false,
          "Startup Cost": 443922.17,
          "Total Cost": 443922.78,
          "Plan Rows": 6,
          "Plan Width": 8,
          "Actual Startup Time": 2466.609,
          "Actual Total Time": 2539.329,
          "Actual Rows": 7,
          "Actual Loops": 1,
          "Workers Planned": 6,
          "Workers Launched": 6,
          "Single Copy": false,
          "Plans": [
            {
              "Node Type": "Aggregate",
              "Strategy": "Plain",
              "Partial Mode": "Partial",
              "Parent Relationship": "Outer",
              "Parallel Aware": false,
              "Startup Cost": 442922.17,
              "Total Cost": 442922.18,
              "Plan Rows": 1,
              "Plan Width": 8,
              "Actual Startup Time": 2454.71,
              "Actual Total Time": 2454.718,
              "Actual Rows": 1,
              "Actual Loops": 7,
              "Plans": [
                {
                  "Node Type": "Hash Join",
                  "Parent Relationship": "Outer",
                  "Parallel Aware": true,
                  "Join Type": "Inner",
                  "Startup Cost": 97483.63,
                  "Total Cost": 438698.0,
                  "Plan Rows": 1689668,
                  "Plan Width": 0,
                  "Actual Startup Time": 416.496,
                  "Actual Total Time": 2267.202,
                  "Actual Rows": 4328668,
                  "Actual Loops": 7,
                  "Inner Unique": false,
                  "Hash Cond": "(ci.movie_id = t.id)",
                  "Plans": [
                    {
                      "Node Type": "Seq Scan",
                      "Parent Relationship": "Outer",
                      "Parallel Aware": true,
                      "Relation Name": "cast_info",
                      "Alias": "ci",
                      "Startup Cost": 0.0,
                      "Total Cost": 313106.51,
                      "Plan Rows": 6041951,
                      "Plan Width": 4,
                      "Actual Startup Time": 0.032,
                      "Actual Total Time": 526.749,
                      "Actual Rows": 5177763,
                      "Actual Loops": 7
                    },
                    {
                      "Node Type": "Hash",
                      "Parent Relationship": "Inner",
                      "Parallel Aware": true,
                      "Startup Cost": 94632.47,
                      "Total Cost": 94632.47,
                      "Plan Rows": 228093,
                      "Plan Width": 8,
                      "Actual Startup Time": 413.757,
                      "Actual Total Time": 413.763,
                      "Actual Rows": 105532,
                      "Actual Loops": 7,
                      "Hash Buckets": 1048576,
                      "Original Hash Buckets": 1048576,
                      "Hash Batches": 1,
                      "Original Hash Batches": 1,
                      "Peak Memory Usage": 37216,
                      "Plans": [
                        {
                          "Node Type": "Hash Join",
                          "Parent Relationship": "Outer",
                          "Parallel Aware": true,
                          "Join Type": "Inner",
                          "Startup Cost": 51297.33,
                          "Total Cost": 94632.47,
                          "Plan Rows": 228093,
                          "Plan Width": 8,
                          "Actual Startup Time": 277.748,
                          "Actual Total Time": 377.837,
                          "Actual Rows": 105532,
                          "Actual Loops": 7,
                          "Inner Unique": true,
                          "Hash Cond": "(mk.movie_id = t.id)",
                          "Plans": [
                            {
                              "Node Type": "Seq Scan",
                              "Parent Relationship": "Outer",
                              "Parallel Aware": true,
                              "Relation Name": "movie_keyword",
                              "Alias": "mk",
                              "Startup Cost": 0.0,
                              "Total Cost": 42695.65,
                              "Plan Rows": 243611,
                              "Plan Width": 4,
                              "Actual Startup Time": 0.047,
                              "Actual Total Time": 60.252,
                              "Actual Rows": 108179,
                              "Actual Loops": 7,
                              "Filter": "(keyword_id < 699)",
                              "Rows Removed by Filter": 538097
                            },
                            {
                              "Node Type": "Hash",
                              "Parent Relationship": "Inner",
                              "Parallel Aware": true,
                              "Startup Cost": 43899.32,
                              "Total Cost": 43899.32,
                              "Plan Rows": 591841,
                              "Plan Width": 4,
                              "Actual Startup Time": 273.217,
                              "Actual Total Time": 273.219,
                              "Actual Rows": 338135,
                              "Actual Loops": 7,
                              "Hash Buckets": 4194304,
                              "Original Hash Buckets": 4194304,
                              "Hash Batches": 1,
                              "Original Hash Batches": 1,
                              "Peak Memory Usage": 125472,
                              "Plans": [
                                {
                                  "Node Type": "Seq Scan",
                                  "Parent Relationship": "Outer",
                                  "Parallel Aware": true,
                                  "Relation Name": "title",
                                  "Alias": "t",
                                  "Startup Cost": 0.0,
                                  "Total Cost": 43899.32,
                                  "Plan Rows": 591841,
                                  "Plan Width": 4,
                                  "Actual Startup Time": 0.067,
                                  "Actual Total Time": 85.15,
                                  "Actual Rows": 338135,
                                  "Actual Loops": 7,
                                  "Filter": "(production_year > 1920)",
                                  "Rows Removed by Filter": 23052
                                }
                              ]
                            }
                          ]
                        }
                      ]
                    }
                  ]
                }
              ]
            }
          ]
        }
      ]
    },
    "Planning Time": 0.653,
    "Triggers": [],
    "Execution Time": 2539.415
  }
]