[
  {
    "Plan": {
      "Node Type": "Aggregate",
      "Strategy": "Plain",
      "Partial Mode": "Finalize",
      "Parallel Aware": false,
      "Startup Cost": 345521.79,
      "Total Cost": 345521.8,
      "Plan Rows": 1,
      "Plan Width": 8,
      "Actual Startup Time": 629.574,
      "Actual Total Time": 676.434,
      "Actual Rows": 1,
      "Actual Loops": 1,
      "Plans": [
        {
          "Node Type": "Gather",
          "Parent Relationship": "Outer",
          "Parallel Aware": false,
          "Startup Cost": 345521.16,
          "Total Cost": 345521.77,
          "Plan Rows": 6,
          "Plan Width": 8,
          "Actual Startup Time": 629.399,
          "Actual Total Time": 676.423,
          "Actual Rows": 7,
          "Actual Loops": 1,
          "Workers Planned": 6,
          "Workers Launched": 6,
          "Single Copy": false,
          "Plans": [
            {
              "Node Type": "Aggregate",
              "Strategy": "Plain",
              "Partial Mode": "Partial",
              "Parent Relationship": "Outer",
              "Parallel Aware": false,
              "Startup Cost": 344521.16,
              "Total Cost": 344521.17,
              "Plan Rows": 1,
              "Plan Width": 8,
              "Actual Startup Time": 623.11,
              "Actual Total Time": 623.111,
              "Actual Rows": 1,
              "Actual Loops": 7,
              "Plans": [
                {
                  "Node Type": "Seq Scan",
                  "Parent Relationship": "Outer",
                  "Parallel Aware": true,
                  "Relation Name": "cast_info",
                  "Alias": "ci",
                  "Startup Cost": 0.0,
                  "Total Cost": 343316.27,
                  "Plan Rows": 481956,
                  "Plan Width": 0,
                  "Actual Startup Time": 340.904,
                  "Actual Total Time": 609.165,
                  "Actual Rows": 266100,
                  "Actual Loops": 7,
                  "Filter": "((person_id < 643100) AND (role_id > 2))",
                  "Rows Removed by Filter": 4911663
                }
              ]
            }
          ]
        }
      ]
    },
    "Planning Time": 0.098,
    "Triggers": [],
    "Execution Time": 676.474
  }
]