[
  {
    "Plan": {
      "Node Type": "Aggregate",
      "Strategy": "Plain",
      "Partial Mode": "Finalize",
      "Parallel Aware": false,
      "Startup Cost": 341625.2,
      "Total Cost": 341625.21,
      "Plan Rows": 1,
      "Plan Width": 8,
      "Actual Startup Time": 842.724,
      "Actual Total Time": 885.189,
      "Actual Rows": 1,
      "Actual Loops": 1,
      "Plans": [
        {
          "Node Type": "Gather",
          "Parent Relationship": "Outer",
          "Parallel Aware": false,
          "Startup Cost": 341624.57,
          "Total Cost": 341625.18,
          "Plan Rows": 6,
          "Plan Width": 8,
          "Actual Startup Time": 842.501,
          "Actual Total Time": 885.178,
          "Actual Rows": 7,
          "Actual Loops": 1,
          "Workers Planned": 6,
          "Workers Launched": 6,
          "Single Copy": false,
          "Plans": [
            {
              "Node Type": "Aggregate",
              "Strategy": "Plain",
              "Partial Mode": "Partial",
              "Parent Relationship": "Outer",
              "Parallel Aware": false,
              "Startup Cost": 340624.57,
              "Total Cost": 340624.58,
              "Plan Rows": 1,
              "Plan Width": 8,
              "Actual Startup Time": 835.693,
              "Actual Total Time": 835.694,
              "Actual Rows": 1,
              "Actual Loops": 7,
              "Plans": [
                {
                  "Node Type": "Seq Scan",
                  "Parent Relationship": "Outer",
                  "Parallel Aware": true,
                  "Relation Name": "cast_info",
                  "Alias": "ci",
                  "Startup Cost": 0.0,
                  "Total Cost": 328211.39,
                  "Plan Rows": 4965273,
                  "Plan Width": 0,
                  "Actual Startup Time": 0.047,
                  "Actual Total Time": 629.545,
                  "Actual Rows": 4266027,
                  "Actual Loops": 7,
                  "Filter": "(person_id < 3015890)",
                  "Rows Removed by Filter": 911736
                }
              ]
            }
          ]
        }
      ]
    },
    "Planning Time": 0.2,
    "Triggers": [],
    "Execution Time": 885.262
  }
]