[
  {
    "Plan": {
      "Node Type": "Aggregate",
      "Strategy": "Plain",
      "Partial Mode": "Finalize",
      "Parallel Aware": false,
      "Startup Cost": 38395.15,
      "Total Cost": 38395.16,
      "Plan Rows": 1,
      "Plan Width": 8,
      "Actual Startup Time": 130.362,
      "Actual Total Time": 137.876,
      "Actual Rows": 1,
      "Actual Loops": 1,
      "Plans": [
        {
          "Node Type": "Gather",
          "Parent Relationship": "Outer",
          "Parallel Aware": false,
          "Startup Cost": 38394.83,
          "Total Cost": 38395.14,
          "Plan Rows": 3,
          "Plan Width": 8,
          "Actual Startup Time": 130.027,
          "Actual Total Time": 137.867,
          "Actual Rows": 4,
          "Actual Loops": 1,
          "Workers Planned": 3,
          "Workers Launched": 3,
          "Single Copy": false,
          "Plans": [
            {
              "Node Type": "Aggregate",
              "Strategy": "Plain",
              "Partial Mode": "Partial",
              "Parent Relationship": "Outer",
              "Parallel Aware": false,
              "Startup Cost": 37394.83,
              "Total Cost": 37394.84,
              "Plan Rows": 1,
              "Plan Width": 8,
              "Actual Startup Time": 124.268,
              "Actual Total Time": 124.269,
              "Actual Rows": 1,
              "Actual Loops": 4,
              "Plans": [
                {
                  "Node Type": "Bitmap Heap Scan",
                  "Parent Relationship": "Outer",
                  "Parallel Aware": true,
                  "Relation Name": "movie_keyword",
                  "Alias": "mk",
                  "Startup Cost": 10537.6,
                  "Total Cost": 36994.29,
                  "Plan Rows": 160215,
                  "Plan Width": 0,
                  "Actual Startup Time": 46.421,
                  "Actual Total Time": 117.191,
                  "Actual Rows": 120991,
                  "Actual Loops": 4,
                  "Recheck Cond": "(keyword_id > 37065)",
                  "Rows Removed by Index Recheck": 0,
                  "Exact Heap Blocks": 10756,
                  "Lossy Heap Blocks": 0,
                  "Plans": [
                    {
                      "Node Type": "Bitmap Index Scan",
                      "Parent Relationship": "Outer",
                      "Parallel Aware": false,
                      "Index Name": "keyword_id_movie_keyword",
                      "Startup Cost": 0.0,
                      "Total Cost": 10413.44,
                      "Plan Rows": 496667,
                      "Plan Width": 0,
                      "Actual Startup Time": 47.991,
                      "Actual Total Time": 47.991,
                      "Actual Rows": 483965,
                      "Actual Loops": 1,
                      "Index Cond": "(keyword_id > 37065)"
                    }
                  ]
                }
              ]
            }
          ]
        }
      ]
    },
    "Planning Time": 0.216,
    "Triggers": [],
    "Execution Time": 137.951
  }
]