[
    {
        "Bao": {
            "Bao prediction": "NaN",
            "Bao recommended hint": "(no hint)"
        }
    },
    {
        "Plan": {
            "Node Type": "Aggregate",
            "Strategy": "Plain",
            "Partial Mode": "Finalize",
            "Parallel Aware": false,
            "Startup Cost": 250734.76,
            "Total Cost": 250734.77,
            "Plan Rows": 1,
            "Plan Width": 8,
            "Actual Startup Time": 692.44,
            "Actual Total Time": 716.691,
            "Actual Rows": 1,
            "Actual Loops": 1,
            "Output": [
                "count(*)"
            ],
            "Plans": [
                {
                    "Node Type": "Gather",
                    "Parent Relationship": "Outer",
                    "Parallel Aware": false,
                    "Startup Cost": 250734.24,
                    "Total Cost": 250734.75,
                    "Plan Rows": 5,
                    "Plan Width": 8,
                    "Actual Startup Time": 680.896,
                    "Actual Total Time": 716.682,
                    "Actual Rows": 6,
                    "Actual Loops": 1,
                    "Output": [
                        "(PARTIAL count(*))"
                    ],
                    "Workers Planned": 5,
                    "Workers Launched": 5,
                    "Single Copy": false,
                    "Plans": [
                        {
                            "Node Type": "Aggregate",
                            "Strategy": "Plain",
                            "Partial Mode": "Partial",
                            "Parent Relationship": "Outer",
                            "Parallel Aware": false,
                            "Startup Cost": 249734.24,
                            "Total Cost": 249734.25,
                            "Plan Rows": 1,
                            "Plan Width": 8,
                            "Actual Startup Time": 671.455,
                            "Actual Total Time": 671.458,
                            "Actual Rows": 1,
                            "Actual Loops": 6,
                            "Output": [
                                "PARTIAL count(*)"
                            ],
                            "Workers": [
                                {
                                    "Worker Number": 0,
                                    "Actual Startup Time": 668.768,
                                    "Actual Total Time": 668.771,
                                    "Actual Rows": 1,
                                    "Actual Loops": 1
                                },
                                {
                                    "Worker Number": 1,
                                    "Actual Startup Time": 669.128,
                                    "Actual Total Time": 669.131,
                                    "Actual Rows": 1,
                                    "Actual Loops": 1
                                },
                                {
                                    "Worker Number": 2,
                                    "Actual Startup Time": 670.486,
                                    "Actual Total Time": 670.49,
                                    "Actual Rows": 1,
                                    "Actual Loops": 1
                                },
                                {
                                    "Worker Number": 3,
                                    "Actual Startup Time": 669.508,
                                    "Actual Total Time": 669.511,
                                    "Actual Rows": 1,
                                    "Actual Loops": 1
                                },
                                {
                                    "Worker Number": 4,
                                    "Actual Startup Time": 670.268,
                                    "Actual Total Time": 670.27,
                                    "Actual Rows": 1,
                                    "Actual Loops": 1
                                }
                            ],
                            "Plans": [
                                {
                                    "Node Type": "Hash Join",
                                    "Parent Relationship": "Outer",
                                    "Parallel Aware": true,
                                    "Join Type": "Inner",
                                    "Startup Cost": 48028.67,
                                    "Total Cost": 248795.41,
                                    "Plan Rows": 375531,
                                    "Plan Width": 0,
                                    "Actual Startup Time": 208.74,
                                    "Actual Total Time": 656.566,
                                    "Actual Rows": 293122,
                                    "Actual Loops": 6,
                                    "Inner Unique": true,
                                    "Hash Cond": "(mi.movie_id = t.id)",
                                    "Workers": [
                                        {
                                            "Worker Number": 0,
                                            "Actual Startup Time": 206.248,
                                            "Actual Total Time": 652.182,
                                            "Actual Rows": 231537,
                                            "Actual Loops": 1
                                        },
                                        {
                                            "Worker Number": 1,
                                            "Actual Startup Time": 206.598,
                                            "Actual Total Time": 655.302,
                                            "Actual Rows": 314759,
                                            "Actual Loops": 1
                                        },
                                        {
                                            "Worker Number": 2,
                                            "Actual Startup Time": 206.86,
                                            "Actual Total Time": 654.186,
                                            "Actual Rows": 228328,
                                            "Actual Loops": 1
                                        },
                                        {
                                            "Worker Number": 3,
                                            "Actual Startup Time": 206.963,
                                            "Actual Total Time": 654.991,
                                            "Actual Rows": 322416,
                                            "Actual Loops": 1
                                        },
                                        {
                                            "Worker Number": 4,
                                            "Actual Startup Time": 207.739,
                                            "Actual Total Time": 655.694,
                                            "Actual Rows": 324633,
                                            "Actual Loops": 1
                                        }
                                    ],
                                    "Plans": [
                                        {
                                            "Node Type": "Seq Scan",
                                            "Parent Relationship": "Outer",
                                            "Parallel Aware": true,
                                            "Relation Name": "movie_info",
                                            "Schema": "public",
                                            "Alias": "mi",
                                            "Startup Cost": 0.0,
                                            "Total Cost": 198880.74,
                                            "Plan Rows": 718477,
                                            "Plan Width": 4,
                                            "Actual Startup Time": 27.66,
                                            "Actual Total Time": 302.872,
                                            "Actual Rows": 604163,
                                            "Actual Loops": 6,
                                            "Output": [
                                                "mi.id",
                                                "mi.movie_id",
                                                "mi.info_type_id",
                                                "mi.info",
                                                "mi.note"
                                            ],
                                            "Filter": "(mi.info_type_id < 4)",
                                            "Rows Removed by Filter": 1868457,
                                            "Workers": [
                                                {
                                                    "Worker Number": 0,
                                                    "Actual Startup Time": 27.659,
                                                    "Actual Total Time": 310.123,
                                                    "Actual Rows": 480955,
                                                    "Actual Loops": 1
                                                },
                                                {
                                                    "Worker Number": 1,
                                                    "Actual Startup Time": 27.676,
                                                    "Actual Total Time": 301.457,
                                                    "Actual Rows": 648917,
                                                    "Actual Loops": 1
                                                },
                                                {
                                                    "Worker Number": 2,
                                                    "Actual Startup Time": 27.66,
                                                    "Actual Total Time": 310.473,
                                                    "Actual Rows": 466898,
                                                    "Actual Loops": 1
                                                },
                                                {
                                                    "Worker Number": 3,
                                                    "Actual Startup Time": 27.649,
                                                    "Actual Total Time": 300.764,
                                                    "Actual Rows": 666544,
                                                    "Actual Loops": 1
                                                },
                                                {
                                                    "Worker Number": 4,
                                                    "Actual Startup Time": 27.671,
                                                    "Actual Total Time": 300.588,
                                                    "Actual Rows": 668064,
                                                    "Actual Loops": 1
                                                }
                                            ]
                                        },
                                        {
                                            "Node Type": "Hash",
                                            "Parent Relationship": "Inner",
                                            "Parallel Aware": true,
                                            "Startup Cost": 43899.01,
                                            "Total Cost": 43899.01,
                                            "Plan Rows": 330373,
                                            "Plan Width": 4,
                                            "Actual Startup Time": 177.79,
                                            "Actual Total Time": 177.791,
                                            "Actual Rows": 220477,
                                            "Actual Loops": 6,
                                            "Output": [
                                                "t.id"
                                            ],
                                            "Hash Buckets": 2097152,
                                            "Original Hash Buckets": 2097152,
                                            "Hash Batches": 1,
                                            "Original Hash Batches": 1,
                                            "Peak Memory Usage": 68256,
                                            "Workers": [
                                                {
                                                    "Worker Number": 0,
                                                    "Actual Startup Time": 177.819,
                                                    "Actual Total Time": 177.82,
                                                    "Actual Rows": 165744,
                                                    "Actual Loops": 1
                                                },
                                                {
                                                    "Worker Number": 1,
                                                    "Actual Startup Time": 178.22,
                                                    "Actual Total Time": 178.221,
                                                    "Actual Rows": 222598,
                                                    "Actual Loops": 1
                                                },
                                                {
                                                    "Worker Number": 2,
                                                    "Actual Startup Time": 178.475,
                                                    "Actual Total Time": 178.476,
                                                    "Actual Rows": 164527,
                                                    "Actual Loops": 1
                                                },
                                                {
                                                    "Worker Number": 3,
                                                    "Actual Startup Time": 178.591,
                                                    "Actual Total Time": 178.592,
                                                    "Actual Rows": 220395,
                                                    "Actual Loops": 1
                                                },
                                                {
                                                    "Worker Number": 4,
                                                    "Actual Startup Time": 179.419,
                                                    "Actual Total Time": 179.42,
                                                    "Actual Rows": 225863,
                                                    "Actual Loops": 1
                                                }
                                            ],
                                            "Plans": [
                                                {
                                                    "Node Type": "Seq Scan",
                                                    "Parent Relationship": "Outer",
                                                    "Parallel Aware": true,
                                                    "Relation Name": "title",
                                                    "Schema": "public",
                                                    "Alias": "t",
                                                    "Startup Cost": 0.0,
                                                    "Total Cost": 43899.01,
                                                    "Plan Rows": 330373,
                                                    "Plan Width": 4,
                                                    "Actual Startup Time": 0.048,
                                                    "Actual Total Time": 83.932,
                                                    "Actual Rows": 220477,
                                                    "Actual Loops": 6,
                                                    "Output": [
                                                        "t.id"
                                                    ],
                                                    "Filter": "(t.production_year > 2001)",
                                                    "Rows Removed by Filter": 200908,
                                                    "Workers": [
                                                        {
                                                            "Worker Number": 0,
                                                            "Actual Startup Time": 0.066,
                                                            "Actual Total Time": 88.788,
                                                            "Actual Rows": 165744,
                                                            "Actual Loops": 1
                                                        },
                                                        {
                                                            "Worker Number": 1,
                                                            "Actual Startup Time": 0.049,
                                                            "Actual Total Time": 84.144,
                                                            "Actual Rows": 222598,
                                                            "Actual Loops": 1
                                                        },
                                                        {
                                                            "Worker Number": 2,
                                                            "Actual Startup Time": 0.053,
                                                            "Actual Total Time": 89.102,
                                                            "Actual Rows": 164527,
                                                            "Actual Loops": 1
                                                        },
                                                        {
                                                            "Worker Number": 3,
                                                            "Actual Startup Time": 0.053,
                                                            "Actual Total Time": 84.751,
                                                            "Actual Rows": 220395,
                                                            "Actual Loops": 1
                                                        },
                                                        {
                                                            "Worker Number": 4,
                                                            "Actual Startup Time": 0.053,
                                                            "Actual Total Time": 84.872,
                                                            "Actual Rows": 225863,
                                                            "Actual Loops": 1
                                                        }
                                                    ]
                                                }
                                            ]
                                        }
                                    ]
                                }
                            ]
                        }
                    ]
                }
            ]
        },
        "Planning Time": 192.852,
        "Triggers": [],
        "Execution Time": 716.746
    }
]