[
  {
    "Plan": {
      "Node Type": "Aggregate",
      "Strategy": "Plain",
      "Partial Mode": "Finalize",
      "Parallel Aware": false,
      "Startup Cost": 336967.09,
      "Total Cost": 336967.1,
      "Plan Rows": 1,
      "Plan Width": 8,
      "Actual Startup Time": 478.498,
      "Actual Total Time": 500.886,
      "Actual Rows": 1,
      "Actual Loops": 1,
      "Plans": [
        {
          "Node Type": "Gather",
          "Parent Relationship": "Outer",
          "Parallel Aware": false,
          "Startup Cost": 336966.47,
          "Total Cost": 336967.08,
          "Plan Rows": 6,
          "Plan Width": 8,
          "Actual Startup Time": 478.353,
          "Actual Total Time": 500.877,
          "Actual Rows": 7,
          "Actual Loops": 1,
          "Workers Planned": 6,
          "Workers Launched": 6,
          "Single Copy": false,
          "Plans": [
            {
              "Node Type": "Aggregate",
              "Strategy": "Plain",
              "Partial Mode": "Partial",
              "Parent Relationship": "Outer",
              "Parallel Aware": false,
              "Startup Cost": 335966.47,
              "Total Cost": 335966.48,
              "Plan Rows": 1,
              "Plan Width": 8,
              "Actual Startup Time": 468.713,
              "Actual Total Time": 468.715,
              "Actual Rows": 1,
              "Actual Loops": 7,
              "Plans": [
                {
                  "Node Type": "Index Scan",
                  "Parent Relationship": "Outer",
                  "Parallel Aware": true,
                  "Scan Direction": "Forward",
                  "Index Name": "role_id_cast_info",
                  "Relation Name": "cast_info",
                  "Alias": "ci",
                  "Startup Cost": 0.56,
                  "Total Cost": 331632.96,
                  "Plan Rows": 1733402,
                  "Plan Width": 0,
                  "Actual Startup Time": 0.217,
                  "Actual Total Time": 393.541,
                  "Actual Rows": 1563105,
                  "Actual Loops": 7,
                  "Index Cond": "(role_id > 3)",
                  "Rows Removed by Index Recheck": 0,
                  "Filter": "(person_id > 565387)",
                  "Rows Removed by Filter": 167416
                }
              ]
            }
          ]
        }
      ]
    },
    "Planning Time": 0.239,
    "Triggers": [],
    "Execution Time": 500.954
  }
]