[
  {
    "Plan": {
      "Node Type": "Aggregate",
      "Strategy": "Plain",
      "Partial Mode": "Finalize",
      "Parallel Aware": false,
      "Startup Cost": 29540.33,
      "Total Cost": 29540.34,
      "Plan Rows": 1,
      "Plan Width": 8,
      "Actual Startup Time": 88.898,
      "Actual Total Time": 93.604,
      "Actual Rows": 1,
      "Actual Loops": 1,
      "Plans": [
        {
          "Node Type": "Gather",
          "Parent Relationship": "Outer",
          "Parallel Aware": false,
          "Startup Cost": 29540.01,
          "Total Cost": 29540.32,
          "Plan Rows": 3,
          "Plan Width": 8,
          "Actual Startup Time": 88.677,
          "Actual Total Time": 93.578,
          "Actual Rows": 4,
          "Actual Loops": 1,
          "Workers Planned": 3,
          "Workers Launched": 3,
          "Single Copy": false,
          "Plans": [
            {
              "Node Type": "Aggregate",
              "Strategy": "Plain",
              "Partial Mode": "Partial",
              "Parent Relationship": "Outer",
              "Parallel Aware": false,
              "Startup Cost": 28540.01,
              "Total Cost": 28540.02,
              "Plan Rows": 1,
              "Plan Width": 8,
              "Actual Startup Time": 80.256,
              "Actual Total Time": 80.257,
              "Actual Rows": 1,
              "Actual Loops": 4,
              "Plans": [
                {
                  "Node Type": "Bitmap Heap Scan",
                  "Parent Relationship": "Outer",
                  "Parallel Aware": true,
                  "Relation Name": "movie_keyword",
                  "Alias": "mk",
                  "Startup Cost": 3327.43,
                  "Total Cost": 28413.58,
                  "Plan Rows": 50572,
                  "Plan Width": 0,
                  "Actual Startup Time": 25.397,
                  "Actual Total Time": 76.922,
                  "Actual Rows": 37950,
                  "Actual Loops": 4,
                  "Recheck Cond": "(keyword_id > 73665)",
                  "Rows Removed by Index Recheck": 0,
                  "Exact Heap Blocks": 9070,
                  "Lossy Heap Blocks": 0,
                  "Plans": [
                    {
                      "Node Type": "Bitmap Index Scan",
                      "Parent Relationship": "Outer",
                      "Parallel Aware": false,
                      "Index Name": "keyword_id_movie_keyword",
                      "Startup Cost": 0.0,
                      "Total Cost": 3288.24,
                      "Plan Rows": 156774,
                      "Plan Width": 0,
                      "Actual Startup Time": 27.097,
                      "Actual Total Time": 27.097,
                      "Actual Rows": 151802,
                      "Actual Loops": 1,
                      "Index Cond": "(keyword_id > 73665)"
                    }
                  ]
                }
              ]
            }
          ]
        }
      ]
    },
    "Planning Time": 0.186,
    "Triggers": [],
    "Execution Time": 93.681
  }
]