[
  {
    "Plan": {
      "Node Type": "Aggregate",
      "Strategy": "Plain",
      "Partial Mode": "Finalize",
      "Parallel Aware": false,
      "Startup Cost": 184084.33,
      "Total Cost": 184084.34,
      "Plan Rows": 1,
      "Plan Width": 8,
      "Actual Startup Time": 931.092,
      "Actual Total Time": 995.905,
      "Actual Rows": 1,
      "Actual Loops": 1,
      "Plans": [
        {
          "Node Type": "Gather",
          "Parent Relationship": "Outer",
          "Parallel Aware": false,
          "Startup Cost": 184083.91,
          "Total Cost": 184084.32,
          "Plan Rows": 4,
          "Plan Width": 8,
          "Actual Startup Time": 930.261,
          "Actual Total Time": 995.894,
          "Actual Rows": 5,
          "Actual Loops": 1,
          "Workers Planned": 4,
          "Workers Launched": 4,
          "Single Copy": false,
          "Plans": [
            {
              "Node Type": "Aggregate",
              "Strategy": "Plain",
              "Partial Mode": "Partial",
              "Parent Relationship": "Outer",
              "Parallel Aware": false,
              "Startup Cost": 183083.91,
              "Total Cost": 183083.92,
              "Plan Rows": 1,
              "Plan Width": 8,
              "Actual Startup Time": 919.49,
              "Actual Total Time": 919.494,
              "Actual Rows": 1,
              "Actual Loops": 5,
              "Plans": [
                {
                  "Node Type": "Nested Loop",
                  "Parent Relationship": "Outer",
                  "Parallel Aware": false,
                  "Join Type": "Inner",
                  "Startup Cost": 25623.8,
                  "Total Cost": 182244.38,
                  "Plan Rows": 335812,
                  "Plan Width": 0,
                  "Actual Startup Time": 86.77,
                  "Actual Total Time": 882.15,
                  "Actual Rows": 858667,
                  "Actual Loops": 5,
                  "Inner Unique": false,
                  "Plans": [
                    {
                      "Node Type": "Hash Join",
                      "Parent Relationship": "Outer",
                      "Parallel Aware": true,
                      "Join Type": "Inner",
                      "Startup Cost": 25623.36,
                      "Total Cost": 71287.72,
                      "Plan Rows": 57430,
                      "Plan Width": 8,
                      "Actual Startup Time": 86.689,
                      "Actual Total Time": 275.008,
                      "Actual Rows": 45921,
                      "Actual Loops": 5,
                      "Inner Unique": false,
                      "Hash Cond": "(t.id = mc.movie_id)",
                      "Plans": [
                        {
                          "Node Type": "Seq Scan",
                          "Parent Relationship": "Outer",
                          "Parallel Aware": true,
                          "Relation Name": "title",
                          "Alias": "t",
                          "Startup Cost": 0.0,
                          "Total Cost": 42318.73,
                          "Plan Rows": 632073,
                          "Plan Width": 4,
                          "Actual Startup Time": 0.012,
                          "Actual Total Time": 61.934,
                          "Actual Rows": 505662,
                          "Actual Loops": 5
                        },
                        {
                          "Node Type": "Hash",
                          "Parent Relationship": "Inner",
                          "Parallel Aware": true,
                          "Startup Cost": 24697.06,
                          "Total Cost": 24697.06,
                          "Plan Rows": 74104,
                          "Plan Width": 4,
                          "Actual Startup Time": 84.77,
                          "Actual Total Time": 84.772,
                          "Actual Rows": 45921,
                          "Actual Loops": 5,
                          "Hash Buckets": 262144,
                          "Original Hash Buckets": 262144,
                          "Hash Batches": 1,
                          "Original Hash Batches": 1,
                          "Peak Memory Usage": 11104,
                          "Plans": [
                            {
                              "Node Type": "Bitmap Heap Scan",
                              "Parent Relationship": "Outer",
                              "Parallel Aware": true,
                              "Relation Name": "movie_companies",
                              "Alias": "mc",
                              "Startup Cost": 4980.77,
                              "Total Cost": 24697.06,
                              "Plan Rows": 74104,
                              "Plan Width": 4,
                              "Actual Startup Time": 24.48,
                              "Actual Total Time": 65.146,
                              "Actual Rows": 45921,
                              "Actual Loops": 5,
                              "Recheck Cond": "(company_id < 92)",
                              "Rows Removed by Index Recheck": 0,
                              "Exact Heap Blocks": 6993,
                              "Lossy Heap Blocks": 0,
                              "Plans": [
                                {
                                  "Node Type": "Bitmap Index Scan",
                                  "Parent Relationship": "Outer",
                                  "Parallel Aware": false,
                                  "Index Name": "company_id_movie_companies",
                                  "Startup Cost": 0.0,
                                  "Total Cost": 4923.34,
                                  "Plan Rows": 229721,
                                  "Plan Width": 0,
                                  "Actual Startup Time": 23.583,
                                  "Actual Total Time": 23.584,
                                  "Actual Rows": 229604,
                                  "Actual Loops": 1,
                                  "Index Cond": "(company_id < 92)"
                                }
                              ]
                            }
                          ]
                        }
                      ]
                    },
                    {
                      "Node Type": "Index Only Scan",
                      "Parent Relationship": "Inner",
                      "Parallel Aware": false,
                      "Scan Direction": "Forward",
                      "Index Name": "movie_id_movie_info",
                      "Relation Name": "movie_info",
                      "Alias": "mi",
                      "Startup Cost": 0.43,
                      "Total Cost": 1.51,
                      "Plan Rows": 42,
                      "Plan Width": 4,
                      "Actual Startup Time": 0.004,
                      "Actual Total Time": 0.012,
                      "Actual Rows": 19,
                      "Actual Loops": 229604,
                      "Index Cond": "(movie_id = t.id)",
                      "Rows Removed by Index Recheck": 0,
                      "Heap Fetches": 4293333
                    }
                  ]
                }
              ]
            }
          ]
        }
      ]
    },
    "Planning Time": 1.518,
    "Triggers": [],
    "Execution Time": 996.046
  }
]