[
  {
    "Plan": {
      "Node Type": "Aggregate",
      "Strategy": "Plain",
      "Partial Mode": "Finalize",
      "Parallel Aware": false,
      "Startup Cost": 124873.62,
      "Total Cost": 124873.63,
      "Plan Rows": 1,
      "Plan Width": 8,
      "Actual Startup Time": 775.528,
      "Actual Total Time": 805.288,
      "Actual Rows": 1,
      "Actual Loops": 1,
      "Plans": [
        {
          "Node Type": "Gather",
          "Parent Relationship": "Outer",
          "Parallel Aware": false,
          "Startup Cost": 124873.3,
          "Total Cost": 124873.61,
          "Plan Rows": 3,
          "Plan Width": 8,
          "Actual Startup Time": 769.513,
          "Actual Total Time": 805.278,
          "Actual Rows": 4,
          "Actual Loops": 1,
          "Workers Planned": 3,
          "Workers Launched": 3,
          "Single Copy": false,
          "Plans": [
            {
              "Node Type": "Aggregate",
              "Strategy": "Plain",
              "Partial Mode": "Partial",
              "Parent Relationship": "Outer",
              "Parallel Aware": false,
              "Startup Cost": 123873.3,
              "Total Cost": 123873.31,
              "Plan Rows": 1,
              "Plan Width": 8,
              "Actual Startup Time": 760.624,
              "Actual Total Time": 760.93,
              "Actual Rows": 1,
              "Actual Loops": 4,
              "Plans": [
                {
                  "Node Type": "Hash Join",
                  "Parent Relationship": "Outer",
                  "Parallel Aware": true,
                  "Join Type": "Inner",
                  "Startup Cost": 92414.75,
                  "Total Cost": 123774.54,
                  "Plan Rows": 39503,
                  "Plan Width": 0,
                  "Actual Startup Time": 477.611,
                  "Actual Total Time": 694.671,
                  "Actual Rows": 1333317,
                  "Actual Loops": 4,
                  "Inner Unique": false,
                  "Hash Cond": "(mc.movie_id = t.id)",
                  "Plans": [
                    {
                      "Node Type": "Seq Scan",
                      "Parent Relationship": "Outer",
                      "Parallel Aware": true,
                      "Relation Name": "movie_companies",
                      "Alias": "mc",
                      "Startup Cost": 0.0,
                      "Total Cost": 29310.68,
                      "Plan Rows": 512447,
                      "Plan Width": 4,
                      "Actual Startup Time": 0.023,
                      "Actual Total Time": 76.591,
                      "Actual Rows": 394126,
                      "Actual Loops": 4,
                      "Filter": "(company_id < 15524)",
                      "Rows Removed by Filter": 258156
                    },
                    {
                      "Node Type": "Hash",
                      "Parent Relationship": "Inner",
                      "Parallel Aware": true,
                      "Startup Cost": 91628.87,
                      "Total Cost": 91628.87,
                      "Plan Rows": 62871,
                      "Plan Width": 8,
                      "Actual Startup Time": 442.976,
                      "Actual Total Time": 443.281,
                      "Actual Rows": 229220,
                      "Actual Loops": 4,
                      "Hash Buckets": 1048576,
                      "Original Hash Buckets": 262144,
                      "Hash Batches": 1,
                      "Original Hash Batches": 1,
                      "Peak Memory Usage": 50272,
                      "Plans": [
                        {
                          "Node Type": "Hash Join",
                          "Parent Relationship": "Outer",
                          "Parallel Aware": true,
                          "Join Type": "Inner",
                          "Startup Cost": 45910.47,
                          "Total Cost": 91628.87,
                          "Plan Rows": 62871,
                          "Plan Width": 8,
                          "Actual Startup Time": 176.034,
                          "Actual Total Time": 370.575,
                          "Actual Rows": 229220,
                          "Actual Loops": 4,
                          "Inner Unique": true,
                          "Hash Cond": "(mk.movie_id = t.id)",
                          "Plans": [
                            {
                              "Node Type": "Seq Scan",
                              "Parent Relationship": "Outer",
                              "Parallel Aware": true,
                              "Relation Name": "movie_keyword",
                              "Alias": "mk",
                              "Startup Cost": 0.0,
                              "Total Cost": 42695.65,
                              "Plan Rows": 1151520,
                              "Plan Width": 4,
                              "Actual Startup Time": 0.07,
                              "Actual Total Time": 131.059,
                              "Actual Rows": 891490,
                              "Actual Loops": 4,
                              "Filter": "(keyword_id > 895)",
                              "Rows Removed by Filter": 239492
                            },
                            {
                              "Node Type": "Hash",
                              "Parent Relationship": "Inner",
                              "Parallel Aware": true,
                              "Startup Cost": 45479.1,
                              "Total Cost": 45479.1,
                              "Plan Rows": 34510,
                              "Plan Width": 4,
                              "Actual Startup Time": 136.739,
                              "Actual Total Time": 136.74,
                              "Actual Rows": 69598,
                              "Actual Loops": 4,
                              "Hash Buckets": 524288,
                              "Original Hash Buckets": 262144,
                              "Hash Batches": 1,
                              "Original Hash Batches": 1,
                              "Peak Memory Usage": 17120,
                              "Plans": [
                                {
                                  "Node Type": "Seq Scan",
                                  "Parent Relationship": "Outer",
                                  "Parallel Aware": true,
                                  "Relation Name": "title",
                                  "Alias": "t",
                                  "Startup Cost": 0.0,
                                  "Total Cost": 45479.1,
                                  "Plan Rows": 34510,
                                  "Plan Width": 4,
                                  "Actual Startup Time": 60.972,
                                  "Actual Total Time": 104.492,
                                  "Actual Rows": 69598,
                                  "Actual Loops": 4,
                                  "Filter": "((production_year < 1982) AND (kind_id = 1))",
                                  "Rows Removed by Filter": 562480
                                }
                              ]
                            }
                          ]
                        }
                      ]
                    }
                  ]
                }
              ]
            }
          ]
        }
      ]
    },
    "Planning Time": 1.448,
    "Triggers": [],
    "Execution Time": 805.374
  }
]