{
  "Plan": {
    "Node Type": "Aggregate",
    "Strategy": "Plain",
    "Partial Mode": "Finalize",
    "Parallel Aware": false,
    "Startup Cost": 595197.64,
    "Total Cost": 595197.65,
    "Plan Rows": 1,
    "Plan Width": 8,
    "Actual Startup Time": 2359.713,
    "Actual Total Time": 2413.675,
    "Actual Rows": 1,
    "Actual Loops": 1,
    "Plans": [
      {
        "Node Type": "Gather",
        "Parent Relationship": "Outer",
        "Parallel Aware": false,
        "Startup Cost": 595197.53,
        "Total Cost": 595197.64,
        "Plan Rows": 1,
        "Plan Width": 8,
        "Actual Startup Time": 2359.552,
        "Actual Total Time": 2413.666,
        "Actual Rows": 2,
        "Actual Loops": 1,
        "Workers Planned": 1,
        "Workers Launched": 1,
        "Single Copy": false,
        "Plans": [
          {
            "Node Type": "Aggregate",
            "Strategy": "Plain",
            "Partial Mode": "Partial",
            "Parent Relationship": "Outer",
            "Parallel Aware": false,
            "Startup Cost": 594197.53,
            "Total Cost": 594197.54,
            "Plan Rows": 1,
            "Plan Width": 8,
            "Actual Startup Time": 2353.616,
            "Actual Total Time": 2353.62,
            "Actual Rows": 1,
            "Actual Loops": 2,
            "Plans": [
              {
                "Node Type": "Hash Join",
                "Parent Relationship": "Outer",
                "Parallel Aware": true,
                "Join Type": "Inner",
                "Startup Cost": 54677.63,
                "Total Cost": 594104.47,
                "Plan Rows": 37225,
                "Plan Width": 0,
                "Actual Startup Time": 814.845,
                "Actual Total Time": 2351.961,
                "Actual Rows": 24314,
                "Actual Loops": 2,
                "Inner Unique": true,
                "Hash Cond": "(ci.movie_id = t.id)",
                "Plans": [
                  {
                    "Node Type": "Seq Scan",
                    "Parent Relationship": "Outer",
                    "Parallel Aware": true,
                    "Relation Name": "cast_info",
                    "Alias": "ci",
                    "Startup Cost": 0.0,
                    "Total Cost": 519069.44,
                    "Plan Rows": 7755187,
                    "Plan Width": 4,
                    "Actual Startup Time": 657.777,
                    "Actual Total Time": 1575.549,
                    "Actual Rows": 6574683,
                    "Actual Loops": 2,
                    "Filter": "(person_id > 2361051)",
                    "Rows Removed by Filter": 11547489
                  },
                  {
                    "Node Type": "Hash",
                    "Parent Relationship": "Inner",
                    "Parallel Aware": true,
                    "Startup Cost": 54588.39,
                    "Total Cost": 54588.39,
                    "Plan Rows": 7139,
                    "Plan Width": 4,
                    "Actual Startup Time": 155.865,
                    "Actual Total Time": 155.866,
                    "Actual Rows": 6812,
                    "Actual Loops": 2,
                    "Hash Buckets": 16384,
                    "Original Hash Buckets": 16384,
                    "Hash Batches": 1,
                    "Original Hash Batches": 1,
                    "Peak Memory Usage": 672,
                    "Plans": [
                      {
                        "Node Type": "Seq Scan",
                        "Parent Relationship": "Outer",
                        "Parallel Aware": true,
                        "Relation Name": "title",
                        "Alias": "t",
                        "Startup Cost": 0.0,
                        "Total Cost": 54588.39,
                        "Plan Rows": 7139,
                        "Plan Width": 4,
                        "Actual Startup Time": 0.077,
                        "Actual Total Time": 152.623,
                        "Actual Rows": 6812,
                        "Actual Loops": 2,
                        "Filter": "(production_year = 1972)",
                        "Rows Removed by Filter": 1257344
                      }
                    ]
                  }
                ]
              }
            ]
          }
        ]
      }
    ]
  },
  "Planning Time": 0.464,
  "Triggers": [],
  "Execution Time": 2413.765
}