[
  {
    "Plan": {
      "Node Type": "Aggregate",
      "Strategy": "Plain",
      "Partial Mode": "Finalize",
      "Parallel Aware": false,
      "Startup Cost": 375049.43,
      "Total Cost": 375049.44,
      "Plan Rows": 1,
      "Plan Width": 8,
      "Actual Startup Time": 1443.009,
      "Actual Total Time": 1512.502,
      "Actual Rows": 1,
      "Actual Loops": 1,
      "Plans": [
        {
          "Node Type": "Gather",
          "Parent Relationship": "Outer",
          "Parallel Aware": false,
          "Startup Cost": 375048.81,
          "Total Cost": 375049.42,
          "Plan Rows": 6,
          "Plan Width": 8,
          "Actual Startup Time": 1441.13,
          "Actual Total Time": 1512.49,
          "Actual Rows": 7,
          "Actual Loops": 1,
          "Workers Planned": 6,
          "Workers Launched": 6,
          "Single Copy": false,
          "Plans": [
            {
              "Node Type": "Aggregate",
              "Strategy": "Plain",
              "Partial Mode": "Partial",
              "Parent Relationship": "Outer",
              "Parallel Aware": false,
              "Startup Cost": 374048.81,
              "Total Cost": 374048.82,
              "Plan Rows": 1,
              "Plan Width": 8,
              "Actual Startup Time": 1430.428,
              "Actual Total Time": 1430.431,
              "Actual Rows": 1,
              "Actual Loops": 7,
              "Plans": [
                {
                  "Node Type": "Hash Join",
                  "Parent Relationship": "Outer",
                  "Parallel Aware": true,
                  "Join Type": "Inner",
                  "Startup Cost": 44322.58,
                  "Total Cost": 373239.38,
                  "Plan Rows": 323772,
                  "Plan Width": 0,
                  "Actual Startup Time": 86.737,
                  "Actual Total Time": 1422.427,
                  "Actual Rows": 131874,
                  "Actual Loops": 7,
                  "Inner Unique": true,
                  "Hash Cond": "(ci.movie_id = t.id)",
                  "Plans": [
                    {
                      "Node Type": "Seq Scan",
                      "Parent Relationship": "Outer",
                      "Parallel Aware": true,
                      "Relation Name": "cast_info",
                      "Alias": "ci",
                      "Startup Cost": 0.0,
                      "Total Cost": 313067.02,
                      "Plan Rows": 6038002,
                      "Plan Width": 4,
                      "Actual Startup Time": 0.019,
                      "Actual Total Time": 580.146,
                      "Actual Rows": 5177763,
                      "Actual Loops": 7
                    },
                    {
                      "Node Type": "Hash",
                      "Parent Relationship": "Inner",
                      "Parallel Aware": true,
                      "Startup Cost": 43898.92,
                      "Total Cost": 43898.92,
                      "Plan Rows": 33893,
                      "Plan Width": 4,
                      "Actual Startup Time": 84.479,
                      "Actual Total Time": 84.48,
                      "Actual Rows": 19417,
                      "Actual Loops": 7,
                      "Hash Buckets": 262144,
                      "Original Hash Buckets": 262144,
                      "Hash Batches": 1,
                      "Original Hash Batches": 1,
                      "Peak Memory Usage": 7488,
                      "Plans": [
                        {
                          "Node Type": "Seq Scan",
                          "Parent Relationship": "Outer",
                          "Parallel Aware": true,
                          "Relation Name": "title",
                          "Alias": "t",
                          "Startup Cost": 0.0,
                          "Total Cost": 43898.92,
                          "Plan Rows": 33893,
                          "Plan Width": 4,
                          "Actual Startup Time": 24.539,
                          "Actual Total Time": 76.127,
                          "Actual Rows": 19417,
                          "Actual Loops": 7,
                          "Filter": "(production_year < 1938)",
                          "Rows Removed by Filter": 341771
                        }
                      ]
                    }
                  ]
                }
              ]
            }
          ]
        }
      ]
    },
    "Planning Time": 0.645,
    "Triggers": [],
    "Execution Time": 1512.589
  }
]