[
  {
    "Plan": {
      "Node Type": "Aggregate",
      "Strategy": "Plain",
      "Partial Mode": "Finalize",
      "Parallel Aware": false,
      "Startup Cost": 331033.55,
      "Total Cost": 331033.56,
      "Plan Rows": 1,
      "Plan Width": 8,
      "Actual Startup Time": 635.067,
      "Actual Total Time": 692.462,
      "Actual Rows": 1,
      "Actual Loops": 1,
      "Plans": [
        {
          "Node Type": "Gather",
          "Parent Relationship": "Outer",
          "Parallel Aware": false,
          "Startup Cost": 331032.92,
          "Total Cost": 331033.53,
          "Plan Rows": 6,
          "Plan Width": 8,
          "Actual Startup Time": 634.954,
          "Actual Total Time": 692.453,
          "Actual Rows": 7,
          "Actual Loops": 1,
          "Workers Planned": 6,
          "Workers Launched": 6,
          "Single Copy": false,
          "Plans": [
            {
              "Node Type": "Aggregate",
              "Strategy": "Plain",
              "Partial Mode": "Partial",
              "Parent Relationship": "Outer",
              "Parallel Aware": false,
              "Startup Cost": 330032.92,
              "Total Cost": 330032.93,
              "Plan Rows": 1,
              "Plan Width": 8,
              "Actual Startup Time": 627.678,
              "Actual Total Time": 627.679,
              "Actual Rows": 1,
              "Actual Loops": 7,
              "Plans": [
                {
                  "Node Type": "Seq Scan",
                  "Parent Relationship": "Outer",
                  "Parallel Aware": true,
                  "Relation Name": "cast_info",
                  "Alias": "ci",
                  "Startup Cost": 0.0,
                  "Total Cost": 328162.03,
                  "Plan Rows": 748359,
                  "Plan Width": 0,
                  "Actual Startup Time": 438.344,
                  "Actual Total Time": 597.083,
                  "Actual Rows": 613745,
                  "Actual Loops": 7,
                  "Filter": "(person_id > 3274345)",
                  "Rows Removed by Filter": 4564018
                }
              ]
            }
          ]
        }
      ]
    },
    "Planning Time": 0.14,
    "Triggers": [],
    "Execution Time": 692.518
  }
]