[
  {
    "Plan": {
      "Node Type": "Aggregate",
      "Strategy": "Plain",
      "Partial Mode": "Finalize",
      "Parallel Aware": false,
      "Startup Cost": 77788.24,
      "Total Cost": 77788.25,
      "Plan Rows": 1,
      "Plan Width": 8,
      "Actual Startup Time": 275.169,
      "Actual Total Time": 296.883,
      "Actual Rows": 1,
      "Actual Loops": 1,
      "Plans": [
        {
          "Node Type": "Gather",
          "Parent Relationship": "Outer",
          "Parallel Aware": false,
          "Startup Cost": 77787.92,
          "Total Cost": 77788.23,
          "Plan Rows": 3,
          "Plan Width": 8,
          "Actual Startup Time": 273.904,
          "Actual Total Time": 296.872,
          "Actual Rows": 4,
          "Actual Loops": 1,
          "Workers Planned": 3,
          "Workers Launched": 3,
          "Single Copy": false,
          "Plans": [
            {
              "Node Type": "Aggregate",
              "Strategy": "Plain",
              "Partial Mode": "Partial",
              "Parent Relationship": "Outer",
              "Parallel Aware": false,
              "Startup Cost": 76787.92,
              "Total Cost": 76787.93,
              "Plan Rows": 1,
              "Plan Width": 8,
              "Actual Startup Time": 265.249,
              "Actual Total Time": 265.252,
              "Actual Rows": 1,
              "Actual Loops": 4,
              "Plans": [
                {
                  "Node Type": "Hash Join",
                  "Parent Relationship": "Outer",
                  "Parallel Aware": true,
                  "Join Type": "Inner",
                  "Startup Cost": 46293.24,
                  "Total Cost": 76682.11,
                  "Plan Rows": 42324,
                  "Plan Width": 0,
                  "Actual Startup Time": 139.4,
                  "Actual Total Time": 262.37,
                  "Actual Rows": 56599,
                  "Actual Loops": 4,
                  "Inner Unique": true,
                  "Hash Cond": "(mc.movie_id = t.id)",
                  "Plans": [
                    {
                      "Node Type": "Seq Scan",
                      "Parent Relationship": "Outer",
                      "Parallel Aware": true,
                      "Relation Name": "movie_companies",
                      "Alias": "mc",
                      "Startup Cost": 0.0,
                      "Total Cost": 29310.68,
                      "Plan Rows": 410740,
                      "Plan Width": 4,
                      "Actual Startup Time": 10.176,
                      "Actual Total Time": 74.655,
                      "Actual Rows": 318574,
                      "Actual Loops": 4,
                      "Filter": "(company_id > 11416)",
                      "Rows Removed by Filter": 333708
                    },
                    {
                      "Node Type": "Hash",
                      "Parent Relationship": "Inner",
                      "Parallel Aware": true,
                      "Startup Cost": 45479.1,
                      "Total Cost": 45479.1,
                      "Plan Rows": 65131,
                      "Plan Width": 4,
                      "Actual Startup Time": 126.704,
                      "Actual Total Time": 126.705,
                      "Actual Rows": 56962,
                      "Actual Loops": 4,
                      "Hash Buckets": 262144,
                      "Original Hash Buckets": 262144,
                      "Hash Batches": 1,
                      "Original Hash Batches": 1,
                      "Peak Memory Usage": 11008,
                      "Plans": [
                        {
                          "Node Type": "Seq Scan",
                          "Parent Relationship": "Outer",
                          "Parallel Aware": true,
                          "Relation Name": "title",
                          "Alias": "t",
                          "Startup Cost": 0.0,
                          "Total Cost": 45479.1,
                          "Plan Rows": 65131,
                          "Plan Width": 4,
                          "Actual Startup Time": 0.051,
                          "Actual Total Time": 105.976,
                          "Actual Rows": 56962,
                          "Actual Loops": 4,
                          "Filter": "((kind_id < 7) AND (production_year > 2008))",
                          "Rows Removed by Filter": 575116
                        }
                      ]
                    }
                  ]
                }
              ]
            }
          ]
        }
      ]
    },
    "Planning Time": 0.663,
    "Triggers": [],
    "Execution Time": 296.952
  }
]