[
  {
    "Plan": {
      "Node Type": "Aggregate",
      "Strategy": "Plain",
      "Partial Mode": "Finalize",
      "Parallel Aware": false,
      "Startup Cost": 427299.92,
      "Total Cost": 427299.93,
      "Plan Rows": 1,
      "Plan Width": 8,
      "Actual Startup Time": 1642.293,
      "Actual Total Time": 1700.933,
      "Actual Rows": 1,
      "Actual Loops": 1,
      "Plans": [
        {
          "Node Type": "Gather",
          "Parent Relationship": "Outer",
          "Parallel Aware": false,
          "Startup Cost": 427299.3,
          "Total Cost": 427299.91,
          "Plan Rows": 6,
          "Plan Width": 8,
          "Actual Startup Time": 1619.765,
          "Actual Total Time": 1700.909,
          "Actual Rows": 7,
          "Actual Loops": 1,
          "Workers Planned": 6,
          "Workers Launched": 6,
          "Single Copy": false,
          "Plans": [
            {
              "Node Type": "Aggregate",
              "Strategy": "Plain",
              "Partial Mode": "Partial",
              "Parent Relationship": "Outer",
              "Parallel Aware": false,
              "Startup Cost": 426299.3,
              "Total Cost": 426299.31,
              "Plan Rows": 1,
              "Plan Width": 8,
              "Actual Startup Time": 1607.353,
              "Actual Total Time": 1607.725,
              "Actual Rows": 1,
              "Actual Loops": 7,
              "Plans": [
                {
                  "Node Type": "Hash Join",
                  "Parent Relationship": "Outer",
                  "Parallel Aware": true,
                  "Join Type": "Inner",
                  "Startup Cost": 72590.67,
                  "Total Cost": 424488.49,
                  "Plan Rows": 724322,
                  "Plan Width": 0,
                  "Actual Startup Time": 420.816,
                  "Actual Total Time": 1542.191,
                  "Actual Rows": 1476087,
                  "Actual Loops": 7,
                  "Inner Unique": false,
                  "Hash Cond": "(ci.movie_id = t.id)",
                  "Plans": [
                    {
                      "Node Type": "Seq Scan",
                      "Parent Relationship": "Outer",
                      "Parallel Aware": true,
                      "Relation Name": "cast_info",
                      "Alias": "ci",
                      "Startup Cost": 0.0,
                      "Total Cost": 343316.27,
                      "Plan Rows": 1483614,
                      "Plan Width": 4,
                      "Actual Startup Time": 0.053,
                      "Actual Total Time": 636.582,
                      "Actual Rows": 1398971,
                      "Actual Loops": 7,
                      "Filter": "((person_id < 1006671) AND (role_id < 10))",
                      "Rows Removed by Filter": 3778793
                    },
                    {
                      "Node Type": "Hash",
                      "Parent Relationship": "Inner",
                      "Parallel Aware": true,
                      "Startup Cost": 66161.44,
                      "Total Cost": 66161.44,
                      "Plan Rows": 514338,
                      "Plan Width": 8,
                      "Actual Startup Time": 416.449,
                      "Actual Total Time": 416.818,
                      "Actual Rows": 181607,
                      "Actual Loops": 7,
                      "Hash Buckets": 2097152,
                      "Original Hash Buckets": 2097152,
                      "Hash Batches": 1,
                      "Original Hash Batches": 1,
                      "Peak Memory Usage": 66208,
                      "Plans": [
                        {
                          "Node Type": "Hash Join",
                          "Parent Relationship": "Outer",
                          "Parallel Aware": true,
                          "Join Type": "Inner",
                          "Startup Cost": 50966.88,
                          "Total Cost": 66161.44,
                          "Plan Rows": 514338,
                          "Plan Width": 8,
                          "Actual Startup Time": 261.212,
                          "Actual Total Time": 341.873,
                          "Actual Rows": 181607,
                          "Actual Loops": 7,
                          "Inner Unique": true,
                          "Hash Cond": "(mi_idx.movie_id = t.id)",
                          "Plans": [
                            {
                              "Node Type": "Seq Scan",
                              "Parent Relationship": "Outer",
                              "Parallel Aware": true,
                              "Relation Name": "movie_info_idx",
                              "Alias": "mi_idx",
                              "Startup Cost": 0.0,
                              "Total Cost": 13685.15,
                              "Plan Rows": 575015,
                              "Plan Width": 4,
                              "Actual Startup Time": 0.015,
                              "Actual Total Time": 21.226,
                              "Actual Rows": 197148,
                              "Actual Loops": 7
                            },
                            {
                              "Node Type": "Hash",
                              "Parent Relationship": "Inner",
                              "Parallel Aware": true,
                              "Startup Cost": 43899.32,
                              "Total Cost": 43899.32,
                              "Plan Rows": 565405,
                              "Plan Width": 4,
                              "Actual Startup Time": 257.052,
                              "Actual Total Time": 257.055,
                              "Actual Rows": 321889,
                              "Actual Loops": 7,
                              "Hash Buckets": 4194304,
                              "Original Hash Buckets": 4194304,
                              "Hash Batches": 1,
                              "Original Hash Batches": 1,
                              "Peak Memory Usage": 121024,
                              "Plans": [
                                {
                                  "Node Type": "Seq Scan",
                                  "Parent Relationship": "Outer",
                                  "Parallel Aware": true,
                                  "Relation Name": "title",
                                  "Alias": "t",
                                  "Startup Cost": 0.0,
                                  "Total Cost": 43899.32,
                                  "Plan Rows": 565405,
                                  "Plan Width": 4,
                                  "Actual Startup Time": 0.059,
                                  "Actual Total Time": 84.651,
                                  "Actual Rows": 321889,
                                  "Actual Loops": 7,
                                  "Filter": "(production_year > 1955)",
                                  "Rows Removed by Filter": 39299
                                }
                              ]
                            }
                          ]
                        }
                      ]
                    }
                  ]
                }
              ]
            }
          ]
        }
      ]
    },
    "Planning Time": 0.803,
    "Triggers": [],
    "Execution Time": 1701.003
  }
]