{
  "Plan": {
    "Node Type": "Aggregate",
    "Strategy": "Plain",
    "Partial Mode": "Simple",
    "Parallel Aware": false,
    "Startup Cost": 20000326469.43,
    "Total Cost": 20000326469.44,
    "Plan Rows": 1,
    "Plan Width": 64,
    "Actual Startup Time": 1314.822,
    "Actual Total Time": 1379.779,
    "Actual Rows": 1,
    "Actual Loops": 1,
    "Plans": [
      {
        "Node Type": "Hash Join",
        "Parent Relationship": "Outer",
        "Parallel Aware": false,
        "Join Type": "Inner",
        "Startup Cost": 20000097057.46,
        "Total Cost": 20000326469.43,
        "Plan Rows": 1,
        "Plan Width": 23,
        "Actual Startup Time": 1165.349,
        "Actual Total Time": 1379.646,
        "Actual Rows": 761,
        "Actual Loops": 1,
        "Inner Unique": true,
        "Hash Cond": "(mi.info_type_id = it1.id)",
        "Plans": [
          {
            "Node Type": "Gather",
            "Parent Relationship": "Outer",
            "Parallel Aware": false,
            "Startup Cost": 20000097055.04,
            "Total Cost": 20000326467.0,
            "Plan Rows": 1,
            "Plan Width": 27,
            "Actual Startup Time": 463.623,
            "Actual Total Time": 1379.26,
            "Actual Rows": 878,
            "Actual Loops": 1,
            "Workers Planned": 5,
            "Workers Launched": 5,
            "Single Copy": false,
            "Plans": [
              {
                "Node Type": "Hash Join",
                "Parent Relationship": "Outer",
                "Parallel Aware": true,
                "Join Type": "Inner",
                "Startup Cost": 20000096055.04,
                "Total Cost": 20000325466.9,
                "Plan Rows": 1,
                "Plan Width": 27,
                "Actual Startup Time": 451.545,
                "Actual Total Time": 1300.622,
                "Actual Rows": 146,
                "Actual Loops": 6,
                "Inner Unique": false,
                "Hash Cond": "(mi.movie_id = t.id)",
                "Plans": [
                  {
                    "Node Type": "Seq Scan",
                    "Parent Relationship": "Outer",
                    "Parallel Aware": true,
                    "Relation Name": "movie_info",
                    "Alias": "mi",
                    "Startup Cost": 0.0,
                    "Total Cost": 228901.28,
                    "Plan Rows": 136153,
                    "Plan Width": 8,
                    "Actual Startup Time": 0.373,
                    "Actual Total Time": 847.818,
                    "Actual Rows": 117779,
                    "Actual Loops": 6,
                    "Filter": "(info = ANY ('{Sweden,Norway,Germany,Denmark,Swedish,Denish,Norwegian,German,USA,American}'::text[]))",
                    "Rows Removed by Filter": 2354841
                  },
                  {
                    "Node Type": "Hash",
                    "Parent Relationship": "Inner",
                    "Parallel Aware": true,
                    "Startup Cost": 20000096055.02,
                    "Total Cost": 20000096055.02,
                    "Plan Rows": 1,
                    "Plan Width": 35,
                    "Actual Startup Time": 437.59,
                    "Actual Total Time": 437.603,
                    "Actual Rows": 191,
                    "Actual Loops": 6,
                    "Hash Buckets": 1024,
                    "Original Hash Buckets": 1024,
                    "Hash Batches": 1,
                    "Original Hash Batches": 1,
                    "Peak Memory Usage": 200,
                    "Plans": [
                      {
                        "Node Type": "Hash Join",
                        "Parent Relationship": "Outer",
                        "Parallel Aware": false,
                        "Join Type": "Inner",
                        "Startup Cost": 20000044498.14,
                        "Total Cost": 20000096055.02,
                        "Plan Rows": 1,
                        "Plan Width": 35,
                        "Actual Startup Time": 166.853,
                        "Actual Total Time": 434.73,
                        "Actual Rows": 191,
                        "Actual Loops": 6,
                        "Inner Unique": true,
                        "Hash Cond": "(mi_idx.info_type_id = it2.id)",
                        "Plans": [
                          {
                            "Node Type": "Nested Loop",
                            "Parent Relationship": "Outer",
                            "Parallel Aware": false,
                            "Join Type": "Inner",
                            "Startup Cost": 20000044495.72,
                            "Total Cost": 20000096052.59,
                            "Plan Rows": 4,
                            "Plan Width": 39,
                            "Actual Startup Time": 166.351,
                            "Actual Total Time": 434.386,
                            "Actual Rows": 563,
                            "Actual Loops": 6,
                            "Inner Unique": true,
                            "Plans": [
                              {
                                "Node Type": "Nested Loop",
                                "Parent Relationship": "Outer",
                                "Parallel Aware": false,
                                "Join Type": "Inner",
                                "Startup Cost": 10000044495.3,
                                "Total Cost": 10000086120.25,
                                "Plan Rows": 22381,
                                "Plan Width": 43,
                                "Actual Startup Time": 163.801,
                                "Actual Total Time": 285.185,
                                "Actual Rows": 53822,
                                "Actual Loops": 6,
                                "Inner Unique": false,
                                "Join Filter": "(t.id = mk.movie_id)",
                                "Rows Removed by Join Filter": 0,
                                "Plans": [
                                  {
                                    "Node Type": "Hash Join",
                                    "Parent Relationship": "Outer",
                                    "Parallel Aware": true,
                                    "Join Type": "Inner",
                                    "Startup Cost": 44494.87,
                                    "Total Cost": 61744.84,
                                    "Plan Rows": 12509,
                                    "Plan Width": 35,
                                    "Actual Startup Time": 163.426,
                                    "Actual Total Time": 211.79,
                                    "Actual Rows": 8483,
                                    "Actual Loops": 6,
                                    "Inner Unique": false,
                                    "Hash Cond": "(mi_idx.movie_id = t.id)",
                                    "Plans": [
                                      {
                                        "Node Type": "Seq Scan",
                                        "Parent Relationship": "Outer",
                                        "Parallel Aware": true,
                                        "Relation Name": "movie_info_idx",
                                        "Alias": "mi_idx",
                                        "Startup Cost": 0.0,
                                        "Total Cost": 15122.68,
                                        "Plan Rows": 558940,
                                        "Plan Width": 14,
                                        "Actual Startup Time": 0.031,
                                        "Actual Total Time": 45.447,
                                        "Actual Rows": 222939,
                                        "Actual Loops": 6,
                                        "Filter": "(info < '8.5'::text)",
                                        "Rows Removed by Filter": 7067
                                      },
                                      {
                                        "Node Type": "Hash",
                                        "Parent Relationship": "Inner",
                                        "Parallel Aware": true,
                                        "Startup Cost": 44318.03,
                                        "Total Cost": 44318.03,
                                        "Plan Rows": 14147,
                                        "Plan Width": 21,
                                        "Actual Startup Time": 134.474,
                                        "Actual Total Time": 134.478,
                                        "Actual Rows": 16499,
                                        "Actual Loops": 6,
                                        "Hash Buckets": 131072,
                                        "Original Hash Buckets": 65536,
                                        "Hash Batches": 1,
                                        "Original Hash Batches": 1,
                                        "Peak Memory Usage": 7104,
                                        "Plans": [
                                          {
                                            "Node Type": "Hash Join",
                                            "Parent Relationship": "Outer",
                                            "Parallel Aware": false,
                                            "Join Type": "Inner",
                                            "Startup Cost": 1.1,
                                            "Total Cost": 44318.03,
                                            "Plan Rows": 14147,
                                            "Plan Width": 21,
                                            "Actual Startup Time": 61.968,
                                            "Actual Total Time": 123.004,
                                            "Actual Rows": 16499,
                                            "Actual Loops": 6,
                                            "Inner Unique": true,
                                            "Hash Cond": "(t.kind_id = kt.id)",
                                            "Plans": [
                                              {
                                                "Node Type": "Seq Scan",
                                                "Parent Relationship": "Outer",
                                                "Parallel Aware": true,
                                                "Relation Name": "title",
                                                "Alias": "t",
                                                "Startup Cost": 0.0,
                                                "Total Cost": 43899.59,
                                                "Plan Rows": 99030,
                                                "Plan Width": 25,
                                                "Actual Startup Time": 0.053,
                                                "Actual Total Time": 112.765,
                                                "Actual Rows": 65278,
                                                "Actual Loops": 6,
                                                "Filter": "(production_year > 2010)",
                                                "Rows Removed by Filter": 356108
                                              },
                                              {
                                                "Node Type": "Hash",
                                                "Parent Relationship": "Inner",
                                                "Parallel Aware": false,
                                                "Startup Cost": 1.09,
                                                "Total Cost": 1.09,
                                                "Plan Rows": 1,
                                                "Plan Width": 4,
                                                "Actual Startup Time": 0.073,
                                                "Actual Total Time": 0.074,
                                                "Actual Rows": 1,
                                                "Actual Loops": 6,
                                                "Hash Buckets": 1024,
                                                "Original Hash Buckets": 1024,
                                                "Hash Batches": 1,
                                                "Original Hash Batches": 1,
                                                "Peak Memory Usage": 9,
                                                "Plans": [
                                                  {
                                                    "Node Type": "Seq Scan",
                                                    "Parent Relationship": "Outer",
                                                    "Parallel Aware": false,
                                                    "Relation Name": "kind_type",
                                                    "Alias": "kt",
                                                    "Startup Cost": 0.0,
                                                    "Total Cost": 1.09,
                                                    "Plan Rows": 1,
                                                    "Plan Width": 4,
                                                    "Actual Startup Time": 0.054,
                                                    "Actual Total Time": 0.058,
                                                    "Actual Rows": 1,
                                                    "Actual Loops": 6,
                                                    "Filter": "((kind)::text = 'movie'::text)",
                                                    "Rows Removed by Filter": 6
                                                  }
                                                ]
                                              }
                                            ]
                                          }
                                        ]
                                      }
                                    ]
                                  },
                                  {
                                    "Node Type": "Index Scan",
                                    "Parent Relationship": "Inner",
                                    "Parallel Aware": false,
                                    "Scan Direction": "Forward",
                                    "Index Name": "movie_id_movie_keyword",
                                    "Relation Name": "movie_keyword",
                                    "Alias": "mk",
                                    "Startup Cost": 0.43,
                                    "Total Cost": 1.37,
                                    "Plan Rows": 46,
                                    "Plan Width": 8,
                                    "Actual Startup Time": 0.006,
                                    "Actual Total Time": 0.007,
                                    "Actual Rows": 6,
                                    "Actual Loops": 50900,
                                    "Index Cond": "(movie_id = mi_idx.movie_id)",
                                    "Rows Removed by Index Recheck": 0
                                  }
                                ]
                              },
                              {
                                "Node Type": "Index Scan",
                                "Parent Relationship": "Inner",
                                "Parallel Aware": false,
                                "Scan Direction": "Forward",
                                "Index Name": "keyword_pkey",
                                "Relation Name": "keyword",
                                "Alias": "k",
                                "Startup Cost": 0.42,
                                "Total Cost": 0.44,
                                "Plan Rows": 1,
                                "Plan Width": 4,
                                "Actual Startup Time": 0.003,
                                "Actual Total Time": 0.003,
                                "Actual Rows": 0,
                                "Actual Loops": 322930,
                                "Index Cond": "(id = mk.keyword_id)",
                                "Rows Removed by Index Recheck": 0,
                                "Filter": "(keyword = ANY ('{murder,murder-in-title,blood,violence}'::text[]))",
                                "Rows Removed by Filter": 1
                              }
                            ]
                          },
                          {
                            "Node Type": "Hash",
                            "Parent Relationship": "Inner",
                            "Parallel Aware": false,
                            "Startup Cost": 2.41,
                            "Total Cost": 2.41,
                            "Plan Rows": 1,
                            "Plan Width": 4,
                            "Actual Startup Time": 0.119,
                            "Actual Total Time": 0.12,
                            "Actual Rows": 1,
                            "Actual Loops": 6,
                            "Hash Buckets": 1024,
                            "Original Hash Buckets": 1024,
                            "Hash Batches": 1,
                            "Original Hash Batches": 1,
                            "Peak Memory Usage": 9,
                            "Plans": [
                              {
                                "Node Type": "Seq Scan",
                                "Parent Relationship": "Outer",
                                "Parallel Aware": false,
                                "Relation Name": "info_type",
                                "Alias": "it2",
                                "Startup Cost": 0.0,
                                "Total Cost": 2.41,
                                "Plan Rows": 1,
                                "Plan Width": 4,
                                "Actual Startup Time": 0.093,
                                "Actual Total Time": 0.098,
                                "Actual Rows": 1,
                                "Actual Loops": 6,
                                "Filter": "((info)::text = 'rating'::text)",
                                "Rows Removed by Filter": 112
                              }
                            ]
                          }
                        ]
                      }
                    ]
                  }
                ]
              }
            ]
          },
          {
            "Node Type": "Hash",
            "Parent Relationship": "Inner",
            "Parallel Aware": false,
            "Startup Cost": 2.41,
            "Total Cost": 2.41,
            "Plan Rows": 1,
            "Plan Width": 4,
            "Actual Startup Time": 0.074,
            "Actual Total Time": 0.077,
            "Actual Rows": 1,
            "Actual Loops": 1,
            "Hash Buckets": 1024,
            "Original Hash Buckets": 1024,
            "Hash Batches": 1,
            "Original Hash Batches": 1,
            "Peak Memory Usage": 9,
            "Plans": [
              {
                "Node Type": "Seq Scan",
                "Parent Relationship": "Outer",
                "Parallel Aware": false,
                "Relation Name": "info_type",
                "Alias": "it1",
                "Startup Cost": 0.0,
                "Total Cost": 2.41,
                "Plan Rows": 1,
                "Plan Width": 4,
                "Actual Startup Time": 0.047,
                "Actual Total Time": 0.064,
                "Actual Rows": 1,
                "Actual Loops": 1,
                "Filter": "((info)::text = 'countries'::text)",
                "Rows Removed by Filter": 112
              }
            ]
          }
        ]
      }
    ]
  },
  "Planning Time": 12.611,
  "Triggers": [],
  "Execution Time": 1380.468
}