[
  {
    "Plan": {
      "Node Type": "Aggregate",
      "Strategy": "Plain",
      "Partial Mode": "Finalize",
      "Parallel Aware": false,
      "Startup Cost": 123059.07,
      "Total Cost": 123059.08,
      "Plan Rows": 1,
      "Plan Width": 8,
      "Actual Startup Time": 2256.898,
      "Actual Total Time": 2337.501,
      "Actual Rows": 1,
      "Actual Loops": 1,
      "Plans": [
        {
          "Node Type": "Gather",
          "Parent Relationship": "Outer",
          "Parallel Aware": false,
          "Startup Cost": 123058.65,
          "Total Cost": 123059.06,
          "Plan Rows": 4,
          "Plan Width": 8,
          "Actual Startup Time": 2255.234,
          "Actual Total Time": 2337.49,
          "Actual Rows": 5,
          "Actual Loops": 1,
          "Workers Planned": 4,
          "Workers Launched": 4,
          "Single Copy": false,
          "Plans": [
            {
              "Node Type": "Aggregate",
              "Strategy": "Plain",
              "Partial Mode": "Partial",
              "Parent Relationship": "Outer",
              "Parallel Aware": false,
              "Startup Cost": 122058.65,
              "Total Cost": 122058.66,
              "Plan Rows": 1,
              "Plan Width": 8,
              "Actual Startup Time": 2244.783,
              "Actual Total Time": 2244.842,
              "Actual Rows": 1,
              "Actual Loops": 5,
              "Plans": [
                {
                  "Node Type": "Nested Loop",
                  "Parent Relationship": "Outer",
                  "Parallel Aware": false,
                  "Join Type": "Inner",
                  "Startup Cost": 28103.74,
                  "Total Cost": 121857.56,
                  "Plan Rows": 80434,
                  "Plan Width": 0,
                  "Actual Startup Time": 112.49,
                  "Actual Total Time": 2216.532,
                  "Actual Rows": 585228,
                  "Actual Loops": 5,
                  "Inner Unique": false,
                  "Plans": [
                    {
                      "Node Type": "Hash Join",
                      "Parent Relationship": "Outer",
                      "Parallel Aware": true,
                      "Join Type": "Inner",
                      "Startup Cost": 28103.18,
                      "Total Cost": 73293.96,
                      "Plan Rows": 16300,
                      "Plan Width": 8,
                      "Actual Startup Time": 104.507,
                      "Actual Total Time": 259.629,
                      "Actual Rows": 65728,
                      "Actual Loops": 5,
                      "Inner Unique": false,
                      "Hash Cond": "(t.id = mc.movie_id)",
                      "Plans": [
                        {
                          "Node Type": "Seq Scan",
                          "Parent Relationship": "Outer",
                          "Parallel Aware": true,
                          "Relation Name": "title",
                          "Alias": "t",
                          "Startup Cost": 0.0,
                          "Total Cost": 43898.92,
                          "Plan Rows": 247857,
                          "Plan Width": 4,
                          "Actual Startup Time": 0.013,
                          "Actual Total Time": 72.702,
                          "Actual Rows": 197010,
                          "Actual Loops": 5,
                          "Filter": "(kind_id < 7)",
                          "Rows Removed by Filter": 308653
                        },
                        {
                          "Node Type": "Hash",
                          "Parent Relationship": "Inner",
                          "Parallel Aware": true,
                          "Startup Cost": 27432.72,
                          "Total Cost": 27432.72,
                          "Plan Rows": 53637,
                          "Plan Width": 4,
                          "Actual Startup Time": 93.069,
                          "Actual Total Time": 93.071,
                          "Actual Rows": 66013,
                          "Actual Loops": 5,
                          "Hash Buckets": 524288,
                          "Original Hash Buckets": 262144,
                          "Hash Batches": 1,
                          "Original Hash Batches": 1,
                          "Peak Memory Usage": 19136,
                          "Plans": [
                            {
                              "Node Type": "Bitmap Heap Scan",
                              "Parent Relationship": "Outer",
                              "Parallel Aware": true,
                              "Relation Name": "movie_companies",
                              "Alias": "mc",
                              "Startup Cost": 7058.12,
                              "Total Cost": 27432.72,
                              "Plan Rows": 53637,
                              "Plan Width": 4,
                              "Actual Startup Time": 31.119,
                              "Actual Total Time": 60.789,
                              "Actual Rows": 66013,
                              "Actual Loops": 5,
                              "Recheck Cond": "(company_id > 90685)",
                              "Rows Removed by Index Recheck": 0,
                              "Filter": "(company_type_id > 1)",
                              "Rows Removed by Filter": 0,
                              "Exact Heap Blocks": 1772,
                              "Lossy Heap Blocks": 0,
                              "Plans": [
                                {
                                  "Node Type": "Bitmap Index Scan",
                                  "Parent Relationship": "Outer",
                                  "Parallel Aware": false,
                                  "Index Name": "company_id_movie_companies",
                                  "Startup Cost": 0.0,
                                  "Total Cost": 7016.55,
                                  "Plan Rows": 327483,
                                  "Plan Width": 0,
                                  "Actual Startup Time": 33.782,
                                  "Actual Total Time": 33.782,
                                  "Actual Rows": 330066,
                                  "Actual Loops": 1,
                                  "Index Cond": "(company_id > 90685)"
                                }
                              ]
                            }
                          ]
                        }
                      ]
                    },
                    {
                      "Node Type": "Index Scan",
                      "Parent Relationship": "Inner",
                      "Parallel Aware": false,
                      "Scan Direction": "Forward",
                      "Index Name": "movie_id_cast_info",
                      "Relation Name": "cast_info",
                      "Alias": "ci",
                      "Startup Cost": 0.56,
                      "Total Cost": 2.85,
                      "Plan Rows": 13,
                      "Plan Width": 4,
                      "Actual Startup Time": 0.006,
                      "Actual Total Time": 0.029,
                      "Actual Rows": 9,
                      "Actual Loops": 328638,
                      "Index Cond": "(movie_id = t.id)",
                      "Rows Removed by Index Recheck": 0,
                      "Filter": "(role_id < 2)",
                      "Rows Removed by Filter": 16
                    }
                  ]
                }
              ]
            }
          ]
        }
      ]
    },
    "Planning Time": 1.403,
    "Triggers": [],
    "Execution Time": 2337.631
  }
]