[
  {
    "Plan": {
      "Node Type": "Aggregate",
      "Strategy": "Plain",
      "Partial Mode": "Finalize",
      "Parallel Aware": false,
      "Startup Cost": 49820.02,
      "Total Cost": 49820.03,
      "Plan Rows": 1,
      "Plan Width": 8,
      "Actual Startup Time": 96.511,
      "Actual Total Time": 102.929,
      "Actual Rows": 1,
      "Actual Loops": 1,
      "Plans": [
        {
          "Node Type": "Gather",
          "Parent Relationship": "Outer",
          "Parallel Aware": false,
          "Startup Cost": 49819.6,
          "Total Cost": 49820.01,
          "Plan Rows": 4,
          "Plan Width": 8,
          "Actual Startup Time": 96.42,
          "Actual Total Time": 102.921,
          "Actual Rows": 5,
          "Actual Loops": 1,
          "Workers Planned": 4,
          "Workers Launched": 4,
          "Single Copy": false,
          "Plans": [
            {
              "Node Type": "Aggregate",
              "Strategy": "Plain",
              "Partial Mode": "Partial",
              "Parent Relationship": "Outer",
              "Parallel Aware": false,
              "Startup Cost": 48819.6,
              "Total Cost": 48819.61,
              "Plan Rows": 1,
              "Plan Width": 8,
              "Actual Startup Time": 88.964,
              "Actual Total Time": 88.965,
              "Actual Rows": 1,
              "Actual Loops": 5,
              "Plans": [
                {
                  "Node Type": "Index Scan",
                  "Parent Relationship": "Outer",
                  "Parallel Aware": true,
                  "Scan Direction": "Forward",
                  "Index Name": "role_id_cast_info",
                  "Relation Name": "cast_info",
                  "Alias": "ci",
                  "Startup Cost": 0.56,
                  "Total Cost": 47835.41,
                  "Plan Rows": 393676,
                  "Plan Width": 0,
                  "Actual Startup Time": 0.194,
                  "Actual Total Time": 74.58,
                  "Actual Rows": 312755,
                  "Actual Loops": 5,
                  "Index Cond": "(role_id = 8)",
                  "Rows Removed by Index Recheck": 0,
                  "Filter": "(person_id > 290303)",
                  "Rows Removed by Filter": 27954
                }
              ]
            }
          ]
        }
      ]
    },
    "Planning Time": 0.233,
    "Triggers": [],
    "Execution Time": 102.99
  }
]