[
  {
    "Plan": {
      "Node Type": "Aggregate",
      "Strategy": "Plain",
      "Partial Mode": "Finalize",
      "Parallel Aware": false,
      "Startup Cost": 111256.0,
      "Total Cost": 111256.01,
      "Plan Rows": 1,
      "Plan Width": 8,
      "Actual Startup Time": 748.667,
      "Actual Total Time": 766.567,
      "Actual Rows": 1,
      "Actual Loops": 1,
      "Plans": [
        {
          "Node Type": "Gather",
          "Parent Relationship": "Outer",
          "Parallel Aware": false,
          "Startup Cost": 111255.68,
          "Total Cost": 111255.99,
          "Plan Rows": 3,
          "Plan Width": 8,
          "Actual Startup Time": 743.714,
          "Actual Total Time": 766.553,
          "Actual Rows": 4,
          "Actual Loops": 1,
          "Workers Planned": 3,
          "Workers Launched": 3,
          "Single Copy": false,
          "Plans": [
            {
              "Node Type": "Aggregate",
              "Strategy": "Plain",
              "Partial Mode": "Partial",
              "Parent Relationship": "Outer",
              "Parallel Aware": false,
              "Startup Cost": 110255.68,
              "Total Cost": 110255.69,
              "Plan Rows": 1,
              "Plan Width": 8,
              "Actual Startup Time": 739.877,
              "Actual Total Time": 740.073,
              "Actual Rows": 1,
              "Actual Loops": 4,
              "Plans": [
                {
                  "Node Type": "Hash Join",
                  "Parent Relationship": "Outer",
                  "Parallel Aware": true,
                  "Join Type": "Inner",
                  "Startup Cost": 64418.25,
                  "Total Cost": 109761.57,
                  "Plan Rows": 197643,
                  "Plan Width": 0,
                  "Actual Startup Time": 357.738,
                  "Actual Total Time": 658.452,
                  "Actual Rows": 1882310,
                  "Actual Loops": 4,
                  "Inner Unique": false,
                  "Hash Cond": "(mk.movie_id = t.id)",
                  "Plans": [
                    {
                      "Node Type": "Seq Scan",
                      "Parent Relationship": "Outer",
                      "Parallel Aware": true,
                      "Relation Name": "movie_keyword",
                      "Alias": "mk",
                      "Startup Cost": 0.0,
                      "Total Cost": 39047.32,
                      "Plan Rows": 1459332,
                      "Plan Width": 4,
                      "Actual Startup Time": 0.067,
                      "Actual Total Time": 89.955,
                      "Actual Rows": 1130982,
                      "Actual Loops": 4
                    },
                    {
                      "Node Type": "Hash",
                      "Parent Relationship": "Inner",
                      "Parallel Aware": true,
                      "Startup Cost": 62634.73,
                      "Total Cost": 62634.73,
                      "Plan Rows": 142681,
                      "Plan Width": 8,
                      "Actual Startup Time": 318.799,
                      "Actual Total Time": 318.993,
                      "Actual Rows": 154433,
                      "Actual Loops": 4,
                      "Hash Buckets": 1048576,
                      "Original Hash Buckets": 524288,
                      "Hash Batches": 1,
                      "Original Hash Batches": 1,
                      "Peak Memory Usage": 36544,
                      "Plans": [
                        {
                          "Node Type": "Hash Join",
                          "Parent Relationship": "Outer",
                          "Parallel Aware": true,
                          "Join Type": "Inner",
                          "Startup Cost": 47440.17,
                          "Total Cost": 62634.73,
                          "Plan Rows": 142681,
                          "Plan Width": 8,
                          "Actual Startup Time": 194.798,
                          "Actual Total Time": 262.999,
                          "Actual Rows": 154433,
                          "Actual Loops": 4,
                          "Inner Unique": true,
                          "Hash Cond": "(mi_idx.movie_id = t.id)",
                          "Plans": [
                            {
                              "Node Type": "Seq Scan",
                              "Parent Relationship": "Outer",
                              "Parallel Aware": true,
                              "Relation Name": "movie_info_idx",
                              "Alias": "mi_idx",
                              "Startup Cost": 0.0,
                              "Total Cost": 13685.15,
                              "Plan Rows": 575015,
                              "Plan Width": 4,
                              "Actual Startup Time": 0.009,
                              "Actual Total Time": 32.523,
                              "Actual Rows": 345009,
                              "Actual Loops": 4
                            },
                            {
                              "Node Type": "Hash",
                              "Parent Relationship": "Inner",
                              "Parallel Aware": true,
                              "Startup Cost": 45479.59,
                              "Total Cost": 45479.59,
                              "Plan Rows": 156847,
                              "Plan Width": 4,
                              "Actual Startup Time": 161.484,
                              "Actual Total Time": 161.485,
                              "Actual Rows": 151148,
                              "Actual Loops": 4,
                              "Hash Buckets": 1048576,
                              "Original Hash Buckets": 1048576,
                              "Hash Batches": 1,
                              "Original Hash Batches": 1,
                              "Peak Memory Usage": 31904,
                              "Plans": [
                                {
                                  "Node Type": "Seq Scan",
                                  "Parent Relationship": "Outer",
                                  "Parallel Aware": true,
                                  "Relation Name": "title",
                                  "Alias": "t",
                                  "Startup Cost": 0.0,
                                  "Total Cost": 45479.59,
                                  "Plan Rows": 156847,
                                  "Plan Width": 4,
                                  "Actual Startup Time": 42.19,
                                  "Actual Total Time": 102.518,
                                  "Actual Rows": 151148,
                                  "Actual Loops": 4,
                                  "Filter": "((production_year > 1913) AND (kind_id = 1))",
                                  "Rows Removed by Filter": 480930
                                }
                              ]
                            }
                          ]
                        }
                      ]
                    }
                  ]
                }
              ]
            }
          ]
        }
      ]
    },
    "Planning Time": 0.507,
    "Triggers": [],
    "Execution Time": 766.66
  }
]