[
  {
    "Plan": {
      "Node Type": "Aggregate",
      "Strategy": "Plain",
      "Partial Mode": "Finalize",
      "Parallel Aware": false,
      "Startup Cost": 46481.91,
      "Total Cost": 46481.92,
      "Plan Rows": 1,
      "Plan Width": 8,
      "Actual Startup Time": 98.89,
      "Actual Total Time": 113.971,
      "Actual Rows": 1,
      "Actual Loops": 1,
      "Plans": [
        {
          "Node Type": "Gather",
          "Parent Relationship": "Outer",
          "Parallel Aware": false,
          "Startup Cost": 46481.49,
          "Total Cost": 46481.9,
          "Plan Rows": 4,
          "Plan Width": 8,
          "Actual Startup Time": 98.731,
          "Actual Total Time": 113.959,
          "Actual Rows": 5,
          "Actual Loops": 1,
          "Workers Planned": 4,
          "Workers Launched": 4,
          "Single Copy": false,
          "Plans": [
            {
              "Node Type": "Aggregate",
              "Strategy": "Plain",
              "Partial Mode": "Partial",
              "Parent Relationship": "Outer",
              "Parallel Aware": false,
              "Startup Cost": 45481.49,
              "Total Cost": 45481.5,
              "Plan Rows": 1,
              "Plan Width": 8,
              "Actual Startup Time": 93.442,
              "Actual Total Time": 93.443,
              "Actual Rows": 1,
              "Actual Loops": 5,
              "Plans": [
                {
                  "Node Type": "Seq Scan",
                  "Parent Relationship": "Outer",
                  "Parallel Aware": true,
                  "Relation Name": "title",
                  "Alias": "t",
                  "Startup Cost": 0.0,
                  "Total Cost": 45479.59,
                  "Plan Rows": 763,
                  "Plan Width": 0,
                  "Actual Startup Time": 0.625,
                  "Actual Total Time": 93.367,
                  "Actual Rows": 460,
                  "Actual Loops": 5,
                  "Filter": "((kind_id > 1) AND (production_year = 1950))",
                  "Rows Removed by Filter": 505202
                }
              ]
            }
          ]
        }
      ]
    },
    "Planning Time": 0.185,
    "Triggers": [],
    "Execution Time": 114.029
  }
]