[
  {
    "Plan": {
      "Node Type": "Aggregate",
      "Strategy": "Plain",
      "Partial Mode": "Finalize",
      "Parallel Aware": false,
      "Startup Cost": 46481.46,
      "Total Cost": 46481.47,
      "Plan Rows": 1,
      "Plan Width": 8,
      "Actual Startup Time": 98.165,
      "Actual Total Time": 111.106,
      "Actual Rows": 1,
      "Actual Loops": 1,
      "Plans": [
        {
          "Node Type": "Gather",
          "Parent Relationship": "Outer",
          "Parallel Aware": false,
          "Startup Cost": 46481.04,
          "Total Cost": 46481.45,
          "Plan Rows": 4,
          "Plan Width": 8,
          "Actual Startup Time": 98.027,
          "Actual Total Time": 111.096,
          "Actual Rows": 5,
          "Actual Loops": 1,
          "Workers Planned": 4,
          "Workers Launched": 4,
          "Single Copy": false,
          "Plans": [
            {
              "Node Type": "Aggregate",
              "Strategy": "Plain",
              "Partial Mode": "Partial",
              "Parent Relationship": "Outer",
              "Parallel Aware": false,
              "Startup Cost": 45481.04,
              "Total Cost": 45481.05,
              "Plan Rows": 1,
              "Plan Width": 8,
              "Actual Startup Time": 88.449,
              "Actual Total Time": 88.45,
              "Actual Rows": 1,
              "Actual Loops": 5,
              "Plans": [
                {
                  "Node Type": "Seq Scan",
                  "Parent Relationship": "Outer",
                  "Parallel Aware": true,
                  "Relation Name": "title",
                  "Alias": "t",
                  "Startup Cost": 0.0,
                  "Total Cost": 45479.1,
                  "Plan Rows": 777,
                  "Plan Width": 0,
                  "Actual Startup Time": 0.856,
                  "Actual Total Time": 88.369,
                  "Actual Rows": 460,
                  "Actual Loops": 5,
                  "Filter": "((kind_id > 1) AND (production_year = 1950))",
                  "Rows Removed by Filter": 505202
                }
              ]
            }
          ]
        }
      ]
    },
    "Planning Time": 0.197,
    "Triggers": [],
    "Execution Time": 111.171
  }
]