[
  {
    "Plan": {
      "Node Type": "Aggregate",
      "Strategy": "Plain",
      "Partial Mode": "Finalize",
      "Parallel Aware": false,
      "Startup Cost": 131376.53,
      "Total Cost": 131376.54,
      "Plan Rows": 1,
      "Plan Width": 8,
      "Actual Startup Time": 1082.751,
      "Actual Total Time": 1107.372,
      "Actual Rows": 1,
      "Actual Loops": 1,
      "Plans": [
        {
          "Node Type": "Gather",
          "Parent Relationship": "Outer",
          "Parallel Aware": false,
          "Startup Cost": 131376.21,
          "Total Cost": 131376.52,
          "Plan Rows": 3,
          "Plan Width": 8,
          "Actual Startup Time": 1068.828,
          "Actual Total Time": 1107.362,
          "Actual Rows": 4,
          "Actual Loops": 1,
          "Workers Planned": 3,
          "Workers Launched": 3,
          "Single Copy": false,
          "Plans": [
            {
              "Node Type": "Aggregate",
              "Strategy": "Plain",
              "Partial Mode": "Partial",
              "Parent Relationship": "Outer",
              "Parallel Aware": false,
              "Startup Cost": 130376.21,
              "Total Cost": 130376.22,
              "Plan Rows": 1,
              "Plan Width": 8,
              "Actual Startup Time": 1062.653,
              "Actual Total Time": 1064.163,
              "Actual Rows": 1,
              "Actual Loops": 4,
              "Plans": [
                {
                  "Node Type": "Hash Join",
                  "Parent Relationship": "Outer",
                  "Parallel Aware": true,
                  "Join Type": "Inner",
                  "Startup Cost": 84604.9,
                  "Total Cost": 129829.78,
                  "Plan Rows": 218570,
                  "Plan Width": 0,
                  "Actual Startup Time": 588.951,
                  "Actual Total Time": 961.997,
                  "Actual Rows": 2262521,
                  "Actual Loops": 4,
                  "Inner Unique": false,
                  "Hash Cond": "(mk.movie_id = t.id)",
                  "Plans": [
                    {
                      "Node Type": "Seq Scan",
                      "Parent Relationship": "Outer",
                      "Parallel Aware": true,
                      "Relation Name": "movie_keyword",
                      "Alias": "mk",
                      "Startup Cost": 0.0,
                      "Total Cost": 39047.32,
                      "Plan Rows": 1459332,
                      "Plan Width": 4,
                      "Actual Startup Time": 0.035,
                      "Actual Total Time": 92.094,
                      "Actual Rows": 1130982,
                      "Actual Loops": 4
                    },
                    {
                      "Node Type": "Hash",
                      "Parent Relationship": "Inner",
                      "Parallel Aware": true,
                      "Startup Cost": 83077.91,
                      "Total Cost": 83077.91,
                      "Plan Rows": 122159,
                      "Plan Width": 8,
                      "Actual Startup Time": 585.654,
                      "Actual Total Time": 587.162,
                      "Actual Rows": 145593,
                      "Actual Loops": 4,
                      "Hash Buckets": 1048576,
                      "Original Hash Buckets": 524288,
                      "Hash Batches": 1,
                      "Original Hash Batches": 1,
                      "Peak Memory Usage": 35136,
                      "Plans": [
                        {
                          "Node Type": "Hash Join",
                          "Parent Relationship": "Outer",
                          "Parallel Aware": true,
                          "Join Type": "Inner",
                          "Startup Cost": 51321.73,
                          "Total Cost": 83077.91,
                          "Plan Rows": 122159,
                          "Plan Width": 8,
                          "Actual Startup Time": 382.746,
                          "Actual Total Time": 519.391,
                          "Actual Rows": 145593,
                          "Actual Loops": 4,
                          "Inner Unique": true,
                          "Hash Cond": "(mc.movie_id = t.id)",
                          "Plans": [
                            {
                              "Node Type": "Seq Scan",
                              "Parent Relationship": "Outer",
                              "Parallel Aware": true,
                              "Relation Name": "movie_companies",
                              "Alias": "mc",
                              "Startup Cost": 0.0,
                              "Total Cost": 31414.82,
                              "Plan Rows": 130041,
                              "Plan Width": 4,
                              "Actual Startup Time": 0.015,
                              "Actual Total Time": 71.935,
                              "Actual Rows": 146405,
                              "Actual Loops": 4,
                              "Filter": "((company_id < 2023) AND (company_type_id = 1))",
                              "Rows Removed by Filter": 505877
                            },
                            {
                              "Node Type": "Hash",
                              "Parent Relationship": "Inner",
                              "Parallel Aware": true,
                              "Startup Cost": 43899.32,
                              "Total Cost": 43899.32,
                              "Plan Rows": 593793,
                              "Plan Width": 4,
                              "Actual Startup Time": 373.218,
                              "Actual Total Time": 373.219,
                              "Actual Rows": 593643,
                              "Actual Loops": 4,
                              "Hash Buckets": 4194304,
                              "Original Hash Buckets": 4194304,
                              "Hash Batches": 1,
                              "Original Hash Batches": 1,
                              "Peak Memory Usage": 125728,
                              "Plans": [
                                {
                                  "Node Type": "Seq Scan",
                                  "Parent Relationship": "Outer",
                                  "Parallel Aware": true,
                                  "Relation Name": "title",
                                  "Alias": "t",
                                  "Startup Cost": 0.0,
                                  "Total Cost": 43899.32,
                                  "Plan Rows": 593793,
                                  "Plan Width": 4,
                                  "Actual Startup Time": 0.06,
                                  "Actual Total Time": 121.959,
                                  "Actual Rows": 593643,
                                  "Actual Loops": 4,
                                  "Filter": "(production_year > 1918)",
                                  "Rows Removed by Filter": 38435
                                }
                              ]
                            }
                          ]
                        }
                      ]
                    }
                  ]
                }
              ]
            }
          ]
        }
      ]
    },
    "Planning Time": 1.54,
    "Triggers": [],
    "Execution Time": 1107.452
  }
]