[
  {
    "Plan": {
      "Node Type": "Aggregate",
      "Strategy": "Plain",
      "Partial Mode": "Finalize",
      "Parallel Aware": false,
      "Startup Cost": 128076.53,
      "Total Cost": 128076.54,
      "Plan Rows": 1,
      "Plan Width": 8,
      "Actual Startup Time": 873.63,
      "Actual Total Time": 894.212,
      "Actual Rows": 1,
      "Actual Loops": 1,
      "Plans": [
        {
          "Node Type": "Gather",
          "Parent Relationship": "Outer",
          "Parallel Aware": false,
          "Startup Cost": 128076.21,
          "Total Cost": 128076.52,
          "Plan Rows": 3,
          "Plan Width": 8,
          "Actual Startup Time": 869.208,
          "Actual Total Time": 894.19,
          "Actual Rows": 4,
          "Actual Loops": 1,
          "Workers Planned": 3,
          "Workers Launched": 3,
          "Single Copy": false,
          "Plans": [
            {
              "Node Type": "Aggregate",
              "Strategy": "Plain",
              "Partial Mode": "Partial",
              "Parent Relationship": "Outer",
              "Parallel Aware": false,
              "Startup Cost": 127076.21,
              "Total Cost": 127076.22,
              "Plan Rows": 1,
              "Plan Width": 8,
              "Actual Startup Time": 860.406,
              "Actual Total Time": 860.537,
              "Actual Rows": 1,
              "Actual Loops": 4,
              "Plans": [
                {
                  "Node Type": "Hash Join",
                  "Parent Relationship": "Outer",
                  "Parallel Aware": true,
                  "Join Type": "Inner",
                  "Startup Cost": 81446.65,
                  "Total Cost": 126521.34,
                  "Plan Rows": 221947,
                  "Plan Width": 0,
                  "Actual Startup Time": 427.642,
                  "Actual Total Time": 769.493,
                  "Actual Rows": 2262521,
                  "Actual Loops": 4,
                  "Inner Unique": false,
                  "Hash Cond": "(mk.movie_id = t.id)",
                  "Plans": [
                    {
                      "Node Type": "Seq Scan",
                      "Parent Relationship": "Outer",
                      "Parallel Aware": true,
                      "Relation Name": "movie_keyword",
                      "Alias": "mk",
                      "Startup Cost": 0.0,
                      "Total Cost": 39047.32,
                      "Plan Rows": 1459332,
                      "Plan Width": 4,
                      "Actual Startup Time": 0.034,
                      "Actual Total Time": 86.921,
                      "Actual Rows": 1130982,
                      "Actual Loops": 4
                    },
                    {
                      "Node Type": "Hash",
                      "Parent Relationship": "Inner",
                      "Parallel Aware": true,
                      "Startup Cost": 80245.02,
                      "Total Cost": 80245.02,
                      "Plan Rows": 96131,
                      "Plan Width": 8,
                      "Actual Startup Time": 423.707,
                      "Actual Total Time": 423.836,
                      "Actual Rows": 145593,
                      "Actual Loops": 4,
                      "Hash Buckets": 1048576,
                      "Original Hash Buckets": 524288,
                      "Hash Batches": 1,
                      "Original Hash Batches": 1,
                      "Peak Memory Usage": 35136,
                      "Plans": [
                        {
                          "Node Type": "Hash Join",
                          "Parent Relationship": "Outer",
                          "Parallel Aware": true,
                          "Join Type": "Inner",
                          "Startup Cost": 33063.06,
                          "Total Cost": 80245.02,
                          "Plan Rows": 96131,
                          "Plan Width": 8,
                          "Actual Startup Time": 140.39,
                          "Actual Total Time": 372.133,
                          "Actual Rows": 145593,
                          "Actual Loops": 4,
                          "Inner Unique": false,
                          "Hash Cond": "(t.id = mc.movie_id)",
                          "Plans": [
                            {
                              "Node Type": "Seq Scan",
                              "Parent Relationship": "Outer",
                              "Parallel Aware": true,
                              "Relation Name": "title",
                              "Alias": "t",
                              "Startup Cost": 0.0,
                              "Total Cost": 43898.92,
                              "Plan Rows": 594589,
                              "Plan Width": 4,
                              "Actual Startup Time": 0.013,
                              "Actual Total Time": 94.623,
                              "Actual Rows": 593643,
                              "Actual Loops": 4,
                              "Filter": "(production_year > 1918)",
                              "Rows Removed by Filter": 38435
                            },
                            {
                              "Node Type": "Hash",
                              "Parent Relationship": "Inner",
                              "Parallel Aware": true,
                              "Startup Cost": 31414.82,
                              "Total Cost": 31414.82,
                              "Plan Rows": 131859,
                              "Plan Width": 4,
                              "Actual Startup Time": 138.598,
                              "Actual Total Time": 138.599,
                              "Actual Rows": 146405,
                              "Actual Loops": 4,
                              "Hash Buckets": 1048576,
                              "Original Hash Buckets": 524288,
                              "Hash Batches": 1,
                              "Original Hash Batches": 1,
                              "Peak Memory Usage": 35264,
                              "Plans": [
                                {
                                  "Node Type": "Seq Scan",
                                  "Parent Relationship": "Outer",
                                  "Parallel Aware": true,
                                  "Relation Name": "movie_companies",
                                  "Alias": "mc",
                                  "Startup Cost": 0.0,
                                  "Total Cost": 31414.82,
                                  "Plan Rows": 131859,
                                  "Plan Width": 4,
                                  "Actual Startup Time": 0.073,
                                  "Actual Total Time": 76.078,
                                  "Actual Rows": 146405,
                                  "Actual Loops": 4,
                                  "Filter": "((company_id < 2023) AND (company_type_id = 1))",
                                  "Rows Removed by Filter": 505877
                                }
                              ]
                            }
                          ]
                        }
                      ]
                    }
                  ]
                }
              ]
            }
          ]
        }
      ]
    },
    "Planning Time": 1.484,
    "Triggers": [],
    "Execution Time": 894.299
  }
]