[
  {
    "Plan": {
      "Node Type": "Aggregate",
      "Strategy": "Plain",
      "Partial Mode": "Finalize",
      "Parallel Aware": false,
      "Startup Cost": 46545.93,
      "Total Cost": 46545.94,
      "Plan Rows": 1,
      "Plan Width": 8,
      "Actual Startup Time": 164.259,
      "Actual Total Time": 173.459,
      "Actual Rows": 1,
      "Actual Loops": 1,
      "Plans": [
        {
          "Node Type": "Gather",
          "Parent Relationship": "Outer",
          "Parallel Aware": false,
          "Startup Cost": 46545.62,
          "Total Cost": 46545.93,
          "Plan Rows": 3,
          "Plan Width": 8,
          "Actual Startup Time": 164.155,
          "Actual Total Time": 173.45,
          "Actual Rows": 4,
          "Actual Loops": 1,
          "Workers Planned": 3,
          "Workers Launched": 3,
          "Single Copy": false,
          "Plans": [
            {
              "Node Type": "Aggregate",
              "Strategy": "Plain",
              "Partial Mode": "Partial",
              "Parent Relationship": "Outer",
              "Parallel Aware": false,
              "Startup Cost": 45545.62,
              "Total Cost": 45545.63,
              "Plan Rows": 1,
              "Plan Width": 8,
              "Actual Startup Time": 155.534,
              "Actual Total Time": 155.535,
              "Actual Rows": 1,
              "Actual Loops": 4,
              "Plans": [
                {
                  "Node Type": "Seq Scan",
                  "Parent Relationship": "Outer",
                  "Parallel Aware": true,
                  "Relation Name": "movie_keyword",
                  "Alias": "mk",
                  "Startup Cost": 0.0,
                  "Total Cost": 42695.65,
                  "Plan Rows": 1139985,
                  "Plan Width": 0,
                  "Actual Startup Time": 0.11,
                  "Actual Total Time": 116.556,
                  "Actual Rows": 881709,
                  "Actual Loops": 4,
                  "Filter": "(keyword_id > 944)",
                  "Rows Removed by Filter": 249274
                }
              ]
            }
          ]
        }
      ]
    },
    "Planning Time": 0.156,
    "Triggers": [],
    "Execution Time": 173.509
  }
]