[
  {
    "Plan": {
      "Node Type": "Aggregate",
      "Strategy": "Plain",
      "Partial Mode": "Finalize",
      "Parallel Aware": false,
      "Startup Cost": 119110.85,
      "Total Cost": 119110.86,
      "Plan Rows": 1,
      "Plan Width": 8,
      "Actual Startup Time": 165.219,
      "Actual Total Time": 183.293,
      "Actual Rows": 1,
      "Actual Loops": 1,
      "Plans": [
        {
          "Node Type": "Gather",
          "Parent Relationship": "Outer",
          "Parallel Aware": false,
          "Startup Cost": 119110.33,
          "Total Cost": 119110.84,
          "Plan Rows": 5,
          "Plan Width": 8,
          "Actual Startup Time": 165.04,
          "Actual Total Time": 183.278,
          "Actual Rows": 6,
          "Actual Loops": 1,
          "Workers Planned": 5,
          "Workers Launched": 5,
          "Single Copy": false,
          "Plans": [
            {
              "Node Type": "Aggregate",
              "Strategy": "Plain",
              "Partial Mode": "Partial",
              "Parent Relationship": "Outer",
              "Parallel Aware": false,
              "Startup Cost": 118110.33,
              "Total Cost": 118110.34,
              "Plan Rows": 1,
              "Plan Width": 8,
              "Actual Startup Time": 159.073,
              "Actual Total Time": 159.075,
              "Actual Rows": 1,
              "Actual Loops": 6,
              "Plans": [
                {
                  "Node Type": "Index Scan",
                  "Parent Relationship": "Outer",
                  "Parallel Aware": true,
                  "Scan Direction": "Forward",
                  "Index Name": "role_id_cast_info",
                  "Relation Name": "cast_info",
                  "Alias": "ci",
                  "Startup Cost": 0.56,
                  "Total Cost": 118067.1,
                  "Plan Rows": 17291,
                  "Plan Width": 0,
                  "Actual Startup Time": 123.318,
                  "Actual Total Time": 155.05,
                  "Actual Rows": 84114,
                  "Actual Loops": 6,
                  "Index Cond": "(role_id = 10)",
                  "Rows Removed by Index Recheck": 0,
                  "Filter": "(person_id > 3932690)",
                  "Rows Removed by Filter": 636389
                }
              ]
            }
          ]
        }
      ]
    },
    "Planning Time": 0.288,
    "Triggers": [],
    "Execution Time": 183.364
  }
]