[
  {
    "Plan": {
      "Node Type": "Aggregate",
      "Strategy": "Plain",
      "Partial Mode": "Finalize",
      "Parallel Aware": false,
      "Startup Cost": 78830.71,
      "Total Cost": 78830.72,
      "Plan Rows": 1,
      "Plan Width": 8,
      "Actual Startup Time": 353.484,
      "Actual Total Time": 369.066,
      "Actual Rows": 1,
      "Actual Loops": 1,
      "Plans": [
        {
          "Node Type": "Gather",
          "Parent Relationship": "Outer",
          "Parallel Aware": false,
          "Startup Cost": 78830.39,
          "Total Cost": 78830.7,
          "Plan Rows": 3,
          "Plan Width": 8,
          "Actual Startup Time": 351.031,
          "Actual Total Time": 369.057,
          "Actual Rows": 4,
          "Actual Loops": 1,
          "Workers Planned": 3,
          "Workers Launched": 3,
          "Single Copy": false,
          "Plans": [
            {
              "Node Type": "Aggregate",
              "Strategy": "Plain",
              "Partial Mode": "Partial",
              "Parent Relationship": "Outer",
              "Parallel Aware": false,
              "Startup Cost": 77830.39,
              "Total Cost": 77830.4,
              "Plan Rows": 1,
              "Plan Width": 8,
              "Actual Startup Time": 344.38,
              "Actual Total Time": 344.383,
              "Actual Rows": 1,
              "Actual Loops": 4,
              "Plans": [
                {
                  "Node Type": "Hash Join",
                  "Parent Relationship": "Outer",
                  "Parallel Aware": true,
                  "Join Type": "Inner",
                  "Startup Cost": 46648.35,
                  "Total Cost": 77364.57,
                  "Plan Rows": 186328,
                  "Plan Width": 0,
                  "Actual Startup Time": 169.633,
                  "Actual Total Time": 336.376,
                  "Actual Rows": 198236,
                  "Actual Loops": 4,
                  "Inner Unique": true,
                  "Hash Cond": "(mc.movie_id = t.id)",
                  "Plans": [
                    {
                      "Node Type": "Seq Scan",
                      "Parent Relationship": "Outer",
                      "Parallel Aware": true,
                      "Relation Name": "movie_companies",
                      "Alias": "mc",
                      "Startup Cost": 0.0,
                      "Total Cost": 29310.68,
                      "Plan Rows": 535443,
                      "Plan Width": 4,
                      "Actual Startup Time": 1.352,
                      "Actual Total Time": 65.199,
                      "Actual Rows": 415243,
                      "Actual Loops": 4,
                      "Filter": "(company_id > 3682)",
                      "Rows Removed by Filter": 237039
                    },
                    {
                      "Node Type": "Hash",
                      "Parent Relationship": "Inner",
                      "Parallel Aware": true,
                      "Startup Cost": 43898.92,
                      "Total Cost": 43898.92,
                      "Plan Rows": 219955,
                      "Plan Width": 4,
                      "Actual Startup Time": 164.54,
                      "Actual Total Time": 164.541,
                      "Actual Rows": 221412,
                      "Actual Loops": 4,
                      "Hash Buckets": 1048576,
                      "Original Hash Buckets": 1048576,
                      "Hash Batches": 1,
                      "Original Hash Batches": 1,
                      "Peak Memory Usage": 42912,
                      "Plans": [
                        {
                          "Node Type": "Seq Scan",
                          "Parent Relationship": "Outer",
                          "Parallel Aware": true,
                          "Relation Name": "title",
                          "Alias": "t",
                          "Startup Cost": 0.0,
                          "Total Cost": 43898.92,
                          "Plan Rows": 219955,
                          "Plan Width": 4,
                          "Actual Startup Time": 0.029,
                          "Actual Total Time": 94.844,
                          "Actual Rows": 221412,
                          "Actual Loops": 4,
                          "Filter": "(production_year < 1997)",
                          "Rows Removed by Filter": 410666
                        }
                      ]
                    }
                  ]
                }
              ]
            }
          ]
        }
      ]
    },
    "Planning Time": 0.327,
    "Triggers": [],
    "Execution Time": 369.111
  }
]