{
  "Plan": {
    "Node Type": "Aggregate",
    "Strategy": "Plain",
    "Partial Mode": "Finalize",
    "Parallel Aware": false,
    "Startup Cost": 126002.18,
    "Total Cost": 126002.19,
    "Plan Rows": 1,
    "Plan Width": 8,
    "Actual Startup Time": 757.155,
    "Actual Total Time": 774.965,
    "Actual Rows": 1,
    "Actual Loops": 1,
    "Plans": [
      {
        "Node Type": "Gather",
        "Parent Relationship": "Outer",
        "Parallel Aware": false,
        "Startup Cost": 126002.07,
        "Total Cost": 126002.18,
        "Plan Rows": 1,
        "Plan Width": 8,
        "Actual Startup Time": 755.051,
        "Actual Total Time": 774.956,
        "Actual Rows": 2,
        "Actual Loops": 1,
        "Workers Planned": 1,
        "Workers Launched": 1,
        "Single Copy": false,
        "Plans": [
          {
            "Node Type": "Aggregate",
            "Strategy": "Plain",
            "Partial Mode": "Partial",
            "Parent Relationship": "Outer",
            "Parallel Aware": false,
            "Startup Cost": 125002.07,
            "Total Cost": 125002.08,
            "Plan Rows": 1,
            "Plan Width": 8,
            "Actual Startup Time": 749.098,
            "Actual Total Time": 750.043,
            "Actual Rows": 1,
            "Actual Loops": 2,
            "Plans": [
              {
                "Node Type": "Hash Join",
                "Parent Relationship": "Outer",
                "Parallel Aware": true,
                "Join Type": "Inner",
                "Startup Cost": 80857.25,
                "Total Cost": 124751.51,
                "Plan Rows": 100221,
                "Plan Width": 0,
                "Actual Startup Time": 424.648,
                "Actual Total Time": 729.009,
                "Actual Rows": 511744,
                "Actual Loops": 2,
                "Inner Unique": false,
                "Hash Cond": "(mc.movie_id = t.id)",
                "Plans": [
                  {
                    "Node Type": "Seq Scan",
                    "Parent Relationship": "Outer",
                    "Parallel Aware": true,
                    "Relation Name": "movie_companies",
                    "Alias": "mc",
                    "Startup Cost": 0.0,
                    "Total Cost": 37974.77,
                    "Plan Rows": 1421322,
                    "Plan Width": 4,
                    "Actual Startup Time": 0.029,
                    "Actual Total Time": 124.757,
                    "Actual Rows": 1208960,
                    "Actual Loops": 2,
                    "Filter": "(company_id > 49)",
                    "Rows Removed by Filter": 95605
                  },
                  {
                    "Node Type": "Hash",
                    "Parent Relationship": "Inner",
                    "Parallel Aware": true,
                    "Startup Cost": 79546.4,
                    "Total Cost": 79546.4,
                    "Plan Rows": 104868,
                    "Plan Width": 8,
                    "Actual Startup Time": 420.966,
                    "Actual Total Time": 421.91,
                    "Actual Rows": 159010,
                    "Actual Loops": 2,
                    "Hash Buckets": 524288,
                    "Original Hash Buckets": 262144,
                    "Hash Batches": 1,
                    "Original Hash Batches": 1,
                    "Peak Memory Usage": 18624,
                    "Plans": [
                      {
                        "Node Type": "Hash Join",
                        "Parent Relationship": "Outer",
                        "Parallel Aware": true,
                        "Join Type": "Inner",
                        "Startup Cost": 21425.18,
                        "Total Cost": 79546.4,
                        "Plan Rows": 104868,
                        "Plan Width": 8,
                        "Actual Startup Time": 121.087,
                        "Actual Total Time": 378.98,
                        "Actual Rows": 159010,
                        "Actual Loops": 2,
                        "Inner Unique": false,
                        "Hash Cond": "(t.id = mi_idx.movie_id)",
                        "Plans": [
                          {
                            "Node Type": "Seq Scan",
                            "Parent Relationship": "Outer",
                            "Parallel Aware": true,
                            "Relation Name": "title",
                            "Alias": "t",
                            "Startup Cost": 0.0,
                            "Total Cost": 54588.39,
                            "Plan Rows": 583193,
                            "Plan Width": 4,
                            "Actual Startup Time": 0.011,
                            "Actual Total Time": 130.08,
                            "Actual Rows": 492524,
                            "Actual Loops": 2,
                            "Filter": "(kind_id < 7)",
                            "Rows Removed by Filter": 771632
                          },
                          {
                            "Node Type": "Hash",
                            "Parent Relationship": "Inner",
                            "Parallel Aware": true,
                            "Startup Cost": 18082.32,
                            "Total Cost": 18082.32,
                            "Plan Rows": 267429,
                            "Plan Width": 4,
                            "Actual Startup Time": 117.064,
                            "Actual Total Time": 117.065,
                            "Actual Rows": 229962,
                            "Actual Loops": 2,
                            "Hash Buckets": 524288,
                            "Original Hash Buckets": 524288,
                            "Hash Batches": 1,
                            "Original Hash Batches": 1,
                            "Peak Memory Usage": 22112,
                            "Plans": [
                              {
                                "Node Type": "Seq Scan",
                                "Parent Relationship": "Outer",
                                "Parallel Aware": true,
                                "Relation Name": "movie_info_idx",
                                "Alias": "mi_idx",
                                "Startup Cost": 0.0,
                                "Total Cost": 18082.32,
                                "Plan Rows": 267429,
                                "Plan Width": 4,
                                "Actual Startup Time": 0.047,
                                "Actual Total Time": 66.212,
                                "Actual Rows": 229962,
                                "Actual Loops": 2,
                                "Filter": "(info_type_id = 99)",
                                "Rows Removed by Filter": 460055
                              }
                            ]
                          }
                        ]
                      }
                    ]
                  }
                ]
              }
            ]
          }
        ]
      }
    ]
  },
  "Planning Time": 1.029,
  "Triggers": [],
  "Execution Time": 775.046
}