{
  "Plan": {
    "Node Type": "Aggregate",
    "Strategy": "Plain",
    "Partial Mode": "Finalize",
    "Parallel Aware": false,
    "Startup Cost": 331093.57,
    "Total Cost": 331093.58,
    "Plan Rows": 1,
    "Plan Width": 8,
    "Actual Startup Time": 235.241,
    "Actual Total Time": 253.87,
    "Actual Rows": 1,
    "Actual Loops": 1,
    "Plans": [
      {
        "Node Type": "Gather",
        "Parent Relationship": "Outer",
        "Parallel Aware": false,
        "Startup Cost": 331093.46,
        "Total Cost": 331093.57,
        "Plan Rows": 1,
        "Plan Width": 8,
        "Actual Startup Time": 235.13,
        "Actual Total Time": 253.863,
        "Actual Rows": 2,
        "Actual Loops": 1,
        "Workers Planned": 1,
        "Workers Launched": 1,
        "Single Copy": false,
        "Plans": [
          {
            "Node Type": "Aggregate",
            "Strategy": "Plain",
            "Partial Mode": "Partial",
            "Parent Relationship": "Outer",
            "Parallel Aware": false,
            "Startup Cost": 330093.46,
            "Total Cost": 330093.47,
            "Plan Rows": 1,
            "Plan Width": 8,
            "Actual Startup Time": 228.391,
            "Actual Total Time": 228.393,
            "Actual Rows": 1,
            "Actual Loops": 2,
            "Plans": [
              {
                "Node Type": "Nested Loop",
                "Parent Relationship": "Outer",
                "Parallel Aware": false,
                "Join Type": "Inner",
                "Startup Cost": 3113.42,
                "Total Cost": 330055.51,
                "Plan Rows": 15178,
                "Plan Width": 0,
                "Actual Startup Time": 11.602,
                "Actual Total Time": 226.367,
                "Actual Rows": 28326,
                "Actual Loops": 2,
                "Inner Unique": true,
                "Plans": [
                  {
                    "Node Type": "Bitmap Heap Scan",
                    "Parent Relationship": "Outer",
                    "Parallel Aware": true,
                    "Relation Name": "cast_info",
                    "Alias": "ci",
                    "Startup Cost": 3112.99,
                    "Total Cost": 227443.95,
                    "Plan Rows": 28744,
                    "Plan Width": 4,
                    "Actual Startup Time": 11.185,
                    "Actual Total Time": 21.842,
                    "Actual Rows": 52266,
                    "Actual Loops": 2,
                    "Recheck Cond": "(person_id < 17175)",
                    "Rows Removed by Index Recheck": 0,
                    "Filter": "(role_id = 1)",
                    "Rows Removed by Filter": 18006,
                    "Exact Heap Blocks": 958,
                    "Lossy Heap Blocks": 0,
                    "Plans": [
                      {
                        "Node Type": "Bitmap Index Scan",
                        "Parent Relationship": "Outer",
                        "Parallel Aware": false,
                        "Index Name": "person_id_cast_info",
                        "Startup Cost": 0.0,
                        "Total Cost": 3100.78,
                        "Plan Rows": 141895,
                        "Plan Width": 0,
                        "Actual Startup Time": 16.16,
                        "Actual Total Time": 16.16,
                        "Actual Rows": 140543,
                        "Actual Loops": 1,
                        "Index Cond": "(person_id < 17175)"
                      }
                    ]
                  },
                  {
                    "Node Type": "Index Scan",
                    "Parent Relationship": "Inner",
                    "Parallel Aware": false,
                    "Scan Direction": "Forward",
                    "Index Name": "title_pkey",
                    "Relation Name": "title",
                    "Alias": "t",
                    "Startup Cost": 0.43,
                    "Total Cost": 3.57,
                    "Plan Rows": 1,
                    "Plan Width": 4,
                    "Actual Startup Time": 0.004,
                    "Actual Total Time": 0.004,
                    "Actual Rows": 1,
                    "Actual Loops": 104531,
                    "Index Cond": "(id = ci.movie_id)",
                    "Rows Removed by Index Recheck": 0,
                    "Filter": "(production_year > 2001)",
                    "Rows Removed by Filter": 0
                  }
                ]
              }
            ]
          }
        ]
      }
    ]
  },
  "Planning Time": 0.987,
  "Triggers": [],
  "Execution Time": 253.976
}