{
  "Plan": {
    "Node Type": "Aggregate",
    "Strategy": "Plain",
    "Partial Mode": "Finalize",
    "Parallel Aware": false,
    "Startup Cost": 158968.18,
    "Total Cost": 158968.19,
    "Plan Rows": 1,
    "Plan Width": 8,
    "Actual Startup Time": 1286.077,
    "Actual Total Time": 1307.154,
    "Actual Rows": 1,
    "Actual Loops": 1,
    "Plans": [
      {
        "Node Type": "Gather",
        "Parent Relationship": "Outer",
        "Parallel Aware": false,
        "Startup Cost": 158968.07,
        "Total Cost": 158968.18,
        "Plan Rows": 1,
        "Plan Width": 8,
        "Actual Startup Time": 1280.788,
        "Actual Total Time": 1307.145,
        "Actual Rows": 2,
        "Actual Loops": 1,
        "Workers Planned": 1,
        "Workers Launched": 1,
        "Single Copy": false,
        "Plans": [
          {
            "Node Type": "Aggregate",
            "Strategy": "Plain",
            "Partial Mode": "Partial",
            "Parent Relationship": "Outer",
            "Parallel Aware": false,
            "Startup Cost": 157968.07,
            "Total Cost": 157968.08,
            "Plan Rows": 1,
            "Plan Width": 8,
            "Actual Startup Time": 1276.099,
            "Actual Total Time": 1276.371,
            "Actual Rows": 1,
            "Actual Loops": 2,
            "Plans": [
              {
                "Node Type": "Hash Join",
                "Parent Relationship": "Outer",
                "Parallel Aware": true,
                "Join Type": "Inner",
                "Startup Cost": 115185.73,
                "Total Cost": 157106.41,
                "Plan Rows": 344664,
                "Plan Width": 0,
                "Actual Startup Time": 779.332,
                "Actual Total Time": 1188.574,
                "Actual Rows": 2247284,
                "Actual Loops": 2,
                "Inner Unique": false,
                "Hash Cond": "(mc.movie_id = t.id)",
                "Plans": [
                  {
                    "Node Type": "Seq Scan",
                    "Parent Relationship": "Outer",
                    "Parallel Aware": true,
                    "Relation Name": "movie_companies",
                    "Alias": "mc",
                    "Startup Cost": 0.0,
                    "Total Cost": 34137.82,
                    "Plan Rows": 1534782,
                    "Plan Width": 4,
                    "Actual Startup Time": 0.016,
                    "Actual Total Time": 92.881,
                    "Actual Rows": 1304564,
                    "Actual Loops": 2
                  },
                  {
                    "Node Type": "Hash",
                    "Parent Relationship": "Inner",
                    "Parallel Aware": true,
                    "Startup Cost": 111010.91,
                    "Total Cost": 111010.91,
                    "Plan Rows": 333985,
                    "Plan Width": 8,
                    "Actual Startup Time": 758.904,
                    "Actual Total Time": 759.174,
                    "Actual Rows": 277966,
                    "Actual Loops": 2,
                    "Hash Buckets": 1048576,
                    "Original Hash Buckets": 1048576,
                    "Hash Batches": 1,
                    "Original Hash Batches": 1,
                    "Peak Memory Usage": 29984,
                    "Plans": [
                      {
                        "Node Type": "Hash Join",
                        "Parent Relationship": "Outer",
                        "Parallel Aware": true,
                        "Join Type": "Inner",
                        "Startup Cost": 81505.39,
                        "Total Cost": 111010.91,
                        "Plan Rows": 333985,
                        "Plan Width": 8,
                        "Actual Startup Time": 557.1,
                        "Actual Total Time": 699.823,
                        "Actual Rows": 277966,
                        "Actual Loops": 2,
                        "Inner Unique": true,
                        "Hash Cond": "(mk.movie_id = t.id)",
                        "Plans": [
                          {
                            "Node Type": "Bitmap Heap Scan",
                            "Parent Relationship": "Outer",
                            "Parallel Aware": true,
                            "Relation Name": "movie_keyword",
                            "Alias": "mk",
                            "Startup Cost": 12044.69,
                            "Total Cost": 40673.5,
                            "Plan Rows": 333985,
                            "Plan Width": 4,
                            "Actual Startup Time": 31.905,
                            "Actual Total Time": 97.614,
                            "Actual Rows": 277966,
                            "Actual Loops": 2,
                            "Recheck Cond": "(keyword_id > 33039)",
                            "Rows Removed by Index Recheck": 0,
                            "Exact Heap Blocks": 12754,
                            "Lossy Heap Blocks": 0,
                            "Plans": [
                              {
                                "Node Type": "Bitmap Index Scan",
                                "Parent Relationship": "Outer",
                                "Parallel Aware": false,
                                "Index Name": "keyword_id_movie_keyword",
                                "Startup Cost": 0.0,
                                "Total Cost": 11902.75,
                                "Plan Rows": 567775,
                                "Plan Width": 0,
                                "Actual Startup Time": 28.437,
                                "Actual Total Time": 28.438,
                                "Actual Rows": 555933,
                                "Actual Loops": 1,
                                "Index Cond": "(keyword_id > 33039)"
                              }
                            ]
                          },
                          {
                            "Node Type": "Hash",
                            "Parent Relationship": "Inner",
                            "Parallel Aware": true,
                            "Startup Cost": 50870.31,
                            "Total Cost": 50870.31,
                            "Plan Rows": 1487231,
                            "Plan Width": 4,
                            "Actual Startup Time": 509.073,
                            "Actual Total Time": 509.074,
                            "Actual Rows": 1264156,
                            "Actual Loops": 2,
                            "Hash Buckets": 4194304,
                            "Original Hash Buckets": 4194304,
                            "Hash Batches": 1,
                            "Original Hash Batches": 1,
                            "Peak Memory Usage": 131712,
                            "Plans": [
                              {
                                "Node Type": "Seq Scan",
                                "Parent Relationship": "Outer",
                                "Parallel Aware": true,
                                "Relation Name": "title",
                                "Alias": "t",
                                "Startup Cost": 0.0,
                                "Total Cost": 50870.31,
                                "Plan Rows": 1487231,
                                "Plan Width": 4,
                                "Actual Startup Time": 0.028,
                                "Actual Total Time": 147.749,
                                "Actual Rows": 1264156,
                                "Actual Loops": 2
                              }
                            ]
                          }
                        ]
                      }
                    ]
                  }
                ]
              }
            ]
          }
        ]
      }
    ]
  },
  "Planning Time": 0.84,
  "Triggers": [],
  "Execution Time": 1307.24
}