[
  {
    "Plan": {
      "Node Type": "Aggregate",
      "Strategy": "Plain",
      "Partial Mode": "Finalize",
      "Parallel Aware": false,
      "Startup Cost": 31648.49,
      "Total Cost": 31648.5,
      "Plan Rows": 1,
      "Plan Width": 8,
      "Actual Startup Time": 104.562,
      "Actual Total Time": 111.374,
      "Actual Rows": 1,
      "Actual Loops": 1,
      "Plans": [
        {
          "Node Type": "Gather",
          "Parent Relationship": "Outer",
          "Parallel Aware": false,
          "Startup Cost": 31648.17,
          "Total Cost": 31648.48,
          "Plan Rows": 3,
          "Plan Width": 8,
          "Actual Startup Time": 104.286,
          "Actual Total Time": 111.329,
          "Actual Rows": 4,
          "Actual Loops": 1,
          "Workers Planned": 3,
          "Workers Launched": 3,
          "Single Copy": false,
          "Plans": [
            {
              "Node Type": "Aggregate",
              "Strategy": "Plain",
              "Partial Mode": "Partial",
              "Parent Relationship": "Outer",
              "Parallel Aware": false,
              "Startup Cost": 30648.17,
              "Total Cost": 30648.18,
              "Plan Rows": 1,
              "Plan Width": 8,
              "Actual Startup Time": 95.287,
              "Actual Total Time": 95.288,
              "Actual Rows": 1,
              "Actual Loops": 4,
              "Plans": [
                {
                  "Node Type": "Bitmap Heap Scan",
                  "Parent Relationship": "Outer",
                  "Parallel Aware": true,
                  "Relation Name": "movie_companies",
                  "Alias": "mc",
                  "Startup Cost": 9539.86,
                  "Total Cost": 30472.39,
                  "Plan Rows": 70313,
                  "Plan Width": 0,
                  "Actual Startup Time": 35.256,
                  "Actual Total Time": 89.457,
                  "Actual Rows": 83536,
                  "Actual Loops": 4,
                  "Recheck Cond": "(company_id < 329)",
                  "Rows Removed by Index Recheck": 0,
                  "Filter": "(company_type_id < 2)",
                  "Rows Removed by Filter": 26293,
                  "Exact Heap Blocks": 8890,
                  "Lossy Heap Blocks": 0,
                  "Plans": [
                    {
                      "Node Type": "Bitmap Index Scan",
                      "Parent Relationship": "Outer",
                      "Parallel Aware": false,
                      "Index Name": "company_id_movie_companies",
                      "Startup Cost": 0.0,
                      "Total Cost": 9485.36,
                      "Plan Rows": 442791,
                      "Plan Width": 0,
                      "Actual Startup Time": 39.935,
                      "Actual Total Time": 39.936,
                      "Actual Rows": 439315,
                      "Actual Loops": 1,
                      "Index Cond": "(company_id < 329)"
                    }
                  ]
                }
              ]
            }
          ]
        }
      ]
    },
    "Planning Time": 0.211,
    "Triggers": [],
    "Execution Time": 111.444
  }
]