[
  {
    "Plan": {
      "Node Type": "Aggregate",
      "Strategy": "Plain",
      "Partial Mode": "Finalize",
      "Parallel Aware": false,
      "Startup Cost": 261778.99,
      "Total Cost": 261779.0,
      "Plan Rows": 1,
      "Plan Width": 8,
      "Actual Startup Time": 236.677,
      "Actual Total Time": 251.117,
      "Actual Rows": 1,
      "Actual Loops": 1,
      "Plans": [
        {
          "Node Type": "Gather",
          "Parent Relationship": "Outer",
          "Parallel Aware": false,
          "Startup Cost": 261778.46,
          "Total Cost": 261778.97,
          "Plan Rows": 5,
          "Plan Width": 8,
          "Actual Startup Time": 233.713,
          "Actual Total Time": 251.109,
          "Actual Rows": 6,
          "Actual Loops": 1,
          "Workers Planned": 5,
          "Workers Launched": 5,
          "Single Copy": false,
          "Plans": [
            {
              "Node Type": "Aggregate",
              "Strategy": "Plain",
              "Partial Mode": "Partial",
              "Parent Relationship": "Outer",
              "Parallel Aware": false,
              "Startup Cost": 260778.46,
              "Total Cost": 260778.47,
              "Plan Rows": 1,
              "Plan Width": 8,
              "Actual Startup Time": 222.684,
              "Actual Total Time": 222.689,
              "Actual Rows": 1,
              "Actual Loops": 6,
              "Plans": [
                {
                  "Node Type": "Nested Loop",
                  "Parent Relationship": "Outer",
                  "Parallel Aware": false,
                  "Join Type": "Inner",
                  "Startup Cost": 59237.82,
                  "Total Cost": 260696.68,
                  "Plan Rows": 32714,
                  "Plan Width": 0,
                  "Actual Startup Time": 138.615,
                  "Actual Total Time": 221.581,
                  "Actual Rows": 17078,
                  "Actual Loops": 6,
                  "Inner Unique": false,
                  "Join Filter": "(t.id = mk.movie_id)",
                  "Rows Removed by Join Filter": 0,
                  "Plans": [
                    {
                      "Node Type": "Hash Join",
                      "Parent Relationship": "Outer",
                      "Parallel Aware": true,
                      "Join Type": "Inner",
                      "Startup Cost": 59237.39,
                      "Total Cost": 223356.11,
                      "Plan Rows": 18283,
                      "Plan Width": 8,
                      "Actual Startup Time": 137.81,
                      "Actual Total Time": 181.52,
                      "Actual Rows": 11326,
                      "Actual Loops": 6,
                      "Inner Unique": true,
                      "Hash Cond": "(mi.movie_id = t.id)",
                      "Plans": [
                        {
                          "Node Type": "Bitmap Heap Scan",
                          "Parent Relationship": "Outer",
                          "Parallel Aware": true,
                          "Relation Name": "movie_info",
                          "Alias": "mi",
                          "Startup Cost": 12730.49,
                          "Total Cost": 176480.28,
                          "Plan Rows": 140543,
                          "Plan Width": 4,
                          "Actual Startup Time": 37.491,
                          "Actual Total Time": 59.02,
                          "Actual Rows": 110154,
                          "Actual Loops": 6,
                          "Recheck Cond": "(info_type_id = 18)",
                          "Rows Removed by Index Recheck": 0,
                          "Exact Heap Blocks": 1464,
                          "Lossy Heap Blocks": 0,
                          "Plans": [
                            {
                              "Node Type": "Bitmap Index Scan",
                              "Parent Relationship": "Outer",
                              "Parallel Aware": false,
                              "Index Name": "info_type_id_movie_info",
                              "Startup Cost": 0.0,
                              "Total Cost": 12554.81,
                              "Plan Rows": 702717,
                              "Plan Width": 0,
                              "Actual Startup Time": 36.377,
                              "Actual Total Time": 36.377,
                              "Actual Rows": 660923,
                              "Actual Loops": 1,
                              "Index Cond": "(info_type_id = 18)"
                            }
                          ]
                        },
                        {
                          "Node Type": "Hash",
                          "Parent Relationship": "Inner",
                          "Parallel Aware": true,
                          "Startup Cost": 45479.1,
                          "Total Cost": 45479.1,
                          "Plan Rows": 82224,
                          "Plan Width": 4,
                          "Actual Startup Time": 97.539,
                          "Actual Total Time": 97.54,
                          "Actual Rows": 37584,
                          "Actual Loops": 6,
                          "Hash Buckets": 524288,
                          "Original Hash Buckets": 524288,
                          "Hash Batches": 1,
                          "Original Hash Batches": 1,
                          "Peak Memory Usage": 13056,
                          "Plans": [
                            {
                              "Node Type": "Seq Scan",
                              "Parent Relationship": "Outer",
                              "Parallel Aware": true,
                              "Relation Name": "title",
                              "Alias": "t",
                              "Startup Cost": 0.0,
                              "Total Cost": 45479.1,
                              "Plan Rows": 82224,
                              "Plan Width": 4,
                              "Actual Startup Time": 0.033,
                              "Actual Total Time": 80.492,
                              "Actual Rows": 37584,
                              "Actual Loops": 6,
                              "Filter": "((production_year < 1983) AND (kind_id = 7))",
                              "Rows Removed by Filter": 383801
                            }
                          ]
                        }
                      ]
                    },
                    {
                      "Node Type": "Index Only Scan",
                      "Parent Relationship": "Inner",
                      "Parallel Aware": false,
                      "Scan Direction": "Forward",
                      "Index Name": "movie_id_movie_keyword",
                      "Relation Name": "movie_keyword",
                      "Alias": "mk",
                      "Startup Cost": 0.43,
                      "Total Cost": 1.48,
                      "Plan Rows": 45,
                      "Plan Width": 4,
                      "Actual Startup Time": 0.003,
                      "Actual Total Time": 0.003,
                      "Actual Rows": 2,
                      "Actual Loops": 67959,
                      "Index Cond": "(movie_id = mi.movie_id)",
                      "Rows Removed by Index Recheck": 0,
                      "Heap Fetches": 102470
                    }
                  ]
                }
              ]
            }
          ]
        }
      ]
    },
    "Planning Time": 1.403,
    "Triggers": [],
    "Execution Time": 251.222
  }
]