{
  "Plan": {
    "Node Type": "Aggregate",
    "Strategy": "Plain",
    "Partial Mode": "Finalize",
    "Parallel Aware": false,
    "Startup Cost": 120978.15,
    "Total Cost": 120978.16,
    "Plan Rows": 1,
    "Plan Width": 8,
    "Actual Startup Time": 407.576,
    "Actual Total Time": 424.488,
    "Actual Rows": 1,
    "Actual Loops": 1,
    "Plans": [
      {
        "Node Type": "Gather",
        "Parent Relationship": "Outer",
        "Parallel Aware": false,
        "Startup Cost": 120978.03,
        "Total Cost": 120978.14,
        "Plan Rows": 1,
        "Plan Width": 8,
        "Actual Startup Time": 407.349,
        "Actual Total Time": 424.481,
        "Actual Rows": 2,
        "Actual Loops": 1,
        "Workers Planned": 1,
        "Workers Launched": 1,
        "Single Copy": false,
        "Plans": [
          {
            "Node Type": "Aggregate",
            "Strategy": "Plain",
            "Partial Mode": "Partial",
            "Parent Relationship": "Outer",
            "Parallel Aware": false,
            "Startup Cost": 119978.03,
            "Total Cost": 119978.04,
            "Plan Rows": 1,
            "Plan Width": 8,
            "Actual Startup Time": 402.776,
            "Actual Total Time": 402.78,
            "Actual Rows": 1,
            "Actual Loops": 2,
            "Plans": [
              {
                "Node Type": "Hash Join",
                "Parent Relationship": "Outer",
                "Parallel Aware": true,
                "Join Type": "Inner",
                "Startup Cost": 58516.74,
                "Total Cost": 119938.14,
                "Plan Rows": 15956,
                "Plan Width": 0,
                "Actual Startup Time": 142.608,
                "Actual Total Time": 402.3,
                "Actual Rows": 9834,
                "Actual Loops": 2,
                "Inner Unique": true,
                "Hash Cond": "(mk.movie_id = t.id)",
                "Plans": [
                  {
                    "Node Type": "Seq Scan",
                    "Parent Relationship": "Outer",
                    "Parallel Aware": true,
                    "Relation Name": "movie_keyword",
                    "Alias": "mk",
                    "Startup Cost": 0.0,
                    "Total Cost": 57718.19,
                    "Plan Rows": 1410742,
                    "Plan Width": 4,
                    "Actual Startup Time": 0.015,
                    "Actual Total Time": 179.26,
                    "Actual Rows": 1199337,
                    "Actual Loops": 2,
                    "Filter": "(keyword_id < 5588)",
                    "Rows Removed by Filter": 1062628
                  },
                  {
                    "Node Type": "Hash",
                    "Parent Relationship": "Inner",
                    "Parallel Aware": true,
                    "Startup Cost": 58306.47,
                    "Total Cost": 58306.47,
                    "Plan Rows": 16822,
                    "Plan Width": 4,
                    "Actual Startup Time": 141.328,
                    "Actual Total Time": 141.329,
                    "Actual Rows": 16244,
                    "Actual Loops": 2,
                    "Hash Buckets": 32768,
                    "Original Hash Buckets": 32768,
                    "Hash Batches": 1,
                    "Original Hash Batches": 1,
                    "Peak Memory Usage": 1568,
                    "Plans": [
                      {
                        "Node Type": "Seq Scan",
                        "Parent Relationship": "Outer",
                        "Parallel Aware": true,
                        "Relation Name": "title",
                        "Alias": "t",
                        "Startup Cost": 0.0,
                        "Total Cost": 58306.47,
                        "Plan Rows": 16822,
                        "Plan Width": 4,
                        "Actual Startup Time": 0.032,
                        "Actual Total Time": 136.401,
                        "Actual Rows": 16244,
                        "Actual Loops": 2,
                        "Filter": "((kind_id > 1) AND (production_year = 1997))",
                        "Rows Removed by Filter": 1247912
                      }
                    ]
                  }
                ]
              }
            ]
          }
        ]
      }
    ]
  },
  "Planning Time": 0.408,
  "Triggers": [],
  "Execution Time": 424.546
}