{
  "Plan": {
    "Node Type": "Aggregate",
    "Strategy": "Plain",
    "Partial Mode": "Finalize",
    "Parallel Aware": false,
    "Startup Cost": 114255.61,
    "Total Cost": 114255.62,
    "Plan Rows": 1,
    "Plan Width": 8,
    "Actual Startup Time": 499.81,
    "Actual Total Time": 513.898,
    "Actual Rows": 1,
    "Actual Loops": 1,
    "Plans": [
      {
        "Node Type": "Gather",
        "Parent Relationship": "Outer",
        "Parallel Aware": false,
        "Startup Cost": 114255.49,
        "Total Cost": 114255.6,
        "Plan Rows": 1,
        "Plan Width": 8,
        "Actual Startup Time": 498.439,
        "Actual Total Time": 513.891,
        "Actual Rows": 2,
        "Actual Loops": 1,
        "Workers Planned": 1,
        "Workers Launched": 1,
        "Single Copy": false,
        "Plans": [
          {
            "Node Type": "Aggregate",
            "Strategy": "Plain",
            "Partial Mode": "Partial",
            "Parent Relationship": "Outer",
            "Parallel Aware": false,
            "Startup Cost": 113255.49,
            "Total Cost": 113255.5,
            "Plan Rows": 1,
            "Plan Width": 8,
            "Actual Startup Time": 492.298,
            "Actual Total Time": 492.302,
            "Actual Rows": 1,
            "Actual Loops": 2,
            "Plans": [
              {
                "Node Type": "Hash Join",
                "Parent Relationship": "Outer",
                "Parallel Aware": true,
                "Join Type": "Inner",
                "Startup Cost": 80101.51,
                "Total Cost": 112829.89,
                "Plan Rows": 170240,
                "Plan Width": 0,
                "Actual Startup Time": 325.673,
                "Actual Total Time": 487.496,
                "Actual Rows": 99342,
                "Actual Loops": 2,
                "Inner Unique": true,
                "Hash Cond": "(mk.movie_id = t.id)",
                "Plans": [
                  {
                    "Node Type": "Bitmap Heap Scan",
                    "Parent Relationship": "Outer",
                    "Parallel Aware": true,
                    "Relation Name": "movie_keyword",
                    "Alias": "mk",
                    "Startup Cost": 19728.04,
                    "Total Cost": 51020.38,
                    "Plan Rows": 547067,
                    "Plan Width": 4,
                    "Actual Startup Time": 62.558,
                    "Actual Total Time": 149.32,
                    "Actual Rows": 467767,
                    "Actual Loops": 2,
                    "Recheck Cond": "(keyword_id > 20298)",
                    "Rows Removed by Index Recheck": 0,
                    "Exact Heap Blocks": 13521,
                    "Lossy Heap Blocks": 0,
                    "Plans": [
                      {
                        "Node Type": "Bitmap Index Scan",
                        "Parent Relationship": "Outer",
                        "Parallel Aware": false,
                        "Index Name": "keyword_id_movie_keyword",
                        "Startup Cost": 0.0,
                        "Total Cost": 19495.54,
                        "Plan Rows": 930014,
                        "Plan Width": 0,
                        "Actual Startup Time": 57.972,
                        "Actual Total Time": 57.973,
                        "Actual Rows": 935534,
                        "Actual Loops": 1,
                        "Index Cond": "(keyword_id > 20298)"
                      }
                    ]
                  },
                  {
                    "Node Type": "Hash",
                    "Parent Relationship": "Inner",
                    "Parallel Aware": true,
                    "Startup Cost": 54588.39,
                    "Total Cost": 54588.39,
                    "Plan Rows": 462806,
                    "Plan Width": 4,
                    "Actual Startup Time": 254.03,
                    "Actual Total Time": 254.031,
                    "Actual Rows": 392463,
                    "Actual Loops": 2,
                    "Hash Buckets": 1048576,
                    "Original Hash Buckets": 1048576,
                    "Hash Batches": 1,
                    "Original Hash Batches": 1,
                    "Peak Memory Usage": 38912,
                    "Plans": [
                      {
                        "Node Type": "Seq Scan",
                        "Parent Relationship": "Outer",
                        "Parallel Aware": true,
                        "Relation Name": "title",
                        "Alias": "t",
                        "Startup Cost": 0.0,
                        "Total Cost": 54588.39,
                        "Plan Rows": 462806,
                        "Plan Width": 4,
                        "Actual Startup Time": 0.034,
                        "Actual Total Time": 151.238,
                        "Actual Rows": 392463,
                        "Actual Loops": 2,
                        "Filter": "(production_year > 2007)",
                        "Rows Removed by Filter": 871693
                      }
                    ]
                  }
                ]
              }
            ]
          }
        ]
      }
    ]
  },
  "Planning Time": 0.445,
  "Triggers": [],
  "Execution Time": 513.989
}