[
  {
    "Plan": {
      "Node Type": "Aggregate",
      "Strategy": "Plain",
      "Partial Mode": "Finalize",
      "Parallel Aware": false,
      "Startup Cost": 27787.83,
      "Total Cost": 27787.84,
      "Plan Rows": 1,
      "Plan Width": 8,
      "Actual Startup Time": 72.757,
      "Actual Total Time": 81.4,
      "Actual Rows": 1,
      "Actual Loops": 1,
      "Plans": [
        {
          "Node Type": "Gather",
          "Parent Relationship": "Outer",
          "Parallel Aware": false,
          "Startup Cost": 27787.41,
          "Total Cost": 27787.82,
          "Plan Rows": 4,
          "Plan Width": 8,
          "Actual Startup Time": 72.608,
          "Actual Total Time": 81.388,
          "Actual Rows": 5,
          "Actual Loops": 1,
          "Workers Planned": 4,
          "Workers Launched": 4,
          "Single Copy": false,
          "Plans": [
            {
              "Node Type": "Aggregate",
              "Strategy": "Plain",
              "Partial Mode": "Partial",
              "Parent Relationship": "Outer",
              "Parallel Aware": false,
              "Startup Cost": 26787.41,
              "Total Cost": 26787.42,
              "Plan Rows": 1,
              "Plan Width": 8,
              "Actual Startup Time": 65.393,
              "Actual Total Time": 65.395,
              "Actual Rows": 1,
              "Actual Loops": 5,
              "Plans": [
                {
                  "Node Type": "Index Scan",
                  "Parent Relationship": "Outer",
                  "Parallel Aware": true,
                  "Scan Direction": "Forward",
                  "Index Name": "role_id_cast_info",
                  "Relation Name": "cast_info",
                  "Alias": "ci",
                  "Startup Cost": 0.56,
                  "Total Cost": 26337.94,
                  "Plan Rows": 179786,
                  "Plan Width": 0,
                  "Actual Startup Time": 0.138,
                  "Actual Total Time": 55.59,
                  "Actual Rows": 156703,
                  "Actual Loops": 5,
                  "Index Cond": "(role_id = 5)",
                  "Rows Removed by Index Recheck": 0,
                  "Filter": "(person_id > 854893)",
                  "Rows Removed by Filter": 22975
                }
              ]
            }
          ]
        }
      ]
    },
    "Planning Time": 0.139,
    "Triggers": [],
    "Execution Time": 81.439
  }
]