[
  {
    "Plan": {
      "Node Type": "Aggregate",
      "Strategy": "Plain",
      "Partial Mode": "Finalize",
      "Parallel Aware": false,
      "Startup Cost": 31252.23,
      "Total Cost": 31252.24,
      "Plan Rows": 1,
      "Plan Width": 8,
      "Actual Startup Time": 108.853,
      "Actual Total Time": 116.619,
      "Actual Rows": 1,
      "Actual Loops": 1,
      "Plans": [
        {
          "Node Type": "Gather",
          "Parent Relationship": "Outer",
          "Parallel Aware": false,
          "Startup Cost": 31251.91,
          "Total Cost": 31252.22,
          "Plan Rows": 3,
          "Plan Width": 8,
          "Actual Startup Time": 108.725,
          "Actual Total Time": 116.611,
          "Actual Rows": 4,
          "Actual Loops": 1,
          "Workers Planned": 3,
          "Workers Launched": 3,
          "Single Copy": false,
          "Plans": [
            {
              "Node Type": "Aggregate",
              "Strategy": "Plain",
              "Partial Mode": "Partial",
              "Parent Relationship": "Outer",
              "Parallel Aware": false,
              "Startup Cost": 30251.91,
              "Total Cost": 30251.92,
              "Plan Rows": 1,
              "Plan Width": 8,
              "Actual Startup Time": 101.12,
              "Actual Total Time": 101.121,
              "Actual Rows": 1,
              "Actual Loops": 4,
              "Plans": [
                {
                  "Node Type": "Seq Scan",
                  "Parent Relationship": "Outer",
                  "Parallel Aware": true,
                  "Relation Name": "movie_companies",
                  "Alias": "mc",
                  "Startup Cost": 0.0,
                  "Total Cost": 29310.68,
                  "Plan Rows": 376491,
                  "Plan Width": 0,
                  "Actual Startup Time": 0.062,
                  "Actual Total Time": 82.791,
                  "Actual Rows": 294238,
                  "Actual Loops": 4,
                  "Filter": "(company_id < 10089)",
                  "Rows Removed by Filter": 358044
                }
              ]
            }
          ]
        }
      ]
    },
    "Planning Time": 0.134,
    "Triggers": [],
    "Execution Time": 116.661
  }
]