[
  {
    "Plan": {
      "Node Type": "Aggregate",
      "Strategy": "Plain",
      "Partial Mode": "Finalize",
      "Parallel Aware": false,
      "Startup Cost": 340047.36,
      "Total Cost": 340047.37,
      "Plan Rows": 1,
      "Plan Width": 8,
      "Actual Startup Time": 760.433,
      "Actual Total Time": 802.104,
      "Actual Rows": 1,
      "Actual Loops": 1,
      "Plans": [
        {
          "Node Type": "Gather",
          "Parent Relationship": "Outer",
          "Parallel Aware": false,
          "Startup Cost": 340046.73,
          "Total Cost": 340047.34,
          "Plan Rows": 6,
          "Plan Width": 8,
          "Actual Startup Time": 760.276,
          "Actual Total Time": 802.094,
          "Actual Rows": 7,
          "Actual Loops": 1,
          "Workers Planned": 6,
          "Workers Launched": 6,
          "Single Copy": false,
          "Plans": [
            {
              "Node Type": "Aggregate",
              "Strategy": "Plain",
              "Partial Mode": "Partial",
              "Parent Relationship": "Outer",
              "Parallel Aware": false,
              "Startup Cost": 339046.73,
              "Total Cost": 339046.74,
              "Plan Rows": 1,
              "Plan Width": 8,
              "Actual Startup Time": 752.426,
              "Actual Total Time": 752.427,
              "Actual Rows": 1,
              "Actual Loops": 7,
              "Plans": [
                {
                  "Node Type": "Seq Scan",
                  "Parent Relationship": "Outer",
                  "Parallel Aware": true,
                  "Relation Name": "cast_info",
                  "Alias": "ci",
                  "Startup Cost": 0.0,
                  "Total Cost": 328211.39,
                  "Plan Rows": 4334136,
                  "Plan Width": 0,
                  "Actual Startup Time": 110.582,
                  "Actual Total Time": 586.119,
                  "Actual Rows": 3711427,
                  "Actual Loops": 7,
                  "Filter": "(person_id > 1009768)",
                  "Rows Removed by Filter": 1466337
                }
              ]
            }
          ]
        }
      ]
    },
    "Planning Time": 0.204,
    "Triggers": [],
    "Execution Time": 802.176
  }
]