[
  {
    "Plan": {
      "Node Type": "Aggregate",
      "Strategy": "Plain",
      "Partial Mode": "Finalize",
      "Parallel Aware": false,
      "Startup Cost": 334108.42,
      "Total Cost": 334108.43,
      "Plan Rows": 1,
      "Plan Width": 8,
      "Actual Startup Time": 762.245,
      "Actual Total Time": 832.502,
      "Actual Rows": 1,
      "Actual Loops": 1,
      "Plans": [
        {
          "Node Type": "Gather",
          "Parent Relationship": "Outer",
          "Parallel Aware": false,
          "Startup Cost": 334107.79,
          "Total Cost": 334108.4,
          "Plan Rows": 6,
          "Plan Width": 8,
          "Actual Startup Time": 762.112,
          "Actual Total Time": 832.493,
          "Actual Rows": 7,
          "Actual Loops": 1,
          "Workers Planned": 6,
          "Workers Launched": 6,
          "Single Copy": false,
          "Plans": [
            {
              "Node Type": "Aggregate",
              "Strategy": "Plain",
              "Partial Mode": "Partial",
              "Parent Relationship": "Outer",
              "Parallel Aware": false,
              "Startup Cost": 333107.79,
              "Total Cost": 333107.8,
              "Plan Rows": 1,
              "Plan Width": 8,
              "Actual Startup Time": 751.739,
              "Actual Total Time": 751.74,
              "Actual Rows": 1,
              "Actual Loops": 7,
              "Plans": [
                {
                  "Node Type": "Seq Scan",
                  "Parent Relationship": "Outer",
                  "Parallel Aware": true,
                  "Relation Name": "cast_info",
                  "Alias": "ci",
                  "Startup Cost": 0.0,
                  "Total Cost": 328162.03,
                  "Plan Rows": 1978306,
                  "Plan Width": 0,
                  "Actual Startup Time": 0.051,
                  "Actual Total Time": 658.302,
                  "Actual Rows": 1696347,
                  "Actual Loops": 7,
                  "Filter": "(person_id < 1166849)",
                  "Rows Removed by Filter": 3481416
                }
              ]
            }
          ]
        }
      ]
    },
    "Planning Time": 0.219,
    "Triggers": [],
    "Execution Time": 832.575
  }
]