[
  {
    "Plan": {
      "Node Type": "Aggregate",
      "Strategy": "Plain",
      "Partial Mode": "Finalize",
      "Parallel Aware": false,
      "Startup Cost": 83013.94,
      "Total Cost": 83013.95,
      "Plan Rows": 1,
      "Plan Width": 8,
      "Actual Startup Time": 298.288,
      "Actual Total Time": 317.566,
      "Actual Rows": 1,
      "Actual Loops": 1,
      "Plans": [
        {
          "Node Type": "Gather",
          "Parent Relationship": "Outer",
          "Parallel Aware": false,
          "Startup Cost": 83013.62,
          "Total Cost": 83013.93,
          "Plan Rows": 3,
          "Plan Width": 8,
          "Actual Startup Time": 296.693,
          "Actual Total Time": 317.559,
          "Actual Rows": 4,
          "Actual Loops": 1,
          "Workers Planned": 3,
          "Workers Launched": 3,
          "Single Copy": false,
          "Plans": [
            {
              "Node Type": "Aggregate",
              "Strategy": "Plain",
              "Partial Mode": "Partial",
              "Parent Relationship": "Outer",
              "Parallel Aware": false,
              "Startup Cost": 82013.62,
              "Total Cost": 82013.63,
              "Plan Rows": 1,
              "Plan Width": 8,
              "Actual Startup Time": 287.194,
              "Actual Total Time": 287.198,
              "Actual Rows": 1,
              "Actual Loops": 4,
              "Plans": [
                {
                  "Node Type": "Nested Loop",
                  "Parent Relationship": "Outer",
                  "Parallel Aware": false,
                  "Join Type": "Inner",
                  "Startup Cost": 46018.15,
                  "Total Cost": 82005.46,
                  "Plan Rows": 3265,
                  "Plan Width": 0,
                  "Actual Startup Time": 175.741,
                  "Actual Total Time": 285.56,
                  "Actual Rows": 36178,
                  "Actual Loops": 4,
                  "Inner Unique": false,
                  "Join Filter": "(t.id = mi_idx.movie_id)",
                  "Rows Removed by Join Filter": 0,
                  "Plans": [
                    {
                      "Node Type": "Hash Join",
                      "Parent Relationship": "Outer",
                      "Parallel Aware": true,
                      "Join Type": "Inner",
                      "Startup Cost": 46017.72,
                      "Total Cost": 77662.88,
                      "Plan Rows": 5982,
                      "Plan Width": 8,
                      "Actual Startup Time": 175.628,
                      "Actual Total Time": 218.954,
                      "Actual Rows": 31039,
                      "Actual Loops": 4,
                      "Inner Unique": true,
                      "Hash Cond": "(mc.movie_id = t.id)",
                      "Plans": [
                        {
                          "Node Type": "Seq Scan",
                          "Parent Relationship": "Outer",
                          "Parallel Aware": true,
                          "Relation Name": "movie_companies",
                          "Alias": "mc",
                          "Startup Cost": 0.0,
                          "Total Cost": 31414.82,
                          "Plan Rows": 87748,
                          "Plan Width": 4,
                          "Actual Startup Time": 28.765,
                          "Actual Total Time": 61.387,
                          "Actual Rows": 136378,
                          "Actual Loops": 4,
                          "Filter": "((company_id > 72003) AND (company_type_id > 1))",
                          "Rows Removed by Filter": 515905
                        },
                        {
                          "Node Type": "Hash",
                          "Parent Relationship": "Inner",
                          "Parallel Aware": true,
                          "Startup Cost": 45479.1,
                          "Total Cost": 45479.1,
                          "Plan Rows": 43090,
                          "Plan Width": 4,
                          "Actual Startup Time": 124.596,
                          "Actual Total Time": 124.597,
                          "Actual Rows": 77656,
                          "Actual Loops": 4,
                          "Hash Buckets": 524288,
                          "Original Hash Buckets": 262144,
                          "Hash Batches": 1,
                          "Original Hash Batches": 1,
                          "Peak Memory Usage": 18336,
                          "Plans": [
                            {
                              "Node Type": "Seq Scan",
                              "Parent Relationship": "Outer",
                              "Parallel Aware": true,
                              "Relation Name": "title",
                              "Alias": "t",
                              "Startup Cost": 0.0,
                              "Total Cost": 45479.1,
                              "Plan Rows": 43090,
                              "Plan Width": 4,
                              "Actual Startup Time": 58.473,
                              "Actual Total Time": 96.635,
                              "Actual Rows": 77656,
                              "Actual Loops": 4,
                              "Filter": "((production_year < 1989) AND (kind_id = 1))",
                              "Rows Removed by Filter": 554422
                            }
                          ]
                        }
                      ]
                    },
                    {
                      "Node Type": "Index Only Scan",
                      "Parent Relationship": "Inner",
                      "Parallel Aware": false,
                      "Scan Direction": "Forward",
                      "Index Name": "movie_id_movie_info_idx",
                      "Relation Name": "movie_info_idx",
                      "Alias": "mi_idx",
                      "Startup Cost": 0.43,
                      "Total Cost": 0.69,
                      "Plan Rows": 3,
                      "Plan Width": 4,
                      "Actual Startup Time": 0.002,
                      "Actual Total Time": 0.002,
                      "Actual Rows": 1,
                      "Actual Loops": 124156,
                      "Index Cond": "(movie_id = mc.movie_id)",
                      "Rows Removed by Index Recheck": 0,
                      "Heap Fetches": 144710
                    }
                  ]
                }
              ]
            }
          ]
        }
      ]
    },
    "Planning Time": 1.401,
    "Triggers": [],
    "Execution Time": 317.65
  }
]