[
  {
    "Plan": {
      "Node Type": "Aggregate",
      "Strategy": "Plain",
      "Partial Mode": "Finalize",
      "Parallel Aware": false,
      "Startup Cost": 646149.51,
      "Total Cost": 646149.52,
      "Plan Rows": 1,
      "Plan Width": 8,
      "Actual Startup Time": 4771.802,
      "Actual Total Time": 4848.376,
      "Actual Rows": 1,
      "Actual Loops": 1,
      "Plans": [
        {
          "Node Type": "Gather",
          "Parent Relationship": "Outer",
          "Parallel Aware": false,
          "Startup Cost": 646148.89,
          "Total Cost": 646149.5,
          "Plan Rows": 6,
          "Plan Width": 8,
          "Actual Startup Time": 4724.219,
          "Actual Total Time": 4848.364,
          "Actual Rows": 7,
          "Actual Loops": 1,
          "Workers Planned": 6,
          "Workers Launched": 6,
          "Single Copy": false,
          "Plans": [
            {
              "Node Type": "Aggregate",
              "Strategy": "Plain",
              "Partial Mode": "Partial",
              "Parent Relationship": "Outer",
              "Parallel Aware": false,
              "Startup Cost": 645148.89,
              "Total Cost": 645148.9,
              "Plan Rows": 1,
              "Plan Width": 8,
              "Actual Startup Time": 4684.38,
              "Actual Total Time": 4684.389,
              "Actual Rows": 1,
              "Actual Loops": 7,
              "Plans": [
                {
                  "Node Type": "Hash Join",
                  "Parent Relationship": "Outer",
                  "Parallel Aware": true,
                  "Join Type": "Inner",
                  "Startup Cost": 267964.73,
                  "Total Cost": 631128.51,
                  "Plan Rows": 5608152,
                  "Plan Width": 0,
                  "Actual Startup Time": 1768.579,
                  "Actual Total Time": 4124.518,
                  "Actual Rows": 11717948,
                  "Actual Loops": 7,
                  "Inner Unique": false,
                  "Hash Cond": "(ci.movie_id = t.id)",
                  "Plans": [
                    {
                      "Node Type": "Seq Scan",
                      "Parent Relationship": "Outer",
                      "Parallel Aware": true,
                      "Relation Name": "cast_info",
                      "Alias": "ci",
                      "Startup Cost": 0.0,
                      "Total Cost": 343316.27,
                      "Plan Rows": 2301653,
                      "Plan Width": 4,
                      "Actual Startup Time": 384.822,
                      "Actual Total Time": 748.509,
                      "Actual Rows": 1588142,
                      "Actual Loops": 7,
                      "Filter": "((person_id < 3169449) AND (role_id > 2))",
                      "Rows Removed by Filter": 3589621
                    },
                    {
                      "Node Type": "Hash",
                      "Parent Relationship": "Inner",
                      "Parallel Aware": true,
                      "Startup Cost": 252562.99,
                      "Total Cost": 252562.99,
                      "Plan Rows": 1232139,
                      "Plan Width": 8,
                      "Actual Startup Time": 1372.633,
                      "Actual Total Time": 1372.637,
                      "Actual Rows": 889071,
                      "Actual Loops": 7,
                      "Hash Buckets": 8388608,
                      "Original Hash Buckets": 8388608,
                      "Hash Batches": 1,
                      "Original Hash Batches": 1,
                      "Peak Memory Usage": 309120,
                      "Plans": [
                        {
                          "Node Type": "Hash Join",
                          "Parent Relationship": "Outer",
                          "Parallel Aware": true,
                          "Join Type": "Inner",
                          "Startup Cost": 50220.38,
                          "Total Cost": 252562.99,
                          "Plan Rows": 1232139,
                          "Plan Width": 8,
                          "Actual Startup Time": 308.549,
                          "Actual Total Time": 978.353,
                          "Actual Rows": 889071,
                          "Actual Loops": 7,
                          "Inner Unique": true,
                          "Hash Cond": "(mi.movie_id = t.id)",
                          "Plans": [
                            {
                              "Node Type": "Seq Scan",
                              "Parent Relationship": "Outer",
                              "Parallel Aware": true,
                              "Relation Name": "movie_info",
                              "Alias": "mi",
                              "Startup Cost": 0.0,
                              "Total Cost": 199108.24,
                              "Plan Rows": 1232139,
                              "Plan Width": 4,
                              "Actual Startup Time": 18.281,
                              "Actual Total Time": 352.308,
                              "Actual Rows": 889071,
                              "Actual Loops": 7,
                              "Filter": "(info_type_id > 8)",
                              "Rows Removed by Filter": 1230318
                            },
                            {
                              "Node Type": "Hash",
                              "Parent Relationship": "Inner",
                              "Parallel Aware": true,
                              "Startup Cost": 42319.06,
                              "Total Cost": 42319.06,
                              "Plan Rows": 632106,
                              "Plan Width": 4,
                              "Actual Startup Time": 286.199,
                              "Actual Total Time": 286.2,
                              "Actual Rows": 361187,
                              "Actual Loops": 7,
                              "Hash Buckets": 4194304,
                              "Original Hash Buckets": 4194304,
                              "Hash Batches": 1,
                              "Original Hash Batches": 1,
                              "Peak Memory Usage": 131808,
                              "Plans": [
                                {
                                  "Node Type": "Seq Scan",
                                  "Parent Relationship": "Outer",
                                  "Parallel Aware": true,
                                  "Relation Name": "title",
                                  "Alias": "t",
                                  "Startup Cost": 0.0,
                                  "Total Cost": 42319.06,
                                  "Plan Rows": 632106,
                                  "Plan Width": 4,
                                  "Actual Startup Time": 0.061,
                                  "Actual Total Time": 84.071,
                                  "Actual Rows": 361187,
                                  "Actual Loops": 7
                                }
                              ]
                            }
                          ]
                        }
                      ]
                    }
                  ]
                }
              ]
            }
          ]
        }
      ]
    },
    "Planning Time": 1.392,
    "Triggers": [],
    "Execution Time": 4848.495
  }
]