[
  {
    "Plan": {
      "Node Type": "Aggregate",
      "Strategy": "Plain",
      "Partial Mode": "Finalize",
      "Parallel Aware": false,
      "Startup Cost": 49943.18,
      "Total Cost": 49943.19,
      "Plan Rows": 1,
      "Plan Width": 8,
      "Actual Startup Time": 119.324,
      "Actual Total Time": 136.863,
      "Actual Rows": 1,
      "Actual Loops": 1,
      "Plans": [
        {
          "Node Type": "Gather",
          "Parent Relationship": "Outer",
          "Parallel Aware": false,
          "Startup Cost": 49942.97,
          "Total Cost": 49943.18,
          "Plan Rows": 2,
          "Plan Width": 8,
          "Actual Startup Time": 119.063,
          "Actual Total Time": 136.857,
          "Actual Rows": 3,
          "Actual Loops": 1,
          "Workers Planned": 2,
          "Workers Launched": 2,
          "Single Copy": false,
          "Plans": [
            {
              "Node Type": "Aggregate",
              "Strategy": "Plain",
              "Partial Mode": "Partial",
              "Parent Relationship": "Outer",
              "Parallel Aware": false,
              "Startup Cost": 48942.97,
              "Total Cost": 48942.98,
              "Plan Rows": 1,
              "Plan Width": 8,
              "Actual Startup Time": 111.003,
              "Actual Total Time": 111.005,
              "Actual Rows": 1,
              "Actual Loops": 3,
              "Plans": [
                {
                  "Node Type": "Nested Loop",
                  "Parent Relationship": "Outer",
                  "Parallel Aware": false,
                  "Join Type": "Inner",
                  "Startup Cost": 195.42,
                  "Total Cost": 48911.21,
                  "Plan Rows": 12701,
                  "Plan Width": 0,
                  "Actual Startup Time": 1.204,
                  "Actual Total Time": 106.685,
                  "Actual Rows": 73519,
                  "Actual Loops": 3,
                  "Inner Unique": false,
                  "Plans": [
                    {
                      "Node Type": "Nested Loop",
                      "Parent Relationship": "Outer",
                      "Parallel Aware": false,
                      "Join Type": "Inner",
                      "Startup Cost": 194.98,
                      "Total Cost": 43114.48,
                      "Plan Rows": 2880,
                      "Plan Width": 8,
                      "Actual Startup Time": 1.011,
                      "Actual Total Time": 29.174,
                      "Actual Rows": 2371,
                      "Actual Loops": 3,
                      "Inner Unique": true,
                      "Plans": [
                        {
                          "Node Type": "Bitmap Heap Scan",
                          "Parent Relationship": "Outer",
                          "Parallel Aware": true,
                          "Relation Name": "movie_keyword",
                          "Alias": "mk",
                          "Startup Cost": 194.55,
                          "Total Cost": 17984.64,
                          "Plan Rows": 3770,
                          "Plan Width": 4,
                          "Actual Startup Time": 0.837,
                          "Actual Total Time": 8.818,
                          "Actual Rows": 3515,
                          "Actual Loops": 3,
                          "Recheck Cond": "(keyword_id = 398)",
                          "Rows Removed by Index Recheck": 0,
                          "Exact Heap Blocks": 3732,
                          "Lossy Heap Blocks": 0,
                          "Plans": [
                            {
                              "Node Type": "Bitmap Index Scan",
                              "Parent Relationship": "Outer",
                              "Parallel Aware": false,
                              "Index Name": "keyword_id_movie_keyword",
                              "Startup Cost": 0.0,
                              "Total Cost": 192.29,
                              "Plan Rows": 9048,
                              "Plan Width": 0,
                              "Actual Startup Time": 1.383,
                              "Actual Total Time": 1.383,
                              "Actual Rows": 10544,
                              "Actual Loops": 1,
                              "Index Cond": "(keyword_id = 398)"
                            }
                          ]
                        },
                        {
                          "Node Type": "Index Scan",
                          "Parent Relationship": "Inner",
                          "Parallel Aware": false,
                          "Scan Direction": "Forward",
                          "Index Name": "title_pkey",
                          "Relation Name": "title",
                          "Alias": "t",
                          "Startup Cost": 0.43,
                          "Total Cost": 6.67,
                          "Plan Rows": 1,
                          "Plan Width": 4,
                          "Actual Startup Time": 0.005,
                          "Actual Total Time": 0.005,
                          "Actual Rows": 1,
                          "Actual Loops": 10544,
                          "Index Cond": "(id = mk.movie_id)",
                          "Rows Removed by Index Recheck": 0,
                          "Filter": "(production_year > 1981)",
                          "Rows Removed by Filter": 0
                        }
                      ]
                    },
                    {
                      "Node Type": "Index Scan",
                      "Parent Relationship": "Inner",
                      "Parallel Aware": false,
                      "Scan Direction": "Forward",
                      "Index Name": "movie_id_movie_info",
                      "Relation Name": "movie_info",
                      "Alias": "mi",
                      "Startup Cost": 0.43,
                      "Total Cost": 1.7,
                      "Plan Rows": 31,
                      "Plan Width": 4,
                      "Actual Startup Time": 0.007,
                      "Actual Total Time": 0.03,
                      "Actual Rows": 31,
                      "Actual Loops": 7112,
                      "Index Cond": "(movie_id = t.id)",
                      "Rows Removed by Index Recheck": 0,
                      "Filter": "(info_type_id > 3)",
                      "Rows Removed by Filter": 4
                    }
                  ]
                }
              ]
            }
          ]
        }
      ]
    },
    "Planning Time": 0.465,
    "Triggers": [],
    "Execution Time": 136.921
  }
]