[
  {
    "Plan": {
      "Node Type": "Aggregate",
      "Strategy": "Plain",
      "Partial Mode": "Finalize",
      "Parallel Aware": false,
      "Startup Cost": 51834.46,
      "Total Cost": 51834.47,
      "Plan Rows": 1,
      "Plan Width": 8,
      "Actual Startup Time": 117.804,
      "Actual Total Time": 137.359,
      "Actual Rows": 1,
      "Actual Loops": 1,
      "Plans": [
        {
          "Node Type": "Gather",
          "Parent Relationship": "Outer",
          "Parallel Aware": false,
          "Startup Cost": 51834.14,
          "Total Cost": 51834.45,
          "Plan Rows": 3,
          "Plan Width": 8,
          "Actual Startup Time": 117.41,
          "Actual Total Time": 137.35,
          "Actual Rows": 4,
          "Actual Loops": 1,
          "Workers Planned": 3,
          "Workers Launched": 3,
          "Single Copy": false,
          "Plans": [
            {
              "Node Type": "Aggregate",
              "Strategy": "Plain",
              "Partial Mode": "Partial",
              "Parent Relationship": "Outer",
              "Parallel Aware": false,
              "Startup Cost": 50834.14,
              "Total Cost": 50834.15,
              "Plan Rows": 1,
              "Plan Width": 8,
              "Actual Startup Time": 107.937,
              "Actual Total Time": 107.939,
              "Actual Rows": 1,
              "Actual Loops": 4,
              "Plans": [
                {
                  "Node Type": "Nested Loop",
                  "Parent Relationship": "Outer",
                  "Parallel Aware": false,
                  "Join Type": "Inner",
                  "Startup Cost": 257.62,
                  "Total Cost": 50801.68,
                  "Plan Rows": 12987,
                  "Plan Width": 0,
                  "Actual Startup Time": 2.966,
                  "Actual Total Time": 104.356,
                  "Actual Rows": 55139,
                  "Actual Loops": 4,
                  "Inner Unique": false,
                  "Plans": [
                    {
                      "Node Type": "Nested Loop",
                      "Parent Relationship": "Outer",
                      "Parallel Aware": false,
                      "Join Type": "Inner",
                      "Startup Cost": 257.19,
                      "Total Cost": 44807.52,
                      "Plan Rows": 2934,
                      "Plan Width": 8,
                      "Actual Startup Time": 2.761,
                      "Actual Total Time": 32.073,
                      "Actual Rows": 1778,
                      "Actual Loops": 4,
                      "Inner Unique": true,
                      "Plans": [
                        {
                          "Node Type": "Bitmap Heap Scan",
                          "Parent Relationship": "Outer",
                          "Parallel Aware": true,
                          "Relation Name": "movie_keyword",
                          "Alias": "mk",
                          "Startup Cost": 256.76,
                          "Total Cost": 20636.31,
                          "Plan Rows": 3843,
                          "Plan Width": 4,
                          "Actual Startup Time": 2.592,
                          "Actual Total Time": 10.677,
                          "Actual Rows": 2636,
                          "Actual Loops": 4,
                          "Recheck Cond": "(keyword_id = 398)",
                          "Rows Removed by Index Recheck": 0,
                          "Exact Heap Blocks": 3078,
                          "Lossy Heap Blocks": 0,
                          "Plans": [
                            {
                              "Node Type": "Bitmap Index Scan",
                              "Parent Relationship": "Outer",
                              "Parallel Aware": false,
                              "Index Name": "keyword_id_movie_keyword",
                              "Startup Cost": 0.0,
                              "Total Cost": 253.78,
                              "Plan Rows": 11913,
                              "Plan Width": 0,
                              "Actual Startup Time": 6.87,
                              "Actual Total Time": 6.871,
                              "Actual Rows": 10544,
                              "Actual Loops": 1,
                              "Index Cond": "(keyword_id = 398)"
                            }
                          ]
                        },
                        {
                          "Node Type": "Index Scan",
                          "Parent Relationship": "Inner",
                          "Parallel Aware": false,
                          "Scan Direction": "Forward",
                          "Index Name": "title_pkey",
                          "Relation Name": "title",
                          "Alias": "t",
                          "Startup Cost": 0.43,
                          "Total Cost": 6.29,
                          "Plan Rows": 1,
                          "Plan Width": 4,
                          "Actual Startup Time": 0.008,
                          "Actual Total Time": 0.008,
                          "Actual Rows": 1,
                          "Actual Loops": 10544,
                          "Index Cond": "(id = mk.movie_id)",
                          "Rows Removed by Index Recheck": 0,
                          "Filter": "(production_year > 1981)",
                          "Rows Removed by Filter": 0
                        }
                      ]
                    },
                    {
                      "Node Type": "Index Scan",
                      "Parent Relationship": "Inner",
                      "Parallel Aware": false,
                      "Scan Direction": "Forward",
                      "Index Name": "movie_id_movie_info",
                      "Relation Name": "movie_info",
                      "Alias": "mi",
                      "Startup Cost": 0.43,
                      "Total Cost": 1.72,
                      "Plan Rows": 32,
                      "Plan Width": 4,
                      "Actual Startup Time": 0.009,
                      "Actual Total Time": 0.037,
                      "Actual Rows": 31,
                      "Actual Loops": 7112,
                      "Index Cond": "(movie_id = t.id)",
                      "Rows Removed by Index Recheck": 0,
                      "Filter": "(info_type_id > 3)",
                      "Rows Removed by Filter": 4
                    }
                  ]
                }
              ]
            }
          ]
        }
      ]
    },
    "Planning Time": 1.409,
    "Triggers": [],
    "Execution Time": 137.465
  }
]