{
  "Plan": {
    "Node Type": "Aggregate",
    "Strategy": "Plain",
    "Partial Mode": "Finalize",
    "Parallel Aware": false,
    "Startup Cost": 658624.94,
    "Total Cost": 658624.95,
    "Plan Rows": 1,
    "Plan Width": 32,
    "Actual Startup Time": 2631.361,
    "Actual Total Time": 2631.828,
    "Actual Rows": 1,
    "Actual Loops": 1,
    "Plans": [
      {
        "Node Type": "Gather",
        "Parent Relationship": "Outer",
        "Parallel Aware": false,
        "Startup Cost": 658624.83,
        "Total Cost": 658624.94,
        "Plan Rows": 1,
        "Plan Width": 32,
        "Actual Startup Time": 2631.349,
        "Actual Total Time": 2631.821,
        "Actual Rows": 2,
        "Actual Loops": 1,
        "Workers Planned": 1,
        "Workers Launched": 1,
        "Single Copy": false,
        "Plans": [
          {
            "Node Type": "Aggregate",
            "Strategy": "Plain",
            "Partial Mode": "Partial",
            "Parent Relationship": "Outer",
            "Parallel Aware": false,
            "Startup Cost": 657624.83,
            "Total Cost": 657624.84,
            "Plan Rows": 1,
            "Plan Width": 32,
            "Actual Startup Time": 2582.229,
            "Actual Total Time": 2582.237,
            "Actual Rows": 1,
            "Actual Loops": 2,
            "Plans": [
              {
                "Node Type": "Hash Join",
                "Parent Relationship": "Outer",
                "Parallel Aware": false,
                "Join Type": "Inner",
                "Startup Cost": 651041.67,
                "Total Cost": 657624.57,
                "Plan Rows": 106,
                "Plan Width": 17,
                "Actual Startup Time": 2582.224,
                "Actual Total Time": 2582.232,
                "Actual Rows": 0,
                "Actual Loops": 2,
                "Inner Unique": true,
                "Hash Cond": "(mc.company_type_id = ct.id)",
                "Plans": [
                  {
                    "Node Type": "Hash Join",
                    "Parent Relationship": "Outer",
                    "Parallel Aware": true,
                    "Join Type": "Inner",
                    "Startup Cost": 651040.61,
                    "Total Cost": 657621.21,
                    "Plan Rows": 426,
                    "Plan Width": 21,
                    "Actual Startup Time": 2488.246,
                    "Actual Total Time": 2581.522,
                    "Actual Rows": 5282,
                    "Actual Loops": 2,
                    "Inner Unique": false,
                    "Hash Cond": "(t.id = mc.movie_id)",
                    "Plans": [
                      {
                        "Node Type": "Merge Join",
                        "Parent Relationship": "Outer",
                        "Parallel Aware": false,
                        "Join Type": "Inner",
                        "Startup Cost": 609203.29,
                        "Total Cost": 613846.81,
                        "Plan Rows": 309531,
                        "Plan Width": 25,
                        "Actual Startup Time": 2282.485,
                        "Actual Total Time": 2341.756,
                        "Actual Rows": 292870,
                        "Actual Loops": 2,
                        "Inner Unique": true,
                        "Merge Cond": "(mi.info_type_id = it.id)",
                        "Plans": [
                          {
                            "Node Type": "Sort",
                            "Parent Relationship": "Outer",
                            "Parallel Aware": false,
                            "Startup Cost": 609197.31,
                            "Total Cost": 609971.14,
                            "Plan Rows": 309531,
                            "Plan Width": 29,
                            "Actual Startup Time": 2282.415,
                            "Actual Total Time": 2296.176,
                            "Actual Rows": 292870,
                            "Actual Loops": 2,
                            "Sort Key": [
                              "mi.info_type_id"
                            ],
                            "Sort Method": "quicksort",
                            "Sort Space Used": 41698,
                            "Sort Space Type": "Memory",
                            "Workers": [
                              {
                                "Worker Number": 0,
                                "Sort Method": "quicksort",
                                "Sort Space Used": 24770,
                                "Sort Space Type": "Memory"
                              }
                            ],
                            "Plans": [
                              {
                                "Node Type": "Nested Loop",
                                "Parent Relationship": "Outer",
                                "Parallel Aware": false,
                                "Join Type": "Inner",
                                "Startup Cost": 0.43,
                                "Total Cost": 580968.51,
                                "Plan Rows": 309531,
                                "Plan Width": 29,
                                "Actual Startup Time": 0.673,
                                "Actual Total Time": 2198.7,
                                "Actual Rows": 292870,
                                "Actual Loops": 2,
                                "Inner Unique": true,
                                "Plans": [
                                  {
                                    "Node Type": "Seq Scan",
                                    "Parent Relationship": "Outer",
                                    "Parallel Aware": true,
                                    "Relation Name": "movie_info",
                                    "Alias": "mi",
                                    "Startup Cost": 0.0,
                                    "Total Cost": 336568.54,
                                    "Plan Rows": 309531,
                                    "Plan Width": 8,
                                    "Actual Startup Time": 0.617,
                                    "Actual Total Time": 1555.519,
                                    "Actual Rows": 292870,
                                    "Actual Loops": 2,
                                    "Filter": "(info = ANY ('{Denish,America,USA,Norwegian,Danish,Swedish,Denmark,American}'::text[]))",
                                    "Rows Removed by Filter": 7124990
                                  },
                                  {
                                    "Node Type": "Index Scan",
                                    "Parent Relationship": "Inner",
                                    "Parallel Aware": false,
                                    "Scan Direction": "Forward",
                                    "Index Name": "title_pkey",
                                    "Relation Name": "title",
                                    "Alias": "t",
                                    "Startup Cost": 0.43,
                                    "Total Cost": 0.79,
                                    "Plan Rows": 1,
                                    "Plan Width": 21,
                                    "Actual Startup Time": 0.002,
                                    "Actual Total Time": 0.002,
                                    "Actual Rows": 1,
                                    "Actual Loops": 585739,
                                    "Index Cond": "(id = mi.movie_id)",
                                    "Rows Removed by Index Recheck": 0
                                  }
                                ]
                              }
                            ]
                          },
                          {
                            "Node Type": "Sort",
                            "Parent Relationship": "Inner",
                            "Parallel Aware": false,
                            "Startup Cost": 5.98,
                            "Total Cost": 6.27,
                            "Plan Rows": 113,
                            "Plan Width": 4,
                            "Actual Startup Time": 0.061,
                            "Actual Total Time": 0.066,
                            "Actual Rows": 57,
                            "Actual Loops": 2,
                            "Sort Key": [
                              "it.id"
                            ],
                            "Sort Method": "quicksort",
                            "Sort Space Used": 30,
                            "Sort Space Type": "Memory",
                            "Workers": [
                              {
                                "Worker Number": 0,
                                "Sort Method": "quicksort",
                                "Sort Space Used": 30,
                                "Sort Space Type": "Memory"
                              }
                            ],
                            "Plans": [
                              {
                                "Node Type": "Seq Scan",
                                "Parent Relationship": "Outer",
                                "Parallel Aware": false,
                                "Relation Name": "info_type",
                                "Alias": "it",
                                "Startup Cost": 0.0,
                                "Total Cost": 2.13,
                                "Plan Rows": 113,
                                "Plan Width": 4,
                                "Actual Startup Time": 0.028,
                                "Actual Total Time": 0.039,
                                "Actual Rows": 113,
                                "Actual Loops": 2
                              }
                            ]
                          }
                        ]
                      },
                      {
                        "Node Type": "Hash",
                        "Parent Relationship": "Inner",
                        "Parallel Aware": true,
                        "Startup Cost": 41811.73,
                        "Total Cost": 41811.73,
                        "Plan Rows": 2047,
                        "Plan Width": 8,
                        "Actual Startup Time": 204.995,
                        "Actual Total Time": 204.996,
                        "Actual Rows": 12012,
                        "Actual Loops": 2,
                        "Hash Buckets": 32768,
                        "Original Hash Buckets": 4096,
                        "Hash Batches": 1,
                        "Original Hash Batches": 1,
                        "Peak Memory Usage": 1440,
                        "Plans": [
                          {
                            "Node Type": "Seq Scan",
                            "Parent Relationship": "Outer",
                            "Parallel Aware": true,
                            "Relation Name": "movie_companies",
                            "Alias": "mc",
                            "Startup Cost": 0.0,
                            "Total Cost": 41811.73,
                            "Plan Rows": 2047,
                            "Plan Width": 8,
                            "Actual Startup Time": 20.789,
                            "Actual Total Time": 195.998,
                            "Actual Rows": 12012,
                            "Actual Loops": 2,
                            "Filter": "((note ~~ '%(theatrical)%'::text) AND (note ~~ '%(France)%'::text))",
                            "Rows Removed by Filter": 1292552
                          }
                        ]
                      }
                    ]
                  },
                  {
                    "Node Type": "Hash",
                    "Parent Relationship": "Inner",
                    "Parallel Aware": false,
                    "Startup Cost": 1.05,
                    "Total Cost": 1.05,
                    "Plan Rows": 1,
                    "Plan Width": 4,
                    "Actual Startup Time": 0.075,
                    "Actual Total Time": 0.076,
                    "Actual Rows": 1,
                    "Actual Loops": 2,
                    "Hash Buckets": 1024,
                    "Original Hash Buckets": 1024,
                    "Hash Batches": 1,
                    "Original Hash Batches": 1,
                    "Peak Memory Usage": 9,
                    "Plans": [
                      {
                        "Node Type": "Seq Scan",
                        "Parent Relationship": "Outer",
                        "Parallel Aware": false,
                        "Relation Name": "company_type",
                        "Alias": "ct",
                        "Startup Cost": 0.0,
                        "Total Cost": 1.05,
                        "Plan Rows": 1,
                        "Plan Width": 4,
                        "Actual Startup Time": 0.058,
                        "Actual Total Time": 0.061,
                        "Actual Rows": 1,
                        "Actual Loops": 2,
                        "Filter": "((kind)::text = 'production companies'::text)",
                        "Rows Removed by Filter": 3
                      }
                    ]
                  }
                ]
              }
            ]
          }
        ]
      }
    ]
  },
  "Planning Time": 1.03,
  "Triggers": [],
  "Execution Time": 2631.928
}