[
  {
    "Plan": {
      "Node Type": "Aggregate",
      "Strategy": "Plain",
      "Partial Mode": "Finalize",
      "Parallel Aware": false,
      "Startup Cost": 336085.81,
      "Total Cost": 336085.82,
      "Plan Rows": 1,
      "Plan Width": 8,
      "Actual Startup Time": 639.226,
      "Actual Total Time": 665.506,
      "Actual Rows": 1,
      "Actual Loops": 1,
      "Plans": [
        {
          "Node Type": "Gather",
          "Parent Relationship": "Outer",
          "Parallel Aware": false,
          "Startup Cost": 336085.18,
          "Total Cost": 336085.79,
          "Plan Rows": 6,
          "Plan Width": 8,
          "Actual Startup Time": 639.139,
          "Actual Total Time": 665.5,
          "Actual Rows": 7,
          "Actual Loops": 1,
          "Workers Planned": 6,
          "Workers Launched": 6,
          "Single Copy": false,
          "Plans": [
            {
              "Node Type": "Aggregate",
              "Strategy": "Plain",
              "Partial Mode": "Partial",
              "Parent Relationship": "Outer",
              "Parallel Aware": false,
              "Startup Cost": 335085.18,
              "Total Cost": 335085.19,
              "Plan Rows": 1,
              "Plan Width": 8,
              "Actual Startup Time": 630.396,
              "Actual Total Time": 630.397,
              "Actual Rows": 1,
              "Actual Loops": 7,
              "Plans": [
                {
                  "Node Type": "Seq Scan",
                  "Parent Relationship": "Outer",
                  "Parallel Aware": true,
                  "Relation Name": "cast_info",
                  "Alias": "ci",
                  "Startup Cost": 0.0,
                  "Total Cost": 328213.62,
                  "Plan Rows": 2748627,
                  "Plan Width": 0,
                  "Actual Startup Time": 199.028,
                  "Actual Total Time": 526.347,
                  "Actual Rows": 2365573,
                  "Actual Loops": 7,
                  "Filter": "(person_id > 1972908)",
                  "Rows Removed by Filter": 2812190
                }
              ]
            }
          ]
        }
      ]
    },
    "Planning Time": 0.155,
    "Triggers": [],
    "Execution Time": 665.555
  }
]