[
  {
    "Plan": {
      "Node Type": "Aggregate",
      "Strategy": "Plain",
      "Partial Mode": "Finalize",
      "Parallel Aware": false,
      "Startup Cost": 336083.55,
      "Total Cost": 336083.56,
      "Plan Rows": 1,
      "Plan Width": 8,
      "Actual Startup Time": 722.563,
      "Actual Total Time": 779.68,
      "Actual Rows": 1,
      "Actual Loops": 1,
      "Plans": [
        {
          "Node Type": "Gather",
          "Parent Relationship": "Outer",
          "Parallel Aware": false,
          "Startup Cost": 336082.92,
          "Total Cost": 336083.53,
          "Plan Rows": 6,
          "Plan Width": 8,
          "Actual Startup Time": 722.446,
          "Actual Total Time": 779.669,
          "Actual Rows": 7,
          "Actual Loops": 1,
          "Workers Planned": 6,
          "Workers Launched": 6,
          "Single Copy": false,
          "Plans": [
            {
              "Node Type": "Aggregate",
              "Strategy": "Plain",
              "Partial Mode": "Partial",
              "Parent Relationship": "Outer",
              "Parallel Aware": false,
              "Startup Cost": 335082.92,
              "Total Cost": 335082.93,
              "Plan Rows": 1,
              "Plan Width": 8,
              "Actual Startup Time": 713.183,
              "Actual Total Time": 713.184,
              "Actual Rows": 1,
              "Actual Loops": 7,
              "Plans": [
                {
                  "Node Type": "Seq Scan",
                  "Parent Relationship": "Outer",
                  "Parallel Aware": true,
                  "Relation Name": "cast_info",
                  "Alias": "ci",
                  "Startup Cost": 0.0,
                  "Total Cost": 328162.03,
                  "Plan Rows": 2768358,
                  "Plan Width": 0,
                  "Actual Startup Time": 225.71,
                  "Actual Total Time": 610.182,
                  "Actual Rows": 2365573,
                  "Actual Loops": 7,
                  "Filter": "(person_id > 1972908)",
                  "Rows Removed by Filter": 2812190
                }
              ]
            }
          ]
        }
      ]
    },
    "Planning Time": 0.24,
    "Triggers": [],
    "Execution Time": 779.756
  }
]