[
  {
    "Plan": {
      "Node Type": "Aggregate",
      "Strategy": "Plain",
      "Partial Mode": "Finalize",
      "Parallel Aware": false,
      "Startup Cost": 379125.15,
      "Total Cost": 379125.16,
      "Plan Rows": 1,
      "Plan Width": 8,
      "Actual Startup Time": 895.739,
      "Actual Total Time": 947.198,
      "Actual Rows": 1,
      "Actual Loops": 1,
      "Plans": [
        {
          "Node Type": "Gather",
          "Parent Relationship": "Outer",
          "Parallel Aware": false,
          "Startup Cost": 379124.53,
          "Total Cost": 379125.14,
          "Plan Rows": 6,
          "Plan Width": 8,
          "Actual Startup Time": 893.973,
          "Actual Total Time": 947.173,
          "Actual Rows": 7,
          "Actual Loops": 1,
          "Workers Planned": 6,
          "Workers Launched": 6,
          "Single Copy": false,
          "Plans": [
            {
              "Node Type": "Aggregate",
              "Strategy": "Plain",
              "Partial Mode": "Partial",
              "Parent Relationship": "Outer",
              "Parallel Aware": false,
              "Startup Cost": 378124.53,
              "Total Cost": 378124.54,
              "Plan Rows": 1,
              "Plan Width": 8,
              "Actual Startup Time": 885.483,
              "Actual Total Time": 885.487,
              "Actual Rows": 1,
              "Actual Loops": 7,
              "Plans": [
                {
                  "Node Type": "Hash Join",
                  "Parent Relationship": "Outer",
                  "Parallel Aware": true,
                  "Join Type": "Inner",
                  "Startup Cost": 46995.39,
                  "Total Cost": 377673.79,
                  "Plan Rows": 180295,
                  "Plan Width": 0,
                  "Actual Startup Time": 479.921,
                  "Actual Total Time": 875.007,
                  "Actual Rows": 203397,
                  "Actual Loops": 7,
                  "Inner Unique": true,
                  "Hash Cond": "(ci.movie_id = t.id)",
                  "Plans": [
                    {
                      "Node Type": "Seq Scan",
                      "Parent Relationship": "Outer",
                      "Parallel Aware": true,
                      "Relation Name": "cast_info",
                      "Alias": "ci",
                      "Startup Cost": 0.0,
                      "Total Cost": 328211.39,
                      "Plan Rows": 939815,
                      "Plan Width": 4,
                      "Actual Startup Time": 367.103,
                      "Actual Total Time": 560.181,
                      "Actual Rows": 798442,
                      "Actual Loops": 7,
                      "Filter": "(person_id > 3093501)",
                      "Rows Removed by Filter": 4379321
                    },
                    {
                      "Node Type": "Hash",
                      "Parent Relationship": "Inner",
                      "Parallel Aware": true,
                      "Startup Cost": 45479.59,
                      "Total Cost": 45479.59,
                      "Plan Rows": 121264,
                      "Plan Width": 4,
                      "Actual Startup Time": 110.955,
                      "Actual Total Time": 110.956,
                      "Actual Rows": 71683,
                      "Actual Loops": 7,
                      "Hash Buckets": 524288,
                      "Original Hash Buckets": 524288,
                      "Hash Batches": 1,
                      "Original Hash Batches": 1,
                      "Peak Memory Usage": 23904,
                      "Plans": [
                        {
                          "Node Type": "Seq Scan",
                          "Parent Relationship": "Outer",
                          "Parallel Aware": true,
                          "Relation Name": "title",
                          "Alias": "t",
                          "Startup Cost": 0.0,
                          "Total Cost": 45479.59,
                          "Plan Rows": 121264,
                          "Plan Width": 4,
                          "Actual Startup Time": 0.041,
                          "Actual Total Time": 78.625,
                          "Actual Rows": 71683,
                          "Actual Loops": 7,
                          "Filter": "((kind_id > 1) AND (production_year > 2008))",
                          "Rows Removed by Filter": 289505
                        }
                      ]
                    }
                  ]
                }
              ]
            }
          ]
        }
      ]
    },
    "Planning Time": 0.469,
    "Triggers": [],
    "Execution Time": 947.247
  }
]