{
    "Plan": {
        "Node Type": "Aggregate",
        "Strategy": "Plain",
        "Partial Mode": "Simple",
        "Parallel Aware": false,
        "Startup Cost": 10001270322.24,
        "Total Cost": 10001270322.25,
        "Plan Rows": 1,
        "Plan Width": 8,
        "Actual Startup Time": 1323.408,
        "Actual Total Time": 1323.413,
        "Actual Rows": 1,
        "Actual Loops": 1,
        "Output": [
            "count(*)"
        ],
        "Plans": [
            {
                "Node Type": "Nested Loop",
                "Parent Relationship": "Outer",
                "Parallel Aware": false,
                "Join Type": "Inner",
                "Startup Cost": 10000110136.01,
                "Total Cost": 10001269767.82,
                "Plan Rows": 221770,
                "Plan Width": 0,
                "Actual Startup Time": 1052.085,
                "Actual Total Time": 1322.249,
                "Actual Rows": 11221,
                "Actual Loops": 1,
                "Inner Unique": false,
                "Plans": [
                    {
                        "Node Type": "Hash Join",
                        "Parent Relationship": "Outer",
                        "Parallel Aware": false,
                        "Join Type": "Inner",
                        "Startup Cost": 110135.51,
                        "Total Cost": 278702.09,
                        "Plan Rows": 214902,
                        "Plan Width": 8,
                        "Actual Startup Time": 1051.963,
                        "Actual Total Time": 1265.757,
                        "Actual Rows": 4168,
                        "Actual Loops": 1,
                        "Output": [
                            "t.id",
                            "mi.movie_id"
                        ],
                        "Inner Unique": true,
                        "Hash Cond": "(mi.movie_id = t.id)",
                        "Plans": [
                            {
                                "Node Type": "Bitmap Heap Scan",
                                "Parent Relationship": "Outer",
                                "Parallel Aware": false,
                                "Relation Name": "movie_info",
                                "Schema": "public",
                                "Alias": "mi",
                                "Startup Cost": 7884.72,
                                "Total Cost": 175310.43,
                                "Plan Rows": 434617,
                                "Plan Width": 4,
                                "Actual Startup Time": 37.852,
                                "Actual Total Time": 163.454,
                                "Actual Rows": 465636,
                                "Actual Loops": 1,
                                "Output": [
                                    "mi.id",
                                    "mi.movie_id",
                                    "mi.info_type_id",
                                    "mi.info",
                                    "mi.note"
                                ],
                                "Recheck Cond": "(mi.info_type_id > 103)",
                                "Rows Removed by Index Recheck": 0,
                                "Exact Heap Blocks": 5528,
                                "Lossy Heap Blocks": 0,
                                "Plans": [
                                    {
                                        "Node Type": "Bitmap Index Scan",
                                        "Parent Relationship": "Outer",
                                        "Parallel Aware": false,
                                        "Index Name": "info_type_id_movie_info",
                                        "Startup Cost": 0.0,
                                        "Total Cost": 7776.06,
                                        "Plan Rows": 434617,
                                        "Plan Width": 0,
                                        "Actual Startup Time": 36.881,
                                        "Actual Total Time": 36.882,
                                        "Actual Rows": 465636,
                                        "Actual Loops": 1,
                                        "Index Cond": "(mi.info_type_id > 103)"
                                    }
                                ]
                            },
                            {
                                "Node Type": "Hash",
                                "Parent Relationship": "Inner",
                                "Parallel Aware": false,
                                "Startup Cost": 86623.8,
                                "Total Cost": 86623.8,
                                "Plan Rows": 1250159,
                                "Plan Width": 4,
                                "Actual Startup Time": 993.434,
                                "Actual Total Time": 993.435,
                                "Actual Rows": 1221534,
                                "Actual Loops": 1,
                                "Output": [
                                    "t.id"
                                ],
                                "Hash Buckets": 2097152,
                                "Original Hash Buckets": 2097152,
                                "Hash Batches": 1,
                                "Original Hash Batches": 1,
                                "Peak Memory Usage": 59329,
                                "Plans": [
                                    {
                                        "Node Type": "Bitmap Heap Scan",
                                        "Parent Relationship": "Outer",
                                        "Parallel Aware": false,
                                        "Relation Name": "title",
                                        "Schema": "public",
                                        "Alias": "t",
                                        "Startup Cost": 27633.25,
                                        "Total Cost": 86623.8,
                                        "Plan Rows": 1250159,
                                        "Plan Width": 4,
                                        "Actual Startup Time": 93.322,
                                        "Actual Total Time": 605.609,
                                        "Actual Rows": 1221534,
                                        "Actual Loops": 1,
                                        "Output": [
                                            "t.id"
                                        ],
                                        "Recheck Cond": "(t.kind_id = 7)",
                                        "Rows Removed by Index Recheck": 0,
                                        "Filter": "(t.production_year < 2011)",
                                        "Rows Removed by Filter": 321730,
                                        "Exact Heap Blocks": 24710,
                                        "Lossy Heap Blocks": 0,
                                        "Plans": [
                                            {
                                                "Node Type": "Bitmap Index Scan",
                                                "Parent Relationship": "Outer",
                                                "Parallel Aware": false,
                                                "Index Name": "kind_id_title",
                                                "Startup Cost": 0.0,
                                                "Total Cost": 27320.71,
                                                "Plan Rows": 1532837,
                                                "Plan Width": 0,
                                                "Actual Startup Time": 88.256,
                                                "Actual Total Time": 88.256,
                                                "Actual Rows": 1543264,
                                                "Actual Loops": 1,
                                                "Index Cond": "(t.kind_id = 7)"
                                            }
                                        ]
                                    }
                                ]
                            }
                        ]
                    },
                    {
                        "Node Type": "Bitmap Heap Scan",
                        "Parent Relationship": "Inner",
                        "Parallel Aware": false,
                        "Relation Name": "movie_companies",
                        "Schema": "public",
                        "Alias": "mc",
                        "Startup Cost": 0.5,
                        "Total Cost": 4.56,
                        "Plan Rows": 5,
                        "Plan Width": 4,
                        "Actual Startup Time": 0.009,
                        "Actual Total Time": 0.01,
                        "Actual Rows": 3,
                        "Actual Loops": 4168,
                        "Output": [
                            "mc.id",
                            "mc.movie_id",
                            "mc.company_id",
                            "mc.company_type_id",
                            "mc.note"
                        ],
                        "Recheck Cond": "(mc.movie_id = t.id)",
                        "Rows Removed by Index Recheck": 0,
                        "Exact Heap Blocks": 5900,
                        "Lossy Heap Blocks": 0,
                        "Plans": [
                            {
                                "Node Type": "Bitmap Index Scan",
                                "Parent Relationship": "Outer",
                                "Parallel Aware": false,
                                "Index Name": "movie_id_movie_companies",
                                "Startup Cost": 0.0,
                                "Total Cost": 0.5,
                                "Plan Rows": 5,
                                "Plan Width": 0,
                                "Actual Startup Time": 0.006,
                                "Actual Total Time": 0.006,
                                "Actual Rows": 3,
                                "Actual Loops": 4168,
                                "Index Cond": "(mc.movie_id = t.id)"
                            }
                        ]
                    }
                ]
            }
        ]
    },
    "Planning Time": 4.111,
    "Triggers": [],
    "Execution Time": 1325.665
}