[
  {
    "Plan": {
      "Node Type": "Aggregate",
      "Strategy": "Plain",
      "Partial Mode": "Finalize",
      "Parallel Aware": false,
      "Startup Cost": 470041.4,
      "Total Cost": 470041.41,
      "Plan Rows": 1,
      "Plan Width": 8,
      "Actual Startup Time": 3879.203,
      "Actual Total Time": 3940.236,
      "Actual Rows": 1,
      "Actual Loops": 1,
      "Plans": [
        {
          "Node Type": "Gather",
          "Parent Relationship": "Outer",
          "Parallel Aware": false,
          "Startup Cost": 470040.77,
          "Total Cost": 470041.38,
          "Plan Rows": 6,
          "Plan Width": 8,
          "Actual Startup Time": 3859.038,
          "Actual Total Time": 3940.221,
          "Actual Rows": 7,
          "Actual Loops": 1,
          "Workers Planned": 6,
          "Workers Launched": 6,
          "Single Copy": false,
          "Plans": [
            {
              "Node Type": "Aggregate",
              "Strategy": "Plain",
              "Partial Mode": "Partial",
              "Parent Relationship": "Outer",
              "Parallel Aware": false,
              "Startup Cost": 469040.77,
              "Total Cost": 469040.78,
              "Plan Rows": 1,
              "Plan Width": 8,
              "Actual Startup Time": 3848.425,
              "Actual Total Time": 3849.047,
              "Actual Rows": 1,
              "Actual Loops": 7,
              "Plans": [
                {
                  "Node Type": "Hash Join",
                  "Parent Relationship": "Outer",
                  "Parallel Aware": true,
                  "Join Type": "Inner",
                  "Startup Cost": 96967.21,
                  "Total Cost": 464529.09,
                  "Plan Rows": 1804671,
                  "Plan Width": 0,
                  "Actual Startup Time": 540.802,
                  "Actual Total Time": 3264.341,
                  "Actual Rows": 12419771,
                  "Actual Loops": 7,
                  "Inner Unique": false,
                  "Hash Cond": "(ci.movie_id = t.id)",
                  "Plans": [
                    {
                      "Node Type": "Seq Scan",
                      "Parent Relationship": "Outer",
                      "Parallel Aware": true,
                      "Relation Name": "cast_info",
                      "Alias": "ci",
                      "Startup Cost": 0.0,
                      "Total Cost": 343257.03,
                      "Plan Rows": 4928890,
                      "Plan Width": 4,
                      "Actual Startup Time": 28.673,
                      "Actual Total Time": 778.07,
                      "Actual Rows": 4204360,
                      "Actual Loops": 7,
                      "Filter": "((person_id > 221292) AND (role_id < 10))",
                      "Rows Removed by Filter": 973403
                    },
                    {
                      "Node Type": "Hash",
                      "Parent Relationship": "Inner",
                      "Parallel Aware": true,
                      "Startup Cost": 93234.49,
                      "Total Cost": 93234.49,
                      "Plan Rows": 298617,
                      "Plan Width": 8,
                      "Actual Startup Time": 508.776,
                      "Actual Total Time": 509.396,
                      "Actual Rows": 330551,
                      "Actual Loops": 7,
                      "Hash Buckets": 4194304,
                      "Original Hash Buckets": 1048576,
                      "Hash Batches": 1,
                      "Original Hash Batches": 1,
                      "Peak Memory Usage": 147968,
                      "Plans": [
                        {
                          "Node Type": "Hash Join",
                          "Parent Relationship": "Outer",
                          "Parallel Aware": true,
                          "Join Type": "Inner",
                          "Startup Cost": 47554.04,
                          "Total Cost": 93234.49,
                          "Plan Rows": 298617,
                          "Plan Width": 8,
                          "Actual Startup Time": 136.205,
                          "Actual Total Time": 314.882,
                          "Actual Rows": 330551,
                          "Actual Loops": 7,
                          "Inner Unique": true,
                          "Hash Cond": "(mk.movie_id = t.id)",
                          "Plans": [
                            {
                              "Node Type": "Seq Scan",
                              "Parent Relationship": "Outer",
                              "Parallel Aware": true,
                              "Relation Name": "movie_keyword",
                              "Alias": "mk",
                              "Startup Cost": 0.0,
                              "Total Cost": 42695.65,
                              "Plan Rows": 1137068,
                              "Plan Width": 4,
                              "Actual Startup Time": 0.054,
                              "Actual Total Time": 89.133,
                              "Actual Rows": 502960,
                              "Actual Loops": 7,
                              "Filter": "(keyword_id > 957)",
                              "Rows Removed by Filter": 143315
                            },
                            {
                              "Node Type": "Hash",
                              "Parent Relationship": "Inner",
                              "Parallel Aware": true,
                              "Startup Cost": 45479.1,
                              "Total Cost": 45479.1,
                              "Plan Rows": 165995,
                              "Plan Width": 4,
                              "Actual Startup Time": 134.647,
                              "Actual Total Time": 134.65,
                              "Actual Rows": 96791,
                              "Actual Loops": 7,
                              "Hash Buckets": 1048576,
                              "Original Hash Buckets": 1048576,
                              "Hash Batches": 1,
                              "Original Hash Batches": 1,
                              "Peak Memory Usage": 34784,
                              "Plans": [
                                {
                                  "Node Type": "Seq Scan",
                                  "Parent Relationship": "Outer",
                                  "Parallel Aware": true,
                                  "Relation Name": "title",
                                  "Alias": "t",
                                  "Startup Cost": 0.0,
                                  "Total Cost": 45479.1,
                                  "Plan Rows": 165995,
                                  "Plan Width": 4,
                                  "Actual Startup Time": 0.048,
                                  "Actual Total Time": 83.219,
                                  "Actual Rows": 96791,
                                  "Actual Loops": 7,
                                  "Filter": "((kind_id < 3) AND (production_year < 2012))",
                                  "Rows Removed by Filter": 264397
                                }
                              ]
                            }
                          ]
                        }
                      ]
                    }
                  ]
                }
              ]
            }
          ]
        }
      ]
    },
    "Planning Time": 1.396,
    "Triggers": [],
    "Execution Time": 3940.331
  }
]