{
  "Plan": {
    "Node Type": "Aggregate",
    "Strategy": "Plain",
    "Partial Mode": "Finalize",
    "Parallel Aware": false,
    "Startup Cost": 112020.9,
    "Total Cost": 112020.91,
    "Plan Rows": 1,
    "Plan Width": 8,
    "Actual Startup Time": 411.903,
    "Actual Total Time": 426.144,
    "Actual Rows": 1,
    "Actual Loops": 1,
    "Plans": [
      {
        "Node Type": "Gather",
        "Parent Relationship": "Outer",
        "Parallel Aware": false,
        "Startup Cost": 112020.79,
        "Total Cost": 112020.9,
        "Plan Rows": 1,
        "Plan Width": 8,
        "Actual Startup Time": 411.645,
        "Actual Total Time": 426.134,
        "Actual Rows": 2,
        "Actual Loops": 1,
        "Workers Planned": 1,
        "Workers Launched": 1,
        "Single Copy": false,
        "Plans": [
          {
            "Node Type": "Aggregate",
            "Strategy": "Plain",
            "Partial Mode": "Partial",
            "Parent Relationship": "Outer",
            "Parallel Aware": false,
            "Startup Cost": 111020.79,
            "Total Cost": 111020.8,
            "Plan Rows": 1,
            "Plan Width": 8,
            "Actual Startup Time": 405.252,
            "Actual Total Time": 405.258,
            "Actual Rows": 1,
            "Actual Loops": 2,
            "Plans": [
              {
                "Node Type": "Nested Loop",
                "Parent Relationship": "Outer",
                "Parallel Aware": false,
                "Join Type": "Inner",
                "Startup Cost": 76937.94,
                "Total Cost": 111014.07,
                "Plan Rows": 2688,
                "Plan Width": 0,
                "Actual Startup Time": 240.753,
                "Actual Total Time": 405.162,
                "Actual Rows": 893,
                "Actual Loops": 2,
                "Inner Unique": false,
                "Join Filter": "(t.id = mc.movie_id)",
                "Rows Removed by Join Filter": 0,
                "Plans": [
                  {
                    "Node Type": "Hash Join",
                    "Parent Relationship": "Outer",
                    "Parallel Aware": true,
                    "Join Type": "Inner",
                    "Startup Cost": 76937.51,
                    "Total Cost": 109166.31,
                    "Plan Rows": 2604,
                    "Plan Width": 8,
                    "Actual Startup Time": 240.626,
                    "Actual Total Time": 401.773,
                    "Actual Rows": 680,
                    "Actual Loops": 2,
                    "Inner Unique": true,
                    "Hash Cond": "(mk.movie_id = t.id)",
                    "Plans": [
                      {
                        "Node Type": "Bitmap Heap Scan",
                        "Parent Relationship": "Outer",
                        "Parallel Aware": true,
                        "Relation Name": "movie_keyword",
                        "Alias": "mk",
                        "Startup Cost": 18536.86,
                        "Total Cost": 49416.32,
                        "Plan Rows": 514036,
                        "Plan Width": 4,
                        "Actual Startup Time": 73.296,
                        "Actual Total Time": 188.102,
                        "Actual Rows": 435818,
                        "Actual Loops": 2,
                        "Recheck Cond": "(keyword_id > 21179)",
                        "Rows Removed by Index Recheck": 0,
                        "Exact Heap Blocks": 11206,
                        "Lossy Heap Blocks": 0,
                        "Plans": [
                          {
                            "Node Type": "Bitmap Index Scan",
                            "Parent Relationship": "Outer",
                            "Parallel Aware": false,
                            "Index Name": "keyword_id_movie_keyword",
                            "Startup Cost": 0.0,
                            "Total Cost": 18318.4,
                            "Plan Rows": 873862,
                            "Plan Width": 0,
                            "Actual Startup Time": 67.496,
                            "Actual Total Time": 67.497,
                            "Actual Rows": 871635,
                            "Actual Loops": 1,
                            "Index Cond": "(keyword_id > 21179)"
                          }
                        ]
                      },
                      {
                        "Node Type": "Hash",
                        "Parent Relationship": "Inner",
                        "Parallel Aware": true,
                        "Startup Cost": 58306.47,
                        "Total Cost": 58306.47,
                        "Plan Rows": 7534,
                        "Plan Width": 4,
                        "Actual Startup Time": 165.361,
                        "Actual Total Time": 165.362,
                        "Actual Rows": 5794,
                        "Actual Loops": 2,
                        "Hash Buckets": 16384,
                        "Original Hash Buckets": 16384,
                        "Hash Batches": 1,
                        "Original Hash Batches": 1,
                        "Peak Memory Usage": 640,
                        "Plans": [
                          {
                            "Node Type": "Seq Scan",
                            "Parent Relationship": "Outer",
                            "Parallel Aware": true,
                            "Relation Name": "title",
                            "Alias": "t",
                            "Startup Cost": 0.0,
                            "Total Cost": 58306.47,
                            "Plan Rows": 7534,
                            "Plan Width": 4,
                            "Actual Startup Time": 0.09,
                            "Actual Total Time": 162.55,
                            "Actual Rows": 5794,
                            "Actual Loops": 2,
                            "Filter": "((kind_id = 7) AND (production_year = 1986))",
                            "Rows Removed by Filter": 1258362
                          }
                        ]
                      }
                    ]
                  },
                  {
                    "Node Type": "Index Only Scan",
                    "Parent Relationship": "Inner",
                    "Parallel Aware": false,
                    "Scan Direction": "Forward",
                    "Index Name": "movie_id_movie_companies",
                    "Relation Name": "movie_companies",
                    "Alias": "mc",
                    "Startup Cost": 0.43,
                    "Total Cost": 0.65,
                    "Plan Rows": 5,
                    "Plan Width": 4,
                    "Actual Startup Time": 0.004,
                    "Actual Total Time": 0.004,
                    "Actual Rows": 1,
                    "Actual Loops": 1361,
                    "Index Cond": "(movie_id = mk.movie_id)",
                    "Rows Removed by Index Recheck": 0,
                    "Heap Fetches": 1786
                  }
                ]
              }
            ]
          }
        ]
      }
    ]
  },
  "Planning Time": 1.012,
  "Triggers": [],
  "Execution Time": 426.256
}