{
    "Plan": {
        "Node Type": "Aggregate",
        "Strategy": "Plain",
        "Partial Mode": "Finalize",
        "Parallel Aware": false,
        "Startup Cost": 408008.6,
        "Total Cost": 408008.61,
        "Plan Rows": 1,
        "Plan Width": 8,
        "Actual Startup Time": 2899.083,
        "Actual Total Time": 3009.49,
        "Actual Rows": 1,
        "Actual Loops": 1,
        "Output": [
            "count(*)"
        ],
        "Plans": [
            {
                "Node Type": "Gather",
                "Parent Relationship": "Outer",
                "Parallel Aware": false,
                "Startup Cost": 408008.08,
                "Total Cost": 408008.59,
                "Plan Rows": 5,
                "Plan Width": 8,
                "Actual Startup Time": 2897.757,
                "Actual Total Time": 3009.48,
                "Actual Rows": 6,
                "Actual Loops": 1,
                "Output": [
                    "(PARTIAL count(*))"
                ],
                "Workers Planned": 5,
                "Workers Launched": 5,
                "Single Copy": false,
                "Plans": [
                    {
                        "Node Type": "Aggregate",
                        "Strategy": "Plain",
                        "Partial Mode": "Partial",
                        "Parent Relationship": "Outer",
                        "Parallel Aware": false,
                        "Startup Cost": 407008.08,
                        "Total Cost": 407008.09,
                        "Plan Rows": 1,
                        "Plan Width": 8,
                        "Actual Startup Time": 2887.647,
                        "Actual Total Time": 2887.651,
                        "Actual Rows": 1,
                        "Actual Loops": 6,
                        "Output": [
                            "PARTIAL count(*)"
                        ],
                        "Workers": [
                            {
                                "Worker Number": 0,
                                "Actual Startup Time": 2884.567,
                                "Actual Total Time": 2884.572,
                                "Actual Rows": 1,
                                "Actual Loops": 1
                            },
                            {
                                "Worker Number": 1,
                                "Actual Startup Time": 2884.652,
                                "Actual Total Time": 2884.656,
                                "Actual Rows": 1,
                                "Actual Loops": 1
                            },
                            {
                                "Worker Number": 2,
                                "Actual Startup Time": 2885.067,
                                "Actual Total Time": 2885.071,
                                "Actual Rows": 1,
                                "Actual Loops": 1
                            },
                            {
                                "Worker Number": 3,
                                "Actual Startup Time": 2889.068,
                                "Actual Total Time": 2889.072,
                                "Actual Rows": 1,
                                "Actual Loops": 1
                            },
                            {
                                "Worker Number": 4,
                                "Actual Startup Time": 2885.662,
                                "Actual Total Time": 2885.668,
                                "Actual Rows": 1,
                                "Actual Loops": 1
                            }
                        ],
                        "Plans": [
                            {
                                "Node Type": "Nested Loop",
                                "Parent Relationship": "Outer",
                                "Parallel Aware": false,
                                "Join Type": "Inner",
                                "Startup Cost": 44416.03,
                                "Total Cost": 404115.89,
                                "Plan Rows": 1156877,
                                "Plan Width": 0,
                                "Actual Startup Time": 126.943,
                                "Actual Total Time": 2770.654,
                                "Actual Rows": 1942725,
                                "Actual Loops": 6,
                                "Inner Unique": false,
                                "Join Filter": "(t.id = ci.movie_id)",
                                "Rows Removed by Join Filter": 0,
                                "Workers": [
                                    {
                                        "Worker Number": 0,
                                        "Actual Startup Time": 123.874,
                                        "Actual Total Time": 2770.402,
                                        "Actual Rows": 2231614,
                                        "Actual Loops": 1
                                    },
                                    {
                                        "Worker Number": 1,
                                        "Actual Startup Time": 123.838,
                                        "Actual Total Time": 2769.229,
                                        "Actual Rows": 2069804,
                                        "Actual Loops": 1
                                    },
                                    {
                                        "Worker Number": 2,
                                        "Actual Startup Time": 124.446,
                                        "Actual Total Time": 2775.952,
                                        "Actual Rows": 1671674,
                                        "Actual Loops": 1
                                    },
                                    {
                                        "Worker Number": 3,
                                        "Actual Startup Time": 128.348,
                                        "Actual Total Time": 2777.357,
                                        "Actual Rows": 1713693,
                                        "Actual Loops": 1
                                    },
                                    {
                                        "Worker Number": 4,
                                        "Actual Startup Time": 125.215,
                                        "Actual Total Time": 2766.027,
                                        "Actual Rows": 1761414,
                                        "Actual Loops": 1
                                    }
                                ],
                                "Plans": [
                                    {
                                        "Node Type": "Hash Join",
                                        "Parent Relationship": "Outer",
                                        "Parallel Aware": true,
                                        "Join Type": "Inner",
                                        "Startup Cost": 44415.47,
                                        "Total Cost": 246536.25,
                                        "Plan Rows": 80682,
                                        "Plan Width": 8,
                                        "Actual Startup Time": 126.811,
                                        "Actual Total Time": 682.27,
                                        "Actual Rows": 49894,
                                        "Actual Loops": 6,
                                        "Output": [
                                            "t.id",
                                            "mi.movie_id"
                                        ],
                                        "Inner Unique": true,
                                        "Hash Cond": "(mi.movie_id = t.id)",
                                        "Workers": [
                                            {
                                                "Worker Number": 0,
                                                "Actual Startup Time": 123.755,
                                                "Actual Total Time": 672.252,
                                                "Actual Rows": 51918,
                                                "Actual Loops": 1
                                            },
                                            {
                                                "Worker Number": 1,
                                                "Actual Startup Time": 123.701,
                                                "Actual Total Time": 673.683,
                                                "Actual Rows": 49698,
                                                "Actual Loops": 1
                                            },
                                            {
                                                "Worker Number": 2,
                                                "Actual Startup Time": 124.208,
                                                "Actual Total Time": 684.157,
                                                "Actual Rows": 45262,
                                                "Actual Loops": 1
                                            },
                                            {
                                                "Worker Number": 3,
                                                "Actual Startup Time": 128.206,
                                                "Actual Total Time": 659.382,
                                                "Actual Rows": 44023,
                                                "Actual Loops": 1
                                            },
                                            {
                                                "Worker Number": 4,
                                                "Actual Startup Time": 125.095,
                                                "Actual Total Time": 686.003,
                                                "Actual Rows": 47322,
                                                "Actual Loops": 1
                                            }
                                        ],
                                        "Plans": [
                                            {
                                                "Node Type": "Seq Scan",
                                                "Parent Relationship": "Outer",
                                                "Parallel Aware": true,
                                                "Relation Name": "movie_info",
                                                "Schema": "public",
                                                "Alias": "mi",
                                                "Startup Cost": 0.0,
                                                "Total Cost": 198880.74,
                                                "Plan Rows": 1234303,
                                                "Plan Width": 4,
                                                "Actual Startup Time": 21.773,
                                                "Actual Total Time": 353.381,
                                                "Actual Rows": 1037249,
                                                "Actual Loops": 6,
                                                "Output": [
                                                    "mi.id",
                                                    "mi.movie_id",
                                                    "mi.info_type_id",
                                                    "mi.info",
                                                    "mi.note"
                                                ],
                                                "Filter": "(mi.info_type_id > 8)",
                                                "Rows Removed by Filter": 1435371,
                                                "Workers": [
                                                    {
                                                        "Worker Number": 0,
                                                        "Actual Startup Time": 21.735,
                                                        "Actual Total Time": 351.982,
                                                        "Actual Rows": 1130807,
                                                        "Actual Loops": 1
                                                    },
                                                    {
                                                        "Worker Number": 1,
                                                        "Actual Startup Time": 21.878,
                                                        "Actual Total Time": 355.162,
                                                        "Actual Rows": 1055971,
                                                        "Actual Loops": 1
                                                    },
                                                    {
                                                        "Worker Number": 2,
                                                        "Actual Startup Time": 21.842,
                                                        "Actual Total Time": 361.121,
                                                        "Actual Rows": 949305,
                                                        "Actual Loops": 1
                                                    },
                                                    {
                                                        "Worker Number": 3,
                                                        "Actual Startup Time": 21.736,
                                                        "Actual Total Time": 346.802,
                                                        "Actual Rows": 869582,
                                                        "Actual Loops": 1
                                                    },
                                                    {
                                                        "Worker Number": 4,
                                                        "Actual Startup Time": 21.743,
                                                        "Actual Total Time": 361.931,
                                                        "Actual Rows": 970689,
                                                        "Actual Loops": 1
                                                    }
                                                ]
                                            },
                                            {
                                                "Node Type": "Hash",
                                                "Parent Relationship": "Inner",
                                                "Parallel Aware": true,
                                                "Startup Cost": 43899.01,
                                                "Total Cost": 43899.01,
                                                "Plan Rows": 41317,
                                                "Plan Width": 4,
                                                "Actual Startup Time": 102.941,
                                                "Actual Total Time": 102.943,
                                                "Actual Rows": 27384,
                                                "Actual Loops": 6,
                                                "Output": [
                                                    "t.id"
                                                ],
                                                "Hash Buckets": 262144,
                                                "Original Hash Buckets": 262144,
                                                "Hash Batches": 1,
                                                "Original Hash Batches": 1,
                                                "Peak Memory Usage": 8576,
                                                "Workers": [
                                                    {
                                                        "Worker Number": 0,
                                                        "Actual Startup Time": 101.275,
                                                        "Actual Total Time": 101.276,
                                                        "Actual Rows": 24561,
                                                        "Actual Loops": 1
                                                    },
                                                    {
                                                        "Worker Number": 1,
                                                        "Actual Startup Time": 101.457,
                                                        "Actual Total Time": 101.459,
                                                        "Actual Rows": 24985,
                                                        "Actual Loops": 1
                                                    },
                                                    {
                                                        "Worker Number": 2,
                                                        "Actual Startup Time": 101.568,
                                                        "Actual Total Time": 101.57,
                                                        "Actual Rows": 23225,
                                                        "Actual Loops": 1
                                                    },
                                                    {
                                                        "Worker Number": 3,
                                                        "Actual Startup Time": 105.907,
                                                        "Actual Total Time": 105.909,
                                                        "Actual Rows": 24519,
                                                        "Actual Loops": 1
                                                    },
                                                    {
                                                        "Worker Number": 4,
                                                        "Actual Startup Time": 102.322,
                                                        "Actual Total Time": 102.323,
                                                        "Actual Rows": 25702,
                                                        "Actual Loops": 1
                                                    }
                                                ],
                                                "Plans": [
                                                    {
                                                        "Node Type": "Seq Scan",
                                                        "Parent Relationship": "Outer",
                                                        "Parallel Aware": true,
                                                        "Relation Name": "title",
                                                        "Schema": "public",
                                                        "Alias": "t",
                                                        "Startup Cost": 0.0,
                                                        "Total Cost": 43899.01,
                                                        "Plan Rows": 41317,
                                                        "Plan Width": 4,
                                                        "Actual Startup Time": 0.06,
                                                        "Actual Total Time": 88.291,
                                                        "Actual Rows": 27384,
                                                        "Actual Loops": 6,
                                                        "Output": [
                                                            "t.id"
                                                        ],
                                                        "Filter": "(t.production_year = 2012)",
                                                        "Rows Removed by Filter": 394001,
                                                        "Workers": [
                                                            {
                                                                "Worker Number": 0,
                                                                "Actual Startup Time": 0.065,
                                                                "Actual Total Time": 88.298,
                                                                "Actual Rows": 24561,
                                                                "Actual Loops": 1
                                                            },
                                                            {
                                                                "Worker Number": 1,
                                                                "Actual Startup Time": 0.073,
                                                                "Actual Total Time": 87.858,
                                                                "Actual Rows": 24985,
                                                                "Actual Loops": 1
                                                            },
                                                            {
                                                                "Worker Number": 2,
                                                                "Actual Startup Time": 0.075,
                                                                "Actual Total Time": 87.411,
                                                                "Actual Rows": 23225,
                                                                "Actual Loops": 1
                                                            },
                                                            {
                                                                "Worker Number": 3,
                                                                "Actual Startup Time": 0.049,
                                                                "Actual Total Time": 90.022,
                                                                "Actual Rows": 24519,
                                                                "Actual Loops": 1
                                                            },
                                                            {
                                                                "Worker Number": 4,
                                                                "Actual Startup Time": 0.074,
                                                                "Actual Total Time": 89.148,
                                                                "Actual Rows": 25702,
                                                                "Actual Loops": 1
                                                            }
                                                        ]
                                                    }
                                                ]
                                            }
                                        ]
                                    },
                                    {
                                        "Node Type": "Index Only Scan",
                                        "Parent Relationship": "Inner",
                                        "Parallel Aware": false,
                                        "Scan Direction": "Forward",
                                        "Index Name": "movie_id_cast_info",
                                        "Relation Name": "cast_info",
                                        "Schema": "public",
                                        "Alias": "ci",
                                        "Startup Cost": 0.56,
                                        "Total Cost": 1.48,
                                        "Plan Rows": 38,
                                        "Plan Width": 4,
                                        "Actual Startup Time": 0.007,
                                        "Actual Total Time": 0.037,
                                        "Actual Rows": 39,
                                        "Actual Loops": 299366,
                                        "Output": [
                                            "ci.movie_id"
                                        ],
                                        "Index Cond": "(ci.movie_id = mi.movie_id)",
                                        "Rows Removed by Index Recheck": 0,
                                        "Heap Fetches": 11656349,
                                        "Workers": [
                                            {
                                                "Worker Number": 0,
                                                "Actual Startup Time": 0.007,
                                                "Actual Total Time": 0.036,
                                                "Actual Rows": 43,
                                                "Actual Loops": 51918
                                            },
                                            {
                                                "Worker Number": 1,
                                                "Actual Startup Time": 0.007,
                                                "Actual Total Time": 0.037,
                                                "Actual Rows": 42,
                                                "Actual Loops": 49698
                                            },
                                            {
                                                "Worker Number": 2,
                                                "Actual Startup Time": 0.007,
                                                "Actual Total Time": 0.041,
                                                "Actual Rows": 37,
                                                "Actual Loops": 45262
                                            },
                                            {
                                                "Worker Number": 3,
                                                "Actual Startup Time": 0.008,
                                                "Actual Total Time": 0.043,
                                                "Actual Rows": 39,
                                                "Actual Loops": 44023
                                            },
                                            {
                                                "Worker Number": 4,
                                                "Actual Startup Time": 0.007,
                                                "Actual Total Time": 0.039,
                                                "Actual Rows": 37,
                                                "Actual Loops": 47322
                                            }
                                        ]
                                    }
                                ]
                            }
                        ]
                    }
                ]
            }
        ]
    },
    "Planning Time": 1.557,
    "Triggers": [],
    "Execution Time": 3009.609
}