[
  {
    "Plan": {
      "Node Type": "Aggregate",
      "Strategy": "Plain",
      "Partial Mode": "Finalize",
      "Parallel Aware": false,
      "Startup Cost": 454666.79,
      "Total Cost": 454666.8,
      "Plan Rows": 1,
      "Plan Width": 8,
      "Actual Startup Time": 1790.29,
      "Actual Total Time": 1853.337,
      "Actual Rows": 1,
      "Actual Loops": 1,
      "Plans": [
        {
          "Node Type": "Gather",
          "Parent Relationship": "Outer",
          "Parallel Aware": false,
          "Startup Cost": 454666.16,
          "Total Cost": 454666.77,
          "Plan Rows": 6,
          "Plan Width": 8,
          "Actual Startup Time": 1781.573,
          "Actual Total Time": 1853.325,
          "Actual Rows": 7,
          "Actual Loops": 1,
          "Workers Planned": 6,
          "Workers Launched": 6,
          "Single Copy": false,
          "Plans": [
            {
              "Node Type": "Aggregate",
              "Strategy": "Plain",
              "Partial Mode": "Partial",
              "Parent Relationship": "Outer",
              "Parallel Aware": false,
              "Startup Cost": 453666.16,
              "Total Cost": 453666.17,
              "Plan Rows": 1,
              "Plan Width": 8,
              "Actual Startup Time": 1770.431,
              "Actual Total Time": 1770.57,
              "Actual Rows": 1,
              "Actual Loops": 7,
              "Plans": [
                {
                  "Node Type": "Hash Join",
                  "Parent Relationship": "Outer",
                  "Parallel Aware": true,
                  "Join Type": "Inner",
                  "Startup Cost": 92634.92,
                  "Total Cost": 451268.61,
                  "Plan Rows": 959022,
                  "Plan Width": 0,
                  "Actual Startup Time": 448.197,
                  "Actual Total Time": 1614.932,
                  "Actual Rows": 3919142,
                  "Actual Loops": 7,
                  "Inner Unique": false,
                  "Hash Cond": "(ci.movie_id = t.id)",
                  "Plans": [
                    {
                      "Node Type": "Seq Scan",
                      "Parent Relationship": "Outer",
                      "Parallel Aware": true,
                      "Relation Name": "cast_info",
                      "Alias": "ci",
                      "Startup Cost": 0.0,
                      "Total Cost": 343257.03,
                      "Plan Rows": 3275478,
                      "Plan Width": 4,
                      "Actual Startup Time": 150.646,
                      "Actual Total Time": 635.146,
                      "Actual Rows": 2643808,
                      "Actual Loops": 7,
                      "Filter": "((person_id > 1347142) AND (role_id < 10))",
                      "Rows Removed by Filter": 2533956
                    },
                    {
                      "Node Type": "Hash",
                      "Parent Relationship": "Inner",
                      "Parallel Aware": true,
                      "Startup Cost": 89650.02,
                      "Total Cost": 89650.02,
                      "Plan Rows": 238792,
                      "Plan Width": 8,
                      "Actual Startup Time": 294.139,
                      "Actual Total Time": 294.276,
                      "Actual Rows": 163138,
                      "Actual Loops": 7,
                      "Hash Buckets": 2097152,
                      "Original Hash Buckets": 1048576,
                      "Hash Batches": 1,
                      "Original Hash Batches": 1,
                      "Peak Memory Usage": 69408,
                      "Plans": [
                        {
                          "Node Type": "Hash Join",
                          "Parent Relationship": "Outer",
                          "Parallel Aware": true,
                          "Join Type": "Inner",
                          "Startup Cost": 46771.94,
                          "Total Cost": 89650.02,
                          "Plan Rows": 238792,
                          "Plan Width": 8,
                          "Actual Startup Time": 100.758,
                          "Actual Total Time": 227.426,
                          "Actual Rows": 163138,
                          "Actual Loops": 7,
                          "Inner Unique": true,
                          "Hash Cond": "(mk.movie_id = t.id)",
                          "Plans": [
                            {
                              "Node Type": "Seq Scan",
                              "Parent Relationship": "Outer",
                              "Parallel Aware": true,
                              "Relation Name": "movie_keyword",
                              "Alias": "mk",
                              "Startup Cost": 0.0,
                              "Total Cost": 39047.32,
                              "Plan Rows": 1459332,
                              "Plan Width": 4,
                              "Actual Startup Time": 0.028,
                              "Actual Total Time": 55.98,
                              "Actual Rows": 646276,
                              "Actual Loops": 7
                            },
                            {
                              "Node Type": "Hash",
                              "Parent Relationship": "Inner",
                              "Parallel Aware": true,
                              "Startup Cost": 45479.1,
                              "Total Cost": 45479.1,
                              "Plan Rows": 103427,
                              "Plan Width": 4,
                              "Actual Startup Time": 99.785,
                              "Actual Total Time": 99.787,
                              "Actual Rows": 46173,
                              "Actual Loops": 7,
                              "Hash Buckets": 524288,
                              "Original Hash Buckets": 524288,
                              "Hash Batches": 1,
                              "Original Hash Batches": 1,
                              "Peak Memory Usage": 16864,
                              "Plans": [
                                {
                                  "Node Type": "Seq Scan",
                                  "Parent Relationship": "Outer",
                                  "Parallel Aware": true,
                                  "Relation Name": "title",
                                  "Alias": "t",
                                  "Startup Cost": 0.0,
                                  "Total Cost": 45479.1,
                                  "Plan Rows": 103427,
                                  "Plan Width": 4,
                                  "Actual Startup Time": 0.056,
                                  "Actual Total Time": 76.161,
                                  "Actual Rows": 46173,
                                  "Actual Loops": 7,
                                  "Filter": "((kind_id < 3) AND (production_year > 2000))",
                                  "Rows Removed by Filter": 315015
                                }
                              ]
                            }
                          ]
                        }
                      ]
                    }
                  ]
                }
              ]
            }
          ]
        }
      ]
    },
    "Planning Time": 1.399,
    "Triggers": [],
    "Execution Time": 1853.442
  }
]