[
  {
    "Plan": {
      "Node Type": "Aggregate",
      "Strategy": "Plain",
      "Partial Mode": "Finalize",
      "Parallel Aware": false,
      "Startup Cost": 156933.97,
      "Total Cost": 156933.98,
      "Plan Rows": 1,
      "Plan Width": 8,
      "Actual Startup Time": 234.411,
      "Actual Total Time": 254.447,
      "Actual Rows": 1,
      "Actual Loops": 1,
      "Plans": [
        {
          "Node Type": "Gather",
          "Parent Relationship": "Outer",
          "Parallel Aware": false,
          "Startup Cost": 156933.45,
          "Total Cost": 156933.96,
          "Plan Rows": 5,
          "Plan Width": 8,
          "Actual Startup Time": 234.279,
          "Actual Total Time": 254.435,
          "Actual Rows": 6,
          "Actual Loops": 1,
          "Workers Planned": 5,
          "Workers Launched": 5,
          "Single Copy": false,
          "Plans": [
            {
              "Node Type": "Aggregate",
              "Strategy": "Plain",
              "Partial Mode": "Partial",
              "Parent Relationship": "Outer",
              "Parallel Aware": false,
              "Startup Cost": 155933.45,
              "Total Cost": 155933.46,
              "Plan Rows": 1,
              "Plan Width": 8,
              "Actual Startup Time": 223.718,
              "Actual Total Time": 223.72,
              "Actual Rows": 1,
              "Actual Loops": 6,
              "Plans": [
                {
                  "Node Type": "Index Scan",
                  "Parent Relationship": "Outer",
                  "Parallel Aware": true,
                  "Scan Direction": "Forward",
                  "Index Name": "role_id_cast_info",
                  "Relation Name": "cast_info",
                  "Alias": "ci",
                  "Startup Cost": 0.56,
                  "Total Cost": 155872.35,
                  "Plan Rows": 24440,
                  "Plan Width": 0,
                  "Actual Startup Time": 171.412,
                  "Actual Total Time": 217.754,
                  "Actual Rows": 121022,
                  "Actual Loops": 6,
                  "Index Cond": "(role_id > 8)",
                  "Rows Removed by Index Recheck": 0,
                  "Filter": "(person_id > 3922612)",
                  "Rows Removed by Filter": 834427
                }
              ]
            }
          ]
        }
      ]
    },
    "Planning Time": 0.209,
    "Triggers": [],
    "Execution Time": 254.511
  }
]