[
  {
    "Plan": {
      "Node Type": "Aggregate",
      "Strategy": "Plain",
      "Partial Mode": "Finalize",
      "Parallel Aware": false,
      "Startup Cost": 437564.85,
      "Total Cost": 437564.86,
      "Plan Rows": 1,
      "Plan Width": 8,
      "Actual Startup Time": 2493.589,
      "Actual Total Time": 2548.471,
      "Actual Rows": 1,
      "Actual Loops": 1,
      "Plans": [
        {
          "Node Type": "Gather",
          "Parent Relationship": "Outer",
          "Parallel Aware": false,
          "Startup Cost": 437564.23,
          "Total Cost": 437564.84,
          "Plan Rows": 6,
          "Plan Width": 8,
          "Actual Startup Time": 2470.521,
          "Actual Total Time": 2548.46,
          "Actual Rows": 7,
          "Actual Loops": 1,
          "Workers Planned": 6,
          "Workers Launched": 6,
          "Single Copy": false,
          "Plans": [
            {
              "Node Type": "Aggregate",
              "Strategy": "Plain",
              "Partial Mode": "Partial",
              "Parent Relationship": "Outer",
              "Parallel Aware": false,
              "Startup Cost": 436564.23,
              "Total Cost": 436564.24,
              "Plan Rows": 1,
              "Plan Width": 8,
              "Actual Startup Time": 2455.236,
              "Actual Total Time": 2455.243,
              "Actual Rows": 1,
              "Actual Loops": 7,
              "Plans": [
                {
                  "Node Type": "Hash Join",
                  "Parent Relationship": "Outer",
                  "Parallel Aware": true,
                  "Join Type": "Inner",
                  "Startup Cost": 85332.17,
                  "Total Cost": 432363.47,
                  "Plan Rows": 1680302,
                  "Plan Width": 0,
                  "Actual Startup Time": 646.806,
                  "Actual Total Time": 2292.449,
                  "Actual Rows": 3527796,
                  "Actual Loops": 7,
                  "Inner Unique": false,
                  "Hash Cond": "(ci.movie_id = t.id)",
                  "Plans": [
                    {
                      "Node Type": "Seq Scan",
                      "Parent Relationship": "Outer",
                      "Parallel Aware": true,
                      "Relation Name": "cast_info",
                      "Alias": "ci",
                      "Startup Cost": 0.0,
                      "Total Cost": 328211.39,
                      "Plan Rows": 3573222,
                      "Plan Width": 4,
                      "Actual Startup Time": 156.129,
                      "Actual Total Time": 630.626,
                      "Actual Rows": 3043868,
                      "Actual Loops": 7,
                      "Filter": "(person_id > 1474565)",
                      "Rows Removed by Filter": 2133895
                    },
                    {
                      "Node Type": "Hash",
                      "Parent Relationship": "Inner",
                      "Parallel Aware": true,
                      "Startup Cost": 80537.87,
                      "Total Cost": 80537.87,
                      "Plan Rows": 383544,
                      "Plan Width": 8,
                      "Actual Startup Time": 485.556,
                      "Actual Total Time": 485.56,
                      "Actual Rows": 171190,
                      "Actual Loops": 7,
                      "Hash Buckets": 2097152,
                      "Original Hash Buckets": 2097152,
                      "Hash Batches": 1,
                      "Original Hash Batches": 1,
                      "Peak Memory Usage": 63392,
                      "Plans": [
                        {
                          "Node Type": "Hash Join",
                          "Parent Relationship": "Outer",
                          "Parallel Aware": true,
                          "Join Type": "Inner",
                          "Startup Cost": 50220.38,
                          "Total Cost": 80537.87,
                          "Plan Rows": 383544,
                          "Plan Width": 8,
                          "Actual Startup Time": 278.437,
                          "Actual Total Time": 404.941,
                          "Actual Rows": 171190,
                          "Actual Loops": 7,
                          "Inner Unique": true,
                          "Hash Cond": "(mc.movie_id = t.id)",
                          "Plans": [
                            {
                              "Node Type": "Seq Scan",
                              "Parent Relationship": "Outer",
                              "Parallel Aware": true,
                              "Relation Name": "movie_companies",
                              "Alias": "mc",
                              "Startup Cost": 0.0,
                              "Total Cost": 29310.68,
                              "Plan Rows": 383544,
                              "Plan Width": 4,
                              "Actual Startup Time": 0.019,
                              "Actual Total Time": 49.835,
                              "Actual Rows": 171190,
                              "Actual Loops": 7,
                              "Filter": "(company_id < 10771)",
                              "Rows Removed by Filter": 201542
                            },
                            {
                              "Node Type": "Hash",
                              "Parent Relationship": "Inner",
                              "Parallel Aware": true,
                              "Startup Cost": 42319.06,
                              "Total Cost": 42319.06,
                              "Plan Rows": 632106,
                              "Plan Width": 4,
                              "Actual Startup Time": 274.367,
                              "Actual Total Time": 274.368,
                              "Actual Rows": 361187,
                              "Actual Loops": 7,
                              "Hash Buckets": 4194304,
                              "Original Hash Buckets": 4194304,
                              "Hash Batches": 1,
                              "Original Hash Batches": 1,
                              "Peak Memory Usage": 131776,
                              "Plans": [
                                {
                                  "Node Type": "Seq Scan",
                                  "Parent Relationship": "Outer",
                                  "Parallel Aware": true,
                                  "Relation Name": "title",
                                  "Alias": "t",
                                  "Startup Cost": 0.0,
                                  "Total Cost": 42319.06,
                                  "Plan Rows": 632106,
                                  "Plan Width": 4,
                                  "Actual Startup Time": 0.069,
                                  "Actual Total Time": 80.004,
                                  "Actual Rows": 361187,
                                  "Actual Loops": 7
                                }
                              ]
                            }
                          ]
                        }
                      ]
                    }
                  ]
                }
              ]
            }
          ]
        }
      ]
    },
    "Planning Time": 1.19,
    "Triggers": [],
    "Execution Time": 2548.552
  }
]