[
  {
    "Plan": {
      "Node Type": "Aggregate",
      "Strategy": "Plain",
      "Partial Mode": "Finalize",
      "Parallel Aware": false,
      "Startup Cost": 584030.31,
      "Total Cost": 584030.32,
      "Plan Rows": 1,
      "Plan Width": 8,
      "Actual Startup Time": 2140.292,
      "Actual Total Time": 2262.863,
      "Actual Rows": 1,
      "Actual Loops": 1,
      "Plans": [
        {
          "Node Type": "Gather",
          "Parent Relationship": "Outer",
          "Parallel Aware": false,
          "Startup Cost": 584029.78,
          "Total Cost": 584030.29,
          "Plan Rows": 5,
          "Plan Width": 8,
          "Actual Startup Time": 2118.863,
          "Actual Total Time": 2262.832,
          "Actual Rows": 6,
          "Actual Loops": 1,
          "Workers Planned": 5,
          "Workers Launched": 5,
          "Single Copy": false,
          "Plans": [
            {
              "Node Type": "Aggregate",
              "Strategy": "Plain",
              "Partial Mode": "Partial",
              "Parent Relationship": "Outer",
              "Parallel Aware": false,
              "Startup Cost": 583029.78,
              "Total Cost": 583029.79,
              "Plan Rows": 1,
              "Plan Width": 8,
              "Actual Startup Time": 2110.598,
              "Actual Total Time": 2110.848,
              "Actual Rows": 1,
              "Actual Loops": 6,
              "Plans": [
                {
                  "Node Type": "Hash Join",
                  "Parent Relationship": "Outer",
                  "Parallel Aware": true,
                  "Join Type": "Inner",
                  "Startup Cost": 377630.05,
                  "Total Cost": 581942.79,
                  "Plan Rows": 434798,
                  "Plan Width": 0,
                  "Actual Startup Time": 1291.788,
                  "Actual Total Time": 2073.652,
                  "Actual Rows": 625646,
                  "Actual Loops": 6,
                  "Inner Unique": false,
                  "Hash Cond": "(mi.movie_id = t.id)",
                  "Plans": [
                    {
                      "Node Type": "Seq Scan",
                      "Parent Relationship": "Outer",
                      "Parallel Aware": true,
                      "Relation Name": "movie_info",
                      "Alias": "mi",
                      "Startup Cost": 0.0,
                      "Total Cost": 199108.24,
                      "Plan Rows": 1194621,
                      "Plan Width": 4,
                      "Actual Startup Time": 0.043,
                      "Actual Total Time": 419.715,
                      "Actual Rows": 980827,
                      "Actual Loops": 6,
                      "Filter": "(info_type_id < 7)",
                      "Rows Removed by Filter": 1491793
                    },
                    {
                      "Node Type": "Hash",
                      "Parent Relationship": "Inner",
                      "Parallel Aware": true,
                      "Startup Cost": 375712.85,
                      "Total Cost": 375712.85,
                      "Plan Rows": 153376,
                      "Plan Width": 8,
                      "Actual Startup Time": 1288.077,
                      "Actual Total Time": 1288.325,
                      "Actual Rows": 212096,
                      "Actual Loops": 6,
                      "Hash Buckets": 2097152,
                      "Original Hash Buckets": 1048576,
                      "Hash Batches": 1,
                      "Original Hash Batches": 1,
                      "Peak Memory Usage": 74432,
                      "Plans": [
                        {
                          "Node Type": "Hash Join",
                          "Parent Relationship": "Outer",
                          "Parallel Aware": true,
                          "Join Type": "Inner",
                          "Startup Cost": 45950.75,
                          "Total Cost": 375712.85,
                          "Plan Rows": 153376,
                          "Plan Width": 8,
                          "Actual Startup Time": 732.35,
                          "Actual Total Time": 1142.798,
                          "Actual Rows": 212096,
                          "Actual Loops": 6,
                          "Inner Unique": true,
                          "Hash Cond": "(ci.movie_id = t.id)",
                          "Plans": [
                            {
                              "Node Type": "Seq Scan",
                              "Parent Relationship": "Outer",
                              "Parallel Aware": true,
                              "Relation Name": "cast_info",
                              "Alias": "ci",
                              "Startup Cost": 0.0,
                              "Total Cost": 328211.39,
                              "Plan Rows": 590746,
                              "Plan Width": 4,
                              "Actual Startup Time": 570.4,
                              "Actual Total Time": 759.988,
                              "Actual Rows": 584318,
                              "Actual Loops": 6,
                              "Filter": "(person_id > 3423189)",
                              "Rows Removed by Filter": 5456406
                            },
                            {
                              "Node Type": "Hash",
                              "Parent Relationship": "Inner",
                              "Parallel Aware": true,
                              "Startup Cost": 43899.32,
                              "Total Cost": 43899.32,
                              "Plan Rows": 164114,
                              "Plan Width": 4,
                              "Actual Startup Time": 160.339,
                              "Actual Total Time": 160.344,
                              "Actual Rows": 110344,
                              "Actual Loops": 6,
                              "Hash Buckets": 1048576,
                              "Original Hash Buckets": 1048576,
                              "Hash Batches": 1,
                              "Original Hash Batches": 1,
                              "Peak Memory Usage": 34176,
                              "Plans": [
                                {
                                  "Node Type": "Seq Scan",
                                  "Parent Relationship": "Outer",
                                  "Parallel Aware": true,
                                  "Relation Name": "title",
                                  "Alias": "t",
                                  "Startup Cost": 0.0,
                                  "Total Cost": 43899.32,
                                  "Plan Rows": 164114,
                                  "Plan Width": 4,
                                  "Actual Startup Time": 0.029,
                                  "Actual Total Time": 96.52,
                                  "Actual Rows": 110344,
                                  "Actual Loops": 6,
                                  "Filter": "(production_year > 2008)",
                                  "Rows Removed by Filter": 311041
                                }
                              ]
                            }
                          ]
                        }
                      ]
                    }
                  ]
                }
              ]
            }
          ]
        }
      ]
    },
    "Planning Time": 0.53,
    "Triggers": [],
    "Execution Time": 2262.93
  }
]