[
  {
    "Plan": {
      "Node Type": "Aggregate",
      "Strategy": "Plain",
      "Partial Mode": "Finalize",
      "Parallel Aware": false,
      "Startup Cost": 128465.34,
      "Total Cost": 128465.35,
      "Plan Rows": 1,
      "Plan Width": 8,
      "Actual Startup Time": 257.378,
      "Actual Total Time": 275.52,
      "Actual Rows": 1,
      "Actual Loops": 1,
      "Plans": [
        {
          "Node Type": "Gather",
          "Parent Relationship": "Outer",
          "Parallel Aware": false,
          "Startup Cost": 128464.82,
          "Total Cost": 128465.33,
          "Plan Rows": 5,
          "Plan Width": 8,
          "Actual Startup Time": 257.3,
          "Actual Total Time": 275.504,
          "Actual Rows": 6,
          "Actual Loops": 1,
          "Workers Planned": 5,
          "Workers Launched": 5,
          "Single Copy": false,
          "Plans": [
            {
              "Node Type": "Aggregate",
              "Strategy": "Plain",
              "Partial Mode": "Partial",
              "Parent Relationship": "Outer",
              "Parallel Aware": false,
              "Startup Cost": 127464.82,
              "Total Cost": 127464.83,
              "Plan Rows": 1,
              "Plan Width": 8,
              "Actual Startup Time": 249.934,
              "Actual Total Time": 249.936,
              "Actual Rows": 1,
              "Actual Loops": 6,
              "Plans": [
                {
                  "Node Type": "Index Scan",
                  "Parent Relationship": "Outer",
                  "Parallel Aware": true,
                  "Scan Direction": "Forward",
                  "Index Name": "role_id_cast_info",
                  "Relation Name": "cast_info",
                  "Alias": "ci",
                  "Startup Cost": 0.56,
                  "Total Cost": 126672.01,
                  "Plan Rows": 317125,
                  "Plan Width": 0,
                  "Actual Startup Time": 0.095,
                  "Actual Total Time": 212.72,
                  "Actual Rows": 605931,
                  "Actual Loops": 6,
                  "Index Cond": "(role_id > 9)",
                  "Rows Removed by Index Recheck": 0,
                  "Filter": "(person_id > 2464563)",
                  "Rows Removed by Filter": 167258
                }
              ]
            }
          ]
        }
      ]
    },
    "Planning Time": 0.24,
    "Triggers": [],
    "Execution Time": 275.587
  }
]