{
  "Plan": {
    "Node Type": "Aggregate",
    "Strategy": "Plain",
    "Partial Mode": "Finalize",
    "Parallel Aware": false,
    "Startup Cost": 169325.98,
    "Total Cost": 169325.99,
    "Plan Rows": 1,
    "Plan Width": 8,
    "Actual Startup Time": 150.691,
    "Actual Total Time": 162.904,
    "Actual Rows": 1,
    "Actual Loops": 1,
    "Plans": [
      {
        "Node Type": "Gather",
        "Parent Relationship": "Outer",
        "Parallel Aware": false,
        "Startup Cost": 169325.87,
        "Total Cost": 169325.98,
        "Plan Rows": 1,
        "Plan Width": 8,
        "Actual Startup Time": 150.588,
        "Actual Total Time": 162.897,
        "Actual Rows": 2,
        "Actual Loops": 1,
        "Workers Planned": 1,
        "Workers Launched": 1,
        "Single Copy": false,
        "Plans": [
          {
            "Node Type": "Aggregate",
            "Strategy": "Plain",
            "Partial Mode": "Partial",
            "Parent Relationship": "Outer",
            "Parallel Aware": false,
            "Startup Cost": 168325.87,
            "Total Cost": 168325.88,
            "Plan Rows": 1,
            "Plan Width": 8,
            "Actual Startup Time": 144.564,
            "Actual Total Time": 144.565,
            "Actual Rows": 1,
            "Actual Loops": 2,
            "Plans": [
              {
                "Node Type": "Nested Loop",
                "Parent Relationship": "Outer",
                "Parallel Aware": false,
                "Join Type": "Inner",
                "Startup Cost": 0.56,
                "Total Cost": 168322.73,
                "Plan Rows": 1257,
                "Plan Width": 0,
                "Actual Startup Time": 34.526,
                "Actual Total Time": 144.546,
                "Actual Rows": 28,
                "Actual Loops": 2,
                "Inner Unique": false,
                "Plans": [
                  {
                    "Node Type": "Seq Scan",
                    "Parent Relationship": "Outer",
                    "Parallel Aware": true,
                    "Relation Name": "title",
                    "Alias": "t",
                    "Startup Cost": 0.0,
                    "Total Cost": 58306.47,
                    "Plan Rows": 785,
                    "Plan Width": 4,
                    "Actual Startup Time": 17.402,
                    "Actual Total Time": 141.256,
                    "Actual Rows": 48,
                    "Actual Loops": 2,
                    "Filter": "((kind_id > 1) AND (production_year = 1946))",
                    "Rows Removed by Filter": 1264108
                  },
                  {
                    "Node Type": "Index Scan",
                    "Parent Relationship": "Inner",
                    "Parallel Aware": false,
                    "Scan Direction": "Forward",
                    "Index Name": "movie_id_cast_info",
                    "Relation Name": "cast_info",
                    "Alias": "ci",
                    "Startup Cost": 0.56,
                    "Total Cost": 140.11,
                    "Plan Rows": 4,
                    "Plan Width": 4,
                    "Actual Startup Time": 0.061,
                    "Actual Total Time": 0.068,
                    "Actual Rows": 1,
                    "Actual Loops": 95,
                    "Index Cond": "(movie_id = t.id)",
                    "Rows Removed by Index Recheck": 0,
                    "Filter": "(role_id = 3)",
                    "Rows Removed by Filter": 7
                  }
                ]
              }
            ]
          }
        ]
      }
    ]
  },
  "Planning Time": 0.492,
  "Triggers": [],
  "Execution Time": 162.984
}