{
  "Plan": {
    "Node Type": "Aggregate",
    "Strategy": "Plain",
    "Partial Mode": "Finalize",
    "Parallel Aware": false,
    "Startup Cost": 109610.37,
    "Total Cost": 109610.38,
    "Plan Rows": 1,
    "Plan Width": 8,
    "Actual Startup Time": 807.734,
    "Actual Total Time": 823.721,
    "Actual Rows": 1,
    "Actual Loops": 1,
    "Plans": [
      {
        "Node Type": "Gather",
        "Parent Relationship": "Outer",
        "Parallel Aware": false,
        "Startup Cost": 109610.25,
        "Total Cost": 109610.36,
        "Plan Rows": 1,
        "Plan Width": 8,
        "Actual Startup Time": 805.868,
        "Actual Total Time": 823.712,
        "Actual Rows": 2,
        "Actual Loops": 1,
        "Workers Planned": 1,
        "Workers Launched": 1,
        "Single Copy": false,
        "Plans": [
          {
            "Node Type": "Aggregate",
            "Strategy": "Plain",
            "Partial Mode": "Partial",
            "Parent Relationship": "Outer",
            "Parallel Aware": false,
            "Startup Cost": 108610.25,
            "Total Cost": 108610.26,
            "Plan Rows": 1,
            "Plan Width": 8,
            "Actual Startup Time": 799.972,
            "Actual Total Time": 799.976,
            "Actual Rows": 1,
            "Actual Loops": 2,
            "Plans": [
              {
                "Node Type": "Hash Join",
                "Parent Relationship": "Outer",
                "Parallel Aware": true,
                "Join Type": "Inner",
                "Startup Cost": 44242.01,
                "Total Cost": 107356.81,
                "Plan Rows": 501379,
                "Plan Width": 0,
                "Actual Startup Time": 261.677,
                "Actual Total Time": 777.575,
                "Actual Rows": 432708,
                "Actual Loops": 2,
                "Inner Unique": false,
                "Hash Cond": "(t.id = mc.movie_id)",
                "Plans": [
                  {
                    "Node Type": "Seq Scan",
                    "Parent Relationship": "Outer",
                    "Parallel Aware": true,
                    "Relation Name": "title",
                    "Alias": "t",
                    "Startup Cost": 0.0,
                    "Total Cost": 50870.31,
                    "Plan Rows": 1487231,
                    "Plan Width": 4,
                    "Actual Startup Time": 0.009,
                    "Actual Total Time": 136.049,
                    "Actual Rows": 1264156,
                    "Actual Loops": 2
                  },
                  {
                    "Node Type": "Hash",
                    "Parent Relationship": "Inner",
                    "Parallel Aware": true,
                    "Startup Cost": 37974.77,
                    "Total Cost": 37974.77,
                    "Plan Rows": 501379,
                    "Plan Width": 4,
                    "Actual Startup Time": 252.56,
                    "Actual Total Time": 252.561,
                    "Actual Rows": 432708,
                    "Actual Loops": 2,
                    "Hash Buckets": 1048576,
                    "Original Hash Buckets": 1048576,
                    "Hash Batches": 1,
                    "Original Hash Batches": 1,
                    "Peak Memory Usage": 42080,
                    "Plans": [
                      {
                        "Node Type": "Seq Scan",
                        "Parent Relationship": "Outer",
                        "Parallel Aware": true,
                        "Relation Name": "movie_companies",
                        "Alias": "mc",
                        "Startup Cost": 0.0,
                        "Total Cost": 37974.77,
                        "Plan Rows": 501379,
                        "Plan Width": 4,
                        "Actual Startup Time": 34.531,
                        "Actual Total Time": 150.086,
                        "Actual Rows": 432708,
                        "Actual Loops": 2,
                        "Filter": "(company_id > 23899)",
                        "Rows Removed by Filter": 871856
                      }
                    ]
                  }
                ]
              }
            ]
          }
        ]
      }
    ]
  },
  "Planning Time": 0.717,
  "Triggers": [],
  "Execution Time": 823.795
}