[
  {
    "Plan": {
      "Node Type": "Aggregate",
      "Strategy": "Plain",
      "Partial Mode": "Finalize",
      "Parallel Aware": false,
      "Startup Cost": 76483.11,
      "Total Cost": 76483.12,
      "Plan Rows": 1,
      "Plan Width": 8,
      "Actual Startup Time": 249.415,
      "Actual Total Time": 266.407,
      "Actual Rows": 1,
      "Actual Loops": 1,
      "Plans": [
        {
          "Node Type": "Gather",
          "Parent Relationship": "Outer",
          "Parallel Aware": false,
          "Startup Cost": 76482.79,
          "Total Cost": 76483.1,
          "Plan Rows": 3,
          "Plan Width": 8,
          "Actual Startup Time": 248.29,
          "Actual Total Time": 266.399,
          "Actual Rows": 4,
          "Actual Loops": 1,
          "Workers Planned": 3,
          "Workers Launched": 3,
          "Single Copy": false,
          "Plans": [
            {
              "Node Type": "Aggregate",
              "Strategy": "Plain",
              "Partial Mode": "Partial",
              "Parent Relationship": "Outer",
              "Parallel Aware": false,
              "Startup Cost": 75482.79,
              "Total Cost": 75482.8,
              "Plan Rows": 1,
              "Plan Width": 8,
              "Actual Startup Time": 239.455,
              "Actual Total Time": 239.458,
              "Actual Rows": 1,
              "Actual Loops": 4,
              "Plans": [
                {
                  "Node Type": "Hash Join",
                  "Parent Relationship": "Outer",
                  "Parallel Aware": true,
                  "Join Type": "Inner",
                  "Startup Cost": 44913.2,
                  "Total Cost": 75345.64,
                  "Plan Rows": 54859,
                  "Plan Width": 0,
                  "Actual Startup Time": 150.871,
                  "Actual Total Time": 236.55,
                  "Actual Rows": 73850,
                  "Actual Loops": 4,
                  "Inner Unique": true,
                  "Hash Cond": "(mc.movie_id = t.id)",
                  "Plans": [
                    {
                      "Node Type": "Seq Scan",
                      "Parent Relationship": "Outer",
                      "Parallel Aware": true,
                      "Relation Name": "movie_companies",
                      "Alias": "mc",
                      "Startup Cost": 0.0,
                      "Total Cost": 29310.68,
                      "Plan Rows": 427336,
                      "Plan Width": 4,
                      "Actual Startup Time": 27.447,
                      "Actual Total Time": 61.797,
                      "Actual Rows": 333721,
                      "Actual Loops": 4,
                      "Filter": "(company_type_id > 1)",
                      "Rows Removed by Filter": 318562
                    },
                    {
                      "Node Type": "Hash",
                      "Parent Relationship": "Inner",
                      "Parallel Aware": true,
                      "Startup Cost": 43898.92,
                      "Total Cost": 43898.92,
                      "Plan Rows": 81143,
                      "Plan Width": 4,
                      "Actual Startup Time": 119.713,
                      "Actual Total Time": 119.714,
                      "Actual Rows": 84462,
                      "Actual Loops": 4,
                      "Hash Buckets": 524288,
                      "Original Hash Buckets": 524288,
                      "Hash Batches": 1,
                      "Original Hash Batches": 1,
                      "Peak Memory Usage": 17376,
                      "Plans": [
                        {
                          "Node Type": "Seq Scan",
                          "Parent Relationship": "Outer",
                          "Parallel Aware": true,
                          "Relation Name": "title",
                          "Alias": "t",
                          "Startup Cost": 0.0,
                          "Total Cost": 43898.92,
                          "Plan Rows": 81143,
                          "Plan Width": 4,
                          "Actual Startup Time": 0.058,
                          "Actual Total Time": 93.074,
                          "Actual Rows": 84462,
                          "Actual Loops": 4,
                          "Filter": "(production_year < 1968)",
                          "Rows Removed by Filter": 547616
                        }
                      ]
                    }
                  ]
                }
              ]
            }
          ]
        }
      ]
    },
    "Planning Time": 0.556,
    "Triggers": [],
    "Execution Time": 266.479
  }
]