[
  {
    "Plan": {
      "Node Type": "Aggregate",
      "Strategy": "Plain",
      "Partial Mode": "Finalize",
      "Parallel Aware": false,
      "Startup Cost": 108567.57,
      "Total Cost": 108567.58,
      "Plan Rows": 1,
      "Plan Width": 8,
      "Actual Startup Time": 154.932,
      "Actual Total Time": 171.887,
      "Actual Rows": 1,
      "Actual Loops": 1,
      "Plans": [
        {
          "Node Type": "Gather",
          "Parent Relationship": "Outer",
          "Parallel Aware": false,
          "Startup Cost": 108567.05,
          "Total Cost": 108567.56,
          "Plan Rows": 5,
          "Plan Width": 8,
          "Actual Startup Time": 154.816,
          "Actual Total Time": 171.876,
          "Actual Rows": 6,
          "Actual Loops": 1,
          "Workers Planned": 5,
          "Workers Launched": 5,
          "Single Copy": false,
          "Plans": [
            {
              "Node Type": "Aggregate",
              "Strategy": "Plain",
              "Partial Mode": "Partial",
              "Parent Relationship": "Outer",
              "Parallel Aware": false,
              "Startup Cost": 107567.05,
              "Total Cost": 107567.06,
              "Plan Rows": 1,
              "Plan Width": 8,
              "Actual Startup Time": 148.137,
              "Actual Total Time": 148.138,
              "Actual Rows": 1,
              "Actual Loops": 6,
              "Plans": [
                {
                  "Node Type": "Index Scan",
                  "Parent Relationship": "Outer",
                  "Parallel Aware": true,
                  "Scan Direction": "Forward",
                  "Index Name": "role_id_cast_info",
                  "Relation Name": "cast_info",
                  "Alias": "ci",
                  "Startup Cost": 0.56,
                  "Total Cost": 107159.34,
                  "Plan Rows": 163085,
                  "Plan Width": 0,
                  "Actual Startup Time": 0.125,
                  "Actual Total Time": 142.689,
                  "Actual Rows": 98000,
                  "Actual Loops": 6,
                  "Index Cond": "(role_id = 3)",
                  "Rows Removed by Index Recheck": 0,
                  "Filter": "(person_id < 743766)",
                  "Rows Removed by Filter": 570007
                }
              ]
            }
          ]
        }
      ]
    },
    "Planning Time": 0.158,
    "Triggers": [],
    "Execution Time": 171.929
  }
]