[
  {
    "Plan": {
      "Node Type": "Aggregate",
      "Strategy": "Plain",
      "Partial Mode": "Finalize",
      "Parallel Aware": false,
      "Startup Cost": 111845.91,
      "Total Cost": 111845.92,
      "Plan Rows": 1,
      "Plan Width": 8,
      "Actual Startup Time": 145.564,
      "Actual Total Time": 155.325,
      "Actual Rows": 1,
      "Actual Loops": 1,
      "Plans": [
        {
          "Node Type": "Gather",
          "Parent Relationship": "Outer",
          "Parallel Aware": false,
          "Startup Cost": 111845.39,
          "Total Cost": 111845.9,
          "Plan Rows": 5,
          "Plan Width": 8,
          "Actual Startup Time": 145.485,
          "Actual Total Time": 155.314,
          "Actual Rows": 6,
          "Actual Loops": 1,
          "Workers Planned": 5,
          "Workers Launched": 5,
          "Single Copy": false,
          "Plans": [
            {
              "Node Type": "Aggregate",
              "Strategy": "Plain",
              "Partial Mode": "Partial",
              "Parent Relationship": "Outer",
              "Parallel Aware": false,
              "Startup Cost": 110845.39,
              "Total Cost": 110845.4,
              "Plan Rows": 1,
              "Plan Width": 8,
              "Actual Startup Time": 136.097,
              "Actual Total Time": 136.098,
              "Actual Rows": 1,
              "Actual Loops": 6,
              "Plans": [
                {
                  "Node Type": "Index Scan",
                  "Parent Relationship": "Outer",
                  "Parallel Aware": true,
                  "Scan Direction": "Forward",
                  "Index Name": "role_id_cast_info",
                  "Relation Name": "cast_info",
                  "Alias": "ci",
                  "Startup Cost": 0.56,
                  "Total Cost": 110428.26,
                  "Plan Rows": 166853,
                  "Plan Width": 0,
                  "Actual Startup Time": 0.185,
                  "Actual Total Time": 130.535,
                  "Actual Rows": 98000,
                  "Actual Loops": 6,
                  "Index Cond": "(role_id = 3)",
                  "Rows Removed by Index Recheck": 0,
                  "Filter": "(person_id < 743766)",
                  "Rows Removed by Filter": 570007
                }
              ]
            }
          ]
        }
      ]
    },
    "Planning Time": 0.27,
    "Triggers": [],
    "Execution Time": 155.396
  }
]