[
  {
    "Plan": {
      "Node Type": "Aggregate",
      "Strategy": "Plain",
      "Partial Mode": "Finalize",
      "Parallel Aware": false,
      "Startup Cost": 126354.93,
      "Total Cost": 126354.94,
      "Plan Rows": 1,
      "Plan Width": 8,
      "Actual Startup Time": 726.318,
      "Actual Total Time": 749.403,
      "Actual Rows": 1,
      "Actual Loops": 1,
      "Plans": [
        {
          "Node Type": "Gather",
          "Parent Relationship": "Outer",
          "Parallel Aware": false,
          "Startup Cost": 126354.61,
          "Total Cost": 126354.92,
          "Plan Rows": 3,
          "Plan Width": 8,
          "Actual Startup Time": 723.467,
          "Actual Total Time": 749.383,
          "Actual Rows": 4,
          "Actual Loops": 1,
          "Workers Planned": 3,
          "Workers Launched": 3,
          "Single Copy": false,
          "Plans": [
            {
              "Node Type": "Aggregate",
              "Strategy": "Plain",
              "Partial Mode": "Partial",
              "Parent Relationship": "Outer",
              "Parallel Aware": false,
              "Startup Cost": 125354.61,
              "Total Cost": 125354.62,
              "Plan Rows": 1,
              "Plan Width": 8,
              "Actual Startup Time": 714.375,
              "Actual Total Time": 714.613,
              "Actual Rows": 1,
              "Actual Loops": 4,
              "Plans": [
                {
                  "Node Type": "Hash Join",
                  "Parent Relationship": "Outer",
                  "Parallel Aware": true,
                  "Join Type": "Inner",
                  "Startup Cost": 77298.58,
                  "Total Cost": 125172.69,
                  "Plan Rows": 72769,
                  "Plan Width": 0,
                  "Actual Startup Time": 286.588,
                  "Actual Total Time": 627.857,
                  "Actual Rows": 2238838,
                  "Actual Loops": 4,
                  "Inner Unique": false,
                  "Hash Cond": "(mk.movie_id = t.id)",
                  "Plans": [
                    {
                      "Node Type": "Seq Scan",
                      "Parent Relationship": "Outer",
                      "Parallel Aware": true,
                      "Relation Name": "movie_keyword",
                      "Alias": "mk",
                      "Startup Cost": 0.0,
                      "Total Cost": 42695.65,
                      "Plan Rows": 1318324,
                      "Plan Width": 4,
                      "Actual Startup Time": 0.041,
                      "Actual Total Time": 113.573,
                      "Actual Rows": 1017650,
                      "Actual Loops": 4,
                      "Filter": "(keyword_id > 347)",
                      "Rows Removed by Filter": 113332
                    },
                    {
                      "Node Type": "Hash",
                      "Parent Relationship": "Inner",
                      "Parallel Aware": true,
                      "Startup Cost": 76735.85,
                      "Total Cost": 76735.85,
                      "Plan Rows": 45018,
                      "Plan Width": 8,
                      "Actual Startup Time": 284.097,
                      "Actual Total Time": 284.335,
                      "Actual Rows": 107660,
                      "Actual Loops": 4,
                      "Hash Buckets": 524288,
                      "Original Hash Buckets": 262144,
                      "Hash Batches": 1,
                      "Original Hash Batches": 1,
                      "Peak Memory Usage": 23072,
                      "Plans": [
                        {
                          "Node Type": "Hash Join",
                          "Parent Relationship": "Outer",
                          "Parallel Aware": true,
                          "Join Type": "Inner",
                          "Startup Cost": 46337.59,
                          "Total Cost": 76735.85,
                          "Plan Rows": 45018,
                          "Plan Width": 8,
                          "Actual Startup Time": 129.028,
                          "Actual Total Time": 252.281,
                          "Actual Rows": 107660,
                          "Actual Loops": 4,
                          "Inner Unique": true,
                          "Hash Cond": "(mc.movie_id = t.id)",
                          "Plans": [
                            {
                              "Node Type": "Seq Scan",
                              "Parent Relationship": "Outer",
                              "Parallel Aware": true,
                              "Relation Name": "movie_companies",
                              "Alias": "mc",
                              "Startup Cost": 0.0,
                              "Total Cost": 29310.68,
                              "Plan Rows": 414318,
                              "Plan Width": 4,
                              "Actual Startup Time": 0.018,
                              "Actual Total Time": 64.277,
                              "Actual Rows": 318562,
                              "Actual Loops": 4,
                              "Filter": "(company_type_id < 2)",
                              "Rows Removed by Filter": 333721
                            },
                            {
                              "Node Type": "Hash",
                              "Parent Relationship": "Inner",
                              "Parallel Aware": true,
                              "Startup Cost": 45479.1,
                              "Total Cost": 45479.1,
                              "Plan Rows": 68679,
                              "Plan Width": 4,
                              "Actual Startup Time": 127.389,
                              "Actual Total Time": 127.39,
                              "Actual Rows": 98005,
                              "Actual Loops": 4,
                              "Hash Buckets": 524288,
                              "Original Hash Buckets": 524288,
                              "Hash Batches": 1,
                              "Original Hash Batches": 1,
                              "Peak Memory Usage": 19488,
                              "Plans": [
                                {
                                  "Node Type": "Seq Scan",
                                  "Parent Relationship": "Outer",
                                  "Parallel Aware": true,
                                  "Relation Name": "title",
                                  "Alias": "t",
                                  "Startup Cost": 0.0,
                                  "Total Cost": 45479.1,
                                  "Plan Rows": 68679,
                                  "Plan Width": 4,
                                  "Actual Startup Time": 0.077,
                                  "Actual Total Time": 96.325,
                                  "Actual Rows": 98005,
                                  "Actual Loops": 4,
                                  "Filter": "((kind_id < 7) AND (production_year < 1991))",
                                  "Rows Removed by Filter": 534073
                                }
                              ]
                            }
                          ]
                        }
                      ]
                    }
                  ]
                }
              ]
            }
          ]
        }
      ]
    },
    "Planning Time": 1.143,
    "Triggers": [],
    "Execution Time": 749.473
  }
]