[
  {
    "Plan": {
      "Node Type": "Aggregate",
      "Strategy": "Plain",
      "Partial Mode": "Finalize",
      "Parallel Aware": false,
      "Startup Cost": 32350.34,
      "Total Cost": 32350.35,
      "Plan Rows": 1,
      "Plan Width": 8,
      "Actual Startup Time": 122.118,
      "Actual Total Time": 129.791,
      "Actual Rows": 1,
      "Actual Loops": 1,
      "Plans": [
        {
          "Node Type": "Gather",
          "Parent Relationship": "Outer",
          "Parallel Aware": false,
          "Startup Cost": 32350.02,
          "Total Cost": 32350.33,
          "Plan Rows": 3,
          "Plan Width": 8,
          "Actual Startup Time": 121.951,
          "Actual Total Time": 129.783,
          "Actual Rows": 4,
          "Actual Loops": 1,
          "Workers Planned": 3,
          "Workers Launched": 3,
          "Single Copy": false,
          "Plans": [
            {
              "Node Type": "Aggregate",
              "Strategy": "Plain",
              "Partial Mode": "Partial",
              "Parent Relationship": "Outer",
              "Parallel Aware": false,
              "Startup Cost": 31350.02,
              "Total Cost": 31350.03,
              "Plan Rows": 1,
              "Plan Width": 8,
              "Actual Startup Time": 115.167,
              "Actual Total Time": 115.169,
              "Actual Rows": 1,
              "Actual Loops": 4,
              "Plans": [
                {
                  "Node Type": "Seq Scan",
                  "Parent Relationship": "Outer",
                  "Parallel Aware": true,
                  "Relation Name": "movie_companies",
                  "Alias": "mc",
                  "Startup Cost": 0.0,
                  "Total Cost": 29310.68,
                  "Plan Rows": 815737,
                  "Plan Width": 0,
                  "Actual Startup Time": 0.033,
                  "Actual Total Time": 84.821,
                  "Actual Rows": 631721,
                  "Actual Loops": 4,
                  "Filter": "(company_id > 12)",
                  "Rows Removed by Filter": 20561
                }
              ]
            }
          ]
        }
      ]
    },
    "Planning Time": 0.164,
    "Triggers": [],
    "Execution Time": 129.824
  }
]