[
    {
        "Bao": {
            "Bao prediction": "NaN",
            "Bao recommended hint": "(no hint)"
        }
    },
    {
        "Plan": {
            "Node Type": "Aggregate",
            "Strategy": "Plain",
            "Partial Mode": "Finalize",
            "Parallel Aware": false,
            "Startup Cost": 85642.73,
            "Total Cost": 85642.74,
            "Plan Rows": 1,
            "Plan Width": 8,
            "Actual Startup Time": 198.17,
            "Actual Total Time": 215.946,
            "Actual Rows": 1,
            "Actual Loops": 1,
            "Output": [
                "count(*)"
            ],
            "Plans": [
                {
                    "Node Type": "Gather",
                    "Parent Relationship": "Outer",
                    "Parallel Aware": false,
                    "Startup Cost": 85642.42,
                    "Total Cost": 85642.73,
                    "Plan Rows": 3,
                    "Plan Width": 8,
                    "Actual Startup Time": 197.212,
                    "Actual Total Time": 215.937,
                    "Actual Rows": 4,
                    "Actual Loops": 1,
                    "Output": [
                        "(PARTIAL count(*))"
                    ],
                    "Workers Planned": 3,
                    "Workers Launched": 3,
                    "Single Copy": false,
                    "Plans": [
                        {
                            "Node Type": "Aggregate",
                            "Strategy": "Plain",
                            "Partial Mode": "Partial",
                            "Parent Relationship": "Outer",
                            "Parallel Aware": false,
                            "Startup Cost": 84642.42,
                            "Total Cost": 84642.43,
                            "Plan Rows": 1,
                            "Plan Width": 8,
                            "Actual Startup Time": 187.237,
                            "Actual Total Time": 187.242,
                            "Actual Rows": 1,
                            "Actual Loops": 4,
                            "Output": [
                                "PARTIAL count(*)"
                            ],
                            "Workers": [
                                {
                                    "Worker Number": 0,
                                    "Actual Startup Time": 183.982,
                                    "Actual Total Time": 183.987,
                                    "Actual Rows": 1,
                                    "Actual Loops": 1
                                },
                                {
                                    "Worker Number": 1,
                                    "Actual Startup Time": 183.682,
                                    "Actual Total Time": 183.686,
                                    "Actual Rows": 1,
                                    "Actual Loops": 1
                                },
                                {
                                    "Worker Number": 2,
                                    "Actual Startup Time": 184.6,
                                    "Actual Total Time": 184.605,
                                    "Actual Rows": 1,
                                    "Actual Loops": 1
                                }
                            ],
                            "Plans": [
                                {
                                    "Node Type": "Nested Loop",
                                    "Parent Relationship": "Outer",
                                    "Parallel Aware": false,
                                    "Join Type": "Inner",
                                    "Startup Cost": 46210.38,
                                    "Total Cost": 84619.23,
                                    "Plan Rows": 9275,
                                    "Plan Width": 0,
                                    "Actual Startup Time": 123.903,
                                    "Actual Total Time": 186.719,
                                    "Actual Rows": 5137,
                                    "Actual Loops": 4,
                                    "Inner Unique": false,
                                    "Join Filter": "(t.id = ci.movie_id)",
                                    "Rows Removed by Join Filter": 0,
                                    "Workers": [
                                        {
                                            "Worker Number": 0,
                                            "Actual Startup Time": 120.689,
                                            "Actual Total Time": 183.469,
                                            "Actual Rows": 2997,
                                            "Actual Loops": 1
                                        },
                                        {
                                            "Worker Number": 1,
                                            "Actual Startup Time": 120.383,
                                            "Actual Total Time": 183.216,
                                            "Actual Rows": 4143,
                                            "Actual Loops": 1
                                        },
                                        {
                                            "Worker Number": 2,
                                            "Actual Startup Time": 121.308,
                                            "Actual Total Time": 184.182,
                                            "Actual Rows": 4000,
                                            "Actual Loops": 1
                                        }
                                    ],
                                    "Plans": [
                                        {
                                            "Node Type": "Hash Join",
                                            "Parent Relationship": "Outer",
                                            "Parallel Aware": true,
                                            "Join Type": "Inner",
                                            "Startup Cost": 46209.82,
                                            "Total Cost": 66799.87,
                                            "Plan Rows": 1791,
                                            "Plan Width": 8,
                                            "Actual Startup Time": 123.802,
                                            "Actual Total Time": 148.356,
                                            "Actual Rows": 481,
                                            "Actual Loops": 4,
                                            "Output": [
                                                "t.id",
                                                "mc.movie_id"
                                            ],
                                            "Inner Unique": true,
                                            "Hash Cond": "(mc.movie_id = t.id)",
                                            "Workers": [
                                                {
                                                    "Worker Number": 0,
                                                    "Actual Startup Time": 120.562,
                                                    "Actual Total Time": 142.959,
                                                    "Actual Rows": 279,
                                                    "Actual Loops": 1
                                                },
                                                {
                                                    "Worker Number": 1,
                                                    "Actual Startup Time": 120.263,
                                                    "Actual Total Time": 142.267,
                                                    "Actual Rows": 359,
                                                    "Actual Loops": 1
                                                },
                                                {
                                                    "Worker Number": 2,
                                                    "Actual Startup Time": 121.19,
                                                    "Actual Total Time": 143.492,
                                                    "Actual Rows": 411,
                                                    "Actual Loops": 1
                                                }
                                            ],
                                            "Plans": [
                                                {
                                                    "Node Type": "Bitmap Heap Scan",
                                                    "Parent Relationship": "Outer",
                                                    "Parallel Aware": true,
                                                    "Relation Name": "movie_companies",
                                                    "Schema": "public",
                                                    "Alias": "mc",
                                                    "Startup Cost": 7380.07,
                                                    "Total Cost": 27827.9,
                                                    "Plan Rows": 54175,
                                                    "Plan Width": 4,
                                                    "Actual Startup Time": 36.776,
                                                    "Actual Total Time": 77.885,
                                                    "Actual Rows": 66276,
                                                    "Actual Loops": 4,
                                                    "Output": [
                                                        "mc.id",
                                                        "mc.movie_id",
                                                        "mc.company_id",
                                                        "mc.company_type_id",
                                                        "mc.note"
                                                    ],
                                                    "Recheck Cond": "(mc.company_id < 166)",
                                                    "Rows Removed by Index Recheck": 0,
                                                    "Filter": "(mc.company_type_id = 1)",
                                                    "Rows Removed by Filter": 17338,
                                                    "Exact Heap Blocks": 6693,
                                                    "Lossy Heap Blocks": 0,
                                                    "Workers": [
                                                        {
                                                            "Worker Number": 0,
                                                            "Actual Startup Time": 36.643,
                                                            "Actual Total Time": 76.825,
                                                            "Actual Rows": 71046,
                                                            "Actual Loops": 1
                                                        },
                                                        {
                                                            "Worker Number": 1,
                                                            "Actual Startup Time": 36.803,
                                                            "Actual Total Time": 75.177,
                                                            "Actual Rows": 55427,
                                                            "Actual Loops": 1
                                                        },
                                                        {
                                                            "Worker Number": 2,
                                                            "Actual Startup Time": 36.849,
                                                            "Actual Total Time": 77.451,
                                                            "Actual Rows": 59326,
                                                            "Actual Loops": 1
                                                        }
                                                    ],
                                                    "Plans": [
                                                        {
                                                            "Node Type": "Bitmap Index Scan",
                                                            "Parent Relationship": "Outer",
                                                            "Parallel Aware": false,
                                                            "Index Name": "company_id_movie_companies",
                                                            "Startup Cost": 0.0,
                                                            "Total Cost": 7338.08,
                                                            "Plan Rows": 342620,
                                                            "Plan Width": 0,
                                                            "Actual Startup Time": 32.396,
                                                            "Actual Total Time": 32.396,
                                                            "Actual Rows": 334457,
                                                            "Actual Loops": 1,
                                                            "Index Cond": "(mc.company_id < 166)",
                                                            "Workers": [
                                                                {
                                                                    "Worker Number": 0,
                                                                    "Actual Startup Time": 32.396,
                                                                    "Actual Total Time": 32.396,
                                                                    "Actual Rows": 334457,
                                                                    "Actual Loops": 1
                                                                }
                                                            ]
                                                        }
                                                    ]
                                                },
                                                {
                                                    "Node Type": "Hash",
                                                    "Parent Relationship": "Inner",
                                                    "Parallel Aware": true,
                                                    "Startup Cost": 38568.59,
                                                    "Total Cost": 38568.59,
                                                    "Plan Rows": 20893,
                                                    "Plan Width": 4,
                                                    "Actual Startup Time": 52.127,
                                                    "Actual Total Time": 52.129,
                                                    "Actual Rows": 22272,
                                                    "Actual Loops": 4,
                                                    "Output": [
                                                        "t.id"
                                                    ],
                                                    "Hash Buckets": 131072,
                                                    "Original Hash Buckets": 131072,
                                                    "Hash Batches": 1,
                                                    "Original Hash Batches": 1,
                                                    "Peak Memory Usage": 4608,
                                                    "Workers": [
                                                        {
                                                            "Worker Number": 0,
                                                            "Actual Startup Time": 49.352,
                                                            "Actual Total Time": 49.355,
                                                            "Actual Rows": 16529,
                                                            "Actual Loops": 1
                                                        },
                                                        {
                                                            "Worker Number": 1,
                                                            "Actual Startup Time": 49.032,
                                                            "Actual Total Time": 49.033,
                                                            "Actual Rows": 15017,
                                                            "Actual Loops": 1
                                                        },
                                                        {
                                                            "Worker Number": 2,
                                                            "Actual Startup Time": 49.958,
                                                            "Actual Total Time": 49.959,
                                                            "Actual Rows": 19689,
                                                            "Actual Loops": 1
                                                        }
                                                    ],
                                                    "Plans": [
                                                        {
                                                            "Node Type": "Bitmap Heap Scan",
                                                            "Parent Relationship": "Outer",
                                                            "Parallel Aware": true,
                                                            "Relation Name": "title",
                                                            "Schema": "public",
                                                            "Alias": "t",
                                                            "Startup Cost": 2127.5,
                                                            "Total Cost": 38568.59,
                                                            "Plan Rows": 20893,
                                                            "Plan Width": 4,
                                                            "Actual Startup Time": 3.226,
                                                            "Actual Total Time": 41.528,
                                                            "Actual Rows": 22272,
                                                            "Actual Loops": 4,
                                                            "Output": [
                                                                "t.id"
                                                            ],
                                                            "Recheck Cond": "(t.kind_id = 4)",
                                                            "Rows Removed by Index Recheck": 0,
                                                            "Filter": "(t.production_year < 2009)",
                                                            "Rows Removed by Filter": 7286,
                                                            "Exact Heap Blocks": 5517,
                                                            "Lossy Heap Blocks": 0,
                                                            "Workers": [
                                                                {
                                                                    "Worker Number": 0,
                                                                    "Actual Startup Time": 0.561,
                                                                    "Actual Total Time": 39.49,
                                                                    "Actual Rows": 16529,
                                                                    "Actual Loops": 1
                                                                },
                                                                {
                                                                    "Worker Number": 1,
                                                                    "Actual Startup Time": 0.16,
                                                                    "Actual Total Time": 39.552,
                                                                    "Actual Rows": 15017,
                                                                    "Actual Loops": 1
                                                                },
                                                                {
                                                                    "Worker Number": 2,
                                                                    "Actual Startup Time": 1.09,
                                                                    "Actual Total Time": 40.634,
                                                                    "Actual Rows": 19689,
                                                                    "Actual Loops": 1
                                                                }
                                                            ],
                                                            "Plans": [
                                                                {
                                                                    "Node Type": "Bitmap Index Scan",
                                                                    "Parent Relationship": "Outer",
                                                                    "Parallel Aware": false,
                                                                    "Index Name": "kind_id_title",
                                                                    "Startup Cost": 0.0,
                                                                    "Total Cost": 2106.61,
                                                                    "Plan Rows": 118157,
                                                                    "Plan Width": 0,
                                                                    "Actual Startup Time": 8.281,
                                                                    "Actual Total Time": 8.281,
                                                                    "Actual Rows": 118234,
                                                                    "Actual Loops": 1,
                                                                    "Index Cond": "(t.kind_id = 4)"
                                                                }
                                                            ]
                                                        }
                                                    ]
                                                }
                                            ]
                                        },
                                        {
                                            "Node Type": "Index Scan",
                                            "Parent Relationship": "Inner",
                                            "Parallel Aware": false,
                                            "Scan Direction": "Forward",
                                            "Index Name": "movie_id_cast_info",
                                            "Relation Name": "cast_info",
                                            "Schema": "public",
                                            "Alias": "ci",
                                            "Startup Cost": 0.56,
                                            "Total Cost": 9.77,
                                            "Plan Rows": 14,
                                            "Plan Width": 4,
                                            "Actual Startup Time": 0.016,
                                            "Actual Total Time": 0.078,
                                            "Actual Rows": 11,
                                            "Actual Loops": 1924,
                                            "Output": [
                                                "ci.id",
                                                "ci.person_id",
                                                "ci.movie_id",
                                                "ci.person_role_id",
                                                "ci.note",
                                                "ci.nr_order",
                                                "ci.role_id"
                                            ],
                                            "Index Cond": "(ci.movie_id = mc.movie_id)",
                                            "Rows Removed by Index Recheck": 0,
                                            "Filter": "(ci.person_id < 1292775)",
                                            "Rows Removed by Filter": 16,
                                            "Workers": [
                                                {
                                                    "Worker Number": 0,
                                                    "Actual Startup Time": 0.028,
                                                    "Actual Total Time": 0.142,
                                                    "Actual Rows": 11,
                                                    "Actual Loops": 279
                                                },
                                                {
                                                    "Worker Number": 1,
                                                    "Actual Startup Time": 0.022,
                                                    "Actual Total Time": 0.112,
                                                    "Actual Rows": 12,
                                                    "Actual Loops": 359
                                                },
                                                {
                                                    "Worker Number": 2,
                                                    "Actual Startup Time": 0.021,
                                                    "Actual Total Time": 0.097,
                                                    "Actual Rows": 10,
                                                    "Actual Loops": 411
                                                }
                                            ]
                                        }
                                    ]
                                }
                            ]
                        }
                    ]
                }
            ]
        },
        "Planning Time": 305.656,
        "Triggers": [],
        "Execution Time": 216.084
    }
]