[
  {
    "Plan": {
      "Node Type": "Aggregate",
      "Strategy": "Plain",
      "Partial Mode": "Finalize",
      "Parallel Aware": false,
      "Startup Cost": 46485.04,
      "Total Cost": 46485.05,
      "Plan Rows": 1,
      "Plan Width": 8,
      "Actual Startup Time": 80.772,
      "Actual Total Time": 91.641,
      "Actual Rows": 1,
      "Actual Loops": 1,
      "Plans": [
        {
          "Node Type": "Gather",
          "Parent Relationship": "Outer",
          "Parallel Aware": false,
          "Startup Cost": 46484.62,
          "Total Cost": 46485.03,
          "Plan Rows": 4,
          "Plan Width": 8,
          "Actual Startup Time": 80.482,
          "Actual Total Time": 91.627,
          "Actual Rows": 5,
          "Actual Loops": 1,
          "Workers Planned": 4,
          "Workers Launched": 4,
          "Single Copy": false,
          "Plans": [
            {
              "Node Type": "Aggregate",
              "Strategy": "Plain",
              "Partial Mode": "Partial",
              "Parent Relationship": "Outer",
              "Parallel Aware": false,
              "Startup Cost": 45484.62,
              "Total Cost": 45484.63,
              "Plan Rows": 1,
              "Plan Width": 8,
              "Actual Startup Time": 75.206,
              "Actual Total Time": 75.209,
              "Actual Rows": 1,
              "Actual Loops": 5,
              "Plans": [
                {
                  "Node Type": "Seq Scan",
                  "Parent Relationship": "Outer",
                  "Parallel Aware": true,
                  "Relation Name": "title",
                  "Alias": "t",
                  "Startup Cost": 0.0,
                  "Total Cost": 45479.59,
                  "Plan Rows": 2014,
                  "Plan Width": 0,
                  "Actual Startup Time": 47.941,
                  "Actual Total Time": 75.096,
                  "Actual Rows": 1067,
                  "Actual Loops": 5,
                  "Filter": "((kind_id = 1) AND (production_year = 1994))",
                  "Rows Removed by Filter": 504595
                }
              ]
            }
          ]
        }
      ]
    },
    "Planning Time": 0.106,
    "Triggers": [],
    "Execution Time": 91.684
  }
]