{
  "Plan": {
    "Node Type": "Aggregate",
    "Strategy": "Plain",
    "Partial Mode": "Finalize",
    "Parallel Aware": false,
    "Startup Cost": 341828.25,
    "Total Cost": 341828.26,
    "Plan Rows": 1,
    "Plan Width": 8,
    "Actual Startup Time": 1253.876,
    "Actual Total Time": 1311.034,
    "Actual Rows": 1,
    "Actual Loops": 1,
    "Plans": [
      {
        "Node Type": "Gather",
        "Parent Relationship": "Outer",
        "Parallel Aware": false,
        "Startup Cost": 341828.14,
        "Total Cost": 341828.25,
        "Plan Rows": 1,
        "Plan Width": 8,
        "Actual Startup Time": 1253.636,
        "Actual Total Time": 1311.025,
        "Actual Rows": 2,
        "Actual Loops": 1,
        "Workers Planned": 1,
        "Workers Launched": 1,
        "Single Copy": false,
        "Plans": [
          {
            "Node Type": "Aggregate",
            "Strategy": "Plain",
            "Partial Mode": "Partial",
            "Parent Relationship": "Outer",
            "Parallel Aware": false,
            "Startup Cost": 340828.14,
            "Total Cost": 340828.15,
            "Plan Rows": 1,
            "Plan Width": 8,
            "Actual Startup Time": 1247.935,
            "Actual Total Time": 1247.939,
            "Actual Rows": 1,
            "Actual Loops": 2,
            "Plans": [
              {
                "Node Type": "Hash Join",
                "Parent Relationship": "Outer",
                "Parallel Aware": true,
                "Join Type": "Inner",
                "Startup Cost": 58350.46,
                "Total Cost": 340801.65,
                "Plan Rows": 10595,
                "Plan Width": 0,
                "Actual Startup Time": 194.104,
                "Actual Total Time": 1246.836,
                "Actual Rows": 14562,
                "Actual Loops": 2,
                "Inner Unique": true,
                "Hash Cond": "(mi.movie_id = t.id)",
                "Plans": [
                  {
                    "Node Type": "Seq Scan",
                    "Parent Relationship": "Outer",
                    "Parallel Aware": true,
                    "Relation Name": "movie_info",
                    "Alias": "mi",
                    "Startup Cost": 0.0,
                    "Total Cost": 270696.42,
                    "Plan Rows": 4478001,
                    "Plan Width": 4,
                    "Actual Startup Time": 39.455,
                    "Actual Total Time": 788.348,
                    "Actual Rows": 3774428,
                    "Actual Loops": 2,
                    "Filter": "(info_type_id > 7)",
                    "Rows Removed by Filter": 3643432
                  },
                  {
                    "Node Type": "Hash",
                    "Parent Relationship": "Inner",
                    "Parallel Aware": true,
                    "Startup Cost": 58306.47,
                    "Total Cost": 58306.47,
                    "Plan Rows": 3519,
                    "Plan Width": 4,
                    "Actual Startup Time": 153.227,
                    "Actual Total Time": 153.228,
                    "Actual Rows": 3099,
                    "Actual Loops": 2,
                    "Hash Buckets": 8192,
                    "Original Hash Buckets": 8192,
                    "Hash Batches": 1,
                    "Original Hash Batches": 1,
                    "Peak Memory Usage": 320,
                    "Plans": [
                      {
                        "Node Type": "Seq Scan",
                        "Parent Relationship": "Outer",
                        "Parallel Aware": true,
                        "Relation Name": "title",
                        "Alias": "t",
                        "Startup Cost": 0.0,
                        "Total Cost": 58306.47,
                        "Plan Rows": 3519,
                        "Plan Width": 4,
                        "Actual Startup Time": 0.492,
                        "Actual Total Time": 151.917,
                        "Actual Rows": 3099,
                        "Actual Loops": 2,
                        "Filter": "((kind_id < 7) AND (production_year = 1976))",
                        "Rows Removed by Filter": 1261057
                      }
                    ]
                  }
                ]
              }
            ]
          }
        ]
      }
    ]
  },
  "Planning Time": 0.457,
  "Triggers": [],
  "Execution Time": 1311.122
}