{
  "Plan": {
    "Node Type": "Aggregate",
    "Strategy": "Plain",
    "Partial Mode": "Finalize",
    "Parallel Aware": false,
    "Startup Cost": 31449.3,
    "Total Cost": 31449.31,
    "Plan Rows": 1,
    "Plan Width": 8,
    "Actual Startup Time": 36.909,
    "Actual Total Time": 42.411,
    "Actual Rows": 1,
    "Actual Loops": 1,
    "Plans": [
      {
        "Node Type": "Gather",
        "Parent Relationship": "Outer",
        "Parallel Aware": false,
        "Startup Cost": 31449.19,
        "Total Cost": 31449.3,
        "Plan Rows": 1,
        "Plan Width": 8,
        "Actual Startup Time": 36.674,
        "Actual Total Time": 42.404,
        "Actual Rows": 2,
        "Actual Loops": 1,
        "Workers Planned": 1,
        "Workers Launched": 1,
        "Single Copy": false,
        "Plans": [
          {
            "Node Type": "Aggregate",
            "Strategy": "Plain",
            "Partial Mode": "Partial",
            "Parent Relationship": "Outer",
            "Parallel Aware": false,
            "Startup Cost": 30449.19,
            "Total Cost": 30449.2,
            "Plan Rows": 1,
            "Plan Width": 8,
            "Actual Startup Time": 31.473,
            "Actual Total Time": 31.474,
            "Actual Rows": 1,
            "Actual Loops": 2,
            "Plans": [
              {
                "Node Type": "Nested Loop",
                "Parent Relationship": "Outer",
                "Parallel Aware": false,
                "Join Type": "Inner",
                "Startup Cost": 94.75,
                "Total Cost": 30448.4,
                "Plan Rows": 314,
                "Plan Width": 0,
                "Actual Startup Time": 3.684,
                "Actual Total Time": 31.381,
                "Actual Rows": 480,
                "Actual Loops": 2,
                "Inner Unique": true,
                "Plans": [
                  {
                    "Node Type": "Bitmap Heap Scan",
                    "Parent Relationship": "Outer",
                    "Parallel Aware": true,
                    "Relation Name": "movie_keyword",
                    "Alias": "mk",
                    "Startup Cost": 94.32,
                    "Total Cost": 11305.86,
                    "Plan Rows": 2572,
                    "Plan Width": 4,
                    "Actual Startup Time": 2.913,
                    "Actual Total Time": 10.89,
                    "Actual Rows": 2626,
                    "Actual Loops": 2,
                    "Recheck Cond": "(keyword_id = 3311)",
                    "Rows Removed by Index Recheck": 0,
                    "Exact Heap Blocks": 3250,
                    "Lossy Heap Blocks": 0,
                    "Plans": [
                      {
                        "Node Type": "Bitmap Index Scan",
                        "Parent Relationship": "Outer",
                        "Parallel Aware": false,
                        "Index Name": "keyword_id_movie_keyword",
                        "Startup Cost": 0.0,
                        "Total Cost": 93.23,
                        "Plan Rows": 4373,
                        "Plan Width": 0,
                        "Actual Startup Time": 3.909,
                        "Actual Total Time": 3.91,
                        "Actual Rows": 5252,
                        "Actual Loops": 1,
                        "Index Cond": "(keyword_id = 3311)"
                      }
                    ]
                  },
                  {
                    "Node Type": "Index Scan",
                    "Parent Relationship": "Inner",
                    "Parallel Aware": false,
                    "Scan Direction": "Forward",
                    "Index Name": "title_pkey",
                    "Relation Name": "title",
                    "Alias": "t",
                    "Startup Cost": 0.43,
                    "Total Cost": 7.44,
                    "Plan Rows": 1,
                    "Plan Width": 4,
                    "Actual Startup Time": 0.007,
                    "Actual Total Time": 0.007,
                    "Actual Rows": 0,
                    "Actual Loops": 5252,
                    "Index Cond": "(id = mk.movie_id)",
                    "Rows Removed by Index Recheck": 0,
                    "Filter": "((kind_id < 7) AND (production_year > 2007))",
                    "Rows Removed by Filter": 1
                  }
                ]
              }
            ]
          }
        ]
      }
    ]
  },
  "Planning Time": 0.456,
  "Triggers": [],
  "Execution Time": 42.501
}