[
  {
    "Plan": {
      "Node Type": "Aggregate",
      "Strategy": "Plain",
      "Partial Mode": "Finalize",
      "Parallel Aware": false,
      "Startup Cost": 100072.84,
      "Total Cost": 100072.85,
      "Plan Rows": 1,
      "Plan Width": 8,
      "Actual Startup Time": 562.673,
      "Actual Total Time": 580.258,
      "Actual Rows": 1,
      "Actual Loops": 1,
      "Plans": [
        {
          "Node Type": "Gather",
          "Parent Relationship": "Outer",
          "Parallel Aware": false,
          "Startup Cost": 100072.52,
          "Total Cost": 100072.83,
          "Plan Rows": 3,
          "Plan Width": 8,
          "Actual Startup Time": 556.728,
          "Actual Total Time": 580.244,
          "Actual Rows": 4,
          "Actual Loops": 1,
          "Workers Planned": 3,
          "Workers Launched": 3,
          "Single Copy": false,
          "Plans": [
            {
              "Node Type": "Aggregate",
              "Strategy": "Plain",
              "Partial Mode": "Partial",
              "Parent Relationship": "Outer",
              "Parallel Aware": false,
              "Startup Cost": 99072.52,
              "Total Cost": 99072.53,
              "Plan Rows": 1,
              "Plan Width": 8,
              "Actual Startup Time": 547.869,
              "Actual Total Time": 548.355,
              "Actual Rows": 1,
              "Actual Loops": 4,
              "Plans": [
                {
                  "Node Type": "Hash Join",
                  "Parent Relationship": "Outer",
                  "Parallel Aware": true,
                  "Join Type": "Inner",
                  "Startup Cost": 65981.7,
                  "Total Cost": 98711.77,
                  "Plan Rows": 144303,
                  "Plan Width": 0,
                  "Actual Startup Time": 366.456,
                  "Actual Total Time": 540.017,
                  "Actual Rows": 165566,
                  "Actual Loops": 4,
                  "Inner Unique": false,
                  "Hash Cond": "(mc.movie_id = t.id)",
                  "Plans": [
                    {
                      "Node Type": "Seq Scan",
                      "Parent Relationship": "Outer",
                      "Parallel Aware": true,
                      "Relation Name": "movie_companies",
                      "Alias": "mc",
                      "Startup Cost": 0.0,
                      "Total Cost": 29310.68,
                      "Plan Rows": 751501,
                      "Plan Width": 4,
                      "Actual Startup Time": 0.086,
                      "Actual Total Time": 83.339,
                      "Actual Rows": 582873,
                      "Actual Loops": 4,
                      "Filter": "(company_id > 145)",
                      "Rows Removed by Filter": 69409
                    },
                    {
                      "Node Type": "Hash",
                      "Parent Relationship": "Inner",
                      "Parallel Aware": true,
                      "Startup Cost": 63453.13,
                      "Total Cost": 63453.13,
                      "Plan Rows": 202285,
                      "Plan Width": 8,
                      "Actual Startup Time": 362.453,
                      "Actual Total Time": 362.937,
                      "Actual Rows": 81149,
                      "Actual Loops": 4,
                      "Hash Buckets": 524288,
                      "Original Hash Buckets": 524288,
                      "Hash Batches": 1,
                      "Original Hash Batches": 1,
                      "Peak Memory Usage": 16832,
                      "Plans": [
                        {
                          "Node Type": "Hash Join",
                          "Parent Relationship": "Outer",
                          "Parallel Aware": true,
                          "Join Type": "Inner",
                          "Startup Cost": 48258.57,
                          "Total Cost": 63453.13,
                          "Plan Rows": 202285,
                          "Plan Width": 8,
                          "Actual Startup Time": 227.368,
                          "Actual Total Time": 337.26,
                          "Actual Rows": 81149,
                          "Actual Loops": 4,
                          "Inner Unique": true,
                          "Hash Cond": "(mi_idx.movie_id = t.id)",
                          "Plans": [
                            {
                              "Node Type": "Seq Scan",
                              "Parent Relationship": "Outer",
                              "Parallel Aware": true,
                              "Relation Name": "movie_info_idx",
                              "Alias": "mi_idx",
                              "Startup Cost": 0.0,
                              "Total Cost": 13685.15,
                              "Plan Rows": 575015,
                              "Plan Width": 4,
                              "Actual Startup Time": 0.032,
                              "Actual Total Time": 33.304,
                              "Actual Rows": 345009,
                              "Actual Loops": 4
                            },
                            {
                              "Node Type": "Hash",
                              "Parent Relationship": "Inner",
                              "Parallel Aware": true,
                              "Startup Cost": 45479.1,
                              "Total Cost": 45479.1,
                              "Plan Rows": 222358,
                              "Plan Width": 4,
                              "Actual Startup Time": 224.072,
                              "Actual Total Time": 224.073,
                              "Actual Rows": 236932,
                              "Actual Loops": 4,
                              "Hash Buckets": 1048576,
                              "Original Hash Buckets": 1048576,
                              "Hash Batches": 1,
                              "Original Hash Batches": 1,
                              "Peak Memory Usage": 45312,
                              "Plans": [
                                {
                                  "Node Type": "Seq Scan",
                                  "Parent Relationship": "Outer",
                                  "Parallel Aware": true,
                                  "Relation Name": "title",
                                  "Alias": "t",
                                  "Startup Cost": 0.0,
                                  "Total Cost": 45479.1,
                                  "Plan Rows": 222358,
                                  "Plan Width": 4,
                                  "Actual Startup Time": 0.047,
                                  "Actual Total Time": 121.546,
                                  "Actual Rows": 236932,
                                  "Actual Loops": 4,
                                  "Filter": "((kind_id > 1) AND (production_year > 2003))",
                                  "Rows Removed by Filter": 395146
                                }
                              ]
                            }
                          ]
                        }
                      ]
                    }
                  ]
                }
              ]
            }
          ]
        }
      ]
    },
    "Planning Time": 1.464,
    "Triggers": [],
    "Execution Time": 580.345
  }
]