{
  "Plan": {
    "Node Type": "Aggregate",
    "Strategy": "Plain",
    "Partial Mode": "Finalize",
    "Parallel Aware": false,
    "Startup Cost": 643611.38,
    "Total Cost": 643611.39,
    "Plan Rows": 1,
    "Plan Width": 8,
    "Actual Startup Time": 6212.258,
    "Actual Total Time": 6280.193,
    "Actual Rows": 1,
    "Actual Loops": 1,
    "Plans": [
      {
        "Node Type": "Gather",
        "Parent Relationship": "Outer",
        "Parallel Aware": false,
        "Startup Cost": 643611.27,
        "Total Cost": 643611.38,
        "Plan Rows": 1,
        "Plan Width": 8,
        "Actual Startup Time": 6205.875,
        "Actual Total Time": 6280.184,
        "Actual Rows": 2,
        "Actual Loops": 1,
        "Workers Planned": 1,
        "Workers Launched": 1,
        "Single Copy": false,
        "Plans": [
          {
            "Node Type": "Aggregate",
            "Strategy": "Plain",
            "Partial Mode": "Partial",
            "Parent Relationship": "Outer",
            "Parallel Aware": false,
            "Startup Cost": 642611.27,
            "Total Cost": 642611.28,
            "Plan Rows": 1,
            "Plan Width": 8,
            "Actual Startup Time": 6197.584,
            "Actual Total Time": 6197.588,
            "Actual Rows": 1,
            "Actual Loops": 2,
            "Plans": [
              {
                "Node Type": "Hash Join",
                "Parent Relationship": "Outer",
                "Parallel Aware": true,
                "Join Type": "Inner",
                "Startup Cost": 69460.7,
                "Total Cost": 616230.25,
                "Plan Rows": 10552406,
                "Plan Width": 0,
                "Actual Startup Time": 1075.909,
                "Actual Total Time": 5817.909,
                "Actual Rows": 8976072,
                "Actual Loops": 2,
                "Inner Unique": true,
                "Hash Cond": "(ci.movie_id = t.id)",
                "Plans": [
                  {
                    "Node Type": "Seq Scan",
                    "Parent Relationship": "Outer",
                    "Parallel Aware": true,
                    "Relation Name": "cast_info",
                    "Alias": "ci",
                    "Startup Cost": 0.0,
                    "Total Cost": 519069.44,
                    "Plan Rows": 10552406,
                    "Plan Width": 4,
                    "Actual Startup Time": 483.026,
                    "Actual Total Time": 1508.094,
                    "Actual Rows": 8976072,
                    "Actual Loops": 2,
                    "Filter": "(person_id > 1818423)",
                    "Rows Removed by Filter": 9146100
                  },
                  {
                    "Node Type": "Hash",
                    "Parent Relationship": "Inner",
                    "Parallel Aware": true,
                    "Startup Cost": 50870.31,
                    "Total Cost": 50870.31,
                    "Plan Rows": 1487231,
                    "Plan Width": 4,
                    "Actual Startup Time": 575.904,
                    "Actual Total Time": 575.904,
                    "Actual Rows": 1264156,
                    "Actual Loops": 2,
                    "Hash Buckets": 4194304,
                    "Original Hash Buckets": 4194304,
                    "Hash Batches": 1,
                    "Original Hash Batches": 1,
                    "Peak Memory Usage": 131712,
                    "Plans": [
                      {
                        "Node Type": "Seq Scan",
                        "Parent Relationship": "Outer",
                        "Parallel Aware": true,
                        "Relation Name": "title",
                        "Alias": "t",
                        "Startup Cost": 0.0,
                        "Total Cost": 50870.31,
                        "Plan Rows": 1487231,
                        "Plan Width": 4,
                        "Actual Startup Time": 0.024,
                        "Actual Total Time": 179.367,
                        "Actual Rows": 1264156,
                        "Actual Loops": 2
                      }
                    ]
                  }
                ]
              }
            ]
          }
        ]
      }
    ]
  },
  "Planning Time": 0.313,
  "Triggers": [],
  "Execution Time": 6280.243
}