{
  "Plan": {
    "Node Type": "Aggregate",
    "Strategy": "Plain",
    "Partial Mode": "Finalize",
    "Parallel Aware": false,
    "Startup Cost": 140162.24,
    "Total Cost": 140162.25,
    "Plan Rows": 1,
    "Plan Width": 8,
    "Actual Startup Time": 1025.051,
    "Actual Total Time": 1039.129,
    "Actual Rows": 1,
    "Actual Loops": 1,
    "Plans": [
      {
        "Node Type": "Gather",
        "Parent Relationship": "Outer",
        "Parallel Aware": false,
        "Startup Cost": 140162.13,
        "Total Cost": 140162.24,
        "Plan Rows": 1,
        "Plan Width": 8,
        "Actual Startup Time": 1022.353,
        "Actual Total Time": 1039.122,
        "Actual Rows": 2,
        "Actual Loops": 1,
        "Workers Planned": 1,
        "Workers Launched": 1,
        "Single Copy": false,
        "Plans": [
          {
            "Node Type": "Aggregate",
            "Strategy": "Plain",
            "Partial Mode": "Partial",
            "Parent Relationship": "Outer",
            "Parallel Aware": false,
            "Startup Cost": 139162.13,
            "Total Cost": 139162.14,
            "Plan Rows": 1,
            "Plan Width": 8,
            "Actual Startup Time": 1014.346,
            "Actual Total Time": 1014.35,
            "Actual Rows": 1,
            "Actual Loops": 2,
            "Plans": [
              {
                "Node Type": "Hash Join",
                "Parent Relationship": "Outer",
                "Parallel Aware": true,
                "Join Type": "Inner",
                "Startup Cost": 69301.86,
                "Total Cost": 133943.48,
                "Plan Rows": 2087458,
                "Plan Width": 0,
                "Actual Startup Time": 450.234,
                "Actual Total Time": 950.965,
                "Actual Rows": 1646406,
                "Actual Loops": 2,
                "Inner Unique": true,
                "Hash Cond": "(mk.movie_id = t.id)",
                "Plans": [
                  {
                    "Node Type": "Seq Scan",
                    "Parent Relationship": "Outer",
                    "Parallel Aware": true,
                    "Relation Name": "movie_keyword",
                    "Alias": "mk",
                    "Startup Cost": 0.0,
                    "Total Cost": 57718.19,
                    "Plan Rows": 2637491,
                    "Plan Width": 4,
                    "Actual Startup Time": 0.013,
                    "Actual Total Time": 199.076,
                    "Actual Rows": 2241788,
                    "Actual Loops": 2,
                    "Filter": "(keyword_id < 104427)",
                    "Rows Removed by Filter": 20177
                  },
                  {
                    "Node Type": "Hash",
                    "Parent Relationship": "Inner",
                    "Parallel Aware": true,
                    "Startup Cost": 54588.39,
                    "Total Cost": 54588.39,
                    "Plan Rows": 1177078,
                    "Plan Width": 4,
                    "Actual Startup Time": 435.403,
                    "Actual Total Time": 435.404,
                    "Actual Rows": 995328,
                    "Actual Loops": 2,
                    "Hash Buckets": 2097152,
                    "Original Hash Buckets": 2097152,
                    "Hash Batches": 1,
                    "Original Hash Batches": 1,
                    "Peak Memory Usage": 94304,
                    "Plans": [
                      {
                        "Node Type": "Seq Scan",
                        "Parent Relationship": "Outer",
                        "Parallel Aware": true,
                        "Relation Name": "title",
                        "Alias": "t",
                        "Startup Cost": 0.0,
                        "Total Cost": 54588.39,
                        "Plan Rows": 1177078,
                        "Plan Width": 4,
                        "Actual Startup Time": 0.036,
                        "Actual Total Time": 175.7,
                        "Actual Rows": 995328,
                        "Actual Loops": 2,
                        "Filter": "(production_year > 1976)",
                        "Rows Removed by Filter": 268828
                      }
                    ]
                  }
                ]
              }
            ]
          }
        ]
      }
    ]
  },
  "Planning Time": 0.85,
  "Triggers": [],
  "Execution Time": 1039.201
}