[
  {
    "Plan": {
      "Node Type": "Aggregate",
      "Strategy": "Plain",
      "Partial Mode": "Finalize",
      "Parallel Aware": false,
      "Startup Cost": 46616.63,
      "Total Cost": 46616.64,
      "Plan Rows": 1,
      "Plan Width": 8,
      "Actual Startup Time": 107.458,
      "Actual Total Time": 119.617,
      "Actual Rows": 1,
      "Actual Loops": 1,
      "Plans": [
        {
          "Node Type": "Gather",
          "Parent Relationship": "Outer",
          "Parallel Aware": false,
          "Startup Cost": 46616.21,
          "Total Cost": 46616.62,
          "Plan Rows": 4,
          "Plan Width": 8,
          "Actual Startup Time": 107.201,
          "Actual Total Time": 119.608,
          "Actual Rows": 5,
          "Actual Loops": 1,
          "Workers Planned": 4,
          "Workers Launched": 4,
          "Single Copy": false,
          "Plans": [
            {
              "Node Type": "Aggregate",
              "Strategy": "Plain",
              "Partial Mode": "Partial",
              "Parent Relationship": "Outer",
              "Parallel Aware": false,
              "Startup Cost": 45616.21,
              "Total Cost": 45616.22,
              "Plan Rows": 1,
              "Plan Width": 8,
              "Actual Startup Time": 98.104,
              "Actual Total Time": 98.105,
              "Actual Rows": 1,
              "Actual Loops": 5,
              "Plans": [
                {
                  "Node Type": "Seq Scan",
                  "Parent Relationship": "Outer",
                  "Parallel Aware": true,
                  "Relation Name": "title",
                  "Alias": "t",
                  "Startup Cost": 0.0,
                  "Total Cost": 45479.1,
                  "Plan Rows": 54846,
                  "Plan Width": 0,
                  "Actual Startup Time": 0.098,
                  "Actual Total Time": 94.439,
                  "Actual Rows": 66908,
                  "Actual Loops": 5,
                  "Filter": "((kind_id < 7) AND (production_year < 1984))",
                  "Rows Removed by Filter": 438755
                }
              ]
            }
          ]
        }
      ]
    },
    "Planning Time": 0.191,
    "Triggers": [],
    "Execution Time": 119.679
  }
]