[
  {
    "Plan": {
      "Node Type": "Aggregate",
      "Strategy": "Plain",
      "Partial Mode": "Simple",
      "Parallel Aware": false,
      "Startup Cost": 249725.74,
      "Total Cost": 249725.75,
      "Plan Rows": 1,
      "Plan Width": 8,
      "Actual Startup Time": 53.75,
      "Actual Total Time": 53.751,
      "Actual Rows": 1,
      "Actual Loops": 1,
      "Plans": [
        {
          "Node Type": "Bitmap Heap Scan",
          "Parent Relationship": "Outer",
          "Parallel Aware": false,
          "Relation Name": "cast_info",
          "Alias": "ci",
          "Startup Cost": 4012.46,
          "Total Cost": 249271.58,
          "Plan Rows": 181664,
          "Plan Width": 0,
          "Actual Startup Time": 15.588,
          "Actual Total Time": 41.695,
          "Actual Rows": 179332,
          "Actual Loops": 1,
          "Recheck Cond": "(person_id > 4032065)",
          "Rows Removed by Index Recheck": 0,
          "Exact Heap Blocks": 1983,
          "Lossy Heap Blocks": 0,
          "Plans": [
            {
              "Node Type": "Bitmap Index Scan",
              "Parent Relationship": "Outer",
              "Parallel Aware": false,
              "Index Name": "person_id_cast_info",
              "Startup Cost": 0.0,
              "Total Cost": 3967.05,
              "Plan Rows": 181664,
              "Plan Width": 0,
              "Actual Startup Time": 15.116,
              "Actual Total Time": 15.116,
              "Actual Rows": 179332,
              "Actual Loops": 1,
              "Index Cond": "(person_id > 4032065)"
            }
          ]
        }
      ]
    },
    "Planning Time": 0.17,
    "Triggers": [],
    "Execution Time": 53.788
  }
]