[
  {
    "Plan": {
      "Node Type": "Aggregate",
      "Strategy": "Plain",
      "Partial Mode": "Finalize",
      "Parallel Aware": false,
      "Startup Cost": 32553.16,
      "Total Cost": 32553.17,
      "Plan Rows": 1,
      "Plan Width": 8,
      "Actual Startup Time": 321.188,
      "Actual Total Time": 330.043,
      "Actual Rows": 1,
      "Actual Loops": 1,
      "Plans": [
        {
          "Node Type": "Gather",
          "Parent Relationship": "Outer",
          "Parallel Aware": false,
          "Startup Cost": 32552.84,
          "Total Cost": 32553.15,
          "Plan Rows": 3,
          "Plan Width": 8,
          "Actual Startup Time": 320.898,
          "Actual Total Time": 330.033,
          "Actual Rows": 4,
          "Actual Loops": 1,
          "Workers Planned": 3,
          "Workers Launched": 3,
          "Single Copy": false,
          "Plans": [
            {
              "Node Type": "Aggregate",
              "Strategy": "Plain",
              "Partial Mode": "Partial",
              "Parent Relationship": "Outer",
              "Parallel Aware": false,
              "Startup Cost": 31552.84,
              "Total Cost": 31552.85,
              "Plan Rows": 1,
              "Plan Width": 8,
              "Actual Startup Time": 316.66,
              "Actual Total Time": 316.662,
              "Actual Rows": 1,
              "Actual Loops": 4,
              "Plans": [
                {
                  "Node Type": "Bitmap Heap Scan",
                  "Parent Relationship": "Outer",
                  "Parallel Aware": true,
                  "Relation Name": "movie_keyword",
                  "Alias": "mk",
                  "Startup Cost": 5780.3,
                  "Total Cost": 31333.09,
                  "Plan Rows": 87903,
                  "Plan Width": 0,
                  "Actual Startup Time": 235.676,
                  "Actual Total Time": 311.393,
                  "Actual Rows": 69603,
                  "Actual Loops": 4,
                  "Recheck Cond": "(keyword_id > 57105)",
                  "Rows Removed by Index Recheck": 0,
                  "Exact Heap Blocks": 8612,
                  "Lossy Heap Blocks": 0,
                  "Plans": [
                    {
                      "Node Type": "Bitmap Index Scan",
                      "Parent Relationship": "Outer",
                      "Parallel Aware": false,
                      "Index Name": "keyword_id_movie_keyword",
                      "Startup Cost": 0.0,
                      "Total Cost": 5712.18,
                      "Plan Rows": 272499,
                      "Plan Width": 0,
                      "Actual Startup Time": 234.037,
                      "Actual Total Time": 234.038,
                      "Actual Rows": 278411,
                      "Actual Loops": 1,
                      "Index Cond": "(keyword_id > 57105)"
                    }
                  ]
                }
              ]
            }
          ]
        }
      ]
    },
    "Planning Time": 0.117,
    "Triggers": [],
    "Execution Time": 330.09
  }
]