[
  {
    "Plan": {
      "Node Type": "Aggregate",
      "Strategy": "Plain",
      "Partial Mode": "Finalize",
      "Parallel Aware": false,
      "Startup Cost": 46480.93,
      "Total Cost": 46480.94,
      "Plan Rows": 1,
      "Plan Width": 8,
      "Actual Startup Time": 229.257,
      "Actual Total Time": 240.114,
      "Actual Rows": 1,
      "Actual Loops": 1,
      "Plans": [
        {
          "Node Type": "Gather",
          "Parent Relationship": "Outer",
          "Parallel Aware": false,
          "Startup Cost": 46480.61,
          "Total Cost": 46480.92,
          "Plan Rows": 3,
          "Plan Width": 8,
          "Actual Startup Time": 229.14,
          "Actual Total Time": 240.105,
          "Actual Rows": 4,
          "Actual Loops": 1,
          "Workers Planned": 3,
          "Workers Launched": 3,
          "Single Copy": false,
          "Plans": [
            {
              "Node Type": "Aggregate",
              "Strategy": "Plain",
              "Partial Mode": "Partial",
              "Parent Relationship": "Outer",
              "Parallel Aware": false,
              "Startup Cost": 45480.61,
              "Total Cost": 45480.62,
              "Plan Rows": 1,
              "Plan Width": 8,
              "Actual Startup Time": 222.736,
              "Actual Total Time": 222.737,
              "Actual Rows": 1,
              "Actual Loops": 4,
              "Plans": [
                {
                  "Node Type": "Seq Scan",
                  "Parent Relationship": "Outer",
                  "Parallel Aware": true,
                  "Relation Name": "movie_keyword",
                  "Alias": "mk",
                  "Startup Cost": 0.0,
                  "Total Cost": 42695.65,
                  "Plan Rows": 1113982,
                  "Plan Width": 0,
                  "Actual Startup Time": 0.156,
                  "Actual Total Time": 165.919,
                  "Actual Rows": 859849,
                  "Actual Loops": 4,
                  "Filter": "(keyword_id > 1095)",
                  "Rows Removed by Filter": 271134
                }
              ]
            }
          ]
        }
      ]
    },
    "Planning Time": 0.188,
    "Triggers": [],
    "Execution Time": 240.172
  }
]