[
  {
    "Plan": {
      "Node Type": "Aggregate",
      "Strategy": "Plain",
      "Partial Mode": "Finalize",
      "Parallel Aware": false,
      "Startup Cost": 231502.75,
      "Total Cost": 231502.76,
      "Plan Rows": 1,
      "Plan Width": 8,
      "Actual Startup Time": 3787.47,
      "Actual Total Time": 3880.216,
      "Actual Rows": 1,
      "Actual Loops": 1,
      "Plans": [
        {
          "Node Type": "Gather",
          "Parent Relationship": "Outer",
          "Parallel Aware": false,
          "Startup Cost": 231502.44,
          "Total Cost": 231502.75,
          "Plan Rows": 3,
          "Plan Width": 8,
          "Actual Startup Time": 3782.699,
          "Actual Total Time": 3880.204,
          "Actual Rows": 4,
          "Actual Loops": 1,
          "Workers Planned": 3,
          "Workers Launched": 3,
          "Single Copy": false,
          "Plans": [
            {
              "Node Type": "Aggregate",
              "Strategy": "Plain",
              "Partial Mode": "Partial",
              "Parent Relationship": "Outer",
              "Parallel Aware": false,
              "Startup Cost": 230502.44,
              "Total Cost": 230502.45,
              "Plan Rows": 1,
              "Plan Width": 8,
              "Actual Startup Time": 3776.502,
              "Actual Total Time": 3776.508,
              "Actual Rows": 1,
              "Actual Loops": 4,
              "Plans": [
                {
                  "Node Type": "Nested Loop",
                  "Parent Relationship": "Outer",
                  "Parallel Aware": false,
                  "Join Type": "Inner",
                  "Startup Cost": 54868.32,
                  "Total Cost": 228854.79,
                  "Plan Rows": 659058,
                  "Plan Width": 0,
                  "Actual Startup Time": 250.662,
                  "Actual Total Time": 3548.029,
                  "Actual Rows": 4119664,
                  "Actual Loops": 4,
                  "Inner Unique": false,
                  "Plans": [
                    {
                      "Node Type": "Hash Join",
                      "Parent Relationship": "Outer",
                      "Parallel Aware": true,
                      "Join Type": "Inner",
                      "Startup Cost": 54867.75,
                      "Total Cost": 81135.6,
                      "Plan Rows": 46790,
                      "Plan Width": 8,
                      "Actual Startup Time": 250.516,
                      "Actual Total Time": 341.217,
                      "Actual Rows": 83439,
                      "Actual Loops": 4,
                      "Inner Unique": true,
                      "Hash Cond": "(mk.movie_id = t.id)",
                      "Plans": [
                        {
                          "Node Type": "Bitmap Heap Scan",
                          "Parent Relationship": "Outer",
                          "Parallel Aware": true,
                          "Relation Name": "movie_keyword",
                          "Alias": "mk",
                          "Startup Cost": 7885.6,
                          "Total Cost": 33838.65,
                          "Plan Rows": 119924,
                          "Plan Width": 4,
                          "Actual Startup Time": 33.743,
                          "Actual Total Time": 78.824,
                          "Actual Rows": 93013,
                          "Actual Loops": 4,
                          "Recheck Cond": "(keyword_id > 45501)",
                          "Rows Removed by Index Recheck": 0,
                          "Exact Heap Blocks": 6697,
                          "Lossy Heap Blocks": 0,
                          "Plans": [
                            {
                              "Node Type": "Bitmap Index Scan",
                              "Parent Relationship": "Outer",
                              "Parallel Aware": false,
                              "Index Name": "keyword_id_movie_keyword",
                              "Startup Cost": 0.0,
                              "Total Cost": 7792.66,
                              "Plan Rows": 371764,
                              "Plan Width": 0,
                              "Actual Startup Time": 28.453,
                              "Actual Total Time": 28.454,
                              "Actual Rows": 372052,
                              "Actual Loops": 1,
                              "Index Cond": "(keyword_id > 45501)"
                            }
                          ]
                        },
                        {
                          "Node Type": "Hash",
                          "Parent Relationship": "Inner",
                          "Parallel Aware": true,
                          "Startup Cost": 43899.32,
                          "Total Cost": 43899.32,
                          "Plan Rows": 246626,
                          "Plan Width": 4,
                          "Actual Startup Time": 213.585,
                          "Actual Total Time": 213.587,
                          "Actual Rows": 246262,
                          "Actual Loops": 4,
                          "Hash Buckets": 1048576,
                          "Original Hash Buckets": 1048576,
                          "Hash Batches": 1,
                          "Original Hash Batches": 1,
                          "Peak Memory Usage": 46816,
                          "Plans": [
                            {
                              "Node Type": "Seq Scan",
                              "Parent Relationship": "Outer",
                              "Parallel Aware": true,
                              "Relation Name": "title",
                              "Alias": "t",
                              "Startup Cost": 0.0,
                              "Total Cost": 43899.32,
                              "Plan Rows": 246626,
                              "Plan Width": 4,
                              "Actual Startup Time": 0.031,
                              "Actual Total Time": 116.365,
                              "Actual Rows": 246262,
                              "Actual Loops": 4,
                              "Filter": "(kind_id < 7)",
                              "Rows Removed by Filter": 385816
                            }
                          ]
                        }
                      ]
                    },
                    {
                      "Node Type": "Index Scan",
                      "Parent Relationship": "Inner",
                      "Parallel Aware": false,
                      "Scan Direction": "Forward",
                      "Index Name": "movie_id_cast_info",
                      "Relation Name": "cast_info",
                      "Alias": "ci",
                      "Startup Cost": 0.56,
                      "Total Cost": 2.82,
                      "Plan Rows": 34,
                      "Plan Width": 4,
                      "Actual Startup Time": 0.004,
                      "Actual Total Time": 0.034,
                      "Actual Rows": 49,
                      "Actual Loops": 333757,
                      "Index Cond": "(movie_id = t.id)",
                      "Rows Removed by Index Recheck": 0,
                      "Filter": "(person_id > 71221)",
                      "Rows Removed by Filter": 1
                    }
                  ]
                }
              ]
            }
          ]
        }
      ]
    },
    "Planning Time": 0.579,
    "Triggers": [],
    "Execution Time": 3880.299
  }
]