[
  {
    "Plan": {
      "Node Type": "Aggregate",
      "Strategy": "Plain",
      "Partial Mode": "Finalize",
      "Parallel Aware": false,
      "Startup Cost": 331357.43,
      "Total Cost": 331357.44,
      "Plan Rows": 1,
      "Plan Width": 8,
      "Actual Startup Time": 641.108,
      "Actual Total Time": 688.827,
      "Actual Rows": 1,
      "Actual Loops": 1,
      "Plans": [
        {
          "Node Type": "Gather",
          "Parent Relationship": "Outer",
          "Parallel Aware": false,
          "Startup Cost": 331356.81,
          "Total Cost": 331357.42,
          "Plan Rows": 6,
          "Plan Width": 8,
          "Actual Startup Time": 640.922,
          "Actual Total Time": 688.813,
          "Actual Rows": 7,
          "Actual Loops": 1,
          "Workers Planned": 6,
          "Workers Launched": 6,
          "Single Copy": false,
          "Plans": [
            {
              "Node Type": "Aggregate",
              "Strategy": "Plain",
              "Partial Mode": "Partial",
              "Parent Relationship": "Outer",
              "Parallel Aware": false,
              "Startup Cost": 330356.81,
              "Total Cost": 330356.82,
              "Plan Rows": 1,
              "Plan Width": 8,
              "Actual Startup Time": 631.687,
              "Actual Total Time": 631.688,
              "Actual Rows": 1,
              "Actual Loops": 7,
              "Plans": [
                {
                  "Node Type": "Seq Scan",
                  "Parent Relationship": "Outer",
                  "Parallel Aware": true,
                  "Relation Name": "cast_info",
                  "Alias": "ci",
                  "Startup Cost": 0.0,
                  "Total Cost": 328211.39,
                  "Plan Rows": 858166,
                  "Plan Width": 0,
                  "Actual Startup Time": 407.942,
                  "Actual Total Time": 591.634,
                  "Actual Rows": 731397,
                  "Actual Loops": 7,
                  "Filter": "(person_id > 3155643)",
                  "Rows Removed by Filter": 4446367
                }
              ]
            }
          ]
        }
      ]
    },
    "Planning Time": 0.13,
    "Triggers": [],
    "Execution Time": 688.893
  }
]