[
  {
    "Plan": {
      "Node Type": "Aggregate",
      "Strategy": "Plain",
      "Partial Mode": "Finalize",
      "Parallel Aware": false,
      "Startup Cost": 331355.54,
      "Total Cost": 331355.55,
      "Plan Rows": 1,
      "Plan Width": 8,
      "Actual Startup Time": 560.924,
      "Actual Total Time": 617.324,
      "Actual Rows": 1,
      "Actual Loops": 1,
      "Plans": [
        {
          "Node Type": "Gather",
          "Parent Relationship": "Outer",
          "Parallel Aware": false,
          "Startup Cost": 331354.92,
          "Total Cost": 331355.53,
          "Plan Rows": 6,
          "Plan Width": 8,
          "Actual Startup Time": 560.682,
          "Actual Total Time": 617.314,
          "Actual Rows": 7,
          "Actual Loops": 1,
          "Workers Planned": 6,
          "Workers Launched": 6,
          "Single Copy": false,
          "Plans": [
            {
              "Node Type": "Aggregate",
              "Strategy": "Plain",
              "Partial Mode": "Partial",
              "Parent Relationship": "Outer",
              "Parallel Aware": false,
              "Startup Cost": 330354.92,
              "Total Cost": 330354.93,
              "Plan Rows": 1,
              "Plan Width": 8,
              "Actual Startup Time": 553.271,
              "Actual Total Time": 553.272,
              "Actual Rows": 1,
              "Actual Loops": 7,
              "Plans": [
                {
                  "Node Type": "Seq Scan",
                  "Parent Relationship": "Outer",
                  "Parallel Aware": true,
                  "Relation Name": "cast_info",
                  "Alias": "ci",
                  "Startup Cost": 0.0,
                  "Total Cost": 328162.03,
                  "Plan Rows": 877156,
                  "Plan Width": 0,
                  "Actual Startup Time": 359.984,
                  "Actual Total Time": 522.355,
                  "Actual Rows": 731397,
                  "Actual Loops": 7,
                  "Filter": "(person_id > 3155643)",
                  "Rows Removed by Filter": 4446367
                }
              ]
            }
          ]
        }
      ]
    },
    "Planning Time": 0.128,
    "Triggers": [],
    "Execution Time": 617.377
  }
]