[
  {
    "Plan": {
      "Node Type": "Aggregate",
      "Strategy": "Plain",
      "Partial Mode": "Finalize",
      "Parallel Aware": false,
      "Startup Cost": 333564.92,
      "Total Cost": 333564.93,
      "Plan Rows": 1,
      "Plan Width": 8,
      "Actual Startup Time": 613.827,
      "Actual Total Time": 659.064,
      "Actual Rows": 1,
      "Actual Loops": 1,
      "Plans": [
        {
          "Node Type": "Gather",
          "Parent Relationship": "Outer",
          "Parallel Aware": false,
          "Startup Cost": 333564.29,
          "Total Cost": 333564.9,
          "Plan Rows": 6,
          "Plan Width": 8,
          "Actual Startup Time": 613.615,
          "Actual Total Time": 659.052,
          "Actual Rows": 7,
          "Actual Loops": 1,
          "Workers Planned": 6,
          "Workers Launched": 6,
          "Single Copy": false,
          "Plans": [
            {
              "Node Type": "Aggregate",
              "Strategy": "Plain",
              "Partial Mode": "Partial",
              "Parent Relationship": "Outer",
              "Parallel Aware": false,
              "Startup Cost": 332564.29,
              "Total Cost": 332564.3,
              "Plan Rows": 1,
              "Plan Width": 8,
              "Actual Startup Time": 605.249,
              "Actual Total Time": 605.25,
              "Actual Rows": 1,
              "Actual Loops": 7,
              "Plans": [
                {
                  "Node Type": "Seq Scan",
                  "Parent Relationship": "Outer",
                  "Parallel Aware": true,
                  "Relation Name": "cast_info",
                  "Alias": "ci",
                  "Startup Cost": 0.0,
                  "Total Cost": 328211.39,
                  "Plan Rows": 1741160,
                  "Plan Width": 0,
                  "Actual Startup Time": 281.372,
                  "Actual Total Time": 540.522,
                  "Actual Rows": 1472863,
                  "Actual Loops": 7,
                  "Filter": "(person_id > 2680683)",
                  "Rows Removed by Filter": 3704901
                }
              ]
            }
          ]
        }
      ]
    },
    "Planning Time": 0.095,
    "Triggers": [],
    "Execution Time": 659.107
  }
]