{
  "Plan": {
    "Node Type": "Aggregate",
    "Strategy": "Plain",
    "Partial Mode": "Finalize",
    "Parallel Aware": false,
    "Startup Cost": 218700.56,
    "Total Cost": 218700.57,
    "Plan Rows": 1,
    "Plan Width": 8,
    "Actual Startup Time": 1228.856,
    "Actual Total Time": 1247.134,
    "Actual Rows": 1,
    "Actual Loops": 1,
    "Plans": [
      {
        "Node Type": "Gather",
        "Parent Relationship": "Outer",
        "Parallel Aware": false,
        "Startup Cost": 218700.45,
        "Total Cost": 218700.56,
        "Plan Rows": 1,
        "Plan Width": 8,
        "Actual Startup Time": 1225.721,
        "Actual Total Time": 1247.125,
        "Actual Rows": 2,
        "Actual Loops": 1,
        "Workers Planned": 1,
        "Workers Launched": 1,
        "Single Copy": false,
        "Plans": [
          {
            "Node Type": "Aggregate",
            "Strategy": "Plain",
            "Partial Mode": "Partial",
            "Parent Relationship": "Outer",
            "Parallel Aware": false,
            "Startup Cost": 217700.45,
            "Total Cost": 217700.46,
            "Plan Rows": 1,
            "Plan Width": 8,
            "Actual Startup Time": 1219.628,
            "Actual Total Time": 1219.793,
            "Actual Rows": 1,
            "Actual Loops": 2,
            "Plans": [
              {
                "Node Type": "Hash Join",
                "Parent Relationship": "Outer",
                "Parallel Aware": true,
                "Join Type": "Inner",
                "Startup Cost": 148995.31,
                "Total Cost": 217292.02,
                "Plan Rows": 163373,
                "Plan Width": 0,
                "Actual Startup Time": 644.709,
                "Actual Total Time": 1141.649,
                "Actual Rows": 2062602,
                "Actual Loops": 2,
                "Inner Unique": false,
                "Hash Cond": "(mk.movie_id = t.id)",
                "Plans": [
                  {
                    "Node Type": "Seq Scan",
                    "Parent Relationship": "Outer",
                    "Parallel Aware": true,
                    "Relation Name": "movie_keyword",
                    "Alias": "mk",
                    "Startup Cost": 0.0,
                    "Total Cost": 57718.19,
                    "Plan Rows": 2564665,
                    "Plan Width": 4,
                    "Actual Startup Time": 0.014,
                    "Actual Total Time": 203.28,
                    "Actual Rows": 2173184,
                    "Actual Loops": 2,
                    "Filter": "(keyword_id > 121)",
                    "Rows Removed by Filter": 88781
                  },
                  {
                    "Node Type": "Hash",
                    "Parent Relationship": "Inner",
                    "Parallel Aware": true,
                    "Startup Cost": 147811.07,
                    "Total Cost": 147811.07,
                    "Plan Rows": 94739,
                    "Plan Width": 8,
                    "Actual Startup Time": 641.216,
                    "Actual Total Time": 641.219,
                    "Actual Rows": 188652,
                    "Actual Loops": 2,
                    "Hash Buckets": 524288,
                    "Original Hash Buckets": 262144,
                    "Hash Batches": 1,
                    "Original Hash Batches": 1,
                    "Peak Memory Usage": 20928,
                    "Plans": [
                      {
                        "Node Type": "Merge Join",
                        "Parent Relationship": "Outer",
                        "Parallel Aware": false,
                        "Join Type": "Inner",
                        "Startup Cost": 95423.14,
                        "Total Cost": 147811.07,
                        "Plan Rows": 94739,
                        "Plan Width": 8,
                        "Actual Startup Time": 318.71,
                        "Actual Total Time": 595.747,
                        "Actual Rows": 188652,
                        "Actual Loops": 2,
                        "Inner Unique": true,
                        "Merge Cond": "(mi_idx.movie_id = t.id)",
                        "Plans": [
                          {
                            "Node Type": "Index Only Scan",
                            "Parent Relationship": "Outer",
                            "Parallel Aware": true,
                            "Scan Direction": "Forward",
                            "Index Name": "movie_id_movie_info_idx",
                            "Relation Name": "movie_info_idx",
                            "Alias": "mi_idx",
                            "Startup Cost": 0.43,
                            "Total Cost": 47937.73,
                            "Plan Rows": 811785,
                            "Plan Width": 4,
                            "Actual Startup Time": 0.122,
                            "Actual Total Time": 145.494,
                            "Actual Rows": 690018,
                            "Actual Loops": 2,
                            "Heap Fetches": 1380035
                          },
                          {
                            "Node Type": "Sort",
                            "Parent Relationship": "Inner",
                            "Parallel Aware": false,
                            "Startup Cost": 95422.68,
                            "Total Cost": 96160.33,
                            "Plan Rows": 295062,
                            "Plan Width": 4,
                            "Actual Startup Time": 318.558,
                            "Actual Total Time": 372.687,
                            "Actual Rows": 411046,
                            "Actual Loops": 2,
                            "Sort Key": [
                              "t.id"
                            ],
                            "Sort Method": "quicksort",
                            "Sort Space Used": 31586,
                            "Sort Space Type": "Memory",
                            "Workers": [
                              {
                                "Worker Number": 0,
                                "Sort Method": "quicksort",
                                "Sort Space Used": 31586,
                                "Sort Space Type": "Memory"
                              }
                            ],
                            "Plans": [
                              {
                                "Node Type": "Bitmap Heap Scan",
                                "Parent Relationship": "Outer",
                                "Parallel Aware": false,
                                "Relation Name": "title",
                                "Alias": "t",
                                "Startup Cost": 17745.91,
                                "Total Cost": 68615.33,
                                "Plan Rows": 295062,
                                "Plan Width": 4,
                                "Actual Startup Time": 56.841,
                                "Actual Total Time": 214.759,
                                "Actual Rows": 411690,
                                "Actual Loops": 2,
                                "Recheck Cond": "(kind_id < 7)",
                                "Rows Removed by Index Recheck": 0,
                                "Filter": "(production_year < 1993)",
                                "Rows Removed by Filter": 573358,
                                "Exact Heap Blocks": 35472,
                                "Lossy Heap Blocks": 0,
                                "Plans": [
                                  {
                                    "Node Type": "Bitmap Index Scan",
                                    "Parent Relationship": "Outer",
                                    "Parallel Aware": false,
                                    "Index Name": "kind_id_title",
                                    "Startup Cost": 0.0,
                                    "Total Cost": 17672.14,
                                    "Plan Rows": 991428,
                                    "Plan Width": 0,
                                    "Actual Startup Time": 52.017,
                                    "Actual Total Time": 52.018,
                                    "Actual Rows": 985048,
                                    "Actual Loops": 2,
                                    "Index Cond": "(kind_id < 7)"
                                  }
                                ]
                              }
                            ]
                          }
                        ]
                      }
                    ]
                  }
                ]
              }
            ]
          }
        ]
      }
    ]
  },
  "Planning Time": 1.087,
  "Triggers": [],
  "Execution Time": 1251.238
}