[
  {
    "Plan": {
      "Node Type": "Aggregate",
      "Strategy": "Plain",
      "Partial Mode": "Finalize",
      "Parallel Aware": false,
      "Startup Cost": 332585.68,
      "Total Cost": 332585.69,
      "Plan Rows": 1,
      "Plan Width": 8,
      "Actual Startup Time": 639.179,
      "Actual Total Time": 685.115,
      "Actual Rows": 1,
      "Actual Loops": 1,
      "Plans": [
        {
          "Node Type": "Gather",
          "Parent Relationship": "Outer",
          "Parallel Aware": false,
          "Startup Cost": 332585.05,
          "Total Cost": 332585.66,
          "Plan Rows": 6,
          "Plan Width": 8,
          "Actual Startup Time": 638.999,
          "Actual Total Time": 685.103,
          "Actual Rows": 7,
          "Actual Loops": 1,
          "Workers Planned": 6,
          "Workers Launched": 6,
          "Single Copy": false,
          "Plans": [
            {
              "Node Type": "Aggregate",
              "Strategy": "Plain",
              "Partial Mode": "Partial",
              "Parent Relationship": "Outer",
              "Parallel Aware": false,
              "Startup Cost": 331585.05,
              "Total Cost": 331585.06,
              "Plan Rows": 1,
              "Plan Width": 8,
              "Actual Startup Time": 628.98,
              "Actual Total Time": 628.982,
              "Actual Rows": 1,
              "Actual Loops": 7,
              "Plans": [
                {
                  "Node Type": "Seq Scan",
                  "Parent Relationship": "Outer",
                  "Parallel Aware": true,
                  "Relation Name": "cast_info",
                  "Alias": "ci",
                  "Startup Cost": 0.0,
                  "Total Cost": 328211.39,
                  "Plan Rows": 1349464,
                  "Plan Width": 0,
                  "Actual Startup Time": 0.077,
                  "Actual Total Time": 566.835,
                  "Actual Rows": 1174926,
                  "Actual Loops": 7,
                  "Filter": "(person_id < 803368)",
                  "Rows Removed by Filter": 4002837
                }
              ]
            }
          ]
        }
      ]
    },
    "Planning Time": 0.087,
    "Triggers": [],
    "Execution Time": 685.161
  }
]