{
  "Plan": {
    "Node Type": "Aggregate",
    "Strategy": "Plain",
    "Partial Mode": "Finalize",
    "Parallel Aware": false,
    "Startup Cost": 94887.79,
    "Total Cost": 94887.8,
    "Plan Rows": 1,
    "Plan Width": 8,
    "Actual Startup Time": 186.87,
    "Actual Total Time": 205.267,
    "Actual Rows": 1,
    "Actual Loops": 1,
    "Plans": [
      {
        "Node Type": "Gather",
        "Parent Relationship": "Outer",
        "Parallel Aware": false,
        "Startup Cost": 94887.67,
        "Total Cost": 94887.78,
        "Plan Rows": 1,
        "Plan Width": 8,
        "Actual Startup Time": 186.764,
        "Actual Total Time": 205.26,
        "Actual Rows": 2,
        "Actual Loops": 1,
        "Workers Planned": 1,
        "Workers Launched": 1,
        "Single Copy": false,
        "Plans": [
          {
            "Node Type": "Aggregate",
            "Strategy": "Plain",
            "Partial Mode": "Partial",
            "Parent Relationship": "Outer",
            "Parallel Aware": false,
            "Startup Cost": 93887.67,
            "Total Cost": 93887.68,
            "Plan Rows": 1,
            "Plan Width": 8,
            "Actual Startup Time": 180.816,
            "Actual Total Time": 180.817,
            "Actual Rows": 1,
            "Actual Loops": 2,
            "Plans": [
              {
                "Node Type": "Nested Loop",
                "Parent Relationship": "Outer",
                "Parallel Aware": false,
                "Join Type": "Inner",
                "Startup Cost": 0.43,
                "Total Cost": 93869.2,
                "Plan Rows": 7390,
                "Plan Width": 0,
                "Actual Startup Time": 4.472,
                "Actual Total Time": 179.893,
                "Actual Rows": 18828,
                "Actual Loops": 2,
                "Inner Unique": false,
                "Plans": [
                  {
                    "Node Type": "Seq Scan",
                    "Parent Relationship": "Outer",
                    "Parallel Aware": true,
                    "Relation Name": "title",
                    "Alias": "t",
                    "Startup Cost": 0.0,
                    "Total Cost": 58306.47,
                    "Plan Rows": 4130,
                    "Plan Width": 4,
                    "Actual Startup Time": 0.449,
                    "Actual Total Time": 145.475,
                    "Actual Rows": 3569,
                    "Actual Loops": 2,
                    "Filter": "((kind_id < 4) AND (production_year = 1988))",
                    "Rows Removed by Filter": 1260587
                  },
                  {
                    "Node Type": "Index Only Scan",
                    "Parent Relationship": "Inner",
                    "Parallel Aware": false,
                    "Scan Direction": "Forward",
                    "Index Name": "movie_id_movie_keyword",
                    "Relation Name": "movie_keyword",
                    "Alias": "mk",
                    "Startup Cost": 0.43,
                    "Total Cost": 8.16,
                    "Plan Rows": 45,
                    "Plan Width": 4,
                    "Actual Startup Time": 0.008,
                    "Actual Total Time": 0.009,
                    "Actual Rows": 5,
                    "Actual Loops": 7138,
                    "Index Cond": "(movie_id = t.id)",
                    "Rows Removed by Index Recheck": 0,
                    "Heap Fetches": 37656
                  }
                ]
              }
            ]
          }
        ]
      }
    ]
  },
  "Planning Time": 0.509,
  "Triggers": [],
  "Execution Time": 205.343
}