{
  "Plan": {
    "Node Type": "Aggregate",
    "Strategy": "Plain",
    "Partial Mode": "Finalize",
    "Parallel Aware": false,
    "Startup Cost": 144985.51,
    "Total Cost": 144985.52,
    "Plan Rows": 1,
    "Plan Width": 8,
    "Actual Startup Time": 518.006,
    "Actual Total Time": 534.248,
    "Actual Rows": 1,
    "Actual Loops": 1,
    "Plans": [
      {
        "Node Type": "Gather",
        "Parent Relationship": "Outer",
        "Parallel Aware": false,
        "Startup Cost": 144985.4,
        "Total Cost": 144985.51,
        "Plan Rows": 1,
        "Plan Width": 8,
        "Actual Startup Time": 517.401,
        "Actual Total Time": 534.239,
        "Actual Rows": 2,
        "Actual Loops": 1,
        "Workers Planned": 1,
        "Workers Launched": 1,
        "Single Copy": false,
        "Plans": [
          {
            "Node Type": "Aggregate",
            "Strategy": "Plain",
            "Partial Mode": "Partial",
            "Parent Relationship": "Outer",
            "Parallel Aware": false,
            "Startup Cost": 143985.4,
            "Total Cost": 143985.41,
            "Plan Rows": 1,
            "Plan Width": 8,
            "Actual Startup Time": 512.899,
            "Actual Total Time": 512.904,
            "Actual Rows": 1,
            "Actual Loops": 2,
            "Plans": [
              {
                "Node Type": "Hash Join",
                "Parent Relationship": "Outer",
                "Parallel Aware": true,
                "Join Type": "Inner",
                "Startup Cost": 100558.9,
                "Total Cost": 143969.69,
                "Plan Rows": 6283,
                "Plan Width": 0,
                "Actual Startup Time": 361.028,
                "Actual Total Time": 509.263,
                "Actual Rows": 65676,
                "Actual Loops": 2,
                "Inner Unique": false,
                "Hash Cond": "(mc.movie_id = t.id)",
                "Plans": [
                  {
                    "Node Type": "Index Scan",
                    "Parent Relationship": "Outer",
                    "Parallel Aware": true,
                    "Scan Direction": "Forward",
                    "Index Name": "company_type_id_movie_companies",
                    "Relation Name": "movie_companies",
                    "Alias": "mc",
                    "Startup Cost": 0.43,
                    "Total Cost": 41574.35,
                    "Plan Rows": 479975,
                    "Plan Width": 4,
                    "Actual Startup Time": 5.02,
                    "Actual Total Time": 119.445,
                    "Actual Rows": 301974,
                    "Actual Loops": 2,
                    "Index Cond": "(company_type_id < 2)",
                    "Rows Removed by Index Recheck": 0,
                    "Filter": "(company_id > 3729)",
                    "Rows Removed by Filter": 335149
                  },
                  {
                    "Node Type": "Hash",
                    "Parent Relationship": "Inner",
                    "Parallel Aware": true,
                    "Startup Cost": 100315.12,
                    "Total Cost": 100315.12,
                    "Plan Rows": 19468,
                    "Plan Width": 8,
                    "Actual Startup Time": 350.801,
                    "Actual Total Time": 350.805,
                    "Actual Rows": 16153,
                    "Actual Loops": 2,
                    "Hash Buckets": 65536,
                    "Original Hash Buckets": 65536,
                    "Hash Batches": 1,
                    "Original Hash Batches": 1,
                    "Peak Memory Usage": 1792,
                    "Plans": [
                      {
                        "Node Type": "Hash Join",
                        "Parent Relationship": "Outer",
                        "Parallel Aware": true,
                        "Join Type": "Inner",
                        "Startup Cost": 71006.92,
                        "Total Cost": 100315.12,
                        "Plan Rows": 19468,
                        "Plan Width": 8,
                        "Actual Startup Time": 233.96,
                        "Actual Total Time": 346.446,
                        "Actual Rows": 16153,
                        "Actual Loops": 2,
                        "Inner Unique": true,
                        "Hash Cond": "(mk.movie_id = t.id)",
                        "Plans": [
                          {
                            "Node Type": "Bitmap Heap Scan",
                            "Parent Relationship": "Outer",
                            "Parallel Aware": true,
                            "Relation Name": "movie_keyword",
                            "Alias": "mk",
                            "Startup Cost": 11572.8,
                            "Total Cost": 40038.54,
                            "Plan Rows": 320939,
                            "Plan Width": 4,
                            "Actual Startup Time": 37.578,
                            "Actual Total Time": 111.399,
                            "Actual Rows": 264940,
                            "Actual Loops": 2,
                            "Recheck Cond": "(keyword_id > 34413)",
                            "Rows Removed by Index Recheck": 0,
                            "Exact Heap Blocks": 10028,
                            "Lossy Heap Blocks": 0,
                            "Plans": [
                              {
                                "Node Type": "Bitmap Index Scan",
                                "Parent Relationship": "Outer",
                                "Parallel Aware": false,
                                "Index Name": "keyword_id_movie_keyword",
                                "Startup Cost": 0.0,
                                "Total Cost": 11436.4,
                                "Plan Rows": 545596,
                                "Plan Width": 0,
                                "Actual Startup Time": 34.082,
                                "Actual Total Time": 34.082,
                                "Actual Rows": 529879,
                                "Actual Loops": 1,
                                "Index Cond": "(keyword_id > 34413)"
                              }
                            ]
                          },
                          {
                            "Node Type": "Hash",
                            "Parent Relationship": "Inner",
                            "Parallel Aware": true,
                            "Startup Cost": 58306.47,
                            "Total Cost": 58306.47,
                            "Plan Rows": 90212,
                            "Plan Width": 4,
                            "Actual Startup Time": 194.013,
                            "Actual Total Time": 194.014,
                            "Actual Rows": 67380,
                            "Actual Loops": 2,
                            "Hash Buckets": 262144,
                            "Original Hash Buckets": 262144,
                            "Hash Batches": 1,
                            "Original Hash Batches": 1,
                            "Peak Memory Usage": 7360,
                            "Plans": [
                              {
                                "Node Type": "Seq Scan",
                                "Parent Relationship": "Outer",
                                "Parallel Aware": true,
                                "Relation Name": "title",
                                "Alias": "t",
                                "Startup Cost": 0.0,
                                "Total Cost": 58306.47,
                                "Plan Rows": 90212,
                                "Plan Width": 4,
                                "Actual Startup Time": 0.08,
                                "Actual Total Time": 173.449,
                                "Actual Rows": 67380,
                                "Actual Loops": 2,
                                "Filter": "((kind_id < 7) AND (production_year > 2010))",
                                "Rows Removed by Filter": 1196776
                              }
                            ]
                          }
                        ]
                      }
                    ]
                  }
                ]
              }
            ]
          }
        ]
      }
    ]
  },
  "Planning Time": 1.105,
  "Triggers": [],
  "Execution Time": 534.355
}