[
  {
    "Plan": {
      "Node Type": "Aggregate",
      "Strategy": "Plain",
      "Partial Mode": "Simple",
      "Parallel Aware": false,
      "Startup Cost": 3788.67,
      "Total Cost": 3788.68,
      "Plan Rows": 1,
      "Plan Width": 96,
      "Actual Startup Time": 669.568,
      "Actual Total Time": 669.578,
      "Actual Rows": 1,
      "Actual Loops": 1,
      "Plans": [
        {
          "Node Type": "Nested Loop",
          "Parent Relationship": "Outer",
          "Parallel Aware": false,
          "Join Type": "Inner",
          "Startup Cost": 15.61,
          "Total Cost": 3788.66,
          "Plan Rows": 1,
          "Plan Width": 48,
          "Actual Startup Time": 669.565,
          "Actual Total Time": 669.573,
          "Actual Rows": 0,
          "Actual Loops": 1,
          "Inner Unique": true,
          "Plans": [
            {
              "Node Type": "Nested Loop",
              "Parent Relationship": "Outer",
              "Parallel Aware": false,
              "Join Type": "Inner",
              "Startup Cost": 15.48,
              "Total Cost": 3788.49,
              "Plan Rows": 1,
              "Plan Width": 52,
              "Actual Startup Time": 435.887,
              "Actual Total Time": 668.042,
              "Actual Rows": 2160,
              "Actual Loops": 1,
              "Inner Unique": true,
              "Plans": [
                {
                  "Node Type": "Nested Loop",
                  "Parent Relationship": "Outer",
                  "Parallel Aware": false,
                  "Join Type": "Inner",
                  "Startup Cost": 15.35,
                  "Total Cost": 3788.32,
                  "Plan Rows": 1,
                  "Plan Width": 56,
                  "Actual Startup Time": 435.873,
                  "Actual Total Time": 664.757,
                  "Actual Rows": 4320,
                  "Actual Loops": 1,
                  "Inner Unique": false,
                  "Join Filter": "(t.id = cc.movie_id)",
                  "Rows Removed by Join Filter": 0,
                  "Plans": [
                    {
                      "Node Type": "Nested Loop",
                      "Parent Relationship": "Outer",
                      "Parallel Aware": false,
                      "Join Type": "Inner",
                      "Startup Cost": 14.93,
                      "Total Cost": 3787.84,
                      "Plan Rows": 1,
                      "Plan Width": 68,
                      "Actual Startup Time": 61.387,
                      "Actual Total Time": 660.875,
                      "Actual Rows": 2376,
                      "Actual Loops": 1,
                      "Inner Unique": true,
                      "Join Filter": "(ci.person_id = n.id)",
                      "Rows Removed by Join Filter": 0,
                      "Plans": [
                        {
                          "Node Type": "Nested Loop",
                          "Parent Relationship": "Outer",
                          "Parallel Aware": false,
                          "Join Type": "Inner",
                          "Startup Cost": 14.5,
                          "Total Cost": 3787.28,
                          "Plan Rows": 1,
                          "Plan Width": 65,
                          "Actual Startup Time": 9.719,
                          "Actual Total Time": 629.665,
                          "Actual Rows": 23773,
                          "Actual Loops": 1,
                          "Inner Unique": true,
                          "Plans": [
                            {
                              "Node Type": "Nested Loop",
                              "Parent Relationship": "Outer",
                              "Parallel Aware": false,
                              "Join Type": "Inner",
                              "Startup Cost": 14.36,
                              "Total Cost": 3787.1,
                              "Plan Rows": 1,
                              "Plan Width": 69,
                              "Actual Startup Time": 9.705,
                              "Actual Total Time": 610.417,
                              "Actual Rows": 23773,
                              "Actual Loops": 1,
                              "Inner Unique": false,
                              "Join Filter": "(t.id = mi.movie_id)",
                              "Rows Removed by Join Filter": 0,
                              "Plans": [
                                {
                                  "Node Type": "Nested Loop",
                                  "Parent Relationship": "Outer",
                                  "Parallel Aware": false,
                                  "Join Type": "Inner",
                                  "Startup Cost": 13.93,
                                  "Total Cost": 3785.54,
                                  "Plan Rows": 1,
                                  "Plan Width": 61,
                                  "Actual Startup Time": 2.677,
                                  "Actual Total Time": 116.884,
                                  "Actual Rows": 9512,
                                  "Actual Loops": 1,
                                  "Inner Unique": true,
                                  "Plans": [
                                    {
                                      "Node Type": "Nested Loop",
                                      "Parent Relationship": "Outer",
                                      "Parallel Aware": false,
                                      "Join Type": "Inner",
                                      "Startup Cost": 13.51,
                                      "Total Cost": 3785.09,
                                      "Plan Rows": 1,
                                      "Plan Width": 65,
                                      "Actual Startup Time": 2.563,
                                      "Actual Total Time": 66.086,
                                      "Actual Rows": 38292,
                                      "Actual Loops": 1,
                                      "Inner Unique": false,
                                      "Join Filter": "(t.id = mc.movie_id)",
                                      "Rows Removed by Join Filter": 0,
                                      "Plans": [
                                        {
                                          "Node Type": "Nested Loop",
                                          "Parent Relationship": "Outer",
                                          "Parallel Aware": false,
                                          "Join Type": "Inner",
                                          "Startup Cost": 13.08,
                                          "Total Cost": 3784.49,
                                          "Plan Rows": 1,
                                          "Plan Width": 57,
                                          "Actual Startup Time": 2.508,
                                          "Actual Total Time": 53.579,
                                          "Actual Rows": 1575,
                                          "Actual Loops": 1,
                                          "Inner Unique": true,
                                          "Plans": [
                                            {
                                              "Node Type": "Nested Loop",
                                              "Parent Relationship": "Outer",
                                              "Parallel Aware": false,
                                              "Join Type": "Inner",
                                              "Startup Cost": 12.65,
                                              "Total Cost": 3783.81,
                                              "Plan Rows": 1,
                                              "Plan Width": 45,
                                              "Actual Startup Time": 2.428,
                                              "Actual Total Time": 49.609,
                                              "Actual Rows": 1810,
                                              "Actual Loops": 1,
                                              "Inner Unique": false,
                                              "Join Filter": "(ci.person_id = an.person_id)",
                                              "Rows Removed by Join Filter": 0,
                                              "Plans": [
                                                {
                                                  "Node Type": "Nested Loop",
                                                  "Parent Relationship": "Outer",
                                                  "Parallel Aware": false,
                                                  "Join Type": "Inner",
                                                  "Startup Cost": 12.22,
                                                  "Total Cost": 3783.31,
                                                  "Plan Rows": 1,
                                                  "Plan Width": 41,
                                                  "Actual Startup Time": 2.358,
                                                  "Actual Total Time": 46.184,
                                                  "Actual Rows": 827,
                                                  "Actual Loops": 1,
                                                  "Inner Unique": false,
                                                  "Join Filter": "(pi.info_type_id = it3.id)",
                                                  "Rows Removed by Join Filter": 2194,
                                                  "Plans": [
                                                    {
                                                      "Node Type": "Seq Scan",
                                                      "Parent Relationship": "Outer",
                                                      "Parallel Aware": false,
                                                      "Relation Name": "info_type",
                                                      "Alias": "it3",
                                                      "Startup Cost": 0.0,
                                                      "Total Cost": 2.41,
                                                      "Plan Rows": 1,
                                                      "Plan Width": 4,
                                                      "Actual Startup Time": 0.015,
                                                      "Actual Total Time": 0.02,
                                                      "Actual Rows": 1,
                                                      "Actual Loops": 1,
                                                      "Filter": "((info)::text = 'trivia'::text)",
                                                      "Rows Removed by Filter": 112
                                                    },
                                                    {
                                                      "Node Type": "Nested Loop",
                                                      "Parent Relationship": "Inner",
                                                      "Parallel Aware": false,
                                                      "Join Type": "Inner",
                                                      "Startup Cost": 12.22,
                                                      "Total Cost": 3780.85,
                                                      "Plan Rows": 4,
                                                      "Plan Width": 45,
                                                      "Actual Startup Time": 2.322,
                                                      "Actual Total Time": 45.927,
                                                      "Actual Rows": 3021,
                                                      "Actual Loops": 1,
                                                      "Inner Unique": false,
                                                      "Plans": [
                                                        {
                                                          "Node Type": "Nested Loop",
                                                          "Parent Relationship": "Outer",
                                                          "Parallel Aware": false,
                                                          "Join Type": "Inner",
                                                          "Startup Cost": 11.79,
                                                          "Total Cost": 3779.42,
                                                          "Plan Rows": 1,
                                                          "Plan Width": 37,
                                                          "Actual Startup Time": 2.211,
                                                          "Actual Total Time": 38.785,
                                                          "Actual Rows": 173,
                                                          "Actual Loops": 1,
                                                          "Inner Unique": false,
                                                          "Join Filter": "(ci.role_id = rt.id)",
                                                          "Rows Removed by Join Filter": 398,
                                                          "Plans": [
                                                            {
                                                              "Node Type": "Seq Scan",
                                                              "Parent Relationship": "Outer",
                                                              "Parallel Aware": false,
                                                              "Relation Name": "role_type",
                                                              "Alias": "rt",
                                                              "Startup Cost": 0.0,
                                                              "Total Cost": 1.15,
                                                              "Plan Rows": 1,
                                                              "Plan Width": 4,
                                                              "Actual Startup Time": 0.006,
                                                              "Actual Total Time": 0.009,
                                                              "Actual Rows": 1,
                                                              "Actual Loops": 1,
                                                              "Filter": "((role)::text = 'actress'::text)",
                                                              "Rows Removed by Filter": 11
                                                            },
                                                            {
                                                              "Node Type": "Nested Loop",
                                                              "Parent Relationship": "Inner",
                                                              "Parallel Aware": false,
                                                              "Join Type": "Inner",
                                                              "Startup Cost": 11.79,
                                                              "Total Cost": 3778.24,
                                                              "Plan Rows": 2,
                                                              "Plan Width": 41,
                                                              "Actual Startup Time": 0.382,
                                                              "Actual Total Time": 38.716,
                                                              "Actual Rows": 571,
                                                              "Actual Loops": 1,
                                                              "Inner Unique": false,
                                                              "Join Filter": "(t.id = ci.movie_id)",
                                                              "Rows Removed by Join Filter": 0,
                                                              "Plans": [
                                                                {
                                                                  "Node Type": "Nested Loop",
                                                                  "Parent Relationship": "Outer",
                                                                  "Parallel Aware": false,
                                                                  "Join Type": "Inner",
                                                                  "Startup Cost": 11.23,
                                                                  "Total Cost": 3774.84,
                                                                  "Plan Rows": 2,
                                                                  "Plan Width": 25,
                                                                  "Actual Startup Time": 0.282,
                                                                  "Actual Total Time": 18.333,
                                                                  "Actual Rows": 75,
                                                                  "Actual Loops": 1,
                                                                  "Inner Unique": true,
                                                                  "Plans": [
                                                                    {
                                                                      "Node Type": "Nested Loop",
                                                                      "Parent Relationship": "Outer",
                                                                      "Parallel Aware": false,
                                                                      "Join Type": "Inner",
                                                                      "Startup Cost": 10.8,
                                                                      "Total Cost": 3758.1,
                                                                      "Plan Rows": 34,
                                                                      "Plan Width": 4,
                                                                      "Actual Startup Time": 0.225,
                                                                      "Actual Total Time": 11.601,
                                                                      "Actual Rows": 414,
                                                                      "Actual Loops": 1,
                                                                      "Inner Unique": false,
                                                                      "Plans": [
                                                                        {
                                                                          "Node Type": "Seq Scan",
                                                                          "Parent Relationship": "Outer",
                                                                          "Parallel Aware": false,
                                                                          "Relation Name": "keyword",
                                                                          "Alias": "k",
                                                                          "Startup Cost": 0.0,
                                                                          "Total Cost": 2626.12,
                                                                          "Plan Rows": 1,
                                                                          "Plan Width": 4,
                                                                          "Actual Startup Time": 0.053,
                                                                          "Actual Total Time": 8.548,
                                                                          "Actual Rows": 1,
                                                                          "Actual Loops": 1,
                                                                          "Filter": "(keyword = 'computer-animation'::text)",
                                                                          "Rows Removed by Filter": 134169
                                                                        },
                                                                        {
                                                                          "Node Type": "Bitmap Heap Scan",
                                                                          "Parent Relationship": "Inner",
                                                                          "Parallel Aware": false,
                                                                          "Relation Name": "movie_keyword",
                                                                          "Alias": "mk",
                                                                          "Startup Cost": 10.8,
                                                                          "Total Cost": 1128.92,
                                                                          "Plan Rows": 305,
                                                                          "Plan Width": 8,
                                                                          "Actual Startup Time": 0.167,
                                                                          "Actual Total Time": 2.956,
                                                                          "Actual Rows": 414,
                                                                          "Actual Loops": 1,
                                                                          "Recheck Cond": "(keyword_id = k.id)",
                                                                          "Rows Removed by Index Recheck": 0,
                                                                          "Exact Heap Blocks": 358,
                                                                          "Lossy Heap Blocks": 0,
                                                                          "Plans": [
                                                                            {
                                                                              "Node Type": "Bitmap Index Scan",
                                                                              "Parent Relationship": "Outer",
                                                                              "Parallel Aware": false,
                                                                              "Index Name": "keyword_id_movie_keyword",
                                                                              "Startup Cost": 0.0,
                                                                              "Total Cost": 10.72,
                                                                              "Plan Rows": 305,
                                                                              "Plan Width": 0,
                                                                              "Actual Startup Time": 0.126,
                                                                              "Actual Total Time": 0.126,
                                                                              "Actual Rows": 414,
                                                                              "Actual Loops": 1,
                                                                              "Index Cond": "(keyword_id = k.id)"
                                                                            }
                                                                          ]
                                                                        }
                                                                      ]
                                                                    },
                                                                    {
                                                                      "Node Type": "Index Scan",
                                                                      "Parent Relationship": "Inner",
                                                                      "Parallel Aware": false,
                                                                      "Scan Direction": "Forward",
                                                                      "Index Name": "title_pkey",
                                                                      "Relation Name": "title",
                                                                      "Alias": "t",
                                                                      "Startup Cost": 0.43,
                                                                      "Total Cost": 0.49,
                                                                      "Plan Rows": 1,
                                                                      "Plan Width": 21,
                                                                      "Actual Startup Time": 0.016,
                                                                      "Actual Total Time": 0.016,
                                                                      "Actual Rows": 0,
                                                                      "Actual Loops": 414,
                                                                      "Index Cond": "(id = mk.movie_id)",
                                                                      "Rows Removed by Index Recheck": 0,
                                                                      "Filter": "((production_year >= 1999) AND (production_year <= 2001))",
                                                                      "Rows Removed by Filter": 1
                                                                    }
                                                                  ]
                                                                },
                                                                {
                                                                  "Node Type": "Index Scan",
                                                                  "Parent Relationship": "Inner",
                                                                  "Parallel Aware": false,
                                                                  "Scan Direction": "Forward",
                                                                  "Index Name": "movie_id_cast_info",
                                                                  "Relation Name": "cast_info",
                                                                  "Alias": "ci",
                                                                  "Startup Cost": 0.56,
                                                                  "Total Cost": 1.69,
                                                                  "Plan Rows": 1,
                                                                  "Plan Width": 16,
                                                                  "Actual Startup Time": 0.11,
                                                                  "Actual Total Time": 0.27,
                                                                  "Actual Rows": 8,
                                                                  "Actual Loops": 75,
                                                                  "Index Cond": "(movie_id = mk.movie_id)",
                                                                  "Rows Removed by Index Recheck": 0,
                                                                  "Filter": "(note = ANY ('{(voice),\"(voice: Japanese version)\",\"(voice) (uncredited)\",\"(voice: English version)\"}'::text[]))",
                                                                  "Rows Removed by Filter": 26
                                                                }
                                                              ]
                                                            }
                                                          ]
                                                        },
                                                        {
                                                          "Node Type": "Index Scan",
                                                          "Parent Relationship": "Inner",
                                                          "Parallel Aware": false,
                                                          "Scan Direction": "Forward",
                                                          "Index Name": "person_id_person_info",
                                                          "Relation Name": "person_info",
                                                          "Alias": "pi",
                                                          "Startup Cost": 0.43,
                                                          "Total Cost": 1.18,
                                                          "Plan Rows": 25,
                                                          "Plan Width": 8,
                                                          "Actual Startup Time": 0.031,
                                                          "Actual Total Time": 0.039,
                                                          "Actual Rows": 17,
                                                          "Actual Loops": 173,
                                                          "Index Cond": "(person_id = ci.person_id)",
                                                          "Rows Removed by Index Recheck": 0
                                                        }
                                                      ]
                                                    }
                                                  ]
                                                },
                                                {
                                                  "Node Type": "Index Only Scan",
                                                  "Parent Relationship": "Inner",
                                                  "Parallel Aware": false,
                                                  "Scan Direction": "Forward",
                                                  "Index Name": "person_id_aka_name",
                                                  "Relation Name": "aka_name",
                                                  "Alias": "an",
                                                  "Startup Cost": 0.42,
                                                  "Total Cost": 0.48,
                                                  "Plan Rows": 2,
                                                  "Plan Width": 4,
                                                  "Actual Startup Time": 0.003,
                                                  "Actual Total Time": 0.004,
                                                  "Actual Rows": 2,
                                                  "Actual Loops": 827,
                                                  "Index Cond": "(person_id = pi.person_id)",
                                                  "Rows Removed by Index Recheck": 0,
                                                  "Heap Fetches": 1810
                                                }
                                              ]
                                            },
                                            {
                                              "Node Type": "Index Scan",
                                              "Parent Relationship": "Inner",
                                              "Parallel Aware": false,
                                              "Scan Direction": "Forward",
                                              "Index Name": "char_name_pkey",
                                              "Relation Name": "char_name",
                                              "Alias": "chn",
                                              "Startup Cost": 0.43,
                                              "Total Cost": 0.67,
                                              "Plan Rows": 1,
                                              "Plan Width": 20,
                                              "Actual Startup Time": 0.002,
                                              "Actual Total Time": 0.002,
                                              "Actual Rows": 1,
                                              "Actual Loops": 1810,
                                              "Index Cond": "(id = ci.person_role_id)",
                                              "Rows Removed by Index Recheck": 0
                                            }
                                          ]
                                        },
                                        {
                                          "Node Type": "Index Scan",
                                          "Parent Relationship": "Inner",
                                          "Parallel Aware": false,
                                          "Scan Direction": "Forward",
                                          "Index Name": "movie_id_movie_companies",
                                          "Relation Name": "movie_companies",
                                          "Alias": "mc",
                                          "Startup Cost": 0.43,
                                          "Total Cost": 0.54,
                                          "Plan Rows": 5,
                                          "Plan Width": 8,
                                          "Actual Startup Time": 0.002,
                                          "Actual Total Time": 0.005,
                                          "Actual Rows": 24,
                                          "Actual Loops": 1575,
                                          "Index Cond": "(movie_id = mk.movie_id)",
                                          "Rows Removed by Index Recheck": 0
                                        }
                                      ]
                                    },
                                    {
                                      "Node Type": "Index Scan",
                                      "Parent Relationship": "Inner",
                                      "Parallel Aware": false,
                                      "Scan Direction": "Forward",
                                      "Index Name": "company_name_pkey",
                                      "Relation Name": "company_name",
                                      "Alias": "cn",
                                      "Startup Cost": 0.42,
                                      "Total Cost": 0.45,
                                      "Plan Rows": 1,
                                      "Plan Width": 4,
                                      "Actual Startup Time": 0.001,
                                      "Actual Total Time": 0.001,
                                      "Actual Rows": 0,
                                      "Actual Loops": 38292,
                                      "Index Cond": "(id = mc.company_id)",
                                      "Rows Removed by Index Recheck": 0,
                                      "Filter": "((country_code)::text = '[us]'::text)",
                                      "Rows Removed by Filter": 1
                                    }
                                  ]
                                },
                                {
                                  "Node Type": "Index Scan",
                                  "Parent Relationship": "Inner",
                                  "Parallel Aware": false,
                                  "Scan Direction": "Forward",
                                  "Index Name": "movie_id_movie_info",
                                  "Relation Name": "movie_info",
                                  "Alias": "mi",
                                  "Startup Cost": 0.43,
                                  "Total Cost": 1.55,
                                  "Plan Rows": 1,
                                  "Plan Width": 8,
                                  "Actual Startup Time": 0.009,
                                  "Actual Total Time": 0.051,
                                  "Actual Rows": 2,
                                  "Actual Loops": 9512,
                                  "Index Cond": "(movie_id = mk.movie_id)",
                                  "Rows Removed by Index Recheck": 0,
                                  "Filter": "((info IS NOT NULL) AND ((info ~~ 'Japan:%200%'::text) OR (info ~~ 'USA:%200%'::text)))",
                                  "Rows Removed by Filter": 317
                                }
                              ]
                            },
                            {
                              "Node Type": "Index Scan",
                              "Parent Relationship": "Inner",
                              "Parallel Aware": false,
                              "Scan Direction": "Forward",
                              "Index Name": "info_type_pkey",
                              "Relation Name": "info_type",
                              "Alias": "it",
                              "Startup Cost": 0.14,
                              "Total Cost": 0.16,
                              "Plan Rows": 1,
                              "Plan Width": 4,
                              "Actual Startup Time": 0.001,
                              "Actual Total Time": 0.001,
                              "Actual Rows": 1,
                              "Actual Loops": 23773,
                              "Index Cond": "(id = mi.info_type_id)",
                              "Rows Removed by Index Recheck": 0,
                              "Filter": "((info)::text = 'release dates'::text)",
                              "Rows Removed by Filter": 0
                            }
                          ]
                        },
                        {
                          "Node Type": "Index Scan",
                          "Parent Relationship": "Inner",
                          "Parallel Aware": false,
                          "Scan Direction": "Forward",
                          "Index Name": "name_pkey",
                          "Relation Name": "name",
                          "Alias": "n",
                          "Startup Cost": 0.43,
                          "Total Cost": 0.55,
                          "Plan Rows": 1,
                          "Plan Width": 19,
                          "Actual Startup Time": 0.001,
                          "Actual Total Time": 0.001,
                          "Actual Rows": 0,
                          "Actual Loops": 23773,
                          "Index Cond": "(id = pi.person_id)",
                          "Rows Removed by Index Recheck": 0,
                          "Filter": "((name ~~ '%Jo%'::text) AND ((gender)::text = 'f'::text))",
                          "Rows Removed by Filter": 1
                        }
                      ]
                    },
                    {
                      "Node Type": "Index Scan",
                      "Parent Relationship": "Inner",
                      "Parallel Aware": false,
                      "Scan Direction": "Forward",
                      "Index Name": "movie_id_complete_cast",
                      "Relation Name": "complete_cast",
                      "Alias": "cc",
                      "Startup Cost": 0.42,
                      "Total Cost": 0.46,
                      "Plan Rows": 2,
                      "Plan Width": 12,
                      "Actual Startup Time": 0.001,
                      "Actual Total Time": 0.001,
                      "Actual Rows": 2,
                      "Actual Loops": 2376,
                      "Index Cond": "(movie_id = mk.movie_id)",
                      "Rows Removed by Index Recheck": 0
                    }
                  ]
                },
                {
                  "Node Type": "Index Scan",
                  "Parent Relationship": "Inner",
                  "Parallel Aware": false,
                  "Scan Direction": "Forward",
                  "Index Name": "comp_cast_type_pkey",
                  "Relation Name": "comp_cast_type",
                  "Alias": "cct1",
                  "Startup Cost": 0.13,
                  "Total Cost": 0.15,
                  "Plan Rows": 1,
                  "Plan Width": 4,
                  "Actual Startup Time": 0.001,
                  "Actual Total Time": 0.001,
                  "Actual Rows": 0,
                  "Actual Loops": 4320,
                  "Index Cond": "(id = cc.subject_id)",
                  "Rows Removed by Index Recheck": 0,
                  "Filter": "((kind)::text = 'cast'::text)",
                  "Rows Removed by Filter": 0
                }
              ]
            },
            {
              "Node Type": "Index Scan",
              "Parent Relationship": "Inner",
              "Parallel Aware": false,
              "Scan Direction": "Forward",
              "Index Name": "comp_cast_type_pkey",
              "Relation Name": "comp_cast_type",
              "Alias": "cct2",
              "Startup Cost": 0.13,
              "Total Cost": 0.15,
              "Plan Rows": 1,
              "Plan Width": 4,
              "Actual Startup Time": 0.001,
              "Actual Total Time": 0.001,
              "Actual Rows": 0,
              "Actual Loops": 2160,
              "Index Cond": "(id = cc.status_id)",
              "Rows Removed by Index Recheck": 0,
              "Filter": "((kind)::text = 'complete+verified'::text)",
              "Rows Removed by Filter": 1
            }
          ]
        }
      ]
    },
    "Planning Time": 4127.684,
    "Triggers": [],
    "Execution Time": 669.999
  }
]