[
  {
    "Plan": {
      "Node Type": "Aggregate",
      "Strategy": "Plain",
      "Partial Mode": "Finalize",
      "Parallel Aware": false,
      "Startup Cost": 32723.71,
      "Total Cost": 32723.72,
      "Plan Rows": 1,
      "Plan Width": 8,
      "Actual Startup Time": 86.484,
      "Actual Total Time": 92.334,
      "Actual Rows": 1,
      "Actual Loops": 1,
      "Plans": [
        {
          "Node Type": "Gather",
          "Parent Relationship": "Outer",
          "Parallel Aware": false,
          "Startup Cost": 32723.39,
          "Total Cost": 32723.7,
          "Plan Rows": 3,
          "Plan Width": 8,
          "Actual Startup Time": 86.356,
          "Actual Total Time": 92.325,
          "Actual Rows": 4,
          "Actual Loops": 1,
          "Workers Planned": 3,
          "Workers Launched": 3,
          "Single Copy": false,
          "Plans": [
            {
              "Node Type": "Aggregate",
              "Strategy": "Plain",
              "Partial Mode": "Partial",
              "Parent Relationship": "Outer",
              "Parallel Aware": false,
              "Startup Cost": 31723.39,
              "Total Cost": 31723.4,
              "Plan Rows": 1,
              "Plan Width": 8,
              "Actual Startup Time": 77.914,
              "Actual Total Time": 77.915,
              "Actual Rows": 1,
              "Actual Loops": 4,
              "Plans": [
                {
                  "Node Type": "Seq Scan",
                  "Parent Relationship": "Outer",
                  "Parallel Aware": true,
                  "Relation Name": "movie_companies",
                  "Alias": "mc",
                  "Startup Cost": 0.0,
                  "Total Cost": 31414.82,
                  "Plan Rows": 123428,
                  "Plan Width": 0,
                  "Actual Startup Time": 25.197,
                  "Actual Total Time": 76.893,
                  "Actual Rows": 17156,
                  "Actual Loops": 4,
                  "Filter": "((company_id > 31407) AND (company_type_id < 2))",
                  "Rows Removed by Filter": 635126
                }
              ]
            }
          ]
        }
      ]
    },
    "Planning Time": 0.14,
    "Triggers": [],
    "Execution Time": 92.375
  }
]