[
  {
    "Plan": {
      "Node Type": "Aggregate",
      "Strategy": "Plain",
      "Partial Mode": "Finalize",
      "Parallel Aware": false,
      "Startup Cost": 32259.59,
      "Total Cost": 32259.6,
      "Plan Rows": 1,
      "Plan Width": 8,
      "Actual Startup Time": 125.581,
      "Actual Total Time": 134.076,
      "Actual Rows": 1,
      "Actual Loops": 1,
      "Plans": [
        {
          "Node Type": "Gather",
          "Parent Relationship": "Outer",
          "Parallel Aware": false,
          "Startup Cost": 32259.27,
          "Total Cost": 32259.58,
          "Plan Rows": 3,
          "Plan Width": 8,
          "Actual Startup Time": 125.504,
          "Actual Total Time": 134.067,
          "Actual Rows": 4,
          "Actual Loops": 1,
          "Workers Planned": 3,
          "Workers Launched": 3,
          "Single Copy": false,
          "Plans": [
            {
              "Node Type": "Aggregate",
              "Strategy": "Plain",
              "Partial Mode": "Partial",
              "Parent Relationship": "Outer",
              "Parallel Aware": false,
              "Startup Cost": 31259.27,
              "Total Cost": 31259.28,
              "Plan Rows": 1,
              "Plan Width": 8,
              "Actual Startup Time": 117.0,
              "Actual Total Time": 117.001,
              "Actual Rows": 1,
              "Actual Loops": 4,
              "Plans": [
                {
                  "Node Type": "Seq Scan",
                  "Parent Relationship": "Outer",
                  "Parallel Aware": true,
                  "Relation Name": "movie_companies",
                  "Alias": "mc",
                  "Startup Cost": 0.0,
                  "Total Cost": 29310.68,
                  "Plan Rows": 779435,
                  "Plan Width": 0,
                  "Actual Startup Time": 0.062,
                  "Actual Total Time": 87.629,
                  "Actual Rows": 604480,
                  "Actual Loops": 4,
                  "Filter": "(company_id > 49)",
                  "Rows Removed by Filter": 47802
                }
              ]
            }
          ]
        }
      ]
    },
    "Planning Time": 0.274,
    "Triggers": [],
    "Execution Time": 134.135
  }
]