{
  "Plan": {
    "Node Type": "Aggregate",
    "Strategy": "Plain",
    "Partial Mode": "Finalize",
    "Parallel Aware": false,
    "Startup Cost": 136660.76,
    "Total Cost": 136660.77,
    "Plan Rows": 1,
    "Plan Width": 8,
    "Actual Startup Time": 877.669,
    "Actual Total Time": 894.742,
    "Actual Rows": 1,
    "Actual Loops": 1,
    "Plans": [
      {
        "Node Type": "Gather",
        "Parent Relationship": "Outer",
        "Parallel Aware": false,
        "Startup Cost": 136660.65,
        "Total Cost": 136660.76,
        "Plan Rows": 1,
        "Plan Width": 8,
        "Actual Startup Time": 873.01,
        "Actual Total Time": 894.726,
        "Actual Rows": 2,
        "Actual Loops": 1,
        "Workers Planned": 1,
        "Workers Launched": 1,
        "Single Copy": false,
        "Plans": [
          {
            "Node Type": "Aggregate",
            "Strategy": "Plain",
            "Partial Mode": "Partial",
            "Parent Relationship": "Outer",
            "Parallel Aware": false,
            "Startup Cost": 135660.65,
            "Total Cost": 135660.66,
            "Plan Rows": 1,
            "Plan Width": 8,
            "Actual Startup Time": 868.424,
            "Actual Total Time": 869.463,
            "Actual Rows": 1,
            "Actual Loops": 2,
            "Plans": [
              {
                "Node Type": "Hash Join",
                "Parent Relationship": "Outer",
                "Parallel Aware": true,
                "Join Type": "Inner",
                "Startup Cost": 91872.12,
                "Total Cost": 135427.73,
                "Plan Rows": 93167,
                "Plan Width": 0,
                "Actual Startup Time": 725.259,
                "Actual Total Time": 864.868,
                "Actual Rows": 109234,
                "Actual Loops": 2,
                "Inner Unique": false,
                "Hash Cond": "(mc.movie_id = t.id)",
                "Plans": [
                  {
                    "Node Type": "Seq Scan",
                    "Parent Relationship": "Outer",
                    "Parallel Aware": true,
                    "Relation Name": "movie_companies",
                    "Alias": "mc",
                    "Startup Cost": 0.0,
                    "Total Cost": 41811.73,
                    "Plan Rows": 318892,
                    "Plan Width": 4,
                    "Actual Startup Time": 52.108,
                    "Actual Total Time": 116.351,
                    "Actual Rows": 421320,
                    "Actual Loops": 2,
                    "Filter": "((company_id > 14444) AND (company_type_id > 1))",
                    "Rows Removed by Filter": 883245
                  },
                  {
                    "Node Type": "Hash",
                    "Parent Relationship": "Inner",
                    "Parallel Aware": true,
                    "Startup Cost": 86440.77,
                    "Total Cost": 86440.77,
                    "Plan Rows": 434508,
                    "Plan Width": 8,
                    "Actual Startup Time": 663.991,
                    "Actual Total Time": 665.02,
                    "Actual Rows": 206930,
                    "Actual Loops": 2,
                    "Hash Buckets": 1048576,
                    "Original Hash Buckets": 1048576,
                    "Hash Batches": 1,
                    "Original Hash Batches": 1,
                    "Peak Memory Usage": 24416,
                    "Plans": [
                      {
                        "Node Type": "Hash Join",
                        "Parent Relationship": "Outer",
                        "Parallel Aware": true,
                        "Join Type": "Inner",
                        "Startup Cost": 68256.98,
                        "Total Cost": 86440.77,
                        "Plan Rows": 434508,
                        "Plan Width": 8,
                        "Actual Startup Time": 417.432,
                        "Actual Total Time": 615.481,
                        "Actual Rows": 206930,
                        "Actual Loops": 2,
                        "Inner Unique": true,
                        "Hash Cond": "(mi_idx.movie_id = t.id)",
                        "Plans": [
                          {
                            "Node Type": "Seq Scan",
                            "Parent Relationship": "Outer",
                            "Parallel Aware": true,
                            "Relation Name": "movie_info_idx",
                            "Alias": "mi_idx",
                            "Startup Cost": 0.0,
                            "Total Cost": 16052.85,
                            "Plan Rows": 811785,
                            "Plan Width": 4,
                            "Actual Startup Time": 0.019,
                            "Actual Total Time": 54.134,
                            "Actual Rows": 690018,
                            "Actual Loops": 2
                          },
                          {
                            "Node Type": "Hash",
                            "Parent Relationship": "Inner",
                            "Parallel Aware": true,
                            "Startup Cost": 58306.47,
                            "Total Cost": 58306.47,
                            "Plan Rows": 796041,
                            "Plan Width": 4,
                            "Actual Startup Time": 408.071,
                            "Actual Total Time": 408.073,
                            "Actual Rows": 716006,
                            "Actual Loops": 2,
                            "Hash Buckets": 2097152,
                            "Original Hash Buckets": 2097152,
                            "Hash Batches": 1,
                            "Original Hash Batches": 1,
                            "Peak Memory Usage": 72448,
                            "Plans": [
                              {
                                "Node Type": "Seq Scan",
                                "Parent Relationship": "Outer",
                                "Parallel Aware": true,
                                "Relation Name": "title",
                                "Alias": "t",
                                "Startup Cost": 0.0,
                                "Total Cost": 58306.47,
                                "Plan Rows": 796041,
                                "Plan Width": 4,
                                "Actual Startup Time": 0.039,
                                "Actual Total Time": 179.495,
                                "Actual Rows": 716006,
                                "Actual Loops": 2,
                                "Filter": "((production_year > 1959) AND (kind_id = 7))",
                                "Rows Removed by Filter": 548150
                              }
                            ]
                          }
                        ]
                      }
                    ]
                  }
                ]
              }
            ]
          }
        ]
      }
    ]
  },
  "Planning Time": 1.088,
  "Triggers": [],
  "Execution Time": 894.83
}