[
  {
    "Plan": {
      "Node Type": "Aggregate",
      "Strategy": "Plain",
      "Partial Mode": "Finalize",
      "Parallel Aware": false,
      "Startup Cost": 419406.64,
      "Total Cost": 419406.65,
      "Plan Rows": 1,
      "Plan Width": 8,
      "Actual Startup Time": 1079.566,
      "Actual Total Time": 1110.779,
      "Actual Rows": 1,
      "Actual Loops": 1,
      "Plans": [
        {
          "Node Type": "Gather",
          "Parent Relationship": "Outer",
          "Parallel Aware": false,
          "Startup Cost": 419406.32,
          "Total Cost": 419406.63,
          "Plan Rows": 3,
          "Plan Width": 8,
          "Actual Startup Time": 1053.269,
          "Actual Total Time": 1110.758,
          "Actual Rows": 4,
          "Actual Loops": 1,
          "Workers Planned": 3,
          "Workers Launched": 3,
          "Single Copy": false,
          "Plans": [
            {
              "Node Type": "Aggregate",
              "Strategy": "Plain",
              "Partial Mode": "Partial",
              "Parent Relationship": "Outer",
              "Parallel Aware": false,
              "Startup Cost": 418406.32,
              "Total Cost": 418406.33,
              "Plan Rows": 1,
              "Plan Width": 8,
              "Actual Startup Time": 1041.167,
              "Actual Total Time": 1041.316,
              "Actual Rows": 1,
              "Actual Loops": 4,
              "Plans": [
                {
                  "Node Type": "Hash Join",
                  "Parent Relationship": "Outer",
                  "Parallel Aware": true,
                  "Join Type": "Inner",
                  "Startup Cost": 386025.7,
                  "Total Cost": 417525.86,
                  "Plan Rows": 352185,
                  "Plan Width": 0,
                  "Actual Startup Time": 900.656,
                  "Actual Total Time": 1031.171,
                  "Actual Rows": 219721,
                  "Actual Loops": 4,
                  "Inner Unique": false,
                  "Hash Cond": "(mc.movie_id = t.id)",
                  "Plans": [
                    {
                      "Node Type": "Seq Scan",
                      "Parent Relationship": "Outer",
                      "Parallel Aware": true,
                      "Relation Name": "movie_companies",
                      "Alias": "mc",
                      "Startup Cost": 0.0,
                      "Total Cost": 29310.68,
                      "Plan Rows": 427336,
                      "Plan Width": 4,
                      "Actual Startup Time": 30.826,
                      "Actual Total Time": 70.239,
                      "Actual Rows": 333721,
                      "Actual Loops": 4,
                      "Filter": "(company_type_id = 2)",
                      "Rows Removed by Filter": 318562
                    },
                    {
                      "Node Type": "Hash",
                      "Parent Relationship": "Inner",
                      "Parallel Aware": true,
                      "Startup Cost": 381684.72,
                      "Total Cost": 381684.72,
                      "Plan Rows": 347278,
                      "Plan Width": 8,
                      "Actual Startup Time": 862.292,
                      "Actual Total Time": 862.439,
                      "Actual Rows": 228543,
                      "Actual Loops": 4,
                      "Hash Buckets": 2097152,
                      "Original Hash Buckets": 2097152,
                      "Hash Batches": 1,
                      "Original Hash Batches": 1,
                      "Peak Memory Usage": 52192,
                      "Plans": [
                        {
                          "Node Type": "Hash Join",
                          "Parent Relationship": "Outer",
                          "Parallel Aware": true,
                          "Join Type": "Inner",
                          "Startup Cost": 120140.87,
                          "Total Cost": 381684.72,
                          "Plan Rows": 347278,
                          "Plan Width": 8,
                          "Actual Startup Time": 584.451,
                          "Actual Total Time": 768.421,
                          "Actual Rows": 228543,
                          "Actual Loops": 4,
                          "Inner Unique": true,
                          "Hash Cond": "(ci.movie_id = t.id)",
                          "Plans": [
                            {
                              "Node Type": "Bitmap Heap Scan",
                              "Parent Relationship": "Outer",
                              "Parallel Aware": true,
                              "Relation Name": "cast_info",
                              "Alias": "ci",
                              "Startup Cost": 69921.22,
                              "Total Cost": 330553.47,
                              "Plan Rows": 347278,
                              "Plan Width": 4,
                              "Actual Startup Time": 221.898,
                              "Actual Total Time": 280.251,
                              "Actual Rows": 228543,
                              "Actual Loops": 4,
                              "Recheck Cond": "(person_id < 314715)",
                              "Rows Removed by Index Recheck": 0,
                              "Filter": "(role_id > 1)",
                              "Rows Removed by Filter": 586852,
                              "Exact Heap Blocks": 9627,
                              "Lossy Heap Blocks": 0,
                              "Plans": [
                                {
                                  "Node Type": "Bitmap Index Scan",
                                  "Parent Relationship": "Outer",
                                  "Parallel Aware": false,
                                  "Index Name": "person_id_cast_info",
                                  "Startup Cost": 0.0,
                                  "Total Cost": 69400.31,
                                  "Plan Rows": 3178099,
                                  "Plan Width": 0,
                                  "Actual Startup Time": 129.809,
                                  "Actual Total Time": 129.809,
                                  "Actual Rows": 3261581,
                                  "Actual Loops": 1,
                                  "Index Cond": "(person_id < 314715)"
                                }
                              ]
                            },
                            {
                              "Node Type": "Hash",
                              "Parent Relationship": "Inner",
                              "Parallel Aware": true,
                              "Startup Cost": 42318.73,
                              "Total Cost": 42318.73,
                              "Plan Rows": 632073,
                              "Plan Width": 4,
                              "Actual Startup Time": 356.312,
                              "Actual Total Time": 356.313,
                              "Actual Rows": 632078,
                              "Actual Loops": 4,
                              "Hash Buckets": 4194304,
                              "Original Hash Buckets": 4194304,
                              "Hash Batches": 1,
                              "Original Hash Batches": 1,
                              "Peak Memory Usage": 131744,
                              "Plans": [
                                {
                                  "Node Type": "Seq Scan",
                                  "Parent Relationship": "Outer",
                                  "Parallel Aware": true,
                                  "Relation Name": "title",
                                  "Alias": "t",
                                  "Startup Cost": 0.0,
                                  "Total Cost": 42318.73,
                                  "Plan Rows": 632073,
                                  "Plan Width": 4,
                                  "Actual Startup Time": 0.04,
                                  "Actual Total Time": 105.628,
                                  "Actual Rows": 632078,
                                  "Actual Loops": 4
                                }
                              ]
                            }
                          ]
                        }
                      ]
                    }
                  ]
                }
              ]
            }
          ]
        }
      ]
    },
    "Planning Time": 1.504,
    "Triggers": [],
    "Execution Time": 1110.888
  }
]