[
  {
    "Plan": {
      "Node Type": "Aggregate",
      "Strategy": "Plain",
      "Partial Mode": "Finalize",
      "Parallel Aware": false,
      "Startup Cost": 55722.01,
      "Total Cost": 55722.02,
      "Plan Rows": 1,
      "Plan Width": 8,
      "Actual Startup Time": 126.727,
      "Actual Total Time": 140.141,
      "Actual Rows": 1,
      "Actual Loops": 1,
      "Plans": [
        {
          "Node Type": "Gather",
          "Parent Relationship": "Outer",
          "Parallel Aware": false,
          "Startup Cost": 55721.7,
          "Total Cost": 55722.01,
          "Plan Rows": 3,
          "Plan Width": 8,
          "Actual Startup Time": 126.655,
          "Actual Total Time": 140.134,
          "Actual Rows": 4,
          "Actual Loops": 1,
          "Workers Planned": 3,
          "Workers Launched": 3,
          "Single Copy": false,
          "Plans": [
            {
              "Node Type": "Aggregate",
              "Strategy": "Plain",
              "Partial Mode": "Partial",
              "Parent Relationship": "Outer",
              "Parallel Aware": false,
              "Startup Cost": 54721.7,
              "Total Cost": 54721.71,
              "Plan Rows": 1,
              "Plan Width": 8,
              "Actual Startup Time": 117.209,
              "Actual Total Time": 117.212,
              "Actual Rows": 1,
              "Actual Loops": 4,
              "Plans": [
                {
                  "Node Type": "Nested Loop",
                  "Parent Relationship": "Outer",
                  "Parallel Aware": false,
                  "Join Type": "Inner",
                  "Startup Cost": 45503.75,
                  "Total Cost": 54720.95,
                  "Plan Rows": 297,
                  "Plan Width": 0,
                  "Actual Startup Time": 99.545,
                  "Actual Total Time": 117.083,
                  "Actual Rows": 2385,
                  "Actual Loops": 4,
                  "Inner Unique": false,
                  "Join Filter": "(t.id = mk.movie_id)",
                  "Rows Removed by Join Filter": 0,
                  "Plans": [
                    {
                      "Node Type": "Hash Join",
                      "Parent Relationship": "Outer",
                      "Parallel Aware": true,
                      "Join Type": "Inner",
                      "Startup Cost": 45503.31,
                      "Total Cost": 54248.53,
                      "Plan Rows": 166,
                      "Plan Width": 8,
                      "Actual Startup Time": 99.425,
                      "Actual Total Time": 114.353,
                      "Actual Rows": 98,
                      "Actual Loops": 4,
                      "Inner Unique": true,
                      "Hash Cond": "(ci.movie_id = t.id)",
                      "Plans": [
                        {
                          "Node Type": "Index Scan",
                          "Parent Relationship": "Outer",
                          "Parallel Aware": true,
                          "Scan Direction": "Forward",
                          "Index Name": "role_id_cast_info",
                          "Relation Name": "cast_info",
                          "Alias": "ci",
                          "Startup Cost": 0.56,
                          "Total Cost": 8600.37,
                          "Plan Rows": 55393,
                          "Plan Width": 4,
                          "Actual Startup Time": 0.254,
                          "Actual Total Time": 12.845,
                          "Actual Rows": 19134,
                          "Actual Loops": 4,
                          "Index Cond": "(role_id > 10)",
                          "Rows Removed by Index Recheck": 0,
                          "Filter": "(person_id < 2107647)",
                          "Rows Removed by Filter": 59896
                        },
                        {
                          "Node Type": "Hash",
                          "Parent Relationship": "Inner",
                          "Parallel Aware": true,
                          "Startup Cost": 45479.1,
                          "Total Cost": 45479.1,
                          "Plan Rows": 1892,
                          "Plan Width": 4,
                          "Actual Startup Time": 97.787,
                          "Actual Total Time": 97.787,
                          "Actual Rows": 1944,
                          "Actual Loops": 4,
                          "Hash Buckets": 8192,
                          "Original Hash Buckets": 8192,
                          "Hash Batches": 1,
                          "Original Hash Batches": 1,
                          "Peak Memory Usage": 448,
                          "Plans": [
                            {
                              "Node Type": "Seq Scan",
                              "Parent Relationship": "Outer",
                              "Parallel Aware": true,
                              "Relation Name": "title",
                              "Alias": "t",
                              "Startup Cost": 0.0,
                              "Total Cost": 45479.1,
                              "Plan Rows": 1892,
                              "Plan Width": 4,
                              "Actual Startup Time": 0.847,
                              "Actual Total Time": 96.699,
                              "Actual Rows": 1944,
                              "Actual Loops": 4,
                              "Filter": "((kind_id < 7) AND (production_year = 1985))",
                              "Rows Removed by Filter": 630134
                            }
                          ]
                        }
                      ]
                    },
                    {
                      "Node Type": "Index Only Scan",
                      "Parent Relationship": "Inner",
                      "Parallel Aware": false,
                      "Scan Direction": "Forward",
                      "Index Name": "movie_id_movie_keyword",
                      "Relation Name": "movie_keyword",
                      "Alias": "mk",
                      "Startup Cost": 0.43,
                      "Total Cost": 2.28,
                      "Plan Rows": 45,
                      "Plan Width": 4,
                      "Actual Startup Time": 0.021,
                      "Actual Total Time": 0.025,
                      "Actual Rows": 24,
                      "Actual Loops": 393,
                      "Index Cond": "(movie_id = ci.movie_id)",
                      "Rows Removed by Index Recheck": 0,
                      "Heap Fetches": 9541
                    }
                  ]
                }
              ]
            }
          ]
        }
      ]
    },
    "Planning Time": 1.332,
    "Triggers": [],
    "Execution Time": 140.226
  }
]