{
  "Plan": {
    "Node Type": "Aggregate",
    "Strategy": "Plain",
    "Partial Mode": "Finalize",
    "Parallel Aware": false,
    "Startup Cost": 1843554.35,
    "Total Cost": 1843554.36,
    "Plan Rows": 1,
    "Plan Width": 8,
    "Actual Startup Time": 20769.297,
    "Actual Total Time": 20841.912,
    "Actual Rows": 1,
    "Actual Loops": 1,
    "Plans": [
      {
        "Node Type": "Gather",
        "Parent Relationship": "Outer",
        "Parallel Aware": false,
        "Startup Cost": 1843554.24,
        "Total Cost": 1843554.35,
        "Plan Rows": 1,
        "Plan Width": 8,
        "Actual Startup Time": 20747.907,
        "Actual Total Time": 20841.903,
        "Actual Rows": 2,
        "Actual Loops": 1,
        "Workers Planned": 1,
        "Workers Launched": 1,
        "Single Copy": false,
        "Plans": [
          {
            "Node Type": "Aggregate",
            "Strategy": "Plain",
            "Partial Mode": "Partial",
            "Parent Relationship": "Outer",
            "Parallel Aware": false,
            "Startup Cost": 1842554.24,
            "Total Cost": 1842554.25,
            "Plan Rows": 1,
            "Plan Width": 8,
            "Actual Startup Time": 20741.754,
            "Actual Total Time": 20741.759,
            "Actual Rows": 1,
            "Actual Loops": 2,
            "Plans": [
              {
                "Node Type": "Merge Join",
                "Parent Relationship": "Outer",
                "Parallel Aware": false,
                "Join Type": "Inner",
                "Startup Cost": 579492.54,
                "Total Cost": 1810680.92,
                "Plan Rows": 12749330,
                "Plan Width": 0,
                "Actual Startup Time": 2743.269,
                "Actual Total Time": 16923.152,
                "Actual Rows": 98304746,
                "Actual Loops": 2,
                "Inner Unique": false,
                "Merge Cond": "(mi.movie_id = t.id)",
                "Plans": [
                  {
                    "Node Type": "Index Only Scan",
                    "Parent Relationship": "Outer",
                    "Parallel Aware": true,
                    "Scan Direction": "Forward",
                    "Index Name": "movie_id_movie_info",
                    "Relation Name": "movie_info",
                    "Alias": "mi",
                    "Startup Cost": 0.43,
                    "Total Cost": 1018223.42,
                    "Plan Rows": 8696274,
                    "Plan Width": 4,
                    "Actual Startup Time": 0.105,
                    "Actual Total Time": 2218.055,
                    "Actual Rows": 7417413,
                    "Actual Loops": 2,
                    "Heap Fetches": 14834826
                  },
                  {
                    "Node Type": "Sort",
                    "Parent Relationship": "Inner",
                    "Parallel Aware": false,
                    "Startup Cost": 579491.27,
                    "Total Cost": 588757.9,
                    "Plan Rows": 3706650,
                    "Plan Width": 8,
                    "Actual Startup Time": 2743.11,
                    "Actual Total Time": 5974.822,
                    "Actual Rows": 100027380,
                    "Actual Loops": 2,
                    "Sort Key": [
                      "mk.movie_id"
                    ],
                    "Sort Method": "quicksort",
                    "Sort Space Used": 262065,
                    "Sort Space Type": "Memory",
                    "Workers": [
                      {
                        "Worker Number": 0,
                        "Sort Method": "quicksort",
                        "Sort Space Used": 262065,
                        "Sort Space Type": "Memory"
                      }
                    ],
                    "Plans": [
                      {
                        "Node Type": "Hash Join",
                        "Parent Relationship": "Outer",
                        "Parallel Aware": false,
                        "Join Type": "Inner",
                        "Startup Cost": 93495.9,
                        "Total Cost": 175064.54,
                        "Plan Rows": 3706650,
                        "Plan Width": 8,
                        "Actual Startup Time": 935.002,
                        "Actual Total Time": 2044.047,
                        "Actual Rows": 3493547,
                        "Actual Loops": 2,
                        "Inner Unique": true,
                        "Hash Cond": "(mk.movie_id = t.id)",
                        "Plans": [
                          {
                            "Node Type": "Seq Scan",
                            "Parent Relationship": "Outer",
                            "Parallel Aware": false,
                            "Relation Name": "movie_keyword",
                            "Alias": "mk",
                            "Startup Cost": 0.0,
                            "Total Cost": 69693.3,
                            "Plan Rows": 4523930,
                            "Plan Width": 4,
                            "Actual Startup Time": 0.055,
                            "Actual Total Time": 334.352,
                            "Actual Rows": 4523930,
                            "Actual Loops": 2
                          },
                          {
                            "Node Type": "Hash",
                            "Parent Relationship": "Inner",
                            "Parallel Aware": false,
                            "Startup Cost": 67601.66,
                            "Total Cost": 67601.66,
                            "Plan Rows": 2071539,
                            "Plan Width": 4,
                            "Actual Startup Time": 924.058,
                            "Actual Total Time": 924.059,
                            "Actual Rows": 2060346,
                            "Actual Loops": 2,
                            "Hash Buckets": 2097152,
                            "Original Hash Buckets": 2097152,
                            "Hash Batches": 1,
                            "Original Hash Batches": 1,
                            "Peak Memory Usage": 88819,
                            "Plans": [
                              {
                                "Node Type": "Seq Scan",
                                "Parent Relationship": "Outer",
                                "Parallel Aware": false,
                                "Relation Name": "title",
                                "Alias": "t",
                                "Startup Cost": 0.0,
                                "Total Cost": 67601.66,
                                "Plan Rows": 2071539,
                                "Plan Width": 4,
                                "Actual Startup Time": 0.035,
                                "Actual Total Time": 400.95,
                                "Actual Rows": 2060346,
                                "Actual Loops": 2,
                                "Filter": "(production_year > 1971)",
                                "Rows Removed by Filter": 467966
                              }
                            ]
                          }
                        ]
                      }
                    ]
                  }
                ]
              }
            ]
          }
        ]
      }
    ]
  },
  "Planning Time": 0.827,
  "Triggers": [],
  "Execution Time": 20871.414
}