[
    {
        "Bao": {
            "Bao prediction": "NaN",
            "Bao recommended hint": "(no hint)"
        }
    },
    {
        "Plan": {
            "Node Type": "Aggregate",
            "Strategy": "Plain",
            "Partial Mode": "Finalize",
            "Parallel Aware": false,
            "Startup Cost": 97360.03,
            "Total Cost": 97360.04,
            "Plan Rows": 1,
            "Plan Width": 8,
            "Actual Startup Time": 579.493,
            "Actual Total Time": 591.279,
            "Actual Rows": 1,
            "Actual Loops": 1,
            "Output": [
                "count(*)"
            ],
            "Plans": [
                {
                    "Node Type": "Gather",
                    "Parent Relationship": "Outer",
                    "Parallel Aware": false,
                    "Startup Cost": 97359.71,
                    "Total Cost": 97360.02,
                    "Plan Rows": 3,
                    "Plan Width": 8,
                    "Actual Startup Time": 575.448,
                    "Actual Total Time": 591.27,
                    "Actual Rows": 4,
                    "Actual Loops": 1,
                    "Output": [
                        "(PARTIAL count(*))"
                    ],
                    "Workers Planned": 3,
                    "Workers Launched": 3,
                    "Single Copy": false,
                    "Plans": [
                        {
                            "Node Type": "Aggregate",
                            "Strategy": "Plain",
                            "Partial Mode": "Partial",
                            "Parent Relationship": "Outer",
                            "Parallel Aware": false,
                            "Startup Cost": 96359.71,
                            "Total Cost": 96359.72,
                            "Plan Rows": 1,
                            "Plan Width": 8,
                            "Actual Startup Time": 566.274,
                            "Actual Total Time": 566.477,
                            "Actual Rows": 1,
                            "Actual Loops": 4,
                            "Output": [
                                "PARTIAL count(*)"
                            ],
                            "Workers": [
                                {
                                    "Worker Number": 0,
                                    "Actual Startup Time": 563.103,
                                    "Actual Total Time": 563.109,
                                    "Actual Rows": 1,
                                    "Actual Loops": 1
                                },
                                {
                                    "Worker Number": 1,
                                    "Actual Startup Time": 563.555,
                                    "Actual Total Time": 563.56,
                                    "Actual Rows": 1,
                                    "Actual Loops": 1
                                },
                                {
                                    "Worker Number": 2,
                                    "Actual Startup Time": 563.593,
                                    "Actual Total Time": 563.598,
                                    "Actual Rows": 1,
                                    "Actual Loops": 1
                                }
                            ],
                            "Plans": [
                                {
                                    "Node Type": "Hash Join",
                                    "Parent Relationship": "Outer",
                                    "Parallel Aware": true,
                                    "Join Type": "Inner",
                                    "Startup Cost": 64147.69,
                                    "Total Cost": 96075.27,
                                    "Plan Rows": 113778,
                                    "Plan Width": 0,
                                    "Actual Startup Time": 366.782,
                                    "Actual Total Time": 554.8,
                                    "Actual Rows": 260880,
                                    "Actual Loops": 4,
                                    "Inner Unique": false,
                                    "Hash Cond": "(mc.movie_id = t.id)",
                                    "Workers": [
                                        {
                                            "Worker Number": 0,
                                            "Actual Startup Time": 363.975,
                                            "Actual Total Time": 550.663,
                                            "Actual Rows": 189734,
                                            "Actual Loops": 1
                                        },
                                        {
                                            "Worker Number": 1,
                                            "Actual Startup Time": 363.585,
                                            "Actual Total Time": 553.006,
                                            "Actual Rows": 263481,
                                            "Actual Loops": 1
                                        },
                                        {
                                            "Worker Number": 2,
                                            "Actual Startup Time": 364.173,
                                            "Actual Total Time": 552.3,
                                            "Actual Rows": 282434,
                                            "Actual Loops": 1
                                        }
                                    ],
                                    "Plans": [
                                        {
                                            "Node Type": "Seq Scan",
                                            "Parent Relationship": "Outer",
                                            "Parallel Aware": true,
                                            "Relation Name": "movie_companies",
                                            "Schema": "public",
                                            "Alias": "mc",
                                            "Startup Cost": 0.0,
                                            "Total Cost": 29310.68,
                                            "Plan Rows": 621987,
                                            "Plan Width": 4,
                                            "Actual Startup Time": 0.042,
                                            "Actual Total Time": 72.33,
                                            "Actual Rows": 483113,
                                            "Actual Loops": 4,
                                            "Output": [
                                                "mc.id",
                                                "mc.movie_id",
                                                "mc.company_id",
                                                "mc.company_type_id",
                                                "mc.note"
                                            ],
                                            "Filter": "(mc.company_id < 49257)",
                                            "Rows Removed by Filter": 169170,
                                            "Workers": [
                                                {
                                                    "Worker Number": 0,
                                                    "Actual Startup Time": 0.037,
                                                    "Actual Total Time": 77.484,
                                                    "Actual Rows": 351516,
                                                    "Actual Loops": 1
                                                },
                                                {
                                                    "Worker Number": 1,
                                                    "Actual Startup Time": 0.085,
                                                    "Actual Total Time": 72.091,
                                                    "Actual Rows": 488104,
                                                    "Actual Loops": 1
                                                },
                                                {
                                                    "Worker Number": 2,
                                                    "Actual Startup Time": 0.034,
                                                    "Actual Total Time": 72.357,
                                                    "Actual Rows": 521315,
                                                    "Actual Loops": 1
                                                }
                                            ]
                                        },
                                        {
                                            "Node Type": "Hash",
                                            "Parent Relationship": "Inner",
                                            "Parallel Aware": true,
                                            "Startup Cost": 62702.39,
                                            "Total Cost": 62702.39,
                                            "Plan Rows": 115624,
                                            "Plan Width": 8,
                                            "Actual Startup Time": 364.47,
                                            "Actual Total Time": 364.67,
                                            "Actual Rows": 114981,
                                            "Actual Loops": 4,
                                            "Output": [
                                                "t.id",
                                                "mi_idx.movie_id"
                                            ],
                                            "Hash Buckets": 524288,
                                            "Original Hash Buckets": 524288,
                                            "Hash Batches": 1,
                                            "Original Hash Batches": 1,
                                            "Peak Memory Usage": 22144,
                                            "Workers": [
                                                {
                                                    "Worker Number": 0,
                                                    "Actual Startup Time": 362.712,
                                                    "Actual Total Time": 362.716,
                                                    "Actual Rows": 85786,
                                                    "Actual Loops": 1
                                                },
                                                {
                                                    "Worker Number": 1,
                                                    "Actual Startup Time": 362.719,
                                                    "Actual Total Time": 362.723,
                                                    "Actual Rows": 113513,
                                                    "Actual Loops": 1
                                                },
                                                {
                                                    "Worker Number": 2,
                                                    "Actual Startup Time": 363.315,
                                                    "Actual Total Time": 363.319,
                                                    "Actual Rows": 123573,
                                                    "Actual Loops": 1
                                                }
                                            ],
                                            "Plans": [
                                                {
                                                    "Node Type": "Hash Join",
                                                    "Parent Relationship": "Outer",
                                                    "Parallel Aware": true,
                                                    "Join Type": "Inner",
                                                    "Startup Cost": 17531.52,
                                                    "Total Cost": 62702.39,
                                                    "Plan Rows": 115624,
                                                    "Plan Width": 8,
                                                    "Actual Startup Time": 82.322,
                                                    "Actual Total Time": 323.028,
                                                    "Actual Rows": 114981,
                                                    "Actual Loops": 4,
                                                    "Output": [
                                                        "t.id",
                                                        "mi_idx.movie_id"
                                                    ],
                                                    "Inner Unique": false,
                                                    "Hash Cond": "(t.id = mi_idx.movie_id)",
                                                    "Workers": [
                                                        {
                                                            "Worker Number": 0,
                                                            "Actual Startup Time": 80.684,
                                                            "Actual Total Time": 322.498,
                                                            "Actual Rows": 85786,
                                                            "Actual Loops": 1
                                                        },
                                                        {
                                                            "Worker Number": 1,
                                                            "Actual Startup Time": 80.516,
                                                            "Actual Total Time": 318.829,
                                                            "Actual Rows": 113513,
                                                            "Actual Loops": 1
                                                        },
                                                        {
                                                            "Worker Number": 2,
                                                            "Actual Startup Time": 81.098,
                                                            "Actual Total Time": 323.069,
                                                            "Actual Rows": 123573,
                                                            "Actual Loops": 1
                                                        }
                                                    ],
                                                    "Plans": [
                                                        {
                                                            "Node Type": "Seq Scan",
                                                            "Parent Relationship": "Outer",
                                                            "Parallel Aware": true,
                                                            "Relation Name": "title",
                                                            "Schema": "public",
                                                            "Alias": "t",
                                                            "Startup Cost": 0.0,
                                                            "Total Cost": 42318.81,
                                                            "Plan Rows": 632080,
                                                            "Plan Width": 4,
                                                            "Actual Startup Time": 0.013,
                                                            "Actual Total Time": 74.29,
                                                            "Actual Rows": 632078,
                                                            "Actual Loops": 4,
                                                            "Output": [
                                                                "t.id",
                                                                "t.title",
                                                                "t.imdb_index",
                                                                "t.kind_id",
                                                                "t.production_year",
                                                                "t.imdb_id",
                                                                "t.phonetic_code",
                                                                "t.episode_of_id",
                                                                "t.season_nr",
                                                                "t.episode_nr",
                                                                "t.series_years",
                                                                "t.md5sum"
                                                            ],
                                                            "Workers": [
                                                                {
                                                                    "Worker Number": 0,
                                                                    "Actual Startup Time": 0.018,
                                                                    "Actual Total Time": 82.404,
                                                                    "Actual Rows": 471808,
                                                                    "Actual Loops": 1
                                                                },
                                                                {
                                                                    "Worker Number": 1,
                                                                    "Actual Startup Time": 0.014,
                                                                    "Actual Total Time": 75.763,
                                                                    "Actual Rows": 610650,
                                                                    "Actual Loops": 1
                                                                },
                                                                {
                                                                    "Worker Number": 2,
                                                                    "Actual Startup Time": 0.015,
                                                                    "Actual Total Time": 75.933,
                                                                    "Actual Rows": 683340,
                                                                    "Actual Loops": 1
                                                                }
                                                            ]
                                                        },
                                                        {
                                                            "Node Type": "Hash",
                                                            "Parent Relationship": "Inner",
                                                            "Parallel Aware": true,
                                                            "Startup Cost": 15122.68,
                                                            "Total Cost": 15122.68,
                                                            "Plan Rows": 192707,
                                                            "Plan Width": 4,
                                                            "Actual Startup Time": 81.288,
                                                            "Actual Total Time": 81.29,
                                                            "Actual Rows": 114981,
                                                            "Actual Loops": 4,
                                                            "Output": [
                                                                "mi_idx.movie_id"
                                                            ],
                                                            "Hash Buckets": 524288,
                                                            "Original Hash Buckets": 524288,
                                                            "Hash Batches": 1,
                                                            "Original Hash Batches": 1,
                                                            "Peak Memory Usage": 22176,
                                                            "Workers": [
                                                                {
                                                                    "Worker Number": 0,
                                                                    "Actual Startup Time": 80.517,
                                                                    "Actual Total Time": 80.518,
                                                                    "Actual Rows": 80184,
                                                                    "Actual Loops": 1
                                                                },
                                                                {
                                                                    "Worker Number": 1,
                                                                    "Actual Startup Time": 80.351,
                                                                    "Actual Total Time": 80.352,
                                                                    "Actual Rows": 97518,
                                                                    "Actual Loops": 1
                                                                },
                                                                {
                                                                    "Worker Number": 2,
                                                                    "Actual Startup Time": 80.975,
                                                                    "Actual Total Time": 80.977,
                                                                    "Actual Rows": 106039,
                                                                    "Actual Loops": 1
                                                                }
                                                            ],
                                                            "Plans": [
                                                                {
                                                                    "Node Type": "Seq Scan",
                                                                    "Parent Relationship": "Outer",
                                                                    "Parallel Aware": true,
                                                                    "Relation Name": "movie_info_idx",
                                                                    "Schema": "public",
                                                                    "Alias": "mi_idx",
                                                                    "Startup Cost": 0.0,
                                                                    "Total Cost": 15122.68,
                                                                    "Plan Rows": 192707,
                                                                    "Plan Width": 4,
                                                                    "Actual Startup Time": 0.042,
                                                                    "Actual Total Time": 42.306,
                                                                    "Actual Rows": 114981,
                                                                    "Actual Loops": 4,
                                                                    "Output": [
                                                                        "mi_idx.movie_id"
                                                                    ],
                                                                    "Filter": "(mi_idx.info_type_id = 100)",
                                                                    "Rows Removed by Filter": 230028,
                                                                    "Workers": [
                                                                        {
                                                                            "Worker Number": 0,
                                                                            "Actual Startup Time": 0.064,
                                                                            "Actual Total Time": 44.376,
                                                                            "Actual Rows": 80184,
                                                                            "Actual Loops": 1
                                                                        },
                                                                        {
                                                                            "Worker Number": 1,
                                                                            "Actual Startup Time": 0.047,
                                                                            "Actual Total Time": 40.327,
                                                                            "Actual Rows": 97518,
                                                                            "Actual Loops": 1
                                                                        },
                                                                        {
                                                                            "Worker Number": 2,
                                                                            "Actual Startup Time": 0.046,
                                                                            "Actual Total Time": 44.23,
                                                                            "Actual Rows": 106039,
                                                                            "Actual Loops": 1
                                                                        }
                                                                    ]
                                                                }
                                                            ]
                                                        }
                                                    ]
                                                }
                                            ]
                                        }
                                    ]
                                }
                            ]
                        }
                    ]
                }
            ]
        },
        "Planning Time": 195.96,
        "Triggers": [],
        "Execution Time": 591.377
    }
]