[
  {
    "Plan": {
      "Node Type": "Aggregate",
      "Strategy": "Plain",
      "Partial Mode": "Finalize",
      "Parallel Aware": false,
      "Startup Cost": 340747.43,
      "Total Cost": 340747.44,
      "Plan Rows": 1,
      "Plan Width": 8,
      "Actual Startup Time": 339.66,
      "Actual Total Time": 395.753,
      "Actual Rows": 1,
      "Actual Loops": 1,
      "Plans": [
        {
          "Node Type": "Gather",
          "Parent Relationship": "Outer",
          "Parallel Aware": false,
          "Startup Cost": 340747.01,
          "Total Cost": 340747.42,
          "Plan Rows": 4,
          "Plan Width": 8,
          "Actual Startup Time": 339.526,
          "Actual Total Time": 395.743,
          "Actual Rows": 5,
          "Actual Loops": 1,
          "Workers Planned": 4,
          "Workers Launched": 4,
          "Single Copy": false,
          "Plans": [
            {
              "Node Type": "Aggregate",
              "Strategy": "Plain",
              "Partial Mode": "Partial",
              "Parent Relationship": "Outer",
              "Parallel Aware": false,
              "Startup Cost": 339747.01,
              "Total Cost": 339747.02,
              "Plan Rows": 1,
              "Plan Width": 8,
              "Actual Startup Time": 329.78,
              "Actual Total Time": 329.782,
              "Actual Rows": 1,
              "Actual Loops": 5,
              "Plans": [
                {
                  "Node Type": "Nested Loop",
                  "Parent Relationship": "Outer",
                  "Parallel Aware": false,
                  "Join Type": "Inner",
                  "Startup Cost": 0.56,
                  "Total Cost": 339694.46,
                  "Plan Rows": 21022,
                  "Plan Width": 0,
                  "Actual Startup Time": 0.272,
                  "Actual Total Time": 326.677,
                  "Actual Rows": 30756,
                  "Actual Loops": 5,
                  "Inner Unique": false,
                  "Plans": [
                    {
                      "Node Type": "Seq Scan",
                      "Parent Relationship": "Outer",
                      "Parallel Aware": true,
                      "Relation Name": "title",
                      "Alias": "t",
                      "Startup Cost": 0.0,
                      "Total Cost": 45479.1,
                      "Plan Rows": 8299,
                      "Plan Width": 4,
                      "Actual Startup Time": 0.029,
                      "Actual Total Time": 76.583,
                      "Actual Rows": 6955,
                      "Actual Loops": 5,
                      "Filter": "((kind_id = 7) AND (production_year = 1999))",
                      "Rows Removed by Filter": 498708
                    },
                    {
                      "Node Type": "Index Scan",
                      "Parent Relationship": "Inner",
                      "Parallel Aware": false,
                      "Scan Direction": "Forward",
                      "Index Name": "movie_id_cast_info",
                      "Relation Name": "cast_info",
                      "Alias": "ci",
                      "Startup Cost": 0.56,
                      "Total Cost": 35.39,
                      "Plan Rows": 6,
                      "Plan Width": 4,
                      "Actual Startup Time": 0.009,
                      "Actual Total Time": 0.035,
                      "Actual Rows": 4,
                      "Actual Loops": 34773,
                      "Index Cond": "(movie_id = t.id)",
                      "Rows Removed by Index Recheck": 0,
                      "Filter": "((person_id < 1855029) AND (role_id = 1))",
                      "Rows Removed by Filter": 8
                    }
                  ]
                }
              ]
            }
          ]
        }
      ]
    },
    "Planning Time": 0.727,
    "Triggers": [],
    "Execution Time": 395.848
  }
]