[
  {
    "Plan": {
      "Node Type": "Aggregate",
      "Strategy": "Plain",
      "Partial Mode": "Finalize",
      "Parallel Aware": false,
      "Startup Cost": 46509.68,
      "Total Cost": 46509.69,
      "Plan Rows": 1,
      "Plan Width": 8,
      "Actual Startup Time": 81.99,
      "Actual Total Time": 92.959,
      "Actual Rows": 1,
      "Actual Loops": 1,
      "Plans": [
        {
          "Node Type": "Gather",
          "Parent Relationship": "Outer",
          "Parallel Aware": false,
          "Startup Cost": 46509.26,
          "Total Cost": 46509.67,
          "Plan Rows": 4,
          "Plan Width": 8,
          "Actual Startup Time": 81.789,
          "Actual Total Time": 92.95,
          "Actual Rows": 5,
          "Actual Loops": 1,
          "Workers Planned": 4,
          "Workers Launched": 4,
          "Single Copy": false,
          "Plans": [
            {
              "Node Type": "Aggregate",
              "Strategy": "Plain",
              "Partial Mode": "Partial",
              "Parent Relationship": "Outer",
              "Parallel Aware": false,
              "Startup Cost": 45509.26,
              "Total Cost": 45509.27,
              "Plan Rows": 1,
              "Plan Width": 8,
              "Actual Startup Time": 76.642,
              "Actual Total Time": 76.646,
              "Actual Rows": 1,
              "Actual Loops": 5,
              "Plans": [
                {
                  "Node Type": "Seq Scan",
                  "Parent Relationship": "Outer",
                  "Parallel Aware": true,
                  "Relation Name": "title",
                  "Alias": "t",
                  "Startup Cost": 0.0,
                  "Total Cost": 45479.59,
                  "Plan Rows": 11870,
                  "Plan Width": 0,
                  "Actual Startup Time": 0.119,
                  "Actual Total Time": 76.065,
                  "Actual Rows": 8553,
                  "Actual Loops": 5,
                  "Filter": "((kind_id < 3) AND (production_year = 2011))",
                  "Rows Removed by Filter": 497110
                }
              ]
            }
          ]
        }
      ]
    },
    "Planning Time": 0.092,
    "Triggers": [],
    "Execution Time": 92.991
  }
]