[
  {
    "Bao": {
      "Bao prediction": 321.048,
      "Bao recommended hint": "(no hint)"
    }
  },
  {
    "Plan": {
      "Node Type": "Hash Join",
      "Parallel Aware": false,
      "Join Type": "Inner",
      "Startup Cost": 101171.88,
      "Total Cost": 160764.49,
      "Plan Rows": 1559696,
      "Plan Width": 40,
      "Actual Startup Time": 1361.415,
      "Actual Total Time": 2363.906,
      "Actual Rows": 1565442,
      "Actual Loops": 1,
      "Inner Unique": true,
      "Hash Cond": "(mc.movie_id = t.id)",
      "Plans": [
        {
          "Node Type": "Hash Join",
          "Parent Relationship": "Outer",
          "Parallel Aware": false,
          "Join Type": "Inner",
          "Startup Cost": 8282.43,
          "Total Cost": 63780.82,
          "Plan Rows": 1559696,
          "Plan Width": 40,
          "Actual Startup Time": 119.92,
          "Actual Total Time": 622.143,
          "Actual Rows": 1565442,
          "Actual Loops": 1,
          "Inner Unique": true,
          "Hash Cond": "(mc.company_id = cn.id)",
          "Plans": [
            {
              "Node Type": "Seq Scan",
              "Parent Relationship": "Outer",
              "Parallel Aware": false,
              "Relation Name": "movie_companies",
              "Alias": "mc",
              "Startup Cost": 0.0,
              "Total Cost": 51404.11,
              "Plan Rows": 1559696,
              "Plan Width": 40,
              "Actual Startup Time": 0.016,
              "Actual Total Time": 229.575,
              "Actual Rows": 1565442,
              "Actual Loops": 1,
              "Filter": "(company_id < 15149)",
              "Rows Removed by Filter": 1043687
            },
            {
              "Node Type": "Hash",
              "Parent Relationship": "Inner",
              "Parallel Aware": false,
              "Startup Cost": 5344.97,
              "Total Cost": 5344.97,
              "Plan Rows": 234997,
              "Plan Width": 4,
              "Actual Startup Time": 117.981,
              "Actual Total Time": 117.982,
              "Actual Rows": 234997,
              "Actual Loops": 1,
              "Hash Buckets": 262144,
              "Original Hash Buckets": 262144,
              "Hash Batches": 1,
              "Original Hash Batches": 1,
              "Peak Memory Usage": 10310,
              "Plans": [
                {
                  "Node Type": "Seq Scan",
                  "Parent Relationship": "Outer",
                  "Parallel Aware": false,
                  "Relation Name": "company_name",
                  "Alias": "cn",
                  "Startup Cost": 0.0,
                  "Total Cost": 5344.97,
                  "Plan Rows": 234997,
                  "Plan Width": 4,
                  "Actual Startup Time": 0.052,
                  "Actual Total Time": 57.083,
                  "Actual Rows": 234997,
                  "Actual Loops": 1
                }
              ]
            }
          ]
        },
        {
          "Node Type": "Hash",
          "Parent Relationship": "Inner",
          "Parallel Aware": false,
          "Startup Cost": 61283.09,
          "Total Cost": 61283.09,
          "Plan Rows": 2528509,
          "Plan Width": 4,
          "Actual Startup Time": 1208.894,
          "Actual Total Time": 1208.894,
          "Actual Rows": 2528312,
          "Actual Loops": 1,
          "Hash Buckets": 4194304,
          "Original Hash Buckets": 4194304,
          "Hash Batches": 1,
          "Original Hash Batches": 1,
          "Peak Memory Usage": 121654,
          "Plans": [
            {
              "Node Type": "Seq Scan",
              "Parent Relationship": "Outer",
              "Parallel Aware": false,
              "Relation Name": "title",
              "Alias": "t",
              "Startup Cost": 0.0,
              "Total Cost": 61283.09,
              "Plan Rows": 2528509,
              "Plan Width": 4,
              "Actual Startup Time": 0.033,
              "Actual Total Time": 383.495,
              "Actual Rows": 2528312,
              "Actual Loops": 1
            }
          ]
        }
      ]
    },
    "Planning Time": 379.532,
    "Triggers": [],
    "Execution Time": 2413.094
  }
]