[
  {
    "Plan": {
      "Node Type": "Aggregate",
      "Strategy": "Plain",
      "Partial Mode": "Finalize",
      "Parallel Aware": false,
      "Startup Cost": 93778.34,
      "Total Cost": 93778.35,
      "Plan Rows": 1,
      "Plan Width": 8,
      "Actual Startup Time": 369.23,
      "Actual Total Time": 385.526,
      "Actual Rows": 1,
      "Actual Loops": 1,
      "Plans": [
        {
          "Node Type": "Gather",
          "Parent Relationship": "Outer",
          "Parallel Aware": false,
          "Startup Cost": 93778.03,
          "Total Cost": 93778.34,
          "Plan Rows": 3,
          "Plan Width": 8,
          "Actual Startup Time": 365.335,
          "Actual Total Time": 385.515,
          "Actual Rows": 4,
          "Actual Loops": 1,
          "Workers Planned": 3,
          "Workers Launched": 3,
          "Single Copy": false,
          "Plans": [
            {
              "Node Type": "Aggregate",
              "Strategy": "Plain",
              "Partial Mode": "Partial",
              "Parent Relationship": "Outer",
              "Parallel Aware": false,
              "Startup Cost": 92778.03,
              "Total Cost": 92778.04,
              "Plan Rows": 1,
              "Plan Width": 8,
              "Actual Startup Time": 356.955,
              "Actual Total Time": 356.958,
              "Actual Rows": 1,
              "Actual Loops": 4,
              "Plans": [
                {
                  "Node Type": "Hash Join",
                  "Parent Relationship": "Outer",
                  "Parallel Aware": true,
                  "Join Type": "Inner",
                  "Startup Cost": 48002.7,
                  "Total Cost": 92292.96,
                  "Plan Rows": 194028,
                  "Plan Width": 0,
                  "Actual Startup Time": 168.921,
                  "Actual Total Time": 344.358,
                  "Actual Rows": 308326,
                  "Actual Loops": 4,
                  "Inner Unique": true,
                  "Hash Cond": "(mk.movie_id = t.id)",
                  "Plans": [
                    {
                      "Node Type": "Seq Scan",
                      "Parent Relationship": "Outer",
                      "Parallel Aware": true,
                      "Relation Name": "movie_keyword",
                      "Alias": "mk",
                      "Startup Cost": 0.0,
                      "Total Cost": 42695.65,
                      "Plan Rows": 607468,
                      "Plan Width": 4,
                      "Actual Startup Time": 0.024,
                      "Actual Total Time": 98.945,
                      "Actual Rows": 471712,
                      "Actual Loops": 4,
                      "Filter": "(keyword_id < 3225)",
                      "Rows Removed by Filter": 659270
                    },
                    {
                      "Node Type": "Hash",
                      "Parent Relationship": "Inner",
                      "Parallel Aware": true,
                      "Startup Cost": 45479.1,
                      "Total Cost": 45479.1,
                      "Plan Rows": 201888,
                      "Plan Width": 4,
                      "Actual Startup Time": 163.717,
                      "Actual Total Time": 163.718,
                      "Actual Rows": 178435,
                      "Actual Loops": 4,
                      "Hash Buckets": 1048576,
                      "Original Hash Buckets": 1048576,
                      "Hash Batches": 1,
                      "Original Hash Batches": 1,
                      "Peak Memory Usage": 36160,
                      "Plans": [
                        {
                          "Node Type": "Seq Scan",
                          "Parent Relationship": "Outer",
                          "Parallel Aware": true,
                          "Relation Name": "title",
                          "Alias": "t",
                          "Startup Cost": 0.0,
                          "Total Cost": 45479.1,
                          "Plan Rows": 201888,
                          "Plan Width": 4,
                          "Actual Startup Time": 0.036,
                          "Actual Total Time": 103.151,
                          "Actual Rows": 178435,
                          "Actual Loops": 4,
                          "Filter": "((kind_id < 7) AND (production_year > 1972))",
                          "Rows Removed by Filter": 453643
                        }
                      ]
                    }
                  ]
                }
              ]
            }
          ]
        }
      ]
    },
    "Planning Time": 0.621,
    "Triggers": [],
    "Execution Time": 385.595
  }
]