{
  "Plan": {
    "Node Type": "Aggregate",
    "Strategy": "Plain",
    "Partial Mode": "Finalize",
    "Parallel Aware": false,
    "Startup Cost": 102172.72,
    "Total Cost": 102172.73,
    "Plan Rows": 1,
    "Plan Width": 8,
    "Actual Startup Time": 570.301,
    "Actual Total Time": 587.9,
    "Actual Rows": 1,
    "Actual Loops": 1,
    "Plans": [
      {
        "Node Type": "Gather",
        "Parent Relationship": "Outer",
        "Parallel Aware": false,
        "Startup Cost": 102172.6,
        "Total Cost": 102172.71,
        "Plan Rows": 1,
        "Plan Width": 8,
        "Actual Startup Time": 565.691,
        "Actual Total Time": 587.891,
        "Actual Rows": 2,
        "Actual Loops": 1,
        "Workers Planned": 1,
        "Workers Launched": 1,
        "Single Copy": false,
        "Plans": [
          {
            "Node Type": "Aggregate",
            "Strategy": "Plain",
            "Partial Mode": "Partial",
            "Parent Relationship": "Outer",
            "Parallel Aware": false,
            "Startup Cost": 101172.6,
            "Total Cost": 101172.61,
            "Plan Rows": 1,
            "Plan Width": 8,
            "Actual Startup Time": 557.657,
            "Actual Total Time": 557.661,
            "Actual Rows": 1,
            "Actual Loops": 2,
            "Plans": [
              {
                "Node Type": "Hash Join",
                "Parent Relationship": "Outer",
                "Parallel Aware": true,
                "Join Type": "Inner",
                "Startup Cost": 74025.38,
                "Total Cost": 100879.91,
                "Plan Rows": 117077,
                "Plan Width": 0,
                "Actual Startup Time": 451.854,
                "Actual Total Time": 554.82,
                "Actual Rows": 59160,
                "Actual Loops": 2,
                "Inner Unique": true,
                "Hash Cond": "(mk.movie_id = t.id)",
                "Plans": [
                  {
                    "Node Type": "Bitmap Heap Scan",
                    "Parent Relationship": "Outer",
                    "Parallel Aware": true,
                    "Relation Name": "movie_keyword",
                    "Alias": "mk",
                    "Startup Cost": 5723.48,
                    "Total Cost": 32161.39,
                    "Plan Rows": 158713,
                    "Plan Width": 4,
                    "Actual Startup Time": 21.754,
                    "Actual Total Time": 75.195,
                    "Actual Rows": 141924,
                    "Actual Loops": 2,
                    "Recheck Cond": "(keyword_id < 236)",
                    "Rows Removed by Index Recheck": 0,
                    "Exact Heap Blocks": 13970,
                    "Lossy Heap Blocks": 0,
                    "Plans": [
                      {
                        "Node Type": "Bitmap Index Scan",
                        "Parent Relationship": "Outer",
                        "Parallel Aware": false,
                        "Index Name": "keyword_id_movie_keyword",
                        "Startup Cost": 0.0,
                        "Total Cost": 5656.02,
                        "Plan Rows": 269812,
                        "Plan Width": 0,
                        "Actual Startup Time": 18.215,
                        "Actual Total Time": 18.215,
                        "Actual Rows": 283847,
                        "Actual Loops": 1,
                        "Index Cond": "(keyword_id < 236)"
                      }
                    ]
                  },
                  {
                    "Node Type": "Hash",
                    "Parent Relationship": "Inner",
                    "Parallel Aware": true,
                    "Startup Cost": 54588.39,
                    "Total Cost": 54588.39,
                    "Plan Rows": 1097081,
                    "Plan Width": 4,
                    "Actual Startup Time": 415.282,
                    "Actual Total Time": 415.282,
                    "Actual Rows": 932744,
                    "Actual Loops": 2,
                    "Hash Buckets": 2097152,
                    "Original Hash Buckets": 2097152,
                    "Hash Batches": 1,
                    "Original Hash Batches": 1,
                    "Peak Memory Usage": 89376,
                    "Plans": [
                      {
                        "Node Type": "Seq Scan",
                        "Parent Relationship": "Outer",
                        "Parallel Aware": true,
                        "Relation Name": "title",
                        "Alias": "t",
                        "Startup Cost": 0.0,
                        "Total Cost": 54588.39,
                        "Plan Rows": 1097081,
                        "Plan Width": 4,
                        "Actual Startup Time": 0.03,
                        "Actual Total Time": 170.322,
                        "Actual Rows": 932744,
                        "Actual Loops": 2,
                        "Filter": "(kind_id > 1)",
                        "Rows Removed by Filter": 331412
                      }
                    ]
                  }
                ]
              }
            ]
          }
        ]
      }
    ]
  },
  "Planning Time": 0.6,
  "Triggers": [],
  "Execution Time": 587.992
}