[
  {
    "Plan": {
      "Node Type": "Aggregate",
      "Strategy": "Plain",
      "Partial Mode": "Finalize",
      "Parallel Aware": false,
      "Startup Cost": 46311.83,
      "Total Cost": 46311.84,
      "Plan Rows": 1,
      "Plan Width": 8,
      "Actual Startup Time": 150.697,
      "Actual Total Time": 161.243,
      "Actual Rows": 1,
      "Actual Loops": 1,
      "Plans": [
        {
          "Node Type": "Gather",
          "Parent Relationship": "Outer",
          "Parallel Aware": false,
          "Startup Cost": 46311.51,
          "Total Cost": 46311.82,
          "Plan Rows": 3,
          "Plan Width": 8,
          "Actual Startup Time": 150.581,
          "Actual Total Time": 161.233,
          "Actual Rows": 4,
          "Actual Loops": 1,
          "Workers Planned": 3,
          "Workers Launched": 3,
          "Single Copy": false,
          "Plans": [
            {
              "Node Type": "Aggregate",
              "Strategy": "Plain",
              "Partial Mode": "Partial",
              "Parent Relationship": "Outer",
              "Parallel Aware": false,
              "Startup Cost": 45311.51,
              "Total Cost": 45311.52,
              "Plan Rows": 1,
              "Plan Width": 8,
              "Actual Startup Time": 145.794,
              "Actual Total Time": 145.795,
              "Actual Rows": 1,
              "Actual Loops": 4,
              "Plans": [
                {
                  "Node Type": "Seq Scan",
                  "Parent Relationship": "Outer",
                  "Parallel Aware": true,
                  "Relation Name": "movie_keyword",
                  "Alias": "mk",
                  "Startup Cost": 0.0,
                  "Total Cost": 42695.65,
                  "Plan Rows": 1046342,
                  "Plan Width": 0,
                  "Actual Startup Time": 0.037,
                  "Actual Total Time": 110.826,
                  "Actual Rows": 811543,
                  "Actual Loops": 4,
                  "Filter": "(keyword_id < 13886)",
                  "Rows Removed by Filter": 319440
                }
              ]
            }
          ]
        }
      ]
    },
    "Planning Time": 0.075,
    "Triggers": [],
    "Execution Time": 161.269
  }
]