[
  {
    "Plan": {
      "Node Type": "Aggregate",
      "Strategy": "Plain",
      "Partial Mode": "Finalize",
      "Parallel Aware": false,
      "Startup Cost": 81833.9,
      "Total Cost": 81833.91,
      "Plan Rows": 1,
      "Plan Width": 8,
      "Actual Startup Time": 205.787,
      "Actual Total Time": 221.005,
      "Actual Rows": 1,
      "Actual Loops": 1,
      "Plans": [
        {
          "Node Type": "Gather",
          "Parent Relationship": "Outer",
          "Parallel Aware": false,
          "Startup Cost": 81833.48,
          "Total Cost": 81833.89,
          "Plan Rows": 4,
          "Plan Width": 8,
          "Actual Startup Time": 205.777,
          "Actual Total Time": 220.998,
          "Actual Rows": 5,
          "Actual Loops": 1,
          "Workers Planned": 4,
          "Workers Launched": 4,
          "Single Copy": false,
          "Plans": [
            {
              "Node Type": "Aggregate",
              "Strategy": "Plain",
              "Partial Mode": "Partial",
              "Parent Relationship": "Outer",
              "Parallel Aware": false,
              "Startup Cost": 80833.48,
              "Total Cost": 80833.49,
              "Plan Rows": 1,
              "Plan Width": 8,
              "Actual Startup Time": 194.779,
              "Actual Total Time": 194.78,
              "Actual Rows": 1,
              "Actual Loops": 5,
              "Plans": [
                {
                  "Node Type": "Nested Loop",
                  "Parent Relationship": "Outer",
                  "Parallel Aware": false,
                  "Join Type": "Inner",
                  "Startup Cost": 0.86,
                  "Total Cost": 80814.6,
                  "Plan Rows": 7552,
                  "Plan Width": 0,
                  "Actual Startup Time": 61.081,
                  "Actual Total Time": 186.028,
                  "Actual Rows": 197915,
                  "Actual Loops": 5,
                  "Inner Unique": false,
                  "Join Filter": "(t.id = mc.movie_id)",
                  "Rows Removed by Join Filter": 0,
                  "Plans": [
                    {
                      "Node Type": "Nested Loop",
                      "Parent Relationship": "Outer",
                      "Parallel Aware": false,
                      "Join Type": "Inner",
                      "Startup Cost": 0.43,
                      "Total Cost": 76386.98,
                      "Plan Rows": 7318,
                      "Plan Width": 8,
                      "Actual Startup Time": 60.971,
                      "Actual Total Time": 103.538,
                      "Actual Rows": 13767,
                      "Actual Loops": 5,
                      "Inner Unique": false,
                      "Plans": [
                        {
                          "Node Type": "Seq Scan",
                          "Parent Relationship": "Outer",
                          "Parallel Aware": true,
                          "Relation Name": "title",
                          "Alias": "t",
                          "Startup Cost": 0.0,
                          "Total Cost": 45479.1,
                          "Plan Rows": 4090,
                          "Plan Width": 4,
                          "Actual Startup Time": 59.227,
                          "Actual Total Time": 83.226,
                          "Actual Rows": 1941,
                          "Actual Loops": 5,
                          "Filter": "((kind_id = 1) AND (production_year = 2002))",
                          "Rows Removed by Filter": 503722
                        },
                        {
                          "Node Type": "Index Only Scan",
                          "Parent Relationship": "Inner",
                          "Parallel Aware": false,
                          "Scan Direction": "Forward",
                          "Index Name": "movie_id_movie_keyword",
                          "Relation Name": "movie_keyword",
                          "Alias": "mk",
                          "Startup Cost": 0.43,
                          "Total Cost": 7.11,
                          "Plan Rows": 45,
                          "Plan Width": 4,
                          "Actual Startup Time": 0.008,
                          "Actual Total Time": 0.009,
                          "Actual Rows": 7,
                          "Actual Loops": 9704,
                          "Index Cond": "(movie_id = t.id)",
                          "Rows Removed by Index Recheck": 0,
                          "Heap Fetches": 68834
                        }
                      ]
                    },
                    {
                      "Node Type": "Index Only Scan",
                      "Parent Relationship": "Inner",
                      "Parallel Aware": false,
                      "Scan Direction": "Forward",
                      "Index Name": "movie_id_movie_companies",
                      "Relation Name": "movie_companies",
                      "Alias": "mc",
                      "Startup Cost": 0.43,
                      "Total Cost": 0.54,
                      "Plan Rows": 5,
                      "Plan Width": 4,
                      "Actual Startup Time": 0.002,
                      "Actual Total Time": 0.005,
                      "Actual Rows": 14,
                      "Actual Loops": 68834,
                      "Index Cond": "(movie_id = mk.movie_id)",
                      "Rows Removed by Index Recheck": 0,
                      "Heap Fetches": 989573
                    }
                  ]
                }
              ]
            }
          ]
        }
      ]
    },
    "Planning Time": 1.423,
    "Triggers": [],
    "Execution Time": 221.101
  }
]