[
  {
    "Plan": {
      "Node Type": "Aggregate",
      "Strategy": "Plain",
      "Partial Mode": "Finalize",
      "Parallel Aware": false,
      "Startup Cost": 99747.4,
      "Total Cost": 99747.41,
      "Plan Rows": 1,
      "Plan Width": 8,
      "Actual Startup Time": 561.567,
      "Actual Total Time": 575.405,
      "Actual Rows": 1,
      "Actual Loops": 1,
      "Plans": [
        {
          "Node Type": "Gather",
          "Parent Relationship": "Outer",
          "Parallel Aware": false,
          "Startup Cost": 99747.19,
          "Total Cost": 99747.4,
          "Plan Rows": 2,
          "Plan Width": 8,
          "Actual Startup Time": 558.275,
          "Actual Total Time": 575.391,
          "Actual Rows": 3,
          "Actual Loops": 1,
          "Workers Planned": 2,
          "Workers Launched": 2,
          "Single Copy": false,
          "Plans": [
            {
              "Node Type": "Aggregate",
              "Strategy": "Plain",
              "Partial Mode": "Partial",
              "Parent Relationship": "Outer",
              "Parallel Aware": false,
              "Startup Cost": 98747.19,
              "Total Cost": 98747.2,
              "Plan Rows": 1,
              "Plan Width": 8,
              "Actual Startup Time": 551.387,
              "Actual Total Time": 551.72,
              "Actual Rows": 1,
              "Actual Loops": 3,
              "Plans": [
                {
                  "Node Type": "Hash Join",
                  "Parent Relationship": "Outer",
                  "Parallel Aware": true,
                  "Join Type": "Inner",
                  "Startup Cost": 82654.96,
                  "Total Cost": 98637.7,
                  "Plan Rows": 43796,
                  "Plan Width": 0,
                  "Actual Startup Time": 463.166,
                  "Actual Total Time": 541.694,
                  "Actual Rows": 189105,
                  "Actual Loops": 3,
                  "Inner Unique": false,
                  "Hash Cond": "(mi_idx.movie_id = t.id)",
                  "Plans": [
                    {
                      "Node Type": "Seq Scan",
                      "Parent Relationship": "Outer",
                      "Parallel Aware": true,
                      "Relation Name": "movie_info_idx",
                      "Alias": "mi_idx",
                      "Startup Cost": 0.0,
                      "Total Cost": 13685.15,
                      "Plan Rows": 575015,
                      "Plan Width": 4,
                      "Actual Startup Time": 0.03,
                      "Actual Total Time": 43.412,
                      "Actual Rows": 460012,
                      "Actual Loops": 3
                    },
                    {
                      "Node Type": "Hash",
                      "Parent Relationship": "Inner",
                      "Parallel Aware": true,
                      "Startup Cost": 81878.49,
                      "Total Cost": 81878.49,
                      "Plan Rows": 62118,
                      "Plan Width": 8,
                      "Actual Startup Time": 419.47,
                      "Actual Total Time": 419.801,
                      "Actual Rows": 151824,
                      "Actual Loops": 3,
                      "Hash Buckets": 524288,
                      "Original Hash Buckets": 262144,
                      "Hash Batches": 1,
                      "Original Hash Batches": 1,
                      "Peak Memory Usage": 24032,
                      "Plans": [
                        {
                          "Node Type": "Hash Join",
                          "Parent Relationship": "Outer",
                          "Parallel Aware": true,
                          "Join Type": "Inner",
                          "Startup Cost": 39000.41,
                          "Total Cost": 81878.49,
                          "Plan Rows": 62118,
                          "Plan Width": 8,
                          "Actual Startup Time": 126.333,
                          "Actual Total Time": 376.121,
                          "Actual Rows": 151824,
                          "Actual Loops": 3,
                          "Inner Unique": true,
                          "Hash Cond": "(mk.movie_id = t.id)",
                          "Plans": [
                            {
                              "Node Type": "Seq Scan",
                              "Parent Relationship": "Outer",
                              "Parallel Aware": true,
                              "Relation Name": "movie_keyword",
                              "Alias": "mk",
                              "Startup Cost": 0.0,
                              "Total Cost": 39047.32,
                              "Plan Rows": 1459332,
                              "Plan Width": 4,
                              "Actual Startup Time": 0.022,
                              "Actual Total Time": 139.453,
                              "Actual Rows": 1507977,
                              "Actual Loops": 3
                            },
                            {
                              "Node Type": "Hash",
                              "Parent Relationship": "Inner",
                              "Parallel Aware": true,
                              "Startup Cost": 38664.1,
                              "Total Cost": 38664.1,
                              "Plan Rows": 26905,
                              "Plan Width": 4,
                              "Actual Startup Time": 70.012,
                              "Actual Total Time": 70.017,
                              "Actual Rows": 37195,
                              "Actual Loops": 3,
                              "Hash Buckets": 131072,
                              "Original Hash Buckets": 131072,
                              "Hash Batches": 1,
                              "Original Hash Batches": 1,
                              "Peak Memory Usage": 5472,
                              "Plans": [
                                {
                                  "Node Type": "Bitmap Heap Scan",
                                  "Parent Relationship": "Outer",
                                  "Parallel Aware": true,
                                  "Relation Name": "title",
                                  "Alias": "t",
                                  "Startup Cost": 2207.84,
                                  "Total Cost": 38664.1,
                                  "Plan Rows": 26905,
                                  "Plan Width": 4,
                                  "Actual Startup Time": 15.773,
                                  "Actual Total Time": 56.111,
                                  "Actual Rows": 37195,
                                  "Actual Loops": 3,
                                  "Recheck Cond": "(kind_id = 4)",
                                  "Rows Removed by Index Recheck": 0,
                                  "Filter": "(production_year < 2012)",
                                  "Rows Removed by Filter": 2216,
                                  "Exact Heap Blocks": 7153,
                                  "Lossy Heap Blocks": 0,
                                  "Plans": [
                                    {
                                      "Node Type": "Bitmap Index Scan",
                                      "Parent Relationship": "Outer",
                                      "Parallel Aware": false,
                                      "Index Name": "kind_id_title",
                                      "Startup Cost": 0.0,
                                      "Total Cost": 2180.94,
                                      "Plan Rows": 122201,
                                      "Plan Width": 0,
                                      "Actual Startup Time": 12.921,
                                      "Actual Total Time": 12.921,
                                      "Actual Rows": 118234,
                                      "Actual Loops": 1,
                                      "Index Cond": "(kind_id = 4)"
                                    }
                                  ]
                                }
                              ]
                            }
                          ]
                        }
                      ]
                    }
                  ]
                }
              ]
            }
          ]
        }
      ]
    },
    "Planning Time": 1.39,
    "Triggers": [],
    "Execution Time": 575.526
  }
]