[
  {
    "Plan": {
      "Node Type": "Aggregate",
      "Strategy": "Plain",
      "Partial Mode": "Finalize",
      "Parallel Aware": false,
      "Startup Cost": 31968.34,
      "Total Cost": 31968.35,
      "Plan Rows": 1,
      "Plan Width": 8,
      "Actual Startup Time": 129.038,
      "Actual Total Time": 138.131,
      "Actual Rows": 1,
      "Actual Loops": 1,
      "Plans": [
        {
          "Node Type": "Gather",
          "Parent Relationship": "Outer",
          "Parallel Aware": false,
          "Startup Cost": 31968.02,
          "Total Cost": 31968.33,
          "Plan Rows": 3,
          "Plan Width": 8,
          "Actual Startup Time": 128.957,
          "Actual Total Time": 138.124,
          "Actual Rows": 4,
          "Actual Loops": 1,
          "Workers Planned": 3,
          "Workers Launched": 3,
          "Single Copy": false,
          "Plans": [
            {
              "Node Type": "Aggregate",
              "Strategy": "Plain",
              "Partial Mode": "Partial",
              "Parent Relationship": "Outer",
              "Parallel Aware": false,
              "Startup Cost": 30968.02,
              "Total Cost": 30968.03,
              "Plan Rows": 1,
              "Plan Width": 8,
              "Actual Startup Time": 122.333,
              "Actual Total Time": 122.334,
              "Actual Rows": 1,
              "Actual Loops": 4,
              "Plans": [
                {
                  "Node Type": "Seq Scan",
                  "Parent Relationship": "Outer",
                  "Parallel Aware": true,
                  "Relation Name": "movie_companies",
                  "Alias": "mc",
                  "Startup Cost": 0.0,
                  "Total Cost": 29310.68,
                  "Plan Rows": 662935,
                  "Plan Width": 0,
                  "Actual Startup Time": 0.114,
                  "Actual Total Time": 92.687,
                  "Actual Rows": 515098,
                  "Actual Loops": 4,
                  "Filter": "(company_id > 554)",
                  "Rows Removed by Filter": 137184
                }
              ]
            }
          ]
        }
      ]
    },
    "Planning Time": 0.076,
    "Triggers": [],
    "Execution Time": 138.156
  }
]