[
  {
    "Plan": {
      "Node Type": "Aggregate",
      "Strategy": "Plain",
      "Partial Mode": "Finalize",
      "Parallel Aware": false,
      "Startup Cost": 31967.7,
      "Total Cost": 31967.71,
      "Plan Rows": 1,
      "Plan Width": 8,
      "Actual Startup Time": 108.408,
      "Actual Total Time": 113.905,
      "Actual Rows": 1,
      "Actual Loops": 1,
      "Plans": [
        {
          "Node Type": "Gather",
          "Parent Relationship": "Outer",
          "Parallel Aware": false,
          "Startup Cost": 31967.38,
          "Total Cost": 31967.69,
          "Plan Rows": 3,
          "Plan Width": 8,
          "Actual Startup Time": 108.289,
          "Actual Total Time": 113.899,
          "Actual Rows": 4,
          "Actual Loops": 1,
          "Workers Planned": 3,
          "Workers Launched": 3,
          "Single Copy": false,
          "Plans": [
            {
              "Node Type": "Aggregate",
              "Strategy": "Plain",
              "Partial Mode": "Partial",
              "Parent Relationship": "Outer",
              "Parallel Aware": false,
              "Startup Cost": 30967.38,
              "Total Cost": 30967.39,
              "Plan Rows": 1,
              "Plan Width": 8,
              "Actual Startup Time": 102.591,
              "Actual Total Time": 102.592,
              "Actual Rows": 1,
              "Actual Loops": 4,
              "Plans": [
                {
                  "Node Type": "Seq Scan",
                  "Parent Relationship": "Outer",
                  "Parallel Aware": true,
                  "Relation Name": "movie_companies",
                  "Alias": "mc",
                  "Startup Cost": 0.0,
                  "Total Cost": 29310.68,
                  "Plan Rows": 662680,
                  "Plan Width": 0,
                  "Actual Startup Time": 0.269,
                  "Actual Total Time": 80.186,
                  "Actual Rows": 515098,
                  "Actual Loops": 4,
                  "Filter": "(company_id > 554)",
                  "Rows Removed by Filter": 137184
                }
              ]
            }
          ]
        }
      ]
    },
    "Planning Time": 0.164,
    "Triggers": [],
    "Execution Time": 113.951
  }
]