[
    {
        "Bao": {
            "Bao prediction": "NaN",
            "Bao recommended hint": "(no hint)"
        }
    },
    {
        "Plan": {
            "Node Type": "Aggregate",
            "Strategy": "Plain",
            "Partial Mode": "Finalize",
            "Parallel Aware": false,
            "Startup Cost": 78700.89,
            "Total Cost": 78700.9,
            "Plan Rows": 1,
            "Plan Width": 8,
            "Actual Startup Time": 295.096,
            "Actual Total Time": 303.169,
            "Actual Rows": 1,
            "Actual Loops": 1,
            "Output": [
                "count(*)"
            ],
            "Plans": [
                {
                    "Node Type": "Gather",
                    "Parent Relationship": "Outer",
                    "Parallel Aware": false,
                    "Startup Cost": 78700.57,
                    "Total Cost": 78700.88,
                    "Plan Rows": 3,
                    "Plan Width": 8,
                    "Actual Startup Time": 293.098,
                    "Actual Total Time": 303.161,
                    "Actual Rows": 4,
                    "Actual Loops": 1,
                    "Output": [
                        "(PARTIAL count(*))"
                    ],
                    "Workers Planned": 3,
                    "Workers Launched": 3,
                    "Single Copy": false,
                    "Plans": [
                        {
                            "Node Type": "Aggregate",
                            "Strategy": "Plain",
                            "Partial Mode": "Partial",
                            "Parent Relationship": "Outer",
                            "Parallel Aware": false,
                            "Startup Cost": 77700.57,
                            "Total Cost": 77700.58,
                            "Plan Rows": 1,
                            "Plan Width": 8,
                            "Actual Startup Time": 284.839,
                            "Actual Total Time": 284.842,
                            "Actual Rows": 1,
                            "Actual Loops": 4,
                            "Output": [
                                "PARTIAL count(*)"
                            ],
                            "Workers": [
                                {
                                    "Worker Number": 0,
                                    "Actual Startup Time": 281.992,
                                    "Actual Total Time": 281.995,
                                    "Actual Rows": 1,
                                    "Actual Loops": 1
                                },
                                {
                                    "Worker Number": 1,
                                    "Actual Startup Time": 282.27,
                                    "Actual Total Time": 282.273,
                                    "Actual Rows": 1,
                                    "Actual Loops": 1
                                },
                                {
                                    "Worker Number": 2,
                                    "Actual Startup Time": 282.307,
                                    "Actual Total Time": 282.31,
                                    "Actual Rows": 1,
                                    "Actual Loops": 1
                                }
                            ],
                            "Plans": [
                                {
                                    "Node Type": "Hash Join",
                                    "Parent Relationship": "Outer",
                                    "Parallel Aware": true,
                                    "Join Type": "Inner",
                                    "Startup Cost": 46369.86,
                                    "Total Cost": 77504.73,
                                    "Plan Rows": 78337,
                                    "Plan Width": 0,
                                    "Actual Startup Time": 138.32,
                                    "Actual Total Time": 276.675,
                                    "Actual Rows": 194044,
                                    "Actual Loops": 4,
                                    "Inner Unique": true,
                                    "Hash Cond": "(mc.movie_id = t.id)",
                                    "Workers": [
                                        {
                                            "Worker Number": 0,
                                            "Actual Startup Time": 135.304,
                                            "Actual Total Time": 273.822,
                                            "Actual Rows": 189206,
                                            "Actual Loops": 1
                                        },
                                        {
                                            "Worker Number": 1,
                                            "Actual Startup Time": 135.79,
                                            "Actual Total Time": 274.169,
                                            "Actual Rows": 188852,
                                            "Actual Loops": 1
                                        },
                                        {
                                            "Worker Number": 2,
                                            "Actual Startup Time": 135.844,
                                            "Actual Total Time": 274.218,
                                            "Actual Rows": 188080,
                                            "Actual Loops": 1
                                        }
                                    ],
                                    "Plans": [
                                        {
                                            "Node Type": "Seq Scan",
                                            "Parent Relationship": "Outer",
                                            "Parallel Aware": true,
                                            "Relation Name": "movie_companies",
                                            "Schema": "public",
                                            "Alias": "mc",
                                            "Startup Cost": 0.0,
                                            "Total Cost": 29310.68,
                                            "Plan Rows": 694929,
                                            "Plan Width": 4,
                                            "Actual Startup Time": 0.07,
                                            "Actual Total Time": 65.971,
                                            "Actual Rows": 539972,
                                            "Actual Loops": 4,
                                            "Output": [
                                                "mc.id",
                                                "mc.movie_id",
                                                "mc.company_id",
                                                "mc.company_type_id",
                                                "mc.note"
                                            ],
                                            "Filter": "(mc.company_id > 357)",
                                            "Rows Removed by Filter": 112310,
                                            "Workers": [
                                                {
                                                    "Worker Number": 0,
                                                    "Actual Startup Time": 0.094,
                                                    "Actual Total Time": 66.793,
                                                    "Actual Rows": 526305,
                                                    "Actual Loops": 1
                                                },
                                                {
                                                    "Worker Number": 1,
                                                    "Actual Startup Time": 0.081,
                                                    "Actual Total Time": 67.824,
                                                    "Actual Rows": 525473,
                                                    "Actual Loops": 1
                                                },
                                                {
                                                    "Worker Number": 2,
                                                    "Actual Startup Time": 0.029,
                                                    "Actual Total Time": 66.21,
                                                    "Actual Rows": 522626,
                                                    "Actual Loops": 1
                                                }
                                            ]
                                        },
                                        {
                                            "Node Type": "Hash",
                                            "Parent Relationship": "Inner",
                                            "Parallel Aware": true,
                                            "Startup Cost": 45479.21,
                                            "Total Cost": 45479.21,
                                            "Plan Rows": 71252,
                                            "Plan Width": 4,
                                            "Actual Startup Time": 118.613,
                                            "Actual Total Time": 118.614,
                                            "Actual Rows": 95574,
                                            "Actual Loops": 4,
                                            "Output": [
                                                "t.id"
                                            ],
                                            "Hash Buckets": 524288,
                                            "Original Hash Buckets": 524288,
                                            "Hash Batches": 1,
                                            "Original Hash Batches": 1,
                                            "Peak Memory Usage": 19104,
                                            "Workers": [
                                                {
                                                    "Worker Number": 0,
                                                    "Actual Startup Time": 116.881,
                                                    "Actual Total Time": 116.882,
                                                    "Actual Rows": 91743,
                                                    "Actual Loops": 1
                                                },
                                                {
                                                    "Worker Number": 1,
                                                    "Actual Startup Time": 117.38,
                                                    "Actual Total Time": 117.381,
                                                    "Actual Rows": 90603,
                                                    "Actual Loops": 1
                                                },
                                                {
                                                    "Worker Number": 2,
                                                    "Actual Startup Time": 117.386,
                                                    "Actual Total Time": 117.387,
                                                    "Actual Rows": 92236,
                                                    "Actual Loops": 1
                                                }
                                            ],
                                            "Plans": [
                                                {
                                                    "Node Type": "Seq Scan",
                                                    "Parent Relationship": "Outer",
                                                    "Parallel Aware": true,
                                                    "Relation Name": "title",
                                                    "Schema": "public",
                                                    "Alias": "t",
                                                    "Startup Cost": 0.0,
                                                    "Total Cost": 45479.21,
                                                    "Plan Rows": 71252,
                                                    "Plan Width": 4,
                                                    "Actual Startup Time": 51.7,
                                                    "Actual Total Time": 89.336,
                                                    "Actual Rows": 95574,
                                                    "Actual Loops": 4,
                                                    "Output": [
                                                        "t.id"
                                                    ],
                                                    "Filter": "((t.production_year < 2001) AND (t.kind_id = 1))",
                                                    "Rows Removed by Filter": 536504,
                                                    "Workers": [
                                                        {
                                                            "Worker Number": 0,
                                                            "Actual Startup Time": 49.999,
                                                            "Actual Total Time": 87.765,
                                                            "Actual Rows": 91743,
                                                            "Actual Loops": 1
                                                        },
                                                        {
                                                            "Worker Number": 1,
                                                            "Actual Startup Time": 50.445,
                                                            "Actual Total Time": 89.072,
                                                            "Actual Rows": 90603,
                                                            "Actual Loops": 1
                                                        },
                                                        {
                                                            "Worker Number": 2,
                                                            "Actual Startup Time": 50.439,
                                                            "Actual Total Time": 88.771,
                                                            "Actual Rows": 92236,
                                                            "Actual Loops": 1
                                                        }
                                                    ]
                                                }
                                            ]
                                        }
                                    ]
                                }
                            ]
                        }
                    ]
                }
            ]
        },
        "Planning Time": 184.756,
        "Triggers": [],
        "Execution Time": 303.225
    }
]