{
    "Plan": {
        "Node Type": "Aggregate",
        "Strategy": "Plain",
        "Partial Mode": "Finalize",
        "Parallel Aware": false,
        "Startup Cost": 138566.67,
        "Total Cost": 138566.68,
        "Plan Rows": 1,
        "Plan Width": 8,
        "Actual Startup Time": 169.991,
        "Actual Total Time": 200.213,
        "Actual Rows": 1,
        "Actual Loops": 1,
        "Output": [
            "count(*)"
        ],
        "Plans": [
            {
                "Node Type": "Gather",
                "Parent Relationship": "Outer",
                "Parallel Aware": false,
                "Startup Cost": 138566.25,
                "Total Cost": 138566.66,
                "Plan Rows": 4,
                "Plan Width": 8,
                "Actual Startup Time": 169.847,
                "Actual Total Time": 200.202,
                "Actual Rows": 5,
                "Actual Loops": 1,
                "Output": [
                    "(PARTIAL count(*))"
                ],
                "Workers Planned": 4,
                "Workers Launched": 4,
                "Single Copy": false,
                "Plans": [
                    {
                        "Node Type": "Aggregate",
                        "Strategy": "Plain",
                        "Partial Mode": "Partial",
                        "Parent Relationship": "Outer",
                        "Parallel Aware": false,
                        "Startup Cost": 137566.25,
                        "Total Cost": 137566.26,
                        "Plan Rows": 1,
                        "Plan Width": 8,
                        "Actual Startup Time": 159.309,
                        "Actual Total Time": 159.311,
                        "Actual Rows": 1,
                        "Actual Loops": 5,
                        "Output": [
                            "PARTIAL count(*)"
                        ],
                        "Workers": [
                            {
                                "Worker Number": 0,
                                "Actual Startup Time": 156.583,
                                "Actual Total Time": 156.585,
                                "Actual Rows": 1,
                                "Actual Loops": 1
                            },
                            {
                                "Worker Number": 1,
                                "Actual Startup Time": 156.678,
                                "Actual Total Time": 156.68,
                                "Actual Rows": 1,
                                "Actual Loops": 1
                            },
                            {
                                "Worker Number": 2,
                                "Actual Startup Time": 157.019,
                                "Actual Total Time": 157.021,
                                "Actual Rows": 1,
                                "Actual Loops": 1
                            },
                            {
                                "Worker Number": 3,
                                "Actual Startup Time": 157.333,
                                "Actual Total Time": 157.335,
                                "Actual Rows": 1,
                                "Actual Loops": 1
                            }
                        ],
                        "Plans": [
                            {
                                "Node Type": "Nested Loop",
                                "Parent Relationship": "Outer",
                                "Parallel Aware": false,
                                "Join Type": "Inner",
                                "Startup Cost": 1.0,
                                "Total Cost": 137565.98,
                                "Plan Rows": 107,
                                "Plan Width": 0,
                                "Actual Startup Time": 139.372,
                                "Actual Total Time": 159.305,
                                "Actual Rows": 0,
                                "Actual Loops": 5,
                                "Inner Unique": false,
                                "Join Filter": "(t.id = ci.movie_id)",
                                "Rows Removed by Join Filter": 0,
                                "Workers": [
                                    {
                                        "Worker Number": 0,
                                        "Actual Startup Time": 156.578,
                                        "Actual Total Time": 156.58,
                                        "Actual Rows": 0,
                                        "Actual Loops": 1
                                    },
                                    {
                                        "Worker Number": 1,
                                        "Actual Startup Time": 156.675,
                                        "Actual Total Time": 156.676,
                                        "Actual Rows": 0,
                                        "Actual Loops": 1
                                    },
                                    {
                                        "Worker Number": 2,
                                        "Actual Startup Time": 157.013,
                                        "Actual Total Time": 157.014,
                                        "Actual Rows": 0,
                                        "Actual Loops": 1
                                    },
                                    {
                                        "Worker Number": 3,
                                        "Actual Startup Time": 157.328,
                                        "Actual Total Time": 157.33,
                                        "Actual Rows": 0,
                                        "Actual Loops": 1
                                    }
                                ],
                                "Plans": [
                                    {
                                        "Node Type": "Nested Loop",
                                        "Parent Relationship": "Outer",
                                        "Parallel Aware": false,
                                        "Join Type": "Inner",
                                        "Startup Cost": 0.43,
                                        "Total Cost": 136517.22,
                                        "Plan Rows": 403,
                                        "Plan Width": 8,
                                        "Actual Startup Time": 58.318,
                                        "Actual Total Time": 108.3,
                                        "Actual Rows": 956,
                                        "Actual Loops": 5,
                                        "Output": [
                                            "t.id",
                                            "mi.movie_id"
                                        ],
                                        "Inner Unique": false,
                                        "Workers": [
                                            {
                                                "Worker Number": 0,
                                                "Actual Startup Time": 55.599,
                                                "Actual Total Time": 102.18,
                                                "Actual Rows": 705,
                                                "Actual Loops": 1
                                            },
                                            {
                                                "Worker Number": 1,
                                                "Actual Startup Time": 55.676,
                                                "Actual Total Time": 102.556,
                                                "Actual Rows": 724,
                                                "Actual Loops": 1
                                            },
                                            {
                                                "Worker Number": 2,
                                                "Actual Startup Time": 56.049,
                                                "Actual Total Time": 104.681,
                                                "Actual Rows": 678,
                                                "Actual Loops": 1
                                            },
                                            {
                                                "Worker Number": 3,
                                                "Actual Startup Time": 56.454,
                                                "Actual Total Time": 103.029,
                                                "Actual Rows": 463,
                                                "Actual Loops": 1
                                            }
                                        ],
                                        "Plans": [
                                            {
                                                "Node Type": "Seq Scan",
                                                "Parent Relationship": "Outer",
                                                "Parallel Aware": true,
                                                "Relation Name": "title",
                                                "Schema": "public",
                                                "Alias": "t",
                                                "Startup Cost": 0.0,
                                                "Total Cost": 45479.21,
                                                "Plan Rows": 779,
                                                "Plan Width": 4,
                                                "Actual Startup Time": 58.163,
                                                "Actual Total Time": 80.339,
                                                "Actual Rows": 947,
                                                "Actual Loops": 5,
                                                "Output": [
                                                    "t.id",
                                                    "t.title",
                                                    "t.imdb_index",
                                                    "t.kind_id",
                                                    "t.production_year",
                                                    "t.imdb_id",
                                                    "t.phonetic_code",
                                                    "t.episode_of_id",
                                                    "t.season_nr",
                                                    "t.episode_nr",
                                                    "t.series_years",
                                                    "t.md5sum"
                                                ],
                                                "Filter": "((t.kind_id = 4) AND (t.production_year = 2002))",
                                                "Rows Removed by Filter": 504715,
                                                "Workers": [
                                                    {
                                                        "Worker Number": 0,
                                                        "Actual Startup Time": 55.442,
                                                        "Actual Total Time": 73.4,
                                                        "Actual Rows": 700,
                                                        "Actual Loops": 1
                                                    },
                                                    {
                                                        "Worker Number": 1,
                                                        "Actual Startup Time": 55.51,
                                                        "Actual Total Time": 73.482,
                                                        "Actual Rows": 716,
                                                        "Actual Loops": 1
                                                    },
                                                    {
                                                        "Worker Number": 2,
                                                        "Actual Startup Time": 55.864,
                                                        "Actual Total Time": 75.183,
                                                        "Actual Rows": 672,
                                                        "Actual Loops": 1
                                                    },
                                                    {
                                                        "Worker Number": 3,
                                                        "Actual Startup Time": 56.236,
                                                        "Actual Total Time": 74.063,
                                                        "Actual Rows": 459,
                                                        "Actual Loops": 1
                                                    }
                                                ]
                                            },
                                            {
                                                "Node Type": "Index Scan",
                                                "Parent Relationship": "Inner",
                                                "Parallel Aware": false,
                                                "Scan Direction": "Forward",
                                                "Index Name": "movie_id_movie_info",
                                                "Relation Name": "movie_info",
                                                "Schema": "public",
                                                "Alias": "mi",
                                                "Startup Cost": 0.43,
                                                "Total Cost": 116.84,
                                                "Plan Rows": 3,
                                                "Plan Width": 4,
                                                "Actual Startup Time": 0.023,
                                                "Actual Total Time": 0.029,
                                                "Actual Rows": 1,
                                                "Actual Loops": 4737,
                                                "Output": [
                                                    "mi.id",
                                                    "mi.movie_id",
                                                    "mi.info_type_id",
                                                    "mi.info",
                                                    "mi.note"
                                                ],
                                                "Index Cond": "(mi.movie_id = t.id)",
                                                "Rows Removed by Index Recheck": 0,
                                                "Filter": "(mi.info_type_id = 2)",
                                                "Rows Removed by Filter": 7,
                                                "Workers": [
                                                    {
                                                        "Worker Number": 0,
                                                        "Actual Startup Time": 0.032,
                                                        "Actual Total Time": 0.04,
                                                        "Actual Rows": 1,
                                                        "Actual Loops": 700
                                                    },
                                                    {
                                                        "Worker Number": 1,
                                                        "Actual Startup Time": 0.032,
                                                        "Actual Total Time": 0.04,
                                                        "Actual Rows": 1,
                                                        "Actual Loops": 716
                                                    },
                                                    {
                                                        "Worker Number": 2,
                                                        "Actual Startup Time": 0.034,
                                                        "Actual Total Time": 0.043,
                                                        "Actual Rows": 1,
                                                        "Actual Loops": 672
                                                    },
                                                    {
                                                        "Worker Number": 3,
                                                        "Actual Startup Time": 0.049,
                                                        "Actual Total Time": 0.062,
                                                        "Actual Rows": 1,
                                                        "Actual Loops": 459
                                                    }
                                                ]
                                            }
                                        ]
                                    },
                                    {
                                        "Node Type": "Index Scan",
                                        "Parent Relationship": "Inner",
                                        "Parallel Aware": false,
                                        "Scan Direction": "Forward",
                                        "Index Name": "movie_id_cast_info",
                                        "Relation Name": "cast_info",
                                        "Schema": "public",
                                        "Alias": "ci",
                                        "Startup Cost": 0.56,
                                        "Total Cost": 2.59,
                                        "Plan Rows": 1,
                                        "Plan Width": 4,
                                        "Actual Startup Time": 0.053,
                                        "Actual Total Time": 0.053,
                                        "Actual Rows": 0,
                                        "Actual Loops": 4782,
                                        "Output": [
                                            "ci.id",
                                            "ci.person_id",
                                            "ci.movie_id",
                                            "ci.person_role_id",
                                            "ci.note",
                                            "ci.nr_order",
                                            "ci.role_id"
                                        ],
                                        "Index Cond": "(ci.movie_id = mi.movie_id)",
                                        "Rows Removed by Index Recheck": 0,
                                        "Filter": "((ci.person_id < 316948) AND (ci.role_id = 2))",
                                        "Rows Removed by Filter": 13,
                                        "Workers": [
                                            {
                                                "Worker Number": 0,
                                                "Actual Startup Time": 0.077,
                                                "Actual Total Time": 0.077,
                                                "Actual Rows": 0,
                                                "Actual Loops": 705
                                            },
                                            {
                                                "Worker Number": 1,
                                                "Actual Startup Time": 0.074,
                                                "Actual Total Time": 0.074,
                                                "Actual Rows": 0,
                                                "Actual Loops": 724
                                            },
                                            {
                                                "Worker Number": 2,
                                                "Actual Startup Time": 0.077,
                                                "Actual Total Time": 0.077,
                                                "Actual Rows": 0,
                                                "Actual Loops": 678
                                            },
                                            {
                                                "Worker Number": 3,
                                                "Actual Startup Time": 0.116,
                                                "Actual Total Time": 0.116,
                                                "Actual Rows": 0,
                                                "Actual Loops": 463
                                            }
                                        ]
                                    }
                                ]
                            }
                        ]
                    }
                ]
            }
        ]
    },
    "Planning Time": 1.53,
    "Triggers": [],
    "Execution Time": 200.313
}