[
  {
    "Plan": {
      "Node Type": "Aggregate",
      "Strategy": "Plain",
      "Partial Mode": "Finalize",
      "Parallel Aware": false,
      "Startup Cost": 299196.44,
      "Total Cost": 299196.45,
      "Plan Rows": 1,
      "Plan Width": 8,
      "Actual Startup Time": 761.362,
      "Actual Total Time": 812.454,
      "Actual Rows": 1,
      "Actual Loops": 1,
      "Plans": [
        {
          "Node Type": "Gather",
          "Parent Relationship": "Outer",
          "Parallel Aware": false,
          "Startup Cost": 299195.91,
          "Total Cost": 299196.42,
          "Plan Rows": 5,
          "Plan Width": 8,
          "Actual Startup Time": 759.487,
          "Actual Total Time": 812.443,
          "Actual Rows": 6,
          "Actual Loops": 1,
          "Workers Planned": 5,
          "Workers Launched": 5,
          "Single Copy": false,
          "Plans": [
            {
              "Node Type": "Aggregate",
              "Strategy": "Plain",
              "Partial Mode": "Partial",
              "Parent Relationship": "Outer",
              "Parallel Aware": false,
              "Startup Cost": 298195.91,
              "Total Cost": 298195.92,
              "Plan Rows": 1,
              "Plan Width": 8,
              "Actual Startup Time": 748.783,
              "Actual Total Time": 748.788,
              "Actual Rows": 1,
              "Actual Loops": 6,
              "Plans": [
                {
                  "Node Type": "Hash Join",
                  "Parent Relationship": "Outer",
                  "Parallel Aware": true,
                  "Join Type": "Inner",
                  "Startup Cost": 93298.08,
                  "Total Cost": 297213.63,
                  "Plan Rows": 392915,
                  "Plan Width": 0,
                  "Actual Startup Time": 231.71,
                  "Actual Total Time": 744.545,
                  "Actual Rows": 99631,
                  "Actual Loops": 6,
                  "Inner Unique": false,
                  "Hash Cond": "(mi.movie_id = t.id)",
                  "Plans": [
                    {
                      "Node Type": "Seq Scan",
                      "Parent Relationship": "Outer",
                      "Parallel Aware": true,
                      "Relation Name": "movie_info",
                      "Alias": "mi",
                      "Startup Cost": 0.0,
                      "Total Cost": 191560.33,
                      "Plan Rows": 2956733,
                      "Plan Width": 4,
                      "Actual Startup Time": 0.032,
                      "Actual Total Time": 287.289,
                      "Actual Rows": 2472620,
                      "Actual Loops": 6
                    },
                    {
                      "Node Type": "Hash",
                      "Parent Relationship": "Inner",
                      "Parallel Aware": true,
                      "Startup Cost": 91943.31,
                      "Total Cost": 91943.31,
                      "Plan Rows": 108381,
                      "Plan Width": 8,
                      "Actual Startup Time": 228.366,
                      "Actual Total Time": 228.369,
                      "Actual Rows": 11832,
                      "Actual Loops": 6,
                      "Hash Buckets": 524288,
                      "Original Hash Buckets": 524288,
                      "Hash Batches": 1,
                      "Original Hash Batches": 1,
                      "Peak Memory Usage": 6976,
                      "Plans": [
                        {
                          "Node Type": "Hash Join",
                          "Parent Relationship": "Outer",
                          "Parallel Aware": true,
                          "Join Type": "Inner",
                          "Startup Cost": 46222.02,
                          "Total Cost": 91943.31,
                          "Plan Rows": 108381,
                          "Plan Width": 8,
                          "Actual Startup Time": 100.048,
                          "Actual Total Time": 225.102,
                          "Actual Rows": 11832,
                          "Actual Loops": 6,
                          "Inner Unique": true,
                          "Hash Cond": "(mk.movie_id = t.id)",
                          "Plans": [
                            {
                              "Node Type": "Seq Scan",
                              "Parent Relationship": "Outer",
                              "Parallel Aware": true,
                              "Relation Name": "movie_keyword",
                              "Alias": "mk",
                              "Startup Cost": 0.0,
                              "Total Cost": 42695.65,
                              "Plan Rows": 1152624,
                              "Plan Width": 4,
                              "Actual Startup Time": 0.058,
                              "Actual Total Time": 77.594,
                              "Actual Rows": 595018,
                              "Actual Loops": 6,
                              "Filter": "(keyword_id > 889)",
                              "Rows Removed by Filter": 158970
                            },
                            {
                              "Node Type": "Hash",
                              "Parent Relationship": "Inner",
                              "Parallel Aware": true,
                              "Startup Cost": 45479.1,
                              "Total Cost": 45479.1,
                              "Plan Rows": 59434,
                              "Plan Width": 4,
                              "Actual Startup Time": 98.933,
                              "Actual Total Time": 98.934,
                              "Actual Rows": 42818,
                              "Actual Loops": 6,
                              "Hash Buckets": 262144,
                              "Original Hash Buckets": 262144,
                              "Hash Batches": 1,
                              "Original Hash Batches": 1,
                              "Peak Memory Usage": 12224,
                              "Plans": [
                                {
                                  "Node Type": "Seq Scan",
                                  "Parent Relationship": "Outer",
                                  "Parallel Aware": true,
                                  "Relation Name": "title",
                                  "Alias": "t",
                                  "Startup Cost": 0.0,
                                  "Total Cost": 45479.1,
                                  "Plan Rows": 59434,
                                  "Plan Width": 4,
                                  "Actual Startup Time": 0.046,
                                  "Actual Total Time": 77.71,
                                  "Actual Rows": 42818,
                                  "Actual Loops": 6,
                                  "Filter": "((production_year > 2010) AND (kind_id = 7))",
                                  "Rows Removed by Filter": 378568
                                }
                              ]
                            }
                          ]
                        }
                      ]
                    }
                  ]
                }
              ]
            }
          ]
        }
      ]
    },
    "Planning Time": 1.383,
    "Triggers": [],
    "Execution Time": 812.605
  }
]