[
  {
    "Plan": {
      "Node Type": "Aggregate",
      "Strategy": "Plain",
      "Partial Mode": "Finalize",
      "Parallel Aware": false,
      "Startup Cost": 46481.58,
      "Total Cost": 46481.59,
      "Plan Rows": 1,
      "Plan Width": 8,
      "Actual Startup Time": 88.028,
      "Actual Total Time": 99.056,
      "Actual Rows": 1,
      "Actual Loops": 1,
      "Plans": [
        {
          "Node Type": "Gather",
          "Parent Relationship": "Outer",
          "Parallel Aware": false,
          "Startup Cost": 46481.16,
          "Total Cost": 46481.57,
          "Plan Rows": 4,
          "Plan Width": 8,
          "Actual Startup Time": 87.825,
          "Actual Total Time": 99.044,
          "Actual Rows": 5,
          "Actual Loops": 1,
          "Workers Planned": 4,
          "Workers Launched": 4,
          "Single Copy": false,
          "Plans": [
            {
              "Node Type": "Aggregate",
              "Strategy": "Plain",
              "Partial Mode": "Partial",
              "Parent Relationship": "Outer",
              "Parallel Aware": false,
              "Startup Cost": 45481.16,
              "Total Cost": 45481.17,
              "Plan Rows": 1,
              "Plan Width": 8,
              "Actual Startup Time": 81.949,
              "Actual Total Time": 81.951,
              "Actual Rows": 1,
              "Actual Loops": 5,
              "Plans": [
                {
                  "Node Type": "Seq Scan",
                  "Parent Relationship": "Outer",
                  "Parallel Aware": true,
                  "Relation Name": "title",
                  "Alias": "t",
                  "Startup Cost": 0.0,
                  "Total Cost": 45479.59,
                  "Plan Rows": 629,
                  "Plan Width": 0,
                  "Actual Startup Time": 1.275,
                  "Actual Total Time": 81.907,
                  "Actual Rows": 239,
                  "Actual Loops": 5,
                  "Filter": "((kind_id > 3) AND (production_year = 1949))",
                  "Rows Removed by Filter": 505423
                }
              ]
            }
          ]
        }
      ]
    },
    "Planning Time": 0.076,
    "Triggers": [],
    "Execution Time": 99.088
  }
]