[
  {
    "Plan": {
      "Node Type": "Aggregate",
      "Strategy": "Plain",
      "Partial Mode": "Finalize",
      "Parallel Aware": false,
      "Startup Cost": 268220.06,
      "Total Cost": 268220.07,
      "Plan Rows": 1,
      "Plan Width": 8,
      "Actual Startup Time": 2193.019,
      "Actual Total Time": 2285.353,
      "Actual Rows": 1,
      "Actual Loops": 1,
      "Plans": [
        {
          "Node Type": "Gather",
          "Parent Relationship": "Outer",
          "Parallel Aware": false,
          "Startup Cost": 268219.54,
          "Total Cost": 268220.05,
          "Plan Rows": 5,
          "Plan Width": 8,
          "Actual Startup Time": 2190.051,
          "Actual Total Time": 2285.344,
          "Actual Rows": 6,
          "Actual Loops": 1,
          "Workers Planned": 5,
          "Workers Launched": 5,
          "Single Copy": false,
          "Plans": [
            {
              "Node Type": "Aggregate",
              "Strategy": "Plain",
              "Partial Mode": "Partial",
              "Parent Relationship": "Outer",
              "Parallel Aware": false,
              "Startup Cost": 267219.54,
              "Total Cost": 267219.55,
              "Plan Rows": 1,
              "Plan Width": 8,
              "Actual Startup Time": 2179.752,
              "Actual Total Time": 2179.755,
              "Actual Rows": 1,
              "Actual Loops": 6,
              "Plans": [
                {
                  "Node Type": "Nested Loop",
                  "Parent Relationship": "Outer",
                  "Parallel Aware": false,
                  "Join Type": "Inner",
                  "Startup Cost": 57034.86,
                  "Total Cost": 265333.84,
                  "Plan Rows": 754278,
                  "Plan Width": 0,
                  "Actual Startup Time": 277.241,
                  "Actual Total Time": 2080.178,
                  "Actual Rows": 2126420,
                  "Actual Loops": 6,
                  "Inner Unique": false,
                  "Plans": [
                    {
                      "Node Type": "Merge Join",
                      "Parent Relationship": "Outer",
                      "Parallel Aware": false,
                      "Join Type": "Inner",
                      "Startup Cost": 57034.3,
                      "Total Cost": 150152.47,
                      "Plan Rows": 52640,
                      "Plan Width": 8,
                      "Actual Startup Time": 277.147,
                      "Actual Total Time": 534.287,
                      "Actual Rows": 42499,
                      "Actual Loops": 6,
                      "Inner Unique": false,
                      "Merge Cond": "(t.id = mk.movie_id)",
                      "Plans": [
                        {
                          "Node Type": "Index Only Scan",
                          "Parent Relationship": "Outer",
                          "Parallel Aware": true,
                          "Scan Direction": "Forward",
                          "Index Name": "title_pkey",
                          "Relation Name": "title",
                          "Alias": "t",
                          "Startup Cost": 0.43,
                          "Total Cost": 90113.62,
                          "Plan Rows": 505659,
                          "Plan Width": 4,
                          "Actual Startup Time": 0.303,
                          "Actual Total Time": 304.265,
                          "Actual Rows": 420996,
                          "Actual Loops": 6,
                          "Heap Fetches": 2525977
                        },
                        {
                          "Node Type": "Sort",
                          "Parent Relationship": "Inner",
                          "Parallel Aware": false,
                          "Startup Cost": 57023.75,
                          "Total Cost": 57681.75,
                          "Plan Rows": 263199,
                          "Plan Width": 4,
                          "Actual Startup Time": 177.609,
                          "Actual Total Time": 191.261,
                          "Actual Rows": 254995,
                          "Actual Loops": 6,
                          "Sort Key": [
                            "mk.movie_id"
                          ],
                          "Sort Method": "quicksort",
                          "Sort Space Used": 18097,
                          "Sort Space Type": "Memory",
                          "Workers": [
                            {
                              "Worker Number": 0,
                              "Sort Method": "quicksort",
                              "Sort Space Used": 18097,
                              "Sort Space Type": "Memory"
                            },
                            {
                              "Worker Number": 1,
                              "Sort Method": "quicksort",
                              "Sort Space Used": 18097,
                              "Sort Space Type": "Memory"
                            },
                            {
                              "Worker Number": 2,
                              "Sort Method": "quicksort",
                              "Sort Space Used": 18097,
                              "Sort Space Type": "Memory"
                            },
                            {
                              "Worker Number": 3,
                              "Sort Method": "quicksort",
                              "Sort Space Used": 18097,
                              "Sort Space Type": "Memory"
                            },
                            {
                              "Worker Number": 4,
                              "Sort Method": "quicksort",
                              "Sort Space Used": 18097,
                              "Sort Space Type": "Memory"
                            }
                          ],
                          "Plans": [
                            {
                              "Node Type": "Bitmap Heap Scan",
                              "Parent Relationship": "Outer",
                              "Parallel Aware": false,
                              "Relation Name": "movie_keyword",
                              "Alias": "mk",
                              "Startup Cost": 5584.22,
                              "Total Cost": 33328.21,
                              "Plan Rows": 263199,
                              "Plan Width": 4,
                              "Actual Startup Time": 34.895,
                              "Actual Total Time": 127.472,
                              "Actual Rows": 254995,
                              "Actual Loops": 6,
                              "Recheck Cond": "(keyword_id > 59978)",
                              "Rows Removed by Index Recheck": 0,
                              "Exact Heap Blocks": 21196,
                              "Lossy Heap Blocks": 0,
                              "Plans": [
                                {
                                  "Node Type": "Bitmap Index Scan",
                                  "Parent Relationship": "Outer",
                                  "Parallel Aware": false,
                                  "Index Name": "keyword_id_movie_keyword",
                                  "Startup Cost": 0.0,
                                  "Total Cost": 5518.43,
                                  "Plan Rows": 263199,
                                  "Plan Width": 0,
                                  "Actual Startup Time": 31.699,
                                  "Actual Total Time": 31.699,
                                  "Actual Rows": 254995,
                                  "Actual Loops": 6,
                                  "Index Cond": "(keyword_id > 59978)"
                                }
                              ]
                            }
                          ]
                        }
                      ]
                    },
                    {
                      "Node Type": "Index Only Scan",
                      "Parent Relationship": "Inner",
                      "Parallel Aware": false,
                      "Scan Direction": "Forward",
                      "Index Name": "movie_id_cast_info",
                      "Relation Name": "cast_info",
                      "Alias": "ci",
                      "Startup Cost": 0.56,
                      "Total Cost": 1.82,
                      "Plan Rows": 37,
                      "Plan Width": 4,
                      "Actual Startup Time": 0.005,
                      "Actual Total Time": 0.033,
                      "Actual Rows": 50,
                      "Actual Loops": 254995,
                      "Index Cond": "(movie_id = t.id)",
                      "Rows Removed by Index Recheck": 0,
                      "Heap Fetches": 12758518
                    }
                  ]
                }
              ]
            }
          ]
        }
      ]
    },
    "Planning Time": 0.812,
    "Triggers": [],
    "Execution Time": 2288.748
  }
]