[
  {
    "Plan": {
      "Node Type": "Aggregate",
      "Strategy": "Plain",
      "Partial Mode": "Finalize",
      "Parallel Aware": false,
      "Startup Cost": 33224.26,
      "Total Cost": 33224.27,
      "Plan Rows": 1,
      "Plan Width": 8,
      "Actual Startup Time": 105.082,
      "Actual Total Time": 112.812,
      "Actual Rows": 1,
      "Actual Loops": 1,
      "Plans": [
        {
          "Node Type": "Gather",
          "Parent Relationship": "Outer",
          "Parallel Aware": false,
          "Startup Cost": 33223.94,
          "Total Cost": 33224.25,
          "Plan Rows": 3,
          "Plan Width": 8,
          "Actual Startup Time": 104.951,
          "Actual Total Time": 112.804,
          "Actual Rows": 4,
          "Actual Loops": 1,
          "Workers Planned": 3,
          "Workers Launched": 3,
          "Single Copy": false,
          "Plans": [
            {
              "Node Type": "Aggregate",
              "Strategy": "Plain",
              "Partial Mode": "Partial",
              "Parent Relationship": "Outer",
              "Parallel Aware": false,
              "Startup Cost": 32223.94,
              "Total Cost": 32223.95,
              "Plan Rows": 1,
              "Plan Width": 8,
              "Actual Startup Time": 96.264,
              "Actual Total Time": 96.265,
              "Actual Rows": 1,
              "Actual Loops": 4,
              "Plans": [
                {
                  "Node Type": "Seq Scan",
                  "Parent Relationship": "Outer",
                  "Parallel Aware": true,
                  "Relation Name": "movie_companies",
                  "Alias": "mc",
                  "Startup Cost": 0.0,
                  "Total Cost": 31414.82,
                  "Plan Rows": 323648,
                  "Plan Width": 0,
                  "Actual Startup Time": 48.788,
                  "Actual Total Time": 84.86,
                  "Actual Rows": 289781,
                  "Actual Loops": 4,
                  "Filter": "((company_id > 829) AND (company_type_id > 1))",
                  "Rows Removed by Filter": 362501
                }
              ]
            }
          ]
        }
      ]
    },
    "Planning Time": 0.21,
    "Triggers": [],
    "Execution Time": 112.867
  }
]