[
    {
        "Bao": {
            "Bao prediction": "NaN",
            "Bao recommended hint": "(no hint)"
        }
    },
    {
        "Plan": {
            "Node Type": "Aggregate",
            "Strategy": "Plain",
            "Partial Mode": "Finalize",
            "Parallel Aware": false,
            "Startup Cost": 32880.45,
            "Total Cost": 32880.46,
            "Plan Rows": 1,
            "Plan Width": 8,
            "Actual Startup Time": 86.368,
            "Actual Total Time": 91.548,
            "Actual Rows": 1,
            "Actual Loops": 1,
            "Output": [
                "count(*)"
            ],
            "Plans": [
                {
                    "Node Type": "Gather",
                    "Parent Relationship": "Outer",
                    "Parallel Aware": false,
                    "Startup Cost": 32880.13,
                    "Total Cost": 32880.44,
                    "Plan Rows": 3,
                    "Plan Width": 8,
                    "Actual Startup Time": 86.285,
                    "Actual Total Time": 91.541,
                    "Actual Rows": 4,
                    "Actual Loops": 1,
                    "Output": [
                        "(PARTIAL count(*))"
                    ],
                    "Workers Planned": 3,
                    "Workers Launched": 3,
                    "Single Copy": false,
                    "Plans": [
                        {
                            "Node Type": "Aggregate",
                            "Strategy": "Plain",
                            "Partial Mode": "Partial",
                            "Parent Relationship": "Outer",
                            "Parallel Aware": false,
                            "Startup Cost": 31880.13,
                            "Total Cost": 31880.14,
                            "Plan Rows": 1,
                            "Plan Width": 8,
                            "Actual Startup Time": 78.346,
                            "Actual Total Time": 78.347,
                            "Actual Rows": 1,
                            "Actual Loops": 4,
                            "Output": [
                                "PARTIAL count(*)"
                            ],
                            "Workers": [
                                {
                                    "Worker Number": 0,
                                    "Actual Startup Time": 75.423,
                                    "Actual Total Time": 75.424,
                                    "Actual Rows": 1,
                                    "Actual Loops": 1
                                },
                                {
                                    "Worker Number": 1,
                                    "Actual Startup Time": 75.953,
                                    "Actual Total Time": 75.954,
                                    "Actual Rows": 1,
                                    "Actual Loops": 1
                                },
                                {
                                    "Worker Number": 2,
                                    "Actual Startup Time": 75.996,
                                    "Actual Total Time": 75.997,
                                    "Actual Rows": 1,
                                    "Actual Loops": 1
                                }
                            ],
                            "Plans": [
                                {
                                    "Node Type": "Seq Scan",
                                    "Parent Relationship": "Outer",
                                    "Parallel Aware": true,
                                    "Relation Name": "movie_companies",
                                    "Schema": "public",
                                    "Alias": "mc",
                                    "Startup Cost": 0.0,
                                    "Total Cost": 31414.82,
                                    "Plan Rows": 186125,
                                    "Plan Width": 0,
                                    "Actual Startup Time": 43.4,
                                    "Actual Total Time": 74.182,
                                    "Actual Rows": 91352,
                                    "Actual Loops": 4,
                                    "Output": [
                                        "id",
                                        "movie_id",
                                        "company_id",
                                        "company_type_id",
                                        "note"
                                    ],
                                    "Filter": "((mc.company_id < 8245) AND (mc.company_type_id > 1))",
                                    "Rows Removed by Filter": 560930,
                                    "Workers": [
                                        {
                                            "Worker Number": 0,
                                            "Actual Startup Time": 40.49,
                                            "Actual Total Time": 71.504,
                                            "Actual Rows": 94114,
                                            "Actual Loops": 1
                                        },
                                        {
                                            "Worker Number": 1,
                                            "Actual Startup Time": 40.997,
                                            "Actual Total Time": 71.868,
                                            "Actual Rows": 94344,
                                            "Actual Loops": 1
                                        },
                                        {
                                            "Worker Number": 2,
                                            "Actual Startup Time": 41.041,
                                            "Actual Total Time": 71.835,
                                            "Actual Rows": 60763,
                                            "Actual Loops": 1
                                        }
                                    ]
                                }
                            ]
                        }
                    ]
                }
            ]
        },
        "Planning Time": 268.519,
        "Triggers": [],
        "Execution Time": 91.593
    }
]