[
  {
    "Plan": {
      "Node Type": "Aggregate",
      "Strategy": "Plain",
      "Partial Mode": "Finalize",
      "Parallel Aware": false,
      "Startup Cost": 27434.81,
      "Total Cost": 27434.82,
      "Plan Rows": 1,
      "Plan Width": 8,
      "Actual Startup Time": 58.656,
      "Actual Total Time": 65.166,
      "Actual Rows": 1,
      "Actual Loops": 1,
      "Plans": [
        {
          "Node Type": "Gather",
          "Parent Relationship": "Outer",
          "Parallel Aware": false,
          "Startup Cost": 27434.39,
          "Total Cost": 27434.8,
          "Plan Rows": 4,
          "Plan Width": 8,
          "Actual Startup Time": 58.521,
          "Actual Total Time": 65.159,
          "Actual Rows": 5,
          "Actual Loops": 1,
          "Workers Planned": 4,
          "Workers Launched": 4,
          "Single Copy": false,
          "Plans": [
            {
              "Node Type": "Aggregate",
              "Strategy": "Plain",
              "Partial Mode": "Partial",
              "Parent Relationship": "Outer",
              "Parallel Aware": false,
              "Startup Cost": 26434.39,
              "Total Cost": 26434.4,
              "Plan Rows": 1,
              "Plan Width": 8,
              "Actual Startup Time": 51.821,
              "Actual Total Time": 51.822,
              "Actual Rows": 1,
              "Actual Loops": 5,
              "Plans": [
                {
                  "Node Type": "Index Scan",
                  "Parent Relationship": "Outer",
                  "Parallel Aware": true,
                  "Scan Direction": "Forward",
                  "Index Name": "role_id_cast_info",
                  "Relation Name": "cast_info",
                  "Alias": "ci",
                  "Startup Cost": 0.56,
                  "Total Cost": 26337.94,
                  "Plan Rows": 38580,
                  "Plan Width": 0,
                  "Actual Startup Time": 0.101,
                  "Actual Total Time": 46.044,
                  "Actual Rows": 101636,
                  "Actual Loops": 5,
                  "Index Cond": "(role_id = 5)",
                  "Rows Removed by Index Recheck": 0,
                  "Filter": "(person_id > 3060566)",
                  "Rows Removed by Filter": 78042
                }
              ]
            }
          ]
        }
      ]
    },
    "Planning Time": 0.119,
    "Triggers": [],
    "Execution Time": 65.198
  }
]