[
  {
    "Plan": {
      "Node Type": "Aggregate",
      "Strategy": "Plain",
      "Partial Mode": "Finalize",
      "Parallel Aware": false,
      "Startup Cost": 335025.7,
      "Total Cost": 335025.71,
      "Plan Rows": 1,
      "Plan Width": 8,
      "Actual Startup Time": 672.093,
      "Actual Total Time": 733.505,
      "Actual Rows": 1,
      "Actual Loops": 1,
      "Plans": [
        {
          "Node Type": "Gather",
          "Parent Relationship": "Outer",
          "Parallel Aware": false,
          "Startup Cost": 335025.08,
          "Total Cost": 335025.69,
          "Plan Rows": 6,
          "Plan Width": 8,
          "Actual Startup Time": 671.903,
          "Actual Total Time": 733.492,
          "Actual Rows": 7,
          "Actual Loops": 1,
          "Workers Planned": 6,
          "Workers Launched": 6,
          "Single Copy": false,
          "Plans": [
            {
              "Node Type": "Aggregate",
              "Strategy": "Plain",
              "Partial Mode": "Partial",
              "Parent Relationship": "Outer",
              "Parallel Aware": false,
              "Startup Cost": 334025.08,
              "Total Cost": 334025.09,
              "Plan Rows": 1,
              "Plan Width": 8,
              "Actual Startup Time": 664.388,
              "Actual Total Time": 664.389,
              "Actual Rows": 1,
              "Actual Loops": 7,
              "Plans": [
                {
                  "Node Type": "Seq Scan",
                  "Parent Relationship": "Outer",
                  "Parallel Aware": true,
                  "Relation Name": "cast_info",
                  "Alias": "ci",
                  "Startup Cost": 0.0,
                  "Total Cost": 328211.39,
                  "Plan Rows": 2325474,
                  "Plan Width": 0,
                  "Actual Startup Time": 257.122,
                  "Actual Total Time": 576.673,
                  "Actual Rows": 1952224,
                  "Actual Loops": 7,
                  "Filter": "(person_id > 2303411)",
                  "Rows Removed by Filter": 3225539
                }
              ]
            }
          ]
        }
      ]
    },
    "Planning Time": 0.168,
    "Triggers": [],
    "Execution Time": 733.575
  }
]