{
    "Plan": {
        "Node Type": "Aggregate",
        "Strategy": "Plain",
        "Partial Mode": "Finalize",
        "Parallel Aware": false,
        "Startup Cost": 77213.67,
        "Total Cost": 77213.68,
        "Plan Rows": 1,
        "Plan Width": 8,
        "Actual Startup Time": 230.693,
        "Actual Total Time": 246.284,
        "Actual Rows": 1,
        "Actual Loops": 1,
        "Output": [
            "count(*)"
        ],
        "Plans": [
            {
                "Node Type": "Gather",
                "Parent Relationship": "Outer",
                "Parallel Aware": false,
                "Startup Cost": 77213.35,
                "Total Cost": 77213.66,
                "Plan Rows": 3,
                "Plan Width": 8,
                "Actual Startup Time": 230.023,
                "Actual Total Time": 246.275,
                "Actual Rows": 4,
                "Actual Loops": 1,
                "Output": [
                    "(PARTIAL count(*))"
                ],
                "Workers Planned": 3,
                "Workers Launched": 3,
                "Single Copy": false,
                "Plans": [
                    {
                        "Node Type": "Aggregate",
                        "Strategy": "Plain",
                        "Partial Mode": "Partial",
                        "Parent Relationship": "Outer",
                        "Parallel Aware": false,
                        "Startup Cost": 76213.35,
                        "Total Cost": 76213.36,
                        "Plan Rows": 1,
                        "Plan Width": 8,
                        "Actual Startup Time": 222.087,
                        "Actual Total Time": 222.09,
                        "Actual Rows": 1,
                        "Actual Loops": 4,
                        "Output": [
                            "PARTIAL count(*)"
                        ],
                        "Workers": [
                            {
                                "Worker Number": 0,
                                "Actual Startup Time": 218.235,
                                "Actual Total Time": 218.237,
                                "Actual Rows": 1,
                                "Actual Loops": 1
                            },
                            {
                                "Worker Number": 1,
                                "Actual Startup Time": 218.399,
                                "Actual Total Time": 218.402,
                                "Actual Rows": 1,
                                "Actual Loops": 1
                            },
                            {
                                "Worker Number": 2,
                                "Actual Startup Time": 222.35,
                                "Actual Total Time": 222.353,
                                "Actual Rows": 1,
                                "Actual Loops": 1
                            }
                        ],
                        "Plans": [
                            {
                                "Node Type": "Hash Join",
                                "Parent Relationship": "Outer",
                                "Parallel Aware": true,
                                "Join Type": "Inner",
                                "Startup Cost": 45827.63,
                                "Total Cost": 76170.02,
                                "Plan Rows": 17333,
                                "Plan Width": 0,
                                "Actual Startup Time": 122.215,
                                "Actual Total Time": 220.765,
                                "Actual Rows": 26466,
                                "Actual Loops": 4,
                                "Inner Unique": true,
                                "Hash Cond": "(mc.movie_id = t.id)",
                                "Workers": [
                                    {
                                        "Worker Number": 0,
                                        "Actual Startup Time": 118.393,
                                        "Actual Total Time": 216.943,
                                        "Actual Rows": 29207,
                                        "Actual Loops": 1
                                    },
                                    {
                                        "Worker Number": 1,
                                        "Actual Startup Time": 118.556,
                                        "Actual Total Time": 217.147,
                                        "Actual Rows": 28067,
                                        "Actual Loops": 1
                                    },
                                    {
                                        "Worker Number": 2,
                                        "Actual Startup Time": 122.511,
                                        "Actual Total Time": 221.155,
                                        "Actual Rows": 25589,
                                        "Actual Loops": 1
                                    }
                                ],
                                "Plans": [
                                    {
                                        "Node Type": "Seq Scan",
                                        "Parent Relationship": "Outer",
                                        "Parallel Aware": true,
                                        "Relation Name": "movie_companies",
                                        "Schema": "public",
                                        "Alias": "mc",
                                        "Startup Cost": 0.0,
                                        "Total Cost": 29310.68,
                                        "Plan Rows": 393031,
                                        "Plan Width": 4,
                                        "Actual Startup Time": 9.64,
                                        "Actual Total Time": 67.68,
                                        "Actual Rows": 305967,
                                        "Actual Loops": 4,
                                        "Output": [
                                            "mc.id",
                                            "mc.movie_id",
                                            "mc.company_id",
                                            "mc.company_type_id",
                                            "mc.note"
                                        ],
                                        "Filter": "(mc.company_id > 11961)",
                                        "Rows Removed by Filter": 346315,
                                        "Workers": [
                                            {
                                                "Worker Number": 0,
                                                "Actual Startup Time": 9.616,
                                                "Actual Total Time": 68.22,
                                                "Actual Rows": 333239,
                                                "Actual Loops": 1
                                            },
                                            {
                                                "Worker Number": 1,
                                                "Actual Startup Time": 9.615,
                                                "Actual Total Time": 68.006,
                                                "Actual Rows": 332530,
                                                "Actual Loops": 1
                                            },
                                            {
                                                "Worker Number": 2,
                                                "Actual Startup Time": 9.599,
                                                "Actual Total Time": 66.907,
                                                "Actual Rows": 300083,
                                                "Actual Loops": 1
                                            }
                                        ]
                                    },
                                    {
                                        "Node Type": "Hash",
                                        "Parent Relationship": "Inner",
                                        "Parallel Aware": true,
                                        "Startup Cost": 45479.21,
                                        "Total Cost": 45479.21,
                                        "Plan Rows": 27874,
                                        "Plan Width": 4,
                                        "Actual Startup Time": 110.813,
                                        "Actual Total Time": 110.814,
                                        "Actual Rows": 29193,
                                        "Actual Loops": 4,
                                        "Output": [
                                            "t.id"
                                        ],
                                        "Hash Buckets": 131072,
                                        "Original Hash Buckets": 131072,
                                        "Hash Batches": 1,
                                        "Original Hash Batches": 1,
                                        "Peak Memory Usage": 5664,
                                        "Workers": [
                                            {
                                                "Worker Number": 0,
                                                "Actual Startup Time": 108.022,
                                                "Actual Total Time": 108.022,
                                                "Actual Rows": 31292,
                                                "Actual Loops": 1
                                            },
                                            {
                                                "Worker Number": 1,
                                                "Actual Startup Time": 108.181,
                                                "Actual Total Time": 108.182,
                                                "Actual Rows": 30462,
                                                "Actual Loops": 1
                                            },
                                            {
                                                "Worker Number": 2,
                                                "Actual Startup Time": 112.341,
                                                "Actual Total Time": 112.342,
                                                "Actual Rows": 27619,
                                                "Actual Loops": 1
                                            }
                                        ],
                                        "Plans": [
                                            {
                                                "Node Type": "Seq Scan",
                                                "Parent Relationship": "Outer",
                                                "Parallel Aware": true,
                                                "Relation Name": "title",
                                                "Schema": "public",
                                                "Alias": "t",
                                                "Startup Cost": 0.0,
                                                "Total Cost": 45479.21,
                                                "Plan Rows": 27874,
                                                "Plan Width": 4,
                                                "Actual Startup Time": 65.009,
                                                "Actual Total Time": 102.236,
                                                "Actual Rows": 29193,
                                                "Actual Loops": 4,
                                                "Output": [
                                                    "t.id"
                                                ],
                                                "Filter": "((t.production_year < 2013) AND (t.kind_id = 4))",
                                                "Rows Removed by Filter": 602885,
                                                "Workers": [
                                                    {
                                                        "Worker Number": 0,
                                                        "Actual Startup Time": 62.847,
                                                        "Actual Total Time": 100.262,
                                                        "Actual Rows": 31292,
                                                        "Actual Loops": 1
                                                    },
                                                    {
                                                        "Worker Number": 1,
                                                        "Actual Startup Time": 61.763,
                                                        "Actual Total Time": 99.669,
                                                        "Actual Rows": 30462,
                                                        "Actual Loops": 1
                                                    },
                                                    {
                                                        "Worker Number": 2,
                                                        "Actual Startup Time": 66.693,
                                                        "Actual Total Time": 103.158,
                                                        "Actual Rows": 27619,
                                                        "Actual Loops": 1
                                                    }
                                                ]
                                            }
                                        ]
                                    }
                                ]
                            }
                        ]
                    }
                ]
            }
        ]
    },
    "Planning Time": 0.751,
    "Triggers": [],
    "Execution Time": 246.351
}