[
  {
    "Plan": {
      "Node Type": "Aggregate",
      "Strategy": "Plain",
      "Partial Mode": "Finalize",
      "Parallel Aware": false,
      "Startup Cost": 74951.32,
      "Total Cost": 74951.33,
      "Plan Rows": 1,
      "Plan Width": 8,
      "Actual Startup Time": 212.697,
      "Actual Total Time": 225.322,
      "Actual Rows": 1,
      "Actual Loops": 1,
      "Plans": [
        {
          "Node Type": "Gather",
          "Parent Relationship": "Outer",
          "Parallel Aware": false,
          "Startup Cost": 74951.0,
          "Total Cost": 74951.31,
          "Plan Rows": 3,
          "Plan Width": 8,
          "Actual Startup Time": 211.166,
          "Actual Total Time": 225.313,
          "Actual Rows": 4,
          "Actual Loops": 1,
          "Workers Planned": 3,
          "Workers Launched": 3,
          "Single Copy": false,
          "Plans": [
            {
              "Node Type": "Aggregate",
              "Strategy": "Plain",
              "Partial Mode": "Partial",
              "Parent Relationship": "Outer",
              "Parallel Aware": false,
              "Startup Cost": 73951.0,
              "Total Cost": 73951.01,
              "Plan Rows": 1,
              "Plan Width": 8,
              "Actual Startup Time": 202.238,
              "Actual Total Time": 202.243,
              "Actual Rows": 1,
              "Actual Loops": 4,
              "Plans": [
                {
                  "Node Type": "Hash Join",
                  "Parent Relationship": "Outer",
                  "Parallel Aware": true,
                  "Join Type": "Inner",
                  "Startup Cost": 48957.58,
                  "Total Cost": 73937.94,
                  "Plan Rows": 5224,
                  "Plan Width": 0,
                  "Actual Startup Time": 152.199,
                  "Actual Total Time": 201.646,
                  "Actual Rows": 6553,
                  "Actual Loops": 4,
                  "Inner Unique": true,
                  "Hash Cond": "(mk.movie_id = t.id)",
                  "Plans": [
                    {
                      "Node Type": "Bitmap Heap Scan",
                      "Parent Relationship": "Outer",
                      "Parallel Aware": true,
                      "Relation Name": "movie_keyword",
                      "Alias": "mk",
                      "Startup Cost": 2292.51,
                      "Total Cost": 27181.51,
                      "Plan Rows": 34800,
                      "Plan Width": 4,
                      "Actual Startup Time": 11.971,
                      "Actual Total Time": 50.618,
                      "Actual Rows": 30480,
                      "Actual Loops": 4,
                      "Recheck Cond": "(keyword_id < 117)",
                      "Rows Removed by Index Recheck": 0,
                      "Exact Heap Blocks": 9860,
                      "Lossy Heap Blocks": 0,
                      "Plans": [
                        {
                          "Node Type": "Bitmap Index Scan",
                          "Parent Relationship": "Outer",
                          "Parallel Aware": false,
                          "Index Name": "keyword_id_movie_keyword",
                          "Startup Cost": 0.0,
                          "Total Cost": 2265.54,
                          "Plan Rows": 107881,
                          "Plan Width": 0,
                          "Actual Startup Time": 8.48,
                          "Actual Total Time": 8.481,
                          "Actual Rows": 121921,
                          "Actual Loops": 1,
                          "Index Cond": "(keyword_id < 117)"
                        }
                      ]
                    },
                    {
                      "Node Type": "Hash",
                      "Parent Relationship": "Inner",
                      "Parallel Aware": true,
                      "Startup Cost": 45479.1,
                      "Total Cost": 45479.1,
                      "Plan Rows": 94878,
                      "Plan Width": 4,
                      "Actual Startup Time": 137.004,
                      "Actual Total Time": 137.005,
                      "Actual Rows": 74860,
                      "Actual Loops": 4,
                      "Hash Buckets": 524288,
                      "Original Hash Buckets": 524288,
                      "Hash Batches": 1,
                      "Original Hash Batches": 1,
                      "Peak Memory Usage": 15872,
                      "Plans": [
                        {
                          "Node Type": "Seq Scan",
                          "Parent Relationship": "Outer",
                          "Parallel Aware": true,
                          "Relation Name": "title",
                          "Alias": "t",
                          "Startup Cost": 0.0,
                          "Total Cost": 45479.1,
                          "Plan Rows": 94878,
                          "Plan Width": 4,
                          "Actual Startup Time": 0.038,
                          "Actual Total Time": 107.515,
                          "Actual Rows": 74860,
                          "Actual Loops": 4,
                          "Filter": "((kind_id < 3) AND (production_year > 2002))",
                          "Rows Removed by Filter": 557218
                        }
                      ]
                    }
                  ]
                }
              ]
            }
          ]
        }
      ]
    },
    "Planning Time": 0.568,
    "Triggers": [],
    "Execution Time": 225.409
  }
]