[
    {
        "Bao": {
            "Bao prediction": "NaN",
            "Bao recommended hint": "(no hint)"
        }
    },
    {
        "Plan": {
            "Node Type": "Aggregate",
            "Strategy": "Plain",
            "Partial Mode": "Finalize",
            "Parallel Aware": false,
            "Startup Cost": 107671.46,
            "Total Cost": 107671.47,
            "Plan Rows": 1,
            "Plan Width": 8,
            "Actual Startup Time": 394.563,
            "Actual Total Time": 430.054,
            "Actual Rows": 1,
            "Actual Loops": 1,
            "Output": [
                "count(*)"
            ],
            "Plans": [
                {
                    "Node Type": "Gather",
                    "Parent Relationship": "Outer",
                    "Parallel Aware": false,
                    "Startup Cost": 107671.14,
                    "Total Cost": 107671.45,
                    "Plan Rows": 3,
                    "Plan Width": 8,
                    "Actual Startup Time": 394.183,
                    "Actual Total Time": 430.046,
                    "Actual Rows": 4,
                    "Actual Loops": 1,
                    "Output": [
                        "(PARTIAL count(*))"
                    ],
                    "Workers Planned": 3,
                    "Workers Launched": 3,
                    "Single Copy": false,
                    "Plans": [
                        {
                            "Node Type": "Aggregate",
                            "Strategy": "Plain",
                            "Partial Mode": "Partial",
                            "Parent Relationship": "Outer",
                            "Parallel Aware": false,
                            "Startup Cost": 106671.14,
                            "Total Cost": 106671.15,
                            "Plan Rows": 1,
                            "Plan Width": 8,
                            "Actual Startup Time": 385.471,
                            "Actual Total Time": 385.475,
                            "Actual Rows": 1,
                            "Actual Loops": 4,
                            "Output": [
                                "PARTIAL count(*)"
                            ],
                            "Workers": [
                                {
                                    "Worker Number": 0,
                                    "Actual Startup Time": 382.282,
                                    "Actual Total Time": 382.286,
                                    "Actual Rows": 1,
                                    "Actual Loops": 1
                                },
                                {
                                    "Worker Number": 1,
                                    "Actual Startup Time": 382.577,
                                    "Actual Total Time": 382.581,
                                    "Actual Rows": 1,
                                    "Actual Loops": 1
                                },
                                {
                                    "Worker Number": 2,
                                    "Actual Startup Time": 383.123,
                                    "Actual Total Time": 383.126,
                                    "Actual Rows": 1,
                                    "Actual Loops": 1
                                }
                            ],
                            "Plans": [
                                {
                                    "Node Type": "Nested Loop",
                                    "Parent Relationship": "Outer",
                                    "Parallel Aware": false,
                                    "Join Type": "Inner",
                                    "Startup Cost": 44109.27,
                                    "Total Cost": 106278.65,
                                    "Plan Rows": 156995,
                                    "Plan Width": 0,
                                    "Actual Startup Time": 88.691,
                                    "Actual Total Time": 376.926,
                                    "Actual Rows": 171498,
                                    "Actual Loops": 4,
                                    "Inner Unique": false,
                                    "Join Filter": "(t.id = ci.movie_id)",
                                    "Rows Removed by Join Filter": 0,
                                    "Workers": [
                                        {
                                            "Worker Number": 0,
                                            "Actual Startup Time": 85.61,
                                            "Actual Total Time": 373.862,
                                            "Actual Rows": 152869,
                                            "Actual Loops": 1
                                        },
                                        {
                                            "Worker Number": 1,
                                            "Actual Startup Time": 85.832,
                                            "Actual Total Time": 374.494,
                                            "Actual Rows": 148168,
                                            "Actual Loops": 1
                                        },
                                        {
                                            "Worker Number": 2,
                                            "Actual Startup Time": 86.181,
                                            "Actual Total Time": 374.902,
                                            "Actual Rows": 148277,
                                            "Actual Loops": 1
                                        }
                                    ],
                                    "Plans": [
                                        {
                                            "Node Type": "Hash Join",
                                            "Parent Relationship": "Outer",
                                            "Parallel Aware": true,
                                            "Join Type": "Inner",
                                            "Startup Cost": 44108.71,
                                            "Total Cost": 74502.33,
                                            "Plan Rows": 10949,
                                            "Plan Width": 8,
                                            "Actual Startup Time": 88.618,
                                            "Actual Total Time": 178.323,
                                            "Actual Rows": 4327,
                                            "Actual Loops": 4,
                                            "Output": [
                                                "t.id",
                                                "mc.movie_id"
                                            ],
                                            "Inner Unique": true,
                                            "Hash Cond": "(mc.movie_id = t.id)",
                                            "Workers": [
                                                {
                                                    "Worker Number": 0,
                                                    "Actual Startup Time": 85.52,
                                                    "Actual Total Time": 165.358,
                                                    "Actual Rows": 3711,
                                                    "Actual Loops": 1
                                                },
                                                {
                                                    "Worker Number": 1,
                                                    "Actual Startup Time": 85.738,
                                                    "Actual Total Time": 165.889,
                                                    "Actual Rows": 3702,
                                                    "Actual Loops": 1
                                                },
                                                {
                                                    "Worker Number": 2,
                                                    "Actual Startup Time": 86.093,
                                                    "Actual Total Time": 170.995,
                                                    "Actual Rows": 3632,
                                                    "Actual Loops": 1
                                                }
                                            ],
                                            "Plans": [
                                                {
                                                    "Node Type": "Seq Scan",
                                                    "Parent Relationship": "Outer",
                                                    "Parallel Aware": true,
                                                    "Relation Name": "movie_companies",
                                                    "Schema": "public",
                                                    "Alias": "mc",
                                                    "Startup Cost": 0.0,
                                                    "Total Cost": 29310.68,
                                                    "Plan Rows": 412551,
                                                    "Plan Width": 4,
                                                    "Actual Startup Time": 0.019,
                                                    "Actual Total Time": 56.741,
                                                    "Actual Rows": 318562,
                                                    "Actual Loops": 4,
                                                    "Output": [
                                                        "mc.id",
                                                        "mc.movie_id",
                                                        "mc.company_id",
                                                        "mc.company_type_id",
                                                        "mc.note"
                                                    ],
                                                    "Filter": "(mc.company_type_id = 1)",
                                                    "Rows Removed by Filter": 333721,
                                                    "Workers": [
                                                        {
                                                            "Worker Number": 0,
                                                            "Actual Startup Time": 0.022,
                                                            "Actual Total Time": 51.517,
                                                            "Actual Rows": 260955,
                                                            "Actual Loops": 1
                                                        },
                                                        {
                                                            "Worker Number": 1,
                                                            "Actual Startup Time": 0.021,
                                                            "Actual Total Time": 52.868,
                                                            "Actual Rows": 259013,
                                                            "Actual Loops": 1
                                                        },
                                                        {
                                                            "Worker Number": 2,
                                                            "Actual Startup Time": 0.025,
                                                            "Actual Total Time": 53.842,
                                                            "Actual Rows": 280046,
                                                            "Actual Loops": 1
                                                        }
                                                    ]
                                                },
                                                {
                                                    "Node Type": "Hash",
                                                    "Parent Relationship": "Inner",
                                                    "Parallel Aware": true,
                                                    "Startup Cost": 43899.01,
                                                    "Total Cost": 43899.01,
                                                    "Plan Rows": 16776,
                                                    "Plan Width": 4,
                                                    "Actual Startup Time": 87.862,
                                                    "Actual Total Time": 87.863,
                                                    "Actual Rows": 16836,
                                                    "Actual Loops": 4,
                                                    "Output": [
                                                        "t.id"
                                                    ],
                                                    "Hash Buckets": 131072,
                                                    "Original Hash Buckets": 131072,
                                                    "Hash Batches": 1,
                                                    "Original Hash Batches": 1,
                                                    "Peak Memory Usage": 3744,
                                                    "Workers": [
                                                        {
                                                            "Worker Number": 0,
                                                            "Actual Startup Time": 84.888,
                                                            "Actual Total Time": 84.889,
                                                            "Actual Rows": 12608,
                                                            "Actual Loops": 1
                                                        },
                                                        {
                                                            "Worker Number": 1,
                                                            "Actual Startup Time": 85.184,
                                                            "Actual Total Time": 85.185,
                                                            "Actual Rows": 13204,
                                                            "Actual Loops": 1
                                                        },
                                                        {
                                                            "Worker Number": 2,
                                                            "Actual Startup Time": 85.665,
                                                            "Actual Total Time": 85.665,
                                                            "Actual Rows": 12795,
                                                            "Actual Loops": 1
                                                        }
                                                    ],
                                                    "Plans": [
                                                        {
                                                            "Node Type": "Seq Scan",
                                                            "Parent Relationship": "Outer",
                                                            "Parallel Aware": true,
                                                            "Relation Name": "title",
                                                            "Schema": "public",
                                                            "Alias": "t",
                                                            "Startup Cost": 0.0,
                                                            "Total Cost": 43899.01,
                                                            "Plan Rows": 16776,
                                                            "Plan Width": 4,
                                                            "Actual Startup Time": 0.062,
                                                            "Actual Total Time": 80.894,
                                                            "Actual Rows": 16836,
                                                            "Actual Loops": 4,
                                                            "Output": [
                                                                "t.id"
                                                            ],
                                                            "Filter": "(t.production_year > 2012)",
                                                            "Rows Removed by Filter": 615242,
                                                            "Workers": [
                                                                {
                                                                    "Worker Number": 0,
                                                                    "Actual Startup Time": 0.11,
                                                                    "Actual Total Time": 78.007,
                                                                    "Actual Rows": 12608,
                                                                    "Actual Loops": 1
                                                                },
                                                                {
                                                                    "Worker Number": 1,
                                                                    "Actual Startup Time": 0.066,
                                                                    "Actual Total Time": 78.074,
                                                                    "Actual Rows": 13204,
                                                                    "Actual Loops": 1
                                                                },
                                                                {
                                                                    "Worker Number": 2,
                                                                    "Actual Startup Time": 0.048,
                                                                    "Actual Total Time": 79.3,
                                                                    "Actual Rows": 12795,
                                                                    "Actual Loops": 1
                                                                }
                                                            ]
                                                        }
                                                    ]
                                                }
                                            ]
                                        },
                                        {
                                            "Node Type": "Index Only Scan",
                                            "Parent Relationship": "Inner",
                                            "Parallel Aware": false,
                                            "Scan Direction": "Forward",
                                            "Index Name": "movie_id_cast_info",
                                            "Relation Name": "cast_info",
                                            "Schema": "public",
                                            "Alias": "ci",
                                            "Startup Cost": 0.56,
                                            "Total Cost": 2.43,
                                            "Plan Rows": 38,
                                            "Plan Width": 4,
                                            "Actual Startup Time": 0.008,
                                            "Actual Total Time": 0.042,
                                            "Actual Rows": 40,
                                            "Actual Loops": 17307,
                                            "Output": [
                                                "ci.movie_id"
                                            ],
                                            "Index Cond": "(ci.movie_id = mc.movie_id)",
                                            "Rows Removed by Index Recheck": 0,
                                            "Heap Fetches": 685993,
                                            "Workers": [
                                                {
                                                    "Worker Number": 0,
                                                    "Actual Startup Time": 0.01,
                                                    "Actual Total Time": 0.052,
                                                    "Actual Rows": 41,
                                                    "Actual Loops": 3711
                                                },
                                                {
                                                    "Worker Number": 1,
                                                    "Actual Startup Time": 0.01,
                                                    "Actual Total Time": 0.052,
                                                    "Actual Rows": 40,
                                                    "Actual Loops": 3702
                                                },
                                                {
                                                    "Worker Number": 2,
                                                    "Actual Startup Time": 0.01,
                                                    "Actual Total Time": 0.052,
                                                    "Actual Rows": 41,
                                                    "Actual Loops": 3632
                                                }
                                            ]
                                        }
                                    ]
                                }
                            ]
                        }
                    ]
                }
            ]
        },
        "Planning Time": 184.548,
        "Triggers": [],
        "Execution Time": 430.12
    }
]