[
  {
    "Plan": {
      "Node Type": "Aggregate",
      "Strategy": "Plain",
      "Partial Mode": "Finalize",
      "Parallel Aware": false,
      "Startup Cost": 33184.49,
      "Total Cost": 33184.5,
      "Plan Rows": 1,
      "Plan Width": 8,
      "Actual Startup Time": 119.845,
      "Actual Total Time": 128.49,
      "Actual Rows": 1,
      "Actual Loops": 1,
      "Plans": [
        {
          "Node Type": "Gather",
          "Parent Relationship": "Outer",
          "Parallel Aware": false,
          "Startup Cost": 33184.18,
          "Total Cost": 33184.49,
          "Plan Rows": 3,
          "Plan Width": 8,
          "Actual Startup Time": 119.738,
          "Actual Total Time": 128.481,
          "Actual Rows": 4,
          "Actual Loops": 1,
          "Workers Planned": 3,
          "Workers Launched": 3,
          "Single Copy": false,
          "Plans": [
            {
              "Node Type": "Aggregate",
              "Strategy": "Plain",
              "Partial Mode": "Partial",
              "Parent Relationship": "Outer",
              "Parallel Aware": false,
              "Startup Cost": 32184.18,
              "Total Cost": 32184.19,
              "Plan Rows": 1,
              "Plan Width": 8,
              "Actual Startup Time": 111.484,
              "Actual Total Time": 111.485,
              "Actual Rows": 1,
              "Actual Loops": 4,
              "Plans": [
                {
                  "Node Type": "Seq Scan",
                  "Parent Relationship": "Outer",
                  "Parallel Aware": true,
                  "Relation Name": "movie_companies",
                  "Alias": "mc",
                  "Startup Cost": 0.0,
                  "Total Cost": 31414.82,
                  "Plan Rows": 307743,
                  "Plan Width": 0,
                  "Actual Startup Time": 0.048,
                  "Actual Total Time": 91.409,
                  "Actual Rows": 311194,
                  "Actual Loops": 4,
                  "Filter": "((company_id < 48058) AND (company_type_id < 2))",
                  "Rows Removed by Filter": 341088
                }
              ]
            }
          ]
        }
      ]
    },
    "Planning Time": 0.217,
    "Triggers": [],
    "Execution Time": 128.549
  }
]