[
  {
    "Plan": {
      "Node Type": "Aggregate",
      "Strategy": "Plain",
      "Partial Mode": "Finalize",
      "Parallel Aware": false,
      "Startup Cost": 282214.73,
      "Total Cost": 282214.74,
      "Plan Rows": 1,
      "Plan Width": 8,
      "Actual Startup Time": 492.264,
      "Actual Total Time": 528.251,
      "Actual Rows": 1,
      "Actual Loops": 1,
      "Plans": [
        {
          "Node Type": "Gather",
          "Parent Relationship": "Outer",
          "Parallel Aware": false,
          "Startup Cost": 282214.41,
          "Total Cost": 282214.72,
          "Plan Rows": 3,
          "Plan Width": 8,
          "Actual Startup Time": 490.654,
          "Actual Total Time": 528.243,
          "Actual Rows": 4,
          "Actual Loops": 1,
          "Workers Planned": 3,
          "Workers Launched": 3,
          "Single Copy": false,
          "Plans": [
            {
              "Node Type": "Aggregate",
              "Strategy": "Plain",
              "Partial Mode": "Partial",
              "Parent Relationship": "Outer",
              "Parallel Aware": false,
              "Startup Cost": 281214.41,
              "Total Cost": 281214.42,
              "Plan Rows": 1,
              "Plan Width": 8,
              "Actual Startup Time": 481.154,
              "Actual Total Time": 481.157,
              "Actual Rows": 1,
              "Actual Loops": 4,
              "Plans": [
                {
                  "Node Type": "Nested Loop",
                  "Parent Relationship": "Outer",
                  "Parallel Aware": false,
                  "Join Type": "Inner",
                  "Startup Cost": 46643.05,
                  "Total Cost": 279910.24,
                  "Plan Rows": 521670,
                  "Plan Width": 0,
                  "Actual Startup Time": 140.218,
                  "Actual Total Time": 470.569,
                  "Actual Rows": 234889,
                  "Actual Loops": 4,
                  "Inner Unique": false,
                  "Join Filter": "(t.id = mi.movie_id)",
                  "Rows Removed by Join Filter": 0,
                  "Plans": [
                    {
                      "Node Type": "Hash Join",
                      "Parent Relationship": "Outer",
                      "Parallel Aware": true,
                      "Join Type": "Inner",
                      "Startup Cost": 46642.61,
                      "Total Cost": 90922.69,
                      "Plan Rows": 88845,
                      "Plan Width": 8,
                      "Actual Startup Time": 140.092,
                      "Actual Total Time": 288.327,
                      "Actual Rows": 22258,
                      "Actual Loops": 4,
                      "Inner Unique": true,
                      "Hash Cond": "(mk.movie_id = t.id)",
                      "Plans": [
                        {
                          "Node Type": "Seq Scan",
                          "Parent Relationship": "Outer",
                          "Parallel Aware": true,
                          "Relation Name": "movie_keyword",
                          "Alias": "mk",
                          "Startup Cost": 0.0,
                          "Total Cost": 42695.65,
                          "Plan Rows": 603589,
                          "Plan Width": 4,
                          "Actual Startup Time": 0.376,
                          "Actual Total Time": 97.312,
                          "Actual Rows": 464647,
                          "Actual Loops": 4,
                          "Filter": "(keyword_id > 7430)",
                          "Rows Removed by Filter": 666335
                        },
                        {
                          "Node Type": "Hash",
                          "Parent Relationship": "Inner",
                          "Parallel Aware": true,
                          "Startup Cost": 45479.59,
                          "Total Cost": 45479.59,
                          "Plan Rows": 93042,
                          "Plan Width": 4,
                          "Actual Startup Time": 136.213,
                          "Actual Total Time": 136.214,
                          "Actual Rows": 95891,
                          "Actual Loops": 4,
                          "Hash Buckets": 524288,
                          "Original Hash Buckets": 524288,
                          "Hash Batches": 1,
                          "Original Hash Batches": 1,
                          "Peak Memory Usage": 19136,
                          "Plans": [
                            {
                              "Node Type": "Seq Scan",
                              "Parent Relationship": "Outer",
                              "Parallel Aware": true,
                              "Relation Name": "title",
                              "Alias": "t",
                              "Startup Cost": 0.0,
                              "Total Cost": 45479.59,
                              "Plan Rows": 93042,
                              "Plan Width": 4,
                              "Actual Startup Time": 0.043,
                              "Actual Total Time": 102.855,
                              "Actual Rows": 95891,
                              "Actual Loops": 4,
                              "Filter": "((kind_id > 2) AND (production_year > 2009))",
                              "Rows Removed by Filter": 536187
                            }
                          ]
                        }
                      ]
                    },
                    {
                      "Node Type": "Index Only Scan",
                      "Parent Relationship": "Inner",
                      "Parallel Aware": false,
                      "Scan Direction": "Forward",
                      "Index Name": "movie_id_movie_info",
                      "Relation Name": "movie_info",
                      "Alias": "mi",
                      "Startup Cost": 0.43,
                      "Total Cost": 1.61,
                      "Plan Rows": 41,
                      "Plan Width": 4,
                      "Actual Startup Time": 0.003,
                      "Actual Total Time": 0.007,
                      "Actual Rows": 11,
                      "Actual Loops": 89032,
                      "Index Cond": "(movie_id = mk.movie_id)",
                      "Rows Removed by Index Recheck": 0,
                      "Heap Fetches": 939556
                    }
                  ]
                }
              ]
            }
          ]
        }
      ]
    },
    "Planning Time": 1.414,
    "Triggers": [],
    "Execution Time": 528.351
  }
]