[
  {
    "Plan": {
      "Node Type": "Aggregate",
      "Strategy": "Plain",
      "Partial Mode": "Finalize",
      "Parallel Aware": false,
      "Startup Cost": 47136.56,
      "Total Cost": 47136.57,
      "Plan Rows": 1,
      "Plan Width": 8,
      "Actual Startup Time": 183.213,
      "Actual Total Time": 193.369,
      "Actual Rows": 1,
      "Actual Loops": 1,
      "Plans": [
        {
          "Node Type": "Gather",
          "Parent Relationship": "Outer",
          "Parallel Aware": false,
          "Startup Cost": 47136.25,
          "Total Cost": 47136.56,
          "Plan Rows": 3,
          "Plan Width": 8,
          "Actual Startup Time": 183.078,
          "Actual Total Time": 193.36,
          "Actual Rows": 4,
          "Actual Loops": 1,
          "Workers Planned": 3,
          "Workers Launched": 3,
          "Single Copy": false,
          "Plans": [
            {
              "Node Type": "Aggregate",
              "Strategy": "Plain",
              "Partial Mode": "Partial",
              "Parent Relationship": "Outer",
              "Parallel Aware": false,
              "Startup Cost": 46136.25,
              "Total Cost": 46136.26,
              "Plan Rows": 1,
              "Plan Width": 8,
              "Actual Startup Time": 176.157,
              "Actual Total Time": 176.158,
              "Actual Rows": 1,
              "Actual Loops": 4,
              "Plans": [
                {
                  "Node Type": "Seq Scan",
                  "Parent Relationship": "Outer",
                  "Parallel Aware": true,
                  "Relation Name": "movie_keyword",
                  "Alias": "mk",
                  "Startup Cost": 0.0,
                  "Total Cost": 42695.65,
                  "Plan Rows": 1376237,
                  "Plan Width": 0,
                  "Actual Startup Time": 0.049,
                  "Actual Total Time": 125.017,
                  "Actual Rows": 1065634,
                  "Actual Loops": 4,
                  "Filter": "(keyword_id < 59203)",
                  "Rows Removed by Filter": 65348
                }
              ]
            }
          ]
        }
      ]
    },
    "Planning Time": 0.121,
    "Triggers": [],
    "Execution Time": 193.406
  }
]