[
  {
    "Plan": {
      "Node Type": "Aggregate",
      "Strategy": "Plain",
      "Partial Mode": "Finalize",
      "Parallel Aware": false,
      "Startup Cost": 338886.52,
      "Total Cost": 338886.53,
      "Plan Rows": 1,
      "Plan Width": 8,
      "Actual Startup Time": 1295.47,
      "Actual Total Time": 1397.576,
      "Actual Rows": 1,
      "Actual Loops": 1,
      "Plans": [
        {
          "Node Type": "Gather",
          "Parent Relationship": "Outer",
          "Parallel Aware": false,
          "Startup Cost": 338886.0,
          "Total Cost": 338886.51,
          "Plan Rows": 5,
          "Plan Width": 8,
          "Actual Startup Time": 1294.548,
          "Actual Total Time": 1397.556,
          "Actual Rows": 6,
          "Actual Loops": 1,
          "Workers Planned": 5,
          "Workers Launched": 5,
          "Single Copy": false,
          "Plans": [
            {
              "Node Type": "Aggregate",
              "Strategy": "Plain",
              "Partial Mode": "Partial",
              "Parent Relationship": "Outer",
              "Parallel Aware": false,
              "Startup Cost": 337886.0,
              "Total Cost": 337886.01,
              "Plan Rows": 1,
              "Plan Width": 8,
              "Actual Startup Time": 1289.249,
              "Actual Total Time": 1289.257,
              "Actual Rows": 1,
              "Actual Loops": 6,
              "Plans": [
                {
                  "Node Type": "Nested Loop",
                  "Parent Relationship": "Outer",
                  "Parallel Aware": false,
                  "Join Type": "Inner",
                  "Startup Cost": 45792.13,
                  "Total Cost": 336968.75,
                  "Plan Rows": 366899,
                  "Plan Width": 0,
                  "Actual Startup Time": 102.962,
                  "Actual Total Time": 1272.177,
                  "Actual Rows": 343043,
                  "Actual Loops": 6,
                  "Inner Unique": false,
                  "Join Filter": "(t.id = ci.movie_id)",
                  "Rows Removed by Join Filter": 0,
                  "Plans": [
                    {
                      "Node Type": "Hash Join",
                      "Parent Relationship": "Outer",
                      "Parallel Aware": true,
                      "Join Type": "Inner",
                      "Startup Cost": 45791.56,
                      "Total Cost": 248134.17,
                      "Plan Rows": 48649,
                      "Plan Width": 8,
                      "Actual Startup Time": 102.881,
                      "Actual Total Time": 504.224,
                      "Actual Rows": 27629,
                      "Actual Loops": 6,
                      "Inner Unique": true,
                      "Hash Cond": "(mi.movie_id = t.id)",
                      "Plans": [
                        {
                          "Node Type": "Seq Scan",
                          "Parent Relationship": "Outer",
                          "Parallel Aware": true,
                          "Relation Name": "movie_info",
                          "Alias": "mi",
                          "Startup Cost": 0.0,
                          "Total Cost": 199108.24,
                          "Plan Rows": 1232139,
                          "Plan Width": 4,
                          "Actual Startup Time": 16.12,
                          "Actual Total Time": 296.575,
                          "Actual Rows": 1037249,
                          "Actual Loops": 6,
                          "Filter": "(info_type_id > 8)",
                          "Rows Removed by Filter": 1435371
                        },
                        {
                          "Node Type": "Hash",
                          "Parent Relationship": "Inner",
                          "Parallel Aware": true,
                          "Startup Cost": 45479.59,
                          "Total Cost": 45479.59,
                          "Plan Rows": 24958,
                          "Plan Width": 4,
                          "Actual Startup Time": 85.282,
                          "Actual Total Time": 85.285,
                          "Actual Rows": 17349,
                          "Actual Loops": 6,
                          "Hash Buckets": 131072,
                          "Original Hash Buckets": 131072,
                          "Hash Batches": 1,
                          "Original Hash Batches": 1,
                          "Peak Memory Usage": 5184,
                          "Plans": [
                            {
                              "Node Type": "Seq Scan",
                              "Parent Relationship": "Outer",
                              "Parallel Aware": true,
                              "Relation Name": "title",
                              "Alias": "t",
                              "Startup Cost": 0.0,
                              "Total Cost": 45479.59,
                              "Plan Rows": 24958,
                              "Plan Width": 4,
                              "Actual Startup Time": 0.027,
                              "Actual Total Time": 77.372,
                              "Actual Rows": 17349,
                              "Actual Loops": 6,
                              "Filter": "((kind_id > 2) AND (production_year = 2010))",
                              "Rows Removed by Filter": 404036
                            }
                          ]
                        }
                      ]
                    },
                    {
                      "Node Type": "Index Scan",
                      "Parent Relationship": "Inner",
                      "Parallel Aware": false,
                      "Scan Direction": "Forward",
                      "Index Name": "movie_id_cast_info",
                      "Relation Name": "cast_info",
                      "Alias": "ci",
                      "Startup Cost": 0.56,
                      "Total Cost": 1.6,
                      "Plan Rows": 18,
                      "Plan Width": 4,
                      "Actual Startup Time": 0.006,
                      "Actual Total Time": 0.026,
                      "Actual Rows": 12,
                      "Actual Loops": 165773,
                      "Index Cond": "(movie_id = mi.movie_id)",
                      "Rows Removed by Index Recheck": 0,
                      "Filter": "((person_id < 3671728) AND (role_id < 3))",
                      "Rows Removed by Filter": 15
                    }
                  ]
                }
              ]
            }
          ]
        }
      ]
    },
    "Planning Time": 0.907,
    "Triggers": [],
    "Execution Time": 1397.665
  }
]