[
  {
    "Plan": {
      "Node Type": "Aggregate",
      "Strategy": "Plain",
      "Partial Mode": "Finalize",
      "Parallel Aware": false,
      "Startup Cost": 97650.86,
      "Total Cost": 97650.87,
      "Plan Rows": 1,
      "Plan Width": 8,
      "Actual Startup Time": 500.13,
      "Actual Total Time": 515.485,
      "Actual Rows": 1,
      "Actual Loops": 1,
      "Plans": [
        {
          "Node Type": "Gather",
          "Parent Relationship": "Outer",
          "Parallel Aware": false,
          "Startup Cost": 97650.54,
          "Total Cost": 97650.85,
          "Plan Rows": 3,
          "Plan Width": 8,
          "Actual Startup Time": 490.109,
          "Actual Total Time": 515.461,
          "Actual Rows": 4,
          "Actual Loops": 1,
          "Workers Planned": 3,
          "Workers Launched": 3,
          "Single Copy": false,
          "Plans": [
            {
              "Node Type": "Aggregate",
              "Strategy": "Plain",
              "Partial Mode": "Partial",
              "Parent Relationship": "Outer",
              "Parallel Aware": false,
              "Startup Cost": 96650.54,
              "Total Cost": 96650.55,
              "Plan Rows": 1,
              "Plan Width": 8,
              "Actual Startup Time": 482.042,
              "Actual Total Time": 482.045,
              "Actual Rows": 1,
              "Actual Loops": 4,
              "Plans": [
                {
                  "Node Type": "Hash Join",
                  "Parent Relationship": "Outer",
                  "Parallel Aware": true,
                  "Join Type": "Inner",
                  "Startup Cost": 49712.19,
                  "Total Cost": 95217.25,
                  "Plan Rows": 573315,
                  "Plan Width": 0,
                  "Actual Startup Time": 257.274,
                  "Actual Total Time": 471.586,
                  "Actual Rows": 234826,
                  "Actual Loops": 4,
                  "Inner Unique": true,
                  "Hash Cond": "(mk.movie_id = t.id)",
                  "Plans": [
                    {
                      "Node Type": "Seq Scan",
                      "Parent Relationship": "Outer",
                      "Parallel Aware": true,
                      "Relation Name": "movie_keyword",
                      "Alias": "mk",
                      "Startup Cost": 0.0,
                      "Total Cost": 42695.65,
                      "Plan Rows": 1070252,
                      "Plan Width": 4,
                      "Actual Startup Time": 0.101,
                      "Actual Total Time": 113.857,
                      "Actual Rows": 830272,
                      "Actual Loops": 4,
                      "Filter": "(keyword_id > 1500)",
                      "Rows Removed by Filter": 300710
                    },
                    {
                      "Node Type": "Hash",
                      "Parent Relationship": "Inner",
                      "Parallel Aware": true,
                      "Startup Cost": 45479.59,
                      "Total Cost": 45479.59,
                      "Plan Rows": 338608,
                      "Plan Width": 4,
                      "Actual Startup Time": 252.368,
                      "Actual Total Time": 252.369,
                      "Actual Rows": 366326,
                      "Actual Loops": 4,
                      "Hash Buckets": 2097152,
                      "Original Hash Buckets": 2097152,
                      "Hash Batches": 1,
                      "Original Hash Batches": 1,
                      "Peak Memory Usage": 73792,
                      "Plans": [
                        {
                          "Node Type": "Seq Scan",
                          "Parent Relationship": "Outer",
                          "Parallel Aware": true,
                          "Relation Name": "title",
                          "Alias": "t",
                          "Startup Cost": 0.0,
                          "Total Cost": 45479.59,
                          "Plan Rows": 338608,
                          "Plan Width": 4,
                          "Actual Startup Time": 0.048,
                          "Actual Total Time": 116.865,
                          "Actual Rows": 366326,
                          "Actual Loops": 4,
                          "Filter": "((kind_id > 2) AND (production_year > 1981))",
                          "Rows Removed by Filter": 265752
                        }
                      ]
                    }
                  ]
                }
              ]
            }
          ]
        }
      ]
    },
    "Planning Time": 0.403,
    "Triggers": [],
    "Execution Time": 515.52
  }
]