{
  "Plan": {
    "Node Type": "Aggregate",
    "Strategy": "Plain",
    "Partial Mode": "Finalize",
    "Parallel Aware": false,
    "Startup Cost": 112487.83,
    "Total Cost": 112487.84,
    "Plan Rows": 1,
    "Plan Width": 8,
    "Actual Startup Time": 755.81,
    "Actual Total Time": 777.587,
    "Actual Rows": 1,
    "Actual Loops": 1,
    "Plans": [
      {
        "Node Type": "Gather",
        "Parent Relationship": "Outer",
        "Parallel Aware": false,
        "Startup Cost": 112487.72,
        "Total Cost": 112487.83,
        "Plan Rows": 1,
        "Plan Width": 8,
        "Actual Startup Time": 749.295,
        "Actual Total Time": 777.578,
        "Actual Rows": 2,
        "Actual Loops": 1,
        "Workers Planned": 1,
        "Workers Launched": 1,
        "Single Copy": false,
        "Plans": [
          {
            "Node Type": "Aggregate",
            "Strategy": "Plain",
            "Partial Mode": "Partial",
            "Parent Relationship": "Outer",
            "Parallel Aware": false,
            "Startup Cost": 111487.72,
            "Total Cost": 111487.73,
            "Plan Rows": 1,
            "Plan Width": 8,
            "Actual Startup Time": 736.939,
            "Actual Total Time": 736.942,
            "Actual Rows": 1,
            "Actual Loops": 2,
            "Plans": [
              {
                "Node Type": "Hash Join",
                "Parent Relationship": "Outer",
                "Parallel Aware": true,
                "Join Type": "Inner",
                "Startup Cost": 81265.2,
                "Total Cost": 110669.49,
                "Plan Rows": 327292,
                "Plan Width": 0,
                "Actual Startup Time": 564.115,
                "Actual Total Time": 724.548,
                "Actual Rows": 285149,
                "Actual Loops": 2,
                "Inner Unique": true,
                "Hash Cond": "(mk.movie_id = t.id)",
                "Plans": [
                  {
                    "Node Type": "Bitmap Heap Scan",
                    "Parent Relationship": "Outer",
                    "Parallel Aware": true,
                    "Relation Name": "movie_keyword",
                    "Alias": "mk",
                    "Startup Cost": 11804.5,
                    "Total Cost": 40349.65,
                    "Plan Rows": 327292,
                    "Plan Width": 4,
                    "Actual Startup Time": 29.392,
                    "Actual Total Time": 99.861,
                    "Actual Rows": 285149,
                    "Actual Loops": 2,
                    "Recheck Cond": "(keyword_id < 405)",
                    "Rows Removed by Index Recheck": 0,
                    "Exact Heap Blocks": 13275,
                    "Lossy Heap Blocks": 0,
                    "Plans": [
                      {
                        "Node Type": "Bitmap Index Scan",
                        "Parent Relationship": "Outer",
                        "Parallel Aware": false,
                        "Index Name": "keyword_id_movie_keyword",
                        "Startup Cost": 0.0,
                        "Total Cost": 11665.4,
                        "Plan Rows": 556396,
                        "Plan Width": 0,
                        "Actual Startup Time": 25.786,
                        "Actual Total Time": 25.786,
                        "Actual Rows": 570298,
                        "Actual Loops": 1,
                        "Index Cond": "(keyword_id < 405)"
                      }
                    ]
                  },
                  {
                    "Node Type": "Hash",
                    "Parent Relationship": "Inner",
                    "Parallel Aware": true,
                    "Startup Cost": 50870.31,
                    "Total Cost": 50870.31,
                    "Plan Rows": 1487231,
                    "Plan Width": 4,
                    "Actual Startup Time": 512.262,
                    "Actual Total Time": 512.262,
                    "Actual Rows": 1264156,
                    "Actual Loops": 2,
                    "Hash Buckets": 4194304,
                    "Original Hash Buckets": 4194304,
                    "Hash Batches": 1,
                    "Original Hash Batches": 1,
                    "Peak Memory Usage": 131680,
                    "Plans": [
                      {
                        "Node Type": "Seq Scan",
                        "Parent Relationship": "Outer",
                        "Parallel Aware": true,
                        "Relation Name": "title",
                        "Alias": "t",
                        "Startup Cost": 0.0,
                        "Total Cost": 50870.31,
                        "Plan Rows": 1487231,
                        "Plan Width": 4,
                        "Actual Startup Time": 0.025,
                        "Actual Total Time": 150.968,
                        "Actual Rows": 1264156,
                        "Actual Loops": 2
                      }
                    ]
                  }
                ]
              }
            ]
          }
        ]
      }
    ]
  },
  "Planning Time": 0.65,
  "Triggers": [],
  "Execution Time": 777.676
}