[
  {
    "Plan": {
      "Node Type": "Aggregate",
      "Strategy": "Plain",
      "Partial Mode": "Simple",
      "Parallel Aware": false,
      "Startup Cost": 59544.8,
      "Total Cost": 59544.81,
      "Plan Rows": 1,
      "Plan Width": 8,
      "Actual Startup Time": 7.956,
      "Actual Total Time": 7.958,
      "Actual Rows": 1,
      "Actual Loops": 1,
      "Plans": [
        {
          "Node Type": "Bitmap Heap Scan",
          "Parent Relationship": "Outer",
          "Parallel Aware": false,
          "Relation Name": "movie_info",
          "Alias": "mi",
          "Startup Cost": 385.35,
          "Total Cost": 59491.61,
          "Plan Rows": 21279,
          "Plan Width": 0,
          "Actual Startup Time": 1.511,
          "Actual Total Time": 5.635,
          "Actual Rows": 13698,
          "Actual Loops": 1,
          "Recheck Cond": "(info_type_id = 97)",
          "Rows Removed by Index Recheck": 0,
          "Exact Heap Blocks": 172,
          "Lossy Heap Blocks": 0,
          "Plans": [
            {
              "Node Type": "Bitmap Index Scan",
              "Parent Relationship": "Outer",
              "Parallel Aware": false,
              "Index Name": "info_type_id_movie_info",
              "Startup Cost": 0.0,
              "Total Cost": 380.03,
              "Plan Rows": 21279,
              "Plan Width": 0,
              "Actual Startup Time": 1.444,
              "Actual Total Time": 1.445,
              "Actual Rows": 13698,
              "Actual Loops": 1,
              "Index Cond": "(info_type_id = 97)"
            }
          ]
        }
      ]
    },
    "Planning Time": 0.267,
    "Triggers": [],
    "Execution Time": 8.025
  }
]