[
  {
    "Plan": {
      "Node Type": "Aggregate",
      "Strategy": "Plain",
      "Partial Mode": "Finalize",
      "Parallel Aware": false,
      "Startup Cost": 31105.8,
      "Total Cost": 31105.81,
      "Plan Rows": 1,
      "Plan Width": 8,
      "Actual Startup Time": 95.672,
      "Actual Total Time": 103.327,
      "Actual Rows": 1,
      "Actual Loops": 1,
      "Plans": [
        {
          "Node Type": "Gather",
          "Parent Relationship": "Outer",
          "Parallel Aware": false,
          "Startup Cost": 31105.49,
          "Total Cost": 31105.8,
          "Plan Rows": 3,
          "Plan Width": 8,
          "Actual Startup Time": 95.542,
          "Actual Total Time": 103.318,
          "Actual Rows": 4,
          "Actual Loops": 1,
          "Workers Planned": 3,
          "Workers Launched": 3,
          "Single Copy": false,
          "Plans": [
            {
              "Node Type": "Aggregate",
              "Strategy": "Plain",
              "Partial Mode": "Partial",
              "Parent Relationship": "Outer",
              "Parallel Aware": false,
              "Startup Cost": 30105.49,
              "Total Cost": 30105.5,
              "Plan Rows": 1,
              "Plan Width": 8,
              "Actual Startup Time": 87.071,
              "Actual Total Time": 87.072,
              "Actual Rows": 1,
              "Actual Loops": 4,
              "Plans": [
                {
                  "Node Type": "Seq Scan",
                  "Parent Relationship": "Outer",
                  "Parallel Aware": true,
                  "Relation Name": "movie_companies",
                  "Alias": "mc",
                  "Startup Cost": 0.0,
                  "Total Cost": 29310.68,
                  "Plan Rows": 317922,
                  "Plan Width": 0,
                  "Actual Startup Time": 21.339,
                  "Actual Total Time": 76.595,
                  "Actual Rows": 249384,
                  "Actual Loops": 4,
                  "Filter": "(company_id > 16754)",
                  "Rows Removed by Filter": 402898
                }
              ]
            }
          ]
        }
      ]
    },
    "Planning Time": 0.167,
    "Triggers": [],
    "Execution Time": 103.388
  }
]