[
  {
    "Plan": {
      "Node Type": "Aggregate",
      "Strategy": "Plain",
      "Partial Mode": "Simple",
      "Parallel Aware": false,
      "Startup Cost": 4128.82,
      "Total Cost": 4128.83,
      "Plan Rows": 1,
      "Plan Width": 8,
      "Actual Startup Time": 1.413,
      "Actual Total Time": 1.416,
      "Actual Rows": 1,
      "Actual Loops": 1,
      "Plans": [
        {
          "Node Type": "Nested Loop",
          "Parent Relationship": "Outer",
          "Parallel Aware": false,
          "Join Type": "Inner",
          "Startup Cost": 0.99,
          "Total Cost": 4127.9,
          "Plan Rows": 367,
          "Plan Width": 0,
          "Actual Startup Time": 1.044,
          "Actual Total Time": 1.402,
          "Actual Rows": 21,
          "Actual Loops": 1,
          "Inner Unique": true,
          "Plans": [
            {
              "Node Type": "Index Scan",
              "Parent Relationship": "Outer",
              "Parallel Aware": false,
              "Scan Direction": "Forward",
              "Index Name": "person_id_cast_info",
              "Relation Name": "cast_info",
              "Alias": "ci",
              "Startup Cost": 0.56,
              "Total Cost": 1059.67,
              "Plan Rows": 367,
              "Plan Width": 4,
              "Actual Startup Time": 1.005,
              "Actual Total Time": 1.023,
              "Actual Rows": 21,
              "Actual Loops": 1,
              "Index Cond": "(person_id = 2171767)",
              "Rows Removed by Index Recheck": 0,
              "Filter": "(role_id < 5)",
              "Rows Removed by Filter": 0
            },
            {
              "Node Type": "Index Only Scan",
              "Parent Relationship": "Inner",
              "Parallel Aware": false,
              "Scan Direction": "Forward",
              "Index Name": "title_pkey",
              "Relation Name": "title",
              "Alias": "t",
              "Startup Cost": 0.43,
              "Total Cost": 8.36,
              "Plan Rows": 1,
              "Plan Width": 4,
              "Actual Startup Time": 0.017,
              "Actual Total Time": 0.017,
              "Actual Rows": 1,
              "Actual Loops": 21,
              "Index Cond": "(id = ci.movie_id)",
              "Rows Removed by Index Recheck": 0,
              "Heap Fetches": 21
            }
          ]
        }
      ]
    },
    "Planning Time": 0.63,
    "Triggers": [],
    "Execution Time": 1.481
  }
]