{
  "Plan": {
    "Node Type": "Aggregate",
    "Strategy": "Plain",
    "Partial Mode": "Finalize",
    "Parallel Aware": false,
    "Startup Cost": 465929.59,
    "Total Cost": 465929.6,
    "Plan Rows": 1,
    "Plan Width": 8,
    "Actual Startup Time": 992.793,
    "Actual Total Time": 1017.444,
    "Actual Rows": 1,
    "Actual Loops": 1,
    "Plans": [
      {
        "Node Type": "Gather",
        "Parent Relationship": "Outer",
        "Parallel Aware": false,
        "Startup Cost": 465929.48,
        "Total Cost": 465929.59,
        "Plan Rows": 1,
        "Plan Width": 8,
        "Actual Startup Time": 991.754,
        "Actual Total Time": 1017.434,
        "Actual Rows": 2,
        "Actual Loops": 1,
        "Workers Planned": 1,
        "Workers Launched": 1,
        "Single Copy": false,
        "Plans": [
          {
            "Node Type": "Aggregate",
            "Strategy": "Plain",
            "Partial Mode": "Partial",
            "Parent Relationship": "Outer",
            "Parallel Aware": false,
            "Startup Cost": 464929.48,
            "Total Cost": 464929.49,
            "Plan Rows": 1,
            "Plan Width": 8,
            "Actual Startup Time": 988.063,
            "Actual Total Time": 988.067,
            "Actual Rows": 1,
            "Actual Loops": 2,
            "Plans": [
              {
                "Node Type": "Hash Join",
                "Parent Relationship": "Outer",
                "Parallel Aware": true,
                "Join Type": "Inner",
                "Startup Cost": 166789.52,
                "Total Cost": 464556.18,
                "Plan Rows": 149319,
                "Plan Width": 0,
                "Actual Startup Time": 404.23,
                "Actual Total Time": 979.122,
                "Actual Rows": 219749,
                "Actual Loops": 2,
                "Inner Unique": true,
                "Hash Cond": "(ci.movie_id = t.id)",
                "Plans": [
                  {
                    "Node Type": "Bitmap Heap Scan",
                    "Parent Relationship": "Outer",
                    "Parallel Aware": true,
                    "Relation Name": "cast_info",
                    "Alias": "ci",
                    "Startup Cost": 105639.19,
                    "Total Cost": 400843.57,
                    "Plan Rows": 976105,
                    "Plan Width": 4,
                    "Actual Startup Time": 223.732,
                    "Actual Total Time": 547.071,
                    "Actual Rows": 1804147,
                    "Actual Loops": 2,
                    "Recheck Cond": "(person_id < 482969)",
                    "Rows Removed by Index Recheck": 0,
                    "Filter": "(role_id = 1)",
                    "Rows Removed by Filter": 689452,
                    "Exact Heap Blocks": 29459,
                    "Lossy Heap Blocks": 0,
                    "Plans": [
                      {
                        "Node Type": "Bitmap Index Scan",
                        "Parent Relationship": "Outer",
                        "Parallel Aware": false,
                        "Index Name": "person_id_cast_info",
                        "Startup Cost": 0.0,
                        "Total Cost": 105224.34,
                        "Plan Rows": 4818637,
                        "Plan Width": 0,
                        "Actual Startup Time": 215.374,
                        "Actual Total Time": 215.375,
                        "Actual Rows": 4987199,
                        "Actual Loops": 1,
                        "Index Cond": "(person_id < 482969)"
                      }
                    ]
                  },
                  {
                    "Node Type": "Hash",
                    "Parent Relationship": "Inner",
                    "Parallel Aware": true,
                    "Startup Cost": 58306.47,
                    "Total Cost": 58306.47,
                    "Plan Rows": 227509,
                    "Plan Width": 4,
                    "Actual Startup Time": 176.511,
                    "Actual Total Time": 176.512,
                    "Actual Rows": 138675,
                    "Actual Loops": 2,
                    "Hash Buckets": 524288,
                    "Original Hash Buckets": 524288,
                    "Hash Batches": 1,
                    "Original Hash Batches": 1,
                    "Peak Memory Usage": 14976,
                    "Plans": [
                      {
                        "Node Type": "Seq Scan",
                        "Parent Relationship": "Outer",
                        "Parallel Aware": true,
                        "Relation Name": "title",
                        "Alias": "t",
                        "Startup Cost": 0.0,
                        "Total Cost": 58306.47,
                        "Plan Rows": 227509,
                        "Plan Width": 4,
                        "Actual Startup Time": 0.034,
                        "Actual Total Time": 143.361,
                        "Actual Rows": 138675,
                        "Actual Loops": 2,
                        "Filter": "((production_year < 1988) AND (kind_id = 7))",
                        "Rows Removed by Filter": 1125481
                      }
                    ]
                  }
                ]
              }
            ]
          }
        ]
      }
    ]
  },
  "Planning Time": 0.415,
  "Triggers": [],
  "Execution Time": 1017.511
}