[
  {
    "Plan": {
      "Node Type": "Aggregate",
      "Strategy": "Plain",
      "Partial Mode": "Finalize",
      "Parallel Aware": false,
      "Startup Cost": 30645.19,
      "Total Cost": 30645.2,
      "Plan Rows": 1,
      "Plan Width": 8,
      "Actual Startup Time": 94.166,
      "Actual Total Time": 101.023,
      "Actual Rows": 1,
      "Actual Loops": 1,
      "Plans": [
        {
          "Node Type": "Gather",
          "Parent Relationship": "Outer",
          "Parallel Aware": false,
          "Startup Cost": 30644.88,
          "Total Cost": 30645.19,
          "Plan Rows": 3,
          "Plan Width": 8,
          "Actual Startup Time": 94.058,
          "Actual Total Time": 101.013,
          "Actual Rows": 4,
          "Actual Loops": 1,
          "Workers Planned": 3,
          "Workers Launched": 3,
          "Single Copy": false,
          "Plans": [
            {
              "Node Type": "Aggregate",
              "Strategy": "Plain",
              "Partial Mode": "Partial",
              "Parent Relationship": "Outer",
              "Parallel Aware": false,
              "Startup Cost": 29644.88,
              "Total Cost": 29644.89,
              "Plan Rows": 1,
              "Plan Width": 8,
              "Actual Startup Time": 87.14,
              "Actual Total Time": 87.142,
              "Actual Rows": 1,
              "Actual Loops": 4,
              "Plans": [
                {
                  "Node Type": "Seq Scan",
                  "Parent Relationship": "Outer",
                  "Parallel Aware": true,
                  "Relation Name": "movie_companies",
                  "Alias": "mc",
                  "Startup Cost": 0.0,
                  "Total Cost": 29310.68,
                  "Plan Rows": 133678,
                  "Plan Width": 0,
                  "Actual Startup Time": 51.536,
                  "Actual Total Time": 81.838,
                  "Actual Rows": 104880,
                  "Actual Loops": 4,
                  "Filter": "(company_id > 80096)",
                  "Rows Removed by Filter": 547402
                }
              ]
            }
          ]
        }
      ]
    },
    "Planning Time": 0.204,
    "Triggers": [],
    "Execution Time": 101.093
  }
]