[
  {
    "Plan": {
      "Node Type": "Aggregate",
      "Strategy": "Plain",
      "Partial Mode": "Finalize",
      "Parallel Aware": false,
      "Startup Cost": 348377.14,
      "Total Cost": 348377.15,
      "Plan Rows": 1,
      "Plan Width": 8,
      "Actual Startup Time": 805.538,
      "Actual Total Time": 858.063,
      "Actual Rows": 1,
      "Actual Loops": 1,
      "Plans": [
        {
          "Node Type": "Gather",
          "Parent Relationship": "Outer",
          "Parallel Aware": false,
          "Startup Cost": 348376.51,
          "Total Cost": 348377.12,
          "Plan Rows": 6,
          "Plan Width": 8,
          "Actual Startup Time": 805.367,
          "Actual Total Time": 858.046,
          "Actual Rows": 7,
          "Actual Loops": 1,
          "Workers Planned": 6,
          "Workers Launched": 6,
          "Single Copy": false,
          "Plans": [
            {
              "Node Type": "Aggregate",
              "Strategy": "Plain",
              "Partial Mode": "Partial",
              "Parent Relationship": "Outer",
              "Parallel Aware": false,
              "Startup Cost": 347376.51,
              "Total Cost": 347376.52,
              "Plan Rows": 1,
              "Plan Width": 8,
              "Actual Startup Time": 797.676,
              "Actual Total Time": 797.678,
              "Actual Rows": 1,
              "Actual Loops": 7,
              "Plans": [
                {
                  "Node Type": "Seq Scan",
                  "Parent Relationship": "Outer",
                  "Parallel Aware": true,
                  "Relation Name": "cast_info",
                  "Alias": "ci",
                  "Startup Cost": 0.0,
                  "Total Cost": 343316.27,
                  "Plan Rows": 1624096,
                  "Plan Width": 0,
                  "Actual Startup Time": 401.036,
                  "Actual Total Time": 749.163,
                  "Actual Rows": 786075,
                  "Actual Loops": 7,
                  "Filter": "((person_id < 2274263) AND (role_id > 2))",
                  "Rows Removed by Filter": 4391689
                }
              ]
            }
          ]
        }
      ]
    },
    "Planning Time": 0.12,
    "Triggers": [],
    "Execution Time": 858.115
  }
]