{
  "Plan": {
    "Node Type": "Aggregate",
    "Strategy": "Plain",
    "Partial Mode": "Finalize",
    "Parallel Aware": false,
    "Startup Cost": 105452.87,
    "Total Cost": 105452.88,
    "Plan Rows": 1,
    "Plan Width": 8,
    "Actual Startup Time": 398.871,
    "Actual Total Time": 428.859,
    "Actual Rows": 1,
    "Actual Loops": 1,
    "Plans": [
      {
        "Node Type": "Gather",
        "Parent Relationship": "Outer",
        "Parallel Aware": false,
        "Startup Cost": 105452.75,
        "Total Cost": 105452.86,
        "Plan Rows": 1,
        "Plan Width": 8,
        "Actual Startup Time": 398.392,
        "Actual Total Time": 428.85,
        "Actual Rows": 2,
        "Actual Loops": 1,
        "Workers Planned": 1,
        "Workers Launched": 1,
        "Single Copy": false,
        "Plans": [
          {
            "Node Type": "Aggregate",
            "Strategy": "Plain",
            "Partial Mode": "Partial",
            "Parent Relationship": "Outer",
            "Parallel Aware": false,
            "Startup Cost": 104452.75,
            "Total Cost": 104452.76,
            "Plan Rows": 1,
            "Plan Width": 8,
            "Actual Startup Time": 392.025,
            "Actual Total Time": 392.029,
            "Actual Rows": 1,
            "Actual Loops": 2,
            "Plans": [
              {
                "Node Type": "Nested Loop",
                "Parent Relationship": "Outer",
                "Parallel Aware": false,
                "Join Type": "Inner",
                "Startup Cost": 70762.11,
                "Total Cost": 104429.9,
                "Plan Rows": 9143,
                "Plan Width": 0,
                "Actual Startup Time": 199.814,
                "Actual Total Time": 389.668,
                "Actual Rows": 36370,
                "Actual Loops": 2,
                "Inner Unique": false,
                "Join Filter": "(t.id = mi.movie_id)",
                "Rows Removed by Join Filter": 0,
                "Plans": [
                  {
                    "Node Type": "Hash Join",
                    "Parent Relationship": "Outer",
                    "Parallel Aware": true,
                    "Join Type": "Inner",
                    "Startup Cost": 70761.67,
                    "Total Cost": 94592.53,
                    "Plan Rows": 3224,
                    "Plan Width": 8,
                    "Actual Startup Time": 199.737,
                    "Actual Total Time": 294.946,
                    "Actual Rows": 3444,
                    "Actual Loops": 2,
                    "Inner Unique": true,
                    "Hash Cond": "(mc.movie_id = t.id)",
                    "Plans": [
                      {
                        "Node Type": "Bitmap Heap Scan",
                        "Parent Relationship": "Outer",
                        "Parallel Aware": true,
                        "Relation Name": "movie_companies",
                        "Alias": "mc",
                        "Startup Cost": 12275.39,
                        "Total Cost": 35231.39,
                        "Plan Rows": 333280,
                        "Plan Width": 4,
                        "Actual Startup Time": 38.721,
                        "Actual Total Time": 96.094,
                        "Actual Rows": 280839,
                        "Actual Loops": 2,
                        "Recheck Cond": "(company_id < 596)",
                        "Rows Removed by Index Recheck": 0,
                        "Exact Heap Blocks": 13012,
                        "Lossy Heap Blocks": 0,
                        "Plans": [
                          {
                            "Node Type": "Bitmap Index Scan",
                            "Parent Relationship": "Outer",
                            "Parallel Aware": false,
                            "Index Name": "company_id_movie_companies",
                            "Startup Cost": 0.0,
                            "Total Cost": 12133.75,
                            "Plan Rows": 566576,
                            "Plan Width": 0,
                            "Actual Startup Time": 34.35,
                            "Actual Total Time": 34.351,
                            "Actual Rows": 561678,
                            "Actual Loops": 1,
                            "Index Cond": "(company_id < 596)"
                          }
                        ]
                      },
                      {
                        "Node Type": "Hash",
                        "Parent Relationship": "Inner",
                        "Parallel Aware": true,
                        "Startup Cost": 58306.47,
                        "Total Cost": 58306.47,
                        "Plan Rows": 14385,
                        "Plan Width": 4,
                        "Actual Startup Time": 159.739,
                        "Actual Total Time": 159.739,
                        "Actual Rows": 10316,
                        "Actual Loops": 2,
                        "Hash Buckets": 32768,
                        "Original Hash Buckets": 32768,
                        "Hash Batches": 1,
                        "Original Hash Batches": 1,
                        "Peak Memory Usage": 1088,
                        "Plans": [
                          {
                            "Node Type": "Seq Scan",
                            "Parent Relationship": "Outer",
                            "Parallel Aware": true,
                            "Relation Name": "title",
                            "Alias": "t",
                            "Startup Cost": 0.0,
                            "Total Cost": 58306.47,
                            "Plan Rows": 14385,
                            "Plan Width": 4,
                            "Actual Startup Time": 0.159,
                            "Actual Total Time": 155.738,
                            "Actual Rows": 10316,
                            "Actual Loops": 2,
                            "Filter": "((kind_id < 7) AND (production_year = 2002))",
                            "Rows Removed by Filter": 1253840
                          }
                        ]
                      }
                    ]
                  },
                  {
                    "Node Type": "Index Scan",
                    "Parent Relationship": "Inner",
                    "Parallel Aware": false,
                    "Scan Direction": "Forward",
                    "Index Name": "movie_id_movie_info",
                    "Relation Name": "movie_info",
                    "Alias": "mi",
                    "Startup Cost": 0.43,
                    "Total Cost": 2.8,
                    "Plan Rows": 20,
                    "Plan Width": 4,
                    "Actual Startup Time": 0.008,
                    "Actual Total Time": 0.026,
                    "Actual Rows": 11,
                    "Actual Loops": 6888,
                    "Index Cond": "(movie_id = mc.movie_id)",
                    "Rows Removed by Index Recheck": 0,
                    "Filter": "(info_type_id < 8)",
                    "Rows Removed by Filter": 35
                  }
                ]
              }
            ]
          }
        ]
      }
    ]
  },
  "Planning Time": 1.052,
  "Triggers": [],
  "Execution Time": 428.974
}