{
    "Plan": {
        "Node Type": "Aggregate",
        "Strategy": "Plain",
        "Partial Mode": "Simple",
        "Parallel Aware": false,
        "Startup Cost": 15601.57,
        "Total Cost": 15601.58,
        "Plan Rows": 1,
        "Plan Width": 8,
        "Actual Startup Time": 84.357,
        "Actual Total Time": 84.36,
        "Actual Rows": 1,
        "Actual Loops": 1,
        "Output": [
            "count(*)"
        ],
        "Plans": [
            {
                "Node Type": "Nested Loop",
                "Parent Relationship": "Outer",
                "Parallel Aware": false,
                "Join Type": "Inner",
                "Startup Cost": 0.86,
                "Total Cost": 15601.46,
                "Plan Rows": 44,
                "Plan Width": 0,
                "Actual Startup Time": 81.263,
                "Actual Total Time": 84.348,
                "Actual Rows": 2,
                "Actual Loops": 1,
                "Inner Unique": true,
                "Plans": [
                    {
                        "Node Type": "Index Scan",
                        "Parent Relationship": "Outer",
                        "Parallel Aware": false,
                        "Scan Direction": "Forward",
                        "Index Name": "company_id_movie_companies",
                        "Relation Name": "movie_companies",
                        "Schema": "public",
                        "Alias": "mc",
                        "Startup Cost": 0.43,
                        "Total Cost": 5858.81,
                        "Plan Rows": 1197,
                        "Plan Width": 4,
                        "Actual Startup Time": 79.777,
                        "Actual Total Time": 80.56,
                        "Actual Rows": 348,
                        "Actual Loops": 1,
                        "Output": [
                            "mc.id",
                            "mc.movie_id",
                            "mc.company_id",
                            "mc.company_type_id",
                            "mc.note"
                        ],
                        "Index Cond": "(mc.company_id = 253)",
                        "Rows Removed by Index Recheck": 0,
                        "Filter": "(mc.company_type_id = 2)",
                        "Rows Removed by Filter": 1602
                    },
                    {
                        "Node Type": "Index Scan",
                        "Parent Relationship": "Inner",
                        "Parallel Aware": false,
                        "Scan Direction": "Forward",
                        "Index Name": "title_pkey",
                        "Relation Name": "title",
                        "Schema": "public",
                        "Alias": "t",
                        "Startup Cost": 0.43,
                        "Total Cost": 8.14,
                        "Plan Rows": 1,
                        "Plan Width": 4,
                        "Actual Startup Time": 0.01,
                        "Actual Total Time": 0.01,
                        "Actual Rows": 0,
                        "Actual Loops": 348,
                        "Output": [
                            "t.id",
                            "t.title",
                            "t.imdb_index",
                            "t.kind_id",
                            "t.production_year",
                            "t.imdb_id",
                            "t.phonetic_code",
                            "t.episode_of_id",
                            "t.season_nr",
                            "t.episode_nr",
                            "t.series_years",
                            "t.md5sum"
                        ],
                        "Index Cond": "(t.id = mc.movie_id)",
                        "Rows Removed by Index Recheck": 0,
                        "Filter": "(t.production_year = 2005)",
                        "Rows Removed by Filter": 1
                    }
                ]
            }
        ]
    },
    "Planning Time": 0.86,
    "Triggers": [],
    "Execution Time": 84.428
}