[
  {
    "Plan": {
      "Node Type": "Aggregate",
      "Strategy": "Plain",
      "Partial Mode": "Finalize",
      "Parallel Aware": false,
      "Startup Cost": 72757.96,
      "Total Cost": 72757.97,
      "Plan Rows": 1,
      "Plan Width": 8,
      "Actual Startup Time": 205.343,
      "Actual Total Time": 218.338,
      "Actual Rows": 1,
      "Actual Loops": 1,
      "Plans": [
        {
          "Node Type": "Gather",
          "Parent Relationship": "Outer",
          "Parallel Aware": false,
          "Startup Cost": 72757.54,
          "Total Cost": 72757.95,
          "Plan Rows": 4,
          "Plan Width": 8,
          "Actual Startup Time": 204.291,
          "Actual Total Time": 218.327,
          "Actual Rows": 5,
          "Actual Loops": 1,
          "Workers Planned": 4,
          "Workers Launched": 4,
          "Single Copy": false,
          "Plans": [
            {
              "Node Type": "Aggregate",
              "Strategy": "Plain",
              "Partial Mode": "Partial",
              "Parent Relationship": "Outer",
              "Parallel Aware": false,
              "Startup Cost": 71757.54,
              "Total Cost": 71757.55,
              "Plan Rows": 1,
              "Plan Width": 8,
              "Actual Startup Time": 194.252,
              "Actual Total Time": 194.256,
              "Actual Rows": 1,
              "Actual Loops": 5,
              "Plans": [
                {
                  "Node Type": "Hash Join",
                  "Parent Relationship": "Outer",
                  "Parallel Aware": true,
                  "Join Type": "Inner",
                  "Startup Cost": 26543.79,
                  "Total Cost": 71724.55,
                  "Plan Rows": 13193,
                  "Plan Width": 0,
                  "Actual Startup Time": 91.447,
                  "Actual Total Time": 193.34,
                  "Actual Rows": 13996,
                  "Actual Loops": 5,
                  "Inner Unique": false,
                  "Hash Cond": "(t.id = mc.movie_id)",
                  "Plans": [
                    {
                      "Node Type": "Seq Scan",
                      "Parent Relationship": "Outer",
                      "Parallel Aware": true,
                      "Relation Name": "title",
                      "Alias": "t",
                      "Startup Cost": 0.0,
                      "Total Cost": 43898.92,
                      "Plan Rows": 247857,
                      "Plan Width": 4,
                      "Actual Startup Time": 0.012,
                      "Actual Total Time": 65.604,
                      "Actual Rows": 197010,
                      "Actual Loops": 5,
                      "Filter": "(kind_id < 7)",
                      "Rows Removed by Filter": 308653
                    },
                    {
                      "Node Type": "Hash",
                      "Parent Relationship": "Inner",
                      "Parallel Aware": true,
                      "Startup Cost": 26001.16,
                      "Total Cost": 26001.16,
                      "Plan Rows": 43411,
                      "Plan Width": 4,
                      "Actual Startup Time": 89.441,
                      "Actual Total Time": 89.442,
                      "Actual Rows": 41484,
                      "Actual Loops": 5,
                      "Hash Buckets": 262144,
                      "Original Hash Buckets": 262144,
                      "Hash Batches": 1,
                      "Original Hash Batches": 1,
                      "Peak Memory Usage": 10208,
                      "Plans": [
                        {
                          "Node Type": "Bitmap Heap Scan",
                          "Parent Relationship": "Outer",
                          "Parallel Aware": true,
                          "Relation Name": "movie_companies",
                          "Alias": "mc",
                          "Startup Cost": 5888.38,
                          "Total Cost": 26001.16,
                          "Plan Rows": 43411,
                          "Plan Width": 4,
                          "Actual Startup Time": 26.837,
                          "Actual Total Time": 70.311,
                          "Actual Rows": 41484,
                          "Actual Loops": 5,
                          "Recheck Cond": "(company_id < 145)",
                          "Rows Removed by Index Recheck": 0,
                          "Filter": "(company_type_id < 2)",
                          "Rows Removed by Filter": 12802,
                          "Exact Heap Blocks": 6421,
                          "Lossy Heap Blocks": 0,
                          "Plans": [
                            {
                              "Node Type": "Bitmap Index Scan",
                              "Parent Relationship": "Outer",
                              "Parallel Aware": false,
                              "Index Name": "company_id_movie_companies",
                              "Startup Cost": 0.0,
                              "Total Cost": 5854.74,
                              "Plan Rows": 273374,
                              "Plan Width": 0,
                              "Actual Startup Time": 25.927,
                              "Actual Total Time": 25.928,
                              "Actual Rows": 271432,
                              "Actual Loops": 1,
                              "Index Cond": "(company_id < 145)"
                            }
                          ]
                        }
                      ]
                    }
                  ]
                }
              ]
            }
          ]
        }
      ]
    },
    "Planning Time": 0.64,
    "Triggers": [],
    "Execution Time": 218.433
  }
]