{
  "Plan": {
    "Node Type": "Aggregate",
    "Strategy": "Plain",
    "Partial Mode": "Finalize",
    "Parallel Aware": false,
    "Startup Cost": 431975.81,
    "Total Cost": 431975.82,
    "Plan Rows": 1,
    "Plan Width": 8,
    "Actual Startup Time": 2420.578,
    "Actual Total Time": 2475.802,
    "Actual Rows": 1,
    "Actual Loops": 1,
    "Plans": [
      {
        "Node Type": "Gather",
        "Parent Relationship": "Outer",
        "Parallel Aware": false,
        "Startup Cost": 431975.69,
        "Total Cost": 431975.8,
        "Plan Rows": 1,
        "Plan Width": 8,
        "Actual Startup Time": 2416.234,
        "Actual Total Time": 2475.791,
        "Actual Rows": 2,
        "Actual Loops": 1,
        "Workers Planned": 1,
        "Workers Launched": 1,
        "Single Copy": false,
        "Plans": [
          {
            "Node Type": "Aggregate",
            "Strategy": "Plain",
            "Partial Mode": "Partial",
            "Parent Relationship": "Outer",
            "Parallel Aware": false,
            "Startup Cost": 430975.69,
            "Total Cost": 430975.7,
            "Plan Rows": 1,
            "Plan Width": 8,
            "Actual Startup Time": 2410.201,
            "Actual Total Time": 2410.508,
            "Actual Rows": 1,
            "Actual Loops": 2,
            "Plans": [
              {
                "Node Type": "Hash Join",
                "Parent Relationship": "Outer",
                "Parallel Aware": true,
                "Join Type": "Inner",
                "Startup Cost": 131785.09,
                "Total Cost": 425719.46,
                "Plan Rows": 2102494,
                "Plan Width": 0,
                "Actual Startup Time": 701.283,
                "Actual Total Time": 2315.807,
                "Actual Rows": 2421966,
                "Actual Loops": 2,
                "Inner Unique": false,
                "Hash Cond": "(mi.movie_id = t.id)",
                "Plans": [
                  {
                    "Node Type": "Seq Scan",
                    "Parent Relationship": "Outer",
                    "Parallel Aware": true,
                    "Relation Name": "movie_info",
                    "Alias": "mi",
                    "Startup Cost": 0.0,
                    "Total Cost": 248955.74,
                    "Plan Rows": 8696274,
                    "Plan Width": 4,
                    "Actual Startup Time": 0.016,
                    "Actual Total Time": 625.955,
                    "Actual Rows": 7417860,
                    "Actual Loops": 2
                  },
                  {
                    "Node Type": "Hash",
                    "Parent Relationship": "Inner",
                    "Parallel Aware": true,
                    "Startup Cost": 127290.5,
                    "Total Cost": 127290.5,
                    "Plan Rows": 359567,
                    "Plan Width": 8,
                    "Actual Startup Time": 691.1,
                    "Actual Total Time": 691.406,
                    "Actual Rows": 183360,
                    "Actual Loops": 2,
                    "Hash Buckets": 1048576,
                    "Original Hash Buckets": 1048576,
                    "Hash Batches": 1,
                    "Original Hash Batches": 1,
                    "Peak Memory Usage": 22560,
                    "Plans": [
                      {
                        "Node Type": "Hash Join",
                        "Parent Relationship": "Outer",
                        "Parallel Aware": true,
                        "Join Type": "Inner",
                        "Startup Cost": 92595.99,
                        "Total Cost": 127290.5,
                        "Plan Rows": 359567,
                        "Plan Width": 8,
                        "Actual Startup Time": 453.272,
                        "Actual Total Time": 651.058,
                        "Actual Rows": 183360,
                        "Actual Loops": 2,
                        "Inner Unique": true,
                        "Hash Cond": "(mk.movie_id = t.id)",
                        "Plans": [
                          {
                            "Node Type": "Bitmap Heap Scan",
                            "Parent Relationship": "Outer",
                            "Parallel Aware": true,
                            "Relation Name": "movie_keyword",
                            "Alias": "mk",
                            "Startup Cost": 24416.67,
                            "Total Cost": 57333.9,
                            "Plan Rows": 677058,
                            "Plan Width": 4,
                            "Actual Startup Time": 77.586,
                            "Actual Total Time": 172.997,
                            "Actual Rows": 576886,
                            "Actual Loops": 2,
                            "Recheck Cond": "(keyword_id > 16155)",
                            "Rows Removed by Index Recheck": 0,
                            "Exact Heap Blocks": 13242,
                            "Lossy Heap Blocks": 0,
                            "Plans": [
                              {
                                "Node Type": "Bitmap Index Scan",
                                "Parent Relationship": "Outer",
                                "Parallel Aware": false,
                                "Index Name": "keyword_id_movie_keyword",
                                "Startup Cost": 0.0,
                                "Total Cost": 24128.92,
                                "Plan Rows": 1150999,
                                "Plan Width": 0,
                                "Actual Startup Time": 73.701,
                                "Actual Total Time": 73.702,
                                "Actual Rows": 1153772,
                                "Actual Loops": 1,
                                "Index Cond": "(keyword_id > 16155)"
                              }
                            ]
                          },
                          {
                            "Node Type": "Hash",
                            "Parent Relationship": "Inner",
                            "Parallel Aware": true,
                            "Startup Cost": 58306.47,
                            "Total Cost": 58306.47,
                            "Plan Rows": 789828,
                            "Plan Width": 4,
                            "Actual Startup Time": 366.19,
                            "Actual Total Time": 366.191,
                            "Actual Rows": 731350,
                            "Actual Loops": 2,
                            "Hash Buckets": 2097152,
                            "Original Hash Buckets": 2097152,
                            "Hash Batches": 1,
                            "Original Hash Batches": 1,
                            "Peak Memory Usage": 73632,
                            "Plans": [
                              {
                                "Node Type": "Seq Scan",
                                "Parent Relationship": "Outer",
                                "Parallel Aware": true,
                                "Relation Name": "title",
                                "Alias": "t",
                                "Startup Cost": 0.0,
                                "Total Cost": 58306.47,
                                "Plan Rows": 789828,
                                "Plan Width": 4,
                                "Actual Startup Time": 0.033,
                                "Actual Total Time": 172.119,
                                "Actual Rows": 731350,
                                "Actual Loops": 2,
                                "Filter": "((kind_id > 1) AND (production_year > 1987))",
                                "Rows Removed by Filter": 532806
                              }
                            ]
                          }
                        ]
                      }
                    ]
                  }
                ]
              }
            ]
          }
        ]
      }
    ]
  },
  "Planning Time": 0.98,
  "Triggers": [],
  "Execution Time": 2475.913
}