{
  "Plan": {
    "Node Type": "Aggregate",
    "Strategy": "Plain",
    "Partial Mode": "Finalize",
    "Parallel Aware": false,
    "Startup Cost": 147467.4,
    "Total Cost": 147467.41,
    "Plan Rows": 1,
    "Plan Width": 8,
    "Actual Startup Time": 755.441,
    "Actual Total Time": 774.854,
    "Actual Rows": 1,
    "Actual Loops": 1,
    "Plans": [
      {
        "Node Type": "Gather",
        "Parent Relationship": "Outer",
        "Parallel Aware": false,
        "Startup Cost": 147467.29,
        "Total Cost": 147467.4,
        "Plan Rows": 1,
        "Plan Width": 8,
        "Actual Startup Time": 750.967,
        "Actual Total Time": 774.845,
        "Actual Rows": 2,
        "Actual Loops": 1,
        "Workers Planned": 1,
        "Workers Launched": 1,
        "Single Copy": false,
        "Plans": [
          {
            "Node Type": "Aggregate",
            "Strategy": "Plain",
            "Partial Mode": "Partial",
            "Parent Relationship": "Outer",
            "Parallel Aware": false,
            "Startup Cost": 146467.29,
            "Total Cost": 146467.3,
            "Plan Rows": 1,
            "Plan Width": 8,
            "Actual Startup Time": 744.844,
            "Actual Total Time": 744.851,
            "Actual Rows": 1,
            "Actual Loops": 2,
            "Plans": [
              {
                "Node Type": "Hash Join",
                "Parent Relationship": "Outer",
                "Parallel Aware": true,
                "Join Type": "Inner",
                "Startup Cost": 125257.5,
                "Total Cost": 146139.17,
                "Plan Rows": 131245,
                "Plan Width": 0,
                "Actual Startup Time": 639.844,
                "Actual Total Time": 741.35,
                "Actual Rows": 89952,
                "Actual Loops": 2,
                "Inner Unique": false,
                "Hash Cond": "(mi_idx.movie_id = t.id)",
                "Plans": [
                  {
                    "Node Type": "Seq Scan",
                    "Parent Relationship": "Outer",
                    "Parallel Aware": true,
                    "Relation Name": "movie_info_idx",
                    "Alias": "mi_idx",
                    "Startup Cost": 0.0,
                    "Total Cost": 18082.32,
                    "Plan Rows": 540622,
                    "Plan Width": 4,
                    "Actual Startup Time": 0.032,
                    "Actual Total Time": 55.21,
                    "Actual Rows": 459925,
                    "Actual Loops": 2,
                    "Filter": "(info_type_id < 101)",
                    "Rows Removed by Filter": 230092
                  },
                  {
                    "Node Type": "Hash",
                    "Parent Relationship": "Inner",
                    "Parallel Aware": true,
                    "Startup Cost": 120744.38,
                    "Total Cost": 120744.38,
                    "Plan Rows": 361049,
                    "Plan Width": 8,
                    "Actual Startup Time": 627.294,
                    "Actual Total Time": 627.298,
                    "Actual Rows": 83418,
                    "Actual Loops": 2,
                    "Hash Buckets": 1048576,
                    "Original Hash Buckets": 1048576,
                    "Hash Batches": 1,
                    "Original Hash Batches": 1,
                    "Peak Memory Usage": 14752,
                    "Plans": [
                      {
                        "Node Type": "Hash Join",
                        "Parent Relationship": "Outer",
                        "Parallel Aware": true,
                        "Join Type": "Inner",
                        "Startup Cost": 87306.73,
                        "Total Cost": 120744.38,
                        "Plan Rows": 361049,
                        "Plan Width": 8,
                        "Actual Startup Time": 432.137,
                        "Actual Total Time": 606.334,
                        "Actual Rows": 83418,
                        "Actual Loops": 2,
                        "Inner Unique": true,
                        "Hash Cond": "(mk.movie_id = t.id)",
                        "Plans": [
                          {
                            "Node Type": "Bitmap Heap Scan",
                            "Parent Relationship": "Outer",
                            "Parallel Aware": true,
                            "Relation Name": "movie_keyword",
                            "Alias": "mk",
                            "Startup Cost": 21417.86,
                            "Total Cost": 53296.37,
                            "Plan Rows": 593961,
                            "Plan Width": 4,
                            "Actual Startup Time": 63.406,
                            "Actual Total Time": 154.369,
                            "Actual Rows": 504256,
                            "Actual Loops": 2,
                            "Recheck Cond": "(keyword_id > 18219)",
                            "Rows Removed by Index Recheck": 0,
                            "Exact Heap Blocks": 13439,
                            "Lossy Heap Blocks": 0,
                            "Plans": [
                              {
                                "Node Type": "Bitmap Index Scan",
                                "Parent Relationship": "Outer",
                                "Parallel Aware": false,
                                "Index Name": "keyword_id_movie_keyword",
                                "Startup Cost": 0.0,
                                "Total Cost": 21165.43,
                                "Plan Rows": 1009733,
                                "Plan Width": 0,
                                "Actual Startup Time": 59.729,
                                "Actual Total Time": 59.73,
                                "Actual Rows": 1008511,
                                "Actual Loops": 1,
                                "Index Cond": "(keyword_id > 18219)"
                              }
                            ]
                          },
                          {
                            "Node Type": "Hash",
                            "Parent Relationship": "Inner",
                            "Parallel Aware": true,
                            "Startup Cost": 54588.39,
                            "Total Cost": 54588.39,
                            "Plan Rows": 904038,
                            "Plan Width": 4,
                            "Actual Startup Time": 359.355,
                            "Actual Total Time": 359.356,
                            "Actual Rows": 771632,
                            "Actual Loops": 2,
                            "Hash Buckets": 2097152,
                            "Original Hash Buckets": 2097152,
                            "Hash Batches": 1,
                            "Original Hash Batches": 1,
                            "Peak Memory Usage": 76800,
                            "Plans": [
                              {
                                "Node Type": "Seq Scan",
                                "Parent Relationship": "Outer",
                                "Parallel Aware": true,
                                "Relation Name": "title",
                                "Alias": "t",
                                "Startup Cost": 0.0,
                                "Total Cost": 54588.39,
                                "Plan Rows": 904038,
                                "Plan Width": 4,
                                "Actual Startup Time": 0.036,
                                "Actual Total Time": 154.543,
                                "Actual Rows": 771632,
                                "Actual Loops": 2,
                                "Filter": "(kind_id = 7)",
                                "Rows Removed by Filter": 492524
                              }
                            ]
                          }
                        ]
                      }
                    ]
                  }
                ]
              }
            ]
          }
        ]
      }
    ]
  },
  "Planning Time": 0.932,
  "Triggers": [],
  "Execution Time": 774.957
}