[
  {
    "Plan": {
      "Node Type": "Aggregate",
      "Strategy": "Plain",
      "Partial Mode": "Finalize",
      "Parallel Aware": false,
      "Startup Cost": 46124.02,
      "Total Cost": 46124.03,
      "Plan Rows": 1,
      "Plan Width": 8,
      "Actual Startup Time": 158.023,
      "Actual Total Time": 167.078,
      "Actual Rows": 1,
      "Actual Loops": 1,
      "Plans": [
        {
          "Node Type": "Gather",
          "Parent Relationship": "Outer",
          "Parallel Aware": false,
          "Startup Cost": 46123.7,
          "Total Cost": 46124.01,
          "Plan Rows": 3,
          "Plan Width": 8,
          "Actual Startup Time": 157.877,
          "Actual Total Time": 167.07,
          "Actual Rows": 4,
          "Actual Loops": 1,
          "Workers Planned": 3,
          "Workers Launched": 3,
          "Single Copy": false,
          "Plans": [
            {
              "Node Type": "Aggregate",
              "Strategy": "Plain",
              "Partial Mode": "Partial",
              "Parent Relationship": "Outer",
              "Parallel Aware": false,
              "Startup Cost": 45123.7,
              "Total Cost": 45123.71,
              "Plan Rows": 1,
              "Plan Width": 8,
              "Actual Startup Time": 154.106,
              "Actual Total Time": 154.107,
              "Actual Rows": 1,
              "Actual Loops": 4,
              "Plans": [
                {
                  "Node Type": "Seq Scan",
                  "Parent Relationship": "Outer",
                  "Parallel Aware": true,
                  "Relation Name": "movie_keyword",
                  "Alias": "mk",
                  "Startup Cost": 0.0,
                  "Total Cost": 42695.65,
                  "Plan Rows": 971220,
                  "Plan Width": 0,
                  "Actual Startup Time": 0.028,
                  "Actual Total Time": 119.101,
                  "Actual Rows": 755578,
                  "Actual Loops": 4,
                  "Filter": "(keyword_id < 10815)",
                  "Rows Removed by Filter": 375405
                }
              ]
            }
          ]
        }
      ]
    },
    "Planning Time": 0.11,
    "Triggers": [],
    "Execution Time": 167.113
  }
]