{
  "Plan": {
    "Node Type": "Aggregate",
    "Strategy": "Plain",
    "Partial Mode": "Finalize",
    "Parallel Aware": false,
    "Startup Cost": 37867.14,
    "Total Cost": 37867.15,
    "Plan Rows": 1,
    "Plan Width": 8,
    "Actual Startup Time": 76.34,
    "Actual Total Time": 88.543,
    "Actual Rows": 1,
    "Actual Loops": 1,
    "Plans": [
      {
        "Node Type": "Gather",
        "Parent Relationship": "Outer",
        "Parallel Aware": false,
        "Startup Cost": 37867.03,
        "Total Cost": 37867.14,
        "Plan Rows": 1,
        "Plan Width": 8,
        "Actual Startup Time": 76.129,
        "Actual Total Time": 88.537,
        "Actual Rows": 2,
        "Actual Loops": 1,
        "Workers Planned": 1,
        "Workers Launched": 1,
        "Single Copy": false,
        "Plans": [
          {
            "Node Type": "Aggregate",
            "Strategy": "Plain",
            "Partial Mode": "Partial",
            "Parent Relationship": "Outer",
            "Parallel Aware": false,
            "Startup Cost": 36867.03,
            "Total Cost": 36867.04,
            "Plan Rows": 1,
            "Plan Width": 8,
            "Actual Startup Time": 70.014,
            "Actual Total Time": 70.015,
            "Actual Rows": 1,
            "Actual Loops": 2,
            "Plans": [
              {
                "Node Type": "Nested Loop",
                "Parent Relationship": "Outer",
                "Parallel Aware": false,
                "Join Type": "Inner",
                "Startup Cost": 172.99,
                "Total Cost": 36832.85,
                "Plan Rows": 13669,
                "Plan Width": 0,
                "Actual Startup Time": 5.324,
                "Actual Total Time": 68.262,
                "Actual Rows": 23973,
                "Actual Loops": 2,
                "Inner Unique": false,
                "Plans": [
                  {
                    "Node Type": "Nested Loop",
                    "Parent Relationship": "Outer",
                    "Parallel Aware": false,
                    "Join Type": "Inner",
                    "Startup Cost": 172.56,
                    "Total Cost": 32315.76,
                    "Plan Rows": 2338,
                    "Plan Width": 8,
                    "Actual Startup Time": 5.182,
                    "Actual Total Time": 24.525,
                    "Actual Rows": 2338,
                    "Actual Loops": 2,
                    "Inner Unique": true,
                    "Plans": [
                      {
                        "Node Type": "Bitmap Heap Scan",
                        "Parent Relationship": "Outer",
                        "Parallel Aware": true,
                        "Relation Name": "movie_companies",
                        "Alias": "mc",
                        "Startup Cost": 172.13,
                        "Total Cost": 14742.3,
                        "Plan Rows": 2338,
                        "Plan Width": 4,
                        "Actual Startup Time": 5.04,
                        "Actual Total Time": 8.644,
                        "Actual Rows": 2338,
                        "Actual Loops": 2,
                        "Recheck Cond": "(company_id = 225)",
                        "Rows Removed by Index Recheck": 0,
                        "Filter": "(company_type_id > 1)",
                        "Rows Removed by Filter": 2175,
                        "Exact Heap Blocks": 2693,
                        "Lossy Heap Blocks": 0,
                        "Plans": [
                          {
                            "Node Type": "Bitmap Index Scan",
                            "Parent Relationship": "Outer",
                            "Parallel Aware": false,
                            "Index Name": "company_id_movie_companies",
                            "Startup Cost": 0.0,
                            "Total Cost": 171.13,
                            "Plan Rows": 7827,
                            "Plan Width": 0,
                            "Actual Startup Time": 3.604,
                            "Actual Total Time": 3.604,
                            "Actual Rows": 9025,
                            "Actual Loops": 1,
                            "Index Cond": "(company_id = 225)"
                          }
                        ]
                      },
                      {
                        "Node Type": "Index Only Scan",
                        "Parent Relationship": "Inner",
                        "Parallel Aware": false,
                        "Scan Direction": "Forward",
                        "Index Name": "title_pkey",
                        "Relation Name": "title",
                        "Alias": "t",
                        "Startup Cost": 0.43,
                        "Total Cost": 7.52,
                        "Plan Rows": 1,
                        "Plan Width": 4,
                        "Actual Startup Time": 0.006,
                        "Actual Total Time": 0.006,
                        "Actual Rows": 1,
                        "Actual Loops": 4675,
                        "Index Cond": "(id = mc.movie_id)",
                        "Rows Removed by Index Recheck": 0,
                        "Heap Fetches": 4675
                      }
                    ]
                  },
                  {
                    "Node Type": "Index Only Scan",
                    "Parent Relationship": "Inner",
                    "Parallel Aware": false,
                    "Scan Direction": "Forward",
                    "Index Name": "movie_id_movie_info",
                    "Relation Name": "movie_info",
                    "Alias": "mi",
                    "Startup Cost": 0.43,
                    "Total Cost": 1.51,
                    "Plan Rows": 42,
                    "Plan Width": 4,
                    "Actual Startup Time": 0.006,
                    "Actual Total Time": 0.017,
                    "Actual Rows": 10,
                    "Actual Loops": 4675,
                    "Index Cond": "(movie_id = t.id)",
                    "Rows Removed by Index Recheck": 0,
                    "Heap Fetches": 47946
                  }
                ]
              }
            ]
          }
        ]
      }
    ]
  },
  "Planning Time": 0.89,
  "Triggers": [],
  "Execution Time": 88.635
}