[
  {
    "Plan": {
      "Node Type": "Aggregate",
      "Strategy": "Plain",
      "Partial Mode": "Finalize",
      "Parallel Aware": false,
      "Startup Cost": 85845.31,
      "Total Cost": 85845.32,
      "Plan Rows": 1,
      "Plan Width": 8,
      "Actual Startup Time": 24.163,
      "Actual Total Time": 27.358,
      "Actual Rows": 1,
      "Actual Loops": 1,
      "Plans": [
        {
          "Node Type": "Gather",
          "Parent Relationship": "Outer",
          "Parallel Aware": false,
          "Startup Cost": 85845.2,
          "Total Cost": 85845.31,
          "Plan Rows": 1,
          "Plan Width": 8,
          "Actual Startup Time": 22.736,
          "Actual Total Time": 27.353,
          "Actual Rows": 2,
          "Actual Loops": 1,
          "Workers Planned": 1,
          "Workers Launched": 1,
          "Single Copy": false,
          "Plans": [
            {
              "Node Type": "Aggregate",
              "Strategy": "Plain",
              "Partial Mode": "Partial",
              "Parent Relationship": "Outer",
              "Parallel Aware": false,
              "Startup Cost": 84845.2,
              "Total Cost": 84845.21,
              "Plan Rows": 1,
              "Plan Width": 8,
              "Actual Startup Time": 18.036,
              "Actual Total Time": 18.037,
              "Actual Rows": 1,
              "Actual Loops": 2,
              "Plans": [
                {
                  "Node Type": "Nested Loop",
                  "Parent Relationship": "Outer",
                  "Parallel Aware": false,
                  "Join Type": "Inner",
                  "Startup Cost": 1.43,
                  "Total Cost": 84832.45,
                  "Plan Rows": 5102,
                  "Plan Width": 0,
                  "Actual Startup Time": 0.742,
                  "Actual Total Time": 17.452,
                  "Actual Rows": 9752,
                  "Actual Loops": 2,
                  "Inner Unique": false,
                  "Plans": [
                    {
                      "Node Type": "Nested Loop",
                      "Parent Relationship": "Outer",
                      "Parallel Aware": false,
                      "Join Type": "Inner",
                      "Startup Cost": 0.99,
                      "Total Cost": 79785.19,
                      "Plan Rows": 2852,
                      "Plan Width": 8,
                      "Actual Startup Time": 0.617,
                      "Actual Total Time": 9.646,
                      "Actual Rows": 990,
                      "Actual Loops": 2,
                      "Inner Unique": true,
                      "Plans": [
                        {
                          "Node Type": "Index Scan",
                          "Parent Relationship": "Outer",
                          "Parallel Aware": true,
                          "Scan Direction": "Forward",
                          "Index Name": "person_id_cast_info",
                          "Relation Name": "cast_info",
                          "Alias": "ci",
                          "Startup Cost": 0.56,
                          "Total Cost": 58829.65,
                          "Plan Rows": 2852,
                          "Plan Width": 4,
                          "Actual Startup Time": 0.474,
                          "Actual Total Time": 4.063,
                          "Actual Rows": 990,
                          "Actual Loops": 2,
                          "Index Cond": "(person_id < 3755)",
                          "Rows Removed by Index Recheck": 0,
                          "Filter": "(role_id > 8)",
                          "Rows Removed by Filter": 12588
                        },
                        {
                          "Node Type": "Index Only Scan",
                          "Parent Relationship": "Inner",
                          "Parallel Aware": false,
                          "Scan Direction": "Forward",
                          "Index Name": "title_pkey",
                          "Relation Name": "title",
                          "Alias": "t",
                          "Startup Cost": 0.43,
                          "Total Cost": 7.35,
                          "Plan Rows": 1,
                          "Plan Width": 4,
                          "Actual Startup Time": 0.005,
                          "Actual Total Time": 0.005,
                          "Actual Rows": 1,
                          "Actual Loops": 1979,
                          "Index Cond": "(id = ci.movie_id)",
                          "Rows Removed by Index Recheck": 0,
                          "Heap Fetches": 1979
                        }
                      ]
                    },
                    {
                      "Node Type": "Index Only Scan",
                      "Parent Relationship": "Inner",
                      "Parallel Aware": false,
                      "Scan Direction": "Forward",
                      "Index Name": "movie_id_movie_keyword",
                      "Relation Name": "movie_keyword",
                      "Alias": "mk",
                      "Startup Cost": 0.43,
                      "Total Cost": 1.31,
                      "Plan Rows": 46,
                      "Plan Width": 4,
                      "Actual Startup Time": 0.005,
                      "Actual Total Time": 0.007,
                      "Actual Rows": 10,
                      "Actual Loops": 1979,
                      "Index Cond": "(movie_id = t.id)",
                      "Rows Removed by Index Recheck": 0,
                      "Heap Fetches": 19505
                    }
                  ]
                }
              ]
            }
          ]
        }
      ]
    },
    "Planning Time": 0.559,
    "Triggers": [],
    "Execution Time": 27.398
  }
]