[
  {
    "Plan": {
      "Node Type": "Aggregate",
      "Strategy": "Plain",
      "Partial Mode": "Finalize",
      "Parallel Aware": false,
      "Startup Cost": 31620.38,
      "Total Cost": 31620.39,
      "Plan Rows": 1,
      "Plan Width": 8,
      "Actual Startup Time": 110.313,
      "Actual Total Time": 118.793,
      "Actual Rows": 1,
      "Actual Loops": 1,
      "Plans": [
        {
          "Node Type": "Gather",
          "Parent Relationship": "Outer",
          "Parallel Aware": false,
          "Startup Cost": 31620.06,
          "Total Cost": 31620.37,
          "Plan Rows": 3,
          "Plan Width": 8,
          "Actual Startup Time": 110.207,
          "Actual Total Time": 118.784,
          "Actual Rows": 4,
          "Actual Loops": 1,
          "Workers Planned": 3,
          "Workers Launched": 3,
          "Single Copy": false,
          "Plans": [
            {
              "Node Type": "Aggregate",
              "Strategy": "Plain",
              "Partial Mode": "Partial",
              "Parent Relationship": "Outer",
              "Parallel Aware": false,
              "Startup Cost": 30620.06,
              "Total Cost": 30620.07,
              "Plan Rows": 1,
              "Plan Width": 8,
              "Actual Startup Time": 104.208,
              "Actual Total Time": 104.208,
              "Actual Rows": 1,
              "Actual Loops": 4,
              "Plans": [
                {
                  "Node Type": "Seq Scan",
                  "Parent Relationship": "Outer",
                  "Parallel Aware": true,
                  "Relation Name": "movie_companies",
                  "Alias": "mc",
                  "Startup Cost": 0.0,
                  "Total Cost": 29310.68,
                  "Plan Rows": 523751,
                  "Plan Width": 0,
                  "Actual Startup Time": 0.038,
                  "Actual Total Time": 81.803,
                  "Actual Rows": 402922,
                  "Actual Loops": 4,
                  "Filter": "(company_id < 16759)",
                  "Rows Removed by Filter": 249360
                }
              ]
            }
          ]
        }
      ]
    },
    "Planning Time": 0.19,
    "Triggers": [],
    "Execution Time": 118.849
  }
]