[
  {
    "Plan": {
      "Node Type": "Aggregate",
      "Strategy": "Plain",
      "Partial Mode": "Finalize",
      "Parallel Aware": false,
      "Startup Cost": 356410.68,
      "Total Cost": 356410.69,
      "Plan Rows": 1,
      "Plan Width": 8,
      "Actual Startup Time": 983.167,
      "Actual Total Time": 1042.071,
      "Actual Rows": 1,
      "Actual Loops": 1,
      "Plans": [
        {
          "Node Type": "Gather",
          "Parent Relationship": "Outer",
          "Parallel Aware": false,
          "Startup Cost": 356410.05,
          "Total Cost": 356410.66,
          "Plan Rows": 6,
          "Plan Width": 8,
          "Actual Startup Time": 983.027,
          "Actual Total Time": 1042.061,
          "Actual Rows": 7,
          "Actual Loops": 1,
          "Workers Planned": 6,
          "Workers Launched": 6,
          "Single Copy": false,
          "Plans": [
            {
              "Node Type": "Aggregate",
              "Strategy": "Plain",
              "Partial Mode": "Partial",
              "Parent Relationship": "Outer",
              "Parallel Aware": false,
              "Startup Cost": 355410.05,
              "Total Cost": 355410.06,
              "Plan Rows": 1,
              "Plan Width": 8,
              "Actual Startup Time": 973.14,
              "Actual Total Time": 973.142,
              "Actual Rows": 1,
              "Actual Loops": 7,
              "Plans": [
                {
                  "Node Type": "Seq Scan",
                  "Parent Relationship": "Outer",
                  "Parallel Aware": true,
                  "Relation Name": "cast_info",
                  "Alias": "ci",
                  "Startup Cost": 0.0,
                  "Total Cost": 343257.03,
                  "Plan Rows": 4861209,
                  "Plan Width": 0,
                  "Actual Startup Time": 0.054,
                  "Actual Total Time": 770.194,
                  "Actual Rows": 4508021,
                  "Actual Loops": 7,
                  "Filter": "((person_id < 3557144) AND (role_id < 10))",
                  "Rows Removed by Filter": 669742
                }
              ]
            }
          ]
        }
      ]
    },
    "Planning Time": 0.143,
    "Triggers": [],
    "Execution Time": 1042.128
  }
]