{
  "Plan": {
    "Node Type": "Aggregate",
    "Strategy": "Plain",
    "Partial Mode": "Finalize",
    "Parallel Aware": false,
    "Startup Cost": 297170.07,
    "Total Cost": 297170.08,
    "Plan Rows": 1,
    "Plan Width": 8,
    "Actual Startup Time": 1265.301,
    "Actual Total Time": 1289.987,
    "Actual Rows": 1,
    "Actual Loops": 1,
    "Plans": [
      {
        "Node Type": "Gather",
        "Parent Relationship": "Outer",
        "Parallel Aware": false,
        "Startup Cost": 297169.96,
        "Total Cost": 297170.07,
        "Plan Rows": 1,
        "Plan Width": 8,
        "Actual Startup Time": 1263.12,
        "Actual Total Time": 1289.98,
        "Actual Rows": 2,
        "Actual Loops": 1,
        "Workers Planned": 1,
        "Workers Launched": 1,
        "Single Copy": false,
        "Plans": [
          {
            "Node Type": "Aggregate",
            "Strategy": "Plain",
            "Partial Mode": "Partial",
            "Parent Relationship": "Outer",
            "Parallel Aware": false,
            "Startup Cost": 296169.96,
            "Total Cost": 296169.97,
            "Plan Rows": 1,
            "Plan Width": 8,
            "Actual Startup Time": 1257.263,
            "Actual Total Time": 1257.268,
            "Actual Rows": 1,
            "Actual Loops": 2,
            "Plans": [
              {
                "Node Type": "Merge Join",
                "Parent Relationship": "Outer",
                "Parallel Aware": false,
                "Join Type": "Inner",
                "Startup Cost": 123126.12,
                "Total Cost": 295727.81,
                "Plan Rows": 176860,
                "Plan Width": 0,
                "Actual Startup Time": 640.315,
                "Actual Total Time": 1221.021,
                "Actual Rows": 879189,
                "Actual Loops": 2,
                "Inner Unique": false,
                "Merge Cond": "(mk.movie_id = t.id)",
                "Plans": [
                  {
                    "Node Type": "Index Scan",
                    "Parent Relationship": "Outer",
                    "Parallel Aware": true,
                    "Scan Direction": "Forward",
                    "Index Name": "movie_id_movie_keyword",
                    "Relation Name": "movie_keyword",
                    "Alias": "mk",
                    "Startup Cost": 0.43,
                    "Total Cost": 165212.95,
                    "Plan Rows": 1732645,
                    "Plan Width": 4,
                    "Actual Startup Time": 0.069,
                    "Actual Total Time": 367.997,
                    "Actual Rows": 1468248,
                    "Actual Loops": 2,
                    "Filter": "(keyword_id < 9790)",
                    "Rows Removed by Filter": 793714
                  },
                  {
                    "Node Type": "Sort",
                    "Parent Relationship": "Inner",
                    "Parallel Aware": false,
                    "Startup Cost": 123125.55,
                    "Total Cost": 123770.74,
                    "Plan Rows": 258076,
                    "Plan Width": 8,
                    "Actual Startup Time": 640.23,
                    "Actual Total Time": 681.682,
                    "Actual Rows": 1151784,
                    "Actual Loops": 2,
                    "Sort Key": [
                      "mi_idx.movie_id"
                    ],
                    "Sort Method": "quicksort",
                    "Sort Space Used": 28730,
                    "Sort Space Type": "Memory",
                    "Workers": [
                      {
                        "Worker Number": 0,
                        "Sort Method": "quicksort",
                        "Sort Space Used": 28730,
                        "Sort Space Type": "Memory"
                      }
                    ],
                    "Plans": [
                      {
                        "Node Type": "Hash Join",
                        "Parent Relationship": "Outer",
                        "Parallel Aware": false,
                        "Join Type": "Inner",
                        "Startup Cost": 74569.87,
                        "Total Cost": 99927.83,
                        "Plan Rows": 258076,
                        "Plan Width": 8,
                        "Actual Startup Time": 283.81,
                        "Actual Total Time": 576.589,
                        "Actual Rows": 350758,
                        "Actual Loops": 2,
                        "Inner Unique": true,
                        "Hash Cond": "(mi_idx.movie_id = t.id)",
                        "Plans": [
                          {
                            "Node Type": "Seq Scan",
                            "Parent Relationship": "Outer",
                            "Parallel Aware": false,
                            "Relation Name": "movie_info_idx",
                            "Alias": "mi_idx",
                            "Startup Cost": 0.0,
                            "Total Cost": 21735.35,
                            "Plan Rows": 1380035,
                            "Plan Width": 4,
                            "Actual Startup Time": 0.035,
                            "Actual Total Time": 89.857,
                            "Actual Rows": 1380035,
                            "Actual Loops": 2
                          },
                          {
                            "Node Type": "Hash",
                            "Parent Relationship": "Inner",
                            "Parallel Aware": false,
                            "Startup Cost": 68659.76,
                            "Total Cost": 68659.76,
                            "Plan Rows": 472809,
                            "Plan Width": 4,
                            "Actual Startup Time": 280.84,
                            "Actual Total Time": 280.842,
                            "Actual Rows": 396359,
                            "Actual Loops": 2,
                            "Hash Buckets": 524288,
                            "Original Hash Buckets": 524288,
                            "Hash Batches": 1,
                            "Original Hash Batches": 1,
                            "Peak Memory Usage": 18031,
                            "Plans": [
                              {
                                "Node Type": "Bitmap Heap Scan",
                                "Parent Relationship": "Outer",
                                "Parallel Aware": false,
                                "Relation Name": "title",
                                "Alias": "t",
                                "Startup Cost": 17790.34,
                                "Total Cost": 68659.76,
                                "Plan Rows": 472809,
                                "Plan Width": 4,
                                "Actual Startup Time": 51.397,
                                "Actual Total Time": 207.145,
                                "Actual Rows": 396359,
                                "Actual Loops": 2,
                                "Recheck Cond": "(kind_id < 7)",
                                "Rows Removed by Index Recheck": 0,
                                "Filter": "(production_year > 2003)",
                                "Rows Removed by Filter": 588689,
                                "Exact Heap Blocks": 35472,
                                "Lossy Heap Blocks": 0,
                                "Plans": [
                                  {
                                    "Node Type": "Bitmap Index Scan",
                                    "Parent Relationship": "Outer",
                                    "Parallel Aware": false,
                                    "Index Name": "kind_id_title",
                                    "Startup Cost": 0.0,
                                    "Total Cost": 17672.14,
                                    "Plan Rows": 991428,
                                    "Plan Width": 0,
                                    "Actual Startup Time": 46.536,
                                    "Actual Total Time": 46.537,
                                    "Actual Rows": 985048,
                                    "Actual Loops": 2,
                                    "Index Cond": "(kind_id < 7)"
                                  }
                                ]
                              }
                            ]
                          }
                        ]
                      }
                    ]
                  }
                ]
              }
            ]
          }
        ]
      }
    ]
  },
  "Planning Time": 0.591,
  "Triggers": [],
  "Execution Time": 1290.212
}