[
  {
    "Plan": {
      "Node Type": "Aggregate",
      "Strategy": "Plain",
      "Partial Mode": "Finalize",
      "Parallel Aware": false,
      "Startup Cost": 286016.63,
      "Total Cost": 286016.64,
      "Plan Rows": 1,
      "Plan Width": 8,
      "Actual Startup Time": 667.668,
      "Actual Total Time": 690.393,
      "Actual Rows": 1,
      "Actual Loops": 1,
      "Plans": [
        {
          "Node Type": "Gather",
          "Parent Relationship": "Outer",
          "Parallel Aware": false,
          "Startup Cost": 286016.0,
          "Total Cost": 286016.61,
          "Plan Rows": 6,
          "Plan Width": 8,
          "Actual Startup Time": 642.872,
          "Actual Total Time": 690.381,
          "Actual Rows": 7,
          "Actual Loops": 1,
          "Workers Planned": 6,
          "Workers Launched": 6,
          "Single Copy": false,
          "Plans": [
            {
              "Node Type": "Aggregate",
              "Strategy": "Plain",
              "Partial Mode": "Partial",
              "Parent Relationship": "Outer",
              "Parallel Aware": false,
              "Startup Cost": 285016.0,
              "Total Cost": 285016.01,
              "Plan Rows": 1,
              "Plan Width": 8,
              "Actual Startup Time": 621.937,
              "Actual Total Time": 621.94,
              "Actual Rows": 1,
              "Actual Loops": 7,
              "Plans": [
                {
                  "Node Type": "Hash Join",
                  "Parent Relationship": "Outer",
                  "Parallel Aware": true,
                  "Join Type": "Inner",
                  "Startup Cost": 50220.21,
                  "Total Cost": 283042.17,
                  "Plan Rows": 789532,
                  "Plan Width": 0,
                  "Actual Startup Time": 236.601,
                  "Actual Total Time": 608.008,
                  "Actual Rows": 318942,
                  "Actual Loops": 7,
                  "Inner Unique": true,
                  "Hash Cond": "(ci.movie_id = t.id)",
                  "Plans": [
                    {
                      "Node Type": "Index Scan",
                      "Parent Relationship": "Outer",
                      "Parallel Aware": true,
                      "Scan Direction": "Forward",
                      "Index Name": "role_id_cast_info",
                      "Relation Name": "cast_info",
                      "Alias": "ci",
                      "Startup Cost": 0.56,
                      "Total Cost": 230750.01,
                      "Plan Rows": 789532,
                      "Plan Width": 4,
                      "Actual Startup Time": 0.158,
                      "Actual Total Time": 216.792,
                      "Actual Rows": 318942,
                      "Actual Loops": 7,
                      "Index Cond": "(role_id > 5)",
                      "Rows Removed by Index Recheck": 0,
                      "Filter": "(person_id < 2011532)",
                      "Rows Removed by Filter": 893389
                    },
                    {
                      "Node Type": "Hash",
                      "Parent Relationship": "Inner",
                      "Parallel Aware": true,
                      "Startup Cost": 42318.73,
                      "Total Cost": 42318.73,
                      "Plan Rows": 632073,
                      "Plan Width": 4,
                      "Actual Startup Time": 229.901,
                      "Actual Total Time": 229.902,
                      "Actual Rows": 361187,
                      "Actual Loops": 7,
                      "Hash Buckets": 4194304,
                      "Original Hash Buckets": 4194304,
                      "Hash Batches": 1,
                      "Original Hash Batches": 1,
                      "Peak Memory Usage": 131776,
                      "Plans": [
                        {
                          "Node Type": "Seq Scan",
                          "Parent Relationship": "Outer",
                          "Parallel Aware": true,
                          "Relation Name": "title",
                          "Alias": "t",
                          "Startup Cost": 0.0,
                          "Total Cost": 42318.73,
                          "Plan Rows": 632073,
                          "Plan Width": 4,
                          "Actual Startup Time": 0.036,
                          "Actual Total Time": 71.248,
                          "Actual Rows": 361187,
                          "Actual Loops": 7
                        }
                      ]
                    }
                  ]
                }
              ]
            }
          ]
        }
      ]
    },
    "Planning Time": 0.619,
    "Triggers": [],
    "Execution Time": 690.473
  }
]