[
  {
    "Plan": {
      "Node Type": "Aggregate",
      "Strategy": "Plain",
      "Partial Mode": "Finalize",
      "Parallel Aware": false,
      "Startup Cost": 105230.0,
      "Total Cost": 105230.01,
      "Plan Rows": 1,
      "Plan Width": 8,
      "Actual Startup Time": 753.038,
      "Actual Total Time": 771.574,
      "Actual Rows": 1,
      "Actual Loops": 1,
      "Plans": [
        {
          "Node Type": "Gather",
          "Parent Relationship": "Outer",
          "Parallel Aware": false,
          "Startup Cost": 105229.78,
          "Total Cost": 105229.99,
          "Plan Rows": 2,
          "Plan Width": 8,
          "Actual Startup Time": 747.462,
          "Actual Total Time": 771.567,
          "Actual Rows": 3,
          "Actual Loops": 1,
          "Workers Planned": 2,
          "Workers Launched": 2,
          "Single Copy": false,
          "Plans": [
            {
              "Node Type": "Aggregate",
              "Strategy": "Plain",
              "Partial Mode": "Partial",
              "Parent Relationship": "Outer",
              "Parallel Aware": false,
              "Startup Cost": 104229.78,
              "Total Cost": 104229.79,
              "Plan Rows": 1,
              "Plan Width": 8,
              "Actual Startup Time": 738.865,
              "Actual Total Time": 738.89,
              "Actual Rows": 1,
              "Actual Loops": 3,
              "Plans": [
                {
                  "Node Type": "Hash Join",
                  "Parent Relationship": "Outer",
                  "Parallel Aware": true,
                  "Join Type": "Inner",
                  "Startup Cost": 87820.12,
                  "Total Cost": 103981.69,
                  "Plan Rows": 99238,
                  "Plan Width": 0,
                  "Actual Startup Time": 617.805,
                  "Actual Total Time": 723.52,
                  "Actual Rows": 331562,
                  "Actual Loops": 3,
                  "Inner Unique": false,
                  "Hash Cond": "(mi_idx.movie_id = t.id)",
                  "Plans": [
                    {
                      "Node Type": "Seq Scan",
                      "Parent Relationship": "Outer",
                      "Parallel Aware": true,
                      "Relation Name": "movie_info_idx",
                      "Alias": "mi_idx",
                      "Startup Cost": 0.0,
                      "Total Cost": 13685.15,
                      "Plan Rows": 575015,
                      "Plan Width": 4,
                      "Actual Startup Time": 0.029,
                      "Actual Total Time": 36.654,
                      "Actual Rows": 460012,
                      "Actual Loops": 3
                    },
                    {
                      "Node Type": "Hash",
                      "Parent Relationship": "Inner",
                      "Parallel Aware": true,
                      "Startup Cost": 86060.67,
                      "Total Cost": 86060.67,
                      "Plan Rows": 140756,
                      "Plan Width": 8,
                      "Actual Startup Time": 599.464,
                      "Actual Total Time": 599.487,
                      "Actual Rows": 141968,
                      "Actual Loops": 3,
                      "Hash Buckets": 524288,
                      "Original Hash Buckets": 524288,
                      "Hash Batches": 1,
                      "Original Hash Batches": 1,
                      "Peak Memory Usage": 20800,
                      "Plans": [
                        {
                          "Node Type": "Hash Join",
                          "Parent Relationship": "Outer",
                          "Parallel Aware": true,
                          "Join Type": "Inner",
                          "Startup Cost": 59477.74,
                          "Total Cost": 86060.67,
                          "Plan Rows": 140756,
                          "Plan Width": 8,
                          "Actual Startup Time": 451.051,
                          "Actual Total Time": 551.192,
                          "Actual Rows": 141968,
                          "Actual Loops": 3,
                          "Inner Unique": true,
                          "Hash Cond": "(mk.movie_id = t.id)",
                          "Plans": [
                            {
                              "Node Type": "Bitmap Heap Scan",
                              "Parent Relationship": "Outer",
                              "Parallel Aware": true,
                              "Relation Name": "movie_keyword",
                              "Alias": "mk",
                              "Startup Cost": 9258.09,
                              "Total Cost": 35471.54,
                              "Plan Rows": 140756,
                              "Plan Width": 4,
                              "Actual Startup Time": 26.641,
                              "Actual Total Time": 79.05,
                              "Actual Rows": 141968,
                              "Actual Loops": 3,
                              "Recheck Cond": "(keyword_id > 41048)",
                              "Rows Removed by Index Recheck": 0,
                              "Exact Heap Blocks": 6657,
                              "Lossy Heap Blocks": 0,
                              "Plans": [
                                {
                                  "Node Type": "Bitmap Index Scan",
                                  "Parent Relationship": "Outer",
                                  "Parallel Aware": false,
                                  "Index Name": "keyword_id_movie_keyword",
                                  "Startup Cost": 0.0,
                                  "Total Cost": 9149.01,
                                  "Plan Rows": 436343,
                                  "Plan Width": 0,
                                  "Actual Startup Time": 23.318,
                                  "Actual Total Time": 23.319,
                                  "Actual Rows": 425905,
                                  "Actual Loops": 1,
                                  "Index Cond": "(keyword_id > 41048)"
                                }
                              ]
                            },
                            {
                              "Node Type": "Hash",
                              "Parent Relationship": "Inner",
                              "Parallel Aware": true,
                              "Startup Cost": 42318.73,
                              "Total Cost": 42318.73,
                              "Plan Rows": 632073,
                              "Plan Width": 4,
                              "Actual Startup Time": 412.359,
                              "Actual Total Time": 412.359,
                              "Actual Rows": 842771,
                              "Actual Loops": 3,
                              "Hash Buckets": 4194304,
                              "Original Hash Buckets": 4194304,
                              "Hash Batches": 1,
                              "Original Hash Batches": 1,
                              "Peak Memory Usage": 131712,
                              "Plans": [
                                {
                                  "Node Type": "Seq Scan",
                                  "Parent Relationship": "Outer",
                                  "Parallel Aware": true,
                                  "Relation Name": "title",
                                  "Alias": "t",
                                  "Startup Cost": 0.0,
                                  "Total Cost": 42318.73,
                                  "Plan Rows": 632073,
                                  "Plan Width": 4,
                                  "Actual Startup Time": 0.052,
                                  "Actual Total Time": 122.74,
                                  "Actual Rows": 842771,
                                  "Actual Loops": 3
                                }
                              ]
                            }
                          ]
                        }
                      ]
                    }
                  ]
                }
              ]
            }
          ]
        }
      ]
    },
    "Planning Time": 1.195,
    "Triggers": [],
    "Execution Time": 771.673
  }
]