{
  "Plan": {
    "Node Type": "Aggregate",
    "Strategy": "Plain",
    "Partial Mode": "Finalize",
    "Parallel Aware": false,
    "Startup Cost": 507833.41,
    "Total Cost": 507833.42,
    "Plan Rows": 1,
    "Plan Width": 8,
    "Actual Startup Time": 1980.135,
    "Actual Total Time": 2020.701,
    "Actual Rows": 1,
    "Actual Loops": 1,
    "Plans": [
      {
        "Node Type": "Gather",
        "Parent Relationship": "Outer",
        "Parallel Aware": false,
        "Startup Cost": 507833.3,
        "Total Cost": 507833.41,
        "Plan Rows": 1,
        "Plan Width": 8,
        "Actual Startup Time": 1979.513,
        "Actual Total Time": 2020.69,
        "Actual Rows": 2,
        "Actual Loops": 1,
        "Workers Planned": 1,
        "Workers Launched": 1,
        "Single Copy": false,
        "Plans": [
          {
            "Node Type": "Aggregate",
            "Strategy": "Plain",
            "Partial Mode": "Partial",
            "Parent Relationship": "Outer",
            "Parallel Aware": false,
            "Startup Cost": 506833.3,
            "Total Cost": 506833.31,
            "Plan Rows": 1,
            "Plan Width": 8,
            "Actual Startup Time": 1973.439,
            "Actual Total Time": 1973.536,
            "Actual Rows": 1,
            "Actual Loops": 2,
            "Plans": [
              {
                "Node Type": "Hash Join",
                "Parent Relationship": "Outer",
                "Parallel Aware": true,
                "Join Type": "Inner",
                "Startup Cost": 462043.31,
                "Total Cost": 506517.22,
                "Plan Rows": 126431,
                "Plan Width": 0,
                "Actual Startup Time": 1736.756,
                "Actual Total Time": 1971.276,
                "Actual Rows": 56560,
                "Actual Loops": 2,
                "Inner Unique": false,
                "Hash Cond": "(mc.movie_id = t.id)",
                "Plans": [
                  {
                    "Node Type": "Seq Scan",
                    "Parent Relationship": "Outer",
                    "Parallel Aware": true,
                    "Relation Name": "movie_companies",
                    "Alias": "mc",
                    "Startup Cost": 0.0,
                    "Total Cost": 34137.82,
                    "Plan Rows": 1534782,
                    "Plan Width": 4,
                    "Actual Startup Time": 0.015,
                    "Actual Total Time": 97.546,
                    "Actual Rows": 1304564,
                    "Actual Loops": 2
                  },
                  {
                    "Node Type": "Hash",
                    "Parent Relationship": "Inner",
                    "Parallel Aware": true,
                    "Startup Cost": 460511.88,
                    "Total Cost": 460511.88,
                    "Plan Rows": 122514,
                    "Plan Width": 8,
                    "Actual Startup Time": 1732.582,
                    "Actual Total Time": 1732.678,
                    "Actual Rows": 83378,
                    "Actual Loops": 2,
                    "Hash Buckets": 262144,
                    "Original Hash Buckets": 262144,
                    "Hash Batches": 1,
                    "Original Hash Batches": 1,
                    "Peak Memory Usage": 8576,
                    "Plans": [
                      {
                        "Node Type": "Hash Join",
                        "Parent Relationship": "Outer",
                        "Parallel Aware": true,
                        "Join Type": "Inner",
                        "Startup Cost": 58617.38,
                        "Total Cost": 460511.88,
                        "Plan Rows": 122514,
                        "Plan Width": 8,
                        "Actual Startup Time": 142.936,
                        "Actual Total Time": 1706.732,
                        "Actual Rows": 83378,
                        "Actual Loops": 2,
                        "Inner Unique": true,
                        "Hash Cond": "(ci.movie_id = t.id)",
                        "Plans": [
                          {
                            "Node Type": "Index Scan",
                            "Parent Relationship": "Outer",
                            "Parallel Aware": true,
                            "Scan Direction": "Forward",
                            "Index Name": "role_id_cast_info",
                            "Relation Name": "cast_info",
                            "Alias": "ci",
                            "Startup Cost": 0.56,
                            "Total Cost": 382631.05,
                            "Plan Rows": 7338659,
                            "Plan Width": 4,
                            "Actual Startup Time": 0.17,
                            "Actual Total Time": 858.908,
                            "Actual Rows": 6335344,
                            "Actual Loops": 2,
                            "Index Cond": "(role_id = 1)",
                            "Rows Removed by Index Recheck": 0
                          },
                          {
                            "Node Type": "Hash",
                            "Parent Relationship": "Inner",
                            "Parallel Aware": true,
                            "Startup Cost": 58306.47,
                            "Total Cost": 58306.47,
                            "Plan Rows": 24828,
                            "Plan Width": 4,
                            "Actual Startup Time": 142.151,
                            "Actual Total Time": 142.152,
                            "Actual Rows": 20204,
                            "Actual Loops": 2,
                            "Hash Buckets": 65536,
                            "Original Hash Buckets": 65536,
                            "Hash Batches": 1,
                            "Original Hash Batches": 1,
                            "Peak Memory Usage": 2144,
                            "Plans": [
                              {
                                "Node Type": "Seq Scan",
                                "Parent Relationship": "Outer",
                                "Parallel Aware": true,
                                "Relation Name": "title",
                                "Alias": "t",
                                "Startup Cost": 0.0,
                                "Total Cost": 58306.47,
                                "Plan Rows": 24828,
                                "Plan Width": 4,
                                "Actual Startup Time": 0.075,
                                "Actual Total Time": 136.054,
                                "Actual Rows": 20204,
                                "Actual Loops": 2,
                                "Filter": "((kind_id > 4) AND (production_year > 2012))",
                                "Rows Removed by Filter": 1243952
                              }
                            ]
                          }
                        ]
                      }
                    ]
                  }
                ]
              }
            ]
          }
        ]
      }
    ]
  },
  "Planning Time": 1.025,
  "Triggers": [],
  "Execution Time": 2020.83
}