[
  {
    "Plan": {
      "Node Type": "Aggregate",
      "Strategy": "Plain",
      "Partial Mode": "Finalize",
      "Parallel Aware": false,
      "Startup Cost": 349805.35,
      "Total Cost": 349805.36,
      "Plan Rows": 1,
      "Plan Width": 8,
      "Actual Startup Time": 244.892,
      "Actual Total Time": 272.723,
      "Actual Rows": 1,
      "Actual Loops": 1,
      "Plans": [
        {
          "Node Type": "Gather",
          "Parent Relationship": "Outer",
          "Parallel Aware": false,
          "Startup Cost": 349804.93,
          "Total Cost": 349805.34,
          "Plan Rows": 4,
          "Plan Width": 8,
          "Actual Startup Time": 244.797,
          "Actual Total Time": 272.717,
          "Actual Rows": 5,
          "Actual Loops": 1,
          "Workers Planned": 4,
          "Workers Launched": 4,
          "Single Copy": false,
          "Plans": [
            {
              "Node Type": "Aggregate",
              "Strategy": "Plain",
              "Partial Mode": "Partial",
              "Parent Relationship": "Outer",
              "Parallel Aware": false,
              "Startup Cost": 348804.93,
              "Total Cost": 348804.94,
              "Plan Rows": 1,
              "Plan Width": 8,
              "Actual Startup Time": 238.925,
              "Actual Total Time": 238.926,
              "Actual Rows": 1,
              "Actual Loops": 5,
              "Plans": [
                {
                  "Node Type": "Nested Loop",
                  "Parent Relationship": "Outer",
                  "Parallel Aware": false,
                  "Join Type": "Inner",
                  "Startup Cost": 0.56,
                  "Total Cost": 348638.06,
                  "Plan Rows": 66748,
                  "Plan Width": 0,
                  "Actual Startup Time": 0.197,
                  "Actual Total Time": 235.56,
                  "Actual Rows": 51265,
                  "Actual Loops": 5,
                  "Inner Unique": false,
                  "Plans": [
                    {
                      "Node Type": "Seq Scan",
                      "Parent Relationship": "Outer",
                      "Parallel Aware": true,
                      "Relation Name": "title",
                      "Alias": "t",
                      "Startup Cost": 0.0,
                      "Total Cost": 45479.21,
                      "Plan Rows": 10170,
                      "Plan Width": 4,
                      "Actual Startup Time": 0.03,
                      "Actual Total Time": 54.043,
                      "Actual Rows": 8051,
                      "Actual Loops": 5,
                      "Filter": "((production_year > 2012) AND (kind_id = 7))",
                      "Rows Removed by Filter": 497611
                    },
                    {
                      "Node Type": "Index Scan",
                      "Parent Relationship": "Inner",
                      "Parallel Aware": false,
                      "Scan Direction": "Forward",
                      "Index Name": "movie_id_cast_info",
                      "Relation Name": "cast_info",
                      "Alias": "ci",
                      "Startup Cost": 0.56,
                      "Total Cost": 29.63,
                      "Plan Rows": 18,
                      "Plan Width": 4,
                      "Actual Startup Time": 0.012,
                      "Actual Total Time": 0.022,
                      "Actual Rows": 6,
                      "Actual Loops": 40257,
                      "Index Cond": "(movie_id = t.id)",
                      "Rows Removed by Index Recheck": 0,
                      "Filter": "(person_id > 1962384)",
                      "Rows Removed by Filter": 6
                    }
                  ]
                }
              ]
            }
          ]
        }
      ]
    },
    "Planning Time": 0.306,
    "Triggers": [],
    "Execution Time": 272.766
  }
]