[
  {
    "Plan": {
      "Node Type": "Aggregate",
      "Strategy": "Plain",
      "Partial Mode": "Finalize",
      "Parallel Aware": false,
      "Startup Cost": 101673.96,
      "Total Cost": 101673.97,
      "Plan Rows": 1,
      "Plan Width": 8,
      "Actual Startup Time": 673.639,
      "Actual Total Time": 692.328,
      "Actual Rows": 1,
      "Actual Loops": 1,
      "Plans": [
        {
          "Node Type": "Gather",
          "Parent Relationship": "Outer",
          "Parallel Aware": false,
          "Startup Cost": 101673.75,
          "Total Cost": 101673.96,
          "Plan Rows": 2,
          "Plan Width": 8,
          "Actual Startup Time": 669.708,
          "Actual Total Time": 692.319,
          "Actual Rows": 3,
          "Actual Loops": 1,
          "Workers Planned": 2,
          "Workers Launched": 2,
          "Single Copy": false,
          "Plans": [
            {
              "Node Type": "Aggregate",
              "Strategy": "Plain",
              "Partial Mode": "Partial",
              "Parent Relationship": "Outer",
              "Parallel Aware": false,
              "Startup Cost": 100673.75,
              "Total Cost": 100673.76,
              "Plan Rows": 1,
              "Plan Width": 8,
              "Actual Startup Time": 662.168,
              "Actual Total Time": 662.443,
              "Actual Rows": 1,
              "Actual Loops": 3,
              "Plans": [
                {
                  "Node Type": "Hash Join",
                  "Parent Relationship": "Outer",
                  "Parallel Aware": true,
                  "Join Type": "Inner",
                  "Startup Cost": 83840.39,
                  "Total Cost": 100177.79,
                  "Plan Rows": 198381,
                  "Plan Width": 0,
                  "Actual Startup Time": 530.945,
                  "Actual Total Time": 652.028,
                  "Actual Rows": 226642,
                  "Actual Loops": 3,
                  "Inner Unique": false,
                  "Hash Cond": "(mi_idx.movie_id = t.id)",
                  "Plans": [
                    {
                      "Node Type": "Seq Scan",
                      "Parent Relationship": "Outer",
                      "Parallel Aware": true,
                      "Relation Name": "movie_info_idx",
                      "Alias": "mi_idx",
                      "Startup Cost": 0.0,
                      "Total Cost": 13685.15,
                      "Plan Rows": 575015,
                      "Plan Width": 4,
                      "Actual Startup Time": 0.029,
                      "Actual Total Time": 38.411,
                      "Actual Rows": 460012,
                      "Actual Loops": 3
                    },
                    {
                      "Node Type": "Hash",
                      "Parent Relationship": "Inner",
                      "Parallel Aware": true,
                      "Startup Cost": 81114.56,
                      "Total Cost": 81114.56,
                      "Plan Rows": 218067,
                      "Plan Width": 8,
                      "Actual Startup Time": 524.231,
                      "Actual Total Time": 524.505,
                      "Actual Rows": 184458,
                      "Actual Loops": 3,
                      "Hash Buckets": 1048576,
                      "Original Hash Buckets": 1048576,
                      "Hash Batches": 1,
                      "Original Hash Batches": 1,
                      "Peak Memory Usage": 29856,
                      "Plans": [
                        {
                          "Node Type": "Hash Join",
                          "Parent Relationship": "Outer",
                          "Parallel Aware": true,
                          "Join Type": "Inner",
                          "Startup Cost": 34932.02,
                          "Total Cost": 81114.56,
                          "Plan Rows": 218067,
                          "Plan Width": 8,
                          "Actual Startup Time": 159.052,
                          "Actual Total Time": 460.953,
                          "Actual Rows": 184458,
                          "Actual Loops": 3,
                          "Inner Unique": false,
                          "Hash Cond": "(t.id = mc.movie_id)",
                          "Plans": [
                            {
                              "Node Type": "Seq Scan",
                              "Parent Relationship": "Outer",
                              "Parallel Aware": true,
                              "Relation Name": "title",
                              "Alias": "t",
                              "Startup Cost": 0.0,
                              "Total Cost": 42318.73,
                              "Plan Rows": 632073,
                              "Plan Width": 4,
                              "Actual Startup Time": 0.009,
                              "Actual Total Time": 94.909,
                              "Actual Rows": 842771,
                              "Actual Loops": 3
                            },
                            {
                              "Node Type": "Hash",
                              "Parent Relationship": "Inner",
                              "Parallel Aware": true,
                              "Startup Cost": 31414.82,
                              "Total Cost": 31414.82,
                              "Plan Rows": 281376,
                              "Plan Width": 4,
                              "Actual Startup Time": 155.34,
                              "Actual Total Time": 155.341,
                              "Actual Rows": 184458,
                              "Actual Loops": 3,
                              "Hash Buckets": 1048576,
                              "Original Hash Buckets": 1048576,
                              "Hash Batches": 1,
                              "Original Hash Batches": 1,
                              "Peak Memory Usage": 29888,
                              "Plans": [
                                {
                                  "Node Type": "Seq Scan",
                                  "Parent Relationship": "Outer",
                                  "Parallel Aware": true,
                                  "Relation Name": "movie_companies",
                                  "Alias": "mc",
                                  "Startup Cost": 0.0,
                                  "Total Cost": 31414.82,
                                  "Plan Rows": 281376,
                                  "Plan Width": 4,
                                  "Actual Startup Time": 54.883,
                                  "Actual Total Time": 102.44,
                                  "Actual Rows": 184458,
                                  "Actual Loops": 3,
                                  "Filter": "((company_id < 21110) AND (company_type_id = 2))",
                                  "Rows Removed by Filter": 685251
                                }
                              ]
                            }
                          ]
                        }
                      ]
                    }
                  ]
                }
              ]
            }
          ]
        }
      ]
    },
    "Planning Time": 1.404,
    "Triggers": [],
    "Execution Time": 692.411
  }
]