[
  {
    "Plan": {
      "Node Type": "Aggregate",
      "Strategy": "Plain",
      "Partial Mode": "Finalize",
      "Parallel Aware": false,
      "Startup Cost": 94339.54,
      "Total Cost": 94339.55,
      "Plan Rows": 1,
      "Plan Width": 8,
      "Actual Startup Time": 364.535,
      "Actual Total Time": 381.943,
      "Actual Rows": 1,
      "Actual Loops": 1,
      "Plans": [
        {
          "Node Type": "Gather",
          "Parent Relationship": "Outer",
          "Parallel Aware": false,
          "Startup Cost": 94339.33,
          "Total Cost": 94339.54,
          "Plan Rows": 2,
          "Plan Width": 8,
          "Actual Startup Time": 362.845,
          "Actual Total Time": 381.937,
          "Actual Rows": 3,
          "Actual Loops": 1,
          "Workers Planned": 2,
          "Workers Launched": 2,
          "Single Copy": false,
          "Plans": [
            {
              "Node Type": "Aggregate",
              "Strategy": "Plain",
              "Partial Mode": "Partial",
              "Parent Relationship": "Outer",
              "Parallel Aware": false,
              "Startup Cost": 93339.33,
              "Total Cost": 93339.34,
              "Plan Rows": 1,
              "Plan Width": 8,
              "Actual Startup Time": 355.677,
              "Actual Total Time": 355.682,
              "Actual Rows": 1,
              "Actual Loops": 3,
              "Plans": [
                {
                  "Node Type": "Hash Join",
                  "Parent Relationship": "Outer",
                  "Parallel Aware": true,
                  "Join Type": "Inner",
                  "Startup Cost": 77329.22,
                  "Total Cost": 93265.69,
                  "Plan Rows": 29455,
                  "Plan Width": 0,
                  "Actual Startup Time": 307.906,
                  "Actual Total Time": 353.76,
                  "Actual Rows": 48385,
                  "Actual Loops": 3,
                  "Inner Unique": false,
                  "Hash Cond": "(mi_idx.movie_id = t.id)",
                  "Plans": [
                    {
                      "Node Type": "Seq Scan",
                      "Parent Relationship": "Outer",
                      "Parallel Aware": true,
                      "Relation Name": "movie_info_idx",
                      "Alias": "mi_idx",
                      "Startup Cost": 0.0,
                      "Total Cost": 13685.15,
                      "Plan Rows": 575015,
                      "Plan Width": 4,
                      "Actual Startup Time": 0.028,
                      "Actual Total Time": 34.177,
                      "Actual Rows": 460012,
                      "Actual Loops": 3
                    },
                    {
                      "Node Type": "Hash",
                      "Parent Relationship": "Inner",
                      "Parallel Aware": true,
                      "Startup Cost": 76806.99,
                      "Total Cost": 76806.99,
                      "Plan Rows": 41778,
                      "Plan Width": 8,
                      "Actual Startup Time": 277.127,
                      "Actual Total Time": 277.131,
                      "Actual Rows": 18717,
                      "Actual Loops": 3,
                      "Hash Buckets": 131072,
                      "Original Hash Buckets": 131072,
                      "Hash Batches": 1,
                      "Original Hash Batches": 1,
                      "Peak Memory Usage": 3264,
                      "Plans": [
                        {
                          "Node Type": "Hash Join",
                          "Parent Relationship": "Outer",
                          "Parallel Aware": true,
                          "Join Type": "Inner",
                          "Startup Cost": 46876.05,
                          "Total Cost": 76806.99,
                          "Plan Rows": 41778,
                          "Plan Width": 8,
                          "Actual Startup Time": 186.615,
                          "Actual Total Time": 271.688,
                          "Actual Rows": 18717,
                          "Actual Loops": 3,
                          "Inner Unique": true,
                          "Hash Cond": "(mc.movie_id = t.id)",
                          "Plans": [
                            {
                              "Node Type": "Seq Scan",
                              "Parent Relationship": "Outer",
                              "Parallel Aware": true,
                              "Relation Name": "movie_companies",
                              "Alias": "mc",
                              "Startup Cost": 0.0,
                              "Total Cost": 29310.68,
                              "Plan Rows": 236291,
                              "Plan Width": 4,
                              "Actual Startup Time": 0.016,
                              "Actual Total Time": 74.125,
                              "Actual Rows": 242317,
                              "Actual Loops": 3,
                              "Filter": "(company_id < 1427)",
                              "Rows Removed by Filter": 627393
                            },
                            {
                              "Node Type": "Hash",
                              "Parent Relationship": "Inner",
                              "Parallel Aware": true,
                              "Startup Cost": 45479.1,
                              "Total Cost": 45479.1,
                              "Plan Rows": 111756,
                              "Plan Width": 4,
                              "Actual Startup Time": 149.702,
                              "Actual Total Time": 149.703,
                              "Actual Rows": 108363,
                              "Actual Loops": 3,
                              "Hash Buckets": 524288,
                              "Original Hash Buckets": 524288,
                              "Hash Batches": 1,
                              "Original Hash Batches": 1,
                              "Peak Memory Usage": 16864,
                              "Plans": [
                                {
                                  "Node Type": "Seq Scan",
                                  "Parent Relationship": "Outer",
                                  "Parallel Aware": true,
                                  "Relation Name": "title",
                                  "Alias": "t",
                                  "Startup Cost": 0.0,
                                  "Total Cost": 45479.1,
                                  "Plan Rows": 111756,
                                  "Plan Width": 4,
                                  "Actual Startup Time": 48.576,
                                  "Actual Total Time": 117.346,
                                  "Actual Rows": 108363,
                                  "Actual Loops": 3,
                                  "Filter": "((production_year > 1992) AND (kind_id = 1))",
                                  "Rows Removed by Filter": 734408
                                }
                              ]
                            }
                          ]
                        }
                      ]
                    }
                  ]
                }
              ]
            }
          ]
        }
      ]
    },
    "Planning Time": 1.212,
    "Triggers": [],
    "Execution Time": 382.024
  }
]