{
  "Plan": {
    "Node Type": "Aggregate",
    "Strategy": "Plain",
    "Partial Mode": "Finalize",
    "Parallel Aware": false,
    "Startup Cost": 146181.87,
    "Total Cost": 146181.88,
    "Plan Rows": 1,
    "Plan Width": 8,
    "Actual Startup Time": 976.452,
    "Actual Total Time": 1036.288,
    "Actual Rows": 1,
    "Actual Loops": 1,
    "Plans": [
      {
        "Node Type": "Gather",
        "Parent Relationship": "Outer",
        "Parallel Aware": false,
        "Startup Cost": 146181.76,
        "Total Cost": 146181.87,
        "Plan Rows": 1,
        "Plan Width": 8,
        "Actual Startup Time": 969.674,
        "Actual Total Time": 1036.279,
        "Actual Rows": 2,
        "Actual Loops": 1,
        "Workers Planned": 1,
        "Workers Launched": 1,
        "Single Copy": false,
        "Plans": [
          {
            "Node Type": "Aggregate",
            "Strategy": "Plain",
            "Partial Mode": "Partial",
            "Parent Relationship": "Outer",
            "Parallel Aware": false,
            "Startup Cost": 145181.76,
            "Total Cost": 145181.77,
            "Plan Rows": 1,
            "Plan Width": 8,
            "Actual Startup Time": 957.635,
            "Actual Total Time": 957.639,
            "Actual Rows": 1,
            "Actual Loops": 2,
            "Plans": [
              {
                "Node Type": "Nested Loop",
                "Parent Relationship": "Outer",
                "Parallel Aware": false,
                "Join Type": "Inner",
                "Startup Cost": 70375.27,
                "Total Cost": 144811.51,
                "Plan Rows": 148102,
                "Plan Width": 0,
                "Actual Startup Time": 527.421,
                "Actual Total Time": 932.21,
                "Actual Rows": 544022,
                "Actual Loops": 2,
                "Inner Unique": false,
                "Plans": [
                  {
                    "Node Type": "Hash Join",
                    "Parent Relationship": "Outer",
                    "Parallel Aware": true,
                    "Join Type": "Inner",
                    "Startup Cost": 70374.83,
                    "Total Cost": 95876.97,
                    "Plan Rows": 25328,
                    "Plan Width": 8,
                    "Actual Startup Time": 527.344,
                    "Actual Total Time": 570.37,
                    "Actual Rows": 19446,
                    "Actual Loops": 2,
                    "Inner Unique": true,
                    "Hash Cond": "(mk.movie_id = t.id)",
                    "Plans": [
                      {
                        "Node Type": "Bitmap Heap Scan",
                        "Parent Relationship": "Outer",
                        "Parallel Aware": true,
                        "Relation Name": "movie_keyword",
                        "Alias": "mk",
                        "Startup Cost": 914.13,
                        "Total Cost": 26349.79,
                        "Plan Rows": 25328,
                        "Plan Width": 4,
                        "Actual Startup Time": 5.535,
                        "Actual Total Time": 28.891,
                        "Actual Rows": 19446,
                        "Actual Loops": 2,
                        "Recheck Cond": "(keyword_id < 47)",
                        "Rows Removed by Index Recheck": 0,
                        "Exact Heap Blocks": 8802,
                        "Lossy Heap Blocks": 0,
                        "Plans": [
                          {
                            "Node Type": "Bitmap Index Scan",
                            "Parent Relationship": "Outer",
                            "Parallel Aware": false,
                            "Index Name": "keyword_id_movie_keyword",
                            "Startup Cost": 0.0,
                            "Total Cost": 903.37,
                            "Plan Rows": 43058,
                            "Plan Width": 0,
                            "Actual Startup Time": 3.446,
                            "Actual Total Time": 3.447,
                            "Actual Rows": 38892,
                            "Actual Loops": 1,
                            "Index Cond": "(keyword_id < 47)"
                          }
                        ]
                      },
                      {
                        "Node Type": "Hash",
                        "Parent Relationship": "Inner",
                        "Parallel Aware": true,
                        "Startup Cost": 50870.31,
                        "Total Cost": 50870.31,
                        "Plan Rows": 1487231,
                        "Plan Width": 4,
                        "Actual Startup Time": 499.997,
                        "Actual Total Time": 499.998,
                        "Actual Rows": 1264156,
                        "Actual Loops": 2,
                        "Hash Buckets": 4194304,
                        "Original Hash Buckets": 4194304,
                        "Hash Batches": 1,
                        "Original Hash Batches": 1,
                        "Peak Memory Usage": 131712,
                        "Plans": [
                          {
                            "Node Type": "Seq Scan",
                            "Parent Relationship": "Outer",
                            "Parallel Aware": true,
                            "Relation Name": "title",
                            "Alias": "t",
                            "Startup Cost": 0.0,
                            "Total Cost": 50870.31,
                            "Plan Rows": 1487231,
                            "Plan Width": 4,
                            "Actual Startup Time": 0.021,
                            "Actual Total Time": 153.239,
                            "Actual Rows": 1264156,
                            "Actual Loops": 2
                          }
                        ]
                      }
                    ]
                  },
                  {
                    "Node Type": "Index Only Scan",
                    "Parent Relationship": "Inner",
                    "Parallel Aware": false,
                    "Scan Direction": "Forward",
                    "Index Name": "movie_id_movie_info",
                    "Relation Name": "movie_info",
                    "Alias": "mi",
                    "Startup Cost": 0.43,
                    "Total Cost": 1.51,
                    "Plan Rows": 42,
                    "Plan Width": 4,
                    "Actual Startup Time": 0.005,
                    "Actual Total Time": 0.016,
                    "Actual Rows": 28,
                    "Actual Loops": 38892,
                    "Index Cond": "(movie_id = t.id)",
                    "Rows Removed by Index Recheck": 0,
                    "Heap Fetches": 1088045
                  }
                ]
              }
            ]
          }
        ]
      }
    ]
  },
  "Planning Time": 0.962,
  "Triggers": [],
  "Execution Time": 1036.429
}