[
  {
    "Plan": {
      "Node Type": "Aggregate",
      "Strategy": "Plain",
      "Partial Mode": "Finalize",
      "Parallel Aware": false,
      "Startup Cost": 288579.75,
      "Total Cost": 288579.76,
      "Plan Rows": 1,
      "Plan Width": 8,
      "Actual Startup Time": 1480.178,
      "Actual Total Time": 1530.532,
      "Actual Rows": 1,
      "Actual Loops": 1,
      "Plans": [
        {
          "Node Type": "Gather",
          "Parent Relationship": "Outer",
          "Parallel Aware": false,
          "Startup Cost": 288579.43,
          "Total Cost": 288579.74,
          "Plan Rows": 3,
          "Plan Width": 8,
          "Actual Startup Time": 1469.266,
          "Actual Total Time": 1530.524,
          "Actual Rows": 4,
          "Actual Loops": 1,
          "Workers Planned": 3,
          "Workers Launched": 3,
          "Single Copy": false,
          "Plans": [
            {
              "Node Type": "Aggregate",
              "Strategy": "Plain",
              "Partial Mode": "Partial",
              "Parent Relationship": "Outer",
              "Parallel Aware": false,
              "Startup Cost": 287579.43,
              "Total Cost": 287579.44,
              "Plan Rows": 1,
              "Plan Width": 8,
              "Actual Startup Time": 1458.46,
              "Actual Total Time": 1458.466,
              "Actual Rows": 1,
              "Actual Loops": 4,
              "Plans": [
                {
                  "Node Type": "Hash Join",
                  "Parent Relationship": "Outer",
                  "Parallel Aware": true,
                  "Join Type": "Inner",
                  "Startup Cost": 254465.71,
                  "Total Cost": 286638.93,
                  "Plan Rows": 376198,
                  "Plan Width": 0,
                  "Actual Startup Time": 988.422,
                  "Actual Total Time": 1348.314,
                  "Actual Rows": 2721256,
                  "Actual Loops": 4,
                  "Inner Unique": false,
                  "Hash Cond": "(mc.movie_id = t.id)",
                  "Plans": [
                    {
                      "Node Type": "Seq Scan",
                      "Parent Relationship": "Outer",
                      "Parallel Aware": true,
                      "Relation Name": "movie_companies",
                      "Alias": "mc",
                      "Startup Cost": 0.0,
                      "Total Cost": 29310.68,
                      "Plan Rows": 562705,
                      "Plan Width": 4,
                      "Actual Startup Time": 0.709,
                      "Actual Total Time": 68.302,
                      "Actual Rows": 436166,
                      "Actual Loops": 4,
                      "Filter": "(company_id > 2560)",
                      "Rows Removed by Filter": 216117
                    },
                    {
                      "Node Type": "Hash",
                      "Parent Relationship": "Inner",
                      "Parallel Aware": true,
                      "Startup Cost": 250239.75,
                      "Total Cost": 250239.75,
                      "Plan Rows": 338077,
                      "Plan Width": 8,
                      "Actual Startup Time": 981.039,
                      "Actual Total Time": 981.043,
                      "Actual Rows": 418056,
                      "Actual Loops": 4,
                      "Hash Buckets": 2097152,
                      "Original Hash Buckets": 2097152,
                      "Hash Batches": 1,
                      "Original Hash Batches": 1,
                      "Peak Memory Usage": 81888,
                      "Plans": [
                        {
                          "Node Type": "Hash Join",
                          "Parent Relationship": "Outer",
                          "Parallel Aware": true,
                          "Join Type": "Inner",
                          "Startup Cost": 49977.95,
                          "Total Cost": 250239.75,
                          "Plan Rows": 338077,
                          "Plan Width": 8,
                          "Actual Startup Time": 313.567,
                          "Actual Total Time": 851.822,
                          "Actual Rows": 418056,
                          "Actual Loops": 4,
                          "Inner Unique": true,
                          "Hash Cond": "(mi.movie_id = t.id)",
                          "Plans": [
                            {
                              "Node Type": "Seq Scan",
                              "Parent Relationship": "Outer",
                              "Parallel Aware": true,
                              "Relation Name": "movie_info",
                              "Alias": "mi",
                              "Startup Cost": 0.0,
                              "Total Cost": 199108.24,
                              "Plan Rows": 439450,
                              "Plan Width": 4,
                              "Actual Startup Time": 21.525,
                              "Actual Total Time": 390.751,
                              "Actual Rows": 558462,
                              "Actual Loops": 4,
                              "Filter": "(info_type_id > 16)",
                              "Rows Removed by Filter": 3150468
                            },
                            {
                              "Node Type": "Hash",
                              "Parent Relationship": "Inner",
                              "Parallel Aware": true,
                              "Startup Cost": 43899.32,
                              "Total Cost": 43899.32,
                              "Plan Rows": 486290,
                              "Plan Width": 4,
                              "Actual Startup Time": 288.432,
                              "Actual Total Time": 288.433,
                              "Actual Rows": 483121,
                              "Actual Loops": 4,
                              "Hash Buckets": 2097152,
                              "Original Hash Buckets": 2097152,
                              "Hash Batches": 1,
                              "Original Hash Batches": 1,
                              "Peak Memory Usage": 92064,
                              "Plans": [
                                {
                                  "Node Type": "Seq Scan",
                                  "Parent Relationship": "Outer",
                                  "Parallel Aware": true,
                                  "Relation Name": "title",
                                  "Alias": "t",
                                  "Startup Cost": 0.0,
                                  "Total Cost": 43899.32,
                                  "Plan Rows": 486290,
                                  "Plan Width": 4,
                                  "Actual Startup Time": 0.049,
                                  "Actual Total Time": 111.036,
                                  "Actual Rows": 483121,
                                  "Actual Loops": 4,
                                  "Filter": "(production_year > 1980)",
                                  "Rows Removed by Filter": 148957
                                }
                              ]
                            }
                          ]
                        }
                      ]
                    }
                  ]
                }
              ]
            }
          ]
        }
      ]
    },
    "Planning Time": 0.989,
    "Triggers": [],
    "Execution Time": 1530.596
  }
]