{
  "Plan": {
    "Node Type": "Aggregate",
    "Strategy": "Plain",
    "Partial Mode": "Finalize",
    "Parallel Aware": false,
    "Startup Cost": 585642.2,
    "Total Cost": 585642.21,
    "Plan Rows": 1,
    "Plan Width": 8,
    "Actual Startup Time": 1473.017,
    "Actual Total Time": 1505.397,
    "Actual Rows": 1,
    "Actual Loops": 1,
    "Plans": [
      {
        "Node Type": "Gather",
        "Parent Relationship": "Outer",
        "Parallel Aware": false,
        "Startup Cost": 585642.09,
        "Total Cost": 585642.2,
        "Plan Rows": 1,
        "Plan Width": 8,
        "Actual Startup Time": 1466.174,
        "Actual Total Time": 1505.389,
        "Actual Rows": 2,
        "Actual Loops": 1,
        "Workers Planned": 1,
        "Workers Launched": 1,
        "Single Copy": false,
        "Plans": [
          {
            "Node Type": "Aggregate",
            "Strategy": "Plain",
            "Partial Mode": "Partial",
            "Parent Relationship": "Outer",
            "Parallel Aware": false,
            "Startup Cost": 584642.09,
            "Total Cost": 584642.1,
            "Plan Rows": 1,
            "Plan Width": 8,
            "Actual Startup Time": 1457.68,
            "Actual Total Time": 1457.687,
            "Actual Rows": 1,
            "Actual Loops": 2,
            "Plans": [
              {
                "Node Type": "Hash Join",
                "Parent Relationship": "Outer",
                "Parallel Aware": true,
                "Join Type": "Inner",
                "Startup Cost": 314653.61,
                "Total Cost": 583411.44,
                "Plan Rows": 492260,
                "Plan Width": 0,
                "Actual Startup Time": 1119.141,
                "Actual Total Time": 1434.518,
                "Actual Rows": 528897,
                "Actual Loops": 2,
                "Inner Unique": false,
                "Hash Cond": "(ci.movie_id = t.id)",
                "Plans": [
                  {
                    "Node Type": "Bitmap Heap Scan",
                    "Parent Relationship": "Outer",
                    "Parallel Aware": true,
                    "Relation Name": "cast_info",
                    "Alias": "ci",
                    "Startup Cost": 30446.59,
                    "Total Cost": 293268.34,
                    "Plan Rows": 810780,
                    "Plan Width": 4,
                    "Actual Startup Time": 46.959,
                    "Actual Total Time": 126.179,
                    "Actual Rows": 682358,
                    "Actual Loops": 2,
                    "Recheck Cond": "(person_id > 3796920)",
                    "Rows Removed by Index Recheck": 0,
                    "Exact Heap Blocks": 9613,
                    "Lossy Heap Blocks": 0,
                    "Plans": [
                      {
                        "Node Type": "Bitmap Index Scan",
                        "Parent Relationship": "Outer",
                        "Parallel Aware": false,
                        "Index Name": "person_id_cast_info",
                        "Startup Cost": 0.0,
                        "Total Cost": 30102.01,
                        "Plan Rows": 1378326,
                        "Plan Width": 0,
                        "Actual Startup Time": 44.086,
                        "Actual Total Time": 44.087,
                        "Actual Rows": 1364715,
                        "Actual Loops": 1,
                        "Index Cond": "(person_id > 3796920)"
                      }
                    ]
                  },
                  {
                    "Node Type": "Hash",
                    "Parent Relationship": "Inner",
                    "Parallel Aware": true,
                    "Startup Cost": 272919.99,
                    "Total Cost": 272919.99,
                    "Plan Rows": 902963,
                    "Plan Width": 8,
                    "Actual Startup Time": 1057.868,
                    "Actual Total Time": 1057.872,
                    "Actual Rows": 766954,
                    "Actual Loops": 2,
                    "Hash Buckets": 2097152,
                    "Original Hash Buckets": 2097152,
                    "Hash Batches": 1,
                    "Original Hash Batches": 1,
                    "Peak Memory Usage": 76416,
                    "Plans": [
                      {
                        "Node Type": "Hash Join",
                        "Parent Relationship": "Outer",
                        "Parallel Aware": true,
                        "Join Type": "Inner",
                        "Startup Cost": 97269.67,
                        "Total Cost": 272919.99,
                        "Plan Rows": 902963,
                        "Plan Width": 8,
                        "Actual Startup Time": 564.836,
                        "Actual Total Time": 871.042,
                        "Actual Rows": 766954,
                        "Actual Loops": 2,
                        "Inner Unique": true,
                        "Hash Cond": "(mi.movie_id = t.id)",
                        "Plans": [
                          {
                            "Node Type": "Bitmap Heap Scan",
                            "Parent Relationship": "Outer",
                            "Parallel Aware": true,
                            "Relation Name": "movie_info",
                            "Alias": "mi",
                            "Startup Cost": 27808.97,
                            "Total Cost": 201089.01,
                            "Plan Rows": 902963,
                            "Plan Width": 4,
                            "Actual Startup Time": 44.669,
                            "Actual Total Time": 112.183,
                            "Actual Rows": 766954,
                            "Actual Loops": 2,
                            "Recheck Cond": "(info_type_id = 3)",
                            "Rows Removed by Index Recheck": 0,
                            "Exact Heap Blocks": 5027,
                            "Lossy Heap Blocks": 0,
                            "Plans": [
                              {
                                "Node Type": "Bitmap Index Scan",
                                "Parent Relationship": "Outer",
                                "Parallel Aware": false,
                                "Index Name": "info_type_id_movie_info",
                                "Startup Cost": 0.0,
                                "Total Cost": 27425.21,
                                "Plan Rows": 1535037,
                                "Plan Width": 0,
                                "Actual Startup Time": 43.228,
                                "Actual Total Time": 43.228,
                                "Actual Rows": 1533909,
                                "Actual Loops": 1,
                                "Index Cond": "(info_type_id = 3)"
                              }
                            ]
                          },
                          {
                            "Node Type": "Hash",
                            "Parent Relationship": "Inner",
                            "Parallel Aware": true,
                            "Startup Cost": 50870.31,
                            "Total Cost": 50870.31,
                            "Plan Rows": 1487231,
                            "Plan Width": 4,
                            "Actual Startup Time": 506.615,
                            "Actual Total Time": 506.616,
                            "Actual Rows": 1264156,
                            "Actual Loops": 2,
                            "Hash Buckets": 4194304,
                            "Original Hash Buckets": 4194304,
                            "Hash Batches": 1,
                            "Original Hash Batches": 1,
                            "Peak Memory Usage": 131712,
                            "Plans": [
                              {
                                "Node Type": "Seq Scan",
                                "Parent Relationship": "Outer",
                                "Parallel Aware": true,
                                "Relation Name": "title",
                                "Alias": "t",
                                "Startup Cost": 0.0,
                                "Total Cost": 50870.31,
                                "Plan Rows": 1487231,
                                "Plan Width": 4,
                                "Actual Startup Time": 0.028,
                                "Actual Total Time": 148.458,
                                "Actual Rows": 1264156,
                                "Actual Loops": 2
                              }
                            ]
                          }
                        ]
                      }
                    ]
                  }
                ]
              }
            ]
          }
        ]
      }
    ]
  },
  "Planning Time": 1.14,
  "Triggers": [],
  "Execution Time": 1505.518
}