[
  {
    "Plan": {
      "Node Type": "Aggregate",
      "Strategy": "Plain",
      "Partial Mode": "Finalize",
      "Parallel Aware": false,
      "Startup Cost": 33174.34,
      "Total Cost": 33174.35,
      "Plan Rows": 1,
      "Plan Width": 8,
      "Actual Startup Time": 111.381,
      "Actual Total Time": 118.823,
      "Actual Rows": 1,
      "Actual Loops": 1,
      "Plans": [
        {
          "Node Type": "Gather",
          "Parent Relationship": "Outer",
          "Parallel Aware": false,
          "Startup Cost": 33174.02,
          "Total Cost": 33174.33,
          "Plan Rows": 3,
          "Plan Width": 8,
          "Actual Startup Time": 111.262,
          "Actual Total Time": 118.809,
          "Actual Rows": 4,
          "Actual Loops": 1,
          "Workers Planned": 3,
          "Workers Launched": 3,
          "Single Copy": false,
          "Plans": [
            {
              "Node Type": "Aggregate",
              "Strategy": "Plain",
              "Partial Mode": "Partial",
              "Parent Relationship": "Outer",
              "Parallel Aware": false,
              "Startup Cost": 32174.02,
              "Total Cost": 32174.03,
              "Plan Rows": 1,
              "Plan Width": 8,
              "Actual Startup Time": 105.594,
              "Actual Total Time": 105.595,
              "Actual Rows": 1,
              "Actual Loops": 4,
              "Plans": [
                {
                  "Node Type": "Seq Scan",
                  "Parent Relationship": "Outer",
                  "Parallel Aware": true,
                  "Relation Name": "movie_companies",
                  "Alias": "mc",
                  "Startup Cost": 0.0,
                  "Total Cost": 31414.82,
                  "Plan Rows": 303681,
                  "Plan Width": 0,
                  "Actual Startup Time": 0.026,
                  "Actual Total Time": 87.663,
                  "Actual Rows": 311559,
                  "Actual Loops": 4,
                  "Filter": "((company_id < 49022) AND (company_type_id = 1))",
                  "Rows Removed by Filter": 340723
                }
              ]
            }
          ]
        }
      ]
    },
    "Planning Time": 0.201,
    "Triggers": [],
    "Execution Time": 118.877
  }
]