{
  "Plan": {
    "Node Type": "Aggregate",
    "Strategy": "Plain",
    "Partial Mode": "Finalize",
    "Parallel Aware": false,
    "Startup Cost": 83890.95,
    "Total Cost": 83890.96,
    "Plan Rows": 1,
    "Plan Width": 8,
    "Actual Startup Time": 193.884,
    "Actual Total Time": 208.881,
    "Actual Rows": 1,
    "Actual Loops": 1,
    "Plans": [
      {
        "Node Type": "Gather",
        "Parent Relationship": "Outer",
        "Parallel Aware": false,
        "Startup Cost": 83890.84,
        "Total Cost": 83890.95,
        "Plan Rows": 1,
        "Plan Width": 8,
        "Actual Startup Time": 193.607,
        "Actual Total Time": 208.874,
        "Actual Rows": 2,
        "Actual Loops": 1,
        "Workers Planned": 1,
        "Workers Launched": 1,
        "Single Copy": false,
        "Plans": [
          {
            "Node Type": "Aggregate",
            "Strategy": "Plain",
            "Partial Mode": "Partial",
            "Parent Relationship": "Outer",
            "Parallel Aware": false,
            "Startup Cost": 82890.84,
            "Total Cost": 82890.85,
            "Plan Rows": 1,
            "Plan Width": 8,
            "Actual Startup Time": 187.707,
            "Actual Total Time": 187.71,
            "Actual Rows": 1,
            "Actual Loops": 2,
            "Plans": [
              {
                "Node Type": "Hash Join",
                "Parent Relationship": "Outer",
                "Parallel Aware": true,
                "Join Type": "Inner",
                "Startup Cost": 62470.8,
                "Total Cost": 82887.97,
                "Plan Rows": 1149,
                "Plan Width": 0,
                "Actual Startup Time": 150.741,
                "Actual Total Time": 187.679,
                "Actual Rows": 213,
                "Actual Loops": 2,
                "Inner Unique": true,
                "Hash Cond": "(mc.movie_id = t.id)",
                "Plans": [
                  {
                    "Node Type": "Bitmap Heap Scan",
                    "Parent Relationship": "Outer",
                    "Parallel Aware": true,
                    "Relation Name": "movie_companies",
                    "Alias": "mc",
                    "Startup Cost": 3965.81,
                    "Total Cost": 24100.58,
                    "Plan Rows": 107581,
                    "Plan Width": 4,
                    "Actual Startup Time": 11.507,
                    "Actual Total Time": 37.362,
                    "Actual Rows": 91209,
                    "Actual Loops": 2,
                    "Recheck Cond": "(company_id < 46)",
                    "Rows Removed by Index Recheck": 0,
                    "Exact Heap Blocks": 9803,
                    "Lossy Heap Blocks": 0,
                    "Plans": [
                      {
                        "Node Type": "Bitmap Index Scan",
                        "Parent Relationship": "Outer",
                        "Parallel Aware": false,
                        "Index Name": "company_id_movie_companies",
                        "Startup Cost": 0.0,
                        "Total Cost": 3920.09,
                        "Plan Rows": 182888,
                        "Plan Width": 0,
                        "Actual Startup Time": 9.424,
                        "Actual Total Time": 9.424,
                        "Actual Rows": 182418,
                        "Actual Loops": 1,
                        "Index Cond": "(company_id < 46)"
                      }
                    ]
                  },
                  {
                    "Node Type": "Hash",
                    "Parent Relationship": "Inner",
                    "Parallel Aware": true,
                    "Startup Cost": 58306.47,
                    "Total Cost": 58306.47,
                    "Plan Rows": 15882,
                    "Plan Width": 4,
                    "Actual Startup Time": 137.925,
                    "Actual Total Time": 137.925,
                    "Actual Rows": 13542,
                    "Actual Loops": 2,
                    "Hash Buckets": 32768,
                    "Original Hash Buckets": 32768,
                    "Hash Batches": 1,
                    "Original Hash Batches": 1,
                    "Peak Memory Usage": 1344,
                    "Plans": [
                      {
                        "Node Type": "Seq Scan",
                        "Parent Relationship": "Outer",
                        "Parallel Aware": true,
                        "Relation Name": "title",
                        "Alias": "t",
                        "Startup Cost": 0.0,
                        "Total Cost": 58306.47,
                        "Plan Rows": 15882,
                        "Plan Width": 4,
                        "Actual Startup Time": 0.658,
                        "Actual Total Time": 134.421,
                        "Actual Rows": 13542,
                        "Actual Loops": 2,
                        "Filter": "((kind_id < 7) AND (production_year > 2012))",
                        "Rows Removed by Filter": 1250614
                      }
                    ]
                  }
                ]
              }
            ]
          }
        ]
      }
    ]
  },
  "Planning Time": 0.546,
  "Triggers": [],
  "Execution Time": 208.968
}