{
  "Plan": {
    "Node Type": "Aggregate",
    "Strategy": "Plain",
    "Partial Mode": "Finalize",
    "Parallel Aware": false,
    "Startup Cost": 237220.25,
    "Total Cost": 237220.26,
    "Plan Rows": 1,
    "Plan Width": 8,
    "Actual Startup Time": 1209.336,
    "Actual Total Time": 1227.62,
    "Actual Rows": 1,
    "Actual Loops": 1,
    "Plans": [
      {
        "Node Type": "Gather",
        "Parent Relationship": "Outer",
        "Parallel Aware": false,
        "Startup Cost": 237220.13,
        "Total Cost": 237220.24,
        "Plan Rows": 1,
        "Plan Width": 8,
        "Actual Startup Time": 1205.127,
        "Actual Total Time": 1227.613,
        "Actual Rows": 2,
        "Actual Loops": 1,
        "Workers Planned": 1,
        "Workers Launched": 1,
        "Single Copy": false,
        "Plans": [
          {
            "Node Type": "Aggregate",
            "Strategy": "Plain",
            "Partial Mode": "Partial",
            "Parent Relationship": "Outer",
            "Parallel Aware": false,
            "Startup Cost": 236220.13,
            "Total Cost": 236220.14,
            "Plan Rows": 1,
            "Plan Width": 8,
            "Actual Startup Time": 1199.165,
            "Actual Total Time": 1199.168,
            "Actual Rows": 1,
            "Actual Loops": 2,
            "Plans": [
              {
                "Node Type": "Merge Join",
                "Parent Relationship": "Outer",
                "Parallel Aware": false,
                "Join Type": "Inner",
                "Startup Cost": 124784.71,
                "Total Cost": 235743.19,
                "Plan Rows": 190778,
                "Plan Width": 0,
                "Actual Startup Time": 334.349,
                "Actual Total Time": 1192.029,
                "Actual Rows": 156092,
                "Actual Loops": 2,
                "Inner Unique": false,
                "Merge Cond": "(t.id = mc.movie_id)",
                "Plans": [
                  {
                    "Node Type": "Index Scan",
                    "Parent Relationship": "Outer",
                    "Parallel Aware": true,
                    "Scan Direction": "Forward",
                    "Index Name": "title_pkey",
                    "Relation Name": "title",
                    "Alias": "t",
                    "Startup Cost": 0.43,
                    "Total Cost": 103647.43,
                    "Plan Rows": 601746,
                    "Plan Width": 4,
                    "Actual Startup Time": 0.366,
                    "Actual Total Time": 733.584,
                    "Actual Rows": 506322,
                    "Actual Loops": 2,
                    "Filter": "(production_year > 2005)",
                    "Rows Removed by Filter": 756607
                  },
                  {
                    "Node Type": "Sort",
                    "Parent Relationship": "Inner",
                    "Parallel Aware": false,
                    "Startup Cost": 124782.18,
                    "Total Cost": 126786.11,
                    "Plan Rows": 801571,
                    "Plan Width": 4,
                    "Actual Startup Time": 333.972,
                    "Actual Total Time": 373.329,
                    "Actual Rows": 816286,
                    "Actual Loops": 2,
                    "Sort Key": [
                      "mc.movie_id"
                    ],
                    "Sort Method": "quicksort",
                    "Sort Space Used": 62840,
                    "Sort Space Type": "Memory",
                    "Workers": [
                      {
                        "Worker Number": 0,
                        "Sort Method": "quicksort",
                        "Sort Space Used": 62840,
                        "Sort Space Type": "Memory"
                      }
                    ],
                    "Plans": [
                      {
                        "Node Type": "Bitmap Heap Scan",
                        "Parent Relationship": "Outer",
                        "Parallel Aware": false,
                        "Relation Name": "movie_companies",
                        "Alias": "mc",
                        "Startup Cost": 17368.61,
                        "Total Cost": 46178.24,
                        "Plan Rows": 801571,
                        "Plan Width": 4,
                        "Actual Startup Time": 58.903,
                        "Actual Total Time": 170.379,
                        "Actual Rows": 816286,
                        "Actual Loops": 2,
                        "Recheck Cond": "(company_id > 28530)",
                        "Rows Removed by Index Recheck": 0,
                        "Exact Heap Blocks": 14009,
                        "Lossy Heap Blocks": 0,
                        "Plans": [
                          {
                            "Node Type": "Bitmap Index Scan",
                            "Parent Relationship": "Outer",
                            "Parallel Aware": false,
                            "Index Name": "company_id_movie_companies",
                            "Startup Cost": 0.0,
                            "Total Cost": 17168.21,
                            "Plan Rows": 801571,
                            "Plan Width": 0,
                            "Actual Startup Time": 57.146,
                            "Actual Total Time": 57.146,
                            "Actual Rows": 816286,
                            "Actual Loops": 2,
                            "Index Cond": "(company_id > 28530)"
                          }
                        ]
                      }
                    ]
                  }
                ]
              }
            ]
          }
        ]
      }
    ]
  },
  "Planning Time": 0.693,
  "Triggers": [],
  "Execution Time": 1234.26
}