{
  "Plan": {
    "Node Type": "Aggregate",
    "Strategy": "Plain",
    "Partial Mode": "Finalize",
    "Parallel Aware": false,
    "Startup Cost": 146808.07,
    "Total Cost": 146808.08,
    "Plan Rows": 1,
    "Plan Width": 8,
    "Actual Startup Time": 557.41,
    "Actual Total Time": 576.464,
    "Actual Rows": 1,
    "Actual Loops": 1,
    "Plans": [
      {
        "Node Type": "Gather",
        "Parent Relationship": "Outer",
        "Parallel Aware": false,
        "Startup Cost": 146807.96,
        "Total Cost": 146808.07,
        "Plan Rows": 1,
        "Plan Width": 8,
        "Actual Startup Time": 557.124,
        "Actual Total Time": 576.458,
        "Actual Rows": 2,
        "Actual Loops": 1,
        "Workers Planned": 1,
        "Workers Launched": 1,
        "Single Copy": false,
        "Plans": [
          {
            "Node Type": "Aggregate",
            "Strategy": "Plain",
            "Partial Mode": "Partial",
            "Parent Relationship": "Outer",
            "Parallel Aware": false,
            "Startup Cost": 145807.96,
            "Total Cost": 145807.97,
            "Plan Rows": 1,
            "Plan Width": 8,
            "Actual Startup Time": 551.376,
            "Actual Total Time": 551.382,
            "Actual Rows": 1,
            "Actual Loops": 2,
            "Plans": [
              {
                "Node Type": "Hash Join",
                "Parent Relationship": "Outer",
                "Parallel Aware": true,
                "Join Type": "Inner",
                "Startup Cost": 77784.72,
                "Total Cost": 145647.85,
                "Plan Rows": 64044,
                "Plan Width": 0,
                "Actual Startup Time": 239.618,
                "Actual Total Time": 551.208,
                "Actual Rows": 3999,
                "Actual Loops": 2,
                "Inner Unique": false,
                "Hash Cond": "(mk.movie_id = t.id)",
                "Plans": [
                  {
                    "Node Type": "Seq Scan",
                    "Parent Relationship": "Outer",
                    "Parallel Aware": true,
                    "Relation Name": "movie_keyword",
                    "Alias": "mk",
                    "Startup Cost": 0.0,
                    "Total Cost": 57718.19,
                    "Plan Rows": 2604855,
                    "Plan Width": 4,
                    "Actual Startup Time": 0.009,
                    "Actual Total Time": 196.885,
                    "Actual Rows": 2215032,
                    "Actual Loops": 2,
                    "Filter": "(keyword_id < 83975)",
                    "Rows Removed by Filter": 46934
                  },
                  {
                    "Node Type": "Hash",
                    "Parent Relationship": "Inner",
                    "Parallel Aware": true,
                    "Startup Cost": 77327.64,
                    "Total Cost": 77327.64,
                    "Plan Rows": 36566,
                    "Plan Width": 8,
                    "Actual Startup Time": 235.425,
                    "Actual Total Time": 235.429,
                    "Actual Rows": 1564,
                    "Actual Loops": 2,
                    "Hash Buckets": 65536,
                    "Original Hash Buckets": 65536,
                    "Hash Batches": 1,
                    "Original Hash Batches": 1,
                    "Peak Memory Usage": 672,
                    "Plans": [
                      {
                        "Node Type": "Hash Join",
                        "Parent Relationship": "Outer",
                        "Parallel Aware": true,
                        "Join Type": "Inner",
                        "Startup Cost": 59143.86,
                        "Total Cost": 77327.64,
                        "Plan Rows": 36566,
                        "Plan Width": 8,
                        "Actual Startup Time": 140.687,
                        "Actual Total Time": 235.03,
                        "Actual Rows": 1564,
                        "Actual Loops": 2,
                        "Inner Unique": true,
                        "Hash Cond": "(mi_idx.movie_id = t.id)",
                        "Plans": [
                          {
                            "Node Type": "Seq Scan",
                            "Parent Relationship": "Outer",
                            "Parallel Aware": true,
                            "Relation Name": "movie_info_idx",
                            "Alias": "mi_idx",
                            "Startup Cost": 0.0,
                            "Total Cost": 16052.85,
                            "Plan Rows": 811785,
                            "Plan Width": 4,
                            "Actual Startup Time": 0.02,
                            "Actual Total Time": 47.237,
                            "Actual Rows": 690018,
                            "Actual Loops": 2
                          },
                          {
                            "Node Type": "Hash",
                            "Parent Relationship": "Inner",
                            "Parallel Aware": true,
                            "Startup Cost": 58306.47,
                            "Total Cost": 58306.47,
                            "Plan Rows": 66991,
                            "Plan Width": 4,
                            "Actual Startup Time": 138.356,
                            "Actual Total Time": 138.357,
                            "Actual Rows": 8958,
                            "Actual Loops": 2,
                            "Hash Buckets": 131072,
                            "Original Hash Buckets": 131072,
                            "Hash Batches": 1,
                            "Original Hash Batches": 1,
                            "Peak Memory Usage": 1760,
                            "Plans": [
                              {
                                "Node Type": "Seq Scan",
                                "Parent Relationship": "Outer",
                                "Parallel Aware": true,
                                "Relation Name": "title",
                                "Alias": "t",
                                "Startup Cost": 0.0,
                                "Total Cost": 58306.47,
                                "Plan Rows": 66991,
                                "Plan Width": 4,
                                "Actual Startup Time": 0.086,
                                "Actual Total Time": 134.573,
                                "Actual Rows": 8958,
                                "Actual Loops": 2,
                                "Filter": "((production_year < 1955) AND (kind_id = 7))",
                                "Rows Removed by Filter": 1255198
                              }
                            ]
                          }
                        ]
                      }
                    ]
                  }
                ]
              }
            ]
          }
        ]
      }
    ]
  },
  "Planning Time": 0.93,
  "Triggers": [],
  "Execution Time": 576.546
}