{
  "Plan": {
    "Node Type": "Aggregate",
    "Strategy": "Plain",
    "Partial Mode": "Finalize",
    "Parallel Aware": false,
    "Startup Cost": 106805.61,
    "Total Cost": 106805.62,
    "Plan Rows": 1,
    "Plan Width": 8,
    "Actual Startup Time": 571.423,
    "Actual Total Time": 587.432,
    "Actual Rows": 1,
    "Actual Loops": 1,
    "Plans": [
      {
        "Node Type": "Gather",
        "Parent Relationship": "Outer",
        "Parallel Aware": false,
        "Startup Cost": 106805.5,
        "Total Cost": 106805.61,
        "Plan Rows": 1,
        "Plan Width": 8,
        "Actual Startup Time": 569.907,
        "Actual Total Time": 587.423,
        "Actual Rows": 2,
        "Actual Loops": 1,
        "Workers Planned": 1,
        "Workers Launched": 1,
        "Single Copy": false,
        "Plans": [
          {
            "Node Type": "Aggregate",
            "Strategy": "Plain",
            "Partial Mode": "Partial",
            "Parent Relationship": "Outer",
            "Parallel Aware": false,
            "Startup Cost": 105805.5,
            "Total Cost": 105805.51,
            "Plan Rows": 1,
            "Plan Width": 8,
            "Actual Startup Time": 565.039,
            "Actual Total Time": 565.042,
            "Actual Rows": 1,
            "Actual Loops": 2,
            "Plans": [
              {
                "Node Type": "Hash Join",
                "Parent Relationship": "Outer",
                "Parallel Aware": true,
                "Join Type": "Inner",
                "Startup Cost": 63219.74,
                "Total Cost": 104878.28,
                "Plan Rows": 370888,
                "Plan Width": 0,
                "Actual Startup Time": 229.29,
                "Actual Total Time": 546.005,
                "Actual Rows": 501502,
                "Actual Loops": 2,
                "Inner Unique": true,
                "Hash Cond": "(mc.movie_id = t.id)",
                "Plans": [
                  {
                    "Node Type": "Seq Scan",
                    "Parent Relationship": "Outer",
                    "Parallel Aware": true,
                    "Relation Name": "movie_companies",
                    "Alias": "mc",
                    "Startup Cost": 0.0,
                    "Total Cost": 37974.77,
                    "Plan Rows": 1403334,
                    "Plan Width": 4,
                    "Actual Startup Time": 0.034,
                    "Actual Total Time": 123.02,
                    "Actual Rows": 1192623,
                    "Actual Loops": 2,
                    "Filter": "(company_id > 81)",
                    "Rows Removed by Filter": 111942
                  },
                  {
                    "Node Type": "Hash",
                    "Parent Relationship": "Inner",
                    "Parallel Aware": true,
                    "Startup Cost": 58306.47,
                    "Total Cost": 58306.47,
                    "Plan Rows": 393062,
                    "Plan Width": 4,
                    "Actual Startup Time": 220.176,
                    "Actual Total Time": 220.177,
                    "Actual Rows": 283044,
                    "Actual Loops": 2,
                    "Hash Buckets": 1048576,
                    "Original Hash Buckets": 1048576,
                    "Hash Batches": 1,
                    "Original Hash Batches": 1,
                    "Peak Memory Usage": 30368,
                    "Plans": [
                      {
                        "Node Type": "Seq Scan",
                        "Parent Relationship": "Outer",
                        "Parallel Aware": true,
                        "Relation Name": "title",
                        "Alias": "t",
                        "Startup Cost": 0.0,
                        "Total Cost": 58306.47,
                        "Plan Rows": 393062,
                        "Plan Width": 4,
                        "Actual Startup Time": 0.057,
                        "Actual Total Time": 152.573,
                        "Actual Rows": 283044,
                        "Actual Loops": 2,
                        "Filter": "((kind_id < 7) AND (production_year > 1992))",
                        "Rows Removed by Filter": 981112
                      }
                    ]
                  }
                ]
              }
            ]
          }
        ]
      }
    ]
  },
  "Planning Time": 0.64,
  "Triggers": [],
  "Execution Time": 587.504
}