[
  {
    "Plan": {
      "Node Type": "Aggregate",
      "Strategy": "Plain",
      "Partial Mode": "Finalize",
      "Parallel Aware": false,
      "Startup Cost": 153313.73,
      "Total Cost": 153313.74,
      "Plan Rows": 1,
      "Plan Width": 8,
      "Actual Startup Time": 352.13,
      "Actual Total Time": 374.108,
      "Actual Rows": 1,
      "Actual Loops": 1,
      "Plans": [
        {
          "Node Type": "Gather",
          "Parent Relationship": "Outer",
          "Parallel Aware": false,
          "Startup Cost": 153313.21,
          "Total Cost": 153313.72,
          "Plan Rows": 5,
          "Plan Width": 8,
          "Actual Startup Time": 350.744,
          "Actual Total Time": 374.091,
          "Actual Rows": 6,
          "Actual Loops": 1,
          "Workers Planned": 5,
          "Workers Launched": 5,
          "Single Copy": false,
          "Plans": [
            {
              "Node Type": "Aggregate",
              "Strategy": "Plain",
              "Partial Mode": "Partial",
              "Parent Relationship": "Outer",
              "Parallel Aware": false,
              "Startup Cost": 152313.21,
              "Total Cost": 152313.22,
              "Plan Rows": 1,
              "Plan Width": 8,
              "Actual Startup Time": 339.734,
              "Actual Total Time": 339.737,
              "Actual Rows": 1,
              "Actual Loops": 6,
              "Plans": [
                {
                  "Node Type": "Hash Join",
                  "Parent Relationship": "Outer",
                  "Parallel Aware": true,
                  "Join Type": "Inner",
                  "Startup Cost": 44616.56,
                  "Total Cost": 152270.44,
                  "Plan Rows": 17108,
                  "Plan Width": 0,
                  "Actual Startup Time": 164.576,
                  "Actual Total Time": 337.532,
                  "Actual Rows": 32488,
                  "Actual Loops": 6,
                  "Inner Unique": true,
                  "Hash Cond": "(ci.movie_id = t.id)",
                  "Plans": [
                    {
                      "Node Type": "Index Scan",
                      "Parent Relationship": "Outer",
                      "Parallel Aware": true,
                      "Scan Direction": "Forward",
                      "Index Name": "role_id_cast_info",
                      "Relation Name": "cast_info",
                      "Alias": "ci",
                      "Startup Cost": 0.56,
                      "Total Cost": 107159.34,
                      "Plan Rows": 188612,
                      "Plan Width": 4,
                      "Actual Startup Time": 54.854,
                      "Actual Total Time": 164.084,
                      "Actual Rows": 251361,
                      "Actual Loops": 6,
                      "Index Cond": "(role_id = 3)",
                      "Rows Removed by Index Recheck": 0,
                      "Filter": "(person_id > 2828647)",
                      "Rows Removed by Filter": 416645
                    },
                    {
                      "Node Type": "Hash",
                      "Parent Relationship": "Inner",
                      "Parallel Aware": true,
                      "Startup Cost": 43899.32,
                      "Total Cost": 43899.32,
                      "Plan Rows": 57334,
                      "Plan Width": 4,
                      "Actual Startup Time": 107.709,
                      "Actual Total Time": 107.71,
                      "Actual Rows": 38608,
                      "Actual Loops": 6,
                      "Hash Buckets": 262144,
                      "Original Hash Buckets": 262144,
                      "Hash Batches": 1,
                      "Original Hash Batches": 1,
                      "Peak Memory Usage": 11200,
                      "Plans": [
                        {
                          "Node Type": "Seq Scan",
                          "Parent Relationship": "Outer",
                          "Parallel Aware": true,
                          "Relation Name": "title",
                          "Alias": "t",
                          "Startup Cost": 0.0,
                          "Total Cost": 43899.32,
                          "Plan Rows": 57334,
                          "Plan Width": 4,
                          "Actual Startup Time": 0.052,
                          "Actual Total Time": 89.435,
                          "Actual Rows": 38608,
                          "Actual Loops": 6,
                          "Filter": "(production_year > 2011)",
                          "Rows Removed by Filter": 382777
                        }
                      ]
                    }
                  ]
                }
              ]
            }
          ]
        }
      ]
    },
    "Planning Time": 0.605,
    "Triggers": [],
    "Execution Time": 374.192
  }
]