{
  "Plan": {
    "Node Type": "Aggregate",
    "Strategy": "Plain",
    "Partial Mode": "Finalize",
    "Parallel Aware": false,
    "Startup Cost": 511954.35,
    "Total Cost": 511954.36,
    "Plan Rows": 1,
    "Plan Width": 8,
    "Actual Startup Time": 1995.662,
    "Actual Total Time": 2037.765,
    "Actual Rows": 1,
    "Actual Loops": 1,
    "Plans": [
      {
        "Node Type": "Gather",
        "Parent Relationship": "Outer",
        "Parallel Aware": false,
        "Startup Cost": 511954.24,
        "Total Cost": 511954.35,
        "Plan Rows": 1,
        "Plan Width": 8,
        "Actual Startup Time": 1994.868,
        "Actual Total Time": 2037.755,
        "Actual Rows": 2,
        "Actual Loops": 1,
        "Workers Planned": 1,
        "Workers Launched": 1,
        "Single Copy": false,
        "Plans": [
          {
            "Node Type": "Aggregate",
            "Strategy": "Plain",
            "Partial Mode": "Partial",
            "Parent Relationship": "Outer",
            "Parallel Aware": false,
            "Startup Cost": 510954.24,
            "Total Cost": 510954.25,
            "Plan Rows": 1,
            "Plan Width": 8,
            "Actual Startup Time": 1988.998,
            "Actual Total Time": 1989.006,
            "Actual Rows": 1,
            "Actual Loops": 2,
            "Plans": [
              {
                "Node Type": "Hash Join",
                "Parent Relationship": "Outer",
                "Parallel Aware": true,
                "Join Type": "Inner",
                "Startup Cost": 98448.24,
                "Total Cost": 510251.71,
                "Plan Rows": 281011,
                "Plan Width": 0,
                "Actual Startup Time": 353.794,
                "Actual Total Time": 1975.959,
                "Actual Rows": 286764,
                "Actual Loops": 2,
                "Inner Unique": false,
                "Hash Cond": "(ci.movie_id = t.id)",
                "Plans": [
                  {
                    "Node Type": "Index Scan",
                    "Parent Relationship": "Outer",
                    "Parallel Aware": true,
                    "Scan Direction": "Forward",
                    "Index Name": "role_id_cast_info",
                    "Relation Name": "cast_info",
                    "Alias": "ci",
                    "Startup Cost": 0.56,
                    "Total Cost": 382631.05,
                    "Plan Rows": 7338659,
                    "Plan Width": 4,
                    "Actual Startup Time": 0.048,
                    "Actual Total Time": 861.942,
                    "Actual Rows": 6335344,
                    "Actual Loops": 2,
                    "Index Cond": "(role_id = 1)",
                    "Rows Removed by Index Recheck": 0
                  },
                  {
                    "Node Type": "Hash",
                    "Parent Relationship": "Inner",
                    "Parallel Aware": true,
                    "Startup Cost": 97735.81,
                    "Total Cost": 97735.81,
                    "Plan Rows": 56949,
                    "Plan Width": 8,
                    "Actual Startup Time": 351.36,
                    "Actual Total Time": 351.366,
                    "Actual Rows": 38697,
                    "Actual Loops": 2,
                    "Hash Buckets": 131072,
                    "Original Hash Buckets": 131072,
                    "Hash Batches": 1,
                    "Original Hash Batches": 1,
                    "Peak Memory Usage": 4064,
                    "Plans": [
                      {
                        "Node Type": "Hash Join",
                        "Parent Relationship": "Outer",
                        "Parallel Aware": true,
                        "Join Type": "Inner",
                        "Startup Cost": 35470.71,
                        "Total Cost": 97735.81,
                        "Plan Rows": 56949,
                        "Plan Width": 8,
                        "Actual Startup Time": 118.34,
                        "Actual Total Time": 338.557,
                        "Actual Rows": 38697,
                        "Actual Loops": 2,
                        "Inner Unique": false,
                        "Hash Cond": "(t.id = mc.movie_id)",
                        "Plans": [
                          {
                            "Node Type": "Seq Scan",
                            "Parent Relationship": "Outer",
                            "Parallel Aware": true,
                            "Relation Name": "title",
                            "Alias": "t",
                            "Startup Cost": 0.0,
                            "Total Cost": 58306.47,
                            "Plan Rows": 579781,
                            "Plan Width": 4,
                            "Actual Startup Time": 0.011,
                            "Actual Total Time": 149.125,
                            "Actual Rows": 461860,
                            "Actual Loops": 2,
                            "Filter": "((kind_id > 1) AND (production_year < 2005))",
                            "Rows Removed by Filter": 802296
                          },
                          {
                            "Node Type": "Hash",
                            "Parent Relationship": "Inner",
                            "Parallel Aware": true,
                            "Startup Cost": 33644.66,
                            "Total Cost": 33644.66,
                            "Plan Rows": 146084,
                            "Plan Width": 4,
                            "Actual Startup Time": 116.075,
                            "Actual Total Time": 116.077,
                            "Actual Rows": 65866,
                            "Actual Loops": 2,
                            "Hash Buckets": 262144,
                            "Original Hash Buckets": 262144,
                            "Hash Batches": 1,
                            "Original Hash Batches": 1,
                            "Peak Memory Usage": 7232,
                            "Plans": [
                              {
                                "Node Type": "Bitmap Heap Scan",
                                "Parent Relationship": "Outer",
                                "Parallel Aware": true,
                                "Relation Name": "movie_companies",
                                "Alias": "mc",
                                "Startup Cost": 10538.91,
                                "Total Cost": 33644.66,
                                "Plan Rows": 146084,
                                "Plan Width": 4,
                                "Actual Startup Time": 78.516,
                                "Actual Total Time": 100.354,
                                "Actual Rows": 65866,
                                "Actual Loops": 2,
                                "Recheck Cond": "(company_id < 428)",
                                "Rows Removed by Index Recheck": 0,
                                "Filter": "(company_type_id > 1)",
                                "Rows Removed by Filter": 178400,
                                "Exact Heap Blocks": 13726,
                                "Lossy Heap Blocks": 0,
                                "Plans": [
                                  {
                                    "Node Type": "Bitmap Index Scan",
                                    "Parent Relationship": "Outer",
                                    "Parallel Aware": false,
                                    "Index Name": "company_id_movie_companies",
                                    "Startup Cost": 0.0,
                                    "Total Cost": 10476.82,
                                    "Plan Rows": 489119,
                                    "Plan Width": 0,
                                    "Actual Startup Time": 34.343,
                                    "Actual Total Time": 34.343,
                                    "Actual Rows": 488533,
                                    "Actual Loops": 1,
                                    "Index Cond": "(company_id < 428)"
                                  }
                                ]
                              }
                            ]
                          }
                        ]
                      }
                    ]
                  }
                ]
              }
            ]
          }
        ]
      }
    ]
  },
  "Planning Time": 1.165,
  "Triggers": [],
  "Execution Time": 2037.886
}