[
  {
    "Plan": {
      "Node Type": "Aggregate",
      "Strategy": "Plain",
      "Partial Mode": "Finalize",
      "Parallel Aware": false,
      "Startup Cost": 46488.61,
      "Total Cost": 46488.62,
      "Plan Rows": 1,
      "Plan Width": 8,
      "Actual Startup Time": 162.285,
      "Actual Total Time": 171.86,
      "Actual Rows": 1,
      "Actual Loops": 1,
      "Plans": [
        {
          "Node Type": "Gather",
          "Parent Relationship": "Outer",
          "Parallel Aware": false,
          "Startup Cost": 46488.29,
          "Total Cost": 46488.6,
          "Plan Rows": 3,
          "Plan Width": 8,
          "Actual Startup Time": 162.167,
          "Actual Total Time": 171.852,
          "Actual Rows": 4,
          "Actual Loops": 1,
          "Workers Planned": 3,
          "Workers Launched": 3,
          "Single Copy": false,
          "Plans": [
            {
              "Node Type": "Aggregate",
              "Strategy": "Plain",
              "Partial Mode": "Partial",
              "Parent Relationship": "Outer",
              "Parallel Aware": false,
              "Startup Cost": 45488.29,
              "Total Cost": 45488.3,
              "Plan Rows": 1,
              "Plan Width": 8,
              "Actual Startup Time": 157.217,
              "Actual Total Time": 157.219,
              "Actual Rows": 1,
              "Actual Loops": 4,
              "Plans": [
                {
                  "Node Type": "Seq Scan",
                  "Parent Relationship": "Outer",
                  "Parallel Aware": true,
                  "Relation Name": "movie_keyword",
                  "Alias": "mk",
                  "Startup Cost": 0.0,
                  "Total Cost": 42695.65,
                  "Plan Rows": 1117054,
                  "Plan Width": 0,
                  "Actual Startup Time": 0.034,
                  "Actual Total Time": 118.727,
                  "Actual Rows": 866362,
                  "Actual Loops": 4,
                  "Filter": "(keyword_id < 16680)",
                  "Rows Removed by Filter": 264620
                }
              ]
            }
          ]
        }
      ]
    },
    "Planning Time": 0.078,
    "Triggers": [],
    "Execution Time": 171.887
  }
]