{
  "Plan": {
    "Node Type": "Aggregate",
    "Strategy": "Plain",
    "Partial Mode": "Finalize",
    "Parallel Aware": false,
    "Startup Cost": 106999.06,
    "Total Cost": 106999.07,
    "Plan Rows": 1,
    "Plan Width": 8,
    "Actual Startup Time": 687.765,
    "Actual Total Time": 705.857,
    "Actual Rows": 1,
    "Actual Loops": 1,
    "Plans": [
      {
        "Node Type": "Gather",
        "Parent Relationship": "Outer",
        "Parallel Aware": false,
        "Startup Cost": 106998.94,
        "Total Cost": 106999.05,
        "Plan Rows": 1,
        "Plan Width": 8,
        "Actual Startup Time": 683.871,
        "Actual Total Time": 705.849,
        "Actual Rows": 2,
        "Actual Loops": 1,
        "Workers Planned": 1,
        "Workers Launched": 1,
        "Single Copy": false,
        "Plans": [
          {
            "Node Type": "Aggregate",
            "Strategy": "Plain",
            "Partial Mode": "Partial",
            "Parent Relationship": "Outer",
            "Parallel Aware": false,
            "Startup Cost": 105998.94,
            "Total Cost": 105998.95,
            "Plan Rows": 1,
            "Plan Width": 8,
            "Actual Startup Time": 670.645,
            "Actual Total Time": 670.648,
            "Actual Rows": 1,
            "Actual Loops": 2,
            "Plans": [
              {
                "Node Type": "Hash Join",
                "Parent Relationship": "Outer",
                "Parallel Aware": true,
                "Join Type": "Inner",
                "Startup Cost": 77578.28,
                "Total Cost": 105436.3,
                "Plan Rows": 225059,
                "Plan Width": 0,
                "Actual Startup Time": 549.772,
                "Actual Total Time": 662.229,
                "Actual Rows": 184834,
                "Actual Loops": 2,
                "Inner Unique": true,
                "Hash Cond": "(mk.movie_id = t.id)",
                "Plans": [
                  {
                    "Node Type": "Bitmap Heap Scan",
                    "Parent Relationship": "Outer",
                    "Parallel Aware": true,
                    "Relation Name": "movie_keyword",
                    "Alias": "mk",
                    "Startup Cost": 8117.58,
                    "Total Cost": 35384.82,
                    "Plan Rows": 225059,
                    "Plan Width": 4,
                    "Actual Startup Time": 24.312,
                    "Actual Total Time": 86.563,
                    "Actual Rows": 184834,
                    "Actual Loops": 2,
                    "Recheck Cond": "(keyword_id > 45712)",
                    "Rows Removed by Index Recheck": 0,
                    "Exact Heap Blocks": 12516,
                    "Lossy Heap Blocks": 0,
                    "Plans": [
                      {
                        "Node Type": "Bitmap Index Scan",
                        "Parent Relationship": "Outer",
                        "Parallel Aware": false,
                        "Index Name": "keyword_id_movie_keyword",
                        "Startup Cost": 0.0,
                        "Total Cost": 8021.93,
                        "Plan Rows": 382600,
                        "Plan Width": 0,
                        "Actual Startup Time": 20.948,
                        "Actual Total Time": 20.949,
                        "Actual Rows": 369669,
                        "Actual Loops": 1,
                        "Index Cond": "(keyword_id > 45712)"
                      }
                    ]
                  },
                  {
                    "Node Type": "Hash",
                    "Parent Relationship": "Inner",
                    "Parallel Aware": true,
                    "Startup Cost": 50870.31,
                    "Total Cost": 50870.31,
                    "Plan Rows": 1487231,
                    "Plan Width": 4,
                    "Actual Startup Time": 503.612,
                    "Actual Total Time": 503.613,
                    "Actual Rows": 1264156,
                    "Actual Loops": 2,
                    "Hash Buckets": 4194304,
                    "Original Hash Buckets": 4194304,
                    "Hash Batches": 1,
                    "Original Hash Batches": 1,
                    "Peak Memory Usage": 131712,
                    "Plans": [
                      {
                        "Node Type": "Seq Scan",
                        "Parent Relationship": "Outer",
                        "Parallel Aware": true,
                        "Relation Name": "title",
                        "Alias": "t",
                        "Startup Cost": 0.0,
                        "Total Cost": 50870.31,
                        "Plan Rows": 1487231,
                        "Plan Width": 4,
                        "Actual Startup Time": 0.024,
                        "Actual Total Time": 154.283,
                        "Actual Rows": 1264156,
                        "Actual Loops": 2
                      }
                    ]
                  }
                ]
              }
            ]
          }
        ]
      }
    ]
  },
  "Planning Time": 0.666,
  "Triggers": [],
  "Execution Time": 705.945
}