[
  {
    "Plan": {
      "Node Type": "Aggregate",
      "Strategy": "Plain",
      "Partial Mode": "Finalize",
      "Parallel Aware": false,
      "Startup Cost": 300538.4,
      "Total Cost": 300538.41,
      "Plan Rows": 1,
      "Plan Width": 8,
      "Actual Startup Time": 2480.826,
      "Actual Total Time": 2520.892,
      "Actual Rows": 1,
      "Actual Loops": 1,
      "Plans": [
        {
          "Node Type": "Gather",
          "Parent Relationship": "Outer",
          "Parallel Aware": false,
          "Startup Cost": 300537.88,
          "Total Cost": 300538.39,
          "Plan Rows": 5,
          "Plan Width": 8,
          "Actual Startup Time": 2473.836,
          "Actual Total Time": 2520.88,
          "Actual Rows": 6,
          "Actual Loops": 1,
          "Workers Planned": 5,
          "Workers Launched": 5,
          "Single Copy": false,
          "Plans": [
            {
              "Node Type": "Aggregate",
              "Strategy": "Plain",
              "Partial Mode": "Partial",
              "Parent Relationship": "Outer",
              "Parallel Aware": false,
              "Startup Cost": 299537.88,
              "Total Cost": 299537.89,
              "Plan Rows": 1,
              "Plan Width": 8,
              "Actual Startup Time": 2463.711,
              "Actual Total Time": 2463.815,
              "Actual Rows": 1,
              "Actual Loops": 6,
              "Plans": [
                {
                  "Node Type": "Hash Join",
                  "Parent Relationship": "Outer",
                  "Parallel Aware": true,
                  "Join Type": "Inner",
                  "Startup Cost": 93705.52,
                  "Total Cost": 298222.52,
                  "Plan Rows": 526143,
                  "Plan Width": 0,
                  "Actual Startup Time": 353.722,
                  "Actual Total Time": 1912.66,
                  "Actual Rows": 12080694,
                  "Actual Loops": 6,
                  "Inner Unique": false,
                  "Hash Cond": "(mi.movie_id = t.id)",
                  "Plans": [
                    {
                      "Node Type": "Seq Scan",
                      "Parent Relationship": "Outer",
                      "Parallel Aware": true,
                      "Relation Name": "movie_info",
                      "Alias": "mi",
                      "Startup Cost": 0.0,
                      "Total Cost": 191685.19,
                      "Plan Rows": 2969219,
                      "Plan Width": 4,
                      "Actual Startup Time": 0.034,
                      "Actual Total Time": 299.463,
                      "Actual Rows": 2472620,
                      "Actual Loops": 6
                    },
                    {
                      "Node Type": "Hash",
                      "Parent Relationship": "Inner",
                      "Parallel Aware": true,
                      "Startup Cost": 91898.94,
                      "Total Cost": 91898.94,
                      "Plan Rows": 144527,
                      "Plan Width": 8,
                      "Actual Startup Time": 339.194,
                      "Actual Total Time": 339.296,
                      "Actual Rows": 124699,
                      "Actual Loops": 6,
                      "Hash Buckets": 1048576,
                      "Original Hash Buckets": 524288,
                      "Hash Batches": 1,
                      "Original Hash Batches": 1,
                      "Peak Memory Usage": 41664,
                      "Plans": [
                        {
                          "Node Type": "Hash Join",
                          "Parent Relationship": "Outer",
                          "Parallel Aware": true,
                          "Join Type": "Inner",
                          "Startup Cost": 46656.71,
                          "Total Cost": 91898.94,
                          "Plan Rows": 144527,
                          "Plan Width": 8,
                          "Actual Startup Time": 159.906,
                          "Actual Total Time": 288.541,
                          "Actual Rows": 124699,
                          "Actual Loops": 6,
                          "Inner Unique": true,
                          "Hash Cond": "(mk.movie_id = t.id)",
                          "Plans": [
                            {
                              "Node Type": "Seq Scan",
                              "Parent Relationship": "Outer",
                              "Parallel Aware": true,
                              "Relation Name": "movie_keyword",
                              "Alias": "mk",
                              "Startup Cost": 0.0,
                              "Total Cost": 42695.65,
                              "Plan Rows": 970123,
                              "Plan Width": 4,
                              "Actual Startup Time": 0.21,
                              "Actual Total Time": 98.723,
                              "Actual Rows": 502507,
                              "Actual Loops": 6,
                              "Filter": "(keyword_id > 2182)",
                              "Rows Removed by Filter": 251482
                            },
                            {
                              "Node Type": "Hash",
                              "Parent Relationship": "Inner",
                              "Parallel Aware": true,
                              "Startup Cost": 45479.59,
                              "Total Cost": 45479.59,
                              "Plan Rows": 94170,
                              "Plan Width": 4,
                              "Actual Startup Time": 122.239,
                              "Actual Total Time": 122.244,
                              "Actual Rows": 47019,
                              "Actual Loops": 6,
                              "Hash Buckets": 524288,
                              "Original Hash Buckets": 524288,
                              "Hash Batches": 1,
                              "Original Hash Batches": 1,
                              "Peak Memory Usage": 15264,
                              "Plans": [
                                {
                                  "Node Type": "Seq Scan",
                                  "Parent Relationship": "Outer",
                                  "Parallel Aware": true,
                                  "Relation Name": "title",
                                  "Alias": "t",
                                  "Startup Cost": 0.0,
                                  "Total Cost": 45479.59,
                                  "Plan Rows": 94170,
                                  "Plan Width": 4,
                                  "Actual Startup Time": 47.908,
                                  "Actual Total Time": 98.779,
                                  "Actual Rows": 47019,
                                  "Actual Loops": 6,
                                  "Filter": "((production_year > 1999) AND (kind_id = 1))",
                                  "Rows Removed by Filter": 374366
                                }
                              ]
                            }
                          ]
                        }
                      ]
                    }
                  ]
                }
              ]
            }
          ]
        }
      ]
    },
    "Planning Time": 0.792,
    "Triggers": [],
    "Execution Time": 2520.959
  }
]