[
  {
    "Plan": {
      "Node Type": "Aggregate",
      "Strategy": "Plain",
      "Partial Mode": "Finalize",
      "Parallel Aware": false,
      "Startup Cost": 300416.38,
      "Total Cost": 300416.39,
      "Plan Rows": 1,
      "Plan Width": 8,
      "Actual Startup Time": 2273.908,
      "Actual Total Time": 2320.532,
      "Actual Rows": 1,
      "Actual Loops": 1,
      "Plans": [
        {
          "Node Type": "Gather",
          "Parent Relationship": "Outer",
          "Parallel Aware": false,
          "Startup Cost": 300415.86,
          "Total Cost": 300416.37,
          "Plan Rows": 5,
          "Plan Width": 8,
          "Actual Startup Time": 2267.922,
          "Actual Total Time": 2320.505,
          "Actual Rows": 6,
          "Actual Loops": 1,
          "Workers Planned": 5,
          "Workers Launched": 5,
          "Single Copy": false,
          "Plans": [
            {
              "Node Type": "Aggregate",
              "Strategy": "Plain",
              "Partial Mode": "Partial",
              "Parent Relationship": "Outer",
              "Parallel Aware": false,
              "Startup Cost": 299415.86,
              "Total Cost": 299415.87,
              "Plan Rows": 1,
              "Plan Width": 8,
              "Actual Startup Time": 2257.609,
              "Actual Total Time": 2257.717,
              "Actual Rows": 1,
              "Actual Loops": 6,
              "Plans": [
                {
                  "Node Type": "Hash Join",
                  "Parent Relationship": "Outer",
                  "Parallel Aware": true,
                  "Join Type": "Inner",
                  "Startup Cost": 93740.97,
                  "Total Cost": 298094.3,
                  "Plan Rows": 528624,
                  "Plan Width": 0,
                  "Actual Startup Time": 301.232,
                  "Actual Total Time": 1757.761,
                  "Actual Rows": 12080694,
                  "Actual Loops": 6,
                  "Inner Unique": false,
                  "Hash Cond": "(mi.movie_id = t.id)",
                  "Plans": [
                    {
                      "Node Type": "Seq Scan",
                      "Parent Relationship": "Outer",
                      "Parallel Aware": true,
                      "Relation Name": "movie_info",
                      "Alias": "mi",
                      "Startup Cost": 0.0,
                      "Total Cost": 191560.33,
                      "Plan Rows": 2956733,
                      "Plan Width": 4,
                      "Actual Startup Time": 0.032,
                      "Actual Total Time": 313.415,
                      "Actual Rows": 2472620,
                      "Actual Loops": 6
                    },
                    {
                      "Node Type": "Hash",
                      "Parent Relationship": "Inner",
                      "Parallel Aware": true,
                      "Startup Cost": 91918.28,
                      "Total Cost": 91918.28,
                      "Plan Rows": 145815,
                      "Plan Width": 8,
                      "Actual Startup Time": 287.163,
                      "Actual Total Time": 287.27,
                      "Actual Rows": 124699,
                      "Actual Loops": 6,
                      "Hash Buckets": 1048576,
                      "Original Hash Buckets": 524288,
                      "Hash Batches": 1,
                      "Original Hash Batches": 1,
                      "Peak Memory Usage": 41664,
                      "Plans": [
                        {
                          "Node Type": "Hash Join",
                          "Parent Relationship": "Outer",
                          "Parallel Aware": true,
                          "Join Type": "Inner",
                          "Startup Cost": 46658.54,
                          "Total Cost": 91918.28,
                          "Plan Rows": 145815,
                          "Plan Width": 8,
                          "Actual Startup Time": 132.666,
                          "Actual Total Time": 245.655,
                          "Actual Rows": 124699,
                          "Actual Loops": 6,
                          "Inner Unique": true,
                          "Hash Cond": "(mk.movie_id = t.id)",
                          "Plans": [
                            {
                              "Node Type": "Seq Scan",
                              "Parent Relationship": "Outer",
                              "Parallel Aware": true,
                              "Relation Name": "movie_keyword",
                              "Alias": "mk",
                              "Startup Cost": 0.0,
                              "Total Cost": 42695.65,
                              "Plan Rows": 976796,
                              "Plan Width": 4,
                              "Actual Startup Time": 0.107,
                              "Actual Total Time": 81.922,
                              "Actual Rows": 502507,
                              "Actual Loops": 6,
                              "Filter": "(keyword_id > 2182)",
                              "Rows Removed by Filter": 251482
                            },
                            {
                              "Node Type": "Hash",
                              "Parent Relationship": "Inner",
                              "Parallel Aware": true,
                              "Startup Cost": 45479.1,
                              "Total Cost": 45479.1,
                              "Plan Rows": 94355,
                              "Plan Width": 4,
                              "Actual Startup Time": 107.887,
                              "Actual Total Time": 107.888,
                              "Actual Rows": 47019,
                              "Actual Loops": 6,
                              "Hash Buckets": 524288,
                              "Original Hash Buckets": 524288,
                              "Hash Batches": 1,
                              "Original Hash Batches": 1,
                              "Peak Memory Usage": 15232,
                              "Plans": [
                                {
                                  "Node Type": "Seq Scan",
                                  "Parent Relationship": "Outer",
                                  "Parallel Aware": true,
                                  "Relation Name": "title",
                                  "Alias": "t",
                                  "Startup Cost": 0.0,
                                  "Total Cost": 45479.1,
                                  "Plan Rows": 94355,
                                  "Plan Width": 4,
                                  "Actual Startup Time": 46.3,
                                  "Actual Total Time": 85.546,
                                  "Actual Rows": 47019,
                                  "Actual Loops": 6,
                                  "Filter": "((production_year > 1999) AND (kind_id = 1))",
                                  "Rows Removed by Filter": 374366
                                }
                              ]
                            }
                          ]
                        }
                      ]
                    }
                  ]
                }
              ]
            }
          ]
        }
      ]
    },
    "Planning Time": 1.387,
    "Triggers": [],
    "Execution Time": 2320.63
  }
]