[
  {
    "Plan": {
      "Node Type": "Aggregate",
      "Strategy": "Plain",
      "Partial Mode": "Finalize",
      "Parallel Aware": false,
      "Startup Cost": 30863.41,
      "Total Cost": 30863.42,
      "Plan Rows": 1,
      "Plan Width": 8,
      "Actual Startup Time": 116.255,
      "Actual Total Time": 127.514,
      "Actual Rows": 1,
      "Actual Loops": 1,
      "Plans": [
        {
          "Node Type": "Gather",
          "Parent Relationship": "Outer",
          "Parallel Aware": false,
          "Startup Cost": 30863.09,
          "Total Cost": 30863.4,
          "Plan Rows": 3,
          "Plan Width": 8,
          "Actual Startup Time": 116.116,
          "Actual Total Time": 127.501,
          "Actual Rows": 4,
          "Actual Loops": 1,
          "Workers Planned": 3,
          "Workers Launched": 3,
          "Single Copy": false,
          "Plans": [
            {
              "Node Type": "Aggregate",
              "Strategy": "Plain",
              "Partial Mode": "Partial",
              "Parent Relationship": "Outer",
              "Parallel Aware": false,
              "Startup Cost": 29863.09,
              "Total Cost": 29863.1,
              "Plan Rows": 1,
              "Plan Width": 8,
              "Actual Startup Time": 107.176,
              "Actual Total Time": 107.178,
              "Actual Rows": 1,
              "Actual Loops": 4,
              "Plans": [
                {
                  "Node Type": "Seq Scan",
                  "Parent Relationship": "Outer",
                  "Parallel Aware": true,
                  "Relation Name": "movie_companies",
                  "Alias": "mc",
                  "Startup Cost": 0.0,
                  "Total Cost": 29310.68,
                  "Plan Rows": 220965,
                  "Plan Width": 0,
                  "Actual Startup Time": 0.031,
                  "Actual Total Time": 93.504,
                  "Actual Rows": 170388,
                  "Actual Loops": 4,
                  "Filter": "(company_id < 1161)",
                  "Rows Removed by Filter": 481895
                }
              ]
            }
          ]
        }
      ]
    },
    "Planning Time": 0.205,
    "Triggers": [],
    "Execution Time": 127.572
  }
]