[
  {
    "Plan": {
      "Node Type": "Aggregate",
      "Strategy": "Plain",
      "Partial Mode": "Finalize",
      "Parallel Aware": false,
      "Startup Cost": 44609.09,
      "Total Cost": 44609.1,
      "Plan Rows": 1,
      "Plan Width": 8,
      "Actual Startup Time": 131.64,
      "Actual Total Time": 140.15,
      "Actual Rows": 1,
      "Actual Loops": 1,
      "Plans": [
        {
          "Node Type": "Gather",
          "Parent Relationship": "Outer",
          "Parallel Aware": false,
          "Startup Cost": 44608.77,
          "Total Cost": 44609.08,
          "Plan Rows": 3,
          "Plan Width": 8,
          "Actual Startup Time": 131.329,
          "Actual Total Time": 140.141,
          "Actual Rows": 4,
          "Actual Loops": 1,
          "Workers Planned": 3,
          "Workers Launched": 3,
          "Single Copy": false,
          "Plans": [
            {
              "Node Type": "Aggregate",
              "Strategy": "Plain",
              "Partial Mode": "Partial",
              "Parent Relationship": "Outer",
              "Parallel Aware": false,
              "Startup Cost": 43608.77,
              "Total Cost": 43608.78,
              "Plan Rows": 1,
              "Plan Width": 8,
              "Actual Startup Time": 122.967,
              "Actual Total Time": 122.968,
              "Actual Rows": 1,
              "Actual Loops": 4,
              "Plans": [
                {
                  "Node Type": "Seq Scan",
                  "Parent Relationship": "Outer",
                  "Parallel Aware": true,
                  "Relation Name": "movie_keyword",
                  "Alias": "mk",
                  "Startup Cost": 0.0,
                  "Total Cost": 42695.65,
                  "Plan Rows": 365247,
                  "Plan Width": 0,
                  "Actual Startup Time": 0.06,
                  "Actual Total Time": 108.678,
                  "Actual Rows": 284948,
                  "Actual Loops": 4,
                  "Filter": "(keyword_id < 1291)",
                  "Rows Removed by Filter": 846034
                }
              ]
            }
          ]
        }
      ]
    },
    "Planning Time": 0.183,
    "Triggers": [],
    "Execution Time": 140.206
  }
]