[
    {
        "Bao": {
            "Bao prediction": "NaN",
            "Bao recommended hint": "(no hint)"
        }
    },
    {
        "Plan": {
            "Node Type": "Aggregate",
            "Strategy": "Plain",
            "Partial Mode": "Finalize",
            "Parallel Aware": false,
            "Startup Cost": 250327.14,
            "Total Cost": 250327.15,
            "Plan Rows": 1,
            "Plan Width": 8,
            "Actual Startup Time": 654.595,
            "Actual Total Time": 669.732,
            "Actual Rows": 1,
            "Actual Loops": 1,
            "Output": [
                "count(*)"
            ],
            "Plans": [
                {
                    "Node Type": "Gather",
                    "Parent Relationship": "Outer",
                    "Parallel Aware": false,
                    "Startup Cost": 250326.52,
                    "Total Cost": 250327.13,
                    "Plan Rows": 6,
                    "Plan Width": 8,
                    "Actual Startup Time": 648.678,
                    "Actual Total Time": 669.722,
                    "Actual Rows": 7,
                    "Actual Loops": 1,
                    "Output": [
                        "(PARTIAL count(*))"
                    ],
                    "Workers Planned": 6,
                    "Workers Launched": 6,
                    "Single Copy": false,
                    "Plans": [
                        {
                            "Node Type": "Aggregate",
                            "Strategy": "Plain",
                            "Partial Mode": "Partial",
                            "Parent Relationship": "Outer",
                            "Parallel Aware": false,
                            "Startup Cost": 249326.52,
                            "Total Cost": 249326.53,
                            "Plan Rows": 1,
                            "Plan Width": 8,
                            "Actual Startup Time": 638.154,
                            "Actual Total Time": 638.157,
                            "Actual Rows": 1,
                            "Actual Loops": 7,
                            "Output": [
                                "PARTIAL count(*)"
                            ],
                            "Workers": [
                                {
                                    "Worker Number": 0,
                                    "Actual Startup Time": 635.722,
                                    "Actual Total Time": 635.726,
                                    "Actual Rows": 1,
                                    "Actual Loops": 1
                                },
                                {
                                    "Worker Number": 1,
                                    "Actual Startup Time": 636.183,
                                    "Actual Total Time": 636.185,
                                    "Actual Rows": 1,
                                    "Actual Loops": 1
                                },
                                {
                                    "Worker Number": 2,
                                    "Actual Startup Time": 636.224,
                                    "Actual Total Time": 636.226,
                                    "Actual Rows": 1,
                                    "Actual Loops": 1
                                },
                                {
                                    "Worker Number": 3,
                                    "Actual Startup Time": 636.33,
                                    "Actual Total Time": 636.334,
                                    "Actual Rows": 1,
                                    "Actual Loops": 1
                                },
                                {
                                    "Worker Number": 4,
                                    "Actual Startup Time": 636.953,
                                    "Actual Total Time": 636.956,
                                    "Actual Rows": 1,
                                    "Actual Loops": 1
                                },
                                {
                                    "Worker Number": 5,
                                    "Actual Startup Time": 637.703,
                                    "Actual Total Time": 637.705,
                                    "Actual Rows": 1,
                                    "Actual Loops": 1
                                }
                            ],
                            "Plans": [
                                {
                                    "Node Type": "Hash Join",
                                    "Parent Relationship": "Outer",
                                    "Parallel Aware": true,
                                    "Join Type": "Inner",
                                    "Startup Cost": 46953.97,
                                    "Total Cost": 249091.37,
                                    "Plan Rows": 94060,
                                    "Plan Width": 0,
                                    "Actual Startup Time": 319.311,
                                    "Actual Total Time": 631.536,
                                    "Actual Rows": 126650,
                                    "Actual Loops": 7,
                                    "Inner Unique": true,
                                    "Hash Cond": "(ci.movie_id = t.id)",
                                    "Workers": [
                                        {
                                            "Worker Number": 0,
                                            "Actual Startup Time": 317.63,
                                            "Actual Total Time": 628.931,
                                            "Actual Rows": 91183,
                                            "Actual Loops": 1
                                        },
                                        {
                                            "Worker Number": 1,
                                            "Actual Startup Time": 317.803,
                                            "Actual Total Time": 629.642,
                                            "Actual Rows": 142618,
                                            "Actual Loops": 1
                                        },
                                        {
                                            "Worker Number": 2,
                                            "Actual Startup Time": 317.173,
                                            "Actual Total Time": 629.742,
                                            "Actual Rows": 141766,
                                            "Actual Loops": 1
                                        },
                                        {
                                            "Worker Number": 3,
                                            "Actual Startup Time": 317.502,
                                            "Actual Total Time": 630.037,
                                            "Actual Rows": 128794,
                                            "Actual Loops": 1
                                        },
                                        {
                                            "Worker Number": 4,
                                            "Actual Startup Time": 317.941,
                                            "Actual Total Time": 629.377,
                                            "Actual Rows": 102486,
                                            "Actual Loops": 1
                                        },
                                        {
                                            "Worker Number": 5,
                                            "Actual Startup Time": 318.159,
                                            "Actual Total Time": 631.344,
                                            "Actual Rows": 129497,
                                            "Actual Loops": 1
                                        }
                                    ],
                                    "Plans": [
                                        {
                                            "Node Type": "Index Scan",
                                            "Parent Relationship": "Outer",
                                            "Parallel Aware": true,
                                            "Scan Direction": "Forward",
                                            "Index Name": "role_id_cast_info",
                                            "Relation Name": "cast_info",
                                            "Schema": "public",
                                            "Alias": "ci",
                                            "Startup Cost": 0.56,
                                            "Total Cost": 200814.65,
                                            "Plan Rows": 504116,
                                            "Plan Width": 4,
                                            "Actual Startup Time": 196.337,
                                            "Actual Total Time": 369.531,
                                            "Actual Rows": 577742,
                                            "Actual Loops": 7,
                                            "Output": [
                                                "ci.id",
                                                "ci.person_id",
                                                "ci.movie_id",
                                                "ci.person_role_id",
                                                "ci.note",
                                                "ci.nr_order",
                                                "ci.role_id"
                                            ],
                                            "Index Cond": "(ci.role_id = 2)",
                                            "Rows Removed by Index Recheck": 0,
                                            "Filter": "(ci.person_id > 2177286)",
                                            "Rows Removed by Filter": 486825,
                                            "Workers": [
                                                {
                                                    "Worker Number": 0,
                                                    "Actual Startup Time": 196.334,
                                                    "Actual Total Time": 370.558,
                                                    "Actual Rows": 437153,
                                                    "Actual Loops": 1
                                                },
                                                {
                                                    "Worker Number": 1,
                                                    "Actual Startup Time": 196.337,
                                                    "Actual Total Time": 371.392,
                                                    "Actual Rows": 650231,
                                                    "Actual Loops": 1
                                                },
                                                {
                                                    "Worker Number": 2,
                                                    "Actual Startup Time": 196.305,
                                                    "Actual Total Time": 374.957,
                                                    "Actual Rows": 651710,
                                                    "Actual Loops": 1
                                                },
                                                {
                                                    "Worker Number": 3,
                                                    "Actual Startup Time": 196.405,
                                                    "Actual Total Time": 364.43,
                                                    "Actual Rows": 585181,
                                                    "Actual Loops": 1
                                                },
                                                {
                                                    "Worker Number": 4,
                                                    "Actual Startup Time": 196.415,
                                                    "Actual Total Time": 376.113,
                                                    "Actual Rows": 459704,
                                                    "Actual Loops": 1
                                                },
                                                {
                                                    "Worker Number": 5,
                                                    "Actual Startup Time": 196.274,
                                                    "Actual Total Time": 362.791,
                                                    "Actual Rows": 581415,
                                                    "Actual Loops": 1
                                                }
                                            ]
                                        },
                                        {
                                            "Node Type": "Hash",
                                            "Parent Relationship": "Inner",
                                            "Parallel Aware": true,
                                            "Startup Cost": 45479.21,
                                            "Total Cost": 45479.21,
                                            "Plan Rows": 117936,
                                            "Plan Width": 4,
                                            "Actual Startup Time": 121.363,
                                            "Actual Total Time": 121.364,
                                            "Actual Rows": 79642,
                                            "Actual Loops": 7,
                                            "Output": [
                                                "t.id"
                                            ],
                                            "Hash Buckets": 1048576,
                                            "Original Hash Buckets": 524288,
                                            "Hash Batches": 1,
                                            "Original Hash Batches": 1,
                                            "Peak Memory Usage": 34208,
                                            "Workers": [
                                                {
                                                    "Worker Number": 0,
                                                    "Actual Startup Time": 119.889,
                                                    "Actual Total Time": 119.89,
                                                    "Actual Rows": 58865,
                                                    "Actual Loops": 1
                                                },
                                                {
                                                    "Worker Number": 1,
                                                    "Actual Startup Time": 120.432,
                                                    "Actual Total Time": 120.433,
                                                    "Actual Rows": 81986,
                                                    "Actual Loops": 1
                                                },
                                                {
                                                    "Worker Number": 2,
                                                    "Actual Startup Time": 120.428,
                                                    "Actual Total Time": 120.429,
                                                    "Actual Rows": 82695,
                                                    "Actual Loops": 1
                                                },
                                                {
                                                    "Worker Number": 3,
                                                    "Actual Startup Time": 120.637,
                                                    "Actual Total Time": 120.638,
                                                    "Actual Rows": 82351,
                                                    "Actual Loops": 1
                                                },
                                                {
                                                    "Worker Number": 4,
                                                    "Actual Startup Time": 121.084,
                                                    "Actual Total Time": 121.085,
                                                    "Actual Rows": 59053,
                                                    "Actual Loops": 1
                                                },
                                                {
                                                    "Worker Number": 5,
                                                    "Actual Startup Time": 121.486,
                                                    "Actual Total Time": 121.487,
                                                    "Actual Rows": 81407,
                                                    "Actual Loops": 1
                                                }
                                            ],
                                            "Plans": [
                                                {
                                                    "Node Type": "Seq Scan",
                                                    "Parent Relationship": "Outer",
                                                    "Parallel Aware": true,
                                                    "Relation Name": "title",
                                                    "Schema": "public",
                                                    "Alias": "t",
                                                    "Startup Cost": 0.0,
                                                    "Total Cost": 45479.21,
                                                    "Plan Rows": 117936,
                                                    "Plan Width": 4,
                                                    "Actual Startup Time": 0.05,
                                                    "Actual Total Time": 74.581,
                                                    "Actual Rows": 79642,
                                                    "Actual Loops": 7,
                                                    "Output": [
                                                        "t.id"
                                                    ],
                                                    "Filter": "((t.kind_id < 7) AND (t.production_year < 2003))",
                                                    "Rows Removed by Filter": 281546,
                                                    "Workers": [
                                                        {
                                                            "Worker Number": 0,
                                                            "Actual Startup Time": 0.062,
                                                            "Actual Total Time": 74.019,
                                                            "Actual Rows": 58865,
                                                            "Actual Loops": 1
                                                        },
                                                        {
                                                            "Worker Number": 1,
                                                            "Actual Startup Time": 0.051,
                                                            "Actual Total Time": 74.228,
                                                            "Actual Rows": 81986,
                                                            "Actual Loops": 1
                                                        },
                                                        {
                                                            "Worker Number": 2,
                                                            "Actual Startup Time": 0.058,
                                                            "Actual Total Time": 74.148,
                                                            "Actual Rows": 82695,
                                                            "Actual Loops": 1
                                                        },
                                                        {
                                                            "Worker Number": 3,
                                                            "Actual Startup Time": 0.065,
                                                            "Actual Total Time": 73.514,
                                                            "Actual Rows": 82351,
                                                            "Actual Loops": 1
                                                        },
                                                        {
                                                            "Worker Number": 4,
                                                            "Actual Startup Time": 0.051,
                                                            "Actual Total Time": 76.034,
                                                            "Actual Rows": 59053,
                                                            "Actual Loops": 1
                                                        },
                                                        {
                                                            "Worker Number": 5,
                                                            "Actual Startup Time": 0.04,
                                                            "Actual Total Time": 74.529,
                                                            "Actual Rows": 81407,
                                                            "Actual Loops": 1
                                                        }
                                                    ]
                                                }
                                            ]
                                        }
                                    ]
                                }
                            ]
                        }
                    ]
                }
            ]
        },
        "Planning Time": 180.884,
        "Triggers": [],
        "Execution Time": 669.845
    }
]