[
  {
    "Plan": {
      "Node Type": "Aggregate",
      "Strategy": "Plain",
      "Partial Mode": "Finalize",
      "Parallel Aware": false,
      "Startup Cost": 316925.15,
      "Total Cost": 316925.16,
      "Plan Rows": 1,
      "Plan Width": 8,
      "Actual Startup Time": 1590.132,
      "Actual Total Time": 1639.118,
      "Actual Rows": 1,
      "Actual Loops": 1,
      "Plans": [
        {
          "Node Type": "Gather",
          "Parent Relationship": "Outer",
          "Parallel Aware": false,
          "Startup Cost": 316924.83,
          "Total Cost": 316925.14,
          "Plan Rows": 3,
          "Plan Width": 8,
          "Actual Startup Time": 1575.672,
          "Actual Total Time": 1639.109,
          "Actual Rows": 4,
          "Actual Loops": 1,
          "Workers Planned": 3,
          "Workers Launched": 3,
          "Single Copy": false,
          "Plans": [
            {
              "Node Type": "Aggregate",
              "Strategy": "Plain",
              "Partial Mode": "Partial",
              "Parent Relationship": "Outer",
              "Parallel Aware": false,
              "Startup Cost": 315924.83,
              "Total Cost": 315924.84,
              "Plan Rows": 1,
              "Plan Width": 8,
              "Actual Startup Time": 1554.136,
              "Actual Total Time": 1554.142,
              "Actual Rows": 1,
              "Actual Loops": 4,
              "Plans": [
                {
                  "Node Type": "Hash Join",
                  "Parent Relationship": "Outer",
                  "Parallel Aware": true,
                  "Join Type": "Inner",
                  "Startup Cost": 260194.11,
                  "Total Cost": 311495.96,
                  "Plan Rows": 1771546,
                  "Plan Width": 0,
                  "Actual Startup Time": 1249.193,
                  "Actual Total Time": 1516.319,
                  "Actual Rows": 938963,
                  "Actual Loops": 4,
                  "Inner Unique": false,
                  "Hash Cond": "(mk.movie_id = t.id)",
                  "Plans": [
                    {
                      "Node Type": "Seq Scan",
                      "Parent Relationship": "Outer",
                      "Parallel Aware": true,
                      "Relation Name": "movie_keyword",
                      "Alias": "mk",
                      "Startup Cost": 0.0,
                      "Total Cost": 42695.65,
                      "Plan Rows": 1350162,
                      "Plan Width": 4,
                      "Actual Startup Time": 0.027,
                      "Actual Total Time": 108.876,
                      "Actual Rows": 1048314,
                      "Actual Loops": 4,
                      "Filter": "(keyword_id < 49954)",
                      "Rows Removed by Filter": 82669
                    },
                    {
                      "Node Type": "Hash",
                      "Parent Relationship": "Inner",
                      "Parallel Aware": true,
                      "Startup Cost": 251900.69,
                      "Total Cost": 251900.69,
                      "Plan Rows": 663474,
                      "Plan Width": 8,
                      "Actual Startup Time": 1237.706,
                      "Actual Total Time": 1237.711,
                      "Actual Rows": 540700,
                      "Actual Loops": 4,
                      "Hash Buckets": 4194304,
                      "Original Hash Buckets": 4194304,
                      "Hash Batches": 1,
                      "Original Hash Batches": 1,
                      "Peak Memory Usage": 117472,
                      "Plans": [
                        {
                          "Node Type": "Hash Join",
                          "Parent Relationship": "Outer",
                          "Parallel Aware": true,
                          "Join Type": "Inner",
                          "Startup Cost": 49647.07,
                          "Total Cost": 251900.69,
                          "Plan Rows": 663474,
                          "Plan Width": 8,
                          "Actual Startup Time": 265.091,
                          "Actual Total Time": 1038.377,
                          "Actual Rows": 540700,
                          "Actual Loops": 4,
                          "Inner Unique": true,
                          "Hash Cond": "(mi.movie_id = t.id)",
                          "Plans": [
                            {
                              "Node Type": "Seq Scan",
                              "Parent Relationship": "Outer",
                              "Parallel Aware": true,
                              "Relation Name": "movie_info",
                              "Alias": "mi",
                              "Startup Cost": 0.0,
                              "Total Cost": 198952.16,
                              "Plan Rows": 1257696,
                              "Plan Width": 4,
                              "Actual Startup Time": 21.482,
                              "Actual Total Time": 413.918,
                              "Actual Rows": 1555874,
                              "Actual Loops": 4,
                              "Filter": "(info_type_id > 8)",
                              "Rows Removed by Filter": 2153056
                            },
                            {
                              "Node Type": "Hash",
                              "Parent Relationship": "Inner",
                              "Parallel Aware": true,
                              "Startup Cost": 45479.1,
                              "Total Cost": 45479.1,
                              "Plan Rows": 333438,
                              "Plan Width": 4,
                              "Actual Startup Time": 240.393,
                              "Actual Total Time": 240.394,
                              "Actual Rows": 353090,
                              "Actual Loops": 4,
                              "Hash Buckets": 2097152,
                              "Original Hash Buckets": 2097152,
                              "Hash Batches": 1,
                              "Original Hash Batches": 1,
                              "Peak Memory Usage": 71680,
                              "Plans": [
                                {
                                  "Node Type": "Seq Scan",
                                  "Parent Relationship": "Outer",
                                  "Parallel Aware": true,
                                  "Relation Name": "title",
                                  "Alias": "t",
                                  "Startup Cost": 0.0,
                                  "Total Cost": 45479.1,
                                  "Plan Rows": 333438,
                                  "Plan Width": 4,
                                  "Actual Startup Time": 0.045,
                                  "Actual Total Time": 109.054,
                                  "Actual Rows": 353090,
                                  "Actual Loops": 4,
                                  "Filter": "((production_year > 1962) AND (kind_id = 7))",
                                  "Rows Removed by Filter": 278988
                                }
                              ]
                            }
                          ]
                        }
                      ]
                    }
                  ]
                }
              ]
            }
          ]
        }
      ]
    },
    "Planning Time": 1.464,
    "Triggers": [],
    "Execution Time": 1639.214
  }
]