[
  {
    "Plan": {
      "Node Type": "Aggregate",
      "Strategy": "Plain",
      "Partial Mode": "Finalize",
      "Parallel Aware": false,
      "Startup Cost": 241612.37,
      "Total Cost": 241612.38,
      "Plan Rows": 1,
      "Plan Width": 8,
      "Actual Startup Time": 534.743,
      "Actual Total Time": 573.46,
      "Actual Rows": 1,
      "Actual Loops": 1,
      "Plans": [
        {
          "Node Type": "Gather",
          "Parent Relationship": "Outer",
          "Parallel Aware": false,
          "Startup Cost": 241611.85,
          "Total Cost": 241612.36,
          "Plan Rows": 5,
          "Plan Width": 8,
          "Actual Startup Time": 533.995,
          "Actual Total Time": 573.449,
          "Actual Rows": 6,
          "Actual Loops": 1,
          "Workers Planned": 5,
          "Workers Launched": 5,
          "Single Copy": false,
          "Plans": [
            {
              "Node Type": "Aggregate",
              "Strategy": "Plain",
              "Partial Mode": "Partial",
              "Parent Relationship": "Outer",
              "Parallel Aware": false,
              "Startup Cost": 240611.85,
              "Total Cost": 240611.86,
              "Plan Rows": 1,
              "Plan Width": 8,
              "Actual Startup Time": 523.91,
              "Actual Total Time": 523.914,
              "Actual Rows": 1,
              "Actual Loops": 6,
              "Plans": [
                {
                  "Node Type": "Hash Join",
                  "Parent Relationship": "Outer",
                  "Parallel Aware": true,
                  "Join Type": "Inner",
                  "Startup Cost": 38211.61,
                  "Total Cost": 240554.22,
                  "Plan Rows": 23053,
                  "Plan Width": 0,
                  "Actual Startup Time": 90.352,
                  "Actual Total Time": 522.346,
                  "Actual Rows": 28522,
                  "Actual Loops": 6,
                  "Inner Unique": true,
                  "Hash Cond": "(mi.movie_id = t.id)",
                  "Plans": [
                    {
                      "Node Type": "Seq Scan",
                      "Parent Relationship": "Outer",
                      "Parallel Aware": true,
                      "Relation Name": "movie_info",
                      "Alias": "mi",
                      "Startup Cost": 0.0,
                      "Total Cost": 199108.24,
                      "Plan Rows": 1232139,
                      "Plan Width": 4,
                      "Actual Startup Time": 18.238,
                      "Actual Total Time": 340.742,
                      "Actual Rows": 1037249,
                      "Actual Loops": 6,
                      "Filter": "(info_type_id > 8)",
                      "Rows Removed by Filter": 1435371
                    },
                    {
                      "Node Type": "Hash",
                      "Parent Relationship": "Inner",
                      "Parallel Aware": true,
                      "Startup Cost": 38063.78,
                      "Total Cost": 38063.78,
                      "Plan Rows": 11826,
                      "Plan Width": 4,
                      "Actual Startup Time": 71.074,
                      "Actual Total Time": 71.076,
                      "Actual Rows": 8307,
                      "Actual Loops": 6,
                      "Hash Buckets": 65536,
                      "Original Hash Buckets": 65536,
                      "Hash Batches": 1,
                      "Original Hash Batches": 1,
                      "Peak Memory Usage": 2560,
                      "Plans": [
                        {
                          "Node Type": "Bitmap Heap Scan",
                          "Parent Relationship": "Outer",
                          "Parallel Aware": true,
                          "Relation Name": "title",
                          "Alias": "t",
                          "Startup Cost": 1709.27,
                          "Total Cost": 38063.78,
                          "Plan Rows": 11826,
                          "Plan Width": 4,
                          "Actual Startup Time": 19.128,
                          "Actual Total Time": 66.833,
                          "Actual Rows": 8307,
                          "Actual Loops": 6,
                          "Recheck Cond": "(kind_id = 2)",
                          "Rows Removed by Index Recheck": 0,
                          "Filter": "(production_year < 2004)",
                          "Rows Removed by Filter": 6835,
                          "Exact Heap Blocks": 11758,
                          "Lossy Heap Blocks": 0,
                          "Plans": [
                            {
                              "Node Type": "Bitmap Index Scan",
                              "Parent Relationship": "Outer",
                              "Parallel Aware": false,
                              "Index Name": "kind_id_title",
                              "Startup Cost": 0.0,
                              "Total Cost": 1697.45,
                              "Plan Rows": 95069,
                              "Plan Width": 0,
                              "Actual Startup Time": 17.655,
                              "Actual Total Time": 17.657,
                              "Actual Rows": 90852,
                              "Actual Loops": 1,
                              "Index Cond": "(kind_id = 2)"
                            }
                          ]
                        }
                      ]
                    }
                  ]
                }
              ]
            }
          ]
        }
      ]
    },
    "Planning Time": 0.709,
    "Triggers": [],
    "Execution Time": 573.559
  }
]