[
  {
    "Plan": {
      "Node Type": "Aggregate",
      "Strategy": "Plain",
      "Partial Mode": "Finalize",
      "Parallel Aware": false,
      "Startup Cost": 32245.84,
      "Total Cost": 32245.85,
      "Plan Rows": 1,
      "Plan Width": 8,
      "Actual Startup Time": 134.303,
      "Actual Total Time": 143.121,
      "Actual Rows": 1,
      "Actual Loops": 1,
      "Plans": [
        {
          "Node Type": "Gather",
          "Parent Relationship": "Outer",
          "Parallel Aware": false,
          "Startup Cost": 32245.52,
          "Total Cost": 32245.83,
          "Plan Rows": 3,
          "Plan Width": 8,
          "Actual Startup Time": 134.163,
          "Actual Total Time": 143.109,
          "Actual Rows": 4,
          "Actual Loops": 1,
          "Workers Planned": 3,
          "Workers Launched": 3,
          "Single Copy": false,
          "Plans": [
            {
              "Node Type": "Aggregate",
              "Strategy": "Plain",
              "Partial Mode": "Partial",
              "Parent Relationship": "Outer",
              "Parallel Aware": false,
              "Startup Cost": 31245.52,
              "Total Cost": 31245.53,
              "Plan Rows": 1,
              "Plan Width": 8,
              "Actual Startup Time": 125.34,
              "Actual Total Time": 125.341,
              "Actual Rows": 1,
              "Actual Loops": 4,
              "Plans": [
                {
                  "Node Type": "Seq Scan",
                  "Parent Relationship": "Outer",
                  "Parallel Aware": true,
                  "Relation Name": "movie_companies",
                  "Alias": "mc",
                  "Startup Cost": 0.0,
                  "Total Cost": 29310.68,
                  "Plan Rows": 773936,
                  "Plan Width": 0,
                  "Actual Startup Time": 0.029,
                  "Actual Total Time": 92.546,
                  "Actual Rows": 600665,
                  "Actual Loops": 4,
                  "Filter": "(company_id < 111578)",
                  "Rows Removed by Filter": 51617
                }
              ]
            }
          ]
        }
      ]
    },
    "Planning Time": 0.197,
    "Triggers": [],
    "Execution Time": 143.178
  }
]