{
  "Plan": {
    "Node Type": "Aggregate",
    "Strategy": "Plain",
    "Partial Mode": "Finalize",
    "Parallel Aware": false,
    "Startup Cost": 463764.58,
    "Total Cost": 463764.59,
    "Plan Rows": 1,
    "Plan Width": 8,
    "Actual Startup Time": 1401.483,
    "Actual Total Time": 1418.627,
    "Actual Rows": 1,
    "Actual Loops": 1,
    "Plans": [
      {
        "Node Type": "Gather",
        "Parent Relationship": "Outer",
        "Parallel Aware": false,
        "Startup Cost": 463764.47,
        "Total Cost": 463764.58,
        "Plan Rows": 1,
        "Plan Width": 8,
        "Actual Startup Time": 1397.117,
        "Actual Total Time": 1418.617,
        "Actual Rows": 2,
        "Actual Loops": 1,
        "Workers Planned": 1,
        "Workers Launched": 1,
        "Single Copy": false,
        "Plans": [
          {
            "Node Type": "Aggregate",
            "Strategy": "Plain",
            "Partial Mode": "Partial",
            "Parent Relationship": "Outer",
            "Parallel Aware": false,
            "Startup Cost": 462764.47,
            "Total Cost": 462764.48,
            "Plan Rows": 1,
            "Plan Width": 8,
            "Actual Startup Time": 1392.389,
            "Actual Total Time": 1393.506,
            "Actual Rows": 1,
            "Actual Loops": 2,
            "Plans": [
              {
                "Node Type": "Hash Join",
                "Parent Relationship": "Outer",
                "Parallel Aware": true,
                "Join Type": "Inner",
                "Startup Cost": 169770.18,
                "Total Cost": 461006.67,
                "Plan Rows": 703118,
                "Plan Width": 0,
                "Actual Startup Time": 755.292,
                "Actual Total Time": 1345.803,
                "Actual Rows": 1167508,
                "Actual Loops": 2,
                "Inner Unique": false,
                "Hash Cond": "(ci.movie_id = t.id)",
                "Plans": [
                  {
                    "Node Type": "Bitmap Heap Scan",
                    "Parent Relationship": "Outer",
                    "Parallel Aware": true,
                    "Relation Name": "cast_info",
                    "Alias": "ci",
                    "Startup Cost": 79517.97,
                    "Total Cost": 358676.89,
                    "Plan Rows": 2117754,
                    "Plan Width": 4,
                    "Actual Startup Time": 123.686,
                    "Actual Total Time": 308.44,
                    "Actual Rows": 1861047,
                    "Actual Loops": 2,
                    "Recheck Cond": "(person_id < 356754)",
                    "Rows Removed by Index Recheck": 0,
                    "Exact Heap Blocks": 20135,
                    "Lossy Heap Blocks": 0,
                    "Plans": [
                      {
                        "Node Type": "Bitmap Index Scan",
                        "Parent Relationship": "Outer",
                        "Parallel Aware": false,
                        "Index Name": "person_id_cast_info",
                        "Startup Cost": 0.0,
                        "Total Cost": 78617.92,
                        "Plan Rows": 3600181,
                        "Plan Width": 0,
                        "Actual Startup Time": 117.462,
                        "Actual Total Time": 117.463,
                        "Actual Rows": 3722094,
                        "Actual Loops": 1,
                        "Index Cond": "(person_id < 356754)"
                      }
                    ]
                  },
                  {
                    "Node Type": "Hash",
                    "Parent Relationship": "Inner",
                    "Parallel Aware": true,
                    "Startup Cost": 84079.99,
                    "Total Cost": 84079.99,
                    "Plan Rows": 493778,
                    "Plan Width": 8,
                    "Actual Startup Time": 622.466,
                    "Actual Total Time": 623.581,
                    "Actual Rows": 379385,
                    "Actual Loops": 2,
                    "Hash Buckets": 1048576,
                    "Original Hash Buckets": 1048576,
                    "Hash Batches": 1,
                    "Original Hash Batches": 1,
                    "Peak Memory Usage": 37920,
                    "Plans": [
                      {
                        "Node Type": "Hash Join",
                        "Parent Relationship": "Outer",
                        "Parallel Aware": true,
                        "Join Type": "Inner",
                        "Startup Cost": 65896.2,
                        "Total Cost": 84079.99,
                        "Plan Rows": 493778,
                        "Plan Width": 8,
                        "Actual Startup Time": 370.141,
                        "Actual Total Time": 551.753,
                        "Actual Rows": 379385,
                        "Actual Loops": 2,
                        "Inner Unique": true,
                        "Hash Cond": "(mi_idx.movie_id = t.id)",
                        "Plans": [
                          {
                            "Node Type": "Seq Scan",
                            "Parent Relationship": "Outer",
                            "Parallel Aware": true,
                            "Relation Name": "movie_info_idx",
                            "Alias": "mi_idx",
                            "Startup Cost": 0.0,
                            "Total Cost": 16052.85,
                            "Plan Rows": 811785,
                            "Plan Width": 4,
                            "Actual Startup Time": 0.018,
                            "Actual Total Time": 47.645,
                            "Actual Rows": 690018,
                            "Actual Loops": 2
                          },
                          {
                            "Node Type": "Hash",
                            "Parent Relationship": "Inner",
                            "Parallel Aware": true,
                            "Startup Cost": 54588.39,
                            "Total Cost": 54588.39,
                            "Plan Rows": 904625,
                            "Plan Width": 4,
                            "Actual Startup Time": 360.814,
                            "Actual Total Time": 360.815,
                            "Actual Rows": 765806,
                            "Actual Loops": 2,
                            "Hash Buckets": 2097152,
                            "Original Hash Buckets": 2097152,
                            "Hash Batches": 1,
                            "Original Hash Batches": 1,
                            "Peak Memory Usage": 76320,
                            "Plans": [
                              {
                                "Node Type": "Seq Scan",
                                "Parent Relationship": "Outer",
                                "Parallel Aware": true,
                                "Relation Name": "title",
                                "Alias": "t",
                                "Startup Cost": 0.0,
                                "Total Cost": 54588.39,
                                "Plan Rows": 904625,
                                "Plan Width": 4,
                                "Actual Startup Time": 0.028,
                                "Actual Total Time": 163.182,
                                "Actual Rows": 765806,
                                "Actual Loops": 2,
                                "Filter": "(production_year > 1997)",
                                "Rows Removed by Filter": 498350
                              }
                            ]
                          }
                        ]
                      }
                    ]
                  }
                ]
              }
            ]
          }
        ]
      }
    ]
  },
  "Planning Time": 0.994,
  "Triggers": [],
  "Execution Time": 1418.728
}