[
  {
    "Plan": {
      "Node Type": "Aggregate",
      "Strategy": "Plain",
      "Partial Mode": "Finalize",
      "Parallel Aware": false,
      "Startup Cost": 46568.02,
      "Total Cost": 46568.03,
      "Plan Rows": 1,
      "Plan Width": 8,
      "Actual Startup Time": 180.735,
      "Actual Total Time": 190.942,
      "Actual Rows": 1,
      "Actual Loops": 1,
      "Plans": [
        {
          "Node Type": "Gather",
          "Parent Relationship": "Outer",
          "Parallel Aware": false,
          "Startup Cost": 46567.7,
          "Total Cost": 46568.01,
          "Plan Rows": 3,
          "Plan Width": 8,
          "Actual Startup Time": 180.564,
          "Actual Total Time": 190.93,
          "Actual Rows": 4,
          "Actual Loops": 1,
          "Workers Planned": 3,
          "Workers Launched": 3,
          "Single Copy": false,
          "Plans": [
            {
              "Node Type": "Aggregate",
              "Strategy": "Plain",
              "Partial Mode": "Partial",
              "Parent Relationship": "Outer",
              "Parallel Aware": false,
              "Startup Cost": 45567.7,
              "Total Cost": 45567.71,
              "Plan Rows": 1,
              "Plan Width": 8,
              "Actual Startup Time": 174.341,
              "Actual Total Time": 174.342,
              "Actual Rows": 1,
              "Actual Loops": 4,
              "Plans": [
                {
                  "Node Type": "Seq Scan",
                  "Parent Relationship": "Outer",
                  "Parallel Aware": true,
                  "Relation Name": "movie_keyword",
                  "Alias": "mk",
                  "Startup Cost": 0.0,
                  "Total Cost": 42695.65,
                  "Plan Rows": 1148818,
                  "Plan Width": 0,
                  "Actual Startup Time": 0.042,
                  "Actual Total Time": 129.967,
                  "Actual Rows": 890432,
                  "Actual Loops": 4,
                  "Filter": "(keyword_id < 19740)",
                  "Rows Removed by Filter": 240551
                }
              ]
            }
          ]
        }
      ]
    },
    "Planning Time": 0.159,
    "Triggers": [],
    "Execution Time": 190.993
  }
]