[
    {
        "Bao": {
            "Bao prediction": "NaN",
            "Bao recommended hint": "(no hint)"
        }
    },
    {
        "Plan": {
            "Node Type": "Aggregate",
            "Strategy": "Plain",
            "Partial Mode": "Simple",
            "Parallel Aware": false,
            "Startup Cost": 21821.65,
            "Total Cost": 21821.66,
            "Plan Rows": 1,
            "Plan Width": 8,
            "Actual Startup Time": 25.933,
            "Actual Total Time": 25.935,
            "Actual Rows": 1,
            "Actual Loops": 1,
            "Output": [
                "count(*)"
            ],
            "Plans": [
                {
                    "Node Type": "Bitmap Heap Scan",
                    "Parent Relationship": "Outer",
                    "Parallel Aware": false,
                    "Relation Name": "movie_companies",
                    "Schema": "public",
                    "Alias": "mc",
                    "Startup Cost": 1727.6,
                    "Total Cost": 21719.52,
                    "Plan Rows": 40852,
                    "Plan Width": 0,
                    "Actual Startup Time": 5.281,
                    "Actual Total Time": 22.201,
                    "Actual Rows": 82175,
                    "Actual Loops": 1,
                    "Recheck Cond": "(mc.company_id > 168652)",
                    "Rows Removed by Index Recheck": 0,
                    "Filter": "(mc.company_type_id = 2)",
                    "Rows Removed by Filter": 0,
                    "Exact Heap Blocks": 2778,
                    "Lossy Heap Blocks": 0,
                    "Plans": [
                        {
                            "Node Type": "Bitmap Index Scan",
                            "Parent Relationship": "Outer",
                            "Parallel Aware": false,
                            "Index Name": "company_id_movie_companies",
                            "Startup Cost": 0.0,
                            "Total Cost": 1717.39,
                            "Plan Rows": 80128,
                            "Plan Width": 0,
                            "Actual Startup Time": 4.899,
                            "Actual Total Time": 4.9,
                            "Actual Rows": 82175,
                            "Actual Loops": 1,
                            "Index Cond": "(mc.company_id > 168652)"
                        }
                    ]
                }
            ]
        },
        "Planning Time": 186.819,
        "Triggers": [],
        "Execution Time": 25.977
    }
]