{
  "Plan": {
    "Node Type": "Aggregate",
    "Strategy": "Plain",
    "Partial Mode": "Finalize",
    "Parallel Aware": false,
    "Startup Cost": 114864.96,
    "Total Cost": 114864.97,
    "Plan Rows": 1,
    "Plan Width": 8,
    "Actual Startup Time": 158.963,
    "Actual Total Time": 169.284,
    "Actual Rows": 1,
    "Actual Loops": 1,
    "Plans": [
      {
        "Node Type": "Gather",
        "Parent Relationship": "Outer",
        "Parallel Aware": false,
        "Startup Cost": 114864.85,
        "Total Cost": 114864.96,
        "Plan Rows": 1,
        "Plan Width": 8,
        "Actual Startup Time": 158.833,
        "Actual Total Time": 169.276,
        "Actual Rows": 2,
        "Actual Loops": 1,
        "Workers Planned": 1,
        "Workers Launched": 1,
        "Single Copy": false,
        "Plans": [
          {
            "Node Type": "Aggregate",
            "Strategy": "Plain",
            "Partial Mode": "Partial",
            "Parent Relationship": "Outer",
            "Parallel Aware": false,
            "Startup Cost": 113864.85,
            "Total Cost": 113864.86,
            "Plan Rows": 1,
            "Plan Width": 8,
            "Actual Startup Time": 153.208,
            "Actual Total Time": 153.21,
            "Actual Rows": 1,
            "Actual Loops": 2,
            "Plans": [
              {
                "Node Type": "Nested Loop",
                "Parent Relationship": "Outer",
                "Parallel Aware": false,
                "Join Type": "Inner",
                "Startup Cost": 0.43,
                "Total Cost": 113841.12,
                "Plan Rows": 9492,
                "Plan Width": 0,
                "Actual Startup Time": 3.384,
                "Actual Total Time": 153.058,
                "Actual Rows": 2178,
                "Actual Loops": 2,
                "Inner Unique": false,
                "Plans": [
                  {
                    "Node Type": "Seq Scan",
                    "Parent Relationship": "Outer",
                    "Parallel Aware": true,
                    "Relation Name": "title",
                    "Alias": "t",
                    "Startup Cost": 0.0,
                    "Total Cost": 58306.47,
                    "Plan Rows": 6901,
                    "Plan Width": 4,
                    "Actual Startup Time": 0.167,
                    "Actual Total Time": 136.766,
                    "Actual Rows": 5307,
                    "Actual Loops": 2,
                    "Filter": "((kind_id = 7) AND (production_year = 1985))",
                    "Rows Removed by Filter": 1258849
                  },
                  {
                    "Node Type": "Index Scan",
                    "Parent Relationship": "Inner",
                    "Parallel Aware": false,
                    "Scan Direction": "Forward",
                    "Index Name": "movie_id_movie_keyword",
                    "Relation Name": "movie_keyword",
                    "Alias": "mk",
                    "Startup Cost": 0.43,
                    "Total Cost": 7.7,
                    "Plan Rows": 35,
                    "Plan Width": 4,
                    "Actual Startup Time": 0.003,
                    "Actual Total Time": 0.003,
                    "Actual Rows": 0,
                    "Actual Loops": 10614,
                    "Index Cond": "(movie_id = t.id)",
                    "Rows Removed by Index Recheck": 0,
                    "Filter": "(keyword_id > 1050)",
                    "Rows Removed by Filter": 0
                  }
                ]
              }
            ]
          }
        ]
      }
    ]
  },
  "Planning Time": 0.493,
  "Triggers": [],
  "Execution Time": 169.366
}