{
  "Plan": {
    "Node Type": "Aggregate",
    "Strategy": "Plain",
    "Partial Mode": "Finalize",
    "Parallel Aware": false,
    "Startup Cost": 680761.99,
    "Total Cost": 680762.0,
    "Plan Rows": 1,
    "Plan Width": 8,
    "Actual Startup Time": 4399.162,
    "Actual Total Time": 4461.029,
    "Actual Rows": 1,
    "Actual Loops": 1,
    "Plans": [
      {
        "Node Type": "Gather",
        "Parent Relationship": "Outer",
        "Parallel Aware": false,
        "Startup Cost": 680761.88,
        "Total Cost": 680761.99,
        "Plan Rows": 1,
        "Plan Width": 8,
        "Actual Startup Time": 4397.079,
        "Actual Total Time": 4461.019,
        "Actual Rows": 2,
        "Actual Loops": 1,
        "Workers Planned": 1,
        "Workers Launched": 1,
        "Single Copy": false,
        "Plans": [
          {
            "Node Type": "Aggregate",
            "Strategy": "Plain",
            "Partial Mode": "Partial",
            "Parent Relationship": "Outer",
            "Parallel Aware": false,
            "Startup Cost": 679761.88,
            "Total Cost": 679761.89,
            "Plan Rows": 1,
            "Plan Width": 8,
            "Actual Startup Time": 4391.361,
            "Actual Total Time": 4391.458,
            "Actual Rows": 1,
            "Actual Loops": 2,
            "Plans": [
              {
                "Node Type": "Hash Join",
                "Parent Relationship": "Outer",
                "Parallel Aware": true,
                "Join Type": "Inner",
                "Startup Cost": 586708.96,
                "Total Cost": 677827.13,
                "Plan Rows": 773899,
                "Plan Width": 0,
                "Actual Startup Time": 3978.785,
                "Actual Total Time": 4368.583,
                "Actual Rows": 546630,
                "Actual Loops": 2,
                "Inner Unique": false,
                "Hash Cond": "(mk.movie_id = t.id)",
                "Plans": [
                  {
                    "Node Type": "Seq Scan",
                    "Parent Relationship": "Outer",
                    "Parallel Aware": true,
                    "Relation Name": "movie_keyword",
                    "Alias": "mk",
                    "Startup Cost": 0.0,
                    "Total Cost": 57718.19,
                    "Plan Rows": 2307811,
                    "Plan Width": 4,
                    "Actual Startup Time": 0.039,
                    "Actual Total Time": 189.569,
                    "Actual Rows": 1955896,
                    "Actual Loops": 2,
                    "Filter": "(keyword_id > 460)",
                    "Rows Removed by Filter": 306069
                  },
                  {
                    "Node Type": "Hash",
                    "Parent Relationship": "Inner",
                    "Parallel Aware": true,
                    "Startup Cost": 580474.88,
                    "Total Cost": 580474.88,
                    "Plan Rows": 498726,
                    "Plan Width": 8,
                    "Actual Startup Time": 3969.612,
                    "Actual Total Time": 3969.707,
                    "Actual Rows": 416906,
                    "Actual Loops": 2,
                    "Hash Buckets": 1048576,
                    "Original Hash Buckets": 1048576,
                    "Hash Batches": 1,
                    "Original Hash Batches": 1,
                    "Peak Memory Usage": 40864,
                    "Plans": [
                      {
                        "Node Type": "Hash Join",
                        "Parent Relationship": "Outer",
                        "Parallel Aware": true,
                        "Join Type": "Inner",
                        "Startup Cost": 58741.53,
                        "Total Cost": 580474.88,
                        "Plan Rows": 498726,
                        "Plan Width": 8,
                        "Actual Startup Time": 157.466,
                        "Actual Total Time": 3833.126,
                        "Actual Rows": 416906,
                        "Actual Loops": 2,
                        "Inner Unique": true,
                        "Hash Cond": "(ci.movie_id = t.id)",
                        "Plans": [
                          {
                            "Node Type": "Seq Scan",
                            "Parent Relationship": "Outer",
                            "Parallel Aware": true,
                            "Relation Name": "cast_info",
                            "Alias": "ci",
                            "Startup Cost": 0.0,
                            "Total Cost": 465792.95,
                            "Plan Rows": 21310595,
                            "Plan Width": 4,
                            "Actual Startup Time": 0.016,
                            "Actual Total Time": 1448.216,
                            "Actual Rows": 18122172,
                            "Actual Loops": 2
                          },
                          {
                            "Node Type": "Hash",
                            "Parent Relationship": "Inner",
                            "Parallel Aware": true,
                            "Startup Cost": 58306.47,
                            "Total Cost": 58306.47,
                            "Plan Rows": 34805,
                            "Plan Width": 4,
                            "Actual Startup Time": 156.957,
                            "Actual Total Time": 156.957,
                            "Actual Rows": 31376,
                            "Actual Loops": 2,
                            "Hash Buckets": 65536,
                            "Original Hash Buckets": 65536,
                            "Hash Batches": 1,
                            "Original Hash Batches": 1,
                            "Peak Memory Usage": 3008,
                            "Plans": [
                              {
                                "Node Type": "Seq Scan",
                                "Parent Relationship": "Outer",
                                "Parallel Aware": true,
                                "Relation Name": "title",
                                "Alias": "t",
                                "Startup Cost": 0.0,
                                "Total Cost": 58306.47,
                                "Plan Rows": 34805,
                                "Plan Width": 4,
                                "Actual Startup Time": 0.037,
                                "Actual Total Time": 147.442,
                                "Actual Rows": 31376,
                                "Actual Loops": 2,
                                "Filter": "((kind_id = 7) AND (production_year = 2005))",
                                "Rows Removed by Filter": 1232780
                              }
                            ]
                          }
                        ]
                      }
                    ]
                  }
                ]
              }
            ]
          }
        ]
      }
    ]
  },
  "Planning Time": 1.006,
  "Triggers": [],
  "Execution Time": 4461.128
}