[
  {
    "Plan": {
      "Node Type": "Aggregate",
      "Strategy": "Plain",
      "Partial Mode": "Finalize",
      "Parallel Aware": false,
      "Startup Cost": 319004.29,
      "Total Cost": 319004.3,
      "Plan Rows": 1,
      "Plan Width": 8,
      "Actual Startup Time": 1033.782,
      "Actual Total Time": 1107.51,
      "Actual Rows": 1,
      "Actual Loops": 1,
      "Plans": [
        {
          "Node Type": "Gather",
          "Parent Relationship": "Outer",
          "Parallel Aware": false,
          "Startup Cost": 319003.98,
          "Total Cost": 319004.29,
          "Plan Rows": 3,
          "Plan Width": 8,
          "Actual Startup Time": 1031.536,
          "Actual Total Time": 1107.498,
          "Actual Rows": 4,
          "Actual Loops": 1,
          "Workers Planned": 3,
          "Workers Launched": 3,
          "Single Copy": false,
          "Plans": [
            {
              "Node Type": "Aggregate",
              "Strategy": "Plain",
              "Partial Mode": "Partial",
              "Parent Relationship": "Outer",
              "Parallel Aware": false,
              "Startup Cost": 318003.98,
              "Total Cost": 318003.99,
              "Plan Rows": 1,
              "Plan Width": 8,
              "Actual Startup Time": 1025.526,
              "Actual Total Time": 1025.53,
              "Actual Rows": 1,
              "Actual Loops": 4,
              "Plans": [
                {
                  "Node Type": "Nested Loop",
                  "Parent Relationship": "Outer",
                  "Parallel Aware": false,
                  "Join Type": "Inner",
                  "Startup Cost": 47208.6,
                  "Total Cost": 317660.85,
                  "Plan Rows": 137251,
                  "Plan Width": 0,
                  "Actual Startup Time": 169.106,
                  "Actual Total Time": 1021.461,
                  "Actual Rows": 56928,
                  "Actual Loops": 4,
                  "Inner Unique": false,
                  "Join Filter": "(t.id = ci.movie_id)",
                  "Rows Removed by Join Filter": 0,
                  "Plans": [
                    {
                      "Node Type": "Hash Join",
                      "Parent Relationship": "Outer",
                      "Parallel Aware": true,
                      "Join Type": "Inner",
                      "Startup Cost": 47208.04,
                      "Total Cost": 77647.84,
                      "Plan Rows": 94095,
                      "Plan Width": 8,
                      "Actual Startup Time": 168.8,
                      "Actual Total Time": 280.101,
                      "Actual Rows": 45796,
                      "Actual Loops": 4,
                      "Inner Unique": true,
                      "Hash Cond": "(mc.movie_id = t.id)",
                      "Plans": [
                        {
                          "Node Type": "Seq Scan",
                          "Parent Relationship": "Outer",
                          "Parallel Aware": true,
                          "Relation Name": "movie_companies",
                          "Alias": "mc",
                          "Startup Cost": 0.0,
                          "Total Cost": 29310.68,
                          "Plan Rows": 430142,
                          "Plan Width": 4,
                          "Actual Startup Time": 28.883,
                          "Actual Total Time": 65.225,
                          "Actual Rows": 333721,
                          "Actual Loops": 4,
                          "Filter": "(company_type_id = 2)",
                          "Rows Removed by Filter": 318562
                        },
                        {
                          "Node Type": "Hash",
                          "Parent Relationship": "Inner",
                          "Parallel Aware": true,
                          "Startup Cost": 45479.59,
                          "Total Cost": 45479.59,
                          "Plan Rows": 138276,
                          "Plan Width": 4,
                          "Actual Startup Time": 136.564,
                          "Actual Total Time": 136.565,
                          "Actual Rows": 113558,
                          "Actual Loops": 4,
                          "Hash Buckets": 1048576,
                          "Original Hash Buckets": 1048576,
                          "Hash Batches": 1,
                          "Original Hash Batches": 1,
                          "Peak Memory Usage": 26016,
                          "Plans": [
                            {
                              "Node Type": "Seq Scan",
                              "Parent Relationship": "Outer",
                              "Parallel Aware": true,
                              "Relation Name": "title",
                              "Alias": "t",
                              "Startup Cost": 0.0,
                              "Total Cost": 45479.59,
                              "Plan Rows": 138276,
                              "Plan Width": 4,
                              "Actual Startup Time": 0.028,
                              "Actual Total Time": 94.696,
                              "Actual Rows": 113558,
                              "Actual Loops": 4,
                              "Filter": "((production_year < 1998) AND (kind_id = 7))",
                              "Rows Removed by Filter": 518520
                            }
                          ]
                        }
                      ]
                    },
                    {
                      "Node Type": "Index Scan",
                      "Parent Relationship": "Inner",
                      "Parallel Aware": false,
                      "Scan Direction": "Forward",
                      "Index Name": "movie_id_cast_info",
                      "Relation Name": "cast_info",
                      "Alias": "ci",
                      "Startup Cost": 0.56,
                      "Total Cost": 2.5,
                      "Plan Rows": 4,
                      "Plan Width": 4,
                      "Actual Startup Time": 0.014,
                      "Actual Total Time": 0.016,
                      "Actual Rows": 1,
                      "Actual Loops": 183185,
                      "Index Cond": "(movie_id = mc.movie_id)",
                      "Rows Removed by Index Recheck": 0,
                      "Filter": "((person_id < 1408992) AND (role_id > 4))",
                      "Rows Removed by Filter": 19
                    }
                  ]
                }
              ]
            }
          ]
        }
      ]
    },
    "Planning Time": 0.683,
    "Triggers": [],
    "Execution Time": 1107.58
  }
]