{
    "Plan": {
        "Node Type": "Aggregate",
        "Strategy": "Plain",
        "Partial Mode": "Finalize",
        "Parallel Aware": false,
        "Startup Cost": 88636.44,
        "Total Cost": 88636.45,
        "Plan Rows": 1,
        "Plan Width": 8,
        "Actual Startup Time": 219.787,
        "Actual Total Time": 239.426,
        "Actual Rows": 1,
        "Actual Loops": 1,
        "Output": [
            "count(*)"
        ],
        "Plans": [
            {
                "Node Type": "Gather",
                "Parent Relationship": "Outer",
                "Parallel Aware": false,
                "Startup Cost": 88636.13,
                "Total Cost": 88636.44,
                "Plan Rows": 3,
                "Plan Width": 8,
                "Actual Startup Time": 218.992,
                "Actual Total Time": 239.418,
                "Actual Rows": 4,
                "Actual Loops": 1,
                "Output": [
                    "(PARTIAL count(*))"
                ],
                "Workers Planned": 3,
                "Workers Launched": 3,
                "Single Copy": false,
                "Plans": [
                    {
                        "Node Type": "Aggregate",
                        "Strategy": "Plain",
                        "Partial Mode": "Partial",
                        "Parent Relationship": "Outer",
                        "Parallel Aware": false,
                        "Startup Cost": 87636.13,
                        "Total Cost": 87636.14,
                        "Plan Rows": 1,
                        "Plan Width": 8,
                        "Actual Startup Time": 210.38,
                        "Actual Total Time": 210.383,
                        "Actual Rows": 1,
                        "Actual Loops": 4,
                        "Output": [
                            "PARTIAL count(*)"
                        ],
                        "Workers": [
                            {
                                "Worker Number": 0,
                                "Actual Startup Time": 207.136,
                                "Actual Total Time": 207.139,
                                "Actual Rows": 1,
                                "Actual Loops": 1
                            },
                            {
                                "Worker Number": 1,
                                "Actual Startup Time": 207.99,
                                "Actual Total Time": 207.992,
                                "Actual Rows": 1,
                                "Actual Loops": 1
                            },
                            {
                                "Worker Number": 2,
                                "Actual Startup Time": 208.094,
                                "Actual Total Time": 208.097,
                                "Actual Rows": 1,
                                "Actual Loops": 1
                            }
                        ],
                        "Plans": [
                            {
                                "Node Type": "Nested Loop",
                                "Parent Relationship": "Outer",
                                "Parallel Aware": false,
                                "Join Type": "Inner",
                                "Startup Cost": 44239.71,
                                "Total Cost": 87608.62,
                                "Plan Rows": 11004,
                                "Plan Width": 0,
                                "Actual Startup Time": 104.684,
                                "Actual Total Time": 208.945,
                                "Actual Rows": 34437,
                                "Actual Loops": 4,
                                "Inner Unique": false,
                                "Join Filter": "(t.id = mk.movie_id)",
                                "Rows Removed by Join Filter": 0,
                                "Workers": [
                                    {
                                        "Worker Number": 0,
                                        "Actual Startup Time": 101.624,
                                        "Actual Total Time": 205.812,
                                        "Actual Rows": 32067,
                                        "Actual Loops": 1
                                    },
                                    {
                                        "Worker Number": 1,
                                        "Actual Startup Time": 102.172,
                                        "Actual Total Time": 206.559,
                                        "Actual Rows": 34585,
                                        "Actual Loops": 1
                                    },
                                    {
                                        "Worker Number": 2,
                                        "Actual Startup Time": 102.474,
                                        "Actual Total Time": 206.813,
                                        "Actual Rows": 29846,
                                        "Actual Loops": 1
                                    }
                                ],
                                "Plans": [
                                    {
                                        "Node Type": "Hash Join",
                                        "Parent Relationship": "Outer",
                                        "Parallel Aware": true,
                                        "Join Type": "Inner",
                                        "Startup Cost": 44239.28,
                                        "Total Cost": 73924.82,
                                        "Plan Rows": 6150,
                                        "Plan Width": 8,
                                        "Actual Startup Time": 104.605,
                                        "Actual Total Time": 179.085,
                                        "Actual Rows": 4199,
                                        "Actual Loops": 4,
                                        "Output": [
                                            "t.id",
                                            "mc.movie_id"
                                        ],
                                        "Inner Unique": true,
                                        "Hash Cond": "(mc.movie_id = t.id)",
                                        "Workers": [
                                            {
                                                "Worker Number": 0,
                                                "Actual Startup Time": 101.523,
                                                "Actual Total Time": 171.119,
                                                "Actual Rows": 3146,
                                                "Actual Loops": 1
                                            },
                                            {
                                                "Worker Number": 1,
                                                "Actual Startup Time": 102.127,
                                                "Actual Total Time": 175.549,
                                                "Actual Rows": 4022,
                                                "Actual Loops": 1
                                            },
                                            {
                                                "Worker Number": 2,
                                                "Actual Startup Time": 102.327,
                                                "Actual Total Time": 176.024,
                                                "Actual Rows": 4178,
                                                "Actual Loops": 1
                                            }
                                        ],
                                        "Plans": [
                                            {
                                                "Node Type": "Seq Scan",
                                                "Parent Relationship": "Outer",
                                                "Parallel Aware": true,
                                                "Relation Name": "movie_companies",
                                                "Schema": "public",
                                                "Alias": "mc",
                                                "Startup Cost": 0.0,
                                                "Total Cost": 29310.68,
                                                "Plan Rows": 142803,
                                                "Plan Width": 4,
                                                "Actual Startup Time": 0.018,
                                                "Actual Total Time": 55.958,
                                                "Actual Rows": 109313,
                                                "Actual Loops": 4,
                                                "Output": [
                                                    "mc.id",
                                                    "mc.movie_id",
                                                    "mc.company_id",
                                                    "mc.company_type_id",
                                                    "mc.note"
                                                ],
                                                "Filter": "(mc.company_id < 321)",
                                                "Rows Removed by Filter": 542969,
                                                "Workers": [
                                                    {
                                                        "Worker Number": 0,
                                                        "Actual Startup Time": 0.025,
                                                        "Actual Total Time": 50.556,
                                                        "Actual Rows": 89414,
                                                        "Actual Loops": 1
                                                    },
                                                    {
                                                        "Worker Number": 1,
                                                        "Actual Startup Time": 0.02,
                                                        "Actual Total Time": 55.842,
                                                        "Actual Rows": 104226,
                                                        "Actual Loops": 1
                                                    },
                                                    {
                                                        "Worker Number": 2,
                                                        "Actual Startup Time": 0.02,
                                                        "Actual Total Time": 56.408,
                                                        "Actual Rows": 101406,
                                                        "Actual Loops": 1
                                                    }
                                                ]
                                            },
                                            {
                                                "Node Type": "Hash",
                                                "Parent Relationship": "Inner",
                                                "Parallel Aware": true,
                                                "Startup Cost": 43899.01,
                                                "Total Cost": 43899.01,
                                                "Plan Rows": 27222,
                                                "Plan Width": 4,
                                                "Actual Startup Time": 102.803,
                                                "Actual Total Time": 102.804,
                                                "Actual Rows": 27107,
                                                "Actual Loops": 4,
                                                "Output": [
                                                    "t.id"
                                                ],
                                                "Hash Buckets": 131072,
                                                "Original Hash Buckets": 131072,
                                                "Hash Batches": 1,
                                                "Original Hash Batches": 1,
                                                "Peak Memory Usage": 5376,
                                                "Workers": [
                                                    {
                                                        "Worker Number": 0,
                                                        "Actual Startup Time": 100.887,
                                                        "Actual Total Time": 100.888,
                                                        "Actual Rows": 21498,
                                                        "Actual Loops": 1
                                                    },
                                                    {
                                                        "Worker Number": 1,
                                                        "Actual Startup Time": 101.599,
                                                        "Actual Total Time": 101.6,
                                                        "Actual Rows": 24584,
                                                        "Actual Loops": 1
                                                    },
                                                    {
                                                        "Worker Number": 2,
                                                        "Actual Startup Time": 101.842,
                                                        "Actual Total Time": 101.843,
                                                        "Actual Rows": 24585,
                                                        "Actual Loops": 1
                                                    }
                                                ],
                                                "Plans": [
                                                    {
                                                        "Node Type": "Seq Scan",
                                                        "Parent Relationship": "Outer",
                                                        "Parallel Aware": true,
                                                        "Relation Name": "title",
                                                        "Schema": "public",
                                                        "Alias": "t",
                                                        "Startup Cost": 0.0,
                                                        "Total Cost": 43899.01,
                                                        "Plan Rows": 27222,
                                                        "Plan Width": 4,
                                                        "Actual Startup Time": 0.076,
                                                        "Actual Total Time": 92.149,
                                                        "Actual Rows": 27107,
                                                        "Actual Loops": 4,
                                                        "Output": [
                                                            "t.id"
                                                        ],
                                                        "Filter": "(t.production_year = 2006)",
                                                        "Rows Removed by Filter": 604971,
                                                        "Workers": [
                                                            {
                                                                "Worker Number": 0,
                                                                "Actual Startup Time": 0.075,
                                                                "Actual Total Time": 89.95,
                                                                "Actual Rows": 21498,
                                                                "Actual Loops": 1
                                                            },
                                                            {
                                                                "Worker Number": 1,
                                                                "Actual Startup Time": 0.069,
                                                                "Actual Total Time": 92.046,
                                                                "Actual Rows": 24584,
                                                                "Actual Loops": 1
                                                            },
                                                            {
                                                                "Worker Number": 2,
                                                                "Actual Startup Time": 0.131,
                                                                "Actual Total Time": 92.208,
                                                                "Actual Rows": 24585,
                                                                "Actual Loops": 1
                                                            }
                                                        ]
                                                    }
                                                ]
                                            }
                                        ]
                                    },
                                    {
                                        "Node Type": "Index Only Scan",
                                        "Parent Relationship": "Inner",
                                        "Parallel Aware": false,
                                        "Scan Direction": "Forward",
                                        "Index Name": "movie_id_movie_keyword",
                                        "Relation Name": "movie_keyword",
                                        "Schema": "public",
                                        "Alias": "mk",
                                        "Startup Cost": 0.43,
                                        "Total Cost": 1.65,
                                        "Plan Rows": 46,
                                        "Plan Width": 4,
                                        "Actual Startup Time": 0.005,
                                        "Actual Total Time": 0.006,
                                        "Actual Rows": 8,
                                        "Actual Loops": 16796,
                                        "Output": [
                                            "mk.movie_id"
                                        ],
                                        "Index Cond": "(mk.movie_id = mc.movie_id)",
                                        "Rows Removed by Index Recheck": 0,
                                        "Heap Fetches": 137748,
                                        "Workers": [
                                            {
                                                "Worker Number": 0,
                                                "Actual Startup Time": 0.008,
                                                "Actual Total Time": 0.01,
                                                "Actual Rows": 10,
                                                "Actual Loops": 3146
                                            },
                                            {
                                                "Worker Number": 1,
                                                "Actual Startup Time": 0.005,
                                                "Actual Total Time": 0.007,
                                                "Actual Rows": 9,
                                                "Actual Loops": 4022
                                            },
                                            {
                                                "Worker Number": 2,
                                                "Actual Startup Time": 0.005,
                                                "Actual Total Time": 0.007,
                                                "Actual Rows": 7,
                                                "Actual Loops": 4178
                                            }
                                        ]
                                    }
                                ]
                            }
                        ]
                    }
                ]
            }
        ]
    },
    "Planning Time": 1.602,
    "Triggers": [],
    "Execution Time": 239.512
}