{
    "Plan": {
        "Node Type": "Aggregate",
        "Strategy": "Plain",
        "Partial Mode": "Finalize",
        "Parallel Aware": false,
        "Startup Cost": 394542.62,
        "Total Cost": 394542.63,
        "Plan Rows": 1,
        "Plan Width": 8,
        "Actual Startup Time": 837.237,
        "Actual Total Time": 886.754,
        "Actual Rows": 1,
        "Actual Loops": 1,
        "Output": [
            "count(*)"
        ],
        "Plans": [
            {
                "Node Type": "Gather",
                "Parent Relationship": "Outer",
                "Parallel Aware": false,
                "Startup Cost": 394542.0,
                "Total Cost": 394542.61,
                "Plan Rows": 6,
                "Plan Width": 8,
                "Actual Startup Time": 835.148,
                "Actual Total Time": 886.743,
                "Actual Rows": 7,
                "Actual Loops": 1,
                "Output": [
                    "(PARTIAL count(*))"
                ],
                "Workers Planned": 6,
                "Workers Launched": 6,
                "Single Copy": false,
                "Plans": [
                    {
                        "Node Type": "Aggregate",
                        "Strategy": "Plain",
                        "Partial Mode": "Partial",
                        "Parent Relationship": "Outer",
                        "Parallel Aware": false,
                        "Startup Cost": 393542.0,
                        "Total Cost": 393542.01,
                        "Plan Rows": 1,
                        "Plan Width": 8,
                        "Actual Startup Time": 824.617,
                        "Actual Total Time": 824.62,
                        "Actual Rows": 1,
                        "Actual Loops": 7,
                        "Output": [
                            "PARTIAL count(*)"
                        ],
                        "Workers": [
                            {
                                "Worker Number": 0,
                                "Actual Startup Time": 822.298,
                                "Actual Total Time": 822.301,
                                "Actual Rows": 1,
                                "Actual Loops": 1
                            },
                            {
                                "Worker Number": 1,
                                "Actual Startup Time": 822.41,
                                "Actual Total Time": 822.413,
                                "Actual Rows": 1,
                                "Actual Loops": 1
                            },
                            {
                                "Worker Number": 2,
                                "Actual Startup Time": 822.425,
                                "Actual Total Time": 822.428,
                                "Actual Rows": 1,
                                "Actual Loops": 1
                            },
                            {
                                "Worker Number": 3,
                                "Actual Startup Time": 823.617,
                                "Actual Total Time": 823.62,
                                "Actual Rows": 1,
                                "Actual Loops": 1
                            },
                            {
                                "Worker Number": 4,
                                "Actual Startup Time": 823.558,
                                "Actual Total Time": 823.56,
                                "Actual Rows": 1,
                                "Actual Loops": 1
                            },
                            {
                                "Worker Number": 5,
                                "Actual Startup Time": 823.875,
                                "Actual Total Time": 823.878,
                                "Actual Rows": 1,
                                "Actual Loops": 1
                            }
                        ],
                        "Plans": [
                            {
                                "Node Type": "Hash Join",
                                "Parent Relationship": "Outer",
                                "Parallel Aware": true,
                                "Join Type": "Inner",
                                "Startup Cost": 46352.97,
                                "Total Cost": 393173.23,
                                "Plan Rows": 147506,
                                "Plan Width": 0,
                                "Actual Startup Time": 342.823,
                                "Actual Total Time": 820.944,
                                "Actual Rows": 69059,
                                "Actual Loops": 7,
                                "Inner Unique": true,
                                "Hash Cond": "(ci.movie_id = t.id)",
                                "Workers": [
                                    {
                                        "Worker Number": 0,
                                        "Actual Startup Time": 327.605,
                                        "Actual Total Time": 818.816,
                                        "Actual Rows": 74110,
                                        "Actual Loops": 1
                                    },
                                    {
                                        "Worker Number": 1,
                                        "Actual Startup Time": 334.837,
                                        "Actual Total Time": 818.296,
                                        "Actual Rows": 53943,
                                        "Actual Loops": 1
                                    },
                                    {
                                        "Worker Number": 2,
                                        "Actual Startup Time": 337.306,
                                        "Actual Total Time": 818.844,
                                        "Actual Rows": 74112,
                                        "Actual Loops": 1
                                    },
                                    {
                                        "Worker Number": 3,
                                        "Actual Startup Time": 364.812,
                                        "Actual Total Time": 819.636,
                                        "Actual Rows": 51823,
                                        "Actual Loops": 1
                                    },
                                    {
                                        "Worker Number": 4,
                                        "Actual Startup Time": 338.487,
                                        "Actual Total Time": 820.061,
                                        "Actual Rows": 74423,
                                        "Actual Loops": 1
                                    },
                                    {
                                        "Worker Number": 5,
                                        "Actual Startup Time": 350.182,
                                        "Actual Total Time": 820.46,
                                        "Actual Rows": 70262,
                                        "Actual Loops": 1
                                    }
                                ],
                                "Plans": [
                                    {
                                        "Node Type": "Seq Scan",
                                        "Parent Relationship": "Outer",
                                        "Parallel Aware": true,
                                        "Relation Name": "cast_info",
                                        "Schema": "public",
                                        "Alias": "ci",
                                        "Startup Cost": 0.0,
                                        "Total Cost": 343318.94,
                                        "Plan Rows": 1333832,
                                        "Plan Width": 4,
                                        "Actual Startup Time": 219.827,
                                        "Actual Total Time": 601.618,
                                        "Actual Rows": 490313,
                                        "Actual Loops": 7,
                                        "Output": [
                                            "ci.id",
                                            "ci.person_id",
                                            "ci.movie_id",
                                            "ci.person_role_id",
                                            "ci.note",
                                            "ci.nr_order",
                                            "ci.role_id"
                                        ],
                                        "Filter": "((ci.person_id < 1220602) AND (ci.role_id > 1))",
                                        "Rows Removed by Filter": 4687451,
                                        "Workers": [
                                            {
                                                "Worker Number": 0,
                                                "Actual Startup Time": 218.426,
                                                "Actual Total Time": 601.006,
                                                "Actual Rows": 541348,
                                                "Actual Loops": 1
                                            },
                                            {
                                                "Worker Number": 1,
                                                "Actual Startup Time": 218.615,
                                                "Actual Total Time": 607.963,
                                                "Actual Rows": 376647,
                                                "Actual Loops": 1
                                            },
                                            {
                                                "Worker Number": 2,
                                                "Actual Startup Time": 222.218,
                                                "Actual Total Time": 600.072,
                                                "Actual Rows": 504947,
                                                "Actual Loops": 1
                                            },
                                            {
                                                "Worker Number": 3,
                                                "Actual Startup Time": 220.137,
                                                "Actual Total Time": 608.185,
                                                "Actual Rows": 373560,
                                                "Actual Loops": 1
                                            },
                                            {
                                                "Worker Number": 4,
                                                "Actual Startup Time": 219.415,
                                                "Actual Total Time": 600.607,
                                                "Actual Rows": 537332,
                                                "Actual Loops": 1
                                            },
                                            {
                                                "Worker Number": 5,
                                                "Actual Startup Time": 220.009,
                                                "Actual Total Time": 601.996,
                                                "Actual Rows": 506853,
                                                "Actual Loops": 1
                                            }
                                        ]
                                    },
                                    {
                                        "Node Type": "Hash",
                                        "Parent Relationship": "Inner",
                                        "Parallel Aware": true,
                                        "Startup Cost": 45479.21,
                                        "Total Cost": 45479.21,
                                        "Plan Rows": 69901,
                                        "Plan Width": 4,
                                        "Actual Startup Time": 98.164,
                                        "Actual Total Time": 98.165,
                                        "Actual Rows": 56003,
                                        "Actual Loops": 7,
                                        "Output": [
                                            "t.id"
                                        ],
                                        "Hash Buckets": 524288,
                                        "Original Hash Buckets": 524288,
                                        "Hash Batches": 1,
                                        "Original Hash Batches": 1,
                                        "Peak Memory Usage": 19520,
                                        "Workers": [
                                            {
                                                "Worker Number": 0,
                                                "Actual Startup Time": 97.66,
                                                "Actual Total Time": 97.661,
                                                "Actual Rows": 56971,
                                                "Actual Loops": 1
                                            },
                                            {
                                                "Worker Number": 1,
                                                "Actual Startup Time": 97.733,
                                                "Actual Total Time": 97.734,
                                                "Actual Rows": 44899,
                                                "Actual Loops": 1
                                            },
                                            {
                                                "Worker Number": 2,
                                                "Actual Startup Time": 97.825,
                                                "Actual Total Time": 97.826,
                                                "Actual Rows": 58283,
                                                "Actual Loops": 1
                                            },
                                            {
                                                "Worker Number": 3,
                                                "Actual Startup Time": 98.605,
                                                "Actual Total Time": 98.606,
                                                "Actual Rows": 43724,
                                                "Actual Loops": 1
                                            },
                                            {
                                                "Worker Number": 4,
                                                "Actual Startup Time": 98.885,
                                                "Actual Total Time": 98.886,
                                                "Actual Rows": 56571,
                                                "Actual Loops": 1
                                            },
                                            {
                                                "Worker Number": 5,
                                                "Actual Startup Time": 99.211,
                                                "Actual Total Time": 99.212,
                                                "Actual Rows": 58896,
                                                "Actual Loops": 1
                                            }
                                        ],
                                        "Plans": [
                                            {
                                                "Node Type": "Seq Scan",
                                                "Parent Relationship": "Outer",
                                                "Parallel Aware": true,
                                                "Relation Name": "title",
                                                "Schema": "public",
                                                "Alias": "t",
                                                "Startup Cost": 0.0,
                                                "Total Cost": 45479.21,
                                                "Plan Rows": 69901,
                                                "Plan Width": 4,
                                                "Actual Startup Time": 0.111,
                                                "Actual Total Time": 73.423,
                                                "Actual Rows": 56003,
                                                "Actual Loops": 7,
                                                "Output": [
                                                    "t.id"
                                                ],
                                                "Filter": "((t.kind_id < 7) AND (t.production_year < 1991))",
                                                "Rows Removed by Filter": 305185,
                                                "Workers": [
                                                    {
                                                        "Worker Number": 0,
                                                        "Actual Startup Time": 0.151,
                                                        "Actual Total Time": 73.302,
                                                        "Actual Rows": 56971,
                                                        "Actual Loops": 1
                                                    },
                                                    {
                                                        "Worker Number": 1,
                                                        "Actual Startup Time": 0.16,
                                                        "Actual Total Time": 74.351,
                                                        "Actual Rows": 44899,
                                                        "Actual Loops": 1
                                                    },
                                                    {
                                                        "Worker Number": 2,
                                                        "Actual Startup Time": 0.12,
                                                        "Actual Total Time": 73.179,
                                                        "Actual Rows": 58283,
                                                        "Actual Loops": 1
                                                    },
                                                    {
                                                        "Worker Number": 3,
                                                        "Actual Startup Time": 0.168,
                                                        "Actual Total Time": 74.374,
                                                        "Actual Rows": 43724,
                                                        "Actual Loops": 1
                                                    },
                                                    {
                                                        "Worker Number": 4,
                                                        "Actual Startup Time": 0.066,
                                                        "Actual Total Time": 73.153,
                                                        "Actual Rows": 56571,
                                                        "Actual Loops": 1
                                                    },
                                                    {
                                                        "Worker Number": 5,
                                                        "Actual Startup Time": 0.066,
                                                        "Actual Total Time": 73.558,
                                                        "Actual Rows": 58896,
                                                        "Actual Loops": 1
                                                    }
                                                ]
                                            }
                                        ]
                                    }
                                ]
                            }
                        ]
                    }
                ]
            }
        ]
    },
    "Planning Time": 0.766,
    "Triggers": [],
    "Execution Time": 886.847
}