[
  {
    "Plan": {
      "Node Type": "Aggregate",
      "Strategy": "Plain",
      "Partial Mode": "Finalize",
      "Parallel Aware": false,
      "Startup Cost": 204432.65,
      "Total Cost": 204432.66,
      "Plan Rows": 1,
      "Plan Width": 8,
      "Actual Startup Time": 2474.075,
      "Actual Total Time": 2564.288,
      "Actual Rows": 1,
      "Actual Loops": 1,
      "Plans": [
        {
          "Node Type": "Gather",
          "Parent Relationship": "Outer",
          "Parallel Aware": false,
          "Startup Cost": 204432.33,
          "Total Cost": 204432.64,
          "Plan Rows": 3,
          "Plan Width": 8,
          "Actual Startup Time": 2472.923,
          "Actual Total Time": 2564.277,
          "Actual Rows": 4,
          "Actual Loops": 1,
          "Workers Planned": 3,
          "Workers Launched": 3,
          "Single Copy": false,
          "Plans": [
            {
              "Node Type": "Aggregate",
              "Strategy": "Plain",
              "Partial Mode": "Partial",
              "Parent Relationship": "Outer",
              "Parallel Aware": false,
              "Startup Cost": 203432.33,
              "Total Cost": 203432.34,
              "Plan Rows": 1,
              "Plan Width": 8,
              "Actual Startup Time": 2465.656,
              "Actual Total Time": 2465.66,
              "Actual Rows": 1,
              "Actual Loops": 4,
              "Plans": [
                {
                  "Node Type": "Nested Loop",
                  "Parent Relationship": "Outer",
                  "Parallel Aware": false,
                  "Join Type": "Inner",
                  "Startup Cost": 46524.68,
                  "Total Cost": 202540.12,
                  "Plan Rows": 356885,
                  "Plan Width": 0,
                  "Actual Startup Time": 150.721,
                  "Actual Total Time": 2410.937,
                  "Actual Rows": 1155753,
                  "Actual Loops": 4,
                  "Inner Unique": false,
                  "Join Filter": "(t.id = ci.movie_id)",
                  "Rows Removed by Join Filter": 0,
                  "Plans": [
                    {
                      "Node Type": "Hash Join",
                      "Parent Relationship": "Outer",
                      "Parallel Aware": true,
                      "Join Type": "Inner",
                      "Startup Cost": 46524.11,
                      "Total Cost": 76584.5,
                      "Plan Rows": 37775,
                      "Plan Width": 8,
                      "Actual Startup Time": 150.617,
                      "Actual Total Time": 301.483,
                      "Actual Rows": 74388,
                      "Actual Loops": 4,
                      "Inner Unique": true,
                      "Hash Cond": "(mc.movie_id = t.id)",
                      "Plans": [
                        {
                          "Node Type": "Seq Scan",
                          "Parent Relationship": "Outer",
                          "Parallel Aware": true,
                          "Relation Name": "movie_companies",
                          "Alias": "mc",
                          "Startup Cost": 0.0,
                          "Total Cost": 29310.68,
                          "Plan Rows": 285603,
                          "Plan Width": 4,
                          "Actual Startup Time": 10.302,
                          "Actual Total Time": 65.016,
                          "Actual Rows": 225055,
                          "Actual Loops": 4,
                          "Filter": "(company_id > 21415)",
                          "Rows Removed by Filter": 427227
                        },
                        {
                          "Node Type": "Hash",
                          "Parent Relationship": "Inner",
                          "Parallel Aware": true,
                          "Startup Cost": 45479.1,
                          "Total Cost": 45479.1,
                          "Plan Rows": 83601,
                          "Plan Width": 4,
                          "Actual Startup Time": 137.101,
                          "Actual Total Time": 137.102,
                          "Actual Rows": 108780,
                          "Actual Loops": 4,
                          "Hash Buckets": 524288,
                          "Original Hash Buckets": 524288,
                          "Hash Batches": 1,
                          "Original Hash Batches": 1,
                          "Peak Memory Usage": 21184,
                          "Plans": [
                            {
                              "Node Type": "Seq Scan",
                              "Parent Relationship": "Outer",
                              "Parallel Aware": true,
                              "Relation Name": "title",
                              "Alias": "t",
                              "Startup Cost": 0.0,
                              "Total Cost": 45479.1,
                              "Plan Rows": 83601,
                              "Plan Width": 4,
                              "Actual Startup Time": 0.046,
                              "Actual Total Time": 99.912,
                              "Actual Rows": 108780,
                              "Actual Loops": 4,
                              "Filter": "((kind_id < 3) AND (production_year < 2002))",
                              "Rows Removed by Filter": 523298
                            }
                          ]
                        }
                      ]
                    },
                    {
                      "Node Type": "Index Scan",
                      "Parent Relationship": "Inner",
                      "Parallel Aware": false,
                      "Scan Direction": "Forward",
                      "Index Name": "movie_id_cast_info",
                      "Relation Name": "cast_info",
                      "Alias": "ci",
                      "Startup Cost": 0.56,
                      "Total Cost": 3.03,
                      "Plan Rows": 24,
                      "Plan Width": 4,
                      "Actual Startup Time": 0.004,
                      "Actual Total Time": 0.027,
                      "Actual Rows": 16,
                      "Actual Loops": 297552,
                      "Index Cond": "(movie_id = mc.movie_id)",
                      "Rows Removed by Index Recheck": 0,
                      "Filter": "(role_id < 4)",
                      "Rows Removed by Filter": 8
                    }
                  ]
                }
              ]
            }
          ]
        }
      ]
    },
    "Planning Time": 1.383,
    "Triggers": [],
    "Execution Time": 2564.387
  }
]