[
  {
    "Plan": {
      "Node Type": "Aggregate",
      "Strategy": "Plain",
      "Partial Mode": "Finalize",
      "Parallel Aware": false,
      "Startup Cost": 83068.02,
      "Total Cost": 83068.03,
      "Plan Rows": 1,
      "Plan Width": 8,
      "Actual Startup Time": 596.113,
      "Actual Total Time": 612.659,
      "Actual Rows": 1,
      "Actual Loops": 1,
      "Plans": [
        {
          "Node Type": "Gather",
          "Parent Relationship": "Outer",
          "Parallel Aware": false,
          "Startup Cost": 83067.71,
          "Total Cost": 83068.02,
          "Plan Rows": 3,
          "Plan Width": 8,
          "Actual Startup Time": 577.897,
          "Actual Total Time": 612.65,
          "Actual Rows": 4,
          "Actual Loops": 1,
          "Workers Planned": 3,
          "Workers Launched": 3,
          "Single Copy": false,
          "Plans": [
            {
              "Node Type": "Aggregate",
              "Strategy": "Plain",
              "Partial Mode": "Partial",
              "Parent Relationship": "Outer",
              "Parallel Aware": false,
              "Startup Cost": 82067.71,
              "Total Cost": 82067.72,
              "Plan Rows": 1,
              "Plan Width": 8,
              "Actual Startup Time": 550.196,
              "Actual Total Time": 550.2,
              "Actual Rows": 1,
              "Actual Loops": 4,
              "Plans": [
                {
                  "Node Type": "Hash Join",
                  "Parent Relationship": "Outer",
                  "Parallel Aware": true,
                  "Join Type": "Inner",
                  "Startup Cost": 49516.47,
                  "Total Cost": 81608.91,
                  "Plan Rows": 183517,
                  "Plan Width": 0,
                  "Actual Startup Time": 453.576,
                  "Actual Total Time": 545.009,
                  "Actual Rows": 100114,
                  "Actual Loops": 4,
                  "Inner Unique": true,
                  "Hash Cond": "(mc.movie_id = t.id)",
                  "Plans": [
                    {
                      "Node Type": "Seq Scan",
                      "Parent Relationship": "Outer",
                      "Parallel Aware": true,
                      "Relation Name": "movie_companies",
                      "Alias": "mc",
                      "Startup Cost": 0.0,
                      "Total Cost": 31414.82,
                      "Plan Rows": 258143,
                      "Plan Width": 4,
                      "Actual Startup Time": 35.652,
                      "Actual Total Time": 72.779,
                      "Actual Rows": 125642,
                      "Actual Loops": 4,
                      "Filter": "((company_id < 15330) AND (company_type_id = 2))",
                      "Rows Removed by Filter": 526640
                    },
                    {
                      "Node Type": "Hash",
                      "Parent Relationship": "Inner",
                      "Parallel Aware": true,
                      "Startup Cost": 43899.32,
                      "Total Cost": 43899.32,
                      "Plan Rows": 449372,
                      "Plan Width": 4,
                      "Actual Startup Time": 406.222,
                      "Actual Total Time": 406.223,
                      "Actual Rows": 448538,
                      "Actual Loops": 4,
                      "Hash Buckets": 2097152,
                      "Original Hash Buckets": 2097152,
                      "Hash Batches": 1,
                      "Original Hash Batches": 1,
                      "Peak Memory Usage": 86624,
                      "Plans": [
                        {
                          "Node Type": "Seq Scan",
                          "Parent Relationship": "Outer",
                          "Parallel Aware": true,
                          "Relation Name": "title",
                          "Alias": "t",
                          "Startup Cost": 0.0,
                          "Total Cost": 43899.32,
                          "Plan Rows": 449372,
                          "Plan Width": 4,
                          "Actual Startup Time": 0.046,
                          "Actual Total Time": 140.055,
                          "Actual Rows": 448538,
                          "Actual Loops": 4,
                          "Filter": "(production_year < 2009)",
                          "Rows Removed by Filter": 183540
                        }
                      ]
                    }
                  ]
                }
              ]
            }
          ]
        }
      ]
    },
    "Planning Time": 0.663,
    "Triggers": [],
    "Execution Time": 612.742
  }
]