{
  "Plan": {
    "Node Type": "Aggregate",
    "Strategy": "Plain",
    "Partial Mode": "Finalize",
    "Parallel Aware": false,
    "Startup Cost": 77934.92,
    "Total Cost": 77934.93,
    "Plan Rows": 1,
    "Plan Width": 8,
    "Actual Startup Time": 297.216,
    "Actual Total Time": 312.345,
    "Actual Rows": 1,
    "Actual Loops": 1,
    "Plans": [
      {
        "Node Type": "Gather",
        "Parent Relationship": "Outer",
        "Parallel Aware": false,
        "Startup Cost": 77934.81,
        "Total Cost": 77934.92,
        "Plan Rows": 1,
        "Plan Width": 8,
        "Actual Startup Time": 296.94,
        "Actual Total Time": 312.338,
        "Actual Rows": 2,
        "Actual Loops": 1,
        "Workers Planned": 1,
        "Workers Launched": 1,
        "Single Copy": false,
        "Plans": [
          {
            "Node Type": "Aggregate",
            "Strategy": "Plain",
            "Partial Mode": "Partial",
            "Parent Relationship": "Outer",
            "Parallel Aware": false,
            "Startup Cost": 76934.81,
            "Total Cost": 76934.82,
            "Plan Rows": 1,
            "Plan Width": 8,
            "Actual Startup Time": 291.242,
            "Actual Total Time": 291.245,
            "Actual Rows": 1,
            "Actual Loops": 2,
            "Plans": [
              {
                "Node Type": "Hash Join",
                "Parent Relationship": "Outer",
                "Parallel Aware": true,
                "Join Type": "Inner",
                "Startup Cost": 58707.27,
                "Total Cost": 76891.06,
                "Plan Rows": 17502,
                "Plan Width": 0,
                "Actual Startup Time": 164.515,
                "Actual Total Time": 290.404,
                "Actual Rows": 15128,
                "Actual Loops": 2,
                "Inner Unique": true,
                "Hash Cond": "(mi_idx.movie_id = t.id)",
                "Plans": [
                  {
                    "Node Type": "Seq Scan",
                    "Parent Relationship": "Outer",
                    "Parallel Aware": true,
                    "Relation Name": "movie_info_idx",
                    "Alias": "mi_idx",
                    "Startup Cost": 0.0,
                    "Total Cost": 16052.85,
                    "Plan Rows": 811785,
                    "Plan Width": 4,
                    "Actual Startup Time": 0.023,
                    "Actual Total Time": 58.177,
                    "Actual Rows": 690018,
                    "Actual Loops": 2
                  },
                  {
                    "Node Type": "Hash",
                    "Parent Relationship": "Inner",
                    "Parallel Aware": true,
                    "Startup Cost": 58306.47,
                    "Total Cost": 58306.47,
                    "Plan Rows": 32064,
                    "Plan Width": 4,
                    "Actual Startup Time": 162.987,
                    "Actual Total Time": 162.988,
                    "Actual Rows": 24171,
                    "Actual Loops": 2,
                    "Hash Buckets": 65536,
                    "Original Hash Buckets": 65536,
                    "Hash Batches": 1,
                    "Original Hash Batches": 1,
                    "Peak Memory Usage": 2432,
                    "Plans": [
                      {
                        "Node Type": "Seq Scan",
                        "Parent Relationship": "Outer",
                        "Parallel Aware": true,
                        "Relation Name": "title",
                        "Alias": "t",
                        "Startup Cost": 0.0,
                        "Total Cost": 58306.47,
                        "Plan Rows": 32064,
                        "Plan Width": 4,
                        "Actual Startup Time": 0.105,
                        "Actual Total Time": 155.8,
                        "Actual Rows": 24171,
                        "Actual Loops": 2,
                        "Filter": "((kind_id < 4) AND (production_year = 2012))",
                        "Rows Removed by Filter": 1239985
                      }
                    ]
                  }
                ]
              }
            ]
          }
        ]
      }
    ]
  },
  "Planning Time": 0.431,
  "Triggers": [],
  "Execution Time": 312.415
}