{
  "Plan": {
    "Node Type": "Aggregate",
    "Strategy": "Plain",
    "Partial Mode": "Simple",
    "Parallel Aware": false,
    "Startup Cost": 459792.09,
    "Total Cost": 459792.1,
    "Plan Rows": 1,
    "Plan Width": 128,
    "Actual Startup Time": 3336.551,
    "Actual Total Time": 3351.642,
    "Actual Rows": 1,
    "Actual Loops": 1,
    "Plans": [
      {
        "Node Type": "Nested Loop",
        "Parent Relationship": "Outer",
        "Parallel Aware": false,
        "Join Type": "Inner",
        "Startup Cost": 345534.66,
        "Total Cost": 459792.08,
        "Plan Rows": 1,
        "Plan Width": 81,
        "Actual Startup Time": 2426.022,
        "Actual Total Time": 3351.62,
        "Actual Rows": 6,
        "Actual Loops": 1,
        "Inner Unique": true,
        "Plans": [
          {
            "Node Type": "Hash Join",
            "Parent Relationship": "Outer",
            "Parallel Aware": false,
            "Join Type": "Inner",
            "Startup Cost": 345534.51,
            "Total Cost": 459791.89,
            "Plan Rows": 1,
            "Plan Width": 85,
            "Actual Startup Time": 2426.001,
            "Actual Total Time": 3351.557,
            "Actual Rows": 18,
            "Actual Loops": 1,
            "Inner Unique": false,
            "Hash Cond": "(n.id = ci.person_id)",
            "Plans": [
              {
                "Node Type": "Seq Scan",
                "Parent Relationship": "Outer",
                "Parallel Aware": false,
                "Relation Name": "name",
                "Alias": "n",
                "Startup Cost": 0.0,
                "Total Cost": 107705.21,
                "Plan Rows": 1747242,
                "Plan Width": 19,
                "Actual Startup Time": 0.048,
                "Actual Total Time": 853.267,
                "Actual Rows": 1739579,
                "Actual Loops": 1,
                "Filter": "((gender)::text = 'm'::text)",
                "Rows Removed by Filter": 2427912
              },
              {
                "Node Type": "Hash",
                "Parent Relationship": "Inner",
                "Parallel Aware": false,
                "Startup Cost": 345534.5,
                "Total Cost": 345534.5,
                "Plan Rows": 1,
                "Plan Width": 74,
                "Actual Startup Time": 2341.184,
                "Actual Total Time": 2356.272,
                "Actual Rows": 18,
                "Actual Loops": 1,
                "Hash Buckets": 1024,
                "Original Hash Buckets": 1024,
                "Hash Batches": 1,
                "Original Hash Batches": 1,
                "Peak Memory Usage": 10,
                "Plans": [
                  {
                    "Node Type": "Nested Loop",
                    "Parent Relationship": "Outer",
                    "Parallel Aware": false,
                    "Join Type": "Inner",
                    "Startup Cost": 345530.44,
                    "Total Cost": 345534.5,
                    "Plan Rows": 1,
                    "Plan Width": 74,
                    "Actual Startup Time": 2339.687,
                    "Actual Total Time": 2356.256,
                    "Actual Rows": 18,
                    "Actual Loops": 1,
                    "Inner Unique": false,
                    "Join Filter": "(t.id = ci.movie_id)",
                    "Rows Removed by Join Filter": 0,
                    "Plans": [
                      {
                        "Node Type": "Nested Loop",
                        "Parent Relationship": "Outer",
                        "Parallel Aware": false,
                        "Join Type": "Inner",
                        "Startup Cost": 345529.87,
                        "Total Cost": 345532.71,
                        "Plan Rows": 1,
                        "Plan Width": 86,
                        "Actual Startup Time": 2339.106,
                        "Actual Total Time": 2354.243,
                        "Actual Rows": 27,
                        "Actual Loops": 1,
                        "Inner Unique": false,
                        "Join Filter": "(mi.info_type_id = it1.id)",
                        "Rows Removed by Join Filter": 0,
                        "Plans": [
                          {
                            "Node Type": "Seq Scan",
                            "Parent Relationship": "Outer",
                            "Parallel Aware": false,
                            "Relation Name": "info_type",
                            "Alias": "it1",
                            "Startup Cost": 0.0,
                            "Total Cost": 2.41,
                            "Plan Rows": 1,
                            "Plan Width": 4,
                            "Actual Startup Time": 0.011,
                            "Actual Total Time": 0.022,
                            "Actual Rows": 1,
                            "Actual Loops": 1,
                            "Filter": "((info)::text = 'genres'::text)",
                            "Rows Removed by Filter": 112
                          },
                          {
                            "Node Type": "Merge Join",
                            "Parent Relationship": "Inner",
                            "Parallel Aware": false,
                            "Join Type": "Inner",
                            "Startup Cost": 345529.87,
                            "Total Cost": 345530.28,
                            "Plan Rows": 1,
                            "Plan Width": 90,
                            "Actual Startup Time": 2339.09,
                            "Actual Total Time": 2354.21,
                            "Actual Rows": 27,
                            "Actual Loops": 1,
                            "Inner Unique": false,
                            "Merge Cond": "(t.id = mi.movie_id)",
                            "Plans": [
                              {
                                "Node Type": "Sort",
                                "Parent Relationship": "Outer",
                                "Parallel Aware": false,
                                "Startup Cost": 46484.57,
                                "Total Cost": 46484.66,
                                "Plan Rows": 37,
                                "Plan Width": 21,
                                "Actual Startup Time": 150.423,
                                "Actual Total Time": 150.563,
                                "Actual Rows": 73,
                                "Actual Loops": 1,
                                "Sort Key": [
                                  "t.id"
                                ],
                                "Sort Method": "quicksort",
                                "Sort Space Used": 30,
                                "Sort Space Type": "Memory",
                                "Plans": [
                                  {
                                    "Node Type": "Gather",
                                    "Parent Relationship": "Outer",
                                    "Parallel Aware": false,
                                    "Startup Cost": 1000.0,
                                    "Total Cost": 46483.61,
                                    "Plan Rows": 37,
                                    "Plan Width": 21,
                                    "Actual Startup Time": 6.082,
                                    "Actual Total Time": 150.436,
                                    "Actual Rows": 73,
                                    "Actual Loops": 1,
                                    "Workers Planned": 4,
                                    "Workers Launched": 4,
                                    "Single Copy": false,
                                    "Plans": [
                                      {
                                        "Node Type": "Seq Scan",
                                        "Parent Relationship": "Outer",
                                        "Parallel Aware": true,
                                        "Relation Name": "title",
                                        "Alias": "t",
                                        "Startup Cost": 0.0,
                                        "Total Cost": 45479.91,
                                        "Plan Rows": 9,
                                        "Plan Width": 21,
                                        "Actual Startup Time": 14.936,
                                        "Actual Total Time": 141.497,
                                        "Actual Rows": 15,
                                        "Actual Loops": 5,
                                        "Filter": "((production_year > 2010) AND (title ~~ 'Vampire%'::text))",
                                        "Rows Removed by Filter": 505648
                                      }
                                    ]
                                  }
                                ]
                              },
                              {
                                "Node Type": "Sort",
                                "Parent Relationship": "Inner",
                                "Parallel Aware": false,
                                "Startup Cost": 299045.3,
                                "Total Cost": 299045.41,
                                "Plan Rows": 43,
                                "Plan Width": 69,
                                "Actual Startup Time": 2183.412,
                                "Actual Total Time": 2200.618,
                                "Actual Rows": 34948,
                                "Actual Loops": 1,
                                "Sort Key": [
                                  "mk.movie_id"
                                ],
                                "Sort Method": "quicksort",
                                "Sort Space Used": 4416,
                                "Sort Space Type": "Memory",
                                "Plans": [
                                  {
                                    "Node Type": "Gather",
                                    "Parent Relationship": "Outer",
                                    "Parallel Aware": false,
                                    "Startup Cost": 99852.87,
                                    "Total Cost": 299044.13,
                                    "Plan Rows": 43,
                                    "Plan Width": 69,
                                    "Actual Startup Time": 1832.907,
                                    "Actual Total Time": 2186.501,
                                    "Actual Rows": 36852,
                                    "Actual Loops": 1,
                                    "Workers Planned": 5,
                                    "Workers Launched": 3,
                                    "Single Copy": false,
                                    "Plans": [
                                      {
                                        "Node Type": "Hash Join",
                                        "Parent Relationship": "Outer",
                                        "Parallel Aware": true,
                                        "Join Type": "Inner",
                                        "Startup Cost": 98852.87,
                                        "Total Cost": 298039.83,
                                        "Plan Rows": 9,
                                        "Plan Width": 69,
                                        "Actual Startup Time": 1822.016,
                                        "Actual Total Time": 2153.447,
                                        "Actual Rows": 9213,
                                        "Actual Loops": 4,
                                        "Inner Unique": false,
                                        "Hash Cond": "(mi.movie_id = mi_idx.movie_id)",
                                        "Plans": [
                                          {
                                            "Node Type": "Seq Scan",
                                            "Parent Relationship": "Outer",
                                            "Parallel Aware": true,
                                            "Relation Name": "movie_info",
                                            "Alias": "mi",
                                            "Startup Cost": 0.0,
                                            "Total Cost": 199164.27,
                                            "Plan Rows": 6047,
                                            "Plan Width": 51,
                                            "Actual Startup Time": 557.465,
                                            "Actual Total Time": 883.15,
                                            "Actual Rows": 7700,
                                            "Actual Loops": 4,
                                            "Filter": "(info = 'Horror'::text)",
                                            "Rows Removed by Filter": 3701230
                                          },
                                          {
                                            "Node Type": "Hash",
                                            "Parent Relationship": "Inner",
                                            "Parallel Aware": true,
                                            "Startup Cost": 98850.78,
                                            "Total Cost": 98850.78,
                                            "Plan Rows": 167,
                                            "Plan Width": 18,
                                            "Actual Startup Time": 1263.188,
                                            "Actual Total Time": 1263.316,
                                            "Actual Rows": 38180,
                                            "Actual Loops": 4,
                                            "Hash Buckets": 262144,
                                            "Original Hash Buckets": 1024,
                                            "Hash Batches": 1,
                                            "Original Hash Batches": 1,
                                            "Peak Memory Usage": 11800,
                                            "Plans": [
                                              {
                                                "Node Type": "Hash Join",
                                                "Parent Relationship": "Outer",
                                                "Parallel Aware": false,
                                                "Join Type": "Inner",
                                                "Startup Cost": 24002.16,
                                                "Total Cost": 98850.78,
                                                "Plan Rows": 167,
                                                "Plan Width": 18,
                                                "Actual Startup Time": 244.832,
                                                "Actual Total Time": 1127.51,
                                                "Actual Rows": 38180,
                                                "Actual Loops": 4,
                                                "Inner Unique": true,
                                                "Hash Cond": "(mk.keyword_id = k.id)",
                                                "Plans": [
                                                  {
                                                    "Node Type": "Hash Join",
                                                    "Parent Relationship": "Outer",
                                                    "Parallel Aware": true,
                                                    "Join Type": "Inner",
                                                    "Startup Cost": 20872.83,
                                                    "Total Cost": 83999.06,
                                                    "Plan Rows": 4465535,
                                                    "Plan Width": 22,
                                                    "Actual Startup Time": 205.61,
                                                    "Actual Total Time": 902.011,
                                                    "Actual Rows": 2606156,
                                                    "Actual Loops": 4,
                                                    "Inner Unique": false,
                                                    "Hash Cond": "(mk.movie_id = mi_idx.movie_id)",
                                                    "Plans": [
                                                      {
                                                        "Node Type": "Seq Scan",
                                                        "Parent Relationship": "Outer",
                                                        "Parallel Aware": true,
                                                        "Relation Name": "movie_keyword",
                                                        "Alias": "mk",
                                                        "Startup Cost": 0.0,
                                                        "Total Cost": 39047.32,
                                                        "Plan Rows": 1459332,
                                                        "Plan Width": 8,
                                                        "Actual Startup Time": 0.041,
                                                        "Actual Total Time": 163.41,
                                                        "Actual Rows": 1130982,
                                                        "Actual Loops": 4
                                                      },
                                                      {
                                                        "Node Type": "Hash",
                                                        "Parent Relationship": "Inner",
                                                        "Parallel Aware": true,
                                                        "Startup Cost": 13685.15,
                                                        "Total Cost": 13685.15,
                                                        "Plan Rows": 575015,
                                                        "Plan Width": 14,
                                                        "Actual Startup Time": 200.445,
                                                        "Actual Total Time": 200.446,
                                                        "Actual Rows": 345009,
                                                        "Actual Loops": 4,
                                                        "Hash Buckets": 2097152,
                                                        "Original Hash Buckets": 2097152,
                                                        "Hash Batches": 1,
                                                        "Original Hash Batches": 1,
                                                        "Peak Memory Usage": 84832,
                                                        "Plans": [
                                                          {
                                                            "Node Type": "Seq Scan",
                                                            "Parent Relationship": "Outer",
                                                            "Parallel Aware": true,
                                                            "Relation Name": "movie_info_idx",
                                                            "Alias": "mi_idx",
                                                            "Startup Cost": 0.0,
                                                            "Total Cost": 13685.15,
                                                            "Plan Rows": 575015,
                                                            "Plan Width": 14,
                                                            "Actual Startup Time": 0.034,
                                                            "Actual Total Time": 69.617,
                                                            "Actual Rows": 345009,
                                                            "Actual Loops": 4
                                                          }
                                                        ]
                                                      }
                                                    ]
                                                  },
                                                  {
                                                    "Node Type": "Hash",
                                                    "Parent Relationship": "Inner",
                                                    "Parallel Aware": false,
                                                    "Startup Cost": 3129.26,
                                                    "Total Cost": 3129.26,
                                                    "Plan Rows": 5,
                                                    "Plan Width": 4,
                                                    "Actual Startup Time": 38.873,
                                                    "Actual Total Time": 38.874,
                                                    "Actual Rows": 5,
                                                    "Actual Loops": 4,
                                                    "Hash Buckets": 1024,
                                                    "Original Hash Buckets": 1024,
                                                    "Hash Batches": 1,
                                                    "Original Hash Batches": 1,
                                                    "Peak Memory Usage": 9,
                                                    "Plans": [
                                                      {
                                                        "Node Type": "Seq Scan",
                                                        "Parent Relationship": "Outer",
                                                        "Parallel Aware": false,
                                                        "Relation Name": "keyword",
                                                        "Alias": "k",
                                                        "Startup Cost": 0.0,
                                                        "Total Cost": 3129.26,
                                                        "Plan Rows": 5,
                                                        "Plan Width": 4,
                                                        "Actual Startup Time": 2.089,
                                                        "Actual Total Time": 38.836,
                                                        "Actual Rows": 5,
                                                        "Actual Loops": 4,
                                                        "Filter": "(keyword = ANY ('{murder,blood,gore,death,female-nudity}'::text[]))",
                                                        "Rows Removed by Filter": 134165
                                                      }
                                                    ]
                                                  }
                                                ]
                                              }
                                            ]
                                          }
                                        ]
                                      }
                                    ]
                                  }
                                ]
                              }
                            ]
                          }
                        ]
                      },
                      {
                        "Node Type": "Index Scan",
                        "Parent Relationship": "Inner",
                        "Parallel Aware": false,
                        "Scan Direction": "Forward",
                        "Index Name": "movie_id_cast_info",
                        "Relation Name": "cast_info",
                        "Alias": "ci",
                        "Startup Cost": 0.56,
                        "Total Cost": 1.78,
                        "Plan Rows": 1,
                        "Plan Width": 8,
                        "Actual Startup Time": 0.064,
                        "Actual Total Time": 0.074,
                        "Actual Rows": 1,
                        "Actual Loops": 27,
                        "Index Cond": "(movie_id = mk.movie_id)",
                        "Rows Removed by Index Recheck": 0,
                        "Filter": "(note = ANY ('{(writer),\"(head writer)\",\"(written by)\",(story),\"(story editor)\"}'::text[]))",
                        "Rows Removed by Filter": 21
                      }
                    ]
                  }
                ]
              }
            ]
          },
          {
            "Node Type": "Index Scan",
            "Parent Relationship": "Inner",
            "Parallel Aware": false,
            "Scan Direction": "Forward",
            "Index Name": "info_type_pkey",
            "Relation Name": "info_type",
            "Alias": "it2",
            "Startup Cost": 0.14,
            "Total Cost": 0.16,
            "Plan Rows": 1,
            "Plan Width": 4,
            "Actual Startup Time": 0.002,
            "Actual Total Time": 0.002,
            "Actual Rows": 0,
            "Actual Loops": 18,
            "Index Cond": "(id = mi_idx.info_type_id)",
            "Rows Removed by Index Recheck": 0,
            "Filter": "((info)::text = 'votes'::text)",
            "Rows Removed by Filter": 1
          }
        ]
      }
    ]
  },
  "Planning Time": 23.685,
  "Triggers": [],
  "Execution Time": 3352.431
}