[
  {
    "Plan": {
      "Node Type": "Aggregate",
      "Strategy": "Plain",
      "Partial Mode": "Finalize",
      "Parallel Aware": false,
      "Startup Cost": 45709.7,
      "Total Cost": 45709.71,
      "Plan Rows": 1,
      "Plan Width": 8,
      "Actual Startup Time": 152.104,
      "Actual Total Time": 161.438,
      "Actual Rows": 1,
      "Actual Loops": 1,
      "Plans": [
        {
          "Node Type": "Gather",
          "Parent Relationship": "Outer",
          "Parallel Aware": false,
          "Startup Cost": 45709.38,
          "Total Cost": 45709.69,
          "Plan Rows": 3,
          "Plan Width": 8,
          "Actual Startup Time": 152.002,
          "Actual Total Time": 161.429,
          "Actual Rows": 4,
          "Actual Loops": 1,
          "Workers Planned": 3,
          "Workers Launched": 3,
          "Single Copy": false,
          "Plans": [
            {
              "Node Type": "Aggregate",
              "Strategy": "Plain",
              "Partial Mode": "Partial",
              "Parent Relationship": "Outer",
              "Parallel Aware": false,
              "Startup Cost": 44709.38,
              "Total Cost": 44709.39,
              "Plan Rows": 1,
              "Plan Width": 8,
              "Actual Startup Time": 145.96,
              "Actual Total Time": 145.961,
              "Actual Rows": 1,
              "Actual Loops": 4,
              "Plans": [
                {
                  "Node Type": "Seq Scan",
                  "Parent Relationship": "Outer",
                  "Parallel Aware": true,
                  "Relation Name": "movie_keyword",
                  "Alias": "mk",
                  "Startup Cost": 0.0,
                  "Total Cost": 42695.65,
                  "Plan Rows": 805490,
                  "Plan Width": 0,
                  "Actual Startup Time": 0.054,
                  "Actual Total Time": 116.985,
                  "Actual Rows": 625320,
                  "Actual Loops": 4,
                  "Filter": "(keyword_id < 6115)",
                  "Rows Removed by Filter": 505662
                }
              ]
            }
          ]
        }
      ]
    },
    "Planning Time": 0.149,
    "Triggers": [],
    "Execution Time": 161.486
  }
]