[
  {
    "Plan": {
      "Node Type": "Aggregate",
      "Strategy": "Plain",
      "Partial Mode": "Finalize",
      "Parallel Aware": false,
      "Startup Cost": 33362.82,
      "Total Cost": 33362.83,
      "Plan Rows": 1,
      "Plan Width": 8,
      "Actual Startup Time": 105.048,
      "Actual Total Time": 111.317,
      "Actual Rows": 1,
      "Actual Loops": 1,
      "Plans": [
        {
          "Node Type": "Gather",
          "Parent Relationship": "Outer",
          "Parallel Aware": false,
          "Startup Cost": 33362.5,
          "Total Cost": 33362.81,
          "Plan Rows": 3,
          "Plan Width": 8,
          "Actual Startup Time": 104.815,
          "Actual Total Time": 111.308,
          "Actual Rows": 4,
          "Actual Loops": 1,
          "Workers Planned": 3,
          "Workers Launched": 3,
          "Single Copy": false,
          "Plans": [
            {
              "Node Type": "Aggregate",
              "Strategy": "Plain",
              "Partial Mode": "Partial",
              "Parent Relationship": "Outer",
              "Parallel Aware": false,
              "Startup Cost": 32362.5,
              "Total Cost": 32362.51,
              "Plan Rows": 1,
              "Plan Width": 8,
              "Actual Startup Time": 96.58,
              "Actual Total Time": 96.581,
              "Actual Rows": 1,
              "Actual Loops": 4,
              "Plans": [
                {
                  "Node Type": "Seq Scan",
                  "Parent Relationship": "Outer",
                  "Parallel Aware": true,
                  "Relation Name": "movie_companies",
                  "Alias": "mc",
                  "Startup Cost": 0.0,
                  "Total Cost": 31414.82,
                  "Plan Rows": 379073,
                  "Plan Width": 0,
                  "Actual Startup Time": 50.417,
                  "Actual Total Time": 85.761,
                  "Actual Rows": 259640,
                  "Actual Loops": 4,
                  "Filter": "((company_id < 94756) AND (company_type_id > 1))",
                  "Rows Removed by Filter": 392642
                }
              ]
            }
          ]
        }
      ]
    },
    "Planning Time": 0.193,
    "Triggers": [],
    "Execution Time": 111.37
  }
]