[
  {
    "Plan": {
      "Node Type": "Aggregate",
      "Strategy": "Plain",
      "Partial Mode": "Finalize",
      "Parallel Aware": false,
      "Startup Cost": 44954.87,
      "Total Cost": 44954.88,
      "Plan Rows": 1,
      "Plan Width": 8,
      "Actual Startup Time": 138.619,
      "Actual Total Time": 148.294,
      "Actual Rows": 1,
      "Actual Loops": 1,
      "Plans": [
        {
          "Node Type": "Gather",
          "Parent Relationship": "Outer",
          "Parallel Aware": false,
          "Startup Cost": 44954.55,
          "Total Cost": 44954.86,
          "Plan Rows": 3,
          "Plan Width": 8,
          "Actual Startup Time": 138.492,
          "Actual Total Time": 148.287,
          "Actual Rows": 4,
          "Actual Loops": 1,
          "Workers Planned": 3,
          "Workers Launched": 3,
          "Single Copy": false,
          "Plans": [
            {
              "Node Type": "Aggregate",
              "Strategy": "Plain",
              "Partial Mode": "Partial",
              "Parent Relationship": "Outer",
              "Parallel Aware": false,
              "Startup Cost": 43954.55,
              "Total Cost": 43954.56,
              "Plan Rows": 1,
              "Plan Width": 8,
              "Actual Startup Time": 129.969,
              "Actual Total Time": 129.97,
              "Actual Rows": 1,
              "Actual Loops": 4,
              "Plans": [
                {
                  "Node Type": "Seq Scan",
                  "Parent Relationship": "Outer",
                  "Parallel Aware": true,
                  "Relation Name": "movie_keyword",
                  "Alias": "mk",
                  "Startup Cost": 0.0,
                  "Total Cost": 42695.65,
                  "Plan Rows": 503560,
                  "Plan Width": 0,
                  "Actual Startup Time": 0.065,
                  "Actual Total Time": 110.705,
                  "Actual Rows": 394272,
                  "Actual Loops": 4,
                  "Filter": "(keyword_id < 2388)",
                  "Rows Removed by Filter": 736710
                }
              ]
            }
          ]
        }
      ]
    },
    "Planning Time": 0.185,
    "Triggers": [],
    "Execution Time": 148.349
  }
]