[
  {
    "Plan": {
      "Node Type": "Aggregate",
      "Strategy": "Plain",
      "Partial Mode": "Finalize",
      "Parallel Aware": false,
      "Startup Cost": 302601.85,
      "Total Cost": 302601.86,
      "Plan Rows": 1,
      "Plan Width": 8,
      "Actual Startup Time": 3636.155,
      "Actual Total Time": 3686.116,
      "Actual Rows": 1,
      "Actual Loops": 1,
      "Plans": [
        {
          "Node Type": "Gather",
          "Parent Relationship": "Outer",
          "Parallel Aware": false,
          "Startup Cost": 302601.54,
          "Total Cost": 302601.85,
          "Plan Rows": 3,
          "Plan Width": 8,
          "Actual Startup Time": 3627.734,
          "Actual Total Time": 3686.106,
          "Actual Rows": 4,
          "Actual Loops": 1,
          "Workers Planned": 3,
          "Workers Launched": 3,
          "Single Copy": false,
          "Plans": [
            {
              "Node Type": "Aggregate",
              "Strategy": "Plain",
              "Partial Mode": "Partial",
              "Parent Relationship": "Outer",
              "Parallel Aware": false,
              "Startup Cost": 301601.54,
              "Total Cost": 301601.55,
              "Plan Rows": 1,
              "Plan Width": 8,
              "Actual Startup Time": 3615.106,
              "Actual Total Time": 3615.499,
              "Actual Rows": 1,
              "Actual Loops": 4,
              "Plans": [
                {
                  "Node Type": "Hash Join",
                  "Parent Relationship": "Outer",
                  "Parallel Aware": true,
                  "Join Type": "Inner",
                  "Startup Cost": 253108.8,
                  "Total Cost": 299394.35,
                  "Plan Rows": 882873,
                  "Plan Width": 0,
                  "Actual Startup Time": 1112.678,
                  "Actual Total Time": 2779.729,
                  "Actual Rows": 17868914,
                  "Actual Loops": 4,
                  "Inner Unique": false,
                  "Hash Cond": "(mk.movie_id = t.id)",
                  "Plans": [
                    {
                      "Node Type": "Seq Scan",
                      "Parent Relationship": "Outer",
                      "Parallel Aware": true,
                      "Relation Name": "movie_keyword",
                      "Alias": "mk",
                      "Startup Cost": 0.0,
                      "Total Cost": 39047.32,
                      "Plan Rows": 1459332,
                      "Plan Width": 4,
                      "Actual Startup Time": 0.027,
                      "Actual Total Time": 102.283,
                      "Actual Rows": 1130982,
                      "Actual Loops": 4
                    },
                    {
                      "Node Type": "Hash",
                      "Parent Relationship": "Inner",
                      "Parallel Aware": true,
                      "Startup Cost": 249284.86,
                      "Total Cost": 249284.86,
                      "Plan Rows": 305915,
                      "Plan Width": 8,
                      "Actual Startup Time": 1105.227,
                      "Actual Total Time": 1105.619,
                      "Actual Rows": 416916,
                      "Actual Loops": 4,
                      "Hash Buckets": 2097152,
                      "Original Hash Buckets": 2097152,
                      "Hash Batches": 1,
                      "Original Hash Batches": 1,
                      "Peak Memory Usage": 81696,
                      "Plans": [
                        {
                          "Node Type": "Hash Join",
                          "Parent Relationship": "Outer",
                          "Parallel Aware": true,
                          "Join Type": "Inner",
                          "Startup Cost": 49116.74,
                          "Total Cost": 249284.86,
                          "Plan Rows": 305915,
                          "Plan Width": 8,
                          "Actual Startup Time": 320.789,
                          "Actual Total Time": 957.991,
                          "Actual Rows": 416916,
                          "Actual Loops": 4,
                          "Inner Unique": true,
                          "Hash Cond": "(mi.movie_id = t.id)",
                          "Plans": [
                            {
                              "Node Type": "Seq Scan",
                              "Parent Relationship": "Outer",
                              "Parallel Aware": true,
                              "Relation Name": "movie_info",
                              "Alias": "mi",
                              "Startup Cost": 0.0,
                              "Total Cost": 198952.16,
                              "Plan Rows": 463221,
                              "Plan Width": 4,
                              "Actual Startup Time": 26.526,
                              "Actual Total Time": 468.857,
                              "Actual Rows": 558462,
                              "Actual Loops": 4,
                              "Filter": "(info_type_id > 16)",
                              "Rows Removed by Filter": 3150468
                            },
                            {
                              "Node Type": "Hash",
                              "Parent Relationship": "Inner",
                              "Parallel Aware": true,
                              "Startup Cost": 43898.92,
                              "Total Cost": 43898.92,
                              "Plan Rows": 417426,
                              "Plan Width": 4,
                              "Actual Startup Time": 290.377,
                              "Actual Total Time": 290.378,
                              "Actual Rows": 417823,
                              "Actual Loops": 4,
                              "Hash Buckets": 2097152,
                              "Original Hash Buckets": 2097152,
                              "Hash Batches": 1,
                              "Original Hash Batches": 1,
                              "Peak Memory Usage": 81824,
                              "Plans": [
                                {
                                  "Node Type": "Seq Scan",
                                  "Parent Relationship": "Outer",
                                  "Parallel Aware": true,
                                  "Relation Name": "title",
                                  "Alias": "t",
                                  "Startup Cost": 0.0,
                                  "Total Cost": 43898.92,
                                  "Plan Rows": 417426,
                                  "Plan Width": 4,
                                  "Actual Startup Time": 0.037,
                                  "Actual Total Time": 128.657,
                                  "Actual Rows": 417823,
                                  "Actual Loops": 4,
                                  "Filter": "(production_year < 2008)",
                                  "Rows Removed by Filter": 214255
                                }
                              ]
                            }
                          ]
                        }
                      ]
                    }
                  ]
                }
              ]
            }
          ]
        }
      ]
    },
    "Planning Time": 1.366,
    "Triggers": [],
    "Execution Time": 3686.207
  }
]