[
  {
    "Plan": {
      "Node Type": "Aggregate",
      "Strategy": "Plain",
      "Partial Mode": "Finalize",
      "Parallel Aware": false,
      "Startup Cost": 742811.59,
      "Total Cost": 742811.6,
      "Plan Rows": 1,
      "Plan Width": 128,
      "Actual Startup Time": 2539.711,
      "Actual Total Time": 2645.664,
      "Actual Rows": 1,
      "Actual Loops": 1,
      "Plans": [
        {
          "Node Type": "Gather",
          "Parent Relationship": "Outer",
          "Parallel Aware": false,
          "Startup Cost": 742811.14,
          "Total Cost": 742811.55,
          "Plan Rows": 4,
          "Plan Width": 128,
          "Actual Startup Time": 2537.83,
          "Actual Total Time": 2645.648,
          "Actual Rows": 5,
          "Actual Loops": 1,
          "Workers Planned": 4,
          "Workers Launched": 4,
          "Single Copy": false,
          "Plans": [
            {
              "Node Type": "Aggregate",
              "Strategy": "Plain",
              "Partial Mode": "Partial",
              "Parent Relationship": "Outer",
              "Parallel Aware": false,
              "Startup Cost": 741811.14,
              "Total Cost": 741811.15,
              "Plan Rows": 1,
              "Plan Width": 128,
              "Actual Startup Time": 2526.678,
              "Actual Total Time": 2526.769,
              "Actual Rows": 1,
              "Actual Loops": 5,
              "Plans": [
                {
                  "Node Type": "Hash Join",
                  "Parent Relationship": "Outer",
                  "Parallel Aware": true,
                  "Join Type": "Inner",
                  "Startup Cost": 697122.85,
                  "Total Cost": 741811.13,
                  "Plan Rows": 1,
                  "Plan Width": 80,
                  "Actual Startup Time": 2389.784,
                  "Actual Total Time": 2525.523,
                  "Actual Rows": 5231,
                  "Actual Loops": 5,
                  "Inner Unique": false,
                  "Hash Cond": "(t.id = mi.movie_id)",
                  "Plans": [
                    {
                      "Node Type": "Seq Scan",
                      "Parent Relationship": "Outer",
                      "Parallel Aware": true,
                      "Relation Name": "title",
                      "Alias": "t",
                      "Startup Cost": 0.0,
                      "Total Cost": 42318.19,
                      "Plan Rows": 632020,
                      "Plan Width": 21,
                      "Actual Startup Time": 0.023,
                      "Actual Total Time": 75.149,
                      "Actual Rows": 505662,
                      "Actual Loops": 5
                    },
                    {
                      "Node Type": "Hash",
                      "Parent Relationship": "Inner",
                      "Parallel Aware": true,
                      "Startup Cost": 697122.84,
                      "Total Cost": 697122.84,
                      "Plan Rows": 1,
                      "Plan Width": 79,
                      "Actual Startup Time": 2384.53,
                      "Actual Total Time": 2384.619,
                      "Actual Rows": 5231,
                      "Actual Loops": 5,
                      "Hash Buckets": 32768,
                      "Original Hash Buckets": 1024,
                      "Hash Batches": 1,
                      "Original Hash Batches": 1,
                      "Peak Memory Usage": 2680,
                      "Plans": [
                        {
                          "Node Type": "Hash Join",
                          "Parent Relationship": "Outer",
                          "Parallel Aware": true,
                          "Join Type": "Inner",
                          "Startup Cost": 626867.32,
                          "Total Cost": 697122.84,
                          "Plan Rows": 1,
                          "Plan Width": 79,
                          "Actual Startup Time": 2172.815,
                          "Actual Total Time": 2362.797,
                          "Actual Rows": 5231,
                          "Actual Loops": 5,
                          "Inner Unique": false,
                          "Hash Cond": "(n.id = ci.person_id)",
                          "Plans": [
                            {
                              "Node Type": "Seq Scan",
                              "Parent Relationship": "Outer",
                              "Parallel Aware": true,
                              "Relation Name": "name",
                              "Alias": "n",
                              "Startup Cost": 0.0,
                              "Total Cost": 68635.51,
                              "Plan Rows": 432000,
                              "Plan Width": 19,
                              "Actual Startup Time": 0.032,
                              "Actual Total Time": 146.768,
                              "Actual Rows": 347916,
                              "Actual Loops": 5,
                              "Filter": "((gender)::text = 'm'::text)",
                              "Rows Removed by Filter": 485582
                            },
                            {
                              "Node Type": "Hash",
                              "Parent Relationship": "Inner",
                              "Parallel Aware": true,
                              "Startup Cost": 626867.3,
                              "Total Cost": 626867.3,
                              "Plan Rows": 1,
                              "Plan Width": 68,
                              "Actual Startup Time": 2172.064,
                              "Actual Total Time": 2172.151,
                              "Actual Rows": 8580,
                              "Actual Loops": 5,
                              "Hash Buckets": 65536,
                              "Original Hash Buckets": 1024,
                              "Hash Batches": 1,
                              "Original Hash Batches": 1,
                              "Peak Memory Usage": 4024,
                              "Plans": [
                                {
                                  "Node Type": "Hash Join",
                                  "Parent Relationship": "Outer",
                                  "Parallel Aware": true,
                                  "Join Type": "Inner",
                                  "Startup Cost": 275388.42,
                                  "Total Cost": 626867.3,
                                  "Plan Rows": 1,
                                  "Plan Width": 68,
                                  "Actual Startup Time": 1729.273,
                                  "Actual Total Time": 2141.635,
                                  "Actual Rows": 8580,
                                  "Actual Loops": 5,
                                  "Inner Unique": false,
                                  "Hash Cond": "(ci.movie_id = mi.movie_id)",
                                  "Plans": [
                                    {
                                      "Node Type": "Seq Scan",
                                      "Parent Relationship": "Outer",
                                      "Parallel Aware": true,
                                      "Relation Name": "cast_info",
                                      "Alias": "ci",
                                      "Startup Cost": 0.0,
                                      "Total Cost": 350706.04,
                                      "Plan Rows": 206091,
                                      "Plan Width": 8,
                                      "Actual Startup Time": 80.511,
                                      "Actual Total Time": 977.994,
                                      "Actual Rows": 248943,
                                      "Actual Loops": 5,
                                      "Filter": "(note = ANY ('{(writer),\"(head writer)\",\"(written by)\",(story),\"(story editor)\"}'::text[]))",
                                      "Rows Removed by Filter": 6999926
                                    },
                                    {
                                      "Node Type": "Hash",
                                      "Parent Relationship": "Inner",
                                      "Parallel Aware": true,
                                      "Startup Cost": 275388.4,
                                      "Total Cost": 275388.4,
                                      "Plan Rows": 1,
                                      "Plan Width": 60,
                                      "Actual Startup Time": 1119.472,
                                      "Actual Total Time": 1119.556,
                                      "Actual Rows": 12677,
                                      "Actual Loops": 5,
                                      "Hash Buckets": 65536,
                                      "Original Hash Buckets": 1024,
                                      "Hash Batches": 1,
                                      "Original Hash Batches": 1,
                                      "Peak Memory Usage": 4856,
                                      "Plans": [
                                        {
                                          "Node Type": "Hash Join",
                                          "Parent Relationship": "Outer",
                                          "Parallel Aware": true,
                                          "Join Type": "Inner",
                                          "Startup Cost": 260118.14,
                                          "Total Cost": 275388.4,
                                          "Plan Rows": 1,
                                          "Plan Width": 60,
                                          "Actual Startup Time": 1021.979,
                                          "Actual Total Time": 1102.957,
                                          "Actual Rows": 12677,
                                          "Actual Loops": 5,
                                          "Inner Unique": false,
                                          "Hash Cond": "(mi_idx.movie_id = mi.movie_id)",
                                          "Plans": [
                                            {
                                              "Node Type": "Hash Join",
                                              "Parent Relationship": "Outer",
                                              "Parallel Aware": false,
                                              "Join Type": "Inner",
                                              "Startup Cost": 2.43,
                                              "Total Cost": 15253.6,
                                              "Plan Rows": 5089,
                                              "Plan Width": 9,
                                              "Actual Startup Time": 0.096,
                                              "Actual Total Time": 65.921,
                                              "Actual Rows": 91985,
                                              "Actual Loops": 5,
                                              "Inner Unique": true,
                                              "Hash Cond": "(mi_idx.info_type_id = it2.id)",
                                              "Plans": [
                                                {
                                                  "Node Type": "Seq Scan",
                                                  "Parent Relationship": "Outer",
                                                  "Parallel Aware": true,
                                                  "Relation Name": "movie_info_idx",
                                                  "Alias": "mi_idx",
                                                  "Startup Cost": 0.0,
                                                  "Total Cost": 13685.15,
                                                  "Plan Rows": 575015,
                                                  "Plan Width": 13,
                                                  "Actual Startup Time": 0.022,
                                                  "Actual Total Time": 30.364,
                                                  "Actual Rows": 276007,
                                                  "Actual Loops": 5
                                                },
                                                {
                                                  "Node Type": "Hash",
                                                  "Parent Relationship": "Inner",
                                                  "Parallel Aware": false,
                                                  "Startup Cost": 2.41,
                                                  "Total Cost": 2.41,
                                                  "Plan Rows": 1,
                                                  "Plan Width": 4,
                                                  "Actual Startup Time": 0.03,
                                                  "Actual Total Time": 0.031,
                                                  "Actual Rows": 1,
                                                  "Actual Loops": 5,
                                                  "Hash Buckets": 1024,
                                                  "Original Hash Buckets": 1024,
                                                  "Hash Batches": 1,
                                                  "Original Hash Batches": 1,
                                                  "Peak Memory Usage": 9,
                                                  "Plans": [
                                                    {
                                                      "Node Type": "Seq Scan",
                                                      "Parent Relationship": "Outer",
                                                      "Parallel Aware": false,
                                                      "Relation Name": "info_type",
                                                      "Alias": "it2",
                                                      "Startup Cost": 0.0,
                                                      "Total Cost": 2.41,
                                                      "Plan Rows": 1,
                                                      "Plan Width": 4,
                                                      "Actual Startup Time": 0.021,
                                                      "Actual Total Time": 0.024,
                                                      "Actual Rows": 1,
                                                      "Actual Loops": 5,
                                                      "Filter": "((info)::text = 'votes'::text)",
                                                      "Rows Removed by Filter": 112
                                                    }
                                                  ]
                                                }
                                              ]
                                            },
                                            {
                                              "Node Type": "Hash",
                                              "Parent Relationship": "Inner",
                                              "Parallel Aware": true,
                                              "Startup Cost": 260115.7,
                                              "Total Cost": 260115.7,
                                              "Plan Rows": 1,
                                              "Plan Width": 51,
                                              "Actual Startup Time": 1021.402,
                                              "Actual Total Time": 1021.48,
                                              "Actual Rows": 13608,
                                              "Actual Loops": 5,
                                              "Hash Buckets": 131072,
                                              "Original Hash Buckets": 1024,
                                              "Hash Batches": 1,
                                              "Original Hash Batches": 1,
                                              "Peak Memory Usage": 5496,
                                              "Plans": [
                                                {
                                                  "Node Type": "Hash Join",
                                                  "Parent Relationship": "Outer",
                                                  "Parallel Aware": true,
                                                  "Join Type": "Inner",
                                                  "Startup Cost": 46346.34,
                                                  "Total Cost": 260115.7,
                                                  "Plan Rows": 1,
                                                  "Plan Width": 51,
                                                  "Actual Startup Time": 894.152,
                                                  "Actual Total Time": 984.508,
                                                  "Actual Rows": 13608,
                                                  "Actual Loops": 5,
                                                  "Inner Unique": false,
                                                  "Hash Cond": "(mi.movie_id = mk.movie_id)",
                                                  "Plans": [
                                                    {
                                                      "Node Type": "Hash Join",
                                                      "Parent Relationship": "Outer",
                                                      "Parallel Aware": false,
                                                      "Join Type": "Inner",
                                                      "Startup Cost": 2.43,
                                                      "Total Cost": 213770.63,
                                                      "Plan Rows": 305,
                                                      "Plan Width": 47,
                                                      "Actual Startup Time": 596.659,
                                                      "Actual Total Time": 676.685,
                                                      "Actual Rows": 37319,
                                                      "Actual Loops": 5,
                                                      "Inner Unique": true,
                                                      "Hash Cond": "(mi.info_type_id = it1.id)",
                                                      "Plans": [
                                                        {
                                                          "Node Type": "Seq Scan",
                                                          "Parent Relationship": "Outer",
                                                          "Parallel Aware": true,
                                                          "Relation Name": "movie_info",
                                                          "Alias": "mi",
                                                          "Startup Cost": 0.0,
                                                          "Total Cost": 213674.37,
                                                          "Plan Rows": 34454,
                                                          "Plan Width": 51,
                                                          "Actual Startup Time": 390.479,
                                                          "Actual Total Time": 669.227,
                                                          "Actual Rows": 37794,
                                                          "Actual Loops": 5,
                                                          "Filter": "(info = ANY ('{Horror,Action,Sci-Fi,Thriller,Crime,War}'::text[]))",
                                                          "Rows Removed by Filter": 2929350
                                                        },
                                                        {
                                                          "Node Type": "Hash",
                                                          "Parent Relationship": "Inner",
                                                          "Parallel Aware": false,
                                                          "Startup Cost": 2.41,
                                                          "Total Cost": 2.41,
                                                          "Plan Rows": 1,
                                                          "Plan Width": 4,
                                                          "Actual Startup Time": 0.059,
                                                          "Actual Total Time": 0.061,
                                                          "Actual Rows": 1,
                                                          "Actual Loops": 5,
                                                          "Hash Buckets": 1024,
                                                          "Original Hash Buckets": 1024,
                                                          "Hash Batches": 1,
                                                          "Original Hash Batches": 1,
                                                          "Peak Memory Usage": 9,
                                                          "Plans": [
                                                            {
                                                              "Node Type": "Seq Scan",
                                                              "Parent Relationship": "Outer",
                                                              "Parallel Aware": false,
                                                              "Relation Name": "info_type",
                                                              "Alias": "it1",
                                                              "Startup Cost": 0.0,
                                                              "Total Cost": 2.41,
                                                              "Plan Rows": 1,
                                                              "Plan Width": 4,
                                                              "Actual Startup Time": 0.04,
                                                              "Actual Total Time": 0.048,
                                                              "Actual Rows": 1,
                                                              "Actual Loops": 5,
                                                              "Filter": "((info)::text = 'genres'::text)",
                                                              "Rows Removed by Filter": 112
                                                            }
                                                          ]
                                                        }
                                                      ]
                                                    },
                                                    {
                                                      "Node Type": "Hash",
                                                      "Parent Relationship": "Inner",
                                                      "Parallel Aware": true,
                                                      "Startup Cost": 46342.97,
                                                      "Total Cost": 46342.97,
                                                      "Plan Rows": 76,
                                                      "Plan Width": 4,
                                                      "Actual Startup Time": 297.202,
                                                      "Actual Total Time": 297.205,
                                                      "Actual Rows": 15343,
                                                      "Actual Loops": 5,
                                                      "Hash Buckets": 131072,
                                                      "Original Hash Buckets": 1024,
                                                      "Hash Batches": 1,
                                                      "Original Hash Batches": 1,
                                                      "Peak Memory Usage": 5144,
                                                      "Plans": [
                                                        {
                                                          "Node Type": "Hash Join",
                                                          "Parent Relationship": "Outer",
                                                          "Parallel Aware": false,
                                                          "Join Type": "Inner",
                                                          "Startup Cost": 3464.78,
                                                          "Total Cost": 46342.97,
                                                          "Plan Rows": 76,
                                                          "Plan Width": 4,
                                                          "Actual Startup Time": 36.232,
                                                          "Actual Total Time": 232.26,
                                                          "Actual Rows": 15343,
                                                          "Actual Loops": 5,
                                                          "Inner Unique": true,
                                                          "Hash Cond": "(mk.keyword_id = k.id)",
                                                          "Plans": [
                                                            {
                                                              "Node Type": "Seq Scan",
                                                              "Parent Relationship": "Outer",
                                                              "Parallel Aware": true,
                                                              "Relation Name": "movie_keyword",
                                                              "Alias": "mk",
                                                              "Startup Cost": 0.0,
                                                              "Total Cost": 39047.32,
                                                              "Plan Rows": 1459332,
                                                              "Plan Width": 8,
                                                              "Actual Startup Time": 0.042,
                                                              "Actual Total Time": 112.169,
                                                              "Actual Rows": 904786,
                                                              "Actual Loops": 5
                                                            },
                                                            {
                                                              "Node Type": "Hash",
                                                              "Parent Relationship": "Inner",
                                                              "Parallel Aware": false,
                                                              "Startup Cost": 3464.69,
                                                              "Total Cost": 3464.69,
                                                              "Plan Rows": 7,
                                                              "Plan Width": 4,
                                                              "Actual Startup Time": 36.104,
                                                              "Actual Total Time": 36.105,
                                                              "Actual Rows": 7,
                                                              "Actual Loops": 5,
                                                              "Hash Buckets": 1024,
                                                              "Original Hash Buckets": 1024,
                                                              "Hash Batches": 1,
                                                              "Original Hash Batches": 1,
                                                              "Peak Memory Usage": 9,
                                                              "Plans": [
                                                                {
                                                                  "Node Type": "Seq Scan",
                                                                  "Parent Relationship": "Outer",
                                                                  "Parallel Aware": false,
                                                                  "Relation Name": "keyword",
                                                                  "Alias": "k",
                                                                  "Startup Cost": 0.0,
                                                                  "Total Cost": 3464.69,
                                                                  "Plan Rows": 7,
                                                                  "Plan Width": 4,
                                                                  "Actual Startup Time": 1.952,
                                                                  "Actual Total Time": 36.082,
                                                                  "Actual Rows": 7,
                                                                  "Actual Loops": 5,
                                                                  "Filter": "(keyword = ANY ('{murder,violence,blood,gore,death,female-nudity,hospital}'::text[]))",
                                                                  "Rows Removed by Filter": 134163
                                                                }
                                                              ]
                                                            }
                                                          ]
                                                        }
                                                      ]
                                                    }
                                                  ]
                                                }
                                              ]
                                            }
                                          ]
                                        }
                                      ]
                                    }
                                  ]
                                }
                              ]
                            }
                          ]
                        }
                      ]
                    }
                  ]
                }
              ]
            }
          ]
        }
      ]
    },
    "Planning Time": 22.312,
    "Triggers": [],
    "Execution Time": 2646.212
  }
]