[
  {
    "Plan": {
      "Node Type": "Aggregate",
      "Strategy": "Plain",
      "Partial Mode": "Finalize",
      "Parallel Aware": false,
      "Startup Cost": 342039.94,
      "Total Cost": 342039.95,
      "Plan Rows": 1,
      "Plan Width": 8,
      "Actual Startup Time": 915.739,
      "Actual Total Time": 962.752,
      "Actual Rows": 1,
      "Actual Loops": 1,
      "Plans": [
        {
          "Node Type": "Gather",
          "Parent Relationship": "Outer",
          "Parallel Aware": false,
          "Startup Cost": 342039.32,
          "Total Cost": 342039.93,
          "Plan Rows": 6,
          "Plan Width": 8,
          "Actual Startup Time": 915.566,
          "Actual Total Time": 962.737,
          "Actual Rows": 7,
          "Actual Loops": 1,
          "Workers Planned": 6,
          "Workers Launched": 6,
          "Single Copy": false,
          "Plans": [
            {
              "Node Type": "Aggregate",
              "Strategy": "Plain",
              "Partial Mode": "Partial",
              "Parent Relationship": "Outer",
              "Parallel Aware": false,
              "Startup Cost": 341039.32,
              "Total Cost": 341039.33,
              "Plan Rows": 1,
              "Plan Width": 8,
              "Actual Startup Time": 906.957,
              "Actual Total Time": 906.958,
              "Actual Rows": 1,
              "Actual Loops": 7,
              "Plans": [
                {
                  "Node Type": "Seq Scan",
                  "Parent Relationship": "Outer",
                  "Parallel Aware": true,
                  "Relation Name": "cast_info",
                  "Alias": "ci",
                  "Startup Cost": 0.0,
                  "Total Cost": 328211.39,
                  "Plan Rows": 5131170,
                  "Plan Width": 0,
                  "Actual Startup Time": 0.05,
                  "Actual Total Time": 677.818,
                  "Actual Rows": 4404897,
                  "Actual Loops": 7,
                  "Filter": "(person_id < 3116275)",
                  "Rows Removed by Filter": 772867
                }
              ]
            }
          ]
        }
      ]
    },
    "Planning Time": 0.2,
    "Triggers": [],
    "Execution Time": 962.817
  }
]