[
  {
    "Plan": {
      "Node Type": "Aggregate",
      "Strategy": "Plain",
      "Partial Mode": "Finalize",
      "Parallel Aware": false,
      "Startup Cost": 248869.16,
      "Total Cost": 248869.17,
      "Plan Rows": 1,
      "Plan Width": 8,
      "Actual Startup Time": 531.16,
      "Actual Total Time": 573.926,
      "Actual Rows": 1,
      "Actual Loops": 1,
      "Plans": [
        {
          "Node Type": "Gather",
          "Parent Relationship": "Outer",
          "Parallel Aware": false,
          "Startup Cost": 248868.64,
          "Total Cost": 248869.15,
          "Plan Rows": 5,
          "Plan Width": 8,
          "Actual Startup Time": 528.95,
          "Actual Total Time": 573.902,
          "Actual Rows": 6,
          "Actual Loops": 1,
          "Workers Planned": 5,
          "Workers Launched": 5,
          "Single Copy": false,
          "Plans": [
            {
              "Node Type": "Aggregate",
              "Strategy": "Plain",
              "Partial Mode": "Partial",
              "Parent Relationship": "Outer",
              "Parallel Aware": false,
              "Startup Cost": 247868.64,
              "Total Cost": 247868.65,
              "Plan Rows": 1,
              "Plan Width": 8,
              "Actual Startup Time": 522.229,
              "Actual Total Time": 522.235,
              "Actual Rows": 1,
              "Actual Loops": 6,
              "Plans": [
                {
                  "Node Type": "Hash Join",
                  "Parent Relationship": "Outer",
                  "Parallel Aware": true,
                  "Join Type": "Inner",
                  "Startup Cost": 46896.66,
                  "Total Cost": 247596.74,
                  "Plan Rows": 108758,
                  "Plan Width": 0,
                  "Actual Startup Time": 260.796,
                  "Actual Total Time": 517.187,
                  "Actual Rows": 108888,
                  "Actual Loops": 6,
                  "Inner Unique": true,
                  "Hash Cond": "(mi.movie_id = t.id)",
                  "Plans": [
                    {
                      "Node Type": "Seq Scan",
                      "Parent Relationship": "Outer",
                      "Parallel Aware": true,
                      "Relation Name": "movie_info",
                      "Alias": "mi",
                      "Startup Cost": 0.0,
                      "Total Cost": 199108.24,
                      "Plan Rows": 606414,
                      "Plan Width": 4,
                      "Actual Startup Time": 74.118,
                      "Actual Total Time": 334.861,
                      "Actual Rows": 506120,
                      "Actual Loops": 6,
                      "Filter": "(info_type_id = 16)",
                      "Rows Removed by Filter": 1966500
                    },
                    {
                      "Node Type": "Hash",
                      "Parent Relationship": "Inner",
                      "Parallel Aware": true,
                      "Startup Cost": 45479.59,
                      "Total Cost": 45479.59,
                      "Plan Rows": 113366,
                      "Plan Width": 4,
                      "Actual Startup Time": 99.415,
                      "Actual Total Time": 99.417,
                      "Actual Rows": 55046,
                      "Actual Loops": 6,
                      "Hash Buckets": 524288,
                      "Original Hash Buckets": 524288,
                      "Hash Batches": 1,
                      "Original Hash Batches": 1,
                      "Peak Memory Usage": 17056,
                      "Plans": [
                        {
                          "Node Type": "Seq Scan",
                          "Parent Relationship": "Outer",
                          "Parallel Aware": true,
                          "Relation Name": "title",
                          "Alias": "t",
                          "Startup Cost": 0.0,
                          "Total Cost": 45479.59,
                          "Plan Rows": 113366,
                          "Plan Width": 4,
                          "Actual Startup Time": 37.045,
                          "Actual Total Time": 77.819,
                          "Actual Rows": 55046,
                          "Actual Loops": 6,
                          "Filter": "((production_year > 1991) AND (kind_id = 1))",
                          "Rows Removed by Filter": 366339
                        }
                      ]
                    }
                  ]
                }
              ]
            }
          ]
        }
      ]
    },
    "Planning Time": 0.4,
    "Triggers": [],
    "Execution Time": 573.973
  }
]