[
  {
    "Plan": {
      "Node Type": "Aggregate",
      "Strategy": "Plain",
      "Partial Mode": "Finalize",
      "Parallel Aware": false,
      "Startup Cost": 248684.43,
      "Total Cost": 248684.44,
      "Plan Rows": 1,
      "Plan Width": 8,
      "Actual Startup Time": 552.584,
      "Actual Total Time": 597.341,
      "Actual Rows": 1,
      "Actual Loops": 1,
      "Plans": [
        {
          "Node Type": "Gather",
          "Parent Relationship": "Outer",
          "Parallel Aware": false,
          "Startup Cost": 248683.91,
          "Total Cost": 248684.42,
          "Plan Rows": 5,
          "Plan Width": 8,
          "Actual Startup Time": 549.648,
          "Actual Total Time": 597.328,
          "Actual Rows": 6,
          "Actual Loops": 1,
          "Workers Planned": 5,
          "Workers Launched": 5,
          "Single Copy": false,
          "Plans": [
            {
              "Node Type": "Aggregate",
              "Strategy": "Plain",
              "Partial Mode": "Partial",
              "Parent Relationship": "Outer",
              "Parallel Aware": false,
              "Startup Cost": 247683.91,
              "Total Cost": 247683.92,
              "Plan Rows": 1,
              "Plan Width": 8,
              "Actual Startup Time": 540.463,
              "Actual Total Time": 540.466,
              "Actual Rows": 1,
              "Actual Loops": 6,
              "Plans": [
                {
                  "Node Type": "Hash Join",
                  "Parent Relationship": "Outer",
                  "Parallel Aware": true,
                  "Join Type": "Inner",
                  "Startup Cost": 46898.17,
                  "Total Cost": 247416.08,
                  "Plan Rows": 107132,
                  "Plan Width": 0,
                  "Actual Startup Time": 288.134,
                  "Actual Total Time": 534.965,
                  "Actual Rows": 108888,
                  "Actual Loops": 6,
                  "Inner Unique": true,
                  "Hash Cond": "(mi.movie_id = t.id)",
                  "Plans": [
                    {
                      "Node Type": "Seq Scan",
                      "Parent Relationship": "Outer",
                      "Parallel Aware": true,
                      "Relation Name": "movie_info",
                      "Alias": "mi",
                      "Startup Cost": 0.0,
                      "Total Cost": 198952.16,
                      "Plan Rows": 596472,
                      "Plan Width": 4,
                      "Actual Startup Time": 82.654,
                      "Actual Total Time": 334.875,
                      "Actual Rows": 506120,
                      "Actual Loops": 6,
                      "Filter": "(info_type_id = 16)",
                      "Rows Removed by Filter": 1966500
                    },
                    {
                      "Node Type": "Hash",
                      "Parent Relationship": "Inner",
                      "Parallel Aware": true,
                      "Startup Cost": 45479.1,
                      "Total Cost": 45479.1,
                      "Plan Rows": 113526,
                      "Plan Width": 4,
                      "Actual Startup Time": 111.113,
                      "Actual Total Time": 111.113,
                      "Actual Rows": 55046,
                      "Actual Loops": 6,
                      "Hash Buckets": 524288,
                      "Original Hash Buckets": 524288,
                      "Hash Batches": 1,
                      "Original Hash Batches": 1,
                      "Peak Memory Usage": 17120,
                      "Plans": [
                        {
                          "Node Type": "Seq Scan",
                          "Parent Relationship": "Outer",
                          "Parallel Aware": true,
                          "Relation Name": "title",
                          "Alias": "t",
                          "Startup Cost": 0.0,
                          "Total Cost": 45479.1,
                          "Plan Rows": 113526,
                          "Plan Width": 4,
                          "Actual Startup Time": 45.845,
                          "Actual Total Time": 90.257,
                          "Actual Rows": 55046,
                          "Actual Loops": 6,
                          "Filter": "((production_year > 1991) AND (kind_id = 1))",
                          "Rows Removed by Filter": 366339
                        }
                      ]
                    }
                  ]
                }
              ]
            }
          ]
        }
      ]
    },
    "Planning Time": 0.509,
    "Triggers": [],
    "Execution Time": 597.413
  }
]