[
  {
    "Plan": {
      "Node Type": "Aggregate",
      "Strategy": "Plain",
      "Partial Mode": "Finalize",
      "Parallel Aware": false,
      "Startup Cost": 31229.61,
      "Total Cost": 31229.62,
      "Plan Rows": 1,
      "Plan Width": 8,
      "Actual Startup Time": 87.232,
      "Actual Total Time": 93.058,
      "Actual Rows": 1,
      "Actual Loops": 1,
      "Plans": [
        {
          "Node Type": "Gather",
          "Parent Relationship": "Outer",
          "Parallel Aware": false,
          "Startup Cost": 31229.29,
          "Total Cost": 31229.6,
          "Plan Rows": 3,
          "Plan Width": 8,
          "Actual Startup Time": 87.124,
          "Actual Total Time": 93.05,
          "Actual Rows": 4,
          "Actual Loops": 1,
          "Workers Planned": 3,
          "Workers Launched": 3,
          "Single Copy": false,
          "Plans": [
            {
              "Node Type": "Aggregate",
              "Strategy": "Plain",
              "Partial Mode": "Partial",
              "Parent Relationship": "Outer",
              "Parallel Aware": false,
              "Startup Cost": 30229.29,
              "Total Cost": 30229.3,
              "Plan Rows": 1,
              "Plan Width": 8,
              "Actual Startup Time": 83.01,
              "Actual Total Time": 83.011,
              "Actual Rows": 1,
              "Actual Loops": 4,
              "Plans": [
                {
                  "Node Type": "Seq Scan",
                  "Parent Relationship": "Outer",
                  "Parallel Aware": true,
                  "Relation Name": "movie_companies",
                  "Alias": "mc",
                  "Startup Cost": 0.0,
                  "Total Cost": 29310.68,
                  "Plan Rows": 367445,
                  "Plan Width": 0,
                  "Actual Startup Time": 0.027,
                  "Actual Total Time": 68.212,
                  "Actual Rows": 284234,
                  "Actual Loops": 4,
                  "Filter": "(company_id < 8488)",
                  "Rows Removed by Filter": 368049
                }
              ]
            }
          ]
        }
      ]
    },
    "Planning Time": 0.139,
    "Triggers": [],
    "Execution Time": 93.096
  }
]