[
  {
    "Plan": {
      "Node Type": "Aggregate",
      "Strategy": "Plain",
      "Partial Mode": "Finalize",
      "Parallel Aware": false,
      "Startup Cost": 437076.07,
      "Total Cost": 437076.08,
      "Plan Rows": 1,
      "Plan Width": 8,
      "Actual Startup Time": 1027.042,
      "Actual Total Time": 1057.997,
      "Actual Rows": 1,
      "Actual Loops": 1,
      "Plans": [
        {
          "Node Type": "Gather",
          "Parent Relationship": "Outer",
          "Parallel Aware": false,
          "Startup Cost": 437075.45,
          "Total Cost": 437076.06,
          "Plan Rows": 6,
          "Plan Width": 8,
          "Actual Startup Time": 1015.801,
          "Actual Total Time": 1057.986,
          "Actual Rows": 7,
          "Actual Loops": 1,
          "Workers Planned": 6,
          "Workers Launched": 6,
          "Single Copy": false,
          "Plans": [
            {
              "Node Type": "Aggregate",
              "Strategy": "Plain",
              "Partial Mode": "Partial",
              "Parent Relationship": "Outer",
              "Parallel Aware": false,
              "Startup Cost": 436075.45,
              "Total Cost": 436075.46,
              "Plan Rows": 1,
              "Plan Width": 8,
              "Actual Startup Time": 1003.702,
              "Actual Total Time": 1003.786,
              "Actual Rows": 1,
              "Actual Loops": 7,
              "Plans": [
                {
                  "Node Type": "Hash Join",
                  "Parent Relationship": "Outer",
                  "Parallel Aware": true,
                  "Join Type": "Inner",
                  "Startup Cost": 93139.28,
                  "Total Cost": 435167.02,
                  "Plan Rows": 363372,
                  "Plan Width": 0,
                  "Actual Startup Time": 632.99,
                  "Actual Total Time": 981.037,
                  "Actual Rows": 530348,
                  "Actual Loops": 7,
                  "Inner Unique": false,
                  "Hash Cond": "(ci.movie_id = t.id)",
                  "Plans": [
                    {
                      "Node Type": "Index Scan",
                      "Parent Relationship": "Outer",
                      "Parallel Aware": true,
                      "Scan Direction": "Forward",
                      "Index Name": "role_id_cast_info",
                      "Relation Name": "cast_info",
                      "Alias": "ci",
                      "Startup Cost": 0.56,
                      "Total Cost": 335235.55,
                      "Plan Rows": 1498821,
                      "Plan Width": 4,
                      "Actual Startup Time": 201.513,
                      "Actual Total Time": 356.212,
                      "Actual Rows": 763194,
                      "Actual Loops": 7,
                      "Index Cond": "(role_id < 2)",
                      "Rows Removed by Index Recheck": 0,
                      "Filter": "(person_id > 1000277)",
                      "Rows Removed by Filter": 1046905
                    },
                    {
                      "Node Type": "Hash",
                      "Parent Relationship": "Inner",
                      "Parallel Aware": true,
                      "Startup Cost": 90667.12,
                      "Total Cost": 90667.12,
                      "Plan Rows": 197728,
                      "Plan Width": 8,
                      "Actual Startup Time": 428.277,
                      "Actual Total Time": 428.36,
                      "Actual Rows": 88586,
                      "Actual Loops": 7,
                      "Hash Buckets": 1048576,
                      "Original Hash Buckets": 1048576,
                      "Hash Batches": 1,
                      "Original Hash Batches": 1,
                      "Peak Memory Usage": 32544,
                      "Plans": [
                        {
                          "Node Type": "Hash Join",
                          "Parent Relationship": "Outer",
                          "Parallel Aware": true,
                          "Join Type": "Inner",
                          "Startup Cost": 63222.49,
                          "Total Cost": 90667.12,
                          "Plan Rows": 197728,
                          "Plan Width": 8,
                          "Actual Startup Time": 293.331,
                          "Actual Total Time": 383.31,
                          "Actual Rows": 88586,
                          "Actual Loops": 7,
                          "Inner Unique": true,
                          "Hash Cond": "(mk.movie_id = t.id)",
                          "Plans": [
                            {
                              "Node Type": "Bitmap Heap Scan",
                              "Parent Relationship": "Outer",
                              "Parallel Aware": true,
                              "Relation Name": "movie_keyword",
                              "Alias": "mk",
                              "Startup Cost": 13002.84,
                              "Total Cost": 39928.44,
                              "Plan Rows": 197728,
                              "Plan Width": 4,
                              "Actual Startup Time": 36.547,
                              "Actual Total Time": 84.273,
                              "Actual Rows": 88586,
                              "Actual Loops": 7,
                              "Recheck Cond": "(keyword_id < 476)",
                              "Rows Removed by Index Recheck": 0,
                              "Exact Heap Blocks": 4277,
                              "Lossy Heap Blocks": 0,
                              "Plans": [
                                {
                                  "Node Type": "Bitmap Index Scan",
                                  "Parent Relationship": "Outer",
                                  "Parallel Aware": false,
                                  "Index Name": "keyword_id_movie_keyword",
                                  "Startup Cost": 0.0,
                                  "Total Cost": 12849.6,
                                  "Plan Rows": 612956,
                                  "Plan Width": 0,
                                  "Actual Startup Time": 32.704,
                                  "Actual Total Time": 32.704,
                                  "Actual Rows": 620100,
                                  "Actual Loops": 1,
                                  "Index Cond": "(keyword_id < 476)"
                                }
                              ]
                            },
                            {
                              "Node Type": "Hash",
                              "Parent Relationship": "Inner",
                              "Parallel Aware": true,
                              "Startup Cost": 42318.73,
                              "Total Cost": 42318.73,
                              "Plan Rows": 632073,
                              "Plan Width": 4,
                              "Actual Startup Time": 252.318,
                              "Actual Total Time": 252.319,
                              "Actual Rows": 361187,
                              "Actual Loops": 7,
                              "Hash Buckets": 4194304,
                              "Original Hash Buckets": 4194304,
                              "Hash Batches": 1,
                              "Original Hash Batches": 1,
                              "Peak Memory Usage": 131776,
                              "Plans": [
                                {
                                  "Node Type": "Seq Scan",
                                  "Parent Relationship": "Outer",
                                  "Parallel Aware": true,
                                  "Relation Name": "title",
                                  "Alias": "t",
                                  "Startup Cost": 0.0,
                                  "Total Cost": 42318.73,
                                  "Plan Rows": 632073,
                                  "Plan Width": 4,
                                  "Actual Startup Time": 0.048,
                                  "Actual Total Time": 71.38,
                                  "Actual Rows": 361187,
                                  "Actual Loops": 7
                                }
                              ]
                            }
                          ]
                        }
                      ]
                    }
                  ]
                }
              ]
            }
          ]
        }
      ]
    },
    "Planning Time": 1.357,
    "Triggers": [],
    "Execution Time": 1058.108
  }
]