[
  {
    "Plan": {
      "Node Type": "Aggregate",
      "Strategy": "Plain",
      "Partial Mode": "Finalize",
      "Parallel Aware": false,
      "Startup Cost": 32163.4,
      "Total Cost": 32163.41,
      "Plan Rows": 1,
      "Plan Width": 8,
      "Actual Startup Time": 104.458,
      "Actual Total Time": 112.341,
      "Actual Rows": 1,
      "Actual Loops": 1,
      "Plans": [
        {
          "Node Type": "Gather",
          "Parent Relationship": "Outer",
          "Parallel Aware": false,
          "Startup Cost": 32163.08,
          "Total Cost": 32163.39,
          "Plan Rows": 3,
          "Plan Width": 8,
          "Actual Startup Time": 104.219,
          "Actual Total Time": 112.333,
          "Actual Rows": 4,
          "Actual Loops": 1,
          "Workers Planned": 3,
          "Workers Launched": 3,
          "Single Copy": false,
          "Plans": [
            {
              "Node Type": "Aggregate",
              "Strategy": "Plain",
              "Partial Mode": "Partial",
              "Parent Relationship": "Outer",
              "Parallel Aware": false,
              "Startup Cost": 31163.08,
              "Total Cost": 31163.09,
              "Plan Rows": 1,
              "Plan Width": 8,
              "Actual Startup Time": 96.842,
              "Actual Total Time": 96.843,
              "Actual Rows": 1,
              "Actual Loops": 4,
              "Plans": [
                {
                  "Node Type": "Bitmap Heap Scan",
                  "Parent Relationship": "Outer",
                  "Parallel Aware": true,
                  "Relation Name": "movie_keyword",
                  "Alias": "mk",
                  "Startup Cost": 5463.48,
                  "Total Cost": 30955.48,
                  "Plan Rows": 83040,
                  "Plan Width": 0,
                  "Actual Startup Time": 34.083,
                  "Actual Total Time": 92.64,
                  "Actual Rows": 65370,
                  "Actual Loops": 4,
                  "Recheck Cond": "(keyword_id > 59192)",
                  "Rows Removed by Index Recheck": 0,
                  "Exact Heap Blocks": 11011,
                  "Lossy Heap Blocks": 0,
                  "Plans": [
                    {
                      "Node Type": "Bitmap Index Scan",
                      "Parent Relationship": "Outer",
                      "Parallel Aware": false,
                      "Index Name": "keyword_id_movie_keyword",
                      "Startup Cost": 0.0,
                      "Total Cost": 5399.12,
                      "Plan Rows": 257425,
                      "Plan Width": 0,
                      "Actual Startup Time": 36.558,
                      "Actual Total Time": 36.558,
                      "Actual Rows": 261480,
                      "Actual Loops": 1,
                      "Index Cond": "(keyword_id > 59192)"
                    }
                  ]
                }
              ]
            }
          ]
        }
      ]
    },
    "Planning Time": 0.189,
    "Triggers": [],
    "Execution Time": 112.415
  }
]