[
  {
    "Plan": {
      "Node Type": "Aggregate",
      "Strategy": "Plain",
      "Partial Mode": "Finalize",
      "Parallel Aware": false,
      "Startup Cost": 306115.98,
      "Total Cost": 306115.99,
      "Plan Rows": 1,
      "Plan Width": 8,
      "Actual Startup Time": 1789.722,
      "Actual Total Time": 1844.283,
      "Actual Rows": 1,
      "Actual Loops": 1,
      "Plans": [
        {
          "Node Type": "Gather",
          "Parent Relationship": "Outer",
          "Parallel Aware": false,
          "Startup Cost": 306115.46,
          "Total Cost": 306115.97,
          "Plan Rows": 5,
          "Plan Width": 8,
          "Actual Startup Time": 1777.036,
          "Actual Total Time": 1844.27,
          "Actual Rows": 6,
          "Actual Loops": 1,
          "Workers Planned": 5,
          "Workers Launched": 5,
          "Single Copy": false,
          "Plans": [
            {
              "Node Type": "Aggregate",
              "Strategy": "Plain",
              "Partial Mode": "Partial",
              "Parent Relationship": "Outer",
              "Parallel Aware": false,
              "Startup Cost": 305115.46,
              "Total Cost": 305115.47,
              "Plan Rows": 1,
              "Plan Width": 8,
              "Actual Startup Time": 1766.828,
              "Actual Total Time": 1767.026,
              "Actual Rows": 1,
              "Actual Loops": 6,
              "Plans": [
                {
                  "Node Type": "Hash Join",
                  "Parent Relationship": "Outer",
                  "Parallel Aware": true,
                  "Join Type": "Inner",
                  "Startup Cost": 94892.96,
                  "Total Cost": 303440.9,
                  "Plan Rows": 669821,
                  "Plan Width": 0,
                  "Actual Startup Time": 419.896,
                  "Actual Total Time": 1512.992,
                  "Actual Rows": 4521082,
                  "Actual Loops": 6,
                  "Inner Unique": false,
                  "Hash Cond": "(mi.movie_id = t.id)",
                  "Plans": [
                    {
                      "Node Type": "Seq Scan",
                      "Parent Relationship": "Outer",
                      "Parallel Aware": true,
                      "Relation Name": "movie_info",
                      "Alias": "mi",
                      "Startup Cost": 0.0,
                      "Total Cost": 198952.16,
                      "Plan Rows": 1982687,
                      "Plan Width": 4,
                      "Actual Startup Time": 21.312,
                      "Actual Total Time": 426.46,
                      "Actual Rows": 1651959,
                      "Actual Loops": 6,
                      "Filter": "(info_type_id > 4)",
                      "Rows Removed by Filter": 820661
                    },
                    {
                      "Node Type": "Hash",
                      "Parent Relationship": "Inner",
                      "Parallel Aware": true,
                      "Startup Cost": 91448.82,
                      "Total Cost": 91448.82,
                      "Plan Rows": 275531,
                      "Plan Width": 8,
                      "Actual Startup Time": 394.253,
                      "Actual Total Time": 394.449,
                      "Actual Rows": 94547,
                      "Actual Loops": 6,
                      "Hash Buckets": 1048576,
                      "Original Hash Buckets": 1048576,
                      "Hash Batches": 1,
                      "Original Hash Batches": 1,
                      "Peak Memory Usage": 30496,
                      "Plans": [
                        {
                          "Node Type": "Hash Join",
                          "Parent Relationship": "Outer",
                          "Parallel Aware": true,
                          "Join Type": "Inner",
                          "Startup Cost": 46746.12,
                          "Total Cost": 91448.82,
                          "Plan Rows": 275531,
                          "Plan Width": 8,
                          "Actual Startup Time": 182.843,
                          "Actual Total Time": 356.137,
                          "Actual Rows": 94547,
                          "Actual Loops": 6,
                          "Inner Unique": true,
                          "Hash Cond": "(mk.movie_id = t.id)",
                          "Plans": [
                            {
                              "Node Type": "Seq Scan",
                              "Parent Relationship": "Outer",
                              "Parallel Aware": true,
                              "Relation Name": "movie_keyword",
                              "Alias": "mk",
                              "Startup Cost": 0.0,
                              "Total Cost": 42695.65,
                              "Plan Rows": 764590,
                              "Plan Width": 4,
                              "Actual Startup Time": 0.254,
                              "Actual Total Time": 104.998,
                              "Actual Rows": 394289,
                              "Actual Loops": 6,
                              "Filter": "(keyword_id > 4099)",
                              "Rows Removed by Filter": 359699
                            },
                            {
                              "Node Type": "Hash",
                              "Parent Relationship": "Inner",
                              "Parallel Aware": true,
                              "Startup Cost": 43898.92,
                              "Total Cost": 43898.92,
                              "Plan Rows": 227776,
                              "Plan Width": 4,
                              "Actual Startup Time": 180.723,
                              "Actual Total Time": 180.724,
                              "Actual Rows": 150748,
                              "Actual Loops": 6,
                              "Hash Buckets": 1048576,
                              "Original Hash Buckets": 1048576,
                              "Hash Batches": 1,
                              "Original Hash Batches": 1,
                              "Peak Memory Usage": 43712,
                              "Plans": [
                                {
                                  "Node Type": "Seq Scan",
                                  "Parent Relationship": "Outer",
                                  "Parallel Aware": true,
                                  "Relation Name": "title",
                                  "Alias": "t",
                                  "Startup Cost": 0.0,
                                  "Total Cost": 43898.92,
                                  "Plan Rows": 227776,
                                  "Plan Width": 4,
                                  "Actual Startup Time": 0.048,
                                  "Actual Total Time": 99.651,
                                  "Actual Rows": 150748,
                                  "Actual Loops": 6,
                                  "Filter": "(production_year > 2006)",
                                  "Rows Removed by Filter": 270637
                                }
                              ]
                            }
                          ]
                        }
                      ]
                    }
                  ]
                }
              ]
            }
          ]
        }
      ]
    },
    "Planning Time": 1.283,
    "Triggers": [],
    "Execution Time": 1844.375
  }
]