[
  {
    "Plan": {
      "Node Type": "Aggregate",
      "Strategy": "Plain",
      "Partial Mode": "Simple",
      "Parallel Aware": false,
      "Startup Cost": 4421.58,
      "Total Cost": 4421.59,
      "Plan Rows": 1,
      "Plan Width": 8,
      "Actual Startup Time": 2.503,
      "Actual Total Time": 2.505,
      "Actual Rows": 1,
      "Actual Loops": 1,
      "Plans": [
        {
          "Node Type": "Nested Loop",
          "Parent Relationship": "Outer",
          "Parallel Aware": false,
          "Join Type": "Inner",
          "Startup Cost": 8.14,
          "Total Cost": 4421.54,
          "Plan Rows": 15,
          "Plan Width": 0,
          "Actual Startup Time": 0.196,
          "Actual Total Time": 2.399,
          "Actual Rows": 1873,
          "Actual Loops": 1,
          "Inner Unique": false,
          "Plans": [
            {
              "Node Type": "Nested Loop",
              "Parent Relationship": "Outer",
              "Parallel Aware": false,
              "Join Type": "Inner",
              "Startup Cost": 7.71,
              "Total Cost": 4300.36,
              "Plan Rows": 3,
              "Plan Width": 8,
              "Actual Startup Time": 0.168,
              "Actual Total Time": 1.55,
              "Actual Rows": 4,
              "Actual Loops": 1,
              "Inner Unique": true,
              "Plans": [
                {
                  "Node Type": "Bitmap Heap Scan",
                  "Parent Relationship": "Outer",
                  "Parallel Aware": false,
                  "Relation Name": "movie_info_idx",
                  "Alias": "mi_idx",
                  "Startup Cost": 7.28,
                  "Total Cost": 1221.84,
                  "Plan Rows": 368,
                  "Plan Width": 4,
                  "Actual Startup Time": 0.031,
                  "Actual Total Time": 0.059,
                  "Actual Rows": 260,
                  "Actual Loops": 1,
                  "Recheck Cond": "(info_type_id > 101)",
                  "Rows Removed by Index Recheck": 0,
                  "Exact Heap Blocks": 2,
                  "Lossy Heap Blocks": 0,
                  "Plans": [
                    {
                      "Node Type": "Bitmap Index Scan",
                      "Parent Relationship": "Outer",
                      "Parallel Aware": false,
                      "Index Name": "info_type_id_movie_info_idx",
                      "Startup Cost": 0.0,
                      "Total Cost": 7.19,
                      "Plan Rows": 368,
                      "Plan Width": 0,
                      "Actual Startup Time": 0.02,
                      "Actual Total Time": 0.02,
                      "Actual Rows": 260,
                      "Actual Loops": 1,
                      "Index Cond": "(info_type_id > 101)"
                    }
                  ]
                },
                {
                  "Node Type": "Index Scan",
                  "Parent Relationship": "Inner",
                  "Parallel Aware": false,
                  "Scan Direction": "Forward",
                  "Index Name": "title_pkey",
                  "Relation Name": "title",
                  "Alias": "t",
                  "Startup Cost": 0.43,
                  "Total Cost": 8.37,
                  "Plan Rows": 1,
                  "Plan Width": 4,
                  "Actual Startup Time": 0.005,
                  "Actual Total Time": 0.005,
                  "Actual Rows": 0,
                  "Actual Loops": 260,
                  "Index Cond": "(id = mi_idx.movie_id)",
                  "Rows Removed by Index Recheck": 0,
                  "Filter": "((kind_id < 3) AND (production_year = 2002))",
                  "Rows Removed by Filter": 1
                }
              ]
            },
            {
              "Node Type": "Index Only Scan",
              "Parent Relationship": "Inner",
              "Parallel Aware": false,
              "Scan Direction": "Forward",
              "Index Name": "movie_id_movie_info",
              "Relation Name": "movie_info",
              "Alias": "mi",
              "Startup Cost": 0.43,
              "Total Cost": 39.98,
              "Plan Rows": 41,
              "Plan Width": 4,
              "Actual Startup Time": 0.021,
              "Actual Total Time": 0.172,
              "Actual Rows": 468,
              "Actual Loops": 4,
              "Index Cond": "(movie_id = t.id)",
              "Rows Removed by Index Recheck": 0,
              "Heap Fetches": 1873
            }
          ]
        }
      ]
    },
    "Planning Time": 0.507,
    "Triggers": [],
    "Execution Time": 2.543
  }
]