[
  {
    "Plan": {
      "Node Type": "Aggregate",
      "Strategy": "Plain",
      "Partial Mode": "Simple",
      "Parallel Aware": false,
      "Startup Cost": 28628.05,
      "Total Cost": 28628.06,
      "Plan Rows": 1,
      "Plan Width": 8,
      "Actual Startup Time": 74.115,
      "Actual Total Time": 74.116,
      "Actual Rows": 1,
      "Actual Loops": 1,
      "Plans": [
        {
          "Node Type": "Bitmap Heap Scan",
          "Parent Relationship": "Outer",
          "Parallel Aware": false,
          "Relation Name": "movie_keyword",
          "Alias": "mk",
          "Startup Cost": 2445.51,
          "Total Cost": 28339.96,
          "Plan Rows": 115236,
          "Plan Width": 0,
          "Actual Startup Time": 26.498,
          "Actual Total Time": 68.889,
          "Actual Rows": 114270,
          "Actual Loops": 1,
          "Recheck Cond": "(keyword_id > 79266)",
          "Rows Removed by Index Recheck": 0,
          "Exact Heap Blocks": 18010,
          "Lossy Heap Blocks": 0,
          "Plans": [
            {
              "Node Type": "Bitmap Index Scan",
              "Parent Relationship": "Outer",
              "Parallel Aware": false,
              "Index Name": "keyword_id_movie_keyword",
              "Startup Cost": 0.0,
              "Total Cost": 2416.7,
              "Plan Rows": 115236,
              "Plan Width": 0,
              "Actual Startup Time": 21.241,
              "Actual Total Time": 21.241,
              "Actual Rows": 114270,
              "Actual Loops": 1,
              "Index Cond": "(keyword_id > 79266)"
            }
          ]
        }
      ]
    },
    "Planning Time": 0.147,
    "Triggers": [],
    "Execution Time": 74.32
  }
]