[
  {
    "Plan": {
      "Node Type": "Aggregate",
      "Strategy": "Plain",
      "Partial Mode": "Finalize",
      "Parallel Aware": false,
      "Startup Cost": 33368.71,
      "Total Cost": 33368.72,
      "Plan Rows": 1,
      "Plan Width": 8,
      "Actual Startup Time": 105.347,
      "Actual Total Time": 112.934,
      "Actual Rows": 1,
      "Actual Loops": 1,
      "Plans": [
        {
          "Node Type": "Gather",
          "Parent Relationship": "Outer",
          "Parallel Aware": false,
          "Startup Cost": 33368.4,
          "Total Cost": 33368.71,
          "Plan Rows": 3,
          "Plan Width": 8,
          "Actual Startup Time": 105.243,
          "Actual Total Time": 112.926,
          "Actual Rows": 4,
          "Actual Loops": 1,
          "Workers Planned": 3,
          "Workers Launched": 3,
          "Single Copy": false,
          "Plans": [
            {
              "Node Type": "Aggregate",
              "Strategy": "Plain",
              "Partial Mode": "Partial",
              "Parent Relationship": "Outer",
              "Parallel Aware": false,
              "Startup Cost": 32368.4,
              "Total Cost": 32368.41,
              "Plan Rows": 1,
              "Plan Width": 8,
              "Actual Startup Time": 97.24,
              "Actual Total Time": 97.241,
              "Actual Rows": 1,
              "Actual Loops": 4,
              "Plans": [
                {
                  "Node Type": "Seq Scan",
                  "Parent Relationship": "Outer",
                  "Parallel Aware": true,
                  "Relation Name": "movie_companies",
                  "Alias": "mc",
                  "Startup Cost": 0.0,
                  "Total Cost": 31414.82,
                  "Plan Rows": 381431,
                  "Plan Width": 0,
                  "Actual Startup Time": 0.118,
                  "Actual Total Time": 82.136,
                  "Actual Rows": 277614,
                  "Actual Loops": 4,
                  "Filter": "((company_id > 67) AND (company_type_id < 2))",
                  "Rows Removed by Filter": 374669
                }
              ]
            }
          ]
        }
      ]
    },
    "Planning Time": 0.212,
    "Triggers": [],
    "Execution Time": 112.989
  }
]