[
  {
    "Plan": {
      "Node Type": "Aggregate",
      "Strategy": "Plain",
      "Partial Mode": "Finalize",
      "Parallel Aware": false,
      "Startup Cost": 93844.27,
      "Total Cost": 93844.28,
      "Plan Rows": 1,
      "Plan Width": 8,
      "Actual Startup Time": 305.905,
      "Actual Total Time": 340.647,
      "Actual Rows": 1,
      "Actual Loops": 1,
      "Plans": [
        {
          "Node Type": "Gather",
          "Parent Relationship": "Outer",
          "Parallel Aware": false,
          "Startup Cost": 93843.95,
          "Total Cost": 93844.26,
          "Plan Rows": 3,
          "Plan Width": 8,
          "Actual Startup Time": 305.107,
          "Actual Total Time": 340.638,
          "Actual Rows": 4,
          "Actual Loops": 1,
          "Workers Planned": 3,
          "Workers Launched": 3,
          "Single Copy": false,
          "Plans": [
            {
              "Node Type": "Aggregate",
              "Strategy": "Plain",
              "Partial Mode": "Partial",
              "Parent Relationship": "Outer",
              "Parallel Aware": false,
              "Startup Cost": 92843.95,
              "Total Cost": 92843.96,
              "Plan Rows": 1,
              "Plan Width": 8,
              "Actual Startup Time": 295.763,
              "Actual Total Time": 295.767,
              "Actual Rows": 1,
              "Actual Loops": 4,
              "Plans": [
                {
                  "Node Type": "Nested Loop",
                  "Parent Relationship": "Outer",
                  "Parallel Aware": false,
                  "Join Type": "Inner",
                  "Startup Cost": 52708.77,
                  "Total Cost": 92719.14,
                  "Plan Rows": 49925,
                  "Plan Width": 0,
                  "Actual Startup Time": 139.949,
                  "Actual Total Time": 292.229,
                  "Actual Rows": 42636,
                  "Actual Loops": 4,
                  "Inner Unique": false,
                  "Join Filter": "(t.id = ci.movie_id)",
                  "Rows Removed by Join Filter": 0,
                  "Plans": [
                    {
                      "Node Type": "Hash Join",
                      "Parent Relationship": "Outer",
                      "Parallel Aware": true,
                      "Join Type": "Inner",
                      "Startup Cost": 52708.2,
                      "Total Cost": 73433.26,
                      "Plan Rows": 3484,
                      "Plan Width": 8,
                      "Actual Startup Time": 139.831,
                      "Actual Total Time": 188.644,
                      "Actual Rows": 1287,
                      "Actual Loops": 4,
                      "Inner Unique": true,
                      "Hash Cond": "(mc.movie_id = t.id)",
                      "Plans": [
                        {
                          "Node Type": "Bitmap Heap Scan",
                          "Parent Relationship": "Outer",
                          "Parallel Aware": true,
                          "Relation Name": "movie_companies",
                          "Alias": "mc",
                          "Startup Cost": 8594.13,
                          "Total Cost": 28983.34,
                          "Plan Rows": 127937,
                          "Plan Width": 4,
                          "Actual Startup Time": 27.755,
                          "Actual Total Time": 57.336,
                          "Actual Rows": 98260,
                          "Actual Loops": 4,
                          "Recheck Cond": "(company_id < 240)",
                          "Rows Removed by Index Recheck": 0,
                          "Exact Heap Blocks": 7334,
                          "Lossy Heap Blocks": 0,
                          "Plans": [
                            {
                              "Node Type": "Bitmap Index Scan",
                              "Parent Relationship": "Outer",
                              "Parallel Aware": false,
                              "Index Name": "company_id_movie_companies",
                              "Startup Cost": 0.0,
                              "Total Cost": 8494.98,
                              "Plan Rows": 396606,
                              "Plan Width": 0,
                              "Actual Startup Time": 23.37,
                              "Actual Total Time": 23.371,
                              "Actual Rows": 393040,
                              "Actual Loops": 1,
                              "Index Cond": "(company_id < 240)"
                            }
                          ]
                        },
                        {
                          "Node Type": "Hash",
                          "Parent Relationship": "Inner",
                          "Parallel Aware": true,
                          "Startup Cost": 43898.92,
                          "Total Cost": 43898.92,
                          "Plan Rows": 17213,
                          "Plan Width": 4,
                          "Actual Startup Time": 109.986,
                          "Actual Total Time": 109.986,
                          "Actual Rows": 16836,
                          "Actual Loops": 4,
                          "Hash Buckets": 131072,
                          "Original Hash Buckets": 131072,
                          "Hash Batches": 1,
                          "Original Hash Batches": 1,
                          "Peak Memory Usage": 3712,
                          "Plans": [
                            {
                              "Node Type": "Seq Scan",
                              "Parent Relationship": "Outer",
                              "Parallel Aware": true,
                              "Relation Name": "title",
                              "Alias": "t",
                              "Startup Cost": 0.0,
                              "Total Cost": 43898.92,
                              "Plan Rows": 17213,
                              "Plan Width": 4,
                              "Actual Startup Time": 0.051,
                              "Actual Total Time": 101.865,
                              "Actual Rows": 16836,
                              "Actual Loops": 4,
                              "Filter": "(production_year > 2012)",
                              "Rows Removed by Filter": 615242
                            }
                          ]
                        }
                      ]
                    },
                    {
                      "Node Type": "Index Only Scan",
                      "Parent Relationship": "Inner",
                      "Parallel Aware": false,
                      "Scan Direction": "Forward",
                      "Index Name": "movie_id_cast_info",
                      "Relation Name": "cast_info",
                      "Alias": "ci",
                      "Startup Cost": 0.56,
                      "Total Cost": 5.07,
                      "Plan Rows": 37,
                      "Plan Width": 4,
                      "Actual Startup Time": 0.012,
                      "Actual Total Time": 0.075,
                      "Actual Rows": 33,
                      "Actual Loops": 5147,
                      "Index Cond": "(movie_id = mc.movie_id)",
                      "Rows Removed by Index Recheck": 0,
                      "Heap Fetches": 170546
                    }
                  ]
                }
              ]
            }
          ]
        }
      ]
    },
    "Planning Time": 1.363,
    "Triggers": [],
    "Execution Time": 340.765
  }
]