[
    {
        "Bao": {
            "Bao prediction": "NaN",
            "Bao recommended hint": "(no hint)"
        }
    },
    {
        "Plan": {
            "Node Type": "Aggregate",
            "Strategy": "Plain",
            "Partial Mode": "Finalize",
            "Parallel Aware": false,
            "Startup Cost": 356242.77,
            "Total Cost": 356242.78,
            "Plan Rows": 1,
            "Plan Width": 8,
            "Actual Startup Time": 993.25,
            "Actual Total Time": 1027.207,
            "Actual Rows": 1,
            "Actual Loops": 1,
            "Output": [
                "count(*)"
            ],
            "Plans": [
                {
                    "Node Type": "Gather",
                    "Parent Relationship": "Outer",
                    "Parallel Aware": false,
                    "Startup Cost": 356242.14,
                    "Total Cost": 356242.75,
                    "Plan Rows": 6,
                    "Plan Width": 8,
                    "Actual Startup Time": 993.139,
                    "Actual Total Time": 1027.196,
                    "Actual Rows": 7,
                    "Actual Loops": 1,
                    "Output": [
                        "(PARTIAL count(*))"
                    ],
                    "Workers Planned": 6,
                    "Workers Launched": 6,
                    "Single Copy": false,
                    "Plans": [
                        {
                            "Node Type": "Aggregate",
                            "Strategy": "Plain",
                            "Partial Mode": "Partial",
                            "Parent Relationship": "Outer",
                            "Parallel Aware": false,
                            "Startup Cost": 355242.14,
                            "Total Cost": 355242.15,
                            "Plan Rows": 1,
                            "Plan Width": 8,
                            "Actual Startup Time": 983.466,
                            "Actual Total Time": 983.467,
                            "Actual Rows": 1,
                            "Actual Loops": 7,
                            "Output": [
                                "PARTIAL count(*)"
                            ],
                            "Workers": [
                                {
                                    "Worker Number": 0,
                                    "Actual Startup Time": 981.21,
                                    "Actual Total Time": 981.211,
                                    "Actual Rows": 1,
                                    "Actual Loops": 1
                                },
                                {
                                    "Worker Number": 1,
                                    "Actual Startup Time": 981.364,
                                    "Actual Total Time": 981.365,
                                    "Actual Rows": 1,
                                    "Actual Loops": 1
                                },
                                {
                                    "Worker Number": 2,
                                    "Actual Startup Time": 981.963,
                                    "Actual Total Time": 981.963,
                                    "Actual Rows": 1,
                                    "Actual Loops": 1
                                },
                                {
                                    "Worker Number": 3,
                                    "Actual Startup Time": 982.085,
                                    "Actual Total Time": 982.086,
                                    "Actual Rows": 1,
                                    "Actual Loops": 1
                                },
                                {
                                    "Worker Number": 4,
                                    "Actual Startup Time": 982.174,
                                    "Actual Total Time": 982.175,
                                    "Actual Rows": 1,
                                    "Actual Loops": 1
                                },
                                {
                                    "Worker Number": 5,
                                    "Actual Startup Time": 982.762,
                                    "Actual Total Time": 982.764,
                                    "Actual Rows": 1,
                                    "Actual Loops": 1
                                }
                            ],
                            "Plans": [
                                {
                                    "Node Type": "Seq Scan",
                                    "Parent Relationship": "Outer",
                                    "Parallel Aware": true,
                                    "Relation Name": "cast_info",
                                    "Schema": "public",
                                    "Alias": "ci",
                                    "Startup Cost": 0.0,
                                    "Total Cost": 343318.94,
                                    "Plan Rows": 4769280,
                                    "Plan Width": 0,
                                    "Actual Startup Time": 42.462,
                                    "Actual Total Time": 772.416,
                                    "Actual Rows": 4043905,
                                    "Actual Loops": 7,
                                    "Output": [
                                        "id",
                                        "person_id",
                                        "movie_id",
                                        "person_role_id",
                                        "note",
                                        "nr_order",
                                        "role_id"
                                    ],
                                    "Filter": "((ci.person_id > 227279) AND (ci.role_id < 9))",
                                    "Rows Removed by Filter": 1133858,
                                    "Workers": [
                                        {
                                            "Worker Number": 0,
                                            "Actual Startup Time": 40.222,
                                            "Actual Total Time": 773.042,
                                            "Actual Rows": 3157211,
                                            "Actual Loops": 1
                                        },
                                        {
                                            "Worker Number": 1,
                                            "Actual Startup Time": 40.354,
                                            "Actual Total Time": 773.392,
                                            "Actual Rows": 3157023,
                                            "Actual Loops": 1
                                        },
                                        {
                                            "Worker Number": 2,
                                            "Actual Startup Time": 40.952,
                                            "Actual Total Time": 774.702,
                                            "Actual Rows": 3147146,
                                            "Actual Loops": 1
                                        },
                                        {
                                            "Worker Number": 3,
                                            "Actual Startup Time": 41.081,
                                            "Actual Total Time": 779.02,
                                            "Actual Rows": 5006300,
                                            "Actual Loops": 1
                                        },
                                        {
                                            "Worker Number": 4,
                                            "Actual Startup Time": 41.164,
                                            "Actual Total Time": 778.776,
                                            "Actual Rows": 5020146,
                                            "Actual Loops": 1
                                        },
                                        {
                                            "Worker Number": 5,
                                            "Actual Startup Time": 41.757,
                                            "Actual Total Time": 773.802,
                                            "Actual Rows": 5020946,
                                            "Actual Loops": 1
                                        }
                                    ]
                                }
                            ]
                        }
                    ]
                }
            ]
        },
        "Planning Time": 288.034,
        "Triggers": [],
        "Execution Time": 1027.265
    }
]