{
  "Plan": {
    "Node Type": "Aggregate",
    "Strategy": "Plain",
    "Partial Mode": "Finalize",
    "Parallel Aware": false,
    "Startup Cost": 445303.87,
    "Total Cost": 445303.88,
    "Plan Rows": 1,
    "Plan Width": 8,
    "Actual Startup Time": 4236.082,
    "Actual Total Time": 4261.745,
    "Actual Rows": 1,
    "Actual Loops": 1,
    "Plans": [
      {
        "Node Type": "Gather",
        "Parent Relationship": "Outer",
        "Parallel Aware": false,
        "Startup Cost": 445303.76,
        "Total Cost": 445303.87,
        "Plan Rows": 1,
        "Plan Width": 8,
        "Actual Startup Time": 4219.846,
        "Actual Total Time": 4261.738,
        "Actual Rows": 2,
        "Actual Loops": 1,
        "Workers Planned": 1,
        "Workers Launched": 1,
        "Single Copy": false,
        "Plans": [
          {
            "Node Type": "Aggregate",
            "Strategy": "Plain",
            "Partial Mode": "Partial",
            "Parent Relationship": "Outer",
            "Parallel Aware": false,
            "Startup Cost": 444303.76,
            "Total Cost": 444303.77,
            "Plan Rows": 1,
            "Plan Width": 8,
            "Actual Startup Time": 4213.603,
            "Actual Total Time": 4213.61,
            "Actual Rows": 1,
            "Actual Loops": 2,
            "Plans": [
              {
                "Node Type": "Merge Join",
                "Parent Relationship": "Outer",
                "Parallel Aware": false,
                "Join Type": "Inner",
                "Startup Cost": 295303.08,
                "Total Cost": 442392.33,
                "Plan Rows": 764573,
                "Plan Width": 0,
                "Actual Startup Time": 1796.728,
                "Actual Total Time": 3726.91,
                "Actual Rows": 12336411,
                "Actual Loops": 2,
                "Inner Unique": false,
                "Merge Cond": "(mc.movie_id = t.id)",
                "Plans": [
                  {
                    "Node Type": "Index Only Scan",
                    "Parent Relationship": "Outer",
                    "Parallel Aware": true,
                    "Scan Direction": "Forward",
                    "Index Name": "movie_id_movie_companies",
                    "Relation Name": "movie_companies",
                    "Alias": "mc",
                    "Startup Cost": 0.43,
                    "Total Cost": 129315.97,
                    "Plan Rows": 1534782,
                    "Plan Width": 4,
                    "Actual Startup Time": 0.096,
                    "Actual Total Time": 320.466,
                    "Actual Rows": 1304564,
                    "Actual Loops": 2,
                    "Heap Fetches": 2609129
                  },
                  {
                    "Node Type": "Sort",
                    "Parent Relationship": "Inner",
                    "Parallel Aware": false,
                    "Startup Cost": 295302.52,
                    "Total Cost": 298451.28,
                    "Plan Rows": 1259504,
                    "Plan Width": 8,
                    "Actual Startup Time": 1795.102,
                    "Actual Total Time": 2254.407,
                    "Actual Rows": 13755932,
                    "Actual Loops": 2,
                    "Sort Key": [
                      "t.id"
                    ],
                    "Sort Method": "quicksort",
                    "Sort Space Used": 224472,
                    "Sort Space Type": "Memory",
                    "Workers": [
                      {
                        "Worker Number": 0,
                        "Sort Method": "quicksort",
                        "Sort Space Used": 224472,
                        "Sort Space Type": "Memory"
                      }
                    ],
                    "Plans": [
                      {
                        "Node Type": "Hash Join",
                        "Parent Relationship": "Outer",
                        "Parallel Aware": false,
                        "Join Type": "Inner",
                        "Startup Cost": 78139.88,
                        "Total Cost": 167686.9,
                        "Plan Rows": 1259504,
                        "Plan Width": 8,
                        "Actual Startup Time": 391.018,
                        "Actual Total Time": 1290.207,
                        "Actual Rows": 2691564,
                        "Actual Loops": 2,
                        "Inner Unique": true,
                        "Hash Cond": "(mk.movie_id = t.id)",
                        "Plans": [
                          {
                            "Node Type": "Seq Scan",
                            "Parent Relationship": "Outer",
                            "Parallel Aware": false,
                            "Relation Name": "movie_keyword",
                            "Alias": "mk",
                            "Startup Cost": 0.0,
                            "Total Cost": 81003.12,
                            "Plan Rows": 3254813,
                            "Plan Width": 4,
                            "Actual Startup Time": 0.876,
                            "Actual Total Time": 399.446,
                            "Actual Rows": 3247235,
                            "Actual Loops": 2,
                            "Filter": "(keyword_id > 1633)",
                            "Rows Removed by Filter": 1276695
                          },
                          {
                            "Node Type": "Hash",
                            "Parent Relationship": "Inner",
                            "Parallel Aware": false,
                            "Startup Cost": 65910.32,
                            "Total Cost": 65910.32,
                            "Plan Rows": 978365,
                            "Plan Width": 4,
                            "Actual Startup Time": 383.71,
                            "Actual Total Time": 383.711,
                            "Actual Rows": 972448,
                            "Actual Loops": 2,
                            "Hash Buckets": 1048576,
                            "Original Hash Buckets": 1048576,
                            "Hash Batches": 1,
                            "Original Hash Batches": 1,
                            "Peak Memory Usage": 42380,
                            "Plans": [
                              {
                                "Node Type": "Bitmap Heap Scan",
                                "Parent Relationship": "Outer",
                                "Parallel Aware": false,
                                "Relation Name": "title",
                                "Alias": "t",
                                "Startup Cost": 17682.76,
                                "Total Cost": 65910.32,
                                "Plan Rows": 978365,
                                "Plan Width": 4,
                                "Actual Startup Time": 53.315,
                                "Actual Total Time": 208.913,
                                "Actual Rows": 972448,
                                "Actual Loops": 2,
                                "Recheck Cond": "(kind_id < 6)",
                                "Rows Removed by Index Recheck": 0,
                                "Exact Heap Blocks": 35472,
                                "Lossy Heap Blocks": 0,
                                "Plans": [
                                  {
                                    "Node Type": "Bitmap Index Scan",
                                    "Parent Relationship": "Outer",
                                    "Parallel Aware": false,
                                    "Index Name": "kind_id_title",
                                    "Startup Cost": 0.0,
                                    "Total Cost": 17438.17,
                                    "Plan Rows": 978365,
                                    "Plan Width": 0,
                                    "Actual Startup Time": 48.472,
                                    "Actual Total Time": 48.472,
                                    "Actual Rows": 972448,
                                    "Actual Loops": 2,
                                    "Index Cond": "(kind_id < 6)"
                                  }
                                ]
                              }
                            ]
                          }
                        ]
                      }
                    ]
                  }
                ]
              }
            ]
          }
        ]
      }
    ]
  },
  "Planning Time": 0.9,
  "Triggers": [],
  "Execution Time": 4289.514
}