{
  "Plan": {
    "Node Type": "Aggregate",
    "Strategy": "Plain",
    "Partial Mode": "Finalize",
    "Parallel Aware": false,
    "Startup Cost": 1314750.32,
    "Total Cost": 1314750.33,
    "Plan Rows": 1,
    "Plan Width": 8,
    "Actual Startup Time": 6712.438,
    "Actual Total Time": 6785.37,
    "Actual Rows": 1,
    "Actual Loops": 1,
    "Plans": [
      {
        "Node Type": "Gather",
        "Parent Relationship": "Outer",
        "Parallel Aware": false,
        "Startup Cost": 1314750.2,
        "Total Cost": 1314750.31,
        "Plan Rows": 1,
        "Plan Width": 8,
        "Actual Startup Time": 6712.223,
        "Actual Total Time": 6785.362,
        "Actual Rows": 2,
        "Actual Loops": 1,
        "Workers Planned": 1,
        "Workers Launched": 1,
        "Single Copy": false,
        "Plans": [
          {
            "Node Type": "Aggregate",
            "Strategy": "Plain",
            "Partial Mode": "Partial",
            "Parent Relationship": "Outer",
            "Parallel Aware": false,
            "Startup Cost": 1313750.2,
            "Total Cost": 1313750.21,
            "Plan Rows": 1,
            "Plan Width": 8,
            "Actual Startup Time": 6706.108,
            "Actual Total Time": 6706.11,
            "Actual Rows": 1,
            "Actual Loops": 2,
            "Plans": [
              {
                "Node Type": "Merge Join",
                "Parent Relationship": "Outer",
                "Parallel Aware": false,
                "Join Type": "Inner",
                "Startup Cost": 7.91,
                "Total Cost": 1302212.14,
                "Plan Rows": 4615225,
                "Plan Width": 0,
                "Actual Startup Time": 6.097,
                "Actual Total Time": 6270.199,
                "Actual Rows": 10441772,
                "Actual Loops": 2,
                "Inner Unique": false,
                "Merge Cond": "(mi.movie_id = t.id)",
                "Plans": [
                  {
                    "Node Type": "Index Only Scan",
                    "Parent Relationship": "Outer",
                    "Parallel Aware": true,
                    "Scan Direction": "Forward",
                    "Index Name": "movie_id_movie_info",
                    "Relation Name": "movie_info",
                    "Alias": "mi",
                    "Startup Cost": 0.43,
                    "Total Cost": 1018223.42,
                    "Plan Rows": 8696274,
                    "Plan Width": 4,
                    "Actual Startup Time": 0.129,
                    "Actual Total Time": 2381.565,
                    "Actual Rows": 7417331,
                    "Actual Loops": 2,
                    "Heap Fetches": 14834662
                  },
                  {
                    "Node Type": "Materialize",
                    "Parent Relationship": "Inner",
                    "Parallel Aware": false,
                    "Startup Cost": 3.36,
                    "Total Cost": 196524.74,
                    "Plan Rows": 1341798,
                    "Plan Width": 8,
                    "Actual Startup Time": 0.269,
                    "Actual Total Time": 2435.642,
                    "Actual Rows": 11131242,
                    "Actual Loops": 2,
                    "Plans": [
                      {
                        "Node Type": "Merge Join",
                        "Parent Relationship": "Outer",
                        "Parallel Aware": false,
                        "Join Type": "Inner",
                        "Startup Cost": 3.36,
                        "Total Cost": 193170.25,
                        "Plan Rows": 1341798,
                        "Plan Width": 8,
                        "Actual Startup Time": 0.259,
                        "Actual Total Time": 1896.521,
                        "Actual Rows": 1379855,
                        "Actual Loops": 2,
                        "Inner Unique": true,
                        "Merge Cond": "(mi_idx.movie_id = t.id)",
                        "Plans": [
                          {
                            "Node Type": "Index Only Scan",
                            "Parent Relationship": "Outer",
                            "Parallel Aware": false,
                            "Scan Direction": "Forward",
                            "Index Name": "movie_id_movie_info_idx",
                            "Relation Name": "movie_info_idx",
                            "Alias": "mi_idx",
                            "Startup Cost": 0.43,
                            "Total Cost": 53620.22,
                            "Plan Rows": 1380035,
                            "Plan Width": 4,
                            "Actual Startup Time": 0.145,
                            "Actual Total Time": 291.339,
                            "Actual Rows": 1380035,
                            "Actual Loops": 2,
                            "Heap Fetches": 2760070
                          },
                          {
                            "Node Type": "Index Scan",
                            "Parent Relationship": "Inner",
                            "Parallel Aware": false,
                            "Scan Direction": "Forward",
                            "Index Name": "title_pkey",
                            "Relation Name": "title",
                            "Alias": "t",
                            "Startup Cost": 0.43,
                            "Total Cost": 116660.7,
                            "Plan Rows": 2458241,
                            "Plan Width": 4,
                            "Actual Startup Time": 0.092,
                            "Actual Total Time": 1307.084,
                            "Actual Rows": 2455047,
                            "Actual Loops": 2,
                            "Filter": "(production_year > 0)",
                            "Rows Removed by Filter": 70746
                          }
                        ]
                      }
                    ]
                  }
                ]
              }
            ]
          }
        ]
      }
    ]
  },
  "Planning Time": 0.971,
  "Triggers": [],
  "Execution Time": 6785.475
}