{
  "Plan": {
    "Node Type": "Aggregate",
    "Strategy": "Plain",
    "Partial Mode": "Finalize",
    "Parallel Aware": false,
    "Startup Cost": 440385.62,
    "Total Cost": 440385.63,
    "Plan Rows": 1,
    "Plan Width": 8,
    "Actual Startup Time": 1857.797,
    "Actual Total Time": 1899.767,
    "Actual Rows": 1,
    "Actual Loops": 1,
    "Plans": [
      {
        "Node Type": "Gather",
        "Parent Relationship": "Outer",
        "Parallel Aware": false,
        "Startup Cost": 440385.51,
        "Total Cost": 440385.62,
        "Plan Rows": 1,
        "Plan Width": 8,
        "Actual Startup Time": 1855.405,
        "Actual Total Time": 1899.758,
        "Actual Rows": 2,
        "Actual Loops": 1,
        "Workers Planned": 1,
        "Workers Launched": 1,
        "Single Copy": false,
        "Plans": [
          {
            "Node Type": "Aggregate",
            "Strategy": "Plain",
            "Partial Mode": "Partial",
            "Parent Relationship": "Outer",
            "Parallel Aware": false,
            "Startup Cost": 439385.51,
            "Total Cost": 439385.52,
            "Plan Rows": 1,
            "Plan Width": 8,
            "Actual Startup Time": 1852.811,
            "Actual Total Time": 1853.529,
            "Actual Rows": 1,
            "Actual Loops": 2,
            "Plans": [
              {
                "Node Type": "Hash Join",
                "Parent Relationship": "Outer",
                "Parallel Aware": true,
                "Join Type": "Inner",
                "Startup Cost": 136457.32,
                "Total Cost": 434780.82,
                "Plan Rows": 1841876,
                "Plan Width": 0,
                "Actual Startup Time": 734.152,
                "Actual Total Time": 1816.62,
                "Actual Rows": 862536,
                "Actual Loops": 2,
                "Inner Unique": false,
                "Hash Cond": "(mi.movie_id = t.id)",
                "Plans": [
                  {
                    "Node Type": "Seq Scan",
                    "Parent Relationship": "Outer",
                    "Parallel Aware": true,
                    "Relation Name": "movie_info",
                    "Alias": "mi",
                    "Startup Cost": 0.0,
                    "Total Cost": 270696.42,
                    "Plan Rows": 4478001,
                    "Plan Width": 4,
                    "Actual Startup Time": 33.357,
                    "Actual Total Time": 658.486,
                    "Actual Rows": 3774428,
                    "Actual Loops": 2,
                    "Filter": "(info_type_id > 7)",
                    "Rows Removed by Filter": 3643432
                  },
                  {
                    "Node Type": "Hash",
                    "Parent Relationship": "Inner",
                    "Parallel Aware": true,
                    "Startup Cost": 128810.79,
                    "Total Cost": 128810.79,
                    "Plan Rows": 611723,
                    "Plan Width": 8,
                    "Actual Startup Time": 694.713,
                    "Actual Total Time": 695.428,
                    "Actual Rows": 121692,
                    "Actual Loops": 2,
                    "Hash Buckets": 1048576,
                    "Original Hash Buckets": 1048576,
                    "Hash Batches": 1,
                    "Original Hash Batches": 1,
                    "Peak Memory Usage": 17728,
                    "Plans": [
                      {
                        "Node Type": "Hash Join",
                        "Parent Relationship": "Outer",
                        "Parallel Aware": true,
                        "Join Type": "Inner",
                        "Startup Cost": 68019.07,
                        "Total Cost": 128810.79,
                        "Plan Rows": 611723,
                        "Plan Width": 8,
                        "Actual Startup Time": 361.709,
                        "Actual Total Time": 666.78,
                        "Actual Rows": 121692,
                        "Actual Loops": 2,
                        "Inner Unique": true,
                        "Hash Cond": "(mk.movie_id = t.id)",
                        "Plans": [
                          {
                            "Node Type": "Seq Scan",
                            "Parent Relationship": "Outer",
                            "Parallel Aware": true,
                            "Relation Name": "movie_keyword",
                            "Alias": "mk",
                            "Startup Cost": 0.0,
                            "Total Cost": 57718.19,
                            "Plan Rows": 1170868,
                            "Plan Width": 4,
                            "Actual Startup Time": 0.015,
                            "Actual Total Time": 173.501,
                            "Actual Rows": 1000811,
                            "Actual Loops": 2,
                            "Filter": "(keyword_id < 3546)",
                            "Rows Removed by Filter": 1261154
                          },
                          {
                            "Node Type": "Hash",
                            "Parent Relationship": "Inner",
                            "Parallel Aware": true,
                            "Startup Cost": 58306.47,
                            "Total Cost": 58306.47,
                            "Plan Rows": 777008,
                            "Plan Width": 4,
                            "Actual Startup Time": 354.175,
                            "Actual Total Time": 354.176,
                            "Actual Rows": 699674,
                            "Actual Loops": 2,
                            "Hash Buckets": 2097152,
                            "Original Hash Buckets": 2097152,
                            "Hash Batches": 1,
                            "Original Hash Batches": 1,
                            "Peak Memory Usage": 71168,
                            "Plans": [
                              {
                                "Node Type": "Seq Scan",
                                "Parent Relationship": "Outer",
                                "Parallel Aware": true,
                                "Relation Name": "title",
                                "Alias": "t",
                                "Startup Cost": 0.0,
                                "Total Cost": 58306.47,
                                "Plan Rows": 777008,
                                "Plan Width": 4,
                                "Actual Startup Time": 0.025,
                                "Actual Total Time": 166.942,
                                "Actual Rows": 699674,
                                "Actual Loops": 2,
                                "Filter": "((production_year > 1964) AND (kind_id = 7))",
                                "Rows Removed by Filter": 564482
                              }
                            ]
                          }
                        ]
                      }
                    ]
                  }
                ]
              }
            ]
          }
        ]
      }
    ]
  },
  "Planning Time": 0.462,
  "Triggers": [],
  "Execution Time": 1899.823
}