[
  {
    "Plan": {
      "Node Type": "Aggregate",
      "Strategy": "Plain",
      "Partial Mode": "Finalize",
      "Parallel Aware": false,
      "Startup Cost": 32617.51,
      "Total Cost": 32617.52,
      "Plan Rows": 1,
      "Plan Width": 8,
      "Actual Startup Time": 94.932,
      "Actual Total Time": 102.433,
      "Actual Rows": 1,
      "Actual Loops": 1,
      "Plans": [
        {
          "Node Type": "Gather",
          "Parent Relationship": "Outer",
          "Parallel Aware": false,
          "Startup Cost": 32617.2,
          "Total Cost": 32617.51,
          "Plan Rows": 3,
          "Plan Width": 8,
          "Actual Startup Time": 94.824,
          "Actual Total Time": 102.426,
          "Actual Rows": 4,
          "Actual Loops": 1,
          "Workers Planned": 3,
          "Workers Launched": 3,
          "Single Copy": false,
          "Plans": [
            {
              "Node Type": "Aggregate",
              "Strategy": "Plain",
              "Partial Mode": "Partial",
              "Parent Relationship": "Outer",
              "Parallel Aware": false,
              "Startup Cost": 31617.2,
              "Total Cost": 31617.21,
              "Plan Rows": 1,
              "Plan Width": 8,
              "Actual Startup Time": 86.454,
              "Actual Total Time": 86.456,
              "Actual Rows": 1,
              "Actual Loops": 4,
              "Plans": [
                {
                  "Node Type": "Seq Scan",
                  "Parent Relationship": "Outer",
                  "Parallel Aware": true,
                  "Relation Name": "movie_companies",
                  "Alias": "mc",
                  "Startup Cost": 0.0,
                  "Total Cost": 31414.82,
                  "Plan Rows": 80951,
                  "Plan Width": 0,
                  "Actual Startup Time": 47.837,
                  "Actual Total Time": 80.879,
                  "Actual Rows": 125650,
                  "Actual Loops": 4,
                  "Filter": "((company_id > 74118) AND (company_type_id = 2))",
                  "Rows Removed by Filter": 526632
                }
              ]
            }
          ]
        }
      ]
    },
    "Planning Time": 0.266,
    "Triggers": [],
    "Execution Time": 102.493
  }
]