{
  "Plan": {
    "Node Type": "Aggregate",
    "Strategy": "Plain",
    "Partial Mode": "Simple",
    "Parallel Aware": false,
    "Startup Cost": 2732576.69,
    "Total Cost": 2732576.7,
    "Plan Rows": 1,
    "Plan Width": 64,
    "Actual Startup Time": 117260.733,
    "Actual Total Time": 117288.628,
    "Actual Rows": 1,
    "Actual Loops": 1,
    "Plans": [
      {
        "Node Type": "Nested Loop",
        "Parent Relationship": "Outer",
        "Parallel Aware": false,
        "Join Type": "Inner",
        "Startup Cost": 2719319.99,
        "Total Cost": 2732576.69,
        "Plan Rows": 1,
        "Plan Width": 15,
        "Actual Startup Time": 116535.168,
        "Actual Total Time": 117288.028,
        "Actual Rows": 1918,
        "Actual Loops": 1,
        "Inner Unique": true,
        "Plans": [
          {
            "Node Type": "Hash Join",
            "Parent Relationship": "Outer",
            "Parallel Aware": false,
            "Join Type": "Inner",
            "Startup Cost": 2719319.56,
            "Total Cost": 2732576.23,
            "Plan Rows": 1,
            "Plan Width": 27,
            "Actual Startup Time": 116535.005,
            "Actual Total Time": 117273.449,
            "Actual Rows": 1918,
            "Actual Loops": 1,
            "Inner Unique": true,
            "Hash Cond": "(mk.keyword_id = k.id)",
            "Plans": [
              {
                "Node Type": "Merge Join",
                "Parent Relationship": "Outer",
                "Parallel Aware": false,
                "Join Type": "Inner",
                "Startup Cost": 2716693.42,
                "Total Cost": 2729830.58,
                "Plan Rows": 45531,
                "Plan Width": 31,
                "Actual Startup Time": 116499.548,
                "Actual Total Time": 117162.132,
                "Actual Rows": 966195,
                "Actual Loops": 1,
                "Inner Unique": false,
                "Merge Cond": "(cn.id = mc.company_id)",
                "Plans": [
                  {
                    "Node Type": "Index Only Scan",
                    "Parent Relationship": "Outer",
                    "Parallel Aware": false,
                    "Scan Direction": "Forward",
                    "Index Name": "company_name_pkey",
                    "Relation Name": "company_name",
                    "Alias": "cn",
                    "Startup Cost": 0.42,
                    "Total Cost": 11881.93,
                    "Plan Rows": 234997,
                    "Plan Width": 4,
                    "Actual Startup Time": 0.047,
                    "Actual Total Time": 201.962,
                    "Actual Rows": 234974,
                    "Actual Loops": 1,
                    "Heap Fetches": 234974
                  },
                  {
                    "Node Type": "Sort",
                    "Parent Relationship": "Inner",
                    "Parallel Aware": false,
                    "Startup Cost": 2716686.04,
                    "Total Cost": 2716799.87,
                    "Plan Rows": 45531,
                    "Plan Width": 35,
                    "Actual Startup Time": 116499.485,
                    "Actual Total Time": 116728.656,
                    "Actual Rows": 966195,
                    "Actual Loops": 1,
                    "Sort Key": [
                      "mc.company_id"
                    ],
                    "Sort Method": "quicksort",
                    "Sort Space Used": 100140,
                    "Sort Space Type": "Memory",
                    "Plans": [
                      {
                        "Node Type": "Gather",
                        "Parent Relationship": "Outer",
                        "Parallel Aware": false,
                        "Startup Cost": 1670923.74,
                        "Total Cost": 2713163.18,
                        "Plan Rows": 45531,
                        "Plan Width": 35,
                        "Actual Startup Time": 6048.214,
                        "Actual Total Time": 116159.754,
                        "Actual Rows": 966195,
                        "Actual Loops": 1,
                        "Workers Planned": 6,
                        "Workers Launched": 6,
                        "Single Copy": false,
                        "Plans": [
                          {
                            "Node Type": "Hash Join",
                            "Parent Relationship": "Outer",
                            "Parallel Aware": true,
                            "Join Type": "Inner",
                            "Startup Cost": 1669923.74,
                            "Total Cost": 2707610.08,
                            "Plan Rows": 7588,
                            "Plan Width": 35,
                            "Actual Startup Time": 5869.572,
                            "Actual Total Time": 81923.289,
                            "Actual Rows": 138028,
                            "Actual Loops": 7,
                            "Inner Unique": true,
                            "Hash Cond": "(ci.person_id = n.id)",
                            "Plans": [
                              {
                                "Node Type": "Hash Join",
                                "Parent Relationship": "Outer",
                                "Parallel Aware": true,
                                "Join Type": "Inner",
                                "Startup Cost": 1601286.39,
                                "Total Cost": 2439901.5,
                                "Plan Rows": 75836581,
                                "Plan Width": 24,
                                "Actual Startup Time": 5527.527,
                                "Actual Total Time": 53010.667,
                                "Actual Rows": 443050078,
                                "Actual Loops": 7,
                                "Inner Unique": false,
                                "Hash Cond": "(ci.movie_id = mc.movie_id)",
                                "Plans": [
                                  {
                                    "Node Type": "Merge Join",
                                    "Parent Relationship": "Outer",
                                    "Parallel Aware": false,
                                    "Join Type": "Inner",
                                    "Startup Cost": 1563559.16,
                                    "Total Cost": 2016596.59,
                                    "Plan Rows": 28188682,
                                    "Plan Width": 16,
                                    "Actual Startup Time": 5085.454,
                                    "Actual Total Time": 11033.722,
                                    "Actual Rows": 30823640,
                                    "Actual Loops": 7,
                                    "Inner Unique": false,
                                    "Merge Cond": "(ci.movie_id = mk.movie_id)",
                                    "Plans": [
                                      {
                                        "Node Type": "Sort",
                                        "Parent Relationship": "Outer",
                                        "Parallel Aware": false,
                                        "Startup Cost": 993761.51,
                                        "Total Cost": 1008868.93,
                                        "Plan Rows": 6042971,
                                        "Plan Width": 8,
                                        "Actual Startup Time": 3442.144,
                                        "Actual Total Time": 4419.564,
                                        "Actual Rows": 5177762,
                                        "Actual Loops": 7,
                                        "Sort Key": [
                                          "ci.movie_id"
                                        ],
                                        "Sort Method": "quicksort",
                                        "Sort Space Used": 433248,
                                        "Sort Space Type": "Memory",
                                        "Workers": [
                                          {
                                            "Worker Number": 0,
                                            "Sort Method": "quicksort",
                                            "Sort Space Used": 433394,
                                            "Sort Space Type": "Memory"
                                          },
                                          {
                                            "Worker Number": 1,
                                            "Sort Method": "quicksort",
                                            "Sort Space Used": 431728,
                                            "Sort Space Type": "Memory"
                                          },
                                          {
                                            "Worker Number": 2,
                                            "Sort Method": "quicksort",
                                            "Sort Space Used": 482349,
                                            "Sort Space Type": "Memory"
                                          },
                                          {
                                            "Worker Number": 3,
                                            "Sort Method": "quicksort",
                                            "Sort Space Used": 432229,
                                            "Sort Space Type": "Memory"
                                          },
                                          {
                                            "Worker Number": 4,
                                            "Sort Method": "quicksort",
                                            "Sort Space Used": 441796,
                                            "Sort Space Type": "Memory"
                                          },
                                          {
                                            "Worker Number": 5,
                                            "Sort Method": "quicksort",
                                            "Sort Space Used": 420470,
                                            "Sort Space Type": "Memory"
                                          }
                                        ],
                                        "Plans": [
                                          {
                                            "Node Type": "Seq Scan",
                                            "Parent Relationship": "Outer",
                                            "Parallel Aware": true,
                                            "Relation Name": "cast_info",
                                            "Alias": "ci",
                                            "Startup Cost": 0.0,
                                            "Total Cost": 313116.71,
                                            "Plan Rows": 6042971,
                                            "Plan Width": 8,
                                            "Actual Startup Time": 0.043,
                                            "Actual Total Time": 1382.233,
                                            "Actual Rows": 5177763,
                                            "Actual Loops": 7
                                          }
                                        ]
                                      },
                                      {
                                        "Node Type": "Sort",
                                        "Parent Relationship": "Inner",
                                        "Parallel Aware": false,
                                        "Startup Cost": 569794.43,
                                        "Total Cost": 581104.25,
                                        "Plan Rows": 4523930,
                                        "Plan Width": 8,
                                        "Actual Startup Time": 1643.283,
                                        "Actual Total Time": 2843.885,
                                        "Actual Rows": 31338440,
                                        "Actual Loops": 7,
                                        "Sort Key": [
                                          "mk.movie_id"
                                        ],
                                        "Sort Method": "quicksort",
                                        "Sort Space Used": 408668,
                                        "Sort Space Type": "Memory",
                                        "Workers": [
                                          {
                                            "Worker Number": 0,
                                            "Sort Method": "quicksort",
                                            "Sort Space Used": 408668,
                                            "Sort Space Type": "Memory"
                                          },
                                          {
                                            "Worker Number": 1,
                                            "Sort Method": "quicksort",
                                            "Sort Space Used": 408668,
                                            "Sort Space Type": "Memory"
                                          },
                                          {
                                            "Worker Number": 2,
                                            "Sort Method": "quicksort",
                                            "Sort Space Used": 408668,
                                            "Sort Space Type": "Memory"
                                          },
                                          {
                                            "Worker Number": 3,
                                            "Sort Method": "quicksort",
                                            "Sort Space Used": 408668,
                                            "Sort Space Type": "Memory"
                                          },
                                          {
                                            "Worker Number": 4,
                                            "Sort Method": "quicksort",
                                            "Sort Space Used": 408668,
                                            "Sort Space Type": "Memory"
                                          },
                                          {
                                            "Worker Number": 5,
                                            "Sort Method": "quicksort",
                                            "Sort Space Used": 408668,
                                            "Sort Space Type": "Memory"
                                          }
                                        ],
                                        "Plans": [
                                          {
                                            "Node Type": "Seq Scan",
                                            "Parent Relationship": "Outer",
                                            "Parallel Aware": false,
                                            "Relation Name": "movie_keyword",
                                            "Alias": "mk",
                                            "Startup Cost": 0.0,
                                            "Total Cost": 69693.3,
                                            "Plan Rows": 4523930,
                                            "Plan Width": 8,
                                            "Actual Startup Time": 0.082,
                                            "Actual Total Time": 528.365,
                                            "Actual Rows": 4523930,
                                            "Actual Loops": 7
                                          }
                                        ]
                                      }
                                    ]
                                  },
                                  {
                                    "Node Type": "Hash",
                                    "Parent Relationship": "Inner",
                                    "Parallel Aware": true,
                                    "Startup Cost": 27206.55,
                                    "Total Cost": 27206.55,
                                    "Plan Rows": 841655,
                                    "Plan Width": 8,
                                    "Actual Startup Time": 434.355,
                                    "Actual Total Time": 434.355,
                                    "Actual Rows": 372733,
                                    "Actual Loops": 7,
                                    "Hash Buckets": 4194304,
                                    "Original Hash Buckets": 4194304,
                                    "Hash Batches": 1,
                                    "Original Hash Batches": 1,
                                    "Peak Memory Usage": 134944,
                                    "Plans": [
                                      {
                                        "Node Type": "Seq Scan",
                                        "Parent Relationship": "Outer",
                                        "Parallel Aware": true,
                                        "Relation Name": "movie_companies",
                                        "Alias": "mc",
                                        "Startup Cost": 0.0,
                                        "Total Cost": 27206.55,
                                        "Plan Rows": 841655,
                                        "Plan Width": 8,
                                        "Actual Startup Time": 0.13,
                                        "Actual Total Time": 119.44,
                                        "Actual Rows": 372733,
                                        "Actual Loops": 7
                                      }
                                    ]
                                  }
                                ]
                              },
                              {
                                "Node Type": "Hash",
                                "Parent Relationship": "Inner",
                                "Parallel Aware": true,
                                "Startup Cost": 68636.05,
                                "Total Cost": 68636.05,
                                "Plan Rows": 104,
                                "Plan Width": 19,
                                "Actual Startup Time": 261.188,
                                "Actual Total Time": 261.189,
                                "Actual Rows": 381,
                                "Actual Loops": 7,
                                "Hash Buckets": 1024,
                                "Original Hash Buckets": 1024,
                                "Hash Batches": 1,
                                "Original Hash Batches": 1,
                                "Peak Memory Usage": 232,
                                "Plans": [
                                  {
                                    "Node Type": "Seq Scan",
                                    "Parent Relationship": "Outer",
                                    "Parallel Aware": true,
                                    "Relation Name": "name",
                                    "Alias": "n",
                                    "Startup Cost": 0.0,
                                    "Total Cost": 68636.05,
                                    "Plan Rows": 104,
                                    "Plan Width": 19,
                                    "Actual Startup Time": 112.111,
                                    "Actual Total Time": 260.76,
                                    "Actual Rows": 381,
                                    "Actual Loops": 7,
                                    "Filter": "(name ~~ 'X%'::text)",
                                    "Rows Removed by Filter": 594975
                                  }
                                ]
                              }
                            ]
                          }
                        ]
                      }
                    ]
                  }
                ]
              },
              {
                "Node Type": "Hash",
                "Parent Relationship": "Inner",
                "Parallel Aware": false,
                "Startup Cost": 2626.12,
                "Total Cost": 2626.12,
                "Plan Rows": 1,
                "Plan Width": 4,
                "Actual Startup Time": 33.884,
                "Actual Total Time": 33.885,
                "Actual Rows": 1,
                "Actual Loops": 1,
                "Hash Buckets": 1024,
                "Original Hash Buckets": 1024,
                "Hash Batches": 1,
                "Original Hash Batches": 1,
                "Peak Memory Usage": 9,
                "Plans": [
                  {
                    "Node Type": "Seq Scan",
                    "Parent Relationship": "Outer",
                    "Parallel Aware": false,
                    "Relation Name": "keyword",
                    "Alias": "k",
                    "Startup Cost": 0.0,
                    "Total Cost": 2626.12,
                    "Plan Rows": 1,
                    "Plan Width": 4,
                    "Actual Startup Time": 1.944,
                    "Actual Total Time": 33.871,
                    "Actual Rows": 1,
                    "Actual Loops": 1,
                    "Filter": "(keyword = 'character-name-in-title'::text)",
                    "Rows Removed by Filter": 134169
                  }
                ]
              }
            ]
          },
          {
            "Node Type": "Index Only Scan",
            "Parent Relationship": "Inner",
            "Parallel Aware": false,
            "Scan Direction": "Forward",
            "Index Name": "title_pkey",
            "Relation Name": "title",
            "Alias": "t",
            "Startup Cost": 0.43,
            "Total Cost": 0.45,
            "Plan Rows": 1,
            "Plan Width": 4,
            "Actual Startup Time": 0.007,
            "Actual Total Time": 0.007,
            "Actual Rows": 1,
            "Actual Loops": 1918,
            "Index Cond": "(id = ci.movie_id)",
            "Rows Removed by Index Recheck": 0,
            "Heap Fetches": 1918
          }
        ]
      }
    ]
  },
  "Planning Time": 14.47,
  "Triggers": [],
  "Execution Time": 117393.368
}