[
  {
    "Plan": {
      "Node Type": "Aggregate",
      "Strategy": "Plain",
      "Partial Mode": "Finalize",
      "Parallel Aware": false,
      "Startup Cost": 33084.48,
      "Total Cost": 33084.49,
      "Plan Rows": 1,
      "Plan Width": 8,
      "Actual Startup Time": 93.399,
      "Actual Total Time": 101.756,
      "Actual Rows": 1,
      "Actual Loops": 1,
      "Plans": [
        {
          "Node Type": "Gather",
          "Parent Relationship": "Outer",
          "Parallel Aware": false,
          "Startup Cost": 33084.17,
          "Total Cost": 33084.48,
          "Plan Rows": 3,
          "Plan Width": 8,
          "Actual Startup Time": 93.281,
          "Actual Total Time": 101.745,
          "Actual Rows": 4,
          "Actual Loops": 1,
          "Workers Planned": 3,
          "Workers Launched": 3,
          "Single Copy": false,
          "Plans": [
            {
              "Node Type": "Aggregate",
              "Strategy": "Plain",
              "Partial Mode": "Partial",
              "Parent Relationship": "Outer",
              "Parallel Aware": false,
              "Startup Cost": 32084.17,
              "Total Cost": 32084.18,
              "Plan Rows": 1,
              "Plan Width": 8,
              "Actual Startup Time": 88.278,
              "Actual Total Time": 88.279,
              "Actual Rows": 1,
              "Actual Loops": 4,
              "Plans": [
                {
                  "Node Type": "Seq Scan",
                  "Parent Relationship": "Outer",
                  "Parallel Aware": true,
                  "Relation Name": "movie_companies",
                  "Alias": "mc",
                  "Startup Cost": 0.0,
                  "Total Cost": 31414.82,
                  "Plan Rows": 267739,
                  "Plan Width": 0,
                  "Actual Startup Time": 1.626,
                  "Actual Total Time": 79.721,
                  "Actual Rows": 156971,
                  "Actual Loops": 4,
                  "Filter": "((company_id > 3047) AND (company_type_id = 1))",
                  "Rows Removed by Filter": 495311
                }
              ]
            }
          ]
        }
      ]
    },
    "Planning Time": 0.218,
    "Triggers": [],
    "Execution Time": 101.812
  }
]