[
  {
    "Plan": {
      "Node Type": "Aggregate",
      "Strategy": "Plain",
      "Partial Mode": "Finalize",
      "Parallel Aware": false,
      "Startup Cost": 385110.97,
      "Total Cost": 385110.98,
      "Plan Rows": 1,
      "Plan Width": 8,
      "Actual Startup Time": 1184.462,
      "Actual Total Time": 1253.326,
      "Actual Rows": 1,
      "Actual Loops": 1,
      "Plans": [
        {
          "Node Type": "Gather",
          "Parent Relationship": "Outer",
          "Parallel Aware": false,
          "Startup Cost": 385110.35,
          "Total Cost": 385110.96,
          "Plan Rows": 6,
          "Plan Width": 8,
          "Actual Startup Time": 1182.511,
          "Actual Total Time": 1253.317,
          "Actual Rows": 7,
          "Actual Loops": 1,
          "Workers Planned": 6,
          "Workers Launched": 6,
          "Single Copy": false,
          "Plans": [
            {
              "Node Type": "Aggregate",
              "Strategy": "Plain",
              "Partial Mode": "Partial",
              "Parent Relationship": "Outer",
              "Parallel Aware": false,
              "Startup Cost": 384110.35,
              "Total Cost": 384110.36,
              "Plan Rows": 1,
              "Plan Width": 8,
              "Actual Startup Time": 1171.903,
              "Actual Total Time": 1171.906,
              "Actual Rows": 1,
              "Actual Loops": 7,
              "Plans": [
                {
                  "Node Type": "Hash Join",
                  "Parent Relationship": "Outer",
                  "Parallel Aware": true,
                  "Join Type": "Inner",
                  "Startup Cost": 44445.5,
                  "Total Cost": 383399.33,
                  "Plan Rows": 284409,
                  "Plan Width": 0,
                  "Actual Startup Time": 84.822,
                  "Actual Total Time": 1162.94,
                  "Actual Rows": 188331,
                  "Actual Loops": 7,
                  "Inner Unique": true,
                  "Hash Cond": "(ci.movie_id = t.id)",
                  "Plans": [
                    {
                      "Node Type": "Seq Scan",
                      "Parent Relationship": "Outer",
                      "Parallel Aware": true,
                      "Relation Name": "cast_info",
                      "Alias": "ci",
                      "Startup Cost": 0.0,
                      "Total Cost": 328162.03,
                      "Plan Rows": 4111153,
                      "Plan Width": 4,
                      "Actual Startup Time": 0.022,
                      "Actual Total Time": 595.402,
                      "Actual Rows": 3534302,
                      "Actual Loops": 7,
                      "Filter": "(person_id < 2547802)",
                      "Rows Removed by Filter": 1643461
                    },
                    {
                      "Node Type": "Hash",
                      "Parent Relationship": "Inner",
                      "Parallel Aware": true,
                      "Startup Cost": 43898.92,
                      "Total Cost": 43898.92,
                      "Plan Rows": 43727,
                      "Plan Width": 4,
                      "Actual Startup Time": 82.649,
                      "Actual Total Time": 82.65,
                      "Actual Rows": 25851,
                      "Actual Loops": 7,
                      "Hash Buckets": 262144,
                      "Original Hash Buckets": 262144,
                      "Hash Batches": 1,
                      "Original Hash Batches": 1,
                      "Peak Memory Usage": 9248,
                      "Plans": [
                        {
                          "Node Type": "Seq Scan",
                          "Parent Relationship": "Outer",
                          "Parallel Aware": true,
                          "Relation Name": "title",
                          "Alias": "t",
                          "Startup Cost": 0.0,
                          "Total Cost": 43898.92,
                          "Plan Rows": 43727,
                          "Plan Width": 4,
                          "Actual Startup Time": 0.166,
                          "Actual Total Time": 73.123,
                          "Actual Rows": 25851,
                          "Actual Loops": 7,
                          "Filter": "(production_year < 1953)",
                          "Rows Removed by Filter": 335337
                        }
                      ]
                    }
                  ]
                }
              ]
            }
          ]
        }
      ]
    },
    "Planning Time": 0.592,
    "Triggers": [],
    "Execution Time": 1253.41
  }
]