[
  {
    "Plan": {
      "Node Type": "Aggregate",
      "Strategy": "Plain",
      "Partial Mode": "Finalize",
      "Parallel Aware": false,
      "Startup Cost": 44512.76,
      "Total Cost": 44512.77,
      "Plan Rows": 1,
      "Plan Width": 8,
      "Actual Startup Time": 134.417,
      "Actual Total Time": 146.505,
      "Actual Rows": 1,
      "Actual Loops": 1,
      "Plans": [
        {
          "Node Type": "Gather",
          "Parent Relationship": "Outer",
          "Parallel Aware": false,
          "Startup Cost": 44512.44,
          "Total Cost": 44512.75,
          "Plan Rows": 3,
          "Plan Width": 8,
          "Actual Startup Time": 134.279,
          "Actual Total Time": 146.492,
          "Actual Rows": 4,
          "Actual Loops": 1,
          "Workers Planned": 3,
          "Workers Launched": 3,
          "Single Copy": false,
          "Plans": [
            {
              "Node Type": "Aggregate",
              "Strategy": "Plain",
              "Partial Mode": "Partial",
              "Parent Relationship": "Outer",
              "Parallel Aware": false,
              "Startup Cost": 43512.44,
              "Total Cost": 43512.45,
              "Plan Rows": 1,
              "Plan Width": 8,
              "Actual Startup Time": 127.805,
              "Actual Total Time": 127.807,
              "Actual Rows": 1,
              "Actual Loops": 4,
              "Plans": [
                {
                  "Node Type": "Seq Scan",
                  "Parent Relationship": "Outer",
                  "Parallel Aware": true,
                  "Relation Name": "movie_keyword",
                  "Alias": "mk",
                  "Startup Cost": 0.0,
                  "Total Cost": 42695.65,
                  "Plan Rows": 326715,
                  "Plan Width": 0,
                  "Actual Startup Time": 0.059,
                  "Actual Total Time": 113.683,
                  "Actual Rows": 253757,
                  "Actual Loops": 4,
                  "Filter": "(keyword_id < 989)",
                  "Rows Removed by Filter": 877226
                }
              ]
            }
          ]
        }
      ]
    },
    "Planning Time": 0.124,
    "Triggers": [],
    "Execution Time": 146.541
  }
]