[
  {
    "Plan": {
      "Node Type": "Aggregate",
      "Strategy": "Plain",
      "Partial Mode": "Finalize",
      "Parallel Aware": false,
      "Startup Cost": 424079.76,
      "Total Cost": 424079.77,
      "Plan Rows": 1,
      "Plan Width": 8,
      "Actual Startup Time": 1148.787,
      "Actual Total Time": 1206.312,
      "Actual Rows": 1,
      "Actual Loops": 1,
      "Plans": [
        {
          "Node Type": "Gather",
          "Parent Relationship": "Outer",
          "Parallel Aware": false,
          "Startup Cost": 424079.13,
          "Total Cost": 424079.74,
          "Plan Rows": 6,
          "Plan Width": 8,
          "Actual Startup Time": 1141.763,
          "Actual Total Time": 1206.303,
          "Actual Rows": 7,
          "Actual Loops": 1,
          "Workers Planned": 6,
          "Workers Launched": 6,
          "Single Copy": false,
          "Plans": [
            {
              "Node Type": "Aggregate",
              "Strategy": "Plain",
              "Partial Mode": "Partial",
              "Parent Relationship": "Outer",
              "Parallel Aware": false,
              "Startup Cost": 423079.13,
              "Total Cost": 423079.14,
              "Plan Rows": 1,
              "Plan Width": 8,
              "Actual Startup Time": 1128.861,
              "Actual Total Time": 1128.867,
              "Actual Rows": 1,
              "Actual Loops": 7,
              "Plans": [
                {
                  "Node Type": "Hash Join",
                  "Parent Relationship": "Outer",
                  "Parallel Aware": true,
                  "Join Type": "Inner",
                  "Startup Cost": 81128.16,
                  "Total Cost": 421649.58,
                  "Plan Rows": 571821,
                  "Plan Width": 0,
                  "Actual Startup Time": 422.492,
                  "Actual Total Time": 1110.914,
                  "Actual Rows": 406649,
                  "Actual Loops": 7,
                  "Inner Unique": false,
                  "Hash Cond": "(ci.movie_id = t.id)",
                  "Plans": [
                    {
                      "Node Type": "Seq Scan",
                      "Parent Relationship": "Outer",
                      "Parallel Aware": true,
                      "Relation Name": "cast_info",
                      "Alias": "ci",
                      "Startup Cost": 0.0,
                      "Total Cost": 328162.03,
                      "Plan Rows": 2803949,
                      "Plan Width": 4,
                      "Actual Startup Time": 187.555,
                      "Actual Total Time": 547.892,
                      "Actual Rows": 2393977,
                      "Actual Loops": 7,
                      "Filter": "(person_id > 1951099)",
                      "Rows Removed by Filter": 2783787
                    },
                    {
                      "Node Type": "Hash",
                      "Parent Relationship": "Inner",
                      "Parallel Aware": true,
                      "Startup Cost": 79049.11,
                      "Total Cost": 79049.11,
                      "Plan Rows": 166324,
                      "Plan Width": 8,
                      "Actual Startup Time": 232.761,
                      "Actual Total Time": 232.764,
                      "Actual Rows": 32129,
                      "Actual Loops": 7,
                      "Hash Buckets": 524288,
                      "Original Hash Buckets": 524288,
                      "Hash Batches": 1,
                      "Original Hash Batches": 1,
                      "Peak Memory Usage": 12992,
                      "Plans": [
                        {
                          "Node Type": "Hash Join",
                          "Parent Relationship": "Outer",
                          "Parallel Aware": true,
                          "Join Type": "Inner",
                          "Startup Cost": 48650.85,
                          "Total Cost": 79049.11,
                          "Plan Rows": 166324,
                          "Plan Width": 8,
                          "Actual Startup Time": 137.561,
                          "Actual Total Time": 221.882,
                          "Actual Rows": 32129,
                          "Actual Loops": 7,
                          "Inner Unique": true,
                          "Hash Cond": "(mc.movie_id = t.id)",
                          "Plans": [
                            {
                              "Node Type": "Seq Scan",
                              "Parent Relationship": "Outer",
                              "Parallel Aware": true,
                              "Relation Name": "movie_companies",
                              "Alias": "mc",
                              "Startup Cost": 0.0,
                              "Total Cost": 29310.68,
                              "Plan Rows": 414318,
                              "Plan Width": 4,
                              "Actual Startup Time": 0.023,
                              "Actual Total Time": 43.166,
                              "Actual Rows": 182035,
                              "Actual Loops": 7,
                              "Filter": "(company_type_id = 1)",
                              "Rows Removed by Filter": 190698
                            },
                            {
                              "Node Type": "Hash",
                              "Parent Relationship": "Inner",
                              "Parallel Aware": true,
                              "Startup Cost": 45479.1,
                              "Total Cost": 45479.1,
                              "Plan Rows": 253740,
                              "Plan Width": 4,
                              "Actual Startup Time": 135.989,
                              "Actual Total Time": 135.99,
                              "Actual Rows": 137159,
                              "Actual Loops": 7,
                              "Hash Buckets": 1048576,
                              "Original Hash Buckets": 1048576,
                              "Hash Batches": 1,
                              "Original Hash Batches": 1,
                              "Peak Memory Usage": 45856,
                              "Plans": [
                                {
                                  "Node Type": "Seq Scan",
                                  "Parent Relationship": "Outer",
                                  "Parallel Aware": true,
                                  "Relation Name": "title",
                                  "Alias": "t",
                                  "Startup Cost": 0.0,
                                  "Total Cost": 45479.1,
                                  "Plan Rows": 253740,
                                  "Plan Width": 4,
                                  "Actual Startup Time": 0.045,
                                  "Actual Total Time": 76.468,
                                  "Actual Rows": 137159,
                                  "Actual Loops": 7,
                                  "Filter": "((production_year < 2008) AND (kind_id = 7))",
                                  "Rows Removed by Filter": 224028
                                }
                              ]
                            }
                          ]
                        }
                      ]
                    }
                  ]
                }
              ]
            }
          ]
        }
      ]
    },
    "Planning Time": 0.977,
    "Triggers": [],
    "Execution Time": 1206.389
  }
]