[
  {
    "Plan": {
      "Node Type": "Aggregate",
      "Strategy": "Plain",
      "Partial Mode": "Finalize",
      "Parallel Aware": false,
      "Startup Cost": 31817.49,
      "Total Cost": 31817.5,
      "Plan Rows": 1,
      "Plan Width": 8,
      "Actual Startup Time": 79.402,
      "Actual Total Time": 84.803,
      "Actual Rows": 1,
      "Actual Loops": 1,
      "Plans": [
        {
          "Node Type": "Gather",
          "Parent Relationship": "Outer",
          "Parallel Aware": false,
          "Startup Cost": 31817.17,
          "Total Cost": 31817.48,
          "Plan Rows": 3,
          "Plan Width": 8,
          "Actual Startup Time": 79.169,
          "Actual Total Time": 84.796,
          "Actual Rows": 4,
          "Actual Loops": 1,
          "Workers Planned": 3,
          "Workers Launched": 3,
          "Single Copy": false,
          "Plans": [
            {
              "Node Type": "Aggregate",
              "Strategy": "Plain",
              "Partial Mode": "Partial",
              "Parent Relationship": "Outer",
              "Parallel Aware": false,
              "Startup Cost": 30817.17,
              "Total Cost": 30817.18,
              "Plan Rows": 1,
              "Plan Width": 8,
              "Actual Startup Time": 73.758,
              "Actual Total Time": 73.759,
              "Actual Rows": 1,
              "Actual Loops": 4,
              "Plans": [
                {
                  "Node Type": "Bitmap Heap Scan",
                  "Parent Relationship": "Outer",
                  "Parallel Aware": true,
                  "Relation Name": "movie_keyword",
                  "Alias": "mk",
                  "Startup Cost": 5181.34,
                  "Total Cost": 30620.2,
                  "Plan Rows": 78789,
                  "Plan Width": 0,
                  "Actual Startup Time": 15.977,
                  "Actual Total Time": 69.686,
                  "Actual Rows": 61901,
                  "Actual Loops": 4,
                  "Recheck Cond": "(keyword_id > 60849)",
                  "Rows Removed by Index Recheck": 0,
                  "Exact Heap Blocks": 9743,
                  "Lossy Heap Blocks": 0,
                  "Plans": [
                    {
                      "Node Type": "Bitmap Index Scan",
                      "Parent Relationship": "Outer",
                      "Parallel Aware": false,
                      "Index Name": "keyword_id_movie_keyword",
                      "Startup Cost": 0.0,
                      "Total Cost": 5120.28,
                      "Plan Rows": 244246,
                      "Plan Width": 0,
                      "Actual Startup Time": 17.544,
                      "Actual Total Time": 17.544,
                      "Actual Rows": 247603,
                      "Actual Loops": 1,
                      "Index Cond": "(keyword_id > 60849)"
                    }
                  ]
                }
              ]
            }
          ]
        }
      ]
    },
    "Planning Time": 0.083,
    "Triggers": [],
    "Execution Time": 84.836
  }
]