[
  {
    "Plan": {
      "Node Type": "Aggregate",
      "Strategy": "Plain",
      "Partial Mode": "Finalize",
      "Parallel Aware": false,
      "Startup Cost": 32164.53,
      "Total Cost": 32164.54,
      "Plan Rows": 1,
      "Plan Width": 8,
      "Actual Startup Time": 96.49,
      "Actual Total Time": 104.405,
      "Actual Rows": 1,
      "Actual Loops": 1,
      "Plans": [
        {
          "Node Type": "Gather",
          "Parent Relationship": "Outer",
          "Parallel Aware": false,
          "Startup Cost": 32164.21,
          "Total Cost": 32164.52,
          "Plan Rows": 3,
          "Plan Width": 8,
          "Actual Startup Time": 96.148,
          "Actual Total Time": 104.394,
          "Actual Rows": 4,
          "Actual Loops": 1,
          "Workers Planned": 3,
          "Workers Launched": 3,
          "Single Copy": false,
          "Plans": [
            {
              "Node Type": "Aggregate",
              "Strategy": "Plain",
              "Partial Mode": "Partial",
              "Parent Relationship": "Outer",
              "Parallel Aware": false,
              "Startup Cost": 31164.21,
              "Total Cost": 31164.22,
              "Plan Rows": 1,
              "Plan Width": 8,
              "Actual Startup Time": 88.023,
              "Actual Total Time": 88.024,
              "Actual Rows": 1,
              "Actual Loops": 4,
              "Plans": [
                {
                  "Node Type": "Bitmap Heap Scan",
                  "Parent Relationship": "Outer",
                  "Parallel Aware": true,
                  "Relation Name": "movie_keyword",
                  "Alias": "mk",
                  "Startup Cost": 5464.17,
                  "Total Cost": 30956.54,
                  "Plan Rows": 83069,
                  "Plan Width": 0,
                  "Actual Startup Time": 24.14,
                  "Actual Total Time": 83.19,
                  "Actual Rows": 61901,
                  "Actual Loops": 4,
                  "Recheck Cond": "(keyword_id > 60849)",
                  "Rows Removed by Index Recheck": 0,
                  "Exact Heap Blocks": 9097,
                  "Lossy Heap Blocks": 0,
                  "Plans": [
                    {
                      "Node Type": "Bitmap Index Scan",
                      "Parent Relationship": "Outer",
                      "Parallel Aware": false,
                      "Index Name": "keyword_id_movie_keyword",
                      "Startup Cost": 0.0,
                      "Total Cost": 5399.8,
                      "Plan Rows": 257515,
                      "Plan Width": 0,
                      "Actual Startup Time": 26.593,
                      "Actual Total Time": 26.593,
                      "Actual Rows": 247603,
                      "Actual Loops": 1,
                      "Index Cond": "(keyword_id > 60849)"
                    }
                  ]
                }
              ]
            }
          ]
        }
      ]
    },
    "Planning Time": 0.184,
    "Triggers": [],
    "Execution Time": 104.482
  }
]