[
    {
        "Bao": {
            "Bao prediction": "NaN",
            "Bao recommended hint": "(no hint)"
        }
    },
    {
        "Plan": {
            "Node Type": "Aggregate",
            "Strategy": "Plain",
            "Partial Mode": "Finalize",
            "Parallel Aware": false,
            "Startup Cost": 139385.45,
            "Total Cost": 139385.46,
            "Plan Rows": 1,
            "Plan Width": 8,
            "Actual Startup Time": 285.08,
            "Actual Total Time": 297.181,
            "Actual Rows": 1,
            "Actual Loops": 1,
            "Output": [
                "count(*)"
            ],
            "Plans": [
                {
                    "Node Type": "Gather",
                    "Parent Relationship": "Outer",
                    "Parallel Aware": false,
                    "Startup Cost": 139385.13,
                    "Total Cost": 139385.44,
                    "Plan Rows": 3,
                    "Plan Width": 8,
                    "Actual Startup Time": 284.882,
                    "Actual Total Time": 297.174,
                    "Actual Rows": 4,
                    "Actual Loops": 1,
                    "Output": [
                        "(PARTIAL count(*))"
                    ],
                    "Workers Planned": 3,
                    "Workers Launched": 3,
                    "Single Copy": false,
                    "Plans": [
                        {
                            "Node Type": "Aggregate",
                            "Strategy": "Plain",
                            "Partial Mode": "Partial",
                            "Parent Relationship": "Outer",
                            "Parallel Aware": false,
                            "Startup Cost": 138385.13,
                            "Total Cost": 138385.14,
                            "Plan Rows": 1,
                            "Plan Width": 8,
                            "Actual Startup Time": 275.956,
                            "Actual Total Time": 275.959,
                            "Actual Rows": 1,
                            "Actual Loops": 4,
                            "Output": [
                                "PARTIAL count(*)"
                            ],
                            "Workers": [
                                {
                                    "Worker Number": 0,
                                    "Actual Startup Time": 272.933,
                                    "Actual Total Time": 272.935,
                                    "Actual Rows": 1,
                                    "Actual Loops": 1
                                },
                                {
                                    "Worker Number": 1,
                                    "Actual Startup Time": 273.132,
                                    "Actual Total Time": 273.135,
                                    "Actual Rows": 1,
                                    "Actual Loops": 1
                                },
                                {
                                    "Worker Number": 2,
                                    "Actual Startup Time": 273.223,
                                    "Actual Total Time": 273.226,
                                    "Actual Rows": 1,
                                    "Actual Loops": 1
                                }
                            ],
                            "Plans": [
                                {
                                    "Node Type": "Nested Loop",
                                    "Parent Relationship": "Outer",
                                    "Parallel Aware": false,
                                    "Join Type": "Inner",
                                    "Startup Cost": 45628.78,
                                    "Total Cost": 137983.24,
                                    "Plan Rows": 160756,
                                    "Plan Width": 0,
                                    "Actual Startup Time": 87.232,
                                    "Actual Total Time": 274.669,
                                    "Actual Rows": 26088,
                                    "Actual Loops": 4,
                                    "Inner Unique": false,
                                    "Join Filter": "(t.id = mi.movie_id)",
                                    "Rows Removed by Join Filter": 0,
                                    "Workers": [
                                        {
                                            "Worker Number": 0,
                                            "Actual Startup Time": 84.183,
                                            "Actual Total Time": 271.476,
                                            "Actual Rows": 29171,
                                            "Actual Loops": 1
                                        },
                                        {
                                            "Worker Number": 1,
                                            "Actual Startup Time": 84.188,
                                            "Actual Total Time": 271.958,
                                            "Actual Rows": 21676,
                                            "Actual Loops": 1
                                        },
                                        {
                                            "Worker Number": 2,
                                            "Actual Startup Time": 85.376,
                                            "Actual Total Time": 272.056,
                                            "Actual Rows": 22265,
                                            "Actual Loops": 1
                                        }
                                    ],
                                    "Plans": [
                                        {
                                            "Node Type": "Hash Join",
                                            "Parent Relationship": "Outer",
                                            "Parallel Aware": true,
                                            "Join Type": "Inner",
                                            "Startup Cost": 45628.35,
                                            "Total Cost": 88506.43,
                                            "Plan Rows": 27546,
                                            "Plan Width": 8,
                                            "Actual Startup Time": 87.165,
                                            "Actual Total Time": 246.318,
                                            "Actual Rows": 3688,
                                            "Actual Loops": 4,
                                            "Output": [
                                                "t.id",
                                                "mk.movie_id"
                                            ],
                                            "Inner Unique": true,
                                            "Hash Cond": "(mk.movie_id = t.id)",
                                            "Workers": [
                                                {
                                                    "Worker Number": 0,
                                                    "Actual Startup Time": 84.111,
                                                    "Actual Total Time": 238.896,
                                                    "Actual Rows": 3880,
                                                    "Actual Loops": 1
                                                },
                                                {
                                                    "Worker Number": 1,
                                                    "Actual Startup Time": 84.095,
                                                    "Actual Total Time": 241.857,
                                                    "Actual Rows": 3584,
                                                    "Actual Loops": 1
                                                },
                                                {
                                                    "Worker Number": 2,
                                                    "Actual Startup Time": 85.303,
                                                    "Actual Total Time": 244.145,
                                                    "Actual Rows": 2952,
                                                    "Actual Loops": 1
                                                }
                                            ],
                                            "Plans": [
                                                {
                                                    "Node Type": "Seq Scan",
                                                    "Parent Relationship": "Outer",
                                                    "Parallel Aware": true,
                                                    "Relation Name": "movie_keyword",
                                                    "Schema": "public",
                                                    "Alias": "mk",
                                                    "Startup Cost": 0.0,
                                                    "Total Cost": 39047.32,
                                                    "Plan Rows": 1459332,
                                                    "Plan Width": 4,
                                                    "Actual Startup Time": 0.017,
                                                    "Actual Total Time": 80.124,
                                                    "Actual Rows": 1130982,
                                                    "Actual Loops": 4,
                                                    "Output": [
                                                        "mk.id",
                                                        "mk.movie_id",
                                                        "mk.keyword_id"
                                                    ],
                                                    "Workers": [
                                                        {
                                                            "Worker Number": 0,
                                                            "Actual Startup Time": 0.018,
                                                            "Actual Total Time": 78.996,
                                                            "Actual Rows": 1081695,
                                                            "Actual Loops": 1
                                                        },
                                                        {
                                                            "Worker Number": 1,
                                                            "Actual Startup Time": 0.02,
                                                            "Actual Total Time": 80.179,
                                                            "Actual Rows": 1103710,
                                                            "Actual Loops": 1
                                                        },
                                                        {
                                                            "Worker Number": 2,
                                                            "Actual Startup Time": 0.02,
                                                            "Actual Total Time": 81.439,
                                                            "Actual Rows": 1118325,
                                                            "Actual Loops": 1
                                                        }
                                                    ]
                                                },
                                                {
                                                    "Node Type": "Hash",
                                                    "Parent Relationship": "Inner",
                                                    "Parallel Aware": true,
                                                    "Startup Cost": 45479.21,
                                                    "Total Cost": 45479.21,
                                                    "Plan Rows": 11931,
                                                    "Plan Width": 4,
                                                    "Actual Startup Time": 86.065,
                                                    "Actual Total Time": 86.066,
                                                    "Actual Rows": 11256,
                                                    "Actual Loops": 4,
                                                    "Output": [
                                                        "t.id"
                                                    ],
                                                    "Hash Buckets": 65536,
                                                    "Original Hash Buckets": 65536,
                                                    "Hash Batches": 1,
                                                    "Original Hash Batches": 1,
                                                    "Peak Memory Usage": 2304,
                                                    "Workers": [
                                                        {
                                                            "Worker Number": 0,
                                                            "Actual Startup Time": 83.128,
                                                            "Actual Total Time": 83.129,
                                                            "Actual Rows": 8661,
                                                            "Actual Loops": 1
                                                        },
                                                        {
                                                            "Worker Number": 1,
                                                            "Actual Startup Time": 83.337,
                                                            "Actual Total Time": 83.338,
                                                            "Actual Rows": 8867,
                                                            "Actual Loops": 1
                                                        },
                                                        {
                                                            "Worker Number": 2,
                                                            "Actual Startup Time": 83.376,
                                                            "Actual Total Time": 83.377,
                                                            "Actual Rows": 8840,
                                                            "Actual Loops": 1
                                                        }
                                                    ],
                                                    "Plans": [
                                                        {
                                                            "Node Type": "Seq Scan",
                                                            "Parent Relationship": "Outer",
                                                            "Parallel Aware": true,
                                                            "Relation Name": "title",
                                                            "Schema": "public",
                                                            "Alias": "t",
                                                            "Startup Cost": 0.0,
                                                            "Total Cost": 45479.21,
                                                            "Plan Rows": 11931,
                                                            "Plan Width": 4,
                                                            "Actual Startup Time": 0.057,
                                                            "Actual Total Time": 81.078,
                                                            "Actual Rows": 11256,
                                                            "Actual Loops": 4,
                                                            "Output": [
                                                                "t.id"
                                                            ],
                                                            "Filter": "((t.kind_id > 1) AND (t.production_year = 2013))",
                                                            "Rows Removed by Filter": 620822,
                                                            "Workers": [
                                                                {
                                                                    "Worker Number": 0,
                                                                    "Actual Startup Time": 0.074,
                                                                    "Actual Total Time": 78.479,
                                                                    "Actual Rows": 8661,
                                                                    "Actual Loops": 1
                                                                },
                                                                {
                                                                    "Worker Number": 1,
                                                                    "Actual Startup Time": 0.052,
                                                                    "Actual Total Time": 78.261,
                                                                    "Actual Rows": 8867,
                                                                    "Actual Loops": 1
                                                                },
                                                                {
                                                                    "Worker Number": 2,
                                                                    "Actual Startup Time": 0.068,
                                                                    "Actual Total Time": 78.388,
                                                                    "Actual Rows": 8840,
                                                                    "Actual Loops": 1
                                                                }
                                                            ]
                                                        }
                                                    ]
                                                }
                                            ]
                                        },
                                        {
                                            "Node Type": "Index Only Scan",
                                            "Parent Relationship": "Inner",
                                            "Parallel Aware": false,
                                            "Scan Direction": "Forward",
                                            "Index Name": "movie_id_movie_info",
                                            "Relation Name": "movie_info",
                                            "Schema": "public",
                                            "Alias": "mi",
                                            "Startup Cost": 0.43,
                                            "Total Cost": 1.31,
                                            "Plan Rows": 39,
                                            "Plan Width": 4,
                                            "Actual Startup Time": 0.003,
                                            "Actual Total Time": 0.007,
                                            "Actual Rows": 7,
                                            "Actual Loops": 14754,
                                            "Output": [
                                                "mi.movie_id"
                                            ],
                                            "Index Cond": "(mi.movie_id = mk.movie_id)",
                                            "Rows Removed by Index Recheck": 0,
                                            "Heap Fetches": 104352,
                                            "Workers": [
                                                {
                                                    "Worker Number": 0,
                                                    "Actual Startup Time": 0.004,
                                                    "Actual Total Time": 0.008,
                                                    "Actual Rows": 8,
                                                    "Actual Loops": 3880
                                                },
                                                {
                                                    "Worker Number": 1,
                                                    "Actual Startup Time": 0.004,
                                                    "Actual Total Time": 0.008,
                                                    "Actual Rows": 6,
                                                    "Actual Loops": 3584
                                                },
                                                {
                                                    "Worker Number": 2,
                                                    "Actual Startup Time": 0.004,
                                                    "Actual Total Time": 0.009,
                                                    "Actual Rows": 8,
                                                    "Actual Loops": 2952
                                                }
                                            ]
                                        }
                                    ]
                                }
                            ]
                        }
                    ]
                }
            ]
        },
        "Planning Time": 224.528,
        "Triggers": [],
        "Execution Time": 297.271
    }
]