[
  {
    "Plan": {
      "Node Type": "Aggregate",
      "Strategy": "Plain",
      "Partial Mode": "Finalize",
      "Parallel Aware": false,
      "Startup Cost": 33218.37,
      "Total Cost": 33218.38,
      "Plan Rows": 1,
      "Plan Width": 8,
      "Actual Startup Time": 109.41,
      "Actual Total Time": 117.503,
      "Actual Rows": 1,
      "Actual Loops": 1,
      "Plans": [
        {
          "Node Type": "Gather",
          "Parent Relationship": "Outer",
          "Parallel Aware": false,
          "Startup Cost": 33218.06,
          "Total Cost": 33218.37,
          "Plan Rows": 3,
          "Plan Width": 8,
          "Actual Startup Time": 109.295,
          "Actual Total Time": 117.494,
          "Actual Rows": 4,
          "Actual Loops": 1,
          "Workers Planned": 3,
          "Workers Launched": 3,
          "Single Copy": false,
          "Plans": [
            {
              "Node Type": "Aggregate",
              "Strategy": "Plain",
              "Partial Mode": "Partial",
              "Parent Relationship": "Outer",
              "Parallel Aware": false,
              "Startup Cost": 32218.06,
              "Total Cost": 32218.07,
              "Plan Rows": 1,
              "Plan Width": 8,
              "Actual Startup Time": 101.817,
              "Actual Total Time": 101.818,
              "Actual Rows": 1,
              "Actual Loops": 4,
              "Plans": [
                {
                  "Node Type": "Seq Scan",
                  "Parent Relationship": "Outer",
                  "Parallel Aware": true,
                  "Relation Name": "movie_companies",
                  "Alias": "mc",
                  "Startup Cost": 0.0,
                  "Total Cost": 31414.82,
                  "Plan Rows": 321295,
                  "Plan Width": 0,
                  "Actual Startup Time": 0.042,
                  "Actual Total Time": 83.584,
                  "Actual Rows": 317758,
                  "Actual Loops": 4,
                  "Filter": "((company_id < 67936) AND (company_type_id < 2))",
                  "Rows Removed by Filter": 334524
                }
              ]
            }
          ]
        }
      ]
    },
    "Planning Time": 0.217,
    "Triggers": [],
    "Execution Time": 117.562
  }
]