[
  {
    "Plan": {
      "Node Type": "Aggregate",
      "Strategy": "Plain",
      "Partial Mode": "Finalize",
      "Parallel Aware": false,
      "Startup Cost": 46235.3,
      "Total Cost": 46235.31,
      "Plan Rows": 1,
      "Plan Width": 8,
      "Actual Startup Time": 155.078,
      "Actual Total Time": 165.185,
      "Actual Rows": 1,
      "Actual Loops": 1,
      "Plans": [
        {
          "Node Type": "Gather",
          "Parent Relationship": "Outer",
          "Parallel Aware": false,
          "Startup Cost": 46234.98,
          "Total Cost": 46235.29,
          "Plan Rows": 3,
          "Plan Width": 8,
          "Actual Startup Time": 155.008,
          "Actual Total Time": 165.177,
          "Actual Rows": 4,
          "Actual Loops": 1,
          "Workers Planned": 3,
          "Workers Launched": 3,
          "Single Copy": false,
          "Plans": [
            {
              "Node Type": "Aggregate",
              "Strategy": "Plain",
              "Partial Mode": "Partial",
              "Parent Relationship": "Outer",
              "Parallel Aware": false,
              "Startup Cost": 45234.98,
              "Total Cost": 45234.99,
              "Plan Rows": 1,
              "Plan Width": 8,
              "Actual Startup Time": 151.758,
              "Actual Total Time": 151.759,
              "Actual Rows": 1,
              "Actual Loops": 4,
              "Plans": [
                {
                  "Node Type": "Seq Scan",
                  "Parent Relationship": "Outer",
                  "Parallel Aware": true,
                  "Relation Name": "movie_keyword",
                  "Alias": "mk",
                  "Startup Cost": 0.0,
                  "Total Cost": 42695.65,
                  "Plan Rows": 1015730,
                  "Plan Width": 0,
                  "Actual Startup Time": 0.128,
                  "Actual Total Time": 116.131,
                  "Actual Rows": 786807,
                  "Actual Loops": 4,
                  "Filter": "(keyword_id > 1825)",
                  "Rows Removed by Filter": 344175
                }
              ]
            }
          ]
        }
      ]
    },
    "Planning Time": 0.119,
    "Triggers": [],
    "Execution Time": 165.22
  }
]