[
  {
    "Plan": {
      "Node Type": "Aggregate",
      "Strategy": "Plain",
      "Partial Mode": "Finalize",
      "Parallel Aware": false,
      "Startup Cost": 332806.31,
      "Total Cost": 332806.32,
      "Plan Rows": 1,
      "Plan Width": 8,
      "Actual Startup Time": 577.801,
      "Actual Total Time": 637.931,
      "Actual Rows": 1,
      "Actual Loops": 1,
      "Plans": [
        {
          "Node Type": "Gather",
          "Parent Relationship": "Outer",
          "Parallel Aware": false,
          "Startup Cost": 332805.68,
          "Total Cost": 332806.29,
          "Plan Rows": 6,
          "Plan Width": 8,
          "Actual Startup Time": 577.687,
          "Actual Total Time": 637.922,
          "Actual Rows": 7,
          "Actual Loops": 1,
          "Workers Planned": 6,
          "Workers Launched": 6,
          "Single Copy": false,
          "Plans": [
            {
              "Node Type": "Aggregate",
              "Strategy": "Plain",
              "Partial Mode": "Partial",
              "Parent Relationship": "Outer",
              "Parallel Aware": false,
              "Startup Cost": 331805.68,
              "Total Cost": 331805.7,
              "Plan Rows": 1,
              "Plan Width": 8,
              "Actual Startup Time": 569.8,
              "Actual Total Time": 569.801,
              "Actual Rows": 1,
              "Actual Loops": 7,
              "Plans": [
                {
                  "Node Type": "Seq Scan",
                  "Parent Relationship": "Outer",
                  "Parallel Aware": true,
                  "Relation Name": "cast_info",
                  "Alias": "ci",
                  "Startup Cost": 0.0,
                  "Total Cost": 328162.03,
                  "Plan Rows": 1457464,
                  "Plan Width": 0,
                  "Actual Startup Time": 0.046,
                  "Actual Total Time": 517.031,
                  "Actual Rows": 1268206,
                  "Actual Loops": 7,
                  "Filter": "(person_id < 873902)",
                  "Rows Removed by Filter": 3909557
                }
              ]
            }
          ]
        }
      ]
    },
    "Planning Time": 0.127,
    "Triggers": [],
    "Execution Time": 637.987
  }
]