{
  "Plan": {
    "Node Type": "Aggregate",
    "Strategy": "Plain",
    "Partial Mode": "Finalize",
    "Parallel Aware": false,
    "Startup Cost": 665560.93,
    "Total Cost": 665560.94,
    "Plan Rows": 1,
    "Plan Width": 8,
    "Actual Startup Time": 3901.945,
    "Actual Total Time": 3962.129,
    "Actual Rows": 1,
    "Actual Loops": 1,
    "Plans": [
      {
        "Node Type": "Gather",
        "Parent Relationship": "Outer",
        "Parallel Aware": false,
        "Startup Cost": 665560.82,
        "Total Cost": 665560.93,
        "Plan Rows": 1,
        "Plan Width": 8,
        "Actual Startup Time": 3900.518,
        "Actual Total Time": 3962.121,
        "Actual Rows": 2,
        "Actual Loops": 1,
        "Workers Planned": 1,
        "Workers Launched": 1,
        "Single Copy": false,
        "Plans": [
          {
            "Node Type": "Aggregate",
            "Strategy": "Plain",
            "Partial Mode": "Partial",
            "Parent Relationship": "Outer",
            "Parallel Aware": false,
            "Startup Cost": 664560.82,
            "Total Cost": 664560.83,
            "Plan Rows": 1,
            "Plan Width": 8,
            "Actual Startup Time": 3894.35,
            "Actual Total Time": 3894.356,
            "Actual Rows": 1,
            "Actual Loops": 2,
            "Plans": [
              {
                "Node Type": "Hash Join",
                "Parent Relationship": "Outer",
                "Parallel Aware": true,
                "Join Type": "Inner",
                "Startup Cost": 584624.56,
                "Total Cost": 663673.59,
                "Plan Rows": 354892,
                "Plan Width": 0,
                "Actual Startup Time": 3566.994,
                "Actual Total Time": 3886.12,
                "Actual Rows": 198210,
                "Actual Loops": 2,
                "Inner Unique": false,
                "Hash Cond": "(mk.movie_id = t.id)",
                "Plans": [
                  {
                    "Node Type": "Seq Scan",
                    "Parent Relationship": "Outer",
                    "Parallel Aware": true,
                    "Relation Name": "movie_keyword",
                    "Alias": "mk",
                    "Startup Cost": 0.0,
                    "Total Cost": 57718.19,
                    "Plan Rows": 1539459,
                    "Plan Width": 4,
                    "Actual Startup Time": 0.278,
                    "Actual Total Time": 187.671,
                    "Actual Rows": 1305742,
                    "Actual Loops": 2,
                    "Filter": "(keyword_id > 3287)",
                    "Rows Removed by Filter": 956222
                  },
                  {
                    "Node Type": "Hash",
                    "Parent Relationship": "Inner",
                    "Parallel Aware": true,
                    "Startup Cost": 580338.91,
                    "Total Cost": 580338.91,
                    "Plan Rows": 342852,
                    "Plan Width": 8,
                    "Actual Startup Time": 3557.139,
                    "Actual Total Time": 3557.143,
                    "Actual Rows": 301060,
                    "Actual Loops": 2,
                    "Hash Buckets": 1048576,
                    "Original Hash Buckets": 1048576,
                    "Hash Batches": 1,
                    "Original Hash Batches": 1,
                    "Peak Memory Usage": 31776,
                    "Plans": [
                      {
                        "Node Type": "Hash Join",
                        "Parent Relationship": "Outer",
                        "Parallel Aware": true,
                        "Join Type": "Inner",
                        "Startup Cost": 58605.56,
                        "Total Cost": 580338.91,
                        "Plan Rows": 342852,
                        "Plan Width": 8,
                        "Actual Startup Time": 149.246,
                        "Actual Total Time": 3449.043,
                        "Actual Rows": 301060,
                        "Actual Loops": 2,
                        "Inner Unique": true,
                        "Hash Cond": "(ci.movie_id = t.id)",
                        "Plans": [
                          {
                            "Node Type": "Seq Scan",
                            "Parent Relationship": "Outer",
                            "Parallel Aware": true,
                            "Relation Name": "cast_info",
                            "Alias": "ci",
                            "Startup Cost": 0.0,
                            "Total Cost": 465792.95,
                            "Plan Rows": 21310595,
                            "Plan Width": 4,
                            "Actual Startup Time": 0.027,
                            "Actual Total Time": 1422.771,
                            "Actual Rows": 18122172,
                            "Actual Loops": 2
                          },
                          {
                            "Node Type": "Hash",
                            "Parent Relationship": "Inner",
                            "Parallel Aware": true,
                            "Startup Cost": 58306.47,
                            "Total Cost": 58306.47,
                            "Plan Rows": 23927,
                            "Plan Width": 4,
                            "Actual Startup Time": 148.852,
                            "Actual Total Time": 148.853,
                            "Actual Rows": 21926,
                            "Actual Loops": 2,
                            "Hash Buckets": 65536,
                            "Original Hash Buckets": 65536,
                            "Hash Batches": 1,
                            "Original Hash Batches": 1,
                            "Peak Memory Usage": 2272,
                            "Plans": [
                              {
                                "Node Type": "Seq Scan",
                                "Parent Relationship": "Outer",
                                "Parallel Aware": true,
                                "Relation Name": "title",
                                "Alias": "t",
                                "Startup Cost": 0.0,
                                "Total Cost": 58306.47,
                                "Plan Rows": 23927,
                                "Plan Width": 4,
                                "Actual Startup Time": 0.04,
                                "Actual Total Time": 140.527,
                                "Actual Rows": 21926,
                                "Actual Loops": 2,
                                "Filter": "((kind_id = 7) AND (production_year = 2003))",
                                "Rows Removed by Filter": 1242230
                              }
                            ]
                          }
                        ]
                      }
                    ]
                  }
                ]
              }
            ]
          }
        ]
      }
    ]
  },
  "Planning Time": 0.942,
  "Triggers": [],
  "Execution Time": 3962.226
}