{
  "Plan": {
    "Node Type": "Aggregate",
    "Strategy": "Plain",
    "Partial Mode": "Finalize",
    "Parallel Aware": false,
    "Startup Cost": 75465.01,
    "Total Cost": 75465.02,
    "Plan Rows": 1,
    "Plan Width": 8,
    "Actual Startup Time": 258.996,
    "Actual Total Time": 274.894,
    "Actual Rows": 1,
    "Actual Loops": 1,
    "Plans": [
      {
        "Node Type": "Gather",
        "Parent Relationship": "Outer",
        "Parallel Aware": false,
        "Startup Cost": 75464.9,
        "Total Cost": 75465.01,
        "Plan Rows": 1,
        "Plan Width": 8,
        "Actual Startup Time": 258.97,
        "Actual Total Time": 274.888,
        "Actual Rows": 2,
        "Actual Loops": 1,
        "Workers Planned": 1,
        "Workers Launched": 1,
        "Single Copy": false,
        "Plans": [
          {
            "Node Type": "Aggregate",
            "Strategy": "Plain",
            "Partial Mode": "Partial",
            "Parent Relationship": "Outer",
            "Parallel Aware": false,
            "Startup Cost": 74464.9,
            "Total Cost": 74464.91,
            "Plan Rows": 1,
            "Plan Width": 8,
            "Actual Startup Time": 252.726,
            "Actual Total Time": 252.729,
            "Actual Rows": 1,
            "Actual Loops": 2,
            "Plans": [
              {
                "Node Type": "Nested Loop",
                "Parent Relationship": "Outer",
                "Parallel Aware": false,
                "Join Type": "Inner",
                "Startup Cost": 54645.21,
                "Total Cost": 74458.55,
                "Plan Rows": 2541,
                "Plan Width": 0,
                "Actual Startup Time": 139.254,
                "Actual Total Time": 252.237,
                "Actual Rows": 9118,
                "Actual Loops": 2,
                "Inner Unique": false,
                "Join Filter": "(t.id = mc.movie_id)",
                "Rows Removed by Join Filter": 0,
                "Plans": [
                  {
                    "Node Type": "Hash Join",
                    "Parent Relationship": "Outer",
                    "Parallel Aware": true,
                    "Join Type": "Inner",
                    "Startup Cost": 54644.78,
                    "Total Cost": 72828.57,
                    "Plan Rows": 2462,
                    "Plan Width": 8,
                    "Actual Startup Time": 139.187,
                    "Actual Total Time": 238.434,
                    "Actual Rows": 2848,
                    "Actual Loops": 2,
                    "Inner Unique": true,
                    "Hash Cond": "(mi_idx.movie_id = t.id)",
                    "Plans": [
                      {
                        "Node Type": "Seq Scan",
                        "Parent Relationship": "Outer",
                        "Parallel Aware": true,
                        "Relation Name": "movie_info_idx",
                        "Alias": "mi_idx",
                        "Startup Cost": 0.0,
                        "Total Cost": 16052.85,
                        "Plan Rows": 811785,
                        "Plan Width": 4,
                        "Actual Startup Time": 0.019,
                        "Actual Total Time": 48.031,
                        "Actual Rows": 690018,
                        "Actual Loops": 2
                      },
                      {
                        "Node Type": "Hash",
                        "Parent Relationship": "Inner",
                        "Parallel Aware": true,
                        "Startup Cost": 54588.39,
                        "Total Cost": 54588.39,
                        "Plan Rows": 4511,
                        "Plan Width": 4,
                        "Actual Startup Time": 137.768,
                        "Actual Total Time": 137.769,
                        "Actual Rows": 4746,
                        "Actual Loops": 2,
                        "Hash Buckets": 8192,
                        "Original Hash Buckets": 8192,
                        "Hash Batches": 1,
                        "Original Hash Batches": 1,
                        "Peak Memory Usage": 448,
                        "Plans": [
                          {
                            "Node Type": "Seq Scan",
                            "Parent Relationship": "Outer",
                            "Parallel Aware": true,
                            "Relation Name": "title",
                            "Alias": "t",
                            "Startup Cost": 0.0,
                            "Total Cost": 54588.39,
                            "Plan Rows": 4511,
                            "Plan Width": 4,
                            "Actual Startup Time": 0.265,
                            "Actual Total Time": 135.895,
                            "Actual Rows": 4746,
                            "Actual Loops": 2,
                            "Filter": "(production_year = 1957)",
                            "Rows Removed by Filter": 1259410
                          }
                        ]
                      }
                    ]
                  },
                  {
                    "Node Type": "Index Only Scan",
                    "Parent Relationship": "Inner",
                    "Parallel Aware": false,
                    "Scan Direction": "Forward",
                    "Index Name": "movie_id_movie_companies",
                    "Relation Name": "movie_companies",
                    "Alias": "mc",
                    "Startup Cost": 0.43,
                    "Total Cost": 0.6,
                    "Plan Rows": 5,
                    "Plan Width": 4,
                    "Actual Startup Time": 0.003,
                    "Actual Total Time": 0.004,
                    "Actual Rows": 3,
                    "Actual Loops": 5697,
                    "Index Cond": "(movie_id = mi_idx.movie_id)",
                    "Rows Removed by Index Recheck": 0,
                    "Heap Fetches": 18235
                  }
                ]
              }
            ]
          }
        ]
      }
    ]
  },
  "Planning Time": 0.85,
  "Triggers": [],
  "Execution Time": 274.977
}