[
    {
        "Bao": {
            "Bao prediction": "NaN",
            "Bao recommended hint": "(no hint)"
        }
    },
    {
        "Plan": {
            "Node Type": "Aggregate",
            "Strategy": "Plain",
            "Partial Mode": "Finalize",
            "Parallel Aware": false,
            "Startup Cost": 285879.36,
            "Total Cost": 285879.37,
            "Plan Rows": 1,
            "Plan Width": 8,
            "Actual Startup Time": 1337.707,
            "Actual Total Time": 1398.527,
            "Actual Rows": 1,
            "Actual Loops": 1,
            "Output": [
                "count(*)"
            ],
            "Plans": [
                {
                    "Node Type": "Gather",
                    "Parent Relationship": "Outer",
                    "Parallel Aware": false,
                    "Startup Cost": 285878.84,
                    "Total Cost": 285879.35,
                    "Plan Rows": 5,
                    "Plan Width": 8,
                    "Actual Startup Time": 1335.823,
                    "Actual Total Time": 1398.516,
                    "Actual Rows": 6,
                    "Actual Loops": 1,
                    "Output": [
                        "(PARTIAL count(*))"
                    ],
                    "Workers Planned": 5,
                    "Workers Launched": 5,
                    "Single Copy": false,
                    "Plans": [
                        {
                            "Node Type": "Aggregate",
                            "Strategy": "Plain",
                            "Partial Mode": "Partial",
                            "Parent Relationship": "Outer",
                            "Parallel Aware": false,
                            "Startup Cost": 284878.84,
                            "Total Cost": 284878.85,
                            "Plan Rows": 1,
                            "Plan Width": 8,
                            "Actual Startup Time": 1325.355,
                            "Actual Total Time": 1325.405,
                            "Actual Rows": 1,
                            "Actual Loops": 6,
                            "Output": [
                                "PARTIAL count(*)"
                            ],
                            "Workers": [
                                {
                                    "Worker Number": 0,
                                    "Actual Startup Time": 1323.137,
                                    "Actual Total Time": 1323.14,
                                    "Actual Rows": 1,
                                    "Actual Loops": 1
                                },
                                {
                                    "Worker Number": 1,
                                    "Actual Startup Time": 1323.614,
                                    "Actual Total Time": 1323.617,
                                    "Actual Rows": 1,
                                    "Actual Loops": 1
                                },
                                {
                                    "Worker Number": 2,
                                    "Actual Startup Time": 1322.838,
                                    "Actual Total Time": 1322.842,
                                    "Actual Rows": 1,
                                    "Actual Loops": 1
                                },
                                {
                                    "Worker Number": 3,
                                    "Actual Startup Time": 1323.343,
                                    "Actual Total Time": 1323.346,
                                    "Actual Rows": 1,
                                    "Actual Loops": 1
                                },
                                {
                                    "Worker Number": 4,
                                    "Actual Startup Time": 1323.81,
                                    "Actual Total Time": 1323.814,
                                    "Actual Rows": 1,
                                    "Actual Loops": 1
                                }
                            ],
                            "Plans": [
                                {
                                    "Node Type": "Nested Loop",
                                    "Parent Relationship": "Outer",
                                    "Parallel Aware": false,
                                    "Join Type": "Inner",
                                    "Startup Cost": 69749.58,
                                    "Total Cost": 284647.9,
                                    "Plan Rows": 92376,
                                    "Plan Width": 0,
                                    "Actual Startup Time": 193.803,
                                    "Actual Total Time": 1309.377,
                                    "Actual Rows": 191863,
                                    "Actual Loops": 6,
                                    "Inner Unique": false,
                                    "Join Filter": "(t.id = ci.movie_id)",
                                    "Rows Removed by Join Filter": 0,
                                    "Workers": [
                                        {
                                            "Worker Number": 0,
                                            "Actual Startup Time": 191.64,
                                            "Actual Total Time": 1306.943,
                                            "Actual Rows": 170205,
                                            "Actual Loops": 1
                                        },
                                        {
                                            "Worker Number": 1,
                                            "Actual Startup Time": 191.421,
                                            "Actual Total Time": 1306.763,
                                            "Actual Rows": 174670,
                                            "Actual Loops": 1
                                        },
                                        {
                                            "Worker Number": 2,
                                            "Actual Startup Time": 191.179,
                                            "Actual Total Time": 1306.063,
                                            "Actual Rows": 174656,
                                            "Actual Loops": 1
                                        },
                                        {
                                            "Worker Number": 3,
                                            "Actual Startup Time": 192.047,
                                            "Actual Total Time": 1306.864,
                                            "Actual Rows": 173026,
                                            "Actual Loops": 1
                                        },
                                        {
                                            "Worker Number": 4,
                                            "Actual Startup Time": 192.611,
                                            "Actual Total Time": 1307.363,
                                            "Actual Rows": 171592,
                                            "Actual Loops": 1
                                        }
                                    ],
                                    "Plans": [
                                        {
                                            "Node Type": "Hash Join",
                                            "Parent Relationship": "Outer",
                                            "Parallel Aware": true,
                                            "Join Type": "Inner",
                                            "Startup Cost": 69749.01,
                                            "Total Cost": 235701.06,
                                            "Plan Rows": 17703,
                                            "Plan Width": 8,
                                            "Actual Startup Time": 193.571,
                                            "Actual Total Time": 282.929,
                                            "Actual Rows": 47178,
                                            "Actual Loops": 6,
                                            "Output": [
                                                "t.id",
                                                "mi.movie_id"
                                            ],
                                            "Inner Unique": true,
                                            "Hash Cond": "(mi.movie_id = t.id)",
                                            "Workers": [
                                                {
                                                    "Worker Number": 0,
                                                    "Actual Startup Time": 191.132,
                                                    "Actual Total Time": 276.584,
                                                    "Actual Rows": 41788,
                                                    "Actual Loops": 1
                                                },
                                                {
                                                    "Worker Number": 1,
                                                    "Actual Startup Time": 191.02,
                                                    "Actual Total Time": 278.971,
                                                    "Actual Rows": 43410,
                                                    "Actual Loops": 1
                                                },
                                                {
                                                    "Worker Number": 2,
                                                    "Actual Startup Time": 191.019,
                                                    "Actual Total Time": 279.391,
                                                    "Actual Rows": 43013,
                                                    "Actual Loops": 1
                                                },
                                                {
                                                    "Worker Number": 3,
                                                    "Actual Startup Time": 191.938,
                                                    "Actual Total Time": 277.786,
                                                    "Actual Rows": 41928,
                                                    "Actual Loops": 1
                                                },
                                                {
                                                    "Worker Number": 4,
                                                    "Actual Startup Time": 192.479,
                                                    "Actual Total Time": 278.97,
                                                    "Actual Rows": 42039,
                                                    "Actual Loops": 1
                                                }
                                            ],
                                            "Plans": [
                                                {
                                                    "Node Type": "Bitmap Heap Scan",
                                                    "Parent Relationship": "Outer",
                                                    "Parallel Aware": true,
                                                    "Relation Name": "movie_info",
                                                    "Schema": "public",
                                                    "Alias": "mi",
                                                    "Startup Cost": 23735.46,
                                                    "Total Cost": 189000.4,
                                                    "Plan Rows": 261755,
                                                    "Plan Width": 4,
                                                    "Actual Startup Time": 41.434,
                                                    "Actual Total Time": 77.762,
                                                    "Actual Rows": 214821,
                                                    "Actual Loops": 6,
                                                    "Output": [
                                                        "mi.id",
                                                        "mi.movie_id",
                                                        "mi.info_type_id",
                                                        "mi.info",
                                                        "mi.note"
                                                    ],
                                                    "Recheck Cond": "(mi.info_type_id = 2)",
                                                    "Rows Removed by Index Recheck": 0,
                                                    "Exact Heap Blocks": 2301,
                                                    "Lossy Heap Blocks": 0,
                                                    "Workers": [
                                                        {
                                                            "Worker Number": 0,
                                                            "Actual Startup Time": 41.458,
                                                            "Actual Total Time": 78.246,
                                                            "Actual Rows": 187120,
                                                            "Actual Loops": 1
                                                        },
                                                        {
                                                            "Worker Number": 1,
                                                            "Actual Startup Time": 41.519,
                                                            "Actual Total Time": 78.372,
                                                            "Actual Rows": 190046,
                                                            "Actual Loops": 1
                                                        },
                                                        {
                                                            "Worker Number": 2,
                                                            "Actual Startup Time": 41.4,
                                                            "Actual Total Time": 78.484,
                                                            "Actual Rows": 191240,
                                                            "Actual Loops": 1
                                                        },
                                                        {
                                                            "Worker Number": 3,
                                                            "Actual Startup Time": 41.439,
                                                            "Actual Total Time": 78.502,
                                                            "Actual Rows": 188236,
                                                            "Actual Loops": 1
                                                        },
                                                        {
                                                            "Worker Number": 4,
                                                            "Actual Startup Time": 41.562,
                                                            "Actual Total Time": 78.434,
                                                            "Actual Rows": 186370,
                                                            "Actual Loops": 1
                                                        }
                                                    ],
                                                    "Plans": [
                                                        {
                                                            "Node Type": "Bitmap Index Scan",
                                                            "Parent Relationship": "Outer",
                                                            "Parallel Aware": false,
                                                            "Index Name": "info_type_id_movie_info",
                                                            "Startup Cost": 0.0,
                                                            "Total Cost": 23408.26,
                                                            "Plan Rows": 1308777,
                                                            "Plan Width": 0,
                                                            "Actual Startup Time": 39.974,
                                                            "Actual Total Time": 39.975,
                                                            "Actual Rows": 1288928,
                                                            "Actual Loops": 1,
                                                            "Index Cond": "(mi.info_type_id = 2)"
                                                        }
                                                    ]
                                                },
                                                {
                                                    "Node Type": "Hash",
                                                    "Parent Relationship": "Inner",
                                                    "Parallel Aware": true,
                                                    "Startup Cost": 45479.21,
                                                    "Total Cost": 45479.21,
                                                    "Plan Rows": 42748,
                                                    "Plan Width": 4,
                                                    "Actual Startup Time": 114.82,
                                                    "Actual Total Time": 114.82,
                                                    "Actual Rows": 50961,
                                                    "Actual Loops": 6,
                                                    "Output": [
                                                        "t.id"
                                                    ],
                                                    "Hash Buckets": 524288,
                                                    "Original Hash Buckets": 262144,
                                                    "Hash Batches": 1,
                                                    "Original Hash Batches": 1,
                                                    "Peak Memory Usage": 18176,
                                                    "Workers": [
                                                        {
                                                            "Worker Number": 0,
                                                            "Actual Startup Time": 113.068,
                                                            "Actual Total Time": 113.068,
                                                            "Actual Rows": 45806,
                                                            "Actual Loops": 1
                                                        },
                                                        {
                                                            "Worker Number": 1,
                                                            "Actual Startup Time": 112.765,
                                                            "Actual Total Time": 112.766,
                                                            "Actual Rows": 42059,
                                                            "Actual Loops": 1
                                                        },
                                                        {
                                                            "Worker Number": 2,
                                                            "Actual Startup Time": 112.728,
                                                            "Actual Total Time": 112.729,
                                                            "Actual Rows": 42284,
                                                            "Actual Loops": 1
                                                        },
                                                        {
                                                            "Worker Number": 3,
                                                            "Actual Startup Time": 113.826,
                                                            "Actual Total Time": 113.827,
                                                            "Actual Rows": 45826,
                                                            "Actual Loops": 1
                                                        },
                                                        {
                                                            "Worker Number": 4,
                                                            "Actual Startup Time": 114.389,
                                                            "Actual Total Time": 114.39,
                                                            "Actual Rows": 44937,
                                                            "Actual Loops": 1
                                                        }
                                                    ],
                                                    "Plans": [
                                                        {
                                                            "Node Type": "Seq Scan",
                                                            "Parent Relationship": "Outer",
                                                            "Parallel Aware": true,
                                                            "Relation Name": "title",
                                                            "Schema": "public",
                                                            "Alias": "t",
                                                            "Startup Cost": 0.0,
                                                            "Total Cost": 45479.21,
                                                            "Plan Rows": 42748,
                                                            "Plan Width": 4,
                                                            "Actual Startup Time": 47.837,
                                                            "Actual Total Time": 86.35,
                                                            "Actual Rows": 50961,
                                                            "Actual Loops": 6,
                                                            "Output": [
                                                                "t.id"
                                                            ],
                                                            "Filter": "((t.kind_id < 2) AND (t.production_year < 1988))",
                                                            "Rows Removed by Filter": 370424,
                                                            "Workers": [
                                                                {
                                                                    "Worker Number": 0,
                                                                    "Actual Startup Time": 46.129,
                                                                    "Actual Total Time": 85.985,
                                                                    "Actual Rows": 45806,
                                                                    "Actual Loops": 1
                                                                },
                                                                {
                                                                    "Worker Number": 1,
                                                                    "Actual Startup Time": 46.299,
                                                                    "Actual Total Time": 84.624,
                                                                    "Actual Rows": 42059,
                                                                    "Actual Loops": 1
                                                                },
                                                                {
                                                                    "Worker Number": 2,
                                                                    "Actual Startup Time": 45.396,
                                                                    "Actual Total Time": 83.951,
                                                                    "Actual Rows": 42284,
                                                                    "Actual Loops": 1
                                                                },
                                                                {
                                                                    "Worker Number": 3,
                                                                    "Actual Startup Time": 47.066,
                                                                    "Actual Total Time": 86.602,
                                                                    "Actual Rows": 45826,
                                                                    "Actual Loops": 1
                                                                },
                                                                {
                                                                    "Worker Number": 4,
                                                                    "Actual Startup Time": 47.286,
                                                                    "Actual Total Time": 86.594,
                                                                    "Actual Rows": 44937,
                                                                    "Actual Loops": 1
                                                                }
                                                            ]
                                                        }
                                                    ]
                                                }
                                            ]
                                        },
                                        {
                                            "Node Type": "Index Scan",
                                            "Parent Relationship": "Inner",
                                            "Parallel Aware": false,
                                            "Scan Direction": "Forward",
                                            "Index Name": "movie_id_cast_info",
                                            "Relation Name": "cast_info",
                                            "Schema": "public",
                                            "Alias": "ci",
                                            "Startup Cost": 0.56,
                                            "Total Cost": 2.59,
                                            "Plan Rows": 14,
                                            "Plan Width": 4,
                                            "Actual Startup Time": 0.016,
                                            "Actual Total Time": 0.021,
                                            "Actual Rows": 4,
                                            "Actual Loops": 283067,
                                            "Output": [
                                                "ci.id",
                                                "ci.person_id",
                                                "ci.movie_id",
                                                "ci.person_role_id",
                                                "ci.note",
                                                "ci.nr_order",
                                                "ci.role_id"
                                            ],
                                            "Index Cond": "(ci.movie_id = mi.movie_id)",
                                            "Rows Removed by Index Recheck": 0,
                                            "Filter": "((ci.person_id > 635886) AND (ci.role_id > 2))",
                                            "Rows Removed by Filter": 10,
                                            "Workers": [
                                                {
                                                    "Worker Number": 0,
                                                    "Actual Startup Time": 0.018,
                                                    "Actual Total Time": 0.024,
                                                    "Actual Rows": 4,
                                                    "Actual Loops": 41788
                                                },
                                                {
                                                    "Worker Number": 1,
                                                    "Actual Startup Time": 0.017,
                                                    "Actual Total Time": 0.023,
                                                    "Actual Rows": 4,
                                                    "Actual Loops": 43410
                                                },
                                                {
                                                    "Worker Number": 2,
                                                    "Actual Startup Time": 0.017,
                                                    "Actual Total Time": 0.023,
                                                    "Actual Rows": 4,
                                                    "Actual Loops": 43013
                                                },
                                                {
                                                    "Worker Number": 3,
                                                    "Actual Startup Time": 0.018,
                                                    "Actual Total Time": 0.024,
                                                    "Actual Rows": 4,
                                                    "Actual Loops": 41928
                                                },
                                                {
                                                    "Worker Number": 4,
                                                    "Actual Startup Time": 0.018,
                                                    "Actual Total Time": 0.024,
                                                    "Actual Rows": 4,
                                                    "Actual Loops": 42039
                                                }
                                            ]
                                        }
                                    ]
                                }
                            ]
                        }
                    ]
                }
            ]
        },
        "Planning Time": 201.785,
        "Triggers": [],
        "Execution Time": 1398.666
    }
]