[
  {
    "Plan": {
      "Node Type": "Aggregate",
      "Strategy": "Plain",
      "Partial Mode": "Finalize",
      "Parallel Aware": false,
      "Startup Cost": 56758.81,
      "Total Cost": 56758.82,
      "Plan Rows": 1,
      "Plan Width": 8,
      "Actual Startup Time": 108.437,
      "Actual Total Time": 122.005,
      "Actual Rows": 1,
      "Actual Loops": 1,
      "Plans": [
        {
          "Node Type": "Gather",
          "Parent Relationship": "Outer",
          "Parallel Aware": false,
          "Startup Cost": 56758.39,
          "Total Cost": 56758.8,
          "Plan Rows": 4,
          "Plan Width": 8,
          "Actual Startup Time": 108.281,
          "Actual Total Time": 121.996,
          "Actual Rows": 5,
          "Actual Loops": 1,
          "Workers Planned": 4,
          "Workers Launched": 4,
          "Single Copy": false,
          "Plans": [
            {
              "Node Type": "Aggregate",
              "Strategy": "Plain",
              "Partial Mode": "Partial",
              "Parent Relationship": "Outer",
              "Parallel Aware": false,
              "Startup Cost": 55758.39,
              "Total Cost": 55758.4,
              "Plan Rows": 1,
              "Plan Width": 8,
              "Actual Startup Time": 98.638,
              "Actual Total Time": 98.64,
              "Actual Rows": 1,
              "Actual Loops": 5,
              "Plans": [
                {
                  "Node Type": "Nested Loop",
                  "Parent Relationship": "Outer",
                  "Parallel Aware": false,
                  "Join Type": "Inner",
                  "Startup Cost": 0.43,
                  "Total Cost": 55756.48,
                  "Plan Rows": 761,
                  "Plan Width": 0,
                  "Actual Startup Time": 61.214,
                  "Actual Total Time": 98.494,
                  "Actual Rows": 1090,
                  "Actual Loops": 5,
                  "Inner Unique": false,
                  "Plans": [
                    {
                      "Node Type": "Seq Scan",
                      "Parent Relationship": "Outer",
                      "Parallel Aware": true,
                      "Relation Name": "title",
                      "Alias": "t",
                      "Startup Cost": 0.0,
                      "Total Cost": 43898.92,
                      "Plan Rows": 738,
                      "Plan Width": 4,
                      "Actual Startup Time": 56.808,
                      "Actual Total Time": 86.47,
                      "Actual Rows": 613,
                      "Actual Loops": 5,
                      "Filter": "(production_year = 1922)",
                      "Rows Removed by Filter": 505049
                    },
                    {
                      "Node Type": "Index Only Scan",
                      "Parent Relationship": "Inner",
                      "Parallel Aware": false,
                      "Scan Direction": "Forward",
                      "Index Name": "movie_id_movie_companies",
                      "Relation Name": "movie_companies",
                      "Alias": "mc",
                      "Startup Cost": 0.43,
                      "Total Cost": 16.02,
                      "Plan Rows": 5,
                      "Plan Width": 4,
                      "Actual Startup Time": 0.016,
                      "Actual Total Time": 0.019,
                      "Actual Rows": 2,
                      "Actual Loops": 3066,
                      "Index Cond": "(movie_id = t.id)",
                      "Rows Removed by Index Recheck": 0,
                      "Heap Fetches": 5450
                    }
                  ]
                }
              ]
            }
          ]
        }
      ]
    },
    "Planning Time": 0.636,
    "Triggers": [],
    "Execution Time": 122.076
  }
]