[
  {
    "Plan": {
      "Node Type": "Aggregate",
      "Strategy": "Plain",
      "Partial Mode": "Finalize",
      "Parallel Aware": false,
      "Startup Cost": 70958.74,
      "Total Cost": 70958.75,
      "Plan Rows": 1,
      "Plan Width": 8,
      "Actual Startup Time": 186.371,
      "Actual Total Time": 202.457,
      "Actual Rows": 1,
      "Actual Loops": 1,
      "Plans": [
        {
          "Node Type": "Gather",
          "Parent Relationship": "Outer",
          "Parallel Aware": false,
          "Startup Cost": 70958.42,
          "Total Cost": 70958.73,
          "Plan Rows": 3,
          "Plan Width": 8,
          "Actual Startup Time": 185.381,
          "Actual Total Time": 202.449,
          "Actual Rows": 4,
          "Actual Loops": 1,
          "Workers Planned": 3,
          "Workers Launched": 3,
          "Single Copy": false,
          "Plans": [
            {
              "Node Type": "Aggregate",
              "Strategy": "Plain",
              "Partial Mode": "Partial",
              "Parent Relationship": "Outer",
              "Parallel Aware": false,
              "Startup Cost": 69958.42,
              "Total Cost": 69958.43,
              "Plan Rows": 1,
              "Plan Width": 8,
              "Actual Startup Time": 177.375,
              "Actual Total Time": 177.378,
              "Actual Rows": 1,
              "Actual Loops": 4,
              "Plans": [
                {
                  "Node Type": "Hash Join",
                  "Parent Relationship": "Outer",
                  "Parallel Aware": true,
                  "Join Type": "Inner",
                  "Startup Cost": 49873.28,
                  "Total Cost": 69949.3,
                  "Plan Rows": 3648,
                  "Plan Width": 0,
                  "Actual Startup Time": 161.638,
                  "Actual Total Time": 177.329,
                  "Actual Rows": 538,
                  "Actual Loops": 4,
                  "Inner Unique": true,
                  "Hash Cond": "(mc.movie_id = t.id)",
                  "Plans": [
                    {
                      "Node Type": "Bitmap Heap Scan",
                      "Parent Relationship": "Outer",
                      "Parallel Aware": true,
                      "Relation Name": "movie_companies",
                      "Alias": "mc",
                      "Startup Cost": 5257.28,
                      "Total Cost": 25227.73,
                      "Plan Rows": 40219,
                      "Plan Width": 4,
                      "Actual Startup Time": 39.474,
                      "Actual Total Time": 50.059,
                      "Actual Rows": 13717,
                      "Actual Loops": 4,
                      "Recheck Cond": "(company_id < 94)",
                      "Rows Removed by Index Recheck": 0,
                      "Filter": "(company_type_id = 2)",
                      "Rows Removed by Filter": 45966,
                      "Exact Heap Blocks": 7049,
                      "Lossy Heap Blocks": 0,
                      "Plans": [
                        {
                          "Node Type": "Bitmap Index Scan",
                          "Parent Relationship": "Outer",
                          "Parallel Aware": false,
                          "Index Name": "company_id_movie_companies",
                          "Startup Cost": 0.0,
                          "Total Cost": 5226.11,
                          "Plan Rows": 243958,
                          "Plan Width": 0,
                          "Actual Startup Time": 13.272,
                          "Actual Total Time": 13.273,
                          "Actual Rows": 238732,
                          "Actual Loops": 1,
                          "Index Cond": "(company_id < 94)"
                        }
                      ]
                    },
                    {
                      "Node Type": "Hash",
                      "Parent Relationship": "Inner",
                      "Parallel Aware": true,
                      "Startup Cost": 43899.32,
                      "Total Cost": 43899.32,
                      "Plan Rows": 57334,
                      "Plan Width": 4,
                      "Actual Startup Time": 119.869,
                      "Actual Total Time": 119.869,
                      "Actual Rows": 57912,
                      "Actual Loops": 4,
                      "Hash Buckets": 262144,
                      "Original Hash Buckets": 262144,
                      "Hash Batches": 1,
                      "Original Hash Batches": 1,
                      "Peak Memory Usage": 11200,
                      "Plans": [
                        {
                          "Node Type": "Seq Scan",
                          "Parent Relationship": "Outer",
                          "Parallel Aware": true,
                          "Relation Name": "title",
                          "Alias": "t",
                          "Startup Cost": 0.0,
                          "Total Cost": 43899.32,
                          "Plan Rows": 57334,
                          "Plan Width": 4,
                          "Actual Startup Time": 0.039,
                          "Actual Total Time": 97.639,
                          "Actual Rows": 57912,
                          "Actual Loops": 4,
                          "Filter": "(production_year > 2011)",
                          "Rows Removed by Filter": 574166
                        }
                      ]
                    }
                  ]
                }
              ]
            }
          ]
        }
      ]
    },
    "Planning Time": 0.614,
    "Triggers": [],
    "Execution Time": 202.596
  }
]