[
  {
    "Plan": {
      "Node Type": "Aggregate",
      "Strategy": "Plain",
      "Partial Mode": "Finalize",
      "Parallel Aware": false,
      "Startup Cost": 70830.52,
      "Total Cost": 70830.53,
      "Plan Rows": 1,
      "Plan Width": 8,
      "Actual Startup Time": 167.644,
      "Actual Total Time": 185.601,
      "Actual Rows": 1,
      "Actual Loops": 1,
      "Plans": [
        {
          "Node Type": "Gather",
          "Parent Relationship": "Outer",
          "Parallel Aware": false,
          "Startup Cost": 70830.1,
          "Total Cost": 70830.51,
          "Plan Rows": 4,
          "Plan Width": 8,
          "Actual Startup Time": 166.804,
          "Actual Total Time": 185.592,
          "Actual Rows": 5,
          "Actual Loops": 1,
          "Workers Planned": 4,
          "Workers Launched": 4,
          "Single Copy": false,
          "Plans": [
            {
              "Node Type": "Aggregate",
              "Strategy": "Plain",
              "Partial Mode": "Partial",
              "Parent Relationship": "Outer",
              "Parallel Aware": false,
              "Startup Cost": 69830.1,
              "Total Cost": 69830.11,
              "Plan Rows": 1,
              "Plan Width": 8,
              "Actual Startup Time": 156.743,
              "Actual Total Time": 156.746,
              "Actual Rows": 1,
              "Actual Loops": 5,
              "Plans": [
                {
                  "Node Type": "Hash Join",
                  "Parent Relationship": "Outer",
                  "Parallel Aware": true,
                  "Join Type": "Inner",
                  "Startup Cost": 25627.99,
                  "Total Cost": 69823.17,
                  "Plan Rows": 2774,
                  "Plan Width": 0,
                  "Actual Startup Time": 75.306,
                  "Actual Total Time": 156.68,
                  "Actual Rows": 430,
                  "Actual Loops": 5,
                  "Inner Unique": false,
                  "Hash Cond": "(t.id = mc.movie_id)",
                  "Plans": [
                    {
                      "Node Type": "Seq Scan",
                      "Parent Relationship": "Outer",
                      "Parallel Aware": true,
                      "Relation Name": "title",
                      "Alias": "t",
                      "Startup Cost": 0.0,
                      "Total Cost": 43898.92,
                      "Plan Rows": 57462,
                      "Plan Width": 4,
                      "Actual Startup Time": 0.012,
                      "Actual Total Time": 71.831,
                      "Actual Rows": 46330,
                      "Actual Loops": 5,
                      "Filter": "(production_year > 2011)",
                      "Rows Removed by Filter": 459333
                    },
                    {
                      "Node Type": "Hash",
                      "Parent Relationship": "Inner",
                      "Parallel Aware": true,
                      "Startup Cost": 25135.73,
                      "Total Cost": 25135.73,
                      "Plan Rows": 39381,
                      "Plan Width": 4,
                      "Actual Startup Time": 73.685,
                      "Actual Total Time": 73.687,
                      "Actual Rows": 10974,
                      "Actual Loops": 5,
                      "Hash Buckets": 131072,
                      "Original Hash Buckets": 131072,
                      "Hash Batches": 1,
                      "Original Hash Batches": 1,
                      "Peak Memory Usage": 3264,
                      "Plans": [
                        {
                          "Node Type": "Bitmap Heap Scan",
                          "Parent Relationship": "Outer",
                          "Parallel Aware": true,
                          "Relation Name": "movie_companies",
                          "Alias": "mc",
                          "Startup Cost": 5182.29,
                          "Total Cost": 25135.73,
                          "Plan Rows": 39381,
                          "Plan Width": 4,
                          "Actual Startup Time": 58.52,
                          "Actual Total Time": 69.972,
                          "Actual Rows": 10974,
                          "Actual Loops": 5,
                          "Recheck Cond": "(company_id < 94)",
                          "Rows Removed by Index Recheck": 0,
                          "Filter": "(company_type_id = 2)",
                          "Rows Removed by Filter": 36773,
                          "Exact Heap Blocks": 7920,
                          "Lossy Heap Blocks": 0,
                          "Plans": [
                            {
                              "Node Type": "Bitmap Index Scan",
                              "Parent Relationship": "Outer",
                              "Parallel Aware": false,
                              "Index Name": "company_id_movie_companies",
                              "Startup Cost": 0.0,
                              "Total Cost": 5151.77,
                              "Plan Rows": 240445,
                              "Plan Width": 0,
                              "Actual Startup Time": 24.702,
                              "Actual Total Time": 24.702,
                              "Actual Rows": 238732,
                              "Actual Loops": 1,
                              "Index Cond": "(company_id < 94)"
                            }
                          ]
                        }
                      ]
                    }
                  ]
                }
              ]
            }
          ]
        }
      ]
    },
    "Planning Time": 0.591,
    "Triggers": [],
    "Execution Time": 185.696
  }
]