[
  {
    "Plan": {
      "Node Type": "Aggregate",
      "Strategy": "Plain",
      "Partial Mode": "Finalize",
      "Parallel Aware": false,
      "Startup Cost": 253805.49,
      "Total Cost": 253805.5,
      "Plan Rows": 1,
      "Plan Width": 8,
      "Actual Startup Time": 467.026,
      "Actual Total Time": 484.024,
      "Actual Rows": 1,
      "Actual Loops": 1,
      "Plans": [
        {
          "Node Type": "Gather",
          "Parent Relationship": "Outer",
          "Parallel Aware": false,
          "Startup Cost": 253805.17,
          "Total Cost": 253805.48,
          "Plan Rows": 3,
          "Plan Width": 8,
          "Actual Startup Time": 457.567,
          "Actual Total Time": 484.013,
          "Actual Rows": 4,
          "Actual Loops": 1,
          "Workers Planned": 3,
          "Workers Launched": 3,
          "Single Copy": false,
          "Plans": [
            {
              "Node Type": "Aggregate",
              "Strategy": "Plain",
              "Partial Mode": "Partial",
              "Parent Relationship": "Outer",
              "Parallel Aware": false,
              "Startup Cost": 252805.17,
              "Total Cost": 252805.18,
              "Plan Rows": 1,
              "Plan Width": 8,
              "Actual Startup Time": 447.866,
              "Actual Total Time": 447.873,
              "Actual Rows": 1,
              "Actual Loops": 4,
              "Plans": [
                {
                  "Node Type": "Hash Join",
                  "Parent Relationship": "Outer",
                  "Parallel Aware": true,
                  "Join Type": "Inner",
                  "Startup Cost": 221721.8,
                  "Total Cost": 252683.51,
                  "Plan Rows": 48664,
                  "Plan Width": 0,
                  "Actual Startup Time": 345.862,
                  "Actual Total Time": 446.526,
                  "Actual Rows": 29812,
                  "Actual Loops": 4,
                  "Inner Unique": false,
                  "Hash Cond": "(mc.movie_id = t.id)",
                  "Plans": [
                    {
                      "Node Type": "Seq Scan",
                      "Parent Relationship": "Outer",
                      "Parallel Aware": true,
                      "Relation Name": "movie_companies",
                      "Alias": "mc",
                      "Startup Cost": 0.0,
                      "Total Cost": 29310.68,
                      "Plan Rows": 414318,
                      "Plan Width": 4,
                      "Actual Startup Time": 0.027,
                      "Actual Total Time": 68.012,
                      "Actual Rows": 318562,
                      "Actual Loops": 4,
                      "Filter": "(company_type_id = 1)",
                      "Rows Removed by Filter": 333721
                    },
                    {
                      "Node Type": "Hash",
                      "Parent Relationship": "Inner",
                      "Parallel Aware": true,
                      "Startup Cost": 220979.4,
                      "Total Cost": 220979.4,
                      "Plan Rows": 59392,
                      "Plan Width": 8,
                      "Actual Startup Time": 342.534,
                      "Actual Total Time": 342.54,
                      "Actual Rows": 15972,
                      "Actual Loops": 4,
                      "Hash Buckets": 524288,
                      "Original Hash Buckets": 524288,
                      "Hash Batches": 1,
                      "Original Hash Batches": 1,
                      "Peak Memory Usage": 6656,
                      "Plans": [
                        {
                          "Node Type": "Hash Join",
                          "Parent Relationship": "Outer",
                          "Parallel Aware": true,
                          "Join Type": "Inner",
                          "Startup Cost": 57521.06,
                          "Total Cost": 220979.4,
                          "Plan Rows": 59392,
                          "Plan Width": 8,
                          "Actual Startup Time": 283.679,
                          "Actual Total Time": 336.056,
                          "Actual Rows": 15972,
                          "Actual Loops": 4,
                          "Inner Unique": true,
                          "Hash Cond": "(mi.movie_id = t.id)",
                          "Plans": [
                            {
                              "Node Type": "Bitmap Heap Scan",
                              "Parent Relationship": "Outer",
                              "Parallel Aware": true,
                              "Relation Name": "movie_info",
                              "Alias": "mi",
                              "Startup Cost": 8778.62,
                              "Total Cost": 171982.65,
                              "Plan Rows": 96882,
                              "Plan Width": 4,
                              "Actual Startup Time": 19.769,
                              "Actual Total Time": 38.952,
                              "Actual Rows": 121638,
                              "Actual Loops": 4,
                              "Recheck Cond": "(info_type_id = 5)",
                              "Rows Removed by Index Recheck": 0,
                              "Exact Heap Blocks": 1656,
                              "Lossy Heap Blocks": 0,
                              "Plans": [
                                {
                                  "Node Type": "Bitmap Index Scan",
                                  "Parent Relationship": "Outer",
                                  "Parallel Aware": false,
                                  "Index Name": "info_type_id_movie_info",
                                  "Startup Cost": 0.0,
                                  "Total Cost": 8657.52,
                                  "Plan Rows": 484411,
                                  "Plan Width": 0,
                                  "Actual Startup Time": 19.02,
                                  "Actual Total Time": 19.021,
                                  "Actual Rows": 486554,
                                  "Actual Loops": 1,
                                  "Index Cond": "(info_type_id = 5)"
                                }
                              ]
                            },
                            {
                              "Node Type": "Hash",
                              "Parent Relationship": "Inner",
                              "Parallel Aware": true,
                              "Startup Cost": 43898.92,
                              "Total Cost": 43898.92,
                              "Plan Rows": 387482,
                              "Plan Width": 4,
                              "Actual Startup Time": 258.527,
                              "Actual Total Time": 258.529,
                              "Actual Rows": 388966,
                              "Actual Loops": 4,
                              "Hash Buckets": 2097152,
                              "Original Hash Buckets": 2097152,
                              "Hash Batches": 1,
                              "Original Hash Batches": 1,
                              "Peak Memory Usage": 77312,
                              "Plans": [
                                {
                                  "Node Type": "Seq Scan",
                                  "Parent Relationship": "Outer",
                                  "Parallel Aware": true,
                                  "Relation Name": "title",
                                  "Alias": "t",
                                  "Startup Cost": 0.0,
                                  "Total Cost": 43898.92,
                                  "Plan Rows": 387482,
                                  "Plan Width": 4,
                                  "Actual Startup Time": 0.053,
                                  "Actual Total Time": 107.714,
                                  "Actual Rows": 388966,
                                  "Actual Loops": 4,
                                  "Filter": "(kind_id > 4)",
                                  "Rows Removed by Filter": 243112
                                }
                              ]
                            }
                          ]
                        }
                      ]
                    }
                  ]
                }
              ]
            }
          ]
        }
      ]
    },
    "Planning Time": 1.589,
    "Triggers": [],
    "Execution Time": 484.132
  }
]