[
  {
    "Plan": {
      "Node Type": "Aggregate",
      "Strategy": "Plain",
      "Partial Mode": "Simple",
      "Parallel Aware": false,
      "Startup Cost": 3788.82,
      "Total Cost": 3788.83,
      "Plan Rows": 1,
      "Plan Width": 96,
      "Actual Startup Time": 104.162,
      "Actual Total Time": 104.168,
      "Actual Rows": 1,
      "Actual Loops": 1,
      "Plans": [
        {
          "Node Type": "Nested Loop",
          "Parent Relationship": "Outer",
          "Parallel Aware": false,
          "Join Type": "Inner",
          "Startup Cost": 12.82,
          "Total Cost": 3788.82,
          "Plan Rows": 1,
          "Plan Width": 48,
          "Actual Startup Time": 5.605,
          "Actual Total Time": 104.002,
          "Actual Rows": 490,
          "Actual Loops": 1,
          "Inner Unique": false,
          "Join Filter": "(ml.movie_id = mi.movie_id)",
          "Rows Removed by Join Filter": 0,
          "Plans": [
            {
              "Node Type": "Nested Loop",
              "Parent Relationship": "Outer",
              "Parallel Aware": false,
              "Join Type": "Inner",
              "Startup Cost": 12.39,
              "Total Cost": 3787.09,
              "Plan Rows": 1,
              "Plan Width": 64,
              "Actual Startup Time": 3.62,
              "Actual Total Time": 100.577,
              "Actual Rows": 266,
              "Actual Loops": 1,
              "Inner Unique": true,
              "Join Filter": "(mc.company_type_id = ct.id)",
              "Rows Removed by Join Filter": 1,
              "Plans": [
                {
                  "Node Type": "Nested Loop",
                  "Parent Relationship": "Outer",
                  "Parallel Aware": false,
                  "Join Type": "Inner",
                  "Startup Cost": 12.39,
                  "Total Cost": 3786.03,
                  "Plan Rows": 1,
                  "Plan Width": 68,
                  "Actual Startup Time": 3.613,
                  "Actual Total Time": 99.777,
                  "Actual Rows": 267,
                  "Actual Loops": 1,
                  "Inner Unique": true,
                  "Plans": [
                    {
                      "Node Type": "Nested Loop",
                      "Parent Relationship": "Outer",
                      "Parallel Aware": false,
                      "Join Type": "Inner",
                      "Startup Cost": 11.97,
                      "Total Cost": 3785.57,
                      "Plan Rows": 1,
                      "Plan Width": 53,
                      "Actual Startup Time": 3.272,
                      "Actual Total Time": 97.844,
                      "Actual Rows": 628,
                      "Actual Loops": 1,
                      "Inner Unique": false,
                      "Join Filter": "(ml.movie_id = mc.movie_id)",
                      "Rows Removed by Join Filter": 0,
                      "Plans": [
                        {
                          "Node Type": "Nested Loop",
                          "Parent Relationship": "Outer",
                          "Parallel Aware": false,
                          "Join Type": "Inner",
                          "Startup Cost": 11.54,
                          "Total Cost": 3784.99,
                          "Plan Rows": 1,
                          "Plan Width": 41,
                          "Actual Startup Time": 3.204,
                          "Actual Total Time": 96.974,
                          "Actual Rows": 127,
                          "Actual Loops": 1,
                          "Inner Unique": true,
                          "Join Filter": "(ml.movie_id = t.id)",
                          "Rows Removed by Join Filter": 0,
                          "Plans": [
                            {
                              "Node Type": "Nested Loop",
                              "Parent Relationship": "Outer",
                              "Parallel Aware": false,
                              "Join Type": "Inner",
                              "Startup Cost": 11.11,
                              "Total Cost": 3784.49,
                              "Plan Rows": 1,
                              "Plan Width": 20,
                              "Actual Startup Time": 3.147,
                              "Actual Total Time": 95.592,
                              "Actual Rows": 199,
                              "Actual Loops": 1,
                              "Inner Unique": false,
                              "Join Filter": "(ml.link_type_id = lt.id)",
                              "Rows Removed by Join Filter": 303,
                              "Plans": [
                                {
                                  "Node Type": "Seq Scan",
                                  "Parent Relationship": "Outer",
                                  "Parallel Aware": false,
                                  "Relation Name": "link_type",
                                  "Alias": "lt",
                                  "Startup Cost": 0.0,
                                  "Total Cost": 1.23,
                                  "Plan Rows": 1,
                                  "Plan Width": 16,
                                  "Actual Startup Time": 0.009,
                                  "Actual Total Time": 0.014,
                                  "Actual Rows": 2,
                                  "Actual Loops": 1,
                                  "Filter": "((link)::text ~~ '%follow%'::text)",
                                  "Rows Removed by Filter": 16
                                },
                                {
                                  "Node Type": "Nested Loop",
                                  "Parent Relationship": "Inner",
                                  "Parallel Aware": false,
                                  "Join Type": "Inner",
                                  "Startup Cost": 11.11,
                                  "Total Cost": 3783.14,
                                  "Plan Rows": 10,
                                  "Plan Width": 12,
                                  "Actual Startup Time": 2.603,
                                  "Actual Total Time": 47.763,
                                  "Actual Rows": 251,
                                  "Actual Loops": 2,
                                  "Inner Unique": false,
                                  "Plans": [
                                    {
                                      "Node Type": "Nested Loop",
                                      "Parent Relationship": "Outer",
                                      "Parallel Aware": false,
                                      "Join Type": "Inner",
                                      "Startup Cost": 10.82,
                                      "Total Cost": 3768.68,
                                      "Plan Rows": 34,
                                      "Plan Width": 4,
                                      "Actual Startup Time": 2.595,
                                      "Actual Total Time": 38.184,
                                      "Actual Rows": 10544,
                                      "Actual Loops": 2,
                                      "Inner Unique": false,
                                      "Plans": [
                                        {
                                          "Node Type": "Seq Scan",
                                          "Parent Relationship": "Outer",
                                          "Parallel Aware": false,
                                          "Relation Name": "keyword",
                                          "Alias": "k",
                                          "Startup Cost": 0.0,
                                          "Total Cost": 2626.12,
                                          "Plan Rows": 1,
                                          "Plan Width": 4,
                                          "Actual Startup Time": 0.795,
                                          "Actual Total Time": 10.241,
                                          "Actual Rows": 1,
                                          "Actual Loops": 2,
                                          "Filter": "(keyword = 'sequel'::text)",
                                          "Rows Removed by Filter": 134169
                                        },
                                        {
                                          "Node Type": "Bitmap Heap Scan",
                                          "Parent Relationship": "Inner",
                                          "Parallel Aware": false,
                                          "Relation Name": "movie_keyword",
                                          "Alias": "mk",
                                          "Startup Cost": 10.82,
                                          "Total Cost": 1139.48,
                                          "Plan Rows": 308,
                                          "Plan Width": 8,
                                          "Actual Startup Time": 1.775,
                                          "Actual Total Time": 26.788,
                                          "Actual Rows": 10544,
                                          "Actual Loops": 2,
                                          "Recheck Cond": "(keyword_id = k.id)",
                                          "Rows Removed by Index Recheck": 0,
                                          "Exact Heap Blocks": 11140,
                                          "Lossy Heap Blocks": 0,
                                          "Plans": [
                                            {
                                              "Node Type": "Bitmap Index Scan",
                                              "Parent Relationship": "Outer",
                                              "Parallel Aware": false,
                                              "Index Name": "keyword_id_movie_keyword",
                                              "Startup Cost": 0.0,
                                              "Total Cost": 10.74,
                                              "Plan Rows": 308,
                                              "Plan Width": 0,
                                              "Actual Startup Time": 1.166,
                                              "Actual Total Time": 1.166,
                                              "Actual Rows": 10544,
                                              "Actual Loops": 2,
                                              "Index Cond": "(keyword_id = k.id)"
                                            }
                                          ]
                                        }
                                      ]
                                    },
                                    {
                                      "Node Type": "Index Scan",
                                      "Parent Relationship": "Inner",
                                      "Parallel Aware": false,
                                      "Scan Direction": "Forward",
                                      "Index Name": "movie_id_movie_link",
                                      "Relation Name": "movie_link",
                                      "Alias": "ml",
                                      "Startup Cost": 0.29,
                                      "Total Cost": 0.38,
                                      "Plan Rows": 5,
                                      "Plan Width": 8,
                                      "Actual Startup Time": 0.001,
                                      "Actual Total Time": 0.001,
                                      "Actual Rows": 0,
                                      "Actual Loops": 21088,
                                      "Index Cond": "(movie_id = mk.movie_id)",
                                      "Rows Removed by Index Recheck": 0
                                    }
                                  ]
                                }
                              ]
                            },
                            {
                              "Node Type": "Index Scan",
                              "Parent Relationship": "Inner",
                              "Parallel Aware": false,
                              "Scan Direction": "Forward",
                              "Index Name": "title_pkey",
                              "Relation Name": "title",
                              "Alias": "t",
                              "Startup Cost": 0.43,
                              "Total Cost": 0.49,
                              "Plan Rows": 1,
                              "Plan Width": 21,
                              "Actual Startup Time": 0.007,
                              "Actual Total Time": 0.007,
                              "Actual Rows": 1,
                              "Actual Loops": 199,
                              "Index Cond": "(id = mk.movie_id)",
                              "Rows Removed by Index Recheck": 0,
                              "Filter": "((production_year >= 1998) AND (production_year <= 2006))",
                              "Rows Removed by Filter": 0
                            }
                          ]
                        },
                        {
                          "Node Type": "Index Scan",
                          "Parent Relationship": "Inner",
                          "Parallel Aware": false,
                          "Scan Direction": "Forward",
                          "Index Name": "movie_id_movie_companies",
                          "Relation Name": "movie_companies",
                          "Alias": "mc",
                          "Startup Cost": 0.43,
                          "Total Cost": 0.54,
                          "Plan Rows": 3,
                          "Plan Width": 12,
                          "Actual Startup Time": 0.005,
                          "Actual Total Time": 0.006,
                          "Actual Rows": 5,
                          "Actual Loops": 127,
                          "Index Cond": "(movie_id = mk.movie_id)",
                          "Rows Removed by Index Recheck": 0,
                          "Filter": "(note IS NULL)",
                          "Rows Removed by Filter": 2
                        }
                      ]
                    },
                    {
                      "Node Type": "Index Scan",
                      "Parent Relationship": "Inner",
                      "Parallel Aware": false,
                      "Scan Direction": "Forward",
                      "Index Name": "company_name_pkey",
                      "Relation Name": "company_name",
                      "Alias": "cn",
                      "Startup Cost": 0.42,
                      "Total Cost": 0.46,
                      "Plan Rows": 1,
                      "Plan Width": 23,
                      "Actual Startup Time": 0.003,
                      "Actual Total Time": 0.003,
                      "Actual Rows": 0,
                      "Actual Loops": 628,
                      "Index Cond": "(id = mc.company_id)",
                      "Rows Removed by Index Recheck": 0,
                      "Filter": "(((country_code)::text <> '[sm]'::text) AND ((name ~~ '%Film%'::text) OR (name ~~ '%Warner%'::text)))",
                      "Rows Removed by Filter": 1
                    }
                  ]
                },
                {
                  "Node Type": "Seq Scan",
                  "Parent Relationship": "Inner",
                  "Parallel Aware": false,
                  "Relation Name": "company_type",
                  "Alias": "ct",
                  "Startup Cost": 0.0,
                  "Total Cost": 1.05,
                  "Plan Rows": 1,
                  "Plan Width": 4,
                  "Actual Startup Time": 0.001,
                  "Actual Total Time": 0.001,
                  "Actual Rows": 1,
                  "Actual Loops": 267,
                  "Filter": "((kind)::text = 'production companies'::text)",
                  "Rows Removed by Filter": 1
                }
              ]
            },
            {
              "Node Type": "Index Scan",
              "Parent Relationship": "Inner",
              "Parallel Aware": false,
              "Scan Direction": "Forward",
              "Index Name": "movie_id_movie_info",
              "Relation Name": "movie_info",
              "Alias": "mi",
              "Startup Cost": 0.43,
              "Total Cost": 1.7,
              "Plan Rows": 2,
              "Plan Width": 4,
              "Actual Startup Time": 0.01,
              "Actual Total Time": 0.012,
              "Actual Rows": 2,
              "Actual Loops": 266,
              "Index Cond": "(movie_id = mk.movie_id)",
              "Rows Removed by Index Recheck": 0,
              "Filter": "(info = ANY ('{Danish,USA,German,Sweden,Denmark,Denish,Bulgaria,American}'::text[]))",
              "Rows Removed by Filter": 18
            }
          ]
        }
      ]
    },
    "Planning Time": 27.905,
    "Triggers": [],
    "Execution Time": 104.462
  }
]