[
  {
    "Plan": {
      "Node Type": "Aggregate",
      "Strategy": "Plain",
      "Partial Mode": "Finalize",
      "Parallel Aware": false,
      "Startup Cost": 425791.68,
      "Total Cost": 425791.69,
      "Plan Rows": 1,
      "Plan Width": 8,
      "Actual Startup Time": 1712.018,
      "Actual Total Time": 1777.4,
      "Actual Rows": 1,
      "Actual Loops": 1,
      "Plans": [
        {
          "Node Type": "Gather",
          "Parent Relationship": "Outer",
          "Parallel Aware": false,
          "Startup Cost": 425791.05,
          "Total Cost": 425791.66,
          "Plan Rows": 6,
          "Plan Width": 8,
          "Actual Startup Time": 1701.762,
          "Actual Total Time": 1777.389,
          "Actual Rows": 7,
          "Actual Loops": 1,
          "Workers Planned": 6,
          "Workers Launched": 6,
          "Single Copy": false,
          "Plans": [
            {
              "Node Type": "Aggregate",
              "Strategy": "Plain",
              "Partial Mode": "Partial",
              "Parent Relationship": "Outer",
              "Parallel Aware": false,
              "Startup Cost": 424791.05,
              "Total Cost": 424791.06,
              "Plan Rows": 1,
              "Plan Width": 8,
              "Actual Startup Time": 1689.884,
              "Actual Total Time": 1689.89,
              "Actual Rows": 1,
              "Actual Loops": 7,
              "Plans": [
                {
                  "Node Type": "Hash Join",
                  "Parent Relationship": "Outer",
                  "Parallel Aware": true,
                  "Join Type": "Inner",
                  "Startup Cost": 67988.21,
                  "Total Cost": 421355.03,
                  "Plan Rows": 1374410,
                  "Plan Width": 0,
                  "Actual Startup Time": 320.374,
                  "Actual Total Time": 1611.848,
                  "Actual Rows": 1715061,
                  "Actual Loops": 7,
                  "Inner Unique": false,
                  "Hash Cond": "(ci.movie_id = t.id)",
                  "Plans": [
                    {
                      "Node Type": "Seq Scan",
                      "Parent Relationship": "Outer",
                      "Parallel Aware": true,
                      "Relation Name": "cast_info",
                      "Alias": "ci",
                      "Startup Cost": 0.0,
                      "Total Cost": 328162.03,
                      "Plan Rows": 5194155,
                      "Plan Width": 4,
                      "Actual Startup Time": 54.027,
                      "Actual Total Time": 647.66,
                      "Actual Rows": 4431500,
                      "Actual Loops": 7,
                      "Filter": "(person_id > 505317)",
                      "Rows Removed by Filter": 746264
                    },
                    {
                      "Node Type": "Hash",
                      "Parent Relationship": "Inner",
                      "Parallel Aware": true,
                      "Startup Cost": 64503.81,
                      "Total Cost": 64503.81,
                      "Plan Rows": 278752,
                      "Plan Width": 8,
                      "Actual Startup Time": 262.977,
                      "Actual Total Time": 262.981,
                      "Actual Rows": 52399,
                      "Actual Loops": 7,
                      "Hash Buckets": 1048576,
                      "Original Hash Buckets": 1048576,
                      "Hash Batches": 1,
                      "Original Hash Batches": 1,
                      "Peak Memory Usage": 22656,
                      "Plans": [
                        {
                          "Node Type": "Hash Join",
                          "Parent Relationship": "Outer",
                          "Parallel Aware": true,
                          "Join Type": "Inner",
                          "Startup Cost": 49309.25,
                          "Total Cost": 64503.81,
                          "Plan Rows": 278752,
                          "Plan Width": 8,
                          "Actual Startup Time": 180.487,
                          "Actual Total Time": 240.602,
                          "Actual Rows": 52399,
                          "Actual Loops": 7,
                          "Inner Unique": true,
                          "Hash Cond": "(mi_idx.movie_id = t.id)",
                          "Plans": [
                            {
                              "Node Type": "Seq Scan",
                              "Parent Relationship": "Outer",
                              "Parallel Aware": true,
                              "Relation Name": "movie_info_idx",
                              "Alias": "mi_idx",
                              "Startup Cost": 0.0,
                              "Total Cost": 13685.15,
                              "Plan Rows": 575015,
                              "Plan Width": 4,
                              "Actual Startup Time": 0.033,
                              "Actual Total Time": 19.753,
                              "Actual Rows": 197148,
                              "Actual Loops": 7
                            },
                            {
                              "Node Type": "Hash",
                              "Parent Relationship": "Inner",
                              "Parallel Aware": true,
                              "Startup Cost": 45479.1,
                              "Total Cost": 45479.1,
                              "Plan Rows": 306412,
                              "Plan Width": 4,
                              "Actual Startup Time": 177.77,
                              "Actual Total Time": 177.771,
                              "Actual Rows": 186985,
                              "Actual Loops": 7,
                              "Hash Buckets": 2097152,
                              "Original Hash Buckets": 2097152,
                              "Hash Batches": 1,
                              "Original Hash Batches": 1,
                              "Peak Memory Usage": 67712,
                              "Plans": [
                                {
                                  "Node Type": "Seq Scan",
                                  "Parent Relationship": "Outer",
                                  "Parallel Aware": true,
                                  "Relation Name": "title",
                                  "Alias": "t",
                                  "Startup Cost": 0.0,
                                  "Total Cost": 45479.1,
                                  "Plan Rows": 306412,
                                  "Plan Width": 4,
                                  "Actual Startup Time": 0.045,
                                  "Actual Total Time": 81.495,
                                  "Actual Rows": 186985,
                                  "Actual Loops": 7,
                                  "Filter": "((production_year > 1975) AND (kind_id = 7))",
                                  "Rows Removed by Filter": 174202
                                }
                              ]
                            }
                          ]
                        }
                      ]
                    }
                  ]
                }
              ]
            }
          ]
        }
      ]
    },
    "Planning Time": 1.265,
    "Triggers": [],
    "Execution Time": 1777.5
  }
]