{
    "Plan": {
        "Node Type": "Aggregate",
        "Strategy": "Plain",
        "Partial Mode": "Finalize",
        "Parallel Aware": false,
        "Startup Cost": 136427.63,
        "Total Cost": 136427.64,
        "Plan Rows": 1,
        "Plan Width": 8,
        "Actual Startup Time": 847.913,
        "Actual Total Time": 868.688,
        "Actual Rows": 1,
        "Actual Loops": 1,
        "Output": [
            "count(*)"
        ],
        "Plans": [
            {
                "Node Type": "Gather",
                "Parent Relationship": "Outer",
                "Parallel Aware": false,
                "Startup Cost": 136427.42,
                "Total Cost": 136427.63,
                "Plan Rows": 2,
                "Plan Width": 8,
                "Actual Startup Time": 836.593,
                "Actual Total Time": 868.677,
                "Actual Rows": 3,
                "Actual Loops": 1,
                "Output": [
                    "(PARTIAL count(*))"
                ],
                "Workers Planned": 2,
                "Workers Launched": 2,
                "Single Copy": false,
                "Plans": [
                    {
                        "Node Type": "Aggregate",
                        "Strategy": "Plain",
                        "Partial Mode": "Partial",
                        "Parent Relationship": "Outer",
                        "Parallel Aware": false,
                        "Startup Cost": 135427.42,
                        "Total Cost": 135427.43,
                        "Plan Rows": 1,
                        "Plan Width": 8,
                        "Actual Startup Time": 827.837,
                        "Actual Total Time": 827.844,
                        "Actual Rows": 1,
                        "Actual Loops": 3,
                        "Output": [
                            "PARTIAL count(*)"
                        ],
                        "Workers": [
                            {
                                "Worker Number": 0,
                                "Actual Startup Time": 823.338,
                                "Actual Total Time": 823.345,
                                "Actual Rows": 1,
                                "Actual Loops": 1
                            },
                            {
                                "Worker Number": 1,
                                "Actual Startup Time": 824.746,
                                "Actual Total Time": 824.753,
                                "Actual Rows": 1,
                                "Actual Loops": 1
                            }
                        ],
                        "Plans": [
                            {
                                "Node Type": "Hash Join",
                                "Parent Relationship": "Outer",
                                "Parallel Aware": true,
                                "Join Type": "Inner",
                                "Startup Cost": 123910.99,
                                "Total Cost": 135379.05,
                                "Plan Rows": 19347,
                                "Plan Width": 0,
                                "Actual Startup Time": 698.794,
                                "Actual Total Time": 826.406,
                                "Actual Rows": 24558,
                                "Actual Loops": 3,
                                "Inner Unique": false,
                                "Hash Cond": "(t.id = mc.movie_id)",
                                "Workers": [
                                    {
                                        "Worker Number": 0,
                                        "Actual Startup Time": 695.085,
                                        "Actual Total Time": 821.882,
                                        "Actual Rows": 21130,
                                        "Actual Loops": 1
                                    },
                                    {
                                        "Worker Number": 1,
                                        "Actual Startup Time": 694.692,
                                        "Actual Total Time": 823.214,
                                        "Actual Rows": 21951,
                                        "Actual Loops": 1
                                    }
                                ],
                                "Plans": [
                                    {
                                        "Node Type": "Hash Join",
                                        "Parent Relationship": "Outer",
                                        "Parallel Aware": true,
                                        "Join Type": "Inner",
                                        "Startup Cost": 81578.04,
                                        "Total Cost": 92404.25,
                                        "Plan Rows": 115890,
                                        "Plan Width": 8,
                                        "Actual Startup Time": 453.845,
                                        "Actual Total Time": 559.172,
                                        "Actual Rows": 47302,
                                        "Actual Loops": 3,
                                        "Output": [
                                            "t.id",
                                            "mi_idx.movie_id"
                                        ],
                                        "Inner Unique": true,
                                        "Hash Cond": "(mi_idx.movie_id = t.id)",
                                        "Workers": [
                                            {
                                                "Worker Number": 0,
                                                "Actual Startup Time": 453.932,
                                                "Actual Total Time": 558.937,
                                                "Actual Rows": 40187,
                                                "Actual Loops": 1
                                            },
                                            {
                                                "Worker Number": 1,
                                                "Actual Startup Time": 453.821,
                                                "Actual Total Time": 559.715,
                                                "Actual Rows": 40616,
                                                "Actual Loops": 1
                                            }
                                        ],
                                        "Plans": [
                                            {
                                                "Node Type": "Bitmap Heap Scan",
                                                "Parent Relationship": "Outer",
                                                "Parallel Aware": true,
                                                "Relation Name": "movie_info_idx",
                                                "Schema": "public",
                                                "Alias": "mi_idx",
                                                "Startup Cost": 8295.89,
                                                "Total Cost": 18620.32,
                                                "Plan Rows": 191154,
                                                "Plan Width": 4,
                                                "Actual Startup Time": 15.872,
                                                "Actual Total Time": 47.948,
                                                "Actual Rows": 153308,
                                                "Actual Loops": 3,
                                                "Output": [
                                                    "mi_idx.id",
                                                    "mi_idx.movie_id",
                                                    "mi_idx.info_type_id",
                                                    "mi_idx.info",
                                                    "mi_idx.note"
                                                ],
                                                "Recheck Cond": "(mi_idx.info_type_id = 99)",
                                                "Rows Removed by Index Recheck": 0,
                                                "Exact Heap Blocks": 3395,
                                                "Lossy Heap Blocks": 0,
                                                "Workers": [
                                                    {
                                                        "Worker Number": 0,
                                                        "Actual Startup Time": 15.953,
                                                        "Actual Total Time": 48.591,
                                                        "Actual Rows": 131091,
                                                        "Actual Loops": 1
                                                    },
                                                    {
                                                        "Worker Number": 1,
                                                        "Actual Startup Time": 15.836,
                                                        "Actual Total Time": 48.356,
                                                        "Actual Rows": 132071,
                                                        "Actual Loops": 1
                                                    }
                                                ],
                                                "Plans": [
                                                    {
                                                        "Node Type": "Bitmap Index Scan",
                                                        "Parent Relationship": "Outer",
                                                        "Parallel Aware": false,
                                                        "Index Name": "info_type_id_movie_info_idx",
                                                        "Startup Cost": 0.0,
                                                        "Total Cost": 8181.2,
                                                        "Plan Rows": 458770,
                                                        "Plan Width": 0,
                                                        "Actual Startup Time": 14.729,
                                                        "Actual Total Time": 14.73,
                                                        "Actual Rows": 459925,
                                                        "Actual Loops": 1,
                                                        "Index Cond": "(mi_idx.info_type_id = 99)"
                                                    }
                                                ]
                                            },
                                            {
                                                "Node Type": "Hash",
                                                "Parent Relationship": "Inner",
                                                "Parallel Aware": true,
                                                "Startup Cost": 68492.03,
                                                "Total Cost": 68492.03,
                                                "Plan Rows": 383209,
                                                "Plan Width": 4,
                                                "Actual Startup Time": 432.42,
                                                "Actual Total Time": 432.422,
                                                "Actual Rows": 514421,
                                                "Actual Loops": 3,
                                                "Output": [
                                                    "t.id"
                                                ],
                                                "Hash Buckets": 2097152,
                                                "Original Hash Buckets": 2097152,
                                                "Hash Batches": 1,
                                                "Original Hash Batches": 1,
                                                "Peak Memory Usage": 76832,
                                                "Workers": [
                                                    {
                                                        "Worker Number": 0,
                                                        "Actual Startup Time": 421.644,
                                                        "Actual Total Time": 421.646,
                                                        "Actual Rows": 472257,
                                                        "Actual Loops": 1
                                                    },
                                                    {
                                                        "Worker Number": 1,
                                                        "Actual Startup Time": 437.724,
                                                        "Actual Total Time": 437.725,
                                                        "Actual Rows": 446646,
                                                        "Actual Loops": 1
                                                    }
                                                ],
                                                "Plans": [
                                                    {
                                                        "Node Type": "Bitmap Heap Scan",
                                                        "Parent Relationship": "Outer",
                                                        "Parallel Aware": true,
                                                        "Relation Name": "title",
                                                        "Schema": "public",
                                                        "Alias": "t",
                                                        "Startup Cost": 27703.92,
                                                        "Total Cost": 68492.03,
                                                        "Plan Rows": 383209,
                                                        "Plan Width": 4,
                                                        "Actual Startup Time": 82.494,
                                                        "Actual Total Time": 226.841,
                                                        "Actual Rows": 514421,
                                                        "Actual Loops": 3,
                                                        "Output": [
                                                            "t.id"
                                                        ],
                                                        "Recheck Cond": "(t.kind_id = 7)",
                                                        "Rows Removed by Index Recheck": 0,
                                                        "Exact Heap Blocks": 10012,
                                                        "Lossy Heap Blocks": 0,
                                                        "Workers": [
                                                            {
                                                                "Worker Number": 0,
                                                                "Actual Startup Time": 82.355,
                                                                "Actual Total Time": 230.378,
                                                                "Actual Rows": 472257,
                                                                "Actual Loops": 1
                                                            },
                                                            {
                                                                "Worker Number": 1,
                                                                "Actual Startup Time": 82.554,
                                                                "Actual Total Time": 229.07,
                                                                "Actual Rows": 446646,
                                                                "Actual Loops": 1
                                                            }
                                                        ],
                                                        "Plans": [
                                                            {
                                                                "Node Type": "Bitmap Index Scan",
                                                                "Parent Relationship": "Outer",
                                                                "Parallel Aware": false,
                                                                "Index Name": "kind_id_title",
                                                                "Startup Cost": 0.0,
                                                                "Total Cost": 27320.71,
                                                                "Plan Rows": 1532837,
                                                                "Plan Width": 0,
                                                                "Actual Startup Time": 76.43,
                                                                "Actual Total Time": 76.431,
                                                                "Actual Rows": 1543264,
                                                                "Actual Loops": 1,
                                                                "Index Cond": "(t.kind_id = 7)",
                                                                "Workers": [
                                                                    {
                                                                        "Worker Number": 0,
                                                                        "Actual Startup Time": 76.43,
                                                                        "Actual Total Time": 76.431,
                                                                        "Actual Rows": 1543264,
                                                                        "Actual Loops": 1
                                                                    }
                                                                ]
                                                            }
                                                        ]
                                                    }
                                                ]
                                            }
                                        ]
                                    },
                                    {
                                        "Node Type": "Hash",
                                        "Parent Relationship": "Inner",
                                        "Parallel Aware": true,
                                        "Startup Cost": 40631.0,
                                        "Total Cost": 40631.0,
                                        "Plan Rows": 136156,
                                        "Plan Width": 4,
                                        "Actual Startup Time": 241.41,
                                        "Actual Total Time": 241.411,
                                        "Actual Rows": 248664,
                                        "Actual Loops": 3,
                                        "Output": [
                                            "mc.movie_id"
                                        ],
                                        "Hash Buckets": 1048576,
                                        "Original Hash Buckets": 524288,
                                        "Hash Batches": 1,
                                        "Original Hash Batches": 1,
                                        "Peak Memory Usage": 41536,
                                        "Workers": [
                                            {
                                                "Worker Number": 0,
                                                "Actual Startup Time": 240.348,
                                                "Actual Total Time": 240.349,
                                                "Actual Rows": 212047,
                                                "Actual Loops": 1
                                            },
                                            {
                                                "Worker Number": 1,
                                                "Actual Startup Time": 240.263,
                                                "Actual Total Time": 240.265,
                                                "Actual Rows": 212440,
                                                "Actual Loops": 1
                                            }
                                        ],
                                        "Plans": [
                                            {
                                                "Node Type": "Bitmap Heap Scan",
                                                "Parent Relationship": "Outer",
                                                "Parallel Aware": true,
                                                "Relation Name": "movie_companies",
                                                "Schema": "public",
                                                "Alias": "mc",
                                                "Startup Cost": 17835.1,
                                                "Total Cost": 40631.0,
                                                "Plan Rows": 136156,
                                                "Plan Width": 4,
                                                "Actual Startup Time": 85.162,
                                                "Actual Total Time": 149.259,
                                                "Actual Rows": 248664,
                                                "Actual Loops": 3,
                                                "Output": [
                                                    "mc.movie_id"
                                                ],
                                                "Recheck Cond": "(mc.company_id > 27302)",
                                                "Rows Removed by Index Recheck": 0,
                                                "Filter": "(mc.company_type_id > 1)",
                                                "Rows Removed by Filter": 28201,
                                                "Exact Heap Blocks": 7949,
                                                "Lossy Heap Blocks": 0,
                                                "Workers": [
                                                    {
                                                        "Worker Number": 0,
                                                        "Actual Startup Time": 84.039,
                                                        "Actual Total Time": 150.525,
                                                        "Actual Rows": 212047,
                                                        "Actual Loops": 1
                                                    },
                                                    {
                                                        "Worker Number": 1,
                                                        "Actual Startup Time": 84.014,
                                                        "Actual Total Time": 150.709,
                                                        "Actual Rows": 212440,
                                                        "Actual Loops": 1
                                                    }
                                                ],
                                                "Plans": [
                                                    {
                                                        "Node Type": "Bitmap Index Scan",
                                                        "Parent Relationship": "Outer",
                                                        "Parallel Aware": false,
                                                        "Index Name": "company_id_movie_companies",
                                                        "Startup Cost": 0.0,
                                                        "Total Cost": 17729.58,
                                                        "Plan Rows": 827886,
                                                        "Plan Width": 0,
                                                        "Actual Startup Time": 51.642,
                                                        "Actual Total Time": 51.642,
                                                        "Actual Rows": 830597,
                                                        "Actual Loops": 1,
                                                        "Index Cond": "(mc.company_id > 27302)"
                                                    }
                                                ]
                                            }
                                        ]
                                    }
                                ]
                            }
                        ]
                    }
                ]
            }
        ]
    },
    "Planning Time": 3.59,
    "Triggers": [],
    "Execution Time": 869.233
}