[
  {
    "Plan": {
      "Node Type": "Aggregate",
      "Strategy": "Plain",
      "Partial Mode": "Simple",
      "Parallel Aware": false,
      "Startup Cost": 9672.84,
      "Total Cost": 9672.85,
      "Plan Rows": 1,
      "Plan Width": 8,
      "Actual Startup Time": 5.08,
      "Actual Total Time": 5.081,
      "Actual Rows": 1,
      "Actual Loops": 1,
      "Plans": [
        {
          "Node Type": "Index Only Scan",
          "Parent Relationship": "Outer",
          "Parallel Aware": false,
          "Scan Direction": "Forward",
          "Index Name": "company_id_movie_companies",
          "Relation Name": "movie_companies",
          "Alias": "mc",
          "Startup Cost": 0.43,
          "Total Cost": 9662.62,
          "Plan Rows": 4088,
          "Plan Width": 0,
          "Actual Startup Time": 0.082,
          "Actual Total Time": 4.534,
          "Actual Rows": 4279,
          "Actual Loops": 1,
          "Index Cond": "(company_id = 69)",
          "Rows Removed by Index Recheck": 0,
          "Heap Fetches": 4279
        }
      ]
    },
    "Planning Time": 0.095,
    "Triggers": [],
    "Execution Time": 5.11
  }
]