[
  {
    "Plan": {
      "Node Type": "Aggregate",
      "Strategy": "Plain",
      "Partial Mode": "Finalize",
      "Parallel Aware": false,
      "Startup Cost": 261034.24,
      "Total Cost": 261034.25,
      "Plan Rows": 1,
      "Plan Width": 8,
      "Actual Startup Time": 1281.315,
      "Actual Total Time": 1335.996,
      "Actual Rows": 1,
      "Actual Loops": 1,
      "Plans": [
        {
          "Node Type": "Gather",
          "Parent Relationship": "Outer",
          "Parallel Aware": false,
          "Startup Cost": 261033.71,
          "Total Cost": 261034.22,
          "Plan Rows": 5,
          "Plan Width": 8,
          "Actual Startup Time": 1266.357,
          "Actual Total Time": 1335.983,
          "Actual Rows": 6,
          "Actual Loops": 1,
          "Workers Planned": 5,
          "Workers Launched": 5,
          "Single Copy": false,
          "Plans": [
            {
              "Node Type": "Aggregate",
              "Strategy": "Plain",
              "Partial Mode": "Partial",
              "Parent Relationship": "Outer",
              "Parallel Aware": false,
              "Startup Cost": 260033.71,
              "Total Cost": 260033.72,
              "Plan Rows": 1,
              "Plan Width": 8,
              "Actual Startup Time": 1253.431,
              "Actual Total Time": 1253.434,
              "Actual Rows": 1,
              "Actual Loops": 6,
              "Plans": [
                {
                  "Node Type": "Hash Join",
                  "Parent Relationship": "Outer",
                  "Parallel Aware": true,
                  "Join Type": "Inner",
                  "Startup Cost": 48857.97,
                  "Total Cost": 255519.32,
                  "Plan Rows": 1805758,
                  "Plan Width": 0,
                  "Actual Startup Time": 217.551,
                  "Actual Total Time": 1197.856,
                  "Actual Rows": 1276359,
                  "Actual Loops": 6,
                  "Inner Unique": true,
                  "Hash Cond": "(mi.movie_id = t.id)",
                  "Plans": [
                    {
                      "Node Type": "Seq Scan",
                      "Parent Relationship": "Outer",
                      "Parallel Aware": true,
                      "Relation Name": "movie_info",
                      "Alias": "mi",
                      "Startup Cost": 0.0,
                      "Total Cost": 199108.24,
                      "Plan Rows": 2877369,
                      "Plan Width": 4,
                      "Actual Startup Time": 0.031,
                      "Actual Total Time": 383.423,
                      "Actual Rows": 2395014,
                      "Actual Loops": 6,
                      "Filter": "(info_type_id < 104)",
                      "Rows Removed by Filter": 77606
                    },
                    {
                      "Node Type": "Hash",
                      "Parent Relationship": "Inner",
                      "Parallel Aware": true,
                      "Startup Cost": 43899.32,
                      "Total Cost": 43899.32,
                      "Plan Rows": 396692,
                      "Plan Width": 4,
                      "Actual Startup Time": 211.514,
                      "Actual Total Time": 211.515,
                      "Actual Rows": 261761,
                      "Actual Loops": 6,
                      "Hash Buckets": 2097152,
                      "Original Hash Buckets": 2097152,
                      "Hash Batches": 1,
                      "Original Hash Batches": 1,
                      "Peak Memory Usage": 77920,
                      "Plans": [
                        {
                          "Node Type": "Seq Scan",
                          "Parent Relationship": "Outer",
                          "Parallel Aware": true,
                          "Relation Name": "title",
                          "Alias": "t",
                          "Startup Cost": 0.0,
                          "Total Cost": 43899.32,
                          "Plan Rows": 396692,
                          "Plan Width": 4,
                          "Actual Startup Time": 0.038,
                          "Actual Total Time": 92.158,
                          "Actual Rows": 261761,
                          "Actual Loops": 6,
                          "Filter": "(production_year > 1996)",
                          "Rows Removed by Filter": 159624
                        }
                      ]
                    }
                  ]
                }
              ]
            }
          ]
        }
      ]
    },
    "Planning Time": 0.716,
    "Triggers": [],
    "Execution Time": 1336.098
  }
]