[
  {
    "Plan": {
      "Node Type": "Aggregate",
      "Strategy": "Plain",
      "Partial Mode": "Finalize",
      "Parallel Aware": false,
      "Startup Cost": 31516.13,
      "Total Cost": 31516.14,
      "Plan Rows": 1,
      "Plan Width": 8,
      "Actual Startup Time": 106.73,
      "Actual Total Time": 114.637,
      "Actual Rows": 1,
      "Actual Loops": 1,
      "Plans": [
        {
          "Node Type": "Gather",
          "Parent Relationship": "Outer",
          "Parallel Aware": false,
          "Startup Cost": 31515.82,
          "Total Cost": 31516.13,
          "Plan Rows": 3,
          "Plan Width": 8,
          "Actual Startup Time": 106.608,
          "Actual Total Time": 114.632,
          "Actual Rows": 4,
          "Actual Loops": 1,
          "Workers Planned": 3,
          "Workers Launched": 3,
          "Single Copy": false,
          "Plans": [
            {
              "Node Type": "Aggregate",
              "Strategy": "Plain",
              "Partial Mode": "Partial",
              "Parent Relationship": "Outer",
              "Parallel Aware": false,
              "Startup Cost": 30515.82,
              "Total Cost": 30515.83,
              "Plan Rows": 1,
              "Plan Width": 8,
              "Actual Startup Time": 98.95,
              "Actual Total Time": 98.952,
              "Actual Rows": 1,
              "Actual Loops": 4,
              "Plans": [
                {
                  "Node Type": "Seq Scan",
                  "Parent Relationship": "Outer",
                  "Parallel Aware": true,
                  "Relation Name": "movie_companies",
                  "Alias": "mc",
                  "Startup Cost": 0.0,
                  "Total Cost": 29310.68,
                  "Plan Rows": 482054,
                  "Plan Width": 0,
                  "Actual Startup Time": 5.761,
                  "Actual Total Time": 80.816,
                  "Actual Rows": 371702,
                  "Actual Loops": 4,
                  "Filter": "(company_id > 7890)",
                  "Rows Removed by Filter": 280581
                }
              ]
            }
          ]
        }
      ]
    },
    "Planning Time": 0.08,
    "Triggers": [],
    "Execution Time": 114.663
  }
]