[
    {
        "Bao": {
            "Bao prediction": 329.285,
            "Bao recommended hint": "SET enable_mergejoin TO off; SET enable_indexscan TO off; "
        }
    },
    {
        "Plan": {
            "Node Type": "Aggregate",
            "Strategy": "Plain",
            "Partial Mode": "Finalize",
            "Parallel Aware": false,
            "Startup Cost": 67412.19,
            "Total Cost": 67412.2,
            "Plan Rows": 1,
            "Plan Width": 64,
            "Actual Startup Time": 311.647,
            "Actual Total Time": 337.676,
            "Actual Rows": 1,
            "Actual Loops": 1,
            "Output": [
                "min((kt.kind)::text)",
                "min(t.title)"
            ],
            "Plans": [
                {
                    "Node Type": "Gather",
                    "Parent Relationship": "Outer",
                    "Parallel Aware": false,
                    "Startup Cost": 67411.76,
                    "Total Cost": 67412.17,
                    "Plan Rows": 4,
                    "Plan Width": 64,
                    "Actual Startup Time": 311.096,
                    "Actual Total Time": 337.663,
                    "Actual Rows": 5,
                    "Actual Loops": 1,
                    "Output": [
                        "(PARTIAL min((kt.kind)::text))",
                        "(PARTIAL min(t.title))"
                    ],
                    "Workers Planned": 4,
                    "Workers Launched": 4,
                    "Single Copy": false,
                    "Plans": [
                        {
                            "Node Type": "Aggregate",
                            "Strategy": "Plain",
                            "Partial Mode": "Partial",
                            "Parent Relationship": "Outer",
                            "Parallel Aware": false,
                            "Startup Cost": 66411.76,
                            "Total Cost": 66411.77,
                            "Plan Rows": 1,
                            "Plan Width": 64,
                            "Actual Startup Time": 297.092,
                            "Actual Total Time": 297.107,
                            "Actual Rows": 1,
                            "Actual Loops": 5,
                            "Output": [
                                "PARTIAL min((kt.kind)::text)",
                                "PARTIAL min(t.title)"
                            ],
                            "Workers": [
                                {
                                    "Worker Number": 0,
                                    "Actual Startup Time": 293.618,
                                    "Actual Total Time": 293.635,
                                    "Actual Rows": 1,
                                    "Actual Loops": 1
                                },
                                {
                                    "Worker Number": 1,
                                    "Actual Startup Time": 293.681,
                                    "Actual Total Time": 293.694,
                                    "Actual Rows": 1,
                                    "Actual Loops": 1
                                },
                                {
                                    "Worker Number": 2,
                                    "Actual Startup Time": 294.572,
                                    "Actual Total Time": 294.585,
                                    "Actual Rows": 1,
                                    "Actual Loops": 1
                                },
                                {
                                    "Worker Number": 3,
                                    "Actual Startup Time": 294.72,
                                    "Actual Total Time": 294.733,
                                    "Actual Rows": 1,
                                    "Actual Loops": 1
                                }
                            ],
                            "Plans": [
                                {
                                    "Node Type": "Nested Loop",
                                    "Parent Relationship": "Outer",
                                    "Parallel Aware": false,
                                    "Join Type": "Inner",
                                    "Startup Cost": 3242.02,
                                    "Total Cost": 66411.75,
                                    "Plan Rows": 1,
                                    "Plan Width": 27,
                                    "Actual Startup Time": 270.779,
                                    "Actual Total Time": 297.022,
                                    "Actual Rows": 126,
                                    "Actual Loops": 5,
                                    "Output": [
                                        "kt.kind",
                                        "t.title"
                                    ],
                                    "Inner Unique": true,
                                    "Workers": [
                                        {
                                            "Worker Number": 0,
                                            "Actual Startup Time": 259.173,
                                            "Actual Total Time": 293.253,
                                            "Actual Rows": 612,
                                            "Actual Loops": 1
                                        },
                                        {
                                            "Worker Number": 1,
                                            "Actual Startup Time": 293.677,
                                            "Actual Total Time": 293.689,
                                            "Actual Rows": 0,
                                            "Actual Loops": 1
                                        },
                                        {
                                            "Worker Number": 2,
                                            "Actual Startup Time": 294.567,
                                            "Actual Total Time": 294.579,
                                            "Actual Rows": 0,
                                            "Actual Loops": 1
                                        },
                                        {
                                            "Worker Number": 3,
                                            "Actual Startup Time": 294.714,
                                            "Actual Total Time": 294.726,
                                            "Actual Rows": 0,
                                            "Actual Loops": 1
                                        }
                                    ],
                                    "Plans": [
                                        {
                                            "Node Type": "Nested Loop",
                                            "Parent Relationship": "Outer",
                                            "Parallel Aware": false,
                                            "Join Type": "Inner",
                                            "Startup Cost": 3241.59,
                                            "Total Cost": 66407.31,
                                            "Plan Rows": 1,
                                            "Plan Width": 31,
                                            "Actual Startup Time": 270.757,
                                            "Actual Total Time": 295.855,
                                            "Actual Rows": 126,
                                            "Actual Loops": 5,
                                            "Output": [
                                                "mk.keyword_id",
                                                "t.title",
                                                "kt.kind"
                                            ],
                                            "Inner Unique": true,
                                            "Join Filter": "(mc.company_type_id = ct.id)",
                                            "Rows Removed by Join Filter": 123,
                                            "Workers": [
                                                {
                                                    "Worker Number": 0,
                                                    "Actual Startup Time": 259.115,
                                                    "Actual Total Time": 287.768,
                                                    "Actual Rows": 612,
                                                    "Actual Loops": 1
                                                },
                                                {
                                                    "Worker Number": 1,
                                                    "Actual Startup Time": 293.675,
                                                    "Actual Total Time": 293.687,
                                                    "Actual Rows": 0,
                                                    "Actual Loops": 1
                                                },
                                                {
                                                    "Worker Number": 2,
                                                    "Actual Startup Time": 294.566,
                                                    "Actual Total Time": 294.577,
                                                    "Actual Rows": 0,
                                                    "Actual Loops": 1
                                                },
                                                {
                                                    "Worker Number": 3,
                                                    "Actual Startup Time": 294.713,
                                                    "Actual Total Time": 294.724,
                                                    "Actual Rows": 0,
                                                    "Actual Loops": 1
                                                }
                                            ],
                                            "Plans": [
                                                {
                                                    "Node Type": "Nested Loop",
                                                    "Parent Relationship": "Outer",
                                                    "Parallel Aware": false,
                                                    "Join Type": "Inner",
                                                    "Startup Cost": 3241.59,
                                                    "Total Cost": 66406.22,
                                                    "Plan Rows": 1,
                                                    "Plan Width": 35,
                                                    "Actual Startup Time": 270.748,
                                                    "Actual Total Time": 295.342,
                                                    "Actual Rows": 126,
                                                    "Actual Loops": 5,
                                                    "Output": [
                                                        "mc.company_type_id",
                                                        "mk.keyword_id",
                                                        "t.title",
                                                        "kt.kind"
                                                    ],
                                                    "Inner Unique": true,
                                                    "Workers": [
                                                        {
                                                            "Worker Number": 0,
                                                            "Actual Startup Time": 259.08,
                                                            "Actual Total Time": 285.283,
                                                            "Actual Rows": 612,
                                                            "Actual Loops": 1
                                                        },
                                                        {
                                                            "Worker Number": 1,
                                                            "Actual Startup Time": 293.675,
                                                            "Actual Total Time": 293.686,
                                                            "Actual Rows": 0,
                                                            "Actual Loops": 1
                                                        },
                                                        {
                                                            "Worker Number": 2,
                                                            "Actual Startup Time": 294.565,
                                                            "Actual Total Time": 294.576,
                                                            "Actual Rows": 0,
                                                            "Actual Loops": 1
                                                        },
                                                        {
                                                            "Worker Number": 3,
                                                            "Actual Startup Time": 294.713,
                                                            "Actual Total Time": 294.723,
                                                            "Actual Rows": 0,
                                                            "Actual Loops": 1
                                                        }
                                                    ],
                                                    "Plans": [
                                                        {
                                                            "Node Type": "Nested Loop",
                                                            "Parent Relationship": "Outer",
                                                            "Parallel Aware": false,
                                                            "Join Type": "Inner",
                                                            "Startup Cost": 3241.16,
                                                            "Total Cost": 66401.78,
                                                            "Plan Rows": 1,
                                                            "Plan Width": 39,
                                                            "Actual Startup Time": 270.725,
                                                            "Actual Total Time": 294.394,
                                                            "Actual Rows": 126,
                                                            "Actual Loops": 5,
                                                            "Output": [
                                                                "mc.company_id",
                                                                "mc.company_type_id",
                                                                "mk.keyword_id",
                                                                "t.title",
                                                                "kt.kind"
                                                            ],
                                                            "Inner Unique": false,
                                                            "Join Filter": "(t.id = mc.movie_id)",
                                                            "Rows Removed by Join Filter": 0,
                                                            "Workers": [
                                                                {
                                                                    "Worker Number": 0,
                                                                    "Actual Startup Time": 259.007,
                                                                    "Actual Total Time": 280.763,
                                                                    "Actual Rows": 612,
                                                                    "Actual Loops": 1
                                                                },
                                                                {
                                                                    "Worker Number": 1,
                                                                    "Actual Startup Time": 293.674,
                                                                    "Actual Total Time": 293.684,
                                                                    "Actual Rows": 0,
                                                                    "Actual Loops": 1
                                                                },
                                                                {
                                                                    "Worker Number": 2,
                                                                    "Actual Startup Time": 294.564,
                                                                    "Actual Total Time": 294.575,
                                                                    "Actual Rows": 0,
                                                                    "Actual Loops": 1
                                                                },
                                                                {
                                                                    "Worker Number": 3,
                                                                    "Actual Startup Time": 294.712,
                                                                    "Actual Total Time": 294.722,
                                                                    "Actual Rows": 0,
                                                                    "Actual Loops": 1
                                                                }
                                                            ],
                                                            "Plans": [
                                                                {
                                                                    "Node Type": "Nested Loop",
                                                                    "Parent Relationship": "Outer",
                                                                    "Parallel Aware": false,
                                                                    "Join Type": "Inner",
                                                                    "Startup Cost": 3240.68,
                                                                    "Total Cost": 66397.17,
                                                                    "Plan Rows": 1,
                                                                    "Plan Width": 47,
                                                                    "Actual Startup Time": 270.697,
                                                                    "Actual Total Time": 293.426,
                                                                    "Actual Rows": 125,
                                                                    "Actual Loops": 5,
                                                                    "Output": [
                                                                        "cc.movie_id",
                                                                        "mi.movie_id",
                                                                        "mk.movie_id",
                                                                        "mk.keyword_id",
                                                                        "t.title",
                                                                        "t.id",
                                                                        "kt.kind"
                                                                    ],
                                                                    "Inner Unique": false,
                                                                    "Workers": [
                                                                        {
                                                                            "Worker Number": 0,
                                                                            "Actual Startup Time": 258.93,
                                                                            "Actual Total Time": 276.155,
                                                                            "Actual Rows": 612,
                                                                            "Actual Loops": 1
                                                                        },
                                                                        {
                                                                            "Worker Number": 1,
                                                                            "Actual Startup Time": 293.673,
                                                                            "Actual Total Time": 293.682,
                                                                            "Actual Rows": 0,
                                                                            "Actual Loops": 1
                                                                        },
                                                                        {
                                                                            "Worker Number": 2,
                                                                            "Actual Startup Time": 294.563,
                                                                            "Actual Total Time": 294.573,
                                                                            "Actual Rows": 0,
                                                                            "Actual Loops": 1
                                                                        },
                                                                        {
                                                                            "Worker Number": 3,
                                                                            "Actual Startup Time": 294.711,
                                                                            "Actual Total Time": 294.72,
                                                                            "Actual Rows": 0,
                                                                            "Actual Loops": 1
                                                                        }
                                                                    ],
                                                                    "Plans": [
                                                                        {
                                                                            "Node Type": "Hash Join",
                                                                            "Parent Relationship": "Outer",
                                                                            "Parallel Aware": false,
                                                                            "Join Type": "Inner",
                                                                            "Startup Cost": 3239.84,
                                                                            "Total Cost": 66391.3,
                                                                            "Plan Rows": 1,
                                                                            "Plan Width": 39,
                                                                            "Actual Startup Time": 270.663,
                                                                            "Actual Total Time": 293.31,
                                                                            "Actual Rows": 1,
                                                                            "Actual Loops": 5,
                                                                            "Output": [
                                                                                "cc.movie_id",
                                                                                "mi.movie_id",
                                                                                "t.title",
                                                                                "t.id",
                                                                                "kt.kind"
                                                                            ],
                                                                            "Inner Unique": true,
                                                                            "Hash Cond": "(mi.info_type_id = it1.id)",
                                                                            "Workers": [
                                                                                {
                                                                                    "Worker Number": 0,
                                                                                    "Actual Startup Time": 258.823,
                                                                                    "Actual Total Time": 275.72,
                                                                                    "Actual Rows": 4,
                                                                                    "Actual Loops": 1
                                                                                },
                                                                                {
                                                                                    "Worker Number": 1,
                                                                                    "Actual Startup Time": 293.672,
                                                                                    "Actual Total Time": 293.679,
                                                                                    "Actual Rows": 0,
                                                                                    "Actual Loops": 1
                                                                                },
                                                                                {
                                                                                    "Worker Number": 2,
                                                                                    "Actual Startup Time": 294.563,
                                                                                    "Actual Total Time": 294.571,
                                                                                    "Actual Rows": 0,
                                                                                    "Actual Loops": 1
                                                                                },
                                                                                {
                                                                                    "Worker Number": 3,
                                                                                    "Actual Startup Time": 294.71,
                                                                                    "Actual Total Time": 294.718,
                                                                                    "Actual Rows": 0,
                                                                                    "Actual Loops": 1
                                                                                }
                                                                            ],
                                                                            "Plans": [
                                                                                {
                                                                                    "Node Type": "Nested Loop",
                                                                                    "Parent Relationship": "Outer",
                                                                                    "Parallel Aware": false,
                                                                                    "Join Type": "Inner",
                                                                                    "Startup Cost": 3237.42,
                                                                                    "Total Cost": 66388.86,
                                                                                    "Plan Rows": 3,
                                                                                    "Plan Width": 43,
                                                                                    "Actual Startup Time": 270.204,
                                                                                    "Actual Total Time": 292.848,
                                                                                    "Actual Rows": 1,
                                                                                    "Actual Loops": 5,
                                                                                    "Output": [
                                                                                        "cc.movie_id",
                                                                                        "mi.movie_id",
                                                                                        "mi.info_type_id",
                                                                                        "t.title",
                                                                                        "t.id",
                                                                                        "kt.kind"
                                                                                    ],
                                                                                    "Inner Unique": false,
                                                                                    "Workers": [
                                                                                        {
                                                                                            "Worker Number": 0,
                                                                                            "Actual Startup Time": 258.313,
                                                                                            "Actual Total Time": 275.205,
                                                                                            "Actual Rows": 4,
                                                                                            "Actual Loops": 1
                                                                                        },
                                                                                        {
                                                                                            "Worker Number": 1,
                                                                                            "Actual Startup Time": 293.149,
                                                                                            "Actual Total Time": 293.155,
                                                                                            "Actual Rows": 0,
                                                                                            "Actual Loops": 1
                                                                                        },
                                                                                        {
                                                                                            "Worker Number": 2,
                                                                                            "Actual Startup Time": 293.987,
                                                                                            "Actual Total Time": 293.994,
                                                                                            "Actual Rows": 0,
                                                                                            "Actual Loops": 1
                                                                                        },
                                                                                        {
                                                                                            "Worker Number": 3,
                                                                                            "Actual Startup Time": 294.228,
                                                                                            "Actual Total Time": 294.234,
                                                                                            "Actual Rows": 0,
                                                                                            "Actual Loops": 1
                                                                                        }
                                                                                    ],
                                                                                    "Plans": [
                                                                                        {
                                                                                            "Node Type": "Hash Join",
                                                                                            "Parent Relationship": "Outer",
                                                                                            "Parallel Aware": false,
                                                                                            "Join Type": "Inner",
                                                                                            "Startup Cost": 3236.54,
                                                                                            "Total Cost": 48733.17,
                                                                                            "Plan Rows": 3094,
                                                                                            "Plan Width": 35,
                                                                                            "Actual Startup Time": 162.796,
                                                                                            "Actual Total Time": 216.015,
                                                                                            "Actual Rows": 536,
                                                                                            "Actual Loops": 5,
                                                                                            "Output": [
                                                                                                "cc.movie_id",
                                                                                                "t.title",
                                                                                                "t.id",
                                                                                                "kt.kind"
                                                                                            ],
                                                                                            "Inner Unique": true,
                                                                                            "Hash Cond": "(t.kind_id = kt.id)",
                                                                                            "Workers": [
                                                                                                {
                                                                                                    "Worker Number": 0,
                                                                                                    "Actual Startup Time": 159.399,
                                                                                                    "Actual Total Time": 207.007,
                                                                                                    "Actual Rows": 467,
                                                                                                    "Actual Loops": 1
                                                                                                },
                                                                                                {
                                                                                                    "Worker Number": 1,
                                                                                                    "Actual Startup Time": 159.459,
                                                                                                    "Actual Total Time": 216.128,
                                                                                                    "Actual Rows": 543,
                                                                                                    "Actual Loops": 1
                                                                                                },
                                                                                                {
                                                                                                    "Worker Number": 2,
                                                                                                    "Actual Startup Time": 160.012,
                                                                                                    "Actual Total Time": 214.53,
                                                                                                    "Actual Rows": 556,
                                                                                                    "Actual Loops": 1
                                                                                                },
                                                                                                {
                                                                                                    "Worker Number": 3,
                                                                                                    "Actual Startup Time": 160.178,
                                                                                                    "Actual Total Time": 215.776,
                                                                                                    "Actual Rows": 568,
                                                                                                    "Actual Loops": 1
                                                                                                }
                                                                                            ],
                                                                                            "Plans": [
                                                                                                {
                                                                                                    "Node Type": "Hash Join",
                                                                                                    "Parent Relationship": "Outer",
                                                                                                    "Parallel Aware": false,
                                                                                                    "Join Type": "Inner",
                                                                                                    "Startup Cost": 3235.39,
                                                                                                    "Total Cost": 48709.19,
                                                                                                    "Plan Rows": 5415,
                                                                                                    "Plan Width": 29,
                                                                                                    "Actual Startup Time": 50.475,
                                                                                                    "Actual Total Time": 215.546,
                                                                                                    "Actual Rows": 752,
                                                                                                    "Actual Loops": 5,
                                                                                                    "Output": [
                                                                                                        "cc.movie_id",
                                                                                                        "t.title",
                                                                                                        "t.kind_id",
                                                                                                        "t.id"
                                                                                                    ],
                                                                                                    "Inner Unique": false,
                                                                                                    "Hash Cond": "(t.id = cc.movie_id)",
                                                                                                    "Workers": [
                                                                                                        {
                                                                                                            "Worker Number": 0,
                                                                                                            "Actual Startup Time": 47.765,
                                                                                                            "Actual Total Time": 206.574,
                                                                                                            "Actual Rows": 655,
                                                                                                            "Actual Loops": 1
                                                                                                        },
                                                                                                        {
                                                                                                            "Worker Number": 1,
                                                                                                            "Actual Startup Time": 55.721,
                                                                                                            "Actual Total Time": 215.642,
                                                                                                            "Actual Rows": 738,
                                                                                                            "Actual Loops": 1
                                                                                                        },
                                                                                                        {
                                                                                                            "Worker Number": 2,
                                                                                                            "Actual Startup Time": 46.934,
                                                                                                            "Actual Total Time": 214.066,
                                                                                                            "Actual Rows": 772,
                                                                                                            "Actual Loops": 1
                                                                                                        },
                                                                                                        {
                                                                                                            "Worker Number": 3,
                                                                                                            "Actual Startup Time": 49.306,
                                                                                                            "Actual Total Time": 215.291,
                                                                                                            "Actual Rows": 804,
                                                                                                            "Actual Loops": 1
                                                                                                        }
                                                                                                    ],
                                                                                                    "Plans": [
                                                                                                        {
                                                                                                            "Node Type": "Seq Scan",
                                                                                                            "Parent Relationship": "Outer",
                                                                                                            "Parallel Aware": true,
                                                                                                            "Relation Name": "title",
                                                                                                            "Schema": "public",
                                                                                                            "Alias": "t",
                                                                                                            "Startup Cost": 0.0,
                                                                                                            "Total Cost": 43899.32,
                                                                                                            "Plan Rows": 405421,
                                                                                                            "Plan Width": 25,
                                                                                                            "Actual Startup Time": 0.069,
                                                                                                            "Actual Total Time": 114.607,
                                                                                                            "Actual Rows": 321415,
                                                                                                            "Actual Loops": 5,
                                                                                                            "Output": [
                                                                                                                "t.id",
                                                                                                                "t.title",
                                                                                                                "t.imdb_index",
                                                                                                                "t.kind_id",
                                                                                                                "t.production_year",
                                                                                                                "t.imdb_id",
                                                                                                                "t.phonetic_code",
                                                                                                                "t.episode_of_id",
                                                                                                                "t.season_nr",
                                                                                                                "t.episode_nr",
                                                                                                                "t.series_years",
                                                                                                                "t.md5sum"
                                                                                                            ],
                                                                                                            "Filter": "(t.production_year > 1995)",
                                                                                                            "Rows Removed by Filter": 184247,
                                                                                                            "Workers": [
                                                                                                                {
                                                                                                                    "Worker Number": 0,
                                                                                                                    "Actual Startup Time": 0.081,
                                                                                                                    "Actual Total Time": 110.066,
                                                                                                                    "Actual Rows": 307736,
                                                                                                                    "Actual Loops": 1
                                                                                                                },
                                                                                                                {
                                                                                                                    "Worker Number": 1,
                                                                                                                    "Actual Startup Time": 0.081,
                                                                                                                    "Actual Total Time": 110.711,
                                                                                                                    "Actual Rows": 305259,
                                                                                                                    "Actual Loops": 1
                                                                                                                },
                                                                                                                {
                                                                                                                    "Worker Number": 2,
                                                                                                                    "Actual Startup Time": 0.079,
                                                                                                                    "Actual Total Time": 116.172,
                                                                                                                    "Actual Rows": 324762,
                                                                                                                    "Actual Loops": 1
                                                                                                                },
                                                                                                                {
                                                                                                                    "Worker Number": 3,
                                                                                                                    "Actual Startup Time": 0.074,
                                                                                                                    "Actual Total Time": 115.815,
                                                                                                                    "Actual Rows": 325605,
                                                                                                                    "Actual Loops": 1
                                                                                                                }
                                                                                                            ]
                                                                                                        },
                                                                                                        {
                                                                                                            "Node Type": "Hash",
                                                                                                            "Parent Relationship": "Inner",
                                                                                                            "Parallel Aware": false,
                                                                                                            "Startup Cost": 2813.24,
                                                                                                            "Total Cost": 2813.24,
                                                                                                            "Plan Rows": 33772,
                                                                                                            "Plan Width": 4,
                                                                                                            "Actual Startup Time": 49.141,
                                                                                                            "Actual Total Time": 49.145,
                                                                                                            "Actual Rows": 24592,
                                                                                                            "Actual Loops": 5,
                                                                                                            "Output": [
                                                                                                                "cc.movie_id"
                                                                                                            ],
                                                                                                            "Hash Buckets": 65536,
                                                                                                            "Original Hash Buckets": 65536,
                                                                                                            "Hash Batches": 1,
                                                                                                            "Original Hash Batches": 1,
                                                                                                            "Peak Memory Usage": 1377,
                                                                                                            "Workers": [
                                                                                                                {
                                                                                                                    "Worker Number": 0,
                                                                                                                    "Actual Startup Time": 46.619,
                                                                                                                    "Actual Total Time": 46.623,
                                                                                                                    "Actual Rows": 24592,
                                                                                                                    "Actual Loops": 1
                                                                                                                },
                                                                                                                {
                                                                                                                    "Worker Number": 1,
                                                                                                                    "Actual Startup Time": 54.059,
                                                                                                                    "Actual Total Time": 54.062,
                                                                                                                    "Actual Rows": 24592,
                                                                                                                    "Actual Loops": 1
                                                                                                                },
                                                                                                                {
                                                                                                                    "Worker Number": 2,
                                                                                                                    "Actual Startup Time": 45.735,
                                                                                                                    "Actual Total Time": 45.739,
                                                                                                                    "Actual Rows": 24592,
                                                                                                                    "Actual Loops": 1
                                                                                                                },
                                                                                                                {
                                                                                                                    "Worker Number": 3,
                                                                                                                    "Actual Startup Time": 47.75,
                                                                                                                    "Actual Total Time": 47.753,
                                                                                                                    "Actual Rows": 24592,
                                                                                                                    "Actual Loops": 1
                                                                                                                }
                                                                                                            ],
                                                                                                            "Plans": [
                                                                                                                {
                                                                                                                    "Node Type": "Hash Join",
                                                                                                                    "Parent Relationship": "Outer",
                                                                                                                    "Parallel Aware": false,
                                                                                                                    "Join Type": "Inner",
                                                                                                                    "Startup Cost": 1.06,
                                                                                                                    "Total Cost": 2813.24,
                                                                                                                    "Plan Rows": 33772,
                                                                                                                    "Plan Width": 4,
                                                                                                                    "Actual Startup Time": 0.229,
                                                                                                                    "Actual Total Time": 42.16,
                                                                                                                    "Actual Rows": 24592,
                                                                                                                    "Actual Loops": 5,
                                                                                                                    "Output": [
                                                                                                                        "cc.movie_id"
                                                                                                                    ],
                                                                                                                    "Inner Unique": true,
                                                                                                                    "Hash Cond": "(cc.status_id = cct1.id)",
                                                                                                                    "Workers": [
                                                                                                                        {
                                                                                                                            "Worker Number": 0,
                                                                                                                            "Actual Startup Time": 0.288,
                                                                                                                            "Actual Total Time": 39.936,
                                                                                                                            "Actual Rows": 24592,
                                                                                                                            "Actual Loops": 1
                                                                                                                        },
                                                                                                                        {
                                                                                                                            "Worker Number": 1,
                                                                                                                            "Actual Startup Time": 0.301,
                                                                                                                            "Actual Total Time": 46.21,
                                                                                                                            "Actual Rows": 24592,
                                                                                                                            "Actual Loops": 1
                                                                                                                        },
                                                                                                                        {
                                                                                                                            "Worker Number": 2,
                                                                                                                            "Actual Startup Time": 0.204,
                                                                                                                            "Actual Total Time": 39.364,
                                                                                                                            "Actual Rows": 24592,
                                                                                                                            "Actual Loops": 1
                                                                                                                        },
                                                                                                                        {
                                                                                                                            "Worker Number": 3,
                                                                                                                            "Actual Startup Time": 0.217,
                                                                                                                            "Actual Total Time": 41.066,
                                                                                                                            "Actual Rows": 24592,
                                                                                                                            "Actual Loops": 1
                                                                                                                        }
                                                                                                                    ],
                                                                                                                    "Plans": [
                                                                                                                        {
                                                                                                                            "Node Type": "Seq Scan",
                                                                                                                            "Parent Relationship": "Outer",
                                                                                                                            "Parallel Aware": false,
                                                                                                                            "Relation Name": "complete_cast",
                                                                                                                            "Schema": "public",
                                                                                                                            "Alias": "cc",
                                                                                                                            "Startup Cost": 0.0,
                                                                                                                            "Total Cost": 2081.86,
                                                                                                                            "Plan Rows": 135086,
                                                                                                                            "Plan Width": 8,
                                                                                                                            "Actual Startup Time": 0.082,
                                                                                                                            "Actual Total Time": 19.929,
                                                                                                                            "Actual Rows": 135086,
                                                                                                                            "Actual Loops": 5,
                                                                                                                            "Output": [
                                                                                                                                "cc.id",
                                                                                                                                "cc.movie_id",
                                                                                                                                "cc.subject_id",
                                                                                                                                "cc.status_id"
                                                                                                                            ],
                                                                                                                            "Workers": [
                                                                                                                                {
                                                                                                                                    "Worker Number": 0,
                                                                                                                                    "Actual Startup Time": 0.115,
                                                                                                                                    "Actual Total Time": 18.727,
                                                                                                                                    "Actual Rows": 135086,
                                                                                                                                    "Actual Loops": 1
                                                                                                                                },
                                                                                                                                {
                                                                                                                                    "Worker Number": 1,
                                                                                                                                    "Actual Startup Time": 0.119,
                                                                                                                                    "Actual Total Time": 21.178,
                                                                                                                                    "Actual Rows": 135086,
                                                                                                                                    "Actual Loops": 1
                                                                                                                                },
                                                                                                                                {
                                                                                                                                    "Worker Number": 2,
                                                                                                                                    "Actual Startup Time": 0.07,
                                                                                                                                    "Actual Total Time": 18.467,
                                                                                                                                    "Actual Rows": 135086,
                                                                                                                                    "Actual Loops": 1
                                                                                                                                },
                                                                                                                                {
                                                                                                                                    "Worker Number": 3,
                                                                                                                                    "Actual Startup Time": 0.073,
                                                                                                                                    "Actual Total Time": 19.879,
                                                                                                                                    "Actual Rows": 135086,
                                                                                                                                    "Actual Loops": 1
                                                                                                                                }
                                                                                                                            ]
                                                                                                                        },
                                                                                                                        {
                                                                                                                            "Node Type": "Hash",
                                                                                                                            "Parent Relationship": "Inner",
                                                                                                                            "Parallel Aware": false,
                                                                                                                            "Startup Cost": 1.05,
                                                                                                                            "Total Cost": 1.05,
                                                                                                                            "Plan Rows": 1,
                                                                                                                            "Plan Width": 4,
                                                                                                                            "Actual Startup Time": 0.086,
                                                                                                                            "Actual Total Time": 0.088,
                                                                                                                            "Actual Rows": 1,
                                                                                                                            "Actual Loops": 5,
                                                                                                                            "Output": [
                                                                                                                                "cct1.id"
                                                                                                                            ],
                                                                                                                            "Hash Buckets": 1024,
                                                                                                                            "Original Hash Buckets": 1024,
                                                                                                                            "Hash Batches": 1,
                                                                                                                            "Original Hash Batches": 1,
                                                                                                                            "Peak Memory Usage": 9,
                                                                                                                            "Workers": [
                                                                                                                                {
                                                                                                                                    "Worker Number": 0,
                                                                                                                                    "Actual Startup Time": 0.111,
                                                                                                                                    "Actual Total Time": 0.112,
                                                                                                                                    "Actual Rows": 1,
                                                                                                                                    "Actual Loops": 1
                                                                                                                                },
                                                                                                                                {
                                                                                                                                    "Worker Number": 1,
                                                                                                                                    "Actual Startup Time": 0.117,
                                                                                                                                    "Actual Total Time": 0.118,
                                                                                                                                    "Actual Rows": 1,
                                                                                                                                    "Actual Loops": 1
                                                                                                                                },
                                                                                                                                {
                                                                                                                                    "Worker Number": 2,
                                                                                                                                    "Actual Startup Time": 0.084,
                                                                                                                                    "Actual Total Time": 0.085,
                                                                                                                                    "Actual Rows": 1,
                                                                                                                                    "Actual Loops": 1
                                                                                                                                },
                                                                                                                                {
                                                                                                                                    "Worker Number": 3,
                                                                                                                                    "Actual Startup Time": 0.088,
                                                                                                                                    "Actual Total Time": 0.089,
                                                                                                                                    "Actual Rows": 1,
                                                                                                                                    "Actual Loops": 1
                                                                                                                                }
                                                                                                                            ],
                                                                                                                            "Plans": [
                                                                                                                                {
                                                                                                                                    "Node Type": "Seq Scan",
                                                                                                                                    "Parent Relationship": "Outer",
                                                                                                                                    "Parallel Aware": false,
                                                                                                                                    "Relation Name": "comp_cast_type",
                                                                                                                                    "Schema": "public",
                                                                                                                                    "Alias": "cct1",
                                                                                                                                    "Startup Cost": 0.0,
                                                                                                                                    "Total Cost": 1.05,
                                                                                                                                    "Plan Rows": 1,
                                                                                                                                    "Plan Width": 4,
                                                                                                                                    "Actual Startup Time": 0.068,
                                                                                                                                    "Actual Total Time": 0.07,
                                                                                                                                    "Actual Rows": 1,
                                                                                                                                    "Actual Loops": 5,
                                                                                                                                    "Output": [
                                                                                                                                        "cct1.id"
                                                                                                                                    ],
                                                                                                                                    "Filter": "((cct1.kind)::text = 'complete+verified'::text)",
                                                                                                                                    "Rows Removed by Filter": 3,
                                                                                                                                    "Workers": [
                                                                                                                                        {
                                                                                                                                            "Worker Number": 0,
                                                                                                                                            "Actual Startup Time": 0.09,
                                                                                                                                            "Actual Total Time": 0.093,
                                                                                                                                            "Actual Rows": 1,
                                                                                                                                            "Actual Loops": 1
                                                                                                                                        },
                                                                                                                                        {
                                                                                                                                            "Worker Number": 1,
                                                                                                                                            "Actual Startup Time": 0.095,
                                                                                                                                            "Actual Total Time": 0.098,
                                                                                                                                            "Actual Rows": 1,
                                                                                                                                            "Actual Loops": 1
                                                                                                                                        },
                                                                                                                                        {
                                                                                                                                            "Worker Number": 2,
                                                                                                                                            "Actual Startup Time": 0.068,
                                                                                                                                            "Actual Total Time": 0.07,
                                                                                                                                            "Actual Rows": 1,
                                                                                                                                            "Actual Loops": 1
                                                                                                                                        },
                                                                                                                                        {
                                                                                                                                            "Worker Number": 3,
                                                                                                                                            "Actual Startup Time": 0.071,
                                                                                                                                            "Actual Total Time": 0.072,
                                                                                                                                            "Actual Rows": 1,
                                                                                                                                            "Actual Loops": 1
                                                                                                                                        }
                                                                                                                                    ]
                                                                                                                                }
                                                                                                                            ]
                                                                                                                        }
                                                                                                                    ]
                                                                                                                }
                                                                                                            ]
                                                                                                        }
                                                                                                    ]
                                                                                                },
                                                                                                {
                                                                                                    "Node Type": "Hash",
                                                                                                    "Parent Relationship": "Inner",
                                                                                                    "Parallel Aware": false,
                                                                                                    "Startup Cost": 1.1,
                                                                                                    "Total Cost": 1.1,
                                                                                                    "Plan Rows": 4,
                                                                                                    "Plan Width": 14,
                                                                                                    "Actual Startup Time": 0.064,
                                                                                                    "Actual Total Time": 0.065,
                                                                                                    "Actual Rows": 4,
                                                                                                    "Actual Loops": 5,
                                                                                                    "Output": [
                                                                                                        "kt.kind",
                                                                                                        "kt.id"
                                                                                                    ],
                                                                                                    "Hash Buckets": 1024,
                                                                                                    "Original Hash Buckets": 1024,
                                                                                                    "Hash Batches": 1,
                                                                                                    "Original Hash Batches": 1,
                                                                                                    "Peak Memory Usage": 9,
                                                                                                    "Workers": [
                                                                                                        {
                                                                                                            "Worker Number": 0,
                                                                                                            "Actual Startup Time": 0.074,
                                                                                                            "Actual Total Time": 0.074,
                                                                                                            "Actual Rows": 4,
                                                                                                            "Actual Loops": 1
                                                                                                        },
                                                                                                        {
                                                                                                            "Worker Number": 1,
                                                                                                            "Actual Startup Time": 0.076,
                                                                                                            "Actual Total Time": 0.077,
                                                                                                            "Actual Rows": 4,
                                                                                                            "Actual Loops": 1
                                                                                                        },
                                                                                                        {
                                                                                                            "Worker Number": 2,
                                                                                                            "Actual Startup Time": 0.062,
                                                                                                            "Actual Total Time": 0.062,
                                                                                                            "Actual Rows": 4,
                                                                                                            "Actual Loops": 1
                                                                                                        },
                                                                                                        {
                                                                                                            "Worker Number": 3,
                                                                                                            "Actual Startup Time": 0.07,
                                                                                                            "Actual Total Time": 0.071,
                                                                                                            "Actual Rows": 4,
                                                                                                            "Actual Loops": 1
                                                                                                        }
                                                                                                    ],
                                                                                                    "Plans": [
                                                                                                        {
                                                                                                            "Node Type": "Seq Scan",
                                                                                                            "Parent Relationship": "Outer",
                                                                                                            "Parallel Aware": false,
                                                                                                            "Relation Name": "kind_type",
                                                                                                            "Schema": "public",
                                                                                                            "Alias": "kt",
                                                                                                            "Startup Cost": 0.0,
                                                                                                            "Total Cost": 1.1,
                                                                                                            "Plan Rows": 4,
                                                                                                            "Plan Width": 14,
                                                                                                            "Actual Startup Time": 0.043,
                                                                                                            "Actual Total Time": 0.05,
                                                                                                            "Actual Rows": 4,
                                                                                                            "Actual Loops": 5,
                                                                                                            "Output": [
                                                                                                                "kt.kind",
                                                                                                                "kt.id"
                                                                                                            ],
                                                                                                            "Filter": "((kt.kind)::text = ANY ('{movie,\"tv movie\",\"video movie\",\"video game\"}'::text[]))",
                                                                                                            "Rows Removed by Filter": 3,
                                                                                                            "Workers": [
                                                                                                                {
                                                                                                                    "Worker Number": 0,
                                                                                                                    "Actual Startup Time": 0.051,
                                                                                                                    "Actual Total Time": 0.059,
                                                                                                                    "Actual Rows": 4,
                                                                                                                    "Actual Loops": 1
                                                                                                                },
                                                                                                                {
                                                                                                                    "Worker Number": 1,
                                                                                                                    "Actual Startup Time": 0.053,
                                                                                                                    "Actual Total Time": 0.061,
                                                                                                                    "Actual Rows": 4,
                                                                                                                    "Actual Loops": 1
                                                                                                                },
                                                                                                                {
                                                                                                                    "Worker Number": 2,
                                                                                                                    "Actual Startup Time": 0.044,
                                                                                                                    "Actual Total Time": 0.049,
                                                                                                                    "Actual Rows": 4,
                                                                                                                    "Actual Loops": 1
                                                                                                                },
                                                                                                                {
                                                                                                                    "Worker Number": 3,
                                                                                                                    "Actual Startup Time": 0.05,
                                                                                                                    "Actual Total Time": 0.056,
                                                                                                                    "Actual Rows": 4,
                                                                                                                    "Actual Loops": 1
                                                                                                                }
                                                                                                            ]
                                                                                                        }
                                                                                                    ]
                                                                                                }
                                                                                            ]
                                                                                        },
                                                                                        {
                                                                                            "Node Type": "Bitmap Heap Scan",
                                                                                            "Parent Relationship": "Inner",
                                                                                            "Parallel Aware": false,
                                                                                            "Relation Name": "movie_info",
                                                                                            "Schema": "public",
                                                                                            "Alias": "mi",
                                                                                            "Startup Cost": 0.88,
                                                                                            "Total Cost": 5.7,
                                                                                            "Plan Rows": 1,
                                                                                            "Plan Width": 8,
                                                                                            "Actual Startup Time": 0.14,
                                                                                            "Actual Total Time": 0.14,
                                                                                            "Actual Rows": 0,
                                                                                            "Actual Loops": 2678,
                                                                                            "Output": [
                                                                                                "mi.id",
                                                                                                "mi.movie_id",
                                                                                                "mi.info_type_id",
                                                                                                "mi.info",
                                                                                                "mi.note"
                                                                                            ],
                                                                                            "Recheck Cond": "(mi.movie_id = t.id)",
                                                                                            "Rows Removed by Index Recheck": 0,
                                                                                            "Filter": "((mi.info IS NOT NULL) AND (mi.note ~~ '%internet%'::text) AND ((mi.info ~~ 'USA:% 199%'::text) OR (mi.info ~~ 'USA:% 200%'::text)))",
                                                                                            "Rows Removed by Filter": 156,
                                                                                            "Exact Heap Blocks": 11276,
                                                                                            "Lossy Heap Blocks": 0,
                                                                                            "Workers": [
                                                                                                {
                                                                                                    "Worker Number": 0,
                                                                                                    "Actual Startup Time": 0.143,
                                                                                                    "Actual Total Time": 0.143,
                                                                                                    "Actual Rows": 0,
                                                                                                    "Actual Loops": 467
                                                                                                },
                                                                                                {
                                                                                                    "Worker Number": 1,
                                                                                                    "Actual Startup Time": 0.139,
                                                                                                    "Actual Total Time": 0.139,
                                                                                                    "Actual Rows": 0,
                                                                                                    "Actual Loops": 543
                                                                                                },
                                                                                                {
                                                                                                    "Worker Number": 2,
                                                                                                    "Actual Startup Time": 0.14,
                                                                                                    "Actual Total Time": 0.14,
                                                                                                    "Actual Rows": 0,
                                                                                                    "Actual Loops": 556
                                                                                                },
                                                                                                {
                                                                                                    "Worker Number": 3,
                                                                                                    "Actual Startup Time": 0.135,
                                                                                                    "Actual Total Time": 0.135,
                                                                                                    "Actual Rows": 0,
                                                                                                    "Actual Loops": 568
                                                                                                }
                                                                                            ],
                                                                                            "Plans": [
                                                                                                {
                                                                                                    "Node Type": "Bitmap Index Scan",
                                                                                                    "Parent Relationship": "Outer",
                                                                                                    "Parallel Aware": false,
                                                                                                    "Index Name": "movie_id_movie_info",
                                                                                                    "Startup Cost": 0.0,
                                                                                                    "Total Cost": 0.88,
                                                                                                    "Plan Rows": 41,
                                                                                                    "Plan Width": 0,
                                                                                                    "Actual Startup Time": 0.025,
                                                                                                    "Actual Total Time": 0.025,
                                                                                                    "Actual Rows": 156,
                                                                                                    "Actual Loops": 2678,
                                                                                                    "Index Cond": "(mi.movie_id = t.id)",
                                                                                                    "Workers": [
                                                                                                        {
                                                                                                            "Worker Number": 0,
                                                                                                            "Actual Startup Time": 0.025,
                                                                                                            "Actual Total Time": 0.025,
                                                                                                            "Actual Rows": 155,
                                                                                                            "Actual Loops": 467
                                                                                                        },
                                                                                                        {
                                                                                                            "Worker Number": 1,
                                                                                                            "Actual Startup Time": 0.025,
                                                                                                            "Actual Total Time": 0.025,
                                                                                                            "Actual Rows": 152,
                                                                                                            "Actual Loops": 543
                                                                                                        },
                                                                                                        {
                                                                                                            "Worker Number": 2,
                                                                                                            "Actual Startup Time": 0.025,
                                                                                                            "Actual Total Time": 0.025,
                                                                                                            "Actual Rows": 153,
                                                                                                            "Actual Loops": 556
                                                                                                        },
                                                                                                        {
                                                                                                            "Worker Number": 3,
                                                                                                            "Actual Startup Time": 0.024,
                                                                                                            "Actual Total Time": 0.024,
                                                                                                            "Actual Rows": 151,
                                                                                                            "Actual Loops": 568
                                                                                                        }
                                                                                                    ]
                                                                                                }
                                                                                            ]
                                                                                        }
                                                                                    ]
                                                                                },
                                                                                {
                                                                                    "Node Type": "Hash",
                                                                                    "Parent Relationship": "Inner",
                                                                                    "Parallel Aware": false,
                                                                                    "Startup Cost": 2.41,
                                                                                    "Total Cost": 2.41,
                                                                                    "Plan Rows": 1,
                                                                                    "Plan Width": 4,
                                                                                    "Actual Startup Time": 0.106,
                                                                                    "Actual Total Time": 0.107,
                                                                                    "Actual Rows": 1,
                                                                                    "Actual Loops": 5,
                                                                                    "Output": [
                                                                                        "it1.id"
                                                                                    ],
                                                                                    "Hash Buckets": 1024,
                                                                                    "Original Hash Buckets": 1024,
                                                                                    "Hash Batches": 1,
                                                                                    "Original Hash Batches": 1,
                                                                                    "Peak Memory Usage": 9,
                                                                                    "Workers": [
                                                                                        {
                                                                                            "Worker Number": 0,
                                                                                            "Actual Startup Time": 0.121,
                                                                                            "Actual Total Time": 0.121,
                                                                                            "Actual Rows": 1,
                                                                                            "Actual Loops": 1
                                                                                        },
                                                                                        {
                                                                                            "Worker Number": 1,
                                                                                            "Actual Startup Time": 0.118,
                                                                                            "Actual Total Time": 0.119,
                                                                                            "Actual Rows": 1,
                                                                                            "Actual Loops": 1
                                                                                        },
                                                                                        {
                                                                                            "Worker Number": 2,
                                                                                            "Actual Startup Time": 0.106,
                                                                                            "Actual Total Time": 0.106,
                                                                                            "Actual Rows": 1,
                                                                                            "Actual Loops": 1
                                                                                        },
                                                                                        {
                                                                                            "Worker Number": 3,
                                                                                            "Actual Startup Time": 0.112,
                                                                                            "Actual Total Time": 0.112,
                                                                                            "Actual Rows": 1,
                                                                                            "Actual Loops": 1
                                                                                        }
                                                                                    ],
                                                                                    "Plans": [
                                                                                        {
                                                                                            "Node Type": "Seq Scan",
                                                                                            "Parent Relationship": "Outer",
                                                                                            "Parallel Aware": false,
                                                                                            "Relation Name": "info_type",
                                                                                            "Schema": "public",
                                                                                            "Alias": "it1",
                                                                                            "Startup Cost": 0.0,
                                                                                            "Total Cost": 2.41,
                                                                                            "Plan Rows": 1,
                                                                                            "Plan Width": 4,
                                                                                            "Actual Startup Time": 0.067,
                                                                                            "Actual Total Time": 0.086,
                                                                                            "Actual Rows": 1,
                                                                                            "Actual Loops": 5,
                                                                                            "Output": [
                                                                                                "it1.id"
                                                                                            ],
                                                                                            "Filter": "((it1.info)::text = 'release dates'::text)",
                                                                                            "Rows Removed by Filter": 112,
                                                                                            "Workers": [
                                                                                                {
                                                                                                    "Worker Number": 0,
                                                                                                    "Actual Startup Time": 0.079,
                                                                                                    "Actual Total Time": 0.098,
                                                                                                    "Actual Rows": 1,
                                                                                                    "Actual Loops": 1
                                                                                                },
                                                                                                {
                                                                                                    "Worker Number": 1,
                                                                                                    "Actual Startup Time": 0.075,
                                                                                                    "Actual Total Time": 0.095,
                                                                                                    "Actual Rows": 1,
                                                                                                    "Actual Loops": 1
                                                                                                },
                                                                                                {
                                                                                                    "Worker Number": 2,
                                                                                                    "Actual Startup Time": 0.071,
                                                                                                    "Actual Total Time": 0.087,
                                                                                                    "Actual Rows": 1,
                                                                                                    "Actual Loops": 1
                                                                                                },
                                                                                                {
                                                                                                    "Worker Number": 3,
                                                                                                    "Actual Startup Time": 0.074,
                                                                                                    "Actual Total Time": 0.091,
                                                                                                    "Actual Rows": 1,
                                                                                                    "Actual Loops": 1
                                                                                                }
                                                                                            ]
                                                                                        }
                                                                                    ]
                                                                                }
                                                                            ]
                                                                        },
                                                                        {
                                                                            "Node Type": "Bitmap Heap Scan",
                                                                            "Parent Relationship": "Inner",
                                                                            "Parallel Aware": false,
                                                                            "Relation Name": "movie_keyword",
                                                                            "Schema": "public",
                                                                            "Alias": "mk",
                                                                            "Startup Cost": 0.84,
                                                                            "Total Cost": 5.42,
                                                                            "Plan Rows": 46,
                                                                            "Plan Width": 8,
                                                                            "Actual Startup Time": 0.042,
                                                                            "Actual Total Time": 0.062,
                                                                            "Actual Rows": 104,
                                                                            "Actual Loops": 6,
                                                                            "Output": [
                                                                                "mk.id",
                                                                                "mk.movie_id",
                                                                                "mk.keyword_id"
                                                                            ],
                                                                            "Recheck Cond": "(mk.movie_id = t.id)",
                                                                            "Rows Removed by Index Recheck": 0,
                                                                            "Exact Heap Blocks": 2,
                                                                            "Lossy Heap Blocks": 0,
                                                                            "Workers": [
                                                                                {
                                                                                    "Worker Number": 0,
                                                                                    "Actual Startup Time": 0.037,
                                                                                    "Actual Total Time": 0.066,
                                                                                    "Actual Rows": 153,
                                                                                    "Actual Loops": 4
                                                                                }
                                                                            ],
                                                                            "Plans": [
                                                                                {
                                                                                    "Node Type": "Bitmap Index Scan",
                                                                                    "Parent Relationship": "Outer",
                                                                                    "Parallel Aware": false,
                                                                                    "Index Name": "movie_id_movie_keyword",
                                                                                    "Startup Cost": 0.0,
                                                                                    "Total Cost": 0.83,
                                                                                    "Plan Rows": 46,
                                                                                    "Plan Width": 0,
                                                                                    "Actual Startup Time": 0.03,
                                                                                    "Actual Total Time": 0.03,
                                                                                    "Actual Rows": 104,
                                                                                    "Actual Loops": 6,
                                                                                    "Index Cond": "(mk.movie_id = t.id)",
                                                                                    "Workers": [
                                                                                        {
                                                                                            "Worker Number": 0,
                                                                                            "Actual Startup Time": 0.027,
                                                                                            "Actual Total Time": 0.027,
                                                                                            "Actual Rows": 153,
                                                                                            "Actual Loops": 4
                                                                                        }
                                                                                    ]
                                                                                }
                                                                            ]
                                                                        }
                                                                    ]
                                                                },
                                                                {
                                                                    "Node Type": "Bitmap Heap Scan",
                                                                    "Parent Relationship": "Inner",
                                                                    "Parallel Aware": false,
                                                                    "Relation Name": "movie_companies",
                                                                    "Schema": "public",
                                                                    "Alias": "mc",
                                                                    "Startup Cost": 0.48,
                                                                    "Total Cost": 4.54,
                                                                    "Plan Rows": 5,
                                                                    "Plan Width": 12,
                                                                    "Actual Startup Time": 0.005,
                                                                    "Actual Total Time": 0.005,
                                                                    "Actual Rows": 1,
                                                                    "Actual Loops": 625,
                                                                    "Output": [
                                                                        "mc.id",
                                                                        "mc.movie_id",
                                                                        "mc.company_id",
                                                                        "mc.company_type_id",
                                                                        "mc.note"
                                                                    ],
                                                                    "Recheck Cond": "(mc.movie_id = mk.movie_id)",
                                                                    "Rows Removed by Index Recheck": 0,
                                                                    "Exact Heap Blocks": 16,
                                                                    "Lossy Heap Blocks": 0,
                                                                    "Workers": [
                                                                        {
                                                                            "Worker Number": 0,
                                                                            "Actual Startup Time": 0.004,
                                                                            "Actual Total Time": 0.005,
                                                                            "Actual Rows": 1,
                                                                            "Actual Loops": 612
                                                                        }
                                                                    ],
                                                                    "Plans": [
                                                                        {
                                                                            "Node Type": "Bitmap Index Scan",
                                                                            "Parent Relationship": "Outer",
                                                                            "Parallel Aware": false,
                                                                            "Index Name": "movie_id_movie_companies",
                                                                            "Startup Cost": 0.0,
                                                                            "Total Cost": 0.48,
                                                                            "Plan Rows": 5,
                                                                            "Plan Width": 0,
                                                                            "Actual Startup Time": 0.003,
                                                                            "Actual Total Time": 0.003,
                                                                            "Actual Rows": 1,
                                                                            "Actual Loops": 625,
                                                                            "Index Cond": "(mc.movie_id = mk.movie_id)",
                                                                            "Workers": [
                                                                                {
                                                                                    "Worker Number": 0,
                                                                                    "Actual Startup Time": 0.003,
                                                                                    "Actual Total Time": 0.003,
                                                                                    "Actual Rows": 1,
                                                                                    "Actual Loops": 612
                                                                                }
                                                                            ]
                                                                        }
                                                                    ]
                                                                }
                                                            ]
                                                        },
                                                        {
                                                            "Node Type": "Bitmap Heap Scan",
                                                            "Parent Relationship": "Inner",
                                                            "Parallel Aware": false,
                                                            "Relation Name": "company_name",
                                                            "Schema": "public",
                                                            "Alias": "cn",
                                                            "Startup Cost": 0.43,
                                                            "Total Cost": 4.44,
                                                            "Plan Rows": 1,
                                                            "Plan Width": 4,
                                                            "Actual Startup Time": 0.005,
                                                            "Actual Total Time": 0.005,
                                                            "Actual Rows": 1,
                                                            "Actual Loops": 628,
                                                            "Output": [
                                                                "cn.id",
                                                                "cn.name",
                                                                "cn.country_code",
                                                                "cn.imdb_id",
                                                                "cn.name_pcode_nf",
                                                                "cn.name_pcode_sf",
                                                                "cn.md5sum"
                                                            ],
                                                            "Recheck Cond": "(cn.id = mc.company_id)",
                                                            "Rows Removed by Index Recheck": 0,
                                                            "Filter": "((cn.country_code)::text = '[us]'::text)",
                                                            "Rows Removed by Filter": 0,
                                                            "Exact Heap Blocks": 16,
                                                            "Lossy Heap Blocks": 0,
                                                            "Workers": [
                                                                {
                                                                    "Worker Number": 0,
                                                                    "Actual Startup Time": 0.005,
                                                                    "Actual Total Time": 0.005,
                                                                    "Actual Rows": 1,
                                                                    "Actual Loops": 612
                                                                }
                                                            ],
                                                            "Plans": [
                                                                {
                                                                    "Node Type": "Bitmap Index Scan",
                                                                    "Parent Relationship": "Outer",
                                                                    "Parallel Aware": false,
                                                                    "Index Name": "company_name_pkey",
                                                                    "Startup Cost": 0.0,
                                                                    "Total Cost": 0.43,
                                                                    "Plan Rows": 1,
                                                                    "Plan Width": 0,
                                                                    "Actual Startup Time": 0.003,
                                                                    "Actual Total Time": 0.003,
                                                                    "Actual Rows": 1,
                                                                    "Actual Loops": 628,
                                                                    "Index Cond": "(cn.id = mc.company_id)",
                                                                    "Workers": [
                                                                        {
                                                                            "Worker Number": 0,
                                                                            "Actual Startup Time": 0.003,
                                                                            "Actual Total Time": 0.003,
                                                                            "Actual Rows": 1,
                                                                            "Actual Loops": 612
                                                                        }
                                                                    ]
                                                                }
                                                            ]
                                                        }
                                                    ]
                                                },
                                                {
                                                    "Node Type": "Seq Scan",
                                                    "Parent Relationship": "Inner",
                                                    "Parallel Aware": false,
                                                    "Relation Name": "company_type",
                                                    "Schema": "public",
                                                    "Alias": "ct",
                                                    "Startup Cost": 0.0,
                                                    "Total Cost": 1.04,
                                                    "Plan Rows": 4,
                                                    "Plan Width": 4,
                                                    "Actual Startup Time": 0.001,
                                                    "Actual Total Time": 0.001,
                                                    "Actual Rows": 2,
                                                    "Actual Loops": 628,
                                                    "Output": [
                                                        "ct.id",
                                                        "ct.kind"
                                                    ],
                                                    "Workers": [
                                                        {
                                                            "Worker Number": 0,
                                                            "Actual Startup Time": 0.001,
                                                            "Actual Total Time": 0.001,
                                                            "Actual Rows": 2,
                                                            "Actual Loops": 612
                                                        }
                                                    ]
                                                }
                                            ]
                                        },
                                        {
                                            "Node Type": "Bitmap Heap Scan",
                                            "Parent Relationship": "Inner",
                                            "Parallel Aware": false,
                                            "Relation Name": "keyword",
                                            "Schema": "public",
                                            "Alias": "k",
                                            "Startup Cost": 0.43,
                                            "Total Cost": 4.44,
                                            "Plan Rows": 1,
                                            "Plan Width": 4,
                                            "Actual Startup Time": 0.006,
                                            "Actual Total Time": 0.006,
                                            "Actual Rows": 1,
                                            "Actual Loops": 628,
                                            "Output": [
                                                "k.id",
                                                "k.keyword",
                                                "k.phonetic_code"
                                            ],
                                            "Recheck Cond": "(k.id = mk.keyword_id)",
                                            "Rows Removed by Index Recheck": 0,
                                            "Exact Heap Blocks": 16,
                                            "Lossy Heap Blocks": 0,
                                            "Workers": [
                                                {
                                                    "Worker Number": 0,
                                                    "Actual Startup Time": 0.006,
                                                    "Actual Total Time": 0.006,
                                                    "Actual Rows": 1,
                                                    "Actual Loops": 612
                                                }
                                            ],
                                            "Plans": [
                                                {
                                                    "Node Type": "Bitmap Index Scan",
                                                    "Parent Relationship": "Outer",
                                                    "Parallel Aware": false,
                                                    "Index Name": "keyword_pkey",
                                                    "Startup Cost": 0.0,
                                                    "Total Cost": 0.43,
                                                    "Plan Rows": 1,
                                                    "Plan Width": 0,
                                                    "Actual Startup Time": 0.004,
                                                    "Actual Total Time": 0.004,
                                                    "Actual Rows": 1,
                                                    "Actual Loops": 628,
                                                    "Index Cond": "(k.id = mk.keyword_id)",
                                                    "Workers": [
                                                        {
                                                            "Worker Number": 0,
                                                            "Actual Startup Time": 0.004,
                                                            "Actual Total Time": 0.004,
                                                            "Actual Rows": 1,
                                                            "Actual Loops": 612
                                                        }
                                                    ]
                                                }
                                            ]
                                        }
                                    ]
                                }
                            ]
                        }
                    ]
                }
            ]
        },
        "Planning Time": 2187.446,
        "Triggers": [],
        "Execution Time": 339.058
    }
]