[
    {
        "Bao": {
            "Bao prediction": "NaN",
            "Bao recommended hint": "(no hint)"
        }
    },
    {
        "Plan": {
            "Node Type": "Aggregate",
            "Strategy": "Plain",
            "Partial Mode": "Finalize",
            "Parallel Aware": false,
            "Startup Cost": 251124.52,
            "Total Cost": 251124.53,
            "Plan Rows": 1,
            "Plan Width": 8,
            "Actual Startup Time": 989.194,
            "Actual Total Time": 1020.865,
            "Actual Rows": 1,
            "Actual Loops": 1,
            "Output": [
                "count(*)"
            ],
            "Plans": [
                {
                    "Node Type": "Gather",
                    "Parent Relationship": "Outer",
                    "Parallel Aware": false,
                    "Startup Cost": 251124.0,
                    "Total Cost": 251124.51,
                    "Plan Rows": 5,
                    "Plan Width": 8,
                    "Actual Startup Time": 984.551,
                    "Actual Total Time": 1020.846,
                    "Actual Rows": 6,
                    "Actual Loops": 1,
                    "Output": [
                        "(PARTIAL count(*))"
                    ],
                    "Workers Planned": 5,
                    "Workers Launched": 5,
                    "Single Copy": false,
                    "Plans": [
                        {
                            "Node Type": "Aggregate",
                            "Strategy": "Plain",
                            "Partial Mode": "Partial",
                            "Parent Relationship": "Outer",
                            "Parallel Aware": false,
                            "Startup Cost": 250124.0,
                            "Total Cost": 250124.01,
                            "Plan Rows": 1,
                            "Plan Width": 8,
                            "Actual Startup Time": 973.761,
                            "Actual Total Time": 973.768,
                            "Actual Rows": 1,
                            "Actual Loops": 6,
                            "Output": [
                                "PARTIAL count(*)"
                            ],
                            "Workers": [
                                {
                                    "Worker Number": 0,
                                    "Actual Startup Time": 971.884,
                                    "Actual Total Time": 971.888,
                                    "Actual Rows": 1,
                                    "Actual Loops": 1
                                },
                                {
                                    "Worker Number": 1,
                                    "Actual Startup Time": 971.301,
                                    "Actual Total Time": 971.305,
                                    "Actual Rows": 1,
                                    "Actual Loops": 1
                                },
                                {
                                    "Worker Number": 2,
                                    "Actual Startup Time": 971.301,
                                    "Actual Total Time": 971.306,
                                    "Actual Rows": 1,
                                    "Actual Loops": 1
                                },
                                {
                                    "Worker Number": 3,
                                    "Actual Startup Time": 971.897,
                                    "Actual Total Time": 971.902,
                                    "Actual Rows": 1,
                                    "Actual Loops": 1
                                },
                                {
                                    "Worker Number": 4,
                                    "Actual Startup Time": 972.309,
                                    "Actual Total Time": 972.313,
                                    "Actual Rows": 1,
                                    "Actual Loops": 1
                                }
                            ],
                            "Plans": [
                                {
                                    "Node Type": "Hash Join",
                                    "Parent Relationship": "Outer",
                                    "Parallel Aware": true,
                                    "Join Type": "Inner",
                                    "Startup Cost": 47294.32,
                                    "Total Cost": 249415.1,
                                    "Plan Rows": 283558,
                                    "Plan Width": 0,
                                    "Actual Startup Time": 211.707,
                                    "Actual Total Time": 943.319,
                                    "Actual Rows": 429890,
                                    "Actual Loops": 6,
                                    "Inner Unique": true,
                                    "Hash Cond": "(mi.movie_id = t.id)",
                                    "Workers": [
                                        {
                                            "Worker Number": 0,
                                            "Actual Startup Time": 209.322,
                                            "Actual Total Time": 941.611,
                                            "Actual Rows": 417325,
                                            "Actual Loops": 1
                                        },
                                        {
                                            "Worker Number": 1,
                                            "Actual Startup Time": 209.356,
                                            "Actual Total Time": 940.777,
                                            "Actual Rows": 419943,
                                            "Actual Loops": 1
                                        },
                                        {
                                            "Worker Number": 2,
                                            "Actual Startup Time": 209.347,
                                            "Actual Total Time": 940.941,
                                            "Actual Rows": 417862,
                                            "Actual Loops": 1
                                        },
                                        {
                                            "Worker Number": 3,
                                            "Actual Startup Time": 209.927,
                                            "Actual Total Time": 941.604,
                                            "Actual Rows": 417858,
                                            "Actual Loops": 1
                                        },
                                        {
                                            "Worker Number": 4,
                                            "Actual Startup Time": 210.352,
                                            "Actual Total Time": 943.252,
                                            "Actual Rows": 397413,
                                            "Actual Loops": 1
                                        }
                                    ],
                                    "Plans": [
                                        {
                                            "Node Type": "Seq Scan",
                                            "Parent Relationship": "Outer",
                                            "Parallel Aware": true,
                                            "Relation Name": "movie_info",
                                            "Schema": "public",
                                            "Alias": "mi",
                                            "Startup Cost": 0.0,
                                            "Total Cost": 198880.74,
                                            "Plan Rows": 1234303,
                                            "Plan Width": 4,
                                            "Actual Startup Time": 24.094,
                                            "Actual Total Time": 484.403,
                                            "Actual Rows": 1037249,
                                            "Actual Loops": 6,
                                            "Output": [
                                                "mi.id",
                                                "mi.movie_id",
                                                "mi.info_type_id",
                                                "mi.info",
                                                "mi.note"
                                            ],
                                            "Filter": "(mi.info_type_id > 8)",
                                            "Rows Removed by Filter": 1435371,
                                            "Workers": [
                                                {
                                                    "Worker Number": 0,
                                                    "Actual Startup Time": 24.056,
                                                    "Actual Total Time": 494.524,
                                                    "Actual Rows": 1005970,
                                                    "Actual Loops": 1
                                                },
                                                {
                                                    "Worker Number": 1,
                                                    "Actual Startup Time": 24.076,
                                                    "Actual Total Time": 494.824,
                                                    "Actual Rows": 1014860,
                                                    "Actual Loops": 1
                                                },
                                                {
                                                    "Worker Number": 2,
                                                    "Actual Startup Time": 24.095,
                                                    "Actual Total Time": 494.211,
                                                    "Actual Rows": 1011420,
                                                    "Actual Loops": 1
                                                },
                                                {
                                                    "Worker Number": 3,
                                                    "Actual Startup Time": 24.211,
                                                    "Actual Total Time": 492.982,
                                                    "Actual Rows": 1009219,
                                                    "Actual Loops": 1
                                                },
                                                {
                                                    "Worker Number": 4,
                                                    "Actual Startup Time": 23.992,
                                                    "Actual Total Time": 485.365,
                                                    "Actual Rows": 936572,
                                                    "Actual Loops": 1
                                                }
                                            ]
                                        },
                                        {
                                            "Node Type": "Hash",
                                            "Parent Relationship": "Inner",
                                            "Parallel Aware": true,
                                            "Startup Cost": 45479.21,
                                            "Total Cost": 45479.21,
                                            "Plan Rows": 145209,
                                            "Plan Width": 4,
                                            "Actual Startup Time": 163.011,
                                            "Actual Total Time": 163.014,
                                            "Actual Rows": 76784,
                                            "Actual Loops": 6,
                                            "Output": [
                                                "t.id"
                                            ],
                                            "Hash Buckets": 1048576,
                                            "Original Hash Buckets": 1048576,
                                            "Hash Batches": 1,
                                            "Original Hash Batches": 1,
                                            "Peak Memory Usage": 26304,
                                            "Workers": [
                                                {
                                                    "Worker Number": 0,
                                                    "Actual Startup Time": 163.14,
                                                    "Actual Total Time": 163.141,
                                                    "Actual Rows": 76497,
                                                    "Actual Loops": 1
                                                },
                                                {
                                                    "Worker Number": 1,
                                                    "Actual Startup Time": 163.119,
                                                    "Actual Total Time": 163.12,
                                                    "Actual Rows": 75839,
                                                    "Actual Loops": 1
                                                },
                                                {
                                                    "Worker Number": 2,
                                                    "Actual Startup Time": 163.06,
                                                    "Actual Total Time": 163.062,
                                                    "Actual Rows": 77893,
                                                    "Actual Loops": 1
                                                },
                                                {
                                                    "Worker Number": 3,
                                                    "Actual Startup Time": 163.887,
                                                    "Actual Total Time": 163.889,
                                                    "Actual Rows": 75418,
                                                    "Actual Loops": 1
                                                },
                                                {
                                                    "Worker Number": 4,
                                                    "Actual Startup Time": 164.173,
                                                    "Actual Total Time": 164.175,
                                                    "Actual Rows": 62722,
                                                    "Actual Loops": 1
                                                }
                                            ],
                                            "Plans": [
                                                {
                                                    "Node Type": "Seq Scan",
                                                    "Parent Relationship": "Outer",
                                                    "Parallel Aware": true,
                                                    "Relation Name": "title",
                                                    "Schema": "public",
                                                    "Alias": "t",
                                                    "Startup Cost": 0.0,
                                                    "Total Cost": 45479.21,
                                                    "Plan Rows": 145209,
                                                    "Plan Width": 4,
                                                    "Actual Startup Time": 54.857,
                                                    "Actual Total Time": 114.187,
                                                    "Actual Rows": 76784,
                                                    "Actual Loops": 6,
                                                    "Output": [
                                                        "t.id"
                                                    ],
                                                    "Filter": "((t.production_year > 1961) AND (t.kind_id = 1))",
                                                    "Rows Removed by Filter": 344602,
                                                    "Workers": [
                                                        {
                                                            "Worker Number": 0,
                                                            "Actual Startup Time": 64.562,
                                                            "Actual Total Time": 115.437,
                                                            "Actual Rows": 76497,
                                                            "Actual Loops": 1
                                                        },
                                                        {
                                                            "Worker Number": 1,
                                                            "Actual Startup Time": 64.696,
                                                            "Actual Total Time": 115.001,
                                                            "Actual Rows": 75839,
                                                            "Actual Loops": 1
                                                        },
                                                        {
                                                            "Worker Number": 2,
                                                            "Actual Startup Time": 64.558,
                                                            "Actual Total Time": 115.812,
                                                            "Actual Rows": 77893,
                                                            "Actual Loops": 1
                                                        },
                                                        {
                                                            "Worker Number": 3,
                                                            "Actual Startup Time": 64.473,
                                                            "Actual Total Time": 115.531,
                                                            "Actual Rows": 75418,
                                                            "Actual Loops": 1
                                                        },
                                                        {
                                                            "Worker Number": 4,
                                                            "Actual Startup Time": 64.594,
                                                            "Actual Total Time": 111.784,
                                                            "Actual Rows": 62722,
                                                            "Actual Loops": 1
                                                        }
                                                    ]
                                                }
                                            ]
                                        }
                                    ]
                                }
                            ]
                        }
                    ]
                }
            ]
        },
        "Planning Time": 313.743,
        "Triggers": [],
        "Execution Time": 1020.971
    }
]