[
  {
    "Plan": {
      "Node Type": "Aggregate",
      "Strategy": "Plain",
      "Partial Mode": "Finalize",
      "Parallel Aware": false,
      "Startup Cost": 45615.98,
      "Total Cost": 45615.99,
      "Plan Rows": 1,
      "Plan Width": 8,
      "Actual Startup Time": 144.436,
      "Actual Total Time": 154.896,
      "Actual Rows": 1,
      "Actual Loops": 1,
      "Plans": [
        {
          "Node Type": "Gather",
          "Parent Relationship": "Outer",
          "Parallel Aware": false,
          "Startup Cost": 45615.66,
          "Total Cost": 45615.97,
          "Plan Rows": 3,
          "Plan Width": 8,
          "Actual Startup Time": 144.249,
          "Actual Total Time": 154.885,
          "Actual Rows": 4,
          "Actual Loops": 1,
          "Workers Planned": 3,
          "Workers Launched": 3,
          "Single Copy": false,
          "Plans": [
            {
              "Node Type": "Aggregate",
              "Strategy": "Plain",
              "Partial Mode": "Partial",
              "Parent Relationship": "Outer",
              "Parallel Aware": false,
              "Startup Cost": 44615.66,
              "Total Cost": 44615.67,
              "Plan Rows": 1,
              "Plan Width": 8,
              "Actual Startup Time": 140.725,
              "Actual Total Time": 140.726,
              "Actual Rows": 1,
              "Actual Loops": 4,
              "Plans": [
                {
                  "Node Type": "Seq Scan",
                  "Parent Relationship": "Outer",
                  "Parallel Aware": true,
                  "Relation Name": "movie_keyword",
                  "Alias": "mk",
                  "Startup Cost": 0.0,
                  "Total Cost": 42695.65,
                  "Plan Rows": 768003,
                  "Plan Width": 0,
                  "Actual Startup Time": 0.273,
                  "Actual Total Time": 113.203,
                  "Actual Rows": 591683,
                  "Actual Loops": 4,
                  "Filter": "(keyword_id > 4095)",
                  "Rows Removed by Filter": 539300
                }
              ]
            }
          ]
        }
      ]
    },
    "Planning Time": 0.089,
    "Triggers": [],
    "Execution Time": 154.928
  }
]