[
  {
    "Plan": {
      "Node Type": "Aggregate",
      "Strategy": "Plain",
      "Partial Mode": "Finalize",
      "Parallel Aware": false,
      "Startup Cost": 28054.61,
      "Total Cost": 28054.62,
      "Plan Rows": 1,
      "Plan Width": 8,
      "Actual Startup Time": 48.672,
      "Actual Total Time": 52.336,
      "Actual Rows": 1,
      "Actual Loops": 1,
      "Plans": [
        {
          "Node Type": "Gather",
          "Parent Relationship": "Outer",
          "Parallel Aware": false,
          "Startup Cost": 28054.29,
          "Total Cost": 28054.6,
          "Plan Rows": 3,
          "Plan Width": 8,
          "Actual Startup Time": 48.524,
          "Actual Total Time": 52.328,
          "Actual Rows": 4,
          "Actual Loops": 1,
          "Workers Planned": 3,
          "Workers Launched": 3,
          "Single Copy": false,
          "Plans": [
            {
              "Node Type": "Aggregate",
              "Strategy": "Plain",
              "Partial Mode": "Partial",
              "Parent Relationship": "Outer",
              "Parallel Aware": false,
              "Startup Cost": 27054.29,
              "Total Cost": 27054.3,
              "Plan Rows": 1,
              "Plan Width": 8,
              "Actual Startup Time": 44.68,
              "Actual Total Time": 44.685,
              "Actual Rows": 1,
              "Actual Loops": 4,
              "Plans": [
                {
                  "Node Type": "Bitmap Heap Scan",
                  "Parent Relationship": "Outer",
                  "Parallel Aware": true,
                  "Relation Name": "movie_companies",
                  "Alias": "mc",
                  "Startup Cost": 6756.08,
                  "Total Cost": 26802.92,
                  "Plan Rows": 100547,
                  "Plan Width": 0,
                  "Actual Startup Time": 15.927,
                  "Actual Total Time": 40.121,
                  "Actual Rows": 77177,
                  "Actual Loops": 4,
                  "Recheck Cond": "(company_id > 92824)",
                  "Rows Removed by Index Recheck": 0,
                  "Exact Heap Blocks": 2029,
                  "Lossy Heap Blocks": 0,
                  "Plans": [
                    {
                      "Node Type": "Bitmap Index Scan",
                      "Parent Relationship": "Outer",
                      "Parallel Aware": false,
                      "Index Name": "company_id_movie_companies",
                      "Startup Cost": 0.0,
                      "Total Cost": 6678.16,
                      "Plan Rows": 311697,
                      "Plan Width": 0,
                      "Actual Startup Time": 18.579,
                      "Actual Total Time": 18.58,
                      "Actual Rows": 308708,
                      "Actual Loops": 1,
                      "Index Cond": "(company_id > 92824)"
                    }
                  ]
                }
              ]
            }
          ]
        }
      ]
    },
    "Planning Time": 0.097,
    "Triggers": [],
    "Execution Time": 52.376
  }
]