{
  "Plan": {
    "Node Type": "Aggregate",
    "Strategy": "Plain",
    "Partial Mode": "Finalize",
    "Parallel Aware": false,
    "Startup Cost": 1145396.98,
    "Total Cost": 1145396.99,
    "Plan Rows": 1,
    "Plan Width": 8,
    "Actual Startup Time": 7061.586,
    "Actual Total Time": 7115.319,
    "Actual Rows": 1,
    "Actual Loops": 1,
    "Plans": [
      {
        "Node Type": "Gather",
        "Parent Relationship": "Outer",
        "Parallel Aware": false,
        "Startup Cost": 1145396.87,
        "Total Cost": 1145396.98,
        "Plan Rows": 1,
        "Plan Width": 8,
        "Actual Startup Time": 7050.662,
        "Actual Total Time": 7115.308,
        "Actual Rows": 2,
        "Actual Loops": 1,
        "Workers Planned": 1,
        "Workers Launched": 1,
        "Single Copy": false,
        "Plans": [
          {
            "Node Type": "Aggregate",
            "Strategy": "Plain",
            "Partial Mode": "Partial",
            "Parent Relationship": "Outer",
            "Parallel Aware": false,
            "Startup Cost": 1144396.87,
            "Total Cost": 1144396.88,
            "Plan Rows": 1,
            "Plan Width": 8,
            "Actual Startup Time": 7032.823,
            "Actual Total Time": 7033.198,
            "Actual Rows": 1,
            "Actual Loops": 2,
            "Plans": [
              {
                "Node Type": "Hash Join",
                "Parent Relationship": "Outer",
                "Parallel Aware": true,
                "Join Type": "Inner",
                "Startup Cost": 657359.62,
                "Total Cost": 1092842.29,
                "Plan Rows": 20621831,
                "Plan Width": 0,
                "Actual Startup Time": 2405.358,
                "Actual Total Time": 6313.28,
                "Actual Rows": 18630690,
                "Actual Loops": 2,
                "Inner Unique": false,
                "Hash Cond": "(mi.movie_id = t.id)",
                "Plans": [
                  {
                    "Node Type": "Seq Scan",
                    "Parent Relationship": "Outer",
                    "Parallel Aware": true,
                    "Relation Name": "movie_info",
                    "Alias": "mi",
                    "Startup Cost": 0.0,
                    "Total Cost": 248955.74,
                    "Plan Rows": 8696274,
                    "Plan Width": 4,
                    "Actual Startup Time": 0.017,
                    "Actual Total Time": 622.329,
                    "Actual Rows": 7417860,
                    "Actual Loops": 2
                  },
                  {
                    "Node Type": "Hash",
                    "Parent Relationship": "Inner",
                    "Parallel Aware": true,
                    "Startup Cost": 613275.47,
                    "Total Cost": 613275.47,
                    "Plan Rows": 3526732,
                    "Plan Width": 8,
                    "Actual Startup Time": 2372.883,
                    "Actual Total Time": 2373.256,
                    "Actual Rows": 1303921,
                    "Actual Loops": 2,
                    "Hash Buckets": 8388608,
                    "Original Hash Buckets": 8388608,
                    "Hash Batches": 1,
                    "Original Hash Batches": 1,
                    "Peak Memory Usage": 167584,
                    "Plans": [
                      {
                        "Node Type": "Hash Join",
                        "Parent Relationship": "Outer",
                        "Parallel Aware": true,
                        "Join Type": "Inner",
                        "Startup Cost": 270643.94,
                        "Total Cost": 613275.47,
                        "Plan Rows": 3526732,
                        "Plan Width": 8,
                        "Actual Startup Time": 1171.905,
                        "Actual Total Time": 1966.084,
                        "Actual Rows": 1303921,
                        "Actual Loops": 2,
                        "Inner Unique": true,
                        "Hash Cond": "(ci.movie_id = t.id)",
                        "Plans": [
                          {
                            "Node Type": "Bitmap Heap Scan",
                            "Parent Relationship": "Outer",
                            "Parallel Aware": true,
                            "Relation Name": "cast_info",
                            "Alias": "ci",
                            "Startup Cost": 201183.24,
                            "Total Cost": 534557.09,
                            "Plan Rows": 3526732,
                            "Plan Width": 4,
                            "Actual Startup Time": 669.714,
                            "Actual Total Time": 897.935,
                            "Actual Rows": 1303921,
                            "Actual Loops": 2,
                            "Recheck Cond": "(person_id < 914534)",
                            "Rows Removed by Index Recheck": 0,
                            "Filter": "(role_id > 1)",
                            "Rows Removed by Filter": 3338950,
                            "Exact Heap Blocks": 51923,
                            "Lossy Heap Blocks": 0,
                            "Plans": [
                              {
                                "Node Type": "Bitmap Index Scan",
                                "Parent Relationship": "Outer",
                                "Parallel Aware": false,
                                "Index Name": "person_id_cast_info",
                                "Startup Cost": 0.0,
                                "Total Cost": 199684.38,
                                "Plan Rows": 9144509,
                                "Plan Width": 0,
                                "Actual Startup Time": 358.82,
                                "Actual Total Time": 358.82,
                                "Actual Rows": 9285741,
                                "Actual Loops": 1,
                                "Index Cond": "(person_id < 914534)"
                              }
                            ]
                          },
                          {
                            "Node Type": "Hash",
                            "Parent Relationship": "Inner",
                            "Parallel Aware": true,
                            "Startup Cost": 50870.31,
                            "Total Cost": 50870.31,
                            "Plan Rows": 1487231,
                            "Plan Width": 4,
                            "Actual Startup Time": 490.388,
                            "Actual Total Time": 490.389,
                            "Actual Rows": 1264156,
                            "Actual Loops": 2,
                            "Hash Buckets": 4194304,
                            "Original Hash Buckets": 4194304,
                            "Hash Batches": 1,
                            "Original Hash Batches": 1,
                            "Peak Memory Usage": 131680,
                            "Plans": [
                              {
                                "Node Type": "Seq Scan",
                                "Parent Relationship": "Outer",
                                "Parallel Aware": true,
                                "Relation Name": "title",
                                "Alias": "t",
                                "Startup Cost": 0.0,
                                "Total Cost": 50870.31,
                                "Plan Rows": 1487231,
                                "Plan Width": 4,
                                "Actual Startup Time": 0.039,
                                "Actual Total Time": 144.327,
                                "Actual Rows": 1264156,
                                "Actual Loops": 2
                              }
                            ]
                          }
                        ]
                      }
                    ]
                  }
                ]
              }
            ]
          }
        ]
      }
    ]
  },
  "Planning Time": 0.972,
  "Triggers": [],
  "Execution Time": 7115.425
}