[
  {
    "Plan": {
      "Node Type": "Aggregate",
      "Strategy": "Plain",
      "Partial Mode": "Finalize",
      "Parallel Aware": false,
      "Startup Cost": 44673.9,
      "Total Cost": 44673.91,
      "Plan Rows": 1,
      "Plan Width": 8,
      "Actual Startup Time": 142.796,
      "Actual Total Time": 153.485,
      "Actual Rows": 1,
      "Actual Loops": 1,
      "Plans": [
        {
          "Node Type": "Gather",
          "Parent Relationship": "Outer",
          "Parallel Aware": false,
          "Startup Cost": 44673.59,
          "Total Cost": 44673.9,
          "Plan Rows": 3,
          "Plan Width": 8,
          "Actual Startup Time": 142.644,
          "Actual Total Time": 153.472,
          "Actual Rows": 4,
          "Actual Loops": 1,
          "Workers Planned": 3,
          "Workers Launched": 3,
          "Single Copy": false,
          "Plans": [
            {
              "Node Type": "Aggregate",
              "Strategy": "Plain",
              "Partial Mode": "Partial",
              "Parent Relationship": "Outer",
              "Parallel Aware": false,
              "Startup Cost": 43673.59,
              "Total Cost": 43673.6,
              "Plan Rows": 1,
              "Plan Width": 8,
              "Actual Startup Time": 135.267,
              "Actual Total Time": 135.268,
              "Actual Rows": 1,
              "Actual Loops": 4,
              "Plans": [
                {
                  "Node Type": "Seq Scan",
                  "Parent Relationship": "Outer",
                  "Parallel Aware": true,
                  "Relation Name": "movie_keyword",
                  "Alias": "mk",
                  "Startup Cost": 0.0,
                  "Total Cost": 42695.65,
                  "Plan Rows": 391173,
                  "Plan Width": 0,
                  "Actual Startup Time": 1.932,
                  "Actual Total Time": 118.001,
                  "Actual Rows": 303971,
                  "Actual Loops": 4,
                  "Filter": "(keyword_id > 15011)",
                  "Rows Removed by Filter": 827011
                }
              ]
            }
          ]
        }
      ]
    },
    "Planning Time": 0.148,
    "Triggers": [],
    "Execution Time": 153.528
  }
]