[
  {
    "Plan": {
      "Node Type": "Aggregate",
      "Strategy": "Plain",
      "Partial Mode": "Finalize",
      "Parallel Aware": false,
      "Startup Cost": 229756.79,
      "Total Cost": 229756.8,
      "Plan Rows": 1,
      "Plan Width": 8,
      "Actual Startup Time": 164.53,
      "Actual Total Time": 190.401,
      "Actual Rows": 1,
      "Actual Loops": 1,
      "Plans": [
        {
          "Node Type": "Gather",
          "Parent Relationship": "Outer",
          "Parallel Aware": false,
          "Startup Cost": 229756.37,
          "Total Cost": 229756.78,
          "Plan Rows": 4,
          "Plan Width": 8,
          "Actual Startup Time": 164.318,
          "Actual Total Time": 190.388,
          "Actual Rows": 5,
          "Actual Loops": 1,
          "Workers Planned": 4,
          "Workers Launched": 4,
          "Single Copy": false,
          "Plans": [
            {
              "Node Type": "Aggregate",
              "Strategy": "Plain",
              "Partial Mode": "Partial",
              "Parent Relationship": "Outer",
              "Parallel Aware": false,
              "Startup Cost": 228756.37,
              "Total Cost": 228756.38,
              "Plan Rows": 1,
              "Plan Width": 8,
              "Actual Startup Time": 153.947,
              "Actual Total Time": 153.949,
              "Actual Rows": 1,
              "Actual Loops": 5,
              "Plans": [
                {
                  "Node Type": "Nested Loop",
                  "Parent Relationship": "Outer",
                  "Parallel Aware": false,
                  "Join Type": "Inner",
                  "Startup Cost": 0.43,
                  "Total Cost": 228683.38,
                  "Plan Rows": 29197,
                  "Plan Width": 0,
                  "Actual Startup Time": 0.339,
                  "Actual Total Time": 152.017,
                  "Actual Rows": 24634,
                  "Actual Loops": 5,
                  "Inner Unique": false,
                  "Plans": [
                    {
                      "Node Type": "Seq Scan",
                      "Parent Relationship": "Outer",
                      "Parallel Aware": true,
                      "Relation Name": "title",
                      "Alias": "t",
                      "Startup Cost": 0.0,
                      "Total Cost": 43899.32,
                      "Plan Rows": 4972,
                      "Plan Width": 4,
                      "Actual Startup Time": 0.126,
                      "Actual Total Time": 70.408,
                      "Actual Rows": 3888,
                      "Actual Loops": 5,
                      "Filter": "(production_year = 1986)",
                      "Rows Removed by Filter": 501774
                    },
                    {
                      "Node Type": "Index Only Scan",
                      "Parent Relationship": "Inner",
                      "Parallel Aware": false,
                      "Scan Direction": "Forward",
                      "Index Name": "movie_id_movie_info",
                      "Relation Name": "movie_info",
                      "Alias": "mi",
                      "Startup Cost": 0.43,
                      "Total Cost": 36.75,
                      "Plan Rows": 41,
                      "Plan Width": 4,
                      "Actual Startup Time": 0.011,
                      "Actual Total Time": 0.02,
                      "Actual Rows": 6,
                      "Actual Loops": 19440,
                      "Index Cond": "(movie_id = t.id)",
                      "Rows Removed by Index Recheck": 0,
                      "Heap Fetches": 123169
                    }
                  ]
                }
              ]
            }
          ]
        }
      ]
    },
    "Planning Time": 0.544,
    "Triggers": [],
    "Execution Time": 190.473
  }
]