[
  {
    "Plan": {
      "Node Type": "Aggregate",
      "Strategy": "Plain",
      "Partial Mode": "Finalize",
      "Parallel Aware": false,
      "Startup Cost": 230805.71,
      "Total Cost": 230805.72,
      "Plan Rows": 1,
      "Plan Width": 8,
      "Actual Startup Time": 158.562,
      "Actual Total Time": 183.833,
      "Actual Rows": 1,
      "Actual Loops": 1,
      "Plans": [
        {
          "Node Type": "Gather",
          "Parent Relationship": "Outer",
          "Parallel Aware": false,
          "Startup Cost": 230805.29,
          "Total Cost": 230805.7,
          "Plan Rows": 4,
          "Plan Width": 8,
          "Actual Startup Time": 158.452,
          "Actual Total Time": 183.826,
          "Actual Rows": 5,
          "Actual Loops": 1,
          "Workers Planned": 4,
          "Workers Launched": 4,
          "Single Copy": false,
          "Plans": [
            {
              "Node Type": "Aggregate",
              "Strategy": "Plain",
              "Partial Mode": "Partial",
              "Parent Relationship": "Outer",
              "Parallel Aware": false,
              "Startup Cost": 229805.29,
              "Total Cost": 229805.3,
              "Plan Rows": 1,
              "Plan Width": 8,
              "Actual Startup Time": 150.023,
              "Actual Total Time": 150.024,
              "Actual Rows": 1,
              "Actual Loops": 5,
              "Plans": [
                {
                  "Node Type": "Nested Loop",
                  "Parent Relationship": "Outer",
                  "Parallel Aware": false,
                  "Join Type": "Inner",
                  "Startup Cost": 0.43,
                  "Total Cost": 229728.29,
                  "Plan Rows": 30799,
                  "Plan Width": 0,
                  "Actual Startup Time": 0.266,
                  "Actual Total Time": 148.039,
                  "Actual Rows": 24634,
                  "Actual Loops": 5,
                  "Inner Unique": false,
                  "Plans": [
                    {
                      "Node Type": "Seq Scan",
                      "Parent Relationship": "Outer",
                      "Parallel Aware": true,
                      "Relation Name": "title",
                      "Alias": "t",
                      "Startup Cost": 0.0,
                      "Total Cost": 43898.92,
                      "Plan Rows": 5267,
                      "Plan Width": 4,
                      "Actual Startup Time": 0.069,
                      "Actual Total Time": 70.338,
                      "Actual Rows": 3888,
                      "Actual Loops": 5,
                      "Filter": "(production_year = 1986)",
                      "Rows Removed by Filter": 501774
                    },
                    {
                      "Node Type": "Index Only Scan",
                      "Parent Relationship": "Inner",
                      "Parallel Aware": false,
                      "Scan Direction": "Forward",
                      "Index Name": "movie_id_movie_info",
                      "Relation Name": "movie_info",
                      "Alias": "mi",
                      "Startup Cost": 0.43,
                      "Total Cost": 34.86,
                      "Plan Rows": 42,
                      "Plan Width": 4,
                      "Actual Startup Time": 0.009,
                      "Actual Total Time": 0.019,
                      "Actual Rows": 6,
                      "Actual Loops": 19440,
                      "Index Cond": "(movie_id = t.id)",
                      "Rows Removed by Index Recheck": 0,
                      "Heap Fetches": 123169
                    }
                  ]
                }
              ]
            }
          ]
        }
      ]
    },
    "Planning Time": 0.558,
    "Triggers": [],
    "Execution Time": 183.908
  }
]