[
  {
    "Plan": {
      "Node Type": "Aggregate",
      "Strategy": "Plain",
      "Partial Mode": "Finalize",
      "Parallel Aware": false,
      "Startup Cost": 108035.12,
      "Total Cost": 108035.13,
      "Plan Rows": 1,
      "Plan Width": 8,
      "Actual Startup Time": 95.611,
      "Actual Total Time": 106.899,
      "Actual Rows": 1,
      "Actual Loops": 1,
      "Plans": [
        {
          "Node Type": "Gather",
          "Parent Relationship": "Outer",
          "Parallel Aware": false,
          "Startup Cost": 108034.7,
          "Total Cost": 108035.11,
          "Plan Rows": 4,
          "Plan Width": 8,
          "Actual Startup Time": 95.165,
          "Actual Total Time": 106.89,
          "Actual Rows": 5,
          "Actual Loops": 1,
          "Workers Planned": 4,
          "Workers Launched": 4,
          "Single Copy": false,
          "Plans": [
            {
              "Node Type": "Aggregate",
              "Strategy": "Plain",
              "Partial Mode": "Partial",
              "Parent Relationship": "Outer",
              "Parallel Aware": false,
              "Startup Cost": 107034.7,
              "Total Cost": 107034.71,
              "Plan Rows": 1,
              "Plan Width": 8,
              "Actual Startup Time": 89.61,
              "Actual Total Time": 89.613,
              "Actual Rows": 1,
              "Actual Loops": 5,
              "Plans": [
                {
                  "Node Type": "Nested Loop",
                  "Parent Relationship": "Outer",
                  "Parallel Aware": false,
                  "Join Type": "Inner",
                  "Startup Cost": 565.88,
                  "Total Cost": 107032.33,
                  "Plan Rows": 948,
                  "Plan Width": 0,
                  "Actual Startup Time": 1.47,
                  "Actual Total Time": 88.277,
                  "Actual Rows": 12317,
                  "Actual Loops": 5,
                  "Inner Unique": true,
                  "Join Filter": "(mi.movie_id = t.id)",
                  "Rows Removed by Join Filter": 0,
                  "Plans": [
                    {
                      "Node Type": "Nested Loop",
                      "Parent Relationship": "Outer",
                      "Parallel Aware": false,
                      "Join Type": "Inner",
                      "Startup Cost": 565.45,
                      "Total Cost": 96553.65,
                      "Plan Rows": 15900,
                      "Plan Width": 8,
                      "Actual Startup Time": 1.338,
                      "Actual Total Time": 44.579,
                      "Actual Rows": 12353,
                      "Actual Loops": 5,
                      "Inner Unique": false,
                      "Plans": [
                        {
                          "Node Type": "Bitmap Heap Scan",
                          "Parent Relationship": "Outer",
                          "Parallel Aware": true,
                          "Relation Name": "movie_info",
                          "Alias": "mi",
                          "Startup Cost": 565.03,
                          "Total Cost": 78439.95,
                          "Plan Rows": 7761,
                          "Plan Width": 4,
                          "Actual Startup Time": 1.154,
                          "Actual Total Time": 7.252,
                          "Actual Rows": 6411,
                          "Actual Loops": 5,
                          "Recheck Cond": "(info_type_id > 108)",
                          "Rows Removed by Index Recheck": 0,
                          "Exact Heap Blocks": 1210,
                          "Lossy Heap Blocks": 0,
                          "Plans": [
                            {
                              "Node Type": "Bitmap Index Scan",
                              "Parent Relationship": "Outer",
                              "Parallel Aware": false,
                              "Index Name": "info_type_id_movie_info",
                              "Startup Cost": 0.0,
                              "Total Cost": 557.26,
                              "Plan Rows": 31044,
                              "Plan Width": 0,
                              "Actual Startup Time": 3.645,
                              "Actual Total Time": 3.646,
                              "Actual Rows": 32053,
                              "Actual Loops": 1,
                              "Index Cond": "(info_type_id > 108)"
                            }
                          ]
                        },
                        {
                          "Node Type": "Index Scan",
                          "Parent Relationship": "Inner",
                          "Parallel Aware": false,
                          "Scan Direction": "Forward",
                          "Index Name": "movie_id_movie_info_idx",
                          "Relation Name": "movie_info_idx",
                          "Alias": "mi_idx",
                          "Startup Cost": 0.43,
                          "Total Cost": 2.31,
                          "Plan Rows": 2,
                          "Plan Width": 4,
                          "Actual Startup Time": 0.005,
                          "Actual Total Time": 0.005,
                          "Actual Rows": 2,
                          "Actual Loops": 32053,
                          "Index Cond": "(movie_id = mi.movie_id)",
                          "Rows Removed by Index Recheck": 0,
                          "Filter": "(info_type_id < 101)",
                          "Rows Removed by Filter": 1
                        }
                      ]
                    },
                    {
                      "Node Type": "Index Scan",
                      "Parent Relationship": "Inner",
                      "Parallel Aware": false,
                      "Scan Direction": "Forward",
                      "Index Name": "title_pkey",
                      "Relation Name": "title",
                      "Alias": "t",
                      "Startup Cost": 0.43,
                      "Total Cost": 0.65,
                      "Plan Rows": 1,
                      "Plan Width": 4,
                      "Actual Startup Time": 0.003,
                      "Actual Total Time": 0.003,
                      "Actual Rows": 1,
                      "Actual Loops": 61764,
                      "Index Cond": "(id = mi_idx.movie_id)",
                      "Rows Removed by Index Recheck": 0,
                      "Filter": "(kind_id < 4)",
                      "Rows Removed by Filter": 0
                    }
                  ]
                }
              ]
            }
          ]
        }
      ]
    },
    "Planning Time": 0.69,
    "Triggers": [],
    "Execution Time": 106.961
  }
]