[
  {
    "Plan": {
      "Node Type": "Aggregate",
      "Strategy": "Plain",
      "Partial Mode": "Finalize",
      "Parallel Aware": false,
      "Startup Cost": 45940.91,
      "Total Cost": 45940.92,
      "Plan Rows": 1,
      "Plan Width": 8,
      "Actual Startup Time": 165.248,
      "Actual Total Time": 174.826,
      "Actual Rows": 1,
      "Actual Loops": 1,
      "Plans": [
        {
          "Node Type": "Gather",
          "Parent Relationship": "Outer",
          "Parallel Aware": false,
          "Startup Cost": 45940.59,
          "Total Cost": 45940.9,
          "Plan Rows": 3,
          "Plan Width": 8,
          "Actual Startup Time": 165.141,
          "Actual Total Time": 174.818,
          "Actual Rows": 4,
          "Actual Loops": 1,
          "Workers Planned": 3,
          "Workers Launched": 3,
          "Single Copy": false,
          "Plans": [
            {
              "Node Type": "Aggregate",
              "Strategy": "Plain",
              "Partial Mode": "Partial",
              "Parent Relationship": "Outer",
              "Parallel Aware": false,
              "Startup Cost": 44940.59,
              "Total Cost": 44940.6,
              "Plan Rows": 1,
              "Plan Width": 8,
              "Actual Startup Time": 158.129,
              "Actual Total Time": 158.13,
              "Actual Rows": 1,
              "Actual Loops": 4,
              "Plans": [
                {
                  "Node Type": "Seq Scan",
                  "Parent Relationship": "Outer",
                  "Parallel Aware": true,
                  "Relation Name": "movie_keyword",
                  "Alias": "mk",
                  "Startup Cost": 0.0,
                  "Total Cost": 42695.65,
                  "Plan Rows": 897975,
                  "Plan Width": 0,
                  "Actual Startup Time": 0.052,
                  "Actual Total Time": 125.411,
                  "Actual Rows": 693814,
                  "Actual Loops": 4,
                  "Filter": "(keyword_id < 7986)",
                  "Rows Removed by Filter": 437168
                }
              ]
            }
          ]
        }
      ]
    },
    "Planning Time": 0.217,
    "Triggers": [],
    "Execution Time": 174.882
  }
]