{
  "Plan": {
    "Node Type": "Aggregate",
    "Strategy": "Plain",
    "Partial Mode": "Simple",
    "Parallel Aware": false,
    "Startup Cost": 3112.46,
    "Total Cost": 3112.47,
    "Plan Rows": 1,
    "Plan Width": 8,
    "Actual Startup Time": 5.586,
    "Actual Total Time": 5.589,
    "Actual Rows": 1,
    "Actual Loops": 1,
    "Plans": [
      {
        "Node Type": "Nested Loop",
        "Parent Relationship": "Outer",
        "Parallel Aware": false,
        "Join Type": "Inner",
        "Startup Cost": 7.22,
        "Total Cost": 3112.31,
        "Plan Rows": 62,
        "Plan Width": 0,
        "Actual Startup Time": 0.629,
        "Actual Total Time": 5.448,
        "Actual Rows": 735,
        "Actual Loops": 1,
        "Inner Unique": false,
        "Plans": [
          {
            "Node Type": "Nested Loop",
            "Parent Relationship": "Outer",
            "Parallel Aware": false,
            "Join Type": "Inner",
            "Startup Cost": 6.78,
            "Total Cost": 3006.58,
            "Plan Rows": 14,
            "Plan Width": 8,
            "Actual Startup Time": 0.603,
            "Actual Total Time": 4.085,
            "Actual Rows": 13,
            "Actual Loops": 1,
            "Inner Unique": true,
            "Plans": [
              {
                "Node Type": "Bitmap Heap Scan",
                "Parent Relationship": "Outer",
                "Parallel Aware": false,
                "Relation Name": "movie_keyword",
                "Alias": "mk",
                "Startup Cost": 6.35,
                "Total Cost": 922.98,
                "Plan Rows": 248,
                "Plan Width": 4,
                "Actual Startup Time": 0.302,
                "Actual Total Time": 1.216,
                "Actual Rows": 238,
                "Actual Loops": 1,
                "Recheck Cond": "(keyword_id = 3045)",
                "Rows Removed by Index Recheck": 0,
                "Exact Heap Blocks": 234,
                "Lossy Heap Blocks": 0,
                "Plans": [
                  {
                    "Node Type": "Bitmap Index Scan",
                    "Parent Relationship": "Outer",
                    "Parallel Aware": false,
                    "Index Name": "keyword_id_movie_keyword",
                    "Startup Cost": 0.0,
                    "Total Cost": 6.29,
                    "Plan Rows": 248,
                    "Plan Width": 0,
                    "Actual Startup Time": 0.213,
                    "Actual Total Time": 0.214,
                    "Actual Rows": 238,
                    "Actual Loops": 1,
                    "Index Cond": "(keyword_id = 3045)"
                  }
                ]
              },
              {
                "Node Type": "Index Scan",
                "Parent Relationship": "Inner",
                "Parallel Aware": false,
                "Scan Direction": "Forward",
                "Index Name": "title_pkey",
                "Relation Name": "title",
                "Alias": "t",
                "Startup Cost": 0.43,
                "Total Cost": 8.4,
                "Plan Rows": 1,
                "Plan Width": 4,
                "Actual Startup Time": 0.011,
                "Actual Total Time": 0.011,
                "Actual Rows": 0,
                "Actual Loops": 238,
                "Index Cond": "(id = mk.movie_id)",
                "Rows Removed by Index Recheck": 0,
                "Filter": "(production_year = 2010)",
                "Rows Removed by Filter": 1
              }
            ]
          },
          {
            "Node Type": "Index Scan",
            "Parent Relationship": "Inner",
            "Parallel Aware": false,
            "Scan Direction": "Forward",
            "Index Name": "movie_id_movie_info",
            "Relation Name": "movie_info",
            "Alias": "mi",
            "Startup Cost": 0.43,
            "Total Cost": 7.23,
            "Plan Rows": 32,
            "Plan Width": 4,
            "Actual Startup Time": 0.018,
            "Actual Total Time": 0.087,
            "Actual Rows": 57,
            "Actual Loops": 13,
            "Index Cond": "(movie_id = t.id)",
            "Rows Removed by Index Recheck": 0,
            "Filter": "(info_type_id > 3)",
            "Rows Removed by Filter": 3
          }
        ]
      }
    ]
  },
  "Planning Time": 1.079,
  "Triggers": [],
  "Execution Time": 5.685
}