[
  {
    "Plan": {
      "Node Type": "Aggregate",
      "Strategy": "Plain",
      "Partial Mode": "Finalize",
      "Parallel Aware": false,
      "Startup Cost": 46453.6,
      "Total Cost": 46453.61,
      "Plan Rows": 1,
      "Plan Width": 8,
      "Actual Startup Time": 174.23,
      "Actual Total Time": 184.6,
      "Actual Rows": 1,
      "Actual Loops": 1,
      "Plans": [
        {
          "Node Type": "Gather",
          "Parent Relationship": "Outer",
          "Parallel Aware": false,
          "Startup Cost": 46453.28,
          "Total Cost": 46453.59,
          "Plan Rows": 3,
          "Plan Width": 8,
          "Actual Startup Time": 173.906,
          "Actual Total Time": 184.592,
          "Actual Rows": 4,
          "Actual Loops": 1,
          "Workers Planned": 3,
          "Workers Launched": 3,
          "Single Copy": false,
          "Plans": [
            {
              "Node Type": "Aggregate",
              "Strategy": "Plain",
              "Partial Mode": "Partial",
              "Parent Relationship": "Outer",
              "Parallel Aware": false,
              "Startup Cost": 45453.28,
              "Total Cost": 45453.29,
              "Plan Rows": 1,
              "Plan Width": 8,
              "Actual Startup Time": 167.112,
              "Actual Total Time": 167.113,
              "Actual Rows": 1,
              "Actual Loops": 4,
              "Plans": [
                {
                  "Node Type": "Seq Scan",
                  "Parent Relationship": "Outer",
                  "Parallel Aware": true,
                  "Relation Name": "movie_keyword",
                  "Alias": "mk",
                  "Startup Cost": 0.0,
                  "Total Cost": 42695.65,
                  "Plan Rows": 1103051,
                  "Plan Width": 0,
                  "Actual Startup Time": 0.138,
                  "Actual Total Time": 127.488,
                  "Actual Rows": 851504,
                  "Actual Loops": 4,
                  "Filter": "(keyword_id > 1167)",
                  "Rows Removed by Filter": 279478
                }
              ]
            }
          ]
        }
      ]
    },
    "Planning Time": 0.189,
    "Triggers": [],
    "Execution Time": 184.656
  }
]