[
  {
    "Plan": {
      "Node Type": "Aggregate",
      "Strategy": "Plain",
      "Partial Mode": "Finalize",
      "Parallel Aware": false,
      "Startup Cost": 6433.25,
      "Total Cost": 6433.26,
      "Plan Rows": 1,
      "Plan Width": 64,
      "Actual Startup Time": 29.548,
      "Actual Total Time": 32.137,
      "Actual Rows": 1,
      "Actual Loops": 1,
      "Plans": [
        {
          "Node Type": "Gather",
          "Parent Relationship": "Outer",
          "Parallel Aware": false,
          "Startup Cost": 6433.13,
          "Total Cost": 6433.24,
          "Plan Rows": 1,
          "Plan Width": 64,
          "Actual Startup Time": 29.426,
          "Actual Total Time": 32.131,
          "Actual Rows": 2,
          "Actual Loops": 1,
          "Workers Planned": 1,
          "Workers Launched": 1,
          "Single Copy": false,
          "Plans": [
            {
              "Node Type": "Aggregate",
              "Strategy": "Plain",
              "Partial Mode": "Partial",
              "Parent Relationship": "Outer",
              "Parallel Aware": false,
              "Startup Cost": 5433.13,
              "Total Cost": 5433.14,
              "Plan Rows": 1,
              "Plan Width": 64,
              "Actual Startup Time": 24.416,
              "Actual Total Time": 24.42,
              "Actual Rows": 1,
              "Actual Loops": 2,
              "Plans": [
                {
                  "Node Type": "Nested Loop",
                  "Parent Relationship": "Outer",
                  "Parallel Aware": false,
                  "Join Type": "Inner",
                  "Startup Cost": 2.84,
                  "Total Cost": 5433.08,
                  "Plan Rows": 11,
                  "Plan Width": 60,
                  "Actual Startup Time": 14.587,
                  "Actual Total Time": 24.412,
                  "Actual Rows": 7,
                  "Actual Loops": 2,
                  "Inner Unique": true,
                  "Plans": [
                    {
                      "Node Type": "Nested Loop",
                      "Parent Relationship": "Outer",
                      "Parallel Aware": false,
                      "Join Type": "Inner",
                      "Startup Cost": 2.42,
                      "Total Cost": 5428.25,
                      "Plan Rows": 11,
                      "Plan Width": 64,
                      "Actual Startup Time": 14.575,
                      "Actual Total Time": 24.332,
                      "Actual Rows": 7,
                      "Actual Loops": 2,
                      "Inner Unique": false,
                      "Plans": [
                        {
                          "Node Type": "Nested Loop",
                          "Parent Relationship": "Outer",
                          "Parallel Aware": false,
                          "Join Type": "Inner",
                          "Startup Cost": 1.99,
                          "Total Cost": 5426.43,
                          "Plan Rows": 1,
                          "Plan Width": 76,
                          "Actual Startup Time": 14.391,
                          "Actual Total Time": 24.263,
                          "Actual Rows": 2,
                          "Actual Loops": 2,
                          "Inner Unique": true,
                          "Plans": [
                            {
                              "Node Type": "Nested Loop",
                              "Parent Relationship": "Outer",
                              "Parallel Aware": false,
                              "Join Type": "Inner",
                              "Startup Cost": 1.85,
                              "Total Cost": 5426.14,
                              "Plan Rows": 1,
                              "Plan Width": 80,
                              "Actual Startup Time": 14.385,
                              "Actual Total Time": 24.253,
                              "Actual Rows": 2,
                              "Actual Loops": 2,
                              "Inner Unique": false,
                              "Plans": [
                                {
                                  "Node Type": "Nested Loop",
                                  "Parent Relationship": "Outer",
                                  "Parallel Aware": false,
                                  "Join Type": "Inner",
                                  "Startup Cost": 1.41,
                                  "Total Cost": 5424.2,
                                  "Plan Rows": 1,
                                  "Plan Width": 29,
                                  "Actual Startup Time": 14.049,
                                  "Actual Total Time": 23.856,
                                  "Actual Rows": 3,
                                  "Actual Loops": 2,
                                  "Inner Unique": true,
                                  "Plans": [
                                    {
                                      "Node Type": "Nested Loop",
                                      "Parent Relationship": "Outer",
                                      "Parallel Aware": false,
                                      "Join Type": "Inner",
                                      "Startup Cost": 0.98,
                                      "Total Cost": 5423.25,
                                      "Plan Rows": 1,
                                      "Plan Width": 8,
                                      "Actual Startup Time": 14.014,
                                      "Actual Total Time": 23.77,
                                      "Actual Rows": 3,
                                      "Actual Loops": 2,
                                      "Inner Unique": true,
                                      "Plans": [
                                        {
                                          "Node Type": "Nested Loop",
                                          "Parent Relationship": "Outer",
                                          "Parallel Aware": false,
                                          "Join Type": "Inner",
                                          "Startup Cost": 0.85,
                                          "Total Cost": 5423.1,
                                          "Plan Rows": 1,
                                          "Plan Width": 12,
                                          "Actual Startup Time": 14.007,
                                          "Actual Total Time": 23.756,
                                          "Actual Rows": 3,
                                          "Actual Loops": 2,
                                          "Inner Unique": false,
                                          "Plans": [
                                            {
                                              "Node Type": "Nested Loop",
                                              "Parent Relationship": "Outer",
                                              "Parallel Aware": false,
                                              "Join Type": "Inner",
                                              "Startup Cost": 0.43,
                                              "Total Cost": 5420.95,
                                              "Plan Rows": 1,
                                              "Plan Width": 8,
                                              "Actual Startup Time": 13.331,
                                              "Actual Total Time": 23.062,
                                              "Actual Rows": 32,
                                              "Actual Loops": 2,
                                              "Inner Unique": false,
                                              "Plans": [
                                                {
                                                  "Node Type": "Seq Scan",
                                                  "Parent Relationship": "Outer",
                                                  "Parallel Aware": true,
                                                  "Relation Name": "company_name",
                                                  "Alias": "cn",
                                                  "Startup Cost": 0.0,
                                                  "Total Cost": 5068.5,
                                                  "Plan Rows": 1,
                                                  "Plan Width": 4,
                                                  "Actual Startup Time": 13.258,
                                                  "Actual Total Time": 20.439,
                                                  "Actual Rows": 0,
                                                  "Actual Loops": 2,
                                                  "Filter": "(((country_code)::text = '[us]'::text) AND (name = 'Funny or Die'::text))",
                                                  "Rows Removed by Filter": 117498
                                                },
                                                {
                                                  "Node Type": "Index Scan",
                                                  "Parent Relationship": "Inner",
                                                  "Parallel Aware": false,
                                                  "Scan Direction": "Forward",
                                                  "Index Name": "company_id_movie_companies",
                                                  "Relation Name": "movie_companies",
                                                  "Alias": "mc",
                                                  "Startup Cost": 0.43,
                                                  "Total Cost": 352.44,
                                                  "Plan Rows": 1,
                                                  "Plan Width": 12,
                                                  "Actual Startup Time": 0.14,
                                                  "Actual Total Time": 5.223,
                                                  "Actual Rows": 63,
                                                  "Actual Loops": 1,
                                                  "Index Cond": "(company_id = cn.id)",
                                                  "Rows Removed by Index Recheck": 0,
                                                  "Filter": "((note ~~ '%(200%)%'::text) AND (note ~~ '%(worldwide)%'::text))",
                                                  "Rows Removed by Filter": 1000
                                                }
                                              ]
                                            },
                                            {
                                              "Node Type": "Index Only Scan",
                                              "Parent Relationship": "Inner",
                                              "Parallel Aware": false,
                                              "Scan Direction": "Forward",
                                              "Index Name": "movie_id_aka_title",
                                              "Relation Name": "aka_title",
                                              "Alias": "at",
                                              "Startup Cost": 0.42,
                                              "Total Cost": 2.12,
                                              "Plan Rows": 3,
                                              "Plan Width": 4,
                                              "Actual Startup Time": 0.02,
                                              "Actual Total Time": 0.021,
                                              "Actual Rows": 0,
                                              "Actual Loops": 63,
                                              "Index Cond": "(movie_id = mc.movie_id)",
                                              "Rows Removed by Index Recheck": 0,
                                              "Heap Fetches": 6
                                            }
                                          ]
                                        },
                                        {
                                          "Node Type": "Index Only Scan",
                                          "Parent Relationship": "Inner",
                                          "Parallel Aware": false,
                                          "Scan Direction": "Forward",
                                          "Index Name": "company_type_pkey",
                                          "Relation Name": "company_type",
                                          "Alias": "ct",
                                          "Startup Cost": 0.13,
                                          "Total Cost": 0.15,
                                          "Plan Rows": 1,
                                          "Plan Width": 4,
                                          "Actual Startup Time": 0.003,
                                          "Actual Total Time": 0.003,
                                          "Actual Rows": 1,
                                          "Actual Loops": 6,
                                          "Index Cond": "(id = mc.company_type_id)",
                                          "Rows Removed by Index Recheck": 0,
                                          "Heap Fetches": 6
                                        }
                                      ]
                                    },
                                    {
                                      "Node Type": "Index Scan",
                                      "Parent Relationship": "Inner",
                                      "Parallel Aware": false,
                                      "Scan Direction": "Forward",
                                      "Index Name": "title_pkey",
                                      "Relation Name": "title",
                                      "Alias": "t",
                                      "Startup Cost": 0.43,
                                      "Total Cost": 0.95,
                                      "Plan Rows": 1,
                                      "Plan Width": 21,
                                      "Actual Startup Time": 0.028,
                                      "Actual Total Time": 0.028,
                                      "Actual Rows": 1,
                                      "Actual Loops": 6,
                                      "Index Cond": "(id = at.movie_id)",
                                      "Rows Removed by Index Recheck": 0,
                                      "Filter": "((production_year >= 1997) AND (production_year <= 2012))",
                                      "Rows Removed by Filter": 0
                                    }
                                  ]
                                },
                                {
                                  "Node Type": "Index Scan",
                                  "Parent Relationship": "Inner",
                                  "Parallel Aware": false,
                                  "Scan Direction": "Forward",
                                  "Index Name": "movie_id_movie_info",
                                  "Relation Name": "movie_info",
                                  "Alias": "mi",
                                  "Startup Cost": 0.43,
                                  "Total Cost": 1.93,
                                  "Plan Rows": 1,
                                  "Plan Width": 51,
                                  "Actual Startup Time": 0.089,
                                  "Actual Total Time": 0.131,
                                  "Actual Rows": 1,
                                  "Actual Loops": 6,
                                  "Index Cond": "(movie_id = t.id)",
                                  "Rows Removed by Index Recheck": 0,
                                  "Filter": "((note ~~ '%internet%'::text) AND (info ~~ 'USA:% 200%'::text))",
                                  "Rows Removed by Filter": 12
                                }
                              ]
                            },
                            {
                              "Node Type": "Index Scan",
                              "Parent Relationship": "Inner",
                              "Parallel Aware": false,
                              "Scan Direction": "Forward",
                              "Index Name": "info_type_pkey",
                              "Relation Name": "info_type",
                              "Alias": "it1",
                              "Startup Cost": 0.14,
                              "Total Cost": 0.22,
                              "Plan Rows": 1,
                              "Plan Width": 4,
                              "Actual Startup Time": 0.003,
                              "Actual Total Time": 0.003,
                              "Actual Rows": 1,
                              "Actual Loops": 5,
                              "Index Cond": "(id = mi.info_type_id)",
                              "Rows Removed by Index Recheck": 0,
                              "Filter": "((info)::text = 'release dates'::text)",
                              "Rows Removed by Filter": 0
                            }
                          ]
                        },
                        {
                          "Node Type": "Index Scan",
                          "Parent Relationship": "Inner",
                          "Parallel Aware": false,
                          "Scan Direction": "Forward",
                          "Index Name": "movie_id_movie_keyword",
                          "Relation Name": "movie_keyword",
                          "Alias": "mk",
                          "Startup Cost": 0.43,
                          "Total Cost": 1.36,
                          "Plan Rows": 46,
                          "Plan Width": 8,
                          "Actual Startup Time": 0.026,
                          "Actual Total Time": 0.026,
                          "Actual Rows": 3,
                          "Actual Loops": 5,
                          "Index Cond": "(movie_id = t.id)",
                          "Rows Removed by Index Recheck": 0
                        }
                      ]
                    },
                    {
                      "Node Type": "Index Only Scan",
                      "Parent Relationship": "Inner",
                      "Parallel Aware": false,
                      "Scan Direction": "Forward",
                      "Index Name": "keyword_pkey",
                      "Relation Name": "keyword",
                      "Alias": "k",
                      "Startup Cost": 0.42,
                      "Total Cost": 0.44,
                      "Plan Rows": 1,
                      "Plan Width": 4,
                      "Actual Startup Time": 0.011,
                      "Actual Total Time": 0.011,
                      "Actual Rows": 1,
                      "Actual Loops": 14,
                      "Index Cond": "(id = mk.keyword_id)",
                      "Rows Removed by Index Recheck": 0,
                      "Heap Fetches": 14
                    }
                  ]
                }
              ]
            }
          ]
        }
      ]
    },
    "Planning Time": 29.511,
    "Triggers": [],
    "Execution Time": 32.493
  }
]