[
  {
    "Plan": {
      "Node Type": "Aggregate",
      "Strategy": "Plain",
      "Partial Mode": "Finalize",
      "Parallel Aware": false,
      "Startup Cost": 65989.43,
      "Total Cost": 65989.44,
      "Plan Rows": 1,
      "Plan Width": 8,
      "Actual Startup Time": 342.687,
      "Actual Total Time": 359.029,
      "Actual Rows": 1,
      "Actual Loops": 1,
      "Plans": [
        {
          "Node Type": "Gather",
          "Parent Relationship": "Outer",
          "Parallel Aware": false,
          "Startup Cost": 65989.01,
          "Total Cost": 65989.42,
          "Plan Rows": 4,
          "Plan Width": 8,
          "Actual Startup Time": 312.61,
          "Actual Total Time": 359.016,
          "Actual Rows": 5,
          "Actual Loops": 1,
          "Workers Planned": 4,
          "Workers Launched": 4,
          "Single Copy": false,
          "Plans": [
            {
              "Node Type": "Aggregate",
              "Strategy": "Plain",
              "Partial Mode": "Partial",
              "Parent Relationship": "Outer",
              "Parallel Aware": false,
              "Startup Cost": 64989.01,
              "Total Cost": 64989.02,
              "Plan Rows": 1,
              "Plan Width": 8,
              "Actual Startup Time": 312.03,
              "Actual Total Time": 312.032,
              "Actual Rows": 1,
              "Actual Loops": 5,
              "Plans": [
                {
                  "Node Type": "Nested Loop",
                  "Parent Relationship": "Outer",
                  "Parallel Aware": false,
                  "Join Type": "Inner",
                  "Startup Cost": 0.87,
                  "Total Cost": 64946.52,
                  "Plan Rows": 16993,
                  "Plan Width": 0,
                  "Actual Startup Time": 58.761,
                  "Actual Total Time": 285.545,
                  "Actual Rows": 529294,
                  "Actual Loops": 5,
                  "Inner Unique": false,
                  "Join Filter": "(t.id = mi.movie_id)",
                  "Rows Removed by Join Filter": 0,
                  "Plans": [
                    {
                      "Node Type": "Nested Loop",
                      "Parent Relationship": "Outer",
                      "Parallel Aware": false,
                      "Join Type": "Inner",
                      "Startup Cost": 0.43,
                      "Total Cost": 59574.82,
                      "Plan Rows": 2894,
                      "Plan Width": 8,
                      "Actual Startup Time": 58.642,
                      "Actual Total Time": 93.883,
                      "Actual Rows": 5856,
                      "Actual Loops": 5,
                      "Inner Unique": false,
                      "Plans": [
                        {
                          "Node Type": "Seq Scan",
                          "Parent Relationship": "Outer",
                          "Parallel Aware": true,
                          "Relation Name": "title",
                          "Alias": "t",
                          "Startup Cost": 0.0,
                          "Total Cost": 45479.59,
                          "Plan Rows": 1618,
                          "Plan Width": 4,
                          "Actual Startup Time": 58.415,
                          "Actual Total Time": 81.174,
                          "Actual Rows": 1001,
                          "Actual Loops": 5,
                          "Filter": "((kind_id = 1) AND (production_year = 1991))",
                          "Rows Removed by Filter": 504661
                        },
                        {
                          "Node Type": "Index Only Scan",
                          "Parent Relationship": "Inner",
                          "Parallel Aware": false,
                          "Scan Direction": "Forward",
                          "Index Name": "movie_id_movie_keyword",
                          "Relation Name": "movie_keyword",
                          "Alias": "mk",
                          "Startup Cost": 0.43,
                          "Total Cost": 8.25,
                          "Plan Rows": 46,
                          "Plan Width": 4,
                          "Actual Startup Time": 0.01,
                          "Actual Total Time": 0.012,
                          "Actual Rows": 6,
                          "Actual Loops": 5006,
                          "Index Cond": "(movie_id = t.id)",
                          "Rows Removed by Index Recheck": 0,
                          "Heap Fetches": 29282
                        }
                      ]
                    },
                    {
                      "Node Type": "Index Only Scan",
                      "Parent Relationship": "Inner",
                      "Parallel Aware": false,
                      "Scan Direction": "Forward",
                      "Index Name": "movie_id_movie_info",
                      "Relation Name": "movie_info",
                      "Alias": "mi",
                      "Startup Cost": 0.43,
                      "Total Cost": 1.34,
                      "Plan Rows": 41,
                      "Plan Width": 4,
                      "Actual Startup Time": 0.005,
                      "Actual Total Time": 0.024,
                      "Actual Rows": 90,
                      "Actual Loops": 29282,
                      "Index Cond": "(movie_id = mk.movie_id)",
                      "Rows Removed by Index Recheck": 0,
                      "Heap Fetches": 2646471
                    }
                  ]
                }
              ]
            }
          ]
        }
      ]
    },
    "Planning Time": 0.871,
    "Triggers": [],
    "Execution Time": 359.091
  }
]