[
    {
        "Bao": {
            "Bao prediction": 445.123,
            "Bao recommended hint": "(no hint)"
        }
    },
    {
        "Plan": {
            "Node Type": "Aggregate",
            "Strategy": "Plain",
            "Partial Mode": "Finalize",
            "Parallel Aware": false,
            "Startup Cost": 33011.17,
            "Total Cost": 33011.18,
            "Plan Rows": 1,
            "Plan Width": 8,
            "Actual Startup Time": 91.266,
            "Actual Total Time": 102.262,
            "Actual Rows": 1,
            "Actual Loops": 1,
            "Output": [
                "count(*)"
            ],
            "Plans": [
                {
                    "Node Type": "Gather",
                    "Parent Relationship": "Outer",
                    "Parallel Aware": false,
                    "Startup Cost": 33010.86,
                    "Total Cost": 33011.17,
                    "Plan Rows": 3,
                    "Plan Width": 8,
                    "Actual Startup Time": 91.201,
                    "Actual Total Time": 102.254,
                    "Actual Rows": 4,
                    "Actual Loops": 1,
                    "Output": [
                        "(PARTIAL count(*))"
                    ],
                    "Workers Planned": 3,
                    "Workers Launched": 3,
                    "Single Copy": false,
                    "Plans": [
                        {
                            "Node Type": "Aggregate",
                            "Strategy": "Plain",
                            "Partial Mode": "Partial",
                            "Parent Relationship": "Outer",
                            "Parallel Aware": false,
                            "Startup Cost": 32010.86,
                            "Total Cost": 32010.87,
                            "Plan Rows": 1,
                            "Plan Width": 8,
                            "Actual Startup Time": 83.363,
                            "Actual Total Time": 83.364,
                            "Actual Rows": 1,
                            "Actual Loops": 4,
                            "Output": [
                                "PARTIAL count(*)"
                            ],
                            "Workers": [
                                {
                                    "Worker Number": 0,
                                    "Actual Startup Time": 80.799,
                                    "Actual Total Time": 80.8,
                                    "Actual Rows": 1,
                                    "Actual Loops": 1
                                },
                                {
                                    "Worker Number": 1,
                                    "Actual Startup Time": 81.014,
                                    "Actual Total Time": 81.015,
                                    "Actual Rows": 1,
                                    "Actual Loops": 1
                                },
                                {
                                    "Worker Number": 2,
                                    "Actual Startup Time": 81.005,
                                    "Actual Total Time": 81.006,
                                    "Actual Rows": 1,
                                    "Actual Loops": 1
                                }
                            ],
                            "Plans": [
                                {
                                    "Node Type": "Seq Scan",
                                    "Parent Relationship": "Outer",
                                    "Parallel Aware": true,
                                    "Relation Name": "movie_companies",
                                    "Schema": "public",
                                    "Alias": "mc",
                                    "Startup Cost": 0.0,
                                    "Total Cost": 31414.82,
                                    "Plan Rows": 238415,
                                    "Plan Width": 0,
                                    "Actual Startup Time": 13.63,
                                    "Actual Total Time": 76.751,
                                    "Actual Rows": 130978,
                                    "Actual Loops": 4,
                                    "Output": [
                                        "id",
                                        "movie_id",
                                        "company_id",
                                        "company_type_id",
                                        "note"
                                    ],
                                    "Filter": "((mc.company_id > 7500) AND (mc.company_type_id = 1))",
                                    "Rows Removed by Filter": 521304,
                                    "Workers": [
                                        {
                                            "Worker Number": 0,
                                            "Actual Startup Time": 11.111,
                                            "Actual Total Time": 74.501,
                                            "Actual Rows": 120660,
                                            "Actual Loops": 1
                                        },
                                        {
                                            "Worker Number": 1,
                                            "Actual Startup Time": 11.26,
                                            "Actual Total Time": 74.663,
                                            "Actual Rows": 123942,
                                            "Actual Loops": 1
                                        },
                                        {
                                            "Worker Number": 2,
                                            "Actual Startup Time": 11.266,
                                            "Actual Total Time": 74.662,
                                            "Actual Rows": 125129,
                                            "Actual Loops": 1
                                        }
                                    ]
                                }
                            ]
                        }
                    ]
                }
            ]
        },
        "Planning Time": 524.108,
        "Triggers": [],
        "Execution Time": 102.341
    }
]