{
  "Plan": {
    "Node Type": "Aggregate",
    "Strategy": "Plain",
    "Partial Mode": "Finalize",
    "Parallel Aware": false,
    "Startup Cost": 389042.5,
    "Total Cost": 389042.51,
    "Plan Rows": 1,
    "Plan Width": 8,
    "Actual Startup Time": 705.288,
    "Actual Total Time": 717.209,
    "Actual Rows": 1,
    "Actual Loops": 1,
    "Plans": [
      {
        "Node Type": "Gather",
        "Parent Relationship": "Outer",
        "Parallel Aware": false,
        "Startup Cost": 389042.38,
        "Total Cost": 389042.49,
        "Plan Rows": 1,
        "Plan Width": 8,
        "Actual Startup Time": 703.286,
        "Actual Total Time": 717.199,
        "Actual Rows": 2,
        "Actual Loops": 1,
        "Workers Planned": 1,
        "Workers Launched": 1,
        "Single Copy": false,
        "Plans": [
          {
            "Node Type": "Aggregate",
            "Strategy": "Plain",
            "Partial Mode": "Partial",
            "Parent Relationship": "Outer",
            "Parallel Aware": false,
            "Startup Cost": 388042.38,
            "Total Cost": 388042.39,
            "Plan Rows": 1,
            "Plan Width": 8,
            "Actual Startup Time": 697.418,
            "Actual Total Time": 697.422,
            "Actual Rows": 1,
            "Actual Loops": 2,
            "Plans": [
              {
                "Node Type": "Hash Join",
                "Parent Relationship": "Outer",
                "Parallel Aware": true,
                "Join Type": "Inner",
                "Startup Cost": 112387.92,
                "Total Cost": 387087.88,
                "Plan Rows": 381801,
                "Plan Width": 0,
                "Actual Startup Time": 260.656,
                "Actual Total Time": 681.551,
                "Actual Rows": 371821,
                "Actual Loops": 2,
                "Inner Unique": true,
                "Hash Cond": "(ci.movie_id = t.id)",
                "Plans": [
                  {
                    "Node Type": "Bitmap Heap Scan",
                    "Parent Relationship": "Outer",
                    "Parallel Aware": true,
                    "Relation Name": "cast_info",
                    "Alias": "ci",
                    "Startup Cost": 54647.48,
                    "Total Cost": 325527.01,
                    "Plan Rows": 1455402,
                    "Plan Width": 4,
                    "Actual Startup Time": 80.177,
                    "Actual Total Time": 204.797,
                    "Actual Rows": 1253623,
                    "Actual Loops": 2,
                    "Recheck Cond": "(person_id < 243044)",
                    "Rows Removed by Index Recheck": 0,
                    "Exact Heap Blocks": 14015,
                    "Lossy Heap Blocks": 0,
                    "Plans": [
                      {
                        "Node Type": "Bitmap Index Scan",
                        "Parent Relationship": "Outer",
                        "Parallel Aware": false,
                        "Index Name": "person_id_cast_info",
                        "Startup Cost": 0.0,
                        "Total Cost": 54028.94,
                        "Plan Rows": 2474183,
                        "Plan Width": 0,
                        "Actual Startup Time": 76.24,
                        "Actual Total Time": 76.24,
                        "Actual Rows": 2507246,
                        "Actual Loops": 1,
                        "Index Cond": "(person_id < 243044)"
                      }
                    ]
                  },
                  {
                    "Node Type": "Hash",
                    "Parent Relationship": "Inner",
                    "Parallel Aware": true,
                    "Startup Cost": 52863.55,
                    "Total Cost": 52863.55,
                    "Plan Rows": 390151,
                    "Plan Width": 4,
                    "Actual Startup Time": 171.24,
                    "Actual Total Time": 171.241,
                    "Actual Rows": 331412,
                    "Actual Loops": 2,
                    "Hash Buckets": 1048576,
                    "Original Hash Buckets": 1048576,
                    "Hash Batches": 1,
                    "Original Hash Batches": 1,
                    "Peak Memory Usage": 34144,
                    "Plans": [
                      {
                        "Node Type": "Bitmap Heap Scan",
                        "Parent Relationship": "Outer",
                        "Parallel Aware": true,
                        "Relation Name": "title",
                        "Alias": "t",
                        "Startup Cost": 11988.66,
                        "Total Cost": 52863.55,
                        "Plan Rows": 390151,
                        "Plan Width": 4,
                        "Actual Startup Time": 31.365,
                        "Actual Total Time": 92.133,
                        "Actual Rows": 331412,
                        "Actual Loops": 2,
                        "Recheck Cond": "(kind_id = 1)",
                        "Rows Removed by Index Recheck": 0,
                        "Exact Heap Blocks": 7765,
                        "Lossy Heap Blocks": 0,
                        "Plans": [
                          {
                            "Node Type": "Bitmap Index Scan",
                            "Parent Relationship": "Outer",
                            "Parallel Aware": false,
                            "Index Name": "kind_id_title",
                            "Startup Cost": 0.0,
                            "Total Cost": 11822.85,
                            "Plan Rows": 663256,
                            "Plan Width": 0,
                            "Actual Startup Time": 29.488,
                            "Actual Total Time": 29.488,
                            "Actual Rows": 662825,
                            "Actual Loops": 1,
                            "Index Cond": "(kind_id = 1)"
                          }
                        ]
                      }
                    ]
                  }
                ]
              }
            ]
          }
        ]
      }
    ]
  },
  "Planning Time": 0.72,
  "Triggers": [],
  "Execution Time": 717.311
}