[
  {
    "Plan": {
      "Node Type": "Aggregate",
      "Strategy": "Plain",
      "Partial Mode": "Simple",
      "Parallel Aware": false,
      "Startup Cost": 20766.97,
      "Total Cost": 20766.98,
      "Plan Rows": 1,
      "Plan Width": 8,
      "Actual Startup Time": 17.178,
      "Actual Total Time": 17.179,
      "Actual Rows": 1,
      "Actual Loops": 1,
      "Plans": [
        {
          "Node Type": "Bitmap Heap Scan",
          "Parent Relationship": "Outer",
          "Parallel Aware": false,
          "Relation Name": "movie_keyword",
          "Alias": "mk",
          "Startup Cost": 256.76,
          "Total Cost": 20737.19,
          "Plan Rows": 11913,
          "Plan Width": 0,
          "Actual Startup Time": 2.931,
          "Actual Total Time": 16.032,
          "Actual Rows": 10544,
          "Actual Loops": 1,
          "Recheck Cond": "(keyword_id = 398)",
          "Rows Removed by Index Recheck": 0,
          "Exact Heap Blocks": 5570,
          "Lossy Heap Blocks": 0,
          "Plans": [
            {
              "Node Type": "Bitmap Index Scan",
              "Parent Relationship": "Outer",
              "Parallel Aware": false,
              "Index Name": "keyword_id_movie_keyword",
              "Startup Cost": 0.0,
              "Total Cost": 253.78,
              "Plan Rows": 11913,
              "Plan Width": 0,
              "Actual Startup Time": 1.579,
              "Actual Total Time": 1.58,
              "Actual Rows": 10544,
              "Actual Loops": 1,
              "Index Cond": "(keyword_id = 398)"
            }
          ]
        }
      ]
    },
    "Planning Time": 0.1,
    "Triggers": [],
    "Execution Time": 17.218
  }
]