[
  {
    "Plan": {
      "Node Type": "Aggregate",
      "Strategy": "Plain",
      "Partial Mode": "Finalize",
      "Parallel Aware": false,
      "Startup Cost": 239474.75,
      "Total Cost": 239474.76,
      "Plan Rows": 1,
      "Plan Width": 8,
      "Actual Startup Time": 418.541,
      "Actual Total Time": 436.772,
      "Actual Rows": 1,
      "Actual Loops": 1,
      "Plans": [
        {
          "Node Type": "Gather",
          "Parent Relationship": "Outer",
          "Parallel Aware": false,
          "Startup Cost": 239474.23,
          "Total Cost": 239474.74,
          "Plan Rows": 5,
          "Plan Width": 8,
          "Actual Startup Time": 404.201,
          "Actual Total Time": 436.762,
          "Actual Rows": 6,
          "Actual Loops": 1,
          "Workers Planned": 5,
          "Workers Launched": 5,
          "Single Copy": false,
          "Plans": [
            {
              "Node Type": "Aggregate",
              "Strategy": "Plain",
              "Partial Mode": "Partial",
              "Parent Relationship": "Outer",
              "Parallel Aware": false,
              "Startup Cost": 238474.23,
              "Total Cost": 238474.24,
              "Plan Rows": 1,
              "Plan Width": 8,
              "Actual Startup Time": 387.782,
              "Actual Total Time": 387.786,
              "Actual Rows": 1,
              "Actual Loops": 6,
              "Plans": [
                {
                  "Node Type": "Hash Join",
                  "Parent Relationship": "Outer",
                  "Parallel Aware": true,
                  "Join Type": "Inner",
                  "Startup Cost": 72376.16,
                  "Total Cost": 238130.16,
                  "Plan Rows": 137629,
                  "Plan Width": 0,
                  "Actual Startup Time": 273.739,
                  "Actual Total Time": 385.817,
                  "Actual Rows": 37014,
                  "Actual Loops": 6,
                  "Inner Unique": true,
                  "Hash Cond": "(mi.movie_id = t.id)",
                  "Plans": [
                    {
                      "Node Type": "Bitmap Heap Scan",
                      "Parent Relationship": "Outer",
                      "Parallel Aware": true,
                      "Relation Name": "movie_info",
                      "Alias": "mi",
                      "Startup Cost": 22524.06,
                      "Total Cost": 187625.32,
                      "Plan Rows": 248661,
                      "Plan Width": 4,
                      "Actual Startup Time": 49.806,
                      "Actual Total Time": 118.528,
                      "Actual Rows": 200785,
                      "Actual Loops": 6,
                      "Recheck Cond": "(info_type_id > 18)",
                      "Rows Removed by Index Recheck": 0,
                      "Exact Heap Blocks": 7539,
                      "Lossy Heap Blocks": 0,
                      "Plans": [
                        {
                          "Node Type": "Bitmap Index Scan",
                          "Parent Relationship": "Outer",
                          "Parallel Aware": false,
                          "Index Name": "info_type_id_movie_info",
                          "Startup Cost": 0.0,
                          "Total Cost": 22213.23,
                          "Plan Rows": 1243306,
                          "Plan Width": 0,
                          "Actual Startup Time": 43.96,
                          "Actual Total Time": 43.961,
                          "Actual Rows": 1204709,
                          "Actual Loops": 1,
                          "Index Cond": "(info_type_id > 18)"
                        }
                      ]
                    },
                    {
                      "Node Type": "Hash",
                      "Parent Relationship": "Inner",
                      "Parallel Aware": true,
                      "Startup Cost": 45479.1,
                      "Total Cost": 45479.1,
                      "Plan Rows": 349840,
                      "Plan Width": 4,
                      "Actual Startup Time": 201.74,
                      "Actual Total Time": 201.741,
                      "Actual Rows": 253099,
                      "Actual Loops": 6,
                      "Hash Buckets": 2097152,
                      "Original Hash Buckets": 2097152,
                      "Hash Batches": 1,
                      "Original Hash Batches": 1,
                      "Peak Memory Usage": 75872,
                      "Plans": [
                        {
                          "Node Type": "Seq Scan",
                          "Parent Relationship": "Outer",
                          "Parallel Aware": true,
                          "Relation Name": "title",
                          "Alias": "t",
                          "Startup Cost": 0.0,
                          "Total Cost": 45479.1,
                          "Plan Rows": 349840,
                          "Plan Width": 4,
                          "Actual Startup Time": 0.042,
                          "Actual Total Time": 85.943,
                          "Actual Rows": 253099,
                          "Actual Loops": 6,
                          "Filter": "((kind_id > 1) AND (production_year > 1983))",
                          "Rows Removed by Filter": 168287
                        }
                      ]
                    }
                  ]
                }
              ]
            }
          ]
        }
      ]
    },
    "Planning Time": 0.553,
    "Triggers": [],
    "Execution Time": 436.86
  }
]