[
  {
    "Plan": {
      "Node Type": "Aggregate",
      "Strategy": "Plain",
      "Partial Mode": "Finalize",
      "Parallel Aware": false,
      "Startup Cost": 89799.62,
      "Total Cost": 89799.63,
      "Plan Rows": 1,
      "Plan Width": 8,
      "Actual Startup Time": 389.005,
      "Actual Total Time": 404.063,
      "Actual Rows": 1,
      "Actual Loops": 1,
      "Plans": [
        {
          "Node Type": "Gather",
          "Parent Relationship": "Outer",
          "Parallel Aware": false,
          "Startup Cost": 89799.3,
          "Total Cost": 89799.61,
          "Plan Rows": 3,
          "Plan Width": 8,
          "Actual Startup Time": 380.462,
          "Actual Total Time": 404.048,
          "Actual Rows": 4,
          "Actual Loops": 1,
          "Workers Planned": 3,
          "Workers Launched": 3,
          "Single Copy": false,
          "Plans": [
            {
              "Node Type": "Aggregate",
              "Strategy": "Plain",
              "Partial Mode": "Partial",
              "Parent Relationship": "Outer",
              "Parallel Aware": false,
              "Startup Cost": 88799.3,
              "Total Cost": 88799.31,
              "Plan Rows": 1,
              "Plan Width": 8,
              "Actual Startup Time": 371.858,
              "Actual Total Time": 371.864,
              "Actual Rows": 1,
              "Actual Loops": 4,
              "Plans": [
                {
                  "Node Type": "Hash Join",
                  "Parent Relationship": "Outer",
                  "Parallel Aware": true,
                  "Join Type": "Inner",
                  "Startup Cost": 61389.88,
                  "Total Cost": 88567.55,
                  "Plan Rows": 92702,
                  "Plan Width": 0,
                  "Actual Startup Time": 278.143,
                  "Actual Total Time": 369.73,
                  "Actual Rows": 32204,
                  "Actual Loops": 4,
                  "Inner Unique": true,
                  "Hash Cond": "(mk.movie_id = t.id)",
                  "Plans": [
                    {
                      "Node Type": "Bitmap Heap Scan",
                      "Parent Relationship": "Outer",
                      "Parallel Aware": true,
                      "Relation Name": "movie_keyword",
                      "Alias": "mk",
                      "Startup Cost": 11842.79,
                      "Total Cost": 38547.76,
                      "Plan Rows": 180077,
                      "Plan Width": 4,
                      "Actual Startup Time": 32.88,
                      "Actual Total Time": 91.355,
                      "Actual Rows": 139206,
                      "Actual Loops": 4,
                      "Recheck Cond": "(keyword_id > 32988)",
                      "Rows Removed by Index Recheck": 0,
                      "Exact Heap Blocks": 7439,
                      "Lossy Heap Blocks": 0,
                      "Plans": [
                        {
                          "Node Type": "Bitmap Index Scan",
                          "Parent Relationship": "Outer",
                          "Parallel Aware": false,
                          "Index Name": "keyword_id_movie_keyword",
                          "Startup Cost": 0.0,
                          "Total Cost": 11703.23,
                          "Plan Rows": 558240,
                          "Plan Width": 0,
                          "Actual Startup Time": 29.25,
                          "Actual Total Time": 29.251,
                          "Actual Rows": 556825,
                          "Actual Loops": 1,
                          "Index Cond": "(keyword_id > 32988)"
                        }
                      ]
                    },
                    {
                      "Node Type": "Hash",
                      "Parent Relationship": "Inner",
                      "Parallel Aware": true,
                      "Startup Cost": 45479.59,
                      "Total Cost": 45479.59,
                      "Plan Rows": 325400,
                      "Plan Width": 4,
                      "Actual Startup Time": 240.07,
                      "Actual Total Time": 240.072,
                      "Actual Rows": 353437,
                      "Actual Loops": 4,
                      "Hash Buckets": 2097152,
                      "Original Hash Buckets": 2097152,
                      "Hash Batches": 1,
                      "Original Hash Batches": 1,
                      "Peak Memory Usage": 71744,
                      "Plans": [
                        {
                          "Node Type": "Seq Scan",
                          "Parent Relationship": "Outer",
                          "Parallel Aware": true,
                          "Relation Name": "title",
                          "Alias": "t",
                          "Startup Cost": 0.0,
                          "Total Cost": 45479.59,
                          "Plan Rows": 325400,
                          "Plan Width": 4,
                          "Actual Startup Time": 0.038,
                          "Actual Total Time": 110.514,
                          "Actual Rows": 353437,
                          "Actual Loops": 4,
                          "Filter": "((kind_id > 1) AND (production_year > 1990))",
                          "Rows Removed by Filter": 278641
                        }
                      ]
                    }
                  ]
                }
              ]
            }
          ]
        }
      ]
    },
    "Planning Time": 0.283,
    "Triggers": [],
    "Execution Time": 404.115
  }
]