{
  "Plan": {
    "Node Type": "Aggregate",
    "Strategy": "Plain",
    "Partial Mode": "Finalize",
    "Parallel Aware": false,
    "Startup Cost": 345750.94,
    "Total Cost": 345750.95,
    "Plan Rows": 1,
    "Plan Width": 8,
    "Actual Startup Time": 1393.448,
    "Actual Total Time": 1424.216,
    "Actual Rows": 1,
    "Actual Loops": 1,
    "Plans": [
      {
        "Node Type": "Gather",
        "Parent Relationship": "Outer",
        "Parallel Aware": false,
        "Startup Cost": 345750.83,
        "Total Cost": 345750.94,
        "Plan Rows": 1,
        "Plan Width": 8,
        "Actual Startup Time": 1392.982,
        "Actual Total Time": 1424.207,
        "Actual Rows": 2,
        "Actual Loops": 1,
        "Workers Planned": 1,
        "Workers Launched": 1,
        "Single Copy": false,
        "Plans": [
          {
            "Node Type": "Aggregate",
            "Strategy": "Plain",
            "Partial Mode": "Partial",
            "Parent Relationship": "Outer",
            "Parallel Aware": false,
            "Startup Cost": 344750.83,
            "Total Cost": 344750.84,
            "Plan Rows": 1,
            "Plan Width": 8,
            "Actual Startup Time": 1387.135,
            "Actual Total Time": 1387.139,
            "Actual Rows": 1,
            "Actual Loops": 2,
            "Plans": [
              {
                "Node Type": "Hash Join",
                "Parent Relationship": "Outer",
                "Parallel Aware": true,
                "Join Type": "Inner",
                "Startup Cost": 38720.74,
                "Total Cost": 344528.95,
                "Plan Rows": 88750,
                "Plan Width": 0,
                "Actual Startup Time": 67.601,
                "Actual Total Time": 1383.969,
                "Actual Rows": 41752,
                "Actual Loops": 2,
                "Inner Unique": true,
                "Hash Cond": "(ci.movie_id = t.id)",
                "Plans": [
                  {
                    "Node Type": "Index Scan",
                    "Parent Relationship": "Outer",
                    "Parallel Aware": true,
                    "Scan Direction": "Forward",
                    "Index Name": "role_id_cast_info",
                    "Relation Name": "cast_info",
                    "Alias": "ci",
                    "Startup Cost": 0.56,
                    "Total Cost": 291150.53,
                    "Plan Rows": 5584086,
                    "Plan Width": 4,
                    "Actual Startup Time": 0.081,
                    "Actual Total Time": 720.385,
                    "Actual Rows": 4692352,
                    "Actual Loops": 2,
                    "Index Cond": "(role_id > 4)",
                    "Rows Removed by Index Recheck": 0
                  },
                  {
                    "Node Type": "Hash",
                    "Parent Relationship": "Inner",
                    "Parallel Aware": true,
                    "Startup Cost": 38424.71,
                    "Total Cost": 38424.71,
                    "Plan Rows": 23637,
                    "Plan Width": 4,
                    "Actual Startup Time": 66.753,
                    "Actual Total Time": 66.754,
                    "Actual Rows": 18772,
                    "Actual Loops": 2,
                    "Hash Buckets": 65536,
                    "Original Hash Buckets": 65536,
                    "Hash Batches": 1,
                    "Original Hash Batches": 1,
                    "Peak Memory Usage": 2016,
                    "Plans": [
                      {
                        "Node Type": "Bitmap Heap Scan",
                        "Parent Relationship": "Outer",
                        "Parallel Aware": true,
                        "Relation Name": "title",
                        "Alias": "t",
                        "Startup Cost": 1626.58,
                        "Total Cost": 38424.71,
                        "Plan Rows": 23637,
                        "Plan Width": 4,
                        "Actual Startup Time": 17.884,
                        "Actual Total Time": 62.564,
                        "Actual Rows": 18772,
                        "Actual Loops": 2,
                        "Recheck Cond": "(kind_id = 2)",
                        "Rows Removed by Index Recheck": 0,
                        "Filter": "(production_year > 2004)",
                        "Rows Removed by Filter": 26654,
                        "Exact Heap Blocks": 21231,
                        "Lossy Heap Blocks": 0,
                        "Plans": [
                          {
                            "Node Type": "Bitmap Index Scan",
                            "Parent Relationship": "Outer",
                            "Parallel Aware": false,
                            "Index Name": "kind_id_title",
                            "Startup Cost": 0.0,
                            "Total Cost": 1616.54,
                            "Plan Rows": 90681,
                            "Plan Width": 0,
                            "Actual Startup Time": 15.615,
                            "Actual Total Time": 15.616,
                            "Actual Rows": 90852,
                            "Actual Loops": 1,
                            "Index Cond": "(kind_id = 2)"
                          }
                        ]
                      }
                    ]
                  }
                ]
              }
            ]
          }
        ]
      }
    ]
  },
  "Planning Time": 0.304,
  "Triggers": [],
  "Execution Time": 1424.285
}