[
  {
    "Plan": {
      "Node Type": "Aggregate",
      "Strategy": "Plain",
      "Partial Mode": "Finalize",
      "Parallel Aware": false,
      "Startup Cost": 44642.69,
      "Total Cost": 44642.7,
      "Plan Rows": 1,
      "Plan Width": 8,
      "Actual Startup Time": 126.401,
      "Actual Total Time": 136.04,
      "Actual Rows": 1,
      "Actual Loops": 1,
      "Plans": [
        {
          "Node Type": "Gather",
          "Parent Relationship": "Outer",
          "Parallel Aware": false,
          "Startup Cost": 44642.37,
          "Total Cost": 44642.68,
          "Plan Rows": 3,
          "Plan Width": 8,
          "Actual Startup Time": 126.3,
          "Actual Total Time": 136.033,
          "Actual Rows": 4,
          "Actual Loops": 1,
          "Workers Planned": 3,
          "Workers Launched": 3,
          "Single Copy": false,
          "Plans": [
            {
              "Node Type": "Aggregate",
              "Strategy": "Plain",
              "Partial Mode": "Partial",
              "Parent Relationship": "Outer",
              "Parallel Aware": false,
              "Startup Cost": 43642.37,
              "Total Cost": 43642.38,
              "Plan Rows": 1,
              "Plan Width": 8,
              "Actual Startup Time": 119.154,
              "Actual Total Time": 119.155,
              "Actual Rows": 1,
              "Actual Loops": 4,
              "Plans": [
                {
                  "Node Type": "Seq Scan",
                  "Parent Relationship": "Outer",
                  "Parallel Aware": true,
                  "Relation Name": "movie_keyword",
                  "Alias": "mk",
                  "Startup Cost": 0.0,
                  "Total Cost": 42695.65,
                  "Plan Rows": 378686,
                  "Plan Width": 0,
                  "Actual Startup Time": 2.386,
                  "Actual Total Time": 104.607,
                  "Actual Rows": 295170,
                  "Actual Loops": 4,
                  "Filter": "(keyword_id > 15787)",
                  "Rows Removed by Filter": 835812
                }
              ]
            }
          ]
        }
      ]
    },
    "Planning Time": 0.176,
    "Triggers": [],
    "Execution Time": 136.079
  }
]