{
  "Plan": {
    "Node Type": "Aggregate",
    "Strategy": "Plain",
    "Partial Mode": "Finalize",
    "Parallel Aware": false,
    "Startup Cost": 231016.82,
    "Total Cost": 231016.83,
    "Plan Rows": 1,
    "Plan Width": 8,
    "Actual Startup Time": 998.526,
    "Actual Total Time": 1014.523,
    "Actual Rows": 1,
    "Actual Loops": 1,
    "Plans": [
      {
        "Node Type": "Gather",
        "Parent Relationship": "Outer",
        "Parallel Aware": false,
        "Startup Cost": 231016.71,
        "Total Cost": 231016.82,
        "Plan Rows": 1,
        "Plan Width": 8,
        "Actual Startup Time": 996.577,
        "Actual Total Time": 1014.515,
        "Actual Rows": 2,
        "Actual Loops": 1,
        "Workers Planned": 1,
        "Workers Launched": 1,
        "Single Copy": false,
        "Plans": [
          {
            "Node Type": "Aggregate",
            "Strategy": "Plain",
            "Partial Mode": "Partial",
            "Parent Relationship": "Outer",
            "Parallel Aware": false,
            "Startup Cost": 230016.71,
            "Total Cost": 230016.72,
            "Plan Rows": 1,
            "Plan Width": 8,
            "Actual Startup Time": 993.564,
            "Actual Total Time": 993.568,
            "Actual Rows": 1,
            "Actual Loops": 2,
            "Plans": [
              {
                "Node Type": "Hash Join",
                "Parent Relationship": "Outer",
                "Parallel Aware": false,
                "Join Type": "Inner",
                "Startup Cost": 104596.94,
                "Total Cost": 230016.55,
                "Plan Rows": 65,
                "Plan Width": 0,
                "Actual Startup Time": 311.358,
                "Actual Total Time": 993.547,
                "Actual Rows": 26,
                "Actual Loops": 2,
                "Inner Unique": false,
                "Hash Cond": "(t.id = ci.movie_id)",
                "Plans": [
                  {
                    "Node Type": "Merge Join",
                    "Parent Relationship": "Outer",
                    "Parallel Aware": false,
                    "Join Type": "Inner",
                    "Startup Cost": 103532.3,
                    "Total Cost": 213205.1,
                    "Plan Rows": 331498,
                    "Plan Width": 8,
                    "Actual Startup Time": 284.956,
                    "Actual Total Time": 981.791,
                    "Actual Rows": 176759,
                    "Actual Loops": 2,
                    "Inner Unique": false,
                    "Merge Cond": "(t.id = mc.movie_id)",
                    "Plans": [
                      {
                        "Node Type": "Index Only Scan",
                        "Parent Relationship": "Outer",
                        "Parallel Aware": true,
                        "Scan Direction": "Forward",
                        "Index Name": "title_pkey",
                        "Relation Name": "title",
                        "Alias": "t",
                        "Startup Cost": 0.43,
                        "Total Cost": 99929.35,
                        "Plan Rows": 1487231,
                        "Plan Width": 4,
                        "Actual Startup Time": 0.065,
                        "Actual Total Time": 582.415,
                        "Actual Rows": 1262840,
                        "Actual Loops": 2,
                        "Heap Fetches": 2525679
                      },
                      {
                        "Node Type": "Sort",
                        "Parent Relationship": "Inner",
                        "Parallel Aware": false,
                        "Startup Cost": 103529.78,
                        "Total Cost": 104938.64,
                        "Plan Rows": 563547,
                        "Plan Width": 4,
                        "Actual Startup Time": 284.837,
                        "Actual Total Time": 301.895,
                        "Actual Rows": 353518,
                        "Actual Loops": 2,
                        "Sort Key": [
                          "mc.movie_id"
                        ],
                        "Sort Method": "quicksort",
                        "Sort Space Used": 28860,
                        "Sort Space Type": "Memory",
                        "Workers": [
                          {
                            "Worker Number": 0,
                            "Sort Method": "quicksort",
                            "Sort Space Used": 28860,
                            "Sort Space Type": "Memory"
                          }
                        ],
                        "Plans": [
                          {
                            "Node Type": "Index Scan",
                            "Parent Relationship": "Outer",
                            "Parallel Aware": false,
                            "Scan Direction": "Forward",
                            "Index Name": "company_type_id_movie_companies",
                            "Relation Name": "movie_companies",
                            "Alias": "mc",
                            "Startup Cost": 0.43,
                            "Total Cost": 49699.27,
                            "Plan Rows": 563547,
                            "Plan Width": 4,
                            "Actual Startup Time": 0.096,
                            "Actual Total Time": 207.833,
                            "Actual Rows": 353518,
                            "Actual Loops": 2,
                            "Index Cond": "(company_type_id = 2)",
                            "Rows Removed by Index Recheck": 0,
                            "Filter": "(company_id < 7752)",
                            "Rows Removed by Filter": 981365
                          }
                        ]
                      }
                    ]
                  },
                  {
                    "Node Type": "Hash",
                    "Parent Relationship": "Inner",
                    "Parallel Aware": false,
                    "Startup Cost": 1058.43,
                    "Total Cost": 1058.43,
                    "Plan Rows": 497,
                    "Plan Width": 4,
                    "Actual Startup Time": 0.392,
                    "Actual Total Time": 0.393,
                    "Actual Rows": 113,
                    "Actual Loops": 2,
                    "Hash Buckets": 1024,
                    "Original Hash Buckets": 1024,
                    "Hash Batches": 1,
                    "Original Hash Batches": 1,
                    "Peak Memory Usage": 12,
                    "Plans": [
                      {
                        "Node Type": "Index Scan",
                        "Parent Relationship": "Outer",
                        "Parallel Aware": false,
                        "Scan Direction": "Forward",
                        "Index Name": "person_id_cast_info",
                        "Relation Name": "cast_info",
                        "Alias": "ci",
                        "Startup Cost": 0.56,
                        "Total Cost": 1058.43,
                        "Plan Rows": 497,
                        "Plan Width": 4,
                        "Actual Startup Time": 0.294,
                        "Actual Total Time": 0.358,
                        "Actual Rows": 113,
                        "Actual Loops": 2,
                        "Index Cond": "(person_id = 2094461)",
                        "Rows Removed by Index Recheck": 0
                      }
                    ]
                  }
                ]
              }
            ]
          }
        ]
      }
    ]
  },
  "Planning Time": 0.589,
  "Triggers": [],
  "Execution Time": 1017.059
}