[
  {
    "Plan": {
      "Node Type": "Aggregate",
      "Strategy": "Plain",
      "Partial Mode": "Finalize",
      "Parallel Aware": false,
      "Startup Cost": 108651.57,
      "Total Cost": 108651.58,
      "Plan Rows": 1,
      "Plan Width": 8,
      "Actual Startup Time": 459.977,
      "Actual Total Time": 478.965,
      "Actual Rows": 1,
      "Actual Loops": 1,
      "Plans": [
        {
          "Node Type": "Gather",
          "Parent Relationship": "Outer",
          "Parallel Aware": false,
          "Startup Cost": 108651.26,
          "Total Cost": 108651.57,
          "Plan Rows": 3,
          "Plan Width": 8,
          "Actual Startup Time": 457.414,
          "Actual Total Time": 478.954,
          "Actual Rows": 4,
          "Actual Loops": 1,
          "Workers Planned": 3,
          "Workers Launched": 3,
          "Single Copy": false,
          "Plans": [
            {
              "Node Type": "Aggregate",
              "Strategy": "Plain",
              "Partial Mode": "Partial",
              "Parent Relationship": "Outer",
              "Parallel Aware": false,
              "Startup Cost": 107651.26,
              "Total Cost": 107651.27,
              "Plan Rows": 1,
              "Plan Width": 8,
              "Actual Startup Time": 448.478,
              "Actual Total Time": 448.621,
              "Actual Rows": 1,
              "Actual Loops": 4,
              "Plans": [
                {
                  "Node Type": "Hash Join",
                  "Parent Relationship": "Outer",
                  "Parallel Aware": true,
                  "Join Type": "Inner",
                  "Startup Cost": 61611.24,
                  "Total Cost": 107574.05,
                  "Plan Rows": 30883,
                  "Plan Width": 0,
                  "Actual Startup Time": 244.978,
                  "Actual Total Time": 441.031,
                  "Actual Rows": 147452,
                  "Actual Loops": 4,
                  "Inner Unique": false,
                  "Hash Cond": "(mk.movie_id = t.id)",
                  "Plans": [
                    {
                      "Node Type": "Seq Scan",
                      "Parent Relationship": "Outer",
                      "Parallel Aware": true,
                      "Relation Name": "movie_keyword",
                      "Alias": "mk",
                      "Startup Cost": 0.0,
                      "Total Cost": 42695.65,
                      "Plan Rows": 836927,
                      "Plan Width": 4,
                      "Actual Startup Time": 0.031,
                      "Actual Total Time": 123.656,
                      "Actual Rows": 647681,
                      "Actual Loops": 4,
                      "Filter": "(keyword_id < 6890)",
                      "Rows Removed by Filter": 483302
                    },
                    {
                      "Node Type": "Hash",
                      "Parent Relationship": "Inner",
                      "Parallel Aware": true,
                      "Startup Cost": 61125.34,
                      "Total Cost": 61125.34,
                      "Plan Rows": 38872,
                      "Plan Width": 8,
                      "Actual Startup Time": 242.931,
                      "Actual Total Time": 243.073,
                      "Actual Rows": 27386,
                      "Actual Loops": 4,
                      "Hash Buckets": 131072,
                      "Original Hash Buckets": 131072,
                      "Hash Batches": 1,
                      "Original Hash Batches": 1,
                      "Peak Memory Usage": 5376,
                      "Plans": [
                        {
                          "Node Type": "Hash Join",
                          "Parent Relationship": "Outer",
                          "Parallel Aware": true,
                          "Join Type": "Inner",
                          "Startup Cost": 45498.72,
                          "Total Cost": 61125.34,
                          "Plan Rows": 38872,
                          "Plan Width": 8,
                          "Actual Startup Time": 159.154,
                          "Actual Total Time": 233.811,
                          "Actual Rows": 27386,
                          "Actual Loops": 4,
                          "Inner Unique": true,
                          "Hash Cond": "(mi_idx.movie_id = t.id)",
                          "Plans": [
                            {
                              "Node Type": "Seq Scan",
                              "Parent Relationship": "Outer",
                              "Parallel Aware": true,
                              "Relation Name": "movie_info_idx",
                              "Alias": "mi_idx",
                              "Startup Cost": 0.0,
                              "Total Cost": 15122.68,
                              "Plan Rows": 191978,
                              "Plan Width": 4,
                              "Actual Startup Time": 0.029,
                              "Actual Total Time": 35.689,
                              "Actual Rows": 114981,
                              "Actual Loops": 4,
                              "Filter": "(info_type_id = 101)",
                              "Rows Removed by Filter": 230028
                            },
                            {
                              "Node Type": "Hash",
                              "Parent Relationship": "Inner",
                              "Parallel Aware": true,
                              "Startup Cost": 43898.92,
                              "Total Cost": 43898.92,
                              "Plan Rows": 127984,
                              "Plan Width": 4,
                              "Actual Startup Time": 156.721,
                              "Actual Total Time": 156.723,
                              "Actual Rows": 130934,
                              "Actual Loops": 4,
                              "Hash Buckets": 524288,
                              "Original Hash Buckets": 524288,
                              "Hash Batches": 1,
                              "Original Hash Batches": 1,
                              "Peak Memory Usage": 24672,
                              "Plans": [
                                {
                                  "Node Type": "Seq Scan",
                                  "Parent Relationship": "Outer",
                                  "Parallel Aware": true,
                                  "Relation Name": "title",
                                  "Alias": "t",
                                  "Startup Cost": 0.0,
                                  "Total Cost": 43898.92,
                                  "Plan Rows": 127984,
                                  "Plan Width": 4,
                                  "Actual Startup Time": 0.045,
                                  "Actual Total Time": 109.421,
                                  "Actual Rows": 130934,
                                  "Actual Loops": 4,
                                  "Filter": "(production_year < 1981)",
                                  "Rows Removed by Filter": 501144
                                }
                              ]
                            }
                          ]
                        }
                      ]
                    }
                  ]
                }
              ]
            }
          ]
        }
      ]
    },
    "Planning Time": 1.383,
    "Triggers": [],
    "Execution Time": 479.051
  }
]