[
  {
    "Plan": {
      "Node Type": "Aggregate",
      "Strategy": "Plain",
      "Partial Mode": "Finalize",
      "Parallel Aware": false,
      "Startup Cost": 46115.29,
      "Total Cost": 46115.3,
      "Plan Rows": 1,
      "Plan Width": 8,
      "Actual Startup Time": 153.151,
      "Actual Total Time": 163.781,
      "Actual Rows": 1,
      "Actual Loops": 1,
      "Plans": [
        {
          "Node Type": "Gather",
          "Parent Relationship": "Outer",
          "Parallel Aware": false,
          "Startup Cost": 46114.97,
          "Total Cost": 46115.28,
          "Plan Rows": 3,
          "Plan Width": 8,
          "Actual Startup Time": 153.029,
          "Actual Total Time": 163.77,
          "Actual Rows": 4,
          "Actual Loops": 1,
          "Workers Planned": 3,
          "Workers Launched": 3,
          "Single Copy": false,
          "Plans": [
            {
              "Node Type": "Aggregate",
              "Strategy": "Plain",
              "Partial Mode": "Partial",
              "Parent Relationship": "Outer",
              "Parallel Aware": false,
              "Startup Cost": 45114.97,
              "Total Cost": 45114.98,
              "Plan Rows": 1,
              "Plan Width": 8,
              "Actual Startup Time": 148.065,
              "Actual Total Time": 148.066,
              "Actual Rows": 1,
              "Actual Loops": 4,
              "Plans": [
                {
                  "Node Type": "Seq Scan",
                  "Parent Relationship": "Outer",
                  "Parallel Aware": true,
                  "Relation Name": "movie_keyword",
                  "Alias": "mk",
                  "Startup Cost": 0.0,
                  "Total Cost": 42695.65,
                  "Plan Rows": 967727,
                  "Plan Width": 0,
                  "Actual Startup Time": 0.163,
                  "Actual Total Time": 116.425,
                  "Actual Rows": 750818,
                  "Actual Loops": 4,
                  "Filter": "(keyword_id > 2199)",
                  "Rows Removed by Filter": 380164
                }
              ]
            }
          ]
        }
      ]
    },
    "Planning Time": 0.098,
    "Triggers": [],
    "Execution Time": 163.829
  }
]