[
  {
    "Plan": {
      "Node Type": "Aggregate",
      "Strategy": "Plain",
      "Partial Mode": "Finalize",
      "Parallel Aware": false,
      "Startup Cost": 337157.65,
      "Total Cost": 337157.66,
      "Plan Rows": 1,
      "Plan Width": 8,
      "Actual Startup Time": 815.119,
      "Actual Total Time": 863.814,
      "Actual Rows": 1,
      "Actual Loops": 1,
      "Plans": [
        {
          "Node Type": "Gather",
          "Parent Relationship": "Outer",
          "Parallel Aware": false,
          "Startup Cost": 337157.03,
          "Total Cost": 337157.64,
          "Plan Rows": 6,
          "Plan Width": 8,
          "Actual Startup Time": 814.924,
          "Actual Total Time": 863.792,
          "Actual Rows": 7,
          "Actual Loops": 1,
          "Workers Planned": 6,
          "Workers Launched": 6,
          "Single Copy": false,
          "Plans": [
            {
              "Node Type": "Aggregate",
              "Strategy": "Plain",
              "Partial Mode": "Partial",
              "Parent Relationship": "Outer",
              "Parallel Aware": false,
              "Startup Cost": 336157.03,
              "Total Cost": 336157.04,
              "Plan Rows": 1,
              "Plan Width": 8,
              "Actual Startup Time": 805.473,
              "Actual Total Time": 805.475,
              "Actual Rows": 1,
              "Actual Loops": 7,
              "Plans": [
                {
                  "Node Type": "Seq Scan",
                  "Parent Relationship": "Outer",
                  "Parallel Aware": true,
                  "Relation Name": "cast_info",
                  "Alias": "ci",
                  "Startup Cost": 0.0,
                  "Total Cost": 328211.39,
                  "Plan Rows": 3178254,
                  "Plan Width": 0,
                  "Actual Startup Time": 0.061,
                  "Actual Total Time": 651.969,
                  "Actual Rows": 2753035,
                  "Actual Loops": 7,
                  "Filter": "(person_id < 1925924)",
                  "Rows Removed by Filter": 2424728
                }
              ]
            }
          ]
        }
      ]
    },
    "Planning Time": 0.1,
    "Triggers": [],
    "Execution Time": 863.86
  }
]