[
  {
    "Plan": {
      "Node Type": "Aggregate",
      "Strategy": "Plain",
      "Partial Mode": "Finalize",
      "Parallel Aware": false,
      "Startup Cost": 50093.78,
      "Total Cost": 50093.79,
      "Plan Rows": 1,
      "Plan Width": 8,
      "Actual Startup Time": 123.279,
      "Actual Total Time": 133.749,
      "Actual Rows": 1,
      "Actual Loops": 1,
      "Plans": [
        {
          "Node Type": "Gather",
          "Parent Relationship": "Outer",
          "Parallel Aware": false,
          "Startup Cost": 50093.36,
          "Total Cost": 50093.77,
          "Plan Rows": 4,
          "Plan Width": 8,
          "Actual Startup Time": 123.178,
          "Actual Total Time": 133.741,
          "Actual Rows": 5,
          "Actual Loops": 1,
          "Workers Planned": 4,
          "Workers Launched": 4,
          "Single Copy": false,
          "Plans": [
            {
              "Node Type": "Aggregate",
              "Strategy": "Plain",
              "Partial Mode": "Partial",
              "Parent Relationship": "Outer",
              "Parallel Aware": false,
              "Startup Cost": 49093.36,
              "Total Cost": 49093.37,
              "Plan Rows": 1,
              "Plan Width": 8,
              "Actual Startup Time": 117.566,
              "Actual Total Time": 117.567,
              "Actual Rows": 1,
              "Actual Loops": 5,
              "Plans": [
                {
                  "Node Type": "Index Only Scan",
                  "Parent Relationship": "Outer",
                  "Parallel Aware": true,
                  "Scan Direction": "Forward",
                  "Index Name": "role_id_cast_info",
                  "Relation Name": "cast_info",
                  "Alias": "ci",
                  "Startup Cost": 0.56,
                  "Total Cost": 47993.72,
                  "Plan Rows": 439854,
                  "Plan Width": 0,
                  "Actual Startup Time": 0.111,
                  "Actual Total Time": 97.936,
                  "Actual Rows": 340709,
                  "Actual Loops": 5,
                  "Index Cond": "(role_id = 8)",
                  "Rows Removed by Index Recheck": 0,
                  "Heap Fetches": 1703543
                }
              ]
            }
          ]
        }
      ]
    },
    "Planning Time": 0.09,
    "Triggers": [],
    "Execution Time": 133.794
  }
]