{
    "Plan": {
        "Node Type": "Aggregate",
        "Strategy": "Plain",
        "Partial Mode": "Finalize",
        "Parallel Aware": false,
        "Startup Cost": 90385.79,
        "Total Cost": 90385.8,
        "Plan Rows": 1,
        "Plan Width": 8,
        "Actual Startup Time": 276.525,
        "Actual Total Time": 299.635,
        "Actual Rows": 1,
        "Actual Loops": 1,
        "Output": [
            "count(*)"
        ],
        "Plans": [
            {
                "Node Type": "Gather",
                "Parent Relationship": "Outer",
                "Parallel Aware": false,
                "Startup Cost": 90385.47,
                "Total Cost": 90385.78,
                "Plan Rows": 3,
                "Plan Width": 8,
                "Actual Startup Time": 275.43,
                "Actual Total Time": 299.625,
                "Actual Rows": 4,
                "Actual Loops": 1,
                "Output": [
                    "(PARTIAL count(*))"
                ],
                "Workers Planned": 3,
                "Workers Launched": 3,
                "Single Copy": false,
                "Plans": [
                    {
                        "Node Type": "Aggregate",
                        "Strategy": "Plain",
                        "Partial Mode": "Partial",
                        "Parent Relationship": "Outer",
                        "Parallel Aware": false,
                        "Startup Cost": 89385.47,
                        "Total Cost": 89385.48,
                        "Plan Rows": 1,
                        "Plan Width": 8,
                        "Actual Startup Time": 266.465,
                        "Actual Total Time": 266.523,
                        "Actual Rows": 1,
                        "Actual Loops": 4,
                        "Output": [
                            "PARTIAL count(*)"
                        ],
                        "Workers": [
                            {
                                "Worker Number": 0,
                                "Actual Startup Time": 264.485,
                                "Actual Total Time": 264.488,
                                "Actual Rows": 1,
                                "Actual Loops": 1
                            },
                            {
                                "Worker Number": 1,
                                "Actual Startup Time": 264.656,
                                "Actual Total Time": 264.659,
                                "Actual Rows": 1,
                                "Actual Loops": 1
                            },
                            {
                                "Worker Number": 2,
                                "Actual Startup Time": 263.325,
                                "Actual Total Time": 263.328,
                                "Actual Rows": 1,
                                "Actual Loops": 1
                            }
                        ],
                        "Plans": [
                            {
                                "Node Type": "Hash Join",
                                "Parent Relationship": "Outer",
                                "Parallel Aware": true,
                                "Join Type": "Inner",
                                "Startup Cost": 45870.76,
                                "Total Cost": 89348.56,
                                "Plan Rows": 14766,
                                "Plan Width": 0,
                                "Actual Startup Time": 149.395,
                                "Actual Total Time": 263.788,
                                "Actual Rows": 54826,
                                "Actual Loops": 4,
                                "Inner Unique": true,
                                "Hash Cond": "(mk.movie_id = t.id)",
                                "Workers": [
                                    {
                                        "Worker Number": 0,
                                        "Actual Startup Time": 147.521,
                                        "Actual Total Time": 261.878,
                                        "Actual Rows": 55541,
                                        "Actual Loops": 1
                                    },
                                    {
                                        "Worker Number": 1,
                                        "Actual Startup Time": 147.242,
                                        "Actual Total Time": 261.869,
                                        "Actual Rows": 38176,
                                        "Actual Loops": 1
                                    },
                                    {
                                        "Worker Number": 2,
                                        "Actual Startup Time": 146.361,
                                        "Actual Total Time": 260.952,
                                        "Actual Rows": 52313,
                                        "Actual Loops": 1
                                    }
                                ],
                                "Plans": [
                                    {
                                        "Node Type": "Seq Scan",
                                        "Parent Relationship": "Outer",
                                        "Parallel Aware": true,
                                        "Relation Name": "movie_keyword",
                                        "Schema": "public",
                                        "Alias": "mk",
                                        "Startup Cost": 0.0,
                                        "Total Cost": 42695.65,
                                        "Plan Rows": 297961,
                                        "Plan Width": 4,
                                        "Actual Startup Time": 1.39,
                                        "Actual Total Time": 106.732,
                                        "Actual Rows": 224944,
                                        "Actual Loops": 4,
                                        "Output": [
                                            "mk.id",
                                            "mk.movie_id",
                                            "mk.keyword_id"
                                        ],
                                        "Filter": "(mk.keyword_id > 20513)",
                                        "Rows Removed by Filter": 906039,
                                        "Workers": [
                                            {
                                                "Worker Number": 0,
                                                "Actual Startup Time": 1.399,
                                                "Actual Total Time": 108.794,
                                                "Actual Rows": 228067,
                                                "Actual Loops": 1
                                            },
                                            {
                                                "Worker Number": 1,
                                                "Actual Startup Time": 1.406,
                                                "Actual Total Time": 109.159,
                                                "Actual Rows": 155336,
                                                "Actual Loops": 1
                                            },
                                            {
                                                "Worker Number": 2,
                                                "Actual Startup Time": 1.394,
                                                "Actual Total Time": 107.818,
                                                "Actual Rows": 213718,
                                                "Actual Loops": 1
                                            }
                                        ]
                                    },
                                    {
                                        "Node Type": "Hash",
                                        "Parent Relationship": "Inner",
                                        "Parallel Aware": true,
                                        "Startup Cost": 45479.21,
                                        "Total Cost": 45479.21,
                                        "Plan Rows": 31324,
                                        "Plan Width": 4,
                                        "Actual Startup Time": 121.28,
                                        "Actual Total Time": 121.281,
                                        "Actual Rows": 64237,
                                        "Actual Loops": 4,
                                        "Output": [
                                            "t.id"
                                        ],
                                        "Hash Buckets": 262144,
                                        "Original Hash Buckets": 131072,
                                        "Hash Batches": 1,
                                        "Original Hash Batches": 1,
                                        "Peak Memory Usage": 13152,
                                        "Workers": [
                                            {
                                                "Worker Number": 0,
                                                "Actual Startup Time": 120.384,
                                                "Actual Total Time": 120.385,
                                                "Actual Rows": 68293,
                                                "Actual Loops": 1
                                            },
                                            {
                                                "Worker Number": 1,
                                                "Actual Startup Time": 120.138,
                                                "Actual Total Time": 120.139,
                                                "Actual Rows": 46475,
                                                "Actual Loops": 1
                                            },
                                            {
                                                "Worker Number": 2,
                                                "Actual Startup Time": 119.165,
                                                "Actual Total Time": 119.166,
                                                "Actual Rows": 61237,
                                                "Actual Loops": 1
                                            }
                                        ],
                                        "Plans": [
                                            {
                                                "Node Type": "Seq Scan",
                                                "Parent Relationship": "Outer",
                                                "Parallel Aware": true,
                                                "Relation Name": "title",
                                                "Schema": "public",
                                                "Alias": "t",
                                                "Startup Cost": 0.0,
                                                "Total Cost": 45479.21,
                                                "Plan Rows": 31324,
                                                "Plan Width": 4,
                                                "Actual Startup Time": 60.959,
                                                "Actual Total Time": 99.98,
                                                "Actual Rows": 64237,
                                                "Actual Loops": 4,
                                                "Output": [
                                                    "t.id"
                                                ],
                                                "Filter": "((t.production_year < 1977) AND (t.kind_id = 1))",
                                                "Rows Removed by Filter": 567841,
                                                "Workers": [
                                                    {
                                                        "Worker Number": 0,
                                                        "Actual Startup Time": 60.215,
                                                        "Actual Total Time": 99.519,
                                                        "Actual Rows": 68293,
                                                        "Actual Loops": 1
                                                    },
                                                    {
                                                        "Worker Number": 1,
                                                        "Actual Startup Time": 59.578,
                                                        "Actual Total Time": 100.07,
                                                        "Actual Rows": 46475,
                                                        "Actual Loops": 1
                                                    },
                                                    {
                                                        "Worker Number": 2,
                                                        "Actual Startup Time": 58.738,
                                                        "Actual Total Time": 98.014,
                                                        "Actual Rows": 61237,
                                                        "Actual Loops": 1
                                                    }
                                                ]
                                            }
                                        ]
                                    }
                                ]
                            }
                        ]
                    }
                ]
            }
        ]
    },
    "Planning Time": 0.695,
    "Triggers": [],
    "Execution Time": 299.708
}