[
  {
    "Plan": {
      "Node Type": "Aggregate",
      "Strategy": "Plain",
      "Partial Mode": "Finalize",
      "Parallel Aware": false,
      "Startup Cost": 302713.75,
      "Total Cost": 302713.76,
      "Plan Rows": 1,
      "Plan Width": 8,
      "Actual Startup Time": 991.112,
      "Actual Total Time": 1042.127,
      "Actual Rows": 1,
      "Actual Loops": 1,
      "Plans": [
        {
          "Node Type": "Gather",
          "Parent Relationship": "Outer",
          "Parallel Aware": false,
          "Startup Cost": 302713.43,
          "Total Cost": 302713.74,
          "Plan Rows": 3,
          "Plan Width": 8,
          "Actual Startup Time": 985.242,
          "Actual Total Time": 1042.1,
          "Actual Rows": 4,
          "Actual Loops": 1,
          "Workers Planned": 3,
          "Workers Launched": 3,
          "Single Copy": false,
          "Plans": [
            {
              "Node Type": "Aggregate",
              "Strategy": "Plain",
              "Partial Mode": "Partial",
              "Parent Relationship": "Outer",
              "Parallel Aware": false,
              "Startup Cost": 301713.43,
              "Total Cost": 301713.44,
              "Plan Rows": 1,
              "Plan Width": 8,
              "Actual Startup Time": 977.679,
              "Actual Total Time": 978.144,
              "Actual Rows": 1,
              "Actual Loops": 4,
              "Plans": [
                {
                  "Node Type": "Hash Join",
                  "Parent Relationship": "Outer",
                  "Parallel Aware": true,
                  "Join Type": "Inner",
                  "Startup Cost": 252329.5,
                  "Total Cost": 300269.01,
                  "Plan Rows": 577769,
                  "Plan Width": 0,
                  "Actual Startup Time": 789.067,
                  "Actual Total Time": 969.423,
                  "Actual Rows": 218834,
                  "Actual Loops": 4,
                  "Inner Unique": false,
                  "Hash Cond": "(mk.movie_id = t.id)",
                  "Plans": [
                    {
                      "Node Type": "Seq Scan",
                      "Parent Relationship": "Outer",
                      "Parallel Aware": true,
                      "Relation Name": "movie_keyword",
                      "Alias": "mk",
                      "Startup Cost": 0.0,
                      "Total Cost": 42695.65,
                      "Plan Rows": 1090218,
                      "Plan Width": 4,
                      "Actual Startup Time": 0.032,
                      "Actual Total Time": 100.204,
                      "Actual Rows": 844311,
                      "Actual Loops": 4,
                      "Filter": "(keyword_id < 16264)",
                      "Rows Removed by Filter": 286671
                    },
                    {
                      "Node Type": "Hash",
                      "Parent Relationship": "Inner",
                      "Parallel Aware": true,
                      "Startup Cost": 248979.61,
                      "Total Cost": 248979.61,
                      "Plan Rows": 267991,
                      "Plan Width": 8,
                      "Actual Startup Time": 784.344,
                      "Actual Total Time": 784.808,
                      "Actual Rows": 92673,
                      "Actual Loops": 4,
                      "Hash Buckets": 2097152,
                      "Original Hash Buckets": 2097152,
                      "Hash Batches": 1,
                      "Original Hash Batches": 1,
                      "Peak Memory Usage": 30976,
                      "Plans": [
                        {
                          "Node Type": "Hash Join",
                          "Parent Relationship": "Outer",
                          "Parallel Aware": true,
                          "Join Type": "Inner",
                          "Startup Cost": 48717.81,
                          "Total Cost": 248979.61,
                          "Plan Rows": 267991,
                          "Plan Width": 8,
                          "Actual Startup Time": 274.2,
                          "Actual Total Time": 745.719,
                          "Actual Rows": 92673,
                          "Actual Loops": 4,
                          "Inner Unique": true,
                          "Hash Cond": "(mi.movie_id = t.id)",
                          "Plans": [
                            {
                              "Node Type": "Seq Scan",
                              "Parent Relationship": "Outer",
                              "Parallel Aware": true,
                              "Relation Name": "movie_info",
                              "Alias": "mi",
                              "Startup Cost": 0.0,
                              "Total Cost": 199108.24,
                              "Plan Rows": 439450,
                              "Plan Width": 4,
                              "Actual Startup Time": 19.546,
                              "Actual Total Time": 363.565,
                              "Actual Rows": 558462,
                              "Actual Loops": 4,
                              "Filter": "(info_type_id > 16)",
                              "Rows Removed by Filter": 3150468
                            },
                            {
                              "Node Type": "Hash",
                              "Parent Relationship": "Inner",
                              "Parallel Aware": true,
                              "Startup Cost": 43899.32,
                              "Total Cost": 43899.32,
                              "Plan Rows": 385479,
                              "Plan Width": 4,
                              "Actual Startup Time": 250.746,
                              "Actual Total Time": 250.748,
                              "Actual Rows": 385816,
                              "Actual Loops": 4,
                              "Hash Buckets": 2097152,
                              "Original Hash Buckets": 2097152,
                              "Hash Batches": 1,
                              "Original Hash Batches": 1,
                              "Peak Memory Usage": 76800,
                              "Plans": [
                                {
                                  "Node Type": "Seq Scan",
                                  "Parent Relationship": "Outer",
                                  "Parallel Aware": true,
                                  "Relation Name": "title",
                                  "Alias": "t",
                                  "Startup Cost": 0.0,
                                  "Total Cost": 43899.32,
                                  "Plan Rows": 385479,
                                  "Plan Width": 4,
                                  "Actual Startup Time": 0.057,
                                  "Actual Total Time": 101.398,
                                  "Actual Rows": 385816,
                                  "Actual Loops": 4,
                                  "Filter": "(kind_id = 7)",
                                  "Rows Removed by Filter": 246262
                                }
                              ]
                            }
                          ]
                        }
                      ]
                    }
                  ]
                }
              ]
            }
          ]
        }
      ]
    },
    "Planning Time": 0.433,
    "Triggers": [],
    "Execution Time": 1042.187
  }
]