[
  {
    "Plan": {
      "Node Type": "Aggregate",
      "Strategy": "Plain",
      "Partial Mode": "Finalize",
      "Parallel Aware": false,
      "Startup Cost": 47030.17,
      "Total Cost": 47030.18,
      "Plan Rows": 1,
      "Plan Width": 8,
      "Actual Startup Time": 120.192,
      "Actual Total Time": 133.026,
      "Actual Rows": 1,
      "Actual Loops": 1,
      "Plans": [
        {
          "Node Type": "Gather",
          "Parent Relationship": "Outer",
          "Parallel Aware": false,
          "Startup Cost": 47029.75,
          "Total Cost": 47030.16,
          "Plan Rows": 4,
          "Plan Width": 8,
          "Actual Startup Time": 119.979,
          "Actual Total Time": 133.016,
          "Actual Rows": 5,
          "Actual Loops": 1,
          "Workers Planned": 4,
          "Workers Launched": 4,
          "Single Copy": false,
          "Plans": [
            {
              "Node Type": "Aggregate",
              "Strategy": "Plain",
              "Partial Mode": "Partial",
              "Parent Relationship": "Outer",
              "Parallel Aware": false,
              "Startup Cost": 46029.75,
              "Total Cost": 46029.76,
              "Plan Rows": 1,
              "Plan Width": 8,
              "Actual Startup Time": 113.059,
              "Actual Total Time": 113.061,
              "Actual Rows": 1,
              "Actual Loops": 5,
              "Plans": [
                {
                  "Node Type": "Seq Scan",
                  "Parent Relationship": "Outer",
                  "Parallel Aware": true,
                  "Relation Name": "title",
                  "Alias": "t",
                  "Startup Cost": 0.0,
                  "Total Cost": 45479.59,
                  "Plan Rows": 220064,
                  "Plan Width": 0,
                  "Actual Startup Time": 0.036,
                  "Actual Total Time": 102.279,
                  "Actual Rows": 160303,
                  "Actual Loops": 5,
                  "Filter": "((production_year < 2006) AND (kind_id = 7))",
                  "Rows Removed by Filter": 345360
                }
              ]
            }
          ]
        }
      ]
    },
    "Planning Time": 0.169,
    "Triggers": [],
    "Execution Time": 133.09
  }
]