[
  {
    "Plan": {
      "Node Type": "Aggregate",
      "Strategy": "Plain",
      "Partial Mode": "Finalize",
      "Parallel Aware": false,
      "Startup Cost": 33927.57,
      "Total Cost": 33927.58,
      "Plan Rows": 1,
      "Plan Width": 8,
      "Actual Startup Time": 91.003,
      "Actual Total Time": 99.016,
      "Actual Rows": 1,
      "Actual Loops": 1,
      "Plans": [
        {
          "Node Type": "Gather",
          "Parent Relationship": "Outer",
          "Parallel Aware": false,
          "Startup Cost": 33927.25,
          "Total Cost": 33927.56,
          "Plan Rows": 3,
          "Plan Width": 8,
          "Actual Startup Time": 90.731,
          "Actual Total Time": 99.007,
          "Actual Rows": 4,
          "Actual Loops": 1,
          "Workers Planned": 3,
          "Workers Launched": 3,
          "Single Copy": false,
          "Plans": [
            {
              "Node Type": "Aggregate",
              "Strategy": "Plain",
              "Partial Mode": "Partial",
              "Parent Relationship": "Outer",
              "Parallel Aware": false,
              "Startup Cost": 32927.25,
              "Total Cost": 32927.26,
              "Plan Rows": 1,
              "Plan Width": 8,
              "Actual Startup Time": 87.166,
              "Actual Total Time": 87.168,
              "Actual Rows": 1,
              "Actual Loops": 4,
              "Plans": [
                {
                  "Node Type": "Bitmap Heap Scan",
                  "Parent Relationship": "Outer",
                  "Parallel Aware": true,
                  "Relation Name": "movie_keyword",
                  "Alias": "mk",
                  "Startup Cost": 6900.1,
                  "Total Cost": 32665.06,
                  "Plan Rows": 104877,
                  "Plan Width": 0,
                  "Actual Startup Time": 24.101,
                  "Actual Total Time": 82.529,
                  "Actual Rows": 80213,
                  "Actual Loops": 4,
                  "Recheck Cond": "(keyword_id < 259)",
                  "Rows Removed by Index Recheck": 0,
                  "Exact Heap Blocks": 10846,
                  "Lossy Heap Blocks": 0,
                  "Plans": [
                    {
                      "Node Type": "Bitmap Index Scan",
                      "Parent Relationship": "Outer",
                      "Parallel Aware": false,
                      "Index Name": "keyword_id_movie_keyword",
                      "Startup Cost": 0.0,
                      "Total Cost": 6818.82,
                      "Plan Rows": 325118,
                      "Plan Width": 0,
                      "Actual Startup Time": 23.428,
                      "Actual Total Time": 23.429,
                      "Actual Rows": 320853,
                      "Actual Loops": 1,
                      "Index Cond": "(keyword_id < 259)"
                    }
                  ]
                }
              ]
            }
          ]
        }
      ]
    },
    "Planning Time": 0.086,
    "Triggers": [],
    "Execution Time": 99.054
  }
]