[
  {
    "Plan": {
      "Node Type": "Aggregate",
      "Strategy": "Plain",
      "Partial Mode": "Finalize",
      "Parallel Aware": false,
      "Startup Cost": 33457.4,
      "Total Cost": 33457.41,
      "Plan Rows": 1,
      "Plan Width": 8,
      "Actual Startup Time": 115.173,
      "Actual Total Time": 124.077,
      "Actual Rows": 1,
      "Actual Loops": 1,
      "Plans": [
        {
          "Node Type": "Gather",
          "Parent Relationship": "Outer",
          "Parallel Aware": false,
          "Startup Cost": 33457.08,
          "Total Cost": 33457.39,
          "Plan Rows": 3,
          "Plan Width": 8,
          "Actual Startup Time": 114.921,
          "Actual Total Time": 124.068,
          "Actual Rows": 4,
          "Actual Loops": 1,
          "Workers Planned": 3,
          "Workers Launched": 3,
          "Single Copy": false,
          "Plans": [
            {
              "Node Type": "Aggregate",
              "Strategy": "Plain",
              "Partial Mode": "Partial",
              "Parent Relationship": "Outer",
              "Parallel Aware": false,
              "Startup Cost": 32457.08,
              "Total Cost": 32457.09,
              "Plan Rows": 1,
              "Plan Width": 8,
              "Actual Startup Time": 108.772,
              "Actual Total Time": 108.773,
              "Actual Rows": 1,
              "Actual Loops": 4,
              "Plans": [
                {
                  "Node Type": "Bitmap Heap Scan",
                  "Parent Relationship": "Outer",
                  "Parallel Aware": true,
                  "Relation Name": "movie_keyword",
                  "Alias": "mk",
                  "Startup Cost": 6516.86,
                  "Total Cost": 32209.38,
                  "Plan Rows": 99081,
                  "Plan Width": 0,
                  "Actual Startup Time": 36.0,
                  "Actual Total Time": 103.323,
                  "Actual Rows": 80213,
                  "Actual Loops": 4,
                  "Recheck Cond": "(keyword_id < 259)",
                  "Rows Removed by Index Recheck": 0,
                  "Exact Heap Blocks": 12099,
                  "Lossy Heap Blocks": 0,
                  "Plans": [
                    {
                      "Node Type": "Bitmap Index Scan",
                      "Parent Relationship": "Outer",
                      "Parallel Aware": false,
                      "Index Name": "keyword_id_movie_keyword",
                      "Startup Cost": 0.0,
                      "Total Cost": 6440.07,
                      "Plan Rows": 307152,
                      "Plan Width": 0,
                      "Actual Startup Time": 36.719,
                      "Actual Total Time": 36.719,
                      "Actual Rows": 320853,
                      "Actual Loops": 1,
                      "Index Cond": "(keyword_id < 259)"
                    }
                  ]
                }
              ]
            }
          ]
        }
      ]
    },
    "Planning Time": 0.547,
    "Triggers": [],
    "Execution Time": 124.156
  }
]