[
  {
    "Plan": {
      "Node Type": "Aggregate",
      "Strategy": "Plain",
      "Partial Mode": "Finalize",
      "Parallel Aware": false,
      "Startup Cost": 30981.92,
      "Total Cost": 30981.93,
      "Plan Rows": 1,
      "Plan Width": 8,
      "Actual Startup Time": 84.282,
      "Actual Total Time": 91.554,
      "Actual Rows": 1,
      "Actual Loops": 1,
      "Plans": [
        {
          "Node Type": "Gather",
          "Parent Relationship": "Outer",
          "Parallel Aware": false,
          "Startup Cost": 30981.6,
          "Total Cost": 30981.91,
          "Plan Rows": 3,
          "Plan Width": 8,
          "Actual Startup Time": 84.178,
          "Actual Total Time": 91.547,
          "Actual Rows": 4,
          "Actual Loops": 1,
          "Workers Planned": 3,
          "Workers Launched": 3,
          "Single Copy": false,
          "Plans": [
            {
              "Node Type": "Aggregate",
              "Strategy": "Plain",
              "Partial Mode": "Partial",
              "Parent Relationship": "Outer",
              "Parallel Aware": false,
              "Startup Cost": 29981.6,
              "Total Cost": 29981.61,
              "Plan Rows": 1,
              "Plan Width": 8,
              "Actual Startup Time": 78.899,
              "Actual Total Time": 78.9,
              "Actual Rows": 1,
              "Actual Loops": 4,
              "Plans": [
                {
                  "Node Type": "Seq Scan",
                  "Parent Relationship": "Outer",
                  "Parallel Aware": true,
                  "Relation Name": "movie_companies",
                  "Alias": "mc",
                  "Startup Cost": 0.0,
                  "Total Cost": 29310.68,
                  "Plan Rows": 268367,
                  "Plan Width": 0,
                  "Actual Startup Time": 0.022,
                  "Actual Total Time": 68.062,
                  "Actual Rows": 208178,
                  "Actual Loops": 4,
                  "Filter": "(company_id < 2086)",
                  "Rows Removed by Filter": 444104
                }
              ]
            }
          ]
        }
      ]
    },
    "Planning Time": 0.062,
    "Triggers": [],
    "Execution Time": 91.58
  }
]