{
    "Plan": {
        "Node Type": "Aggregate",
        "Strategy": "Plain",
        "Partial Mode": "Simple",
        "Parallel Aware": false,
        "Startup Cost": 40000371453.82,
        "Total Cost": 40000371453.83,
        "Plan Rows": 1,
        "Plan Width": 68,
        "Actual Startup Time": 1938.219,
        "Actual Total Time": 1938.227,
        "Actual Rows": 1,
        "Actual Loops": 1,
        "Output": [
            "min(mc.note)",
            "min(t.title)",
            "min(t.production_year)"
        ],
        "Plans": [
            {
                "Node Type": "Hash Join",
                "Parent Relationship": "Outer",
                "Parallel Aware": false,
                "Join Type": "Inner",
                "Startup Cost": 40000273492.73,
                "Total Cost": 40000371453.63,
                "Plan Rows": 26,
                "Plan Width": 45,
                "Actual Startup Time": 1833.986,
                "Actual Total Time": 1938.202,
                "Actual Rows": 13,
                "Actual Loops": 1,
                "Output": [
                    "mc.note",
                    "t.title",
                    "t.production_year"
                ],
                "Inner Unique": true,
                "Hash Cond": "(mc.company_type_id = ct.id)",
                "Plans": [
                    {
                        "Node Type": "Hash Join",
                        "Parent Relationship": "Outer",
                        "Parallel Aware": false,
                        "Join Type": "Inner",
                        "Startup Cost": 30000273480.52,
                        "Total Cost": 30000371440.86,
                        "Plan Rows": 102,
                        "Plan Width": 49,
                        "Actual Startup Time": 1833.945,
                        "Actual Total Time": 1938.156,
                        "Actual Rows": 13,
                        "Actual Loops": 1,
                        "Output": [
                            "mc.note",
                            "mc.company_type_id",
                            "t.title",
                            "t.production_year"
                        ],
                        "Inner Unique": true,
                        "Hash Cond": "(mi_idx.info_type_id = it.id)",
                        "Plans": [
                            {
                                "Node Type": "Hash Join",
                                "Parent Relationship": "Outer",
                                "Parallel Aware": false,
                                "Join Type": "Inner",
                                "Startup Cost": 20000273466.39,
                                "Total Cost": 20000371395.21,
                                "Plan Rows": 11574,
                                "Plan Width": 53,
                                "Actual Startup Time": 1609.114,
                                "Actual Total Time": 1936.583,
                                "Actual Rows": 27310,
                                "Actual Loops": 1,
                                "Output": [
                                    "mc.note",
                                    "mc.company_type_id",
                                    "mi_idx.info_type_id",
                                    "t.title",
                                    "t.production_year"
                                ],
                                "Inner Unique": false,
                                "Hash Cond": "(mc.movie_id = t.id)",
                                "Plans": [
                                    {
                                        "Node Type": "Index Scan",
                                        "Parent Relationship": "Outer",
                                        "Parallel Aware": false,
                                        "Scan Direction": "Forward",
                                        "Index Name": "company_type_id_movie_companies",
                                        "Relation Name": "movie_companies",
                                        "Schema": "public",
                                        "Alias": "mc",
                                        "Startup Cost": 10000000000.43,
                                        "Total Cost": 10000097876.01,
                                        "Plan Rows": 8244,
                                        "Plan Width": 32,
                                        "Actual Startup Time": 256.871,
                                        "Actual Total Time": 604.07,
                                        "Actual Rows": 17816,
                                        "Actual Loops": 1,
                                        "Output": [
                                            "mc.id",
                                            "mc.movie_id",
                                            "mc.company_id",
                                            "mc.company_type_id",
                                            "mc.note"
                                        ],
                                        "Filter": "((mc.note !~~ '%(as Metro-Goldwyn-Mayer Pictures)%'::text) AND (mc.note ~~ '%(co-production)%'::text))",
                                        "Rows Removed by Filter": 2591313
                                    },
                                    {
                                        "Node Type": "Hash",
                                        "Parent Relationship": "Inner",
                                        "Parallel Aware": false,
                                        "Startup Cost": 10000264904.62,
                                        "Total Cost": 10000264904.62,
                                        "Plan Rows": 684907,
                                        "Plan Width": 33,
                                        "Actual Startup Time": 1323.08,
                                        "Actual Total Time": 1323.084,
                                        "Actual Rows": 585034,
                                        "Actual Loops": 1,
                                        "Output": [
                                            "mi_idx.movie_id",
                                            "mi_idx.info_type_id",
                                            "t.title",
                                            "t.production_year",
                                            "t.id"
                                        ],
                                        "Hash Buckets": 1048576,
                                        "Original Hash Buckets": 1048576,
                                        "Hash Batches": 1,
                                        "Original Hash Batches": 1,
                                        "Peak Memory Usage": 47129,
                                        "Plans": [
                                            {
                                                "Node Type": "Merge Join",
                                                "Parent Relationship": "Outer",
                                                "Parallel Aware": false,
                                                "Join Type": "Inner",
                                                "Startup Cost": 10000194708.1,
                                                "Total Cost": 10000264904.62,
                                                "Plan Rows": 684907,
                                                "Plan Width": 33,
                                                "Actual Startup Time": 624.133,
                                                "Actual Total Time": 1205.038,
                                                "Actual Rows": 585034,
                                                "Actual Loops": 1,
                                                "Output": [
                                                    "mi_idx.movie_id",
                                                    "mi_idx.info_type_id",
                                                    "t.title",
                                                    "t.production_year",
                                                    "t.id"
                                                ],
                                                "Inner Unique": false,
                                                "Merge Cond": "(t.id = mi_idx.movie_id)",
                                                "Plans": [
                                                    {
                                                        "Node Type": "Sort",
                                                        "Parent Relationship": "Outer",
                                                        "Parallel Aware": false,
                                                        "Startup Cost": 10000194707.05,
                                                        "Total Cost": 10000197844.04,
                                                        "Plan Rows": 1254799,
                                                        "Plan Width": 25,
                                                        "Actual Startup Time": 624.083,
                                                        "Actual Total Time": 777.559,
                                                        "Actual Rows": 1259979,
                                                        "Actual Loops": 1,
                                                        "Output": [
                                                            "t.title",
                                                            "t.production_year",
                                                            "t.id"
                                                        ],
                                                        "Sort Key": [
                                                            "t.id"
                                                        ],
                                                        "Sort Method": "quicksort",
                                                        "Sort Space Used": 144519,
                                                        "Sort Space Type": "Memory",
                                                        "Plans": [
                                                            {
                                                                "Node Type": "Seq Scan",
                                                                "Parent Relationship": "Outer",
                                                                "Parallel Aware": false,
                                                                "Relation Name": "title",
                                                                "Schema": "public",
                                                                "Alias": "t",
                                                                "Startup Cost": 10000000000.0,
                                                                "Total Cost": 10000067602.02,
                                                                "Plan Rows": 1254799,
                                                                "Plan Width": 25,
                                                                "Actual Startup Time": 0.021,
                                                                "Actual Total Time": 285.169,
                                                                "Actual Rows": 1260295,
                                                                "Actual Loops": 1,
                                                                "Output": [
                                                                    "t.title",
                                                                    "t.production_year",
                                                                    "t.id"
                                                                ],
                                                                "Filter": "(t.production_year > 2002)",
                                                                "Rows Removed by Filter": 1268017
                                                            }
                                                        ]
                                                    },
                                                    {
                                                        "Node Type": "Index Scan",
                                                        "Parent Relationship": "Inner",
                                                        "Parallel Aware": false,
                                                        "Scan Direction": "Forward",
                                                        "Index Name": "movie_id_movie_info_idx",
                                                        "Relation Name": "movie_info_idx",
                                                        "Schema": "public",
                                                        "Alias": "mi_idx",
                                                        "Startup Cost": 0.43,
                                                        "Total Cost": 53630.81,
                                                        "Plan Rows": 1380035,
                                                        "Plan Width": 8,
                                                        "Actual Startup Time": 0.039,
                                                        "Actual Total Time": 180.119,
                                                        "Actual Rows": 1380035,
                                                        "Actual Loops": 1,
                                                        "Output": [
                                                            "mi_idx.id",
                                                            "mi_idx.movie_id",
                                                            "mi_idx.info_type_id",
                                                            "mi_idx.info",
                                                            "mi_idx.note"
                                                        ]
                                                    }
                                                ]
                                            }
                                        ]
                                    }
                                ]
                            },
                            {
                                "Node Type": "Hash",
                                "Parent Relationship": "Inner",
                                "Parallel Aware": false,
                                "Startup Cost": 10000000014.12,
                                "Total Cost": 10000000014.12,
                                "Plan Rows": 1,
                                "Plan Width": 4,
                                "Actual Startup Time": 0.059,
                                "Actual Total Time": 0.059,
                                "Actual Rows": 1,
                                "Actual Loops": 1,
                                "Output": [
                                    "it.id"
                                ],
                                "Hash Buckets": 1024,
                                "Original Hash Buckets": 1024,
                                "Hash Batches": 1,
                                "Original Hash Batches": 1,
                                "Peak Memory Usage": 9,
                                "Plans": [
                                    {
                                        "Node Type": "Index Scan",
                                        "Parent Relationship": "Outer",
                                        "Parallel Aware": false,
                                        "Scan Direction": "Forward",
                                        "Index Name": "info_type_pkey",
                                        "Relation Name": "info_type",
                                        "Schema": "public",
                                        "Alias": "it",
                                        "Startup Cost": 10000000000.14,
                                        "Total Cost": 10000000014.12,
                                        "Plan Rows": 1,
                                        "Plan Width": 4,
                                        "Actual Startup Time": 0.056,
                                        "Actual Total Time": 0.057,
                                        "Actual Rows": 1,
                                        "Actual Loops": 1,
                                        "Output": [
                                            "it.id"
                                        ],
                                        "Filter": "((it.info)::text = 'top 250 rank'::text)",
                                        "Rows Removed by Filter": 112
                                    }
                                ]
                            }
                        ]
                    },
                    {
                        "Node Type": "Hash",
                        "Parent Relationship": "Inner",
                        "Parallel Aware": false,
                        "Startup Cost": 10000000012.2,
                        "Total Cost": 10000000012.2,
                        "Plan Rows": 1,
                        "Plan Width": 4,
                        "Actual Startup Time": 0.03,
                        "Actual Total Time": 0.031,
                        "Actual Rows": 1,
                        "Actual Loops": 1,
                        "Output": [
                            "ct.id"
                        ],
                        "Hash Buckets": 1024,
                        "Original Hash Buckets": 1024,
                        "Hash Batches": 1,
                        "Original Hash Batches": 1,
                        "Peak Memory Usage": 9,
                        "Plans": [
                            {
                                "Node Type": "Index Scan",
                                "Parent Relationship": "Outer",
                                "Parallel Aware": false,
                                "Scan Direction": "Forward",
                                "Index Name": "company_type_pkey",
                                "Relation Name": "company_type",
                                "Schema": "public",
                                "Alias": "ct",
                                "Startup Cost": 10000000000.13,
                                "Total Cost": 10000000012.2,
                                "Plan Rows": 1,
                                "Plan Width": 4,
                                "Actual Startup Time": 0.022,
                                "Actual Total Time": 0.025,
                                "Actual Rows": 1,
                                "Actual Loops": 1,
                                "Output": [
                                    "ct.id"
                                ],
                                "Filter": "((ct.kind)::text = 'production companies'::text)",
                                "Rows Removed by Filter": 3
                            }
                        ]
                    }
                ]
            }
        ]
    },
    "Planning Time": 2.307,
    "Triggers": [],
    "Execution Time": 1938.75
}