[
  {
    "Plan": {
      "Node Type": "Aggregate",
      "Strategy": "Plain",
      "Partial Mode": "Finalize",
      "Parallel Aware": false,
      "Startup Cost": 44384.22,
      "Total Cost": 44384.23,
      "Plan Rows": 1,
      "Plan Width": 8,
      "Actual Startup Time": 106.969,
      "Actual Total Time": 116.406,
      "Actual Rows": 1,
      "Actual Loops": 1,
      "Plans": [
        {
          "Node Type": "Gather",
          "Parent Relationship": "Outer",
          "Parallel Aware": false,
          "Startup Cost": 44383.9,
          "Total Cost": 44384.21,
          "Plan Rows": 3,
          "Plan Width": 8,
          "Actual Startup Time": 106.86,
          "Actual Total Time": 116.398,
          "Actual Rows": 4,
          "Actual Loops": 1,
          "Workers Planned": 3,
          "Workers Launched": 3,
          "Single Copy": false,
          "Plans": [
            {
              "Node Type": "Aggregate",
              "Strategy": "Plain",
              "Partial Mode": "Partial",
              "Parent Relationship": "Outer",
              "Parallel Aware": false,
              "Startup Cost": 43383.9,
              "Total Cost": 43383.91,
              "Plan Rows": 1,
              "Plan Width": 8,
              "Actual Startup Time": 101.589,
              "Actual Total Time": 101.59,
              "Actual Rows": 1,
              "Actual Loops": 4,
              "Plans": [
                {
                  "Node Type": "Seq Scan",
                  "Parent Relationship": "Outer",
                  "Parallel Aware": true,
                  "Relation Name": "movie_keyword",
                  "Alias": "mk",
                  "Startup Cost": 0.0,
                  "Total Cost": 42695.65,
                  "Plan Rows": 275298,
                  "Plan Width": 0,
                  "Actual Startup Time": 2.57,
                  "Actual Total Time": 92.014,
                  "Actual Rows": 211582,
                  "Actual Loops": 4,
                  "Filter": "(keyword_id > 21703)",
                  "Rows Removed by Filter": 919400
                }
              ]
            }
          ]
        }
      ]
    },
    "Planning Time": 0.097,
    "Triggers": [],
    "Execution Time": 116.449
  }
]