[
  {
    "Plan": {
      "Node Type": "Aggregate",
      "Strategy": "Plain",
      "Partial Mode": "Finalize",
      "Parallel Aware": false,
      "Startup Cost": 79070.0,
      "Total Cost": 79070.01,
      "Plan Rows": 1,
      "Plan Width": 8,
      "Actual Startup Time": 122.09,
      "Actual Total Time": 130.025,
      "Actual Rows": 1,
      "Actual Loops": 1,
      "Plans": [
        {
          "Node Type": "Gather",
          "Parent Relationship": "Outer",
          "Parallel Aware": false,
          "Startup Cost": 79069.48,
          "Total Cost": 79069.99,
          "Plan Rows": 5,
          "Plan Width": 8,
          "Actual Startup Time": 121.974,
          "Actual Total Time": 130.013,
          "Actual Rows": 6,
          "Actual Loops": 1,
          "Workers Planned": 5,
          "Workers Launched": 5,
          "Single Copy": false,
          "Plans": [
            {
              "Node Type": "Aggregate",
              "Strategy": "Plain",
              "Partial Mode": "Partial",
              "Parent Relationship": "Outer",
              "Parallel Aware": false,
              "Startup Cost": 78069.48,
              "Total Cost": 78069.49,
              "Plan Rows": 1,
              "Plan Width": 8,
              "Actual Startup Time": 111.859,
              "Actual Total Time": 111.86,
              "Actual Rows": 1,
              "Actual Loops": 6,
              "Plans": [
                {
                  "Node Type": "Index Scan",
                  "Parent Relationship": "Outer",
                  "Parallel Aware": true,
                  "Scan Direction": "Forward",
                  "Index Name": "role_id_cast_info",
                  "Relation Name": "cast_info",
                  "Alias": "ci",
                  "Startup Cost": 0.56,
                  "Total Cost": 77740.85,
                  "Plan Rows": 131449,
                  "Plan Width": 0,
                  "Actual Startup Time": 0.205,
                  "Actual Total Time": 102.938,
                  "Actual Rows": 180997,
                  "Actual Loops": 6,
                  "Index Cond": "(role_id = 4)",
                  "Rows Removed by Index Recheck": 0,
                  "Filter": "(person_id > 2856056)",
                  "Rows Removed by Filter": 273827
                }
              ]
            }
          ]
        }
      ]
    },
    "Planning Time": 0.229,
    "Triggers": [],
    "Execution Time": 130.096
  }
]