{
  "Plan": {
    "Node Type": "Aggregate",
    "Strategy": "Plain",
    "Partial Mode": "Finalize",
    "Parallel Aware": false,
    "Startup Cost": 61429.67,
    "Total Cost": 61429.68,
    "Plan Rows": 1,
    "Plan Width": 8,
    "Actual Startup Time": 388.919,
    "Actual Total Time": 440.003,
    "Actual Rows": 1,
    "Actual Loops": 1,
    "Plans": [
      {
        "Node Type": "Gather",
        "Parent Relationship": "Outer",
        "Parallel Aware": false,
        "Startup Cost": 61429.56,
        "Total Cost": 61429.67,
        "Plan Rows": 1,
        "Plan Width": 8,
        "Actual Startup Time": 388.863,
        "Actual Total Time": 439.994,
        "Actual Rows": 2,
        "Actual Loops": 1,
        "Workers Planned": 1,
        "Workers Launched": 1,
        "Single Copy": false,
        "Plans": [
          {
            "Node Type": "Aggregate",
            "Strategy": "Plain",
            "Partial Mode": "Partial",
            "Parent Relationship": "Outer",
            "Parallel Aware": false,
            "Startup Cost": 60429.56,
            "Total Cost": 60429.57,
            "Plan Rows": 1,
            "Plan Width": 8,
            "Actual Startup Time": 382.642,
            "Actual Total Time": 382.644,
            "Actual Rows": 1,
            "Actual Loops": 2,
            "Plans": [
              {
                "Node Type": "Nested Loop",
                "Parent Relationship": "Outer",
                "Parallel Aware": false,
                "Join Type": "Inner",
                "Startup Cost": 177.71,
                "Total Cost": 60347.17,
                "Plan Rows": 32954,
                "Plan Width": 0,
                "Actual Startup Time": 4.073,
                "Actual Total Time": 376.752,
                "Actual Rows": 78447,
                "Actual Loops": 2,
                "Inner Unique": false,
                "Plans": [
                  {
                    "Node Type": "Nested Loop",
                    "Parent Relationship": "Outer",
                    "Parallel Aware": false,
                    "Join Type": "Inner",
                    "Startup Cost": 177.14,
                    "Total Cost": 50195.94,
                    "Plan Rows": 4879,
                    "Plan Width": 8,
                    "Actual Startup Time": 3.943,
                    "Actual Total Time": 42.84,
                    "Actual Rows": 4198,
                    "Actual Loops": 2,
                    "Inner Unique": true,
                    "Plans": [
                      {
                        "Node Type": "Bitmap Heap Scan",
                        "Parent Relationship": "Outer",
                        "Parallel Aware": true,
                        "Relation Name": "movie_keyword",
                        "Alias": "mk",
                        "Startup Cost": 176.71,
                        "Total Cost": 17147.94,
                        "Plan Rows": 4879,
                        "Plan Width": 4,
                        "Actual Startup Time": 3.79,
                        "Actual Total Time": 14.627,
                        "Actual Rows": 4198,
                        "Actual Loops": 2,
                        "Recheck Cond": "(keyword_id = 348)",
                        "Rows Removed by Index Recheck": 0,
                        "Exact Heap Blocks": 3330,
                        "Lossy Heap Blocks": 0,
                        "Plans": [
                          {
                            "Node Type": "Bitmap Index Scan",
                            "Parent Relationship": "Outer",
                            "Parallel Aware": false,
                            "Index Name": "keyword_id_movie_keyword",
                            "Startup Cost": 0.0,
                            "Total Cost": 174.64,
                            "Plan Rows": 8294,
                            "Plan Width": 0,
                            "Actual Startup Time": 4.563,
                            "Actual Total Time": 4.564,
                            "Actual Rows": 8397,
                            "Actual Loops": 1,
                            "Index Cond": "(keyword_id = 348)"
                          }
                        ]
                      },
                      {
                        "Node Type": "Index Only Scan",
                        "Parent Relationship": "Inner",
                        "Parallel Aware": false,
                        "Scan Direction": "Forward",
                        "Index Name": "title_pkey",
                        "Relation Name": "title",
                        "Alias": "t",
                        "Startup Cost": 0.43,
                        "Total Cost": 6.77,
                        "Plan Rows": 1,
                        "Plan Width": 4,
                        "Actual Startup Time": 0.006,
                        "Actual Total Time": 0.006,
                        "Actual Rows": 1,
                        "Actual Loops": 8397,
                        "Index Cond": "(id = mk.movie_id)",
                        "Rows Removed by Index Recheck": 0,
                        "Heap Fetches": 8397
                      }
                    ]
                  },
                  {
                    "Node Type": "Index Scan",
                    "Parent Relationship": "Inner",
                    "Parallel Aware": false,
                    "Scan Direction": "Forward",
                    "Index Name": "movie_id_cast_info",
                    "Relation Name": "cast_info",
                    "Alias": "ci",
                    "Startup Cost": 0.56,
                    "Total Cost": 1.91,
                    "Plan Rows": 17,
                    "Plan Width": 4,
                    "Actual Startup Time": 0.01,
                    "Actual Total Time": 0.077,
                    "Actual Rows": 19,
                    "Actual Loops": 8397,
                    "Index Cond": "(movie_id = t.id)",
                    "Rows Removed by Index Recheck": 0,
                    "Filter": "(person_id < 1693913)",
                    "Rows Removed by Filter": 20
                  }
                ]
              }
            ]
          }
        ]
      }
    ]
  },
  "Planning Time": 1.062,
  "Triggers": [],
  "Execution Time": 440.118
}