{
  "Plan": {
    "Node Type": "Aggregate",
    "Strategy": "Plain",
    "Partial Mode": "Finalize",
    "Parallel Aware": false,
    "Startup Cost": 898291.31,
    "Total Cost": 898291.32,
    "Plan Rows": 1,
    "Plan Width": 8,
    "Actual Startup Time": 7156.713,
    "Actual Total Time": 7210.149,
    "Actual Rows": 1,
    "Actual Loops": 1,
    "Plans": [
      {
        "Node Type": "Gather",
        "Parent Relationship": "Outer",
        "Parallel Aware": false,
        "Startup Cost": 898291.2,
        "Total Cost": 898291.31,
        "Plan Rows": 1,
        "Plan Width": 8,
        "Actual Startup Time": 7153.306,
        "Actual Total Time": 7210.136,
        "Actual Rows": 2,
        "Actual Loops": 1,
        "Workers Planned": 1,
        "Workers Launched": 1,
        "Single Copy": false,
        "Plans": [
          {
            "Node Type": "Aggregate",
            "Strategy": "Plain",
            "Partial Mode": "Partial",
            "Parent Relationship": "Outer",
            "Parallel Aware": false,
            "Startup Cost": 897291.2,
            "Total Cost": 897291.21,
            "Plan Rows": 1,
            "Plan Width": 8,
            "Actual Startup Time": 7145.516,
            "Actual Total Time": 7145.523,
            "Actual Rows": 1,
            "Actual Loops": 2,
            "Plans": [
              {
                "Node Type": "Nested Loop",
                "Parent Relationship": "Outer",
                "Parallel Aware": false,
                "Join Type": "Inner",
                "Startup Cost": 87129.26,
                "Total Cost": 892044.08,
                "Plan Rows": 2098847,
                "Plan Width": 0,
                "Actual Startup Time": 487.769,
                "Actual Total Time": 6464.523,
                "Actual Rows": 17009908,
                "Actual Loops": 2,
                "Inner Unique": false,
                "Plans": [
                  {
                    "Node Type": "Hash Join",
                    "Parent Relationship": "Outer",
                    "Parallel Aware": true,
                    "Join Type": "Inner",
                    "Startup Cost": 87128.83,
                    "Total Cost": 120464.94,
                    "Plan Rows": 358944,
                    "Plan Width": 8,
                    "Actual Startup Time": 487.631,
                    "Actual Total Time": 760.886,
                    "Actual Rows": 385640,
                    "Actual Loops": 2,
                    "Inner Unique": true,
                    "Hash Cond": "(mk.movie_id = t.id)",
                    "Plans": [
                      {
                        "Node Type": "Bitmap Heap Scan",
                        "Parent Relationship": "Outer",
                        "Parallel Aware": true,
                        "Relation Name": "movie_keyword",
                        "Alias": "mk",
                        "Startup Cost": 21177.41,
                        "Total Cost": 52972.0,
                        "Plan Rows": 587247,
                        "Plan Width": 4,
                        "Actual Startup Time": 56.498,
                        "Actual Total Time": 159.954,
                        "Actual Rows": 499921,
                        "Actual Loops": 2,
                        "Recheck Cond": "(keyword_id < 956)",
                        "Rows Removed by Index Recheck": 0,
                        "Exact Heap Blocks": 12546,
                        "Lossy Heap Blocks": 0,
                        "Plans": [
                          {
                            "Node Type": "Bitmap Index Scan",
                            "Parent Relationship": "Outer",
                            "Parallel Aware": false,
                            "Index Name": "keyword_id_movie_keyword",
                            "Startup Cost": 0.0,
                            "Total Cost": 20927.83,
                            "Plan Rows": 998320,
                            "Plan Width": 0,
                            "Actual Startup Time": 52.851,
                            "Actual Total Time": 52.851,
                            "Actual Rows": 999842,
                            "Actual Loops": 1,
                            "Index Cond": "(keyword_id < 956)"
                          }
                        ]
                      },
                      {
                        "Node Type": "Hash",
                        "Parent Relationship": "Inner",
                        "Parallel Aware": true,
                        "Startup Cost": 54588.39,
                        "Total Cost": 54588.39,
                        "Plan Rows": 909042,
                        "Plan Width": 4,
                        "Actual Startup Time": 417.037,
                        "Actual Total Time": 417.038,
                        "Actual Rows": 775864,
                        "Actual Loops": 2,
                        "Hash Buckets": 2097152,
                        "Original Hash Buckets": 2097152,
                        "Hash Batches": 1,
                        "Original Hash Batches": 1,
                        "Peak Memory Usage": 77120,
                        "Plans": [
                          {
                            "Node Type": "Seq Scan",
                            "Parent Relationship": "Outer",
                            "Parallel Aware": true,
                            "Relation Name": "title",
                            "Alias": "t",
                            "Startup Cost": 0.0,
                            "Total Cost": 54588.39,
                            "Plan Rows": 909042,
                            "Plan Width": 4,
                            "Actual Startup Time": 0.027,
                            "Actual Total Time": 178.355,
                            "Actual Rows": 775864,
                            "Actual Loops": 2,
                            "Filter": "(production_year < 2007)",
                            "Rows Removed by Filter": 488292
                          }
                        ]
                      }
                    ]
                  },
                  {
                    "Node Type": "Index Only Scan",
                    "Parent Relationship": "Inner",
                    "Parallel Aware": false,
                    "Scan Direction": "Forward",
                    "Index Name": "movie_id_movie_info",
                    "Relation Name": "movie_info",
                    "Alias": "mi",
                    "Startup Cost": 0.43,
                    "Total Cost": 1.73,
                    "Plan Rows": 42,
                    "Plan Width": 4,
                    "Actual Startup Time": 0.003,
                    "Actual Total Time": 0.012,
                    "Actual Rows": 44,
                    "Actual Loops": 771281,
                    "Index Cond": "(movie_id = t.id)",
                    "Rows Removed by Index Recheck": 0,
                    "Heap Fetches": 34019816
                  }
                ]
              }
            ]
          }
        ]
      }
    ]
  },
  "Planning Time": 1.048,
  "Triggers": [],
  "Execution Time": 7210.297
}