[
  {
    "Plan": {
      "Node Type": "Aggregate",
      "Strategy": "Plain",
      "Partial Mode": "Finalize",
      "Parallel Aware": false,
      "Startup Cost": 132755.5,
      "Total Cost": 132755.51,
      "Plan Rows": 1,
      "Plan Width": 8,
      "Actual Startup Time": 626.038,
      "Actual Total Time": 645.868,
      "Actual Rows": 1,
      "Actual Loops": 1,
      "Plans": [
        {
          "Node Type": "Gather",
          "Parent Relationship": "Outer",
          "Parallel Aware": false,
          "Startup Cost": 132755.18,
          "Total Cost": 132755.49,
          "Plan Rows": 3,
          "Plan Width": 8,
          "Actual Startup Time": 615.161,
          "Actual Total Time": 645.847,
          "Actual Rows": 4,
          "Actual Loops": 1,
          "Workers Planned": 3,
          "Workers Launched": 3,
          "Single Copy": false,
          "Plans": [
            {
              "Node Type": "Aggregate",
              "Strategy": "Plain",
              "Partial Mode": "Partial",
              "Parent Relationship": "Outer",
              "Parallel Aware": false,
              "Startup Cost": 131755.18,
              "Total Cost": 131755.19,
              "Plan Rows": 1,
              "Plan Width": 8,
              "Actual Startup Time": 606.16,
              "Actual Total Time": 606.292,
              "Actual Rows": 1,
              "Actual Loops": 4,
              "Plans": [
                {
                  "Node Type": "Hash Join",
                  "Parent Relationship": "Outer",
                  "Parallel Aware": true,
                  "Join Type": "Inner",
                  "Startup Cost": 85005.81,
                  "Total Cost": 130781.72,
                  "Plan Rows": 389386,
                  "Plan Width": 0,
                  "Actual Startup Time": 417.14,
                  "Actual Total Time": 600.294,
                  "Actual Rows": 152338,
                  "Actual Loops": 4,
                  "Inner Unique": false,
                  "Hash Cond": "(mk.movie_id = t.id)",
                  "Plans": [
                    {
                      "Node Type": "Seq Scan",
                      "Parent Relationship": "Outer",
                      "Parallel Aware": true,
                      "Relation Name": "movie_keyword",
                      "Alias": "mk",
                      "Startup Cost": 0.0,
                      "Total Cost": 39047.32,
                      "Plan Rows": 1459332,
                      "Plan Width": 4,
                      "Actual Startup Time": 0.042,
                      "Actual Total Time": 84.441,
                      "Actual Rows": 1130982,
                      "Actual Loops": 4
                    },
                    {
                      "Node Type": "Hash",
                      "Parent Relationship": "Inner",
                      "Parallel Aware": true,
                      "Startup Cost": 82285.6,
                      "Total Cost": 82285.6,
                      "Plan Rows": 217617,
                      "Plan Width": 8,
                      "Actual Startup Time": 411.86,
                      "Actual Total Time": 411.99,
                      "Actual Rows": 90208,
                      "Actual Loops": 4,
                      "Hash Buckets": 1048576,
                      "Original Hash Buckets": 1048576,
                      "Hash Batches": 1,
                      "Original Hash Batches": 1,
                      "Peak Memory Usage": 22368,
                      "Plans": [
                        {
                          "Node Type": "Hash Join",
                          "Parent Relationship": "Outer",
                          "Parallel Aware": true,
                          "Join Type": "Inner",
                          "Startup Cost": 49834.52,
                          "Total Cost": 82285.6,
                          "Plan Rows": 217617,
                          "Plan Width": 8,
                          "Actual Startup Time": 262.88,
                          "Actual Total Time": 382.523,
                          "Actual Rows": 90208,
                          "Actual Loops": 4,
                          "Inner Unique": true,
                          "Hash Cond": "(mc.movie_id = t.id)",
                          "Plans": [
                            {
                              "Node Type": "Seq Scan",
                              "Parent Relationship": "Outer",
                              "Parallel Aware": true,
                              "Relation Name": "movie_companies",
                              "Alias": "mc",
                              "Startup Cost": 0.0,
                              "Total Cost": 31414.82,
                              "Plan Rows": 394765,
                              "Plan Width": 4,
                              "Actual Startup Time": 29.136,
                              "Actual Total Time": 66.49,
                              "Actual Rows": 323928,
                              "Actual Loops": 4,
                              "Filter": "((company_id > 52) AND (company_type_id > 1))",
                              "Rows Removed by Filter": 328354
                            },
                            {
                              "Node Type": "Hash",
                              "Parent Relationship": "Inner",
                              "Parallel Aware": true,
                              "Startup Cost": 45479.1,
                              "Total Cost": 45479.1,
                              "Plan Rows": 348434,
                              "Plan Width": 4,
                              "Actual Startup Time": 229.155,
                              "Actual Total Time": 229.156,
                              "Actual Rows": 368606,
                              "Actual Loops": 4,
                              "Hash Buckets": 2097152,
                              "Original Hash Buckets": 2097152,
                              "Hash Batches": 1,
                              "Original Hash Batches": 1,
                              "Peak Memory Usage": 74112,
                              "Plans": [
                                {
                                  "Node Type": "Seq Scan",
                                  "Parent Relationship": "Outer",
                                  "Parallel Aware": true,
                                  "Relation Name": "title",
                                  "Alias": "t",
                                  "Startup Cost": 0.0,
                                  "Total Cost": 45479.1,
                                  "Plan Rows": 348434,
                                  "Plan Width": 4,
                                  "Actual Startup Time": 0.043,
                                  "Actual Total Time": 104.432,
                                  "Actual Rows": 368606,
                                  "Actual Loops": 4,
                                  "Filter": "((production_year > 1950) AND (kind_id = 7))",
                                  "Rows Removed by Filter": 263472
                                }
                              ]
                            }
                          ]
                        }
                      ]
                    }
                  ]
                }
              ]
            }
          ]
        }
      ]
    },
    "Planning Time": 1.367,
    "Triggers": [],
    "Execution Time": 645.946
  }
]