[
  {
    "Plan": {
      "Node Type": "Aggregate",
      "Strategy": "Plain",
      "Partial Mode": "Finalize",
      "Parallel Aware": false,
      "Startup Cost": 45957.94,
      "Total Cost": 45957.95,
      "Plan Rows": 1,
      "Plan Width": 8,
      "Actual Startup Time": 183.371,
      "Actual Total Time": 193.322,
      "Actual Rows": 1,
      "Actual Loops": 1,
      "Plans": [
        {
          "Node Type": "Gather",
          "Parent Relationship": "Outer",
          "Parallel Aware": false,
          "Startup Cost": 45957.62,
          "Total Cost": 45957.93,
          "Plan Rows": 3,
          "Plan Width": 8,
          "Actual Startup Time": 183.234,
          "Actual Total Time": 193.314,
          "Actual Rows": 4,
          "Actual Loops": 1,
          "Workers Planned": 3,
          "Workers Launched": 3,
          "Single Copy": false,
          "Plans": [
            {
              "Node Type": "Aggregate",
              "Strategy": "Plain",
              "Partial Mode": "Partial",
              "Parent Relationship": "Outer",
              "Parallel Aware": false,
              "Startup Cost": 44957.62,
              "Total Cost": 44957.63,
              "Plan Rows": 1,
              "Plan Width": 8,
              "Actual Startup Time": 174.832,
              "Actual Total Time": 174.833,
              "Actual Rows": 1,
              "Actual Loops": 4,
              "Plans": [
                {
                  "Node Type": "Seq Scan",
                  "Parent Relationship": "Outer",
                  "Parallel Aware": true,
                  "Relation Name": "movie_keyword",
                  "Alias": "mk",
                  "Startup Cost": 0.0,
                  "Total Cost": 42695.65,
                  "Plan Rows": 904786,
                  "Plan Width": 0,
                  "Actual Startup Time": 0.452,
                  "Actual Total Time": 137.224,
                  "Actual Rows": 699128,
                  "Actual Loops": 4,
                  "Filter": "(keyword_id > 2809)",
                  "Rows Removed by Filter": 431854
                }
              ]
            }
          ]
        }
      ]
    },
    "Planning Time": 0.159,
    "Triggers": [],
    "Execution Time": 193.373
  }
]