{
  "Plan": {
    "Node Type": "Aggregate",
    "Strategy": "Plain",
    "Partial Mode": "Finalize",
    "Parallel Aware": false,
    "Startup Cost": 283461.47,
    "Total Cost": 283461.48,
    "Plan Rows": 1,
    "Plan Width": 8,
    "Actual Startup Time": 985.375,
    "Actual Total Time": 999.876,
    "Actual Rows": 1,
    "Actual Loops": 1,
    "Plans": [
      {
        "Node Type": "Gather",
        "Parent Relationship": "Outer",
        "Parallel Aware": false,
        "Startup Cost": 283461.35,
        "Total Cost": 283461.46,
        "Plan Rows": 1,
        "Plan Width": 8,
        "Actual Startup Time": 981.868,
        "Actual Total Time": 999.867,
        "Actual Rows": 2,
        "Actual Loops": 1,
        "Workers Planned": 1,
        "Workers Launched": 1,
        "Single Copy": false,
        "Plans": [
          {
            "Node Type": "Aggregate",
            "Strategy": "Plain",
            "Partial Mode": "Partial",
            "Parent Relationship": "Outer",
            "Parallel Aware": false,
            "Startup Cost": 282461.35,
            "Total Cost": 282461.36,
            "Plan Rows": 1,
            "Plan Width": 8,
            "Actual Startup Time": 975.528,
            "Actual Total Time": 976.366,
            "Actual Rows": 1,
            "Actual Loops": 2,
            "Plans": [
              {
                "Node Type": "Hash Join",
                "Parent Relationship": "Outer",
                "Parallel Aware": true,
                "Join Type": "Inner",
                "Startup Cost": 115501.53,
                "Total Cost": 282361.02,
                "Plan Rows": 40135,
                "Plan Width": 0,
                "Actual Startup Time": 859.592,
                "Actual Total Time": 963.9,
                "Actual Rows": 296916,
                "Actual Loops": 2,
                "Inner Unique": false,
                "Hash Cond": "(mi.movie_id = t.id)",
                "Plans": [
                  {
                    "Node Type": "Bitmap Heap Scan",
                    "Parent Relationship": "Outer",
                    "Parallel Aware": true,
                    "Relation Name": "movie_info",
                    "Alias": "mi",
                    "Startup Cost": 8778.62,
                    "Total Cost": 174333.47,
                    "Plan Rows": 284948,
                    "Plan Width": 4,
                    "Actual Startup Time": 35.896,
                    "Actual Total Time": 64.194,
                    "Actual Rows": 243277,
                    "Actual Loops": 2,
                    "Recheck Cond": "(info_type_id = 5)",
                    "Rows Removed by Index Recheck": 0,
                    "Exact Heap Blocks": 3279,
                    "Lossy Heap Blocks": 0,
                    "Plans": [
                      {
                        "Node Type": "Bitmap Index Scan",
                        "Parent Relationship": "Outer",
                        "Parallel Aware": false,
                        "Index Name": "info_type_id_movie_info",
                        "Startup Cost": 0.0,
                        "Total Cost": 8657.52,
                        "Plan Rows": 484411,
                        "Plan Width": 0,
                        "Actual Startup Time": 35.159,
                        "Actual Total Time": 35.16,
                        "Actual Rows": 486554,
                        "Actual Loops": 1,
                        "Index Cond": "(info_type_id = 5)"
                      }
                    ]
                  },
                  {
                    "Node Type": "Hash",
                    "Parent Relationship": "Inner",
                    "Parallel Aware": true,
                    "Startup Cost": 104104.46,
                    "Total Cost": 104104.46,
                    "Plan Rows": 209476,
                    "Plan Width": 8,
                    "Actual Startup Time": 817.521,
                    "Actual Total Time": 818.356,
                    "Actual Rows": 338864,
                    "Actual Loops": 2,
                    "Hash Buckets": 1048576,
                    "Original Hash Buckets": 524288,
                    "Hash Batches": 1,
                    "Original Hash Batches": 1,
                    "Peak Memory Usage": 38848,
                    "Plans": [
                      {
                        "Node Type": "Hash Join",
                        "Parent Relationship": "Outer",
                        "Parallel Aware": true,
                        "Join Type": "Inner",
                        "Startup Cost": 42706.74,
                        "Total Cost": 104104.46,
                        "Plan Rows": 209476,
                        "Plan Width": 8,
                        "Actual Startup Time": 242.468,
                        "Actual Total Time": 711.463,
                        "Actual Rows": 338864,
                        "Actual Loops": 2,
                        "Inner Unique": false,
                        "Hash Cond": "(t.id = mc.movie_id)",
                        "Plans": [
                          {
                            "Node Type": "Seq Scan",
                            "Parent Relationship": "Outer",
                            "Parallel Aware": true,
                            "Relation Name": "title",
                            "Alias": "t",
                            "Startup Cost": 0.0,
                            "Total Cost": 50870.31,
                            "Plan Rows": 1487231,
                            "Plan Width": 4,
                            "Actual Startup Time": 0.019,
                            "Actual Total Time": 128.761,
                            "Actual Rows": 1264156,
                            "Actual Loops": 2
                          },
                          {
                            "Node Type": "Hash",
                            "Parent Relationship": "Inner",
                            "Parallel Aware": true,
                            "Startup Cost": 40088.29,
                            "Total Cost": 40088.29,
                            "Plan Rows": 209476,
                            "Plan Width": 4,
                            "Actual Startup Time": 238.835,
                            "Actual Total Time": 238.837,
                            "Actual Rows": 338864,
                            "Actual Loops": 2,
                            "Hash Buckets": 1048576,
                            "Original Hash Buckets": 524288,
                            "Hash Batches": 1,
                            "Original Hash Batches": 1,
                            "Peak Memory Usage": 38816,
                            "Plans": [
                              {
                                "Node Type": "Bitmap Heap Scan",
                                "Parent Relationship": "Outer",
                                "Parallel Aware": true,
                                "Relation Name": "movie_companies",
                                "Alias": "mc",
                                "Startup Cost": 15109.73,
                                "Total Cost": 40088.29,
                                "Plan Rows": 209476,
                                "Plan Width": 4,
                                "Actual Startup Time": 75.837,
                                "Actual Total Time": 137.489,
                                "Actual Rows": 338864,
                                "Actual Loops": 2,
                                "Recheck Cond": "(company_id > 43085)",
                                "Rows Removed by Index Recheck": 0,
                                "Filter": "(company_type_id > 1)",
                                "Rows Removed by Filter": 19334,
                                "Exact Heap Blocks": 8873,
                                "Lossy Heap Blocks": 0,
                                "Plans": [
                                  {
                                    "Node Type": "Bitmap Index Scan",
                                    "Parent Relationship": "Outer",
                                    "Parallel Aware": false,
                                    "Index Name": "company_id_movie_companies",
                                    "Startup Cost": 0.0,
                                    "Total Cost": 15020.7,
                                    "Plan Rows": 701370,
                                    "Plan Width": 0,
                                    "Actual Startup Time": 60.224,
                                    "Actual Total Time": 60.224,
                                    "Actual Rows": 716398,
                                    "Actual Loops": 1,
                                    "Index Cond": "(company_id > 43085)"
                                  }
                                ]
                              }
                            ]
                          }
                        ]
                      }
                    ]
                  }
                ]
              }
            ]
          }
        ]
      }
    ]
  },
  "Planning Time": 0.954,
  "Triggers": [],
  "Execution Time": 1000.004
}