[
  {
    "Plan": {
      "Node Type": "Aggregate",
      "Strategy": "Plain",
      "Partial Mode": "Finalize",
      "Parallel Aware": false,
      "Startup Cost": 81472.47,
      "Total Cost": 81472.48,
      "Plan Rows": 1,
      "Plan Width": 8,
      "Actual Startup Time": 323.518,
      "Actual Total Time": 339.997,
      "Actual Rows": 1,
      "Actual Loops": 1,
      "Plans": [
        {
          "Node Type": "Gather",
          "Parent Relationship": "Outer",
          "Parallel Aware": false,
          "Startup Cost": 81472.16,
          "Total Cost": 81472.47,
          "Plan Rows": 3,
          "Plan Width": 8,
          "Actual Startup Time": 320.824,
          "Actual Total Time": 339.988,
          "Actual Rows": 4,
          "Actual Loops": 1,
          "Workers Planned": 3,
          "Workers Launched": 3,
          "Single Copy": false,
          "Plans": [
            {
              "Node Type": "Aggregate",
              "Strategy": "Plain",
              "Partial Mode": "Partial",
              "Parent Relationship": "Outer",
              "Parallel Aware": false,
              "Startup Cost": 80472.16,
              "Total Cost": 80472.17,
              "Plan Rows": 1,
              "Plan Width": 8,
              "Actual Startup Time": 314.843,
              "Actual Total Time": 314.846,
              "Actual Rows": 1,
              "Actual Loops": 4,
              "Plans": [
                {
                  "Node Type": "Hash Join",
                  "Parent Relationship": "Outer",
                  "Parallel Aware": true,
                  "Join Type": "Inner",
                  "Startup Cost": 48370.91,
                  "Total Cost": 80294.76,
                  "Plan Rows": 70959,
                  "Plan Width": 0,
                  "Actual Startup Time": 209.703,
                  "Actual Total Time": 308.531,
                  "Actual Rows": 153674,
                  "Actual Loops": 4,
                  "Inner Unique": true,
                  "Hash Cond": "(mc.movie_id = t.id)",
                  "Plans": [
                    {
                      "Node Type": "Seq Scan",
                      "Parent Relationship": "Outer",
                      "Parallel Aware": true,
                      "Relation Name": "movie_companies",
                      "Alias": "mc",
                      "Startup Cost": 0.0,
                      "Total Cost": 31414.82,
                      "Plan Rows": 193916,
                      "Plan Width": 4,
                      "Actual Startup Time": 30.813,
                      "Actual Total Time": 65.8,
                      "Actual Rows": 218524,
                      "Actual Loops": 4,
                      "Filter": "((company_id > 12843) AND (company_type_id = 2))",
                      "Rows Removed by Filter": 433759
                    },
                    {
                      "Node Type": "Hash",
                      "Parent Relationship": "Inner",
                      "Parallel Aware": true,
                      "Startup Cost": 45479.59,
                      "Total Cost": 45479.59,
                      "Plan Rows": 231306,
                      "Plan Width": 4,
                      "Actual Startup Time": 174.598,
                      "Actual Total Time": 174.599,
                      "Actual Rows": 223130,
                      "Actual Loops": 4,
                      "Hash Buckets": 1048576,
                      "Original Hash Buckets": 1048576,
                      "Hash Batches": 1,
                      "Original Hash Batches": 1,
                      "Peak Memory Usage": 43168,
                      "Plans": [
                        {
                          "Node Type": "Seq Scan",
                          "Parent Relationship": "Outer",
                          "Parallel Aware": true,
                          "Relation Name": "title",
                          "Alias": "t",
                          "Startup Cost": 0.0,
                          "Total Cost": 45479.59,
                          "Plan Rows": 231306,
                          "Plan Width": 4,
                          "Actual Startup Time": 0.027,
                          "Actual Total Time": 98.913,
                          "Actual Rows": 223130,
                          "Actual Loops": 4,
                          "Filter": "((kind_id < 7) AND (production_year > 1919))",
                          "Rows Removed by Filter": 408948
                        }
                      ]
                    }
                  ]
                }
              ]
            }
          ]
        }
      ]
    },
    "Planning Time": 0.482,
    "Triggers": [],
    "Execution Time": 340.044
  }
]