[
  {
    "Plan": {
      "Node Type": "Aggregate",
      "Strategy": "Plain",
      "Partial Mode": "Finalize",
      "Parallel Aware": false,
      "Startup Cost": 31319.98,
      "Total Cost": 31319.99,
      "Plan Rows": 1,
      "Plan Width": 8,
      "Actual Startup Time": 105.123,
      "Actual Total Time": 111.2,
      "Actual Rows": 1,
      "Actual Loops": 1,
      "Plans": [
        {
          "Node Type": "Gather",
          "Parent Relationship": "Outer",
          "Parallel Aware": false,
          "Startup Cost": 31319.66,
          "Total Cost": 31319.97,
          "Plan Rows": 3,
          "Plan Width": 8,
          "Actual Startup Time": 105.003,
          "Actual Total Time": 111.191,
          "Actual Rows": 4,
          "Actual Loops": 1,
          "Workers Planned": 3,
          "Workers Launched": 3,
          "Single Copy": false,
          "Plans": [
            {
              "Node Type": "Aggregate",
              "Strategy": "Plain",
              "Partial Mode": "Partial",
              "Parent Relationship": "Outer",
              "Parallel Aware": false,
              "Startup Cost": 30319.66,
              "Total Cost": 30319.67,
              "Plan Rows": 1,
              "Plan Width": 8,
              "Actual Startup Time": 96.888,
              "Actual Total Time": 96.888,
              "Actual Rows": 1,
              "Actual Loops": 4,
              "Plans": [
                {
                  "Node Type": "Seq Scan",
                  "Parent Relationship": "Outer",
                  "Parallel Aware": true,
                  "Relation Name": "movie_companies",
                  "Alias": "mc",
                  "Startup Cost": 0.0,
                  "Total Cost": 29310.68,
                  "Plan Rows": 403592,
                  "Plan Width": 0,
                  "Actual Startup Time": 21.805,
                  "Actual Total Time": 81.786,
                  "Actual Rows": 310628,
                  "Actual Loops": 4,
                  "Filter": "(company_id > 11757)",
                  "Rows Removed by Filter": 341654
                }
              ]
            }
          ]
        }
      ]
    },
    "Planning Time": 0.149,
    "Triggers": [],
    "Execution Time": 111.246
  }
]