[
  {
    "Plan": {
      "Node Type": "Aggregate",
      "Strategy": "Plain",
      "Partial Mode": "Finalize",
      "Parallel Aware": false,
      "Startup Cost": 160662.8,
      "Total Cost": 160662.81,
      "Plan Rows": 1,
      "Plan Width": 8,
      "Actual Startup Time": 1827.626,
      "Actual Total Time": 1902.332,
      "Actual Rows": 1,
      "Actual Loops": 1,
      "Plans": [
        {
          "Node Type": "Gather",
          "Parent Relationship": "Outer",
          "Parallel Aware": false,
          "Startup Cost": 160662.48,
          "Total Cost": 160662.79,
          "Plan Rows": 3,
          "Plan Width": 8,
          "Actual Startup Time": 1818.3,
          "Actual Total Time": 1902.32,
          "Actual Rows": 4,
          "Actual Loops": 1,
          "Workers Planned": 3,
          "Workers Launched": 3,
          "Single Copy": false,
          "Plans": [
            {
              "Node Type": "Aggregate",
              "Strategy": "Plain",
              "Partial Mode": "Partial",
              "Parent Relationship": "Outer",
              "Parallel Aware": false,
              "Startup Cost": 159662.48,
              "Total Cost": 159662.49,
              "Plan Rows": 1,
              "Plan Width": 8,
              "Actual Startup Time": 1799.56,
              "Actual Total Time": 1799.564,
              "Actual Rows": 1,
              "Actual Loops": 4,
              "Plans": [
                {
                  "Node Type": "Nested Loop",
                  "Parent Relationship": "Outer",
                  "Parallel Aware": false,
                  "Join Type": "Inner",
                  "Startup Cost": 52646.54,
                  "Total Cost": 158341.55,
                  "Plan Rows": 528372,
                  "Plan Width": 0,
                  "Actual Startup Time": 357.641,
                  "Actual Total Time": 1725.692,
                  "Actual Rows": 1612196,
                  "Actual Loops": 4,
                  "Inner Unique": false,
                  "Plans": [
                    {
                      "Node Type": "Hash Join",
                      "Parent Relationship": "Outer",
                      "Parallel Aware": true,
                      "Join Type": "Inner",
                      "Startup Cost": 52645.98,
                      "Total Cost": 77657.7,
                      "Plan Rows": 36874,
                      "Plan Width": 8,
                      "Actual Startup Time": 357.538,
                      "Actual Total Time": 401.371,
                      "Actual Rows": 28408,
                      "Actual Loops": 4,
                      "Inner Unique": true,
                      "Hash Cond": "(mk.movie_id = t.id)",
                      "Plans": [
                        {
                          "Node Type": "Bitmap Heap Scan",
                          "Parent Relationship": "Outer",
                          "Parallel Aware": true,
                          "Relation Name": "movie_keyword",
                          "Alias": "mk",
                          "Startup Cost": 2426.33,
                          "Total Cost": 27341.26,
                          "Plan Rows": 36874,
                          "Plan Width": 4,
                          "Actual Startup Time": 12.557,
                          "Actual Total Time": 38.181,
                          "Actual Rows": 28408,
                          "Actual Loops": 4,
                          "Recheck Cond": "(keyword_id > 79411)",
                          "Rows Removed by Index Recheck": 0,
                          "Exact Heap Blocks": 5068,
                          "Lossy Heap Blocks": 0,
                          "Plans": [
                            {
                              "Node Type": "Bitmap Index Scan",
                              "Parent Relationship": "Outer",
                              "Parallel Aware": false,
                              "Index Name": "keyword_id_movie_keyword",
                              "Startup Cost": 0.0,
                              "Total Cost": 2397.76,
                              "Plan Rows": 114310,
                              "Plan Width": 0,
                              "Actual Startup Time": 9.856,
                              "Actual Total Time": 9.857,
                              "Actual Rows": 113632,
                              "Actual Loops": 1,
                              "Index Cond": "(keyword_id > 79411)"
                            }
                          ]
                        },
                        {
                          "Node Type": "Hash",
                          "Parent Relationship": "Inner",
                          "Parallel Aware": true,
                          "Startup Cost": 42318.73,
                          "Total Cost": 42318.73,
                          "Plan Rows": 632073,
                          "Plan Width": 4,
                          "Actual Startup Time": 333.719,
                          "Actual Total Time": 333.72,
                          "Actual Rows": 632078,
                          "Actual Loops": 4,
                          "Hash Buckets": 4194304,
                          "Original Hash Buckets": 4194304,
                          "Hash Batches": 1,
                          "Original Hash Batches": 1,
                          "Peak Memory Usage": 131744,
                          "Plans": [
                            {
                              "Node Type": "Seq Scan",
                              "Parent Relationship": "Outer",
                              "Parallel Aware": true,
                              "Relation Name": "title",
                              "Alias": "t",
                              "Startup Cost": 0.0,
                              "Total Cost": 42318.73,
                              "Plan Rows": 632073,
                              "Plan Width": 4,
                              "Actual Startup Time": 0.037,
                              "Actual Total Time": 95.585,
                              "Actual Rows": 632078,
                              "Actual Loops": 4
                            }
                          ]
                        }
                      ]
                    },
                    {
                      "Node Type": "Index Only Scan",
                      "Parent Relationship": "Inner",
                      "Parallel Aware": false,
                      "Scan Direction": "Forward",
                      "Index Name": "movie_id_cast_info",
                      "Relation Name": "cast_info",
                      "Alias": "ci",
                      "Startup Cost": 0.56,
                      "Total Cost": 1.82,
                      "Plan Rows": 37,
                      "Plan Width": 4,
                      "Actual Startup Time": 0.005,
                      "Actual Total Time": 0.042,
                      "Actual Rows": 57,
                      "Actual Loops": 113632,
                      "Index Cond": "(movie_id = t.id)",
                      "Rows Removed by Index Recheck": 0,
                      "Heap Fetches": 6448785
                    }
                  ]
                }
              ]
            }
          ]
        }
      ]
    },
    "Planning Time": 1.345,
    "Triggers": [],
    "Execution Time": 1902.464
  }
]