[
  {
    "Plan": {
      "Node Type": "Aggregate",
      "Strategy": "Plain",
      "Partial Mode": "Finalize",
      "Parallel Aware": false,
      "Startup Cost": 132953.26,
      "Total Cost": 132953.27,
      "Plan Rows": 1,
      "Plan Width": 8,
      "Actual Startup Time": 1164.101,
      "Actual Total Time": 1186.535,
      "Actual Rows": 1,
      "Actual Loops": 1,
      "Plans": [
        {
          "Node Type": "Gather",
          "Parent Relationship": "Outer",
          "Parallel Aware": false,
          "Startup Cost": 132952.94,
          "Total Cost": 132953.25,
          "Plan Rows": 3,
          "Plan Width": 8,
          "Actual Startup Time": 1149.885,
          "Actual Total Time": 1186.526,
          "Actual Rows": 4,
          "Actual Loops": 1,
          "Workers Planned": 3,
          "Workers Launched": 3,
          "Single Copy": false,
          "Plans": [
            {
              "Node Type": "Aggregate",
              "Strategy": "Plain",
              "Partial Mode": "Partial",
              "Parent Relationship": "Outer",
              "Parallel Aware": false,
              "Startup Cost": 131952.94,
              "Total Cost": 131952.95,
              "Plan Rows": 1,
              "Plan Width": 8,
              "Actual Startup Time": 1142.103,
              "Actual Total Time": 1142.573,
              "Actual Rows": 1,
              "Actual Loops": 4,
              "Plans": [
                {
                  "Node Type": "Hash Join",
                  "Parent Relationship": "Outer",
                  "Parallel Aware": true,
                  "Join Type": "Inner",
                  "Startup Cost": 84422.03,
                  "Total Cost": 130638.23,
                  "Plan Rows": 525882,
                  "Plan Width": 0,
                  "Actual Startup Time": 630.549,
                  "Actual Total Time": 1035.899,
                  "Actual Rows": 2091981,
                  "Actual Loops": 4,
                  "Inner Unique": false,
                  "Hash Cond": "(mk.movie_id = t.id)",
                  "Plans": [
                    {
                      "Node Type": "Seq Scan",
                      "Parent Relationship": "Outer",
                      "Parallel Aware": true,
                      "Relation Name": "movie_keyword",
                      "Alias": "mk",
                      "Startup Cost": 0.0,
                      "Total Cost": 39047.32,
                      "Plan Rows": 1459332,
                      "Plan Width": 4,
                      "Actual Startup Time": 0.036,
                      "Actual Total Time": 98.482,
                      "Actual Rows": 1130982,
                      "Actual Loops": 4
                    },
                    {
                      "Node Type": "Hash",
                      "Parent Relationship": "Inner",
                      "Parallel Aware": true,
                      "Startup Cost": 80748.09,
                      "Total Cost": 80748.09,
                      "Plan Rows": 293915,
                      "Plan Width": 8,
                      "Actual Startup Time": 625.503,
                      "Actual Total Time": 625.972,
                      "Actual Rows": 205174,
                      "Actual Loops": 4,
                      "Hash Buckets": 1048576,
                      "Original Hash Buckets": 1048576,
                      "Hash Batches": 1,
                      "Original Hash Batches": 1,
                      "Peak Memory Usage": 40352,
                      "Plans": [
                        {
                          "Node Type": "Hash Join",
                          "Parent Relationship": "Outer",
                          "Parallel Aware": true,
                          "Join Type": "Inner",
                          "Startup Cost": 50516.1,
                          "Total Cost": 80748.09,
                          "Plan Rows": 293915,
                          "Plan Width": 8,
                          "Actual Startup Time": 373.589,
                          "Actual Total Time": 552.198,
                          "Actual Rows": 205174,
                          "Actual Loops": 4,
                          "Inner Unique": true,
                          "Hash Cond": "(mc.movie_id = t.id)",
                          "Plans": [
                            {
                              "Node Type": "Seq Scan",
                              "Parent Relationship": "Outer",
                              "Parallel Aware": true,
                              "Relation Name": "movie_companies",
                              "Alias": "mc",
                              "Startup Cost": 0.0,
                              "Total Cost": 29310.68,
                              "Plan Rows": 350975,
                              "Plan Width": 4,
                              "Actual Startup Time": 10.749,
                              "Actual Total Time": 78.579,
                              "Actual Rows": 270694,
                              "Actual Loops": 4,
                              "Filter": "(company_id > 14328)",
                              "Rows Removed by Filter": 381588
                            },
                            {
                              "Node Type": "Hash",
                              "Parent Relationship": "Inner",
                              "Parallel Aware": true,
                              "Startup Cost": 43899.32,
                              "Total Cost": 43899.32,
                              "Plan Rows": 529342,
                              "Plan Width": 4,
                              "Actual Startup Time": 354.752,
                              "Actual Total Time": 354.753,
                              "Actual Rows": 526034,
                              "Actual Loops": 4,
                              "Hash Buckets": 4194304,
                              "Original Hash Buckets": 4194304,
                              "Hash Batches": 1,
                              "Original Hash Batches": 1,
                              "Peak Memory Usage": 115136,
                              "Plans": [
                                {
                                  "Node Type": "Seq Scan",
                                  "Parent Relationship": "Outer",
                                  "Parallel Aware": true,
                                  "Relation Name": "title",
                                  "Alias": "t",
                                  "Startup Cost": 0.0,
                                  "Total Cost": 43899.32,
                                  "Plan Rows": 529342,
                                  "Plan Width": 4,
                                  "Actual Startup Time": 0.059,
                                  "Actual Total Time": 126.618,
                                  "Actual Rows": 526034,
                                  "Actual Loops": 4,
                                  "Filter": "(production_year > 1968)",
                                  "Rows Removed by Filter": 106044
                                }
                              ]
                            }
                          ]
                        }
                      ]
                    }
                  ]
                }
              ]
            }
          ]
        }
      ]
    },
    "Planning Time": 1.352,
    "Triggers": [],
    "Execution Time": 1186.609
  }
]