[
  {
    "Plan": {
      "Node Type": "Aggregate",
      "Strategy": "Plain",
      "Partial Mode": "Finalize",
      "Parallel Aware": false,
      "Startup Cost": 78319.47,
      "Total Cost": 78319.48,
      "Plan Rows": 1,
      "Plan Width": 8,
      "Actual Startup Time": 247.389,
      "Actual Total Time": 263.559,
      "Actual Rows": 1,
      "Actual Loops": 1,
      "Plans": [
        {
          "Node Type": "Gather",
          "Parent Relationship": "Outer",
          "Parallel Aware": false,
          "Startup Cost": 78319.15,
          "Total Cost": 78319.46,
          "Plan Rows": 3,
          "Plan Width": 8,
          "Actual Startup Time": 245.777,
          "Actual Total Time": 263.55,
          "Actual Rows": 4,
          "Actual Loops": 1,
          "Workers Planned": 3,
          "Workers Launched": 3,
          "Single Copy": false,
          "Plans": [
            {
              "Node Type": "Aggregate",
              "Strategy": "Plain",
              "Partial Mode": "Partial",
              "Parent Relationship": "Outer",
              "Parallel Aware": false,
              "Startup Cost": 77319.15,
              "Total Cost": 77319.16,
              "Plan Rows": 1,
              "Plan Width": 8,
              "Actual Startup Time": 240.275,
              "Actual Total Time": 240.278,
              "Actual Rows": 1,
              "Actual Loops": 4,
              "Plans": [
                {
                  "Node Type": "Hash Join",
                  "Parent Relationship": "Outer",
                  "Parallel Aware": true,
                  "Join Type": "Inner",
                  "Startup Cost": 46711.66,
                  "Total Cost": 77151.47,
                  "Plan Rows": 67073,
                  "Plan Width": 0,
                  "Actual Startup Time": 151.131,
                  "Actual Total Time": 237.143,
                  "Actual Rows": 75675,
                  "Actual Loops": 4,
                  "Inner Unique": true,
                  "Hash Cond": "(mc.movie_id = t.id)",
                  "Plans": [
                    {
                      "Node Type": "Seq Scan",
                      "Parent Relationship": "Outer",
                      "Parallel Aware": true,
                      "Relation Name": "movie_companies",
                      "Alias": "mc",
                      "Startup Cost": 0.0,
                      "Total Cost": 29310.68,
                      "Plan Rows": 430142,
                      "Plan Width": 4,
                      "Actual Startup Time": 29.358,
                      "Actual Total Time": 64.006,
                      "Actual Rows": 333721,
                      "Actual Loops": 4,
                      "Filter": "(company_type_id = 2)",
                      "Rows Removed by Filter": 318562
                    },
                    {
                      "Node Type": "Hash",
                      "Parent Relationship": "Inner",
                      "Parallel Aware": true,
                      "Startup Cost": 45479.59,
                      "Total Cost": 45479.59,
                      "Plan Rows": 98566,
                      "Plan Width": 4,
                      "Actual Startup Time": 119.619,
                      "Actual Total Time": 119.62,
                      "Actual Rows": 83998,
                      "Actual Loops": 4,
                      "Hash Buckets": 524288,
                      "Original Hash Buckets": 524288,
                      "Hash Batches": 1,
                      "Original Hash Batches": 1,
                      "Peak Memory Usage": 17312,
                      "Plans": [
                        {
                          "Node Type": "Seq Scan",
                          "Parent Relationship": "Outer",
                          "Parallel Aware": true,
                          "Relation Name": "title",
                          "Alias": "t",
                          "Startup Cost": 0.0,
                          "Total Cost": 45479.59,
                          "Plan Rows": 98566,
                          "Plan Width": 4,
                          "Actual Startup Time": 0.042,
                          "Actual Total Time": 91.411,
                          "Actual Rows": 83998,
                          "Actual Loops": 4,
                          "Filter": "((kind_id < 7) AND (production_year > 2005))",
                          "Rows Removed by Filter": 548080
                        }
                      ]
                    }
                  ]
                }
              ]
            }
          ]
        }
      ]
    },
    "Planning Time": 0.32,
    "Triggers": [],
    "Execution Time": 263.608
  }
]