[
    {
        "Bao": {
            "Bao prediction": 453.428,
            "Bao recommended hint": "(no hint)"
        }
    },
    {
        "Plan": {
            "Node Type": "Aggregate",
            "Strategy": "Plain",
            "Partial Mode": "Finalize",
            "Parallel Aware": false,
            "Startup Cost": 345642.78,
            "Total Cost": 345642.79,
            "Plan Rows": 1,
            "Plan Width": 8,
            "Actual Startup Time": 821.382,
            "Actual Total Time": 867.69,
            "Actual Rows": 1,
            "Actual Loops": 1,
            "Output": [
                "count(*)"
            ],
            "Plans": [
                {
                    "Node Type": "Gather",
                    "Parent Relationship": "Outer",
                    "Parallel Aware": false,
                    "Startup Cost": 345642.15,
                    "Total Cost": 345642.76,
                    "Plan Rows": 6,
                    "Plan Width": 8,
                    "Actual Startup Time": 821.26,
                    "Actual Total Time": 867.679,
                    "Actual Rows": 7,
                    "Actual Loops": 1,
                    "Output": [
                        "(PARTIAL count(*))"
                    ],
                    "Workers Planned": 6,
                    "Workers Launched": 6,
                    "Single Copy": false,
                    "Plans": [
                        {
                            "Node Type": "Aggregate",
                            "Strategy": "Plain",
                            "Partial Mode": "Partial",
                            "Parent Relationship": "Outer",
                            "Parallel Aware": false,
                            "Startup Cost": 344642.15,
                            "Total Cost": 344642.16,
                            "Plan Rows": 1,
                            "Plan Width": 8,
                            "Actual Startup Time": 811.876,
                            "Actual Total Time": 811.877,
                            "Actual Rows": 1,
                            "Actual Loops": 7,
                            "Output": [
                                "PARTIAL count(*)"
                            ],
                            "Workers": [
                                {
                                    "Worker Number": 0,
                                    "Actual Startup Time": 809.581,
                                    "Actual Total Time": 809.582,
                                    "Actual Rows": 1,
                                    "Actual Loops": 1
                                },
                                {
                                    "Worker Number": 1,
                                    "Actual Startup Time": 810.111,
                                    "Actual Total Time": 810.113,
                                    "Actual Rows": 1,
                                    "Actual Loops": 1
                                },
                                {
                                    "Worker Number": 2,
                                    "Actual Startup Time": 810.395,
                                    "Actual Total Time": 810.396,
                                    "Actual Rows": 1,
                                    "Actual Loops": 1
                                },
                                {
                                    "Worker Number": 3,
                                    "Actual Startup Time": 810.322,
                                    "Actual Total Time": 810.324,
                                    "Actual Rows": 1,
                                    "Actual Loops": 1
                                },
                                {
                                    "Worker Number": 4,
                                    "Actual Startup Time": 811.079,
                                    "Actual Total Time": 811.08,
                                    "Actual Rows": 1,
                                    "Actual Loops": 1
                                },
                                {
                                    "Worker Number": 5,
                                    "Actual Startup Time": 811.251,
                                    "Actual Total Time": 811.252,
                                    "Actual Rows": 1,
                                    "Actual Loops": 1
                                }
                            ],
                            "Plans": [
                                {
                                    "Node Type": "Seq Scan",
                                    "Parent Relationship": "Outer",
                                    "Parallel Aware": true,
                                    "Relation Name": "cast_info",
                                    "Schema": "public",
                                    "Alias": "ci",
                                    "Startup Cost": 0.0,
                                    "Total Cost": 343318.94,
                                    "Plan Rows": 529285,
                                    "Plan Width": 0,
                                    "Actual Startup Time": 535.288,
                                    "Actual Total Time": 765.706,
                                    "Actual Rows": 695345,
                                    "Actual Loops": 7,
                                    "Output": [
                                        "id",
                                        "person_id",
                                        "movie_id",
                                        "person_role_id",
                                        "note",
                                        "nr_order",
                                        "role_id"
                                    ],
                                    "Filter": "((ci.person_id > 3187589) AND (ci.role_id > 1))",
                                    "Rows Removed by Filter": 4482419,
                                    "Workers": [
                                        {
                                            "Worker Number": 0,
                                            "Actual Startup Time": 532.977,
                                            "Actual Total Time": 764.891,
                                            "Actual Rows": 571864,
                                            "Actual Loops": 1
                                        },
                                        {
                                            "Worker Number": 1,
                                            "Actual Startup Time": 533.54,
                                            "Actual Total Time": 765.781,
                                            "Actual Rows": 658346,
                                            "Actual Loops": 1
                                        },
                                        {
                                            "Worker Number": 2,
                                            "Actual Startup Time": 533.808,
                                            "Actual Total Time": 765.056,
                                            "Actual Rows": 674386,
                                            "Actual Loops": 1
                                        },
                                        {
                                            "Worker Number": 3,
                                            "Actual Startup Time": 533.728,
                                            "Actual Total Time": 765.849,
                                            "Actual Rows": 654607,
                                            "Actual Loops": 1
                                        },
                                        {
                                            "Worker Number": 4,
                                            "Actual Startup Time": 534.499,
                                            "Actual Total Time": 765.242,
                                            "Actual Rows": 680857,
                                            "Actual Loops": 1
                                        },
                                        {
                                            "Worker Number": 5,
                                            "Actual Startup Time": 534.665,
                                            "Actual Total Time": 765.565,
                                            "Actual Rows": 681755,
                                            "Actual Loops": 1
                                        }
                                    ]
                                }
                            ]
                        }
                    ]
                }
            ]
        },
        "Planning Time": 526.351,
        "Triggers": [],
        "Execution Time": 867.785
    }
]