[
  {
    "Plan": {
      "Node Type": "Aggregate",
      "Strategy": "Plain",
      "Partial Mode": "Finalize",
      "Parallel Aware": false,
      "Startup Cost": 251378.47,
      "Total Cost": 251378.48,
      "Plan Rows": 1,
      "Plan Width": 8,
      "Actual Startup Time": 920.783,
      "Actual Total Time": 972.191,
      "Actual Rows": 1,
      "Actual Loops": 1,
      "Plans": [
        {
          "Node Type": "Gather",
          "Parent Relationship": "Outer",
          "Parallel Aware": false,
          "Startup Cost": 251377.94,
          "Total Cost": 251378.45,
          "Plan Rows": 5,
          "Plan Width": 8,
          "Actual Startup Time": 917.937,
          "Actual Total Time": 972.181,
          "Actual Rows": 6,
          "Actual Loops": 1,
          "Workers Planned": 5,
          "Workers Launched": 5,
          "Single Copy": false,
          "Plans": [
            {
              "Node Type": "Aggregate",
              "Strategy": "Plain",
              "Partial Mode": "Partial",
              "Parent Relationship": "Outer",
              "Parallel Aware": false,
              "Startup Cost": 250377.94,
              "Total Cost": 250377.95,
              "Plan Rows": 1,
              "Plan Width": 8,
              "Actual Startup Time": 906.985,
              "Actual Total Time": 906.989,
              "Actual Rows": 1,
              "Actual Loops": 6,
              "Plans": [
                {
                  "Node Type": "Hash Join",
                  "Parent Relationship": "Outer",
                  "Parallel Aware": true,
                  "Join Type": "Inner",
                  "Startup Cost": 45942.45,
                  "Total Cost": 250096.44,
                  "Plan Rows": 112602,
                  "Plan Width": 0,
                  "Actual Startup Time": 129.28,
                  "Actual Total Time": 883.339,
                  "Actual Rows": 382459,
                  "Actual Loops": 6,
                  "Inner Unique": true,
                  "Hash Cond": "(mi.movie_id = t.id)",
                  "Plans": [
                    {
                      "Node Type": "Seq Scan",
                      "Parent Relationship": "Outer",
                      "Parallel Aware": true,
                      "Relation Name": "movie_info",
                      "Alias": "mi",
                      "Startup Cost": 0.0,
                      "Total Cost": 199108.24,
                      "Plan Rows": 1922185,
                      "Plan Width": 4,
                      "Actual Startup Time": 0.04,
                      "Actual Total Time": 445.854,
                      "Actual Rows": 1594192,
                      "Actual Loops": 6,
                      "Filter": "(info_type_id < 16)",
                      "Rows Removed by Filter": 878428
                    },
                    {
                      "Node Type": "Hash",
                      "Parent Relationship": "Inner",
                      "Parallel Aware": true,
                      "Startup Cost": 45479.59,
                      "Total Cost": 45479.59,
                      "Plan Rows": 37029,
                      "Plan Width": 4,
                      "Actual Startup Time": 126.026,
                      "Actual Total Time": 126.027,
                      "Actual Rows": 43008,
                      "Actual Loops": 6,
                      "Hash Buckets": 262144,
                      "Original Hash Buckets": 262144,
                      "Hash Batches": 1,
                      "Original Hash Batches": 1,
                      "Peak Memory Usage": 12256,
                      "Plans": [
                        {
                          "Node Type": "Seq Scan",
                          "Parent Relationship": "Outer",
                          "Parallel Aware": true,
                          "Relation Name": "title",
                          "Alias": "t",
                          "Startup Cost": 0.0,
                          "Total Cost": 45479.59,
                          "Plan Rows": 37029,
                          "Plan Width": 4,
                          "Actual Startup Time": 0.167,
                          "Actual Total Time": 102.825,
                          "Actual Rows": 43008,
                          "Actual Loops": 6,
                          "Filter": "((kind_id < 7) AND (production_year < 1972))",
                          "Rows Removed by Filter": 378377
                        }
                      ]
                    }
                  ]
                }
              ]
            }
          ]
        }
      ]
    },
    "Planning Time": 0.541,
    "Triggers": [],
    "Execution Time": 972.262
  }
]