[
    {
        "Bao": {
            "Bao prediction": "NaN",
            "Bao recommended hint": "(no hint)"
        }
    },
    {
        "Plan": {
            "Node Type": "Aggregate",
            "Strategy": "Plain",
            "Partial Mode": "Finalize",
            "Parallel Aware": false,
            "Startup Cost": 125638.82,
            "Total Cost": 125638.83,
            "Plan Rows": 1,
            "Plan Width": 8,
            "Actual Startup Time": 80.811,
            "Actual Total Time": 93.019,
            "Actual Rows": 1,
            "Actual Loops": 1,
            "Output": [
                "count(*)"
            ],
            "Plans": [
                {
                    "Node Type": "Gather",
                    "Parent Relationship": "Outer",
                    "Parallel Aware": false,
                    "Startup Cost": 125638.4,
                    "Total Cost": 125638.81,
                    "Plan Rows": 4,
                    "Plan Width": 8,
                    "Actual Startup Time": 80.604,
                    "Actual Total Time": 93.009,
                    "Actual Rows": 5,
                    "Actual Loops": 1,
                    "Output": [
                        "(PARTIAL count(*))"
                    ],
                    "Workers Planned": 4,
                    "Workers Launched": 4,
                    "Single Copy": false,
                    "Plans": [
                        {
                            "Node Type": "Aggregate",
                            "Strategy": "Plain",
                            "Partial Mode": "Partial",
                            "Parent Relationship": "Outer",
                            "Parallel Aware": false,
                            "Startup Cost": 124638.4,
                            "Total Cost": 124638.41,
                            "Plan Rows": 1,
                            "Plan Width": 8,
                            "Actual Startup Time": 71.297,
                            "Actual Total Time": 71.299,
                            "Actual Rows": 1,
                            "Actual Loops": 5,
                            "Output": [
                                "PARTIAL count(*)"
                            ],
                            "Workers": [
                                {
                                    "Worker Number": 0,
                                    "Actual Startup Time": 68.689,
                                    "Actual Total Time": 68.691,
                                    "Actual Rows": 1,
                                    "Actual Loops": 1
                                },
                                {
                                    "Worker Number": 1,
                                    "Actual Startup Time": 69.003,
                                    "Actual Total Time": 69.005,
                                    "Actual Rows": 1,
                                    "Actual Loops": 1
                                },
                                {
                                    "Worker Number": 2,
                                    "Actual Startup Time": 69.211,
                                    "Actual Total Time": 69.212,
                                    "Actual Rows": 1,
                                    "Actual Loops": 1
                                },
                                {
                                    "Worker Number": 3,
                                    "Actual Startup Time": 69.435,
                                    "Actual Total Time": 69.436,
                                    "Actual Rows": 1,
                                    "Actual Loops": 1
                                }
                            ],
                            "Plans": [
                                {
                                    "Node Type": "Nested Loop",
                                    "Parent Relationship": "Outer",
                                    "Parallel Aware": false,
                                    "Join Type": "Inner",
                                    "Startup Cost": 1801.62,
                                    "Total Cost": 124615.3,
                                    "Plan Rows": 9239,
                                    "Plan Width": 0,
                                    "Actual Startup Time": 2.142,
                                    "Actual Total Time": 69.977,
                                    "Actual Rows": 14043,
                                    "Actual Loops": 5,
                                    "Inner Unique": false,
                                    "Workers": [
                                        {
                                            "Worker Number": 0,
                                            "Actual Startup Time": 0.649,
                                            "Actual Total Time": 67.364,
                                            "Actual Rows": 6499,
                                            "Actual Loops": 1
                                        },
                                        {
                                            "Worker Number": 1,
                                            "Actual Startup Time": 0.825,
                                            "Actual Total Time": 67.77,
                                            "Actual Rows": 8448,
                                            "Actual Loops": 1
                                        },
                                        {
                                            "Worker Number": 2,
                                            "Actual Startup Time": 0.645,
                                            "Actual Total Time": 67.971,
                                            "Actual Rows": 8628,
                                            "Actual Loops": 1
                                        },
                                        {
                                            "Worker Number": 3,
                                            "Actual Startup Time": 0.898,
                                            "Actual Total Time": 68.188,
                                            "Actual Rows": 8602,
                                            "Actual Loops": 1
                                        }
                                    ],
                                    "Plans": [
                                        {
                                            "Node Type": "Bitmap Heap Scan",
                                            "Parent Relationship": "Outer",
                                            "Parallel Aware": true,
                                            "Relation Name": "title",
                                            "Schema": "public",
                                            "Alias": "t",
                                            "Startup Cost": 1801.05,
                                            "Total Cost": 38177.04,
                                            "Plan Rows": 651,
                                            "Plan Width": 4,
                                            "Actual Startup Time": 1.934,
                                            "Actual Total Time": 13.458,
                                            "Actual Rows": 674,
                                            "Actual Loops": 5,
                                            "Output": [
                                                "t.id",
                                                "t.title",
                                                "t.imdb_index",
                                                "t.kind_id",
                                                "t.production_year",
                                                "t.imdb_id",
                                                "t.phonetic_code",
                                                "t.episode_of_id",
                                                "t.season_nr",
                                                "t.episode_nr",
                                                "t.series_years",
                                                "t.md5sum"
                                            ],
                                            "Recheck Cond": "(t.kind_id = 3)",
                                            "Rows Removed by Index Recheck": 0,
                                            "Filter": "(t.production_year = 2003)",
                                            "Rows Removed by Filter": 19434,
                                            "Exact Heap Blocks": 7012,
                                            "Lossy Heap Blocks": 0,
                                            "Workers": [
                                                {
                                                    "Worker Number": 0,
                                                    "Actual Startup Time": 0.393,
                                                    "Actual Total Time": 9.91,
                                                    "Actual Rows": 327,
                                                    "Actual Loops": 1
                                                },
                                                {
                                                    "Worker Number": 1,
                                                    "Actual Startup Time": 0.576,
                                                    "Actual Total Time": 10.849,
                                                    "Actual Rows": 381,
                                                    "Actual Loops": 1
                                                },
                                                {
                                                    "Worker Number": 2,
                                                    "Actual Startup Time": 0.391,
                                                    "Actual Total Time": 10.39,
                                                    "Actual Rows": 423,
                                                    "Actual Loops": 1
                                                },
                                                {
                                                    "Worker Number": 3,
                                                    "Actual Startup Time": 0.641,
                                                    "Actual Total Time": 9.931,
                                                    "Actual Rows": 431,
                                                    "Actual Loops": 1
                                                }
                                            ],
                                            "Plans": [
                                                {
                                                    "Node Type": "Bitmap Index Scan",
                                                    "Parent Relationship": "Outer",
                                                    "Parallel Aware": false,
                                                    "Index Name": "kind_id_title",
                                                    "Startup Cost": 0.0,
                                                    "Total Cost": 1800.4,
                                                    "Plan Rows": 100796,
                                                    "Plan Width": 0,
                                                    "Actual Startup Time": 5.336,
                                                    "Actual Total Time": 5.336,
                                                    "Actual Rows": 100537,
                                                    "Actual Loops": 1,
                                                    "Index Cond": "(t.kind_id = 3)"
                                                }
                                            ]
                                        },
                                        {
                                            "Node Type": "Index Scan",
                                            "Parent Relationship": "Inner",
                                            "Parallel Aware": false,
                                            "Scan Direction": "Forward",
                                            "Index Name": "movie_id_cast_info",
                                            "Relation Name": "cast_info",
                                            "Schema": "public",
                                            "Alias": "ci",
                                            "Startup Cost": 0.56,
                                            "Total Cost": 132.4,
                                            "Plan Rows": 38,
                                            "Plan Width": 4,
                                            "Actual Startup Time": 0.015,
                                            "Actual Total Time": 0.081,
                                            "Actual Rows": 21,
                                            "Actual Loops": 3368,
                                            "Output": [
                                                "ci.id",
                                                "ci.person_id",
                                                "ci.movie_id",
                                                "ci.person_role_id",
                                                "ci.note",
                                                "ci.nr_order",
                                                "ci.role_id"
                                            ],
                                            "Index Cond": "(ci.movie_id = t.id)",
                                            "Rows Removed by Index Recheck": 0,
                                            "Filter": "(ci.person_id < 3988607)",
                                            "Rows Removed by Filter": 0,
                                            "Workers": [
                                                {
                                                    "Worker Number": 0,
                                                    "Actual Startup Time": 0.032,
                                                    "Actual Total Time": 0.17,
                                                    "Actual Rows": 20,
                                                    "Actual Loops": 327
                                                },
                                                {
                                                    "Worker Number": 1,
                                                    "Actual Startup Time": 0.029,
                                                    "Actual Total Time": 0.145,
                                                    "Actual Rows": 22,
                                                    "Actual Loops": 381
                                                },
                                                {
                                                    "Worker Number": 2,
                                                    "Actual Startup Time": 0.025,
                                                    "Actual Total Time": 0.132,
                                                    "Actual Rows": 20,
                                                    "Actual Loops": 423
                                                },
                                                {
                                                    "Worker Number": 3,
                                                    "Actual Startup Time": 0.025,
                                                    "Actual Total Time": 0.131,
                                                    "Actual Rows": 20,
                                                    "Actual Loops": 431
                                                }
                                            ]
                                        }
                                    ]
                                }
                            ]
                        }
                    ]
                }
            ]
        },
        "Planning Time": 198.624,
        "Triggers": [],
        "Execution Time": 93.151
    }
]