{
  "Plan": {
    "Node Type": "Aggregate",
    "Strategy": "Plain",
    "Partial Mode": "Finalize",
    "Parallel Aware": false,
    "Startup Cost": 58089.09,
    "Total Cost": 58089.1,
    "Plan Rows": 1,
    "Plan Width": 8,
    "Actual Startup Time": 177.005,
    "Actual Total Time": 185.23,
    "Actual Rows": 1,
    "Actual Loops": 1,
    "Plans": [
      {
        "Node Type": "Gather",
        "Parent Relationship": "Outer",
        "Parallel Aware": false,
        "Startup Cost": 58088.97,
        "Total Cost": 58089.08,
        "Plan Rows": 1,
        "Plan Width": 8,
        "Actual Startup Time": 176.684,
        "Actual Total Time": 185.223,
        "Actual Rows": 2,
        "Actual Loops": 1,
        "Workers Planned": 1,
        "Workers Launched": 1,
        "Single Copy": false,
        "Plans": [
          {
            "Node Type": "Aggregate",
            "Strategy": "Plain",
            "Partial Mode": "Partial",
            "Parent Relationship": "Outer",
            "Parallel Aware": false,
            "Startup Cost": 57088.97,
            "Total Cost": 57088.98,
            "Plan Rows": 1,
            "Plan Width": 8,
            "Actual Startup Time": 170.655,
            "Actual Total Time": 170.659,
            "Actual Rows": 1,
            "Actual Loops": 2,
            "Plans": [
              {
                "Node Type": "Hash Join",
                "Parent Relationship": "Outer",
                "Parallel Aware": true,
                "Join Type": "Inner",
                "Startup Cost": 38887.8,
                "Total Cost": 57071.59,
                "Plan Rows": 6954,
                "Plan Width": 0,
                "Actual Startup Time": 101.024,
                "Actual Total Time": 170.323,
                "Actual Rows": 5481,
                "Actual Loops": 2,
                "Inner Unique": true,
                "Hash Cond": "(mi_idx.movie_id = t.id)",
                "Plans": [
                  {
                    "Node Type": "Seq Scan",
                    "Parent Relationship": "Outer",
                    "Parallel Aware": true,
                    "Relation Name": "movie_info_idx",
                    "Alias": "mi_idx",
                    "Startup Cost": 0.0,
                    "Total Cost": 16052.85,
                    "Plan Rows": 811785,
                    "Plan Width": 4,
                    "Actual Startup Time": 0.022,
                    "Actual Total Time": 56.483,
                    "Actual Rows": 690018,
                    "Actual Loops": 2
                  },
                  {
                    "Node Type": "Hash",
                    "Parent Relationship": "Inner",
                    "Parallel Aware": true,
                    "Startup Cost": 38728.55,
                    "Total Cost": 38728.55,
                    "Plan Rows": 12740,
                    "Plan Width": 4,
                    "Actual Startup Time": 54.592,
                    "Actual Total Time": 54.593,
                    "Actual Rows": 5782,
                    "Actual Loops": 2,
                    "Hash Buckets": 32768,
                    "Original Hash Buckets": 32768,
                    "Hash Batches": 1,
                    "Original Hash Batches": 1,
                    "Peak Memory Usage": 736,
                    "Plans": [
                      {
                        "Node Type": "Bitmap Heap Scan",
                        "Parent Relationship": "Outer",
                        "Parallel Aware": true,
                        "Relation Name": "title",
                        "Alias": "t",
                        "Startup Cost": 1828.55,
                        "Total Cost": 38728.55,
                        "Plan Rows": 12740,
                        "Plan Width": 4,
                        "Actual Startup Time": 15.931,
                        "Actual Total Time": 52.586,
                        "Actual Rows": 5782,
                        "Actual Loops": 2,
                        "Recheck Cond": "(kind_id = 3)",
                        "Rows Removed by Index Recheck": 0,
                        "Filter": "(production_year > 2009)",
                        "Rows Removed by Filter": 44486,
                        "Exact Heap Blocks": 11105,
                        "Lossy Heap Blocks": 0,
                        "Plans": [
                          {
                            "Node Type": "Bitmap Index Scan",
                            "Parent Relationship": "Outer",
                            "Parallel Aware": false,
                            "Index Name": "kind_id_title",
                            "Startup Cost": 0.0,
                            "Total Cost": 1823.13,
                            "Plan Rows": 102227,
                            "Plan Width": 0,
                            "Actual Startup Time": 16.079,
                            "Actual Total Time": 16.079,
                            "Actual Rows": 100537,
                            "Actual Loops": 1,
                            "Index Cond": "(kind_id = 3)"
                          }
                        ]
                      }
                    ]
                  }
                ]
              }
            ]
          }
        ]
      }
    ]
  },
  "Planning Time": 0.41,
  "Triggers": [],
  "Execution Time": 185.317
}