[
  {
    "Plan": {
      "Node Type": "Aggregate",
      "Strategy": "Plain",
      "Partial Mode": "Finalize",
      "Parallel Aware": false,
      "Startup Cost": 216112.32,
      "Total Cost": 216112.33,
      "Plan Rows": 1,
      "Plan Width": 8,
      "Actual Startup Time": 131.327,
      "Actual Total Time": 151.657,
      "Actual Rows": 1,
      "Actual Loops": 1,
      "Plans": [
        {
          "Node Type": "Gather",
          "Parent Relationship": "Outer",
          "Parallel Aware": false,
          "Startup Cost": 216111.9,
          "Total Cost": 216112.31,
          "Plan Rows": 4,
          "Plan Width": 8,
          "Actual Startup Time": 131.212,
          "Actual Total Time": 151.65,
          "Actual Rows": 5,
          "Actual Loops": 1,
          "Workers Planned": 4,
          "Workers Launched": 4,
          "Single Copy": false,
          "Plans": [
            {
              "Node Type": "Aggregate",
              "Strategy": "Plain",
              "Partial Mode": "Partial",
              "Parent Relationship": "Outer",
              "Parallel Aware": false,
              "Startup Cost": 215111.9,
              "Total Cost": 215111.91,
              "Plan Rows": 1,
              "Plan Width": 8,
              "Actual Startup Time": 121.502,
              "Actual Total Time": 121.503,
              "Actual Rows": 1,
              "Actual Loops": 5,
              "Plans": [
                {
                  "Node Type": "Nested Loop",
                  "Parent Relationship": "Outer",
                  "Parallel Aware": false,
                  "Join Type": "Inner",
                  "Startup Cost": 0.43,
                  "Total Cost": 215098.91,
                  "Plan Rows": 5195,
                  "Plan Width": 0,
                  "Actual Startup Time": 59.397,
                  "Actual Total Time": 120.926,
                  "Actual Rows": 7434,
                  "Actual Loops": 5,
                  "Inner Unique": false,
                  "Plans": [
                    {
                      "Node Type": "Seq Scan",
                      "Parent Relationship": "Outer",
                      "Parallel Aware": true,
                      "Relation Name": "title",
                      "Alias": "t",
                      "Startup Cost": 0.0,
                      "Total Cost": 43898.92,
                      "Plan Rows": 2254,
                      "Plan Width": 4,
                      "Actual Startup Time": 59.314,
                      "Actual Total Time": 80.294,
                      "Actual Rows": 1554,
                      "Actual Loops": 5,
                      "Filter": "(production_year = 1912)",
                      "Rows Removed by Filter": 504108
                    },
                    {
                      "Node Type": "Index Scan",
                      "Parent Relationship": "Inner",
                      "Parallel Aware": false,
                      "Scan Direction": "Forward",
                      "Index Name": "movie_id_movie_info",
                      "Relation Name": "movie_info",
                      "Alias": "mi",
                      "Startup Cost": 0.43,
                      "Total Cost": 75.78,
                      "Plan Rows": 17,
                      "Plan Width": 4,
                      "Actual Startup Time": 0.01,
                      "Actual Total Time": 0.025,
                      "Actual Rows": 5,
                      "Actual Loops": 7770,
                      "Index Cond": "(movie_id = t.id)",
                      "Rows Removed by Index Recheck": 0,
                      "Filter": "(info_type_id < 7)",
                      "Rows Removed by Filter": 7
                    }
                  ]
                }
              ]
            }
          ]
        }
      ]
    },
    "Planning Time": 0.609,
    "Triggers": [],
    "Execution Time": 151.732
  }
]