[
  {
    "Plan": {
      "Node Type": "Aggregate",
      "Strategy": "Plain",
      "Partial Mode": "Finalize",
      "Parallel Aware": false,
      "Startup Cost": 62237.43,
      "Total Cost": 62237.44,
      "Plan Rows": 1,
      "Plan Width": 8,
      "Actual Startup Time": 157.368,
      "Actual Total Time": 164.473,
      "Actual Rows": 1,
      "Actual Loops": 1,
      "Plans": [
        {
          "Node Type": "Gather",
          "Parent Relationship": "Outer",
          "Parallel Aware": false,
          "Startup Cost": 62237.21,
          "Total Cost": 62237.42,
          "Plan Rows": 2,
          "Plan Width": 8,
          "Actual Startup Time": 156.968,
          "Actual Total Time": 164.467,
          "Actual Rows": 3,
          "Actual Loops": 1,
          "Workers Planned": 2,
          "Workers Launched": 2,
          "Single Copy": false,
          "Plans": [
            {
              "Node Type": "Aggregate",
              "Strategy": "Plain",
              "Partial Mode": "Partial",
              "Parent Relationship": "Outer",
              "Parallel Aware": false,
              "Startup Cost": 61237.21,
              "Total Cost": 61237.22,
              "Plan Rows": 1,
              "Plan Width": 8,
              "Actual Startup Time": 150.606,
              "Actual Total Time": 150.609,
              "Actual Rows": 1,
              "Actual Loops": 3,
              "Plans": [
                {
                  "Node Type": "Hash Join",
                  "Parent Relationship": "Outer",
                  "Parallel Aware": true,
                  "Join Type": "Inner",
                  "Startup Cost": 45601.23,
                  "Total Cost": 61229.77,
                  "Plan Rows": 2976,
                  "Plan Width": 0,
                  "Actual Startup Time": 118.695,
                  "Actual Total Time": 150.476,
                  "Actual Rows": 2034,
                  "Actual Loops": 3,
                  "Inner Unique": true,
                  "Hash Cond": "(mi_idx.movie_id = t.id)",
                  "Plans": [
                    {
                      "Node Type": "Seq Scan",
                      "Parent Relationship": "Outer",
                      "Parallel Aware": true,
                      "Relation Name": "movie_info_idx",
                      "Alias": "mi_idx",
                      "Startup Cost": 0.0,
                      "Total Cost": 15122.68,
                      "Plan Rows": 192707,
                      "Plan Width": 4,
                      "Actual Startup Time": 0.017,
                      "Actual Total Time": 34.099,
                      "Actual Rows": 153308,
                      "Actual Loops": 3,
                      "Filter": "(info_type_id = 100)",
                      "Rows Removed by Filter": 306703
                    },
                    {
                      "Node Type": "Hash",
                      "Parent Relationship": "Inner",
                      "Parallel Aware": true,
                      "Startup Cost": 45479.21,
                      "Total Cost": 45479.21,
                      "Plan Rows": 9762,
                      "Plan Width": 4,
                      "Actual Startup Time": 97.56,
                      "Actual Total Time": 97.56,
                      "Actual Rows": 31987,
                      "Actual Loops": 3,
                      "Hash Buckets": 131072,
                      "Original Hash Buckets": 65536,
                      "Hash Batches": 1,
                      "Original Hash Batches": 1,
                      "Peak Memory Usage": 5344,
                      "Plans": [
                        {
                          "Node Type": "Seq Scan",
                          "Parent Relationship": "Outer",
                          "Parallel Aware": true,
                          "Relation Name": "title",
                          "Alias": "t",
                          "Startup Cost": 0.0,
                          "Total Cost": 45479.21,
                          "Plan Rows": 9762,
                          "Plan Width": 4,
                          "Actual Startup Time": 56.862,
                          "Actual Total Time": 89.756,
                          "Actual Rows": 31987,
                          "Actual Loops": 3,
                          "Filter": "((kind_id < 7) AND (production_year < 1923))",
                          "Rows Removed by Filter": 810783
                        }
                      ]
                    }
                  ]
                }
              ]
            }
          ]
        }
      ]
    },
    "Planning Time": 0.271,
    "Triggers": [],
    "Execution Time": 164.509
  }
]