[
  {
    "Plan": {
      "Node Type": "Aggregate",
      "Strategy": "Plain",
      "Partial Mode": "Finalize",
      "Parallel Aware": false,
      "Startup Cost": 33098.14,
      "Total Cost": 33098.15,
      "Plan Rows": 1,
      "Plan Width": 8,
      "Actual Startup Time": 111.18,
      "Actual Total Time": 117.079,
      "Actual Rows": 1,
      "Actual Loops": 1,
      "Plans": [
        {
          "Node Type": "Gather",
          "Parent Relationship": "Outer",
          "Parallel Aware": false,
          "Startup Cost": 33097.82,
          "Total Cost": 33098.13,
          "Plan Rows": 3,
          "Plan Width": 8,
          "Actual Startup Time": 111.069,
          "Actual Total Time": 117.072,
          "Actual Rows": 4,
          "Actual Loops": 1,
          "Workers Planned": 3,
          "Workers Launched": 3,
          "Single Copy": false,
          "Plans": [
            {
              "Node Type": "Aggregate",
              "Strategy": "Plain",
              "Partial Mode": "Partial",
              "Parent Relationship": "Outer",
              "Parallel Aware": false,
              "Startup Cost": 32097.82,
              "Total Cost": 32097.83,
              "Plan Rows": 1,
              "Plan Width": 8,
              "Actual Startup Time": 102.768,
              "Actual Total Time": 102.769,
              "Actual Rows": 1,
              "Actual Loops": 4,
              "Plans": [
                {
                  "Node Type": "Seq Scan",
                  "Parent Relationship": "Outer",
                  "Parallel Aware": true,
                  "Relation Name": "movie_companies",
                  "Alias": "mc",
                  "Startup Cost": 0.0,
                  "Total Cost": 31414.82,
                  "Plan Rows": 273201,
                  "Plan Width": 0,
                  "Actual Startup Time": 49.077,
                  "Actual Total Time": 89.712,
                  "Actual Rows": 263705,
                  "Actual Loops": 4,
                  "Filter": "((company_id > 3733) AND (company_type_id = 2))",
                  "Rows Removed by Filter": 388577
                }
              ]
            }
          ]
        }
      ]
    },
    "Planning Time": 0.174,
    "Triggers": [],
    "Execution Time": 117.12
  }
]