[
  {
    "Plan": {
      "Node Type": "Aggregate",
      "Strategy": "Plain",
      "Partial Mode": "Finalize",
      "Parallel Aware": false,
      "Startup Cost": 78710.01,
      "Total Cost": 78710.02,
      "Plan Rows": 1,
      "Plan Width": 8,
      "Actual Startup Time": 227.06,
      "Actual Total Time": 242.637,
      "Actual Rows": 1,
      "Actual Loops": 1,
      "Plans": [
        {
          "Node Type": "Gather",
          "Parent Relationship": "Outer",
          "Parallel Aware": false,
          "Startup Cost": 78709.7,
          "Total Cost": 78710.01,
          "Plan Rows": 3,
          "Plan Width": 8,
          "Actual Startup Time": 226.061,
          "Actual Total Time": 242.631,
          "Actual Rows": 4,
          "Actual Loops": 1,
          "Workers Planned": 3,
          "Workers Launched": 3,
          "Single Copy": false,
          "Plans": [
            {
              "Node Type": "Aggregate",
              "Strategy": "Plain",
              "Partial Mode": "Partial",
              "Parent Relationship": "Outer",
              "Parallel Aware": false,
              "Startup Cost": 77709.7,
              "Total Cost": 77709.71,
              "Plan Rows": 1,
              "Plan Width": 8,
              "Actual Startup Time": 223.004,
              "Actual Total Time": 223.007,
              "Actual Rows": 1,
              "Actual Loops": 4,
              "Plans": [
                {
                  "Node Type": "Hash Join",
                  "Parent Relationship": "Outer",
                  "Parallel Aware": true,
                  "Join Type": "Inner",
                  "Startup Cost": 47055.42,
                  "Total Cost": 77495.23,
                  "Plan Rows": 85787,
                  "Plan Width": 0,
                  "Actual Startup Time": 164.953,
                  "Actual Total Time": 219.256,
                  "Actual Rows": 92282,
                  "Actual Loops": 4,
                  "Inner Unique": true,
                  "Hash Cond": "(mc.movie_id = t.id)",
                  "Plans": [
                    {
                      "Node Type": "Seq Scan",
                      "Parent Relationship": "Outer",
                      "Parallel Aware": true,
                      "Relation Name": "movie_companies",
                      "Alias": "mc",
                      "Startup Cost": 0.0,
                      "Total Cost": 29310.68,
                      "Plan Rows": 430142,
                      "Plan Width": 4,
                      "Actual Startup Time": 26.828,
                      "Actual Total Time": 60.824,
                      "Actual Rows": 333721,
                      "Actual Loops": 4,
                      "Filter": "(company_type_id = 2)",
                      "Rows Removed by Filter": 318562
                    },
                    {
                      "Node Type": "Hash",
                      "Parent Relationship": "Inner",
                      "Parallel Aware": true,
                      "Startup Cost": 45479.59,
                      "Total Cost": 45479.59,
                      "Plan Rows": 126067,
                      "Plan Width": 4,
                      "Actual Startup Time": 105.333,
                      "Actual Total Time": 105.334,
                      "Actual Rows": 94480,
                      "Actual Loops": 4,
                      "Hash Buckets": 524288,
                      "Original Hash Buckets": 524288,
                      "Hash Batches": 1,
                      "Original Hash Batches": 1,
                      "Peak Memory Usage": 18944,
                      "Plans": [
                        {
                          "Node Type": "Seq Scan",
                          "Parent Relationship": "Outer",
                          "Parallel Aware": true,
                          "Relation Name": "title",
                          "Alias": "t",
                          "Startup Cost": 0.0,
                          "Total Cost": 45479.59,
                          "Plan Rows": 126067,
                          "Plan Width": 4,
                          "Actual Startup Time": 33.765,
                          "Actual Total Time": 81.73,
                          "Actual Rows": 94480,
                          "Actual Loops": 4,
                          "Filter": "((production_year > 1981) AND (kind_id = 1))",
                          "Rows Removed by Filter": 537598
                        }
                      ]
                    }
                  ]
                }
              ]
            }
          ]
        }
      ]
    },
    "Planning Time": 0.648,
    "Triggers": [],
    "Execution Time": 242.704
  }
]