[
  {
    "Plan": {
      "Node Type": "Aggregate",
      "Strategy": "Plain",
      "Partial Mode": "Finalize",
      "Parallel Aware": false,
      "Startup Cost": 83374.21,
      "Total Cost": 83374.22,
      "Plan Rows": 1,
      "Plan Width": 8,
      "Actual Startup Time": 446.234,
      "Actual Total Time": 463.618,
      "Actual Rows": 1,
      "Actual Loops": 1,
      "Plans": [
        {
          "Node Type": "Gather",
          "Parent Relationship": "Outer",
          "Parallel Aware": false,
          "Startup Cost": 83373.79,
          "Total Cost": 83374.2,
          "Plan Rows": 4,
          "Plan Width": 8,
          "Actual Startup Time": 438.735,
          "Actual Total Time": 463.609,
          "Actual Rows": 5,
          "Actual Loops": 1,
          "Workers Planned": 4,
          "Workers Launched": 4,
          "Single Copy": false,
          "Plans": [
            {
              "Node Type": "Aggregate",
              "Strategy": "Plain",
              "Partial Mode": "Partial",
              "Parent Relationship": "Outer",
              "Parallel Aware": false,
              "Startup Cost": 82373.79,
              "Total Cost": 82373.8,
              "Plan Rows": 1,
              "Plan Width": 8,
              "Actual Startup Time": 429.338,
              "Actual Total Time": 429.516,
              "Actual Rows": 1,
              "Actual Loops": 5,
              "Plans": [
                {
                  "Node Type": "Hash Join",
                  "Parent Relationship": "Outer",
                  "Parallel Aware": true,
                  "Join Type": "Inner",
                  "Startup Cost": 35459.01,
                  "Total Cost": 81746.94,
                  "Plan Rows": 250740,
                  "Plan Width": 0,
                  "Actual Startup Time": 178.403,
                  "Actual Total Time": 419.651,
                  "Actual Rows": 231781,
                  "Actual Loops": 5,
                  "Inner Unique": false,
                  "Hash Cond": "(t.id = mc.movie_id)",
                  "Plans": [
                    {
                      "Node Type": "Seq Scan",
                      "Parent Relationship": "Outer",
                      "Parallel Aware": true,
                      "Relation Name": "title",
                      "Alias": "t",
                      "Startup Cost": 0.0,
                      "Total Cost": 42318.73,
                      "Plan Rows": 632073,
                      "Plan Width": 4,
                      "Actual Startup Time": 0.014,
                      "Actual Total Time": 64.461,
                      "Actual Rows": 505662,
                      "Actual Loops": 5
                    },
                    {
                      "Node Type": "Hash",
                      "Parent Relationship": "Inner",
                      "Parallel Aware": true,
                      "Startup Cost": 31414.82,
                      "Total Cost": 31414.82,
                      "Plan Rows": 323535,
                      "Plan Width": 4,
                      "Actual Startup Time": 174.162,
                      "Actual Total Time": 174.163,
                      "Actual Rows": 231781,
                      "Actual Loops": 5,
                      "Hash Buckets": 2097152,
                      "Original Hash Buckets": 1048576,
                      "Hash Batches": 1,
                      "Original Hash Batches": 1,
                      "Peak Memory Usage": 69984,
                      "Plans": [
                        {
                          "Node Type": "Seq Scan",
                          "Parent Relationship": "Outer",
                          "Parallel Aware": true,
                          "Relation Name": "movie_companies",
                          "Alias": "mc",
                          "Startup Cost": 0.0,
                          "Total Cost": 31414.82,
                          "Plan Rows": 323535,
                          "Plan Width": 4,
                          "Actual Startup Time": 45.447,
                          "Actual Total Time": 80.349,
                          "Actual Rows": 231781,
                          "Actual Loops": 5,
                          "Filter": "((company_id > 834) AND (company_type_id = 2))",
                          "Rows Removed by Filter": 290045
                        }
                      ]
                    }
                  ]
                }
              ]
            }
          ]
        }
      ]
    },
    "Planning Time": 0.554,
    "Triggers": [],
    "Execution Time": 463.686
  }
]