{
    "Plan": {
        "Node Type": "Aggregate",
        "Strategy": "Plain",
        "Partial Mode": "Simple",
        "Parallel Aware": false,
        "Startup Cost": 16368.1,
        "Total Cost": 16368.11,
        "Plan Rows": 1,
        "Plan Width": 64,
        "Actual Startup Time": 154.434,
        "Actual Total Time": 161.571,
        "Actual Rows": 1,
        "Actual Loops": 1,
        "Output": [
            "min(mi_idx.info)",
            "min(t.title)"
        ],
        "Plans": [
            {
                "Node Type": "Gather",
                "Parent Relationship": "Outer",
                "Parallel Aware": false,
                "Startup Cost": 1003.71,
                "Total Cost": 16368.1,
                "Plan Rows": 1,
                "Plan Width": 22,
                "Actual Startup Time": 68.899,
                "Actual Total Time": 161.551,
                "Actual Rows": 6,
                "Actual Loops": 1,
                "Output": [
                    "mi_idx.info",
                    "t.title"
                ],
                "Workers Planned": 2,
                "Workers Launched": 2,
                "Single Copy": false,
                "Plans": [
                    {
                        "Node Type": "Nested Loop",
                        "Parent Relationship": "Outer",
                        "Parallel Aware": false,
                        "Join Type": "Inner",
                        "Startup Cost": 3.71,
                        "Total Cost": 15368.0,
                        "Plan Rows": 1,
                        "Plan Width": 22,
                        "Actual Startup Time": 112.835,
                        "Actual Total Time": 144.93,
                        "Actual Rows": 2,
                        "Actual Loops": 3,
                        "Output": [
                            "mi_idx.info",
                            "t.title"
                        ],
                        "Inner Unique": true,
                        "Workers": [
                            {
                                "Worker Number": 0,
                                "Actual Startup Time": 129.337,
                                "Actual Total Time": 140.284,
                                "Actual Rows": 1,
                                "Actual Loops": 1
                            },
                            {
                                "Worker Number": 1,
                                "Actual Startup Time": 141.233,
                                "Actual Total Time": 141.237,
                                "Actual Rows": 0,
                                "Actual Loops": 1
                            }
                        ],
                        "Plans": [
                            {
                                "Node Type": "Nested Loop",
                                "Parent Relationship": "Outer",
                                "Parallel Aware": false,
                                "Join Type": "Inner",
                                "Startup Cost": 3.29,
                                "Total Cost": 15349.02,
                                "Plan Rows": 43,
                                "Plan Width": 26,
                                "Actual Startup Time": 27.202,
                                "Actual Total Time": 142.354,
                                "Actual Rows": 357,
                                "Actual Loops": 3,
                                "Output": [
                                    "mi_idx.info",
                                    "mk.keyword_id",
                                    "t.title"
                                ],
                                "Inner Unique": false,
                                "Workers": [
                                    {
                                        "Worker Number": 0,
                                        "Actual Startup Time": 31.684,
                                        "Actual Total Time": 138.591,
                                        "Actual Rows": 57,
                                        "Actual Loops": 1
                                    },
                                    {
                                        "Worker Number": 1,
                                        "Actual Startup Time": 35.452,
                                        "Actual Total Time": 139.56,
                                        "Actual Rows": 54,
                                        "Actual Loops": 1
                                    }
                                ],
                                "Plans": [
                                    {
                                        "Node Type": "Nested Loop",
                                        "Parent Relationship": "Outer",
                                        "Parallel Aware": false,
                                        "Join Type": "Inner",
                                        "Startup Cost": 2.86,
                                        "Total Cost": 15338.19,
                                        "Plan Rows": 5,
                                        "Plan Width": 30,
                                        "Actual Startup Time": 9.47,
                                        "Actual Total Time": 88.607,
                                        "Actual Rows": 24,
                                        "Actual Loops": 3,
                                        "Output": [
                                            "mi_idx.info",
                                            "mi_idx.movie_id",
                                            "t.title",
                                            "t.id"
                                        ],
                                        "Inner Unique": true,
                                        "Workers": [
                                            {
                                                "Worker Number": 0,
                                                "Actual Startup Time": 6.499,
                                                "Actual Total Time": 81.164,
                                                "Actual Rows": 15,
                                                "Actual Loops": 1
                                            },
                                            {
                                                "Worker Number": 1,
                                                "Actual Startup Time": 17.467,
                                                "Actual Total Time": 80.99,
                                                "Actual Rows": 13,
                                                "Actual Loops": 1
                                            }
                                        ],
                                        "Plans": [
                                            {
                                                "Node Type": "Hash Join",
                                                "Parent Relationship": "Outer",
                                                "Parallel Aware": false,
                                                "Join Type": "Inner",
                                                "Startup Cost": 2.43,
                                                "Total Cost": 15134.38,
                                                "Plan Rows": 30,
                                                "Plan Width": 9,
                                                "Actual Startup Time": 3.338,
                                                "Actual Total Time": 85.271,
                                                "Actual Rows": 102,
                                                "Actual Loops": 3,
                                                "Output": [
                                                    "mi_idx.info",
                                                    "mi_idx.movie_id"
                                                ],
                                                "Inner Unique": true,
                                                "Hash Cond": "(mi_idx.info_type_id = it.id)",
                                                "Workers": [
                                                    {
                                                        "Worker Number": 0,
                                                        "Actual Startup Time": 1.367,
                                                        "Actual Total Time": 76.562,
                                                        "Actual Rows": 68,
                                                        "Actual Loops": 1
                                                    },
                                                    {
                                                        "Worker Number": 1,
                                                        "Actual Startup Time": 4.285,
                                                        "Actual Total Time": 77.359,
                                                        "Actual Rows": 47,
                                                        "Actual Loops": 1
                                                    }
                                                ],
                                                "Plans": [
                                                    {
                                                        "Node Type": "Seq Scan",
                                                        "Parent Relationship": "Outer",
                                                        "Parallel Aware": true,
                                                        "Relation Name": "movie_info_idx",
                                                        "Schema": "public",
                                                        "Alias": "mi_idx",
                                                        "Startup Cost": 0.0,
                                                        "Total Cost": 15122.68,
                                                        "Plan Rows": 3406,
                                                        "Plan Width": 13,
                                                        "Actual Startup Time": 0.293,
                                                        "Actual Total Time": 84.071,
                                                        "Actual Rows": 2774,
                                                        "Actual Loops": 3,
                                                        "Output": [
                                                            "mi_idx.id",
                                                            "mi_idx.movie_id",
                                                            "mi_idx.info_type_id",
                                                            "mi_idx.info",
                                                            "mi_idx.note"
                                                        ],
                                                        "Filter": "(mi_idx.info > '9.0'::text)",
                                                        "Rows Removed by Filter": 457238,
                                                        "Workers": [
                                                            {
                                                                "Worker Number": 0,
                                                                "Actual Startup Time": 0.271,
                                                                "Actual Total Time": 75.171,
                                                                "Actual Rows": 1856,
                                                                "Actual Loops": 1
                                                            },
                                                            {
                                                                "Worker Number": 1,
                                                                "Actual Startup Time": 0.357,
                                                                "Actual Total Time": 75.854,
                                                                "Actual Rows": 2046,
                                                                "Actual Loops": 1
                                                            }
                                                        ]
                                                    },
                                                    {
                                                        "Node Type": "Hash",
                                                        "Parent Relationship": "Inner",
                                                        "Parallel Aware": false,
                                                        "Startup Cost": 2.41,
                                                        "Total Cost": 2.41,
                                                        "Plan Rows": 1,
                                                        "Plan Width": 4,
                                                        "Actual Startup Time": 0.098,
                                                        "Actual Total Time": 0.099,
                                                        "Actual Rows": 1,
                                                        "Actual Loops": 3,
                                                        "Output": [
                                                            "it.id"
                                                        ],
                                                        "Hash Buckets": 1024,
                                                        "Original Hash Buckets": 1024,
                                                        "Hash Batches": 1,
                                                        "Original Hash Batches": 1,
                                                        "Peak Memory Usage": 9,
                                                        "Workers": [
                                                            {
                                                                "Worker Number": 0,
                                                                "Actual Startup Time": 0.121,
                                                                "Actual Total Time": 0.122,
                                                                "Actual Rows": 1,
                                                                "Actual Loops": 1
                                                            },
                                                            {
                                                                "Worker Number": 1,
                                                                "Actual Startup Time": 0.122,
                                                                "Actual Total Time": 0.123,
                                                                "Actual Rows": 1,
                                                                "Actual Loops": 1
                                                            }
                                                        ],
                                                        "Plans": [
                                                            {
                                                                "Node Type": "Seq Scan",
                                                                "Parent Relationship": "Outer",
                                                                "Parallel Aware": false,
                                                                "Relation Name": "info_type",
                                                                "Schema": "public",
                                                                "Alias": "it",
                                                                "Startup Cost": 0.0,
                                                                "Total Cost": 2.41,
                                                                "Plan Rows": 1,
                                                                "Plan Width": 4,
                                                                "Actual Startup Time": 0.072,
                                                                "Actual Total Time": 0.077,
                                                                "Actual Rows": 1,
                                                                "Actual Loops": 3,
                                                                "Output": [
                                                                    "it.id"
                                                                ],
                                                                "Filter": "((it.info)::text = 'rating'::text)",
                                                                "Rows Removed by Filter": 112,
                                                                "Workers": [
                                                                    {
                                                                        "Worker Number": 0,
                                                                        "Actual Startup Time": 0.089,
                                                                        "Actual Total Time": 0.095,
                                                                        "Actual Rows": 1,
                                                                        "Actual Loops": 1
                                                                    },
                                                                    {
                                                                        "Worker Number": 1,
                                                                        "Actual Startup Time": 0.088,
                                                                        "Actual Total Time": 0.095,
                                                                        "Actual Rows": 1,
                                                                        "Actual Loops": 1
                                                                    }
                                                                ]
                                                            }
                                                        ]
                                                    }
                                                ]
                                            },
                                            {
                                                "Node Type": "Index Scan",
                                                "Parent Relationship": "Inner",
                                                "Parallel Aware": false,
                                                "Scan Direction": "Forward",
                                                "Index Name": "title_pkey",
                                                "Relation Name": "title",
                                                "Schema": "public",
                                                "Alias": "t",
                                                "Startup Cost": 0.43,
                                                "Total Cost": 6.79,
                                                "Plan Rows": 1,
                                                "Plan Width": 21,
                                                "Actual Startup Time": 0.032,
                                                "Actual Total Time": 0.032,
                                                "Actual Rows": 0,
                                                "Actual Loops": 305,
                                                "Output": [
                                                    "t.id",
                                                    "t.title",
                                                    "t.imdb_index",
                                                    "t.kind_id",
                                                    "t.production_year",
                                                    "t.imdb_id",
                                                    "t.phonetic_code",
                                                    "t.episode_of_id",
                                                    "t.season_nr",
                                                    "t.episode_nr",
                                                    "t.series_years",
                                                    "t.md5sum"
                                                ],
                                                "Index Cond": "(t.id = mi_idx.movie_id)",
                                                "Rows Removed by Index Recheck": 0,
                                                "Filter": "(t.production_year > 2010)",
                                                "Rows Removed by Filter": 1,
                                                "Workers": [
                                                    {
                                                        "Worker Number": 0,
                                                        "Actual Startup Time": 0.066,
                                                        "Actual Total Time": 0.066,
                                                        "Actual Rows": 0,
                                                        "Actual Loops": 68
                                                    },
                                                    {
                                                        "Worker Number": 1,
                                                        "Actual Startup Time": 0.075,
                                                        "Actual Total Time": 0.075,
                                                        "Actual Rows": 0,
                                                        "Actual Loops": 47
                                                    }
                                                ]
                                            }
                                        ]
                                    },
                                    {
                                        "Node Type": "Index Scan",
                                        "Parent Relationship": "Inner",
                                        "Parallel Aware": false,
                                        "Scan Direction": "Forward",
                                        "Index Name": "movie_id_movie_keyword",
                                        "Relation Name": "movie_keyword",
                                        "Schema": "public",
                                        "Alias": "mk",
                                        "Startup Cost": 0.43,
                                        "Total Cost": 1.7,
                                        "Plan Rows": 46,
                                        "Plan Width": 8,
                                        "Actual Startup Time": 2.229,
                                        "Actual Total Time": 2.235,
                                        "Actual Rows": 15,
                                        "Actual Loops": 72,
                                        "Output": [
                                            "mk.id",
                                            "mk.movie_id",
                                            "mk.keyword_id"
                                        ],
                                        "Index Cond": "(mk.movie_id = t.id)",
                                        "Rows Removed by Index Recheck": 0,
                                        "Workers": [
                                            {
                                                "Worker Number": 0,
                                                "Actual Startup Time": 3.822,
                                                "Actual Total Time": 3.825,
                                                "Actual Rows": 4,
                                                "Actual Loops": 15
                                            },
                                            {
                                                "Worker Number": 1,
                                                "Actual Startup Time": 4.5,
                                                "Actual Total Time": 4.502,
                                                "Actual Rows": 4,
                                                "Actual Loops": 13
                                            }
                                        ]
                                    }
                                ]
                            },
                            {
                                "Node Type": "Index Scan",
                                "Parent Relationship": "Inner",
                                "Parallel Aware": false,
                                "Scan Direction": "Forward",
                                "Index Name": "keyword_pkey",
                                "Relation Name": "keyword",
                                "Schema": "public",
                                "Alias": "k",
                                "Startup Cost": 0.42,
                                "Total Cost": 0.44,
                                "Plan Rows": 1,
                                "Plan Width": 4,
                                "Actual Startup Time": 0.007,
                                "Actual Total Time": 0.007,
                                "Actual Rows": 0,
                                "Actual Loops": 1070,
                                "Output": [
                                    "k.id",
                                    "k.keyword",
                                    "k.phonetic_code"
                                ],
                                "Index Cond": "(k.id = mk.keyword_id)",
                                "Rows Removed by Index Recheck": 0,
                                "Filter": "(k.keyword ~~ '%sequel%'::text)",
                                "Rows Removed by Filter": 1,
                                "Workers": [
                                    {
                                        "Worker Number": 0,
                                        "Actual Startup Time": 0.028,
                                        "Actual Total Time": 0.028,
                                        "Actual Rows": 0,
                                        "Actual Loops": 57
                                    },
                                    {
                                        "Worker Number": 1,
                                        "Actual Startup Time": 0.03,
                                        "Actual Total Time": 0.03,
                                        "Actual Rows": 0,
                                        "Actual Loops": 54
                                    }
                                ]
                            }
                        ]
                    }
                ]
            }
        ]
    },
    "Planning Time": 3.33,
    "Triggers": [],
    "Execution Time": 161.711
}