[
  {
    "Plan": {
      "Node Type": "Aggregate",
      "Strategy": "Plain",
      "Partial Mode": "Finalize",
      "Parallel Aware": false,
      "Startup Cost": 28440.33,
      "Total Cost": 28440.34,
      "Plan Rows": 1,
      "Plan Width": 8,
      "Actual Startup Time": 56.038,
      "Actual Total Time": 60.259,
      "Actual Rows": 1,
      "Actual Loops": 1,
      "Plans": [
        {
          "Node Type": "Gather",
          "Parent Relationship": "Outer",
          "Parallel Aware": false,
          "Startup Cost": 28440.01,
          "Total Cost": 28440.32,
          "Plan Rows": 3,
          "Plan Width": 8,
          "Actual Startup Time": 55.844,
          "Actual Total Time": 60.25,
          "Actual Rows": 4,
          "Actual Loops": 1,
          "Workers Planned": 3,
          "Workers Launched": 3,
          "Single Copy": false,
          "Plans": [
            {
              "Node Type": "Aggregate",
              "Strategy": "Plain",
              "Partial Mode": "Partial",
              "Parent Relationship": "Outer",
              "Parallel Aware": false,
              "Startup Cost": 27440.01,
              "Total Cost": 27440.02,
              "Plan Rows": 1,
              "Plan Width": 8,
              "Actual Startup Time": 51.551,
              "Actual Total Time": 51.552,
              "Actual Rows": 1,
              "Actual Loops": 4,
              "Plans": [
                {
                  "Node Type": "Bitmap Heap Scan",
                  "Parent Relationship": "Outer",
                  "Parallel Aware": true,
                  "Relation Name": "movie_companies",
                  "Alias": "mc",
                  "Startup Cost": 6954.89,
                  "Total Cost": 27306.96,
                  "Plan Rows": 53222,
                  "Plan Width": 0,
                  "Actual Startup Time": 18.616,
                  "Actual Total Time": 46.948,
                  "Actual Rows": 81839,
                  "Actual Loops": 4,
                  "Recheck Cond": "(company_id > 91234)",
                  "Rows Removed by Index Recheck": 0,
                  "Filter": "(company_type_id = 2)",
                  "Rows Removed by Filter": 0,
                  "Exact Heap Blocks": 2075,
                  "Lossy Heap Blocks": 0,
                  "Plans": [
                    {
                      "Node Type": "Bitmap Index Scan",
                      "Parent Relationship": "Outer",
                      "Parallel Aware": false,
                      "Index Name": "company_id_movie_companies",
                      "Startup Cost": 0.0,
                      "Total Cost": 6913.64,
                      "Plan Rows": 322828,
                      "Plan Width": 0,
                      "Actual Startup Time": 21.645,
                      "Actual Total Time": 21.645,
                      "Actual Rows": 327356,
                      "Actual Loops": 1,
                      "Index Cond": "(company_id > 91234)"
                    }
                  ]
                }
              ]
            }
          ]
        }
      ]
    },
    "Planning Time": 0.237,
    "Triggers": [],
    "Execution Time": 60.347
  }
]