{
  "Plan": {
    "Node Type": "Aggregate",
    "Strategy": "Plain",
    "Partial Mode": "Finalize",
    "Parallel Aware": false,
    "Startup Cost": 100755.1,
    "Total Cost": 100755.11,
    "Plan Rows": 1,
    "Plan Width": 8,
    "Actual Startup Time": 355.184,
    "Actual Total Time": 367.861,
    "Actual Rows": 1,
    "Actual Loops": 1,
    "Plans": [
      {
        "Node Type": "Gather",
        "Parent Relationship": "Outer",
        "Parallel Aware": false,
        "Startup Cost": 100754.98,
        "Total Cost": 100755.09,
        "Plan Rows": 1,
        "Plan Width": 8,
        "Actual Startup Time": 354.358,
        "Actual Total Time": 367.851,
        "Actual Rows": 2,
        "Actual Loops": 1,
        "Workers Planned": 1,
        "Workers Launched": 1,
        "Single Copy": false,
        "Plans": [
          {
            "Node Type": "Aggregate",
            "Strategy": "Plain",
            "Partial Mode": "Partial",
            "Parent Relationship": "Outer",
            "Parallel Aware": false,
            "Startup Cost": 99754.98,
            "Total Cost": 99754.99,
            "Plan Rows": 1,
            "Plan Width": 8,
            "Actual Startup Time": 348.783,
            "Actual Total Time": 348.786,
            "Actual Rows": 1,
            "Actual Loops": 2,
            "Plans": [
              {
                "Node Type": "Hash Join",
                "Parent Relationship": "Outer",
                "Parallel Aware": true,
                "Join Type": "Inner",
                "Startup Cost": 60208.36,
                "Total Cost": 99615.43,
                "Plan Rows": 55822,
                "Plan Width": 0,
                "Actual Startup Time": 182.7,
                "Actual Total Time": 347.475,
                "Actual Rows": 30511,
                "Actual Loops": 2,
                "Inner Unique": true,
                "Hash Cond": "(mc.movie_id = t.id)",
                "Plans": [
                  {
                    "Node Type": "Seq Scan",
                    "Parent Relationship": "Outer",
                    "Parallel Aware": true,
                    "Relation Name": "movie_companies",
                    "Alias": "mc",
                    "Startup Cost": 0.0,
                    "Total Cost": 37974.77,
                    "Plan Rows": 545639,
                    "Plan Width": 4,
                    "Actual Startup Time": 0.013,
                    "Actual Total Time": 100.026,
                    "Actual Rows": 464108,
                    "Actual Loops": 2,
                    "Filter": "(company_id < 3281)",
                    "Rows Removed by Filter": 840456
                  },
                  {
                    "Node Type": "Hash",
                    "Parent Relationship": "Inner",
                    "Parallel Aware": true,
                    "Startup Cost": 58306.47,
                    "Total Cost": 58306.47,
                    "Plan Rows": 152151,
                    "Plan Width": 4,
                    "Actual Startup Time": 179.08,
                    "Actual Total Time": 179.08,
                    "Actual Rows": 135598,
                    "Actual Loops": 2,
                    "Hash Buckets": 524288,
                    "Original Hash Buckets": 262144,
                    "Hash Batches": 1,
                    "Original Hash Batches": 1,
                    "Peak Memory Usage": 16800,
                    "Plans": [
                      {
                        "Node Type": "Seq Scan",
                        "Parent Relationship": "Outer",
                        "Parallel Aware": true,
                        "Relation Name": "title",
                        "Alias": "t",
                        "Startup Cost": 0.0,
                        "Total Cost": 58306.47,
                        "Plan Rows": 152151,
                        "Plan Width": 4,
                        "Actual Startup Time": 0.043,
                        "Actual Total Time": 139.387,
                        "Actual Rows": 135598,
                        "Actual Loops": 2,
                        "Filter": "((kind_id > 3) AND (production_year > 2010))",
                        "Rows Removed by Filter": 1128558
                      }
                    ]
                  }
                ]
              }
            ]
          }
        ]
      }
    ]
  },
  "Planning Time": 0.444,
  "Triggers": [],
  "Execution Time": 367.929
}