{
    "Plan": {
        "Node Type": "Aggregate",
        "Strategy": "Plain",
        "Partial Mode": "Simple",
        "Parallel Aware": false,
        "Startup Cost": 10000785349.83,
        "Total Cost": 10000785349.84,
        "Plan Rows": 1,
        "Plan Width": 8,
        "Actual Startup Time": 4827.597,
        "Actual Total Time": 4827.603,
        "Actual Rows": 1,
        "Actual Loops": 1,
        "Output": [
            "count(*)"
        ],
        "Plans": [
            {
                "Node Type": "Hash Join",
                "Parent Relationship": "Outer",
                "Parallel Aware": false,
                "Join Type": "Inner",
                "Startup Cost": 10000554600.93,
                "Total Cost": 10000780416.05,
                "Plan Rows": 1973510,
                "Plan Width": 0,
                "Actual Startup Time": 3359.85,
                "Actual Total Time": 4757.487,
                "Actual Rows": 1767803,
                "Actual Loops": 1,
                "Inner Unique": false,
                "Hash Cond": "(t.id = ci.movie_id)",
                "Plans": [
                    {
                        "Node Type": "Hash Join",
                        "Parent Relationship": "Outer",
                        "Parallel Aware": false,
                        "Join Type": "Inner",
                        "Startup Cost": 10000100737.91,
                        "Total Cost": 10000248436.38,
                        "Plan Rows": 1167631,
                        "Plan Width": 8,
                        "Actual Startup Time": 673.011,
                        "Actual Total Time": 1800.643,
                        "Actual Rows": 467400,
                        "Actual Loops": 1,
                        "Output": [
                            "t.id",
                            "mc.movie_id"
                        ],
                        "Inner Unique": true,
                        "Hash Cond": "(mc.movie_id = t.id)",
                        "Plans": [
                            {
                                "Node Type": "Index Scan",
                                "Parent Relationship": "Outer",
                                "Parallel Aware": false,
                                "Scan Direction": "Forward",
                                "Index Name": "movie_id_movie_companies",
                                "Relation Name": "movie_companies",
                                "Schema": "public",
                                "Alias": "mc",
                                "Startup Cost": 10000000000.43,
                                "Total Cost": 10000140849.93,
                                "Plan Rows": 2609129,
                                "Plan Width": 4,
                                "Actual Startup Time": 0.035,
                                "Actual Total Time": 585.005,
                                "Actual Rows": 2609129,
                                "Actual Loops": 1,
                                "Output": [
                                    "mc.id",
                                    "mc.movie_id",
                                    "mc.company_id",
                                    "mc.company_type_id",
                                    "mc.note"
                                ]
                            },
                            {
                                "Node Type": "Hash",
                                "Parent Relationship": "Inner",
                                "Parallel Aware": false,
                                "Startup Cost": 86594.13,
                                "Total Cost": 86594.13,
                                "Plan Rows": 1131468,
                                "Plan Width": 4,
                                "Actual Startup Time": 665.338,
                                "Actual Total Time": 665.341,
                                "Actual Rows": 1235288,
                                "Actual Loops": 1,
                                "Output": [
                                    "t.id"
                                ],
                                "Hash Buckets": 2097152,
                                "Original Hash Buckets": 2097152,
                                "Hash Batches": 1,
                                "Original Hash Batches": 1,
                                "Peak Memory Usage": 59813,
                                "Plans": [
                                    {
                                        "Node Type": "Bitmap Heap Scan",
                                        "Parent Relationship": "Outer",
                                        "Parallel Aware": false,
                                        "Relation Name": "title",
                                        "Schema": "public",
                                        "Alias": "t",
                                        "Startup Cost": 27603.57,
                                        "Total Cost": 86594.13,
                                        "Plan Rows": 1131468,
                                        "Plan Width": 4,
                                        "Actual Startup Time": 55.562,
                                        "Actual Total Time": 350.742,
                                        "Actual Rows": 1235288,
                                        "Actual Loops": 1,
                                        "Output": [
                                            "t.id"
                                        ],
                                        "Recheck Cond": "(t.kind_id = 7)",
                                        "Rows Removed by Index Recheck": 0,
                                        "Filter": "(t.production_year > 1984)",
                                        "Rows Removed by Filter": 307976,
                                        "Exact Heap Blocks": 24710,
                                        "Lossy Heap Blocks": 0,
                                        "Plans": [
                                            {
                                                "Node Type": "Bitmap Index Scan",
                                                "Parent Relationship": "Outer",
                                                "Parallel Aware": false,
                                                "Index Name": "kind_id_title",
                                                "Startup Cost": 0.0,
                                                "Total Cost": 27320.71,
                                                "Plan Rows": 1532837,
                                                "Plan Width": 0,
                                                "Actual Startup Time": 52.533,
                                                "Actual Total Time": 52.533,
                                                "Actual Rows": 1543264,
                                                "Actual Loops": 1,
                                                "Index Cond": "(t.kind_id = 7)"
                                            }
                                        ]
                                    }
                                ]
                            }
                        ]
                    },
                    {
                        "Node Type": "Hash",
                        "Parent Relationship": "Inner",
                        "Parallel Aware": false,
                        "Startup Cost": 400446.44,
                        "Total Cost": 400446.44,
                        "Plan Rows": 4273327,
                        "Plan Width": 4,
                        "Actual Startup Time": 2632.177,
                        "Actual Total Time": 2632.179,
                        "Actual Rows": 4325335,
                        "Actual Loops": 1,
                        "Output": [
                            "ci.movie_id"
                        ],
                        "Hash Buckets": 8388608,
                        "Original Hash Buckets": 8388608,
                        "Hash Batches": 1,
                        "Original Hash Batches": 1,
                        "Peak Memory Usage": 217599,
                        "Plans": [
                            {
                                "Node Type": "Bitmap Heap Scan",
                                "Parent Relationship": "Outer",
                                "Parallel Aware": false,
                                "Relation Name": "cast_info",
                                "Schema": "public",
                                "Alias": "ci",
                                "Startup Cost": 94342.85,
                                "Total Cost": 400446.44,
                                "Plan Rows": 4273327,
                                "Plan Width": 4,
                                "Actual Startup Time": 257.714,
                                "Actual Total Time": 1155.898,
                                "Actual Rows": 4325335,
                                "Actual Loops": 1,
                                "Output": [
                                    "ci.movie_id"
                                ],
                                "Recheck Cond": "(ci.person_id < 417070)",
                                "Rows Removed by Index Recheck": 0,
                                "Exact Heap Blocks": 45019,
                                "Lossy Heap Blocks": 0,
                                "Plans": [
                                    {
                                        "Node Type": "Bitmap Index Scan",
                                        "Parent Relationship": "Outer",
                                        "Parallel Aware": false,
                                        "Index Name": "person_id_cast_info",
                                        "Startup Cost": 0.0,
                                        "Total Cost": 93274.52,
                                        "Plan Rows": 4273327,
                                        "Plan Width": 0,
                                        "Actual Startup Time": 247.813,
                                        "Actual Total Time": 247.814,
                                        "Actual Rows": 4325335,
                                        "Actual Loops": 1,
                                        "Index Cond": "(ci.person_id < 417070)"
                                    }
                                ]
                            }
                        ]
                    }
                ]
            }
        ]
    },
    "Planning Time": 3.302,
    "Triggers": [],
    "Execution Time": 4835.656
}