[
  {
    "Plan": {
      "Node Type": "Aggregate",
      "Strategy": "Plain",
      "Partial Mode": "Finalize",
      "Parallel Aware": false,
      "Startup Cost": 46826.94,
      "Total Cost": 46826.95,
      "Plan Rows": 1,
      "Plan Width": 8,
      "Actual Startup Time": 172.008,
      "Actual Total Time": 181.711,
      "Actual Rows": 1,
      "Actual Loops": 1,
      "Plans": [
        {
          "Node Type": "Gather",
          "Parent Relationship": "Outer",
          "Parallel Aware": false,
          "Startup Cost": 46826.62,
          "Total Cost": 46826.93,
          "Plan Rows": 3,
          "Plan Width": 8,
          "Actual Startup Time": 171.903,
          "Actual Total Time": 181.704,
          "Actual Rows": 4,
          "Actual Loops": 1,
          "Workers Planned": 3,
          "Workers Launched": 3,
          "Single Copy": false,
          "Plans": [
            {
              "Node Type": "Aggregate",
              "Strategy": "Plain",
              "Partial Mode": "Partial",
              "Parent Relationship": "Outer",
              "Parallel Aware": false,
              "Startup Cost": 45826.62,
              "Total Cost": 45826.63,
              "Plan Rows": 1,
              "Plan Width": 8,
              "Actual Startup Time": 164.568,
              "Actual Total Time": 164.569,
              "Actual Rows": 1,
              "Actual Loops": 4,
              "Plans": [
                {
                  "Node Type": "Seq Scan",
                  "Parent Relationship": "Outer",
                  "Parallel Aware": true,
                  "Relation Name": "movie_keyword",
                  "Alias": "mk",
                  "Startup Cost": 0.0,
                  "Total Cost": 42695.65,
                  "Plan Rows": 1252386,
                  "Plan Width": 0,
                  "Actual Startup Time": 0.051,
                  "Actual Total Time": 121.002,
                  "Actual Rows": 974336,
                  "Actual Loops": 4,
                  "Filter": "(keyword_id < 29307)",
                  "Rows Removed by Filter": 156646
                }
              ]
            }
          ]
        }
      ]
    },
    "Planning Time": 0.16,
    "Triggers": [],
    "Execution Time": 181.77
  }
]