{
  "Plan": {
    "Node Type": "Aggregate",
    "Strategy": "Plain",
    "Partial Mode": "Finalize",
    "Parallel Aware": false,
    "Startup Cost": 4029977.81,
    "Total Cost": 4029977.82,
    "Plan Rows": 1,
    "Plan Width": 8,
    "Actual Startup Time": 20296.669,
    "Actual Total Time": 20418.473,
    "Actual Rows": 1,
    "Actual Loops": 1,
    "Plans": [
      {
        "Node Type": "Gather",
        "Parent Relationship": "Outer",
        "Parallel Aware": false,
        "Startup Cost": 4029977.7,
        "Total Cost": 4029977.81,
        "Plan Rows": 1,
        "Plan Width": 8,
        "Actual Startup Time": 20248.657,
        "Actual Total Time": 20418.463,
        "Actual Rows": 2,
        "Actual Loops": 1,
        "Workers Planned": 1,
        "Workers Launched": 1,
        "Single Copy": false,
        "Plans": [
          {
            "Node Type": "Aggregate",
            "Strategy": "Plain",
            "Partial Mode": "Partial",
            "Parent Relationship": "Outer",
            "Parallel Aware": false,
            "Startup Cost": 4028977.7,
            "Total Cost": 4028977.71,
            "Plan Rows": 1,
            "Plan Width": 8,
            "Actual Startup Time": 20242.523,
            "Actual Total Time": 20242.53,
            "Actual Rows": 1,
            "Actual Loops": 2,
            "Plans": [
              {
                "Node Type": "Merge Join",
                "Parent Relationship": "Outer",
                "Parallel Aware": false,
                "Join Type": "Inner",
                "Startup Cost": 2291880.73,
                "Total Cost": 3929380.42,
                "Plan Rows": 39838911,
                "Plan Width": 0,
                "Actual Startup Time": 12869.128,
                "Actual Total Time": 19411.372,
                "Actual Rows": 21943266,
                "Actual Loops": 2,
                "Inner Unique": false,
                "Merge Cond": "(mi.movie_id = t.id)",
                "Plans": [
                  {
                    "Node Type": "Index Only Scan",
                    "Parent Relationship": "Outer",
                    "Parallel Aware": true,
                    "Scan Direction": "Forward",
                    "Index Name": "movie_id_movie_info",
                    "Relation Name": "movie_info",
                    "Alias": "mi",
                    "Startup Cost": 0.43,
                    "Total Cost": 1018223.42,
                    "Plan Rows": 8696274,
                    "Plan Width": 4,
                    "Actual Startup Time": 0.101,
                    "Actual Total Time": 2442.009,
                    "Actual Rows": 7417504,
                    "Actual Loops": 2,
                    "Heap Fetches": 14835008
                  },
                  {
                    "Node Type": "Sort",
                    "Parent Relationship": "Inner",
                    "Parallel Aware": false,
                    "Startup Cost": 2291877.69,
                    "Total Cost": 2320833.9,
                    "Plan Rows": 11582483,
                    "Plan Width": 8,
                    "Actual Startup Time": 12868.903,
                    "Actual Total Time": 14310.544,
                    "Actual Rows": 27041932,
                    "Actual Loops": 2,
                    "Sort Key": [
                      "t.id"
                    ],
                    "Sort Method": "quicksort",
                    "Sort Space Used": 864934,
                    "Sort Space Type": "Memory",
                    "Workers": [
                      {
                        "Worker Number": 0,
                        "Sort Method": "quicksort",
                        "Sort Space Used": 864934,
                        "Sort Space Type": "Memory"
                      }
                    ],
                    "Plans": [
                      {
                        "Node Type": "Hash Join",
                        "Parent Relationship": "Outer",
                        "Parallel Aware": false,
                        "Join Type": "Inner",
                        "Startup Cost": 86812.48,
                        "Total Cost": 932937.32,
                        "Plan Rows": 11582483,
                        "Plan Width": 8,
                        "Actual Startup Time": 1637.491,
                        "Actual Total Time": 10337.307,
                        "Actual Rows": 10063313,
                        "Actual Loops": 2,
                        "Inner Unique": true,
                        "Hash Cond": "(ci.movie_id = t.id)",
                        "Plans": [
                          {
                            "Node Type": "Seq Scan",
                            "Parent Relationship": "Outer",
                            "Parallel Aware": false,
                            "Relation Name": "cast_info",
                            "Alias": "ci",
                            "Startup Cost": 0.0,
                            "Total Cost": 796107.18,
                            "Plan Rows": 19054316,
                            "Plan Width": 4,
                            "Actual Startup Time": 995.705,
                            "Actual Total Time": 3570.207,
                            "Actual Rows": 16546556,
                            "Actual Loops": 2,
                            "Filter": "((person_id < 2962457) AND (role_id > 1))",
                            "Rows Removed by Filter": 19697788
                          },
                          {
                            "Node Type": "Hash",
                            "Parent Relationship": "Inner",
                            "Parallel Aware": false,
                            "Startup Cost": 67601.66,
                            "Total Cost": 67601.66,
                            "Plan Rows": 1536865,
                            "Plan Width": 4,
                            "Actual Startup Time": 633.195,
                            "Actual Total Time": 633.196,
                            "Actual Rows": 1543264,
                            "Actual Loops": 2,
                            "Hash Buckets": 2097152,
                            "Original Hash Buckets": 2097152,
                            "Hash Batches": 1,
                            "Original Hash Batches": 1,
                            "Peak Memory Usage": 70640,
                            "Plans": [
                              {
                                "Node Type": "Seq Scan",
                                "Parent Relationship": "Outer",
                                "Parallel Aware": false,
                                "Relation Name": "title",
                                "Alias": "t",
                                "Startup Cost": 0.0,
                                "Total Cost": 67601.66,
                                "Plan Rows": 1536865,
                                "Plan Width": 4,
                                "Actual Startup Time": 0.027,
                                "Actual Total Time": 290.879,
                                "Actual Rows": 1543264,
                                "Actual Loops": 2,
                                "Filter": "(kind_id = 7)",
                                "Rows Removed by Filter": 985048
                              }
                            ]
                          }
                        ]
                      }
                    ]
                  }
                ]
              }
            ]
          }
        ]
      }
    ]
  },
  "Planning Time": 1.109,
  "Triggers": [],
  "Execution Time": 20481.01
}