[
  {
    "Plan": {
      "Node Type": "Aggregate",
      "Strategy": "Plain",
      "Partial Mode": "Finalize",
      "Parallel Aware": false,
      "Startup Cost": 31958.06,
      "Total Cost": 31958.07,
      "Plan Rows": 1,
      "Plan Width": 8,
      "Actual Startup Time": 114.629,
      "Actual Total Time": 122.58,
      "Actual Rows": 1,
      "Actual Loops": 1,
      "Plans": [
        {
          "Node Type": "Gather",
          "Parent Relationship": "Outer",
          "Parallel Aware": false,
          "Startup Cost": 31957.74,
          "Total Cost": 31958.05,
          "Plan Rows": 3,
          "Plan Width": 8,
          "Actual Startup Time": 114.464,
          "Actual Total Time": 122.57,
          "Actual Rows": 4,
          "Actual Loops": 1,
          "Workers Planned": 3,
          "Workers Launched": 3,
          "Single Copy": false,
          "Plans": [
            {
              "Node Type": "Aggregate",
              "Strategy": "Plain",
              "Partial Mode": "Partial",
              "Parent Relationship": "Outer",
              "Parallel Aware": false,
              "Startup Cost": 30957.74,
              "Total Cost": 30957.75,
              "Plan Rows": 1,
              "Plan Width": 8,
              "Actual Startup Time": 107.619,
              "Actual Total Time": 107.62,
              "Actual Rows": 1,
              "Actual Loops": 4,
              "Plans": [
                {
                  "Node Type": "Seq Scan",
                  "Parent Relationship": "Outer",
                  "Parallel Aware": true,
                  "Relation Name": "movie_companies",
                  "Alias": "mc",
                  "Startup Cost": 0.0,
                  "Total Cost": 29310.68,
                  "Plan Rows": 658825,
                  "Plan Width": 0,
                  "Actual Startup Time": 0.032,
                  "Actual Total Time": 82.262,
                  "Actual Rows": 511446,
                  "Actual Loops": 4,
                  "Filter": "(company_id < 71582)",
                  "Rows Removed by Filter": 140836
                }
              ]
            }
          ]
        }
      ]
    },
    "Planning Time": 0.201,
    "Triggers": [],
    "Execution Time": 122.636
  }
]