[
  {
    "Plan": {
      "Node Type": "Aggregate",
      "Strategy": "Plain",
      "Partial Mode": "Finalize",
      "Parallel Aware": false,
      "Startup Cost": 28493.06,
      "Total Cost": 28493.07,
      "Plan Rows": 1,
      "Plan Width": 8,
      "Actual Startup Time": 78.734,
      "Actual Total Time": 83.01,
      "Actual Rows": 1,
      "Actual Loops": 1,
      "Plans": [
        {
          "Node Type": "Gather",
          "Parent Relationship": "Outer",
          "Parallel Aware": false,
          "Startup Cost": 28492.74,
          "Total Cost": 28493.05,
          "Plan Rows": 3,
          "Plan Width": 8,
          "Actual Startup Time": 78.561,
          "Actual Total Time": 82.995,
          "Actual Rows": 4,
          "Actual Loops": 1,
          "Workers Planned": 3,
          "Workers Launched": 3,
          "Single Copy": false,
          "Plans": [
            {
              "Node Type": "Aggregate",
              "Strategy": "Plain",
              "Partial Mode": "Partial",
              "Parent Relationship": "Outer",
              "Parallel Aware": false,
              "Startup Cost": 27492.74,
              "Total Cost": 27492.75,
              "Plan Rows": 1,
              "Plan Width": 8,
              "Actual Startup Time": 72.44,
              "Actual Total Time": 72.442,
              "Actual Rows": 1,
              "Actual Loops": 4,
              "Plans": [
                {
                  "Node Type": "Bitmap Heap Scan",
                  "Parent Relationship": "Outer",
                  "Parallel Aware": true,
                  "Relation Name": "movie_companies",
                  "Alias": "mc",
                  "Startup Cost": 6997.94,
                  "Total Cost": 27359.73,
                  "Plan Rows": 53204,
                  "Plan Width": 0,
                  "Actual Startup Time": 27.547,
                  "Actual Total Time": 65.698,
                  "Actual Rows": 82138,
                  "Actual Loops": 4,
                  "Recheck Cond": "(company_id > 91010)",
                  "Rows Removed by Index Recheck": 0,
                  "Filter": "(company_type_id = 2)",
                  "Rows Removed by Filter": 0,
                  "Exact Heap Blocks": 1995,
                  "Lossy Heap Blocks": 0,
                  "Plans": [
                    {
                      "Node Type": "Bitmap Index Scan",
                      "Parent Relationship": "Outer",
                      "Parallel Aware": false,
                      "Index Name": "company_id_movie_companies",
                      "Startup Cost": 0.0,
                      "Total Cost": 6956.71,
                      "Plan Rows": 324837,
                      "Plan Width": 0,
                      "Actual Startup Time": 31.88,
                      "Actual Total Time": 31.881,
                      "Actual Rows": 328553,
                      "Actual Loops": 1,
                      "Index Cond": "(company_id > 91010)"
                    }
                  ]
                }
              ]
            }
          ]
        }
      ]
    },
    "Planning Time": 0.187,
    "Triggers": [],
    "Execution Time": 83.077
  }
]