[
  {
    "Plan": {
      "Node Type": "Aggregate",
      "Strategy": "Plain",
      "Partial Mode": "Finalize",
      "Parallel Aware": false,
      "Startup Cost": 341265.53,
      "Total Cost": 341265.54,
      "Plan Rows": 1,
      "Plan Width": 8,
      "Actual Startup Time": 910.689,
      "Actual Total Time": 957.349,
      "Actual Rows": 1,
      "Actual Loops": 1,
      "Plans": [
        {
          "Node Type": "Gather",
          "Parent Relationship": "Outer",
          "Parallel Aware": false,
          "Startup Cost": 341264.9,
          "Total Cost": 341265.51,
          "Plan Rows": 6,
          "Plan Width": 8,
          "Actual Startup Time": 910.349,
          "Actual Total Time": 957.338,
          "Actual Rows": 7,
          "Actual Loops": 1,
          "Workers Planned": 6,
          "Workers Launched": 6,
          "Single Copy": false,
          "Plans": [
            {
              "Node Type": "Aggregate",
              "Strategy": "Plain",
              "Partial Mode": "Partial",
              "Parent Relationship": "Outer",
              "Parallel Aware": false,
              "Startup Cost": 340264.9,
              "Total Cost": 340264.91,
              "Plan Rows": 1,
              "Plan Width": 8,
              "Actual Startup Time": 902.289,
              "Actual Total Time": 902.29,
              "Actual Rows": 1,
              "Actual Loops": 7,
              "Plans": [
                {
                  "Node Type": "Seq Scan",
                  "Parent Relationship": "Outer",
                  "Parallel Aware": true,
                  "Relation Name": "cast_info",
                  "Alias": "ci",
                  "Startup Cost": 0.0,
                  "Total Cost": 328211.39,
                  "Plan Rows": 4821404,
                  "Plan Width": 0,
                  "Actual Startup Time": 94.512,
                  "Actual Total Time": 683.861,
                  "Actual Rows": 4112129,
                  "Actual Loops": 7,
                  "Filter": "(person_id > 722094)",
                  "Rows Removed by Filter": 1065635
                }
              ]
            }
          ]
        }
      ]
    },
    "Planning Time": 0.126,
    "Triggers": [],
    "Execution Time": 957.403
  }
]