[
  {
    "Plan": {
      "Node Type": "Aggregate",
      "Strategy": "Plain",
      "Partial Mode": "Finalize",
      "Parallel Aware": false,
      "Startup Cost": 45325.27,
      "Total Cost": 45325.28,
      "Plan Rows": 1,
      "Plan Width": 8,
      "Actual Startup Time": 139.757,
      "Actual Total Time": 148.809,
      "Actual Rows": 1,
      "Actual Loops": 1,
      "Plans": [
        {
          "Node Type": "Gather",
          "Parent Relationship": "Outer",
          "Parallel Aware": false,
          "Startup Cost": 45324.96,
          "Total Cost": 45325.27,
          "Plan Rows": 3,
          "Plan Width": 8,
          "Actual Startup Time": 139.631,
          "Actual Total Time": 148.801,
          "Actual Rows": 4,
          "Actual Loops": 1,
          "Workers Planned": 3,
          "Workers Launched": 3,
          "Single Copy": false,
          "Plans": [
            {
              "Node Type": "Aggregate",
              "Strategy": "Plain",
              "Partial Mode": "Partial",
              "Parent Relationship": "Outer",
              "Parallel Aware": false,
              "Startup Cost": 44324.96,
              "Total Cost": 44324.97,
              "Plan Rows": 1,
              "Plan Width": 8,
              "Actual Startup Time": 132.896,
              "Actual Total Time": 132.897,
              "Actual Rows": 1,
              "Actual Loops": 4,
              "Plans": [
                {
                  "Node Type": "Seq Scan",
                  "Parent Relationship": "Outer",
                  "Parallel Aware": true,
                  "Relation Name": "movie_keyword",
                  "Alias": "mk",
                  "Startup Cost": 0.0,
                  "Total Cost": 42695.65,
                  "Plan Rows": 651721,
                  "Plan Width": 0,
                  "Actual Startup Time": 0.456,
                  "Actual Total Time": 109.871,
                  "Actual Rows": 504356,
                  "Actual Loops": 4,
                  "Filter": "(keyword_id > 6154)",
                  "Rows Removed by Filter": 626626
                }
              ]
            }
          ]
        }
      ]
    },
    "Planning Time": 0.082,
    "Triggers": [],
    "Execution Time": 148.839
  }
]