[
  {
    "Plan": {
      "Node Type": "Aggregate",
      "Strategy": "Plain",
      "Partial Mode": "Finalize",
      "Parallel Aware": false,
      "Startup Cost": 83848.09,
      "Total Cost": 83848.1,
      "Plan Rows": 1,
      "Plan Width": 8,
      "Actual Startup Time": 702.953,
      "Actual Total Time": 726.266,
      "Actual Rows": 1,
      "Actual Loops": 1,
      "Plans": [
        {
          "Node Type": "Gather",
          "Parent Relationship": "Outer",
          "Parallel Aware": false,
          "Startup Cost": 83847.77,
          "Total Cost": 83848.08,
          "Plan Rows": 3,
          "Plan Width": 8,
          "Actual Startup Time": 682.544,
          "Actual Total Time": 726.247,
          "Actual Rows": 4,
          "Actual Loops": 1,
          "Workers Planned": 3,
          "Workers Launched": 3,
          "Single Copy": false,
          "Plans": [
            {
              "Node Type": "Aggregate",
              "Strategy": "Plain",
              "Partial Mode": "Partial",
              "Parent Relationship": "Outer",
              "Parallel Aware": false,
              "Startup Cost": 82847.77,
              "Total Cost": 82847.78,
              "Plan Rows": 1,
              "Plan Width": 8,
              "Actual Startup Time": 669.905,
              "Actual Total Time": 669.91,
              "Actual Rows": 1,
              "Actual Loops": 4,
              "Plans": [
                {
                  "Node Type": "Hash Join",
                  "Parent Relationship": "Outer",
                  "Parallel Aware": true,
                  "Join Type": "Inner",
                  "Startup Cost": 50220.38,
                  "Total Cost": 81229.86,
                  "Plan Rows": 647162,
                  "Plan Width": 0,
                  "Actual Startup Time": 378.78,
                  "Actual Total Time": 644.268,
                  "Actual Rows": 503304,
                  "Actual Loops": 4,
                  "Inner Unique": true,
                  "Hash Cond": "(mc.movie_id = t.id)",
                  "Plans": [
                    {
                      "Node Type": "Seq Scan",
                      "Parent Relationship": "Outer",
                      "Parallel Aware": true,
                      "Relation Name": "movie_companies",
                      "Alias": "mc",
                      "Startup Cost": 0.0,
                      "Total Cost": 29310.68,
                      "Plan Rows": 647162,
                      "Plan Width": 4,
                      "Actual Startup Time": 0.165,
                      "Actual Total Time": 83.339,
                      "Actual Rows": 503304,
                      "Actual Loops": 4,
                      "Filter": "(company_id > 686)",
                      "Rows Removed by Filter": 148978
                    },
                    {
                      "Node Type": "Hash",
                      "Parent Relationship": "Inner",
                      "Parallel Aware": true,
                      "Startup Cost": 42319.06,
                      "Total Cost": 42319.06,
                      "Plan Rows": 632106,
                      "Plan Width": 4,
                      "Actual Startup Time": 370.051,
                      "Actual Total Time": 370.052,
                      "Actual Rows": 632078,
                      "Actual Loops": 4,
                      "Hash Buckets": 4194304,
                      "Original Hash Buckets": 4194304,
                      "Hash Batches": 1,
                      "Original Hash Batches": 1,
                      "Peak Memory Usage": 131744,
                      "Plans": [
                        {
                          "Node Type": "Seq Scan",
                          "Parent Relationship": "Outer",
                          "Parallel Aware": true,
                          "Relation Name": "title",
                          "Alias": "t",
                          "Startup Cost": 0.0,
                          "Total Cost": 42319.06,
                          "Plan Rows": 632106,
                          "Plan Width": 4,
                          "Actual Startup Time": 0.044,
                          "Actual Total Time": 111.469,
                          "Actual Rows": 632078,
                          "Actual Loops": 4
                        }
                      ]
                    }
                  ]
                }
              ]
            }
          ]
        }
      ]
    },
    "Planning Time": 0.284,
    "Triggers": [],
    "Execution Time": 726.306
  }
]