[
  {
    "Plan": {
      "Node Type": "Aggregate",
      "Strategy": "Plain",
      "Partial Mode": "Finalize",
      "Parallel Aware": false,
      "Startup Cost": 91820.82,
      "Total Cost": 91820.83,
      "Plan Rows": 1,
      "Plan Width": 8,
      "Actual Startup Time": 299.182,
      "Actual Total Time": 317.015,
      "Actual Rows": 1,
      "Actual Loops": 1,
      "Plans": [
        {
          "Node Type": "Gather",
          "Parent Relationship": "Outer",
          "Parallel Aware": false,
          "Startup Cost": 91820.5,
          "Total Cost": 91820.81,
          "Plan Rows": 3,
          "Plan Width": 8,
          "Actual Startup Time": 296.57,
          "Actual Total Time": 317.006,
          "Actual Rows": 4,
          "Actual Loops": 1,
          "Workers Planned": 3,
          "Workers Launched": 3,
          "Single Copy": false,
          "Plans": [
            {
              "Node Type": "Aggregate",
              "Strategy": "Plain",
              "Partial Mode": "Partial",
              "Parent Relationship": "Outer",
              "Parallel Aware": false,
              "Startup Cost": 90820.5,
              "Total Cost": 90820.51,
              "Plan Rows": 1,
              "Plan Width": 8,
              "Actual Startup Time": 291.041,
              "Actual Total Time": 291.045,
              "Actual Rows": 1,
              "Actual Loops": 4,
              "Plans": [
                {
                  "Node Type": "Hash Join",
                  "Parent Relationship": "Outer",
                  "Parallel Aware": true,
                  "Join Type": "Inner",
                  "Startup Cost": 46579.1,
                  "Total Cost": 90639.62,
                  "Plan Rows": 72354,
                  "Plan Width": 0,
                  "Actual Startup Time": 140.541,
                  "Actual Total Time": 290.045,
                  "Actual Rows": 18414,
                  "Actual Loops": 4,
                  "Inner Unique": true,
                  "Hash Cond": "(mk.movie_id = t.id)",
                  "Plans": [
                    {
                      "Node Type": "Seq Scan",
                      "Parent Relationship": "Outer",
                      "Parallel Aware": true,
                      "Relation Name": "movie_keyword",
                      "Alias": "mk",
                      "Startup Cost": 0.0,
                      "Total Cost": 42695.65,
                      "Plan Rows": 519948,
                      "Plan Width": 4,
                      "Actual Startup Time": 0.591,
                      "Actual Total Time": 102.732,
                      "Actual Rows": 400371,
                      "Actual Loops": 4,
                      "Filter": "(keyword_id > 9553)",
                      "Rows Removed by Filter": 730611
                    },
                    {
                      "Node Type": "Hash",
                      "Parent Relationship": "Inner",
                      "Parallel Aware": true,
                      "Startup Cost": 45479.59,
                      "Total Cost": 45479.59,
                      "Plan Rows": 87961,
                      "Plan Width": 4,
                      "Actual Startup Time": 137.278,
                      "Actual Total Time": 137.279,
                      "Actual Rows": 93000,
                      "Actual Loops": 4,
                      "Hash Buckets": 524288,
                      "Original Hash Buckets": 524288,
                      "Hash Batches": 1,
                      "Original Hash Batches": 1,
                      "Peak Memory Usage": 18720,
                      "Plans": [
                        {
                          "Node Type": "Seq Scan",
                          "Parent Relationship": "Outer",
                          "Parallel Aware": true,
                          "Relation Name": "title",
                          "Alias": "t",
                          "Startup Cost": 0.0,
                          "Total Cost": 45479.59,
                          "Plan Rows": 87961,
                          "Plan Width": 4,
                          "Actual Startup Time": 0.033,
                          "Actual Total Time": 101.162,
                          "Actual Rows": 93000,
                          "Actual Loops": 4,
                          "Filter": "((kind_id > 3) AND (production_year > 2009))",
                          "Rows Removed by Filter": 539078
                        }
                      ]
                    }
                  ]
                }
              ]
            }
          ]
        }
      ]
    },
    "Planning Time": 0.495,
    "Triggers": [],
    "Execution Time": 317.064
  }
]