[
  {
    "Plan": {
      "Node Type": "Aggregate",
      "Strategy": "Plain",
      "Partial Mode": "Finalize",
      "Parallel Aware": false,
      "Startup Cost": 91815.11,
      "Total Cost": 91815.12,
      "Plan Rows": 1,
      "Plan Width": 8,
      "Actual Startup Time": 278.558,
      "Actual Total Time": 294.667,
      "Actual Rows": 1,
      "Actual Loops": 1,
      "Plans": [
        {
          "Node Type": "Gather",
          "Parent Relationship": "Outer",
          "Parallel Aware": false,
          "Startup Cost": 91814.79,
          "Total Cost": 91815.1,
          "Plan Rows": 3,
          "Plan Width": 8,
          "Actual Startup Time": 276.493,
          "Actual Total Time": 294.659,
          "Actual Rows": 4,
          "Actual Loops": 1,
          "Workers Planned": 3,
          "Workers Launched": 3,
          "Single Copy": false,
          "Plans": [
            {
              "Node Type": "Aggregate",
              "Strategy": "Plain",
              "Partial Mode": "Partial",
              "Parent Relationship": "Outer",
              "Parallel Aware": false,
              "Startup Cost": 90814.79,
              "Total Cost": 90814.8,
              "Plan Rows": 1,
              "Plan Width": 8,
              "Actual Startup Time": 269.919,
              "Actual Total Time": 269.922,
              "Actual Rows": 1,
              "Actual Loops": 4,
              "Plans": [
                {
                  "Node Type": "Hash Join",
                  "Parent Relationship": "Outer",
                  "Parallel Aware": true,
                  "Join Type": "Inner",
                  "Startup Cost": 46586.17,
                  "Total Cost": 90634.3,
                  "Plan Rows": 72194,
                  "Plan Width": 0,
                  "Actual Startup Time": 130.799,
                  "Actual Total Time": 269.092,
                  "Actual Rows": 18414,
                  "Actual Loops": 4,
                  "Inner Unique": true,
                  "Hash Cond": "(mk.movie_id = t.id)",
                  "Plans": [
                    {
                      "Node Type": "Seq Scan",
                      "Parent Relationship": "Outer",
                      "Parallel Aware": true,
                      "Relation Name": "movie_keyword",
                      "Alias": "mk",
                      "Startup Cost": 0.0,
                      "Total Cost": 42695.65,
                      "Plan Rows": 515229,
                      "Plan Width": 4,
                      "Actual Startup Time": 0.574,
                      "Actual Total Time": 95.4,
                      "Actual Rows": 400371,
                      "Actual Loops": 4,
                      "Filter": "(keyword_id > 9553)",
                      "Rows Removed by Filter": 730611
                    },
                    {
                      "Node Type": "Hash",
                      "Parent Relationship": "Inner",
                      "Parallel Aware": true,
                      "Startup Cost": 45479.1,
                      "Total Cost": 45479.1,
                      "Plan Rows": 88566,
                      "Plan Width": 4,
                      "Actual Startup Time": 127.313,
                      "Actual Total Time": 127.314,
                      "Actual Rows": 93000,
                      "Actual Loops": 4,
                      "Hash Buckets": 524288,
                      "Original Hash Buckets": 524288,
                      "Hash Batches": 1,
                      "Original Hash Batches": 1,
                      "Peak Memory Usage": 18720,
                      "Plans": [
                        {
                          "Node Type": "Seq Scan",
                          "Parent Relationship": "Outer",
                          "Parallel Aware": true,
                          "Relation Name": "title",
                          "Alias": "t",
                          "Startup Cost": 0.0,
                          "Total Cost": 45479.1,
                          "Plan Rows": 88566,
                          "Plan Width": 4,
                          "Actual Startup Time": 0.03,
                          "Actual Total Time": 95.552,
                          "Actual Rows": 93000,
                          "Actual Loops": 4,
                          "Filter": "((kind_id > 3) AND (production_year > 2009))",
                          "Rows Removed by Filter": 539078
                        }
                      ]
                    }
                  ]
                }
              ]
            }
          ]
        }
      ]
    },
    "Planning Time": 0.581,
    "Triggers": [],
    "Execution Time": 294.727
  }
]