[
  {
    "Plan": {
      "Node Type": "Aggregate",
      "Strategy": "Plain",
      "Partial Mode": "Finalize",
      "Parallel Aware": false,
      "Startup Cost": 618731.27,
      "Total Cost": 618731.28,
      "Plan Rows": 1,
      "Plan Width": 8,
      "Actual Startup Time": 2207.459,
      "Actual Total Time": 2301.19,
      "Actual Rows": 1,
      "Actual Loops": 1,
      "Plans": [
        {
          "Node Type": "Gather",
          "Parent Relationship": "Outer",
          "Parallel Aware": false,
          "Startup Cost": 618730.65,
          "Total Cost": 618731.26,
          "Plan Rows": 6,
          "Plan Width": 8,
          "Actual Startup Time": 2193.022,
          "Actual Total Time": 2301.176,
          "Actual Rows": 7,
          "Actual Loops": 1,
          "Workers Planned": 6,
          "Workers Launched": 6,
          "Single Copy": false,
          "Plans": [
            {
              "Node Type": "Aggregate",
              "Strategy": "Plain",
              "Partial Mode": "Partial",
              "Parent Relationship": "Outer",
              "Parallel Aware": false,
              "Startup Cost": 617730.65,
              "Total Cost": 617730.66,
              "Plan Rows": 1,
              "Plan Width": 8,
              "Actual Startup Time": 2171.691,
              "Actual Total Time": 2171.697,
              "Actual Rows": 1,
              "Actual Loops": 7,
              "Plans": [
                {
                  "Node Type": "Hash Join",
                  "Parent Relationship": "Outer",
                  "Parallel Aware": true,
                  "Join Type": "Inner",
                  "Startup Cost": 259084.35,
                  "Total Cost": 607918.19,
                  "Plan Rows": 3924983,
                  "Plan Width": 0,
                  "Actual Startup Time": 932.745,
                  "Actual Total Time": 2092.62,
                  "Actual Rows": 1932129,
                  "Actual Loops": 7,
                  "Inner Unique": false,
                  "Hash Cond": "(ci.movie_id = t.id)",
                  "Plans": [
                    {
                      "Node Type": "Seq Scan",
                      "Parent Relationship": "Outer",
                      "Parallel Aware": true,
                      "Relation Name": "cast_info",
                      "Alias": "ci",
                      "Startup Cost": 0.0,
                      "Total Cost": 328162.03,
                      "Plan Rows": 3419161,
                      "Plan Width": 4,
                      "Actual Startup Time": 157.426,
                      "Actual Total Time": 581.164,
                      "Actual Rows": 2939197,
                      "Actual Loops": 7,
                      "Filter": "(person_id > 1547687)",
                      "Rows Removed by Filter": 2238567
                    },
                    {
                      "Node Type": "Hash",
                      "Parent Relationship": "Inner",
                      "Parallel Aware": true,
                      "Startup Cost": 251828.55,
                      "Total Cost": 251828.55,
                      "Plan Rows": 580464,
                      "Plan Width": 8,
                      "Actual Startup Time": 768.207,
                      "Actual Total Time": 768.211,
                      "Actual Rows": 95215,
                      "Actual Loops": 7,
                      "Hash Buckets": 4194304,
                      "Original Hash Buckets": 4194304,
                      "Hash Batches": 1,
                      "Original Hash Batches": 1,
                      "Peak Memory Usage": 58944,
                      "Plans": [
                        {
                          "Node Type": "Hash Join",
                          "Parent Relationship": "Outer",
                          "Parallel Aware": true,
                          "Join Type": "Inner",
                          "Startup Cost": 47896.65,
                          "Total Cost": 251828.55,
                          "Plan Rows": 580464,
                          "Plan Width": 8,
                          "Actual Startup Time": 141.68,
                          "Actual Total Time": 705.217,
                          "Actual Rows": 95215,
                          "Actual Loops": 7,
                          "Inner Unique": true,
                          "Hash Cond": "(mi.movie_id = t.id)",
                          "Plans": [
                            {
                              "Node Type": "Seq Scan",
                              "Parent Relationship": "Outer",
                              "Parallel Aware": true,
                              "Relation Name": "movie_info",
                              "Alias": "mi",
                              "Startup Cost": 0.0,
                              "Total Cost": 198952.16,
                              "Plan Rows": 1897040,
                              "Plan Width": 4,
                              "Actual Startup Time": 0.033,
                              "Actual Total Time": 300.945,
                              "Actual Rows": 1366450,
                              "Actual Loops": 7,
                              "Filter": "(info_type_id < 16)",
                              "Rows Removed by Filter": 752938
                            },
                            {
                              "Node Type": "Hash",
                              "Parent Relationship": "Inner",
                              "Parallel Aware": true,
                              "Startup Cost": 45479.1,
                              "Total Cost": 45479.1,
                              "Plan Rows": 193404,
                              "Plan Width": 4,
                              "Actual Startup Time": 139.362,
                              "Actual Total Time": 139.363,
                              "Actual Rows": 120001,
                              "Actual Loops": 7,
                              "Hash Buckets": 1048576,
                              "Original Hash Buckets": 1048576,
                              "Hash Batches": 1,
                              "Original Hash Batches": 1,
                              "Peak Memory Usage": 41152,
                              "Plans": [
                                {
                                  "Node Type": "Seq Scan",
                                  "Parent Relationship": "Outer",
                                  "Parallel Aware": true,
                                  "Relation Name": "title",
                                  "Alias": "t",
                                  "Startup Cost": 0.0,
                                  "Total Cost": 45479.1,
                                  "Plan Rows": 193404,
                                  "Plan Width": 4,
                                  "Actual Startup Time": 0.054,
                                  "Actual Total Time": 80.076,
                                  "Actual Rows": 120001,
                                  "Actual Loops": 7,
                                  "Filter": "((production_year > 2002) AND (kind_id = 7))",
                                  "Rows Removed by Filter": 241186
                                }
                              ]
                            }
                          ]
                        }
                      ]
                    }
                  ]
                }
              ]
            }
          ]
        }
      ]
    },
    "Planning Time": 1.442,
    "Triggers": [],
    "Execution Time": 2301.324
  }
]