[
  {
    "Bao": {
      "Bao prediction": 486.918,
      "Bao recommended hint": "SET enable_nestloop TO off; SET enable_hashjoin TO off; "
    }
  },
  {
    "Plan": {
      "Node Type": "Aggregate",
      "Strategy": "Plain",
      "Partial Mode": "Simple",
      "Parallel Aware": false,
      "Startup Cost": 818739.14,
      "Total Cost": 818739.15,
      "Plan Rows": 1,
      "Plan Width": 96,
      "Actual Startup Time": 5273.484,
      "Actual Total Time": 5342.73,
      "Actual Rows": 1,
      "Actual Loops": 1,
      "Plans": [
        {
          "Node Type": "Merge Join",
          "Parent Relationship": "Outer",
          "Parallel Aware": false,
          "Join Type": "Inner",
          "Startup Cost": 818737.76,
          "Total Cost": 818738.94,
          "Plan Rows": 26,
          "Plan Width": 66,
          "Actual Startup Time": 5246.854,
          "Actual Total Time": 5332.57,
          "Actual Rows": 111101,
          "Actual Loops": 1,
          "Inner Unique": true,
          "Merge Cond": "(t.kind_id = kt.id)",
          "Plans": [
            {
              "Node Type": "Sort",
              "Parent Relationship": "Outer",
              "Parallel Aware": false,
              "Startup Cost": 818736.66,
              "Total Cost": 818737.12,
              "Plan Rows": 184,
              "Plan Width": 70,
              "Actual Startup Time": 5246.813,
              "Actual Total Time": 5320.058,
              "Actual Rows": 111102,
              "Actual Loops": 1,
              "Sort Key": [
                "t.kind_id"
              ],
              "Sort Method": "quicksort",
              "Sort Space Used": 20381,
              "Sort Space Type": "Memory",
              "Plans": [
                {
                  "Node Type": "Merge Join",
                  "Parent Relationship": "Outer",
                  "Parallel Aware": false,
                  "Join Type": "Inner",
                  "Startup Cost": 701451.49,
                  "Total Cost": 818729.74,
                  "Plan Rows": 184,
                  "Plan Width": 70,
                  "Actual Startup Time": 2987.884,
                  "Actual Total Time": 5271.942,
                  "Actual Rows": 134189,
                  "Actual Loops": 1,
                  "Inner Unique": false,
                  "Merge Cond": "(mi.movie_id = mc.movie_id)",
                  "Plans": [
                    {
                      "Node Type": "Gather Merge",
                      "Parent Relationship": "Outer",
                      "Parallel Aware": false,
                      "Startup Cost": 598039.53,
                      "Total Cost": 715238.02,
                      "Plan Rows": 3563,
                      "Plan Width": 82,
                      "Actual Startup Time": 2381.859,
                      "Actual Total Time": 4563.847,
                      "Actual Rows": 1118974,
                      "Actual Loops": 1,
                      "Workers Planned": 5,
                      "Workers Launched": 5,
                      "Plans": [
                        {
                          "Node Type": "Merge Join",
                          "Parent Relationship": "Outer",
                          "Parallel Aware": false,
                          "Join Type": "Inner",
                          "Startup Cost": 597039.46,
                          "Total Cost": 713808.87,
                          "Plan Rows": 713,
                          "Plan Width": 82,
                          "Actual Startup Time": 2317.554,
                          "Actual Total Time": 3985.519,
                          "Actual Rows": 186497,
                          "Actual Loops": 6,
                          "Inner Unique": true,
                          "Merge Cond": "(mi.movie_id = t.id)",
                          "Plans": [
                            {
                              "Node Type": "Merge Join",
                              "Parent Relationship": "Outer",
                              "Parallel Aware": false,
                              "Join Type": "Inner",
                              "Startup Cost": 597035.89,
                              "Total Cost": 597235.59,
                              "Plan Rows": 713,
                              "Plan Width": 57,
                              "Actual Startup Time": 2316.675,
                              "Actual Total Time": 2465.714,
                              "Actual Rows": 186497,
                              "Actual Loops": 6,
                              "Inner Unique": false,
                              "Merge Cond": "(mi.movie_id = miidx.movie_id)",
                              "Plans": [
                                {
                                  "Node Type": "Sort",
                                  "Parent Relationship": "Outer",
                                  "Parallel Aware": false,
                                  "Startup Cost": 528525.96,
                                  "Total Cost": 528591.75,
                                  "Plan Rows": 26316,
                                  "Plan Width": 47,
                                  "Actual Startup Time": 1807.927,
                                  "Actual Total Time": 1839.998,
                                  "Actual Rows": 506089,
                                  "Actual Loops": 6,
                                  "Sort Key": [
                                    "mi.movie_id"
                                  ],
                                  "Sort Method": "quicksort",
                                  "Sort Space Used": 42210,
                                  "Sort Space Type": "Memory",
                                  "Workers": [
                                    {
                                      "Worker Number": 0,
                                      "Sort Method": "quicksort",
                                      "Sort Space Used": 41367,
                                      "Sort Space Type": "Memory"
                                    },
                                    {
                                      "Worker Number": 1,
                                      "Sort Method": "quicksort",
                                      "Sort Space Used": 72118,
                                      "Sort Space Type": "Memory"
                                    },
                                    {
                                      "Worker Number": 2,
                                      "Sort Method": "quicksort",
                                      "Sort Space Used": 72395,
                                      "Sort Space Type": "Memory"
                                    },
                                    {
                                      "Worker Number": 3,
                                      "Sort Method": "quicksort",
                                      "Sort Space Used": 42447,
                                      "Sort Space Type": "Memory"
                                    },
                                    {
                                      "Worker Number": 4,
                                      "Sort Method": "quicksort",
                                      "Sort Space Used": 72351,
                                      "Sort Space Type": "Memory"
                                    }
                                  ],
                                  "Plans": [
                                    {
                                      "Node Type": "Merge Join",
                                      "Parent Relationship": "Outer",
                                      "Parallel Aware": false,
                                      "Join Type": "Inner",
                                      "Startup Cost": 511462.21,
                                      "Total Cost": 526593.88,
                                      "Plan Rows": 26316,
                                      "Plan Width": 47,
                                      "Actual Startup Time": 1559.719,
                                      "Actual Total Time": 1652.712,
                                      "Actual Rows": 506120,
                                      "Actual Loops": 6,
                                      "Inner Unique": true,
                                      "Merge Cond": "(mi.info_type_id = it2.id)",
                                      "Plans": [
                                        {
                                          "Node Type": "Sort",
                                          "Parent Relationship": "Outer",
                                          "Parallel Aware": false,
                                          "Startup Cost": 511459.79,
                                          "Total Cost": 518894.04,
                                          "Plan Rows": 2973701,
                                          "Plan Width": 51,
                                          "Actual Startup Time": 1367.916,
                                          "Actual Total Time": 1467.883,
                                          "Actual Rows": 2100313,
                                          "Actual Loops": 6,
                                          "Sort Key": [
                                            "mi.info_type_id"
                                          ],
                                          "Sort Method": "quicksort",
                                          "Sort Space Used": 262710,
                                          "Sort Space Type": "Memory",
                                          "Workers": [
                                            {
                                              "Worker Number": 0,
                                              "Sort Method": "quicksort",
                                              "Sort Space Used": 253650,
                                              "Sort Space Type": "Memory"
                                            },
                                            {
                                              "Worker Number": 1,
                                              "Sort Method": "quicksort",
                                              "Sort Space Used": 417385,
                                              "Sort Space Type": "Memory"
                                            },
                                            {
                                              "Worker Number": 2,
                                              "Sort Method": "quicksort",
                                              "Sort Space Used": 419973,
                                              "Sort Space Type": "Memory"
                                            },
                                            {
                                              "Worker Number": 3,
                                              "Sort Method": "quicksort",
                                              "Sort Space Used": 263990,
                                              "Sort Space Type": "Memory"
                                            },
                                            {
                                              "Worker Number": 4,
                                              "Sort Method": "quicksort",
                                              "Sort Space Used": 419816,
                                              "Sort Space Type": "Memory"
                                            }
                                          ],
                                          "Plans": [
                                            {
                                              "Node Type": "Seq Scan",
                                              "Parent Relationship": "Outer",
                                              "Parallel Aware": true,
                                              "Relation Name": "movie_info",
                                              "Alias": "mi",
                                              "Startup Cost": 0.0,
                                              "Total Cost": 191730.01,
                                              "Plan Rows": 2973701,
                                              "Plan Width": 51,
                                              "Actual Startup Time": 0.085,
                                              "Actual Total Time": 483.555,
                                              "Actual Rows": 2472620,
                                              "Actual Loops": 6
                                            }
                                          ]
                                        },
                                        {
                                          "Node Type": "Sort",
                                          "Parent Relationship": "Inner",
                                          "Parallel Aware": false,
                                          "Startup Cost": 2.42,
                                          "Total Cost": 2.43,
                                          "Plan Rows": 1,
                                          "Plan Width": 4,
                                          "Actual Startup Time": 0.163,
                                          "Actual Total Time": 0.164,
                                          "Actual Rows": 1,
                                          "Actual Loops": 6,
                                          "Sort Key": [
                                            "it2.id"
                                          ],
                                          "Sort Method": "quicksort",
                                          "Sort Space Used": 25,
                                          "Sort Space Type": "Memory",
                                          "Workers": [
                                            {
                                              "Worker Number": 0,
                                              "Sort Method": "quicksort",
                                              "Sort Space Used": 25,
                                              "Sort Space Type": "Memory"
                                            },
                                            {
                                              "Worker Number": 1,
                                              "Sort Method": "quicksort",
                                              "Sort Space Used": 25,
                                              "Sort Space Type": "Memory"
                                            },
                                            {
                                              "Worker Number": 2,
                                              "Sort Method": "quicksort",
                                              "Sort Space Used": 25,
                                              "Sort Space Type": "Memory"
                                            },
                                            {
                                              "Worker Number": 3,
                                              "Sort Method": "quicksort",
                                              "Sort Space Used": 25,
                                              "Sort Space Type": "Memory"
                                            },
                                            {
                                              "Worker Number": 4,
                                              "Sort Method": "quicksort",
                                              "Sort Space Used": 25,
                                              "Sort Space Type": "Memory"
                                            }
                                          ],
                                          "Plans": [
                                            {
                                              "Node Type": "Seq Scan",
                                              "Parent Relationship": "Outer",
                                              "Parallel Aware": false,
                                              "Relation Name": "info_type",
                                              "Alias": "it2",
                                              "Startup Cost": 0.0,
                                              "Total Cost": 2.41,
                                              "Plan Rows": 1,
                                              "Plan Width": 4,
                                              "Actual Startup Time": 0.123,
                                              "Actual Total Time": 0.129,
                                              "Actual Rows": 1,
                                              "Actual Loops": 6,
                                              "Filter": "((info)::text = 'release dates'::text)",
                                              "Rows Removed by Filter": 112
                                            }
                                          ]
                                        }
                                      ]
                                    }
                                  ]
                                },
                                {
                                  "Node Type": "Sort",
                                  "Parent Relationship": "Inner",
                                  "Parallel Aware": false,
                                  "Startup Cost": 68509.93,
                                  "Total Cost": 68540.46,
                                  "Plan Rows": 12213,
                                  "Plan Width": 10,
                                  "Actual Startup Time": 508.731,
                                  "Actual Total Time": 534.536,
                                  "Actual Rows": 577998,
                                  "Actual Loops": 6,
                                  "Sort Key": [
                                    "miidx.movie_id"
                                  ],
                                  "Sort Method": "quicksort",
                                  "Sort Space Used": 33847,
                                  "Sort Space Type": "Memory",
                                  "Workers": [
                                    {
                                      "Worker Number": 0,
                                      "Sort Method": "quicksort",
                                      "Sort Space Used": 33847,
                                      "Sort Space Type": "Memory"
                                    },
                                    {
                                      "Worker Number": 1,
                                      "Sort Method": "quicksort",
                                      "Sort Space Used": 33847,
                                      "Sort Space Type": "Memory"
                                    },
                                    {
                                      "Worker Number": 2,
                                      "Sort Method": "quicksort",
                                      "Sort Space Used": 33847,
                                      "Sort Space Type": "Memory"
                                    },
                                    {
                                      "Worker Number": 3,
                                      "Sort Method": "quicksort",
                                      "Sort Space Used": 33847,
                                      "Sort Space Type": "Memory"
                                    },
                                    {
                                      "Worker Number": 4,
                                      "Sort Method": "quicksort",
                                      "Sort Space Used": 33847,
                                      "Sort Space Type": "Memory"
                                    }
                                  ],
                                  "Plans": [
                                    {
                                      "Node Type": "Merge Join",
                                      "Parent Relationship": "Outer",
                                      "Parallel Aware": false,
                                      "Join Type": "Inner",
                                      "Startup Cost": 2.86,
                                      "Total Cost": 67680.9,
                                      "Plan Rows": 12213,
                                      "Plan Width": 10,
                                      "Actual Startup Time": 255.14,
                                      "Actual Total Time": 400.535,
                                      "Actual Rows": 459925,
                                      "Actual Loops": 6,
                                      "Inner Unique": true,
                                      "Merge Cond": "(miidx.info_type_id = it.id)",
                                      "Plans": [
                                        {
                                          "Node Type": "Index Scan",
                                          "Parent Relationship": "Outer",
                                          "Parallel Aware": false,
                                          "Scan Direction": "Forward",
                                          "Index Name": "info_type_id_movie_info_idx",
                                          "Relation Name": "movie_info_idx",
                                          "Alias": "miidx",
                                          "Startup Cost": 0.43,
                                          "Total Cost": 64106.25,
                                          "Plan Rows": 1380035,
                                          "Plan Width": 14,
                                          "Actual Startup Time": 0.071,
                                          "Actual Total Time": 265.317,
                                          "Actual Rows": 1379776,
                                          "Actual Loops": 6
                                        },
                                        {
                                          "Node Type": "Sort",
                                          "Parent Relationship": "Inner",
                                          "Parallel Aware": false,
                                          "Startup Cost": 2.42,
                                          "Total Cost": 2.43,
                                          "Plan Rows": 1,
                                          "Plan Width": 4,
                                          "Actual Startup Time": 0.028,
                                          "Actual Total Time": 0.029,
                                          "Actual Rows": 1,
                                          "Actual Loops": 6,
                                          "Sort Key": [
                                            "it.id"
                                          ],
                                          "Sort Method": "quicksort",
                                          "Sort Space Used": 25,
                                          "Sort Space Type": "Memory",
                                          "Workers": [
                                            {
                                              "Worker Number": 0,
                                              "Sort Method": "quicksort",
                                              "Sort Space Used": 25,
                                              "Sort Space Type": "Memory"
                                            },
                                            {
                                              "Worker Number": 1,
                                              "Sort Method": "quicksort",
                                              "Sort Space Used": 25,
                                              "Sort Space Type": "Memory"
                                            },
                                            {
                                              "Worker Number": 2,
                                              "Sort Method": "quicksort",
                                              "Sort Space Used": 25,
                                              "Sort Space Type": "Memory"
                                            },
                                            {
                                              "Worker Number": 3,
                                              "Sort Method": "quicksort",
                                              "Sort Space Used": 25,
                                              "Sort Space Type": "Memory"
                                            },
                                            {
                                              "Worker Number": 4,
                                              "Sort Method": "quicksort",
                                              "Sort Space Used": 25,
                                              "Sort Space Type": "Memory"
                                            }
                                          ],
                                          "Plans": [
                                            {
                                              "Node Type": "Seq Scan",
                                              "Parent Relationship": "Outer",
                                              "Parallel Aware": false,
                                              "Relation Name": "info_type",
                                              "Alias": "it",
                                              "Startup Cost": 0.0,
                                              "Total Cost": 2.41,
                                              "Plan Rows": 1,
                                              "Plan Width": 4,
                                              "Actual Startup Time": 0.022,
                                              "Actual Total Time": 0.023,
                                              "Actual Rows": 1,
                                              "Actual Loops": 6,
                                              "Filter": "((info)::text = 'rating'::text)",
                                              "Rows Removed by Filter": 112
                                            }
                                          ]
                                        }
                                      ]
                                    }
                                  ]
                                }
                              ]
                            },
                            {
                              "Node Type": "Index Scan",
                              "Parent Relationship": "Inner",
                              "Parallel Aware": false,
                              "Scan Direction": "Forward",
                              "Index Name": "title_pkey",
                              "Relation Name": "title",
                              "Alias": "t",
                              "Startup Cost": 0.43,
                              "Total Cost": 110359.06,
                              "Plan Rows": 2528509,
                              "Plan Width": 25,
                              "Actual Startup Time": 0.055,
                              "Actual Total Time": 1318.845,
                              "Actual Rows": 2525722,
                              "Actual Loops": 6
                            }
                          ]
                        }
                      ]
                    },
                    {
                      "Node Type": "Sort",
                      "Parent Relationship": "Inner",
                      "Parallel Aware": false,
                      "Startup Cost": 103411.96,
                      "Total Cost": 103479.36,
                      "Plan Rows": 26960,
                      "Plan Width": 4,
                      "Actual Startup Time": 603.261,
                      "Actual Total Time": 621.192,
                      "Actual Rows": 175861,
                      "Actual Loops": 1,
                      "Sort Key": [
                        "mc.movie_id"
                      ],
                      "Sort Method": "quicksort",
                      "Sort Space Used": 6414,
                      "Sort Space Type": "Memory",
                      "Plans": [
                        {
                          "Node Type": "Gather",
                          "Parent Relationship": "Outer",
                          "Parallel Aware": false,
                          "Startup Cost": 97576.49,
                          "Total Cost": 101427.9,
                          "Plan Rows": 26960,
                          "Plan Width": 4,
                          "Actual Startup Time": 472.86,
                          "Actual Total Time": 588.197,
                          "Actual Rows": 71294,
                          "Actual Loops": 1,
                          "Workers Planned": 3,
                          "Workers Launched": 2,
                          "Single Copy": false,
                          "Plans": [
                            {
                              "Node Type": "Merge Join",
                              "Parent Relationship": "Outer",
                              "Parallel Aware": false,
                              "Join Type": "Inner",
                              "Startup Cost": 96576.49,
                              "Total Cost": 97731.9,
                              "Plan Rows": 8697,
                              "Plan Width": 4,
                              "Actual Startup Time": 471.343,
                              "Actual Total Time": 563.904,
                              "Actual Rows": 23765,
                              "Actual Loops": 3,
                              "Inner Unique": true,
                              "Merge Cond": "(mc.company_id = cn.id)",
                              "Plans": [
                                {
                                  "Node Type": "Sort",
                                  "Parent Relationship": "Outer",
                                  "Parallel Aware": false,
                                  "Startup Cost": 89968.58,
                                  "Total Cost": 90494.62,
                                  "Plan Rows": 210414,
                                  "Plan Width": 8,
                                  "Actual Startup Time": 434.168,
                                  "Actual Total Time": 488.795,
                                  "Actual Rows": 444959,
                                  "Actual Loops": 3,
                                  "Sort Key": [
                                    "mc.company_id"
                                  ],
                                  "Sort Method": "quicksort",
                                  "Sort Space Used": 52067,
                                  "Sort Space Type": "Memory",
                                  "Workers": [
                                    {
                                      "Worker Number": 0,
                                      "Sort Method": "quicksort",
                                      "Sort Space Used": 29802,
                                      "Sort Space Type": "Memory"
                                    },
                                    {
                                      "Worker Number": 1,
                                      "Sort Method": "quicksort",
                                      "Sort Space Used": 29857,
                                      "Sort Space Type": "Memory"
                                    }
                                  ],
                                  "Plans": [
                                    {
                                      "Node Type": "Merge Join",
                                      "Parent Relationship": "Outer",
                                      "Parallel Aware": false,
                                      "Join Type": "Inner",
                                      "Startup Cost": 1.49,
                                      "Total Cost": 71364.97,
                                      "Plan Rows": 210414,
                                      "Plan Width": 8,
                                      "Actual Startup Time": 140.487,
                                      "Actual Total Time": 305.252,
                                      "Actual Rows": 444961,
                                      "Actual Loops": 3,
                                      "Inner Unique": true,
                                      "Merge Cond": "(mc.company_type_id = ct.id)",
                                      "Plans": [
                                        {
                                          "Node Type": "Index Scan",
                                          "Parent Relationship": "Outer",
                                          "Parallel Aware": true,
                                          "Scan Direction": "Forward",
                                          "Index Name": "company_type_id_movie_companies",
                                          "Relation Name": "movie_companies",
                                          "Alias": "mc",
                                          "Startup Cost": 0.43,
                                          "Total Cost": 67155.62,
                                          "Plan Rows": 841655,
                                          "Plan Width": 12,
                                          "Actual Startup Time": 0.106,
                                          "Actual Total Time": 191.474,
                                          "Actual Rows": 869710,
                                          "Actual Loops": 3
                                        },
                                        {
                                          "Node Type": "Sort",
                                          "Parent Relationship": "Inner",
                                          "Parallel Aware": false,
                                          "Startup Cost": 1.06,
                                          "Total Cost": 1.06,
                                          "Plan Rows": 1,
                                          "Plan Width": 4,
                                          "Actual Startup Time": 0.118,
                                          "Actual Total Time": 0.119,
                                          "Actual Rows": 1,
                                          "Actual Loops": 3,
                                          "Sort Key": [
                                            "ct.id"
                                          ],
                                          "Sort Method": "quicksort",
                                          "Sort Space Used": 25,
                                          "Sort Space Type": "Memory",
                                          "Workers": [
                                            {
                                              "Worker Number": 0,
                                              "Sort Method": "quicksort",
                                              "Sort Space Used": 25,
                                              "Sort Space Type": "Memory"
                                            },
                                            {
                                              "Worker Number": 1,
                                              "Sort Method": "quicksort",
                                              "Sort Space Used": 25,
                                              "Sort Space Type": "Memory"
                                            }
                                          ],
                                          "Plans": [
                                            {
                                              "Node Type": "Seq Scan",
                                              "Parent Relationship": "Outer",
                                              "Parallel Aware": false,
                                              "Relation Name": "company_type",
                                              "Alias": "ct",
                                              "Startup Cost": 0.0,
                                              "Total Cost": 1.05,
                                              "Plan Rows": 1,
                                              "Plan Width": 4,
                                              "Actual Startup Time": 0.068,
                                              "Actual Total Time": 0.07,
                                              "Actual Rows": 1,
                                              "Actual Loops": 3,
                                              "Filter": "((kind)::text = 'production companies'::text)",
                                              "Rows Removed by Filter": 3
                                            }
                                          ]
                                        }
                                      ]
                                    }
                                  ]
                                },
                                {
                                  "Node Type": "Sort",
                                  "Parent Relationship": "Inner",
                                  "Parallel Aware": false,
                                  "Startup Cost": 6575.74,
                                  "Total Cost": 6600.02,
                                  "Plan Rows": 9713,
                                  "Plan Width": 4,
                                  "Actual Startup Time": 34.775,
                                  "Actual Total Time": 36.109,
                                  "Actual Rows": 9770,
                                  "Actual Loops": 3,
                                  "Sort Key": [
                                    "cn.id"
                                  ],
                                  "Sort Method": "quicksort",
                                  "Sort Space Used": 843,
                                  "Sort Space Type": "Memory",
                                  "Workers": [
                                    {
                                      "Worker Number": 0,
                                      "Sort Method": "quicksort",
                                      "Sort Space Used": 843,
                                      "Sort Space Type": "Memory"
                                    },
                                    {
                                      "Worker Number": 1,
                                      "Sort Method": "quicksort",
                                      "Sort Space Used": 843,
                                      "Sort Space Type": "Memory"
                                    }
                                  ],
                                  "Plans": [
                                    {
                                      "Node Type": "Seq Scan",
                                      "Parent Relationship": "Outer",
                                      "Parallel Aware": false,
                                      "Relation Name": "company_name",
                                      "Alias": "cn",
                                      "Startup Cost": 0.0,
                                      "Total Cost": 5932.46,
                                      "Plan Rows": 9713,
                                      "Plan Width": 4,
                                      "Actual Startup Time": 0.054,
                                      "Actual Total Time": 31.454,
                                      "Actual Rows": 9775,
                                      "Actual Loops": 3,
                                      "Filter": "((country_code)::text = '[de]'::text)",
                                      "Rows Removed by Filter": 225222
                                    }
                                  ]
                                }
                              ]
                            }
                          ]
                        }
                      ]
                    }
                  ]
                }
              ]
            },
            {
              "Node Type": "Sort",
              "Parent Relationship": "Inner",
              "Parallel Aware": false,
              "Startup Cost": 1.1,
              "Total Cost": 1.1,
              "Plan Rows": 1,
              "Plan Width": 4,
              "Actual Startup Time": 0.037,
              "Actual Total Time": 0.038,
              "Actual Rows": 1,
              "Actual Loops": 1,
              "Sort Key": [
                "kt.id"
              ],
              "Sort Method": "quicksort",
              "Sort Space Used": 25,
              "Sort Space Type": "Memory",
              "Plans": [
                {
                  "Node Type": "Seq Scan",
                  "Parent Relationship": "Outer",
                  "Parallel Aware": false,
                  "Relation Name": "kind_type",
                  "Alias": "kt",
                  "Startup Cost": 0.0,
                  "Total Cost": 1.09,
                  "Plan Rows": 1,
                  "Plan Width": 4,
                  "Actual Startup Time": 0.025,
                  "Actual Total Time": 0.026,
                  "Actual Rows": 1,
                  "Actual Loops": 1,
                  "Filter": "((kind)::text = 'movie'::text)",
                  "Rows Removed by Filter": 6
                }
              ]
            }
          ]
        }
      ]
    },
    "Planning Time": 653.901,
    "Triggers": [],
    "Execution Time": 5381.178
  }
]