[
    {
        "Bao": {
            "Bao prediction": "NaN",
            "Bao recommended hint": "(no hint)"
        }
    },
    {
        "Plan": {
            "Node Type": "Aggregate",
            "Strategy": "Plain",
            "Partial Mode": "Finalize",
            "Parallel Aware": false,
            "Startup Cost": 349897.41,
            "Total Cost": 349897.42,
            "Plan Rows": 1,
            "Plan Width": 8,
            "Actual Startup Time": 703.626,
            "Actual Total Time": 731.764,
            "Actual Rows": 1,
            "Actual Loops": 1,
            "Output": [
                "count(*)"
            ],
            "Plans": [
                {
                    "Node Type": "Gather",
                    "Parent Relationship": "Outer",
                    "Parallel Aware": false,
                    "Startup Cost": 349896.79,
                    "Total Cost": 349897.4,
                    "Plan Rows": 6,
                    "Plan Width": 8,
                    "Actual Startup Time": 703.217,
                    "Actual Total Time": 731.754,
                    "Actual Rows": 7,
                    "Actual Loops": 1,
                    "Output": [
                        "(PARTIAL count(*))"
                    ],
                    "Workers Planned": 6,
                    "Workers Launched": 6,
                    "Single Copy": false,
                    "Plans": [
                        {
                            "Node Type": "Aggregate",
                            "Strategy": "Plain",
                            "Partial Mode": "Partial",
                            "Parent Relationship": "Outer",
                            "Parallel Aware": false,
                            "Startup Cost": 348896.79,
                            "Total Cost": 348896.8,
                            "Plan Rows": 1,
                            "Plan Width": 8,
                            "Actual Startup Time": 692.809,
                            "Actual Total Time": 692.81,
                            "Actual Rows": 1,
                            "Actual Loops": 7,
                            "Output": [
                                "PARTIAL count(*)"
                            ],
                            "Workers": [
                                {
                                    "Worker Number": 0,
                                    "Actual Startup Time": 690.626,
                                    "Actual Total Time": 690.628,
                                    "Actual Rows": 1,
                                    "Actual Loops": 1
                                },
                                {
                                    "Worker Number": 1,
                                    "Actual Startup Time": 690.749,
                                    "Actual Total Time": 690.751,
                                    "Actual Rows": 1,
                                    "Actual Loops": 1
                                },
                                {
                                    "Worker Number": 2,
                                    "Actual Startup Time": 690.764,
                                    "Actual Total Time": 690.766,
                                    "Actual Rows": 1,
                                    "Actual Loops": 1
                                },
                                {
                                    "Worker Number": 3,
                                    "Actual Startup Time": 691.718,
                                    "Actual Total Time": 691.719,
                                    "Actual Rows": 1,
                                    "Actual Loops": 1
                                },
                                {
                                    "Worker Number": 4,
                                    "Actual Startup Time": 691.718,
                                    "Actual Total Time": 691.719,
                                    "Actual Rows": 1,
                                    "Actual Loops": 1
                                },
                                {
                                    "Worker Number": 5,
                                    "Actual Startup Time": 691.722,
                                    "Actual Total Time": 691.723,
                                    "Actual Rows": 1,
                                    "Actual Loops": 1
                                }
                            ],
                            "Plans": [
                                {
                                    "Node Type": "Seq Scan",
                                    "Parent Relationship": "Outer",
                                    "Parallel Aware": true,
                                    "Relation Name": "cast_info",
                                    "Schema": "public",
                                    "Alias": "ci",
                                    "Startup Cost": 0.0,
                                    "Total Cost": 343318.94,
                                    "Plan Rows": 2231139,
                                    "Plan Width": 0,
                                    "Actual Startup Time": 192.378,
                                    "Actual Total Time": 619.676,
                                    "Actual Rows": 1607570,
                                    "Actual Loops": 7,
                                    "Output": [
                                        "id",
                                        "person_id",
                                        "movie_id",
                                        "person_role_id",
                                        "note",
                                        "nr_order",
                                        "role_id"
                                    ],
                                    "Filter": "((ci.person_id > 1598411) AND (ci.role_id < 4))",
                                    "Rows Removed by Filter": 3570194,
                                    "Workers": [
                                        {
                                            "Worker Number": 0,
                                            "Actual Startup Time": 190.2,
                                            "Actual Total Time": 617.611,
                                            "Actual Rows": 1105054,
                                            "Actual Loops": 1
                                        },
                                        {
                                            "Worker Number": 1,
                                            "Actual Startup Time": 190.326,
                                            "Actual Total Time": 619.545,
                                            "Actual Rows": 1738153,
                                            "Actual Loops": 1
                                        },
                                        {
                                            "Worker Number": 2,
                                            "Actual Startup Time": 190.33,
                                            "Actual Total Time": 618.057,
                                            "Actual Rows": 1102770,
                                            "Actual Loops": 1
                                        },
                                        {
                                            "Worker Number": 3,
                                            "Actual Startup Time": 191.286,
                                            "Actual Total Time": 620.781,
                                            "Actual Rows": 1744090,
                                            "Actual Loops": 1
                                        },
                                        {
                                            "Worker Number": 4,
                                            "Actual Startup Time": 191.285,
                                            "Actual Total Time": 620.868,
                                            "Actual Rows": 1740496,
                                            "Actual Loops": 1
                                        },
                                        {
                                            "Worker Number": 5,
                                            "Actual Startup Time": 191.29,
                                            "Actual Total Time": 620.916,
                                            "Actual Rows": 1738805,
                                            "Actual Loops": 1
                                        }
                                    ]
                                }
                            ]
                        }
                    ]
                }
            ]
        },
        "Planning Time": 193.518,
        "Triggers": [],
        "Execution Time": 731.852
    }
]