{
  "Plan": {
    "Node Type": "Aggregate",
    "Strategy": "Plain",
    "Partial Mode": "Finalize",
    "Parallel Aware": false,
    "Startup Cost": 90514.22,
    "Total Cost": 90514.23,
    "Plan Rows": 1,
    "Plan Width": 8,
    "Actual Startup Time": 519.011,
    "Actual Total Time": 579.351,
    "Actual Rows": 1,
    "Actual Loops": 1,
    "Plans": [
      {
        "Node Type": "Gather",
        "Parent Relationship": "Outer",
        "Parallel Aware": false,
        "Startup Cost": 90514.11,
        "Total Cost": 90514.22,
        "Plan Rows": 1,
        "Plan Width": 8,
        "Actual Startup Time": 518.985,
        "Actual Total Time": 579.344,
        "Actual Rows": 2,
        "Actual Loops": 1,
        "Workers Planned": 1,
        "Workers Launched": 1,
        "Single Copy": false,
        "Plans": [
          {
            "Node Type": "Aggregate",
            "Strategy": "Plain",
            "Partial Mode": "Partial",
            "Parent Relationship": "Outer",
            "Parallel Aware": false,
            "Startup Cost": 89514.11,
            "Total Cost": 89514.12,
            "Plan Rows": 1,
            "Plan Width": 8,
            "Actual Startup Time": 513.062,
            "Actual Total Time": 513.065,
            "Actual Rows": 1,
            "Actual Loops": 2,
            "Plans": [
              {
                "Node Type": "Nested Loop",
                "Parent Relationship": "Outer",
                "Parallel Aware": false,
                "Join Type": "Inner",
                "Startup Cost": 58412.5,
                "Total Cost": 89383.72,
                "Plan Rows": 52155,
                "Plan Width": 0,
                "Actual Startup Time": 147.043,
                "Actual Total Time": 503.798,
                "Actual Rows": 183816,
                "Actual Loops": 2,
                "Inner Unique": false,
                "Join Filter": "(t.id = ci.movie_id)",
                "Rows Removed by Join Filter": 0,
                "Plans": [
                  {
                    "Node Type": "Hash Join",
                    "Parent Relationship": "Outer",
                    "Parallel Aware": true,
                    "Join Type": "Inner",
                    "Startup Cost": 58411.93,
                    "Total Cost": 76595.72,
                    "Plan Rows": 4605,
                    "Plan Width": 8,
                    "Actual Startup Time": 146.968,
                    "Actual Total Time": 247.068,
                    "Actual Rows": 8072,
                    "Actual Loops": 2,
                    "Inner Unique": true,
                    "Hash Cond": "(mi_idx.movie_id = t.id)",
                    "Plans": [
                      {
                        "Node Type": "Seq Scan",
                        "Parent Relationship": "Outer",
                        "Parallel Aware": true,
                        "Relation Name": "movie_info_idx",
                        "Alias": "mi_idx",
                        "Startup Cost": 0.0,
                        "Total Cost": 16052.85,
                        "Plan Rows": 811785,
                        "Plan Width": 4,
                        "Actual Startup Time": 0.019,
                        "Actual Total Time": 46.456,
                        "Actual Rows": 690018,
                        "Actual Loops": 2
                      },
                      {
                        "Node Type": "Hash",
                        "Parent Relationship": "Inner",
                        "Parallel Aware": true,
                        "Startup Cost": 58306.47,
                        "Total Cost": 58306.47,
                        "Plan Rows": 8437,
                        "Plan Width": 4,
                        "Actual Startup Time": 145.371,
                        "Actual Total Time": 145.372,
                        "Actual Rows": 6104,
                        "Actual Loops": 2,
                        "Hash Buckets": 16384,
                        "Original Hash Buckets": 16384,
                        "Hash Batches": 1,
                        "Original Hash Batches": 1,
                        "Peak Memory Usage": 640,
                        "Plans": [
                          {
                            "Node Type": "Seq Scan",
                            "Parent Relationship": "Outer",
                            "Parallel Aware": true,
                            "Relation Name": "title",
                            "Alias": "t",
                            "Startup Cost": 0.0,
                            "Total Cost": 58306.47,
                            "Plan Rows": 8437,
                            "Plan Width": 4,
                            "Actual Startup Time": 0.133,
                            "Actual Total Time": 143.464,
                            "Actual Rows": 6104,
                            "Actual Loops": 2,
                            "Filter": "((kind_id < 7) AND (production_year = 1996))",
                            "Rows Removed by Filter": 1258052
                          }
                        ]
                      }
                    ]
                  },
                  {
                    "Node Type": "Index Scan",
                    "Parent Relationship": "Inner",
                    "Parallel Aware": false,
                    "Scan Direction": "Forward",
                    "Index Name": "movie_id_cast_info",
                    "Relation Name": "cast_info",
                    "Alias": "ci",
                    "Startup Cost": 0.56,
                    "Total Cost": 2.41,
                    "Plan Rows": 29,
                    "Plan Width": 4,
                    "Actual Startup Time": 0.005,
                    "Actual Total Time": 0.029,
                    "Actual Rows": 23,
                    "Actual Loops": 16145,
                    "Index Cond": "(movie_id = mi_idx.movie_id)",
                    "Rows Removed by Index Recheck": 0,
                    "Filter": "(person_id < 2921389)",
                    "Rows Removed by Filter": 7
                  }
                ]
              }
            ]
          }
        ]
      }
    ]
  },
  "Planning Time": 0.906,
  "Triggers": [],
  "Execution Time": 579.447
}