[
  {
    "Plan": {
      "Node Type": "Aggregate",
      "Strategy": "Plain",
      "Partial Mode": "Finalize",
      "Parallel Aware": false,
      "Startup Cost": 35338.73,
      "Total Cost": 35338.74,
      "Plan Rows": 1,
      "Plan Width": 8,
      "Actual Startup Time": 108.006,
      "Actual Total Time": 113.61,
      "Actual Rows": 1,
      "Actual Loops": 1,
      "Plans": [
        {
          "Node Type": "Gather",
          "Parent Relationship": "Outer",
          "Parallel Aware": false,
          "Startup Cost": 35338.41,
          "Total Cost": 35338.72,
          "Plan Rows": 3,
          "Plan Width": 8,
          "Actual Startup Time": 107.73,
          "Actual Total Time": 113.6,
          "Actual Rows": 4,
          "Actual Loops": 1,
          "Workers Planned": 3,
          "Workers Launched": 3,
          "Single Copy": false,
          "Plans": [
            {
              "Node Type": "Aggregate",
              "Strategy": "Plain",
              "Partial Mode": "Partial",
              "Parent Relationship": "Outer",
              "Parallel Aware": false,
              "Startup Cost": 34338.41,
              "Total Cost": 34338.42,
              "Plan Rows": 1,
              "Plan Width": 8,
              "Actual Startup Time": 101.152,
              "Actual Total Time": 101.154,
              "Actual Rows": 1,
              "Actual Loops": 4,
              "Plans": [
                {
                  "Node Type": "Bitmap Heap Scan",
                  "Parent Relationship": "Outer",
                  "Parallel Aware": true,
                  "Relation Name": "movie_keyword",
                  "Alias": "mk",
                  "Startup Cost": 8048.67,
                  "Total Cost": 34032.46,
                  "Plan Rows": 122383,
                  "Plan Width": 0,
                  "Actual Startup Time": 29.237,
                  "Actual Total Time": 93.905,
                  "Actual Rows": 95024,
                  "Actual Loops": 4,
                  "Recheck Cond": "(keyword_id > 44916)",
                  "Rows Removed by Index Recheck": 0,
                  "Exact Heap Blocks": 9167,
                  "Lossy Heap Blocks": 0,
                  "Plans": [
                    {
                      "Node Type": "Bitmap Index Scan",
                      "Parent Relationship": "Outer",
                      "Parallel Aware": false,
                      "Index Name": "keyword_id_movie_keyword",
                      "Startup Cost": 0.0,
                      "Total Cost": 7953.83,
                      "Plan Rows": 379386,
                      "Plan Width": 0,
                      "Actual Startup Time": 30.077,
                      "Actual Total Time": 30.078,
                      "Actual Rows": 380094,
                      "Actual Loops": 1,
                      "Index Cond": "(keyword_id > 44916)"
                    }
                  ]
                }
              ]
            }
          ]
        }
      ]
    },
    "Planning Time": 0.076,
    "Triggers": [],
    "Execution Time": 113.649
  }
]