[
    {
        "Bao": {
            "Bao prediction": "NaN",
            "Bao recommended hint": "(no hint)"
        }
    },
    {
        "Plan": {
            "Node Type": "Aggregate",
            "Strategy": "Plain",
            "Partial Mode": "Finalize",
            "Parallel Aware": false,
            "Startup Cost": 275882.83,
            "Total Cost": 275882.84,
            "Plan Rows": 1,
            "Plan Width": 8,
            "Actual Startup Time": 704.553,
            "Actual Total Time": 759.781,
            "Actual Rows": 1,
            "Actual Loops": 1,
            "Output": [
                "count(*)"
            ],
            "Plans": [
                {
                    "Node Type": "Gather",
                    "Parent Relationship": "Outer",
                    "Parallel Aware": false,
                    "Startup Cost": 275882.31,
                    "Total Cost": 275882.82,
                    "Plan Rows": 5,
                    "Plan Width": 8,
                    "Actual Startup Time": 703.883,
                    "Actual Total Time": 759.766,
                    "Actual Rows": 6,
                    "Actual Loops": 1,
                    "Output": [
                        "(PARTIAL count(*))"
                    ],
                    "Workers Planned": 5,
                    "Workers Launched": 5,
                    "Single Copy": false,
                    "Plans": [
                        {
                            "Node Type": "Aggregate",
                            "Strategy": "Plain",
                            "Partial Mode": "Partial",
                            "Parent Relationship": "Outer",
                            "Parallel Aware": false,
                            "Startup Cost": 274882.31,
                            "Total Cost": 274882.32,
                            "Plan Rows": 1,
                            "Plan Width": 8,
                            "Actual Startup Time": 693.287,
                            "Actual Total Time": 693.292,
                            "Actual Rows": 1,
                            "Actual Loops": 6,
                            "Output": [
                                "PARTIAL count(*)"
                            ],
                            "Workers": [
                                {
                                    "Worker Number": 0,
                                    "Actual Startup Time": 690.53,
                                    "Actual Total Time": 690.535,
                                    "Actual Rows": 1,
                                    "Actual Loops": 1
                                },
                                {
                                    "Worker Number": 1,
                                    "Actual Startup Time": 691.278,
                                    "Actual Total Time": 691.283,
                                    "Actual Rows": 1,
                                    "Actual Loops": 1
                                },
                                {
                                    "Worker Number": 2,
                                    "Actual Startup Time": 691.415,
                                    "Actual Total Time": 691.419,
                                    "Actual Rows": 1,
                                    "Actual Loops": 1
                                },
                                {
                                    "Worker Number": 3,
                                    "Actual Startup Time": 691.573,
                                    "Actual Total Time": 691.578,
                                    "Actual Rows": 1,
                                    "Actual Loops": 1
                                },
                                {
                                    "Worker Number": 4,
                                    "Actual Startup Time": 692.076,
                                    "Actual Total Time": 692.081,
                                    "Actual Rows": 1,
                                    "Actual Loops": 1
                                }
                            ],
                            "Plans": [
                                {
                                    "Node Type": "Nested Loop",
                                    "Parent Relationship": "Outer",
                                    "Parallel Aware": false,
                                    "Join Type": "Inner",
                                    "Startup Cost": 45633.79,
                                    "Total Cost": 274602.02,
                                    "Plan Rows": 112115,
                                    "Plan Width": 0,
                                    "Actual Startup Time": 130.332,
                                    "Actual Total Time": 690.691,
                                    "Actual Rows": 22756,
                                    "Actual Loops": 6,
                                    "Inner Unique": false,
                                    "Join Filter": "(t.id = ci.movie_id)",
                                    "Rows Removed by Join Filter": 0,
                                    "Workers": [
                                        {
                                            "Worker Number": 0,
                                            "Actual Startup Time": 127.581,
                                            "Actual Total Time": 687.824,
                                            "Actual Rows": 19252,
                                            "Actual Loops": 1
                                        },
                                        {
                                            "Worker Number": 1,
                                            "Actual Startup Time": 128.53,
                                            "Actual Total Time": 688.683,
                                            "Actual Rows": 18463,
                                            "Actual Loops": 1
                                        },
                                        {
                                            "Worker Number": 2,
                                            "Actual Startup Time": 128.289,
                                            "Actual Total Time": 688.487,
                                            "Actual Rows": 20385,
                                            "Actual Loops": 1
                                        },
                                        {
                                            "Worker Number": 3,
                                            "Actual Startup Time": 128.911,
                                            "Actual Total Time": 688.996,
                                            "Actual Rows": 18116,
                                            "Actual Loops": 1
                                        },
                                        {
                                            "Worker Number": 4,
                                            "Actual Startup Time": 128.913,
                                            "Actual Total Time": 689.318,
                                            "Actual Rows": 19894,
                                            "Actual Loops": 1
                                        }
                                    ],
                                    "Plans": [
                                        {
                                            "Node Type": "Hash Join",
                                            "Parent Relationship": "Outer",
                                            "Parallel Aware": true,
                                            "Join Type": "Inner",
                                            "Startup Cost": 45633.22,
                                            "Total Cost": 246399.96,
                                            "Plan Rows": 14005,
                                            "Plan Width": 8,
                                            "Actual Startup Time": 130.063,
                                            "Actual Total Time": 541.109,
                                            "Actual Rows": 2976,
                                            "Actual Loops": 6,
                                            "Output": [
                                                "t.id",
                                                "mi.movie_id"
                                            ],
                                            "Inner Unique": true,
                                            "Hash Cond": "(mi.movie_id = t.id)",
                                            "Workers": [
                                                {
                                                    "Worker Number": 0,
                                                    "Actual Startup Time": 127.478,
                                                    "Actual Total Time": 530.285,
                                                    "Actual Rows": 2418,
                                                    "Actual Loops": 1
                                                },
                                                {
                                                    "Worker Number": 1,
                                                    "Actual Startup Time": 127.997,
                                                    "Actual Total Time": 530.616,
                                                    "Actual Rows": 2657,
                                                    "Actual Loops": 1
                                                },
                                                {
                                                    "Worker Number": 2,
                                                    "Actual Startup Time": 128.199,
                                                    "Actual Total Time": 525.536,
                                                    "Actual Rows": 2356,
                                                    "Actual Loops": 1
                                                },
                                                {
                                                    "Worker Number": 3,
                                                    "Actual Startup Time": 128.265,
                                                    "Actual Total Time": 532.656,
                                                    "Actual Rows": 2397,
                                                    "Actual Loops": 1
                                                },
                                                {
                                                    "Worker Number": 4,
                                                    "Actual Startup Time": 128.819,
                                                    "Actual Total Time": 530.198,
                                                    "Actual Rows": 2510,
                                                    "Actual Loops": 1
                                                }
                                            ],
                                            "Plans": [
                                                {
                                                    "Node Type": "Seq Scan",
                                                    "Parent Relationship": "Outer",
                                                    "Parallel Aware": true,
                                                    "Relation Name": "movie_info",
                                                    "Schema": "public",
                                                    "Alias": "mi",
                                                    "Startup Cost": 0.0,
                                                    "Total Cost": 198880.74,
                                                    "Plan Rows": 718477,
                                                    "Plan Width": 4,
                                                    "Actual Startup Time": 34.277,
                                                    "Actual Total Time": 362.225,
                                                    "Actual Rows": 604163,
                                                    "Actual Loops": 6,
                                                    "Output": [
                                                        "mi.id",
                                                        "mi.movie_id",
                                                        "mi.info_type_id",
                                                        "mi.info",
                                                        "mi.note"
                                                    ],
                                                    "Filter": "(mi.info_type_id < 4)",
                                                    "Rows Removed by Filter": 1868457,
                                                    "Workers": [
                                                        {
                                                            "Worker Number": 0,
                                                            "Actual Startup Time": 34.269,
                                                            "Actual Total Time": 358.849,
                                                            "Actual Rows": 510531,
                                                            "Actual Loops": 1
                                                        },
                                                        {
                                                            "Worker Number": 1,
                                                            "Actual Startup Time": 34.257,
                                                            "Actual Total Time": 357.546,
                                                            "Actual Rows": 533736,
                                                            "Actual Loops": 1
                                                        },
                                                        {
                                                            "Worker Number": 2,
                                                            "Actual Startup Time": 34.263,
                                                            "Actual Total Time": 356.077,
                                                            "Actual Rows": 498455,
                                                            "Actual Loops": 1
                                                        },
                                                        {
                                                            "Worker Number": 3,
                                                            "Actual Startup Time": 34.295,
                                                            "Actual Total Time": 360.057,
                                                            "Actual Rows": 529202,
                                                            "Actual Loops": 1
                                                        },
                                                        {
                                                            "Worker Number": 4,
                                                            "Actual Startup Time": 34.27,
                                                            "Actual Total Time": 356.785,
                                                            "Actual Rows": 531631,
                                                            "Actual Loops": 1
                                                        }
                                                    ]
                                                },
                                                {
                                                    "Node Type": "Hash",
                                                    "Parent Relationship": "Inner",
                                                    "Parallel Aware": true,
                                                    "Startup Cost": 45479.21,
                                                    "Total Cost": 45479.21,
                                                    "Plan Rows": 12321,
                                                    "Plan Width": 4,
                                                    "Actual Startup Time": 94.46,
                                                    "Actual Total Time": 94.461,
                                                    "Actual Rows": 7554,
                                                    "Actual Loops": 6,
                                                    "Output": [
                                                        "t.id"
                                                    ],
                                                    "Hash Buckets": 65536,
                                                    "Original Hash Buckets": 65536,
                                                    "Hash Batches": 1,
                                                    "Original Hash Batches": 1,
                                                    "Peak Memory Usage": 2400,
                                                    "Workers": [
                                                        {
                                                            "Worker Number": 0,
                                                            "Actual Startup Time": 92.455,
                                                            "Actual Total Time": 92.457,
                                                            "Actual Rows": 5631,
                                                            "Actual Loops": 1
                                                        },
                                                        {
                                                            "Worker Number": 1,
                                                            "Actual Startup Time": 93.217,
                                                            "Actual Total Time": 93.218,
                                                            "Actual Rows": 5893,
                                                            "Actual Loops": 1
                                                        },
                                                        {
                                                            "Worker Number": 2,
                                                            "Actual Startup Time": 93.282,
                                                            "Actual Total Time": 93.284,
                                                            "Actual Rows": 5880,
                                                            "Actual Loops": 1
                                                        },
                                                        {
                                                            "Worker Number": 3,
                                                            "Actual Startup Time": 93.49,
                                                            "Actual Total Time": 93.492,
                                                            "Actual Rows": 5888,
                                                            "Actual Loops": 1
                                                        },
                                                        {
                                                            "Worker Number": 4,
                                                            "Actual Startup Time": 93.999,
                                                            "Actual Total Time": 94.0,
                                                            "Actual Rows": 6000,
                                                            "Actual Loops": 1
                                                        }
                                                    ],
                                                    "Plans": [
                                                        {
                                                            "Node Type": "Seq Scan",
                                                            "Parent Relationship": "Outer",
                                                            "Parallel Aware": true,
                                                            "Relation Name": "title",
                                                            "Schema": "public",
                                                            "Alias": "t",
                                                            "Startup Cost": 0.0,
                                                            "Total Cost": 45479.21,
                                                            "Plan Rows": 12321,
                                                            "Plan Width": 4,
                                                            "Actual Startup Time": 0.067,
                                                            "Actual Total Time": 89.937,
                                                            "Actual Rows": 7554,
                                                            "Actual Loops": 6,
                                                            "Output": [
                                                                "t.id"
                                                            ],
                                                            "Filter": "((t.kind_id > 1) AND (t.production_year > 2012))",
                                                            "Rows Removed by Filter": 413832,
                                                            "Workers": [
                                                                {
                                                                    "Worker Number": 0,
                                                                    "Actual Startup Time": 0.055,
                                                                    "Actual Total Time": 87.336,
                                                                    "Actual Rows": 5631,
                                                                    "Actual Loops": 1
                                                                },
                                                                {
                                                                    "Worker Number": 1,
                                                                    "Actual Startup Time": 0.054,
                                                                    "Actual Total Time": 89.13,
                                                                    "Actual Rows": 5893,
                                                                    "Actual Loops": 1
                                                                },
                                                                {
                                                                    "Worker Number": 2,
                                                                    "Actual Startup Time": 0.058,
                                                                    "Actual Total Time": 89.132,
                                                                    "Actual Rows": 5880,
                                                                    "Actual Loops": 1
                                                                },
                                                                {
                                                                    "Worker Number": 3,
                                                                    "Actual Startup Time": 0.068,
                                                                    "Actual Total Time": 89.131,
                                                                    "Actual Rows": 5888,
                                                                    "Actual Loops": 1
                                                                },
                                                                {
                                                                    "Worker Number": 4,
                                                                    "Actual Startup Time": 0.057,
                                                                    "Actual Total Time": 89.812,
                                                                    "Actual Rows": 6000,
                                                                    "Actual Loops": 1
                                                                }
                                                            ]
                                                        }
                                                    ]
                                                }
                                            ]
                                        },
                                        {
                                            "Node Type": "Index Scan",
                                            "Parent Relationship": "Inner",
                                            "Parallel Aware": false,
                                            "Scan Direction": "Forward",
                                            "Index Name": "movie_id_cast_info",
                                            "Relation Name": "cast_info",
                                            "Schema": "public",
                                            "Alias": "ci",
                                            "Startup Cost": 0.56,
                                            "Total Cost": 1.75,
                                            "Plan Rows": 21,
                                            "Plan Width": 4,
                                            "Actual Startup Time": 0.014,
                                            "Actual Total Time": 0.048,
                                            "Actual Rows": 8,
                                            "Actual Loops": 17858,
                                            "Output": [
                                                "ci.id",
                                                "ci.person_id",
                                                "ci.movie_id",
                                                "ci.person_role_id",
                                                "ci.note",
                                                "ci.nr_order",
                                                "ci.role_id"
                                            ],
                                            "Index Cond": "(ci.movie_id = mi.movie_id)",
                                            "Rows Removed by Index Recheck": 0,
                                            "Filter": "(ci.role_id < 3)",
                                            "Rows Removed by Filter": 8,
                                            "Workers": [
                                                {
                                                    "Worker Number": 0,
                                                    "Actual Startup Time": 0.019,
                                                    "Actual Total Time": 0.063,
                                                    "Actual Rows": 8,
                                                    "Actual Loops": 2418
                                                },
                                                {
                                                    "Worker Number": 1,
                                                    "Actual Startup Time": 0.018,
                                                    "Actual Total Time": 0.058,
                                                    "Actual Rows": 7,
                                                    "Actual Loops": 2657
                                                },
                                                {
                                                    "Worker Number": 2,
                                                    "Actual Startup Time": 0.018,
                                                    "Actual Total Time": 0.067,
                                                    "Actual Rows": 9,
                                                    "Actual Loops": 2356
                                                },
                                                {
                                                    "Worker Number": 3,
                                                    "Actual Startup Time": 0.019,
                                                    "Actual Total Time": 0.063,
                                                    "Actual Rows": 8,
                                                    "Actual Loops": 2397
                                                },
                                                {
                                                    "Worker Number": 4,
                                                    "Actual Startup Time": 0.018,
                                                    "Actual Total Time": 0.061,
                                                    "Actual Rows": 8,
                                                    "Actual Loops": 2510
                                                }
                                            ]
                                        }
                                    ]
                                }
                            ]
                        }
                    ]
                }
            ]
        },
        "Planning Time": 177.274,
        "Triggers": [],
        "Execution Time": 759.974
    }
]