[
  {
    "Plan": {
      "Node Type": "Aggregate",
      "Strategy": "Plain",
      "Partial Mode": "Finalize",
      "Parallel Aware": false,
      "Startup Cost": 79635.57,
      "Total Cost": 79635.58,
      "Plan Rows": 1,
      "Plan Width": 8,
      "Actual Startup Time": 481.872,
      "Actual Total Time": 502.828,
      "Actual Rows": 1,
      "Actual Loops": 1,
      "Plans": [
        {
          "Node Type": "Gather",
          "Parent Relationship": "Outer",
          "Parallel Aware": false,
          "Startup Cost": 79635.26,
          "Total Cost": 79635.57,
          "Plan Rows": 3,
          "Plan Width": 8,
          "Actual Startup Time": 470.629,
          "Actual Total Time": 502.807,
          "Actual Rows": 4,
          "Actual Loops": 1,
          "Workers Planned": 3,
          "Workers Launched": 3,
          "Single Copy": false,
          "Plans": [
            {
              "Node Type": "Aggregate",
              "Strategy": "Plain",
              "Partial Mode": "Partial",
              "Parent Relationship": "Outer",
              "Parallel Aware": false,
              "Startup Cost": 78635.26,
              "Total Cost": 78635.27,
              "Plan Rows": 1,
              "Plan Width": 8,
              "Actual Startup Time": 459.788,
              "Actual Total Time": 459.793,
              "Actual Rows": 1,
              "Actual Loops": 4,
              "Plans": [
                {
                  "Node Type": "Hash Join",
                  "Parent Relationship": "Outer",
                  "Parallel Aware": true,
                  "Join Type": "Inner",
                  "Startup Cost": 57836.58,
                  "Total Cost": 78489.6,
                  "Plan Rows": 58264,
                  "Plan Width": 0,
                  "Actual Startup Time": 393.783,
                  "Actual Total Time": 455.057,
                  "Actual Rows": 88271,
                  "Actual Loops": 4,
                  "Inner Unique": true,
                  "Hash Cond": "(mc.movie_id = t.id)",
                  "Plans": [
                    {
                      "Node Type": "Bitmap Heap Scan",
                      "Parent Relationship": "Outer",
                      "Parallel Aware": true,
                      "Relation Name": "movie_companies",
                      "Alias": "mc",
                      "Startup Cost": 7616.2,
                      "Total Cost": 28116.27,
                      "Plan Rows": 58264,
                      "Plan Width": 4,
                      "Actual Startup Time": 17.765,
                      "Actual Total Time": 40.217,
                      "Actual Rows": 88271,
                      "Actual Loops": 4,
                      "Recheck Cond": "(company_id > 87983)",
                      "Rows Removed by Index Recheck": 0,
                      "Filter": "(company_type_id = 2)",
                      "Rows Removed by Filter": 0,
                      "Exact Heap Blocks": 1277,
                      "Lossy Heap Blocks": 0,
                      "Plans": [
                        {
                          "Node Type": "Bitmap Index Scan",
                          "Parent Relationship": "Outer",
                          "Parallel Aware": false,
                          "Index Name": "company_id_movie_companies",
                          "Startup Cost": 0.0,
                          "Total Cost": 7571.04,
                          "Plan Rows": 353415,
                          "Plan Width": 0,
                          "Actual Startup Time": 16.947,
                          "Actual Total Time": 16.948,
                          "Actual Rows": 353084,
                          "Actual Loops": 1,
                          "Index Cond": "(company_id > 87983)"
                        }
                      ]
                    },
                    {
                      "Node Type": "Hash",
                      "Parent Relationship": "Inner",
                      "Parallel Aware": true,
                      "Startup Cost": 42319.06,
                      "Total Cost": 42319.06,
                      "Plan Rows": 632106,
                      "Plan Width": 4,
                      "Actual Startup Time": 366.63,
                      "Actual Total Time": 366.631,
                      "Actual Rows": 632078,
                      "Actual Loops": 4,
                      "Hash Buckets": 4194304,
                      "Original Hash Buckets": 4194304,
                      "Hash Batches": 1,
                      "Original Hash Batches": 1,
                      "Peak Memory Usage": 131776,
                      "Plans": [
                        {
                          "Node Type": "Seq Scan",
                          "Parent Relationship": "Outer",
                          "Parallel Aware": true,
                          "Relation Name": "title",
                          "Alias": "t",
                          "Startup Cost": 0.0,
                          "Total Cost": 42319.06,
                          "Plan Rows": 632106,
                          "Plan Width": 4,
                          "Actual Startup Time": 0.042,
                          "Actual Total Time": 110.492,
                          "Actual Rows": 632078,
                          "Actual Loops": 4
                        }
                      ]
                    }
                  ]
                }
              ]
            }
          ]
        }
      ]
    },
    "Planning Time": 0.297,
    "Triggers": [],
    "Execution Time": 502.882
  }
]