[
  {
    "Plan": {
      "Node Type": "Aggregate",
      "Strategy": "Plain",
      "Partial Mode": "Finalize",
      "Parallel Aware": false,
      "Startup Cost": 32721.48,
      "Total Cost": 32721.49,
      "Plan Rows": 1,
      "Plan Width": 8,
      "Actual Startup Time": 86.279,
      "Actual Total Time": 94.92,
      "Actual Rows": 1,
      "Actual Loops": 1,
      "Plans": [
        {
          "Node Type": "Gather",
          "Parent Relationship": "Outer",
          "Parallel Aware": false,
          "Startup Cost": 32721.17,
          "Total Cost": 32721.48,
          "Plan Rows": 3,
          "Plan Width": 8,
          "Actual Startup Time": 86.11,
          "Actual Total Time": 94.911,
          "Actual Rows": 4,
          "Actual Loops": 1,
          "Workers Planned": 3,
          "Workers Launched": 3,
          "Single Copy": false,
          "Plans": [
            {
              "Node Type": "Aggregate",
              "Strategy": "Plain",
              "Partial Mode": "Partial",
              "Parent Relationship": "Outer",
              "Parallel Aware": false,
              "Startup Cost": 31721.17,
              "Total Cost": 31721.18,
              "Plan Rows": 1,
              "Plan Width": 8,
              "Actual Startup Time": 80.212,
              "Actual Total Time": 80.214,
              "Actual Rows": 1,
              "Actual Loops": 4,
              "Plans": [
                {
                  "Node Type": "Seq Scan",
                  "Parent Relationship": "Outer",
                  "Parallel Aware": true,
                  "Relation Name": "movie_companies",
                  "Alias": "mc",
                  "Startup Cost": 0.0,
                  "Total Cost": 31414.82,
                  "Plan Rows": 122539,
                  "Plan Width": 0,
                  "Actual Startup Time": 23.649,
                  "Actual Total Time": 79.217,
                  "Actual Rows": 14866,
                  "Actual Loops": 4,
                  "Filter": "((company_id > 34188) AND (company_type_id < 2))",
                  "Rows Removed by Filter": 637416
                }
              ]
            }
          ]
        }
      ]
    },
    "Planning Time": 0.188,
    "Triggers": [],
    "Execution Time": 94.969
  }
]