[
  {
    "Plan": {
      "Node Type": "Aggregate",
      "Strategy": "Plain",
      "Partial Mode": "Finalize",
      "Parallel Aware": false,
      "Startup Cost": 95281.19,
      "Total Cost": 95281.2,
      "Plan Rows": 1,
      "Plan Width": 8,
      "Actual Startup Time": 683.964,
      "Actual Total Time": 706.339,
      "Actual Rows": 1,
      "Actual Loops": 1,
      "Plans": [
        {
          "Node Type": "Gather",
          "Parent Relationship": "Outer",
          "Parallel Aware": false,
          "Startup Cost": 95280.98,
          "Total Cost": 95281.19,
          "Plan Rows": 2,
          "Plan Width": 8,
          "Actual Startup Time": 680.167,
          "Actual Total Time": 706.329,
          "Actual Rows": 3,
          "Actual Loops": 1,
          "Workers Planned": 2,
          "Workers Launched": 2,
          "Single Copy": false,
          "Plans": [
            {
              "Node Type": "Aggregate",
              "Strategy": "Plain",
              "Partial Mode": "Partial",
              "Parent Relationship": "Outer",
              "Parallel Aware": false,
              "Startup Cost": 94280.98,
              "Total Cost": 94280.99,
              "Plan Rows": 1,
              "Plan Width": 8,
              "Actual Startup Time": 672.229,
              "Actual Total Time": 672.565,
              "Actual Rows": 1,
              "Actual Loops": 3,
              "Plans": [
                {
                  "Node Type": "Hash Join",
                  "Parent Relationship": "Outer",
                  "Parallel Aware": true,
                  "Join Type": "Inner",
                  "Startup Cost": 77976.56,
                  "Total Cost": 94049.5,
                  "Plan Rows": 92593,
                  "Plan Width": 0,
                  "Actual Startup Time": 524.524,
                  "Actual Total Time": 661.964,
                  "Actual Rows": 196002,
                  "Actual Loops": 3,
                  "Inner Unique": false,
                  "Hash Cond": "(mi_idx.movie_id = t.id)",
                  "Plans": [
                    {
                      "Node Type": "Seq Scan",
                      "Parent Relationship": "Outer",
                      "Parallel Aware": true,
                      "Relation Name": "movie_info_idx",
                      "Alias": "mi_idx",
                      "Startup Cost": 0.0,
                      "Total Cost": 13685.15,
                      "Plan Rows": 575015,
                      "Plan Width": 4,
                      "Actual Startup Time": 0.04,
                      "Actual Total Time": 44.439,
                      "Actual Rows": 460012,
                      "Actual Loops": 3
                    },
                    {
                      "Node Type": "Hash",
                      "Parent Relationship": "Inner",
                      "Parallel Aware": true,
                      "Startup Cost": 76704.3,
                      "Total Cost": 76704.3,
                      "Plan Rows": 101781,
                      "Plan Width": 8,
                      "Actual Startup Time": 520.247,
                      "Actual Total Time": 520.583,
                      "Actual Rows": 134553,
                      "Actual Loops": 3,
                      "Hash Buckets": 524288,
                      "Original Hash Buckets": 524288,
                      "Hash Batches": 1,
                      "Original Hash Batches": 1,
                      "Peak Memory Usage": 19936,
                      "Plans": [
                        {
                          "Node Type": "Hash Join",
                          "Parent Relationship": "Outer",
                          "Parallel Aware": true,
                          "Join Type": "Inner",
                          "Startup Cost": 30896.88,
                          "Total Cost": 76704.3,
                          "Plan Rows": 101781,
                          "Plan Width": 8,
                          "Actual Startup Time": 141.226,
                          "Actual Total Time": 474.762,
                          "Actual Rows": 134553,
                          "Actual Loops": 3,
                          "Inner Unique": false,
                          "Hash Cond": "(t.id = mc.movie_id)",
                          "Plans": [
                            {
                              "Node Type": "Seq Scan",
                              "Parent Relationship": "Outer",
                              "Parallel Aware": true,
                              "Relation Name": "title",
                              "Alias": "t",
                              "Startup Cost": 0.0,
                              "Total Cost": 42318.73,
                              "Plan Rows": 632073,
                              "Plan Width": 4,
                              "Actual Startup Time": 0.019,
                              "Actual Total Time": 111.816,
                              "Actual Rows": 842771,
                              "Actual Loops": 3
                            },
                            {
                              "Node Type": "Hash",
                              "Parent Relationship": "Inner",
                              "Parallel Aware": true,
                              "Startup Cost": 29255.26,
                              "Total Cost": 29255.26,
                              "Plan Rows": 131330,
                              "Plan Width": 4,
                              "Actual Startup Time": 138.798,
                              "Actual Total Time": 138.799,
                              "Actual Rows": 134553,
                              "Actual Loops": 3,
                              "Hash Buckets": 524288,
                              "Original Hash Buckets": 524288,
                              "Hash Batches": 1,
                              "Original Hash Batches": 1,
                              "Peak Memory Usage": 19936,
                              "Plans": [
                                {
                                  "Node Type": "Bitmap Heap Scan",
                                  "Parent Relationship": "Outer",
                                  "Parallel Aware": true,
                                  "Relation Name": "movie_companies",
                                  "Alias": "mc",
                                  "Startup Cost": 8823.63,
                                  "Total Cost": 29255.26,
                                  "Plan Rows": 131330,
                                  "Plan Width": 4,
                                  "Actual Startup Time": 29.598,
                                  "Actual Total Time": 89.296,
                                  "Actual Rows": 134553,
                                  "Actual Loops": 3,
                                  "Recheck Cond": "(company_id < 258)",
                                  "Rows Removed by Index Recheck": 0,
                                  "Exact Heap Blocks": 9914,
                                  "Lossy Heap Blocks": 0,
                                  "Plans": [
                                    {
                                      "Node Type": "Bitmap Index Scan",
                                      "Parent Relationship": "Outer",
                                      "Parallel Aware": false,
                                      "Index Name": "company_id_movie_companies",
                                      "Startup Cost": 0.0,
                                      "Total Cost": 8721.85,
                                      "Plan Rows": 407123,
                                      "Plan Width": 0,
                                      "Actual Startup Time": 26.895,
                                      "Actual Total Time": 26.896,
                                      "Actual Rows": 403659,
                                      "Actual Loops": 1,
                                      "Index Cond": "(company_id < 258)"
                                    }
                                  ]
                                }
                              ]
                            }
                          ]
                        }
                      ]
                    }
                  ]
                }
              ]
            }
          ]
        }
      ]
    },
    "Planning Time": 1.373,
    "Triggers": [],
    "Execution Time": 706.476
  }
]