[
  {
    "Plan": {
      "Node Type": "Aggregate",
      "Strategy": "Plain",
      "Partial Mode": "Finalize",
      "Parallel Aware": false,
      "Startup Cost": 33125.09,
      "Total Cost": 33125.1,
      "Plan Rows": 1,
      "Plan Width": 8,
      "Actual Startup Time": 105.037,
      "Actual Total Time": 113.608,
      "Actual Rows": 1,
      "Actual Loops": 1,
      "Plans": [
        {
          "Node Type": "Gather",
          "Parent Relationship": "Outer",
          "Parallel Aware": false,
          "Startup Cost": 33124.77,
          "Total Cost": 33125.08,
          "Plan Rows": 3,
          "Plan Width": 8,
          "Actual Startup Time": 104.81,
          "Actual Total Time": 113.599,
          "Actual Rows": 4,
          "Actual Loops": 1,
          "Workers Planned": 3,
          "Workers Launched": 3,
          "Single Copy": false,
          "Plans": [
            {
              "Node Type": "Aggregate",
              "Strategy": "Plain",
              "Partial Mode": "Partial",
              "Parent Relationship": "Outer",
              "Parallel Aware": false,
              "Startup Cost": 32124.77,
              "Total Cost": 32124.78,
              "Plan Rows": 1,
              "Plan Width": 8,
              "Actual Startup Time": 96.466,
              "Actual Total Time": 96.467,
              "Actual Rows": 1,
              "Actual Loops": 4,
              "Plans": [
                {
                  "Node Type": "Seq Scan",
                  "Parent Relationship": "Outer",
                  "Parallel Aware": true,
                  "Relation Name": "movie_companies",
                  "Alias": "mc",
                  "Startup Cost": 0.0,
                  "Total Cost": 31414.82,
                  "Plan Rows": 283981,
                  "Plan Width": 0,
                  "Actual Startup Time": 1.294,
                  "Actual Total Time": 86.817,
                  "Actual Rows": 173824,
                  "Actual Loops": 4,
                  "Filter": "((company_id > 1894) AND (company_type_id < 2))",
                  "Rows Removed by Filter": 478458
                }
              ]
            }
          ]
        }
      ]
    },
    "Planning Time": 0.215,
    "Triggers": [],
    "Execution Time": 113.664
  }
]