{
  "Plan": {
    "Node Type": "Aggregate",
    "Strategy": "Plain",
    "Partial Mode": "Finalize",
    "Parallel Aware": false,
    "Startup Cost": 595317.81,
    "Total Cost": 595317.82,
    "Plan Rows": 1,
    "Plan Width": 8,
    "Actual Startup Time": 3897.12,
    "Actual Total Time": 3962.378,
    "Actual Rows": 1,
    "Actual Loops": 1,
    "Plans": [
      {
        "Node Type": "Gather",
        "Parent Relationship": "Outer",
        "Parallel Aware": false,
        "Startup Cost": 595317.7,
        "Total Cost": 595317.81,
        "Plan Rows": 1,
        "Plan Width": 8,
        "Actual Startup Time": 3894.635,
        "Actual Total Time": 3962.367,
        "Actual Rows": 2,
        "Actual Loops": 1,
        "Workers Planned": 1,
        "Workers Launched": 1,
        "Single Copy": false,
        "Plans": [
          {
            "Node Type": "Aggregate",
            "Strategy": "Plain",
            "Partial Mode": "Partial",
            "Parent Relationship": "Outer",
            "Parallel Aware": false,
            "Startup Cost": 594317.7,
            "Total Cost": 594317.71,
            "Plan Rows": 1,
            "Plan Width": 8,
            "Actual Startup Time": 3886.247,
            "Actual Total Time": 3886.253,
            "Actual Rows": 1,
            "Actual Loops": 2,
            "Plans": [
              {
                "Node Type": "Hash Join",
                "Parent Relationship": "Outer",
                "Parallel Aware": true,
                "Join Type": "Inner",
                "Startup Cost": 66070.92,
                "Total Cost": 593389.47,
                "Plan Rows": 371292,
                "Plan Width": 0,
                "Actual Startup Time": 285.886,
                "Actual Total Time": 3859.377,
                "Actual Rows": 650736,
                "Actual Loops": 2,
                "Inner Unique": false,
                "Hash Cond": "(t.id = mi_idx.movie_id)",
                "Plans": [
                  {
                    "Node Type": "Hash Join",
                    "Parent Relationship": "Outer",
                    "Parallel Aware": true,
                    "Join Type": "Inner",
                    "Startup Cost": 39870.76,
                    "Total Cost": 561604.11,
                    "Plan Rows": 680225,
                    "Plan Width": 8,
                    "Actual Startup Time": 51.893,
                    "Actual Total Time": 3386.763,
                    "Actual Rows": 474062,
                    "Actual Loops": 2,
                    "Inner Unique": true,
                    "Hash Cond": "(ci.movie_id = t.id)",
                    "Plans": [
                      {
                        "Node Type": "Seq Scan",
                        "Parent Relationship": "Outer",
                        "Parallel Aware": true,
                        "Relation Name": "cast_info",
                        "Alias": "ci",
                        "Startup Cost": 0.0,
                        "Total Cost": 465792.95,
                        "Plan Rows": 21310595,
                        "Plan Width": 4,
                        "Actual Startup Time": 0.014,
                        "Actual Total Time": 1360.948,
                        "Actual Rows": 18122172,
                        "Actual Loops": 2
                      },
                      {
                        "Node Type": "Hash",
                        "Parent Relationship": "Inner",
                        "Parallel Aware": true,
                        "Startup Cost": 39277.36,
                        "Total Cost": 39277.36,
                        "Plan Rows": 47472,
                        "Plan Width": 4,
                        "Actual Startup Time": 51.597,
                        "Actual Total Time": 51.598,
                        "Actual Rows": 40282,
                        "Actual Loops": 2,
                        "Hash Buckets": 131072,
                        "Original Hash Buckets": 131072,
                        "Hash Batches": 1,
                        "Original Hash Batches": 1,
                        "Peak Memory Usage": 4224,
                        "Plans": [
                          {
                            "Node Type": "Bitmap Heap Scan",
                            "Parent Relationship": "Outer",
                            "Parallel Aware": true,
                            "Relation Name": "title",
                            "Alias": "t",
                            "Startup Cost": 2201.11,
                            "Total Cost": 39277.36,
                            "Plan Rows": 47472,
                            "Plan Width": 4,
                            "Actual Startup Time": 6.655,
                            "Actual Total Time": 37.587,
                            "Actual Rows": 40282,
                            "Actual Loops": 2,
                            "Recheck Cond": "(kind_id = 4)",
                            "Rows Removed by Index Recheck": 0,
                            "Filter": "(production_year < 2008)",
                            "Rows Removed by Filter": 18836,
                            "Exact Heap Blocks": 7453,
                            "Lossy Heap Blocks": 0,
                            "Plans": [
                              {
                                "Node Type": "Bitmap Index Scan",
                                "Parent Relationship": "Outer",
                                "Parallel Aware": false,
                                "Index Name": "kind_id_title",
                                "Startup Cost": 0.0,
                                "Total Cost": 2180.94,
                                "Plan Rows": 122201,
                                "Plan Width": 0,
                                "Actual Startup Time": 4.94,
                                "Actual Total Time": 4.94,
                                "Actual Rows": 118234,
                                "Actual Loops": 1,
                                "Index Cond": "(kind_id = 4)"
                              }
                            ]
                          }
                        ]
                      }
                    ]
                  },
                  {
                    "Node Type": "Hash",
                    "Parent Relationship": "Inner",
                    "Parallel Aware": true,
                    "Startup Cost": 16052.85,
                    "Total Cost": 16052.85,
                    "Plan Rows": 811785,
                    "Plan Width": 4,
                    "Actual Startup Time": 219.583,
                    "Actual Total Time": 219.584,
                    "Actual Rows": 690018,
                    "Actual Loops": 2,
                    "Hash Buckets": 2097152,
                    "Original Hash Buckets": 2097152,
                    "Hash Batches": 1,
                    "Original Hash Batches": 1,
                    "Peak Memory Usage": 70400,
                    "Plans": [
                      {
                        "Node Type": "Seq Scan",
                        "Parent Relationship": "Outer",
                        "Parallel Aware": true,
                        "Relation Name": "movie_info_idx",
                        "Alias": "mi_idx",
                        "Startup Cost": 0.0,
                        "Total Cost": 16052.85,
                        "Plan Rows": 811785,
                        "Plan Width": 4,
                        "Actual Startup Time": 0.047,
                        "Actual Total Time": 71.325,
                        "Actual Rows": 690018,
                        "Actual Loops": 2
                      }
                    ]
                  }
                ]
              }
            ]
          }
        ]
      }
    ]
  },
  "Planning Time": 1.15,
  "Triggers": [],
  "Execution Time": 3962.503
}