[
  {
    "Plan": {
      "Node Type": "Aggregate",
      "Strategy": "Plain",
      "Partial Mode": "Simple",
      "Parallel Aware": false,
      "Startup Cost": 21789.47,
      "Total Cost": 21789.48,
      "Plan Rows": 1,
      "Plan Width": 8,
      "Actual Startup Time": 35.912,
      "Actual Total Time": 35.914,
      "Actual Rows": 1,
      "Actual Loops": 1,
      "Plans": [
        {
          "Node Type": "Bitmap Heap Scan",
          "Parent Relationship": "Outer",
          "Parallel Aware": false,
          "Relation Name": "movie_companies",
          "Alias": "mc",
          "Startup Cost": 1773.73,
          "Total Cost": 21585.18,
          "Plan Rows": 81716,
          "Plan Width": 0,
          "Actual Startup Time": 6.62,
          "Actual Total Time": 30.589,
          "Actual Rows": 82567,
          "Actual Loops": 1,
          "Recheck Cond": "(company_id < 16)",
          "Rows Removed by Index Recheck": 0,
          "Exact Heap Blocks": 7612,
          "Lossy Heap Blocks": 0,
          "Plans": [
            {
              "Node Type": "Bitmap Index Scan",
              "Parent Relationship": "Outer",
              "Parallel Aware": false,
              "Index Name": "company_id_movie_companies",
              "Startup Cost": 0.0,
              "Total Cost": 1753.3,
              "Plan Rows": 81716,
              "Plan Width": 0,
              "Actual Startup Time": 5.207,
              "Actual Total Time": 5.208,
              "Actual Rows": 82567,
              "Actual Loops": 1,
              "Index Cond": "(company_id < 16)"
            }
          ]
        }
      ]
    },
    "Planning Time": 0.265,
    "Triggers": [],
    "Execution Time": 35.972
  }
]