[
  {
    "Plan": {
      "Node Type": "Aggregate",
      "Strategy": "Plain",
      "Partial Mode": "Finalize",
      "Parallel Aware": false,
      "Startup Cost": 101815.49,
      "Total Cost": 101815.5,
      "Plan Rows": 1,
      "Plan Width": 8,
      "Actual Startup Time": 601.972,
      "Actual Total Time": 622.002,
      "Actual Rows": 1,
      "Actual Loops": 1,
      "Plans": [
        {
          "Node Type": "Gather",
          "Parent Relationship": "Outer",
          "Parallel Aware": false,
          "Startup Cost": 101815.28,
          "Total Cost": 101815.49,
          "Plan Rows": 2,
          "Plan Width": 8,
          "Actual Startup Time": 596.484,
          "Actual Total Time": 621.992,
          "Actual Rows": 3,
          "Actual Loops": 1,
          "Workers Planned": 2,
          "Workers Launched": 2,
          "Single Copy": false,
          "Plans": [
            {
              "Node Type": "Aggregate",
              "Strategy": "Plain",
              "Partial Mode": "Partial",
              "Parent Relationship": "Outer",
              "Parallel Aware": false,
              "Startup Cost": 100815.28,
              "Total Cost": 100815.29,
              "Plan Rows": 1,
              "Plan Width": 8,
              "Actual Startup Time": 590.895,
              "Actual Total Time": 590.902,
              "Actual Rows": 1,
              "Actual Loops": 3,
              "Plans": [
                {
                  "Node Type": "Hash Join",
                  "Parent Relationship": "Outer",
                  "Parallel Aware": true,
                  "Join Type": "Inner",
                  "Startup Cost": 84449.14,
                  "Total Cost": 100586.19,
                  "Plan Rows": 91635,
                  "Plan Width": 0,
                  "Actual Startup Time": 536.167,
                  "Actual Total Time": 589.796,
                  "Actual Rows": 21509,
                  "Actual Loops": 3,
                  "Inner Unique": false,
                  "Hash Cond": "(mi_idx.movie_id = t.id)",
                  "Plans": [
                    {
                      "Node Type": "Seq Scan",
                      "Parent Relationship": "Outer",
                      "Parallel Aware": true,
                      "Relation Name": "movie_info_idx",
                      "Alias": "mi_idx",
                      "Startup Cost": 0.0,
                      "Total Cost": 13685.15,
                      "Plan Rows": 575015,
                      "Plan Width": 4,
                      "Actual Startup Time": 0.016,
                      "Actual Total Time": 42.363,
                      "Actual Rows": 460012,
                      "Actual Loops": 3
                    },
                    {
                      "Node Type": "Hash",
                      "Parent Relationship": "Inner",
                      "Parallel Aware": true,
                      "Startup Cost": 82824.41,
                      "Total Cost": 82824.41,
                      "Plan Rows": 129978,
                      "Plan Width": 8,
                      "Actual Startup Time": 496.635,
                      "Actual Total Time": 496.64,
                      "Actual Rows": 20975,
                      "Actual Loops": 3,
                      "Hash Buckets": 524288,
                      "Original Hash Buckets": 524288,
                      "Hash Batches": 1,
                      "Original Hash Batches": 1,
                      "Peak Memory Usage": 6624,
                      "Plans": [
                        {
                          "Node Type": "Hash Join",
                          "Parent Relationship": "Outer",
                          "Parallel Aware": true,
                          "Join Type": "Inner",
                          "Startup Cost": 50913.47,
                          "Total Cost": 82824.41,
                          "Plan Rows": 129978,
                          "Plan Width": 8,
                          "Actual Startup Time": 372.889,
                          "Actual Total Time": 485.303,
                          "Actual Rows": 20975,
                          "Actual Loops": 3,
                          "Inner Unique": true,
                          "Hash Cond": "(mc.movie_id = t.id)",
                          "Plans": [
                            {
                              "Node Type": "Seq Scan",
                              "Parent Relationship": "Outer",
                              "Parallel Aware": true,
                              "Relation Name": "movie_companies",
                              "Alias": "mc",
                              "Startup Cost": 0.0,
                              "Total Cost": 31414.82,
                              "Plan Rows": 188998,
                              "Plan Width": 4,
                              "Actual Startup Time": 12.62,
                              "Actual Total Time": 85.992,
                              "Actual Rows": 103269,
                              "Actual Loops": 3,
                              "Filter": "((company_id > 12496) AND (company_type_id = 1))",
                              "Rows Removed by Filter": 766441
                            },
                            {
                              "Node Type": "Hash",
                              "Parent Relationship": "Inner",
                              "Parallel Aware": true,
                              "Startup Cost": 45479.59,
                              "Total Cost": 45479.59,
                              "Plan Rows": 434711,
                              "Plan Width": 4,
                              "Actual Startup Time": 352.636,
                              "Actual Total Time": 352.637,
                              "Actual Rows": 599968,
                              "Actual Loops": 3,
                              "Hash Buckets": 2097152,
                              "Original Hash Buckets": 2097152,
                              "Hash Batches": 1,
                              "Original Hash Batches": 1,
                              "Peak Memory Usage": 86848,
                              "Plans": [
                                {
                                  "Node Type": "Seq Scan",
                                  "Parent Relationship": "Outer",
                                  "Parallel Aware": true,
                                  "Relation Name": "title",
                                  "Alias": "t",
                                  "Startup Cost": 0.0,
                                  "Total Cost": 45479.59,
                                  "Plan Rows": 434711,
                                  "Plan Width": 4,
                                  "Actual Startup Time": 0.049,
                                  "Actual Total Time": 148.962,
                                  "Actual Rows": 599968,
                                  "Actual Loops": 3,
                                  "Filter": "((kind_id > 1) AND (production_year > 1927))",
                                  "Rows Removed by Filter": 242803
                                }
                              ]
                            }
                          ]
                        }
                      ]
                    }
                  ]
                }
              ]
            }
          ]
        }
      ]
    },
    "Planning Time": 1.719,
    "Triggers": [],
    "Execution Time": 622.092
  }
]