[
  {
    "Plan": {
      "Node Type": "Aggregate",
      "Strategy": "Plain",
      "Partial Mode": "Finalize",
      "Parallel Aware": false,
      "Startup Cost": 371580.58,
      "Total Cost": 371580.59,
      "Plan Rows": 1,
      "Plan Width": 8,
      "Actual Startup Time": 480.303,
      "Actual Total Time": 554.207,
      "Actual Rows": 1,
      "Actual Loops": 1,
      "Plans": [
        {
          "Node Type": "Gather",
          "Parent Relationship": "Outer",
          "Parallel Aware": false,
          "Startup Cost": 371580.16,
          "Total Cost": 371580.57,
          "Plan Rows": 4,
          "Plan Width": 8,
          "Actual Startup Time": 480.017,
          "Actual Total Time": 554.193,
          "Actual Rows": 5,
          "Actual Loops": 1,
          "Workers Planned": 4,
          "Workers Launched": 4,
          "Single Copy": false,
          "Plans": [
            {
              "Node Type": "Aggregate",
              "Strategy": "Plain",
              "Partial Mode": "Partial",
              "Parent Relationship": "Outer",
              "Parallel Aware": false,
              "Startup Cost": 370580.16,
              "Total Cost": 370580.17,
              "Plan Rows": 1,
              "Plan Width": 8,
              "Actual Startup Time": 473.266,
              "Actual Total Time": 473.268,
              "Actual Rows": 1,
              "Actual Loops": 5,
              "Plans": [
                {
                  "Node Type": "Nested Loop",
                  "Parent Relationship": "Outer",
                  "Parallel Aware": false,
                  "Join Type": "Inner",
                  "Startup Cost": 0.56,
                  "Total Cost": 370518.25,
                  "Plan Rows": 24761,
                  "Plan Width": 0,
                  "Actual Startup Time": 0.616,
                  "Actual Total Time": 471.687,
                  "Actual Rows": 21787,
                  "Actual Loops": 5,
                  "Inner Unique": false,
                  "Plans": [
                    {
                      "Node Type": "Seq Scan",
                      "Parent Relationship": "Outer",
                      "Parallel Aware": true,
                      "Relation Name": "title",
                      "Alias": "t",
                      "Startup Cost": 0.0,
                      "Total Cost": 43899.32,
                      "Plan Rows": 16435,
                      "Plan Width": 4,
                      "Actual Startup Time": 0.046,
                      "Actual Total Time": 61.128,
                      "Actual Rows": 12765,
                      "Actual Loops": 5,
                      "Filter": "(production_year = 2013)",
                      "Rows Removed by Filter": 492897
                    },
                    {
                      "Node Type": "Index Scan",
                      "Parent Relationship": "Inner",
                      "Parallel Aware": false,
                      "Scan Direction": "Forward",
                      "Index Name": "movie_id_cast_info",
                      "Relation Name": "cast_info",
                      "Alias": "ci",
                      "Startup Cost": 0.56,
                      "Total Cost": 19.83,
                      "Plan Rows": 4,
                      "Plan Width": 4,
                      "Actual Startup Time": 0.027,
                      "Actual Total Time": 0.032,
                      "Actual Rows": 2,
                      "Actual Loops": 63827,
                      "Index Cond": "(movie_id = t.id)",
                      "Rows Removed by Index Recheck": 0,
                      "Filter": "(person_id > 3368701)",
                      "Rows Removed by Filter": 13
                    }
                  ]
                }
              ]
            }
          ]
        }
      ]
    },
    "Planning Time": 0.257,
    "Triggers": [],
    "Execution Time": 554.262
  }
]