{
  "Plan": {
    "Node Type": "Aggregate",
    "Strategy": "Plain",
    "Partial Mode": "Finalize",
    "Parallel Aware": false,
    "Startup Cost": 610043.75,
    "Total Cost": 610043.76,
    "Plan Rows": 1,
    "Plan Width": 8,
    "Actual Startup Time": 16242.784,
    "Actual Total Time": 16330.233,
    "Actual Rows": 1,
    "Actual Loops": 1,
    "Plans": [
      {
        "Node Type": "Gather",
        "Parent Relationship": "Outer",
        "Parallel Aware": false,
        "Startup Cost": 610043.64,
        "Total Cost": 610043.75,
        "Plan Rows": 1,
        "Plan Width": 8,
        "Actual Startup Time": 16232.88,
        "Actual Total Time": 16330.226,
        "Actual Rows": 2,
        "Actual Loops": 1,
        "Workers Planned": 1,
        "Workers Launched": 1,
        "Single Copy": false,
        "Plans": [
          {
            "Node Type": "Aggregate",
            "Strategy": "Plain",
            "Partial Mode": "Partial",
            "Parent Relationship": "Outer",
            "Parallel Aware": false,
            "Startup Cost": 609043.64,
            "Total Cost": 609043.65,
            "Plan Rows": 1,
            "Plan Width": 8,
            "Actual Startup Time": 16201.114,
            "Actual Total Time": 16201.123,
            "Actual Rows": 1,
            "Actual Loops": 2,
            "Plans": [
              {
                "Node Type": "Hash Join",
                "Parent Relationship": "Outer",
                "Parallel Aware": true,
                "Join Type": "Inner",
                "Startup Cost": 439730.61,
                "Total Cost": 583504.28,
                "Plan Rows": 10215741,
                "Plan Width": 0,
                "Actual Startup Time": 5281.623,
                "Actual Total Time": 12396.705,
                "Actual Rows": 97971474,
                "Actual Loops": 2,
                "Inner Unique": false,
                "Hash Cond": "(mk.movie_id = t.id)",
                "Plans": [
                  {
                    "Node Type": "Seq Scan",
                    "Parent Relationship": "Outer",
                    "Parallel Aware": true,
                    "Relation Name": "movie_keyword",
                    "Alias": "mk",
                    "Startup Cost": 0.0,
                    "Total Cost": 57718.19,
                    "Plan Rows": 2307811,
                    "Plan Width": 4,
                    "Actual Startup Time": 0.042,
                    "Actual Total Time": 202.539,
                    "Actual Rows": 1955896,
                    "Actual Loops": 2,
                    "Filter": "(keyword_id > 460)",
                    "Rows Removed by Filter": 306069
                  },
                  {
                    "Node Type": "Hash",
                    "Parent Relationship": "Inner",
                    "Parallel Aware": true,
                    "Startup Cost": 357438.5,
                    "Total Cost": 357438.5,
                    "Plan Rows": 6583369,
                    "Plan Width": 8,
                    "Actual Startup Time": 5224.969,
                    "Actual Total Time": 5224.977,
                    "Actual Rows": 5605372,
                    "Actual Loops": 2,
                    "Hash Buckets": 16777216,
                    "Original Hash Buckets": 16777216,
                    "Hash Batches": 1,
                    "Original Hash Batches": 1,
                    "Peak Memory Usage": 569664,
                    "Plans": [
                      {
                        "Node Type": "Hash Join",
                        "Parent Relationship": "Outer",
                        "Parallel Aware": true,
                        "Join Type": "Inner",
                        "Startup Cost": 69460.7,
                        "Total Cost": 357438.5,
                        "Plan Rows": 6583369,
                        "Plan Width": 8,
                        "Actual Startup Time": 592.831,
                        "Actual Total Time": 3534.476,
                        "Actual Rows": 5605372,
                        "Actual Loops": 2,
                        "Inner Unique": true,
                        "Hash Cond": "(mi.movie_id = t.id)",
                        "Plans": [
                          {
                            "Node Type": "Seq Scan",
                            "Parent Relationship": "Outer",
                            "Parallel Aware": true,
                            "Relation Name": "movie_info",
                            "Alias": "mi",
                            "Startup Cost": 0.0,
                            "Total Cost": 270696.42,
                            "Plan Rows": 6583369,
                            "Plan Width": 4,
                            "Actual Startup Time": 0.018,
                            "Actual Total Time": 826.813,
                            "Actual Rows": 5605372,
                            "Actual Loops": 2,
                            "Filter": "(info_type_id > 3)",
                            "Rows Removed by Filter": 1812488
                          },
                          {
                            "Node Type": "Hash",
                            "Parent Relationship": "Inner",
                            "Parallel Aware": true,
                            "Startup Cost": 50870.31,
                            "Total Cost": 50870.31,
                            "Plan Rows": 1487231,
                            "Plan Width": 4,
                            "Actual Startup Time": 581.717,
                            "Actual Total Time": 581.718,
                            "Actual Rows": 1264156,
                            "Actual Loops": 2,
                            "Hash Buckets": 4194304,
                            "Original Hash Buckets": 4194304,
                            "Hash Batches": 1,
                            "Original Hash Batches": 1,
                            "Peak Memory Usage": 131712,
                            "Plans": [
                              {
                                "Node Type": "Seq Scan",
                                "Parent Relationship": "Outer",
                                "Parallel Aware": true,
                                "Relation Name": "title",
                                "Alias": "t",
                                "Startup Cost": 0.0,
                                "Total Cost": 50870.31,
                                "Plan Rows": 1487231,
                                "Plan Width": 4,
                                "Actual Startup Time": 0.038,
                                "Actual Total Time": 178.944,
                                "Actual Rows": 1264156,
                                "Actual Loops": 2
                              }
                            ]
                          }
                        ]
                      }
                    ]
                  }
                ]
              }
            ]
          }
        ]
      }
    ]
  },
  "Planning Time": 0.942,
  "Triggers": [],
  "Execution Time": 16330.328
}