[
  {
    "Plan": {
      "Node Type": "Aggregate",
      "Strategy": "Plain",
      "Partial Mode": "Finalize",
      "Parallel Aware": false,
      "Startup Cost": 351844.54,
      "Total Cost": 351844.55,
      "Plan Rows": 1,
      "Plan Width": 8,
      "Actual Startup Time": 884.968,
      "Actual Total Time": 932.529,
      "Actual Rows": 1,
      "Actual Loops": 1,
      "Plans": [
        {
          "Node Type": "Gather",
          "Parent Relationship": "Outer",
          "Parallel Aware": false,
          "Startup Cost": 351843.91,
          "Total Cost": 351844.52,
          "Plan Rows": 6,
          "Plan Width": 8,
          "Actual Startup Time": 884.789,
          "Actual Total Time": 932.517,
          "Actual Rows": 7,
          "Actual Loops": 1,
          "Workers Planned": 6,
          "Workers Launched": 6,
          "Single Copy": false,
          "Plans": [
            {
              "Node Type": "Aggregate",
              "Strategy": "Plain",
              "Partial Mode": "Partial",
              "Parent Relationship": "Outer",
              "Parallel Aware": false,
              "Startup Cost": 350843.91,
              "Total Cost": 350843.92,
              "Plan Rows": 1,
              "Plan Width": 8,
              "Actual Startup Time": 877.56,
              "Actual Total Time": 877.561,
              "Actual Rows": 1,
              "Actual Loops": 7,
              "Plans": [
                {
                  "Node Type": "Seq Scan",
                  "Parent Relationship": "Outer",
                  "Parallel Aware": true,
                  "Relation Name": "cast_info",
                  "Alias": "ci",
                  "Startup Cost": 0.0,
                  "Total Cost": 343316.27,
                  "Plan Rows": 3011056,
                  "Plan Width": 0,
                  "Actual Startup Time": 246.542,
                  "Actual Total Time": 752.956,
                  "Actual Rows": 2173814,
                  "Actual Loops": 7,
                  "Filter": "((person_id < 2847739) AND (role_id > 1))",
                  "Rows Removed by Filter": 3003950
                }
              ]
            }
          ]
        }
      ]
    },
    "Planning Time": 0.121,
    "Triggers": [],
    "Execution Time": 932.579
  }
]