[
  {
    "Plan": {
      "Node Type": "Aggregate",
      "Strategy": "Plain",
      "Partial Mode": "Finalize",
      "Parallel Aware": false,
      "Startup Cost": 45461.08,
      "Total Cost": 45461.09,
      "Plan Rows": 1,
      "Plan Width": 8,
      "Actual Startup Time": 175.124,
      "Actual Total Time": 186.433,
      "Actual Rows": 1,
      "Actual Loops": 1,
      "Plans": [
        {
          "Node Type": "Gather",
          "Parent Relationship": "Outer",
          "Parallel Aware": false,
          "Startup Cost": 45460.76,
          "Total Cost": 45461.07,
          "Plan Rows": 3,
          "Plan Width": 8,
          "Actual Startup Time": 175.023,
          "Actual Total Time": 186.416,
          "Actual Rows": 4,
          "Actual Loops": 1,
          "Workers Planned": 3,
          "Workers Launched": 3,
          "Single Copy": false,
          "Plans": [
            {
              "Node Type": "Aggregate",
              "Strategy": "Plain",
              "Partial Mode": "Partial",
              "Parent Relationship": "Outer",
              "Parallel Aware": false,
              "Startup Cost": 44460.76,
              "Total Cost": 44460.77,
              "Plan Rows": 1,
              "Plan Width": 8,
              "Actual Startup Time": 166.861,
              "Actual Total Time": 166.863,
              "Actual Rows": 1,
              "Actual Loops": 4,
              "Plans": [
                {
                  "Node Type": "Seq Scan",
                  "Parent Relationship": "Outer",
                  "Parallel Aware": true,
                  "Relation Name": "movie_keyword",
                  "Alias": "mk",
                  "Startup Cost": 0.0,
                  "Total Cost": 42695.65,
                  "Plan Rows": 706042,
                  "Plan Width": 0,
                  "Actual Startup Time": 0.042,
                  "Actual Total Time": 134.807,
                  "Actual Rows": 550239,
                  "Actual Loops": 4,
                  "Filter": "(keyword_id < 4412)",
                  "Rows Removed by Filter": 580743
                }
              ]
            }
          ]
        }
      ]
    },
    "Planning Time": 0.199,
    "Triggers": [],
    "Execution Time": 186.485
  }
]