[
  {
    "Plan": {
      "Node Type": "Aggregate",
      "Strategy": "Plain",
      "Partial Mode": "Finalize",
      "Parallel Aware": false,
      "Startup Cost": 341878.4,
      "Total Cost": 341878.41,
      "Plan Rows": 1,
      "Plan Width": 8,
      "Actual Startup Time": 849.786,
      "Actual Total Time": 896.27,
      "Actual Rows": 1,
      "Actual Loops": 1,
      "Plans": [
        {
          "Node Type": "Gather",
          "Parent Relationship": "Outer",
          "Parallel Aware": false,
          "Startup Cost": 341877.77,
          "Total Cost": 341878.38,
          "Plan Rows": 6,
          "Plan Width": 8,
          "Actual Startup Time": 849.488,
          "Actual Total Time": 896.258,
          "Actual Rows": 7,
          "Actual Loops": 1,
          "Workers Planned": 6,
          "Workers Launched": 6,
          "Single Copy": false,
          "Plans": [
            {
              "Node Type": "Aggregate",
              "Strategy": "Plain",
              "Partial Mode": "Partial",
              "Parent Relationship": "Outer",
              "Parallel Aware": false,
              "Startup Cost": 340877.77,
              "Total Cost": 340877.78,
              "Plan Rows": 1,
              "Plan Width": 8,
              "Actual Startup Time": 842.157,
              "Actual Total Time": 842.158,
              "Actual Rows": 1,
              "Actual Loops": 7,
              "Plans": [
                {
                  "Node Type": "Seq Scan",
                  "Parent Relationship": "Outer",
                  "Parallel Aware": true,
                  "Relation Name": "cast_info",
                  "Alias": "ci",
                  "Startup Cost": 0.0,
                  "Total Cost": 328211.39,
                  "Plan Rows": 5066552,
                  "Plan Width": 0,
                  "Actual Startup Time": 0.053,
                  "Actual Total Time": 634.578,
                  "Actual Rows": 4353191,
                  "Actual Loops": 7,
                  "Filter": "(person_id < 3068551)",
                  "Rows Removed by Filter": 824573
                }
              ]
            }
          ]
        }
      ]
    },
    "Planning Time": 0.094,
    "Triggers": [],
    "Execution Time": 896.31
  }
]