[
  {
    "Plan": {
      "Node Type": "Aggregate",
      "Strategy": "Plain",
      "Partial Mode": "Finalize",
      "Parallel Aware": false,
      "Startup Cost": 44730.26,
      "Total Cost": 44730.27,
      "Plan Rows": 1,
      "Plan Width": 8,
      "Actual Startup Time": 139.902,
      "Actual Total Time": 150.438,
      "Actual Rows": 1,
      "Actual Loops": 1,
      "Plans": [
        {
          "Node Type": "Gather",
          "Parent Relationship": "Outer",
          "Parallel Aware": false,
          "Startup Cost": 44729.94,
          "Total Cost": 44730.25,
          "Plan Rows": 3,
          "Plan Width": 8,
          "Actual Startup Time": 139.781,
          "Actual Total Time": 150.429,
          "Actual Rows": 4,
          "Actual Loops": 1,
          "Workers Planned": 3,
          "Workers Launched": 3,
          "Single Copy": false,
          "Plans": [
            {
              "Node Type": "Aggregate",
              "Strategy": "Plain",
              "Partial Mode": "Partial",
              "Parent Relationship": "Outer",
              "Parallel Aware": false,
              "Startup Cost": 43729.94,
              "Total Cost": 43729.95,
              "Plan Rows": 1,
              "Plan Width": 8,
              "Actual Startup Time": 134.486,
              "Actual Total Time": 134.488,
              "Actual Rows": 1,
              "Actual Loops": 4,
              "Plans": [
                {
                  "Node Type": "Seq Scan",
                  "Parent Relationship": "Outer",
                  "Parallel Aware": true,
                  "Relation Name": "movie_keyword",
                  "Alias": "mk",
                  "Startup Cost": 0.0,
                  "Total Cost": 42695.65,
                  "Plan Rows": 413715,
                  "Plan Width": 0,
                  "Actual Startup Time": 1.373,
                  "Actual Total Time": 116.748,
                  "Actual Rows": 322564,
                  "Actual Loops": 4,
                  "Filter": "(keyword_id > 13699)",
                  "Rows Removed by Filter": 808418
                }
              ]
            }
          ]
        }
      ]
    },
    "Planning Time": 0.114,
    "Triggers": [],
    "Execution Time": 150.481
  }
]