{
  "Plan": {
    "Node Type": "Aggregate",
    "Strategy": "Plain",
    "Partial Mode": "Finalize",
    "Parallel Aware": false,
    "Startup Cost": 101775.62,
    "Total Cost": 101775.63,
    "Plan Rows": 1,
    "Plan Width": 8,
    "Actual Startup Time": 333.225,
    "Actual Total Time": 345.45,
    "Actual Rows": 1,
    "Actual Loops": 1,
    "Plans": [
      {
        "Node Type": "Gather",
        "Parent Relationship": "Outer",
        "Parallel Aware": false,
        "Startup Cost": 101775.51,
        "Total Cost": 101775.62,
        "Plan Rows": 1,
        "Plan Width": 8,
        "Actual Startup Time": 333.094,
        "Actual Total Time": 345.444,
        "Actual Rows": 2,
        "Actual Loops": 1,
        "Workers Planned": 1,
        "Workers Launched": 1,
        "Single Copy": false,
        "Plans": [
          {
            "Node Type": "Aggregate",
            "Strategy": "Plain",
            "Partial Mode": "Partial",
            "Parent Relationship": "Outer",
            "Parallel Aware": false,
            "Startup Cost": 100775.51,
            "Total Cost": 100775.52,
            "Plan Rows": 1,
            "Plan Width": 8,
            "Actual Startup Time": 327.668,
            "Actual Total Time": 327.671,
            "Actual Rows": 1,
            "Actual Loops": 2,
            "Plans": [
              {
                "Node Type": "Hash Join",
                "Parent Relationship": "Outer",
                "Parallel Aware": true,
                "Join Type": "Inner",
                "Startup Cost": 59081.64,
                "Total Cost": 100633.46,
                "Plan Rows": 56820,
                "Plan Width": 0,
                "Actual Startup Time": 132.496,
                "Actual Total Time": 327.62,
                "Actual Rows": 694,
                "Actual Loops": 2,
                "Inner Unique": true,
                "Hash Cond": "(mc.movie_id = t.id)",
                "Plans": [
                  {
                    "Node Type": "Seq Scan",
                    "Parent Relationship": "Outer",
                    "Parallel Aware": true,
                    "Relation Name": "movie_companies",
                    "Alias": "mc",
                    "Startup Cost": 0.0,
                    "Total Cost": 37974.77,
                    "Plan Rows": 1362679,
                    "Plan Width": 4,
                    "Actual Startup Time": 0.013,
                    "Actual Total Time": 122.974,
                    "Actual Rows": 1159560,
                    "Actual Loops": 2,
                    "Filter": "(company_id < 94953)",
                    "Rows Removed by Filter": 145004
                  },
                  {
                    "Node Type": "Hash",
                    "Parent Relationship": "Inner",
                    "Parallel Aware": true,
                    "Startup Cost": 58306.47,
                    "Total Cost": 58306.47,
                    "Plan Rows": 62014,
                    "Plan Width": 4,
                    "Actual Startup Time": 129.453,
                    "Actual Total Time": 129.454,
                    "Actual Rows": 986,
                    "Actual Loops": 2,
                    "Hash Buckets": 131072,
                    "Original Hash Buckets": 131072,
                    "Hash Batches": 1,
                    "Original Hash Batches": 1,
                    "Peak Memory Usage": 1152,
                    "Plans": [
                      {
                        "Node Type": "Seq Scan",
                        "Parent Relationship": "Outer",
                        "Parallel Aware": true,
                        "Relation Name": "title",
                        "Alias": "t",
                        "Startup Cost": 0.0,
                        "Total Cost": 58306.47,
                        "Plan Rows": 62014,
                        "Plan Width": 4,
                        "Actual Startup Time": 1.006,
                        "Actual Total Time": 128.779,
                        "Actual Rows": 986,
                        "Actual Loops": 2,
                        "Filter": "((kind_id > 3) AND (production_year < 1950))",
                        "Rows Removed by Filter": 1263170
                      }
                    ]
                  }
                ]
              }
            ]
          }
        ]
      }
    ]
  },
  "Planning Time": 0.285,
  "Triggers": [],
  "Execution Time": 345.495
}