[
  {
    "Plan": {
      "Node Type": "Aggregate",
      "Strategy": "Plain",
      "Partial Mode": "Finalize",
      "Parallel Aware": false,
      "Startup Cost": 107015.24,
      "Total Cost": 107015.25,
      "Plan Rows": 1,
      "Plan Width": 8,
      "Actual Startup Time": 469.843,
      "Actual Total Time": 491.562,
      "Actual Rows": 1,
      "Actual Loops": 1,
      "Plans": [
        {
          "Node Type": "Gather",
          "Parent Relationship": "Outer",
          "Parallel Aware": false,
          "Startup Cost": 107015.02,
          "Total Cost": 107015.23,
          "Plan Rows": 2,
          "Plan Width": 8,
          "Actual Startup Time": 468.075,
          "Actual Total Time": 491.552,
          "Actual Rows": 3,
          "Actual Loops": 1,
          "Workers Planned": 2,
          "Workers Launched": 2,
          "Single Copy": false,
          "Plans": [
            {
              "Node Type": "Aggregate",
              "Strategy": "Plain",
              "Partial Mode": "Partial",
              "Parent Relationship": "Outer",
              "Parallel Aware": false,
              "Startup Cost": 106015.02,
              "Total Cost": 106015.03,
              "Plan Rows": 1,
              "Plan Width": 8,
              "Actual Startup Time": 464.588,
              "Actual Total Time": 464.69,
              "Actual Rows": 1,
              "Actual Loops": 3,
              "Plans": [
                {
                  "Node Type": "Hash Join",
                  "Parent Relationship": "Outer",
                  "Parallel Aware": true,
                  "Join Type": "Inner",
                  "Startup Cost": 89988.69,
                  "Total Cost": 105934.3,
                  "Plan Rows": 32289,
                  "Plan Width": 0,
                  "Actual Startup Time": 369.545,
                  "Actual Total Time": 460.438,
                  "Actual Rows": 84965,
                  "Actual Loops": 3,
                  "Inner Unique": false,
                  "Hash Cond": "(mi_idx.movie_id = t.id)",
                  "Plans": [
                    {
                      "Node Type": "Seq Scan",
                      "Parent Relationship": "Outer",
                      "Parallel Aware": true,
                      "Relation Name": "movie_info_idx",
                      "Alias": "mi_idx",
                      "Startup Cost": 0.0,
                      "Total Cost": 13685.15,
                      "Plan Rows": 575015,
                      "Plan Width": 4,
                      "Actual Startup Time": 0.017,
                      "Actual Total Time": 40.958,
                      "Actual Rows": 460012,
                      "Actual Loops": 3
                    },
                    {
                      "Node Type": "Hash",
                      "Parent Relationship": "Inner",
                      "Parallel Aware": true,
                      "Startup Cost": 89416.2,
                      "Total Cost": 89416.2,
                      "Plan Rows": 45799,
                      "Plan Width": 8,
                      "Actual Startup Time": 367.971,
                      "Actual Total Time": 368.071,
                      "Actual Rows": 42070,
                      "Actual Loops": 3,
                      "Hash Buckets": 262144,
                      "Original Hash Buckets": 262144,
                      "Hash Batches": 1,
                      "Original Hash Batches": 1,
                      "Peak Memory Usage": 7040,
                      "Plans": [
                        {
                          "Node Type": "Hash Join",
                          "Parent Relationship": "Outer",
                          "Parallel Aware": true,
                          "Join Type": "Inner",
                          "Startup Cost": 44290.17,
                          "Total Cost": 89416.2,
                          "Plan Rows": 45799,
                          "Plan Width": 8,
                          "Actual Startup Time": 123.612,
                          "Actual Total Time": 357.779,
                          "Actual Rows": 42070,
                          "Actual Loops": 3,
                          "Inner Unique": true,
                          "Hash Cond": "(mk.movie_id = t.id)",
                          "Plans": [
                            {
                              "Node Type": "Seq Scan",
                              "Parent Relationship": "Outer",
                              "Parallel Aware": true,
                              "Relation Name": "movie_keyword",
                              "Alias": "mk",
                              "Startup Cost": 0.0,
                              "Total Cost": 42695.65,
                              "Plan Rows": 925858,
                              "Plan Width": 4,
                              "Actual Startup Time": 0.034,
                              "Actual Total Time": 149.298,
                              "Actual Rows": 961244,
                              "Actual Loops": 3,
                              "Filter": "(keyword_id < 9023)",
                              "Rows Removed by Filter": 546732
                            },
                            {
                              "Node Type": "Hash",
                              "Parent Relationship": "Inner",
                              "Parallel Aware": true,
                              "Startup Cost": 43899.32,
                              "Total Cost": 43899.32,
                              "Plan Rows": 31268,
                              "Plan Width": 4,
                              "Actual Startup Time": 122.957,
                              "Actual Total Time": 122.958,
                              "Actual Rows": 40954,
                              "Actual Loops": 3,
                              "Hash Buckets": 131072,
                              "Original Hash Buckets": 131072,
                              "Hash Batches": 1,
                              "Original Hash Batches": 1,
                              "Peak Memory Usage": 5888,
                              "Plans": [
                                {
                                  "Node Type": "Seq Scan",
                                  "Parent Relationship": "Outer",
                                  "Parallel Aware": true,
                                  "Relation Name": "title",
                                  "Alias": "t",
                                  "Startup Cost": 0.0,
                                  "Total Cost": 43899.32,
                                  "Plan Rows": 31268,
                                  "Plan Width": 4,
                                  "Actual Startup Time": 0.02,
                                  "Actual Total Time": 108.886,
                                  "Actual Rows": 40954,
                                  "Actual Loops": 3,
                                  "Filter": "(production_year = 2008)",
                                  "Rows Removed by Filter": 801817
                                }
                              ]
                            }
                          ]
                        }
                      ]
                    }
                  ]
                }
              ]
            }
          ]
        }
      ]
    },
    "Planning Time": 0.602,
    "Triggers": [],
    "Execution Time": 491.609
  }
]