[
  {
    "Plan": {
      "Node Type": "Aggregate",
      "Strategy": "Plain",
      "Partial Mode": "Finalize",
      "Parallel Aware": false,
      "Startup Cost": 32650.24,
      "Total Cost": 32650.25,
      "Plan Rows": 1,
      "Plan Width": 8,
      "Actual Startup Time": 81.654,
      "Actual Total Time": 86.944,
      "Actual Rows": 1,
      "Actual Loops": 1,
      "Plans": [
        {
          "Node Type": "Gather",
          "Parent Relationship": "Outer",
          "Parallel Aware": false,
          "Startup Cost": 32649.92,
          "Total Cost": 32650.23,
          "Plan Rows": 3,
          "Plan Width": 8,
          "Actual Startup Time": 81.553,
          "Actual Total Time": 86.937,
          "Actual Rows": 4,
          "Actual Loops": 1,
          "Workers Planned": 3,
          "Workers Launched": 3,
          "Single Copy": false,
          "Plans": [
            {
              "Node Type": "Aggregate",
              "Strategy": "Plain",
              "Partial Mode": "Partial",
              "Parent Relationship": "Outer",
              "Parallel Aware": false,
              "Startup Cost": 31649.92,
              "Total Cost": 31649.93,
              "Plan Rows": 1,
              "Plan Width": 8,
              "Actual Startup Time": 76.426,
              "Actual Total Time": 76.427,
              "Actual Rows": 1,
              "Actual Loops": 4,
              "Plans": [
                {
                  "Node Type": "Seq Scan",
                  "Parent Relationship": "Outer",
                  "Parallel Aware": true,
                  "Relation Name": "movie_companies",
                  "Alias": "mc",
                  "Startup Cost": 0.0,
                  "Total Cost": 31414.82,
                  "Plan Rows": 94042,
                  "Plan Width": 0,
                  "Actual Startup Time": 38.532,
                  "Actual Total Time": 70.358,
                  "Actual Rows": 147647,
                  "Actual Loops": 4,
                  "Filter": "((company_id > 70096) AND (company_type_id = 2))",
                  "Rows Removed by Filter": 504635
                }
              ]
            }
          ]
        }
      ]
    },
    "Planning Time": 0.216,
    "Triggers": [],
    "Execution Time": 86.993
  }
]