[
  {
    "Plan": {
      "Node Type": "Aggregate",
      "Strategy": "Plain",
      "Partial Mode": "Finalize",
      "Parallel Aware": false,
      "Startup Cost": 112998.66,
      "Total Cost": 112998.67,
      "Plan Rows": 1,
      "Plan Width": 8,
      "Actual Startup Time": 536.141,
      "Actual Total Time": 559.366,
      "Actual Rows": 1,
      "Actual Loops": 1,
      "Plans": [
        {
          "Node Type": "Gather",
          "Parent Relationship": "Outer",
          "Parallel Aware": false,
          "Startup Cost": 112998.34,
          "Total Cost": 112998.65,
          "Plan Rows": 3,
          "Plan Width": 8,
          "Actual Startup Time": 533.589,
          "Actual Total Time": 559.358,
          "Actual Rows": 4,
          "Actual Loops": 1,
          "Workers Planned": 3,
          "Workers Launched": 3,
          "Single Copy": false,
          "Plans": [
            {
              "Node Type": "Aggregate",
              "Strategy": "Plain",
              "Partial Mode": "Partial",
              "Parent Relationship": "Outer",
              "Parallel Aware": false,
              "Startup Cost": 111998.34,
              "Total Cost": 111998.35,
              "Plan Rows": 1,
              "Plan Width": 8,
              "Actual Startup Time": 528.573,
              "Actual Total Time": 528.675,
              "Actual Rows": 1,
              "Actual Loops": 4,
              "Plans": [
                {
                  "Node Type": "Hash Join",
                  "Parent Relationship": "Outer",
                  "Parallel Aware": true,
                  "Join Type": "Inner",
                  "Startup Cost": 63258.05,
                  "Total Cost": 111675.36,
                  "Plan Rows": 129192,
                  "Plan Width": 0,
                  "Actual Startup Time": 247.235,
                  "Actual Total Time": 502.695,
                  "Actual Rows": 578109,
                  "Actual Loops": 4,
                  "Inner Unique": false,
                  "Hash Cond": "(mk.movie_id = t.id)",
                  "Plans": [
                    {
                      "Node Type": "Seq Scan",
                      "Parent Relationship": "Outer",
                      "Parallel Aware": true,
                      "Relation Name": "movie_keyword",
                      "Alias": "mk",
                      "Startup Cost": 0.0,
                      "Total Cost": 42695.65,
                      "Plan Rows": 1382230,
                      "Plan Width": 4,
                      "Actual Startup Time": 0.045,
                      "Actual Total Time": 123.149,
                      "Actual Rows": 1072328,
                      "Actual Loops": 4,
                      "Filter": "(keyword_id > 186)",
                      "Rows Removed by Filter": 58655
                    },
                    {
                      "Node Type": "Hash",
                      "Parent Relationship": "Inner",
                      "Parallel Aware": true,
                      "Startup Cost": 62027.2,
                      "Total Cost": 62027.2,
                      "Plan Rows": 98468,
                      "Plan Width": 8,
                      "Actual Startup Time": 245.928,
                      "Actual Total Time": 246.028,
                      "Actual Rows": 78692,
                      "Actual Loops": 4,
                      "Hash Buckets": 524288,
                      "Original Hash Buckets": 262144,
                      "Hash Batches": 1,
                      "Original Hash Batches": 1,
                      "Peak Memory Usage": 18528,
                      "Plans": [
                        {
                          "Node Type": "Hash Join",
                          "Parent Relationship": "Outer",
                          "Parallel Aware": true,
                          "Join Type": "Inner",
                          "Startup Cost": 46832.64,
                          "Total Cost": 62027.2,
                          "Plan Rows": 98468,
                          "Plan Width": 8,
                          "Actual Startup Time": 127.927,
                          "Actual Total Time": 218.031,
                          "Actual Rows": 78692,
                          "Actual Loops": 4,
                          "Inner Unique": true,
                          "Hash Cond": "(mi_idx.movie_id = t.id)",
                          "Plans": [
                            {
                              "Node Type": "Seq Scan",
                              "Parent Relationship": "Outer",
                              "Parallel Aware": true,
                              "Relation Name": "movie_info_idx",
                              "Alias": "mi_idx",
                              "Startup Cost": 0.0,
                              "Total Cost": 13685.15,
                              "Plan Rows": 575015,
                              "Plan Width": 4,
                              "Actual Startup Time": 0.013,
                              "Actual Total Time": 33.436,
                              "Actual Rows": 345009,
                              "Actual Loops": 4
                            },
                            {
                              "Node Type": "Hash",
                              "Parent Relationship": "Inner",
                              "Parallel Aware": true,
                              "Startup Cost": 45479.59,
                              "Total Cost": 45479.59,
                              "Plan Rows": 108244,
                              "Plan Width": 4,
                              "Actual Startup Time": 126.622,
                              "Actual Total Time": 126.623,
                              "Actual Rows": 92062,
                              "Actual Loops": 4,
                              "Hash Buckets": 524288,
                              "Original Hash Buckets": 524288,
                              "Hash Batches": 1,
                              "Original Hash Batches": 1,
                              "Peak Memory Usage": 18560,
                              "Plans": [
                                {
                                  "Node Type": "Seq Scan",
                                  "Parent Relationship": "Outer",
                                  "Parallel Aware": true,
                                  "Relation Name": "title",
                                  "Alias": "t",
                                  "Startup Cost": 0.0,
                                  "Total Cost": 45479.59,
                                  "Plan Rows": 108244,
                                  "Plan Width": 4,
                                  "Actual Startup Time": 0.035,
                                  "Actual Total Time": 94.037,
                                  "Actual Rows": 92062,
                                  "Actual Loops": 4,
                                  "Filter": "((kind_id < 7) AND (production_year > 2004))",
                                  "Rows Removed by Filter": 540016
                                }
                              ]
                            }
                          ]
                        }
                      ]
                    }
                  ]
                }
              ]
            }
          ]
        }
      ]
    },
    "Planning Time": 0.498,
    "Triggers": [],
    "Execution Time": 559.411
  }
]