[
  {
    "Plan": {
      "Node Type": "Aggregate",
      "Strategy": "Plain",
      "Partial Mode": "Finalize",
      "Parallel Aware": false,
      "Startup Cost": 342449.96,
      "Total Cost": 342449.97,
      "Plan Rows": 1,
      "Plan Width": 8,
      "Actual Startup Time": 896.54,
      "Actual Total Time": 940.972,
      "Actual Rows": 1,
      "Actual Loops": 1,
      "Plans": [
        {
          "Node Type": "Gather",
          "Parent Relationship": "Outer",
          "Parallel Aware": false,
          "Startup Cost": 342449.33,
          "Total Cost": 342449.94,
          "Plan Rows": 6,
          "Plan Width": 8,
          "Actual Startup Time": 896.305,
          "Actual Total Time": 940.954,
          "Actual Rows": 7,
          "Actual Loops": 1,
          "Workers Planned": 6,
          "Workers Launched": 6,
          "Single Copy": false,
          "Plans": [
            {
              "Node Type": "Aggregate",
              "Strategy": "Plain",
              "Partial Mode": "Partial",
              "Parent Relationship": "Outer",
              "Parallel Aware": false,
              "Startup Cost": 341449.33,
              "Total Cost": 341449.34,
              "Plan Rows": 1,
              "Plan Width": 8,
              "Actual Startup Time": 889.065,
              "Actual Total Time": 889.067,
              "Actual Rows": 1,
              "Actual Loops": 7,
              "Plans": [
                {
                  "Node Type": "Seq Scan",
                  "Parent Relationship": "Outer",
                  "Parallel Aware": true,
                  "Relation Name": "cast_info",
                  "Alias": "ci",
                  "Startup Cost": 0.0,
                  "Total Cost": 328211.39,
                  "Plan Rows": 5295176,
                  "Plan Width": 0,
                  "Actual Startup Time": 60.432,
                  "Actual Total Time": 661.768,
                  "Actual Rows": 4513395,
                  "Actual Loops": 7,
                  "Filter": "(person_id > 449937)",
                  "Rows Removed by Filter": 664368
                }
              ]
            }
          ]
        }
      ]
    },
    "Planning Time": 0.077,
    "Triggers": [],
    "Execution Time": 941.009
  }
]