{
    "Plan": {
        "Node Type": "Aggregate",
        "Strategy": "Plain",
        "Partial Mode": "Finalize",
        "Parallel Aware": false,
        "Startup Cost": 645259.55,
        "Total Cost": 645259.56,
        "Plan Rows": 1,
        "Plan Width": 8,
        "Actual Startup Time": 6210.496,
        "Actual Total Time": 6290.154,
        "Actual Rows": 1,
        "Actual Loops": 1,
        "Output": [
            "count(*)"
        ],
        "Plans": [
            {
                "Node Type": "Gather",
                "Parent Relationship": "Outer",
                "Parallel Aware": false,
                "Startup Cost": 645258.93,
                "Total Cost": 645259.54,
                "Plan Rows": 6,
                "Plan Width": 8,
                "Actual Startup Time": 6161.632,
                "Actual Total Time": 6290.135,
                "Actual Rows": 7,
                "Actual Loops": 1,
                "Output": [
                    "(PARTIAL count(*))"
                ],
                "Workers Planned": 6,
                "Workers Launched": 6,
                "Single Copy": false,
                "Plans": [
                    {
                        "Node Type": "Aggregate",
                        "Strategy": "Plain",
                        "Partial Mode": "Partial",
                        "Parent Relationship": "Outer",
                        "Parallel Aware": false,
                        "Startup Cost": 644258.93,
                        "Total Cost": 644258.94,
                        "Plan Rows": 1,
                        "Plan Width": 8,
                        "Actual Startup Time": 6132.169,
                        "Actual Total Time": 6133.346,
                        "Actual Rows": 1,
                        "Actual Loops": 7,
                        "Output": [
                            "PARTIAL count(*)"
                        ],
                        "Workers": [
                            {
                                "Worker Number": 0,
                                "Actual Startup Time": 6125.946,
                                "Actual Total Time": 6125.951,
                                "Actual Rows": 1,
                                "Actual Loops": 1
                            },
                            {
                                "Worker Number": 1,
                                "Actual Startup Time": 6125.864,
                                "Actual Total Time": 6125.869,
                                "Actual Rows": 1,
                                "Actual Loops": 1
                            },
                            {
                                "Worker Number": 2,
                                "Actual Startup Time": 6125.93,
                                "Actual Total Time": 6125.935,
                                "Actual Rows": 1,
                                "Actual Loops": 1
                            },
                            {
                                "Worker Number": 3,
                                "Actual Startup Time": 6134.66,
                                "Actual Total Time": 6134.666,
                                "Actual Rows": 1,
                                "Actual Loops": 1
                            },
                            {
                                "Worker Number": 4,
                                "Actual Startup Time": 6126.049,
                                "Actual Total Time": 6126.054,
                                "Actual Rows": 1,
                                "Actual Loops": 1
                            },
                            {
                                "Worker Number": 5,
                                "Actual Startup Time": 6126.121,
                                "Actual Total Time": 6126.126,
                                "Actual Rows": 1,
                                "Actual Loops": 1
                            }
                        ],
                        "Plans": [
                            {
                                "Node Type": "Hash Join",
                                "Parent Relationship": "Outer",
                                "Parallel Aware": true,
                                "Join Type": "Inner",
                                "Startup Cost": 264921.64,
                                "Total Cost": 624012.92,
                                "Plan Rows": 8098402,
                                "Plan Width": 0,
                                "Actual Startup Time": 1364.787,
                                "Actual Total Time": 5297.129,
                                "Actual Rows": 19545581,
                                "Actual Loops": 7,
                                "Inner Unique": false,
                                "Hash Cond": "(ci.movie_id = t.id)",
                                "Workers": [
                                    {
                                        "Worker Number": 0,
                                        "Actual Startup Time": 1359.733,
                                        "Actual Total Time": 5312.0,
                                        "Actual Rows": 21193250,
                                        "Actual Loops": 1
                                    },
                                    {
                                        "Worker Number": 1,
                                        "Actual Startup Time": 1359.686,
                                        "Actual Total Time": 5331.008,
                                        "Actual Rows": 20828889,
                                        "Actual Loops": 1
                                    },
                                    {
                                        "Worker Number": 2,
                                        "Actual Startup Time": 1359.809,
                                        "Actual Total Time": 5335.224,
                                        "Actual Rows": 20702667,
                                        "Actual Loops": 1
                                    },
                                    {
                                        "Worker Number": 3,
                                        "Actual Startup Time": 1359.936,
                                        "Actual Total Time": 5228.272,
                                        "Actual Rows": 15710790,
                                        "Actual Loops": 1
                                    },
                                    {
                                        "Worker Number": 4,
                                        "Actual Startup Time": 1359.934,
                                        "Actual Total Time": 5313.518,
                                        "Actual Rows": 21157315,
                                        "Actual Loops": 1
                                    },
                                    {
                                        "Worker Number": 5,
                                        "Actual Startup Time": 1359.925,
                                        "Actual Total Time": 5228.328,
                                        "Actual Rows": 16078559,
                                        "Actual Loops": 1
                                    }
                                ],
                                "Plans": [
                                    {
                                        "Node Type": "Seq Scan",
                                        "Parent Relationship": "Outer",
                                        "Parallel Aware": true,
                                        "Relation Name": "cast_info",
                                        "Schema": "public",
                                        "Alias": "ci",
                                        "Startup Cost": 0.0,
                                        "Total Cost": 328213.62,
                                        "Plan Rows": 3914897,
                                        "Plan Width": 4,
                                        "Actual Startup Time": 201.004,
                                        "Actual Total Time": 712.56,
                                        "Actual Rows": 3367665,
                                        "Actual Loops": 7,
                                        "Output": [
                                            "ci.id",
                                            "ci.person_id",
                                            "ci.movie_id",
                                            "ci.person_role_id",
                                            "ci.note",
                                            "ci.nr_order",
                                            "ci.role_id"
                                        ],
                                        "Filter": "(ci.role_id > 1)",
                                        "Rows Removed by Filter": 1810098,
                                        "Workers": [
                                            {
                                                "Worker Number": 0,
                                                "Actual Startup Time": 201.02,
                                                "Actual Total Time": 714.921,
                                                "Actual Rows": 3682599,
                                                "Actual Loops": 1
                                            },
                                            {
                                                "Worker Number": 1,
                                                "Actual Startup Time": 201.051,
                                                "Actual Total Time": 724.556,
                                                "Actual Rows": 3528973,
                                                "Actual Loops": 1
                                            },
                                            {
                                                "Worker Number": 2,
                                                "Actual Startup Time": 201.016,
                                                "Actual Total Time": 720.807,
                                                "Actual Rows": 3496817,
                                                "Actual Loops": 1
                                            },
                                            {
                                                "Worker Number": 3,
                                                "Actual Startup Time": 200.988,
                                                "Actual Total Time": 741.304,
                                                "Actual Rows": 2815368,
                                                "Actual Loops": 1
                                            },
                                            {
                                                "Worker Number": 4,
                                                "Actual Startup Time": 201.014,
                                                "Actual Total Time": 711.595,
                                                "Actual Rows": 3640139,
                                                "Actual Loops": 1
                                            },
                                            {
                                                "Worker Number": 5,
                                                "Actual Startup Time": 200.944,
                                                "Actual Total Time": 736.139,
                                                "Actual Rows": 2817689,
                                                "Actual Loops": 1
                                            }
                                        ]
                                    },
                                    {
                                        "Node Type": "Hash",
                                        "Parent Relationship": "Inner",
                                        "Parallel Aware": true,
                                        "Startup Cost": 251846.35,
                                        "Total Cost": 251846.35,
                                        "Plan Rows": 1046023,
                                        "Plan Width": 8,
                                        "Actual Startup Time": 1153.983,
                                        "Actual Total Time": 1155.157,
                                        "Actual Rows": 752938,
                                        "Actual Loops": 7,
                                        "Output": [
                                            "t.id",
                                            "mi.movie_id"
                                        ],
                                        "Hash Buckets": 8388608,
                                        "Original Hash Buckets": 8388608,
                                        "Hash Batches": 1,
                                        "Original Hash Batches": 1,
                                        "Peak Memory Usage": 271840,
                                        "Workers": [
                                            {
                                                "Worker Number": 0,
                                                "Actual Startup Time": 1158.004,
                                                "Actual Total Time": 1158.008,
                                                "Actual Rows": 785448,
                                                "Actual Loops": 1
                                            },
                                            {
                                                "Worker Number": 1,
                                                "Actual Startup Time": 1158.041,
                                                "Actual Total Time": 1158.045,
                                                "Actual Rows": 745690,
                                                "Actual Loops": 1
                                            },
                                            {
                                                "Worker Number": 2,
                                                "Actual Startup Time": 1158.166,
                                                "Actual Total Time": 1158.169,
                                                "Actual Rows": 741230,
                                                "Actual Loops": 1
                                            },
                                            {
                                                "Worker Number": 3,
                                                "Actual Startup Time": 1158.291,
                                                "Actual Total Time": 1158.295,
                                                "Actual Rows": 587358,
                                                "Actual Loops": 1
                                            },
                                            {
                                                "Worker Number": 4,
                                                "Actual Startup Time": 1158.202,
                                                "Actual Total Time": 1158.206,
                                                "Actual Rows": 820350,
                                                "Actual Loops": 1
                                            },
                                            {
                                                "Worker Number": 5,
                                                "Actual Startup Time": 1158.123,
                                                "Actual Total Time": 1158.127,
                                                "Actual Rows": 771101,
                                                "Actual Loops": 1
                                            }
                                        ],
                                        "Plans": [
                                            {
                                                "Node Type": "Hash Join",
                                                "Parent Relationship": "Outer",
                                                "Parallel Aware": true,
                                                "Join Type": "Inner",
                                                "Startup Cost": 50219.81,
                                                "Total Cost": 251846.35,
                                                "Plan Rows": 1046023,
                                                "Plan Width": 8,
                                                "Actual Startup Time": 259.078,
                                                "Actual Total Time": 832.153,
                                                "Actual Rows": 752938,
                                                "Actual Loops": 7,
                                                "Output": [
                                                    "t.id",
                                                    "mi.movie_id"
                                                ],
                                                "Inner Unique": true,
                                                "Hash Cond": "(mi.movie_id = t.id)",
                                                "Workers": [
                                                    {
                                                        "Worker Number": 0,
                                                        "Actual Startup Time": 259.084,
                                                        "Actual Total Time": 831.069,
                                                        "Actual Rows": 785448,
                                                        "Actual Loops": 1
                                                    },
                                                    {
                                                        "Worker Number": 1,
                                                        "Actual Startup Time": 259.049,
                                                        "Actual Total Time": 834.725,
                                                        "Actual Rows": 745690,
                                                        "Actual Loops": 1
                                                    },
                                                    {
                                                        "Worker Number": 2,
                                                        "Actual Startup Time": 259.053,
                                                        "Actual Total Time": 834.464,
                                                        "Actual Rows": 741230,
                                                        "Actual Loops": 1
                                                    },
                                                    {
                                                        "Worker Number": 3,
                                                        "Actual Startup Time": 259.045,
                                                        "Actual Total Time": 832.739,
                                                        "Actual Rows": 587358,
                                                        "Actual Loops": 1
                                                    },
                                                    {
                                                        "Worker Number": 4,
                                                        "Actual Startup Time": 259.062,
                                                        "Actual Total Time": 830.076,
                                                        "Actual Rows": 820350,
                                                        "Actual Loops": 1
                                                    },
                                                    {
                                                        "Worker Number": 5,
                                                        "Actual Startup Time": 259.037,
                                                        "Actual Total Time": 832.556,
                                                        "Actual Rows": 771101,
                                                        "Actual Loops": 1
                                                    }
                                                ],
                                                "Plans": [
                                                    {
                                                        "Node Type": "Seq Scan",
                                                        "Parent Relationship": "Outer",
                                                        "Parallel Aware": true,
                                                        "Relation Name": "movie_info",
                                                        "Schema": "public",
                                                        "Alias": "mi",
                                                        "Startup Cost": 0.0,
                                                        "Total Cost": 198880.74,
                                                        "Plan Rows": 1046023,
                                                        "Plan Width": 4,
                                                        "Actual Startup Time": 14.482,
                                                        "Actual Total Time": 301.848,
                                                        "Actual Rows": 752938,
                                                        "Actual Loops": 7,
                                                        "Output": [
                                                            "mi.id",
                                                            "mi.movie_id",
                                                            "mi.info_type_id",
                                                            "mi.info",
                                                            "mi.note"
                                                        ],
                                                        "Filter": "(mi.info_type_id > 15)",
                                                        "Rows Removed by Filter": 1366450,
                                                        "Workers": [
                                                            {
                                                                "Worker Number": 0,
                                                                "Actual Startup Time": 14.473,
                                                                "Actual Total Time": 305.385,
                                                                "Actual Rows": 785448,
                                                                "Actual Loops": 1
                                                            },
                                                            {
                                                                "Worker Number": 1,
                                                                "Actual Startup Time": 14.495,
                                                                "Actual Total Time": 306.592,
                                                                "Actual Rows": 745690,
                                                                "Actual Loops": 1
                                                            },
                                                            {
                                                                "Worker Number": 2,
                                                                "Actual Startup Time": 14.475,
                                                                "Actual Total Time": 306.124,
                                                                "Actual Rows": 741230,
                                                                "Actual Loops": 1
                                                            },
                                                            {
                                                                "Worker Number": 3,
                                                                "Actual Startup Time": 14.453,
                                                                "Actual Total Time": 315.978,
                                                                "Actual Rows": 587358,
                                                                "Actual Loops": 1
                                                            },
                                                            {
                                                                "Worker Number": 4,
                                                                "Actual Startup Time": 14.464,
                                                                "Actual Total Time": 303.126,
                                                                "Actual Rows": 820350,
                                                                "Actual Loops": 1
                                                            },
                                                            {
                                                                "Worker Number": 5,
                                                                "Actual Startup Time": 14.453,
                                                                "Actual Total Time": 304.436,
                                                                "Actual Rows": 771101,
                                                                "Actual Loops": 1
                                                            }
                                                        ]
                                                    },
                                                    {
                                                        "Node Type": "Hash",
                                                        "Parent Relationship": "Inner",
                                                        "Parallel Aware": true,
                                                        "Startup Cost": 42318.81,
                                                        "Total Cost": 42318.81,
                                                        "Plan Rows": 632080,
                                                        "Plan Width": 4,
                                                        "Actual Startup Time": 241.136,
                                                        "Actual Total Time": 241.137,
                                                        "Actual Rows": 361187,
                                                        "Actual Loops": 7,
                                                        "Output": [
                                                            "t.id"
                                                        ],
                                                        "Hash Buckets": 4194304,
                                                        "Original Hash Buckets": 4194304,
                                                        "Hash Batches": 1,
                                                        "Original Hash Batches": 1,
                                                        "Peak Memory Usage": 131840,
                                                        "Workers": [
                                                            {
                                                                "Worker Number": 0,
                                                                "Actual Startup Time": 244.299,
                                                                "Actual Total Time": 244.3,
                                                                "Actual Rows": 361016,
                                                                "Actual Loops": 1
                                                            },
                                                            {
                                                                "Worker Number": 1,
                                                                "Actual Startup Time": 244.246,
                                                                "Actual Total Time": 244.247,
                                                                "Actual Rows": 350289,
                                                                "Actual Loops": 1
                                                            },
                                                            {
                                                                "Worker Number": 2,
                                                                "Actual Startup Time": 244.266,
                                                                "Actual Total Time": 244.267,
                                                                "Actual Rows": 352162,
                                                                "Actual Loops": 1
                                                            },
                                                            {
                                                                "Worker Number": 3,
                                                                "Actual Startup Time": 244.298,
                                                                "Actual Total Time": 244.299,
                                                                "Actual Rows": 280753,
                                                                "Actual Loops": 1
                                                            },
                                                            {
                                                                "Worker Number": 4,
                                                                "Actual Startup Time": 244.284,
                                                                "Actual Total Time": 244.286,
                                                                "Actual Rows": 355297,
                                                                "Actual Loops": 1
                                                            },
                                                            {
                                                                "Worker Number": 5,
                                                                "Actual Startup Time": 244.285,
                                                                "Actual Total Time": 244.286,
                                                                "Actual Rows": 352675,
                                                                "Actual Loops": 1
                                                            }
                                                        ],
                                                        "Plans": [
                                                            {
                                                                "Node Type": "Seq Scan",
                                                                "Parent Relationship": "Outer",
                                                                "Parallel Aware": true,
                                                                "Relation Name": "title",
                                                                "Schema": "public",
                                                                "Alias": "t",
                                                                "Startup Cost": 0.0,
                                                                "Total Cost": 42318.81,
                                                                "Plan Rows": 632080,
                                                                "Plan Width": 4,
                                                                "Actual Startup Time": 0.067,
                                                                "Actual Total Time": 71.617,
                                                                "Actual Rows": 361187,
                                                                "Actual Loops": 7,
                                                                "Output": [
                                                                    "t.id"
                                                                ],
                                                                "Workers": [
                                                                    {
                                                                        "Worker Number": 0,
                                                                        "Actual Startup Time": 0.081,
                                                                        "Actual Total Time": 72.822,
                                                                        "Actual Rows": 361016,
                                                                        "Actual Loops": 1
                                                                    },
                                                                    {
                                                                        "Worker Number": 1,
                                                                        "Actual Startup Time": 0.08,
                                                                        "Actual Total Time": 74.128,
                                                                        "Actual Rows": 350289,
                                                                        "Actual Loops": 1
                                                                    },
                                                                    {
                                                                        "Worker Number": 2,
                                                                        "Actual Startup Time": 0.072,
                                                                        "Actual Total Time": 73.835,
                                                                        "Actual Rows": 352162,
                                                                        "Actual Loops": 1
                                                                    },
                                                                    {
                                                                        "Worker Number": 3,
                                                                        "Actual Startup Time": 0.07,
                                                                        "Actual Total Time": 75.873,
                                                                        "Actual Rows": 280753,
                                                                        "Actual Loops": 1
                                                                    },
                                                                    {
                                                                        "Worker Number": 4,
                                                                        "Actual Startup Time": 0.078,
                                                                        "Actual Total Time": 72.422,
                                                                        "Actual Rows": 355297,
                                                                        "Actual Loops": 1
                                                                    },
                                                                    {
                                                                        "Worker Number": 5,
                                                                        "Actual Startup Time": 0.067,
                                                                        "Actual Total Time": 72.499,
                                                                        "Actual Rows": 352675,
                                                                        "Actual Loops": 1
                                                                    }
                                                                ]
                                                            }
                                                        ]
                                                    }
                                                ]
                                            }
                                        ]
                                    }
                                ]
                            }
                        ]
                    }
                ]
            }
        ]
    },
    "Planning Time": 1.579,
    "Triggers": [],
    "Execution Time": 6290.259
}