[
    {
        "Bao": {
            "Bao prediction": "NaN",
            "Bao recommended hint": "(no hint)"
        }
    },
    {
        "Plan": {
            "Node Type": "Aggregate",
            "Strategy": "Plain",
            "Partial Mode": "Simple",
            "Parallel Aware": false,
            "Startup Cost": 18770.79,
            "Total Cost": 18770.8,
            "Plan Rows": 1,
            "Plan Width": 8,
            "Actual Startup Time": 5.735,
            "Actual Total Time": 5.737,
            "Actual Rows": 1,
            "Actual Loops": 1,
            "Output": [
                "count(*)"
            ],
            "Plans": [
                {
                    "Node Type": "Bitmap Heap Scan",
                    "Parent Relationship": "Outer",
                    "Parallel Aware": false,
                    "Relation Name": "movie_keyword",
                    "Schema": "public",
                    "Alias": "mk",
                    "Startup Cost": 207.69,
                    "Total Cost": 18746.51,
                    "Plan Rows": 9710,
                    "Plan Width": 0,
                    "Actual Startup Time": 0.865,
                    "Actual Total Time": 5.295,
                    "Actual Rows": 7554,
                    "Actual Loops": 1,
                    "Recheck Cond": "(mk.keyword_id > 127230)",
                    "Rows Removed by Index Recheck": 0,
                    "Exact Heap Blocks": 2420,
                    "Lossy Heap Blocks": 0,
                    "Plans": [
                        {
                            "Node Type": "Bitmap Index Scan",
                            "Parent Relationship": "Outer",
                            "Parallel Aware": false,
                            "Index Name": "keyword_id_movie_keyword",
                            "Startup Cost": 0.0,
                            "Total Cost": 205.26,
                            "Plan Rows": 9710,
                            "Plan Width": 0,
                            "Actual Startup Time": 0.533,
                            "Actual Total Time": 0.534,
                            "Actual Rows": 7554,
                            "Actual Loops": 1,
                            "Index Cond": "(mk.keyword_id > 127230)"
                        }
                    ]
                }
            ]
        },
        "Planning Time": 180.892,
        "Triggers": [],
        "Execution Time": 5.776
    }
]