[
    {
        "Bao": {
            "Bao prediction": 870.831,
            "Bao recommended hint": "SET enable_nestloop TO off; "
        }
    },
    {
        "Plan": {
            "Node Type": "Aggregate",
            "Strategy": "Plain",
            "Partial Mode": "Simple",
            "Parallel Aware": false,
            "Startup Cost": 107128.87,
            "Total Cost": 107128.88,
            "Plan Rows": 1,
            "Plan Width": 64,
            "Actual Startup Time": 481.745,
            "Actual Total Time": 556.287,
            "Actual Rows": 1,
            "Actual Loops": 1,
            "Output": [
                "min(mi_idx.info)",
                "min(t.title)"
            ],
            "Plans": [
                {
                    "Node Type": "Gather",
                    "Parent Relationship": "Outer",
                    "Parallel Aware": false,
                    "Startup Cost": 61985.91,
                    "Total Cost": 107128.86,
                    "Plan Rows": 2,
                    "Plan Width": 22,
                    "Actual Startup Time": 334.497,
                    "Actual Total Time": 556.147,
                    "Actual Rows": 662,
                    "Actual Loops": 1,
                    "Output": [
                        "mi_idx.info",
                        "t.title"
                    ],
                    "Workers Planned": 4,
                    "Workers Launched": 4,
                    "Single Copy": false,
                    "Plans": [
                        {
                            "Node Type": "Hash Join",
                            "Parent Relationship": "Outer",
                            "Parallel Aware": true,
                            "Join Type": "Inner",
                            "Startup Cost": 60985.91,
                            "Total Cost": 106128.66,
                            "Plan Rows": 1,
                            "Plan Width": 22,
                            "Actual Startup Time": 344.993,
                            "Actual Total Time": 470.269,
                            "Actual Rows": 132,
                            "Actual Loops": 5,
                            "Output": [
                                "mi_idx.info",
                                "t.title"
                            ],
                            "Inner Unique": false,
                            "Hash Cond": "(t.id = mi_idx.movie_id)",
                            "Workers": [
                                {
                                    "Worker Number": 0,
                                    "Actual Startup Time": 367.478,
                                    "Actual Total Time": 467.491,
                                    "Actual Rows": 130,
                                    "Actual Loops": 1
                                },
                                {
                                    "Worker Number": 1,
                                    "Actual Startup Time": 341.507,
                                    "Actual Total Time": 467.851,
                                    "Actual Rows": 122,
                                    "Actual Loops": 1
                                },
                                {
                                    "Worker Number": 2,
                                    "Actual Startup Time": 339.702,
                                    "Actual Total Time": 468.072,
                                    "Actual Rows": 116,
                                    "Actual Loops": 1
                                },
                                {
                                    "Worker Number": 3,
                                    "Actual Startup Time": 343.329,
                                    "Actual Total Time": 468.398,
                                    "Actual Rows": 127,
                                    "Actual Loops": 1
                                }
                            ],
                            "Plans": [
                                {
                                    "Node Type": "Seq Scan",
                                    "Parent Relationship": "Outer",
                                    "Parallel Aware": true,
                                    "Relation Name": "title",
                                    "Schema": "public",
                                    "Alias": "t",
                                    "Startup Cost": 0.0,
                                    "Total Cost": 43899.32,
                                    "Plan Rows": 331578,
                                    "Plan Width": 21,
                                    "Actual Startup Time": 0.024,
                                    "Actual Total Time": 106.503,
                                    "Actual Rows": 264573,
                                    "Actual Loops": 5,
                                    "Output": [
                                        "t.id",
                                        "t.title",
                                        "t.imdb_index",
                                        "t.kind_id",
                                        "t.production_year",
                                        "t.imdb_id",
                                        "t.phonetic_code",
                                        "t.episode_of_id",
                                        "t.season_nr",
                                        "t.episode_nr",
                                        "t.series_years",
                                        "t.md5sum"
                                    ],
                                    "Filter": "(t.production_year > 2001)",
                                    "Rows Removed by Filter": 241090,
                                    "Workers": [
                                        {
                                            "Worker Number": 0,
                                            "Actual Startup Time": 0.029,
                                            "Actual Total Time": 106.563,
                                            "Actual Rows": 239029,
                                            "Actual Loops": 1
                                        },
                                        {
                                            "Worker Number": 1,
                                            "Actual Startup Time": 0.029,
                                            "Actual Total Time": 106.237,
                                            "Actual Rows": 242409,
                                            "Actual Loops": 1
                                        },
                                        {
                                            "Worker Number": 2,
                                            "Actual Startup Time": 0.027,
                                            "Actual Total Time": 106.508,
                                            "Actual Rows": 238400,
                                            "Actual Loops": 1
                                        },
                                        {
                                            "Worker Number": 3,
                                            "Actual Startup Time": 0.027,
                                            "Actual Total Time": 106.159,
                                            "Actual Rows": 241661,
                                            "Actual Loops": 1
                                        }
                                    ]
                                },
                                {
                                    "Node Type": "Hash",
                                    "Parent Relationship": "Inner",
                                    "Parallel Aware": true,
                                    "Startup Cost": 60985.9,
                                    "Total Cost": 60985.9,
                                    "Plan Rows": 1,
                                    "Plan Width": 13,
                                    "Actual Startup Time": 321.901,
                                    "Actual Total Time": 321.909,
                                    "Actual Rows": 523,
                                    "Actual Loops": 5,
                                    "Output": [
                                        "mi_idx.info",
                                        "mi_idx.movie_id",
                                        "mk.movie_id"
                                    ],
                                    "Hash Buckets": 1024,
                                    "Original Hash Buckets": 1024,
                                    "Hash Batches": 1,
                                    "Original Hash Batches": 1,
                                    "Peak Memory Usage": 200,
                                    "Workers": [
                                        {
                                            "Worker Number": 0,
                                            "Actual Startup Time": 319.688,
                                            "Actual Total Time": 319.697,
                                            "Actual Rows": 422,
                                            "Actual Loops": 1
                                        },
                                        {
                                            "Worker Number": 1,
                                            "Actual Startup Time": 320.031,
                                            "Actual Total Time": 320.041,
                                            "Actual Rows": 546,
                                            "Actual Loops": 1
                                        },
                                        {
                                            "Worker Number": 2,
                                            "Actual Startup Time": 320.298,
                                            "Actual Total Time": 320.305,
                                            "Actual Rows": 424,
                                            "Actual Loops": 1
                                        },
                                        {
                                            "Worker Number": 3,
                                            "Actual Startup Time": 320.639,
                                            "Actual Total Time": 320.648,
                                            "Actual Rows": 435,
                                            "Actual Loops": 1
                                        }
                                    ],
                                    "Plans": [
                                        {
                                            "Node Type": "Hash Join",
                                            "Parent Relationship": "Outer",
                                            "Parallel Aware": true,
                                            "Join Type": "Inner",
                                            "Startup Cost": 45508.67,
                                            "Total Cost": 60985.9,
                                            "Plan Rows": 1,
                                            "Plan Width": 13,
                                            "Actual Startup Time": 266.83,
                                            "Actual Total Time": 321.435,
                                            "Actual Rows": 523,
                                            "Actual Loops": 5,
                                            "Output": [
                                                "mi_idx.info",
                                                "mi_idx.movie_id",
                                                "mk.movie_id"
                                            ],
                                            "Inner Unique": false,
                                            "Hash Cond": "(mi_idx.movie_id = mk.movie_id)",
                                            "Workers": [
                                                {
                                                    "Worker Number": 0,
                                                    "Actual Startup Time": 263.246,
                                                    "Actual Total Time": 319.31,
                                                    "Actual Rows": 422,
                                                    "Actual Loops": 1
                                                },
                                                {
                                                    "Worker Number": 1,
                                                    "Actual Startup Time": 264.132,
                                                    "Actual Total Time": 319.669,
                                                    "Actual Rows": 546,
                                                    "Actual Loops": 1
                                                },
                                                {
                                                    "Worker Number": 2,
                                                    "Actual Startup Time": 265.423,
                                                    "Actual Total Time": 319.939,
                                                    "Actual Rows": 424,
                                                    "Actual Loops": 1
                                                },
                                                {
                                                    "Worker Number": 3,
                                                    "Actual Startup Time": 266.173,
                                                    "Actual Total Time": 319.803,
                                                    "Actual Rows": 435,
                                                    "Actual Loops": 1
                                                }
                                            ],
                                            "Plans": [
                                                {
                                                    "Node Type": "Hash Join",
                                                    "Parent Relationship": "Outer",
                                                    "Parallel Aware": false,
                                                    "Join Type": "Inner",
                                                    "Startup Cost": 2.43,
                                                    "Total Cost": 15475.38,
                                                    "Plan Rows": 1138,
                                                    "Plan Width": 9,
                                                    "Actual Startup Time": 0.16,
                                                    "Actual Total Time": 49.851,
                                                    "Actual Rows": 38983,
                                                    "Actual Loops": 5,
                                                    "Output": [
                                                        "mi_idx.info",
                                                        "mi_idx.movie_id"
                                                    ],
                                                    "Inner Unique": true,
                                                    "Hash Cond": "(mi_idx.info_type_id = it.id)",
                                                    "Workers": [
                                                        {
                                                            "Worker Number": 0,
                                                            "Actual Startup Time": 0.165,
                                                            "Actual Total Time": 49.921,
                                                            "Actual Rows": 35274,
                                                            "Actual Loops": 1
                                                        },
                                                        {
                                                            "Worker Number": 1,
                                                            "Actual Startup Time": 0.191,
                                                            "Actual Total Time": 49.927,
                                                            "Actual Rows": 36117,
                                                            "Actual Loops": 1
                                                        },
                                                        {
                                                            "Worker Number": 2,
                                                            "Actual Startup Time": 0.182,
                                                            "Actual Total Time": 49.966,
                                                            "Actual Rows": 34802,
                                                            "Actual Loops": 1
                                                        },
                                                        {
                                                            "Worker Number": 3,
                                                            "Actual Startup Time": 0.168,
                                                            "Actual Total Time": 49.626,
                                                            "Actual Rows": 35112,
                                                            "Actual Loops": 1
                                                        }
                                                    ],
                                                    "Plans": [
                                                        {
                                                            "Node Type": "Seq Scan",
                                                            "Parent Relationship": "Outer",
                                                            "Parallel Aware": true,
                                                            "Relation Name": "movie_info_idx",
                                                            "Schema": "public",
                                                            "Alias": "mi_idx",
                                                            "Startup Cost": 0.0,
                                                            "Total Cost": 15122.68,
                                                            "Plan Rows": 128615,
                                                            "Plan Width": 13,
                                                            "Actual Startup Time": 0.035,
                                                            "Actual Total Time": 40.687,
                                                            "Actual Rows": 61653,
                                                            "Actual Loops": 5,
                                                            "Output": [
                                                                "mi_idx.id",
                                                                "mi_idx.movie_id",
                                                                "mi_idx.info_type_id",
                                                                "mi_idx.info",
                                                                "mi_idx.note"
                                                            ],
                                                            "Filter": "(mi_idx.info > '6.5'::text)",
                                                            "Rows Removed by Filter": 214354,
                                                            "Workers": [
                                                                {
                                                                    "Worker Number": 0,
                                                                    "Actual Startup Time": 0.038,
                                                                    "Actual Total Time": 40.817,
                                                                    "Actual Rows": 55686,
                                                                    "Actual Loops": 1
                                                                },
                                                                {
                                                                    "Worker Number": 1,
                                                                    "Actual Startup Time": 0.047,
                                                                    "Actual Total Time": 40.608,
                                                                    "Actual Rows": 56876,
                                                                    "Actual Loops": 1
                                                                },
                                                                {
                                                                    "Worker Number": 2,
                                                                    "Actual Startup Time": 0.034,
                                                                    "Actual Total Time": 40.763,
                                                                    "Actual Rows": 54928,
                                                                    "Actual Loops": 1
                                                                },
                                                                {
                                                                    "Worker Number": 3,
                                                                    "Actual Startup Time": 0.038,
                                                                    "Actual Total Time": 40.485,
                                                                    "Actual Rows": 55845,
                                                                    "Actual Loops": 1
                                                                }
                                                            ]
                                                        },
                                                        {
                                                            "Node Type": "Hash",
                                                            "Parent Relationship": "Inner",
                                                            "Parallel Aware": false,
                                                            "Startup Cost": 2.41,
                                                            "Total Cost": 2.41,
                                                            "Plan Rows": 1,
                                                            "Plan Width": 4,
                                                            "Actual Startup Time": 0.08,
                                                            "Actual Total Time": 0.081,
                                                            "Actual Rows": 1,
                                                            "Actual Loops": 5,
                                                            "Output": [
                                                                "it.id"
                                                            ],
                                                            "Hash Buckets": 1024,
                                                            "Original Hash Buckets": 1024,
                                                            "Hash Batches": 1,
                                                            "Original Hash Batches": 1,
                                                            "Peak Memory Usage": 9,
                                                            "Workers": [
                                                                {
                                                                    "Worker Number": 0,
                                                                    "Actual Startup Time": 0.086,
                                                                    "Actual Total Time": 0.087,
                                                                    "Actual Rows": 1,
                                                                    "Actual Loops": 1
                                                                },
                                                                {
                                                                    "Worker Number": 1,
                                                                    "Actual Startup Time": 0.088,
                                                                    "Actual Total Time": 0.09,
                                                                    "Actual Rows": 1,
                                                                    "Actual Loops": 1
                                                                },
                                                                {
                                                                    "Worker Number": 2,
                                                                    "Actual Startup Time": 0.101,
                                                                    "Actual Total Time": 0.102,
                                                                    "Actual Rows": 1,
                                                                    "Actual Loops": 1
                                                                },
                                                                {
                                                                    "Worker Number": 3,
                                                                    "Actual Startup Time": 0.091,
                                                                    "Actual Total Time": 0.093,
                                                                    "Actual Rows": 1,
                                                                    "Actual Loops": 1
                                                                }
                                                            ],
                                                            "Plans": [
                                                                {
                                                                    "Node Type": "Seq Scan",
                                                                    "Parent Relationship": "Outer",
                                                                    "Parallel Aware": false,
                                                                    "Relation Name": "info_type",
                                                                    "Schema": "public",
                                                                    "Alias": "it",
                                                                    "Startup Cost": 0.0,
                                                                    "Total Cost": 2.41,
                                                                    "Plan Rows": 1,
                                                                    "Plan Width": 4,
                                                                    "Actual Startup Time": 0.069,
                                                                    "Actual Total Time": 0.072,
                                                                    "Actual Rows": 1,
                                                                    "Actual Loops": 5,
                                                                    "Output": [
                                                                        "it.id"
                                                                    ],
                                                                    "Filter": "((it.info)::text = 'rating'::text)",
                                                                    "Rows Removed by Filter": 112,
                                                                    "Workers": [
                                                                        {
                                                                            "Worker Number": 0,
                                                                            "Actual Startup Time": 0.077,
                                                                            "Actual Total Time": 0.079,
                                                                            "Actual Rows": 1,
                                                                            "Actual Loops": 1
                                                                        },
                                                                        {
                                                                            "Worker Number": 1,
                                                                            "Actual Startup Time": 0.079,
                                                                            "Actual Total Time": 0.081,
                                                                            "Actual Rows": 1,
                                                                            "Actual Loops": 1
                                                                        },
                                                                        {
                                                                            "Worker Number": 2,
                                                                            "Actual Startup Time": 0.091,
                                                                            "Actual Total Time": 0.094,
                                                                            "Actual Rows": 1,
                                                                            "Actual Loops": 1
                                                                        },
                                                                        {
                                                                            "Worker Number": 3,
                                                                            "Actual Startup Time": 0.082,
                                                                            "Actual Total Time": 0.085,
                                                                            "Actual Rows": 1,
                                                                            "Actual Loops": 1
                                                                        }
                                                                    ]
                                                                }
                                                            ]
                                                        }
                                                    ]
                                                },
                                                {
                                                    "Node Type": "Hash",
                                                    "Parent Relationship": "Inner",
                                                    "Parallel Aware": true,
                                                    "Startup Cost": 45504.48,
                                                    "Total Cost": 45504.48,
                                                    "Plan Rows": 141,
                                                    "Plan Width": 4,
                                                    "Actual Startup Time": 265.165,
                                                    "Actual Total Time": 265.168,
                                                    "Actual Rows": 2590,
                                                    "Actual Loops": 5,
                                                    "Output": [
                                                        "mk.movie_id"
                                                    ],
                                                    "Hash Buckets": 16384,
                                                    "Original Hash Buckets": 1024,
                                                    "Hash Batches": 1,
                                                    "Original Hash Batches": 1,
                                                    "Peak Memory Usage": 888,
                                                    "Workers": [
                                                        {
                                                            "Worker Number": 0,
                                                            "Actual Startup Time": 262.936,
                                                            "Actual Total Time": 262.939,
                                                            "Actual Rows": 1750,
                                                            "Actual Loops": 1
                                                        },
                                                        {
                                                            "Worker Number": 1,
                                                            "Actual Startup Time": 263.296,
                                                            "Actual Total Time": 263.299,
                                                            "Actual Rows": 2576,
                                                            "Actual Loops": 1
                                                        },
                                                        {
                                                            "Worker Number": 2,
                                                            "Actual Startup Time": 263.56,
                                                            "Actual Total Time": 263.562,
                                                            "Actual Rows": 2591,
                                                            "Actual Loops": 1
                                                        },
                                                        {
                                                            "Worker Number": 3,
                                                            "Actual Startup Time": 263.889,
                                                            "Actual Total Time": 263.892,
                                                            "Actual Rows": 1769,
                                                            "Actual Loops": 1
                                                        }
                                                    ],
                                                    "Plans": [
                                                        {
                                                            "Node Type": "Hash Join",
                                                            "Parent Relationship": "Outer",
                                                            "Parallel Aware": false,
                                                            "Join Type": "Inner",
                                                            "Startup Cost": 2626.29,
                                                            "Total Cost": 45504.48,
                                                            "Plan Rows": 141,
                                                            "Plan Width": 4,
                                                            "Actual Startup Time": 36.19,
                                                            "Actual Total Time": 217.895,
                                                            "Actual Rows": 2590,
                                                            "Actual Loops": 5,
                                                            "Output": [
                                                                "mk.movie_id"
                                                            ],
                                                            "Inner Unique": true,
                                                            "Hash Cond": "(mk.keyword_id = k.id)",
                                                            "Workers": [
                                                                {
                                                                    "Worker Number": 0,
                                                                    "Actual Startup Time": 37.655,
                                                                    "Actual Total Time": 191.819,
                                                                    "Actual Rows": 1750,
                                                                    "Actual Loops": 1
                                                                },
                                                                {
                                                                    "Worker Number": 1,
                                                                    "Actual Startup Time": 35.023,
                                                                    "Actual Total Time": 223.879,
                                                                    "Actual Rows": 2576,
                                                                    "Actual Loops": 1
                                                                },
                                                                {
                                                                    "Worker Number": 2,
                                                                    "Actual Startup Time": 37.524,
                                                                    "Actual Total Time": 230.282,
                                                                    "Actual Rows": 2591,
                                                                    "Actual Loops": 1
                                                                },
                                                                {
                                                                    "Worker Number": 3,
                                                                    "Actual Startup Time": 34.955,
                                                                    "Actual Total Time": 191.817,
                                                                    "Actual Rows": 1769,
                                                                    "Actual Loops": 1
                                                                }
                                                            ],
                                                            "Plans": [
                                                                {
                                                                    "Node Type": "Seq Scan",
                                                                    "Parent Relationship": "Outer",
                                                                    "Parallel Aware": true,
                                                                    "Relation Name": "movie_keyword",
                                                                    "Schema": "public",
                                                                    "Alias": "mk",
                                                                    "Startup Cost": 0.0,
                                                                    "Total Cost": 39047.32,
                                                                    "Plan Rows": 1459332,
                                                                    "Plan Width": 8,
                                                                    "Actual Startup Time": 0.06,
                                                                    "Actual Total Time": 100.261,
                                                                    "Actual Rows": 904786,
                                                                    "Actual Loops": 5,
                                                                    "Output": [
                                                                        "mk.id",
                                                                        "mk.movie_id",
                                                                        "mk.keyword_id"
                                                                    ],
                                                                    "Workers": [
                                                                        {
                                                                            "Worker Number": 0,
                                                                            "Actual Startup Time": 0.07,
                                                                            "Actual Total Time": 86.665,
                                                                            "Actual Rows": 622710,
                                                                            "Actual Loops": 1
                                                                        },
                                                                        {
                                                                            "Worker Number": 1,
                                                                            "Actual Startup Time": 0.069,
                                                                            "Actual Total Time": 103.09,
                                                                            "Actual Rows": 855995,
                                                                            "Actual Loops": 1
                                                                        },
                                                                        {
                                                                            "Worker Number": 2,
                                                                            "Actual Startup Time": 0.071,
                                                                            "Actual Total Time": 107.313,
                                                                            "Actual Rows": 853775,
                                                                            "Actual Loops": 1
                                                                        },
                                                                        {
                                                                            "Worker Number": 3,
                                                                            "Actual Startup Time": 0.07,
                                                                            "Actual Total Time": 86.687,
                                                                            "Actual Rows": 635660,
                                                                            "Actual Loops": 1
                                                                        }
                                                                    ]
                                                                },
                                                                {
                                                                    "Node Type": "Hash",
                                                                    "Parent Relationship": "Inner",
                                                                    "Parallel Aware": false,
                                                                    "Startup Cost": 2626.12,
                                                                    "Total Cost": 2626.12,
                                                                    "Plan Rows": 13,
                                                                    "Plan Width": 4,
                                                                    "Actual Startup Time": 35.542,
                                                                    "Actual Total Time": 35.543,
                                                                    "Actual Rows": 30,
                                                                    "Actual Loops": 5,
                                                                    "Output": [
                                                                        "k.id"
                                                                    ],
                                                                    "Hash Buckets": 1024,
                                                                    "Original Hash Buckets": 1024,
                                                                    "Hash Batches": 1,
                                                                    "Original Hash Batches": 1,
                                                                    "Peak Memory Usage": 10,
                                                                    "Workers": [
                                                                        {
                                                                            "Worker Number": 0,
                                                                            "Actual Startup Time": 36.014,
                                                                            "Actual Total Time": 36.016,
                                                                            "Actual Rows": 30,
                                                                            "Actual Loops": 1
                                                                        },
                                                                        {
                                                                            "Worker Number": 1,
                                                                            "Actual Startup Time": 34.882,
                                                                            "Actual Total Time": 34.883,
                                                                            "Actual Rows": 30,
                                                                            "Actual Loops": 1
                                                                        },
                                                                        {
                                                                            "Worker Number": 2,
                                                                            "Actual Startup Time": 36.619,
                                                                            "Actual Total Time": 36.62,
                                                                            "Actual Rows": 30,
                                                                            "Actual Loops": 1
                                                                        },
                                                                        {
                                                                            "Worker Number": 3,
                                                                            "Actual Startup Time": 34.684,
                                                                            "Actual Total Time": 34.684,
                                                                            "Actual Rows": 30,
                                                                            "Actual Loops": 1
                                                                        }
                                                                    ],
                                                                    "Plans": [
                                                                        {
                                                                            "Node Type": "Seq Scan",
                                                                            "Parent Relationship": "Outer",
                                                                            "Parallel Aware": false,
                                                                            "Relation Name": "keyword",
                                                                            "Schema": "public",
                                                                            "Alias": "k",
                                                                            "Startup Cost": 0.0,
                                                                            "Total Cost": 2626.12,
                                                                            "Plan Rows": 13,
                                                                            "Plan Width": 4,
                                                                            "Actual Startup Time": 3.9,
                                                                            "Actual Total Time": 35.489,
                                                                            "Actual Rows": 30,
                                                                            "Actual Loops": 5,
                                                                            "Output": [
                                                                                "k.id"
                                                                            ],
                                                                            "Filter": "(k.keyword ~~ '%sequel%'::text)",
                                                                            "Rows Removed by Filter": 134140,
                                                                            "Workers": [
                                                                                {
                                                                                    "Worker Number": 0,
                                                                                    "Actual Startup Time": 3.946,
                                                                                    "Actual Total Time": 35.964,
                                                                                    "Actual Rows": 30,
                                                                                    "Actual Loops": 1
                                                                                },
                                                                                {
                                                                                    "Worker Number": 1,
                                                                                    "Actual Startup Time": 3.927,
                                                                                    "Actual Total Time": 34.823,
                                                                                    "Actual Rows": 30,
                                                                                    "Actual Loops": 1
                                                                                },
                                                                                {
                                                                                    "Worker Number": 2,
                                                                                    "Actual Startup Time": 4.005,
                                                                                    "Actual Total Time": 36.561,
                                                                                    "Actual Rows": 30,
                                                                                    "Actual Loops": 1
                                                                                },
                                                                                {
                                                                                    "Worker Number": 3,
                                                                                    "Actual Startup Time": 3.851,
                                                                                    "Actual Total Time": 34.624,
                                                                                    "Actual Rows": 30,
                                                                                    "Actual Loops": 1
                                                                                }
                                                                            ]
                                                                        }
                                                                    ]
                                                                }
                                                            ]
                                                        }
                                                    ]
                                                }
                                            ]
                                        }
                                    ]
                                }
                            ]
                        }
                    ]
                }
            ]
        },
        "Planning Time": 1326.545,
        "Triggers": [],
        "Execution Time": 556.926
    }
]