[
    {
        "Bao": {
            "Bao prediction": "NaN",
            "Bao recommended hint": "(no hint)"
        }
    },
    {
        "Plan": {
            "Node Type": "Aggregate",
            "Strategy": "Plain",
            "Partial Mode": "Finalize",
            "Parallel Aware": false,
            "Startup Cost": 43940.18,
            "Total Cost": 43940.19,
            "Plan Rows": 1,
            "Plan Width": 8,
            "Actual Startup Time": 143.716,
            "Actual Total Time": 149.099,
            "Actual Rows": 1,
            "Actual Loops": 1,
            "Output": [
                "count(*)"
            ],
            "Plans": [
                {
                    "Node Type": "Gather",
                    "Parent Relationship": "Outer",
                    "Parallel Aware": false,
                    "Startup Cost": 43939.86,
                    "Total Cost": 43940.17,
                    "Plan Rows": 3,
                    "Plan Width": 8,
                    "Actual Startup Time": 143.473,
                    "Actual Total Time": 149.09,
                    "Actual Rows": 4,
                    "Actual Loops": 1,
                    "Output": [
                        "(PARTIAL count(*))"
                    ],
                    "Workers Planned": 3,
                    "Workers Launched": 3,
                    "Single Copy": false,
                    "Plans": [
                        {
                            "Node Type": "Aggregate",
                            "Strategy": "Plain",
                            "Partial Mode": "Partial",
                            "Parent Relationship": "Outer",
                            "Parallel Aware": false,
                            "Startup Cost": 42939.86,
                            "Total Cost": 42939.87,
                            "Plan Rows": 1,
                            "Plan Width": 8,
                            "Actual Startup Time": 134.017,
                            "Actual Total Time": 134.019,
                            "Actual Rows": 1,
                            "Actual Loops": 4,
                            "Output": [
                                "PARTIAL count(*)"
                            ],
                            "Workers": [
                                {
                                    "Worker Number": 0,
                                    "Actual Startup Time": 130.997,
                                    "Actual Total Time": 130.999,
                                    "Actual Rows": 1,
                                    "Actual Loops": 1
                                },
                                {
                                    "Worker Number": 1,
                                    "Actual Startup Time": 130.933,
                                    "Actual Total Time": 130.935,
                                    "Actual Rows": 1,
                                    "Actual Loops": 1
                                },
                                {
                                    "Worker Number": 2,
                                    "Actual Startup Time": 131.109,
                                    "Actual Total Time": 131.111,
                                    "Actual Rows": 1,
                                    "Actual Loops": 1
                                }
                            ],
                            "Plans": [
                                {
                                    "Node Type": "Bitmap Heap Scan",
                                    "Parent Relationship": "Outer",
                                    "Parallel Aware": true,
                                    "Relation Name": "movie_keyword",
                                    "Schema": "public",
                                    "Alias": "mk",
                                    "Startup Cost": 15052.13,
                                    "Total Cost": 42367.57,
                                    "Plan Rows": 228915,
                                    "Plan Width": 0,
                                    "Actual Startup Time": 47.336,
                                    "Actual Total Time": 124.716,
                                    "Actual Rows": 174146,
                                    "Actual Loops": 4,
                                    "Recheck Cond": "(mk.keyword_id > 27057)",
                                    "Rows Removed by Index Recheck": 0,
                                    "Exact Heap Blocks": 10057,
                                    "Lossy Heap Blocks": 0,
                                    "Workers": [
                                        {
                                            "Worker Number": 0,
                                            "Actual Startup Time": 44.44,
                                            "Actual Total Time": 122.557,
                                            "Actual Rows": 132913,
                                            "Actual Loops": 1
                                        },
                                        {
                                            "Worker Number": 1,
                                            "Actual Startup Time": 44.447,
                                            "Actual Total Time": 122.29,
                                            "Actual Rows": 132299,
                                            "Actual Loops": 1
                                        },
                                        {
                                            "Worker Number": 2,
                                            "Actual Startup Time": 44.452,
                                            "Actual Total Time": 122.659,
                                            "Actual Rows": 132303,
                                            "Actual Loops": 1
                                        }
                                    ],
                                    "Plans": [
                                        {
                                            "Node Type": "Bitmap Index Scan",
                                            "Parent Relationship": "Outer",
                                            "Parallel Aware": false,
                                            "Index Name": "keyword_id_movie_keyword",
                                            "Startup Cost": 0.0,
                                            "Total Cost": 14874.72,
                                            "Plan Rows": 709638,
                                            "Plan Width": 0,
                                            "Actual Startup Time": 52.58,
                                            "Actual Total Time": 52.581,
                                            "Actual Rows": 696585,
                                            "Actual Loops": 1,
                                            "Index Cond": "(mk.keyword_id > 27057)"
                                        }
                                    ]
                                }
                            ]
                        }
                    ]
                }
            ]
        },
        "Planning Time": 195.601,
        "Triggers": [],
        "Execution Time": 149.205
    }
]