{
    "Plan": {
        "Node Type": "Aggregate",
        "Strategy": "Plain",
        "Partial Mode": "Finalize",
        "Parallel Aware": false,
        "Startup Cost": 94391.8,
        "Total Cost": 94391.81,
        "Plan Rows": 1,
        "Plan Width": 8,
        "Actual Startup Time": 399.048,
        "Actual Total Time": 424.17,
        "Actual Rows": 1,
        "Actual Loops": 1,
        "Output": [
            "count(*)"
        ],
        "Plans": [
            {
                "Node Type": "Gather",
                "Parent Relationship": "Outer",
                "Parallel Aware": false,
                "Startup Cost": 94391.48,
                "Total Cost": 94391.79,
                "Plan Rows": 3,
                "Plan Width": 8,
                "Actual Startup Time": 397.607,
                "Actual Total Time": 424.161,
                "Actual Rows": 4,
                "Actual Loops": 1,
                "Output": [
                    "(PARTIAL count(*))"
                ],
                "Workers Planned": 3,
                "Workers Launched": 3,
                "Single Copy": false,
                "Plans": [
                    {
                        "Node Type": "Aggregate",
                        "Strategy": "Plain",
                        "Partial Mode": "Partial",
                        "Parent Relationship": "Outer",
                        "Parallel Aware": false,
                        "Startup Cost": 93391.48,
                        "Total Cost": 93391.49,
                        "Plan Rows": 1,
                        "Plan Width": 8,
                        "Actual Startup Time": 388.679,
                        "Actual Total Time": 388.683,
                        "Actual Rows": 1,
                        "Actual Loops": 4,
                        "Output": [
                            "PARTIAL count(*)"
                        ],
                        "Workers": [
                            {
                                "Worker Number": 0,
                                "Actual Startup Time": 385.907,
                                "Actual Total Time": 385.91,
                                "Actual Rows": 1,
                                "Actual Loops": 1
                            },
                            {
                                "Worker Number": 1,
                                "Actual Startup Time": 385.998,
                                "Actual Total Time": 386.001,
                                "Actual Rows": 1,
                                "Actual Loops": 1
                            },
                            {
                                "Worker Number": 2,
                                "Actual Startup Time": 385.94,
                                "Actual Total Time": 385.942,
                                "Actual Rows": 1,
                                "Actual Loops": 1
                            }
                        ],
                        "Plans": [
                            {
                                "Node Type": "Hash Join",
                                "Parent Relationship": "Outer",
                                "Parallel Aware": true,
                                "Join Type": "Inner",
                                "Startup Cost": 46463.76,
                                "Total Cost": 92942.52,
                                "Plan Rows": 179586,
                                "Plan Width": 0,
                                "Actual Startup Time": 131.782,
                                "Actual Total Time": 386.882,
                                "Actual Rows": 31192,
                                "Actual Loops": 4,
                                "Inner Unique": true,
                                "Hash Cond": "(mk.movie_id = t.id)",
                                "Workers": [
                                    {
                                        "Worker Number": 0,
                                        "Actual Startup Time": 128.989,
                                        "Actual Total Time": 384.278,
                                        "Actual Rows": 36112,
                                        "Actual Loops": 1
                                    },
                                    {
                                        "Worker Number": 1,
                                        "Actual Startup Time": 129.165,
                                        "Actual Total Time": 384.216,
                                        "Actual Rows": 22222,
                                        "Actual Loops": 1
                                    },
                                    {
                                        "Worker Number": 2,
                                        "Actual Startup Time": 129.184,
                                        "Actual Total Time": 384.29,
                                        "Actual Rows": 35334,
                                        "Actual Loops": 1
                                    }
                                ],
                                "Plans": [
                                    {
                                        "Node Type": "Seq Scan",
                                        "Parent Relationship": "Outer",
                                        "Parallel Aware": true,
                                        "Relation Name": "movie_keyword",
                                        "Schema": "public",
                                        "Alias": "mk",
                                        "Startup Cost": 0.0,
                                        "Total Cost": 42695.65,
                                        "Plan Rows": 1441179,
                                        "Plan Width": 4,
                                        "Actual Startup Time": 0.014,
                                        "Actual Total Time": 154.542,
                                        "Actual Rows": 1118270,
                                        "Actual Loops": 4,
                                        "Output": [
                                            "mk.id",
                                            "mk.movie_id",
                                            "mk.keyword_id"
                                        ],
                                        "Filter": "(mk.keyword_id < 99146)",
                                        "Rows Removed by Filter": 12713,
                                        "Workers": [
                                            {
                                                "Worker Number": 0,
                                                "Actual Startup Time": 0.017,
                                                "Actual Total Time": 158.524,
                                                "Actual Rows": 1315408,
                                                "Actual Loops": 1
                                            },
                                            {
                                                "Worker Number": 1,
                                                "Actual Startup Time": 0.01,
                                                "Actual Total Time": 159.247,
                                                "Actual Rows": 886461,
                                                "Actual Loops": 1
                                            },
                                            {
                                                "Worker Number": 2,
                                                "Actual Startup Time": 0.02,
                                                "Actual Total Time": 157.151,
                                                "Actual Rows": 1203530,
                                                "Actual Loops": 1
                                            }
                                        ]
                                    },
                                    {
                                        "Node Type": "Hash",
                                        "Parent Relationship": "Inner",
                                        "Parallel Aware": true,
                                        "Startup Cost": 45479.21,
                                        "Total Cost": 45479.21,
                                        "Plan Rows": 78764,
                                        "Plan Width": 4,
                                        "Actual Startup Time": 128.354,
                                        "Actual Total Time": 128.355,
                                        "Actual Rows": 44934,
                                        "Actual Loops": 4,
                                        "Output": [
                                            "t.id"
                                        ],
                                        "Hash Buckets": 524288,
                                        "Original Hash Buckets": 524288,
                                        "Hash Batches": 1,
                                        "Original Hash Batches": 1,
                                        "Peak Memory Usage": 11168,
                                        "Workers": [
                                            {
                                                "Worker Number": 0,
                                                "Actual Startup Time": 128.375,
                                                "Actual Total Time": 128.376,
                                                "Actual Rows": 47839,
                                                "Actual Loops": 1
                                            },
                                            {
                                                "Worker Number": 1,
                                                "Actual Startup Time": 128.438,
                                                "Actual Total Time": 128.439,
                                                "Actual Rows": 35400,
                                                "Actual Loops": 1
                                            },
                                            {
                                                "Worker Number": 2,
                                                "Actual Startup Time": 128.246,
                                                "Actual Total Time": 128.247,
                                                "Actual Rows": 44161,
                                                "Actual Loops": 1
                                            }
                                        ],
                                        "Plans": [
                                            {
                                                "Node Type": "Seq Scan",
                                                "Parent Relationship": "Outer",
                                                "Parallel Aware": true,
                                                "Relation Name": "title",
                                                "Schema": "public",
                                                "Alias": "t",
                                                "Startup Cost": 0.0,
                                                "Total Cost": 45479.21,
                                                "Plan Rows": 78764,
                                                "Plan Width": 4,
                                                "Actual Startup Time": 0.052,
                                                "Actual Total Time": 108.413,
                                                "Actual Rows": 44934,
                                                "Actual Loops": 4,
                                                "Output": [
                                                    "t.id"
                                                ],
                                                "Filter": "((t.kind_id > 1) AND (t.production_year < 1974))",
                                                "Rows Removed by Filter": 587144,
                                                "Workers": [
                                                    {
                                                        "Worker Number": 0,
                                                        "Actual Startup Time": 0.057,
                                                        "Actual Total Time": 108.931,
                                                        "Actual Rows": 47839,
                                                        "Actual Loops": 1
                                                    },
                                                    {
                                                        "Worker Number": 1,
                                                        "Actual Startup Time": 0.06,
                                                        "Actual Total Time": 109.731,
                                                        "Actual Rows": 35400,
                                                        "Actual Loops": 1
                                                    },
                                                    {
                                                        "Worker Number": 2,
                                                        "Actual Startup Time": 0.071,
                                                        "Actual Total Time": 108.406,
                                                        "Actual Rows": 44161,
                                                        "Actual Loops": 1
                                                    }
                                                ]
                                            }
                                        ]
                                    }
                                ]
                            }
                        ]
                    }
                ]
            }
        ]
    },
    "Planning Time": 0.833,
    "Triggers": [],
    "Execution Time": 424.243
}