[
  {
    "Plan": {
      "Node Type": "Aggregate",
      "Strategy": "Plain",
      "Partial Mode": "Finalize",
      "Parallel Aware": false,
      "Startup Cost": 335432.33,
      "Total Cost": 335432.34,
      "Plan Rows": 1,
      "Plan Width": 8,
      "Actual Startup Time": 657.728,
      "Actual Total Time": 700.614,
      "Actual Rows": 1,
      "Actual Loops": 1,
      "Plans": [
        {
          "Node Type": "Gather",
          "Parent Relationship": "Outer",
          "Parallel Aware": false,
          "Startup Cost": 335431.7,
          "Total Cost": 335432.31,
          "Plan Rows": 6,
          "Plan Width": 8,
          "Actual Startup Time": 657.548,
          "Actual Total Time": 700.603,
          "Actual Rows": 7,
          "Actual Loops": 1,
          "Workers Planned": 6,
          "Workers Launched": 6,
          "Single Copy": false,
          "Plans": [
            {
              "Node Type": "Aggregate",
              "Strategy": "Plain",
              "Partial Mode": "Partial",
              "Parent Relationship": "Outer",
              "Parallel Aware": false,
              "Startup Cost": 334431.7,
              "Total Cost": 334431.71,
              "Plan Rows": 1,
              "Plan Width": 8,
              "Actual Startup Time": 650.41,
              "Actual Total Time": 650.411,
              "Actual Rows": 1,
              "Actual Loops": 7,
              "Plans": [
                {
                  "Node Type": "Seq Scan",
                  "Parent Relationship": "Outer",
                  "Parallel Aware": true,
                  "Relation Name": "cast_info",
                  "Alias": "ci",
                  "Startup Cost": 0.0,
                  "Total Cost": 328211.39,
                  "Plan Rows": 2488124,
                  "Plan Width": 0,
                  "Actual Startup Time": 229.864,
                  "Actual Total Time": 557.865,
                  "Actual Rows": 2094138,
                  "Actual Loops": 7,
                  "Filter": "(person_id > 2189815)",
                  "Rows Removed by Filter": 3083626
                }
              ]
            }
          ]
        }
      ]
    },
    "Planning Time": 0.092,
    "Triggers": [],
    "Execution Time": 700.658
  }
]