[
  {
    "Plan": {
      "Node Type": "Aggregate",
      "Strategy": "Plain",
      "Partial Mode": "Simple",
      "Parallel Aware": false,
      "Startup Cost": 4670.52,
      "Total Cost": 4670.53,
      "Plan Rows": 1,
      "Plan Width": 8,
      "Actual Startup Time": 3.388,
      "Actual Total Time": 3.39,
      "Actual Rows": 1,
      "Actual Loops": 1,
      "Plans": [
        {
          "Node Type": "Nested Loop",
          "Parent Relationship": "Outer",
          "Parallel Aware": false,
          "Join Type": "Inner",
          "Startup Cost": 0.99,
          "Total Cost": 4669.44,
          "Plan Rows": 433,
          "Plan Width": 0,
          "Actual Startup Time": 0.821,
          "Actual Total Time": 3.338,
          "Actual Rows": 234,
          "Actual Loops": 1,
          "Inner Unique": true,
          "Plans": [
            {
              "Node Type": "Index Scan",
              "Parent Relationship": "Outer",
              "Parallel Aware": false,
              "Scan Direction": "Forward",
              "Index Name": "person_id_cast_info",
              "Relation Name": "cast_info",
              "Alias": "ci",
              "Startup Cost": 0.56,
              "Total Cost": 1059.67,
              "Plan Rows": 433,
              "Plan Width": 4,
              "Actual Startup Time": 0.79,
              "Actual Total Time": 0.96,
              "Actual Rows": 234,
              "Actual Loops": 1,
              "Index Cond": "(person_id = 470023)",
              "Rows Removed by Index Recheck": 0,
              "Filter": "(role_id < 10)",
              "Rows Removed by Filter": 2
            },
            {
              "Node Type": "Index Only Scan",
              "Parent Relationship": "Inner",
              "Parallel Aware": false,
              "Scan Direction": "Forward",
              "Index Name": "title_pkey",
              "Relation Name": "title",
              "Alias": "t",
              "Startup Cost": 0.43,
              "Total Cost": 8.34,
              "Plan Rows": 1,
              "Plan Width": 4,
              "Actual Startup Time": 0.009,
              "Actual Total Time": 0.009,
              "Actual Rows": 1,
              "Actual Loops": 234,
              "Index Cond": "(id = ci.movie_id)",
              "Rows Removed by Index Recheck": 0,
              "Heap Fetches": 234
            }
          ]
        }
      ]
    },
    "Planning Time": 0.597,
    "Triggers": [],
    "Execution Time": 3.452
  }
]