[
  {
    "Plan": {
      "Node Type": "Aggregate",
      "Strategy": "Plain",
      "Partial Mode": "Finalize",
      "Parallel Aware": false,
      "Startup Cost": 103759.02,
      "Total Cost": 103759.03,
      "Plan Rows": 1,
      "Plan Width": 8,
      "Actual Startup Time": 839.317,
      "Actual Total Time": 855.216,
      "Actual Rows": 1,
      "Actual Loops": 1,
      "Plans": [
        {
          "Node Type": "Gather",
          "Parent Relationship": "Outer",
          "Parallel Aware": false,
          "Startup Cost": 103758.8,
          "Total Cost": 103759.01,
          "Plan Rows": 2,
          "Plan Width": 8,
          "Actual Startup Time": 831.981,
          "Actual Total Time": 855.208,
          "Actual Rows": 3,
          "Actual Loops": 1,
          "Workers Planned": 2,
          "Workers Launched": 2,
          "Single Copy": false,
          "Plans": [
            {
              "Node Type": "Aggregate",
              "Strategy": "Plain",
              "Partial Mode": "Partial",
              "Parent Relationship": "Outer",
              "Parallel Aware": false,
              "Startup Cost": 102758.8,
              "Total Cost": 102758.81,
              "Plan Rows": 1,
              "Plan Width": 8,
              "Actual Startup Time": 822.192,
              "Actual Total Time": 822.201,
              "Actual Rows": 1,
              "Actual Loops": 3,
              "Plans": [
                {
                  "Node Type": "Hash Join",
                  "Parent Relationship": "Outer",
                  "Parallel Aware": true,
                  "Join Type": "Inner",
                  "Startup Cost": 85664.92,
                  "Total Cost": 102132.59,
                  "Plan Rows": 250487,
                  "Plan Width": 0,
                  "Actual Startup Time": 643.875,
                  "Actual Total Time": 797.534,
                  "Actual Rows": 633564,
                  "Actual Loops": 3,
                  "Inner Unique": false,
                  "Hash Cond": "(mi_idx.movie_id = t.id)",
                  "Plans": [
                    {
                      "Node Type": "Seq Scan",
                      "Parent Relationship": "Outer",
                      "Parallel Aware": true,
                      "Relation Name": "movie_info_idx",
                      "Alias": "mi_idx",
                      "Startup Cost": 0.0,
                      "Total Cost": 13685.15,
                      "Plan Rows": 575015,
                      "Plan Width": 4,
                      "Actual Startup Time": 0.036,
                      "Actual Total Time": 35.328,
                      "Actual Rows": 460012,
                      "Actual Loops": 3
                    },
                    {
                      "Node Type": "Hash",
                      "Parent Relationship": "Inner",
                      "Parallel Aware": true,
                      "Startup Cost": 82223.13,
                      "Total Cost": 82223.13,
                      "Plan Rows": 275343,
                      "Plan Width": 8,
                      "Actual Startup Time": 634.714,
                      "Actual Total Time": 634.722,
                      "Actual Rows": 329815,
                      "Actual Loops": 3,
                      "Hash Buckets": 2097152,
                      "Original Hash Buckets": 2097152,
                      "Hash Batches": 1,
                      "Original Hash Batches": 1,
                      "Peak Memory Usage": 55136,
                      "Plans": [
                        {
                          "Node Type": "Hash Join",
                          "Parent Relationship": "Outer",
                          "Parallel Aware": true,
                          "Join Type": "Inner",
                          "Startup Cost": 35855.83,
                          "Total Cost": 82223.13,
                          "Plan Rows": 275343,
                          "Plan Width": 8,
                          "Actual Startup Time": 194.444,
                          "Actual Total Time": 538.823,
                          "Actual Rows": 329815,
                          "Actual Loops": 3,
                          "Inner Unique": false,
                          "Hash Cond": "(t.id = mc.movie_id)",
                          "Plans": [
                            {
                              "Node Type": "Seq Scan",
                              "Parent Relationship": "Outer",
                              "Parallel Aware": true,
                              "Relation Name": "title",
                              "Alias": "t",
                              "Startup Cost": 0.0,
                              "Total Cost": 42318.73,
                              "Plan Rows": 632073,
                              "Plan Width": 4,
                              "Actual Startup Time": 0.011,
                              "Actual Total Time": 93.942,
                              "Actual Rows": 842771,
                              "Actual Loops": 3
                            },
                            {
                              "Node Type": "Hash",
                              "Parent Relationship": "Inner",
                              "Parallel Aware": true,
                              "Startup Cost": 31414.82,
                              "Total Cost": 31414.82,
                              "Plan Rows": 355281,
                              "Plan Width": 4,
                              "Actual Startup Time": 189.752,
                              "Actual Total Time": 189.753,
                              "Actual Rows": 329815,
                              "Actual Loops": 3,
                              "Hash Buckets": 2097152,
                              "Original Hash Buckets": 2097152,
                              "Hash Batches": 1,
                              "Original Hash Batches": 1,
                              "Peak Memory Usage": 55136,
                              "Plans": [
                                {
                                  "Node Type": "Seq Scan",
                                  "Parent Relationship": "Outer",
                                  "Parallel Aware": true,
                                  "Relation Name": "movie_companies",
                                  "Alias": "mc",
                                  "Startup Cost": 0.0,
                                  "Total Cost": 31414.82,
                                  "Plan Rows": 355281,
                                  "Plan Width": 4,
                                  "Actual Startup Time": 0.107,
                                  "Actual Total Time": 97.045,
                                  "Actual Rows": 329815,
                                  "Actual Loops": 3,
                                  "Filter": "((company_id > 197) AND (company_type_id < 2))",
                                  "Rows Removed by Filter": 539895
                                }
                              ]
                            }
                          ]
                        }
                      ]
                    }
                  ]
                }
              ]
            }
          ]
        }
      ]
    },
    "Planning Time": 1.166,
    "Triggers": [],
    "Execution Time": 855.287
  }
]