{
  "Plan": {
    "Node Type": "Aggregate",
    "Strategy": "Plain",
    "Partial Mode": "Finalize",
    "Parallel Aware": false,
    "Startup Cost": 91893.53,
    "Total Cost": 91893.54,
    "Plan Rows": 1,
    "Plan Width": 8,
    "Actual Startup Time": 287.609,
    "Actual Total Time": 300.643,
    "Actual Rows": 1,
    "Actual Loops": 1,
    "Plans": [
      {
        "Node Type": "Gather",
        "Parent Relationship": "Outer",
        "Parallel Aware": false,
        "Startup Cost": 91893.42,
        "Total Cost": 91893.53,
        "Plan Rows": 1,
        "Plan Width": 8,
        "Actual Startup Time": 287.004,
        "Actual Total Time": 300.635,
        "Actual Rows": 2,
        "Actual Loops": 1,
        "Workers Planned": 1,
        "Workers Launched": 1,
        "Single Copy": false,
        "Plans": [
          {
            "Node Type": "Aggregate",
            "Strategy": "Plain",
            "Partial Mode": "Partial",
            "Parent Relationship": "Outer",
            "Parallel Aware": false,
            "Startup Cost": 90893.42,
            "Total Cost": 90893.43,
            "Plan Rows": 1,
            "Plan Width": 8,
            "Actual Startup Time": 280.941,
            "Actual Total Time": 280.945,
            "Actual Rows": 1,
            "Actual Loops": 2,
            "Plans": [
              {
                "Node Type": "Hash Join",
                "Parent Relationship": "Outer",
                "Parallel Aware": true,
                "Join Type": "Inner",
                "Startup Cost": 58397.27,
                "Total Cost": 90840.03,
                "Plan Rows": 21356,
                "Plan Width": 0,
                "Actual Startup Time": 150.05,
                "Actual Total Time": 279.124,
                "Actual Rows": 30976,
                "Actual Loops": 2,
                "Inner Unique": true,
                "Hash Cond": "(mk.movie_id = t.id)",
                "Plans": [
                  {
                    "Node Type": "Bitmap Heap Scan",
                    "Parent Relationship": "Outer",
                    "Parallel Aware": true,
                    "Relation Name": "movie_keyword",
                    "Alias": "mk",
                    "Startup Cost": 19047.24,
                    "Total Cost": 50103.51,
                    "Plan Rows": 528182,
                    "Plan Width": 4,
                    "Actual Startup Time": 47.869,
                    "Actual Total Time": 153.83,
                    "Actual Rows": 453007,
                    "Actual Loops": 2,
                    "Recheck Cond": "(keyword_id < 865)",
                    "Rows Removed by Index Recheck": 0,
                    "Exact Heap Blocks": 16808,
                    "Lossy Heap Blocks": 0,
                    "Plans": [
                      {
                        "Node Type": "Bitmap Index Scan",
                        "Parent Relationship": "Outer",
                        "Parallel Aware": false,
                        "Index Name": "keyword_id_movie_keyword",
                        "Startup Cost": 0.0,
                        "Total Cost": 18822.76,
                        "Plan Rows": 897910,
                        "Plan Width": 0,
                        "Actual Startup Time": 44.202,
                        "Actual Total Time": 44.203,
                        "Actual Rows": 906014,
                        "Actual Loops": 1,
                        "Index Cond": "(keyword_id < 865)"
                      }
                    ]
                  },
                  {
                    "Node Type": "Hash",
                    "Parent Relationship": "Inner",
                    "Parallel Aware": true,
                    "Startup Cost": 38598.36,
                    "Total Cost": 38598.36,
                    "Plan Rows": 60134,
                    "Plan Width": 4,
                    "Actual Startup Time": 62.927,
                    "Actual Total Time": 62.928,
                    "Actual Rows": 50268,
                    "Actual Loops": 2,
                    "Hash Buckets": 131072,
                    "Original Hash Buckets": 131072,
                    "Hash Batches": 1,
                    "Original Hash Batches": 1,
                    "Peak Memory Usage": 4992,
                    "Plans": [
                      {
                        "Node Type": "Bitmap Heap Scan",
                        "Parent Relationship": "Outer",
                        "Parallel Aware": true,
                        "Relation Name": "title",
                        "Alias": "t",
                        "Startup Cost": 1848.69,
                        "Total Cost": 38598.36,
                        "Plan Rows": 60134,
                        "Plan Width": 4,
                        "Actual Startup Time": 15.276,
                        "Actual Total Time": 50.638,
                        "Actual Rows": 50268,
                        "Actual Loops": 2,
                        "Recheck Cond": "(kind_id = 3)",
                        "Rows Removed by Index Recheck": 0,
                        "Exact Heap Blocks": 10537,
                        "Lossy Heap Blocks": 0,
                        "Plans": [
                          {
                            "Node Type": "Bitmap Index Scan",
                            "Parent Relationship": "Outer",
                            "Parallel Aware": false,
                            "Index Name": "kind_id_title",
                            "Startup Cost": 0.0,
                            "Total Cost": 1823.13,
                            "Plan Rows": 102227,
                            "Plan Width": 0,
                            "Actual Startup Time": 14.748,
                            "Actual Total Time": 14.749,
                            "Actual Rows": 100537,
                            "Actual Loops": 1,
                            "Index Cond": "(kind_id = 3)"
                          }
                        ]
                      }
                    ]
                  }
                ]
              }
            ]
          }
        ]
      }
    ]
  },
  "Planning Time": 0.521,
  "Triggers": [],
  "Execution Time": 300.749
}