{
  "Plan": {
    "Node Type": "Aggregate",
    "Strategy": "Plain",
    "Partial Mode": "Finalize",
    "Parallel Aware": false,
    "Startup Cost": 123666.46,
    "Total Cost": 123666.47,
    "Plan Rows": 1,
    "Plan Width": 8,
    "Actual Startup Time": 832.773,
    "Actual Total Time": 852.236,
    "Actual Rows": 1,
    "Actual Loops": 1,
    "Plans": [
      {
        "Node Type": "Gather",
        "Parent Relationship": "Outer",
        "Parallel Aware": false,
        "Startup Cost": 123666.34,
        "Total Cost": 123666.45,
        "Plan Rows": 1,
        "Plan Width": 8,
        "Actual Startup Time": 830.087,
        "Actual Total Time": 852.229,
        "Actual Rows": 2,
        "Actual Loops": 1,
        "Workers Planned": 1,
        "Workers Launched": 1,
        "Single Copy": false,
        "Plans": [
          {
            "Node Type": "Aggregate",
            "Strategy": "Plain",
            "Partial Mode": "Partial",
            "Parent Relationship": "Outer",
            "Parallel Aware": false,
            "Startup Cost": 122666.34,
            "Total Cost": 122666.35,
            "Plan Rows": 1,
            "Plan Width": 8,
            "Actual Startup Time": 817.021,
            "Actual Total Time": 817.025,
            "Actual Rows": 1,
            "Actual Loops": 2,
            "Plans": [
              {
                "Node Type": "Hash Join",
                "Parent Relationship": "Outer",
                "Parallel Aware": true,
                "Join Type": "Inner",
                "Startup Cost": 88773.12,
                "Total Cost": 121327.45,
                "Plan Rows": 535559,
                "Plan Width": 0,
                "Actual Startup Time": 605.818,
                "Actual Total Time": 796.519,
                "Actual Rows": 449748,
                "Actual Loops": 2,
                "Inner Unique": true,
                "Hash Cond": "(mk.movie_id = t.id)",
                "Plans": [
                  {
                    "Node Type": "Bitmap Heap Scan",
                    "Parent Relationship": "Outer",
                    "Parallel Aware": true,
                    "Relation Name": "movie_keyword",
                    "Alias": "mk",
                    "Startup Cost": 19312.42,
                    "Total Cost": 50460.91,
                    "Plan Rows": 535559,
                    "Plan Width": 4,
                    "Actual Startup Time": 62.392,
                    "Actual Total Time": 146.117,
                    "Actual Rows": 449748,
                    "Actual Loops": 2,
                    "Recheck Cond": "(keyword_id > 20521)",
                    "Rows Removed by Index Recheck": 0,
                    "Exact Heap Blocks": 12917,
                    "Lossy Heap Blocks": 0,
                    "Plans": [
                      {
                        "Node Type": "Bitmap Index Scan",
                        "Parent Relationship": "Outer",
                        "Parallel Aware": false,
                        "Index Name": "keyword_id_movie_keyword",
                        "Startup Cost": 0.0,
                        "Total Cost": 19084.81,
                        "Plan Rows": 910450,
                        "Plan Width": 0,
                        "Actual Startup Time": 58.781,
                        "Actual Total Time": 58.781,
                        "Actual Rows": 899496,
                        "Actual Loops": 1,
                        "Index Cond": "(keyword_id > 20521)"
                      }
                    ]
                  },
                  {
                    "Node Type": "Hash",
                    "Parent Relationship": "Inner",
                    "Parallel Aware": true,
                    "Startup Cost": 50870.31,
                    "Total Cost": 50870.31,
                    "Plan Rows": 1487231,
                    "Plan Width": 4,
                    "Actual Startup Time": 521.178,
                    "Actual Total Time": 521.179,
                    "Actual Rows": 1264156,
                    "Actual Loops": 2,
                    "Hash Buckets": 4194304,
                    "Original Hash Buckets": 4194304,
                    "Hash Batches": 1,
                    "Original Hash Batches": 1,
                    "Peak Memory Usage": 131712,
                    "Plans": [
                      {
                        "Node Type": "Seq Scan",
                        "Parent Relationship": "Outer",
                        "Parallel Aware": true,
                        "Relation Name": "title",
                        "Alias": "t",
                        "Startup Cost": 0.0,
                        "Total Cost": 50870.31,
                        "Plan Rows": 1487231,
                        "Plan Width": 4,
                        "Actual Startup Time": 0.025,
                        "Actual Total Time": 151.636,
                        "Actual Rows": 1264156,
                        "Actual Loops": 2
                      }
                    ]
                  }
                ]
              }
            ]
          }
        ]
      }
    ]
  },
  "Planning Time": 0.654,
  "Triggers": [],
  "Execution Time": 852.325
}