[
  {
    "Plan": {
      "Node Type": "Aggregate",
      "Strategy": "Plain",
      "Partial Mode": "Simple",
      "Parallel Aware": false,
      "Startup Cost": 6425.73,
      "Total Cost": 6425.74,
      "Plan Rows": 1,
      "Plan Width": 96,
      "Actual Startup Time": 65.132,
      "Actual Total Time": 74.773,
      "Actual Rows": 1,
      "Actual Loops": 1,
      "Plans": [
        {
          "Node Type": "Nested Loop",
          "Parent Relationship": "Outer",
          "Parallel Aware": false,
          "Join Type": "Inner",
          "Startup Cost": 1004.27,
          "Total Cost": 6425.72,
          "Plan Rows": 1,
          "Plan Width": 48,
          "Actual Startup Time": 27.953,
          "Actual Total Time": 74.76,
          "Actual Rows": 5,
          "Actual Loops": 1,
          "Inner Unique": true,
          "Plans": [
            {
              "Node Type": "Nested Loop",
              "Parent Relationship": "Outer",
              "Parallel Aware": false,
              "Join Type": "Inner",
              "Startup Cost": 1004.14,
              "Total Cost": 6425.55,
              "Plan Rows": 1,
              "Plan Width": 52,
              "Actual Startup Time": 27.933,
              "Actual Total Time": 74.734,
              "Actual Rows": 5,
              "Actual Loops": 1,
              "Inner Unique": true,
              "Plans": [
                {
                  "Node Type": "Nested Loop",
                  "Parent Relationship": "Outer",
                  "Parallel Aware": false,
                  "Join Type": "Inner",
                  "Startup Cost": 1003.71,
                  "Total Cost": 6424.78,
                  "Plan Rows": 1,
                  "Plan Width": 45,
                  "Actual Startup Time": 26.706,
                  "Actual Total Time": 74.042,
                  "Actual Rows": 55,
                  "Actual Loops": 1,
                  "Inner Unique": true,
                  "Plans": [
                    {
                      "Node Type": "Nested Loop",
                      "Parent Relationship": "Outer",
                      "Parallel Aware": false,
                      "Join Type": "Inner",
                      "Startup Cost": 1003.29,
                      "Total Cost": 6424.32,
                      "Plan Rows": 1,
                      "Plan Width": 49,
                      "Actual Startup Time": 13.028,
                      "Actual Total Time": 70.817,
                      "Actual Rows": 1925,
                      "Actual Loops": 1,
                      "Inner Unique": true,
                      "Plans": [
                        {
                          "Node Type": "Nested Loop",
                          "Parent Relationship": "Outer",
                          "Parallel Aware": false,
                          "Join Type": "Inner",
                          "Startup Cost": 1003.15,
                          "Total Cost": 6424.14,
                          "Plan Rows": 1,
                          "Plan Width": 53,
                          "Actual Startup Time": 13.001,
                          "Actual Total Time": 69.108,
                          "Actual Rows": 1925,
                          "Actual Loops": 1,
                          "Inner Unique": false,
                          "Join Filter": "(t.id = mi.movie_id)",
                          "Rows Removed by Join Filter": 0,
                          "Plans": [
                            {
                              "Node Type": "Nested Loop",
                              "Parent Relationship": "Outer",
                              "Parallel Aware": false,
                              "Join Type": "Inner",
                              "Startup Cost": 1002.71,
                              "Total Cost": 6422.62,
                              "Plan Rows": 1,
                              "Plan Width": 65,
                              "Actual Startup Time": 12.884,
                              "Actual Total Time": 55.516,
                              "Actual Rows": 1925,
                              "Actual Loops": 1,
                              "Inner Unique": true,
                              "Plans": [
                                {
                                  "Node Type": "Nested Loop",
                                  "Parent Relationship": "Outer",
                                  "Parallel Aware": false,
                                  "Join Type": "Inner",
                                  "Startup Cost": 1002.28,
                                  "Total Cost": 6421.96,
                                  "Plan Rows": 1,
                                  "Plan Width": 53,
                                  "Actual Startup Time": 12.822,
                                  "Actual Total Time": 52.054,
                                  "Actual Rows": 1925,
                                  "Actual Loops": 1,
                                  "Inner Unique": false,
                                  "Plans": [
                                    {
                                      "Node Type": "Nested Loop",
                                      "Parent Relationship": "Outer",
                                      "Parallel Aware": false,
                                      "Join Type": "Inner",
                                      "Startup Cost": 1001.86,
                                      "Total Cost": 6421.41,
                                      "Plan Rows": 1,
                                      "Plan Width": 49,
                                      "Actual Startup Time": 12.723,
                                      "Actual Total Time": 49.529,
                                      "Actual Rows": 770,
                                      "Actual Loops": 1,
                                      "Inner Unique": false,
                                      "Join Filter": "(t.id = ci.movie_id)",
                                      "Rows Removed by Join Filter": 0,
                                      "Plans": [
                                        {
                                          "Node Type": "Nested Loop",
                                          "Parent Relationship": "Outer",
                                          "Parallel Aware": false,
                                          "Join Type": "Inner",
                                          "Startup Cost": 1001.29,
                                          "Total Cost": 6419.73,
                                          "Plan Rows": 1,
                                          "Plan Width": 33,
                                          "Actual Startup Time": 12.604,
                                          "Actual Total Time": 47.088,
                                          "Actual Rows": 35,
                                          "Actual Loops": 1,
                                          "Inner Unique": false,
                                          "Join Filter": "(t.id = mk.movie_id)",
                                          "Rows Removed by Join Filter": 0,
                                          "Plans": [
                                            {
                                              "Node Type": "Gather",
                                              "Parent Relationship": "Outer",
                                              "Parallel Aware": false,
                                              "Startup Cost": 1000.86,
                                              "Total Cost": 6417.85,
                                              "Plan Rows": 1,
                                              "Plan Width": 25,
                                              "Actual Startup Time": 12.492,
                                              "Actual Total Time": 46.958,
                                              "Actual Rows": 1,
                                              "Actual Loops": 1,
                                              "Workers Planned": 1,
                                              "Workers Launched": 1,
                                              "Single Copy": false,
                                              "Plans": [
                                                {
                                                  "Node Type": "Nested Loop",
                                                  "Parent Relationship": "Outer",
                                                  "Parallel Aware": false,
                                                  "Join Type": "Inner",
                                                  "Startup Cost": 0.86,
                                                  "Total Cost": 5417.75,
                                                  "Plan Rows": 1,
                                                  "Plan Width": 25,
                                                  "Actual Startup Time": 32.299,
                                                  "Actual Total Time": 44.601,
                                                  "Actual Rows": 0,
                                                  "Actual Loops": 2,
                                                  "Inner Unique": true,
                                                  "Plans": [
                                                    {
                                                      "Node Type": "Nested Loop",
                                                      "Parent Relationship": "Outer",
                                                      "Parallel Aware": false,
                                                      "Join Type": "Inner",
                                                      "Startup Cost": 0.43,
                                                      "Total Cost": 5414.62,
                                                      "Plan Rows": 6,
                                                      "Plan Width": 4,
                                                      "Actual Startup Time": 31.224,
                                                      "Actual Total Time": 37.255,
                                                      "Actual Rows": 558,
                                                      "Actual Loops": 2,
                                                      "Inner Unique": false,
                                                      "Plans": [
                                                        {
                                                          "Node Type": "Seq Scan",
                                                          "Parent Relationship": "Outer",
                                                          "Parallel Aware": true,
                                                          "Relation Name": "company_name",
                                                          "Alias": "cn",
                                                          "Startup Cost": 0.0,
                                                          "Total Cost": 5068.5,
                                                          "Plan Rows": 1,
                                                          "Plan Width": 4,
                                                          "Actual Startup Time": 31.162,
                                                          "Actual Total Time": 35.82,
                                                          "Actual Rows": 0,
                                                          "Actual Loops": 2,
                                                          "Filter": "(((country_code)::text = '[us]'::text) AND (name = 'NBC Universal Television'::text))",
                                                          "Rows Removed by Filter": 117498
                                                        },
                                                        {
                                                          "Node Type": "Index Scan",
                                                          "Parent Relationship": "Inner",
                                                          "Parallel Aware": false,
                                                          "Scan Direction": "Forward",
                                                          "Index Name": "company_id_movie_companies",
                                                          "Relation Name": "movie_companies",
                                                          "Alias": "mc",
                                                          "Startup Cost": 0.43,
                                                          "Total Cost": 344.81,
                                                          "Plan Rows": 131,
                                                          "Plan Width": 8,
                                                          "Actual Startup Time": 0.116,
                                                          "Actual Total Time": 2.698,
                                                          "Actual Rows": 1117,
                                                          "Actual Loops": 1,
                                                          "Index Cond": "(company_id = cn.id)",
                                                          "Rows Removed by Index Recheck": 0
                                                        }
                                                      ]
                                                    },
                                                    {
                                                      "Node Type": "Index Scan",
                                                      "Parent Relationship": "Inner",
                                                      "Parallel Aware": false,
                                                      "Scan Direction": "Forward",
                                                      "Index Name": "title_pkey",
                                                      "Relation Name": "title",
                                                      "Alias": "t",
                                                      "Startup Cost": 0.43,
                                                      "Total Cost": 0.52,
                                                      "Plan Rows": 1,
                                                      "Plan Width": 21,
                                                      "Actual Startup Time": 0.013,
                                                      "Actual Total Time": 0.013,
                                                      "Actual Rows": 0,
                                                      "Actual Loops": 1117,
                                                      "Index Cond": "(id = mc.movie_id)",
                                                      "Rows Removed by Index Recheck": 0,
                                                      "Filter": "((title ~~ 'Kung Fu Panda%'::text) AND (production_year > 2008))",
                                                      "Rows Removed by Filter": 1
                                                    }
                                                  ]
                                                }
                                              ]
                                            },
                                            {
                                              "Node Type": "Index Scan",
                                              "Parent Relationship": "Inner",
                                              "Parallel Aware": false,
                                              "Scan Direction": "Forward",
                                              "Index Name": "movie_id_movie_keyword",
                                              "Relation Name": "movie_keyword",
                                              "Alias": "mk",
                                              "Startup Cost": 0.43,
                                              "Total Cost": 1.31,
                                              "Plan Rows": 46,
                                              "Plan Width": 8,
                                              "Actual Startup Time": 0.109,
                                              "Actual Total Time": 0.12,
                                              "Actual Rows": 35,
                                              "Actual Loops": 1,
                                              "Index Cond": "(movie_id = mc.movie_id)",
                                              "Rows Removed by Index Recheck": 0
                                            }
                                          ]
                                        },
                                        {
                                          "Node Type": "Index Scan",
                                          "Parent Relationship": "Inner",
                                          "Parallel Aware": false,
                                          "Scan Direction": "Forward",
                                          "Index Name": "movie_id_cast_info",
                                          "Relation Name": "cast_info",
                                          "Alias": "ci",
                                          "Startup Cost": 0.56,
                                          "Total Cost": 1.67,
                                          "Plan Rows": 1,
                                          "Plan Width": 16,
                                          "Actual Startup Time": 0.006,
                                          "Actual Total Time": 0.066,
                                          "Actual Rows": 22,
                                          "Actual Loops": 35,
                                          "Index Cond": "(movie_id = mk.movie_id)",
                                          "Rows Removed by Index Recheck": 0,
                                          "Filter": "(note = ANY ('{(voice),\"(voice: Japanese version)\",\"(voice) (uncredited)\",\"(voice: English version)\"}'::text[]))",
                                          "Rows Removed by Filter": 47
                                        }
                                      ]
                                    },
                                    {
                                      "Node Type": "Index Scan",
                                      "Parent Relationship": "Inner",
                                      "Parallel Aware": false,
                                      "Scan Direction": "Forward",
                                      "Index Name": "person_id_aka_name",
                                      "Relation Name": "aka_name",
                                      "Alias": "an",
                                      "Startup Cost": 0.42,
                                      "Total Cost": 0.53,
                                      "Plan Rows": 2,
                                      "Plan Width": 4,
                                      "Actual Startup Time": 0.002,
                                      "Actual Total Time": 0.003,
                                      "Actual Rows": 2,
                                      "Actual Loops": 770,
                                      "Index Cond": "(person_id = ci.person_id)",
                                      "Rows Removed by Index Recheck": 0
                                    }
                                  ]
                                },
                                {
                                  "Node Type": "Index Scan",
                                  "Parent Relationship": "Inner",
                                  "Parallel Aware": false,
                                  "Scan Direction": "Forward",
                                  "Index Name": "char_name_pkey",
                                  "Relation Name": "char_name",
                                  "Alias": "chn",
                                  "Startup Cost": 0.43,
                                  "Total Cost": 0.66,
                                  "Plan Rows": 1,
                                  "Plan Width": 20,
                                  "Actual Startup Time": 0.002,
                                  "Actual Total Time": 0.002,
                                  "Actual Rows": 1,
                                  "Actual Loops": 1925,
                                  "Index Cond": "(id = ci.person_role_id)",
                                  "Rows Removed by Index Recheck": 0
                                }
                              ]
                            },
                            {
                              "Node Type": "Index Scan",
                              "Parent Relationship": "Inner",
                              "Parallel Aware": false,
                              "Scan Direction": "Forward",
                              "Index Name": "movie_id_movie_info",
                              "Relation Name": "movie_info",
                              "Alias": "mi",
                              "Startup Cost": 0.43,
                              "Total Cost": 1.5,
                              "Plan Rows": 1,
                              "Plan Width": 8,
                              "Actual Startup Time": 0.003,
                              "Actual Total Time": 0.007,
                              "Actual Rows": 1,
                              "Actual Loops": 1925,
                              "Index Cond": "(movie_id = mk.movie_id)",
                              "Rows Removed by Index Recheck": 0,
                              "Filter": "((info IS NOT NULL) AND ((info ~~ 'Japan:%201%'::text) OR (info ~~ 'USA:%201%'::text)))",
                              "Rows Removed by Filter": 24
                            }
                          ]
                        },
                        {
                          "Node Type": "Index Scan",
                          "Parent Relationship": "Inner",
                          "Parallel Aware": false,
                          "Scan Direction": "Forward",
                          "Index Name": "info_type_pkey",
                          "Relation Name": "info_type",
                          "Alias": "it",
                          "Startup Cost": 0.14,
                          "Total Cost": 0.16,
                          "Plan Rows": 1,
                          "Plan Width": 4,
                          "Actual Startup Time": 0.001,
                          "Actual Total Time": 0.001,
                          "Actual Rows": 1,
                          "Actual Loops": 1925,
                          "Index Cond": "(id = mi.info_type_id)",
                          "Rows Removed by Index Recheck": 0,
                          "Filter": "((info)::text = 'release dates'::text)",
                          "Rows Removed by Filter": 0
                        }
                      ]
                    },
                    {
                      "Node Type": "Index Scan",
                      "Parent Relationship": "Inner",
                      "Parallel Aware": false,
                      "Scan Direction": "Forward",
                      "Index Name": "keyword_pkey",
                      "Relation Name": "keyword",
                      "Alias": "k",
                      "Startup Cost": 0.42,
                      "Total Cost": 0.44,
                      "Plan Rows": 1,
                      "Plan Width": 4,
                      "Actual Startup Time": 0.002,
                      "Actual Total Time": 0.002,
                      "Actual Rows": 0,
                      "Actual Loops": 1925,
                      "Index Cond": "(id = mk.keyword_id)",
                      "Rows Removed by Index Recheck": 0,
                      "Filter": "(keyword = ANY ('{blood,tv-special,fight,hand-to-hand-combat}'::text[]))",
                      "Rows Removed by Filter": 1
                    }
                  ]
                },
                {
                  "Node Type": "Index Scan",
                  "Parent Relationship": "Inner",
                  "Parallel Aware": false,
                  "Scan Direction": "Forward",
                  "Index Name": "name_pkey",
                  "Relation Name": "name",
                  "Alias": "n",
                  "Startup Cost": 0.43,
                  "Total Cost": 0.77,
                  "Plan Rows": 1,
                  "Plan Width": 19,
                  "Actual Startup Time": 0.012,
                  "Actual Total Time": 0.012,
                  "Actual Rows": 0,
                  "Actual Loops": 55,
                  "Index Cond": "(id = ci.person_id)",
                  "Rows Removed by Index Recheck": 0,
                  "Filter": "((name ~~ '%An%'::text) AND ((gender)::text = 'f'::text))",
                  "Rows Removed by Filter": 1
                }
              ]
            },
            {
              "Node Type": "Index Scan",
              "Parent Relationship": "Inner",
              "Parallel Aware": false,
              "Scan Direction": "Forward",
              "Index Name": "role_type_pkey",
              "Relation Name": "role_type",
              "Alias": "rt",
              "Startup Cost": 0.14,
              "Total Cost": 0.16,
              "Plan Rows": 1,
              "Plan Width": 4,
              "Actual Startup Time": 0.004,
              "Actual Total Time": 0.004,
              "Actual Rows": 1,
              "Actual Loops": 5,
              "Index Cond": "(id = ci.role_id)",
              "Rows Removed by Index Recheck": 0,
              "Filter": "((role)::text = 'actress'::text)",
              "Rows Removed by Filter": 0
            }
          ]
        }
      ]
    },
    "Planning Time": 61.506,
    "Triggers": [],
    "Execution Time": 75.081
  }
]