{
  "Plan": {
    "Node Type": "Aggregate",
    "Strategy": "Plain",
    "Partial Mode": "Finalize",
    "Parallel Aware": false,
    "Startup Cost": 178696.82,
    "Total Cost": 178696.83,
    "Plan Rows": 1,
    "Plan Width": 8,
    "Actual Startup Time": 161.71,
    "Actual Total Time": 174.145,
    "Actual Rows": 1,
    "Actual Loops": 1,
    "Plans": [
      {
        "Node Type": "Gather",
        "Parent Relationship": "Outer",
        "Parallel Aware": false,
        "Startup Cost": 178696.71,
        "Total Cost": 178696.82,
        "Plan Rows": 1,
        "Plan Width": 8,
        "Actual Startup Time": 161.481,
        "Actual Total Time": 174.139,
        "Actual Rows": 2,
        "Actual Loops": 1,
        "Workers Planned": 1,
        "Workers Launched": 1,
        "Single Copy": false,
        "Plans": [
          {
            "Node Type": "Aggregate",
            "Strategy": "Plain",
            "Partial Mode": "Partial",
            "Parent Relationship": "Outer",
            "Parallel Aware": false,
            "Startup Cost": 177696.71,
            "Total Cost": 177696.72,
            "Plan Rows": 1,
            "Plan Width": 8,
            "Actual Startup Time": 155.401,
            "Actual Total Time": 155.405,
            "Actual Rows": 1,
            "Actual Loops": 2,
            "Plans": [
              {
                "Node Type": "Hash Join",
                "Parent Relationship": "Outer",
                "Parallel Aware": true,
                "Join Type": "Inner",
                "Startup Cost": 55873.48,
                "Total Cost": 177696.04,
                "Plan Rows": 265,
                "Plan Width": 0,
                "Actual Startup Time": 143.725,
                "Actual Total Time": 155.386,
                "Actual Rows": 180,
                "Actual Loops": 2,
                "Inner Unique": true,
                "Hash Cond": "(mi.movie_id = t.id)",
                "Plans": [
                  {
                    "Node Type": "Bitmap Heap Scan",
                    "Parent Relationship": "Outer",
                    "Parallel Aware": true,
                    "Relation Name": "movie_info",
                    "Alias": "mi",
                    "Startup Cost": 1153.1,
                    "Total Cost": 122877.51,
                    "Plan Rows": 37394,
                    "Plan Width": 4,
                    "Actual Startup Time": 3.278,
                    "Actual Total Time": 13.385,
                    "Actual Rows": 30564,
                    "Actual Loops": 2,
                    "Recheck Cond": "(info_type_id = 103)",
                    "Rows Removed by Index Recheck": 0,
                    "Exact Heap Blocks": 3162,
                    "Lossy Heap Blocks": 0,
                    "Plans": [
                      {
                        "Node Type": "Bitmap Index Scan",
                        "Parent Relationship": "Outer",
                        "Parallel Aware": false,
                        "Index Name": "info_type_id_movie_info",
                        "Startup Cost": 0.0,
                        "Total Cost": 1137.21,
                        "Plan Rows": 63570,
                        "Plan Width": 0,
                        "Actual Startup Time": 2.554,
                        "Actual Total Time": 2.554,
                        "Actual Rows": 61128,
                        "Actual Loops": 1,
                        "Index Cond": "(info_type_id = 103)"
                      }
                    ]
                  },
                  {
                    "Node Type": "Hash",
                    "Parent Relationship": "Inner",
                    "Parallel Aware": true,
                    "Startup Cost": 54588.39,
                    "Total Cost": 54588.39,
                    "Plan Rows": 10559,
                    "Plan Width": 4,
                    "Actual Startup Time": 137.089,
                    "Actual Total Time": 137.089,
                    "Actual Rows": 8286,
                    "Actual Loops": 2,
                    "Hash Buckets": 32768,
                    "Original Hash Buckets": 32768,
                    "Hash Batches": 1,
                    "Original Hash Batches": 1,
                    "Peak Memory Usage": 928,
                    "Plans": [
                      {
                        "Node Type": "Seq Scan",
                        "Parent Relationship": "Outer",
                        "Parallel Aware": true,
                        "Relation Name": "title",
                        "Alias": "t",
                        "Startup Cost": 0.0,
                        "Total Cost": 54588.39,
                        "Plan Rows": 10559,
                        "Plan Width": 4,
                        "Actual Startup Time": 0.136,
                        "Actual Total Time": 133.907,
                        "Actual Rows": 8286,
                        "Actual Loops": 2,
                        "Filter": "(production_year = 1984)",
                        "Rows Removed by Filter": 1255870
                      }
                    ]
                  }
                ]
              }
            ]
          }
        ]
      }
    ]
  },
  "Planning Time": 0.509,
  "Triggers": [],
  "Execution Time": 174.238
}