{
  "Plan": {
    "Node Type": "Aggregate",
    "Strategy": "Plain",
    "Partial Mode": "Finalize",
    "Parallel Aware": false,
    "Startup Cost": 106295.15,
    "Total Cost": 106295.16,
    "Plan Rows": 1,
    "Plan Width": 8,
    "Actual Startup Time": 441.267,
    "Actual Total Time": 489.899,
    "Actual Rows": 1,
    "Actual Loops": 1,
    "Plans": [
      {
        "Node Type": "Gather",
        "Parent Relationship": "Outer",
        "Parallel Aware": false,
        "Startup Cost": 106295.04,
        "Total Cost": 106295.15,
        "Plan Rows": 1,
        "Plan Width": 8,
        "Actual Startup Time": 440.946,
        "Actual Total Time": 489.891,
        "Actual Rows": 2,
        "Actual Loops": 1,
        "Workers Planned": 1,
        "Workers Launched": 1,
        "Single Copy": false,
        "Plans": [
          {
            "Node Type": "Aggregate",
            "Strategy": "Plain",
            "Partial Mode": "Partial",
            "Parent Relationship": "Outer",
            "Parallel Aware": false,
            "Startup Cost": 105295.04,
            "Total Cost": 105295.05,
            "Plan Rows": 1,
            "Plan Width": 8,
            "Actual Startup Time": 434.357,
            "Actual Total Time": 434.361,
            "Actual Rows": 1,
            "Actual Loops": 2,
            "Plans": [
              {
                "Node Type": "Nested Loop",
                "Parent Relationship": "Outer",
                "Parallel Aware": false,
                "Join Type": "Inner",
                "Startup Cost": 63391.65,
                "Total Cost": 105214.34,
                "Plan Rows": 32279,
                "Plan Width": 0,
                "Actual Startup Time": 164.966,
                "Actual Total Time": 427.832,
                "Actual Rows": 117146,
                "Actual Loops": 2,
                "Inner Unique": false,
                "Join Filter": "(t.id = ci.movie_id)",
                "Rows Removed by Join Filter": 0,
                "Plans": [
                  {
                    "Node Type": "Hash Join",
                    "Parent Relationship": "Outer",
                    "Parallel Aware": true,
                    "Join Type": "Inner",
                    "Startup Cost": 63391.09,
                    "Total Cost": 84120.95,
                    "Plan Rows": 2473,
                    "Plan Width": 8,
                    "Actual Startup Time": 164.898,
                    "Actual Total Time": 200.771,
                    "Actual Rows": 4768,
                    "Actual Loops": 2,
                    "Inner Unique": true,
                    "Hash Cond": "(mc.movie_id = t.id)",
                    "Plans": [
                      {
                        "Node Type": "Bitmap Heap Scan",
                        "Parent Relationship": "Outer",
                        "Parallel Aware": true,
                        "Relation Name": "movie_companies",
                        "Alias": "mc",
                        "Startup Cost": 4726.19,
                        "Total Cost": 25119.38,
                        "Plan Rows": 128255,
                        "Plan Width": 4,
                        "Actual Startup Time": 14.833,
                        "Actual Total Time": 32.874,
                        "Actual Rows": 107316,
                        "Actual Loops": 2,
                        "Recheck Cond": "(company_id > 109335)",
                        "Rows Removed by Index Recheck": 0,
                        "Exact Heap Blocks": 3029,
                        "Lossy Heap Blocks": 0,
                        "Plans": [
                          {
                            "Node Type": "Bitmap Index Scan",
                            "Parent Relationship": "Outer",
                            "Parallel Aware": false,
                            "Index Name": "company_id_movie_companies",
                            "Startup Cost": 0.0,
                            "Total Cost": 4671.69,
                            "Plan Rows": 218034,
                            "Plan Width": 0,
                            "Actual Startup Time": 14.15,
                            "Actual Total Time": 14.151,
                            "Actual Rows": 214631,
                            "Actual Loops": 1,
                            "Index Cond": "(company_id > 109335)"
                          }
                        ]
                      },
                      {
                        "Node Type": "Hash",
                        "Parent Relationship": "Inner",
                        "Parallel Aware": true,
                        "Startup Cost": 58306.47,
                        "Total Cost": 58306.47,
                        "Plan Rows": 28674,
                        "Plan Width": 4,
                        "Actual Startup Time": 148.726,
                        "Actual Total Time": 148.727,
                        "Actual Rows": 17744,
                        "Actual Loops": 2,
                        "Hash Buckets": 65536,
                        "Original Hash Buckets": 65536,
                        "Hash Batches": 1,
                        "Original Hash Batches": 1,
                        "Peak Memory Usage": 1952,
                        "Plans": [
                          {
                            "Node Type": "Seq Scan",
                            "Parent Relationship": "Outer",
                            "Parallel Aware": true,
                            "Relation Name": "title",
                            "Alias": "t",
                            "Startup Cost": 0.0,
                            "Total Cost": 58306.47,
                            "Plan Rows": 28674,
                            "Plan Width": 4,
                            "Actual Startup Time": 0.462,
                            "Actual Total Time": 142.53,
                            "Actual Rows": 17744,
                            "Actual Loops": 2,
                            "Filter": "((kind_id < 7) AND (production_year = 2007))",
                            "Rows Removed by Filter": 1246412
                          }
                        ]
                      }
                    ]
                  },
                  {
                    "Node Type": "Index Scan",
                    "Parent Relationship": "Inner",
                    "Parallel Aware": false,
                    "Scan Direction": "Forward",
                    "Index Name": "movie_id_cast_info",
                    "Relation Name": "cast_info",
                    "Alias": "ci",
                    "Startup Cost": 0.56,
                    "Total Cost": 8.12,
                    "Plan Rows": 33,
                    "Plan Width": 4,
                    "Actual Startup Time": 0.006,
                    "Actual Total Time": 0.045,
                    "Actual Rows": 25,
                    "Actual Loops": 9535,
                    "Index Cond": "(movie_id = mc.movie_id)",
                    "Rows Removed by Index Recheck": 0,
                    "Filter": "(person_id < 3487757)",
                    "Rows Removed by Filter": 4
                  }
                ]
              }
            ]
          }
        ]
      }
    ]
  },
  "Planning Time": 1.043,
  "Triggers": [],
  "Execution Time": 490.026
}