[
  {
    "Plan": {
      "Node Type": "Aggregate",
      "Strategy": "Plain",
      "Partial Mode": "Finalize",
      "Parallel Aware": false,
      "Startup Cost": 246130.13,
      "Total Cost": 246130.14,
      "Plan Rows": 1,
      "Plan Width": 8,
      "Actual Startup Time": 496.414,
      "Actual Total Time": 543.383,
      "Actual Rows": 1,
      "Actual Loops": 1,
      "Plans": [
        {
          "Node Type": "Gather",
          "Parent Relationship": "Outer",
          "Parallel Aware": false,
          "Startup Cost": 246129.6,
          "Total Cost": 246130.11,
          "Plan Rows": 5,
          "Plan Width": 8,
          "Actual Startup Time": 495.235,
          "Actual Total Time": 543.376,
          "Actual Rows": 6,
          "Actual Loops": 1,
          "Workers Planned": 5,
          "Workers Launched": 5,
          "Single Copy": false,
          "Plans": [
            {
              "Node Type": "Aggregate",
              "Strategy": "Plain",
              "Partial Mode": "Partial",
              "Parent Relationship": "Outer",
              "Parallel Aware": false,
              "Startup Cost": 245129.6,
              "Total Cost": 245129.61,
              "Plan Rows": 1,
              "Plan Width": 8,
              "Actual Startup Time": 487.848,
              "Actual Total Time": 487.852,
              "Actual Rows": 1,
              "Actual Loops": 6,
              "Plans": [
                {
                  "Node Type": "Hash Join",
                  "Parent Relationship": "Outer",
                  "Parallel Aware": true,
                  "Join Type": "Inner",
                  "Startup Cost": 44344.17,
                  "Total Cost": 245044.25,
                  "Plan Rows": 34141,
                  "Plan Width": 0,
                  "Actual Startup Time": 168.423,
                  "Actual Total Time": 486.254,
                  "Actual Rows": 29446,
                  "Actual Loops": 6,
                  "Inner Unique": true,
                  "Hash Cond": "(mi.movie_id = t.id)",
                  "Plans": [
                    {
                      "Node Type": "Seq Scan",
                      "Parent Relationship": "Outer",
                      "Parallel Aware": true,
                      "Relation Name": "movie_info",
                      "Alias": "mi",
                      "Startup Cost": 0.0,
                      "Total Cost": 199108.24,
                      "Plan Rows": 606414,
                      "Plan Width": 4,
                      "Actual Startup Time": 74.647,
                      "Actual Total Time": 330.699,
                      "Actual Rows": 506120,
                      "Actual Loops": 6,
                      "Filter": "(info_type_id = 16)",
                      "Rows Removed by Filter": 1966500
                    },
                    {
                      "Node Type": "Hash",
                      "Parent Relationship": "Inner",
                      "Parallel Aware": true,
                      "Startup Cost": 43899.32,
                      "Total Cost": 43899.32,
                      "Plan Rows": 35588,
                      "Plan Width": 4,
                      "Actual Startup Time": 92.393,
                      "Actual Total Time": 92.394,
                      "Actual Rows": 23617,
                      "Actual Loops": 6,
                      "Hash Buckets": 262144,
                      "Original Hash Buckets": 262144,
                      "Hash Batches": 1,
                      "Original Hash Batches": 1,
                      "Peak Memory Usage": 7680,
                      "Plans": [
                        {
                          "Node Type": "Seq Scan",
                          "Parent Relationship": "Outer",
                          "Parallel Aware": true,
                          "Relation Name": "title",
                          "Alias": "t",
                          "Startup Cost": 0.0,
                          "Total Cost": 43899.32,
                          "Plan Rows": 35588,
                          "Plan Width": 4,
                          "Actual Startup Time": 0.042,
                          "Actual Total Time": 81.755,
                          "Actual Rows": 23617,
                          "Actual Loops": 6,
                          "Filter": "(production_year = 2010)",
                          "Rows Removed by Filter": 397768
                        }
                      ]
                    }
                  ]
                }
              ]
            }
          ]
        }
      ]
    },
    "Planning Time": 0.205,
    "Triggers": [],
    "Execution Time": 543.425
  }
]