[
  {
    "Plan": {
      "Node Type": "Aggregate",
      "Strategy": "Plain",
      "Partial Mode": "Finalize",
      "Parallel Aware": false,
      "Startup Cost": 100582.78,
      "Total Cost": 100582.79,
      "Plan Rows": 1,
      "Plan Width": 8,
      "Actual Startup Time": 687.474,
      "Actual Total Time": 707.435,
      "Actual Rows": 1,
      "Actual Loops": 1,
      "Plans": [
        {
          "Node Type": "Gather",
          "Parent Relationship": "Outer",
          "Parallel Aware": false,
          "Startup Cost": 100582.57,
          "Total Cost": 100582.78,
          "Plan Rows": 2,
          "Plan Width": 8,
          "Actual Startup Time": 677.902,
          "Actual Total Time": 707.429,
          "Actual Rows": 3,
          "Actual Loops": 1,
          "Workers Planned": 2,
          "Workers Launched": 2,
          "Single Copy": false,
          "Plans": [
            {
              "Node Type": "Aggregate",
              "Strategy": "Plain",
              "Partial Mode": "Partial",
              "Parent Relationship": "Outer",
              "Parallel Aware": false,
              "Startup Cost": 99582.57,
              "Total Cost": 99582.58,
              "Plan Rows": 1,
              "Plan Width": 8,
              "Actual Startup Time": 669.14,
              "Actual Total Time": 669.148,
              "Actual Rows": 1,
              "Actual Loops": 3,
              "Plans": [
                {
                  "Node Type": "Hash Join",
                  "Parent Relationship": "Outer",
                  "Parallel Aware": true,
                  "Join Type": "Inner",
                  "Startup Cost": 83365.45,
                  "Total Cost": 99418.55,
                  "Plan Rows": 65609,
                  "Plan Width": 0,
                  "Actual Startup Time": 561.577,
                  "Actual Total Time": 660.593,
                  "Actual Rows": 203402,
                  "Actual Loops": 3,
                  "Inner Unique": false,
                  "Hash Cond": "(mi_idx.movie_id = t.id)",
                  "Plans": [
                    {
                      "Node Type": "Seq Scan",
                      "Parent Relationship": "Outer",
                      "Parallel Aware": true,
                      "Relation Name": "movie_info_idx",
                      "Alias": "mi_idx",
                      "Startup Cost": 0.0,
                      "Total Cost": 13685.15,
                      "Plan Rows": 575015,
                      "Plan Width": 4,
                      "Actual Startup Time": 0.052,
                      "Actual Total Time": 34.963,
                      "Actual Rows": 460012,
                      "Actual Loops": 3
                    },
                    {
                      "Node Type": "Hash",
                      "Parent Relationship": "Inner",
                      "Parallel Aware": true,
                      "Startup Cost": 82202.18,
                      "Total Cost": 82202.18,
                      "Plan Rows": 93062,
                      "Plan Width": 8,
                      "Actual Startup Time": 559.448,
                      "Actual Total Time": 559.453,
                      "Actual Rows": 94616,
                      "Actual Loops": 3,
                      "Hash Buckets": 524288,
                      "Original Hash Buckets": 524288,
                      "Hash Batches": 1,
                      "Original Hash Batches": 1,
                      "Peak Memory Usage": 15264,
                      "Plans": [
                        {
                          "Node Type": "Hash Join",
                          "Parent Relationship": "Outer",
                          "Parallel Aware": true,
                          "Join Type": "Inner",
                          "Startup Cost": 56340.62,
                          "Total Cost": 82202.18,
                          "Plan Rows": 93062,
                          "Plan Width": 8,
                          "Actual Startup Time": 436.141,
                          "Actual Total Time": 529.515,
                          "Actual Rows": 94616,
                          "Actual Loops": 3,
                          "Inner Unique": true,
                          "Hash Cond": "(mk.movie_id = t.id)",
                          "Plans": [
                            {
                              "Node Type": "Bitmap Heap Scan",
                              "Parent Relationship": "Outer",
                              "Parallel Aware": true,
                              "Relation Name": "movie_keyword",
                              "Alias": "mk",
                              "Startup Cost": 6120.24,
                              "Total Cost": 31737.51,
                              "Plan Rows": 93062,
                              "Plan Width": 4,
                              "Actual Startup Time": 20.02,
                              "Actual Total Time": 70.799,
                              "Actual Rows": 94616,
                              "Actual Loops": 3,
                              "Recheck Cond": "(keyword_id < 236)",
                              "Rows Removed by Index Recheck": 0,
                              "Exact Heap Blocks": 9750,
                              "Lossy Heap Blocks": 0,
                              "Plans": [
                                {
                                  "Node Type": "Bitmap Index Scan",
                                  "Parent Relationship": "Outer",
                                  "Parallel Aware": false,
                                  "Index Name": "keyword_id_movie_keyword",
                                  "Startup Cost": 0.0,
                                  "Total Cost": 6048.11,
                                  "Plan Rows": 288491,
                                  "Plan Width": 0,
                                  "Actual Startup Time": 16.512,
                                  "Actual Total Time": 16.513,
                                  "Actual Rows": 283847,
                                  "Actual Loops": 1,
                                  "Index Cond": "(keyword_id < 236)"
                                }
                              ]
                            },
                            {
                              "Node Type": "Hash",
                              "Parent Relationship": "Inner",
                              "Parallel Aware": true,
                              "Startup Cost": 42319.06,
                              "Total Cost": 42319.06,
                              "Plan Rows": 632106,
                              "Plan Width": 4,
                              "Actual Startup Time": 406.608,
                              "Actual Total Time": 406.61,
                              "Actual Rows": 842771,
                              "Actual Loops": 3,
                              "Hash Buckets": 4194304,
                              "Original Hash Buckets": 4194304,
                              "Hash Batches": 1,
                              "Original Hash Batches": 1,
                              "Peak Memory Usage": 131744,
                              "Plans": [
                                {
                                  "Node Type": "Seq Scan",
                                  "Parent Relationship": "Outer",
                                  "Parallel Aware": true,
                                  "Relation Name": "title",
                                  "Alias": "t",
                                  "Startup Cost": 0.0,
                                  "Total Cost": 42319.06,
                                  "Plan Rows": 632106,
                                  "Plan Width": 4,
                                  "Actual Startup Time": 0.049,
                                  "Actual Total Time": 117.859,
                                  "Actual Rows": 842771,
                                  "Actual Loops": 3
                                }
                              ]
                            }
                          ]
                        }
                      ]
                    }
                  ]
                }
              ]
            }
          ]
        }
      ]
    },
    "Planning Time": 0.694,
    "Triggers": [],
    "Execution Time": 707.487
  }
]