{
  "Plan": {
    "Node Type": "Aggregate",
    "Strategy": "Plain",
    "Partial Mode": "Finalize",
    "Parallel Aware": false,
    "Startup Cost": 246746.96,
    "Total Cost": 246746.97,
    "Plan Rows": 1,
    "Plan Width": 8,
    "Actual Startup Time": 1675.335,
    "Actual Total Time": 1698.683,
    "Actual Rows": 1,
    "Actual Loops": 1,
    "Plans": [
      {
        "Node Type": "Gather",
        "Parent Relationship": "Outer",
        "Parallel Aware": false,
        "Startup Cost": 246746.85,
        "Total Cost": 246746.96,
        "Plan Rows": 1,
        "Plan Width": 8,
        "Actual Startup Time": 1668.691,
        "Actual Total Time": 1698.677,
        "Actual Rows": 2,
        "Actual Loops": 1,
        "Workers Planned": 1,
        "Workers Launched": 1,
        "Single Copy": false,
        "Plans": [
          {
            "Node Type": "Aggregate",
            "Strategy": "Plain",
            "Partial Mode": "Partial",
            "Parent Relationship": "Outer",
            "Parallel Aware": false,
            "Startup Cost": 245746.85,
            "Total Cost": 245746.86,
            "Plan Rows": 1,
            "Plan Width": 8,
            "Actual Startup Time": 1659.876,
            "Actual Total Time": 1659.881,
            "Actual Rows": 1,
            "Actual Loops": 2,
            "Plans": [
              {
                "Node Type": "Hash Join",
                "Parent Relationship": "Outer",
                "Parallel Aware": true,
                "Join Type": "Inner",
                "Startup Cost": 171247.18,
                "Total Cost": 241733.94,
                "Plan Rows": 1605165,
                "Plan Width": 0,
                "Actual Startup Time": 1224.807,
                "Actual Total Time": 1630.765,
                "Actual Rows": 701385,
                "Actual Loops": 2,
                "Inner Unique": false,
                "Hash Cond": "(mk.movie_id = t.id)",
                "Plans": [
                  {
                    "Node Type": "Seq Scan",
                    "Parent Relationship": "Outer",
                    "Parallel Aware": true,
                    "Relation Name": "movie_keyword",
                    "Alias": "mk",
                    "Startup Cost": 0.0,
                    "Total Cost": 51065.35,
                    "Plan Rows": 2661135,
                    "Plan Width": 4,
                    "Actual Startup Time": 0.016,
                    "Actual Total Time": 150.602,
                    "Actual Rows": 2261965,
                    "Actual Loops": 2
                  },
                  {
                    "Node Type": "Hash",
                    "Parent Relationship": "Inner",
                    "Parallel Aware": true,
                    "Startup Cost": 160033.68,
                    "Total Cost": 160033.68,
                    "Plan Rows": 897080,
                    "Plan Width": 8,
                    "Actual Startup Time": 1209.844,
                    "Actual Total Time": 1209.848,
                    "Actual Rows": 769870,
                    "Actual Loops": 2,
                    "Hash Buckets": 2097152,
                    "Original Hash Buckets": 2097152,
                    "Hash Batches": 1,
                    "Original Hash Batches": 1,
                    "Peak Memory Usage": 76640,
                    "Plans": [
                      {
                        "Node Type": "Hash Join",
                        "Parent Relationship": "Outer",
                        "Parallel Aware": true,
                        "Join Type": "Inner",
                        "Startup Cost": 68259.2,
                        "Total Cost": 160033.68,
                        "Plan Rows": 897080,
                        "Plan Width": 8,
                        "Actual Startup Time": 335.264,
                        "Actual Total Time": 1001.964,
                        "Actual Rows": 769870,
                        "Actual Loops": 2,
                        "Inner Unique": true,
                        "Hash Cond": "(ci.movie_id = t.id)",
                        "Plans": [
                          {
                            "Node Type": "Index Scan",
                            "Parent Relationship": "Outer",
                            "Parallel Aware": true,
                            "Scan Direction": "Forward",
                            "Index Name": "role_id_cast_info",
                            "Relation Name": "cast_info",
                            "Alias": "ci",
                            "Startup Cost": 0.56,
                            "Total Cost": 87376.26,
                            "Plan Rows": 1675723,
                            "Plan Width": 4,
                            "Actual Startup Time": 0.055,
                            "Actual Total Time": 198.567,
                            "Actual Rows": 1364472,
                            "Actual Loops": 2,
                            "Index Cond": "(role_id = 4)",
                            "Rows Removed by Index Recheck": 0
                          },
                          {
                            "Node Type": "Hash",
                            "Parent Relationship": "Inner",
                            "Parallel Aware": true,
                            "Startup Cost": 58306.47,
                            "Total Cost": 58306.47,
                            "Plan Rows": 796173,
                            "Plan Width": 4,
                            "Actual Startup Time": 327.744,
                            "Actual Total Time": 327.745,
                            "Actual Rows": 663890,
                            "Actual Loops": 2,
                            "Hash Buckets": 2097152,
                            "Original Hash Buckets": 2097152,
                            "Hash Batches": 1,
                            "Original Hash Batches": 1,
                            "Peak Memory Usage": 68352,
                            "Plans": [
                              {
                                "Node Type": "Seq Scan",
                                "Parent Relationship": "Outer",
                                "Parallel Aware": true,
                                "Relation Name": "title",
                                "Alias": "t",
                                "Startup Cost": 0.0,
                                "Total Cost": 58306.47,
                                "Plan Rows": 796173,
                                "Plan Width": 4,
                                "Actual Startup Time": 0.029,
                                "Actual Total Time": 162.084,
                                "Actual Rows": 663890,
                                "Actual Loops": 2,
                                "Filter": "((production_year < 2012) AND (kind_id = 7))",
                                "Rows Removed by Filter": 600266
                              }
                            ]
                          }
                        ]
                      }
                    ]
                  }
                ]
              }
            ]
          }
        ]
      }
    ]
  },
  "Planning Time": 0.903,
  "Triggers": [],
  "Execution Time": 1698.772
}