[
  {
    "Plan": {
      "Node Type": "Aggregate",
      "Strategy": "Plain",
      "Partial Mode": "Finalize",
      "Parallel Aware": false,
      "Startup Cost": 477571.8,
      "Total Cost": 477571.81,
      "Plan Rows": 1,
      "Plan Width": 8,
      "Actual Startup Time": 3453.338,
      "Actual Total Time": 3504.043,
      "Actual Rows": 1,
      "Actual Loops": 1,
      "Plans": [
        {
          "Node Type": "Gather",
          "Parent Relationship": "Outer",
          "Parallel Aware": false,
          "Startup Cost": 477571.17,
          "Total Cost": 477571.78,
          "Plan Rows": 6,
          "Plan Width": 8,
          "Actual Startup Time": 3431.535,
          "Actual Total Time": 3504.032,
          "Actual Rows": 7,
          "Actual Loops": 1,
          "Workers Planned": 6,
          "Workers Launched": 6,
          "Single Copy": false,
          "Plans": [
            {
              "Node Type": "Aggregate",
              "Strategy": "Plain",
              "Partial Mode": "Partial",
              "Parent Relationship": "Outer",
              "Parallel Aware": false,
              "Startup Cost": 476571.17,
              "Total Cost": 476571.18,
              "Plan Rows": 1,
              "Plan Width": 8,
              "Actual Startup Time": 3409.067,
              "Actual Total Time": 3409.594,
              "Actual Rows": 1,
              "Actual Loops": 7,
              "Plans": [
                {
                  "Node Type": "Hash Join",
                  "Parent Relationship": "Outer",
                  "Parallel Aware": true,
                  "Join Type": "Inner",
                  "Startup Cost": 108491.61,
                  "Total Cost": 465379.93,
                  "Plan Rows": 4476498,
                  "Plan Width": 0,
                  "Actual Startup Time": 530.2,
                  "Actual Total Time": 2896.613,
                  "Actual Rows": 12669059,
                  "Actual Loops": 7,
                  "Inner Unique": false,
                  "Hash Cond": "(ci.movie_id = t.id)",
                  "Plans": [
                    {
                      "Node Type": "Seq Scan",
                      "Parent Relationship": "Outer",
                      "Parallel Aware": true,
                      "Relation Name": "cast_info",
                      "Alias": "ci",
                      "Startup Cost": 0.0,
                      "Total Cost": 328162.03,
                      "Plan Rows": 3809594,
                      "Plan Width": 4,
                      "Actual Startup Time": 0.022,
                      "Actual Total Time": 556.974,
                      "Actual Rows": 3272599,
                      "Actual Loops": 7,
                      "Filter": "(person_id < 2339039)",
                      "Rows Removed by Filter": 1905164
                    },
                    {
                      "Node Type": "Hash",
                      "Parent Relationship": "Inner",
                      "Parallel Aware": true,
                      "Startup Cost": 96512.19,
                      "Total Cost": 96512.19,
                      "Plan Rows": 958353,
                      "Plan Width": 8,
                      "Actual Startup Time": 523.635,
                      "Actual Total Time": 524.16,
                      "Actual Rows": 405701,
                      "Actual Loops": 7,
                      "Hash Buckets": 4194304,
                      "Original Hash Buckets": 4194304,
                      "Hash Batches": 1,
                      "Original Hash Batches": 1,
                      "Peak Memory Usage": 144032,
                      "Plans": [
                        {
                          "Node Type": "Hash Join",
                          "Parent Relationship": "Outer",
                          "Parallel Aware": true,
                          "Join Type": "Inner",
                          "Startup Cost": 51028.83,
                          "Total Cost": 96512.19,
                          "Plan Rows": 958353,
                          "Plan Width": 8,
                          "Actual Startup Time": 234.422,
                          "Actual Total Time": 401.182,
                          "Actual Rows": 405701,
                          "Actual Loops": 7,
                          "Inner Unique": true,
                          "Hash Cond": "(mk.movie_id = t.id)",
                          "Plans": [
                            {
                              "Node Type": "Seq Scan",
                              "Parent Relationship": "Outer",
                              "Parallel Aware": true,
                              "Relation Name": "movie_keyword",
                              "Alias": "mk",
                              "Startup Cost": 0.0,
                              "Total Cost": 42695.65,
                              "Plan Rows": 1061986,
                              "Plan Width": 4,
                              "Actual Startup Time": 0.034,
                              "Actual Total Time": 76.795,
                              "Actual Rows": 469385,
                              "Actual Loops": 7,
                              "Filter": "(keyword_id < 14616)",
                              "Rows Removed by Filter": 176891
                            },
                            {
                              "Node Type": "Hash",
                              "Parent Relationship": "Inner",
                              "Parallel Aware": true,
                              "Startup Cost": 43898.92,
                              "Total Cost": 43898.92,
                              "Plan Rows": 570393,
                              "Plan Width": 4,
                              "Actual Startup Time": 230.798,
                              "Actual Total Time": 230.799,
                              "Actual Rows": 325037,
                              "Actual Loops": 7,
                              "Hash Buckets": 4194304,
                              "Original Hash Buckets": 4194304,
                              "Hash Batches": 1,
                              "Original Hash Batches": 1,
                              "Peak Memory Usage": 121920,
                              "Plans": [
                                {
                                  "Node Type": "Seq Scan",
                                  "Parent Relationship": "Outer",
                                  "Parallel Aware": true,
                                  "Relation Name": "title",
                                  "Alias": "t",
                                  "Startup Cost": 0.0,
                                  "Total Cost": 43898.92,
                                  "Plan Rows": 570393,
                                  "Plan Width": 4,
                                  "Actual Startup Time": 0.041,
                                  "Actual Total Time": 78.9,
                                  "Actual Rows": 325037,
                                  "Actual Loops": 7,
                                  "Filter": "(production_year > 1952)",
                                  "Rows Removed by Filter": 36150
                                }
                              ]
                            }
                          ]
                        }
                      ]
                    }
                  ]
                }
              ]
            }
          ]
        }
      ]
    },
    "Planning Time": 1.283,
    "Triggers": [],
    "Execution Time": 3504.133
  }
]