[
  {
    "Plan": {
      "Node Type": "Aggregate",
      "Strategy": "Plain",
      "Partial Mode": "Finalize",
      "Parallel Aware": false,
      "Startup Cost": 395210.05,
      "Total Cost": 395210.06,
      "Plan Rows": 1,
      "Plan Width": 8,
      "Actual Startup Time": 1994.987,
      "Actual Total Time": 2044.431,
      "Actual Rows": 1,
      "Actual Loops": 1,
      "Plans": [
        {
          "Node Type": "Gather",
          "Parent Relationship": "Outer",
          "Parallel Aware": false,
          "Startup Cost": 395209.42,
          "Total Cost": 395210.03,
          "Plan Rows": 6,
          "Plan Width": 8,
          "Actual Startup Time": 1989.727,
          "Actual Total Time": 2044.42,
          "Actual Rows": 7,
          "Actual Loops": 1,
          "Workers Planned": 6,
          "Workers Launched": 6,
          "Single Copy": false,
          "Plans": [
            {
              "Node Type": "Aggregate",
              "Strategy": "Plain",
              "Partial Mode": "Partial",
              "Parent Relationship": "Outer",
              "Parallel Aware": false,
              "Startup Cost": 394209.42,
              "Total Cost": 394209.43,
              "Plan Rows": 1,
              "Plan Width": 8,
              "Actual Startup Time": 1982.167,
              "Actual Total Time": 1982.17,
              "Actual Rows": 1,
              "Actual Loops": 7,
              "Plans": [
                {
                  "Node Type": "Hash Join",
                  "Parent Relationship": "Outer",
                  "Parallel Aware": true,
                  "Join Type": "Inner",
                  "Startup Cost": 47642.37,
                  "Total Cost": 390413.78,
                  "Plan Rows": 1518259,
                  "Plan Width": 0,
                  "Actual Startup Time": 165.51,
                  "Actual Total Time": 1912.797,
                  "Actual Rows": 1435132,
                  "Actual Loops": 7,
                  "Inner Unique": true,
                  "Hash Cond": "(ci.movie_id = t.id)",
                  "Plans": [
                    {
                      "Node Type": "Seq Scan",
                      "Parent Relationship": "Outer",
                      "Parallel Aware": true,
                      "Relation Name": "cast_info",
                      "Alias": "ci",
                      "Startup Cost": 0.0,
                      "Total Cost": 328211.39,
                      "Plan Rows": 5546662,
                      "Plan Width": 4,
                      "Actual Startup Time": 36.062,
                      "Actual Total Time": 677.811,
                      "Actual Rows": 4739445,
                      "Actual Loops": 7,
                      "Filter": "(person_id > 297799)",
                      "Rows Removed by Filter": 438318
                    },
                    {
                      "Node Type": "Hash",
                      "Parent Relationship": "Inner",
                      "Parallel Aware": true,
                      "Startup Cost": 45479.59,
                      "Total Cost": 45479.59,
                      "Plan Rows": 173023,
                      "Plan Width": 4,
                      "Actual Startup Time": 127.456,
                      "Actual Total Time": 127.457,
                      "Actual Rows": 105615,
                      "Actual Loops": 7,
                      "Hash Buckets": 1048576,
                      "Original Hash Buckets": 1048576,
                      "Hash Batches": 1,
                      "Original Hash Batches": 1,
                      "Peak Memory Usage": 37248,
                      "Plans": [
                        {
                          "Node Type": "Seq Scan",
                          "Parent Relationship": "Outer",
                          "Parallel Aware": true,
                          "Relation Name": "title",
                          "Alias": "t",
                          "Startup Cost": 0.0,
                          "Total Cost": 45479.59,
                          "Plan Rows": 173023,
                          "Plan Width": 4,
                          "Actual Startup Time": 0.03,
                          "Actual Total Time": 78.325,
                          "Actual Rows": 105615,
                          "Actual Loops": 7,
                          "Filter": "((kind_id < 6) AND (production_year < 2009))",
                          "Rows Removed by Filter": 255572
                        }
                      ]
                    }
                  ]
                }
              ]
            }
          ]
        }
      ]
    },
    "Planning Time": 0.283,
    "Triggers": [],
    "Execution Time": 2044.492
  }
]