{
  "Plan": {
    "Node Type": "Aggregate",
    "Strategy": "Plain",
    "Partial Mode": "Finalize",
    "Parallel Aware": false,
    "Startup Cost": 98972.6,
    "Total Cost": 98972.61,
    "Plan Rows": 1,
    "Plan Width": 8,
    "Actual Startup Time": 297.958,
    "Actual Total Time": 312.919,
    "Actual Rows": 1,
    "Actual Loops": 1,
    "Plans": [
      {
        "Node Type": "Gather",
        "Parent Relationship": "Outer",
        "Parallel Aware": false,
        "Startup Cost": 98972.49,
        "Total Cost": 98972.6,
        "Plan Rows": 1,
        "Plan Width": 8,
        "Actual Startup Time": 297.724,
        "Actual Total Time": 312.911,
        "Actual Rows": 2,
        "Actual Loops": 1,
        "Workers Planned": 1,
        "Workers Launched": 1,
        "Single Copy": false,
        "Plans": [
          {
            "Node Type": "Aggregate",
            "Strategy": "Plain",
            "Partial Mode": "Partial",
            "Parent Relationship": "Outer",
            "Parallel Aware": false,
            "Startup Cost": 97972.49,
            "Total Cost": 97972.5,
            "Plan Rows": 1,
            "Plan Width": 8,
            "Actual Startup Time": 291.66,
            "Actual Total Time": 291.663,
            "Actual Rows": 1,
            "Actual Loops": 2,
            "Plans": [
              {
                "Node Type": "Hash Join",
                "Parent Relationship": "Outer",
                "Parallel Aware": true,
                "Join Type": "Inner",
                "Startup Cost": 54799.51,
                "Total Cost": 97955.42,
                "Plan Rows": 6830,
                "Plan Width": 0,
                "Actual Startup Time": 143.651,
                "Actual Total Time": 291.359,
                "Actual Rows": 4859,
                "Actual Loops": 2,
                "Inner Unique": true,
                "Hash Cond": "(mc.movie_id = t.id)",
                "Plans": [
                  {
                    "Node Type": "Index Scan",
                    "Parent Relationship": "Outer",
                    "Parallel Aware": true,
                    "Scan Direction": "Forward",
                    "Index Name": "company_type_id_movie_companies",
                    "Relation Name": "movie_companies",
                    "Alias": "mc",
                    "Startup Cost": 0.43,
                    "Total Cost": 41574.35,
                    "Plan Rows": 602661,
                    "Plan Width": 4,
                    "Actual Startup Time": 0.377,
                    "Actual Total Time": 108.391,
                    "Actual Rows": 443728,
                    "Actual Loops": 2,
                    "Index Cond": "(company_type_id = 1)",
                    "Rows Removed by Index Recheck": 0,
                    "Filter": "(company_id > 483)",
                    "Rows Removed by Filter": 193396
                  },
                  {
                    "Node Type": "Hash",
                    "Parent Relationship": "Inner",
                    "Parallel Aware": true,
                    "Startup Cost": 54588.39,
                    "Total Cost": 54588.39,
                    "Plan Rows": 16855,
                    "Plan Width": 4,
                    "Actual Startup Time": 141.905,
                    "Actual Total Time": 141.906,
                    "Actual Rows": 15014,
                    "Actual Loops": 2,
                    "Hash Buckets": 32768,
                    "Original Hash Buckets": 32768,
                    "Hash Batches": 1,
                    "Original Hash Batches": 1,
                    "Peak Memory Usage": 1472,
                    "Plans": [
                      {
                        "Node Type": "Seq Scan",
                        "Parent Relationship": "Outer",
                        "Parallel Aware": true,
                        "Relation Name": "title",
                        "Alias": "t",
                        "Startup Cost": 0.0,
                        "Total Cost": 54588.39,
                        "Plan Rows": 16855,
                        "Plan Width": 4,
                        "Actual Startup Time": 0.061,
                        "Actual Total Time": 136.938,
                        "Actual Rows": 15014,
                        "Actual Loops": 2,
                        "Filter": "(production_year = 1994)",
                        "Rows Removed by Filter": 1249142
                      }
                    ]
                  }
                ]
              }
            ]
          }
        ]
      }
    ]
  },
  "Planning Time": 0.512,
  "Triggers": [],
  "Execution Time": 313.033
}