[
    {
        "Bao": {
            "Bao prediction": 644.755,
            "Bao recommended hint": "(no hint)"
        }
    },
    {
        "Plan": {
            "Node Type": "Aggregate",
            "Strategy": "Plain",
            "Partial Mode": "Finalize",
            "Parallel Aware": false,
            "Startup Cost": 267965.91,
            "Total Cost": 267965.92,
            "Plan Rows": 1,
            "Plan Width": 8,
            "Actual Startup Time": 91.385,
            "Actual Total Time": 95.907,
            "Actual Rows": 1,
            "Actual Loops": 1,
            "Output": [
                "count(*)"
            ],
            "Plans": [
                {
                    "Node Type": "Gather",
                    "Parent Relationship": "Outer",
                    "Parallel Aware": false,
                    "Startup Cost": 267965.29,
                    "Total Cost": 267965.9,
                    "Plan Rows": 6,
                    "Plan Width": 8,
                    "Actual Startup Time": 91.05,
                    "Actual Total Time": 95.9,
                    "Actual Rows": 7,
                    "Actual Loops": 1,
                    "Output": [
                        "(PARTIAL count(*))"
                    ],
                    "Workers Planned": 6,
                    "Workers Launched": 6,
                    "Single Copy": false,
                    "Plans": [
                        {
                            "Node Type": "Aggregate",
                            "Strategy": "Plain",
                            "Partial Mode": "Partial",
                            "Parent Relationship": "Outer",
                            "Parallel Aware": false,
                            "Startup Cost": 266965.29,
                            "Total Cost": 266965.3,
                            "Plan Rows": 1,
                            "Plan Width": 8,
                            "Actual Startup Time": 80.851,
                            "Actual Total Time": 80.852,
                            "Actual Rows": 1,
                            "Actual Loops": 7,
                            "Output": [
                                "PARTIAL count(*)"
                            ],
                            "Workers": [
                                {
                                    "Worker Number": 0,
                                    "Actual Startup Time": 78.912,
                                    "Actual Total Time": 78.914,
                                    "Actual Rows": 1,
                                    "Actual Loops": 1
                                },
                                {
                                    "Worker Number": 1,
                                    "Actual Startup Time": 79.159,
                                    "Actual Total Time": 79.16,
                                    "Actual Rows": 1,
                                    "Actual Loops": 1
                                },
                                {
                                    "Worker Number": 2,
                                    "Actual Startup Time": 79.23,
                                    "Actual Total Time": 79.232,
                                    "Actual Rows": 1,
                                    "Actual Loops": 1
                                },
                                {
                                    "Worker Number": 3,
                                    "Actual Startup Time": 79.239,
                                    "Actual Total Time": 79.24,
                                    "Actual Rows": 1,
                                    "Actual Loops": 1
                                },
                                {
                                    "Worker Number": 4,
                                    "Actual Startup Time": 79.663,
                                    "Actual Total Time": 79.664,
                                    "Actual Rows": 1,
                                    "Actual Loops": 1
                                },
                                {
                                    "Worker Number": 5,
                                    "Actual Startup Time": 79.497,
                                    "Actual Total Time": 79.498,
                                    "Actual Rows": 1,
                                    "Actual Loops": 1
                                }
                            ],
                            "Plans": [
                                {
                                    "Node Type": "Bitmap Heap Scan",
                                    "Parent Relationship": "Outer",
                                    "Parallel Aware": true,
                                    "Relation Name": "cast_info",
                                    "Schema": "public",
                                    "Alias": "ci",
                                    "Startup Cost": 12826.16,
                                    "Total Cost": 266723.27,
                                    "Plan Rows": 96808,
                                    "Plan Width": 0,
                                    "Actual Startup Time": 36.206,
                                    "Actual Total Time": 73.912,
                                    "Actual Rows": 87763,
                                    "Actual Loops": 7,
                                    "Recheck Cond": "(ci.person_id > 3942483)",
                                    "Rows Removed by Index Recheck": 0,
                                    "Exact Heap Blocks": 3276,
                                    "Lossy Heap Blocks": 0,
                                    "Workers": [
                                        {
                                            "Worker Number": 0,
                                            "Actual Startup Time": 34.157,
                                            "Actual Total Time": 72.051,
                                            "Actual Rows": 68186,
                                            "Actual Loops": 1
                                        },
                                        {
                                            "Worker Number": 1,
                                            "Actual Startup Time": 34.814,
                                            "Actual Total Time": 72.289,
                                            "Actual Rows": 67024,
                                            "Actual Loops": 1
                                        },
                                        {
                                            "Worker Number": 2,
                                            "Actual Startup Time": 34.999,
                                            "Actual Total Time": 72.53,
                                            "Actual Rows": 66647,
                                            "Actual Loops": 1
                                        },
                                        {
                                            "Worker Number": 3,
                                            "Actual Startup Time": 34.497,
                                            "Actual Total Time": 72.422,
                                            "Actual Rows": 62745,
                                            "Actual Loops": 1
                                        },
                                        {
                                            "Worker Number": 4,
                                            "Actual Startup Time": 35.25,
                                            "Actual Total Time": 73.313,
                                            "Actual Rows": 59802,
                                            "Actual Loops": 1
                                        },
                                        {
                                            "Worker Number": 5,
                                            "Actual Startup Time": 34.71,
                                            "Actual Total Time": 73.071,
                                            "Actual Rows": 62833,
                                            "Actual Loops": 1
                                        }
                                    ],
                                    "Plans": [
                                        {
                                            "Node Type": "Bitmap Index Scan",
                                            "Parent Relationship": "Outer",
                                            "Parallel Aware": false,
                                            "Index Name": "person_id_cast_info",
                                            "Startup Cost": 0.0,
                                            "Total Cost": 12680.95,
                                            "Plan Rows": 580851,
                                            "Plan Width": 0,
                                            "Actual Startup Time": 43.818,
                                            "Actual Total Time": 43.818,
                                            "Actual Rows": 614340,
                                            "Actual Loops": 1,
                                            "Index Cond": "(ci.person_id > 3942483)"
                                        }
                                    ]
                                }
                            ]
                        }
                    ]
                }
            ]
        },
        "Planning Time": 1576.55,
        "Triggers": [],
        "Execution Time": 96.031
    }
]