{
  "Plan": {
    "Node Type": "Aggregate",
    "Strategy": "Plain",
    "Partial Mode": "Simple",
    "Parallel Aware": false,
    "Startup Cost": 175731.69,
    "Total Cost": 175731.7,
    "Plan Rows": 1,
    "Plan Width": 96,
    "Actual Startup Time": 1060.891,
    "Actual Total Time": 1106.689,
    "Actual Rows": 1,
    "Actual Loops": 1,
    "Plans": [
      {
        "Node Type": "Gather",
        "Parent Relationship": "Outer",
        "Parallel Aware": false,
        "Startup Cost": 172666.86,
        "Total Cost": 175731.68,
        "Plan Rows": 1,
        "Plan Width": 42,
        "Actual Startup Time": 747.306,
        "Actual Total Time": 1106.037,
        "Actual Rows": 1005,
        "Actual Loops": 1,
        "Workers Planned": 1,
        "Workers Launched": 1,
        "Single Copy": false,
        "Plans": [
          {
            "Node Type": "Nested Loop",
            "Parent Relationship": "Outer",
            "Parallel Aware": false,
            "Join Type": "Inner",
            "Startup Cost": 171666.86,
            "Total Cost": 174731.58,
            "Plan Rows": 1,
            "Plan Width": 42,
            "Actual Startup Time": 754.302,
            "Actual Total Time": 999.163,
            "Actual Rows": 502,
            "Actual Loops": 2,
            "Inner Unique": true,
            "Plans": [
              {
                "Node Type": "Nested Loop",
                "Parent Relationship": "Outer",
                "Parallel Aware": false,
                "Join Type": "Inner",
                "Startup Cost": 171666.72,
                "Total Cost": 174731.4,
                "Plan Rows": 1,
                "Plan Width": 46,
                "Actual Startup Time": 754.29,
                "Actual Total Time": 998.336,
                "Actual Rows": 612,
                "Actual Loops": 2,
                "Inner Unique": false,
                "Join Filter": "(t.id = mi.movie_id)",
                "Rows Removed by Join Filter": 0,
                "Plans": [
                  {
                    "Node Type": "Nested Loop",
                    "Parent Relationship": "Outer",
                    "Parallel Aware": false,
                    "Join Type": "Inner",
                    "Startup Cost": 171666.28,
                    "Total Cost": 174703.34,
                    "Plan Rows": 18,
                    "Plan Width": 54,
                    "Actual Startup Time": 748.439,
                    "Actual Total Time": 862.284,
                    "Actual Rows": 7853,
                    "Actual Loops": 2,
                    "Inner Unique": true,
                    "Plans": [
                      {
                        "Node Type": "Hash Join",
                        "Parent Relationship": "Outer",
                        "Parallel Aware": false,
                        "Join Type": "Inner",
                        "Startup Cost": 171665.86,
                        "Total Cost": 174681.04,
                        "Plan Rows": 50,
                        "Plan Width": 39,
                        "Actual Startup Time": 748.392,
                        "Actual Total Time": 817.676,
                        "Actual Rows": 18919,
                        "Actual Loops": 2,
                        "Inner Unique": true,
                        "Hash Cond": "(mi_idx.info_type_id = it2.id)",
                        "Plans": [
                          {
                            "Node Type": "Hash Join",
                            "Parent Relationship": "Outer",
                            "Parallel Aware": false,
                            "Join Type": "Inner",
                            "Startup Cost": 171663.44,
                            "Total Cost": 174663.29,
                            "Plan Rows": 5625,
                            "Plan Width": 43,
                            "Actual Startup Time": 748.071,
                            "Actual Total Time": 813.9,
                            "Actual Rows": 26134,
                            "Actual Loops": 2,
                            "Inner Unique": true,
                            "Hash Cond": "(mc.company_type_id = ct.id)",
                            "Plans": [
                              {
                                "Node Type": "Merge Join",
                                "Parent Relationship": "Outer",
                                "Parallel Aware": false,
                                "Join Type": "Inner",
                                "Startup Cost": 171662.38,
                                "Total Cost": 174540.61,
                                "Plan Rows": 22498,
                                "Plan Width": 47,
                                "Actual Startup Time": 747.987,
                                "Actual Total Time": 807.733,
                                "Actual Rows": 57178,
                                "Actual Loops": 2,
                                "Inner Unique": false,
                                "Merge Cond": "(t.id = mi_idx.movie_id)",
                                "Plans": [
                                  {
                                    "Node Type": "Sort",
                                    "Parent Relationship": "Outer",
                                    "Parallel Aware": false,
                                    "Startup Cost": 111075.87,
                                    "Total Cost": 111448.28,
                                    "Plan Rows": 148963,
                                    "Plan Width": 33,
                                    "Actual Startup Time": 544.066,
                                    "Actual Total Time": 550.689,
                                    "Actual Rows": 107185,
                                    "Actual Loops": 2,
                                    "Sort Key": [
                                      "t.id"
                                    ],
                                    "Sort Method": "quicksort",
                                    "Sort Space Used": 12794,
                                    "Sort Space Type": "Memory",
                                    "Workers": [
                                      {
                                        "Worker Number": 0,
                                        "Sort Method": "quicksort",
                                        "Sort Space Used": 11455,
                                        "Sort Space Type": "Memory"
                                      }
                                    ],
                                    "Plans": [
                                      {
                                        "Node Type": "Hash Join",
                                        "Parent Relationship": "Outer",
                                        "Parallel Aware": true,
                                        "Join Type": "Inner",
                                        "Startup Cost": 60109.9,
                                        "Total Cost": 98276.53,
                                        "Plan Rows": 148963,
                                        "Plan Width": 33,
                                        "Actual Startup Time": 206.859,
                                        "Actual Total Time": 512.551,
                                        "Actual Rows": 107185,
                                        "Actual Loops": 2,
                                        "Inner Unique": true,
                                        "Hash Cond": "(mc.movie_id = t.id)",
                                        "Plans": [
                                          {
                                            "Node Type": "Seq Scan",
                                            "Parent Relationship": "Outer",
                                            "Parallel Aware": true,
                                            "Relation Name": "movie_companies",
                                            "Alias": "mc",
                                            "Startup Cost": 0.0,
                                            "Total Cost": 34137.82,
                                            "Plan Rows": 1534782,
                                            "Plan Width": 12,
                                            "Actual Startup Time": 0.009,
                                            "Actual Total Time": 105.161,
                                            "Actual Rows": 1304564,
                                            "Actual Loops": 2
                                          },
                                          {
                                            "Node Type": "Hash",
                                            "Parent Relationship": "Inner",
                                            "Parallel Aware": true,
                                            "Startup Cost": 58305.62,
                                            "Total Cost": 58305.62,
                                            "Plan Rows": 144342,
                                            "Plan Width": 21,
                                            "Actual Startup Time": 203.186,
                                            "Actual Total Time": 203.187,
                                            "Actual Rows": 119538,
                                            "Actual Loops": 2,
                                            "Hash Buckets": 262144,
                                            "Original Hash Buckets": 262144,
                                            "Hash Batches": 1,
                                            "Original Hash Batches": 1,
                                            "Peak Memory Usage": 15424,
                                            "Plans": [
                                              {
                                                "Node Type": "Seq Scan",
                                                "Parent Relationship": "Outer",
                                                "Parallel Aware": true,
                                                "Relation Name": "title",
                                                "Alias": "t",
                                                "Startup Cost": 0.0,
                                                "Total Cost": 58305.62,
                                                "Plan Rows": 144342,
                                                "Plan Width": 21,
                                                "Actual Startup Time": 0.035,
                                                "Actual Total Time": 155.781,
                                                "Actual Rows": 119538,
                                                "Actual Loops": 2,
                                                "Filter": "((production_year >= 1994) AND (production_year <= 1999))",
                                                "Rows Removed by Filter": 1144618
                                              }
                                            ]
                                          }
                                        ]
                                      }
                                    ]
                                  },
                                  {
                                    "Node Type": "Sort",
                                    "Parent Relationship": "Inner",
                                    "Parallel Aware": false,
                                    "Startup Cost": 60586.49,
                                    "Total Cost": 61541.07,
                                    "Plan Rows": 381835,
                                    "Plan Width": 14,
                                    "Actual Startup Time": 203.877,
                                    "Actual Total Time": 220.201,
                                    "Actual Rows": 423648,
                                    "Actual Loops": 2,
                                    "Sort Key": [
                                      "mi_idx.movie_id"
                                    ],
                                    "Sort Method": "quicksort",
                                    "Sort Space Used": 30558,
                                    "Sort Space Type": "Memory",
                                    "Workers": [
                                      {
                                        "Worker Number": 0,
                                        "Sort Method": "quicksort",
                                        "Sort Space Used": 30558,
                                        "Sort Space Type": "Memory"
                                      }
                                    ],
                                    "Plans": [
                                      {
                                        "Node Type": "Seq Scan",
                                        "Parent Relationship": "Outer",
                                        "Parallel Aware": false,
                                        "Relation Name": "movie_info_idx",
                                        "Alias": "mi_idx",
                                        "Startup Cost": 0.0,
                                        "Total Cost": 25185.44,
                                        "Plan Rows": 381835,
                                        "Plan Width": 14,
                                        "Actual Startup Time": 0.039,
                                        "Actual Total Time": 123.484,
                                        "Actual Rows": 386662,
                                        "Actual Loops": 2,
                                        "Filter": "(info > '6'::text)",
                                        "Rows Removed by Filter": 993373
                                      }
                                    ]
                                  }
                                ]
                              },
                              {
                                "Node Type": "Hash",
                                "Parent Relationship": "Inner",
                                "Parallel Aware": false,
                                "Startup Cost": 1.05,
                                "Total Cost": 1.05,
                                "Plan Rows": 1,
                                "Plan Width": 4,
                                "Actual Startup Time": 0.052,
                                "Actual Total Time": 0.053,
                                "Actual Rows": 1,
                                "Actual Loops": 2,
                                "Hash Buckets": 1024,
                                "Original Hash Buckets": 1024,
                                "Hash Batches": 1,
                                "Original Hash Batches": 1,
                                "Peak Memory Usage": 9,
                                "Plans": [
                                  {
                                    "Node Type": "Seq Scan",
                                    "Parent Relationship": "Outer",
                                    "Parallel Aware": false,
                                    "Relation Name": "company_type",
                                    "Alias": "ct",
                                    "Startup Cost": 0.0,
                                    "Total Cost": 1.05,
                                    "Plan Rows": 1,
                                    "Plan Width": 4,
                                    "Actual Startup Time": 0.044,
                                    "Actual Total Time": 0.046,
                                    "Actual Rows": 1,
                                    "Actual Loops": 2,
                                    "Filter": "((kind)::text = 'production companies'::text)",
                                    "Rows Removed by Filter": 3
                                  }
                                ]
                              }
                            ]
                          },
                          {
                            "Node Type": "Hash",
                            "Parent Relationship": "Inner",
                            "Parallel Aware": false,
                            "Startup Cost": 2.41,
                            "Total Cost": 2.41,
                            "Plan Rows": 1,
                            "Plan Width": 4,
                            "Actual Startup Time": 0.068,
                            "Actual Total Time": 0.069,
                            "Actual Rows": 1,
                            "Actual Loops": 2,
                            "Hash Buckets": 1024,
                            "Original Hash Buckets": 1024,
                            "Hash Batches": 1,
                            "Original Hash Batches": 1,
                            "Peak Memory Usage": 9,
                            "Plans": [
                              {
                                "Node Type": "Seq Scan",
                                "Parent Relationship": "Outer",
                                "Parallel Aware": false,
                                "Relation Name": "info_type",
                                "Alias": "it2",
                                "Startup Cost": 0.0,
                                "Total Cost": 2.41,
                                "Plan Rows": 1,
                                "Plan Width": 4,
                                "Actual Startup Time": 0.049,
                                "Actual Total Time": 0.053,
                                "Actual Rows": 1,
                                "Actual Loops": 2,
                                "Filter": "((info)::text = 'rating'::text)",
                                "Rows Removed by Filter": 112
                              }
                            ]
                          }
                        ]
                      },
                      {
                        "Node Type": "Index Scan",
                        "Parent Relationship": "Inner",
                        "Parallel Aware": false,
                        "Scan Direction": "Forward",
                        "Index Name": "company_name_pkey",
                        "Relation Name": "company_name",
                        "Alias": "cn",
                        "Startup Cost": 0.42,
                        "Total Cost": 0.45,
                        "Plan Rows": 1,
                        "Plan Width": 23,
                        "Actual Startup Time": 0.002,
                        "Actual Total Time": 0.002,
                        "Actual Rows": 0,
                        "Actual Loops": 37838,
                        "Index Cond": "(id = mc.company_id)",
                        "Rows Removed by Index Recheck": 0,
                        "Filter": "((country_code)::text = '[us]'::text)",
                        "Rows Removed by Filter": 1
                      }
                    ]
                  },
                  {
                    "Node Type": "Index Scan",
                    "Parent Relationship": "Inner",
                    "Parallel Aware": false,
                    "Scan Direction": "Forward",
                    "Index Name": "movie_id_movie_info",
                    "Relation Name": "movie_info",
                    "Alias": "mi",
                    "Startup Cost": 0.43,
                    "Total Cost": 1.55,
                    "Plan Rows": 1,
                    "Plan Width": 8,
                    "Actual Startup Time": 0.017,
                    "Actual Total Time": 0.017,
                    "Actual Rows": 0,
                    "Actual Loops": 15706,
                    "Index Cond": "(movie_id = mc.movie_id)",
                    "Rows Removed by Index Recheck": 0,
                    "Filter": "(info = ANY ('{War,Action}'::text[]))",
                    "Rows Removed by Filter": 35
                  }
                ]
              },
              {
                "Node Type": "Index Scan",
                "Parent Relationship": "Inner",
                "Parallel Aware": false,
                "Scan Direction": "Forward",
                "Index Name": "info_type_pkey",
                "Relation Name": "info_type",
                "Alias": "it1",
                "Startup Cost": 0.14,
                "Total Cost": 0.16,
                "Plan Rows": 1,
                "Plan Width": 4,
                "Actual Startup Time": 0.001,
                "Actual Total Time": 0.001,
                "Actual Rows": 1,
                "Actual Loops": 1225,
                "Index Cond": "(id = mi.info_type_id)",
                "Rows Removed by Index Recheck": 0,
                "Filter": "((info)::text = 'genres'::text)",
                "Rows Removed by Filter": 0
              }
            ]
          }
        ]
      }
    ]
  },
  "Planning Time": 2.372,
  "Triggers": [],
  "Execution Time": 1106.888
}