{
    "Plan": {
        "Node Type": "Aggregate",
        "Strategy": "Plain",
        "Partial Mode": "Simple",
        "Parallel Aware": false,
        "Startup Cost": 60001789395.33,
        "Total Cost": 60001789395.34,
        "Plan Rows": 1,
        "Plan Width": 128,
        "Actual Startup Time": 4458.507,
        "Actual Total Time": 4597.087,
        "Actual Rows": 1,
        "Actual Loops": 1,
        "Output": [
            "min(mi.info)",
            "min(mi_idx.info)",
            "min(n.name)",
            "min(t.title)"
        ],
        "Plans": [
            {
                "Node Type": "Nested Loop",
                "Parent Relationship": "Outer",
                "Parallel Aware": false,
                "Join Type": "Inner",
                "Startup Cost": 60001789389.55,
                "Total Cost": 60001789395.32,
                "Plan Rows": 1,
                "Plan Width": 80,
                "Actual Startup Time": 4444.774,
                "Actual Total Time": 4597.063,
                "Actual Rows": 2,
                "Actual Loops": 1,
                "Output": [
                    "mi.info",
                    "mi_idx.info",
                    "n.name",
                    "t.title"
                ],
                "Inner Unique": true,
                "Plans": [
                    {
                        "Node Type": "Hash Join",
                        "Parent Relationship": "Outer",
                        "Parallel Aware": false,
                        "Join Type": "Inner",
                        "Startup Cost": 50001789389.13,
                        "Total Cost": 50001789389.54,
                        "Plan Rows": 1,
                        "Plan Width": 84,
                        "Actual Startup Time": 4382.903,
                        "Actual Total Time": 4596.08,
                        "Actual Rows": 38,
                        "Actual Loops": 1,
                        "Output": [
                            "mi.info",
                            "mi_idx.info",
                            "mk.keyword_id",
                            "n.name",
                            "t.title"
                        ],
                        "Inner Unique": false,
                        "Hash Cond": "(mi_idx.info_type_id = it2.id)",
                        "Plans": [
                            {
                                "Node Type": "Gather",
                                "Parent Relationship": "Outer",
                                "Parallel Aware": false,
                                "Startup Cost": 40001789386.7,
                                "Total Cost": 40001789387.09,
                                "Plan Rows": 2,
                                "Plan Width": 88,
                                "Actual Startup Time": 4382.806,
                                "Actual Total Time": 4595.861,
                                "Actual Rows": 114,
                                "Actual Loops": 1,
                                "Output": [
                                    "mi.info",
                                    "mi_idx.info",
                                    "mi_idx.info_type_id",
                                    "mk.keyword_id",
                                    "n.name",
                                    "t.title"
                                ],
                                "Workers Planned": 5,
                                "Workers Launched": 5,
                                "Single Copy": false,
                                "Plans": [
                                    {
                                        "Node Type": "Merge Join",
                                        "Parent Relationship": "Outer",
                                        "Parallel Aware": false,
                                        "Join Type": "Inner",
                                        "Startup Cost": 40001788386.7,
                                        "Total Cost": 40001788386.89,
                                        "Plan Rows": 1,
                                        "Plan Width": 88,
                                        "Actual Startup Time": 3023.652,
                                        "Actual Total Time": 3023.672,
                                        "Actual Rows": 19,
                                        "Actual Loops": 6,
                                        "Output": [
                                            "mi.info",
                                            "mi_idx.info",
                                            "mi_idx.info_type_id",
                                            "mk.keyword_id",
                                            "n.name",
                                            "t.title"
                                        ],
                                        "Inner Unique": false,
                                        "Merge Cond": "(mi.info_type_id = it1.id)",
                                        "Workers": [
                                            {
                                                "Worker Number": 0,
                                                "Actual Startup Time": 2345.881,
                                                "Actual Total Time": 2345.891,
                                                "Actual Rows": 0,
                                                "Actual Loops": 1
                                            },
                                            {
                                                "Worker Number": 1,
                                                "Actual Startup Time": 2345.665,
                                                "Actual Total Time": 2345.677,
                                                "Actual Rows": 0,
                                                "Actual Loops": 1
                                            },
                                            {
                                                "Worker Number": 2,
                                                "Actual Startup Time": 4366.452,
                                                "Actual Total Time": 4366.497,
                                                "Actual Rows": 90,
                                                "Actual Loops": 1
                                            },
                                            {
                                                "Worker Number": 3,
                                                "Actual Startup Time": 2357.168,
                                                "Actual Total Time": 2357.178,
                                                "Actual Rows": 0,
                                                "Actual Loops": 1
                                            },
                                            {
                                                "Worker Number": 4,
                                                "Actual Startup Time": 4304.965,
                                                "Actual Total Time": 4304.984,
                                                "Actual Rows": 24,
                                                "Actual Loops": 1
                                            }
                                        ],
                                        "Plans": [
                                            {
                                                "Node Type": "Sort",
                                                "Parent Relationship": "Outer",
                                                "Parallel Aware": false,
                                                "Startup Cost": 30001788384.28,
                                                "Total Cost": 30001788384.37,
                                                "Plan Rows": 35,
                                                "Plan Width": 92,
                                                "Actual Startup Time": 3023.618,
                                                "Actual Total Time": 3023.631,
                                                "Actual Rows": 19,
                                                "Actual Loops": 6,
                                                "Output": [
                                                    "mi.info",
                                                    "mi.info_type_id",
                                                    "mi_idx.info",
                                                    "mi_idx.info_type_id",
                                                    "mk.keyword_id",
                                                    "n.name",
                                                    "t.title"
                                                ],
                                                "Sort Key": [
                                                    "mi.info_type_id"
                                                ],
                                                "Sort Method": "quicksort",
                                                "Sort Space Used": 25,
                                                "Sort Space Type": "Memory",
                                                "Workers": [
                                                    {
                                                        "Worker Number": 0,
                                                        "Actual Startup Time": 2345.878,
                                                        "Actual Total Time": 2345.888,
                                                        "Actual Rows": 0,
                                                        "Actual Loops": 1
                                                    },
                                                    {
                                                        "Worker Number": 1,
                                                        "Actual Startup Time": 2345.663,
                                                        "Actual Total Time": 2345.673,
                                                        "Actual Rows": 0,
                                                        "Actual Loops": 1
                                                    },
                                                    {
                                                        "Worker Number": 2,
                                                        "Actual Startup Time": 4366.347,
                                                        "Actual Total Time": 4366.365,
                                                        "Actual Rows": 90,
                                                        "Actual Loops": 1
                                                    },
                                                    {
                                                        "Worker Number": 3,
                                                        "Actual Startup Time": 2357.166,
                                                        "Actual Total Time": 2357.175,
                                                        "Actual Rows": 0,
                                                        "Actual Loops": 1
                                                    },
                                                    {
                                                        "Worker Number": 4,
                                                        "Actual Startup Time": 4304.874,
                                                        "Actual Total Time": 4304.887,
                                                        "Actual Rows": 24,
                                                        "Actual Loops": 1
                                                    }
                                                ],
                                                "Plans": [
                                                    {
                                                        "Node Type": "Merge Join",
                                                        "Parent Relationship": "Outer",
                                                        "Parallel Aware": false,
                                                        "Join Type": "Inner",
                                                        "Startup Cost": 30001779961.28,
                                                        "Total Cost": 30001788383.38,
                                                        "Plan Rows": 35,
                                                        "Plan Width": 92,
                                                        "Actual Startup Time": 2999.473,
                                                        "Actual Total Time": 3023.501,
                                                        "Actual Rows": 19,
                                                        "Actual Loops": 6,
                                                        "Output": [
                                                            "mi.info",
                                                            "mi.info_type_id",
                                                            "mi_idx.info",
                                                            "mi_idx.info_type_id",
                                                            "mk.keyword_id",
                                                            "n.name",
                                                            "t.title"
                                                        ],
                                                        "Inner Unique": false,
                                                        "Merge Cond": "(ci.person_id = n.id)",
                                                        "Workers": [
                                                            {
                                                                "Worker Number": 0,
                                                                "Actual Startup Time": 2345.753,
                                                                "Actual Total Time": 2345.761,
                                                                "Actual Rows": 0,
                                                                "Actual Loops": 1
                                                            },
                                                            {
                                                                "Worker Number": 1,
                                                                "Actual Startup Time": 2345.54,
                                                                "Actual Total Time": 2345.55,
                                                                "Actual Rows": 0,
                                                                "Actual Loops": 1
                                                            },
                                                            {
                                                                "Worker Number": 2,
                                                                "Actual Startup Time": 4222.009,
                                                                "Actual Total Time": 4366.107,
                                                                "Actual Rows": 90,
                                                                "Actual Loops": 1
                                                            },
                                                            {
                                                                "Worker Number": 3,
                                                                "Actual Startup Time": 2357.038,
                                                                "Actual Total Time": 2357.047,
                                                                "Actual Rows": 0,
                                                                "Actual Loops": 1
                                                            },
                                                            {
                                                                "Worker Number": 4,
                                                                "Actual Startup Time": 4304.727,
                                                                "Actual Total Time": 4304.749,
                                                                "Actual Rows": 24,
                                                                "Actual Loops": 1
                                                            }
                                                        ],
                                                        "Plans": [
                                                            {
                                                                "Node Type": "Sort",
                                                                "Parent Relationship": "Outer",
                                                                "Parallel Aware": false,
                                                                "Startup Cost": 30001492594.72,
                                                                "Total Cost": 30001492594.93,
                                                                "Plan Rows": 84,
                                                                "Plan Width": 81,
                                                                "Actual Startup Time": 2360.213,
                                                                "Actual Total Time": 2360.226,
                                                                "Actual Rows": 19,
                                                                "Actual Loops": 6,
                                                                "Output": [
                                                                    "ci.person_id",
                                                                    "mi.info",
                                                                    "mi.info_type_id",
                                                                    "mi_idx.info",
                                                                    "mi_idx.info_type_id",
                                                                    "mk.keyword_id",
                                                                    "t.title"
                                                                ],
                                                                "Sort Key": [
                                                                    "ci.person_id"
                                                                ],
                                                                "Sort Method": "quicksort",
                                                                "Sort Space Used": 25,
                                                                "Sort Space Type": "Memory",
                                                                "Workers": [
                                                                    {
                                                                        "Worker Number": 0,
                                                                        "Actual Startup Time": 2345.752,
                                                                        "Actual Total Time": 2345.759,
                                                                        "Actual Rows": 0,
                                                                        "Actual Loops": 1
                                                                    },
                                                                    {
                                                                        "Worker Number": 1,
                                                                        "Actual Startup Time": 2345.538,
                                                                        "Actual Total Time": 2345.547,
                                                                        "Actual Rows": 0,
                                                                        "Actual Loops": 1
                                                                    },
                                                                    {
                                                                        "Worker Number": 2,
                                                                        "Actual Startup Time": 2345.372,
                                                                        "Actual Total Time": 2345.393,
                                                                        "Actual Rows": 91,
                                                                        "Actual Loops": 1
                                                                    },
                                                                    {
                                                                        "Worker Number": 3,
                                                                        "Actual Startup Time": 2357.037,
                                                                        "Actual Total Time": 2357.045,
                                                                        "Actual Rows": 0,
                                                                        "Actual Loops": 1
                                                                    },
                                                                    {
                                                                        "Worker Number": 4,
                                                                        "Actual Startup Time": 2345.809,
                                                                        "Actual Total Time": 2345.822,
                                                                        "Actual Rows": 24,
                                                                        "Actual Loops": 1
                                                                    }
                                                                ],
                                                                "Plans": [
                                                                    {
                                                                        "Node Type": "Nested Loop",
                                                                        "Parent Relationship": "Outer",
                                                                        "Parallel Aware": false,
                                                                        "Join Type": "Inner",
                                                                        "Startup Cost": 30000057290.9,
                                                                        "Total Cost": 30001492592.04,
                                                                        "Plan Rows": 84,
                                                                        "Plan Width": 81,
                                                                        "Actual Startup Time": 1851.403,
                                                                        "Actual Total Time": 2359.985,
                                                                        "Actual Rows": 222,
                                                                        "Actual Loops": 6,
                                                                        "Output": [
                                                                            "ci.person_id",
                                                                            "mi.info",
                                                                            "mi.info_type_id",
                                                                            "mi_idx.info",
                                                                            "mi_idx.info_type_id",
                                                                            "mk.keyword_id",
                                                                            "t.title"
                                                                        ],
                                                                        "Inner Unique": false,
                                                                        "Join Filter": "(t.id = mi_idx.movie_id)",
                                                                        "Rows Removed by Join Filter": 0,
                                                                        "Workers": [
                                                                            {
                                                                                "Worker Number": 0,
                                                                                "Actual Startup Time": 2345.73,
                                                                                "Actual Total Time": 2345.737,
                                                                                "Actual Rows": 0,
                                                                                "Actual Loops": 1
                                                                            },
                                                                            {
                                                                                "Worker Number": 1,
                                                                                "Actual Startup Time": 2345.515,
                                                                                "Actual Total Time": 2345.524,
                                                                                "Actual Rows": 0,
                                                                                "Actual Loops": 1
                                                                            },
                                                                            {
                                                                                "Worker Number": 2,
                                                                                "Actual Startup Time": 759.707,
                                                                                "Actual Total Time": 2344.062,
                                                                                "Actual Rows": 1305,
                                                                                "Actual Loops": 1
                                                                            },
                                                                            {
                                                                                "Worker Number": 3,
                                                                                "Actual Startup Time": 2357.015,
                                                                                "Actual Total Time": 2357.023,
                                                                                "Actual Rows": 0,
                                                                                "Actual Loops": 1
                                                                            },
                                                                            {
                                                                                "Worker Number": 4,
                                                                                "Actual Startup Time": 878.686,
                                                                                "Actual Total Time": 2345.78,
                                                                                "Actual Rows": 24,
                                                                                "Actual Loops": 1
                                                                            }
                                                                        ],
                                                                        "Plans": [
                                                                            {
                                                                                "Node Type": "Hash Join",
                                                                                "Parent Relationship": "Outer",
                                                                                "Parallel Aware": true,
                                                                                "Join Type": "Inner",
                                                                                "Startup Cost": 20000057290.44,
                                                                                "Total Cost": 20001492456.1,
                                                                                "Plan Rows": 30,
                                                                                "Plan Width": 88,
                                                                                "Actual Startup Time": 1370.848,
                                                                                "Actual Total Time": 2359.304,
                                                                                "Actual Rows": 75,
                                                                                "Actual Loops": 6,
                                                                                "Output": [
                                                                                    "ci.movie_id",
                                                                                    "ci.person_id",
                                                                                    "mi.info",
                                                                                    "mi.movie_id",
                                                                                    "mi.info_type_id",
                                                                                    "mk.movie_id",
                                                                                    "mk.keyword_id",
                                                                                    "t.title",
                                                                                    "t.id"
                                                                                ],
                                                                                "Inner Unique": false,
                                                                                "Hash Cond": "(t.id = mk.movie_id)",
                                                                                "Workers": [
                                                                                    {
                                                                                        "Worker Number": 0,
                                                                                        "Actual Startup Time": 2345.729,
                                                                                        "Actual Total Time": 2345.734,
                                                                                        "Actual Rows": 0,
                                                                                        "Actual Loops": 1
                                                                                    },
                                                                                    {
                                                                                        "Worker Number": 1,
                                                                                        "Actual Startup Time": 906.633,
                                                                                        "Actual Total Time": 2345.384,
                                                                                        "Actual Rows": 6,
                                                                                        "Actual Loops": 1
                                                                                    },
                                                                                    {
                                                                                        "Worker Number": 2,
                                                                                        "Actual Startup Time": 759.525,
                                                                                        "Actual Total Time": 2340.38,
                                                                                        "Actual Rows": 435,
                                                                                        "Actual Loops": 1
                                                                                    },
                                                                                    {
                                                                                        "Worker Number": 3,
                                                                                        "Actual Startup Time": 2357.013,
                                                                                        "Actual Total Time": 2357.02,
                                                                                        "Actual Rows": 0,
                                                                                        "Actual Loops": 1
                                                                                    },
                                                                                    {
                                                                                        "Worker Number": 4,
                                                                                        "Actual Startup Time": 878.516,
                                                                                        "Actual Total Time": 2345.546,
                                                                                        "Actual Rows": 8,
                                                                                        "Actual Loops": 1
                                                                                    }
                                                                                ],
                                                                                "Plans": [
                                                                                    {
                                                                                        "Node Type": "Nested Loop",
                                                                                        "Parent Relationship": "Outer",
                                                                                        "Parallel Aware": false,
                                                                                        "Join Type": "Inner",
                                                                                        "Startup Cost": 10000000001.47,
                                                                                        "Total Cost": 10001435166.14,
                                                                                        "Plan Rows": 2,
                                                                                        "Plan Width": 80,
                                                                                        "Actual Startup Time": 737.174,
                                                                                        "Actual Total Time": 1726.429,
                                                                                        "Actual Rows": 8,
                                                                                        "Actual Loops": 6,
                                                                                        "Output": [
                                                                                            "ci.movie_id",
                                                                                            "ci.person_id",
                                                                                            "mi.info",
                                                                                            "mi.movie_id",
                                                                                            "mi.info_type_id",
                                                                                            "t.title",
                                                                                            "t.id"
                                                                                        ],
                                                                                        "Inner Unique": true,
                                                                                        "Join Filter": "(mi.movie_id = t.id)",
                                                                                        "Rows Removed by Join Filter": 0,
                                                                                        "Workers": [
                                                                                            {
                                                                                                "Worker Number": 0,
                                                                                                "Actual Startup Time": 1727.476,
                                                                                                "Actual Total Time": 1727.48,
                                                                                                "Actual Rows": 0,
                                                                                                "Actual Loops": 1
                                                                                            },
                                                                                            {
                                                                                                "Worker Number": 1,
                                                                                                "Actual Startup Time": 283.311,
                                                                                                "Actual Total Time": 1727.067,
                                                                                                "Actual Rows": 11,
                                                                                                "Actual Loops": 1
                                                                                            },
                                                                                            {
                                                                                                "Worker Number": 2,
                                                                                                "Actual Startup Time": 141.581,
                                                                                                "Actual Total Time": 1722.248,
                                                                                                "Actual Rows": 35,
                                                                                                "Actual Loops": 1
                                                                                            },
                                                                                            {
                                                                                                "Worker Number": 3,
                                                                                                "Actual Startup Time": 1727.428,
                                                                                                "Actual Total Time": 1727.432,
                                                                                                "Actual Rows": 0,
                                                                                                "Actual Loops": 1
                                                                                            },
                                                                                            {
                                                                                                "Worker Number": 4,
                                                                                                "Actual Startup Time": 260.126,
                                                                                                "Actual Total Time": 1727.145,
                                                                                                "Actual Rows": 1,
                                                                                                "Actual Loops": 1
                                                                                            }
                                                                                        ],
                                                                                        "Plans": [
                                                                                            {
                                                                                                "Node Type": "Nested Loop",
                                                                                                "Parent Relationship": "Outer",
                                                                                                "Parallel Aware": false,
                                                                                                "Join Type": "Inner",
                                                                                                "Startup Cost": 1.0,
                                                                                                "Total Cost": 1237796.33,
                                                                                                "Plan Rows": 43885,
                                                                                                "Plan Width": 59,
                                                                                                "Actual Startup Time": 135.182,
                                                                                                "Actual Total Time": 1670.999,
                                                                                                "Actual Rows": 4222,
                                                                                                "Actual Loops": 6,
                                                                                                "Output": [
                                                                                                    "ci.movie_id",
                                                                                                    "ci.person_id",
                                                                                                    "mi.info",
                                                                                                    "mi.movie_id",
                                                                                                    "mi.info_type_id"
                                                                                                ],
                                                                                                "Inner Unique": false,
                                                                                                "Workers": [
                                                                                                    {
                                                                                                        "Worker Number": 0,
                                                                                                        "Actual Startup Time": 139.911,
                                                                                                        "Actual Total Time": 1674.573,
                                                                                                        "Actual Rows": 3768,
                                                                                                        "Actual Loops": 1
                                                                                                    },
                                                                                                    {
                                                                                                        "Worker Number": 1,
                                                                                                        "Actual Startup Time": 135.328,
                                                                                                        "Actual Total Time": 1672.69,
                                                                                                        "Actual Rows": 3935,
                                                                                                        "Actual Loops": 1
                                                                                                    },
                                                                                                    {
                                                                                                        "Worker Number": 2,
                                                                                                        "Actual Startup Time": 134.936,
                                                                                                        "Actual Total Time": 1671.661,
                                                                                                        "Actual Rows": 3373,
                                                                                                        "Actual Loops": 1
                                                                                                    },
                                                                                                    {
                                                                                                        "Worker Number": 3,
                                                                                                        "Actual Startup Time": 136.213,
                                                                                                        "Actual Total Time": 1674.366,
                                                                                                        "Actual Rows": 3780,
                                                                                                        "Actual Loops": 1
                                                                                                    },
                                                                                                    {
                                                                                                        "Worker Number": 4,
                                                                                                        "Actual Startup Time": 133.104,
                                                                                                        "Actual Total Time": 1674.087,
                                                                                                        "Actual Rows": 3769,
                                                                                                        "Actual Loops": 1
                                                                                                    }
                                                                                                ],
                                                                                                "Plans": [
                                                                                                    {
                                                                                                        "Node Type": "Index Scan",
                                                                                                        "Parent Relationship": "Outer",
                                                                                                        "Parallel Aware": true,
                                                                                                        "Scan Direction": "Forward",
                                                                                                        "Index Name": "info_type_id_movie_info",
                                                                                                        "Relation Name": "movie_info",
                                                                                                        "Schema": "public",
                                                                                                        "Alias": "mi",
                                                                                                        "Startup Cost": 0.43,
                                                                                                        "Total Cost": 902768.22,
                                                                                                        "Plan Rows": 34133,
                                                                                                        "Plan Width": 51,
                                                                                                        "Actual Startup Time": 131.544,
                                                                                                        "Actual Total Time": 906.034,
                                                                                                        "Actual Rows": 27003,
                                                                                                        "Actual Loops": 6,
                                                                                                        "Output": [
                                                                                                            "mi.id",
                                                                                                            "mi.movie_id",
                                                                                                            "mi.info_type_id",
                                                                                                            "mi.info",
                                                                                                            "mi.note"
                                                                                                        ],
                                                                                                        "Filter": "(mi.info = 'Documentary'::text)",
                                                                                                        "Rows Removed by Filter": 2445617,
                                                                                                        "Workers": [
                                                                                                            {
                                                                                                                "Worker Number": 0,
                                                                                                                "Actual Startup Time": 131.65,
                                                                                                                "Actual Total Time": 900.811,
                                                                                                                "Actual Rows": 24459,
                                                                                                                "Actual Loops": 1
                                                                                                            },
                                                                                                            {
                                                                                                                "Worker Number": 1,
                                                                                                                "Actual Startup Time": 131.54,
                                                                                                                "Actual Total Time": 904.078,
                                                                                                                "Actual Rows": 24604,
                                                                                                                "Actual Loops": 1
                                                                                                            },
                                                                                                            {
                                                                                                                "Worker Number": 2,
                                                                                                                "Actual Startup Time": 131.472,
                                                                                                                "Actual Total Time": 898.644,
                                                                                                                "Actual Rows": 22221,
                                                                                                                "Actual Loops": 1
                                                                                                            },
                                                                                                            {
                                                                                                                "Worker Number": 3,
                                                                                                                "Actual Startup Time": 131.559,
                                                                                                                "Actual Total Time": 900.075,
                                                                                                                "Actual Rows": 24485,
                                                                                                                "Actual Loops": 1
                                                                                                            },
                                                                                                            {
                                                                                                                "Worker Number": 4,
                                                                                                                "Actual Startup Time": 131.506,
                                                                                                                "Actual Total Time": 903.287,
                                                                                                                "Actual Rows": 24447,
                                                                                                                "Actual Loops": 1
                                                                                                            }
                                                                                                        ]
                                                                                                    },
                                                                                                    {
                                                                                                        "Node Type": "Index Scan",
                                                                                                        "Parent Relationship": "Inner",
                                                                                                        "Parallel Aware": false,
                                                                                                        "Scan Direction": "Forward",
                                                                                                        "Index Name": "movie_id_cast_info",
                                                                                                        "Relation Name": "cast_info",
                                                                                                        "Schema": "public",
                                                                                                        "Alias": "ci",
                                                                                                        "Startup Cost": 0.56,
                                                                                                        "Total Cost": 9.81,
                                                                                                        "Plan Rows": 1,
                                                                                                        "Plan Width": 8,
                                                                                                        "Actual Startup Time": 0.026,
                                                                                                        "Actual Total Time": 0.028,
                                                                                                        "Actual Rows": 0,
                                                                                                        "Actual Loops": 162019,
                                                                                                        "Output": [
                                                                                                            "ci.id",
                                                                                                            "ci.person_id",
                                                                                                            "ci.movie_id",
                                                                                                            "ci.person_role_id",
                                                                                                            "ci.note",
                                                                                                            "ci.nr_order",
                                                                                                            "ci.role_id"
                                                                                                        ],
                                                                                                        "Index Cond": "(ci.movie_id = mi.movie_id)",
                                                                                                        "Rows Removed by Index Recheck": 0,
                                                                                                        "Filter": "(ci.note = ANY ('{(writer),\"(head writer)\",\"(written by)\",(story),\"(story editor)\"}'::text[]))",
                                                                                                        "Rows Removed by Filter": 9,
                                                                                                        "Workers": [
                                                                                                            {
                                                                                                                "Worker Number": 0,
                                                                                                                "Actual Startup Time": 0.029,
                                                                                                                "Actual Total Time": 0.031,
                                                                                                                "Actual Rows": 0,
                                                                                                                "Actual Loops": 24459
                                                                                                            },
                                                                                                            {
                                                                                                                "Worker Number": 1,
                                                                                                                "Actual Startup Time": 0.029,
                                                                                                                "Actual Total Time": 0.031,
                                                                                                                "Actual Rows": 0,
                                                                                                                "Actual Loops": 24604
                                                                                                            },
                                                                                                            {
                                                                                                                "Worker Number": 2,
                                                                                                                "Actual Startup Time": 0.032,
                                                                                                                "Actual Total Time": 0.034,
                                                                                                                "Actual Rows": 0,
                                                                                                                "Actual Loops": 22221
                                                                                                            },
                                                                                                            {
                                                                                                                "Worker Number": 3,
                                                                                                                "Actual Startup Time": 0.029,
                                                                                                                "Actual Total Time": 0.031,
                                                                                                                "Actual Rows": 0,
                                                                                                                "Actual Loops": 24485
                                                                                                            },
                                                                                                            {
                                                                                                                "Worker Number": 4,
                                                                                                                "Actual Startup Time": 0.029,
                                                                                                                "Actual Total Time": 0.031,
                                                                                                                "Actual Rows": 0,
                                                                                                                "Actual Loops": 24447
                                                                                                            }
                                                                                                        ]
                                                                                                    }
                                                                                                ]
                                                                                            },
                                                                                            {
                                                                                                "Node Type": "Bitmap Heap Scan",
                                                                                                "Parent Relationship": "Inner",
                                                                                                "Parallel Aware": false,
                                                                                                "Relation Name": "title",
                                                                                                "Schema": "public",
                                                                                                "Alias": "t",
                                                                                                "Startup Cost": 0.47,
                                                                                                "Total Cost": 4.48,
                                                                                                "Plan Rows": 1,
                                                                                                "Plan Width": 21,
                                                                                                "Actual Startup Time": 0.01,
                                                                                                "Actual Total Time": 0.01,
                                                                                                "Actual Rows": 0,
                                                                                                "Actual Loops": 25335,
                                                                                                "Output": [
                                                                                                    "t.id",
                                                                                                    "t.title",
                                                                                                    "t.imdb_index",
                                                                                                    "t.kind_id",
                                                                                                    "t.production_year",
                                                                                                    "t.imdb_id",
                                                                                                    "t.phonetic_code",
                                                                                                    "t.episode_of_id",
                                                                                                    "t.season_nr",
                                                                                                    "t.episode_nr",
                                                                                                    "t.series_years",
                                                                                                    "t.md5sum"
                                                                                                ],
                                                                                                "Recheck Cond": "(t.id = ci.movie_id)",
                                                                                                "Rows Removed by Index Recheck": 0,
                                                                                                "Filter": "((t.title ~~ '100%'::text) AND (t.production_year > 1997))",
                                                                                                "Rows Removed by Filter": 1,
                                                                                                "Exact Heap Blocks": 6710,
                                                                                                "Lossy Heap Blocks": 0,
                                                                                                "Workers": [
                                                                                                    {
                                                                                                        "Worker Number": 0,
                                                                                                        "Actual Startup Time": 0.011,
                                                                                                        "Actual Total Time": 0.011,
                                                                                                        "Actual Rows": 0,
                                                                                                        "Actual Loops": 3768
                                                                                                    },
                                                                                                    {
                                                                                                        "Worker Number": 1,
                                                                                                        "Actual Startup Time": 0.011,
                                                                                                        "Actual Total Time": 0.011,
                                                                                                        "Actual Rows": 0,
                                                                                                        "Actual Loops": 3935
                                                                                                    },
                                                                                                    {
                                                                                                        "Worker Number": 2,
                                                                                                        "Actual Startup Time": 0.012,
                                                                                                        "Actual Total Time": 0.012,
                                                                                                        "Actual Rows": 0,
                                                                                                        "Actual Loops": 3373
                                                                                                    },
                                                                                                    {
                                                                                                        "Worker Number": 3,
                                                                                                        "Actual Startup Time": 0.011,
                                                                                                        "Actual Total Time": 0.011,
                                                                                                        "Actual Rows": 0,
                                                                                                        "Actual Loops": 3780
                                                                                                    },
                                                                                                    {
                                                                                                        "Worker Number": 4,
                                                                                                        "Actual Startup Time": 0.011,
                                                                                                        "Actual Total Time": 0.011,
                                                                                                        "Actual Rows": 0,
                                                                                                        "Actual Loops": 3769
                                                                                                    }
                                                                                                ],
                                                                                                "Plans": [
                                                                                                    {
                                                                                                        "Node Type": "Bitmap Index Scan",
                                                                                                        "Parent Relationship": "Outer",
                                                                                                        "Parallel Aware": false,
                                                                                                        "Index Name": "title_pkey",
                                                                                                        "Startup Cost": 0.0,
                                                                                                        "Total Cost": 0.47,
                                                                                                        "Plan Rows": 1,
                                                                                                        "Plan Width": 0,
                                                                                                        "Actual Startup Time": 0.005,
                                                                                                        "Actual Total Time": 0.005,
                                                                                                        "Actual Rows": 1,
                                                                                                        "Actual Loops": 25335,
                                                                                                        "Index Cond": "(t.id = ci.movie_id)",
                                                                                                        "Workers": [
                                                                                                            {
                                                                                                                "Worker Number": 0,
                                                                                                                "Actual Startup Time": 0.005,
                                                                                                                "Actual Total Time": 0.005,
                                                                                                                "Actual Rows": 1,
                                                                                                                "Actual Loops": 3768
                                                                                                            },
                                                                                                            {
                                                                                                                "Worker Number": 1,
                                                                                                                "Actual Startup Time": 0.005,
                                                                                                                "Actual Total Time": 0.005,
                                                                                                                "Actual Rows": 1,
                                                                                                                "Actual Loops": 3935
                                                                                                            },
                                                                                                            {
                                                                                                                "Worker Number": 2,
                                                                                                                "Actual Startup Time": 0.006,
                                                                                                                "Actual Total Time": 0.006,
                                                                                                                "Actual Rows": 1,
                                                                                                                "Actual Loops": 3373
                                                                                                            },
                                                                                                            {
                                                                                                                "Worker Number": 3,
                                                                                                                "Actual Startup Time": 0.005,
                                                                                                                "Actual Total Time": 0.005,
                                                                                                                "Actual Rows": 1,
                                                                                                                "Actual Loops": 3780
                                                                                                            },
                                                                                                            {
                                                                                                                "Worker Number": 4,
                                                                                                                "Actual Startup Time": 0.005,
                                                                                                                "Actual Total Time": 0.005,
                                                                                                                "Actual Rows": 1,
                                                                                                                "Actual Loops": 3769
                                                                                                            }
                                                                                                        ]
                                                                                                    }
                                                                                                ]
                                                                                            }
                                                                                        ]
                                                                                    },
                                                                                    {
                                                                                        "Node Type": "Hash",
                                                                                        "Parent Relationship": "Inner",
                                                                                        "Parallel Aware": true,
                                                                                        "Startup Cost": 10000039047.32,
                                                                                        "Total Cost": 10000039047.32,
                                                                                        "Plan Rows": 1459332,
                                                                                        "Plan Width": 8,
                                                                                        "Actual Startup Time": 611.031,
                                                                                        "Actual Total Time": 611.033,
                                                                                        "Actual Rows": 753988,
                                                                                        "Actual Loops": 6,
                                                                                        "Output": [
                                                                                            "mk.movie_id",
                                                                                            "mk.keyword_id"
                                                                                        ],
                                                                                        "Hash Buckets": 8388608,
                                                                                        "Original Hash Buckets": 8388608,
                                                                                        "Hash Batches": 1,
                                                                                        "Original Hash Batches": 1,
                                                                                        "Peak Memory Usage": 242592,
                                                                                        "Workers": [
                                                                                            {
                                                                                                "Worker Number": 0,
                                                                                                "Actual Startup Time": 617.562,
                                                                                                "Actual Total Time": 617.563,
                                                                                                "Actual Rows": 691715,
                                                                                                "Actual Loops": 1
                                                                                            },
                                                                                            {
                                                                                                "Worker Number": 1,
                                                                                                "Actual Startup Time": 617.394,
                                                                                                "Actual Total Time": 617.395,
                                                                                                "Actual Rows": 756775,
                                                                                                "Actual Loops": 1
                                                                                            },
                                                                                            {
                                                                                                "Worker Number": 2,
                                                                                                "Actual Startup Time": 616.989,
                                                                                                "Actual Total Time": 616.991,
                                                                                                "Actual Rows": 705035,
                                                                                                "Actual Loops": 1
                                                                                            },
                                                                                            {
                                                                                                "Worker Number": 3,
                                                                                                "Actual Startup Time": 617.458,
                                                                                                "Actual Total Time": 617.459,
                                                                                                "Actual Rows": 756095,
                                                                                                "Actual Loops": 1
                                                                                            },
                                                                                            {
                                                                                                "Worker Number": 4,
                                                                                                "Actual Startup Time": 617.406,
                                                                                                "Actual Total Time": 617.408,
                                                                                                "Actual Rows": 697450,
                                                                                                "Actual Loops": 1
                                                                                            }
                                                                                        ],
                                                                                        "Plans": [
                                                                                            {
                                                                                                "Node Type": "Seq Scan",
                                                                                                "Parent Relationship": "Outer",
                                                                                                "Parallel Aware": true,
                                                                                                "Relation Name": "movie_keyword",
                                                                                                "Schema": "public",
                                                                                                "Alias": "mk",
                                                                                                "Startup Cost": 10000000000.0,
                                                                                                "Total Cost": 10000039047.32,
                                                                                                "Plan Rows": 1459332,
                                                                                                "Plan Width": 8,
                                                                                                "Actual Startup Time": 0.051,
                                                                                                "Actual Total Time": 152.313,
                                                                                                "Actual Rows": 753988,
                                                                                                "Actual Loops": 6,
                                                                                                "Output": [
                                                                                                    "mk.movie_id",
                                                                                                    "mk.keyword_id"
                                                                                                ],
                                                                                                "Workers": [
                                                                                                    {
                                                                                                        "Worker Number": 0,
                                                                                                        "Actual Startup Time": 0.05,
                                                                                                        "Actual Total Time": 153.652,
                                                                                                        "Actual Rows": 691715,
                                                                                                        "Actual Loops": 1
                                                                                                    },
                                                                                                    {
                                                                                                        "Worker Number": 1,
                                                                                                        "Actual Startup Time": 0.061,
                                                                                                        "Actual Total Time": 153.64,
                                                                                                        "Actual Rows": 756775,
                                                                                                        "Actual Loops": 1
                                                                                                    },
                                                                                                    {
                                                                                                        "Worker Number": 2,
                                                                                                        "Actual Startup Time": 0.079,
                                                                                                        "Actual Total Time": 155.545,
                                                                                                        "Actual Rows": 705035,
                                                                                                        "Actual Loops": 1
                                                                                                    },
                                                                                                    {
                                                                                                        "Worker Number": 3,
                                                                                                        "Actual Startup Time": 0.051,
                                                                                                        "Actual Total Time": 153.271,
                                                                                                        "Actual Rows": 756095,
                                                                                                        "Actual Loops": 1
                                                                                                    },
                                                                                                    {
                                                                                                        "Worker Number": 4,
                                                                                                        "Actual Startup Time": 0.049,
                                                                                                        "Actual Total Time": 154.432,
                                                                                                        "Actual Rows": 697450,
                                                                                                        "Actual Loops": 1
                                                                                                    }
                                                                                                ]
                                                                                            }
                                                                                        ]
                                                                                    }
                                                                                ]
                                                                            },
                                                                            {
                                                                                "Node Type": "Bitmap Heap Scan",
                                                                                "Parent Relationship": "Inner",
                                                                                "Parallel Aware": false,
                                                                                "Relation Name": "movie_info_idx",
                                                                                "Schema": "public",
                                                                                "Alias": "mi_idx",
                                                                                "Startup Cost": 0.46,
                                                                                "Total Cost": 4.49,
                                                                                "Plan Rows": 3,
                                                                                "Plan Width": 13,
                                                                                "Actual Startup Time": 0.005,
                                                                                "Actual Total Time": 0.006,
                                                                                "Actual Rows": 3,
                                                                                "Actual Loops": 450,
                                                                                "Output": [
                                                                                    "mi_idx.id",
                                                                                    "mi_idx.movie_id",
                                                                                    "mi_idx.info_type_id",
                                                                                    "mi_idx.info",
                                                                                    "mi_idx.note"
                                                                                ],
                                                                                "Recheck Cond": "(mi_idx.movie_id = mk.movie_id)",
                                                                                "Rows Removed by Index Recheck": 0,
                                                                                "Exact Heap Blocks": 0,
                                                                                "Lossy Heap Blocks": 0,
                                                                                "Workers": [
                                                                                    {
                                                                                        "Worker Number": 1,
                                                                                        "Actual Startup Time": 0.02,
                                                                                        "Actual Total Time": 0.02,
                                                                                        "Actual Rows": 0,
                                                                                        "Actual Loops": 6
                                                                                    },
                                                                                    {
                                                                                        "Worker Number": 2,
                                                                                        "Actual Startup Time": 0.005,
                                                                                        "Actual Total Time": 0.005,
                                                                                        "Actual Rows": 3,
                                                                                        "Actual Loops": 435
                                                                                    },
                                                                                    {
                                                                                        "Worker Number": 4,
                                                                                        "Actual Startup Time": 0.024,
                                                                                        "Actual Total Time": 0.025,
                                                                                        "Actual Rows": 3,
                                                                                        "Actual Loops": 8
                                                                                    }
                                                                                ],
                                                                                "Plans": [
                                                                                    {
                                                                                        "Node Type": "Bitmap Index Scan",
                                                                                        "Parent Relationship": "Outer",
                                                                                        "Parallel Aware": false,
                                                                                        "Index Name": "movie_id_movie_info_idx",
                                                                                        "Startup Cost": 0.0,
                                                                                        "Total Cost": 0.46,
                                                                                        "Plan Rows": 3,
                                                                                        "Plan Width": 0,
                                                                                        "Actual Startup Time": 0.004,
                                                                                        "Actual Total Time": 0.004,
                                                                                        "Actual Rows": 3,
                                                                                        "Actual Loops": 450,
                                                                                        "Index Cond": "(mi_idx.movie_id = mk.movie_id)",
                                                                                        "Workers": [
                                                                                            {
                                                                                                "Worker Number": 1,
                                                                                                "Actual Startup Time": 0.018,
                                                                                                "Actual Total Time": 0.018,
                                                                                                "Actual Rows": 0,
                                                                                                "Actual Loops": 6
                                                                                            },
                                                                                            {
                                                                                                "Worker Number": 2,
                                                                                                "Actual Startup Time": 0.003,
                                                                                                "Actual Total Time": 0.003,
                                                                                                "Actual Rows": 3,
                                                                                                "Actual Loops": 435
                                                                                            },
                                                                                            {
                                                                                                "Worker Number": 4,
                                                                                                "Actual Startup Time": 0.021,
                                                                                                "Actual Total Time": 0.021,
                                                                                                "Actual Rows": 3,
                                                                                                "Actual Loops": 8
                                                                                            }
                                                                                        ]
                                                                                    }
                                                                                ]
                                                                            }
                                                                        ]
                                                                    }
                                                                ]
                                                            },
                                                            {
                                                                "Node Type": "Sort",
                                                                "Parent Relationship": "Inner",
                                                                "Parallel Aware": false,
                                                                "Startup Cost": 287365.69,
                                                                "Total Cost": 291699.94,
                                                                "Plan Rows": 1733700,
                                                                "Plan Width": 19,
                                                                "Actual Startup Time": 1828.061,
                                                                "Actual Total Time": 1914.522,
                                                                "Actual Rows": 1151186,
                                                                "Actual Loops": 2,
                                                                "Output": [
                                                                    "n.name",
                                                                    "n.id"
                                                                ],
                                                                "Sort Key": [
                                                                    "n.id"
                                                                ],
                                                                "Workers": [
                                                                    {
                                                                        "Worker Number": 2,
                                                                        "Actual Startup Time": 1786.668,
                                                                        "Actual Total Time": 1914.951,
                                                                        "Actual Rows": 1739667,
                                                                        "Actual Loops": 1
                                                                    },
                                                                    {
                                                                        "Worker Number": 4,
                                                                        "Actual Startup Time": 1869.455,
                                                                        "Actual Total Time": 1914.093,
                                                                        "Actual Rows": 562705,
                                                                        "Actual Loops": 1
                                                                    }
                                                                ],
                                                                "Plans": [
                                                                    {
                                                                        "Node Type": "Seq Scan",
                                                                        "Parent Relationship": "Outer",
                                                                        "Parallel Aware": false,
                                                                        "Relation Name": "name",
                                                                        "Schema": "public",
                                                                        "Alias": "n",
                                                                        "Startup Cost": 0.0,
                                                                        "Total Cost": 107707.36,
                                                                        "Plan Rows": 1733700,
                                                                        "Plan Width": 19,
                                                                        "Actual Startup Time": 0.077,
                                                                        "Actual Total Time": 861.898,
                                                                        "Actual Rows": 1739579,
                                                                        "Actual Loops": 2,
                                                                        "Output": [
                                                                            "n.name",
                                                                            "n.id"
                                                                        ],
                                                                        "Filter": "((n.gender)::text = 'm'::text)",
                                                                        "Rows Removed by Filter": 2427912,
                                                                        "Workers": [
                                                                            {
                                                                                "Worker Number": 2,
                                                                                "Actual Startup Time": 0.086,
                                                                                "Actual Total Time": 862.986,
                                                                                "Actual Rows": 1739579,
                                                                                "Actual Loops": 1
                                                                            },
                                                                            {
                                                                                "Worker Number": 4,
                                                                                "Actual Startup Time": 0.068,
                                                                                "Actual Total Time": 860.811,
                                                                                "Actual Rows": 1739579,
                                                                                "Actual Loops": 1
                                                                            }
                                                                        ]
                                                                    }
                                                                ]
                                                            }
                                                        ]
                                                    }
                                                ]
                                            },
                                            {
                                                "Node Type": "Sort",
                                                "Parent Relationship": "Inner",
                                                "Parallel Aware": false,
                                                "Startup Cost": 10000000002.42,
                                                "Total Cost": 10000000002.43,
                                                "Plan Rows": 1,
                                                "Plan Width": 4,
                                                "Actual Startup Time": 0.091,
                                                "Actual Total Time": 0.094,
                                                "Actual Rows": 1,
                                                "Actual Loops": 2,
                                                "Output": [
                                                    "it1.id"
                                                ],
                                                "Sort Key": [
                                                    "it1.id"
                                                ],
                                                "Workers": [
                                                    {
                                                        "Worker Number": 2,
                                                        "Actual Startup Time": 0.097,
                                                        "Actual Total Time": 0.101,
                                                        "Actual Rows": 1,
                                                        "Actual Loops": 1
                                                    },
                                                    {
                                                        "Worker Number": 4,
                                                        "Actual Startup Time": 0.086,
                                                        "Actual Total Time": 0.087,
                                                        "Actual Rows": 1,
                                                        "Actual Loops": 1
                                                    }
                                                ],
                                                "Plans": [
                                                    {
                                                        "Node Type": "Seq Scan",
                                                        "Parent Relationship": "Outer",
                                                        "Parallel Aware": false,
                                                        "Relation Name": "info_type",
                                                        "Schema": "public",
                                                        "Alias": "it1",
                                                        "Startup Cost": 10000000000.0,
                                                        "Total Cost": 10000000002.41,
                                                        "Plan Rows": 1,
                                                        "Plan Width": 4,
                                                        "Actual Startup Time": 0.073,
                                                        "Actual Total Time": 0.078,
                                                        "Actual Rows": 1,
                                                        "Actual Loops": 2,
                                                        "Output": [
                                                            "it1.id"
                                                        ],
                                                        "Filter": "((it1.info)::text = 'genres'::text)",
                                                        "Rows Removed by Filter": 112,
                                                        "Workers": [
                                                            {
                                                                "Worker Number": 2,
                                                                "Actual Startup Time": 0.075,
                                                                "Actual Total Time": 0.081,
                                                                "Actual Rows": 1,
                                                                "Actual Loops": 1
                                                            },
                                                            {
                                                                "Worker Number": 4,
                                                                "Actual Startup Time": 0.071,
                                                                "Actual Total Time": 0.076,
                                                                "Actual Rows": 1,
                                                                "Actual Loops": 1
                                                            }
                                                        ]
                                                    }
                                                ]
                                            }
                                        ]
                                    }
                                ]
                            },
                            {
                                "Node Type": "Hash",
                                "Parent Relationship": "Inner",
                                "Parallel Aware": false,
                                "Startup Cost": 10000000002.41,
                                "Total Cost": 10000000002.41,
                                "Plan Rows": 1,
                                "Plan Width": 4,
                                "Actual Startup Time": 0.044,
                                "Actual Total Time": 0.047,
                                "Actual Rows": 1,
                                "Actual Loops": 1,
                                "Output": [
                                    "it2.id"
                                ],
                                "Hash Buckets": 1024,
                                "Original Hash Buckets": 1024,
                                "Hash Batches": 1,
                                "Original Hash Batches": 1,
                                "Peak Memory Usage": 9,
                                "Plans": [
                                    {
                                        "Node Type": "Seq Scan",
                                        "Parent Relationship": "Outer",
                                        "Parallel Aware": false,
                                        "Relation Name": "info_type",
                                        "Schema": "public",
                                        "Alias": "it2",
                                        "Startup Cost": 10000000000.0,
                                        "Total Cost": 10000000002.41,
                                        "Plan Rows": 1,
                                        "Plan Width": 4,
                                        "Actual Startup Time": 0.036,
                                        "Actual Total Time": 0.04,
                                        "Actual Rows": 1,
                                        "Actual Loops": 1,
                                        "Output": [
                                            "it2.id"
                                        ],
                                        "Filter": "((it2.info)::text = 'votes'::text)",
                                        "Rows Removed by Filter": 112
                                    }
                                ]
                            }
                        ]
                    },
                    {
                        "Node Type": "Bitmap Heap Scan",
                        "Parent Relationship": "Inner",
                        "Parallel Aware": false,
                        "Relation Name": "keyword",
                        "Schema": "public",
                        "Alias": "k",
                        "Startup Cost": 0.43,
                        "Total Cost": 4.45,
                        "Plan Rows": 1,
                        "Plan Width": 4,
                        "Actual Startup Time": 0.018,
                        "Actual Total Time": 0.018,
                        "Actual Rows": 0,
                        "Actual Loops": 38,
                        "Output": [
                            "k.id",
                            "k.keyword",
                            "k.phonetic_code"
                        ],
                        "Recheck Cond": "(k.id = mk.keyword_id)",
                        "Rows Removed by Index Recheck": 0,
                        "Filter": "(k.keyword = ANY ('{claw,superhero,tv-special,violence,archive-footage}'::text[]))",
                        "Rows Removed by Filter": 1,
                        "Exact Heap Blocks": 38,
                        "Lossy Heap Blocks": 0,
                        "Plans": [
                            {
                                "Node Type": "Bitmap Index Scan",
                                "Parent Relationship": "Outer",
                                "Parallel Aware": false,
                                "Index Name": "keyword_pkey",
                                "Startup Cost": 0.0,
                                "Total Cost": 0.43,
                                "Plan Rows": 1,
                                "Plan Width": 0,
                                "Actual Startup Time": 0.009,
                                "Actual Total Time": 0.009,
                                "Actual Rows": 1,
                                "Actual Loops": 38,
                                "Index Cond": "(k.id = mk.keyword_id)"
                            }
                        ]
                    }
                ]
            }
        ]
    },
    "Planning Time": 15.223,
    "Triggers": [],
    "Execution Time": 4597.331
}