{
  "Plan": {
    "Node Type": "Aggregate",
    "Strategy": "Plain",
    "Partial Mode": "Simple",
    "Parallel Aware": false,
    "Startup Cost": 75290.31,
    "Total Cost": 75290.32,
    "Plan Rows": 1,
    "Plan Width": 64,
    "Actual Startup Time": 1688.59,
    "Actual Total Time": 1748.362,
    "Actual Rows": 1,
    "Actual Loops": 1,
    "Plans": [
      {
        "Node Type": "Gather",
        "Parent Relationship": "Outer",
        "Parallel Aware": false,
        "Startup Cost": 75222.23,
        "Total Cost": 75290.3,
        "Plan Rows": 1,
        "Plan Width": 32,
        "Actual Startup Time": 1034.594,
        "Actual Total Time": 1747.747,
        "Actual Rows": 3504,
        "Actual Loops": 1,
        "Workers Planned": 1,
        "Workers Launched": 1,
        "Single Copy": false,
        "Plans": [
          {
            "Node Type": "Nested Loop",
            "Parent Relationship": "Outer",
            "Parallel Aware": false,
            "Join Type": "Inner",
            "Startup Cost": 74222.23,
            "Total Cost": 74290.2,
            "Plan Rows": 1,
            "Plan Width": 32,
            "Actual Startup Time": 1028.018,
            "Actual Total Time": 1676.633,
            "Actual Rows": 1752,
            "Actual Loops": 2,
            "Inner Unique": true,
            "Plans": [
              {
                "Node Type": "Nested Loop",
                "Parent Relationship": "Outer",
                "Parallel Aware": false,
                "Join Type": "Inner",
                "Startup Cost": 74222.09,
                "Total Cost": 74290.02,
                "Plan Rows": 1,
                "Plan Width": 36,
                "Actual Startup Time": 1025.554,
                "Actual Total Time": 1663.471,
                "Actual Rows": 13123,
                "Actual Loops": 2,
                "Inner Unique": false,
                "Join Filter": "(t.id = mii.movie_id)",
                "Rows Removed by Join Filter": 0,
                "Plans": [
                  {
                    "Node Type": "Nested Loop",
                    "Parent Relationship": "Outer",
                    "Parallel Aware": false,
                    "Join Type": "Inner",
                    "Startup Cost": 74221.66,
                    "Total Cost": 74277.11,
                    "Plan Rows": 25,
                    "Plan Width": 40,
                    "Actual Startup Time": 1025.442,
                    "Actual Total Time": 1377.407,
                    "Actual Rows": 104530,
                    "Actual Loops": 2,
                    "Inner Unique": true,
                    "Plans": [
                      {
                        "Node Type": "Nested Loop",
                        "Parent Relationship": "Outer",
                        "Parallel Aware": false,
                        "Join Type": "Inner",
                        "Startup Cost": 74221.23,
                        "Total Cost": 74265.8,
                        "Plan Rows": 25,
                        "Plan Width": 19,
                        "Actual Startup Time": 1025.41,
                        "Actual Total Time": 1087.798,
                        "Actual Rows": 104530,
                        "Actual Loops": 2,
                        "Inner Unique": false,
                        "Plans": [
                          {
                            "Node Type": "Merge Join",
                            "Parent Relationship": "Outer",
                            "Parallel Aware": false,
                            "Join Type": "Inner",
                            "Startup Cost": 74220.67,
                            "Total Cost": 74221.5,
                            "Plan Rows": 3,
                            "Plan Width": 23,
                            "Actual Startup Time": 1025.369,
                            "Actual Total Time": 1026.698,
                            "Actual Rows": 2334,
                            "Actual Loops": 2,
                            "Inner Unique": true,
                            "Merge Cond": "(pi.info_type_id = it2.id)",
                            "Plans": [
                              {
                                "Node Type": "Sort",
                                "Parent Relationship": "Outer",
                                "Parallel Aware": false,
                                "Startup Cost": 74218.24,
                                "Total Cost": 74218.64,
                                "Plan Rows": 160,
                                "Plan Width": 27,
                                "Actual Startup Time": 1024.787,
                                "Actual Total Time": 1025.763,
                                "Actual Rows": 6508,
                                "Actual Loops": 2,
                                "Sort Key": [
                                  "pi.info_type_id"
                                ],
                                "Sort Method": "quicksort",
                                "Sort Space Used": 1060,
                                "Sort Space Type": "Memory",
                                "Workers": [
                                  {
                                    "Worker Number": 0,
                                    "Sort Method": "quicksort",
                                    "Sort Space Used": 795,
                                    "Sort Space Type": "Memory"
                                  }
                                ],
                                "Plans": [
                                  {
                                    "Node Type": "Nested Loop",
                                    "Parent Relationship": "Outer",
                                    "Parallel Aware": false,
                                    "Join Type": "Inner",
                                    "Startup Cost": 0.43,
                                    "Total Cost": 74212.39,
                                    "Plan Rows": 160,
                                    "Plan Width": 27,
                                    "Actual Startup Time": 1.105,
                                    "Actual Total Time": 1022.035,
                                    "Actual Rows": 8174,
                                    "Actual Loops": 2,
                                    "Inner Unique": true,
                                    "Plans": [
                                      {
                                        "Node Type": "Seq Scan",
                                        "Parent Relationship": "Outer",
                                        "Parallel Aware": true,
                                        "Relation Name": "person_info",
                                        "Alias": "pi",
                                        "Startup Cost": 0.0,
                                        "Total Cost": 72865.49,
                                        "Plan Rows": 160,
                                        "Plan Width": 8,
                                        "Actual Startup Time": 0.99,
                                        "Actual Total Time": 973.312,
                                        "Actual Rows": 8174,
                                        "Actual Loops": 2,
                                        "Filter": "(info ~~* '%india%'::text)",
                                        "Rows Removed by Filter": 1473658
                                      },
                                      {
                                        "Node Type": "Index Scan",
                                        "Parent Relationship": "Inner",
                                        "Parallel Aware": false,
                                        "Scan Direction": "Forward",
                                        "Index Name": "name_pkey",
                                        "Relation Name": "name",
                                        "Alias": "n",
                                        "Startup Cost": 0.43,
                                        "Total Cost": 8.42,
                                        "Plan Rows": 1,
                                        "Plan Width": 19,
                                        "Actual Startup Time": 0.006,
                                        "Actual Total Time": 0.006,
                                        "Actual Rows": 1,
                                        "Actual Loops": 16348,
                                        "Index Cond": "(id = pi.person_id)",
                                        "Rows Removed by Index Recheck": 0
                                      }
                                    ]
                                  }
                                ]
                              },
                              {
                                "Node Type": "Sort",
                                "Parent Relationship": "Inner",
                                "Parallel Aware": false,
                                "Startup Cost": 2.42,
                                "Total Cost": 2.43,
                                "Plan Rows": 2,
                                "Plan Width": 4,
                                "Actual Startup Time": 0.051,
                                "Actual Total Time": 0.053,
                                "Actual Rows": 3,
                                "Actual Loops": 2,
                                "Sort Key": [
                                  "it2.id"
                                ],
                                "Sort Method": "quicksort",
                                "Sort Space Used": 25,
                                "Sort Space Type": "Memory",
                                "Workers": [
                                  {
                                    "Worker Number": 0,
                                    "Sort Method": "quicksort",
                                    "Sort Space Used": 25,
                                    "Sort Space Type": "Memory"
                                  }
                                ],
                                "Plans": [
                                  {
                                    "Node Type": "Seq Scan",
                                    "Parent Relationship": "Outer",
                                    "Parallel Aware": false,
                                    "Relation Name": "info_type",
                                    "Alias": "it2",
                                    "Startup Cost": 0.0,
                                    "Total Cost": 2.41,
                                    "Plan Rows": 2,
                                    "Plan Width": 4,
                                    "Actual Startup Time": 0.027,
                                    "Actual Total Time": 0.046,
                                    "Actual Rows": 3,
                                    "Actual Loops": 2,
                                    "Filter": "((info)::text ~~* '%birth%'::text)",
                                    "Rows Removed by Filter": 110
                                  }
                                ]
                              }
                            ]
                          },
                          {
                            "Node Type": "Index Scan",
                            "Parent Relationship": "Inner",
                            "Parallel Aware": false,
                            "Scan Direction": "Forward",
                            "Index Name": "person_id_cast_info",
                            "Relation Name": "cast_info",
                            "Alias": "ci",
                            "Startup Cost": 0.56,
                            "Total Cost": 9.73,
                            "Plan Rows": 503,
                            "Plan Width": 8,
                            "Actual Startup Time": 0.011,
                            "Actual Total Time": 0.022,
                            "Actual Rows": 45,
                            "Actual Loops": 4668,
                            "Index Cond": "(person_id = n.id)",
                            "Rows Removed by Index Recheck": 0
                          }
                        ]
                      },
                      {
                        "Node Type": "Index Scan",
                        "Parent Relationship": "Inner",
                        "Parallel Aware": false,
                        "Scan Direction": "Forward",
                        "Index Name": "title_pkey",
                        "Relation Name": "title",
                        "Alias": "t",
                        "Startup Cost": 0.43,
                        "Total Cost": 0.45,
                        "Plan Rows": 1,
                        "Plan Width": 21,
                        "Actual Startup Time": 0.003,
                        "Actual Total Time": 0.003,
                        "Actual Rows": 1,
                        "Actual Loops": 209061,
                        "Index Cond": "(id = ci.movie_id)",
                        "Rows Removed by Index Recheck": 0
                      }
                    ]
                  },
                  {
                    "Node Type": "Index Scan",
                    "Parent Relationship": "Inner",
                    "Parallel Aware": false,
                    "Scan Direction": "Forward",
                    "Index Name": "movie_id_movie_info_idx",
                    "Relation Name": "movie_info_idx",
                    "Alias": "mii",
                    "Startup Cost": 0.43,
                    "Total Cost": 0.5,
                    "Plan Rows": 1,
                    "Plan Width": 8,
                    "Actual Startup Time": 0.002,
                    "Actual Total Time": 0.003,
                    "Actual Rows": 0,
                    "Actual Loops": 209061,
                    "Index Cond": "(movie_id = ci.movie_id)",
                    "Rows Removed by Index Recheck": 0,
                    "Filter": "((info ~~* '8%'::text) OR (info ~~* '9%'::text) OR (info ~~* '10%'::text))",
                    "Rows Removed by Filter": 1
                  }
                ]
              },
              {
                "Node Type": "Index Scan",
                "Parent Relationship": "Inner",
                "Parallel Aware": false,
                "Scan Direction": "Forward",
                "Index Name": "info_type_pkey",
                "Relation Name": "info_type",
                "Alias": "it1",
                "Startup Cost": 0.14,
                "Total Cost": 0.16,
                "Plan Rows": 1,
                "Plan Width": 4,
                "Actual Startup Time": 0.001,
                "Actual Total Time": 0.001,
                "Actual Rows": 0,
                "Actual Loops": 26246,
                "Index Cond": "(id = mii.info_type_id)",
                "Rows Removed by Index Recheck": 0,
                "Filter": "((info)::text ~~* 'rating'::text)",
                "Rows Removed by Filter": 1
              }
            ]
          }
        ]
      }
    ]
  },
  "Planning Time": 3.003,
  "Triggers": [],
  "Execution Time": 1748.523
}