{
  "Plan": {
    "Node Type": "Aggregate",
    "Strategy": "Plain",
    "Partial Mode": "Simple",
    "Parallel Aware": false,
    "Startup Cost": 5938827.23,
    "Total Cost": 5938827.24,
    "Plan Rows": 1,
    "Plan Width": 64,
    "Actual Startup Time": 61398.371,
    "Actual Total Time": 61399.265,
    "Actual Rows": 1,
    "Actual Loops": 1,
    "Plans": [
      {
        "Node Type": "Merge Join",
        "Parent Relationship": "Outer",
        "Parallel Aware": false,
        "Join Type": "Inner",
        "Startup Cost": 5937412.63,
        "Total Cost": 5938827.23,
        "Plan Rows": 1,
        "Plan Width": 32,
        "Actual Startup Time": 61316.006,
        "Actual Total Time": 61398.493,
        "Actual Rows": 5406,
        "Actual Loops": 1,
        "Inner Unique": true,
        "Merge Cond": "(ci.person_role_id = chn.id)",
        "Plans": [
          {
            "Node Type": "Sort",
            "Parent Relationship": "Outer",
            "Parallel Aware": false,
            "Startup Cost": 5834279.41,
            "Total Cost": 5834279.44,
            "Plan Rows": 9,
            "Plan Width": 36,
            "Actual Startup Time": 60932.339,
            "Actual Total Time": 60960.34,
            "Actual Rows": 74158,
            "Actual Loops": 1,
            "Sort Key": [
              "ci.person_role_id"
            ],
            "Sort Method": "quicksort",
            "Sort Space Used": 21727,
            "Sort Space Type": "Memory",
            "Plans": [
              {
                "Node Type": "Merge Join",
                "Parent Relationship": "Outer",
                "Parallel Aware": false,
                "Join Type": "Inner",
                "Startup Cost": 5833703.02,
                "Total Cost": 5834279.27,
                "Plan Rows": 9,
                "Plan Width": 36,
                "Actual Startup Time": 56664.212,
                "Actual Total Time": 60891.657,
                "Actual Rows": 189844,
                "Actual Loops": 1,
                "Inner Unique": true,
                "Merge Cond": "(mk.keyword_id = k.id)",
                "Plans": [
                  {
                    "Node Type": "Sort",
                    "Parent Relationship": "Outer",
                    "Parallel Aware": false,
                    "Startup Cost": 5829732.98,
                    "Total Cost": 5830022.06,
                    "Plan Rows": 115632,
                    "Plan Width": 40,
                    "Actual Startup Time": 56284.616,
                    "Actual Total Time": 59239.557,
                    "Actual Rows": 29918664,
                    "Actual Loops": 1,
                    "Sort Key": [
                      "mk.keyword_id"
                    ],
                    "Sort Method": "external merge",
                    "Sort Space Used": 1902144,
                    "Sort Space Type": "Disk",
                    "Plans": [
                      {
                        "Node Type": "Merge Join",
                        "Parent Relationship": "Outer",
                        "Parallel Aware": false,
                        "Join Type": "Inner",
                        "Startup Cost": 5630885.81,
                        "Total Cost": 5820008.8,
                        "Plan Rows": 115632,
                        "Plan Width": 40,
                        "Actual Startup Time": 30280.233,
                        "Actual Total Time": 38785.421,
                        "Actual Rows": 41145539,
                        "Actual Loops": 1,
                        "Inner Unique": false,
                        "Merge Cond": "(mk.movie_id = t.id)",
                        "Plans": [
                          {
                            "Node Type": "Index Scan",
                            "Parent Relationship": "Outer",
                            "Parallel Aware": false,
                            "Scan Direction": "Forward",
                            "Index Name": "movie_id_movie_keyword",
                            "Relation Name": "movie_keyword",
                            "Alias": "mk",
                            "Startup Cost": 0.43,
                            "Total Cost": 177148.48,
                            "Plan Rows": 4523930,
                            "Plan Width": 8,
                            "Actual Startup Time": 0.015,
                            "Actual Total Time": 763.946,
                            "Actual Rows": 4521645,
                            "Actual Loops": 1
                          },
                          {
                            "Node Type": "Sort",
                            "Parent Relationship": "Inner",
                            "Parallel Aware": false,
                            "Startup Cost": 5630885.36,
                            "Total Cost": 5630947.33,
                            "Plan Rows": 24789,
                            "Plan Width": 48,
                            "Actual Startup Time": 30121.206,
                            "Actual Total Time": 32835.476,
                            "Actual Rows": 41167464,
                            "Actual Loops": 1,
                            "Sort Key": [
                              "cc.movie_id"
                            ],
                            "Sort Method": "quicksort",
                            "Sort Space Used": 50450,
                            "Sort Space Type": "Memory",
                            "Plans": [
                              {
                                "Node Type": "Merge Join",
                                "Parent Relationship": "Outer",
                                "Parallel Aware": false,
                                "Join Type": "Inner",
                                "Startup Cost": 5444945.57,
                                "Total Cost": 5629076.09,
                                "Plan Rows": 24789,
                                "Plan Width": 48,
                                "Actual Startup Time": 28121.936,
                                "Actual Total Time": 29970.358,
                                "Actual Rows": 395336,
                                "Actual Loops": 1,
                                "Inner Unique": false,
                                "Merge Cond": "(n.id = ci.person_id)",
                                "Plans": [
                                  {
                                    "Node Type": "Index Scan",
                                    "Parent Relationship": "Outer",
                                    "Parallel Aware": false,
                                    "Scan Direction": "Forward",
                                    "Index Name": "name_pkey",
                                    "Relation Name": "name",
                                    "Alias": "n",
                                    "Startup Cost": 0.43,
                                    "Total Cost": 178171.22,
                                    "Plan Rows": 4167377,
                                    "Plan Width": 19,
                                    "Actual Startup Time": 0.014,
                                    "Actual Total Time": 1384.514,
                                    "Actual Rows": 4061902,
                                    "Actual Loops": 1
                                  },
                                  {
                                    "Node Type": "Sort",
                                    "Parent Relationship": "Inner",
                                    "Parallel Aware": false,
                                    "Startup Cost": 5444945.14,
                                    "Total Cost": 5445007.12,
                                    "Plan Rows": 24789,
                                    "Plan Width": 37,
                                    "Actual Startup Time": 28121.701,
                                    "Actual Total Time": 28223.943,
                                    "Actual Rows": 395336,
                                    "Actual Loops": 1,
                                    "Sort Key": [
                                      "ci.person_id"
                                    ],
                                    "Sort Method": "quicksort",
                                    "Sort Space Used": 45054,
                                    "Sort Space Type": "Memory",
                                    "Plans": [
                                      {
                                        "Node Type": "Gather",
                                        "Parent Relationship": "Outer",
                                        "Parallel Aware": false,
                                        "Startup Cost": 5440378.09,
                                        "Total Cost": 5443135.87,
                                        "Plan Rows": 24789,
                                        "Plan Width": 37,
                                        "Actual Startup Time": 26756.044,
                                        "Actual Total Time": 27950.157,
                                        "Actual Rows": 395336,
                                        "Actual Loops": 1,
                                        "Workers Planned": 4,
                                        "Workers Launched": 4,
                                        "Single Copy": false,
                                        "Plans": [
                                          {
                                            "Node Type": "Merge Join",
                                            "Parent Relationship": "Outer",
                                            "Parallel Aware": false,
                                            "Join Type": "Inner",
                                            "Startup Cost": 5439378.09,
                                            "Total Cost": 5439656.97,
                                            "Plan Rows": 6197,
                                            "Plan Width": 37,
                                            "Actual Startup Time": 27097.495,
                                            "Actual Total Time": 27114.827,
                                            "Actual Rows": 79067,
                                            "Actual Loops": 5,
                                            "Inner Unique": true,
                                            "Merge Cond": "(t.kind_id = kt.id)",
                                            "Plans": [
                                              {
                                                "Node Type": "Sort",
                                                "Parent Relationship": "Outer",
                                                "Parallel Aware": false,
                                                "Startup Cost": 5439376.99,
                                                "Total Cost": 5439485.44,
                                                "Plan Rows": 43380,
                                                "Plan Width": 41,
                                                "Actual Startup Time": 27097.421,
                                                "Actual Total Time": 27100.926,
                                                "Actual Rows": 79068,
                                                "Actual Loops": 5,
                                                "Sort Key": [
                                                  "t.kind_id"
                                                ],
                                                "Sort Method": "quicksort",
                                                "Sort Space Used": 22091,
                                                "Sort Space Type": "Memory",
                                                "Workers": [
                                                  {
                                                    "Worker Number": 0,
                                                    "Sort Method": "quicksort",
                                                    "Sort Space Used": 27931,
                                                    "Sort Space Type": "Memory"
                                                  },
                                                  {
                                                    "Worker Number": 1,
                                                    "Sort Method": "quicksort",
                                                    "Sort Space Used": 21178,
                                                    "Sort Space Type": "Memory"
                                                  },
                                                  {
                                                    "Worker Number": 2,
                                                    "Sort Method": "quicksort",
                                                    "Sort Space Used": 27460,
                                                    "Sort Space Type": "Memory"
                                                  },
                                                  {
                                                    "Worker Number": 3,
                                                    "Sort Method": "quicksort",
                                                    "Sort Space Used": 27409,
                                                    "Sort Space Type": "Memory"
                                                  }
                                                ],
                                                "Plans": [
                                                  {
                                                    "Node Type": "Merge Join",
                                                    "Parent Relationship": "Outer",
                                                    "Parallel Aware": false,
                                                    "Join Type": "Inner",
                                                    "Startup Cost": 5254574.45,
                                                    "Total Cost": 5436035.7,
                                                    "Plan Rows": 43380,
                                                    "Plan Width": 41,
                                                    "Actual Startup Time": 17529.679,
                                                    "Actual Total Time": 27034.543,
                                                    "Actual Rows": 222785,
                                                    "Actual Loops": 5,
                                                    "Inner Unique": false,
                                                    "Merge Cond": "(t.id = ci.movie_id)",
                                                    "Plans": [
                                                      {
                                                        "Node Type": "Sort",
                                                        "Parent Relationship": "Outer",
                                                        "Parallel Aware": false,
                                                        "Startup Cost": 86815.08,
                                                        "Total Cost": 86817.98,
                                                        "Plan Rows": 1160,
                                                        "Plan Width": 29,
                                                        "Actual Startup Time": 438.421,
                                                        "Actual Total Time": 439.242,
                                                        "Actual Rows": 4684,
                                                        "Actual Loops": 5,
                                                        "Sort Key": [
                                                          "cc.movie_id"
                                                        ],
                                                        "Sort Method": "quicksort",
                                                        "Sort Space Used": 421,
                                                        "Sort Space Type": "Memory",
                                                        "Workers": [
                                                          {
                                                            "Worker Number": 0,
                                                            "Sort Method": "quicksort",
                                                            "Sort Space Used": 625,
                                                            "Sort Space Type": "Memory"
                                                          },
                                                          {
                                                            "Worker Number": 1,
                                                            "Sort Method": "quicksort",
                                                            "Sort Space Used": 393,
                                                            "Sort Space Type": "Memory"
                                                          },
                                                          {
                                                            "Worker Number": 2,
                                                            "Sort Method": "quicksort",
                                                            "Sort Space Used": 620,
                                                            "Sort Space Type": "Memory"
                                                          },
                                                          {
                                                            "Worker Number": 3,
                                                            "Sort Method": "quicksort",
                                                            "Sort Space Used": 614,
                                                            "Sort Space Type": "Memory"
                                                          }
                                                        ],
                                                        "Plans": [
                                                          {
                                                            "Node Type": "Merge Join",
                                                            "Parent Relationship": "Outer",
                                                            "Parallel Aware": false,
                                                            "Join Type": "Inner",
                                                            "Startup Cost": 86721.22,
                                                            "Total Cost": 86756.04,
                                                            "Plan Rows": 1160,
                                                            "Plan Width": 29,
                                                            "Actual Startup Time": 436.083,
                                                            "Actual Total Time": 437.056,
                                                            "Actual Rows": 4711,
                                                            "Actual Loops": 5,
                                                            "Inner Unique": true,
                                                            "Merge Cond": "(cc.subject_id = cct1.id)",
                                                            "Plans": [
                                                              {
                                                                "Node Type": "Sort",
                                                                "Parent Relationship": "Outer",
                                                                "Parallel Aware": false,
                                                                "Startup Cost": 86720.16,
                                                                "Total Cost": 86731.77,
                                                                "Plan Rows": 4641,
                                                                "Plan Width": 33,
                                                                "Actual Startup Time": 436.038,
                                                                "Actual Total Time": 436.277,
                                                                "Actual Rows": 4712,
                                                                "Actual Loops": 5,
                                                                "Sort Key": [
                                                                  "cc.subject_id"
                                                                ],
                                                                "Sort Method": "quicksort",
                                                                "Sort Space Used": 742,
                                                                "Sort Space Type": "Memory",
                                                                "Workers": [
                                                                  {
                                                                    "Worker Number": 0,
                                                                    "Sort Method": "quicksort",
                                                                    "Sort Space Used": 1106,
                                                                    "Sort Space Type": "Memory"
                                                                  },
                                                                  {
                                                                    "Worker Number": 1,
                                                                    "Sort Method": "quicksort",
                                                                    "Sort Space Used": 690,
                                                                    "Sort Space Type": "Memory"
                                                                  },
                                                                  {
                                                                    "Worker Number": 2,
                                                                    "Sort Method": "quicksort",
                                                                    "Sort Space Used": 1110,
                                                                    "Sort Space Type": "Memory"
                                                                  },
                                                                  {
                                                                    "Worker Number": 3,
                                                                    "Sort Method": "quicksort",
                                                                    "Sort Space Used": 1095,
                                                                    "Sort Space Type": "Memory"
                                                                  }
                                                                ],
                                                                "Plans": [
                                                                  {
                                                                    "Node Type": "Merge Join",
                                                                    "Parent Relationship": "Outer",
                                                                    "Parallel Aware": false,
                                                                    "Join Type": "Inner",
                                                                    "Startup Cost": 84485.04,
                                                                    "Total Cost": 86437.52,
                                                                    "Plan Rows": 4641,
                                                                    "Plan Width": 33,
                                                                    "Actual Startup Time": 350.33,
                                                                    "Actual Total Time": 433.788,
                                                                    "Actual Rows": 7744,
                                                                    "Actual Loops": 5,
                                                                    "Inner Unique": false,
                                                                    "Merge Cond": "(t.id = cc.movie_id)",
                                                                    "Plans": [
                                                                      {
                                                                        "Node Type": "Sort",
                                                                        "Parent Relationship": "Outer",
                                                                        "Parallel Aware": false,
                                                                        "Startup Cost": 75880.85,
                                                                        "Total Cost": 76749.6,
                                                                        "Plan Rows": 347497,
                                                                        "Plan Width": 25,
                                                                        "Actual Startup Time": 260.998,
                                                                        "Actual Total Time": 295.435,
                                                                        "Actual Rows": 276291,
                                                                        "Actual Loops": 5,
                                                                        "Sort Key": [
                                                                          "t.id"
                                                                        ],
                                                                        "Sort Method": "quicksort",
                                                                        "Sort Space Used": 24850,
                                                                        "Sort Space Type": "Memory",
                                                                        "Workers": [
                                                                          {
                                                                            "Worker Number": 0,
                                                                            "Sort Method": "quicksort",
                                                                            "Sort Space Used": 35389,
                                                                            "Sort Space Type": "Memory"
                                                                          },
                                                                          {
                                                                            "Worker Number": 1,
                                                                            "Sort Method": "quicksort",
                                                                            "Sort Space Used": 22509,
                                                                            "Sort Space Type": "Memory"
                                                                          },
                                                                          {
                                                                            "Worker Number": 2,
                                                                            "Sort Method": "quicksort",
                                                                            "Sort Space Used": 35540,
                                                                            "Sort Space Type": "Memory"
                                                                          },
                                                                          {
                                                                            "Worker Number": 3,
                                                                            "Sort Method": "quicksort",
                                                                            "Sort Space Used": 35446,
                                                                            "Sort Space Type": "Memory"
                                                                          }
                                                                        ],
                                                                        "Plans": [
                                                                          {
                                                                            "Node Type": "Seq Scan",
                                                                            "Parent Relationship": "Outer",
                                                                            "Parallel Aware": true,
                                                                            "Relation Name": "title",
                                                                            "Alias": "t",
                                                                            "Startup Cost": 0.0,
                                                                            "Total Cost": 43899.59,
                                                                            "Plan Rows": 347497,
                                                                            "Plan Width": 25,
                                                                            "Actual Startup Time": 0.063,
                                                                            "Actual Total Time": 144.243,
                                                                            "Actual Rows": 276291,
                                                                            "Actual Loops": 5,
                                                                            "Filter": "(production_year > 2000)",
                                                                            "Rows Removed by Filter": 229372
                                                                          }
                                                                        ]
                                                                      },
                                                                      {
                                                                        "Node Type": "Sort",
                                                                        "Parent Relationship": "Inner",
                                                                        "Parallel Aware": false,
                                                                        "Startup Cost": 8603.99,
                                                                        "Total Cost": 8688.42,
                                                                        "Plan Rows": 33772,
                                                                        "Plan Width": 8,
                                                                        "Actual Startup Time": 89.237,
                                                                        "Actual Total Time": 98.234,
                                                                        "Actual Rows": 134931,
                                                                        "Actual Loops": 5,
                                                                        "Sort Key": [
                                                                          "cc.movie_id"
                                                                        ],
                                                                        "Sort Method": "quicksort",
                                                                        "Sort Space Used": 12477,
                                                                        "Sort Space Type": "Memory",
                                                                        "Workers": [
                                                                          {
                                                                            "Worker Number": 0,
                                                                            "Sort Method": "quicksort",
                                                                            "Sort Space Used": 12477,
                                                                            "Sort Space Type": "Memory"
                                                                          },
                                                                          {
                                                                            "Worker Number": 1,
                                                                            "Sort Method": "quicksort",
                                                                            "Sort Space Used": 12477,
                                                                            "Sort Space Type": "Memory"
                                                                          },
                                                                          {
                                                                            "Worker Number": 2,
                                                                            "Sort Method": "quicksort",
                                                                            "Sort Space Used": 12477,
                                                                            "Sort Space Type": "Memory"
                                                                          },
                                                                          {
                                                                            "Worker Number": 3,
                                                                            "Sort Method": "quicksort",
                                                                            "Sort Space Used": 12477,
                                                                            "Sort Space Type": "Memory"
                                                                          }
                                                                        ],
                                                                        "Plans": [
                                                                          {
                                                                            "Node Type": "Merge Join",
                                                                            "Parent Relationship": "Outer",
                                                                            "Parallel Aware": false,
                                                                            "Join Type": "Inner",
                                                                            "Startup Cost": 0.55,
                                                                            "Total Cost": 6063.74,
                                                                            "Plan Rows": 33772,
                                                                            "Plan Width": 8,
                                                                            "Actual Startup Time": 0.118,
                                                                            "Actual Total Time": 51.546,
                                                                            "Actual Rows": 135086,
                                                                            "Actual Loops": 5,
                                                                            "Inner Unique": true,
                                                                            "Merge Cond": "(cc.status_id = cct2.id)",
                                                                            "Plans": [
                                                                              {
                                                                                "Node Type": "Index Scan",
                                                                                "Parent Relationship": "Outer",
                                                                                "Parallel Aware": false,
                                                                                "Scan Direction": "Forward",
                                                                                "Index Name": "status_id_complete_cast",
                                                                                "Relation Name": "complete_cast",
                                                                                "Alias": "cc",
                                                                                "Startup Cost": 0.42,
                                                                                "Total Cost": 5376.1,
                                                                                "Plan Rows": 135086,
                                                                                "Plan Width": 12,
                                                                                "Actual Startup Time": 0.096,
                                                                                "Actual Total Time": 31.912,
                                                                                "Actual Rows": 135086,
                                                                                "Actual Loops": 5
                                                                              },
                                                                              {
                                                                                "Node Type": "Index Scan",
                                                                                "Parent Relationship": "Inner",
                                                                                "Parallel Aware": false,
                                                                                "Scan Direction": "Forward",
                                                                                "Index Name": "comp_cast_type_pkey",
                                                                                "Relation Name": "comp_cast_type",
                                                                                "Alias": "cct2",
                                                                                "Startup Cost": 0.13,
                                                                                "Total Cost": 12.2,
                                                                                "Plan Rows": 1,
                                                                                "Plan Width": 4,
                                                                                "Actual Startup Time": 0.019,
                                                                                "Actual Total Time": 0.022,
                                                                                "Actual Rows": 2,
                                                                                "Actual Loops": 5,
                                                                                "Filter": "((kind)::text ~~ '%complete%'::text)",
                                                                                "Rows Removed by Filter": 2
                                                                              }
                                                                            ]
                                                                          }
                                                                        ]
                                                                      }
                                                                    ]
                                                                  }
                                                                ]
                                                              },
                                                              {
                                                                "Node Type": "Sort",
                                                                "Parent Relationship": "Inner",
                                                                "Parallel Aware": false,
                                                                "Startup Cost": 1.06,
                                                                "Total Cost": 1.06,
                                                                "Plan Rows": 1,
                                                                "Plan Width": 4,
                                                                "Actual Startup Time": 0.042,
                                                                "Actual Total Time": 0.043,
                                                                "Actual Rows": 1,
                                                                "Actual Loops": 5,
                                                                "Sort Key": [
                                                                  "cct1.id"
                                                                ],
                                                                "Sort Method": "quicksort",
                                                                "Sort Space Used": 25,
                                                                "Sort Space Type": "Memory",
                                                                "Workers": [
                                                                  {
                                                                    "Worker Number": 0,
                                                                    "Sort Method": "quicksort",
                                                                    "Sort Space Used": 25,
                                                                    "Sort Space Type": "Memory"
                                                                  },
                                                                  {
                                                                    "Worker Number": 1,
                                                                    "Sort Method": "quicksort",
                                                                    "Sort Space Used": 25,
                                                                    "Sort Space Type": "Memory"
                                                                  },
                                                                  {
                                                                    "Worker Number": 2,
                                                                    "Sort Method": "quicksort",
                                                                    "Sort Space Used": 25,
                                                                    "Sort Space Type": "Memory"
                                                                  },
                                                                  {
                                                                    "Worker Number": 3,
                                                                    "Sort Method": "quicksort",
                                                                    "Sort Space Used": 25,
                                                                    "Sort Space Type": "Memory"
                                                                  }
                                                                ],
                                                                "Plans": [
                                                                  {
                                                                    "Node Type": "Seq Scan",
                                                                    "Parent Relationship": "Outer",
                                                                    "Parallel Aware": false,
                                                                    "Relation Name": "comp_cast_type",
                                                                    "Alias": "cct1",
                                                                    "Startup Cost": 0.0,
                                                                    "Total Cost": 1.05,
                                                                    "Plan Rows": 1,
                                                                    "Plan Width": 4,
                                                                    "Actual Startup Time": 0.031,
                                                                    "Actual Total Time": 0.032,
                                                                    "Actual Rows": 1,
                                                                    "Actual Loops": 5,
                                                                    "Filter": "((kind)::text = 'cast'::text)",
                                                                    "Rows Removed by Filter": 3
                                                                  }
                                                                ]
                                                              }
                                                            ]
                                                          }
                                                        ]
                                                      },
                                                      {
                                                        "Node Type": "Sort",
                                                        "Parent Relationship": "Inner",
                                                        "Parallel Aware": false,
                                                        "Startup Cost": 5167759.37,
                                                        "Total Cost": 5258403.93,
                                                        "Plan Rows": 36257824,
                                                        "Plan Width": 12,
                                                        "Actual Startup Time": 17086.341,
                                                        "Actual Total Time": 23621.95,
                                                        "Actual Rows": 36244344,
                                                        "Actual Loops": 5,
                                                        "Sort Key": [
                                                          "ci.movie_id"
                                                        ],
                                                        "Sort Method": "quicksort",
                                                        "Sort Space Used": 3097055,
                                                        "Sort Space Type": "Memory",
                                                        "Workers": [
                                                          {
                                                            "Worker Number": 0,
                                                            "Sort Method": "quicksort",
                                                            "Sort Space Used": 3097055,
                                                            "Sort Space Type": "Memory"
                                                          },
                                                          {
                                                            "Worker Number": 1,
                                                            "Sort Method": "quicksort",
                                                            "Sort Space Used": 3097055,
                                                            "Sort Space Type": "Memory"
                                                          },
                                                          {
                                                            "Worker Number": 2,
                                                            "Sort Method": "quicksort",
                                                            "Sort Space Used": 3097055,
                                                            "Sort Space Type": "Memory"
                                                          },
                                                          {
                                                            "Worker Number": 3,
                                                            "Sort Method": "quicksort",
                                                            "Sort Space Used": 3097055,
                                                            "Sort Space Type": "Memory"
                                                          }
                                                        ],
                                                        "Plans": [
                                                          {
                                                            "Node Type": "Seq Scan",
                                                            "Parent Relationship": "Outer",
                                                            "Parallel Aware": false,
                                                            "Relation Name": "cast_info",
                                                            "Alias": "ci",
                                                            "Startup Cost": 0.0,
                                                            "Total Cost": 615265.24,
                                                            "Plan Rows": 36257824,
                                                            "Plan Width": 12,
                                                            "Actual Startup Time": 0.034,
                                                            "Actual Total Time": 4143.447,
                                                            "Actual Rows": 36244344,
                                                            "Actual Loops": 5
                                                          }
                                                        ]
                                                      }
                                                    ]
                                                  }
                                                ]
                                              },
                                              {
                                                "Node Type": "Sort",
                                                "Parent Relationship": "Inner",
                                                "Parallel Aware": false,
                                                "Startup Cost": 1.1,
                                                "Total Cost": 1.1,
                                                "Plan Rows": 1,
                                                "Plan Width": 4,
                                                "Actual Startup Time": 0.068,
                                                "Actual Total Time": 0.07,
                                                "Actual Rows": 1,
                                                "Actual Loops": 5,
                                                "Sort Key": [
                                                  "kt.id"
                                                ],
                                                "Sort Method": "quicksort",
                                                "Sort Space Used": 25,
                                                "Sort Space Type": "Memory",
                                                "Workers": [
                                                  {
                                                    "Worker Number": 0,
                                                    "Sort Method": "quicksort",
                                                    "Sort Space Used": 25,
                                                    "Sort Space Type": "Memory"
                                                  },
                                                  {
                                                    "Worker Number": 1,
                                                    "Sort Method": "quicksort",
                                                    "Sort Space Used": 25,
                                                    "Sort Space Type": "Memory"
                                                  },
                                                  {
                                                    "Worker Number": 2,
                                                    "Sort Method": "quicksort",
                                                    "Sort Space Used": 25,
                                                    "Sort Space Type": "Memory"
                                                  },
                                                  {
                                                    "Worker Number": 3,
                                                    "Sort Method": "quicksort",
                                                    "Sort Space Used": 25,
                                                    "Sort Space Type": "Memory"
                                                  }
                                                ],
                                                "Plans": [
                                                  {
                                                    "Node Type": "Seq Scan",
                                                    "Parent Relationship": "Outer",
                                                    "Parallel Aware": false,
                                                    "Relation Name": "kind_type",
                                                    "Alias": "kt",
                                                    "Startup Cost": 0.0,
                                                    "Total Cost": 1.09,
                                                    "Plan Rows": 1,
                                                    "Plan Width": 4,
                                                    "Actual Startup Time": 0.052,
                                                    "Actual Total Time": 0.054,
                                                    "Actual Rows": 1,
                                                    "Actual Loops": 5,
                                                    "Filter": "((kind)::text = 'movie'::text)",
                                                    "Rows Removed by Filter": 6
                                                  }
                                                ]
                                              }
                                            ]
                                          }
                                        ]
                                      }
                                    ]
                                  }
                                ]
                              }
                            ]
                          }
                        ]
                      }
                    ]
                  },
                  {
                    "Node Type": "Sort",
                    "Parent Relationship": "Inner",
                    "Parallel Aware": false,
                    "Startup Cost": 3967.99,
                    "Total Cost": 3968.02,
                    "Plan Rows": 10,
                    "Plan Width": 4,
                    "Actual Startup Time": 26.575,
                    "Actual Total Time": 26.583,
                    "Actual Rows": 10,
                    "Actual Loops": 1,
                    "Sort Key": [
                      "k.id"
                    ],
                    "Sort Method": "quicksort",
                    "Sort Space Used": 25,
                    "Sort Space Type": "Memory",
                    "Plans": [
                      {
                        "Node Type": "Seq Scan",
                        "Parent Relationship": "Outer",
                        "Parallel Aware": false,
                        "Relation Name": "keyword",
                        "Alias": "k",
                        "Startup Cost": 0.0,
                        "Total Cost": 3967.82,
                        "Plan Rows": 10,
                        "Plan Width": 4,
                        "Actual Startup Time": 0.118,
                        "Actual Total Time": 26.557,
                        "Actual Rows": 10,
                        "Actual Loops": 1,
                        "Filter": "(keyword = ANY ('{superhero,marvel-comics,based-on-comic,tv-special,fight,violence,magnet,web,claw,laser}'::text[]))",
                        "Rows Removed by Filter": 134160
                      }
                    ]
                  }
                ]
              }
            ]
          },
          {
            "Node Type": "Sort",
            "Parent Relationship": "Inner",
            "Parallel Aware": false,
            "Startup Cost": 103133.21,
            "Total Cost": 103840.5,
            "Plan Rows": 282914,
            "Plan Width": 4,
            "Actual Startup Time": 382.108,
            "Actual Total Time": 412.527,
            "Actual Rows": 180090,
            "Actual Loops": 1,
            "Sort Key": [
              "chn.id"
            ],
            "Sort Method": "quicksort",
            "Sort Space Used": 14589,
            "Sort Space Type": "Memory",
            "Plans": [
              {
                "Node Type": "Gather",
                "Parent Relationship": "Outer",
                "Parallel Aware": false,
                "Startup Cost": 1000.0,
                "Total Cost": 77515.35,
                "Plan Rows": 282914,
                "Plan Width": 4,
                "Actual Startup Time": 0.803,
                "Actual Total Time": 329.6,
                "Actual Rows": 180152,
                "Actual Loops": 1,
                "Workers Planned": 4,
                "Workers Launched": 4,
                "Single Copy": false,
                "Plans": [
                  {
                    "Node Type": "Seq Scan",
                    "Parent Relationship": "Outer",
                    "Parallel Aware": true,
                    "Relation Name": "char_name",
                    "Alias": "chn",
                    "Startup Cost": 0.0,
                    "Total Cost": 48223.94,
                    "Plan Rows": 70728,
                    "Plan Width": 4,
                    "Actual Startup Time": 0.061,
                    "Actual Total Time": 326.084,
                    "Actual Rows": 36030,
                    "Actual Loops": 5,
                    "Filter": "((name IS NOT NULL) AND ((name ~~ '%man%'::text) OR (name ~~ '%Man%'::text)))",
                    "Rows Removed by Filter": 592037
                  }
                ]
              }
            ]
          }
        ]
      }
    ]
  },
  "Planning Time": 25.46,
  "Triggers": [],
  "Execution Time": 62660.07
}