[
  {
    "Plan": {
      "Node Type": "Aggregate",
      "Strategy": "Plain",
      "Partial Mode": "Simple",
      "Parallel Aware": false,
      "Startup Cost": 17148.92,
      "Total Cost": 17148.93,
      "Plan Rows": 1,
      "Plan Width": 32,
      "Actual Startup Time": 302.163,
      "Actual Total Time": 302.166,
      "Actual Rows": 1,
      "Actual Loops": 1,
      "Plans": [
        {
          "Node Type": "Nested Loop",
          "Parent Relationship": "Outer",
          "Parallel Aware": false,
          "Join Type": "Inner",
          "Startup Cost": 11.66,
          "Total Cost": 17145.96,
          "Plan Rows": 1186,
          "Plan Width": 17,
          "Actual Startup Time": 8.368,
          "Actual Total Time": 300.729,
          "Actual Rows": 11582,
          "Actual Loops": 1,
          "Inner Unique": false,
          "Join Filter": "(t.id = mi.movie_id)",
          "Rows Removed by Join Filter": 0,
          "Plans": [
            {
              "Node Type": "Nested Loop",
              "Parent Relationship": "Outer",
              "Parallel Aware": false,
              "Join Type": "Inner",
              "Startup Cost": 11.23,
              "Total Cost": 16598.89,
              "Plan Rows": 287,
              "Plan Width": 25,
              "Actual Startup Time": 7.826,
              "Actual Total Time": 98.521,
              "Actual Rows": 6720,
              "Actual Loops": 1,
              "Inner Unique": true,
              "Plans": [
                {
                  "Node Type": "Nested Loop",
                  "Parent Relationship": "Outer",
                  "Parallel Aware": false,
                  "Join Type": "Inner",
                  "Startup Cost": 10.8,
                  "Total Cost": 16384.36,
                  "Plan Rows": 438,
                  "Plan Width": 4,
                  "Actual Startup Time": 7.76,
                  "Actual Total Time": 45.622,
                  "Actual Rows": 12951,
                  "Actual Loops": 1,
                  "Inner Unique": false,
                  "Plans": [
                    {
                      "Node Type": "Seq Scan",
                      "Parent Relationship": "Outer",
                      "Parallel Aware": false,
                      "Relation Name": "keyword",
                      "Alias": "k",
                      "Startup Cost": 0.0,
                      "Total Cost": 2626.12,
                      "Plan Rows": 13,
                      "Plan Width": 4,
                      "Actual Startup Time": 2.668,
                      "Actual Total Time": 15.991,
                      "Actual Rows": 30,
                      "Actual Loops": 1,
                      "Filter": "(keyword ~~ '%sequel%'::text)",
                      "Rows Removed by Filter": 134140
                    },
                    {
                      "Node Type": "Bitmap Heap Scan",
                      "Parent Relationship": "Inner",
                      "Parallel Aware": false,
                      "Relation Name": "movie_keyword",
                      "Alias": "mk",
                      "Startup Cost": 10.8,
                      "Total Cost": 1055.28,
                      "Plan Rows": 305,
                      "Plan Width": 8,
                      "Actual Startup Time": 0.186,
                      "Actual Total Time": 0.929,
                      "Actual Rows": 432,
                      "Actual Loops": 30,
                      "Recheck Cond": "(keyword_id = k.id)",
                      "Rows Removed by Index Recheck": 0,
                      "Exact Heap Blocks": 6979,
                      "Lossy Heap Blocks": 0,
                      "Plans": [
                        {
                          "Node Type": "Bitmap Index Scan",
                          "Parent Relationship": "Outer",
                          "Parallel Aware": false,
                          "Index Name": "keyword_id_movie_keyword",
                          "Startup Cost": 0.0,
                          "Total Cost": 10.72,
                          "Plan Rows": 305,
                          "Plan Width": 0,
                          "Actual Startup Time": 0.121,
                          "Actual Total Time": 0.121,
                          "Actual Rows": 432,
                          "Actual Loops": 30,
                          "Index Cond": "(keyword_id = k.id)"
                        }
                      ]
                    }
                  ]
                },
                {
                  "Node Type": "Index Scan",
                  "Parent Relationship": "Inner",
                  "Parallel Aware": false,
                  "Scan Direction": "Forward",
                  "Index Name": "title_pkey",
                  "Relation Name": "title",
                  "Alias": "t",
                  "Startup Cost": 0.43,
                  "Total Cost": 0.49,
                  "Plan Rows": 1,
                  "Plan Width": 21,
                  "Actual Startup Time": 0.004,
                  "Actual Total Time": 0.004,
                  "Actual Rows": 1,
                  "Actual Loops": 12951,
                  "Index Cond": "(id = mk.movie_id)",
                  "Rows Removed by Index Recheck": 0,
                  "Filter": "(production_year > 1994)",
                  "Rows Removed by Filter": 0
                }
              ]
            },
            {
              "Node Type": "Index Scan",
              "Parent Relationship": "Inner",
              "Parallel Aware": false,
              "Scan Direction": "Forward",
              "Index Name": "movie_id_movie_info",
              "Relation Name": "movie_info",
              "Alias": "mi",
              "Startup Cost": 0.43,
              "Total Cost": 1.86,
              "Plan Rows": 4,
              "Plan Width": 4,
              "Actual Startup Time": 0.01,
              "Actual Total Time": 0.03,
              "Actual Rows": 2,
              "Actual Loops": 6720,
              "Index Cond": "(movie_id = mk.movie_id)",
              "Rows Removed by Index Recheck": 0,
              "Filter": "(info = ANY ('{German,Norway,Bulgaria,Sweden,USA,Denmark,English,American,Germany,Denish}'::text[]))",
              "Rows Removed by Filter": 34
            }
          ]
        }
      ]
    },
    "Planning Time": 7.442,
    "Triggers": [],
    "Execution Time": 302.475
  }
]