[
  {
    "Plan": {
      "Node Type": "Aggregate",
      "Strategy": "Plain",
      "Partial Mode": "Finalize",
      "Parallel Aware": false,
      "Startup Cost": 340947.63,
      "Total Cost": 340947.64,
      "Plan Rows": 1,
      "Plan Width": 8,
      "Actual Startup Time": 903.98,
      "Actual Total Time": 953.16,
      "Actual Rows": 1,
      "Actual Loops": 1,
      "Plans": [
        {
          "Node Type": "Gather",
          "Parent Relationship": "Outer",
          "Parallel Aware": false,
          "Startup Cost": 340947.01,
          "Total Cost": 340947.62,
          "Plan Rows": 6,
          "Plan Width": 8,
          "Actual Startup Time": 903.796,
          "Actual Total Time": 953.147,
          "Actual Rows": 7,
          "Actual Loops": 1,
          "Workers Planned": 6,
          "Workers Launched": 6,
          "Single Copy": false,
          "Plans": [
            {
              "Node Type": "Aggregate",
              "Strategy": "Plain",
              "Partial Mode": "Partial",
              "Parent Relationship": "Outer",
              "Parallel Aware": false,
              "Startup Cost": 339947.01,
              "Total Cost": 339947.02,
              "Plan Rows": 1,
              "Plan Width": 8,
              "Actual Startup Time": 896.418,
              "Actual Total Time": 896.42,
              "Actual Rows": 1,
              "Actual Loops": 7,
              "Plans": [
                {
                  "Node Type": "Seq Scan",
                  "Parent Relationship": "Outer",
                  "Parallel Aware": true,
                  "Relation Name": "cast_info",
                  "Alias": "ci",
                  "Startup Cost": 0.0,
                  "Total Cost": 328211.39,
                  "Plan Rows": 4694246,
                  "Plan Width": 0,
                  "Actual Startup Time": 98.636,
                  "Actual Total Time": 682.818,
                  "Actual Rows": 4004669,
                  "Actual Loops": 7,
                  "Filter": "(person_id > 802315)",
                  "Rows Removed by Filter": 1173095
                }
              ]
            }
          ]
        }
      ]
    },
    "Planning Time": 0.206,
    "Triggers": [],
    "Execution Time": 953.234
  }
]