[
  {
    "Plan": {
      "Node Type": "Aggregate",
      "Strategy": "Plain",
      "Partial Mode": "Finalize",
      "Parallel Aware": false,
      "Startup Cost": 113951.67,
      "Total Cost": 113951.68,
      "Plan Rows": 1,
      "Plan Width": 8,
      "Actual Startup Time": 324.772,
      "Actual Total Time": 354.988,
      "Actual Rows": 1,
      "Actual Loops": 1,
      "Plans": [
        {
          "Node Type": "Gather",
          "Parent Relationship": "Outer",
          "Parallel Aware": false,
          "Startup Cost": 113951.35,
          "Total Cost": 113951.66,
          "Plan Rows": 3,
          "Plan Width": 8,
          "Actual Startup Time": 324.241,
          "Actual Total Time": 354.979,
          "Actual Rows": 4,
          "Actual Loops": 1,
          "Workers Planned": 3,
          "Workers Launched": 3,
          "Single Copy": false,
          "Plans": [
            {
              "Node Type": "Aggregate",
              "Strategy": "Plain",
              "Partial Mode": "Partial",
              "Parent Relationship": "Outer",
              "Parallel Aware": false,
              "Startup Cost": 112951.35,
              "Total Cost": 112951.36,
              "Plan Rows": 1,
              "Plan Width": 8,
              "Actual Startup Time": 314.913,
              "Actual Total Time": 314.916,
              "Actual Rows": 1,
              "Actual Loops": 4,
              "Plans": [
                {
                  "Node Type": "Nested Loop",
                  "Parent Relationship": "Outer",
                  "Parallel Aware": false,
                  "Join Type": "Inner",
                  "Startup Cost": 44114.51,
                  "Total Cost": 112945.11,
                  "Plan Rows": 2496,
                  "Plan Width": 0,
                  "Actual Startup Time": 110.653,
                  "Actual Total Time": 314.792,
                  "Actual Rows": 1282,
                  "Actual Loops": 4,
                  "Inner Unique": false,
                  "Join Filter": "(t.id = mi.movie_id)",
                  "Rows Removed by Join Filter": 0,
                  "Plans": [
                    {
                      "Node Type": "Hash Join",
                      "Parent Relationship": "Outer",
                      "Parallel Aware": true,
                      "Join Type": "Inner",
                      "Startup Cost": 44114.08,
                      "Total Cost": 88100.98,
                      "Plan Rows": 13396,
                      "Plan Width": 8,
                      "Actual Startup Time": 109.05,
                      "Actual Total Time": 251.44,
                      "Actual Rows": 3843,
                      "Actual Loops": 4,
                      "Inner Unique": true,
                      "Hash Cond": "(mk.movie_id = t.id)",
                      "Plans": [
                        {
                          "Node Type": "Seq Scan",
                          "Parent Relationship": "Outer",
                          "Parallel Aware": true,
                          "Relation Name": "movie_keyword",
                          "Alias": "mk",
                          "Startup Cost": 0.0,
                          "Total Cost": 42695.65,
                          "Plan Rows": 491903,
                          "Plan Width": 4,
                          "Actual Startup Time": 0.029,
                          "Actual Total Time": 105.186,
                          "Actual Rows": 386036,
                          "Actual Loops": 4,
                          "Filter": "(keyword_id < 2276)",
                          "Rows Removed by Filter": 744947
                        },
                        {
                          "Node Type": "Hash",
                          "Parent Relationship": "Inner",
                          "Parallel Aware": true,
                          "Startup Cost": 43898.92,
                          "Total Cost": 43898.92,
                          "Plan Rows": 17213,
                          "Plan Width": 4,
                          "Actual Startup Time": 107.524,
                          "Actual Total Time": 107.524,
                          "Actual Rows": 16836,
                          "Actual Loops": 4,
                          "Hash Buckets": 131072,
                          "Original Hash Buckets": 131072,
                          "Hash Batches": 1,
                          "Original Hash Batches": 1,
                          "Peak Memory Usage": 3712,
                          "Plans": [
                            {
                              "Node Type": "Seq Scan",
                              "Parent Relationship": "Outer",
                              "Parallel Aware": true,
                              "Relation Name": "title",
                              "Alias": "t",
                              "Startup Cost": 0.0,
                              "Total Cost": 43898.92,
                              "Plan Rows": 17213,
                              "Plan Width": 4,
                              "Actual Startup Time": 0.049,
                              "Actual Total Time": 99.633,
                              "Actual Rows": 16836,
                              "Actual Loops": 4,
                              "Filter": "(production_year > 2012)",
                              "Rows Removed by Filter": 615242
                            }
                          ]
                        }
                      ]
                    },
                    {
                      "Node Type": "Index Scan",
                      "Parent Relationship": "Inner",
                      "Parallel Aware": false,
                      "Scan Direction": "Forward",
                      "Index Name": "movie_id_movie_info",
                      "Relation Name": "movie_info",
                      "Alias": "mi",
                      "Startup Cost": 0.43,
                      "Total Cost": 1.84,
                      "Plan Rows": 1,
                      "Plan Width": 4,
                      "Actual Startup Time": 0.013,
                      "Actual Total Time": 0.016,
                      "Actual Rows": 0,
                      "Actual Loops": 15373,
                      "Index Cond": "(movie_id = mk.movie_id)",
                      "Rows Removed by Index Recheck": 0,
                      "Filter": "(info_type_id = 6)",
                      "Rows Removed by Filter": 20
                    }
                  ]
                }
              ]
            }
          ]
        }
      ]
    },
    "Planning Time": 0.913,
    "Triggers": [],
    "Execution Time": 355.065
  }
]