[
    {
        "Bao": {
            "Bao prediction": 442.435,
            "Bao recommended hint": "(no hint)"
        }
    },
    {
        "Plan": {
            "Node Type": "Aggregate",
            "Strategy": "Plain",
            "Partial Mode": "Finalize",
            "Parallel Aware": false,
            "Startup Cost": 30738.11,
            "Total Cost": 30738.12,
            "Plan Rows": 1,
            "Plan Width": 8,
            "Actual Startup Time": 109.86,
            "Actual Total Time": 117.193,
            "Actual Rows": 1,
            "Actual Loops": 1,
            "Output": [
                "count(*)"
            ],
            "Plans": [
                {
                    "Node Type": "Gather",
                    "Parent Relationship": "Outer",
                    "Parallel Aware": false,
                    "Startup Cost": 30737.79,
                    "Total Cost": 30738.1,
                    "Plan Rows": 3,
                    "Plan Width": 8,
                    "Actual Startup Time": 109.758,
                    "Actual Total Time": 117.185,
                    "Actual Rows": 4,
                    "Actual Loops": 1,
                    "Output": [
                        "(PARTIAL count(*))"
                    ],
                    "Workers Planned": 3,
                    "Workers Launched": 3,
                    "Single Copy": false,
                    "Plans": [
                        {
                            "Node Type": "Aggregate",
                            "Strategy": "Plain",
                            "Partial Mode": "Partial",
                            "Parent Relationship": "Outer",
                            "Parallel Aware": false,
                            "Startup Cost": 29737.79,
                            "Total Cost": 29737.8,
                            "Plan Rows": 1,
                            "Plan Width": 8,
                            "Actual Startup Time": 101.983,
                            "Actual Total Time": 101.984,
                            "Actual Rows": 1,
                            "Actual Loops": 4,
                            "Output": [
                                "PARTIAL count(*)"
                            ],
                            "Workers": [
                                {
                                    "Worker Number": 0,
                                    "Actual Startup Time": 99.513,
                                    "Actual Total Time": 99.514,
                                    "Actual Rows": 1,
                                    "Actual Loops": 1
                                },
                                {
                                    "Worker Number": 1,
                                    "Actual Startup Time": 99.175,
                                    "Actual Total Time": 99.176,
                                    "Actual Rows": 1,
                                    "Actual Loops": 1
                                },
                                {
                                    "Worker Number": 2,
                                    "Actual Startup Time": 100.052,
                                    "Actual Total Time": 100.054,
                                    "Actual Rows": 1,
                                    "Actual Loops": 1
                                }
                            ],
                            "Plans": [
                                {
                                    "Node Type": "Seq Scan",
                                    "Parent Relationship": "Outer",
                                    "Parallel Aware": true,
                                    "Relation Name": "movie_companies",
                                    "Schema": "public",
                                    "Alias": "mc",
                                    "Startup Cost": 0.0,
                                    "Total Cost": 29310.68,
                                    "Plan Rows": 170843,
                                    "Plan Width": 0,
                                    "Actual Startup Time": 50.094,
                                    "Actual Total Time": 92.825,
                                    "Actual Rows": 132424,
                                    "Actual Loops": 4,
                                    "Output": [
                                        "id",
                                        "movie_id",
                                        "company_id",
                                        "company_type_id",
                                        "note"
                                    ],
                                    "Filter": "(mc.company_id > 72745)",
                                    "Rows Removed by Filter": 519858,
                                    "Workers": [
                                        {
                                            "Worker Number": 0,
                                            "Actual Startup Time": 47.624,
                                            "Actual Total Time": 90.931,
                                            "Actual Rows": 123903,
                                            "Actual Loops": 1
                                        },
                                        {
                                            "Worker Number": 1,
                                            "Actual Startup Time": 47.287,
                                            "Actual Total Time": 90.34,
                                            "Actual Rows": 125380,
                                            "Actual Loops": 1
                                        },
                                        {
                                            "Worker Number": 2,
                                            "Actual Startup Time": 48.163,
                                            "Actual Total Time": 91.327,
                                            "Actual Rows": 126170,
                                            "Actual Loops": 1
                                        }
                                    ]
                                }
                            ]
                        }
                    ]
                }
            ]
        },
        "Planning Time": 3765.393,
        "Triggers": [],
        "Execution Time": 117.281
    }
]