[
  {
    "Plan": {
      "Node Type": "Aggregate",
      "Strategy": "Plain",
      "Partial Mode": "Finalize",
      "Parallel Aware": false,
      "Startup Cost": 334432.78,
      "Total Cost": 334432.79,
      "Plan Rows": 1,
      "Plan Width": 8,
      "Actual Startup Time": 690.353,
      "Actual Total Time": 748.245,
      "Actual Rows": 1,
      "Actual Loops": 1,
      "Plans": [
        {
          "Node Type": "Gather",
          "Parent Relationship": "Outer",
          "Parallel Aware": false,
          "Startup Cost": 334432.16,
          "Total Cost": 334432.77,
          "Plan Rows": 6,
          "Plan Width": 8,
          "Actual Startup Time": 690.197,
          "Actual Total Time": 748.235,
          "Actual Rows": 7,
          "Actual Loops": 1,
          "Workers Planned": 6,
          "Workers Launched": 6,
          "Single Copy": false,
          "Plans": [
            {
              "Node Type": "Aggregate",
              "Strategy": "Plain",
              "Partial Mode": "Partial",
              "Parent Relationship": "Outer",
              "Parallel Aware": false,
              "Startup Cost": 333432.16,
              "Total Cost": 333432.17,
              "Plan Rows": 1,
              "Plan Width": 8,
              "Actual Startup Time": 680.109,
              "Actual Total Time": 680.11,
              "Actual Rows": 1,
              "Actual Loops": 7,
              "Plans": [
                {
                  "Node Type": "Seq Scan",
                  "Parent Relationship": "Outer",
                  "Parallel Aware": true,
                  "Relation Name": "cast_info",
                  "Alias": "ci",
                  "Startup Cost": 0.0,
                  "Total Cost": 328162.03,
                  "Plan Rows": 2108053,
                  "Plan Width": 0,
                  "Actual Startup Time": 0.052,
                  "Actual Total Time": 595.071,
                  "Actual Rows": 1805502,
                  "Actual Loops": 7,
                  "Filter": "(person_id < 1247074)",
                  "Rows Removed by Filter": 3372261
                }
              ]
            }
          ]
        }
      ]
    },
    "Planning Time": 0.17,
    "Triggers": [],
    "Execution Time": 748.313
  }
]