{
  "Plan": {
    "Node Type": "Aggregate",
    "Strategy": "Plain",
    "Partial Mode": "Finalize",
    "Parallel Aware": false,
    "Startup Cost": 128057.84,
    "Total Cost": 128057.85,
    "Plan Rows": 1,
    "Plan Width": 8,
    "Actual Startup Time": 599.682,
    "Actual Total Time": 613.519,
    "Actual Rows": 1,
    "Actual Loops": 1,
    "Plans": [
      {
        "Node Type": "Gather",
        "Parent Relationship": "Outer",
        "Parallel Aware": false,
        "Startup Cost": 128057.73,
        "Total Cost": 128057.84,
        "Plan Rows": 1,
        "Plan Width": 8,
        "Actual Startup Time": 598.566,
        "Actual Total Time": 613.513,
        "Actual Rows": 2,
        "Actual Loops": 1,
        "Workers Planned": 1,
        "Workers Launched": 1,
        "Single Copy": false,
        "Plans": [
          {
            "Node Type": "Aggregate",
            "Strategy": "Plain",
            "Partial Mode": "Partial",
            "Parent Relationship": "Outer",
            "Parallel Aware": false,
            "Startup Cost": 127057.73,
            "Total Cost": 127057.74,
            "Plan Rows": 1,
            "Plan Width": 8,
            "Actual Startup Time": 594.596,
            "Actual Total Time": 594.6,
            "Actual Rows": 1,
            "Actual Loops": 2,
            "Plans": [
              {
                "Node Type": "Hash Join",
                "Parent Relationship": "Outer",
                "Parallel Aware": true,
                "Join Type": "Inner",
                "Startup Cost": 62880.08,
                "Total Cost": 125831.55,
                "Plan Rows": 490472,
                "Plan Width": 0,
                "Actual Startup Time": 241.074,
                "Actual Total Time": 587.516,
                "Actual Rows": 179807,
                "Actual Loops": 2,
                "Inner Unique": true,
                "Hash Cond": "(mk.movie_id = t.id)",
                "Plans": [
                  {
                    "Node Type": "Seq Scan",
                    "Parent Relationship": "Outer",
                    "Parallel Aware": true,
                    "Relation Name": "movie_keyword",
                    "Alias": "mk",
                    "Startup Cost": 0.0,
                    "Total Cost": 57718.19,
                    "Plan Rows": 1993624,
                    "Plan Width": 4,
                    "Actual Startup Time": 0.089,
                    "Actual Total Time": 197.297,
                    "Actual Rows": 1689432,
                    "Actual Loops": 2,
                    "Filter": "(keyword_id > 1302)",
                    "Rows Removed by Filter": 572532
                  },
                  {
                    "Node Type": "Hash",
                    "Parent Relationship": "Inner",
                    "Parallel Aware": true,
                    "Startup Cost": 58306.47,
                    "Total Cost": 58306.47,
                    "Plan Rows": 365889,
                    "Plan Width": 4,
                    "Actual Startup Time": 233.626,
                    "Actual Total Time": 233.627,
                    "Actual Rows": 250964,
                    "Actual Loops": 2,
                    "Hash Buckets": 1048576,
                    "Original Hash Buckets": 1048576,
                    "Hash Batches": 1,
                    "Original Hash Batches": 1,
                    "Peak Memory Usage": 27840,
                    "Plans": [
                      {
                        "Node Type": "Seq Scan",
                        "Parent Relationship": "Outer",
                        "Parallel Aware": true,
                        "Relation Name": "title",
                        "Alias": "t",
                        "Startup Cost": 0.0,
                        "Total Cost": 58306.47,
                        "Plan Rows": 365889,
                        "Plan Width": 4,
                        "Actual Startup Time": 0.038,
                        "Actual Total Time": 153.608,
                        "Actual Rows": 250964,
                        "Actual Loops": 2,
                        "Filter": "((kind_id > 1) AND (production_year < 1996))",
                        "Rows Removed by Filter": 1013192
                      }
                    ]
                  }
                ]
              }
            ]
          }
        ]
      }
    ]
  },
  "Planning Time": 0.391,
  "Triggers": [],
  "Execution Time": 613.567
}