[
    {
        "Bao": {
            "Bao prediction": "NaN",
            "Bao recommended hint": "(no hint)"
        }
    },
    {
        "Plan": {
            "Node Type": "Aggregate",
            "Strategy": "Plain",
            "Partial Mode": "Finalize",
            "Parallel Aware": false,
            "Startup Cost": 390129.31,
            "Total Cost": 390129.32,
            "Plan Rows": 1,
            "Plan Width": 8,
            "Actual Startup Time": 572.691,
            "Actual Total Time": 596.269,
            "Actual Rows": 1,
            "Actual Loops": 1,
            "Output": [
                "count(*)"
            ],
            "Plans": [
                {
                    "Node Type": "Gather",
                    "Parent Relationship": "Outer",
                    "Parallel Aware": false,
                    "Startup Cost": 390128.68,
                    "Total Cost": 390129.29,
                    "Plan Rows": 6,
                    "Plan Width": 8,
                    "Actual Startup Time": 568.739,
                    "Actual Total Time": 596.258,
                    "Actual Rows": 7,
                    "Actual Loops": 1,
                    "Output": [
                        "(PARTIAL count(*))"
                    ],
                    "Workers Planned": 6,
                    "Workers Launched": 6,
                    "Single Copy": false,
                    "Plans": [
                        {
                            "Node Type": "Aggregate",
                            "Strategy": "Plain",
                            "Partial Mode": "Partial",
                            "Parent Relationship": "Outer",
                            "Parallel Aware": false,
                            "Startup Cost": 389128.68,
                            "Total Cost": 389128.69,
                            "Plan Rows": 1,
                            "Plan Width": 8,
                            "Actual Startup Time": 558.253,
                            "Actual Total Time": 558.257,
                            "Actual Rows": 1,
                            "Actual Loops": 7,
                            "Output": [
                                "PARTIAL count(*)"
                            ],
                            "Workers": [
                                {
                                    "Worker Number": 0,
                                    "Actual Startup Time": 555.791,
                                    "Actual Total Time": 555.802,
                                    "Actual Rows": 1,
                                    "Actual Loops": 1
                                },
                                {
                                    "Worker Number": 1,
                                    "Actual Startup Time": 556.19,
                                    "Actual Total Time": 556.193,
                                    "Actual Rows": 1,
                                    "Actual Loops": 1
                                },
                                {
                                    "Worker Number": 2,
                                    "Actual Startup Time": 556.627,
                                    "Actual Total Time": 556.631,
                                    "Actual Rows": 1,
                                    "Actual Loops": 1
                                },
                                {
                                    "Worker Number": 3,
                                    "Actual Startup Time": 556.617,
                                    "Actual Total Time": 556.621,
                                    "Actual Rows": 1,
                                    "Actual Loops": 1
                                },
                                {
                                    "Worker Number": 4,
                                    "Actual Startup Time": 557.146,
                                    "Actual Total Time": 557.149,
                                    "Actual Rows": 1,
                                    "Actual Loops": 1
                                },
                                {
                                    "Worker Number": 5,
                                    "Actual Startup Time": 557.118,
                                    "Actual Total Time": 557.122,
                                    "Actual Rows": 1,
                                    "Actual Loops": 1
                                }
                            ],
                            "Plans": [
                                {
                                    "Node Type": "Hash Join",
                                    "Parent Relationship": "Outer",
                                    "Parallel Aware": true,
                                    "Join Type": "Inner",
                                    "Startup Cost": 126197.08,
                                    "Total Cost": 388903.17,
                                    "Plan Rows": 90207,
                                    "Plan Width": 0,
                                    "Actual Startup Time": 341.38,
                                    "Actual Total Time": 552.165,
                                    "Actual Rows": 113467,
                                    "Actual Loops": 7,
                                    "Inner Unique": true,
                                    "Hash Cond": "(ci.movie_id = t.id)",
                                    "Workers": [
                                        {
                                            "Worker Number": 0,
                                            "Actual Startup Time": 338.908,
                                            "Actual Total Time": 549.9,
                                            "Actual Rows": 114127,
                                            "Actual Loops": 1
                                        },
                                        {
                                            "Worker Number": 1,
                                            "Actual Startup Time": 339.555,
                                            "Actual Total Time": 550.341,
                                            "Actual Rows": 113159,
                                            "Actual Loops": 1
                                        },
                                        {
                                            "Worker Number": 2,
                                            "Actual Startup Time": 339.359,
                                            "Actual Total Time": 550.826,
                                            "Actual Rows": 128583,
                                            "Actual Loops": 1
                                        },
                                        {
                                            "Worker Number": 3,
                                            "Actual Startup Time": 339.835,
                                            "Actual Total Time": 550.515,
                                            "Actual Rows": 115668,
                                            "Actual Loops": 1
                                        },
                                        {
                                            "Worker Number": 4,
                                            "Actual Startup Time": 339.906,
                                            "Actual Total Time": 551.085,
                                            "Actual Rows": 114750,
                                            "Actual Loops": 1
                                        },
                                        {
                                            "Worker Number": 5,
                                            "Actual Startup Time": 340.526,
                                            "Actual Total Time": 551.053,
                                            "Actual Rows": 114858,
                                            "Actual Loops": 1
                                        }
                                    ],
                                    "Plans": [
                                        {
                                            "Node Type": "Bitmap Heap Scan",
                                            "Parent Relationship": "Outer",
                                            "Parallel Aware": true,
                                            "Relation Name": "cast_info",
                                            "Schema": "public",
                                            "Alias": "ci",
                                            "Startup Cost": 80200.1,
                                            "Total Cost": 342014.42,
                                            "Plan Rows": 339719,
                                            "Plan Width": 4,
                                            "Actual Startup Time": 227.892,
                                            "Actual Total Time": 342.768,
                                            "Actual Rows": 381059,
                                            "Actual Loops": 7,
                                            "Output": [
                                                "ci.id",
                                                "ci.person_id",
                                                "ci.movie_id",
                                                "ci.person_role_id",
                                                "ci.note",
                                                "ci.nr_order",
                                                "ci.role_id"
                                            ],
                                            "Recheck Cond": "(ci.person_id < 355016)",
                                            "Rows Removed by Index Recheck": 0,
                                            "Filter": "(ci.role_id < 3)",
                                            "Rows Removed by Filter": 147828,
                                            "Exact Heap Blocks": 5105,
                                            "Lossy Heap Blocks": 0,
                                            "Workers": [
                                                {
                                                    "Worker Number": 0,
                                                    "Actual Startup Time": 227.854,
                                                    "Actual Total Time": 343.093,
                                                    "Actual Rows": 378534,
                                                    "Actual Loops": 1
                                                },
                                                {
                                                    "Worker Number": 1,
                                                    "Actual Startup Time": 228.149,
                                                    "Actual Total Time": 343.245,
                                                    "Actual Rows": 379495,
                                                    "Actual Loops": 1
                                                },
                                                {
                                                    "Worker Number": 2,
                                                    "Actual Startup Time": 227.541,
                                                    "Actual Total Time": 340.134,
                                                    "Actual Rows": 430382,
                                                    "Actual Loops": 1
                                                },
                                                {
                                                    "Worker Number": 3,
                                                    "Actual Startup Time": 227.996,
                                                    "Actual Total Time": 344.043,
                                                    "Actual Rows": 393104,
                                                    "Actual Loops": 1
                                                },
                                                {
                                                    "Worker Number": 4,
                                                    "Actual Startup Time": 228.08,
                                                    "Actual Total Time": 344.391,
                                                    "Actual Rows": 391874,
                                                    "Actual Loops": 1
                                                },
                                                {
                                                    "Worker Number": 5,
                                                    "Actual Startup Time": 227.918,
                                                    "Actual Total Time": 343.43,
                                                    "Actual Rows": 385124,
                                                    "Actual Loops": 1
                                                }
                                            ],
                                            "Plans": [
                                                {
                                                    "Node Type": "Bitmap Index Scan",
                                                    "Parent Relationship": "Outer",
                                                    "Parallel Aware": false,
                                                    "Index Name": "person_id_cast_info",
                                                    "Startup Cost": 0.0,
                                                    "Total Cost": 79690.52,
                                                    "Plan Rows": 3650928,
                                                    "Plan Width": 0,
                                                    "Actual Startup Time": 221.351,
                                                    "Actual Total Time": 221.352,
                                                    "Actual Rows": 3702211,
                                                    "Actual Loops": 1,
                                                    "Index Cond": "(ci.person_id < 355016)",
                                                    "Workers": [
                                                        {
                                                            "Worker Number": 2,
                                                            "Actual Startup Time": 221.351,
                                                            "Actual Total Time": 221.352,
                                                            "Actual Rows": 3702211,
                                                            "Actual Loops": 1
                                                        }
                                                    ]
                                                }
                                            ]
                                        },
                                        {
                                            "Node Type": "Hash",
                                            "Parent Relationship": "Inner",
                                            "Parallel Aware": true,
                                            "Startup Cost": 43899.01,
                                            "Total Cost": 43899.01,
                                            "Plan Rows": 167838,
                                            "Plan Width": 4,
                                            "Actual Startup Time": 110.944,
                                            "Actual Total Time": 110.946,
                                            "Actual Rows": 94689,
                                            "Actual Loops": 7,
                                            "Output": [
                                                "t.id"
                                            ],
                                            "Hash Buckets": 1048576,
                                            "Original Hash Buckets": 1048576,
                                            "Hash Batches": 1,
                                            "Original Hash Batches": 1,
                                            "Peak Memory Usage": 34240,
                                            "Workers": [
                                                {
                                                    "Worker Number": 0,
                                                    "Actual Startup Time": 110.568,
                                                    "Actual Total Time": 110.576,
                                                    "Actual Rows": 96963,
                                                    "Actual Loops": 1
                                                },
                                                {
                                                    "Worker Number": 1,
                                                    "Actual Startup Time": 110.975,
                                                    "Actual Total Time": 110.976,
                                                    "Actual Rows": 96874,
                                                    "Actual Loops": 1
                                                },
                                                {
                                                    "Worker Number": 2,
                                                    "Actual Startup Time": 111.398,
                                                    "Actual Total Time": 111.399,
                                                    "Actual Rows": 95788,
                                                    "Actual Loops": 1
                                                },
                                                {
                                                    "Worker Number": 3,
                                                    "Actual Startup Time": 111.386,
                                                    "Actual Total Time": 111.387,
                                                    "Actual Rows": 96236,
                                                    "Actual Loops": 1
                                                },
                                                {
                                                    "Worker Number": 4,
                                                    "Actual Startup Time": 111.392,
                                                    "Actual Total Time": 111.393,
                                                    "Actual Rows": 96139,
                                                    "Actual Loops": 1
                                                },
                                                {
                                                    "Worker Number": 5,
                                                    "Actual Startup Time": 111.912,
                                                    "Actual Total Time": 111.913,
                                                    "Actual Rows": 95561,
                                                    "Actual Loops": 1
                                                }
                                            ],
                                            "Plans": [
                                                {
                                                    "Node Type": "Seq Scan",
                                                    "Parent Relationship": "Outer",
                                                    "Parallel Aware": true,
                                                    "Relation Name": "title",
                                                    "Schema": "public",
                                                    "Alias": "t",
                                                    "Startup Cost": 0.0,
                                                    "Total Cost": 43899.01,
                                                    "Plan Rows": 167838,
                                                    "Plan Width": 4,
                                                    "Actual Startup Time": 40.392,
                                                    "Actual Total Time": 74.316,
                                                    "Actual Rows": 94689,
                                                    "Actual Loops": 7,
                                                    "Output": [
                                                        "t.id"
                                                    ],
                                                    "Filter": "(t.kind_id = 1)",
                                                    "Rows Removed by Filter": 266498,
                                                    "Workers": [
                                                        {
                                                            "Worker Number": 0,
                                                            "Actual Startup Time": 46.76,
                                                            "Actual Total Time": 74.799,
                                                            "Actual Rows": 96963,
                                                            "Actual Loops": 1
                                                        },
                                                        {
                                                            "Worker Number": 1,
                                                            "Actual Startup Time": 4.636,
                                                            "Actual Total Time": 74.697,
                                                            "Actual Rows": 96874,
                                                            "Actual Loops": 1
                                                        },
                                                        {
                                                            "Worker Number": 2,
                                                            "Actual Startup Time": 46.198,
                                                            "Actual Total Time": 74.97,
                                                            "Actual Rows": 95788,
                                                            "Actual Loops": 1
                                                        },
                                                        {
                                                            "Worker Number": 3,
                                                            "Actual Startup Time": 46.208,
                                                            "Actual Total Time": 74.512,
                                                            "Actual Rows": 96236,
                                                            "Actual Loops": 1
                                                        },
                                                        {
                                                            "Worker Number": 4,
                                                            "Actual Startup Time": 46.363,
                                                            "Actual Total Time": 74.902,
                                                            "Actual Rows": 96139,
                                                            "Actual Loops": 1
                                                        },
                                                        {
                                                            "Worker Number": 5,
                                                            "Actual Startup Time": 46.238,
                                                            "Actual Total Time": 74.555,
                                                            "Actual Rows": 95561,
                                                            "Actual Loops": 1
                                                        }
                                                    ]
                                                }
                                            ]
                                        }
                                    ]
                                }
                            ]
                        }
                    ]
                }
            ]
        },
        "Planning Time": 293.391,
        "Triggers": [],
        "Execution Time": 596.349
    }
]