[
  {
    "Plan": {
      "Node Type": "Aggregate",
      "Strategy": "Plain",
      "Partial Mode": "Finalize",
      "Parallel Aware": false,
      "Startup Cost": 33080.1,
      "Total Cost": 33080.11,
      "Plan Rows": 1,
      "Plan Width": 8,
      "Actual Startup Time": 38.078,
      "Actual Total Time": 41.782,
      "Actual Rows": 1,
      "Actual Loops": 1,
      "Plans": [
        {
          "Node Type": "Gather",
          "Parent Relationship": "Outer",
          "Parallel Aware": false,
          "Startup Cost": 33079.89,
          "Total Cost": 33080.1,
          "Plan Rows": 2,
          "Plan Width": 8,
          "Actual Startup Time": 37.856,
          "Actual Total Time": 41.775,
          "Actual Rows": 3,
          "Actual Loops": 1,
          "Workers Planned": 2,
          "Workers Launched": 2,
          "Single Copy": false,
          "Plans": [
            {
              "Node Type": "Aggregate",
              "Strategy": "Plain",
              "Partial Mode": "Partial",
              "Parent Relationship": "Outer",
              "Parallel Aware": false,
              "Startup Cost": 32079.89,
              "Total Cost": 32079.9,
              "Plan Rows": 1,
              "Plan Width": 8,
              "Actual Startup Time": 20.444,
              "Actual Total Time": 20.446,
              "Actual Rows": 1,
              "Actual Loops": 3,
              "Plans": [
                {
                  "Node Type": "Nested Loop",
                  "Parent Relationship": "Outer",
                  "Parallel Aware": false,
                  "Join Type": "Inner",
                  "Startup Cost": 91.06,
                  "Total Cost": 32079.83,
                  "Plan Rows": 25,
                  "Plan Width": 0,
                  "Actual Startup Time": 4.324,
                  "Actual Total Time": 20.428,
                  "Actual Rows": 27,
                  "Actual Loops": 3,
                  "Inner Unique": true,
                  "Plans": [
                    {
                      "Node Type": "Bitmap Heap Scan",
                      "Parent Relationship": "Outer",
                      "Parallel Aware": true,
                      "Relation Name": "movie_info",
                      "Alias": "mi",
                      "Startup Cost": 90.63,
                      "Total Cost": 17014.81,
                      "Plan Rows": 2053,
                      "Plan Width": 4,
                      "Actual Startup Time": 1.062,
                      "Actual Total Time": 3.957,
                      "Actual Rows": 2198,
                      "Actual Loops": 3,
                      "Recheck Cond": "(info_type_id = 51)",
                      "Rows Removed by Index Recheck": 0,
                      "Exact Heap Blocks": 1211,
                      "Lossy Heap Blocks": 0,
                      "Plans": [
                        {
                          "Node Type": "Bitmap Index Scan",
                          "Parent Relationship": "Outer",
                          "Parallel Aware": false,
                          "Index Name": "info_type_id_movie_info",
                          "Startup Cost": 0.0,
                          "Total Cost": 89.4,
                          "Plan Rows": 4928,
                          "Plan Width": 0,
                          "Actual Startup Time": 2.218,
                          "Actual Total Time": 2.219,
                          "Actual Rows": 6594,
                          "Actual Loops": 1,
                          "Index Cond": "(info_type_id = 51)"
                        }
                      ]
                    },
                    {
                      "Node Type": "Index Scan",
                      "Parent Relationship": "Inner",
                      "Parallel Aware": false,
                      "Scan Direction": "Forward",
                      "Index Name": "title_pkey",
                      "Relation Name": "title",
                      "Alias": "t",
                      "Startup Cost": 0.43,
                      "Total Cost": 7.34,
                      "Plan Rows": 1,
                      "Plan Width": 4,
                      "Actual Startup Time": 0.007,
                      "Actual Total Time": 0.007,
                      "Actual Rows": 0,
                      "Actual Loops": 6594,
                      "Index Cond": "(id = mi.movie_id)",
                      "Rows Removed by Index Recheck": 0,
                      "Filter": "((production_year < 1993) AND (kind_id = 3))",
                      "Rows Removed by Filter": 1
                    }
                  ]
                }
              ]
            }
          ]
        }
      ]
    },
    "Planning Time": 0.694,
    "Triggers": [],
    "Execution Time": 41.874
  }
]