[
  {
    "Plan": {
      "Node Type": "Aggregate",
      "Strategy": "Plain",
      "Partial Mode": "Finalize",
      "Parallel Aware": false,
      "Startup Cost": 46343.12,
      "Total Cost": 46343.13,
      "Plan Rows": 1,
      "Plan Width": 8,
      "Actual Startup Time": 167.157,
      "Actual Total Time": 174.658,
      "Actual Rows": 1,
      "Actual Loops": 1,
      "Plans": [
        {
          "Node Type": "Gather",
          "Parent Relationship": "Outer",
          "Parallel Aware": false,
          "Startup Cost": 46342.8,
          "Total Cost": 46343.11,
          "Plan Rows": 3,
          "Plan Width": 8,
          "Actual Startup Time": 167.015,
          "Actual Total Time": 174.651,
          "Actual Rows": 4,
          "Actual Loops": 1,
          "Workers Planned": 3,
          "Workers Launched": 3,
          "Single Copy": false,
          "Plans": [
            {
              "Node Type": "Aggregate",
              "Strategy": "Plain",
              "Partial Mode": "Partial",
              "Parent Relationship": "Outer",
              "Parallel Aware": false,
              "Startup Cost": 45342.8,
              "Total Cost": 45342.81,
              "Plan Rows": 1,
              "Plan Width": 8,
              "Actual Startup Time": 158.956,
              "Actual Total Time": 158.957,
              "Actual Rows": 1,
              "Actual Loops": 4,
              "Plans": [
                {
                  "Node Type": "Seq Scan",
                  "Parent Relationship": "Outer",
                  "Parallel Aware": true,
                  "Relation Name": "movie_keyword",
                  "Alias": "mk",
                  "Startup Cost": 0.0,
                  "Total Cost": 42695.65,
                  "Plan Rows": 1058858,
                  "Plan Width": 0,
                  "Actual Startup Time": 0.12,
                  "Actual Total Time": 120.42,
                  "Actual Rows": 818646,
                  "Actual Loops": 4,
                  "Filter": "(keyword_id > 1586)",
                  "Rows Removed by Filter": 312336
                }
              ]
            }
          ]
        }
      ]
    },
    "Planning Time": 0.099,
    "Triggers": [],
    "Execution Time": 174.69
  }
]