[
  {
    "Plan": {
      "Node Type": "Aggregate",
      "Strategy": "Plain",
      "Partial Mode": "Finalize",
      "Parallel Aware": false,
      "Startup Cost": 33112.44,
      "Total Cost": 33112.45,
      "Plan Rows": 1,
      "Plan Width": 8,
      "Actual Startup Time": 103.431,
      "Actual Total Time": 111.187,
      "Actual Rows": 1,
      "Actual Loops": 1,
      "Plans": [
        {
          "Node Type": "Gather",
          "Parent Relationship": "Outer",
          "Parallel Aware": false,
          "Startup Cost": 33112.12,
          "Total Cost": 33112.43,
          "Plan Rows": 3,
          "Plan Width": 8,
          "Actual Startup Time": 103.308,
          "Actual Total Time": 111.179,
          "Actual Rows": 4,
          "Actual Loops": 1,
          "Workers Planned": 3,
          "Workers Launched": 3,
          "Single Copy": false,
          "Plans": [
            {
              "Node Type": "Aggregate",
              "Strategy": "Plain",
              "Partial Mode": "Partial",
              "Parent Relationship": "Outer",
              "Parallel Aware": false,
              "Startup Cost": 32112.12,
              "Total Cost": 32112.13,
              "Plan Rows": 1,
              "Plan Width": 8,
              "Actual Startup Time": 95.662,
              "Actual Total Time": 95.663,
              "Actual Rows": 1,
              "Actual Loops": 4,
              "Plans": [
                {
                  "Node Type": "Seq Scan",
                  "Parent Relationship": "Outer",
                  "Parallel Aware": true,
                  "Relation Name": "movie_companies",
                  "Alias": "mc",
                  "Startup Cost": 0.0,
                  "Total Cost": 31414.82,
                  "Plan Rows": 278922,
                  "Plan Width": 0,
                  "Actual Startup Time": 49.883,
                  "Actual Total Time": 85.419,
                  "Actual Rows": 267795,
                  "Actual Loops": 4,
                  "Filter": "((company_id > 2930) AND (company_type_id > 1))",
                  "Rows Removed by Filter": 384488
                }
              ]
            }
          ]
        }
      ]
    },
    "Planning Time": 0.266,
    "Triggers": [],
    "Execution Time": 111.245
  }
]