[
  {
    "Plan": {
      "Node Type": "Aggregate",
      "Strategy": "Plain",
      "Partial Mode": "Finalize",
      "Parallel Aware": false,
      "Startup Cost": 77506.53,
      "Total Cost": 77506.54,
      "Plan Rows": 1,
      "Plan Width": 8,
      "Actual Startup Time": 264.676,
      "Actual Total Time": 284.493,
      "Actual Rows": 1,
      "Actual Loops": 1,
      "Plans": [
        {
          "Node Type": "Gather",
          "Parent Relationship": "Outer",
          "Parallel Aware": false,
          "Startup Cost": 77506.21,
          "Total Cost": 77506.52,
          "Plan Rows": 3,
          "Plan Width": 8,
          "Actual Startup Time": 262.101,
          "Actual Total Time": 284.485,
          "Actual Rows": 4,
          "Actual Loops": 1,
          "Workers Planned": 3,
          "Workers Launched": 3,
          "Single Copy": false,
          "Plans": [
            {
              "Node Type": "Aggregate",
              "Strategy": "Plain",
              "Partial Mode": "Partial",
              "Parent Relationship": "Outer",
              "Parallel Aware": false,
              "Startup Cost": 76506.21,
              "Total Cost": 76506.22,
              "Plan Rows": 1,
              "Plan Width": 8,
              "Actual Startup Time": 256.016,
              "Actual Total Time": 256.02,
              "Actual Rows": 1,
              "Actual Loops": 4,
              "Plans": [
                {
                  "Node Type": "Hash Join",
                  "Parent Relationship": "Outer",
                  "Parallel Aware": true,
                  "Join Type": "Inner",
                  "Startup Cost": 51078.06,
                  "Total Cost": 76476.78,
                  "Plan Rows": 11774,
                  "Plan Width": 0,
                  "Actual Startup Time": 195.089,
                  "Actual Total Time": 255.983,
                  "Actual Rows": 249,
                  "Actual Loops": 4,
                  "Inner Unique": true,
                  "Hash Cond": "(mk.movie_id = t.id)",
                  "Plans": [
                    {
                      "Node Type": "Bitmap Heap Scan",
                      "Parent Relationship": "Outer",
                      "Parallel Aware": true,
                      "Relation Name": "movie_keyword",
                      "Alias": "mk",
                      "Startup Cost": 4109.05,
                      "Total Cost": 29343.81,
                      "Plan Rows": 62461,
                      "Plan Width": 4,
                      "Actual Startup Time": 24.093,
                      "Actual Total Time": 69.409,
                      "Actual Rows": 49506,
                      "Actual Loops": 4,
                      "Recheck Cond": "(keyword_id > 69179)",
                      "Rows Removed by Index Recheck": 0,
                      "Exact Heap Blocks": 7526,
                      "Lossy Heap Blocks": 0,
                      "Plans": [
                        {
                          "Node Type": "Bitmap Index Scan",
                          "Parent Relationship": "Outer",
                          "Parallel Aware": false,
                          "Index Name": "keyword_id_movie_keyword",
                          "Startup Cost": 0.0,
                          "Total Cost": 4060.64,
                          "Plan Rows": 193628,
                          "Plan Width": 0,
                          "Actual Startup Time": 19.282,
                          "Actual Total Time": 19.283,
                          "Actual Rows": 198022,
                          "Actual Loops": 1,
                          "Index Cond": "(keyword_id > 69179)"
                        }
                      ]
                    },
                    {
                      "Node Type": "Hash",
                      "Parent Relationship": "Inner",
                      "Parallel Aware": true,
                      "Startup Cost": 45479.59,
                      "Total Cost": 45479.59,
                      "Plan Rows": 119154,
                      "Plan Width": 4,
                      "Actual Startup Time": 168.716,
                      "Actual Total Time": 168.717,
                      "Actual Rows": 129582,
                      "Actual Loops": 4,
                      "Hash Buckets": 524288,
                      "Original Hash Buckets": 524288,
                      "Hash Batches": 1,
                      "Original Hash Batches": 1,
                      "Peak Memory Usage": 24416,
                      "Plans": [
                        {
                          "Node Type": "Seq Scan",
                          "Parent Relationship": "Outer",
                          "Parallel Aware": true,
                          "Relation Name": "title",
                          "Alias": "t",
                          "Startup Cost": 0.0,
                          "Total Cost": 45479.59,
                          "Plan Rows": 119154,
                          "Plan Width": 4,
                          "Actual Startup Time": 0.035,
                          "Actual Total Time": 119.192,
                          "Actual Rows": 129582,
                          "Actual Loops": 4,
                          "Filter": "((production_year > 2007) AND (kind_id = 7))",
                          "Rows Removed by Filter": 502496
                        }
                      ]
                    }
                  ]
                }
              ]
            }
          ]
        }
      ]
    },
    "Planning Time": 0.429,
    "Triggers": [],
    "Execution Time": 284.555
  }
]