{
  "Plan": {
    "Node Type": "Aggregate",
    "Strategy": "Plain",
    "Partial Mode": "Finalize",
    "Parallel Aware": false,
    "Startup Cost": 93949.01,
    "Total Cost": 93949.02,
    "Plan Rows": 1,
    "Plan Width": 8,
    "Actual Startup Time": 394.012,
    "Actual Total Time": 404.918,
    "Actual Rows": 1,
    "Actual Loops": 1,
    "Plans": [
      {
        "Node Type": "Gather",
        "Parent Relationship": "Outer",
        "Parallel Aware": false,
        "Startup Cost": 93948.9,
        "Total Cost": 93949.01,
        "Plan Rows": 1,
        "Plan Width": 8,
        "Actual Startup Time": 393.641,
        "Actual Total Time": 404.91,
        "Actual Rows": 2,
        "Actual Loops": 1,
        "Workers Planned": 1,
        "Workers Launched": 1,
        "Single Copy": false,
        "Plans": [
          {
            "Node Type": "Aggregate",
            "Strategy": "Plain",
            "Partial Mode": "Partial",
            "Parent Relationship": "Outer",
            "Parallel Aware": false,
            "Startup Cost": 92948.9,
            "Total Cost": 92948.91,
            "Plan Rows": 1,
            "Plan Width": 8,
            "Actual Startup Time": 387.391,
            "Actual Total Time": 387.396,
            "Actual Rows": 1,
            "Actual Loops": 2,
            "Plans": [
              {
                "Node Type": "Nested Loop",
                "Parent Relationship": "Outer",
                "Parallel Aware": false,
                "Join Type": "Inner",
                "Startup Cost": 21287.19,
                "Total Cost": 92939.08,
                "Plan Rows": 3928,
                "Plan Width": 0,
                "Actual Startup Time": 222.417,
                "Actual Total Time": 386.286,
                "Actual Rows": 16812,
                "Actual Loops": 2,
                "Inner Unique": false,
                "Plans": [
                  {
                    "Node Type": "Hash Join",
                    "Parent Relationship": "Outer",
                    "Parallel Aware": true,
                    "Join Type": "Inner",
                    "Startup Cost": 21286.76,
                    "Total Cost": 81580.77,
                    "Plan Rows": 21846,
                    "Plan Width": 8,
                    "Actual Startup Time": 212.429,
                    "Actual Total Time": 306.344,
                    "Actual Rows": 35096,
                    "Actual Loops": 2,
                    "Inner Unique": false,
                    "Hash Cond": "(t.id = mc.movie_id)",
                    "Plans": [
                      {
                        "Node Type": "Seq Scan",
                        "Parent Relationship": "Outer",
                        "Parallel Aware": true,
                        "Relation Name": "title",
                        "Alias": "t",
                        "Startup Cost": 0.0,
                        "Total Cost": 50870.31,
                        "Plan Rows": 1487231,
                        "Plan Width": 4,
                        "Actual Startup Time": 0.011,
                        "Actual Total Time": 119.827,
                        "Actual Rows": 1264156,
                        "Actual Loops": 2
                      },
                      {
                        "Node Type": "Hash",
                        "Parent Relationship": "Inner",
                        "Parallel Aware": true,
                        "Startup Cost": 21013.68,
                        "Total Cost": 21013.68,
                        "Plan Rows": 21846,
                        "Plan Width": 4,
                        "Actual Startup Time": 40.337,
                        "Actual Total Time": 40.338,
                        "Actual Rows": 35096,
                        "Actual Loops": 2,
                        "Hash Buckets": 131072,
                        "Original Hash Buckets": 65536,
                        "Hash Batches": 1,
                        "Original Hash Batches": 1,
                        "Peak Memory Usage": 4320,
                        "Plans": [
                          {
                            "Node Type": "Bitmap Heap Scan",
                            "Parent Relationship": "Outer",
                            "Parallel Aware": true,
                            "Relation Name": "movie_companies",
                            "Alias": "mc",
                            "Startup Cost": 1578.29,
                            "Total Cost": 21013.68,
                            "Plan Rows": 21846,
                            "Plan Width": 4,
                            "Actual Startup Time": 5.631,
                            "Actual Total Time": 24.915,
                            "Actual Rows": 35096,
                            "Actual Loops": 2,
                            "Recheck Cond": "(company_id > 176638)",
                            "Rows Removed by Index Recheck": 0,
                            "Filter": "(company_type_id = 2)",
                            "Rows Removed by Filter": 0,
                            "Exact Heap Blocks": 1644,
                            "Lossy Heap Blocks": 0,
                            "Plans": [
                              {
                                "Node Type": "Bitmap Index Scan",
                                "Parent Relationship": "Outer",
                                "Parallel Aware": false,
                                "Index Name": "company_id_movie_companies",
                                "Startup Cost": 0.0,
                                "Total Cost": 1569.01,
                                "Plan Rows": 73144,
                                "Plan Width": 0,
                                "Actual Startup Time": 9.133,
                                "Actual Total Time": 9.133,
                                "Actual Rows": 70193,
                                "Actual Loops": 1,
                                "Index Cond": "(company_id > 176638)"
                              }
                            ]
                          }
                        ]
                      }
                    ]
                  },
                  {
                    "Node Type": "Index Scan",
                    "Parent Relationship": "Inner",
                    "Parallel Aware": false,
                    "Scan Direction": "Forward",
                    "Index Name": "movie_id_movie_info_idx",
                    "Relation Name": "movie_info_idx",
                    "Alias": "mi_idx",
                    "Startup Cost": 0.43,
                    "Total Cost": 0.51,
                    "Plan Rows": 1,
                    "Plan Width": 4,
                    "Actual Startup Time": 0.002,
                    "Actual Total Time": 0.002,
                    "Actual Rows": 0,
                    "Actual Loops": 70193,
                    "Index Cond": "(movie_id = t.id)",
                    "Rows Removed by Index Recheck": 0,
                    "Filter": "(info_type_id = 99)",
                    "Rows Removed by Filter": 1
                  }
                ]
              }
            ]
          }
        ]
      }
    ]
  },
  "Planning Time": 0.909,
  "Triggers": [],
  "Execution Time": 405.055
}