[
  {
    "Plan": {
      "Node Type": "Aggregate",
      "Strategy": "Plain",
      "Partial Mode": "Finalize",
      "Parallel Aware": false,
      "Startup Cost": 199599.46,
      "Total Cost": 199599.47,
      "Plan Rows": 1,
      "Plan Width": 8,
      "Actual Startup Time": 229.292,
      "Actual Total Time": 243.61,
      "Actual Rows": 1,
      "Actual Loops": 1,
      "Plans": [
        {
          "Node Type": "Gather",
          "Parent Relationship": "Outer",
          "Parallel Aware": false,
          "Startup Cost": 199598.83,
          "Total Cost": 199599.44,
          "Plan Rows": 6,
          "Plan Width": 8,
          "Actual Startup Time": 229.185,
          "Actual Total Time": 243.6,
          "Actual Rows": 7,
          "Actual Loops": 1,
          "Workers Planned": 6,
          "Workers Launched": 6,
          "Single Copy": false,
          "Plans": [
            {
              "Node Type": "Aggregate",
              "Strategy": "Plain",
              "Partial Mode": "Partial",
              "Parent Relationship": "Outer",
              "Parallel Aware": false,
              "Startup Cost": 198598.83,
              "Total Cost": 198598.84,
              "Plan Rows": 1,
              "Plan Width": 8,
              "Actual Startup Time": 221.308,
              "Actual Total Time": 221.309,
              "Actual Rows": 1,
              "Actual Loops": 7,
              "Plans": [
                {
                  "Node Type": "Index Scan",
                  "Parent Relationship": "Outer",
                  "Parallel Aware": true,
                  "Scan Direction": "Forward",
                  "Index Name": "role_id_cast_info",
                  "Relation Name": "cast_info",
                  "Alias": "ci",
                  "Startup Cost": 0.56,
                  "Total Cost": 197877.72,
                  "Plan Rows": 288444,
                  "Plan Width": 0,
                  "Actual Startup Time": 5.306,
                  "Actual Total Time": 221.283,
                  "Actual Rows": 221,
                  "Actual Loops": 7,
                  "Index Cond": "(role_id = 2)",
                  "Rows Removed by Index Recheck": 0,
                  "Filter": "(person_id < 850568)",
                  "Rows Removed by Filter": 1064346
                }
              ]
            }
          ]
        }
      ]
    },
    "Planning Time": 0.113,
    "Triggers": [],
    "Execution Time": 243.647
  }
]