[
  {
    "Plan": {
      "Node Type": "Aggregate",
      "Strategy": "Plain",
      "Partial Mode": "Finalize",
      "Parallel Aware": false,
      "Startup Cost": 249683.68,
      "Total Cost": 249683.69,
      "Plan Rows": 1,
      "Plan Width": 8,
      "Actual Startup Time": 715.682,
      "Actual Total Time": 772.857,
      "Actual Rows": 1,
      "Actual Loops": 1,
      "Plans": [
        {
          "Node Type": "Gather",
          "Parent Relationship": "Outer",
          "Parallel Aware": false,
          "Startup Cost": 249683.16,
          "Total Cost": 249683.67,
          "Plan Rows": 5,
          "Plan Width": 8,
          "Actual Startup Time": 714.976,
          "Actual Total Time": 772.847,
          "Actual Rows": 6,
          "Actual Loops": 1,
          "Workers Planned": 5,
          "Workers Launched": 5,
          "Single Copy": false,
          "Plans": [
            {
              "Node Type": "Aggregate",
              "Strategy": "Plain",
              "Partial Mode": "Partial",
              "Parent Relationship": "Outer",
              "Parallel Aware": false,
              "Startup Cost": 248683.16,
              "Total Cost": 248683.17,
              "Plan Rows": 1,
              "Plan Width": 8,
              "Actual Startup Time": 704.121,
              "Actual Total Time": 704.126,
              "Actual Rows": 1,
              "Actual Loops": 6,
              "Plans": [
                {
                  "Node Type": "Hash Join",
                  "Parent Relationship": "Outer",
                  "Parallel Aware": true,
                  "Join Type": "Inner",
                  "Startup Cost": 46175.86,
                  "Total Cost": 248419.98,
                  "Plan Rows": 105271,
                  "Plan Width": 0,
                  "Actual Startup Time": 121.289,
                  "Actual Total Time": 701.57,
                  "Actual Rows": 40581,
                  "Actual Loops": 6,
                  "Inner Unique": true,
                  "Hash Cond": "(mi.movie_id = t.id)",
                  "Plans": [
                    {
                      "Node Type": "Seq Scan",
                      "Parent Relationship": "Outer",
                      "Parallel Aware": true,
                      "Relation Name": "movie_info",
                      "Alias": "mi",
                      "Startup Cost": 0.0,
                      "Total Cost": 199108.24,
                      "Plan Rows": 1194621,
                      "Plan Width": 4,
                      "Actual Startup Time": 0.041,
                      "Actual Total Time": 436.383,
                      "Actual Rows": 980827,
                      "Actual Loops": 6,
                      "Filter": "(info_type_id < 7)",
                      "Rows Removed by Filter": 1491793
                    },
                    {
                      "Node Type": "Hash",
                      "Parent Relationship": "Inner",
                      "Parallel Aware": true,
                      "Startup Cost": 45479.59,
                      "Total Cost": 45479.59,
                      "Plan Rows": 55702,
                      "Plan Width": 4,
                      "Actual Startup Time": 117.747,
                      "Actual Total Time": 117.75,
                      "Actual Rows": 21592,
                      "Actual Loops": 6,
                      "Hash Buckets": 262144,
                      "Original Hash Buckets": 262144,
                      "Hash Batches": 1,
                      "Original Hash Batches": 1,
                      "Peak Memory Usage": 7200,
                      "Plans": [
                        {
                          "Node Type": "Seq Scan",
                          "Parent Relationship": "Outer",
                          "Parallel Aware": true,
                          "Relation Name": "title",
                          "Alias": "t",
                          "Startup Cost": 0.0,
                          "Total Cost": 45479.59,
                          "Plan Rows": 55702,
                          "Plan Width": 4,
                          "Actual Startup Time": 0.063,
                          "Actual Total Time": 103.977,
                          "Actual Rows": 21592,
                          "Actual Loops": 6,
                          "Filter": "((production_year < 1971) AND (kind_id = 7))",
                          "Rows Removed by Filter": 399793
                        }
                      ]
                    }
                  ]
                }
              ]
            }
          ]
        }
      ]
    },
    "Planning Time": 0.702,
    "Triggers": [],
    "Execution Time": 772.941
  }
]