[
  {
    "Plan": {
      "Node Type": "Aggregate",
      "Strategy": "Plain",
      "Partial Mode": "Finalize",
      "Parallel Aware": false,
      "Startup Cost": 62203.35,
      "Total Cost": 62203.36,
      "Plan Rows": 1,
      "Plan Width": 8,
      "Actual Startup Time": 205.322,
      "Actual Total Time": 219.532,
      "Actual Rows": 1,
      "Actual Loops": 1,
      "Plans": [
        {
          "Node Type": "Gather",
          "Parent Relationship": "Outer",
          "Parallel Aware": false,
          "Startup Cost": 62203.14,
          "Total Cost": 62203.35,
          "Plan Rows": 2,
          "Plan Width": 8,
          "Actual Startup Time": 204.781,
          "Actual Total Time": 219.523,
          "Actual Rows": 3,
          "Actual Loops": 1,
          "Workers Planned": 2,
          "Workers Launched": 2,
          "Single Copy": false,
          "Plans": [
            {
              "Node Type": "Aggregate",
              "Strategy": "Plain",
              "Partial Mode": "Partial",
              "Parent Relationship": "Outer",
              "Parallel Aware": false,
              "Startup Cost": 61203.14,
              "Total Cost": 61203.15,
              "Plan Rows": 1,
              "Plan Width": 8,
              "Actual Startup Time": 197.078,
              "Actual Total Time": 197.08,
              "Actual Rows": 1,
              "Actual Loops": 3,
              "Plans": [
                {
                  "Node Type": "Hash Join",
                  "Parent Relationship": "Outer",
                  "Parallel Aware": true,
                  "Join Type": "Inner",
                  "Startup Cost": 45567.1,
                  "Total Cost": 61197.75,
                  "Plan Rows": 2155,
                  "Plan Width": 0,
                  "Actual Startup Time": 157.674,
                  "Actual Total Time": 196.905,
                  "Actual Rows": 2616,
                  "Actual Loops": 3,
                  "Inner Unique": true,
                  "Hash Cond": "(mi_idx.movie_id = t.id)",
                  "Plans": [
                    {
                      "Node Type": "Seq Scan",
                      "Parent Relationship": "Outer",
                      "Parallel Aware": true,
                      "Relation Name": "movie_info_idx",
                      "Alias": "mi_idx",
                      "Startup Cost": 0.0,
                      "Total Cost": 15122.68,
                      "Plan Rows": 193512,
                      "Plan Width": 4,
                      "Actual Startup Time": 0.023,
                      "Actual Total Time": 42.038,
                      "Actual Rows": 153308,
                      "Actual Loops": 3,
                      "Filter": "(info_type_id = 100)",
                      "Rows Removed by Filter": 306703
                    },
                    {
                      "Node Type": "Hash",
                      "Parent Relationship": "Inner",
                      "Parallel Aware": true,
                      "Startup Cost": 45479.1,
                      "Total Cost": 45479.1,
                      "Plan Rows": 7040,
                      "Plan Width": 4,
                      "Actual Startup Time": 130.47,
                      "Actual Total Time": 130.471,
                      "Actual Rows": 36580,
                      "Actual Loops": 3,
                      "Hash Buckets": 131072,
                      "Original Hash Buckets": 32768,
                      "Hash Batches": 1,
                      "Original Hash Batches": 1,
                      "Peak Memory Usage": 6112,
                      "Plans": [
                        {
                          "Node Type": "Seq Scan",
                          "Parent Relationship": "Outer",
                          "Parallel Aware": true,
                          "Relation Name": "title",
                          "Alias": "t",
                          "Startup Cost": 0.0,
                          "Total Cost": 45479.1,
                          "Plan Rows": 7040,
                          "Plan Width": 4,
                          "Actual Startup Time": 74.256,
                          "Actual Total Time": 118.944,
                          "Actual Rows": 36580,
                          "Actual Loops": 3,
                          "Filter": "((production_year < 1928) AND (kind_id = 1))",
                          "Rows Removed by Filter": 806191
                        }
                      ]
                    }
                  ]
                }
              ]
            }
          ]
        }
      ]
    },
    "Planning Time": 0.597,
    "Triggers": [],
    "Execution Time": 219.601
  }
]