{
  "Plan": {
    "Node Type": "Aggregate",
    "Strategy": "Plain",
    "Partial Mode": "Finalize",
    "Parallel Aware": false,
    "Startup Cost": 336074.56,
    "Total Cost": 336074.57,
    "Plan Rows": 1,
    "Plan Width": 8,
    "Actual Startup Time": 1980.677,
    "Actual Total Time": 2008.082,
    "Actual Rows": 1,
    "Actual Loops": 1,
    "Plans": [
      {
        "Node Type": "Gather",
        "Parent Relationship": "Outer",
        "Parallel Aware": false,
        "Startup Cost": 336074.45,
        "Total Cost": 336074.56,
        "Plan Rows": 1,
        "Plan Width": 8,
        "Actual Startup Time": 1974.821,
        "Actual Total Time": 2008.072,
        "Actual Rows": 2,
        "Actual Loops": 1,
        "Workers Planned": 1,
        "Workers Launched": 1,
        "Single Copy": false,
        "Plans": [
          {
            "Node Type": "Aggregate",
            "Strategy": "Plain",
            "Partial Mode": "Partial",
            "Parent Relationship": "Outer",
            "Parallel Aware": false,
            "Startup Cost": 335074.45,
            "Total Cost": 335074.46,
            "Plan Rows": 1,
            "Plan Width": 8,
            "Actual Startup Time": 1967.153,
            "Actual Total Time": 1968.535,
            "Actual Rows": 1,
            "Actual Loops": 2,
            "Plans": [
              {
                "Node Type": "Hash Join",
                "Parent Relationship": "Outer",
                "Parallel Aware": true,
                "Join Type": "Inner",
                "Startup Cost": 157106.04,
                "Total Cost": 333691.4,
                "Plan Rows": 553219,
                "Plan Width": 0,
                "Actual Startup Time": 945.415,
                "Actual Total Time": 1655.935,
                "Actual Rows": 8122680,
                "Actual Loops": 2,
                "Inner Unique": false,
                "Hash Cond": "(mi.movie_id = t.id)",
                "Plans": [
                  {
                    "Node Type": "Bitmap Heap Scan",
                    "Parent Relationship": "Outer",
                    "Parallel Aware": true,
                    "Relation Name": "movie_info",
                    "Alias": "mi",
                    "Startup Cost": 21489.04,
                    "Total Cost": 192203.68,
                    "Plan Rows": 697731,
                    "Plan Width": 4,
                    "Actual Startup Time": 46.117,
                    "Actual Total Time": 141.812,
                    "Actual Rows": 570618,
                    "Actual Loops": 2,
                    "Recheck Cond": "(info_type_id > 54)",
                    "Rows Removed by Index Recheck": 0,
                    "Exact Heap Blocks": 17919,
                    "Lossy Heap Blocks": 0,
                    "Plans": [
                      {
                        "Node Type": "Bitmap Index Scan",
                        "Parent Relationship": "Outer",
                        "Parallel Aware": false,
                        "Index Name": "info_type_id_movie_info",
                        "Startup Cost": 0.0,
                        "Total Cost": 21192.51,
                        "Plan Rows": 1186143,
                        "Plan Width": 0,
                        "Actual Startup Time": 40.601,
                        "Actual Total Time": 40.602,
                        "Actual Rows": 1141235,
                        "Actual Loops": 1,
                        "Index Cond": "(info_type_id > 54)"
                      }
                    ]
                  },
                  {
                    "Node Type": "Hash",
                    "Parent Relationship": "Inner",
                    "Parallel Aware": true,
                    "Startup Cost": 120877.0,
                    "Total Cost": 120877.0,
                    "Plan Rows": 1179200,
                    "Plan Width": 8,
                    "Actual Startup Time": 870.439,
                    "Actual Total Time": 871.819,
                    "Actual Rows": 714145,
                    "Actual Loops": 2,
                    "Hash Buckets": 2097152,
                    "Original Hash Buckets": 2097152,
                    "Hash Batches": 1,
                    "Original Hash Batches": 1,
                    "Peak Memory Usage": 72288,
                    "Plans": [
                      {
                        "Node Type": "Hash Join",
                        "Parent Relationship": "Outer",
                        "Parallel Aware": true,
                        "Join Type": "Inner",
                        "Startup Cost": 62826.15,
                        "Total Cost": 120877.0,
                        "Plan Rows": 1179200,
                        "Plan Width": 8,
                        "Actual Startup Time": 325.821,
                        "Actual Total Time": 745.341,
                        "Actual Rows": 714145,
                        "Actual Loops": 2,
                        "Inner Unique": true,
                        "Hash Cond": "(mk.movie_id = t.id)",
                        "Plans": [
                          {
                            "Node Type": "Seq Scan",
                            "Parent Relationship": "Outer",
                            "Parallel Aware": true,
                            "Relation Name": "movie_keyword",
                            "Alias": "mk",
                            "Startup Cost": 0.0,
                            "Total Cost": 51065.35,
                            "Plan Rows": 2661135,
                            "Plan Width": 4,
                            "Actual Startup Time": 0.013,
                            "Actual Total Time": 158.314,
                            "Actual Rows": 2261965,
                            "Actual Loops": 2
                          },
                          {
                            "Node Type": "Hash",
                            "Parent Relationship": "Inner",
                            "Parallel Aware": true,
                            "Startup Cost": 54588.39,
                            "Total Cost": 54588.39,
                            "Plan Rows": 659021,
                            "Plan Width": 4,
                            "Actual Startup Time": 318.191,
                            "Actual Total Time": 318.192,
                            "Actual Rows": 553962,
                            "Actual Loops": 2,
                            "Hash Buckets": 2097152,
                            "Original Hash Buckets": 2097152,
                            "Hash Batches": 1,
                            "Original Hash Batches": 1,
                            "Peak Memory Usage": 59776,
                            "Plans": [
                              {
                                "Node Type": "Seq Scan",
                                "Parent Relationship": "Outer",
                                "Parallel Aware": true,
                                "Relation Name": "title",
                                "Alias": "t",
                                "Startup Cost": 0.0,
                                "Total Cost": 54588.39,
                                "Plan Rows": 659021,
                                "Plan Width": 4,
                                "Actual Startup Time": 0.03,
                                "Actual Total Time": 161.273,
                                "Actual Rows": 553962,
                                "Actual Loops": 2,
                                "Filter": "(production_year > 2004)",
                                "Rows Removed by Filter": 710194
                              }
                            ]
                          }
                        ]
                      }
                    ]
                  }
                ]
              }
            ]
          }
        ]
      }
    ]
  },
  "Planning Time": 0.991,
  "Triggers": [],
  "Execution Time": 2008.184
}