[
  {
    "Plan": {
      "Node Type": "Aggregate",
      "Strategy": "Plain",
      "Partial Mode": "Finalize",
      "Parallel Aware": false,
      "Startup Cost": 32839.0,
      "Total Cost": 32839.01,
      "Plan Rows": 1,
      "Plan Width": 8,
      "Actual Startup Time": 93.42,
      "Actual Total Time": 101.944,
      "Actual Rows": 1,
      "Actual Loops": 1,
      "Plans": [
        {
          "Node Type": "Gather",
          "Parent Relationship": "Outer",
          "Parallel Aware": false,
          "Startup Cost": 32838.68,
          "Total Cost": 32838.99,
          "Plan Rows": 3,
          "Plan Width": 8,
          "Actual Startup Time": 93.275,
          "Actual Total Time": 101.935,
          "Actual Rows": 4,
          "Actual Loops": 1,
          "Workers Planned": 3,
          "Workers Launched": 3,
          "Single Copy": false,
          "Plans": [
            {
              "Node Type": "Aggregate",
              "Strategy": "Plain",
              "Partial Mode": "Partial",
              "Parent Relationship": "Outer",
              "Parallel Aware": false,
              "Startup Cost": 31838.68,
              "Total Cost": 31838.69,
              "Plan Rows": 1,
              "Plan Width": 8,
              "Actual Startup Time": 84.497,
              "Actual Total Time": 84.499,
              "Actual Rows": 1,
              "Actual Loops": 4,
              "Plans": [
                {
                  "Node Type": "Seq Scan",
                  "Parent Relationship": "Outer",
                  "Parallel Aware": true,
                  "Relation Name": "movie_companies",
                  "Alias": "mc",
                  "Startup Cost": 0.0,
                  "Total Cost": 31414.82,
                  "Plan Rows": 169544,
                  "Plan Width": 0,
                  "Actual Startup Time": 24.057,
                  "Actual Total Time": 81.413,
                  "Actual Rows": 56580,
                  "Actual Loops": 4,
                  "Filter": "((company_id > 14580) AND (company_type_id < 2))",
                  "Rows Removed by Filter": 595702
                }
              ]
            }
          ]
        }
      ]
    },
    "Planning Time": 0.255,
    "Triggers": [],
    "Execution Time": 102.0
  }
]