[
    {
        "Bao": {
            "Bao prediction": "NaN",
            "Bao recommended hint": "(no hint)"
        }
    },
    {
        "Plan": {
            "Node Type": "Aggregate",
            "Strategy": "Plain",
            "Partial Mode": "Finalize",
            "Parallel Aware": false,
            "Startup Cost": 307599.09,
            "Total Cost": 307599.1,
            "Plan Rows": 1,
            "Plan Width": 8,
            "Actual Startup Time": 1775.802,
            "Actual Total Time": 1816.641,
            "Actual Rows": 1,
            "Actual Loops": 1,
            "Output": [
                "count(*)"
            ],
            "Plans": [
                {
                    "Node Type": "Gather",
                    "Parent Relationship": "Outer",
                    "Parallel Aware": false,
                    "Startup Cost": 307598.78,
                    "Total Cost": 307599.09,
                    "Plan Rows": 3,
                    "Plan Width": 8,
                    "Actual Startup Time": 1761.811,
                    "Actual Total Time": 1816.628,
                    "Actual Rows": 4,
                    "Actual Loops": 1,
                    "Output": [
                        "(PARTIAL count(*))"
                    ],
                    "Workers Planned": 3,
                    "Workers Launched": 3,
                    "Single Copy": false,
                    "Plans": [
                        {
                            "Node Type": "Aggregate",
                            "Strategy": "Plain",
                            "Partial Mode": "Partial",
                            "Parent Relationship": "Outer",
                            "Parallel Aware": false,
                            "Startup Cost": 306598.78,
                            "Total Cost": 306598.79,
                            "Plan Rows": 1,
                            "Plan Width": 8,
                            "Actual Startup Time": 1745.31,
                            "Actual Total Time": 1745.616,
                            "Actual Rows": 1,
                            "Actual Loops": 4,
                            "Output": [
                                "PARTIAL count(*)"
                            ],
                            "Workers": [
                                {
                                    "Worker Number": 0,
                                    "Actual Startup Time": 1739.555,
                                    "Actual Total Time": 1739.56,
                                    "Actual Rows": 1,
                                    "Actual Loops": 1
                                },
                                {
                                    "Worker Number": 1,
                                    "Actual Startup Time": 1740.832,
                                    "Actual Total Time": 1740.837,
                                    "Actual Rows": 1,
                                    "Actual Loops": 1
                                },
                                {
                                    "Worker Number": 2,
                                    "Actual Startup Time": 1739.644,
                                    "Actual Total Time": 1739.65,
                                    "Actual Rows": 1,
                                    "Actual Loops": 1
                                }
                            ],
                            "Plans": [
                                {
                                    "Node Type": "Hash Join",
                                    "Parent Relationship": "Outer",
                                    "Parallel Aware": true,
                                    "Join Type": "Inner",
                                    "Startup Cost": 257064.98,
                                    "Total Cost": 304486.53,
                                    "Plan Rows": 844900,
                                    "Plan Width": 0,
                                    "Actual Startup Time": 1397.959,
                                    "Actual Total Time": 1706.696,
                                    "Actual Rows": 614292,
                                    "Actual Loops": 4,
                                    "Inner Unique": false,
                                    "Hash Cond": "(mk.movie_id = t.id)",
                                    "Workers": [
                                        {
                                            "Worker Number": 0,
                                            "Actual Startup Time": 1392.498,
                                            "Actual Total Time": 1700.434,
                                            "Actual Rows": 611691,
                                            "Actual Loops": 1
                                        },
                                        {
                                            "Worker Number": 1,
                                            "Actual Startup Time": 1392.481,
                                            "Actual Total Time": 1701.869,
                                            "Actual Rows": 610128,
                                            "Actual Loops": 1
                                        },
                                        {
                                            "Worker Number": 2,
                                            "Actual Startup Time": 1392.655,
                                            "Actual Total Time": 1701.238,
                                            "Actual Rows": 600267,
                                            "Actual Loops": 1
                                        }
                                    ],
                                    "Plans": [
                                        {
                                            "Node Type": "Seq Scan",
                                            "Parent Relationship": "Outer",
                                            "Parallel Aware": true,
                                            "Relation Name": "movie_keyword",
                                            "Schema": "public",
                                            "Alias": "mk",
                                            "Startup Cost": 0.0,
                                            "Total Cost": 42695.65,
                                            "Plan Rows": 809624,
                                            "Plan Width": 4,
                                            "Actual Startup Time": 0.016,
                                            "Actual Total Time": 147.527,
                                            "Actual Rows": 631651,
                                            "Actual Loops": 4,
                                            "Output": [
                                                "mk.id",
                                                "mk.movie_id",
                                                "mk.keyword_id"
                                            ],
                                            "Filter": "(mk.keyword_id < 6267)",
                                            "Rows Removed by Filter": 499332,
                                            "Workers": [
                                                {
                                                    "Worker Number": 0,
                                                    "Actual Startup Time": 0.016,
                                                    "Actual Total Time": 149.367,
                                                    "Actual Rows": 621298,
                                                    "Actual Loops": 1
                                                },
                                                {
                                                    "Worker Number": 1,
                                                    "Actual Startup Time": 0.015,
                                                    "Actual Total Time": 149.781,
                                                    "Actual Rows": 621416,
                                                    "Actual Loops": 1
                                                },
                                                {
                                                    "Worker Number": 2,
                                                    "Actual Startup Time": 0.016,
                                                    "Actual Total Time": 150.574,
                                                    "Actual Rows": 627969,
                                                    "Actual Loops": 1
                                                }
                                            ]
                                        },
                                        {
                                            "Node Type": "Hash",
                                            "Parent Relationship": "Inner",
                                            "Parallel Aware": true,
                                            "Startup Cost": 250468.77,
                                            "Total Cost": 250468.77,
                                            "Plan Rows": 527697,
                                            "Plan Width": 8,
                                            "Actual Startup Time": 1386.446,
                                            "Actual Total Time": 1386.751,
                                            "Actual Rows": 361742,
                                            "Actual Loops": 4,
                                            "Output": [
                                                "t.id",
                                                "mi.movie_id"
                                            ],
                                            "Hash Buckets": 4194304,
                                            "Original Hash Buckets": 4194304,
                                            "Hash Batches": 1,
                                            "Original Hash Batches": 1,
                                            "Peak Memory Usage": 89440,
                                            "Workers": [
                                                {
                                                    "Worker Number": 0,
                                                    "Actual Startup Time": 1391.658,
                                                    "Actual Total Time": 1391.662,
                                                    "Actual Rows": 361730,
                                                    "Actual Loops": 1
                                                },
                                                {
                                                    "Worker Number": 1,
                                                    "Actual Startup Time": 1391.677,
                                                    "Actual Total Time": 1391.681,
                                                    "Actual Rows": 359239,
                                                    "Actual Loops": 1
                                                },
                                                {
                                                    "Worker Number": 2,
                                                    "Actual Startup Time": 1391.699,
                                                    "Actual Total Time": 1391.703,
                                                    "Actual Rows": 362342,
                                                    "Actual Loops": 1
                                                }
                                            ],
                                            "Plans": [
                                                {
                                                    "Node Type": "Hash Join",
                                                    "Parent Relationship": "Outer",
                                                    "Parallel Aware": true,
                                                    "Join Type": "Inner",
                                                    "Startup Cost": 49702.03,
                                                    "Total Cost": 250468.77,
                                                    "Plan Rows": 527697,
                                                    "Plan Width": 8,
                                                    "Actual Startup Time": 383.495,
                                                    "Actual Total Time": 1203.521,
                                                    "Actual Rows": 361742,
                                                    "Actual Loops": 4,
                                                    "Output": [
                                                        "t.id",
                                                        "mi.movie_id"
                                                    ],
                                                    "Inner Unique": true,
                                                    "Hash Cond": "(mi.movie_id = t.id)",
                                                    "Workers": [
                                                        {
                                                            "Worker Number": 0,
                                                            "Actual Startup Time": 383.459,
                                                            "Actual Total Time": 1204.157,
                                                            "Actual Rows": 361730,
                                                            "Actual Loops": 1
                                                        },
                                                        {
                                                            "Worker Number": 1,
                                                            "Actual Startup Time": 383.463,
                                                            "Actual Total Time": 1203.386,
                                                            "Actual Rows": 359239,
                                                            "Actual Loops": 1
                                                        },
                                                        {
                                                            "Worker Number": 2,
                                                            "Actual Startup Time": 383.469,
                                                            "Actual Total Time": 1203.608,
                                                            "Actual Rows": 362342,
                                                            "Actual Loops": 1
                                                        }
                                                    ],
                                                    "Plans": [
                                                        {
                                                            "Node Type": "Seq Scan",
                                                            "Parent Relationship": "Outer",
                                                            "Parallel Aware": true,
                                                            "Relation Name": "movie_info",
                                                            "Schema": "public",
                                                            "Alias": "mi",
                                                            "Startup Cost": 0.0,
                                                            "Total Cost": 198880.74,
                                                            "Plan Rows": 718477,
                                                            "Plan Width": 4,
                                                            "Actual Startup Time": 46.066,
                                                            "Actual Total Time": 496.96,
                                                            "Actual Rows": 906244,
                                                            "Actual Loops": 4,
                                                            "Output": [
                                                                "mi.id",
                                                                "mi.movie_id",
                                                                "mi.info_type_id",
                                                                "mi.info",
                                                                "mi.note"
                                                            ],
                                                            "Filter": "(mi.info_type_id < 4)",
                                                            "Rows Removed by Filter": 2802686,
                                                            "Workers": [
                                                                {
                                                                    "Worker Number": 0,
                                                                    "Actual Startup Time": 46.081,
                                                                    "Actual Total Time": 501.441,
                                                                    "Actual Rows": 906424,
                                                                    "Actual Loops": 1
                                                                },
                                                                {
                                                                    "Worker Number": 1,
                                                                    "Actual Startup Time": 46.067,
                                                                    "Actual Total Time": 500.549,
                                                                    "Actual Rows": 899948,
                                                                    "Actual Loops": 1
                                                                },
                                                                {
                                                                    "Worker Number": 2,
                                                                    "Actual Startup Time": 46.072,
                                                                    "Actual Total Time": 501.014,
                                                                    "Actual Rows": 903897,
                                                                    "Actual Loops": 1
                                                                }
                                                            ]
                                                        },
                                                        {
                                                            "Node Type": "Hash",
                                                            "Parent Relationship": "Inner",
                                                            "Parallel Aware": true,
                                                            "Startup Cost": 43899.01,
                                                            "Total Cost": 43899.01,
                                                            "Plan Rows": 464242,
                                                            "Plan Width": 4,
                                                            "Actual Startup Time": 333.371,
                                                            "Actual Total Time": 333.372,
                                                            "Actual Rows": 466372,
                                                            "Actual Loops": 4,
                                                            "Output": [
                                                                "t.id"
                                                            ],
                                                            "Hash Buckets": 2097152,
                                                            "Original Hash Buckets": 2097152,
                                                            "Hash Batches": 1,
                                                            "Original Hash Batches": 1,
                                                            "Peak Memory Usage": 89440,
                                                            "Workers": [
                                                                {
                                                                    "Worker Number": 0,
                                                                    "Actual Startup Time": 337.323,
                                                                    "Actual Total Time": 337.325,
                                                                    "Actual Rows": 451397,
                                                                    "Actual Loops": 1
                                                                },
                                                                {
                                                                    "Worker Number": 1,
                                                                    "Actual Startup Time": 337.307,
                                                                    "Actual Total Time": 337.308,
                                                                    "Actual Rows": 449413,
                                                                    "Actual Loops": 1
                                                                },
                                                                {
                                                                    "Worker Number": 2,
                                                                    "Actual Startup Time": 337.284,
                                                                    "Actual Total Time": 337.286,
                                                                    "Actual Rows": 449279,
                                                                    "Actual Loops": 1
                                                                }
                                                            ],
                                                            "Plans": [
                                                                {
                                                                    "Node Type": "Seq Scan",
                                                                    "Parent Relationship": "Outer",
                                                                    "Parallel Aware": true,
                                                                    "Relation Name": "title",
                                                                    "Schema": "public",
                                                                    "Alias": "t",
                                                                    "Startup Cost": 0.0,
                                                                    "Total Cost": 43899.01,
                                                                    "Plan Rows": 464242,
                                                                    "Plan Width": 4,
                                                                    "Actual Startup Time": 0.054,
                                                                    "Actual Total Time": 132.895,
                                                                    "Actual Rows": 466372,
                                                                    "Actual Loops": 4,
                                                                    "Output": [
                                                                        "t.id"
                                                                    ],
                                                                    "Filter": "(t.kind_id > 1)",
                                                                    "Rows Removed by Filter": 165706,
                                                                    "Workers": [
                                                                        {
                                                                            "Worker Number": 0,
                                                                            "Actual Startup Time": 0.066,
                                                                            "Actual Total Time": 137.372,
                                                                            "Actual Rows": 451397,
                                                                            "Actual Loops": 1
                                                                        },
                                                                        {
                                                                            "Worker Number": 1,
                                                                            "Actual Startup Time": 0.068,
                                                                            "Actual Total Time": 137.322,
                                                                            "Actual Rows": 449413,
                                                                            "Actual Loops": 1
                                                                        },
                                                                        {
                                                                            "Worker Number": 2,
                                                                            "Actual Startup Time": 0.066,
                                                                            "Actual Total Time": 137.017,
                                                                            "Actual Rows": 449279,
                                                                            "Actual Loops": 1
                                                                        }
                                                                    ]
                                                                }
                                                            ]
                                                        }
                                                    ]
                                                }
                                            ]
                                        }
                                    ]
                                }
                            ]
                        }
                    ]
                }
            ]
        },
        "Planning Time": 307.385,
        "Triggers": [],
        "Execution Time": 1816.737
    }
]