[
    {
        "Bao": {
            "Bao prediction": "NaN",
            "Bao recommended hint": "(no hint)"
        }
    },
    {
        "Plan": {
            "Node Type": "Aggregate",
            "Strategy": "Plain",
            "Partial Mode": "Finalize",
            "Parallel Aware": false,
            "Startup Cost": 173494.84,
            "Total Cost": 173494.85,
            "Plan Rows": 1,
            "Plan Width": 8,
            "Actual Startup Time": 404.345,
            "Actual Total Time": 428.488,
            "Actual Rows": 1,
            "Actual Loops": 1,
            "Output": [
                "count(*)"
            ],
            "Plans": [
                {
                    "Node Type": "Gather",
                    "Parent Relationship": "Outer",
                    "Parallel Aware": false,
                    "Startup Cost": 173494.31,
                    "Total Cost": 173494.82,
                    "Plan Rows": 5,
                    "Plan Width": 8,
                    "Actual Startup Time": 403.174,
                    "Actual Total Time": 428.479,
                    "Actual Rows": 6,
                    "Actual Loops": 1,
                    "Output": [
                        "(PARTIAL count(*))"
                    ],
                    "Workers Planned": 5,
                    "Workers Launched": 5,
                    "Single Copy": false,
                    "Plans": [
                        {
                            "Node Type": "Aggregate",
                            "Strategy": "Plain",
                            "Partial Mode": "Partial",
                            "Parent Relationship": "Outer",
                            "Parallel Aware": false,
                            "Startup Cost": 172494.31,
                            "Total Cost": 172494.32,
                            "Plan Rows": 1,
                            "Plan Width": 8,
                            "Actual Startup Time": 393.13,
                            "Actual Total Time": 393.173,
                            "Actual Rows": 1,
                            "Actual Loops": 6,
                            "Output": [
                                "PARTIAL count(*)"
                            ],
                            "Workers": [
                                {
                                    "Worker Number": 0,
                                    "Actual Startup Time": 390.173,
                                    "Actual Total Time": 390.176,
                                    "Actual Rows": 1,
                                    "Actual Loops": 1
                                },
                                {
                                    "Worker Number": 1,
                                    "Actual Startup Time": 391.247,
                                    "Actual Total Time": 391.25,
                                    "Actual Rows": 1,
                                    "Actual Loops": 1
                                },
                                {
                                    "Worker Number": 2,
                                    "Actual Startup Time": 391.383,
                                    "Actual Total Time": 391.387,
                                    "Actual Rows": 1,
                                    "Actual Loops": 1
                                },
                                {
                                    "Worker Number": 3,
                                    "Actual Startup Time": 391.587,
                                    "Actual Total Time": 391.59,
                                    "Actual Rows": 1,
                                    "Actual Loops": 1
                                },
                                {
                                    "Worker Number": 4,
                                    "Actual Startup Time": 391.58,
                                    "Actual Total Time": 391.584,
                                    "Actual Rows": 1,
                                    "Actual Loops": 1
                                }
                            ],
                            "Plans": [
                                {
                                    "Node Type": "Nested Loop",
                                    "Parent Relationship": "Outer",
                                    "Parallel Aware": false,
                                    "Join Type": "Inner",
                                    "Startup Cost": 45729.72,
                                    "Total Cost": 172468.28,
                                    "Plan Rows": 10415,
                                    "Plan Width": 0,
                                    "Actual Startup Time": 88.266,
                                    "Actual Total Time": 391.189,
                                    "Actual Rows": 30422,
                                    "Actual Loops": 6,
                                    "Inner Unique": false,
                                    "Join Filter": "(t.id = mi.movie_id)",
                                    "Rows Removed by Join Filter": 0,
                                    "Workers": [
                                        {
                                            "Worker Number": 0,
                                            "Actual Startup Time": 84.868,
                                            "Actual Total Time": 388.28,
                                            "Actual Rows": 27300,
                                            "Actual Loops": 1
                                        },
                                        {
                                            "Worker Number": 1,
                                            "Actual Startup Time": 85.89,
                                            "Actual Total Time": 388.921,
                                            "Actual Rows": 22651,
                                            "Actual Loops": 1
                                        },
                                        {
                                            "Worker Number": 2,
                                            "Actual Startup Time": 86.594,
                                            "Actual Total Time": 389.361,
                                            "Actual Rows": 31266,
                                            "Actual Loops": 1
                                        },
                                        {
                                            "Worker Number": 3,
                                            "Actual Startup Time": 86.822,
                                            "Actual Total Time": 389.644,
                                            "Actual Rows": 30181,
                                            "Actual Loops": 1
                                        },
                                        {
                                            "Worker Number": 4,
                                            "Actual Startup Time": 87.069,
                                            "Actual Total Time": 389.473,
                                            "Actual Rows": 33581,
                                            "Actual Loops": 1
                                        }
                                    ],
                                    "Plans": [
                                        {
                                            "Node Type": "Hash Join",
                                            "Parent Relationship": "Outer",
                                            "Parallel Aware": true,
                                            "Join Type": "Inner",
                                            "Startup Cost": 45729.29,
                                            "Total Cost": 161727.22,
                                            "Plan Rows": 3635,
                                            "Plan Width": 8,
                                            "Actual Startup Time": 88.2,
                                            "Actual Total Time": 293.43,
                                            "Actual Rows": 2306,
                                            "Actual Loops": 6,
                                            "Output": [
                                                "t.id",
                                                "ci.movie_id"
                                            ],
                                            "Inner Unique": true,
                                            "Hash Cond": "(ci.movie_id = t.id)",
                                            "Workers": [
                                                {
                                                    "Worker Number": 0,
                                                    "Actual Startup Time": 84.796,
                                                    "Actual Total Time": 290.36,
                                                    "Actual Rows": 2111,
                                                    "Actual Loops": 1
                                                },
                                                {
                                                    "Worker Number": 1,
                                                    "Actual Startup Time": 85.786,
                                                    "Actual Total Time": 279.937,
                                                    "Actual Rows": 1757,
                                                    "Actual Loops": 1
                                                },
                                                {
                                                    "Worker Number": 2,
                                                    "Actual Startup Time": 86.538,
                                                    "Actual Total Time": 287.272,
                                                    "Actual Rows": 2303,
                                                    "Actual Loops": 1
                                                },
                                                {
                                                    "Worker Number": 3,
                                                    "Actual Startup Time": 86.757,
                                                    "Actual Total Time": 289.473,
                                                    "Actual Rows": 2363,
                                                    "Actual Loops": 1
                                                },
                                                {
                                                    "Worker Number": 4,
                                                    "Actual Startup Time": 86.999,
                                                    "Actual Total Time": 281.591,
                                                    "Actual Rows": 2475,
                                                    "Actual Loops": 1
                                                }
                                            ],
                                            "Plans": [
                                                {
                                                    "Node Type": "Index Scan",
                                                    "Parent Relationship": "Outer",
                                                    "Parallel Aware": true,
                                                    "Scan Direction": "Forward",
                                                    "Index Name": "role_id_cast_info",
                                                    "Relation Name": "cast_info",
                                                    "Schema": "public",
                                                    "Alias": "ci",
                                                    "Startup Cost": 0.56,
                                                    "Total Cost": 115696.32,
                                                    "Plan Rows": 115117,
                                                    "Plan Width": 4,
                                                    "Actual Startup Time": 0.191,
                                                    "Actual Total Time": 135.09,
                                                    "Actual Rows": 417742,
                                                    "Actual Loops": 6,
                                                    "Output": [
                                                        "ci.id",
                                                        "ci.person_id",
                                                        "ci.movie_id",
                                                        "ci.person_role_id",
                                                        "ci.note",
                                                        "ci.nr_order",
                                                        "ci.role_id"
                                                    ],
                                                    "Index Cond": "(ci.role_id = 10)",
                                                    "Rows Removed by Index Recheck": 0,
                                                    "Filter": "(ci.person_id > 3185097)",
                                                    "Rows Removed by Filter": 302762,
                                                    "Workers": [
                                                        {
                                                            "Worker Number": 0,
                                                            "Actual Startup Time": 0.133,
                                                            "Actual Total Time": 138.042,
                                                            "Actual Rows": 409655,
                                                            "Actual Loops": 1
                                                        },
                                                        {
                                                            "Worker Number": 1,
                                                            "Actual Startup Time": 0.268,
                                                            "Actual Total Time": 131.222,
                                                            "Actual Rows": 273200,
                                                            "Actual Loops": 1
                                                        },
                                                        {
                                                            "Worker Number": 2,
                                                            "Actual Startup Time": 0.102,
                                                            "Actual Total Time": 131.923,
                                                            "Actual Rows": 427676,
                                                            "Actual Loops": 1
                                                        },
                                                        {
                                                            "Worker Number": 3,
                                                            "Actual Startup Time": 0.243,
                                                            "Actual Total Time": 133.961,
                                                            "Actual Rows": 435515,
                                                            "Actual Loops": 1
                                                        },
                                                        {
                                                            "Worker Number": 4,
                                                            "Actual Startup Time": 0.165,
                                                            "Actual Total Time": 128.427,
                                                            "Actual Rows": 418379,
                                                            "Actual Loops": 1
                                                        }
                                                    ]
                                                },
                                                {
                                                    "Node Type": "Hash",
                                                    "Parent Relationship": "Inner",
                                                    "Parallel Aware": true,
                                                    "Startup Cost": 45479.21,
                                                    "Total Cost": 45479.21,
                                                    "Plan Rows": 19961,
                                                    "Plan Width": 4,
                                                    "Actual Startup Time": 86.884,
                                                    "Actual Total Time": 86.885,
                                                    "Actual Rows": 30065,
                                                    "Actual Loops": 6,
                                                    "Output": [
                                                        "t.id"
                                                    ],
                                                    "Hash Buckets": 262144,
                                                    "Original Hash Buckets": 131072,
                                                    "Hash Batches": 1,
                                                    "Original Hash Batches": 1,
                                                    "Peak Memory Usage": 10208,
                                                    "Workers": [
                                                        {
                                                            "Worker Number": 0,
                                                            "Actual Startup Time": 84.149,
                                                            "Actual Total Time": 84.15,
                                                            "Actual Rows": 28074,
                                                            "Actual Loops": 1
                                                        },
                                                        {
                                                            "Worker Number": 1,
                                                            "Actual Startup Time": 84.726,
                                                            "Actual Total Time": 84.727,
                                                            "Actual Rows": 20271,
                                                            "Actual Loops": 1
                                                        },
                                                        {
                                                            "Worker Number": 2,
                                                            "Actual Startup Time": 85.348,
                                                            "Actual Total Time": 85.349,
                                                            "Actual Rows": 30603,
                                                            "Actual Loops": 1
                                                        },
                                                        {
                                                            "Worker Number": 3,
                                                            "Actual Startup Time": 85.518,
                                                            "Actual Total Time": 85.519,
                                                            "Actual Rows": 30795,
                                                            "Actual Loops": 1
                                                        },
                                                        {
                                                            "Worker Number": 4,
                                                            "Actual Startup Time": 85.484,
                                                            "Actual Total Time": 85.485,
                                                            "Actual Rows": 30731,
                                                            "Actual Loops": 1
                                                        }
                                                    ],
                                                    "Plans": [
                                                        {
                                                            "Node Type": "Seq Scan",
                                                            "Parent Relationship": "Outer",
                                                            "Parallel Aware": true,
                                                            "Relation Name": "title",
                                                            "Schema": "public",
                                                            "Alias": "t",
                                                            "Startup Cost": 0.0,
                                                            "Total Cost": 45479.21,
                                                            "Plan Rows": 19961,
                                                            "Plan Width": 4,
                                                            "Actual Startup Time": 0.559,
                                                            "Actual Total Time": 72.092,
                                                            "Actual Rows": 30065,
                                                            "Actual Loops": 6,
                                                            "Output": [
                                                                "t.id"
                                                            ],
                                                            "Filter": "((t.kind_id < 7) AND (t.production_year < 1956))",
                                                            "Rows Removed by Filter": 391320,
                                                            "Workers": [
                                                                {
                                                                    "Worker Number": 0,
                                                                    "Actual Startup Time": 0.92,
                                                                    "Actual Total Time": 70.13,
                                                                    "Actual Rows": 28074,
                                                                    "Actual Loops": 1
                                                                },
                                                                {
                                                                    "Worker Number": 1,
                                                                    "Actual Startup Time": 0.818,
                                                                    "Actual Total Time": 70.337,
                                                                    "Actual Rows": 20271,
                                                                    "Actual Loops": 1
                                                                },
                                                                {
                                                                    "Worker Number": 2,
                                                                    "Actual Startup Time": 0.289,
                                                                    "Actual Total Time": 71.068,
                                                                    "Actual Rows": 30603,
                                                                    "Actual Loops": 1
                                                                },
                                                                {
                                                                    "Worker Number": 3,
                                                                    "Actual Startup Time": 0.065,
                                                                    "Actual Total Time": 71.347,
                                                                    "Actual Rows": 30795,
                                                                    "Actual Loops": 1
                                                                },
                                                                {
                                                                    "Worker Number": 4,
                                                                    "Actual Startup Time": 1.102,
                                                                    "Actual Total Time": 70.99,
                                                                    "Actual Rows": 30731,
                                                                    "Actual Loops": 1
                                                                }
                                                            ]
                                                        }
                                                    ]
                                                }
                                            ]
                                        },
                                        {
                                            "Node Type": "Index Scan",
                                            "Parent Relationship": "Inner",
                                            "Parallel Aware": false,
                                            "Scan Direction": "Forward",
                                            "Index Name": "movie_id_movie_info",
                                            "Relation Name": "movie_info",
                                            "Schema": "public",
                                            "Alias": "mi",
                                            "Startup Cost": 0.43,
                                            "Total Cost": 2.72,
                                            "Plan Rows": 19,
                                            "Plan Width": 4,
                                            "Actual Startup Time": 0.012,
                                            "Actual Total Time": 0.041,
                                            "Actual Rows": 13,
                                            "Actual Loops": 13833,
                                            "Output": [
                                                "mi.id",
                                                "mi.movie_id",
                                                "mi.info_type_id",
                                                "mi.info",
                                                "mi.note"
                                            ],
                                            "Index Cond": "(mi.movie_id = ci.movie_id)",
                                            "Rows Removed by Index Recheck": 0,
                                            "Filter": "(mi.info_type_id < 8)",
                                            "Rows Removed by Filter": 25,
                                            "Workers": [
                                                {
                                                    "Worker Number": 0,
                                                    "Actual Startup Time": 0.013,
                                                    "Actual Total Time": 0.044,
                                                    "Actual Rows": 13,
                                                    "Actual Loops": 2111
                                                },
                                                {
                                                    "Worker Number": 1,
                                                    "Actual Startup Time": 0.017,
                                                    "Actual Total Time": 0.059,
                                                    "Actual Rows": 13,
                                                    "Actual Loops": 1757
                                                },
                                                {
                                                    "Worker Number": 2,
                                                    "Actual Startup Time": 0.013,
                                                    "Actual Total Time": 0.042,
                                                    "Actual Rows": 14,
                                                    "Actual Loops": 2303
                                                },
                                                {
                                                    "Worker Number": 3,
                                                    "Actual Startup Time": 0.012,
                                                    "Actual Total Time": 0.041,
                                                    "Actual Rows": 13,
                                                    "Actual Loops": 2363
                                                },
                                                {
                                                    "Worker Number": 4,
                                                    "Actual Startup Time": 0.012,
                                                    "Actual Total Time": 0.042,
                                                    "Actual Rows": 14,
                                                    "Actual Loops": 2475
                                                }
                                            ]
                                        }
                                    ]
                                }
                            ]
                        }
                    ]
                }
            ]
        },
        "Planning Time": 186.905,
        "Triggers": [],
        "Execution Time": 428.558
    }
]