[
  {
    "Plan": {
      "Node Type": "Aggregate",
      "Strategy": "Plain",
      "Partial Mode": "Finalize",
      "Parallel Aware": false,
      "Startup Cost": 79563.66,
      "Total Cost": 79563.67,
      "Plan Rows": 1,
      "Plan Width": 8,
      "Actual Startup Time": 393.099,
      "Actual Total Time": 410.386,
      "Actual Rows": 1,
      "Actual Loops": 1,
      "Plans": [
        {
          "Node Type": "Gather",
          "Parent Relationship": "Outer",
          "Parallel Aware": false,
          "Startup Cost": 79563.24,
          "Total Cost": 79563.65,
          "Plan Rows": 4,
          "Plan Width": 8,
          "Actual Startup Time": 388.359,
          "Actual Total Time": 410.374,
          "Actual Rows": 5,
          "Actual Loops": 1,
          "Workers Planned": 4,
          "Workers Launched": 4,
          "Single Copy": false,
          "Plans": [
            {
              "Node Type": "Aggregate",
              "Strategy": "Plain",
              "Partial Mode": "Partial",
              "Parent Relationship": "Outer",
              "Parallel Aware": false,
              "Startup Cost": 78563.24,
              "Total Cost": 78563.25,
              "Plan Rows": 1,
              "Plan Width": 8,
              "Actual Startup Time": 378.992,
              "Actual Total Time": 379.131,
              "Actual Rows": 1,
              "Actual Loops": 5,
              "Plans": [
                {
                  "Node Type": "Hash Join",
                  "Parent Relationship": "Outer",
                  "Parallel Aware": true,
                  "Join Type": "Inner",
                  "Startup Cost": 32646.79,
                  "Total Cost": 78372.28,
                  "Plan Rows": 76382,
                  "Plan Width": 0,
                  "Actual Startup Time": 146.006,
                  "Actual Total Time": 372.097,
                  "Actual Rows": 121463,
                  "Actual Loops": 5,
                  "Inner Unique": false,
                  "Hash Cond": "(t.id = mc.movie_id)",
                  "Plans": [
                    {
                      "Node Type": "Seq Scan",
                      "Parent Relationship": "Outer",
                      "Parallel Aware": true,
                      "Relation Name": "title",
                      "Alias": "t",
                      "Startup Cost": 0.0,
                      "Total Cost": 42318.73,
                      "Plan Rows": 632073,
                      "Plan Width": 4,
                      "Actual Startup Time": 0.013,
                      "Actual Total Time": 75.757,
                      "Actual Rows": 505662,
                      "Actual Loops": 5
                    },
                    {
                      "Node Type": "Hash",
                      "Parent Relationship": "Inner",
                      "Parallel Aware": true,
                      "Startup Cost": 31414.82,
                      "Total Cost": 31414.82,
                      "Plan Rows": 98558,
                      "Plan Width": 4,
                      "Actual Startup Time": 142.928,
                      "Actual Total Time": 142.929,
                      "Actual Rows": 121463,
                      "Actual Loops": 5,
                      "Hash Buckets": 1048576,
                      "Original Hash Buckets": 524288,
                      "Hash Batches": 1,
                      "Original Hash Batches": 1,
                      "Peak Memory Usage": 36128,
                      "Plans": [
                        {
                          "Node Type": "Seq Scan",
                          "Parent Relationship": "Outer",
                          "Parallel Aware": true,
                          "Relation Name": "movie_companies",
                          "Alias": "mc",
                          "Startup Cost": 0.0,
                          "Total Cost": 31414.82,
                          "Plan Rows": 98558,
                          "Plan Width": 4,
                          "Actual Startup Time": 44.209,
                          "Actual Total Time": 81.713,
                          "Actual Rows": 121463,
                          "Actual Loops": 5,
                          "Filter": "((company_id > 63373) AND (company_type_id = 2))",
                          "Rows Removed by Filter": 400363
                        }
                      ]
                    }
                  ]
                }
              ]
            }
          ]
        }
      ]
    },
    "Planning Time": 0.635,
    "Triggers": [],
    "Execution Time": 410.455
  }
]