{
  "Plan": {
    "Node Type": "Aggregate",
    "Strategy": "Plain",
    "Partial Mode": "Finalize",
    "Parallel Aware": false,
    "Startup Cost": 165272.81,
    "Total Cost": 165272.82,
    "Plan Rows": 1,
    "Plan Width": 8,
    "Actual Startup Time": 1212.565,
    "Actual Total Time": 1234.46,
    "Actual Rows": 1,
    "Actual Loops": 1,
    "Plans": [
      {
        "Node Type": "Gather",
        "Parent Relationship": "Outer",
        "Parallel Aware": false,
        "Startup Cost": 165272.69,
        "Total Cost": 165272.8,
        "Plan Rows": 1,
        "Plan Width": 8,
        "Actual Startup Time": 1206.756,
        "Actual Total Time": 1234.45,
        "Actual Rows": 2,
        "Actual Loops": 1,
        "Workers Planned": 1,
        "Workers Launched": 1,
        "Single Copy": false,
        "Plans": [
          {
            "Node Type": "Aggregate",
            "Strategy": "Plain",
            "Partial Mode": "Partial",
            "Parent Relationship": "Outer",
            "Parallel Aware": false,
            "Startup Cost": 164272.69,
            "Total Cost": 164272.7,
            "Plan Rows": 1,
            "Plan Width": 8,
            "Actual Startup Time": 1201.561,
            "Actual Total Time": 1202.831,
            "Actual Rows": 1,
            "Actual Loops": 2,
            "Plans": [
              {
                "Node Type": "Hash Join",
                "Parent Relationship": "Outer",
                "Parallel Aware": true,
                "Join Type": "Inner",
                "Startup Cost": 94275.4,
                "Total Cost": 163007.42,
                "Plan Rows": 506108,
                "Plan Width": 0,
                "Actual Startup Time": 716.032,
                "Actual Total Time": 1165.649,
                "Actual Rows": 759617,
                "Actual Loops": 2,
                "Inner Unique": false,
                "Hash Cond": "(mk.movie_id = t.id)",
                "Plans": [
                  {
                    "Node Type": "Seq Scan",
                    "Parent Relationship": "Outer",
                    "Parallel Aware": true,
                    "Relation Name": "movie_keyword",
                    "Alias": "mk",
                    "Startup Cost": 0.0,
                    "Total Cost": 57718.19,
                    "Plan Rows": 2143125,
                    "Plan Width": 4,
                    "Actual Startup Time": 0.024,
                    "Actual Total Time": 230.461,
                    "Actual Rows": 1822972,
                    "Actual Loops": 2,
                    "Filter": "(keyword_id < 21015)",
                    "Rows Removed by Filter": 438993
                  },
                  {
                    "Node Type": "Hash",
                    "Parent Relationship": "Inner",
                    "Parallel Aware": true,
                    "Startup Cost": 89885.2,
                    "Total Cost": 89885.2,
                    "Plan Rows": 351216,
                    "Plan Width": 8,
                    "Actual Startup Time": 706.326,
                    "Actual Total Time": 707.593,
                    "Actual Rows": 235782,
                    "Actual Loops": 2,
                    "Hash Buckets": 1048576,
                    "Original Hash Buckets": 1048576,
                    "Hash Batches": 1,
                    "Original Hash Batches": 1,
                    "Peak Memory Usage": 26688,
                    "Plans": [
                      {
                        "Node Type": "Hash Join",
                        "Parent Relationship": "Outer",
                        "Parallel Aware": true,
                        "Join Type": "Inner",
                        "Startup Cost": 70383.76,
                        "Total Cost": 89885.2,
                        "Plan Rows": 351216,
                        "Plan Width": 8,
                        "Actual Startup Time": 442.978,
                        "Actual Total Time": 645.144,
                        "Actual Rows": 235782,
                        "Actual Loops": 2,
                        "Inner Unique": true,
                        "Hash Cond": "(mi_idx.movie_id = t.id)",
                        "Plans": [
                          {
                            "Node Type": "Seq Scan",
                            "Parent Relationship": "Outer",
                            "Parallel Aware": true,
                            "Relation Name": "movie_info_idx",
                            "Alias": "mi_idx",
                            "Startup Cost": 0.0,
                            "Total Cost": 18082.32,
                            "Plan Rows": 540622,
                            "Plan Width": 4,
                            "Actual Startup Time": 0.022,
                            "Actual Total Time": 75.436,
                            "Actual Rows": 459925,
                            "Actual Loops": 2,
                            "Filter": "(info_type_id < 101)",
                            "Rows Removed by Filter": 230092
                          },
                          {
                            "Node Type": "Hash",
                            "Parent Relationship": "Inner",
                            "Parallel Aware": true,
                            "Startup Cost": 58306.47,
                            "Total Cost": 58306.47,
                            "Plan Rows": 966183,
                            "Plan Width": 4,
                            "Actual Startup Time": 433.014,
                            "Actual Total Time": 433.015,
                            "Actual Rows": 814920,
                            "Actual Loops": 2,
                            "Hash Buckets": 2097152,
                            "Original Hash Buckets": 2097152,
                            "Hash Batches": 1,
                            "Original Hash Batches": 1,
                            "Peak Memory Usage": 80160,
                            "Plans": [
                              {
                                "Node Type": "Seq Scan",
                                "Parent Relationship": "Outer",
                                "Parallel Aware": true,
                                "Relation Name": "title",
                                "Alias": "t",
                                "Startup Cost": 0.0,
                                "Total Cost": 58306.47,
                                "Plan Rows": 966183,
                                "Plan Width": 4,
                                "Actual Startup Time": 0.034,
                                "Actual Total Time": 199.564,
                                "Actual Rows": 814920,
                                "Actual Loops": 2,
                                "Filter": "((kind_id > 1) AND (production_year < 2012))",
                                "Rows Removed by Filter": 449236
                              }
                            ]
                          }
                        ]
                      }
                    ]
                  }
                ]
              }
            ]
          }
        ]
      }
    ]
  },
  "Planning Time": 1.031,
  "Triggers": [],
  "Execution Time": 1234.54
}