[
  {
    "Plan": {
      "Node Type": "Aggregate",
      "Strategy": "Plain",
      "Partial Mode": "Finalize",
      "Parallel Aware": false,
      "Startup Cost": 96226.27,
      "Total Cost": 96226.28,
      "Plan Rows": 1,
      "Plan Width": 8,
      "Actual Startup Time": 384.189,
      "Actual Total Time": 402.13,
      "Actual Rows": 1,
      "Actual Loops": 1,
      "Plans": [
        {
          "Node Type": "Gather",
          "Parent Relationship": "Outer",
          "Parallel Aware": false,
          "Startup Cost": 96226.06,
          "Total Cost": 96226.27,
          "Plan Rows": 2,
          "Plan Width": 8,
          "Actual Startup Time": 382.505,
          "Actual Total Time": 402.124,
          "Actual Rows": 3,
          "Actual Loops": 1,
          "Workers Planned": 2,
          "Workers Launched": 2,
          "Single Copy": false,
          "Plans": [
            {
              "Node Type": "Aggregate",
              "Strategy": "Plain",
              "Partial Mode": "Partial",
              "Parent Relationship": "Outer",
              "Parallel Aware": false,
              "Startup Cost": 95226.06,
              "Total Cost": 95226.07,
              "Plan Rows": 1,
              "Plan Width": 8,
              "Actual Startup Time": 378.573,
              "Actual Total Time": 378.579,
              "Actual Rows": 1,
              "Actual Loops": 3,
              "Plans": [
                {
                  "Node Type": "Hash Join",
                  "Parent Relationship": "Outer",
                  "Parallel Aware": true,
                  "Join Type": "Inner",
                  "Startup Cost": 79226.81,
                  "Total Cost": 95157.16,
                  "Plan Rows": 27559,
                  "Plan Width": 0,
                  "Actual Startup Time": 292.624,
                  "Actual Total Time": 377.523,
                  "Actual Rows": 22445,
                  "Actual Loops": 3,
                  "Inner Unique": false,
                  "Hash Cond": "(mi_idx.movie_id = t.id)",
                  "Plans": [
                    {
                      "Node Type": "Seq Scan",
                      "Parent Relationship": "Outer",
                      "Parallel Aware": true,
                      "Relation Name": "movie_info_idx",
                      "Alias": "mi_idx",
                      "Startup Cost": 0.0,
                      "Total Cost": 13685.15,
                      "Plan Rows": 575015,
                      "Plan Width": 4,
                      "Actual Startup Time": 0.015,
                      "Actual Total Time": 39.783,
                      "Actual Rows": 460012,
                      "Actual Loops": 3
                    },
                    {
                      "Node Type": "Hash",
                      "Parent Relationship": "Inner",
                      "Parallel Aware": true,
                      "Startup Cost": 78738.19,
                      "Total Cost": 78738.19,
                      "Plan Rows": 39090,
                      "Plan Width": 8,
                      "Actual Startup Time": 290.443,
                      "Actual Total Time": 290.447,
                      "Actual Rows": 26057,
                      "Actual Loops": 3,
                      "Hash Buckets": 131072,
                      "Original Hash Buckets": 131072,
                      "Hash Batches": 1,
                      "Original Hash Batches": 1,
                      "Peak Memory Usage": 4128,
                      "Plans": [
                        {
                          "Node Type": "Hash Join",
                          "Parent Relationship": "Outer",
                          "Parallel Aware": true,
                          "Join Type": "Inner",
                          "Startup Cost": 46599.26,
                          "Total Cost": 78738.19,
                          "Plan Rows": 39090,
                          "Plan Width": 8,
                          "Actual Startup Time": 184.299,
                          "Actual Total Time": 284.152,
                          "Actual Rows": 26057,
                          "Actual Loops": 3,
                          "Inner Unique": true,
                          "Hash Cond": "(mc.movie_id = t.id)",
                          "Plans": [
                            {
                              "Node Type": "Seq Scan",
                              "Parent Relationship": "Outer",
                              "Parallel Aware": true,
                              "Relation Name": "movie_companies",
                              "Alias": "mc",
                              "Startup Cost": 0.0,
                              "Total Cost": 31414.82,
                              "Plan Rows": 275850,
                              "Plan Width": 4,
                              "Actual Startup Time": 38.763,
                              "Actual Total Time": 88.17,
                              "Actual Rows": 353246,
                              "Actual Loops": 3,
                              "Filter": "((company_id > 3422) AND (company_type_id = 2))",
                              "Rows Removed by Filter": 516464
                            },
                            {
                              "Node Type": "Hash",
                              "Parent Relationship": "Inner",
                              "Parallel Aware": true,
                              "Startup Cost": 45479.59,
                              "Total Cost": 45479.59,
                              "Plan Rows": 89574,
                              "Plan Width": 4,
                              "Actual Startup Time": 142.426,
                              "Actual Total Time": 142.427,
                              "Actual Rows": 84589,
                              "Actual Loops": 3,
                              "Hash Buckets": 524288,
                              "Original Hash Buckets": 524288,
                              "Hash Batches": 1,
                              "Original Hash Batches": 1,
                              "Peak Memory Usage": 14080,
                              "Plans": [
                                {
                                  "Node Type": "Seq Scan",
                                  "Parent Relationship": "Outer",
                                  "Parallel Aware": true,
                                  "Relation Name": "title",
                                  "Alias": "t",
                                  "Startup Cost": 0.0,
                                  "Total Cost": 45479.59,
                                  "Plan Rows": 89574,
                                  "Plan Width": 4,
                                  "Actual Startup Time": 0.024,
                                  "Actual Total Time": 111.195,
                                  "Actual Rows": 84589,
                                  "Actual Loops": 3,
                                  "Filter": "((production_year < 1986) AND (kind_id = 7))",
                                  "Rows Removed by Filter": 758182
                                }
                              ]
                            }
                          ]
                        }
                      ]
                    }
                  ]
                }
              ]
            }
          ]
        }
      ]
    },
    "Planning Time": 1.246,
    "Triggers": [],
    "Execution Time": 402.205
  }
]