{
  "Plan": {
    "Node Type": "Aggregate",
    "Strategy": "Plain",
    "Partial Mode": "Finalize",
    "Parallel Aware": false,
    "Startup Cost": 238285.02,
    "Total Cost": 238285.03,
    "Plan Rows": 1,
    "Plan Width": 8,
    "Actual Startup Time": 188.374,
    "Actual Total Time": 197.927,
    "Actual Rows": 1,
    "Actual Loops": 1,
    "Plans": [
      {
        "Node Type": "Gather",
        "Parent Relationship": "Outer",
        "Parallel Aware": false,
        "Startup Cost": 238284.9,
        "Total Cost": 238285.01,
        "Plan Rows": 1,
        "Plan Width": 8,
        "Actual Startup Time": 188.047,
        "Actual Total Time": 197.922,
        "Actual Rows": 2,
        "Actual Loops": 1,
        "Workers Planned": 1,
        "Workers Launched": 1,
        "Single Copy": false,
        "Plans": [
          {
            "Node Type": "Aggregate",
            "Strategy": "Plain",
            "Partial Mode": "Partial",
            "Parent Relationship": "Outer",
            "Parallel Aware": false,
            "Startup Cost": 237284.9,
            "Total Cost": 237284.91,
            "Plan Rows": 1,
            "Plan Width": 8,
            "Actual Startup Time": 181.716,
            "Actual Total Time": 181.72,
            "Actual Rows": 1,
            "Actual Loops": 2,
            "Plans": [
              {
                "Node Type": "Nested Loop",
                "Parent Relationship": "Outer",
                "Parallel Aware": false,
                "Join Type": "Inner",
                "Startup Cost": 62475.32,
                "Total Cost": 237280.82,
                "Plan Rows": 1635,
                "Plan Width": 0,
                "Actual Startup Time": 172.323,
                "Actual Total Time": 181.71,
                "Actual Rows": 40,
                "Actual Loops": 2,
                "Inner Unique": false,
                "Join Filter": "(t.id = mi_idx.movie_id)",
                "Rows Removed by Join Filter": 0,
                "Plans": [
                  {
                    "Node Type": "Hash Join",
                    "Parent Relationship": "Outer",
                    "Parallel Aware": true,
                    "Join Type": "Inner",
                    "Startup Cost": 62474.89,
                    "Total Cost": 234899.74,
                    "Plan Rows": 2996,
                    "Plan Width": 8,
                    "Actual Startup Time": 172.25,
                    "Actual Total Time": 181.494,
                    "Actual Rows": 14,
                    "Actual Loops": 2,
                    "Inner Unique": true,
                    "Hash Cond": "(mi.movie_id = t.id)",
                    "Plans": [
                      {
                        "Node Type": "Bitmap Heap Scan",
                        "Parent Relationship": "Outer",
                        "Parallel Aware": true,
                        "Relation Name": "movie_info",
                        "Alias": "mi",
                        "Startup Cost": 3705.36,
                        "Total Cost": 175814.43,
                        "Plan Rows": 120298,
                        "Plan Width": 4,
                        "Actual Startup Time": 7.664,
                        "Actual Total Time": 21.802,
                        "Actual Rows": 98877,
                        "Actual Loops": 2,
                        "Recheck Cond": "(info_type_id > 106)",
                        "Rows Removed by Index Recheck": 0,
                        "Exact Heap Blocks": 2914,
                        "Lossy Heap Blocks": 0,
                        "Plans": [
                          {
                            "Node Type": "Bitmap Index Scan",
                            "Parent Relationship": "Outer",
                            "Parallel Aware": false,
                            "Index Name": "info_type_id_movie_info",
                            "Startup Cost": 0.0,
                            "Total Cost": 3654.24,
                            "Plan Rows": 204507,
                            "Plan Width": 0,
                            "Actual Startup Time": 6.921,
                            "Actual Total Time": 6.921,
                            "Actual Rows": 197754,
                            "Actual Loops": 1,
                            "Index Cond": "(info_type_id > 106)"
                          }
                        ]
                      },
                      {
                        "Node Type": "Hash",
                        "Parent Relationship": "Inner",
                        "Parallel Aware": true,
                        "Startup Cost": 58306.47,
                        "Total Cost": 58306.47,
                        "Plan Rows": 37045,
                        "Plan Width": 4,
                        "Actual Startup Time": 150.363,
                        "Actual Total Time": 150.363,
                        "Actual Rows": 35772,
                        "Actual Loops": 2,
                        "Hash Buckets": 131072,
                        "Original Hash Buckets": 65536,
                        "Hash Batches": 1,
                        "Original Hash Batches": 1,
                        "Peak Memory Usage": 4384,
                        "Plans": [
                          {
                            "Node Type": "Seq Scan",
                            "Parent Relationship": "Outer",
                            "Parallel Aware": true,
                            "Relation Name": "title",
                            "Alias": "t",
                            "Startup Cost": 0.0,
                            "Total Cost": 58306.47,
                            "Plan Rows": 37045,
                            "Plan Width": 4,
                            "Actual Startup Time": 0.035,
                            "Actual Total Time": 137.923,
                            "Actual Rows": 35772,
                            "Actual Loops": 2,
                            "Filter": "((kind_id > 1) AND (production_year = 2004))",
                            "Rows Removed by Filter": 1228384
                          }
                        ]
                      }
                    ]
                  },
                  {
                    "Node Type": "Index Only Scan",
                    "Parent Relationship": "Inner",
                    "Parallel Aware": false,
                    "Scan Direction": "Forward",
                    "Index Name": "movie_id_movie_info_idx",
                    "Relation Name": "movie_info_idx",
                    "Alias": "mi_idx",
                    "Startup Cost": 0.43,
                    "Total Cost": 0.76,
                    "Plan Rows": 3,
                    "Plan Width": 4,
                    "Actual Startup Time": 0.014,
                    "Actual Total Time": 0.014,
                    "Actual Rows": 3,
                    "Actual Loops": 28,
                    "Index Cond": "(movie_id = mi.movie_id)",
                    "Rows Removed by Index Recheck": 0,
                    "Heap Fetches": 81
                  }
                ]
              }
            ]
          }
        ]
      }
    ]
  },
  "Planning Time": 0.953,
  "Triggers": [],
  "Execution Time": 198.026
}