[
  {
    "Plan": {
      "Node Type": "Aggregate",
      "Strategy": "Plain",
      "Partial Mode": "Finalize",
      "Parallel Aware": false,
      "Startup Cost": 350989.8,
      "Total Cost": 350989.81,
      "Plan Rows": 1,
      "Plan Width": 8,
      "Actual Startup Time": 892.499,
      "Actual Total Time": 938.87,
      "Actual Rows": 1,
      "Actual Loops": 1,
      "Plans": [
        {
          "Node Type": "Gather",
          "Parent Relationship": "Outer",
          "Parallel Aware": false,
          "Startup Cost": 350989.17,
          "Total Cost": 350989.78,
          "Plan Rows": 6,
          "Plan Width": 8,
          "Actual Startup Time": 892.215,
          "Actual Total Time": 938.854,
          "Actual Rows": 7,
          "Actual Loops": 1,
          "Workers Planned": 6,
          "Workers Launched": 6,
          "Single Copy": false,
          "Plans": [
            {
              "Node Type": "Aggregate",
              "Strategy": "Plain",
              "Partial Mode": "Partial",
              "Parent Relationship": "Outer",
              "Parallel Aware": false,
              "Startup Cost": 349989.17,
              "Total Cost": 349989.18,
              "Plan Rows": 1,
              "Plan Width": 8,
              "Actual Startup Time": 885.9,
              "Actual Total Time": 885.901,
              "Actual Rows": 1,
              "Actual Loops": 7,
              "Plans": [
                {
                  "Node Type": "Seq Scan",
                  "Parent Relationship": "Outer",
                  "Parallel Aware": true,
                  "Relation Name": "cast_info",
                  "Alias": "ci",
                  "Startup Cost": 0.0,
                  "Total Cost": 343316.27,
                  "Plan Rows": 2669161,
                  "Plan Width": 0,
                  "Actual Startup Time": 0.039,
                  "Actual Total Time": 744.707,
                  "Actual Rows": 2538352,
                  "Actual Loops": 7,
                  "Filter": "((person_id < 1847269) AND (role_id < 10))",
                  "Rows Removed by Filter": 2639412
                }
              ]
            }
          ]
        }
      ]
    },
    "Planning Time": 0.111,
    "Triggers": [],
    "Execution Time": 938.919
  }
]