[
  {
    "Plan": {
      "Node Type": "Aggregate",
      "Strategy": "Plain",
      "Partial Mode": "Finalize",
      "Parallel Aware": false,
      "Startup Cost": 456516.84,
      "Total Cost": 456516.85,
      "Plan Rows": 1,
      "Plan Width": 8,
      "Actual Startup Time": 4231.825,
      "Actual Total Time": 4306.653,
      "Actual Rows": 1,
      "Actual Loops": 1,
      "Plans": [
        {
          "Node Type": "Gather",
          "Parent Relationship": "Outer",
          "Parallel Aware": false,
          "Startup Cost": 456516.21,
          "Total Cost": 456516.82,
          "Plan Rows": 6,
          "Plan Width": 8,
          "Actual Startup Time": 4207.437,
          "Actual Total Time": 4306.635,
          "Actual Rows": 7,
          "Actual Loops": 1,
          "Workers Planned": 6,
          "Workers Launched": 6,
          "Single Copy": false,
          "Plans": [
            {
              "Node Type": "Aggregate",
              "Strategy": "Plain",
              "Partial Mode": "Partial",
              "Parent Relationship": "Outer",
              "Parallel Aware": false,
              "Startup Cost": 455516.21,
              "Total Cost": 455516.22,
              "Plan Rows": 1,
              "Plan Width": 8,
              "Actual Startup Time": 4192.052,
              "Actual Total Time": 4192.666,
              "Actual Rows": 1,
              "Actual Loops": 7,
              "Plans": [
                {
                  "Node Type": "Hash Join",
                  "Parent Relationship": "Outer",
                  "Parallel Aware": true,
                  "Join Type": "Inner",
                  "Startup Cost": 95636.93,
                  "Total Cost": 449542.48,
                  "Plan Rows": 2389492,
                  "Plan Width": 0,
                  "Actual Startup Time": 565.481,
                  "Actual Total Time": 3529.468,
                  "Actual Rows": 12358292,
                  "Actual Loops": 7,
                  "Inner Unique": false,
                  "Hash Cond": "(ci.movie_id = t.id)",
                  "Plans": [
                    {
                      "Node Type": "Seq Scan",
                      "Parent Relationship": "Outer",
                      "Parallel Aware": true,
                      "Relation Name": "cast_info",
                      "Alias": "ci",
                      "Startup Cost": 0.0,
                      "Total Cost": 328211.39,
                      "Plan Rows": 4796302,
                      "Plan Width": 4,
                      "Actual Startup Time": 0.063,
                      "Actual Total Time": 824.455,
                      "Actual Rows": 4115444,
                      "Actual Loops": 7,
                      "Filter": "(role_id < 8)",
                      "Rows Removed by Filter": 1062320
                    },
                    {
                      "Node Type": "Hash",
                      "Parent Relationship": "Inner",
                      "Parallel Aware": true,
                      "Startup Cost": 90557.72,
                      "Total Cost": 90557.72,
                      "Plan Rows": 406337,
                      "Plan Width": 8,
                      "Actual Startup Time": 560.289,
                      "Actual Total Time": 560.901,
                      "Actual Rows": 336813,
                      "Actual Loops": 7,
                      "Hash Buckets": 4194304,
                      "Original Hash Buckets": 2097152,
                      "Hash Batches": 1,
                      "Original Hash Batches": 1,
                      "Peak Memory Usage": 141472,
                      "Plans": [
                        {
                          "Node Type": "Hash Join",
                          "Parent Relationship": "Outer",
                          "Parallel Aware": true,
                          "Join Type": "Inner",
                          "Startup Cost": 47679.64,
                          "Total Cost": 90557.72,
                          "Plan Rows": 406337,
                          "Plan Width": 8,
                          "Actual Startup Time": 154.382,
                          "Actual Total Time": 358.058,
                          "Actual Rows": 336813,
                          "Actual Loops": 7,
                          "Inner Unique": true,
                          "Hash Cond": "(mk.movie_id = t.id)",
                          "Plans": [
                            {
                              "Node Type": "Seq Scan",
                              "Parent Relationship": "Outer",
                              "Parallel Aware": true,
                              "Relation Name": "movie_keyword",
                              "Alias": "mk",
                              "Startup Cost": 0.0,
                              "Total Cost": 39047.32,
                              "Plan Rows": 1459332,
                              "Plan Width": 4,
                              "Actual Startup Time": 0.043,
                              "Actual Total Time": 77.155,
                              "Actual Rows": 646276,
                              "Actual Loops": 7
                            },
                            {
                              "Node Type": "Hash",
                              "Parent Relationship": "Inner",
                              "Parallel Aware": true,
                              "Startup Cost": 45479.59,
                              "Total Cost": 45479.59,
                              "Plan Rows": 176004,
                              "Plan Width": 4,
                              "Actual Startup Time": 152.696,
                              "Actual Total Time": 152.697,
                              "Actual Rows": 86262,
                              "Actual Loops": 7,
                              "Hash Buckets": 1048576,
                              "Original Hash Buckets": 1048576,
                              "Hash Batches": 1,
                              "Original Hash Batches": 1,
                              "Peak Memory Usage": 31904,
                              "Plans": [
                                {
                                  "Node Type": "Seq Scan",
                                  "Parent Relationship": "Outer",
                                  "Parallel Aware": true,
                                  "Relation Name": "title",
                                  "Alias": "t",
                                  "Startup Cost": 0.0,
                                  "Total Cost": 45479.59,
                                  "Plan Rows": 176004,
                                  "Plan Width": 4,
                                  "Actual Startup Time": 0.066,
                                  "Actual Total Time": 98.053,
                                  "Actual Rows": 86262,
                                  "Actual Loops": 7,
                                  "Filter": "((kind_id < 7) AND (production_year > 1988))",
                                  "Rows Removed by Filter": 274925
                                }
                              ]
                            }
                          ]
                        }
                      ]
                    }
                  ]
                }
              ]
            }
          ]
        }
      ]
    },
    "Planning Time": 1.31,
    "Triggers": [],
    "Execution Time": 4306.756
  }
]