[
  {
    "Plan": {
      "Node Type": "Aggregate",
      "Strategy": "Plain",
      "Partial Mode": "Finalize",
      "Parallel Aware": false,
      "Startup Cost": 31245.21,
      "Total Cost": 31245.22,
      "Plan Rows": 1,
      "Plan Width": 8,
      "Actual Startup Time": 87.826,
      "Actual Total Time": 95.825,
      "Actual Rows": 1,
      "Actual Loops": 1,
      "Plans": [
        {
          "Node Type": "Gather",
          "Parent Relationship": "Outer",
          "Parallel Aware": false,
          "Startup Cost": 31244.89,
          "Total Cost": 31245.2,
          "Plan Rows": 3,
          "Plan Width": 8,
          "Actual Startup Time": 87.68,
          "Actual Total Time": 95.816,
          "Actual Rows": 4,
          "Actual Loops": 1,
          "Workers Planned": 3,
          "Workers Launched": 3,
          "Single Copy": false,
          "Plans": [
            {
              "Node Type": "Aggregate",
              "Strategy": "Plain",
              "Partial Mode": "Partial",
              "Parent Relationship": "Outer",
              "Parallel Aware": false,
              "Startup Cost": 30244.89,
              "Total Cost": 30244.9,
              "Plan Rows": 1,
              "Plan Width": 8,
              "Actual Startup Time": 83.791,
              "Actual Total Time": 83.792,
              "Actual Rows": 1,
              "Actual Loops": 4,
              "Plans": [
                {
                  "Node Type": "Seq Scan",
                  "Parent Relationship": "Outer",
                  "Parallel Aware": true,
                  "Relation Name": "movie_companies",
                  "Alias": "mc",
                  "Startup Cost": 0.0,
                  "Total Cost": 29310.68,
                  "Plan Rows": 373683,
                  "Plan Width": 0,
                  "Actual Startup Time": 14.326,
                  "Actual Total Time": 71.054,
                  "Actual Rows": 287292,
                  "Actual Loops": 4,
                  "Filter": "(company_id > 13114)",
                  "Rows Removed by Filter": 364990
                }
              ]
            }
          ]
        }
      ]
    },
    "Planning Time": 0.197,
    "Triggers": [],
    "Execution Time": 95.88
  }
]