[
  {
    "Plan": {
      "Node Type": "Aggregate",
      "Strategy": "Plain",
      "Partial Mode": "Finalize",
      "Parallel Aware": false,
      "Startup Cost": 31236.49,
      "Total Cost": 31236.5,
      "Plan Rows": 1,
      "Plan Width": 8,
      "Actual Startup Time": 96.473,
      "Actual Total Time": 104.5,
      "Actual Rows": 1,
      "Actual Loops": 1,
      "Plans": [
        {
          "Node Type": "Gather",
          "Parent Relationship": "Outer",
          "Parallel Aware": false,
          "Startup Cost": 31236.18,
          "Total Cost": 31236.49,
          "Plan Rows": 3,
          "Plan Width": 8,
          "Actual Startup Time": 96.369,
          "Actual Total Time": 104.494,
          "Actual Rows": 4,
          "Actual Loops": 1,
          "Workers Planned": 3,
          "Workers Launched": 3,
          "Single Copy": false,
          "Plans": [
            {
              "Node Type": "Aggregate",
              "Strategy": "Plain",
              "Partial Mode": "Partial",
              "Parent Relationship": "Outer",
              "Parallel Aware": false,
              "Startup Cost": 30236.18,
              "Total Cost": 30236.19,
              "Plan Rows": 1,
              "Plan Width": 8,
              "Actual Startup Time": 89.969,
              "Actual Total Time": 89.97,
              "Actual Rows": 1,
              "Actual Loops": 4,
              "Plans": [
                {
                  "Node Type": "Seq Scan",
                  "Parent Relationship": "Outer",
                  "Parallel Aware": true,
                  "Relation Name": "movie_companies",
                  "Alias": "mc",
                  "Startup Cost": 0.0,
                  "Total Cost": 29310.68,
                  "Plan Rows": 370198,
                  "Plan Width": 0,
                  "Actual Startup Time": 19.588,
                  "Actual Total Time": 77.513,
                  "Actual Rows": 287292,
                  "Actual Loops": 4,
                  "Filter": "(company_id > 13114)",
                  "Rows Removed by Filter": 364990
                }
              ]
            }
          ]
        }
      ]
    },
    "Planning Time": 0.098,
    "Triggers": [],
    "Execution Time": 104.534
  }
]