[
  {
    "Plan": {
      "Node Type": "Aggregate",
      "Strategy": "Plain",
      "Partial Mode": "Finalize",
      "Parallel Aware": false,
      "Startup Cost": 32855.31,
      "Total Cost": 32855.32,
      "Plan Rows": 1,
      "Plan Width": 8,
      "Actual Startup Time": 102.765,
      "Actual Total Time": 110.708,
      "Actual Rows": 1,
      "Actual Loops": 1,
      "Plans": [
        {
          "Node Type": "Gather",
          "Parent Relationship": "Outer",
          "Parallel Aware": false,
          "Startup Cost": 32855.0,
          "Total Cost": 32855.31,
          "Plan Rows": 3,
          "Plan Width": 8,
          "Actual Startup Time": 102.634,
          "Actual Total Time": 110.698,
          "Actual Rows": 4,
          "Actual Loops": 1,
          "Workers Planned": 3,
          "Workers Launched": 3,
          "Single Copy": false,
          "Plans": [
            {
              "Node Type": "Aggregate",
              "Strategy": "Plain",
              "Partial Mode": "Partial",
              "Parent Relationship": "Outer",
              "Parallel Aware": false,
              "Startup Cost": 31855.0,
              "Total Cost": 31855.01,
              "Plan Rows": 1,
              "Plan Width": 8,
              "Actual Startup Time": 94.226,
              "Actual Total Time": 94.227,
              "Actual Rows": 1,
              "Actual Loops": 4,
              "Plans": [
                {
                  "Node Type": "Seq Scan",
                  "Parent Relationship": "Outer",
                  "Parallel Aware": true,
                  "Relation Name": "movie_companies",
                  "Alias": "mc",
                  "Startup Cost": 0.0,
                  "Total Cost": 31414.82,
                  "Plan Rows": 176071,
                  "Plan Width": 0,
                  "Actual Startup Time": 48.598,
                  "Actual Total Time": 84.999,
                  "Actual Rows": 211134,
                  "Actual Loops": 4,
                  "Filter": "((company_id > 14333) AND (company_type_id = 2))",
                  "Rows Removed by Filter": 441148
                }
              ]
            }
          ]
        }
      ]
    },
    "Planning Time": 0.153,
    "Triggers": [],
    "Execution Time": 110.751
  }
]