[
  {
    "Plan": {
      "Node Type": "Aggregate",
      "Strategy": "Plain",
      "Partial Mode": "Finalize",
      "Parallel Aware": false,
      "Startup Cost": 46519.75,
      "Total Cost": 46519.76,
      "Plan Rows": 1,
      "Plan Width": 8,
      "Actual Startup Time": 87.829,
      "Actual Total Time": 97.105,
      "Actual Rows": 1,
      "Actual Loops": 1,
      "Plans": [
        {
          "Node Type": "Gather",
          "Parent Relationship": "Outer",
          "Parallel Aware": false,
          "Startup Cost": 46519.33,
          "Total Cost": 46519.74,
          "Plan Rows": 4,
          "Plan Width": 8,
          "Actual Startup Time": 87.546,
          "Actual Total Time": 97.092,
          "Actual Rows": 5,
          "Actual Loops": 1,
          "Workers Planned": 4,
          "Workers Launched": 4,
          "Single Copy": false,
          "Plans": [
            {
              "Node Type": "Aggregate",
              "Strategy": "Plain",
              "Partial Mode": "Partial",
              "Parent Relationship": "Outer",
              "Parallel Aware": false,
              "Startup Cost": 45519.33,
              "Total Cost": 45519.34,
              "Plan Rows": 1,
              "Plan Width": 8,
              "Actual Startup Time": 81.16,
              "Actual Total Time": 81.161,
              "Actual Rows": 1,
              "Actual Loops": 5,
              "Plans": [
                {
                  "Node Type": "Seq Scan",
                  "Parent Relationship": "Outer",
                  "Parallel Aware": true,
                  "Relation Name": "title",
                  "Alias": "t",
                  "Startup Cost": 0.0,
                  "Total Cost": 45479.59,
                  "Plan Rows": 15896,
                  "Plan Width": 0,
                  "Actual Startup Time": 0.049,
                  "Actual Total Time": 80.005,
                  "Actual Rows": 14309,
                  "Actual Loops": 5,
                  "Filter": "((kind_id > 1) AND (production_year = 2004))",
                  "Rows Removed by Filter": 491354
                }
              ]
            }
          ]
        }
      ]
    },
    "Planning Time": 0.061,
    "Triggers": [],
    "Execution Time": 97.142
  }
]