[
  {
    "Plan": {
      "Node Type": "Aggregate",
      "Strategy": "Plain",
      "Partial Mode": "Finalize",
      "Parallel Aware": false,
      "Startup Cost": 337233.83,
      "Total Cost": 337233.84,
      "Plan Rows": 1,
      "Plan Width": 8,
      "Actual Startup Time": 743.031,
      "Actual Total Time": 792.896,
      "Actual Rows": 1,
      "Actual Loops": 1,
      "Plans": [
        {
          "Node Type": "Gather",
          "Parent Relationship": "Outer",
          "Parallel Aware": false,
          "Startup Cost": 337233.21,
          "Total Cost": 337233.82,
          "Plan Rows": 6,
          "Plan Width": 8,
          "Actual Startup Time": 742.813,
          "Actual Total Time": 792.884,
          "Actual Rows": 7,
          "Actual Loops": 1,
          "Workers Planned": 6,
          "Workers Launched": 6,
          "Single Copy": false,
          "Plans": [
            {
              "Node Type": "Aggregate",
              "Strategy": "Plain",
              "Partial Mode": "Partial",
              "Parent Relationship": "Outer",
              "Parallel Aware": false,
              "Startup Cost": 336233.21,
              "Total Cost": 336233.22,
              "Plan Rows": 1,
              "Plan Width": 8,
              "Actual Startup Time": 735.415,
              "Actual Total Time": 735.417,
              "Actual Rows": 1,
              "Actual Loops": 7,
              "Plans": [
                {
                  "Node Type": "Seq Scan",
                  "Parent Relationship": "Outer",
                  "Parallel Aware": true,
                  "Relation Name": "cast_info",
                  "Alias": "ci",
                  "Startup Cost": 0.0,
                  "Total Cost": 328211.39,
                  "Plan Rows": 3208726,
                  "Plan Width": 0,
                  "Actual Startup Time": 187.812,
                  "Actual Total Time": 603.95,
                  "Actual Rows": 2724830,
                  "Actual Loops": 7,
                  "Filter": "(person_id > 1695943)",
                  "Rows Removed by Filter": 2452933
                }
              ]
            }
          ]
        }
      ]
    },
    "Planning Time": 0.203,
    "Triggers": [],
    "Execution Time": 792.965
  }
]