[
    {
        "Bao": {
            "Bao prediction": "NaN",
            "Bao recommended hint": "(no hint)"
        }
    },
    {
        "Plan": {
            "Node Type": "Aggregate",
            "Strategy": "Plain",
            "Partial Mode": "Finalize",
            "Parallel Aware": false,
            "Startup Cost": 40525.46,
            "Total Cost": 40525.47,
            "Plan Rows": 1,
            "Plan Width": 8,
            "Actual Startup Time": 124.971,
            "Actual Total Time": 131.967,
            "Actual Rows": 1,
            "Actual Loops": 1,
            "Output": [
                "count(*)"
            ],
            "Plans": [
                {
                    "Node Type": "Gather",
                    "Parent Relationship": "Outer",
                    "Parallel Aware": false,
                    "Startup Cost": 40525.14,
                    "Total Cost": 40525.45,
                    "Plan Rows": 3,
                    "Plan Width": 8,
                    "Actual Startup Time": 124.755,
                    "Actual Total Time": 131.959,
                    "Actual Rows": 4,
                    "Actual Loops": 1,
                    "Output": [
                        "(PARTIAL count(*))"
                    ],
                    "Workers Planned": 3,
                    "Workers Launched": 3,
                    "Single Copy": false,
                    "Plans": [
                        {
                            "Node Type": "Aggregate",
                            "Strategy": "Plain",
                            "Partial Mode": "Partial",
                            "Parent Relationship": "Outer",
                            "Parallel Aware": false,
                            "Startup Cost": 39525.14,
                            "Total Cost": 39525.15,
                            "Plan Rows": 1,
                            "Plan Width": 8,
                            "Actual Startup Time": 116.315,
                            "Actual Total Time": 116.317,
                            "Actual Rows": 1,
                            "Actual Loops": 4,
                            "Output": [
                                "PARTIAL count(*)"
                            ],
                            "Workers": [
                                {
                                    "Worker Number": 0,
                                    "Actual Startup Time": 113.154,
                                    "Actual Total Time": 113.156,
                                    "Actual Rows": 1,
                                    "Actual Loops": 1
                                },
                                {
                                    "Worker Number": 1,
                                    "Actual Startup Time": 113.655,
                                    "Actual Total Time": 113.656,
                                    "Actual Rows": 1,
                                    "Actual Loops": 1
                                },
                                {
                                    "Worker Number": 2,
                                    "Actual Startup Time": 113.942,
                                    "Actual Total Time": 113.943,
                                    "Actual Rows": 1,
                                    "Actual Loops": 1
                                }
                            ],
                            "Plans": [
                                {
                                    "Node Type": "Bitmap Heap Scan",
                                    "Parent Relationship": "Outer",
                                    "Parallel Aware": true,
                                    "Relation Name": "movie_keyword",
                                    "Schema": "public",
                                    "Alias": "mk",
                                    "Startup Cost": 12271.89,
                                    "Total Cost": 39058.6,
                                    "Plan Rows": 186616,
                                    "Plan Width": 0,
                                    "Actual Startup Time": 34.236,
                                    "Actual Total Time": 108.5,
                                    "Actual Rows": 143536,
                                    "Actual Loops": 4,
                                    "Recheck Cond": "(mk.keyword_id > 31997)",
                                    "Rows Removed by Index Recheck": 0,
                                    "Exact Heap Blocks": 9569,
                                    "Lossy Heap Blocks": 0,
                                    "Workers": [
                                        {
                                            "Worker Number": 0,
                                            "Actual Startup Time": 31.071,
                                            "Actual Total Time": 106.129,
                                            "Actual Rows": 105957,
                                            "Actual Loops": 1
                                        },
                                        {
                                            "Worker Number": 1,
                                            "Actual Startup Time": 31.772,
                                            "Actual Total Time": 106.3,
                                            "Actual Rows": 117582,
                                            "Actual Loops": 1
                                        },
                                        {
                                            "Worker Number": 2,
                                            "Actual Startup Time": 31.974,
                                            "Actual Total Time": 106.718,
                                            "Actual Rows": 115948,
                                            "Actual Loops": 1
                                        }
                                    ],
                                    "Plans": [
                                        {
                                            "Node Type": "Bitmap Index Scan",
                                            "Parent Relationship": "Outer",
                                            "Parallel Aware": false,
                                            "Index Name": "keyword_id_movie_keyword",
                                            "Startup Cost": 0.0,
                                            "Total Cost": 12127.27,
                                            "Plan Rows": 578511,
                                            "Plan Width": 0,
                                            "Actual Startup Time": 38.577,
                                            "Actual Total Time": 38.577,
                                            "Actual Rows": 574146,
                                            "Actual Loops": 1,
                                            "Index Cond": "(mk.keyword_id > 31997)"
                                        }
                                    ]
                                }
                            ]
                        }
                    ]
                }
            ]
        },
        "Planning Time": 195.925,
        "Triggers": [],
        "Execution Time": 132.021
    }
]