{
  "Plan": {
    "Node Type": "Aggregate",
    "Strategy": "Plain",
    "Partial Mode": "Finalize",
    "Parallel Aware": false,
    "Startup Cost": 461879.99,
    "Total Cost": 461880.0,
    "Plan Rows": 1,
    "Plan Width": 8,
    "Actual Startup Time": 1948.476,
    "Actual Total Time": 2043.129,
    "Actual Rows": 1,
    "Actual Loops": 1,
    "Plans": [
      {
        "Node Type": "Gather",
        "Parent Relationship": "Outer",
        "Parallel Aware": false,
        "Startup Cost": 461879.88,
        "Total Cost": 461879.99,
        "Plan Rows": 1,
        "Plan Width": 8,
        "Actual Startup Time": 1948.119,
        "Actual Total Time": 2043.12,
        "Actual Rows": 2,
        "Actual Loops": 1,
        "Workers Planned": 1,
        "Workers Launched": 1,
        "Single Copy": false,
        "Plans": [
          {
            "Node Type": "Aggregate",
            "Strategy": "Plain",
            "Partial Mode": "Partial",
            "Parent Relationship": "Outer",
            "Parallel Aware": false,
            "Startup Cost": 460879.88,
            "Total Cost": 460879.89,
            "Plan Rows": 1,
            "Plan Width": 8,
            "Actual Startup Time": 1941.922,
            "Actual Total Time": 1941.927,
            "Actual Rows": 1,
            "Actual Loops": 2,
            "Plans": [
              {
                "Node Type": "Nested Loop",
                "Parent Relationship": "Outer",
                "Parallel Aware": false,
                "Join Type": "Inner",
                "Startup Cost": 58505.92,
                "Total Cost": 458644.99,
                "Plan Rows": 893955,
                "Plan Width": 0,
                "Actual Startup Time": 184.97,
                "Actual Total Time": 1911.638,
                "Actual Rows": 666386,
                "Actual Loops": 2,
                "Inner Unique": false,
                "Join Filter": "(t.id = ci.movie_id)",
                "Rows Removed by Join Filter": 0,
                "Plans": [
                  {
                    "Node Type": "Hash Join",
                    "Parent Relationship": "Outer",
                    "Parallel Aware": true,
                    "Join Type": "Inner",
                    "Startup Cost": 58505.36,
                    "Total Cost": 344509.3,
                    "Plan Rows": 62388,
                    "Plan Width": 8,
                    "Actual Startup Time": 184.871,
                    "Actual Total Time": 1291.621,
                    "Actual Rows": 30164,
                    "Actual Loops": 2,
                    "Inner Unique": true,
                    "Hash Cond": "(mi.movie_id = t.id)",
                    "Plans": [
                      {
                        "Node Type": "Seq Scan",
                        "Parent Relationship": "Outer",
                        "Parallel Aware": true,
                        "Relation Name": "movie_info",
                        "Alias": "mi",
                        "Startup Cost": 0.0,
                        "Total Cost": 270696.42,
                        "Plan Rows": 5831431,
                        "Plan Width": 4,
                        "Actual Startup Time": 34.243,
                        "Actual Total Time": 723.869,
                        "Actual Rows": 4955877,
                        "Actual Loops": 2,
                        "Filter": "(info_type_id > 4)",
                        "Rows Removed by Filter": 2461983
                      },
                      {
                        "Node Type": "Hash",
                        "Parent Relationship": "Inner",
                        "Parallel Aware": true,
                        "Startup Cost": 58306.47,
                        "Total Cost": 58306.47,
                        "Plan Rows": 15911,
                        "Plan Width": 4,
                        "Actual Startup Time": 149.066,
                        "Actual Total Time": 149.067,
                        "Actual Rows": 16067,
                        "Actual Loops": 2,
                        "Hash Buckets": 32768,
                        "Original Hash Buckets": 32768,
                        "Hash Batches": 1,
                        "Original Hash Batches": 1,
                        "Peak Memory Usage": 1536,
                        "Plans": [
                          {
                            "Node Type": "Seq Scan",
                            "Parent Relationship": "Outer",
                            "Parallel Aware": true,
                            "Relation Name": "title",
                            "Alias": "t",
                            "Startup Cost": 0.0,
                            "Total Cost": 58306.47,
                            "Plan Rows": 15911,
                            "Plan Width": 4,
                            "Actual Startup Time": 0.041,
                            "Actual Total Time": 143.143,
                            "Actual Rows": 16067,
                            "Actual Loops": 2,
                            "Filter": "((kind_id = 7) AND (production_year = 1998))",
                            "Rows Removed by Filter": 1248089
                          }
                        ]
                      }
                    ]
                  },
                  {
                    "Node Type": "Index Only Scan",
                    "Parent Relationship": "Inner",
                    "Parallel Aware": false,
                    "Scan Direction": "Forward",
                    "Index Name": "movie_id_cast_info",
                    "Relation Name": "cast_info",
                    "Alias": "ci",
                    "Startup Cost": 0.56,
                    "Total Cost": 1.37,
                    "Plan Rows": 37,
                    "Plan Width": 4,
                    "Actual Startup Time": 0.004,
                    "Actual Total Time": 0.018,
                    "Actual Rows": 22,
                    "Actual Loops": 60329,
                    "Index Cond": "(movie_id = mi.movie_id)",
                    "Rows Removed by Index Recheck": 0,
                    "Heap Fetches": 1332771
                  }
                ]
              }
            ]
          }
        ]
      }
    ]
  },
  "Planning Time": 0.944,
  "Triggers": [],
  "Execution Time": 2043.227
}