[
    {
        "Bao": {
            "Bao prediction": 464.481,
            "Bao recommended hint": "(no hint)"
        }
    },
    {
        "Plan": {
            "Node Type": "Aggregate",
            "Strategy": "Plain",
            "Partial Mode": "Finalize",
            "Parallel Aware": false,
            "Startup Cost": 33326.03,
            "Total Cost": 33326.04,
            "Plan Rows": 1,
            "Plan Width": 8,
            "Actual Startup Time": 99.301,
            "Actual Total Time": 105.303,
            "Actual Rows": 1,
            "Actual Loops": 1,
            "Output": [
                "count(*)"
            ],
            "Plans": [
                {
                    "Node Type": "Gather",
                    "Parent Relationship": "Outer",
                    "Parallel Aware": false,
                    "Startup Cost": 33325.71,
                    "Total Cost": 33326.02,
                    "Plan Rows": 3,
                    "Plan Width": 8,
                    "Actual Startup Time": 99.221,
                    "Actual Total Time": 105.296,
                    "Actual Rows": 4,
                    "Actual Loops": 1,
                    "Output": [
                        "(PARTIAL count(*))"
                    ],
                    "Workers Planned": 3,
                    "Workers Launched": 3,
                    "Single Copy": false,
                    "Plans": [
                        {
                            "Node Type": "Aggregate",
                            "Strategy": "Plain",
                            "Partial Mode": "Partial",
                            "Parent Relationship": "Outer",
                            "Parallel Aware": false,
                            "Startup Cost": 32325.71,
                            "Total Cost": 32325.72,
                            "Plan Rows": 1,
                            "Plan Width": 8,
                            "Actual Startup Time": 91.57,
                            "Actual Total Time": 91.571,
                            "Actual Rows": 1,
                            "Actual Loops": 4,
                            "Output": [
                                "PARTIAL count(*)"
                            ],
                            "Workers": [
                                {
                                    "Worker Number": 0,
                                    "Actual Startup Time": 88.897,
                                    "Actual Total Time": 88.898,
                                    "Actual Rows": 1,
                                    "Actual Loops": 1
                                },
                                {
                                    "Worker Number": 1,
                                    "Actual Startup Time": 89.352,
                                    "Actual Total Time": 89.353,
                                    "Actual Rows": 1,
                                    "Actual Loops": 1
                                },
                                {
                                    "Worker Number": 2,
                                    "Actual Startup Time": 89.405,
                                    "Actual Total Time": 89.406,
                                    "Actual Rows": 1,
                                    "Actual Loops": 1
                                }
                            ],
                            "Plans": [
                                {
                                    "Node Type": "Seq Scan",
                                    "Parent Relationship": "Outer",
                                    "Parallel Aware": true,
                                    "Relation Name": "movie_companies",
                                    "Schema": "public",
                                    "Alias": "mc",
                                    "Startup Cost": 0.0,
                                    "Total Cost": 31414.82,
                                    "Plan Rows": 364358,
                                    "Plan Width": 0,
                                    "Actual Startup Time": 48.046,
                                    "Actual Total Time": 81.757,
                                    "Actual Rows": 233744,
                                    "Actual Loops": 4,
                                    "Output": [
                                        "id",
                                        "movie_id",
                                        "company_id",
                                        "company_type_id",
                                        "note"
                                    ],
                                    "Filter": "((mc.company_id < 82239) AND (mc.company_type_id > 1))",
                                    "Rows Removed by Filter": 418538,
                                    "Workers": [
                                        {
                                            "Worker Number": 0,
                                            "Actual Startup Time": 45.377,
                                            "Actual Total Time": 79.617,
                                            "Actual Rows": 229095,
                                            "Actual Loops": 1
                                        },
                                        {
                                            "Worker Number": 1,
                                            "Actual Startup Time": 45.832,
                                            "Actual Total Time": 79.771,
                                            "Actual Rows": 223191,
                                            "Actual Loops": 1
                                        },
                                        {
                                            "Worker Number": 2,
                                            "Actual Startup Time": 45.878,
                                            "Actual Total Time": 79.757,
                                            "Actual Rows": 224487,
                                            "Actual Loops": 1
                                        }
                                    ]
                                }
                            ]
                        }
                    ]
                }
            ]
        },
        "Planning Time": 658.434,
        "Triggers": [],
        "Execution Time": 105.389
    }
]