[
  {
    "Plan": {
      "Node Type": "Aggregate",
      "Strategy": "Plain",
      "Partial Mode": "Finalize",
      "Parallel Aware": false,
      "Startup Cost": 84738.74,
      "Total Cost": 84738.75,
      "Plan Rows": 1,
      "Plan Width": 8,
      "Actual Startup Time": 498.959,
      "Actual Total Time": 521.122,
      "Actual Rows": 1,
      "Actual Loops": 1,
      "Plans": [
        {
          "Node Type": "Gather",
          "Parent Relationship": "Outer",
          "Parallel Aware": false,
          "Startup Cost": 84738.42,
          "Total Cost": 84738.73,
          "Plan Rows": 3,
          "Plan Width": 8,
          "Actual Startup Time": 486.827,
          "Actual Total Time": 521.11,
          "Actual Rows": 4,
          "Actual Loops": 1,
          "Workers Planned": 3,
          "Workers Launched": 3,
          "Single Copy": false,
          "Plans": [
            {
              "Node Type": "Aggregate",
              "Strategy": "Plain",
              "Partial Mode": "Partial",
              "Parent Relationship": "Outer",
              "Parallel Aware": false,
              "Startup Cost": 83738.42,
              "Total Cost": 83738.43,
              "Plan Rows": 1,
              "Plan Width": 8,
              "Actual Startup Time": 476.157,
              "Actual Total Time": 476.162,
              "Actual Rows": 1,
              "Actual Loops": 4,
              "Plans": [
                {
                  "Node Type": "Hash Join",
                  "Parent Relationship": "Outer",
                  "Parallel Aware": true,
                  "Join Type": "Inner",
                  "Startup Cost": 57368.48,
                  "Total Cost": 83466.66,
                  "Plan Rows": 108706,
                  "Plan Width": 0,
                  "Actual Startup Time": 382.944,
                  "Actual Total Time": 471.748,
                  "Actual Rows": 83536,
                  "Actual Loops": 4,
                  "Inner Unique": true,
                  "Hash Cond": "(mk.movie_id = t.id)",
                  "Plans": [
                    {
                      "Node Type": "Bitmap Heap Scan",
                      "Parent Relationship": "Outer",
                      "Parallel Aware": true,
                      "Relation Name": "movie_keyword",
                      "Alias": "mk",
                      "Startup Cost": 7148.1,
                      "Total Cost": 32960.92,
                      "Plan Rows": 108706,
                      "Plan Width": 4,
                      "Actual Startup Time": 19.396,
                      "Actual Total Time": 68.523,
                      "Actual Rows": 83536,
                      "Actual Loops": 4,
                      "Recheck Cond": "(keyword_id < 275)",
                      "Rows Removed by Index Recheck": 0,
                      "Exact Heap Blocks": 8571,
                      "Lossy Heap Blocks": 0,
                      "Plans": [
                        {
                          "Node Type": "Bitmap Index Scan",
                          "Parent Relationship": "Outer",
                          "Parallel Aware": false,
                          "Index Name": "keyword_id_movie_keyword",
                          "Startup Cost": 0.0,
                          "Total Cost": 7063.85,
                          "Plan Rows": 336989,
                          "Plan Width": 0,
                          "Actual Startup Time": 15.753,
                          "Actual Total Time": 15.753,
                          "Actual Rows": 334142,
                          "Actual Loops": 1,
                          "Index Cond": "(keyword_id < 275)"
                        }
                      ]
                    },
                    {
                      "Node Type": "Hash",
                      "Parent Relationship": "Inner",
                      "Parallel Aware": true,
                      "Startup Cost": 42319.06,
                      "Total Cost": 42319.06,
                      "Plan Rows": 632106,
                      "Plan Width": 4,
                      "Actual Startup Time": 356.158,
                      "Actual Total Time": 356.159,
                      "Actual Rows": 632078,
                      "Actual Loops": 4,
                      "Hash Buckets": 4194304,
                      "Original Hash Buckets": 4194304,
                      "Hash Batches": 1,
                      "Original Hash Batches": 1,
                      "Peak Memory Usage": 131744,
                      "Plans": [
                        {
                          "Node Type": "Seq Scan",
                          "Parent Relationship": "Outer",
                          "Parallel Aware": true,
                          "Relation Name": "title",
                          "Alias": "t",
                          "Startup Cost": 0.0,
                          "Total Cost": 42319.06,
                          "Plan Rows": 632106,
                          "Plan Width": 4,
                          "Actual Startup Time": 0.046,
                          "Actual Total Time": 103.987,
                          "Actual Rows": 632078,
                          "Actual Loops": 4
                        }
                      ]
                    }
                  ]
                }
              ]
            }
          ]
        }
      ]
    },
    "Planning Time": 0.174,
    "Triggers": [],
    "Execution Time": 521.156
  }
]