[
  {
    "Plan": {
      "Node Type": "Aggregate",
      "Strategy": "Plain",
      "Partial Mode": "Finalize",
      "Parallel Aware": false,
      "Startup Cost": 348938.46,
      "Total Cost": 348938.47,
      "Plan Rows": 1,
      "Plan Width": 8,
      "Actual Startup Time": 715.396,
      "Actual Total Time": 762.286,
      "Actual Rows": 1,
      "Actual Loops": 1,
      "Plans": [
        {
          "Node Type": "Gather",
          "Parent Relationship": "Outer",
          "Parallel Aware": false,
          "Startup Cost": 348937.84,
          "Total Cost": 348938.45,
          "Plan Rows": 6,
          "Plan Width": 8,
          "Actual Startup Time": 715.21,
          "Actual Total Time": 762.272,
          "Actual Rows": 7,
          "Actual Loops": 1,
          "Workers Planned": 6,
          "Workers Launched": 6,
          "Single Copy": false,
          "Plans": [
            {
              "Node Type": "Aggregate",
              "Strategy": "Plain",
              "Partial Mode": "Partial",
              "Parent Relationship": "Outer",
              "Parallel Aware": false,
              "Startup Cost": 347937.84,
              "Total Cost": 347937.85,
              "Plan Rows": 1,
              "Plan Width": 8,
              "Actual Startup Time": 707.278,
              "Actual Total Time": 707.279,
              "Actual Rows": 1,
              "Actual Loops": 7,
              "Plans": [
                {
                  "Node Type": "Seq Scan",
                  "Parent Relationship": "Outer",
                  "Parallel Aware": true,
                  "Relation Name": "cast_info",
                  "Alias": "ci",
                  "Startup Cost": 0.0,
                  "Total Cost": 343316.27,
                  "Plan Rows": 1848627,
                  "Plan Width": 0,
                  "Actual Startup Time": 248.861,
                  "Actual Total Time": 669.529,
                  "Actual Rows": 688157,
                  "Actual Loops": 7,
                  "Filter": "((person_id < 1702367) AND (role_id > 1))",
                  "Rows Removed by Filter": 4489607
                }
              ]
            }
          ]
        }
      ]
    },
    "Planning Time": 0.219,
    "Triggers": [],
    "Execution Time": 762.355
  }
]