[
    {
        "Bao": {
            "Bao prediction": "NaN",
            "Bao recommended hint": "(no hint)"
        }
    },
    {
        "Plan": {
            "Node Type": "Aggregate",
            "Strategy": "Plain",
            "Partial Mode": "Finalize",
            "Parallel Aware": false,
            "Startup Cost": 45765.6,
            "Total Cost": 45765.61,
            "Plan Rows": 1,
            "Plan Width": 8,
            "Actual Startup Time": 159.667,
            "Actual Total Time": 165.685,
            "Actual Rows": 1,
            "Actual Loops": 1,
            "Output": [
                "count(*)"
            ],
            "Plans": [
                {
                    "Node Type": "Gather",
                    "Parent Relationship": "Outer",
                    "Parallel Aware": false,
                    "Startup Cost": 45765.29,
                    "Total Cost": 45765.6,
                    "Plan Rows": 3,
                    "Plan Width": 8,
                    "Actual Startup Time": 159.572,
                    "Actual Total Time": 165.677,
                    "Actual Rows": 4,
                    "Actual Loops": 1,
                    "Output": [
                        "(PARTIAL count(*))"
                    ],
                    "Workers Planned": 3,
                    "Workers Launched": 3,
                    "Single Copy": false,
                    "Plans": [
                        {
                            "Node Type": "Aggregate",
                            "Strategy": "Plain",
                            "Partial Mode": "Partial",
                            "Parent Relationship": "Outer",
                            "Parallel Aware": false,
                            "Startup Cost": 44765.29,
                            "Total Cost": 44765.3,
                            "Plan Rows": 1,
                            "Plan Width": 8,
                            "Actual Startup Time": 151.42,
                            "Actual Total Time": 151.421,
                            "Actual Rows": 1,
                            "Actual Loops": 4,
                            "Output": [
                                "PARTIAL count(*)"
                            ],
                            "Workers": [
                                {
                                    "Worker Number": 0,
                                    "Actual Startup Time": 148.397,
                                    "Actual Total Time": 148.398,
                                    "Actual Rows": 1,
                                    "Actual Loops": 1
                                },
                                {
                                    "Worker Number": 1,
                                    "Actual Startup Time": 148.95,
                                    "Actual Total Time": 148.951,
                                    "Actual Rows": 1,
                                    "Actual Loops": 1
                                },
                                {
                                    "Worker Number": 2,
                                    "Actual Startup Time": 149.149,
                                    "Actual Total Time": 149.15,
                                    "Actual Rows": 1,
                                    "Actual Loops": 1
                                }
                            ],
                            "Plans": [
                                {
                                    "Node Type": "Seq Scan",
                                    "Parent Relationship": "Outer",
                                    "Parallel Aware": true,
                                    "Relation Name": "movie_keyword",
                                    "Schema": "public",
                                    "Alias": "mk",
                                    "Startup Cost": 0.0,
                                    "Total Cost": 42695.65,
                                    "Plan Rows": 827853,
                                    "Plan Width": 0,
                                    "Actual Startup Time": 0.32,
                                    "Actual Total Time": 118.596,
                                    "Actual Rows": 642060,
                                    "Actual Loops": 4,
                                    "Output": [
                                        "id",
                                        "movie_id",
                                        "keyword_id"
                                    ],
                                    "Filter": "(mk.keyword_id > 3402)",
                                    "Rows Removed by Filter": 488923,
                                    "Workers": [
                                        {
                                            "Worker Number": 0,
                                            "Actual Startup Time": 0.071,
                                            "Actual Total Time": 117.515,
                                            "Actual Rows": 642547,
                                            "Actual Loops": 1
                                        },
                                        {
                                            "Worker Number": 1,
                                            "Actual Startup Time": 0.068,
                                            "Actual Total Time": 117.143,
                                            "Actual Rows": 654601,
                                            "Actual Loops": 1
                                        },
                                        {
                                            "Worker Number": 2,
                                            "Actual Startup Time": 0.06,
                                            "Actual Total Time": 117.429,
                                            "Actual Rows": 427975,
                                            "Actual Loops": 1
                                        }
                                    ]
                                }
                            ]
                        }
                    ]
                }
            ]
        },
        "Planning Time": 213.177,
        "Triggers": [],
        "Execution Time": 165.743
    }
]