[
  {
    "Plan": {
      "Node Type": "Aggregate",
      "Strategy": "Plain",
      "Partial Mode": "Finalize",
      "Parallel Aware": false,
      "Startup Cost": 51622.72,
      "Total Cost": 51622.73,
      "Plan Rows": 1,
      "Plan Width": 8,
      "Actual Startup Time": 122.861,
      "Actual Total Time": 144.139,
      "Actual Rows": 1,
      "Actual Loops": 1,
      "Plans": [
        {
          "Node Type": "Gather",
          "Parent Relationship": "Outer",
          "Parallel Aware": false,
          "Startup Cost": 51622.3,
          "Total Cost": 51622.71,
          "Plan Rows": 4,
          "Plan Width": 8,
          "Actual Startup Time": 121.823,
          "Actual Total Time": 144.127,
          "Actual Rows": 5,
          "Actual Loops": 1,
          "Workers Planned": 4,
          "Workers Launched": 4,
          "Single Copy": false,
          "Plans": [
            {
              "Node Type": "Aggregate",
              "Strategy": "Plain",
              "Partial Mode": "Partial",
              "Parent Relationship": "Outer",
              "Parallel Aware": false,
              "Startup Cost": 50622.3,
              "Total Cost": 50622.31,
              "Plan Rows": 1,
              "Plan Width": 8,
              "Actual Startup Time": 114.785,
              "Actual Total Time": 114.787,
              "Actual Rows": 1,
              "Actual Loops": 5,
              "Plans": [
                {
                  "Node Type": "Nested Loop",
                  "Parent Relationship": "Outer",
                  "Parallel Aware": false,
                  "Join Type": "Inner",
                  "Startup Cost": 1728.75,
                  "Total Cost": 50619.27,
                  "Plan Rows": 1211,
                  "Plan Width": 0,
                  "Actual Startup Time": 4.284,
                  "Actual Total Time": 114.593,
                  "Actual Rows": 1923,
                  "Actual Loops": 5,
                  "Inner Unique": false,
                  "Join Filter": "(t.id = ci.movie_id)",
                  "Rows Removed by Join Filter": 0,
                  "Plans": [
                    {
                      "Node Type": "Nested Loop",
                      "Parent Relationship": "Outer",
                      "Parallel Aware": false,
                      "Join Type": "Inner",
                      "Startup Cost": 1728.19,
                      "Total Cost": 47444.77,
                      "Plan Rows": 1850,
                      "Plan Width": 8,
                      "Actual Startup Time": 2.923,
                      "Actual Total Time": 25.751,
                      "Actual Rows": 2096,
                      "Actual Loops": 5,
                      "Inner Unique": false,
                      "Plans": [
                        {
                          "Node Type": "Bitmap Heap Scan",
                          "Parent Relationship": "Outer",
                          "Parallel Aware": true,
                          "Relation Name": "title",
                          "Alias": "t",
                          "Startup Cost": 1727.76,
                          "Total Cost": 38088.9,
                          "Plan Rows": 1034,
                          "Plan Width": 4,
                          "Actual Startup Time": 2.321,
                          "Actual Total Time": 15.881,
                          "Actual Rows": 797,
                          "Actual Loops": 5,
                          "Recheck Cond": "(kind_id = 3)",
                          "Rows Removed by Index Recheck": 0,
                          "Filter": "(production_year = 2006)",
                          "Rows Removed by Filter": 19310,
                          "Exact Heap Blocks": 4625,
                          "Lossy Heap Blocks": 0,
                          "Plans": [
                            {
                              "Node Type": "Bitmap Index Scan",
                              "Parent Relationship": "Outer",
                              "Parallel Aware": false,
                              "Index Name": "kind_id_title",
                              "Startup Cost": 0.0,
                              "Total Cost": 1726.72,
                              "Plan Rows": 96839,
                              "Plan Width": 0,
                              "Actual Startup Time": 4.803,
                              "Actual Total Time": 4.804,
                              "Actual Rows": 100537,
                              "Actual Loops": 1,
                              "Index Cond": "(kind_id = 3)"
                            }
                          ]
                        },
                        {
                          "Node Type": "Index Only Scan",
                          "Parent Relationship": "Inner",
                          "Parallel Aware": false,
                          "Scan Direction": "Forward",
                          "Index Name": "movie_id_movie_keyword",
                          "Relation Name": "movie_keyword",
                          "Alias": "mk",
                          "Startup Cost": 0.43,
                          "Total Cost": 8.59,
                          "Plan Rows": 46,
                          "Plan Width": 4,
                          "Actual Startup Time": 0.011,
                          "Actual Total Time": 0.012,
                          "Actual Rows": 3,
                          "Actual Loops": 3986,
                          "Index Cond": "(movie_id = t.id)",
                          "Rows Removed by Index Recheck": 0,
                          "Heap Fetches": 10480
                        }
                      ]
                    },
                    {
                      "Node Type": "Index Scan",
                      "Parent Relationship": "Inner",
                      "Parallel Aware": false,
                      "Scan Direction": "Forward",
                      "Index Name": "movie_id_cast_info",
                      "Relation Name": "cast_info",
                      "Alias": "ci",
                      "Startup Cost": 0.56,
                      "Total Cost": 1.69,
                      "Plan Rows": 2,
                      "Plan Width": 4,
                      "Actual Startup Time": 0.035,
                      "Actual Total Time": 0.042,
                      "Actual Rows": 1,
                      "Actual Loops": 10480,
                      "Index Cond": "(movie_id = mk.movie_id)",
                      "Rows Removed by Index Recheck": 0,
                      "Filter": "((person_id < 2319253) AND (role_id = 4))",
                      "Rows Removed by Filter": 46
                    }
                  ]
                }
              ]
            }
          ]
        }
      ]
    },
    "Planning Time": 0.412,
    "Triggers": [],
    "Execution Time": 144.204
  }
]