[
  {
    "Plan": {
      "Node Type": "Aggregate",
      "Strategy": "Plain",
      "Partial Mode": "Finalize",
      "Parallel Aware": false,
      "Startup Cost": 74588.17,
      "Total Cost": 74588.18,
      "Plan Rows": 1,
      "Plan Width": 8,
      "Actual Startup Time": 563.18,
      "Actual Total Time": 587.336,
      "Actual Rows": 1,
      "Actual Loops": 1,
      "Plans": [
        {
          "Node Type": "Gather",
          "Parent Relationship": "Outer",
          "Parallel Aware": false,
          "Startup Cost": 74587.75,
          "Total Cost": 74588.16,
          "Plan Rows": 4,
          "Plan Width": 8,
          "Actual Startup Time": 544.077,
          "Actual Total Time": 587.328,
          "Actual Rows": 5,
          "Actual Loops": 1,
          "Workers Planned": 4,
          "Workers Launched": 4,
          "Single Copy": false,
          "Plans": [
            {
              "Node Type": "Aggregate",
              "Strategy": "Plain",
              "Partial Mode": "Partial",
              "Parent Relationship": "Outer",
              "Parallel Aware": false,
              "Startup Cost": 73587.75,
              "Total Cost": 73587.76,
              "Plan Rows": 1,
              "Plan Width": 8,
              "Actual Startup Time": 524.465,
              "Actual Total Time": 524.47,
              "Actual Rows": 1,
              "Actual Loops": 5,
              "Plans": [
                {
                  "Node Type": "Hash Join",
                  "Parent Relationship": "Outer",
                  "Parallel Aware": true,
                  "Join Type": "Inner",
                  "Startup Cost": 50220.95,
                  "Total Cost": 73112.82,
                  "Plan Rows": 189972,
                  "Plan Width": 0,
                  "Actual Startup Time": 380.968,
                  "Actual Total Time": 515.729,
                  "Actual Rows": 154735,
                  "Actual Loops": 5,
                  "Inner Unique": true,
                  "Hash Cond": "(ci.movie_id = t.id)",
                  "Plans": [
                    {
                      "Node Type": "Index Scan",
                      "Parent Relationship": "Outer",
                      "Parallel Aware": true,
                      "Scan Direction": "Forward",
                      "Index Name": "role_id_cast_info",
                      "Relation Name": "cast_info",
                      "Alias": "ci",
                      "Startup Cost": 0.56,
                      "Total Cost": 22393.76,
                      "Plan Rows": 189972,
                      "Plan Width": 4,
                      "Actual Startup Time": 0.162,
                      "Actual Total Time": 41.849,
                      "Actual Rows": 154735,
                      "Actual Loops": 5,
                      "Index Cond": "(role_id = 6)",
                      "Rows Removed by Index Recheck": 0,
                      "Filter": "(person_id < 3698245)",
                      "Rows Removed by Filter": 0
                    },
                    {
                      "Node Type": "Hash",
                      "Parent Relationship": "Inner",
                      "Parallel Aware": true,
                      "Startup Cost": 42319.06,
                      "Total Cost": 42319.06,
                      "Plan Rows": 632106,
                      "Plan Width": 4,
                      "Actual Startup Time": 371.071,
                      "Actual Total Time": 371.072,
                      "Actual Rows": 505662,
                      "Actual Loops": 5,
                      "Hash Buckets": 4194304,
                      "Original Hash Buckets": 4194304,
                      "Hash Batches": 1,
                      "Original Hash Batches": 1,
                      "Peak Memory Usage": 131744,
                      "Plans": [
                        {
                          "Node Type": "Seq Scan",
                          "Parent Relationship": "Outer",
                          "Parallel Aware": true,
                          "Relation Name": "title",
                          "Alias": "t",
                          "Startup Cost": 0.0,
                          "Total Cost": 42319.06,
                          "Plan Rows": 632106,
                          "Plan Width": 4,
                          "Actual Startup Time": 0.056,
                          "Actual Total Time": 108.434,
                          "Actual Rows": 505662,
                          "Actual Loops": 5
                        }
                      ]
                    }
                  ]
                }
              ]
            }
          ]
        }
      ]
    },
    "Planning Time": 0.252,
    "Triggers": [],
    "Execution Time": 587.38
  }
]