[
  {
    "Plan": {
      "Node Type": "Aggregate",
      "Strategy": "Plain",
      "Partial Mode": "Finalize",
      "Parallel Aware": false,
      "Startup Cost": 44739.66,
      "Total Cost": 44739.67,
      "Plan Rows": 1,
      "Plan Width": 8,
      "Actual Startup Time": 143.946,
      "Actual Total Time": 154.703,
      "Actual Rows": 1,
      "Actual Loops": 1,
      "Plans": [
        {
          "Node Type": "Gather",
          "Parent Relationship": "Outer",
          "Parallel Aware": false,
          "Startup Cost": 44739.34,
          "Total Cost": 44739.65,
          "Plan Rows": 3,
          "Plan Width": 8,
          "Actual Startup Time": 143.811,
          "Actual Total Time": 154.694,
          "Actual Rows": 4,
          "Actual Loops": 1,
          "Workers Planned": 3,
          "Workers Launched": 3,
          "Single Copy": false,
          "Plans": [
            {
              "Node Type": "Aggregate",
              "Strategy": "Plain",
              "Partial Mode": "Partial",
              "Parent Relationship": "Outer",
              "Parallel Aware": false,
              "Startup Cost": 43739.34,
              "Total Cost": 43739.35,
              "Plan Rows": 1,
              "Plan Width": 8,
              "Actual Startup Time": 138.031,
              "Actual Total Time": 138.032,
              "Actual Rows": 1,
              "Actual Loops": 4,
              "Plans": [
                {
                  "Node Type": "Seq Scan",
                  "Parent Relationship": "Outer",
                  "Parallel Aware": true,
                  "Relation Name": "movie_keyword",
                  "Alias": "mk",
                  "Startup Cost": 0.0,
                  "Total Cost": 42695.65,
                  "Plan Rows": 417474,
                  "Plan Width": 0,
                  "Actual Startup Time": 0.049,
                  "Actual Total Time": 119.604,
                  "Actual Rows": 326432,
                  "Actual Loops": 4,
                  "Filter": "(keyword_id < 1712)",
                  "Rows Removed by Filter": 804551
                }
              ]
            }
          ]
        }
      ]
    },
    "Planning Time": 0.16,
    "Triggers": [],
    "Execution Time": 154.753
  }
]