{
  "Plan": {
    "Node Type": "Aggregate",
    "Strategy": "Plain",
    "Partial Mode": "Finalize",
    "Parallel Aware": false,
    "Startup Cost": 192026.05,
    "Total Cost": 192026.06,
    "Plan Rows": 1,
    "Plan Width": 8,
    "Actual Startup Time": 1243.675,
    "Actual Total Time": 1265.556,
    "Actual Rows": 1,
    "Actual Loops": 1,
    "Plans": [
      {
        "Node Type": "Gather",
        "Parent Relationship": "Outer",
        "Parallel Aware": false,
        "Startup Cost": 192025.94,
        "Total Cost": 192026.05,
        "Plan Rows": 1,
        "Plan Width": 8,
        "Actual Startup Time": 1238.561,
        "Actual Total Time": 1265.546,
        "Actual Rows": 2,
        "Actual Loops": 1,
        "Workers Planned": 1,
        "Workers Launched": 1,
        "Single Copy": false,
        "Plans": [
          {
            "Node Type": "Aggregate",
            "Strategy": "Plain",
            "Partial Mode": "Partial",
            "Parent Relationship": "Outer",
            "Parallel Aware": false,
            "Startup Cost": 191025.94,
            "Total Cost": 191025.95,
            "Plan Rows": 1,
            "Plan Width": 8,
            "Actual Startup Time": 1231.321,
            "Actual Total Time": 1232.617,
            "Actual Rows": 1,
            "Actual Loops": 2,
            "Plans": [
              {
                "Node Type": "Hash Join",
                "Parent Relationship": "Outer",
                "Parallel Aware": true,
                "Join Type": "Inner",
                "Startup Cost": 115968.75,
                "Total Cost": 188215.42,
                "Plan Rows": 1124208,
                "Plan Width": 0,
                "Actual Startup Time": 838.204,
                "Actual Total Time": 1208.715,
                "Actual Rows": 598380,
                "Actual Loops": 2,
                "Inner Unique": false,
                "Hash Cond": "(mk.movie_id = t.id)",
                "Plans": [
                  {
                    "Node Type": "Seq Scan",
                    "Parent Relationship": "Outer",
                    "Parallel Aware": true,
                    "Relation Name": "movie_keyword",
                    "Alias": "mk",
                    "Startup Cost": 0.0,
                    "Total Cost": 57718.19,
                    "Plan Rows": 2110799,
                    "Plan Width": 4,
                    "Actual Startup Time": 0.059,
                    "Actual Total Time": 195.994,
                    "Actual Rows": 1790174,
                    "Actual Loops": 2,
                    "Filter": "(keyword_id > 875)",
                    "Rows Removed by Filter": 471790
                  },
                  {
                    "Node Type": "Hash",
                    "Parent Relationship": "Inner",
                    "Parallel Aware": true,
                    "Startup Cost": 106067.55,
                    "Total Cost": 106067.55,
                    "Plan Rows": 792096,
                    "Plan Width": 8,
                    "Actual Startup Time": 823.774,
                    "Actual Total Time": 825.068,
                    "Actual Rows": 291790,
                    "Actual Loops": 2,
                    "Hash Buckets": 2097152,
                    "Original Hash Buckets": 2097152,
                    "Hash Batches": 1,
                    "Original Hash Batches": 1,
                    "Peak Memory Usage": 39264,
                    "Plans": [
                      {
                        "Node Type": "Hash Join",
                        "Parent Relationship": "Outer",
                        "Parallel Aware": true,
                        "Join Type": "Inner",
                        "Startup Cost": 67900.92,
                        "Total Cost": 106067.55,
                        "Plan Rows": 792096,
                        "Plan Width": 8,
                        "Actual Startup Time": 350.333,
                        "Actual Total Time": 745.677,
                        "Actual Rows": 291790,
                        "Actual Loops": 2,
                        "Inner Unique": true,
                        "Hash Cond": "(mc.movie_id = t.id)",
                        "Plans": [
                          {
                            "Node Type": "Seq Scan",
                            "Parent Relationship": "Outer",
                            "Parallel Aware": true,
                            "Relation Name": "movie_companies",
                            "Alias": "mc",
                            "Startup Cost": 0.0,
                            "Total Cost": 34137.82,
                            "Plan Rows": 1534782,
                            "Plan Width": 4,
                            "Actual Startup Time": 0.013,
                            "Actual Total Time": 100.667,
                            "Actual Rows": 1304564,
                            "Actual Loops": 2
                          },
                          {
                            "Node Type": "Hash",
                            "Parent Relationship": "Inner",
                            "Parallel Aware": true,
                            "Startup Cost": 58306.47,
                            "Total Cost": 58306.47,
                            "Plan Rows": 767556,
                            "Plan Width": 4,
                            "Actual Startup Time": 342.763,
                            "Actual Total Time": 342.763,
                            "Actual Rows": 691552,
                            "Actual Loops": 2,
                            "Hash Buckets": 2097152,
                            "Original Hash Buckets": 2097152,
                            "Hash Batches": 1,
                            "Original Hash Batches": 1,
                            "Peak Memory Usage": 70496,
                            "Plans": [
                              {
                                "Node Type": "Seq Scan",
                                "Parent Relationship": "Outer",
                                "Parallel Aware": true,
                                "Relation Name": "title",
                                "Alias": "t",
                                "Startup Cost": 0.0,
                                "Total Cost": 58306.47,
                                "Plan Rows": 767556,
                                "Plan Width": 4,
                                "Actual Startup Time": 0.03,
                                "Actual Total Time": 166.882,
                                "Actual Rows": 691552,
                                "Actual Loops": 2,
                                "Filter": "((production_year > 1966) AND (kind_id = 7))",
                                "Rows Removed by Filter": 572604
                              }
                            ]
                          }
                        ]
                      }
                    ]
                  }
                ]
              }
            ]
          }
        ]
      }
    ]
  },
  "Planning Time": 0.983,
  "Triggers": [],
  "Execution Time": 1265.637
}