[
  {
    "Plan": {
      "Node Type": "Aggregate",
      "Strategy": "Plain",
      "Partial Mode": "Simple",
      "Parallel Aware": false,
      "Startup Cost": 311127.91,
      "Total Cost": 311127.92,
      "Plan Rows": 1,
      "Plan Width": 64,
      "Actual Startup Time": 8373.604,
      "Actual Total Time": 8373.609,
      "Actual Rows": 1,
      "Actual Loops": 1,
      "Output": [
        "min(mi_idx.info)",
        "min(t.title)"
      ],
      "Plans": [
        {
          "Node Type": "Nested Loop",
          "Parent Relationship": "Outer",
          "Parallel Aware": false,
          "Join Type": "Inner",
          "Startup Cost": 111520.43,
          "Total Cost": 308281.56,
          "Plan Rows": 569271,
          "Plan Width": 22,
          "Actual Startup Time": 1423.996,
          "Actual Total Time": 8351.474,
          "Actual Rows": 164922,
          "Actual Loops": 1,
          "Output": [
            "mi_idx.info",
            "t.title"
          ],
          "Inner Unique": false,
          "Join Filter": "(t.id = mi.movie_id)",
          "Rows Removed by Join Filter": 0,
          "Plans": [
            {
              "Node Type": "Hash Join",
              "Parent Relationship": "Outer",
              "Parallel Aware": false,
              "Join Type": "Inner",
              "Startup Cost": 111519.99,
              "Total Cost": 167751.44,
              "Plan Rows": 81517,
              "Plan Width": 34,
              "Actual Startup Time": 1422.696,
              "Actual Total Time": 2277.518,
              "Actual Rows": 402740,
              "Actual Loops": 1,
              "Output": [
                "mc.movie_id",
                "mi_idx.info",
                "mi_idx.movie_id",
                "t.title",
                "t.id"
              ],
              "Inner Unique": false,
              "Hash Cond": "(mc.movie_id = t.id)",
              "Plans": [
                {
                  "Node Type": "Seq Scan",
                  "Parent Relationship": "Outer",
                  "Parallel Aware": false,
                  "Relation Name": "movie_companies",
                  "Schema": "public",
                  "Alias": "mc",
                  "Startup Cost": 0.0,
                  "Total Cost": 44881.29,
                  "Plan Rows": 2609129,
                  "Plan Width": 4,
                  "Actual Startup Time": 0.021,
                  "Actual Total Time": 296.005,
                  "Actual Rows": 2609129,
                  "Actual Loops": 1,
                  "Output": [
                    "mc.id",
                    "mc.movie_id",
                    "mc.company_id",
                    "mc.company_type_id",
                    "mc.note"
                  ]
                },
                {
                  "Node Type": "Hash",
                  "Parent Relationship": "Inner",
                  "Parallel Aware": false,
                  "Startup Cost": 109623.23,
                  "Total Cost": 109623.23,
                  "Plan Rows": 151741,
                  "Plan Width": 30,
                  "Actual Startup Time": 1419.004,
                  "Actual Total Time": 1419.007,
                  "Actual Rows": 131391,
                  "Actual Loops": 1,
                  "Output": [
                    "mi_idx.info",
                    "mi_idx.movie_id",
                    "t.title",
                    "t.id"
                  ],
                  "Hash Buckets": 262144,
                  "Original Hash Buckets": 262144,
                  "Hash Batches": 1,
                  "Original Hash Batches": 1,
                  "Peak Memory Usage": 10312,
                  "Plans": [
                    {
                      "Node Type": "Hash Join",
                      "Parent Relationship": "Outer",
                      "Parallel Aware": false,
                      "Join Type": "Inner",
                      "Startup Cost": 83060.17,
                      "Total Cost": 109623.23,
                      "Plan Rows": 151741,
                      "Plan Width": 30,
                      "Actual Startup Time": 938.922,
                      "Actual Total Time": 1365.046,
                      "Actual Rows": 131391,
                      "Actual Loops": 1,
                      "Output": [
                        "mi_idx.info",
                        "mi_idx.movie_id",
                        "t.title",
                        "t.id"
                      ],
                      "Inner Unique": true,
                      "Hash Cond": "(mi_idx.movie_id = t.id)",
                      "Plans": [
                        {
                          "Node Type": "Seq Scan",
                          "Parent Relationship": "Outer",
                          "Parallel Aware": false,
                          "Relation Name": "movie_info_idx",
                          "Schema": "public",
                          "Alias": "mi_idx",
                          "Startup Cost": 0.0,
                          "Total Cost": 25185.44,
                          "Plan Rows": 524808,
                          "Plan Width": 9,
                          "Actual Startup Time": 0.032,
                          "Actual Total Time": 245.312,
                          "Actual Rows": 517682,
                          "Actual Loops": 1,
                          "Output": [
                            "mi_idx.id",
                            "mi_idx.movie_id",
                            "mi_idx.info_type_id",
                            "mi_idx.info",
                            "mi_idx.note"
                          ],
                          "Filter": "(mi_idx.info > '5.0'::text)",
                          "Rows Removed by Filter": 862353
                        },
                        {
                          "Node Type": "Hash",
                          "Parent Relationship": "Inner",
                          "Parallel Aware": false,
                          "Startup Cost": 73922.39,
                          "Total Cost": 73922.39,
                          "Plan Rows": 731022,
                          "Plan Width": 21,
                          "Actual Startup Time": 925.973,
                          "Actual Total Time": 925.974,
                          "Actual Rows": 716259,
                          "Actual Loops": 1,
                          "Output": [
                            "t.title",
                            "t.id"
                          ],
                          "Hash Buckets": 1048576,
                          "Original Hash Buckets": 1048576,
                          "Hash Batches": 1,
                          "Original Hash Batches": 1,
                          "Peak Memory Usage": 46447,
                          "Plans": [
                            {
                              "Node Type": "Seq Scan",
                              "Parent Relationship": "Outer",
                              "Parallel Aware": false,
                              "Relation Name": "title",
                              "Schema": "public",
                              "Alias": "t",
                              "Startup Cost": 0.0,
                              "Total Cost": 73922.39,
                              "Plan Rows": 731022,
                              "Plan Width": 21,
                              "Actual Startup Time": 0.108,
                              "Actual Total Time": 631.585,
                              "Actual Rows": 716259,
                              "Actual Loops": 1,
                              "Output": [
                                "t.title",
                                "t.id"
                              ],
                              "Filter": "((t.production_year >= 2005) AND (t.production_year <= 2010))",
                              "Rows Removed by Filter": 1812053
                            }
                          ]
                        }
                      ]
                    }
                  ]
                }
              ]
            },
            {
              "Node Type": "Index Scan",
              "Parent Relationship": "Inner",
              "Parallel Aware": false,
              "Scan Direction": "Forward",
              "Index Name": "movie_id_movie_info",
              "Relation Name": "movie_info",
              "Schema": "public",
              "Alias": "mi",
              "Startup Cost": 0.43,
              "Total Cost": 1.71,
              "Plan Rows": 1,
              "Plan Width": 4,
              "Actual Startup Time": 0.015,
              "Actual Total Time": 0.015,
              "Actual Rows": 0,
              "Actual Loops": 402740,
              "Output": [
                "mi.id",
                "mi.movie_id",
                "mi.info_type_id",
                "mi.info",
                "mi.note"
              ],
              "Index Cond": "(mi.movie_id = mc.movie_id)",
              "Rows Removed by Index Recheck": 0,
              "Filter": "(mi.info = ANY ('{Drama,Horror,Western,Family}'::text[]))",
              "Rows Removed by Filter": 45
            }
          ]
        }
      ]
    },
    "Planning Time": 6201.705,
    "Triggers": [],
    "Execution Time": 8375.053
  }
]