[
  {
    "Plan": {
      "Node Type": "Aggregate",
      "Strategy": "Plain",
      "Partial Mode": "Finalize",
      "Parallel Aware": false,
      "Startup Cost": 51038.73,
      "Total Cost": 51038.74,
      "Plan Rows": 1,
      "Plan Width": 8,
      "Actual Startup Time": 109.865,
      "Actual Total Time": 123.09,
      "Actual Rows": 1,
      "Actual Loops": 1,
      "Plans": [
        {
          "Node Type": "Gather",
          "Parent Relationship": "Outer",
          "Parallel Aware": false,
          "Startup Cost": 51038.31,
          "Total Cost": 51038.72,
          "Plan Rows": 4,
          "Plan Width": 8,
          "Actual Startup Time": 109.666,
          "Actual Total Time": 123.079,
          "Actual Rows": 5,
          "Actual Loops": 1,
          "Workers Planned": 4,
          "Workers Launched": 4,
          "Single Copy": false,
          "Plans": [
            {
              "Node Type": "Aggregate",
              "Strategy": "Plain",
              "Partial Mode": "Partial",
              "Parent Relationship": "Outer",
              "Parallel Aware": false,
              "Startup Cost": 50038.31,
              "Total Cost": 50038.32,
              "Plan Rows": 1,
              "Plan Width": 8,
              "Actual Startup Time": 99.46,
              "Actual Total Time": 99.462,
              "Actual Rows": 1,
              "Actual Loops": 5,
              "Plans": [
                {
                  "Node Type": "Nested Loop",
                  "Parent Relationship": "Outer",
                  "Parallel Aware": false,
                  "Join Type": "Inner",
                  "Startup Cost": 0.43,
                  "Total Cost": 50038.02,
                  "Plan Rows": 115,
                  "Plan Width": 0,
                  "Actual Startup Time": 4.1,
                  "Actual Total Time": 99.412,
                  "Actual Rows": 232,
                  "Actual Loops": 5,
                  "Inner Unique": false,
                  "Plans": [
                    {
                      "Node Type": "Seq Scan",
                      "Parent Relationship": "Outer",
                      "Parallel Aware": true,
                      "Relation Name": "title",
                      "Alias": "t",
                      "Startup Cost": 0.0,
                      "Total Cost": 45479.59,
                      "Plan Rows": 625,
                      "Plan Width": 4,
                      "Actual Startup Time": 3.218,
                      "Actual Total Time": 92.141,
                      "Actual Rows": 609,
                      "Actual Loops": 5,
                      "Filter": "((kind_id < 7) AND (production_year = 1952))",
                      "Rows Removed by Filter": 505054
                    },
                    {
                      "Node Type": "Index Scan",
                      "Parent Relationship": "Inner",
                      "Parallel Aware": false,
                      "Scan Direction": "Forward",
                      "Index Name": "movie_id_movie_info_idx",
                      "Relation Name": "movie_info_idx",
                      "Alias": "mi_idx",
                      "Startup Cost": 0.43,
                      "Total Cost": 7.28,
                      "Plan Rows": 1,
                      "Plan Width": 4,
                      "Actual Startup Time": 0.011,
                      "Actual Total Time": 0.011,
                      "Actual Rows": 0,
                      "Actual Loops": 3043,
                      "Index Cond": "(movie_id = t.id)",
                      "Rows Removed by Index Recheck": 0,
                      "Filter": "(info_type_id > 100)",
                      "Rows Removed by Filter": 1
                    }
                  ]
                }
              ]
            }
          ]
        }
      ]
    },
    "Planning Time": 0.588,
    "Triggers": [],
    "Execution Time": 123.159
  }
]