[
  {
    "Plan": {
      "Node Type": "Aggregate",
      "Strategy": "Plain",
      "Partial Mode": "Finalize",
      "Parallel Aware": false,
      "Startup Cost": 442642.16,
      "Total Cost": 442642.17,
      "Plan Rows": 1,
      "Plan Width": 8,
      "Actual Startup Time": 2313.364,
      "Actual Total Time": 2405.074,
      "Actual Rows": 1,
      "Actual Loops": 1,
      "Plans": [
        {
          "Node Type": "Gather",
          "Parent Relationship": "Outer",
          "Parallel Aware": false,
          "Startup Cost": 442641.53,
          "Total Cost": 442642.14,
          "Plan Rows": 6,
          "Plan Width": 8,
          "Actual Startup Time": 2293.598,
          "Actual Total Time": 2405.046,
          "Actual Rows": 7,
          "Actual Loops": 1,
          "Workers Planned": 6,
          "Workers Launched": 6,
          "Single Copy": false,
          "Plans": [
            {
              "Node Type": "Aggregate",
              "Strategy": "Plain",
              "Partial Mode": "Partial",
              "Parent Relationship": "Outer",
              "Parallel Aware": false,
              "Startup Cost": 441641.53,
              "Total Cost": 441641.54,
              "Plan Rows": 1,
              "Plan Width": 8,
              "Actual Startup Time": 2282.128,
              "Actual Total Time": 2282.339,
              "Actual Rows": 1,
              "Actual Loops": 7,
              "Plans": [
                {
                  "Node Type": "Hash Join",
                  "Parent Relationship": "Outer",
                  "Parallel Aware": true,
                  "Join Type": "Inner",
                  "Startup Cost": 93080.84,
                  "Total Cost": 439819.24,
                  "Plan Rows": 728918,
                  "Plan Width": 0,
                  "Actual Startup Time": 405.127,
                  "Actual Total Time": 2142.304,
                  "Actual Rows": 2359308,
                  "Actual Loops": 7,
                  "Inner Unique": false,
                  "Hash Cond": "(ci.movie_id = t.id)",
                  "Plans": [
                    {
                      "Node Type": "Seq Scan",
                      "Parent Relationship": "Outer",
                      "Parallel Aware": true,
                      "Relation Name": "cast_info",
                      "Alias": "ci",
                      "Startup Cost": 0.0,
                      "Total Cost": 328162.03,
                      "Plan Rows": 4326673,
                      "Plan Width": 4,
                      "Actual Startup Time": 0.026,
                      "Actual Total Time": 781.161,
                      "Actual Rows": 3723656,
                      "Actual Loops": 7,
                      "Filter": "(person_id < 2697531)",
                      "Rows Removed by Filter": 1454108
                    },
                    {
                      "Node Type": "Hash",
                      "Parent Relationship": "Inner",
                      "Parallel Aware": true,
                      "Startup Cost": 91363.33,
                      "Total Cost": 91363.33,
                      "Plan Rows": 137401,
                      "Plan Width": 8,
                      "Actual Startup Time": 402.783,
                      "Actual Total Time": 402.992,
                      "Actual Rows": 72740,
                      "Actual Loops": 7,
                      "Hash Buckets": 524288,
                      "Original Hash Buckets": 524288,
                      "Hash Batches": 1,
                      "Original Hash Batches": 1,
                      "Peak Memory Usage": 24160,
                      "Plans": [
                        {
                          "Node Type": "Hash Join",
                          "Parent Relationship": "Outer",
                          "Parallel Aware": true,
                          "Join Type": "Inner",
                          "Startup Cost": 63509.32,
                          "Total Cost": 91363.33,
                          "Plan Rows": 137401,
                          "Plan Width": 8,
                          "Actual Startup Time": 275.197,
                          "Actual Total Time": 375.132,
                          "Actual Rows": 72740,
                          "Actual Loops": 7,
                          "Inner Unique": true,
                          "Hash Cond": "(mk.movie_id = t.id)",
                          "Plans": [
                            {
                              "Node Type": "Bitmap Heap Scan",
                              "Parent Relationship": "Outer",
                              "Parallel Aware": true,
                              "Relation Name": "movie_keyword",
                              "Alias": "mk",
                              "Startup Cost": 14781.11,
                              "Total Cost": 42045.04,
                              "Plan Rows": 224794,
                              "Plan Width": 4,
                              "Actual Startup Time": 41.786,
                              "Actual Total Time": 101.831,
                              "Actual Rows": 98006,
                              "Actual Loops": 7,
                              "Recheck Cond": "(keyword_id > 27439)",
                              "Rows Removed by Index Recheck": 0,
                              "Exact Heap Blocks": 4004,
                              "Lossy Heap Blocks": 0,
                              "Plans": [
                                {
                                  "Node Type": "Bitmap Index Scan",
                                  "Parent Relationship": "Outer",
                                  "Parallel Aware": false,
                                  "Index Name": "keyword_id_movie_keyword",
                                  "Startup Cost": 0.0,
                                  "Total Cost": 14606.9,
                                  "Plan Rows": 696862,
                                  "Plan Width": 0,
                                  "Actual Startup Time": 38.176,
                                  "Actual Total Time": 38.176,
                                  "Actual Rows": 686039,
                                  "Actual Loops": 1,
                                  "Index Cond": "(keyword_id > 27439)"
                                }
                              ]
                            },
                            {
                              "Node Type": "Hash",
                              "Parent Relationship": "Inner",
                              "Parallel Aware": true,
                              "Startup Cost": 43898.92,
                              "Total Cost": 43898.92,
                              "Plan Rows": 386343,
                              "Plan Width": 4,
                              "Actual Startup Time": 230.164,
                              "Actual Total Time": 230.165,
                              "Actual Rows": 221675,
                              "Actual Loops": 7,
                              "Hash Buckets": 2097152,
                              "Original Hash Buckets": 2097152,
                              "Hash Batches": 1,
                              "Original Hash Batches": 1,
                              "Peak Memory Usage": 77216,
                              "Plans": [
                                {
                                  "Node Type": "Seq Scan",
                                  "Parent Relationship": "Outer",
                                  "Parallel Aware": true,
                                  "Relation Name": "title",
                                  "Alias": "t",
                                  "Startup Cost": 0.0,
                                  "Total Cost": 43898.92,
                                  "Plan Rows": 386343,
                                  "Plan Width": 4,
                                  "Actual Startup Time": 0.051,
                                  "Actual Total Time": 96.837,
                                  "Actual Rows": 221675,
                                  "Actual Loops": 7,
                                  "Filter": "(production_year < 2007)",
                                  "Rows Removed by Filter": 139512
                                }
                              ]
                            }
                          ]
                        }
                      ]
                    }
                  ]
                }
              ]
            }
          ]
        }
      ]
    },
    "Planning Time": 1.326,
    "Triggers": [],
    "Execution Time": 2405.21
  }
]