[
  {
    "Plan": {
      "Node Type": "Aggregate",
      "Strategy": "Plain",
      "Partial Mode": "Finalize",
      "Parallel Aware": false,
      "Startup Cost": 137608.75,
      "Total Cost": 137608.76,
      "Plan Rows": 1,
      "Plan Width": 8,
      "Actual Startup Time": 1272.784,
      "Actual Total Time": 1297.606,
      "Actual Rows": 1,
      "Actual Loops": 1,
      "Plans": [
        {
          "Node Type": "Gather",
          "Parent Relationship": "Outer",
          "Parallel Aware": false,
          "Startup Cost": 137608.43,
          "Total Cost": 137608.74,
          "Plan Rows": 3,
          "Plan Width": 8,
          "Actual Startup Time": 1272.774,
          "Actual Total Time": 1297.598,
          "Actual Rows": 4,
          "Actual Loops": 1,
          "Workers Planned": 3,
          "Workers Launched": 3,
          "Single Copy": false,
          "Plans": [
            {
              "Node Type": "Aggregate",
              "Strategy": "Plain",
              "Partial Mode": "Partial",
              "Parent Relationship": "Outer",
              "Parallel Aware": false,
              "Startup Cost": 136608.43,
              "Total Cost": 136608.44,
              "Plan Rows": 1,
              "Plan Width": 8,
              "Actual Startup Time": 1251.233,
              "Actual Total Time": 1251.236,
              "Actual Rows": 1,
              "Actual Loops": 4,
              "Plans": [
                {
                  "Node Type": "Nested Loop",
                  "Parent Relationship": "Outer",
                  "Parallel Aware": false,
                  "Join Type": "Inner",
                  "Startup Cost": 45616.58,
                  "Total Cost": 136238.4,
                  "Plan Rows": 148010,
                  "Plan Width": 0,
                  "Actual Startup Time": 103.511,
                  "Actual Total Time": 1149.725,
                  "Actual Rows": 2486832,
                  "Actual Loops": 4,
                  "Inner Unique": false,
                  "Join Filter": "(t.id = mi.movie_id)",
                  "Rows Removed by Join Filter": 0,
                  "Plans": [
                    {
                      "Node Type": "Hash Join",
                      "Parent Relationship": "Outer",
                      "Parallel Aware": true,
                      "Join Type": "Inner",
                      "Startup Cost": 45616.15,
                      "Total Cost": 88494.23,
                      "Plan Rows": 25313,
                      "Plan Width": 8,
                      "Actual Startup Time": 103.436,
                      "Actual Total Time": 279.872,
                      "Actual Rows": 37758,
                      "Actual Loops": 4,
                      "Inner Unique": true,
                      "Hash Cond": "(mk.movie_id = t.id)",
                      "Plans": [
                        {
                          "Node Type": "Seq Scan",
                          "Parent Relationship": "Outer",
                          "Parallel Aware": true,
                          "Relation Name": "movie_keyword",
                          "Alias": "mk",
                          "Startup Cost": 0.0,
                          "Total Cost": 39047.32,
                          "Plan Rows": 1459332,
                          "Plan Width": 4,
                          "Actual Startup Time": 0.022,
                          "Actual Total Time": 86.437,
                          "Actual Rows": 1130982,
                          "Actual Loops": 4
                        },
                        {
                          "Node Type": "Hash",
                          "Parent Relationship": "Inner",
                          "Parallel Aware": true,
                          "Startup Cost": 45479.1,
                          "Total Cost": 45479.1,
                          "Plan Rows": 10964,
                          "Plan Width": 4,
                          "Actual Startup Time": 102.017,
                          "Actual Total Time": 102.018,
                          "Actual Rows": 8476,
                          "Actual Loops": 4,
                          "Hash Buckets": 65536,
                          "Original Hash Buckets": 65536,
                          "Hash Batches": 1,
                          "Original Hash Batches": 1,
                          "Peak Memory Usage": 1856,
                          "Plans": [
                            {
                              "Node Type": "Seq Scan",
                              "Parent Relationship": "Outer",
                              "Parallel Aware": true,
                              "Relation Name": "title",
                              "Alias": "t",
                              "Startup Cost": 0.0,
                              "Total Cost": 45479.1,
                              "Plan Rows": 10964,
                              "Plan Width": 4,
                              "Actual Startup Time": 0.12,
                              "Actual Total Time": 98.42,
                              "Actual Rows": 8476,
                              "Actual Loops": 4,
                              "Filter": "((kind_id < 7) AND (production_year = 2006))",
                              "Rows Removed by Filter": 623602
                            }
                          ]
                        }
                      ]
                    },
                    {
                      "Node Type": "Index Only Scan",
                      "Parent Relationship": "Inner",
                      "Parallel Aware": false,
                      "Scan Direction": "Forward",
                      "Index Name": "movie_id_movie_info",
                      "Relation Name": "movie_info",
                      "Alias": "mi",
                      "Startup Cost": 0.43,
                      "Total Cost": 1.36,
                      "Plan Rows": 42,
                      "Plan Width": 4,
                      "Actual Startup Time": 0.004,
                      "Actual Total Time": 0.018,
                      "Actual Rows": 66,
                      "Actual Loops": 151030,
                      "Index Cond": "(movie_id = mk.movie_id)",
                      "Rows Removed by Index Recheck": 0,
                      "Heap Fetches": 9947329
                    }
                  ]
                }
              ]
            }
          ]
        }
      ]
    },
    "Planning Time": 1.45,
    "Triggers": [],
    "Execution Time": 1297.707
  }
]