[
    {
        "Bao": {
            "Bao prediction": 1249.64,
            "Bao recommended hint": "SET enable_nestloop TO off; "
        }
    },
    {
        "Plan": {
            "Node Type": "Aggregate",
            "Strategy": "Plain",
            "Partial Mode": "Finalize",
            "Parallel Aware": false,
            "Startup Cost": 292918.15,
            "Total Cost": 292918.16,
            "Plan Rows": 1,
            "Plan Width": 8,
            "Actual Startup Time": 1124.421,
            "Actual Total Time": 1156.66,
            "Actual Rows": 1,
            "Actual Loops": 1,
            "Output": [
                "count(*)"
            ],
            "Plans": [
                {
                    "Node Type": "Gather",
                    "Parent Relationship": "Outer",
                    "Parallel Aware": false,
                    "Startup Cost": 292917.63,
                    "Total Cost": 292918.14,
                    "Plan Rows": 5,
                    "Plan Width": 8,
                    "Actual Startup Time": 1105.44,
                    "Actual Total Time": 1156.631,
                    "Actual Rows": 6,
                    "Actual Loops": 1,
                    "Output": [
                        "(PARTIAL count(*))"
                    ],
                    "Workers Planned": 5,
                    "Workers Launched": 5,
                    "Single Copy": false,
                    "Plans": [
                        {
                            "Node Type": "Aggregate",
                            "Strategy": "Plain",
                            "Partial Mode": "Partial",
                            "Parent Relationship": "Outer",
                            "Parallel Aware": false,
                            "Startup Cost": 291917.63,
                            "Total Cost": 291917.64,
                            "Plan Rows": 1,
                            "Plan Width": 8,
                            "Actual Startup Time": 1089.479,
                            "Actual Total Time": 1089.485,
                            "Actual Rows": 1,
                            "Actual Loops": 6,
                            "Output": [
                                "PARTIAL count(*)"
                            ],
                            "Workers": [
                                {
                                    "Worker Number": 0,
                                    "Actual Startup Time": 1084.504,
                                    "Actual Total Time": 1084.509,
                                    "Actual Rows": 1,
                                    "Actual Loops": 1
                                },
                                {
                                    "Worker Number": 1,
                                    "Actual Startup Time": 1084.494,
                                    "Actual Total Time": 1084.499,
                                    "Actual Rows": 1,
                                    "Actual Loops": 1
                                },
                                {
                                    "Worker Number": 2,
                                    "Actual Startup Time": 1084.716,
                                    "Actual Total Time": 1084.722,
                                    "Actual Rows": 1,
                                    "Actual Loops": 1
                                },
                                {
                                    "Worker Number": 3,
                                    "Actual Startup Time": 1084.581,
                                    "Actual Total Time": 1084.587,
                                    "Actual Rows": 1,
                                    "Actual Loops": 1
                                },
                                {
                                    "Worker Number": 4,
                                    "Actual Startup Time": 1094.079,
                                    "Actual Total Time": 1094.085,
                                    "Actual Rows": 1,
                                    "Actual Loops": 1
                                }
                            ],
                            "Plans": [
                                {
                                    "Node Type": "Hash Join",
                                    "Parent Relationship": "Outer",
                                    "Parallel Aware": true,
                                    "Join Type": "Inner",
                                    "Startup Cost": 87802.85,
                                    "Total Cost": 291242.94,
                                    "Plan Rows": 269877,
                                    "Plan Width": 0,
                                    "Actual Startup Time": 375.21,
                                    "Actual Total Time": 1084.465,
                                    "Actual Rows": 69789,
                                    "Actual Loops": 6,
                                    "Inner Unique": false,
                                    "Hash Cond": "(mi.movie_id = t.id)",
                                    "Workers": [
                                        {
                                            "Worker Number": 0,
                                            "Actual Startup Time": 370.23,
                                            "Actual Total Time": 1079.617,
                                            "Actual Rows": 65687,
                                            "Actual Loops": 1
                                        },
                                        {
                                            "Worker Number": 1,
                                            "Actual Startup Time": 370.245,
                                            "Actual Total Time": 1079.594,
                                            "Actual Rows": 66558,
                                            "Actual Loops": 1
                                        },
                                        {
                                            "Worker Number": 2,
                                            "Actual Startup Time": 370.507,
                                            "Actual Total Time": 1079.775,
                                            "Actual Rows": 66858,
                                            "Actual Loops": 1
                                        },
                                        {
                                            "Worker Number": 3,
                                            "Actual Startup Time": 370.29,
                                            "Actual Total Time": 1079.525,
                                            "Actual Rows": 68407,
                                            "Actual Loops": 1
                                        },
                                        {
                                            "Worker Number": 4,
                                            "Actual Startup Time": 379.764,
                                            "Actual Total Time": 1089.297,
                                            "Actual Rows": 64197,
                                            "Actual Loops": 1
                                        }
                                    ],
                                    "Plans": [
                                        {
                                            "Node Type": "Seq Scan",
                                            "Parent Relationship": "Outer",
                                            "Parallel Aware": true,
                                            "Relation Name": "movie_info",
                                            "Schema": "public",
                                            "Alias": "mi",
                                            "Startup Cost": 0.0,
                                            "Total Cost": 191503.19,
                                            "Plan Rows": 2951019,
                                            "Plan Width": 4,
                                            "Actual Startup Time": 0.028,
                                            "Actual Total Time": 385.39,
                                            "Actual Rows": 2472620,
                                            "Actual Loops": 6,
                                            "Output": [
                                                "mi.id",
                                                "mi.movie_id",
                                                "mi.info_type_id",
                                                "mi.info",
                                                "mi.note"
                                            ],
                                            "Workers": [
                                                {
                                                    "Worker Number": 0,
                                                    "Actual Startup Time": 0.032,
                                                    "Actual Total Time": 390.993,
                                                    "Actual Rows": 2372940,
                                                    "Actual Loops": 1
                                                },
                                                {
                                                    "Worker Number": 1,
                                                    "Actual Startup Time": 0.036,
                                                    "Actual Total Time": 392.246,
                                                    "Actual Rows": 2375586,
                                                    "Actual Loops": 1
                                                },
                                                {
                                                    "Worker Number": 2,
                                                    "Actual Startup Time": 0.033,
                                                    "Actual Total Time": 396.317,
                                                    "Actual Rows": 2345425,
                                                    "Actual Loops": 1
                                                },
                                                {
                                                    "Worker Number": 3,
                                                    "Actual Startup Time": 0.025,
                                                    "Actual Total Time": 391.265,
                                                    "Actual Rows": 2363928,
                                                    "Actual Loops": 1
                                                },
                                                {
                                                    "Worker Number": 4,
                                                    "Actual Startup Time": 0.031,
                                                    "Actual Total Time": 396.486,
                                                    "Actual Rows": 2330296,
                                                    "Actual Loops": 1
                                                }
                                            ]
                                        },
                                        {
                                            "Node Type": "Hash",
                                            "Parent Relationship": "Inner",
                                            "Parallel Aware": true,
                                            "Startup Cost": 86870.52,
                                            "Total Cost": 86870.52,
                                            "Plan Rows": 74587,
                                            "Plan Width": 8,
                                            "Actual Startup Time": 373.146,
                                            "Actual Total Time": 373.15,
                                            "Actual Rows": 8124,
                                            "Actual Loops": 6,
                                            "Output": [
                                                "t.id",
                                                "mk.movie_id"
                                            ],
                                            "Hash Buckets": 262144,
                                            "Original Hash Buckets": 262144,
                                            "Hash Batches": 1,
                                            "Original Hash Batches": 1,
                                            "Peak Memory Usage": 4064,
                                            "Workers": [
                                                {
                                                    "Worker Number": 0,
                                                    "Actual Startup Time": 369.355,
                                                    "Actual Total Time": 369.358,
                                                    "Actual Rows": 6957,
                                                    "Actual Loops": 1
                                                },
                                                {
                                                    "Worker Number": 1,
                                                    "Actual Startup Time": 369.433,
                                                    "Actual Total Time": 369.437,
                                                    "Actual Rows": 7117,
                                                    "Actual Loops": 1
                                                },
                                                {
                                                    "Worker Number": 2,
                                                    "Actual Startup Time": 369.602,
                                                    "Actual Total Time": 369.606,
                                                    "Actual Rows": 6761,
                                                    "Actual Loops": 1
                                                },
                                                {
                                                    "Worker Number": 3,
                                                    "Actual Startup Time": 369.541,
                                                    "Actual Total Time": 369.544,
                                                    "Actual Rows": 6676,
                                                    "Actual Loops": 1
                                                },
                                                {
                                                    "Worker Number": 4,
                                                    "Actual Startup Time": 379.003,
                                                    "Actual Total Time": 379.007,
                                                    "Actual Rows": 12679,
                                                    "Actual Loops": 1
                                                }
                                            ],
                                            "Plans": [
                                                {
                                                    "Node Type": "Hash Join",
                                                    "Parent Relationship": "Outer",
                                                    "Parallel Aware": true,
                                                    "Join Type": "Inner",
                                                    "Startup Cost": 59916.13,
                                                    "Total Cost": 86870.52,
                                                    "Plan Rows": 74587,
                                                    "Plan Width": 8,
                                                    "Actual Startup Time": 270.274,
                                                    "Actual Total Time": 367.897,
                                                    "Actual Rows": 8124,
                                                    "Actual Loops": 6,
                                                    "Output": [
                                                        "t.id",
                                                        "mk.movie_id"
                                                    ],
                                                    "Inner Unique": true,
                                                    "Hash Cond": "(mk.movie_id = t.id)",
                                                    "Workers": [
                                                        {
                                                            "Worker Number": 0,
                                                            "Actual Startup Time": 266.415,
                                                            "Actual Total Time": 364.849,
                                                            "Actual Rows": 6957,
                                                            "Actual Loops": 1
                                                        },
                                                        {
                                                            "Worker Number": 1,
                                                            "Actual Startup Time": 266.797,
                                                            "Actual Total Time": 363.967,
                                                            "Actual Rows": 7117,
                                                            "Actual Loops": 1
                                                        },
                                                        {
                                                            "Worker Number": 2,
                                                            "Actual Startup Time": 266.975,
                                                            "Actual Total Time": 364.185,
                                                            "Actual Rows": 6761,
                                                            "Actual Loops": 1
                                                        },
                                                        {
                                                            "Worker Number": 3,
                                                            "Actual Startup Time": 266.586,
                                                            "Actual Total Time": 364.105,
                                                            "Actual Rows": 6676,
                                                            "Actual Loops": 1
                                                        },
                                                        {
                                                            "Worker Number": 4,
                                                            "Actual Startup Time": 275.782,
                                                            "Actual Total Time": 373.706,
                                                            "Actual Rows": 12679,
                                                            "Actual Loops": 1
                                                        }
                                                    ],
                                                    "Plans": [
                                                        {
                                                            "Node Type": "Bitmap Heap Scan",
                                                            "Parent Relationship": "Outer",
                                                            "Parallel Aware": true,
                                                            "Relation Name": "movie_keyword",
                                                            "Schema": "public",
                                                            "Alias": "mk",
                                                            "Startup Cost": 10872.12,
                                                            "Total Cost": 37392.56,
                                                            "Plan Rows": 165315,
                                                            "Plan Width": 4,
                                                            "Actual Startup Time": 59.016,
                                                            "Actual Total Time": 123.501,
                                                            "Actual Rows": 84914,
                                                            "Actual Loops": 6,
                                                            "Output": [
                                                                "mk.id",
                                                                "mk.movie_id",
                                                                "mk.keyword_id"
                                                            ],
                                                            "Recheck Cond": "(mk.keyword_id < 373)",
                                                            "Rows Removed by Index Recheck": 0,
                                                            "Exact Heap Blocks": 4924,
                                                            "Lossy Heap Blocks": 0,
                                                            "Workers": [
                                                                {
                                                                    "Worker Number": 0,
                                                                    "Actual Startup Time": 58.896,
                                                                    "Actual Total Time": 124.135,
                                                                    "Actual Rows": 80418,
                                                                    "Actual Loops": 1
                                                                },
                                                                {
                                                                    "Worker Number": 1,
                                                                    "Actual Startup Time": 59.171,
                                                                    "Actual Total Time": 124.445,
                                                                    "Actual Rows": 79436,
                                                                    "Actual Loops": 1
                                                                },
                                                                {
                                                                    "Worker Number": 2,
                                                                    "Actual Startup Time": 59.112,
                                                                    "Actual Total Time": 124.417,
                                                                    "Actual Rows": 77459,
                                                                    "Actual Loops": 1
                                                                },
                                                                {
                                                                    "Worker Number": 3,
                                                                    "Actual Startup Time": 59.01,
                                                                    "Actual Total Time": 124.773,
                                                                    "Actual Rows": 78642,
                                                                    "Actual Loops": 1
                                                                },
                                                                {
                                                                    "Worker Number": 4,
                                                                    "Actual Startup Time": 58.834,
                                                                    "Actual Total Time": 125.412,
                                                                    "Actual Rows": 91195,
                                                                    "Actual Loops": 1
                                                                }
                                                            ],
                                                            "Plans": [
                                                                {
                                                                    "Node Type": "Bitmap Index Scan",
                                                                    "Parent Relationship": "Outer",
                                                                    "Parallel Aware": false,
                                                                    "Index Name": "keyword_id_movie_keyword",
                                                                    "Startup Cost": 0.0,
                                                                    "Total Cost": 10744.0,
                                                                    "Plan Rows": 512476,
                                                                    "Plan Width": 0,
                                                                    "Actual Startup Time": 53.156,
                                                                    "Actual Total Time": 53.156,
                                                                    "Actual Rows": 509486,
                                                                    "Actual Loops": 1,
                                                                    "Index Cond": "(mk.keyword_id < 373)",
                                                                    "Workers": [
                                                                        {
                                                                            "Worker Number": 4,
                                                                            "Actual Startup Time": 53.156,
                                                                            "Actual Total Time": 53.156,
                                                                            "Actual Rows": 509486,
                                                                            "Actual Loops": 1
                                                                        }
                                                                    ]
                                                                }
                                                            ]
                                                        },
                                                        {
                                                            "Node Type": "Hash",
                                                            "Parent Relationship": "Inner",
                                                            "Parallel Aware": true,
                                                            "Startup Cost": 45479.21,
                                                            "Total Cost": 45479.21,
                                                            "Plan Rows": 285184,
                                                            "Plan Width": 4,
                                                            "Actual Startup Time": 206.885,
                                                            "Actual Total Time": 206.886,
                                                            "Actual Rows": 207422,
                                                            "Actual Loops": 6,
                                                            "Output": [
                                                                "t.id"
                                                            ],
                                                            "Hash Buckets": 2097152,
                                                            "Original Hash Buckets": 2097152,
                                                            "Hash Batches": 1,
                                                            "Original Hash Batches": 1,
                                                            "Peak Memory Usage": 65152,
                                                            "Workers": [
                                                                {
                                                                    "Worker Number": 0,
                                                                    "Actual Startup Time": 207.246,
                                                                    "Actual Total Time": 207.247,
                                                                    "Actual Rows": 193790,
                                                                    "Actual Loops": 1
                                                                },
                                                                {
                                                                    "Worker Number": 1,
                                                                    "Actual Startup Time": 207.222,
                                                                    "Actual Total Time": 207.223,
                                                                    "Actual Rows": 194066,
                                                                    "Actual Loops": 1
                                                                },
                                                                {
                                                                    "Worker Number": 2,
                                                                    "Actual Startup Time": 207.506,
                                                                    "Actual Total Time": 207.507,
                                                                    "Actual Rows": 200059,
                                                                    "Actual Loops": 1
                                                                },
                                                                {
                                                                    "Worker Number": 3,
                                                                    "Actual Startup Time": 207.29,
                                                                    "Actual Total Time": 207.292,
                                                                    "Actual Rows": 193440,
                                                                    "Actual Loops": 1
                                                                },
                                                                {
                                                                    "Worker Number": 4,
                                                                    "Actual Startup Time": 216.843,
                                                                    "Actual Total Time": 216.844,
                                                                    "Actual Rows": 197817,
                                                                    "Actual Loops": 1
                                                                }
                                                            ],
                                                            "Plans": [
                                                                {
                                                                    "Node Type": "Seq Scan",
                                                                    "Parent Relationship": "Outer",
                                                                    "Parallel Aware": true,
                                                                    "Relation Name": "title",
                                                                    "Schema": "public",
                                                                    "Alias": "t",
                                                                    "Startup Cost": 0.0,
                                                                    "Total Cost": 45479.21,
                                                                    "Plan Rows": 285184,
                                                                    "Plan Width": 4,
                                                                    "Actual Startup Time": 0.035,
                                                                    "Actual Total Time": 102.921,
                                                                    "Actual Rows": 207422,
                                                                    "Actual Loops": 6,
                                                                    "Output": [
                                                                        "t.id"
                                                                    ],
                                                                    "Filter": "((t.production_year > 1983) AND (t.kind_id = 7))",
                                                                    "Rows Removed by Filter": 213964,
                                                                    "Workers": [
                                                                        {
                                                                            "Worker Number": 0,
                                                                            "Actual Startup Time": 0.039,
                                                                            "Actual Total Time": 103.395,
                                                                            "Actual Rows": 193790,
                                                                            "Actual Loops": 1
                                                                        },
                                                                        {
                                                                            "Worker Number": 1,
                                                                            "Actual Startup Time": 0.052,
                                                                            "Actual Total Time": 103.538,
                                                                            "Actual Rows": 194066,
                                                                            "Actual Loops": 1
                                                                        },
                                                                        {
                                                                            "Worker Number": 2,
                                                                            "Actual Startup Time": 0.028,
                                                                            "Actual Total Time": 106.348,
                                                                            "Actual Rows": 200059,
                                                                            "Actual Loops": 1
                                                                        },
                                                                        {
                                                                            "Worker Number": 3,
                                                                            "Actual Startup Time": 0.036,
                                                                            "Actual Total Time": 103.23,
                                                                            "Actual Rows": 193440,
                                                                            "Actual Loops": 1
                                                                        },
                                                                        {
                                                                            "Worker Number": 4,
                                                                            "Actual Startup Time": 0.041,
                                                                            "Actual Total Time": 105.347,
                                                                            "Actual Rows": 197817,
                                                                            "Actual Loops": 1
                                                                        }
                                                                    ]
                                                                }
                                                            ]
                                                        }
                                                    ]
                                                }
                                            ]
                                        }
                                    ]
                                }
                            ]
                        }
                    ]
                }
            ]
        },
        "Planning Time": 574.662,
        "Triggers": [],
        "Execution Time": 1156.807
    }
]