[
    {
        "Bao": {
            "Bao prediction": "NaN",
            "Bao recommended hint": "(no hint)"
        }
    },
    {
        "Plan": {
            "Node Type": "Aggregate",
            "Strategy": "Plain",
            "Partial Mode": "Finalize",
            "Parallel Aware": false,
            "Startup Cost": 78529.92,
            "Total Cost": 78529.93,
            "Plan Rows": 1,
            "Plan Width": 8,
            "Actual Startup Time": 211.742,
            "Actual Total Time": 219.598,
            "Actual Rows": 1,
            "Actual Loops": 1,
            "Output": [
                "count(*)"
            ],
            "Plans": [
                {
                    "Node Type": "Gather",
                    "Parent Relationship": "Outer",
                    "Parallel Aware": false,
                    "Startup Cost": 78529.5,
                    "Total Cost": 78529.91,
                    "Plan Rows": 4,
                    "Plan Width": 8,
                    "Actual Startup Time": 210.388,
                    "Actual Total Time": 219.587,
                    "Actual Rows": 5,
                    "Actual Loops": 1,
                    "Output": [
                        "(PARTIAL count(*))"
                    ],
                    "Workers Planned": 4,
                    "Workers Launched": 4,
                    "Single Copy": false,
                    "Plans": [
                        {
                            "Node Type": "Aggregate",
                            "Strategy": "Plain",
                            "Partial Mode": "Partial",
                            "Parent Relationship": "Outer",
                            "Parallel Aware": false,
                            "Startup Cost": 77529.5,
                            "Total Cost": 77529.51,
                            "Plan Rows": 1,
                            "Plan Width": 8,
                            "Actual Startup Time": 201.472,
                            "Actual Total Time": 201.475,
                            "Actual Rows": 1,
                            "Actual Loops": 5,
                            "Output": [
                                "PARTIAL count(*)"
                            ],
                            "Workers": [
                                {
                                    "Worker Number": 0,
                                    "Actual Startup Time": 199.135,
                                    "Actual Total Time": 199.137,
                                    "Actual Rows": 1,
                                    "Actual Loops": 1
                                },
                                {
                                    "Worker Number": 1,
                                    "Actual Startup Time": 199.187,
                                    "Actual Total Time": 199.189,
                                    "Actual Rows": 1,
                                    "Actual Loops": 1
                                },
                                {
                                    "Worker Number": 2,
                                    "Actual Startup Time": 199.528,
                                    "Actual Total Time": 199.531,
                                    "Actual Rows": 1,
                                    "Actual Loops": 1
                                },
                                {
                                    "Worker Number": 3,
                                    "Actual Startup Time": 199.522,
                                    "Actual Total Time": 199.525,
                                    "Actual Rows": 1,
                                    "Actual Loops": 1
                                }
                            ],
                            "Plans": [
                                {
                                    "Node Type": "Hash Join",
                                    "Parent Relationship": "Outer",
                                    "Parallel Aware": true,
                                    "Join Type": "Inner",
                                    "Startup Cost": 32672.73,
                                    "Total Cost": 77477.73,
                                    "Plan Rows": 20709,
                                    "Plan Width": 0,
                                    "Actual Startup Time": 137.383,
                                    "Actual Total Time": 200.647,
                                    "Actual Rows": 14732,
                                    "Actual Loops": 5,
                                    "Inner Unique": false,
                                    "Hash Cond": "(t.id = mc.movie_id)",
                                    "Workers": [
                                        {
                                            "Worker Number": 0,
                                            "Actual Startup Time": 137.385,
                                            "Actual Total Time": 198.317,
                                            "Actual Rows": 15309,
                                            "Actual Loops": 1
                                        },
                                        {
                                            "Worker Number": 1,
                                            "Actual Startup Time": 132.817,
                                            "Actual Total Time": 198.334,
                                            "Actual Rows": 15869,
                                            "Actual Loops": 1
                                        },
                                        {
                                            "Worker Number": 2,
                                            "Actual Startup Time": 137.575,
                                            "Actual Total Time": 198.756,
                                            "Actual Rows": 13952,
                                            "Actual Loops": 1
                                        },
                                        {
                                            "Worker Number": 3,
                                            "Actual Startup Time": 134.356,
                                            "Actual Total Time": 198.686,
                                            "Actual Rows": 15735,
                                            "Actual Loops": 1
                                        }
                                    ],
                                    "Plans": [
                                        {
                                            "Node Type": "Seq Scan",
                                            "Parent Relationship": "Outer",
                                            "Parallel Aware": true,
                                            "Relation Name": "title",
                                            "Schema": "public",
                                            "Alias": "t",
                                            "Startup Cost": 0.0,
                                            "Total Cost": 43899.01,
                                            "Plan Rows": 167838,
                                            "Plan Width": 4,
                                            "Actual Startup Time": 29.137,
                                            "Actual Total Time": 68.072,
                                            "Actual Rows": 132565,
                                            "Actual Loops": 5,
                                            "Output": [
                                                "t.id",
                                                "t.title",
                                                "t.imdb_index",
                                                "t.kind_id",
                                                "t.production_year",
                                                "t.imdb_id",
                                                "t.phonetic_code",
                                                "t.episode_of_id",
                                                "t.season_nr",
                                                "t.episode_nr",
                                                "t.series_years",
                                                "t.md5sum"
                                            ],
                                            "Filter": "(t.kind_id = 1)",
                                            "Rows Removed by Filter": 373097,
                                            "Workers": [
                                                {
                                                    "Worker Number": 0,
                                                    "Actual Startup Time": 35.957,
                                                    "Actual Total Time": 69.138,
                                                    "Actual Rows": 140520,
                                                    "Actual Loops": 1
                                                },
                                                {
                                                    "Worker Number": 1,
                                                    "Actual Startup Time": 35.803,
                                                    "Actual Total Time": 69.1,
                                                    "Actual Rows": 141995,
                                                    "Actual Loops": 1
                                                },
                                                {
                                                    "Worker Number": 2,
                                                    "Actual Startup Time": 35.832,
                                                    "Actual Total Time": 67.417,
                                                    "Actual Rows": 125969,
                                                    "Actual Loops": 1
                                                },
                                                {
                                                    "Worker Number": 3,
                                                    "Actual Startup Time": 2.196,
                                                    "Actual Total Time": 69.08,
                                                    "Actual Rows": 141129,
                                                    "Actual Loops": 1
                                                }
                                            ]
                                        },
                                        {
                                            "Node Type": "Hash",
                                            "Parent Relationship": "Inner",
                                            "Parallel Aware": true,
                                            "Startup Cost": 31414.82,
                                            "Total Cost": 31414.82,
                                            "Plan Rows": 100633,
                                            "Plan Width": 4,
                                            "Actual Startup Time": 96.684,
                                            "Actual Total Time": 96.685,
                                            "Actual Rows": 90872,
                                            "Actual Loops": 5,
                                            "Output": [
                                                "mc.movie_id"
                                            ],
                                            "Hash Buckets": 524288,
                                            "Original Hash Buckets": 524288,
                                            "Hash Batches": 1,
                                            "Original Hash Batches": 1,
                                            "Peak Memory Usage": 21920,
                                            "Workers": [
                                                {
                                                    "Worker Number": 0,
                                                    "Actual Startup Time": 95.692,
                                                    "Actual Total Time": 95.693,
                                                    "Actual Rows": 86623,
                                                    "Actual Loops": 1
                                                },
                                                {
                                                    "Worker Number": 1,
                                                    "Actual Startup Time": 95.675,
                                                    "Actual Total Time": 95.676,
                                                    "Actual Rows": 80686,
                                                    "Actual Loops": 1
                                                },
                                                {
                                                    "Worker Number": 2,
                                                    "Actual Startup Time": 95.736,
                                                    "Actual Total Time": 95.737,
                                                    "Actual Rows": 86367,
                                                    "Actual Loops": 1
                                                },
                                                {
                                                    "Worker Number": 3,
                                                    "Actual Startup Time": 96.029,
                                                    "Actual Total Time": 96.03,
                                                    "Actual Rows": 83096,
                                                    "Actual Loops": 1
                                                }
                                            ],
                                            "Plans": [
                                                {
                                                    "Node Type": "Seq Scan",
                                                    "Parent Relationship": "Outer",
                                                    "Parallel Aware": true,
                                                    "Relation Name": "movie_companies",
                                                    "Schema": "public",
                                                    "Alias": "mc",
                                                    "Startup Cost": 0.0,
                                                    "Total Cost": 31414.82,
                                                    "Plan Rows": 100633,
                                                    "Plan Width": 4,
                                                    "Actual Startup Time": 0.06,
                                                    "Actual Total Time": 61.908,
                                                    "Actual Rows": 90872,
                                                    "Actual Loops": 5,
                                                    "Output": [
                                                        "mc.movie_id"
                                                    ],
                                                    "Filter": "((mc.company_id < 846) AND (mc.company_type_id = 1))",
                                                    "Rows Removed by Filter": 430953,
                                                    "Workers": [
                                                        {
                                                            "Worker Number": 0,
                                                            "Actual Startup Time": 0.07,
                                                            "Actual Total Time": 61.892,
                                                            "Actual Rows": 86623,
                                                            "Actual Loops": 1
                                                        },
                                                        {
                                                            "Worker Number": 1,
                                                            "Actual Startup Time": 0.063,
                                                            "Actual Total Time": 62.479,
                                                            "Actual Rows": 80686,
                                                            "Actual Loops": 1
                                                        },
                                                        {
                                                            "Worker Number": 2,
                                                            "Actual Startup Time": 0.055,
                                                            "Actual Total Time": 61.872,
                                                            "Actual Rows": 86367,
                                                            "Actual Loops": 1
                                                        },
                                                        {
                                                            "Worker Number": 3,
                                                            "Actual Startup Time": 0.1,
                                                            "Actual Total Time": 62.674,
                                                            "Actual Rows": 83096,
                                                            "Actual Loops": 1
                                                        }
                                                    ]
                                                }
                                            ]
                                        }
                                    ]
                                }
                            ]
                        }
                    ]
                }
            ]
        },
        "Planning Time": 271.508,
        "Triggers": [],
        "Execution Time": 219.664
    }
]