[
  {
    "Plan": {
      "Node Type": "Aggregate",
      "Strategy": "Plain",
      "Partial Mode": "Finalize",
      "Parallel Aware": false,
      "Startup Cost": 328118.54,
      "Total Cost": 328118.55,
      "Plan Rows": 1,
      "Plan Width": 8,
      "Actual Startup Time": 419.625,
      "Actual Total Time": 458.529,
      "Actual Rows": 1,
      "Actual Loops": 1,
      "Plans": [
        {
          "Node Type": "Gather",
          "Parent Relationship": "Outer",
          "Parallel Aware": false,
          "Startup Cost": 328117.91,
          "Total Cost": 328118.52,
          "Plan Rows": 6,
          "Plan Width": 8,
          "Actual Startup Time": 419.406,
          "Actual Total Time": 458.518,
          "Actual Rows": 7,
          "Actual Loops": 1,
          "Workers Planned": 6,
          "Workers Launched": 6,
          "Single Copy": false,
          "Plans": [
            {
              "Node Type": "Aggregate",
              "Strategy": "Plain",
              "Partial Mode": "Partial",
              "Parent Relationship": "Outer",
              "Parallel Aware": false,
              "Startup Cost": 327117.91,
              "Total Cost": 327117.92,
              "Plan Rows": 1,
              "Plan Width": 8,
              "Actual Startup Time": 409.664,
              "Actual Total Time": 409.665,
              "Actual Rows": 1,
              "Actual Loops": 7,
              "Plans": [
                {
                  "Node Type": "Index Scan",
                  "Parent Relationship": "Outer",
                  "Parallel Aware": true,
                  "Scan Direction": "Forward",
                  "Index Name": "role_id_cast_info",
                  "Relation Name": "cast_info",
                  "Alias": "ci",
                  "Startup Cost": 0.56,
                  "Total Cost": 325153.08,
                  "Plan Rows": 785932,
                  "Plan Width": 0,
                  "Actual Startup Time": 0.235,
                  "Actual Total Time": 387.258,
                  "Actual Rows": 411484,
                  "Actual Loops": 7,
                  "Index Cond": "(role_id > 3)",
                  "Rows Removed by Index Recheck": 0,
                  "Filter": "(person_id < 1404176)",
                  "Rows Removed by Filter": 1319037
                }
              ]
            }
          ]
        }
      ]
    },
    "Planning Time": 0.206,
    "Triggers": [],
    "Execution Time": 458.599
  }
]