[
  {
    "Plan": {
      "Node Type": "Aggregate",
      "Strategy": "Plain",
      "Partial Mode": "Finalize",
      "Parallel Aware": false,
      "Startup Cost": 346180.61,
      "Total Cost": 346180.62,
      "Plan Rows": 1,
      "Plan Width": 8,
      "Actual Startup Time": 598.211,
      "Actual Total Time": 643.85,
      "Actual Rows": 1,
      "Actual Loops": 1,
      "Plans": [
        {
          "Node Type": "Gather",
          "Parent Relationship": "Outer",
          "Parallel Aware": false,
          "Startup Cost": 346179.99,
          "Total Cost": 346180.6,
          "Plan Rows": 6,
          "Plan Width": 8,
          "Actual Startup Time": 598.069,
          "Actual Total Time": 643.834,
          "Actual Rows": 7,
          "Actual Loops": 1,
          "Workers Planned": 6,
          "Workers Launched": 6,
          "Single Copy": false,
          "Plans": [
            {
              "Node Type": "Aggregate",
              "Strategy": "Plain",
              "Partial Mode": "Partial",
              "Parent Relationship": "Outer",
              "Parallel Aware": false,
              "Startup Cost": 345179.99,
              "Total Cost": 345180.0,
              "Plan Rows": 1,
              "Plan Width": 8,
              "Actual Startup Time": 587.816,
              "Actual Total Time": 587.817,
              "Actual Rows": 1,
              "Actual Loops": 7,
              "Plans": [
                {
                  "Node Type": "Seq Scan",
                  "Parent Relationship": "Outer",
                  "Parallel Aware": true,
                  "Relation Name": "cast_info",
                  "Alias": "ci",
                  "Startup Cost": 0.0,
                  "Total Cost": 343316.27,
                  "Plan Rows": 745487,
                  "Plan Width": 0,
                  "Actual Startup Time": 216.274,
                  "Actual Total Time": 574.506,
                  "Actual Rows": 280497,
                  "Actual Loops": 7,
                  "Filter": "((person_id < 677240) AND (role_id > 1))",
                  "Rows Removed by Filter": 4897266
                }
              ]
            }
          ]
        }
      ]
    },
    "Planning Time": 0.19,
    "Triggers": [],
    "Execution Time": 643.909
  }
]