[
  {
    "Plan": {
      "Node Type": "Aggregate",
      "Strategy": "Plain",
      "Partial Mode": "Finalize",
      "Parallel Aware": false,
      "Startup Cost": 164761.74,
      "Total Cost": 164761.75,
      "Plan Rows": 1,
      "Plan Width": 8,
      "Actual Startup Time": 117.191,
      "Actual Total Time": 134.87,
      "Actual Rows": 1,
      "Actual Loops": 1,
      "Plans": [
        {
          "Node Type": "Gather",
          "Parent Relationship": "Outer",
          "Parallel Aware": false,
          "Startup Cost": 164761.32,
          "Total Cost": 164761.73,
          "Plan Rows": 4,
          "Plan Width": 8,
          "Actual Startup Time": 117.006,
          "Actual Total Time": 134.861,
          "Actual Rows": 5,
          "Actual Loops": 1,
          "Workers Planned": 4,
          "Workers Launched": 4,
          "Single Copy": false,
          "Plans": [
            {
              "Node Type": "Aggregate",
              "Strategy": "Plain",
              "Partial Mode": "Partial",
              "Parent Relationship": "Outer",
              "Parallel Aware": false,
              "Startup Cost": 163761.32,
              "Total Cost": 163761.33,
              "Plan Rows": 1,
              "Plan Width": 8,
              "Actual Startup Time": 108.865,
              "Actual Total Time": 108.866,
              "Actual Rows": 1,
              "Actual Loops": 5,
              "Plans": [
                {
                  "Node Type": "Nested Loop",
                  "Parent Relationship": "Outer",
                  "Parallel Aware": false,
                  "Join Type": "Inner",
                  "Startup Cost": 0.43,
                  "Total Cost": 163745.61,
                  "Plan Rows": 6283,
                  "Plan Width": 0,
                  "Actual Startup Time": 1.831,
                  "Actual Total Time": 108.107,
                  "Actual Rows": 9420,
                  "Actual Loops": 5,
                  "Inner Unique": false,
                  "Plans": [
                    {
                      "Node Type": "Seq Scan",
                      "Parent Relationship": "Outer",
                      "Parallel Aware": true,
                      "Relation Name": "title",
                      "Alias": "t",
                      "Startup Cost": 0.0,
                      "Total Cost": 45479.59,
                      "Plan Rows": 1070,
                      "Plan Width": 4,
                      "Actual Startup Time": 1.64,
                      "Actual Total Time": 74.713,
                      "Actual Rows": 851,
                      "Actual Loops": 5,
                      "Filter": "((kind_id < 3) AND (production_year = 1965))",
                      "Rows Removed by Filter": 504812
                    },
                    {
                      "Node Type": "Index Only Scan",
                      "Parent Relationship": "Inner",
                      "Parallel Aware": false,
                      "Scan Direction": "Forward",
                      "Index Name": "movie_id_movie_info",
                      "Relation Name": "movie_info",
                      "Alias": "mi",
                      "Startup Cost": 0.43,
                      "Total Cost": 110.12,
                      "Plan Rows": 41,
                      "Plan Width": 4,
                      "Actual Startup Time": 0.013,
                      "Actual Total Time": 0.038,
                      "Actual Rows": 11,
                      "Actual Loops": 4254,
                      "Index Cond": "(movie_id = t.id)",
                      "Rows Removed by Index Recheck": 0,
                      "Heap Fetches": 47098
                    }
                  ]
                }
              ]
            }
          ]
        }
      ]
    },
    "Planning Time": 0.412,
    "Triggers": [],
    "Execution Time": 134.914
  }
]