[
  {
    "Plan": {
      "Node Type": "Aggregate",
      "Strategy": "Plain",
      "Partial Mode": "Finalize",
      "Parallel Aware": false,
      "Startup Cost": 163776.8,
      "Total Cost": 163776.81,
      "Plan Rows": 1,
      "Plan Width": 8,
      "Actual Startup Time": 122.241,
      "Actual Total Time": 140.939,
      "Actual Rows": 1,
      "Actual Loops": 1,
      "Plans": [
        {
          "Node Type": "Gather",
          "Parent Relationship": "Outer",
          "Parallel Aware": false,
          "Startup Cost": 163776.38,
          "Total Cost": 163776.79,
          "Plan Rows": 4,
          "Plan Width": 8,
          "Actual Startup Time": 122.133,
          "Actual Total Time": 140.931,
          "Actual Rows": 5,
          "Actual Loops": 1,
          "Workers Planned": 4,
          "Workers Launched": 4,
          "Single Copy": false,
          "Plans": [
            {
              "Node Type": "Aggregate",
              "Strategy": "Plain",
              "Partial Mode": "Partial",
              "Parent Relationship": "Outer",
              "Parallel Aware": false,
              "Startup Cost": 162776.38,
              "Total Cost": 162776.39,
              "Plan Rows": 1,
              "Plan Width": 8,
              "Actual Startup Time": 113.758,
              "Actual Total Time": 113.759,
              "Actual Rows": 1,
              "Actual Loops": 5,
              "Plans": [
                {
                  "Node Type": "Nested Loop",
                  "Parent Relationship": "Outer",
                  "Parallel Aware": false,
                  "Join Type": "Inner",
                  "Startup Cost": 0.43,
                  "Total Cost": 162761.22,
                  "Plan Rows": 6062,
                  "Plan Width": 0,
                  "Actual Startup Time": 1.417,
                  "Actual Total Time": 113.018,
                  "Actual Rows": 9420,
                  "Actual Loops": 5,
                  "Inner Unique": false,
                  "Plans": [
                    {
                      "Node Type": "Seq Scan",
                      "Parent Relationship": "Outer",
                      "Parallel Aware": true,
                      "Relation Name": "title",
                      "Alias": "t",
                      "Startup Cost": 0.0,
                      "Total Cost": 45479.1,
                      "Plan Rows": 1037,
                      "Plan Width": 4,
                      "Actual Startup Time": 1.206,
                      "Actual Total Time": 78.71,
                      "Actual Rows": 851,
                      "Actual Loops": 5,
                      "Filter": "((kind_id < 3) AND (production_year = 1965))",
                      "Rows Removed by Filter": 504812
                    },
                    {
                      "Node Type": "Index Only Scan",
                      "Parent Relationship": "Inner",
                      "Parallel Aware": false,
                      "Scan Direction": "Forward",
                      "Index Name": "movie_id_movie_info",
                      "Relation Name": "movie_info",
                      "Alias": "mi",
                      "Startup Cost": 0.43,
                      "Total Cost": 112.68,
                      "Plan Rows": 42,
                      "Plan Width": 4,
                      "Actual Startup Time": 0.015,
                      "Actual Total Time": 0.039,
                      "Actual Rows": 11,
                      "Actual Loops": 4254,
                      "Index Cond": "(movie_id = t.id)",
                      "Rows Removed by Index Recheck": 0,
                      "Heap Fetches": 47098
                    }
                  ]
                }
              ]
            }
          ]
        }
      ]
    },
    "Planning Time": 0.621,
    "Triggers": [],
    "Execution Time": 141.018
  }
]