[
  {
    "Plan": {
      "Node Type": "Aggregate",
      "Strategy": "Plain",
      "Partial Mode": "Finalize",
      "Parallel Aware": false,
      "Startup Cost": 51149.39,
      "Total Cost": 51149.4,
      "Plan Rows": 1,
      "Plan Width": 8,
      "Actual Startup Time": 53.274,
      "Actual Total Time": 61.277,
      "Actual Rows": 1,
      "Actual Loops": 1,
      "Plans": [
        {
          "Node Type": "Gather",
          "Parent Relationship": "Outer",
          "Parallel Aware": false,
          "Startup Cost": 51149.17,
          "Total Cost": 51149.38,
          "Plan Rows": 2,
          "Plan Width": 8,
          "Actual Startup Time": 53.04,
          "Actual Total Time": 61.271,
          "Actual Rows": 3,
          "Actual Loops": 1,
          "Workers Planned": 2,
          "Workers Launched": 2,
          "Single Copy": false,
          "Plans": [
            {
              "Node Type": "Aggregate",
              "Strategy": "Plain",
              "Partial Mode": "Partial",
              "Parent Relationship": "Outer",
              "Parallel Aware": false,
              "Startup Cost": 50149.17,
              "Total Cost": 50149.18,
              "Plan Rows": 1,
              "Plan Width": 8,
              "Actual Startup Time": 44.883,
              "Actual Total Time": 44.884,
              "Actual Rows": 1,
              "Actual Loops": 3,
              "Plans": [
                {
                  "Node Type": "Nested Loop",
                  "Parent Relationship": "Outer",
                  "Parallel Aware": false,
                  "Join Type": "Inner",
                  "Startup Cost": 244.51,
                  "Total Cost": 50144.19,
                  "Plan Rows": 1993,
                  "Plan Width": 0,
                  "Actual Startup Time": 5.293,
                  "Actual Total Time": 44.617,
                  "Actual Rows": 1831,
                  "Actual Loops": 3,
                  "Inner Unique": true,
                  "Plans": [
                    {
                      "Node Type": "Bitmap Heap Scan",
                      "Parent Relationship": "Outer",
                      "Parallel Aware": true,
                      "Relation Name": "movie_keyword",
                      "Alias": "mk",
                      "Startup Cost": 244.08,
                      "Total Cost": 20156.75,
                      "Plan Rows": 4712,
                      "Plan Width": 4,
                      "Actual Startup Time": 4.701,
                      "Actual Total Time": 16.672,
                      "Actual Rows": 3075,
                      "Actual Loops": 3,
                      "Recheck Cond": "(keyword_id = 875)",
                      "Rows Removed by Index Recheck": 0,
                      "Exact Heap Blocks": 5263,
                      "Lossy Heap Blocks": 0,
                      "Plans": [
                        {
                          "Node Type": "Bitmap Index Scan",
                          "Parent Relationship": "Outer",
                          "Parallel Aware": false,
                          "Index Name": "keyword_id_movie_keyword",
                          "Startup Cost": 0.0,
                          "Total Cost": 241.26,
                          "Plan Rows": 11310,
                          "Plan Width": 0,
                          "Actual Startup Time": 8.048,
                          "Actual Total Time": 8.048,
                          "Actual Rows": 9226,
                          "Actual Loops": 1,
                          "Index Cond": "(keyword_id = 875)"
                        }
                      ]
                    },
                    {
                      "Node Type": "Index Scan",
                      "Parent Relationship": "Inner",
                      "Parallel Aware": false,
                      "Scan Direction": "Forward",
                      "Index Name": "title_pkey",
                      "Relation Name": "title",
                      "Alias": "t",
                      "Startup Cost": 0.43,
                      "Total Cost": 6.36,
                      "Plan Rows": 1,
                      "Plan Width": 4,
                      "Actual Startup Time": 0.009,
                      "Actual Total Time": 0.009,
                      "Actual Rows": 1,
                      "Actual Loops": 9226,
                      "Index Cond": "(id = mk.movie_id)",
                      "Rows Removed by Index Recheck": 0,
                      "Filter": "(production_year < 2001)",
                      "Rows Removed by Filter": 0
                    }
                  ]
                }
              ]
            }
          ]
        }
      ]
    },
    "Planning Time": 0.575,
    "Triggers": [],
    "Execution Time": 61.354
  }
]