[
  {
    "Plan": {
      "Node Type": "Aggregate",
      "Strategy": "Plain",
      "Partial Mode": "Finalize",
      "Parallel Aware": false,
      "Startup Cost": 230074.33,
      "Total Cost": 230074.34,
      "Plan Rows": 1,
      "Plan Width": 8,
      "Actual Startup Time": 2880.32,
      "Actual Total Time": 2935.798,
      "Actual Rows": 1,
      "Actual Loops": 1,
      "Plans": [
        {
          "Node Type": "Gather",
          "Parent Relationship": "Outer",
          "Parallel Aware": false,
          "Startup Cost": 230074.01,
          "Total Cost": 230074.32,
          "Plan Rows": 3,
          "Plan Width": 8,
          "Actual Startup Time": 2878.483,
          "Actual Total Time": 2935.79,
          "Actual Rows": 4,
          "Actual Loops": 1,
          "Workers Planned": 3,
          "Workers Launched": 3,
          "Single Copy": false,
          "Plans": [
            {
              "Node Type": "Aggregate",
              "Strategy": "Plain",
              "Partial Mode": "Partial",
              "Parent Relationship": "Outer",
              "Parallel Aware": false,
              "Startup Cost": 229074.01,
              "Total Cost": 229074.02,
              "Plan Rows": 1,
              "Plan Width": 8,
              "Actual Startup Time": 2869.557,
              "Actual Total Time": 2869.637,
              "Actual Rows": 1,
              "Actual Loops": 4,
              "Plans": [
                {
                  "Node Type": "Nested Loop",
                  "Parent Relationship": "Outer",
                  "Parallel Aware": false,
                  "Join Type": "Inner",
                  "Startup Cost": 46196.37,
                  "Total Cost": 227953.89,
                  "Plan Rows": 448049,
                  "Plan Width": 0,
                  "Actual Startup Time": 164.87,
                  "Actual Total Time": 2650.946,
                  "Actual Rows": 4449648,
                  "Actual Loops": 4,
                  "Inner Unique": false,
                  "Join Filter": "(t.id = mi.movie_id)",
                  "Rows Removed by Join Filter": 0,
                  "Plans": [
                    {
                      "Node Type": "Hash Join",
                      "Parent Relationship": "Outer",
                      "Parallel Aware": true,
                      "Join Type": "Inner",
                      "Startup Cost": 46195.94,
                      "Total Cost": 75611.83,
                      "Plan Rows": 76307,
                      "Plan Width": 8,
                      "Actual Startup Time": 164.756,
                      "Actual Total Time": 413.481,
                      "Actual Rows": 178634,
                      "Actual Loops": 4,
                      "Inner Unique": true,
                      "Hash Cond": "(mc.movie_id = t.id)",
                      "Plans": [
                        {
                          "Node Type": "Seq Scan",
                          "Parent Relationship": "Outer",
                          "Parallel Aware": true,
                          "Relation Name": "movie_companies",
                          "Alias": "mc",
                          "Startup Cost": 0.0,
                          "Total Cost": 27206.55,
                          "Plan Rows": 841655,
                          "Plan Width": 4,
                          "Actual Startup Time": 0.013,
                          "Actual Total Time": 66.25,
                          "Actual Rows": 652282,
                          "Actual Loops": 4
                        },
                        {
                          "Node Type": "Hash",
                          "Parent Relationship": "Inner",
                          "Parallel Aware": true,
                          "Startup Cost": 45479.59,
                          "Total Cost": 45479.59,
                          "Plan Rows": 57308,
                          "Plan Width": 4,
                          "Actual Startup Time": 163.088,
                          "Actual Total Time": 163.089,
                          "Actual Rows": 87411,
                          "Actual Loops": 4,
                          "Hash Buckets": 524288,
                          "Original Hash Buckets": 262144,
                          "Hash Batches": 1,
                          "Original Hash Batches": 1,
                          "Peak Memory Usage": 19872,
                          "Plans": [
                            {
                              "Node Type": "Seq Scan",
                              "Parent Relationship": "Outer",
                              "Parallel Aware": true,
                              "Relation Name": "title",
                              "Alias": "t",
                              "Startup Cost": 0.0,
                              "Total Cost": 45479.59,
                              "Plan Rows": 57308,
                              "Plan Width": 4,
                              "Actual Startup Time": 0.091,
                              "Actual Total Time": 117.95,
                              "Actual Rows": 87411,
                              "Actual Loops": 4,
                              "Filter": "((kind_id < 7) AND (production_year < 1986))",
                              "Rows Removed by Filter": 544667
                            }
                          ]
                        }
                      ]
                    },
                    {
                      "Node Type": "Index Only Scan",
                      "Parent Relationship": "Inner",
                      "Parallel Aware": false,
                      "Scan Direction": "Forward",
                      "Index Name": "movie_id_movie_info",
                      "Relation Name": "movie_info",
                      "Alias": "mi",
                      "Startup Cost": 0.43,
                      "Total Cost": 1.48,
                      "Plan Rows": 41,
                      "Plan Width": 4,
                      "Actual Startup Time": 0.003,
                      "Actual Total Time": 0.01,
                      "Actual Rows": 25,
                      "Actual Loops": 714534,
                      "Index Cond": "(movie_id = mc.movie_id)",
                      "Rows Removed by Index Recheck": 0,
                      "Heap Fetches": 17798593
                    }
                  ]
                }
              ]
            }
          ]
        }
      ]
    },
    "Planning Time": 0.678,
    "Triggers": [],
    "Execution Time": 2935.864
  }
]