[
  {
    "Plan": {
      "Node Type": "Aggregate",
      "Strategy": "Plain",
      "Partial Mode": "Finalize",
      "Parallel Aware": false,
      "Startup Cost": 12947.31,
      "Total Cost": 12947.32,
      "Plan Rows": 1,
      "Plan Width": 8,
      "Actual Startup Time": 11.542,
      "Actual Total Time": 13.194,
      "Actual Rows": 1,
      "Actual Loops": 1,
      "Plans": [
        {
          "Node Type": "Gather",
          "Parent Relationship": "Outer",
          "Parallel Aware": false,
          "Startup Cost": 12947.2,
          "Total Cost": 12947.31,
          "Plan Rows": 1,
          "Plan Width": 8,
          "Actual Startup Time": 11.054,
          "Actual Total Time": 13.182,
          "Actual Rows": 2,
          "Actual Loops": 1,
          "Workers Planned": 1,
          "Workers Launched": 1,
          "Single Copy": false,
          "Plans": [
            {
              "Node Type": "Aggregate",
              "Strategy": "Plain",
              "Partial Mode": "Partial",
              "Parent Relationship": "Outer",
              "Parallel Aware": false,
              "Startup Cost": 11947.2,
              "Total Cost": 11947.21,
              "Plan Rows": 1,
              "Plan Width": 8,
              "Actual Startup Time": 5.288,
              "Actual Total Time": 5.291,
              "Actual Rows": 1,
              "Actual Loops": 2,
              "Plans": [
                {
                  "Node Type": "Nested Loop",
                  "Parent Relationship": "Outer",
                  "Parallel Aware": false,
                  "Join Type": "Inner",
                  "Startup Cost": 50.1,
                  "Total Cost": 11947.13,
                  "Plan Rows": 26,
                  "Plan Width": 0,
                  "Actual Startup Time": 3.582,
                  "Actual Total Time": 5.283,
                  "Actual Rows": 1,
                  "Actual Loops": 2,
                  "Inner Unique": true,
                  "Plans": [
                    {
                      "Node Type": "Bitmap Heap Scan",
                      "Parent Relationship": "Outer",
                      "Parallel Aware": true,
                      "Relation Name": "movie_companies",
                      "Alias": "mc",
                      "Startup Cost": 49.67,
                      "Total Cost": 6445.65,
                      "Plan Rows": 675,
                      "Plan Width": 4,
                      "Actual Startup Time": 2.854,
                      "Actual Total Time": 3.332,
                      "Actual Rows": 174,
                      "Actual Loops": 2,
                      "Recheck Cond": "(company_id = 253)",
                      "Rows Removed by Index Recheck": 0,
                      "Filter": "(company_type_id = 2)",
                      "Rows Removed by Filter": 801,
                      "Exact Heap Blocks": 1060,
                      "Lossy Heap Blocks": 0,
                      "Plans": [
                        {
                          "Node Type": "Bitmap Index Scan",
                          "Parent Relationship": "Outer",
                          "Parallel Aware": false,
                          "Index Name": "company_id_movie_companies",
                          "Startup Cost": 0.0,
                          "Total Cost": 49.39,
                          "Plan Rows": 2261,
                          "Plan Width": 0,
                          "Actual Startup Time": 2.149,
                          "Actual Total Time": 2.15,
                          "Actual Rows": 1950,
                          "Actual Loops": 1,
                          "Index Cond": "(company_id = 253)"
                        }
                      ]
                    },
                    {
                      "Node Type": "Index Scan",
                      "Parent Relationship": "Inner",
                      "Parallel Aware": false,
                      "Scan Direction": "Forward",
                      "Index Name": "title_pkey",
                      "Relation Name": "title",
                      "Alias": "t",
                      "Startup Cost": 0.43,
                      "Total Cost": 8.15,
                      "Plan Rows": 1,
                      "Plan Width": 4,
                      "Actual Startup Time": 0.01,
                      "Actual Total Time": 0.01,
                      "Actual Rows": 0,
                      "Actual Loops": 348,
                      "Index Cond": "(id = mc.movie_id)",
                      "Rows Removed by Index Recheck": 0,
                      "Filter": "(production_year = 2005)",
                      "Rows Removed by Filter": 1
                    }
                  ]
                }
              ]
            }
          ]
        }
      ]
    },
    "Planning Time": 0.694,
    "Triggers": [],
    "Execution Time": 13.323
  }
]