{
  "Plan": {
    "Node Type": "Aggregate",
    "Strategy": "Plain",
    "Partial Mode": "Finalize",
    "Parallel Aware": false,
    "Startup Cost": 213360.73,
    "Total Cost": 213360.74,
    "Plan Rows": 1,
    "Plan Width": 8,
    "Actual Startup Time": 1280.43,
    "Actual Total Time": 1324.28,
    "Actual Rows": 1,
    "Actual Loops": 1,
    "Plans": [
      {
        "Node Type": "Gather",
        "Parent Relationship": "Outer",
        "Parallel Aware": false,
        "Startup Cost": 213360.62,
        "Total Cost": 213360.73,
        "Plan Rows": 1,
        "Plan Width": 8,
        "Actual Startup Time": 1279.814,
        "Actual Total Time": 1324.273,
        "Actual Rows": 2,
        "Actual Loops": 1,
        "Workers Planned": 1,
        "Workers Launched": 1,
        "Single Copy": false,
        "Plans": [
          {
            "Node Type": "Aggregate",
            "Strategy": "Plain",
            "Partial Mode": "Partial",
            "Parent Relationship": "Outer",
            "Parallel Aware": false,
            "Startup Cost": 212360.62,
            "Total Cost": 212360.63,
            "Plan Rows": 1,
            "Plan Width": 8,
            "Actual Startup Time": 1273.432,
            "Actual Total Time": 1273.435,
            "Actual Rows": 1,
            "Actual Loops": 2,
            "Plans": [
              {
                "Node Type": "Nested Loop",
                "Parent Relationship": "Outer",
                "Parallel Aware": false,
                "Join Type": "Inner",
                "Startup Cost": 35177.05,
                "Total Cost": 212248.29,
                "Plan Rows": 44932,
                "Plan Width": 0,
                "Actual Startup Time": 464.171,
                "Actual Total Time": 1261.151,
                "Actual Rows": 234332,
                "Actual Loops": 2,
                "Inner Unique": false,
                "Plans": [
                  {
                    "Node Type": "Merge Join",
                    "Parent Relationship": "Outer",
                    "Parallel Aware": false,
                    "Join Type": "Inner",
                    "Startup Cost": 35176.62,
                    "Total Cost": 141174.93,
                    "Plan Rows": 31627,
                    "Plan Width": 8,
                    "Actual Startup Time": 464.109,
                    "Actual Total Time": 739.357,
                    "Actual Rows": 66892,
                    "Actual Loops": 2,
                    "Inner Unique": false,
                    "Merge Cond": "(t.id = mc.movie_id)",
                    "Plans": [
                      {
                        "Node Type": "Index Scan",
                        "Parent Relationship": "Outer",
                        "Parallel Aware": true,
                        "Scan Direction": "Forward",
                        "Index Name": "title_pkey",
                        "Relation Name": "title",
                        "Alias": "t",
                        "Startup Cost": 0.43,
                        "Total Cost": 103647.43,
                        "Plan Rows": 583193,
                        "Plan Width": 4,
                        "Actual Startup Time": 0.376,
                        "Actual Total Time": 613.662,
                        "Actual Rows": 491822,
                        "Actual Loops": 2,
                        "Filter": "(kind_id < 7)",
                        "Rows Removed by Filter": 771050
                      },
                      {
                        "Node Type": "Sort",
                        "Parent Relationship": "Inner",
                        "Parallel Aware": false,
                        "Startup Cost": 35174.03,
                        "Total Cost": 35516.81,
                        "Plan Rows": 137112,
                        "Plan Width": 4,
                        "Actual Startup Time": 75.862,
                        "Actual Total Time": 85.198,
                        "Actual Rows": 133784,
                        "Actual Loops": 2,
                        "Sort Key": [
                          "mc.movie_id"
                        ],
                        "Sort Method": "quicksort",
                        "Sort Space Used": 12416,
                        "Sort Space Type": "Memory",
                        "Workers": [
                          {
                            "Worker Number": 0,
                            "Sort Method": "quicksort",
                            "Sort Space Used": 12416,
                            "Sort Space Type": "Memory"
                          }
                        ],
                        "Plans": [
                          {
                            "Node Type": "Bitmap Heap Scan",
                            "Parent Relationship": "Outer",
                            "Parallel Aware": false,
                            "Relation Name": "movie_companies",
                            "Alias": "mc",
                            "Startup Cost": 2971.05,
                            "Total Cost": 23474.95,
                            "Plan Rows": 137112,
                            "Plan Width": 4,
                            "Actual Startup Time": 17.919,
                            "Actual Total Time": 47.327,
                            "Actual Rows": 133784,
                            "Actual Loops": 2,
                            "Recheck Cond": "(company_id > 139380)",
                            "Rows Removed by Index Recheck": 0,
                            "Exact Heap Blocks": 3686,
                            "Lossy Heap Blocks": 0,
                            "Plans": [
                              {
                                "Node Type": "Bitmap Index Scan",
                                "Parent Relationship": "Outer",
                                "Parallel Aware": false,
                                "Index Name": "company_id_movie_companies",
                                "Startup Cost": 0.0,
                                "Total Cost": 2936.77,
                                "Plan Rows": 137112,
                                "Plan Width": 0,
                                "Actual Startup Time": 16.85,
                                "Actual Total Time": 16.85,
                                "Actual Rows": 133784,
                                "Actual Loops": 2,
                                "Index Cond": "(company_id > 139380)"
                              }
                            ]
                          }
                        ]
                      }
                    ]
                  },
                  {
                    "Node Type": "Index Scan",
                    "Parent Relationship": "Inner",
                    "Parallel Aware": false,
                    "Scan Direction": "Forward",
                    "Index Name": "movie_id_movie_info",
                    "Relation Name": "movie_info",
                    "Alias": "mi",
                    "Startup Cost": 0.43,
                    "Total Cost": 2.15,
                    "Plan Rows": 10,
                    "Plan Width": 4,
                    "Actual Startup Time": 0.003,
                    "Actual Total Time": 0.007,
                    "Actual Rows": 4,
                    "Actual Loops": 133784,
                    "Index Cond": "(movie_id = t.id)",
                    "Rows Removed by Index Recheck": 0,
                    "Filter": "(info_type_id < 4)",
                    "Rows Removed by Filter": 14
                  }
                ]
              }
            ]
          }
        ]
      }
    ]
  },
  "Planning Time": 1.079,
  "Triggers": [],
  "Execution Time": 1324.409
}