{
    "Plan": {
        "Node Type": "Aggregate",
        "Strategy": "Plain",
        "Partial Mode": "Finalize",
        "Parallel Aware": false,
        "Startup Cost": 47502.85,
        "Total Cost": 47502.86,
        "Plan Rows": 1,
        "Plan Width": 8,
        "Actual Startup Time": 91.927,
        "Actual Total Time": 102.75,
        "Actual Rows": 1,
        "Actual Loops": 1,
        "Output": [
            "count(*)"
        ],
        "Plans": [
            {
                "Node Type": "Gather",
                "Parent Relationship": "Outer",
                "Parallel Aware": false,
                "Startup Cost": 47502.43,
                "Total Cost": 47502.84,
                "Plan Rows": 4,
                "Plan Width": 8,
                "Actual Startup Time": 91.807,
                "Actual Total Time": 102.742,
                "Actual Rows": 5,
                "Actual Loops": 1,
                "Output": [
                    "(PARTIAL count(*))"
                ],
                "Workers Planned": 4,
                "Workers Launched": 4,
                "Single Copy": false,
                "Plans": [
                    {
                        "Node Type": "Aggregate",
                        "Strategy": "Plain",
                        "Partial Mode": "Partial",
                        "Parent Relationship": "Outer",
                        "Parallel Aware": false,
                        "Startup Cost": 46502.43,
                        "Total Cost": 46502.44,
                        "Plan Rows": 1,
                        "Plan Width": 8,
                        "Actual Startup Time": 81.998,
                        "Actual Total Time": 82.0,
                        "Actual Rows": 1,
                        "Actual Loops": 5,
                        "Output": [
                            "PARTIAL count(*)"
                        ],
                        "Workers": [
                            {
                                "Worker Number": 0,
                                "Actual Startup Time": 78.89,
                                "Actual Total Time": 78.891,
                                "Actual Rows": 1,
                                "Actual Loops": 1
                            },
                            {
                                "Worker Number": 1,
                                "Actual Startup Time": 79.801,
                                "Actual Total Time": 79.803,
                                "Actual Rows": 1,
                                "Actual Loops": 1
                            },
                            {
                                "Worker Number": 2,
                                "Actual Startup Time": 80.084,
                                "Actual Total Time": 80.085,
                                "Actual Rows": 1,
                                "Actual Loops": 1
                            },
                            {
                                "Worker Number": 3,
                                "Actual Startup Time": 80.172,
                                "Actual Total Time": 80.174,
                                "Actual Rows": 1,
                                "Actual Loops": 1
                            }
                        ],
                        "Plans": [
                            {
                                "Node Type": "Nested Loop",
                                "Parent Relationship": "Outer",
                                "Parallel Aware": false,
                                "Join Type": "Inner",
                                "Startup Cost": 0.43,
                                "Total Cost": 46502.32,
                                "Plan Rows": 45,
                                "Plan Width": 0,
                                "Actual Startup Time": 6.276,
                                "Actual Total Time": 81.966,
                                "Actual Rows": 119,
                                "Actual Loops": 5,
                                "Inner Unique": false,
                                "Workers": [
                                    {
                                        "Worker Number": 0,
                                        "Actual Startup Time": 7.381,
                                        "Actual Total Time": 78.862,
                                        "Actual Rows": 112,
                                        "Actual Loops": 1
                                    },
                                    {
                                        "Worker Number": 1,
                                        "Actual Startup Time": 7.35,
                                        "Actual Total Time": 79.779,
                                        "Actual Rows": 78,
                                        "Actual Loops": 1
                                    },
                                    {
                                        "Worker Number": 2,
                                        "Actual Startup Time": 4.605,
                                        "Actual Total Time": 80.054,
                                        "Actual Rows": 124,
                                        "Actual Loops": 1
                                    },
                                    {
                                        "Worker Number": 3,
                                        "Actual Startup Time": 9.816,
                                        "Actual Total Time": 80.147,
                                        "Actual Rows": 102,
                                        "Actual Loops": 1
                                    }
                                ],
                                "Plans": [
                                    {
                                        "Node Type": "Seq Scan",
                                        "Parent Relationship": "Outer",
                                        "Parallel Aware": true,
                                        "Relation Name": "title",
                                        "Schema": "public",
                                        "Alias": "t",
                                        "Startup Cost": 0.0,
                                        "Total Cost": 45479.21,
                                        "Plan Rows": 124,
                                        "Plan Width": 4,
                                        "Actual Startup Time": 1.78,
                                        "Actual Total Time": 79.465,
                                        "Actual Rows": 152,
                                        "Actual Loops": 5,
                                        "Output": [
                                            "t.id",
                                            "t.title",
                                            "t.imdb_index",
                                            "t.kind_id",
                                            "t.production_year",
                                            "t.imdb_id",
                                            "t.phonetic_code",
                                            "t.episode_of_id",
                                            "t.season_nr",
                                            "t.episode_nr",
                                            "t.series_years",
                                            "t.md5sum"
                                        ],
                                        "Filter": "((t.kind_id = 2) AND (t.production_year = 1980))",
                                        "Rows Removed by Filter": 505511,
                                        "Workers": [
                                            {
                                                "Worker Number": 0,
                                                "Actual Startup Time": 0.988,
                                                "Actual Total Time": 75.947,
                                                "Actual Rows": 110,
                                                "Actual Loops": 1
                                            },
                                            {
                                                "Worker Number": 1,
                                                "Actual Startup Time": 0.143,
                                                "Actual Total Time": 77.29,
                                                "Actual Rows": 127,
                                                "Actual Loops": 1
                                            },
                                            {
                                                "Worker Number": 2,
                                                "Actual Startup Time": 0.507,
                                                "Actual Total Time": 77.124,
                                                "Actual Rows": 148,
                                                "Actual Loops": 1
                                            },
                                            {
                                                "Worker Number": 3,
                                                "Actual Startup Time": 5.077,
                                                "Actual Total Time": 77.485,
                                                "Actual Rows": 148,
                                                "Actual Loops": 1
                                            }
                                        ]
                                    },
                                    {
                                        "Node Type": "Index Scan",
                                        "Parent Relationship": "Inner",
                                        "Parallel Aware": false,
                                        "Scan Direction": "Forward",
                                        "Index Name": "movie_id_movie_info_idx",
                                        "Relation Name": "movie_info_idx",
                                        "Schema": "public",
                                        "Alias": "mi_idx",
                                        "Startup Cost": 0.43,
                                        "Total Cost": 8.23,
                                        "Plan Rows": 2,
                                        "Plan Width": 4,
                                        "Actual Startup Time": 0.015,
                                        "Actual Total Time": 0.016,
                                        "Actual Rows": 1,
                                        "Actual Loops": 759,
                                        "Output": [
                                            "mi_idx.id",
                                            "mi_idx.movie_id",
                                            "mi_idx.info_type_id",
                                            "mi_idx.info",
                                            "mi_idx.note"
                                        ],
                                        "Index Cond": "(mi_idx.movie_id = t.id)",
                                        "Rows Removed by Index Recheck": 0,
                                        "Filter": "(mi_idx.info_type_id < 101)",
                                        "Rows Removed by Filter": 0,
                                        "Workers": [
                                            {
                                                "Worker Number": 0,
                                                "Actual Startup Time": 0.025,
                                                "Actual Total Time": 0.025,
                                                "Actual Rows": 1,
                                                "Actual Loops": 110
                                            },
                                            {
                                                "Worker Number": 1,
                                                "Actual Startup Time": 0.018,
                                                "Actual Total Time": 0.018,
                                                "Actual Rows": 1,
                                                "Actual Loops": 127
                                            },
                                            {
                                                "Worker Number": 2,
                                                "Actual Startup Time": 0.018,
                                                "Actual Total Time": 0.019,
                                                "Actual Rows": 1,
                                                "Actual Loops": 148
                                            },
                                            {
                                                "Worker Number": 3,
                                                "Actual Startup Time": 0.017,
                                                "Actual Total Time": 0.017,
                                                "Actual Rows": 1,
                                                "Actual Loops": 148
                                            }
                                        ]
                                    }
                                ]
                            }
                        ]
                    }
                ]
            }
        ]
    },
    "Planning Time": 0.772,
    "Triggers": [],
    "Execution Time": 102.828
}