{
  "Plan": {
    "Node Type": "Aggregate",
    "Strategy": "Plain",
    "Partial Mode": "Finalize",
    "Parallel Aware": false,
    "Startup Cost": 74821.84,
    "Total Cost": 74821.85,
    "Plan Rows": 1,
    "Plan Width": 8,
    "Actual Startup Time": 274.27,
    "Actual Total Time": 287.34,
    "Actual Rows": 1,
    "Actual Loops": 1,
    "Plans": [
      {
        "Node Type": "Gather",
        "Parent Relationship": "Outer",
        "Parallel Aware": false,
        "Startup Cost": 74821.73,
        "Total Cost": 74821.84,
        "Plan Rows": 1,
        "Plan Width": 8,
        "Actual Startup Time": 273.941,
        "Actual Total Time": 287.334,
        "Actual Rows": 2,
        "Actual Loops": 1,
        "Workers Planned": 1,
        "Workers Launched": 1,
        "Single Copy": false,
        "Plans": [
          {
            "Node Type": "Aggregate",
            "Strategy": "Plain",
            "Partial Mode": "Partial",
            "Parent Relationship": "Outer",
            "Parallel Aware": false,
            "Startup Cost": 73821.73,
            "Total Cost": 73821.74,
            "Plan Rows": 1,
            "Plan Width": 8,
            "Actual Startup Time": 268.18,
            "Actual Total Time": 268.183,
            "Actual Rows": 1,
            "Actual Loops": 2,
            "Plans": [
              {
                "Node Type": "Hash Join",
                "Parent Relationship": "Outer",
                "Parallel Aware": true,
                "Join Type": "Inner",
                "Startup Cost": 55534.64,
                "Total Cost": 73718.43,
                "Plan Rows": 41320,
                "Plan Width": 0,
                "Actual Startup Time": 154.485,
                "Actual Total Time": 266.927,
                "Actual Rows": 30170,
                "Actual Loops": 2,
                "Inner Unique": true,
                "Hash Cond": "(mi_idx.movie_id = t.id)",
                "Plans": [
                  {
                    "Node Type": "Seq Scan",
                    "Parent Relationship": "Outer",
                    "Parallel Aware": true,
                    "Relation Name": "movie_info_idx",
                    "Alias": "mi_idx",
                    "Startup Cost": 0.0,
                    "Total Cost": 16052.85,
                    "Plan Rows": 811785,
                    "Plan Width": 4,
                    "Actual Startup Time": 0.018,
                    "Actual Total Time": 48.051,
                    "Actual Rows": 690018,
                    "Actual Loops": 2
                  },
                  {
                    "Node Type": "Hash",
                    "Parent Relationship": "Inner",
                    "Parallel Aware": true,
                    "Startup Cost": 54588.39,
                    "Total Cost": 54588.39,
                    "Plan Rows": 75700,
                    "Plan Width": 4,
                    "Actual Startup Time": 151.782,
                    "Actual Total Time": 151.783,
                    "Actual Rows": 64348,
                    "Actual Loops": 2,
                    "Hash Buckets": 131072,
                    "Original Hash Buckets": 131072,
                    "Hash Batches": 1,
                    "Original Hash Batches": 1,
                    "Peak Memory Usage": 6112,
                    "Plans": [
                      {
                        "Node Type": "Seq Scan",
                        "Parent Relationship": "Outer",
                        "Parallel Aware": true,
                        "Relation Name": "title",
                        "Alias": "t",
                        "Startup Cost": 0.0,
                        "Total Cost": 54588.39,
                        "Plan Rows": 75700,
                        "Plan Width": 4,
                        "Actual Startup Time": 0.037,
                        "Actual Total Time": 135.402,
                        "Actual Rows": 64348,
                        "Actual Loops": 2,
                        "Filter": "(production_year = 2009)",
                        "Rows Removed by Filter": 1199808
                      }
                    ]
                  }
                ]
              }
            ]
          }
        ]
      }
    ]
  },
  "Planning Time": 0.398,
  "Triggers": [],
  "Execution Time": 287.41
}