[
  {
    "Plan": {
      "Node Type": "Aggregate",
      "Strategy": "Plain",
      "Partial Mode": "Finalize",
      "Parallel Aware": false,
      "Startup Cost": 345038.29,
      "Total Cost": 345038.3,
      "Plan Rows": 1,
      "Plan Width": 8,
      "Actual Startup Time": 643.646,
      "Actual Total Time": 703.272,
      "Actual Rows": 1,
      "Actual Loops": 1,
      "Plans": [
        {
          "Node Type": "Gather",
          "Parent Relationship": "Outer",
          "Parallel Aware": false,
          "Startup Cost": 345037.67,
          "Total Cost": 345038.28,
          "Plan Rows": 6,
          "Plan Width": 8,
          "Actual Startup Time": 643.521,
          "Actual Total Time": 703.263,
          "Actual Rows": 7,
          "Actual Loops": 1,
          "Workers Planned": 6,
          "Workers Launched": 6,
          "Single Copy": false,
          "Plans": [
            {
              "Node Type": "Aggregate",
              "Strategy": "Plain",
              "Partial Mode": "Partial",
              "Parent Relationship": "Outer",
              "Parallel Aware": false,
              "Startup Cost": 344037.67,
              "Total Cost": 344037.68,
              "Plan Rows": 1,
              "Plan Width": 8,
              "Actual Startup Time": 634.561,
              "Actual Total Time": 634.562,
              "Actual Rows": 1,
              "Actual Loops": 7,
              "Plans": [
                {
                  "Node Type": "Seq Scan",
                  "Parent Relationship": "Outer",
                  "Parallel Aware": true,
                  "Relation Name": "cast_info",
                  "Alias": "ci",
                  "Startup Cost": 0.0,
                  "Total Cost": 343257.03,
                  "Plan Rows": 312255,
                  "Plan Width": 0,
                  "Actual Startup Time": 459.873,
                  "Actual Total Time": 609.544,
                  "Actual Rows": 562075,
                  "Actual Loops": 7,
                  "Filter": "((person_id > 3339317) AND (role_id > 2))",
                  "Rows Removed by Filter": 4615688
                }
              ]
            }
          ]
        }
      ]
    },
    "Planning Time": 0.219,
    "Triggers": [],
    "Execution Time": 703.345
  }
]