{
  "Plan": {
    "Node Type": "Aggregate",
    "Strategy": "Plain",
    "Partial Mode": "Finalize",
    "Parallel Aware": false,
    "Startup Cost": 22059.02,
    "Total Cost": 22059.03,
    "Plan Rows": 1,
    "Plan Width": 8,
    "Actual Startup Time": 17.447,
    "Actual Total Time": 19.748,
    "Actual Rows": 1,
    "Actual Loops": 1,
    "Plans": [
      {
        "Node Type": "Gather",
        "Parent Relationship": "Outer",
        "Parallel Aware": false,
        "Startup Cost": 22058.91,
        "Total Cost": 22059.02,
        "Plan Rows": 1,
        "Plan Width": 8,
        "Actual Startup Time": 17.306,
        "Actual Total Time": 19.739,
        "Actual Rows": 2,
        "Actual Loops": 1,
        "Workers Planned": 1,
        "Workers Launched": 1,
        "Single Copy": false,
        "Plans": [
          {
            "Node Type": "Aggregate",
            "Strategy": "Plain",
            "Partial Mode": "Partial",
            "Parent Relationship": "Outer",
            "Parallel Aware": false,
            "Startup Cost": 21058.91,
            "Total Cost": 21058.92,
            "Plan Rows": 1,
            "Plan Width": 8,
            "Actual Startup Time": 11.127,
            "Actual Total Time": 11.129,
            "Actual Rows": 1,
            "Actual Loops": 2,
            "Plans": [
              {
                "Node Type": "Nested Loop",
                "Parent Relationship": "Outer",
                "Parallel Aware": false,
                "Join Type": "Inner",
                "Startup Cost": 62.81,
                "Total Cost": 21056.36,
                "Plan Rows": 1018,
                "Plan Width": 0,
                "Actual Startup Time": 1.385,
                "Actual Total Time": 10.938,
                "Actual Rows": 796,
                "Actual Loops": 2,
                "Inner Unique": true,
                "Plans": [
                  {
                    "Node Type": "Bitmap Heap Scan",
                    "Parent Relationship": "Outer",
                    "Parallel Aware": true,
                    "Relation Name": "movie_keyword",
                    "Alias": "mk",
                    "Startup Cost": 62.38,
                    "Total Cost": 8134.04,
                    "Plan Rows": 1666,
                    "Plan Width": 4,
                    "Actual Startup Time": 1.268,
                    "Actual Total Time": 3.4,
                    "Actual Rows": 1137,
                    "Actual Loops": 2,
                    "Recheck Cond": "(keyword_id > 131979)",
                    "Rows Removed by Index Recheck": 0,
                    "Exact Heap Blocks": 678,
                    "Lossy Heap Blocks": 0,
                    "Plans": [
                      {
                        "Node Type": "Bitmap Index Scan",
                        "Parent Relationship": "Outer",
                        "Parallel Aware": false,
                        "Index Name": "keyword_id_movie_keyword",
                        "Startup Cost": 0.0,
                        "Total Cost": 61.67,
                        "Plan Rows": 2832,
                        "Plan Width": 0,
                        "Actual Startup Time": 2.055,
                        "Actual Total Time": 2.056,
                        "Actual Rows": 2274,
                        "Actual Loops": 1,
                        "Index Cond": "(keyword_id > 131979)"
                      }
                    ]
                  },
                  {
                    "Node Type": "Index Scan",
                    "Parent Relationship": "Inner",
                    "Parallel Aware": false,
                    "Scan Direction": "Forward",
                    "Index Name": "title_pkey",
                    "Relation Name": "title",
                    "Alias": "t",
                    "Startup Cost": 0.43,
                    "Total Cost": 7.76,
                    "Plan Rows": 1,
                    "Plan Width": 4,
                    "Actual Startup Time": 0.006,
                    "Actual Total Time": 0.006,
                    "Actual Rows": 1,
                    "Actual Loops": 2274,
                    "Index Cond": "(id = mk.movie_id)",
                    "Rows Removed by Index Recheck": 0,
                    "Filter": "(production_year < 2007)",
                    "Rows Removed by Filter": 0
                  }
                ]
              }
            ]
          }
        ]
      }
    ]
  },
  "Planning Time": 0.524,
  "Triggers": [],
  "Execution Time": 19.837
}