{
    "Plan": {
        "Node Type": "Aggregate",
        "Strategy": "Plain",
        "Partial Mode": "Simple",
        "Parallel Aware": false,
        "Startup Cost": 30005014461.12,
        "Total Cost": 30005014461.13,
        "Plan Rows": 1,
        "Plan Width": 64,
        "Actual Startup Time": 7877.957,
        "Actual Total Time": 7877.96,
        "Actual Rows": 1,
        "Actual Loops": 1,
        "Output": [
            "min(mi_idx.info)",
            "min(t.title)"
        ],
        "Plans": [
            {
                "Node Type": "Hash Join",
                "Parent Relationship": "Outer",
                "Parallel Aware": false,
                "Join Type": "Inner",
                "Startup Cost": 30000129310.89,
                "Total Cost": 30004999460.41,
                "Plan Rows": 3000142,
                "Plan Width": 22,
                "Actual Startup Time": 2235.944,
                "Actual Total Time": 7735.421,
                "Actual Rows": 1497335,
                "Actual Loops": 1,
                "Output": [
                    "mi_idx.info",
                    "t.title"
                ],
                "Inner Unique": true,
                "Hash Cond": "(mi_idx.movie_id = t.id)",
                "Plans": [
                    {
                        "Node Type": "Nested Loop",
                        "Parent Relationship": "Outer",
                        "Parallel Aware": false,
                        "Join Type": "Inner",
                        "Startup Cost": 20000000001.32,
                        "Total Cost": 20004850470.25,
                        "Plan Rows": 7497359,
                        "Plan Width": 13,
                        "Actual Startup Time": 0.074,
                        "Actual Total Time": 4884.959,
                        "Actual Rows": 6053379,
                        "Actual Loops": 1,
                        "Output": [
                            "mi_idx.info",
                            "mi_idx.movie_id",
                            "mk.movie_id"
                        ],
                        "Inner Unique": false,
                        "Plans": [
                            {
                                "Node Type": "Index Scan",
                                "Parent Relationship": "Outer",
                                "Parallel Aware": false,
                                "Scan Direction": "Forward",
                                "Index Name": "movie_id_movie_info_idx",
                                "Relation Name": "movie_info_idx",
                                "Schema": "public",
                                "Alias": "mi_idx",
                                "Startup Cost": 10000000000.43,
                                "Total Cost": 10000057080.9,
                                "Plan Rows": 808481,
                                "Plan Width": 9,
                                "Actual Startup Time": 0.042,
                                "Actual Total Time": 497.075,
                                "Actual Rows": 806365,
                                "Actual Loops": 1,
                                "Output": [
                                    "mi_idx.id",
                                    "mi_idx.movie_id",
                                    "mi_idx.info_type_id",
                                    "mi_idx.info",
                                    "mi_idx.note"
                                ],
                                "Filter": "(mi_idx.info > '2.0'::text)",
                                "Rows Removed by Filter": 573670
                            },
                            {
                                "Node Type": "Bitmap Heap Scan",
                                "Parent Relationship": "Inner",
                                "Parallel Aware": false,
                                "Relation Name": "movie_keyword",
                                "Schema": "public",
                                "Alias": "mk",
                                "Startup Cost": 0.89,
                                "Total Cost": 5.47,
                                "Plan Rows": 46,
                                "Plan Width": 4,
                                "Actual Startup Time": 0.003,
                                "Actual Total Time": 0.003,
                                "Actual Rows": 8,
                                "Actual Loops": 806365,
                                "Output": [
                                    "mk.id",
                                    "mk.movie_id",
                                    "mk.keyword_id"
                                ],
                                "Recheck Cond": "(mk.movie_id = mi_idx.movie_id)",
                                "Rows Removed by Index Recheck": 0,
                                "Exact Heap Blocks": 445004,
                                "Lossy Heap Blocks": 0,
                                "Plans": [
                                    {
                                        "Node Type": "Bitmap Index Scan",
                                        "Parent Relationship": "Outer",
                                        "Parallel Aware": false,
                                        "Index Name": "movie_id_movie_keyword",
                                        "Startup Cost": 0.0,
                                        "Total Cost": 0.88,
                                        "Plan Rows": 46,
                                        "Plan Width": 0,
                                        "Actual Startup Time": 0.002,
                                        "Actual Total Time": 0.002,
                                        "Actual Rows": 8,
                                        "Actual Loops": 806365,
                                        "Index Cond": "(mk.movie_id = mi_idx.movie_id)"
                                    }
                                ]
                            }
                        ]
                    },
                    {
                        "Node Type": "Hash",
                        "Parent Relationship": "Inner",
                        "Parallel Aware": false,
                        "Startup Cost": 10000116662.9,
                        "Total Cost": 10000116662.9,
                        "Plan Rows": 1011733,
                        "Plan Width": 21,
                        "Actual Startup Time": 2225.569,
                        "Actual Total Time": 2225.569,
                        "Actual Rows": 1012920,
                        "Actual Loops": 1,
                        "Output": [
                            "t.title",
                            "t.id"
                        ],
                        "Hash Buckets": 1048576,
                        "Original Hash Buckets": 1048576,
                        "Hash Batches": 1,
                        "Original Hash Batches": 1,
                        "Peak Memory Usage": 62527,
                        "Plans": [
                            {
                                "Node Type": "Index Scan",
                                "Parent Relationship": "Outer",
                                "Parallel Aware": false,
                                "Scan Direction": "Forward",
                                "Index Name": "title_pkey",
                                "Relation Name": "title",
                                "Schema": "public",
                                "Alias": "t",
                                "Startup Cost": 10000000000.43,
                                "Total Cost": 10000116662.9,
                                "Plan Rows": 1011733,
                                "Plan Width": 21,
                                "Actual Startup Time": 0.113,
                                "Actual Total Time": 1825.143,
                                "Actual Rows": 1012920,
                                "Actual Loops": 1,
                                "Output": [
                                    "t.title",
                                    "t.id"
                                ],
                                "Filter": "(t.production_year > 2005)",
                                "Rows Removed by Filter": 1515392
                            }
                        ]
                    }
                ]
            }
        ]
    },
    "Planning Time": 3.717,
    "Triggers": [],
    "Execution Time": 7879.257
}