[
  {
    "Plan": {
      "Node Type": "Aggregate",
      "Strategy": "Plain",
      "Partial Mode": "Finalize",
      "Parallel Aware": false,
      "Startup Cost": 337187.21,
      "Total Cost": 337187.22,
      "Plan Rows": 1,
      "Plan Width": 8,
      "Actual Startup Time": 708.827,
      "Actual Total Time": 765.503,
      "Actual Rows": 1,
      "Actual Loops": 1,
      "Plans": [
        {
          "Node Type": "Gather",
          "Parent Relationship": "Outer",
          "Parallel Aware": false,
          "Startup Cost": 337186.58,
          "Total Cost": 337187.19,
          "Plan Rows": 6,
          "Plan Width": 8,
          "Actual Startup Time": 708.715,
          "Actual Total Time": 765.492,
          "Actual Rows": 7,
          "Actual Loops": 1,
          "Workers Planned": 6,
          "Workers Launched": 6,
          "Single Copy": false,
          "Plans": [
            {
              "Node Type": "Aggregate",
              "Strategy": "Plain",
              "Partial Mode": "Partial",
              "Parent Relationship": "Outer",
              "Parallel Aware": false,
              "Startup Cost": 336186.58,
              "Total Cost": 336186.59,
              "Plan Rows": 1,
              "Plan Width": 8,
              "Actual Startup Time": 700.262,
              "Actual Total Time": 700.263,
              "Actual Rows": 1,
              "Actual Loops": 7,
              "Plans": [
                {
                  "Node Type": "Seq Scan",
                  "Parent Relationship": "Outer",
                  "Parallel Aware": true,
                  "Relation Name": "cast_info",
                  "Alias": "ci",
                  "Startup Cost": 0.0,
                  "Total Cost": 328162.03,
                  "Plan Rows": 3209822,
                  "Plan Width": 0,
                  "Actual Startup Time": 183.874,
                  "Actual Total Time": 588.758,
                  "Actual Rows": 2746606,
                  "Actual Loops": 7,
                  "Filter": "(person_id > 1682271)",
                  "Rows Removed by Filter": 2431158
                }
              ]
            }
          ]
        }
      ]
    },
    "Planning Time": 0.204,
    "Triggers": [],
    "Execution Time": 765.578
  }
]