[
  {
    "Plan": {
      "Node Type": "Aggregate",
      "Strategy": "Plain",
      "Partial Mode": "Finalize",
      "Parallel Aware": false,
      "Startup Cost": 333249.37,
      "Total Cost": 333249.38,
      "Plan Rows": 1,
      "Plan Width": 8,
      "Actual Startup Time": 622.977,
      "Actual Total Time": 679.632,
      "Actual Rows": 1,
      "Actual Loops": 1,
      "Plans": [
        {
          "Node Type": "Gather",
          "Parent Relationship": "Outer",
          "Parallel Aware": false,
          "Startup Cost": 333248.75,
          "Total Cost": 333249.36,
          "Plan Rows": 6,
          "Plan Width": 8,
          "Actual Startup Time": 622.789,
          "Actual Total Time": 679.619,
          "Actual Rows": 7,
          "Actual Loops": 1,
          "Workers Planned": 6,
          "Workers Launched": 6,
          "Single Copy": false,
          "Plans": [
            {
              "Node Type": "Aggregate",
              "Strategy": "Plain",
              "Partial Mode": "Partial",
              "Parent Relationship": "Outer",
              "Parallel Aware": false,
              "Startup Cost": 332248.75,
              "Total Cost": 332248.76,
              "Plan Rows": 1,
              "Plan Width": 8,
              "Actual Startup Time": 616.667,
              "Actual Total Time": 616.669,
              "Actual Rows": 1,
              "Actual Loops": 7,
              "Plans": [
                {
                  "Node Type": "Seq Scan",
                  "Parent Relationship": "Outer",
                  "Parallel Aware": true,
                  "Relation Name": "cast_info",
                  "Alias": "ci",
                  "Startup Cost": 0.0,
                  "Total Cost": 328211.39,
                  "Plan Rows": 1614943,
                  "Plan Width": 0,
                  "Actual Startup Time": 0.026,
                  "Actual Total Time": 552.039,
                  "Actual Rows": 1394470,
                  "Actual Loops": 7,
                  "Filter": "(person_id < 959730)",
                  "Rows Removed by Filter": 3783294
                }
              ]
            }
          ]
        }
      ]
    },
    "Planning Time": 0.21,
    "Triggers": [],
    "Execution Time": 679.706
  }
]