[
  {
    "Plan": {
      "Node Type": "Aggregate",
      "Strategy": "Plain",
      "Partial Mode": "Finalize",
      "Parallel Aware": false,
      "Startup Cost": 333196.74,
      "Total Cost": 333196.75,
      "Plan Rows": 1,
      "Plan Width": 8,
      "Actual Startup Time": 660.985,
      "Actual Total Time": 723.563,
      "Actual Rows": 1,
      "Actual Loops": 1,
      "Plans": [
        {
          "Node Type": "Gather",
          "Parent Relationship": "Outer",
          "Parallel Aware": false,
          "Startup Cost": 333196.11,
          "Total Cost": 333196.72,
          "Plan Rows": 6,
          "Plan Width": 8,
          "Actual Startup Time": 660.85,
          "Actual Total Time": 723.552,
          "Actual Rows": 7,
          "Actual Loops": 1,
          "Workers Planned": 6,
          "Workers Launched": 6,
          "Single Copy": false,
          "Plans": [
            {
              "Node Type": "Aggregate",
              "Strategy": "Plain",
              "Partial Mode": "Partial",
              "Parent Relationship": "Outer",
              "Parallel Aware": false,
              "Startup Cost": 332196.11,
              "Total Cost": 332196.12,
              "Plan Rows": 1,
              "Plan Width": 8,
              "Actual Startup Time": 651.858,
              "Actual Total Time": 651.859,
              "Actual Rows": 1,
              "Actual Loops": 7,
              "Plans": [
                {
                  "Node Type": "Seq Scan",
                  "Parent Relationship": "Outer",
                  "Parallel Aware": true,
                  "Relation Name": "cast_info",
                  "Alias": "ci",
                  "Startup Cost": 0.0,
                  "Total Cost": 328162.03,
                  "Plan Rows": 1613635,
                  "Plan Width": 0,
                  "Actual Startup Time": 0.047,
                  "Actual Total Time": 584.059,
                  "Actual Rows": 1394470,
                  "Actual Loops": 7,
                  "Filter": "(person_id < 959730)",
                  "Rows Removed by Filter": 3783294
                }
              ]
            }
          ]
        }
      ]
    },
    "Planning Time": 0.196,
    "Triggers": [],
    "Execution Time": 723.635
  }
]