{
  "Plan": {
    "Node Type": "Aggregate",
    "Strategy": "Plain",
    "Partial Mode": "Finalize",
    "Parallel Aware": false,
    "Startup Cost": 99609.21,
    "Total Cost": 99609.22,
    "Plan Rows": 1,
    "Plan Width": 8,
    "Actual Startup Time": 397.718,
    "Actual Total Time": 414.696,
    "Actual Rows": 1,
    "Actual Loops": 1,
    "Plans": [
      {
        "Node Type": "Gather",
        "Parent Relationship": "Outer",
        "Parallel Aware": false,
        "Startup Cost": 99609.1,
        "Total Cost": 99609.21,
        "Plan Rows": 1,
        "Plan Width": 8,
        "Actual Startup Time": 395.108,
        "Actual Total Time": 414.687,
        "Actual Rows": 2,
        "Actual Loops": 1,
        "Workers Planned": 1,
        "Workers Launched": 1,
        "Single Copy": false,
        "Plans": [
          {
            "Node Type": "Aggregate",
            "Strategy": "Plain",
            "Partial Mode": "Partial",
            "Parent Relationship": "Outer",
            "Parallel Aware": false,
            "Startup Cost": 98609.1,
            "Total Cost": 98609.11,
            "Plan Rows": 1,
            "Plan Width": 8,
            "Actual Startup Time": 389.189,
            "Actual Total Time": 389.193,
            "Actual Rows": 1,
            "Actual Loops": 2,
            "Plans": [
              {
                "Node Type": "Hash Join",
                "Parent Relationship": "Outer",
                "Parallel Aware": true,
                "Join Type": "Inner",
                "Startup Cost": 71333.59,
                "Total Cost": 98451.03,
                "Plan Rows": 63225,
                "Plan Width": 0,
                "Actual Startup Time": 306.84,
                "Actual Total Time": 388.794,
                "Actual Rows": 6538,
                "Actual Loops": 2,
                "Inner Unique": true,
                "Hash Cond": "(mk.movie_id = t.id)",
                "Plans": [
                  {
                    "Node Type": "Bitmap Heap Scan",
                    "Parent Relationship": "Outer",
                    "Parallel Aware": true,
                    "Relation Name": "movie_keyword",
                    "Alias": "mk",
                    "Startup Cost": 6352.49,
                    "Total Cost": 33007.68,
                    "Plan Rows": 176095,
                    "Plan Width": 4,
                    "Actual Startup Time": 20.887,
                    "Actual Total Time": 70.55,
                    "Actual Rows": 147272,
                    "Actual Loops": 2,
                    "Recheck Cond": "(keyword_id > 54632)",
                    "Rows Removed by Index Recheck": 0,
                    "Exact Heap Blocks": 11659,
                    "Lossy Heap Blocks": 0,
                    "Plans": [
                      {
                        "Node Type": "Bitmap Index Scan",
                        "Parent Relationship": "Outer",
                        "Parallel Aware": false,
                        "Index Name": "keyword_id_movie_keyword",
                        "Startup Cost": 0.0,
                        "Total Cost": 6277.65,
                        "Plan Rows": 299362,
                        "Plan Width": 0,
                        "Actual Startup Time": 17.561,
                        "Actual Total Time": 17.562,
                        "Actual Rows": 294543,
                        "Actual Loops": 1,
                        "Index Cond": "(keyword_id > 54632)"
                      }
                    ]
                  },
                  {
                    "Node Type": "Hash",
                    "Parent Relationship": "Inner",
                    "Parallel Aware": true,
                    "Startup Cost": 58306.47,
                    "Total Cost": 58306.47,
                    "Plan Rows": 533971,
                    "Plan Width": 4,
                    "Actual Startup Time": 276.974,
                    "Actual Total Time": 276.975,
                    "Actual Rows": 496036,
                    "Actual Loops": 2,
                    "Hash Buckets": 1048576,
                    "Original Hash Buckets": 1048576,
                    "Hash Batches": 1,
                    "Original Hash Batches": 1,
                    "Peak Memory Usage": 47008,
                    "Plans": [
                      {
                        "Node Type": "Seq Scan",
                        "Parent Relationship": "Outer",
                        "Parallel Aware": true,
                        "Relation Name": "title",
                        "Alias": "t",
                        "Startup Cost": 0.0,
                        "Total Cost": 58306.47,
                        "Plan Rows": 533971,
                        "Plan Width": 4,
                        "Actual Startup Time": 0.033,
                        "Actual Total Time": 160.382,
                        "Actual Rows": 496036,
                        "Actual Loops": 2,
                        "Filter": "((production_year > 1998) AND (kind_id = 7))",
                        "Rows Removed by Filter": 768120
                      }
                    ]
                  }
                ]
              }
            ]
          }
        ]
      }
    ]
  },
  "Planning Time": 0.625,
  "Triggers": [],
  "Execution Time": 414.793
}