{
  "Plan": {
    "Node Type": "Aggregate",
    "Strategy": "Plain",
    "Partial Mode": "Finalize",
    "Parallel Aware": false,
    "Startup Cost": 1768838.46,
    "Total Cost": 1768838.47,
    "Plan Rows": 1,
    "Plan Width": 8,
    "Actual Startup Time": 7941.385,
    "Actual Total Time": 8031.256,
    "Actual Rows": 1,
    "Actual Loops": 1,
    "Plans": [
      {
        "Node Type": "Gather",
        "Parent Relationship": "Outer",
        "Parallel Aware": false,
        "Startup Cost": 1768838.35,
        "Total Cost": 1768838.46,
        "Plan Rows": 1,
        "Plan Width": 8,
        "Actual Startup Time": 7936.232,
        "Actual Total Time": 8031.247,
        "Actual Rows": 2,
        "Actual Loops": 1,
        "Workers Planned": 1,
        "Workers Launched": 1,
        "Single Copy": false,
        "Plans": [
          {
            "Node Type": "Aggregate",
            "Strategy": "Plain",
            "Partial Mode": "Partial",
            "Parent Relationship": "Outer",
            "Parallel Aware": false,
            "Startup Cost": 1767838.35,
            "Total Cost": 1767838.36,
            "Plan Rows": 1,
            "Plan Width": 8,
            "Actual Startup Time": 7930.038,
            "Actual Total Time": 7930.042,
            "Actual Rows": 1,
            "Actual Loops": 2,
            "Plans": [
              {
                "Node Type": "Merge Join",
                "Parent Relationship": "Outer",
                "Parallel Aware": false,
                "Join Type": "Inner",
                "Startup Cost": 659045.42,
                "Total Cost": 1758004.93,
                "Plan Rows": 3933369,
                "Plan Width": 0,
                "Actual Startup Time": 3053.058,
                "Actual Total Time": 7444.387,
                "Actual Rows": 12474660,
                "Actual Loops": 2,
                "Inner Unique": false,
                "Merge Cond": "(mi.movie_id = t.id)",
                "Plans": [
                  {
                    "Node Type": "Index Only Scan",
                    "Parent Relationship": "Outer",
                    "Parallel Aware": true,
                    "Scan Direction": "Forward",
                    "Index Name": "movie_id_movie_info",
                    "Relation Name": "movie_info",
                    "Alias": "mi",
                    "Startup Cost": 0.43,
                    "Total Cost": 1018223.42,
                    "Plan Rows": 8696274,
                    "Plan Width": 4,
                    "Actual Startup Time": 0.091,
                    "Actual Total Time": 2330.234,
                    "Actual Rows": 7417403,
                    "Actual Loops": 2,
                    "Heap Fetches": 14834806
                  },
                  {
                    "Node Type": "Sort",
                    "Parent Relationship": "Inner",
                    "Parallel Aware": false,
                    "Startup Cost": 659044.73,
                    "Total Cost": 661903.63,
                    "Plan Rows": 1143560,
                    "Plan Width": 8,
                    "Actual Startup Time": 3052.917,
                    "Actual Total Time": 3614.471,
                    "Actual Rows": 12891065,
                    "Actual Loops": 2,
                    "Sort Key": [
                      "t.id"
                    ],
                    "Sort Method": "quicksort",
                    "Sort Space Used": 63857,
                    "Sort Space Type": "Memory",
                    "Workers": [
                      {
                        "Worker Number": 0,
                        "Sort Method": "quicksort",
                        "Sort Space Used": 63857,
                        "Sort Space Type": "Memory"
                      }
                    ],
                    "Plans": [
                      {
                        "Node Type": "Hash Join",
                        "Parent Relationship": "Outer",
                        "Parallel Aware": false,
                        "Join Type": "Inner",
                        "Startup Cost": 73716.33,
                        "Total Cost": 543973.42,
                        "Plan Rows": 1143560,
                        "Plan Width": 8,
                        "Actual Startup Time": 468.505,
                        "Actual Total Time": 2815.191,
                        "Actual Rows": 837991,
                        "Actual Loops": 2,
                        "Inner Unique": true,
                        "Hash Cond": "(ci.movie_id = t.id)",
                        "Plans": [
                          {
                            "Node Type": "Index Scan",
                            "Parent Relationship": "Outer",
                            "Parallel Aware": false,
                            "Scan Direction": "Forward",
                            "Index Name": "role_id_cast_info",
                            "Relation Name": "cast_info",
                            "Alias": "ci",
                            "Startup Cost": 0.56,
                            "Total Cost": 460192.09,
                            "Plan Rows": 3834498,
                            "Plan Width": 4,
                            "Actual Startup Time": 0.188,
                            "Actual Total Time": 1520.853,
                            "Actual Rows": 2276964,
                            "Actual Loops": 2,
                            "Index Cond": "(role_id > 3)",
                            "Rows Removed by Index Recheck": 0,
                            "Filter": "(person_id < 1105884)",
                            "Rows Removed by Filter": 9836682
                          },
                          {
                            "Node Type": "Hash",
                            "Parent Relationship": "Inner",
                            "Parallel Aware": false,
                            "Startup Cost": 64290.62,
                            "Total Cost": 64290.62,
                            "Plan Rows": 754011,
                            "Plan Width": 4,
                            "Actual Startup Time": 456.849,
                            "Actual Total Time": 456.851,
                            "Actual Rows": 773297,
                            "Actual Loops": 2,
                            "Hash Buckets": 1048576,
                            "Original Hash Buckets": 1048576,
                            "Hash Batches": 1,
                            "Original Hash Batches": 1,
                            "Peak Memory Usage": 35379,
                            "Plans": [
                              {
                                "Node Type": "Bitmap Heap Scan",
                                "Parent Relationship": "Outer",
                                "Parallel Aware": false,
                                "Relation Name": "title",
                                "Alias": "t",
                                "Startup Cost": 15450.16,
                                "Total Cost": 64290.62,
                                "Plan Rows": 754011,
                                "Plan Width": 4,
                                "Actual Startup Time": 54.471,
                                "Actual Total Time": 263.237,
                                "Actual Rows": 773297,
                                "Actual Loops": 2,
                                "Recheck Cond": "(kind_id < 4)",
                                "Rows Removed by Index Recheck": 0,
                                "Filter": "(production_year < 2012)",
                                "Rows Removed by Filter": 80917,
                                "Exact Heap Blocks": 35470,
                                "Lossy Heap Blocks": 0,
                                "Plans": [
                                  {
                                    "Node Type": "Bitmap Index Scan",
                                    "Parent Relationship": "Outer",
                                    "Parallel Aware": false,
                                    "Index Name": "kind_id_title",
                                    "Startup Cost": 0.0,
                                    "Total Cost": 15261.66,
                                    "Plan Rows": 856164,
                                    "Plan Width": 0,
                                    "Actual Startup Time": 48.137,
                                    "Actual Total Time": 48.137,
                                    "Actual Rows": 854214,
                                    "Actual Loops": 2,
                                    "Index Cond": "(kind_id < 4)"
                                  }
                                ]
                              }
                            ]
                          }
                        ]
                      }
                    ]
                  }
                ]
              }
            ]
          }
        ]
      }
    ]
  },
  "Planning Time": 1.091,
  "Triggers": [],
  "Execution Time": 8042.448
}