[
    {
        "Bao": {
            "Bao prediction": "NaN",
            "Bao recommended hint": "(no hint)"
        }
    },
    {
        "Plan": {
            "Node Type": "Aggregate",
            "Strategy": "Plain",
            "Partial Mode": "Finalize",
            "Parallel Aware": false,
            "Startup Cost": 36707.79,
            "Total Cost": 36707.8,
            "Plan Rows": 1,
            "Plan Width": 8,
            "Actual Startup Time": 144.392,
            "Actual Total Time": 150.695,
            "Actual Rows": 1,
            "Actual Loops": 1,
            "Output": [
                "count(*)"
            ],
            "Plans": [
                {
                    "Node Type": "Gather",
                    "Parent Relationship": "Outer",
                    "Parallel Aware": false,
                    "Startup Cost": 36707.47,
                    "Total Cost": 36707.78,
                    "Plan Rows": 3,
                    "Plan Width": 8,
                    "Actual Startup Time": 144.018,
                    "Actual Total Time": 150.683,
                    "Actual Rows": 4,
                    "Actual Loops": 1,
                    "Output": [
                        "(PARTIAL count(*))"
                    ],
                    "Workers Planned": 3,
                    "Workers Launched": 3,
                    "Single Copy": false,
                    "Plans": [
                        {
                            "Node Type": "Aggregate",
                            "Strategy": "Plain",
                            "Partial Mode": "Partial",
                            "Parent Relationship": "Outer",
                            "Parallel Aware": false,
                            "Startup Cost": 35707.47,
                            "Total Cost": 35707.48,
                            "Plan Rows": 1,
                            "Plan Width": 8,
                            "Actual Startup Time": 134.753,
                            "Actual Total Time": 134.755,
                            "Actual Rows": 1,
                            "Actual Loops": 4,
                            "Output": [
                                "PARTIAL count(*)"
                            ],
                            "Workers": [
                                {
                                    "Worker Number": 0,
                                    "Actual Startup Time": 131.732,
                                    "Actual Total Time": 131.734,
                                    "Actual Rows": 1,
                                    "Actual Loops": 1
                                },
                                {
                                    "Worker Number": 1,
                                    "Actual Startup Time": 131.942,
                                    "Actual Total Time": 131.944,
                                    "Actual Rows": 1,
                                    "Actual Loops": 1
                                },
                                {
                                    "Worker Number": 2,
                                    "Actual Startup Time": 131.936,
                                    "Actual Total Time": 131.938,
                                    "Actual Rows": 1,
                                    "Actual Loops": 1
                                }
                            ],
                            "Plans": [
                                {
                                    "Node Type": "Bitmap Heap Scan",
                                    "Parent Relationship": "Outer",
                                    "Parallel Aware": true,
                                    "Relation Name": "movie_keyword",
                                    "Schema": "public",
                                    "Alias": "mk",
                                    "Startup Cost": 9163.64,
                                    "Total Cost": 35359.17,
                                    "Plan Rows": 139322,
                                    "Plan Width": 0,
                                    "Actual Startup Time": 51.513,
                                    "Actual Total Time": 126.807,
                                    "Actual Rows": 105715,
                                    "Actual Loops": 4,
                                    "Recheck Cond": "(mk.keyword_id > 41305)",
                                    "Rows Removed by Index Recheck": 0,
                                    "Exact Heap Blocks": 8931,
                                    "Lossy Heap Blocks": 0,
                                    "Workers": [
                                        {
                                            "Worker Number": 0,
                                            "Actual Startup Time": 48.55,
                                            "Actual Total Time": 125.038,
                                            "Actual Rows": 73092,
                                            "Actual Loops": 1
                                        },
                                        {
                                            "Worker Number": 1,
                                            "Actual Startup Time": 48.89,
                                            "Actual Total Time": 124.91,
                                            "Actual Rows": 77925,
                                            "Actual Loops": 1
                                        },
                                        {
                                            "Worker Number": 2,
                                            "Actual Startup Time": 48.872,
                                            "Actual Total Time": 125.011,
                                            "Actual Rows": 105043,
                                            "Actual Loops": 1
                                        }
                                    ],
                                    "Plans": [
                                        {
                                            "Node Type": "Bitmap Index Scan",
                                            "Parent Relationship": "Outer",
                                            "Parallel Aware": false,
                                            "Index Name": "keyword_id_movie_keyword",
                                            "Startup Cost": 0.0,
                                            "Total Cost": 9055.67,
                                            "Plan Rows": 431898,
                                            "Plan Width": 0,
                                            "Actual Startup Time": 54.387,
                                            "Actual Total Time": 54.388,
                                            "Actual Rows": 422859,
                                            "Actual Loops": 1,
                                            "Index Cond": "(mk.keyword_id > 41305)"
                                        }
                                    ]
                                }
                            ]
                        }
                    ]
                }
            ]
        },
        "Planning Time": 390.792,
        "Triggers": [],
        "Execution Time": 150.833
    }
]