{
  "Plan": {
    "Node Type": "Aggregate",
    "Strategy": "Plain",
    "Partial Mode": "Finalize",
    "Parallel Aware": false,
    "Startup Cost": 94177.57,
    "Total Cost": 94177.58,
    "Plan Rows": 1,
    "Plan Width": 8,
    "Actual Startup Time": 489.006,
    "Actual Total Time": 504.371,
    "Actual Rows": 1,
    "Actual Loops": 1,
    "Plans": [
      {
        "Node Type": "Gather",
        "Parent Relationship": "Outer",
        "Parallel Aware": false,
        "Startup Cost": 94177.45,
        "Total Cost": 94177.56,
        "Plan Rows": 1,
        "Plan Width": 8,
        "Actual Startup Time": 487.793,
        "Actual Total Time": 504.362,
        "Actual Rows": 2,
        "Actual Loops": 1,
        "Workers Planned": 1,
        "Workers Launched": 1,
        "Single Copy": false,
        "Plans": [
          {
            "Node Type": "Aggregate",
            "Strategy": "Plain",
            "Partial Mode": "Partial",
            "Parent Relationship": "Outer",
            "Parallel Aware": false,
            "Startup Cost": 93177.45,
            "Total Cost": 93177.46,
            "Plan Rows": 1,
            "Plan Width": 8,
            "Actual Startup Time": 481.929,
            "Actual Total Time": 481.933,
            "Actual Rows": 1,
            "Actual Loops": 2,
            "Plans": [
              {
                "Node Type": "Hash Join",
                "Parent Relationship": "Outer",
                "Parallel Aware": true,
                "Join Type": "Inner",
                "Startup Cost": 32063.91,
                "Total Cost": 92894.7,
                "Plan Rows": 113100,
                "Plan Width": 0,
                "Actual Startup Time": 141.6,
                "Actual Total Time": 475.525,
                "Actual Rows": 147958,
                "Actual Loops": 2,
                "Inner Unique": false,
                "Hash Cond": "(t.id = mc.movie_id)",
                "Plans": [
                  {
                    "Node Type": "Seq Scan",
                    "Parent Relationship": "Outer",
                    "Parallel Aware": true,
                    "Relation Name": "title",
                    "Alias": "t",
                    "Startup Cost": 0.0,
                    "Total Cost": 50870.31,
                    "Plan Rows": 1487231,
                    "Plan Width": 4,
                    "Actual Startup Time": 0.012,
                    "Actual Total Time": 123.262,
                    "Actual Rows": 1264156,
                    "Actual Loops": 2
                  },
                  {
                    "Node Type": "Hash",
                    "Parent Relationship": "Inner",
                    "Parallel Aware": true,
                    "Startup Cost": 30650.16,
                    "Total Cost": 30650.16,
                    "Plan Rows": 113100,
                    "Plan Width": 4,
                    "Actual Startup Time": 138.198,
                    "Actual Total Time": 138.2,
                    "Actual Rows": 147958,
                    "Actual Loops": 2,
                    "Hash Buckets": 524288,
                    "Original Hash Buckets": 262144,
                    "Hash Batches": 1,
                    "Original Hash Batches": 1,
                    "Peak Memory Usage": 17760,
                    "Plans": [
                      {
                        "Node Type": "Bitmap Heap Scan",
                        "Parent Relationship": "Outer",
                        "Parallel Aware": true,
                        "Relation Name": "movie_companies",
                        "Alias": "mc",
                        "Startup Cost": 8413.85,
                        "Total Cost": 30650.16,
                        "Plan Rows": 113100,
                        "Plan Width": 4,
                        "Actual Startup Time": 33.293,
                        "Actual Total Time": 96.121,
                        "Actual Rows": 147958,
                        "Actual Loops": 2,
                        "Recheck Cond": "(company_id < 228)",
                        "Rows Removed by Index Recheck": 0,
                        "Filter": "(company_type_id = 1)",
                        "Rows Removed by Filter": 45854,
                        "Exact Heap Blocks": 12387,
                        "Lossy Heap Blocks": 0,
                        "Plans": [
                          {
                            "Node Type": "Bitmap Index Scan",
                            "Parent Relationship": "Outer",
                            "Parallel Aware": false,
                            "Index Name": "company_id_movie_companies",
                            "Startup Cost": 0.0,
                            "Total Cost": 8365.79,
                            "Plan Rows": 390581,
                            "Plan Width": 0,
                            "Actual Startup Time": 32.075,
                            "Actual Total Time": 32.075,
                            "Actual Rows": 387626,
                            "Actual Loops": 1,
                            "Index Cond": "(company_id < 228)"
                          }
                        ]
                      }
                    ]
                  }
                ]
              }
            ]
          }
        ]
      }
    ]
  },
  "Planning Time": 0.741,
  "Triggers": [],
  "Execution Time": 504.466
}