[
  {
    "Plan": {
      "Node Type": "Aggregate",
      "Strategy": "Plain",
      "Partial Mode": "Finalize",
      "Parallel Aware": false,
      "Startup Cost": 16606.39,
      "Total Cost": 16606.4,
      "Plan Rows": 1,
      "Plan Width": 8,
      "Actual Startup Time": 69.234,
      "Actual Total Time": 74.568,
      "Actual Rows": 1,
      "Actual Loops": 1,
      "Plans": [
        {
          "Node Type": "Gather",
          "Parent Relationship": "Outer",
          "Parallel Aware": false,
          "Startup Cost": 16606.17,
          "Total Cost": 16606.38,
          "Plan Rows": 2,
          "Plan Width": 8,
          "Actual Startup Time": 69.162,
          "Actual Total Time": 74.561,
          "Actual Rows": 3,
          "Actual Loops": 1,
          "Workers Planned": 2,
          "Workers Launched": 2,
          "Single Copy": false,
          "Plans": [
            {
              "Node Type": "Aggregate",
              "Strategy": "Plain",
              "Partial Mode": "Partial",
              "Parent Relationship": "Outer",
              "Parallel Aware": false,
              "Startup Cost": 15606.17,
              "Total Cost": 15606.18,
              "Plan Rows": 1,
              "Plan Width": 8,
              "Actual Startup Time": 61.847,
              "Actual Total Time": 61.848,
              "Actual Rows": 1,
              "Actual Loops": 3,
              "Plans": [
                {
                  "Node Type": "Seq Scan",
                  "Parent Relationship": "Outer",
                  "Parallel Aware": true,
                  "Relation Name": "movie_info_idx",
                  "Alias": "mi_idx",
                  "Startup Cost": 0.0,
                  "Total Cost": 15122.68,
                  "Plan Rows": 193397,
                  "Plan Width": 0,
                  "Actual Startup Time": 0.054,
                  "Actual Total Time": 53.701,
                  "Actual Rows": 153395,
                  "Actual Loops": 3,
                  "Filter": "(info_type_id > 100)",
                  "Rows Removed by Filter": 306617
                }
              ]
            }
          ]
        }
      ]
    },
    "Planning Time": 0.177,
    "Triggers": [],
    "Execution Time": 74.629
  }
]