[
  {
    "Plan": {
      "Node Type": "Aggregate",
      "Strategy": "Plain",
      "Partial Mode": "Finalize",
      "Parallel Aware": false,
      "Startup Cost": 46359.09,
      "Total Cost": 46359.1,
      "Plan Rows": 1,
      "Plan Width": 8,
      "Actual Startup Time": 193.337,
      "Actual Total Time": 202.865,
      "Actual Rows": 1,
      "Actual Loops": 1,
      "Plans": [
        {
          "Node Type": "Gather",
          "Parent Relationship": "Outer",
          "Parallel Aware": false,
          "Startup Cost": 46358.77,
          "Total Cost": 46359.08,
          "Plan Rows": 3,
          "Plan Width": 8,
          "Actual Startup Time": 193.237,
          "Actual Total Time": 202.854,
          "Actual Rows": 4,
          "Actual Loops": 1,
          "Workers Planned": 3,
          "Workers Launched": 3,
          "Single Copy": false,
          "Plans": [
            {
              "Node Type": "Aggregate",
              "Strategy": "Plain",
              "Partial Mode": "Partial",
              "Parent Relationship": "Outer",
              "Parallel Aware": false,
              "Startup Cost": 45358.77,
              "Total Cost": 45358.78,
              "Plan Rows": 1,
              "Plan Width": 8,
              "Actual Startup Time": 184.662,
              "Actual Total Time": 184.663,
              "Actual Rows": 1,
              "Actual Loops": 4,
              "Plans": [
                {
                  "Node Type": "Seq Scan",
                  "Parent Relationship": "Outer",
                  "Parallel Aware": true,
                  "Relation Name": "movie_keyword",
                  "Alias": "mk",
                  "Startup Cost": 0.0,
                  "Total Cost": 42695.65,
                  "Plan Rows": 1065247,
                  "Plan Width": 0,
                  "Actual Startup Time": 0.061,
                  "Actual Total Time": 140.885,
                  "Actual Rows": 824125,
                  "Actual Loops": 4,
                  "Filter": "(keyword_id < 14801)",
                  "Rows Removed by Filter": 306857
                }
              ]
            }
          ]
        }
      ]
    },
    "Planning Time": 0.161,
    "Triggers": [],
    "Execution Time": 202.946
  }
]