[
  {
    "Plan": {
      "Node Type": "Aggregate",
      "Strategy": "Plain",
      "Partial Mode": "Finalize",
      "Parallel Aware": false,
      "Startup Cost": 112076.54,
      "Total Cost": 112076.55,
      "Plan Rows": 1,
      "Plan Width": 8,
      "Actual Startup Time": 611.904,
      "Actual Total Time": 632.038,
      "Actual Rows": 1,
      "Actual Loops": 1,
      "Plans": [
        {
          "Node Type": "Gather",
          "Parent Relationship": "Outer",
          "Parallel Aware": false,
          "Startup Cost": 112076.23,
          "Total Cost": 112076.54,
          "Plan Rows": 3,
          "Plan Width": 8,
          "Actual Startup Time": 609.211,
          "Actual Total Time": 632.028,
          "Actual Rows": 4,
          "Actual Loops": 1,
          "Workers Planned": 3,
          "Workers Launched": 3,
          "Single Copy": false,
          "Plans": [
            {
              "Node Type": "Aggregate",
              "Strategy": "Plain",
              "Partial Mode": "Partial",
              "Parent Relationship": "Outer",
              "Parallel Aware": false,
              "Startup Cost": 111076.23,
              "Total Cost": 111076.24,
              "Plan Rows": 1,
              "Plan Width": 8,
              "Actual Startup Time": 600.417,
              "Actual Total Time": 600.627,
              "Actual Rows": 1,
              "Actual Loops": 4,
              "Plans": [
                {
                  "Node Type": "Hash Join",
                  "Parent Relationship": "Outer",
                  "Parallel Aware": true,
                  "Join Type": "Inner",
                  "Startup Cost": 64073.85,
                  "Total Cost": 110659.79,
                  "Plan Rows": 166575,
                  "Plan Width": 0,
                  "Actual Startup Time": 355.899,
                  "Actual Total Time": 577.308,
                  "Actual Rows": 551992,
                  "Actual Loops": 4,
                  "Inner Unique": false,
                  "Hash Cond": "(mk.movie_id = t.id)",
                  "Plans": [
                    {
                      "Node Type": "Seq Scan",
                      "Parent Relationship": "Outer",
                      "Parallel Aware": true,
                      "Relation Name": "movie_keyword",
                      "Alias": "mk",
                      "Startup Cost": 0.0,
                      "Total Cost": 42695.65,
                      "Plan Rows": 926360,
                      "Plan Width": 4,
                      "Actual Startup Time": 0.288,
                      "Actual Total Time": 109.643,
                      "Actual Rows": 714663,
                      "Actual Loops": 4,
                      "Filter": "(keyword_id > 2551)",
                      "Rows Removed by Filter": 416320
                    },
                    {
                      "Node Type": "Hash",
                      "Parent Relationship": "Inner",
                      "Parallel Aware": true,
                      "Startup Cost": 62653.12,
                      "Total Cost": 62653.12,
                      "Plan Rows": 113658,
                      "Plan Width": 8,
                      "Actual Startup Time": 352.245,
                      "Actual Total Time": 352.453,
                      "Actual Rows": 114981,
                      "Actual Loops": 4,
                      "Hash Buckets": 524288,
                      "Original Hash Buckets": 524288,
                      "Hash Batches": 1,
                      "Original Hash Batches": 1,
                      "Peak Memory Usage": 22144,
                      "Plans": [
                        {
                          "Node Type": "Hash Join",
                          "Parent Relationship": "Outer",
                          "Parallel Aware": true,
                          "Join Type": "Inner",
                          "Startup Cost": 17490.54,
                          "Total Cost": 62653.12,
                          "Plan Rows": 113658,
                          "Plan Width": 8,
                          "Actual Startup Time": 91.308,
                          "Actual Total Time": 313.67,
                          "Actual Rows": 114981,
                          "Actual Loops": 4,
                          "Inner Unique": false,
                          "Hash Cond": "(t.id = mi_idx.movie_id)",
                          "Plans": [
                            {
                              "Node Type": "Seq Scan",
                              "Parent Relationship": "Outer",
                              "Parallel Aware": true,
                              "Relation Name": "title",
                              "Alias": "t",
                              "Startup Cost": 0.0,
                              "Total Cost": 42318.73,
                              "Plan Rows": 632073,
                              "Plan Width": 4,
                              "Actual Startup Time": 0.01,
                              "Actual Total Time": 74.962,
                              "Actual Rows": 632078,
                              "Actual Loops": 4
                            },
                            {
                              "Node Type": "Hash",
                              "Parent Relationship": "Inner",
                              "Parallel Aware": true,
                              "Startup Cost": 15122.68,
                              "Total Cost": 15122.68,
                              "Plan Rows": 189429,
                              "Plan Width": 4,
                              "Actual Startup Time": 89.479,
                              "Actual Total Time": 89.48,
                              "Actual Rows": 114981,
                              "Actual Loops": 4,
                              "Hash Buckets": 524288,
                              "Original Hash Buckets": 524288,
                              "Hash Batches": 1,
                              "Original Hash Batches": 1,
                              "Peak Memory Usage": 22144,
                              "Plans": [
                                {
                                  "Node Type": "Seq Scan",
                                  "Parent Relationship": "Outer",
                                  "Parallel Aware": true,
                                  "Relation Name": "movie_info_idx",
                                  "Alias": "mi_idx",
                                  "Startup Cost": 0.0,
                                  "Total Cost": 15122.68,
                                  "Plan Rows": 189429,
                                  "Plan Width": 4,
                                  "Actual Startup Time": 0.069,
                                  "Actual Total Time": 45.152,
                                  "Actual Rows": 114981,
                                  "Actual Loops": 4,
                                  "Filter": "(info_type_id < 100)",
                                  "Rows Removed by Filter": 230028
                                }
                              ]
                            }
                          ]
                        }
                      ]
                    }
                  ]
                }
              ]
            }
          ]
        }
      ]
    },
    "Planning Time": 1.361,
    "Triggers": [],
    "Execution Time": 632.116
  }
]