[
  {
    "Plan": {
      "Node Type": "Aggregate",
      "Strategy": "Plain",
      "Partial Mode": "Finalize",
      "Parallel Aware": false,
      "Startup Cost": 46068.81,
      "Total Cost": 46068.82,
      "Plan Rows": 1,
      "Plan Width": 8,
      "Actual Startup Time": 165.731,
      "Actual Total Time": 175.393,
      "Actual Rows": 1,
      "Actual Loops": 1,
      "Plans": [
        {
          "Node Type": "Gather",
          "Parent Relationship": "Outer",
          "Parallel Aware": false,
          "Startup Cost": 46068.49,
          "Total Cost": 46068.8,
          "Plan Rows": 3,
          "Plan Width": 8,
          "Actual Startup Time": 165.579,
          "Actual Total Time": 175.385,
          "Actual Rows": 4,
          "Actual Loops": 1,
          "Workers Planned": 3,
          "Workers Launched": 3,
          "Single Copy": false,
          "Plans": [
            {
              "Node Type": "Aggregate",
              "Strategy": "Plain",
              "Partial Mode": "Partial",
              "Parent Relationship": "Outer",
              "Parallel Aware": false,
              "Startup Cost": 45068.49,
              "Total Cost": 45068.5,
              "Plan Rows": 1,
              "Plan Width": 8,
              "Actual Startup Time": 160.486,
              "Actual Total Time": 160.487,
              "Actual Rows": 1,
              "Actual Loops": 4,
              "Plans": [
                {
                  "Node Type": "Seq Scan",
                  "Parent Relationship": "Outer",
                  "Parallel Aware": true,
                  "Relation Name": "movie_keyword",
                  "Alias": "mk",
                  "Startup Cost": 0.0,
                  "Total Cost": 42695.65,
                  "Plan Rows": 949134,
                  "Plan Width": 0,
                  "Actual Startup Time": 0.168,
                  "Actual Total Time": 124.155,
                  "Actual Rows": 735143,
                  "Actual Loops": 4,
                  "Filter": "(keyword_id > 2405)",
                  "Rows Removed by Filter": 395839
                }
              ]
            }
          ]
        }
      ]
    },
    "Planning Time": 0.102,
    "Triggers": [],
    "Execution Time": 175.426
  }
]