{
  "Plan": {
    "Node Type": "Aggregate",
    "Strategy": "Plain",
    "Partial Mode": "Finalize",
    "Parallel Aware": false,
    "Startup Cost": 92037.72,
    "Total Cost": 92037.73,
    "Plan Rows": 1,
    "Plan Width": 8,
    "Actual Startup Time": 313.715,
    "Actual Total Time": 329.705,
    "Actual Rows": 1,
    "Actual Loops": 1,
    "Plans": [
      {
        "Node Type": "Gather",
        "Parent Relationship": "Outer",
        "Parallel Aware": false,
        "Startup Cost": 92037.61,
        "Total Cost": 92037.72,
        "Plan Rows": 1,
        "Plan Width": 8,
        "Actual Startup Time": 311.597,
        "Actual Total Time": 329.696,
        "Actual Rows": 2,
        "Actual Loops": 1,
        "Workers Planned": 1,
        "Workers Launched": 1,
        "Single Copy": false,
        "Plans": [
          {
            "Node Type": "Aggregate",
            "Strategy": "Plain",
            "Partial Mode": "Partial",
            "Parent Relationship": "Outer",
            "Parallel Aware": false,
            "Startup Cost": 91037.61,
            "Total Cost": 91037.62,
            "Plan Rows": 1,
            "Plan Width": 8,
            "Actual Startup Time": 305.611,
            "Actual Total Time": 305.615,
            "Actual Rows": 1,
            "Actual Loops": 2,
            "Plans": [
              {
                "Node Type": "Hash Join",
                "Parent Relationship": "Outer",
                "Parallel Aware": true,
                "Join Type": "Inner",
                "Startup Cost": 64998.88,
                "Total Cost": 91021.27,
                "Plan Rows": 6535,
                "Plan Width": 0,
                "Actual Startup Time": 273.312,
                "Actual Total Time": 304.724,
                "Actual Rows": 16526,
                "Actual Loops": 2,
                "Inner Unique": true,
                "Hash Cond": "(mk.movie_id = t.id)",
                "Plans": [
                  {
                    "Node Type": "Bitmap Heap Scan",
                    "Parent Relationship": "Outer",
                    "Parallel Aware": true,
                    "Relation Name": "movie_keyword",
                    "Alias": "mk",
                    "Startup Cost": 737.23,
                    "Total Cost": 26706.06,
                    "Plan Rows": 20402,
                    "Plan Width": 4,
                    "Actual Startup Time": 9.383,
                    "Actual Total Time": 30.774,
                    "Actual Rows": 17355,
                    "Actual Loops": 2,
                    "Recheck Cond": "(keyword_id = 2488)",
                    "Rows Removed by Index Recheck": 0,
                    "Exact Heap Blocks": 9395,
                    "Lossy Heap Blocks": 0,
                    "Plans": [
                      {
                        "Node Type": "Bitmap Index Scan",
                        "Parent Relationship": "Outer",
                        "Parallel Aware": false,
                        "Index Name": "keyword_id_movie_keyword",
                        "Startup Cost": 0.0,
                        "Total Cost": 728.55,
                        "Plan Rows": 34683,
                        "Plan Width": 0,
                        "Actual Startup Time": 7.295,
                        "Actual Total Time": 7.296,
                        "Actual Rows": 34710,
                        "Actual Loops": 1,
                        "Index Cond": "(keyword_id = 2488)"
                      }
                    ]
                  },
                  {
                    "Node Type": "Hash",
                    "Parent Relationship": "Inner",
                    "Parallel Aware": true,
                    "Startup Cost": 58306.47,
                    "Total Cost": 58306.47,
                    "Plan Rows": 476415,
                    "Plan Width": 4,
                    "Actual Startup Time": 255.018,
                    "Actual Total Time": 255.018,
                    "Actual Rows": 421509,
                    "Actual Loops": 2,
                    "Hash Buckets": 1048576,
                    "Original Hash Buckets": 1048576,
                    "Hash Batches": 1,
                    "Original Hash Batches": 1,
                    "Peak Memory Usage": 41184,
                    "Plans": [
                      {
                        "Node Type": "Seq Scan",
                        "Parent Relationship": "Outer",
                        "Parallel Aware": true,
                        "Relation Name": "title",
                        "Alias": "t",
                        "Startup Cost": 0.0,
                        "Total Cost": 58306.47,
                        "Plan Rows": 476415,
                        "Plan Width": 4,
                        "Actual Startup Time": 0.038,
                        "Actual Total Time": 156.747,
                        "Actual Rows": 421509,
                        "Actual Loops": 2,
                        "Filter": "((kind_id < 7) AND (production_year < 2011))",
                        "Rows Removed by Filter": 842647
                      }
                    ]
                  }
                ]
              }
            ]
          }
        ]
      }
    ]
  },
  "Planning Time": 0.566,
  "Triggers": [],
  "Execution Time": 329.788
}