{
  "Plan": {
    "Node Type": "Aggregate",
    "Strategy": "Plain",
    "Partial Mode": "Finalize",
    "Parallel Aware": false,
    "Startup Cost": 84487.46,
    "Total Cost": 84487.47,
    "Plan Rows": 1,
    "Plan Width": 8,
    "Actual Startup Time": 338.886,
    "Actual Total Time": 354.203,
    "Actual Rows": 1,
    "Actual Loops": 1,
    "Plans": [
      {
        "Node Type": "Gather",
        "Parent Relationship": "Outer",
        "Parallel Aware": false,
        "Startup Cost": 84487.35,
        "Total Cost": 84487.46,
        "Plan Rows": 1,
        "Plan Width": 8,
        "Actual Startup Time": 338.229,
        "Actual Total Time": 354.191,
        "Actual Rows": 2,
        "Actual Loops": 1,
        "Workers Planned": 1,
        "Workers Launched": 1,
        "Single Copy": false,
        "Plans": [
          {
            "Node Type": "Aggregate",
            "Strategy": "Plain",
            "Partial Mode": "Partial",
            "Parent Relationship": "Outer",
            "Parallel Aware": false,
            "Startup Cost": 83487.35,
            "Total Cost": 83487.36,
            "Plan Rows": 1,
            "Plan Width": 8,
            "Actual Startup Time": 332.873,
            "Actual Total Time": 332.88,
            "Actual Rows": 1,
            "Actual Loops": 2,
            "Plans": [
              {
                "Node Type": "Hash Join",
                "Parent Relationship": "Outer",
                "Parallel Aware": true,
                "Join Type": "Inner",
                "Startup Cost": 26192.71,
                "Total Cost": 83408.7,
                "Plan Rows": 31459,
                "Plan Width": 0,
                "Actual Startup Time": 115.39,
                "Actual Total Time": 332.092,
                "Actual Rows": 12362,
                "Actual Loops": 2,
                "Inner Unique": false,
                "Hash Cond": "(t.id = mc.movie_id)",
                "Plans": [
                  {
                    "Node Type": "Seq Scan",
                    "Parent Relationship": "Outer",
                    "Parallel Aware": true,
                    "Relation Name": "title",
                    "Alias": "t",
                    "Startup Cost": 0.0,
                    "Total Cost": 54588.39,
                    "Plan Rows": 390808,
                    "Plan Width": 4,
                    "Actual Startup Time": 0.015,
                    "Actual Total Time": 145.976,
                    "Actual Rows": 331032,
                    "Actual Loops": 2,
                    "Filter": "(production_year > 2008)",
                    "Rows Removed by Filter": 933124
                  },
                  {
                    "Node Type": "Hash",
                    "Parent Relationship": "Inner",
                    "Parallel Aware": true,
                    "Startup Cost": 24696.23,
                    "Total Cost": 24696.23,
                    "Plan Rows": 119719,
                    "Plan Width": 4,
                    "Actual Startup Time": 112.108,
                    "Actual Total Time": 112.11,
                    "Actual Rows": 101646,
                    "Actual Loops": 2,
                    "Hash Buckets": 262144,
                    "Original Hash Buckets": 262144,
                    "Hash Batches": 1,
                    "Original Hash Batches": 1,
                    "Peak Memory Usage": 10016,
                    "Plans": [
                      {
                        "Node Type": "Bitmap Heap Scan",
                        "Parent Relationship": "Outer",
                        "Parallel Aware": true,
                        "Relation Name": "movie_companies",
                        "Alias": "mc",
                        "Startup Cost": 4409.73,
                        "Total Cost": 24696.23,
                        "Plan Rows": 119719,
                        "Plan Width": 4,
                        "Actual Startup Time": 23.759,
                        "Actual Total Time": 79.306,
                        "Actual Rows": 101646,
                        "Actual Loops": 2,
                        "Recheck Cond": "(company_id < 67)",
                        "Rows Removed by Index Recheck": 0,
                        "Exact Heap Blocks": 10592,
                        "Lossy Heap Blocks": 0,
                        "Plans": [
                          {
                            "Node Type": "Bitmap Index Scan",
                            "Parent Relationship": "Outer",
                            "Parallel Aware": false,
                            "Index Name": "company_id_movie_companies",
                            "Startup Cost": 0.0,
                            "Total Cost": 4358.85,
                            "Plan Rows": 203523,
                            "Plan Width": 0,
                            "Actual Startup Time": 22.353,
                            "Actual Total Time": 22.354,
                            "Actual Rows": 203291,
                            "Actual Loops": 1,
                            "Index Cond": "(company_id < 67)"
                          }
                        ]
                      }
                    ]
                  }
                ]
              }
            ]
          }
        ]
      }
    ]
  },
  "Planning Time": 0.377,
  "Triggers": [],
  "Execution Time": 354.292
}