[
    {
        "Bao": {
            "Bao prediction": "NaN",
            "Bao recommended hint": "(no hint)"
        }
    },
    {
        "Plan": {
            "Node Type": "Aggregate",
            "Strategy": "Plain",
            "Partial Mode": "Finalize",
            "Parallel Aware": false,
            "Startup Cost": 31114.25,
            "Total Cost": 31114.26,
            "Plan Rows": 1,
            "Plan Width": 8,
            "Actual Startup Time": 92.076,
            "Actual Total Time": 97.149,
            "Actual Rows": 1,
            "Actual Loops": 1,
            "Output": [
                "count(*)"
            ],
            "Plans": [
                {
                    "Node Type": "Gather",
                    "Parent Relationship": "Outer",
                    "Parallel Aware": false,
                    "Startup Cost": 31113.93,
                    "Total Cost": 31114.24,
                    "Plan Rows": 3,
                    "Plan Width": 8,
                    "Actual Startup Time": 91.999,
                    "Actual Total Time": 97.142,
                    "Actual Rows": 4,
                    "Actual Loops": 1,
                    "Output": [
                        "(PARTIAL count(*))"
                    ],
                    "Workers Planned": 3,
                    "Workers Launched": 3,
                    "Single Copy": false,
                    "Plans": [
                        {
                            "Node Type": "Aggregate",
                            "Strategy": "Plain",
                            "Partial Mode": "Partial",
                            "Parent Relationship": "Outer",
                            "Parallel Aware": false,
                            "Startup Cost": 30113.93,
                            "Total Cost": 30113.94,
                            "Plan Rows": 1,
                            "Plan Width": 8,
                            "Actual Startup Time": 83.483,
                            "Actual Total Time": 83.483,
                            "Actual Rows": 1,
                            "Actual Loops": 4,
                            "Output": [
                                "PARTIAL count(*)"
                            ],
                            "Workers": [
                                {
                                    "Worker Number": 0,
                                    "Actual Startup Time": 80.651,
                                    "Actual Total Time": 80.653,
                                    "Actual Rows": 1,
                                    "Actual Loops": 1
                                },
                                {
                                    "Worker Number": 1,
                                    "Actual Startup Time": 80.668,
                                    "Actual Total Time": 80.67,
                                    "Actual Rows": 1,
                                    "Actual Loops": 1
                                },
                                {
                                    "Worker Number": 2,
                                    "Actual Startup Time": 81.111,
                                    "Actual Total Time": 81.112,
                                    "Actual Rows": 1,
                                    "Actual Loops": 1
                                }
                            ],
                            "Plans": [
                                {
                                    "Node Type": "Seq Scan",
                                    "Parent Relationship": "Outer",
                                    "Parallel Aware": true,
                                    "Relation Name": "movie_companies",
                                    "Schema": "public",
                                    "Alias": "mc",
                                    "Startup Cost": 0.0,
                                    "Total Cost": 29310.68,
                                    "Plan Rows": 321301,
                                    "Plan Width": 0,
                                    "Actual Startup Time": 15.182,
                                    "Actual Total Time": 72.039,
                                    "Actual Rows": 249261,
                                    "Actual Loops": 4,
                                    "Output": [
                                        "id",
                                        "movie_id",
                                        "company_id",
                                        "company_type_id",
                                        "note"
                                    ],
                                    "Filter": "(mc.company_id > 16763)",
                                    "Rows Removed by Filter": 403021,
                                    "Workers": [
                                        {
                                            "Worker Number": 0,
                                            "Actual Startup Time": 12.346,
                                            "Actual Total Time": 69.592,
                                            "Actual Rows": 232048,
                                            "Actual Loops": 1
                                        },
                                        {
                                            "Worker Number": 1,
                                            "Actual Startup Time": 12.365,
                                            "Actual Total Time": 69.647,
                                            "Actual Rows": 229090,
                                            "Actual Loops": 1
                                        },
                                        {
                                            "Worker Number": 2,
                                            "Actual Startup Time": 12.837,
                                            "Actual Total Time": 70.652,
                                            "Actual Rows": 225297,
                                            "Actual Loops": 1
                                        }
                                    ]
                                }
                            ]
                        }
                    ]
                }
            ]
        },
        "Planning Time": 273.897,
        "Triggers": [],
        "Execution Time": 97.257
    }
]