[
  {
    "Plan": {
      "Node Type": "Aggregate",
      "Strategy": "Plain",
      "Partial Mode": "Finalize",
      "Parallel Aware": false,
      "Startup Cost": 50502.78,
      "Total Cost": 50502.79,
      "Plan Rows": 1,
      "Plan Width": 8,
      "Actual Startup Time": 785.056,
      "Actual Total Time": 804.41,
      "Actual Rows": 1,
      "Actual Loops": 1,
      "Plans": [
        {
          "Node Type": "Gather",
          "Parent Relationship": "Outer",
          "Parallel Aware": false,
          "Startup Cost": 50502.36,
          "Total Cost": 50502.77,
          "Plan Rows": 4,
          "Plan Width": 8,
          "Actual Startup Time": 784.673,
          "Actual Total Time": 804.388,
          "Actual Rows": 5,
          "Actual Loops": 1,
          "Workers Planned": 4,
          "Workers Launched": 4,
          "Single Copy": false,
          "Plans": [
            {
              "Node Type": "Aggregate",
              "Strategy": "Plain",
              "Partial Mode": "Partial",
              "Parent Relationship": "Outer",
              "Parallel Aware": false,
              "Startup Cost": 49502.36,
              "Total Cost": 49502.37,
              "Plan Rows": 1,
              "Plan Width": 8,
              "Actual Startup Time": 771.755,
              "Actual Total Time": 771.758,
              "Actual Rows": 1,
              "Actual Loops": 5,
              "Plans": [
                {
                  "Node Type": "Index Scan",
                  "Parent Relationship": "Outer",
                  "Parallel Aware": true,
                  "Scan Direction": "Forward",
                  "Index Name": "role_id_cast_info",
                  "Relation Name": "cast_info",
                  "Alias": "ci",
                  "Startup Cost": 0.56,
                  "Total Cost": 49093.36,
                  "Plan Rows": 163601,
                  "Plan Width": 0,
                  "Actual Startup Time": 2.649,
                  "Actual Total Time": 741.492,
                  "Actual Rows": 171178,
                  "Actual Loops": 5,
                  "Index Cond": "(role_id = 8)",
                  "Rows Removed by Index Recheck": 0,
                  "Filter": "(person_id > 2347599)",
                  "Rows Removed by Filter": 169531
                }
              ]
            }
          ]
        }
      ]
    },
    "Planning Time": 0.252,
    "Triggers": [],
    "Execution Time": 804.538
  }
]