{
  "Plan": {
    "Node Type": "Aggregate",
    "Strategy": "Plain",
    "Partial Mode": "Finalize",
    "Parallel Aware": false,
    "Startup Cost": 104778.88,
    "Total Cost": 104778.89,
    "Plan Rows": 1,
    "Plan Width": 8,
    "Actual Startup Time": 453.646,
    "Actual Total Time": 479.646,
    "Actual Rows": 1,
    "Actual Loops": 1,
    "Plans": [
      {
        "Node Type": "Gather",
        "Parent Relationship": "Outer",
        "Parallel Aware": false,
        "Startup Cost": 104778.76,
        "Total Cost": 104778.87,
        "Plan Rows": 1,
        "Plan Width": 8,
        "Actual Startup Time": 453.39,
        "Actual Total Time": 479.637,
        "Actual Rows": 2,
        "Actual Loops": 1,
        "Workers Planned": 1,
        "Workers Launched": 1,
        "Single Copy": false,
        "Plans": [
          {
            "Node Type": "Aggregate",
            "Strategy": "Plain",
            "Partial Mode": "Partial",
            "Parent Relationship": "Outer",
            "Parallel Aware": false,
            "Startup Cost": 103778.76,
            "Total Cost": 103778.77,
            "Plan Rows": 1,
            "Plan Width": 8,
            "Actual Startup Time": 447.235,
            "Actual Total Time": 447.24,
            "Actual Rows": 1,
            "Actual Loops": 2,
            "Plans": [
              {
                "Node Type": "Nested Loop",
                "Parent Relationship": "Outer",
                "Parallel Aware": false,
                "Join Type": "Inner",
                "Startup Cost": 53777.76,
                "Total Cost": 103717.01,
                "Plan Rows": 24703,
                "Plan Width": 0,
                "Actual Startup Time": 210.17,
                "Actual Total Time": 437.083,
                "Actual Rows": 196391,
                "Actual Loops": 2,
                "Inner Unique": false,
                "Join Filter": "(t.id = mi.movie_id)",
                "Rows Removed by Join Filter": 0,
                "Plans": [
                  {
                    "Node Type": "Hash Join",
                    "Parent Relationship": "Outer",
                    "Parallel Aware": true,
                    "Join Type": "Inner",
                    "Startup Cost": 53777.32,
                    "Total Cost": 93797.65,
                    "Plan Rows": 4225,
                    "Plan Width": 8,
                    "Actual Startup Time": 210.078,
                    "Actual Total Time": 292.83,
                    "Actual Rows": 5403,
                    "Actual Loops": 2,
                    "Inner Unique": true,
                    "Hash Cond": "(mc.movie_id = t.id)",
                    "Plans": [
                      {
                        "Node Type": "Seq Scan",
                        "Parent Relationship": "Outer",
                        "Parallel Aware": true,
                        "Relation Name": "movie_companies",
                        "Alias": "mc",
                        "Startup Cost": 0.0,
                        "Total Cost": 37974.77,
                        "Plan Rows": 779260,
                        "Plan Width": 4,
                        "Actual Startup Time": 56.434,
                        "Actual Total Time": 131.999,
                        "Actual Rows": 667442,
                        "Actual Loops": 2,
                        "Filter": "(company_type_id = 2)",
                        "Rows Removed by Filter": 637123
                      },
                      {
                        "Node Type": "Hash",
                        "Parent Relationship": "Inner",
                        "Parallel Aware": true,
                        "Startup Cost": 53676.54,
                        "Total Cost": 53676.54,
                        "Plan Rows": 8063,
                        "Plan Width": 4,
                        "Actual Startup Time": 104.526,
                        "Actual Total Time": 104.528,
                        "Actual Rows": 4370,
                        "Actual Loops": 2,
                        "Hash Buckets": 16384,
                        "Original Hash Buckets": 16384,
                        "Hash Batches": 1,
                        "Original Hash Batches": 1,
                        "Peak Memory Usage": 480,
                        "Plans": [
                          {
                            "Node Type": "Bitmap Heap Scan",
                            "Parent Relationship": "Outer",
                            "Parallel Aware": true,
                            "Relation Name": "title",
                            "Alias": "t",
                            "Startup Cost": 11826.28,
                            "Total Cost": 53676.54,
                            "Plan Rows": 8063,
                            "Plan Width": 4,
                            "Actual Startup Time": 39.039,
                            "Actual Total Time": 102.784,
                            "Actual Rows": 4370,
                            "Actual Loops": 2,
                            "Recheck Cond": "(kind_id = 1)",
                            "Rows Removed by Index Recheck": 0,
                            "Filter": "(production_year = 2001)",
                            "Rows Removed by Filter": 327042,
                            "Exact Heap Blocks": 9606,
                            "Lossy Heap Blocks": 0,
                            "Plans": [
                              {
                                "Node Type": "Bitmap Index Scan",
                                "Parent Relationship": "Outer",
                                "Parallel Aware": false,
                                "Index Name": "kind_id_title",
                                "Startup Cost": 0.0,
                                "Total Cost": 11822.85,
                                "Plan Rows": 663256,
                                "Plan Width": 0,
                                "Actual Startup Time": 41.692,
                                "Actual Total Time": 41.693,
                                "Actual Rows": 662825,
                                "Actual Loops": 1,
                                "Index Cond": "(kind_id = 1)"
                              }
                            ]
                          }
                        ]
                      }
                    ]
                  },
                  {
                    "Node Type": "Index Only Scan",
                    "Parent Relationship": "Inner",
                    "Parallel Aware": false,
                    "Scan Direction": "Forward",
                    "Index Name": "movie_id_movie_info",
                    "Relation Name": "movie_info",
                    "Alias": "mi",
                    "Startup Cost": 0.43,
                    "Total Cost": 1.82,
                    "Plan Rows": 42,
                    "Plan Width": 4,
                    "Actual Startup Time": 0.007,
                    "Actual Total Time": 0.023,
                    "Actual Rows": 36,
                    "Actual Loops": 10806,
                    "Index Cond": "(movie_id = mc.movie_id)",
                    "Rows Removed by Index Recheck": 0,
                    "Heap Fetches": 392782
                  }
                ]
              }
            ]
          }
        ]
      }
    ]
  },
  "Planning Time": 1.014,
  "Triggers": [],
  "Execution Time": 479.756
}