[
  {
    "Plan": {
      "Node Type": "Aggregate",
      "Strategy": "Plain",
      "Partial Mode": "Finalize",
      "Parallel Aware": false,
      "Startup Cost": 444084.65,
      "Total Cost": 444084.66,
      "Plan Rows": 1,
      "Plan Width": 8,
      "Actual Startup Time": 3270.643,
      "Actual Total Time": 3333.593,
      "Actual Rows": 1,
      "Actual Loops": 1,
      "Plans": [
        {
          "Node Type": "Gather",
          "Parent Relationship": "Outer",
          "Parallel Aware": false,
          "Startup Cost": 444084.03,
          "Total Cost": 444084.64,
          "Plan Rows": 6,
          "Plan Width": 8,
          "Actual Startup Time": 3243.854,
          "Actual Total Time": 3333.579,
          "Actual Rows": 7,
          "Actual Loops": 1,
          "Workers Planned": 6,
          "Workers Launched": 6,
          "Single Copy": false,
          "Plans": [
            {
              "Node Type": "Aggregate",
              "Strategy": "Plain",
              "Partial Mode": "Partial",
              "Parent Relationship": "Outer",
              "Parallel Aware": false,
              "Startup Cost": 443084.03,
              "Total Cost": 443084.04,
              "Plan Rows": 1,
              "Plan Width": 8,
              "Actual Startup Time": 3228.45,
              "Actual Total Time": 3229.092,
              "Actual Rows": 1,
              "Actual Loops": 7,
              "Plans": [
                {
                  "Node Type": "Hash Join",
                  "Parent Relationship": "Outer",
                  "Parallel Aware": true,
                  "Join Type": "Inner",
                  "Startup Cost": 93635.07,
                  "Total Cost": 439203.73,
                  "Plan Rows": 1552120,
                  "Plan Width": 0,
                  "Actual Startup Time": 466.872,
                  "Actual Total Time": 2710.371,
                  "Actual Rows": 12859718,
                  "Actual Loops": 7,
                  "Inner Unique": false,
                  "Hash Cond": "(ci.movie_id = t.id)",
                  "Plans": [
                    {
                      "Node Type": "Seq Scan",
                      "Parent Relationship": "Outer",
                      "Parallel Aware": true,
                      "Relation Name": "cast_info",
                      "Alias": "ci",
                      "Startup Cost": 0.0,
                      "Total Cost": 328162.03,
                      "Plan Rows": 3306611,
                      "Plan Width": 4,
                      "Actual Startup Time": 0.028,
                      "Actual Total Time": 625.483,
                      "Actual Rows": 2874666,
                      "Actual Loops": 7,
                      "Filter": "(role_id < 3)",
                      "Rows Removed by Filter": 2303098
                    },
                    {
                      "Node Type": "Hash",
                      "Parent Relationship": "Inner",
                      "Parallel Aware": true,
                      "Startup Cost": 88849.67,
                      "Total Cost": 88849.67,
                      "Plan Rows": 382832,
                      "Plan Width": 8,
                      "Actual Startup Time": 461.684,
                      "Actual Total Time": 462.325,
                      "Actual Rows": 412382,
                      "Actual Loops": 7,
                      "Hash Buckets": 4194304,
                      "Original Hash Buckets": 2097152,
                      "Hash Batches": 1,
                      "Original Hash Batches": 1,
                      "Peak Memory Usage": 162176,
                      "Plans": [
                        {
                          "Node Type": "Hash Join",
                          "Parent Relationship": "Outer",
                          "Parallel Aware": true,
                          "Join Type": "Inner",
                          "Startup Cost": 45971.59,
                          "Total Cost": 88849.67,
                          "Plan Rows": 382832,
                          "Plan Width": 8,
                          "Actual Startup Time": 146.101,
                          "Actual Total Time": 284.296,
                          "Actual Rows": 412382,
                          "Actual Loops": 7,
                          "Inner Unique": true,
                          "Hash Cond": "(mk.movie_id = t.id)",
                          "Plans": [
                            {
                              "Node Type": "Seq Scan",
                              "Parent Relationship": "Outer",
                              "Parallel Aware": true,
                              "Relation Name": "movie_keyword",
                              "Alias": "mk",
                              "Startup Cost": 0.0,
                              "Total Cost": 39047.32,
                              "Plan Rows": 1459332,
                              "Plan Width": 4,
                              "Actual Startup Time": 0.027,
                              "Actual Total Time": 59.83,
                              "Actual Rows": 646276,
                              "Actual Loops": 7
                            },
                            {
                              "Node Type": "Hash",
                              "Parent Relationship": "Inner",
                              "Parallel Aware": true,
                              "Startup Cost": 43898.92,
                              "Total Cost": 43898.92,
                              "Plan Rows": 165814,
                              "Plan Width": 4,
                              "Actual Startup Time": 120.665,
                              "Actual Total Time": 120.666,
                              "Actual Rows": 94689,
                              "Actual Loops": 7,
                              "Hash Buckets": 1048576,
                              "Original Hash Buckets": 1048576,
                              "Hash Batches": 1,
                              "Original Hash Batches": 1,
                              "Peak Memory Usage": 34208,
                              "Plans": [
                                {
                                  "Node Type": "Seq Scan",
                                  "Parent Relationship": "Outer",
                                  "Parallel Aware": true,
                                  "Relation Name": "title",
                                  "Alias": "t",
                                  "Startup Cost": 0.0,
                                  "Total Cost": 43898.92,
                                  "Plan Rows": 165814,
                                  "Plan Width": 4,
                                  "Actual Startup Time": 42.187,
                                  "Actual Total Time": 77.047,
                                  "Actual Rows": 94689,
                                  "Actual Loops": 7,
                                  "Filter": "(kind_id < 2)",
                                  "Rows Removed by Filter": 266498
                                }
                              ]
                            }
                          ]
                        }
                      ]
                    }
                  ]
                }
              ]
            }
          ]
        }
      ]
    },
    "Planning Time": 1.296,
    "Triggers": [],
    "Execution Time": 3333.688
  }
]