{
  "Plan": {
    "Node Type": "Aggregate",
    "Strategy": "Plain",
    "Partial Mode": "Finalize",
    "Parallel Aware": false,
    "Startup Cost": 97997.92,
    "Total Cost": 97997.93,
    "Plan Rows": 1,
    "Plan Width": 8,
    "Actual Startup Time": 389.433,
    "Actual Total Time": 401.678,
    "Actual Rows": 1,
    "Actual Loops": 1,
    "Plans": [
      {
        "Node Type": "Gather",
        "Parent Relationship": "Outer",
        "Parallel Aware": false,
        "Startup Cost": 97997.8,
        "Total Cost": 97997.91,
        "Plan Rows": 1,
        "Plan Width": 8,
        "Actual Startup Time": 389.188,
        "Actual Total Time": 401.672,
        "Actual Rows": 2,
        "Actual Loops": 1,
        "Workers Planned": 1,
        "Workers Launched": 1,
        "Single Copy": false,
        "Plans": [
          {
            "Node Type": "Aggregate",
            "Strategy": "Plain",
            "Partial Mode": "Partial",
            "Parent Relationship": "Outer",
            "Parallel Aware": false,
            "Startup Cost": 96997.8,
            "Total Cost": 96997.81,
            "Plan Rows": 1,
            "Plan Width": 8,
            "Actual Startup Time": 383.519,
            "Actual Total Time": 383.522,
            "Actual Rows": 1,
            "Actual Loops": 2,
            "Plans": [
              {
                "Node Type": "Hash Join",
                "Parent Relationship": "Outer",
                "Parallel Aware": true,
                "Join Type": "Inner",
                "Startup Cost": 55502.41,
                "Total Cost": 96840.32,
                "Plan Rows": 62992,
                "Plan Width": 0,
                "Actual Startup Time": 150.434,
                "Actual Total Time": 381.563,
                "Actual Rows": 41619,
                "Actual Loops": 2,
                "Inner Unique": true,
                "Hash Cond": "(mc.movie_id = t.id)",
                "Plans": [
                  {
                    "Node Type": "Seq Scan",
                    "Parent Relationship": "Outer",
                    "Parallel Aware": true,
                    "Relation Name": "movie_companies",
                    "Alias": "mc",
                    "Startup Cost": 0.0,
                    "Total Cost": 37974.77,
                    "Plan Rows": 1281191,
                    "Plan Width": 4,
                    "Actual Startup Time": 0.013,
                    "Actual Total Time": 118.427,
                    "Actual Rows": 1085098,
                    "Actual Loops": 2,
                    "Filter": "(company_id < 78328)",
                    "Rows Removed by Filter": 219466
                  },
                  {
                    "Node Type": "Hash",
                    "Parent Relationship": "Inner",
                    "Parallel Aware": true,
                    "Startup Cost": 54588.39,
                    "Total Cost": 54588.39,
                    "Plan Rows": 73122,
                    "Plan Width": 4,
                    "Actual Startup Time": 147.885,
                    "Actual Total Time": 147.885,
                    "Actual Rows": 59782,
                    "Actual Loops": 2,
                    "Hash Buckets": 131072,
                    "Original Hash Buckets": 131072,
                    "Hash Batches": 1,
                    "Original Hash Batches": 1,
                    "Peak Memory Usage": 5728,
                    "Plans": [
                      {
                        "Node Type": "Seq Scan",
                        "Parent Relationship": "Outer",
                        "Parallel Aware": true,
                        "Relation Name": "title",
                        "Alias": "t",
                        "Startup Cost": 0.0,
                        "Total Cost": 54588.39,
                        "Plan Rows": 73122,
                        "Plan Width": 4,
                        "Actual Startup Time": 0.05,
                        "Actual Total Time": 131.636,
                        "Actual Rows": 59782,
                        "Actual Loops": 2,
                        "Filter": "(production_year = 2007)",
                        "Rows Removed by Filter": 1204374
                      }
                    ]
                  }
                ]
              }
            ]
          }
        ]
      }
    ]
  },
  "Planning Time": 0.446,
  "Triggers": [],
  "Execution Time": 401.751
}