[
  {
    "Plan": {
      "Node Type": "Aggregate",
      "Strategy": "Plain",
      "Partial Mode": "Finalize",
      "Parallel Aware": false,
      "Startup Cost": 31078.92,
      "Total Cost": 31078.93,
      "Plan Rows": 1,
      "Plan Width": 8,
      "Actual Startup Time": 87.991,
      "Actual Total Time": 95.33,
      "Actual Rows": 1,
      "Actual Loops": 1,
      "Plans": [
        {
          "Node Type": "Gather",
          "Parent Relationship": "Outer",
          "Parallel Aware": false,
          "Startup Cost": 31078.6,
          "Total Cost": 31078.91,
          "Plan Rows": 3,
          "Plan Width": 8,
          "Actual Startup Time": 87.883,
          "Actual Total Time": 95.322,
          "Actual Rows": 4,
          "Actual Loops": 1,
          "Workers Planned": 3,
          "Workers Launched": 3,
          "Single Copy": false,
          "Plans": [
            {
              "Node Type": "Aggregate",
              "Strategy": "Plain",
              "Partial Mode": "Partial",
              "Parent Relationship": "Outer",
              "Parallel Aware": false,
              "Startup Cost": 30078.6,
              "Total Cost": 30078.61,
              "Plan Rows": 1,
              "Plan Width": 8,
              "Actual Startup Time": 81.154,
              "Actual Total Time": 81.155,
              "Actual Rows": 1,
              "Actual Loops": 4,
              "Plans": [
                {
                  "Node Type": "Seq Scan",
                  "Parent Relationship": "Outer",
                  "Parallel Aware": true,
                  "Relation Name": "movie_companies",
                  "Alias": "mc",
                  "Startup Cost": 0.0,
                  "Total Cost": 29310.68,
                  "Plan Rows": 307167,
                  "Plan Width": 0,
                  "Actual Startup Time": 14.385,
                  "Actual Total Time": 71.024,
                  "Actual Rows": 236041,
                  "Actual Loops": 4,
                  "Filter": "(company_id > 18830)",
                  "Rows Removed by Filter": 416241
                }
              ]
            }
          ]
        }
      ]
    },
    "Planning Time": 0.065,
    "Triggers": [],
    "Execution Time": 95.352
  }
]