[
  {
    "Plan": {
      "Node Type": "Aggregate",
      "Strategy": "Plain",
      "Partial Mode": "Finalize",
      "Parallel Aware": false,
      "Startup Cost": 45910.79,
      "Total Cost": 45910.8,
      "Plan Rows": 1,
      "Plan Width": 8,
      "Actual Startup Time": 158.179,
      "Actual Total Time": 167.778,
      "Actual Rows": 1,
      "Actual Loops": 1,
      "Plans": [
        {
          "Node Type": "Gather",
          "Parent Relationship": "Outer",
          "Parallel Aware": false,
          "Startup Cost": 45910.48,
          "Total Cost": 45910.79,
          "Plan Rows": 3,
          "Plan Width": 8,
          "Actual Startup Time": 158.045,
          "Actual Total Time": 167.769,
          "Actual Rows": 4,
          "Actual Loops": 1,
          "Workers Planned": 3,
          "Workers Launched": 3,
          "Single Copy": false,
          "Plans": [
            {
              "Node Type": "Aggregate",
              "Strategy": "Plain",
              "Partial Mode": "Partial",
              "Parent Relationship": "Outer",
              "Parallel Aware": false,
              "Startup Cost": 44910.48,
              "Total Cost": 44910.49,
              "Plan Rows": 1,
              "Plan Width": 8,
              "Actual Startup Time": 149.445,
              "Actual Total Time": 149.446,
              "Actual Rows": 1,
              "Actual Loops": 4,
              "Plans": [
                {
                  "Node Type": "Seq Scan",
                  "Parent Relationship": "Outer",
                  "Parallel Aware": true,
                  "Relation Name": "movie_keyword",
                  "Alias": "mk",
                  "Startup Cost": 0.0,
                  "Total Cost": 42695.65,
                  "Plan Rows": 885929,
                  "Plan Width": 0,
                  "Actual Startup Time": 0.452,
                  "Actual Total Time": 117.685,
                  "Actual Rows": 683204,
                  "Actual Loops": 4,
                  "Filter": "(keyword_id > 2892)",
                  "Rows Removed by Filter": 447778
                }
              ]
            }
          ]
        }
      ]
    },
    "Planning Time": 0.227,
    "Triggers": [],
    "Execution Time": 167.834
  }
]