[
  {
    "Plan": {
      "Node Type": "Aggregate",
      "Strategy": "Plain",
      "Partial Mode": "Finalize",
      "Parallel Aware": false,
      "Startup Cost": 31233.88,
      "Total Cost": 31233.89,
      "Plan Rows": 1,
      "Plan Width": 8,
      "Actual Startup Time": 106.176,
      "Actual Total Time": 114.967,
      "Actual Rows": 1,
      "Actual Loops": 1,
      "Plans": [
        {
          "Node Type": "Gather",
          "Parent Relationship": "Outer",
          "Parallel Aware": false,
          "Startup Cost": 31233.56,
          "Total Cost": 31233.87,
          "Plan Rows": 3,
          "Plan Width": 8,
          "Actual Startup Time": 106.068,
          "Actual Total Time": 114.959,
          "Actual Rows": 4,
          "Actual Loops": 1,
          "Workers Planned": 3,
          "Workers Launched": 3,
          "Single Copy": false,
          "Plans": [
            {
              "Node Type": "Aggregate",
              "Strategy": "Plain",
              "Partial Mode": "Partial",
              "Parent Relationship": "Outer",
              "Parallel Aware": false,
              "Startup Cost": 30233.56,
              "Total Cost": 30233.57,
              "Plan Rows": 1,
              "Plan Width": 8,
              "Actual Startup Time": 97.427,
              "Actual Total Time": 97.428,
              "Actual Rows": 1,
              "Actual Loops": 4,
              "Plans": [
                {
                  "Node Type": "Seq Scan",
                  "Parent Relationship": "Outer",
                  "Parallel Aware": true,
                  "Relation Name": "movie_companies",
                  "Alias": "mc",
                  "Startup Cost": 0.0,
                  "Total Cost": 29310.68,
                  "Plan Rows": 369152,
                  "Plan Width": 0,
                  "Actual Startup Time": 23.373,
                  "Actual Total Time": 84.179,
                  "Actual Rows": 286285,
                  "Actual Loops": 4,
                  "Filter": "(company_id > 13182)",
                  "Rows Removed by Filter": 365998
                }
              ]
            }
          ]
        }
      ]
    },
    "Planning Time": 0.187,
    "Triggers": [],
    "Execution Time": 115.023
  }
]