[
  {
    "Plan": {
      "Node Type": "Aggregate",
      "Strategy": "Plain",
      "Partial Mode": "Finalize",
      "Parallel Aware": false,
      "Startup Cost": 88655.24,
      "Total Cost": 88655.25,
      "Plan Rows": 1,
      "Plan Width": 8,
      "Actual Startup Time": 520.547,
      "Actual Total Time": 541.243,
      "Actual Rows": 1,
      "Actual Loops": 1,
      "Plans": [
        {
          "Node Type": "Gather",
          "Parent Relationship": "Outer",
          "Parallel Aware": false,
          "Startup Cost": 88654.93,
          "Total Cost": 88655.24,
          "Plan Rows": 3,
          "Plan Width": 8,
          "Actual Startup Time": 510.031,
          "Actual Total Time": 541.234,
          "Actual Rows": 4,
          "Actual Loops": 1,
          "Workers Planned": 3,
          "Workers Launched": 3,
          "Single Copy": false,
          "Plans": [
            {
              "Node Type": "Aggregate",
              "Strategy": "Plain",
              "Partial Mode": "Partial",
              "Parent Relationship": "Outer",
              "Parallel Aware": false,
              "Startup Cost": 87654.93,
              "Total Cost": 87654.94,
              "Plan Rows": 1,
              "Plan Width": 8,
              "Actual Startup Time": 491.273,
              "Actual Total Time": 491.277,
              "Actual Rows": 1,
              "Actual Loops": 4,
              "Plans": [
                {
                  "Node Type": "Hash Join",
                  "Parent Relationship": "Outer",
                  "Parallel Aware": true,
                  "Join Type": "Inner",
                  "Startup Cost": 60457.05,
                  "Total Cost": 87265.72,
                  "Plan Rows": 155681,
                  "Plan Width": 0,
                  "Actual Startup Time": 392.589,
                  "Actual Total Time": 485.33,
                  "Actual Rows": 119894,
                  "Actual Loops": 4,
                  "Inner Unique": true,
                  "Hash Cond": "(mk.movie_id = t.id)",
                  "Plans": [
                    {
                      "Node Type": "Bitmap Heap Scan",
                      "Parent Relationship": "Outer",
                      "Parallel Aware": true,
                      "Relation Name": "movie_keyword",
                      "Alias": "mk",
                      "Startup Cost": 10236.67,
                      "Total Cost": 36636.68,
                      "Plan Rows": 155681,
                      "Plan Width": 4,
                      "Actual Startup Time": 31.971,
                      "Actual Total Time": 83.116,
                      "Actual Rows": 119894,
                      "Actual Loops": 4,
                      "Recheck Cond": "(keyword_id > 37308)",
                      "Rows Removed by Index Recheck": 0,
                      "Exact Heap Blocks": 7103,
                      "Lossy Heap Blocks": 0,
                      "Plans": [
                        {
                          "Node Type": "Bitmap Index Scan",
                          "Parent Relationship": "Outer",
                          "Parallel Aware": false,
                          "Index Name": "keyword_id_movie_keyword",
                          "Startup Cost": 0.0,
                          "Total Cost": 10116.02,
                          "Plan Rows": 482611,
                          "Plan Width": 0,
                          "Actual Startup Time": 28.58,
                          "Actual Total Time": 28.581,
                          "Actual Rows": 479575,
                          "Actual Loops": 1,
                          "Index Cond": "(keyword_id > 37308)"
                        }
                      ]
                    },
                    {
                      "Node Type": "Hash",
                      "Parent Relationship": "Inner",
                      "Parallel Aware": true,
                      "Startup Cost": 42319.06,
                      "Total Cost": 42319.06,
                      "Plan Rows": 632106,
                      "Plan Width": 4,
                      "Actual Startup Time": 348.612,
                      "Actual Total Time": 348.612,
                      "Actual Rows": 632078,
                      "Actual Loops": 4,
                      "Hash Buckets": 4194304,
                      "Original Hash Buckets": 4194304,
                      "Hash Batches": 1,
                      "Original Hash Batches": 1,
                      "Peak Memory Usage": 131744,
                      "Plans": [
                        {
                          "Node Type": "Seq Scan",
                          "Parent Relationship": "Outer",
                          "Parallel Aware": true,
                          "Relation Name": "title",
                          "Alias": "t",
                          "Startup Cost": 0.0,
                          "Total Cost": 42319.06,
                          "Plan Rows": 632106,
                          "Plan Width": 4,
                          "Actual Startup Time": 0.052,
                          "Actual Total Time": 101.901,
                          "Actual Rows": 632078,
                          "Actual Loops": 4
                        }
                      ]
                    }
                  ]
                }
              ]
            }
          ]
        }
      ]
    },
    "Planning Time": 0.596,
    "Triggers": [],
    "Execution Time": 541.331
  }
]