{
  "Plan": {
    "Node Type": "Aggregate",
    "Strategy": "Plain",
    "Partial Mode": "Finalize",
    "Parallel Aware": false,
    "Startup Cost": 105167.98,
    "Total Cost": 105167.99,
    "Plan Rows": 1,
    "Plan Width": 8,
    "Actual Startup Time": 673.533,
    "Actual Total Time": 693.771,
    "Actual Rows": 1,
    "Actual Loops": 1,
    "Plans": [
      {
        "Node Type": "Gather",
        "Parent Relationship": "Outer",
        "Parallel Aware": false,
        "Startup Cost": 105167.87,
        "Total Cost": 105167.98,
        "Plan Rows": 1,
        "Plan Width": 8,
        "Actual Startup Time": 667.473,
        "Actual Total Time": 693.763,
        "Actual Rows": 2,
        "Actual Loops": 1,
        "Workers Planned": 1,
        "Workers Launched": 1,
        "Single Copy": false,
        "Plans": [
          {
            "Node Type": "Aggregate",
            "Strategy": "Plain",
            "Partial Mode": "Partial",
            "Parent Relationship": "Outer",
            "Parallel Aware": false,
            "Startup Cost": 104167.87,
            "Total Cost": 104167.88,
            "Plan Rows": 1,
            "Plan Width": 8,
            "Actual Startup Time": 658.676,
            "Actual Total Time": 658.68,
            "Actual Rows": 1,
            "Actual Loops": 2,
            "Plans": [
              {
                "Node Type": "Hash Join",
                "Parent Relationship": "Outer",
                "Parallel Aware": true,
                "Join Type": "Inner",
                "Startup Cost": 76348.67,
                "Total Cost": 103690.53,
                "Plan Rows": 190933,
                "Plan Width": 0,
                "Actual Startup Time": 537.627,
                "Actual Total Time": 651.002,
                "Actual Rows": 169694,
                "Actual Loops": 2,
                "Inner Unique": true,
                "Hash Cond": "(mk.movie_id = t.id)",
                "Plans": [
                  {
                    "Node Type": "Bitmap Heap Scan",
                    "Parent Relationship": "Outer",
                    "Parallel Aware": true,
                    "Relation Name": "movie_keyword",
                    "Alias": "mk",
                    "Startup Cost": 6887.97,
                    "Total Cost": 33728.64,
                    "Plan Rows": 190933,
                    "Plan Width": 4,
                    "Actual Startup Time": 19.425,
                    "Actual Total Time": 73.953,
                    "Actual Rows": 169694,
                    "Actual Loops": 2,
                    "Recheck Cond": "(keyword_id < 282)",
                    "Rows Removed by Index Recheck": 0,
                    "Exact Heap Blocks": 13697,
                    "Lossy Heap Blocks": 0,
                    "Plans": [
                      {
                        "Node Type": "Bitmap Index Scan",
                        "Parent Relationship": "Outer",
                        "Parallel Aware": false,
                        "Index Name": "keyword_id_movie_keyword",
                        "Startup Cost": 0.0,
                        "Total Cost": 6806.83,
                        "Plan Rows": 324586,
                        "Plan Width": 0,
                        "Actual Startup Time": 15.929,
                        "Actual Total Time": 15.93,
                        "Actual Rows": 339389,
                        "Actual Loops": 1,
                        "Index Cond": "(keyword_id < 282)"
                      }
                    ]
                  },
                  {
                    "Node Type": "Hash",
                    "Parent Relationship": "Inner",
                    "Parallel Aware": true,
                    "Startup Cost": 50870.31,
                    "Total Cost": 50870.31,
                    "Plan Rows": 1487231,
                    "Plan Width": 4,
                    "Actual Startup Time": 500.085,
                    "Actual Total Time": 500.086,
                    "Actual Rows": 1264156,
                    "Actual Loops": 2,
                    "Hash Buckets": 4194304,
                    "Original Hash Buckets": 4194304,
                    "Hash Batches": 1,
                    "Original Hash Batches": 1,
                    "Peak Memory Usage": 131712,
                    "Plans": [
                      {
                        "Node Type": "Seq Scan",
                        "Parent Relationship": "Outer",
                        "Parallel Aware": true,
                        "Relation Name": "title",
                        "Alias": "t",
                        "Startup Cost": 0.0,
                        "Total Cost": 50870.31,
                        "Plan Rows": 1487231,
                        "Plan Width": 4,
                        "Actual Startup Time": 0.025,
                        "Actual Total Time": 146.801,
                        "Actual Rows": 1264156,
                        "Actual Loops": 2
                      }
                    ]
                  }
                ]
              }
            ]
          }
        ]
      }
    ]
  },
  "Planning Time": 0.44,
  "Triggers": [],
  "Execution Time": 693.832
}