[
  {
    "Plan": {
      "Node Type": "Aggregate",
      "Strategy": "Plain",
      "Partial Mode": "Finalize",
      "Parallel Aware": false,
      "Startup Cost": 333385.48,
      "Total Cost": 333385.49,
      "Plan Rows": 1,
      "Plan Width": 8,
      "Actual Startup Time": 635.344,
      "Actual Total Time": 679.851,
      "Actual Rows": 1,
      "Actual Loops": 1,
      "Plans": [
        {
          "Node Type": "Gather",
          "Parent Relationship": "Outer",
          "Parallel Aware": false,
          "Startup Cost": 333384.86,
          "Total Cost": 333385.47,
          "Plan Rows": 6,
          "Plan Width": 8,
          "Actual Startup Time": 635.044,
          "Actual Total Time": 679.835,
          "Actual Rows": 7,
          "Actual Loops": 1,
          "Workers Planned": 6,
          "Workers Launched": 6,
          "Single Copy": false,
          "Plans": [
            {
              "Node Type": "Aggregate",
              "Strategy": "Plain",
              "Partial Mode": "Partial",
              "Parent Relationship": "Outer",
              "Parallel Aware": false,
              "Startup Cost": 332384.86,
              "Total Cost": 332384.87,
              "Plan Rows": 1,
              "Plan Width": 8,
              "Actual Startup Time": 628.003,
              "Actual Total Time": 628.005,
              "Actual Rows": 1,
              "Actual Loops": 7,
              "Plans": [
                {
                  "Node Type": "Seq Scan",
                  "Parent Relationship": "Outer",
                  "Parallel Aware": true,
                  "Relation Name": "cast_info",
                  "Alias": "ci",
                  "Startup Cost": 0.0,
                  "Total Cost": 328211.39,
                  "Plan Rows": 1669386,
                  "Plan Width": 0,
                  "Actual Startup Time": 0.045,
                  "Actual Total Time": 557.567,
                  "Actual Rows": 1436715,
                  "Actual Loops": 7,
                  "Filter": "(person_id < 988946)",
                  "Rows Removed by Filter": 3741049
                }
              ]
            }
          ]
        }
      ]
    },
    "Planning Time": 0.093,
    "Triggers": [],
    "Execution Time": 679.892
  }
]