{
    "Plan": {
        "Node Type": "Aggregate",
        "Strategy": "Plain",
        "Partial Mode": "Finalize",
        "Parallel Aware": false,
        "Startup Cost": 245680.08,
        "Total Cost": 245680.09,
        "Plan Rows": 1,
        "Plan Width": 8,
        "Actual Startup Time": 697.301,
        "Actual Total Time": 755.678,
        "Actual Rows": 1,
        "Actual Loops": 1,
        "Output": [
            "count(*)"
        ],
        "Plans": [
            {
                "Node Type": "Gather",
                "Parent Relationship": "Outer",
                "Parallel Aware": false,
                "Startup Cost": 245679.56,
                "Total Cost": 245680.07,
                "Plan Rows": 5,
                "Plan Width": 8,
                "Actual Startup Time": 694.68,
                "Actual Total Time": 755.666,
                "Actual Rows": 6,
                "Actual Loops": 1,
                "Output": [
                    "(PARTIAL count(*))"
                ],
                "Workers Planned": 5,
                "Workers Launched": 5,
                "Single Copy": false,
                "Plans": [
                    {
                        "Node Type": "Aggregate",
                        "Strategy": "Plain",
                        "Partial Mode": "Partial",
                        "Parent Relationship": "Outer",
                        "Parallel Aware": false,
                        "Startup Cost": 244679.56,
                        "Total Cost": 244679.57,
                        "Plan Rows": 1,
                        "Plan Width": 8,
                        "Actual Startup Time": 683.81,
                        "Actual Total Time": 683.864,
                        "Actual Rows": 1,
                        "Actual Loops": 6,
                        "Output": [
                            "PARTIAL count(*)"
                        ],
                        "Workers": [
                            {
                                "Worker Number": 0,
                                "Actual Startup Time": 680.739,
                                "Actual Total Time": 680.744,
                                "Actual Rows": 1,
                                "Actual Loops": 1
                            },
                            {
                                "Worker Number": 1,
                                "Actual Startup Time": 681.827,
                                "Actual Total Time": 681.831,
                                "Actual Rows": 1,
                                "Actual Loops": 1
                            },
                            {
                                "Worker Number": 2,
                                "Actual Startup Time": 682.027,
                                "Actual Total Time": 682.03,
                                "Actual Rows": 1,
                                "Actual Loops": 1
                            },
                            {
                                "Worker Number": 3,
                                "Actual Startup Time": 682.27,
                                "Actual Total Time": 682.274,
                                "Actual Rows": 1,
                                "Actual Loops": 1
                            },
                            {
                                "Worker Number": 4,
                                "Actual Startup Time": 682.28,
                                "Actual Total Time": 682.284,
                                "Actual Rows": 1,
                                "Actual Loops": 1
                            }
                        ],
                        "Plans": [
                            {
                                "Node Type": "Nested Loop",
                                "Parent Relationship": "Outer",
                                "Parallel Aware": false,
                                "Join Type": "Inner",
                                "Startup Cost": 46145.81,
                                "Total Cost": 244149.0,
                                "Plan Rows": 212226,
                                "Plan Width": 0,
                                "Actual Startup Time": 113.217,
                                "Actual Total Time": 668.436,
                                "Actual Rows": 256040,
                                "Actual Loops": 6,
                                "Inner Unique": false,
                                "Join Filter": "(t.id = mi.movie_id)",
                                "Rows Removed by Join Filter": 0,
                                "Workers": [
                                    {
                                        "Worker Number": 0,
                                        "Actual Startup Time": 111.26,
                                        "Actual Total Time": 666.384,
                                        "Actual Rows": 171132,
                                        "Actual Loops": 1
                                    },
                                    {
                                        "Worker Number": 1,
                                        "Actual Startup Time": 110.554,
                                        "Actual Total Time": 665.046,
                                        "Actual Rows": 215281,
                                        "Actual Loops": 1
                                    },
                                    {
                                        "Worker Number": 2,
                                        "Actual Startup Time": 111.214,
                                        "Actual Total Time": 668.264,
                                        "Actual Rows": 248654,
                                        "Actual Loops": 1
                                    },
                                    {
                                        "Worker Number": 3,
                                        "Actual Startup Time": 111.984,
                                        "Actual Total Time": 667.859,
                                        "Actual Rows": 263049,
                                        "Actual Loops": 1
                                    },
                                    {
                                        "Worker Number": 4,
                                        "Actual Startup Time": 111.458,
                                        "Actual Total Time": 667.502,
                                        "Actual Rows": 271647,
                                        "Actual Loops": 1
                                    }
                                ],
                                "Plans": [
                                    {
                                        "Node Type": "Hash Join",
                                        "Parent Relationship": "Outer",
                                        "Parallel Aware": true,
                                        "Join Type": "Inner",
                                        "Startup Cost": 46145.37,
                                        "Total Cost": 171213.32,
                                        "Plan Rows": 36365,
                                        "Plan Width": 8,
                                        "Actual Startup Time": 113.097,
                                        "Actual Total Time": 344.611,
                                        "Actual Rows": 6491,
                                        "Actual Loops": 6,
                                        "Output": [
                                            "t.id",
                                            "ci.movie_id"
                                        ],
                                        "Inner Unique": true,
                                        "Hash Cond": "(ci.movie_id = t.id)",
                                        "Workers": [
                                            {
                                                "Worker Number": 0,
                                                "Actual Startup Time": 111.081,
                                                "Actual Total Time": 344.659,
                                                "Actual Rows": 4825,
                                                "Actual Loops": 1
                                            },
                                            {
                                                "Worker Number": 1,
                                                "Actual Startup Time": 110.401,
                                                "Actual Total Time": 335.19,
                                                "Actual Rows": 5092,
                                                "Actual Loops": 1
                                            },
                                            {
                                                "Worker Number": 2,
                                                "Actual Startup Time": 111.103,
                                                "Actual Total Time": 345.951,
                                                "Actual Rows": 6798,
                                                "Actual Loops": 1
                                            },
                                            {
                                                "Worker Number": 3,
                                                "Actual Startup Time": 111.879,
                                                "Actual Total Time": 341.542,
                                                "Actual Rows": 6891,
                                                "Actual Loops": 1
                                            },
                                            {
                                                "Worker Number": 4,
                                                "Actual Startup Time": 111.32,
                                                "Actual Total Time": 340.414,
                                                "Actual Rows": 6448,
                                                "Actual Loops": 1
                                            }
                                        ],
                                        "Plans": [
                                            {
                                                "Node Type": "Index Scan",
                                                "Parent Relationship": "Outer",
                                                "Parallel Aware": true,
                                                "Scan Direction": "Forward",
                                                "Index Name": "role_id_cast_info",
                                                "Relation Name": "cast_info",
                                                "Schema": "public",
                                                "Alias": "ci",
                                                "Startup Cost": 0.56,
                                                "Total Cost": 123935.38,
                                                "Plan Rows": 431672,
                                                "Plan Width": 4,
                                                "Actual Startup Time": 0.27,
                                                "Actual Total Time": 181.592,
                                                "Actual Rows": 122200,
                                                "Actual Loops": 6,
                                                "Output": [
                                                    "ci.id",
                                                    "ci.person_id",
                                                    "ci.movie_id",
                                                    "ci.person_role_id",
                                                    "ci.note",
                                                    "ci.nr_order",
                                                    "ci.role_id"
                                                ],
                                                "Index Cond": "(ci.role_id > 9)",
                                                "Rows Removed by Index Recheck": 0,
                                                "Filter": "(ci.person_id < 1692602)",
                                                "Rows Removed by Filter": 650990,
                                                "Workers": [
                                                    {
                                                        "Worker Number": 0,
                                                        "Actual Startup Time": 0.292,
                                                        "Actual Total Time": 183.571,
                                                        "Actual Rows": 92594,
                                                        "Actual Loops": 1
                                                    },
                                                    {
                                                        "Worker Number": 1,
                                                        "Actual Startup Time": 0.342,
                                                        "Actual Total Time": 180.411,
                                                        "Actual Rows": 97306,
                                                        "Actual Loops": 1
                                                    },
                                                    {
                                                        "Worker Number": 2,
                                                        "Actual Startup Time": 0.21,
                                                        "Actual Total Time": 186.045,
                                                        "Actual Rows": 125573,
                                                        "Actual Loops": 1
                                                    },
                                                    {
                                                        "Worker Number": 3,
                                                        "Actual Startup Time": 0.415,
                                                        "Actual Total Time": 180.681,
                                                        "Actual Rows": 127448,
                                                        "Actual Loops": 1
                                                    },
                                                    {
                                                        "Worker Number": 4,
                                                        "Actual Startup Time": 0.161,
                                                        "Actual Total Time": 180.7,
                                                        "Actual Rows": 125590,
                                                        "Actual Loops": 1
                                                    }
                                                ]
                                            },
                                            {
                                                "Node Type": "Hash",
                                                "Parent Relationship": "Inner",
                                                "Parallel Aware": true,
                                                "Startup Cost": 45479.21,
                                                "Total Cost": 45479.21,
                                                "Plan Rows": 53248,
                                                "Plan Width": 4,
                                                "Actual Startup Time": 110.865,
                                                "Actual Total Time": 110.867,
                                                "Actual Rows": 53430,
                                                "Actual Loops": 6,
                                                "Output": [
                                                    "t.id"
                                                ],
                                                "Hash Buckets": 524288,
                                                "Original Hash Buckets": 262144,
                                                "Hash Batches": 1,
                                                "Original Hash Batches": 1,
                                                "Peak Memory Usage": 18720,
                                                "Workers": [
                                                    {
                                                        "Worker Number": 0,
                                                        "Actual Startup Time": 109.178,
                                                        "Actual Total Time": 109.179,
                                                        "Actual Rows": 36740,
                                                        "Actual Loops": 1
                                                    },
                                                    {
                                                        "Worker Number": 1,
                                                        "Actual Startup Time": 109.18,
                                                        "Actual Total Time": 109.181,
                                                        "Actual Rows": 40660,
                                                        "Actual Loops": 1
                                                    },
                                                    {
                                                        "Worker Number": 2,
                                                        "Actual Startup Time": 110.475,
                                                        "Actual Total Time": 110.476,
                                                        "Actual Rows": 57978,
                                                        "Actual Loops": 1
                                                    },
                                                    {
                                                        "Worker Number": 3,
                                                        "Actual Startup Time": 110.747,
                                                        "Actual Total Time": 110.749,
                                                        "Actual Rows": 57964,
                                                        "Actual Loops": 1
                                                    },
                                                    {
                                                        "Worker Number": 4,
                                                        "Actual Startup Time": 110.737,
                                                        "Actual Total Time": 110.738,
                                                        "Actual Rows": 57093,
                                                        "Actual Loops": 1
                                                    }
                                                ],
                                                "Plans": [
                                                    {
                                                        "Node Type": "Seq Scan",
                                                        "Parent Relationship": "Outer",
                                                        "Parallel Aware": true,
                                                        "Relation Name": "title",
                                                        "Schema": "public",
                                                        "Alias": "t",
                                                        "Startup Cost": 0.0,
                                                        "Total Cost": 45479.21,
                                                        "Plan Rows": 53248,
                                                        "Plan Width": 4,
                                                        "Actual Startup Time": 0.098,
                                                        "Actual Total Time": 85.466,
                                                        "Actual Rows": 53430,
                                                        "Actual Loops": 6,
                                                        "Output": [
                                                            "t.id"
                                                        ],
                                                        "Filter": "((t.kind_id < 7) AND (t.production_year < 1982))",
                                                        "Rows Removed by Filter": 367956,
                                                        "Workers": [
                                                            {
                                                                "Worker Number": 0,
                                                                "Actual Startup Time": 0.065,
                                                                "Actual Total Time": 82.294,
                                                                "Actual Rows": 36740,
                                                                "Actual Loops": 1
                                                            },
                                                            {
                                                                "Worker Number": 1,
                                                                "Actual Startup Time": 0.125,
                                                                "Actual Total Time": 84.3,
                                                                "Actual Rows": 40660,
                                                                "Actual Loops": 1
                                                            },
                                                            {
                                                                "Worker Number": 2,
                                                                "Actual Startup Time": 0.078,
                                                                "Actual Total Time": 85.871,
                                                                "Actual Rows": 57978,
                                                                "Actual Loops": 1
                                                            },
                                                            {
                                                                "Worker Number": 3,
                                                                "Actual Startup Time": 0.077,
                                                                "Actual Total Time": 85.818,
                                                                "Actual Rows": 57964,
                                                                "Actual Loops": 1
                                                            },
                                                            {
                                                                "Worker Number": 4,
                                                                "Actual Startup Time": 0.153,
                                                                "Actual Total Time": 85.846,
                                                                "Actual Rows": 57093,
                                                                "Actual Loops": 1
                                                            }
                                                        ]
                                                    }
                                                ]
                                            }
                                        ]
                                    },
                                    {
                                        "Node Type": "Index Only Scan",
                                        "Parent Relationship": "Inner",
                                        "Parallel Aware": false,
                                        "Scan Direction": "Forward",
                                        "Index Name": "movie_id_movie_info",
                                        "Relation Name": "movie_info",
                                        "Schema": "public",
                                        "Alias": "mi",
                                        "Startup Cost": 0.43,
                                        "Total Cost": 1.52,
                                        "Plan Rows": 39,
                                        "Plan Width": 4,
                                        "Actual Startup Time": 0.012,
                                        "Actual Total Time": 0.045,
                                        "Actual Rows": 39,
                                        "Actual Loops": 38945,
                                        "Output": [
                                            "mi.movie_id"
                                        ],
                                        "Index Cond": "(mi.movie_id = ci.movie_id)",
                                        "Rows Removed by Index Recheck": 0,
                                        "Heap Fetches": 1536243,
                                        "Workers": [
                                            {
                                                "Worker Number": 0,
                                                "Actual Startup Time": 0.017,
                                                "Actual Total Time": 0.061,
                                                "Actual Rows": 35,
                                                "Actual Loops": 4825
                                            },
                                            {
                                                "Worker Number": 1,
                                                "Actual Startup Time": 0.015,
                                                "Actual Total Time": 0.058,
                                                "Actual Rows": 42,
                                                "Actual Loops": 5092
                                            },
                                            {
                                                "Worker Number": 2,
                                                "Actual Startup Time": 0.012,
                                                "Actual Total Time": 0.043,
                                                "Actual Rows": 37,
                                                "Actual Loops": 6798
                                            },
                                            {
                                                "Worker Number": 3,
                                                "Actual Startup Time": 0.012,
                                                "Actual Total Time": 0.043,
                                                "Actual Rows": 38,
                                                "Actual Loops": 6891
                                            },
                                            {
                                                "Worker Number": 4,
                                                "Actual Startup Time": 0.012,
                                                "Actual Total Time": 0.046,
                                                "Actual Rows": 42,
                                                "Actual Loops": 6448
                                            }
                                        ]
                                    }
                                ]
                            }
                        ]
                    }
                ]
            }
        ]
    },
    "Planning Time": 1.576,
    "Triggers": [],
    "Execution Time": 755.805
}