[
  {
    "Plan": {
      "Node Type": "Aggregate",
      "Strategy": "Plain",
      "Partial Mode": "Finalize",
      "Parallel Aware": false,
      "Startup Cost": 44951.88,
      "Total Cost": 44951.89,
      "Plan Rows": 1,
      "Plan Width": 8,
      "Actual Startup Time": 137.332,
      "Actual Total Time": 146.933,
      "Actual Rows": 1,
      "Actual Loops": 1,
      "Plans": [
        {
          "Node Type": "Gather",
          "Parent Relationship": "Outer",
          "Parallel Aware": false,
          "Startup Cost": 44951.56,
          "Total Cost": 44951.87,
          "Plan Rows": 3,
          "Plan Width": 8,
          "Actual Startup Time": 137.188,
          "Actual Total Time": 146.925,
          "Actual Rows": 4,
          "Actual Loops": 1,
          "Workers Planned": 3,
          "Workers Launched": 3,
          "Single Copy": false,
          "Plans": [
            {
              "Node Type": "Aggregate",
              "Strategy": "Plain",
              "Partial Mode": "Partial",
              "Parent Relationship": "Outer",
              "Parallel Aware": false,
              "Startup Cost": 43951.56,
              "Total Cost": 43951.57,
              "Plan Rows": 1,
              "Plan Width": 8,
              "Actual Startup Time": 128.689,
              "Actual Total Time": 128.69,
              "Actual Rows": 1,
              "Actual Loops": 4,
              "Plans": [
                {
                  "Node Type": "Seq Scan",
                  "Parent Relationship": "Outer",
                  "Parallel Aware": true,
                  "Relation Name": "movie_keyword",
                  "Alias": "mk",
                  "Startup Cost": 0.0,
                  "Total Cost": 42695.65,
                  "Plan Rows": 502364,
                  "Plan Width": 0,
                  "Actual Startup Time": 0.058,
                  "Actual Total Time": 109.611,
                  "Actual Rows": 393093,
                  "Actual Loops": 4,
                  "Filter": "(keyword_id < 2375)",
                  "Rows Removed by Filter": 737890
                }
              ]
            }
          ]
        }
      ]
    },
    "Planning Time": 0.161,
    "Triggers": [],
    "Execution Time": 146.984
  }
]