{
    "Plan": {
        "Node Type": "Aggregate",
        "Strategy": "Plain",
        "Partial Mode": "Simple",
        "Parallel Aware": false,
        "Startup Cost": 80006286628.58,
        "Total Cost": 80006286628.59,
        "Plan Rows": 1,
        "Plan Width": 96,
        "Actual Startup Time": 13039.738,
        "Actual Total Time": 13186.241,
        "Actual Rows": 1,
        "Actual Loops": 1,
        "Output": [
            "min(chn.name)",
            "min(n.name)",
            "min(t.title)"
        ],
        "Plans": [
            {
                "Node Type": "Nested Loop",
                "Parent Relationship": "Outer",
                "Parallel Aware": false,
                "Join Type": "Inner",
                "Startup Cost": 80006286620.5,
                "Total Cost": 80006286628.57,
                "Plan Rows": 1,
                "Plan Width": 48,
                "Actual Startup Time": 13039.685,
                "Actual Total Time": 13186.229,
                "Actual Rows": 5,
                "Actual Loops": 1,
                "Output": [
                    "chn.name",
                    "n.name",
                    "t.title"
                ],
                "Inner Unique": true,
                "Plans": [
                    {
                        "Node Type": "Merge Join",
                        "Parent Relationship": "Outer",
                        "Parallel Aware": false,
                        "Join Type": "Inner",
                        "Startup Cost": 70006286620.07,
                        "Total Cost": 70006286620.1,
                        "Plan Rows": 1,
                        "Plan Width": 52,
                        "Actual Startup Time": 13039.635,
                        "Actual Total Time": 13186.139,
                        "Actual Rows": 10,
                        "Actual Loops": 1,
                        "Output": [
                            "chn.name",
                            "mc.company_id",
                            "n.name",
                            "t.title"
                        ],
                        "Inner Unique": false,
                        "Merge Cond": "(k.id = mk.keyword_id)",
                        "Plans": [
                            {
                                "Node Type": "Sort",
                                "Parent Relationship": "Outer",
                                "Parallel Aware": false,
                                "Startup Cost": 10000002961.59,
                                "Total Cost": 10000002961.6,
                                "Plan Rows": 4,
                                "Plan Width": 4,
                                "Actual Startup Time": 22.258,
                                "Actual Total Time": 22.261,
                                "Actual Rows": 3,
                                "Actual Loops": 1,
                                "Output": [
                                    "k.id"
                                ],
                                "Sort Key": [
                                    "k.id"
                                ],
                                "Sort Method": "quicksort",
                                "Sort Space Used": 25,
                                "Sort Space Type": "Memory",
                                "Plans": [
                                    {
                                        "Node Type": "Seq Scan",
                                        "Parent Relationship": "Outer",
                                        "Parallel Aware": false,
                                        "Relation Name": "keyword",
                                        "Schema": "public",
                                        "Alias": "k",
                                        "Startup Cost": 10000000000.0,
                                        "Total Cost": 10000002961.55,
                                        "Plan Rows": 4,
                                        "Plan Width": 4,
                                        "Actual Startup Time": 0.089,
                                        "Actual Total Time": 22.248,
                                        "Actual Rows": 3,
                                        "Actual Loops": 1,
                                        "Output": [
                                            "k.id"
                                        ],
                                        "Filter": "(k.keyword = ANY ('{based-on-comic,based-on-comic,fight,female-martial-artist}'::text[]))",
                                        "Rows Removed by Filter": 134167
                                    }
                                ]
                            },
                            {
                                "Node Type": "Sort",
                                "Parent Relationship": "Inner",
                                "Parallel Aware": false,
                                "Startup Cost": 60006283658.48,
                                "Total Cost": 60006283658.48,
                                "Plan Rows": 1,
                                "Plan Width": 56,
                                "Actual Startup Time": 13016.178,
                                "Actual Total Time": 13163.302,
                                "Actual Rows": 7791,
                                "Actual Loops": 1,
                                "Output": [
                                    "chn.name",
                                    "mc.company_id",
                                    "mk.keyword_id",
                                    "n.name",
                                    "t.title"
                                ],
                                "Sort Key": [
                                    "mk.keyword_id"
                                ],
                                "Sort Method": "quicksort",
                                "Sort Space Used": 2135,
                                "Sort Space Type": "Memory",
                                "Plans": [
                                    {
                                        "Node Type": "Hash Join",
                                        "Parent Relationship": "Outer",
                                        "Parallel Aware": false,
                                        "Join Type": "Inner",
                                        "Startup Cost": 60006283656.04,
                                        "Total Cost": 60006283658.47,
                                        "Plan Rows": 1,
                                        "Plan Width": 56,
                                        "Actual Startup Time": 13010.61,
                                        "Actual Total Time": 13158.81,
                                        "Actual Rows": 17150,
                                        "Actual Loops": 1,
                                        "Output": [
                                            "chn.name",
                                            "mc.company_id",
                                            "mk.keyword_id",
                                            "n.name",
                                            "t.title"
                                        ],
                                        "Inner Unique": false,
                                        "Hash Cond": "(it.id = mi.info_type_id)",
                                        "Plans": [
                                            {
                                                "Node Type": "Seq Scan",
                                                "Parent Relationship": "Outer",
                                                "Parallel Aware": false,
                                                "Relation Name": "info_type",
                                                "Schema": "public",
                                                "Alias": "it",
                                                "Startup Cost": 0.0,
                                                "Total Cost": 2.41,
                                                "Plan Rows": 1,
                                                "Plan Width": 4,
                                                "Actual Startup Time": 0.013,
                                                "Actual Total Time": 0.023,
                                                "Actual Rows": 1,
                                                "Actual Loops": 1,
                                                "Output": [
                                                    "it.id",
                                                    "it.info"
                                                ],
                                                "Filter": "((it.info)::text = 'release dates'::text)",
                                                "Rows Removed by Filter": 112
                                            },
                                            {
                                                "Node Type": "Hash",
                                                "Parent Relationship": "Inner",
                                                "Parallel Aware": false,
                                                "Startup Cost": 60006283656.03,
                                                "Total Cost": 60006283656.03,
                                                "Plan Rows": 1,
                                                "Plan Width": 60,
                                                "Actual Startup Time": 13010.585,
                                                "Actual Total Time": 13157.077,
                                                "Actual Rows": 17150,
                                                "Actual Loops": 1,
                                                "Output": [
                                                    "chn.name",
                                                    "mc.company_id",
                                                    "mi.info_type_id",
                                                    "mk.keyword_id",
                                                    "n.name",
                                                    "t.title"
                                                ],
                                                "Hash Buckets": 32768,
                                                "Original Hash Buckets": 1024,
                                                "Hash Batches": 1,
                                                "Original Hash Batches": 1,
                                                "Peak Memory Usage": 1667,
                                                "Plans": [
                                                    {
                                                        "Node Type": "Merge Join",
                                                        "Parent Relationship": "Outer",
                                                        "Parallel Aware": false,
                                                        "Join Type": "Inner",
                                                        "Startup Cost": 60006283655.96,
                                                        "Total Cost": 60006283656.03,
                                                        "Plan Rows": 1,
                                                        "Plan Width": 60,
                                                        "Actual Startup Time": 13002.54,
                                                        "Actual Total Time": 13153.189,
                                                        "Actual Rows": 17150,
                                                        "Actual Loops": 1,
                                                        "Output": [
                                                            "chn.name",
                                                            "mc.company_id",
                                                            "mi.info_type_id",
                                                            "mk.keyword_id",
                                                            "n.name",
                                                            "t.title"
                                                        ],
                                                        "Inner Unique": false,
                                                        "Merge Cond": "(ci.role_id = rt.id)",
                                                        "Plans": [
                                                            {
                                                                "Node Type": "Sort",
                                                                "Parent Relationship": "Outer",
                                                                "Parallel Aware": false,
                                                                "Startup Cost": 60006283654.8,
                                                                "Total Cost": 60006283654.83,
                                                                "Plan Rows": 10,
                                                                "Plan Width": 64,
                                                                "Actual Startup Time": 13002.494,
                                                                "Actual Total Time": 13149.568,
                                                                "Actual Rows": 17150,
                                                                "Actual Loops": 1,
                                                                "Output": [
                                                                    "ci.role_id",
                                                                    "chn.name",
                                                                    "mc.company_id",
                                                                    "mi.info_type_id",
                                                                    "mk.keyword_id",
                                                                    "n.name",
                                                                    "t.title"
                                                                ],
                                                                "Sort Key": [
                                                                    "ci.role_id"
                                                                ],
                                                                "Sort Method": "quicksort",
                                                                "Sort Space Used": 3180,
                                                                "Sort Space Type": "Memory",
                                                                "Plans": [
                                                                    {
                                                                        "Node Type": "Nested Loop",
                                                                        "Parent Relationship": "Outer",
                                                                        "Parallel Aware": false,
                                                                        "Join Type": "Inner",
                                                                        "Startup Cost": 60006253134.92,
                                                                        "Total Cost": 60006283654.63,
                                                                        "Plan Rows": 10,
                                                                        "Plan Width": 64,
                                                                        "Actual Startup Time": 12975.295,
                                                                        "Actual Total Time": 13145.581,
                                                                        "Actual Rows": 17150,
                                                                        "Actual Loops": 1,
                                                                        "Output": [
                                                                            "ci.role_id",
                                                                            "chn.name",
                                                                            "mc.company_id",
                                                                            "mi.info_type_id",
                                                                            "mk.keyword_id",
                                                                            "n.name",
                                                                            "t.title"
                                                                        ],
                                                                        "Inner Unique": false,
                                                                        "Join Filter": "(t.id = mk.movie_id)",
                                                                        "Rows Removed by Join Filter": 0,
                                                                        "Plans": [
                                                                            {
                                                                                "Node Type": "Gather",
                                                                                "Parent Relationship": "Outer",
                                                                                "Parallel Aware": false,
                                                                                "Startup Cost": 50006253134.09,
                                                                                "Total Cost": 50006283648.66,
                                                                                "Plan Rows": 1,
                                                                                "Plan Width": 76,
                                                                                "Actual Startup Time": 12975.273,
                                                                                "Actual Total Time": 13140.466,
                                                                                "Actual Rows": 405,
                                                                                "Actual Loops": 1,
                                                                                "Output": [
                                                                                    "ci.movie_id",
                                                                                    "ci.role_id",
                                                                                    "chn.name",
                                                                                    "mc.movie_id",
                                                                                    "mc.company_id",
                                                                                    "mi.movie_id",
                                                                                    "mi.info_type_id",
                                                                                    "n.name",
                                                                                    "t.title",
                                                                                    "t.id"
                                                                                ],
                                                                                "Workers Planned": 3,
                                                                                "Workers Launched": 3,
                                                                                "Single Copy": false,
                                                                                "Plans": [
                                                                                    {
                                                                                        "Node Type": "Nested Loop",
                                                                                        "Parent Relationship": "Outer",
                                                                                        "Parallel Aware": false,
                                                                                        "Join Type": "Inner",
                                                                                        "Startup Cost": 50006252134.09,
                                                                                        "Total Cost": 50006282648.56,
                                                                                        "Plan Rows": 1,
                                                                                        "Plan Width": 76,
                                                                                        "Actual Startup Time": 12940.281,
                                                                                        "Actual Total Time": 12981.263,
                                                                                        "Actual Rows": 101,
                                                                                        "Actual Loops": 4,
                                                                                        "Output": [
                                                                                            "ci.movie_id",
                                                                                            "ci.role_id",
                                                                                            "chn.name",
                                                                                            "mc.movie_id",
                                                                                            "mc.company_id",
                                                                                            "mi.movie_id",
                                                                                            "mi.info_type_id",
                                                                                            "n.name",
                                                                                            "t.title",
                                                                                            "t.id"
                                                                                        ],
                                                                                        "Inner Unique": true,
                                                                                        "Join Filter": "(ci.person_id = n.id)",
                                                                                        "Rows Removed by Join Filter": 0,
                                                                                        "Workers": [
                                                                                            {
                                                                                                "Worker Number": 0,
                                                                                                "Actual Startup Time": 12979.268,
                                                                                                "Actual Total Time": 12979.28,
                                                                                                "Actual Rows": 0,
                                                                                                "Actual Loops": 1
                                                                                            },
                                                                                            {
                                                                                                "Worker Number": 1,
                                                                                                "Actual Startup Time": 12903.402,
                                                                                                "Actual Total Time": 12979.499,
                                                                                                "Actual Rows": 75,
                                                                                                "Actual Loops": 1
                                                                                            },
                                                                                            {
                                                                                                "Worker Number": 2,
                                                                                                "Actual Startup Time": 12903.866,
                                                                                                "Actual Total Time": 12979.797,
                                                                                                "Actual Rows": 295,
                                                                                                "Actual Loops": 1
                                                                                            }
                                                                                        ],
                                                                                        "Plans": [
                                                                                            {
                                                                                                "Node Type": "Hash Join",
                                                                                                "Parent Relationship": "Outer",
                                                                                                "Parallel Aware": true,
                                                                                                "Join Type": "Inner",
                                                                                                "Startup Cost": 40006252133.59,
                                                                                                "Total Cost": 40006282521.6,
                                                                                                "Plan Rows": 28,
                                                                                                "Plan Width": 69,
                                                                                                "Actual Startup Time": 12939.633,
                                                                                                "Actual Total Time": 12971.922,
                                                                                                "Actual Rows": 1852,
                                                                                                "Actual Loops": 4,
                                                                                                "Output": [
                                                                                                    "an.person_id",
                                                                                                    "ci.movie_id",
                                                                                                    "ci.person_id",
                                                                                                    "ci.role_id",
                                                                                                    "chn.name",
                                                                                                    "mc.movie_id",
                                                                                                    "mc.company_id",
                                                                                                    "mi.movie_id",
                                                                                                    "mi.info_type_id",
                                                                                                    "t.title",
                                                                                                    "t.id"
                                                                                                ],
                                                                                                "Inner Unique": false,
                                                                                                "Hash Cond": "(ci.person_id = an.person_id)",
                                                                                                "Workers": [
                                                                                                    {
                                                                                                        "Worker Number": 0,
                                                                                                        "Actual Startup Time": 12979.266,
                                                                                                        "Actual Total Time": 12979.276,
                                                                                                        "Actual Rows": 0,
                                                                                                        "Actual Loops": 1
                                                                                                    },
                                                                                                    {
                                                                                                        "Worker Number": 1,
                                                                                                        "Actual Startup Time": 12902.445,
                                                                                                        "Actual Total Time": 12971.456,
                                                                                                        "Actual Rows": 1425,
                                                                                                        "Actual Loops": 1
                                                                                                    },
                                                                                                    {
                                                                                                        "Worker Number": 2,
                                                                                                        "Actual Startup Time": 12902.862,
                                                                                                        "Actual Total Time": 12952.959,
                                                                                                        "Actual Rows": 5518,
                                                                                                        "Actual Loops": 1
                                                                                                    }
                                                                                                ],
                                                                                                "Plans": [
                                                                                                    {
                                                                                                        "Node Type": "Hash Join",
                                                                                                        "Parent Relationship": "Outer",
                                                                                                        "Parallel Aware": true,
                                                                                                        "Join Type": "Inner",
                                                                                                        "Startup Cost": 40006182592.85,
                                                                                                        "Total Cost": 40006212980.02,
                                                                                                        "Plan Rows": 12,
                                                                                                        "Plan Width": 65,
                                                                                                        "Actual Startup Time": 12727.087,
                                                                                                        "Actual Total Time": 12758.337,
                                                                                                        "Actual Rows": 662,
                                                                                                        "Actual Loops": 4,
                                                                                                        "Output": [
                                                                                                            "chn.name",
                                                                                                            "ci.movie_id",
                                                                                                            "ci.person_id",
                                                                                                            "ci.role_id",
                                                                                                            "mc.movie_id",
                                                                                                            "mc.company_id",
                                                                                                            "mi.movie_id",
                                                                                                            "mi.info_type_id",
                                                                                                            "t.title",
                                                                                                            "t.id"
                                                                                                        ],
                                                                                                        "Inner Unique": false,
                                                                                                        "Hash Cond": "(t.id = mi.movie_id)",
                                                                                                        "Workers": [
                                                                                                            {
                                                                                                                "Worker Number": 0,
                                                                                                                "Actual Startup Time": 12770.434,
                                                                                                                "Actual Total Time": 12770.442,
                                                                                                                "Actual Rows": 0,
                                                                                                                "Actual Loops": 1
                                                                                                            },
                                                                                                            {
                                                                                                                "Worker Number": 1,
                                                                                                                "Actual Startup Time": 12693.308,
                                                                                                                "Actual Total Time": 12761.762,
                                                                                                                "Actual Rows": 510,
                                                                                                                "Actual Loops": 1
                                                                                                            },
                                                                                                            {
                                                                                                                "Worker Number": 2,
                                                                                                                "Actual Startup Time": 12693.317,
                                                                                                                "Actual Total Time": 12741.608,
                                                                                                                "Actual Rows": 1972,
                                                                                                                "Actual Loops": 1
                                                                                                            }
                                                                                                        ],
                                                                                                        "Plans": [
                                                                                                            {
                                                                                                                "Node Type": "Hash Join",
                                                                                                                "Parent Relationship": "Outer",
                                                                                                                "Parallel Aware": true,
                                                                                                                "Join Type": "Inner",
                                                                                                                "Startup Cost": 40005271680.69,
                                                                                                                "Total Cost": 40005302043.47,
                                                                                                                "Plan Rows": 18,
                                                                                                                "Plan Width": 57,
                                                                                                                "Actual Startup Time": 11421.705,
                                                                                                                "Actual Total Time": 11452.674,
                                                                                                                "Actual Rows": 237,
                                                                                                                "Actual Loops": 4,
                                                                                                                "Output": [
                                                                                                                    "chn.name",
                                                                                                                    "ci.movie_id",
                                                                                                                    "ci.person_id",
                                                                                                                    "ci.role_id",
                                                                                                                    "mc.movie_id",
                                                                                                                    "mc.company_id",
                                                                                                                    "t.title",
                                                                                                                    "t.id"
                                                                                                                ],
                                                                                                                "Inner Unique": false,
                                                                                                                "Hash Cond": "(mc.movie_id = t.id)",
                                                                                                                "Workers": [
                                                                                                                    {
                                                                                                                        "Worker Number": 0,
                                                                                                                        "Actual Startup Time": 11464.996,
                                                                                                                        "Actual Total Time": 11465.003,
                                                                                                                        "Actual Rows": 0,
                                                                                                                        "Actual Loops": 1
                                                                                                                    },
                                                                                                                    {
                                                                                                                        "Worker Number": 1,
                                                                                                                        "Actual Startup Time": 11387.955,
                                                                                                                        "Actual Total Time": 11456.288,
                                                                                                                        "Actual Rows": 170,
                                                                                                                        "Actual Loops": 1
                                                                                                                    },
                                                                                                                    {
                                                                                                                        "Worker Number": 2,
                                                                                                                        "Actual Startup Time": 11387.945,
                                                                                                                        "Actual Total Time": 11435.79,
                                                                                                                        "Actual Rows": 680,
                                                                                                                        "Actual Loops": 1
                                                                                                                    }
                                                                                                                ],
                                                                                                                "Plans": [
                                                                                                                    {
                                                                                                                        "Node Type": "Seq Scan",
                                                                                                                        "Parent Relationship": "Outer",
                                                                                                                        "Parallel Aware": true,
                                                                                                                        "Relation Name": "movie_companies",
                                                                                                                        "Schema": "public",
                                                                                                                        "Alias": "mc",
                                                                                                                        "Startup Cost": 10000000000.0,
                                                                                                                        "Total Cost": 10000027206.55,
                                                                                                                        "Plan Rows": 841655,
                                                                                                                        "Plan Width": 8,
                                                                                                                        "Actual Startup Time": 0.032,
                                                                                                                        "Actual Total Time": 65.956,
                                                                                                                        "Actual Rows": 652282,
                                                                                                                        "Actual Loops": 4,
                                                                                                                        "Output": [
                                                                                                                            "mc.id",
                                                                                                                            "mc.movie_id",
                                                                                                                            "mc.company_id",
                                                                                                                            "mc.company_type_id",
                                                                                                                            "mc.note"
                                                                                                                        ],
                                                                                                                        "Workers": [
                                                                                                                            {
                                                                                                                                "Worker Number": 0,
                                                                                                                                "Actual Startup Time": 0.035,
                                                                                                                                "Actual Total Time": 73.337,
                                                                                                                                "Actual Rows": 690349,
                                                                                                                                "Actual Loops": 1
                                                                                                                            },
                                                                                                                            {
                                                                                                                                "Worker Number": 1,
                                                                                                                                "Actual Startup Time": 0.034,
                                                                                                                                "Actual Total Time": 68.026,
                                                                                                                                "Actual Rows": 628956,
                                                                                                                                "Actual Loops": 1
                                                                                                                            },
                                                                                                                            {
                                                                                                                                "Worker Number": 2,
                                                                                                                                "Actual Startup Time": 0.03,
                                                                                                                                "Actual Total Time": 58.388,
                                                                                                                                "Actual Rows": 646582,
                                                                                                                                "Actual Loops": 1
                                                                                                                            }
                                                                                                                        ]
                                                                                                                    },
                                                                                                                    {
                                                                                                                        "Node Type": "Hash",
                                                                                                                        "Parent Relationship": "Inner",
                                                                                                                        "Parallel Aware": true,
                                                                                                                        "Startup Cost": 30005271680.63,
                                                                                                                        "Total Cost": 30005271680.63,
                                                                                                                        "Plan Rows": 5,
                                                                                                                        "Plan Width": 49,
                                                                                                                        "Actual Startup Time": 11338.205,
                                                                                                                        "Actual Total Time": 11338.211,
                                                                                                                        "Actual Rows": 22,
                                                                                                                        "Actual Loops": 4,
                                                                                                                        "Output": [
                                                                                                                            "chn.name",
                                                                                                                            "ci.movie_id",
                                                                                                                            "ci.person_id",
                                                                                                                            "ci.role_id",
                                                                                                                            "t.title",
                                                                                                                            "t.id"
                                                                                                                        ],
                                                                                                                        "Hash Buckets": 1024,
                                                                                                                        "Original Hash Buckets": 1024,
                                                                                                                        "Hash Batches": 1,
                                                                                                                        "Original Hash Batches": 1,
                                                                                                                        "Peak Memory Usage": 136,
                                                                                                                        "Workers": [
                                                                                                                            {
                                                                                                                                "Worker Number": 0,
                                                                                                                                "Actual Startup Time": 11338.219,
                                                                                                                                "Actual Total Time": 11338.224,
                                                                                                                                "Actual Rows": 22,
                                                                                                                                "Actual Loops": 1
                                                                                                                            },
                                                                                                                            {
                                                                                                                                "Worker Number": 1,
                                                                                                                                "Actual Startup Time": 11338.251,
                                                                                                                                "Actual Total Time": 11338.256,
                                                                                                                                "Actual Rows": 36,
                                                                                                                                "Actual Loops": 1
                                                                                                                            },
                                                                                                                            {
                                                                                                                                "Worker Number": 2,
                                                                                                                                "Actual Startup Time": 11338.084,
                                                                                                                                "Actual Total Time": 11338.09,
                                                                                                                                "Actual Rows": 17,
                                                                                                                                "Actual Loops": 1
                                                                                                                            }
                                                                                                                        ],
                                                                                                                        "Plans": [
                                                                                                                            {
                                                                                                                                "Node Type": "Merge Join",
                                                                                                                                "Parent Relationship": "Outer",
                                                                                                                                "Parallel Aware": false,
                                                                                                                                "Join Type": "Inner",
                                                                                                                                "Startup Cost": 30005267475.18,
                                                                                                                                "Total Cost": 30005271680.63,
                                                                                                                                "Plan Rows": 5,
                                                                                                                                "Plan Width": 49,
                                                                                                                                "Actual Startup Time": 10760.236,
                                                                                                                                "Actual Total Time": 10780.807,
                                                                                                                                "Actual Rows": 22,
                                                                                                                                "Actual Loops": 4,
                                                                                                                                "Output": [
                                                                                                                                    "chn.name",
                                                                                                                                    "ci.movie_id",
                                                                                                                                    "ci.person_id",
                                                                                                                                    "ci.role_id",
                                                                                                                                    "t.title",
                                                                                                                                    "t.id"
                                                                                                                                ],
                                                                                                                                "Inner Unique": false,
                                                                                                                                "Merge Cond": "(t.id = ci.movie_id)",
                                                                                                                                "Workers": [
                                                                                                                                    {
                                                                                                                                        "Worker Number": 0,
                                                                                                                                        "Actual Startup Time": 10948.49,
                                                                                                                                        "Actual Total Time": 10948.503,
                                                                                                                                        "Actual Rows": 22,
                                                                                                                                        "Actual Loops": 1
                                                                                                                                    },
                                                                                                                                    {
                                                                                                                                        "Worker Number": 1,
                                                                                                                                        "Actual Startup Time": 10332.529,
                                                                                                                                        "Actual Total Time": 10414.771,
                                                                                                                                        "Actual Rows": 36,
                                                                                                                                        "Actual Loops": 1
                                                                                                                                    },
                                                                                                                                    {
                                                                                                                                        "Worker Number": 2,
                                                                                                                                        "Actual Startup Time": 11337.942,
                                                                                                                                        "Actual Total Time": 11337.953,
                                                                                                                                        "Actual Rows": 17,
                                                                                                                                        "Actual Loops": 1
                                                                                                                                    }
                                                                                                                                ],
                                                                                                                                "Plans": [
                                                                                                                                    {
                                                                                                                                        "Node Type": "Sort",
                                                                                                                                        "Parent Relationship": "Outer",
                                                                                                                                        "Parallel Aware": false,
                                                                                                                                        "Startup Cost": 10000045479.53,
                                                                                                                                        "Total Cost": 10000045479.57,
                                                                                                                                        "Plan Rows": 16,
                                                                                                                                        "Plan Width": 21,
                                                                                                                                        "Actual Startup Time": 102.105,
                                                                                                                                        "Actual Total Time": 102.11,
                                                                                                                                        "Actual Rows": 2,
                                                                                                                                        "Actual Loops": 4,
                                                                                                                                        "Output": [
                                                                                                                                            "t.title",
                                                                                                                                            "t.id"
                                                                                                                                        ],
                                                                                                                                        "Sort Key": [
                                                                                                                                            "t.id"
                                                                                                                                        ],
                                                                                                                                        "Sort Method": "quicksort",
                                                                                                                                        "Sort Space Used": 25,
                                                                                                                                        "Sort Space Type": "Memory",
                                                                                                                                        "Workers": [
                                                                                                                                            {
                                                                                                                                                "Worker Number": 0,
                                                                                                                                                "Actual Startup Time": 102.085,
                                                                                                                                                "Actual Total Time": 102.089,
                                                                                                                                                "Actual Rows": 2,
                                                                                                                                                "Actual Loops": 1
                                                                                                                                            },
                                                                                                                                            {
                                                                                                                                                "Worker Number": 1,
                                                                                                                                                "Actual Startup Time": 102.122,
                                                                                                                                                "Actual Total Time": 102.131,
                                                                                                                                                "Actual Rows": 3,
                                                                                                                                                "Actual Loops": 1
                                                                                                                                            },
                                                                                                                                            {
                                                                                                                                                "Worker Number": 2,
                                                                                                                                                "Actual Startup Time": 102.105,
                                                                                                                                                "Actual Total Time": 102.107,
                                                                                                                                                "Actual Rows": 1,
                                                                                                                                                "Actual Loops": 1
                                                                                                                                            }
                                                                                                                                        ],
                                                                                                                                        "Plans": [
                                                                                                                                            {
                                                                                                                                                "Node Type": "Seq Scan",
                                                                                                                                                "Parent Relationship": "Outer",
                                                                                                                                                "Parallel Aware": true,
                                                                                                                                                "Relation Name": "title",
                                                                                                                                                "Schema": "public",
                                                                                                                                                "Alias": "t",
                                                                                                                                                "Startup Cost": 10000000000.0,
                                                                                                                                                "Total Cost": 10000045479.21,
                                                                                                                                                "Plan Rows": 16,
                                                                                                                                                "Plan Width": 21,
                                                                                                                                                "Actual Startup Time": 41.015,
                                                                                                                                                "Actual Total Time": 102.054,
                                                                                                                                                "Actual Rows": 2,
                                                                                                                                                "Actual Loops": 4,
                                                                                                                                                "Output": [
                                                                                                                                                    "t.title",
                                                                                                                                                    "t.id"
                                                                                                                                                ],
                                                                                                                                                "Filter": "((t.title ~~ 'Kung Fu Panda%'::text) AND (t.production_year > 2008))",
                                                                                                                                                "Rows Removed by Filter": 632076,
                                                                                                                                                "Workers": [
                                                                                                                                                    {
                                                                                                                                                        "Worker Number": 0,
                                                                                                                                                        "Actual Startup Time": 27.244,
                                                                                                                                                        "Actual Total Time": 102.024,
                                                                                                                                                        "Actual Rows": 2,
                                                                                                                                                        "Actual Loops": 1
                                                                                                                                                    },
                                                                                                                                                    {
                                                                                                                                                        "Worker Number": 1,
                                                                                                                                                        "Actual Startup Time": 23.58,
                                                                                                                                                        "Actual Total Time": 102.063,
                                                                                                                                                        "Actual Rows": 3,
                                                                                                                                                        "Actual Loops": 1
                                                                                                                                                    },
                                                                                                                                                    {
                                                                                                                                                        "Worker Number": 2,
                                                                                                                                                        "Actual Startup Time": 83.784,
                                                                                                                                                        "Actual Total Time": 102.042,
                                                                                                                                                        "Actual Rows": 1,
                                                                                                                                                        "Actual Loops": 1
                                                                                                                                                    }
                                                                                                                                                ]
                                                                                                                                            }
                                                                                                                                        ]
                                                                                                                                    },
                                                                                                                                    {
                                                                                                                                        "Node Type": "Sort",
                                                                                                                                        "Parent Relationship": "Inner",
                                                                                                                                        "Parallel Aware": false,
                                                                                                                                        "Startup Cost": 20005221995.65,
                                                                                                                                        "Total Cost": 20005224098.31,
                                                                                                                                        "Plan Rows": 841064,
                                                                                                                                        "Plan Width": 28,
                                                                                                                                        "Actual Startup Time": 10558.415,
                                                                                                                                        "Actual Total Time": 10620.537,
                                                                                                                                        "Actual Rows": 703568,
                                                                                                                                        "Actual Loops": 4,
                                                                                                                                        "Output": [
                                                                                                                                            "chn.name",
                                                                                                                                            "ci.movie_id",
                                                                                                                                            "ci.person_id",
                                                                                                                                            "ci.role_id"
                                                                                                                                        ],
                                                                                                                                        "Sort Key": [
                                                                                                                                            "ci.movie_id"
                                                                                                                                        ],
                                                                                                                                        "Sort Method": "quicksort",
                                                                                                                                        "Sort Space Used": 86712,
                                                                                                                                        "Sort Space Type": "Memory",
                                                                                                                                        "Workers": [
                                                                                                                                            {
                                                                                                                                                "Worker Number": 0,
                                                                                                                                                "Actual Startup Time": 10729.626,
                                                                                                                                                "Actual Total Time": 10789.715,
                                                                                                                                                "Actual Rows": 703573,
                                                                                                                                                "Actual Loops": 1
                                                                                                                                            },
                                                                                                                                            {
                                                                                                                                                "Worker Number": 1,
                                                                                                                                                "Actual Startup Time": 10195.579,
                                                                                                                                                "Actual Total Time": 10255.959,
                                                                                                                                                "Actual Rows": 703539,
                                                                                                                                                "Actual Loops": 1
                                                                                                                                            },
                                                                                                                                            {
                                                                                                                                                "Worker Number": 2,
                                                                                                                                                "Actual Startup Time": 11115.765,
                                                                                                                                                "Actual Total Time": 11177.504,
                                                                                                                                                "Actual Rows": 703611,
                                                                                                                                                "Actual Loops": 1
                                                                                                                                            }
                                                                                                                                        ],
                                                                                                                                        "Plans": [
                                                                                                                                            {
                                                                                                                                                "Node Type": "Nested Loop",
                                                                                                                                                "Parent Relationship": "Outer",
                                                                                                                                                "Parallel Aware": false,
                                                                                                                                                "Join Type": "Inner",
                                                                                                                                                "Startup Cost": 20000000001.06,
                                                                                                                                                "Total Cost": 20005139227.15,
                                                                                                                                                "Plan Rows": 841064,
                                                                                                                                                "Plan Width": 28,
                                                                                                                                                "Actual Startup Time": 0.109,
                                                                                                                                                "Actual Total Time": 10091.258,
                                                                                                                                                "Actual Rows": 801259,
                                                                                                                                                "Actual Loops": 4,
                                                                                                                                                "Output": [
                                                                                                                                                    "chn.name",
                                                                                                                                                    "ci.movie_id",
                                                                                                                                                    "ci.person_id",
                                                                                                                                                    "ci.role_id"
                                                                                                                                                ],
                                                                                                                                                "Inner Unique": true,
                                                                                                                                                "Workers": [
                                                                                                                                                    {
                                                                                                                                                        "Worker Number": 0,
                                                                                                                                                        "Actual Startup Time": 0.131,
                                                                                                                                                        "Actual Total Time": 10236.572,
                                                                                                                                                        "Actual Rows": 801259,
                                                                                                                                                        "Actual Loops": 1
                                                                                                                                                    },
                                                                                                                                                    {
                                                                                                                                                        "Worker Number": 1,
                                                                                                                                                        "Actual Startup Time": 0.124,
                                                                                                                                                        "Actual Total Time": 9735.442,
                                                                                                                                                        "Actual Rows": 801259,
                                                                                                                                                        "Actual Loops": 1
                                                                                                                                                    },
                                                                                                                                                    {
                                                                                                                                                        "Worker Number": 2,
                                                                                                                                                        "Actual Startup Time": 0.114,
                                                                                                                                                        "Actual Total Time": 10600.268,
                                                                                                                                                        "Actual Rows": 801259,
                                                                                                                                                        "Actual Loops": 1
                                                                                                                                                    }
                                                                                                                                                ],
                                                                                                                                                "Plans": [
                                                                                                                                                    {
                                                                                                                                                        "Node Type": "Index Scan",
                                                                                                                                                        "Parent Relationship": "Outer",
                                                                                                                                                        "Parallel Aware": false,
                                                                                                                                                        "Scan Direction": "Forward",
                                                                                                                                                        "Index Name": "role_id_cast_info",
                                                                                                                                                        "Relation Name": "cast_info",
                                                                                                                                                        "Schema": "public",
                                                                                                                                                        "Alias": "ci",
                                                                                                                                                        "Startup Cost": 10000000000.57,
                                                                                                                                                        "Total Cost": 10001351338.09,
                                                                                                                                                        "Plan Rows": 841064,
                                                                                                                                                        "Plan Width": 16,
                                                                                                                                                        "Actual Startup Time": 0.059,
                                                                                                                                                        "Actual Total Time": 5503.003,
                                                                                                                                                        "Actual Rows": 867477,
                                                                                                                                                        "Actual Loops": 4,
                                                                                                                                                        "Output": [
                                                                                                                                                            "ci.id",
                                                                                                                                                            "ci.person_id",
                                                                                                                                                            "ci.movie_id",
                                                                                                                                                            "ci.person_role_id",
                                                                                                                                                            "ci.note",
                                                                                                                                                            "ci.nr_order",
                                                                                                                                                            "ci.role_id"
                                                                                                                                                        ],
                                                                                                                                                        "Filter": "(ci.note = ANY ('{(voice),\"(voice: Japanese version)\",\"(voice) (uncredited)\",\"(voice: English version)\"}'::text[]))",
                                                                                                                                                        "Rows Removed by Filter": 35376867,
                                                                                                                                                        "Workers": [
                                                                                                                                                            {
                                                                                                                                                                "Worker Number": 0,
                                                                                                                                                                "Actual Startup Time": 0.074,
                                                                                                                                                                "Actual Total Time": 5562.459,
                                                                                                                                                                "Actual Rows": 867477,
                                                                                                                                                                "Actual Loops": 1
                                                                                                                                                            },
                                                                                                                                                            {
                                                                                                                                                                "Worker Number": 1,
                                                                                                                                                                "Actual Startup Time": 0.068,
                                                                                                                                                                "Actual Total Time": 5342.659,
                                                                                                                                                                "Actual Rows": 867477,
                                                                                                                                                                "Actual Loops": 1
                                                                                                                                                            },
                                                                                                                                                            {
                                                                                                                                                                "Worker Number": 2,
                                                                                                                                                                "Actual Startup Time": 0.061,
                                                                                                                                                                "Actual Total Time": 5784.21,
                                                                                                                                                                "Actual Rows": 867477,
                                                                                                                                                                "Actual Loops": 1
                                                                                                                                                            }
                                                                                                                                                        ]
                                                                                                                                                    },
                                                                                                                                                    {
                                                                                                                                                        "Node Type": "Bitmap Heap Scan",
                                                                                                                                                        "Parent Relationship": "Inner",
                                                                                                                                                        "Parallel Aware": false,
                                                                                                                                                        "Relation Name": "char_name",
                                                                                                                                                        "Schema": "public",
                                                                                                                                                        "Alias": "chn",
                                                                                                                                                        "Startup Cost": 0.49,
                                                                                                                                                        "Total Cost": 4.5,
                                                                                                                                                        "Plan Rows": 1,
                                                                                                                                                        "Plan Width": 20,
                                                                                                                                                        "Actual Startup Time": 0.003,
                                                                                                                                                        "Actual Total Time": 0.003,
                                                                                                                                                        "Actual Rows": 1,
                                                                                                                                                        "Actual Loops": 3469908,
                                                                                                                                                        "Output": [
                                                                                                                                                            "chn.id",
                                                                                                                                                            "chn.name",
                                                                                                                                                            "chn.imdb_index",
                                                                                                                                                            "chn.imdb_id",
                                                                                                                                                            "chn.name_pcode_nf",
                                                                                                                                                            "chn.surname_pcode",
                                                                                                                                                            "chn.md5sum"
                                                                                                                                                        ],
                                                                                                                                                        "Recheck Cond": "(chn.id = ci.person_role_id)",
                                                                                                                                                        "Rows Removed by Index Recheck": 0,
                                                                                                                                                        "Exact Heap Blocks": 801259,
                                                                                                                                                        "Lossy Heap Blocks": 0,
                                                                                                                                                        "Workers": [
                                                                                                                                                            {
                                                                                                                                                                "Worker Number": 0,
                                                                                                                                                                "Actual Startup Time": 0.003,
                                                                                                                                                                "Actual Total Time": 0.003,
                                                                                                                                                                "Actual Rows": 1,
                                                                                                                                                                "Actual Loops": 867477
                                                                                                                                                            },
                                                                                                                                                            {
                                                                                                                                                                "Worker Number": 1,
                                                                                                                                                                "Actual Startup Time": 0.003,
                                                                                                                                                                "Actual Total Time": 0.003,
                                                                                                                                                                "Actual Rows": 1,
                                                                                                                                                                "Actual Loops": 867477
                                                                                                                                                            },
                                                                                                                                                            {
                                                                                                                                                                "Worker Number": 2,
                                                                                                                                                                "Actual Startup Time": 0.003,
                                                                                                                                                                "Actual Total Time": 0.003,
                                                                                                                                                                "Actual Rows": 1,
                                                                                                                                                                "Actual Loops": 867477
                                                                                                                                                            }
                                                                                                                                                        ],
                                                                                                                                                        "Plans": [
                                                                                                                                                            {
                                                                                                                                                                "Node Type": "Bitmap Index Scan",
                                                                                                                                                                "Parent Relationship": "Outer",
                                                                                                                                                                "Parallel Aware": false,
                                                                                                                                                                "Index Name": "char_name_pkey",
                                                                                                                                                                "Startup Cost": 0.0,
                                                                                                                                                                "Total Cost": 0.49,
                                                                                                                                                                "Plan Rows": 1,
                                                                                                                                                                "Plan Width": 0,
                                                                                                                                                                "Actual Startup Time": 0.002,
                                                                                                                                                                "Actual Total Time": 0.002,
                                                                                                                                                                "Actual Rows": 1,
                                                                                                                                                                "Actual Loops": 3469908,
                                                                                                                                                                "Index Cond": "(chn.id = ci.person_role_id)",
                                                                                                                                                                "Workers": [
                                                                                                                                                                    {
                                                                                                                                                                        "Worker Number": 0,
                                                                                                                                                                        "Actual Startup Time": 0.002,
                                                                                                                                                                        "Actual Total Time": 0.002,
                                                                                                                                                                        "Actual Rows": 1,
                                                                                                                                                                        "Actual Loops": 867477
                                                                                                                                                                    },
                                                                                                                                                                    {
                                                                                                                                                                        "Worker Number": 1,
                                                                                                                                                                        "Actual Startup Time": 0.002,
                                                                                                                                                                        "Actual Total Time": 0.002,
                                                                                                                                                                        "Actual Rows": 1,
                                                                                                                                                                        "Actual Loops": 867477
                                                                                                                                                                    },
                                                                                                                                                                    {
                                                                                                                                                                        "Worker Number": 2,
                                                                                                                                                                        "Actual Startup Time": 0.002,
                                                                                                                                                                        "Actual Total Time": 0.002,
                                                                                                                                                                        "Actual Rows": 1,
                                                                                                                                                                        "Actual Loops": 867477
                                                                                                                                                                    }
                                                                                                                                                                ]
                                                                                                                                                            }
                                                                                                                                                        ]
                                                                                                                                                    }
                                                                                                                                                ]
                                                                                                                                            }
                                                                                                                                        ]
                                                                                                                                    }
                                                                                                                                ]
                                                                                                                            }
                                                                                                                        ]
                                                                                                                    }
                                                                                                                ]
                                                                                                            },
                                                                                                            {
                                                                                                                "Node Type": "Hash",
                                                                                                                "Parent Relationship": "Inner",
                                                                                                                "Parallel Aware": true,
                                                                                                                "Startup Cost": 910145.77,
                                                                                                                "Total Cost": 910145.77,
                                                                                                                "Plan Rows": 61311,
                                                                                                                "Plan Width": 8,
                                                                                                                "Actual Startup Time": 1304.549,
                                                                                                                "Actual Total Time": 1304.55,
                                                                                                                "Actual Rows": 75312,
                                                                                                                "Actual Loops": 4,
                                                                                                                "Output": [
                                                                                                                    "mi.movie_id",
                                                                                                                    "mi.info_type_id"
                                                                                                                ],
                                                                                                                "Hash Buckets": 524288,
                                                                                                                "Original Hash Buckets": 524288,
                                                                                                                "Hash Batches": 1,
                                                                                                                "Original Hash Batches": 1,
                                                                                                                "Peak Memory Usage": 15936,
                                                                                                                "Workers": [
                                                                                                                    {
                                                                                                                        "Worker Number": 0,
                                                                                                                        "Actual Startup Time": 1305.125,
                                                                                                                        "Actual Total Time": 1305.126,
                                                                                                                        "Actual Rows": 76420,
                                                                                                                        "Actual Loops": 1
                                                                                                                    },
                                                                                                                    {
                                                                                                                        "Worker Number": 1,
                                                                                                                        "Actual Startup Time": 1305.221,
                                                                                                                        "Actual Total Time": 1305.222,
                                                                                                                        "Actual Rows": 71518,
                                                                                                                        "Actual Loops": 1
                                                                                                                    },
                                                                                                                    {
                                                                                                                        "Worker Number": 2,
                                                                                                                        "Actual Startup Time": 1302.611,
                                                                                                                        "Actual Total Time": 1302.612,
                                                                                                                        "Actual Rows": 70811,
                                                                                                                        "Actual Loops": 1
                                                                                                                    }
                                                                                                                ],
                                                                                                                "Plans": [
                                                                                                                    {
                                                                                                                        "Node Type": "Index Scan",
                                                                                                                        "Parent Relationship": "Outer",
                                                                                                                        "Parallel Aware": true,
                                                                                                                        "Scan Direction": "Forward",
                                                                                                                        "Index Name": "info_type_id_movie_info",
                                                                                                                        "Relation Name": "movie_info",
                                                                                                                        "Schema": "public",
                                                                                                                        "Alias": "mi",
                                                                                                                        "Startup Cost": 0.43,
                                                                                                                        "Total Cost": 910145.77,
                                                                                                                        "Plan Rows": 61311,
                                                                                                                        "Plan Width": 8,
                                                                                                                        "Actual Startup Time": 396.423,
                                                                                                                        "Actual Total Time": 1268.599,
                                                                                                                        "Actual Rows": 75312,
                                                                                                                        "Actual Loops": 4,
                                                                                                                        "Output": [
                                                                                                                            "mi.movie_id",
                                                                                                                            "mi.info_type_id"
                                                                                                                        ],
                                                                                                                        "Filter": "((mi.info IS NOT NULL) AND ((mi.info ~~ 'Japan:%201%'::text) OR (mi.info ~~ 'USA:%201%'::text)))",
                                                                                                                        "Rows Removed by Filter": 3633618,
                                                                                                                        "Workers": [
                                                                                                                            {
                                                                                                                                "Worker Number": 0,
                                                                                                                                "Actual Startup Time": 769.317,
                                                                                                                                "Actual Total Time": 1269.771,
                                                                                                                                "Actual Rows": 76420,
                                                                                                                                "Actual Loops": 1
                                                                                                                            },
                                                                                                                            {
                                                                                                                                "Worker Number": 1,
                                                                                                                                "Actual Startup Time": 21.602,
                                                                                                                                "Actual Total Time": 1267.174,
                                                                                                                                "Actual Rows": 71518,
                                                                                                                                "Actual Loops": 1
                                                                                                                            },
                                                                                                                            {
                                                                                                                                "Worker Number": 2,
                                                                                                                                "Actual Startup Time": 25.366,
                                                                                                                                "Actual Total Time": 1271.253,
                                                                                                                                "Actual Rows": 70811,
                                                                                                                                "Actual Loops": 1
                                                                                                                            }
                                                                                                                        ]
                                                                                                                    }
                                                                                                                ]
                                                                                                            }
                                                                                                        ]
                                                                                                    },
                                                                                                    {
                                                                                                        "Node Type": "Hash",
                                                                                                        "Parent Relationship": "Inner",
                                                                                                        "Parallel Aware": true,
                                                                                                        "Startup Cost": 65906.29,
                                                                                                        "Total Cost": 65906.29,
                                                                                                        "Plan Rows": 290756,
                                                                                                        "Plan Width": 4,
                                                                                                        "Actual Startup Time": 209.242,
                                                                                                        "Actual Total Time": 209.243,
                                                                                                        "Actual Rows": 225336,
                                                                                                        "Actual Loops": 4,
                                                                                                        "Output": [
                                                                                                            "an.person_id"
                                                                                                        ],
                                                                                                        "Hash Buckets": 1048576,
                                                                                                        "Original Hash Buckets": 1048576,
                                                                                                        "Hash Batches": 1,
                                                                                                        "Original Hash Batches": 1,
                                                                                                        "Peak Memory Usage": 43488,
                                                                                                        "Workers": [
                                                                                                            {
                                                                                                                "Worker Number": 0,
                                                                                                                "Actual Startup Time": 208.216,
                                                                                                                "Actual Total Time": 208.217,
                                                                                                                "Actual Rows": 217376,
                                                                                                                "Actual Loops": 1
                                                                                                            },
                                                                                                            {
                                                                                                                "Worker Number": 1,
                                                                                                                "Actual Startup Time": 208.52,
                                                                                                                "Actual Total Time": 208.521,
                                                                                                                "Actual Rows": 209253,
                                                                                                                "Actual Loops": 1
                                                                                                            },
                                                                                                            {
                                                                                                                "Worker Number": 2,
                                                                                                                "Actual Startup Time": 209.033,
                                                                                                                "Actual Total Time": 209.033,
                                                                                                                "Actual Rows": 215929,
                                                                                                                "Actual Loops": 1
                                                                                                            }
                                                                                                        ],
                                                                                                        "Plans": [
                                                                                                            {
                                                                                                                "Node Type": "Index Scan",
                                                                                                                "Parent Relationship": "Outer",
                                                                                                                "Parallel Aware": true,
                                                                                                                "Scan Direction": "Forward",
                                                                                                                "Index Name": "person_id_aka_name",
                                                                                                                "Relation Name": "aka_name",
                                                                                                                "Schema": "public",
                                                                                                                "Alias": "an",
                                                                                                                "Startup Cost": 0.42,
                                                                                                                "Total Cost": 65906.29,
                                                                                                                "Plan Rows": 290756,
                                                                                                                "Plan Width": 4,
                                                                                                                "Actual Startup Time": 0.093,
                                                                                                                "Actual Total Time": 122.482,
                                                                                                                "Actual Rows": 225336,
                                                                                                                "Actual Loops": 4,
                                                                                                                "Output": [
                                                                                                                    "an.person_id"
                                                                                                                ],
                                                                                                                "Workers": [
                                                                                                                    {
                                                                                                                        "Worker Number": 0,
                                                                                                                        "Actual Startup Time": 0.131,
                                                                                                                        "Actual Total Time": 124.011,
                                                                                                                        "Actual Rows": 217376,
                                                                                                                        "Actual Loops": 1
                                                                                                                    },
                                                                                                                    {
                                                                                                                        "Worker Number": 1,
                                                                                                                        "Actual Startup Time": 0.073,
                                                                                                                        "Actual Total Time": 120.435,
                                                                                                                        "Actual Rows": 209253,
                                                                                                                        "Actual Loops": 1
                                                                                                                    },
                                                                                                                    {
                                                                                                                        "Worker Number": 2,
                                                                                                                        "Actual Startup Time": 0.148,
                                                                                                                        "Actual Total Time": 124.398,
                                                                                                                        "Actual Rows": 215929,
                                                                                                                        "Actual Loops": 1
                                                                                                                    }
                                                                                                                ]
                                                                                                            }
                                                                                                        ]
                                                                                                    }
                                                                                                ]
                                                                                            },
                                                                                            {
                                                                                                "Node Type": "Bitmap Heap Scan",
                                                                                                "Parent Relationship": "Inner",
                                                                                                "Parallel Aware": false,
                                                                                                "Relation Name": "name",
                                                                                                "Schema": "public",
                                                                                                "Alias": "n",
                                                                                                "Startup Cost": 0.5,
                                                                                                "Total Cost": 4.52,
                                                                                                "Plan Rows": 1,
                                                                                                "Plan Width": 19,
                                                                                                "Actual Startup Time": 0.004,
                                                                                                "Actual Total Time": 0.004,
                                                                                                "Actual Rows": 0,
                                                                                                "Actual Loops": 7407,
                                                                                                "Output": [
                                                                                                    "n.id",
                                                                                                    "n.name",
                                                                                                    "n.imdb_index",
                                                                                                    "n.imdb_id",
                                                                                                    "n.gender",
                                                                                                    "n.name_pcode_cf",
                                                                                                    "n.name_pcode_nf",
                                                                                                    "n.surname_pcode",
                                                                                                    "n.md5sum"
                                                                                                ],
                                                                                                "Recheck Cond": "(n.id = an.person_id)",
                                                                                                "Rows Removed by Index Recheck": 0,
                                                                                                "Filter": "((n.name ~~ '%An%'::text) AND ((n.gender)::text = 'f'::text))",
                                                                                                "Rows Removed by Filter": 1,
                                                                                                "Exact Heap Blocks": 464,
                                                                                                "Lossy Heap Blocks": 0,
                                                                                                "Workers": [
                                                                                                    {
                                                                                                        "Worker Number": 1,
                                                                                                        "Actual Startup Time": 0.004,
                                                                                                        "Actual Total Time": 0.004,
                                                                                                        "Actual Rows": 0,
                                                                                                        "Actual Loops": 1425
                                                                                                    },
                                                                                                    {
                                                                                                        "Worker Number": 2,
                                                                                                        "Actual Startup Time": 0.003,
                                                                                                        "Actual Total Time": 0.003,
                                                                                                        "Actual Rows": 0,
                                                                                                        "Actual Loops": 5518
                                                                                                    }
                                                                                                ],
                                                                                                "Plans": [
                                                                                                    {
                                                                                                        "Node Type": "Bitmap Index Scan",
                                                                                                        "Parent Relationship": "Outer",
                                                                                                        "Parallel Aware": false,
                                                                                                        "Index Name": "name_pkey",
                                                                                                        "Startup Cost": 0.0,
                                                                                                        "Total Cost": 0.5,
                                                                                                        "Plan Rows": 1,
                                                                                                        "Plan Width": 0,
                                                                                                        "Actual Startup Time": 0.002,
                                                                                                        "Actual Total Time": 0.002,
                                                                                                        "Actual Rows": 1,
                                                                                                        "Actual Loops": 7407,
                                                                                                        "Index Cond": "(n.id = an.person_id)",
                                                                                                        "Workers": [
                                                                                                            {
                                                                                                                "Worker Number": 1,
                                                                                                                "Actual Startup Time": 0.003,
                                                                                                                "Actual Total Time": 0.003,
                                                                                                                "Actual Rows": 1,
                                                                                                                "Actual Loops": 1425
                                                                                                            },
                                                                                                            {
                                                                                                                "Worker Number": 2,
                                                                                                                "Actual Startup Time": 0.002,
                                                                                                                "Actual Total Time": 0.002,
                                                                                                                "Actual Rows": 1,
                                                                                                                "Actual Loops": 5518
                                                                                                            }
                                                                                                        ]
                                                                                                    }
                                                                                                ]
                                                                                            }
                                                                                        ]
                                                                                    }
                                                                                ]
                                                                            },
                                                                            {
                                                                                "Node Type": "Bitmap Heap Scan",
                                                                                "Parent Relationship": "Inner",
                                                                                "Parallel Aware": false,
                                                                                "Relation Name": "movie_keyword",
                                                                                "Schema": "public",
                                                                                "Alias": "mk",
                                                                                "Startup Cost": 0.82,
                                                                                "Total Cost": 5.4,
                                                                                "Plan Rows": 46,
                                                                                "Plan Width": 8,
                                                                                "Actual Startup Time": 0.004,
                                                                                "Actual Total Time": 0.006,
                                                                                "Actual Rows": 42,
                                                                                "Actual Loops": 405,
                                                                                "Output": [
                                                                                    "mk.id",
                                                                                    "mk.movie_id",
                                                                                    "mk.keyword_id"
                                                                                ],
                                                                                "Recheck Cond": "(mk.movie_id = mc.movie_id)",
                                                                                "Rows Removed by Index Recheck": 0,
                                                                                "Exact Heap Blocks": 410,
                                                                                "Lossy Heap Blocks": 0,
                                                                                "Plans": [
                                                                                    {
                                                                                        "Node Type": "Bitmap Index Scan",
                                                                                        "Parent Relationship": "Outer",
                                                                                        "Parallel Aware": false,
                                                                                        "Index Name": "movie_id_movie_keyword",
                                                                                        "Startup Cost": 0.0,
                                                                                        "Total Cost": 0.81,
                                                                                        "Plan Rows": 46,
                                                                                        "Plan Width": 0,
                                                                                        "Actual Startup Time": 0.003,
                                                                                        "Actual Total Time": 0.003,
                                                                                        "Actual Rows": 42,
                                                                                        "Actual Loops": 405,
                                                                                        "Index Cond": "(mk.movie_id = mc.movie_id)"
                                                                                    }
                                                                                ]
                                                                            }
                                                                        ]
                                                                    }
                                                                ]
                                                            },
                                                            {
                                                                "Node Type": "Sort",
                                                                "Parent Relationship": "Inner",
                                                                "Parallel Aware": false,
                                                                "Startup Cost": 1.16,
                                                                "Total Cost": 1.16,
                                                                "Plan Rows": 1,
                                                                "Plan Width": 4,
                                                                "Actual Startup Time": 0.04,
                                                                "Actual Total Time": 0.73,
                                                                "Actual Rows": 1,
                                                                "Actual Loops": 1,
                                                                "Output": [
                                                                    "rt.id"
                                                                ],
                                                                "Sort Key": [
                                                                    "rt.id"
                                                                ],
                                                                "Sort Method": "quicksort",
                                                                "Sort Space Used": 25,
                                                                "Sort Space Type": "Memory",
                                                                "Plans": [
                                                                    {
                                                                        "Node Type": "Seq Scan",
                                                                        "Parent Relationship": "Outer",
                                                                        "Parallel Aware": false,
                                                                        "Relation Name": "role_type",
                                                                        "Schema": "public",
                                                                        "Alias": "rt",
                                                                        "Startup Cost": 0.0,
                                                                        "Total Cost": 1.15,
                                                                        "Plan Rows": 1,
                                                                        "Plan Width": 4,
                                                                        "Actual Startup Time": 0.013,
                                                                        "Actual Total Time": 0.015,
                                                                        "Actual Rows": 1,
                                                                        "Actual Loops": 1,
                                                                        "Output": [
                                                                            "rt.id"
                                                                        ],
                                                                        "Filter": "((rt.role)::text = 'actress'::text)",
                                                                        "Rows Removed by Filter": 11
                                                                    }
                                                                ]
                                                            }
                                                        ]
                                                    }
                                                ]
                                            }
                                        ]
                                    }
                                ]
                            }
                        ]
                    },
                    {
                        "Node Type": "Bitmap Heap Scan",
                        "Parent Relationship": "Inner",
                        "Parallel Aware": false,
                        "Relation Name": "company_name",
                        "Schema": "public",
                        "Alias": "cn",
                        "Startup Cost": 0.43,
                        "Total Cost": 4.45,
                        "Plan Rows": 1,
                        "Plan Width": 4,
                        "Actual Startup Time": 0.006,
                        "Actual Total Time": 0.006,
                        "Actual Rows": 0,
                        "Actual Loops": 10,
                        "Output": [
                            "cn.id",
                            "cn.name",
                            "cn.country_code",
                            "cn.imdb_id",
                            "cn.name_pcode_nf",
                            "cn.name_pcode_sf",
                            "cn.md5sum"
                        ],
                        "Recheck Cond": "(cn.id = mc.company_id)",
                        "Rows Removed by Index Recheck": 0,
                        "Filter": "(((cn.country_code)::text = '[us]'::text) AND (cn.name = 'NBC Universal Television'::text))",
                        "Rows Removed by Filter": 0,
                        "Exact Heap Blocks": 10,
                        "Lossy Heap Blocks": 0,
                        "Plans": [
                            {
                                "Node Type": "Bitmap Index Scan",
                                "Parent Relationship": "Outer",
                                "Parallel Aware": false,
                                "Index Name": "company_name_pkey",
                                "Startup Cost": 0.0,
                                "Total Cost": 0.43,
                                "Plan Rows": 1,
                                "Plan Width": 0,
                                "Actual Startup Time": 0.004,
                                "Actual Total Time": 0.004,
                                "Actual Rows": 1,
                                "Actual Loops": 10,
                                "Index Cond": "(cn.id = mc.company_id)"
                            }
                        ]
                    }
                ]
            }
        ]
    },
    "Planning Time": 57.526,
    "Triggers": [],
    "Execution Time": 13186.534
}