{
  "Plan": {
    "Node Type": "Aggregate",
    "Strategy": "Plain",
    "Partial Mode": "Finalize",
    "Parallel Aware": false,
    "Startup Cost": 341788.96,
    "Total Cost": 341788.97,
    "Plan Rows": 1,
    "Plan Width": 8,
    "Actual Startup Time": 1443.023,
    "Actual Total Time": 1500.403,
    "Actual Rows": 1,
    "Actual Loops": 1,
    "Plans": [
      {
        "Node Type": "Gather",
        "Parent Relationship": "Outer",
        "Parallel Aware": false,
        "Startup Cost": 341788.84,
        "Total Cost": 341788.95,
        "Plan Rows": 1,
        "Plan Width": 8,
        "Actual Startup Time": 1440.918,
        "Actual Total Time": 1500.391,
        "Actual Rows": 2,
        "Actual Loops": 1,
        "Workers Planned": 1,
        "Workers Launched": 1,
        "Single Copy": false,
        "Plans": [
          {
            "Node Type": "Aggregate",
            "Strategy": "Plain",
            "Partial Mode": "Partial",
            "Parent Relationship": "Outer",
            "Parallel Aware": false,
            "Startup Cost": 340788.84,
            "Total Cost": 340788.85,
            "Plan Rows": 1,
            "Plan Width": 8,
            "Actual Startup Time": 1435.527,
            "Actual Total Time": 1435.532,
            "Actual Rows": 1,
            "Actual Loops": 2,
            "Plans": [
              {
                "Node Type": "Hash Join",
                "Parent Relationship": "Outer",
                "Parallel Aware": true,
                "Join Type": "Inner",
                "Startup Cost": 58457.55,
                "Total Cost": 338864.13,
                "Plan Rows": 769884,
                "Plan Width": 0,
                "Actual Startup Time": 260.767,
                "Actual Total Time": 1404.841,
                "Actual Rows": 703344,
                "Actual Loops": 2,
                "Inner Unique": true,
                "Hash Cond": "(mi.movie_id = t.id)",
                "Plans": [
                  {
                    "Node Type": "Seq Scan",
                    "Parent Relationship": "Outer",
                    "Parallel Aware": true,
                    "Relation Name": "movie_info",
                    "Alias": "mi",
                    "Startup Cost": 0.0,
                    "Total Cost": 270696.42,
                    "Plan Rows": 3699105,
                    "Plan Width": 4,
                    "Actual Startup Time": 33.499,
                    "Actual Total Time": 706.837,
                    "Actual Rows": 3111747,
                    "Actual Loops": 2,
                    "Filter": "(info_type_id > 8)",
                    "Rows Removed by Filter": 4306113
                  },
                  {
                    "Node Type": "Hash",
                    "Parent Relationship": "Inner",
                    "Parallel Aware": true,
                    "Startup Cost": 54588.39,
                    "Total Cost": 54588.39,
                    "Plan Rows": 309533,
                    "Plan Width": 4,
                    "Actual Startup Time": 217.768,
                    "Actual Total Time": 217.768,
                    "Actual Rows": 269095,
                    "Actual Loops": 2,
                    "Hash Buckets": 1048576,
                    "Original Hash Buckets": 1048576,
                    "Hash Batches": 1,
                    "Original Hash Batches": 1,
                    "Peak Memory Usage": 29280,
                    "Plans": [
                      {
                        "Node Type": "Seq Scan",
                        "Parent Relationship": "Outer",
                        "Parallel Aware": true,
                        "Relation Name": "title",
                        "Alias": "t",
                        "Startup Cost": 0.0,
                        "Total Cost": 54588.39,
                        "Plan Rows": 309533,
                        "Plan Width": 4,
                        "Actual Startup Time": 0.035,
                        "Actual Total Time": 145.827,
                        "Actual Rows": 269095,
                        "Actual Loops": 2,
                        "Filter": "(production_year < 1982)",
                        "Rows Removed by Filter": 995061
                      }
                    ]
                  }
                ]
              }
            ]
          }
        ]
      }
    ]
  },
  "Planning Time": 0.578,
  "Triggers": [],
  "Execution Time": 1500.483
}