[
  {
    "Plan": {
      "Node Type": "Aggregate",
      "Strategy": "Plain",
      "Partial Mode": "Finalize",
      "Parallel Aware": false,
      "Startup Cost": 374638.01,
      "Total Cost": 374638.02,
      "Plan Rows": 1,
      "Plan Width": 96,
      "Actual Startup Time": 1860.384,
      "Actual Total Time": 1943.692,
      "Actual Rows": 1,
      "Actual Loops": 1,
      "Plans": [
        {
          "Node Type": "Gather",
          "Parent Relationship": "Outer",
          "Parallel Aware": false,
          "Startup Cost": 374637.57,
          "Total Cost": 374637.98,
          "Plan Rows": 4,
          "Plan Width": 96,
          "Actual Startup Time": 1858.108,
          "Actual Total Time": 1943.678,
          "Actual Rows": 5,
          "Actual Loops": 1,
          "Workers Planned": 4,
          "Workers Launched": 4,
          "Single Copy": false,
          "Plans": [
            {
              "Node Type": "Aggregate",
              "Strategy": "Plain",
              "Partial Mode": "Partial",
              "Parent Relationship": "Outer",
              "Parallel Aware": false,
              "Startup Cost": 373637.57,
              "Total Cost": 373637.58,
              "Plan Rows": 1,
              "Plan Width": 96,
              "Actual Startup Time": 1846.244,
              "Actual Total Time": 1846.411,
              "Actual Rows": 1,
              "Actual Loops": 5,
              "Plans": [
                {
                  "Node Type": "Hash Join",
                  "Parent Relationship": "Outer",
                  "Parallel Aware": false,
                  "Join Type": "Inner",
                  "Startup Cost": 328233.24,
                  "Total Cost": 373637.56,
                  "Plan Rows": 1,
                  "Plan Width": 42,
                  "Actual Startup Time": 1676.185,
                  "Actual Total Time": 1844.809,
                  "Actual Rows": 10200,
                  "Actual Loops": 5,
                  "Inner Unique": true,
                  "Hash Cond": "(t.kind_id = kt.id)",
                  "Plans": [
                    {
                      "Node Type": "Hash Join",
                      "Parent Relationship": "Outer",
                      "Parallel Aware": true,
                      "Join Type": "Inner",
                      "Startup Cost": 328232.12,
                      "Total Cost": 373636.45,
                      "Plan Rows": 1,
                      "Plan Width": 46,
                      "Actual Startup Time": 1674.303,
                      "Actual Total Time": 1842.061,
                      "Actual Rows": 11033,
                      "Actual Loops": 5,
                      "Inner Unique": false,
                      "Hash Cond": "(t.id = mi.movie_id)",
                      "Plans": [
                        {
                          "Node Type": "Seq Scan",
                          "Parent Relationship": "Outer",
                          "Parallel Aware": true,
                          "Relation Name": "title",
                          "Alias": "t",
                          "Startup Cost": 0.0,
                          "Total Cost": 43898.62,
                          "Plan Rows": 401520,
                          "Plan Width": 25,
                          "Actual Startup Time": 0.038,
                          "Actual Total Time": 113.138,
                          "Actual Rows": 321415,
                          "Actual Loops": 5,
                          "Filter": "(production_year > 1995)",
                          "Rows Removed by Filter": 184247
                        },
                        {
                          "Node Type": "Hash",
                          "Parent Relationship": "Inner",
                          "Parallel Aware": true,
                          "Startup Cost": 328232.11,
                          "Total Cost": 328232.11,
                          "Plan Rows": 1,
                          "Plan Width": 41,
                          "Actual Startup Time": 1671.147,
                          "Actual Total Time": 1671.311,
                          "Actual Rows": 13150,
                          "Actual Loops": 5,
                          "Hash Buckets": 65536,
                          "Original Hash Buckets": 1024,
                          "Hash Batches": 1,
                          "Original Hash Batches": 1,
                          "Peak Memory Usage": 6008,
                          "Plans": [
                            {
                              "Node Type": "Hash Join",
                              "Parent Relationship": "Outer",
                              "Parallel Aware": false,
                              "Join Type": "Inner",
                              "Startup Cost": 323231.33,
                              "Total Cost": 328232.11,
                              "Plan Rows": 1,
                              "Plan Width": 41,
                              "Actual Startup Time": 1637.071,
                              "Actual Total Time": 1658.031,
                              "Actual Rows": 13150,
                              "Actual Loops": 5,
                              "Inner Unique": true,
                              "Hash Cond": "(mc.company_type_id = ct.id)",
                              "Plans": [
                                {
                                  "Node Type": "Hash Join",
                                  "Parent Relationship": "Outer",
                                  "Parallel Aware": true,
                                  "Join Type": "Inner",
                                  "Startup Cost": 323230.24,
                                  "Total Cost": 328231.02,
                                  "Plan Rows": 1,
                                  "Plan Width": 45,
                                  "Actual Startup Time": 1636.956,
                                  "Actual Total Time": 1655.496,
                                  "Actual Rows": 13150,
                                  "Actual Loops": 5,
                                  "Inner Unique": false,
                                  "Hash Cond": "(cn.id = mc.company_id)",
                                  "Plans": [
                                    {
                                      "Node Type": "Seq Scan",
                                      "Parent Relationship": "Outer",
                                      "Parallel Aware": true,
                                      "Relation Name": "company_name",
                                      "Alias": "cn",
                                      "Startup Cost": 0.0,
                                      "Total Cost": 4722.92,
                                      "Plan Rows": 74093,
                                      "Plan Width": 23,
                                      "Actual Startup Time": 0.021,
                                      "Actual Total Time": 10.471,
                                      "Actual Rows": 25246,
                                      "Actual Loops": 5,
                                      "Filter": "((country_code)::text <> '[us]'::text)",
                                      "Rows Removed by Filter": 21753
                                    },
                                    {
                                      "Node Type": "Hash",
                                      "Parent Relationship": "Inner",
                                      "Parallel Aware": true,
                                      "Startup Cost": 323230.23,
                                      "Total Cost": 323230.23,
                                      "Plan Rows": 1,
                                      "Plan Width": 30,
                                      "Actual Startup Time": 1636.771,
                                      "Actual Total Time": 1636.929,
                                      "Actual Rows": 14170,
                                      "Actual Loops": 5,
                                      "Hash Buckets": 131072,
                                      "Original Hash Buckets": 1024,
                                      "Hash Batches": 1,
                                      "Original Hash Batches": 1,
                                      "Peak Memory Usage": 6552,
                                      "Plans": [
                                        {
                                          "Node Type": "Hash Join",
                                          "Parent Relationship": "Outer",
                                          "Parallel Aware": true,
                                          "Join Type": "Inner",
                                          "Startup Cost": 291636.77,
                                          "Total Cost": 323230.23,
                                          "Plan Rows": 1,
                                          "Plan Width": 30,
                                          "Actual Startup Time": 1490.813,
                                          "Actual Total Time": 1616.347,
                                          "Actual Rows": 14170,
                                          "Actual Loops": 5,
                                          "Inner Unique": false,
                                          "Hash Cond": "(mc.movie_id = mi.movie_id)",
                                          "Plans": [
                                            {
                                              "Node Type": "Seq Scan",
                                              "Parent Relationship": "Outer",
                                              "Parallel Aware": true,
                                              "Relation Name": "movie_companies",
                                              "Alias": "mc",
                                              "Startup Cost": 0.0,
                                              "Total Cost": 31414.82,
                                              "Plan Rows": 47635,
                                              "Plan Width": 12,
                                              "Actual Startup Time": 0.042,
                                              "Actual Total Time": 114.416,
                                              "Actual Rows": 60654,
                                              "Actual Loops": 5,
                                              "Filter": "((note !~~ '%(USA)%'::text) AND (note ~~ '%(200%)%'::text))",
                                              "Rows Removed by Filter": 461172
                                            },
                                            {
                                              "Node Type": "Hash",
                                              "Parent Relationship": "Inner",
                                              "Parallel Aware": true,
                                              "Startup Cost": 291636.76,
                                              "Total Cost": 291636.76,
                                              "Plan Rows": 1,
                                              "Plan Width": 18,
                                              "Actual Startup Time": 1489.919,
                                              "Actual Total Time": 1490.074,
                                              "Actual Rows": 4193,
                                              "Actual Loops": 5,
                                              "Hash Buckets": 32768,
                                              "Original Hash Buckets": 1024,
                                              "Hash Batches": 1,
                                              "Original Hash Batches": 1,
                                              "Peak Memory Usage": 1592,
                                              "Plans": [
                                                {
                                                  "Node Type": "Hash Join",
                                                  "Parent Relationship": "Outer",
                                                  "Parallel Aware": true,
                                                  "Join Type": "Inner",
                                                  "Startup Cost": 274975.46,
                                                  "Total Cost": 291636.76,
                                                  "Plan Rows": 1,
                                                  "Plan Width": 18,
                                                  "Actual Startup Time": 1367.904,
                                                  "Actual Total Time": 1460.304,
                                                  "Actual Rows": 4193,
                                                  "Actual Loops": 5,
                                                  "Inner Unique": false,
                                                  "Hash Cond": "(mi_idx.movie_id = mi.movie_id)",
                                                  "Plans": [
                                                    {
                                                      "Node Type": "Hash Join",
                                                      "Parent Relationship": "Outer",
                                                      "Parallel Aware": false,
                                                      "Join Type": "Inner",
                                                      "Startup Cost": 2.43,
                                                      "Total Cost": 16645.19,
                                                      "Plan Rows": 4939,
                                                      "Plan Width": 10,
                                                      "Actual Startup Time": 0.1,
                                                      "Actual Total Time": 78.674,
                                                      "Actual Rows": 90846,
                                                      "Actual Loops": 5,
                                                      "Inner Unique": true,
                                                      "Hash Cond": "(mi_idx.info_type_id = it2.id)",
                                                      "Plans": [
                                                        {
                                                          "Node Type": "Seq Scan",
                                                          "Parent Relationship": "Outer",
                                                          "Parallel Aware": true,
                                                          "Relation Name": "movie_info_idx",
                                                          "Alias": "mi_idx",
                                                          "Startup Cost": 0.0,
                                                          "Total Cost": 15122.68,
                                                          "Plan Rows": 558149,
                                                          "Plan Width": 14,
                                                          "Actual Startup Time": 0.025,
                                                          "Actual Total Time": 50.444,
                                                          "Actual Rows": 267527,
                                                          "Actual Loops": 5,
                                                          "Filter": "(info < '8.5'::text)",
                                                          "Rows Removed by Filter": 8480
                                                        },
                                                        {
                                                          "Node Type": "Hash",
                                                          "Parent Relationship": "Inner",
                                                          "Parallel Aware": false,
                                                          "Startup Cost": 2.41,
                                                          "Total Cost": 2.41,
                                                          "Plan Rows": 1,
                                                          "Plan Width": 4,
                                                          "Actual Startup Time": 0.03,
                                                          "Actual Total Time": 0.032,
                                                          "Actual Rows": 1,
                                                          "Actual Loops": 5,
                                                          "Hash Buckets": 1024,
                                                          "Original Hash Buckets": 1024,
                                                          "Hash Batches": 1,
                                                          "Original Hash Batches": 1,
                                                          "Peak Memory Usage": 9,
                                                          "Plans": [
                                                            {
                                                              "Node Type": "Seq Scan",
                                                              "Parent Relationship": "Outer",
                                                              "Parallel Aware": false,
                                                              "Relation Name": "info_type",
                                                              "Alias": "it2",
                                                              "Startup Cost": 0.0,
                                                              "Total Cost": 2.41,
                                                              "Plan Rows": 1,
                                                              "Plan Width": 4,
                                                              "Actual Startup Time": 0.021,
                                                              "Actual Total Time": 0.023,
                                                              "Actual Rows": 1,
                                                              "Actual Loops": 5,
                                                              "Filter": "((info)::text = 'rating'::text)",
                                                              "Rows Removed by Filter": 112
                                                            }
                                                          ]
                                                        }
                                                      ]
                                                    },
                                                    {
                                                      "Node Type": "Hash",
                                                      "Parent Relationship": "Inner",
                                                      "Parallel Aware": true,
                                                      "Startup Cost": 274973.02,
                                                      "Total Cost": 274973.02,
                                                      "Plan Rows": 1,
                                                      "Plan Width": 8,
                                                      "Actual Startup Time": 1367.079,
                                                      "Actual Total Time": 1367.225,
                                                      "Actual Rows": 4783,
                                                      "Actual Loops": 5,
                                                      "Hash Buckets": 32768,
                                                      "Original Hash Buckets": 1024,
                                                      "Hash Batches": 1,
                                                      "Original Hash Batches": 1,
                                                      "Peak Memory Usage": 1496,
                                                      "Plans": [
                                                        {
                                                          "Node Type": "Hash Join",
                                                          "Parent Relationship": "Outer",
                                                          "Parallel Aware": true,
                                                          "Join Type": "Inner",
                                                          "Startup Cost": 45842.77,
                                                          "Total Cost": 274973.02,
                                                          "Plan Rows": 1,
                                                          "Plan Width": 8,
                                                          "Actual Startup Time": 1096.169,
                                                          "Actual Total Time": 1330.634,
                                                          "Actual Rows": 4783,
                                                          "Actual Loops": 5,
                                                          "Inner Unique": false,
                                                          "Hash Cond": "(mi.movie_id = mk.movie_id)",
                                                          "Plans": [
                                                            {
                                                              "Node Type": "Hash Join",
                                                              "Parent Relationship": "Outer",
                                                              "Parallel Aware": false,
                                                              "Join Type": "Inner",
                                                              "Startup Cost": 2.43,
                                                              "Total Cost": 229128.31,
                                                              "Plan Rows": 1162,
                                                              "Plan Width": 4,
                                                              "Actual Startup Time": 817.027,
                                                              "Actual Total Time": 1031.689,
                                                              "Actual Rows": 122850,
                                                              "Actual Loops": 5,
                                                              "Inner Unique": true,
                                                              "Hash Cond": "(mi.info_type_id = it1.id)",
                                                              "Plans": [
                                                                {
                                                                  "Node Type": "Seq Scan",
                                                                  "Parent Relationship": "Outer",
                                                                  "Parallel Aware": true,
                                                                  "Relation Name": "movie_info",
                                                                  "Alias": "mi",
                                                                  "Startup Cost": 0.0,
                                                                  "Total Cost": 228768.14,
                                                                  "Plan Rows": 131357,
                                                                  "Plan Width": 8,
                                                                  "Actual Startup Time": 0.448,
                                                                  "Actual Total Time": 1007.071,
                                                                  "Actual Rows": 143242,
                                                                  "Actual Loops": 5,
                                                                  "Filter": "(info = ANY ('{Sweden,Norway,Germany,Denmark,Swedish,Danish,Norwegian,German,USA,American}'::text[]))",
                                                                  "Rows Removed by Filter": 2823902
                                                                },
                                                                {
                                                                  "Node Type": "Hash",
                                                                  "Parent Relationship": "Inner",
                                                                  "Parallel Aware": false,
                                                                  "Startup Cost": 2.41,
                                                                  "Total Cost": 2.41,
                                                                  "Plan Rows": 1,
                                                                  "Plan Width": 4,
                                                                  "Actual Startup Time": 0.06,
                                                                  "Actual Total Time": 0.061,
                                                                  "Actual Rows": 1,
                                                                  "Actual Loops": 5,
                                                                  "Hash Buckets": 1024,
                                                                  "Original Hash Buckets": 1024,
                                                                  "Hash Batches": 1,
                                                                  "Original Hash Batches": 1,
                                                                  "Peak Memory Usage": 9,
                                                                  "Plans": [
                                                                    {
                                                                      "Node Type": "Seq Scan",
                                                                      "Parent Relationship": "Outer",
                                                                      "Parallel Aware": false,
                                                                      "Relation Name": "info_type",
                                                                      "Alias": "it1",
                                                                      "Startup Cost": 0.0,
                                                                      "Total Cost": 2.41,
                                                                      "Plan Rows": 1,
                                                                      "Plan Width": 4,
                                                                      "Actual Startup Time": 0.046,
                                                                      "Actual Total Time": 0.054,
                                                                      "Actual Rows": 1,
                                                                      "Actual Loops": 5,
                                                                      "Filter": "((info)::text = 'countries'::text)",
                                                                      "Rows Removed by Filter": 112
                                                                    }
                                                                  ]
                                                                }
                                                              ]
                                                            },
                                                            {
                                                              "Node Type": "Hash",
                                                              "Parent Relationship": "Inner",
                                                              "Parallel Aware": true,
                                                              "Startup Cost": 45839.79,
                                                              "Total Cost": 45839.79,
                                                              "Plan Rows": 44,
                                                              "Plan Width": 4,
                                                              "Actual Startup Time": 278.698,
                                                              "Actual Total Time": 278.703,
                                                              "Actual Rows": 7418,
                                                              "Actual Loops": 5,
                                                              "Hash Buckets": 65536,
                                                              "Original Hash Buckets": 1024,
                                                              "Hash Batches": 1,
                                                              "Original Hash Batches": 1,
                                                              "Peak Memory Usage": 2616,
                                                              "Plans": [
                                                                {
                                                                  "Node Type": "Hash Join",
                                                                  "Parent Relationship": "Outer",
                                                                  "Parallel Aware": false,
                                                                  "Join Type": "Inner",
                                                                  "Startup Cost": 2961.6,
                                                                  "Total Cost": 45839.79,
                                                                  "Plan Rows": 44,
                                                                  "Plan Width": 4,
                                                                  "Actual Startup Time": 36.851,
                                                                  "Actual Total Time": 245.507,
                                                                  "Actual Rows": 7418,
                                                                  "Actual Loops": 5,
                                                                  "Inner Unique": true,
                                                                  "Hash Cond": "(mk.keyword_id = k.id)",
                                                                  "Plans": [
                                                                    {
                                                                      "Node Type": "Seq Scan",
                                                                      "Parent Relationship": "Outer",
                                                                      "Parallel Aware": true,
                                                                      "Relation Name": "movie_keyword",
                                                                      "Alias": "mk",
                                                                      "Startup Cost": 0.0,
                                                                      "Total Cost": 39047.32,
                                                                      "Plan Rows": 1459332,
                                                                      "Plan Width": 8,
                                                                      "Actual Startup Time": 0.061,
                                                                      "Actual Total Time": 123.089,
                                                                      "Actual Rows": 904786,
                                                                      "Actual Loops": 5
                                                                    },
                                                                    {
                                                                      "Node Type": "Hash",
                                                                      "Parent Relationship": "Inner",
                                                                      "Parallel Aware": false,
                                                                      "Startup Cost": 2961.55,
                                                                      "Total Cost": 2961.55,
                                                                      "Plan Rows": 4,
                                                                      "Plan Width": 4,
                                                                      "Actual Startup Time": 36.409,
                                                                      "Actual Total Time": 36.41,
                                                                      "Actual Rows": 3,
                                                                      "Actual Loops": 5,
                                                                      "Hash Buckets": 1024,
                                                                      "Original Hash Buckets": 1024,
                                                                      "Hash Batches": 1,
                                                                      "Original Hash Batches": 1,
                                                                      "Peak Memory Usage": 9,
                                                                      "Plans": [
                                                                        {
                                                                          "Node Type": "Seq Scan",
                                                                          "Parent Relationship": "Outer",
                                                                          "Parallel Aware": false,
                                                                          "Relation Name": "keyword",
                                                                          "Alias": "k",
                                                                          "Startup Cost": 0.0,
                                                                          "Total Cost": 2961.55,
                                                                          "Plan Rows": 4,
                                                                          "Plan Width": 4,
                                                                          "Actual Startup Time": 2.827,
                                                                          "Actual Total Time": 36.397,
                                                                          "Actual Rows": 3,
                                                                          "Actual Loops": 5,
                                                                          "Filter": "(keyword = ANY ('{murder,murder-in-title,blood,violence}'::text[]))",
                                                                          "Rows Removed by Filter": 134167
                                                                        }
                                                                      ]
                                                                    }
                                                                  ]
                                                                }
                                                              ]
                                                            }
                                                          ]
                                                        }
                                                      ]
                                                    }
                                                  ]
                                                }
                                              ]
                                            }
                                          ]
                                        }
                                      ]
                                    }
                                  ]
                                },
                                {
                                  "Node Type": "Hash",
                                  "Parent Relationship": "Inner",
                                  "Parallel Aware": false,
                                  "Startup Cost": 1.04,
                                  "Total Cost": 1.04,
                                  "Plan Rows": 4,
                                  "Plan Width": 4,
                                  "Actual Startup Time": 0.069,
                                  "Actual Total Time": 0.07,
                                  "Actual Rows": 4,
                                  "Actual Loops": 5,
                                  "Hash Buckets": 1024,
                                  "Original Hash Buckets": 1024,
                                  "Hash Batches": 1,
                                  "Original Hash Batches": 1,
                                  "Peak Memory Usage": 9,
                                  "Plans": [
                                    {
                                      "Node Type": "Seq Scan",
                                      "Parent Relationship": "Outer",
                                      "Parallel Aware": false,
                                      "Relation Name": "company_type",
                                      "Alias": "ct",
                                      "Startup Cost": 0.0,
                                      "Total Cost": 1.04,
                                      "Plan Rows": 4,
                                      "Plan Width": 4,
                                      "Actual Startup Time": 0.051,
                                      "Actual Total Time": 0.054,
                                      "Actual Rows": 4,
                                      "Actual Loops": 5
                                    }
                                  ]
                                }
                              ]
                            }
                          ]
                        }
                      ]
                    },
                    {
                      "Node Type": "Hash",
                      "Parent Relationship": "Inner",
                      "Parallel Aware": false,
                      "Startup Cost": 1.09,
                      "Total Cost": 1.09,
                      "Plan Rows": 2,
                      "Plan Width": 4,
                      "Actual Startup Time": 0.123,
                      "Actual Total Time": 0.124,
                      "Actual Rows": 2,
                      "Actual Loops": 5,
                      "Hash Buckets": 1024,
                      "Original Hash Buckets": 1024,
                      "Hash Batches": 1,
                      "Original Hash Batches": 1,
                      "Peak Memory Usage": 9,
                      "Plans": [
                        {
                          "Node Type": "Seq Scan",
                          "Parent Relationship": "Outer",
                          "Parallel Aware": false,
                          "Relation Name": "kind_type",
                          "Alias": "kt",
                          "Startup Cost": 0.0,
                          "Total Cost": 1.09,
                          "Plan Rows": 2,
                          "Plan Width": 4,
                          "Actual Startup Time": 0.096,
                          "Actual Total Time": 0.102,
                          "Actual Rows": 2,
                          "Actual Loops": 5,
                          "Filter": "((kind)::text = ANY ('{movie,episode}'::text[]))",
                          "Rows Removed by Filter": 5
                        }
                      ]
                    }
                  ]
                }
              ]
            }
          ]
        }
      ]
    },
    "Planning Time": 38.418,
    "Triggers": [],
    "Execution Time": 1944.171
  }
]