[
  {
    "Plan": {
      "Node Type": "Aggregate",
      "Strategy": "Plain",
      "Partial Mode": "Finalize",
      "Parallel Aware": false,
      "Startup Cost": 245195.62,
      "Total Cost": 245195.63,
      "Plan Rows": 1,
      "Plan Width": 8,
      "Actual Startup Time": 696.136,
      "Actual Total Time": 742.122,
      "Actual Rows": 1,
      "Actual Loops": 1,
      "Plans": [
        {
          "Node Type": "Gather",
          "Parent Relationship": "Outer",
          "Parallel Aware": false,
          "Startup Cost": 245195.1,
          "Total Cost": 245195.61,
          "Plan Rows": 5,
          "Plan Width": 8,
          "Actual Startup Time": 694.962,
          "Actual Total Time": 742.113,
          "Actual Rows": 6,
          "Actual Loops": 1,
          "Workers Planned": 5,
          "Workers Launched": 5,
          "Single Copy": false,
          "Plans": [
            {
              "Node Type": "Aggregate",
              "Strategy": "Plain",
              "Partial Mode": "Partial",
              "Parent Relationship": "Outer",
              "Parallel Aware": false,
              "Startup Cost": 244195.1,
              "Total Cost": 244195.11,
              "Plan Rows": 1,
              "Plan Width": 8,
              "Actual Startup Time": 684.621,
              "Actual Total Time": 684.624,
              "Actual Rows": 1,
              "Actual Loops": 6,
              "Plans": [
                {
                  "Node Type": "Hash Join",
                  "Parent Relationship": "Outer",
                  "Parallel Aware": true,
                  "Join Type": "Inner",
                  "Startup Cost": 44320.25,
                  "Total Cost": 243799.65,
                  "Plan Rows": 158178,
                  "Plan Width": 0,
                  "Actual Startup Time": 97.285,
                  "Actual Total Time": 672.618,
                  "Actual Rows": 271636,
                  "Actual Loops": 6,
                  "Inner Unique": true,
                  "Hash Cond": "(mi.movie_id = t.id)",
                  "Plans": [
                    {
                      "Node Type": "Seq Scan",
                      "Parent Relationship": "Outer",
                      "Parallel Aware": true,
                      "Relation Name": "movie_info",
                      "Alias": "mi",
                      "Startup Cost": 0.0,
                      "Total Cost": 191685.19,
                      "Plan Rows": 2969219,
                      "Plan Width": 4,
                      "Actual Startup Time": 0.025,
                      "Actual Total Time": 287.536,
                      "Actual Rows": 2472620,
                      "Actual Loops": 6
                    },
                    {
                      "Node Type": "Hash",
                      "Parent Relationship": "Inner",
                      "Parallel Aware": true,
                      "Startup Cost": 43899.32,
                      "Total Cost": 43899.32,
                      "Plan Rows": 33674,
                      "Plan Width": 4,
                      "Actual Startup Time": 89.486,
                      "Actual Total Time": 89.488,
                      "Actual Rows": 23889,
                      "Actual Loops": 6,
                      "Hash Buckets": 262144,
                      "Original Hash Buckets": 262144,
                      "Hash Batches": 1,
                      "Original Hash Batches": 1,
                      "Peak Memory Usage": 7744,
                      "Plans": [
                        {
                          "Node Type": "Seq Scan",
                          "Parent Relationship": "Outer",
                          "Parallel Aware": true,
                          "Relation Name": "title",
                          "Alias": "t",
                          "Startup Cost": 0.0,
                          "Total Cost": 43899.32,
                          "Plan Rows": 33674,
                          "Plan Width": 4,
                          "Actual Startup Time": 13.297,
                          "Actual Total Time": 80.927,
                          "Actual Rows": 23889,
                          "Actual Loops": 6,
                          "Filter": "(production_year < 1941)",
                          "Rows Removed by Filter": 397496
                        }
                      ]
                    }
                  ]
                }
              ]
            }
          ]
        }
      ]
    },
    "Planning Time": 0.599,
    "Triggers": [],
    "Execution Time": 742.214
  }
]