{
  "Plan": {
    "Node Type": "Aggregate",
    "Strategy": "Plain",
    "Partial Mode": "Finalize",
    "Parallel Aware": false,
    "Startup Cost": 98917.74,
    "Total Cost": 98917.75,
    "Plan Rows": 1,
    "Plan Width": 8,
    "Actual Startup Time": 307.568,
    "Actual Total Time": 322.218,
    "Actual Rows": 1,
    "Actual Loops": 1,
    "Plans": [
      {
        "Node Type": "Gather",
        "Parent Relationship": "Outer",
        "Parallel Aware": false,
        "Startup Cost": 98917.63,
        "Total Cost": 98917.74,
        "Plan Rows": 1,
        "Plan Width": 8,
        "Actual Startup Time": 307.317,
        "Actual Total Time": 322.211,
        "Actual Rows": 2,
        "Actual Loops": 1,
        "Workers Planned": 1,
        "Workers Launched": 1,
        "Single Copy": false,
        "Plans": [
          {
            "Node Type": "Aggregate",
            "Strategy": "Plain",
            "Partial Mode": "Partial",
            "Parent Relationship": "Outer",
            "Parallel Aware": false,
            "Startup Cost": 97917.63,
            "Total Cost": 97917.64,
            "Plan Rows": 1,
            "Plan Width": 8,
            "Actual Startup Time": 300.753,
            "Actual Total Time": 300.757,
            "Actual Rows": 1,
            "Actual Loops": 2,
            "Plans": [
              {
                "Node Type": "Nested Loop",
                "Parent Relationship": "Outer",
                "Parallel Aware": false,
                "Join Type": "Inner",
                "Startup Cost": 39247.41,
                "Total Cost": 97854.83,
                "Plan Rows": 25120,
                "Plan Width": 0,
                "Actual Startup Time": 106.829,
                "Actual Total Time": 295.252,
                "Actual Rows": 121287,
                "Actual Loops": 2,
                "Inner Unique": false,
                "Join Filter": "(t.id = mk.movie_id)",
                "Rows Removed by Join Filter": 0,
                "Plans": [
                  {
                    "Node Type": "Hash Join",
                    "Parent Relationship": "Outer",
                    "Parallel Aware": true,
                    "Join Type": "Inner",
                    "Startup Cost": 39246.97,
                    "Total Cost": 57430.76,
                    "Plan Rows": 22122,
                    "Plan Width": 8,
                    "Actual Startup Time": 106.721,
                    "Actual Total Time": 177.104,
                    "Actual Rows": 38052,
                    "Actual Loops": 2,
                    "Inner Unique": true,
                    "Hash Cond": "(mi_idx.movie_id = t.id)",
                    "Plans": [
                      {
                        "Node Type": "Seq Scan",
                        "Parent Relationship": "Outer",
                        "Parallel Aware": true,
                        "Relation Name": "movie_info_idx",
                        "Alias": "mi_idx",
                        "Startup Cost": 0.0,
                        "Total Cost": 16052.85,
                        "Plan Rows": 811785,
                        "Plan Width": 4,
                        "Actual Startup Time": 0.018,
                        "Actual Total Time": 48.884,
                        "Actual Rows": 690018,
                        "Actual Loops": 2
                      },
                      {
                        "Node Type": "Hash",
                        "Parent Relationship": "Inner",
                        "Parallel Aware": true,
                        "Startup Cost": 38740.36,
                        "Total Cost": 38740.36,
                        "Plan Rows": 40529,
                        "Plan Width": 4,
                        "Actual Startup Time": 61.59,
                        "Actual Total Time": 61.592,
                        "Actual Rows": 30349,
                        "Actual Loops": 2,
                        "Hash Buckets": 131072,
                        "Original Hash Buckets": 131072,
                        "Hash Batches": 1,
                        "Original Hash Batches": 1,
                        "Peak Memory Usage": 3424,
                        "Plans": [
                          {
                            "Node Type": "Bitmap Heap Scan",
                            "Parent Relationship": "Outer",
                            "Parallel Aware": true,
                            "Relation Name": "title",
                            "Alias": "t",
                            "Startup Cost": 1840.36,
                            "Total Cost": 38740.36,
                            "Plan Rows": 40529,
                            "Plan Width": 4,
                            "Actual Startup Time": 13.522,
                            "Actual Total Time": 52.493,
                            "Actual Rows": 30349,
                            "Actual Loops": 2,
                            "Recheck Cond": "(kind_id = 3)",
                            "Rows Removed by Index Recheck": 0,
                            "Filter": "(production_year > 1992)",
                            "Rows Removed by Filter": 19920,
                            "Exact Heap Blocks": 10230,
                            "Lossy Heap Blocks": 0,
                            "Plans": [
                              {
                                "Node Type": "Bitmap Index Scan",
                                "Parent Relationship": "Outer",
                                "Parallel Aware": false,
                                "Index Name": "kind_id_title",
                                "Startup Cost": 0.0,
                                "Total Cost": 1823.13,
                                "Plan Rows": 102227,
                                "Plan Width": 0,
                                "Actual Startup Time": 13.815,
                                "Actual Total Time": 13.815,
                                "Actual Rows": 100537,
                                "Actual Loops": 1,
                                "Index Cond": "(kind_id = 3)"
                              }
                            ]
                          }
                        ]
                      }
                    ]
                  },
                  {
                    "Node Type": "Index Scan",
                    "Parent Relationship": "Inner",
                    "Parallel Aware": false,
                    "Scan Direction": "Forward",
                    "Index Name": "movie_id_movie_keyword",
                    "Relation Name": "movie_keyword",
                    "Alias": "mk",
                    "Startup Cost": 0.43,
                    "Total Cost": 1.46,
                    "Plan Rows": 29,
                    "Plan Width": 4,
                    "Actual Startup Time": 0.002,
                    "Actual Total Time": 0.003,
                    "Actual Rows": 3,
                    "Actual Loops": 76104,
                    "Index Cond": "(movie_id = mi_idx.movie_id)",
                    "Rows Removed by Index Recheck": 0,
                    "Filter": "(keyword_id > 2553)",
                    "Rows Removed by Filter": 2
                  }
                ]
              }
            ]
          }
        ]
      }
    ]
  },
  "Planning Time": 1.036,
  "Triggers": [],
  "Execution Time": 322.325
}