[
  {
    "Plan": {
      "Node Type": "Aggregate",
      "Strategy": "Plain",
      "Partial Mode": "Finalize",
      "Parallel Aware": false,
      "Startup Cost": 68953.75,
      "Total Cost": 68953.76,
      "Plan Rows": 1,
      "Plan Width": 8,
      "Actual Startup Time": 274.721,
      "Actual Total Time": 294.785,
      "Actual Rows": 1,
      "Actual Loops": 1,
      "Plans": [
        {
          "Node Type": "Gather",
          "Parent Relationship": "Outer",
          "Parallel Aware": false,
          "Startup Cost": 68953.54,
          "Total Cost": 68953.75,
          "Plan Rows": 2,
          "Plan Width": 8,
          "Actual Startup Time": 274.335,
          "Actual Total Time": 294.773,
          "Actual Rows": 3,
          "Actual Loops": 1,
          "Workers Planned": 2,
          "Workers Launched": 2,
          "Single Copy": false,
          "Plans": [
            {
              "Node Type": "Aggregate",
              "Strategy": "Plain",
              "Partial Mode": "Partial",
              "Parent Relationship": "Outer",
              "Parallel Aware": false,
              "Startup Cost": 67953.54,
              "Total Cost": 67953.55,
              "Plan Rows": 1,
              "Plan Width": 8,
              "Actual Startup Time": 266.031,
              "Actual Total Time": 266.035,
              "Actual Rows": 1,
              "Actual Loops": 3,
              "Plans": [
                {
                  "Node Type": "Nested Loop",
                  "Parent Relationship": "Outer",
                  "Parallel Aware": false,
                  "Join Type": "Inner",
                  "Startup Cost": 45544.56,
                  "Total Cost": 67939.59,
                  "Plan Rows": 5577,
                  "Plan Width": 0,
                  "Actual Startup Time": 132.84,
                  "Actual Total Time": 263.14,
                  "Actual Rows": 49377,
                  "Actual Loops": 3,
                  "Inner Unique": false,
                  "Join Filter": "(t.id = mk.movie_id)",
                  "Rows Removed by Join Filter": 0,
                  "Plans": [
                    {
                      "Node Type": "Hash Join",
                      "Parent Relationship": "Outer",
                      "Parallel Aware": true,
                      "Join Type": "Inner",
                      "Startup Cost": 45544.12,
                      "Total Cost": 61668.55,
                      "Plan Rows": 3117,
                      "Plan Width": 8,
                      "Actual Startup Time": 132.742,
                      "Actual Total Time": 219.344,
                      "Actual Rows": 4666,
                      "Actual Loops": 3,
                      "Inner Unique": true,
                      "Hash Cond": "(mi_idx.movie_id = t.id)",
                      "Plans": [
                        {
                          "Node Type": "Seq Scan",
                          "Parent Relationship": "Outer",
                          "Parallel Aware": true,
                          "Relation Name": "movie_info_idx",
                          "Alias": "mi_idx",
                          "Startup Cost": 0.0,
                          "Total Cost": 15122.68,
                          "Plan Rows": 381618,
                          "Plan Width": 4,
                          "Actual Startup Time": 0.014,
                          "Actual Total Time": 56.844,
                          "Actual Rows": 306617,
                          "Actual Loops": 3,
                          "Filter": "(info_type_id < 101)",
                          "Rows Removed by Filter": 153395
                        },
                        {
                          "Node Type": "Hash",
                          "Parent Relationship": "Inner",
                          "Parallel Aware": true,
                          "Startup Cost": 45479.59,
                          "Total Cost": 45479.59,
                          "Plan Rows": 5163,
                          "Plan Width": 4,
                          "Actual Startup Time": 131.438,
                          "Actual Total Time": 131.439,
                          "Actual Rows": 5264,
                          "Actual Loops": 3,
                          "Hash Buckets": 32768,
                          "Original Hash Buckets": 32768,
                          "Hash Batches": 1,
                          "Original Hash Batches": 1,
                          "Peak Memory Usage": 928,
                          "Plans": [
                            {
                              "Node Type": "Seq Scan",
                              "Parent Relationship": "Outer",
                              "Parallel Aware": true,
                              "Relation Name": "title",
                              "Alias": "t",
                              "Startup Cost": 0.0,
                              "Total Cost": 45479.59,
                              "Plan Rows": 5163,
                              "Plan Width": 4,
                              "Actual Startup Time": 0.26,
                              "Actual Total Time": 128.907,
                              "Actual Rows": 5264,
                              "Actual Loops": 3,
                              "Filter": "((kind_id < 7) AND (production_year = 1999))",
                              "Rows Removed by Filter": 837507
                            }
                          ]
                        }
                      ]
                    },
                    {
                      "Node Type": "Index Only Scan",
                      "Parent Relationship": "Inner",
                      "Parallel Aware": false,
                      "Scan Direction": "Forward",
                      "Index Name": "movie_id_movie_keyword",
                      "Relation Name": "movie_keyword",
                      "Alias": "mk",
                      "Startup Cost": 0.43,
                      "Total Cost": 1.44,
                      "Plan Rows": 46,
                      "Plan Width": 4,
                      "Actual Startup Time": 0.006,
                      "Actual Total Time": 0.008,
                      "Actual Rows": 11,
                      "Actual Loops": 13998,
                      "Index Cond": "(movie_id = mi_idx.movie_id)",
                      "Rows Removed by Index Recheck": 0,
                      "Heap Fetches": 148130
                    }
                  ]
                }
              ]
            }
          ]
        }
      ]
    },
    "Planning Time": 1.177,
    "Triggers": [],
    "Execution Time": 294.867
  }
]