[
  {
    "Plan": {
      "Node Type": "Aggregate",
      "Strategy": "Plain",
      "Partial Mode": "Finalize",
      "Parallel Aware": false,
      "Startup Cost": 33101.34,
      "Total Cost": 33101.35,
      "Plan Rows": 1,
      "Plan Width": 8,
      "Actual Startup Time": 106.288,
      "Actual Total Time": 114.614,
      "Actual Rows": 1,
      "Actual Loops": 1,
      "Plans": [
        {
          "Node Type": "Gather",
          "Parent Relationship": "Outer",
          "Parallel Aware": false,
          "Startup Cost": 33101.02,
          "Total Cost": 33101.33,
          "Plan Rows": 3,
          "Plan Width": 8,
          "Actual Startup Time": 106.184,
          "Actual Total Time": 114.606,
          "Actual Rows": 4,
          "Actual Loops": 1,
          "Workers Planned": 3,
          "Workers Launched": 3,
          "Single Copy": false,
          "Plans": [
            {
              "Node Type": "Aggregate",
              "Strategy": "Plain",
              "Partial Mode": "Partial",
              "Parent Relationship": "Outer",
              "Parallel Aware": false,
              "Startup Cost": 32101.02,
              "Total Cost": 32101.03,
              "Plan Rows": 1,
              "Plan Width": 8,
              "Actual Startup Time": 99.46,
              "Actual Total Time": 99.461,
              "Actual Rows": 1,
              "Actual Loops": 4,
              "Plans": [
                {
                  "Node Type": "Seq Scan",
                  "Parent Relationship": "Outer",
                  "Parallel Aware": true,
                  "Relation Name": "movie_companies",
                  "Alias": "mc",
                  "Startup Cost": 0.0,
                  "Total Cost": 31414.82,
                  "Plan Rows": 274481,
                  "Plan Width": 0,
                  "Actual Startup Time": 44.282,
                  "Actual Total Time": 86.498,
                  "Actual Rows": 264140,
                  "Actual Loops": 4,
                  "Filter": "((company_id > 3577) AND (company_type_id > 1))",
                  "Rows Removed by Filter": 388142
                }
              ]
            }
          ]
        }
      ]
    },
    "Planning Time": 0.259,
    "Triggers": [],
    "Execution Time": 114.653
  }
]