[
  {
    "Plan": {
      "Node Type": "Aggregate",
      "Strategy": "Plain",
      "Partial Mode": "Simple",
      "Parallel Aware": false,
      "Startup Cost": 762113.51,
      "Total Cost": 762113.52,
      "Plan Rows": 1,
      "Plan Width": 64,
      "Actual Startup Time": 4090.647,
      "Actual Total Time": 4186.425,
      "Actual Rows": 1,
      "Actual Loops": 1,
      "Plans": [
        {
          "Node Type": "Gather",
          "Parent Relationship": "Outer",
          "Parallel Aware": false,
          "Startup Cost": 757202.86,
          "Total Cost": 762113.5,
          "Plan Rows": 1,
          "Plan Width": 32,
          "Actual Startup Time": 4075.273,
          "Actual Total Time": 4186.402,
          "Actual Rows": 8,
          "Actual Loops": 1,
          "Workers Planned": 1,
          "Workers Launched": 1,
          "Single Copy": false,
          "Plans": [
            {
              "Node Type": "Hash Join",
              "Parent Relationship": "Outer",
              "Parallel Aware": true,
              "Join Type": "Inner",
              "Startup Cost": 756202.86,
              "Total Cost": 761113.4,
              "Plan Rows": 1,
              "Plan Width": 32,
              "Actual Startup Time": 4065.515,
              "Actual Total Time": 4082.068,
              "Actual Rows": 4,
              "Actual Loops": 2,
              "Inner Unique": false,
              "Hash Cond": "(cn.id = mc.company_id)",
              "Plans": [
                {
                  "Node Type": "Seq Scan",
                  "Parent Relationship": "Outer",
                  "Parallel Aware": true,
                  "Relation Name": "company_name",
                  "Alias": "cn",
                  "Startup Cost": 0.0,
                  "Total Cost": 4722.92,
                  "Plan Rows": 50031,
                  "Plan Width": 4,
                  "Actual Startup Time": 0.024,
                  "Actual Total Time": 17.222,
                  "Actual Rows": 42422,
                  "Actual Loops": 2,
                  "Filter": "((country_code)::text = '[us]'::text)",
                  "Rows Removed by Filter": 75077
                },
                {
                  "Node Type": "Hash",
                  "Parent Relationship": "Inner",
                  "Parallel Aware": true,
                  "Startup Cost": 756202.84,
                  "Total Cost": 756202.84,
                  "Plan Rows": 1,
                  "Plan Width": 36,
                  "Actual Startup Time": 4061.82,
                  "Actual Total Time": 4061.842,
                  "Actual Rows": 17,
                  "Actual Loops": 2,
                  "Hash Buckets": 1024,
                  "Original Hash Buckets": 1024,
                  "Hash Batches": 1,
                  "Original Hash Batches": 1,
                  "Peak Memory Usage": 40,
                  "Plans": [
                    {
                      "Node Type": "Hash Join",
                      "Parent Relationship": "Outer",
                      "Parallel Aware": true,
                      "Join Type": "Inner",
                      "Startup Cost": 708959.44,
                      "Total Cost": 756202.84,
                      "Plan Rows": 1,
                      "Plan Width": 36,
                      "Actual Startup Time": 3935.944,
                      "Actual Total Time": 4061.783,
                      "Actual Rows": 17,
                      "Actual Loops": 2,
                      "Inner Unique": false,
                      "Hash Cond": "(chn.id = ci.person_role_id)",
                      "Plans": [
                        {
                          "Node Type": "Seq Scan",
                          "Parent Relationship": "Outer",
                          "Parallel Aware": true,
                          "Relation Name": "char_name",
                          "Alias": "chn",
                          "Startup Cost": 0.0,
                          "Total Cost": 44299.2,
                          "Plan Rows": 785120,
                          "Plan Width": 4,
                          "Actual Startup Time": 0.019,
                          "Actual Total Time": 162.867,
                          "Actual Rows": 1570170,
                          "Actual Loops": 2
                        },
                        {
                          "Node Type": "Hash",
                          "Parent Relationship": "Inner",
                          "Parallel Aware": true,
                          "Startup Cost": 708959.42,
                          "Total Cost": 708959.42,
                          "Plan Rows": 1,
                          "Plan Width": 40,
                          "Actual Startup Time": 3807.403,
                          "Actual Total Time": 3807.423,
                          "Actual Rows": 32,
                          "Actual Loops": 2,
                          "Hash Buckets": 1024,
                          "Original Hash Buckets": 1024,
                          "Hash Batches": 1,
                          "Original Hash Batches": 1,
                          "Peak Memory Usage": 72,
                          "Plans": [
                            {
                              "Node Type": "Hash Join",
                              "Parent Relationship": "Outer",
                              "Parallel Aware": true,
                              "Join Type": "Inner",
                              "Startup Cost": 679244.99,
                              "Total Cost": 708959.42,
                              "Plan Rows": 1,
                              "Plan Width": 40,
                              "Actual Startup Time": 3669.945,
                              "Actual Total Time": 3807.246,
                              "Actual Rows": 32,
                              "Actual Loops": 2,
                              "Inner Unique": false,
                              "Hash Cond": "(t.id = mi.movie_id)",
                              "Plans": [
                                {
                                  "Node Type": "Hash Join",
                                  "Parent Relationship": "Outer",
                                  "Parallel Aware": true,
                                  "Join Type": "Inner",
                                  "Startup Cost": 41974.5,
                                  "Total Cost": 71390.39,
                                  "Plan Rows": 79610,
                                  "Plan Width": 29,
                                  "Actual Startup Time": 165.236,
                                  "Actual Total Time": 531.394,
                                  "Actual Rows": 238268,
                                  "Actual Loops": 2,
                                  "Inner Unique": true,
                                  "Hash Cond": "(mc.movie_id = t.id)",
                                  "Plans": [
                                    {
                                      "Node Type": "Seq Scan",
                                      "Parent Relationship": "Outer",
                                      "Parallel Aware": true,
                                      "Relation Name": "movie_companies",
                                      "Alias": "mc",
                                      "Startup Cost": 0.0,
                                      "Total Cost": 27206.55,
                                      "Plan Rows": 841655,
                                      "Plan Width": 8,
                                      "Actual Startup Time": 0.015,
                                      "Actual Total Time": 151.885,
                                      "Actual Rows": 1304564,
                                      "Actual Loops": 2
                                    },
                                    {
                                      "Node Type": "Hash",
                                      "Parent Relationship": "Inner",
                                      "Parallel Aware": true,
                                      "Startup Cost": 41227.16,
                                      "Total Cost": 41227.16,
                                      "Plan Rows": 59787,
                                      "Plan Width": 21,
                                      "Actual Startup Time": 163.874,
                                      "Actual Total Time": 163.877,
                                      "Actual Rows": 120700,
                                      "Actual Loops": 2,
                                      "Hash Buckets": 262144,
                                      "Original Hash Buckets": 262144,
                                      "Hash Batches": 1,
                                      "Original Hash Batches": 1,
                                      "Peak Memory Usage": 16032,
                                      "Plans": [
                                        {
                                          "Node Type": "Bitmap Heap Scan",
                                          "Parent Relationship": "Outer",
                                          "Parallel Aware": true,
                                          "Relation Name": "title",
                                          "Alias": "t",
                                          "Startup Cost": 4481.83,
                                          "Total Cost": 41227.16,
                                          "Plan Rows": 59787,
                                          "Plan Width": 21,
                                          "Actual Startup Time": 26.468,
                                          "Actual Total Time": 119.924,
                                          "Actual Rows": 120700,
                                          "Actual Loops": 2,
                                          "Recheck Cond": "(production_year < 1960)",
                                          "Rows Removed by Index Recheck": 0,
                                          "Exact Heap Blocks": 13746,
                                          "Lossy Heap Blocks": 0,
                                          "Plans": [
                                            {
                                              "Node Type": "Bitmap Index Scan",
                                              "Parent Relationship": "Outer",
                                              "Parallel Aware": false,
                                              "Index Name": "idx_title_production_year",
                                              "Startup Cost": 0.0,
                                              "Total Cost": 4422.04,
                                              "Plan Rows": 239148,
                                              "Plan Width": 0,
                                              "Actual Startup Time": 21.519,
                                              "Actual Total Time": 21.519,
                                              "Actual Rows": 241400,
                                              "Actual Loops": 1,
                                              "Index Cond": "(production_year < 1960)"
                                            }
                                          ]
                                        }
                                      ]
                                    }
                                  ]
                                },
                                {
                                  "Node Type": "Hash",
                                  "Parent Relationship": "Inner",
                                  "Parallel Aware": true,
                                  "Startup Cost": 637270.47,
                                  "Total Cost": 637270.47,
                                  "Plan Rows": 1,
                                  "Plan Width": 27,
                                  "Actual Startup Time": 3256.003,
                                  "Actual Total Time": 3256.016,
                                  "Actual Rows": 2007,
                                  "Actual Loops": 2,
                                  "Hash Buckets": 4096,
                                  "Original Hash Buckets": 1024,
                                  "Hash Batches": 1,
                                  "Original Hash Batches": 1,
                                  "Peak Memory Usage": 312,
                                  "Plans": [
                                    {
                                      "Node Type": "Hash Join",
                                      "Parent Relationship": "Outer",
                                      "Parallel Aware": true,
                                      "Join Type": "Inner",
                                      "Startup Cost": 430477.83,
                                      "Total Cost": 637270.47,
                                      "Plan Rows": 1,
                                      "Plan Width": 27,
                                      "Actual Startup Time": 2450.829,
                                      "Actual Total Time": 3229.939,
                                      "Actual Rows": 2007,
                                      "Actual Loops": 2,
                                      "Inner Unique": false,
                                      "Hash Cond": "(mi.movie_id = ci.movie_id)",
                                      "Plans": [
                                        {
                                          "Node Type": "Hash Join",
                                          "Parent Relationship": "Outer",
                                          "Parallel Aware": false,
                                          "Join Type": "Inner",
                                          "Startup Cost": 2.43,
                                          "Total Cost": 206792.98,
                                          "Plan Rows": 553,
                                          "Plan Width": 4,
                                          "Actual Startup Time": 230.533,
                                          "Actual Total Time": 990.576,
                                          "Actual Rows": 225520,
                                          "Actual Loops": 2,
                                          "Inner Unique": true,
                                          "Hash Cond": "(mi.info_type_id = it.id)",
                                          "Plans": [
                                            {
                                              "Node Type": "Seq Scan",
                                              "Parent Relationship": "Outer",
                                              "Parallel Aware": true,
                                              "Relation Name": "movie_info",
                                              "Alias": "mi",
                                              "Startup Cost": 0.0,
                                              "Total Cost": 206620.5,
                                              "Plan Rows": 62439,
                                              "Plan Width": 8,
                                              "Actual Startup Time": 94.309,
                                              "Actual Total Time": 960.29,
                                              "Actual Rows": 225552,
                                              "Actual Loops": 2,
                                              "Filter": "((info IS NOT NULL) AND ((info ~~ 'Japan:%200%'::text) OR (info ~~ 'USA:%200%'::text)))",
                                              "Rows Removed by Filter": 7192308
                                            },
                                            {
                                              "Node Type": "Hash",
                                              "Parent Relationship": "Inner",
                                              "Parallel Aware": false,
                                              "Startup Cost": 2.41,
                                              "Total Cost": 2.41,
                                              "Plan Rows": 1,
                                              "Plan Width": 4,
                                              "Actual Startup Time": 0.044,
                                              "Actual Total Time": 0.045,
                                              "Actual Rows": 1,
                                              "Actual Loops": 2,
                                              "Hash Buckets": 1024,
                                              "Original Hash Buckets": 1024,
                                              "Hash Batches": 1,
                                              "Original Hash Batches": 1,
                                              "Peak Memory Usage": 9,
                                              "Plans": [
                                                {
                                                  "Node Type": "Seq Scan",
                                                  "Parent Relationship": "Outer",
                                                  "Parallel Aware": false,
                                                  "Relation Name": "info_type",
                                                  "Alias": "it",
                                                  "Startup Cost": 0.0,
                                                  "Total Cost": 2.41,
                                                  "Plan Rows": 1,
                                                  "Plan Width": 4,
                                                  "Actual Startup Time": 0.034,
                                                  "Actual Total Time": 0.039,
                                                  "Actual Rows": 1,
                                                  "Actual Loops": 2,
                                                  "Filter": "((info)::text = 'release dates'::text)",
                                                  "Rows Removed by Filter": 112
                                                }
                                              ]
                                            }
                                          ]
                                        },
                                        {
                                          "Node Type": "Hash",
                                          "Parent Relationship": "Inner",
                                          "Parallel Aware": true,
                                          "Startup Cost": 430471.25,
                                          "Total Cost": 430471.25,
                                          "Plan Rows": 333,
                                          "Plan Width": 23,
                                          "Actual Startup Time": 2217.69,
                                          "Actual Total Time": 2217.698,
                                          "Actual Rows": 4102,
                                          "Actual Loops": 2,
                                          "Hash Buckets": 8192,
                                          "Original Hash Buckets": 2048,
                                          "Hash Batches": 1,
                                          "Original Hash Batches": 1,
                                          "Peak Memory Usage": 624,
                                          "Plans": [
                                            {
                                              "Node Type": "Hash Join",
                                              "Parent Relationship": "Outer",
                                              "Parallel Aware": false,
                                              "Join Type": "Inner",
                                              "Startup Cost": 86503.32,
                                              "Total Cost": 430471.25,
                                              "Plan Rows": 333,
                                              "Plan Width": 23,
                                              "Actual Startup Time": 993.954,
                                              "Actual Total Time": 2180.445,
                                              "Actual Rows": 4102,
                                              "Actual Loops": 2,
                                              "Inner Unique": true,
                                              "Hash Cond": "(ci.role_id = rt.id)",
                                              "Plans": [
                                                {
                                                  "Node Type": "Hash Join",
                                                  "Parent Relationship": "Outer",
                                                  "Parallel Aware": true,
                                                  "Join Type": "Inner",
                                                  "Startup Cost": 86502.16,
                                                  "Total Cost": 430455.9,
                                                  "Plan Rows": 3992,
                                                  "Plan Width": 27,
                                                  "Actual Startup Time": 993.857,
                                                  "Actual Total Time": 2179.734,
                                                  "Actual Rows": 4102,
                                                  "Actual Loops": 2,
                                                  "Inner Unique": false,
                                                  "Hash Cond": "(ci.person_id = n.id)",
                                                  "Plans": [
                                                    {
                                                      "Node Type": "Seq Scan",
                                                      "Parent Relationship": "Outer",
                                                      "Parallel Aware": true,
                                                      "Relation Name": "cast_info",
                                                      "Alias": "ci",
                                                      "Startup Cost": 0.0,
                                                      "Total Cost": 343409.74,
                                                      "Plan Rows": 144753,
                                                      "Plan Width": 16,
                                                      "Actual Startup Time": 0.02,
                                                      "Actual Total Time": 1709.592,
                                                      "Actual Rows": 433738,
                                                      "Actual Loops": 2,
                                                      "Filter": "(note = ANY ('{(voice),\"(voice: Japanese version)\",\"(voice) (uncredited)\",\"(voice: English version)\"}'::text[]))",
                                                      "Rows Removed by Filter": 17688434
                                                    },
                                                    {
                                                      "Node Type": "Hash",
                                                      "Parent Relationship": "Inner",
                                                      "Parallel Aware": true,
                                                      "Startup Cost": 86459.75,
                                                      "Total Cost": 86459.75,
                                                      "Plan Rows": 3393,
                                                      "Plan Width": 23,
                                                      "Actual Startup Time": 435.116,
                                                      "Actual Total Time": 435.119,
                                                      "Actual Rows": 5262,
                                                      "Actual Loops": 2,
                                                      "Hash Buckets": 16384,
                                                      "Original Hash Buckets": 16384,
                                                      "Hash Batches": 1,
                                                      "Original Hash Batches": 1,
                                                      "Peak Memory Usage": 768,
                                                      "Plans": [
                                                        {
                                                          "Node Type": "Hash Join",
                                                          "Parent Relationship": "Outer",
                                                          "Parallel Aware": true,
                                                          "Join Type": "Inner",
                                                          "Startup Cost": 71392.95,
                                                          "Total Cost": 86459.75,
                                                          "Plan Rows": 3393,
                                                          "Plan Width": 23,
                                                          "Actual Startup Time": 313.77,
                                                          "Actual Total Time": 432.827,
                                                          "Actual Rows": 5262,
                                                          "Actual Loops": 2,
                                                          "Inner Unique": true,
                                                          "Hash Cond": "(an.person_id = n.id)",
                                                          "Plans": [
                                                            {
                                                              "Node Type": "Seq Scan",
                                                              "Parent Relationship": "Outer",
                                                              "Parallel Aware": true,
                                                              "Relation Name": "aka_name",
                                                              "Alias": "an",
                                                              "Startup Cost": 0.0,
                                                              "Total Cost": 14303.56,
                                                              "Plan Rows": 290756,
                                                              "Plan Width": 4,
                                                              "Actual Startup Time": 0.013,
                                                              "Actual Total Time": 63.997,
                                                              "Actual Rows": 450672,
                                                              "Actual Loops": 2
                                                            },
                                                            {
                                                              "Node Type": "Hash",
                                                              "Parent Relationship": "Inner",
                                                              "Parallel Aware": true,
                                                              "Startup Cost": 71240.99,
                                                              "Total Cost": 71240.99,
                                                              "Plan Rows": 12157,
                                                              "Plan Width": 19,
                                                              "Actual Startup Time": 313.385,
                                                              "Actual Total Time": 313.386,
                                                              "Actual Rows": 25006,
                                                              "Actual Loops": 2,
                                                              "Hash Buckets": 65536,
                                                              "Original Hash Buckets": 65536,
                                                              "Hash Batches": 1,
                                                              "Original Hash Batches": 1,
                                                              "Peak Memory Usage": 3296,
                                                              "Plans": [
                                                                {
                                                                  "Node Type": "Seq Scan",
                                                                  "Parent Relationship": "Outer",
                                                                  "Parallel Aware": true,
                                                                  "Relation Name": "name",
                                                                  "Alias": "n",
                                                                  "Startup Cost": 0.0,
                                                                  "Total Cost": 71240.99,
                                                                  "Plan Rows": 12157,
                                                                  "Plan Width": 19,
                                                                  "Actual Startup Time": 133.301,
                                                                  "Actual Total Time": 303.457,
                                                                  "Actual Rows": 25006,
                                                                  "Actual Loops": 2,
                                                                  "Filter": "((name ~~ '%An%'::text) AND ((gender)::text = 'f'::text))",
                                                                  "Rows Removed by Filter": 2058740
                                                                }
                                                              ]
                                                            }
                                                          ]
                                                        }
                                                      ]
                                                    }
                                                  ]
                                                },
                                                {
                                                  "Node Type": "Hash",
                                                  "Parent Relationship": "Inner",
                                                  "Parallel Aware": false,
                                                  "Startup Cost": 1.15,
                                                  "Total Cost": 1.15,
                                                  "Plan Rows": 1,
                                                  "Plan Width": 4,
                                                  "Actual Startup Time": 0.056,
                                                  "Actual Total Time": 0.057,
                                                  "Actual Rows": 1,
                                                  "Actual Loops": 2,
                                                  "Hash Buckets": 1024,
                                                  "Original Hash Buckets": 1024,
                                                  "Hash Batches": 1,
                                                  "Original Hash Batches": 1,
                                                  "Peak Memory Usage": 9,
                                                  "Plans": [
                                                    {
                                                      "Node Type": "Seq Scan",
                                                      "Parent Relationship": "Outer",
                                                      "Parallel Aware": false,
                                                      "Relation Name": "role_type",
                                                      "Alias": "rt",
                                                      "Startup Cost": 0.0,
                                                      "Total Cost": 1.15,
                                                      "Plan Rows": 1,
                                                      "Plan Width": 4,
                                                      "Actual Startup Time": 0.038,
                                                      "Actual Total Time": 0.042,
                                                      "Actual Rows": 1,
                                                      "Actual Loops": 2,
                                                      "Filter": "((role)::text = 'actress'::text)",
                                                      "Rows Removed by Filter": 11
                                                    }
                                                  ]
                                                }
                                              ]
                                            }
                                          ]
                                        }
                                      ]
                                    }
                                  ]
                                }
                              ]
                            }
                          ]
                        }
                      ]
                    }
                  ]
                }
              ]
            }
          ]
        }
      ]
    },
    "Planning Time": 41.006,
    "Triggers": [],
    "Execution Time": 4186.815
  }
]