[
  {
    "Plan": {
      "Node Type": "Aggregate",
      "Strategy": "Plain",
      "Partial Mode": "Finalize",
      "Parallel Aware": false,
      "Startup Cost": 31698.12,
      "Total Cost": 31698.13,
      "Plan Rows": 1,
      "Plan Width": 8,
      "Actual Startup Time": 84.06,
      "Actual Total Time": 90.281,
      "Actual Rows": 1,
      "Actual Loops": 1,
      "Plans": [
        {
          "Node Type": "Gather",
          "Parent Relationship": "Outer",
          "Parallel Aware": false,
          "Startup Cost": 31697.8,
          "Total Cost": 31698.11,
          "Plan Rows": 3,
          "Plan Width": 8,
          "Actual Startup Time": 83.999,
          "Actual Total Time": 90.277,
          "Actual Rows": 4,
          "Actual Loops": 1,
          "Workers Planned": 3,
          "Workers Launched": 3,
          "Single Copy": false,
          "Plans": [
            {
              "Node Type": "Aggregate",
              "Strategy": "Plain",
              "Partial Mode": "Partial",
              "Parent Relationship": "Outer",
              "Parallel Aware": false,
              "Startup Cost": 30697.8,
              "Total Cost": 30697.81,
              "Plan Rows": 1,
              "Plan Width": 8,
              "Actual Startup Time": 81.491,
              "Actual Total Time": 81.491,
              "Actual Rows": 1,
              "Actual Loops": 4,
              "Plans": [
                {
                  "Node Type": "Seq Scan",
                  "Parent Relationship": "Outer",
                  "Parallel Aware": true,
                  "Relation Name": "movie_companies",
                  "Alias": "mc",
                  "Startup Cost": 0.0,
                  "Total Cost": 29310.68,
                  "Plan Rows": 554849,
                  "Plan Width": 0,
                  "Actual Startup Time": 0.608,
                  "Actual Total Time": 63.453,
                  "Actual Rows": 430374,
                  "Actual Loops": 4,
                  "Filter": "(company_id > 2690)",
                  "Rows Removed by Filter": 221908
                }
              ]
            }
          ]
        }
      ]
    },
    "Planning Time": 0.071,
    "Triggers": [],
    "Execution Time": 90.305
  }
]