{
  "Plan": {
    "Node Type": "Aggregate",
    "Strategy": "Plain",
    "Partial Mode": "Finalize",
    "Parallel Aware": false,
    "Startup Cost": 328923.86,
    "Total Cost": 328923.87,
    "Plan Rows": 1,
    "Plan Width": 8,
    "Actual Startup Time": 170.572,
    "Actual Total Time": 191.404,
    "Actual Rows": 1,
    "Actual Loops": 1,
    "Plans": [
      {
        "Node Type": "Gather",
        "Parent Relationship": "Outer",
        "Parallel Aware": false,
        "Startup Cost": 328923.75,
        "Total Cost": 328923.86,
        "Plan Rows": 1,
        "Plan Width": 8,
        "Actual Startup Time": 170.442,
        "Actual Total Time": 191.396,
        "Actual Rows": 2,
        "Actual Loops": 1,
        "Workers Planned": 1,
        "Workers Launched": 1,
        "Single Copy": false,
        "Plans": [
          {
            "Node Type": "Aggregate",
            "Strategy": "Plain",
            "Partial Mode": "Partial",
            "Parent Relationship": "Outer",
            "Parallel Aware": false,
            "Startup Cost": 327923.75,
            "Total Cost": 327923.76,
            "Plan Rows": 1,
            "Plan Width": 8,
            "Actual Startup Time": 166.146,
            "Actual Total Time": 166.148,
            "Actual Rows": 1,
            "Actual Loops": 2,
            "Plans": [
              {
                "Node Type": "Nested Loop",
                "Parent Relationship": "Outer",
                "Parallel Aware": false,
                "Join Type": "Inner",
                "Startup Cost": 0.56,
                "Total Cost": 327876.36,
                "Plan Rows": 18957,
                "Plan Width": 0,
                "Actual Startup Time": 0.371,
                "Actual Total Time": 165.648,
                "Actual Rows": 6072,
                "Actual Loops": 2,
                "Inner Unique": false,
                "Plans": [
                  {
                    "Node Type": "Seq Scan",
                    "Parent Relationship": "Outer",
                    "Parallel Aware": true,
                    "Relation Name": "title",
                    "Alias": "t",
                    "Startup Cost": 0.0,
                    "Total Cost": 58306.47,
                    "Plan Rows": 2218,
                    "Plan Width": 4,
                    "Actual Startup Time": 0.182,
                    "Actual Total Time": 128.155,
                    "Actual Rows": 1652,
                    "Actual Loops": 2,
                    "Filter": "((kind_id > 4) AND (production_year = 1952))",
                    "Rows Removed by Filter": 1262504
                  },
                  {
                    "Node Type": "Index Scan",
                    "Parent Relationship": "Inner",
                    "Parallel Aware": false,
                    "Scan Direction": "Forward",
                    "Index Name": "movie_id_cast_info",
                    "Relation Name": "cast_info",
                    "Alias": "ci",
                    "Startup Cost": 0.56,
                    "Total Cost": 121.32,
                    "Plan Rows": 22,
                    "Plan Width": 4,
                    "Actual Startup Time": 0.016,
                    "Actual Total Time": 0.022,
                    "Actual Rows": 4,
                    "Actual Loops": 3303,
                    "Index Cond": "(movie_id = t.id)",
                    "Rows Removed by Index Recheck": 0,
                    "Filter": "((person_id > 324092) AND (role_id > 1))",
                    "Rows Removed by Filter": 4
                  }
                ]
              }
            ]
          }
        ]
      }
    ]
  },
  "Planning Time": 0.504,
  "Triggers": [],
  "Execution Time": 191.535
}