[
  {
    "Plan": {
      "Node Type": "Aggregate",
      "Strategy": "Plain",
      "Partial Mode": "Finalize",
      "Parallel Aware": false,
      "Startup Cost": 343549.64,
      "Total Cost": 343549.65,
      "Plan Rows": 1,
      "Plan Width": 8,
      "Actual Startup Time": 1128.811,
      "Actual Total Time": 1185.213,
      "Actual Rows": 1,
      "Actual Loops": 1,
      "Plans": [
        {
          "Node Type": "Gather",
          "Parent Relationship": "Outer",
          "Parallel Aware": false,
          "Startup Cost": 343549.01,
          "Total Cost": 343549.62,
          "Plan Rows": 6,
          "Plan Width": 8,
          "Actual Startup Time": 1128.454,
          "Actual Total Time": 1185.195,
          "Actual Rows": 7,
          "Actual Loops": 1,
          "Workers Planned": 6,
          "Workers Launched": 6,
          "Single Copy": false,
          "Plans": [
            {
              "Node Type": "Aggregate",
              "Strategy": "Plain",
              "Partial Mode": "Partial",
              "Parent Relationship": "Outer",
              "Parallel Aware": false,
              "Startup Cost": 342549.01,
              "Total Cost": 342549.02,
              "Plan Rows": 1,
              "Plan Width": 8,
              "Actual Startup Time": 1120.39,
              "Actual Total Time": 1120.392,
              "Actual Rows": 1,
              "Actual Loops": 7,
              "Plans": [
                {
                  "Node Type": "Seq Scan",
                  "Parent Relationship": "Outer",
                  "Parallel Aware": true,
                  "Relation Name": "cast_info",
                  "Alias": "ci",
                  "Startup Cost": 0.0,
                  "Total Cost": 328211.39,
                  "Plan Rows": 5735048,
                  "Plan Width": 0,
                  "Actual Startup Time": 0.052,
                  "Actual Total Time": 812.527,
                  "Actual Rows": 4926091,
                  "Actual Loops": 7,
                  "Filter": "(person_id < 3713001)",
                  "Rows Removed by Filter": 251673
                }
              ]
            }
          ]
        }
      ]
    },
    "Planning Time": 0.196,
    "Triggers": [],
    "Execution Time": 1185.283
  }
]