[
  {
    "Plan": {
      "Node Type": "Aggregate",
      "Strategy": "Plain",
      "Partial Mode": "Finalize",
      "Parallel Aware": false,
      "Startup Cost": 343498.87,
      "Total Cost": 343498.88,
      "Plan Rows": 1,
      "Plan Width": 8,
      "Actual Startup Time": 850.477,
      "Actual Total Time": 910.658,
      "Actual Rows": 1,
      "Actual Loops": 1,
      "Plans": [
        {
          "Node Type": "Gather",
          "Parent Relationship": "Outer",
          "Parallel Aware": false,
          "Startup Cost": 343498.24,
          "Total Cost": 343498.85,
          "Plan Rows": 6,
          "Plan Width": 8,
          "Actual Startup Time": 850.364,
          "Actual Total Time": 910.647,
          "Actual Rows": 7,
          "Actual Loops": 1,
          "Workers Planned": 6,
          "Workers Launched": 6,
          "Single Copy": false,
          "Plans": [
            {
              "Node Type": "Aggregate",
              "Strategy": "Plain",
              "Partial Mode": "Partial",
              "Parent Relationship": "Outer",
              "Parallel Aware": false,
              "Startup Cost": 342498.24,
              "Total Cost": 342498.26,
              "Plan Rows": 1,
              "Plan Width": 8,
              "Actual Startup Time": 841.772,
              "Actual Total Time": 841.773,
              "Actual Rows": 1,
              "Actual Loops": 7,
              "Plans": [
                {
                  "Node Type": "Seq Scan",
                  "Parent Relationship": "Outer",
                  "Parallel Aware": true,
                  "Relation Name": "cast_info",
                  "Alias": "ci",
                  "Startup Cost": 0.0,
                  "Total Cost": 328162.03,
                  "Plan Rows": 5734488,
                  "Plan Width": 0,
                  "Actual Startup Time": 0.054,
                  "Actual Total Time": 636.371,
                  "Actual Rows": 4926091,
                  "Actual Loops": 7,
                  "Filter": "(person_id < 3713001)",
                  "Rows Removed by Filter": 251673
                }
              ]
            }
          ]
        }
      ]
    },
    "Planning Time": 0.173,
    "Triggers": [],
    "Execution Time": 910.728
  }
]