[
    {
        "Bao": {
            "Bao prediction": "NaN",
            "Bao recommended hint": "(no hint)"
        }
    },
    {
        "Plan": {
            "Node Type": "Aggregate",
            "Strategy": "Plain",
            "Partial Mode": "Finalize",
            "Parallel Aware": false,
            "Startup Cost": 23011.58,
            "Total Cost": 23011.59,
            "Plan Rows": 1,
            "Plan Width": 8,
            "Actual Startup Time": 33.078,
            "Actual Total Time": 35.722,
            "Actual Rows": 1,
            "Actual Loops": 1,
            "Output": [
                "count(*)"
            ],
            "Plans": [
                {
                    "Node Type": "Gather",
                    "Parent Relationship": "Outer",
                    "Parallel Aware": false,
                    "Startup Cost": 23011.27,
                    "Total Cost": 23011.58,
                    "Plan Rows": 3,
                    "Plan Width": 8,
                    "Actual Startup Time": 32.916,
                    "Actual Total Time": 35.715,
                    "Actual Rows": 4,
                    "Actual Loops": 1,
                    "Output": [
                        "(PARTIAL count(*))"
                    ],
                    "Workers Planned": 3,
                    "Workers Launched": 3,
                    "Single Copy": false,
                    "Plans": [
                        {
                            "Node Type": "Aggregate",
                            "Strategy": "Plain",
                            "Partial Mode": "Partial",
                            "Parent Relationship": "Outer",
                            "Parallel Aware": false,
                            "Startup Cost": 22011.27,
                            "Total Cost": 22011.28,
                            "Plan Rows": 1,
                            "Plan Width": 8,
                            "Actual Startup Time": 24.632,
                            "Actual Total Time": 24.633,
                            "Actual Rows": 1,
                            "Actual Loops": 4,
                            "Output": [
                                "PARTIAL count(*)"
                            ],
                            "Workers": [
                                {
                                    "Worker Number": 0,
                                    "Actual Startup Time": 21.713,
                                    "Actual Total Time": 21.714,
                                    "Actual Rows": 1,
                                    "Actual Loops": 1
                                },
                                {
                                    "Worker Number": 1,
                                    "Actual Startup Time": 22.034,
                                    "Actual Total Time": 22.035,
                                    "Actual Rows": 1,
                                    "Actual Loops": 1
                                },
                                {
                                    "Worker Number": 2,
                                    "Actual Startup Time": 22.198,
                                    "Actual Total Time": 22.2,
                                    "Actual Rows": 1,
                                    "Actual Loops": 1
                                }
                            ],
                            "Plans": [
                                {
                                    "Node Type": "Bitmap Heap Scan",
                                    "Parent Relationship": "Outer",
                                    "Parallel Aware": true,
                                    "Relation Name": "movie_companies",
                                    "Schema": "public",
                                    "Alias": "mc",
                                    "Startup Cost": 2633.63,
                                    "Total Cost": 21913.33,
                                    "Plan Rows": 39176,
                                    "Plan Width": 0,
                                    "Actual Startup Time": 2.889,
                                    "Actual Total Time": 21.91,
                                    "Actual Rows": 31097,
                                    "Actual Loops": 4,
                                    "Recheck Cond": "(mc.company_id > 144121)",
                                    "Rows Removed by Index Recheck": 0,
                                    "Exact Heap Blocks": 1975,
                                    "Lossy Heap Blocks": 0,
                                    "Workers": [
                                        {
                                            "Worker Number": 0,
                                            "Actual Startup Time": 0.163,
                                            "Actual Total Time": 19.431,
                                            "Actual Rows": 18611,
                                            "Actual Loops": 1
                                        },
                                        {
                                            "Worker Number": 1,
                                            "Actual Startup Time": 0.198,
                                            "Actual Total Time": 19.706,
                                            "Actual Rows": 18664,
                                            "Actual Loops": 1
                                        },
                                        {
                                            "Worker Number": 2,
                                            "Actual Startup Time": 0.578,
                                            "Actual Total Time": 19.885,
                                            "Actual Rows": 18885,
                                            "Actual Loops": 1
                                        }
                                    ],
                                    "Plans": [
                                        {
                                            "Node Type": "Bitmap Index Scan",
                                            "Parent Relationship": "Outer",
                                            "Parallel Aware": false,
                                            "Index Name": "company_id_movie_companies",
                                            "Startup Cost": 0.0,
                                            "Total Cost": 2603.27,
                                            "Plan Rows": 121445,
                                            "Plan Width": 0,
                                            "Actual Startup Time": 9.487,
                                            "Actual Total Time": 9.488,
                                            "Actual Rows": 124387,
                                            "Actual Loops": 1,
                                            "Index Cond": "(mc.company_id > 144121)"
                                        }
                                    ]
                                }
                            ]
                        }
                    ]
                }
            ]
        },
        "Planning Time": 211.848,
        "Triggers": [],
        "Execution Time": 35.781
    }
]