[
  {
    "Plan": {
      "Node Type": "Aggregate",
      "Strategy": "Plain",
      "Partial Mode": "Simple",
      "Parallel Aware": false,
      "Startup Cost": 20666.43,
      "Total Cost": 20666.44,
      "Plan Rows": 1,
      "Plan Width": 8,
      "Actual Startup Time": 30.42,
      "Actual Total Time": 30.421,
      "Actual Rows": 1,
      "Actual Loops": 1,
      "Plans": [
        {
          "Node Type": "Bitmap Heap Scan",
          "Parent Relationship": "Outer",
          "Parallel Aware": false,
          "Relation Name": "movie_companies",
          "Alias": "mc",
          "Startup Cost": 1108.96,
          "Total Cost": 20538.52,
          "Plan Rows": 51165,
          "Plan Width": 0,
          "Actual Startup Time": 7.556,
          "Actual Total Time": 25.109,
          "Actual Rows": 48542,
          "Actual Loops": 1,
          "Recheck Cond": "(company_id > 192592)",
          "Rows Removed by Index Recheck": 0,
          "Exact Heap Blocks": 1821,
          "Lossy Heap Blocks": 0,
          "Plans": [
            {
              "Node Type": "Bitmap Index Scan",
              "Parent Relationship": "Outer",
              "Parallel Aware": false,
              "Index Name": "company_id_movie_companies",
              "Startup Cost": 0.0,
              "Total Cost": 1096.17,
              "Plan Rows": 51165,
              "Plan Width": 0,
              "Actual Startup Time": 6.796,
              "Actual Total Time": 6.796,
              "Actual Rows": 48542,
              "Actual Loops": 1,
              "Index Cond": "(company_id > 192592)"
            }
          ]
        }
      ]
    },
    "Planning Time": 0.174,
    "Triggers": [],
    "Execution Time": 30.485
  }
]