[
  {
    "Plan": {
      "Node Type": "Aggregate",
      "Strategy": "Plain",
      "Partial Mode": "Finalize",
      "Parallel Aware": false,
      "Startup Cost": 45987.65,
      "Total Cost": 45987.66,
      "Plan Rows": 1,
      "Plan Width": 8,
      "Actual Startup Time": 163.392,
      "Actual Total Time": 172.374,
      "Actual Rows": 1,
      "Actual Loops": 1,
      "Plans": [
        {
          "Node Type": "Gather",
          "Parent Relationship": "Outer",
          "Parallel Aware": false,
          "Startup Cost": 45987.33,
          "Total Cost": 45987.64,
          "Plan Rows": 3,
          "Plan Width": 8,
          "Actual Startup Time": 163.263,
          "Actual Total Time": 172.363,
          "Actual Rows": 4,
          "Actual Loops": 1,
          "Workers Planned": 3,
          "Workers Launched": 3,
          "Single Copy": false,
          "Plans": [
            {
              "Node Type": "Aggregate",
              "Strategy": "Plain",
              "Partial Mode": "Partial",
              "Parent Relationship": "Outer",
              "Parallel Aware": false,
              "Startup Cost": 44987.33,
              "Total Cost": 44987.34,
              "Plan Rows": 1,
              "Plan Width": 8,
              "Actual Startup Time": 156.625,
              "Actual Total Time": 156.626,
              "Actual Rows": 1,
              "Actual Loops": 4,
              "Plans": [
                {
                  "Node Type": "Seq Scan",
                  "Parent Relationship": "Outer",
                  "Parallel Aware": true,
                  "Relation Name": "movie_keyword",
                  "Alias": "mk",
                  "Startup Cost": 0.0,
                  "Total Cost": 42695.65,
                  "Plan Rows": 916671,
                  "Plan Width": 0,
                  "Actual Startup Time": 0.051,
                  "Actual Total Time": 122.98,
                  "Actual Rows": 714124,
                  "Actual Loops": 4,
                  "Filter": "(keyword_id < 8720)",
                  "Rows Removed by Filter": 416858
                }
              ]
            }
          ]
        }
      ]
    },
    "Planning Time": 0.162,
    "Triggers": [],
    "Execution Time": 172.421
  }
]