[
  {
    "Plan": {
      "Node Type": "Aggregate",
      "Strategy": "Plain",
      "Partial Mode": "Finalize",
      "Parallel Aware": false,
      "Startup Cost": 41576.88,
      "Total Cost": 41576.89,
      "Plan Rows": 1,
      "Plan Width": 8,
      "Actual Startup Time": 169.9,
      "Actual Total Time": 179.456,
      "Actual Rows": 1,
      "Actual Loops": 1,
      "Plans": [
        {
          "Node Type": "Gather",
          "Parent Relationship": "Outer",
          "Parallel Aware": false,
          "Startup Cost": 41576.57,
          "Total Cost": 41576.88,
          "Plan Rows": 3,
          "Plan Width": 8,
          "Actual Startup Time": 169.564,
          "Actual Total Time": 179.446,
          "Actual Rows": 4,
          "Actual Loops": 1,
          "Workers Planned": 3,
          "Workers Launched": 3,
          "Single Copy": false,
          "Plans": [
            {
              "Node Type": "Aggregate",
              "Strategy": "Plain",
              "Partial Mode": "Partial",
              "Parent Relationship": "Outer",
              "Parallel Aware": false,
              "Startup Cost": 40576.57,
              "Total Cost": 40576.58,
              "Plan Rows": 1,
              "Plan Width": 8,
              "Actual Startup Time": 162.037,
              "Actual Total Time": 162.039,
              "Actual Rows": 1,
              "Actual Loops": 4,
              "Plans": [
                {
                  "Node Type": "Bitmap Heap Scan",
                  "Parent Relationship": "Outer",
                  "Parallel Aware": true,
                  "Relation Name": "movie_keyword",
                  "Alias": "mk",
                  "Startup Cost": 13128.28,
                  "Total Cost": 40077.52,
                  "Plan Rows": 199619,
                  "Plan Width": 0,
                  "Actual Startup Time": 62.791,
                  "Actual Total Time": 150.973,
                  "Actual Rows": 152306,
                  "Actual Loops": 4,
                  "Recheck Cond": "(keyword_id > 30294)",
                  "Rows Removed by Index Recheck": 0,
                  "Exact Heap Blocks": 8169,
                  "Lossy Heap Blocks": 0,
                  "Plans": [
                    {
                      "Node Type": "Bitmap Index Scan",
                      "Parent Relationship": "Outer",
                      "Parallel Aware": false,
                      "Index Name": "keyword_id_movie_keyword",
                      "Startup Cost": 0.0,
                      "Total Cost": 12973.58,
                      "Plan Rows": 618819,
                      "Plan Width": 0,
                      "Actual Startup Time": 63.998,
                      "Actual Total Time": 63.998,
                      "Actual Rows": 609222,
                      "Actual Loops": 1,
                      "Index Cond": "(keyword_id > 30294)"
                    }
                  ]
                }
              ]
            }
          ]
        }
      ]
    },
    "Planning Time": 0.129,
    "Triggers": [],
    "Execution Time": 179.511
  }
]