[
  {
    "Plan": {
      "Node Type": "Aggregate",
      "Strategy": "Plain",
      "Partial Mode": "Simple",
      "Parallel Aware": false,
      "Startup Cost": 20413.9,
      "Total Cost": 20413.91,
      "Plan Rows": 1,
      "Plan Width": 8,
      "Actual Startup Time": 16.538,
      "Actual Total Time": 16.539,
      "Actual Rows": 1,
      "Actual Loops": 1,
      "Plans": [
        {
          "Node Type": "Bitmap Heap Scan",
          "Parent Relationship": "Outer",
          "Parallel Aware": false,
          "Relation Name": "movie_companies",
          "Alias": "mc",
          "Startup Cost": 760.44,
          "Total Cost": 20369.01,
          "Plan Rows": 17957,
          "Plan Width": 0,
          "Actual Startup Time": 15.662,
          "Actual Total Time": 16.489,
          "Actual Rows": 619,
          "Actual Loops": 1,
          "Recheck Cond": "(company_id = 160)",
          "Rows Removed by Index Recheck": 0,
          "Filter": "(company_type_id > 1)",
          "Rows Removed by Filter": 35517,
          "Exact Heap Blocks": 4319,
          "Lossy Heap Blocks": 0,
          "Plans": [
            {
              "Node Type": "Bitmap Index Scan",
              "Parent Relationship": "Outer",
              "Parallel Aware": false,
              "Index Name": "company_id_movie_companies",
              "Startup Cost": 0.0,
              "Total Cost": 755.95,
              "Plan Rows": 35136,
              "Plan Width": 0,
              "Actual Startup Time": 4.031,
              "Actual Total Time": 4.031,
              "Actual Rows": 36136,
              "Actual Loops": 1,
              "Index Cond": "(company_id = 160)"
            }
          ]
        }
      ]
    },
    "Planning Time": 0.21,
    "Triggers": [],
    "Execution Time": 16.601
  }
]