[
  {
    "Plan": {
      "Node Type": "Aggregate",
      "Strategy": "Plain",
      "Partial Mode": "Finalize",
      "Parallel Aware": false,
      "Startup Cost": 76799.07,
      "Total Cost": 76799.08,
      "Plan Rows": 1,
      "Plan Width": 8,
      "Actual Startup Time": 298.985,
      "Actual Total Time": 314.796,
      "Actual Rows": 1,
      "Actual Loops": 1,
      "Plans": [
        {
          "Node Type": "Gather",
          "Parent Relationship": "Outer",
          "Parallel Aware": false,
          "Startup Cost": 76798.65,
          "Total Cost": 76799.06,
          "Plan Rows": 4,
          "Plan Width": 8,
          "Actual Startup Time": 295.17,
          "Actual Total Time": 314.784,
          "Actual Rows": 5,
          "Actual Loops": 1,
          "Workers Planned": 4,
          "Workers Launched": 4,
          "Single Copy": false,
          "Plans": [
            {
              "Node Type": "Aggregate",
              "Strategy": "Plain",
              "Partial Mode": "Partial",
              "Parent Relationship": "Outer",
              "Parallel Aware": false,
              "Startup Cost": 75798.65,
              "Total Cost": 75798.66,
              "Plan Rows": 1,
              "Plan Width": 8,
              "Actual Startup Time": 285.213,
              "Actual Total Time": 285.217,
              "Actual Rows": 1,
              "Actual Loops": 5,
              "Plans": [
                {
                  "Node Type": "Hash Join",
                  "Parent Relationship": "Outer",
                  "Parallel Aware": true,
                  "Join Type": "Inner",
                  "Startup Cost": 30040.08,
                  "Total Cost": 75676.63,
                  "Plan Rows": 48809,
                  "Plan Width": 0,
                  "Actual Startup Time": 121.234,
                  "Actual Total Time": 281.996,
                  "Actual Rows": 60026,
                  "Actual Loops": 5,
                  "Inner Unique": false,
                  "Hash Cond": "(t.id = mc.movie_id)",
                  "Plans": [
                    {
                      "Node Type": "Seq Scan",
                      "Parent Relationship": "Outer",
                      "Parallel Aware": true,
                      "Relation Name": "title",
                      "Alias": "t",
                      "Startup Cost": 0.0,
                      "Total Cost": 42318.73,
                      "Plan Rows": 632073,
                      "Plan Width": 4,
                      "Actual Startup Time": 0.011,
                      "Actual Total Time": 66.925,
                      "Actual Rows": 505662,
                      "Actual Loops": 5
                    },
                    {
                      "Node Type": "Hash",
                      "Parent Relationship": "Inner",
                      "Parallel Aware": true,
                      "Startup Cost": 29252.85,
                      "Total Cost": 29252.85,
                      "Plan Rows": 62979,
                      "Plan Width": 4,
                      "Actual Startup Time": 119.303,
                      "Actual Total Time": 119.305,
                      "Actual Rows": 60026,
                      "Actual Loops": 5,
                      "Hash Buckets": 524288,
                      "Original Hash Buckets": 262144,
                      "Hash Batches": 1,
                      "Original Hash Batches": 1,
                      "Peak Memory Usage": 17952,
                      "Plans": [
                        {
                          "Node Type": "Bitmap Heap Scan",
                          "Parent Relationship": "Outer",
                          "Parallel Aware": true,
                          "Relation Name": "movie_companies",
                          "Alias": "mc",
                          "Startup Cost": 8543.78,
                          "Total Cost": 29252.85,
                          "Plan Rows": 62979,
                          "Plan Width": 4,
                          "Actual Startup Time": 34.043,
                          "Actual Total Time": 84.334,
                          "Actual Rows": 60026,
                          "Actual Loops": 5,
                          "Recheck Cond": "(company_id < 240)",
                          "Rows Removed by Index Recheck": 0,
                          "Filter": "(company_type_id < 2)",
                          "Rows Removed by Filter": 18582,
                          "Exact Heap Blocks": 6538,
                          "Lossy Heap Blocks": 0,
                          "Plans": [
                            {
                              "Node Type": "Bitmap Index Scan",
                              "Parent Relationship": "Outer",
                              "Parallel Aware": false,
                              "Index Name": "company_id_movie_companies",
                              "Startup Cost": 0.0,
                              "Total Cost": 8494.98,
                              "Plan Rows": 396606,
                              "Plan Width": 0,
                              "Actual Startup Time": 33.654,
                              "Actual Total Time": 33.654,
                              "Actual Rows": 393040,
                              "Actual Loops": 1,
                              "Index Cond": "(company_id < 240)"
                            }
                          ]
                        }
                      ]
                    }
                  ]
                }
              ]
            }
          ]
        }
      ]
    },
    "Planning Time": 0.598,
    "Triggers": [],
    "Execution Time": 314.886
  }
]