{
  "Plan": {
    "Node Type": "Aggregate",
    "Strategy": "Plain",
    "Partial Mode": "Finalize",
    "Parallel Aware": false,
    "Startup Cost": 650033.89,
    "Total Cost": 650033.9,
    "Plan Rows": 1,
    "Plan Width": 64,
    "Actual Startup Time": 7754.261,
    "Actual Total Time": 7816.268,
    "Actual Rows": 1,
    "Actual Loops": 1,
    "Plans": [
      {
        "Node Type": "Gather",
        "Parent Relationship": "Outer",
        "Parallel Aware": false,
        "Startup Cost": 650033.77,
        "Total Cost": 650033.88,
        "Plan Rows": 1,
        "Plan Width": 64,
        "Actual Startup Time": 7733.974,
        "Actual Total Time": 7816.257,
        "Actual Rows": 2,
        "Actual Loops": 1,
        "Workers Planned": 1,
        "Workers Launched": 1,
        "Single Copy": false,
        "Plans": [
          {
            "Node Type": "Aggregate",
            "Strategy": "Plain",
            "Partial Mode": "Partial",
            "Parent Relationship": "Outer",
            "Parallel Aware": false,
            "Startup Cost": 649033.77,
            "Total Cost": 649033.78,
            "Plan Rows": 1,
            "Plan Width": 64,
            "Actual Startup Time": 7724.826,
            "Actual Total Time": 7724.838,
            "Actual Rows": 1,
            "Actual Loops": 2,
            "Plans": [
              {
                "Node Type": "Hash Join",
                "Parent Relationship": "Outer",
                "Parallel Aware": true,
                "Join Type": "Inner",
                "Startup Cost": 406301.84,
                "Total Cost": 648308.52,
                "Plan Rows": 145050,
                "Plan Width": 33,
                "Actual Startup Time": 4136.845,
                "Actual Total Time": 7599.247,
                "Actual Rows": 1243806,
                "Actual Loops": 2,
                "Inner Unique": true,
                "Hash Cond": "(mc.company_id = cn.id)",
                "Plans": [
                  {
                    "Node Type": "Nested Loop",
                    "Parent Relationship": "Outer",
                    "Parallel Aware": false,
                    "Join Type": "Inner",
                    "Startup Cost": 400947.07,
                    "Total Cost": 641912.47,
                    "Plan Rows": 396671,
                    "Plan Width": 37,
                    "Actual Startup Time": 4093.599,
                    "Actual Total Time": 7203.031,
                    "Actual Rows": 2480714,
                    "Actual Loops": 2,
                    "Inner Unique": false,
                    "Plans": [
                      {
                        "Node Type": "Hash Join",
                        "Parent Relationship": "Outer",
                        "Parallel Aware": true,
                        "Join Type": "Inner",
                        "Startup Cost": 400946.64,
                        "Total Cost": 422556.93,
                        "Plan Rows": 384414,
                        "Plan Width": 41,
                        "Actual Startup Time": 4093.49,
                        "Actual Total Time": 4528.326,
                        "Actual Rows": 1171862,
                        "Actual Loops": 2,
                        "Inner Unique": false,
                        "Hash Cond": "(a1.person_id = n1.id)",
                        "Plans": [
                          {
                            "Node Type": "Seq Scan",
                            "Parent Relationship": "Outer",
                            "Parallel Aware": true,
                            "Relation Name": "aka_name",
                            "Alias": "a1",
                            "Startup Cost": 0.0,
                            "Total Cost": 16698.02,
                            "Plan Rows": 530202,
                            "Plan Width": 20,
                            "Actual Startup Time": 0.011,
                            "Actual Total Time": 41.466,
                            "Actual Rows": 450672,
                            "Actual Loops": 2
                          },
                          {
                            "Node Type": "Hash",
                            "Parent Relationship": "Inner",
                            "Parallel Aware": true,
                            "Startup Cost": 378729.84,
                            "Total Cost": 378729.84,
                            "Plan Rows": 1777344,
                            "Plan Width": 33,
                            "Actual Startup Time": 4080.092,
                            "Actual Total Time": 4080.1,
                            "Actual Rows": 1364472,
                            "Actual Loops": 2,
                            "Hash Buckets": 4194304,
                            "Original Hash Buckets": 4194304,
                            "Hash Batches": 1,
                            "Original Hash Batches": 1,
                            "Peak Memory Usage": 215840,
                            "Plans": [
                              {
                                "Node Type": "Hash Join",
                                "Parent Relationship": "Outer",
                                "Parallel Aware": true,
                                "Join Type": "Inner",
                                "Startup Cost": 296123.3,
                                "Total Cost": 378729.84,
                                "Plan Rows": 1777344,
                                "Plan Width": 33,
                                "Actual Startup Time": 2089.355,
                                "Actual Total Time": 3566.841,
                                "Actual Rows": 1364472,
                                "Actual Loops": 2,
                                "Inner Unique": true,
                                "Hash Cond": "(ci.person_id = n1.id)",
                                "Plans": [
                                  {
                                    "Node Type": "Hash Join",
                                    "Parent Relationship": "Outer",
                                    "Parallel Aware": false,
                                    "Join Type": "Inner",
                                    "Startup Cost": 185353.84,
                                    "Total Cost": 263294.85,
                                    "Plan Rows": 1777344,
                                    "Plan Width": 29,
                                    "Actual Startup Time": 1244.379,
                                    "Actual Total Time": 2179.486,
                                    "Actual Rows": 1364472,
                                    "Actual Loops": 2,
                                    "Inner Unique": false,
                                    "Hash Cond": "(t.id = ci.movie_id)",
                                    "Plans": [
                                      {
                                        "Node Type": "Seq Scan",
                                        "Parent Relationship": "Outer",
                                        "Parallel Aware": true,
                                        "Relation Name": "title",
                                        "Alias": "t",
                                        "Startup Cost": 0.0,
                                        "Total Cost": 50871.58,
                                        "Plan Rows": 1487358,
                                        "Plan Width": 21,
                                        "Actual Startup Time": 0.006,
                                        "Actual Total Time": 131.61,
                                        "Actual Rows": 1264156,
                                        "Actual Loops": 2
                                      },
                                      {
                                        "Node Type": "Hash",
                                        "Parent Relationship": "Inner",
                                        "Parallel Aware": false,
                                        "Startup Cost": 147585.28,
                                        "Total Cost": 147585.28,
                                        "Plan Rows": 3021485,
                                        "Plan Width": 8,
                                        "Actual Startup Time": 1229.044,
                                        "Actual Total Time": 1229.046,
                                        "Actual Rows": 2728943,
                                        "Actual Loops": 2,
                                        "Hash Buckets": 4194304,
                                        "Original Hash Buckets": 4194304,
                                        "Hash Batches": 1,
                                        "Original Hash Batches": 1,
                                        "Peak Memory Usage": 139368,
                                        "Plans": [
                                          {
                                            "Node Type": "Nested Loop",
                                            "Parent Relationship": "Outer",
                                            "Parallel Aware": false,
                                            "Join Type": "Inner",
                                            "Startup Cost": 0.56,
                                            "Total Cost": 147585.28,
                                            "Plan Rows": 3021485,
                                            "Plan Width": 8,
                                            "Actual Startup Time": 0.097,
                                            "Actual Total Time": 607.234,
                                            "Actual Rows": 2728943,
                                            "Actual Loops": 2,
                                            "Inner Unique": false,
                                            "Plans": [
                                              {
                                                "Node Type": "Seq Scan",
                                                "Parent Relationship": "Outer",
                                                "Parallel Aware": false,
                                                "Relation Name": "role_type",
                                                "Alias": "rt",
                                                "Startup Cost": 0.0,
                                                "Total Cost": 1.15,
                                                "Plan Rows": 1,
                                                "Plan Width": 4,
                                                "Actual Startup Time": 0.034,
                                                "Actual Total Time": 0.041,
                                                "Actual Rows": 1,
                                                "Actual Loops": 2,
                                                "Filter": "((role)::text = 'writer'::text)",
                                                "Rows Removed by Filter": 11
                                              },
                                              {
                                                "Node Type": "Index Scan",
                                                "Parent Relationship": "Inner",
                                                "Parallel Aware": false,
                                                "Scan Direction": "Forward",
                                                "Index Name": "role_id_cast_info",
                                                "Relation Name": "cast_info",
                                                "Alias": "ci",
                                                "Startup Cost": 0.56,
                                                "Total Cost": 114622.47,
                                                "Plan Rows": 3296166,
                                                "Plan Width": 12,
                                                "Actual Startup Time": 0.057,
                                                "Actual Total Time": 373.323,
                                                "Actual Rows": 2728943,
                                                "Actual Loops": 2,
                                                "Index Cond": "(role_id = rt.id)",
                                                "Rows Removed by Index Recheck": 0
                                              }
                                            ]
                                          }
                                        ]
                                      }
                                    ]
                                  },
                                  {
                                    "Node Type": "Hash",
                                    "Parent Relationship": "Inner",
                                    "Parallel Aware": true,
                                    "Startup Cost": 80126.98,
                                    "Total Cost": 80126.98,
                                    "Plan Rows": 2451398,
                                    "Plan Width": 4,
                                    "Actual Startup Time": 831.996,
                                    "Actual Total Time": 831.996,
                                    "Actual Rows": 2083746,
                                    "Actual Loops": 2,
                                    "Hash Buckets": 4194304,
                                    "Original Hash Buckets": 4194304,
                                    "Hash Batches": 1,
                                    "Original Hash Batches": 1,
                                    "Peak Memory Usage": 195840,
                                    "Plans": [
                                      {
                                        "Node Type": "Seq Scan",
                                        "Parent Relationship": "Outer",
                                        "Parallel Aware": true,
                                        "Relation Name": "name",
                                        "Alias": "n1",
                                        "Startup Cost": 0.0,
                                        "Total Cost": 80126.98,
                                        "Plan Rows": 2451398,
                                        "Plan Width": 4,
                                        "Actual Startup Time": 0.053,
                                        "Actual Total Time": 244.528,
                                        "Actual Rows": 2083746,
                                        "Actual Loops": 2
                                      }
                                    ]
                                  }
                                ]
                              }
                            ]
                          }
                        ]
                      },
                      {
                        "Node Type": "Index Scan",
                        "Parent Relationship": "Inner",
                        "Parallel Aware": false,
                        "Scan Direction": "Forward",
                        "Index Name": "movie_id_movie_companies",
                        "Relation Name": "movie_companies",
                        "Alias": "mc",
                        "Startup Cost": 0.43,
                        "Total Cost": 0.52,
                        "Plan Rows": 5,
                        "Plan Width": 8,
                        "Actual Startup Time": 0.002,
                        "Actual Total Time": 0.002,
                        "Actual Rows": 2,
                        "Actual Loops": 2343724,
                        "Index Cond": "(movie_id = ci.movie_id)",
                        "Rows Removed by Index Recheck": 0
                      }
                    ]
                  },
                  {
                    "Node Type": "Hash",
                    "Parent Relationship": "Inner",
                    "Parallel Aware": true,
                    "Startup Cost": 4722.92,
                    "Total Cost": 4722.92,
                    "Plan Rows": 50548,
                    "Plan Width": 4,
                    "Actual Startup Time": 40.754,
                    "Actual Total Time": 40.755,
                    "Actual Rows": 42422,
                    "Actual Loops": 2,
                    "Hash Buckets": 131072,
                    "Original Hash Buckets": 131072,
                    "Hash Batches": 1,
                    "Original Hash Batches": 1,
                    "Peak Memory Usage": 4352,
                    "Plans": [
                      {
                        "Node Type": "Seq Scan",
                        "Parent Relationship": "Outer",
                        "Parallel Aware": true,
                        "Relation Name": "company_name",
                        "Alias": "cn",
                        "Startup Cost": 0.0,
                        "Total Cost": 4722.92,
                        "Plan Rows": 50548,
                        "Plan Width": 4,
                        "Actual Startup Time": 0.048,
                        "Actual Total Time": 27.227,
                        "Actual Rows": 42422,
                        "Actual Loops": 2,
                        "Filter": "((country_code)::text = '[us]'::text)",
                        "Rows Removed by Filter": 75077
                      }
                    ]
                  }
                ]
              }
            ]
          }
        ]
      }
    ]
  },
  "Planning Time": 2.101,
  "Triggers": [],
  "Execution Time": 7818.257
}