[
  {
    "Plan": {
      "Node Type": "Aggregate",
      "Strategy": "Plain",
      "Partial Mode": "Finalize",
      "Parallel Aware": false,
      "Startup Cost": 302214.73,
      "Total Cost": 302214.74,
      "Plan Rows": 1,
      "Plan Width": 8,
      "Actual Startup Time": 202.52,
      "Actual Total Time": 211.347,
      "Actual Rows": 1,
      "Actual Loops": 1,
      "Plans": [
        {
          "Node Type": "Gather",
          "Parent Relationship": "Outer",
          "Parallel Aware": false,
          "Startup Cost": 302214.1,
          "Total Cost": 302214.71,
          "Plan Rows": 6,
          "Plan Width": 8,
          "Actual Startup Time": 201.743,
          "Actual Total Time": 211.338,
          "Actual Rows": 7,
          "Actual Loops": 1,
          "Workers Planned": 6,
          "Workers Launched": 6,
          "Single Copy": false,
          "Plans": [
            {
              "Node Type": "Aggregate",
              "Strategy": "Plain",
              "Partial Mode": "Partial",
              "Parent Relationship": "Outer",
              "Parallel Aware": false,
              "Startup Cost": 301214.1,
              "Total Cost": 301214.11,
              "Plan Rows": 1,
              "Plan Width": 8,
              "Actual Startup Time": 192.797,
              "Actual Total Time": 192.799,
              "Actual Rows": 1,
              "Actual Loops": 7,
              "Plans": [
                {
                  "Node Type": "Bitmap Heap Scan",
                  "Parent Relationship": "Outer",
                  "Parallel Aware": true,
                  "Relation Name": "cast_info",
                  "Alias": "ci",
                  "Startup Cost": 43097.18,
                  "Total Cost": 300683.63,
                  "Plan Rows": 212190,
                  "Plan Width": 0,
                  "Actual Startup Time": 156.902,
                  "Actual Total Time": 188.39,
                  "Actual Rows": 81957,
                  "Actual Loops": 7,
                  "Recheck Cond": "(person_id < 197680)",
                  "Rows Removed by Index Recheck": 0,
                  "Filter": "(role_id > 1)",
                  "Rows Removed by Filter": 206185,
                  "Exact Heap Blocks": 4264,
                  "Lossy Heap Blocks": 0,
                  "Plans": [
                    {
                      "Node Type": "Bitmap Index Scan",
                      "Parent Relationship": "Outer",
                      "Parallel Aware": false,
                      "Index Name": "person_id_cast_info",
                      "Startup Cost": 0.0,
                      "Total Cost": 42778.9,
                      "Plan Rows": 1959778,
                      "Plan Width": 0,
                      "Actual Startup Time": 101.839,
                      "Actual Total Time": 101.84,
                      "Actual Rows": 2016994,
                      "Actual Loops": 1,
                      "Index Cond": "(person_id < 197680)"
                    }
                  ]
                }
              ]
            }
          ]
        }
      ]
    },
    "Planning Time": 0.134,
    "Triggers": [],
    "Execution Time": 211.395
  }
]