[
  {
    "Plan": {
      "Node Type": "Aggregate",
      "Strategy": "Plain",
      "Partial Mode": "Finalize",
      "Parallel Aware": false,
      "Startup Cost": 31310.08,
      "Total Cost": 31310.09,
      "Plan Rows": 1,
      "Plan Width": 8,
      "Actual Startup Time": 102.139,
      "Actual Total Time": 108.363,
      "Actual Rows": 1,
      "Actual Loops": 1,
      "Plans": [
        {
          "Node Type": "Gather",
          "Parent Relationship": "Outer",
          "Parallel Aware": false,
          "Startup Cost": 31309.76,
          "Total Cost": 31310.07,
          "Plan Rows": 3,
          "Plan Width": 8,
          "Actual Startup Time": 102.029,
          "Actual Total Time": 108.355,
          "Actual Rows": 4,
          "Actual Loops": 1,
          "Workers Planned": 3,
          "Workers Launched": 3,
          "Single Copy": false,
          "Plans": [
            {
              "Node Type": "Aggregate",
              "Strategy": "Plain",
              "Partial Mode": "Partial",
              "Parent Relationship": "Outer",
              "Parallel Aware": false,
              "Startup Cost": 30309.76,
              "Total Cost": 30309.77,
              "Plan Rows": 1,
              "Plan Width": 8,
              "Actual Startup Time": 94.812,
              "Actual Total Time": 94.813,
              "Actual Rows": 1,
              "Actual Loops": 4,
              "Plans": [
                {
                  "Node Type": "Seq Scan",
                  "Parent Relationship": "Outer",
                  "Parallel Aware": true,
                  "Relation Name": "movie_companies",
                  "Alias": "mc",
                  "Startup Cost": 0.0,
                  "Total Cost": 29310.68,
                  "Plan Rows": 399633,
                  "Plan Width": 0,
                  "Actual Startup Time": 21.157,
                  "Actual Total Time": 80.878,
                  "Actual Rows": 310690,
                  "Actual Loops": 4,
                  "Filter": "(company_id > 11749)",
                  "Rows Removed by Filter": 341592
                }
              ]
            }
          ]
        }
      ]
    },
    "Planning Time": 0.195,
    "Triggers": [],
    "Execution Time": 108.419
  }
]